<?xml version="1.0" encoding="UTF-8"?>
<testsuite xmlns:xsi="http://www.w3.org/2001/XMLSchema-instance" xsi:noNamespaceSchemaLocation="https://maven.apache.org/surefire/maven-surefire-plugin/xsd/surefire-test-report.xsd" name="org.apache.hadoop.ozone.client.rpc.TestMultiBlockWritesWithDnFailures" time="119.558" tests="2" errors="0" skipped="0" failures="1">
  <properties>
    <property name="awt.toolkit" value="sun.awt.X11.XToolkit"/>
    <property name="file.encoding.pkg" value="sun.io"/>
    <property name="java.specification.version" value="1.8"/>
    <property name="sun.cpu.isalist" value=""/>
    <property name="sun.jnu.encoding" value="ANSI_X3.4-1968"/>
    <property name="java.class.path" value="/workdir/hadoop-ozone/integration-test/target/test-classes:/workdir/hadoop-ozone/integration-test/target/classes:/home/user/.m2/repository/org/apache/hadoop/hadoop-ozone-common/0.5.0-SNAPSHOT/hadoop-ozone-common-0.5.0-SNAPSHOT.jar:/home/user/.m2/repository/org/apache/commons/commons-compress/1.4.1/commons-compress-1.4.1.jar:/home/user/.m2/repository/org/tukaani/xz/1.0/xz-1.0.jar:/home/user/.m2/repository/org/apache/hadoop/hadoop-common/3.2.0/hadoop-common-3.2.0.jar:/home/user/.m2/repository/org/apache/hadoop/hadoop-hdfs/3.2.0/hadoop-hdfs-3.2.0.jar:/home/user/.m2/repository/org/apache/hadoop/hadoop-hdfs-client/3.2.0/hadoop-hdfs-client-3.2.0.jar:/home/user/.m2/repository/com/fasterxml/jackson/core/jackson-annotations/2.9.9/jackson-annotations-2.9.9.jar:/home/user/.m2/repository/org/apache/hadoop/hadoop-hdds-common/0.5.0-SNAPSHOT/hadoop-hdds-common-0.5.0-SNAPSHOT.jar:/home/user/.m2/repository/javax/annotation/javax.annotation-api/1.2/javax.annotation-api-1.2.jar:/home/user/.m2/repository/org/apache/ratis/ratis-server/0.5.0-3f446aa-SNAPSHOT/ratis-server-0.5.0-3f446aa-SNAPSHOT.jar:/home/user/.m2/repository/org/apache/ratis/ratis-thirdparty-misc/0.2.0/ratis-thirdparty-misc-0.2.0.jar:/home/user/.m2/repository/org/apache/ratis/ratis-proto/0.5.0-3f446aa-SNAPSHOT/ratis-proto-0.5.0-3f446aa-SNAPSHOT.jar:/home/user/.m2/repository/org/apache/ratis/ratis-common/0.5.0-3f446aa-SNAPSHOT/ratis-common-0.5.0-3f446aa-SNAPSHOT.jar:/home/user/.m2/repository/org/apache/ratis/ratis-client/0.5.0-3f446aa-SNAPSHOT/ratis-client-0.5.0-3f446aa-SNAPSHOT.jar:/home/user/.m2/repository/org/apache/ratis/ratis-metrics/0.5.0-3f446aa-SNAPSHOT/ratis-metrics-0.5.0-3f446aa-SNAPSHOT.jar:/home/user/.m2/repository/com/github/joshelser/dropwizard-metrics-hadoop-metrics2-reporter/0.1.2/dropwizard-metrics-hadoop-metrics2-reporter-0.1.2.jar:/home/user/.m2/repository/io/dropwizard/metrics/metrics-jvm/3.2.5/metrics-jvm-3.2.5.jar:/home/user/.m2/repository/io/dropwizard/metrics/metrics-ganglia/3.2.5/metrics-ganglia-3.2.5.jar:/home/user/.m2/repository/info/ganglia/gmetric4j/gmetric4j/1.0.7/gmetric4j-1.0.7.jar:/home/user/.m2/repository/org/apache/ratis/ratis-netty/0.5.0-3f446aa-SNAPSHOT/ratis-netty-0.5.0-3f446aa-SNAPSHOT.jar:/home/user/.m2/repository/org/apache/ratis/ratis-grpc/0.5.0-3f446aa-SNAPSHOT/ratis-grpc-0.5.0-3f446aa-SNAPSHOT.jar:/home/user/.m2/repository/org/rocksdb/rocksdbjni/6.0.1/rocksdbjni-6.0.1.jar:/home/user/.m2/repository/org/apache/logging/log4j/log4j-api/2.11.0/log4j-api-2.11.0.jar:/home/user/.m2/repository/org/apache/logging/log4j/log4j-core/2.11.0/log4j-core-2.11.0.jar:/home/user/.m2/repository/com/lmax/disruptor/3.4.2/disruptor-3.4.2.jar:/home/user/.m2/repository/org/apache/commons/commons-pool2/2.6.0/commons-pool2-2.6.0.jar:/home/user/.m2/repository/org/bouncycastle/bcpkix-jdk15on/1.60/bcpkix-jdk15on-1.60.jar:/home/user/.m2/repository/commons-validator/commons-validator/1.6/commons-validator-1.6.jar:/home/user/.m2/repository/commons-digester/commons-digester/1.8.1/commons-digester-1.8.1.jar:/home/user/.m2/repository/io/jaegertracing/jaeger-client/0.34.0/jaeger-client-0.34.0.jar:/home/user/.m2/repository/io/jaegertracing/jaeger-thrift/0.34.0/jaeger-thrift-0.34.0.jar:/home/user/.m2/repository/org/apache/thrift/libthrift/0.12.0/libthrift-0.12.0.jar:/home/user/.m2/repository/com/squareup/okhttp3/okhttp/3.9.0/okhttp-3.9.0.jar:/home/user/.m2/repository/com/squareup/okio/okio/1.13.0/okio-1.13.0.jar:/home/user/.m2/repository/io/jaegertracing/jaeger-core/0.34.0/jaeger-core-0.34.0.jar:/home/user/.m2/repository/io/jaegertracing/jaeger-tracerresolver/0.34.0/jaeger-tracerresolver-0.34.0.jar:/home/user/.m2/repository/io/opentracing/contrib/opentracing-tracerresolver/0.1.5/opentracing-tracerresolver-0.1.5.jar:/home/user/.m2/repository/io/opentracing/opentracing-util/0.31.0/opentracing-util-0.31.0.jar:/home/user/.m2/repository/io/opentracing/opentracing-api/0.31.0/opentracing-api-0.31.0.jar:/home/user/.m2/repository/io/opentracing/opentracing-noop/0.31.0/opentracing-noop-0.31.0.jar:/home/user/.m2/repository/org/apache/hadoop/hadoop-hdds-server-framework/0.5.0-SNAPSHOT/hadoop-hdds-server-framework-0.5.0-SNAPSHOT.jar:/home/user/.m2/repository/org/apache/hadoop/hadoop-hdds-container-service/0.5.0-SNAPSHOT/hadoop-hdds-container-service-0.5.0-SNAPSHOT.jar:/home/user/.m2/repository/org/apache/hadoop/hadoop-hdds-client/0.5.0-SNAPSHOT/hadoop-hdds-client-0.5.0-SNAPSHOT.jar:/home/user/.m2/repository/org/apache/hadoop/hadoop-hdds-tools/0.5.0-SNAPSHOT/hadoop-hdds-tools-0.5.0-SNAPSHOT.jar:/home/user/.m2/repository/org/apache/hadoop/hadoop-hdds-server-scm/0.5.0-SNAPSHOT/hadoop-hdds-server-scm-0.5.0-SNAPSHOT.jar:/home/user/.m2/repository/org/apache/hadoop/hadoop-hdds-docs/0.5.0-SNAPSHOT/hadoop-hdds-docs-0.5.0-SNAPSHOT.jar:/home/user/.m2/repository/io/dropwizard/metrics/metrics-core/3.2.4/metrics-core-3.2.4.jar:/home/user/.m2/repository/org/hamcrest/hamcrest-all/1.3/hamcrest-all-1.3.jar:/home/user/.m2/repository/org/bouncycastle/bcprov-jdk15on/1.60/bcprov-jdk15on-1.60.jar:/home/user/.m2/repository/info/picocli/picocli/3.9.6/picocli-3.9.6.jar:/home/user/.m2/repository/com/google/protobuf/protobuf-java/2.5.0/protobuf-java-2.5.0.jar:/home/user/.m2/repository/com/google/guava/guava/11.0.2/guava-11.0.2.jar:/home/user/.m2/repository/org/apache/hadoop/hadoop-ozone-ozone-manager/0.5.0-SNAPSHOT/hadoop-ozone-ozone-manager-0.5.0-SNAPSHOT.jar:/home/user/.m2/repository/org/apache/hadoop/hadoop-minikdc/3.2.0/hadoop-minikdc-3.2.0.jar:/home/user/.m2/repository/commons-io/commons-io/2.5/commons-io-2.5.jar:/home/user/.m2/repository/org/apache/kerby/kerb-simplekdc/1.0.1/kerb-simplekdc-1.0.1.jar:/home/user/.m2/repository/org/apache/kerby/kerb-client/1.0.1/kerb-client-1.0.1.jar:/home/user/.m2/repository/org/apache/kerby/kerby-config/1.0.1/kerby-config-1.0.1.jar:/home/user/.m2/repository/org/apache/kerby/kerb-core/1.0.1/kerb-core-1.0.1.jar:/home/user/.m2/repository/org/apache/kerby/kerby-pkix/1.0.1/kerby-pkix-1.0.1.jar:/home/user/.m2/repository/org/apache/kerby/kerby-asn1/1.0.1/kerby-asn1-1.0.1.jar:/home/user/.m2/repository/org/apache/kerby/kerby-util/1.0.1/kerby-util-1.0.1.jar:/home/user/.m2/repository/org/apache/kerby/kerb-common/1.0.1/kerb-common-1.0.1.jar:/home/user/.m2/repository/org/apache/kerby/kerb-crypto/1.0.1/kerb-crypto-1.0.1.jar:/home/user/.m2/repository/org/apache/kerby/kerb-util/1.0.1/kerb-util-1.0.1.jar:/home/user/.m2/repository/org/apache/kerby/token-provider/1.0.1/token-provider-1.0.1.jar:/home/user/.m2/repository/org/apache/kerby/kerb-admin/1.0.1/kerb-admin-1.0.1.jar:/home/user/.m2/repository/org/apache/kerby/kerb-server/1.0.1/kerb-server-1.0.1.jar:/home/user/.m2/repository/org/apache/kerby/kerb-identity/1.0.1/kerb-identity-1.0.1.jar:/home/user/.m2/repository/org/apache/kerby/kerby-xdr/1.0.1/kerby-xdr-1.0.1.jar:/home/user/.m2/repository/org/slf4j/slf4j-log4j12/1.7.25/slf4j-log4j12-1.7.25.jar:/home/user/.m2/repository/org/apache/hadoop/hadoop-ozone-s3gateway/0.5.0-SNAPSHOT/hadoop-ozone-s3gateway-0.5.0-SNAPSHOT.jar:/home/user/.m2/repository/org/jboss/weld/servlet/weld-servlet/2.4.7.Final/weld-servlet-2.4.7.Final.jar:/home/user/.m2/repository/org/glassfish/jersey/containers/jersey-container-servlet-core/2.27/jersey-container-servlet-core-2.27.jar:/home/user/.m2/repository/org/glassfish/hk2/external/javax.inject/2.5.0-b42/javax.inject-2.5.0-b42.jar:/home/user/.m2/repository/org/glassfish/jersey/core/jersey-common/2.27/jersey-common-2.27.jar:/home/user/.m2/repository/org/glassfish/hk2/osgi-resource-locator/1.0.1/osgi-resource-locator-1.0.1.jar:/home/user/.m2/repository/javax/ws/rs/javax.ws.rs-api/2.1/javax.ws.rs-api-2.1.jar:/home/user/.m2/repository/org/glassfish/jersey/ext/cdi/jersey-cdi1x/2.27/jersey-cdi1x-2.27.jar:/home/user/.m2/repository/org/glassfish/jersey/inject/jersey-hk2/2.27/jersey-hk2-2.27.jar:/home/user/.m2/repository/org/glassfish/hk2/hk2-locator/2.5.0-b42/hk2-locator-2.5.0-b42.jar:/home/user/.m2/repository/org/javassist/javassist/3.22.0-CR2/javassist-3.22.0-CR2.jar:/home/user/.m2/repository/org/glassfish/hk2/hk2-api/2.5.0/hk2-api-2.5.0.jar:/home/user/.m2/repository/org/glassfish/hk2/external/jakarta.inject/2.5.0/jakarta.inject-2.5.0.jar:/home/user/.m2/repository/org/glassfish/hk2/hk2-utils/2.5.0/hk2-utils-2.5.0.jar:/home/user/.m2/repository/jakarta/annotation/jakarta.annotation-api/1.3.4/jakarta.annotation-api-1.3.4.jar:/home/user/.m2/repository/org/glassfish/hk2/external/aopalliance-repackaged/2.5.0/aopalliance-repackaged-2.5.0.jar:/home/user/.m2/repository/com/fasterxml/jackson/dataformat/jackson-dataformat-xml/2.9.0/jackson-dataformat-xml-2.9.0.jar:/home/user/.m2/repository/com/fasterxml/jackson/core/jackson-core/2.9.9/jackson-core-2.9.9.jar:/home/user/.m2/repository/com/fasterxml/jackson/module/jackson-module-jaxb-annotations/2.9.9/jackson-module-jaxb-annotations-2.9.9.jar:/home/user/.m2/repository/javax/enterprise/cdi-api/1.2/cdi-api-1.2.jar:/home/user/.m2/repository/javax/el/javax.el-api/3.0.0/javax.el-api-3.0.0.jar:/home/user/.m2/repository/javax/interceptor/javax.interceptor-api/1.2/javax.interceptor-api-1.2.jar:/home/user/.m2/repository/javax/inject/javax.inject/1/javax.inject-1.jar:/home/user/.m2/repository/com/sun/xml/bind/jaxb-impl/2.3.0.1/jaxb-impl-2.3.0.1.jar:/home/user/.m2/repository/com/sun/xml/bind/jaxb-core/2.3.0.1/jaxb-core-2.3.0.1.jar:/home/user/.m2/repository/javax/xml/bind/jaxb-api/2.3.0/jaxb-api-2.3.0.jar:/home/user/.m2/repository/javax/activation/activation/1.1.1/activation-1.1.1.jar:/home/user/.m2/repository/org/apache/hadoop/hadoop-ozone-csi/0.5.0-SNAPSHOT/hadoop-ozone-csi-0.5.0-SNAPSHOT.jar:/home/user/.m2/repository/com/google/protobuf/protobuf-java-util/3.5.1/protobuf-java-util-3.5.1.jar:/home/user/.m2/repository/org/apache/hadoop/hadoop-hdds-config/0.5.0-SNAPSHOT/hadoop-hdds-config-0.5.0-SNAPSHOT.jar:/home/user/.m2/repository/io/grpc/grpc-netty/1.17.1/grpc-netty-1.17.1.jar:/home/user/.m2/repository/io/grpc/grpc-core/1.17.1/grpc-core-1.17.1.jar:/home/user/.m2/repository/io/grpc/grpc-context/1.17.1/grpc-context-1.17.1.jar:/home/user/.m2/repository/com/google/errorprone/error_prone_annotations/2.2.0/error_prone_annotations-2.2.0.jar:/home/user/.m2/repository/org/codehaus/mojo/animal-sniffer-annotations/1.17/animal-sniffer-annotations-1.17.jar:/home/user/.m2/repository/io/opencensus/opencensus-api/0.17.0/opencensus-api-0.17.0.jar:/home/user/.m2/repository/io/opencensus/opencensus-contrib-grpc-metrics/0.17.0/opencensus-contrib-grpc-metrics-0.17.0.jar:/home/user/.m2/repository/io/netty/netty-codec-http2/4.1.30.Final/netty-codec-http2-4.1.30.Final.jar:/home/user/.m2/repository/io/netty/netty-codec-http/4.1.30.Final/netty-codec-http-4.1.30.Final.jar:/home/user/.m2/repository/io/netty/netty-codec/4.1.30.Final/netty-codec-4.1.30.Final.jar:/home/user/.m2/repository/io/netty/netty-handler/4.1.30.Final/netty-handler-4.1.30.Final.jar:/home/user/.m2/repository/io/netty/netty-handler-proxy/4.1.30.Final/netty-handler-proxy-4.1.30.Final.jar:/home/user/.m2/repository/io/netty/netty-codec-socks/4.1.30.Final/netty-codec-socks-4.1.30.Final.jar:/home/user/.m2/repository/io/netty/netty-transport-native-epoll/4.1.30.Final/netty-transport-native-epoll-4.1.30.Final.jar:/home/user/.m2/repository/io/netty/netty-common/4.1.30.Final/netty-common-4.1.30.Final.jar:/home/user/.m2/repository/io/netty/netty-buffer/4.1.30.Final/netty-buffer-4.1.30.Final.jar:/home/user/.m2/repository/io/netty/netty-transport/4.1.30.Final/netty-transport-4.1.30.Final.jar:/home/user/.m2/repository/io/netty/netty-resolver/4.1.30.Final/netty-resolver-4.1.30.Final.jar:/home/user/.m2/repository/io/netty/netty-transport-native-unix-common/4.1.30.Final/netty-transport-native-unix-common-4.1.30.Final.jar:/home/user/.m2/repository/io/grpc/grpc-protobuf/1.17.1/grpc-protobuf-1.17.1.jar:/home/user/.m2/repository/com/google/api/grpc/proto-google-common-protos/1.0.0/proto-google-common-protos-1.0.0.jar:/home/user/.m2/repository/io/grpc/grpc-protobuf-lite/1.17.1/grpc-protobuf-lite-1.17.1.jar:/home/user/.m2/repository/io/grpc/grpc-stub/1.17.1/grpc-stub-1.17.1.jar:/home/user/.m2/repository/org/apache/hadoop/hadoop-ozone-recon/0.5.0-SNAPSHOT/hadoop-ozone-recon-0.5.0-SNAPSHOT.jar:/home/user/.m2/repository/org/apache/hadoop/hadoop-ozone-reconcodegen/0.5.0-SNAPSHOT/hadoop-ozone-reconcodegen-0.5.0-SNAPSHOT.jar:/home/user/.m2/repository/com/google/inject/extensions/guice-multibindings/4.0/guice-multibindings-4.0.jar:/home/user/.m2/repository/com/google/inject/guice/4.0/guice-4.0.jar:/home/user/.m2/repository/aopalliance/aopalliance/1.0/aopalliance-1.0.jar:/home/user/.m2/repository/com/google/inject/extensions/guice-servlet/4.0/guice-servlet-4.0.jar:/home/user/.m2/repository/org/glassfish/jersey/containers/jersey-container-servlet/2.27/jersey-container-servlet-2.27.jar:/home/user/.m2/repository/org/glassfish/hk2/guice-bridge/2.5.0/guice-bridge-2.5.0.jar:/home/user/.m2/repository/org/glassfish/jersey/core/jersey-server/2.27/jersey-server-2.27.jar:/home/user/.m2/repository/org/glassfish/jersey/core/jersey-client/2.27/jersey-client-2.27.jar:/home/user/.m2/repository/org/glassfish/jersey/media/jersey-media-jaxb/2.27/jersey-media-jaxb-2.27.jar:/home/user/.m2/repository/javax/validation/validation-api/1.1.0.Final/validation-api-1.1.0.Final.jar:/home/user/.m2/repository/org/glassfish/jersey/media/jersey-media-json-jackson/2.27/jersey-media-json-jackson-2.27.jar:/home/user/.m2/repository/org/glassfish/jersey/ext/jersey-entity-filtering/2.27/jersey-entity-filtering-2.27.jar:/home/user/.m2/repository/com/google/inject/extensions/guice-assistedinject/4.0/guice-assistedinject-4.0.jar:/home/user/.m2/repository/org/jooq/jooq/3.11.10/jooq-3.11.10.jar:/home/user/.m2/repository/org/jooq/jooq-meta/3.11.10/jooq-meta-3.11.10.jar:/home/user/.m2/repository/org/jooq/jooq-codegen/3.11.10/jooq-codegen-3.11.10.jar:/home/user/.m2/repository/com/jolbox/bonecp/0.8.0.RELEASE/bonecp-0.8.0.RELEASE.jar:/home/user/.m2/repository/org/xerial/sqlite-jdbc/3.25.2/sqlite-jdbc-3.25.2.jar:/home/user/.m2/repository/org/springframework/spring-jdbc/5.1.3.RELEASE/spring-jdbc-5.1.3.RELEASE.jar:/home/user/.m2/repository/org/springframework/spring-beans/5.1.3.RELEASE/spring-beans-5.1.3.RELEASE.jar:/home/user/.m2/repository/org/springframework/spring-core/5.1.3.RELEASE/spring-core-5.1.3.RELEASE.jar:/home/user/.m2/repository/org/springframework/spring-jcl/5.1.3.RELEASE/spring-jcl-5.1.3.RELEASE.jar:/home/user/.m2/repository/org/springframework/spring-tx/5.1.3.RELEASE/spring-tx-5.1.3.RELEASE.jar:/home/user/.m2/repository/org/apache/hadoop/hadoop-ozone-client/0.5.0-SNAPSHOT/hadoop-ozone-client-0.5.0-SNAPSHOT.jar:/home/user/.m2/repository/commons-lang/commons-lang/2.6/commons-lang-2.6.jar:/home/user/.m2/repository/org/apache/hadoop/hadoop-ozone-ozone-manager/0.5.0-SNAPSHOT/hadoop-ozone-ozone-manager-0.5.0-SNAPSHOT-tests.jar:/home/user/.m2/repository/junit/junit/4.11/junit-4.11.jar:/home/user/.m2/repository/org/hamcrest/hamcrest-core/1.3/hamcrest-core-1.3.jar:/home/user/.m2/repository/org/openjdk/jmh/jmh-core/1.19/jmh-core-1.19.jar:/home/user/.m2/repository/net/sf/jopt-simple/jopt-simple/4.6/jopt-simple-4.6.jar:/home/user/.m2/repository/org/apache/commons/commons-math3/3.1.1/commons-math3-3.1.1.jar:/home/user/.m2/repository/org/openjdk/jmh/jmh-generator-annprocess/1.19/jmh-generator-annprocess-1.19.jar:/home/user/.m2/repository/org/mockito/mockito-all/1.8.5/mockito-all-1.8.5.jar:/home/user/.m2/repository/org/apache/hadoop/hadoop-kms/3.2.0/hadoop-kms-3.2.0.jar:/home/user/.m2/repository/org/apache/hadoop/hadoop-auth/3.2.0/hadoop-auth-3.2.0.jar:/home/user/.m2/repository/com/nimbusds/nimbus-jose-jwt/4.41.1/nimbus-jose-jwt-4.41.1.jar:/home/user/.m2/repository/com/github/stephenc/jcip/jcip-annotations/1.0-1/jcip-annotations-1.0-1.jar:/home/user/.m2/repository/net/minidev/json-smart/2.3/json-smart-2.3.jar:/home/user/.m2/repository/net/minidev/accessors-smart/1.2/accessors-smart-1.2.jar:/home/user/.m2/repository/org/ow2/asm/asm/5.0.4/asm-5.0.4.jar:/home/user/.m2/repository/org/apache/curator/curator-framework/2.12.0/curator-framework-2.12.0.jar:/home/user/.m2/repository/com/sun/jersey/jersey-core/1.19/jersey-core-1.19.jar:/home/user/.m2/repository/javax/ws/rs/jsr311-api/1.1.1/jsr311-api-1.1.1.jar:/home/user/.m2/repository/com/sun/jersey/jersey-server/1.19/jersey-server-1.19.jar:/home/user/.m2/repository/javax/servlet/javax.servlet-api/3.1.0/javax.servlet-api-3.1.0.jar:/home/user/.m2/repository/org/eclipse/jetty/jetty-server/9.3.25.v20180904/jetty-server-9.3.25.v20180904.jar:/home/user/.m2/repository/org/eclipse/jetty/jetty-http/9.3.25.v20180904/jetty-http-9.3.25.v20180904.jar:/home/user/.m2/repository/org/eclipse/jetty/jetty-io/9.3.25.v20180904/jetty-io-9.3.25.v20180904.jar:/home/user/.m2/repository/org/eclipse/jetty/jetty-webapp/9.3.25.v20180904/jetty-webapp-9.3.25.v20180904.jar:/home/user/.m2/repository/org/eclipse/jetty/jetty-xml/9.3.25.v20180904/jetty-xml-9.3.25.v20180904.jar:/home/user/.m2/repository/log4j/log4j/1.2.17/log4j-1.2.17.jar:/home/user/.m2/repository/org/slf4j/slf4j-api/1.7.25/slf4j-api-1.7.25.jar:/home/user/.m2/repository/org/slf4j/jul-to-slf4j/1.7.25/jul-to-slf4j-1.7.25.jar:/home/user/.m2/repository/org/eclipse/jetty/jetty-util/9.3.25.v20180904/jetty-util-9.3.25.v20180904.jar:/home/user/.m2/repository/com/fasterxml/jackson/core/jackson-databind/2.9.9/jackson-databind-2.9.9.jar:/home/user/.m2/repository/org/apache/hadoop/hadoop-kms/3.2.0/hadoop-kms-3.2.0-tests.jar:/home/user/.m2/repository/org/apache/hadoop/hadoop-hdds-server-scm/0.5.0-SNAPSHOT/hadoop-hdds-server-scm-0.5.0-SNAPSHOT-tests.jar:/home/user/.m2/repository/org/apache/hadoop/hadoop-hdds-container-service/0.5.0-SNAPSHOT/hadoop-hdds-container-service-0.5.0-SNAPSHOT-tests.jar:/home/user/.m2/repository/org/yaml/snakeyaml/1.16/snakeyaml-1.16.jar:/home/user/.m2/repository/org/apache/hadoop/hadoop-common/3.2.0/hadoop-common-3.2.0-tests.jar:/home/user/.m2/repository/org/apache/hadoop/hadoop-annotations/3.2.0/hadoop-annotations-3.2.0.jar:/usr/lib/jvm/java-1.8.0-openjdk-1.8.0.222.b10-1.el7_7.x86_64/jre/../lib/tools.jar:/home/user/.m2/repository/commons-cli/commons-cli/1.2/commons-cli-1.2.jar:/home/user/.m2/repository/org/apache/httpcomponents/httpclient/4.5.2/httpclient-4.5.2.jar:/home/user/.m2/repository/org/apache/httpcomponents/httpcore/4.4.4/httpcore-4.4.4.jar:/home/user/.m2/repository/commons-codec/commons-codec/1.11/commons-codec-1.11.jar:/home/user/.m2/repository/commons-net/commons-net/3.6/commons-net-3.6.jar:/home/user/.m2/repository/commons-collections/commons-collections/3.2.2/commons-collections-3.2.2.jar:/home/user/.m2/repository/org/eclipse/jetty/jetty-servlet/9.3.25.v20180904/jetty-servlet-9.3.25.v20180904.jar:/home/user/.m2/repository/org/eclipse/jetty/jetty-security/9.3.25.v20180904/jetty-security-9.3.25.v20180904.jar:/home/user/.m2/repository/javax/servlet/jsp/jsp-api/2.1/jsp-api-2.1.jar:/home/user/.m2/repository/com/sun/jersey/jersey-servlet/1.19/jersey-servlet-1.19.jar:/home/user/.m2/repository/com/sun/jersey/jersey-json/1.19/jersey-json-1.19.jar:/home/user/.m2/repository/org/codehaus/jettison/jettison/1.1/jettison-1.1.jar:/home/user/.m2/repository/org/codehaus/jackson/jackson-core-asl/1.9.13/jackson-core-asl-1.9.13.jar:/home/user/.m2/repository/org/codehaus/jackson/jackson-mapper-asl/1.9.13/jackson-mapper-asl-1.9.13.jar:/home/user/.m2/repository/org/codehaus/jackson/jackson-jaxrs/1.9.13/jackson-jaxrs-1.9.13.jar:/home/user/.m2/repository/org/codehaus/jackson/jackson-xc/1.9.13/jackson-xc-1.9.13.jar:/home/user/.m2/repository/commons-logging/commons-logging/1.1.3/commons-logging-1.1.3.jar:/home/user/.m2/repository/commons-beanutils/commons-beanutils/1.9.4/commons-beanutils-1.9.4.jar:/home/user/.m2/repository/org/apache/commons/commons-configuration2/2.1.1/commons-configuration2-2.1.1.jar:/home/user/.m2/repository/org/apache/commons/commons-lang3/3.7/commons-lang3-3.7.jar:/home/user/.m2/repository/org/apache/commons/commons-text/1.4/commons-text-1.4.jar:/home/user/.m2/repository/org/apache/avro/avro/1.7.7/avro-1.7.7.jar:/home/user/.m2/repository/com/thoughtworks/paranamer/paranamer/2.3/paranamer-2.3.jar:/home/user/.m2/repository/org/xerial/snappy/snappy-java/1.0.5/snappy-java-1.0.5.jar:/home/user/.m2/repository/com/google/re2j/re2j/1.1/re2j-1.1.jar:/home/user/.m2/repository/com/google/code/gson/gson/2.2.4/gson-2.2.4.jar:/home/user/.m2/repository/com/jcraft/jsch/0.1.54/jsch-0.1.54.jar:/home/user/.m2/repository/org/apache/curator/curator-client/2.12.0/curator-client-2.12.0.jar:/home/user/.m2/repository/org/apache/curator/curator-recipes/2.12.0/curator-recipes-2.12.0.jar:/home/user/.m2/repository/com/google/code/findbugs/jsr305/3.0.0/jsr305-3.0.0.jar:/home/user/.m2/repository/org/apache/htrace/htrace-core4/4.1.0-incubating/htrace-core4-4.1.0-incubating.jar:/home/user/.m2/repository/org/apache/zookeeper/zookeeper/3.4.13/zookeeper-3.4.13.jar:/home/user/.m2/repository/jline/jline/0.9.94/jline-0.9.94.jar:/home/user/.m2/repository/org/apache/yetus/audience-annotations/0.5.0/audience-annotations-0.5.0.jar:/home/user/.m2/repository/org/codehaus/woodstox/stax2-api/3.1.4/stax2-api-3.1.4.jar:/home/user/.m2/repository/com/fasterxml/woodstox/woodstox-core/5.0.3/woodstox-core-5.0.3.jar:/home/user/.m2/repository/dnsjava/dnsjava/2.1.7/dnsjava-2.1.7.jar:/home/user/.m2/repository/org/apache/hadoop/hadoop-hdfs/3.2.0/hadoop-hdfs-3.2.0-tests.jar:/home/user/.m2/repository/org/eclipse/jetty/jetty-util-ajax/9.3.25.v20180904/jetty-util-ajax-9.3.25.v20180904.jar:/home/user/.m2/repository/commons-daemon/commons-daemon/1.0.13/commons-daemon-1.0.13.jar:/home/user/.m2/repository/io/netty/netty/3.10.5.Final/netty-3.10.5.Final.jar:/home/user/.m2/repository/io/netty/netty-all/4.0.52.Final/netty-all-4.0.52.Final.jar:/home/user/.m2/repository/org/fusesource/leveldbjni/leveldbjni-all/1.8/leveldbjni-all-1.8.jar:"/>
    <property name="java.vm.vendor" value="Oracle Corporation"/>
    <property name="sun.arch.data.model" value="64"/>
    <property name="test.build.dir" value="/workdir/hadoop-ozone/integration-test/target/test-dir"/>
    <property name="test.cache.data" value=""/>
    <property name="java.vendor.url" value="http://java.oracle.com/"/>
    <property name="user.timezone" value=""/>
    <property name="java.vm.specification.version" value="1.8"/>
    <property name="os.name" value="Linux"/>
    <property name="test.build.data" value="/workdir/hadoop-ozone/integration-test/target/test-dir"/>
    <property name="user.country" value="US"/>
    <property name="sun.java.launcher" value="SUN_STANDARD"/>
    <property name="sun.boot.library.path" value="/usr/lib/jvm/java-1.8.0-openjdk-1.8.0.222.b10-1.el7_7.x86_64/jre/lib/amd64"/>
    <property name="sun.java.command" value="/workdir/hadoop-ozone/integration-test/target/surefire/surefirebooter5933424647325510735.jar /workdir/hadoop-ozone/integration-test/target/surefire 2019-10-18T13-36-09_831-jvmRun1 surefire6469238401319990033tmp surefire_464829994735359086054tmp"/>
    <property name="surefire.test.class.path" value="/workdir/hadoop-ozone/integration-test/target/test-classes:/workdir/hadoop-ozone/integration-test/target/classes:/home/user/.m2/repository/org/apache/hadoop/hadoop-ozone-common/0.5.0-SNAPSHOT/hadoop-ozone-common-0.5.0-SNAPSHOT.jar:/home/user/.m2/repository/org/apache/commons/commons-compress/1.4.1/commons-compress-1.4.1.jar:/home/user/.m2/repository/org/tukaani/xz/1.0/xz-1.0.jar:/home/user/.m2/repository/org/apache/hadoop/hadoop-common/3.2.0/hadoop-common-3.2.0.jar:/home/user/.m2/repository/org/apache/hadoop/hadoop-hdfs/3.2.0/hadoop-hdfs-3.2.0.jar:/home/user/.m2/repository/org/apache/hadoop/hadoop-hdfs-client/3.2.0/hadoop-hdfs-client-3.2.0.jar:/home/user/.m2/repository/com/fasterxml/jackson/core/jackson-annotations/2.9.9/jackson-annotations-2.9.9.jar:/home/user/.m2/repository/org/apache/hadoop/hadoop-hdds-common/0.5.0-SNAPSHOT/hadoop-hdds-common-0.5.0-SNAPSHOT.jar:/home/user/.m2/repository/javax/annotation/javax.annotation-api/1.2/javax.annotation-api-1.2.jar:/home/user/.m2/repository/org/apache/ratis/ratis-server/0.5.0-3f446aa-SNAPSHOT/ratis-server-0.5.0-3f446aa-SNAPSHOT.jar:/home/user/.m2/repository/org/apache/ratis/ratis-thirdparty-misc/0.2.0/ratis-thirdparty-misc-0.2.0.jar:/home/user/.m2/repository/org/apache/ratis/ratis-proto/0.5.0-3f446aa-SNAPSHOT/ratis-proto-0.5.0-3f446aa-SNAPSHOT.jar:/home/user/.m2/repository/org/apache/ratis/ratis-common/0.5.0-3f446aa-SNAPSHOT/ratis-common-0.5.0-3f446aa-SNAPSHOT.jar:/home/user/.m2/repository/org/apache/ratis/ratis-client/0.5.0-3f446aa-SNAPSHOT/ratis-client-0.5.0-3f446aa-SNAPSHOT.jar:/home/user/.m2/repository/org/apache/ratis/ratis-metrics/0.5.0-3f446aa-SNAPSHOT/ratis-metrics-0.5.0-3f446aa-SNAPSHOT.jar:/home/user/.m2/repository/com/github/joshelser/dropwizard-metrics-hadoop-metrics2-reporter/0.1.2/dropwizard-metrics-hadoop-metrics2-reporter-0.1.2.jar:/home/user/.m2/repository/io/dropwizard/metrics/metrics-jvm/3.2.5/metrics-jvm-3.2.5.jar:/home/user/.m2/repository/io/dropwizard/metrics/metrics-ganglia/3.2.5/metrics-ganglia-3.2.5.jar:/home/user/.m2/repository/info/ganglia/gmetric4j/gmetric4j/1.0.7/gmetric4j-1.0.7.jar:/home/user/.m2/repository/org/apache/ratis/ratis-netty/0.5.0-3f446aa-SNAPSHOT/ratis-netty-0.5.0-3f446aa-SNAPSHOT.jar:/home/user/.m2/repository/org/apache/ratis/ratis-grpc/0.5.0-3f446aa-SNAPSHOT/ratis-grpc-0.5.0-3f446aa-SNAPSHOT.jar:/home/user/.m2/repository/org/rocksdb/rocksdbjni/6.0.1/rocksdbjni-6.0.1.jar:/home/user/.m2/repository/org/apache/logging/log4j/log4j-api/2.11.0/log4j-api-2.11.0.jar:/home/user/.m2/repository/org/apache/logging/log4j/log4j-core/2.11.0/log4j-core-2.11.0.jar:/home/user/.m2/repository/com/lmax/disruptor/3.4.2/disruptor-3.4.2.jar:/home/user/.m2/repository/org/apache/commons/commons-pool2/2.6.0/commons-pool2-2.6.0.jar:/home/user/.m2/repository/org/bouncycastle/bcpkix-jdk15on/1.60/bcpkix-jdk15on-1.60.jar:/home/user/.m2/repository/commons-validator/commons-validator/1.6/commons-validator-1.6.jar:/home/user/.m2/repository/commons-digester/commons-digester/1.8.1/commons-digester-1.8.1.jar:/home/user/.m2/repository/io/jaegertracing/jaeger-client/0.34.0/jaeger-client-0.34.0.jar:/home/user/.m2/repository/io/jaegertracing/jaeger-thrift/0.34.0/jaeger-thrift-0.34.0.jar:/home/user/.m2/repository/org/apache/thrift/libthrift/0.12.0/libthrift-0.12.0.jar:/home/user/.m2/repository/com/squareup/okhttp3/okhttp/3.9.0/okhttp-3.9.0.jar:/home/user/.m2/repository/com/squareup/okio/okio/1.13.0/okio-1.13.0.jar:/home/user/.m2/repository/io/jaegertracing/jaeger-core/0.34.0/jaeger-core-0.34.0.jar:/home/user/.m2/repository/io/jaegertracing/jaeger-tracerresolver/0.34.0/jaeger-tracerresolver-0.34.0.jar:/home/user/.m2/repository/io/opentracing/contrib/opentracing-tracerresolver/0.1.5/opentracing-tracerresolver-0.1.5.jar:/home/user/.m2/repository/io/opentracing/opentracing-util/0.31.0/opentracing-util-0.31.0.jar:/home/user/.m2/repository/io/opentracing/opentracing-api/0.31.0/opentracing-api-0.31.0.jar:/home/user/.m2/repository/io/opentracing/opentracing-noop/0.31.0/opentracing-noop-0.31.0.jar:/home/user/.m2/repository/org/apache/hadoop/hadoop-hdds-server-framework/0.5.0-SNAPSHOT/hadoop-hdds-server-framework-0.5.0-SNAPSHOT.jar:/home/user/.m2/repository/org/apache/hadoop/hadoop-hdds-container-service/0.5.0-SNAPSHOT/hadoop-hdds-container-service-0.5.0-SNAPSHOT.jar:/home/user/.m2/repository/org/apache/hadoop/hadoop-hdds-client/0.5.0-SNAPSHOT/hadoop-hdds-client-0.5.0-SNAPSHOT.jar:/home/user/.m2/repository/org/apache/hadoop/hadoop-hdds-tools/0.5.0-SNAPSHOT/hadoop-hdds-tools-0.5.0-SNAPSHOT.jar:/home/user/.m2/repository/org/apache/hadoop/hadoop-hdds-server-scm/0.5.0-SNAPSHOT/hadoop-hdds-server-scm-0.5.0-SNAPSHOT.jar:/home/user/.m2/repository/org/apache/hadoop/hadoop-hdds-docs/0.5.0-SNAPSHOT/hadoop-hdds-docs-0.5.0-SNAPSHOT.jar:/home/user/.m2/repository/io/dropwizard/metrics/metrics-core/3.2.4/metrics-core-3.2.4.jar:/home/user/.m2/repository/org/hamcrest/hamcrest-all/1.3/hamcrest-all-1.3.jar:/home/user/.m2/repository/org/bouncycastle/bcprov-jdk15on/1.60/bcprov-jdk15on-1.60.jar:/home/user/.m2/repository/info/picocli/picocli/3.9.6/picocli-3.9.6.jar:/home/user/.m2/repository/com/google/protobuf/protobuf-java/2.5.0/protobuf-java-2.5.0.jar:/home/user/.m2/repository/com/google/guava/guava/11.0.2/guava-11.0.2.jar:/home/user/.m2/repository/org/apache/hadoop/hadoop-ozone-ozone-manager/0.5.0-SNAPSHOT/hadoop-ozone-ozone-manager-0.5.0-SNAPSHOT.jar:/home/user/.m2/repository/org/apache/hadoop/hadoop-minikdc/3.2.0/hadoop-minikdc-3.2.0.jar:/home/user/.m2/repository/commons-io/commons-io/2.5/commons-io-2.5.jar:/home/user/.m2/repository/org/apache/kerby/kerb-simplekdc/1.0.1/kerb-simplekdc-1.0.1.jar:/home/user/.m2/repository/org/apache/kerby/kerb-client/1.0.1/kerb-client-1.0.1.jar:/home/user/.m2/repository/org/apache/kerby/kerby-config/1.0.1/kerby-config-1.0.1.jar:/home/user/.m2/repository/org/apache/kerby/kerb-core/1.0.1/kerb-core-1.0.1.jar:/home/user/.m2/repository/org/apache/kerby/kerby-pkix/1.0.1/kerby-pkix-1.0.1.jar:/home/user/.m2/repository/org/apache/kerby/kerby-asn1/1.0.1/kerby-asn1-1.0.1.jar:/home/user/.m2/repository/org/apache/kerby/kerby-util/1.0.1/kerby-util-1.0.1.jar:/home/user/.m2/repository/org/apache/kerby/kerb-common/1.0.1/kerb-common-1.0.1.jar:/home/user/.m2/repository/org/apache/kerby/kerb-crypto/1.0.1/kerb-crypto-1.0.1.jar:/home/user/.m2/repository/org/apache/kerby/kerb-util/1.0.1/kerb-util-1.0.1.jar:/home/user/.m2/repository/org/apache/kerby/token-provider/1.0.1/token-provider-1.0.1.jar:/home/user/.m2/repository/org/apache/kerby/kerb-admin/1.0.1/kerb-admin-1.0.1.jar:/home/user/.m2/repository/org/apache/kerby/kerb-server/1.0.1/kerb-server-1.0.1.jar:/home/user/.m2/repository/org/apache/kerby/kerb-identity/1.0.1/kerb-identity-1.0.1.jar:/home/user/.m2/repository/org/apache/kerby/kerby-xdr/1.0.1/kerby-xdr-1.0.1.jar:/home/user/.m2/repository/org/slf4j/slf4j-log4j12/1.7.25/slf4j-log4j12-1.7.25.jar:/home/user/.m2/repository/org/apache/hadoop/hadoop-ozone-s3gateway/0.5.0-SNAPSHOT/hadoop-ozone-s3gateway-0.5.0-SNAPSHOT.jar:/home/user/.m2/repository/org/jboss/weld/servlet/weld-servlet/2.4.7.Final/weld-servlet-2.4.7.Final.jar:/home/user/.m2/repository/org/glassfish/jersey/containers/jersey-container-servlet-core/2.27/jersey-container-servlet-core-2.27.jar:/home/user/.m2/repository/org/glassfish/hk2/external/javax.inject/2.5.0-b42/javax.inject-2.5.0-b42.jar:/home/user/.m2/repository/org/glassfish/jersey/core/jersey-common/2.27/jersey-common-2.27.jar:/home/user/.m2/repository/org/glassfish/hk2/osgi-resource-locator/1.0.1/osgi-resource-locator-1.0.1.jar:/home/user/.m2/repository/javax/ws/rs/javax.ws.rs-api/2.1/javax.ws.rs-api-2.1.jar:/home/user/.m2/repository/org/glassfish/jersey/ext/cdi/jersey-cdi1x/2.27/jersey-cdi1x-2.27.jar:/home/user/.m2/repository/org/glassfish/jersey/inject/jersey-hk2/2.27/jersey-hk2-2.27.jar:/home/user/.m2/repository/org/glassfish/hk2/hk2-locator/2.5.0-b42/hk2-locator-2.5.0-b42.jar:/home/user/.m2/repository/org/javassist/javassist/3.22.0-CR2/javassist-3.22.0-CR2.jar:/home/user/.m2/repository/org/glassfish/hk2/hk2-api/2.5.0/hk2-api-2.5.0.jar:/home/user/.m2/repository/org/glassfish/hk2/external/jakarta.inject/2.5.0/jakarta.inject-2.5.0.jar:/home/user/.m2/repository/org/glassfish/hk2/hk2-utils/2.5.0/hk2-utils-2.5.0.jar:/home/user/.m2/repository/jakarta/annotation/jakarta.annotation-api/1.3.4/jakarta.annotation-api-1.3.4.jar:/home/user/.m2/repository/org/glassfish/hk2/external/aopalliance-repackaged/2.5.0/aopalliance-repackaged-2.5.0.jar:/home/user/.m2/repository/com/fasterxml/jackson/dataformat/jackson-dataformat-xml/2.9.0/jackson-dataformat-xml-2.9.0.jar:/home/user/.m2/repository/com/fasterxml/jackson/core/jackson-core/2.9.9/jackson-core-2.9.9.jar:/home/user/.m2/repository/com/fasterxml/jackson/module/jackson-module-jaxb-annotations/2.9.9/jackson-module-jaxb-annotations-2.9.9.jar:/home/user/.m2/repository/javax/enterprise/cdi-api/1.2/cdi-api-1.2.jar:/home/user/.m2/repository/javax/el/javax.el-api/3.0.0/javax.el-api-3.0.0.jar:/home/user/.m2/repository/javax/interceptor/javax.interceptor-api/1.2/javax.interceptor-api-1.2.jar:/home/user/.m2/repository/javax/inject/javax.inject/1/javax.inject-1.jar:/home/user/.m2/repository/com/sun/xml/bind/jaxb-impl/2.3.0.1/jaxb-impl-2.3.0.1.jar:/home/user/.m2/repository/com/sun/xml/bind/jaxb-core/2.3.0.1/jaxb-core-2.3.0.1.jar:/home/user/.m2/repository/javax/xml/bind/jaxb-api/2.3.0/jaxb-api-2.3.0.jar:/home/user/.m2/repository/javax/activation/activation/1.1.1/activation-1.1.1.jar:/home/user/.m2/repository/org/apache/hadoop/hadoop-ozone-csi/0.5.0-SNAPSHOT/hadoop-ozone-csi-0.5.0-SNAPSHOT.jar:/home/user/.m2/repository/com/google/protobuf/protobuf-java-util/3.5.1/protobuf-java-util-3.5.1.jar:/home/user/.m2/repository/org/apache/hadoop/hadoop-hdds-config/0.5.0-SNAPSHOT/hadoop-hdds-config-0.5.0-SNAPSHOT.jar:/home/user/.m2/repository/io/grpc/grpc-netty/1.17.1/grpc-netty-1.17.1.jar:/home/user/.m2/repository/io/grpc/grpc-core/1.17.1/grpc-core-1.17.1.jar:/home/user/.m2/repository/io/grpc/grpc-context/1.17.1/grpc-context-1.17.1.jar:/home/user/.m2/repository/com/google/errorprone/error_prone_annotations/2.2.0/error_prone_annotations-2.2.0.jar:/home/user/.m2/repository/org/codehaus/mojo/animal-sniffer-annotations/1.17/animal-sniffer-annotations-1.17.jar:/home/user/.m2/repository/io/opencensus/opencensus-api/0.17.0/opencensus-api-0.17.0.jar:/home/user/.m2/repository/io/opencensus/opencensus-contrib-grpc-metrics/0.17.0/opencensus-contrib-grpc-metrics-0.17.0.jar:/home/user/.m2/repository/io/netty/netty-codec-http2/4.1.30.Final/netty-codec-http2-4.1.30.Final.jar:/home/user/.m2/repository/io/netty/netty-codec-http/4.1.30.Final/netty-codec-http-4.1.30.Final.jar:/home/user/.m2/repository/io/netty/netty-codec/4.1.30.Final/netty-codec-4.1.30.Final.jar:/home/user/.m2/repository/io/netty/netty-handler/4.1.30.Final/netty-handler-4.1.30.Final.jar:/home/user/.m2/repository/io/netty/netty-handler-proxy/4.1.30.Final/netty-handler-proxy-4.1.30.Final.jar:/home/user/.m2/repository/io/netty/netty-codec-socks/4.1.30.Final/netty-codec-socks-4.1.30.Final.jar:/home/user/.m2/repository/io/netty/netty-transport-native-epoll/4.1.30.Final/netty-transport-native-epoll-4.1.30.Final.jar:/home/user/.m2/repository/io/netty/netty-common/4.1.30.Final/netty-common-4.1.30.Final.jar:/home/user/.m2/repository/io/netty/netty-buffer/4.1.30.Final/netty-buffer-4.1.30.Final.jar:/home/user/.m2/repository/io/netty/netty-transport/4.1.30.Final/netty-transport-4.1.30.Final.jar:/home/user/.m2/repository/io/netty/netty-resolver/4.1.30.Final/netty-resolver-4.1.30.Final.jar:/home/user/.m2/repository/io/netty/netty-transport-native-unix-common/4.1.30.Final/netty-transport-native-unix-common-4.1.30.Final.jar:/home/user/.m2/repository/io/grpc/grpc-protobuf/1.17.1/grpc-protobuf-1.17.1.jar:/home/user/.m2/repository/com/google/api/grpc/proto-google-common-protos/1.0.0/proto-google-common-protos-1.0.0.jar:/home/user/.m2/repository/io/grpc/grpc-protobuf-lite/1.17.1/grpc-protobuf-lite-1.17.1.jar:/home/user/.m2/repository/io/grpc/grpc-stub/1.17.1/grpc-stub-1.17.1.jar:/home/user/.m2/repository/org/apache/hadoop/hadoop-ozone-recon/0.5.0-SNAPSHOT/hadoop-ozone-recon-0.5.0-SNAPSHOT.jar:/home/user/.m2/repository/org/apache/hadoop/hadoop-ozone-reconcodegen/0.5.0-SNAPSHOT/hadoop-ozone-reconcodegen-0.5.0-SNAPSHOT.jar:/home/user/.m2/repository/com/google/inject/extensions/guice-multibindings/4.0/guice-multibindings-4.0.jar:/home/user/.m2/repository/com/google/inject/guice/4.0/guice-4.0.jar:/home/user/.m2/repository/aopalliance/aopalliance/1.0/aopalliance-1.0.jar:/home/user/.m2/repository/com/google/inject/extensions/guice-servlet/4.0/guice-servlet-4.0.jar:/home/user/.m2/repository/org/glassfish/jersey/containers/jersey-container-servlet/2.27/jersey-container-servlet-2.27.jar:/home/user/.m2/repository/org/glassfish/hk2/guice-bridge/2.5.0/guice-bridge-2.5.0.jar:/home/user/.m2/repository/org/glassfish/jersey/core/jersey-server/2.27/jersey-server-2.27.jar:/home/user/.m2/repository/org/glassfish/jersey/core/jersey-client/2.27/jersey-client-2.27.jar:/home/user/.m2/repository/org/glassfish/jersey/media/jersey-media-jaxb/2.27/jersey-media-jaxb-2.27.jar:/home/user/.m2/repository/javax/validation/validation-api/1.1.0.Final/validation-api-1.1.0.Final.jar:/home/user/.m2/repository/org/glassfish/jersey/media/jersey-media-json-jackson/2.27/jersey-media-json-jackson-2.27.jar:/home/user/.m2/repository/org/glassfish/jersey/ext/jersey-entity-filtering/2.27/jersey-entity-filtering-2.27.jar:/home/user/.m2/repository/com/google/inject/extensions/guice-assistedinject/4.0/guice-assistedinject-4.0.jar:/home/user/.m2/repository/org/jooq/jooq/3.11.10/jooq-3.11.10.jar:/home/user/.m2/repository/org/jooq/jooq-meta/3.11.10/jooq-meta-3.11.10.jar:/home/user/.m2/repository/org/jooq/jooq-codegen/3.11.10/jooq-codegen-3.11.10.jar:/home/user/.m2/repository/com/jolbox/bonecp/0.8.0.RELEASE/bonecp-0.8.0.RELEASE.jar:/home/user/.m2/repository/org/xerial/sqlite-jdbc/3.25.2/sqlite-jdbc-3.25.2.jar:/home/user/.m2/repository/org/springframework/spring-jdbc/5.1.3.RELEASE/spring-jdbc-5.1.3.RELEASE.jar:/home/user/.m2/repository/org/springframework/spring-beans/5.1.3.RELEASE/spring-beans-5.1.3.RELEASE.jar:/home/user/.m2/repository/org/springframework/spring-core/5.1.3.RELEASE/spring-core-5.1.3.RELEASE.jar:/home/user/.m2/repository/org/springframework/spring-jcl/5.1.3.RELEASE/spring-jcl-5.1.3.RELEASE.jar:/home/user/.m2/repository/org/springframework/spring-tx/5.1.3.RELEASE/spring-tx-5.1.3.RELEASE.jar:/home/user/.m2/repository/org/apache/hadoop/hadoop-ozone-client/0.5.0-SNAPSHOT/hadoop-ozone-client-0.5.0-SNAPSHOT.jar:/home/user/.m2/repository/commons-lang/commons-lang/2.6/commons-lang-2.6.jar:/home/user/.m2/repository/org/apache/hadoop/hadoop-ozone-ozone-manager/0.5.0-SNAPSHOT/hadoop-ozone-ozone-manager-0.5.0-SNAPSHOT-tests.jar:/home/user/.m2/repository/junit/junit/4.11/junit-4.11.jar:/home/user/.m2/repository/org/hamcrest/hamcrest-core/1.3/hamcrest-core-1.3.jar:/home/user/.m2/repository/org/openjdk/jmh/jmh-core/1.19/jmh-core-1.19.jar:/home/user/.m2/repository/net/sf/jopt-simple/jopt-simple/4.6/jopt-simple-4.6.jar:/home/user/.m2/repository/org/apache/commons/commons-math3/3.1.1/commons-math3-3.1.1.jar:/home/user/.m2/repository/org/openjdk/jmh/jmh-generator-annprocess/1.19/jmh-generator-annprocess-1.19.jar:/home/user/.m2/repository/org/mockito/mockito-all/1.8.5/mockito-all-1.8.5.jar:/home/user/.m2/repository/org/apache/hadoop/hadoop-kms/3.2.0/hadoop-kms-3.2.0.jar:/home/user/.m2/repository/org/apache/hadoop/hadoop-auth/3.2.0/hadoop-auth-3.2.0.jar:/home/user/.m2/repository/com/nimbusds/nimbus-jose-jwt/4.41.1/nimbus-jose-jwt-4.41.1.jar:/home/user/.m2/repository/com/github/stephenc/jcip/jcip-annotations/1.0-1/jcip-annotations-1.0-1.jar:/home/user/.m2/repository/net/minidev/json-smart/2.3/json-smart-2.3.jar:/home/user/.m2/repository/net/minidev/accessors-smart/1.2/accessors-smart-1.2.jar:/home/user/.m2/repository/org/ow2/asm/asm/5.0.4/asm-5.0.4.jar:/home/user/.m2/repository/org/apache/curator/curator-framework/2.12.0/curator-framework-2.12.0.jar:/home/user/.m2/repository/com/sun/jersey/jersey-core/1.19/jersey-core-1.19.jar:/home/user/.m2/repository/javax/ws/rs/jsr311-api/1.1.1/jsr311-api-1.1.1.jar:/home/user/.m2/repository/com/sun/jersey/jersey-server/1.19/jersey-server-1.19.jar:/home/user/.m2/repository/javax/servlet/javax.servlet-api/3.1.0/javax.servlet-api-3.1.0.jar:/home/user/.m2/repository/org/eclipse/jetty/jetty-server/9.3.25.v20180904/jetty-server-9.3.25.v20180904.jar:/home/user/.m2/repository/org/eclipse/jetty/jetty-http/9.3.25.v20180904/jetty-http-9.3.25.v20180904.jar:/home/user/.m2/repository/org/eclipse/jetty/jetty-io/9.3.25.v20180904/jetty-io-9.3.25.v20180904.jar:/home/user/.m2/repository/org/eclipse/jetty/jetty-webapp/9.3.25.v20180904/jetty-webapp-9.3.25.v20180904.jar:/home/user/.m2/repository/org/eclipse/jetty/jetty-xml/9.3.25.v20180904/jetty-xml-9.3.25.v20180904.jar:/home/user/.m2/repository/log4j/log4j/1.2.17/log4j-1.2.17.jar:/home/user/.m2/repository/org/slf4j/slf4j-api/1.7.25/slf4j-api-1.7.25.jar:/home/user/.m2/repository/org/slf4j/jul-to-slf4j/1.7.25/jul-to-slf4j-1.7.25.jar:/home/user/.m2/repository/org/eclipse/jetty/jetty-util/9.3.25.v20180904/jetty-util-9.3.25.v20180904.jar:/home/user/.m2/repository/com/fasterxml/jackson/core/jackson-databind/2.9.9/jackson-databind-2.9.9.jar:/home/user/.m2/repository/org/apache/hadoop/hadoop-kms/3.2.0/hadoop-kms-3.2.0-tests.jar:/home/user/.m2/repository/org/apache/hadoop/hadoop-hdds-server-scm/0.5.0-SNAPSHOT/hadoop-hdds-server-scm-0.5.0-SNAPSHOT-tests.jar:/home/user/.m2/repository/org/apache/hadoop/hadoop-hdds-container-service/0.5.0-SNAPSHOT/hadoop-hdds-container-service-0.5.0-SNAPSHOT-tests.jar:/home/user/.m2/repository/org/yaml/snakeyaml/1.16/snakeyaml-1.16.jar:/home/user/.m2/repository/org/apache/hadoop/hadoop-common/3.2.0/hadoop-common-3.2.0-tests.jar:/home/user/.m2/repository/org/apache/hadoop/hadoop-annotations/3.2.0/hadoop-annotations-3.2.0.jar:/usr/lib/jvm/java-1.8.0-openjdk-1.8.0.222.b10-1.el7_7.x86_64/jre/../lib/tools.jar:/home/user/.m2/repository/commons-cli/commons-cli/1.2/commons-cli-1.2.jar:/home/user/.m2/repository/org/apache/httpcomponents/httpclient/4.5.2/httpclient-4.5.2.jar:/home/user/.m2/repository/org/apache/httpcomponents/httpcore/4.4.4/httpcore-4.4.4.jar:/home/user/.m2/repository/commons-codec/commons-codec/1.11/commons-codec-1.11.jar:/home/user/.m2/repository/commons-net/commons-net/3.6/commons-net-3.6.jar:/home/user/.m2/repository/commons-collections/commons-collections/3.2.2/commons-collections-3.2.2.jar:/home/user/.m2/repository/org/eclipse/jetty/jetty-servlet/9.3.25.v20180904/jetty-servlet-9.3.25.v20180904.jar:/home/user/.m2/repository/org/eclipse/jetty/jetty-security/9.3.25.v20180904/jetty-security-9.3.25.v20180904.jar:/home/user/.m2/repository/javax/servlet/jsp/jsp-api/2.1/jsp-api-2.1.jar:/home/user/.m2/repository/com/sun/jersey/jersey-servlet/1.19/jersey-servlet-1.19.jar:/home/user/.m2/repository/com/sun/jersey/jersey-json/1.19/jersey-json-1.19.jar:/home/user/.m2/repository/org/codehaus/jettison/jettison/1.1/jettison-1.1.jar:/home/user/.m2/repository/org/codehaus/jackson/jackson-core-asl/1.9.13/jackson-core-asl-1.9.13.jar:/home/user/.m2/repository/org/codehaus/jackson/jackson-mapper-asl/1.9.13/jackson-mapper-asl-1.9.13.jar:/home/user/.m2/repository/org/codehaus/jackson/jackson-jaxrs/1.9.13/jackson-jaxrs-1.9.13.jar:/home/user/.m2/repository/org/codehaus/jackson/jackson-xc/1.9.13/jackson-xc-1.9.13.jar:/home/user/.m2/repository/commons-logging/commons-logging/1.1.3/commons-logging-1.1.3.jar:/home/user/.m2/repository/commons-beanutils/commons-beanutils/1.9.4/commons-beanutils-1.9.4.jar:/home/user/.m2/repository/org/apache/commons/commons-configuration2/2.1.1/commons-configuration2-2.1.1.jar:/home/user/.m2/repository/org/apache/commons/commons-lang3/3.7/commons-lang3-3.7.jar:/home/user/.m2/repository/org/apache/commons/commons-text/1.4/commons-text-1.4.jar:/home/user/.m2/repository/org/apache/avro/avro/1.7.7/avro-1.7.7.jar:/home/user/.m2/repository/com/thoughtworks/paranamer/paranamer/2.3/paranamer-2.3.jar:/home/user/.m2/repository/org/xerial/snappy/snappy-java/1.0.5/snappy-java-1.0.5.jar:/home/user/.m2/repository/com/google/re2j/re2j/1.1/re2j-1.1.jar:/home/user/.m2/repository/com/google/code/gson/gson/2.2.4/gson-2.2.4.jar:/home/user/.m2/repository/com/jcraft/jsch/0.1.54/jsch-0.1.54.jar:/home/user/.m2/repository/org/apache/curator/curator-client/2.12.0/curator-client-2.12.0.jar:/home/user/.m2/repository/org/apache/curator/curator-recipes/2.12.0/curator-recipes-2.12.0.jar:/home/user/.m2/repository/com/google/code/findbugs/jsr305/3.0.0/jsr305-3.0.0.jar:/home/user/.m2/repository/org/apache/htrace/htrace-core4/4.1.0-incubating/htrace-core4-4.1.0-incubating.jar:/home/user/.m2/repository/org/apache/zookeeper/zookeeper/3.4.13/zookeeper-3.4.13.jar:/home/user/.m2/repository/jline/jline/0.9.94/jline-0.9.94.jar:/home/user/.m2/repository/org/apache/yetus/audience-annotations/0.5.0/audience-annotations-0.5.0.jar:/home/user/.m2/repository/org/codehaus/woodstox/stax2-api/3.1.4/stax2-api-3.1.4.jar:/home/user/.m2/repository/com/fasterxml/woodstox/woodstox-core/5.0.3/woodstox-core-5.0.3.jar:/home/user/.m2/repository/dnsjava/dnsjava/2.1.7/dnsjava-2.1.7.jar:/home/user/.m2/repository/org/apache/hadoop/hadoop-hdfs/3.2.0/hadoop-hdfs-3.2.0-tests.jar:/home/user/.m2/repository/org/eclipse/jetty/jetty-util-ajax/9.3.25.v20180904/jetty-util-ajax-9.3.25.v20180904.jar:/home/user/.m2/repository/commons-daemon/commons-daemon/1.0.13/commons-daemon-1.0.13.jar:/home/user/.m2/repository/io/netty/netty/3.10.5.Final/netty-3.10.5.Final.jar:/home/user/.m2/repository/io/netty/netty-all/4.0.52.Final/netty-all-4.0.52.Final.jar:/home/user/.m2/repository/org/fusesource/leveldbjni/leveldbjni-all/1.8/leveldbjni-all-1.8.jar:"/>
    <property name="sun.cpu.endian" value="little"/>
    <property name="user.home" value="/home/user"/>
    <property name="user.language" value="en"/>
    <property name="java.specification.vendor" value="Oracle Corporation"/>
    <property name="java.home" value="/usr/lib/jvm/java-1.8.0-openjdk-1.8.0.222.b10-1.el7_7.x86_64/jre"/>
    <property name="surefire.excludesFile" value="/tools/ozone-bad-unit-tests"/>
    <property name="java.security.krb5.conf" value="/workdir/hadoop-ozone/integration-test/target/test-classes/krb5.conf"/>
    <property name="basedir" value="/workdir/hadoop-ozone/integration-test"/>
    <property name="file.separator" value="/"/>
    <property name="line.separator" value="&#10;"/>
    <property name="java.vm.specification.vendor" value="Oracle Corporation"/>
    <property name="java.specification.name" value="Java Platform API Specification"/>
    <property name="java.awt.graphicsenv" value="sun.awt.X11GraphicsEnvironment"/>
    <property name="surefire.real.class.path" value="/workdir/hadoop-ozone/integration-test/target/surefire/surefirebooter5933424647325510735.jar"/>
    <property name="hadoop.log.dir" value="/workdir/hadoop-ozone/integration-test/target/log"/>
    <property name="sun.boot.class.path" value="/usr/lib/jvm/java-1.8.0-openjdk-1.8.0.222.b10-1.el7_7.x86_64/jre/lib/resources.jar:/usr/lib/jvm/java-1.8.0-openjdk-1.8.0.222.b10-1.el7_7.x86_64/jre/lib/rt.jar:/usr/lib/jvm/java-1.8.0-openjdk-1.8.0.222.b10-1.el7_7.x86_64/jre/lib/sunrsasign.jar:/usr/lib/jvm/java-1.8.0-openjdk-1.8.0.222.b10-1.el7_7.x86_64/jre/lib/jsse.jar:/usr/lib/jvm/java-1.8.0-openjdk-1.8.0.222.b10-1.el7_7.x86_64/jre/lib/jce.jar:/usr/lib/jvm/java-1.8.0-openjdk-1.8.0.222.b10-1.el7_7.x86_64/jre/lib/charsets.jar:/usr/lib/jvm/java-1.8.0-openjdk-1.8.0.222.b10-1.el7_7.x86_64/jre/lib/jfr.jar:/usr/lib/jvm/java-1.8.0-openjdk-1.8.0.222.b10-1.el7_7.x86_64/jre/classes"/>
    <property name="sun.management.compiler" value="HotSpot 64-Bit Tiered Compilers"/>
    <property name="java.runtime.version" value="1.8.0_222-b10"/>
    <property name="java.net.preferIPv4Stack" value="true"/>
    <property name="user.name" value="jenkins1000"/>
    <property name="path.separator" value=":"/>
    <property name="java.security.egd" value="file:///dev/urandom"/>
    <property name="os.version" value="3.10.0-957.12.2.el7.x86_64"/>
    <property name="java.endorsed.dirs" value="/usr/lib/jvm/java-1.8.0-openjdk-1.8.0.222.b10-1.el7_7.x86_64/jre/lib/endorsed"/>
    <property name="java.runtime.name" value="OpenJDK Runtime Environment"/>
    <property name="file.encoding" value="ANSI_X3.4-1968"/>
    <property name="java.vm.name" value="OpenJDK 64-Bit Server VM"/>
    <property name="test.build.webapps" value=""/>
    <property name="localRepository" value="/home/user/.m2/repository"/>
    <property name="java.vendor.url.bug" value="http://bugreport.sun.com/bugreport/"/>
    <property name="java.io.tmpdir" value="/tmp"/>
    <property name="require.test.libhadoop" value=""/>
    <property name="java.version" value="1.8.0_222"/>
    <property name="user.dir" value="/workdir/hadoop-ozone/integration-test"/>
    <property name="os.arch" value="amd64"/>
    <property name="java.vm.specification.name" value="Java Virtual Machine Specification"/>
    <property name="test.build.classes" value="/workdir/hadoop-ozone/integration-test/target/test-classes"/>
    <property name="java.awt.printerjob" value="sun.print.PSPrinterJob"/>
    <property name="sun.os.patch.level" value="unknown"/>
    <property name="hadoop.tmp.dir" value="/workdir/hadoop-ozone/integration-test/target/tmp"/>
    <property name="java.library.path" value="/usr/lib:/workdir/hadoop-ozone/integration-test/target/native/target/usr/local/lib:/workdir/hadoop-ozone/integration-test/../../hadoop-common-project/hadoop-common/target/native/target/usr/local/lib:/usr/java/packages/lib/amd64:/usr/lib64:/lib64:/lib:/usr/lib"/>
    <property name="java.vm.info" value="mixed mode"/>
    <property name="java.vendor" value="Oracle Corporation"/>
    <property name="java.vm.version" value="25.222-b10"/>
    <property name="java.ext.dirs" value="/usr/lib/jvm/java-1.8.0-openjdk-1.8.0.222.b10-1.el7_7.x86_64/jre/lib/ext:/usr/java/packages/lib/ext"/>
    <property name="sun.io.unicode.encoding" value="UnicodeLittle"/>
    <property name="java.class.version" value="52.0"/>
  </properties>
  <testcase name="testMultiBlockWritesWithIntermittentDnFailures" classname="org.apache.hadoop.ozone.client.rpc.TestMultiBlockWritesWithDnFailures" time="48.885">
    <failure message="expected:&lt;6&gt; but was:&lt;5&gt;" type="java.lang.AssertionError"><![CDATA[java.lang.AssertionError: expected:<6> but was:<5>
	at org.junit.Assert.fail(Assert.java:88)
	at org.junit.Assert.failNotEquals(Assert.java:743)
	at org.junit.Assert.assertEquals(Assert.java:118)
	at org.junit.Assert.assertEquals(Assert.java:555)
	at org.junit.Assert.assertEquals(Assert.java:542)
	at org.apache.hadoop.ozone.client.rpc.TestMultiBlockWritesWithDnFailures.testMultiBlockWritesWithIntermittentDnFailures(TestMultiBlockWritesWithDnFailures.java:176)
	at sun.reflect.NativeMethodAccessorImpl.invoke0(Native Method)
	at sun.reflect.NativeMethodAccessorImpl.invoke(NativeMethodAccessorImpl.java:62)
	at sun.reflect.DelegatingMethodAccessorImpl.invoke(DelegatingMethodAccessorImpl.java:43)
	at java.lang.reflect.Method.invoke(Method.java:498)
	at org.junit.runners.model.FrameworkMethod$1.runReflectiveCall(FrameworkMethod.java:47)
	at org.junit.internal.runners.model.ReflectiveCallable.run(ReflectiveCallable.java:12)
	at org.junit.runners.model.FrameworkMethod.invokeExplosively(FrameworkMethod.java:44)
	at org.junit.internal.runners.statements.InvokeMethod.evaluate(InvokeMethod.java:17)
	at org.junit.internal.runners.statements.RunAfters.evaluate(RunAfters.java:27)
	at org.junit.runners.ParentRunner.runLeaf(ParentRunner.java:271)
	at org.junit.runners.BlockJUnit4ClassRunner.runChild(BlockJUnit4ClassRunner.java:70)
	at org.junit.runners.BlockJUnit4ClassRunner.runChild(BlockJUnit4ClassRunner.java:50)
	at org.junit.runners.ParentRunner$3.run(ParentRunner.java:238)
	at org.junit.runners.ParentRunner$1.schedule(ParentRunner.java:63)
	at org.junit.runners.ParentRunner.runChildren(ParentRunner.java:236)
	at org.junit.runners.ParentRunner.access$000(ParentRunner.java:53)
	at org.junit.runners.ParentRunner$2.evaluate(ParentRunner.java:229)
	at org.junit.runners.ParentRunner.run(ParentRunner.java:309)
	at org.apache.maven.surefire.junit4.JUnit4Provider.execute(JUnit4Provider.java:365)
	at org.apache.maven.surefire.junit4.JUnit4Provider.executeWithRerun(JUnit4Provider.java:273)
	at org.apache.maven.surefire.junit4.JUnit4Provider.executeTestSet(JUnit4Provider.java:238)
	at org.apache.maven.surefire.junit4.JUnit4Provider.invoke(JUnit4Provider.java:159)
	at org.apache.maven.surefire.booter.ForkedBooter.invokeProviderInSameClassLoader(ForkedBooter.java:384)
	at org.apache.maven.surefire.booter.ForkedBooter.runSuitesInProcess(ForkedBooter.java:345)
	at org.apache.maven.surefire.booter.ForkedBooter.execute(ForkedBooter.java:126)
	at org.apache.maven.surefire.booter.ForkedBooter.main(ForkedBooter.java:418)
]]></failure>
    <system-out><![CDATA[2019-10-18 14:30:06,761 [main] WARN  server.ServerUtils (ServerUtils.java:getScmDbDir(145)) - ozone.scm.db.dirs is not configured. We recommend adding this setting. Falling back to ozone.metadata.dirs instead.
2019-10-18 14:30:06,883 [main] WARN  server.ServerUtils (ServerUtils.java:getScmDbDir(145)) - ozone.scm.db.dirs is not configured. We recommend adding this setting. Falling back to ozone.metadata.dirs instead.
2019-10-18 14:30:06,886 [main] WARN  server.ServerUtils (ServerUtils.java:getScmDbDir(145)) - ozone.scm.db.dirs is not configured. We recommend adding this setting. Falling back to ozone.metadata.dirs instead.
2019-10-18 14:30:06,922 [main] INFO  util.log (Log.java:initialized(192)) - Logging initialized @993ms
2019-10-18 14:30:07,493 [main] INFO  db.DBStoreBuilder (DBStoreBuilder.java:addTable(117)) - using custom profile for table: deletedBlocks
2019-10-18 14:30:07,493 [main] INFO  db.DBStoreBuilder (DBStoreBuilder.java:processTables(168)) - Using default column profile:DBProfile.DISK for Table:deletedBlocks
2019-10-18 14:30:07,494 [main] INFO  db.DBStoreBuilder (DBStoreBuilder.java:addTable(117)) - using custom profile for table: validCerts
2019-10-18 14:30:07,494 [main] INFO  db.DBStoreBuilder (DBStoreBuilder.java:processTables(168)) - Using default column profile:DBProfile.DISK for Table:validCerts
2019-10-18 14:30:07,494 [main] INFO  db.DBStoreBuilder (DBStoreBuilder.java:addTable(117)) - using custom profile for table: revokedCerts
2019-10-18 14:30:07,495 [main] INFO  db.DBStoreBuilder (DBStoreBuilder.java:processTables(168)) - Using default column profile:DBProfile.DISK for Table:revokedCerts
2019-10-18 14:30:07,507 [main] INFO  db.DBStoreBuilder (DBStoreBuilder.java:addTable(117)) - using custom profile for table: default
2019-10-18 14:30:07,508 [main] INFO  db.DBStoreBuilder (DBStoreBuilder.java:processTables(174)) - Using default column profile:DBProfile.DISK for Table:default
2019-10-18 14:30:07,509 [main] INFO  db.DBStoreBuilder (DBStoreBuilder.java:getDbProfile(205)) - Using default options. DBProfile.DISK
2019-10-18 14:30:07,703 [main] INFO  net.NodeSchemaLoader (NodeSchemaLoader.java:loadSchemaFromFile(125)) - Loading file from sun.misc.CompoundEnumeration@6b2ea799
2019-10-18 14:30:07,706 [main] INFO  net.NodeSchemaLoader (NodeSchemaLoader.java:loadSchema(171)) - Loading network topology layer schema file
2019-10-18 14:30:07,767 [main] INFO  node.SCMNodeManager (SCMNodeManager.java:<init>(116)) - Entering startup safe mode.
2019-10-18 14:30:07,847 [main] INFO  algorithms.ContainerPlacementPolicyFactory (ContainerPlacementPolicyFactory.java:getPolicy(57)) - Create container placement policy of type org.apache.hadoop.hdds.scm.container.placement.algorithms.SCMContainerPlacementRandom
2019-10-18 14:30:07,861 [main] WARN  server.ServerUtils (ServerUtils.java:getScmDbDir(145)) - ozone.scm.db.dirs is not configured. We recommend adding this setting. Falling back to ozone.metadata.dirs instead.
2019-10-18 14:30:07,937 [main] INFO  pipeline.SCMPipelineManager (SCMPipelineManager.java:initializePipelineState(132)) - No pipeline exists in current db
2019-10-18 14:30:07,939 [main] WARN  server.ServerUtils (ServerUtils.java:getScmDbDir(145)) - ozone.scm.db.dirs is not configured. We recommend adding this setting. Falling back to ozone.metadata.dirs instead.
2019-10-18 14:30:08,073 [main] WARN  events.EventQueue (EventQueue.java:fireEvent(183)) - No event handler registered for event TypedEvent{payloadType=SafeModeStatus, name='SafeModeStatus'}
2019-10-18 14:30:08,448 [main] INFO  ipc.CallQueueManager (CallQueueManager.java:<init>(84)) - Using callQueue: class java.util.concurrent.LinkedBlockingQueue, queueCapacity: 2000, scheduler: class org.apache.hadoop.ipc.DefaultRpcScheduler, ipcBackoff: false.
2019-10-18 14:30:08,471 [Socket Reader #1 for port 38635] INFO  ipc.Server (Server.java:run(1074)) - Starting Socket Reader #1 for port 38635
2019-10-18 14:30:08,578 [main] INFO  ipc.CallQueueManager (CallQueueManager.java:<init>(84)) - Using callQueue: class java.util.concurrent.LinkedBlockingQueue, queueCapacity: 2000, scheduler: class org.apache.hadoop.ipc.DefaultRpcScheduler, ipcBackoff: false.
2019-10-18 14:30:08,579 [Socket Reader #1 for port 42038] INFO  ipc.Server (Server.java:run(1074)) - Starting Socket Reader #1 for port 42038
2019-10-18 14:30:08,587 [main] INFO  ipc.CallQueueManager (CallQueueManager.java:<init>(84)) - Using callQueue: class java.util.concurrent.LinkedBlockingQueue, queueCapacity: 2000, scheduler: class org.apache.hadoop.ipc.DefaultRpcScheduler, ipcBackoff: false.
2019-10-18 14:30:08,588 [Socket Reader #1 for port 45721] INFO  ipc.Server (Server.java:run(1074)) - Starting Socket Reader #1 for port 45721
2019-10-18 14:30:08,611 [main] INFO  hdfs.DFSUtil (DFSUtil.java:httpServerTemplateForNNAndJN(1641)) - Starting Web-server for scm at: http://0.0.0.0:0
2019-10-18 14:30:08,747 [main] INFO  server.AuthenticationFilter (AuthenticationFilter.java:constructSecretProvider(240)) - Unable to initialize FileSignerSecretProvider, falling back to use random secrets.
2019-10-18 14:30:08,755 [main] WARN  http.HttpRequestLog (HttpRequestLog.java:getRequestLog(97)) - Jetty request log can only be enabled using Log4j
2019-10-18 14:30:08,762 [main] INFO  http.HttpServer2 (HttpServer2.java:addGlobalFilter(975)) - Added global filter 'safety' (class=org.apache.hadoop.http.HttpServer2$QuotingInputFilter)
2019-10-18 14:30:08,764 [main] INFO  http.HttpServer2 (HttpServer2.java:addFilter(948)) - Added filter static_user_filter (class=org.apache.hadoop.http.lib.StaticUserWebFilter$StaticUserFilter) to context scm
2019-10-18 14:30:08,765 [main] INFO  http.HttpServer2 (HttpServer2.java:addFilter(958)) - Added filter static_user_filter (class=org.apache.hadoop.http.lib.StaticUserWebFilter$StaticUserFilter) to context logs
2019-10-18 14:30:08,765 [main] INFO  http.HttpServer2 (HttpServer2.java:addFilter(958)) - Added filter static_user_filter (class=org.apache.hadoop.http.lib.StaticUserWebFilter$StaticUserFilter) to context static
2019-10-18 14:30:08,796 [main] INFO  server.StorageContainerManager (StorageContainerManager.java:start(772)) - StorageContainerLocationProtocol RPC server is listening at /0.0.0.0:45721
2019-10-18 14:30:08,857 [main] WARN  impl.MetricsConfig (MetricsConfig.java:loadFirst(134)) - Cannot locate configuration: tried hadoop-metrics2-storagecontainermanager.properties,hadoop-metrics2.properties
2019-10-18 14:30:08,871 [main] INFO  impl.MetricsSystemImpl (MetricsSystemImpl.java:startTimer(374)) - Scheduled Metric snapshot period at 10 second(s).
2019-10-18 14:30:08,871 [main] INFO  impl.MetricsSystemImpl (MetricsSystemImpl.java:start(191)) - StorageContainerManager metrics system started
2019-10-18 14:30:09,086 [main] INFO  server.SCMClientProtocolServer (SCMClientProtocolServer.java:start(159)) - RPC server for Client  is listening at /0.0.0.0:45721
2019-10-18 14:30:09,087 [IPC Server Responder] INFO  ipc.Server (Server.java:run(1314)) - IPC Server Responder: starting
2019-10-18 14:30:09,087 [IPC Server listener on 45721] INFO  ipc.Server (Server.java:run(1153)) - IPC Server listener on 45721: starting
2019-10-18 14:30:09,089 [main] INFO  server.StorageContainerManager (StorageContainerManager.java:start(782)) - ScmBlockLocationProtocol RPC server is listening at /0.0.0.0:42038
2019-10-18 14:30:09,090 [main] INFO  server.SCMBlockProtocolServer (SCMBlockProtocolServer.java:start(146)) - RPC server for Block Protocol is listening at /0.0.0.0:42038
2019-10-18 14:30:09,090 [IPC Server Responder] INFO  ipc.Server (Server.java:run(1314)) - IPC Server Responder: starting
2019-10-18 14:30:09,090 [IPC Server listener on 42038] INFO  ipc.Server (Server.java:run(1153)) - IPC Server listener on 42038: starting
2019-10-18 14:30:09,092 [main] INFO  server.StorageContainerManager (StorageContainerManager.java:start(786)) - ScmDatanodeProtocl RPC server is listening at /0.0.0.0:38635
2019-10-18 14:30:09,092 [main] INFO  server.SCMDatanodeProtocolServer (SCMDatanodeProtocolServer.java:start(169)) - RPC server for DataNodes is listening at /0.0.0.0:38635
2019-10-18 14:30:09,093 [IPC Server Responder] INFO  ipc.Server (Server.java:run(1314)) - IPC Server Responder: starting
2019-10-18 14:30:09,093 [IPC Server listener on 38635] INFO  ipc.Server (Server.java:run(1153)) - IPC Server listener on 38635: starting
2019-10-18 14:30:09,096 [main] INFO  http.HttpServer2 (HttpServer2.java:bindListener(1191)) - Jetty bound to port 38631
2019-10-18 14:30:09,098 [main] INFO  server.Server (Server.java:doStart(351)) - jetty-9.3.25.v20180904, build timestamp: 2018-09-04T21:11:46Z, git hash: 3ce520221d0240229c862b122d2b06c12a625732
2019-10-18 14:30:09,133 [main] INFO  handler.ContextHandler (ContextHandler.java:doStart(781)) - Started o.e.j.s.ServletContextHandler@340da44c{/logs,file:///workdir/hadoop-ozone/integration-test/target/log,AVAILABLE}
2019-10-18 14:30:09,134 [main] INFO  handler.ContextHandler (ContextHandler.java:doStart(781)) - Started o.e.j.s.ServletContextHandler@37052337{/static,file:///workdir/hadoop-ozone/integration-test/target/test-classes/webapps/static,AVAILABLE}
2019-10-18 14:30:09,195 [main] INFO  handler.ContextHandler (ContextHandler.java:doStart(781)) - Started o.e.j.w.WebAppContext@3b366632{/,file:///workdir/hadoop-ozone/integration-test/target/test-classes/webapps/scm/,AVAILABLE}{/scm}
2019-10-18 14:30:09,201 [main] INFO  server.AbstractConnector (AbstractConnector.java:doStart(278)) - Started ServerConnector@6815c5f2{HTTP/1.1,[http/1.1]}{0.0.0.0:38631}
2019-10-18 14:30:09,201 [main] INFO  server.Server (Server.java:doStart(419)) - Started @3273ms
2019-10-18 14:30:09,203 [main] INFO  impl.MetricsSinkAdapter (MetricsSinkAdapter.java:start(204)) - Sink prometheus started
2019-10-18 14:30:09,204 [main] INFO  impl.MetricsSystemImpl (MetricsSystemImpl.java:registerSink(301)) - Registered sink prometheus
2019-10-18 14:30:09,205 [main] INFO  server.BaseHttpServer (BaseHttpServer.java:updateConnectorAddress(215)) - HTTP server of SCM is listening at http://0.0.0.0:38631
2019-10-18 14:30:09,210 [org.apache.hadoop.util.JvmPauseMonitor$Monitor@4263b080] INFO  util.JvmPauseMonitor (JvmPauseMonitor.java:run(188)) - Starting JVM pause monitor
2019-10-18 14:30:09,214 [main] WARN  server.ServerUtils (ServerUtils.java:getDBPath(222)) - ozone.om.db.dirs is not configured. We recommend adding this setting. Falling back to ozone.metadata.dirs instead.
2019-10-18 14:30:09,315 [main] INFO  ha.OMHANodeDetails (OMHANodeDetails.java:loadOMHAConfig(190)) - Configuration either no ozone.om.address set. Falling back to the default OM address /127.0.0.1:0
2019-10-18 14:30:09,315 [main] INFO  ha.OMHANodeDetails (OMHANodeDetails.java:getOMNodeDetails(220)) - OM Service ID is not set. Setting it to the default ID: omServiceIdDefault
2019-10-18 14:30:09,317 [main] WARN  server.ServerUtils (ServerUtils.java:getDBPath(222)) - ozone.om.db.dirs is not configured. We recommend adding this setting. Falling back to ozone.metadata.dirs instead.
2019-10-18 14:30:09,317 [main] WARN  server.ServerUtils (ServerUtils.java:getDBPath(222)) - ozone.om.db.dirs is not configured. We recommend adding this setting. Falling back to ozone.metadata.dirs instead.
2019-10-18 14:30:09,902 [main] WARN  server.ServerUtils (ServerUtils.java:getDBPath(222)) - ozone.om.db.dirs is not configured. We recommend adding this setting. Falling back to ozone.metadata.dirs instead.
2019-10-18 14:30:09,909 [main] INFO  db.DBStoreBuilder (DBStoreBuilder.java:addTable(117)) - using custom profile for table: userTable
2019-10-18 14:30:09,910 [main] INFO  db.DBStoreBuilder (DBStoreBuilder.java:processTables(168)) - Using default column profile:DBProfile.DISK for Table:userTable
2019-10-18 14:30:09,910 [main] INFO  db.DBStoreBuilder (DBStoreBuilder.java:addTable(117)) - using custom profile for table: volumeTable
2019-10-18 14:30:09,910 [main] INFO  db.DBStoreBuilder (DBStoreBuilder.java:processTables(168)) - Using default column profile:DBProfile.DISK for Table:volumeTable
2019-10-18 14:30:09,910 [main] INFO  db.DBStoreBuilder (DBStoreBuilder.java:addTable(117)) - using custom profile for table: bucketTable
2019-10-18 14:30:09,911 [main] INFO  db.DBStoreBuilder (DBStoreBuilder.java:processTables(168)) - Using default column profile:DBProfile.DISK for Table:bucketTable
2019-10-18 14:30:09,911 [main] INFO  db.DBStoreBuilder (DBStoreBuilder.java:addTable(117)) - using custom profile for table: keyTable
2019-10-18 14:30:09,911 [main] INFO  db.DBStoreBuilder (DBStoreBuilder.java:processTables(168)) - Using default column profile:DBProfile.DISK for Table:keyTable
2019-10-18 14:30:09,911 [main] INFO  db.DBStoreBuilder (DBStoreBuilder.java:addTable(117)) - using custom profile for table: deletedTable
2019-10-18 14:30:09,911 [main] INFO  db.DBStoreBuilder (DBStoreBuilder.java:processTables(168)) - Using default column profile:DBProfile.DISK for Table:deletedTable
2019-10-18 14:30:09,912 [main] INFO  db.DBStoreBuilder (DBStoreBuilder.java:addTable(117)) - using custom profile for table: openKeyTable
2019-10-18 14:30:09,912 [main] INFO  db.DBStoreBuilder (DBStoreBuilder.java:processTables(168)) - Using default column profile:DBProfile.DISK for Table:openKeyTable
2019-10-18 14:30:09,912 [main] INFO  db.DBStoreBuilder (DBStoreBuilder.java:addTable(117)) - using custom profile for table: s3Table
2019-10-18 14:30:09,912 [main] INFO  db.DBStoreBuilder (DBStoreBuilder.java:processTables(168)) - Using default column profile:DBProfile.DISK for Table:s3Table
2019-10-18 14:30:09,913 [main] INFO  db.DBStoreBuilder (DBStoreBuilder.java:addTable(117)) - using custom profile for table: multipartInfoTable
2019-10-18 14:30:09,913 [main] INFO  db.DBStoreBuilder (DBStoreBuilder.java:processTables(168)) - Using default column profile:DBProfile.DISK for Table:multipartInfoTable
2019-10-18 14:30:09,913 [main] INFO  db.DBStoreBuilder (DBStoreBuilder.java:addTable(117)) - using custom profile for table: dTokenTable
2019-10-18 14:30:09,913 [main] INFO  db.DBStoreBuilder (DBStoreBuilder.java:processTables(168)) - Using default column profile:DBProfile.DISK for Table:dTokenTable
2019-10-18 14:30:09,913 [main] INFO  db.DBStoreBuilder (DBStoreBuilder.java:addTable(117)) - using custom profile for table: s3SecretTable
2019-10-18 14:30:09,914 [main] INFO  db.DBStoreBuilder (DBStoreBuilder.java:processTables(168)) - Using default column profile:DBProfile.DISK for Table:s3SecretTable
2019-10-18 14:30:09,914 [main] INFO  db.DBStoreBuilder (DBStoreBuilder.java:addTable(117)) - using custom profile for table: prefixTable
2019-10-18 14:30:09,914 [main] INFO  db.DBStoreBuilder (DBStoreBuilder.java:processTables(168)) - Using default column profile:DBProfile.DISK for Table:prefixTable
2019-10-18 14:30:09,914 [main] INFO  db.DBStoreBuilder (DBStoreBuilder.java:addTable(117)) - using custom profile for table: default
2019-10-18 14:30:09,915 [main] INFO  db.DBStoreBuilder (DBStoreBuilder.java:processTables(174)) - Using default column profile:DBProfile.DISK for Table:default
2019-10-18 14:30:09,915 [main] INFO  db.DBStoreBuilder (DBStoreBuilder.java:getDbProfile(205)) - Using default options. DBProfile.DISK
2019-10-18 14:30:10,304 [main] INFO  ipc.CallQueueManager (CallQueueManager.java:<init>(84)) - Using callQueue: class java.util.concurrent.LinkedBlockingQueue, queueCapacity: 2000, scheduler: class org.apache.hadoop.ipc.DefaultRpcScheduler, ipcBackoff: false.
2019-10-18 14:30:10,305 [Socket Reader #1 for port 46845] INFO  ipc.Server (Server.java:run(1074)) - Starting Socket Reader #1 for port 46845
2019-10-18 14:30:10,323 [main] INFO  om.OzoneManager (OzoneManager.java:start(1074)) - OzoneManager RPC server is listening at localhost/127.0.0.1:46845
2019-10-18 14:30:10,323 [main] INFO  impl.MetricsSystemImpl (MetricsSystemImpl.java:init(158)) - OzoneManager metrics system started (again)
2019-10-18 14:30:10,331 [IPC Server Responder] INFO  ipc.Server (Server.java:run(1314)) - IPC Server Responder: starting
2019-10-18 14:30:10,331 [IPC Server listener on 46845] INFO  ipc.Server (Server.java:run(1153)) - IPC Server listener on 46845: starting
2019-10-18 14:30:10,336 [main] INFO  hdfs.DFSUtil (DFSUtil.java:httpServerTemplateForNNAndJN(1641)) - Starting Web-server for ozoneManager at: http://0.0.0.0:0
2019-10-18 14:30:10,338 [main] INFO  server.AuthenticationFilter (AuthenticationFilter.java:constructSecretProvider(240)) - Unable to initialize FileSignerSecretProvider, falling back to use random secrets.
2019-10-18 14:30:10,339 [main] WARN  http.HttpRequestLog (HttpRequestLog.java:getRequestLog(97)) - Jetty request log can only be enabled using Log4j
2019-10-18 14:30:10,340 [main] INFO  http.HttpServer2 (HttpServer2.java:addGlobalFilter(975)) - Added global filter 'safety' (class=org.apache.hadoop.http.HttpServer2$QuotingInputFilter)
2019-10-18 14:30:10,341 [main] INFO  http.HttpServer2 (HttpServer2.java:addFilter(948)) - Added filter static_user_filter (class=org.apache.hadoop.http.lib.StaticUserWebFilter$StaticUserFilter) to context ozoneManager
2019-10-18 14:30:10,341 [main] INFO  http.HttpServer2 (HttpServer2.java:addFilter(958)) - Added filter static_user_filter (class=org.apache.hadoop.http.lib.StaticUserWebFilter$StaticUserFilter) to context logs
2019-10-18 14:30:10,342 [main] INFO  http.HttpServer2 (HttpServer2.java:addFilter(958)) - Added filter static_user_filter (class=org.apache.hadoop.http.lib.StaticUserWebFilter$StaticUserFilter) to context static
2019-10-18 14:30:10,344 [main] INFO  http.HttpServer2 (HttpServer2.java:bindListener(1191)) - Jetty bound to port 34574
2019-10-18 14:30:10,345 [main] INFO  server.Server (Server.java:doStart(351)) - jetty-9.3.25.v20180904, build timestamp: 2018-09-04T21:11:46Z, git hash: 3ce520221d0240229c862b122d2b06c12a625732
2019-10-18 14:30:10,348 [main] INFO  handler.ContextHandler (ContextHandler.java:doStart(781)) - Started o.e.j.s.ServletContextHandler@6b63d445{/logs,file:///workdir/hadoop-ozone/integration-test/target/log,AVAILABLE}
2019-10-18 14:30:10,349 [main] INFO  handler.ContextHandler (ContextHandler.java:doStart(781)) - Started o.e.j.s.ServletContextHandler@30b2b76f{/static,file:///workdir/hadoop-ozone/integration-test/target/test-classes/webapps/static,AVAILABLE}
2019-10-18 14:30:10,374 [main] INFO  handler.ContextHandler (ContextHandler.java:doStart(781)) - Started o.e.j.w.WebAppContext@12db3386{/,file:///workdir/hadoop-ozone/integration-test/target/test-classes/webapps/ozoneManager/,AVAILABLE}{/ozoneManager}
2019-10-18 14:30:10,375 [main] INFO  server.AbstractConnector (AbstractConnector.java:doStart(278)) - Started ServerConnector@4078695f{HTTP/1.1,[http/1.1]}{0.0.0.0:34574}
2019-10-18 14:30:10,376 [main] INFO  server.Server (Server.java:doStart(419)) - Started @4447ms
2019-10-18 14:30:10,376 [main] WARN  impl.MetricsSystemImpl (MetricsSystemImpl.java:register(276)) - Sink prometheus already exists!
2019-10-18 14:30:10,377 [main] INFO  server.BaseHttpServer (BaseHttpServer.java:updateConnectorAddress(215)) - HTTP server of OZONEMANAGER is listening at http://0.0.0.0:34574
2019-10-18 14:30:10,623 [main] INFO  impl.MetricsSystemImpl (MetricsSystemImpl.java:init(158)) - HddsDatanode metrics system started (again)
2019-10-18 14:30:10,666 [main] INFO  ozone.HddsDatanodeService (HddsDatanodeService.java:start(184)) - HddsDatanodeService host:pr-hdds-2327-vtdmt-1103746116 ip:192.168.164.233
2019-10-18 14:30:10,695 [main] INFO  volume.HddsVolume (HddsVolume.java:<init>(176)) - Creating Volume: /workdir/hadoop-ozone/integration-test/target/test-dir/MiniOzoneClusterImpl-11a902be-dfbe-4759-94b9-65959d8d71e6/datanode-0/data/containers/hdds of  storage type : DISK and capacity : 1482555576320
2019-10-18 14:30:10,698 [main] INFO  volume.VolumeSet (VolumeSet.java:initializeVolumeSet(170)) - Added Volume : /workdir/hadoop-ozone/integration-test/target/test-dir/MiniOzoneClusterImpl-11a902be-dfbe-4759-94b9-65959d8d71e6/datanode-0/data/containers/hdds to VolumeSet
2019-10-18 14:30:10,701 [main] INFO  volume.ThrottledAsyncChecker (ThrottledAsyncChecker.java:schedule(141)) - Scheduling a check for /workdir/hadoop-ozone/integration-test/target/test-dir/MiniOzoneClusterImpl-11a902be-dfbe-4759-94b9-65959d8d71e6/datanode-0/data/containers/hdds
2019-10-18 14:30:10,717 [main] INFO  volume.HddsVolumeChecker (HddsVolumeChecker.java:checkAllVolumes(204)) - Scheduled health check for volume /workdir/hadoop-ozone/integration-test/target/test-dir/MiniOzoneClusterImpl-11a902be-dfbe-4759-94b9-65959d8d71e6/datanode-0/data/containers/hdds
2019-10-18 14:30:10,825 [main] INFO  impl.RaftServerProxy (ConfUtils.java:logGet(43)) - raft.rpc.type = GRPC (default)
2019-10-18 14:30:10,888 [main] INFO  grpc.GrpcFactory (GrpcFactory.java:checkPooledByteBufAllocatorUseCacheForAllThreads(45)) - PERFORMANCE WARNING: useCacheForAllThreads is true that may cause Netty to create a lot garbage objects and, as a result, trigger GC.
	It is recommended to disable useCacheForAllThreads by setting -Dorg.apache.ratis.thirdparty.io.netty.allocator.useCacheForAllThreads=false in command line.
2019-10-18 14:30:10,893 [main] INFO  grpc.GrpcConfigKeys$Server (ConfUtils.java:logGet(43)) - raft.grpc.server.port = 0 (default)
2019-10-18 14:30:10,894 [main] INFO  server.GrpcService (ConfUtils.java:logGet(43)) - raft.grpc.message.size.max = 33570816 (custom)
2019-10-18 14:30:10,896 [main] INFO  server.RaftServerConfigKeys (ConfUtils.java:logGet(43)) - raft.server.log.appender.buffer.byte-limit = 33554432 (custom)
2019-10-18 14:30:10,897 [main] INFO  server.GrpcService (ConfUtils.java:logGet(43)) - raft.grpc.flow.control.window = 1MB (=1048576) (default)
2019-10-18 14:30:10,897 [main] INFO  server.RaftServerConfigKeys (ConfUtils.java:logGet(43)) - raft.server.rpc.request.timeout = 3000ms (default)
2019-10-18 14:30:11,046 [main] INFO  server.RaftServerConfigKeys (ConfUtils.java:logGet(43)) - raft.server.storage.dir = [/workdir/hadoop-ozone/integration-test/target/test-dir/MiniOzoneClusterImpl-11a902be-dfbe-4759-94b9-65959d8d71e6/datanode-0/data/ratis] (custom)
2019-10-18 14:30:11,094 [main] INFO  hdfs.DFSUtil (DFSUtil.java:httpServerTemplateForNNAndJN(1641)) - Starting Web-server for hddsDatanode at: http://0.0.0.0:0
2019-10-18 14:30:11,096 [main] INFO  server.AuthenticationFilter (AuthenticationFilter.java:constructSecretProvider(240)) - Unable to initialize FileSignerSecretProvider, falling back to use random secrets.
2019-10-18 14:30:11,096 [main] WARN  http.HttpRequestLog (HttpRequestLog.java:getRequestLog(97)) - Jetty request log can only be enabled using Log4j
2019-10-18 14:30:11,099 [main] INFO  http.HttpServer2 (HttpServer2.java:addGlobalFilter(975)) - Added global filter 'safety' (class=org.apache.hadoop.http.HttpServer2$QuotingInputFilter)
2019-10-18 14:30:11,100 [main] INFO  http.HttpServer2 (HttpServer2.java:addFilter(948)) - Added filter static_user_filter (class=org.apache.hadoop.http.lib.StaticUserWebFilter$StaticUserFilter) to context hddsDatanode
2019-10-18 14:30:11,100 [main] INFO  http.HttpServer2 (HttpServer2.java:addFilter(958)) - Added filter static_user_filter (class=org.apache.hadoop.http.lib.StaticUserWebFilter$StaticUserFilter) to context static
2019-10-18 14:30:11,101 [main] INFO  http.HttpServer2 (HttpServer2.java:addFilter(958)) - Added filter static_user_filter (class=org.apache.hadoop.http.lib.StaticUserWebFilter$StaticUserFilter) to context logs
2019-10-18 14:30:11,102 [main] INFO  http.HttpServer2 (HttpServer2.java:bindListener(1191)) - Jetty bound to port 42797
2019-10-18 14:30:11,102 [main] INFO  server.Server (Server.java:doStart(351)) - jetty-9.3.25.v20180904, build timestamp: 2018-09-04T21:11:46Z, git hash: 3ce520221d0240229c862b122d2b06c12a625732
2019-10-18 14:30:11,106 [main] INFO  handler.ContextHandler (ContextHandler.java:doStart(781)) - Started o.e.j.s.ServletContextHandler@644ded04{/logs,file:///workdir/hadoop-ozone/integration-test/target/log,AVAILABLE}
2019-10-18 14:30:11,107 [main] INFO  handler.ContextHandler (ContextHandler.java:doStart(781)) - Started o.e.j.s.ServletContextHandler@13d9261f{/static,jar:file:/home/user/.m2/repository/org/apache/hadoop/hadoop-hdds-container-service/0.5.0-SNAPSHOT/hadoop-hdds-container-service-0.5.0-SNAPSHOT.jar!/webapps/static,AVAILABLE}
2019-10-18 14:30:11,149 [main] INFO  handler.ContextHandler (ContextHandler.java:doStart(781)) - Started o.e.j.w.WebAppContext@61cd1c71{/,file:///tmp/jetty-0.0.0.0-42797-hddsDatanode-_-any-7130493663080720507.dir/webapp/,AVAILABLE}{/hddsDatanode}
2019-10-18 14:30:11,150 [main] INFO  server.AbstractConnector (AbstractConnector.java:doStart(278)) - Started ServerConnector@6724cdec{HTTP/1.1,[http/1.1]}{0.0.0.0:42797}
2019-10-18 14:30:11,152 [main] INFO  server.Server (Server.java:doStart(419)) - Started @5224ms
2019-10-18 14:30:11,153 [main] WARN  impl.MetricsSystemImpl (MetricsSystemImpl.java:register(276)) - Sink prometheus already exists!
2019-10-18 14:30:11,154 [main] INFO  server.BaseHttpServer (BaseHttpServer.java:updateConnectorAddress(215)) - HTTP server of HDDSDATANODE is listening at http://0.0.0.0:42797
2019-10-18 14:30:11,156 [main] INFO  impl.MetricsSystemImpl (MetricsSystemImpl.java:init(158)) - HddsDatanode metrics system started (again)
2019-10-18 14:30:11,159 [main] INFO  ozone.HddsDatanodeService (HddsDatanodeService.java:start(184)) - HddsDatanodeService host:pr-hdds-2327-vtdmt-1103746116 ip:192.168.164.233
2019-10-18 14:30:11,175 [org.apache.hadoop.util.JvmPauseMonitor$Monitor@4d75d5b0] INFO  util.JvmPauseMonitor (JvmPauseMonitor.java:run(188)) - Starting JVM pause monitor
2019-10-18 14:30:11,176 [main] INFO  volume.HddsVolume (HddsVolume.java:<init>(176)) - Creating Volume: /workdir/hadoop-ozone/integration-test/target/test-dir/MiniOzoneClusterImpl-11a902be-dfbe-4759-94b9-65959d8d71e6/datanode-1/data/containers/hdds of  storage type : DISK and capacity : 1482555576320
2019-10-18 14:30:11,178 [main] INFO  volume.VolumeSet (VolumeSet.java:initializeVolumeSet(170)) - Added Volume : /workdir/hadoop-ozone/integration-test/target/test-dir/MiniOzoneClusterImpl-11a902be-dfbe-4759-94b9-65959d8d71e6/datanode-1/data/containers/hdds to VolumeSet
2019-10-18 14:30:11,178 [main] INFO  volume.ThrottledAsyncChecker (ThrottledAsyncChecker.java:schedule(141)) - Scheduling a check for /workdir/hadoop-ozone/integration-test/target/test-dir/MiniOzoneClusterImpl-11a902be-dfbe-4759-94b9-65959d8d71e6/datanode-1/data/containers/hdds
2019-10-18 14:30:11,180 [main] INFO  volume.HddsVolumeChecker (HddsVolumeChecker.java:checkAllVolumes(204)) - Scheduled health check for volume /workdir/hadoop-ozone/integration-test/target/test-dir/MiniOzoneClusterImpl-11a902be-dfbe-4759-94b9-65959d8d71e6/datanode-1/data/containers/hdds
2019-10-18 14:30:11,193 [main] INFO  impl.RaftServerProxy (ConfUtils.java:logGet(43)) - raft.rpc.type = GRPC (default)
2019-10-18 14:30:11,193 [main] INFO  grpc.GrpcFactory (GrpcFactory.java:checkPooledByteBufAllocatorUseCacheForAllThreads(45)) - PERFORMANCE WARNING: useCacheForAllThreads is true that may cause Netty to create a lot garbage objects and, as a result, trigger GC.
	It is recommended to disable useCacheForAllThreads by setting -Dorg.apache.ratis.thirdparty.io.netty.allocator.useCacheForAllThreads=false in command line.
2019-10-18 14:30:11,194 [main] INFO  grpc.GrpcConfigKeys$Server (ConfUtils.java:logGet(43)) - raft.grpc.server.port = 0 (default)
2019-10-18 14:30:11,194 [main] INFO  server.GrpcService (ConfUtils.java:logGet(43)) - raft.grpc.message.size.max = 33570816 (custom)
2019-10-18 14:30:11,194 [main] INFO  server.RaftServerConfigKeys (ConfUtils.java:logGet(43)) - raft.server.log.appender.buffer.byte-limit = 33554432 (custom)
2019-10-18 14:30:11,194 [main] INFO  server.GrpcService (ConfUtils.java:logGet(43)) - raft.grpc.flow.control.window = 1MB (=1048576) (default)
2019-10-18 14:30:11,194 [main] INFO  server.RaftServerConfigKeys (ConfUtils.java:logGet(43)) - raft.server.rpc.request.timeout = 3000ms (default)
2019-10-18 14:30:11,195 [main] INFO  server.RaftServerConfigKeys (ConfUtils.java:logGet(43)) - raft.server.storage.dir = [/workdir/hadoop-ozone/integration-test/target/test-dir/MiniOzoneClusterImpl-11a902be-dfbe-4759-94b9-65959d8d71e6/datanode-1/data/ratis] (custom)
2019-10-18 14:30:11,197 [main] INFO  hdfs.DFSUtil (DFSUtil.java:httpServerTemplateForNNAndJN(1641)) - Starting Web-server for hddsDatanode at: http://0.0.0.0:0
2019-10-18 14:30:11,199 [main] INFO  server.AuthenticationFilter (AuthenticationFilter.java:constructSecretProvider(240)) - Unable to initialize FileSignerSecretProvider, falling back to use random secrets.
2019-10-18 14:30:11,199 [main] WARN  http.HttpRequestLog (HttpRequestLog.java:getRequestLog(97)) - Jetty request log can only be enabled using Log4j
2019-10-18 14:30:11,201 [main] INFO  http.HttpServer2 (HttpServer2.java:addGlobalFilter(975)) - Added global filter 'safety' (class=org.apache.hadoop.http.HttpServer2$QuotingInputFilter)
2019-10-18 14:30:11,205 [main] INFO  http.HttpServer2 (HttpServer2.java:addFilter(948)) - Added filter static_user_filter (class=org.apache.hadoop.http.lib.StaticUserWebFilter$StaticUserFilter) to context hddsDatanode
2019-10-18 14:30:11,205 [main] INFO  http.HttpServer2 (HttpServer2.java:addFilter(958)) - Added filter static_user_filter (class=org.apache.hadoop.http.lib.StaticUserWebFilter$StaticUserFilter) to context static
2019-10-18 14:30:11,205 [main] INFO  http.HttpServer2 (HttpServer2.java:addFilter(958)) - Added filter static_user_filter (class=org.apache.hadoop.http.lib.StaticUserWebFilter$StaticUserFilter) to context logs
2019-10-18 14:30:11,207 [main] INFO  http.HttpServer2 (HttpServer2.java:bindListener(1191)) - Jetty bound to port 35451
2019-10-18 14:30:11,207 [main] INFO  server.Server (Server.java:doStart(351)) - jetty-9.3.25.v20180904, build timestamp: 2018-09-04T21:11:46Z, git hash: 3ce520221d0240229c862b122d2b06c12a625732
2019-10-18 14:30:11,211 [main] INFO  handler.ContextHandler (ContextHandler.java:doStart(781)) - Started o.e.j.s.ServletContextHandler@fab35b1{/logs,file:///workdir/hadoop-ozone/integration-test/target/log,AVAILABLE}
2019-10-18 14:30:11,212 [main] INFO  handler.ContextHandler (ContextHandler.java:doStart(781)) - Started o.e.j.s.ServletContextHandler@65bdd558{/static,jar:file:/home/user/.m2/repository/org/apache/hadoop/hadoop-hdds-container-service/0.5.0-SNAPSHOT/hadoop-hdds-container-service-0.5.0-SNAPSHOT.jar!/webapps/static,AVAILABLE}
2019-10-18 14:30:11,242 [main] INFO  handler.ContextHandler (ContextHandler.java:doStart(781)) - Started o.e.j.w.WebAppContext@17f2dd85{/,file:///tmp/jetty-0.0.0.0-35451-hddsDatanode-_-any-2439989719570143718.dir/webapp/,AVAILABLE}{/hddsDatanode}
2019-10-18 14:30:11,243 [main] INFO  server.AbstractConnector (AbstractConnector.java:doStart(278)) - Started ServerConnector@1e58512c{HTTP/1.1,[http/1.1]}{0.0.0.0:35451}
2019-10-18 14:30:11,244 [main] INFO  server.Server (Server.java:doStart(419)) - Started @5316ms
2019-10-18 14:30:11,244 [main] WARN  impl.MetricsSystemImpl (MetricsSystemImpl.java:register(276)) - Sink prometheus already exists!
2019-10-18 14:30:11,245 [main] INFO  server.BaseHttpServer (BaseHttpServer.java:updateConnectorAddress(215)) - HTTP server of HDDSDATANODE is listening at http://0.0.0.0:35451
2019-10-18 14:30:11,246 [main] INFO  impl.MetricsSystemImpl (MetricsSystemImpl.java:init(158)) - HddsDatanode metrics system started (again)
2019-10-18 14:30:11,249 [org.apache.hadoop.util.JvmPauseMonitor$Monitor@68e8a4f1] INFO  util.JvmPauseMonitor (JvmPauseMonitor.java:run(188)) - Starting JVM pause monitor
2019-10-18 14:30:11,250 [main] INFO  ozone.HddsDatanodeService (HddsDatanodeService.java:start(184)) - HddsDatanodeService host:pr-hdds-2327-vtdmt-1103746116 ip:192.168.164.233
2019-10-18 14:30:11,259 [main] INFO  volume.HddsVolume (HddsVolume.java:<init>(176)) - Creating Volume: /workdir/hadoop-ozone/integration-test/target/test-dir/MiniOzoneClusterImpl-11a902be-dfbe-4759-94b9-65959d8d71e6/datanode-2/data/containers/hdds of  storage type : DISK and capacity : 1482555576320
2019-10-18 14:30:11,260 [main] INFO  volume.VolumeSet (VolumeSet.java:initializeVolumeSet(170)) - Added Volume : /workdir/hadoop-ozone/integration-test/target/test-dir/MiniOzoneClusterImpl-11a902be-dfbe-4759-94b9-65959d8d71e6/datanode-2/data/containers/hdds to VolumeSet
2019-10-18 14:30:11,261 [main] INFO  volume.ThrottledAsyncChecker (ThrottledAsyncChecker.java:schedule(141)) - Scheduling a check for /workdir/hadoop-ozone/integration-test/target/test-dir/MiniOzoneClusterImpl-11a902be-dfbe-4759-94b9-65959d8d71e6/datanode-2/data/containers/hdds
2019-10-18 14:30:11,262 [main] INFO  volume.HddsVolumeChecker (HddsVolumeChecker.java:checkAllVolumes(204)) - Scheduled health check for volume /workdir/hadoop-ozone/integration-test/target/test-dir/MiniOzoneClusterImpl-11a902be-dfbe-4759-94b9-65959d8d71e6/datanode-2/data/containers/hdds
2019-10-18 14:30:11,279 [main] INFO  impl.RaftServerProxy (ConfUtils.java:logGet(43)) - raft.rpc.type = GRPC (default)
2019-10-18 14:30:11,280 [main] INFO  grpc.GrpcFactory (GrpcFactory.java:checkPooledByteBufAllocatorUseCacheForAllThreads(45)) - PERFORMANCE WARNING: useCacheForAllThreads is true that may cause Netty to create a lot garbage objects and, as a result, trigger GC.
	It is recommended to disable useCacheForAllThreads by setting -Dorg.apache.ratis.thirdparty.io.netty.allocator.useCacheForAllThreads=false in command line.
2019-10-18 14:30:11,280 [main] INFO  grpc.GrpcConfigKeys$Server (ConfUtils.java:logGet(43)) - raft.grpc.server.port = 0 (default)
2019-10-18 14:30:11,281 [main] INFO  server.GrpcService (ConfUtils.java:logGet(43)) - raft.grpc.message.size.max = 33570816 (custom)
2019-10-18 14:30:11,281 [main] INFO  server.RaftServerConfigKeys (ConfUtils.java:logGet(43)) - raft.server.log.appender.buffer.byte-limit = 33554432 (custom)
2019-10-18 14:30:11,281 [main] INFO  server.GrpcService (ConfUtils.java:logGet(43)) - raft.grpc.flow.control.window = 1MB (=1048576) (default)
2019-10-18 14:30:11,281 [main] INFO  server.RaftServerConfigKeys (ConfUtils.java:logGet(43)) - raft.server.rpc.request.timeout = 3000ms (default)
2019-10-18 14:30:11,283 [main] INFO  server.RaftServerConfigKeys (ConfUtils.java:logGet(43)) - raft.server.storage.dir = [/workdir/hadoop-ozone/integration-test/target/test-dir/MiniOzoneClusterImpl-11a902be-dfbe-4759-94b9-65959d8d71e6/datanode-2/data/ratis] (custom)
2019-10-18 14:30:11,287 [main] INFO  hdfs.DFSUtil (DFSUtil.java:httpServerTemplateForNNAndJN(1641)) - Starting Web-server for hddsDatanode at: http://0.0.0.0:0
2019-10-18 14:30:11,288 [main] INFO  server.AuthenticationFilter (AuthenticationFilter.java:constructSecretProvider(240)) - Unable to initialize FileSignerSecretProvider, falling back to use random secrets.
2019-10-18 14:30:11,289 [main] WARN  http.HttpRequestLog (HttpRequestLog.java:getRequestLog(97)) - Jetty request log can only be enabled using Log4j
2019-10-18 14:30:11,290 [main] INFO  http.HttpServer2 (HttpServer2.java:addGlobalFilter(975)) - Added global filter 'safety' (class=org.apache.hadoop.http.HttpServer2$QuotingInputFilter)
2019-10-18 14:30:11,291 [Datanode State Machine Thread - 0] INFO  datanode.InitDatanodeState (InitDatanodeState.java:persistContainerDatanodeDetails(140)) - DatanodeDetails is persisted to /workdir/hadoop-ozone/integration-test/target/test-dir/MiniOzoneClusterImpl-11a902be-dfbe-4759-94b9-65959d8d71e6/datanode-0/meta/datanode.id
2019-10-18 14:30:11,291 [main] INFO  http.HttpServer2 (HttpServer2.java:addFilter(948)) - Added filter static_user_filter (class=org.apache.hadoop.http.lib.StaticUserWebFilter$StaticUserFilter) to context hddsDatanode
2019-10-18 14:30:11,291 [main] INFO  http.HttpServer2 (HttpServer2.java:addFilter(958)) - Added filter static_user_filter (class=org.apache.hadoop.http.lib.StaticUserWebFilter$StaticUserFilter) to context static
2019-10-18 14:30:11,291 [main] INFO  http.HttpServer2 (HttpServer2.java:addFilter(958)) - Added filter static_user_filter (class=org.apache.hadoop.http.lib.StaticUserWebFilter$StaticUserFilter) to context logs
2019-10-18 14:30:11,293 [main] INFO  http.HttpServer2 (HttpServer2.java:bindListener(1191)) - Jetty bound to port 43875
2019-10-18 14:30:11,293 [main] INFO  server.Server (Server.java:doStart(351)) - jetty-9.3.25.v20180904, build timestamp: 2018-09-04T21:11:46Z, git hash: 3ce520221d0240229c862b122d2b06c12a625732
2019-10-18 14:30:11,294 [Datanode State Machine Thread - 0] INFO  datanode.InitDatanodeState (InitDatanodeState.java:persistContainerDatanodeDetails(140)) - DatanodeDetails is persisted to /workdir/hadoop-ozone/integration-test/target/test-dir/MiniOzoneClusterImpl-11a902be-dfbe-4759-94b9-65959d8d71e6/datanode-1/meta/datanode.id
2019-10-18 14:30:11,295 [main] INFO  handler.ContextHandler (ContextHandler.java:doStart(781)) - Started o.e.j.s.ServletContextHandler@d109c4f{/logs,file:///workdir/hadoop-ozone/integration-test/target/log,AVAILABLE}
2019-10-18 14:30:11,296 [main] INFO  handler.ContextHandler (ContextHandler.java:doStart(781)) - Started o.e.j.s.ServletContextHandler@26f46fa6{/static,jar:file:/home/user/.m2/repository/org/apache/hadoop/hadoop-hdds-container-service/0.5.0-SNAPSHOT/hadoop-hdds-container-service-0.5.0-SNAPSHOT.jar!/webapps/static,AVAILABLE}
2019-10-18 14:30:11,325 [main] INFO  handler.ContextHandler (ContextHandler.java:doStart(781)) - Started o.e.j.w.WebAppContext@4c6007fb{/,file:///tmp/jetty-0.0.0.0-43875-hddsDatanode-_-any-61290707671437440.dir/webapp/,AVAILABLE}{/hddsDatanode}
2019-10-18 14:30:11,326 [main] INFO  server.AbstractConnector (AbstractConnector.java:doStart(278)) - Started ServerConnector@3e33d73e{HTTP/1.1,[http/1.1]}{0.0.0.0:43875}
2019-10-18 14:30:11,327 [main] INFO  server.Server (Server.java:doStart(419)) - Started @5399ms
2019-10-18 14:30:11,327 [main] WARN  impl.MetricsSystemImpl (MetricsSystemImpl.java:register(276)) - Sink prometheus already exists!
2019-10-18 14:30:11,328 [main] INFO  server.BaseHttpServer (BaseHttpServer.java:updateConnectorAddress(215)) - HTTP server of HDDSDATANODE is listening at http://0.0.0.0:43875
2019-10-18 14:30:11,329 [main] INFO  impl.MetricsSystemImpl (MetricsSystemImpl.java:init(158)) - HddsDatanode metrics system started (again)
2019-10-18 14:30:11,331 [org.apache.hadoop.util.JvmPauseMonitor$Monitor@1331c32] INFO  util.JvmPauseMonitor (JvmPauseMonitor.java:run(188)) - Starting JVM pause monitor
2019-10-18 14:30:11,331 [main] INFO  ozone.HddsDatanodeService (HddsDatanodeService.java:start(184)) - HddsDatanodeService host:pr-hdds-2327-vtdmt-1103746116 ip:192.168.164.233
2019-10-18 14:30:11,334 [Datanode State Machine Thread - 0] INFO  datanode.InitDatanodeState (InitDatanodeState.java:persistContainerDatanodeDetails(140)) - DatanodeDetails is persisted to /workdir/hadoop-ozone/integration-test/target/test-dir/MiniOzoneClusterImpl-11a902be-dfbe-4759-94b9-65959d8d71e6/datanode-2/meta/datanode.id
2019-10-18 14:30:11,338 [main] INFO  volume.HddsVolume (HddsVolume.java:<init>(176)) - Creating Volume: /workdir/hadoop-ozone/integration-test/target/test-dir/MiniOzoneClusterImpl-11a902be-dfbe-4759-94b9-65959d8d71e6/datanode-3/data/containers/hdds of  storage type : DISK and capacity : 1482555576320
2019-10-18 14:30:11,339 [main] INFO  volume.VolumeSet (VolumeSet.java:initializeVolumeSet(170)) - Added Volume : /workdir/hadoop-ozone/integration-test/target/test-dir/MiniOzoneClusterImpl-11a902be-dfbe-4759-94b9-65959d8d71e6/datanode-3/data/containers/hdds to VolumeSet
2019-10-18 14:30:11,339 [main] INFO  volume.ThrottledAsyncChecker (ThrottledAsyncChecker.java:schedule(141)) - Scheduling a check for /workdir/hadoop-ozone/integration-test/target/test-dir/MiniOzoneClusterImpl-11a902be-dfbe-4759-94b9-65959d8d71e6/datanode-3/data/containers/hdds
2019-10-18 14:30:11,340 [main] INFO  volume.HddsVolumeChecker (HddsVolumeChecker.java:checkAllVolumes(204)) - Scheduled health check for volume /workdir/hadoop-ozone/integration-test/target/test-dir/MiniOzoneClusterImpl-11a902be-dfbe-4759-94b9-65959d8d71e6/datanode-3/data/containers/hdds
2019-10-18 14:30:11,351 [main] INFO  impl.RaftServerProxy (ConfUtils.java:logGet(43)) - raft.rpc.type = GRPC (default)
2019-10-18 14:30:11,352 [main] INFO  grpc.GrpcFactory (GrpcFactory.java:checkPooledByteBufAllocatorUseCacheForAllThreads(45)) - PERFORMANCE WARNING: useCacheForAllThreads is true that may cause Netty to create a lot garbage objects and, as a result, trigger GC.
	It is recommended to disable useCacheForAllThreads by setting -Dorg.apache.ratis.thirdparty.io.netty.allocator.useCacheForAllThreads=false in command line.
2019-10-18 14:30:11,352 [main] INFO  grpc.GrpcConfigKeys$Server (ConfUtils.java:logGet(43)) - raft.grpc.server.port = 0 (default)
2019-10-18 14:30:11,352 [main] INFO  server.GrpcService (ConfUtils.java:logGet(43)) - raft.grpc.message.size.max = 33570816 (custom)
2019-10-18 14:30:11,352 [main] INFO  server.RaftServerConfigKeys (ConfUtils.java:logGet(43)) - raft.server.log.appender.buffer.byte-limit = 33554432 (custom)
2019-10-18 14:30:11,352 [main] INFO  server.GrpcService (ConfUtils.java:logGet(43)) - raft.grpc.flow.control.window = 1MB (=1048576) (default)
2019-10-18 14:30:11,352 [main] INFO  server.RaftServerConfigKeys (ConfUtils.java:logGet(43)) - raft.server.rpc.request.timeout = 3000ms (default)
2019-10-18 14:30:11,353 [main] INFO  server.RaftServerConfigKeys (ConfUtils.java:logGet(43)) - raft.server.storage.dir = [/workdir/hadoop-ozone/integration-test/target/test-dir/MiniOzoneClusterImpl-11a902be-dfbe-4759-94b9-65959d8d71e6/datanode-3/data/ratis] (custom)
2019-10-18 14:30:11,355 [main] INFO  hdfs.DFSUtil (DFSUtil.java:httpServerTemplateForNNAndJN(1641)) - Starting Web-server for hddsDatanode at: http://0.0.0.0:0
2019-10-18 14:30:11,356 [main] INFO  server.AuthenticationFilter (AuthenticationFilter.java:constructSecretProvider(240)) - Unable to initialize FileSignerSecretProvider, falling back to use random secrets.
2019-10-18 14:30:11,356 [main] WARN  http.HttpRequestLog (HttpRequestLog.java:getRequestLog(97)) - Jetty request log can only be enabled using Log4j
2019-10-18 14:30:11,358 [main] INFO  http.HttpServer2 (HttpServer2.java:addGlobalFilter(975)) - Added global filter 'safety' (class=org.apache.hadoop.http.HttpServer2$QuotingInputFilter)
2019-10-18 14:30:11,358 [main] INFO  http.HttpServer2 (HttpServer2.java:addFilter(948)) - Added filter static_user_filter (class=org.apache.hadoop.http.lib.StaticUserWebFilter$StaticUserFilter) to context hddsDatanode
2019-10-18 14:30:11,359 [main] INFO  http.HttpServer2 (HttpServer2.java:addFilter(958)) - Added filter static_user_filter (class=org.apache.hadoop.http.lib.StaticUserWebFilter$StaticUserFilter) to context logs
2019-10-18 14:30:11,359 [main] INFO  http.HttpServer2 (HttpServer2.java:addFilter(958)) - Added filter static_user_filter (class=org.apache.hadoop.http.lib.StaticUserWebFilter$StaticUserFilter) to context static
2019-10-18 14:30:11,359 [main] INFO  http.HttpServer2 (HttpServer2.java:bindListener(1191)) - Jetty bound to port 34707
2019-10-18 14:30:11,360 [main] INFO  server.Server (Server.java:doStart(351)) - jetty-9.3.25.v20180904, build timestamp: 2018-09-04T21:11:46Z, git hash: 3ce520221d0240229c862b122d2b06c12a625732
2019-10-18 14:30:11,363 [main] INFO  handler.ContextHandler (ContextHandler.java:doStart(781)) - Started o.e.j.s.ServletContextHandler@4b200971{/logs,file:///workdir/hadoop-ozone/integration-test/target/log,AVAILABLE}
2019-10-18 14:30:11,363 [main] INFO  handler.ContextHandler (ContextHandler.java:doStart(781)) - Started o.e.j.s.ServletContextHandler@68d7a2df{/static,jar:file:/home/user/.m2/repository/org/apache/hadoop/hadoop-hdds-container-service/0.5.0-SNAPSHOT/hadoop-hdds-container-service-0.5.0-SNAPSHOT.jar!/webapps/static,AVAILABLE}
2019-10-18 14:30:11,427 [main] INFO  handler.ContextHandler (ContextHandler.java:doStart(781)) - Started o.e.j.w.WebAppContext@4da6d664{/,file:///tmp/jetty-0.0.0.0-34707-hddsDatanode-_-any-5413265662315093136.dir/webapp/,AVAILABLE}{/hddsDatanode}
2019-10-18 14:30:11,429 [main] INFO  server.AbstractConnector (AbstractConnector.java:doStart(278)) - Started ServerConnector@5e5af8e1{HTTP/1.1,[http/1.1]}{0.0.0.0:34707}
2019-10-18 14:30:11,429 [main] INFO  server.Server (Server.java:doStart(419)) - Started @5501ms
2019-10-18 14:30:11,430 [main] WARN  impl.MetricsSystemImpl (MetricsSystemImpl.java:register(276)) - Sink prometheus already exists!
2019-10-18 14:30:11,431 [main] INFO  server.BaseHttpServer (BaseHttpServer.java:updateConnectorAddress(215)) - HTTP server of HDDSDATANODE is listening at http://0.0.0.0:34707
2019-10-18 14:30:11,431 [main] INFO  impl.MetricsSystemImpl (MetricsSystemImpl.java:init(158)) - HddsDatanode metrics system started (again)
2019-10-18 14:30:11,433 [main] INFO  ozone.HddsDatanodeService (HddsDatanodeService.java:start(184)) - HddsDatanodeService host:pr-hdds-2327-vtdmt-1103746116 ip:192.168.164.233
2019-10-18 14:30:11,433 [org.apache.hadoop.util.JvmPauseMonitor$Monitor@171b9faf] INFO  util.JvmPauseMonitor (JvmPauseMonitor.java:run(188)) - Starting JVM pause monitor
2019-10-18 14:30:11,436 [Datanode State Machine Thread - 0] INFO  datanode.InitDatanodeState (InitDatanodeState.java:persistContainerDatanodeDetails(140)) - DatanodeDetails is persisted to /workdir/hadoop-ozone/integration-test/target/test-dir/MiniOzoneClusterImpl-11a902be-dfbe-4759-94b9-65959d8d71e6/datanode-3/meta/datanode.id
2019-10-18 14:30:11,441 [main] INFO  volume.HddsVolume (HddsVolume.java:<init>(176)) - Creating Volume: /workdir/hadoop-ozone/integration-test/target/test-dir/MiniOzoneClusterImpl-11a902be-dfbe-4759-94b9-65959d8d71e6/datanode-4/data/containers/hdds of  storage type : DISK and capacity : 1482555576320
2019-10-18 14:30:11,441 [main] INFO  volume.VolumeSet (VolumeSet.java:initializeVolumeSet(170)) - Added Volume : /workdir/hadoop-ozone/integration-test/target/test-dir/MiniOzoneClusterImpl-11a902be-dfbe-4759-94b9-65959d8d71e6/datanode-4/data/containers/hdds to VolumeSet
2019-10-18 14:30:11,442 [main] INFO  volume.ThrottledAsyncChecker (ThrottledAsyncChecker.java:schedule(141)) - Scheduling a check for /workdir/hadoop-ozone/integration-test/target/test-dir/MiniOzoneClusterImpl-11a902be-dfbe-4759-94b9-65959d8d71e6/datanode-4/data/containers/hdds
2019-10-18 14:30:11,442 [main] INFO  volume.HddsVolumeChecker (HddsVolumeChecker.java:checkAllVolumes(204)) - Scheduled health check for volume /workdir/hadoop-ozone/integration-test/target/test-dir/MiniOzoneClusterImpl-11a902be-dfbe-4759-94b9-65959d8d71e6/datanode-4/data/containers/hdds
2019-10-18 14:30:11,455 [main] INFO  impl.RaftServerProxy (ConfUtils.java:logGet(43)) - raft.rpc.type = GRPC (default)
2019-10-18 14:30:11,455 [main] INFO  grpc.GrpcFactory (GrpcFactory.java:checkPooledByteBufAllocatorUseCacheForAllThreads(45)) - PERFORMANCE WARNING: useCacheForAllThreads is true that may cause Netty to create a lot garbage objects and, as a result, trigger GC.
	It is recommended to disable useCacheForAllThreads by setting -Dorg.apache.ratis.thirdparty.io.netty.allocator.useCacheForAllThreads=false in command line.
2019-10-18 14:30:11,455 [main] INFO  grpc.GrpcConfigKeys$Server (ConfUtils.java:logGet(43)) - raft.grpc.server.port = 0 (default)
2019-10-18 14:30:11,456 [main] INFO  server.GrpcService (ConfUtils.java:logGet(43)) - raft.grpc.message.size.max = 33570816 (custom)
2019-10-18 14:30:11,456 [main] INFO  server.RaftServerConfigKeys (ConfUtils.java:logGet(43)) - raft.server.log.appender.buffer.byte-limit = 33554432 (custom)
2019-10-18 14:30:11,456 [main] INFO  server.GrpcService (ConfUtils.java:logGet(43)) - raft.grpc.flow.control.window = 1MB (=1048576) (default)
2019-10-18 14:30:11,456 [main] INFO  server.RaftServerConfigKeys (ConfUtils.java:logGet(43)) - raft.server.rpc.request.timeout = 3000ms (default)
2019-10-18 14:30:11,457 [main] INFO  server.RaftServerConfigKeys (ConfUtils.java:logGet(43)) - raft.server.storage.dir = [/workdir/hadoop-ozone/integration-test/target/test-dir/MiniOzoneClusterImpl-11a902be-dfbe-4759-94b9-65959d8d71e6/datanode-4/data/ratis] (custom)
2019-10-18 14:30:11,459 [main] INFO  hdfs.DFSUtil (DFSUtil.java:httpServerTemplateForNNAndJN(1641)) - Starting Web-server for hddsDatanode at: http://0.0.0.0:0
2019-10-18 14:30:11,460 [main] INFO  server.AuthenticationFilter (AuthenticationFilter.java:constructSecretProvider(240)) - Unable to initialize FileSignerSecretProvider, falling back to use random secrets.
2019-10-18 14:30:11,461 [main] WARN  http.HttpRequestLog (HttpRequestLog.java:getRequestLog(97)) - Jetty request log can only be enabled using Log4j
2019-10-18 14:30:11,462 [main] INFO  http.HttpServer2 (HttpServer2.java:addGlobalFilter(975)) - Added global filter 'safety' (class=org.apache.hadoop.http.HttpServer2$QuotingInputFilter)
2019-10-18 14:30:11,463 [main] INFO  http.HttpServer2 (HttpServer2.java:addFilter(948)) - Added filter static_user_filter (class=org.apache.hadoop.http.lib.StaticUserWebFilter$StaticUserFilter) to context hddsDatanode
2019-10-18 14:30:11,463 [main] INFO  http.HttpServer2 (HttpServer2.java:addFilter(958)) - Added filter static_user_filter (class=org.apache.hadoop.http.lib.StaticUserWebFilter$StaticUserFilter) to context static
2019-10-18 14:30:11,463 [main] INFO  http.HttpServer2 (HttpServer2.java:addFilter(958)) - Added filter static_user_filter (class=org.apache.hadoop.http.lib.StaticUserWebFilter$StaticUserFilter) to context logs
2019-10-18 14:30:11,464 [main] INFO  http.HttpServer2 (HttpServer2.java:bindListener(1191)) - Jetty bound to port 44634
2019-10-18 14:30:11,464 [main] INFO  server.Server (Server.java:doStart(351)) - jetty-9.3.25.v20180904, build timestamp: 2018-09-04T21:11:46Z, git hash: 3ce520221d0240229c862b122d2b06c12a625732
2019-10-18 14:30:11,466 [main] INFO  handler.ContextHandler (ContextHandler.java:doStart(781)) - Started o.e.j.s.ServletContextHandler@712cfb63{/logs,file:///workdir/hadoop-ozone/integration-test/target/log,AVAILABLE}
2019-10-18 14:30:11,466 [main] INFO  handler.ContextHandler (ContextHandler.java:doStart(781)) - Started o.e.j.s.ServletContextHandler@15639440{/static,jar:file:/home/user/.m2/repository/org/apache/hadoop/hadoop-hdds-container-service/0.5.0-SNAPSHOT/hadoop-hdds-container-service-0.5.0-SNAPSHOT.jar!/webapps/static,AVAILABLE}
2019-10-18 14:30:11,495 [main] INFO  handler.ContextHandler (ContextHandler.java:doStart(781)) - Started o.e.j.w.WebAppContext@5a6fa56e{/,file:///tmp/jetty-0.0.0.0-44634-hddsDatanode-_-any-6924612627237450445.dir/webapp/,AVAILABLE}{/hddsDatanode}
2019-10-18 14:30:11,496 [main] INFO  server.AbstractConnector (AbstractConnector.java:doStart(278)) - Started ServerConnector@1981d861{HTTP/1.1,[http/1.1]}{0.0.0.0:44634}
2019-10-18 14:30:11,497 [main] INFO  server.Server (Server.java:doStart(419)) - Started @5568ms
2019-10-18 14:30:11,497 [main] WARN  impl.MetricsSystemImpl (MetricsSystemImpl.java:register(276)) - Sink prometheus already exists!
2019-10-18 14:30:11,498 [main] INFO  server.BaseHttpServer (BaseHttpServer.java:updateConnectorAddress(215)) - HTTP server of HDDSDATANODE is listening at http://0.0.0.0:44634
2019-10-18 14:30:11,498 [main] INFO  impl.MetricsSystemImpl (MetricsSystemImpl.java:init(158)) - HddsDatanode metrics system started (again)
2019-10-18 14:30:11,502 [org.apache.hadoop.util.JvmPauseMonitor$Monitor@dec1a65] INFO  util.JvmPauseMonitor (JvmPauseMonitor.java:run(188)) - Starting JVM pause monitor
2019-10-18 14:30:11,502 [main] INFO  ozone.HddsDatanodeService (HddsDatanodeService.java:start(184)) - HddsDatanodeService host:pr-hdds-2327-vtdmt-1103746116 ip:192.168.164.233
2019-10-18 14:30:11,507 [Datanode State Machine Thread - 0] INFO  datanode.InitDatanodeState (InitDatanodeState.java:persistContainerDatanodeDetails(140)) - DatanodeDetails is persisted to /workdir/hadoop-ozone/integration-test/target/test-dir/MiniOzoneClusterImpl-11a902be-dfbe-4759-94b9-65959d8d71e6/datanode-4/meta/datanode.id
2019-10-18 14:30:11,516 [main] INFO  volume.HddsVolume (HddsVolume.java:<init>(176)) - Creating Volume: /workdir/hadoop-ozone/integration-test/target/test-dir/MiniOzoneClusterImpl-11a902be-dfbe-4759-94b9-65959d8d71e6/datanode-5/data/containers/hdds of  storage type : DISK and capacity : 1482555576320
2019-10-18 14:30:11,516 [main] INFO  volume.VolumeSet (VolumeSet.java:initializeVolumeSet(170)) - Added Volume : /workdir/hadoop-ozone/integration-test/target/test-dir/MiniOzoneClusterImpl-11a902be-dfbe-4759-94b9-65959d8d71e6/datanode-5/data/containers/hdds to VolumeSet
2019-10-18 14:30:11,517 [main] INFO  volume.ThrottledAsyncChecker (ThrottledAsyncChecker.java:schedule(141)) - Scheduling a check for /workdir/hadoop-ozone/integration-test/target/test-dir/MiniOzoneClusterImpl-11a902be-dfbe-4759-94b9-65959d8d71e6/datanode-5/data/containers/hdds
2019-10-18 14:30:11,517 [main] INFO  volume.HddsVolumeChecker (HddsVolumeChecker.java:checkAllVolumes(204)) - Scheduled health check for volume /workdir/hadoop-ozone/integration-test/target/test-dir/MiniOzoneClusterImpl-11a902be-dfbe-4759-94b9-65959d8d71e6/datanode-5/data/containers/hdds
2019-10-18 14:30:11,532 [main] INFO  impl.RaftServerProxy (ConfUtils.java:logGet(43)) - raft.rpc.type = GRPC (default)
2019-10-18 14:30:11,532 [main] INFO  grpc.GrpcFactory (GrpcFactory.java:checkPooledByteBufAllocatorUseCacheForAllThreads(45)) - PERFORMANCE WARNING: useCacheForAllThreads is true that may cause Netty to create a lot garbage objects and, as a result, trigger GC.
	It is recommended to disable useCacheForAllThreads by setting -Dorg.apache.ratis.thirdparty.io.netty.allocator.useCacheForAllThreads=false in command line.
2019-10-18 14:30:11,532 [main] INFO  grpc.GrpcConfigKeys$Server (ConfUtils.java:logGet(43)) - raft.grpc.server.port = 0 (default)
2019-10-18 14:30:11,533 [main] INFO  server.GrpcService (ConfUtils.java:logGet(43)) - raft.grpc.message.size.max = 33570816 (custom)
2019-10-18 14:30:11,533 [main] INFO  server.RaftServerConfigKeys (ConfUtils.java:logGet(43)) - raft.server.log.appender.buffer.byte-limit = 33554432 (custom)
2019-10-18 14:30:11,533 [main] INFO  server.GrpcService (ConfUtils.java:logGet(43)) - raft.grpc.flow.control.window = 1MB (=1048576) (default)
2019-10-18 14:30:11,533 [main] INFO  server.RaftServerConfigKeys (ConfUtils.java:logGet(43)) - raft.server.rpc.request.timeout = 3000ms (default)
2019-10-18 14:30:11,534 [main] INFO  server.RaftServerConfigKeys (ConfUtils.java:logGet(43)) - raft.server.storage.dir = [/workdir/hadoop-ozone/integration-test/target/test-dir/MiniOzoneClusterImpl-11a902be-dfbe-4759-94b9-65959d8d71e6/datanode-5/data/ratis] (custom)
2019-10-18 14:30:11,535 [main] INFO  hdfs.DFSUtil (DFSUtil.java:httpServerTemplateForNNAndJN(1641)) - Starting Web-server for hddsDatanode at: http://0.0.0.0:0
2019-10-18 14:30:11,537 [main] INFO  server.AuthenticationFilter (AuthenticationFilter.java:constructSecretProvider(240)) - Unable to initialize FileSignerSecretProvider, falling back to use random secrets.
2019-10-18 14:30:11,537 [main] WARN  http.HttpRequestLog (HttpRequestLog.java:getRequestLog(97)) - Jetty request log can only be enabled using Log4j
2019-10-18 14:30:11,538 [main] INFO  http.HttpServer2 (HttpServer2.java:addGlobalFilter(975)) - Added global filter 'safety' (class=org.apache.hadoop.http.HttpServer2$QuotingInputFilter)
2019-10-18 14:30:11,539 [main] INFO  http.HttpServer2 (HttpServer2.java:addFilter(948)) - Added filter static_user_filter (class=org.apache.hadoop.http.lib.StaticUserWebFilter$StaticUserFilter) to context hddsDatanode
2019-10-18 14:30:11,539 [main] INFO  http.HttpServer2 (HttpServer2.java:addFilter(958)) - Added filter static_user_filter (class=org.apache.hadoop.http.lib.StaticUserWebFilter$StaticUserFilter) to context logs
2019-10-18 14:30:11,539 [main] INFO  http.HttpServer2 (HttpServer2.java:addFilter(958)) - Added filter static_user_filter (class=org.apache.hadoop.http.lib.StaticUserWebFilter$StaticUserFilter) to context static
2019-10-18 14:30:11,540 [main] INFO  http.HttpServer2 (HttpServer2.java:bindListener(1191)) - Jetty bound to port 37888
2019-10-18 14:30:11,540 [main] INFO  server.Server (Server.java:doStart(351)) - jetty-9.3.25.v20180904, build timestamp: 2018-09-04T21:11:46Z, git hash: 3ce520221d0240229c862b122d2b06c12a625732
2019-10-18 14:30:11,542 [main] INFO  handler.ContextHandler (ContextHandler.java:doStart(781)) - Started o.e.j.s.ServletContextHandler@1305c126{/logs,file:///workdir/hadoop-ozone/integration-test/target/log,AVAILABLE}
2019-10-18 14:30:11,542 [main] INFO  handler.ContextHandler (ContextHandler.java:doStart(781)) - Started o.e.j.s.ServletContextHandler@4c1bdcc2{/static,jar:file:/home/user/.m2/repository/org/apache/hadoop/hadoop-hdds-container-service/0.5.0-SNAPSHOT/hadoop-hdds-container-service-0.5.0-SNAPSHOT.jar!/webapps/static,AVAILABLE}
2019-10-18 14:30:11,626 [main] INFO  handler.ContextHandler (ContextHandler.java:doStart(781)) - Started o.e.j.w.WebAppContext@715b886f{/,file:///tmp/jetty-0.0.0.0-37888-hddsDatanode-_-any-8841048944260171329.dir/webapp/,AVAILABLE}{/hddsDatanode}
2019-10-18 14:30:11,627 [main] INFO  server.AbstractConnector (AbstractConnector.java:doStart(278)) - Started ServerConnector@7fb29ca9{HTTP/1.1,[http/1.1]}{0.0.0.0:37888}
2019-10-18 14:30:11,628 [main] INFO  server.Server (Server.java:doStart(419)) - Started @5699ms
2019-10-18 14:30:11,628 [main] WARN  impl.MetricsSystemImpl (MetricsSystemImpl.java:register(276)) - Sink prometheus already exists!
2019-10-18 14:30:11,629 [main] INFO  server.BaseHttpServer (BaseHttpServer.java:updateConnectorAddress(215)) - HTTP server of HDDSDATANODE is listening at http://0.0.0.0:37888
2019-10-18 14:30:11,630 [main] INFO  impl.MetricsSystemImpl (MetricsSystemImpl.java:init(158)) - HddsDatanode metrics system started (again)
2019-10-18 14:30:11,639 [org.apache.hadoop.util.JvmPauseMonitor$Monitor@19d3e3cd] INFO  util.JvmPauseMonitor (JvmPauseMonitor.java:run(188)) - Starting JVM pause monitor
2019-10-18 14:30:11,640 [main] INFO  ozone.HddsDatanodeService (HddsDatanodeService.java:start(184)) - HddsDatanodeService host:pr-hdds-2327-vtdmt-1103746116 ip:192.168.164.233
2019-10-18 14:30:11,641 [Datanode State Machine Thread - 0] INFO  datanode.InitDatanodeState (InitDatanodeState.java:persistContainerDatanodeDetails(140)) - DatanodeDetails is persisted to /workdir/hadoop-ozone/integration-test/target/test-dir/MiniOzoneClusterImpl-11a902be-dfbe-4759-94b9-65959d8d71e6/datanode-5/meta/datanode.id
2019-10-18 14:30:11,647 [main] INFO  volume.HddsVolume (HddsVolume.java:<init>(176)) - Creating Volume: /workdir/hadoop-ozone/integration-test/target/test-dir/MiniOzoneClusterImpl-11a902be-dfbe-4759-94b9-65959d8d71e6/datanode-6/data/containers/hdds of  storage type : DISK and capacity : 1482555576320
2019-10-18 14:30:11,649 [main] INFO  volume.VolumeSet (VolumeSet.java:initializeVolumeSet(170)) - Added Volume : /workdir/hadoop-ozone/integration-test/target/test-dir/MiniOzoneClusterImpl-11a902be-dfbe-4759-94b9-65959d8d71e6/datanode-6/data/containers/hdds to VolumeSet
2019-10-18 14:30:11,649 [main] INFO  volume.ThrottledAsyncChecker (ThrottledAsyncChecker.java:schedule(141)) - Scheduling a check for /workdir/hadoop-ozone/integration-test/target/test-dir/MiniOzoneClusterImpl-11a902be-dfbe-4759-94b9-65959d8d71e6/datanode-6/data/containers/hdds
2019-10-18 14:30:11,650 [main] INFO  volume.HddsVolumeChecker (HddsVolumeChecker.java:checkAllVolumes(204)) - Scheduled health check for volume /workdir/hadoop-ozone/integration-test/target/test-dir/MiniOzoneClusterImpl-11a902be-dfbe-4759-94b9-65959d8d71e6/datanode-6/data/containers/hdds
2019-10-18 14:30:11,678 [main] INFO  impl.RaftServerProxy (ConfUtils.java:logGet(43)) - raft.rpc.type = GRPC (default)
2019-10-18 14:30:11,679 [main] INFO  grpc.GrpcFactory (GrpcFactory.java:checkPooledByteBufAllocatorUseCacheForAllThreads(45)) - PERFORMANCE WARNING: useCacheForAllThreads is true that may cause Netty to create a lot garbage objects and, as a result, trigger GC.
	It is recommended to disable useCacheForAllThreads by setting -Dorg.apache.ratis.thirdparty.io.netty.allocator.useCacheForAllThreads=false in command line.
2019-10-18 14:30:11,679 [main] INFO  grpc.GrpcConfigKeys$Server (ConfUtils.java:logGet(43)) - raft.grpc.server.port = 0 (default)
2019-10-18 14:30:11,679 [main] INFO  server.GrpcService (ConfUtils.java:logGet(43)) - raft.grpc.message.size.max = 33570816 (custom)
2019-10-18 14:30:11,680 [main] INFO  server.RaftServerConfigKeys (ConfUtils.java:logGet(43)) - raft.server.log.appender.buffer.byte-limit = 33554432 (custom)
2019-10-18 14:30:11,680 [main] INFO  server.GrpcService (ConfUtils.java:logGet(43)) - raft.grpc.flow.control.window = 1MB (=1048576) (default)
2019-10-18 14:30:11,680 [main] INFO  server.RaftServerConfigKeys (ConfUtils.java:logGet(43)) - raft.server.rpc.request.timeout = 3000ms (default)
2019-10-18 14:30:11,681 [main] INFO  server.RaftServerConfigKeys (ConfUtils.java:logGet(43)) - raft.server.storage.dir = [/workdir/hadoop-ozone/integration-test/target/test-dir/MiniOzoneClusterImpl-11a902be-dfbe-4759-94b9-65959d8d71e6/datanode-6/data/ratis] (custom)
2019-10-18 14:30:11,684 [main] INFO  hdfs.DFSUtil (DFSUtil.java:httpServerTemplateForNNAndJN(1641)) - Starting Web-server for hddsDatanode at: http://0.0.0.0:0
2019-10-18 14:30:11,685 [main] INFO  server.AuthenticationFilter (AuthenticationFilter.java:constructSecretProvider(240)) - Unable to initialize FileSignerSecretProvider, falling back to use random secrets.
2019-10-18 14:30:11,686 [main] WARN  http.HttpRequestLog (HttpRequestLog.java:getRequestLog(97)) - Jetty request log can only be enabled using Log4j
2019-10-18 14:30:11,688 [main] INFO  http.HttpServer2 (HttpServer2.java:addGlobalFilter(975)) - Added global filter 'safety' (class=org.apache.hadoop.http.HttpServer2$QuotingInputFilter)
2019-10-18 14:30:11,689 [main] INFO  http.HttpServer2 (HttpServer2.java:addFilter(948)) - Added filter static_user_filter (class=org.apache.hadoop.http.lib.StaticUserWebFilter$StaticUserFilter) to context hddsDatanode
2019-10-18 14:30:11,689 [main] INFO  http.HttpServer2 (HttpServer2.java:addFilter(958)) - Added filter static_user_filter (class=org.apache.hadoop.http.lib.StaticUserWebFilter$StaticUserFilter) to context logs
2019-10-18 14:30:11,690 [main] INFO  http.HttpServer2 (HttpServer2.java:addFilter(958)) - Added filter static_user_filter (class=org.apache.hadoop.http.lib.StaticUserWebFilter$StaticUserFilter) to context static
2019-10-18 14:30:11,691 [main] INFO  http.HttpServer2 (HttpServer2.java:bindListener(1191)) - Jetty bound to port 43521
2019-10-18 14:30:11,691 [main] INFO  server.Server (Server.java:doStart(351)) - jetty-9.3.25.v20180904, build timestamp: 2018-09-04T21:11:46Z, git hash: 3ce520221d0240229c862b122d2b06c12a625732
2019-10-18 14:30:11,693 [main] INFO  handler.ContextHandler (ContextHandler.java:doStart(781)) - Started o.e.j.s.ServletContextHandler@4228bf58{/logs,file:///workdir/hadoop-ozone/integration-test/target/log,AVAILABLE}
2019-10-18 14:30:11,694 [main] INFO  handler.ContextHandler (ContextHandler.java:doStart(781)) - Started o.e.j.s.ServletContextHandler@20b9d5d5{/static,jar:file:/home/user/.m2/repository/org/apache/hadoop/hadoop-hdds-container-service/0.5.0-SNAPSHOT/hadoop-hdds-container-service-0.5.0-SNAPSHOT.jar!/webapps/static,AVAILABLE}
2019-10-18 14:30:11,758 [main] INFO  handler.ContextHandler (ContextHandler.java:doStart(781)) - Started o.e.j.w.WebAppContext@5ea4300e{/,file:///tmp/jetty-0.0.0.0-43521-hddsDatanode-_-any-342115601552880176.dir/webapp/,AVAILABLE}{/hddsDatanode}
2019-10-18 14:30:11,760 [main] INFO  server.AbstractConnector (AbstractConnector.java:doStart(278)) - Started ServerConnector@5a1c3cb4{HTTP/1.1,[http/1.1]}{0.0.0.0:43521}
2019-10-18 14:30:11,760 [main] INFO  server.Server (Server.java:doStart(419)) - Started @5832ms
2019-10-18 14:30:11,760 [main] WARN  impl.MetricsSystemImpl (MetricsSystemImpl.java:register(276)) - Sink prometheus already exists!
2019-10-18 14:30:11,761 [main] INFO  server.BaseHttpServer (BaseHttpServer.java:updateConnectorAddress(215)) - HTTP server of HDDSDATANODE is listening at http://0.0.0.0:43521
2019-10-18 14:30:11,762 [main] INFO  impl.MetricsSystemImpl (MetricsSystemImpl.java:init(158)) - HddsDatanode metrics system started (again)
2019-10-18 14:30:11,766 [org.apache.hadoop.util.JvmPauseMonitor$Monitor@1c76d485] INFO  util.JvmPauseMonitor (JvmPauseMonitor.java:run(188)) - Starting JVM pause monitor
2019-10-18 14:30:11,766 [main] INFO  ozone.HddsDatanodeService (HddsDatanodeService.java:start(184)) - HddsDatanodeService host:pr-hdds-2327-vtdmt-1103746116 ip:192.168.164.233
2019-10-18 14:30:11,769 [Datanode State Machine Thread - 0] INFO  datanode.InitDatanodeState (InitDatanodeState.java:persistContainerDatanodeDetails(140)) - DatanodeDetails is persisted to /workdir/hadoop-ozone/integration-test/target/test-dir/MiniOzoneClusterImpl-11a902be-dfbe-4759-94b9-65959d8d71e6/datanode-6/meta/datanode.id
2019-10-18 14:30:11,778 [main] INFO  volume.HddsVolume (HddsVolume.java:<init>(176)) - Creating Volume: /workdir/hadoop-ozone/integration-test/target/test-dir/MiniOzoneClusterImpl-11a902be-dfbe-4759-94b9-65959d8d71e6/datanode-7/data/containers/hdds of  storage type : DISK and capacity : 1482555576320
2019-10-18 14:30:11,779 [main] INFO  volume.VolumeSet (VolumeSet.java:initializeVolumeSet(170)) - Added Volume : /workdir/hadoop-ozone/integration-test/target/test-dir/MiniOzoneClusterImpl-11a902be-dfbe-4759-94b9-65959d8d71e6/datanode-7/data/containers/hdds to VolumeSet
2019-10-18 14:30:11,779 [main] INFO  volume.ThrottledAsyncChecker (ThrottledAsyncChecker.java:schedule(141)) - Scheduling a check for /workdir/hadoop-ozone/integration-test/target/test-dir/MiniOzoneClusterImpl-11a902be-dfbe-4759-94b9-65959d8d71e6/datanode-7/data/containers/hdds
2019-10-18 14:30:11,779 [main] INFO  volume.HddsVolumeChecker (HddsVolumeChecker.java:checkAllVolumes(204)) - Scheduled health check for volume /workdir/hadoop-ozone/integration-test/target/test-dir/MiniOzoneClusterImpl-11a902be-dfbe-4759-94b9-65959d8d71e6/datanode-7/data/containers/hdds
2019-10-18 14:30:11,795 [main] INFO  impl.RaftServerProxy (ConfUtils.java:logGet(43)) - raft.rpc.type = GRPC (default)
2019-10-18 14:30:11,796 [main] INFO  grpc.GrpcFactory (GrpcFactory.java:checkPooledByteBufAllocatorUseCacheForAllThreads(45)) - PERFORMANCE WARNING: useCacheForAllThreads is true that may cause Netty to create a lot garbage objects and, as a result, trigger GC.
	It is recommended to disable useCacheForAllThreads by setting -Dorg.apache.ratis.thirdparty.io.netty.allocator.useCacheForAllThreads=false in command line.
2019-10-18 14:30:11,796 [main] INFO  grpc.GrpcConfigKeys$Server (ConfUtils.java:logGet(43)) - raft.grpc.server.port = 0 (default)
2019-10-18 14:30:11,796 [main] INFO  server.GrpcService (ConfUtils.java:logGet(43)) - raft.grpc.message.size.max = 33570816 (custom)
2019-10-18 14:30:11,797 [main] INFO  server.RaftServerConfigKeys (ConfUtils.java:logGet(43)) - raft.server.log.appender.buffer.byte-limit = 33554432 (custom)
2019-10-18 14:30:11,797 [main] INFO  server.GrpcService (ConfUtils.java:logGet(43)) - raft.grpc.flow.control.window = 1MB (=1048576) (default)
2019-10-18 14:30:11,797 [main] INFO  server.RaftServerConfigKeys (ConfUtils.java:logGet(43)) - raft.server.rpc.request.timeout = 3000ms (default)
2019-10-18 14:30:11,798 [main] INFO  server.RaftServerConfigKeys (ConfUtils.java:logGet(43)) - raft.server.storage.dir = [/workdir/hadoop-ozone/integration-test/target/test-dir/MiniOzoneClusterImpl-11a902be-dfbe-4759-94b9-65959d8d71e6/datanode-7/data/ratis] (custom)
2019-10-18 14:30:11,799 [main] INFO  hdfs.DFSUtil (DFSUtil.java:httpServerTemplateForNNAndJN(1641)) - Starting Web-server for hddsDatanode at: http://0.0.0.0:0
2019-10-18 14:30:11,801 [main] INFO  server.AuthenticationFilter (AuthenticationFilter.java:constructSecretProvider(240)) - Unable to initialize FileSignerSecretProvider, falling back to use random secrets.
2019-10-18 14:30:11,801 [main] WARN  http.HttpRequestLog (HttpRequestLog.java:getRequestLog(97)) - Jetty request log can only be enabled using Log4j
2019-10-18 14:30:11,803 [main] INFO  http.HttpServer2 (HttpServer2.java:addGlobalFilter(975)) - Added global filter 'safety' (class=org.apache.hadoop.http.HttpServer2$QuotingInputFilter)
2019-10-18 14:30:11,804 [main] INFO  http.HttpServer2 (HttpServer2.java:addFilter(948)) - Added filter static_user_filter (class=org.apache.hadoop.http.lib.StaticUserWebFilter$StaticUserFilter) to context hddsDatanode
2019-10-18 14:30:11,804 [main] INFO  http.HttpServer2 (HttpServer2.java:addFilter(958)) - Added filter static_user_filter (class=org.apache.hadoop.http.lib.StaticUserWebFilter$StaticUserFilter) to context static
2019-10-18 14:30:11,804 [main] INFO  http.HttpServer2 (HttpServer2.java:addFilter(958)) - Added filter static_user_filter (class=org.apache.hadoop.http.lib.StaticUserWebFilter$StaticUserFilter) to context logs
2019-10-18 14:30:11,805 [main] INFO  http.HttpServer2 (HttpServer2.java:bindListener(1191)) - Jetty bound to port 34648
2019-10-18 14:30:11,805 [main] INFO  server.Server (Server.java:doStart(351)) - jetty-9.3.25.v20180904, build timestamp: 2018-09-04T21:11:46Z, git hash: 3ce520221d0240229c862b122d2b06c12a625732
2019-10-18 14:30:11,808 [main] INFO  handler.ContextHandler (ContextHandler.java:doStart(781)) - Started o.e.j.s.ServletContextHandler@3c3c4a71{/logs,file:///workdir/hadoop-ozone/integration-test/target/log,AVAILABLE}
2019-10-18 14:30:11,808 [main] INFO  handler.ContextHandler (ContextHandler.java:doStart(781)) - Started o.e.j.s.ServletContextHandler@4f9a6c2d{/static,jar:file:/home/user/.m2/repository/org/apache/hadoop/hadoop-hdds-container-service/0.5.0-SNAPSHOT/hadoop-hdds-container-service-0.5.0-SNAPSHOT.jar!/webapps/static,AVAILABLE}
2019-10-18 14:30:11,859 [main] INFO  handler.ContextHandler (ContextHandler.java:doStart(781)) - Started o.e.j.w.WebAppContext@64d4f7c7{/,file:///tmp/jetty-0.0.0.0-34648-hddsDatanode-_-any-7555898644897336383.dir/webapp/,AVAILABLE}{/hddsDatanode}
2019-10-18 14:30:11,862 [main] INFO  server.AbstractConnector (AbstractConnector.java:doStart(278)) - Started ServerConnector@54e02f6a{HTTP/1.1,[http/1.1]}{0.0.0.0:34648}
2019-10-18 14:30:11,863 [main] INFO  server.Server (Server.java:doStart(419)) - Started @5934ms
2019-10-18 14:30:11,863 [main] WARN  impl.MetricsSystemImpl (MetricsSystemImpl.java:register(276)) - Sink prometheus already exists!
2019-10-18 14:30:11,864 [main] INFO  server.BaseHttpServer (BaseHttpServer.java:updateConnectorAddress(215)) - HTTP server of HDDSDATANODE is listening at http://0.0.0.0:34648
2019-10-18 14:30:11,864 [main] INFO  impl.MetricsSystemImpl (MetricsSystemImpl.java:init(158)) - HddsDatanode metrics system started (again)
2019-10-18 14:30:11,868 [org.apache.hadoop.util.JvmPauseMonitor$Monitor@b179ce6] INFO  util.JvmPauseMonitor (JvmPauseMonitor.java:run(188)) - Starting JVM pause monitor
2019-10-18 14:30:11,869 [main] INFO  ozone.HddsDatanodeService (HddsDatanodeService.java:start(184)) - HddsDatanodeService host:pr-hdds-2327-vtdmt-1103746116 ip:192.168.164.233
2019-10-18 14:30:11,871 [Datanode State Machine Thread - 0] INFO  datanode.InitDatanodeState (InitDatanodeState.java:persistContainerDatanodeDetails(140)) - DatanodeDetails is persisted to /workdir/hadoop-ozone/integration-test/target/test-dir/MiniOzoneClusterImpl-11a902be-dfbe-4759-94b9-65959d8d71e6/datanode-7/meta/datanode.id
2019-10-18 14:30:11,877 [main] INFO  volume.HddsVolume (HddsVolume.java:<init>(176)) - Creating Volume: /workdir/hadoop-ozone/integration-test/target/test-dir/MiniOzoneClusterImpl-11a902be-dfbe-4759-94b9-65959d8d71e6/datanode-8/data/containers/hdds of  storage type : DISK and capacity : 1482555576320
2019-10-18 14:30:11,877 [main] INFO  volume.VolumeSet (VolumeSet.java:initializeVolumeSet(170)) - Added Volume : /workdir/hadoop-ozone/integration-test/target/test-dir/MiniOzoneClusterImpl-11a902be-dfbe-4759-94b9-65959d8d71e6/datanode-8/data/containers/hdds to VolumeSet
2019-10-18 14:30:11,878 [main] INFO  volume.ThrottledAsyncChecker (ThrottledAsyncChecker.java:schedule(141)) - Scheduling a check for /workdir/hadoop-ozone/integration-test/target/test-dir/MiniOzoneClusterImpl-11a902be-dfbe-4759-94b9-65959d8d71e6/datanode-8/data/containers/hdds
2019-10-18 14:30:11,878 [main] INFO  volume.HddsVolumeChecker (HddsVolumeChecker.java:checkAllVolumes(204)) - Scheduled health check for volume /workdir/hadoop-ozone/integration-test/target/test-dir/MiniOzoneClusterImpl-11a902be-dfbe-4759-94b9-65959d8d71e6/datanode-8/data/containers/hdds
2019-10-18 14:30:11,894 [main] INFO  impl.RaftServerProxy (ConfUtils.java:logGet(43)) - raft.rpc.type = GRPC (default)
2019-10-18 14:30:11,895 [main] INFO  grpc.GrpcFactory (GrpcFactory.java:checkPooledByteBufAllocatorUseCacheForAllThreads(45)) - PERFORMANCE WARNING: useCacheForAllThreads is true that may cause Netty to create a lot garbage objects and, as a result, trigger GC.
	It is recommended to disable useCacheForAllThreads by setting -Dorg.apache.ratis.thirdparty.io.netty.allocator.useCacheForAllThreads=false in command line.
2019-10-18 14:30:11,895 [main] INFO  grpc.GrpcConfigKeys$Server (ConfUtils.java:logGet(43)) - raft.grpc.server.port = 0 (default)
2019-10-18 14:30:11,895 [main] INFO  server.GrpcService (ConfUtils.java:logGet(43)) - raft.grpc.message.size.max = 33570816 (custom)
2019-10-18 14:30:11,896 [main] INFO  server.RaftServerConfigKeys (ConfUtils.java:logGet(43)) - raft.server.log.appender.buffer.byte-limit = 33554432 (custom)
2019-10-18 14:30:11,896 [main] INFO  server.GrpcService (ConfUtils.java:logGet(43)) - raft.grpc.flow.control.window = 1MB (=1048576) (default)
2019-10-18 14:30:11,896 [main] INFO  server.RaftServerConfigKeys (ConfUtils.java:logGet(43)) - raft.server.rpc.request.timeout = 3000ms (default)
2019-10-18 14:30:11,897 [main] INFO  server.RaftServerConfigKeys (ConfUtils.java:logGet(43)) - raft.server.storage.dir = [/workdir/hadoop-ozone/integration-test/target/test-dir/MiniOzoneClusterImpl-11a902be-dfbe-4759-94b9-65959d8d71e6/datanode-8/data/ratis] (custom)
2019-10-18 14:30:11,899 [main] INFO  hdfs.DFSUtil (DFSUtil.java:httpServerTemplateForNNAndJN(1641)) - Starting Web-server for hddsDatanode at: http://0.0.0.0:0
2019-10-18 14:30:11,901 [main] INFO  server.AuthenticationFilter (AuthenticationFilter.java:constructSecretProvider(240)) - Unable to initialize FileSignerSecretProvider, falling back to use random secrets.
2019-10-18 14:30:11,901 [main] WARN  http.HttpRequestLog (HttpRequestLog.java:getRequestLog(97)) - Jetty request log can only be enabled using Log4j
2019-10-18 14:30:11,903 [main] INFO  http.HttpServer2 (HttpServer2.java:addGlobalFilter(975)) - Added global filter 'safety' (class=org.apache.hadoop.http.HttpServer2$QuotingInputFilter)
2019-10-18 14:30:11,903 [main] INFO  http.HttpServer2 (HttpServer2.java:addFilter(948)) - Added filter static_user_filter (class=org.apache.hadoop.http.lib.StaticUserWebFilter$StaticUserFilter) to context hddsDatanode
2019-10-18 14:30:11,904 [main] INFO  http.HttpServer2 (HttpServer2.java:addFilter(958)) - Added filter static_user_filter (class=org.apache.hadoop.http.lib.StaticUserWebFilter$StaticUserFilter) to context static
2019-10-18 14:30:11,904 [main] INFO  http.HttpServer2 (HttpServer2.java:addFilter(958)) - Added filter static_user_filter (class=org.apache.hadoop.http.lib.StaticUserWebFilter$StaticUserFilter) to context logs
2019-10-18 14:30:11,905 [main] INFO  http.HttpServer2 (HttpServer2.java:bindListener(1191)) - Jetty bound to port 41187
2019-10-18 14:30:11,905 [main] INFO  server.Server (Server.java:doStart(351)) - jetty-9.3.25.v20180904, build timestamp: 2018-09-04T21:11:46Z, git hash: 3ce520221d0240229c862b122d2b06c12a625732
2019-10-18 14:30:11,907 [main] INFO  handler.ContextHandler (ContextHandler.java:doStart(781)) - Started o.e.j.s.ServletContextHandler@66b59b7d{/logs,file:///workdir/hadoop-ozone/integration-test/target/log,AVAILABLE}
2019-10-18 14:30:11,907 [main] INFO  handler.ContextHandler (ContextHandler.java:doStart(781)) - Started o.e.j.s.ServletContextHandler@4437ac07{/static,jar:file:/home/user/.m2/repository/org/apache/hadoop/hadoop-hdds-container-service/0.5.0-SNAPSHOT/hadoop-hdds-container-service-0.5.0-SNAPSHOT.jar!/webapps/static,AVAILABLE}
2019-10-18 14:30:11,936 [main] INFO  handler.ContextHandler (ContextHandler.java:doStart(781)) - Started o.e.j.w.WebAppContext@648d0e6d{/,file:///tmp/jetty-0.0.0.0-41187-hddsDatanode-_-any-5464116261516469215.dir/webapp/,AVAILABLE}{/hddsDatanode}
2019-10-18 14:30:11,937 [main] INFO  server.AbstractConnector (AbstractConnector.java:doStart(278)) - Started ServerConnector@79e66b2f{HTTP/1.1,[http/1.1]}{0.0.0.0:41187}
2019-10-18 14:30:11,938 [main] INFO  server.Server (Server.java:doStart(419)) - Started @6010ms
2019-10-18 14:30:11,938 [main] WARN  impl.MetricsSystemImpl (MetricsSystemImpl.java:register(276)) - Sink prometheus already exists!
2019-10-18 14:30:11,939 [main] INFO  server.BaseHttpServer (BaseHttpServer.java:updateConnectorAddress(215)) - HTTP server of HDDSDATANODE is listening at http://0.0.0.0:41187
2019-10-18 14:30:11,940 [main] INFO  impl.MetricsSystemImpl (MetricsSystemImpl.java:init(158)) - HddsDatanode metrics system started (again)
2019-10-18 14:30:11,944 [org.apache.hadoop.util.JvmPauseMonitor$Monitor@2b3de2c9] INFO  util.JvmPauseMonitor (JvmPauseMonitor.java:run(188)) - Starting JVM pause monitor
2019-10-18 14:30:11,946 [main] INFO  ozone.HddsDatanodeService (HddsDatanodeService.java:start(184)) - HddsDatanodeService host:pr-hdds-2327-vtdmt-1103746116 ip:192.168.164.233
2019-10-18 14:30:11,947 [Datanode State Machine Thread - 0] INFO  datanode.InitDatanodeState (InitDatanodeState.java:persistContainerDatanodeDetails(140)) - DatanodeDetails is persisted to /workdir/hadoop-ozone/integration-test/target/test-dir/MiniOzoneClusterImpl-11a902be-dfbe-4759-94b9-65959d8d71e6/datanode-8/meta/datanode.id
2019-10-18 14:30:11,964 [main] INFO  volume.HddsVolume (HddsVolume.java:<init>(176)) - Creating Volume: /workdir/hadoop-ozone/integration-test/target/test-dir/MiniOzoneClusterImpl-11a902be-dfbe-4759-94b9-65959d8d71e6/datanode-9/data/containers/hdds of  storage type : DISK and capacity : 1482555576320
2019-10-18 14:30:11,965 [main] INFO  volume.VolumeSet (VolumeSet.java:initializeVolumeSet(170)) - Added Volume : /workdir/hadoop-ozone/integration-test/target/test-dir/MiniOzoneClusterImpl-11a902be-dfbe-4759-94b9-65959d8d71e6/datanode-9/data/containers/hdds to VolumeSet
2019-10-18 14:30:11,966 [main] INFO  volume.ThrottledAsyncChecker (ThrottledAsyncChecker.java:schedule(141)) - Scheduling a check for /workdir/hadoop-ozone/integration-test/target/test-dir/MiniOzoneClusterImpl-11a902be-dfbe-4759-94b9-65959d8d71e6/datanode-9/data/containers/hdds
2019-10-18 14:30:11,966 [main] INFO  volume.HddsVolumeChecker (HddsVolumeChecker.java:checkAllVolumes(204)) - Scheduled health check for volume /workdir/hadoop-ozone/integration-test/target/test-dir/MiniOzoneClusterImpl-11a902be-dfbe-4759-94b9-65959d8d71e6/datanode-9/data/containers/hdds
2019-10-18 14:30:11,988 [main] INFO  impl.RaftServerProxy (ConfUtils.java:logGet(43)) - raft.rpc.type = GRPC (default)
2019-10-18 14:30:11,989 [main] INFO  grpc.GrpcFactory (GrpcFactory.java:checkPooledByteBufAllocatorUseCacheForAllThreads(45)) - PERFORMANCE WARNING: useCacheForAllThreads is true that may cause Netty to create a lot garbage objects and, as a result, trigger GC.
	It is recommended to disable useCacheForAllThreads by setting -Dorg.apache.ratis.thirdparty.io.netty.allocator.useCacheForAllThreads=false in command line.
2019-10-18 14:30:11,989 [main] INFO  grpc.GrpcConfigKeys$Server (ConfUtils.java:logGet(43)) - raft.grpc.server.port = 0 (default)
2019-10-18 14:30:11,989 [main] INFO  server.GrpcService (ConfUtils.java:logGet(43)) - raft.grpc.message.size.max = 33570816 (custom)
2019-10-18 14:30:11,989 [main] INFO  server.RaftServerConfigKeys (ConfUtils.java:logGet(43)) - raft.server.log.appender.buffer.byte-limit = 33554432 (custom)
2019-10-18 14:30:11,990 [main] INFO  server.GrpcService (ConfUtils.java:logGet(43)) - raft.grpc.flow.control.window = 1MB (=1048576) (default)
2019-10-18 14:30:11,990 [main] INFO  server.RaftServerConfigKeys (ConfUtils.java:logGet(43)) - raft.server.rpc.request.timeout = 3000ms (default)
2019-10-18 14:30:11,991 [main] INFO  server.RaftServerConfigKeys (ConfUtils.java:logGet(43)) - raft.server.storage.dir = [/workdir/hadoop-ozone/integration-test/target/test-dir/MiniOzoneClusterImpl-11a902be-dfbe-4759-94b9-65959d8d71e6/datanode-9/data/ratis] (custom)
2019-10-18 14:30:11,993 [main] INFO  hdfs.DFSUtil (DFSUtil.java:httpServerTemplateForNNAndJN(1641)) - Starting Web-server for hddsDatanode at: http://0.0.0.0:0
2019-10-18 14:30:11,995 [main] INFO  server.AuthenticationFilter (AuthenticationFilter.java:constructSecretProvider(240)) - Unable to initialize FileSignerSecretProvider, falling back to use random secrets.
2019-10-18 14:30:11,995 [main] WARN  http.HttpRequestLog (HttpRequestLog.java:getRequestLog(97)) - Jetty request log can only be enabled using Log4j
2019-10-18 14:30:11,997 [main] INFO  http.HttpServer2 (HttpServer2.java:addGlobalFilter(975)) - Added global filter 'safety' (class=org.apache.hadoop.http.HttpServer2$QuotingInputFilter)
2019-10-18 14:30:11,998 [main] INFO  http.HttpServer2 (HttpServer2.java:addFilter(948)) - Added filter static_user_filter (class=org.apache.hadoop.http.lib.StaticUserWebFilter$StaticUserFilter) to context hddsDatanode
2019-10-18 14:30:11,999 [main] INFO  http.HttpServer2 (HttpServer2.java:addFilter(958)) - Added filter static_user_filter (class=org.apache.hadoop.http.lib.StaticUserWebFilter$StaticUserFilter) to context logs
2019-10-18 14:30:11,999 [main] INFO  http.HttpServer2 (HttpServer2.java:addFilter(958)) - Added filter static_user_filter (class=org.apache.hadoop.http.lib.StaticUserWebFilter$StaticUserFilter) to context static
2019-10-18 14:30:12,000 [main] INFO  http.HttpServer2 (HttpServer2.java:bindListener(1191)) - Jetty bound to port 40963
2019-10-18 14:30:12,000 [main] INFO  server.Server (Server.java:doStart(351)) - jetty-9.3.25.v20180904, build timestamp: 2018-09-04T21:11:46Z, git hash: 3ce520221d0240229c862b122d2b06c12a625732
2019-10-18 14:30:12,002 [main] INFO  handler.ContextHandler (ContextHandler.java:doStart(781)) - Started o.e.j.s.ServletContextHandler@55d58825{/logs,file:///workdir/hadoop-ozone/integration-test/target/log,AVAILABLE}
2019-10-18 14:30:12,003 [main] INFO  handler.ContextHandler (ContextHandler.java:doStart(781)) - Started o.e.j.s.ServletContextHandler@29a98d9f{/static,jar:file:/home/user/.m2/repository/org/apache/hadoop/hadoop-hdds-container-service/0.5.0-SNAPSHOT/hadoop-hdds-container-service-0.5.0-SNAPSHOT.jar!/webapps/static,AVAILABLE}
2019-10-18 14:30:12,038 [main] INFO  handler.ContextHandler (ContextHandler.java:doStart(781)) - Started o.e.j.w.WebAppContext@70e94ecb{/,file:///tmp/jetty-0.0.0.0-40963-hddsDatanode-_-any-3052771070656134336.dir/webapp/,AVAILABLE}{/hddsDatanode}
2019-10-18 14:30:12,040 [main] INFO  server.AbstractConnector (AbstractConnector.java:doStart(278)) - Started ServerConnector@56cfe111{HTTP/1.1,[http/1.1]}{0.0.0.0:40963}
2019-10-18 14:30:12,040 [main] INFO  server.Server (Server.java:doStart(419)) - Started @6112ms
2019-10-18 14:30:12,040 [main] WARN  impl.MetricsSystemImpl (MetricsSystemImpl.java:register(276)) - Sink prometheus already exists!
2019-10-18 14:30:12,041 [main] INFO  server.BaseHttpServer (BaseHttpServer.java:updateConnectorAddress(215)) - HTTP server of HDDSDATANODE is listening at http://0.0.0.0:40963
2019-10-18 14:30:12,047 [main] INFO  ozone.MiniOzoneClusterImpl (MiniOzoneClusterImpl.java:lambda$waitForClusterToBeReady$0(147)) - Waiting for cluster to be ready. Got 0 of 10 DN Heartbeats.
2019-10-18 14:30:12,047 [org.apache.hadoop.util.JvmPauseMonitor$Monitor@26eba3f9] INFO  util.JvmPauseMonitor (JvmPauseMonitor.java:run(188)) - Starting JVM pause monitor
2019-10-18 14:30:12,050 [Datanode State Machine Thread - 0] INFO  datanode.InitDatanodeState (InitDatanodeState.java:persistContainerDatanodeDetails(140)) - DatanodeDetails is persisted to /workdir/hadoop-ozone/integration-test/target/test-dir/MiniOzoneClusterImpl-11a902be-dfbe-4759-94b9-65959d8d71e6/datanode-9/meta/datanode.id
2019-10-18 14:30:13,047 [main] INFO  ozone.MiniOzoneClusterImpl (MiniOzoneClusterImpl.java:lambda$waitForClusterToBeReady$0(147)) - Waiting for cluster to be ready. Got 0 of 10 DN Heartbeats.
2019-10-18 14:30:13,263 [Datanode State Machine Thread - 0] INFO  ozoneimpl.OzoneContainer (OzoneContainer.java:start(213)) - Attempting to start container services.
2019-10-18 14:30:13,265 [Datanode State Machine Thread - 0] INFO  ozoneimpl.OzoneContainer (OzoneContainer.java:startContainerScrub(177)) - Background container scanner has been disabled.
2019-10-18 14:30:13,265 [Datanode State Machine Thread - 0] INFO  ozoneimpl.OzoneContainer (OzoneContainer.java:start(213)) - Attempting to start container services.
2019-10-18 14:30:13,266 [Datanode State Machine Thread - 0] INFO  ratis.XceiverServerRatis (XceiverServerRatis.java:start(418)) - Starting XceiverServerRatis 9a797c4a-b775-4cca-8778-469ce6187395 at port 0
2019-10-18 14:30:13,269 [Datanode State Machine Thread - 0] INFO  ozoneimpl.OzoneContainer (OzoneContainer.java:startContainerScrub(177)) - Background container scanner has been disabled.
2019-10-18 14:30:13,269 [Datanode State Machine Thread - 0] INFO  ratis.XceiverServerRatis (XceiverServerRatis.java:start(418)) - Starting XceiverServerRatis f9cd2519-4472-482d-8bf1-226263d0a440 at port 0
2019-10-18 14:30:13,292 [Datanode State Machine Thread - 0] INFO  impl.RaftServerProxy (RaftServerProxy.java:lambda$start$3(299)) - 9a797c4a-b775-4cca-8778-469ce6187395: start RPC server
2019-10-18 14:30:13,292 [Datanode State Machine Thread - 0] INFO  impl.RaftServerProxy (RaftServerProxy.java:lambda$start$3(299)) - f9cd2519-4472-482d-8bf1-226263d0a440: start RPC server
2019-10-18 14:30:13,348 [Datanode State Machine Thread - 0] INFO  ozoneimpl.OzoneContainer (OzoneContainer.java:start(213)) - Attempting to start container services.
2019-10-18 14:30:13,348 [Datanode State Machine Thread - 0] INFO  ozoneimpl.OzoneContainer (OzoneContainer.java:startContainerScrub(177)) - Background container scanner has been disabled.
2019-10-18 14:30:13,348 [Datanode State Machine Thread - 0] INFO  ratis.XceiverServerRatis (XceiverServerRatis.java:start(418)) - Starting XceiverServerRatis 55013cf6-f41f-4339-a52c-06c119893914 at port 0
2019-10-18 14:30:13,356 [Datanode State Machine Thread - 0] INFO  impl.RaftServerProxy (RaftServerProxy.java:lambda$start$3(299)) - 55013cf6-f41f-4339-a52c-06c119893914: start RPC server
2019-10-18 14:30:13,410 [Datanode State Machine Thread - 0] INFO  server.GrpcService (GrpcService.java:startImpl(158)) - 9a797c4a-b775-4cca-8778-469ce6187395: GrpcService started, listening on 0.0.0.0/0.0.0.0:34691
2019-10-18 14:30:13,410 [Datanode State Machine Thread - 0] INFO  server.GrpcService (GrpcService.java:startImpl(158)) - 55013cf6-f41f-4339-a52c-06c119893914: GrpcService started, listening on 0.0.0.0/0.0.0.0:44977
2019-10-18 14:30:13,410 [Datanode State Machine Thread - 0] INFO  server.GrpcService (GrpcService.java:startImpl(158)) - f9cd2519-4472-482d-8bf1-226263d0a440: GrpcService started, listening on 0.0.0.0/0.0.0.0:35693
2019-10-18 14:30:13,411 [Datanode State Machine Thread - 0] INFO  ratis.XceiverServerRatis (XceiverServerRatis.java:start(428)) - XceiverServerRatis 55013cf6-f41f-4339-a52c-06c119893914 is started using port 44977
2019-10-18 14:30:13,411 [Datanode State Machine Thread - 0] INFO  ratis.XceiverServerRatis (XceiverServerRatis.java:start(428)) - XceiverServerRatis 9a797c4a-b775-4cca-8778-469ce6187395 is started using port 34691
2019-10-18 14:30:13,411 [Datanode State Machine Thread - 0] INFO  ratis.XceiverServerRatis (XceiverServerRatis.java:start(428)) - XceiverServerRatis f9cd2519-4472-482d-8bf1-226263d0a440 is started using port 35693
2019-10-18 14:30:13,416 [Datanode State Machine Thread - 0] INFO  server.XceiverServerGrpc (XceiverServerGrpc.java:start(149)) - XceiverServerGrpc f9cd2519-4472-482d-8bf1-226263d0a440 is started using port 38580
2019-10-18 14:30:13,416 [Datanode State Machine Thread - 0] INFO  server.XceiverServerGrpc (XceiverServerGrpc.java:start(149)) - XceiverServerGrpc 55013cf6-f41f-4339-a52c-06c119893914 is started using port 34155
2019-10-18 14:30:13,416 [Datanode State Machine Thread - 0] INFO  server.XceiverServerGrpc (XceiverServerGrpc.java:start(149)) - XceiverServerGrpc 9a797c4a-b775-4cca-8778-469ce6187395 is started using port 33231
2019-10-18 14:30:13,456 [Datanode State Machine Thread - 0] INFO  ozoneimpl.OzoneContainer (OzoneContainer.java:start(213)) - Attempting to start container services.
2019-10-18 14:30:13,457 [Datanode State Machine Thread - 0] INFO  ozoneimpl.OzoneContainer (OzoneContainer.java:startContainerScrub(177)) - Background container scanner has been disabled.
2019-10-18 14:30:13,457 [Datanode State Machine Thread - 0] INFO  ratis.XceiverServerRatis (XceiverServerRatis.java:start(418)) - Starting XceiverServerRatis 3ee7b367-7b16-44e1-99f8-43aefeda0876 at port 0
2019-10-18 14:30:13,462 [Datanode State Machine Thread - 0] INFO  impl.RaftServerProxy (RaftServerProxy.java:lambda$start$3(299)) - 3ee7b367-7b16-44e1-99f8-43aefeda0876: start RPC server
2019-10-18 14:30:13,465 [Datanode State Machine Thread - 0] INFO  server.GrpcService (GrpcService.java:startImpl(158)) - 3ee7b367-7b16-44e1-99f8-43aefeda0876: GrpcService started, listening on 0.0.0.0/0.0.0.0:46080
2019-10-18 14:30:13,465 [Datanode State Machine Thread - 0] INFO  ratis.XceiverServerRatis (XceiverServerRatis.java:start(428)) - XceiverServerRatis 3ee7b367-7b16-44e1-99f8-43aefeda0876 is started using port 46080
2019-10-18 14:30:13,466 [Datanode State Machine Thread - 0] INFO  server.XceiverServerGrpc (XceiverServerGrpc.java:start(149)) - XceiverServerGrpc 3ee7b367-7b16-44e1-99f8-43aefeda0876 is started using port 43660
2019-10-18 14:30:13,518 [Datanode State Machine Thread - 0] INFO  ozoneimpl.OzoneContainer (OzoneContainer.java:start(213)) - Attempting to start container services.
2019-10-18 14:30:13,518 [Datanode State Machine Thread - 0] INFO  ozoneimpl.OzoneContainer (OzoneContainer.java:startContainerScrub(177)) - Background container scanner has been disabled.
2019-10-18 14:30:13,518 [Datanode State Machine Thread - 0] INFO  ratis.XceiverServerRatis (XceiverServerRatis.java:start(418)) - Starting XceiverServerRatis 04371d53-951f-40a0-9bd2-eaa7c72eca17 at port 0
2019-10-18 14:30:13,527 [Datanode State Machine Thread - 0] INFO  impl.RaftServerProxy (RaftServerProxy.java:lambda$start$3(299)) - 04371d53-951f-40a0-9bd2-eaa7c72eca17: start RPC server
2019-10-18 14:30:13,532 [Datanode State Machine Thread - 0] INFO  server.GrpcService (GrpcService.java:startImpl(158)) - 04371d53-951f-40a0-9bd2-eaa7c72eca17: GrpcService started, listening on 0.0.0.0/0.0.0.0:42616
2019-10-18 14:30:13,533 [Datanode State Machine Thread - 0] INFO  ratis.XceiverServerRatis (XceiverServerRatis.java:start(428)) - XceiverServerRatis 04371d53-951f-40a0-9bd2-eaa7c72eca17 is started using port 42616
2019-10-18 14:30:13,534 [Datanode State Machine Thread - 0] INFO  server.XceiverServerGrpc (XceiverServerGrpc.java:start(149)) - XceiverServerGrpc 04371d53-951f-40a0-9bd2-eaa7c72eca17 is started using port 34247
2019-10-18 14:30:13,654 [Datanode State Machine Thread - 0] INFO  ozoneimpl.OzoneContainer (OzoneContainer.java:start(213)) - Attempting to start container services.
2019-10-18 14:30:13,654 [Datanode State Machine Thread - 0] INFO  ozoneimpl.OzoneContainer (OzoneContainer.java:startContainerScrub(177)) - Background container scanner has been disabled.
2019-10-18 14:30:13,654 [Datanode State Machine Thread - 0] INFO  ratis.XceiverServerRatis (XceiverServerRatis.java:start(418)) - Starting XceiverServerRatis a4757974-e77e-4a1a-a400-c32fe273093a at port 0
2019-10-18 14:30:13,658 [Datanode State Machine Thread - 0] INFO  impl.RaftServerProxy (RaftServerProxy.java:lambda$start$3(299)) - a4757974-e77e-4a1a-a400-c32fe273093a: start RPC server
2019-10-18 14:30:13,662 [Datanode State Machine Thread - 0] INFO  server.GrpcService (GrpcService.java:startImpl(158)) - a4757974-e77e-4a1a-a400-c32fe273093a: GrpcService started, listening on 0.0.0.0/0.0.0.0:41244
2019-10-18 14:30:13,662 [Datanode State Machine Thread - 0] INFO  ratis.XceiverServerRatis (XceiverServerRatis.java:start(428)) - XceiverServerRatis a4757974-e77e-4a1a-a400-c32fe273093a is started using port 41244
2019-10-18 14:30:13,666 [Datanode State Machine Thread - 0] INFO  server.XceiverServerGrpc (XceiverServerGrpc.java:start(149)) - XceiverServerGrpc a4757974-e77e-4a1a-a400-c32fe273093a is started using port 36969
2019-10-18 14:30:13,782 [Datanode State Machine Thread - 0] INFO  ozoneimpl.OzoneContainer (OzoneContainer.java:start(213)) - Attempting to start container services.
2019-10-18 14:30:13,782 [Datanode State Machine Thread - 0] INFO  ozoneimpl.OzoneContainer (OzoneContainer.java:startContainerScrub(177)) - Background container scanner has been disabled.
2019-10-18 14:30:13,782 [Datanode State Machine Thread - 0] INFO  ratis.XceiverServerRatis (XceiverServerRatis.java:start(418)) - Starting XceiverServerRatis 773cce60-eeca-4c1f-a5ec-70084be8b6b9 at port 0
2019-10-18 14:30:13,789 [Datanode State Machine Thread - 0] INFO  impl.RaftServerProxy (RaftServerProxy.java:lambda$start$3(299)) - 773cce60-eeca-4c1f-a5ec-70084be8b6b9: start RPC server
2019-10-18 14:30:13,792 [Datanode State Machine Thread - 0] INFO  server.GrpcService (GrpcService.java:startImpl(158)) - 773cce60-eeca-4c1f-a5ec-70084be8b6b9: GrpcService started, listening on 0.0.0.0/0.0.0.0:38729
2019-10-18 14:30:13,793 [Datanode State Machine Thread - 0] INFO  ratis.XceiverServerRatis (XceiverServerRatis.java:start(428)) - XceiverServerRatis 773cce60-eeca-4c1f-a5ec-70084be8b6b9 is started using port 38729
2019-10-18 14:30:13,795 [Datanode State Machine Thread - 0] INFO  server.XceiverServerGrpc (XceiverServerGrpc.java:start(149)) - XceiverServerGrpc 773cce60-eeca-4c1f-a5ec-70084be8b6b9 is started using port 45616
2019-10-18 14:30:13,885 [Datanode State Machine Thread - 0] INFO  ozoneimpl.OzoneContainer (OzoneContainer.java:start(213)) - Attempting to start container services.
2019-10-18 14:30:13,885 [Datanode State Machine Thread - 0] INFO  ozoneimpl.OzoneContainer (OzoneContainer.java:startContainerScrub(177)) - Background container scanner has been disabled.
2019-10-18 14:30:13,885 [Datanode State Machine Thread - 0] INFO  ratis.XceiverServerRatis (XceiverServerRatis.java:start(418)) - Starting XceiverServerRatis 46c14060-ea78-4b5a-b57c-064e4766b234 at port 0
2019-10-18 14:30:13,894 [Datanode State Machine Thread - 0] INFO  impl.RaftServerProxy (RaftServerProxy.java:lambda$start$3(299)) - 46c14060-ea78-4b5a-b57c-064e4766b234: start RPC server
2019-10-18 14:30:13,899 [Datanode State Machine Thread - 0] INFO  server.GrpcService (GrpcService.java:startImpl(158)) - 46c14060-ea78-4b5a-b57c-064e4766b234: GrpcService started, listening on 0.0.0.0/0.0.0.0:36167
2019-10-18 14:30:13,899 [Datanode State Machine Thread - 0] INFO  ratis.XceiverServerRatis (XceiverServerRatis.java:start(428)) - XceiverServerRatis 46c14060-ea78-4b5a-b57c-064e4766b234 is started using port 36167
2019-10-18 14:30:13,902 [Datanode State Machine Thread - 0] INFO  server.XceiverServerGrpc (XceiverServerGrpc.java:start(149)) - XceiverServerGrpc 46c14060-ea78-4b5a-b57c-064e4766b234 is started using port 38035
2019-10-18 14:30:13,960 [Datanode State Machine Thread - 0] INFO  ozoneimpl.OzoneContainer (OzoneContainer.java:start(213)) - Attempting to start container services.
2019-10-18 14:30:13,960 [Datanode State Machine Thread - 0] INFO  ozoneimpl.OzoneContainer (OzoneContainer.java:startContainerScrub(177)) - Background container scanner has been disabled.
2019-10-18 14:30:13,960 [Datanode State Machine Thread - 0] INFO  ratis.XceiverServerRatis (XceiverServerRatis.java:start(418)) - Starting XceiverServerRatis fdaf964b-ea51-42ac-9b82-c03e199efe96 at port 0
2019-10-18 14:30:13,968 [Datanode State Machine Thread - 0] INFO  impl.RaftServerProxy (RaftServerProxy.java:lambda$start$3(299)) - fdaf964b-ea51-42ac-9b82-c03e199efe96: start RPC server
2019-10-18 14:30:13,974 [Datanode State Machine Thread - 0] INFO  server.GrpcService (GrpcService.java:startImpl(158)) - fdaf964b-ea51-42ac-9b82-c03e199efe96: GrpcService started, listening on 0.0.0.0/0.0.0.0:41236
2019-10-18 14:30:13,974 [Datanode State Machine Thread - 0] INFO  ratis.XceiverServerRatis (XceiverServerRatis.java:start(428)) - XceiverServerRatis fdaf964b-ea51-42ac-9b82-c03e199efe96 is started using port 41236
2019-10-18 14:30:13,987 [Datanode State Machine Thread - 0] INFO  server.XceiverServerGrpc (XceiverServerGrpc.java:start(149)) - XceiverServerGrpc fdaf964b-ea51-42ac-9b82-c03e199efe96 is started using port 39186
2019-10-18 14:30:14,047 [main] INFO  ozone.MiniOzoneClusterImpl (MiniOzoneClusterImpl.java:lambda$waitForClusterToBeReady$0(147)) - Waiting for cluster to be ready. Got 0 of 10 DN Heartbeats.
2019-10-18 14:30:14,069 [Datanode State Machine Thread - 0] INFO  ozoneimpl.OzoneContainer (OzoneContainer.java:start(213)) - Attempting to start container services.
2019-10-18 14:30:14,069 [Datanode State Machine Thread - 0] INFO  ozoneimpl.OzoneContainer (OzoneContainer.java:startContainerScrub(177)) - Background container scanner has been disabled.
2019-10-18 14:30:14,069 [Datanode State Machine Thread - 0] INFO  ratis.XceiverServerRatis (XceiverServerRatis.java:start(418)) - Starting XceiverServerRatis 681edbc6-a1fc-42a4-b5ce-4922820de60a at port 0
2019-10-18 14:30:14,074 [Datanode State Machine Thread - 0] INFO  impl.RaftServerProxy (RaftServerProxy.java:lambda$start$3(299)) - 681edbc6-a1fc-42a4-b5ce-4922820de60a: start RPC server
2019-10-18 14:30:14,078 [Datanode State Machine Thread - 0] INFO  server.GrpcService (GrpcService.java:startImpl(158)) - 681edbc6-a1fc-42a4-b5ce-4922820de60a: GrpcService started, listening on 0.0.0.0/0.0.0.0:44267
2019-10-18 14:30:14,078 [Datanode State Machine Thread - 0] INFO  ratis.XceiverServerRatis (XceiverServerRatis.java:start(428)) - XceiverServerRatis 681edbc6-a1fc-42a4-b5ce-4922820de60a is started using port 44267
2019-10-18 14:30:14,097 [Datanode State Machine Thread - 0] INFO  server.XceiverServerGrpc (XceiverServerGrpc.java:start(149)) - XceiverServerGrpc 681edbc6-a1fc-42a4-b5ce-4922820de60a is started using port 32931
2019-10-18 14:30:15,050 [main] INFO  ozone.MiniOzoneClusterImpl (MiniOzoneClusterImpl.java:lambda$waitForClusterToBeReady$0(147)) - Waiting for cluster to be ready. Got 0 of 10 DN Heartbeats.
2019-10-18 14:30:15,208 [IPC Server handler 0 on 38635] INFO  net.NetworkTopology (NetworkTopologyImpl.java:add(111)) - Added a new node: /default-rack/9a797c4a-b775-4cca-8778-469ce6187395
2019-10-18 14:30:15,208 [IPC Server handler 0 on 38635] INFO  node.SCMNodeManager (SCMNodeManager.java:register(268)) - Registered Data node : 9a797c4a-b775-4cca-8778-469ce6187395{ip: 192.168.164.233, host: pr-hdds-2327-vtdmt-1103746116, networkLocation: /default-rack, certSerialId: null}
2019-10-18 14:30:15,218 [EventQueue-NodeRegistrationContainerReportForDataNodeSafeModeRule] INFO  safemode.SCMSafeModeManager (DataNodeSafeModeRule.java:process(71)) - SCM in safe mode. 1 DataNodes registered, 1 required.
2019-10-18 14:30:15,219 [EventQueue-NodeRegistrationContainerReportForDataNodeSafeModeRule] INFO  safemode.SCMSafeModeManager (SCMSafeModeManager.java:validateSafeModeExitRules(177)) - ScmSafeModeManager, all rules are successfully validated
2019-10-18 14:30:15,219 [EventQueue-NodeRegistrationContainerReportForDataNodeSafeModeRule] INFO  safemode.SCMSafeModeManager (SCMSafeModeManager.java:exitSafeMode(193)) - SCM exiting safe mode.
2019-10-18 14:30:15,253 [IPC Server handler 2 on 38635] INFO  net.NetworkTopology (NetworkTopologyImpl.java:add(111)) - Added a new node: /default-rack/f9cd2519-4472-482d-8bf1-226263d0a440
2019-10-18 14:30:15,254 [IPC Server handler 2 on 38635] INFO  node.SCMNodeManager (SCMNodeManager.java:register(268)) - Registered Data node : f9cd2519-4472-482d-8bf1-226263d0a440{ip: 192.168.164.233, host: pr-hdds-2327-vtdmt-1103746116, networkLocation: /default-rack, certSerialId: null}
2019-10-18 14:30:15,335 [IPC Server handler 3 on 38635] INFO  net.NetworkTopology (NetworkTopologyImpl.java:add(111)) - Added a new node: /default-rack/55013cf6-f41f-4339-a52c-06c119893914
2019-10-18 14:30:15,335 [IPC Server handler 3 on 38635] INFO  node.SCMNodeManager (SCMNodeManager.java:register(268)) - Registered Data node : 55013cf6-f41f-4339-a52c-06c119893914{ip: 192.168.164.233, host: pr-hdds-2327-vtdmt-1103746116, networkLocation: /default-rack, certSerialId: null}
2019-10-18 14:30:15,438 [IPC Server handler 4 on 38635] INFO  net.NetworkTopology (NetworkTopologyImpl.java:add(111)) - Added a new node: /default-rack/3ee7b367-7b16-44e1-99f8-43aefeda0876
2019-10-18 14:30:15,438 [IPC Server handler 4 on 38635] INFO  node.SCMNodeManager (SCMNodeManager.java:register(268)) - Registered Data node : 3ee7b367-7b16-44e1-99f8-43aefeda0876{ip: 192.168.164.233, host: pr-hdds-2327-vtdmt-1103746116, networkLocation: /default-rack, certSerialId: null}
2019-10-18 14:30:15,506 [IPC Server handler 5 on 38635] INFO  net.NetworkTopology (NetworkTopologyImpl.java:add(111)) - Added a new node: /default-rack/04371d53-951f-40a0-9bd2-eaa7c72eca17
2019-10-18 14:30:15,506 [IPC Server handler 5 on 38635] INFO  node.SCMNodeManager (SCMNodeManager.java:register(268)) - Registered Data node : 04371d53-951f-40a0-9bd2-eaa7c72eca17{ip: 192.168.164.233, host: pr-hdds-2327-vtdmt-1103746116, networkLocation: /default-rack, certSerialId: null}
2019-10-18 14:30:15,638 [IPC Server handler 6 on 38635] INFO  net.NetworkTopology (NetworkTopologyImpl.java:add(111)) - Added a new node: /default-rack/a4757974-e77e-4a1a-a400-c32fe273093a
2019-10-18 14:30:15,638 [IPC Server handler 6 on 38635] INFO  node.SCMNodeManager (SCMNodeManager.java:register(268)) - Registered Data node : a4757974-e77e-4a1a-a400-c32fe273093a{ip: 192.168.164.233, host: pr-hdds-2327-vtdmt-1103746116, networkLocation: /default-rack, certSerialId: null}
2019-10-18 14:30:15,712 [grpc-default-executor-0] INFO  impl.RaftServerProxy (RaftServerProxy.java:addNew(89)) - 9a797c4a-b775-4cca-8778-469ce6187395: addNew group-7093C2F523C6:[9a797c4a-b775-4cca-8778-469ce6187395:192.168.164.233:34691] returns group-7093C2F523C6:java.util.concurrent.CompletableFuture@1e60b891[Not completed]
2019-10-18 14:30:15,731 [pool-27-thread-1] INFO  impl.RaftServerImpl (RaftServerImpl.java:<init>(104)) - 9a797c4a-b775-4cca-8778-469ce6187395: new RaftServerImpl for group-7093C2F523C6:[9a797c4a-b775-4cca-8778-469ce6187395:192.168.164.233:34691] with ContainerStateMachine:uninitialized
2019-10-18 14:30:15,733 [pool-27-thread-1] INFO  server.RaftServerConfigKeys (ConfUtils.java:logGet(43)) - raft.server.rpc.timeout.min = 1s (custom)
2019-10-18 14:30:15,735 [pool-27-thread-1] INFO  server.RaftServerConfigKeys (ConfUtils.java:logGet(43)) - raft.server.rpc.timeout.max = 1200ms (custom)
2019-10-18 14:30:15,735 [pool-27-thread-1] INFO  server.RaftServerConfigKeys (ConfUtils.java:logGet(43)) - raft.server.rpcslowness.timeout = 120s (custom)
2019-10-18 14:30:15,736 [pool-27-thread-1] INFO  server.RaftServerConfigKeys (ConfUtils.java:logGet(43)) - raft.server.sleep.deviation.threshold = 300 (default)
2019-10-18 14:30:15,737 [pool-27-thread-1] INFO  server.RaftServerConfigKeys (ConfUtils.java:logGet(43)) - raft.server.log.appender.install.snapshot.enabled = false (custom)
2019-10-18 14:30:15,746 [pool-27-thread-1] INFO  impl.RaftServerImpl (ServerState.java:<init>(103)) - 9a797c4a-b775-4cca-8778-469ce6187395@group-7093C2F523C6: ConfigurationManager, init=-1: [9a797c4a-b775-4cca-8778-469ce6187395:192.168.164.233:34691], old=null, confs=<EMPTY_MAP>
2019-10-18 14:30:15,746 [pool-27-thread-1] INFO  server.RaftServerConfigKeys (ConfUtils.java:logGet(43)) - raft.server.storage.dir = [/workdir/hadoop-ozone/integration-test/target/test-dir/MiniOzoneClusterImpl-11a902be-dfbe-4759-94b9-65959d8d71e6/datanode-0/data/ratis] (custom)
2019-10-18 14:30:15,755 [pool-27-thread-1] INFO  server.RaftServerConfigKeys (ConfUtils.java:logGet(43)) - raft.server.log.corruption.policy = EXCEPTION (default)
2019-10-18 14:30:15,757 [pool-27-thread-1] INFO  storage.RaftStorageDirectory (RaftStorageDirectory.java:analyzeStorage(246)) - The storage directory /workdir/hadoop-ozone/integration-test/target/test-dir/MiniOzoneClusterImpl-11a902be-dfbe-4759-94b9-65959d8d71e6/datanode-0/data/ratis/d3fabacd-9202-4ff9-9ca3-7093c2f523c6 does not exist. Creating ...
2019-10-18 14:30:15,769 [IPC Server handler 7 on 38635] INFO  net.NetworkTopology (NetworkTopologyImpl.java:add(111)) - Added a new node: /default-rack/773cce60-eeca-4c1f-a5ec-70084be8b6b9
2019-10-18 14:30:15,769 [IPC Server handler 7 on 38635] INFO  node.SCMNodeManager (SCMNodeManager.java:register(268)) - Registered Data node : 773cce60-eeca-4c1f-a5ec-70084be8b6b9{ip: 192.168.164.233, host: pr-hdds-2327-vtdmt-1103746116, networkLocation: /default-rack, certSerialId: null}
2019-10-18 14:30:15,776 [pool-27-thread-1] INFO  storage.RaftStorageDirectory (RaftStorageDirectory.java:tryLock(328)) - Lock on /workdir/hadoop-ozone/integration-test/target/test-dir/MiniOzoneClusterImpl-11a902be-dfbe-4759-94b9-65959d8d71e6/datanode-0/data/ratis/d3fabacd-9202-4ff9-9ca3-7093c2f523c6/in_use.lock acquired by nodename 1372@pr-hdds-2327-vtdmt-1103746116
2019-10-18 14:30:15,790 [pool-27-thread-1] INFO  storage.RaftStorage (RaftStorage.java:format(84)) - Storage directory /workdir/hadoop-ozone/integration-test/target/test-dir/MiniOzoneClusterImpl-11a902be-dfbe-4759-94b9-65959d8d71e6/datanode-0/data/ratis/d3fabacd-9202-4ff9-9ca3-7093c2f523c6 has been successfully formatted.
2019-10-18 14:30:15,792 [pool-27-thread-1] INFO  ratis.ContainerStateMachine (ContainerStateMachine.java:loadSnapshot(231)) - group-7093C2F523C6: The snapshot info is null. Setting the last applied indexto:(t:0, i:~)
2019-10-18 14:30:15,792 [pool-27-thread-1] INFO  server.RaftServerConfigKeys (ConfUtils.java:logGet(43)) - raft.server.notification.no-leader.timeout = 120s (custom)
2019-10-18 14:30:15,794 [pool-27-thread-1] INFO  server.RaftServerConfigKeys (ConfUtils.java:logGet(43)) - raft.server.log.use.memory = false (default)
2019-10-18 14:30:15,798 [pool-27-thread-1] INFO  server.RaftServerConfigKeys (ConfUtils.java:logGet(43)) - raft.server.log.purge.gap = 1000000 (custom)
2019-10-18 14:30:15,799 [pool-27-thread-1] INFO  server.RaftServerConfigKeys (ConfUtils.java:logGet(43)) - raft.server.log.appender.buffer.byte-limit = 33554432 (custom)
2019-10-18 14:30:15,800 [pool-27-thread-1] INFO  server.RaftServerConfigKeys (ConfUtils.java:logGet(43)) - raft.server.log.segment.size.max = 1048576 (custom)
2019-10-18 14:30:15,802 [pool-27-thread-1] INFO  impl.MetricsSystemImpl (MetricsSystemImpl.java:init(158)) - ratis metrics system started (again)
2019-10-18 14:30:15,807 [pool-27-thread-1] INFO  metrics.MetricRegistries (MetricRegistriesLoader.java:load(64)) - Loaded MetricRegistries class org.apache.ratis.metrics.impl.MetricRegistriesImpl
2019-10-18 14:30:15,840 [pool-27-thread-1] INFO  server.RaftServerConfigKeys (ConfUtils.java:logGet(43)) - raft.server.log.segment.cache.num.max = 2 (custom)
2019-10-18 14:30:15,845 [pool-27-thread-1] INFO  segmented.SegmentedRaftLogWorker (SegmentedRaftLogWorker.java:<init>(173)) - new 9a797c4a-b775-4cca-8778-469ce6187395@group-7093C2F523C6-SegmentedRaftLogWorker for RaftStorage:Storage Directory /workdir/hadoop-ozone/integration-test/target/test-dir/MiniOzoneClusterImpl-11a902be-dfbe-4759-94b9-65959d8d71e6/datanode-0/data/ratis/d3fabacd-9202-4ff9-9ca3-7093c2f523c6
2019-10-18 14:30:15,846 [pool-27-thread-1] INFO  server.RaftServerConfigKeys (ConfUtils.java:logGet(43)) - raft.server.log.queue.byte-limit = 2147483647 (custom)
2019-10-18 14:30:15,846 [pool-27-thread-1] INFO  server.RaftServerConfigKeys (ConfUtils.java:logGet(43)) - raft.server.log.queue.element-limit = 1024 (custom)
2019-10-18 14:30:15,847 [pool-27-thread-1] INFO  server.RaftServerConfigKeys (ConfUtils.java:logGet(43)) - raft.server.log.segment.size.max = 1048576 (custom)
2019-10-18 14:30:15,848 [pool-27-thread-1] INFO  server.RaftServerConfigKeys (ConfUtils.java:logGet(43)) - raft.server.log.preallocated.size = 16384 (custom)
2019-10-18 14:30:15,848 [pool-27-thread-1] INFO  server.RaftServerConfigKeys (ConfUtils.java:logGet(43)) - raft.server.log.write.buffer.size = 33554432 (custom)
2019-10-18 14:30:15,848 [pool-27-thread-1] INFO  server.RaftServerConfigKeys (ConfUtils.java:logGet(43)) - raft.server.log.force.sync.num = 128 (default)
2019-10-18 14:30:15,849 [pool-27-thread-1] INFO  server.RaftServerConfigKeys (ConfUtils.java:logGet(43)) - raft.server.log.statemachine.data.sync = true (default)
2019-10-18 14:30:15,849 [pool-27-thread-1] INFO  server.RaftServerConfigKeys (ConfUtils.java:logGet(43)) - raft.server.log.statemachine.data.sync.timeout = 10s (default)
2019-10-18 14:30:15,850 [pool-27-thread-1] INFO  server.RaftServerConfigKeys (ConfUtils.java:logGet(43)) - raft.server.log.statemachine.data.sync.timeout.retry = -1 (default)
2019-10-18 14:30:15,860 [pool-27-thread-1] INFO  server.RaftServerConfigKeys (ConfUtils.java:logGet(43)) - raft.server.log.statemachine.data.caching.enabled = true (custom)
2019-10-18 14:30:15,865 [pool-27-thread-1] INFO  segmented.SegmentedRaftLogWorker (SegmentedRaftLogWorker.java:lambda$new$0(128)) - 9a797c4a-b775-4cca-8778-469ce6187395@group-7093C2F523C6-SegmentedRaftLogWorker: flushIndex: setUnconditionally 0 -> -1
2019-10-18 14:30:15,869 [pool-27-thread-1] INFO  server.RaftServerConfigKeys (ConfUtils.java:logGet(43)) - raft.server.snapshot.auto.trigger.enabled = true (custom)
2019-10-18 14:30:15,872 [pool-27-thread-1] INFO  server.RaftServerConfigKeys (ConfUtils.java:logGet(43)) - raft.server.snapshot.auto.trigger.threshold = 10000 (custom)
2019-10-18 14:30:15,872 [IPC Server handler 8 on 38635] INFO  net.NetworkTopology (NetworkTopologyImpl.java:add(111)) - Added a new node: /default-rack/46c14060-ea78-4b5a-b57c-064e4766b234
2019-10-18 14:30:15,873 [IPC Server handler 8 on 38635] INFO  node.SCMNodeManager (SCMNodeManager.java:register(268)) - Registered Data node : 46c14060-ea78-4b5a-b57c-064e4766b234{ip: 192.168.164.233, host: pr-hdds-2327-vtdmt-1103746116, networkLocation: /default-rack, certSerialId: null}
2019-10-18 14:30:15,873 [pool-27-thread-1] INFO  server.RaftServerConfigKeys (ConfUtils.java:logGet(43)) - raft.server.snapshot.retention.file.num = 5 (custom)
2019-10-18 14:30:15,874 [pool-27-thread-1] INFO  server.RaftServerConfigKeys (ConfUtils.java:logGet(43)) - raft.server.retrycache.expirytime = 600000ms (custom)
2019-10-18 14:30:15,902 [pool-27-thread-1] INFO  impl.RaftServerImpl (RaftServerImpl.java:start(195)) - 9a797c4a-b775-4cca-8778-469ce6187395@group-7093C2F523C6: start as a follower, conf=-1: [9a797c4a-b775-4cca-8778-469ce6187395:192.168.164.233:34691], old=null
2019-10-18 14:30:15,904 [pool-27-thread-1] INFO  impl.RaftServerImpl (RaftServerImpl.java:setRole(184)) - 9a797c4a-b775-4cca-8778-469ce6187395@group-7093C2F523C6: changes role from      null to FOLLOWER at term 0 for startAsFollower
2019-10-18 14:30:15,905 [pool-27-thread-1] INFO  impl.RoleInfo (RoleInfo.java:updateAndGet(143)) - 9a797c4a-b775-4cca-8778-469ce6187395: start FollowerState
2019-10-18 14:30:15,907 [pool-27-thread-1] INFO  util.JmxRegister (JmxRegister.java:tryRegister(44)) - Successfully registered JMX Bean with object name Ratis:service=RaftServer,group=group-7093C2F523C6,id=9a797c4a-b775-4cca-8778-469ce6187395
2019-10-18 14:30:15,978 [IPC Server handler 9 on 38635] INFO  net.NetworkTopology (NetworkTopologyImpl.java:add(111)) - Added a new node: /default-rack/fdaf964b-ea51-42ac-9b82-c03e199efe96
2019-10-18 14:30:15,978 [IPC Server handler 9 on 38635] INFO  node.SCMNodeManager (SCMNodeManager.java:register(268)) - Registered Data node : fdaf964b-ea51-42ac-9b82-c03e199efe96{ip: 192.168.164.233, host: pr-hdds-2327-vtdmt-1103746116, networkLocation: /default-rack, certSerialId: null}
2019-10-18 14:30:16,031 [RatisPipelineUtilsThread] INFO  pipeline.PipelineStateManager (PipelineStateManager.java:addPipeline(56)) - Created pipeline Pipeline[ Id: d3fabacd-9202-4ff9-9ca3-7093c2f523c6, Nodes: 9a797c4a-b775-4cca-8778-469ce6187395{ip: 192.168.164.233, host: pr-hdds-2327-vtdmt-1103746116, networkLocation: /default-rack, certSerialId: null}, Type:RATIS, Factor:ONE, State:OPEN]
2019-10-18 14:30:16,054 [main] INFO  ozone.MiniOzoneClusterImpl (MiniOzoneClusterImpl.java:lambda$waitForClusterToBeReady$0(147)) - Waiting for cluster to be ready. Got 9 of 10 DN Heartbeats.
2019-10-18 14:30:16,054 [grpc-default-executor-0] INFO  impl.RaftServerProxy (RaftServerProxy.java:addNew(89)) - 55013cf6-f41f-4339-a52c-06c119893914: addNew group-86E036B6E025:[55013cf6-f41f-4339-a52c-06c119893914:192.168.164.233:44977] returns group-86E036B6E025:java.util.concurrent.CompletableFuture@417aae72[Not completed]
2019-10-18 14:30:16,083 [Thread-285] INFO  impl.FollowerState (FollowerState.java:run(108)) - 9a797c4a-b775-4cca-8778-469ce6187395@group-7093C2F523C6-FollowerState: change to CANDIDATE, lastRpcTime:173ms, electionTimeout:167ms
2019-10-18 14:30:16,089 [IPC Server handler 19 on 38635] INFO  net.NetworkTopology (NetworkTopologyImpl.java:add(111)) - Added a new node: /default-rack/681edbc6-a1fc-42a4-b5ce-4922820de60a
2019-10-18 14:30:16,103 [IPC Server handler 19 on 38635] INFO  node.SCMNodeManager (SCMNodeManager.java:register(268)) - Registered Data node : 681edbc6-a1fc-42a4-b5ce-4922820de60a{ip: 192.168.164.233, host: pr-hdds-2327-vtdmt-1103746116, networkLocation: /default-rack, certSerialId: null}
2019-10-18 14:30:16,104 [Thread-285] INFO  impl.RoleInfo (RoleInfo.java:shutdownFollowerState(121)) - 9a797c4a-b775-4cca-8778-469ce6187395: shutdown FollowerState
2019-10-18 14:30:16,109 [pool-47-thread-1] INFO  impl.RaftServerImpl (RaftServerImpl.java:<init>(104)) - 55013cf6-f41f-4339-a52c-06c119893914: new RaftServerImpl for group-86E036B6E025:[55013cf6-f41f-4339-a52c-06c119893914:192.168.164.233:44977] with ContainerStateMachine:uninitialized
2019-10-18 14:30:16,107 [Thread-285] INFO  impl.RaftServerImpl (RaftServerImpl.java:setRole(184)) - 9a797c4a-b775-4cca-8778-469ce6187395@group-7093C2F523C6: changes role from  FOLLOWER to CANDIDATE at term 0 for changeToCandidate
2019-10-18 14:30:16,109 [pool-47-thread-1] INFO  server.RaftServerConfigKeys (ConfUtils.java:logGet(43)) - raft.server.rpc.timeout.min = 1s (custom)
2019-10-18 14:30:16,109 [pool-47-thread-1] INFO  server.RaftServerConfigKeys (ConfUtils.java:logGet(43)) - raft.server.rpc.timeout.max = 1200ms (custom)
2019-10-18 14:30:16,109 [pool-47-thread-1] INFO  server.RaftServerConfigKeys (ConfUtils.java:logGet(43)) - raft.server.rpcslowness.timeout = 120s (custom)
2019-10-18 14:30:16,110 [pool-47-thread-1] INFO  server.RaftServerConfigKeys (ConfUtils.java:logGet(43)) - raft.server.sleep.deviation.threshold = 300 (default)
2019-10-18 14:30:16,110 [pool-47-thread-1] INFO  server.RaftServerConfigKeys (ConfUtils.java:logGet(43)) - raft.server.log.appender.install.snapshot.enabled = false (custom)
2019-10-18 14:30:16,110 [pool-47-thread-1] INFO  impl.RaftServerImpl (ServerState.java:<init>(103)) - 55013cf6-f41f-4339-a52c-06c119893914@group-86E036B6E025: ConfigurationManager, init=-1: [55013cf6-f41f-4339-a52c-06c119893914:192.168.164.233:44977], old=null, confs=<EMPTY_MAP>
2019-10-18 14:30:16,110 [pool-47-thread-1] INFO  server.RaftServerConfigKeys (ConfUtils.java:logGet(43)) - raft.server.storage.dir = [/workdir/hadoop-ozone/integration-test/target/test-dir/MiniOzoneClusterImpl-11a902be-dfbe-4759-94b9-65959d8d71e6/datanode-2/data/ratis] (custom)
2019-10-18 14:30:16,110 [pool-47-thread-1] INFO  server.RaftServerConfigKeys (ConfUtils.java:logGet(43)) - raft.server.log.corruption.policy = EXCEPTION (default)
2019-10-18 14:30:16,110 [pool-47-thread-1] INFO  storage.RaftStorageDirectory (RaftStorageDirectory.java:analyzeStorage(246)) - The storage directory /workdir/hadoop-ozone/integration-test/target/test-dir/MiniOzoneClusterImpl-11a902be-dfbe-4759-94b9-65959d8d71e6/datanode-2/data/ratis/f31f0780-7b36-40d5-a39f-86e036b6e025 does not exist. Creating ...
2019-10-18 14:30:16,116 [Thread-285] INFO  impl.RoleInfo (RoleInfo.java:updateAndGet(143)) - 9a797c4a-b775-4cca-8778-469ce6187395: start LeaderElection
2019-10-18 14:30:16,130 [pool-47-thread-1] INFO  storage.RaftStorageDirectory (RaftStorageDirectory.java:tryLock(328)) - Lock on /workdir/hadoop-ozone/integration-test/target/test-dir/MiniOzoneClusterImpl-11a902be-dfbe-4759-94b9-65959d8d71e6/datanode-2/data/ratis/f31f0780-7b36-40d5-a39f-86e036b6e025/in_use.lock acquired by nodename 1372@pr-hdds-2327-vtdmt-1103746116
2019-10-18 14:30:16,130 [9a797c4a-b775-4cca-8778-469ce6187395@group-7093C2F523C6-LeaderElection1] INFO  impl.LeaderElection (LeaderElection.java:askForVotes(178)) - 9a797c4a-b775-4cca-8778-469ce6187395@group-7093C2F523C6-LeaderElection1: begin an election at term 1 for -1: [9a797c4a-b775-4cca-8778-469ce6187395:192.168.164.233:34691], old=null
2019-10-18 14:30:16,131 [9a797c4a-b775-4cca-8778-469ce6187395@group-7093C2F523C6-LeaderElection1] INFO  impl.RoleInfo (RoleInfo.java:shutdownLeaderElection(134)) - 9a797c4a-b775-4cca-8778-469ce6187395: shutdown LeaderElection
2019-10-18 14:30:16,132 [9a797c4a-b775-4cca-8778-469ce6187395@group-7093C2F523C6-LeaderElection1] INFO  impl.RaftServerImpl (RaftServerImpl.java:setRole(184)) - 9a797c4a-b775-4cca-8778-469ce6187395@group-7093C2F523C6: changes role from CANDIDATE to LEADER at term 1 for changeToLeader
2019-10-18 14:30:16,132 [9a797c4a-b775-4cca-8778-469ce6187395@group-7093C2F523C6-LeaderElection1] INFO  impl.RaftServerImpl (ServerState.java:setLeader(256)) - 9a797c4a-b775-4cca-8778-469ce6187395@group-7093C2F523C6: change Leader from null to 9a797c4a-b775-4cca-8778-469ce6187395 at term 1 for becomeLeader, leader elected after 339ms
2019-10-18 14:30:16,137 [9a797c4a-b775-4cca-8778-469ce6187395@group-7093C2F523C6-LeaderElection1] INFO  server.RaftServerConfigKeys (ConfUtils.java:logGet(43)) - raft.server.staging.catchup.gap = 1000 (default)
2019-10-18 14:30:16,137 [9a797c4a-b775-4cca-8778-469ce6187395@group-7093C2F523C6-LeaderElection1] INFO  server.RaftServerConfigKeys (ConfUtils.java:logGet(43)) - raft.server.rpc.sleep.time = 25ms (default)
2019-10-18 14:30:16,141 [9a797c4a-b775-4cca-8778-469ce6187395@group-7093C2F523C6-LeaderElection1] INFO  server.RaftServerConfigKeys (ConfUtils.java:logGet(43)) - raft.server.write.element-limit = 4096 (default)
2019-10-18 14:30:16,143 [pool-47-thread-1] INFO  storage.RaftStorage (RaftStorage.java:format(84)) - Storage directory /workdir/hadoop-ozone/integration-test/target/test-dir/MiniOzoneClusterImpl-11a902be-dfbe-4759-94b9-65959d8d71e6/datanode-2/data/ratis/f31f0780-7b36-40d5-a39f-86e036b6e025 has been successfully formatted.
2019-10-18 14:30:16,148 [pool-47-thread-1] INFO  ratis.ContainerStateMachine (ContainerStateMachine.java:loadSnapshot(231)) - group-86E036B6E025: The snapshot info is null. Setting the last applied indexto:(t:0, i:~)
2019-10-18 14:30:16,150 [9a797c4a-b775-4cca-8778-469ce6187395@group-7093C2F523C6-LeaderElection1] INFO  server.RaftServerConfigKeys (ConfUtils.java:logGet(43)) - raft.server.watch.timeout = 10s (default)
2019-10-18 14:30:16,150 [pool-47-thread-1] INFO  server.RaftServerConfigKeys (ConfUtils.java:logGet(43)) - raft.server.notification.no-leader.timeout = 120s (custom)
2019-10-18 14:30:16,151 [9a797c4a-b775-4cca-8778-469ce6187395@group-7093C2F523C6-LeaderElection1] INFO  server.RaftServerConfigKeys (ConfUtils.java:logGet(43)) - raft.server.watch.timeout.denomination = 1s (default)
2019-10-18 14:30:16,151 [pool-47-thread-1] INFO  server.RaftServerConfigKeys (ConfUtils.java:logGet(43)) - raft.server.log.use.memory = false (default)
2019-10-18 14:30:16,151 [pool-47-thread-1] INFO  server.RaftServerConfigKeys (ConfUtils.java:logGet(43)) - raft.server.log.purge.gap = 1000000 (custom)
2019-10-18 14:30:16,151 [pool-47-thread-1] INFO  server.RaftServerConfigKeys (ConfUtils.java:logGet(43)) - raft.server.log.appender.buffer.byte-limit = 33554432 (custom)
2019-10-18 14:30:16,151 [pool-47-thread-1] INFO  server.RaftServerConfigKeys (ConfUtils.java:logGet(43)) - raft.server.log.segment.size.max = 1048576 (custom)
2019-10-18 14:30:16,152 [9a797c4a-b775-4cca-8778-469ce6187395@group-7093C2F523C6-LeaderElection1] INFO  server.RaftServerConfigKeys (ConfUtils.java:logGet(43)) - raft.server.watch.element-limit = 65536 (default)
2019-10-18 14:30:16,156 [pool-47-thread-1] INFO  server.RaftServerConfigKeys (ConfUtils.java:logGet(43)) - raft.server.log.segment.cache.num.max = 2 (custom)
2019-10-18 14:30:16,157 [pool-47-thread-1] INFO  segmented.SegmentedRaftLogWorker (SegmentedRaftLogWorker.java:<init>(173)) - new 55013cf6-f41f-4339-a52c-06c119893914@group-86E036B6E025-SegmentedRaftLogWorker for RaftStorage:Storage Directory /workdir/hadoop-ozone/integration-test/target/test-dir/MiniOzoneClusterImpl-11a902be-dfbe-4759-94b9-65959d8d71e6/datanode-2/data/ratis/f31f0780-7b36-40d5-a39f-86e036b6e025
2019-10-18 14:30:16,159 [pool-47-thread-1] INFO  server.RaftServerConfigKeys (ConfUtils.java:logGet(43)) - raft.server.log.queue.byte-limit = 2147483647 (custom)
2019-10-18 14:30:16,159 [pool-47-thread-1] INFO  server.RaftServerConfigKeys (ConfUtils.java:logGet(43)) - raft.server.log.queue.element-limit = 1024 (custom)
2019-10-18 14:30:16,160 [pool-47-thread-1] INFO  server.RaftServerConfigKeys (ConfUtils.java:logGet(43)) - raft.server.log.segment.size.max = 1048576 (custom)
2019-10-18 14:30:16,160 [pool-47-thread-1] INFO  server.RaftServerConfigKeys (ConfUtils.java:logGet(43)) - raft.server.log.preallocated.size = 16384 (custom)
2019-10-18 14:30:16,160 [pool-47-thread-1] INFO  server.RaftServerConfigKeys (ConfUtils.java:logGet(43)) - raft.server.log.write.buffer.size = 33554432 (custom)
2019-10-18 14:30:16,160 [pool-47-thread-1] INFO  server.RaftServerConfigKeys (ConfUtils.java:logGet(43)) - raft.server.log.force.sync.num = 128 (default)
2019-10-18 14:30:16,160 [pool-47-thread-1] INFO  server.RaftServerConfigKeys (ConfUtils.java:logGet(43)) - raft.server.log.statemachine.data.sync = true (default)
2019-10-18 14:30:16,160 [pool-47-thread-1] INFO  server.RaftServerConfigKeys (ConfUtils.java:logGet(43)) - raft.server.log.statemachine.data.sync.timeout = 10s (default)
2019-10-18 14:30:16,160 [pool-47-thread-1] INFO  server.RaftServerConfigKeys (ConfUtils.java:logGet(43)) - raft.server.log.statemachine.data.sync.timeout.retry = -1 (default)
2019-10-18 14:30:16,161 [pool-47-thread-1] INFO  server.RaftServerConfigKeys (ConfUtils.java:logGet(43)) - raft.server.log.statemachine.data.caching.enabled = true (custom)
2019-10-18 14:30:16,162 [pool-47-thread-1] INFO  segmented.SegmentedRaftLogWorker (SegmentedRaftLogWorker.java:lambda$new$0(128)) - 55013cf6-f41f-4339-a52c-06c119893914@group-86E036B6E025-SegmentedRaftLogWorker: flushIndex: setUnconditionally 0 -> -1
2019-10-18 14:30:16,162 [pool-47-thread-1] INFO  server.RaftServerConfigKeys (ConfUtils.java:logGet(43)) - raft.server.snapshot.auto.trigger.enabled = true (custom)
2019-10-18 14:30:16,181 [pool-47-thread-1] INFO  server.RaftServerConfigKeys (ConfUtils.java:logGet(43)) - raft.server.snapshot.auto.trigger.threshold = 10000 (custom)
2019-10-18 14:30:16,209 [pool-47-thread-1] INFO  server.RaftServerConfigKeys (ConfUtils.java:logGet(43)) - raft.server.snapshot.retention.file.num = 5 (custom)
2019-10-18 14:30:16,210 [pool-47-thread-1] INFO  server.RaftServerConfigKeys (ConfUtils.java:logGet(43)) - raft.server.retrycache.expirytime = 600000ms (custom)
2019-10-18 14:30:16,216 [pool-47-thread-1] INFO  impl.RaftServerImpl (RaftServerImpl.java:start(195)) - 55013cf6-f41f-4339-a52c-06c119893914@group-86E036B6E025: start as a follower, conf=-1: [55013cf6-f41f-4339-a52c-06c119893914:192.168.164.233:44977], old=null
2019-10-18 14:30:16,216 [pool-47-thread-1] INFO  impl.RaftServerImpl (RaftServerImpl.java:setRole(184)) - 55013cf6-f41f-4339-a52c-06c119893914@group-86E036B6E025: changes role from      null to FOLLOWER at term 0 for startAsFollower
2019-10-18 14:30:16,217 [pool-47-thread-1] INFO  impl.RoleInfo (RoleInfo.java:updateAndGet(143)) - 55013cf6-f41f-4339-a52c-06c119893914: start FollowerState
2019-10-18 14:30:16,217 [9a797c4a-b775-4cca-8778-469ce6187395@group-7093C2F523C6-LeaderElection1] INFO  impl.RoleInfo (RoleInfo.java:updateAndGet(143)) - 9a797c4a-b775-4cca-8778-469ce6187395: start LeaderState
2019-10-18 14:30:16,217 [pool-47-thread-1] INFO  util.JmxRegister (JmxRegister.java:tryRegister(44)) - Successfully registered JMX Bean with object name Ratis:service=RaftServer,group=group-86E036B6E025,id=55013cf6-f41f-4339-a52c-06c119893914
2019-10-18 14:30:16,236 [RatisPipelineUtilsThread] INFO  pipeline.PipelineStateManager (PipelineStateManager.java:addPipeline(56)) - Created pipeline Pipeline[ Id: f31f0780-7b36-40d5-a39f-86e036b6e025, Nodes: 55013cf6-f41f-4339-a52c-06c119893914{ip: 192.168.164.233, host: pr-hdds-2327-vtdmt-1103746116, networkLocation: /default-rack, certSerialId: null}, Type:RATIS, Factor:ONE, State:OPEN]
2019-10-18 14:30:16,247 [9a797c4a-b775-4cca-8778-469ce6187395@group-7093C2F523C6-LeaderElection1] INFO  segmented.SegmentedRaftLogWorker (SegmentedRaftLogWorker.java:startLogSegment(385)) - 9a797c4a-b775-4cca-8778-469ce6187395@group-7093C2F523C6-SegmentedRaftLogWorker: Starting segment from index:0
2019-10-18 14:30:16,257 [grpc-default-executor-0] INFO  impl.RaftServerProxy (RaftServerProxy.java:addNew(89)) - a4757974-e77e-4a1a-a400-c32fe273093a: addNew group-61E1BE43792C:[a4757974-e77e-4a1a-a400-c32fe273093a:192.168.164.233:41244] returns group-61E1BE43792C:java.util.concurrent.CompletableFuture@779c63[Not completed]
2019-10-18 14:30:16,260 [pool-77-thread-1] INFO  impl.RaftServerImpl (RaftServerImpl.java:<init>(104)) - a4757974-e77e-4a1a-a400-c32fe273093a: new RaftServerImpl for group-61E1BE43792C:[a4757974-e77e-4a1a-a400-c32fe273093a:192.168.164.233:41244] with ContainerStateMachine:uninitialized
2019-10-18 14:30:16,260 [pool-77-thread-1] INFO  server.RaftServerConfigKeys (ConfUtils.java:logGet(43)) - raft.server.rpc.timeout.min = 1s (custom)
2019-10-18 14:30:16,260 [pool-77-thread-1] INFO  server.RaftServerConfigKeys (ConfUtils.java:logGet(43)) - raft.server.rpc.timeout.max = 1200ms (custom)
2019-10-18 14:30:16,260 [pool-77-thread-1] INFO  server.RaftServerConfigKeys (ConfUtils.java:logGet(43)) - raft.server.rpcslowness.timeout = 120s (custom)
2019-10-18 14:30:16,260 [pool-77-thread-1] INFO  server.RaftServerConfigKeys (ConfUtils.java:logGet(43)) - raft.server.sleep.deviation.threshold = 300 (default)
2019-10-18 14:30:16,260 [pool-77-thread-1] INFO  server.RaftServerConfigKeys (ConfUtils.java:logGet(43)) - raft.server.log.appender.install.snapshot.enabled = false (custom)
2019-10-18 14:30:16,260 [pool-77-thread-1] INFO  impl.RaftServerImpl (ServerState.java:<init>(103)) - a4757974-e77e-4a1a-a400-c32fe273093a@group-61E1BE43792C: ConfigurationManager, init=-1: [a4757974-e77e-4a1a-a400-c32fe273093a:192.168.164.233:41244], old=null, confs=<EMPTY_MAP>
2019-10-18 14:30:16,260 [pool-77-thread-1] INFO  server.RaftServerConfigKeys (ConfUtils.java:logGet(43)) - raft.server.storage.dir = [/workdir/hadoop-ozone/integration-test/target/test-dir/MiniOzoneClusterImpl-11a902be-dfbe-4759-94b9-65959d8d71e6/datanode-5/data/ratis] (custom)
2019-10-18 14:30:16,261 [pool-77-thread-1] INFO  server.RaftServerConfigKeys (ConfUtils.java:logGet(43)) - raft.server.log.corruption.policy = EXCEPTION (default)
2019-10-18 14:30:16,261 [pool-77-thread-1] INFO  storage.RaftStorageDirectory (RaftStorageDirectory.java:analyzeStorage(246)) - The storage directory /workdir/hadoop-ozone/integration-test/target/test-dir/MiniOzoneClusterImpl-11a902be-dfbe-4759-94b9-65959d8d71e6/datanode-5/data/ratis/e0c48b70-ca65-46c8-8b75-61e1be43792c does not exist. Creating ...
2019-10-18 14:30:16,262 [9a797c4a-b775-4cca-8778-469ce6187395@group-7093C2F523C6-LeaderElection1] INFO  impl.RaftServerImpl (ServerState.java:setRaftConf(357)) - 9a797c4a-b775-4cca-8778-469ce6187395@group-7093C2F523C6: set configuration 0: [9a797c4a-b775-4cca-8778-469ce6187395:192.168.164.233:34691], old=null at 0
2019-10-18 14:30:16,273 [pool-77-thread-1] INFO  storage.RaftStorageDirectory (RaftStorageDirectory.java:tryLock(328)) - Lock on /workdir/hadoop-ozone/integration-test/target/test-dir/MiniOzoneClusterImpl-11a902be-dfbe-4759-94b9-65959d8d71e6/datanode-5/data/ratis/e0c48b70-ca65-46c8-8b75-61e1be43792c/in_use.lock acquired by nodename 1372@pr-hdds-2327-vtdmt-1103746116
2019-10-18 14:30:16,277 [pool-77-thread-1] INFO  storage.RaftStorage (RaftStorage.java:format(84)) - Storage directory /workdir/hadoop-ozone/integration-test/target/test-dir/MiniOzoneClusterImpl-11a902be-dfbe-4759-94b9-65959d8d71e6/datanode-5/data/ratis/e0c48b70-ca65-46c8-8b75-61e1be43792c has been successfully formatted.
2019-10-18 14:30:16,277 [pool-77-thread-1] INFO  ratis.ContainerStateMachine (ContainerStateMachine.java:loadSnapshot(231)) - group-61E1BE43792C: The snapshot info is null. Setting the last applied indexto:(t:0, i:~)
2019-10-18 14:30:16,277 [pool-77-thread-1] INFO  server.RaftServerConfigKeys (ConfUtils.java:logGet(43)) - raft.server.notification.no-leader.timeout = 120s (custom)
2019-10-18 14:30:16,277 [pool-77-thread-1] INFO  server.RaftServerConfigKeys (ConfUtils.java:logGet(43)) - raft.server.log.use.memory = false (default)
2019-10-18 14:30:16,277 [pool-77-thread-1] INFO  server.RaftServerConfigKeys (ConfUtils.java:logGet(43)) - raft.server.log.purge.gap = 1000000 (custom)
2019-10-18 14:30:16,278 [pool-77-thread-1] INFO  server.RaftServerConfigKeys (ConfUtils.java:logGet(43)) - raft.server.log.appender.buffer.byte-limit = 33554432 (custom)
2019-10-18 14:30:16,278 [pool-77-thread-1] INFO  server.RaftServerConfigKeys (ConfUtils.java:logGet(43)) - raft.server.log.segment.size.max = 1048576 (custom)
2019-10-18 14:30:16,280 [pool-77-thread-1] INFO  server.RaftServerConfigKeys (ConfUtils.java:logGet(43)) - raft.server.log.segment.cache.num.max = 2 (custom)
2019-10-18 14:30:16,280 [pool-77-thread-1] INFO  segmented.SegmentedRaftLogWorker (SegmentedRaftLogWorker.java:<init>(173)) - new a4757974-e77e-4a1a-a400-c32fe273093a@group-61E1BE43792C-SegmentedRaftLogWorker for RaftStorage:Storage Directory /workdir/hadoop-ozone/integration-test/target/test-dir/MiniOzoneClusterImpl-11a902be-dfbe-4759-94b9-65959d8d71e6/datanode-5/data/ratis/e0c48b70-ca65-46c8-8b75-61e1be43792c
2019-10-18 14:30:16,280 [pool-77-thread-1] INFO  server.RaftServerConfigKeys (ConfUtils.java:logGet(43)) - raft.server.log.queue.byte-limit = 2147483647 (custom)
2019-10-18 14:30:16,280 [pool-77-thread-1] INFO  server.RaftServerConfigKeys (ConfUtils.java:logGet(43)) - raft.server.log.queue.element-limit = 1024 (custom)
2019-10-18 14:30:16,281 [pool-77-thread-1] INFO  server.RaftServerConfigKeys (ConfUtils.java:logGet(43)) - raft.server.log.segment.size.max = 1048576 (custom)
2019-10-18 14:30:16,281 [pool-77-thread-1] INFO  server.RaftServerConfigKeys (ConfUtils.java:logGet(43)) - raft.server.log.preallocated.size = 16384 (custom)
2019-10-18 14:30:16,281 [pool-77-thread-1] INFO  server.RaftServerConfigKeys (ConfUtils.java:logGet(43)) - raft.server.log.write.buffer.size = 33554432 (custom)
2019-10-18 14:30:16,281 [pool-77-thread-1] INFO  server.RaftServerConfigKeys (ConfUtils.java:logGet(43)) - raft.server.log.force.sync.num = 128 (default)
2019-10-18 14:30:16,281 [pool-77-thread-1] INFO  server.RaftServerConfigKeys (ConfUtils.java:logGet(43)) - raft.server.log.statemachine.data.sync = true (default)
2019-10-18 14:30:16,281 [pool-77-thread-1] INFO  server.RaftServerConfigKeys (ConfUtils.java:logGet(43)) - raft.server.log.statemachine.data.sync.timeout = 10s (default)
2019-10-18 14:30:16,281 [pool-77-thread-1] INFO  server.RaftServerConfigKeys (ConfUtils.java:logGet(43)) - raft.server.log.statemachine.data.sync.timeout.retry = -1 (default)
2019-10-18 14:30:16,282 [pool-77-thread-1] INFO  server.RaftServerConfigKeys (ConfUtils.java:logGet(43)) - raft.server.log.statemachine.data.caching.enabled = true (custom)
2019-10-18 14:30:16,282 [pool-77-thread-1] INFO  segmented.SegmentedRaftLogWorker (SegmentedRaftLogWorker.java:lambda$new$0(128)) - a4757974-e77e-4a1a-a400-c32fe273093a@group-61E1BE43792C-SegmentedRaftLogWorker: flushIndex: setUnconditionally 0 -> -1
2019-10-18 14:30:16,282 [pool-77-thread-1] INFO  server.RaftServerConfigKeys (ConfUtils.java:logGet(43)) - raft.server.snapshot.auto.trigger.enabled = true (custom)
2019-10-18 14:30:16,282 [pool-77-thread-1] INFO  server.RaftServerConfigKeys (ConfUtils.java:logGet(43)) - raft.server.snapshot.auto.trigger.threshold = 10000 (custom)
2019-10-18 14:30:16,282 [pool-77-thread-1] INFO  server.RaftServerConfigKeys (ConfUtils.java:logGet(43)) - raft.server.snapshot.retention.file.num = 5 (custom)
2019-10-18 14:30:16,282 [pool-77-thread-1] INFO  server.RaftServerConfigKeys (ConfUtils.java:logGet(43)) - raft.server.retrycache.expirytime = 600000ms (custom)
2019-10-18 14:30:16,288 [pool-77-thread-1] INFO  impl.RaftServerImpl (RaftServerImpl.java:start(195)) - a4757974-e77e-4a1a-a400-c32fe273093a@group-61E1BE43792C: start as a follower, conf=-1: [a4757974-e77e-4a1a-a400-c32fe273093a:192.168.164.233:41244], old=null
2019-10-18 14:30:16,288 [pool-77-thread-1] INFO  impl.RaftServerImpl (RaftServerImpl.java:setRole(184)) - a4757974-e77e-4a1a-a400-c32fe273093a@group-61E1BE43792C: changes role from      null to FOLLOWER at term 0 for startAsFollower
2019-10-18 14:30:16,288 [pool-77-thread-1] INFO  impl.RoleInfo (RoleInfo.java:updateAndGet(143)) - a4757974-e77e-4a1a-a400-c32fe273093a: start FollowerState
2019-10-18 14:30:16,288 [pool-77-thread-1] INFO  util.JmxRegister (JmxRegister.java:tryRegister(44)) - Successfully registered JMX Bean with object name Ratis:service=RaftServer,group=group-61E1BE43792C,id=a4757974-e77e-4a1a-a400-c32fe273093a
2019-10-18 14:30:16,300 [RatisPipelineUtilsThread] INFO  pipeline.PipelineStateManager (PipelineStateManager.java:addPipeline(56)) - Created pipeline Pipeline[ Id: e0c48b70-ca65-46c8-8b75-61e1be43792c, Nodes: a4757974-e77e-4a1a-a400-c32fe273093a{ip: 192.168.164.233, host: pr-hdds-2327-vtdmt-1103746116, networkLocation: /default-rack, certSerialId: null}, Type:RATIS, Factor:ONE, State:OPEN]
2019-10-18 14:30:16,309 [Thread-290] INFO  impl.FollowerState (FollowerState.java:run(108)) - 55013cf6-f41f-4339-a52c-06c119893914@group-86E036B6E025-FollowerState: change to CANDIDATE, lastRpcTime:92ms, electionTimeout:92ms
2019-10-18 14:30:16,310 [Thread-290] INFO  impl.RoleInfo (RoleInfo.java:shutdownFollowerState(121)) - 55013cf6-f41f-4339-a52c-06c119893914: shutdown FollowerState
2019-10-18 14:30:16,311 [Thread-290] INFO  impl.RaftServerImpl (RaftServerImpl.java:setRole(184)) - 55013cf6-f41f-4339-a52c-06c119893914@group-86E036B6E025: changes role from  FOLLOWER to CANDIDATE at term 0 for changeToCandidate
2019-10-18 14:30:16,312 [Thread-290] INFO  impl.RoleInfo (RoleInfo.java:updateAndGet(143)) - 55013cf6-f41f-4339-a52c-06c119893914: start LeaderElection
2019-10-18 14:30:16,318 [grpc-default-executor-0] INFO  impl.RaftServerProxy (RaftServerProxy.java:addNew(89)) - 46c14060-ea78-4b5a-b57c-064e4766b234: addNew group-3B89BDE57F2D:[46c14060-ea78-4b5a-b57c-064e4766b234:192.168.164.233:36167] returns group-3B89BDE57F2D:java.util.concurrent.CompletableFuture@74bba531[Not completed]
2019-10-18 14:30:16,320 [pool-97-thread-1] INFO  impl.RaftServerImpl (RaftServerImpl.java:<init>(104)) - 46c14060-ea78-4b5a-b57c-064e4766b234: new RaftServerImpl for group-3B89BDE57F2D:[46c14060-ea78-4b5a-b57c-064e4766b234:192.168.164.233:36167] with ContainerStateMachine:uninitialized
2019-10-18 14:30:16,320 [pool-97-thread-1] INFO  server.RaftServerConfigKeys (ConfUtils.java:logGet(43)) - raft.server.rpc.timeout.min = 1s (custom)
2019-10-18 14:30:16,320 [pool-97-thread-1] INFO  server.RaftServerConfigKeys (ConfUtils.java:logGet(43)) - raft.server.rpc.timeout.max = 1200ms (custom)
2019-10-18 14:30:16,321 [pool-97-thread-1] INFO  server.RaftServerConfigKeys (ConfUtils.java:logGet(43)) - raft.server.rpcslowness.timeout = 120s (custom)
2019-10-18 14:30:16,321 [pool-97-thread-1] INFO  server.RaftServerConfigKeys (ConfUtils.java:logGet(43)) - raft.server.sleep.deviation.threshold = 300 (default)
2019-10-18 14:30:16,321 [pool-97-thread-1] INFO  server.RaftServerConfigKeys (ConfUtils.java:logGet(43)) - raft.server.log.appender.install.snapshot.enabled = false (custom)
2019-10-18 14:30:16,321 [pool-97-thread-1] INFO  impl.RaftServerImpl (ServerState.java:<init>(103)) - 46c14060-ea78-4b5a-b57c-064e4766b234@group-3B89BDE57F2D: ConfigurationManager, init=-1: [46c14060-ea78-4b5a-b57c-064e4766b234:192.168.164.233:36167], old=null, confs=<EMPTY_MAP>
2019-10-18 14:30:16,321 [pool-97-thread-1] INFO  server.RaftServerConfigKeys (ConfUtils.java:logGet(43)) - raft.server.storage.dir = [/workdir/hadoop-ozone/integration-test/target/test-dir/MiniOzoneClusterImpl-11a902be-dfbe-4759-94b9-65959d8d71e6/datanode-7/data/ratis] (custom)
2019-10-18 14:30:16,321 [pool-97-thread-1] INFO  server.RaftServerConfigKeys (ConfUtils.java:logGet(43)) - raft.server.log.corruption.policy = EXCEPTION (default)
2019-10-18 14:30:16,321 [pool-97-thread-1] INFO  storage.RaftStorageDirectory (RaftStorageDirectory.java:analyzeStorage(246)) - The storage directory /workdir/hadoop-ozone/integration-test/target/test-dir/MiniOzoneClusterImpl-11a902be-dfbe-4759-94b9-65959d8d71e6/datanode-7/data/ratis/b4b351dc-da53-424b-a4cf-3b89bde57f2d does not exist. Creating ...
2019-10-18 14:30:16,330 [pool-97-thread-1] INFO  storage.RaftStorageDirectory (RaftStorageDirectory.java:tryLock(328)) - Lock on /workdir/hadoop-ozone/integration-test/target/test-dir/MiniOzoneClusterImpl-11a902be-dfbe-4759-94b9-65959d8d71e6/datanode-7/data/ratis/b4b351dc-da53-424b-a4cf-3b89bde57f2d/in_use.lock acquired by nodename 1372@pr-hdds-2327-vtdmt-1103746116
2019-10-18 14:30:16,330 [55013cf6-f41f-4339-a52c-06c119893914@group-86E036B6E025-LeaderElection2] INFO  impl.LeaderElection (LeaderElection.java:askForVotes(178)) - 55013cf6-f41f-4339-a52c-06c119893914@group-86E036B6E025-LeaderElection2: begin an election at term 1 for -1: [55013cf6-f41f-4339-a52c-06c119893914:192.168.164.233:44977], old=null
2019-10-18 14:30:16,336 [55013cf6-f41f-4339-a52c-06c119893914@group-86E036B6E025-LeaderElection2] INFO  impl.RoleInfo (RoleInfo.java:shutdownLeaderElection(134)) - 55013cf6-f41f-4339-a52c-06c119893914: shutdown LeaderElection
2019-10-18 14:30:16,336 [55013cf6-f41f-4339-a52c-06c119893914@group-86E036B6E025-LeaderElection2] INFO  impl.RaftServerImpl (RaftServerImpl.java:setRole(184)) - 55013cf6-f41f-4339-a52c-06c119893914@group-86E036B6E025: changes role from CANDIDATE to LEADER at term 1 for changeToLeader
2019-10-18 14:30:16,336 [55013cf6-f41f-4339-a52c-06c119893914@group-86E036B6E025-LeaderElection2] INFO  impl.RaftServerImpl (ServerState.java:setLeader(256)) - 55013cf6-f41f-4339-a52c-06c119893914@group-86E036B6E025: change Leader from null to 55013cf6-f41f-4339-a52c-06c119893914 at term 1 for becomeLeader, leader elected after 185ms
2019-10-18 14:30:16,337 [55013cf6-f41f-4339-a52c-06c119893914@group-86E036B6E025-LeaderElection2] INFO  server.RaftServerConfigKeys (ConfUtils.java:logGet(43)) - raft.server.staging.catchup.gap = 1000 (default)
2019-10-18 14:30:16,338 [55013cf6-f41f-4339-a52c-06c119893914@group-86E036B6E025-LeaderElection2] INFO  server.RaftServerConfigKeys (ConfUtils.java:logGet(43)) - raft.server.rpc.sleep.time = 25ms (default)
2019-10-18 14:30:16,338 [55013cf6-f41f-4339-a52c-06c119893914@group-86E036B6E025-LeaderElection2] INFO  server.RaftServerConfigKeys (ConfUtils.java:logGet(43)) - raft.server.write.element-limit = 4096 (default)
2019-10-18 14:30:16,338 [55013cf6-f41f-4339-a52c-06c119893914@group-86E036B6E025-LeaderElection2] INFO  server.RaftServerConfigKeys (ConfUtils.java:logGet(43)) - raft.server.watch.timeout = 10s (default)
2019-10-18 14:30:16,338 [55013cf6-f41f-4339-a52c-06c119893914@group-86E036B6E025-LeaderElection2] INFO  server.RaftServerConfigKeys (ConfUtils.java:logGet(43)) - raft.server.watch.timeout.denomination = 1s (default)
2019-10-18 14:30:16,338 [55013cf6-f41f-4339-a52c-06c119893914@group-86E036B6E025-LeaderElection2] INFO  server.RaftServerConfigKeys (ConfUtils.java:logGet(43)) - raft.server.watch.element-limit = 65536 (default)
2019-10-18 14:30:16,341 [55013cf6-f41f-4339-a52c-06c119893914@group-86E036B6E025-LeaderElection2] INFO  impl.RoleInfo (RoleInfo.java:updateAndGet(143)) - 55013cf6-f41f-4339-a52c-06c119893914: start LeaderState
2019-10-18 14:30:16,341 [55013cf6-f41f-4339-a52c-06c119893914@group-86E036B6E025-LeaderElection2] INFO  segmented.SegmentedRaftLogWorker (SegmentedRaftLogWorker.java:startLogSegment(385)) - 55013cf6-f41f-4339-a52c-06c119893914@group-86E036B6E025-SegmentedRaftLogWorker: Starting segment from index:0
2019-10-18 14:30:16,341 [55013cf6-f41f-4339-a52c-06c119893914@group-86E036B6E025-LeaderElection2] INFO  impl.RaftServerImpl (ServerState.java:setRaftConf(357)) - 55013cf6-f41f-4339-a52c-06c119893914@group-86E036B6E025: set configuration 0: [55013cf6-f41f-4339-a52c-06c119893914:192.168.164.233:44977], old=null at 0
2019-10-18 14:30:16,350 [pool-97-thread-1] INFO  storage.RaftStorage (RaftStorage.java:format(84)) - Storage directory /workdir/hadoop-ozone/integration-test/target/test-dir/MiniOzoneClusterImpl-11a902be-dfbe-4759-94b9-65959d8d71e6/datanode-7/data/ratis/b4b351dc-da53-424b-a4cf-3b89bde57f2d has been successfully formatted.
2019-10-18 14:30:16,351 [pool-97-thread-1] INFO  ratis.ContainerStateMachine (ContainerStateMachine.java:loadSnapshot(231)) - group-3B89BDE57F2D: The snapshot info is null. Setting the last applied indexto:(t:0, i:~)
2019-10-18 14:30:16,351 [pool-97-thread-1] INFO  server.RaftServerConfigKeys (ConfUtils.java:logGet(43)) - raft.server.notification.no-leader.timeout = 120s (custom)
2019-10-18 14:30:16,351 [pool-97-thread-1] INFO  server.RaftServerConfigKeys (ConfUtils.java:logGet(43)) - raft.server.log.use.memory = false (default)
2019-10-18 14:30:16,351 [pool-97-thread-1] INFO  server.RaftServerConfigKeys (ConfUtils.java:logGet(43)) - raft.server.log.purge.gap = 1000000 (custom)
2019-10-18 14:30:16,351 [pool-97-thread-1] INFO  server.RaftServerConfigKeys (ConfUtils.java:logGet(43)) - raft.server.log.appender.buffer.byte-limit = 33554432 (custom)
2019-10-18 14:30:16,351 [pool-97-thread-1] INFO  server.RaftServerConfigKeys (ConfUtils.java:logGet(43)) - raft.server.log.segment.size.max = 1048576 (custom)
2019-10-18 14:30:16,354 [pool-97-thread-1] INFO  server.RaftServerConfigKeys (ConfUtils.java:logGet(43)) - raft.server.log.segment.cache.num.max = 2 (custom)
2019-10-18 14:30:16,354 [pool-97-thread-1] INFO  segmented.SegmentedRaftLogWorker (SegmentedRaftLogWorker.java:<init>(173)) - new 46c14060-ea78-4b5a-b57c-064e4766b234@group-3B89BDE57F2D-SegmentedRaftLogWorker for RaftStorage:Storage Directory /workdir/hadoop-ozone/integration-test/target/test-dir/MiniOzoneClusterImpl-11a902be-dfbe-4759-94b9-65959d8d71e6/datanode-7/data/ratis/b4b351dc-da53-424b-a4cf-3b89bde57f2d
2019-10-18 14:30:16,354 [pool-97-thread-1] INFO  server.RaftServerConfigKeys (ConfUtils.java:logGet(43)) - raft.server.log.queue.byte-limit = 2147483647 (custom)
2019-10-18 14:30:16,354 [pool-97-thread-1] INFO  server.RaftServerConfigKeys (ConfUtils.java:logGet(43)) - raft.server.log.queue.element-limit = 1024 (custom)
2019-10-18 14:30:16,354 [pool-97-thread-1] INFO  server.RaftServerConfigKeys (ConfUtils.java:logGet(43)) - raft.server.log.segment.size.max = 1048576 (custom)
2019-10-18 14:30:16,354 [pool-97-thread-1] INFO  server.RaftServerConfigKeys (ConfUtils.java:logGet(43)) - raft.server.log.preallocated.size = 16384 (custom)
2019-10-18 14:30:16,354 [pool-97-thread-1] INFO  server.RaftServerConfigKeys (ConfUtils.java:logGet(43)) - raft.server.log.write.buffer.size = 33554432 (custom)
2019-10-18 14:30:16,354 [pool-97-thread-1] INFO  server.RaftServerConfigKeys (ConfUtils.java:logGet(43)) - raft.server.log.force.sync.num = 128 (default)
2019-10-18 14:30:16,354 [pool-97-thread-1] INFO  server.RaftServerConfigKeys (ConfUtils.java:logGet(43)) - raft.server.log.statemachine.data.sync = true (default)
2019-10-18 14:30:16,354 [pool-97-thread-1] INFO  server.RaftServerConfigKeys (ConfUtils.java:logGet(43)) - raft.server.log.statemachine.data.sync.timeout = 10s (default)
2019-10-18 14:30:16,355 [pool-97-thread-1] INFO  server.RaftServerConfigKeys (ConfUtils.java:logGet(43)) - raft.server.log.statemachine.data.sync.timeout.retry = -1 (default)
2019-10-18 14:30:16,355 [pool-97-thread-1] INFO  server.RaftServerConfigKeys (ConfUtils.java:logGet(43)) - raft.server.log.statemachine.data.caching.enabled = true (custom)
2019-10-18 14:30:16,355 [pool-97-thread-1] INFO  segmented.SegmentedRaftLogWorker (SegmentedRaftLogWorker.java:lambda$new$0(128)) - 46c14060-ea78-4b5a-b57c-064e4766b234@group-3B89BDE57F2D-SegmentedRaftLogWorker: flushIndex: setUnconditionally 0 -> -1
2019-10-18 14:30:16,355 [pool-97-thread-1] INFO  server.RaftServerConfigKeys (ConfUtils.java:logGet(43)) - raft.server.snapshot.auto.trigger.enabled = true (custom)
2019-10-18 14:30:16,356 [pool-97-thread-1] INFO  server.RaftServerConfigKeys (ConfUtils.java:logGet(43)) - raft.server.snapshot.auto.trigger.threshold = 10000 (custom)
2019-10-18 14:30:16,356 [pool-97-thread-1] INFO  server.RaftServerConfigKeys (ConfUtils.java:logGet(43)) - raft.server.snapshot.retention.file.num = 5 (custom)
2019-10-18 14:30:16,356 [pool-97-thread-1] INFO  server.RaftServerConfigKeys (ConfUtils.java:logGet(43)) - raft.server.retrycache.expirytime = 600000ms (custom)
2019-10-18 14:30:16,359 [pool-97-thread-1] INFO  impl.RaftServerImpl (RaftServerImpl.java:start(195)) - 46c14060-ea78-4b5a-b57c-064e4766b234@group-3B89BDE57F2D: start as a follower, conf=-1: [46c14060-ea78-4b5a-b57c-064e4766b234:192.168.164.233:36167], old=null
2019-10-18 14:30:16,359 [pool-97-thread-1] INFO  impl.RaftServerImpl (RaftServerImpl.java:setRole(184)) - 46c14060-ea78-4b5a-b57c-064e4766b234@group-3B89BDE57F2D: changes role from      null to FOLLOWER at term 0 for startAsFollower
2019-10-18 14:30:16,359 [pool-97-thread-1] INFO  impl.RoleInfo (RoleInfo.java:updateAndGet(143)) - 46c14060-ea78-4b5a-b57c-064e4766b234: start FollowerState
2019-10-18 14:30:16,359 [pool-97-thread-1] INFO  util.JmxRegister (JmxRegister.java:tryRegister(44)) - Successfully registered JMX Bean with object name Ratis:service=RaftServer,group=group-3B89BDE57F2D,id=46c14060-ea78-4b5a-b57c-064e4766b234
2019-10-18 14:30:16,379 [RatisPipelineUtilsThread] INFO  pipeline.PipelineStateManager (PipelineStateManager.java:addPipeline(56)) - Created pipeline Pipeline[ Id: b4b351dc-da53-424b-a4cf-3b89bde57f2d, Nodes: 46c14060-ea78-4b5a-b57c-064e4766b234{ip: 192.168.164.233, host: pr-hdds-2327-vtdmt-1103746116, networkLocation: /default-rack, certSerialId: null}, Type:RATIS, Factor:ONE, State:OPEN]
2019-10-18 14:30:16,392 [grpc-default-executor-0] INFO  impl.RaftServerProxy (RaftServerProxy.java:addNew(89)) - 04371d53-951f-40a0-9bd2-eaa7c72eca17: addNew group-B09A2D14393E:[04371d53-951f-40a0-9bd2-eaa7c72eca17:192.168.164.233:42616] returns group-B09A2D14393E:java.util.concurrent.CompletableFuture@1236b350[Not completed]
2019-10-18 14:30:16,396 [pool-67-thread-1] INFO  impl.RaftServerImpl (RaftServerImpl.java:<init>(104)) - 04371d53-951f-40a0-9bd2-eaa7c72eca17: new RaftServerImpl for group-B09A2D14393E:[04371d53-951f-40a0-9bd2-eaa7c72eca17:192.168.164.233:42616] with ContainerStateMachine:uninitialized
2019-10-18 14:30:16,396 [pool-67-thread-1] INFO  server.RaftServerConfigKeys (ConfUtils.java:logGet(43)) - raft.server.rpc.timeout.min = 1s (custom)
2019-10-18 14:30:16,396 [pool-67-thread-1] INFO  server.RaftServerConfigKeys (ConfUtils.java:logGet(43)) - raft.server.rpc.timeout.max = 1200ms (custom)
2019-10-18 14:30:16,397 [pool-67-thread-1] INFO  server.RaftServerConfigKeys (ConfUtils.java:logGet(43)) - raft.server.rpcslowness.timeout = 120s (custom)
2019-10-18 14:30:16,397 [pool-67-thread-1] INFO  server.RaftServerConfigKeys (ConfUtils.java:logGet(43)) - raft.server.sleep.deviation.threshold = 300 (default)
2019-10-18 14:30:16,397 [pool-67-thread-1] INFO  server.RaftServerConfigKeys (ConfUtils.java:logGet(43)) - raft.server.log.appender.install.snapshot.enabled = false (custom)
2019-10-18 14:30:16,397 [pool-67-thread-1] INFO  impl.RaftServerImpl (ServerState.java:<init>(103)) - 04371d53-951f-40a0-9bd2-eaa7c72eca17@group-B09A2D14393E: ConfigurationManager, init=-1: [04371d53-951f-40a0-9bd2-eaa7c72eca17:192.168.164.233:42616], old=null, confs=<EMPTY_MAP>
2019-10-18 14:30:16,397 [pool-67-thread-1] INFO  server.RaftServerConfigKeys (ConfUtils.java:logGet(43)) - raft.server.storage.dir = [/workdir/hadoop-ozone/integration-test/target/test-dir/MiniOzoneClusterImpl-11a902be-dfbe-4759-94b9-65959d8d71e6/datanode-4/data/ratis] (custom)
2019-10-18 14:30:16,397 [pool-67-thread-1] INFO  server.RaftServerConfigKeys (ConfUtils.java:logGet(43)) - raft.server.log.corruption.policy = EXCEPTION (default)
2019-10-18 14:30:16,397 [pool-67-thread-1] INFO  storage.RaftStorageDirectory (RaftStorageDirectory.java:analyzeStorage(246)) - The storage directory /workdir/hadoop-ozone/integration-test/target/test-dir/MiniOzoneClusterImpl-11a902be-dfbe-4759-94b9-65959d8d71e6/datanode-4/data/ratis/84e4d439-35a4-4ef7-9778-b09a2d14393e does not exist. Creating ...
2019-10-18 14:30:16,403 [Thread-293] INFO  impl.FollowerState (FollowerState.java:run(108)) - a4757974-e77e-4a1a-a400-c32fe273093a@group-61E1BE43792C-FollowerState: change to CANDIDATE, lastRpcTime:115ms, electionTimeout:115ms
2019-10-18 14:30:16,403 [Thread-293] INFO  impl.RoleInfo (RoleInfo.java:shutdownFollowerState(121)) - a4757974-e77e-4a1a-a400-c32fe273093a: shutdown FollowerState
2019-10-18 14:30:16,404 [Thread-293] INFO  impl.RaftServerImpl (RaftServerImpl.java:setRole(184)) - a4757974-e77e-4a1a-a400-c32fe273093a@group-61E1BE43792C: changes role from  FOLLOWER to CANDIDATE at term 0 for changeToCandidate
2019-10-18 14:30:16,404 [Thread-293] INFO  impl.RoleInfo (RoleInfo.java:updateAndGet(143)) - a4757974-e77e-4a1a-a400-c32fe273093a: start LeaderElection
2019-10-18 14:30:16,410 [pool-67-thread-1] INFO  storage.RaftStorageDirectory (RaftStorageDirectory.java:tryLock(328)) - Lock on /workdir/hadoop-ozone/integration-test/target/test-dir/MiniOzoneClusterImpl-11a902be-dfbe-4759-94b9-65959d8d71e6/datanode-4/data/ratis/84e4d439-35a4-4ef7-9778-b09a2d14393e/in_use.lock acquired by nodename 1372@pr-hdds-2327-vtdmt-1103746116
2019-10-18 14:30:16,410 [a4757974-e77e-4a1a-a400-c32fe273093a@group-61E1BE43792C-LeaderElection3] INFO  impl.LeaderElection (LeaderElection.java:askForVotes(178)) - a4757974-e77e-4a1a-a400-c32fe273093a@group-61E1BE43792C-LeaderElection3: begin an election at term 1 for -1: [a4757974-e77e-4a1a-a400-c32fe273093a:192.168.164.233:41244], old=null
2019-10-18 14:30:16,412 [a4757974-e77e-4a1a-a400-c32fe273093a@group-61E1BE43792C-LeaderElection3] INFO  impl.RoleInfo (RoleInfo.java:shutdownLeaderElection(134)) - a4757974-e77e-4a1a-a400-c32fe273093a: shutdown LeaderElection
2019-10-18 14:30:16,412 [a4757974-e77e-4a1a-a400-c32fe273093a@group-61E1BE43792C-LeaderElection3] INFO  impl.RaftServerImpl (RaftServerImpl.java:setRole(184)) - a4757974-e77e-4a1a-a400-c32fe273093a@group-61E1BE43792C: changes role from CANDIDATE to LEADER at term 1 for changeToLeader
2019-10-18 14:30:16,412 [a4757974-e77e-4a1a-a400-c32fe273093a@group-61E1BE43792C-LeaderElection3] INFO  impl.RaftServerImpl (ServerState.java:setLeader(256)) - a4757974-e77e-4a1a-a400-c32fe273093a@group-61E1BE43792C: change Leader from null to a4757974-e77e-4a1a-a400-c32fe273093a at term 1 for becomeLeader, leader elected after 134ms
2019-10-18 14:30:16,435 [a4757974-e77e-4a1a-a400-c32fe273093a@group-61E1BE43792C-LeaderElection3] INFO  server.RaftServerConfigKeys (ConfUtils.java:logGet(43)) - raft.server.staging.catchup.gap = 1000 (default)
2019-10-18 14:30:16,435 [pool-67-thread-1] INFO  storage.RaftStorage (RaftStorage.java:format(84)) - Storage directory /workdir/hadoop-ozone/integration-test/target/test-dir/MiniOzoneClusterImpl-11a902be-dfbe-4759-94b9-65959d8d71e6/datanode-4/data/ratis/84e4d439-35a4-4ef7-9778-b09a2d14393e has been successfully formatted.
2019-10-18 14:30:16,435 [a4757974-e77e-4a1a-a400-c32fe273093a@group-61E1BE43792C-LeaderElection3] INFO  server.RaftServerConfigKeys (ConfUtils.java:logGet(43)) - raft.server.rpc.sleep.time = 25ms (default)
2019-10-18 14:30:16,435 [pool-67-thread-1] INFO  ratis.ContainerStateMachine (ContainerStateMachine.java:loadSnapshot(231)) - group-B09A2D14393E: The snapshot info is null. Setting the last applied indexto:(t:0, i:~)
2019-10-18 14:30:16,436 [pool-67-thread-1] INFO  server.RaftServerConfigKeys (ConfUtils.java:logGet(43)) - raft.server.notification.no-leader.timeout = 120s (custom)
2019-10-18 14:30:16,436 [a4757974-e77e-4a1a-a400-c32fe273093a@group-61E1BE43792C-LeaderElection3] INFO  server.RaftServerConfigKeys (ConfUtils.java:logGet(43)) - raft.server.write.element-limit = 4096 (default)
2019-10-18 14:30:16,436 [pool-67-thread-1] INFO  server.RaftServerConfigKeys (ConfUtils.java:logGet(43)) - raft.server.log.use.memory = false (default)
2019-10-18 14:30:16,436 [a4757974-e77e-4a1a-a400-c32fe273093a@group-61E1BE43792C-LeaderElection3] INFO  server.RaftServerConfigKeys (ConfUtils.java:logGet(43)) - raft.server.watch.timeout = 10s (default)
2019-10-18 14:30:16,436 [pool-67-thread-1] INFO  server.RaftServerConfigKeys (ConfUtils.java:logGet(43)) - raft.server.log.purge.gap = 1000000 (custom)
2019-10-18 14:30:16,436 [a4757974-e77e-4a1a-a400-c32fe273093a@group-61E1BE43792C-LeaderElection3] INFO  server.RaftServerConfigKeys (ConfUtils.java:logGet(43)) - raft.server.watch.timeout.denomination = 1s (default)
2019-10-18 14:30:16,436 [pool-67-thread-1] INFO  server.RaftServerConfigKeys (ConfUtils.java:logGet(43)) - raft.server.log.appender.buffer.byte-limit = 33554432 (custom)
2019-10-18 14:30:16,436 [a4757974-e77e-4a1a-a400-c32fe273093a@group-61E1BE43792C-LeaderElection3] INFO  server.RaftServerConfigKeys (ConfUtils.java:logGet(43)) - raft.server.watch.element-limit = 65536 (default)
2019-10-18 14:30:16,436 [pool-67-thread-1] INFO  server.RaftServerConfigKeys (ConfUtils.java:logGet(43)) - raft.server.log.segment.size.max = 1048576 (custom)
2019-10-18 14:30:16,439 [pool-67-thread-1] INFO  server.RaftServerConfigKeys (ConfUtils.java:logGet(43)) - raft.server.log.segment.cache.num.max = 2 (custom)
2019-10-18 14:30:16,439 [pool-67-thread-1] INFO  segmented.SegmentedRaftLogWorker (SegmentedRaftLogWorker.java:<init>(173)) - new 04371d53-951f-40a0-9bd2-eaa7c72eca17@group-B09A2D14393E-SegmentedRaftLogWorker for RaftStorage:Storage Directory /workdir/hadoop-ozone/integration-test/target/test-dir/MiniOzoneClusterImpl-11a902be-dfbe-4759-94b9-65959d8d71e6/datanode-4/data/ratis/84e4d439-35a4-4ef7-9778-b09a2d14393e
2019-10-18 14:30:16,439 [pool-67-thread-1] INFO  server.RaftServerConfigKeys (ConfUtils.java:logGet(43)) - raft.server.log.queue.byte-limit = 2147483647 (custom)
2019-10-18 14:30:16,439 [pool-67-thread-1] INFO  server.RaftServerConfigKeys (ConfUtils.java:logGet(43)) - raft.server.log.queue.element-limit = 1024 (custom)
2019-10-18 14:30:16,439 [pool-67-thread-1] INFO  server.RaftServerConfigKeys (ConfUtils.java:logGet(43)) - raft.server.log.segment.size.max = 1048576 (custom)
2019-10-18 14:30:16,439 [pool-67-thread-1] INFO  server.RaftServerConfigKeys (ConfUtils.java:logGet(43)) - raft.server.log.preallocated.size = 16384 (custom)
2019-10-18 14:30:16,439 [pool-67-thread-1] INFO  server.RaftServerConfigKeys (ConfUtils.java:logGet(43)) - raft.server.log.write.buffer.size = 33554432 (custom)
2019-10-18 14:30:16,439 [pool-67-thread-1] INFO  server.RaftServerConfigKeys (ConfUtils.java:logGet(43)) - raft.server.log.force.sync.num = 128 (default)
2019-10-18 14:30:16,440 [pool-67-thread-1] INFO  server.RaftServerConfigKeys (ConfUtils.java:logGet(43)) - raft.server.log.statemachine.data.sync = true (default)
2019-10-18 14:30:16,440 [pool-67-thread-1] INFO  server.RaftServerConfigKeys (ConfUtils.java:logGet(43)) - raft.server.log.statemachine.data.sync.timeout = 10s (default)
2019-10-18 14:30:16,440 [pool-67-thread-1] INFO  server.RaftServerConfigKeys (ConfUtils.java:logGet(43)) - raft.server.log.statemachine.data.sync.timeout.retry = -1 (default)
2019-10-18 14:30:16,440 [pool-67-thread-1] INFO  server.RaftServerConfigKeys (ConfUtils.java:logGet(43)) - raft.server.log.statemachine.data.caching.enabled = true (custom)
2019-10-18 14:30:16,440 [a4757974-e77e-4a1a-a400-c32fe273093a@group-61E1BE43792C-LeaderElection3] INFO  impl.RoleInfo (RoleInfo.java:updateAndGet(143)) - a4757974-e77e-4a1a-a400-c32fe273093a: start LeaderState
2019-10-18 14:30:16,440 [pool-67-thread-1] INFO  segmented.SegmentedRaftLogWorker (SegmentedRaftLogWorker.java:lambda$new$0(128)) - 04371d53-951f-40a0-9bd2-eaa7c72eca17@group-B09A2D14393E-SegmentedRaftLogWorker: flushIndex: setUnconditionally 0 -> -1
2019-10-18 14:30:16,441 [pool-67-thread-1] INFO  server.RaftServerConfigKeys (ConfUtils.java:logGet(43)) - raft.server.snapshot.auto.trigger.enabled = true (custom)
2019-10-18 14:30:16,441 [a4757974-e77e-4a1a-a400-c32fe273093a@group-61E1BE43792C-LeaderElection3] INFO  segmented.SegmentedRaftLogWorker (SegmentedRaftLogWorker.java:startLogSegment(385)) - a4757974-e77e-4a1a-a400-c32fe273093a@group-61E1BE43792C-SegmentedRaftLogWorker: Starting segment from index:0
2019-10-18 14:30:16,441 [pool-67-thread-1] INFO  server.RaftServerConfigKeys (ConfUtils.java:logGet(43)) - raft.server.snapshot.auto.trigger.threshold = 10000 (custom)
2019-10-18 14:30:16,441 [pool-67-thread-1] INFO  server.RaftServerConfigKeys (ConfUtils.java:logGet(43)) - raft.server.snapshot.retention.file.num = 5 (custom)
2019-10-18 14:30:16,441 [pool-67-thread-1] INFO  server.RaftServerConfigKeys (ConfUtils.java:logGet(43)) - raft.server.retrycache.expirytime = 600000ms (custom)
2019-10-18 14:30:16,441 [a4757974-e77e-4a1a-a400-c32fe273093a@group-61E1BE43792C-LeaderElection3] INFO  impl.RaftServerImpl (ServerState.java:setRaftConf(357)) - a4757974-e77e-4a1a-a400-c32fe273093a@group-61E1BE43792C: set configuration 0: [a4757974-e77e-4a1a-a400-c32fe273093a:192.168.164.233:41244], old=null at 0
2019-10-18 14:30:16,475 [55013cf6-f41f-4339-a52c-06c119893914@group-86E036B6E025-SegmentedRaftLogWorker] INFO  segmented.SegmentedRaftLogWorker (SegmentedRaftLogWorker.java:execute(576)) - 55013cf6-f41f-4339-a52c-06c119893914@group-86E036B6E025-SegmentedRaftLogWorker: created new log segment /workdir/hadoop-ozone/integration-test/target/test-dir/MiniOzoneClusterImpl-11a902be-dfbe-4759-94b9-65959d8d71e6/datanode-2/data/ratis/f31f0780-7b36-40d5-a39f-86e036b6e025/current/log_inprogress_0
2019-10-18 14:30:16,475 [9a797c4a-b775-4cca-8778-469ce6187395@group-7093C2F523C6-SegmentedRaftLogWorker] INFO  segmented.SegmentedRaftLogWorker (SegmentedRaftLogWorker.java:execute(576)) - 9a797c4a-b775-4cca-8778-469ce6187395@group-7093C2F523C6-SegmentedRaftLogWorker: created new log segment /workdir/hadoop-ozone/integration-test/target/test-dir/MiniOzoneClusterImpl-11a902be-dfbe-4759-94b9-65959d8d71e6/datanode-0/data/ratis/d3fabacd-9202-4ff9-9ca3-7093c2f523c6/current/log_inprogress_0
2019-10-18 14:30:16,478 [pool-67-thread-1] INFO  impl.RaftServerImpl (RaftServerImpl.java:start(195)) - 04371d53-951f-40a0-9bd2-eaa7c72eca17@group-B09A2D14393E: start as a follower, conf=-1: [04371d53-951f-40a0-9bd2-eaa7c72eca17:192.168.164.233:42616], old=null
2019-10-18 14:30:16,478 [pool-67-thread-1] INFO  impl.RaftServerImpl (RaftServerImpl.java:setRole(184)) - 04371d53-951f-40a0-9bd2-eaa7c72eca17@group-B09A2D14393E: changes role from      null to FOLLOWER at term 0 for startAsFollower
2019-10-18 14:30:16,478 [pool-67-thread-1] INFO  impl.RoleInfo (RoleInfo.java:updateAndGet(143)) - 04371d53-951f-40a0-9bd2-eaa7c72eca17: start FollowerState
2019-10-18 14:30:16,479 [pool-67-thread-1] INFO  util.JmxRegister (JmxRegister.java:tryRegister(44)) - Successfully registered JMX Bean with object name Ratis:service=RaftServer,group=group-B09A2D14393E,id=04371d53-951f-40a0-9bd2-eaa7c72eca17
2019-10-18 14:30:16,480 [a4757974-e77e-4a1a-a400-c32fe273093a@group-61E1BE43792C-SegmentedRaftLogWorker] INFO  segmented.SegmentedRaftLogWorker (SegmentedRaftLogWorker.java:execute(576)) - a4757974-e77e-4a1a-a400-c32fe273093a@group-61E1BE43792C-SegmentedRaftLogWorker: created new log segment /workdir/hadoop-ozone/integration-test/target/test-dir/MiniOzoneClusterImpl-11a902be-dfbe-4759-94b9-65959d8d71e6/datanode-5/data/ratis/e0c48b70-ca65-46c8-8b75-61e1be43792c/current/log_inprogress_0
2019-10-18 14:30:16,493 [Thread-298] INFO  impl.FollowerState (FollowerState.java:run(108)) - 46c14060-ea78-4b5a-b57c-064e4766b234@group-3B89BDE57F2D-FollowerState: change to CANDIDATE, lastRpcTime:134ms, electionTimeout:134ms
2019-10-18 14:30:16,494 [Thread-298] INFO  impl.RoleInfo (RoleInfo.java:shutdownFollowerState(121)) - 46c14060-ea78-4b5a-b57c-064e4766b234: shutdown FollowerState
2019-10-18 14:30:16,494 [Thread-298] INFO  impl.RaftServerImpl (RaftServerImpl.java:setRole(184)) - 46c14060-ea78-4b5a-b57c-064e4766b234@group-3B89BDE57F2D: changes role from  FOLLOWER to CANDIDATE at term 0 for changeToCandidate
2019-10-18 14:30:16,494 [Thread-298] INFO  impl.RoleInfo (RoleInfo.java:updateAndGet(143)) - 46c14060-ea78-4b5a-b57c-064e4766b234: start LeaderElection
2019-10-18 14:30:16,498 [RatisPipelineUtilsThread] INFO  pipeline.PipelineStateManager (PipelineStateManager.java:addPipeline(56)) - Created pipeline Pipeline[ Id: 84e4d439-35a4-4ef7-9778-b09a2d14393e, Nodes: 04371d53-951f-40a0-9bd2-eaa7c72eca17{ip: 192.168.164.233, host: pr-hdds-2327-vtdmt-1103746116, networkLocation: /default-rack, certSerialId: null}, Type:RATIS, Factor:ONE, State:OPEN]
2019-10-18 14:30:16,501 [46c14060-ea78-4b5a-b57c-064e4766b234@group-3B89BDE57F2D-LeaderElection4] INFO  impl.LeaderElection (LeaderElection.java:askForVotes(178)) - 46c14060-ea78-4b5a-b57c-064e4766b234@group-3B89BDE57F2D-LeaderElection4: begin an election at term 1 for -1: [46c14060-ea78-4b5a-b57c-064e4766b234:192.168.164.233:36167], old=null
2019-10-18 14:30:16,502 [46c14060-ea78-4b5a-b57c-064e4766b234@group-3B89BDE57F2D-LeaderElection4] INFO  impl.RoleInfo (RoleInfo.java:shutdownLeaderElection(134)) - 46c14060-ea78-4b5a-b57c-064e4766b234: shutdown LeaderElection
2019-10-18 14:30:16,502 [46c14060-ea78-4b5a-b57c-064e4766b234@group-3B89BDE57F2D-LeaderElection4] INFO  impl.RaftServerImpl (RaftServerImpl.java:setRole(184)) - 46c14060-ea78-4b5a-b57c-064e4766b234@group-3B89BDE57F2D: changes role from CANDIDATE to LEADER at term 1 for changeToLeader
2019-10-18 14:30:16,503 [46c14060-ea78-4b5a-b57c-064e4766b234@group-3B89BDE57F2D-LeaderElection4] INFO  impl.RaftServerImpl (ServerState.java:setLeader(256)) - 46c14060-ea78-4b5a-b57c-064e4766b234@group-3B89BDE57F2D: change Leader from null to 46c14060-ea78-4b5a-b57c-064e4766b234 at term 1 for becomeLeader, leader elected after 152ms
2019-10-18 14:30:16,504 [46c14060-ea78-4b5a-b57c-064e4766b234@group-3B89BDE57F2D-LeaderElection4] INFO  server.RaftServerConfigKeys (ConfUtils.java:logGet(43)) - raft.server.staging.catchup.gap = 1000 (default)
2019-10-18 14:30:16,504 [46c14060-ea78-4b5a-b57c-064e4766b234@group-3B89BDE57F2D-LeaderElection4] INFO  server.RaftServerConfigKeys (ConfUtils.java:logGet(43)) - raft.server.rpc.sleep.time = 25ms (default)
2019-10-18 14:30:16,504 [46c14060-ea78-4b5a-b57c-064e4766b234@group-3B89BDE57F2D-LeaderElection4] INFO  server.RaftServerConfigKeys (ConfUtils.java:logGet(43)) - raft.server.write.element-limit = 4096 (default)
2019-10-18 14:30:16,504 [46c14060-ea78-4b5a-b57c-064e4766b234@group-3B89BDE57F2D-LeaderElection4] INFO  server.RaftServerConfigKeys (ConfUtils.java:logGet(43)) - raft.server.watch.timeout = 10s (default)
2019-10-18 14:30:16,505 [46c14060-ea78-4b5a-b57c-064e4766b234@group-3B89BDE57F2D-LeaderElection4] INFO  server.RaftServerConfigKeys (ConfUtils.java:logGet(43)) - raft.server.watch.timeout.denomination = 1s (default)
2019-10-18 14:30:16,506 [46c14060-ea78-4b5a-b57c-064e4766b234@group-3B89BDE57F2D-LeaderElection4] INFO  server.RaftServerConfigKeys (ConfUtils.java:logGet(43)) - raft.server.watch.element-limit = 65536 (default)
2019-10-18 14:30:16,509 [46c14060-ea78-4b5a-b57c-064e4766b234@group-3B89BDE57F2D-LeaderElection4] INFO  impl.RoleInfo (RoleInfo.java:updateAndGet(143)) - 46c14060-ea78-4b5a-b57c-064e4766b234: start LeaderState
2019-10-18 14:30:16,509 [46c14060-ea78-4b5a-b57c-064e4766b234@group-3B89BDE57F2D-LeaderElection4] INFO  segmented.SegmentedRaftLogWorker (SegmentedRaftLogWorker.java:startLogSegment(385)) - 46c14060-ea78-4b5a-b57c-064e4766b234@group-3B89BDE57F2D-SegmentedRaftLogWorker: Starting segment from index:0
2019-10-18 14:30:16,510 [46c14060-ea78-4b5a-b57c-064e4766b234@group-3B89BDE57F2D-LeaderElection4] INFO  impl.RaftServerImpl (ServerState.java:setRaftConf(357)) - 46c14060-ea78-4b5a-b57c-064e4766b234@group-3B89BDE57F2D: set configuration 0: [46c14060-ea78-4b5a-b57c-064e4766b234:192.168.164.233:36167], old=null at 0
2019-10-18 14:30:16,536 [grpc-default-executor-0] INFO  impl.RaftServerProxy (RaftServerProxy.java:addNew(89)) - f9cd2519-4472-482d-8bf1-226263d0a440: addNew group-35119E3E96C4:[f9cd2519-4472-482d-8bf1-226263d0a440:192.168.164.233:35693] returns group-35119E3E96C4:java.util.concurrent.CompletableFuture@6a6223a0[Not completed]
2019-10-18 14:30:16,539 [pool-37-thread-1] INFO  impl.RaftServerImpl (RaftServerImpl.java:<init>(104)) - f9cd2519-4472-482d-8bf1-226263d0a440: new RaftServerImpl for group-35119E3E96C4:[f9cd2519-4472-482d-8bf1-226263d0a440:192.168.164.233:35693] with ContainerStateMachine:uninitialized
2019-10-18 14:30:16,539 [pool-37-thread-1] INFO  server.RaftServerConfigKeys (ConfUtils.java:logGet(43)) - raft.server.rpc.timeout.min = 1s (custom)
2019-10-18 14:30:16,539 [46c14060-ea78-4b5a-b57c-064e4766b234@group-3B89BDE57F2D-SegmentedRaftLogWorker] INFO  segmented.SegmentedRaftLogWorker (SegmentedRaftLogWorker.java:execute(576)) - 46c14060-ea78-4b5a-b57c-064e4766b234@group-3B89BDE57F2D-SegmentedRaftLogWorker: created new log segment /workdir/hadoop-ozone/integration-test/target/test-dir/MiniOzoneClusterImpl-11a902be-dfbe-4759-94b9-65959d8d71e6/datanode-7/data/ratis/b4b351dc-da53-424b-a4cf-3b89bde57f2d/current/log_inprogress_0
2019-10-18 14:30:16,539 [pool-37-thread-1] INFO  server.RaftServerConfigKeys (ConfUtils.java:logGet(43)) - raft.server.rpc.timeout.max = 1200ms (custom)
2019-10-18 14:30:16,539 [pool-37-thread-1] INFO  server.RaftServerConfigKeys (ConfUtils.java:logGet(43)) - raft.server.rpcslowness.timeout = 120s (custom)
2019-10-18 14:30:16,539 [pool-37-thread-1] INFO  server.RaftServerConfigKeys (ConfUtils.java:logGet(43)) - raft.server.sleep.deviation.threshold = 300 (default)
2019-10-18 14:30:16,539 [pool-37-thread-1] INFO  server.RaftServerConfigKeys (ConfUtils.java:logGet(43)) - raft.server.log.appender.install.snapshot.enabled = false (custom)
2019-10-18 14:30:16,540 [pool-37-thread-1] INFO  impl.RaftServerImpl (ServerState.java:<init>(103)) - f9cd2519-4472-482d-8bf1-226263d0a440@group-35119E3E96C4: ConfigurationManager, init=-1: [f9cd2519-4472-482d-8bf1-226263d0a440:192.168.164.233:35693], old=null, confs=<EMPTY_MAP>
2019-10-18 14:30:16,540 [pool-37-thread-1] INFO  server.RaftServerConfigKeys (ConfUtils.java:logGet(43)) - raft.server.storage.dir = [/workdir/hadoop-ozone/integration-test/target/test-dir/MiniOzoneClusterImpl-11a902be-dfbe-4759-94b9-65959d8d71e6/datanode-1/data/ratis] (custom)
2019-10-18 14:30:16,540 [pool-37-thread-1] INFO  server.RaftServerConfigKeys (ConfUtils.java:logGet(43)) - raft.server.log.corruption.policy = EXCEPTION (default)
2019-10-18 14:30:16,540 [pool-37-thread-1] INFO  storage.RaftStorageDirectory (RaftStorageDirectory.java:analyzeStorage(246)) - The storage directory /workdir/hadoop-ozone/integration-test/target/test-dir/MiniOzoneClusterImpl-11a902be-dfbe-4759-94b9-65959d8d71e6/datanode-1/data/ratis/6572741c-0d2f-494f-8b9f-35119e3e96c4 does not exist. Creating ...
2019-10-18 14:30:16,545 [Thread-303] INFO  impl.FollowerState (FollowerState.java:run(108)) - 04371d53-951f-40a0-9bd2-eaa7c72eca17@group-B09A2D14393E-FollowerState: change to CANDIDATE, lastRpcTime:66ms, electionTimeout:66ms
2019-10-18 14:30:16,545 [Thread-303] INFO  impl.RoleInfo (RoleInfo.java:shutdownFollowerState(121)) - 04371d53-951f-40a0-9bd2-eaa7c72eca17: shutdown FollowerState
2019-10-18 14:30:16,545 [Thread-303] INFO  impl.RaftServerImpl (RaftServerImpl.java:setRole(184)) - 04371d53-951f-40a0-9bd2-eaa7c72eca17@group-B09A2D14393E: changes role from  FOLLOWER to CANDIDATE at term 0 for changeToCandidate
2019-10-18 14:30:16,545 [Thread-303] INFO  impl.RoleInfo (RoleInfo.java:updateAndGet(143)) - 04371d53-951f-40a0-9bd2-eaa7c72eca17: start LeaderElection
2019-10-18 14:30:16,569 [pool-37-thread-1] INFO  storage.RaftStorageDirectory (RaftStorageDirectory.java:tryLock(328)) - Lock on /workdir/hadoop-ozone/integration-test/target/test-dir/MiniOzoneClusterImpl-11a902be-dfbe-4759-94b9-65959d8d71e6/datanode-1/data/ratis/6572741c-0d2f-494f-8b9f-35119e3e96c4/in_use.lock acquired by nodename 1372@pr-hdds-2327-vtdmt-1103746116
2019-10-18 14:30:16,569 [04371d53-951f-40a0-9bd2-eaa7c72eca17@group-B09A2D14393E-LeaderElection5] INFO  impl.LeaderElection (LeaderElection.java:askForVotes(178)) - 04371d53-951f-40a0-9bd2-eaa7c72eca17@group-B09A2D14393E-LeaderElection5: begin an election at term 1 for -1: [04371d53-951f-40a0-9bd2-eaa7c72eca17:192.168.164.233:42616], old=null
2019-10-18 14:30:16,569 [04371d53-951f-40a0-9bd2-eaa7c72eca17@group-B09A2D14393E-LeaderElection5] INFO  impl.RoleInfo (RoleInfo.java:shutdownLeaderElection(134)) - 04371d53-951f-40a0-9bd2-eaa7c72eca17: shutdown LeaderElection
2019-10-18 14:30:16,569 [04371d53-951f-40a0-9bd2-eaa7c72eca17@group-B09A2D14393E-LeaderElection5] INFO  impl.RaftServerImpl (RaftServerImpl.java:setRole(184)) - 04371d53-951f-40a0-9bd2-eaa7c72eca17@group-B09A2D14393E: changes role from CANDIDATE to LEADER at term 1 for changeToLeader
2019-10-18 14:30:16,570 [04371d53-951f-40a0-9bd2-eaa7c72eca17@group-B09A2D14393E-LeaderElection5] INFO  impl.RaftServerImpl (ServerState.java:setLeader(256)) - 04371d53-951f-40a0-9bd2-eaa7c72eca17@group-B09A2D14393E: change Leader from null to 04371d53-951f-40a0-9bd2-eaa7c72eca17 at term 1 for becomeLeader, leader elected after 134ms
2019-10-18 14:30:16,570 [04371d53-951f-40a0-9bd2-eaa7c72eca17@group-B09A2D14393E-LeaderElection5] INFO  server.RaftServerConfigKeys (ConfUtils.java:logGet(43)) - raft.server.staging.catchup.gap = 1000 (default)
2019-10-18 14:30:16,571 [04371d53-951f-40a0-9bd2-eaa7c72eca17@group-B09A2D14393E-LeaderElection5] INFO  server.RaftServerConfigKeys (ConfUtils.java:logGet(43)) - raft.server.rpc.sleep.time = 25ms (default)
2019-10-18 14:30:16,571 [04371d53-951f-40a0-9bd2-eaa7c72eca17@group-B09A2D14393E-LeaderElection5] INFO  server.RaftServerConfigKeys (ConfUtils.java:logGet(43)) - raft.server.write.element-limit = 4096 (default)
2019-10-18 14:30:16,571 [04371d53-951f-40a0-9bd2-eaa7c72eca17@group-B09A2D14393E-LeaderElection5] INFO  server.RaftServerConfigKeys (ConfUtils.java:logGet(43)) - raft.server.watch.timeout = 10s (default)
2019-10-18 14:30:16,571 [04371d53-951f-40a0-9bd2-eaa7c72eca17@group-B09A2D14393E-LeaderElection5] INFO  server.RaftServerConfigKeys (ConfUtils.java:logGet(43)) - raft.server.watch.timeout.denomination = 1s (default)
2019-10-18 14:30:16,571 [04371d53-951f-40a0-9bd2-eaa7c72eca17@group-B09A2D14393E-LeaderElection5] INFO  server.RaftServerConfigKeys (ConfUtils.java:logGet(43)) - raft.server.watch.element-limit = 65536 (default)
2019-10-18 14:30:16,573 [04371d53-951f-40a0-9bd2-eaa7c72eca17@group-B09A2D14393E-LeaderElection5] INFO  impl.RoleInfo (RoleInfo.java:updateAndGet(143)) - 04371d53-951f-40a0-9bd2-eaa7c72eca17: start LeaderState
2019-10-18 14:30:16,573 [04371d53-951f-40a0-9bd2-eaa7c72eca17@group-B09A2D14393E-LeaderElection5] INFO  segmented.SegmentedRaftLogWorker (SegmentedRaftLogWorker.java:startLogSegment(385)) - 04371d53-951f-40a0-9bd2-eaa7c72eca17@group-B09A2D14393E-SegmentedRaftLogWorker: Starting segment from index:0
2019-10-18 14:30:16,574 [04371d53-951f-40a0-9bd2-eaa7c72eca17@group-B09A2D14393E-LeaderElection5] INFO  impl.RaftServerImpl (ServerState.java:setRaftConf(357)) - 04371d53-951f-40a0-9bd2-eaa7c72eca17@group-B09A2D14393E: set configuration 0: [04371d53-951f-40a0-9bd2-eaa7c72eca17:192.168.164.233:42616], old=null at 0
2019-10-18 14:30:16,598 [pool-37-thread-1] INFO  storage.RaftStorage (RaftStorage.java:format(84)) - Storage directory /workdir/hadoop-ozone/integration-test/target/test-dir/MiniOzoneClusterImpl-11a902be-dfbe-4759-94b9-65959d8d71e6/datanode-1/data/ratis/6572741c-0d2f-494f-8b9f-35119e3e96c4 has been successfully formatted.
2019-10-18 14:30:16,599 [pool-37-thread-1] INFO  ratis.ContainerStateMachine (ContainerStateMachine.java:loadSnapshot(231)) - group-35119E3E96C4: The snapshot info is null. Setting the last applied indexto:(t:0, i:~)
2019-10-18 14:30:16,599 [pool-37-thread-1] INFO  server.RaftServerConfigKeys (ConfUtils.java:logGet(43)) - raft.server.notification.no-leader.timeout = 120s (custom)
2019-10-18 14:30:16,599 [pool-37-thread-1] INFO  server.RaftServerConfigKeys (ConfUtils.java:logGet(43)) - raft.server.log.use.memory = false (default)
2019-10-18 14:30:16,599 [pool-37-thread-1] INFO  server.RaftServerConfigKeys (ConfUtils.java:logGet(43)) - raft.server.log.purge.gap = 1000000 (custom)
2019-10-18 14:30:16,599 [pool-37-thread-1] INFO  server.RaftServerConfigKeys (ConfUtils.java:logGet(43)) - raft.server.log.appender.buffer.byte-limit = 33554432 (custom)
2019-10-18 14:30:16,599 [pool-37-thread-1] INFO  server.RaftServerConfigKeys (ConfUtils.java:logGet(43)) - raft.server.log.segment.size.max = 1048576 (custom)
2019-10-18 14:30:16,602 [pool-37-thread-1] INFO  server.RaftServerConfigKeys (ConfUtils.java:logGet(43)) - raft.server.log.segment.cache.num.max = 2 (custom)
2019-10-18 14:30:16,602 [pool-37-thread-1] INFO  segmented.SegmentedRaftLogWorker (SegmentedRaftLogWorker.java:<init>(173)) - new f9cd2519-4472-482d-8bf1-226263d0a440@group-35119E3E96C4-SegmentedRaftLogWorker for RaftStorage:Storage Directory /workdir/hadoop-ozone/integration-test/target/test-dir/MiniOzoneClusterImpl-11a902be-dfbe-4759-94b9-65959d8d71e6/datanode-1/data/ratis/6572741c-0d2f-494f-8b9f-35119e3e96c4
2019-10-18 14:30:16,602 [pool-37-thread-1] INFO  server.RaftServerConfigKeys (ConfUtils.java:logGet(43)) - raft.server.log.queue.byte-limit = 2147483647 (custom)
2019-10-18 14:30:16,602 [pool-37-thread-1] INFO  server.RaftServerConfigKeys (ConfUtils.java:logGet(43)) - raft.server.log.queue.element-limit = 1024 (custom)
2019-10-18 14:30:16,602 [pool-37-thread-1] INFO  server.RaftServerConfigKeys (ConfUtils.java:logGet(43)) - raft.server.log.segment.size.max = 1048576 (custom)
2019-10-18 14:30:16,602 [pool-37-thread-1] INFO  server.RaftServerConfigKeys (ConfUtils.java:logGet(43)) - raft.server.log.preallocated.size = 16384 (custom)
2019-10-18 14:30:16,602 [pool-37-thread-1] INFO  server.RaftServerConfigKeys (ConfUtils.java:logGet(43)) - raft.server.log.write.buffer.size = 33554432 (custom)
2019-10-18 14:30:16,602 [pool-37-thread-1] INFO  server.RaftServerConfigKeys (ConfUtils.java:logGet(43)) - raft.server.log.force.sync.num = 128 (default)
2019-10-18 14:30:16,602 [pool-37-thread-1] INFO  server.RaftServerConfigKeys (ConfUtils.java:logGet(43)) - raft.server.log.statemachine.data.sync = true (default)
2019-10-18 14:30:16,602 [pool-37-thread-1] INFO  server.RaftServerConfigKeys (ConfUtils.java:logGet(43)) - raft.server.log.statemachine.data.sync.timeout = 10s (default)
2019-10-18 14:30:16,602 [pool-37-thread-1] INFO  server.RaftServerConfigKeys (ConfUtils.java:logGet(43)) - raft.server.log.statemachine.data.sync.timeout.retry = -1 (default)
2019-10-18 14:30:16,603 [pool-37-thread-1] INFO  server.RaftServerConfigKeys (ConfUtils.java:logGet(43)) - raft.server.log.statemachine.data.caching.enabled = true (custom)
2019-10-18 14:30:16,603 [pool-37-thread-1] INFO  segmented.SegmentedRaftLogWorker (SegmentedRaftLogWorker.java:lambda$new$0(128)) - f9cd2519-4472-482d-8bf1-226263d0a440@group-35119E3E96C4-SegmentedRaftLogWorker: flushIndex: setUnconditionally 0 -> -1
2019-10-18 14:30:16,604 [pool-37-thread-1] INFO  server.RaftServerConfigKeys (ConfUtils.java:logGet(43)) - raft.server.snapshot.auto.trigger.enabled = true (custom)
2019-10-18 14:30:16,604 [pool-37-thread-1] INFO  server.RaftServerConfigKeys (ConfUtils.java:logGet(43)) - raft.server.snapshot.auto.trigger.threshold = 10000 (custom)
2019-10-18 14:30:16,604 [pool-37-thread-1] INFO  server.RaftServerConfigKeys (ConfUtils.java:logGet(43)) - raft.server.snapshot.retention.file.num = 5 (custom)
2019-10-18 14:30:16,604 [pool-37-thread-1] INFO  server.RaftServerConfigKeys (ConfUtils.java:logGet(43)) - raft.server.retrycache.expirytime = 600000ms (custom)
2019-10-18 14:30:16,607 [pool-37-thread-1] INFO  impl.RaftServerImpl (RaftServerImpl.java:start(195)) - f9cd2519-4472-482d-8bf1-226263d0a440@group-35119E3E96C4: start as a follower, conf=-1: [f9cd2519-4472-482d-8bf1-226263d0a440:192.168.164.233:35693], old=null
2019-10-18 14:30:16,607 [pool-37-thread-1] INFO  impl.RaftServerImpl (RaftServerImpl.java:setRole(184)) - f9cd2519-4472-482d-8bf1-226263d0a440@group-35119E3E96C4: changes role from      null to FOLLOWER at term 0 for startAsFollower
2019-10-18 14:30:16,608 [pool-37-thread-1] INFO  impl.RoleInfo (RoleInfo.java:updateAndGet(143)) - f9cd2519-4472-482d-8bf1-226263d0a440: start FollowerState
2019-10-18 14:30:16,608 [pool-37-thread-1] INFO  util.JmxRegister (JmxRegister.java:tryRegister(44)) - Successfully registered JMX Bean with object name Ratis:service=RaftServer,group=group-35119E3E96C4,id=f9cd2519-4472-482d-8bf1-226263d0a440
2019-10-18 14:30:16,618 [RatisPipelineUtilsThread] INFO  pipeline.PipelineStateManager (PipelineStateManager.java:addPipeline(56)) - Created pipeline Pipeline[ Id: 6572741c-0d2f-494f-8b9f-35119e3e96c4, Nodes: f9cd2519-4472-482d-8bf1-226263d0a440{ip: 192.168.164.233, host: pr-hdds-2327-vtdmt-1103746116, networkLocation: /default-rack, certSerialId: null}, Type:RATIS, Factor:ONE, State:OPEN]
2019-10-18 14:30:16,622 [04371d53-951f-40a0-9bd2-eaa7c72eca17@group-B09A2D14393E-SegmentedRaftLogWorker] INFO  segmented.SegmentedRaftLogWorker (SegmentedRaftLogWorker.java:execute(576)) - 04371d53-951f-40a0-9bd2-eaa7c72eca17@group-B09A2D14393E-SegmentedRaftLogWorker: created new log segment /workdir/hadoop-ozone/integration-test/target/test-dir/MiniOzoneClusterImpl-11a902be-dfbe-4759-94b9-65959d8d71e6/datanode-4/data/ratis/84e4d439-35a4-4ef7-9778-b09a2d14393e/current/log_inprogress_0
2019-10-18 14:30:16,631 [grpc-default-executor-0] INFO  impl.RaftServerProxy (RaftServerProxy.java:addNew(89)) - 681edbc6-a1fc-42a4-b5ce-4922820de60a: addNew group-B0E326AFB972:[681edbc6-a1fc-42a4-b5ce-4922820de60a:192.168.164.233:44267] returns group-B0E326AFB972:java.util.concurrent.CompletableFuture@7fabbe1c[Not completed]
2019-10-18 14:30:16,639 [pool-117-thread-1] INFO  impl.RaftServerImpl (RaftServerImpl.java:<init>(104)) - 681edbc6-a1fc-42a4-b5ce-4922820de60a: new RaftServerImpl for group-B0E326AFB972:[681edbc6-a1fc-42a4-b5ce-4922820de60a:192.168.164.233:44267] with ContainerStateMachine:uninitialized
2019-10-18 14:30:16,639 [pool-117-thread-1] INFO  server.RaftServerConfigKeys (ConfUtils.java:logGet(43)) - raft.server.rpc.timeout.min = 1s (custom)
2019-10-18 14:30:16,639 [pool-117-thread-1] INFO  server.RaftServerConfigKeys (ConfUtils.java:logGet(43)) - raft.server.rpc.timeout.max = 1200ms (custom)
2019-10-18 14:30:16,639 [pool-117-thread-1] INFO  server.RaftServerConfigKeys (ConfUtils.java:logGet(43)) - raft.server.rpcslowness.timeout = 120s (custom)
2019-10-18 14:30:16,639 [pool-117-thread-1] INFO  server.RaftServerConfigKeys (ConfUtils.java:logGet(43)) - raft.server.sleep.deviation.threshold = 300 (default)
2019-10-18 14:30:16,640 [pool-117-thread-1] INFO  server.RaftServerConfigKeys (ConfUtils.java:logGet(43)) - raft.server.log.appender.install.snapshot.enabled = false (custom)
2019-10-18 14:30:16,640 [pool-117-thread-1] INFO  impl.RaftServerImpl (ServerState.java:<init>(103)) - 681edbc6-a1fc-42a4-b5ce-4922820de60a@group-B0E326AFB972: ConfigurationManager, init=-1: [681edbc6-a1fc-42a4-b5ce-4922820de60a:192.168.164.233:44267], old=null, confs=<EMPTY_MAP>
2019-10-18 14:30:16,640 [pool-117-thread-1] INFO  server.RaftServerConfigKeys (ConfUtils.java:logGet(43)) - raft.server.storage.dir = [/workdir/hadoop-ozone/integration-test/target/test-dir/MiniOzoneClusterImpl-11a902be-dfbe-4759-94b9-65959d8d71e6/datanode-9/data/ratis] (custom)
2019-10-18 14:30:16,640 [pool-117-thread-1] INFO  server.RaftServerConfigKeys (ConfUtils.java:logGet(43)) - raft.server.log.corruption.policy = EXCEPTION (default)
2019-10-18 14:30:16,640 [pool-117-thread-1] INFO  storage.RaftStorageDirectory (RaftStorageDirectory.java:analyzeStorage(246)) - The storage directory /workdir/hadoop-ozone/integration-test/target/test-dir/MiniOzoneClusterImpl-11a902be-dfbe-4759-94b9-65959d8d71e6/datanode-9/data/ratis/04ec1c23-669c-47ef-9030-b0e326afb972 does not exist. Creating ...
2019-10-18 14:30:16,654 [pool-117-thread-1] INFO  storage.RaftStorageDirectory (RaftStorageDirectory.java:tryLock(328)) - Lock on /workdir/hadoop-ozone/integration-test/target/test-dir/MiniOzoneClusterImpl-11a902be-dfbe-4759-94b9-65959d8d71e6/datanode-9/data/ratis/04ec1c23-669c-47ef-9030-b0e326afb972/in_use.lock acquired by nodename 1372@pr-hdds-2327-vtdmt-1103746116
2019-10-18 14:30:16,655 [Thread-310] INFO  impl.FollowerState (FollowerState.java:run(108)) - f9cd2519-4472-482d-8bf1-226263d0a440@group-35119E3E96C4-FollowerState: change to CANDIDATE, lastRpcTime:47ms, electionTimeout:47ms
2019-10-18 14:30:16,655 [Thread-310] INFO  impl.RoleInfo (RoleInfo.java:shutdownFollowerState(121)) - f9cd2519-4472-482d-8bf1-226263d0a440: shutdown FollowerState
2019-10-18 14:30:16,655 [Thread-310] INFO  impl.RaftServerImpl (RaftServerImpl.java:setRole(184)) - f9cd2519-4472-482d-8bf1-226263d0a440@group-35119E3E96C4: changes role from  FOLLOWER to CANDIDATE at term 0 for changeToCandidate
2019-10-18 14:30:16,655 [Thread-310] INFO  impl.RoleInfo (RoleInfo.java:updateAndGet(143)) - f9cd2519-4472-482d-8bf1-226263d0a440: start LeaderElection
2019-10-18 14:30:16,667 [pool-117-thread-1] INFO  storage.RaftStorage (RaftStorage.java:format(84)) - Storage directory /workdir/hadoop-ozone/integration-test/target/test-dir/MiniOzoneClusterImpl-11a902be-dfbe-4759-94b9-65959d8d71e6/datanode-9/data/ratis/04ec1c23-669c-47ef-9030-b0e326afb972 has been successfully formatted.
2019-10-18 14:30:16,667 [f9cd2519-4472-482d-8bf1-226263d0a440@group-35119E3E96C4-LeaderElection6] INFO  impl.LeaderElection (LeaderElection.java:askForVotes(178)) - f9cd2519-4472-482d-8bf1-226263d0a440@group-35119E3E96C4-LeaderElection6: begin an election at term 1 for -1: [f9cd2519-4472-482d-8bf1-226263d0a440:192.168.164.233:35693], old=null
2019-10-18 14:30:16,668 [pool-117-thread-1] INFO  ratis.ContainerStateMachine (ContainerStateMachine.java:loadSnapshot(231)) - group-B0E326AFB972: The snapshot info is null. Setting the last applied indexto:(t:0, i:~)
2019-10-18 14:30:16,668 [f9cd2519-4472-482d-8bf1-226263d0a440@group-35119E3E96C4-LeaderElection6] INFO  impl.RoleInfo (RoleInfo.java:shutdownLeaderElection(134)) - f9cd2519-4472-482d-8bf1-226263d0a440: shutdown LeaderElection
2019-10-18 14:30:16,668 [pool-117-thread-1] INFO  server.RaftServerConfigKeys (ConfUtils.java:logGet(43)) - raft.server.notification.no-leader.timeout = 120s (custom)
2019-10-18 14:30:16,668 [f9cd2519-4472-482d-8bf1-226263d0a440@group-35119E3E96C4-LeaderElection6] INFO  impl.RaftServerImpl (RaftServerImpl.java:setRole(184)) - f9cd2519-4472-482d-8bf1-226263d0a440@group-35119E3E96C4: changes role from CANDIDATE to LEADER at term 1 for changeToLeader
2019-10-18 14:30:16,668 [pool-117-thread-1] INFO  server.RaftServerConfigKeys (ConfUtils.java:logGet(43)) - raft.server.log.use.memory = false (default)
2019-10-18 14:30:16,668 [f9cd2519-4472-482d-8bf1-226263d0a440@group-35119E3E96C4-LeaderElection6] INFO  impl.RaftServerImpl (ServerState.java:setLeader(256)) - f9cd2519-4472-482d-8bf1-226263d0a440@group-35119E3E96C4: change Leader from null to f9cd2519-4472-482d-8bf1-226263d0a440 at term 1 for becomeLeader, leader elected after 68ms
2019-10-18 14:30:16,668 [pool-117-thread-1] INFO  server.RaftServerConfigKeys (ConfUtils.java:logGet(43)) - raft.server.log.purge.gap = 1000000 (custom)
2019-10-18 14:30:16,668 [f9cd2519-4472-482d-8bf1-226263d0a440@group-35119E3E96C4-LeaderElection6] INFO  server.RaftServerConfigKeys (ConfUtils.java:logGet(43)) - raft.server.staging.catchup.gap = 1000 (default)
2019-10-18 14:30:16,668 [pool-117-thread-1] INFO  server.RaftServerConfigKeys (ConfUtils.java:logGet(43)) - raft.server.log.appender.buffer.byte-limit = 33554432 (custom)
2019-10-18 14:30:16,668 [f9cd2519-4472-482d-8bf1-226263d0a440@group-35119E3E96C4-LeaderElection6] INFO  server.RaftServerConfigKeys (ConfUtils.java:logGet(43)) - raft.server.rpc.sleep.time = 25ms (default)
2019-10-18 14:30:16,668 [pool-117-thread-1] INFO  server.RaftServerConfigKeys (ConfUtils.java:logGet(43)) - raft.server.log.segment.size.max = 1048576 (custom)
2019-10-18 14:30:16,668 [f9cd2519-4472-482d-8bf1-226263d0a440@group-35119E3E96C4-LeaderElection6] INFO  server.RaftServerConfigKeys (ConfUtils.java:logGet(43)) - raft.server.write.element-limit = 4096 (default)
2019-10-18 14:30:16,668 [f9cd2519-4472-482d-8bf1-226263d0a440@group-35119E3E96C4-LeaderElection6] INFO  server.RaftServerConfigKeys (ConfUtils.java:logGet(43)) - raft.server.watch.timeout = 10s (default)
2019-10-18 14:30:16,669 [f9cd2519-4472-482d-8bf1-226263d0a440@group-35119E3E96C4-LeaderElection6] INFO  server.RaftServerConfigKeys (ConfUtils.java:logGet(43)) - raft.server.watch.timeout.denomination = 1s (default)
2019-10-18 14:30:16,669 [f9cd2519-4472-482d-8bf1-226263d0a440@group-35119E3E96C4-LeaderElection6] INFO  server.RaftServerConfigKeys (ConfUtils.java:logGet(43)) - raft.server.watch.element-limit = 65536 (default)
2019-10-18 14:30:16,670 [pool-117-thread-1] INFO  server.RaftServerConfigKeys (ConfUtils.java:logGet(43)) - raft.server.log.segment.cache.num.max = 2 (custom)
2019-10-18 14:30:16,670 [pool-117-thread-1] INFO  segmented.SegmentedRaftLogWorker (SegmentedRaftLogWorker.java:<init>(173)) - new 681edbc6-a1fc-42a4-b5ce-4922820de60a@group-B0E326AFB972-SegmentedRaftLogWorker for RaftStorage:Storage Directory /workdir/hadoop-ozone/integration-test/target/test-dir/MiniOzoneClusterImpl-11a902be-dfbe-4759-94b9-65959d8d71e6/datanode-9/data/ratis/04ec1c23-669c-47ef-9030-b0e326afb972
2019-10-18 14:30:16,671 [pool-117-thread-1] INFO  server.RaftServerConfigKeys (ConfUtils.java:logGet(43)) - raft.server.log.queue.byte-limit = 2147483647 (custom)
2019-10-18 14:30:16,671 [pool-117-thread-1] INFO  server.RaftServerConfigKeys (ConfUtils.java:logGet(43)) - raft.server.log.queue.element-limit = 1024 (custom)
2019-10-18 14:30:16,671 [pool-117-thread-1] INFO  server.RaftServerConfigKeys (ConfUtils.java:logGet(43)) - raft.server.log.segment.size.max = 1048576 (custom)
2019-10-18 14:30:16,671 [pool-117-thread-1] INFO  server.RaftServerConfigKeys (ConfUtils.java:logGet(43)) - raft.server.log.preallocated.size = 16384 (custom)
2019-10-18 14:30:16,671 [pool-117-thread-1] INFO  server.RaftServerConfigKeys (ConfUtils.java:logGet(43)) - raft.server.log.write.buffer.size = 33554432 (custom)
2019-10-18 14:30:16,671 [f9cd2519-4472-482d-8bf1-226263d0a440@group-35119E3E96C4-LeaderElection6] INFO  impl.RoleInfo (RoleInfo.java:updateAndGet(143)) - f9cd2519-4472-482d-8bf1-226263d0a440: start LeaderState
2019-10-18 14:30:16,671 [pool-117-thread-1] INFO  server.RaftServerConfigKeys (ConfUtils.java:logGet(43)) - raft.server.log.force.sync.num = 128 (default)
2019-10-18 14:30:16,671 [pool-117-thread-1] INFO  server.RaftServerConfigKeys (ConfUtils.java:logGet(43)) - raft.server.log.statemachine.data.sync = true (default)
2019-10-18 14:30:16,671 [pool-117-thread-1] INFO  server.RaftServerConfigKeys (ConfUtils.java:logGet(43)) - raft.server.log.statemachine.data.sync.timeout = 10s (default)
2019-10-18 14:30:16,671 [pool-117-thread-1] INFO  server.RaftServerConfigKeys (ConfUtils.java:logGet(43)) - raft.server.log.statemachine.data.sync.timeout.retry = -1 (default)
2019-10-18 14:30:16,671 [f9cd2519-4472-482d-8bf1-226263d0a440@group-35119E3E96C4-LeaderElection6] INFO  segmented.SegmentedRaftLogWorker (SegmentedRaftLogWorker.java:startLogSegment(385)) - f9cd2519-4472-482d-8bf1-226263d0a440@group-35119E3E96C4-SegmentedRaftLogWorker: Starting segment from index:0
2019-10-18 14:30:16,672 [pool-117-thread-1] INFO  server.RaftServerConfigKeys (ConfUtils.java:logGet(43)) - raft.server.log.statemachine.data.caching.enabled = true (custom)
2019-10-18 14:30:16,672 [f9cd2519-4472-482d-8bf1-226263d0a440@group-35119E3E96C4-LeaderElection6] INFO  impl.RaftServerImpl (ServerState.java:setRaftConf(357)) - f9cd2519-4472-482d-8bf1-226263d0a440@group-35119E3E96C4: set configuration 0: [f9cd2519-4472-482d-8bf1-226263d0a440:192.168.164.233:35693], old=null at 0
2019-10-18 14:30:16,672 [pool-117-thread-1] INFO  segmented.SegmentedRaftLogWorker (SegmentedRaftLogWorker.java:lambda$new$0(128)) - 681edbc6-a1fc-42a4-b5ce-4922820de60a@group-B0E326AFB972-SegmentedRaftLogWorker: flushIndex: setUnconditionally 0 -> -1
2019-10-18 14:30:16,704 [pool-117-thread-1] INFO  server.RaftServerConfigKeys (ConfUtils.java:logGet(43)) - raft.server.snapshot.auto.trigger.enabled = true (custom)
2019-10-18 14:30:16,704 [pool-117-thread-1] INFO  server.RaftServerConfigKeys (ConfUtils.java:logGet(43)) - raft.server.snapshot.auto.trigger.threshold = 10000 (custom)
2019-10-18 14:30:16,704 [pool-117-thread-1] INFO  server.RaftServerConfigKeys (ConfUtils.java:logGet(43)) - raft.server.snapshot.retention.file.num = 5 (custom)
2019-10-18 14:30:16,704 [pool-117-thread-1] INFO  server.RaftServerConfigKeys (ConfUtils.java:logGet(43)) - raft.server.retrycache.expirytime = 600000ms (custom)
2019-10-18 14:30:16,707 [pool-117-thread-1] INFO  impl.RaftServerImpl (RaftServerImpl.java:start(195)) - 681edbc6-a1fc-42a4-b5ce-4922820de60a@group-B0E326AFB972: start as a follower, conf=-1: [681edbc6-a1fc-42a4-b5ce-4922820de60a:192.168.164.233:44267], old=null
2019-10-18 14:30:16,707 [pool-117-thread-1] INFO  impl.RaftServerImpl (RaftServerImpl.java:setRole(184)) - 681edbc6-a1fc-42a4-b5ce-4922820de60a@group-B0E326AFB972: changes role from      null to FOLLOWER at term 0 for startAsFollower
2019-10-18 14:30:16,707 [pool-117-thread-1] INFO  impl.RoleInfo (RoleInfo.java:updateAndGet(143)) - 681edbc6-a1fc-42a4-b5ce-4922820de60a: start FollowerState
2019-10-18 14:30:16,708 [pool-117-thread-1] INFO  util.JmxRegister (JmxRegister.java:tryRegister(44)) - Successfully registered JMX Bean with object name Ratis:service=RaftServer,group=group-B0E326AFB972,id=681edbc6-a1fc-42a4-b5ce-4922820de60a
2019-10-18 14:30:16,717 [f9cd2519-4472-482d-8bf1-226263d0a440@group-35119E3E96C4-SegmentedRaftLogWorker] INFO  segmented.SegmentedRaftLogWorker (SegmentedRaftLogWorker.java:execute(576)) - f9cd2519-4472-482d-8bf1-226263d0a440@group-35119E3E96C4-SegmentedRaftLogWorker: created new log segment /workdir/hadoop-ozone/integration-test/target/test-dir/MiniOzoneClusterImpl-11a902be-dfbe-4759-94b9-65959d8d71e6/datanode-1/data/ratis/6572741c-0d2f-494f-8b9f-35119e3e96c4/current/log_inprogress_0
2019-10-18 14:30:16,724 [Thread-315] INFO  impl.FollowerState (FollowerState.java:run(108)) - 681edbc6-a1fc-42a4-b5ce-4922820de60a@group-B0E326AFB972-FollowerState: change to CANDIDATE, lastRpcTime:16ms, electionTimeout:11ms
2019-10-18 14:30:16,724 [Thread-315] INFO  impl.RoleInfo (RoleInfo.java:shutdownFollowerState(121)) - 681edbc6-a1fc-42a4-b5ce-4922820de60a: shutdown FollowerState
2019-10-18 14:30:16,725 [Thread-315] INFO  impl.RaftServerImpl (RaftServerImpl.java:setRole(184)) - 681edbc6-a1fc-42a4-b5ce-4922820de60a@group-B0E326AFB972: changes role from  FOLLOWER to CANDIDATE at term 0 for changeToCandidate
2019-10-18 14:30:16,726 [Thread-315] INFO  impl.RoleInfo (RoleInfo.java:updateAndGet(143)) - 681edbc6-a1fc-42a4-b5ce-4922820de60a: start LeaderElection
2019-10-18 14:30:16,729 [RatisPipelineUtilsThread] INFO  pipeline.PipelineStateManager (PipelineStateManager.java:addPipeline(56)) - Created pipeline Pipeline[ Id: 04ec1c23-669c-47ef-9030-b0e326afb972, Nodes: 681edbc6-a1fc-42a4-b5ce-4922820de60a{ip: 192.168.164.233, host: pr-hdds-2327-vtdmt-1103746116, networkLocation: /default-rack, certSerialId: null}, Type:RATIS, Factor:ONE, State:OPEN]
2019-10-18 14:30:16,741 [681edbc6-a1fc-42a4-b5ce-4922820de60a@group-B0E326AFB972-LeaderElection7] INFO  impl.LeaderElection (LeaderElection.java:askForVotes(178)) - 681edbc6-a1fc-42a4-b5ce-4922820de60a@group-B0E326AFB972-LeaderElection7: begin an election at term 1 for -1: [681edbc6-a1fc-42a4-b5ce-4922820de60a:192.168.164.233:44267], old=null
2019-10-18 14:30:16,743 [681edbc6-a1fc-42a4-b5ce-4922820de60a@group-B0E326AFB972-LeaderElection7] INFO  impl.RoleInfo (RoleInfo.java:shutdownLeaderElection(134)) - 681edbc6-a1fc-42a4-b5ce-4922820de60a: shutdown LeaderElection
2019-10-18 14:30:16,745 [681edbc6-a1fc-42a4-b5ce-4922820de60a@group-B0E326AFB972-LeaderElection7] INFO  impl.RaftServerImpl (RaftServerImpl.java:setRole(184)) - 681edbc6-a1fc-42a4-b5ce-4922820de60a@group-B0E326AFB972: changes role from CANDIDATE to LEADER at term 1 for changeToLeader
2019-10-18 14:30:16,745 [681edbc6-a1fc-42a4-b5ce-4922820de60a@group-B0E326AFB972-LeaderElection7] INFO  impl.RaftServerImpl (ServerState.java:setLeader(256)) - 681edbc6-a1fc-42a4-b5ce-4922820de60a@group-B0E326AFB972: change Leader from null to 681edbc6-a1fc-42a4-b5ce-4922820de60a at term 1 for becomeLeader, leader elected after 77ms
2019-10-18 14:30:16,745 [grpc-default-executor-0] INFO  impl.RaftServerProxy (RaftServerProxy.java:addNew(89)) - 773cce60-eeca-4c1f-a5ec-70084be8b6b9: addNew group-3BA40490EAC2:[773cce60-eeca-4c1f-a5ec-70084be8b6b9:192.168.164.233:38729] returns group-3BA40490EAC2:java.util.concurrent.CompletableFuture@22f0f6ed[Not completed]
2019-10-18 14:30:16,746 [681edbc6-a1fc-42a4-b5ce-4922820de60a@group-B0E326AFB972-LeaderElection7] INFO  server.RaftServerConfigKeys (ConfUtils.java:logGet(43)) - raft.server.staging.catchup.gap = 1000 (default)
2019-10-18 14:30:16,746 [681edbc6-a1fc-42a4-b5ce-4922820de60a@group-B0E326AFB972-LeaderElection7] INFO  server.RaftServerConfigKeys (ConfUtils.java:logGet(43)) - raft.server.rpc.sleep.time = 25ms (default)
2019-10-18 14:30:16,746 [681edbc6-a1fc-42a4-b5ce-4922820de60a@group-B0E326AFB972-LeaderElection7] INFO  server.RaftServerConfigKeys (ConfUtils.java:logGet(43)) - raft.server.write.element-limit = 4096 (default)
2019-10-18 14:30:16,746 [681edbc6-a1fc-42a4-b5ce-4922820de60a@group-B0E326AFB972-LeaderElection7] INFO  server.RaftServerConfigKeys (ConfUtils.java:logGet(43)) - raft.server.watch.timeout = 10s (default)
2019-10-18 14:30:16,746 [681edbc6-a1fc-42a4-b5ce-4922820de60a@group-B0E326AFB972-LeaderElection7] INFO  server.RaftServerConfigKeys (ConfUtils.java:logGet(43)) - raft.server.watch.timeout.denomination = 1s (default)
2019-10-18 14:30:16,746 [681edbc6-a1fc-42a4-b5ce-4922820de60a@group-B0E326AFB972-LeaderElection7] INFO  server.RaftServerConfigKeys (ConfUtils.java:logGet(43)) - raft.server.watch.element-limit = 65536 (default)
2019-10-18 14:30:16,747 [pool-87-thread-1] INFO  impl.RaftServerImpl (RaftServerImpl.java:<init>(104)) - 773cce60-eeca-4c1f-a5ec-70084be8b6b9: new RaftServerImpl for group-3BA40490EAC2:[773cce60-eeca-4c1f-a5ec-70084be8b6b9:192.168.164.233:38729] with ContainerStateMachine:uninitialized
2019-10-18 14:30:16,748 [pool-87-thread-1] INFO  server.RaftServerConfigKeys (ConfUtils.java:logGet(43)) - raft.server.rpc.timeout.min = 1s (custom)
2019-10-18 14:30:16,748 [pool-87-thread-1] INFO  server.RaftServerConfigKeys (ConfUtils.java:logGet(43)) - raft.server.rpc.timeout.max = 1200ms (custom)
2019-10-18 14:30:16,748 [pool-87-thread-1] INFO  server.RaftServerConfigKeys (ConfUtils.java:logGet(43)) - raft.server.rpcslowness.timeout = 120s (custom)
2019-10-18 14:30:16,748 [pool-87-thread-1] INFO  server.RaftServerConfigKeys (ConfUtils.java:logGet(43)) - raft.server.sleep.deviation.threshold = 300 (default)
2019-10-18 14:30:16,748 [pool-87-thread-1] INFO  server.RaftServerConfigKeys (ConfUtils.java:logGet(43)) - raft.server.log.appender.install.snapshot.enabled = false (custom)
2019-10-18 14:30:16,748 [pool-87-thread-1] INFO  impl.RaftServerImpl (ServerState.java:<init>(103)) - 773cce60-eeca-4c1f-a5ec-70084be8b6b9@group-3BA40490EAC2: ConfigurationManager, init=-1: [773cce60-eeca-4c1f-a5ec-70084be8b6b9:192.168.164.233:38729], old=null, confs=<EMPTY_MAP>
2019-10-18 14:30:16,748 [pool-87-thread-1] INFO  server.RaftServerConfigKeys (ConfUtils.java:logGet(43)) - raft.server.storage.dir = [/workdir/hadoop-ozone/integration-test/target/test-dir/MiniOzoneClusterImpl-11a902be-dfbe-4759-94b9-65959d8d71e6/datanode-6/data/ratis] (custom)
2019-10-18 14:30:16,749 [pool-87-thread-1] INFO  server.RaftServerConfigKeys (ConfUtils.java:logGet(43)) - raft.server.log.corruption.policy = EXCEPTION (default)
2019-10-18 14:30:16,749 [pool-87-thread-1] INFO  storage.RaftStorageDirectory (RaftStorageDirectory.java:analyzeStorage(246)) - The storage directory /workdir/hadoop-ozone/integration-test/target/test-dir/MiniOzoneClusterImpl-11a902be-dfbe-4759-94b9-65959d8d71e6/datanode-6/data/ratis/4fc793bb-d7ae-4f8d-a9c9-3ba40490eac2 does not exist. Creating ...
2019-10-18 14:30:16,750 [681edbc6-a1fc-42a4-b5ce-4922820de60a@group-B0E326AFB972-LeaderElection7] INFO  impl.RoleInfo (RoleInfo.java:updateAndGet(143)) - 681edbc6-a1fc-42a4-b5ce-4922820de60a: start LeaderState
2019-10-18 14:30:16,750 [681edbc6-a1fc-42a4-b5ce-4922820de60a@group-B0E326AFB972-LeaderElection7] INFO  segmented.SegmentedRaftLogWorker (SegmentedRaftLogWorker.java:startLogSegment(385)) - 681edbc6-a1fc-42a4-b5ce-4922820de60a@group-B0E326AFB972-SegmentedRaftLogWorker: Starting segment from index:0
2019-10-18 14:30:16,751 [681edbc6-a1fc-42a4-b5ce-4922820de60a@group-B0E326AFB972-LeaderElection7] INFO  impl.RaftServerImpl (ServerState.java:setRaftConf(357)) - 681edbc6-a1fc-42a4-b5ce-4922820de60a@group-B0E326AFB972: set configuration 0: [681edbc6-a1fc-42a4-b5ce-4922820de60a:192.168.164.233:44267], old=null at 0
2019-10-18 14:30:16,790 [pool-87-thread-1] INFO  storage.RaftStorageDirectory (RaftStorageDirectory.java:tryLock(328)) - Lock on /workdir/hadoop-ozone/integration-test/target/test-dir/MiniOzoneClusterImpl-11a902be-dfbe-4759-94b9-65959d8d71e6/datanode-6/data/ratis/4fc793bb-d7ae-4f8d-a9c9-3ba40490eac2/in_use.lock acquired by nodename 1372@pr-hdds-2327-vtdmt-1103746116
2019-10-18 14:30:16,809 [681edbc6-a1fc-42a4-b5ce-4922820de60a@group-B0E326AFB972-SegmentedRaftLogWorker] INFO  segmented.SegmentedRaftLogWorker (SegmentedRaftLogWorker.java:execute(576)) - 681edbc6-a1fc-42a4-b5ce-4922820de60a@group-B0E326AFB972-SegmentedRaftLogWorker: created new log segment /workdir/hadoop-ozone/integration-test/target/test-dir/MiniOzoneClusterImpl-11a902be-dfbe-4759-94b9-65959d8d71e6/datanode-9/data/ratis/04ec1c23-669c-47ef-9030-b0e326afb972/current/log_inprogress_0
2019-10-18 14:30:16,809 [pool-87-thread-1] INFO  storage.RaftStorage (RaftStorage.java:format(84)) - Storage directory /workdir/hadoop-ozone/integration-test/target/test-dir/MiniOzoneClusterImpl-11a902be-dfbe-4759-94b9-65959d8d71e6/datanode-6/data/ratis/4fc793bb-d7ae-4f8d-a9c9-3ba40490eac2 has been successfully formatted.
2019-10-18 14:30:16,810 [pool-87-thread-1] INFO  ratis.ContainerStateMachine (ContainerStateMachine.java:loadSnapshot(231)) - group-3BA40490EAC2: The snapshot info is null. Setting the last applied indexto:(t:0, i:~)
2019-10-18 14:30:16,810 [pool-87-thread-1] INFO  server.RaftServerConfigKeys (ConfUtils.java:logGet(43)) - raft.server.notification.no-leader.timeout = 120s (custom)
2019-10-18 14:30:16,810 [pool-87-thread-1] INFO  server.RaftServerConfigKeys (ConfUtils.java:logGet(43)) - raft.server.log.use.memory = false (default)
2019-10-18 14:30:16,810 [pool-87-thread-1] INFO  server.RaftServerConfigKeys (ConfUtils.java:logGet(43)) - raft.server.log.purge.gap = 1000000 (custom)
2019-10-18 14:30:16,811 [pool-87-thread-1] INFO  server.RaftServerConfigKeys (ConfUtils.java:logGet(43)) - raft.server.log.appender.buffer.byte-limit = 33554432 (custom)
2019-10-18 14:30:16,811 [pool-87-thread-1] INFO  server.RaftServerConfigKeys (ConfUtils.java:logGet(43)) - raft.server.log.segment.size.max = 1048576 (custom)
2019-10-18 14:30:16,814 [pool-87-thread-1] INFO  server.RaftServerConfigKeys (ConfUtils.java:logGet(43)) - raft.server.log.segment.cache.num.max = 2 (custom)
2019-10-18 14:30:16,814 [pool-87-thread-1] INFO  segmented.SegmentedRaftLogWorker (SegmentedRaftLogWorker.java:<init>(173)) - new 773cce60-eeca-4c1f-a5ec-70084be8b6b9@group-3BA40490EAC2-SegmentedRaftLogWorker for RaftStorage:Storage Directory /workdir/hadoop-ozone/integration-test/target/test-dir/MiniOzoneClusterImpl-11a902be-dfbe-4759-94b9-65959d8d71e6/datanode-6/data/ratis/4fc793bb-d7ae-4f8d-a9c9-3ba40490eac2
2019-10-18 14:30:16,814 [pool-87-thread-1] INFO  server.RaftServerConfigKeys (ConfUtils.java:logGet(43)) - raft.server.log.queue.byte-limit = 2147483647 (custom)
2019-10-18 14:30:16,814 [pool-87-thread-1] INFO  server.RaftServerConfigKeys (ConfUtils.java:logGet(43)) - raft.server.log.queue.element-limit = 1024 (custom)
2019-10-18 14:30:16,814 [pool-87-thread-1] INFO  server.RaftServerConfigKeys (ConfUtils.java:logGet(43)) - raft.server.log.segment.size.max = 1048576 (custom)
2019-10-18 14:30:16,815 [pool-87-thread-1] INFO  server.RaftServerConfigKeys (ConfUtils.java:logGet(43)) - raft.server.log.preallocated.size = 16384 (custom)
2019-10-18 14:30:16,815 [pool-87-thread-1] INFO  server.RaftServerConfigKeys (ConfUtils.java:logGet(43)) - raft.server.log.write.buffer.size = 33554432 (custom)
2019-10-18 14:30:16,815 [pool-87-thread-1] INFO  server.RaftServerConfigKeys (ConfUtils.java:logGet(43)) - raft.server.log.force.sync.num = 128 (default)
2019-10-18 14:30:16,815 [pool-87-thread-1] INFO  server.RaftServerConfigKeys (ConfUtils.java:logGet(43)) - raft.server.log.statemachine.data.sync = true (default)
2019-10-18 14:30:16,815 [pool-87-thread-1] INFO  server.RaftServerConfigKeys (ConfUtils.java:logGet(43)) - raft.server.log.statemachine.data.sync.timeout = 10s (default)
2019-10-18 14:30:16,815 [pool-87-thread-1] INFO  server.RaftServerConfigKeys (ConfUtils.java:logGet(43)) - raft.server.log.statemachine.data.sync.timeout.retry = -1 (default)
2019-10-18 14:30:16,816 [pool-87-thread-1] INFO  server.RaftServerConfigKeys (ConfUtils.java:logGet(43)) - raft.server.log.statemachine.data.caching.enabled = true (custom)
2019-10-18 14:30:16,816 [pool-87-thread-1] INFO  segmented.SegmentedRaftLogWorker (SegmentedRaftLogWorker.java:lambda$new$0(128)) - 773cce60-eeca-4c1f-a5ec-70084be8b6b9@group-3BA40490EAC2-SegmentedRaftLogWorker: flushIndex: setUnconditionally 0 -> -1
2019-10-18 14:30:16,817 [pool-87-thread-1] INFO  server.RaftServerConfigKeys (ConfUtils.java:logGet(43)) - raft.server.snapshot.auto.trigger.enabled = true (custom)
2019-10-18 14:30:16,817 [pool-87-thread-1] INFO  server.RaftServerConfigKeys (ConfUtils.java:logGet(43)) - raft.server.snapshot.auto.trigger.threshold = 10000 (custom)
2019-10-18 14:30:16,817 [pool-87-thread-1] INFO  server.RaftServerConfigKeys (ConfUtils.java:logGet(43)) - raft.server.snapshot.retention.file.num = 5 (custom)
2019-10-18 14:30:16,817 [pool-87-thread-1] INFO  server.RaftServerConfigKeys (ConfUtils.java:logGet(43)) - raft.server.retrycache.expirytime = 600000ms (custom)
2019-10-18 14:30:16,822 [pool-87-thread-1] INFO  impl.RaftServerImpl (RaftServerImpl.java:start(195)) - 773cce60-eeca-4c1f-a5ec-70084be8b6b9@group-3BA40490EAC2: start as a follower, conf=-1: [773cce60-eeca-4c1f-a5ec-70084be8b6b9:192.168.164.233:38729], old=null
2019-10-18 14:30:16,822 [pool-87-thread-1] INFO  impl.RaftServerImpl (RaftServerImpl.java:setRole(184)) - 773cce60-eeca-4c1f-a5ec-70084be8b6b9@group-3BA40490EAC2: changes role from      null to FOLLOWER at term 0 for startAsFollower
2019-10-18 14:30:16,822 [pool-87-thread-1] INFO  impl.RoleInfo (RoleInfo.java:updateAndGet(143)) - 773cce60-eeca-4c1f-a5ec-70084be8b6b9: start FollowerState
2019-10-18 14:30:16,823 [pool-87-thread-1] INFO  util.JmxRegister (JmxRegister.java:tryRegister(44)) - Successfully registered JMX Bean with object name Ratis:service=RaftServer,group=group-3BA40490EAC2,id=773cce60-eeca-4c1f-a5ec-70084be8b6b9
2019-10-18 14:30:16,838 [RatisPipelineUtilsThread] INFO  pipeline.PipelineStateManager (PipelineStateManager.java:addPipeline(56)) - Created pipeline Pipeline[ Id: 4fc793bb-d7ae-4f8d-a9c9-3ba40490eac2, Nodes: 773cce60-eeca-4c1f-a5ec-70084be8b6b9{ip: 192.168.164.233, host: pr-hdds-2327-vtdmt-1103746116, networkLocation: /default-rack, certSerialId: null}, Type:RATIS, Factor:ONE, State:OPEN]
2019-10-18 14:30:16,856 [grpc-default-executor-0] INFO  impl.RaftServerProxy (RaftServerProxy.java:addNew(89)) - 3ee7b367-7b16-44e1-99f8-43aefeda0876: addNew group-A1BF6143ADE3:[3ee7b367-7b16-44e1-99f8-43aefeda0876:192.168.164.233:46080] returns group-A1BF6143ADE3:java.util.concurrent.CompletableFuture@29234fe1[Not completed]
2019-10-18 14:30:16,862 [pool-57-thread-1] INFO  impl.RaftServerImpl (RaftServerImpl.java:<init>(104)) - 3ee7b367-7b16-44e1-99f8-43aefeda0876: new RaftServerImpl for group-A1BF6143ADE3:[3ee7b367-7b16-44e1-99f8-43aefeda0876:192.168.164.233:46080] with ContainerStateMachine:uninitialized
2019-10-18 14:30:16,862 [pool-57-thread-1] INFO  server.RaftServerConfigKeys (ConfUtils.java:logGet(43)) - raft.server.rpc.timeout.min = 1s (custom)
2019-10-18 14:30:16,862 [pool-57-thread-1] INFO  server.RaftServerConfigKeys (ConfUtils.java:logGet(43)) - raft.server.rpc.timeout.max = 1200ms (custom)
2019-10-18 14:30:16,862 [pool-57-thread-1] INFO  server.RaftServerConfigKeys (ConfUtils.java:logGet(43)) - raft.server.rpcslowness.timeout = 120s (custom)
2019-10-18 14:30:16,862 [pool-57-thread-1] INFO  server.RaftServerConfigKeys (ConfUtils.java:logGet(43)) - raft.server.sleep.deviation.threshold = 300 (default)
2019-10-18 14:30:16,862 [pool-57-thread-1] INFO  server.RaftServerConfigKeys (ConfUtils.java:logGet(43)) - raft.server.log.appender.install.snapshot.enabled = false (custom)
2019-10-18 14:30:16,863 [pool-57-thread-1] INFO  impl.RaftServerImpl (ServerState.java:<init>(103)) - 3ee7b367-7b16-44e1-99f8-43aefeda0876@group-A1BF6143ADE3: ConfigurationManager, init=-1: [3ee7b367-7b16-44e1-99f8-43aefeda0876:192.168.164.233:46080], old=null, confs=<EMPTY_MAP>
2019-10-18 14:30:16,863 [pool-57-thread-1] INFO  server.RaftServerConfigKeys (ConfUtils.java:logGet(43)) - raft.server.storage.dir = [/workdir/hadoop-ozone/integration-test/target/test-dir/MiniOzoneClusterImpl-11a902be-dfbe-4759-94b9-65959d8d71e6/datanode-3/data/ratis] (custom)
2019-10-18 14:30:16,863 [pool-57-thread-1] INFO  server.RaftServerConfigKeys (ConfUtils.java:logGet(43)) - raft.server.log.corruption.policy = EXCEPTION (default)
2019-10-18 14:30:16,863 [pool-57-thread-1] INFO  storage.RaftStorageDirectory (RaftStorageDirectory.java:analyzeStorage(246)) - The storage directory /workdir/hadoop-ozone/integration-test/target/test-dir/MiniOzoneClusterImpl-11a902be-dfbe-4759-94b9-65959d8d71e6/datanode-3/data/ratis/33cfaf60-6c14-4a35-9b52-a1bf6143ade3 does not exist. Creating ...
2019-10-18 14:30:16,876 [pool-57-thread-1] INFO  storage.RaftStorageDirectory (RaftStorageDirectory.java:tryLock(328)) - Lock on /workdir/hadoop-ozone/integration-test/target/test-dir/MiniOzoneClusterImpl-11a902be-dfbe-4759-94b9-65959d8d71e6/datanode-3/data/ratis/33cfaf60-6c14-4a35-9b52-a1bf6143ade3/in_use.lock acquired by nodename 1372@pr-hdds-2327-vtdmt-1103746116
2019-10-18 14:30:16,889 [pool-57-thread-1] INFO  storage.RaftStorage (RaftStorage.java:format(84)) - Storage directory /workdir/hadoop-ozone/integration-test/target/test-dir/MiniOzoneClusterImpl-11a902be-dfbe-4759-94b9-65959d8d71e6/datanode-3/data/ratis/33cfaf60-6c14-4a35-9b52-a1bf6143ade3 has been successfully formatted.
2019-10-18 14:30:16,890 [pool-57-thread-1] INFO  ratis.ContainerStateMachine (ContainerStateMachine.java:loadSnapshot(231)) - group-A1BF6143ADE3: The snapshot info is null. Setting the last applied indexto:(t:0, i:~)
2019-10-18 14:30:16,890 [pool-57-thread-1] INFO  server.RaftServerConfigKeys (ConfUtils.java:logGet(43)) - raft.server.notification.no-leader.timeout = 120s (custom)
2019-10-18 14:30:16,890 [pool-57-thread-1] INFO  server.RaftServerConfigKeys (ConfUtils.java:logGet(43)) - raft.server.log.use.memory = false (default)
2019-10-18 14:30:16,890 [pool-57-thread-1] INFO  server.RaftServerConfigKeys (ConfUtils.java:logGet(43)) - raft.server.log.purge.gap = 1000000 (custom)
2019-10-18 14:30:16,890 [pool-57-thread-1] INFO  server.RaftServerConfigKeys (ConfUtils.java:logGet(43)) - raft.server.log.appender.buffer.byte-limit = 33554432 (custom)
2019-10-18 14:30:16,890 [pool-57-thread-1] INFO  server.RaftServerConfigKeys (ConfUtils.java:logGet(43)) - raft.server.log.segment.size.max = 1048576 (custom)
2019-10-18 14:30:16,893 [pool-57-thread-1] INFO  server.RaftServerConfigKeys (ConfUtils.java:logGet(43)) - raft.server.log.segment.cache.num.max = 2 (custom)
2019-10-18 14:30:16,893 [pool-57-thread-1] INFO  segmented.SegmentedRaftLogWorker (SegmentedRaftLogWorker.java:<init>(173)) - new 3ee7b367-7b16-44e1-99f8-43aefeda0876@group-A1BF6143ADE3-SegmentedRaftLogWorker for RaftStorage:Storage Directory /workdir/hadoop-ozone/integration-test/target/test-dir/MiniOzoneClusterImpl-11a902be-dfbe-4759-94b9-65959d8d71e6/datanode-3/data/ratis/33cfaf60-6c14-4a35-9b52-a1bf6143ade3
2019-10-18 14:30:16,893 [pool-57-thread-1] INFO  server.RaftServerConfigKeys (ConfUtils.java:logGet(43)) - raft.server.log.queue.byte-limit = 2147483647 (custom)
2019-10-18 14:30:16,893 [pool-57-thread-1] INFO  server.RaftServerConfigKeys (ConfUtils.java:logGet(43)) - raft.server.log.queue.element-limit = 1024 (custom)
2019-10-18 14:30:16,893 [pool-57-thread-1] INFO  server.RaftServerConfigKeys (ConfUtils.java:logGet(43)) - raft.server.log.segment.size.max = 1048576 (custom)
2019-10-18 14:30:16,893 [pool-57-thread-1] INFO  server.RaftServerConfigKeys (ConfUtils.java:logGet(43)) - raft.server.log.preallocated.size = 16384 (custom)
2019-10-18 14:30:16,894 [pool-57-thread-1] INFO  server.RaftServerConfigKeys (ConfUtils.java:logGet(43)) - raft.server.log.write.buffer.size = 33554432 (custom)
2019-10-18 14:30:16,894 [pool-57-thread-1] INFO  server.RaftServerConfigKeys (ConfUtils.java:logGet(43)) - raft.server.log.force.sync.num = 128 (default)
2019-10-18 14:30:16,894 [pool-57-thread-1] INFO  server.RaftServerConfigKeys (ConfUtils.java:logGet(43)) - raft.server.log.statemachine.data.sync = true (default)
2019-10-18 14:30:16,894 [pool-57-thread-1] INFO  server.RaftServerConfigKeys (ConfUtils.java:logGet(43)) - raft.server.log.statemachine.data.sync.timeout = 10s (default)
2019-10-18 14:30:16,894 [pool-57-thread-1] INFO  server.RaftServerConfigKeys (ConfUtils.java:logGet(43)) - raft.server.log.statemachine.data.sync.timeout.retry = -1 (default)
2019-10-18 14:30:16,895 [pool-57-thread-1] INFO  server.RaftServerConfigKeys (ConfUtils.java:logGet(43)) - raft.server.log.statemachine.data.caching.enabled = true (custom)
2019-10-18 14:30:16,895 [pool-57-thread-1] INFO  segmented.SegmentedRaftLogWorker (SegmentedRaftLogWorker.java:lambda$new$0(128)) - 3ee7b367-7b16-44e1-99f8-43aefeda0876@group-A1BF6143ADE3-SegmentedRaftLogWorker: flushIndex: setUnconditionally 0 -> -1
2019-10-18 14:30:16,895 [pool-57-thread-1] INFO  server.RaftServerConfigKeys (ConfUtils.java:logGet(43)) - raft.server.snapshot.auto.trigger.enabled = true (custom)
2019-10-18 14:30:16,895 [pool-57-thread-1] INFO  server.RaftServerConfigKeys (ConfUtils.java:logGet(43)) - raft.server.snapshot.auto.trigger.threshold = 10000 (custom)
2019-10-18 14:30:16,895 [pool-57-thread-1] INFO  server.RaftServerConfigKeys (ConfUtils.java:logGet(43)) - raft.server.snapshot.retention.file.num = 5 (custom)
2019-10-18 14:30:16,896 [pool-57-thread-1] INFO  server.RaftServerConfigKeys (ConfUtils.java:logGet(43)) - raft.server.retrycache.expirytime = 600000ms (custom)
2019-10-18 14:30:16,900 [pool-57-thread-1] INFO  impl.RaftServerImpl (RaftServerImpl.java:start(195)) - 3ee7b367-7b16-44e1-99f8-43aefeda0876@group-A1BF6143ADE3: start as a follower, conf=-1: [3ee7b367-7b16-44e1-99f8-43aefeda0876:192.168.164.233:46080], old=null
2019-10-18 14:30:16,900 [pool-57-thread-1] INFO  impl.RaftServerImpl (RaftServerImpl.java:setRole(184)) - 3ee7b367-7b16-44e1-99f8-43aefeda0876@group-A1BF6143ADE3: changes role from      null to FOLLOWER at term 0 for startAsFollower
2019-10-18 14:30:16,900 [pool-57-thread-1] INFO  impl.RoleInfo (RoleInfo.java:updateAndGet(143)) - 3ee7b367-7b16-44e1-99f8-43aefeda0876: start FollowerState
2019-10-18 14:30:16,900 [pool-57-thread-1] INFO  util.JmxRegister (JmxRegister.java:tryRegister(44)) - Successfully registered JMX Bean with object name Ratis:service=RaftServer,group=group-A1BF6143ADE3,id=3ee7b367-7b16-44e1-99f8-43aefeda0876
2019-10-18 14:30:16,917 [RatisPipelineUtilsThread] INFO  pipeline.PipelineStateManager (PipelineStateManager.java:addPipeline(56)) - Created pipeline Pipeline[ Id: 33cfaf60-6c14-4a35-9b52-a1bf6143ade3, Nodes: 3ee7b367-7b16-44e1-99f8-43aefeda0876{ip: 192.168.164.233, host: pr-hdds-2327-vtdmt-1103746116, networkLocation: /default-rack, certSerialId: null}, Type:RATIS, Factor:ONE, State:OPEN]
2019-10-18 14:30:16,945 [grpc-default-executor-0] INFO  impl.RaftServerProxy (RaftServerProxy.java:addNew(89)) - fdaf964b-ea51-42ac-9b82-c03e199efe96: addNew group-6C5E89BCA799:[fdaf964b-ea51-42ac-9b82-c03e199efe96:192.168.164.233:41236] returns group-6C5E89BCA799:java.util.concurrent.CompletableFuture@c30b2d6[Not completed]
2019-10-18 14:30:16,948 [Thread-320] INFO  impl.FollowerState (FollowerState.java:run(108)) - 773cce60-eeca-4c1f-a5ec-70084be8b6b9@group-3BA40490EAC2-FollowerState: change to CANDIDATE, lastRpcTime:125ms, electionTimeout:125ms
2019-10-18 14:30:16,948 [pool-107-thread-1] INFO  impl.RaftServerImpl (RaftServerImpl.java:<init>(104)) - fdaf964b-ea51-42ac-9b82-c03e199efe96: new RaftServerImpl for group-6C5E89BCA799:[fdaf964b-ea51-42ac-9b82-c03e199efe96:192.168.164.233:41236] with ContainerStateMachine:uninitialized
2019-10-18 14:30:16,948 [Thread-320] INFO  impl.RoleInfo (RoleInfo.java:shutdownFollowerState(121)) - 773cce60-eeca-4c1f-a5ec-70084be8b6b9: shutdown FollowerState
2019-10-18 14:30:16,948 [pool-107-thread-1] INFO  server.RaftServerConfigKeys (ConfUtils.java:logGet(43)) - raft.server.rpc.timeout.min = 1s (custom)
2019-10-18 14:30:16,948 [Thread-320] INFO  impl.RaftServerImpl (RaftServerImpl.java:setRole(184)) - 773cce60-eeca-4c1f-a5ec-70084be8b6b9@group-3BA40490EAC2: changes role from  FOLLOWER to CANDIDATE at term 0 for changeToCandidate
2019-10-18 14:30:16,948 [pool-107-thread-1] INFO  server.RaftServerConfigKeys (ConfUtils.java:logGet(43)) - raft.server.rpc.timeout.max = 1200ms (custom)
2019-10-18 14:30:16,948 [pool-107-thread-1] INFO  server.RaftServerConfigKeys (ConfUtils.java:logGet(43)) - raft.server.rpcslowness.timeout = 120s (custom)
2019-10-18 14:30:16,948 [Thread-320] INFO  impl.RoleInfo (RoleInfo.java:updateAndGet(143)) - 773cce60-eeca-4c1f-a5ec-70084be8b6b9: start LeaderElection
2019-10-18 14:30:16,949 [pool-107-thread-1] INFO  server.RaftServerConfigKeys (ConfUtils.java:logGet(43)) - raft.server.sleep.deviation.threshold = 300 (default)
2019-10-18 14:30:16,949 [pool-107-thread-1] INFO  server.RaftServerConfigKeys (ConfUtils.java:logGet(43)) - raft.server.log.appender.install.snapshot.enabled = false (custom)
2019-10-18 14:30:16,949 [pool-107-thread-1] INFO  impl.RaftServerImpl (ServerState.java:<init>(103)) - fdaf964b-ea51-42ac-9b82-c03e199efe96@group-6C5E89BCA799: ConfigurationManager, init=-1: [fdaf964b-ea51-42ac-9b82-c03e199efe96:192.168.164.233:41236], old=null, confs=<EMPTY_MAP>
2019-10-18 14:30:16,950 [pool-107-thread-1] INFO  server.RaftServerConfigKeys (ConfUtils.java:logGet(43)) - raft.server.storage.dir = [/workdir/hadoop-ozone/integration-test/target/test-dir/MiniOzoneClusterImpl-11a902be-dfbe-4759-94b9-65959d8d71e6/datanode-8/data/ratis] (custom)
2019-10-18 14:30:16,952 [pool-107-thread-1] INFO  server.RaftServerConfigKeys (ConfUtils.java:logGet(43)) - raft.server.log.corruption.policy = EXCEPTION (default)
2019-10-18 14:30:16,952 [pool-107-thread-1] INFO  storage.RaftStorageDirectory (RaftStorageDirectory.java:analyzeStorage(246)) - The storage directory /workdir/hadoop-ozone/integration-test/target/test-dir/MiniOzoneClusterImpl-11a902be-dfbe-4759-94b9-65959d8d71e6/datanode-8/data/ratis/8ffbb3d2-1af5-4333-a8f2-6c5e89bca799 does not exist. Creating ...
2019-10-18 14:30:16,965 [pool-107-thread-1] INFO  storage.RaftStorageDirectory (RaftStorageDirectory.java:tryLock(328)) - Lock on /workdir/hadoop-ozone/integration-test/target/test-dir/MiniOzoneClusterImpl-11a902be-dfbe-4759-94b9-65959d8d71e6/datanode-8/data/ratis/8ffbb3d2-1af5-4333-a8f2-6c5e89bca799/in_use.lock acquired by nodename 1372@pr-hdds-2327-vtdmt-1103746116
2019-10-18 14:30:16,965 [773cce60-eeca-4c1f-a5ec-70084be8b6b9@group-3BA40490EAC2-LeaderElection8] INFO  impl.LeaderElection (LeaderElection.java:askForVotes(178)) - 773cce60-eeca-4c1f-a5ec-70084be8b6b9@group-3BA40490EAC2-LeaderElection8: begin an election at term 1 for -1: [773cce60-eeca-4c1f-a5ec-70084be8b6b9:192.168.164.233:38729], old=null
2019-10-18 14:30:16,965 [773cce60-eeca-4c1f-a5ec-70084be8b6b9@group-3BA40490EAC2-LeaderElection8] INFO  impl.RoleInfo (RoleInfo.java:shutdownLeaderElection(134)) - 773cce60-eeca-4c1f-a5ec-70084be8b6b9: shutdown LeaderElection
2019-10-18 14:30:16,965 [773cce60-eeca-4c1f-a5ec-70084be8b6b9@group-3BA40490EAC2-LeaderElection8] INFO  impl.RaftServerImpl (RaftServerImpl.java:setRole(184)) - 773cce60-eeca-4c1f-a5ec-70084be8b6b9@group-3BA40490EAC2: changes role from CANDIDATE to LEADER at term 1 for changeToLeader
2019-10-18 14:30:16,965 [773cce60-eeca-4c1f-a5ec-70084be8b6b9@group-3BA40490EAC2-LeaderElection8] INFO  impl.RaftServerImpl (ServerState.java:setLeader(256)) - 773cce60-eeca-4c1f-a5ec-70084be8b6b9@group-3BA40490EAC2: change Leader from null to 773cce60-eeca-4c1f-a5ec-70084be8b6b9 at term 1 for becomeLeader, leader elected after 155ms
2019-10-18 14:30:16,966 [773cce60-eeca-4c1f-a5ec-70084be8b6b9@group-3BA40490EAC2-LeaderElection8] INFO  server.RaftServerConfigKeys (ConfUtils.java:logGet(43)) - raft.server.staging.catchup.gap = 1000 (default)
2019-10-18 14:30:16,966 [773cce60-eeca-4c1f-a5ec-70084be8b6b9@group-3BA40490EAC2-LeaderElection8] INFO  server.RaftServerConfigKeys (ConfUtils.java:logGet(43)) - raft.server.rpc.sleep.time = 25ms (default)
2019-10-18 14:30:16,966 [773cce60-eeca-4c1f-a5ec-70084be8b6b9@group-3BA40490EAC2-LeaderElection8] INFO  server.RaftServerConfigKeys (ConfUtils.java:logGet(43)) - raft.server.write.element-limit = 4096 (default)
2019-10-18 14:30:16,966 [773cce60-eeca-4c1f-a5ec-70084be8b6b9@group-3BA40490EAC2-LeaderElection8] INFO  server.RaftServerConfigKeys (ConfUtils.java:logGet(43)) - raft.server.watch.timeout = 10s (default)
2019-10-18 14:30:16,966 [773cce60-eeca-4c1f-a5ec-70084be8b6b9@group-3BA40490EAC2-LeaderElection8] INFO  server.RaftServerConfigKeys (ConfUtils.java:logGet(43)) - raft.server.watch.timeout.denomination = 1s (default)
2019-10-18 14:30:16,966 [773cce60-eeca-4c1f-a5ec-70084be8b6b9@group-3BA40490EAC2-LeaderElection8] INFO  server.RaftServerConfigKeys (ConfUtils.java:logGet(43)) - raft.server.watch.element-limit = 65536 (default)
2019-10-18 14:30:16,969 [773cce60-eeca-4c1f-a5ec-70084be8b6b9@group-3BA40490EAC2-LeaderElection8] INFO  impl.RoleInfo (RoleInfo.java:updateAndGet(143)) - 773cce60-eeca-4c1f-a5ec-70084be8b6b9: start LeaderState
2019-10-18 14:30:16,969 [773cce60-eeca-4c1f-a5ec-70084be8b6b9@group-3BA40490EAC2-LeaderElection8] INFO  segmented.SegmentedRaftLogWorker (SegmentedRaftLogWorker.java:startLogSegment(385)) - 773cce60-eeca-4c1f-a5ec-70084be8b6b9@group-3BA40490EAC2-SegmentedRaftLogWorker: Starting segment from index:0
2019-10-18 14:30:16,970 [773cce60-eeca-4c1f-a5ec-70084be8b6b9@group-3BA40490EAC2-LeaderElection8] INFO  impl.RaftServerImpl (ServerState.java:setRaftConf(357)) - 773cce60-eeca-4c1f-a5ec-70084be8b6b9@group-3BA40490EAC2: set configuration 0: [773cce60-eeca-4c1f-a5ec-70084be8b6b9:192.168.164.233:38729], old=null at 0
2019-10-18 14:30:16,995 [pool-107-thread-1] INFO  storage.RaftStorage (RaftStorage.java:format(84)) - Storage directory /workdir/hadoop-ozone/integration-test/target/test-dir/MiniOzoneClusterImpl-11a902be-dfbe-4759-94b9-65959d8d71e6/datanode-8/data/ratis/8ffbb3d2-1af5-4333-a8f2-6c5e89bca799 has been successfully formatted.
2019-10-18 14:30:16,996 [pool-107-thread-1] INFO  ratis.ContainerStateMachine (ContainerStateMachine.java:loadSnapshot(231)) - group-6C5E89BCA799: The snapshot info is null. Setting the last applied indexto:(t:0, i:~)
2019-10-18 14:30:16,996 [pool-107-thread-1] INFO  server.RaftServerConfigKeys (ConfUtils.java:logGet(43)) - raft.server.notification.no-leader.timeout = 120s (custom)
2019-10-18 14:30:16,996 [pool-107-thread-1] INFO  server.RaftServerConfigKeys (ConfUtils.java:logGet(43)) - raft.server.log.use.memory = false (default)
2019-10-18 14:30:16,996 [pool-107-thread-1] INFO  server.RaftServerConfigKeys (ConfUtils.java:logGet(43)) - raft.server.log.purge.gap = 1000000 (custom)
2019-10-18 14:30:16,997 [pool-107-thread-1] INFO  server.RaftServerConfigKeys (ConfUtils.java:logGet(43)) - raft.server.log.appender.buffer.byte-limit = 33554432 (custom)
2019-10-18 14:30:16,997 [pool-107-thread-1] INFO  server.RaftServerConfigKeys (ConfUtils.java:logGet(43)) - raft.server.log.segment.size.max = 1048576 (custom)
2019-10-18 14:30:16,999 [pool-107-thread-1] INFO  server.RaftServerConfigKeys (ConfUtils.java:logGet(43)) - raft.server.log.segment.cache.num.max = 2 (custom)
2019-10-18 14:30:17,000 [pool-107-thread-1] INFO  segmented.SegmentedRaftLogWorker (SegmentedRaftLogWorker.java:<init>(173)) - new fdaf964b-ea51-42ac-9b82-c03e199efe96@group-6C5E89BCA799-SegmentedRaftLogWorker for RaftStorage:Storage Directory /workdir/hadoop-ozone/integration-test/target/test-dir/MiniOzoneClusterImpl-11a902be-dfbe-4759-94b9-65959d8d71e6/datanode-8/data/ratis/8ffbb3d2-1af5-4333-a8f2-6c5e89bca799
2019-10-18 14:30:17,000 [pool-107-thread-1] INFO  server.RaftServerConfigKeys (ConfUtils.java:logGet(43)) - raft.server.log.queue.byte-limit = 2147483647 (custom)
2019-10-18 14:30:17,000 [pool-107-thread-1] INFO  server.RaftServerConfigKeys (ConfUtils.java:logGet(43)) - raft.server.log.queue.element-limit = 1024 (custom)
2019-10-18 14:30:17,000 [pool-107-thread-1] INFO  server.RaftServerConfigKeys (ConfUtils.java:logGet(43)) - raft.server.log.segment.size.max = 1048576 (custom)
2019-10-18 14:30:17,001 [pool-107-thread-1] INFO  server.RaftServerConfigKeys (ConfUtils.java:logGet(43)) - raft.server.log.preallocated.size = 16384 (custom)
2019-10-18 14:30:17,001 [pool-107-thread-1] INFO  server.RaftServerConfigKeys (ConfUtils.java:logGet(43)) - raft.server.log.write.buffer.size = 33554432 (custom)
2019-10-18 14:30:17,001 [pool-107-thread-1] INFO  server.RaftServerConfigKeys (ConfUtils.java:logGet(43)) - raft.server.log.force.sync.num = 128 (default)
2019-10-18 14:30:17,001 [pool-107-thread-1] INFO  server.RaftServerConfigKeys (ConfUtils.java:logGet(43)) - raft.server.log.statemachine.data.sync = true (default)
2019-10-18 14:30:17,001 [pool-107-thread-1] INFO  server.RaftServerConfigKeys (ConfUtils.java:logGet(43)) - raft.server.log.statemachine.data.sync.timeout = 10s (default)
2019-10-18 14:30:17,001 [pool-107-thread-1] INFO  server.RaftServerConfigKeys (ConfUtils.java:logGet(43)) - raft.server.log.statemachine.data.sync.timeout.retry = -1 (default)
2019-10-18 14:30:17,002 [pool-107-thread-1] INFO  server.RaftServerConfigKeys (ConfUtils.java:logGet(43)) - raft.server.log.statemachine.data.caching.enabled = true (custom)
2019-10-18 14:30:17,002 [pool-107-thread-1] INFO  segmented.SegmentedRaftLogWorker (SegmentedRaftLogWorker.java:lambda$new$0(128)) - fdaf964b-ea51-42ac-9b82-c03e199efe96@group-6C5E89BCA799-SegmentedRaftLogWorker: flushIndex: setUnconditionally 0 -> -1
2019-10-18 14:30:17,003 [pool-107-thread-1] INFO  server.RaftServerConfigKeys (ConfUtils.java:logGet(43)) - raft.server.snapshot.auto.trigger.enabled = true (custom)
2019-10-18 14:30:17,003 [pool-107-thread-1] INFO  server.RaftServerConfigKeys (ConfUtils.java:logGet(43)) - raft.server.snapshot.auto.trigger.threshold = 10000 (custom)
2019-10-18 14:30:17,003 [pool-107-thread-1] INFO  server.RaftServerConfigKeys (ConfUtils.java:logGet(43)) - raft.server.snapshot.retention.file.num = 5 (custom)
2019-10-18 14:30:17,003 [pool-107-thread-1] INFO  server.RaftServerConfigKeys (ConfUtils.java:logGet(43)) - raft.server.retrycache.expirytime = 600000ms (custom)
2019-10-18 14:30:17,005 [Thread-323] INFO  impl.FollowerState (FollowerState.java:run(108)) - 3ee7b367-7b16-44e1-99f8-43aefeda0876@group-A1BF6143ADE3-FollowerState: change to CANDIDATE, lastRpcTime:104ms, electionTimeout:104ms
2019-10-18 14:30:17,005 [Thread-323] INFO  impl.RoleInfo (RoleInfo.java:shutdownFollowerState(121)) - 3ee7b367-7b16-44e1-99f8-43aefeda0876: shutdown FollowerState
2019-10-18 14:30:17,005 [Thread-323] INFO  impl.RaftServerImpl (RaftServerImpl.java:setRole(184)) - 3ee7b367-7b16-44e1-99f8-43aefeda0876@group-A1BF6143ADE3: changes role from  FOLLOWER to CANDIDATE at term 0 for changeToCandidate
2019-10-18 14:30:17,006 [Thread-323] INFO  impl.RoleInfo (RoleInfo.java:updateAndGet(143)) - 3ee7b367-7b16-44e1-99f8-43aefeda0876: start LeaderElection
2019-10-18 14:30:17,008 [773cce60-eeca-4c1f-a5ec-70084be8b6b9@group-3BA40490EAC2-SegmentedRaftLogWorker] INFO  segmented.SegmentedRaftLogWorker (SegmentedRaftLogWorker.java:execute(576)) - 773cce60-eeca-4c1f-a5ec-70084be8b6b9@group-3BA40490EAC2-SegmentedRaftLogWorker: created new log segment /workdir/hadoop-ozone/integration-test/target/test-dir/MiniOzoneClusterImpl-11a902be-dfbe-4759-94b9-65959d8d71e6/datanode-6/data/ratis/4fc793bb-d7ae-4f8d-a9c9-3ba40490eac2/current/log_inprogress_0
2019-10-18 14:30:17,011 [pool-107-thread-1] INFO  impl.RaftServerImpl (RaftServerImpl.java:start(195)) - fdaf964b-ea51-42ac-9b82-c03e199efe96@group-6C5E89BCA799: start as a follower, conf=-1: [fdaf964b-ea51-42ac-9b82-c03e199efe96:192.168.164.233:41236], old=null
2019-10-18 14:30:17,011 [pool-107-thread-1] INFO  impl.RaftServerImpl (RaftServerImpl.java:setRole(184)) - fdaf964b-ea51-42ac-9b82-c03e199efe96@group-6C5E89BCA799: changes role from      null to FOLLOWER at term 0 for startAsFollower
2019-10-18 14:30:17,011 [pool-107-thread-1] INFO  impl.RoleInfo (RoleInfo.java:updateAndGet(143)) - fdaf964b-ea51-42ac-9b82-c03e199efe96: start FollowerState
2019-10-18 14:30:17,012 [pool-107-thread-1] INFO  util.JmxRegister (JmxRegister.java:tryRegister(44)) - Successfully registered JMX Bean with object name Ratis:service=RaftServer,group=group-6C5E89BCA799,id=fdaf964b-ea51-42ac-9b82-c03e199efe96
2019-10-18 14:30:17,022 [3ee7b367-7b16-44e1-99f8-43aefeda0876@group-A1BF6143ADE3-LeaderElection9] INFO  impl.LeaderElection (LeaderElection.java:askForVotes(178)) - 3ee7b367-7b16-44e1-99f8-43aefeda0876@group-A1BF6143ADE3-LeaderElection9: begin an election at term 1 for -1: [3ee7b367-7b16-44e1-99f8-43aefeda0876:192.168.164.233:46080], old=null
2019-10-18 14:30:17,022 [3ee7b367-7b16-44e1-99f8-43aefeda0876@group-A1BF6143ADE3-LeaderElection9] INFO  impl.RoleInfo (RoleInfo.java:shutdownLeaderElection(134)) - 3ee7b367-7b16-44e1-99f8-43aefeda0876: shutdown LeaderElection
2019-10-18 14:30:17,023 [3ee7b367-7b16-44e1-99f8-43aefeda0876@group-A1BF6143ADE3-LeaderElection9] INFO  impl.RaftServerImpl (RaftServerImpl.java:setRole(184)) - 3ee7b367-7b16-44e1-99f8-43aefeda0876@group-A1BF6143ADE3: changes role from CANDIDATE to LEADER at term 1 for changeToLeader
2019-10-18 14:30:17,023 [3ee7b367-7b16-44e1-99f8-43aefeda0876@group-A1BF6143ADE3-LeaderElection9] INFO  impl.RaftServerImpl (ServerState.java:setLeader(256)) - 3ee7b367-7b16-44e1-99f8-43aefeda0876@group-A1BF6143ADE3: change Leader from null to 3ee7b367-7b16-44e1-99f8-43aefeda0876 at term 1 for becomeLeader, leader elected after 132ms
2019-10-18 14:30:17,023 [3ee7b367-7b16-44e1-99f8-43aefeda0876@group-A1BF6143ADE3-LeaderElection9] INFO  server.RaftServerConfigKeys (ConfUtils.java:logGet(43)) - raft.server.staging.catchup.gap = 1000 (default)
2019-10-18 14:30:17,023 [RatisPipelineUtilsThread] INFO  pipeline.PipelineStateManager (PipelineStateManager.java:addPipeline(56)) - Created pipeline Pipeline[ Id: 8ffbb3d2-1af5-4333-a8f2-6c5e89bca799, Nodes: fdaf964b-ea51-42ac-9b82-c03e199efe96{ip: 192.168.164.233, host: pr-hdds-2327-vtdmt-1103746116, networkLocation: /default-rack, certSerialId: null}, Type:RATIS, Factor:ONE, State:OPEN]
2019-10-18 14:30:17,023 [3ee7b367-7b16-44e1-99f8-43aefeda0876@group-A1BF6143ADE3-LeaderElection9] INFO  server.RaftServerConfigKeys (ConfUtils.java:logGet(43)) - raft.server.rpc.sleep.time = 25ms (default)
2019-10-18 14:30:17,023 [3ee7b367-7b16-44e1-99f8-43aefeda0876@group-A1BF6143ADE3-LeaderElection9] INFO  server.RaftServerConfigKeys (ConfUtils.java:logGet(43)) - raft.server.write.element-limit = 4096 (default)
2019-10-18 14:30:17,023 [3ee7b367-7b16-44e1-99f8-43aefeda0876@group-A1BF6143ADE3-LeaderElection9] INFO  server.RaftServerConfigKeys (ConfUtils.java:logGet(43)) - raft.server.watch.timeout = 10s (default)
2019-10-18 14:30:17,024 [3ee7b367-7b16-44e1-99f8-43aefeda0876@group-A1BF6143ADE3-LeaderElection9] INFO  server.RaftServerConfigKeys (ConfUtils.java:logGet(43)) - raft.server.watch.timeout.denomination = 1s (default)
2019-10-18 14:30:17,024 [3ee7b367-7b16-44e1-99f8-43aefeda0876@group-A1BF6143ADE3-LeaderElection9] INFO  server.RaftServerConfigKeys (ConfUtils.java:logGet(43)) - raft.server.watch.element-limit = 65536 (default)
2019-10-18 14:30:17,027 [3ee7b367-7b16-44e1-99f8-43aefeda0876@group-A1BF6143ADE3-LeaderElection9] INFO  impl.RoleInfo (RoleInfo.java:updateAndGet(143)) - 3ee7b367-7b16-44e1-99f8-43aefeda0876: start LeaderState
2019-10-18 14:30:17,029 [3ee7b367-7b16-44e1-99f8-43aefeda0876@group-A1BF6143ADE3-LeaderElection9] INFO  segmented.SegmentedRaftLogWorker (SegmentedRaftLogWorker.java:startLogSegment(385)) - 3ee7b367-7b16-44e1-99f8-43aefeda0876@group-A1BF6143ADE3-SegmentedRaftLogWorker: Starting segment from index:0
2019-10-18 14:30:17,031 [3ee7b367-7b16-44e1-99f8-43aefeda0876@group-A1BF6143ADE3-LeaderElection9] INFO  impl.RaftServerImpl (ServerState.java:setRaftConf(357)) - 3ee7b367-7b16-44e1-99f8-43aefeda0876@group-A1BF6143ADE3: set configuration 0: [3ee7b367-7b16-44e1-99f8-43aefeda0876:192.168.164.233:46080], old=null at 0
2019-10-18 14:30:17,066 [main] INFO  ozone.MiniOzoneClusterImpl (MiniOzoneClusterImpl.java:lambda$waitForClusterToBeReady$0(147)) - Cluster is ready. Got 10 of 10 DN Heartbeats.
2019-10-18 14:30:17,071 [3ee7b367-7b16-44e1-99f8-43aefeda0876@group-A1BF6143ADE3-SegmentedRaftLogWorker] INFO  segmented.SegmentedRaftLogWorker (SegmentedRaftLogWorker.java:execute(576)) - 3ee7b367-7b16-44e1-99f8-43aefeda0876@group-A1BF6143ADE3-SegmentedRaftLogWorker: created new log segment /workdir/hadoop-ozone/integration-test/target/test-dir/MiniOzoneClusterImpl-11a902be-dfbe-4759-94b9-65959d8d71e6/datanode-3/data/ratis/33cfaf60-6c14-4a35-9b52-a1bf6143ade3/current/log_inprogress_0
2019-10-18 14:30:17,087 [grpc-default-executor-1] INFO  impl.RaftServerProxy (RaftServerProxy.java:addNew(89)) - a4757974-e77e-4a1a-a400-c32fe273093a: addNew group-45DBFE4B8A65:[55013cf6-f41f-4339-a52c-06c119893914:192.168.164.233:44977, 46c14060-ea78-4b5a-b57c-064e4766b234:192.168.164.233:36167, a4757974-e77e-4a1a-a400-c32fe273093a:192.168.164.233:41244] returns group-45DBFE4B8A65:java.util.concurrent.CompletableFuture@275f7a75[Not completed]
2019-10-18 14:30:17,089 [grpc-default-executor-2] INFO  impl.RaftServerProxy (RaftServerProxy.java:addNew(89)) - 55013cf6-f41f-4339-a52c-06c119893914: addNew group-45DBFE4B8A65:[55013cf6-f41f-4339-a52c-06c119893914:192.168.164.233:44977, 46c14060-ea78-4b5a-b57c-064e4766b234:192.168.164.233:36167, a4757974-e77e-4a1a-a400-c32fe273093a:192.168.164.233:41244] returns group-45DBFE4B8A65:java.util.concurrent.CompletableFuture@7d4bf91d[Not completed]
2019-10-18 14:30:17,091 [grpc-default-executor-2] INFO  impl.RaftServerProxy (RaftServerProxy.java:addNew(89)) - 46c14060-ea78-4b5a-b57c-064e4766b234: addNew group-45DBFE4B8A65:[55013cf6-f41f-4339-a52c-06c119893914:192.168.164.233:44977, 46c14060-ea78-4b5a-b57c-064e4766b234:192.168.164.233:36167, a4757974-e77e-4a1a-a400-c32fe273093a:192.168.164.233:41244] returns group-45DBFE4B8A65:java.util.concurrent.CompletableFuture@384968d0[Not completed]
2019-10-18 14:30:17,092 [pool-77-thread-1] INFO  impl.RaftServerImpl (RaftServerImpl.java:<init>(104)) - a4757974-e77e-4a1a-a400-c32fe273093a: new RaftServerImpl for group-45DBFE4B8A65:[55013cf6-f41f-4339-a52c-06c119893914:192.168.164.233:44977, 46c14060-ea78-4b5a-b57c-064e4766b234:192.168.164.233:36167, a4757974-e77e-4a1a-a400-c32fe273093a:192.168.164.233:41244] with ContainerStateMachine:uninitialized
2019-10-18 14:30:17,093 [pool-77-thread-1] INFO  server.RaftServerConfigKeys (ConfUtils.java:logGet(43)) - raft.server.rpc.timeout.min = 1s (custom)
2019-10-18 14:30:17,093 [pool-97-thread-1] INFO  impl.RaftServerImpl (RaftServerImpl.java:<init>(104)) - 46c14060-ea78-4b5a-b57c-064e4766b234: new RaftServerImpl for group-45DBFE4B8A65:[55013cf6-f41f-4339-a52c-06c119893914:192.168.164.233:44977, 46c14060-ea78-4b5a-b57c-064e4766b234:192.168.164.233:36167, a4757974-e77e-4a1a-a400-c32fe273093a:192.168.164.233:41244] with ContainerStateMachine:uninitialized
2019-10-18 14:30:17,093 [pool-77-thread-1] INFO  server.RaftServerConfigKeys (ConfUtils.java:logGet(43)) - raft.server.rpc.timeout.max = 1200ms (custom)
2019-10-18 14:30:17,093 [pool-97-thread-1] INFO  server.RaftServerConfigKeys (ConfUtils.java:logGet(43)) - raft.server.rpc.timeout.min = 1s (custom)
2019-10-18 14:30:17,093 [pool-77-thread-1] INFO  server.RaftServerConfigKeys (ConfUtils.java:logGet(43)) - raft.server.rpcslowness.timeout = 120s (custom)
2019-10-18 14:30:17,093 [pool-47-thread-1] INFO  impl.RaftServerImpl (RaftServerImpl.java:<init>(104)) - 55013cf6-f41f-4339-a52c-06c119893914: new RaftServerImpl for group-45DBFE4B8A65:[55013cf6-f41f-4339-a52c-06c119893914:192.168.164.233:44977, 46c14060-ea78-4b5a-b57c-064e4766b234:192.168.164.233:36167, a4757974-e77e-4a1a-a400-c32fe273093a:192.168.164.233:41244] with ContainerStateMachine:uninitialized
2019-10-18 14:30:17,093 [pool-97-thread-1] INFO  server.RaftServerConfigKeys (ConfUtils.java:logGet(43)) - raft.server.rpc.timeout.max = 1200ms (custom)
2019-10-18 14:30:17,094 [pool-47-thread-1] INFO  server.RaftServerConfigKeys (ConfUtils.java:logGet(43)) - raft.server.rpc.timeout.min = 1s (custom)
2019-10-18 14:30:17,093 [pool-77-thread-1] INFO  server.RaftServerConfigKeys (ConfUtils.java:logGet(43)) - raft.server.sleep.deviation.threshold = 300 (default)
2019-10-18 14:30:17,094 [pool-47-thread-1] INFO  server.RaftServerConfigKeys (ConfUtils.java:logGet(43)) - raft.server.rpc.timeout.max = 1200ms (custom)
2019-10-18 14:30:17,094 [pool-97-thread-1] INFO  server.RaftServerConfigKeys (ConfUtils.java:logGet(43)) - raft.server.rpcslowness.timeout = 120s (custom)
2019-10-18 14:30:17,094 [pool-47-thread-1] INFO  server.RaftServerConfigKeys (ConfUtils.java:logGet(43)) - raft.server.rpcslowness.timeout = 120s (custom)
2019-10-18 14:30:17,094 [pool-77-thread-1] INFO  server.RaftServerConfigKeys (ConfUtils.java:logGet(43)) - raft.server.log.appender.install.snapshot.enabled = false (custom)
2019-10-18 14:30:17,094 [pool-47-thread-1] INFO  server.RaftServerConfigKeys (ConfUtils.java:logGet(43)) - raft.server.sleep.deviation.threshold = 300 (default)
2019-10-18 14:30:17,094 [pool-47-thread-1] INFO  server.RaftServerConfigKeys (ConfUtils.java:logGet(43)) - raft.server.log.appender.install.snapshot.enabled = false (custom)
2019-10-18 14:30:17,094 [pool-97-thread-1] INFO  server.RaftServerConfigKeys (ConfUtils.java:logGet(43)) - raft.server.sleep.deviation.threshold = 300 (default)
2019-10-18 14:30:17,094 [pool-47-thread-1] INFO  impl.RaftServerImpl (ServerState.java:<init>(103)) - 55013cf6-f41f-4339-a52c-06c119893914@group-45DBFE4B8A65: ConfigurationManager, init=-1: [55013cf6-f41f-4339-a52c-06c119893914:192.168.164.233:44977, 46c14060-ea78-4b5a-b57c-064e4766b234:192.168.164.233:36167, a4757974-e77e-4a1a-a400-c32fe273093a:192.168.164.233:41244], old=null, confs=<EMPTY_MAP>
2019-10-18 14:30:17,094 [pool-77-thread-1] INFO  impl.RaftServerImpl (ServerState.java:<init>(103)) - a4757974-e77e-4a1a-a400-c32fe273093a@group-45DBFE4B8A65: ConfigurationManager, init=-1: [55013cf6-f41f-4339-a52c-06c119893914:192.168.164.233:44977, 46c14060-ea78-4b5a-b57c-064e4766b234:192.168.164.233:36167, a4757974-e77e-4a1a-a400-c32fe273093a:192.168.164.233:41244], old=null, confs=<EMPTY_MAP>
2019-10-18 14:30:17,095 [Thread-329] INFO  impl.FollowerState (FollowerState.java:run(108)) - fdaf964b-ea51-42ac-9b82-c03e199efe96@group-6C5E89BCA799-FollowerState: change to CANDIDATE, lastRpcTime:83ms, electionTimeout:83ms
2019-10-18 14:30:17,095 [pool-47-thread-1] INFO  server.RaftServerConfigKeys (ConfUtils.java:logGet(43)) - raft.server.storage.dir = [/workdir/hadoop-ozone/integration-test/target/test-dir/MiniOzoneClusterImpl-11a902be-dfbe-4759-94b9-65959d8d71e6/datanode-2/data/ratis] (custom)
2019-10-18 14:30:17,095 [pool-97-thread-1] INFO  server.RaftServerConfigKeys (ConfUtils.java:logGet(43)) - raft.server.log.appender.install.snapshot.enabled = false (custom)
2019-10-18 14:30:17,095 [Thread-329] INFO  impl.RoleInfo (RoleInfo.java:shutdownFollowerState(121)) - fdaf964b-ea51-42ac-9b82-c03e199efe96: shutdown FollowerState
2019-10-18 14:30:17,095 [pool-77-thread-1] INFO  server.RaftServerConfigKeys (ConfUtils.java:logGet(43)) - raft.server.storage.dir = [/workdir/hadoop-ozone/integration-test/target/test-dir/MiniOzoneClusterImpl-11a902be-dfbe-4759-94b9-65959d8d71e6/datanode-5/data/ratis] (custom)
2019-10-18 14:30:17,095 [Thread-329] INFO  impl.RaftServerImpl (RaftServerImpl.java:setRole(184)) - fdaf964b-ea51-42ac-9b82-c03e199efe96@group-6C5E89BCA799: changes role from  FOLLOWER to CANDIDATE at term 0 for changeToCandidate
2019-10-18 14:30:17,095 [pool-97-thread-1] INFO  impl.RaftServerImpl (ServerState.java:<init>(103)) - 46c14060-ea78-4b5a-b57c-064e4766b234@group-45DBFE4B8A65: ConfigurationManager, init=-1: [55013cf6-f41f-4339-a52c-06c119893914:192.168.164.233:44977, 46c14060-ea78-4b5a-b57c-064e4766b234:192.168.164.233:36167, a4757974-e77e-4a1a-a400-c32fe273093a:192.168.164.233:41244], old=null, confs=<EMPTY_MAP>
2019-10-18 14:30:17,095 [pool-47-thread-1] INFO  server.RaftServerConfigKeys (ConfUtils.java:logGet(43)) - raft.server.log.corruption.policy = EXCEPTION (default)
2019-10-18 14:30:17,096 [pool-77-thread-1] INFO  server.RaftServerConfigKeys (ConfUtils.java:logGet(43)) - raft.server.log.corruption.policy = EXCEPTION (default)
2019-10-18 14:30:17,096 [pool-47-thread-1] INFO  storage.RaftStorageDirectory (RaftStorageDirectory.java:analyzeStorage(246)) - The storage directory /workdir/hadoop-ozone/integration-test/target/test-dir/MiniOzoneClusterImpl-11a902be-dfbe-4759-94b9-65959d8d71e6/datanode-2/data/ratis/d4e1982b-9b6d-4ec0-8b58-45dbfe4b8a65 does not exist. Creating ...
2019-10-18 14:30:17,096 [Thread-329] INFO  impl.RoleInfo (RoleInfo.java:updateAndGet(143)) - fdaf964b-ea51-42ac-9b82-c03e199efe96: start LeaderElection
2019-10-18 14:30:17,096 [pool-77-thread-1] INFO  storage.RaftStorageDirectory (RaftStorageDirectory.java:analyzeStorage(246)) - The storage directory /workdir/hadoop-ozone/integration-test/target/test-dir/MiniOzoneClusterImpl-11a902be-dfbe-4759-94b9-65959d8d71e6/datanode-5/data/ratis/d4e1982b-9b6d-4ec0-8b58-45dbfe4b8a65 does not exist. Creating ...
2019-10-18 14:30:17,096 [pool-97-thread-1] INFO  server.RaftServerConfigKeys (ConfUtils.java:logGet(43)) - raft.server.storage.dir = [/workdir/hadoop-ozone/integration-test/target/test-dir/MiniOzoneClusterImpl-11a902be-dfbe-4759-94b9-65959d8d71e6/datanode-7/data/ratis] (custom)
2019-10-18 14:30:17,101 [pool-97-thread-1] INFO  server.RaftServerConfigKeys (ConfUtils.java:logGet(43)) - raft.server.log.corruption.policy = EXCEPTION (default)
2019-10-18 14:30:17,101 [pool-97-thread-1] INFO  storage.RaftStorageDirectory (RaftStorageDirectory.java:analyzeStorage(246)) - The storage directory /workdir/hadoop-ozone/integration-test/target/test-dir/MiniOzoneClusterImpl-11a902be-dfbe-4759-94b9-65959d8d71e6/datanode-7/data/ratis/d4e1982b-9b6d-4ec0-8b58-45dbfe4b8a65 does not exist. Creating ...
2019-10-18 14:30:17,109 [pool-77-thread-1] INFO  storage.RaftStorageDirectory (RaftStorageDirectory.java:tryLock(328)) - Lock on /workdir/hadoop-ozone/integration-test/target/test-dir/MiniOzoneClusterImpl-11a902be-dfbe-4759-94b9-65959d8d71e6/datanode-5/data/ratis/d4e1982b-9b6d-4ec0-8b58-45dbfe4b8a65/in_use.lock acquired by nodename 1372@pr-hdds-2327-vtdmt-1103746116
2019-10-18 14:30:17,109 [fdaf964b-ea51-42ac-9b82-c03e199efe96@group-6C5E89BCA799-LeaderElection10] INFO  impl.LeaderElection (LeaderElection.java:askForVotes(178)) - fdaf964b-ea51-42ac-9b82-c03e199efe96@group-6C5E89BCA799-LeaderElection10: begin an election at term 1 for -1: [fdaf964b-ea51-42ac-9b82-c03e199efe96:192.168.164.233:41236], old=null
2019-10-18 14:30:17,109 [pool-97-thread-1] INFO  storage.RaftStorageDirectory (RaftStorageDirectory.java:tryLock(328)) - Lock on /workdir/hadoop-ozone/integration-test/target/test-dir/MiniOzoneClusterImpl-11a902be-dfbe-4759-94b9-65959d8d71e6/datanode-7/data/ratis/d4e1982b-9b6d-4ec0-8b58-45dbfe4b8a65/in_use.lock acquired by nodename 1372@pr-hdds-2327-vtdmt-1103746116
2019-10-18 14:30:17,109 [pool-47-thread-1] INFO  storage.RaftStorageDirectory (RaftStorageDirectory.java:tryLock(328)) - Lock on /workdir/hadoop-ozone/integration-test/target/test-dir/MiniOzoneClusterImpl-11a902be-dfbe-4759-94b9-65959d8d71e6/datanode-2/data/ratis/d4e1982b-9b6d-4ec0-8b58-45dbfe4b8a65/in_use.lock acquired by nodename 1372@pr-hdds-2327-vtdmt-1103746116
2019-10-18 14:30:17,110 [fdaf964b-ea51-42ac-9b82-c03e199efe96@group-6C5E89BCA799-LeaderElection10] INFO  impl.RoleInfo (RoleInfo.java:shutdownLeaderElection(134)) - fdaf964b-ea51-42ac-9b82-c03e199efe96: shutdown LeaderElection
2019-10-18 14:30:17,110 [fdaf964b-ea51-42ac-9b82-c03e199efe96@group-6C5E89BCA799-LeaderElection10] INFO  impl.RaftServerImpl (RaftServerImpl.java:setRole(184)) - fdaf964b-ea51-42ac-9b82-c03e199efe96@group-6C5E89BCA799: changes role from CANDIDATE to LEADER at term 1 for changeToLeader
2019-10-18 14:30:17,110 [fdaf964b-ea51-42ac-9b82-c03e199efe96@group-6C5E89BCA799-LeaderElection10] INFO  impl.RaftServerImpl (ServerState.java:setLeader(256)) - fdaf964b-ea51-42ac-9b82-c03e199efe96@group-6C5E89BCA799: change Leader from null to fdaf964b-ea51-42ac-9b82-c03e199efe96 at term 1 for becomeLeader, leader elected after 113ms
2019-10-18 14:30:17,110 [fdaf964b-ea51-42ac-9b82-c03e199efe96@group-6C5E89BCA799-LeaderElection10] INFO  server.RaftServerConfigKeys (ConfUtils.java:logGet(43)) - raft.server.staging.catchup.gap = 1000 (default)
2019-10-18 14:30:17,110 [fdaf964b-ea51-42ac-9b82-c03e199efe96@group-6C5E89BCA799-LeaderElection10] INFO  server.RaftServerConfigKeys (ConfUtils.java:logGet(43)) - raft.server.rpc.sleep.time = 25ms (default)
2019-10-18 14:30:17,110 [fdaf964b-ea51-42ac-9b82-c03e199efe96@group-6C5E89BCA799-LeaderElection10] INFO  server.RaftServerConfigKeys (ConfUtils.java:logGet(43)) - raft.server.write.element-limit = 4096 (default)
2019-10-18 14:30:17,111 [fdaf964b-ea51-42ac-9b82-c03e199efe96@group-6C5E89BCA799-LeaderElection10] INFO  server.RaftServerConfigKeys (ConfUtils.java:logGet(43)) - raft.server.watch.timeout = 10s (default)
2019-10-18 14:30:17,111 [fdaf964b-ea51-42ac-9b82-c03e199efe96@group-6C5E89BCA799-LeaderElection10] INFO  server.RaftServerConfigKeys (ConfUtils.java:logGet(43)) - raft.server.watch.timeout.denomination = 1s (default)
2019-10-18 14:30:17,111 [fdaf964b-ea51-42ac-9b82-c03e199efe96@group-6C5E89BCA799-LeaderElection10] INFO  server.RaftServerConfigKeys (ConfUtils.java:logGet(43)) - raft.server.watch.element-limit = 65536 (default)
2019-10-18 14:30:17,113 [fdaf964b-ea51-42ac-9b82-c03e199efe96@group-6C5E89BCA799-LeaderElection10] INFO  impl.RoleInfo (RoleInfo.java:updateAndGet(143)) - fdaf964b-ea51-42ac-9b82-c03e199efe96: start LeaderState
2019-10-18 14:30:17,114 [fdaf964b-ea51-42ac-9b82-c03e199efe96@group-6C5E89BCA799-LeaderElection10] INFO  segmented.SegmentedRaftLogWorker (SegmentedRaftLogWorker.java:startLogSegment(385)) - fdaf964b-ea51-42ac-9b82-c03e199efe96@group-6C5E89BCA799-SegmentedRaftLogWorker: Starting segment from index:0
2019-10-18 14:30:17,114 [fdaf964b-ea51-42ac-9b82-c03e199efe96@group-6C5E89BCA799-LeaderElection10] INFO  impl.RaftServerImpl (ServerState.java:setRaftConf(357)) - fdaf964b-ea51-42ac-9b82-c03e199efe96@group-6C5E89BCA799: set configuration 0: [fdaf964b-ea51-42ac-9b82-c03e199efe96:192.168.164.233:41236], old=null at 0
2019-10-18 14:30:17,148 [pool-47-thread-1] INFO  storage.RaftStorage (RaftStorage.java:format(84)) - Storage directory /workdir/hadoop-ozone/integration-test/target/test-dir/MiniOzoneClusterImpl-11a902be-dfbe-4759-94b9-65959d8d71e6/datanode-2/data/ratis/d4e1982b-9b6d-4ec0-8b58-45dbfe4b8a65 has been successfully formatted.
2019-10-18 14:30:17,148 [pool-77-thread-1] INFO  storage.RaftStorage (RaftStorage.java:format(84)) - Storage directory /workdir/hadoop-ozone/integration-test/target/test-dir/MiniOzoneClusterImpl-11a902be-dfbe-4759-94b9-65959d8d71e6/datanode-5/data/ratis/d4e1982b-9b6d-4ec0-8b58-45dbfe4b8a65 has been successfully formatted.
2019-10-18 14:30:17,148 [pool-97-thread-1] INFO  storage.RaftStorage (RaftStorage.java:format(84)) - Storage directory /workdir/hadoop-ozone/integration-test/target/test-dir/MiniOzoneClusterImpl-11a902be-dfbe-4759-94b9-65959d8d71e6/datanode-7/data/ratis/d4e1982b-9b6d-4ec0-8b58-45dbfe4b8a65 has been successfully formatted.
2019-10-18 14:30:17,148 [pool-47-thread-1] INFO  ratis.ContainerStateMachine (ContainerStateMachine.java:loadSnapshot(231)) - group-45DBFE4B8A65: The snapshot info is null. Setting the last applied indexto:(t:0, i:~)
2019-10-18 14:30:17,148 [pool-77-thread-1] INFO  ratis.ContainerStateMachine (ContainerStateMachine.java:loadSnapshot(231)) - group-45DBFE4B8A65: The snapshot info is null. Setting the last applied indexto:(t:0, i:~)
2019-10-18 14:30:17,148 [pool-97-thread-1] INFO  ratis.ContainerStateMachine (ContainerStateMachine.java:loadSnapshot(231)) - group-45DBFE4B8A65: The snapshot info is null. Setting the last applied indexto:(t:0, i:~)
2019-10-18 14:30:17,148 [pool-47-thread-1] INFO  server.RaftServerConfigKeys (ConfUtils.java:logGet(43)) - raft.server.notification.no-leader.timeout = 120s (custom)
2019-10-18 14:30:17,149 [pool-97-thread-1] INFO  server.RaftServerConfigKeys (ConfUtils.java:logGet(43)) - raft.server.notification.no-leader.timeout = 120s (custom)
2019-10-18 14:30:17,149 [pool-77-thread-1] INFO  server.RaftServerConfigKeys (ConfUtils.java:logGet(43)) - raft.server.notification.no-leader.timeout = 120s (custom)
2019-10-18 14:30:17,149 [pool-97-thread-1] INFO  server.RaftServerConfigKeys (ConfUtils.java:logGet(43)) - raft.server.log.use.memory = false (default)
2019-10-18 14:30:17,149 [pool-47-thread-1] INFO  server.RaftServerConfigKeys (ConfUtils.java:logGet(43)) - raft.server.log.use.memory = false (default)
2019-10-18 14:30:17,149 [pool-97-thread-1] INFO  server.RaftServerConfigKeys (ConfUtils.java:logGet(43)) - raft.server.log.purge.gap = 1000000 (custom)
2019-10-18 14:30:17,149 [pool-77-thread-1] INFO  server.RaftServerConfigKeys (ConfUtils.java:logGet(43)) - raft.server.log.use.memory = false (default)
2019-10-18 14:30:17,149 [pool-97-thread-1] INFO  server.RaftServerConfigKeys (ConfUtils.java:logGet(43)) - raft.server.log.appender.buffer.byte-limit = 33554432 (custom)
2019-10-18 14:30:17,149 [pool-47-thread-1] INFO  server.RaftServerConfigKeys (ConfUtils.java:logGet(43)) - raft.server.log.purge.gap = 1000000 (custom)
2019-10-18 14:30:17,150 [pool-97-thread-1] INFO  server.RaftServerConfigKeys (ConfUtils.java:logGet(43)) - raft.server.log.segment.size.max = 1048576 (custom)
2019-10-18 14:30:17,150 [pool-77-thread-1] INFO  server.RaftServerConfigKeys (ConfUtils.java:logGet(43)) - raft.server.log.purge.gap = 1000000 (custom)
2019-10-18 14:30:17,150 [pool-97-thread-1] INFO  server.RaftServerConfigKeys (ConfUtils.java:logGet(43)) - raft.server.log.segment.cache.num.max = 2 (custom)
2019-10-18 14:30:17,150 [pool-47-thread-1] INFO  server.RaftServerConfigKeys (ConfUtils.java:logGet(43)) - raft.server.log.appender.buffer.byte-limit = 33554432 (custom)
2019-10-18 14:30:17,150 [pool-97-thread-1] INFO  segmented.SegmentedRaftLogWorker (SegmentedRaftLogWorker.java:<init>(173)) - new 46c14060-ea78-4b5a-b57c-064e4766b234@group-45DBFE4B8A65-SegmentedRaftLogWorker for RaftStorage:Storage Directory /workdir/hadoop-ozone/integration-test/target/test-dir/MiniOzoneClusterImpl-11a902be-dfbe-4759-94b9-65959d8d71e6/datanode-7/data/ratis/d4e1982b-9b6d-4ec0-8b58-45dbfe4b8a65
2019-10-18 14:30:17,150 [pool-77-thread-1] INFO  server.RaftServerConfigKeys (ConfUtils.java:logGet(43)) - raft.server.log.appender.buffer.byte-limit = 33554432 (custom)
2019-10-18 14:30:17,151 [pool-97-thread-1] INFO  server.RaftServerConfigKeys (ConfUtils.java:logGet(43)) - raft.server.log.queue.byte-limit = 2147483647 (custom)
2019-10-18 14:30:17,150 [pool-47-thread-1] INFO  server.RaftServerConfigKeys (ConfUtils.java:logGet(43)) - raft.server.log.segment.size.max = 1048576 (custom)
2019-10-18 14:30:17,151 [pool-97-thread-1] INFO  server.RaftServerConfigKeys (ConfUtils.java:logGet(43)) - raft.server.log.queue.element-limit = 1024 (custom)
2019-10-18 14:30:17,151 [pool-77-thread-1] INFO  server.RaftServerConfigKeys (ConfUtils.java:logGet(43)) - raft.server.log.segment.size.max = 1048576 (custom)
2019-10-18 14:30:17,151 [pool-97-thread-1] INFO  server.RaftServerConfigKeys (ConfUtils.java:logGet(43)) - raft.server.log.segment.size.max = 1048576 (custom)
2019-10-18 14:30:17,151 [pool-47-thread-1] INFO  server.RaftServerConfigKeys (ConfUtils.java:logGet(43)) - raft.server.log.segment.cache.num.max = 2 (custom)
2019-10-18 14:30:17,151 [pool-97-thread-1] INFO  server.RaftServerConfigKeys (ConfUtils.java:logGet(43)) - raft.server.log.preallocated.size = 16384 (custom)
2019-10-18 14:30:17,151 [pool-77-thread-1] INFO  server.RaftServerConfigKeys (ConfUtils.java:logGet(43)) - raft.server.log.segment.cache.num.max = 2 (custom)
2019-10-18 14:30:17,152 [pool-97-thread-1] INFO  server.RaftServerConfigKeys (ConfUtils.java:logGet(43)) - raft.server.log.write.buffer.size = 33554432 (custom)
2019-10-18 14:30:17,151 [pool-47-thread-1] INFO  segmented.SegmentedRaftLogWorker (SegmentedRaftLogWorker.java:<init>(173)) - new 55013cf6-f41f-4339-a52c-06c119893914@group-45DBFE4B8A65-SegmentedRaftLogWorker for RaftStorage:Storage Directory /workdir/hadoop-ozone/integration-test/target/test-dir/MiniOzoneClusterImpl-11a902be-dfbe-4759-94b9-65959d8d71e6/datanode-2/data/ratis/d4e1982b-9b6d-4ec0-8b58-45dbfe4b8a65
2019-10-18 14:30:17,152 [pool-97-thread-1] INFO  server.RaftServerConfigKeys (ConfUtils.java:logGet(43)) - raft.server.log.force.sync.num = 128 (default)
2019-10-18 14:30:17,152 [pool-77-thread-1] INFO  segmented.SegmentedRaftLogWorker (SegmentedRaftLogWorker.java:<init>(173)) - new a4757974-e77e-4a1a-a400-c32fe273093a@group-45DBFE4B8A65-SegmentedRaftLogWorker for RaftStorage:Storage Directory /workdir/hadoop-ozone/integration-test/target/test-dir/MiniOzoneClusterImpl-11a902be-dfbe-4759-94b9-65959d8d71e6/datanode-5/data/ratis/d4e1982b-9b6d-4ec0-8b58-45dbfe4b8a65
2019-10-18 14:30:17,152 [pool-97-thread-1] INFO  server.RaftServerConfigKeys (ConfUtils.java:logGet(43)) - raft.server.log.statemachine.data.sync = true (default)
2019-10-18 14:30:17,152 [pool-47-thread-1] INFO  server.RaftServerConfigKeys (ConfUtils.java:logGet(43)) - raft.server.log.queue.byte-limit = 2147483647 (custom)
2019-10-18 14:30:17,152 [pool-97-thread-1] INFO  server.RaftServerConfigKeys (ConfUtils.java:logGet(43)) - raft.server.log.statemachine.data.sync.timeout = 10s (default)
2019-10-18 14:30:17,152 [pool-77-thread-1] INFO  server.RaftServerConfigKeys (ConfUtils.java:logGet(43)) - raft.server.log.queue.byte-limit = 2147483647 (custom)
2019-10-18 14:30:17,153 [pool-97-thread-1] INFO  server.RaftServerConfigKeys (ConfUtils.java:logGet(43)) - raft.server.log.statemachine.data.sync.timeout.retry = -1 (default)
2019-10-18 14:30:17,152 [pool-47-thread-1] INFO  server.RaftServerConfigKeys (ConfUtils.java:logGet(43)) - raft.server.log.queue.element-limit = 1024 (custom)
2019-10-18 14:30:17,153 [pool-77-thread-1] INFO  server.RaftServerConfigKeys (ConfUtils.java:logGet(43)) - raft.server.log.queue.element-limit = 1024 (custom)
2019-10-18 14:30:17,153 [pool-97-thread-1] INFO  server.RaftServerConfigKeys (ConfUtils.java:logGet(43)) - raft.server.log.statemachine.data.caching.enabled = true (custom)
2019-10-18 14:30:17,153 [pool-47-thread-1] INFO  server.RaftServerConfigKeys (ConfUtils.java:logGet(43)) - raft.server.log.segment.size.max = 1048576 (custom)
2019-10-18 14:30:17,153 [pool-77-thread-1] INFO  server.RaftServerConfigKeys (ConfUtils.java:logGet(43)) - raft.server.log.segment.size.max = 1048576 (custom)
2019-10-18 14:30:17,153 [pool-47-thread-1] INFO  server.RaftServerConfigKeys (ConfUtils.java:logGet(43)) - raft.server.log.preallocated.size = 16384 (custom)
2019-10-18 14:30:17,153 [pool-97-thread-1] INFO  segmented.SegmentedRaftLogWorker (SegmentedRaftLogWorker.java:lambda$new$0(128)) - 46c14060-ea78-4b5a-b57c-064e4766b234@group-45DBFE4B8A65-SegmentedRaftLogWorker: flushIndex: setUnconditionally 0 -> -1
2019-10-18 14:30:17,153 [pool-77-thread-1] INFO  server.RaftServerConfigKeys (ConfUtils.java:logGet(43)) - raft.server.log.preallocated.size = 16384 (custom)
2019-10-18 14:30:17,153 [pool-47-thread-1] INFO  server.RaftServerConfigKeys (ConfUtils.java:logGet(43)) - raft.server.log.write.buffer.size = 33554432 (custom)
2019-10-18 14:30:17,154 [pool-77-thread-1] INFO  server.RaftServerConfigKeys (ConfUtils.java:logGet(43)) - raft.server.log.write.buffer.size = 33554432 (custom)
2019-10-18 14:30:17,154 [pool-97-thread-1] INFO  server.RaftServerConfigKeys (ConfUtils.java:logGet(43)) - raft.server.snapshot.auto.trigger.enabled = true (custom)
2019-10-18 14:30:17,154 [pool-47-thread-1] INFO  server.RaftServerConfigKeys (ConfUtils.java:logGet(43)) - raft.server.log.force.sync.num = 128 (default)
2019-10-18 14:30:17,154 [pool-97-thread-1] INFO  server.RaftServerConfigKeys (ConfUtils.java:logGet(43)) - raft.server.snapshot.auto.trigger.threshold = 10000 (custom)
2019-10-18 14:30:17,154 [pool-77-thread-1] INFO  server.RaftServerConfigKeys (ConfUtils.java:logGet(43)) - raft.server.log.force.sync.num = 128 (default)
2019-10-18 14:30:17,154 [pool-97-thread-1] INFO  server.RaftServerConfigKeys (ConfUtils.java:logGet(43)) - raft.server.snapshot.retention.file.num = 5 (custom)
2019-10-18 14:30:17,154 [pool-47-thread-1] INFO  server.RaftServerConfigKeys (ConfUtils.java:logGet(43)) - raft.server.log.statemachine.data.sync = true (default)
2019-10-18 14:30:17,155 [pool-97-thread-1] INFO  server.RaftServerConfigKeys (ConfUtils.java:logGet(43)) - raft.server.retrycache.expirytime = 600000ms (custom)
2019-10-18 14:30:17,154 [pool-77-thread-1] INFO  server.RaftServerConfigKeys (ConfUtils.java:logGet(43)) - raft.server.log.statemachine.data.sync = true (default)
2019-10-18 14:30:17,155 [pool-47-thread-1] INFO  server.RaftServerConfigKeys (ConfUtils.java:logGet(43)) - raft.server.log.statemachine.data.sync.timeout = 10s (default)
2019-10-18 14:30:17,155 [pool-77-thread-1] INFO  server.RaftServerConfigKeys (ConfUtils.java:logGet(43)) - raft.server.log.statemachine.data.sync.timeout = 10s (default)
2019-10-18 14:30:17,155 [pool-47-thread-1] INFO  server.RaftServerConfigKeys (ConfUtils.java:logGet(43)) - raft.server.log.statemachine.data.sync.timeout.retry = -1 (default)
2019-10-18 14:30:17,155 [pool-77-thread-1] INFO  server.RaftServerConfigKeys (ConfUtils.java:logGet(43)) - raft.server.log.statemachine.data.sync.timeout.retry = -1 (default)
2019-10-18 14:30:17,155 [pool-47-thread-1] INFO  server.RaftServerConfigKeys (ConfUtils.java:logGet(43)) - raft.server.log.statemachine.data.caching.enabled = true (custom)
2019-10-18 14:30:17,155 [pool-77-thread-1] INFO  server.RaftServerConfigKeys (ConfUtils.java:logGet(43)) - raft.server.log.statemachine.data.caching.enabled = true (custom)
2019-10-18 14:30:17,156 [pool-47-thread-1] INFO  segmented.SegmentedRaftLogWorker (SegmentedRaftLogWorker.java:lambda$new$0(128)) - 55013cf6-f41f-4339-a52c-06c119893914@group-45DBFE4B8A65-SegmentedRaftLogWorker: flushIndex: setUnconditionally 0 -> -1
2019-10-18 14:30:17,156 [pool-77-thread-1] INFO  segmented.SegmentedRaftLogWorker (SegmentedRaftLogWorker.java:lambda$new$0(128)) - a4757974-e77e-4a1a-a400-c32fe273093a@group-45DBFE4B8A65-SegmentedRaftLogWorker: flushIndex: setUnconditionally 0 -> -1
2019-10-18 14:30:17,156 [pool-47-thread-1] INFO  server.RaftServerConfigKeys (ConfUtils.java:logGet(43)) - raft.server.snapshot.auto.trigger.enabled = true (custom)
2019-10-18 14:30:17,156 [pool-47-thread-1] INFO  server.RaftServerConfigKeys (ConfUtils.java:logGet(43)) - raft.server.snapshot.auto.trigger.threshold = 10000 (custom)
2019-10-18 14:30:17,156 [pool-47-thread-1] INFO  server.RaftServerConfigKeys (ConfUtils.java:logGet(43)) - raft.server.snapshot.retention.file.num = 5 (custom)
2019-10-18 14:30:17,156 [pool-77-thread-1] INFO  server.RaftServerConfigKeys (ConfUtils.java:logGet(43)) - raft.server.snapshot.auto.trigger.enabled = true (custom)
2019-10-18 14:30:17,156 [pool-47-thread-1] INFO  server.RaftServerConfigKeys (ConfUtils.java:logGet(43)) - raft.server.retrycache.expirytime = 600000ms (custom)
2019-10-18 14:30:17,156 [pool-77-thread-1] INFO  server.RaftServerConfigKeys (ConfUtils.java:logGet(43)) - raft.server.snapshot.auto.trigger.threshold = 10000 (custom)
2019-10-18 14:30:17,157 [pool-77-thread-1] INFO  server.RaftServerConfigKeys (ConfUtils.java:logGet(43)) - raft.server.snapshot.retention.file.num = 5 (custom)
2019-10-18 14:30:17,157 [pool-77-thread-1] INFO  server.RaftServerConfigKeys (ConfUtils.java:logGet(43)) - raft.server.retrycache.expirytime = 600000ms (custom)
2019-10-18 14:30:17,158 [pool-97-thread-1] INFO  impl.RaftServerImpl (RaftServerImpl.java:start(195)) - 46c14060-ea78-4b5a-b57c-064e4766b234@group-45DBFE4B8A65: start as a follower, conf=-1: [55013cf6-f41f-4339-a52c-06c119893914:192.168.164.233:44977, 46c14060-ea78-4b5a-b57c-064e4766b234:192.168.164.233:36167, a4757974-e77e-4a1a-a400-c32fe273093a:192.168.164.233:41244], old=null
2019-10-18 14:30:17,158 [pool-97-thread-1] INFO  impl.RaftServerImpl (RaftServerImpl.java:setRole(184)) - 46c14060-ea78-4b5a-b57c-064e4766b234@group-45DBFE4B8A65: changes role from      null to FOLLOWER at term 0 for startAsFollower
2019-10-18 14:30:17,159 [pool-97-thread-1] INFO  impl.RoleInfo (RoleInfo.java:updateAndGet(143)) - 46c14060-ea78-4b5a-b57c-064e4766b234: start FollowerState
2019-10-18 14:30:17,159 [pool-97-thread-1] INFO  util.JmxRegister (JmxRegister.java:tryRegister(44)) - Successfully registered JMX Bean with object name Ratis:service=RaftServer,group=group-45DBFE4B8A65,id=46c14060-ea78-4b5a-b57c-064e4766b234
2019-10-18 14:30:17,159 [pool-47-thread-1] INFO  impl.RaftServerImpl (RaftServerImpl.java:start(195)) - 55013cf6-f41f-4339-a52c-06c119893914@group-45DBFE4B8A65: start as a follower, conf=-1: [55013cf6-f41f-4339-a52c-06c119893914:192.168.164.233:44977, 46c14060-ea78-4b5a-b57c-064e4766b234:192.168.164.233:36167, a4757974-e77e-4a1a-a400-c32fe273093a:192.168.164.233:41244], old=null
2019-10-18 14:30:17,159 [pool-47-thread-1] INFO  impl.RaftServerImpl (RaftServerImpl.java:setRole(184)) - 55013cf6-f41f-4339-a52c-06c119893914@group-45DBFE4B8A65: changes role from      null to FOLLOWER at term 0 for startAsFollower
2019-10-18 14:30:17,160 [pool-47-thread-1] INFO  impl.RoleInfo (RoleInfo.java:updateAndGet(143)) - 55013cf6-f41f-4339-a52c-06c119893914: start FollowerState
2019-10-18 14:30:17,160 [pool-77-thread-1] INFO  impl.RaftServerImpl (RaftServerImpl.java:start(195)) - a4757974-e77e-4a1a-a400-c32fe273093a@group-45DBFE4B8A65: start as a follower, conf=-1: [55013cf6-f41f-4339-a52c-06c119893914:192.168.164.233:44977, 46c14060-ea78-4b5a-b57c-064e4766b234:192.168.164.233:36167, a4757974-e77e-4a1a-a400-c32fe273093a:192.168.164.233:41244], old=null
2019-10-18 14:30:17,160 [pool-77-thread-1] INFO  impl.RaftServerImpl (RaftServerImpl.java:setRole(184)) - a4757974-e77e-4a1a-a400-c32fe273093a@group-45DBFE4B8A65: changes role from      null to FOLLOWER at term 0 for startAsFollower
2019-10-18 14:30:17,160 [fdaf964b-ea51-42ac-9b82-c03e199efe96@group-6C5E89BCA799-SegmentedRaftLogWorker] INFO  segmented.SegmentedRaftLogWorker (SegmentedRaftLogWorker.java:execute(576)) - fdaf964b-ea51-42ac-9b82-c03e199efe96@group-6C5E89BCA799-SegmentedRaftLogWorker: created new log segment /workdir/hadoop-ozone/integration-test/target/test-dir/MiniOzoneClusterImpl-11a902be-dfbe-4759-94b9-65959d8d71e6/datanode-8/data/ratis/8ffbb3d2-1af5-4333-a8f2-6c5e89bca799/current/log_inprogress_0
2019-10-18 14:30:17,160 [pool-77-thread-1] INFO  impl.RoleInfo (RoleInfo.java:updateAndGet(143)) - a4757974-e77e-4a1a-a400-c32fe273093a: start FollowerState
2019-10-18 14:30:17,160 [pool-47-thread-1] INFO  util.JmxRegister (JmxRegister.java:tryRegister(44)) - Successfully registered JMX Bean with object name Ratis:service=RaftServer,group=group-45DBFE4B8A65,id=55013cf6-f41f-4339-a52c-06c119893914
2019-10-18 14:30:17,160 [pool-77-thread-1] INFO  util.JmxRegister (JmxRegister.java:tryRegister(44)) - Successfully registered JMX Bean with object name Ratis:service=RaftServer,group=group-45DBFE4B8A65,id=a4757974-e77e-4a1a-a400-c32fe273093a
2019-10-18 14:30:17,168 [Thread-339] INFO  impl.FollowerState (FollowerState.java:run(108)) - a4757974-e77e-4a1a-a400-c32fe273093a@group-45DBFE4B8A65-FollowerState: change to CANDIDATE, lastRpcTime:7ms, electionTimeout:7ms
2019-10-18 14:30:17,168 [Thread-339] INFO  impl.RoleInfo (RoleInfo.java:shutdownFollowerState(121)) - a4757974-e77e-4a1a-a400-c32fe273093a: shutdown FollowerState
2019-10-18 14:30:17,171 [Thread-338] INFO  impl.FollowerState (FollowerState.java:run(108)) - 55013cf6-f41f-4339-a52c-06c119893914@group-45DBFE4B8A65-FollowerState: change to CANDIDATE, lastRpcTime:11ms, electionTimeout:10ms
2019-10-18 14:30:17,173 [Thread-339] INFO  impl.RaftServerImpl (RaftServerImpl.java:setRole(184)) - a4757974-e77e-4a1a-a400-c32fe273093a@group-45DBFE4B8A65: changes role from  FOLLOWER to CANDIDATE at term 0 for changeToCandidate
2019-10-18 14:30:17,174 [Thread-338] INFO  impl.RoleInfo (RoleInfo.java:shutdownFollowerState(121)) - 55013cf6-f41f-4339-a52c-06c119893914: shutdown FollowerState
2019-10-18 14:30:17,176 [Thread-339] INFO  impl.RoleInfo (RoleInfo.java:updateAndGet(143)) - a4757974-e77e-4a1a-a400-c32fe273093a: start LeaderElection
2019-10-18 14:30:17,176 [Thread-338] INFO  impl.RaftServerImpl (RaftServerImpl.java:setRole(184)) - 55013cf6-f41f-4339-a52c-06c119893914@group-45DBFE4B8A65: changes role from  FOLLOWER to CANDIDATE at term 0 for changeToCandidate
2019-10-18 14:30:17,178 [Thread-338] INFO  impl.RoleInfo (RoleInfo.java:updateAndGet(143)) - 55013cf6-f41f-4339-a52c-06c119893914: start LeaderElection
2019-10-18 14:30:17,187 [RatisPipelineUtilsThread] INFO  pipeline.PipelineStateManager (PipelineStateManager.java:addPipeline(56)) - Created pipeline Pipeline[ Id: d4e1982b-9b6d-4ec0-8b58-45dbfe4b8a65, Nodes: 55013cf6-f41f-4339-a52c-06c119893914{ip: 192.168.164.233, host: pr-hdds-2327-vtdmt-1103746116, networkLocation: /default-rack, certSerialId: null}a4757974-e77e-4a1a-a400-c32fe273093a{ip: 192.168.164.233, host: pr-hdds-2327-vtdmt-1103746116, networkLocation: /default-rack, certSerialId: null}46c14060-ea78-4b5a-b57c-064e4766b234{ip: 192.168.164.233, host: pr-hdds-2327-vtdmt-1103746116, networkLocation: /default-rack, certSerialId: null}, Type:RATIS, Factor:THREE, State:OPEN]
2019-10-18 14:30:17,191 [a4757974-e77e-4a1a-a400-c32fe273093a@group-45DBFE4B8A65-LeaderElection11] INFO  impl.LeaderElection (LeaderElection.java:askForVotes(178)) - a4757974-e77e-4a1a-a400-c32fe273093a@group-45DBFE4B8A65-LeaderElection11: begin an election at term 1 for -1: [55013cf6-f41f-4339-a52c-06c119893914:192.168.164.233:44977, 46c14060-ea78-4b5a-b57c-064e4766b234:192.168.164.233:36167, a4757974-e77e-4a1a-a400-c32fe273093a:192.168.164.233:41244], old=null
2019-10-18 14:30:17,191 [55013cf6-f41f-4339-a52c-06c119893914@group-45DBFE4B8A65-LeaderElection12] INFO  impl.LeaderElection (LeaderElection.java:askForVotes(178)) - 55013cf6-f41f-4339-a52c-06c119893914@group-45DBFE4B8A65-LeaderElection12: begin an election at term 1 for -1: [55013cf6-f41f-4339-a52c-06c119893914:192.168.164.233:44977, 46c14060-ea78-4b5a-b57c-064e4766b234:192.168.164.233:36167, a4757974-e77e-4a1a-a400-c32fe273093a:192.168.164.233:41244], old=null
2019-10-18 14:30:17,211 [grpc-default-executor-0] INFO  impl.RaftServerProxy (RaftServerProxy.java:addNew(89)) - 9a797c4a-b775-4cca-8778-469ce6187395: addNew group-9826AF1559E2:[f9cd2519-4472-482d-8bf1-226263d0a440:192.168.164.233:35693, 04371d53-951f-40a0-9bd2-eaa7c72eca17:192.168.164.233:42616, 9a797c4a-b775-4cca-8778-469ce6187395:192.168.164.233:34691] returns group-9826AF1559E2:java.util.concurrent.CompletableFuture@7116cc1c[Not completed]
2019-10-18 14:30:17,212 [grpc-default-executor-0] INFO  impl.RaftServerProxy (RaftServerProxy.java:addNew(89)) - f9cd2519-4472-482d-8bf1-226263d0a440: addNew group-9826AF1559E2:[f9cd2519-4472-482d-8bf1-226263d0a440:192.168.164.233:35693, 04371d53-951f-40a0-9bd2-eaa7c72eca17:192.168.164.233:42616, 9a797c4a-b775-4cca-8778-469ce6187395:192.168.164.233:34691] returns group-9826AF1559E2:java.util.concurrent.CompletableFuture@54b455a6[Not completed]
2019-10-18 14:30:17,215 [pool-27-thread-1] INFO  impl.RaftServerImpl (RaftServerImpl.java:<init>(104)) - 9a797c4a-b775-4cca-8778-469ce6187395: new RaftServerImpl for group-9826AF1559E2:[f9cd2519-4472-482d-8bf1-226263d0a440:192.168.164.233:35693, 04371d53-951f-40a0-9bd2-eaa7c72eca17:192.168.164.233:42616, 9a797c4a-b775-4cca-8778-469ce6187395:192.168.164.233:34691] with ContainerStateMachine:uninitialized
2019-10-18 14:30:17,215 [pool-27-thread-1] INFO  server.RaftServerConfigKeys (ConfUtils.java:logGet(43)) - raft.server.rpc.timeout.min = 1s (custom)
2019-10-18 14:30:17,215 [pool-27-thread-1] INFO  server.RaftServerConfigKeys (ConfUtils.java:logGet(43)) - raft.server.rpc.timeout.max = 1200ms (custom)
2019-10-18 14:30:17,215 [pool-27-thread-1] INFO  server.RaftServerConfigKeys (ConfUtils.java:logGet(43)) - raft.server.rpcslowness.timeout = 120s (custom)
2019-10-18 14:30:17,215 [pool-27-thread-1] INFO  server.RaftServerConfigKeys (ConfUtils.java:logGet(43)) - raft.server.sleep.deviation.threshold = 300 (default)
2019-10-18 14:30:17,215 [pool-27-thread-1] INFO  server.RaftServerConfigKeys (ConfUtils.java:logGet(43)) - raft.server.log.appender.install.snapshot.enabled = false (custom)
2019-10-18 14:30:17,219 [pool-27-thread-1] INFO  impl.RaftServerImpl (ServerState.java:<init>(103)) - 9a797c4a-b775-4cca-8778-469ce6187395@group-9826AF1559E2: ConfigurationManager, init=-1: [f9cd2519-4472-482d-8bf1-226263d0a440:192.168.164.233:35693, 04371d53-951f-40a0-9bd2-eaa7c72eca17:192.168.164.233:42616, 9a797c4a-b775-4cca-8778-469ce6187395:192.168.164.233:34691], old=null, confs=<EMPTY_MAP>
2019-10-18 14:30:17,219 [grpc-default-executor-1] INFO  impl.RaftServerProxy (RaftServerProxy.java:addNew(89)) - 04371d53-951f-40a0-9bd2-eaa7c72eca17: addNew group-9826AF1559E2:[f9cd2519-4472-482d-8bf1-226263d0a440:192.168.164.233:35693, 04371d53-951f-40a0-9bd2-eaa7c72eca17:192.168.164.233:42616, 9a797c4a-b775-4cca-8778-469ce6187395:192.168.164.233:34691] returns group-9826AF1559E2:java.util.concurrent.CompletableFuture@7767ea8d[Not completed]
2019-10-18 14:30:17,219 [pool-27-thread-1] INFO  server.RaftServerConfigKeys (ConfUtils.java:logGet(43)) - raft.server.storage.dir = [/workdir/hadoop-ozone/integration-test/target/test-dir/MiniOzoneClusterImpl-11a902be-dfbe-4759-94b9-65959d8d71e6/datanode-0/data/ratis] (custom)
2019-10-18 14:30:17,219 [pool-37-thread-1] INFO  impl.RaftServerImpl (RaftServerImpl.java:<init>(104)) - f9cd2519-4472-482d-8bf1-226263d0a440: new RaftServerImpl for group-9826AF1559E2:[f9cd2519-4472-482d-8bf1-226263d0a440:192.168.164.233:35693, 04371d53-951f-40a0-9bd2-eaa7c72eca17:192.168.164.233:42616, 9a797c4a-b775-4cca-8778-469ce6187395:192.168.164.233:34691] with ContainerStateMachine:uninitialized
2019-10-18 14:30:17,219 [pool-27-thread-1] INFO  server.RaftServerConfigKeys (ConfUtils.java:logGet(43)) - raft.server.log.corruption.policy = EXCEPTION (default)
2019-10-18 14:30:17,227 [pool-37-thread-1] INFO  server.RaftServerConfigKeys (ConfUtils.java:logGet(43)) - raft.server.rpc.timeout.min = 1s (custom)
2019-10-18 14:30:17,227 [pool-27-thread-1] INFO  storage.RaftStorageDirectory (RaftStorageDirectory.java:analyzeStorage(246)) - The storage directory /workdir/hadoop-ozone/integration-test/target/test-dir/MiniOzoneClusterImpl-11a902be-dfbe-4759-94b9-65959d8d71e6/datanode-0/data/ratis/cb1b5398-55ca-458c-9a73-9826af1559e2 does not exist. Creating ...
2019-10-18 14:30:17,227 [pool-37-thread-1] INFO  server.RaftServerConfigKeys (ConfUtils.java:logGet(43)) - raft.server.rpc.timeout.max = 1200ms (custom)
2019-10-18 14:30:17,228 [pool-37-thread-1] INFO  server.RaftServerConfigKeys (ConfUtils.java:logGet(43)) - raft.server.rpcslowness.timeout = 120s (custom)
2019-10-18 14:30:17,228 [pool-37-thread-1] INFO  server.RaftServerConfigKeys (ConfUtils.java:logGet(43)) - raft.server.sleep.deviation.threshold = 300 (default)
2019-10-18 14:30:17,228 [pool-37-thread-1] INFO  server.RaftServerConfigKeys (ConfUtils.java:logGet(43)) - raft.server.log.appender.install.snapshot.enabled = false (custom)
2019-10-18 14:30:17,228 [pool-37-thread-1] INFO  impl.RaftServerImpl (ServerState.java:<init>(103)) - f9cd2519-4472-482d-8bf1-226263d0a440@group-9826AF1559E2: ConfigurationManager, init=-1: [f9cd2519-4472-482d-8bf1-226263d0a440:192.168.164.233:35693, 04371d53-951f-40a0-9bd2-eaa7c72eca17:192.168.164.233:42616, 9a797c4a-b775-4cca-8778-469ce6187395:192.168.164.233:34691], old=null, confs=<EMPTY_MAP>
2019-10-18 14:30:17,230 [pool-67-thread-1] INFO  impl.RaftServerImpl (RaftServerImpl.java:<init>(104)) - 04371d53-951f-40a0-9bd2-eaa7c72eca17: new RaftServerImpl for group-9826AF1559E2:[f9cd2519-4472-482d-8bf1-226263d0a440:192.168.164.233:35693, 04371d53-951f-40a0-9bd2-eaa7c72eca17:192.168.164.233:42616, 9a797c4a-b775-4cca-8778-469ce6187395:192.168.164.233:34691] with ContainerStateMachine:uninitialized
2019-10-18 14:30:17,230 [pool-37-thread-1] INFO  server.RaftServerConfigKeys (ConfUtils.java:logGet(43)) - raft.server.storage.dir = [/workdir/hadoop-ozone/integration-test/target/test-dir/MiniOzoneClusterImpl-11a902be-dfbe-4759-94b9-65959d8d71e6/datanode-1/data/ratis] (custom)
2019-10-18 14:30:17,230 [pool-67-thread-1] INFO  server.RaftServerConfigKeys (ConfUtils.java:logGet(43)) - raft.server.rpc.timeout.min = 1s (custom)
2019-10-18 14:30:17,230 [pool-67-thread-1] INFO  server.RaftServerConfigKeys (ConfUtils.java:logGet(43)) - raft.server.rpc.timeout.max = 1200ms (custom)
2019-10-18 14:30:17,231 [pool-67-thread-1] INFO  server.RaftServerConfigKeys (ConfUtils.java:logGet(43)) - raft.server.rpcslowness.timeout = 120s (custom)
2019-10-18 14:30:17,231 [pool-37-thread-1] INFO  server.RaftServerConfigKeys (ConfUtils.java:logGet(43)) - raft.server.log.corruption.policy = EXCEPTION (default)
2019-10-18 14:30:17,231 [pool-67-thread-1] INFO  server.RaftServerConfigKeys (ConfUtils.java:logGet(43)) - raft.server.sleep.deviation.threshold = 300 (default)
2019-10-18 14:30:17,231 [pool-67-thread-1] INFO  server.RaftServerConfigKeys (ConfUtils.java:logGet(43)) - raft.server.log.appender.install.snapshot.enabled = false (custom)
2019-10-18 14:30:17,231 [pool-37-thread-1] INFO  storage.RaftStorageDirectory (RaftStorageDirectory.java:analyzeStorage(246)) - The storage directory /workdir/hadoop-ozone/integration-test/target/test-dir/MiniOzoneClusterImpl-11a902be-dfbe-4759-94b9-65959d8d71e6/datanode-1/data/ratis/cb1b5398-55ca-458c-9a73-9826af1559e2 does not exist. Creating ...
2019-10-18 14:30:17,231 [pool-67-thread-1] INFO  impl.RaftServerImpl (ServerState.java:<init>(103)) - 04371d53-951f-40a0-9bd2-eaa7c72eca17@group-9826AF1559E2: ConfigurationManager, init=-1: [f9cd2519-4472-482d-8bf1-226263d0a440:192.168.164.233:35693, 04371d53-951f-40a0-9bd2-eaa7c72eca17:192.168.164.233:42616, 9a797c4a-b775-4cca-8778-469ce6187395:192.168.164.233:34691], old=null, confs=<EMPTY_MAP>
2019-10-18 14:30:17,231 [pool-67-thread-1] INFO  server.RaftServerConfigKeys (ConfUtils.java:logGet(43)) - raft.server.storage.dir = [/workdir/hadoop-ozone/integration-test/target/test-dir/MiniOzoneClusterImpl-11a902be-dfbe-4759-94b9-65959d8d71e6/datanode-4/data/ratis] (custom)
2019-10-18 14:30:17,232 [pool-67-thread-1] INFO  server.RaftServerConfigKeys (ConfUtils.java:logGet(43)) - raft.server.log.corruption.policy = EXCEPTION (default)
2019-10-18 14:30:17,232 [pool-67-thread-1] INFO  storage.RaftStorageDirectory (RaftStorageDirectory.java:analyzeStorage(246)) - The storage directory /workdir/hadoop-ozone/integration-test/target/test-dir/MiniOzoneClusterImpl-11a902be-dfbe-4759-94b9-65959d8d71e6/datanode-4/data/ratis/cb1b5398-55ca-458c-9a73-9826af1559e2 does not exist. Creating ...
2019-10-18 14:30:17,232 [pool-27-thread-1] INFO  storage.RaftStorageDirectory (RaftStorageDirectory.java:tryLock(328)) - Lock on /workdir/hadoop-ozone/integration-test/target/test-dir/MiniOzoneClusterImpl-11a902be-dfbe-4759-94b9-65959d8d71e6/datanode-0/data/ratis/cb1b5398-55ca-458c-9a73-9826af1559e2/in_use.lock acquired by nodename 1372@pr-hdds-2327-vtdmt-1103746116
2019-10-18 14:30:17,235 [pool-37-thread-1] INFO  storage.RaftStorageDirectory (RaftStorageDirectory.java:tryLock(328)) - Lock on /workdir/hadoop-ozone/integration-test/target/test-dir/MiniOzoneClusterImpl-11a902be-dfbe-4759-94b9-65959d8d71e6/datanode-1/data/ratis/cb1b5398-55ca-458c-9a73-9826af1559e2/in_use.lock acquired by nodename 1372@pr-hdds-2327-vtdmt-1103746116
2019-10-18 14:30:17,236 [Thread-337] INFO  impl.FollowerState (FollowerState.java:run(108)) - 46c14060-ea78-4b5a-b57c-064e4766b234@group-45DBFE4B8A65-FollowerState: change to CANDIDATE, lastRpcTime:77ms, electionTimeout:77ms
2019-10-18 14:30:17,236 [pool-27-thread-1] INFO  storage.RaftStorage (RaftStorage.java:format(84)) - Storage directory /workdir/hadoop-ozone/integration-test/target/test-dir/MiniOzoneClusterImpl-11a902be-dfbe-4759-94b9-65959d8d71e6/datanode-0/data/ratis/cb1b5398-55ca-458c-9a73-9826af1559e2 has been successfully formatted.
2019-10-18 14:30:17,236 [Thread-337] INFO  impl.RoleInfo (RoleInfo.java:shutdownFollowerState(121)) - 46c14060-ea78-4b5a-b57c-064e4766b234: shutdown FollowerState
2019-10-18 14:30:17,235 [pool-67-thread-1] INFO  storage.RaftStorageDirectory (RaftStorageDirectory.java:tryLock(328)) - Lock on /workdir/hadoop-ozone/integration-test/target/test-dir/MiniOzoneClusterImpl-11a902be-dfbe-4759-94b9-65959d8d71e6/datanode-4/data/ratis/cb1b5398-55ca-458c-9a73-9826af1559e2/in_use.lock acquired by nodename 1372@pr-hdds-2327-vtdmt-1103746116
2019-10-18 14:30:17,237 [Thread-337] INFO  impl.RaftServerImpl (RaftServerImpl.java:setRole(184)) - 46c14060-ea78-4b5a-b57c-064e4766b234@group-45DBFE4B8A65: changes role from  FOLLOWER to CANDIDATE at term 0 for changeToCandidate
2019-10-18 14:30:17,237 [pool-27-thread-1] INFO  ratis.ContainerStateMachine (ContainerStateMachine.java:loadSnapshot(231)) - group-9826AF1559E2: The snapshot info is null. Setting the last applied indexto:(t:0, i:~)
2019-10-18 14:30:17,237 [Thread-337] INFO  impl.RoleInfo (RoleInfo.java:updateAndGet(143)) - 46c14060-ea78-4b5a-b57c-064e4766b234: start LeaderElection
2019-10-18 14:30:17,237 [pool-27-thread-1] INFO  server.RaftServerConfigKeys (ConfUtils.java:logGet(43)) - raft.server.notification.no-leader.timeout = 120s (custom)
2019-10-18 14:30:17,237 [pool-27-thread-1] INFO  server.RaftServerConfigKeys (ConfUtils.java:logGet(43)) - raft.server.log.use.memory = false (default)
2019-10-18 14:30:17,237 [pool-27-thread-1] INFO  server.RaftServerConfigKeys (ConfUtils.java:logGet(43)) - raft.server.log.purge.gap = 1000000 (custom)
2019-10-18 14:30:17,241 [pool-27-thread-1] INFO  server.RaftServerConfigKeys (ConfUtils.java:logGet(43)) - raft.server.log.appender.buffer.byte-limit = 33554432 (custom)
2019-10-18 14:30:17,241 [pool-27-thread-1] INFO  server.RaftServerConfigKeys (ConfUtils.java:logGet(43)) - raft.server.log.segment.size.max = 1048576 (custom)
2019-10-18 14:30:17,241 [pool-27-thread-1] INFO  server.RaftServerConfigKeys (ConfUtils.java:logGet(43)) - raft.server.log.segment.cache.num.max = 2 (custom)
2019-10-18 14:30:17,241 [pool-27-thread-1] INFO  segmented.SegmentedRaftLogWorker (SegmentedRaftLogWorker.java:<init>(173)) - new 9a797c4a-b775-4cca-8778-469ce6187395@group-9826AF1559E2-SegmentedRaftLogWorker for RaftStorage:Storage Directory /workdir/hadoop-ozone/integration-test/target/test-dir/MiniOzoneClusterImpl-11a902be-dfbe-4759-94b9-65959d8d71e6/datanode-0/data/ratis/cb1b5398-55ca-458c-9a73-9826af1559e2
2019-10-18 14:30:17,241 [pool-27-thread-1] INFO  server.RaftServerConfigKeys (ConfUtils.java:logGet(43)) - raft.server.log.queue.byte-limit = 2147483647 (custom)
2019-10-18 14:30:17,241 [pool-27-thread-1] INFO  server.RaftServerConfigKeys (ConfUtils.java:logGet(43)) - raft.server.log.queue.element-limit = 1024 (custom)
2019-10-18 14:30:17,248 [pool-67-thread-1] INFO  storage.RaftStorage (RaftStorage.java:format(84)) - Storage directory /workdir/hadoop-ozone/integration-test/target/test-dir/MiniOzoneClusterImpl-11a902be-dfbe-4759-94b9-65959d8d71e6/datanode-4/data/ratis/cb1b5398-55ca-458c-9a73-9826af1559e2 has been successfully formatted.
2019-10-18 14:30:17,248 [pool-37-thread-1] INFO  storage.RaftStorage (RaftStorage.java:format(84)) - Storage directory /workdir/hadoop-ozone/integration-test/target/test-dir/MiniOzoneClusterImpl-11a902be-dfbe-4759-94b9-65959d8d71e6/datanode-1/data/ratis/cb1b5398-55ca-458c-9a73-9826af1559e2 has been successfully formatted.
2019-10-18 14:30:17,248 [pool-27-thread-1] INFO  server.RaftServerConfigKeys (ConfUtils.java:logGet(43)) - raft.server.log.segment.size.max = 1048576 (custom)
2019-10-18 14:30:17,248 [pool-67-thread-1] INFO  ratis.ContainerStateMachine (ContainerStateMachine.java:loadSnapshot(231)) - group-9826AF1559E2: The snapshot info is null. Setting the last applied indexto:(t:0, i:~)
2019-10-18 14:30:17,248 [pool-27-thread-1] INFO  server.RaftServerConfigKeys (ConfUtils.java:logGet(43)) - raft.server.log.preallocated.size = 16384 (custom)
2019-10-18 14:30:17,248 [pool-67-thread-1] INFO  server.RaftServerConfigKeys (ConfUtils.java:logGet(43)) - raft.server.notification.no-leader.timeout = 120s (custom)
2019-10-18 14:30:17,248 [pool-37-thread-1] INFO  ratis.ContainerStateMachine (ContainerStateMachine.java:loadSnapshot(231)) - group-9826AF1559E2: The snapshot info is null. Setting the last applied indexto:(t:0, i:~)
2019-10-18 14:30:17,248 [pool-67-thread-1] INFO  server.RaftServerConfigKeys (ConfUtils.java:logGet(43)) - raft.server.log.use.memory = false (default)
2019-10-18 14:30:17,248 [pool-27-thread-1] INFO  server.RaftServerConfigKeys (ConfUtils.java:logGet(43)) - raft.server.log.write.buffer.size = 33554432 (custom)
2019-10-18 14:30:17,249 [pool-67-thread-1] INFO  server.RaftServerConfigKeys (ConfUtils.java:logGet(43)) - raft.server.log.purge.gap = 1000000 (custom)
2019-10-18 14:30:17,249 [pool-37-thread-1] INFO  server.RaftServerConfigKeys (ConfUtils.java:logGet(43)) - raft.server.notification.no-leader.timeout = 120s (custom)
2019-10-18 14:30:17,249 [pool-67-thread-1] INFO  server.RaftServerConfigKeys (ConfUtils.java:logGet(43)) - raft.server.log.appender.buffer.byte-limit = 33554432 (custom)
2019-10-18 14:30:17,249 [pool-27-thread-1] INFO  server.RaftServerConfigKeys (ConfUtils.java:logGet(43)) - raft.server.log.force.sync.num = 128 (default)
2019-10-18 14:30:17,249 [pool-67-thread-1] INFO  server.RaftServerConfigKeys (ConfUtils.java:logGet(43)) - raft.server.log.segment.size.max = 1048576 (custom)
2019-10-18 14:30:17,249 [pool-37-thread-1] INFO  server.RaftServerConfigKeys (ConfUtils.java:logGet(43)) - raft.server.log.use.memory = false (default)
2019-10-18 14:30:17,249 [pool-67-thread-1] INFO  server.RaftServerConfigKeys (ConfUtils.java:logGet(43)) - raft.server.log.segment.cache.num.max = 2 (custom)
2019-10-18 14:30:17,249 [pool-27-thread-1] INFO  server.RaftServerConfigKeys (ConfUtils.java:logGet(43)) - raft.server.log.statemachine.data.sync = true (default)
2019-10-18 14:30:17,249 [pool-67-thread-1] INFO  segmented.SegmentedRaftLogWorker (SegmentedRaftLogWorker.java:<init>(173)) - new 04371d53-951f-40a0-9bd2-eaa7c72eca17@group-9826AF1559E2-SegmentedRaftLogWorker for RaftStorage:Storage Directory /workdir/hadoop-ozone/integration-test/target/test-dir/MiniOzoneClusterImpl-11a902be-dfbe-4759-94b9-65959d8d71e6/datanode-4/data/ratis/cb1b5398-55ca-458c-9a73-9826af1559e2
2019-10-18 14:30:17,249 [pool-37-thread-1] INFO  server.RaftServerConfigKeys (ConfUtils.java:logGet(43)) - raft.server.log.purge.gap = 1000000 (custom)
2019-10-18 14:30:17,252 [46c14060-ea78-4b5a-b57c-064e4766b234@group-45DBFE4B8A65-LeaderElection13] INFO  impl.LeaderElection (LeaderElection.java:askForVotes(178)) - 46c14060-ea78-4b5a-b57c-064e4766b234@group-45DBFE4B8A65-LeaderElection13: begin an election at term 1 for -1: [55013cf6-f41f-4339-a52c-06c119893914:192.168.164.233:44977, 46c14060-ea78-4b5a-b57c-064e4766b234:192.168.164.233:36167, a4757974-e77e-4a1a-a400-c32fe273093a:192.168.164.233:41244], old=null
2019-10-18 14:30:17,250 [pool-67-thread-1] INFO  server.RaftServerConfigKeys (ConfUtils.java:logGet(43)) - raft.server.log.queue.byte-limit = 2147483647 (custom)
2019-10-18 14:30:17,250 [pool-27-thread-1] INFO  server.RaftServerConfigKeys (ConfUtils.java:logGet(43)) - raft.server.log.statemachine.data.sync.timeout = 10s (default)
2019-10-18 14:30:17,252 [pool-67-thread-1] INFO  server.RaftServerConfigKeys (ConfUtils.java:logGet(43)) - raft.server.log.queue.element-limit = 1024 (custom)
2019-10-18 14:30:17,252 [pool-37-thread-1] INFO  server.RaftServerConfigKeys (ConfUtils.java:logGet(43)) - raft.server.log.appender.buffer.byte-limit = 33554432 (custom)
2019-10-18 14:30:17,252 [pool-67-thread-1] INFO  server.RaftServerConfigKeys (ConfUtils.java:logGet(43)) - raft.server.log.segment.size.max = 1048576 (custom)
2019-10-18 14:30:17,252 [pool-27-thread-1] INFO  server.RaftServerConfigKeys (ConfUtils.java:logGet(43)) - raft.server.log.statemachine.data.sync.timeout.retry = -1 (default)
2019-10-18 14:30:17,252 [pool-67-thread-1] INFO  server.RaftServerConfigKeys (ConfUtils.java:logGet(43)) - raft.server.log.preallocated.size = 16384 (custom)
2019-10-18 14:30:17,252 [pool-37-thread-1] INFO  server.RaftServerConfigKeys (ConfUtils.java:logGet(43)) - raft.server.log.segment.size.max = 1048576 (custom)
2019-10-18 14:30:17,252 [pool-27-thread-1] INFO  server.RaftServerConfigKeys (ConfUtils.java:logGet(43)) - raft.server.log.statemachine.data.caching.enabled = true (custom)
2019-10-18 14:30:17,252 [pool-67-thread-1] INFO  server.RaftServerConfigKeys (ConfUtils.java:logGet(43)) - raft.server.log.write.buffer.size = 33554432 (custom)
2019-10-18 14:30:17,254 [pool-37-thread-1] INFO  server.RaftServerConfigKeys (ConfUtils.java:logGet(43)) - raft.server.log.segment.cache.num.max = 2 (custom)
2019-10-18 14:30:17,255 [pool-67-thread-1] INFO  server.RaftServerConfigKeys (ConfUtils.java:logGet(43)) - raft.server.log.force.sync.num = 128 (default)
2019-10-18 14:30:17,255 [pool-37-thread-1] INFO  segmented.SegmentedRaftLogWorker (SegmentedRaftLogWorker.java:<init>(173)) - new f9cd2519-4472-482d-8bf1-226263d0a440@group-9826AF1559E2-SegmentedRaftLogWorker for RaftStorage:Storage Directory /workdir/hadoop-ozone/integration-test/target/test-dir/MiniOzoneClusterImpl-11a902be-dfbe-4759-94b9-65959d8d71e6/datanode-1/data/ratis/cb1b5398-55ca-458c-9a73-9826af1559e2
2019-10-18 14:30:17,257 [pool-67-thread-1] INFO  server.RaftServerConfigKeys (ConfUtils.java:logGet(43)) - raft.server.log.statemachine.data.sync = true (default)
2019-10-18 14:30:17,257 [pool-27-thread-1] INFO  segmented.SegmentedRaftLogWorker (SegmentedRaftLogWorker.java:lambda$new$0(128)) - 9a797c4a-b775-4cca-8778-469ce6187395@group-9826AF1559E2-SegmentedRaftLogWorker: flushIndex: setUnconditionally 0 -> -1
2019-10-18 14:30:17,264 [pool-67-thread-1] INFO  server.RaftServerConfigKeys (ConfUtils.java:logGet(43)) - raft.server.log.statemachine.data.sync.timeout = 10s (default)
2019-10-18 14:30:17,262 [pool-37-thread-1] INFO  server.RaftServerConfigKeys (ConfUtils.java:logGet(43)) - raft.server.log.queue.byte-limit = 2147483647 (custom)
2019-10-18 14:30:17,267 [pool-67-thread-1] INFO  server.RaftServerConfigKeys (ConfUtils.java:logGet(43)) - raft.server.log.statemachine.data.sync.timeout.retry = -1 (default)
2019-10-18 14:30:17,265 [pool-27-thread-1] INFO  server.RaftServerConfigKeys (ConfUtils.java:logGet(43)) - raft.server.snapshot.auto.trigger.enabled = true (custom)
2019-10-18 14:30:17,267 [pool-37-thread-1] INFO  server.RaftServerConfigKeys (ConfUtils.java:logGet(43)) - raft.server.log.queue.element-limit = 1024 (custom)
2019-10-18 14:30:17,267 [pool-67-thread-1] INFO  server.RaftServerConfigKeys (ConfUtils.java:logGet(43)) - raft.server.log.statemachine.data.caching.enabled = true (custom)
2019-10-18 14:30:17,267 [pool-27-thread-1] INFO  server.RaftServerConfigKeys (ConfUtils.java:logGet(43)) - raft.server.snapshot.auto.trigger.threshold = 10000 (custom)
2019-10-18 14:30:17,269 [pool-37-thread-1] INFO  server.RaftServerConfigKeys (ConfUtils.java:logGet(43)) - raft.server.log.segment.size.max = 1048576 (custom)
2019-10-18 14:30:17,269 [pool-27-thread-1] INFO  server.RaftServerConfigKeys (ConfUtils.java:logGet(43)) - raft.server.snapshot.retention.file.num = 5 (custom)
2019-10-18 14:30:17,269 [pool-37-thread-1] INFO  server.RaftServerConfigKeys (ConfUtils.java:logGet(43)) - raft.server.log.preallocated.size = 16384 (custom)
2019-10-18 14:30:17,269 [pool-67-thread-1] INFO  segmented.SegmentedRaftLogWorker (SegmentedRaftLogWorker.java:lambda$new$0(128)) - 04371d53-951f-40a0-9bd2-eaa7c72eca17@group-9826AF1559E2-SegmentedRaftLogWorker: flushIndex: setUnconditionally 0 -> -1
2019-10-18 14:30:17,269 [55013cf6-f41f-4339-a52c-06c119893914@group-45DBFE4B8A65-LeaderElection12] INFO  impl.LeaderElection (LeaderElection.java:logAndReturn(56)) - 55013cf6-f41f-4339-a52c-06c119893914@group-45DBFE4B8A65-LeaderElection12: Election REJECTED; received 2 response(s) [55013cf6-f41f-4339-a52c-06c119893914<-46c14060-ea78-4b5a-b57c-064e4766b234#0:FAIL-t1, 55013cf6-f41f-4339-a52c-06c119893914<-a4757974-e77e-4a1a-a400-c32fe273093a#0:FAIL-t1] and 0 exception(s); 55013cf6-f41f-4339-a52c-06c119893914@group-45DBFE4B8A65:t1, leader=null, voted=55013cf6-f41f-4339-a52c-06c119893914, raftlog=55013cf6-f41f-4339-a52c-06c119893914@group-45DBFE4B8A65-SegmentedRaftLog:OPENED:c-1,f-1,i0, conf=-1: [55013cf6-f41f-4339-a52c-06c119893914:192.168.164.233:44977, 46c14060-ea78-4b5a-b57c-064e4766b234:192.168.164.233:36167, a4757974-e77e-4a1a-a400-c32fe273093a:192.168.164.233:41244], old=null
2019-10-18 14:30:17,269 [pool-37-thread-1] INFO  server.RaftServerConfigKeys (ConfUtils.java:logGet(43)) - raft.server.log.write.buffer.size = 33554432 (custom)
2019-10-18 14:30:17,269 [pool-27-thread-1] INFO  server.RaftServerConfigKeys (ConfUtils.java:logGet(43)) - raft.server.retrycache.expirytime = 600000ms (custom)
2019-10-18 14:30:17,270 [pool-37-thread-1] INFO  server.RaftServerConfigKeys (ConfUtils.java:logGet(43)) - raft.server.log.force.sync.num = 128 (default)
2019-10-18 14:30:17,270 [pool-67-thread-1] INFO  server.RaftServerConfigKeys (ConfUtils.java:logGet(43)) - raft.server.snapshot.auto.trigger.enabled = true (custom)
2019-10-18 14:30:17,269 [a4757974-e77e-4a1a-a400-c32fe273093a@group-45DBFE4B8A65-LeaderElection11] INFO  impl.LeaderElection (LeaderElection.java:logAndReturn(56)) - a4757974-e77e-4a1a-a400-c32fe273093a@group-45DBFE4B8A65-LeaderElection11: Election TIMEOUT; received 0 response(s) [] and 0 exception(s); a4757974-e77e-4a1a-a400-c32fe273093a@group-45DBFE4B8A65:t1, leader=null, voted=a4757974-e77e-4a1a-a400-c32fe273093a, raftlog=a4757974-e77e-4a1a-a400-c32fe273093a@group-45DBFE4B8A65-SegmentedRaftLog:OPENED:c-1,f-1,i0, conf=-1: [55013cf6-f41f-4339-a52c-06c119893914:192.168.164.233:44977, 46c14060-ea78-4b5a-b57c-064e4766b234:192.168.164.233:36167, a4757974-e77e-4a1a-a400-c32fe273093a:192.168.164.233:41244], old=null
2019-10-18 14:30:17,274 [55013cf6-f41f-4339-a52c-06c119893914@group-45DBFE4B8A65-LeaderElection12] INFO  impl.RaftServerImpl (RaftServerImpl.java:setRole(184)) - 55013cf6-f41f-4339-a52c-06c119893914@group-45DBFE4B8A65: changes role from CANDIDATE to FOLLOWER at term 1 for DISCOVERED_A_NEW_TERM
2019-10-18 14:30:17,274 [pool-37-thread-1] INFO  server.RaftServerConfigKeys (ConfUtils.java:logGet(43)) - raft.server.log.statemachine.data.sync = true (default)
2019-10-18 14:30:17,274 [55013cf6-f41f-4339-a52c-06c119893914@group-45DBFE4B8A65-LeaderElection12] INFO  impl.RoleInfo (RoleInfo.java:shutdownLeaderElection(134)) - 55013cf6-f41f-4339-a52c-06c119893914: shutdown LeaderElection
2019-10-18 14:30:17,274 [pool-67-thread-1] INFO  server.RaftServerConfigKeys (ConfUtils.java:logGet(43)) - raft.server.snapshot.auto.trigger.threshold = 10000 (custom)
2019-10-18 14:30:17,277 [pool-37-thread-1] INFO  server.RaftServerConfigKeys (ConfUtils.java:logGet(43)) - raft.server.log.statemachine.data.sync.timeout = 10s (default)
2019-10-18 14:30:17,278 [55013cf6-f41f-4339-a52c-06c119893914@group-45DBFE4B8A65-LeaderElection12] INFO  impl.RoleInfo (RoleInfo.java:updateAndGet(143)) - 55013cf6-f41f-4339-a52c-06c119893914: start FollowerState
2019-10-18 14:30:17,277 [pool-67-thread-1] INFO  server.RaftServerConfigKeys (ConfUtils.java:logGet(43)) - raft.server.snapshot.retention.file.num = 5 (custom)
2019-10-18 14:30:17,278 [pool-37-thread-1] INFO  server.RaftServerConfigKeys (ConfUtils.java:logGet(43)) - raft.server.log.statemachine.data.sync.timeout.retry = -1 (default)
2019-10-18 14:30:17,278 [pool-67-thread-1] INFO  server.RaftServerConfigKeys (ConfUtils.java:logGet(43)) - raft.server.retrycache.expirytime = 600000ms (custom)
2019-10-18 14:30:17,279 [pool-37-thread-1] INFO  server.RaftServerConfigKeys (ConfUtils.java:logGet(43)) - raft.server.log.statemachine.data.caching.enabled = true (custom)
2019-10-18 14:30:17,280 [pool-27-thread-1] INFO  impl.RaftServerImpl (RaftServerImpl.java:start(195)) - 9a797c4a-b775-4cca-8778-469ce6187395@group-9826AF1559E2: start as a follower, conf=-1: [f9cd2519-4472-482d-8bf1-226263d0a440:192.168.164.233:35693, 04371d53-951f-40a0-9bd2-eaa7c72eca17:192.168.164.233:42616, 9a797c4a-b775-4cca-8778-469ce6187395:192.168.164.233:34691], old=null
2019-10-18 14:30:17,280 [pool-37-thread-1] INFO  segmented.SegmentedRaftLogWorker (SegmentedRaftLogWorker.java:lambda$new$0(128)) - f9cd2519-4472-482d-8bf1-226263d0a440@group-9826AF1559E2-SegmentedRaftLogWorker: flushIndex: setUnconditionally 0 -> -1
2019-10-18 14:30:17,280 [pool-27-thread-1] INFO  impl.RaftServerImpl (RaftServerImpl.java:setRole(184)) - 9a797c4a-b775-4cca-8778-469ce6187395@group-9826AF1559E2: changes role from      null to FOLLOWER at term 0 for startAsFollower
2019-10-18 14:30:17,280 [pool-37-thread-1] INFO  server.RaftServerConfigKeys (ConfUtils.java:logGet(43)) - raft.server.snapshot.auto.trigger.enabled = true (custom)
2019-10-18 14:30:17,280 [pool-27-thread-1] INFO  impl.RoleInfo (RoleInfo.java:updateAndGet(143)) - 9a797c4a-b775-4cca-8778-469ce6187395: start FollowerState
2019-10-18 14:30:17,281 [a4757974-e77e-4a1a-a400-c32fe273093a@group-45DBFE4B8A65-LeaderElection11] INFO  impl.LeaderElection (LeaderElection.java:askForVotes(178)) - a4757974-e77e-4a1a-a400-c32fe273093a@group-45DBFE4B8A65-LeaderElection11: begin an election at term 2 for -1: [55013cf6-f41f-4339-a52c-06c119893914:192.168.164.233:44977, 46c14060-ea78-4b5a-b57c-064e4766b234:192.168.164.233:36167, a4757974-e77e-4a1a-a400-c32fe273093a:192.168.164.233:41244], old=null
2019-10-18 14:30:17,280 [pool-37-thread-1] INFO  server.RaftServerConfigKeys (ConfUtils.java:logGet(43)) - raft.server.snapshot.auto.trigger.threshold = 10000 (custom)
2019-10-18 14:30:17,281 [pool-37-thread-1] INFO  server.RaftServerConfigKeys (ConfUtils.java:logGet(43)) - raft.server.snapshot.retention.file.num = 5 (custom)
2019-10-18 14:30:17,281 [pool-27-thread-1] INFO  util.JmxRegister (JmxRegister.java:tryRegister(44)) - Successfully registered JMX Bean with object name Ratis:service=RaftServer,group=group-9826AF1559E2,id=9a797c4a-b775-4cca-8778-469ce6187395
2019-10-18 14:30:17,282 [pool-37-thread-1] INFO  server.RaftServerConfigKeys (ConfUtils.java:logGet(43)) - raft.server.retrycache.expirytime = 600000ms (custom)
2019-10-18 14:30:17,284 [pool-67-thread-1] INFO  impl.RaftServerImpl (RaftServerImpl.java:start(195)) - 04371d53-951f-40a0-9bd2-eaa7c72eca17@group-9826AF1559E2: start as a follower, conf=-1: [f9cd2519-4472-482d-8bf1-226263d0a440:192.168.164.233:35693, 04371d53-951f-40a0-9bd2-eaa7c72eca17:192.168.164.233:42616, 9a797c4a-b775-4cca-8778-469ce6187395:192.168.164.233:34691], old=null
2019-10-18 14:30:17,284 [pool-67-thread-1] INFO  impl.RaftServerImpl (RaftServerImpl.java:setRole(184)) - 04371d53-951f-40a0-9bd2-eaa7c72eca17@group-9826AF1559E2: changes role from      null to FOLLOWER at term 0 for startAsFollower
2019-10-18 14:30:17,284 [pool-67-thread-1] INFO  impl.RoleInfo (RoleInfo.java:updateAndGet(143)) - 04371d53-951f-40a0-9bd2-eaa7c72eca17: start FollowerState
2019-10-18 14:30:17,286 [pool-67-thread-1] INFO  util.JmxRegister (JmxRegister.java:tryRegister(44)) - Successfully registered JMX Bean with object name Ratis:service=RaftServer,group=group-9826AF1559E2,id=04371d53-951f-40a0-9bd2-eaa7c72eca17
2019-10-18 14:30:17,290 [pool-37-thread-1] INFO  impl.RaftServerImpl (RaftServerImpl.java:start(195)) - f9cd2519-4472-482d-8bf1-226263d0a440@group-9826AF1559E2: start as a follower, conf=-1: [f9cd2519-4472-482d-8bf1-226263d0a440:192.168.164.233:35693, 04371d53-951f-40a0-9bd2-eaa7c72eca17:192.168.164.233:42616, 9a797c4a-b775-4cca-8778-469ce6187395:192.168.164.233:34691], old=null
2019-10-18 14:30:17,290 [pool-37-thread-1] INFO  impl.RaftServerImpl (RaftServerImpl.java:setRole(184)) - f9cd2519-4472-482d-8bf1-226263d0a440@group-9826AF1559E2: changes role from      null to FOLLOWER at term 0 for startAsFollower
2019-10-18 14:30:17,291 [grpc-default-executor-0] INFO  impl.RaftServerImpl (RaftServerImpl.java:setRole(184)) - 55013cf6-f41f-4339-a52c-06c119893914@group-45DBFE4B8A65: changes role from  FOLLOWER to FOLLOWER at term 2 for recognizeCandidate:a4757974-e77e-4a1a-a400-c32fe273093a
2019-10-18 14:30:17,291 [pool-37-thread-1] INFO  impl.RoleInfo (RoleInfo.java:updateAndGet(143)) - f9cd2519-4472-482d-8bf1-226263d0a440: start FollowerState
2019-10-18 14:30:17,291 [grpc-default-executor-0] INFO  impl.RoleInfo (RoleInfo.java:shutdownFollowerState(121)) - 55013cf6-f41f-4339-a52c-06c119893914: shutdown FollowerState
2019-10-18 14:30:17,291 [46c14060-ea78-4b5a-b57c-064e4766b234@group-45DBFE4B8A65-LeaderElection13] INFO  impl.LeaderElection (LeaderElection.java:logAndReturn(56)) - 46c14060-ea78-4b5a-b57c-064e4766b234@group-45DBFE4B8A65-LeaderElection13: Election DISCOVERED_A_NEW_TERM; received 2 response(s) [46c14060-ea78-4b5a-b57c-064e4766b234<-55013cf6-f41f-4339-a52c-06c119893914#0:FAIL-t1, 46c14060-ea78-4b5a-b57c-064e4766b234<-a4757974-e77e-4a1a-a400-c32fe273093a#0:FAIL-t2] and 0 exception(s); 46c14060-ea78-4b5a-b57c-064e4766b234@group-45DBFE4B8A65:t1, leader=null, voted=46c14060-ea78-4b5a-b57c-064e4766b234, raftlog=46c14060-ea78-4b5a-b57c-064e4766b234@group-45DBFE4B8A65-SegmentedRaftLog:OPENED:c-1,f-1,i0, conf=-1: [55013cf6-f41f-4339-a52c-06c119893914:192.168.164.233:44977, 46c14060-ea78-4b5a-b57c-064e4766b234:192.168.164.233:36167, a4757974-e77e-4a1a-a400-c32fe273093a:192.168.164.233:41244], old=null
2019-10-18 14:30:17,291 [pool-37-thread-1] INFO  util.JmxRegister (JmxRegister.java:tryRegister(44)) - Successfully registered JMX Bean with object name Ratis:service=RaftServer,group=group-9826AF1559E2,id=f9cd2519-4472-482d-8bf1-226263d0a440
2019-10-18 14:30:17,297 [grpc-default-executor-0] INFO  impl.RoleInfo (RoleInfo.java:updateAndGet(143)) - 55013cf6-f41f-4339-a52c-06c119893914: start FollowerState
2019-10-18 14:30:17,297 [Thread-353] INFO  impl.FollowerState (FollowerState.java:run(117)) - 55013cf6-f41f-4339-a52c-06c119893914@group-45DBFE4B8A65-FollowerState was interrupted: java.lang.InterruptedException: sleep interrupted
2019-10-18 14:30:17,299 [46c14060-ea78-4b5a-b57c-064e4766b234@group-45DBFE4B8A65-LeaderElection13] INFO  impl.RaftServerImpl (RaftServerImpl.java:setRole(184)) - 46c14060-ea78-4b5a-b57c-064e4766b234@group-45DBFE4B8A65: changes role from CANDIDATE to FOLLOWER at term 2 for DISCOVERED_A_NEW_TERM
2019-10-18 14:30:17,301 [46c14060-ea78-4b5a-b57c-064e4766b234@group-45DBFE4B8A65-LeaderElection13] INFO  impl.RoleInfo (RoleInfo.java:shutdownLeaderElection(134)) - 46c14060-ea78-4b5a-b57c-064e4766b234: shutdown LeaderElection
2019-10-18 14:30:17,302 [46c14060-ea78-4b5a-b57c-064e4766b234@group-45DBFE4B8A65-LeaderElection13] INFO  impl.RoleInfo (RoleInfo.java:updateAndGet(143)) - 46c14060-ea78-4b5a-b57c-064e4766b234: start FollowerState
2019-10-18 14:30:17,306 [RatisPipelineUtilsThread] INFO  pipeline.PipelineStateManager (PipelineStateManager.java:addPipeline(56)) - Created pipeline Pipeline[ Id: cb1b5398-55ca-458c-9a73-9826af1559e2, Nodes: 9a797c4a-b775-4cca-8778-469ce6187395{ip: 192.168.164.233, host: pr-hdds-2327-vtdmt-1103746116, networkLocation: /default-rack, certSerialId: null}04371d53-951f-40a0-9bd2-eaa7c72eca17{ip: 192.168.164.233, host: pr-hdds-2327-vtdmt-1103746116, networkLocation: /default-rack, certSerialId: null}f9cd2519-4472-482d-8bf1-226263d0a440{ip: 192.168.164.233, host: pr-hdds-2327-vtdmt-1103746116, networkLocation: /default-rack, certSerialId: null}, Type:RATIS, Factor:THREE, State:OPEN]
2019-10-18 14:30:17,308 [grpc-default-executor-3] INFO  impl.RaftServerImpl (RaftServerImpl.java:setRole(184)) - 46c14060-ea78-4b5a-b57c-064e4766b234@group-45DBFE4B8A65: changes role from  FOLLOWER to FOLLOWER at term 2 for recognizeCandidate:a4757974-e77e-4a1a-a400-c32fe273093a
2019-10-18 14:30:17,308 [grpc-default-executor-3] INFO  impl.RoleInfo (RoleInfo.java:shutdownFollowerState(121)) - 46c14060-ea78-4b5a-b57c-064e4766b234: shutdown FollowerState
2019-10-18 14:30:17,308 [Thread-364] INFO  impl.FollowerState (FollowerState.java:run(117)) - 46c14060-ea78-4b5a-b57c-064e4766b234@group-45DBFE4B8A65-FollowerState was interrupted: java.lang.InterruptedException: sleep interrupted
2019-10-18 14:30:17,311 [grpc-default-executor-3] INFO  impl.RoleInfo (RoleInfo.java:updateAndGet(143)) - 46c14060-ea78-4b5a-b57c-064e4766b234: start FollowerState
2019-10-18 14:30:17,312 [a4757974-e77e-4a1a-a400-c32fe273093a@group-45DBFE4B8A65-LeaderElection11] INFO  impl.LeaderElection (LeaderElection.java:logAndReturn(56)) - a4757974-e77e-4a1a-a400-c32fe273093a@group-45DBFE4B8A65-LeaderElection11: Election PASSED; received 1 response(s) [a4757974-e77e-4a1a-a400-c32fe273093a<-55013cf6-f41f-4339-a52c-06c119893914#0:OK-t2] and 0 exception(s); a4757974-e77e-4a1a-a400-c32fe273093a@group-45DBFE4B8A65:t2, leader=null, voted=a4757974-e77e-4a1a-a400-c32fe273093a, raftlog=a4757974-e77e-4a1a-a400-c32fe273093a@group-45DBFE4B8A65-SegmentedRaftLog:OPENED:c-1,f-1,i0, conf=-1: [55013cf6-f41f-4339-a52c-06c119893914:192.168.164.233:44977, 46c14060-ea78-4b5a-b57c-064e4766b234:192.168.164.233:36167, a4757974-e77e-4a1a-a400-c32fe273093a:192.168.164.233:41244], old=null
2019-10-18 14:30:17,313 [a4757974-e77e-4a1a-a400-c32fe273093a@group-45DBFE4B8A65-LeaderElection11] INFO  impl.RoleInfo (RoleInfo.java:shutdownLeaderElection(134)) - a4757974-e77e-4a1a-a400-c32fe273093a: shutdown LeaderElection
2019-10-18 14:30:17,315 [a4757974-e77e-4a1a-a400-c32fe273093a@group-45DBFE4B8A65-LeaderElection11] INFO  impl.RaftServerImpl (RaftServerImpl.java:setRole(184)) - a4757974-e77e-4a1a-a400-c32fe273093a@group-45DBFE4B8A65: changes role from CANDIDATE to LEADER at term 2 for changeToLeader
2019-10-18 14:30:17,315 [a4757974-e77e-4a1a-a400-c32fe273093a@group-45DBFE4B8A65-LeaderElection11] INFO  impl.RaftServerImpl (ServerState.java:setLeader(256)) - a4757974-e77e-4a1a-a400-c32fe273093a@group-45DBFE4B8A65: change Leader from null to a4757974-e77e-4a1a-a400-c32fe273093a at term 2 for becomeLeader, leader elected after 166ms
2019-10-18 14:30:17,315 [a4757974-e77e-4a1a-a400-c32fe273093a@group-45DBFE4B8A65-LeaderElection11] INFO  server.RaftServerConfigKeys (ConfUtils.java:logGet(43)) - raft.server.staging.catchup.gap = 1000 (default)
2019-10-18 14:30:17,315 [a4757974-e77e-4a1a-a400-c32fe273093a@group-45DBFE4B8A65-LeaderElection11] INFO  server.RaftServerConfigKeys (ConfUtils.java:logGet(43)) - raft.server.rpc.sleep.time = 25ms (default)
2019-10-18 14:30:17,316 [a4757974-e77e-4a1a-a400-c32fe273093a@group-45DBFE4B8A65-LeaderElection11] INFO  server.RaftServerConfigKeys (ConfUtils.java:logGet(43)) - raft.server.write.element-limit = 4096 (default)
2019-10-18 14:30:17,317 [a4757974-e77e-4a1a-a400-c32fe273093a@group-45DBFE4B8A65-LeaderElection11] INFO  server.RaftServerConfigKeys (ConfUtils.java:logGet(43)) - raft.server.watch.timeout = 10s (default)
2019-10-18 14:30:17,317 [a4757974-e77e-4a1a-a400-c32fe273093a@group-45DBFE4B8A65-LeaderElection11] INFO  server.RaftServerConfigKeys (ConfUtils.java:logGet(43)) - raft.server.watch.timeout.denomination = 1s (default)
2019-10-18 14:30:17,317 [a4757974-e77e-4a1a-a400-c32fe273093a@group-45DBFE4B8A65-LeaderElection11] INFO  server.RaftServerConfigKeys (ConfUtils.java:logGet(43)) - raft.server.watch.element-limit = 65536 (default)
2019-10-18 14:30:17,326 [Thread-366] INFO  impl.FollowerState (FollowerState.java:run(108)) - 46c14060-ea78-4b5a-b57c-064e4766b234@group-45DBFE4B8A65-FollowerState: change to CANDIDATE, lastRpcTime:15ms, electionTimeout:13ms
2019-10-18 14:30:17,328 [Thread-366] INFO  impl.RoleInfo (RoleInfo.java:shutdownFollowerState(121)) - 46c14060-ea78-4b5a-b57c-064e4766b234: shutdown FollowerState
2019-10-18 14:30:17,328 [Thread-366] INFO  impl.RaftServerImpl (RaftServerImpl.java:setRole(184)) - 46c14060-ea78-4b5a-b57c-064e4766b234@group-45DBFE4B8A65: changes role from  FOLLOWER to CANDIDATE at term 2 for changeToCandidate
2019-10-18 14:30:17,328 [Thread-366] INFO  impl.RoleInfo (RoleInfo.java:updateAndGet(143)) - 46c14060-ea78-4b5a-b57c-064e4766b234: start LeaderElection
2019-10-18 14:30:17,337 [grpc-default-executor-4] INFO  impl.RaftServerProxy (RaftServerProxy.java:addNew(89)) - 3ee7b367-7b16-44e1-99f8-43aefeda0876: addNew group-FD33B9583E3C:[3ee7b367-7b16-44e1-99f8-43aefeda0876:192.168.164.233:46080, 681edbc6-a1fc-42a4-b5ce-4922820de60a:192.168.164.233:44267, 773cce60-eeca-4c1f-a5ec-70084be8b6b9:192.168.164.233:38729] returns group-FD33B9583E3C:java.util.concurrent.CompletableFuture@3fa5cced[Not completed]
2019-10-18 14:30:17,337 [a4757974-e77e-4a1a-a400-c32fe273093a@group-45DBFE4B8A65-LeaderElection11] INFO  server.RaftServerConfigKeys (ConfUtils.java:logGet(43)) - raft.server.log.appender.snapshot.chunk.size.max = 16MB (=16777216) (default)
2019-10-18 14:30:17,338 [grpc-default-executor-3] INFO  impl.RaftServerProxy (RaftServerProxy.java:addNew(89)) - 773cce60-eeca-4c1f-a5ec-70084be8b6b9: addNew group-FD33B9583E3C:[3ee7b367-7b16-44e1-99f8-43aefeda0876:192.168.164.233:46080, 681edbc6-a1fc-42a4-b5ce-4922820de60a:192.168.164.233:44267, 773cce60-eeca-4c1f-a5ec-70084be8b6b9:192.168.164.233:38729] returns group-FD33B9583E3C:java.util.concurrent.CompletableFuture@44ba2be0[Not completed]
2019-10-18 14:30:17,338 [grpc-default-executor-2] INFO  impl.RaftServerProxy (RaftServerProxy.java:addNew(89)) - 681edbc6-a1fc-42a4-b5ce-4922820de60a: addNew group-FD33B9583E3C:[3ee7b367-7b16-44e1-99f8-43aefeda0876:192.168.164.233:46080, 681edbc6-a1fc-42a4-b5ce-4922820de60a:192.168.164.233:44267, 773cce60-eeca-4c1f-a5ec-70084be8b6b9:192.168.164.233:38729] returns group-FD33B9583E3C:java.util.concurrent.CompletableFuture@5866979f[Not completed]
2019-10-18 14:30:17,338 [a4757974-e77e-4a1a-a400-c32fe273093a@group-45DBFE4B8A65-LeaderElection11] INFO  server.RaftServerConfigKeys (ConfUtils.java:logGet(43)) - raft.server.log.appender.buffer.byte-limit = 33554432 (custom)
2019-10-18 14:30:17,339 [a4757974-e77e-4a1a-a400-c32fe273093a@group-45DBFE4B8A65-LeaderElection11] INFO  server.RaftServerConfigKeys (ConfUtils.java:logGet(43)) - raft.server.log.appender.buffer.element-limit = 1 (custom)
2019-10-18 14:30:17,339 [pool-57-thread-1] INFO  impl.RaftServerImpl (RaftServerImpl.java:<init>(104)) - 3ee7b367-7b16-44e1-99f8-43aefeda0876: new RaftServerImpl for group-FD33B9583E3C:[3ee7b367-7b16-44e1-99f8-43aefeda0876:192.168.164.233:46080, 681edbc6-a1fc-42a4-b5ce-4922820de60a:192.168.164.233:44267, 773cce60-eeca-4c1f-a5ec-70084be8b6b9:192.168.164.233:38729] with ContainerStateMachine:uninitialized
2019-10-18 14:30:17,339 [pool-57-thread-1] INFO  server.RaftServerConfigKeys (ConfUtils.java:logGet(43)) - raft.server.rpc.timeout.min = 1s (custom)
2019-10-18 14:30:17,340 [pool-57-thread-1] INFO  server.RaftServerConfigKeys (ConfUtils.java:logGet(43)) - raft.server.rpc.timeout.max = 1200ms (custom)
2019-10-18 14:30:17,340 [pool-57-thread-1] INFO  server.RaftServerConfigKeys (ConfUtils.java:logGet(43)) - raft.server.rpcslowness.timeout = 120s (custom)
2019-10-18 14:30:17,340 [pool-87-thread-1] INFO  impl.RaftServerImpl (RaftServerImpl.java:<init>(104)) - 773cce60-eeca-4c1f-a5ec-70084be8b6b9: new RaftServerImpl for group-FD33B9583E3C:[3ee7b367-7b16-44e1-99f8-43aefeda0876:192.168.164.233:46080, 681edbc6-a1fc-42a4-b5ce-4922820de60a:192.168.164.233:44267, 773cce60-eeca-4c1f-a5ec-70084be8b6b9:192.168.164.233:38729] with ContainerStateMachine:uninitialized
2019-10-18 14:30:17,340 [pool-57-thread-1] INFO  server.RaftServerConfigKeys (ConfUtils.java:logGet(43)) - raft.server.sleep.deviation.threshold = 300 (default)
2019-10-18 14:30:17,340 [pool-87-thread-1] INFO  server.RaftServerConfigKeys (ConfUtils.java:logGet(43)) - raft.server.rpc.timeout.min = 1s (custom)
2019-10-18 14:30:17,340 [pool-57-thread-1] INFO  server.RaftServerConfigKeys (ConfUtils.java:logGet(43)) - raft.server.log.appender.install.snapshot.enabled = false (custom)
2019-10-18 14:30:17,340 [pool-87-thread-1] INFO  server.RaftServerConfigKeys (ConfUtils.java:logGet(43)) - raft.server.rpc.timeout.max = 1200ms (custom)
2019-10-18 14:30:17,340 [pool-57-thread-1] INFO  impl.RaftServerImpl (ServerState.java:<init>(103)) - 3ee7b367-7b16-44e1-99f8-43aefeda0876@group-FD33B9583E3C: ConfigurationManager, init=-1: [3ee7b367-7b16-44e1-99f8-43aefeda0876:192.168.164.233:46080, 681edbc6-a1fc-42a4-b5ce-4922820de60a:192.168.164.233:44267, 773cce60-eeca-4c1f-a5ec-70084be8b6b9:192.168.164.233:38729], old=null, confs=<EMPTY_MAP>
2019-10-18 14:30:17,340 [pool-87-thread-1] INFO  server.RaftServerConfigKeys (ConfUtils.java:logGet(43)) - raft.server.rpcslowness.timeout = 120s (custom)
2019-10-18 14:30:17,340 [pool-87-thread-1] INFO  server.RaftServerConfigKeys (ConfUtils.java:logGet(43)) - raft.server.sleep.deviation.threshold = 300 (default)
2019-10-18 14:30:17,340 [pool-57-thread-1] INFO  server.RaftServerConfigKeys (ConfUtils.java:logGet(43)) - raft.server.storage.dir = [/workdir/hadoop-ozone/integration-test/target/test-dir/MiniOzoneClusterImpl-11a902be-dfbe-4759-94b9-65959d8d71e6/datanode-3/data/ratis] (custom)
2019-10-18 14:30:17,340 [pool-87-thread-1] INFO  server.RaftServerConfigKeys (ConfUtils.java:logGet(43)) - raft.server.log.appender.install.snapshot.enabled = false (custom)
2019-10-18 14:30:17,340 [pool-117-thread-1] INFO  impl.RaftServerImpl (RaftServerImpl.java:<init>(104)) - 681edbc6-a1fc-42a4-b5ce-4922820de60a: new RaftServerImpl for group-FD33B9583E3C:[3ee7b367-7b16-44e1-99f8-43aefeda0876:192.168.164.233:46080, 681edbc6-a1fc-42a4-b5ce-4922820de60a:192.168.164.233:44267, 773cce60-eeca-4c1f-a5ec-70084be8b6b9:192.168.164.233:38729] with ContainerStateMachine:uninitialized
2019-10-18 14:30:17,341 [pool-87-thread-1] INFO  impl.RaftServerImpl (ServerState.java:<init>(103)) - 773cce60-eeca-4c1f-a5ec-70084be8b6b9@group-FD33B9583E3C: ConfigurationManager, init=-1: [3ee7b367-7b16-44e1-99f8-43aefeda0876:192.168.164.233:46080, 681edbc6-a1fc-42a4-b5ce-4922820de60a:192.168.164.233:44267, 773cce60-eeca-4c1f-a5ec-70084be8b6b9:192.168.164.233:38729], old=null, confs=<EMPTY_MAP>
2019-10-18 14:30:17,341 [pool-117-thread-1] INFO  server.RaftServerConfigKeys (ConfUtils.java:logGet(43)) - raft.server.rpc.timeout.min = 1s (custom)
2019-10-18 14:30:17,341 [pool-57-thread-1] INFO  server.RaftServerConfigKeys (ConfUtils.java:logGet(43)) - raft.server.log.corruption.policy = EXCEPTION (default)
2019-10-18 14:30:17,341 [pool-117-thread-1] INFO  server.RaftServerConfigKeys (ConfUtils.java:logGet(43)) - raft.server.rpc.timeout.max = 1200ms (custom)
2019-10-18 14:30:17,341 [pool-87-thread-1] INFO  server.RaftServerConfigKeys (ConfUtils.java:logGet(43)) - raft.server.storage.dir = [/workdir/hadoop-ozone/integration-test/target/test-dir/MiniOzoneClusterImpl-11a902be-dfbe-4759-94b9-65959d8d71e6/datanode-6/data/ratis] (custom)
2019-10-18 14:30:17,341 [pool-57-thread-1] INFO  storage.RaftStorageDirectory (RaftStorageDirectory.java:analyzeStorage(246)) - The storage directory /workdir/hadoop-ozone/integration-test/target/test-dir/MiniOzoneClusterImpl-11a902be-dfbe-4759-94b9-65959d8d71e6/datanode-3/data/ratis/57155ffd-c627-443c-9716-fd33b9583e3c does not exist. Creating ...
2019-10-18 14:30:17,341 [pool-117-thread-1] INFO  server.RaftServerConfigKeys (ConfUtils.java:logGet(43)) - raft.server.rpcslowness.timeout = 120s (custom)
2019-10-18 14:30:17,341 [pool-87-thread-1] INFO  server.RaftServerConfigKeys (ConfUtils.java:logGet(43)) - raft.server.log.corruption.policy = EXCEPTION (default)
2019-10-18 14:30:17,341 [pool-117-thread-1] INFO  server.RaftServerConfigKeys (ConfUtils.java:logGet(43)) - raft.server.sleep.deviation.threshold = 300 (default)
2019-10-18 14:30:17,341 [pool-87-thread-1] INFO  storage.RaftStorageDirectory (RaftStorageDirectory.java:analyzeStorage(246)) - The storage directory /workdir/hadoop-ozone/integration-test/target/test-dir/MiniOzoneClusterImpl-11a902be-dfbe-4759-94b9-65959d8d71e6/datanode-6/data/ratis/57155ffd-c627-443c-9716-fd33b9583e3c does not exist. Creating ...
2019-10-18 14:30:17,342 [pool-117-thread-1] INFO  server.RaftServerConfigKeys (ConfUtils.java:logGet(43)) - raft.server.log.appender.install.snapshot.enabled = false (custom)
2019-10-18 14:30:17,342 [pool-117-thread-1] INFO  impl.RaftServerImpl (ServerState.java:<init>(103)) - 681edbc6-a1fc-42a4-b5ce-4922820de60a@group-FD33B9583E3C: ConfigurationManager, init=-1: [3ee7b367-7b16-44e1-99f8-43aefeda0876:192.168.164.233:46080, 681edbc6-a1fc-42a4-b5ce-4922820de60a:192.168.164.233:44267, 773cce60-eeca-4c1f-a5ec-70084be8b6b9:192.168.164.233:38729], old=null, confs=<EMPTY_MAP>
2019-10-18 14:30:17,342 [pool-117-thread-1] INFO  server.RaftServerConfigKeys (ConfUtils.java:logGet(43)) - raft.server.storage.dir = [/workdir/hadoop-ozone/integration-test/target/test-dir/MiniOzoneClusterImpl-11a902be-dfbe-4759-94b9-65959d8d71e6/datanode-9/data/ratis] (custom)
2019-10-18 14:30:17,342 [pool-117-thread-1] INFO  server.RaftServerConfigKeys (ConfUtils.java:logGet(43)) - raft.server.log.corruption.policy = EXCEPTION (default)
2019-10-18 14:30:17,342 [pool-117-thread-1] INFO  storage.RaftStorageDirectory (RaftStorageDirectory.java:analyzeStorage(246)) - The storage directory /workdir/hadoop-ozone/integration-test/target/test-dir/MiniOzoneClusterImpl-11a902be-dfbe-4759-94b9-65959d8d71e6/datanode-9/data/ratis/57155ffd-c627-443c-9716-fd33b9583e3c does not exist. Creating ...
2019-10-18 14:30:17,342 [a4757974-e77e-4a1a-a400-c32fe273093a@group-45DBFE4B8A65-LeaderElection11] INFO  grpc.GrpcConfigKeys$Server (ConfUtils.java:logGet(43)) - raft.grpc.server.leader.outstanding.appends.max = 128 (default)
2019-10-18 14:30:17,343 [a4757974-e77e-4a1a-a400-c32fe273093a@group-45DBFE4B8A65-LeaderElection11] INFO  server.RaftServerConfigKeys (ConfUtils.java:logGet(43)) - raft.server.rpc.request.timeout = 3000ms (default)
2019-10-18 14:30:17,343 [46c14060-ea78-4b5a-b57c-064e4766b234@group-45DBFE4B8A65-LeaderElection14] INFO  impl.LeaderElection (LeaderElection.java:askForVotes(178)) - 46c14060-ea78-4b5a-b57c-064e4766b234@group-45DBFE4B8A65-LeaderElection14: begin an election at term 3 for -1: [55013cf6-f41f-4339-a52c-06c119893914:192.168.164.233:44977, 46c14060-ea78-4b5a-b57c-064e4766b234:192.168.164.233:36167, a4757974-e77e-4a1a-a400-c32fe273093a:192.168.164.233:41244], old=null
2019-10-18 14:30:17,343 [a4757974-e77e-4a1a-a400-c32fe273093a@group-45DBFE4B8A65-LeaderElection11] INFO  server.RaftServerConfigKeys (ConfUtils.java:logGet(43)) - raft.server.log.appender.install.snapshot.enabled = false (custom)
2019-10-18 14:30:17,347 [pool-57-thread-1] INFO  storage.RaftStorageDirectory (RaftStorageDirectory.java:tryLock(328)) - Lock on /workdir/hadoop-ozone/integration-test/target/test-dir/MiniOzoneClusterImpl-11a902be-dfbe-4759-94b9-65959d8d71e6/datanode-3/data/ratis/57155ffd-c627-443c-9716-fd33b9583e3c/in_use.lock acquired by nodename 1372@pr-hdds-2327-vtdmt-1103746116
2019-10-18 14:30:17,347 [pool-87-thread-1] INFO  storage.RaftStorageDirectory (RaftStorageDirectory.java:tryLock(328)) - Lock on /workdir/hadoop-ozone/integration-test/target/test-dir/MiniOzoneClusterImpl-11a902be-dfbe-4759-94b9-65959d8d71e6/datanode-6/data/ratis/57155ffd-c627-443c-9716-fd33b9583e3c/in_use.lock acquired by nodename 1372@pr-hdds-2327-vtdmt-1103746116
2019-10-18 14:30:17,347 [pool-117-thread-1] INFO  storage.RaftStorageDirectory (RaftStorageDirectory.java:tryLock(328)) - Lock on /workdir/hadoop-ozone/integration-test/target/test-dir/MiniOzoneClusterImpl-11a902be-dfbe-4759-94b9-65959d8d71e6/datanode-9/data/ratis/57155ffd-c627-443c-9716-fd33b9583e3c/in_use.lock acquired by nodename 1372@pr-hdds-2327-vtdmt-1103746116
2019-10-18 14:30:17,347 [grpc-default-executor-3] INFO  impl.RaftServerImpl (RaftServerImpl.java:setRole(184)) - 55013cf6-f41f-4339-a52c-06c119893914@group-45DBFE4B8A65: changes role from  FOLLOWER to FOLLOWER at term 3 for recognizeCandidate:46c14060-ea78-4b5a-b57c-064e4766b234
2019-10-18 14:30:17,348 [grpc-default-executor-3] INFO  impl.RoleInfo (RoleInfo.java:shutdownFollowerState(121)) - 55013cf6-f41f-4339-a52c-06c119893914: shutdown FollowerState
2019-10-18 14:30:17,348 [Thread-362] INFO  impl.FollowerState (FollowerState.java:run(117)) - 55013cf6-f41f-4339-a52c-06c119893914@group-45DBFE4B8A65-FollowerState was interrupted: java.lang.InterruptedException: sleep interrupted
2019-10-18 14:30:17,348 [grpc-default-executor-3] INFO  impl.RoleInfo (RoleInfo.java:updateAndGet(143)) - 55013cf6-f41f-4339-a52c-06c119893914: start FollowerState
2019-10-18 14:30:17,350 [a4757974-e77e-4a1a-a400-c32fe273093a@group-45DBFE4B8A65-LeaderElection11] INFO  server.RaftServerConfigKeys (ConfUtils.java:logGet(43)) - raft.server.log.appender.snapshot.chunk.size.max = 16MB (=16777216) (default)
2019-10-18 14:30:17,351 [a4757974-e77e-4a1a-a400-c32fe273093a@group-45DBFE4B8A65-LeaderElection11] INFO  server.RaftServerConfigKeys (ConfUtils.java:logGet(43)) - raft.server.log.appender.buffer.byte-limit = 33554432 (custom)
2019-10-18 14:30:17,351 [a4757974-e77e-4a1a-a400-c32fe273093a@group-45DBFE4B8A65-LeaderElection11] INFO  server.RaftServerConfigKeys (ConfUtils.java:logGet(43)) - raft.server.log.appender.buffer.element-limit = 1 (custom)
2019-10-18 14:30:17,351 [a4757974-e77e-4a1a-a400-c32fe273093a@group-45DBFE4B8A65-LeaderElection11] INFO  grpc.GrpcConfigKeys$Server (ConfUtils.java:logGet(43)) - raft.grpc.server.leader.outstanding.appends.max = 128 (default)
2019-10-18 14:30:17,351 [a4757974-e77e-4a1a-a400-c32fe273093a@group-45DBFE4B8A65-LeaderElection11] INFO  server.RaftServerConfigKeys (ConfUtils.java:logGet(43)) - raft.server.rpc.request.timeout = 3000ms (default)
2019-10-18 14:30:17,351 [a4757974-e77e-4a1a-a400-c32fe273093a@group-45DBFE4B8A65-LeaderElection11] INFO  server.RaftServerConfigKeys (ConfUtils.java:logGet(43)) - raft.server.log.appender.install.snapshot.enabled = false (custom)
2019-10-18 14:30:17,356 [a4757974-e77e-4a1a-a400-c32fe273093a@group-45DBFE4B8A65-LeaderElection11] INFO  impl.RoleInfo (RoleInfo.java:updateAndGet(143)) - a4757974-e77e-4a1a-a400-c32fe273093a: start LeaderState
2019-10-18 14:30:17,357 [a4757974-e77e-4a1a-a400-c32fe273093a@group-45DBFE4B8A65-LeaderElection11] INFO  segmented.SegmentedRaftLogWorker (SegmentedRaftLogWorker.java:startLogSegment(385)) - a4757974-e77e-4a1a-a400-c32fe273093a@group-45DBFE4B8A65-SegmentedRaftLogWorker: Starting segment from index:0
2019-10-18 14:30:17,358 [a4757974-e77e-4a1a-a400-c32fe273093a@group-45DBFE4B8A65-LeaderElection11] INFO  impl.RaftServerImpl (ServerState.java:setRaftConf(357)) - a4757974-e77e-4a1a-a400-c32fe273093a@group-45DBFE4B8A65: set configuration 0: [55013cf6-f41f-4339-a52c-06c119893914:192.168.164.233:44977, 46c14060-ea78-4b5a-b57c-064e4766b234:192.168.164.233:36167, a4757974-e77e-4a1a-a400-c32fe273093a:192.168.164.233:41244], old=null at 0
2019-10-18 14:30:17,358 [grpc-default-executor-2] INFO  impl.RaftServerImpl (ServerState.java:setLeader(256)) - a4757974-e77e-4a1a-a400-c32fe273093a@group-45DBFE4B8A65: change Leader from a4757974-e77e-4a1a-a400-c32fe273093a to null at term 3 for updateCurrentTerm
2019-10-18 14:30:17,358 [grpc-default-executor-2] INFO  impl.RaftServerImpl (RaftServerImpl.java:setRole(184)) - a4757974-e77e-4a1a-a400-c32fe273093a@group-45DBFE4B8A65: changes role from    LEADER to FOLLOWER at term 3 for recognizeCandidate:46c14060-ea78-4b5a-b57c-064e4766b234
2019-10-18 14:30:17,358 [grpc-default-executor-2] INFO  impl.RoleInfo (RoleInfo.java:shutdownLeaderState(104)) - a4757974-e77e-4a1a-a400-c32fe273093a: shutdown LeaderState
2019-10-18 14:30:17,382 [Thread-359] INFO  impl.FollowerState (FollowerState.java:run(108)) - 04371d53-951f-40a0-9bd2-eaa7c72eca17@group-9826AF1559E2-FollowerState: change to CANDIDATE, lastRpcTime:97ms, electionTimeout:82ms
2019-10-18 14:30:17,382 [pool-117-thread-1] INFO  storage.RaftStorage (RaftStorage.java:format(84)) - Storage directory /workdir/hadoop-ozone/integration-test/target/test-dir/MiniOzoneClusterImpl-11a902be-dfbe-4759-94b9-65959d8d71e6/datanode-9/data/ratis/57155ffd-c627-443c-9716-fd33b9583e3c has been successfully formatted.
2019-10-18 14:30:17,382 [pool-57-thread-1] INFO  storage.RaftStorage (RaftStorage.java:format(84)) - Storage directory /workdir/hadoop-ozone/integration-test/target/test-dir/MiniOzoneClusterImpl-11a902be-dfbe-4759-94b9-65959d8d71e6/datanode-3/data/ratis/57155ffd-c627-443c-9716-fd33b9583e3c has been successfully formatted.
2019-10-18 14:30:17,382 [Thread-359] INFO  impl.RoleInfo (RoleInfo.java:shutdownFollowerState(121)) - 04371d53-951f-40a0-9bd2-eaa7c72eca17: shutdown FollowerState
2019-10-18 14:30:17,382 [grpc-default-executor-2] INFO  impl.PendingRequests (PendingRequests.java:sendNotLeaderResponses(202)) - a4757974-e77e-4a1a-a400-c32fe273093a@group-45DBFE4B8A65-PendingRequests: sendNotLeaderResponses
2019-10-18 14:30:17,382 [pool-87-thread-1] INFO  storage.RaftStorage (RaftStorage.java:format(84)) - Storage directory /workdir/hadoop-ozone/integration-test/target/test-dir/MiniOzoneClusterImpl-11a902be-dfbe-4759-94b9-65959d8d71e6/datanode-6/data/ratis/57155ffd-c627-443c-9716-fd33b9583e3c has been successfully formatted.
2019-10-18 14:30:17,382 [pool-57-thread-1] INFO  ratis.ContainerStateMachine (ContainerStateMachine.java:loadSnapshot(231)) - group-FD33B9583E3C: The snapshot info is null. Setting the last applied indexto:(t:0, i:~)
2019-10-18 14:30:17,382 [Thread-359] INFO  impl.RaftServerImpl (RaftServerImpl.java:setRole(184)) - 04371d53-951f-40a0-9bd2-eaa7c72eca17@group-9826AF1559E2: changes role from  FOLLOWER to CANDIDATE at term 0 for changeToCandidate
2019-10-18 14:30:17,382 [pool-117-thread-1] INFO  ratis.ContainerStateMachine (ContainerStateMachine.java:loadSnapshot(231)) - group-FD33B9583E3C: The snapshot info is null. Setting the last applied indexto:(t:0, i:~)
2019-10-18 14:30:17,383 [Thread-359] INFO  impl.RoleInfo (RoleInfo.java:updateAndGet(143)) - 04371d53-951f-40a0-9bd2-eaa7c72eca17: start LeaderElection
2019-10-18 14:30:17,383 [pool-57-thread-1] INFO  server.RaftServerConfigKeys (ConfUtils.java:logGet(43)) - raft.server.notification.no-leader.timeout = 120s (custom)
2019-10-18 14:30:17,383 [pool-87-thread-1] INFO  ratis.ContainerStateMachine (ContainerStateMachine.java:loadSnapshot(231)) - group-FD33B9583E3C: The snapshot info is null. Setting the last applied indexto:(t:0, i:~)
2019-10-18 14:30:17,383 [pool-57-thread-1] INFO  server.RaftServerConfigKeys (ConfUtils.java:logGet(43)) - raft.server.log.use.memory = false (default)
2019-10-18 14:30:17,383 [pool-117-thread-1] INFO  server.RaftServerConfigKeys (ConfUtils.java:logGet(43)) - raft.server.notification.no-leader.timeout = 120s (custom)
2019-10-18 14:30:17,388 [pool-57-thread-1] INFO  server.RaftServerConfigKeys (ConfUtils.java:logGet(43)) - raft.server.log.purge.gap = 1000000 (custom)
2019-10-18 14:30:17,384 [pool-87-thread-1] INFO  server.RaftServerConfigKeys (ConfUtils.java:logGet(43)) - raft.server.notification.no-leader.timeout = 120s (custom)
2019-10-18 14:30:17,389 [grpc-default-executor-2] INFO  impl.RoleInfo (RoleInfo.java:updateAndGet(143)) - a4757974-e77e-4a1a-a400-c32fe273093a: start FollowerState
2019-10-18 14:30:17,388 [pool-57-thread-1] INFO  server.RaftServerConfigKeys (ConfUtils.java:logGet(43)) - raft.server.log.appender.buffer.byte-limit = 33554432 (custom)
2019-10-18 14:30:17,388 [46c14060-ea78-4b5a-b57c-064e4766b234@group-45DBFE4B8A65-LeaderElection14] INFO  impl.LeaderElection (LeaderElection.java:logAndReturn(56)) - 46c14060-ea78-4b5a-b57c-064e4766b234@group-45DBFE4B8A65-LeaderElection14: Election PASSED; received 1 response(s) [46c14060-ea78-4b5a-b57c-064e4766b234<-55013cf6-f41f-4339-a52c-06c119893914#0:OK-t3] and 0 exception(s); 46c14060-ea78-4b5a-b57c-064e4766b234@group-45DBFE4B8A65:t3, leader=null, voted=46c14060-ea78-4b5a-b57c-064e4766b234, raftlog=46c14060-ea78-4b5a-b57c-064e4766b234@group-45DBFE4B8A65-SegmentedRaftLog:OPENED:c-1,f-1,i0, conf=-1: [55013cf6-f41f-4339-a52c-06c119893914:192.168.164.233:44977, 46c14060-ea78-4b5a-b57c-064e4766b234:192.168.164.233:36167, a4757974-e77e-4a1a-a400-c32fe273093a:192.168.164.233:41244], old=null
2019-10-18 14:30:17,388 [pool-117-thread-1] INFO  server.RaftServerConfigKeys (ConfUtils.java:logGet(43)) - raft.server.log.use.memory = false (default)
2019-10-18 14:30:17,389 [46c14060-ea78-4b5a-b57c-064e4766b234@group-45DBFE4B8A65-LeaderElection14] INFO  impl.RoleInfo (RoleInfo.java:shutdownLeaderElection(134)) - 46c14060-ea78-4b5a-b57c-064e4766b234: shutdown LeaderElection
2019-10-18 14:30:17,391 [46c14060-ea78-4b5a-b57c-064e4766b234@group-45DBFE4B8A65-LeaderElection14] INFO  impl.RaftServerImpl (RaftServerImpl.java:setRole(184)) - 46c14060-ea78-4b5a-b57c-064e4766b234@group-45DBFE4B8A65: changes role from CANDIDATE to LEADER at term 3 for changeToLeader
2019-10-18 14:30:17,389 [pool-57-thread-1] INFO  server.RaftServerConfigKeys (ConfUtils.java:logGet(43)) - raft.server.log.segment.size.max = 1048576 (custom)
2019-10-18 14:30:17,389 [pool-87-thread-1] INFO  server.RaftServerConfigKeys (ConfUtils.java:logGet(43)) - raft.server.log.use.memory = false (default)
2019-10-18 14:30:17,392 [pool-57-thread-1] INFO  server.RaftServerConfigKeys (ConfUtils.java:logGet(43)) - raft.server.log.segment.cache.num.max = 2 (custom)
2019-10-18 14:30:17,392 [46c14060-ea78-4b5a-b57c-064e4766b234@group-45DBFE4B8A65-LeaderElection14] INFO  impl.RaftServerImpl (ServerState.java:setLeader(256)) - 46c14060-ea78-4b5a-b57c-064e4766b234@group-45DBFE4B8A65: change Leader from null to 46c14060-ea78-4b5a-b57c-064e4766b234 at term 3 for becomeLeader, leader elected after 242ms
2019-10-18 14:30:17,390 [pool-117-thread-1] INFO  server.RaftServerConfigKeys (ConfUtils.java:logGet(43)) - raft.server.log.purge.gap = 1000000 (custom)
2019-10-18 14:30:17,392 [46c14060-ea78-4b5a-b57c-064e4766b234@group-45DBFE4B8A65-LeaderElection14] INFO  server.RaftServerConfigKeys (ConfUtils.java:logGet(43)) - raft.server.staging.catchup.gap = 1000 (default)
2019-10-18 14:30:17,392 [pool-57-thread-1] INFO  segmented.SegmentedRaftLogWorker (SegmentedRaftLogWorker.java:<init>(173)) - new 3ee7b367-7b16-44e1-99f8-43aefeda0876@group-FD33B9583E3C-SegmentedRaftLogWorker for RaftStorage:Storage Directory /workdir/hadoop-ozone/integration-test/target/test-dir/MiniOzoneClusterImpl-11a902be-dfbe-4759-94b9-65959d8d71e6/datanode-3/data/ratis/57155ffd-c627-443c-9716-fd33b9583e3c
2019-10-18 14:30:17,392 [pool-87-thread-1] INFO  server.RaftServerConfigKeys (ConfUtils.java:logGet(43)) - raft.server.log.purge.gap = 1000000 (custom)
2019-10-18 14:30:17,392 [pool-57-thread-1] INFO  server.RaftServerConfigKeys (ConfUtils.java:logGet(43)) - raft.server.log.queue.byte-limit = 2147483647 (custom)
2019-10-18 14:30:17,392 [46c14060-ea78-4b5a-b57c-064e4766b234@group-45DBFE4B8A65-LeaderElection14] INFO  server.RaftServerConfigKeys (ConfUtils.java:logGet(43)) - raft.server.rpc.sleep.time = 25ms (default)
2019-10-18 14:30:17,392 [pool-117-thread-1] INFO  server.RaftServerConfigKeys (ConfUtils.java:logGet(43)) - raft.server.log.appender.buffer.byte-limit = 33554432 (custom)
2019-10-18 14:30:17,393 [pool-57-thread-1] INFO  server.RaftServerConfigKeys (ConfUtils.java:logGet(43)) - raft.server.log.queue.element-limit = 1024 (custom)
2019-10-18 14:30:17,393 [pool-87-thread-1] INFO  server.RaftServerConfigKeys (ConfUtils.java:logGet(43)) - raft.server.log.appender.buffer.byte-limit = 33554432 (custom)
2019-10-18 14:30:17,393 [pool-57-thread-1] INFO  server.RaftServerConfigKeys (ConfUtils.java:logGet(43)) - raft.server.log.segment.size.max = 1048576 (custom)
2019-10-18 14:30:17,393 [46c14060-ea78-4b5a-b57c-064e4766b234@group-45DBFE4B8A65-LeaderElection14] INFO  server.RaftServerConfigKeys (ConfUtils.java:logGet(43)) - raft.server.write.element-limit = 4096 (default)
2019-10-18 14:30:17,393 [pool-117-thread-1] INFO  server.RaftServerConfigKeys (ConfUtils.java:logGet(43)) - raft.server.log.segment.size.max = 1048576 (custom)
2019-10-18 14:30:17,393 [46c14060-ea78-4b5a-b57c-064e4766b234@group-45DBFE4B8A65-LeaderElection14] INFO  server.RaftServerConfigKeys (ConfUtils.java:logGet(43)) - raft.server.watch.timeout = 10s (default)
2019-10-18 14:30:17,393 [pool-57-thread-1] INFO  server.RaftServerConfigKeys (ConfUtils.java:logGet(43)) - raft.server.log.preallocated.size = 16384 (custom)
2019-10-18 14:30:17,394 [pool-57-thread-1] INFO  server.RaftServerConfigKeys (ConfUtils.java:logGet(43)) - raft.server.log.write.buffer.size = 33554432 (custom)
2019-10-18 14:30:17,393 [pool-87-thread-1] INFO  server.RaftServerConfigKeys (ConfUtils.java:logGet(43)) - raft.server.log.segment.size.max = 1048576 (custom)
2019-10-18 14:30:17,394 [pool-57-thread-1] INFO  server.RaftServerConfigKeys (ConfUtils.java:logGet(43)) - raft.server.log.force.sync.num = 128 (default)
2019-10-18 14:30:17,394 [46c14060-ea78-4b5a-b57c-064e4766b234@group-45DBFE4B8A65-LeaderElection14] INFO  server.RaftServerConfigKeys (ConfUtils.java:logGet(43)) - raft.server.watch.timeout.denomination = 1s (default)
2019-10-18 14:30:17,393 [pool-117-thread-1] INFO  server.RaftServerConfigKeys (ConfUtils.java:logGet(43)) - raft.server.log.segment.cache.num.max = 2 (custom)
2019-10-18 14:30:17,394 [org.apache.ratis.server.impl.LogAppender$AppenderDaemon$$Lambda$438/1278926347@31c3097f] WARN  server.GrpcLogAppender (GrpcLogAppender.java:mayWait(149)) - a4757974-e77e-4a1a-a400-c32fe273093a@group-45DBFE4B8A65->55013cf6-f41f-4339-a52c-06c119893914-GrpcLogAppender: Wait interrupted by java.lang.InterruptedException
2019-10-18 14:30:17,394 [46c14060-ea78-4b5a-b57c-064e4766b234@group-45DBFE4B8A65-LeaderElection14] INFO  server.RaftServerConfigKeys (ConfUtils.java:logGet(43)) - raft.server.watch.element-limit = 65536 (default)
2019-10-18 14:30:17,394 [pool-57-thread-1] INFO  server.RaftServerConfigKeys (ConfUtils.java:logGet(43)) - raft.server.log.statemachine.data.sync = true (default)
2019-10-18 14:30:17,394 [pool-87-thread-1] INFO  server.RaftServerConfigKeys (ConfUtils.java:logGet(43)) - raft.server.log.segment.cache.num.max = 2 (custom)
2019-10-18 14:30:17,397 [pool-57-thread-1] INFO  server.RaftServerConfigKeys (ConfUtils.java:logGet(43)) - raft.server.log.statemachine.data.sync.timeout = 10s (default)
2019-10-18 14:30:17,395 [04371d53-951f-40a0-9bd2-eaa7c72eca17@group-9826AF1559E2-LeaderElection15] INFO  impl.LeaderElection (LeaderElection.java:askForVotes(178)) - 04371d53-951f-40a0-9bd2-eaa7c72eca17@group-9826AF1559E2-LeaderElection15: begin an election at term 1 for -1: [f9cd2519-4472-482d-8bf1-226263d0a440:192.168.164.233:35693, 04371d53-951f-40a0-9bd2-eaa7c72eca17:192.168.164.233:42616, 9a797c4a-b775-4cca-8778-469ce6187395:192.168.164.233:34691], old=null
2019-10-18 14:30:17,394 [pool-117-thread-1] INFO  segmented.SegmentedRaftLogWorker (SegmentedRaftLogWorker.java:<init>(173)) - new 681edbc6-a1fc-42a4-b5ce-4922820de60a@group-FD33B9583E3C-SegmentedRaftLogWorker for RaftStorage:Storage Directory /workdir/hadoop-ozone/integration-test/target/test-dir/MiniOzoneClusterImpl-11a902be-dfbe-4759-94b9-65959d8d71e6/datanode-9/data/ratis/57155ffd-c627-443c-9716-fd33b9583e3c
2019-10-18 14:30:17,397 [pool-117-thread-1] INFO  server.RaftServerConfigKeys (ConfUtils.java:logGet(43)) - raft.server.log.queue.byte-limit = 2147483647 (custom)
2019-10-18 14:30:17,395 [a4757974-e77e-4a1a-a400-c32fe273093a@group-45DBFE4B8A65-SegmentedRaftLogWorker] INFO  segmented.SegmentedRaftLogWorker (SegmentedRaftLogWorker.java:execute(576)) - a4757974-e77e-4a1a-a400-c32fe273093a@group-45DBFE4B8A65-SegmentedRaftLogWorker: created new log segment /workdir/hadoop-ozone/integration-test/target/test-dir/MiniOzoneClusterImpl-11a902be-dfbe-4759-94b9-65959d8d71e6/datanode-5/data/ratis/d4e1982b-9b6d-4ec0-8b58-45dbfe4b8a65/current/log_inprogress_0
2019-10-18 14:30:17,394 [org.apache.ratis.server.impl.LogAppender$AppenderDaemon$$Lambda$438/1278926347@14da0a36] WARN  server.GrpcLogAppender (GrpcLogAppender.java:mayWait(149)) - a4757974-e77e-4a1a-a400-c32fe273093a@group-45DBFE4B8A65->46c14060-ea78-4b5a-b57c-064e4766b234-GrpcLogAppender: Wait interrupted by java.lang.InterruptedException
2019-10-18 14:30:17,398 [pool-117-thread-1] INFO  server.RaftServerConfigKeys (ConfUtils.java:logGet(43)) - raft.server.log.queue.element-limit = 1024 (custom)
2019-10-18 14:30:17,397 [pool-57-thread-1] INFO  server.RaftServerConfigKeys (ConfUtils.java:logGet(43)) - raft.server.log.statemachine.data.sync.timeout.retry = -1 (default)
2019-10-18 14:30:17,397 [pool-87-thread-1] INFO  segmented.SegmentedRaftLogWorker (SegmentedRaftLogWorker.java:<init>(173)) - new 773cce60-eeca-4c1f-a5ec-70084be8b6b9@group-FD33B9583E3C-SegmentedRaftLogWorker for RaftStorage:Storage Directory /workdir/hadoop-ozone/integration-test/target/test-dir/MiniOzoneClusterImpl-11a902be-dfbe-4759-94b9-65959d8d71e6/datanode-6/data/ratis/57155ffd-c627-443c-9716-fd33b9583e3c
2019-10-18 14:30:17,399 [pool-57-thread-1] INFO  server.RaftServerConfigKeys (ConfUtils.java:logGet(43)) - raft.server.log.statemachine.data.caching.enabled = true (custom)
2019-10-18 14:30:17,398 [pool-117-thread-1] INFO  server.RaftServerConfigKeys (ConfUtils.java:logGet(43)) - raft.server.log.segment.size.max = 1048576 (custom)
2019-10-18 14:30:17,399 [pool-87-thread-1] INFO  server.RaftServerConfigKeys (ConfUtils.java:logGet(43)) - raft.server.log.queue.byte-limit = 2147483647 (custom)
2019-10-18 14:30:17,400 [pool-117-thread-1] INFO  server.RaftServerConfigKeys (ConfUtils.java:logGet(43)) - raft.server.log.preallocated.size = 16384 (custom)
2019-10-18 14:30:17,401 [pool-57-thread-1] INFO  segmented.SegmentedRaftLogWorker (SegmentedRaftLogWorker.java:lambda$new$0(128)) - 3ee7b367-7b16-44e1-99f8-43aefeda0876@group-FD33B9583E3C-SegmentedRaftLogWorker: flushIndex: setUnconditionally 0 -> -1
2019-10-18 14:30:17,401 [pool-87-thread-1] INFO  server.RaftServerConfigKeys (ConfUtils.java:logGet(43)) - raft.server.log.queue.element-limit = 1024 (custom)
2019-10-18 14:30:17,401 [pool-117-thread-1] INFO  server.RaftServerConfigKeys (ConfUtils.java:logGet(43)) - raft.server.log.write.buffer.size = 33554432 (custom)
2019-10-18 14:30:17,404 [pool-57-thread-1] INFO  server.RaftServerConfigKeys (ConfUtils.java:logGet(43)) - raft.server.snapshot.auto.trigger.enabled = true (custom)
2019-10-18 14:30:17,402 [pool-87-thread-1] INFO  server.RaftServerConfigKeys (ConfUtils.java:logGet(43)) - raft.server.log.segment.size.max = 1048576 (custom)
2019-10-18 14:30:17,404 [pool-57-thread-1] INFO  server.RaftServerConfigKeys (ConfUtils.java:logGet(43)) - raft.server.snapshot.auto.trigger.threshold = 10000 (custom)
2019-10-18 14:30:17,404 [46c14060-ea78-4b5a-b57c-064e4766b234@group-45DBFE4B8A65-LeaderElection14] INFO  server.RaftServerConfigKeys (ConfUtils.java:logGet(43)) - raft.server.log.appender.snapshot.chunk.size.max = 16MB (=16777216) (default)
2019-10-18 14:30:17,404 [pool-117-thread-1] INFO  server.RaftServerConfigKeys (ConfUtils.java:logGet(43)) - raft.server.log.force.sync.num = 128 (default)
2019-10-18 14:30:17,404 [46c14060-ea78-4b5a-b57c-064e4766b234@group-45DBFE4B8A65-LeaderElection14] INFO  server.RaftServerConfigKeys (ConfUtils.java:logGet(43)) - raft.server.log.appender.buffer.byte-limit = 33554432 (custom)
2019-10-18 14:30:17,404 [pool-57-thread-1] INFO  server.RaftServerConfigKeys (ConfUtils.java:logGet(43)) - raft.server.snapshot.retention.file.num = 5 (custom)
2019-10-18 14:30:17,404 [pool-87-thread-1] INFO  server.RaftServerConfigKeys (ConfUtils.java:logGet(43)) - raft.server.log.preallocated.size = 16384 (custom)
2019-10-18 14:30:17,405 [pool-57-thread-1] INFO  server.RaftServerConfigKeys (ConfUtils.java:logGet(43)) - raft.server.retrycache.expirytime = 600000ms (custom)
2019-10-18 14:30:17,405 [46c14060-ea78-4b5a-b57c-064e4766b234@group-45DBFE4B8A65-LeaderElection14] INFO  server.RaftServerConfigKeys (ConfUtils.java:logGet(43)) - raft.server.log.appender.buffer.element-limit = 1 (custom)
2019-10-18 14:30:17,404 [pool-117-thread-1] INFO  server.RaftServerConfigKeys (ConfUtils.java:logGet(43)) - raft.server.log.statemachine.data.sync = true (default)
2019-10-18 14:30:17,405 [pool-87-thread-1] INFO  server.RaftServerConfigKeys (ConfUtils.java:logGet(43)) - raft.server.log.write.buffer.size = 33554432 (custom)
2019-10-18 14:30:17,406 [pool-117-thread-1] INFO  server.RaftServerConfigKeys (ConfUtils.java:logGet(43)) - raft.server.log.statemachine.data.sync.timeout = 10s (default)
2019-10-18 14:30:17,405 [46c14060-ea78-4b5a-b57c-064e4766b234@group-45DBFE4B8A65-LeaderElection14] INFO  grpc.GrpcConfigKeys$Server (ConfUtils.java:logGet(43)) - raft.grpc.server.leader.outstanding.appends.max = 128 (default)
2019-10-18 14:30:17,407 [pool-117-thread-1] INFO  server.RaftServerConfigKeys (ConfUtils.java:logGet(43)) - raft.server.log.statemachine.data.sync.timeout.retry = -1 (default)
2019-10-18 14:30:17,407 [pool-87-thread-1] INFO  server.RaftServerConfigKeys (ConfUtils.java:logGet(43)) - raft.server.log.force.sync.num = 128 (default)
2019-10-18 14:30:17,407 [46c14060-ea78-4b5a-b57c-064e4766b234@group-45DBFE4B8A65-LeaderElection14] INFO  server.RaftServerConfigKeys (ConfUtils.java:logGet(43)) - raft.server.rpc.request.timeout = 3000ms (default)
2019-10-18 14:30:17,407 [pool-117-thread-1] INFO  server.RaftServerConfigKeys (ConfUtils.java:logGet(43)) - raft.server.log.statemachine.data.caching.enabled = true (custom)
2019-10-18 14:30:17,407 [pool-87-thread-1] INFO  server.RaftServerConfigKeys (ConfUtils.java:logGet(43)) - raft.server.log.statemachine.data.sync = true (default)
2019-10-18 14:30:17,407 [46c14060-ea78-4b5a-b57c-064e4766b234@group-45DBFE4B8A65-LeaderElection14] INFO  server.RaftServerConfigKeys (ConfUtils.java:logGet(43)) - raft.server.log.appender.install.snapshot.enabled = false (custom)
2019-10-18 14:30:17,408 [pool-117-thread-1] INFO  segmented.SegmentedRaftLogWorker (SegmentedRaftLogWorker.java:lambda$new$0(128)) - 681edbc6-a1fc-42a4-b5ce-4922820de60a@group-FD33B9583E3C-SegmentedRaftLogWorker: flushIndex: setUnconditionally 0 -> -1
2019-10-18 14:30:17,408 [pool-87-thread-1] INFO  server.RaftServerConfigKeys (ConfUtils.java:logGet(43)) - raft.server.log.statemachine.data.sync.timeout = 10s (default)
2019-10-18 14:30:17,408 [pool-87-thread-1] INFO  server.RaftServerConfigKeys (ConfUtils.java:logGet(43)) - raft.server.log.statemachine.data.sync.timeout.retry = -1 (default)
2019-10-18 14:30:17,408 [pool-117-thread-1] INFO  server.RaftServerConfigKeys (ConfUtils.java:logGet(43)) - raft.server.snapshot.auto.trigger.enabled = true (custom)
2019-10-18 14:30:17,408 [pool-87-thread-1] INFO  server.RaftServerConfigKeys (ConfUtils.java:logGet(43)) - raft.server.log.statemachine.data.caching.enabled = true (custom)
2019-10-18 14:30:17,408 [pool-117-thread-1] INFO  server.RaftServerConfigKeys (ConfUtils.java:logGet(43)) - raft.server.snapshot.auto.trigger.threshold = 10000 (custom)
2019-10-18 14:30:17,408 [pool-117-thread-1] INFO  server.RaftServerConfigKeys (ConfUtils.java:logGet(43)) - raft.server.snapshot.retention.file.num = 5 (custom)
2019-10-18 14:30:17,408 [pool-87-thread-1] INFO  segmented.SegmentedRaftLogWorker (SegmentedRaftLogWorker.java:lambda$new$0(128)) - 773cce60-eeca-4c1f-a5ec-70084be8b6b9@group-FD33B9583E3C-SegmentedRaftLogWorker: flushIndex: setUnconditionally 0 -> -1
2019-10-18 14:30:17,408 [grpc-default-executor-0] INFO  server.GrpcServerProtocolService (GrpcServerProtocolService.java:onCompleted(113)) - 46c14060-ea78-4b5a-b57c-064e4766b234: Completed APPEND_ENTRIES, lastRequest: null
2019-10-18 14:30:17,409 [pool-117-thread-1] INFO  server.RaftServerConfigKeys (ConfUtils.java:logGet(43)) - raft.server.retrycache.expirytime = 600000ms (custom)
2019-10-18 14:30:17,409 [pool-87-thread-1] INFO  server.RaftServerConfigKeys (ConfUtils.java:logGet(43)) - raft.server.snapshot.auto.trigger.enabled = true (custom)
2019-10-18 14:30:17,409 [pool-87-thread-1] INFO  server.RaftServerConfigKeys (ConfUtils.java:logGet(43)) - raft.server.snapshot.auto.trigger.threshold = 10000 (custom)
2019-10-18 14:30:17,409 [grpc-default-executor-3] INFO  server.GrpcServerProtocolService (GrpcServerProtocolService.java:onCompleted(113)) - 55013cf6-f41f-4339-a52c-06c119893914: Completed APPEND_ENTRIES, lastRequest: null
2019-10-18 14:30:17,410 [pool-87-thread-1] INFO  server.RaftServerConfigKeys (ConfUtils.java:logGet(43)) - raft.server.snapshot.retention.file.num = 5 (custom)
2019-10-18 14:30:17,410 [pool-87-thread-1] INFO  server.RaftServerConfigKeys (ConfUtils.java:logGet(43)) - raft.server.retrycache.expirytime = 600000ms (custom)
2019-10-18 14:30:17,413 [grpc-default-executor-0] INFO  impl.RaftServerImpl (RaftServerImpl.java:setRole(184)) - f9cd2519-4472-482d-8bf1-226263d0a440@group-9826AF1559E2: changes role from  FOLLOWER to FOLLOWER at term 1 for recognizeCandidate:04371d53-951f-40a0-9bd2-eaa7c72eca17
2019-10-18 14:30:17,413 [grpc-default-executor-0] INFO  impl.RoleInfo (RoleInfo.java:shutdownFollowerState(121)) - f9cd2519-4472-482d-8bf1-226263d0a440: shutdown FollowerState
2019-10-18 14:30:17,413 [grpc-default-executor-3] INFO  server.GrpcLogAppender (GrpcLogAppender.java:onCompleted(308)) - a4757974-e77e-4a1a-a400-c32fe273093a@group-45DBFE4B8A65->46c14060-ea78-4b5a-b57c-064e4766b234-AppendLogResponseHandler: follower responses appendEntries COMPLETED
2019-10-18 14:30:17,414 [Thread-361] INFO  impl.FollowerState (FollowerState.java:run(117)) - f9cd2519-4472-482d-8bf1-226263d0a440@group-9826AF1559E2-FollowerState was interrupted: java.lang.InterruptedException: sleep interrupted
2019-10-18 14:30:17,415 [grpc-default-executor-2] INFO  server.GrpcLogAppender (GrpcLogAppender.java:onCompleted(308)) - a4757974-e77e-4a1a-a400-c32fe273093a@group-45DBFE4B8A65->55013cf6-f41f-4339-a52c-06c119893914-AppendLogResponseHandler: follower responses appendEntries COMPLETED
2019-10-18 14:30:17,413 [grpc-default-executor-0] INFO  impl.RoleInfo (RoleInfo.java:updateAndGet(143)) - f9cd2519-4472-482d-8bf1-226263d0a440: start FollowerState
2019-10-18 14:30:17,413 [pool-57-thread-1] INFO  impl.RaftServerImpl (RaftServerImpl.java:start(195)) - 3ee7b367-7b16-44e1-99f8-43aefeda0876@group-FD33B9583E3C: start as a follower, conf=-1: [3ee7b367-7b16-44e1-99f8-43aefeda0876:192.168.164.233:46080, 681edbc6-a1fc-42a4-b5ce-4922820de60a:192.168.164.233:44267, 773cce60-eeca-4c1f-a5ec-70084be8b6b9:192.168.164.233:38729], old=null
2019-10-18 14:30:17,417 [grpc-default-executor-4] INFO  impl.RaftServerImpl (RaftServerImpl.java:setRole(184)) - 9a797c4a-b775-4cca-8778-469ce6187395@group-9826AF1559E2: changes role from  FOLLOWER to FOLLOWER at term 1 for recognizeCandidate:04371d53-951f-40a0-9bd2-eaa7c72eca17
2019-10-18 14:30:17,418 [pool-57-thread-1] INFO  impl.RaftServerImpl (RaftServerImpl.java:setRole(184)) - 3ee7b367-7b16-44e1-99f8-43aefeda0876@group-FD33B9583E3C: changes role from      null to FOLLOWER at term 0 for startAsFollower
2019-10-18 14:30:17,418 [grpc-default-executor-4] INFO  impl.RoleInfo (RoleInfo.java:shutdownFollowerState(121)) - 9a797c4a-b775-4cca-8778-469ce6187395: shutdown FollowerState
2019-10-18 14:30:17,419 [pool-57-thread-1] INFO  impl.RoleInfo (RoleInfo.java:updateAndGet(143)) - 3ee7b367-7b16-44e1-99f8-43aefeda0876: start FollowerState
2019-10-18 14:30:17,420 [grpc-default-executor-4] INFO  impl.RoleInfo (RoleInfo.java:updateAndGet(143)) - 9a797c4a-b775-4cca-8778-469ce6187395: start FollowerState
2019-10-18 14:30:17,420 [Thread-355] INFO  impl.FollowerState (FollowerState.java:run(117)) - 9a797c4a-b775-4cca-8778-469ce6187395@group-9826AF1559E2-FollowerState was interrupted: java.lang.InterruptedException: sleep interrupted
2019-10-18 14:30:17,427 [pool-57-thread-1] INFO  util.JmxRegister (JmxRegister.java:tryRegister(44)) - Successfully registered JMX Bean with object name Ratis:service=RaftServer,group=group-FD33B9583E3C,id=3ee7b367-7b16-44e1-99f8-43aefeda0876
2019-10-18 14:30:17,427 [grpc-default-executor-3] INFO  impl.FollowerInfo (FollowerInfo.java:lambda$new$0(51)) - a4757974-e77e-4a1a-a400-c32fe273093a@group-45DBFE4B8A65->46c14060-ea78-4b5a-b57c-064e4766b234: nextIndex: updateUnconditionally 0 -> 0
2019-10-18 14:30:17,427 [grpc-default-executor-2] INFO  impl.FollowerInfo (FollowerInfo.java:lambda$new$0(51)) - a4757974-e77e-4a1a-a400-c32fe273093a@group-45DBFE4B8A65->55013cf6-f41f-4339-a52c-06c119893914: nextIndex: updateUnconditionally 0 -> 0
2019-10-18 14:30:17,429 [46c14060-ea78-4b5a-b57c-064e4766b234@group-45DBFE4B8A65-LeaderElection14] INFO  server.RaftServerConfigKeys (ConfUtils.java:logGet(43)) - raft.server.log.appender.snapshot.chunk.size.max = 16MB (=16777216) (default)
2019-10-18 14:30:17,430 [pool-117-thread-1] INFO  impl.RaftServerImpl (RaftServerImpl.java:start(195)) - 681edbc6-a1fc-42a4-b5ce-4922820de60a@group-FD33B9583E3C: start as a follower, conf=-1: [3ee7b367-7b16-44e1-99f8-43aefeda0876:192.168.164.233:46080, 681edbc6-a1fc-42a4-b5ce-4922820de60a:192.168.164.233:44267, 773cce60-eeca-4c1f-a5ec-70084be8b6b9:192.168.164.233:38729], old=null
2019-10-18 14:30:17,430 [46c14060-ea78-4b5a-b57c-064e4766b234@group-45DBFE4B8A65-LeaderElection14] INFO  server.RaftServerConfigKeys (ConfUtils.java:logGet(43)) - raft.server.log.appender.buffer.byte-limit = 33554432 (custom)
2019-10-18 14:30:17,430 [pool-117-thread-1] INFO  impl.RaftServerImpl (RaftServerImpl.java:setRole(184)) - 681edbc6-a1fc-42a4-b5ce-4922820de60a@group-FD33B9583E3C: changes role from      null to FOLLOWER at term 0 for startAsFollower
2019-10-18 14:30:17,430 [46c14060-ea78-4b5a-b57c-064e4766b234@group-45DBFE4B8A65-LeaderElection14] INFO  server.RaftServerConfigKeys (ConfUtils.java:logGet(43)) - raft.server.log.appender.buffer.element-limit = 1 (custom)
2019-10-18 14:30:17,430 [pool-87-thread-1] INFO  impl.RaftServerImpl (RaftServerImpl.java:start(195)) - 773cce60-eeca-4c1f-a5ec-70084be8b6b9@group-FD33B9583E3C: start as a follower, conf=-1: [3ee7b367-7b16-44e1-99f8-43aefeda0876:192.168.164.233:46080, 681edbc6-a1fc-42a4-b5ce-4922820de60a:192.168.164.233:44267, 773cce60-eeca-4c1f-a5ec-70084be8b6b9:192.168.164.233:38729], old=null
2019-10-18 14:30:17,430 [pool-117-thread-1] INFO  impl.RoleInfo (RoleInfo.java:updateAndGet(143)) - 681edbc6-a1fc-42a4-b5ce-4922820de60a: start FollowerState
2019-10-18 14:30:17,430 [46c14060-ea78-4b5a-b57c-064e4766b234@group-45DBFE4B8A65-LeaderElection14] INFO  grpc.GrpcConfigKeys$Server (ConfUtils.java:logGet(43)) - raft.grpc.server.leader.outstanding.appends.max = 128 (default)
2019-10-18 14:30:17,430 [pool-87-thread-1] INFO  impl.RaftServerImpl (RaftServerImpl.java:setRole(184)) - 773cce60-eeca-4c1f-a5ec-70084be8b6b9@group-FD33B9583E3C: changes role from      null to FOLLOWER at term 0 for startAsFollower
2019-10-18 14:30:17,430 [46c14060-ea78-4b5a-b57c-064e4766b234@group-45DBFE4B8A65-LeaderElection14] INFO  server.RaftServerConfigKeys (ConfUtils.java:logGet(43)) - raft.server.rpc.request.timeout = 3000ms (default)
2019-10-18 14:30:17,431 [pool-117-thread-1] INFO  util.JmxRegister (JmxRegister.java:tryRegister(44)) - Successfully registered JMX Bean with object name Ratis:service=RaftServer,group=group-FD33B9583E3C,id=681edbc6-a1fc-42a4-b5ce-4922820de60a
2019-10-18 14:30:17,431 [pool-87-thread-1] INFO  impl.RoleInfo (RoleInfo.java:updateAndGet(143)) - 773cce60-eeca-4c1f-a5ec-70084be8b6b9: start FollowerState
2019-10-18 14:30:17,431 [46c14060-ea78-4b5a-b57c-064e4766b234@group-45DBFE4B8A65-LeaderElection14] INFO  server.RaftServerConfigKeys (ConfUtils.java:logGet(43)) - raft.server.log.appender.install.snapshot.enabled = false (custom)
2019-10-18 14:30:17,431 [pool-87-thread-1] INFO  util.JmxRegister (JmxRegister.java:tryRegister(44)) - Successfully registered JMX Bean with object name Ratis:service=RaftServer,group=group-FD33B9583E3C,id=773cce60-eeca-4c1f-a5ec-70084be8b6b9
2019-10-18 14:30:17,437 [04371d53-951f-40a0-9bd2-eaa7c72eca17@group-9826AF1559E2-LeaderElection15] INFO  impl.LeaderElection (LeaderElection.java:logAndReturn(56)) - 04371d53-951f-40a0-9bd2-eaa7c72eca17@group-9826AF1559E2-LeaderElection15: Election PASSED; received 1 response(s) [04371d53-951f-40a0-9bd2-eaa7c72eca17<-f9cd2519-4472-482d-8bf1-226263d0a440#0:OK-t1] and 0 exception(s); 04371d53-951f-40a0-9bd2-eaa7c72eca17@group-9826AF1559E2:t1, leader=null, voted=04371d53-951f-40a0-9bd2-eaa7c72eca17, raftlog=04371d53-951f-40a0-9bd2-eaa7c72eca17@group-9826AF1559E2-SegmentedRaftLog:OPENED:c-1,f-1,i0, conf=-1: [f9cd2519-4472-482d-8bf1-226263d0a440:192.168.164.233:35693, 04371d53-951f-40a0-9bd2-eaa7c72eca17:192.168.164.233:42616, 9a797c4a-b775-4cca-8778-469ce6187395:192.168.164.233:34691], old=null
2019-10-18 14:30:17,439 [04371d53-951f-40a0-9bd2-eaa7c72eca17@group-9826AF1559E2-LeaderElection15] INFO  impl.RoleInfo (RoleInfo.java:shutdownLeaderElection(134)) - 04371d53-951f-40a0-9bd2-eaa7c72eca17: shutdown LeaderElection
2019-10-18 14:30:17,440 [04371d53-951f-40a0-9bd2-eaa7c72eca17@group-9826AF1559E2-LeaderElection15] INFO  impl.RaftServerImpl (RaftServerImpl.java:setRole(184)) - 04371d53-951f-40a0-9bd2-eaa7c72eca17@group-9826AF1559E2: changes role from CANDIDATE to LEADER at term 1 for changeToLeader
2019-10-18 14:30:17,440 [04371d53-951f-40a0-9bd2-eaa7c72eca17@group-9826AF1559E2-LeaderElection15] INFO  impl.RaftServerImpl (ServerState.java:setLeader(256)) - 04371d53-951f-40a0-9bd2-eaa7c72eca17@group-9826AF1559E2: change Leader from null to 04371d53-951f-40a0-9bd2-eaa7c72eca17 at term 1 for becomeLeader, leader elected after 191ms
2019-10-18 14:30:17,440 [04371d53-951f-40a0-9bd2-eaa7c72eca17@group-9826AF1559E2-LeaderElection15] INFO  server.RaftServerConfigKeys (ConfUtils.java:logGet(43)) - raft.server.staging.catchup.gap = 1000 (default)
2019-10-18 14:30:17,440 [04371d53-951f-40a0-9bd2-eaa7c72eca17@group-9826AF1559E2-LeaderElection15] INFO  server.RaftServerConfigKeys (ConfUtils.java:logGet(43)) - raft.server.rpc.sleep.time = 25ms (default)
2019-10-18 14:30:17,441 [04371d53-951f-40a0-9bd2-eaa7c72eca17@group-9826AF1559E2-LeaderElection15] INFO  server.RaftServerConfigKeys (ConfUtils.java:logGet(43)) - raft.server.write.element-limit = 4096 (default)
2019-10-18 14:30:17,441 [04371d53-951f-40a0-9bd2-eaa7c72eca17@group-9826AF1559E2-LeaderElection15] INFO  server.RaftServerConfigKeys (ConfUtils.java:logGet(43)) - raft.server.watch.timeout = 10s (default)
2019-10-18 14:30:17,442 [04371d53-951f-40a0-9bd2-eaa7c72eca17@group-9826AF1559E2-LeaderElection15] INFO  server.RaftServerConfigKeys (ConfUtils.java:logGet(43)) - raft.server.watch.timeout.denomination = 1s (default)
2019-10-18 14:30:17,442 [04371d53-951f-40a0-9bd2-eaa7c72eca17@group-9826AF1559E2-LeaderElection15] INFO  server.RaftServerConfigKeys (ConfUtils.java:logGet(43)) - raft.server.watch.element-limit = 65536 (default)
2019-10-18 14:30:17,444 [46c14060-ea78-4b5a-b57c-064e4766b234@group-45DBFE4B8A65-LeaderElection14] INFO  impl.RoleInfo (RoleInfo.java:updateAndGet(143)) - 46c14060-ea78-4b5a-b57c-064e4766b234: start LeaderState
2019-10-18 14:30:17,446 [46c14060-ea78-4b5a-b57c-064e4766b234@group-45DBFE4B8A65-LeaderElection14] INFO  segmented.SegmentedRaftLogWorker (SegmentedRaftLogWorker.java:startLogSegment(385)) - 46c14060-ea78-4b5a-b57c-064e4766b234@group-45DBFE4B8A65-SegmentedRaftLogWorker: Starting segment from index:0
2019-10-18 14:30:17,478 [46c14060-ea78-4b5a-b57c-064e4766b234@group-45DBFE4B8A65-LeaderElection14] INFO  impl.RaftServerImpl (ServerState.java:setRaftConf(357)) - 46c14060-ea78-4b5a-b57c-064e4766b234@group-45DBFE4B8A65: set configuration 0: [55013cf6-f41f-4339-a52c-06c119893914:192.168.164.233:44977, 46c14060-ea78-4b5a-b57c-064e4766b234:192.168.164.233:36167, a4757974-e77e-4a1a-a400-c32fe273093a:192.168.164.233:41244], old=null at 0
2019-10-18 14:30:17,478 [04371d53-951f-40a0-9bd2-eaa7c72eca17@group-9826AF1559E2-LeaderElection15] INFO  server.RaftServerConfigKeys (ConfUtils.java:logGet(43)) - raft.server.log.appender.snapshot.chunk.size.max = 16MB (=16777216) (default)
2019-10-18 14:30:17,480 [04371d53-951f-40a0-9bd2-eaa7c72eca17@group-9826AF1559E2-LeaderElection15] INFO  server.RaftServerConfigKeys (ConfUtils.java:logGet(43)) - raft.server.log.appender.buffer.byte-limit = 33554432 (custom)
2019-10-18 14:30:17,480 [04371d53-951f-40a0-9bd2-eaa7c72eca17@group-9826AF1559E2-LeaderElection15] INFO  server.RaftServerConfigKeys (ConfUtils.java:logGet(43)) - raft.server.log.appender.buffer.element-limit = 1 (custom)
2019-10-18 14:30:17,480 [04371d53-951f-40a0-9bd2-eaa7c72eca17@group-9826AF1559E2-LeaderElection15] INFO  grpc.GrpcConfigKeys$Server (ConfUtils.java:logGet(43)) - raft.grpc.server.leader.outstanding.appends.max = 128 (default)
2019-10-18 14:30:17,481 [04371d53-951f-40a0-9bd2-eaa7c72eca17@group-9826AF1559E2-LeaderElection15] INFO  server.RaftServerConfigKeys (ConfUtils.java:logGet(43)) - raft.server.rpc.request.timeout = 3000ms (default)
2019-10-18 14:30:17,481 [04371d53-951f-40a0-9bd2-eaa7c72eca17@group-9826AF1559E2-LeaderElection15] INFO  server.RaftServerConfigKeys (ConfUtils.java:logGet(43)) - raft.server.log.appender.install.snapshot.enabled = false (custom)
2019-10-18 14:30:17,482 [RatisPipelineUtilsThread] INFO  pipeline.PipelineStateManager (PipelineStateManager.java:addPipeline(56)) - Created pipeline Pipeline[ Id: 57155ffd-c627-443c-9716-fd33b9583e3c, Nodes: 681edbc6-a1fc-42a4-b5ce-4922820de60a{ip: 192.168.164.233, host: pr-hdds-2327-vtdmt-1103746116, networkLocation: /default-rack, certSerialId: null}773cce60-eeca-4c1f-a5ec-70084be8b6b9{ip: 192.168.164.233, host: pr-hdds-2327-vtdmt-1103746116, networkLocation: /default-rack, certSerialId: null}3ee7b367-7b16-44e1-99f8-43aefeda0876{ip: 192.168.164.233, host: pr-hdds-2327-vtdmt-1103746116, networkLocation: /default-rack, certSerialId: null}, Type:RATIS, Factor:THREE, State:OPEN]
2019-10-18 14:30:17,484 [Thread-384] INFO  impl.FollowerState (FollowerState.java:run(108)) - 3ee7b367-7b16-44e1-99f8-43aefeda0876@group-FD33B9583E3C-FollowerState: change to CANDIDATE, lastRpcTime:64ms, electionTimeout:64ms
2019-10-18 14:30:17,484 [04371d53-951f-40a0-9bd2-eaa7c72eca17@group-9826AF1559E2-LeaderElection15] INFO  server.RaftServerConfigKeys (ConfUtils.java:logGet(43)) - raft.server.log.appender.snapshot.chunk.size.max = 16MB (=16777216) (default)
2019-10-18 14:30:17,487 [Thread-384] INFO  impl.RoleInfo (RoleInfo.java:shutdownFollowerState(121)) - 3ee7b367-7b16-44e1-99f8-43aefeda0876: shutdown FollowerState
2019-10-18 14:30:17,487 [04371d53-951f-40a0-9bd2-eaa7c72eca17@group-9826AF1559E2-LeaderElection15] INFO  server.RaftServerConfigKeys (ConfUtils.java:logGet(43)) - raft.server.log.appender.buffer.byte-limit = 33554432 (custom)
2019-10-18 14:30:17,487 [Thread-384] INFO  impl.RaftServerImpl (RaftServerImpl.java:setRole(184)) - 3ee7b367-7b16-44e1-99f8-43aefeda0876@group-FD33B9583E3C: changes role from  FOLLOWER to CANDIDATE at term 0 for changeToCandidate
2019-10-18 14:30:17,487 [04371d53-951f-40a0-9bd2-eaa7c72eca17@group-9826AF1559E2-LeaderElection15] INFO  server.RaftServerConfigKeys (ConfUtils.java:logGet(43)) - raft.server.log.appender.buffer.element-limit = 1 (custom)
2019-10-18 14:30:17,487 [Thread-384] INFO  impl.RoleInfo (RoleInfo.java:updateAndGet(143)) - 3ee7b367-7b16-44e1-99f8-43aefeda0876: start LeaderElection
2019-10-18 14:30:17,488 [04371d53-951f-40a0-9bd2-eaa7c72eca17@group-9826AF1559E2-LeaderElection15] INFO  grpc.GrpcConfigKeys$Server (ConfUtils.java:logGet(43)) - raft.grpc.server.leader.outstanding.appends.max = 128 (default)
2019-10-18 14:30:17,491 [04371d53-951f-40a0-9bd2-eaa7c72eca17@group-9826AF1559E2-LeaderElection15] INFO  server.RaftServerConfigKeys (ConfUtils.java:logGet(43)) - raft.server.rpc.request.timeout = 3000ms (default)
2019-10-18 14:30:17,491 [grpc-default-executor-0] INFO  impl.RaftServerImpl (ServerState.java:setLeader(256)) - a4757974-e77e-4a1a-a400-c32fe273093a@group-45DBFE4B8A65: change Leader from null to 46c14060-ea78-4b5a-b57c-064e4766b234 at term 3 for appendEntries, leader elected after 132ms
2019-10-18 14:30:17,493 [04371d53-951f-40a0-9bd2-eaa7c72eca17@group-9826AF1559E2-LeaderElection15] INFO  server.RaftServerConfigKeys (ConfUtils.java:logGet(43)) - raft.server.log.appender.install.snapshot.enabled = false (custom)
2019-10-18 14:30:17,493 [grpc-default-executor-4] INFO  impl.RaftServerImpl (ServerState.java:setLeader(256)) - 55013cf6-f41f-4339-a52c-06c119893914@group-45DBFE4B8A65: change Leader from null to 46c14060-ea78-4b5a-b57c-064e4766b234 at term 3 for appendEntries, leader elected after 344ms
2019-10-18 14:30:17,492 [46c14060-ea78-4b5a-b57c-064e4766b234@group-45DBFE4B8A65-SegmentedRaftLogWorker] INFO  segmented.SegmentedRaftLogWorker (SegmentedRaftLogWorker.java:execute(576)) - 46c14060-ea78-4b5a-b57c-064e4766b234@group-45DBFE4B8A65-SegmentedRaftLogWorker: created new log segment /workdir/hadoop-ozone/integration-test/target/test-dir/MiniOzoneClusterImpl-11a902be-dfbe-4759-94b9-65959d8d71e6/datanode-7/data/ratis/d4e1982b-9b6d-4ec0-8b58-45dbfe4b8a65/current/log_inprogress_0
2019-10-18 14:30:17,497 [04371d53-951f-40a0-9bd2-eaa7c72eca17@group-9826AF1559E2-LeaderElection15] INFO  impl.RoleInfo (RoleInfo.java:updateAndGet(143)) - 04371d53-951f-40a0-9bd2-eaa7c72eca17: start LeaderState
2019-10-18 14:30:17,502 [04371d53-951f-40a0-9bd2-eaa7c72eca17@group-9826AF1559E2-LeaderElection15] INFO  segmented.SegmentedRaftLogWorker (SegmentedRaftLogWorker.java:startLogSegment(385)) - 04371d53-951f-40a0-9bd2-eaa7c72eca17@group-9826AF1559E2-SegmentedRaftLogWorker: Starting segment from index:0
2019-10-18 14:30:17,524 [Thread-388] INFO  impl.FollowerState (FollowerState.java:run(108)) - 773cce60-eeca-4c1f-a5ec-70084be8b6b9@group-FD33B9583E3C-FollowerState: change to CANDIDATE, lastRpcTime:93ms, electionTimeout:88ms
2019-10-18 14:30:17,526 [04371d53-951f-40a0-9bd2-eaa7c72eca17@group-9826AF1559E2-LeaderElection15] INFO  impl.RaftServerImpl (ServerState.java:setRaftConf(357)) - 04371d53-951f-40a0-9bd2-eaa7c72eca17@group-9826AF1559E2: set configuration 0: [f9cd2519-4472-482d-8bf1-226263d0a440:192.168.164.233:35693, 04371d53-951f-40a0-9bd2-eaa7c72eca17:192.168.164.233:42616, 9a797c4a-b775-4cca-8778-469ce6187395:192.168.164.233:34691], old=null at 0
2019-10-18 14:30:17,525 [3ee7b367-7b16-44e1-99f8-43aefeda0876@group-FD33B9583E3C-LeaderElection16] INFO  impl.LeaderElection (LeaderElection.java:askForVotes(178)) - 3ee7b367-7b16-44e1-99f8-43aefeda0876@group-FD33B9583E3C-LeaderElection16: begin an election at term 1 for -1: [3ee7b367-7b16-44e1-99f8-43aefeda0876:192.168.164.233:46080, 681edbc6-a1fc-42a4-b5ce-4922820de60a:192.168.164.233:44267, 773cce60-eeca-4c1f-a5ec-70084be8b6b9:192.168.164.233:38729], old=null
2019-10-18 14:30:17,532 [Thread-388] INFO  impl.RoleInfo (RoleInfo.java:shutdownFollowerState(121)) - 773cce60-eeca-4c1f-a5ec-70084be8b6b9: shutdown FollowerState
2019-10-18 14:30:17,535 [Thread-388] INFO  impl.RaftServerImpl (RaftServerImpl.java:setRole(184)) - 773cce60-eeca-4c1f-a5ec-70084be8b6b9@group-FD33B9583E3C: changes role from  FOLLOWER to CANDIDATE at term 0 for changeToCandidate
2019-10-18 14:30:17,535 [04371d53-951f-40a0-9bd2-eaa7c72eca17@group-9826AF1559E2-SegmentedRaftLogWorker] INFO  segmented.SegmentedRaftLogWorker (SegmentedRaftLogWorker.java:execute(576)) - 04371d53-951f-40a0-9bd2-eaa7c72eca17@group-9826AF1559E2-SegmentedRaftLogWorker: created new log segment /workdir/hadoop-ozone/integration-test/target/test-dir/MiniOzoneClusterImpl-11a902be-dfbe-4759-94b9-65959d8d71e6/datanode-4/data/ratis/cb1b5398-55ca-458c-9a73-9826af1559e2/current/log_inprogress_0
2019-10-18 14:30:17,536 [Thread-388] INFO  impl.RoleInfo (RoleInfo.java:updateAndGet(143)) - 773cce60-eeca-4c1f-a5ec-70084be8b6b9: start LeaderElection
2019-10-18 14:30:17,550 [grpc-default-executor-3] INFO  impl.RaftServerImpl (ServerState.java:setLeader(256)) - 9a797c4a-b775-4cca-8778-469ce6187395@group-9826AF1559E2: change Leader from null to 04371d53-951f-40a0-9bd2-eaa7c72eca17 at term 1 for appendEntries, leader elected after 313ms
2019-10-18 14:30:17,550 [773cce60-eeca-4c1f-a5ec-70084be8b6b9@group-FD33B9583E3C-LeaderElection17] INFO  impl.LeaderElection (LeaderElection.java:askForVotes(178)) - 773cce60-eeca-4c1f-a5ec-70084be8b6b9@group-FD33B9583E3C-LeaderElection17: begin an election at term 1 for -1: [3ee7b367-7b16-44e1-99f8-43aefeda0876:192.168.164.233:46080, 681edbc6-a1fc-42a4-b5ce-4922820de60a:192.168.164.233:44267, 773cce60-eeca-4c1f-a5ec-70084be8b6b9:192.168.164.233:38729], old=null
2019-10-18 14:30:17,551 [grpc-default-executor-0] INFO  impl.RaftServerImpl (ServerState.java:setLeader(256)) - f9cd2519-4472-482d-8bf1-226263d0a440@group-9826AF1559E2: change Leader from null to 04371d53-951f-40a0-9bd2-eaa7c72eca17 at term 1 for appendEntries, leader elected after 302ms
2019-10-18 14:30:17,565 [grpc-default-executor-5] INFO  impl.RaftServerImpl (RaftServerImpl.java:setRole(184)) - 681edbc6-a1fc-42a4-b5ce-4922820de60a@group-FD33B9583E3C: changes role from  FOLLOWER to FOLLOWER at term 1 for recognizeCandidate:3ee7b367-7b16-44e1-99f8-43aefeda0876
2019-10-18 14:30:17,566 [grpc-default-executor-5] INFO  impl.RoleInfo (RoleInfo.java:shutdownFollowerState(121)) - 681edbc6-a1fc-42a4-b5ce-4922820de60a: shutdown FollowerState
2019-10-18 14:30:17,567 [Thread-386] INFO  impl.FollowerState (FollowerState.java:run(117)) - 681edbc6-a1fc-42a4-b5ce-4922820de60a@group-FD33B9583E3C-FollowerState was interrupted: java.lang.InterruptedException: sleep interrupted
2019-10-18 14:30:17,567 [grpc-default-executor-5] INFO  impl.RoleInfo (RoleInfo.java:updateAndGet(143)) - 681edbc6-a1fc-42a4-b5ce-4922820de60a: start FollowerState
2019-10-18 14:30:17,582 [3ee7b367-7b16-44e1-99f8-43aefeda0876@group-FD33B9583E3C-LeaderElection16] INFO  impl.LeaderElection (LeaderElection.java:logAndReturn(56)) - 3ee7b367-7b16-44e1-99f8-43aefeda0876@group-FD33B9583E3C-LeaderElection16: Election PASSED; received 2 response(s) [3ee7b367-7b16-44e1-99f8-43aefeda0876<-681edbc6-a1fc-42a4-b5ce-4922820de60a#0:OK-t1, 3ee7b367-7b16-44e1-99f8-43aefeda0876<-773cce60-eeca-4c1f-a5ec-70084be8b6b9#0:FAIL-t1] and 0 exception(s); 3ee7b367-7b16-44e1-99f8-43aefeda0876@group-FD33B9583E3C:t1, leader=null, voted=3ee7b367-7b16-44e1-99f8-43aefeda0876, raftlog=3ee7b367-7b16-44e1-99f8-43aefeda0876@group-FD33B9583E3C-SegmentedRaftLog:OPENED:c-1,f-1,i0, conf=-1: [3ee7b367-7b16-44e1-99f8-43aefeda0876:192.168.164.233:46080, 681edbc6-a1fc-42a4-b5ce-4922820de60a:192.168.164.233:44267, 773cce60-eeca-4c1f-a5ec-70084be8b6b9:192.168.164.233:38729], old=null
2019-10-18 14:30:17,582 [3ee7b367-7b16-44e1-99f8-43aefeda0876@group-FD33B9583E3C-LeaderElection16] INFO  impl.RoleInfo (RoleInfo.java:shutdownLeaderElection(134)) - 3ee7b367-7b16-44e1-99f8-43aefeda0876: shutdown LeaderElection
2019-10-18 14:30:17,584 [3ee7b367-7b16-44e1-99f8-43aefeda0876@group-FD33B9583E3C-LeaderElection16] INFO  impl.RaftServerImpl (RaftServerImpl.java:setRole(184)) - 3ee7b367-7b16-44e1-99f8-43aefeda0876@group-FD33B9583E3C: changes role from CANDIDATE to LEADER at term 1 for changeToLeader
2019-10-18 14:30:17,584 [3ee7b367-7b16-44e1-99f8-43aefeda0876@group-FD33B9583E3C-LeaderElection16] INFO  impl.RaftServerImpl (ServerState.java:setLeader(256)) - 3ee7b367-7b16-44e1-99f8-43aefeda0876@group-FD33B9583E3C: change Leader from null to 3ee7b367-7b16-44e1-99f8-43aefeda0876 at term 1 for becomeLeader, leader elected after 201ms
2019-10-18 14:30:17,584 [3ee7b367-7b16-44e1-99f8-43aefeda0876@group-FD33B9583E3C-LeaderElection16] INFO  server.RaftServerConfigKeys (ConfUtils.java:logGet(43)) - raft.server.staging.catchup.gap = 1000 (default)
2019-10-18 14:30:17,584 [3ee7b367-7b16-44e1-99f8-43aefeda0876@group-FD33B9583E3C-LeaderElection16] INFO  server.RaftServerConfigKeys (ConfUtils.java:logGet(43)) - raft.server.rpc.sleep.time = 25ms (default)
2019-10-18 14:30:17,584 [3ee7b367-7b16-44e1-99f8-43aefeda0876@group-FD33B9583E3C-LeaderElection16] INFO  server.RaftServerConfigKeys (ConfUtils.java:logGet(43)) - raft.server.write.element-limit = 4096 (default)
2019-10-18 14:30:17,585 [3ee7b367-7b16-44e1-99f8-43aefeda0876@group-FD33B9583E3C-LeaderElection16] INFO  server.RaftServerConfigKeys (ConfUtils.java:logGet(43)) - raft.server.watch.timeout = 10s (default)
2019-10-18 14:30:17,585 [3ee7b367-7b16-44e1-99f8-43aefeda0876@group-FD33B9583E3C-LeaderElection16] INFO  server.RaftServerConfigKeys (ConfUtils.java:logGet(43)) - raft.server.watch.timeout.denomination = 1s (default)
2019-10-18 14:30:17,585 [3ee7b367-7b16-44e1-99f8-43aefeda0876@group-FD33B9583E3C-LeaderElection16] INFO  server.RaftServerConfigKeys (ConfUtils.java:logGet(43)) - raft.server.watch.element-limit = 65536 (default)
2019-10-18 14:30:17,585 [grpc-default-executor-3] INFO  impl.RaftServerImpl (ServerState.java:setRaftConf(357)) - 55013cf6-f41f-4339-a52c-06c119893914@group-45DBFE4B8A65: set configuration 0: [55013cf6-f41f-4339-a52c-06c119893914:192.168.164.233:44977, 46c14060-ea78-4b5a-b57c-064e4766b234:192.168.164.233:36167, a4757974-e77e-4a1a-a400-c32fe273093a:192.168.164.233:41244], old=null at 0
2019-10-18 14:30:17,587 [grpc-default-executor-4] INFO  impl.RaftServerImpl (ServerState.java:setRaftConf(357)) - a4757974-e77e-4a1a-a400-c32fe273093a@group-45DBFE4B8A65: set configuration 0: [55013cf6-f41f-4339-a52c-06c119893914:192.168.164.233:44977, 46c14060-ea78-4b5a-b57c-064e4766b234:192.168.164.233:36167, a4757974-e77e-4a1a-a400-c32fe273093a:192.168.164.233:41244], old=null at 0
2019-10-18 14:30:17,588 [grpc-default-executor-5] INFO  impl.RaftServerImpl (ServerState.java:setRaftConf(357)) - f9cd2519-4472-482d-8bf1-226263d0a440@group-9826AF1559E2: set configuration 0: [f9cd2519-4472-482d-8bf1-226263d0a440:192.168.164.233:35693, 04371d53-951f-40a0-9bd2-eaa7c72eca17:192.168.164.233:42616, 9a797c4a-b775-4cca-8778-469ce6187395:192.168.164.233:34691], old=null at 0
2019-10-18 14:30:17,587 [grpc-default-executor-3] INFO  segmented.SegmentedRaftLogWorker (SegmentedRaftLogWorker.java:startLogSegment(385)) - 55013cf6-f41f-4339-a52c-06c119893914@group-45DBFE4B8A65-SegmentedRaftLogWorker: Starting segment from index:0
2019-10-18 14:30:17,587 [grpc-default-executor-1] INFO  impl.RaftServerImpl (ServerState.java:setRaftConf(357)) - 9a797c4a-b775-4cca-8778-469ce6187395@group-9826AF1559E2: set configuration 0: [f9cd2519-4472-482d-8bf1-226263d0a440:192.168.164.233:35693, 04371d53-951f-40a0-9bd2-eaa7c72eca17:192.168.164.233:42616, 9a797c4a-b775-4cca-8778-469ce6187395:192.168.164.233:34691], old=null at 0
2019-10-18 14:30:17,589 [grpc-default-executor-5] INFO  segmented.SegmentedRaftLogWorker (SegmentedRaftLogWorker.java:startLogSegment(385)) - f9cd2519-4472-482d-8bf1-226263d0a440@group-9826AF1559E2-SegmentedRaftLogWorker: Starting segment from index:0
2019-10-18 14:30:17,590 [773cce60-eeca-4c1f-a5ec-70084be8b6b9@group-FD33B9583E3C-LeaderElection17] INFO  impl.LeaderElection (LeaderElection.java:logAndReturn(56)) - 773cce60-eeca-4c1f-a5ec-70084be8b6b9@group-FD33B9583E3C-LeaderElection17: Election REJECTED; received 2 response(s) [773cce60-eeca-4c1f-a5ec-70084be8b6b9<-3ee7b367-7b16-44e1-99f8-43aefeda0876#0:FAIL-t1, 773cce60-eeca-4c1f-a5ec-70084be8b6b9<-681edbc6-a1fc-42a4-b5ce-4922820de60a#0:FAIL-t1] and 0 exception(s); 773cce60-eeca-4c1f-a5ec-70084be8b6b9@group-FD33B9583E3C:t1, leader=null, voted=773cce60-eeca-4c1f-a5ec-70084be8b6b9, raftlog=773cce60-eeca-4c1f-a5ec-70084be8b6b9@group-FD33B9583E3C-SegmentedRaftLog:OPENED:c-1,f-1,i0, conf=-1: [3ee7b367-7b16-44e1-99f8-43aefeda0876:192.168.164.233:46080, 681edbc6-a1fc-42a4-b5ce-4922820de60a:192.168.164.233:44267, 773cce60-eeca-4c1f-a5ec-70084be8b6b9:192.168.164.233:38729], old=null
2019-10-18 14:30:17,590 [grpc-default-executor-1] INFO  segmented.SegmentedRaftLogWorker (SegmentedRaftLogWorker.java:startLogSegment(385)) - 9a797c4a-b775-4cca-8778-469ce6187395@group-9826AF1559E2-SegmentedRaftLogWorker: Starting segment from index:0
2019-10-18 14:30:17,590 [3ee7b367-7b16-44e1-99f8-43aefeda0876@group-FD33B9583E3C-LeaderElection16] INFO  server.RaftServerConfigKeys (ConfUtils.java:logGet(43)) - raft.server.log.appender.snapshot.chunk.size.max = 16MB (=16777216) (default)
2019-10-18 14:30:17,590 [773cce60-eeca-4c1f-a5ec-70084be8b6b9@group-FD33B9583E3C-LeaderElection17] INFO  impl.RaftServerImpl (RaftServerImpl.java:setRole(184)) - 773cce60-eeca-4c1f-a5ec-70084be8b6b9@group-FD33B9583E3C: changes role from CANDIDATE to FOLLOWER at term 1 for DISCOVERED_A_NEW_TERM
2019-10-18 14:30:17,625 [3ee7b367-7b16-44e1-99f8-43aefeda0876@group-FD33B9583E3C-LeaderElection16] INFO  server.RaftServerConfigKeys (ConfUtils.java:logGet(43)) - raft.server.log.appender.buffer.byte-limit = 33554432 (custom)
2019-10-18 14:30:17,625 [773cce60-eeca-4c1f-a5ec-70084be8b6b9@group-FD33B9583E3C-LeaderElection17] INFO  impl.RoleInfo (RoleInfo.java:shutdownLeaderElection(134)) - 773cce60-eeca-4c1f-a5ec-70084be8b6b9: shutdown LeaderElection
2019-10-18 14:30:17,625 [3ee7b367-7b16-44e1-99f8-43aefeda0876@group-FD33B9583E3C-LeaderElection16] INFO  server.RaftServerConfigKeys (ConfUtils.java:logGet(43)) - raft.server.log.appender.buffer.element-limit = 1 (custom)
2019-10-18 14:30:17,626 [773cce60-eeca-4c1f-a5ec-70084be8b6b9@group-FD33B9583E3C-LeaderElection17] INFO  impl.RoleInfo (RoleInfo.java:updateAndGet(143)) - 773cce60-eeca-4c1f-a5ec-70084be8b6b9: start FollowerState
2019-10-18 14:30:17,626 [3ee7b367-7b16-44e1-99f8-43aefeda0876@group-FD33B9583E3C-LeaderElection16] INFO  grpc.GrpcConfigKeys$Server (ConfUtils.java:logGet(43)) - raft.grpc.server.leader.outstanding.appends.max = 128 (default)
2019-10-18 14:30:17,663 [55013cf6-f41f-4339-a52c-06c119893914@group-45DBFE4B8A65-SegmentedRaftLogWorker] INFO  segmented.SegmentedRaftLogWorker (SegmentedRaftLogWorker.java:execute(576)) - 55013cf6-f41f-4339-a52c-06c119893914@group-45DBFE4B8A65-SegmentedRaftLogWorker: created new log segment /workdir/hadoop-ozone/integration-test/target/test-dir/MiniOzoneClusterImpl-11a902be-dfbe-4759-94b9-65959d8d71e6/datanode-2/data/ratis/d4e1982b-9b6d-4ec0-8b58-45dbfe4b8a65/current/log_inprogress_0
2019-10-18 14:30:17,664 [3ee7b367-7b16-44e1-99f8-43aefeda0876@group-FD33B9583E3C-LeaderElection16] INFO  server.RaftServerConfigKeys (ConfUtils.java:logGet(43)) - raft.server.rpc.request.timeout = 3000ms (default)
2019-10-18 14:30:17,666 [3ee7b367-7b16-44e1-99f8-43aefeda0876@group-FD33B9583E3C-LeaderElection16] INFO  server.RaftServerConfigKeys (ConfUtils.java:logGet(43)) - raft.server.log.appender.install.snapshot.enabled = false (custom)
2019-10-18 14:30:17,669 [grpc-default-executor-4] INFO  segmented.SegmentedRaftLogWorker (SegmentedRaftLogWorker.java:truncate(401)) - a4757974-e77e-4a1a-a400-c32fe273093a@group-45DBFE4B8A65-SegmentedRaftLogWorker: Truncating segments toTruncate: null
  toDelete: [(0, 0) isOpen? true, length=0, newEndIndex=-1], start index 0
2019-10-18 14:30:17,670 [grpc-default-executor-4] INFO  segmented.SegmentedRaftLogWorker (SegmentedRaftLogWorker.java:startLogSegment(385)) - a4757974-e77e-4a1a-a400-c32fe273093a@group-45DBFE4B8A65-SegmentedRaftLogWorker: Starting segment from index:0
2019-10-18 14:30:17,671 [3ee7b367-7b16-44e1-99f8-43aefeda0876@group-FD33B9583E3C-LeaderElection16] INFO  server.RaftServerConfigKeys (ConfUtils.java:logGet(43)) - raft.server.log.appender.snapshot.chunk.size.max = 16MB (=16777216) (default)
2019-10-18 14:30:17,671 [3ee7b367-7b16-44e1-99f8-43aefeda0876@group-FD33B9583E3C-LeaderElection16] INFO  server.RaftServerConfigKeys (ConfUtils.java:logGet(43)) - raft.server.log.appender.buffer.byte-limit = 33554432 (custom)
2019-10-18 14:30:17,671 [3ee7b367-7b16-44e1-99f8-43aefeda0876@group-FD33B9583E3C-LeaderElection16] INFO  server.RaftServerConfigKeys (ConfUtils.java:logGet(43)) - raft.server.log.appender.buffer.element-limit = 1 (custom)
2019-10-18 14:30:17,672 [3ee7b367-7b16-44e1-99f8-43aefeda0876@group-FD33B9583E3C-LeaderElection16] INFO  grpc.GrpcConfigKeys$Server (ConfUtils.java:logGet(43)) - raft.grpc.server.leader.outstanding.appends.max = 128 (default)
2019-10-18 14:30:17,672 [a4757974-e77e-4a1a-a400-c32fe273093a@group-45DBFE4B8A65-SegmentedRaftLogWorker] INFO  segmented.SegmentedRaftLogWorker (SegmentedRaftLogWorker.java:execute(640)) - a4757974-e77e-4a1a-a400-c32fe273093a@group-45DBFE4B8A65-SegmentedRaftLogWorker: Deleted log file /workdir/hadoop-ozone/integration-test/target/test-dir/MiniOzoneClusterImpl-11a902be-dfbe-4759-94b9-65959d8d71e6/datanode-5/data/ratis/d4e1982b-9b6d-4ec0-8b58-45dbfe4b8a65/current/log_inprogress_0
2019-10-18 14:30:17,672 [3ee7b367-7b16-44e1-99f8-43aefeda0876@group-FD33B9583E3C-LeaderElection16] INFO  server.RaftServerConfigKeys (ConfUtils.java:logGet(43)) - raft.server.rpc.request.timeout = 3000ms (default)
2019-10-18 14:30:17,672 [3ee7b367-7b16-44e1-99f8-43aefeda0876@group-FD33B9583E3C-LeaderElection16] INFO  server.RaftServerConfigKeys (ConfUtils.java:logGet(43)) - raft.server.log.appender.install.snapshot.enabled = false (custom)
2019-10-18 14:30:17,672 [a4757974-e77e-4a1a-a400-c32fe273093a@group-45DBFE4B8A65-SegmentedRaftLogWorker] INFO  segmented.SegmentedRaftLogWorker (SegmentedRaftLogWorker.java:lambda$new$0(128)) - a4757974-e77e-4a1a-a400-c32fe273093a@group-45DBFE4B8A65-SegmentedRaftLogWorker: flushIndex: setUnconditionally 0 -> -1
2019-10-18 14:30:17,675 [3ee7b367-7b16-44e1-99f8-43aefeda0876@group-FD33B9583E3C-LeaderElection16] INFO  impl.RoleInfo (RoleInfo.java:updateAndGet(143)) - 3ee7b367-7b16-44e1-99f8-43aefeda0876: start LeaderState
2019-10-18 14:30:17,675 [3ee7b367-7b16-44e1-99f8-43aefeda0876@group-FD33B9583E3C-LeaderElection16] INFO  segmented.SegmentedRaftLogWorker (SegmentedRaftLogWorker.java:startLogSegment(385)) - 3ee7b367-7b16-44e1-99f8-43aefeda0876@group-FD33B9583E3C-SegmentedRaftLogWorker: Starting segment from index:0
2019-10-18 14:30:17,676 [9a797c4a-b775-4cca-8778-469ce6187395@group-9826AF1559E2-SegmentedRaftLogWorker] INFO  segmented.SegmentedRaftLogWorker (SegmentedRaftLogWorker.java:execute(576)) - 9a797c4a-b775-4cca-8778-469ce6187395@group-9826AF1559E2-SegmentedRaftLogWorker: created new log segment /workdir/hadoop-ozone/integration-test/target/test-dir/MiniOzoneClusterImpl-11a902be-dfbe-4759-94b9-65959d8d71e6/datanode-0/data/ratis/cb1b5398-55ca-458c-9a73-9826af1559e2/current/log_inprogress_0
2019-10-18 14:30:17,676 [3ee7b367-7b16-44e1-99f8-43aefeda0876@group-FD33B9583E3C-LeaderElection16] INFO  impl.RaftServerImpl (ServerState.java:setRaftConf(357)) - 3ee7b367-7b16-44e1-99f8-43aefeda0876@group-FD33B9583E3C: set configuration 0: [3ee7b367-7b16-44e1-99f8-43aefeda0876:192.168.164.233:46080, 681edbc6-a1fc-42a4-b5ce-4922820de60a:192.168.164.233:44267, 773cce60-eeca-4c1f-a5ec-70084be8b6b9:192.168.164.233:38729], old=null at 0
2019-10-18 14:30:17,676 [f9cd2519-4472-482d-8bf1-226263d0a440@group-9826AF1559E2-SegmentedRaftLogWorker] INFO  segmented.SegmentedRaftLogWorker (SegmentedRaftLogWorker.java:execute(576)) - f9cd2519-4472-482d-8bf1-226263d0a440@group-9826AF1559E2-SegmentedRaftLogWorker: created new log segment /workdir/hadoop-ozone/integration-test/target/test-dir/MiniOzoneClusterImpl-11a902be-dfbe-4759-94b9-65959d8d71e6/datanode-1/data/ratis/cb1b5398-55ca-458c-9a73-9826af1559e2/current/log_inprogress_0
2019-10-18 14:30:17,711 [Thread-409] INFO  impl.FollowerState (FollowerState.java:run(108)) - 681edbc6-a1fc-42a4-b5ce-4922820de60a@group-FD33B9583E3C-FollowerState: change to CANDIDATE, lastRpcTime:144ms, electionTimeout:128ms
2019-10-18 14:30:17,711 [Thread-409] INFO  impl.RoleInfo (RoleInfo.java:shutdownFollowerState(121)) - 681edbc6-a1fc-42a4-b5ce-4922820de60a: shutdown FollowerState
2019-10-18 14:30:17,712 [Thread-409] INFO  impl.RaftServerImpl (RaftServerImpl.java:setRole(184)) - 681edbc6-a1fc-42a4-b5ce-4922820de60a@group-FD33B9583E3C: changes role from  FOLLOWER to CANDIDATE at term 1 for changeToCandidate
2019-10-18 14:30:17,712 [Thread-409] INFO  impl.RoleInfo (RoleInfo.java:updateAndGet(143)) - 681edbc6-a1fc-42a4-b5ce-4922820de60a: start LeaderElection
2019-10-18 14:30:17,716 [grpc-default-executor-1] INFO  impl.RaftServerImpl (ServerState.java:setLeader(256)) - 773cce60-eeca-4c1f-a5ec-70084be8b6b9@group-FD33B9583E3C: change Leader from null to 3ee7b367-7b16-44e1-99f8-43aefeda0876 at term 1 for appendEntries, leader elected after 332ms
2019-10-18 14:30:17,721 [grpc-default-executor-1] INFO  impl.RaftServerImpl (ServerState.java:setRaftConf(357)) - 773cce60-eeca-4c1f-a5ec-70084be8b6b9@group-FD33B9583E3C: set configuration 0: [3ee7b367-7b16-44e1-99f8-43aefeda0876:192.168.164.233:46080, 681edbc6-a1fc-42a4-b5ce-4922820de60a:192.168.164.233:44267, 773cce60-eeca-4c1f-a5ec-70084be8b6b9:192.168.164.233:38729], old=null at 0
2019-10-18 14:30:17,721 [grpc-default-executor-1] INFO  segmented.SegmentedRaftLogWorker (SegmentedRaftLogWorker.java:startLogSegment(385)) - 773cce60-eeca-4c1f-a5ec-70084be8b6b9@group-FD33B9583E3C-SegmentedRaftLogWorker: Starting segment from index:0
2019-10-18 14:30:17,725 [3ee7b367-7b16-44e1-99f8-43aefeda0876@group-FD33B9583E3C-SegmentedRaftLogWorker] INFO  segmented.SegmentedRaftLogWorker (SegmentedRaftLogWorker.java:execute(576)) - 3ee7b367-7b16-44e1-99f8-43aefeda0876@group-FD33B9583E3C-SegmentedRaftLogWorker: created new log segment /workdir/hadoop-ozone/integration-test/target/test-dir/MiniOzoneClusterImpl-11a902be-dfbe-4759-94b9-65959d8d71e6/datanode-3/data/ratis/57155ffd-c627-443c-9716-fd33b9583e3c/current/log_inprogress_0
2019-10-18 14:30:17,725 [a4757974-e77e-4a1a-a400-c32fe273093a@group-45DBFE4B8A65-SegmentedRaftLogWorker] INFO  segmented.SegmentedRaftLogWorker (SegmentedRaftLogWorker.java:execute(576)) - a4757974-e77e-4a1a-a400-c32fe273093a@group-45DBFE4B8A65-SegmentedRaftLogWorker: created new log segment /workdir/hadoop-ozone/integration-test/target/test-dir/MiniOzoneClusterImpl-11a902be-dfbe-4759-94b9-65959d8d71e6/datanode-5/data/ratis/d4e1982b-9b6d-4ec0-8b58-45dbfe4b8a65/current/log_inprogress_0
2019-10-18 14:30:17,725 [681edbc6-a1fc-42a4-b5ce-4922820de60a@group-FD33B9583E3C-LeaderElection18] INFO  impl.LeaderElection (LeaderElection.java:askForVotes(178)) - 681edbc6-a1fc-42a4-b5ce-4922820de60a@group-FD33B9583E3C-LeaderElection18: begin an election at term 2 for -1: [3ee7b367-7b16-44e1-99f8-43aefeda0876:192.168.164.233:46080, 681edbc6-a1fc-42a4-b5ce-4922820de60a:192.168.164.233:44267, 773cce60-eeca-4c1f-a5ec-70084be8b6b9:192.168.164.233:38729], old=null
2019-10-18 14:30:17,764 [Thread-410] INFO  impl.RaftServerImpl (ServerState.java:setLeader(256)) - 3ee7b367-7b16-44e1-99f8-43aefeda0876@group-FD33B9583E3C: change Leader from 3ee7b367-7b16-44e1-99f8-43aefeda0876 to null at term 2 for updateCurrentTerm
2019-10-18 14:30:17,764 [Thread-410] INFO  impl.RaftServerImpl (RaftServerImpl.java:setRole(184)) - 3ee7b367-7b16-44e1-99f8-43aefeda0876@group-FD33B9583E3C: changes role from    LEADER to FOLLOWER at term 2 for stepDown
2019-10-18 14:30:17,764 [Thread-410] INFO  impl.RoleInfo (RoleInfo.java:shutdownLeaderState(104)) - 3ee7b367-7b16-44e1-99f8-43aefeda0876: shutdown LeaderState
2019-10-18 14:30:17,768 [org.apache.ratis.server.impl.LogAppender$AppenderDaemon$$Lambda$438/1278926347@25e82053] WARN  server.GrpcLogAppender (GrpcLogAppender.java:mayWait(149)) - 3ee7b367-7b16-44e1-99f8-43aefeda0876@group-FD33B9583E3C->773cce60-eeca-4c1f-a5ec-70084be8b6b9-GrpcLogAppender: Wait interrupted by java.lang.InterruptedException
2019-10-18 14:30:17,768 [org.apache.ratis.server.impl.LogAppender$AppenderDaemon$$Lambda$438/1278926347@1436f593] WARN  server.GrpcLogAppender (GrpcLogAppender.java:mayWait(149)) - 3ee7b367-7b16-44e1-99f8-43aefeda0876@group-FD33B9583E3C->681edbc6-a1fc-42a4-b5ce-4922820de60a-GrpcLogAppender: Wait interrupted by java.lang.InterruptedException
2019-10-18 14:30:17,768 [Thread-410] INFO  impl.PendingRequests (PendingRequests.java:sendNotLeaderResponses(202)) - 3ee7b367-7b16-44e1-99f8-43aefeda0876@group-FD33B9583E3C-PendingRequests: sendNotLeaderResponses
2019-10-18 14:30:17,773 [773cce60-eeca-4c1f-a5ec-70084be8b6b9@group-FD33B9583E3C-SegmentedRaftLogWorker] INFO  segmented.SegmentedRaftLogWorker (SegmentedRaftLogWorker.java:execute(576)) - 773cce60-eeca-4c1f-a5ec-70084be8b6b9@group-FD33B9583E3C-SegmentedRaftLogWorker: created new log segment /workdir/hadoop-ozone/integration-test/target/test-dir/MiniOzoneClusterImpl-11a902be-dfbe-4759-94b9-65959d8d71e6/datanode-6/data/ratis/57155ffd-c627-443c-9716-fd33b9583e3c/current/log_inprogress_0
2019-10-18 14:30:17,775 [Thread-410] INFO  impl.RoleInfo (RoleInfo.java:updateAndGet(143)) - 3ee7b367-7b16-44e1-99f8-43aefeda0876: start FollowerState
2019-10-18 14:30:17,776 [grpc-default-executor-1] INFO  server.GrpcServerProtocolService (GrpcServerProtocolService.java:onCompleted(113)) - 681edbc6-a1fc-42a4-b5ce-4922820de60a: Completed APPEND_ENTRIES, lastRequest: 3ee7b367-7b16-44e1-99f8-43aefeda0876->681edbc6-a1fc-42a4-b5ce-4922820de60a#0-t1, previous=(t:0, i:0), leaderCommit=-1, initializing? false, entries: <empty>
2019-10-18 14:30:17,777 [grpc-default-executor-1] INFO  server.GrpcLogAppender (GrpcLogAppender.java:onCompleted(308)) - 3ee7b367-7b16-44e1-99f8-43aefeda0876@group-FD33B9583E3C->681edbc6-a1fc-42a4-b5ce-4922820de60a-AppendLogResponseHandler: follower responses appendEntries COMPLETED
2019-10-18 14:30:17,790 [grpc-default-executor-4] INFO  impl.RaftServerImpl (ServerState.java:setLeader(256)) - 773cce60-eeca-4c1f-a5ec-70084be8b6b9@group-FD33B9583E3C: change Leader from 3ee7b367-7b16-44e1-99f8-43aefeda0876 to null at term 2 for updateCurrentTerm
2019-10-18 14:30:17,794 [grpc-default-executor-4] INFO  impl.RaftServerImpl (RaftServerImpl.java:setRole(184)) - 773cce60-eeca-4c1f-a5ec-70084be8b6b9@group-FD33B9583E3C: changes role from  FOLLOWER to FOLLOWER at term 2 for recognizeCandidate:681edbc6-a1fc-42a4-b5ce-4922820de60a
2019-10-18 14:30:17,792 [grpc-default-executor-1] INFO  impl.FollowerInfo (FollowerInfo.java:lambda$new$0(51)) - 3ee7b367-7b16-44e1-99f8-43aefeda0876@group-FD33B9583E3C->681edbc6-a1fc-42a4-b5ce-4922820de60a: nextIndex: updateUnconditionally 0 -> 0
2019-10-18 14:30:17,794 [grpc-default-executor-4] INFO  impl.RoleInfo (RoleInfo.java:shutdownFollowerState(121)) - 773cce60-eeca-4c1f-a5ec-70084be8b6b9: shutdown FollowerState
2019-10-18 14:30:17,794 [grpc-default-executor-4] INFO  impl.RoleInfo (RoleInfo.java:updateAndGet(143)) - 773cce60-eeca-4c1f-a5ec-70084be8b6b9: start FollowerState
2019-10-18 14:30:17,794 [grpc-default-executor-3] INFO  impl.RaftServerImpl (RaftServerImpl.java:setRole(184)) - 3ee7b367-7b16-44e1-99f8-43aefeda0876@group-FD33B9583E3C: changes role from  FOLLOWER to FOLLOWER at term 2 for recognizeCandidate:681edbc6-a1fc-42a4-b5ce-4922820de60a
2019-10-18 14:30:17,794 [Thread-411] INFO  impl.FollowerState (FollowerState.java:run(117)) - 773cce60-eeca-4c1f-a5ec-70084be8b6b9@group-FD33B9583E3C-FollowerState was interrupted: java.lang.InterruptedException: sleep interrupted
2019-10-18 14:30:17,795 [grpc-default-executor-5] INFO  server.GrpcServerProtocolService (GrpcServerProtocolService.java:onCompleted(113)) - 773cce60-eeca-4c1f-a5ec-70084be8b6b9: Completed APPEND_ENTRIES, lastRequest: 3ee7b367-7b16-44e1-99f8-43aefeda0876->773cce60-eeca-4c1f-a5ec-70084be8b6b9#1-t1, previous=(t:0, i:0), leaderCommit=-1, initializing? false, entries: size=1, first=(t:1, i:0), CONFIGURATIONENTRY
2019-10-18 14:30:17,795 [grpc-default-executor-3] INFO  impl.RoleInfo (RoleInfo.java:shutdownFollowerState(121)) - 3ee7b367-7b16-44e1-99f8-43aefeda0876: shutdown FollowerState
2019-10-18 14:30:17,797 [Thread-424] INFO  impl.FollowerState (FollowerState.java:run(117)) - 3ee7b367-7b16-44e1-99f8-43aefeda0876@group-FD33B9583E3C-FollowerState was interrupted: java.lang.InterruptedException: sleep interrupted
2019-10-18 14:30:17,797 [grpc-default-executor-3] INFO  impl.RoleInfo (RoleInfo.java:updateAndGet(143)) - 3ee7b367-7b16-44e1-99f8-43aefeda0876: start FollowerState
2019-10-18 14:30:17,799 [grpc-default-executor-5] INFO  server.GrpcLogAppender (GrpcLogAppender.java:onCompleted(308)) - 3ee7b367-7b16-44e1-99f8-43aefeda0876@group-FD33B9583E3C->773cce60-eeca-4c1f-a5ec-70084be8b6b9-AppendLogResponseHandler: follower responses appendEntries COMPLETED
2019-10-18 14:30:17,801 [grpc-default-executor-5] INFO  impl.FollowerInfo (FollowerInfo.java:lambda$new$0(51)) - 3ee7b367-7b16-44e1-99f8-43aefeda0876@group-FD33B9583E3C->773cce60-eeca-4c1f-a5ec-70084be8b6b9: nextIndex: updateUnconditionally 1 -> 0
2019-10-18 14:30:17,818 [681edbc6-a1fc-42a4-b5ce-4922820de60a@group-FD33B9583E3C-LeaderElection18] INFO  impl.LeaderElection (LeaderElection.java:logAndReturn(56)) - 681edbc6-a1fc-42a4-b5ce-4922820de60a@group-FD33B9583E3C-LeaderElection18: Election REJECTED; received 2 response(s) [681edbc6-a1fc-42a4-b5ce-4922820de60a<-3ee7b367-7b16-44e1-99f8-43aefeda0876#0:FAIL-t2, 681edbc6-a1fc-42a4-b5ce-4922820de60a<-773cce60-eeca-4c1f-a5ec-70084be8b6b9#0:FAIL-t2] and 0 exception(s); 681edbc6-a1fc-42a4-b5ce-4922820de60a@group-FD33B9583E3C:t2, leader=null, voted=681edbc6-a1fc-42a4-b5ce-4922820de60a, raftlog=681edbc6-a1fc-42a4-b5ce-4922820de60a@group-FD33B9583E3C-SegmentedRaftLog:OPENED:c-1,f-1,i0, conf=-1: [3ee7b367-7b16-44e1-99f8-43aefeda0876:192.168.164.233:46080, 681edbc6-a1fc-42a4-b5ce-4922820de60a:192.168.164.233:44267, 773cce60-eeca-4c1f-a5ec-70084be8b6b9:192.168.164.233:38729], old=null
2019-10-18 14:30:17,818 [681edbc6-a1fc-42a4-b5ce-4922820de60a@group-FD33B9583E3C-LeaderElection18] INFO  impl.RaftServerImpl (RaftServerImpl.java:setRole(184)) - 681edbc6-a1fc-42a4-b5ce-4922820de60a@group-FD33B9583E3C: changes role from CANDIDATE to FOLLOWER at term 2 for DISCOVERED_A_NEW_TERM
2019-10-18 14:30:17,819 [681edbc6-a1fc-42a4-b5ce-4922820de60a@group-FD33B9583E3C-LeaderElection18] INFO  impl.RoleInfo (RoleInfo.java:shutdownLeaderElection(134)) - 681edbc6-a1fc-42a4-b5ce-4922820de60a: shutdown LeaderElection
2019-10-18 14:30:17,829 [681edbc6-a1fc-42a4-b5ce-4922820de60a@group-FD33B9583E3C-LeaderElection18] INFO  impl.RoleInfo (RoleInfo.java:updateAndGet(143)) - 681edbc6-a1fc-42a4-b5ce-4922820de60a: start FollowerState
2019-10-18 14:30:18,281 [Thread-428] INFO  impl.FollowerState (FollowerState.java:run(108)) - 681edbc6-a1fc-42a4-b5ce-4922820de60a@group-FD33B9583E3C-FollowerState: change to CANDIDATE, lastRpcTime:451ms, electionTimeout:181ms
2019-10-18 14:30:18,291 [Thread-428] INFO  impl.RoleInfo (RoleInfo.java:shutdownFollowerState(121)) - 681edbc6-a1fc-42a4-b5ce-4922820de60a: shutdown FollowerState
2019-10-18 14:30:18,291 [Thread-428] INFO  impl.RaftServerImpl (RaftServerImpl.java:setRole(184)) - 681edbc6-a1fc-42a4-b5ce-4922820de60a@group-FD33B9583E3C: changes role from  FOLLOWER to CANDIDATE at term 2 for changeToCandidate
2019-10-18 14:30:18,291 [Thread-428] INFO  impl.RoleInfo (RoleInfo.java:updateAndGet(143)) - 681edbc6-a1fc-42a4-b5ce-4922820de60a: start LeaderElection
2019-10-18 14:30:18,297 [Thread-283] INFO  container.ReplicationManager (ReplicationManager.java:start(162)) - Starting Replication Monitor Thread.
2019-10-18 14:30:18,299 [ReplicationMonitor] INFO  container.ReplicationManager (ReplicationManager.java:run(225)) - Replication Monitor Thread took 0 milliseconds for processing 0 containers.
2019-10-18 14:30:18,309 [681edbc6-a1fc-42a4-b5ce-4922820de60a@group-FD33B9583E3C-LeaderElection19] INFO  impl.LeaderElection (LeaderElection.java:askForVotes(178)) - 681edbc6-a1fc-42a4-b5ce-4922820de60a@group-FD33B9583E3C-LeaderElection19: begin an election at term 3 for -1: [3ee7b367-7b16-44e1-99f8-43aefeda0876:192.168.164.233:46080, 681edbc6-a1fc-42a4-b5ce-4922820de60a:192.168.164.233:44267, 773cce60-eeca-4c1f-a5ec-70084be8b6b9:192.168.164.233:38729], old=null
2019-10-18 14:30:18,332 [grpc-default-executor-3] INFO  impl.RaftServerImpl (RaftServerImpl.java:setRole(184)) - 773cce60-eeca-4c1f-a5ec-70084be8b6b9@group-FD33B9583E3C: changes role from  FOLLOWER to FOLLOWER at term 3 for recognizeCandidate:681edbc6-a1fc-42a4-b5ce-4922820de60a
2019-10-18 14:30:18,332 [681edbc6-a1fc-42a4-b5ce-4922820de60a@group-FD33B9583E3C-LeaderElection19] INFO  impl.LeaderElection (LeaderElection.java:logAndReturn(56)) - 681edbc6-a1fc-42a4-b5ce-4922820de60a@group-FD33B9583E3C-LeaderElection19: Election TIMEOUT; received 0 response(s) [] and 0 exception(s); 681edbc6-a1fc-42a4-b5ce-4922820de60a@group-FD33B9583E3C:t3, leader=null, voted=681edbc6-a1fc-42a4-b5ce-4922820de60a, raftlog=681edbc6-a1fc-42a4-b5ce-4922820de60a@group-FD33B9583E3C-SegmentedRaftLog:OPENED:c-1,f-1,i0, conf=-1: [3ee7b367-7b16-44e1-99f8-43aefeda0876:192.168.164.233:46080, 681edbc6-a1fc-42a4-b5ce-4922820de60a:192.168.164.233:44267, 773cce60-eeca-4c1f-a5ec-70084be8b6b9:192.168.164.233:38729], old=null
2019-10-18 14:30:18,333 [grpc-default-executor-3] INFO  impl.RoleInfo (RoleInfo.java:shutdownFollowerState(121)) - 773cce60-eeca-4c1f-a5ec-70084be8b6b9: shutdown FollowerState
2019-10-18 14:30:18,333 [Thread-426] INFO  impl.FollowerState (FollowerState.java:run(117)) - 773cce60-eeca-4c1f-a5ec-70084be8b6b9@group-FD33B9583E3C-FollowerState was interrupted: java.lang.InterruptedException: sleep interrupted
2019-10-18 14:30:18,333 [grpc-default-executor-3] INFO  impl.RoleInfo (RoleInfo.java:updateAndGet(143)) - 773cce60-eeca-4c1f-a5ec-70084be8b6b9: start FollowerState
2019-10-18 14:30:18,339 [grpc-default-executor-1] INFO  impl.RaftServerImpl (RaftServerImpl.java:setRole(184)) - 3ee7b367-7b16-44e1-99f8-43aefeda0876@group-FD33B9583E3C: changes role from  FOLLOWER to FOLLOWER at term 3 for recognizeCandidate:681edbc6-a1fc-42a4-b5ce-4922820de60a
2019-10-18 14:30:18,340 [grpc-default-executor-1] INFO  impl.RoleInfo (RoleInfo.java:shutdownFollowerState(121)) - 3ee7b367-7b16-44e1-99f8-43aefeda0876: shutdown FollowerState
2019-10-18 14:30:18,342 [grpc-default-executor-1] INFO  impl.RoleInfo (RoleInfo.java:updateAndGet(143)) - 3ee7b367-7b16-44e1-99f8-43aefeda0876: start FollowerState
2019-10-18 14:30:18,342 [Thread-427] INFO  impl.FollowerState (FollowerState.java:run(117)) - 3ee7b367-7b16-44e1-99f8-43aefeda0876@group-FD33B9583E3C-FollowerState was interrupted: java.lang.InterruptedException: sleep interrupted
2019-10-18 14:30:18,352 [681edbc6-a1fc-42a4-b5ce-4922820de60a@group-FD33B9583E3C-LeaderElection19] INFO  impl.LeaderElection (LeaderElection.java:askForVotes(178)) - 681edbc6-a1fc-42a4-b5ce-4922820de60a@group-FD33B9583E3C-LeaderElection19: begin an election at term 4 for -1: [3ee7b367-7b16-44e1-99f8-43aefeda0876:192.168.164.233:46080, 681edbc6-a1fc-42a4-b5ce-4922820de60a:192.168.164.233:44267, 773cce60-eeca-4c1f-a5ec-70084be8b6b9:192.168.164.233:38729], old=null
2019-10-18 14:30:18,370 [grpc-default-executor-1] INFO  impl.RaftServerImpl (RaftServerImpl.java:setRole(184)) - 773cce60-eeca-4c1f-a5ec-70084be8b6b9@group-FD33B9583E3C: changes role from  FOLLOWER to FOLLOWER at term 4 for recognizeCandidate:681edbc6-a1fc-42a4-b5ce-4922820de60a
2019-10-18 14:30:18,372 [grpc-default-executor-1] INFO  impl.RoleInfo (RoleInfo.java:shutdownFollowerState(121)) - 773cce60-eeca-4c1f-a5ec-70084be8b6b9: shutdown FollowerState
2019-10-18 14:30:18,375 [Thread-438] INFO  impl.FollowerState (FollowerState.java:run(117)) - 773cce60-eeca-4c1f-a5ec-70084be8b6b9@group-FD33B9583E3C-FollowerState was interrupted: java.lang.InterruptedException: sleep interrupted
2019-10-18 14:30:18,375 [grpc-default-executor-1] INFO  impl.RoleInfo (RoleInfo.java:updateAndGet(143)) - 773cce60-eeca-4c1f-a5ec-70084be8b6b9: start FollowerState
2019-10-18 14:30:18,377 [grpc-default-executor-3] INFO  impl.RaftServerImpl (RaftServerImpl.java:setRole(184)) - 3ee7b367-7b16-44e1-99f8-43aefeda0876@group-FD33B9583E3C: changes role from  FOLLOWER to FOLLOWER at term 4 for recognizeCandidate:681edbc6-a1fc-42a4-b5ce-4922820de60a
2019-10-18 14:30:18,377 [grpc-default-executor-3] INFO  impl.RoleInfo (RoleInfo.java:shutdownFollowerState(121)) - 3ee7b367-7b16-44e1-99f8-43aefeda0876: shutdown FollowerState
2019-10-18 14:30:18,377 [Thread-439] INFO  impl.FollowerState (FollowerState.java:run(117)) - 3ee7b367-7b16-44e1-99f8-43aefeda0876@group-FD33B9583E3C-FollowerState was interrupted: java.lang.InterruptedException: sleep interrupted
2019-10-18 14:30:18,377 [grpc-default-executor-3] INFO  impl.RoleInfo (RoleInfo.java:updateAndGet(143)) - 3ee7b367-7b16-44e1-99f8-43aefeda0876: start FollowerState
2019-10-18 14:30:18,392 [681edbc6-a1fc-42a4-b5ce-4922820de60a@group-FD33B9583E3C-LeaderElection19] INFO  impl.LeaderElection (LeaderElection.java:logAndReturn(56)) - 681edbc6-a1fc-42a4-b5ce-4922820de60a@group-FD33B9583E3C-LeaderElection19: Election REJECTED; received 2 response(s) [681edbc6-a1fc-42a4-b5ce-4922820de60a<-3ee7b367-7b16-44e1-99f8-43aefeda0876#0:FAIL-t4, 681edbc6-a1fc-42a4-b5ce-4922820de60a<-773cce60-eeca-4c1f-a5ec-70084be8b6b9#0:FAIL-t4] and 0 exception(s); 681edbc6-a1fc-42a4-b5ce-4922820de60a@group-FD33B9583E3C:t4, leader=null, voted=681edbc6-a1fc-42a4-b5ce-4922820de60a, raftlog=681edbc6-a1fc-42a4-b5ce-4922820de60a@group-FD33B9583E3C-SegmentedRaftLog:OPENED:c-1,f-1,i0, conf=-1: [3ee7b367-7b16-44e1-99f8-43aefeda0876:192.168.164.233:46080, 681edbc6-a1fc-42a4-b5ce-4922820de60a:192.168.164.233:44267, 773cce60-eeca-4c1f-a5ec-70084be8b6b9:192.168.164.233:38729], old=null
2019-10-18 14:30:18,392 [681edbc6-a1fc-42a4-b5ce-4922820de60a@group-FD33B9583E3C-LeaderElection19] INFO  impl.RaftServerImpl (RaftServerImpl.java:setRole(184)) - 681edbc6-a1fc-42a4-b5ce-4922820de60a@group-FD33B9583E3C: changes role from CANDIDATE to FOLLOWER at term 4 for DISCOVERED_A_NEW_TERM
2019-10-18 14:30:18,392 [681edbc6-a1fc-42a4-b5ce-4922820de60a@group-FD33B9583E3C-LeaderElection19] INFO  impl.RoleInfo (RoleInfo.java:shutdownLeaderElection(134)) - 681edbc6-a1fc-42a4-b5ce-4922820de60a: shutdown LeaderElection
2019-10-18 14:30:18,392 [681edbc6-a1fc-42a4-b5ce-4922820de60a@group-FD33B9583E3C-LeaderElection19] INFO  impl.RoleInfo (RoleInfo.java:updateAndGet(143)) - 681edbc6-a1fc-42a4-b5ce-4922820de60a: start FollowerState
2019-10-18 14:30:18,490 [Thread-445] INFO  impl.FollowerState (FollowerState.java:run(108)) - 681edbc6-a1fc-42a4-b5ce-4922820de60a@group-FD33B9583E3C-FollowerState: change to CANDIDATE, lastRpcTime:97ms, electionTimeout:94ms
2019-10-18 14:30:18,491 [Thread-445] INFO  impl.RoleInfo (RoleInfo.java:shutdownFollowerState(121)) - 681edbc6-a1fc-42a4-b5ce-4922820de60a: shutdown FollowerState
2019-10-18 14:30:18,493 [Thread-445] INFO  impl.RaftServerImpl (RaftServerImpl.java:setRole(184)) - 681edbc6-a1fc-42a4-b5ce-4922820de60a@group-FD33B9583E3C: changes role from  FOLLOWER to CANDIDATE at term 4 for changeToCandidate
2019-10-18 14:30:18,493 [Thread-445] INFO  impl.RoleInfo (RoleInfo.java:updateAndGet(143)) - 681edbc6-a1fc-42a4-b5ce-4922820de60a: start LeaderElection
2019-10-18 14:30:18,499 [main] INFO  rpc.RpcClient (RpcClient.java:createVolume(272)) - Creating Volume: datanodefailurehandlingtest, with jenkins1000 as owner.
2019-10-18 14:30:18,507 [681edbc6-a1fc-42a4-b5ce-4922820de60a@group-FD33B9583E3C-LeaderElection20] INFO  impl.LeaderElection (LeaderElection.java:askForVotes(178)) - 681edbc6-a1fc-42a4-b5ce-4922820de60a@group-FD33B9583E3C-LeaderElection20: begin an election at term 5 for -1: [3ee7b367-7b16-44e1-99f8-43aefeda0876:192.168.164.233:46080, 681edbc6-a1fc-42a4-b5ce-4922820de60a:192.168.164.233:44267, 773cce60-eeca-4c1f-a5ec-70084be8b6b9:192.168.164.233:38729], old=null
2019-10-18 14:30:18,511 [grpc-default-executor-3] INFO  impl.RaftServerImpl (RaftServerImpl.java:setRole(184)) - 3ee7b367-7b16-44e1-99f8-43aefeda0876@group-FD33B9583E3C: changes role from  FOLLOWER to FOLLOWER at term 5 for recognizeCandidate:681edbc6-a1fc-42a4-b5ce-4922820de60a
2019-10-18 14:30:18,511 [grpc-default-executor-3] INFO  impl.RoleInfo (RoleInfo.java:shutdownFollowerState(121)) - 3ee7b367-7b16-44e1-99f8-43aefeda0876: shutdown FollowerState
2019-10-18 14:30:18,511 [grpc-default-executor-3] INFO  impl.RoleInfo (RoleInfo.java:updateAndGet(143)) - 3ee7b367-7b16-44e1-99f8-43aefeda0876: start FollowerState
2019-10-18 14:30:18,511 [Thread-444] INFO  impl.FollowerState (FollowerState.java:run(117)) - 3ee7b367-7b16-44e1-99f8-43aefeda0876@group-FD33B9583E3C-FollowerState was interrupted: java.lang.InterruptedException: sleep interrupted
2019-10-18 14:30:18,514 [grpc-default-executor-1] INFO  impl.RaftServerImpl (RaftServerImpl.java:setRole(184)) - 773cce60-eeca-4c1f-a5ec-70084be8b6b9@group-FD33B9583E3C: changes role from  FOLLOWER to FOLLOWER at term 5 for recognizeCandidate:681edbc6-a1fc-42a4-b5ce-4922820de60a
2019-10-18 14:30:18,514 [grpc-default-executor-1] INFO  impl.RoleInfo (RoleInfo.java:shutdownFollowerState(121)) - 773cce60-eeca-4c1f-a5ec-70084be8b6b9: shutdown FollowerState
2019-10-18 14:30:18,514 [Thread-443] INFO  impl.FollowerState (FollowerState.java:run(117)) - 773cce60-eeca-4c1f-a5ec-70084be8b6b9@group-FD33B9583E3C-FollowerState was interrupted: java.lang.InterruptedException: sleep interrupted
2019-10-18 14:30:18,514 [grpc-default-executor-1] INFO  impl.RoleInfo (RoleInfo.java:updateAndGet(143)) - 773cce60-eeca-4c1f-a5ec-70084be8b6b9: start FollowerState
2019-10-18 14:30:18,540 [681edbc6-a1fc-42a4-b5ce-4922820de60a@group-FD33B9583E3C-LeaderElection20] INFO  impl.LeaderElection (LeaderElection.java:logAndReturn(56)) - 681edbc6-a1fc-42a4-b5ce-4922820de60a@group-FD33B9583E3C-LeaderElection20: Election REJECTED; received 2 response(s) [681edbc6-a1fc-42a4-b5ce-4922820de60a<-3ee7b367-7b16-44e1-99f8-43aefeda0876#0:FAIL-t5, 681edbc6-a1fc-42a4-b5ce-4922820de60a<-773cce60-eeca-4c1f-a5ec-70084be8b6b9#0:FAIL-t5] and 0 exception(s); 681edbc6-a1fc-42a4-b5ce-4922820de60a@group-FD33B9583E3C:t5, leader=null, voted=681edbc6-a1fc-42a4-b5ce-4922820de60a, raftlog=681edbc6-a1fc-42a4-b5ce-4922820de60a@group-FD33B9583E3C-SegmentedRaftLog:OPENED:c-1,f-1,i0, conf=-1: [3ee7b367-7b16-44e1-99f8-43aefeda0876:192.168.164.233:46080, 681edbc6-a1fc-42a4-b5ce-4922820de60a:192.168.164.233:44267, 773cce60-eeca-4c1f-a5ec-70084be8b6b9:192.168.164.233:38729], old=null
2019-10-18 14:30:18,540 [681edbc6-a1fc-42a4-b5ce-4922820de60a@group-FD33B9583E3C-LeaderElection20] INFO  impl.RaftServerImpl (RaftServerImpl.java:setRole(184)) - 681edbc6-a1fc-42a4-b5ce-4922820de60a@group-FD33B9583E3C: changes role from CANDIDATE to FOLLOWER at term 5 for DISCOVERED_A_NEW_TERM
2019-10-18 14:30:18,540 [681edbc6-a1fc-42a4-b5ce-4922820de60a@group-FD33B9583E3C-LeaderElection20] INFO  impl.RoleInfo (RoleInfo.java:shutdownLeaderElection(134)) - 681edbc6-a1fc-42a4-b5ce-4922820de60a: shutdown LeaderElection
2019-10-18 14:30:18,540 [681edbc6-a1fc-42a4-b5ce-4922820de60a@group-FD33B9583E3C-LeaderElection20] INFO  impl.RoleInfo (RoleInfo.java:updateAndGet(143)) - 681edbc6-a1fc-42a4-b5ce-4922820de60a: start FollowerState
2019-10-18 14:30:18,575 [Thread-452] INFO  impl.FollowerState (FollowerState.java:run(108)) - 681edbc6-a1fc-42a4-b5ce-4922820de60a@group-FD33B9583E3C-FollowerState: change to CANDIDATE, lastRpcTime:34ms, electionTimeout:34ms
2019-10-18 14:30:18,577 [Thread-452] INFO  impl.RoleInfo (RoleInfo.java:shutdownFollowerState(121)) - 681edbc6-a1fc-42a4-b5ce-4922820de60a: shutdown FollowerState
2019-10-18 14:30:18,577 [Thread-452] INFO  impl.RaftServerImpl (RaftServerImpl.java:setRole(184)) - 681edbc6-a1fc-42a4-b5ce-4922820de60a@group-FD33B9583E3C: changes role from  FOLLOWER to CANDIDATE at term 5 for changeToCandidate
2019-10-18 14:30:18,578 [Thread-452] INFO  impl.RoleInfo (RoleInfo.java:updateAndGet(143)) - 681edbc6-a1fc-42a4-b5ce-4922820de60a: start LeaderElection
2019-10-18 14:30:18,593 [681edbc6-a1fc-42a4-b5ce-4922820de60a@group-FD33B9583E3C-LeaderElection21] INFO  impl.LeaderElection (LeaderElection.java:askForVotes(178)) - 681edbc6-a1fc-42a4-b5ce-4922820de60a@group-FD33B9583E3C-LeaderElection21: begin an election at term 6 for -1: [3ee7b367-7b16-44e1-99f8-43aefeda0876:192.168.164.233:46080, 681edbc6-a1fc-42a4-b5ce-4922820de60a:192.168.164.233:44267, 773cce60-eeca-4c1f-a5ec-70084be8b6b9:192.168.164.233:38729], old=null
2019-10-18 14:30:18,596 [grpc-default-executor-3] INFO  impl.RaftServerImpl (RaftServerImpl.java:setRole(184)) - 3ee7b367-7b16-44e1-99f8-43aefeda0876@group-FD33B9583E3C: changes role from  FOLLOWER to FOLLOWER at term 6 for recognizeCandidate:681edbc6-a1fc-42a4-b5ce-4922820de60a
2019-10-18 14:30:18,596 [grpc-default-executor-1] INFO  impl.RaftServerImpl (RaftServerImpl.java:setRole(184)) - 773cce60-eeca-4c1f-a5ec-70084be8b6b9@group-FD33B9583E3C: changes role from  FOLLOWER to FOLLOWER at term 6 for recognizeCandidate:681edbc6-a1fc-42a4-b5ce-4922820de60a
2019-10-18 14:30:18,596 [grpc-default-executor-3] INFO  impl.RoleInfo (RoleInfo.java:shutdownFollowerState(121)) - 3ee7b367-7b16-44e1-99f8-43aefeda0876: shutdown FollowerState
2019-10-18 14:30:18,596 [grpc-default-executor-1] INFO  impl.RoleInfo (RoleInfo.java:shutdownFollowerState(121)) - 773cce60-eeca-4c1f-a5ec-70084be8b6b9: shutdown FollowerState
2019-10-18 14:30:18,596 [grpc-default-executor-3] INFO  impl.RoleInfo (RoleInfo.java:updateAndGet(143)) - 3ee7b367-7b16-44e1-99f8-43aefeda0876: start FollowerState
2019-10-18 14:30:18,596 [Thread-450] INFO  impl.FollowerState (FollowerState.java:run(117)) - 3ee7b367-7b16-44e1-99f8-43aefeda0876@group-FD33B9583E3C-FollowerState was interrupted: java.lang.InterruptedException: sleep interrupted
2019-10-18 14:30:18,596 [Thread-451] INFO  impl.FollowerState (FollowerState.java:run(117)) - 773cce60-eeca-4c1f-a5ec-70084be8b6b9@group-FD33B9583E3C-FollowerState was interrupted: java.lang.InterruptedException: sleep interrupted
2019-10-18 14:30:18,596 [grpc-default-executor-1] INFO  impl.RoleInfo (RoleInfo.java:updateAndGet(143)) - 773cce60-eeca-4c1f-a5ec-70084be8b6b9: start FollowerState
2019-10-18 14:30:18,611 [IPC Server handler 6 on 46845] INFO  volume.OMVolumeCreateRequest (OMVolumeCreateRequest.java:validateAndUpdateCache(193)) - created volume:datanodefailurehandlingtest for user:jenkins1000
2019-10-18 14:30:18,615 [681edbc6-a1fc-42a4-b5ce-4922820de60a@group-FD33B9583E3C-LeaderElection21] INFO  impl.LeaderElection (LeaderElection.java:logAndReturn(56)) - 681edbc6-a1fc-42a4-b5ce-4922820de60a@group-FD33B9583E3C-LeaderElection21: Election REJECTED; received 2 response(s) [681edbc6-a1fc-42a4-b5ce-4922820de60a<-3ee7b367-7b16-44e1-99f8-43aefeda0876#0:FAIL-t6, 681edbc6-a1fc-42a4-b5ce-4922820de60a<-773cce60-eeca-4c1f-a5ec-70084be8b6b9#0:FAIL-t6] and 0 exception(s); 681edbc6-a1fc-42a4-b5ce-4922820de60a@group-FD33B9583E3C:t6, leader=null, voted=681edbc6-a1fc-42a4-b5ce-4922820de60a, raftlog=681edbc6-a1fc-42a4-b5ce-4922820de60a@group-FD33B9583E3C-SegmentedRaftLog:OPENED:c-1,f-1,i0, conf=-1: [3ee7b367-7b16-44e1-99f8-43aefeda0876:192.168.164.233:46080, 681edbc6-a1fc-42a4-b5ce-4922820de60a:192.168.164.233:44267, 773cce60-eeca-4c1f-a5ec-70084be8b6b9:192.168.164.233:38729], old=null
2019-10-18 14:30:18,615 [681edbc6-a1fc-42a4-b5ce-4922820de60a@group-FD33B9583E3C-LeaderElection21] INFO  impl.RaftServerImpl (RaftServerImpl.java:setRole(184)) - 681edbc6-a1fc-42a4-b5ce-4922820de60a@group-FD33B9583E3C: changes role from CANDIDATE to FOLLOWER at term 6 for DISCOVERED_A_NEW_TERM
2019-10-18 14:30:18,615 [681edbc6-a1fc-42a4-b5ce-4922820de60a@group-FD33B9583E3C-LeaderElection21] INFO  impl.RoleInfo (RoleInfo.java:shutdownLeaderElection(134)) - 681edbc6-a1fc-42a4-b5ce-4922820de60a: shutdown LeaderElection
2019-10-18 14:30:18,615 [681edbc6-a1fc-42a4-b5ce-4922820de60a@group-FD33B9583E3C-LeaderElection21] INFO  impl.RoleInfo (RoleInfo.java:updateAndGet(143)) - 681edbc6-a1fc-42a4-b5ce-4922820de60a: start FollowerState
2019-10-18 14:30:18,650 [main] INFO  rpc.RpcClient (RpcClient.java:createBucket(411)) - Creating Bucket: datanodefailurehandlingtest/datanodefailurehandlingtest, with Versioning false and Storage Type set to DISK and Encryption set to false 
2019-10-18 14:30:18,670 [Thread-458] INFO  impl.FollowerState (FollowerState.java:run(108)) - 681edbc6-a1fc-42a4-b5ce-4922820de60a@group-FD33B9583E3C-FollowerState: change to CANDIDATE, lastRpcTime:54ms, electionTimeout:54ms
2019-10-18 14:30:18,670 [Thread-458] INFO  impl.RoleInfo (RoleInfo.java:shutdownFollowerState(121)) - 681edbc6-a1fc-42a4-b5ce-4922820de60a: shutdown FollowerState
2019-10-18 14:30:18,670 [Thread-458] INFO  impl.RaftServerImpl (RaftServerImpl.java:setRole(184)) - 681edbc6-a1fc-42a4-b5ce-4922820de60a@group-FD33B9583E3C: changes role from  FOLLOWER to CANDIDATE at term 6 for changeToCandidate
2019-10-18 14:30:18,670 [Thread-458] INFO  impl.RoleInfo (RoleInfo.java:updateAndGet(143)) - 681edbc6-a1fc-42a4-b5ce-4922820de60a: start LeaderElection
2019-10-18 14:30:18,685 [681edbc6-a1fc-42a4-b5ce-4922820de60a@group-FD33B9583E3C-LeaderElection22] INFO  impl.LeaderElection (LeaderElection.java:askForVotes(178)) - 681edbc6-a1fc-42a4-b5ce-4922820de60a@group-FD33B9583E3C-LeaderElection22: begin an election at term 7 for -1: [3ee7b367-7b16-44e1-99f8-43aefeda0876:192.168.164.233:46080, 681edbc6-a1fc-42a4-b5ce-4922820de60a:192.168.164.233:44267, 773cce60-eeca-4c1f-a5ec-70084be8b6b9:192.168.164.233:38729], old=null
2019-10-18 14:30:18,688 [grpc-default-executor-1] INFO  impl.RaftServerImpl (RaftServerImpl.java:setRole(184)) - 773cce60-eeca-4c1f-a5ec-70084be8b6b9@group-FD33B9583E3C: changes role from  FOLLOWER to FOLLOWER at term 7 for recognizeCandidate:681edbc6-a1fc-42a4-b5ce-4922820de60a
2019-10-18 14:30:18,688 [grpc-default-executor-3] INFO  impl.RaftServerImpl (RaftServerImpl.java:setRole(184)) - 3ee7b367-7b16-44e1-99f8-43aefeda0876@group-FD33B9583E3C: changes role from  FOLLOWER to FOLLOWER at term 7 for recognizeCandidate:681edbc6-a1fc-42a4-b5ce-4922820de60a
2019-10-18 14:30:18,688 [grpc-default-executor-1] INFO  impl.RoleInfo (RoleInfo.java:shutdownFollowerState(121)) - 773cce60-eeca-4c1f-a5ec-70084be8b6b9: shutdown FollowerState
2019-10-18 14:30:18,689 [grpc-default-executor-3] INFO  impl.RoleInfo (RoleInfo.java:shutdownFollowerState(121)) - 3ee7b367-7b16-44e1-99f8-43aefeda0876: shutdown FollowerState
2019-10-18 14:30:18,689 [Thread-457] INFO  impl.FollowerState (FollowerState.java:run(117)) - 773cce60-eeca-4c1f-a5ec-70084be8b6b9@group-FD33B9583E3C-FollowerState was interrupted: java.lang.InterruptedException: sleep interrupted
2019-10-18 14:30:18,689 [Thread-456] INFO  impl.FollowerState (FollowerState.java:run(117)) - 3ee7b367-7b16-44e1-99f8-43aefeda0876@group-FD33B9583E3C-FollowerState was interrupted: java.lang.InterruptedException: sleep interrupted
2019-10-18 14:30:18,689 [grpc-default-executor-3] INFO  impl.RoleInfo (RoleInfo.java:updateAndGet(143)) - 3ee7b367-7b16-44e1-99f8-43aefeda0876: start FollowerState
2019-10-18 14:30:18,689 [grpc-default-executor-1] INFO  impl.RoleInfo (RoleInfo.java:updateAndGet(143)) - 773cce60-eeca-4c1f-a5ec-70084be8b6b9: start FollowerState
2019-10-18 14:30:18,708 [681edbc6-a1fc-42a4-b5ce-4922820de60a@group-FD33B9583E3C-LeaderElection22] INFO  impl.LeaderElection (LeaderElection.java:logAndReturn(56)) - 681edbc6-a1fc-42a4-b5ce-4922820de60a@group-FD33B9583E3C-LeaderElection22: Election REJECTED; received 2 response(s) [681edbc6-a1fc-42a4-b5ce-4922820de60a<-3ee7b367-7b16-44e1-99f8-43aefeda0876#0:FAIL-t7, 681edbc6-a1fc-42a4-b5ce-4922820de60a<-773cce60-eeca-4c1f-a5ec-70084be8b6b9#0:FAIL-t7] and 0 exception(s); 681edbc6-a1fc-42a4-b5ce-4922820de60a@group-FD33B9583E3C:t7, leader=null, voted=681edbc6-a1fc-42a4-b5ce-4922820de60a, raftlog=681edbc6-a1fc-42a4-b5ce-4922820de60a@group-FD33B9583E3C-SegmentedRaftLog:OPENED:c-1,f-1,i0, conf=-1: [3ee7b367-7b16-44e1-99f8-43aefeda0876:192.168.164.233:46080, 681edbc6-a1fc-42a4-b5ce-4922820de60a:192.168.164.233:44267, 773cce60-eeca-4c1f-a5ec-70084be8b6b9:192.168.164.233:38729], old=null
2019-10-18 14:30:18,708 [681edbc6-a1fc-42a4-b5ce-4922820de60a@group-FD33B9583E3C-LeaderElection22] INFO  impl.RaftServerImpl (RaftServerImpl.java:setRole(184)) - 681edbc6-a1fc-42a4-b5ce-4922820de60a@group-FD33B9583E3C: changes role from CANDIDATE to FOLLOWER at term 7 for DISCOVERED_A_NEW_TERM
2019-10-18 14:30:18,708 [681edbc6-a1fc-42a4-b5ce-4922820de60a@group-FD33B9583E3C-LeaderElection22] INFO  impl.RoleInfo (RoleInfo.java:shutdownLeaderElection(134)) - 681edbc6-a1fc-42a4-b5ce-4922820de60a: shutdown LeaderElection
2019-10-18 14:30:18,708 [681edbc6-a1fc-42a4-b5ce-4922820de60a@group-FD33B9583E3C-LeaderElection22] INFO  impl.RoleInfo (RoleInfo.java:updateAndGet(143)) - 681edbc6-a1fc-42a4-b5ce-4922820de60a: start FollowerState
2019-10-18 14:30:18,808 [Thread-464] INFO  impl.FollowerState (FollowerState.java:run(108)) - 681edbc6-a1fc-42a4-b5ce-4922820de60a@group-FD33B9583E3C-FollowerState: change to CANDIDATE, lastRpcTime:100ms, electionTimeout:100ms
2019-10-18 14:30:18,813 [Thread-464] INFO  impl.RoleInfo (RoleInfo.java:shutdownFollowerState(121)) - 681edbc6-a1fc-42a4-b5ce-4922820de60a: shutdown FollowerState
2019-10-18 14:30:18,813 [Thread-464] INFO  impl.RaftServerImpl (RaftServerImpl.java:setRole(184)) - 681edbc6-a1fc-42a4-b5ce-4922820de60a@group-FD33B9583E3C: changes role from  FOLLOWER to CANDIDATE at term 7 for changeToCandidate
2019-10-18 14:30:18,814 [Thread-464] INFO  impl.RoleInfo (RoleInfo.java:updateAndGet(143)) - 681edbc6-a1fc-42a4-b5ce-4922820de60a: start LeaderElection
2019-10-18 14:30:18,836 [681edbc6-a1fc-42a4-b5ce-4922820de60a@group-FD33B9583E3C-LeaderElection23] INFO  impl.LeaderElection (LeaderElection.java:askForVotes(178)) - 681edbc6-a1fc-42a4-b5ce-4922820de60a@group-FD33B9583E3C-LeaderElection23: begin an election at term 8 for -1: [3ee7b367-7b16-44e1-99f8-43aefeda0876:192.168.164.233:46080, 681edbc6-a1fc-42a4-b5ce-4922820de60a:192.168.164.233:44267, 773cce60-eeca-4c1f-a5ec-70084be8b6b9:192.168.164.233:38729], old=null
2019-10-18 14:30:18,839 [grpc-default-executor-4] INFO  impl.RaftServerImpl (RaftServerImpl.java:setRole(184)) - 3ee7b367-7b16-44e1-99f8-43aefeda0876@group-FD33B9583E3C: changes role from  FOLLOWER to FOLLOWER at term 8 for recognizeCandidate:681edbc6-a1fc-42a4-b5ce-4922820de60a
2019-10-18 14:30:18,839 [grpc-default-executor-1] INFO  impl.RaftServerImpl (RaftServerImpl.java:setRole(184)) - 773cce60-eeca-4c1f-a5ec-70084be8b6b9@group-FD33B9583E3C: changes role from  FOLLOWER to FOLLOWER at term 8 for recognizeCandidate:681edbc6-a1fc-42a4-b5ce-4922820de60a
2019-10-18 14:30:18,839 [grpc-default-executor-4] INFO  impl.RoleInfo (RoleInfo.java:shutdownFollowerState(121)) - 3ee7b367-7b16-44e1-99f8-43aefeda0876: shutdown FollowerState
2019-10-18 14:30:18,840 [grpc-default-executor-1] INFO  impl.RoleInfo (RoleInfo.java:shutdownFollowerState(121)) - 773cce60-eeca-4c1f-a5ec-70084be8b6b9: shutdown FollowerState
2019-10-18 14:30:18,840 [grpc-default-executor-4] INFO  impl.RoleInfo (RoleInfo.java:updateAndGet(143)) - 3ee7b367-7b16-44e1-99f8-43aefeda0876: start FollowerState
2019-10-18 14:30:18,840 [681edbc6-a1fc-42a4-b5ce-4922820de60a@group-FD33B9583E3C-LeaderElection23] INFO  impl.LeaderElection (LeaderElection.java:logAndReturn(56)) - 681edbc6-a1fc-42a4-b5ce-4922820de60a@group-FD33B9583E3C-LeaderElection23: Election TIMEOUT; received 0 response(s) [] and 0 exception(s); 681edbc6-a1fc-42a4-b5ce-4922820de60a@group-FD33B9583E3C:t8, leader=null, voted=681edbc6-a1fc-42a4-b5ce-4922820de60a, raftlog=681edbc6-a1fc-42a4-b5ce-4922820de60a@group-FD33B9583E3C-SegmentedRaftLog:OPENED:c-1,f-1,i0, conf=-1: [3ee7b367-7b16-44e1-99f8-43aefeda0876:192.168.164.233:46080, 681edbc6-a1fc-42a4-b5ce-4922820de60a:192.168.164.233:44267, 773cce60-eeca-4c1f-a5ec-70084be8b6b9:192.168.164.233:38729], old=null
2019-10-18 14:30:18,840 [Thread-462] INFO  impl.FollowerState (FollowerState.java:run(117)) - 773cce60-eeca-4c1f-a5ec-70084be8b6b9@group-FD33B9583E3C-FollowerState was interrupted: java.lang.InterruptedException: sleep interrupted
2019-10-18 14:30:18,840 [grpc-default-executor-1] INFO  impl.RoleInfo (RoleInfo.java:updateAndGet(143)) - 773cce60-eeca-4c1f-a5ec-70084be8b6b9: start FollowerState
2019-10-18 14:30:18,840 [Thread-463] INFO  impl.FollowerState (FollowerState.java:run(117)) - 3ee7b367-7b16-44e1-99f8-43aefeda0876@group-FD33B9583E3C-FollowerState was interrupted: java.lang.InterruptedException: sleep interrupted
2019-10-18 14:30:18,859 [681edbc6-a1fc-42a4-b5ce-4922820de60a@group-FD33B9583E3C-LeaderElection23] INFO  impl.LeaderElection (LeaderElection.java:askForVotes(178)) - 681edbc6-a1fc-42a4-b5ce-4922820de60a@group-FD33B9583E3C-LeaderElection23: begin an election at term 9 for -1: [3ee7b367-7b16-44e1-99f8-43aefeda0876:192.168.164.233:46080, 681edbc6-a1fc-42a4-b5ce-4922820de60a:192.168.164.233:44267, 773cce60-eeca-4c1f-a5ec-70084be8b6b9:192.168.164.233:38729], old=null
2019-10-18 14:30:18,861 [grpc-default-executor-1] INFO  impl.RaftServerImpl (RaftServerImpl.java:setRole(184)) - 3ee7b367-7b16-44e1-99f8-43aefeda0876@group-FD33B9583E3C: changes role from  FOLLOWER to FOLLOWER at term 9 for recognizeCandidate:681edbc6-a1fc-42a4-b5ce-4922820de60a
2019-10-18 14:30:18,861 [grpc-default-executor-4] INFO  impl.RaftServerImpl (RaftServerImpl.java:setRole(184)) - 773cce60-eeca-4c1f-a5ec-70084be8b6b9@group-FD33B9583E3C: changes role from  FOLLOWER to FOLLOWER at term 9 for recognizeCandidate:681edbc6-a1fc-42a4-b5ce-4922820de60a
2019-10-18 14:30:18,861 [grpc-default-executor-1] INFO  impl.RoleInfo (RoleInfo.java:shutdownFollowerState(121)) - 3ee7b367-7b16-44e1-99f8-43aefeda0876: shutdown FollowerState
2019-10-18 14:30:18,861 [grpc-default-executor-4] INFO  impl.RoleInfo (RoleInfo.java:shutdownFollowerState(121)) - 773cce60-eeca-4c1f-a5ec-70084be8b6b9: shutdown FollowerState
2019-10-18 14:30:18,861 [Thread-472] INFO  impl.FollowerState (FollowerState.java:run(117)) - 3ee7b367-7b16-44e1-99f8-43aefeda0876@group-FD33B9583E3C-FollowerState was interrupted: java.lang.InterruptedException: sleep interrupted
2019-10-18 14:30:18,861 [grpc-default-executor-1] INFO  impl.RoleInfo (RoleInfo.java:updateAndGet(143)) - 3ee7b367-7b16-44e1-99f8-43aefeda0876: start FollowerState
2019-10-18 14:30:18,862 [grpc-default-executor-4] INFO  impl.RoleInfo (RoleInfo.java:updateAndGet(143)) - 773cce60-eeca-4c1f-a5ec-70084be8b6b9: start FollowerState
2019-10-18 14:30:18,862 [Thread-473] INFO  impl.FollowerState (FollowerState.java:run(117)) - 773cce60-eeca-4c1f-a5ec-70084be8b6b9@group-FD33B9583E3C-FollowerState was interrupted: java.lang.InterruptedException: sleep interrupted
2019-10-18 14:30:18,891 [681edbc6-a1fc-42a4-b5ce-4922820de60a@group-FD33B9583E3C-LeaderElection23] INFO  impl.LeaderElection (LeaderElection.java:logAndReturn(56)) - 681edbc6-a1fc-42a4-b5ce-4922820de60a@group-FD33B9583E3C-LeaderElection23: Election REJECTED; received 2 response(s) [681edbc6-a1fc-42a4-b5ce-4922820de60a<-3ee7b367-7b16-44e1-99f8-43aefeda0876#0:FAIL-t9, 681edbc6-a1fc-42a4-b5ce-4922820de60a<-773cce60-eeca-4c1f-a5ec-70084be8b6b9#0:FAIL-t9] and 0 exception(s); 681edbc6-a1fc-42a4-b5ce-4922820de60a@group-FD33B9583E3C:t9, leader=null, voted=681edbc6-a1fc-42a4-b5ce-4922820de60a, raftlog=681edbc6-a1fc-42a4-b5ce-4922820de60a@group-FD33B9583E3C-SegmentedRaftLog:OPENED:c-1,f-1,i0, conf=-1: [3ee7b367-7b16-44e1-99f8-43aefeda0876:192.168.164.233:46080, 681edbc6-a1fc-42a4-b5ce-4922820de60a:192.168.164.233:44267, 773cce60-eeca-4c1f-a5ec-70084be8b6b9:192.168.164.233:38729], old=null
2019-10-18 14:30:18,891 [681edbc6-a1fc-42a4-b5ce-4922820de60a@group-FD33B9583E3C-LeaderElection23] INFO  impl.RaftServerImpl (RaftServerImpl.java:setRole(184)) - 681edbc6-a1fc-42a4-b5ce-4922820de60a@group-FD33B9583E3C: changes role from CANDIDATE to FOLLOWER at term 9 for DISCOVERED_A_NEW_TERM
2019-10-18 14:30:18,891 [681edbc6-a1fc-42a4-b5ce-4922820de60a@group-FD33B9583E3C-LeaderElection23] INFO  impl.RoleInfo (RoleInfo.java:shutdownLeaderElection(134)) - 681edbc6-a1fc-42a4-b5ce-4922820de60a: shutdown LeaderElection
2019-10-18 14:30:18,891 [681edbc6-a1fc-42a4-b5ce-4922820de60a@group-FD33B9583E3C-LeaderElection23] INFO  impl.RoleInfo (RoleInfo.java:updateAndGet(143)) - 681edbc6-a1fc-42a4-b5ce-4922820de60a: start FollowerState
2019-10-18 14:30:19,078 [Thread-478] INFO  impl.FollowerState (FollowerState.java:run(108)) - 681edbc6-a1fc-42a4-b5ce-4922820de60a@group-FD33B9583E3C-FollowerState: change to CANDIDATE, lastRpcTime:186ms, electionTimeout:186ms
2019-10-18 14:30:19,091 [Thread-478] INFO  impl.RoleInfo (RoleInfo.java:shutdownFollowerState(121)) - 681edbc6-a1fc-42a4-b5ce-4922820de60a: shutdown FollowerState
2019-10-18 14:30:19,091 [Thread-478] INFO  impl.RaftServerImpl (RaftServerImpl.java:setRole(184)) - 681edbc6-a1fc-42a4-b5ce-4922820de60a@group-FD33B9583E3C: changes role from  FOLLOWER to CANDIDATE at term 9 for changeToCandidate
2019-10-18 14:30:19,092 [Thread-478] INFO  impl.RoleInfo (RoleInfo.java:updateAndGet(143)) - 681edbc6-a1fc-42a4-b5ce-4922820de60a: start LeaderElection
2019-10-18 14:30:19,107 [681edbc6-a1fc-42a4-b5ce-4922820de60a@group-FD33B9583E3C-LeaderElection24] INFO  impl.LeaderElection (LeaderElection.java:askForVotes(178)) - 681edbc6-a1fc-42a4-b5ce-4922820de60a@group-FD33B9583E3C-LeaderElection24: begin an election at term 10 for -1: [3ee7b367-7b16-44e1-99f8-43aefeda0876:192.168.164.233:46080, 681edbc6-a1fc-42a4-b5ce-4922820de60a:192.168.164.233:44267, 773cce60-eeca-4c1f-a5ec-70084be8b6b9:192.168.164.233:38729], old=null
2019-10-18 14:30:19,119 [681edbc6-a1fc-42a4-b5ce-4922820de60a@group-FD33B9583E3C-LeaderElection24] INFO  impl.LeaderElection (LeaderElection.java:logAndReturn(56)) - 681edbc6-a1fc-42a4-b5ce-4922820de60a@group-FD33B9583E3C-LeaderElection24: Election TIMEOUT; received 0 response(s) [] and 0 exception(s); 681edbc6-a1fc-42a4-b5ce-4922820de60a@group-FD33B9583E3C:t10, leader=null, voted=681edbc6-a1fc-42a4-b5ce-4922820de60a, raftlog=681edbc6-a1fc-42a4-b5ce-4922820de60a@group-FD33B9583E3C-SegmentedRaftLog:OPENED:c-1,f-1,i0, conf=-1: [3ee7b367-7b16-44e1-99f8-43aefeda0876:192.168.164.233:46080, 681edbc6-a1fc-42a4-b5ce-4922820de60a:192.168.164.233:44267, 773cce60-eeca-4c1f-a5ec-70084be8b6b9:192.168.164.233:38729], old=null
2019-10-18 14:30:19,120 [grpc-default-executor-4] INFO  impl.RaftServerImpl (RaftServerImpl.java:setRole(184)) - 773cce60-eeca-4c1f-a5ec-70084be8b6b9@group-FD33B9583E3C: changes role from  FOLLOWER to FOLLOWER at term 10 for recognizeCandidate:681edbc6-a1fc-42a4-b5ce-4922820de60a
2019-10-18 14:30:19,121 [grpc-default-executor-4] INFO  impl.RoleInfo (RoleInfo.java:shutdownFollowerState(121)) - 773cce60-eeca-4c1f-a5ec-70084be8b6b9: shutdown FollowerState
2019-10-18 14:30:19,141 [Thread-477] INFO  impl.FollowerState (FollowerState.java:run(117)) - 773cce60-eeca-4c1f-a5ec-70084be8b6b9@group-FD33B9583E3C-FollowerState was interrupted: java.lang.InterruptedException: sleep interrupted
2019-10-18 14:30:19,150 [grpc-default-executor-4] INFO  impl.RoleInfo (RoleInfo.java:updateAndGet(143)) - 773cce60-eeca-4c1f-a5ec-70084be8b6b9: start FollowerState
2019-10-18 14:30:19,154 [grpc-default-executor-1] INFO  impl.RaftServerImpl (RaftServerImpl.java:setRole(184)) - 3ee7b367-7b16-44e1-99f8-43aefeda0876@group-FD33B9583E3C: changes role from  FOLLOWER to FOLLOWER at term 10 for recognizeCandidate:681edbc6-a1fc-42a4-b5ce-4922820de60a
2019-10-18 14:30:19,154 [grpc-default-executor-1] INFO  impl.RoleInfo (RoleInfo.java:shutdownFollowerState(121)) - 3ee7b367-7b16-44e1-99f8-43aefeda0876: shutdown FollowerState
2019-10-18 14:30:19,154 [Thread-476] INFO  impl.FollowerState (FollowerState.java:run(117)) - 3ee7b367-7b16-44e1-99f8-43aefeda0876@group-FD33B9583E3C-FollowerState was interrupted: java.lang.InterruptedException: sleep interrupted
2019-10-18 14:30:19,154 [grpc-default-executor-1] INFO  impl.RoleInfo (RoleInfo.java:updateAndGet(143)) - 3ee7b367-7b16-44e1-99f8-43aefeda0876: start FollowerState
2019-10-18 14:30:19,171 [681edbc6-a1fc-42a4-b5ce-4922820de60a@group-FD33B9583E3C-LeaderElection24] INFO  impl.LeaderElection (LeaderElection.java:askForVotes(178)) - 681edbc6-a1fc-42a4-b5ce-4922820de60a@group-FD33B9583E3C-LeaderElection24: begin an election at term 11 for -1: [3ee7b367-7b16-44e1-99f8-43aefeda0876:192.168.164.233:46080, 681edbc6-a1fc-42a4-b5ce-4922820de60a:192.168.164.233:44267, 773cce60-eeca-4c1f-a5ec-70084be8b6b9:192.168.164.233:38729], old=null
2019-10-18 14:30:19,185 [grpc-default-executor-1] INFO  impl.RaftServerImpl (RaftServerImpl.java:setRole(184)) - 3ee7b367-7b16-44e1-99f8-43aefeda0876@group-FD33B9583E3C: changes role from  FOLLOWER to FOLLOWER at term 11 for recognizeCandidate:681edbc6-a1fc-42a4-b5ce-4922820de60a
2019-10-18 14:30:19,185 [grpc-default-executor-4] INFO  impl.RaftServerImpl (RaftServerImpl.java:setRole(184)) - 773cce60-eeca-4c1f-a5ec-70084be8b6b9@group-FD33B9583E3C: changes role from  FOLLOWER to FOLLOWER at term 11 for recognizeCandidate:681edbc6-a1fc-42a4-b5ce-4922820de60a
2019-10-18 14:30:19,185 [grpc-default-executor-1] INFO  impl.RoleInfo (RoleInfo.java:shutdownFollowerState(121)) - 3ee7b367-7b16-44e1-99f8-43aefeda0876: shutdown FollowerState
2019-10-18 14:30:19,186 [grpc-default-executor-4] INFO  impl.RoleInfo (RoleInfo.java:shutdownFollowerState(121)) - 773cce60-eeca-4c1f-a5ec-70084be8b6b9: shutdown FollowerState
2019-10-18 14:30:19,205 [Thread-482] INFO  impl.FollowerState (FollowerState.java:run(117)) - 773cce60-eeca-4c1f-a5ec-70084be8b6b9@group-FD33B9583E3C-FollowerState was interrupted: java.lang.InterruptedException: sleep interrupted
2019-10-18 14:30:19,205 [grpc-default-executor-1] INFO  impl.RoleInfo (RoleInfo.java:updateAndGet(143)) - 3ee7b367-7b16-44e1-99f8-43aefeda0876: start FollowerState
2019-10-18 14:30:19,205 [grpc-default-executor-4] INFO  impl.RoleInfo (RoleInfo.java:updateAndGet(143)) - 773cce60-eeca-4c1f-a5ec-70084be8b6b9: start FollowerState
2019-10-18 14:30:19,205 [Thread-483] INFO  impl.FollowerState (FollowerState.java:run(117)) - 3ee7b367-7b16-44e1-99f8-43aefeda0876@group-FD33B9583E3C-FollowerState was interrupted: java.lang.InterruptedException: sleep interrupted
2019-10-18 14:30:19,230 [681edbc6-a1fc-42a4-b5ce-4922820de60a@group-FD33B9583E3C-LeaderElection24] INFO  impl.LeaderElection (LeaderElection.java:logAndReturn(56)) - 681edbc6-a1fc-42a4-b5ce-4922820de60a@group-FD33B9583E3C-LeaderElection24: Election REJECTED; received 2 response(s) [681edbc6-a1fc-42a4-b5ce-4922820de60a<-3ee7b367-7b16-44e1-99f8-43aefeda0876#0:FAIL-t11, 681edbc6-a1fc-42a4-b5ce-4922820de60a<-773cce60-eeca-4c1f-a5ec-70084be8b6b9#0:FAIL-t11] and 0 exception(s); 681edbc6-a1fc-42a4-b5ce-4922820de60a@group-FD33B9583E3C:t11, leader=null, voted=681edbc6-a1fc-42a4-b5ce-4922820de60a, raftlog=681edbc6-a1fc-42a4-b5ce-4922820de60a@group-FD33B9583E3C-SegmentedRaftLog:OPENED:c-1,f-1,i0, conf=-1: [3ee7b367-7b16-44e1-99f8-43aefeda0876:192.168.164.233:46080, 681edbc6-a1fc-42a4-b5ce-4922820de60a:192.168.164.233:44267, 773cce60-eeca-4c1f-a5ec-70084be8b6b9:192.168.164.233:38729], old=null
2019-10-18 14:30:19,231 [681edbc6-a1fc-42a4-b5ce-4922820de60a@group-FD33B9583E3C-LeaderElection24] INFO  impl.RaftServerImpl (RaftServerImpl.java:setRole(184)) - 681edbc6-a1fc-42a4-b5ce-4922820de60a@group-FD33B9583E3C: changes role from CANDIDATE to FOLLOWER at term 11 for DISCOVERED_A_NEW_TERM
2019-10-18 14:30:19,231 [681edbc6-a1fc-42a4-b5ce-4922820de60a@group-FD33B9583E3C-LeaderElection24] INFO  impl.RoleInfo (RoleInfo.java:shutdownLeaderElection(134)) - 681edbc6-a1fc-42a4-b5ce-4922820de60a: shutdown LeaderElection
2019-10-18 14:30:19,231 [681edbc6-a1fc-42a4-b5ce-4922820de60a@group-FD33B9583E3C-LeaderElection24] INFO  impl.RoleInfo (RoleInfo.java:updateAndGet(143)) - 681edbc6-a1fc-42a4-b5ce-4922820de60a: start FollowerState
2019-10-18 14:30:19,281 [Timer for 'StorageContainerManager' metrics system] INFO  lib.Interns (Interns.java:removeEldestEntry(50)) - Metrics intern cache overflow at 2011 for MetricsSystem={MetricsSystem=MetricsInfoImpl{name=MetricsSystem, description=MetricsSystem}, MetricsSystem record=MetricsInfoImpl{name=MetricsSystem, description=MetricsSystem record}}
2019-10-18 14:30:19,286 [main] INFO  impl.MetricsSystemImpl (MetricsSystemImpl.java:init(158)) - XceiverClientMetrics metrics system started (again)
2019-10-18 14:30:19,351 [Thread-488] INFO  impl.FollowerState (FollowerState.java:run(108)) - 681edbc6-a1fc-42a4-b5ce-4922820de60a@group-FD33B9583E3C-FollowerState: change to CANDIDATE, lastRpcTime:120ms, electionTimeout:120ms
2019-10-18 14:30:19,351 [Thread-488] INFO  impl.RoleInfo (RoleInfo.java:shutdownFollowerState(121)) - 681edbc6-a1fc-42a4-b5ce-4922820de60a: shutdown FollowerState
2019-10-18 14:30:19,351 [Thread-488] INFO  impl.RaftServerImpl (RaftServerImpl.java:setRole(184)) - 681edbc6-a1fc-42a4-b5ce-4922820de60a@group-FD33B9583E3C: changes role from  FOLLOWER to CANDIDATE at term 11 for changeToCandidate
2019-10-18 14:30:19,352 [Thread-488] INFO  impl.RoleInfo (RoleInfo.java:updateAndGet(143)) - 681edbc6-a1fc-42a4-b5ce-4922820de60a: start LeaderElection
2019-10-18 14:30:19,365 [681edbc6-a1fc-42a4-b5ce-4922820de60a@group-FD33B9583E3C-LeaderElection25] INFO  impl.LeaderElection (LeaderElection.java:askForVotes(178)) - 681edbc6-a1fc-42a4-b5ce-4922820de60a@group-FD33B9583E3C-LeaderElection25: begin an election at term 12 for -1: [3ee7b367-7b16-44e1-99f8-43aefeda0876:192.168.164.233:46080, 681edbc6-a1fc-42a4-b5ce-4922820de60a:192.168.164.233:44267, 773cce60-eeca-4c1f-a5ec-70084be8b6b9:192.168.164.233:38729], old=null
2019-10-18 14:30:19,368 [grpc-default-executor-1] INFO  impl.RaftServerImpl (RaftServerImpl.java:setRole(184)) - 773cce60-eeca-4c1f-a5ec-70084be8b6b9@group-FD33B9583E3C: changes role from  FOLLOWER to FOLLOWER at term 12 for recognizeCandidate:681edbc6-a1fc-42a4-b5ce-4922820de60a
2019-10-18 14:30:19,368 [grpc-default-executor-5] INFO  impl.RaftServerImpl (RaftServerImpl.java:setRole(184)) - 3ee7b367-7b16-44e1-99f8-43aefeda0876@group-FD33B9583E3C: changes role from  FOLLOWER to FOLLOWER at term 12 for recognizeCandidate:681edbc6-a1fc-42a4-b5ce-4922820de60a
2019-10-18 14:30:19,368 [grpc-default-executor-1] INFO  impl.RoleInfo (RoleInfo.java:shutdownFollowerState(121)) - 773cce60-eeca-4c1f-a5ec-70084be8b6b9: shutdown FollowerState
2019-10-18 14:30:19,368 [grpc-default-executor-5] INFO  impl.RoleInfo (RoleInfo.java:shutdownFollowerState(121)) - 3ee7b367-7b16-44e1-99f8-43aefeda0876: shutdown FollowerState
2019-10-18 14:30:19,368 [grpc-default-executor-1] INFO  impl.RoleInfo (RoleInfo.java:updateAndGet(143)) - 773cce60-eeca-4c1f-a5ec-70084be8b6b9: start FollowerState
2019-10-18 14:30:19,368 [Thread-486] INFO  impl.FollowerState (FollowerState.java:run(117)) - 773cce60-eeca-4c1f-a5ec-70084be8b6b9@group-FD33B9583E3C-FollowerState was interrupted: java.lang.InterruptedException: sleep interrupted
2019-10-18 14:30:19,368 [Thread-487] INFO  impl.FollowerState (FollowerState.java:run(117)) - 3ee7b367-7b16-44e1-99f8-43aefeda0876@group-FD33B9583E3C-FollowerState was interrupted: java.lang.InterruptedException: sleep interrupted
2019-10-18 14:30:19,368 [grpc-default-executor-5] INFO  impl.RoleInfo (RoleInfo.java:updateAndGet(143)) - 3ee7b367-7b16-44e1-99f8-43aefeda0876: start FollowerState
2019-10-18 14:30:19,385 [681edbc6-a1fc-42a4-b5ce-4922820de60a@group-FD33B9583E3C-LeaderElection25] INFO  impl.LeaderElection (LeaderElection.java:logAndReturn(56)) - 681edbc6-a1fc-42a4-b5ce-4922820de60a@group-FD33B9583E3C-LeaderElection25: Election REJECTED; received 2 response(s) [681edbc6-a1fc-42a4-b5ce-4922820de60a<-3ee7b367-7b16-44e1-99f8-43aefeda0876#0:FAIL-t12, 681edbc6-a1fc-42a4-b5ce-4922820de60a<-773cce60-eeca-4c1f-a5ec-70084be8b6b9#0:FAIL-t12] and 0 exception(s); 681edbc6-a1fc-42a4-b5ce-4922820de60a@group-FD33B9583E3C:t12, leader=null, voted=681edbc6-a1fc-42a4-b5ce-4922820de60a, raftlog=681edbc6-a1fc-42a4-b5ce-4922820de60a@group-FD33B9583E3C-SegmentedRaftLog:OPENED:c-1,f-1,i0, conf=-1: [3ee7b367-7b16-44e1-99f8-43aefeda0876:192.168.164.233:46080, 681edbc6-a1fc-42a4-b5ce-4922820de60a:192.168.164.233:44267, 773cce60-eeca-4c1f-a5ec-70084be8b6b9:192.168.164.233:38729], old=null
2019-10-18 14:30:19,386 [681edbc6-a1fc-42a4-b5ce-4922820de60a@group-FD33B9583E3C-LeaderElection25] INFO  impl.RaftServerImpl (RaftServerImpl.java:setRole(184)) - 681edbc6-a1fc-42a4-b5ce-4922820de60a@group-FD33B9583E3C: changes role from CANDIDATE to FOLLOWER at term 12 for DISCOVERED_A_NEW_TERM
2019-10-18 14:30:19,386 [681edbc6-a1fc-42a4-b5ce-4922820de60a@group-FD33B9583E3C-LeaderElection25] INFO  impl.RoleInfo (RoleInfo.java:shutdownLeaderElection(134)) - 681edbc6-a1fc-42a4-b5ce-4922820de60a: shutdown LeaderElection
2019-10-18 14:30:19,386 [681edbc6-a1fc-42a4-b5ce-4922820de60a@group-FD33B9583E3C-LeaderElection25] INFO  impl.RoleInfo (RoleInfo.java:updateAndGet(143)) - 681edbc6-a1fc-42a4-b5ce-4922820de60a: start FollowerState
2019-10-18 14:30:19,568 [Thread-498] INFO  impl.FollowerState (FollowerState.java:run(108)) - 681edbc6-a1fc-42a4-b5ce-4922820de60a@group-FD33B9583E3C-FollowerState: change to CANDIDATE, lastRpcTime:182ms, electionTimeout:182ms
2019-10-18 14:30:19,576 [Thread-498] INFO  impl.RoleInfo (RoleInfo.java:shutdownFollowerState(121)) - 681edbc6-a1fc-42a4-b5ce-4922820de60a: shutdown FollowerState
2019-10-18 14:30:19,577 [Thread-498] INFO  impl.RaftServerImpl (RaftServerImpl.java:setRole(184)) - 681edbc6-a1fc-42a4-b5ce-4922820de60a@group-FD33B9583E3C: changes role from  FOLLOWER to CANDIDATE at term 12 for changeToCandidate
2019-10-18 14:30:19,578 [Thread-498] INFO  impl.RoleInfo (RoleInfo.java:updateAndGet(143)) - 681edbc6-a1fc-42a4-b5ce-4922820de60a: start LeaderElection
2019-10-18 14:30:19,591 [681edbc6-a1fc-42a4-b5ce-4922820de60a@group-FD33B9583E3C-LeaderElection26] INFO  impl.LeaderElection (LeaderElection.java:askForVotes(178)) - 681edbc6-a1fc-42a4-b5ce-4922820de60a@group-FD33B9583E3C-LeaderElection26: begin an election at term 13 for -1: [3ee7b367-7b16-44e1-99f8-43aefeda0876:192.168.164.233:46080, 681edbc6-a1fc-42a4-b5ce-4922820de60a:192.168.164.233:44267, 773cce60-eeca-4c1f-a5ec-70084be8b6b9:192.168.164.233:38729], old=null
2019-10-18 14:30:19,594 [grpc-default-executor-5] INFO  impl.RaftServerImpl (RaftServerImpl.java:setRole(184)) - 773cce60-eeca-4c1f-a5ec-70084be8b6b9@group-FD33B9583E3C: changes role from  FOLLOWER to FOLLOWER at term 13 for recognizeCandidate:681edbc6-a1fc-42a4-b5ce-4922820de60a
2019-10-18 14:30:19,594 [grpc-default-executor-1] INFO  impl.RaftServerImpl (RaftServerImpl.java:setRole(184)) - 3ee7b367-7b16-44e1-99f8-43aefeda0876@group-FD33B9583E3C: changes role from  FOLLOWER to FOLLOWER at term 13 for recognizeCandidate:681edbc6-a1fc-42a4-b5ce-4922820de60a
2019-10-18 14:30:19,594 [grpc-default-executor-5] INFO  impl.RoleInfo (RoleInfo.java:shutdownFollowerState(121)) - 773cce60-eeca-4c1f-a5ec-70084be8b6b9: shutdown FollowerState
2019-10-18 14:30:19,594 [grpc-default-executor-1] INFO  impl.RoleInfo (RoleInfo.java:shutdownFollowerState(121)) - 3ee7b367-7b16-44e1-99f8-43aefeda0876: shutdown FollowerState
2019-10-18 14:30:19,595 [Thread-496] INFO  impl.FollowerState (FollowerState.java:run(117)) - 773cce60-eeca-4c1f-a5ec-70084be8b6b9@group-FD33B9583E3C-FollowerState was interrupted: java.lang.InterruptedException: sleep interrupted
2019-10-18 14:30:19,595 [Thread-497] INFO  impl.FollowerState (FollowerState.java:run(117)) - 3ee7b367-7b16-44e1-99f8-43aefeda0876@group-FD33B9583E3C-FollowerState was interrupted: java.lang.InterruptedException: sleep interrupted
2019-10-18 14:30:19,595 [grpc-default-executor-5] INFO  impl.RoleInfo (RoleInfo.java:updateAndGet(143)) - 773cce60-eeca-4c1f-a5ec-70084be8b6b9: start FollowerState
2019-10-18 14:30:19,595 [grpc-default-executor-1] INFO  impl.RoleInfo (RoleInfo.java:updateAndGet(143)) - 3ee7b367-7b16-44e1-99f8-43aefeda0876: start FollowerState
2019-10-18 14:30:19,610 [681edbc6-a1fc-42a4-b5ce-4922820de60a@group-FD33B9583E3C-LeaderElection26] INFO  impl.LeaderElection (LeaderElection.java:logAndReturn(56)) - 681edbc6-a1fc-42a4-b5ce-4922820de60a@group-FD33B9583E3C-LeaderElection26: Election REJECTED; received 2 response(s) [681edbc6-a1fc-42a4-b5ce-4922820de60a<-3ee7b367-7b16-44e1-99f8-43aefeda0876#0:FAIL-t13, 681edbc6-a1fc-42a4-b5ce-4922820de60a<-773cce60-eeca-4c1f-a5ec-70084be8b6b9#0:FAIL-t13] and 0 exception(s); 681edbc6-a1fc-42a4-b5ce-4922820de60a@group-FD33B9583E3C:t13, leader=null, voted=681edbc6-a1fc-42a4-b5ce-4922820de60a, raftlog=681edbc6-a1fc-42a4-b5ce-4922820de60a@group-FD33B9583E3C-SegmentedRaftLog:OPENED:c-1,f-1,i0, conf=-1: [3ee7b367-7b16-44e1-99f8-43aefeda0876:192.168.164.233:46080, 681edbc6-a1fc-42a4-b5ce-4922820de60a:192.168.164.233:44267, 773cce60-eeca-4c1f-a5ec-70084be8b6b9:192.168.164.233:38729], old=null
2019-10-18 14:30:19,610 [681edbc6-a1fc-42a4-b5ce-4922820de60a@group-FD33B9583E3C-LeaderElection26] INFO  impl.RaftServerImpl (RaftServerImpl.java:setRole(184)) - 681edbc6-a1fc-42a4-b5ce-4922820de60a@group-FD33B9583E3C: changes role from CANDIDATE to FOLLOWER at term 13 for DISCOVERED_A_NEW_TERM
2019-10-18 14:30:19,610 [681edbc6-a1fc-42a4-b5ce-4922820de60a@group-FD33B9583E3C-LeaderElection26] INFO  impl.RoleInfo (RoleInfo.java:shutdownLeaderElection(134)) - 681edbc6-a1fc-42a4-b5ce-4922820de60a: shutdown LeaderElection
2019-10-18 14:30:19,611 [681edbc6-a1fc-42a4-b5ce-4922820de60a@group-FD33B9583E3C-LeaderElection26] INFO  impl.RoleInfo (RoleInfo.java:updateAndGet(143)) - 681edbc6-a1fc-42a4-b5ce-4922820de60a: start FollowerState
2019-10-18 14:30:19,722 [Thread-507] INFO  impl.FollowerState (FollowerState.java:run(108)) - 681edbc6-a1fc-42a4-b5ce-4922820de60a@group-FD33B9583E3C-FollowerState: change to CANDIDATE, lastRpcTime:111ms, electionTimeout:111ms
2019-10-18 14:30:19,725 [Thread-507] INFO  impl.RoleInfo (RoleInfo.java:shutdownFollowerState(121)) - 681edbc6-a1fc-42a4-b5ce-4922820de60a: shutdown FollowerState
2019-10-18 14:30:19,725 [Thread-507] INFO  impl.RaftServerImpl (RaftServerImpl.java:setRole(184)) - 681edbc6-a1fc-42a4-b5ce-4922820de60a@group-FD33B9583E3C: changes role from  FOLLOWER to CANDIDATE at term 13 for changeToCandidate
2019-10-18 14:30:19,726 [Thread-507] INFO  impl.RoleInfo (RoleInfo.java:updateAndGet(143)) - 681edbc6-a1fc-42a4-b5ce-4922820de60a: start LeaderElection
2019-10-18 14:30:19,739 [681edbc6-a1fc-42a4-b5ce-4922820de60a@group-FD33B9583E3C-LeaderElection27] INFO  impl.LeaderElection (LeaderElection.java:askForVotes(178)) - 681edbc6-a1fc-42a4-b5ce-4922820de60a@group-FD33B9583E3C-LeaderElection27: begin an election at term 14 for -1: [3ee7b367-7b16-44e1-99f8-43aefeda0876:192.168.164.233:46080, 681edbc6-a1fc-42a4-b5ce-4922820de60a:192.168.164.233:44267, 773cce60-eeca-4c1f-a5ec-70084be8b6b9:192.168.164.233:38729], old=null
2019-10-18 14:30:19,741 [grpc-default-executor-1] INFO  impl.RaftServerImpl (RaftServerImpl.java:setRole(184)) - 773cce60-eeca-4c1f-a5ec-70084be8b6b9@group-FD33B9583E3C: changes role from  FOLLOWER to FOLLOWER at term 14 for recognizeCandidate:681edbc6-a1fc-42a4-b5ce-4922820de60a
2019-10-18 14:30:19,741 [grpc-default-executor-5] INFO  impl.RaftServerImpl (RaftServerImpl.java:setRole(184)) - 3ee7b367-7b16-44e1-99f8-43aefeda0876@group-FD33B9583E3C: changes role from  FOLLOWER to FOLLOWER at term 14 for recognizeCandidate:681edbc6-a1fc-42a4-b5ce-4922820de60a
2019-10-18 14:30:19,742 [grpc-default-executor-1] INFO  impl.RoleInfo (RoleInfo.java:shutdownFollowerState(121)) - 773cce60-eeca-4c1f-a5ec-70084be8b6b9: shutdown FollowerState
2019-10-18 14:30:19,742 [grpc-default-executor-5] INFO  impl.RoleInfo (RoleInfo.java:shutdownFollowerState(121)) - 3ee7b367-7b16-44e1-99f8-43aefeda0876: shutdown FollowerState
2019-10-18 14:30:19,742 [grpc-default-executor-1] INFO  impl.RoleInfo (RoleInfo.java:updateAndGet(143)) - 773cce60-eeca-4c1f-a5ec-70084be8b6b9: start FollowerState
2019-10-18 14:30:19,742 [Thread-506] INFO  impl.FollowerState (FollowerState.java:run(117)) - 3ee7b367-7b16-44e1-99f8-43aefeda0876@group-FD33B9583E3C-FollowerState was interrupted: java.lang.InterruptedException: sleep interrupted
2019-10-18 14:30:19,742 [Thread-505] INFO  impl.FollowerState (FollowerState.java:run(117)) - 773cce60-eeca-4c1f-a5ec-70084be8b6b9@group-FD33B9583E3C-FollowerState was interrupted: java.lang.InterruptedException: sleep interrupted
2019-10-18 14:30:19,742 [grpc-default-executor-5] INFO  impl.RoleInfo (RoleInfo.java:updateAndGet(143)) - 3ee7b367-7b16-44e1-99f8-43aefeda0876: start FollowerState
2019-10-18 14:30:19,757 [681edbc6-a1fc-42a4-b5ce-4922820de60a@group-FD33B9583E3C-LeaderElection27] INFO  impl.LeaderElection (LeaderElection.java:logAndReturn(56)) - 681edbc6-a1fc-42a4-b5ce-4922820de60a@group-FD33B9583E3C-LeaderElection27: Election REJECTED; received 2 response(s) [681edbc6-a1fc-42a4-b5ce-4922820de60a<-3ee7b367-7b16-44e1-99f8-43aefeda0876#0:FAIL-t14, 681edbc6-a1fc-42a4-b5ce-4922820de60a<-773cce60-eeca-4c1f-a5ec-70084be8b6b9#0:FAIL-t14] and 0 exception(s); 681edbc6-a1fc-42a4-b5ce-4922820de60a@group-FD33B9583E3C:t14, leader=null, voted=681edbc6-a1fc-42a4-b5ce-4922820de60a, raftlog=681edbc6-a1fc-42a4-b5ce-4922820de60a@group-FD33B9583E3C-SegmentedRaftLog:OPENED:c-1,f-1,i0, conf=-1: [3ee7b367-7b16-44e1-99f8-43aefeda0876:192.168.164.233:46080, 681edbc6-a1fc-42a4-b5ce-4922820de60a:192.168.164.233:44267, 773cce60-eeca-4c1f-a5ec-70084be8b6b9:192.168.164.233:38729], old=null
2019-10-18 14:30:19,757 [681edbc6-a1fc-42a4-b5ce-4922820de60a@group-FD33B9583E3C-LeaderElection27] INFO  impl.RaftServerImpl (RaftServerImpl.java:setRole(184)) - 681edbc6-a1fc-42a4-b5ce-4922820de60a@group-FD33B9583E3C: changes role from CANDIDATE to FOLLOWER at term 14 for DISCOVERED_A_NEW_TERM
2019-10-18 14:30:19,758 [681edbc6-a1fc-42a4-b5ce-4922820de60a@group-FD33B9583E3C-LeaderElection27] INFO  impl.RoleInfo (RoleInfo.java:shutdownLeaderElection(134)) - 681edbc6-a1fc-42a4-b5ce-4922820de60a: shutdown LeaderElection
2019-10-18 14:30:19,758 [681edbc6-a1fc-42a4-b5ce-4922820de60a@group-FD33B9583E3C-LeaderElection27] INFO  impl.RoleInfo (RoleInfo.java:updateAndGet(143)) - 681edbc6-a1fc-42a4-b5ce-4922820de60a: start FollowerState
2019-10-18 14:30:19,852 [Thread-513] INFO  impl.FollowerState (FollowerState.java:run(108)) - 681edbc6-a1fc-42a4-b5ce-4922820de60a@group-FD33B9583E3C-FollowerState: change to CANDIDATE, lastRpcTime:94ms, electionTimeout:94ms
2019-10-18 14:30:19,855 [Thread-513] INFO  impl.RoleInfo (RoleInfo.java:shutdownFollowerState(121)) - 681edbc6-a1fc-42a4-b5ce-4922820de60a: shutdown FollowerState
2019-10-18 14:30:19,856 [Thread-513] INFO  impl.RaftServerImpl (RaftServerImpl.java:setRole(184)) - 681edbc6-a1fc-42a4-b5ce-4922820de60a@group-FD33B9583E3C: changes role from  FOLLOWER to CANDIDATE at term 14 for changeToCandidate
2019-10-18 14:30:19,856 [Thread-513] INFO  impl.RoleInfo (RoleInfo.java:updateAndGet(143)) - 681edbc6-a1fc-42a4-b5ce-4922820de60a: start LeaderElection
2019-10-18 14:30:19,870 [681edbc6-a1fc-42a4-b5ce-4922820de60a@group-FD33B9583E3C-LeaderElection28] INFO  impl.LeaderElection (LeaderElection.java:askForVotes(178)) - 681edbc6-a1fc-42a4-b5ce-4922820de60a@group-FD33B9583E3C-LeaderElection28: begin an election at term 15 for -1: [3ee7b367-7b16-44e1-99f8-43aefeda0876:192.168.164.233:46080, 681edbc6-a1fc-42a4-b5ce-4922820de60a:192.168.164.233:44267, 773cce60-eeca-4c1f-a5ec-70084be8b6b9:192.168.164.233:38729], old=null
2019-10-18 14:30:19,873 [grpc-default-executor-4] INFO  impl.RaftServerImpl (RaftServerImpl.java:setRole(184)) - 3ee7b367-7b16-44e1-99f8-43aefeda0876@group-FD33B9583E3C: changes role from  FOLLOWER to FOLLOWER at term 15 for recognizeCandidate:681edbc6-a1fc-42a4-b5ce-4922820de60a
2019-10-18 14:30:19,873 [grpc-default-executor-4] INFO  impl.RoleInfo (RoleInfo.java:shutdownFollowerState(121)) - 3ee7b367-7b16-44e1-99f8-43aefeda0876: shutdown FollowerState
2019-10-18 14:30:19,874 [grpc-default-executor-5] INFO  impl.RaftServerImpl (RaftServerImpl.java:setRole(184)) - 773cce60-eeca-4c1f-a5ec-70084be8b6b9@group-FD33B9583E3C: changes role from  FOLLOWER to FOLLOWER at term 15 for recognizeCandidate:681edbc6-a1fc-42a4-b5ce-4922820de60a
2019-10-18 14:30:19,874 [grpc-default-executor-5] INFO  impl.RoleInfo (RoleInfo.java:shutdownFollowerState(121)) - 773cce60-eeca-4c1f-a5ec-70084be8b6b9: shutdown FollowerState
2019-10-18 14:30:19,874 [grpc-default-executor-4] INFO  impl.RoleInfo (RoleInfo.java:updateAndGet(143)) - 3ee7b367-7b16-44e1-99f8-43aefeda0876: start FollowerState
2019-10-18 14:30:19,874 [Thread-512] INFO  impl.FollowerState (FollowerState.java:run(117)) - 3ee7b367-7b16-44e1-99f8-43aefeda0876@group-FD33B9583E3C-FollowerState was interrupted: java.lang.InterruptedException: sleep interrupted
2019-10-18 14:30:19,874 [Thread-511] INFO  impl.FollowerState (FollowerState.java:run(117)) - 773cce60-eeca-4c1f-a5ec-70084be8b6b9@group-FD33B9583E3C-FollowerState was interrupted: java.lang.InterruptedException: sleep interrupted
2019-10-18 14:30:19,874 [grpc-default-executor-5] INFO  impl.RoleInfo (RoleInfo.java:updateAndGet(143)) - 773cce60-eeca-4c1f-a5ec-70084be8b6b9: start FollowerState
2019-10-18 14:30:19,889 [681edbc6-a1fc-42a4-b5ce-4922820de60a@group-FD33B9583E3C-LeaderElection28] INFO  impl.LeaderElection (LeaderElection.java:logAndReturn(56)) - 681edbc6-a1fc-42a4-b5ce-4922820de60a@group-FD33B9583E3C-LeaderElection28: Election REJECTED; received 2 response(s) [681edbc6-a1fc-42a4-b5ce-4922820de60a<-3ee7b367-7b16-44e1-99f8-43aefeda0876#0:FAIL-t15, 681edbc6-a1fc-42a4-b5ce-4922820de60a<-773cce60-eeca-4c1f-a5ec-70084be8b6b9#0:FAIL-t15] and 0 exception(s); 681edbc6-a1fc-42a4-b5ce-4922820de60a@group-FD33B9583E3C:t15, leader=null, voted=681edbc6-a1fc-42a4-b5ce-4922820de60a, raftlog=681edbc6-a1fc-42a4-b5ce-4922820de60a@group-FD33B9583E3C-SegmentedRaftLog:OPENED:c-1,f-1,i0, conf=-1: [3ee7b367-7b16-44e1-99f8-43aefeda0876:192.168.164.233:46080, 681edbc6-a1fc-42a4-b5ce-4922820de60a:192.168.164.233:44267, 773cce60-eeca-4c1f-a5ec-70084be8b6b9:192.168.164.233:38729], old=null
2019-10-18 14:30:19,890 [681edbc6-a1fc-42a4-b5ce-4922820de60a@group-FD33B9583E3C-LeaderElection28] INFO  impl.RaftServerImpl (RaftServerImpl.java:setRole(184)) - 681edbc6-a1fc-42a4-b5ce-4922820de60a@group-FD33B9583E3C: changes role from CANDIDATE to FOLLOWER at term 15 for DISCOVERED_A_NEW_TERM
2019-10-18 14:30:19,890 [681edbc6-a1fc-42a4-b5ce-4922820de60a@group-FD33B9583E3C-LeaderElection28] INFO  impl.RoleInfo (RoleInfo.java:shutdownLeaderElection(134)) - 681edbc6-a1fc-42a4-b5ce-4922820de60a: shutdown LeaderElection
2019-10-18 14:30:19,890 [681edbc6-a1fc-42a4-b5ce-4922820de60a@group-FD33B9583E3C-LeaderElection28] INFO  impl.RoleInfo (RoleInfo.java:updateAndGet(143)) - 681edbc6-a1fc-42a4-b5ce-4922820de60a: start FollowerState
2019-10-18 14:30:20,001 [Thread-523] INFO  impl.FollowerState (FollowerState.java:run(108)) - 681edbc6-a1fc-42a4-b5ce-4922820de60a@group-FD33B9583E3C-FollowerState: change to CANDIDATE, lastRpcTime:111ms, electionTimeout:109ms
2019-10-18 14:30:20,005 [Thread-523] INFO  impl.RoleInfo (RoleInfo.java:shutdownFollowerState(121)) - 681edbc6-a1fc-42a4-b5ce-4922820de60a: shutdown FollowerState
2019-10-18 14:30:20,005 [Thread-523] INFO  impl.RaftServerImpl (RaftServerImpl.java:setRole(184)) - 681edbc6-a1fc-42a4-b5ce-4922820de60a@group-FD33B9583E3C: changes role from  FOLLOWER to CANDIDATE at term 15 for changeToCandidate
2019-10-18 14:30:20,005 [Thread-523] INFO  impl.RoleInfo (RoleInfo.java:updateAndGet(143)) - 681edbc6-a1fc-42a4-b5ce-4922820de60a: start LeaderElection
2019-10-18 14:30:20,013 [681edbc6-a1fc-42a4-b5ce-4922820de60a@group-FD33B9583E3C-LeaderElection29] INFO  impl.LeaderElection (LeaderElection.java:askForVotes(178)) - 681edbc6-a1fc-42a4-b5ce-4922820de60a@group-FD33B9583E3C-LeaderElection29: begin an election at term 16 for -1: [3ee7b367-7b16-44e1-99f8-43aefeda0876:192.168.164.233:46080, 681edbc6-a1fc-42a4-b5ce-4922820de60a:192.168.164.233:44267, 773cce60-eeca-4c1f-a5ec-70084be8b6b9:192.168.164.233:38729], old=null
2019-10-18 14:30:20,016 [grpc-default-executor-5] INFO  impl.RaftServerImpl (RaftServerImpl.java:setRole(184)) - 773cce60-eeca-4c1f-a5ec-70084be8b6b9@group-FD33B9583E3C: changes role from  FOLLOWER to FOLLOWER at term 16 for recognizeCandidate:681edbc6-a1fc-42a4-b5ce-4922820de60a
2019-10-18 14:30:20,016 [grpc-default-executor-5] INFO  impl.RoleInfo (RoleInfo.java:shutdownFollowerState(121)) - 773cce60-eeca-4c1f-a5ec-70084be8b6b9: shutdown FollowerState
2019-10-18 14:30:20,017 [grpc-default-executor-5] INFO  impl.RoleInfo (RoleInfo.java:updateAndGet(143)) - 773cce60-eeca-4c1f-a5ec-70084be8b6b9: start FollowerState
2019-10-18 14:30:20,018 [Thread-522] INFO  impl.FollowerState (FollowerState.java:run(117)) - 773cce60-eeca-4c1f-a5ec-70084be8b6b9@group-FD33B9583E3C-FollowerState was interrupted: java.lang.InterruptedException: sleep interrupted
2019-10-18 14:30:20,019 [grpc-default-executor-4] INFO  impl.RaftServerImpl (RaftServerImpl.java:setRole(184)) - 3ee7b367-7b16-44e1-99f8-43aefeda0876@group-FD33B9583E3C: changes role from  FOLLOWER to FOLLOWER at term 16 for recognizeCandidate:681edbc6-a1fc-42a4-b5ce-4922820de60a
2019-10-18 14:30:20,019 [grpc-default-executor-4] INFO  impl.RoleInfo (RoleInfo.java:shutdownFollowerState(121)) - 3ee7b367-7b16-44e1-99f8-43aefeda0876: shutdown FollowerState
2019-10-18 14:30:20,019 [Thread-521] INFO  impl.FollowerState (FollowerState.java:run(117)) - 3ee7b367-7b16-44e1-99f8-43aefeda0876@group-FD33B9583E3C-FollowerState was interrupted: java.lang.InterruptedException: sleep interrupted
2019-10-18 14:30:20,019 [grpc-default-executor-4] INFO  impl.RoleInfo (RoleInfo.java:updateAndGet(143)) - 3ee7b367-7b16-44e1-99f8-43aefeda0876: start FollowerState
2019-10-18 14:30:20,038 [681edbc6-a1fc-42a4-b5ce-4922820de60a@group-FD33B9583E3C-LeaderElection29] INFO  impl.LeaderElection (LeaderElection.java:logAndReturn(56)) - 681edbc6-a1fc-42a4-b5ce-4922820de60a@group-FD33B9583E3C-LeaderElection29: Election REJECTED; received 2 response(s) [681edbc6-a1fc-42a4-b5ce-4922820de60a<-3ee7b367-7b16-44e1-99f8-43aefeda0876#0:FAIL-t16, 681edbc6-a1fc-42a4-b5ce-4922820de60a<-773cce60-eeca-4c1f-a5ec-70084be8b6b9#0:FAIL-t16] and 0 exception(s); 681edbc6-a1fc-42a4-b5ce-4922820de60a@group-FD33B9583E3C:t16, leader=null, voted=681edbc6-a1fc-42a4-b5ce-4922820de60a, raftlog=681edbc6-a1fc-42a4-b5ce-4922820de60a@group-FD33B9583E3C-SegmentedRaftLog:OPENED:c-1,f-1,i0, conf=-1: [3ee7b367-7b16-44e1-99f8-43aefeda0876:192.168.164.233:46080, 681edbc6-a1fc-42a4-b5ce-4922820de60a:192.168.164.233:44267, 773cce60-eeca-4c1f-a5ec-70084be8b6b9:192.168.164.233:38729], old=null
2019-10-18 14:30:20,038 [681edbc6-a1fc-42a4-b5ce-4922820de60a@group-FD33B9583E3C-LeaderElection29] INFO  impl.RaftServerImpl (RaftServerImpl.java:setRole(184)) - 681edbc6-a1fc-42a4-b5ce-4922820de60a@group-FD33B9583E3C: changes role from CANDIDATE to FOLLOWER at term 16 for DISCOVERED_A_NEW_TERM
2019-10-18 14:30:20,039 [681edbc6-a1fc-42a4-b5ce-4922820de60a@group-FD33B9583E3C-LeaderElection29] INFO  impl.RoleInfo (RoleInfo.java:shutdownLeaderElection(134)) - 681edbc6-a1fc-42a4-b5ce-4922820de60a: shutdown LeaderElection
2019-10-18 14:30:20,039 [681edbc6-a1fc-42a4-b5ce-4922820de60a@group-FD33B9583E3C-LeaderElection29] INFO  impl.RoleInfo (RoleInfo.java:updateAndGet(143)) - 681edbc6-a1fc-42a4-b5ce-4922820de60a: start FollowerState
2019-10-18 14:30:20,088 [Thread-529] INFO  impl.FollowerState (FollowerState.java:run(108)) - 681edbc6-a1fc-42a4-b5ce-4922820de60a@group-FD33B9583E3C-FollowerState: change to CANDIDATE, lastRpcTime:49ms, electionTimeout:49ms
2019-10-18 14:30:20,091 [Thread-529] INFO  impl.RoleInfo (RoleInfo.java:shutdownFollowerState(121)) - 681edbc6-a1fc-42a4-b5ce-4922820de60a: shutdown FollowerState
2019-10-18 14:30:20,091 [Thread-529] INFO  impl.RaftServerImpl (RaftServerImpl.java:setRole(184)) - 681edbc6-a1fc-42a4-b5ce-4922820de60a@group-FD33B9583E3C: changes role from  FOLLOWER to CANDIDATE at term 16 for changeToCandidate
2019-10-18 14:30:20,092 [Thread-529] INFO  impl.RoleInfo (RoleInfo.java:updateAndGet(143)) - 681edbc6-a1fc-42a4-b5ce-4922820de60a: start LeaderElection
2019-10-18 14:30:20,105 [681edbc6-a1fc-42a4-b5ce-4922820de60a@group-FD33B9583E3C-LeaderElection30] INFO  impl.LeaderElection (LeaderElection.java:askForVotes(178)) - 681edbc6-a1fc-42a4-b5ce-4922820de60a@group-FD33B9583E3C-LeaderElection30: begin an election at term 17 for -1: [3ee7b367-7b16-44e1-99f8-43aefeda0876:192.168.164.233:46080, 681edbc6-a1fc-42a4-b5ce-4922820de60a:192.168.164.233:44267, 773cce60-eeca-4c1f-a5ec-70084be8b6b9:192.168.164.233:38729], old=null
2019-10-18 14:30:20,108 [grpc-default-executor-4] INFO  impl.RaftServerImpl (RaftServerImpl.java:setRole(184)) - 773cce60-eeca-4c1f-a5ec-70084be8b6b9@group-FD33B9583E3C: changes role from  FOLLOWER to FOLLOWER at term 17 for recognizeCandidate:681edbc6-a1fc-42a4-b5ce-4922820de60a
2019-10-18 14:30:20,108 [grpc-default-executor-5] INFO  impl.RaftServerImpl (RaftServerImpl.java:setRole(184)) - 3ee7b367-7b16-44e1-99f8-43aefeda0876@group-FD33B9583E3C: changes role from  FOLLOWER to FOLLOWER at term 17 for recognizeCandidate:681edbc6-a1fc-42a4-b5ce-4922820de60a
2019-10-18 14:30:20,108 [grpc-default-executor-4] INFO  impl.RoleInfo (RoleInfo.java:shutdownFollowerState(121)) - 773cce60-eeca-4c1f-a5ec-70084be8b6b9: shutdown FollowerState
2019-10-18 14:30:20,108 [grpc-default-executor-5] INFO  impl.RoleInfo (RoleInfo.java:shutdownFollowerState(121)) - 3ee7b367-7b16-44e1-99f8-43aefeda0876: shutdown FollowerState
2019-10-18 14:30:20,108 [grpc-default-executor-4] INFO  impl.RoleInfo (RoleInfo.java:updateAndGet(143)) - 773cce60-eeca-4c1f-a5ec-70084be8b6b9: start FollowerState
2019-10-18 14:30:20,108 [Thread-527] INFO  impl.FollowerState (FollowerState.java:run(117)) - 773cce60-eeca-4c1f-a5ec-70084be8b6b9@group-FD33B9583E3C-FollowerState was interrupted: java.lang.InterruptedException: sleep interrupted
2019-10-18 14:30:20,108 [grpc-default-executor-5] INFO  impl.RoleInfo (RoleInfo.java:updateAndGet(143)) - 3ee7b367-7b16-44e1-99f8-43aefeda0876: start FollowerState
2019-10-18 14:30:20,108 [Thread-528] INFO  impl.FollowerState (FollowerState.java:run(117)) - 3ee7b367-7b16-44e1-99f8-43aefeda0876@group-FD33B9583E3C-FollowerState was interrupted: java.lang.InterruptedException: sleep interrupted
2019-10-18 14:30:20,124 [681edbc6-a1fc-42a4-b5ce-4922820de60a@group-FD33B9583E3C-LeaderElection30] INFO  impl.LeaderElection (LeaderElection.java:logAndReturn(56)) - 681edbc6-a1fc-42a4-b5ce-4922820de60a@group-FD33B9583E3C-LeaderElection30: Election REJECTED; received 2 response(s) [681edbc6-a1fc-42a4-b5ce-4922820de60a<-3ee7b367-7b16-44e1-99f8-43aefeda0876#0:FAIL-t17, 681edbc6-a1fc-42a4-b5ce-4922820de60a<-773cce60-eeca-4c1f-a5ec-70084be8b6b9#0:FAIL-t17] and 0 exception(s); 681edbc6-a1fc-42a4-b5ce-4922820de60a@group-FD33B9583E3C:t17, leader=null, voted=681edbc6-a1fc-42a4-b5ce-4922820de60a, raftlog=681edbc6-a1fc-42a4-b5ce-4922820de60a@group-FD33B9583E3C-SegmentedRaftLog:OPENED:c-1,f-1,i0, conf=-1: [3ee7b367-7b16-44e1-99f8-43aefeda0876:192.168.164.233:46080, 681edbc6-a1fc-42a4-b5ce-4922820de60a:192.168.164.233:44267, 773cce60-eeca-4c1f-a5ec-70084be8b6b9:192.168.164.233:38729], old=null
2019-10-18 14:30:20,124 [681edbc6-a1fc-42a4-b5ce-4922820de60a@group-FD33B9583E3C-LeaderElection30] INFO  impl.RaftServerImpl (RaftServerImpl.java:setRole(184)) - 681edbc6-a1fc-42a4-b5ce-4922820de60a@group-FD33B9583E3C: changes role from CANDIDATE to FOLLOWER at term 17 for DISCOVERED_A_NEW_TERM
2019-10-18 14:30:20,124 [681edbc6-a1fc-42a4-b5ce-4922820de60a@group-FD33B9583E3C-LeaderElection30] INFO  impl.RoleInfo (RoleInfo.java:shutdownLeaderElection(134)) - 681edbc6-a1fc-42a4-b5ce-4922820de60a: shutdown LeaderElection
2019-10-18 14:30:20,124 [681edbc6-a1fc-42a4-b5ce-4922820de60a@group-FD33B9583E3C-LeaderElection30] INFO  impl.RoleInfo (RoleInfo.java:updateAndGet(143)) - 681edbc6-a1fc-42a4-b5ce-4922820de60a: start FollowerState
2019-10-18 14:30:20,183 [Thread-535] INFO  impl.FollowerState (FollowerState.java:run(108)) - 681edbc6-a1fc-42a4-b5ce-4922820de60a@group-FD33B9583E3C-FollowerState: change to CANDIDATE, lastRpcTime:58ms, electionTimeout:58ms
2019-10-18 14:30:20,185 [Thread-535] INFO  impl.RoleInfo (RoleInfo.java:shutdownFollowerState(121)) - 681edbc6-a1fc-42a4-b5ce-4922820de60a: shutdown FollowerState
2019-10-18 14:30:20,185 [Thread-535] INFO  impl.RaftServerImpl (RaftServerImpl.java:setRole(184)) - 681edbc6-a1fc-42a4-b5ce-4922820de60a@group-FD33B9583E3C: changes role from  FOLLOWER to CANDIDATE at term 17 for changeToCandidate
2019-10-18 14:30:20,186 [Thread-535] INFO  impl.RoleInfo (RoleInfo.java:updateAndGet(143)) - 681edbc6-a1fc-42a4-b5ce-4922820de60a: start LeaderElection
2019-10-18 14:30:20,199 [681edbc6-a1fc-42a4-b5ce-4922820de60a@group-FD33B9583E3C-LeaderElection31] INFO  impl.LeaderElection (LeaderElection.java:askForVotes(178)) - 681edbc6-a1fc-42a4-b5ce-4922820de60a@group-FD33B9583E3C-LeaderElection31: begin an election at term 18 for -1: [3ee7b367-7b16-44e1-99f8-43aefeda0876:192.168.164.233:46080, 681edbc6-a1fc-42a4-b5ce-4922820de60a:192.168.164.233:44267, 773cce60-eeca-4c1f-a5ec-70084be8b6b9:192.168.164.233:38729], old=null
2019-10-18 14:30:20,202 [grpc-default-executor-4] INFO  impl.RaftServerImpl (RaftServerImpl.java:setRole(184)) - 773cce60-eeca-4c1f-a5ec-70084be8b6b9@group-FD33B9583E3C: changes role from  FOLLOWER to FOLLOWER at term 18 for recognizeCandidate:681edbc6-a1fc-42a4-b5ce-4922820de60a
2019-10-18 14:30:20,203 [grpc-default-executor-4] INFO  impl.RoleInfo (RoleInfo.java:shutdownFollowerState(121)) - 773cce60-eeca-4c1f-a5ec-70084be8b6b9: shutdown FollowerState
2019-10-18 14:30:20,202 [grpc-default-executor-5] INFO  impl.RaftServerImpl (RaftServerImpl.java:setRole(184)) - 3ee7b367-7b16-44e1-99f8-43aefeda0876@group-FD33B9583E3C: changes role from  FOLLOWER to FOLLOWER at term 18 for recognizeCandidate:681edbc6-a1fc-42a4-b5ce-4922820de60a
2019-10-18 14:30:20,203 [grpc-default-executor-5] INFO  impl.RoleInfo (RoleInfo.java:shutdownFollowerState(121)) - 3ee7b367-7b16-44e1-99f8-43aefeda0876: shutdown FollowerState
2019-10-18 14:30:20,203 [grpc-default-executor-5] INFO  impl.RoleInfo (RoleInfo.java:updateAndGet(143)) - 3ee7b367-7b16-44e1-99f8-43aefeda0876: start FollowerState
2019-10-18 14:30:20,204 [Thread-533] INFO  impl.FollowerState (FollowerState.java:run(117)) - 773cce60-eeca-4c1f-a5ec-70084be8b6b9@group-FD33B9583E3C-FollowerState was interrupted: java.lang.InterruptedException: sleep interrupted
2019-10-18 14:30:20,203 [grpc-default-executor-4] INFO  impl.RoleInfo (RoleInfo.java:updateAndGet(143)) - 773cce60-eeca-4c1f-a5ec-70084be8b6b9: start FollowerState
2019-10-18 14:30:20,204 [Thread-534] INFO  impl.FollowerState (FollowerState.java:run(117)) - 3ee7b367-7b16-44e1-99f8-43aefeda0876@group-FD33B9583E3C-FollowerState was interrupted: java.lang.InterruptedException: sleep interrupted
2019-10-18 14:30:20,224 [681edbc6-a1fc-42a4-b5ce-4922820de60a@group-FD33B9583E3C-LeaderElection31] INFO  impl.LeaderElection (LeaderElection.java:logAndReturn(56)) - 681edbc6-a1fc-42a4-b5ce-4922820de60a@group-FD33B9583E3C-LeaderElection31: Election REJECTED; received 2 response(s) [681edbc6-a1fc-42a4-b5ce-4922820de60a<-3ee7b367-7b16-44e1-99f8-43aefeda0876#0:FAIL-t18, 681edbc6-a1fc-42a4-b5ce-4922820de60a<-773cce60-eeca-4c1f-a5ec-70084be8b6b9#0:FAIL-t18] and 0 exception(s); 681edbc6-a1fc-42a4-b5ce-4922820de60a@group-FD33B9583E3C:t18, leader=null, voted=681edbc6-a1fc-42a4-b5ce-4922820de60a, raftlog=681edbc6-a1fc-42a4-b5ce-4922820de60a@group-FD33B9583E3C-SegmentedRaftLog:OPENED:c-1,f-1,i0, conf=-1: [3ee7b367-7b16-44e1-99f8-43aefeda0876:192.168.164.233:46080, 681edbc6-a1fc-42a4-b5ce-4922820de60a:192.168.164.233:44267, 773cce60-eeca-4c1f-a5ec-70084be8b6b9:192.168.164.233:38729], old=null
2019-10-18 14:30:20,224 [681edbc6-a1fc-42a4-b5ce-4922820de60a@group-FD33B9583E3C-LeaderElection31] INFO  impl.RaftServerImpl (RaftServerImpl.java:setRole(184)) - 681edbc6-a1fc-42a4-b5ce-4922820de60a@group-FD33B9583E3C: changes role from CANDIDATE to FOLLOWER at term 18 for DISCOVERED_A_NEW_TERM
2019-10-18 14:30:20,224 [681edbc6-a1fc-42a4-b5ce-4922820de60a@group-FD33B9583E3C-LeaderElection31] INFO  impl.RoleInfo (RoleInfo.java:shutdownLeaderElection(134)) - 681edbc6-a1fc-42a4-b5ce-4922820de60a: shutdown LeaderElection
2019-10-18 14:30:20,224 [681edbc6-a1fc-42a4-b5ce-4922820de60a@group-FD33B9583E3C-LeaderElection31] INFO  impl.RoleInfo (RoleInfo.java:updateAndGet(143)) - 681edbc6-a1fc-42a4-b5ce-4922820de60a: start FollowerState
2019-10-18 14:30:20,280 [Thread-541] INFO  impl.FollowerState (FollowerState.java:run(108)) - 681edbc6-a1fc-42a4-b5ce-4922820de60a@group-FD33B9583E3C-FollowerState: change to CANDIDATE, lastRpcTime:55ms, electionTimeout:55ms
2019-10-18 14:30:20,282 [Thread-541] INFO  impl.RoleInfo (RoleInfo.java:shutdownFollowerState(121)) - 681edbc6-a1fc-42a4-b5ce-4922820de60a: shutdown FollowerState
2019-10-18 14:30:20,282 [Thread-541] INFO  impl.RaftServerImpl (RaftServerImpl.java:setRole(184)) - 681edbc6-a1fc-42a4-b5ce-4922820de60a@group-FD33B9583E3C: changes role from  FOLLOWER to CANDIDATE at term 18 for changeToCandidate
2019-10-18 14:30:20,283 [Thread-541] INFO  impl.RoleInfo (RoleInfo.java:updateAndGet(143)) - 681edbc6-a1fc-42a4-b5ce-4922820de60a: start LeaderElection
2019-10-18 14:30:20,288 [681edbc6-a1fc-42a4-b5ce-4922820de60a@group-FD33B9583E3C-LeaderElection32] INFO  impl.LeaderElection (LeaderElection.java:askForVotes(178)) - 681edbc6-a1fc-42a4-b5ce-4922820de60a@group-FD33B9583E3C-LeaderElection32: begin an election at term 19 for -1: [3ee7b367-7b16-44e1-99f8-43aefeda0876:192.168.164.233:46080, 681edbc6-a1fc-42a4-b5ce-4922820de60a:192.168.164.233:44267, 773cce60-eeca-4c1f-a5ec-70084be8b6b9:192.168.164.233:38729], old=null
2019-10-18 14:30:20,291 [grpc-default-executor-5] INFO  impl.RaftServerImpl (RaftServerImpl.java:setRole(184)) - 3ee7b367-7b16-44e1-99f8-43aefeda0876@group-FD33B9583E3C: changes role from  FOLLOWER to FOLLOWER at term 19 for recognizeCandidate:681edbc6-a1fc-42a4-b5ce-4922820de60a
2019-10-18 14:30:20,291 [grpc-default-executor-4] INFO  impl.RaftServerImpl (RaftServerImpl.java:setRole(184)) - 773cce60-eeca-4c1f-a5ec-70084be8b6b9@group-FD33B9583E3C: changes role from  FOLLOWER to FOLLOWER at term 19 for recognizeCandidate:681edbc6-a1fc-42a4-b5ce-4922820de60a
2019-10-18 14:30:20,291 [grpc-default-executor-5] INFO  impl.RoleInfo (RoleInfo.java:shutdownFollowerState(121)) - 3ee7b367-7b16-44e1-99f8-43aefeda0876: shutdown FollowerState
2019-10-18 14:30:20,291 [grpc-default-executor-4] INFO  impl.RoleInfo (RoleInfo.java:shutdownFollowerState(121)) - 773cce60-eeca-4c1f-a5ec-70084be8b6b9: shutdown FollowerState
2019-10-18 14:30:20,291 [grpc-default-executor-5] INFO  impl.RoleInfo (RoleInfo.java:updateAndGet(143)) - 3ee7b367-7b16-44e1-99f8-43aefeda0876: start FollowerState
2019-10-18 14:30:20,291 [Thread-540] INFO  impl.FollowerState (FollowerState.java:run(117)) - 3ee7b367-7b16-44e1-99f8-43aefeda0876@group-FD33B9583E3C-FollowerState was interrupted: java.lang.InterruptedException: sleep interrupted
2019-10-18 14:30:20,291 [grpc-default-executor-4] INFO  impl.RoleInfo (RoleInfo.java:updateAndGet(143)) - 773cce60-eeca-4c1f-a5ec-70084be8b6b9: start FollowerState
2019-10-18 14:30:20,291 [Thread-539] INFO  impl.FollowerState (FollowerState.java:run(117)) - 773cce60-eeca-4c1f-a5ec-70084be8b6b9@group-FD33B9583E3C-FollowerState was interrupted: java.lang.InterruptedException: sleep interrupted
2019-10-18 14:30:20,297 [681edbc6-a1fc-42a4-b5ce-4922820de60a@group-FD33B9583E3C-LeaderElection32] INFO  impl.LeaderElection (LeaderElection.java:logAndReturn(56)) - 681edbc6-a1fc-42a4-b5ce-4922820de60a@group-FD33B9583E3C-LeaderElection32: Election REJECTED; received 2 response(s) [681edbc6-a1fc-42a4-b5ce-4922820de60a<-3ee7b367-7b16-44e1-99f8-43aefeda0876#0:FAIL-t19, 681edbc6-a1fc-42a4-b5ce-4922820de60a<-773cce60-eeca-4c1f-a5ec-70084be8b6b9#0:FAIL-t19] and 0 exception(s); 681edbc6-a1fc-42a4-b5ce-4922820de60a@group-FD33B9583E3C:t19, leader=null, voted=681edbc6-a1fc-42a4-b5ce-4922820de60a, raftlog=681edbc6-a1fc-42a4-b5ce-4922820de60a@group-FD33B9583E3C-SegmentedRaftLog:OPENED:c-1,f-1,i0, conf=-1: [3ee7b367-7b16-44e1-99f8-43aefeda0876:192.168.164.233:46080, 681edbc6-a1fc-42a4-b5ce-4922820de60a:192.168.164.233:44267, 773cce60-eeca-4c1f-a5ec-70084be8b6b9:192.168.164.233:38729], old=null
2019-10-18 14:30:20,297 [681edbc6-a1fc-42a4-b5ce-4922820de60a@group-FD33B9583E3C-LeaderElection32] INFO  impl.RaftServerImpl (RaftServerImpl.java:setRole(184)) - 681edbc6-a1fc-42a4-b5ce-4922820de60a@group-FD33B9583E3C: changes role from CANDIDATE to FOLLOWER at term 19 for DISCOVERED_A_NEW_TERM
2019-10-18 14:30:20,297 [681edbc6-a1fc-42a4-b5ce-4922820de60a@group-FD33B9583E3C-LeaderElection32] INFO  impl.RoleInfo (RoleInfo.java:shutdownLeaderElection(134)) - 681edbc6-a1fc-42a4-b5ce-4922820de60a: shutdown LeaderElection
2019-10-18 14:30:20,297 [681edbc6-a1fc-42a4-b5ce-4922820de60a@group-FD33B9583E3C-LeaderElection32] INFO  impl.RoleInfo (RoleInfo.java:updateAndGet(143)) - 681edbc6-a1fc-42a4-b5ce-4922820de60a: start FollowerState
2019-10-18 14:30:20,486 [Thread-547] INFO  impl.FollowerState (FollowerState.java:run(108)) - 681edbc6-a1fc-42a4-b5ce-4922820de60a@group-FD33B9583E3C-FollowerState: change to CANDIDATE, lastRpcTime:188ms, electionTimeout:188ms
2019-10-18 14:30:20,490 [Thread-547] INFO  impl.RoleInfo (RoleInfo.java:shutdownFollowerState(121)) - 681edbc6-a1fc-42a4-b5ce-4922820de60a: shutdown FollowerState
2019-10-18 14:30:20,490 [Thread-547] INFO  impl.RaftServerImpl (RaftServerImpl.java:setRole(184)) - 681edbc6-a1fc-42a4-b5ce-4922820de60a@group-FD33B9583E3C: changes role from  FOLLOWER to CANDIDATE at term 19 for changeToCandidate
2019-10-18 14:30:20,490 [Thread-547] INFO  impl.RoleInfo (RoleInfo.java:updateAndGet(143)) - 681edbc6-a1fc-42a4-b5ce-4922820de60a: start LeaderElection
2019-10-18 14:30:20,503 [681edbc6-a1fc-42a4-b5ce-4922820de60a@group-FD33B9583E3C-LeaderElection33] INFO  impl.LeaderElection (LeaderElection.java:askForVotes(178)) - 681edbc6-a1fc-42a4-b5ce-4922820de60a@group-FD33B9583E3C-LeaderElection33: begin an election at term 20 for -1: [3ee7b367-7b16-44e1-99f8-43aefeda0876:192.168.164.233:46080, 681edbc6-a1fc-42a4-b5ce-4922820de60a:192.168.164.233:44267, 773cce60-eeca-4c1f-a5ec-70084be8b6b9:192.168.164.233:38729], old=null
2019-10-18 14:30:20,505 [grpc-default-executor-4] INFO  impl.RaftServerImpl (RaftServerImpl.java:setRole(184)) - 773cce60-eeca-4c1f-a5ec-70084be8b6b9@group-FD33B9583E3C: changes role from  FOLLOWER to FOLLOWER at term 20 for recognizeCandidate:681edbc6-a1fc-42a4-b5ce-4922820de60a
2019-10-18 14:30:20,505 [grpc-default-executor-5] INFO  impl.RaftServerImpl (RaftServerImpl.java:setRole(184)) - 3ee7b367-7b16-44e1-99f8-43aefeda0876@group-FD33B9583E3C: changes role from  FOLLOWER to FOLLOWER at term 20 for recognizeCandidate:681edbc6-a1fc-42a4-b5ce-4922820de60a
2019-10-18 14:30:20,506 [grpc-default-executor-4] INFO  impl.RoleInfo (RoleInfo.java:shutdownFollowerState(121)) - 773cce60-eeca-4c1f-a5ec-70084be8b6b9: shutdown FollowerState
2019-10-18 14:30:20,506 [grpc-default-executor-5] INFO  impl.RoleInfo (RoleInfo.java:shutdownFollowerState(121)) - 3ee7b367-7b16-44e1-99f8-43aefeda0876: shutdown FollowerState
2019-10-18 14:30:20,506 [Thread-546] INFO  impl.FollowerState (FollowerState.java:run(117)) - 773cce60-eeca-4c1f-a5ec-70084be8b6b9@group-FD33B9583E3C-FollowerState was interrupted: java.lang.InterruptedException: sleep interrupted
2019-10-18 14:30:20,506 [grpc-default-executor-4] INFO  impl.RoleInfo (RoleInfo.java:updateAndGet(143)) - 773cce60-eeca-4c1f-a5ec-70084be8b6b9: start FollowerState
2019-10-18 14:30:20,506 [grpc-default-executor-5] INFO  impl.RoleInfo (RoleInfo.java:updateAndGet(143)) - 3ee7b367-7b16-44e1-99f8-43aefeda0876: start FollowerState
2019-10-18 14:30:20,506 [Thread-545] INFO  impl.FollowerState (FollowerState.java:run(117)) - 3ee7b367-7b16-44e1-99f8-43aefeda0876@group-FD33B9583E3C-FollowerState was interrupted: java.lang.InterruptedException: sleep interrupted
2019-10-18 14:30:20,520 [681edbc6-a1fc-42a4-b5ce-4922820de60a@group-FD33B9583E3C-LeaderElection33] INFO  impl.LeaderElection (LeaderElection.java:logAndReturn(56)) - 681edbc6-a1fc-42a4-b5ce-4922820de60a@group-FD33B9583E3C-LeaderElection33: Election REJECTED; received 2 response(s) [681edbc6-a1fc-42a4-b5ce-4922820de60a<-3ee7b367-7b16-44e1-99f8-43aefeda0876#0:FAIL-t20, 681edbc6-a1fc-42a4-b5ce-4922820de60a<-773cce60-eeca-4c1f-a5ec-70084be8b6b9#0:FAIL-t20] and 0 exception(s); 681edbc6-a1fc-42a4-b5ce-4922820de60a@group-FD33B9583E3C:t20, leader=null, voted=681edbc6-a1fc-42a4-b5ce-4922820de60a, raftlog=681edbc6-a1fc-42a4-b5ce-4922820de60a@group-FD33B9583E3C-SegmentedRaftLog:OPENED:c-1,f-1,i0, conf=-1: [3ee7b367-7b16-44e1-99f8-43aefeda0876:192.168.164.233:46080, 681edbc6-a1fc-42a4-b5ce-4922820de60a:192.168.164.233:44267, 773cce60-eeca-4c1f-a5ec-70084be8b6b9:192.168.164.233:38729], old=null
2019-10-18 14:30:20,520 [681edbc6-a1fc-42a4-b5ce-4922820de60a@group-FD33B9583E3C-LeaderElection33] INFO  impl.RaftServerImpl (RaftServerImpl.java:setRole(184)) - 681edbc6-a1fc-42a4-b5ce-4922820de60a@group-FD33B9583E3C: changes role from CANDIDATE to FOLLOWER at term 20 for DISCOVERED_A_NEW_TERM
2019-10-18 14:30:20,520 [681edbc6-a1fc-42a4-b5ce-4922820de60a@group-FD33B9583E3C-LeaderElection33] INFO  impl.RoleInfo (RoleInfo.java:shutdownLeaderElection(134)) - 681edbc6-a1fc-42a4-b5ce-4922820de60a: shutdown LeaderElection
2019-10-18 14:30:20,521 [681edbc6-a1fc-42a4-b5ce-4922820de60a@group-FD33B9583E3C-LeaderElection33] INFO  impl.RoleInfo (RoleInfo.java:updateAndGet(143)) - 681edbc6-a1fc-42a4-b5ce-4922820de60a: start FollowerState
2019-10-18 14:30:20,633 [Thread-559] INFO  impl.FollowerState (FollowerState.java:run(108)) - 681edbc6-a1fc-42a4-b5ce-4922820de60a@group-FD33B9583E3C-FollowerState: change to CANDIDATE, lastRpcTime:112ms, electionTimeout:112ms
2019-10-18 14:30:20,636 [Thread-559] INFO  impl.RoleInfo (RoleInfo.java:shutdownFollowerState(121)) - 681edbc6-a1fc-42a4-b5ce-4922820de60a: shutdown FollowerState
2019-10-18 14:30:20,636 [Thread-559] INFO  impl.RaftServerImpl (RaftServerImpl.java:setRole(184)) - 681edbc6-a1fc-42a4-b5ce-4922820de60a@group-FD33B9583E3C: changes role from  FOLLOWER to CANDIDATE at term 20 for changeToCandidate
2019-10-18 14:30:20,636 [Thread-559] INFO  impl.RoleInfo (RoleInfo.java:updateAndGet(143)) - 681edbc6-a1fc-42a4-b5ce-4922820de60a: start LeaderElection
2019-10-18 14:30:20,649 [681edbc6-a1fc-42a4-b5ce-4922820de60a@group-FD33B9583E3C-LeaderElection34] INFO  impl.LeaderElection (LeaderElection.java:askForVotes(178)) - 681edbc6-a1fc-42a4-b5ce-4922820de60a@group-FD33B9583E3C-LeaderElection34: begin an election at term 21 for -1: [3ee7b367-7b16-44e1-99f8-43aefeda0876:192.168.164.233:46080, 681edbc6-a1fc-42a4-b5ce-4922820de60a:192.168.164.233:44267, 773cce60-eeca-4c1f-a5ec-70084be8b6b9:192.168.164.233:38729], old=null
2019-10-18 14:30:20,652 [grpc-default-executor-5] INFO  impl.RaftServerImpl (RaftServerImpl.java:setRole(184)) - 773cce60-eeca-4c1f-a5ec-70084be8b6b9@group-FD33B9583E3C: changes role from  FOLLOWER to FOLLOWER at term 21 for recognizeCandidate:681edbc6-a1fc-42a4-b5ce-4922820de60a
2019-10-18 14:30:20,652 [grpc-default-executor-4] INFO  impl.RaftServerImpl (RaftServerImpl.java:setRole(184)) - 3ee7b367-7b16-44e1-99f8-43aefeda0876@group-FD33B9583E3C: changes role from  FOLLOWER to FOLLOWER at term 21 for recognizeCandidate:681edbc6-a1fc-42a4-b5ce-4922820de60a
2019-10-18 14:30:20,652 [grpc-default-executor-4] INFO  impl.RoleInfo (RoleInfo.java:shutdownFollowerState(121)) - 3ee7b367-7b16-44e1-99f8-43aefeda0876: shutdown FollowerState
2019-10-18 14:30:20,653 [Thread-558] INFO  impl.FollowerState (FollowerState.java:run(117)) - 3ee7b367-7b16-44e1-99f8-43aefeda0876@group-FD33B9583E3C-FollowerState was interrupted: java.lang.InterruptedException: sleep interrupted
2019-10-18 14:30:20,652 [grpc-default-executor-5] INFO  impl.RoleInfo (RoleInfo.java:shutdownFollowerState(121)) - 773cce60-eeca-4c1f-a5ec-70084be8b6b9: shutdown FollowerState
2019-10-18 14:30:20,653 [grpc-default-executor-4] INFO  impl.RoleInfo (RoleInfo.java:updateAndGet(143)) - 3ee7b367-7b16-44e1-99f8-43aefeda0876: start FollowerState
2019-10-18 14:30:20,654 [Thread-557] INFO  impl.FollowerState (FollowerState.java:run(117)) - 773cce60-eeca-4c1f-a5ec-70084be8b6b9@group-FD33B9583E3C-FollowerState was interrupted: java.lang.InterruptedException: sleep interrupted
2019-10-18 14:30:20,654 [grpc-default-executor-5] INFO  impl.RoleInfo (RoleInfo.java:updateAndGet(143)) - 773cce60-eeca-4c1f-a5ec-70084be8b6b9: start FollowerState
2019-10-18 14:30:20,677 [681edbc6-a1fc-42a4-b5ce-4922820de60a@group-FD33B9583E3C-LeaderElection34] INFO  impl.LeaderElection (LeaderElection.java:logAndReturn(56)) - 681edbc6-a1fc-42a4-b5ce-4922820de60a@group-FD33B9583E3C-LeaderElection34: Election REJECTED; received 2 response(s) [681edbc6-a1fc-42a4-b5ce-4922820de60a<-3ee7b367-7b16-44e1-99f8-43aefeda0876#0:FAIL-t21, 681edbc6-a1fc-42a4-b5ce-4922820de60a<-773cce60-eeca-4c1f-a5ec-70084be8b6b9#0:FAIL-t21] and 0 exception(s); 681edbc6-a1fc-42a4-b5ce-4922820de60a@group-FD33B9583E3C:t21, leader=null, voted=681edbc6-a1fc-42a4-b5ce-4922820de60a, raftlog=681edbc6-a1fc-42a4-b5ce-4922820de60a@group-FD33B9583E3C-SegmentedRaftLog:OPENED:c-1,f-1,i0, conf=-1: [3ee7b367-7b16-44e1-99f8-43aefeda0876:192.168.164.233:46080, 681edbc6-a1fc-42a4-b5ce-4922820de60a:192.168.164.233:44267, 773cce60-eeca-4c1f-a5ec-70084be8b6b9:192.168.164.233:38729], old=null
2019-10-18 14:30:20,678 [681edbc6-a1fc-42a4-b5ce-4922820de60a@group-FD33B9583E3C-LeaderElection34] INFO  impl.RaftServerImpl (RaftServerImpl.java:setRole(184)) - 681edbc6-a1fc-42a4-b5ce-4922820de60a@group-FD33B9583E3C: changes role from CANDIDATE to FOLLOWER at term 21 for DISCOVERED_A_NEW_TERM
2019-10-18 14:30:20,678 [681edbc6-a1fc-42a4-b5ce-4922820de60a@group-FD33B9583E3C-LeaderElection34] INFO  impl.RoleInfo (RoleInfo.java:shutdownLeaderElection(134)) - 681edbc6-a1fc-42a4-b5ce-4922820de60a: shutdown LeaderElection
2019-10-18 14:30:20,678 [681edbc6-a1fc-42a4-b5ce-4922820de60a@group-FD33B9583E3C-LeaderElection34] INFO  impl.RoleInfo (RoleInfo.java:updateAndGet(143)) - 681edbc6-a1fc-42a4-b5ce-4922820de60a: start FollowerState
2019-10-18 14:30:20,816 [Thread-565] INFO  impl.FollowerState (FollowerState.java:run(108)) - 681edbc6-a1fc-42a4-b5ce-4922820de60a@group-FD33B9583E3C-FollowerState: change to CANDIDATE, lastRpcTime:138ms, electionTimeout:138ms
2019-10-18 14:30:20,819 [Thread-565] INFO  impl.RoleInfo (RoleInfo.java:shutdownFollowerState(121)) - 681edbc6-a1fc-42a4-b5ce-4922820de60a: shutdown FollowerState
2019-10-18 14:30:20,819 [Thread-565] INFO  impl.RaftServerImpl (RaftServerImpl.java:setRole(184)) - 681edbc6-a1fc-42a4-b5ce-4922820de60a@group-FD33B9583E3C: changes role from  FOLLOWER to CANDIDATE at term 21 for changeToCandidate
2019-10-18 14:30:20,819 [Thread-565] INFO  impl.RoleInfo (RoleInfo.java:updateAndGet(143)) - 681edbc6-a1fc-42a4-b5ce-4922820de60a: start LeaderElection
2019-10-18 14:30:20,832 [681edbc6-a1fc-42a4-b5ce-4922820de60a@group-FD33B9583E3C-LeaderElection35] INFO  impl.LeaderElection (LeaderElection.java:askForVotes(178)) - 681edbc6-a1fc-42a4-b5ce-4922820de60a@group-FD33B9583E3C-LeaderElection35: begin an election at term 22 for -1: [3ee7b367-7b16-44e1-99f8-43aefeda0876:192.168.164.233:46080, 681edbc6-a1fc-42a4-b5ce-4922820de60a:192.168.164.233:44267, 773cce60-eeca-4c1f-a5ec-70084be8b6b9:192.168.164.233:38729], old=null
2019-10-18 14:30:20,833 [grpc-default-executor-4] INFO  impl.RaftServerImpl (RaftServerImpl.java:setRole(184)) - 3ee7b367-7b16-44e1-99f8-43aefeda0876@group-FD33B9583E3C: changes role from  FOLLOWER to FOLLOWER at term 22 for recognizeCandidate:681edbc6-a1fc-42a4-b5ce-4922820de60a
2019-10-18 14:30:20,834 [grpc-default-executor-4] INFO  impl.RoleInfo (RoleInfo.java:shutdownFollowerState(121)) - 3ee7b367-7b16-44e1-99f8-43aefeda0876: shutdown FollowerState
2019-10-18 14:30:20,834 [grpc-default-executor-5] INFO  impl.RaftServerImpl (RaftServerImpl.java:setRole(184)) - 773cce60-eeca-4c1f-a5ec-70084be8b6b9@group-FD33B9583E3C: changes role from  FOLLOWER to FOLLOWER at term 22 for recognizeCandidate:681edbc6-a1fc-42a4-b5ce-4922820de60a
2019-10-18 14:30:20,834 [Thread-563] INFO  impl.FollowerState (FollowerState.java:run(117)) - 3ee7b367-7b16-44e1-99f8-43aefeda0876@group-FD33B9583E3C-FollowerState was interrupted: java.lang.InterruptedException: sleep interrupted
2019-10-18 14:30:20,834 [grpc-default-executor-4] INFO  impl.RoleInfo (RoleInfo.java:updateAndGet(143)) - 3ee7b367-7b16-44e1-99f8-43aefeda0876: start FollowerState
2019-10-18 14:30:20,834 [grpc-default-executor-5] INFO  impl.RoleInfo (RoleInfo.java:shutdownFollowerState(121)) - 773cce60-eeca-4c1f-a5ec-70084be8b6b9: shutdown FollowerState
2019-10-18 14:30:20,834 [grpc-default-executor-5] INFO  impl.RoleInfo (RoleInfo.java:updateAndGet(143)) - 773cce60-eeca-4c1f-a5ec-70084be8b6b9: start FollowerState
2019-10-18 14:30:20,835 [Thread-564] INFO  impl.FollowerState (FollowerState.java:run(117)) - 773cce60-eeca-4c1f-a5ec-70084be8b6b9@group-FD33B9583E3C-FollowerState was interrupted: java.lang.InterruptedException: sleep interrupted
2019-10-18 14:30:20,849 [681edbc6-a1fc-42a4-b5ce-4922820de60a@group-FD33B9583E3C-LeaderElection35] INFO  impl.LeaderElection (LeaderElection.java:logAndReturn(56)) - 681edbc6-a1fc-42a4-b5ce-4922820de60a@group-FD33B9583E3C-LeaderElection35: Election REJECTED; received 2 response(s) [681edbc6-a1fc-42a4-b5ce-4922820de60a<-3ee7b367-7b16-44e1-99f8-43aefeda0876#0:FAIL-t22, 681edbc6-a1fc-42a4-b5ce-4922820de60a<-773cce60-eeca-4c1f-a5ec-70084be8b6b9#0:FAIL-t22] and 0 exception(s); 681edbc6-a1fc-42a4-b5ce-4922820de60a@group-FD33B9583E3C:t22, leader=null, voted=681edbc6-a1fc-42a4-b5ce-4922820de60a, raftlog=681edbc6-a1fc-42a4-b5ce-4922820de60a@group-FD33B9583E3C-SegmentedRaftLog:OPENED:c-1,f-1,i0, conf=-1: [3ee7b367-7b16-44e1-99f8-43aefeda0876:192.168.164.233:46080, 681edbc6-a1fc-42a4-b5ce-4922820de60a:192.168.164.233:44267, 773cce60-eeca-4c1f-a5ec-70084be8b6b9:192.168.164.233:38729], old=null
2019-10-18 14:30:20,849 [681edbc6-a1fc-42a4-b5ce-4922820de60a@group-FD33B9583E3C-LeaderElection35] INFO  impl.RaftServerImpl (RaftServerImpl.java:setRole(184)) - 681edbc6-a1fc-42a4-b5ce-4922820de60a@group-FD33B9583E3C: changes role from CANDIDATE to FOLLOWER at term 22 for DISCOVERED_A_NEW_TERM
2019-10-18 14:30:20,849 [681edbc6-a1fc-42a4-b5ce-4922820de60a@group-FD33B9583E3C-LeaderElection35] INFO  impl.RoleInfo (RoleInfo.java:shutdownLeaderElection(134)) - 681edbc6-a1fc-42a4-b5ce-4922820de60a: shutdown LeaderElection
2019-10-18 14:30:20,849 [681edbc6-a1fc-42a4-b5ce-4922820de60a@group-FD33B9583E3C-LeaderElection35] INFO  impl.RoleInfo (RoleInfo.java:updateAndGet(143)) - 681edbc6-a1fc-42a4-b5ce-4922820de60a: start FollowerState
2019-10-18 14:30:20,872 [Thread-575] INFO  impl.FollowerState (FollowerState.java:run(108)) - 681edbc6-a1fc-42a4-b5ce-4922820de60a@group-FD33B9583E3C-FollowerState: change to CANDIDATE, lastRpcTime:22ms, electionTimeout:22ms
2019-10-18 14:30:20,874 [Thread-575] INFO  impl.RoleInfo (RoleInfo.java:shutdownFollowerState(121)) - 681edbc6-a1fc-42a4-b5ce-4922820de60a: shutdown FollowerState
2019-10-18 14:30:20,874 [Thread-575] INFO  impl.RaftServerImpl (RaftServerImpl.java:setRole(184)) - 681edbc6-a1fc-42a4-b5ce-4922820de60a@group-FD33B9583E3C: changes role from  FOLLOWER to CANDIDATE at term 22 for changeToCandidate
2019-10-18 14:30:20,874 [Thread-575] INFO  impl.RoleInfo (RoleInfo.java:updateAndGet(143)) - 681edbc6-a1fc-42a4-b5ce-4922820de60a: start LeaderElection
2019-10-18 14:30:20,893 [681edbc6-a1fc-42a4-b5ce-4922820de60a@group-FD33B9583E3C-LeaderElection36] INFO  impl.LeaderElection (LeaderElection.java:askForVotes(178)) - 681edbc6-a1fc-42a4-b5ce-4922820de60a@group-FD33B9583E3C-LeaderElection36: begin an election at term 23 for -1: [3ee7b367-7b16-44e1-99f8-43aefeda0876:192.168.164.233:46080, 681edbc6-a1fc-42a4-b5ce-4922820de60a:192.168.164.233:44267, 773cce60-eeca-4c1f-a5ec-70084be8b6b9:192.168.164.233:38729], old=null
2019-10-18 14:30:20,895 [grpc-default-executor-5] INFO  impl.RaftServerImpl (RaftServerImpl.java:setRole(184)) - 773cce60-eeca-4c1f-a5ec-70084be8b6b9@group-FD33B9583E3C: changes role from  FOLLOWER to FOLLOWER at term 23 for recognizeCandidate:681edbc6-a1fc-42a4-b5ce-4922820de60a
2019-10-18 14:30:20,895 [grpc-default-executor-4] INFO  impl.RaftServerImpl (RaftServerImpl.java:setRole(184)) - 3ee7b367-7b16-44e1-99f8-43aefeda0876@group-FD33B9583E3C: changes role from  FOLLOWER to FOLLOWER at term 23 for recognizeCandidate:681edbc6-a1fc-42a4-b5ce-4922820de60a
2019-10-18 14:30:20,895 [grpc-default-executor-5] INFO  impl.RoleInfo (RoleInfo.java:shutdownFollowerState(121)) - 773cce60-eeca-4c1f-a5ec-70084be8b6b9: shutdown FollowerState
2019-10-18 14:30:20,896 [grpc-default-executor-4] INFO  impl.RoleInfo (RoleInfo.java:shutdownFollowerState(121)) - 3ee7b367-7b16-44e1-99f8-43aefeda0876: shutdown FollowerState
2019-10-18 14:30:20,896 [Thread-574] INFO  impl.FollowerState (FollowerState.java:run(117)) - 773cce60-eeca-4c1f-a5ec-70084be8b6b9@group-FD33B9583E3C-FollowerState was interrupted: java.lang.InterruptedException: sleep interrupted
2019-10-18 14:30:20,896 [grpc-default-executor-5] INFO  impl.RoleInfo (RoleInfo.java:updateAndGet(143)) - 773cce60-eeca-4c1f-a5ec-70084be8b6b9: start FollowerState
2019-10-18 14:30:20,896 [Thread-573] INFO  impl.FollowerState (FollowerState.java:run(117)) - 3ee7b367-7b16-44e1-99f8-43aefeda0876@group-FD33B9583E3C-FollowerState was interrupted: java.lang.InterruptedException: sleep interrupted
2019-10-18 14:30:20,896 [grpc-default-executor-4] INFO  impl.RoleInfo (RoleInfo.java:updateAndGet(143)) - 3ee7b367-7b16-44e1-99f8-43aefeda0876: start FollowerState
2019-10-18 14:30:20,905 [681edbc6-a1fc-42a4-b5ce-4922820de60a@group-FD33B9583E3C-LeaderElection36] INFO  impl.LeaderElection (LeaderElection.java:logAndReturn(56)) - 681edbc6-a1fc-42a4-b5ce-4922820de60a@group-FD33B9583E3C-LeaderElection36: Election REJECTED; received 2 response(s) [681edbc6-a1fc-42a4-b5ce-4922820de60a<-3ee7b367-7b16-44e1-99f8-43aefeda0876#0:FAIL-t23, 681edbc6-a1fc-42a4-b5ce-4922820de60a<-773cce60-eeca-4c1f-a5ec-70084be8b6b9#0:FAIL-t23] and 0 exception(s); 681edbc6-a1fc-42a4-b5ce-4922820de60a@group-FD33B9583E3C:t23, leader=null, voted=681edbc6-a1fc-42a4-b5ce-4922820de60a, raftlog=681edbc6-a1fc-42a4-b5ce-4922820de60a@group-FD33B9583E3C-SegmentedRaftLog:OPENED:c-1,f-1,i0, conf=-1: [3ee7b367-7b16-44e1-99f8-43aefeda0876:192.168.164.233:46080, 681edbc6-a1fc-42a4-b5ce-4922820de60a:192.168.164.233:44267, 773cce60-eeca-4c1f-a5ec-70084be8b6b9:192.168.164.233:38729], old=null
2019-10-18 14:30:20,905 [681edbc6-a1fc-42a4-b5ce-4922820de60a@group-FD33B9583E3C-LeaderElection36] INFO  impl.RaftServerImpl (RaftServerImpl.java:setRole(184)) - 681edbc6-a1fc-42a4-b5ce-4922820de60a@group-FD33B9583E3C: changes role from CANDIDATE to FOLLOWER at term 23 for DISCOVERED_A_NEW_TERM
2019-10-18 14:30:20,906 [681edbc6-a1fc-42a4-b5ce-4922820de60a@group-FD33B9583E3C-LeaderElection36] INFO  impl.RoleInfo (RoleInfo.java:shutdownLeaderElection(134)) - 681edbc6-a1fc-42a4-b5ce-4922820de60a: shutdown LeaderElection
2019-10-18 14:30:20,906 [681edbc6-a1fc-42a4-b5ce-4922820de60a@group-FD33B9583E3C-LeaderElection36] INFO  impl.RoleInfo (RoleInfo.java:updateAndGet(143)) - 681edbc6-a1fc-42a4-b5ce-4922820de60a: start FollowerState
2019-10-18 14:30:21,039 [Thread-581] INFO  impl.FollowerState (FollowerState.java:run(108)) - 681edbc6-a1fc-42a4-b5ce-4922820de60a@group-FD33B9583E3C-FollowerState: change to CANDIDATE, lastRpcTime:133ms, electionTimeout:133ms
2019-10-18 14:30:21,042 [Thread-581] INFO  impl.RoleInfo (RoleInfo.java:shutdownFollowerState(121)) - 681edbc6-a1fc-42a4-b5ce-4922820de60a: shutdown FollowerState
2019-10-18 14:30:21,042 [Thread-581] INFO  impl.RaftServerImpl (RaftServerImpl.java:setRole(184)) - 681edbc6-a1fc-42a4-b5ce-4922820de60a@group-FD33B9583E3C: changes role from  FOLLOWER to CANDIDATE at term 23 for changeToCandidate
2019-10-18 14:30:21,042 [Thread-581] INFO  impl.RoleInfo (RoleInfo.java:updateAndGet(143)) - 681edbc6-a1fc-42a4-b5ce-4922820de60a: start LeaderElection
2019-10-18 14:30:21,055 [681edbc6-a1fc-42a4-b5ce-4922820de60a@group-FD33B9583E3C-LeaderElection37] INFO  impl.LeaderElection (LeaderElection.java:askForVotes(178)) - 681edbc6-a1fc-42a4-b5ce-4922820de60a@group-FD33B9583E3C-LeaderElection37: begin an election at term 24 for -1: [3ee7b367-7b16-44e1-99f8-43aefeda0876:192.168.164.233:46080, 681edbc6-a1fc-42a4-b5ce-4922820de60a:192.168.164.233:44267, 773cce60-eeca-4c1f-a5ec-70084be8b6b9:192.168.164.233:38729], old=null
2019-10-18 14:30:21,058 [grpc-default-executor-5] INFO  impl.RaftServerImpl (RaftServerImpl.java:setRole(184)) - 3ee7b367-7b16-44e1-99f8-43aefeda0876@group-FD33B9583E3C: changes role from  FOLLOWER to FOLLOWER at term 24 for recognizeCandidate:681edbc6-a1fc-42a4-b5ce-4922820de60a
2019-10-18 14:30:21,058 [grpc-default-executor-4] INFO  impl.RaftServerImpl (RaftServerImpl.java:setRole(184)) - 773cce60-eeca-4c1f-a5ec-70084be8b6b9@group-FD33B9583E3C: changes role from  FOLLOWER to FOLLOWER at term 24 for recognizeCandidate:681edbc6-a1fc-42a4-b5ce-4922820de60a
2019-10-18 14:30:21,058 [grpc-default-executor-5] INFO  impl.RoleInfo (RoleInfo.java:shutdownFollowerState(121)) - 3ee7b367-7b16-44e1-99f8-43aefeda0876: shutdown FollowerState
2019-10-18 14:30:21,058 [grpc-default-executor-4] INFO  impl.RoleInfo (RoleInfo.java:shutdownFollowerState(121)) - 773cce60-eeca-4c1f-a5ec-70084be8b6b9: shutdown FollowerState
2019-10-18 14:30:21,058 [Thread-580] INFO  impl.FollowerState (FollowerState.java:run(117)) - 3ee7b367-7b16-44e1-99f8-43aefeda0876@group-FD33B9583E3C-FollowerState was interrupted: java.lang.InterruptedException: sleep interrupted
2019-10-18 14:30:21,058 [grpc-default-executor-5] INFO  impl.RoleInfo (RoleInfo.java:updateAndGet(143)) - 3ee7b367-7b16-44e1-99f8-43aefeda0876: start FollowerState
2019-10-18 14:30:21,058 [Thread-579] INFO  impl.FollowerState (FollowerState.java:run(117)) - 773cce60-eeca-4c1f-a5ec-70084be8b6b9@group-FD33B9583E3C-FollowerState was interrupted: java.lang.InterruptedException: sleep interrupted
2019-10-18 14:30:21,058 [grpc-default-executor-4] INFO  impl.RoleInfo (RoleInfo.java:updateAndGet(143)) - 773cce60-eeca-4c1f-a5ec-70084be8b6b9: start FollowerState
2019-10-18 14:30:21,073 [681edbc6-a1fc-42a4-b5ce-4922820de60a@group-FD33B9583E3C-LeaderElection37] INFO  impl.LeaderElection (LeaderElection.java:logAndReturn(56)) - 681edbc6-a1fc-42a4-b5ce-4922820de60a@group-FD33B9583E3C-LeaderElection37: Election REJECTED; received 2 response(s) [681edbc6-a1fc-42a4-b5ce-4922820de60a<-3ee7b367-7b16-44e1-99f8-43aefeda0876#0:FAIL-t24, 681edbc6-a1fc-42a4-b5ce-4922820de60a<-773cce60-eeca-4c1f-a5ec-70084be8b6b9#0:FAIL-t24] and 0 exception(s); 681edbc6-a1fc-42a4-b5ce-4922820de60a@group-FD33B9583E3C:t24, leader=null, voted=681edbc6-a1fc-42a4-b5ce-4922820de60a, raftlog=681edbc6-a1fc-42a4-b5ce-4922820de60a@group-FD33B9583E3C-SegmentedRaftLog:OPENED:c-1,f-1,i0, conf=-1: [3ee7b367-7b16-44e1-99f8-43aefeda0876:192.168.164.233:46080, 681edbc6-a1fc-42a4-b5ce-4922820de60a:192.168.164.233:44267, 773cce60-eeca-4c1f-a5ec-70084be8b6b9:192.168.164.233:38729], old=null
2019-10-18 14:30:21,073 [681edbc6-a1fc-42a4-b5ce-4922820de60a@group-FD33B9583E3C-LeaderElection37] INFO  impl.RaftServerImpl (RaftServerImpl.java:setRole(184)) - 681edbc6-a1fc-42a4-b5ce-4922820de60a@group-FD33B9583E3C: changes role from CANDIDATE to FOLLOWER at term 24 for DISCOVERED_A_NEW_TERM
2019-10-18 14:30:21,073 [681edbc6-a1fc-42a4-b5ce-4922820de60a@group-FD33B9583E3C-LeaderElection37] INFO  impl.RoleInfo (RoleInfo.java:shutdownLeaderElection(134)) - 681edbc6-a1fc-42a4-b5ce-4922820de60a: shutdown LeaderElection
2019-10-18 14:30:21,073 [681edbc6-a1fc-42a4-b5ce-4922820de60a@group-FD33B9583E3C-LeaderElection37] INFO  impl.RoleInfo (RoleInfo.java:updateAndGet(143)) - 681edbc6-a1fc-42a4-b5ce-4922820de60a: start FollowerState
2019-10-18 14:30:21,169 [Thread-587] INFO  impl.FollowerState (FollowerState.java:run(108)) - 681edbc6-a1fc-42a4-b5ce-4922820de60a@group-FD33B9583E3C-FollowerState: change to CANDIDATE, lastRpcTime:96ms, electionTimeout:96ms
2019-10-18 14:30:21,173 [Thread-587] INFO  impl.RoleInfo (RoleInfo.java:shutdownFollowerState(121)) - 681edbc6-a1fc-42a4-b5ce-4922820de60a: shutdown FollowerState
2019-10-18 14:30:21,173 [Thread-587] INFO  impl.RaftServerImpl (RaftServerImpl.java:setRole(184)) - 681edbc6-a1fc-42a4-b5ce-4922820de60a@group-FD33B9583E3C: changes role from  FOLLOWER to CANDIDATE at term 24 for changeToCandidate
2019-10-18 14:30:21,173 [Thread-587] INFO  impl.RoleInfo (RoleInfo.java:updateAndGet(143)) - 681edbc6-a1fc-42a4-b5ce-4922820de60a: start LeaderElection
2019-10-18 14:30:21,186 [681edbc6-a1fc-42a4-b5ce-4922820de60a@group-FD33B9583E3C-LeaderElection38] INFO  impl.LeaderElection (LeaderElection.java:askForVotes(178)) - 681edbc6-a1fc-42a4-b5ce-4922820de60a@group-FD33B9583E3C-LeaderElection38: begin an election at term 25 for -1: [3ee7b367-7b16-44e1-99f8-43aefeda0876:192.168.164.233:46080, 681edbc6-a1fc-42a4-b5ce-4922820de60a:192.168.164.233:44267, 773cce60-eeca-4c1f-a5ec-70084be8b6b9:192.168.164.233:38729], old=null
2019-10-18 14:30:21,189 [grpc-default-executor-5] INFO  impl.RaftServerImpl (RaftServerImpl.java:setRole(184)) - 3ee7b367-7b16-44e1-99f8-43aefeda0876@group-FD33B9583E3C: changes role from  FOLLOWER to FOLLOWER at term 25 for recognizeCandidate:681edbc6-a1fc-42a4-b5ce-4922820de60a
2019-10-18 14:30:21,189 [grpc-default-executor-4] INFO  impl.RaftServerImpl (RaftServerImpl.java:setRole(184)) - 773cce60-eeca-4c1f-a5ec-70084be8b6b9@group-FD33B9583E3C: changes role from  FOLLOWER to FOLLOWER at term 25 for recognizeCandidate:681edbc6-a1fc-42a4-b5ce-4922820de60a
2019-10-18 14:30:21,189 [grpc-default-executor-5] INFO  impl.RoleInfo (RoleInfo.java:shutdownFollowerState(121)) - 3ee7b367-7b16-44e1-99f8-43aefeda0876: shutdown FollowerState
2019-10-18 14:30:21,189 [Thread-585] INFO  impl.FollowerState (FollowerState.java:run(117)) - 3ee7b367-7b16-44e1-99f8-43aefeda0876@group-FD33B9583E3C-FollowerState was interrupted: java.lang.InterruptedException: sleep interrupted
2019-10-18 14:30:21,189 [grpc-default-executor-4] INFO  impl.RoleInfo (RoleInfo.java:shutdownFollowerState(121)) - 773cce60-eeca-4c1f-a5ec-70084be8b6b9: shutdown FollowerState
2019-10-18 14:30:21,190 [grpc-default-executor-5] INFO  impl.RoleInfo (RoleInfo.java:updateAndGet(143)) - 3ee7b367-7b16-44e1-99f8-43aefeda0876: start FollowerState
2019-10-18 14:30:21,190 [grpc-default-executor-4] INFO  impl.RoleInfo (RoleInfo.java:updateAndGet(143)) - 773cce60-eeca-4c1f-a5ec-70084be8b6b9: start FollowerState
2019-10-18 14:30:21,192 [Thread-586] INFO  impl.FollowerState (FollowerState.java:run(117)) - 773cce60-eeca-4c1f-a5ec-70084be8b6b9@group-FD33B9583E3C-FollowerState was interrupted: java.lang.InterruptedException: sleep interrupted
2019-10-18 14:30:21,205 [681edbc6-a1fc-42a4-b5ce-4922820de60a@group-FD33B9583E3C-LeaderElection38] INFO  impl.LeaderElection (LeaderElection.java:logAndReturn(56)) - 681edbc6-a1fc-42a4-b5ce-4922820de60a@group-FD33B9583E3C-LeaderElection38: Election REJECTED; received 2 response(s) [681edbc6-a1fc-42a4-b5ce-4922820de60a<-3ee7b367-7b16-44e1-99f8-43aefeda0876#0:FAIL-t25, 681edbc6-a1fc-42a4-b5ce-4922820de60a<-773cce60-eeca-4c1f-a5ec-70084be8b6b9#0:FAIL-t25] and 0 exception(s); 681edbc6-a1fc-42a4-b5ce-4922820de60a@group-FD33B9583E3C:t25, leader=null, voted=681edbc6-a1fc-42a4-b5ce-4922820de60a, raftlog=681edbc6-a1fc-42a4-b5ce-4922820de60a@group-FD33B9583E3C-SegmentedRaftLog:OPENED:c-1,f-1,i0, conf=-1: [3ee7b367-7b16-44e1-99f8-43aefeda0876:192.168.164.233:46080, 681edbc6-a1fc-42a4-b5ce-4922820de60a:192.168.164.233:44267, 773cce60-eeca-4c1f-a5ec-70084be8b6b9:192.168.164.233:38729], old=null
2019-10-18 14:30:21,205 [681edbc6-a1fc-42a4-b5ce-4922820de60a@group-FD33B9583E3C-LeaderElection38] INFO  impl.RaftServerImpl (RaftServerImpl.java:setRole(184)) - 681edbc6-a1fc-42a4-b5ce-4922820de60a@group-FD33B9583E3C: changes role from CANDIDATE to FOLLOWER at term 25 for DISCOVERED_A_NEW_TERM
2019-10-18 14:30:21,205 [681edbc6-a1fc-42a4-b5ce-4922820de60a@group-FD33B9583E3C-LeaderElection38] INFO  impl.RoleInfo (RoleInfo.java:shutdownLeaderElection(134)) - 681edbc6-a1fc-42a4-b5ce-4922820de60a: shutdown LeaderElection
2019-10-18 14:30:21,205 [681edbc6-a1fc-42a4-b5ce-4922820de60a@group-FD33B9583E3C-LeaderElection38] INFO  impl.RoleInfo (RoleInfo.java:updateAndGet(143)) - 681edbc6-a1fc-42a4-b5ce-4922820de60a: start FollowerState
2019-10-18 14:30:21,403 [Thread-593] INFO  impl.FollowerState (FollowerState.java:run(108)) - 681edbc6-a1fc-42a4-b5ce-4922820de60a@group-FD33B9583E3C-FollowerState: change to CANDIDATE, lastRpcTime:197ms, electionTimeout:197ms
2019-10-18 14:30:21,405 [Thread-593] INFO  impl.RoleInfo (RoleInfo.java:shutdownFollowerState(121)) - 681edbc6-a1fc-42a4-b5ce-4922820de60a: shutdown FollowerState
2019-10-18 14:30:21,406 [Thread-593] INFO  impl.RaftServerImpl (RaftServerImpl.java:setRole(184)) - 681edbc6-a1fc-42a4-b5ce-4922820de60a@group-FD33B9583E3C: changes role from  FOLLOWER to CANDIDATE at term 25 for changeToCandidate
2019-10-18 14:30:21,406 [Thread-593] INFO  impl.RoleInfo (RoleInfo.java:updateAndGet(143)) - 681edbc6-a1fc-42a4-b5ce-4922820de60a: start LeaderElection
2019-10-18 14:30:21,419 [681edbc6-a1fc-42a4-b5ce-4922820de60a@group-FD33B9583E3C-LeaderElection39] INFO  impl.LeaderElection (LeaderElection.java:askForVotes(178)) - 681edbc6-a1fc-42a4-b5ce-4922820de60a@group-FD33B9583E3C-LeaderElection39: begin an election at term 26 for -1: [3ee7b367-7b16-44e1-99f8-43aefeda0876:192.168.164.233:46080, 681edbc6-a1fc-42a4-b5ce-4922820de60a:192.168.164.233:44267, 773cce60-eeca-4c1f-a5ec-70084be8b6b9:192.168.164.233:38729], old=null
2019-10-18 14:30:21,421 [grpc-default-executor-4] INFO  impl.RaftServerImpl (RaftServerImpl.java:setRole(184)) - 3ee7b367-7b16-44e1-99f8-43aefeda0876@group-FD33B9583E3C: changes role from  FOLLOWER to FOLLOWER at term 26 for recognizeCandidate:681edbc6-a1fc-42a4-b5ce-4922820de60a
2019-10-18 14:30:21,421 [grpc-default-executor-5] INFO  impl.RaftServerImpl (RaftServerImpl.java:setRole(184)) - 773cce60-eeca-4c1f-a5ec-70084be8b6b9@group-FD33B9583E3C: changes role from  FOLLOWER to FOLLOWER at term 26 for recognizeCandidate:681edbc6-a1fc-42a4-b5ce-4922820de60a
2019-10-18 14:30:21,421 [grpc-default-executor-4] INFO  impl.RoleInfo (RoleInfo.java:shutdownFollowerState(121)) - 3ee7b367-7b16-44e1-99f8-43aefeda0876: shutdown FollowerState
2019-10-18 14:30:21,421 [grpc-default-executor-5] INFO  impl.RoleInfo (RoleInfo.java:shutdownFollowerState(121)) - 773cce60-eeca-4c1f-a5ec-70084be8b6b9: shutdown FollowerState
2019-10-18 14:30:21,421 [Thread-591] INFO  impl.FollowerState (FollowerState.java:run(117)) - 3ee7b367-7b16-44e1-99f8-43aefeda0876@group-FD33B9583E3C-FollowerState was interrupted: java.lang.InterruptedException: sleep interrupted
2019-10-18 14:30:21,421 [Thread-592] INFO  impl.FollowerState (FollowerState.java:run(117)) - 773cce60-eeca-4c1f-a5ec-70084be8b6b9@group-FD33B9583E3C-FollowerState was interrupted: java.lang.InterruptedException: sleep interrupted
2019-10-18 14:30:21,421 [grpc-default-executor-4] INFO  impl.RoleInfo (RoleInfo.java:updateAndGet(143)) - 3ee7b367-7b16-44e1-99f8-43aefeda0876: start FollowerState
2019-10-18 14:30:21,421 [grpc-default-executor-5] INFO  impl.RoleInfo (RoleInfo.java:updateAndGet(143)) - 773cce60-eeca-4c1f-a5ec-70084be8b6b9: start FollowerState
2019-10-18 14:30:21,436 [681edbc6-a1fc-42a4-b5ce-4922820de60a@group-FD33B9583E3C-LeaderElection39] INFO  impl.LeaderElection (LeaderElection.java:logAndReturn(56)) - 681edbc6-a1fc-42a4-b5ce-4922820de60a@group-FD33B9583E3C-LeaderElection39: Election REJECTED; received 2 response(s) [681edbc6-a1fc-42a4-b5ce-4922820de60a<-3ee7b367-7b16-44e1-99f8-43aefeda0876#0:FAIL-t26, 681edbc6-a1fc-42a4-b5ce-4922820de60a<-773cce60-eeca-4c1f-a5ec-70084be8b6b9#0:FAIL-t26] and 0 exception(s); 681edbc6-a1fc-42a4-b5ce-4922820de60a@group-FD33B9583E3C:t26, leader=null, voted=681edbc6-a1fc-42a4-b5ce-4922820de60a, raftlog=681edbc6-a1fc-42a4-b5ce-4922820de60a@group-FD33B9583E3C-SegmentedRaftLog:OPENED:c-1,f-1,i0, conf=-1: [3ee7b367-7b16-44e1-99f8-43aefeda0876:192.168.164.233:46080, 681edbc6-a1fc-42a4-b5ce-4922820de60a:192.168.164.233:44267, 773cce60-eeca-4c1f-a5ec-70084be8b6b9:192.168.164.233:38729], old=null
2019-10-18 14:30:21,436 [681edbc6-a1fc-42a4-b5ce-4922820de60a@group-FD33B9583E3C-LeaderElection39] INFO  impl.RaftServerImpl (RaftServerImpl.java:setRole(184)) - 681edbc6-a1fc-42a4-b5ce-4922820de60a@group-FD33B9583E3C: changes role from CANDIDATE to FOLLOWER at term 26 for DISCOVERED_A_NEW_TERM
2019-10-18 14:30:21,436 [681edbc6-a1fc-42a4-b5ce-4922820de60a@group-FD33B9583E3C-LeaderElection39] INFO  impl.RoleInfo (RoleInfo.java:shutdownLeaderElection(134)) - 681edbc6-a1fc-42a4-b5ce-4922820de60a: shutdown LeaderElection
2019-10-18 14:30:21,436 [681edbc6-a1fc-42a4-b5ce-4922820de60a@group-FD33B9583E3C-LeaderElection39] INFO  impl.RoleInfo (RoleInfo.java:updateAndGet(143)) - 681edbc6-a1fc-42a4-b5ce-4922820de60a: start FollowerState
2019-10-18 14:30:21,507 [Thread-603] INFO  impl.FollowerState (FollowerState.java:run(108)) - 681edbc6-a1fc-42a4-b5ce-4922820de60a@group-FD33B9583E3C-FollowerState: change to CANDIDATE, lastRpcTime:71ms, electionTimeout:71ms
2019-10-18 14:30:21,510 [Thread-603] INFO  impl.RoleInfo (RoleInfo.java:shutdownFollowerState(121)) - 681edbc6-a1fc-42a4-b5ce-4922820de60a: shutdown FollowerState
2019-10-18 14:30:21,510 [Thread-603] INFO  impl.RaftServerImpl (RaftServerImpl.java:setRole(184)) - 681edbc6-a1fc-42a4-b5ce-4922820de60a@group-FD33B9583E3C: changes role from  FOLLOWER to CANDIDATE at term 26 for changeToCandidate
2019-10-18 14:30:21,510 [Thread-603] INFO  impl.RoleInfo (RoleInfo.java:updateAndGet(143)) - 681edbc6-a1fc-42a4-b5ce-4922820de60a: start LeaderElection
2019-10-18 14:30:21,523 [681edbc6-a1fc-42a4-b5ce-4922820de60a@group-FD33B9583E3C-LeaderElection40] INFO  impl.LeaderElection (LeaderElection.java:askForVotes(178)) - 681edbc6-a1fc-42a4-b5ce-4922820de60a@group-FD33B9583E3C-LeaderElection40: begin an election at term 27 for -1: [3ee7b367-7b16-44e1-99f8-43aefeda0876:192.168.164.233:46080, 681edbc6-a1fc-42a4-b5ce-4922820de60a:192.168.164.233:44267, 773cce60-eeca-4c1f-a5ec-70084be8b6b9:192.168.164.233:38729], old=null
2019-10-18 14:30:21,526 [grpc-default-executor-5] INFO  impl.RaftServerImpl (RaftServerImpl.java:setRole(184)) - 3ee7b367-7b16-44e1-99f8-43aefeda0876@group-FD33B9583E3C: changes role from  FOLLOWER to FOLLOWER at term 27 for recognizeCandidate:681edbc6-a1fc-42a4-b5ce-4922820de60a
2019-10-18 14:30:21,526 [grpc-default-executor-4] INFO  impl.RaftServerImpl (RaftServerImpl.java:setRole(184)) - 773cce60-eeca-4c1f-a5ec-70084be8b6b9@group-FD33B9583E3C: changes role from  FOLLOWER to FOLLOWER at term 27 for recognizeCandidate:681edbc6-a1fc-42a4-b5ce-4922820de60a
2019-10-18 14:30:21,526 [grpc-default-executor-5] INFO  impl.RoleInfo (RoleInfo.java:shutdownFollowerState(121)) - 3ee7b367-7b16-44e1-99f8-43aefeda0876: shutdown FollowerState
2019-10-18 14:30:21,526 [grpc-default-executor-4] INFO  impl.RoleInfo (RoleInfo.java:shutdownFollowerState(121)) - 773cce60-eeca-4c1f-a5ec-70084be8b6b9: shutdown FollowerState
2019-10-18 14:30:21,526 [Thread-601] INFO  impl.FollowerState (FollowerState.java:run(117)) - 3ee7b367-7b16-44e1-99f8-43aefeda0876@group-FD33B9583E3C-FollowerState was interrupted: java.lang.InterruptedException: sleep interrupted
2019-10-18 14:30:21,526 [grpc-default-executor-5] INFO  impl.RoleInfo (RoleInfo.java:updateAndGet(143)) - 3ee7b367-7b16-44e1-99f8-43aefeda0876: start FollowerState
2019-10-18 14:30:21,526 [Thread-602] INFO  impl.FollowerState (FollowerState.java:run(117)) - 773cce60-eeca-4c1f-a5ec-70084be8b6b9@group-FD33B9583E3C-FollowerState was interrupted: java.lang.InterruptedException: sleep interrupted
2019-10-18 14:30:21,526 [grpc-default-executor-4] INFO  impl.RoleInfo (RoleInfo.java:updateAndGet(143)) - 773cce60-eeca-4c1f-a5ec-70084be8b6b9: start FollowerState
2019-10-18 14:30:21,541 [681edbc6-a1fc-42a4-b5ce-4922820de60a@group-FD33B9583E3C-LeaderElection40] INFO  impl.LeaderElection (LeaderElection.java:logAndReturn(56)) - 681edbc6-a1fc-42a4-b5ce-4922820de60a@group-FD33B9583E3C-LeaderElection40: Election REJECTED; received 2 response(s) [681edbc6-a1fc-42a4-b5ce-4922820de60a<-3ee7b367-7b16-44e1-99f8-43aefeda0876#0:FAIL-t27, 681edbc6-a1fc-42a4-b5ce-4922820de60a<-773cce60-eeca-4c1f-a5ec-70084be8b6b9#0:FAIL-t27] and 0 exception(s); 681edbc6-a1fc-42a4-b5ce-4922820de60a@group-FD33B9583E3C:t27, leader=null, voted=681edbc6-a1fc-42a4-b5ce-4922820de60a, raftlog=681edbc6-a1fc-42a4-b5ce-4922820de60a@group-FD33B9583E3C-SegmentedRaftLog:OPENED:c-1,f-1,i0, conf=-1: [3ee7b367-7b16-44e1-99f8-43aefeda0876:192.168.164.233:46080, 681edbc6-a1fc-42a4-b5ce-4922820de60a:192.168.164.233:44267, 773cce60-eeca-4c1f-a5ec-70084be8b6b9:192.168.164.233:38729], old=null
2019-10-18 14:30:21,541 [681edbc6-a1fc-42a4-b5ce-4922820de60a@group-FD33B9583E3C-LeaderElection40] INFO  impl.RaftServerImpl (RaftServerImpl.java:setRole(184)) - 681edbc6-a1fc-42a4-b5ce-4922820de60a@group-FD33B9583E3C: changes role from CANDIDATE to FOLLOWER at term 27 for DISCOVERED_A_NEW_TERM
2019-10-18 14:30:21,541 [681edbc6-a1fc-42a4-b5ce-4922820de60a@group-FD33B9583E3C-LeaderElection40] INFO  impl.RoleInfo (RoleInfo.java:shutdownLeaderElection(134)) - 681edbc6-a1fc-42a4-b5ce-4922820de60a: shutdown LeaderElection
2019-10-18 14:30:21,541 [681edbc6-a1fc-42a4-b5ce-4922820de60a@group-FD33B9583E3C-LeaderElection40] INFO  impl.RoleInfo (RoleInfo.java:updateAndGet(143)) - 681edbc6-a1fc-42a4-b5ce-4922820de60a: start FollowerState
2019-10-18 14:30:21,724 [Thread-611] INFO  impl.FollowerState (FollowerState.java:run(108)) - 681edbc6-a1fc-42a4-b5ce-4922820de60a@group-FD33B9583E3C-FollowerState: change to CANDIDATE, lastRpcTime:182ms, electionTimeout:182ms
2019-10-18 14:30:21,727 [Thread-611] INFO  impl.RoleInfo (RoleInfo.java:shutdownFollowerState(121)) - 681edbc6-a1fc-42a4-b5ce-4922820de60a: shutdown FollowerState
2019-10-18 14:30:21,727 [Thread-611] INFO  impl.RaftServerImpl (RaftServerImpl.java:setRole(184)) - 681edbc6-a1fc-42a4-b5ce-4922820de60a@group-FD33B9583E3C: changes role from  FOLLOWER to CANDIDATE at term 27 for changeToCandidate
2019-10-18 14:30:21,727 [Thread-611] INFO  impl.RoleInfo (RoleInfo.java:updateAndGet(143)) - 681edbc6-a1fc-42a4-b5ce-4922820de60a: start LeaderElection
2019-10-18 14:30:21,741 [681edbc6-a1fc-42a4-b5ce-4922820de60a@group-FD33B9583E3C-LeaderElection41] INFO  impl.LeaderElection (LeaderElection.java:askForVotes(178)) - 681edbc6-a1fc-42a4-b5ce-4922820de60a@group-FD33B9583E3C-LeaderElection41: begin an election at term 28 for -1: [3ee7b367-7b16-44e1-99f8-43aefeda0876:192.168.164.233:46080, 681edbc6-a1fc-42a4-b5ce-4922820de60a:192.168.164.233:44267, 773cce60-eeca-4c1f-a5ec-70084be8b6b9:192.168.164.233:38729], old=null
2019-10-18 14:30:21,745 [grpc-default-executor-4] INFO  impl.RaftServerImpl (RaftServerImpl.java:setRole(184)) - 773cce60-eeca-4c1f-a5ec-70084be8b6b9@group-FD33B9583E3C: changes role from  FOLLOWER to FOLLOWER at term 28 for recognizeCandidate:681edbc6-a1fc-42a4-b5ce-4922820de60a
2019-10-18 14:30:21,745 [grpc-default-executor-5] INFO  impl.RaftServerImpl (RaftServerImpl.java:setRole(184)) - 3ee7b367-7b16-44e1-99f8-43aefeda0876@group-FD33B9583E3C: changes role from  FOLLOWER to FOLLOWER at term 28 for recognizeCandidate:681edbc6-a1fc-42a4-b5ce-4922820de60a
2019-10-18 14:30:21,745 [grpc-default-executor-4] INFO  impl.RoleInfo (RoleInfo.java:shutdownFollowerState(121)) - 773cce60-eeca-4c1f-a5ec-70084be8b6b9: shutdown FollowerState
2019-10-18 14:30:21,745 [grpc-default-executor-5] INFO  impl.RoleInfo (RoleInfo.java:shutdownFollowerState(121)) - 3ee7b367-7b16-44e1-99f8-43aefeda0876: shutdown FollowerState
2019-10-18 14:30:21,745 [Thread-610] INFO  impl.FollowerState (FollowerState.java:run(117)) - 773cce60-eeca-4c1f-a5ec-70084be8b6b9@group-FD33B9583E3C-FollowerState was interrupted: java.lang.InterruptedException: sleep interrupted
2019-10-18 14:30:21,745 [grpc-default-executor-4] INFO  impl.RoleInfo (RoleInfo.java:updateAndGet(143)) - 773cce60-eeca-4c1f-a5ec-70084be8b6b9: start FollowerState
2019-10-18 14:30:21,745 [Thread-609] INFO  impl.FollowerState (FollowerState.java:run(117)) - 3ee7b367-7b16-44e1-99f8-43aefeda0876@group-FD33B9583E3C-FollowerState was interrupted: java.lang.InterruptedException: sleep interrupted
2019-10-18 14:30:21,745 [grpc-default-executor-5] INFO  impl.RoleInfo (RoleInfo.java:updateAndGet(143)) - 3ee7b367-7b16-44e1-99f8-43aefeda0876: start FollowerState
2019-10-18 14:30:21,751 [681edbc6-a1fc-42a4-b5ce-4922820de60a@group-FD33B9583E3C-LeaderElection41] INFO  impl.LeaderElection (LeaderElection.java:logAndReturn(56)) - 681edbc6-a1fc-42a4-b5ce-4922820de60a@group-FD33B9583E3C-LeaderElection41: Election REJECTED; received 2 response(s) [681edbc6-a1fc-42a4-b5ce-4922820de60a<-3ee7b367-7b16-44e1-99f8-43aefeda0876#0:FAIL-t28, 681edbc6-a1fc-42a4-b5ce-4922820de60a<-773cce60-eeca-4c1f-a5ec-70084be8b6b9#0:FAIL-t28] and 0 exception(s); 681edbc6-a1fc-42a4-b5ce-4922820de60a@group-FD33B9583E3C:t28, leader=null, voted=681edbc6-a1fc-42a4-b5ce-4922820de60a, raftlog=681edbc6-a1fc-42a4-b5ce-4922820de60a@group-FD33B9583E3C-SegmentedRaftLog:OPENED:c-1,f-1,i0, conf=-1: [3ee7b367-7b16-44e1-99f8-43aefeda0876:192.168.164.233:46080, 681edbc6-a1fc-42a4-b5ce-4922820de60a:192.168.164.233:44267, 773cce60-eeca-4c1f-a5ec-70084be8b6b9:192.168.164.233:38729], old=null
2019-10-18 14:30:21,751 [681edbc6-a1fc-42a4-b5ce-4922820de60a@group-FD33B9583E3C-LeaderElection41] INFO  impl.RaftServerImpl (RaftServerImpl.java:setRole(184)) - 681edbc6-a1fc-42a4-b5ce-4922820de60a@group-FD33B9583E3C: changes role from CANDIDATE to FOLLOWER at term 28 for DISCOVERED_A_NEW_TERM
2019-10-18 14:30:21,751 [681edbc6-a1fc-42a4-b5ce-4922820de60a@group-FD33B9583E3C-LeaderElection41] INFO  impl.RoleInfo (RoleInfo.java:shutdownLeaderElection(134)) - 681edbc6-a1fc-42a4-b5ce-4922820de60a: shutdown LeaderElection
2019-10-18 14:30:21,751 [681edbc6-a1fc-42a4-b5ce-4922820de60a@group-FD33B9583E3C-LeaderElection41] INFO  impl.RoleInfo (RoleInfo.java:updateAndGet(143)) - 681edbc6-a1fc-42a4-b5ce-4922820de60a: start FollowerState
2019-10-18 14:30:21,754 [Thread-617] INFO  impl.FollowerState (FollowerState.java:run(108)) - 681edbc6-a1fc-42a4-b5ce-4922820de60a@group-FD33B9583E3C-FollowerState: change to CANDIDATE, lastRpcTime:3ms, electionTimeout:3ms
2019-10-18 14:30:21,758 [Thread-617] INFO  impl.RoleInfo (RoleInfo.java:shutdownFollowerState(121)) - 681edbc6-a1fc-42a4-b5ce-4922820de60a: shutdown FollowerState
2019-10-18 14:30:21,758 [Thread-617] INFO  impl.RaftServerImpl (RaftServerImpl.java:setRole(184)) - 681edbc6-a1fc-42a4-b5ce-4922820de60a@group-FD33B9583E3C: changes role from  FOLLOWER to CANDIDATE at term 28 for changeToCandidate
2019-10-18 14:30:21,758 [Thread-617] INFO  impl.RoleInfo (RoleInfo.java:updateAndGet(143)) - 681edbc6-a1fc-42a4-b5ce-4922820de60a: start LeaderElection
2019-10-18 14:30:21,762 [681edbc6-a1fc-42a4-b5ce-4922820de60a@group-FD33B9583E3C-LeaderElection42] INFO  impl.LeaderElection (LeaderElection.java:askForVotes(178)) - 681edbc6-a1fc-42a4-b5ce-4922820de60a@group-FD33B9583E3C-LeaderElection42: begin an election at term 29 for -1: [3ee7b367-7b16-44e1-99f8-43aefeda0876:192.168.164.233:46080, 681edbc6-a1fc-42a4-b5ce-4922820de60a:192.168.164.233:44267, 773cce60-eeca-4c1f-a5ec-70084be8b6b9:192.168.164.233:38729], old=null
2019-10-18 14:30:21,765 [grpc-default-executor-4] INFO  impl.RaftServerImpl (RaftServerImpl.java:setRole(184)) - 773cce60-eeca-4c1f-a5ec-70084be8b6b9@group-FD33B9583E3C: changes role from  FOLLOWER to FOLLOWER at term 29 for recognizeCandidate:681edbc6-a1fc-42a4-b5ce-4922820de60a
2019-10-18 14:30:21,765 [grpc-default-executor-5] INFO  impl.RaftServerImpl (RaftServerImpl.java:setRole(184)) - 3ee7b367-7b16-44e1-99f8-43aefeda0876@group-FD33B9583E3C: changes role from  FOLLOWER to FOLLOWER at term 29 for recognizeCandidate:681edbc6-a1fc-42a4-b5ce-4922820de60a
2019-10-18 14:30:21,765 [grpc-default-executor-4] INFO  impl.RoleInfo (RoleInfo.java:shutdownFollowerState(121)) - 773cce60-eeca-4c1f-a5ec-70084be8b6b9: shutdown FollowerState
2019-10-18 14:30:21,765 [grpc-default-executor-5] INFO  impl.RoleInfo (RoleInfo.java:shutdownFollowerState(121)) - 3ee7b367-7b16-44e1-99f8-43aefeda0876: shutdown FollowerState
2019-10-18 14:30:21,765 [Thread-615] INFO  impl.FollowerState (FollowerState.java:run(117)) - 773cce60-eeca-4c1f-a5ec-70084be8b6b9@group-FD33B9583E3C-FollowerState was interrupted: java.lang.InterruptedException: sleep interrupted
2019-10-18 14:30:21,765 [grpc-default-executor-4] INFO  impl.RoleInfo (RoleInfo.java:updateAndGet(143)) - 773cce60-eeca-4c1f-a5ec-70084be8b6b9: start FollowerState
2019-10-18 14:30:21,765 [Thread-616] INFO  impl.FollowerState (FollowerState.java:run(117)) - 3ee7b367-7b16-44e1-99f8-43aefeda0876@group-FD33B9583E3C-FollowerState was interrupted: java.lang.InterruptedException: sleep interrupted
2019-10-18 14:30:21,765 [grpc-default-executor-5] INFO  impl.RoleInfo (RoleInfo.java:updateAndGet(143)) - 3ee7b367-7b16-44e1-99f8-43aefeda0876: start FollowerState
2019-10-18 14:30:21,770 [681edbc6-a1fc-42a4-b5ce-4922820de60a@group-FD33B9583E3C-LeaderElection42] INFO  impl.LeaderElection (LeaderElection.java:logAndReturn(56)) - 681edbc6-a1fc-42a4-b5ce-4922820de60a@group-FD33B9583E3C-LeaderElection42: Election TIMEOUT; received 0 response(s) [] and 0 exception(s); 681edbc6-a1fc-42a4-b5ce-4922820de60a@group-FD33B9583E3C:t29, leader=null, voted=681edbc6-a1fc-42a4-b5ce-4922820de60a, raftlog=681edbc6-a1fc-42a4-b5ce-4922820de60a@group-FD33B9583E3C-SegmentedRaftLog:OPENED:c-1,f-1,i0, conf=-1: [3ee7b367-7b16-44e1-99f8-43aefeda0876:192.168.164.233:46080, 681edbc6-a1fc-42a4-b5ce-4922820de60a:192.168.164.233:44267, 773cce60-eeca-4c1f-a5ec-70084be8b6b9:192.168.164.233:38729], old=null
2019-10-18 14:30:21,806 [681edbc6-a1fc-42a4-b5ce-4922820de60a@group-FD33B9583E3C-LeaderElection42] INFO  impl.LeaderElection (LeaderElection.java:askForVotes(178)) - 681edbc6-a1fc-42a4-b5ce-4922820de60a@group-FD33B9583E3C-LeaderElection42: begin an election at term 30 for -1: [3ee7b367-7b16-44e1-99f8-43aefeda0876:192.168.164.233:46080, 681edbc6-a1fc-42a4-b5ce-4922820de60a:192.168.164.233:44267, 773cce60-eeca-4c1f-a5ec-70084be8b6b9:192.168.164.233:38729], old=null
2019-10-18 14:30:21,808 [grpc-default-executor-5] INFO  impl.RaftServerImpl (RaftServerImpl.java:setRole(184)) - 3ee7b367-7b16-44e1-99f8-43aefeda0876@group-FD33B9583E3C: changes role from  FOLLOWER to FOLLOWER at term 30 for recognizeCandidate:681edbc6-a1fc-42a4-b5ce-4922820de60a
2019-10-18 14:30:21,818 [grpc-default-executor-5] INFO  impl.RoleInfo (RoleInfo.java:shutdownFollowerState(121)) - 3ee7b367-7b16-44e1-99f8-43aefeda0876: shutdown FollowerState
2019-10-18 14:30:21,808 [grpc-default-executor-4] INFO  impl.RaftServerImpl (RaftServerImpl.java:setRole(184)) - 773cce60-eeca-4c1f-a5ec-70084be8b6b9@group-FD33B9583E3C: changes role from  FOLLOWER to FOLLOWER at term 30 for recognizeCandidate:681edbc6-a1fc-42a4-b5ce-4922820de60a
2019-10-18 14:30:21,818 [Thread-622] INFO  impl.FollowerState (FollowerState.java:run(117)) - 3ee7b367-7b16-44e1-99f8-43aefeda0876@group-FD33B9583E3C-FollowerState was interrupted: java.lang.InterruptedException: sleep interrupted
2019-10-18 14:30:21,818 [grpc-default-executor-5] INFO  impl.RoleInfo (RoleInfo.java:updateAndGet(143)) - 3ee7b367-7b16-44e1-99f8-43aefeda0876: start FollowerState
2019-10-18 14:30:21,819 [grpc-default-executor-4] INFO  impl.RoleInfo (RoleInfo.java:shutdownFollowerState(121)) - 773cce60-eeca-4c1f-a5ec-70084be8b6b9: shutdown FollowerState
2019-10-18 14:30:21,819 [grpc-default-executor-4] INFO  impl.RoleInfo (RoleInfo.java:updateAndGet(143)) - 773cce60-eeca-4c1f-a5ec-70084be8b6b9: start FollowerState
2019-10-18 14:30:21,819 [Thread-621] INFO  impl.FollowerState (FollowerState.java:run(117)) - 773cce60-eeca-4c1f-a5ec-70084be8b6b9@group-FD33B9583E3C-FollowerState was interrupted: java.lang.InterruptedException: sleep interrupted
2019-10-18 14:30:21,829 [681edbc6-a1fc-42a4-b5ce-4922820de60a@group-FD33B9583E3C-LeaderElection42] INFO  impl.LeaderElection (LeaderElection.java:logAndReturn(56)) - 681edbc6-a1fc-42a4-b5ce-4922820de60a@group-FD33B9583E3C-LeaderElection42: Election REJECTED; received 2 response(s) [681edbc6-a1fc-42a4-b5ce-4922820de60a<-3ee7b367-7b16-44e1-99f8-43aefeda0876#0:FAIL-t30, 681edbc6-a1fc-42a4-b5ce-4922820de60a<-773cce60-eeca-4c1f-a5ec-70084be8b6b9#0:FAIL-t30] and 0 exception(s); 681edbc6-a1fc-42a4-b5ce-4922820de60a@group-FD33B9583E3C:t30, leader=null, voted=681edbc6-a1fc-42a4-b5ce-4922820de60a, raftlog=681edbc6-a1fc-42a4-b5ce-4922820de60a@group-FD33B9583E3C-SegmentedRaftLog:OPENED:c-1,f-1,i0, conf=-1: [3ee7b367-7b16-44e1-99f8-43aefeda0876:192.168.164.233:46080, 681edbc6-a1fc-42a4-b5ce-4922820de60a:192.168.164.233:44267, 773cce60-eeca-4c1f-a5ec-70084be8b6b9:192.168.164.233:38729], old=null
2019-10-18 14:30:21,829 [681edbc6-a1fc-42a4-b5ce-4922820de60a@group-FD33B9583E3C-LeaderElection42] INFO  impl.RaftServerImpl (RaftServerImpl.java:setRole(184)) - 681edbc6-a1fc-42a4-b5ce-4922820de60a@group-FD33B9583E3C: changes role from CANDIDATE to FOLLOWER at term 30 for DISCOVERED_A_NEW_TERM
2019-10-18 14:30:21,830 [681edbc6-a1fc-42a4-b5ce-4922820de60a@group-FD33B9583E3C-LeaderElection42] INFO  impl.RoleInfo (RoleInfo.java:shutdownLeaderElection(134)) - 681edbc6-a1fc-42a4-b5ce-4922820de60a: shutdown LeaderElection
2019-10-18 14:30:21,830 [681edbc6-a1fc-42a4-b5ce-4922820de60a@group-FD33B9583E3C-LeaderElection42] INFO  impl.RoleInfo (RoleInfo.java:updateAndGet(143)) - 681edbc6-a1fc-42a4-b5ce-4922820de60a: start FollowerState
2019-10-18 14:30:21,869 [Thread-629] INFO  impl.FollowerState (FollowerState.java:run(108)) - 681edbc6-a1fc-42a4-b5ce-4922820de60a@group-FD33B9583E3C-FollowerState: change to CANDIDATE, lastRpcTime:39ms, electionTimeout:39ms
2019-10-18 14:30:21,869 [Thread-629] INFO  impl.RoleInfo (RoleInfo.java:shutdownFollowerState(121)) - 681edbc6-a1fc-42a4-b5ce-4922820de60a: shutdown FollowerState
2019-10-18 14:30:21,870 [Thread-629] INFO  impl.RaftServerImpl (RaftServerImpl.java:setRole(184)) - 681edbc6-a1fc-42a4-b5ce-4922820de60a@group-FD33B9583E3C: changes role from  FOLLOWER to CANDIDATE at term 30 for changeToCandidate
2019-10-18 14:30:21,870 [Thread-629] INFO  impl.RoleInfo (RoleInfo.java:updateAndGet(143)) - 681edbc6-a1fc-42a4-b5ce-4922820de60a: start LeaderElection
2019-10-18 14:30:21,883 [681edbc6-a1fc-42a4-b5ce-4922820de60a@group-FD33B9583E3C-LeaderElection43] INFO  impl.LeaderElection (LeaderElection.java:askForVotes(178)) - 681edbc6-a1fc-42a4-b5ce-4922820de60a@group-FD33B9583E3C-LeaderElection43: begin an election at term 31 for -1: [3ee7b367-7b16-44e1-99f8-43aefeda0876:192.168.164.233:46080, 681edbc6-a1fc-42a4-b5ce-4922820de60a:192.168.164.233:44267, 773cce60-eeca-4c1f-a5ec-70084be8b6b9:192.168.164.233:38729], old=null
2019-10-18 14:30:21,886 [grpc-default-executor-5] INFO  impl.RaftServerImpl (RaftServerImpl.java:setRole(184)) - 773cce60-eeca-4c1f-a5ec-70084be8b6b9@group-FD33B9583E3C: changes role from  FOLLOWER to FOLLOWER at term 31 for recognizeCandidate:681edbc6-a1fc-42a4-b5ce-4922820de60a
2019-10-18 14:30:21,886 [grpc-default-executor-4] INFO  impl.RaftServerImpl (RaftServerImpl.java:setRole(184)) - 3ee7b367-7b16-44e1-99f8-43aefeda0876@group-FD33B9583E3C: changes role from  FOLLOWER to FOLLOWER at term 31 for recognizeCandidate:681edbc6-a1fc-42a4-b5ce-4922820de60a
2019-10-18 14:30:21,886 [grpc-default-executor-4] INFO  impl.RoleInfo (RoleInfo.java:shutdownFollowerState(121)) - 3ee7b367-7b16-44e1-99f8-43aefeda0876: shutdown FollowerState
2019-10-18 14:30:21,886 [grpc-default-executor-5] INFO  impl.RoleInfo (RoleInfo.java:shutdownFollowerState(121)) - 773cce60-eeca-4c1f-a5ec-70084be8b6b9: shutdown FollowerState
2019-10-18 14:30:21,886 [Thread-625] INFO  impl.FollowerState (FollowerState.java:run(117)) - 3ee7b367-7b16-44e1-99f8-43aefeda0876@group-FD33B9583E3C-FollowerState was interrupted: java.lang.InterruptedException: sleep interrupted
2019-10-18 14:30:21,886 [grpc-default-executor-4] INFO  impl.RoleInfo (RoleInfo.java:updateAndGet(143)) - 3ee7b367-7b16-44e1-99f8-43aefeda0876: start FollowerState
2019-10-18 14:30:21,886 [Thread-626] INFO  impl.FollowerState (FollowerState.java:run(117)) - 773cce60-eeca-4c1f-a5ec-70084be8b6b9@group-FD33B9583E3C-FollowerState was interrupted: java.lang.InterruptedException: sleep interrupted
2019-10-18 14:30:21,886 [grpc-default-executor-5] INFO  impl.RoleInfo (RoleInfo.java:updateAndGet(143)) - 773cce60-eeca-4c1f-a5ec-70084be8b6b9: start FollowerState
2019-10-18 14:30:21,892 [681edbc6-a1fc-42a4-b5ce-4922820de60a@group-FD33B9583E3C-LeaderElection43] INFO  impl.LeaderElection (LeaderElection.java:logAndReturn(56)) - 681edbc6-a1fc-42a4-b5ce-4922820de60a@group-FD33B9583E3C-LeaderElection43: Election REJECTED; received 2 response(s) [681edbc6-a1fc-42a4-b5ce-4922820de60a<-3ee7b367-7b16-44e1-99f8-43aefeda0876#0:FAIL-t31, 681edbc6-a1fc-42a4-b5ce-4922820de60a<-773cce60-eeca-4c1f-a5ec-70084be8b6b9#0:FAIL-t31] and 0 exception(s); 681edbc6-a1fc-42a4-b5ce-4922820de60a@group-FD33B9583E3C:t31, leader=null, voted=681edbc6-a1fc-42a4-b5ce-4922820de60a, raftlog=681edbc6-a1fc-42a4-b5ce-4922820de60a@group-FD33B9583E3C-SegmentedRaftLog:OPENED:c-1,f-1,i0, conf=-1: [3ee7b367-7b16-44e1-99f8-43aefeda0876:192.168.164.233:46080, 681edbc6-a1fc-42a4-b5ce-4922820de60a:192.168.164.233:44267, 773cce60-eeca-4c1f-a5ec-70084be8b6b9:192.168.164.233:38729], old=null
2019-10-18 14:30:21,892 [681edbc6-a1fc-42a4-b5ce-4922820de60a@group-FD33B9583E3C-LeaderElection43] INFO  impl.RaftServerImpl (RaftServerImpl.java:setRole(184)) - 681edbc6-a1fc-42a4-b5ce-4922820de60a@group-FD33B9583E3C: changes role from CANDIDATE to FOLLOWER at term 31 for DISCOVERED_A_NEW_TERM
2019-10-18 14:30:21,892 [681edbc6-a1fc-42a4-b5ce-4922820de60a@group-FD33B9583E3C-LeaderElection43] INFO  impl.RoleInfo (RoleInfo.java:shutdownLeaderElection(134)) - 681edbc6-a1fc-42a4-b5ce-4922820de60a: shutdown LeaderElection
2019-10-18 14:30:21,892 [681edbc6-a1fc-42a4-b5ce-4922820de60a@group-FD33B9583E3C-LeaderElection43] INFO  impl.RoleInfo (RoleInfo.java:updateAndGet(143)) - 681edbc6-a1fc-42a4-b5ce-4922820de60a: start FollowerState
2019-10-18 14:30:22,071 [Thread-637] INFO  impl.FollowerState (FollowerState.java:run(108)) - 681edbc6-a1fc-42a4-b5ce-4922820de60a@group-FD33B9583E3C-FollowerState: change to CANDIDATE, lastRpcTime:178ms, electionTimeout:178ms
2019-10-18 14:30:22,071 [Thread-637] INFO  impl.RoleInfo (RoleInfo.java:shutdownFollowerState(121)) - 681edbc6-a1fc-42a4-b5ce-4922820de60a: shutdown FollowerState
2019-10-18 14:30:22,071 [Thread-637] INFO  impl.RaftServerImpl (RaftServerImpl.java:setRole(184)) - 681edbc6-a1fc-42a4-b5ce-4922820de60a@group-FD33B9583E3C: changes role from  FOLLOWER to CANDIDATE at term 31 for changeToCandidate
2019-10-18 14:30:22,071 [Thread-637] INFO  impl.RoleInfo (RoleInfo.java:updateAndGet(143)) - 681edbc6-a1fc-42a4-b5ce-4922820de60a: start LeaderElection
2019-10-18 14:30:22,085 [681edbc6-a1fc-42a4-b5ce-4922820de60a@group-FD33B9583E3C-LeaderElection44] INFO  impl.LeaderElection (LeaderElection.java:askForVotes(178)) - 681edbc6-a1fc-42a4-b5ce-4922820de60a@group-FD33B9583E3C-LeaderElection44: begin an election at term 32 for -1: [3ee7b367-7b16-44e1-99f8-43aefeda0876:192.168.164.233:46080, 681edbc6-a1fc-42a4-b5ce-4922820de60a:192.168.164.233:44267, 773cce60-eeca-4c1f-a5ec-70084be8b6b9:192.168.164.233:38729], old=null
2019-10-18 14:30:22,087 [grpc-default-executor-5] INFO  impl.RaftServerImpl (RaftServerImpl.java:setRole(184)) - 3ee7b367-7b16-44e1-99f8-43aefeda0876@group-FD33B9583E3C: changes role from  FOLLOWER to FOLLOWER at term 32 for recognizeCandidate:681edbc6-a1fc-42a4-b5ce-4922820de60a
2019-10-18 14:30:22,087 [grpc-default-executor-4] INFO  impl.RaftServerImpl (RaftServerImpl.java:setRole(184)) - 773cce60-eeca-4c1f-a5ec-70084be8b6b9@group-FD33B9583E3C: changes role from  FOLLOWER to FOLLOWER at term 32 for recognizeCandidate:681edbc6-a1fc-42a4-b5ce-4922820de60a
2019-10-18 14:30:22,088 [grpc-default-executor-5] INFO  impl.RoleInfo (RoleInfo.java:shutdownFollowerState(121)) - 3ee7b367-7b16-44e1-99f8-43aefeda0876: shutdown FollowerState
2019-10-18 14:30:22,088 [grpc-default-executor-4] INFO  impl.RoleInfo (RoleInfo.java:shutdownFollowerState(121)) - 773cce60-eeca-4c1f-a5ec-70084be8b6b9: shutdown FollowerState
2019-10-18 14:30:22,088 [Thread-635] INFO  impl.FollowerState (FollowerState.java:run(117)) - 3ee7b367-7b16-44e1-99f8-43aefeda0876@group-FD33B9583E3C-FollowerState was interrupted: java.lang.InterruptedException: sleep interrupted
2019-10-18 14:30:22,088 [Thread-636] INFO  impl.FollowerState (FollowerState.java:run(117)) - 773cce60-eeca-4c1f-a5ec-70084be8b6b9@group-FD33B9583E3C-FollowerState was interrupted: java.lang.InterruptedException: sleep interrupted
2019-10-18 14:30:22,088 [grpc-default-executor-4] INFO  impl.RoleInfo (RoleInfo.java:updateAndGet(143)) - 773cce60-eeca-4c1f-a5ec-70084be8b6b9: start FollowerState
2019-10-18 14:30:22,088 [grpc-default-executor-5] INFO  impl.RoleInfo (RoleInfo.java:updateAndGet(143)) - 3ee7b367-7b16-44e1-99f8-43aefeda0876: start FollowerState
2019-10-18 14:30:22,094 [681edbc6-a1fc-42a4-b5ce-4922820de60a@group-FD33B9583E3C-LeaderElection44] INFO  impl.LeaderElection (LeaderElection.java:logAndReturn(56)) - 681edbc6-a1fc-42a4-b5ce-4922820de60a@group-FD33B9583E3C-LeaderElection44: Election REJECTED; received 2 response(s) [681edbc6-a1fc-42a4-b5ce-4922820de60a<-3ee7b367-7b16-44e1-99f8-43aefeda0876#0:FAIL-t32, 681edbc6-a1fc-42a4-b5ce-4922820de60a<-773cce60-eeca-4c1f-a5ec-70084be8b6b9#0:FAIL-t32] and 0 exception(s); 681edbc6-a1fc-42a4-b5ce-4922820de60a@group-FD33B9583E3C:t32, leader=null, voted=681edbc6-a1fc-42a4-b5ce-4922820de60a, raftlog=681edbc6-a1fc-42a4-b5ce-4922820de60a@group-FD33B9583E3C-SegmentedRaftLog:OPENED:c-1,f-1,i0, conf=-1: [3ee7b367-7b16-44e1-99f8-43aefeda0876:192.168.164.233:46080, 681edbc6-a1fc-42a4-b5ce-4922820de60a:192.168.164.233:44267, 773cce60-eeca-4c1f-a5ec-70084be8b6b9:192.168.164.233:38729], old=null
2019-10-18 14:30:22,095 [681edbc6-a1fc-42a4-b5ce-4922820de60a@group-FD33B9583E3C-LeaderElection44] INFO  impl.RaftServerImpl (RaftServerImpl.java:setRole(184)) - 681edbc6-a1fc-42a4-b5ce-4922820de60a@group-FD33B9583E3C: changes role from CANDIDATE to FOLLOWER at term 32 for DISCOVERED_A_NEW_TERM
2019-10-18 14:30:22,095 [681edbc6-a1fc-42a4-b5ce-4922820de60a@group-FD33B9583E3C-LeaderElection44] INFO  impl.RoleInfo (RoleInfo.java:shutdownLeaderElection(134)) - 681edbc6-a1fc-42a4-b5ce-4922820de60a: shutdown LeaderElection
2019-10-18 14:30:22,095 [681edbc6-a1fc-42a4-b5ce-4922820de60a@group-FD33B9583E3C-LeaderElection44] INFO  impl.RoleInfo (RoleInfo.java:updateAndGet(143)) - 681edbc6-a1fc-42a4-b5ce-4922820de60a: start FollowerState
2019-10-18 14:30:22,294 [Thread-643] INFO  impl.FollowerState (FollowerState.java:run(108)) - 681edbc6-a1fc-42a4-b5ce-4922820de60a@group-FD33B9583E3C-FollowerState: change to CANDIDATE, lastRpcTime:199ms, electionTimeout:199ms
2019-10-18 14:30:22,294 [Thread-643] INFO  impl.RoleInfo (RoleInfo.java:shutdownFollowerState(121)) - 681edbc6-a1fc-42a4-b5ce-4922820de60a: shutdown FollowerState
2019-10-18 14:30:22,294 [Thread-643] INFO  impl.RaftServerImpl (RaftServerImpl.java:setRole(184)) - 681edbc6-a1fc-42a4-b5ce-4922820de60a@group-FD33B9583E3C: changes role from  FOLLOWER to CANDIDATE at term 32 for changeToCandidate
2019-10-18 14:30:22,295 [Thread-643] INFO  impl.RoleInfo (RoleInfo.java:updateAndGet(143)) - 681edbc6-a1fc-42a4-b5ce-4922820de60a: start LeaderElection
2019-10-18 14:30:22,344 [681edbc6-a1fc-42a4-b5ce-4922820de60a@group-FD33B9583E3C-LeaderElection45] INFO  impl.LeaderElection (LeaderElection.java:askForVotes(178)) - 681edbc6-a1fc-42a4-b5ce-4922820de60a@group-FD33B9583E3C-LeaderElection45: begin an election at term 33 for -1: [3ee7b367-7b16-44e1-99f8-43aefeda0876:192.168.164.233:46080, 681edbc6-a1fc-42a4-b5ce-4922820de60a:192.168.164.233:44267, 773cce60-eeca-4c1f-a5ec-70084be8b6b9:192.168.164.233:38729], old=null
2019-10-18 14:30:22,346 [grpc-default-executor-5] INFO  impl.RaftServerImpl (RaftServerImpl.java:setRole(184)) - 773cce60-eeca-4c1f-a5ec-70084be8b6b9@group-FD33B9583E3C: changes role from  FOLLOWER to FOLLOWER at term 33 for recognizeCandidate:681edbc6-a1fc-42a4-b5ce-4922820de60a
2019-10-18 14:30:22,347 [grpc-default-executor-4] INFO  impl.RaftServerImpl (RaftServerImpl.java:setRole(184)) - 3ee7b367-7b16-44e1-99f8-43aefeda0876@group-FD33B9583E3C: changes role from  FOLLOWER to FOLLOWER at term 33 for recognizeCandidate:681edbc6-a1fc-42a4-b5ce-4922820de60a
2019-10-18 14:30:22,347 [grpc-default-executor-5] INFO  impl.RoleInfo (RoleInfo.java:shutdownFollowerState(121)) - 773cce60-eeca-4c1f-a5ec-70084be8b6b9: shutdown FollowerState
2019-10-18 14:30:22,347 [grpc-default-executor-4] INFO  impl.RoleInfo (RoleInfo.java:shutdownFollowerState(121)) - 3ee7b367-7b16-44e1-99f8-43aefeda0876: shutdown FollowerState
2019-10-18 14:30:22,347 [Thread-642] INFO  impl.FollowerState (FollowerState.java:run(117)) - 773cce60-eeca-4c1f-a5ec-70084be8b6b9@group-FD33B9583E3C-FollowerState was interrupted: java.lang.InterruptedException: sleep interrupted
2019-10-18 14:30:22,347 [grpc-default-executor-5] INFO  impl.RoleInfo (RoleInfo.java:updateAndGet(143)) - 773cce60-eeca-4c1f-a5ec-70084be8b6b9: start FollowerState
2019-10-18 14:30:22,347 [Thread-641] INFO  impl.FollowerState (FollowerState.java:run(117)) - 3ee7b367-7b16-44e1-99f8-43aefeda0876@group-FD33B9583E3C-FollowerState was interrupted: java.lang.InterruptedException: sleep interrupted
2019-10-18 14:30:22,347 [grpc-default-executor-4] INFO  impl.RoleInfo (RoleInfo.java:updateAndGet(143)) - 3ee7b367-7b16-44e1-99f8-43aefeda0876: start FollowerState
2019-10-18 14:30:22,359 [681edbc6-a1fc-42a4-b5ce-4922820de60a@group-FD33B9583E3C-LeaderElection45] INFO  impl.LeaderElection (LeaderElection.java:logAndReturn(56)) - 681edbc6-a1fc-42a4-b5ce-4922820de60a@group-FD33B9583E3C-LeaderElection45: Election REJECTED; received 2 response(s) [681edbc6-a1fc-42a4-b5ce-4922820de60a<-3ee7b367-7b16-44e1-99f8-43aefeda0876#0:FAIL-t33, 681edbc6-a1fc-42a4-b5ce-4922820de60a<-773cce60-eeca-4c1f-a5ec-70084be8b6b9#0:FAIL-t33] and 0 exception(s); 681edbc6-a1fc-42a4-b5ce-4922820de60a@group-FD33B9583E3C:t33, leader=null, voted=681edbc6-a1fc-42a4-b5ce-4922820de60a, raftlog=681edbc6-a1fc-42a4-b5ce-4922820de60a@group-FD33B9583E3C-SegmentedRaftLog:OPENED:c-1,f-1,i0, conf=-1: [3ee7b367-7b16-44e1-99f8-43aefeda0876:192.168.164.233:46080, 681edbc6-a1fc-42a4-b5ce-4922820de60a:192.168.164.233:44267, 773cce60-eeca-4c1f-a5ec-70084be8b6b9:192.168.164.233:38729], old=null
2019-10-18 14:30:22,359 [681edbc6-a1fc-42a4-b5ce-4922820de60a@group-FD33B9583E3C-LeaderElection45] INFO  impl.RaftServerImpl (RaftServerImpl.java:setRole(184)) - 681edbc6-a1fc-42a4-b5ce-4922820de60a@group-FD33B9583E3C: changes role from CANDIDATE to FOLLOWER at term 33 for DISCOVERED_A_NEW_TERM
2019-10-18 14:30:22,359 [681edbc6-a1fc-42a4-b5ce-4922820de60a@group-FD33B9583E3C-LeaderElection45] INFO  impl.RoleInfo (RoleInfo.java:shutdownLeaderElection(134)) - 681edbc6-a1fc-42a4-b5ce-4922820de60a: shutdown LeaderElection
2019-10-18 14:30:22,359 [681edbc6-a1fc-42a4-b5ce-4922820de60a@group-FD33B9583E3C-LeaderElection45] INFO  impl.RoleInfo (RoleInfo.java:updateAndGet(143)) - 681edbc6-a1fc-42a4-b5ce-4922820de60a: start FollowerState
2019-10-18 14:30:22,370 [Thread-653] INFO  impl.FollowerState (FollowerState.java:run(108)) - 681edbc6-a1fc-42a4-b5ce-4922820de60a@group-FD33B9583E3C-FollowerState: change to CANDIDATE, lastRpcTime:11ms, electionTimeout:11ms
2019-10-18 14:30:22,370 [Thread-653] INFO  impl.RoleInfo (RoleInfo.java:shutdownFollowerState(121)) - 681edbc6-a1fc-42a4-b5ce-4922820de60a: shutdown FollowerState
2019-10-18 14:30:22,370 [Thread-653] INFO  impl.RaftServerImpl (RaftServerImpl.java:setRole(184)) - 681edbc6-a1fc-42a4-b5ce-4922820de60a@group-FD33B9583E3C: changes role from  FOLLOWER to CANDIDATE at term 33 for changeToCandidate
2019-10-18 14:30:22,370 [Thread-653] INFO  impl.RoleInfo (RoleInfo.java:updateAndGet(143)) - 681edbc6-a1fc-42a4-b5ce-4922820de60a: start LeaderElection
2019-10-18 14:30:22,387 [681edbc6-a1fc-42a4-b5ce-4922820de60a@group-FD33B9583E3C-LeaderElection46] INFO  impl.LeaderElection (LeaderElection.java:askForVotes(178)) - 681edbc6-a1fc-42a4-b5ce-4922820de60a@group-FD33B9583E3C-LeaderElection46: begin an election at term 34 for -1: [3ee7b367-7b16-44e1-99f8-43aefeda0876:192.168.164.233:46080, 681edbc6-a1fc-42a4-b5ce-4922820de60a:192.168.164.233:44267, 773cce60-eeca-4c1f-a5ec-70084be8b6b9:192.168.164.233:38729], old=null
2019-10-18 14:30:22,390 [grpc-default-executor-4] INFO  impl.RaftServerImpl (RaftServerImpl.java:setRole(184)) - 773cce60-eeca-4c1f-a5ec-70084be8b6b9@group-FD33B9583E3C: changes role from  FOLLOWER to FOLLOWER at term 34 for recognizeCandidate:681edbc6-a1fc-42a4-b5ce-4922820de60a
2019-10-18 14:30:22,390 [grpc-default-executor-5] INFO  impl.RaftServerImpl (RaftServerImpl.java:setRole(184)) - 3ee7b367-7b16-44e1-99f8-43aefeda0876@group-FD33B9583E3C: changes role from  FOLLOWER to FOLLOWER at term 34 for recognizeCandidate:681edbc6-a1fc-42a4-b5ce-4922820de60a
2019-10-18 14:30:22,390 [grpc-default-executor-4] INFO  impl.RoleInfo (RoleInfo.java:shutdownFollowerState(121)) - 773cce60-eeca-4c1f-a5ec-70084be8b6b9: shutdown FollowerState
2019-10-18 14:30:22,391 [grpc-default-executor-5] INFO  impl.RoleInfo (RoleInfo.java:shutdownFollowerState(121)) - 3ee7b367-7b16-44e1-99f8-43aefeda0876: shutdown FollowerState
2019-10-18 14:30:22,391 [grpc-default-executor-4] INFO  impl.RoleInfo (RoleInfo.java:updateAndGet(143)) - 773cce60-eeca-4c1f-a5ec-70084be8b6b9: start FollowerState
2019-10-18 14:30:22,391 [Thread-651] INFO  impl.FollowerState (FollowerState.java:run(117)) - 773cce60-eeca-4c1f-a5ec-70084be8b6b9@group-FD33B9583E3C-FollowerState was interrupted: java.lang.InterruptedException: sleep interrupted
2019-10-18 14:30:22,391 [Thread-652] INFO  impl.FollowerState (FollowerState.java:run(117)) - 3ee7b367-7b16-44e1-99f8-43aefeda0876@group-FD33B9583E3C-FollowerState was interrupted: java.lang.InterruptedException: sleep interrupted
2019-10-18 14:30:22,391 [grpc-default-executor-5] INFO  impl.RoleInfo (RoleInfo.java:updateAndGet(143)) - 3ee7b367-7b16-44e1-99f8-43aefeda0876: start FollowerState
2019-10-18 14:30:22,400 [681edbc6-a1fc-42a4-b5ce-4922820de60a@group-FD33B9583E3C-LeaderElection46] INFO  impl.LeaderElection (LeaderElection.java:logAndReturn(56)) - 681edbc6-a1fc-42a4-b5ce-4922820de60a@group-FD33B9583E3C-LeaderElection46: Election REJECTED; received 2 response(s) [681edbc6-a1fc-42a4-b5ce-4922820de60a<-3ee7b367-7b16-44e1-99f8-43aefeda0876#0:FAIL-t34, 681edbc6-a1fc-42a4-b5ce-4922820de60a<-773cce60-eeca-4c1f-a5ec-70084be8b6b9#0:FAIL-t34] and 0 exception(s); 681edbc6-a1fc-42a4-b5ce-4922820de60a@group-FD33B9583E3C:t34, leader=null, voted=681edbc6-a1fc-42a4-b5ce-4922820de60a, raftlog=681edbc6-a1fc-42a4-b5ce-4922820de60a@group-FD33B9583E3C-SegmentedRaftLog:OPENED:c-1,f-1,i0, conf=-1: [3ee7b367-7b16-44e1-99f8-43aefeda0876:192.168.164.233:46080, 681edbc6-a1fc-42a4-b5ce-4922820de60a:192.168.164.233:44267, 773cce60-eeca-4c1f-a5ec-70084be8b6b9:192.168.164.233:38729], old=null
2019-10-18 14:30:22,401 [681edbc6-a1fc-42a4-b5ce-4922820de60a@group-FD33B9583E3C-LeaderElection46] INFO  impl.RaftServerImpl (RaftServerImpl.java:setRole(184)) - 681edbc6-a1fc-42a4-b5ce-4922820de60a@group-FD33B9583E3C: changes role from CANDIDATE to FOLLOWER at term 34 for DISCOVERED_A_NEW_TERM
2019-10-18 14:30:22,401 [681edbc6-a1fc-42a4-b5ce-4922820de60a@group-FD33B9583E3C-LeaderElection46] INFO  impl.RoleInfo (RoleInfo.java:shutdownLeaderElection(134)) - 681edbc6-a1fc-42a4-b5ce-4922820de60a: shutdown LeaderElection
2019-10-18 14:30:22,401 [681edbc6-a1fc-42a4-b5ce-4922820de60a@group-FD33B9583E3C-LeaderElection46] INFO  impl.RoleInfo (RoleInfo.java:updateAndGet(143)) - 681edbc6-a1fc-42a4-b5ce-4922820de60a: start FollowerState
2019-10-18 14:30:22,567 [Thread-659] INFO  impl.FollowerState (FollowerState.java:run(108)) - 681edbc6-a1fc-42a4-b5ce-4922820de60a@group-FD33B9583E3C-FollowerState: change to CANDIDATE, lastRpcTime:166ms, electionTimeout:166ms
2019-10-18 14:30:22,567 [Thread-659] INFO  impl.RoleInfo (RoleInfo.java:shutdownFollowerState(121)) - 681edbc6-a1fc-42a4-b5ce-4922820de60a: shutdown FollowerState
2019-10-18 14:30:22,567 [Thread-659] INFO  impl.RaftServerImpl (RaftServerImpl.java:setRole(184)) - 681edbc6-a1fc-42a4-b5ce-4922820de60a@group-FD33B9583E3C: changes role from  FOLLOWER to CANDIDATE at term 34 for changeToCandidate
2019-10-18 14:30:22,568 [Thread-659] INFO  impl.RoleInfo (RoleInfo.java:updateAndGet(143)) - 681edbc6-a1fc-42a4-b5ce-4922820de60a: start LeaderElection
2019-10-18 14:30:22,576 [681edbc6-a1fc-42a4-b5ce-4922820de60a@group-FD33B9583E3C-LeaderElection47] INFO  impl.LeaderElection (LeaderElection.java:askForVotes(178)) - 681edbc6-a1fc-42a4-b5ce-4922820de60a@group-FD33B9583E3C-LeaderElection47: begin an election at term 35 for -1: [3ee7b367-7b16-44e1-99f8-43aefeda0876:192.168.164.233:46080, 681edbc6-a1fc-42a4-b5ce-4922820de60a:192.168.164.233:44267, 773cce60-eeca-4c1f-a5ec-70084be8b6b9:192.168.164.233:38729], old=null
2019-10-18 14:30:22,579 [grpc-default-executor-4] INFO  impl.RaftServerImpl (RaftServerImpl.java:setRole(184)) - 773cce60-eeca-4c1f-a5ec-70084be8b6b9@group-FD33B9583E3C: changes role from  FOLLOWER to FOLLOWER at term 35 for recognizeCandidate:681edbc6-a1fc-42a4-b5ce-4922820de60a
2019-10-18 14:30:22,579 [grpc-default-executor-5] INFO  impl.RaftServerImpl (RaftServerImpl.java:setRole(184)) - 3ee7b367-7b16-44e1-99f8-43aefeda0876@group-FD33B9583E3C: changes role from  FOLLOWER to FOLLOWER at term 35 for recognizeCandidate:681edbc6-a1fc-42a4-b5ce-4922820de60a
2019-10-18 14:30:22,579 [grpc-default-executor-5] INFO  impl.RoleInfo (RoleInfo.java:shutdownFollowerState(121)) - 3ee7b367-7b16-44e1-99f8-43aefeda0876: shutdown FollowerState
2019-10-18 14:30:22,579 [grpc-default-executor-4] INFO  impl.RoleInfo (RoleInfo.java:shutdownFollowerState(121)) - 773cce60-eeca-4c1f-a5ec-70084be8b6b9: shutdown FollowerState
2019-10-18 14:30:22,579 [grpc-default-executor-5] INFO  impl.RoleInfo (RoleInfo.java:updateAndGet(143)) - 3ee7b367-7b16-44e1-99f8-43aefeda0876: start FollowerState
2019-10-18 14:30:22,579 [Thread-658] INFO  impl.FollowerState (FollowerState.java:run(117)) - 3ee7b367-7b16-44e1-99f8-43aefeda0876@group-FD33B9583E3C-FollowerState was interrupted: java.lang.InterruptedException: sleep interrupted
2019-10-18 14:30:22,580 [Thread-657] INFO  impl.FollowerState (FollowerState.java:run(117)) - 773cce60-eeca-4c1f-a5ec-70084be8b6b9@group-FD33B9583E3C-FollowerState was interrupted: java.lang.InterruptedException: sleep interrupted
2019-10-18 14:30:22,580 [grpc-default-executor-4] INFO  impl.RoleInfo (RoleInfo.java:updateAndGet(143)) - 773cce60-eeca-4c1f-a5ec-70084be8b6b9: start FollowerState
2019-10-18 14:30:22,594 [681edbc6-a1fc-42a4-b5ce-4922820de60a@group-FD33B9583E3C-LeaderElection47] INFO  impl.LeaderElection (LeaderElection.java:logAndReturn(56)) - 681edbc6-a1fc-42a4-b5ce-4922820de60a@group-FD33B9583E3C-LeaderElection47: Election REJECTED; received 2 response(s) [681edbc6-a1fc-42a4-b5ce-4922820de60a<-3ee7b367-7b16-44e1-99f8-43aefeda0876#0:FAIL-t35, 681edbc6-a1fc-42a4-b5ce-4922820de60a<-773cce60-eeca-4c1f-a5ec-70084be8b6b9#0:FAIL-t35] and 0 exception(s); 681edbc6-a1fc-42a4-b5ce-4922820de60a@group-FD33B9583E3C:t35, leader=null, voted=681edbc6-a1fc-42a4-b5ce-4922820de60a, raftlog=681edbc6-a1fc-42a4-b5ce-4922820de60a@group-FD33B9583E3C-SegmentedRaftLog:OPENED:c-1,f-1,i0, conf=-1: [3ee7b367-7b16-44e1-99f8-43aefeda0876:192.168.164.233:46080, 681edbc6-a1fc-42a4-b5ce-4922820de60a:192.168.164.233:44267, 773cce60-eeca-4c1f-a5ec-70084be8b6b9:192.168.164.233:38729], old=null
2019-10-18 14:30:22,595 [681edbc6-a1fc-42a4-b5ce-4922820de60a@group-FD33B9583E3C-LeaderElection47] INFO  impl.RaftServerImpl (RaftServerImpl.java:setRole(184)) - 681edbc6-a1fc-42a4-b5ce-4922820de60a@group-FD33B9583E3C: changes role from CANDIDATE to FOLLOWER at term 35 for DISCOVERED_A_NEW_TERM
2019-10-18 14:30:22,595 [681edbc6-a1fc-42a4-b5ce-4922820de60a@group-FD33B9583E3C-LeaderElection47] INFO  impl.RoleInfo (RoleInfo.java:shutdownLeaderElection(134)) - 681edbc6-a1fc-42a4-b5ce-4922820de60a: shutdown LeaderElection
2019-10-18 14:30:22,595 [681edbc6-a1fc-42a4-b5ce-4922820de60a@group-FD33B9583E3C-LeaderElection47] INFO  impl.RoleInfo (RoleInfo.java:updateAndGet(143)) - 681edbc6-a1fc-42a4-b5ce-4922820de60a: start FollowerState
2019-10-18 14:30:22,619 [Thread-667] INFO  impl.FollowerState (FollowerState.java:run(108)) - 681edbc6-a1fc-42a4-b5ce-4922820de60a@group-FD33B9583E3C-FollowerState: change to CANDIDATE, lastRpcTime:24ms, electionTimeout:24ms
2019-10-18 14:30:22,619 [Thread-667] INFO  impl.RoleInfo (RoleInfo.java:shutdownFollowerState(121)) - 681edbc6-a1fc-42a4-b5ce-4922820de60a: shutdown FollowerState
2019-10-18 14:30:22,619 [Thread-667] INFO  impl.RaftServerImpl (RaftServerImpl.java:setRole(184)) - 681edbc6-a1fc-42a4-b5ce-4922820de60a@group-FD33B9583E3C: changes role from  FOLLOWER to CANDIDATE at term 35 for changeToCandidate
2019-10-18 14:30:22,619 [Thread-667] INFO  impl.RoleInfo (RoleInfo.java:updateAndGet(143)) - 681edbc6-a1fc-42a4-b5ce-4922820de60a: start LeaderElection
2019-10-18 14:30:22,647 [681edbc6-a1fc-42a4-b5ce-4922820de60a@group-FD33B9583E3C-LeaderElection48] INFO  impl.LeaderElection (LeaderElection.java:askForVotes(178)) - 681edbc6-a1fc-42a4-b5ce-4922820de60a@group-FD33B9583E3C-LeaderElection48: begin an election at term 36 for -1: [3ee7b367-7b16-44e1-99f8-43aefeda0876:192.168.164.233:46080, 681edbc6-a1fc-42a4-b5ce-4922820de60a:192.168.164.233:44267, 773cce60-eeca-4c1f-a5ec-70084be8b6b9:192.168.164.233:38729], old=null
2019-10-18 14:30:22,650 [grpc-default-executor-4] INFO  impl.RaftServerImpl (RaftServerImpl.java:setRole(184)) - 773cce60-eeca-4c1f-a5ec-70084be8b6b9@group-FD33B9583E3C: changes role from  FOLLOWER to FOLLOWER at term 36 for recognizeCandidate:681edbc6-a1fc-42a4-b5ce-4922820de60a
2019-10-18 14:30:22,650 [grpc-default-executor-5] INFO  impl.RaftServerImpl (RaftServerImpl.java:setRole(184)) - 3ee7b367-7b16-44e1-99f8-43aefeda0876@group-FD33B9583E3C: changes role from  FOLLOWER to FOLLOWER at term 36 for recognizeCandidate:681edbc6-a1fc-42a4-b5ce-4922820de60a
2019-10-18 14:30:22,650 [grpc-default-executor-4] INFO  impl.RoleInfo (RoleInfo.java:shutdownFollowerState(121)) - 773cce60-eeca-4c1f-a5ec-70084be8b6b9: shutdown FollowerState
2019-10-18 14:30:22,650 [grpc-default-executor-5] INFO  impl.RoleInfo (RoleInfo.java:shutdownFollowerState(121)) - 3ee7b367-7b16-44e1-99f8-43aefeda0876: shutdown FollowerState
2019-10-18 14:30:22,650 [Thread-666] INFO  impl.FollowerState (FollowerState.java:run(117)) - 773cce60-eeca-4c1f-a5ec-70084be8b6b9@group-FD33B9583E3C-FollowerState was interrupted: java.lang.InterruptedException: sleep interrupted
2019-10-18 14:30:22,650 [grpc-default-executor-4] INFO  impl.RoleInfo (RoleInfo.java:updateAndGet(143)) - 773cce60-eeca-4c1f-a5ec-70084be8b6b9: start FollowerState
2019-10-18 14:30:22,650 [Thread-665] INFO  impl.FollowerState (FollowerState.java:run(117)) - 3ee7b367-7b16-44e1-99f8-43aefeda0876@group-FD33B9583E3C-FollowerState was interrupted: java.lang.InterruptedException: sleep interrupted
2019-10-18 14:30:22,650 [grpc-default-executor-5] INFO  impl.RoleInfo (RoleInfo.java:updateAndGet(143)) - 3ee7b367-7b16-44e1-99f8-43aefeda0876: start FollowerState
2019-10-18 14:30:22,665 [681edbc6-a1fc-42a4-b5ce-4922820de60a@group-FD33B9583E3C-LeaderElection48] INFO  impl.LeaderElection (LeaderElection.java:logAndReturn(56)) - 681edbc6-a1fc-42a4-b5ce-4922820de60a@group-FD33B9583E3C-LeaderElection48: Election REJECTED; received 2 response(s) [681edbc6-a1fc-42a4-b5ce-4922820de60a<-3ee7b367-7b16-44e1-99f8-43aefeda0876#0:FAIL-t36, 681edbc6-a1fc-42a4-b5ce-4922820de60a<-773cce60-eeca-4c1f-a5ec-70084be8b6b9#0:FAIL-t36] and 0 exception(s); 681edbc6-a1fc-42a4-b5ce-4922820de60a@group-FD33B9583E3C:t36, leader=null, voted=681edbc6-a1fc-42a4-b5ce-4922820de60a, raftlog=681edbc6-a1fc-42a4-b5ce-4922820de60a@group-FD33B9583E3C-SegmentedRaftLog:OPENED:c-1,f-1,i0, conf=-1: [3ee7b367-7b16-44e1-99f8-43aefeda0876:192.168.164.233:46080, 681edbc6-a1fc-42a4-b5ce-4922820de60a:192.168.164.233:44267, 773cce60-eeca-4c1f-a5ec-70084be8b6b9:192.168.164.233:38729], old=null
2019-10-18 14:30:22,666 [681edbc6-a1fc-42a4-b5ce-4922820de60a@group-FD33B9583E3C-LeaderElection48] INFO  impl.RaftServerImpl (RaftServerImpl.java:setRole(184)) - 681edbc6-a1fc-42a4-b5ce-4922820de60a@group-FD33B9583E3C: changes role from CANDIDATE to FOLLOWER at term 36 for DISCOVERED_A_NEW_TERM
2019-10-18 14:30:22,666 [681edbc6-a1fc-42a4-b5ce-4922820de60a@group-FD33B9583E3C-LeaderElection48] INFO  impl.RoleInfo (RoleInfo.java:shutdownLeaderElection(134)) - 681edbc6-a1fc-42a4-b5ce-4922820de60a: shutdown LeaderElection
2019-10-18 14:30:22,666 [681edbc6-a1fc-42a4-b5ce-4922820de60a@group-FD33B9583E3C-LeaderElection48] INFO  impl.RoleInfo (RoleInfo.java:updateAndGet(143)) - 681edbc6-a1fc-42a4-b5ce-4922820de60a: start FollowerState
2019-10-18 14:30:22,832 [Thread-673] INFO  impl.FollowerState (FollowerState.java:run(108)) - 681edbc6-a1fc-42a4-b5ce-4922820de60a@group-FD33B9583E3C-FollowerState: change to CANDIDATE, lastRpcTime:165ms, electionTimeout:165ms
2019-10-18 14:30:22,832 [Thread-673] INFO  impl.RoleInfo (RoleInfo.java:shutdownFollowerState(121)) - 681edbc6-a1fc-42a4-b5ce-4922820de60a: shutdown FollowerState
2019-10-18 14:30:22,832 [Thread-673] INFO  impl.RaftServerImpl (RaftServerImpl.java:setRole(184)) - 681edbc6-a1fc-42a4-b5ce-4922820de60a@group-FD33B9583E3C: changes role from  FOLLOWER to CANDIDATE at term 36 for changeToCandidate
2019-10-18 14:30:22,832 [Thread-673] INFO  impl.RoleInfo (RoleInfo.java:updateAndGet(143)) - 681edbc6-a1fc-42a4-b5ce-4922820de60a: start LeaderElection
2019-10-18 14:30:22,846 [681edbc6-a1fc-42a4-b5ce-4922820de60a@group-FD33B9583E3C-LeaderElection49] INFO  impl.LeaderElection (LeaderElection.java:askForVotes(178)) - 681edbc6-a1fc-42a4-b5ce-4922820de60a@group-FD33B9583E3C-LeaderElection49: begin an election at term 37 for -1: [3ee7b367-7b16-44e1-99f8-43aefeda0876:192.168.164.233:46080, 681edbc6-a1fc-42a4-b5ce-4922820de60a:192.168.164.233:44267, 773cce60-eeca-4c1f-a5ec-70084be8b6b9:192.168.164.233:38729], old=null
2019-10-18 14:30:22,849 [grpc-default-executor-4] INFO  impl.RaftServerImpl (RaftServerImpl.java:setRole(184)) - 773cce60-eeca-4c1f-a5ec-70084be8b6b9@group-FD33B9583E3C: changes role from  FOLLOWER to FOLLOWER at term 37 for recognizeCandidate:681edbc6-a1fc-42a4-b5ce-4922820de60a
2019-10-18 14:30:22,849 [grpc-default-executor-5] INFO  impl.RaftServerImpl (RaftServerImpl.java:setRole(184)) - 3ee7b367-7b16-44e1-99f8-43aefeda0876@group-FD33B9583E3C: changes role from  FOLLOWER to FOLLOWER at term 37 for recognizeCandidate:681edbc6-a1fc-42a4-b5ce-4922820de60a
2019-10-18 14:30:22,849 [grpc-default-executor-4] INFO  impl.RoleInfo (RoleInfo.java:shutdownFollowerState(121)) - 773cce60-eeca-4c1f-a5ec-70084be8b6b9: shutdown FollowerState
2019-10-18 14:30:22,849 [grpc-default-executor-5] INFO  impl.RoleInfo (RoleInfo.java:shutdownFollowerState(121)) - 3ee7b367-7b16-44e1-99f8-43aefeda0876: shutdown FollowerState
2019-10-18 14:30:22,849 [grpc-default-executor-4] INFO  impl.RoleInfo (RoleInfo.java:updateAndGet(143)) - 773cce60-eeca-4c1f-a5ec-70084be8b6b9: start FollowerState
2019-10-18 14:30:22,849 [Thread-671] INFO  impl.FollowerState (FollowerState.java:run(117)) - 773cce60-eeca-4c1f-a5ec-70084be8b6b9@group-FD33B9583E3C-FollowerState was interrupted: java.lang.InterruptedException: sleep interrupted
2019-10-18 14:30:22,850 [Thread-672] INFO  impl.FollowerState (FollowerState.java:run(117)) - 3ee7b367-7b16-44e1-99f8-43aefeda0876@group-FD33B9583E3C-FollowerState was interrupted: java.lang.InterruptedException: sleep interrupted
2019-10-18 14:30:22,850 [grpc-default-executor-5] INFO  impl.RoleInfo (RoleInfo.java:updateAndGet(143)) - 3ee7b367-7b16-44e1-99f8-43aefeda0876: start FollowerState
2019-10-18 14:30:22,851 [681edbc6-a1fc-42a4-b5ce-4922820de60a@group-FD33B9583E3C-LeaderElection49] INFO  impl.LeaderElection (LeaderElection.java:logAndReturn(56)) - 681edbc6-a1fc-42a4-b5ce-4922820de60a@group-FD33B9583E3C-LeaderElection49: Election TIMEOUT; received 0 response(s) [] and 0 exception(s); 681edbc6-a1fc-42a4-b5ce-4922820de60a@group-FD33B9583E3C:t37, leader=null, voted=681edbc6-a1fc-42a4-b5ce-4922820de60a, raftlog=681edbc6-a1fc-42a4-b5ce-4922820de60a@group-FD33B9583E3C-SegmentedRaftLog:OPENED:c-1,f-1,i0, conf=-1: [3ee7b367-7b16-44e1-99f8-43aefeda0876:192.168.164.233:46080, 681edbc6-a1fc-42a4-b5ce-4922820de60a:192.168.164.233:44267, 773cce60-eeca-4c1f-a5ec-70084be8b6b9:192.168.164.233:38729], old=null
2019-10-18 14:30:22,863 [681edbc6-a1fc-42a4-b5ce-4922820de60a@group-FD33B9583E3C-LeaderElection49] INFO  impl.LeaderElection (LeaderElection.java:askForVotes(178)) - 681edbc6-a1fc-42a4-b5ce-4922820de60a@group-FD33B9583E3C-LeaderElection49: begin an election at term 38 for -1: [3ee7b367-7b16-44e1-99f8-43aefeda0876:192.168.164.233:46080, 681edbc6-a1fc-42a4-b5ce-4922820de60a:192.168.164.233:44267, 773cce60-eeca-4c1f-a5ec-70084be8b6b9:192.168.164.233:38729], old=null
2019-10-18 14:30:22,865 [grpc-default-executor-5] INFO  impl.RaftServerImpl (RaftServerImpl.java:setRole(184)) - 3ee7b367-7b16-44e1-99f8-43aefeda0876@group-FD33B9583E3C: changes role from  FOLLOWER to FOLLOWER at term 38 for recognizeCandidate:681edbc6-a1fc-42a4-b5ce-4922820de60a
2019-10-18 14:30:22,865 [grpc-default-executor-5] INFO  impl.RoleInfo (RoleInfo.java:shutdownFollowerState(121)) - 3ee7b367-7b16-44e1-99f8-43aefeda0876: shutdown FollowerState
2019-10-18 14:30:22,865 [grpc-default-executor-5] INFO  impl.RoleInfo (RoleInfo.java:updateAndGet(143)) - 3ee7b367-7b16-44e1-99f8-43aefeda0876: start FollowerState
2019-10-18 14:30:22,865 [Thread-682] INFO  impl.FollowerState (FollowerState.java:run(117)) - 3ee7b367-7b16-44e1-99f8-43aefeda0876@group-FD33B9583E3C-FollowerState was interrupted: java.lang.InterruptedException: sleep interrupted
2019-10-18 14:30:22,866 [grpc-default-executor-4] INFO  impl.RaftServerImpl (RaftServerImpl.java:setRole(184)) - 773cce60-eeca-4c1f-a5ec-70084be8b6b9@group-FD33B9583E3C: changes role from  FOLLOWER to FOLLOWER at term 38 for recognizeCandidate:681edbc6-a1fc-42a4-b5ce-4922820de60a
2019-10-18 14:30:22,866 [grpc-default-executor-4] INFO  impl.RoleInfo (RoleInfo.java:shutdownFollowerState(121)) - 773cce60-eeca-4c1f-a5ec-70084be8b6b9: shutdown FollowerState
2019-10-18 14:30:22,866 [grpc-default-executor-4] INFO  impl.RoleInfo (RoleInfo.java:updateAndGet(143)) - 773cce60-eeca-4c1f-a5ec-70084be8b6b9: start FollowerState
2019-10-18 14:30:22,866 [Thread-681] INFO  impl.FollowerState (FollowerState.java:run(117)) - 773cce60-eeca-4c1f-a5ec-70084be8b6b9@group-FD33B9583E3C-FollowerState was interrupted: java.lang.InterruptedException: sleep interrupted
2019-10-18 14:30:22,878 [681edbc6-a1fc-42a4-b5ce-4922820de60a@group-FD33B9583E3C-LeaderElection49] INFO  impl.LeaderElection (LeaderElection.java:logAndReturn(56)) - 681edbc6-a1fc-42a4-b5ce-4922820de60a@group-FD33B9583E3C-LeaderElection49: Election REJECTED; received 2 response(s) [681edbc6-a1fc-42a4-b5ce-4922820de60a<-3ee7b367-7b16-44e1-99f8-43aefeda0876#0:FAIL-t38, 681edbc6-a1fc-42a4-b5ce-4922820de60a<-773cce60-eeca-4c1f-a5ec-70084be8b6b9#0:FAIL-t38] and 0 exception(s); 681edbc6-a1fc-42a4-b5ce-4922820de60a@group-FD33B9583E3C:t38, leader=null, voted=681edbc6-a1fc-42a4-b5ce-4922820de60a, raftlog=681edbc6-a1fc-42a4-b5ce-4922820de60a@group-FD33B9583E3C-SegmentedRaftLog:OPENED:c-1,f-1,i0, conf=-1: [3ee7b367-7b16-44e1-99f8-43aefeda0876:192.168.164.233:46080, 681edbc6-a1fc-42a4-b5ce-4922820de60a:192.168.164.233:44267, 773cce60-eeca-4c1f-a5ec-70084be8b6b9:192.168.164.233:38729], old=null
2019-10-18 14:30:22,878 [681edbc6-a1fc-42a4-b5ce-4922820de60a@group-FD33B9583E3C-LeaderElection49] INFO  impl.RaftServerImpl (RaftServerImpl.java:setRole(184)) - 681edbc6-a1fc-42a4-b5ce-4922820de60a@group-FD33B9583E3C: changes role from CANDIDATE to FOLLOWER at term 38 for DISCOVERED_A_NEW_TERM
2019-10-18 14:30:22,878 [681edbc6-a1fc-42a4-b5ce-4922820de60a@group-FD33B9583E3C-LeaderElection49] INFO  impl.RoleInfo (RoleInfo.java:shutdownLeaderElection(134)) - 681edbc6-a1fc-42a4-b5ce-4922820de60a: shutdown LeaderElection
2019-10-18 14:30:22,879 [681edbc6-a1fc-42a4-b5ce-4922820de60a@group-FD33B9583E3C-LeaderElection49] INFO  impl.RoleInfo (RoleInfo.java:updateAndGet(143)) - 681edbc6-a1fc-42a4-b5ce-4922820de60a: start FollowerState
2019-10-18 14:30:23,043 [Thread-687] INFO  impl.FollowerState (FollowerState.java:run(108)) - 681edbc6-a1fc-42a4-b5ce-4922820de60a@group-FD33B9583E3C-FollowerState: change to CANDIDATE, lastRpcTime:164ms, electionTimeout:164ms
2019-10-18 14:30:23,044 [Thread-687] INFO  impl.RoleInfo (RoleInfo.java:shutdownFollowerState(121)) - 681edbc6-a1fc-42a4-b5ce-4922820de60a: shutdown FollowerState
2019-10-18 14:30:23,044 [Thread-687] INFO  impl.RaftServerImpl (RaftServerImpl.java:setRole(184)) - 681edbc6-a1fc-42a4-b5ce-4922820de60a@group-FD33B9583E3C: changes role from  FOLLOWER to CANDIDATE at term 38 for changeToCandidate
2019-10-18 14:30:23,045 [Thread-687] INFO  impl.RoleInfo (RoleInfo.java:updateAndGet(143)) - 681edbc6-a1fc-42a4-b5ce-4922820de60a: start LeaderElection
2019-10-18 14:30:23,059 [681edbc6-a1fc-42a4-b5ce-4922820de60a@group-FD33B9583E3C-LeaderElection50] INFO  impl.LeaderElection (LeaderElection.java:askForVotes(178)) - 681edbc6-a1fc-42a4-b5ce-4922820de60a@group-FD33B9583E3C-LeaderElection50: begin an election at term 39 for -1: [3ee7b367-7b16-44e1-99f8-43aefeda0876:192.168.164.233:46080, 681edbc6-a1fc-42a4-b5ce-4922820de60a:192.168.164.233:44267, 773cce60-eeca-4c1f-a5ec-70084be8b6b9:192.168.164.233:38729], old=null
2019-10-18 14:30:23,064 [grpc-default-executor-4] INFO  impl.RaftServerImpl (RaftServerImpl.java:setRole(184)) - 773cce60-eeca-4c1f-a5ec-70084be8b6b9@group-FD33B9583E3C: changes role from  FOLLOWER to FOLLOWER at term 39 for recognizeCandidate:681edbc6-a1fc-42a4-b5ce-4922820de60a
2019-10-18 14:30:23,064 [grpc-default-executor-5] INFO  impl.RaftServerImpl (RaftServerImpl.java:setRole(184)) - 3ee7b367-7b16-44e1-99f8-43aefeda0876@group-FD33B9583E3C: changes role from  FOLLOWER to FOLLOWER at term 39 for recognizeCandidate:681edbc6-a1fc-42a4-b5ce-4922820de60a
2019-10-18 14:30:23,065 [grpc-default-executor-4] INFO  impl.RoleInfo (RoleInfo.java:shutdownFollowerState(121)) - 773cce60-eeca-4c1f-a5ec-70084be8b6b9: shutdown FollowerState
2019-10-18 14:30:23,065 [grpc-default-executor-5] INFO  impl.RoleInfo (RoleInfo.java:shutdownFollowerState(121)) - 3ee7b367-7b16-44e1-99f8-43aefeda0876: shutdown FollowerState
2019-10-18 14:30:23,065 [grpc-default-executor-4] INFO  impl.RoleInfo (RoleInfo.java:updateAndGet(143)) - 773cce60-eeca-4c1f-a5ec-70084be8b6b9: start FollowerState
2019-10-18 14:30:23,065 [Thread-685] INFO  impl.FollowerState (FollowerState.java:run(117)) - 3ee7b367-7b16-44e1-99f8-43aefeda0876@group-FD33B9583E3C-FollowerState was interrupted: java.lang.InterruptedException: sleep interrupted
2019-10-18 14:30:23,065 [Thread-686] INFO  impl.FollowerState (FollowerState.java:run(117)) - 773cce60-eeca-4c1f-a5ec-70084be8b6b9@group-FD33B9583E3C-FollowerState was interrupted: java.lang.InterruptedException: sleep interrupted
2019-10-18 14:30:23,065 [grpc-default-executor-5] INFO  impl.RoleInfo (RoleInfo.java:updateAndGet(143)) - 3ee7b367-7b16-44e1-99f8-43aefeda0876: start FollowerState
2019-10-18 14:30:23,080 [681edbc6-a1fc-42a4-b5ce-4922820de60a@group-FD33B9583E3C-LeaderElection50] INFO  impl.LeaderElection (LeaderElection.java:logAndReturn(56)) - 681edbc6-a1fc-42a4-b5ce-4922820de60a@group-FD33B9583E3C-LeaderElection50: Election REJECTED; received 2 response(s) [681edbc6-a1fc-42a4-b5ce-4922820de60a<-3ee7b367-7b16-44e1-99f8-43aefeda0876#0:FAIL-t39, 681edbc6-a1fc-42a4-b5ce-4922820de60a<-773cce60-eeca-4c1f-a5ec-70084be8b6b9#0:FAIL-t39] and 0 exception(s); 681edbc6-a1fc-42a4-b5ce-4922820de60a@group-FD33B9583E3C:t39, leader=null, voted=681edbc6-a1fc-42a4-b5ce-4922820de60a, raftlog=681edbc6-a1fc-42a4-b5ce-4922820de60a@group-FD33B9583E3C-SegmentedRaftLog:OPENED:c-1,f-1,i0, conf=-1: [3ee7b367-7b16-44e1-99f8-43aefeda0876:192.168.164.233:46080, 681edbc6-a1fc-42a4-b5ce-4922820de60a:192.168.164.233:44267, 773cce60-eeca-4c1f-a5ec-70084be8b6b9:192.168.164.233:38729], old=null
2019-10-18 14:30:23,081 [681edbc6-a1fc-42a4-b5ce-4922820de60a@group-FD33B9583E3C-LeaderElection50] INFO  impl.RaftServerImpl (RaftServerImpl.java:setRole(184)) - 681edbc6-a1fc-42a4-b5ce-4922820de60a@group-FD33B9583E3C: changes role from CANDIDATE to FOLLOWER at term 39 for DISCOVERED_A_NEW_TERM
2019-10-18 14:30:23,081 [681edbc6-a1fc-42a4-b5ce-4922820de60a@group-FD33B9583E3C-LeaderElection50] INFO  impl.RoleInfo (RoleInfo.java:shutdownLeaderElection(134)) - 681edbc6-a1fc-42a4-b5ce-4922820de60a: shutdown LeaderElection
2019-10-18 14:30:23,081 [681edbc6-a1fc-42a4-b5ce-4922820de60a@group-FD33B9583E3C-LeaderElection50] INFO  impl.RoleInfo (RoleInfo.java:updateAndGet(143)) - 681edbc6-a1fc-42a4-b5ce-4922820de60a: start FollowerState
2019-10-18 14:30:23,194 [Thread-693] INFO  impl.FollowerState (FollowerState.java:run(108)) - 681edbc6-a1fc-42a4-b5ce-4922820de60a@group-FD33B9583E3C-FollowerState: change to CANDIDATE, lastRpcTime:113ms, electionTimeout:113ms
2019-10-18 14:30:23,195 [Thread-693] INFO  impl.RoleInfo (RoleInfo.java:shutdownFollowerState(121)) - 681edbc6-a1fc-42a4-b5ce-4922820de60a: shutdown FollowerState
2019-10-18 14:30:23,195 [Thread-693] INFO  impl.RaftServerImpl (RaftServerImpl.java:setRole(184)) - 681edbc6-a1fc-42a4-b5ce-4922820de60a@group-FD33B9583E3C: changes role from  FOLLOWER to CANDIDATE at term 39 for changeToCandidate
2019-10-18 14:30:23,195 [Thread-693] INFO  impl.RoleInfo (RoleInfo.java:updateAndGet(143)) - 681edbc6-a1fc-42a4-b5ce-4922820de60a: start LeaderElection
2019-10-18 14:30:23,208 [681edbc6-a1fc-42a4-b5ce-4922820de60a@group-FD33B9583E3C-LeaderElection51] INFO  impl.LeaderElection (LeaderElection.java:askForVotes(178)) - 681edbc6-a1fc-42a4-b5ce-4922820de60a@group-FD33B9583E3C-LeaderElection51: begin an election at term 40 for -1: [3ee7b367-7b16-44e1-99f8-43aefeda0876:192.168.164.233:46080, 681edbc6-a1fc-42a4-b5ce-4922820de60a:192.168.164.233:44267, 773cce60-eeca-4c1f-a5ec-70084be8b6b9:192.168.164.233:38729], old=null
2019-10-18 14:30:23,211 [grpc-default-executor-5] INFO  impl.RaftServerImpl (RaftServerImpl.java:setRole(184)) - 773cce60-eeca-4c1f-a5ec-70084be8b6b9@group-FD33B9583E3C: changes role from  FOLLOWER to FOLLOWER at term 40 for recognizeCandidate:681edbc6-a1fc-42a4-b5ce-4922820de60a
2019-10-18 14:30:23,211 [grpc-default-executor-4] INFO  impl.RaftServerImpl (RaftServerImpl.java:setRole(184)) - 3ee7b367-7b16-44e1-99f8-43aefeda0876@group-FD33B9583E3C: changes role from  FOLLOWER to FOLLOWER at term 40 for recognizeCandidate:681edbc6-a1fc-42a4-b5ce-4922820de60a
2019-10-18 14:30:23,211 [grpc-default-executor-5] INFO  impl.RoleInfo (RoleInfo.java:shutdownFollowerState(121)) - 773cce60-eeca-4c1f-a5ec-70084be8b6b9: shutdown FollowerState
2019-10-18 14:30:23,211 [grpc-default-executor-4] INFO  impl.RoleInfo (RoleInfo.java:shutdownFollowerState(121)) - 3ee7b367-7b16-44e1-99f8-43aefeda0876: shutdown FollowerState
2019-10-18 14:30:23,211 [Thread-691] INFO  impl.FollowerState (FollowerState.java:run(117)) - 773cce60-eeca-4c1f-a5ec-70084be8b6b9@group-FD33B9583E3C-FollowerState was interrupted: java.lang.InterruptedException: sleep interrupted
2019-10-18 14:30:23,211 [grpc-default-executor-5] INFO  impl.RoleInfo (RoleInfo.java:updateAndGet(143)) - 773cce60-eeca-4c1f-a5ec-70084be8b6b9: start FollowerState
2019-10-18 14:30:23,212 [grpc-default-executor-4] INFO  impl.RoleInfo (RoleInfo.java:updateAndGet(143)) - 3ee7b367-7b16-44e1-99f8-43aefeda0876: start FollowerState
2019-10-18 14:30:23,212 [Thread-692] INFO  impl.FollowerState (FollowerState.java:run(117)) - 3ee7b367-7b16-44e1-99f8-43aefeda0876@group-FD33B9583E3C-FollowerState was interrupted: java.lang.InterruptedException: sleep interrupted
2019-10-18 14:30:23,226 [681edbc6-a1fc-42a4-b5ce-4922820de60a@group-FD33B9583E3C-LeaderElection51] INFO  impl.LeaderElection (LeaderElection.java:logAndReturn(56)) - 681edbc6-a1fc-42a4-b5ce-4922820de60a@group-FD33B9583E3C-LeaderElection51: Election REJECTED; received 2 response(s) [681edbc6-a1fc-42a4-b5ce-4922820de60a<-3ee7b367-7b16-44e1-99f8-43aefeda0876#0:FAIL-t40, 681edbc6-a1fc-42a4-b5ce-4922820de60a<-773cce60-eeca-4c1f-a5ec-70084be8b6b9#0:FAIL-t40] and 0 exception(s); 681edbc6-a1fc-42a4-b5ce-4922820de60a@group-FD33B9583E3C:t40, leader=null, voted=681edbc6-a1fc-42a4-b5ce-4922820de60a, raftlog=681edbc6-a1fc-42a4-b5ce-4922820de60a@group-FD33B9583E3C-SegmentedRaftLog:OPENED:c-1,f-1,i0, conf=-1: [3ee7b367-7b16-44e1-99f8-43aefeda0876:192.168.164.233:46080, 681edbc6-a1fc-42a4-b5ce-4922820de60a:192.168.164.233:44267, 773cce60-eeca-4c1f-a5ec-70084be8b6b9:192.168.164.233:38729], old=null
2019-10-18 14:30:23,226 [681edbc6-a1fc-42a4-b5ce-4922820de60a@group-FD33B9583E3C-LeaderElection51] INFO  impl.RaftServerImpl (RaftServerImpl.java:setRole(184)) - 681edbc6-a1fc-42a4-b5ce-4922820de60a@group-FD33B9583E3C: changes role from CANDIDATE to FOLLOWER at term 40 for DISCOVERED_A_NEW_TERM
2019-10-18 14:30:23,226 [681edbc6-a1fc-42a4-b5ce-4922820de60a@group-FD33B9583E3C-LeaderElection51] INFO  impl.RoleInfo (RoleInfo.java:shutdownLeaderElection(134)) - 681edbc6-a1fc-42a4-b5ce-4922820de60a: shutdown LeaderElection
2019-10-18 14:30:23,226 [681edbc6-a1fc-42a4-b5ce-4922820de60a@group-FD33B9583E3C-LeaderElection51] INFO  impl.RoleInfo (RoleInfo.java:updateAndGet(143)) - 681edbc6-a1fc-42a4-b5ce-4922820de60a: start FollowerState
2019-10-18 14:30:23,417 [Thread-699] INFO  impl.FollowerState (FollowerState.java:run(108)) - 681edbc6-a1fc-42a4-b5ce-4922820de60a@group-FD33B9583E3C-FollowerState: change to CANDIDATE, lastRpcTime:191ms, electionTimeout:191ms
2019-10-18 14:30:23,417 [Thread-699] INFO  impl.RoleInfo (RoleInfo.java:shutdownFollowerState(121)) - 681edbc6-a1fc-42a4-b5ce-4922820de60a: shutdown FollowerState
2019-10-18 14:30:23,418 [Thread-699] INFO  impl.RaftServerImpl (RaftServerImpl.java:setRole(184)) - 681edbc6-a1fc-42a4-b5ce-4922820de60a@group-FD33B9583E3C: changes role from  FOLLOWER to CANDIDATE at term 40 for changeToCandidate
2019-10-18 14:30:23,418 [Thread-699] INFO  impl.RoleInfo (RoleInfo.java:updateAndGet(143)) - 681edbc6-a1fc-42a4-b5ce-4922820de60a: start LeaderElection
2019-10-18 14:30:23,431 [681edbc6-a1fc-42a4-b5ce-4922820de60a@group-FD33B9583E3C-LeaderElection52] INFO  impl.LeaderElection (LeaderElection.java:askForVotes(178)) - 681edbc6-a1fc-42a4-b5ce-4922820de60a@group-FD33B9583E3C-LeaderElection52: begin an election at term 41 for -1: [3ee7b367-7b16-44e1-99f8-43aefeda0876:192.168.164.233:46080, 681edbc6-a1fc-42a4-b5ce-4922820de60a:192.168.164.233:44267, 773cce60-eeca-4c1f-a5ec-70084be8b6b9:192.168.164.233:38729], old=null
2019-10-18 14:30:23,434 [grpc-default-executor-5] INFO  impl.RaftServerImpl (RaftServerImpl.java:setRole(184)) - 3ee7b367-7b16-44e1-99f8-43aefeda0876@group-FD33B9583E3C: changes role from  FOLLOWER to FOLLOWER at term 41 for recognizeCandidate:681edbc6-a1fc-42a4-b5ce-4922820de60a
2019-10-18 14:30:23,434 [grpc-default-executor-4] INFO  impl.RaftServerImpl (RaftServerImpl.java:setRole(184)) - 773cce60-eeca-4c1f-a5ec-70084be8b6b9@group-FD33B9583E3C: changes role from  FOLLOWER to FOLLOWER at term 41 for recognizeCandidate:681edbc6-a1fc-42a4-b5ce-4922820de60a
2019-10-18 14:30:23,434 [grpc-default-executor-5] INFO  impl.RoleInfo (RoleInfo.java:shutdownFollowerState(121)) - 3ee7b367-7b16-44e1-99f8-43aefeda0876: shutdown FollowerState
2019-10-18 14:30:23,435 [grpc-default-executor-4] INFO  impl.RoleInfo (RoleInfo.java:shutdownFollowerState(121)) - 773cce60-eeca-4c1f-a5ec-70084be8b6b9: shutdown FollowerState
2019-10-18 14:30:23,435 [Thread-698] INFO  impl.FollowerState (FollowerState.java:run(117)) - 3ee7b367-7b16-44e1-99f8-43aefeda0876@group-FD33B9583E3C-FollowerState was interrupted: java.lang.InterruptedException: sleep interrupted
2019-10-18 14:30:23,435 [grpc-default-executor-5] INFO  impl.RoleInfo (RoleInfo.java:updateAndGet(143)) - 3ee7b367-7b16-44e1-99f8-43aefeda0876: start FollowerState
2019-10-18 14:30:23,435 [Thread-697] INFO  impl.FollowerState (FollowerState.java:run(117)) - 773cce60-eeca-4c1f-a5ec-70084be8b6b9@group-FD33B9583E3C-FollowerState was interrupted: java.lang.InterruptedException: sleep interrupted
2019-10-18 14:30:23,435 [grpc-default-executor-4] INFO  impl.RoleInfo (RoleInfo.java:updateAndGet(143)) - 773cce60-eeca-4c1f-a5ec-70084be8b6b9: start FollowerState
2019-10-18 14:30:23,444 [681edbc6-a1fc-42a4-b5ce-4922820de60a@group-FD33B9583E3C-LeaderElection52] INFO  impl.LeaderElection (LeaderElection.java:logAndReturn(56)) - 681edbc6-a1fc-42a4-b5ce-4922820de60a@group-FD33B9583E3C-LeaderElection52: Election TIMEOUT; received 0 response(s) [] and 0 exception(s); 681edbc6-a1fc-42a4-b5ce-4922820de60a@group-FD33B9583E3C:t41, leader=null, voted=681edbc6-a1fc-42a4-b5ce-4922820de60a, raftlog=681edbc6-a1fc-42a4-b5ce-4922820de60a@group-FD33B9583E3C-SegmentedRaftLog:OPENED:c-1,f-1,i0, conf=-1: [3ee7b367-7b16-44e1-99f8-43aefeda0876:192.168.164.233:46080, 681edbc6-a1fc-42a4-b5ce-4922820de60a:192.168.164.233:44267, 773cce60-eeca-4c1f-a5ec-70084be8b6b9:192.168.164.233:38729], old=null
2019-10-18 14:30:23,449 [681edbc6-a1fc-42a4-b5ce-4922820de60a@group-FD33B9583E3C-LeaderElection52] INFO  impl.LeaderElection (LeaderElection.java:askForVotes(178)) - 681edbc6-a1fc-42a4-b5ce-4922820de60a@group-FD33B9583E3C-LeaderElection52: begin an election at term 42 for -1: [3ee7b367-7b16-44e1-99f8-43aefeda0876:192.168.164.233:46080, 681edbc6-a1fc-42a4-b5ce-4922820de60a:192.168.164.233:44267, 773cce60-eeca-4c1f-a5ec-70084be8b6b9:192.168.164.233:38729], old=null
2019-10-18 14:30:23,451 [grpc-default-executor-5] INFO  impl.RaftServerImpl (RaftServerImpl.java:setRole(184)) - 773cce60-eeca-4c1f-a5ec-70084be8b6b9@group-FD33B9583E3C: changes role from  FOLLOWER to FOLLOWER at term 42 for recognizeCandidate:681edbc6-a1fc-42a4-b5ce-4922820de60a
2019-10-18 14:30:23,451 [grpc-default-executor-4] INFO  impl.RaftServerImpl (RaftServerImpl.java:setRole(184)) - 3ee7b367-7b16-44e1-99f8-43aefeda0876@group-FD33B9583E3C: changes role from  FOLLOWER to FOLLOWER at term 42 for recognizeCandidate:681edbc6-a1fc-42a4-b5ce-4922820de60a
2019-10-18 14:30:23,451 [grpc-default-executor-5] INFO  impl.RoleInfo (RoleInfo.java:shutdownFollowerState(121)) - 773cce60-eeca-4c1f-a5ec-70084be8b6b9: shutdown FollowerState
2019-10-18 14:30:23,452 [grpc-default-executor-4] INFO  impl.RoleInfo (RoleInfo.java:shutdownFollowerState(121)) - 3ee7b367-7b16-44e1-99f8-43aefeda0876: shutdown FollowerState
2019-10-18 14:30:23,452 [Thread-708] INFO  impl.FollowerState (FollowerState.java:run(117)) - 773cce60-eeca-4c1f-a5ec-70084be8b6b9@group-FD33B9583E3C-FollowerState was interrupted: java.lang.InterruptedException: sleep interrupted
2019-10-18 14:30:23,452 [Thread-707] INFO  impl.FollowerState (FollowerState.java:run(117)) - 3ee7b367-7b16-44e1-99f8-43aefeda0876@group-FD33B9583E3C-FollowerState was interrupted: java.lang.InterruptedException: sleep interrupted
2019-10-18 14:30:23,452 [grpc-default-executor-4] INFO  impl.RoleInfo (RoleInfo.java:updateAndGet(143)) - 3ee7b367-7b16-44e1-99f8-43aefeda0876: start FollowerState
2019-10-18 14:30:23,452 [grpc-default-executor-5] INFO  impl.RoleInfo (RoleInfo.java:updateAndGet(143)) - 773cce60-eeca-4c1f-a5ec-70084be8b6b9: start FollowerState
2019-10-18 14:30:23,466 [681edbc6-a1fc-42a4-b5ce-4922820de60a@group-FD33B9583E3C-LeaderElection52] INFO  impl.LeaderElection (LeaderElection.java:logAndReturn(56)) - 681edbc6-a1fc-42a4-b5ce-4922820de60a@group-FD33B9583E3C-LeaderElection52: Election REJECTED; received 2 response(s) [681edbc6-a1fc-42a4-b5ce-4922820de60a<-3ee7b367-7b16-44e1-99f8-43aefeda0876#0:FAIL-t42, 681edbc6-a1fc-42a4-b5ce-4922820de60a<-773cce60-eeca-4c1f-a5ec-70084be8b6b9#0:FAIL-t42] and 0 exception(s); 681edbc6-a1fc-42a4-b5ce-4922820de60a@group-FD33B9583E3C:t42, leader=null, voted=681edbc6-a1fc-42a4-b5ce-4922820de60a, raftlog=681edbc6-a1fc-42a4-b5ce-4922820de60a@group-FD33B9583E3C-SegmentedRaftLog:OPENED:c-1,f-1,i0, conf=-1: [3ee7b367-7b16-44e1-99f8-43aefeda0876:192.168.164.233:46080, 681edbc6-a1fc-42a4-b5ce-4922820de60a:192.168.164.233:44267, 773cce60-eeca-4c1f-a5ec-70084be8b6b9:192.168.164.233:38729], old=null
2019-10-18 14:30:23,467 [681edbc6-a1fc-42a4-b5ce-4922820de60a@group-FD33B9583E3C-LeaderElection52] INFO  impl.RaftServerImpl (RaftServerImpl.java:setRole(184)) - 681edbc6-a1fc-42a4-b5ce-4922820de60a@group-FD33B9583E3C: changes role from CANDIDATE to FOLLOWER at term 42 for DISCOVERED_A_NEW_TERM
2019-10-18 14:30:23,467 [681edbc6-a1fc-42a4-b5ce-4922820de60a@group-FD33B9583E3C-LeaderElection52] INFO  impl.RoleInfo (RoleInfo.java:shutdownLeaderElection(134)) - 681edbc6-a1fc-42a4-b5ce-4922820de60a: shutdown LeaderElection
2019-10-18 14:30:23,467 [681edbc6-a1fc-42a4-b5ce-4922820de60a@group-FD33B9583E3C-LeaderElection52] INFO  impl.RoleInfo (RoleInfo.java:updateAndGet(143)) - 681edbc6-a1fc-42a4-b5ce-4922820de60a: start FollowerState
2019-10-18 14:30:23,661 [Thread-713] INFO  impl.FollowerState (FollowerState.java:run(108)) - 681edbc6-a1fc-42a4-b5ce-4922820de60a@group-FD33B9583E3C-FollowerState: change to CANDIDATE, lastRpcTime:194ms, electionTimeout:194ms
2019-10-18 14:30:23,661 [Thread-713] INFO  impl.RoleInfo (RoleInfo.java:shutdownFollowerState(121)) - 681edbc6-a1fc-42a4-b5ce-4922820de60a: shutdown FollowerState
2019-10-18 14:30:23,662 [Thread-713] INFO  impl.RaftServerImpl (RaftServerImpl.java:setRole(184)) - 681edbc6-a1fc-42a4-b5ce-4922820de60a@group-FD33B9583E3C: changes role from  FOLLOWER to CANDIDATE at term 42 for changeToCandidate
2019-10-18 14:30:23,662 [Thread-713] INFO  impl.RoleInfo (RoleInfo.java:updateAndGet(143)) - 681edbc6-a1fc-42a4-b5ce-4922820de60a: start LeaderElection
2019-10-18 14:30:23,676 [681edbc6-a1fc-42a4-b5ce-4922820de60a@group-FD33B9583E3C-LeaderElection53] INFO  impl.LeaderElection (LeaderElection.java:askForVotes(178)) - 681edbc6-a1fc-42a4-b5ce-4922820de60a@group-FD33B9583E3C-LeaderElection53: begin an election at term 43 for -1: [3ee7b367-7b16-44e1-99f8-43aefeda0876:192.168.164.233:46080, 681edbc6-a1fc-42a4-b5ce-4922820de60a:192.168.164.233:44267, 773cce60-eeca-4c1f-a5ec-70084be8b6b9:192.168.164.233:38729], old=null
2019-10-18 14:30:23,679 [grpc-default-executor-5] INFO  impl.RaftServerImpl (RaftServerImpl.java:setRole(184)) - 773cce60-eeca-4c1f-a5ec-70084be8b6b9@group-FD33B9583E3C: changes role from  FOLLOWER to FOLLOWER at term 43 for recognizeCandidate:681edbc6-a1fc-42a4-b5ce-4922820de60a
2019-10-18 14:30:23,679 [grpc-default-executor-4] INFO  impl.RaftServerImpl (RaftServerImpl.java:setRole(184)) - 3ee7b367-7b16-44e1-99f8-43aefeda0876@group-FD33B9583E3C: changes role from  FOLLOWER to FOLLOWER at term 43 for recognizeCandidate:681edbc6-a1fc-42a4-b5ce-4922820de60a
2019-10-18 14:30:23,679 [grpc-default-executor-5] INFO  impl.RoleInfo (RoleInfo.java:shutdownFollowerState(121)) - 773cce60-eeca-4c1f-a5ec-70084be8b6b9: shutdown FollowerState
2019-10-18 14:30:23,679 [grpc-default-executor-4] INFO  impl.RoleInfo (RoleInfo.java:shutdownFollowerState(121)) - 3ee7b367-7b16-44e1-99f8-43aefeda0876: shutdown FollowerState
2019-10-18 14:30:23,680 [Thread-711] INFO  impl.FollowerState (FollowerState.java:run(117)) - 773cce60-eeca-4c1f-a5ec-70084be8b6b9@group-FD33B9583E3C-FollowerState was interrupted: java.lang.InterruptedException: sleep interrupted
2019-10-18 14:30:23,680 [Thread-712] INFO  impl.FollowerState (FollowerState.java:run(117)) - 3ee7b367-7b16-44e1-99f8-43aefeda0876@group-FD33B9583E3C-FollowerState was interrupted: java.lang.InterruptedException: sleep interrupted
2019-10-18 14:30:23,680 [grpc-default-executor-5] INFO  impl.RoleInfo (RoleInfo.java:updateAndGet(143)) - 773cce60-eeca-4c1f-a5ec-70084be8b6b9: start FollowerState
2019-10-18 14:30:23,680 [grpc-default-executor-4] INFO  impl.RoleInfo (RoleInfo.java:updateAndGet(143)) - 3ee7b367-7b16-44e1-99f8-43aefeda0876: start FollowerState
2019-10-18 14:30:23,686 [681edbc6-a1fc-42a4-b5ce-4922820de60a@group-FD33B9583E3C-LeaderElection53] INFO  impl.LeaderElection (LeaderElection.java:logAndReturn(56)) - 681edbc6-a1fc-42a4-b5ce-4922820de60a@group-FD33B9583E3C-LeaderElection53: Election REJECTED; received 2 response(s) [681edbc6-a1fc-42a4-b5ce-4922820de60a<-3ee7b367-7b16-44e1-99f8-43aefeda0876#0:FAIL-t43, 681edbc6-a1fc-42a4-b5ce-4922820de60a<-773cce60-eeca-4c1f-a5ec-70084be8b6b9#0:FAIL-t43] and 0 exception(s); 681edbc6-a1fc-42a4-b5ce-4922820de60a@group-FD33B9583E3C:t43, leader=null, voted=681edbc6-a1fc-42a4-b5ce-4922820de60a, raftlog=681edbc6-a1fc-42a4-b5ce-4922820de60a@group-FD33B9583E3C-SegmentedRaftLog:OPENED:c-1,f-1,i0, conf=-1: [3ee7b367-7b16-44e1-99f8-43aefeda0876:192.168.164.233:46080, 681edbc6-a1fc-42a4-b5ce-4922820de60a:192.168.164.233:44267, 773cce60-eeca-4c1f-a5ec-70084be8b6b9:192.168.164.233:38729], old=null
2019-10-18 14:30:23,687 [681edbc6-a1fc-42a4-b5ce-4922820de60a@group-FD33B9583E3C-LeaderElection53] INFO  impl.RaftServerImpl (RaftServerImpl.java:setRole(184)) - 681edbc6-a1fc-42a4-b5ce-4922820de60a@group-FD33B9583E3C: changes role from CANDIDATE to FOLLOWER at term 43 for DISCOVERED_A_NEW_TERM
2019-10-18 14:30:23,687 [681edbc6-a1fc-42a4-b5ce-4922820de60a@group-FD33B9583E3C-LeaderElection53] INFO  impl.RoleInfo (RoleInfo.java:shutdownLeaderElection(134)) - 681edbc6-a1fc-42a4-b5ce-4922820de60a: shutdown LeaderElection
2019-10-18 14:30:23,687 [681edbc6-a1fc-42a4-b5ce-4922820de60a@group-FD33B9583E3C-LeaderElection53] INFO  impl.RoleInfo (RoleInfo.java:updateAndGet(143)) - 681edbc6-a1fc-42a4-b5ce-4922820de60a: start FollowerState
2019-10-18 14:30:23,696 [Thread-721] INFO  impl.FollowerState (FollowerState.java:run(108)) - 681edbc6-a1fc-42a4-b5ce-4922820de60a@group-FD33B9583E3C-FollowerState: change to CANDIDATE, lastRpcTime:9ms, electionTimeout:9ms
2019-10-18 14:30:23,696 [Thread-721] INFO  impl.RoleInfo (RoleInfo.java:shutdownFollowerState(121)) - 681edbc6-a1fc-42a4-b5ce-4922820de60a: shutdown FollowerState
2019-10-18 14:30:23,696 [Thread-721] INFO  impl.RaftServerImpl (RaftServerImpl.java:setRole(184)) - 681edbc6-a1fc-42a4-b5ce-4922820de60a@group-FD33B9583E3C: changes role from  FOLLOWER to CANDIDATE at term 43 for changeToCandidate
2019-10-18 14:30:23,697 [Thread-721] INFO  impl.RoleInfo (RoleInfo.java:updateAndGet(143)) - 681edbc6-a1fc-42a4-b5ce-4922820de60a: start LeaderElection
2019-10-18 14:30:23,702 [681edbc6-a1fc-42a4-b5ce-4922820de60a@group-FD33B9583E3C-LeaderElection54] INFO  impl.LeaderElection (LeaderElection.java:askForVotes(178)) - 681edbc6-a1fc-42a4-b5ce-4922820de60a@group-FD33B9583E3C-LeaderElection54: begin an election at term 44 for -1: [3ee7b367-7b16-44e1-99f8-43aefeda0876:192.168.164.233:46080, 681edbc6-a1fc-42a4-b5ce-4922820de60a:192.168.164.233:44267, 773cce60-eeca-4c1f-a5ec-70084be8b6b9:192.168.164.233:38729], old=null
2019-10-18 14:30:23,704 [grpc-default-executor-5] INFO  impl.RaftServerImpl (RaftServerImpl.java:setRole(184)) - 773cce60-eeca-4c1f-a5ec-70084be8b6b9@group-FD33B9583E3C: changes role from  FOLLOWER to FOLLOWER at term 44 for recognizeCandidate:681edbc6-a1fc-42a4-b5ce-4922820de60a
2019-10-18 14:30:23,705 [grpc-default-executor-5] INFO  impl.RoleInfo (RoleInfo.java:shutdownFollowerState(121)) - 773cce60-eeca-4c1f-a5ec-70084be8b6b9: shutdown FollowerState
2019-10-18 14:30:23,705 [grpc-default-executor-4] INFO  impl.RaftServerImpl (RaftServerImpl.java:setRole(184)) - 3ee7b367-7b16-44e1-99f8-43aefeda0876@group-FD33B9583E3C: changes role from  FOLLOWER to FOLLOWER at term 44 for recognizeCandidate:681edbc6-a1fc-42a4-b5ce-4922820de60a
2019-10-18 14:30:23,705 [grpc-default-executor-5] INFO  impl.RoleInfo (RoleInfo.java:updateAndGet(143)) - 773cce60-eeca-4c1f-a5ec-70084be8b6b9: start FollowerState
2019-10-18 14:30:23,705 [grpc-default-executor-4] INFO  impl.RoleInfo (RoleInfo.java:shutdownFollowerState(121)) - 3ee7b367-7b16-44e1-99f8-43aefeda0876: shutdown FollowerState
2019-10-18 14:30:23,705 [Thread-719] INFO  impl.FollowerState (FollowerState.java:run(117)) - 773cce60-eeca-4c1f-a5ec-70084be8b6b9@group-FD33B9583E3C-FollowerState was interrupted: java.lang.InterruptedException: sleep interrupted
2019-10-18 14:30:23,705 [Thread-720] INFO  impl.FollowerState (FollowerState.java:run(117)) - 3ee7b367-7b16-44e1-99f8-43aefeda0876@group-FD33B9583E3C-FollowerState was interrupted: java.lang.InterruptedException: sleep interrupted
2019-10-18 14:30:23,705 [grpc-default-executor-4] INFO  impl.RoleInfo (RoleInfo.java:updateAndGet(143)) - 3ee7b367-7b16-44e1-99f8-43aefeda0876: start FollowerState
2019-10-18 14:30:23,711 [681edbc6-a1fc-42a4-b5ce-4922820de60a@group-FD33B9583E3C-LeaderElection54] INFO  impl.LeaderElection (LeaderElection.java:logAndReturn(56)) - 681edbc6-a1fc-42a4-b5ce-4922820de60a@group-FD33B9583E3C-LeaderElection54: Election REJECTED; received 2 response(s) [681edbc6-a1fc-42a4-b5ce-4922820de60a<-3ee7b367-7b16-44e1-99f8-43aefeda0876#0:FAIL-t44, 681edbc6-a1fc-42a4-b5ce-4922820de60a<-773cce60-eeca-4c1f-a5ec-70084be8b6b9#0:FAIL-t44] and 0 exception(s); 681edbc6-a1fc-42a4-b5ce-4922820de60a@group-FD33B9583E3C:t44, leader=null, voted=681edbc6-a1fc-42a4-b5ce-4922820de60a, raftlog=681edbc6-a1fc-42a4-b5ce-4922820de60a@group-FD33B9583E3C-SegmentedRaftLog:OPENED:c-1,f-1,i0, conf=-1: [3ee7b367-7b16-44e1-99f8-43aefeda0876:192.168.164.233:46080, 681edbc6-a1fc-42a4-b5ce-4922820de60a:192.168.164.233:44267, 773cce60-eeca-4c1f-a5ec-70084be8b6b9:192.168.164.233:38729], old=null
2019-10-18 14:30:23,711 [681edbc6-a1fc-42a4-b5ce-4922820de60a@group-FD33B9583E3C-LeaderElection54] INFO  impl.RaftServerImpl (RaftServerImpl.java:setRole(184)) - 681edbc6-a1fc-42a4-b5ce-4922820de60a@group-FD33B9583E3C: changes role from CANDIDATE to FOLLOWER at term 44 for DISCOVERED_A_NEW_TERM
2019-10-18 14:30:23,711 [681edbc6-a1fc-42a4-b5ce-4922820de60a@group-FD33B9583E3C-LeaderElection54] INFO  impl.RoleInfo (RoleInfo.java:shutdownLeaderElection(134)) - 681edbc6-a1fc-42a4-b5ce-4922820de60a: shutdown LeaderElection
2019-10-18 14:30:23,711 [681edbc6-a1fc-42a4-b5ce-4922820de60a@group-FD33B9583E3C-LeaderElection54] INFO  impl.RoleInfo (RoleInfo.java:updateAndGet(143)) - 681edbc6-a1fc-42a4-b5ce-4922820de60a: start FollowerState
2019-10-18 14:30:23,733 [Thread-727] INFO  impl.FollowerState (FollowerState.java:run(108)) - 681edbc6-a1fc-42a4-b5ce-4922820de60a@group-FD33B9583E3C-FollowerState: change to CANDIDATE, lastRpcTime:22ms, electionTimeout:22ms
2019-10-18 14:30:23,733 [Thread-727] INFO  impl.RoleInfo (RoleInfo.java:shutdownFollowerState(121)) - 681edbc6-a1fc-42a4-b5ce-4922820de60a: shutdown FollowerState
2019-10-18 14:30:23,734 [Thread-727] INFO  impl.RaftServerImpl (RaftServerImpl.java:setRole(184)) - 681edbc6-a1fc-42a4-b5ce-4922820de60a@group-FD33B9583E3C: changes role from  FOLLOWER to CANDIDATE at term 44 for changeToCandidate
2019-10-18 14:30:23,734 [Thread-727] INFO  impl.RoleInfo (RoleInfo.java:updateAndGet(143)) - 681edbc6-a1fc-42a4-b5ce-4922820de60a: start LeaderElection
2019-10-18 14:30:23,738 [681edbc6-a1fc-42a4-b5ce-4922820de60a@group-FD33B9583E3C-LeaderElection55] INFO  impl.LeaderElection (LeaderElection.java:askForVotes(178)) - 681edbc6-a1fc-42a4-b5ce-4922820de60a@group-FD33B9583E3C-LeaderElection55: begin an election at term 45 for -1: [3ee7b367-7b16-44e1-99f8-43aefeda0876:192.168.164.233:46080, 681edbc6-a1fc-42a4-b5ce-4922820de60a:192.168.164.233:44267, 773cce60-eeca-4c1f-a5ec-70084be8b6b9:192.168.164.233:38729], old=null
2019-10-18 14:30:23,741 [grpc-default-executor-4] INFO  impl.RaftServerImpl (RaftServerImpl.java:setRole(184)) - 773cce60-eeca-4c1f-a5ec-70084be8b6b9@group-FD33B9583E3C: changes role from  FOLLOWER to FOLLOWER at term 45 for recognizeCandidate:681edbc6-a1fc-42a4-b5ce-4922820de60a
2019-10-18 14:30:23,741 [grpc-default-executor-4] INFO  impl.RoleInfo (RoleInfo.java:shutdownFollowerState(121)) - 773cce60-eeca-4c1f-a5ec-70084be8b6b9: shutdown FollowerState
2019-10-18 14:30:23,741 [grpc-default-executor-4] INFO  impl.RoleInfo (RoleInfo.java:updateAndGet(143)) - 773cce60-eeca-4c1f-a5ec-70084be8b6b9: start FollowerState
2019-10-18 14:30:23,741 [Thread-725] INFO  impl.FollowerState (FollowerState.java:run(117)) - 773cce60-eeca-4c1f-a5ec-70084be8b6b9@group-FD33B9583E3C-FollowerState was interrupted: java.lang.InterruptedException: sleep interrupted
2019-10-18 14:30:23,741 [grpc-default-executor-5] INFO  impl.RaftServerImpl (RaftServerImpl.java:setRole(184)) - 3ee7b367-7b16-44e1-99f8-43aefeda0876@group-FD33B9583E3C: changes role from  FOLLOWER to FOLLOWER at term 45 for recognizeCandidate:681edbc6-a1fc-42a4-b5ce-4922820de60a
2019-10-18 14:30:23,741 [grpc-default-executor-5] INFO  impl.RoleInfo (RoleInfo.java:shutdownFollowerState(121)) - 3ee7b367-7b16-44e1-99f8-43aefeda0876: shutdown FollowerState
2019-10-18 14:30:23,741 [grpc-default-executor-5] INFO  impl.RoleInfo (RoleInfo.java:updateAndGet(143)) - 3ee7b367-7b16-44e1-99f8-43aefeda0876: start FollowerState
2019-10-18 14:30:23,741 [Thread-726] INFO  impl.FollowerState (FollowerState.java:run(117)) - 3ee7b367-7b16-44e1-99f8-43aefeda0876@group-FD33B9583E3C-FollowerState was interrupted: java.lang.InterruptedException: sleep interrupted
2019-10-18 14:30:23,746 [681edbc6-a1fc-42a4-b5ce-4922820de60a@group-FD33B9583E3C-LeaderElection55] INFO  impl.LeaderElection (LeaderElection.java:logAndReturn(56)) - 681edbc6-a1fc-42a4-b5ce-4922820de60a@group-FD33B9583E3C-LeaderElection55: Election REJECTED; received 2 response(s) [681edbc6-a1fc-42a4-b5ce-4922820de60a<-3ee7b367-7b16-44e1-99f8-43aefeda0876#0:FAIL-t45, 681edbc6-a1fc-42a4-b5ce-4922820de60a<-773cce60-eeca-4c1f-a5ec-70084be8b6b9#0:FAIL-t45] and 0 exception(s); 681edbc6-a1fc-42a4-b5ce-4922820de60a@group-FD33B9583E3C:t45, leader=null, voted=681edbc6-a1fc-42a4-b5ce-4922820de60a, raftlog=681edbc6-a1fc-42a4-b5ce-4922820de60a@group-FD33B9583E3C-SegmentedRaftLog:OPENED:c-1,f-1,i0, conf=-1: [3ee7b367-7b16-44e1-99f8-43aefeda0876:192.168.164.233:46080, 681edbc6-a1fc-42a4-b5ce-4922820de60a:192.168.164.233:44267, 773cce60-eeca-4c1f-a5ec-70084be8b6b9:192.168.164.233:38729], old=null
2019-10-18 14:30:23,747 [681edbc6-a1fc-42a4-b5ce-4922820de60a@group-FD33B9583E3C-LeaderElection55] INFO  impl.RaftServerImpl (RaftServerImpl.java:setRole(184)) - 681edbc6-a1fc-42a4-b5ce-4922820de60a@group-FD33B9583E3C: changes role from CANDIDATE to FOLLOWER at term 45 for DISCOVERED_A_NEW_TERM
2019-10-18 14:30:23,747 [681edbc6-a1fc-42a4-b5ce-4922820de60a@group-FD33B9583E3C-LeaderElection55] INFO  impl.RoleInfo (RoleInfo.java:shutdownLeaderElection(134)) - 681edbc6-a1fc-42a4-b5ce-4922820de60a: shutdown LeaderElection
2019-10-18 14:30:23,747 [681edbc6-a1fc-42a4-b5ce-4922820de60a@group-FD33B9583E3C-LeaderElection55] INFO  impl.RoleInfo (RoleInfo.java:updateAndGet(143)) - 681edbc6-a1fc-42a4-b5ce-4922820de60a: start FollowerState
2019-10-18 14:30:23,923 [Thread-733] INFO  impl.FollowerState (FollowerState.java:run(108)) - 681edbc6-a1fc-42a4-b5ce-4922820de60a@group-FD33B9583E3C-FollowerState: change to CANDIDATE, lastRpcTime:176ms, electionTimeout:176ms
2019-10-18 14:30:23,923 [Thread-733] INFO  impl.RoleInfo (RoleInfo.java:shutdownFollowerState(121)) - 681edbc6-a1fc-42a4-b5ce-4922820de60a: shutdown FollowerState
2019-10-18 14:30:23,924 [Thread-733] INFO  impl.RaftServerImpl (RaftServerImpl.java:setRole(184)) - 681edbc6-a1fc-42a4-b5ce-4922820de60a@group-FD33B9583E3C: changes role from  FOLLOWER to CANDIDATE at term 45 for changeToCandidate
2019-10-18 14:30:23,924 [Thread-733] INFO  impl.RoleInfo (RoleInfo.java:updateAndGet(143)) - 681edbc6-a1fc-42a4-b5ce-4922820de60a: start LeaderElection
2019-10-18 14:30:23,939 [681edbc6-a1fc-42a4-b5ce-4922820de60a@group-FD33B9583E3C-LeaderElection56] INFO  impl.LeaderElection (LeaderElection.java:askForVotes(178)) - 681edbc6-a1fc-42a4-b5ce-4922820de60a@group-FD33B9583E3C-LeaderElection56: begin an election at term 46 for -1: [3ee7b367-7b16-44e1-99f8-43aefeda0876:192.168.164.233:46080, 681edbc6-a1fc-42a4-b5ce-4922820de60a:192.168.164.233:44267, 773cce60-eeca-4c1f-a5ec-70084be8b6b9:192.168.164.233:38729], old=null
2019-10-18 14:30:23,943 [grpc-default-executor-5] INFO  impl.RaftServerImpl (RaftServerImpl.java:setRole(184)) - 773cce60-eeca-4c1f-a5ec-70084be8b6b9@group-FD33B9583E3C: changes role from  FOLLOWER to FOLLOWER at term 46 for recognizeCandidate:681edbc6-a1fc-42a4-b5ce-4922820de60a
2019-10-18 14:30:23,943 [grpc-default-executor-5] INFO  impl.RoleInfo (RoleInfo.java:shutdownFollowerState(121)) - 773cce60-eeca-4c1f-a5ec-70084be8b6b9: shutdown FollowerState
2019-10-18 14:30:23,944 [Thread-731] INFO  impl.FollowerState (FollowerState.java:run(117)) - 773cce60-eeca-4c1f-a5ec-70084be8b6b9@group-FD33B9583E3C-FollowerState was interrupted: java.lang.InterruptedException: sleep interrupted
2019-10-18 14:30:23,944 [grpc-default-executor-5] INFO  impl.RoleInfo (RoleInfo.java:updateAndGet(143)) - 773cce60-eeca-4c1f-a5ec-70084be8b6b9: start FollowerState
2019-10-18 14:30:23,944 [grpc-default-executor-4] INFO  impl.RaftServerImpl (RaftServerImpl.java:setRole(184)) - 3ee7b367-7b16-44e1-99f8-43aefeda0876@group-FD33B9583E3C: changes role from  FOLLOWER to FOLLOWER at term 46 for recognizeCandidate:681edbc6-a1fc-42a4-b5ce-4922820de60a
2019-10-18 14:30:23,944 [grpc-default-executor-4] INFO  impl.RoleInfo (RoleInfo.java:shutdownFollowerState(121)) - 3ee7b367-7b16-44e1-99f8-43aefeda0876: shutdown FollowerState
2019-10-18 14:30:23,944 [grpc-default-executor-4] INFO  impl.RoleInfo (RoleInfo.java:updateAndGet(143)) - 3ee7b367-7b16-44e1-99f8-43aefeda0876: start FollowerState
2019-10-18 14:30:23,944 [Thread-732] INFO  impl.FollowerState (FollowerState.java:run(117)) - 3ee7b367-7b16-44e1-99f8-43aefeda0876@group-FD33B9583E3C-FollowerState was interrupted: java.lang.InterruptedException: sleep interrupted
2019-10-18 14:30:23,963 [681edbc6-a1fc-42a4-b5ce-4922820de60a@group-FD33B9583E3C-LeaderElection56] INFO  impl.LeaderElection (LeaderElection.java:logAndReturn(56)) - 681edbc6-a1fc-42a4-b5ce-4922820de60a@group-FD33B9583E3C-LeaderElection56: Election REJECTED; received 2 response(s) [681edbc6-a1fc-42a4-b5ce-4922820de60a<-3ee7b367-7b16-44e1-99f8-43aefeda0876#0:FAIL-t46, 681edbc6-a1fc-42a4-b5ce-4922820de60a<-773cce60-eeca-4c1f-a5ec-70084be8b6b9#0:FAIL-t46] and 0 exception(s); 681edbc6-a1fc-42a4-b5ce-4922820de60a@group-FD33B9583E3C:t46, leader=null, voted=681edbc6-a1fc-42a4-b5ce-4922820de60a, raftlog=681edbc6-a1fc-42a4-b5ce-4922820de60a@group-FD33B9583E3C-SegmentedRaftLog:OPENED:c-1,f-1,i0, conf=-1: [3ee7b367-7b16-44e1-99f8-43aefeda0876:192.168.164.233:46080, 681edbc6-a1fc-42a4-b5ce-4922820de60a:192.168.164.233:44267, 773cce60-eeca-4c1f-a5ec-70084be8b6b9:192.168.164.233:38729], old=null
2019-10-18 14:30:23,963 [681edbc6-a1fc-42a4-b5ce-4922820de60a@group-FD33B9583E3C-LeaderElection56] INFO  impl.RaftServerImpl (RaftServerImpl.java:setRole(184)) - 681edbc6-a1fc-42a4-b5ce-4922820de60a@group-FD33B9583E3C: changes role from CANDIDATE to FOLLOWER at term 46 for DISCOVERED_A_NEW_TERM
2019-10-18 14:30:23,963 [681edbc6-a1fc-42a4-b5ce-4922820de60a@group-FD33B9583E3C-LeaderElection56] INFO  impl.RoleInfo (RoleInfo.java:shutdownLeaderElection(134)) - 681edbc6-a1fc-42a4-b5ce-4922820de60a: shutdown LeaderElection
2019-10-18 14:30:23,963 [681edbc6-a1fc-42a4-b5ce-4922820de60a@group-FD33B9583E3C-LeaderElection56] INFO  impl.RoleInfo (RoleInfo.java:updateAndGet(143)) - 681edbc6-a1fc-42a4-b5ce-4922820de60a: start FollowerState
2019-10-18 14:30:24,012 [Thread-743] INFO  impl.FollowerState (FollowerState.java:run(108)) - 681edbc6-a1fc-42a4-b5ce-4922820de60a@group-FD33B9583E3C-FollowerState: change to CANDIDATE, lastRpcTime:49ms, electionTimeout:49ms
2019-10-18 14:30:24,013 [Thread-743] INFO  impl.RoleInfo (RoleInfo.java:shutdownFollowerState(121)) - 681edbc6-a1fc-42a4-b5ce-4922820de60a: shutdown FollowerState
2019-10-18 14:30:24,013 [Thread-743] INFO  impl.RaftServerImpl (RaftServerImpl.java:setRole(184)) - 681edbc6-a1fc-42a4-b5ce-4922820de60a@group-FD33B9583E3C: changes role from  FOLLOWER to CANDIDATE at term 46 for changeToCandidate
2019-10-18 14:30:24,013 [Thread-743] INFO  impl.RoleInfo (RoleInfo.java:updateAndGet(143)) - 681edbc6-a1fc-42a4-b5ce-4922820de60a: start LeaderElection
2019-10-18 14:30:24,026 [681edbc6-a1fc-42a4-b5ce-4922820de60a@group-FD33B9583E3C-LeaderElection57] INFO  impl.LeaderElection (LeaderElection.java:askForVotes(178)) - 681edbc6-a1fc-42a4-b5ce-4922820de60a@group-FD33B9583E3C-LeaderElection57: begin an election at term 47 for -1: [3ee7b367-7b16-44e1-99f8-43aefeda0876:192.168.164.233:46080, 681edbc6-a1fc-42a4-b5ce-4922820de60a:192.168.164.233:44267, 773cce60-eeca-4c1f-a5ec-70084be8b6b9:192.168.164.233:38729], old=null
2019-10-18 14:30:24,028 [grpc-default-executor-4] INFO  impl.RaftServerImpl (RaftServerImpl.java:setRole(184)) - 773cce60-eeca-4c1f-a5ec-70084be8b6b9@group-FD33B9583E3C: changes role from  FOLLOWER to FOLLOWER at term 47 for recognizeCandidate:681edbc6-a1fc-42a4-b5ce-4922820de60a
2019-10-18 14:30:24,028 [grpc-default-executor-5] INFO  impl.RaftServerImpl (RaftServerImpl.java:setRole(184)) - 3ee7b367-7b16-44e1-99f8-43aefeda0876@group-FD33B9583E3C: changes role from  FOLLOWER to FOLLOWER at term 47 for recognizeCandidate:681edbc6-a1fc-42a4-b5ce-4922820de60a
2019-10-18 14:30:24,029 [grpc-default-executor-4] INFO  impl.RoleInfo (RoleInfo.java:shutdownFollowerState(121)) - 773cce60-eeca-4c1f-a5ec-70084be8b6b9: shutdown FollowerState
2019-10-18 14:30:24,029 [grpc-default-executor-5] INFO  impl.RoleInfo (RoleInfo.java:shutdownFollowerState(121)) - 3ee7b367-7b16-44e1-99f8-43aefeda0876: shutdown FollowerState
2019-10-18 14:30:24,029 [Thread-741] INFO  impl.FollowerState (FollowerState.java:run(117)) - 773cce60-eeca-4c1f-a5ec-70084be8b6b9@group-FD33B9583E3C-FollowerState was interrupted: java.lang.InterruptedException: sleep interrupted
2019-10-18 14:30:24,029 [grpc-default-executor-4] INFO  impl.RoleInfo (RoleInfo.java:updateAndGet(143)) - 773cce60-eeca-4c1f-a5ec-70084be8b6b9: start FollowerState
2019-10-18 14:30:24,029 [Thread-742] INFO  impl.FollowerState (FollowerState.java:run(117)) - 3ee7b367-7b16-44e1-99f8-43aefeda0876@group-FD33B9583E3C-FollowerState was interrupted: java.lang.InterruptedException: sleep interrupted
2019-10-18 14:30:24,029 [grpc-default-executor-5] INFO  impl.RoleInfo (RoleInfo.java:updateAndGet(143)) - 3ee7b367-7b16-44e1-99f8-43aefeda0876: start FollowerState
2019-10-18 14:30:24,042 [681edbc6-a1fc-42a4-b5ce-4922820de60a@group-FD33B9583E3C-LeaderElection57] INFO  impl.LeaderElection (LeaderElection.java:logAndReturn(56)) - 681edbc6-a1fc-42a4-b5ce-4922820de60a@group-FD33B9583E3C-LeaderElection57: Election REJECTED; received 2 response(s) [681edbc6-a1fc-42a4-b5ce-4922820de60a<-3ee7b367-7b16-44e1-99f8-43aefeda0876#0:FAIL-t47, 681edbc6-a1fc-42a4-b5ce-4922820de60a<-773cce60-eeca-4c1f-a5ec-70084be8b6b9#0:FAIL-t47] and 0 exception(s); 681edbc6-a1fc-42a4-b5ce-4922820de60a@group-FD33B9583E3C:t47, leader=null, voted=681edbc6-a1fc-42a4-b5ce-4922820de60a, raftlog=681edbc6-a1fc-42a4-b5ce-4922820de60a@group-FD33B9583E3C-SegmentedRaftLog:OPENED:c-1,f-1,i0, conf=-1: [3ee7b367-7b16-44e1-99f8-43aefeda0876:192.168.164.233:46080, 681edbc6-a1fc-42a4-b5ce-4922820de60a:192.168.164.233:44267, 773cce60-eeca-4c1f-a5ec-70084be8b6b9:192.168.164.233:38729], old=null
2019-10-18 14:30:24,043 [681edbc6-a1fc-42a4-b5ce-4922820de60a@group-FD33B9583E3C-LeaderElection57] INFO  impl.RaftServerImpl (RaftServerImpl.java:setRole(184)) - 681edbc6-a1fc-42a4-b5ce-4922820de60a@group-FD33B9583E3C: changes role from CANDIDATE to FOLLOWER at term 47 for DISCOVERED_A_NEW_TERM
2019-10-18 14:30:24,043 [681edbc6-a1fc-42a4-b5ce-4922820de60a@group-FD33B9583E3C-LeaderElection57] INFO  impl.RoleInfo (RoleInfo.java:shutdownLeaderElection(134)) - 681edbc6-a1fc-42a4-b5ce-4922820de60a: shutdown LeaderElection
2019-10-18 14:30:24,043 [681edbc6-a1fc-42a4-b5ce-4922820de60a@group-FD33B9583E3C-LeaderElection57] INFO  impl.RoleInfo (RoleInfo.java:updateAndGet(143)) - 681edbc6-a1fc-42a4-b5ce-4922820de60a: start FollowerState
2019-10-18 14:30:24,164 [Thread-749] INFO  impl.FollowerState (FollowerState.java:run(108)) - 681edbc6-a1fc-42a4-b5ce-4922820de60a@group-FD33B9583E3C-FollowerState: change to CANDIDATE, lastRpcTime:121ms, electionTimeout:121ms
2019-10-18 14:30:24,164 [Thread-749] INFO  impl.RoleInfo (RoleInfo.java:shutdownFollowerState(121)) - 681edbc6-a1fc-42a4-b5ce-4922820de60a: shutdown FollowerState
2019-10-18 14:30:24,165 [Thread-749] INFO  impl.RaftServerImpl (RaftServerImpl.java:setRole(184)) - 681edbc6-a1fc-42a4-b5ce-4922820de60a@group-FD33B9583E3C: changes role from  FOLLOWER to CANDIDATE at term 47 for changeToCandidate
2019-10-18 14:30:24,165 [Thread-749] INFO  impl.RoleInfo (RoleInfo.java:updateAndGet(143)) - 681edbc6-a1fc-42a4-b5ce-4922820de60a: start LeaderElection
2019-10-18 14:30:24,178 [681edbc6-a1fc-42a4-b5ce-4922820de60a@group-FD33B9583E3C-LeaderElection58] INFO  impl.LeaderElection (LeaderElection.java:askForVotes(178)) - 681edbc6-a1fc-42a4-b5ce-4922820de60a@group-FD33B9583E3C-LeaderElection58: begin an election at term 48 for -1: [3ee7b367-7b16-44e1-99f8-43aefeda0876:192.168.164.233:46080, 681edbc6-a1fc-42a4-b5ce-4922820de60a:192.168.164.233:44267, 773cce60-eeca-4c1f-a5ec-70084be8b6b9:192.168.164.233:38729], old=null
2019-10-18 14:30:24,180 [grpc-default-executor-5] INFO  impl.RaftServerImpl (RaftServerImpl.java:setRole(184)) - 3ee7b367-7b16-44e1-99f8-43aefeda0876@group-FD33B9583E3C: changes role from  FOLLOWER to FOLLOWER at term 48 for recognizeCandidate:681edbc6-a1fc-42a4-b5ce-4922820de60a
2019-10-18 14:30:24,180 [grpc-default-executor-4] INFO  impl.RaftServerImpl (RaftServerImpl.java:setRole(184)) - 773cce60-eeca-4c1f-a5ec-70084be8b6b9@group-FD33B9583E3C: changes role from  FOLLOWER to FOLLOWER at term 48 for recognizeCandidate:681edbc6-a1fc-42a4-b5ce-4922820de60a
2019-10-18 14:30:24,181 [grpc-default-executor-5] INFO  impl.RoleInfo (RoleInfo.java:shutdownFollowerState(121)) - 3ee7b367-7b16-44e1-99f8-43aefeda0876: shutdown FollowerState
2019-10-18 14:30:24,181 [grpc-default-executor-4] INFO  impl.RoleInfo (RoleInfo.java:shutdownFollowerState(121)) - 773cce60-eeca-4c1f-a5ec-70084be8b6b9: shutdown FollowerState
2019-10-18 14:30:24,181 [Thread-748] INFO  impl.FollowerState (FollowerState.java:run(117)) - 3ee7b367-7b16-44e1-99f8-43aefeda0876@group-FD33B9583E3C-FollowerState was interrupted: java.lang.InterruptedException: sleep interrupted
2019-10-18 14:30:24,181 [grpc-default-executor-5] INFO  impl.RoleInfo (RoleInfo.java:updateAndGet(143)) - 3ee7b367-7b16-44e1-99f8-43aefeda0876: start FollowerState
2019-10-18 14:30:24,181 [Thread-747] INFO  impl.FollowerState (FollowerState.java:run(117)) - 773cce60-eeca-4c1f-a5ec-70084be8b6b9@group-FD33B9583E3C-FollowerState was interrupted: java.lang.InterruptedException: sleep interrupted
2019-10-18 14:30:24,181 [grpc-default-executor-4] INFO  impl.RoleInfo (RoleInfo.java:updateAndGet(143)) - 773cce60-eeca-4c1f-a5ec-70084be8b6b9: start FollowerState
2019-10-18 14:30:24,198 [681edbc6-a1fc-42a4-b5ce-4922820de60a@group-FD33B9583E3C-LeaderElection58] INFO  impl.LeaderElection (LeaderElection.java:logAndReturn(56)) - 681edbc6-a1fc-42a4-b5ce-4922820de60a@group-FD33B9583E3C-LeaderElection58: Election REJECTED; received 2 response(s) [681edbc6-a1fc-42a4-b5ce-4922820de60a<-3ee7b367-7b16-44e1-99f8-43aefeda0876#0:FAIL-t48, 681edbc6-a1fc-42a4-b5ce-4922820de60a<-773cce60-eeca-4c1f-a5ec-70084be8b6b9#0:FAIL-t48] and 0 exception(s); 681edbc6-a1fc-42a4-b5ce-4922820de60a@group-FD33B9583E3C:t48, leader=null, voted=681edbc6-a1fc-42a4-b5ce-4922820de60a, raftlog=681edbc6-a1fc-42a4-b5ce-4922820de60a@group-FD33B9583E3C-SegmentedRaftLog:OPENED:c-1,f-1,i0, conf=-1: [3ee7b367-7b16-44e1-99f8-43aefeda0876:192.168.164.233:46080, 681edbc6-a1fc-42a4-b5ce-4922820de60a:192.168.164.233:44267, 773cce60-eeca-4c1f-a5ec-70084be8b6b9:192.168.164.233:38729], old=null
2019-10-18 14:30:24,199 [681edbc6-a1fc-42a4-b5ce-4922820de60a@group-FD33B9583E3C-LeaderElection58] INFO  impl.RaftServerImpl (RaftServerImpl.java:setRole(184)) - 681edbc6-a1fc-42a4-b5ce-4922820de60a@group-FD33B9583E3C: changes role from CANDIDATE to FOLLOWER at term 48 for DISCOVERED_A_NEW_TERM
2019-10-18 14:30:24,199 [681edbc6-a1fc-42a4-b5ce-4922820de60a@group-FD33B9583E3C-LeaderElection58] INFO  impl.RoleInfo (RoleInfo.java:shutdownLeaderElection(134)) - 681edbc6-a1fc-42a4-b5ce-4922820de60a: shutdown LeaderElection
2019-10-18 14:30:24,199 [681edbc6-a1fc-42a4-b5ce-4922820de60a@group-FD33B9583E3C-LeaderElection58] INFO  impl.RoleInfo (RoleInfo.java:updateAndGet(143)) - 681edbc6-a1fc-42a4-b5ce-4922820de60a: start FollowerState
2019-10-18 14:30:24,358 [Thread-755] INFO  impl.FollowerState (FollowerState.java:run(108)) - 681edbc6-a1fc-42a4-b5ce-4922820de60a@group-FD33B9583E3C-FollowerState: change to CANDIDATE, lastRpcTime:159ms, electionTimeout:157ms
2019-10-18 14:30:24,358 [Thread-755] INFO  impl.RoleInfo (RoleInfo.java:shutdownFollowerState(121)) - 681edbc6-a1fc-42a4-b5ce-4922820de60a: shutdown FollowerState
2019-10-18 14:30:24,358 [Thread-755] INFO  impl.RaftServerImpl (RaftServerImpl.java:setRole(184)) - 681edbc6-a1fc-42a4-b5ce-4922820de60a@group-FD33B9583E3C: changes role from  FOLLOWER to CANDIDATE at term 48 for changeToCandidate
2019-10-18 14:30:24,359 [Thread-755] INFO  impl.RoleInfo (RoleInfo.java:updateAndGet(143)) - 681edbc6-a1fc-42a4-b5ce-4922820de60a: start LeaderElection
2019-10-18 14:30:24,384 [681edbc6-a1fc-42a4-b5ce-4922820de60a@group-FD33B9583E3C-LeaderElection59] INFO  impl.LeaderElection (LeaderElection.java:askForVotes(178)) - 681edbc6-a1fc-42a4-b5ce-4922820de60a@group-FD33B9583E3C-LeaderElection59: begin an election at term 49 for -1: [3ee7b367-7b16-44e1-99f8-43aefeda0876:192.168.164.233:46080, 681edbc6-a1fc-42a4-b5ce-4922820de60a:192.168.164.233:44267, 773cce60-eeca-4c1f-a5ec-70084be8b6b9:192.168.164.233:38729], old=null
2019-10-18 14:30:24,386 [grpc-default-executor-5] INFO  impl.RaftServerImpl (RaftServerImpl.java:setRole(184)) - 3ee7b367-7b16-44e1-99f8-43aefeda0876@group-FD33B9583E3C: changes role from  FOLLOWER to FOLLOWER at term 49 for recognizeCandidate:681edbc6-a1fc-42a4-b5ce-4922820de60a
2019-10-18 14:30:24,386 [grpc-default-executor-4] INFO  impl.RaftServerImpl (RaftServerImpl.java:setRole(184)) - 773cce60-eeca-4c1f-a5ec-70084be8b6b9@group-FD33B9583E3C: changes role from  FOLLOWER to FOLLOWER at term 49 for recognizeCandidate:681edbc6-a1fc-42a4-b5ce-4922820de60a
2019-10-18 14:30:24,387 [grpc-default-executor-5] INFO  impl.RoleInfo (RoleInfo.java:shutdownFollowerState(121)) - 3ee7b367-7b16-44e1-99f8-43aefeda0876: shutdown FollowerState
2019-10-18 14:30:24,387 [grpc-default-executor-4] INFO  impl.RoleInfo (RoleInfo.java:shutdownFollowerState(121)) - 773cce60-eeca-4c1f-a5ec-70084be8b6b9: shutdown FollowerState
2019-10-18 14:30:24,387 [grpc-default-executor-5] INFO  impl.RoleInfo (RoleInfo.java:updateAndGet(143)) - 3ee7b367-7b16-44e1-99f8-43aefeda0876: start FollowerState
2019-10-18 14:30:24,387 [Thread-754] INFO  impl.FollowerState (FollowerState.java:run(117)) - 773cce60-eeca-4c1f-a5ec-70084be8b6b9@group-FD33B9583E3C-FollowerState was interrupted: java.lang.InterruptedException: sleep interrupted
2019-10-18 14:30:24,387 [grpc-default-executor-4] INFO  impl.RoleInfo (RoleInfo.java:updateAndGet(143)) - 773cce60-eeca-4c1f-a5ec-70084be8b6b9: start FollowerState
2019-10-18 14:30:24,387 [Thread-753] INFO  impl.FollowerState (FollowerState.java:run(117)) - 3ee7b367-7b16-44e1-99f8-43aefeda0876@group-FD33B9583E3C-FollowerState was interrupted: java.lang.InterruptedException: sleep interrupted
2019-10-18 14:30:24,413 [681edbc6-a1fc-42a4-b5ce-4922820de60a@group-FD33B9583E3C-LeaderElection59] INFO  impl.LeaderElection (LeaderElection.java:logAndReturn(56)) - 681edbc6-a1fc-42a4-b5ce-4922820de60a@group-FD33B9583E3C-LeaderElection59: Election REJECTED; received 2 response(s) [681edbc6-a1fc-42a4-b5ce-4922820de60a<-3ee7b367-7b16-44e1-99f8-43aefeda0876#0:FAIL-t49, 681edbc6-a1fc-42a4-b5ce-4922820de60a<-773cce60-eeca-4c1f-a5ec-70084be8b6b9#0:FAIL-t49] and 0 exception(s); 681edbc6-a1fc-42a4-b5ce-4922820de60a@group-FD33B9583E3C:t49, leader=null, voted=681edbc6-a1fc-42a4-b5ce-4922820de60a, raftlog=681edbc6-a1fc-42a4-b5ce-4922820de60a@group-FD33B9583E3C-SegmentedRaftLog:OPENED:c-1,f-1,i0, conf=-1: [3ee7b367-7b16-44e1-99f8-43aefeda0876:192.168.164.233:46080, 681edbc6-a1fc-42a4-b5ce-4922820de60a:192.168.164.233:44267, 773cce60-eeca-4c1f-a5ec-70084be8b6b9:192.168.164.233:38729], old=null
2019-10-18 14:30:24,413 [681edbc6-a1fc-42a4-b5ce-4922820de60a@group-FD33B9583E3C-LeaderElection59] INFO  impl.RaftServerImpl (RaftServerImpl.java:setRole(184)) - 681edbc6-a1fc-42a4-b5ce-4922820de60a@group-FD33B9583E3C: changes role from CANDIDATE to FOLLOWER at term 49 for DISCOVERED_A_NEW_TERM
2019-10-18 14:30:24,414 [681edbc6-a1fc-42a4-b5ce-4922820de60a@group-FD33B9583E3C-LeaderElection59] INFO  impl.RoleInfo (RoleInfo.java:shutdownLeaderElection(134)) - 681edbc6-a1fc-42a4-b5ce-4922820de60a: shutdown LeaderElection
2019-10-18 14:30:24,414 [681edbc6-a1fc-42a4-b5ce-4922820de60a@group-FD33B9583E3C-LeaderElection59] INFO  impl.RoleInfo (RoleInfo.java:updateAndGet(143)) - 681edbc6-a1fc-42a4-b5ce-4922820de60a: start FollowerState
2019-10-18 14:30:24,468 [Thread-765] INFO  impl.FollowerState (FollowerState.java:run(108)) - 681edbc6-a1fc-42a4-b5ce-4922820de60a@group-FD33B9583E3C-FollowerState: change to CANDIDATE, lastRpcTime:54ms, electionTimeout:54ms
2019-10-18 14:30:24,468 [Thread-765] INFO  impl.RoleInfo (RoleInfo.java:shutdownFollowerState(121)) - 681edbc6-a1fc-42a4-b5ce-4922820de60a: shutdown FollowerState
2019-10-18 14:30:24,468 [Thread-765] INFO  impl.RaftServerImpl (RaftServerImpl.java:setRole(184)) - 681edbc6-a1fc-42a4-b5ce-4922820de60a@group-FD33B9583E3C: changes role from  FOLLOWER to CANDIDATE at term 49 for changeToCandidate
2019-10-18 14:30:24,469 [Thread-765] INFO  impl.RoleInfo (RoleInfo.java:updateAndGet(143)) - 681edbc6-a1fc-42a4-b5ce-4922820de60a: start LeaderElection
2019-10-18 14:30:24,483 [681edbc6-a1fc-42a4-b5ce-4922820de60a@group-FD33B9583E3C-LeaderElection60] INFO  impl.LeaderElection (LeaderElection.java:askForVotes(178)) - 681edbc6-a1fc-42a4-b5ce-4922820de60a@group-FD33B9583E3C-LeaderElection60: begin an election at term 50 for -1: [3ee7b367-7b16-44e1-99f8-43aefeda0876:192.168.164.233:46080, 681edbc6-a1fc-42a4-b5ce-4922820de60a:192.168.164.233:44267, 773cce60-eeca-4c1f-a5ec-70084be8b6b9:192.168.164.233:38729], old=null
2019-10-18 14:30:24,485 [grpc-default-executor-4] INFO  impl.RaftServerImpl (RaftServerImpl.java:setRole(184)) - 773cce60-eeca-4c1f-a5ec-70084be8b6b9@group-FD33B9583E3C: changes role from  FOLLOWER to FOLLOWER at term 50 for recognizeCandidate:681edbc6-a1fc-42a4-b5ce-4922820de60a
2019-10-18 14:30:24,486 [grpc-default-executor-4] INFO  impl.RoleInfo (RoleInfo.java:shutdownFollowerState(121)) - 773cce60-eeca-4c1f-a5ec-70084be8b6b9: shutdown FollowerState
2019-10-18 14:30:24,485 [grpc-default-executor-5] INFO  impl.RaftServerImpl (RaftServerImpl.java:setRole(184)) - 3ee7b367-7b16-44e1-99f8-43aefeda0876@group-FD33B9583E3C: changes role from  FOLLOWER to FOLLOWER at term 50 for recognizeCandidate:681edbc6-a1fc-42a4-b5ce-4922820de60a
2019-10-18 14:30:24,486 [Thread-764] INFO  impl.FollowerState (FollowerState.java:run(117)) - 773cce60-eeca-4c1f-a5ec-70084be8b6b9@group-FD33B9583E3C-FollowerState was interrupted: java.lang.InterruptedException: sleep interrupted
2019-10-18 14:30:24,486 [grpc-default-executor-4] INFO  impl.RoleInfo (RoleInfo.java:updateAndGet(143)) - 773cce60-eeca-4c1f-a5ec-70084be8b6b9: start FollowerState
2019-10-18 14:30:24,486 [grpc-default-executor-5] INFO  impl.RoleInfo (RoleInfo.java:shutdownFollowerState(121)) - 3ee7b367-7b16-44e1-99f8-43aefeda0876: shutdown FollowerState
2019-10-18 14:30:24,486 [Thread-763] INFO  impl.FollowerState (FollowerState.java:run(117)) - 3ee7b367-7b16-44e1-99f8-43aefeda0876@group-FD33B9583E3C-FollowerState was interrupted: java.lang.InterruptedException: sleep interrupted
2019-10-18 14:30:24,486 [grpc-default-executor-5] INFO  impl.RoleInfo (RoleInfo.java:updateAndGet(143)) - 3ee7b367-7b16-44e1-99f8-43aefeda0876: start FollowerState
2019-10-18 14:30:24,500 [681edbc6-a1fc-42a4-b5ce-4922820de60a@group-FD33B9583E3C-LeaderElection60] INFO  impl.LeaderElection (LeaderElection.java:logAndReturn(56)) - 681edbc6-a1fc-42a4-b5ce-4922820de60a@group-FD33B9583E3C-LeaderElection60: Election REJECTED; received 2 response(s) [681edbc6-a1fc-42a4-b5ce-4922820de60a<-3ee7b367-7b16-44e1-99f8-43aefeda0876#0:FAIL-t50, 681edbc6-a1fc-42a4-b5ce-4922820de60a<-773cce60-eeca-4c1f-a5ec-70084be8b6b9#0:FAIL-t50] and 0 exception(s); 681edbc6-a1fc-42a4-b5ce-4922820de60a@group-FD33B9583E3C:t50, leader=null, voted=681edbc6-a1fc-42a4-b5ce-4922820de60a, raftlog=681edbc6-a1fc-42a4-b5ce-4922820de60a@group-FD33B9583E3C-SegmentedRaftLog:OPENED:c-1,f-1,i0, conf=-1: [3ee7b367-7b16-44e1-99f8-43aefeda0876:192.168.164.233:46080, 681edbc6-a1fc-42a4-b5ce-4922820de60a:192.168.164.233:44267, 773cce60-eeca-4c1f-a5ec-70084be8b6b9:192.168.164.233:38729], old=null
2019-10-18 14:30:24,500 [681edbc6-a1fc-42a4-b5ce-4922820de60a@group-FD33B9583E3C-LeaderElection60] INFO  impl.RaftServerImpl (RaftServerImpl.java:setRole(184)) - 681edbc6-a1fc-42a4-b5ce-4922820de60a@group-FD33B9583E3C: changes role from CANDIDATE to FOLLOWER at term 50 for DISCOVERED_A_NEW_TERM
2019-10-18 14:30:24,501 [681edbc6-a1fc-42a4-b5ce-4922820de60a@group-FD33B9583E3C-LeaderElection60] INFO  impl.RoleInfo (RoleInfo.java:shutdownLeaderElection(134)) - 681edbc6-a1fc-42a4-b5ce-4922820de60a: shutdown LeaderElection
2019-10-18 14:30:24,501 [681edbc6-a1fc-42a4-b5ce-4922820de60a@group-FD33B9583E3C-LeaderElection60] INFO  impl.RoleInfo (RoleInfo.java:updateAndGet(143)) - 681edbc6-a1fc-42a4-b5ce-4922820de60a: start FollowerState
2019-10-18 14:30:24,512 [Thread-771] INFO  impl.FollowerState (FollowerState.java:run(108)) - 681edbc6-a1fc-42a4-b5ce-4922820de60a@group-FD33B9583E3C-FollowerState: change to CANDIDATE, lastRpcTime:11ms, electionTimeout:11ms
2019-10-18 14:30:24,512 [Thread-771] INFO  impl.RoleInfo (RoleInfo.java:shutdownFollowerState(121)) - 681edbc6-a1fc-42a4-b5ce-4922820de60a: shutdown FollowerState
2019-10-18 14:30:24,512 [Thread-771] INFO  impl.RaftServerImpl (RaftServerImpl.java:setRole(184)) - 681edbc6-a1fc-42a4-b5ce-4922820de60a@group-FD33B9583E3C: changes role from  FOLLOWER to CANDIDATE at term 50 for changeToCandidate
2019-10-18 14:30:24,512 [Thread-771] INFO  impl.RoleInfo (RoleInfo.java:updateAndGet(143)) - 681edbc6-a1fc-42a4-b5ce-4922820de60a: start LeaderElection
2019-10-18 14:30:24,525 [681edbc6-a1fc-42a4-b5ce-4922820de60a@group-FD33B9583E3C-LeaderElection61] INFO  impl.LeaderElection (LeaderElection.java:askForVotes(178)) - 681edbc6-a1fc-42a4-b5ce-4922820de60a@group-FD33B9583E3C-LeaderElection61: begin an election at term 51 for -1: [3ee7b367-7b16-44e1-99f8-43aefeda0876:192.168.164.233:46080, 681edbc6-a1fc-42a4-b5ce-4922820de60a:192.168.164.233:44267, 773cce60-eeca-4c1f-a5ec-70084be8b6b9:192.168.164.233:38729], old=null
2019-10-18 14:30:24,527 [grpc-default-executor-5] INFO  impl.RaftServerImpl (RaftServerImpl.java:setRole(184)) - 773cce60-eeca-4c1f-a5ec-70084be8b6b9@group-FD33B9583E3C: changes role from  FOLLOWER to FOLLOWER at term 51 for recognizeCandidate:681edbc6-a1fc-42a4-b5ce-4922820de60a
2019-10-18 14:30:24,527 [grpc-default-executor-4] INFO  impl.RaftServerImpl (RaftServerImpl.java:setRole(184)) - 3ee7b367-7b16-44e1-99f8-43aefeda0876@group-FD33B9583E3C: changes role from  FOLLOWER to FOLLOWER at term 51 for recognizeCandidate:681edbc6-a1fc-42a4-b5ce-4922820de60a
2019-10-18 14:30:24,527 [grpc-default-executor-5] INFO  impl.RoleInfo (RoleInfo.java:shutdownFollowerState(121)) - 773cce60-eeca-4c1f-a5ec-70084be8b6b9: shutdown FollowerState
2019-10-18 14:30:24,527 [grpc-default-executor-4] INFO  impl.RoleInfo (RoleInfo.java:shutdownFollowerState(121)) - 3ee7b367-7b16-44e1-99f8-43aefeda0876: shutdown FollowerState
2019-10-18 14:30:24,527 [Thread-769] INFO  impl.FollowerState (FollowerState.java:run(117)) - 773cce60-eeca-4c1f-a5ec-70084be8b6b9@group-FD33B9583E3C-FollowerState was interrupted: java.lang.InterruptedException: sleep interrupted
2019-10-18 14:30:24,527 [grpc-default-executor-5] INFO  impl.RoleInfo (RoleInfo.java:updateAndGet(143)) - 773cce60-eeca-4c1f-a5ec-70084be8b6b9: start FollowerState
2019-10-18 14:30:24,527 [Thread-770] INFO  impl.FollowerState (FollowerState.java:run(117)) - 3ee7b367-7b16-44e1-99f8-43aefeda0876@group-FD33B9583E3C-FollowerState was interrupted: java.lang.InterruptedException: sleep interrupted
2019-10-18 14:30:24,527 [grpc-default-executor-4] INFO  impl.RoleInfo (RoleInfo.java:updateAndGet(143)) - 3ee7b367-7b16-44e1-99f8-43aefeda0876: start FollowerState
2019-10-18 14:30:24,554 [681edbc6-a1fc-42a4-b5ce-4922820de60a@group-FD33B9583E3C-LeaderElection61] INFO  impl.LeaderElection (LeaderElection.java:logAndReturn(56)) - 681edbc6-a1fc-42a4-b5ce-4922820de60a@group-FD33B9583E3C-LeaderElection61: Election REJECTED; received 2 response(s) [681edbc6-a1fc-42a4-b5ce-4922820de60a<-3ee7b367-7b16-44e1-99f8-43aefeda0876#0:FAIL-t51, 681edbc6-a1fc-42a4-b5ce-4922820de60a<-773cce60-eeca-4c1f-a5ec-70084be8b6b9#0:FAIL-t51] and 0 exception(s); 681edbc6-a1fc-42a4-b5ce-4922820de60a@group-FD33B9583E3C:t51, leader=null, voted=681edbc6-a1fc-42a4-b5ce-4922820de60a, raftlog=681edbc6-a1fc-42a4-b5ce-4922820de60a@group-FD33B9583E3C-SegmentedRaftLog:OPENED:c-1,f-1,i0, conf=-1: [3ee7b367-7b16-44e1-99f8-43aefeda0876:192.168.164.233:46080, 681edbc6-a1fc-42a4-b5ce-4922820de60a:192.168.164.233:44267, 773cce60-eeca-4c1f-a5ec-70084be8b6b9:192.168.164.233:38729], old=null
2019-10-18 14:30:24,554 [681edbc6-a1fc-42a4-b5ce-4922820de60a@group-FD33B9583E3C-LeaderElection61] INFO  impl.RaftServerImpl (RaftServerImpl.java:setRole(184)) - 681edbc6-a1fc-42a4-b5ce-4922820de60a@group-FD33B9583E3C: changes role from CANDIDATE to FOLLOWER at term 51 for DISCOVERED_A_NEW_TERM
2019-10-18 14:30:24,554 [681edbc6-a1fc-42a4-b5ce-4922820de60a@group-FD33B9583E3C-LeaderElection61] INFO  impl.RoleInfo (RoleInfo.java:shutdownLeaderElection(134)) - 681edbc6-a1fc-42a4-b5ce-4922820de60a: shutdown LeaderElection
2019-10-18 14:30:24,554 [681edbc6-a1fc-42a4-b5ce-4922820de60a@group-FD33B9583E3C-LeaderElection61] INFO  impl.RoleInfo (RoleInfo.java:updateAndGet(143)) - 681edbc6-a1fc-42a4-b5ce-4922820de60a: start FollowerState
2019-10-18 14:30:24,742 [Thread-778] INFO  impl.FollowerState (FollowerState.java:run(108)) - 681edbc6-a1fc-42a4-b5ce-4922820de60a@group-FD33B9583E3C-FollowerState: change to CANDIDATE, lastRpcTime:187ms, electionTimeout:187ms
2019-10-18 14:30:24,742 [Thread-778] INFO  impl.RoleInfo (RoleInfo.java:shutdownFollowerState(121)) - 681edbc6-a1fc-42a4-b5ce-4922820de60a: shutdown FollowerState
2019-10-18 14:30:24,742 [Thread-778] INFO  impl.RaftServerImpl (RaftServerImpl.java:setRole(184)) - 681edbc6-a1fc-42a4-b5ce-4922820de60a@group-FD33B9583E3C: changes role from  FOLLOWER to CANDIDATE at term 51 for changeToCandidate
2019-10-18 14:30:24,742 [Thread-778] INFO  impl.RoleInfo (RoleInfo.java:updateAndGet(143)) - 681edbc6-a1fc-42a4-b5ce-4922820de60a: start LeaderElection
2019-10-18 14:30:24,754 [681edbc6-a1fc-42a4-b5ce-4922820de60a@group-FD33B9583E3C-LeaderElection62] INFO  impl.LeaderElection (LeaderElection.java:askForVotes(178)) - 681edbc6-a1fc-42a4-b5ce-4922820de60a@group-FD33B9583E3C-LeaderElection62: begin an election at term 52 for -1: [3ee7b367-7b16-44e1-99f8-43aefeda0876:192.168.164.233:46080, 681edbc6-a1fc-42a4-b5ce-4922820de60a:192.168.164.233:44267, 773cce60-eeca-4c1f-a5ec-70084be8b6b9:192.168.164.233:38729], old=null
2019-10-18 14:30:24,757 [grpc-default-executor-1] INFO  impl.RaftServerImpl (RaftServerImpl.java:setRole(184)) - 773cce60-eeca-4c1f-a5ec-70084be8b6b9@group-FD33B9583E3C: changes role from  FOLLOWER to FOLLOWER at term 52 for recognizeCandidate:681edbc6-a1fc-42a4-b5ce-4922820de60a
2019-10-18 14:30:24,757 [grpc-default-executor-4] INFO  impl.RaftServerImpl (RaftServerImpl.java:setRole(184)) - 3ee7b367-7b16-44e1-99f8-43aefeda0876@group-FD33B9583E3C: changes role from  FOLLOWER to FOLLOWER at term 52 for recognizeCandidate:681edbc6-a1fc-42a4-b5ce-4922820de60a
2019-10-18 14:30:24,757 [grpc-default-executor-1] INFO  impl.RoleInfo (RoleInfo.java:shutdownFollowerState(121)) - 773cce60-eeca-4c1f-a5ec-70084be8b6b9: shutdown FollowerState
2019-10-18 14:30:24,757 [grpc-default-executor-4] INFO  impl.RoleInfo (RoleInfo.java:shutdownFollowerState(121)) - 3ee7b367-7b16-44e1-99f8-43aefeda0876: shutdown FollowerState
2019-10-18 14:30:24,757 [grpc-default-executor-1] INFO  impl.RoleInfo (RoleInfo.java:updateAndGet(143)) - 773cce60-eeca-4c1f-a5ec-70084be8b6b9: start FollowerState
2019-10-18 14:30:24,757 [Thread-776] INFO  impl.FollowerState (FollowerState.java:run(117)) - 3ee7b367-7b16-44e1-99f8-43aefeda0876@group-FD33B9583E3C-FollowerState was interrupted: java.lang.InterruptedException: sleep interrupted
2019-10-18 14:30:24,757 [grpc-default-executor-4] INFO  impl.RoleInfo (RoleInfo.java:updateAndGet(143)) - 3ee7b367-7b16-44e1-99f8-43aefeda0876: start FollowerState
2019-10-18 14:30:24,757 [Thread-775] INFO  impl.FollowerState (FollowerState.java:run(117)) - 773cce60-eeca-4c1f-a5ec-70084be8b6b9@group-FD33B9583E3C-FollowerState was interrupted: java.lang.InterruptedException: sleep interrupted
2019-10-18 14:30:24,772 [681edbc6-a1fc-42a4-b5ce-4922820de60a@group-FD33B9583E3C-LeaderElection62] INFO  impl.LeaderElection (LeaderElection.java:logAndReturn(56)) - 681edbc6-a1fc-42a4-b5ce-4922820de60a@group-FD33B9583E3C-LeaderElection62: Election REJECTED; received 2 response(s) [681edbc6-a1fc-42a4-b5ce-4922820de60a<-3ee7b367-7b16-44e1-99f8-43aefeda0876#0:FAIL-t52, 681edbc6-a1fc-42a4-b5ce-4922820de60a<-773cce60-eeca-4c1f-a5ec-70084be8b6b9#0:FAIL-t52] and 0 exception(s); 681edbc6-a1fc-42a4-b5ce-4922820de60a@group-FD33B9583E3C:t52, leader=null, voted=681edbc6-a1fc-42a4-b5ce-4922820de60a, raftlog=681edbc6-a1fc-42a4-b5ce-4922820de60a@group-FD33B9583E3C-SegmentedRaftLog:OPENED:c-1,f-1,i0, conf=-1: [3ee7b367-7b16-44e1-99f8-43aefeda0876:192.168.164.233:46080, 681edbc6-a1fc-42a4-b5ce-4922820de60a:192.168.164.233:44267, 773cce60-eeca-4c1f-a5ec-70084be8b6b9:192.168.164.233:38729], old=null
2019-10-18 14:30:24,772 [681edbc6-a1fc-42a4-b5ce-4922820de60a@group-FD33B9583E3C-LeaderElection62] INFO  impl.RaftServerImpl (RaftServerImpl.java:setRole(184)) - 681edbc6-a1fc-42a4-b5ce-4922820de60a@group-FD33B9583E3C: changes role from CANDIDATE to FOLLOWER at term 52 for DISCOVERED_A_NEW_TERM
2019-10-18 14:30:24,772 [681edbc6-a1fc-42a4-b5ce-4922820de60a@group-FD33B9583E3C-LeaderElection62] INFO  impl.RoleInfo (RoleInfo.java:shutdownLeaderElection(134)) - 681edbc6-a1fc-42a4-b5ce-4922820de60a: shutdown LeaderElection
2019-10-18 14:30:24,772 [681edbc6-a1fc-42a4-b5ce-4922820de60a@group-FD33B9583E3C-LeaderElection62] INFO  impl.RoleInfo (RoleInfo.java:updateAndGet(143)) - 681edbc6-a1fc-42a4-b5ce-4922820de60a: start FollowerState
2019-10-18 14:30:24,930 [Thread-785] INFO  impl.FollowerState (FollowerState.java:run(108)) - 681edbc6-a1fc-42a4-b5ce-4922820de60a@group-FD33B9583E3C-FollowerState: change to CANDIDATE, lastRpcTime:157ms, electionTimeout:157ms
2019-10-18 14:30:24,930 [Thread-785] INFO  impl.RoleInfo (RoleInfo.java:shutdownFollowerState(121)) - 681edbc6-a1fc-42a4-b5ce-4922820de60a: shutdown FollowerState
2019-10-18 14:30:24,930 [Thread-785] INFO  impl.RaftServerImpl (RaftServerImpl.java:setRole(184)) - 681edbc6-a1fc-42a4-b5ce-4922820de60a@group-FD33B9583E3C: changes role from  FOLLOWER to CANDIDATE at term 52 for changeToCandidate
2019-10-18 14:30:24,930 [Thread-785] INFO  impl.RoleInfo (RoleInfo.java:updateAndGet(143)) - 681edbc6-a1fc-42a4-b5ce-4922820de60a: start LeaderElection
2019-10-18 14:30:24,944 [681edbc6-a1fc-42a4-b5ce-4922820de60a@group-FD33B9583E3C-LeaderElection63] INFO  impl.LeaderElection (LeaderElection.java:askForVotes(178)) - 681edbc6-a1fc-42a4-b5ce-4922820de60a@group-FD33B9583E3C-LeaderElection63: begin an election at term 53 for -1: [3ee7b367-7b16-44e1-99f8-43aefeda0876:192.168.164.233:46080, 681edbc6-a1fc-42a4-b5ce-4922820de60a:192.168.164.233:44267, 773cce60-eeca-4c1f-a5ec-70084be8b6b9:192.168.164.233:38729], old=null
2019-10-18 14:30:24,947 [grpc-default-executor-1] INFO  impl.RaftServerImpl (RaftServerImpl.java:setRole(184)) - 3ee7b367-7b16-44e1-99f8-43aefeda0876@group-FD33B9583E3C: changes role from  FOLLOWER to FOLLOWER at term 53 for recognizeCandidate:681edbc6-a1fc-42a4-b5ce-4922820de60a
2019-10-18 14:30:24,947 [grpc-default-executor-4] INFO  impl.RaftServerImpl (RaftServerImpl.java:setRole(184)) - 773cce60-eeca-4c1f-a5ec-70084be8b6b9@group-FD33B9583E3C: changes role from  FOLLOWER to FOLLOWER at term 53 for recognizeCandidate:681edbc6-a1fc-42a4-b5ce-4922820de60a
2019-10-18 14:30:24,947 [grpc-default-executor-1] INFO  impl.RoleInfo (RoleInfo.java:shutdownFollowerState(121)) - 3ee7b367-7b16-44e1-99f8-43aefeda0876: shutdown FollowerState
2019-10-18 14:30:24,947 [grpc-default-executor-4] INFO  impl.RoleInfo (RoleInfo.java:shutdownFollowerState(121)) - 773cce60-eeca-4c1f-a5ec-70084be8b6b9: shutdown FollowerState
2019-10-18 14:30:24,947 [grpc-default-executor-1] INFO  impl.RoleInfo (RoleInfo.java:updateAndGet(143)) - 3ee7b367-7b16-44e1-99f8-43aefeda0876: start FollowerState
2019-10-18 14:30:24,947 [Thread-783] INFO  impl.FollowerState (FollowerState.java:run(117)) - 773cce60-eeca-4c1f-a5ec-70084be8b6b9@group-FD33B9583E3C-FollowerState was interrupted: java.lang.InterruptedException: sleep interrupted
2019-10-18 14:30:24,947 [grpc-default-executor-4] INFO  impl.RoleInfo (RoleInfo.java:updateAndGet(143)) - 773cce60-eeca-4c1f-a5ec-70084be8b6b9: start FollowerState
2019-10-18 14:30:24,947 [Thread-784] INFO  impl.FollowerState (FollowerState.java:run(117)) - 3ee7b367-7b16-44e1-99f8-43aefeda0876@group-FD33B9583E3C-FollowerState was interrupted: java.lang.InterruptedException: sleep interrupted
2019-10-18 14:30:24,961 [681edbc6-a1fc-42a4-b5ce-4922820de60a@group-FD33B9583E3C-LeaderElection63] INFO  impl.LeaderElection (LeaderElection.java:logAndReturn(56)) - 681edbc6-a1fc-42a4-b5ce-4922820de60a@group-FD33B9583E3C-LeaderElection63: Election REJECTED; received 2 response(s) [681edbc6-a1fc-42a4-b5ce-4922820de60a<-3ee7b367-7b16-44e1-99f8-43aefeda0876#0:FAIL-t53, 681edbc6-a1fc-42a4-b5ce-4922820de60a<-773cce60-eeca-4c1f-a5ec-70084be8b6b9#0:FAIL-t53] and 0 exception(s); 681edbc6-a1fc-42a4-b5ce-4922820de60a@group-FD33B9583E3C:t53, leader=null, voted=681edbc6-a1fc-42a4-b5ce-4922820de60a, raftlog=681edbc6-a1fc-42a4-b5ce-4922820de60a@group-FD33B9583E3C-SegmentedRaftLog:OPENED:c-1,f-1,i0, conf=-1: [3ee7b367-7b16-44e1-99f8-43aefeda0876:192.168.164.233:46080, 681edbc6-a1fc-42a4-b5ce-4922820de60a:192.168.164.233:44267, 773cce60-eeca-4c1f-a5ec-70084be8b6b9:192.168.164.233:38729], old=null
2019-10-18 14:30:24,962 [681edbc6-a1fc-42a4-b5ce-4922820de60a@group-FD33B9583E3C-LeaderElection63] INFO  impl.RaftServerImpl (RaftServerImpl.java:setRole(184)) - 681edbc6-a1fc-42a4-b5ce-4922820de60a@group-FD33B9583E3C: changes role from CANDIDATE to FOLLOWER at term 53 for DISCOVERED_A_NEW_TERM
2019-10-18 14:30:24,962 [681edbc6-a1fc-42a4-b5ce-4922820de60a@group-FD33B9583E3C-LeaderElection63] INFO  impl.RoleInfo (RoleInfo.java:shutdownLeaderElection(134)) - 681edbc6-a1fc-42a4-b5ce-4922820de60a: shutdown LeaderElection
2019-10-18 14:30:24,962 [681edbc6-a1fc-42a4-b5ce-4922820de60a@group-FD33B9583E3C-LeaderElection63] INFO  impl.RoleInfo (RoleInfo.java:updateAndGet(143)) - 681edbc6-a1fc-42a4-b5ce-4922820de60a: start FollowerState
2019-10-18 14:30:25,031 [Thread-795] INFO  impl.FollowerState (FollowerState.java:run(108)) - 681edbc6-a1fc-42a4-b5ce-4922820de60a@group-FD33B9583E3C-FollowerState: change to CANDIDATE, lastRpcTime:69ms, electionTimeout:69ms
2019-10-18 14:30:25,032 [Thread-795] INFO  impl.RoleInfo (RoleInfo.java:shutdownFollowerState(121)) - 681edbc6-a1fc-42a4-b5ce-4922820de60a: shutdown FollowerState
2019-10-18 14:30:25,032 [Thread-795] INFO  impl.RaftServerImpl (RaftServerImpl.java:setRole(184)) - 681edbc6-a1fc-42a4-b5ce-4922820de60a@group-FD33B9583E3C: changes role from  FOLLOWER to CANDIDATE at term 53 for changeToCandidate
2019-10-18 14:30:25,032 [Thread-795] INFO  impl.RoleInfo (RoleInfo.java:updateAndGet(143)) - 681edbc6-a1fc-42a4-b5ce-4922820de60a: start LeaderElection
2019-10-18 14:30:25,046 [681edbc6-a1fc-42a4-b5ce-4922820de60a@group-FD33B9583E3C-LeaderElection64] INFO  impl.LeaderElection (LeaderElection.java:askForVotes(178)) - 681edbc6-a1fc-42a4-b5ce-4922820de60a@group-FD33B9583E3C-LeaderElection64: begin an election at term 54 for -1: [3ee7b367-7b16-44e1-99f8-43aefeda0876:192.168.164.233:46080, 681edbc6-a1fc-42a4-b5ce-4922820de60a:192.168.164.233:44267, 773cce60-eeca-4c1f-a5ec-70084be8b6b9:192.168.164.233:38729], old=null
2019-10-18 14:30:25,048 [grpc-default-executor-1] INFO  impl.RaftServerImpl (RaftServerImpl.java:setRole(184)) - 3ee7b367-7b16-44e1-99f8-43aefeda0876@group-FD33B9583E3C: changes role from  FOLLOWER to FOLLOWER at term 54 for recognizeCandidate:681edbc6-a1fc-42a4-b5ce-4922820de60a
2019-10-18 14:30:25,049 [grpc-default-executor-1] INFO  impl.RoleInfo (RoleInfo.java:shutdownFollowerState(121)) - 3ee7b367-7b16-44e1-99f8-43aefeda0876: shutdown FollowerState
2019-10-18 14:30:25,048 [grpc-default-executor-4] INFO  impl.RaftServerImpl (RaftServerImpl.java:setRole(184)) - 773cce60-eeca-4c1f-a5ec-70084be8b6b9@group-FD33B9583E3C: changes role from  FOLLOWER to FOLLOWER at term 54 for recognizeCandidate:681edbc6-a1fc-42a4-b5ce-4922820de60a
2019-10-18 14:30:25,049 [Thread-793] INFO  impl.FollowerState (FollowerState.java:run(117)) - 3ee7b367-7b16-44e1-99f8-43aefeda0876@group-FD33B9583E3C-FollowerState was interrupted: java.lang.InterruptedException: sleep interrupted
2019-10-18 14:30:25,049 [grpc-default-executor-1] INFO  impl.RoleInfo (RoleInfo.java:updateAndGet(143)) - 3ee7b367-7b16-44e1-99f8-43aefeda0876: start FollowerState
2019-10-18 14:30:25,049 [grpc-default-executor-4] INFO  impl.RoleInfo (RoleInfo.java:shutdownFollowerState(121)) - 773cce60-eeca-4c1f-a5ec-70084be8b6b9: shutdown FollowerState
2019-10-18 14:30:25,049 [grpc-default-executor-4] INFO  impl.RoleInfo (RoleInfo.java:updateAndGet(143)) - 773cce60-eeca-4c1f-a5ec-70084be8b6b9: start FollowerState
2019-10-18 14:30:25,049 [Thread-794] INFO  impl.FollowerState (FollowerState.java:run(117)) - 773cce60-eeca-4c1f-a5ec-70084be8b6b9@group-FD33B9583E3C-FollowerState was interrupted: java.lang.InterruptedException: sleep interrupted
2019-10-18 14:30:25,066 [681edbc6-a1fc-42a4-b5ce-4922820de60a@group-FD33B9583E3C-LeaderElection64] INFO  impl.LeaderElection (LeaderElection.java:logAndReturn(56)) - 681edbc6-a1fc-42a4-b5ce-4922820de60a@group-FD33B9583E3C-LeaderElection64: Election REJECTED; received 2 response(s) [681edbc6-a1fc-42a4-b5ce-4922820de60a<-3ee7b367-7b16-44e1-99f8-43aefeda0876#0:FAIL-t54, 681edbc6-a1fc-42a4-b5ce-4922820de60a<-773cce60-eeca-4c1f-a5ec-70084be8b6b9#0:FAIL-t54] and 0 exception(s); 681edbc6-a1fc-42a4-b5ce-4922820de60a@group-FD33B9583E3C:t54, leader=null, voted=681edbc6-a1fc-42a4-b5ce-4922820de60a, raftlog=681edbc6-a1fc-42a4-b5ce-4922820de60a@group-FD33B9583E3C-SegmentedRaftLog:OPENED:c-1,f-1,i0, conf=-1: [3ee7b367-7b16-44e1-99f8-43aefeda0876:192.168.164.233:46080, 681edbc6-a1fc-42a4-b5ce-4922820de60a:192.168.164.233:44267, 773cce60-eeca-4c1f-a5ec-70084be8b6b9:192.168.164.233:38729], old=null
2019-10-18 14:30:25,066 [681edbc6-a1fc-42a4-b5ce-4922820de60a@group-FD33B9583E3C-LeaderElection64] INFO  impl.RaftServerImpl (RaftServerImpl.java:setRole(184)) - 681edbc6-a1fc-42a4-b5ce-4922820de60a@group-FD33B9583E3C: changes role from CANDIDATE to FOLLOWER at term 54 for DISCOVERED_A_NEW_TERM
2019-10-18 14:30:25,066 [681edbc6-a1fc-42a4-b5ce-4922820de60a@group-FD33B9583E3C-LeaderElection64] INFO  impl.RoleInfo (RoleInfo.java:shutdownLeaderElection(134)) - 681edbc6-a1fc-42a4-b5ce-4922820de60a: shutdown LeaderElection
2019-10-18 14:30:25,066 [681edbc6-a1fc-42a4-b5ce-4922820de60a@group-FD33B9583E3C-LeaderElection64] INFO  impl.RoleInfo (RoleInfo.java:updateAndGet(143)) - 681edbc6-a1fc-42a4-b5ce-4922820de60a: start FollowerState
2019-10-18 14:30:25,218 [Thread-801] INFO  impl.FollowerState (FollowerState.java:run(108)) - 681edbc6-a1fc-42a4-b5ce-4922820de60a@group-FD33B9583E3C-FollowerState: change to CANDIDATE, lastRpcTime:152ms, electionTimeout:152ms
2019-10-18 14:30:25,219 [Thread-801] INFO  impl.RoleInfo (RoleInfo.java:shutdownFollowerState(121)) - 681edbc6-a1fc-42a4-b5ce-4922820de60a: shutdown FollowerState
2019-10-18 14:30:25,219 [Thread-801] INFO  impl.RaftServerImpl (RaftServerImpl.java:setRole(184)) - 681edbc6-a1fc-42a4-b5ce-4922820de60a@group-FD33B9583E3C: changes role from  FOLLOWER to CANDIDATE at term 54 for changeToCandidate
2019-10-18 14:30:25,219 [Thread-801] INFO  impl.RoleInfo (RoleInfo.java:updateAndGet(143)) - 681edbc6-a1fc-42a4-b5ce-4922820de60a: start LeaderElection
2019-10-18 14:30:25,233 [681edbc6-a1fc-42a4-b5ce-4922820de60a@group-FD33B9583E3C-LeaderElection65] INFO  impl.LeaderElection (LeaderElection.java:askForVotes(178)) - 681edbc6-a1fc-42a4-b5ce-4922820de60a@group-FD33B9583E3C-LeaderElection65: begin an election at term 55 for -1: [3ee7b367-7b16-44e1-99f8-43aefeda0876:192.168.164.233:46080, 681edbc6-a1fc-42a4-b5ce-4922820de60a:192.168.164.233:44267, 773cce60-eeca-4c1f-a5ec-70084be8b6b9:192.168.164.233:38729], old=null
2019-10-18 14:30:25,235 [grpc-default-executor-4] INFO  impl.RaftServerImpl (RaftServerImpl.java:setRole(184)) - 773cce60-eeca-4c1f-a5ec-70084be8b6b9@group-FD33B9583E3C: changes role from  FOLLOWER to FOLLOWER at term 55 for recognizeCandidate:681edbc6-a1fc-42a4-b5ce-4922820de60a
2019-10-18 14:30:25,235 [grpc-default-executor-1] INFO  impl.RaftServerImpl (RaftServerImpl.java:setRole(184)) - 3ee7b367-7b16-44e1-99f8-43aefeda0876@group-FD33B9583E3C: changes role from  FOLLOWER to FOLLOWER at term 55 for recognizeCandidate:681edbc6-a1fc-42a4-b5ce-4922820de60a
2019-10-18 14:30:25,235 [grpc-default-executor-4] INFO  impl.RoleInfo (RoleInfo.java:shutdownFollowerState(121)) - 773cce60-eeca-4c1f-a5ec-70084be8b6b9: shutdown FollowerState
2019-10-18 14:30:25,235 [grpc-default-executor-1] INFO  impl.RoleInfo (RoleInfo.java:shutdownFollowerState(121)) - 3ee7b367-7b16-44e1-99f8-43aefeda0876: shutdown FollowerState
2019-10-18 14:30:25,235 [Thread-800] INFO  impl.FollowerState (FollowerState.java:run(117)) - 773cce60-eeca-4c1f-a5ec-70084be8b6b9@group-FD33B9583E3C-FollowerState was interrupted: java.lang.InterruptedException: sleep interrupted
2019-10-18 14:30:25,235 [grpc-default-executor-4] INFO  impl.RoleInfo (RoleInfo.java:updateAndGet(143)) - 773cce60-eeca-4c1f-a5ec-70084be8b6b9: start FollowerState
2019-10-18 14:30:25,235 [Thread-799] INFO  impl.FollowerState (FollowerState.java:run(117)) - 3ee7b367-7b16-44e1-99f8-43aefeda0876@group-FD33B9583E3C-FollowerState was interrupted: java.lang.InterruptedException: sleep interrupted
2019-10-18 14:30:25,235 [grpc-default-executor-1] INFO  impl.RoleInfo (RoleInfo.java:updateAndGet(143)) - 3ee7b367-7b16-44e1-99f8-43aefeda0876: start FollowerState
2019-10-18 14:30:25,249 [681edbc6-a1fc-42a4-b5ce-4922820de60a@group-FD33B9583E3C-LeaderElection65] INFO  impl.LeaderElection (LeaderElection.java:logAndReturn(56)) - 681edbc6-a1fc-42a4-b5ce-4922820de60a@group-FD33B9583E3C-LeaderElection65: Election REJECTED; received 2 response(s) [681edbc6-a1fc-42a4-b5ce-4922820de60a<-3ee7b367-7b16-44e1-99f8-43aefeda0876#0:FAIL-t55, 681edbc6-a1fc-42a4-b5ce-4922820de60a<-773cce60-eeca-4c1f-a5ec-70084be8b6b9#0:FAIL-t55] and 0 exception(s); 681edbc6-a1fc-42a4-b5ce-4922820de60a@group-FD33B9583E3C:t55, leader=null, voted=681edbc6-a1fc-42a4-b5ce-4922820de60a, raftlog=681edbc6-a1fc-42a4-b5ce-4922820de60a@group-FD33B9583E3C-SegmentedRaftLog:OPENED:c-1,f-1,i0, conf=-1: [3ee7b367-7b16-44e1-99f8-43aefeda0876:192.168.164.233:46080, 681edbc6-a1fc-42a4-b5ce-4922820de60a:192.168.164.233:44267, 773cce60-eeca-4c1f-a5ec-70084be8b6b9:192.168.164.233:38729], old=null
2019-10-18 14:30:25,249 [681edbc6-a1fc-42a4-b5ce-4922820de60a@group-FD33B9583E3C-LeaderElection65] INFO  impl.RaftServerImpl (RaftServerImpl.java:setRole(184)) - 681edbc6-a1fc-42a4-b5ce-4922820de60a@group-FD33B9583E3C: changes role from CANDIDATE to FOLLOWER at term 55 for DISCOVERED_A_NEW_TERM
2019-10-18 14:30:25,250 [681edbc6-a1fc-42a4-b5ce-4922820de60a@group-FD33B9583E3C-LeaderElection65] INFO  impl.RoleInfo (RoleInfo.java:shutdownLeaderElection(134)) - 681edbc6-a1fc-42a4-b5ce-4922820de60a: shutdown LeaderElection
2019-10-18 14:30:25,250 [681edbc6-a1fc-42a4-b5ce-4922820de60a@group-FD33B9583E3C-LeaderElection65] INFO  impl.RoleInfo (RoleInfo.java:updateAndGet(143)) - 681edbc6-a1fc-42a4-b5ce-4922820de60a: start FollowerState
2019-10-18 14:30:25,449 [Thread-807] INFO  impl.FollowerState (FollowerState.java:run(108)) - 681edbc6-a1fc-42a4-b5ce-4922820de60a@group-FD33B9583E3C-FollowerState: change to CANDIDATE, lastRpcTime:199ms, electionTimeout:199ms
2019-10-18 14:30:25,449 [Thread-807] INFO  impl.RoleInfo (RoleInfo.java:shutdownFollowerState(121)) - 681edbc6-a1fc-42a4-b5ce-4922820de60a: shutdown FollowerState
2019-10-18 14:30:25,449 [Thread-807] INFO  impl.RaftServerImpl (RaftServerImpl.java:setRole(184)) - 681edbc6-a1fc-42a4-b5ce-4922820de60a@group-FD33B9583E3C: changes role from  FOLLOWER to CANDIDATE at term 55 for changeToCandidate
2019-10-18 14:30:25,449 [Thread-807] INFO  impl.RoleInfo (RoleInfo.java:updateAndGet(143)) - 681edbc6-a1fc-42a4-b5ce-4922820de60a: start LeaderElection
2019-10-18 14:30:25,463 [681edbc6-a1fc-42a4-b5ce-4922820de60a@group-FD33B9583E3C-LeaderElection66] INFO  impl.LeaderElection (LeaderElection.java:askForVotes(178)) - 681edbc6-a1fc-42a4-b5ce-4922820de60a@group-FD33B9583E3C-LeaderElection66: begin an election at term 56 for -1: [3ee7b367-7b16-44e1-99f8-43aefeda0876:192.168.164.233:46080, 681edbc6-a1fc-42a4-b5ce-4922820de60a:192.168.164.233:44267, 773cce60-eeca-4c1f-a5ec-70084be8b6b9:192.168.164.233:38729], old=null
2019-10-18 14:30:25,465 [grpc-default-executor-1] INFO  impl.RaftServerImpl (RaftServerImpl.java:setRole(184)) - 773cce60-eeca-4c1f-a5ec-70084be8b6b9@group-FD33B9583E3C: changes role from  FOLLOWER to FOLLOWER at term 56 for recognizeCandidate:681edbc6-a1fc-42a4-b5ce-4922820de60a
2019-10-18 14:30:25,465 [grpc-default-executor-4] INFO  impl.RaftServerImpl (RaftServerImpl.java:setRole(184)) - 3ee7b367-7b16-44e1-99f8-43aefeda0876@group-FD33B9583E3C: changes role from  FOLLOWER to FOLLOWER at term 56 for recognizeCandidate:681edbc6-a1fc-42a4-b5ce-4922820de60a
2019-10-18 14:30:25,465 [grpc-default-executor-1] INFO  impl.RoleInfo (RoleInfo.java:shutdownFollowerState(121)) - 773cce60-eeca-4c1f-a5ec-70084be8b6b9: shutdown FollowerState
2019-10-18 14:30:25,465 [grpc-default-executor-4] INFO  impl.RoleInfo (RoleInfo.java:shutdownFollowerState(121)) - 3ee7b367-7b16-44e1-99f8-43aefeda0876: shutdown FollowerState
2019-10-18 14:30:25,466 [Thread-805] INFO  impl.FollowerState (FollowerState.java:run(117)) - 773cce60-eeca-4c1f-a5ec-70084be8b6b9@group-FD33B9583E3C-FollowerState was interrupted: java.lang.InterruptedException: sleep interrupted
2019-10-18 14:30:25,466 [grpc-default-executor-1] INFO  impl.RoleInfo (RoleInfo.java:updateAndGet(143)) - 773cce60-eeca-4c1f-a5ec-70084be8b6b9: start FollowerState
2019-10-18 14:30:25,466 [Thread-806] INFO  impl.FollowerState (FollowerState.java:run(117)) - 3ee7b367-7b16-44e1-99f8-43aefeda0876@group-FD33B9583E3C-FollowerState was interrupted: java.lang.InterruptedException: sleep interrupted
2019-10-18 14:30:25,466 [grpc-default-executor-4] INFO  impl.RoleInfo (RoleInfo.java:updateAndGet(143)) - 3ee7b367-7b16-44e1-99f8-43aefeda0876: start FollowerState
2019-10-18 14:30:25,480 [681edbc6-a1fc-42a4-b5ce-4922820de60a@group-FD33B9583E3C-LeaderElection66] INFO  impl.LeaderElection (LeaderElection.java:logAndReturn(56)) - 681edbc6-a1fc-42a4-b5ce-4922820de60a@group-FD33B9583E3C-LeaderElection66: Election REJECTED; received 2 response(s) [681edbc6-a1fc-42a4-b5ce-4922820de60a<-3ee7b367-7b16-44e1-99f8-43aefeda0876#0:FAIL-t56, 681edbc6-a1fc-42a4-b5ce-4922820de60a<-773cce60-eeca-4c1f-a5ec-70084be8b6b9#0:FAIL-t56] and 0 exception(s); 681edbc6-a1fc-42a4-b5ce-4922820de60a@group-FD33B9583E3C:t56, leader=null, voted=681edbc6-a1fc-42a4-b5ce-4922820de60a, raftlog=681edbc6-a1fc-42a4-b5ce-4922820de60a@group-FD33B9583E3C-SegmentedRaftLog:OPENED:c-1,f-1,i0, conf=-1: [3ee7b367-7b16-44e1-99f8-43aefeda0876:192.168.164.233:46080, 681edbc6-a1fc-42a4-b5ce-4922820de60a:192.168.164.233:44267, 773cce60-eeca-4c1f-a5ec-70084be8b6b9:192.168.164.233:38729], old=null
2019-10-18 14:30:25,480 [681edbc6-a1fc-42a4-b5ce-4922820de60a@group-FD33B9583E3C-LeaderElection66] INFO  impl.RaftServerImpl (RaftServerImpl.java:setRole(184)) - 681edbc6-a1fc-42a4-b5ce-4922820de60a@group-FD33B9583E3C: changes role from CANDIDATE to FOLLOWER at term 56 for DISCOVERED_A_NEW_TERM
2019-10-18 14:30:25,480 [681edbc6-a1fc-42a4-b5ce-4922820de60a@group-FD33B9583E3C-LeaderElection66] INFO  impl.RoleInfo (RoleInfo.java:shutdownLeaderElection(134)) - 681edbc6-a1fc-42a4-b5ce-4922820de60a: shutdown LeaderElection
2019-10-18 14:30:25,480 [681edbc6-a1fc-42a4-b5ce-4922820de60a@group-FD33B9583E3C-LeaderElection66] INFO  impl.RoleInfo (RoleInfo.java:updateAndGet(143)) - 681edbc6-a1fc-42a4-b5ce-4922820de60a: start FollowerState
2019-10-18 14:30:25,576 [Thread-817] INFO  impl.FollowerState (FollowerState.java:run(108)) - 681edbc6-a1fc-42a4-b5ce-4922820de60a@group-FD33B9583E3C-FollowerState: change to CANDIDATE, lastRpcTime:96ms, electionTimeout:96ms
2019-10-18 14:30:25,577 [Thread-817] INFO  impl.RoleInfo (RoleInfo.java:shutdownFollowerState(121)) - 681edbc6-a1fc-42a4-b5ce-4922820de60a: shutdown FollowerState
2019-10-18 14:30:25,577 [Thread-817] INFO  impl.RaftServerImpl (RaftServerImpl.java:setRole(184)) - 681edbc6-a1fc-42a4-b5ce-4922820de60a@group-FD33B9583E3C: changes role from  FOLLOWER to CANDIDATE at term 56 for changeToCandidate
2019-10-18 14:30:25,577 [Thread-817] INFO  impl.RoleInfo (RoleInfo.java:updateAndGet(143)) - 681edbc6-a1fc-42a4-b5ce-4922820de60a: start LeaderElection
2019-10-18 14:30:25,591 [681edbc6-a1fc-42a4-b5ce-4922820de60a@group-FD33B9583E3C-LeaderElection67] INFO  impl.LeaderElection (LeaderElection.java:askForVotes(178)) - 681edbc6-a1fc-42a4-b5ce-4922820de60a@group-FD33B9583E3C-LeaderElection67: begin an election at term 57 for -1: [3ee7b367-7b16-44e1-99f8-43aefeda0876:192.168.164.233:46080, 681edbc6-a1fc-42a4-b5ce-4922820de60a:192.168.164.233:44267, 773cce60-eeca-4c1f-a5ec-70084be8b6b9:192.168.164.233:38729], old=null
2019-10-18 14:30:25,601 [grpc-default-executor-4] INFO  impl.RaftServerImpl (RaftServerImpl.java:setRole(184)) - 3ee7b367-7b16-44e1-99f8-43aefeda0876@group-FD33B9583E3C: changes role from  FOLLOWER to FOLLOWER at term 57 for recognizeCandidate:681edbc6-a1fc-42a4-b5ce-4922820de60a
2019-10-18 14:30:25,602 [grpc-default-executor-4] INFO  impl.RoleInfo (RoleInfo.java:shutdownFollowerState(121)) - 3ee7b367-7b16-44e1-99f8-43aefeda0876: shutdown FollowerState
2019-10-18 14:30:25,601 [grpc-default-executor-1] INFO  impl.RaftServerImpl (RaftServerImpl.java:setRole(184)) - 773cce60-eeca-4c1f-a5ec-70084be8b6b9@group-FD33B9583E3C: changes role from  FOLLOWER to FOLLOWER at term 57 for recognizeCandidate:681edbc6-a1fc-42a4-b5ce-4922820de60a
2019-10-18 14:30:25,602 [Thread-816] INFO  impl.FollowerState (FollowerState.java:run(117)) - 3ee7b367-7b16-44e1-99f8-43aefeda0876@group-FD33B9583E3C-FollowerState was interrupted: java.lang.InterruptedException: sleep interrupted
2019-10-18 14:30:25,602 [grpc-default-executor-4] INFO  impl.RoleInfo (RoleInfo.java:updateAndGet(143)) - 3ee7b367-7b16-44e1-99f8-43aefeda0876: start FollowerState
2019-10-18 14:30:25,602 [grpc-default-executor-1] INFO  impl.RoleInfo (RoleInfo.java:shutdownFollowerState(121)) - 773cce60-eeca-4c1f-a5ec-70084be8b6b9: shutdown FollowerState
2019-10-18 14:30:25,602 [grpc-default-executor-1] INFO  impl.RoleInfo (RoleInfo.java:updateAndGet(143)) - 773cce60-eeca-4c1f-a5ec-70084be8b6b9: start FollowerState
2019-10-18 14:30:25,602 [Thread-815] INFO  impl.FollowerState (FollowerState.java:run(117)) - 773cce60-eeca-4c1f-a5ec-70084be8b6b9@group-FD33B9583E3C-FollowerState was interrupted: java.lang.InterruptedException: sleep interrupted
2019-10-18 14:30:25,611 [681edbc6-a1fc-42a4-b5ce-4922820de60a@group-FD33B9583E3C-LeaderElection67] INFO  impl.LeaderElection (LeaderElection.java:logAndReturn(56)) - 681edbc6-a1fc-42a4-b5ce-4922820de60a@group-FD33B9583E3C-LeaderElection67: Election REJECTED; received 2 response(s) [681edbc6-a1fc-42a4-b5ce-4922820de60a<-3ee7b367-7b16-44e1-99f8-43aefeda0876#0:FAIL-t57, 681edbc6-a1fc-42a4-b5ce-4922820de60a<-773cce60-eeca-4c1f-a5ec-70084be8b6b9#0:FAIL-t57] and 0 exception(s); 681edbc6-a1fc-42a4-b5ce-4922820de60a@group-FD33B9583E3C:t57, leader=null, voted=681edbc6-a1fc-42a4-b5ce-4922820de60a, raftlog=681edbc6-a1fc-42a4-b5ce-4922820de60a@group-FD33B9583E3C-SegmentedRaftLog:OPENED:c-1,f-1,i0, conf=-1: [3ee7b367-7b16-44e1-99f8-43aefeda0876:192.168.164.233:46080, 681edbc6-a1fc-42a4-b5ce-4922820de60a:192.168.164.233:44267, 773cce60-eeca-4c1f-a5ec-70084be8b6b9:192.168.164.233:38729], old=null
2019-10-18 14:30:25,611 [681edbc6-a1fc-42a4-b5ce-4922820de60a@group-FD33B9583E3C-LeaderElection67] INFO  impl.RaftServerImpl (RaftServerImpl.java:setRole(184)) - 681edbc6-a1fc-42a4-b5ce-4922820de60a@group-FD33B9583E3C: changes role from CANDIDATE to FOLLOWER at term 57 for DISCOVERED_A_NEW_TERM
2019-10-18 14:30:25,611 [681edbc6-a1fc-42a4-b5ce-4922820de60a@group-FD33B9583E3C-LeaderElection67] INFO  impl.RoleInfo (RoleInfo.java:shutdownLeaderElection(134)) - 681edbc6-a1fc-42a4-b5ce-4922820de60a: shutdown LeaderElection
2019-10-18 14:30:25,611 [681edbc6-a1fc-42a4-b5ce-4922820de60a@group-FD33B9583E3C-LeaderElection67] INFO  impl.RoleInfo (RoleInfo.java:updateAndGet(143)) - 681edbc6-a1fc-42a4-b5ce-4922820de60a: start FollowerState
2019-10-18 14:30:25,712 [Thread-825] INFO  impl.FollowerState (FollowerState.java:run(108)) - 681edbc6-a1fc-42a4-b5ce-4922820de60a@group-FD33B9583E3C-FollowerState: change to CANDIDATE, lastRpcTime:100ms, electionTimeout:100ms
2019-10-18 14:30:25,712 [Thread-825] INFO  impl.RoleInfo (RoleInfo.java:shutdownFollowerState(121)) - 681edbc6-a1fc-42a4-b5ce-4922820de60a: shutdown FollowerState
2019-10-18 14:30:25,712 [Thread-825] INFO  impl.RaftServerImpl (RaftServerImpl.java:setRole(184)) - 681edbc6-a1fc-42a4-b5ce-4922820de60a@group-FD33B9583E3C: changes role from  FOLLOWER to CANDIDATE at term 57 for changeToCandidate
2019-10-18 14:30:25,712 [Thread-825] INFO  impl.RoleInfo (RoleInfo.java:updateAndGet(143)) - 681edbc6-a1fc-42a4-b5ce-4922820de60a: start LeaderElection
2019-10-18 14:30:25,726 [681edbc6-a1fc-42a4-b5ce-4922820de60a@group-FD33B9583E3C-LeaderElection68] INFO  impl.LeaderElection (LeaderElection.java:askForVotes(178)) - 681edbc6-a1fc-42a4-b5ce-4922820de60a@group-FD33B9583E3C-LeaderElection68: begin an election at term 58 for -1: [3ee7b367-7b16-44e1-99f8-43aefeda0876:192.168.164.233:46080, 681edbc6-a1fc-42a4-b5ce-4922820de60a:192.168.164.233:44267, 773cce60-eeca-4c1f-a5ec-70084be8b6b9:192.168.164.233:38729], old=null
2019-10-18 14:30:25,728 [grpc-default-executor-4] INFO  impl.RaftServerImpl (RaftServerImpl.java:setRole(184)) - 3ee7b367-7b16-44e1-99f8-43aefeda0876@group-FD33B9583E3C: changes role from  FOLLOWER to FOLLOWER at term 58 for recognizeCandidate:681edbc6-a1fc-42a4-b5ce-4922820de60a
2019-10-18 14:30:25,728 [grpc-default-executor-1] INFO  impl.RaftServerImpl (RaftServerImpl.java:setRole(184)) - 773cce60-eeca-4c1f-a5ec-70084be8b6b9@group-FD33B9583E3C: changes role from  FOLLOWER to FOLLOWER at term 58 for recognizeCandidate:681edbc6-a1fc-42a4-b5ce-4922820de60a
2019-10-18 14:30:25,729 [grpc-default-executor-4] INFO  impl.RoleInfo (RoleInfo.java:shutdownFollowerState(121)) - 3ee7b367-7b16-44e1-99f8-43aefeda0876: shutdown FollowerState
2019-10-18 14:30:25,729 [grpc-default-executor-1] INFO  impl.RoleInfo (RoleInfo.java:shutdownFollowerState(121)) - 773cce60-eeca-4c1f-a5ec-70084be8b6b9: shutdown FollowerState
2019-10-18 14:30:25,729 [Thread-823] INFO  impl.FollowerState (FollowerState.java:run(117)) - 3ee7b367-7b16-44e1-99f8-43aefeda0876@group-FD33B9583E3C-FollowerState was interrupted: java.lang.InterruptedException: sleep interrupted
2019-10-18 14:30:25,729 [grpc-default-executor-4] INFO  impl.RoleInfo (RoleInfo.java:updateAndGet(143)) - 3ee7b367-7b16-44e1-99f8-43aefeda0876: start FollowerState
2019-10-18 14:30:25,729 [Thread-824] INFO  impl.FollowerState (FollowerState.java:run(117)) - 773cce60-eeca-4c1f-a5ec-70084be8b6b9@group-FD33B9583E3C-FollowerState was interrupted: java.lang.InterruptedException: sleep interrupted
2019-10-18 14:30:25,729 [grpc-default-executor-1] INFO  impl.RoleInfo (RoleInfo.java:updateAndGet(143)) - 773cce60-eeca-4c1f-a5ec-70084be8b6b9: start FollowerState
2019-10-18 14:30:25,744 [681edbc6-a1fc-42a4-b5ce-4922820de60a@group-FD33B9583E3C-LeaderElection68] INFO  impl.LeaderElection (LeaderElection.java:logAndReturn(56)) - 681edbc6-a1fc-42a4-b5ce-4922820de60a@group-FD33B9583E3C-LeaderElection68: Election REJECTED; received 2 response(s) [681edbc6-a1fc-42a4-b5ce-4922820de60a<-3ee7b367-7b16-44e1-99f8-43aefeda0876#0:FAIL-t58, 681edbc6-a1fc-42a4-b5ce-4922820de60a<-773cce60-eeca-4c1f-a5ec-70084be8b6b9#0:FAIL-t58] and 0 exception(s); 681edbc6-a1fc-42a4-b5ce-4922820de60a@group-FD33B9583E3C:t58, leader=null, voted=681edbc6-a1fc-42a4-b5ce-4922820de60a, raftlog=681edbc6-a1fc-42a4-b5ce-4922820de60a@group-FD33B9583E3C-SegmentedRaftLog:OPENED:c-1,f-1,i0, conf=-1: [3ee7b367-7b16-44e1-99f8-43aefeda0876:192.168.164.233:46080, 681edbc6-a1fc-42a4-b5ce-4922820de60a:192.168.164.233:44267, 773cce60-eeca-4c1f-a5ec-70084be8b6b9:192.168.164.233:38729], old=null
2019-10-18 14:30:25,745 [681edbc6-a1fc-42a4-b5ce-4922820de60a@group-FD33B9583E3C-LeaderElection68] INFO  impl.RaftServerImpl (RaftServerImpl.java:setRole(184)) - 681edbc6-a1fc-42a4-b5ce-4922820de60a@group-FD33B9583E3C: changes role from CANDIDATE to FOLLOWER at term 58 for DISCOVERED_A_NEW_TERM
2019-10-18 14:30:25,745 [681edbc6-a1fc-42a4-b5ce-4922820de60a@group-FD33B9583E3C-LeaderElection68] INFO  impl.RoleInfo (RoleInfo.java:shutdownLeaderElection(134)) - 681edbc6-a1fc-42a4-b5ce-4922820de60a: shutdown LeaderElection
2019-10-18 14:30:25,745 [681edbc6-a1fc-42a4-b5ce-4922820de60a@group-FD33B9583E3C-LeaderElection68] INFO  impl.RoleInfo (RoleInfo.java:updateAndGet(143)) - 681edbc6-a1fc-42a4-b5ce-4922820de60a: start FollowerState
2019-10-18 14:30:25,811 [Thread-831] INFO  impl.FollowerState (FollowerState.java:run(108)) - 681edbc6-a1fc-42a4-b5ce-4922820de60a@group-FD33B9583E3C-FollowerState: change to CANDIDATE, lastRpcTime:66ms, electionTimeout:66ms
2019-10-18 14:30:25,812 [Thread-831] INFO  impl.RoleInfo (RoleInfo.java:shutdownFollowerState(121)) - 681edbc6-a1fc-42a4-b5ce-4922820de60a: shutdown FollowerState
2019-10-18 14:30:25,812 [Thread-831] INFO  impl.RaftServerImpl (RaftServerImpl.java:setRole(184)) - 681edbc6-a1fc-42a4-b5ce-4922820de60a@group-FD33B9583E3C: changes role from  FOLLOWER to CANDIDATE at term 58 for changeToCandidate
2019-10-18 14:30:25,812 [Thread-831] INFO  impl.RoleInfo (RoleInfo.java:updateAndGet(143)) - 681edbc6-a1fc-42a4-b5ce-4922820de60a: start LeaderElection
2019-10-18 14:30:25,826 [681edbc6-a1fc-42a4-b5ce-4922820de60a@group-FD33B9583E3C-LeaderElection69] INFO  impl.LeaderElection (LeaderElection.java:askForVotes(178)) - 681edbc6-a1fc-42a4-b5ce-4922820de60a@group-FD33B9583E3C-LeaderElection69: begin an election at term 59 for -1: [3ee7b367-7b16-44e1-99f8-43aefeda0876:192.168.164.233:46080, 681edbc6-a1fc-42a4-b5ce-4922820de60a:192.168.164.233:44267, 773cce60-eeca-4c1f-a5ec-70084be8b6b9:192.168.164.233:38729], old=null
2019-10-18 14:30:25,829 [grpc-default-executor-4] INFO  impl.RaftServerImpl (RaftServerImpl.java:setRole(184)) - 3ee7b367-7b16-44e1-99f8-43aefeda0876@group-FD33B9583E3C: changes role from  FOLLOWER to FOLLOWER at term 59 for recognizeCandidate:681edbc6-a1fc-42a4-b5ce-4922820de60a
2019-10-18 14:30:25,829 [grpc-default-executor-4] INFO  impl.RoleInfo (RoleInfo.java:shutdownFollowerState(121)) - 3ee7b367-7b16-44e1-99f8-43aefeda0876: shutdown FollowerState
2019-10-18 14:30:25,829 [grpc-default-executor-4] INFO  impl.RoleInfo (RoleInfo.java:updateAndGet(143)) - 3ee7b367-7b16-44e1-99f8-43aefeda0876: start FollowerState
2019-10-18 14:30:25,829 [grpc-default-executor-1] INFO  impl.RaftServerImpl (RaftServerImpl.java:setRole(184)) - 773cce60-eeca-4c1f-a5ec-70084be8b6b9@group-FD33B9583E3C: changes role from  FOLLOWER to FOLLOWER at term 59 for recognizeCandidate:681edbc6-a1fc-42a4-b5ce-4922820de60a
2019-10-18 14:30:25,829 [grpc-default-executor-1] INFO  impl.RoleInfo (RoleInfo.java:shutdownFollowerState(121)) - 773cce60-eeca-4c1f-a5ec-70084be8b6b9: shutdown FollowerState
2019-10-18 14:30:25,829 [Thread-829] INFO  impl.FollowerState (FollowerState.java:run(117)) - 3ee7b367-7b16-44e1-99f8-43aefeda0876@group-FD33B9583E3C-FollowerState was interrupted: java.lang.InterruptedException: sleep interrupted
2019-10-18 14:30:25,829 [Thread-830] INFO  impl.FollowerState (FollowerState.java:run(117)) - 773cce60-eeca-4c1f-a5ec-70084be8b6b9@group-FD33B9583E3C-FollowerState was interrupted: java.lang.InterruptedException: sleep interrupted
2019-10-18 14:30:25,829 [grpc-default-executor-1] INFO  impl.RoleInfo (RoleInfo.java:updateAndGet(143)) - 773cce60-eeca-4c1f-a5ec-70084be8b6b9: start FollowerState
2019-10-18 14:30:25,844 [681edbc6-a1fc-42a4-b5ce-4922820de60a@group-FD33B9583E3C-LeaderElection69] INFO  impl.LeaderElection (LeaderElection.java:logAndReturn(56)) - 681edbc6-a1fc-42a4-b5ce-4922820de60a@group-FD33B9583E3C-LeaderElection69: Election REJECTED; received 2 response(s) [681edbc6-a1fc-42a4-b5ce-4922820de60a<-3ee7b367-7b16-44e1-99f8-43aefeda0876#0:FAIL-t59, 681edbc6-a1fc-42a4-b5ce-4922820de60a<-773cce60-eeca-4c1f-a5ec-70084be8b6b9#0:FAIL-t59] and 0 exception(s); 681edbc6-a1fc-42a4-b5ce-4922820de60a@group-FD33B9583E3C:t59, leader=null, voted=681edbc6-a1fc-42a4-b5ce-4922820de60a, raftlog=681edbc6-a1fc-42a4-b5ce-4922820de60a@group-FD33B9583E3C-SegmentedRaftLog:OPENED:c-1,f-1,i0, conf=-1: [3ee7b367-7b16-44e1-99f8-43aefeda0876:192.168.164.233:46080, 681edbc6-a1fc-42a4-b5ce-4922820de60a:192.168.164.233:44267, 773cce60-eeca-4c1f-a5ec-70084be8b6b9:192.168.164.233:38729], old=null
2019-10-18 14:30:25,844 [681edbc6-a1fc-42a4-b5ce-4922820de60a@group-FD33B9583E3C-LeaderElection69] INFO  impl.RaftServerImpl (RaftServerImpl.java:setRole(184)) - 681edbc6-a1fc-42a4-b5ce-4922820de60a@group-FD33B9583E3C: changes role from CANDIDATE to FOLLOWER at term 59 for DISCOVERED_A_NEW_TERM
2019-10-18 14:30:25,844 [681edbc6-a1fc-42a4-b5ce-4922820de60a@group-FD33B9583E3C-LeaderElection69] INFO  impl.RoleInfo (RoleInfo.java:shutdownLeaderElection(134)) - 681edbc6-a1fc-42a4-b5ce-4922820de60a: shutdown LeaderElection
2019-10-18 14:30:25,844 [681edbc6-a1fc-42a4-b5ce-4922820de60a@group-FD33B9583E3C-LeaderElection69] INFO  impl.RoleInfo (RoleInfo.java:updateAndGet(143)) - 681edbc6-a1fc-42a4-b5ce-4922820de60a: start FollowerState
2019-10-18 14:30:25,948 [Thread-837] INFO  impl.FollowerState (FollowerState.java:run(108)) - 681edbc6-a1fc-42a4-b5ce-4922820de60a@group-FD33B9583E3C-FollowerState: change to CANDIDATE, lastRpcTime:103ms, electionTimeout:103ms
2019-10-18 14:30:25,948 [Thread-837] INFO  impl.RoleInfo (RoleInfo.java:shutdownFollowerState(121)) - 681edbc6-a1fc-42a4-b5ce-4922820de60a: shutdown FollowerState
2019-10-18 14:30:25,948 [Thread-837] INFO  impl.RaftServerImpl (RaftServerImpl.java:setRole(184)) - 681edbc6-a1fc-42a4-b5ce-4922820de60a@group-FD33B9583E3C: changes role from  FOLLOWER to CANDIDATE at term 59 for changeToCandidate
2019-10-18 14:30:25,948 [Thread-837] INFO  impl.RoleInfo (RoleInfo.java:updateAndGet(143)) - 681edbc6-a1fc-42a4-b5ce-4922820de60a: start LeaderElection
2019-10-18 14:30:25,962 [681edbc6-a1fc-42a4-b5ce-4922820de60a@group-FD33B9583E3C-LeaderElection70] INFO  impl.LeaderElection (LeaderElection.java:askForVotes(178)) - 681edbc6-a1fc-42a4-b5ce-4922820de60a@group-FD33B9583E3C-LeaderElection70: begin an election at term 60 for -1: [3ee7b367-7b16-44e1-99f8-43aefeda0876:192.168.164.233:46080, 681edbc6-a1fc-42a4-b5ce-4922820de60a:192.168.164.233:44267, 773cce60-eeca-4c1f-a5ec-70084be8b6b9:192.168.164.233:38729], old=null
2019-10-18 14:30:25,964 [grpc-default-executor-1] INFO  impl.RaftServerImpl (RaftServerImpl.java:setRole(184)) - 773cce60-eeca-4c1f-a5ec-70084be8b6b9@group-FD33B9583E3C: changes role from  FOLLOWER to FOLLOWER at term 60 for recognizeCandidate:681edbc6-a1fc-42a4-b5ce-4922820de60a
2019-10-18 14:30:25,964 [grpc-default-executor-4] INFO  impl.RaftServerImpl (RaftServerImpl.java:setRole(184)) - 3ee7b367-7b16-44e1-99f8-43aefeda0876@group-FD33B9583E3C: changes role from  FOLLOWER to FOLLOWER at term 60 for recognizeCandidate:681edbc6-a1fc-42a4-b5ce-4922820de60a
2019-10-18 14:30:25,964 [grpc-default-executor-1] INFO  impl.RoleInfo (RoleInfo.java:shutdownFollowerState(121)) - 773cce60-eeca-4c1f-a5ec-70084be8b6b9: shutdown FollowerState
2019-10-18 14:30:25,964 [grpc-default-executor-4] INFO  impl.RoleInfo (RoleInfo.java:shutdownFollowerState(121)) - 3ee7b367-7b16-44e1-99f8-43aefeda0876: shutdown FollowerState
2019-10-18 14:30:25,965 [Thread-836] INFO  impl.FollowerState (FollowerState.java:run(117)) - 773cce60-eeca-4c1f-a5ec-70084be8b6b9@group-FD33B9583E3C-FollowerState was interrupted: java.lang.InterruptedException: sleep interrupted
2019-10-18 14:30:25,965 [grpc-default-executor-1] INFO  impl.RoleInfo (RoleInfo.java:updateAndGet(143)) - 773cce60-eeca-4c1f-a5ec-70084be8b6b9: start FollowerState
2019-10-18 14:30:25,965 [Thread-835] INFO  impl.FollowerState (FollowerState.java:run(117)) - 3ee7b367-7b16-44e1-99f8-43aefeda0876@group-FD33B9583E3C-FollowerState was interrupted: java.lang.InterruptedException: sleep interrupted
2019-10-18 14:30:25,965 [grpc-default-executor-4] INFO  impl.RoleInfo (RoleInfo.java:updateAndGet(143)) - 3ee7b367-7b16-44e1-99f8-43aefeda0876: start FollowerState
2019-10-18 14:30:25,980 [681edbc6-a1fc-42a4-b5ce-4922820de60a@group-FD33B9583E3C-LeaderElection70] INFO  impl.LeaderElection (LeaderElection.java:logAndReturn(56)) - 681edbc6-a1fc-42a4-b5ce-4922820de60a@group-FD33B9583E3C-LeaderElection70: Election REJECTED; received 2 response(s) [681edbc6-a1fc-42a4-b5ce-4922820de60a<-3ee7b367-7b16-44e1-99f8-43aefeda0876#0:FAIL-t60, 681edbc6-a1fc-42a4-b5ce-4922820de60a<-773cce60-eeca-4c1f-a5ec-70084be8b6b9#0:FAIL-t60] and 0 exception(s); 681edbc6-a1fc-42a4-b5ce-4922820de60a@group-FD33B9583E3C:t60, leader=null, voted=681edbc6-a1fc-42a4-b5ce-4922820de60a, raftlog=681edbc6-a1fc-42a4-b5ce-4922820de60a@group-FD33B9583E3C-SegmentedRaftLog:OPENED:c-1,f-1,i0, conf=-1: [3ee7b367-7b16-44e1-99f8-43aefeda0876:192.168.164.233:46080, 681edbc6-a1fc-42a4-b5ce-4922820de60a:192.168.164.233:44267, 773cce60-eeca-4c1f-a5ec-70084be8b6b9:192.168.164.233:38729], old=null
2019-10-18 14:30:25,980 [681edbc6-a1fc-42a4-b5ce-4922820de60a@group-FD33B9583E3C-LeaderElection70] INFO  impl.RaftServerImpl (RaftServerImpl.java:setRole(184)) - 681edbc6-a1fc-42a4-b5ce-4922820de60a@group-FD33B9583E3C: changes role from CANDIDATE to FOLLOWER at term 60 for DISCOVERED_A_NEW_TERM
2019-10-18 14:30:25,980 [681edbc6-a1fc-42a4-b5ce-4922820de60a@group-FD33B9583E3C-LeaderElection70] INFO  impl.RoleInfo (RoleInfo.java:shutdownLeaderElection(134)) - 681edbc6-a1fc-42a4-b5ce-4922820de60a: shutdown LeaderElection
2019-10-18 14:30:25,980 [681edbc6-a1fc-42a4-b5ce-4922820de60a@group-FD33B9583E3C-LeaderElection70] INFO  impl.RoleInfo (RoleInfo.java:updateAndGet(143)) - 681edbc6-a1fc-42a4-b5ce-4922820de60a: start FollowerState
2019-10-18 14:30:26,064 [Thread-847] INFO  impl.FollowerState (FollowerState.java:run(108)) - 681edbc6-a1fc-42a4-b5ce-4922820de60a@group-FD33B9583E3C-FollowerState: change to CANDIDATE, lastRpcTime:83ms, electionTimeout:83ms
2019-10-18 14:30:26,064 [Thread-847] INFO  impl.RoleInfo (RoleInfo.java:shutdownFollowerState(121)) - 681edbc6-a1fc-42a4-b5ce-4922820de60a: shutdown FollowerState
2019-10-18 14:30:26,064 [Thread-847] INFO  impl.RaftServerImpl (RaftServerImpl.java:setRole(184)) - 681edbc6-a1fc-42a4-b5ce-4922820de60a@group-FD33B9583E3C: changes role from  FOLLOWER to CANDIDATE at term 60 for changeToCandidate
2019-10-18 14:30:26,064 [Thread-847] INFO  impl.RoleInfo (RoleInfo.java:updateAndGet(143)) - 681edbc6-a1fc-42a4-b5ce-4922820de60a: start LeaderElection
2019-10-18 14:30:26,078 [681edbc6-a1fc-42a4-b5ce-4922820de60a@group-FD33B9583E3C-LeaderElection71] INFO  impl.LeaderElection (LeaderElection.java:askForVotes(178)) - 681edbc6-a1fc-42a4-b5ce-4922820de60a@group-FD33B9583E3C-LeaderElection71: begin an election at term 61 for -1: [3ee7b367-7b16-44e1-99f8-43aefeda0876:192.168.164.233:46080, 681edbc6-a1fc-42a4-b5ce-4922820de60a:192.168.164.233:44267, 773cce60-eeca-4c1f-a5ec-70084be8b6b9:192.168.164.233:38729], old=null
2019-10-18 14:30:26,080 [grpc-default-executor-1] INFO  impl.RaftServerImpl (RaftServerImpl.java:setRole(184)) - 3ee7b367-7b16-44e1-99f8-43aefeda0876@group-FD33B9583E3C: changes role from  FOLLOWER to FOLLOWER at term 61 for recognizeCandidate:681edbc6-a1fc-42a4-b5ce-4922820de60a
2019-10-18 14:30:26,081 [grpc-default-executor-4] INFO  impl.RaftServerImpl (RaftServerImpl.java:setRole(184)) - 773cce60-eeca-4c1f-a5ec-70084be8b6b9@group-FD33B9583E3C: changes role from  FOLLOWER to FOLLOWER at term 61 for recognizeCandidate:681edbc6-a1fc-42a4-b5ce-4922820de60a
2019-10-18 14:30:26,081 [grpc-default-executor-1] INFO  impl.RoleInfo (RoleInfo.java:shutdownFollowerState(121)) - 3ee7b367-7b16-44e1-99f8-43aefeda0876: shutdown FollowerState
2019-10-18 14:30:26,081 [grpc-default-executor-4] INFO  impl.RoleInfo (RoleInfo.java:shutdownFollowerState(121)) - 773cce60-eeca-4c1f-a5ec-70084be8b6b9: shutdown FollowerState
2019-10-18 14:30:26,081 [Thread-846] INFO  impl.FollowerState (FollowerState.java:run(117)) - 3ee7b367-7b16-44e1-99f8-43aefeda0876@group-FD33B9583E3C-FollowerState was interrupted: java.lang.InterruptedException: sleep interrupted
2019-10-18 14:30:26,081 [grpc-default-executor-1] INFO  impl.RoleInfo (RoleInfo.java:updateAndGet(143)) - 3ee7b367-7b16-44e1-99f8-43aefeda0876: start FollowerState
2019-10-18 14:30:26,081 [Thread-845] INFO  impl.FollowerState (FollowerState.java:run(117)) - 773cce60-eeca-4c1f-a5ec-70084be8b6b9@group-FD33B9583E3C-FollowerState was interrupted: java.lang.InterruptedException: sleep interrupted
2019-10-18 14:30:26,081 [grpc-default-executor-4] INFO  impl.RoleInfo (RoleInfo.java:updateAndGet(143)) - 773cce60-eeca-4c1f-a5ec-70084be8b6b9: start FollowerState
2019-10-18 14:30:26,097 [681edbc6-a1fc-42a4-b5ce-4922820de60a@group-FD33B9583E3C-LeaderElection71] INFO  impl.LeaderElection (LeaderElection.java:logAndReturn(56)) - 681edbc6-a1fc-42a4-b5ce-4922820de60a@group-FD33B9583E3C-LeaderElection71: Election REJECTED; received 2 response(s) [681edbc6-a1fc-42a4-b5ce-4922820de60a<-3ee7b367-7b16-44e1-99f8-43aefeda0876#0:FAIL-t61, 681edbc6-a1fc-42a4-b5ce-4922820de60a<-773cce60-eeca-4c1f-a5ec-70084be8b6b9#0:FAIL-t61] and 0 exception(s); 681edbc6-a1fc-42a4-b5ce-4922820de60a@group-FD33B9583E3C:t61, leader=null, voted=681edbc6-a1fc-42a4-b5ce-4922820de60a, raftlog=681edbc6-a1fc-42a4-b5ce-4922820de60a@group-FD33B9583E3C-SegmentedRaftLog:OPENED:c-1,f-1,i0, conf=-1: [3ee7b367-7b16-44e1-99f8-43aefeda0876:192.168.164.233:46080, 681edbc6-a1fc-42a4-b5ce-4922820de60a:192.168.164.233:44267, 773cce60-eeca-4c1f-a5ec-70084be8b6b9:192.168.164.233:38729], old=null
2019-10-18 14:30:26,097 [681edbc6-a1fc-42a4-b5ce-4922820de60a@group-FD33B9583E3C-LeaderElection71] INFO  impl.RaftServerImpl (RaftServerImpl.java:setRole(184)) - 681edbc6-a1fc-42a4-b5ce-4922820de60a@group-FD33B9583E3C: changes role from CANDIDATE to FOLLOWER at term 61 for DISCOVERED_A_NEW_TERM
2019-10-18 14:30:26,097 [681edbc6-a1fc-42a4-b5ce-4922820de60a@group-FD33B9583E3C-LeaderElection71] INFO  impl.RoleInfo (RoleInfo.java:shutdownLeaderElection(134)) - 681edbc6-a1fc-42a4-b5ce-4922820de60a: shutdown LeaderElection
2019-10-18 14:30:26,097 [681edbc6-a1fc-42a4-b5ce-4922820de60a@group-FD33B9583E3C-LeaderElection71] INFO  impl.RoleInfo (RoleInfo.java:updateAndGet(143)) - 681edbc6-a1fc-42a4-b5ce-4922820de60a: start FollowerState
2019-10-18 14:30:26,097 [Thread-853] INFO  impl.FollowerState (FollowerState.java:run(108)) - 681edbc6-a1fc-42a4-b5ce-4922820de60a@group-FD33B9583E3C-FollowerState: change to CANDIDATE, lastRpcTime:0ms, electionTimeout:0ms
2019-10-18 14:30:26,098 [Thread-853] INFO  impl.RoleInfo (RoleInfo.java:shutdownFollowerState(121)) - 681edbc6-a1fc-42a4-b5ce-4922820de60a: shutdown FollowerState
2019-10-18 14:30:26,098 [Thread-853] INFO  impl.RaftServerImpl (RaftServerImpl.java:setRole(184)) - 681edbc6-a1fc-42a4-b5ce-4922820de60a@group-FD33B9583E3C: changes role from  FOLLOWER to CANDIDATE at term 61 for changeToCandidate
2019-10-18 14:30:26,098 [Thread-853] INFO  impl.RoleInfo (RoleInfo.java:updateAndGet(143)) - 681edbc6-a1fc-42a4-b5ce-4922820de60a: start LeaderElection
2019-10-18 14:30:26,113 [681edbc6-a1fc-42a4-b5ce-4922820de60a@group-FD33B9583E3C-LeaderElection72] INFO  impl.LeaderElection (LeaderElection.java:askForVotes(178)) - 681edbc6-a1fc-42a4-b5ce-4922820de60a@group-FD33B9583E3C-LeaderElection72: begin an election at term 62 for -1: [3ee7b367-7b16-44e1-99f8-43aefeda0876:192.168.164.233:46080, 681edbc6-a1fc-42a4-b5ce-4922820de60a:192.168.164.233:44267, 773cce60-eeca-4c1f-a5ec-70084be8b6b9:192.168.164.233:38729], old=null
2019-10-18 14:30:26,116 [grpc-default-executor-4] INFO  impl.RaftServerImpl (RaftServerImpl.java:setRole(184)) - 773cce60-eeca-4c1f-a5ec-70084be8b6b9@group-FD33B9583E3C: changes role from  FOLLOWER to FOLLOWER at term 62 for recognizeCandidate:681edbc6-a1fc-42a4-b5ce-4922820de60a
2019-10-18 14:30:26,116 [grpc-default-executor-4] INFO  impl.RoleInfo (RoleInfo.java:shutdownFollowerState(121)) - 773cce60-eeca-4c1f-a5ec-70084be8b6b9: shutdown FollowerState
2019-10-18 14:30:26,116 [grpc-default-executor-1] INFO  impl.RaftServerImpl (RaftServerImpl.java:setRole(184)) - 3ee7b367-7b16-44e1-99f8-43aefeda0876@group-FD33B9583E3C: changes role from  FOLLOWER to FOLLOWER at term 62 for recognizeCandidate:681edbc6-a1fc-42a4-b5ce-4922820de60a
2019-10-18 14:30:26,116 [Thread-852] INFO  impl.FollowerState (FollowerState.java:run(117)) - 773cce60-eeca-4c1f-a5ec-70084be8b6b9@group-FD33B9583E3C-FollowerState was interrupted: java.lang.InterruptedException: sleep interrupted
2019-10-18 14:30:26,116 [grpc-default-executor-4] INFO  impl.RoleInfo (RoleInfo.java:updateAndGet(143)) - 773cce60-eeca-4c1f-a5ec-70084be8b6b9: start FollowerState
2019-10-18 14:30:26,116 [grpc-default-executor-1] INFO  impl.RoleInfo (RoleInfo.java:shutdownFollowerState(121)) - 3ee7b367-7b16-44e1-99f8-43aefeda0876: shutdown FollowerState
2019-10-18 14:30:26,117 [grpc-default-executor-1] INFO  impl.RoleInfo (RoleInfo.java:updateAndGet(143)) - 3ee7b367-7b16-44e1-99f8-43aefeda0876: start FollowerState
2019-10-18 14:30:26,117 [Thread-851] INFO  impl.FollowerState (FollowerState.java:run(117)) - 3ee7b367-7b16-44e1-99f8-43aefeda0876@group-FD33B9583E3C-FollowerState was interrupted: java.lang.InterruptedException: sleep interrupted
2019-10-18 14:30:26,125 [681edbc6-a1fc-42a4-b5ce-4922820de60a@group-FD33B9583E3C-LeaderElection72] INFO  impl.LeaderElection (LeaderElection.java:logAndReturn(56)) - 681edbc6-a1fc-42a4-b5ce-4922820de60a@group-FD33B9583E3C-LeaderElection72: Election REJECTED; received 2 response(s) [681edbc6-a1fc-42a4-b5ce-4922820de60a<-3ee7b367-7b16-44e1-99f8-43aefeda0876#0:FAIL-t62, 681edbc6-a1fc-42a4-b5ce-4922820de60a<-773cce60-eeca-4c1f-a5ec-70084be8b6b9#0:FAIL-t62] and 0 exception(s); 681edbc6-a1fc-42a4-b5ce-4922820de60a@group-FD33B9583E3C:t62, leader=null, voted=681edbc6-a1fc-42a4-b5ce-4922820de60a, raftlog=681edbc6-a1fc-42a4-b5ce-4922820de60a@group-FD33B9583E3C-SegmentedRaftLog:OPENED:c-1,f-1,i0, conf=-1: [3ee7b367-7b16-44e1-99f8-43aefeda0876:192.168.164.233:46080, 681edbc6-a1fc-42a4-b5ce-4922820de60a:192.168.164.233:44267, 773cce60-eeca-4c1f-a5ec-70084be8b6b9:192.168.164.233:38729], old=null
2019-10-18 14:30:26,125 [681edbc6-a1fc-42a4-b5ce-4922820de60a@group-FD33B9583E3C-LeaderElection72] INFO  impl.RaftServerImpl (RaftServerImpl.java:setRole(184)) - 681edbc6-a1fc-42a4-b5ce-4922820de60a@group-FD33B9583E3C: changes role from CANDIDATE to FOLLOWER at term 62 for DISCOVERED_A_NEW_TERM
2019-10-18 14:30:26,125 [681edbc6-a1fc-42a4-b5ce-4922820de60a@group-FD33B9583E3C-LeaderElection72] INFO  impl.RoleInfo (RoleInfo.java:shutdownLeaderElection(134)) - 681edbc6-a1fc-42a4-b5ce-4922820de60a: shutdown LeaderElection
2019-10-18 14:30:26,126 [681edbc6-a1fc-42a4-b5ce-4922820de60a@group-FD33B9583E3C-LeaderElection72] INFO  impl.RoleInfo (RoleInfo.java:updateAndGet(143)) - 681edbc6-a1fc-42a4-b5ce-4922820de60a: start FollowerState
2019-10-18 14:30:26,184 [Thread-859] INFO  impl.FollowerState (FollowerState.java:run(108)) - 681edbc6-a1fc-42a4-b5ce-4922820de60a@group-FD33B9583E3C-FollowerState: change to CANDIDATE, lastRpcTime:58ms, electionTimeout:58ms
2019-10-18 14:30:26,184 [Thread-859] INFO  impl.RoleInfo (RoleInfo.java:shutdownFollowerState(121)) - 681edbc6-a1fc-42a4-b5ce-4922820de60a: shutdown FollowerState
2019-10-18 14:30:26,184 [Thread-859] INFO  impl.RaftServerImpl (RaftServerImpl.java:setRole(184)) - 681edbc6-a1fc-42a4-b5ce-4922820de60a@group-FD33B9583E3C: changes role from  FOLLOWER to CANDIDATE at term 62 for changeToCandidate
2019-10-18 14:30:26,185 [Thread-859] INFO  impl.RoleInfo (RoleInfo.java:updateAndGet(143)) - 681edbc6-a1fc-42a4-b5ce-4922820de60a: start LeaderElection
2019-10-18 14:30:26,199 [681edbc6-a1fc-42a4-b5ce-4922820de60a@group-FD33B9583E3C-LeaderElection73] INFO  impl.LeaderElection (LeaderElection.java:askForVotes(178)) - 681edbc6-a1fc-42a4-b5ce-4922820de60a@group-FD33B9583E3C-LeaderElection73: begin an election at term 63 for -1: [3ee7b367-7b16-44e1-99f8-43aefeda0876:192.168.164.233:46080, 681edbc6-a1fc-42a4-b5ce-4922820de60a:192.168.164.233:44267, 773cce60-eeca-4c1f-a5ec-70084be8b6b9:192.168.164.233:38729], old=null
2019-10-18 14:30:26,201 [grpc-default-executor-4] INFO  impl.RaftServerImpl (RaftServerImpl.java:setRole(184)) - 3ee7b367-7b16-44e1-99f8-43aefeda0876@group-FD33B9583E3C: changes role from  FOLLOWER to FOLLOWER at term 63 for recognizeCandidate:681edbc6-a1fc-42a4-b5ce-4922820de60a
2019-10-18 14:30:26,201 [grpc-default-executor-4] INFO  impl.RoleInfo (RoleInfo.java:shutdownFollowerState(121)) - 3ee7b367-7b16-44e1-99f8-43aefeda0876: shutdown FollowerState
2019-10-18 14:30:26,201 [grpc-default-executor-1] INFO  impl.RaftServerImpl (RaftServerImpl.java:setRole(184)) - 773cce60-eeca-4c1f-a5ec-70084be8b6b9@group-FD33B9583E3C: changes role from  FOLLOWER to FOLLOWER at term 63 for recognizeCandidate:681edbc6-a1fc-42a4-b5ce-4922820de60a
2019-10-18 14:30:26,202 [Thread-858] INFO  impl.FollowerState (FollowerState.java:run(117)) - 3ee7b367-7b16-44e1-99f8-43aefeda0876@group-FD33B9583E3C-FollowerState was interrupted: java.lang.InterruptedException: sleep interrupted
2019-10-18 14:30:26,202 [grpc-default-executor-4] INFO  impl.RoleInfo (RoleInfo.java:updateAndGet(143)) - 3ee7b367-7b16-44e1-99f8-43aefeda0876: start FollowerState
2019-10-18 14:30:26,202 [grpc-default-executor-1] INFO  impl.RoleInfo (RoleInfo.java:shutdownFollowerState(121)) - 773cce60-eeca-4c1f-a5ec-70084be8b6b9: shutdown FollowerState
2019-10-18 14:30:26,202 [grpc-default-executor-1] INFO  impl.RoleInfo (RoleInfo.java:updateAndGet(143)) - 773cce60-eeca-4c1f-a5ec-70084be8b6b9: start FollowerState
2019-10-18 14:30:26,202 [Thread-857] INFO  impl.FollowerState (FollowerState.java:run(117)) - 773cce60-eeca-4c1f-a5ec-70084be8b6b9@group-FD33B9583E3C-FollowerState was interrupted: java.lang.InterruptedException: sleep interrupted
2019-10-18 14:30:26,217 [681edbc6-a1fc-42a4-b5ce-4922820de60a@group-FD33B9583E3C-LeaderElection73] INFO  impl.LeaderElection (LeaderElection.java:logAndReturn(56)) - 681edbc6-a1fc-42a4-b5ce-4922820de60a@group-FD33B9583E3C-LeaderElection73: Election REJECTED; received 2 response(s) [681edbc6-a1fc-42a4-b5ce-4922820de60a<-3ee7b367-7b16-44e1-99f8-43aefeda0876#0:FAIL-t63, 681edbc6-a1fc-42a4-b5ce-4922820de60a<-773cce60-eeca-4c1f-a5ec-70084be8b6b9#0:FAIL-t63] and 0 exception(s); 681edbc6-a1fc-42a4-b5ce-4922820de60a@group-FD33B9583E3C:t63, leader=null, voted=681edbc6-a1fc-42a4-b5ce-4922820de60a, raftlog=681edbc6-a1fc-42a4-b5ce-4922820de60a@group-FD33B9583E3C-SegmentedRaftLog:OPENED:c-1,f-1,i0, conf=-1: [3ee7b367-7b16-44e1-99f8-43aefeda0876:192.168.164.233:46080, 681edbc6-a1fc-42a4-b5ce-4922820de60a:192.168.164.233:44267, 773cce60-eeca-4c1f-a5ec-70084be8b6b9:192.168.164.233:38729], old=null
2019-10-18 14:30:26,217 [681edbc6-a1fc-42a4-b5ce-4922820de60a@group-FD33B9583E3C-LeaderElection73] INFO  impl.RaftServerImpl (RaftServerImpl.java:setRole(184)) - 681edbc6-a1fc-42a4-b5ce-4922820de60a@group-FD33B9583E3C: changes role from CANDIDATE to FOLLOWER at term 63 for DISCOVERED_A_NEW_TERM
2019-10-18 14:30:26,217 [681edbc6-a1fc-42a4-b5ce-4922820de60a@group-FD33B9583E3C-LeaderElection73] INFO  impl.RoleInfo (RoleInfo.java:shutdownLeaderElection(134)) - 681edbc6-a1fc-42a4-b5ce-4922820de60a: shutdown LeaderElection
2019-10-18 14:30:26,217 [681edbc6-a1fc-42a4-b5ce-4922820de60a@group-FD33B9583E3C-LeaderElection73] INFO  impl.RoleInfo (RoleInfo.java:updateAndGet(143)) - 681edbc6-a1fc-42a4-b5ce-4922820de60a: start FollowerState
2019-10-18 14:30:26,405 [Thread-865] INFO  impl.FollowerState (FollowerState.java:run(108)) - 681edbc6-a1fc-42a4-b5ce-4922820de60a@group-FD33B9583E3C-FollowerState: change to CANDIDATE, lastRpcTime:188ms, electionTimeout:188ms
2019-10-18 14:30:26,406 [Thread-865] INFO  impl.RoleInfo (RoleInfo.java:shutdownFollowerState(121)) - 681edbc6-a1fc-42a4-b5ce-4922820de60a: shutdown FollowerState
2019-10-18 14:30:26,406 [Thread-865] INFO  impl.RaftServerImpl (RaftServerImpl.java:setRole(184)) - 681edbc6-a1fc-42a4-b5ce-4922820de60a@group-FD33B9583E3C: changes role from  FOLLOWER to CANDIDATE at term 63 for changeToCandidate
2019-10-18 14:30:26,406 [Thread-865] INFO  impl.RoleInfo (RoleInfo.java:updateAndGet(143)) - 681edbc6-a1fc-42a4-b5ce-4922820de60a: start LeaderElection
2019-10-18 14:30:26,420 [681edbc6-a1fc-42a4-b5ce-4922820de60a@group-FD33B9583E3C-LeaderElection74] INFO  impl.LeaderElection (LeaderElection.java:askForVotes(178)) - 681edbc6-a1fc-42a4-b5ce-4922820de60a@group-FD33B9583E3C-LeaderElection74: begin an election at term 64 for -1: [3ee7b367-7b16-44e1-99f8-43aefeda0876:192.168.164.233:46080, 681edbc6-a1fc-42a4-b5ce-4922820de60a:192.168.164.233:44267, 773cce60-eeca-4c1f-a5ec-70084be8b6b9:192.168.164.233:38729], old=null
2019-10-18 14:30:26,423 [grpc-default-executor-4] INFO  impl.RaftServerImpl (RaftServerImpl.java:setRole(184)) - 773cce60-eeca-4c1f-a5ec-70084be8b6b9@group-FD33B9583E3C: changes role from  FOLLOWER to FOLLOWER at term 64 for recognizeCandidate:681edbc6-a1fc-42a4-b5ce-4922820de60a
2019-10-18 14:30:26,423 [grpc-default-executor-1] INFO  impl.RaftServerImpl (RaftServerImpl.java:setRole(184)) - 3ee7b367-7b16-44e1-99f8-43aefeda0876@group-FD33B9583E3C: changes role from  FOLLOWER to FOLLOWER at term 64 for recognizeCandidate:681edbc6-a1fc-42a4-b5ce-4922820de60a
2019-10-18 14:30:26,423 [grpc-default-executor-4] INFO  impl.RoleInfo (RoleInfo.java:shutdownFollowerState(121)) - 773cce60-eeca-4c1f-a5ec-70084be8b6b9: shutdown FollowerState
2019-10-18 14:30:26,423 [grpc-default-executor-1] INFO  impl.RoleInfo (RoleInfo.java:shutdownFollowerState(121)) - 3ee7b367-7b16-44e1-99f8-43aefeda0876: shutdown FollowerState
2019-10-18 14:30:26,424 [Thread-864] INFO  impl.FollowerState (FollowerState.java:run(117)) - 773cce60-eeca-4c1f-a5ec-70084be8b6b9@group-FD33B9583E3C-FollowerState was interrupted: java.lang.InterruptedException: sleep interrupted
2019-10-18 14:30:26,424 [Thread-863] INFO  impl.FollowerState (FollowerState.java:run(117)) - 3ee7b367-7b16-44e1-99f8-43aefeda0876@group-FD33B9583E3C-FollowerState was interrupted: java.lang.InterruptedException: sleep interrupted
2019-10-18 14:30:26,424 [grpc-default-executor-4] INFO  impl.RoleInfo (RoleInfo.java:updateAndGet(143)) - 773cce60-eeca-4c1f-a5ec-70084be8b6b9: start FollowerState
2019-10-18 14:30:26,424 [grpc-default-executor-1] INFO  impl.RoleInfo (RoleInfo.java:updateAndGet(143)) - 3ee7b367-7b16-44e1-99f8-43aefeda0876: start FollowerState
2019-10-18 14:30:26,439 [681edbc6-a1fc-42a4-b5ce-4922820de60a@group-FD33B9583E3C-LeaderElection74] INFO  impl.LeaderElection (LeaderElection.java:logAndReturn(56)) - 681edbc6-a1fc-42a4-b5ce-4922820de60a@group-FD33B9583E3C-LeaderElection74: Election REJECTED; received 2 response(s) [681edbc6-a1fc-42a4-b5ce-4922820de60a<-3ee7b367-7b16-44e1-99f8-43aefeda0876#0:FAIL-t64, 681edbc6-a1fc-42a4-b5ce-4922820de60a<-773cce60-eeca-4c1f-a5ec-70084be8b6b9#0:FAIL-t64] and 0 exception(s); 681edbc6-a1fc-42a4-b5ce-4922820de60a@group-FD33B9583E3C:t64, leader=null, voted=681edbc6-a1fc-42a4-b5ce-4922820de60a, raftlog=681edbc6-a1fc-42a4-b5ce-4922820de60a@group-FD33B9583E3C-SegmentedRaftLog:OPENED:c-1,f-1,i0, conf=-1: [3ee7b367-7b16-44e1-99f8-43aefeda0876:192.168.164.233:46080, 681edbc6-a1fc-42a4-b5ce-4922820de60a:192.168.164.233:44267, 773cce60-eeca-4c1f-a5ec-70084be8b6b9:192.168.164.233:38729], old=null
2019-10-18 14:30:26,439 [681edbc6-a1fc-42a4-b5ce-4922820de60a@group-FD33B9583E3C-LeaderElection74] INFO  impl.RaftServerImpl (RaftServerImpl.java:setRole(184)) - 681edbc6-a1fc-42a4-b5ce-4922820de60a@group-FD33B9583E3C: changes role from CANDIDATE to FOLLOWER at term 64 for DISCOVERED_A_NEW_TERM
2019-10-18 14:30:26,440 [681edbc6-a1fc-42a4-b5ce-4922820de60a@group-FD33B9583E3C-LeaderElection74] INFO  impl.RoleInfo (RoleInfo.java:shutdownLeaderElection(134)) - 681edbc6-a1fc-42a4-b5ce-4922820de60a: shutdown LeaderElection
2019-10-18 14:30:26,440 [681edbc6-a1fc-42a4-b5ce-4922820de60a@group-FD33B9583E3C-LeaderElection74] INFO  impl.RoleInfo (RoleInfo.java:updateAndGet(143)) - 681edbc6-a1fc-42a4-b5ce-4922820de60a: start FollowerState
2019-10-18 14:30:26,448 [Thread-875] INFO  impl.FollowerState (FollowerState.java:run(108)) - 681edbc6-a1fc-42a4-b5ce-4922820de60a@group-FD33B9583E3C-FollowerState: change to CANDIDATE, lastRpcTime:8ms, electionTimeout:8ms
2019-10-18 14:30:26,448 [Thread-875] INFO  impl.RoleInfo (RoleInfo.java:shutdownFollowerState(121)) - 681edbc6-a1fc-42a4-b5ce-4922820de60a: shutdown FollowerState
2019-10-18 14:30:26,448 [Thread-875] INFO  impl.RaftServerImpl (RaftServerImpl.java:setRole(184)) - 681edbc6-a1fc-42a4-b5ce-4922820de60a@group-FD33B9583E3C: changes role from  FOLLOWER to CANDIDATE at term 64 for changeToCandidate
2019-10-18 14:30:26,449 [Thread-875] INFO  impl.RoleInfo (RoleInfo.java:updateAndGet(143)) - 681edbc6-a1fc-42a4-b5ce-4922820de60a: start LeaderElection
2019-10-18 14:30:26,462 [681edbc6-a1fc-42a4-b5ce-4922820de60a@group-FD33B9583E3C-LeaderElection75] INFO  impl.LeaderElection (LeaderElection.java:askForVotes(178)) - 681edbc6-a1fc-42a4-b5ce-4922820de60a@group-FD33B9583E3C-LeaderElection75: begin an election at term 65 for -1: [3ee7b367-7b16-44e1-99f8-43aefeda0876:192.168.164.233:46080, 681edbc6-a1fc-42a4-b5ce-4922820de60a:192.168.164.233:44267, 773cce60-eeca-4c1f-a5ec-70084be8b6b9:192.168.164.233:38729], old=null
2019-10-18 14:30:26,464 [grpc-default-executor-4] INFO  impl.RaftServerImpl (RaftServerImpl.java:setRole(184)) - 773cce60-eeca-4c1f-a5ec-70084be8b6b9@group-FD33B9583E3C: changes role from  FOLLOWER to FOLLOWER at term 65 for recognizeCandidate:681edbc6-a1fc-42a4-b5ce-4922820de60a
2019-10-18 14:30:26,464 [grpc-default-executor-4] INFO  impl.RoleInfo (RoleInfo.java:shutdownFollowerState(121)) - 773cce60-eeca-4c1f-a5ec-70084be8b6b9: shutdown FollowerState
2019-10-18 14:30:26,464 [grpc-default-executor-1] INFO  impl.RaftServerImpl (RaftServerImpl.java:setRole(184)) - 3ee7b367-7b16-44e1-99f8-43aefeda0876@group-FD33B9583E3C: changes role from  FOLLOWER to FOLLOWER at term 65 for recognizeCandidate:681edbc6-a1fc-42a4-b5ce-4922820de60a
2019-10-18 14:30:26,465 [Thread-873] INFO  impl.FollowerState (FollowerState.java:run(117)) - 773cce60-eeca-4c1f-a5ec-70084be8b6b9@group-FD33B9583E3C-FollowerState was interrupted: java.lang.InterruptedException: sleep interrupted
2019-10-18 14:30:26,465 [grpc-default-executor-4] INFO  impl.RoleInfo (RoleInfo.java:updateAndGet(143)) - 773cce60-eeca-4c1f-a5ec-70084be8b6b9: start FollowerState
2019-10-18 14:30:26,465 [grpc-default-executor-1] INFO  impl.RoleInfo (RoleInfo.java:shutdownFollowerState(121)) - 3ee7b367-7b16-44e1-99f8-43aefeda0876: shutdown FollowerState
2019-10-18 14:30:26,465 [grpc-default-executor-1] INFO  impl.RoleInfo (RoleInfo.java:updateAndGet(143)) - 3ee7b367-7b16-44e1-99f8-43aefeda0876: start FollowerState
2019-10-18 14:30:26,465 [Thread-874] INFO  impl.FollowerState (FollowerState.java:run(117)) - 3ee7b367-7b16-44e1-99f8-43aefeda0876@group-FD33B9583E3C-FollowerState was interrupted: java.lang.InterruptedException: sleep interrupted
2019-10-18 14:30:26,479 [681edbc6-a1fc-42a4-b5ce-4922820de60a@group-FD33B9583E3C-LeaderElection75] INFO  impl.LeaderElection (LeaderElection.java:logAndReturn(56)) - 681edbc6-a1fc-42a4-b5ce-4922820de60a@group-FD33B9583E3C-LeaderElection75: Election REJECTED; received 2 response(s) [681edbc6-a1fc-42a4-b5ce-4922820de60a<-3ee7b367-7b16-44e1-99f8-43aefeda0876#0:FAIL-t65, 681edbc6-a1fc-42a4-b5ce-4922820de60a<-773cce60-eeca-4c1f-a5ec-70084be8b6b9#0:FAIL-t65] and 0 exception(s); 681edbc6-a1fc-42a4-b5ce-4922820de60a@group-FD33B9583E3C:t65, leader=null, voted=681edbc6-a1fc-42a4-b5ce-4922820de60a, raftlog=681edbc6-a1fc-42a4-b5ce-4922820de60a@group-FD33B9583E3C-SegmentedRaftLog:OPENED:c-1,f-1,i0, conf=-1: [3ee7b367-7b16-44e1-99f8-43aefeda0876:192.168.164.233:46080, 681edbc6-a1fc-42a4-b5ce-4922820de60a:192.168.164.233:44267, 773cce60-eeca-4c1f-a5ec-70084be8b6b9:192.168.164.233:38729], old=null
2019-10-18 14:30:26,480 [681edbc6-a1fc-42a4-b5ce-4922820de60a@group-FD33B9583E3C-LeaderElection75] INFO  impl.RaftServerImpl (RaftServerImpl.java:setRole(184)) - 681edbc6-a1fc-42a4-b5ce-4922820de60a@group-FD33B9583E3C: changes role from CANDIDATE to FOLLOWER at term 65 for DISCOVERED_A_NEW_TERM
2019-10-18 14:30:26,480 [681edbc6-a1fc-42a4-b5ce-4922820de60a@group-FD33B9583E3C-LeaderElection75] INFO  impl.RoleInfo (RoleInfo.java:shutdownLeaderElection(134)) - 681edbc6-a1fc-42a4-b5ce-4922820de60a: shutdown LeaderElection
2019-10-18 14:30:26,480 [681edbc6-a1fc-42a4-b5ce-4922820de60a@group-FD33B9583E3C-LeaderElection75] INFO  impl.RoleInfo (RoleInfo.java:updateAndGet(143)) - 681edbc6-a1fc-42a4-b5ce-4922820de60a: start FollowerState
2019-10-18 14:30:26,666 [Thread-881] INFO  impl.FollowerState (FollowerState.java:run(108)) - 681edbc6-a1fc-42a4-b5ce-4922820de60a@group-FD33B9583E3C-FollowerState: change to CANDIDATE, lastRpcTime:186ms, electionTimeout:186ms
2019-10-18 14:30:26,667 [Thread-881] INFO  impl.RoleInfo (RoleInfo.java:shutdownFollowerState(121)) - 681edbc6-a1fc-42a4-b5ce-4922820de60a: shutdown FollowerState
2019-10-18 14:30:26,667 [Thread-881] INFO  impl.RaftServerImpl (RaftServerImpl.java:setRole(184)) - 681edbc6-a1fc-42a4-b5ce-4922820de60a@group-FD33B9583E3C: changes role from  FOLLOWER to CANDIDATE at term 65 for changeToCandidate
2019-10-18 14:30:26,667 [Thread-881] INFO  impl.RoleInfo (RoleInfo.java:updateAndGet(143)) - 681edbc6-a1fc-42a4-b5ce-4922820de60a: start LeaderElection
2019-10-18 14:30:26,682 [681edbc6-a1fc-42a4-b5ce-4922820de60a@group-FD33B9583E3C-LeaderElection76] INFO  impl.LeaderElection (LeaderElection.java:askForVotes(178)) - 681edbc6-a1fc-42a4-b5ce-4922820de60a@group-FD33B9583E3C-LeaderElection76: begin an election at term 66 for -1: [3ee7b367-7b16-44e1-99f8-43aefeda0876:192.168.164.233:46080, 681edbc6-a1fc-42a4-b5ce-4922820de60a:192.168.164.233:44267, 773cce60-eeca-4c1f-a5ec-70084be8b6b9:192.168.164.233:38729], old=null
2019-10-18 14:30:26,685 [grpc-default-executor-1] INFO  impl.RaftServerImpl (RaftServerImpl.java:setRole(184)) - 773cce60-eeca-4c1f-a5ec-70084be8b6b9@group-FD33B9583E3C: changes role from  FOLLOWER to FOLLOWER at term 66 for recognizeCandidate:681edbc6-a1fc-42a4-b5ce-4922820de60a
2019-10-18 14:30:26,686 [grpc-default-executor-1] INFO  impl.RoleInfo (RoleInfo.java:shutdownFollowerState(121)) - 773cce60-eeca-4c1f-a5ec-70084be8b6b9: shutdown FollowerState
2019-10-18 14:30:26,686 [grpc-default-executor-1] INFO  impl.RoleInfo (RoleInfo.java:updateAndGet(143)) - 773cce60-eeca-4c1f-a5ec-70084be8b6b9: start FollowerState
2019-10-18 14:30:26,686 [Thread-879] INFO  impl.FollowerState (FollowerState.java:run(117)) - 773cce60-eeca-4c1f-a5ec-70084be8b6b9@group-FD33B9583E3C-FollowerState was interrupted: java.lang.InterruptedException: sleep interrupted
2019-10-18 14:30:26,686 [grpc-default-executor-4] INFO  impl.RaftServerImpl (RaftServerImpl.java:setRole(184)) - 3ee7b367-7b16-44e1-99f8-43aefeda0876@group-FD33B9583E3C: changes role from  FOLLOWER to FOLLOWER at term 66 for recognizeCandidate:681edbc6-a1fc-42a4-b5ce-4922820de60a
2019-10-18 14:30:26,686 [grpc-default-executor-4] INFO  impl.RoleInfo (RoleInfo.java:shutdownFollowerState(121)) - 3ee7b367-7b16-44e1-99f8-43aefeda0876: shutdown FollowerState
2019-10-18 14:30:26,687 [grpc-default-executor-4] INFO  impl.RoleInfo (RoleInfo.java:updateAndGet(143)) - 3ee7b367-7b16-44e1-99f8-43aefeda0876: start FollowerState
2019-10-18 14:30:26,687 [Thread-880] INFO  impl.FollowerState (FollowerState.java:run(117)) - 3ee7b367-7b16-44e1-99f8-43aefeda0876@group-FD33B9583E3C-FollowerState was interrupted: java.lang.InterruptedException: sleep interrupted
2019-10-18 14:30:26,701 [681edbc6-a1fc-42a4-b5ce-4922820de60a@group-FD33B9583E3C-LeaderElection76] INFO  impl.LeaderElection (LeaderElection.java:logAndReturn(56)) - 681edbc6-a1fc-42a4-b5ce-4922820de60a@group-FD33B9583E3C-LeaderElection76: Election REJECTED; received 2 response(s) [681edbc6-a1fc-42a4-b5ce-4922820de60a<-3ee7b367-7b16-44e1-99f8-43aefeda0876#0:FAIL-t66, 681edbc6-a1fc-42a4-b5ce-4922820de60a<-773cce60-eeca-4c1f-a5ec-70084be8b6b9#0:FAIL-t66] and 0 exception(s); 681edbc6-a1fc-42a4-b5ce-4922820de60a@group-FD33B9583E3C:t66, leader=null, voted=681edbc6-a1fc-42a4-b5ce-4922820de60a, raftlog=681edbc6-a1fc-42a4-b5ce-4922820de60a@group-FD33B9583E3C-SegmentedRaftLog:OPENED:c-1,f-1,i0, conf=-1: [3ee7b367-7b16-44e1-99f8-43aefeda0876:192.168.164.233:46080, 681edbc6-a1fc-42a4-b5ce-4922820de60a:192.168.164.233:44267, 773cce60-eeca-4c1f-a5ec-70084be8b6b9:192.168.164.233:38729], old=null
2019-10-18 14:30:26,701 [681edbc6-a1fc-42a4-b5ce-4922820de60a@group-FD33B9583E3C-LeaderElection76] INFO  impl.RaftServerImpl (RaftServerImpl.java:setRole(184)) - 681edbc6-a1fc-42a4-b5ce-4922820de60a@group-FD33B9583E3C: changes role from CANDIDATE to FOLLOWER at term 66 for DISCOVERED_A_NEW_TERM
2019-10-18 14:30:26,701 [681edbc6-a1fc-42a4-b5ce-4922820de60a@group-FD33B9583E3C-LeaderElection76] INFO  impl.RoleInfo (RoleInfo.java:shutdownLeaderElection(134)) - 681edbc6-a1fc-42a4-b5ce-4922820de60a: shutdown LeaderElection
2019-10-18 14:30:26,701 [681edbc6-a1fc-42a4-b5ce-4922820de60a@group-FD33B9583E3C-LeaderElection76] INFO  impl.RoleInfo (RoleInfo.java:updateAndGet(143)) - 681edbc6-a1fc-42a4-b5ce-4922820de60a: start FollowerState
2019-10-18 14:30:26,884 [Thread-889] INFO  impl.FollowerState (FollowerState.java:run(108)) - 681edbc6-a1fc-42a4-b5ce-4922820de60a@group-FD33B9583E3C-FollowerState: change to CANDIDATE, lastRpcTime:182ms, electionTimeout:182ms
2019-10-18 14:30:26,884 [Thread-889] INFO  impl.RoleInfo (RoleInfo.java:shutdownFollowerState(121)) - 681edbc6-a1fc-42a4-b5ce-4922820de60a: shutdown FollowerState
2019-10-18 14:30:26,884 [Thread-889] INFO  impl.RaftServerImpl (RaftServerImpl.java:setRole(184)) - 681edbc6-a1fc-42a4-b5ce-4922820de60a@group-FD33B9583E3C: changes role from  FOLLOWER to CANDIDATE at term 66 for changeToCandidate
2019-10-18 14:30:26,885 [Thread-889] INFO  impl.RoleInfo (RoleInfo.java:updateAndGet(143)) - 681edbc6-a1fc-42a4-b5ce-4922820de60a: start LeaderElection
2019-10-18 14:30:26,899 [681edbc6-a1fc-42a4-b5ce-4922820de60a@group-FD33B9583E3C-LeaderElection77] INFO  impl.LeaderElection (LeaderElection.java:askForVotes(178)) - 681edbc6-a1fc-42a4-b5ce-4922820de60a@group-FD33B9583E3C-LeaderElection77: begin an election at term 67 for -1: [3ee7b367-7b16-44e1-99f8-43aefeda0876:192.168.164.233:46080, 681edbc6-a1fc-42a4-b5ce-4922820de60a:192.168.164.233:44267, 773cce60-eeca-4c1f-a5ec-70084be8b6b9:192.168.164.233:38729], old=null
2019-10-18 14:30:26,903 [grpc-default-executor-1] INFO  impl.RaftServerImpl (RaftServerImpl.java:setRole(184)) - 773cce60-eeca-4c1f-a5ec-70084be8b6b9@group-FD33B9583E3C: changes role from  FOLLOWER to FOLLOWER at term 67 for recognizeCandidate:681edbc6-a1fc-42a4-b5ce-4922820de60a
2019-10-18 14:30:26,903 [grpc-default-executor-1] INFO  impl.RoleInfo (RoleInfo.java:shutdownFollowerState(121)) - 773cce60-eeca-4c1f-a5ec-70084be8b6b9: shutdown FollowerState
2019-10-18 14:30:26,904 [grpc-default-executor-4] INFO  impl.RaftServerImpl (RaftServerImpl.java:setRole(184)) - 3ee7b367-7b16-44e1-99f8-43aefeda0876@group-FD33B9583E3C: changes role from  FOLLOWER to FOLLOWER at term 67 for recognizeCandidate:681edbc6-a1fc-42a4-b5ce-4922820de60a
2019-10-18 14:30:26,904 [Thread-887] INFO  impl.FollowerState (FollowerState.java:run(117)) - 773cce60-eeca-4c1f-a5ec-70084be8b6b9@group-FD33B9583E3C-FollowerState was interrupted: java.lang.InterruptedException: sleep interrupted
2019-10-18 14:30:26,904 [grpc-default-executor-1] INFO  impl.RoleInfo (RoleInfo.java:updateAndGet(143)) - 773cce60-eeca-4c1f-a5ec-70084be8b6b9: start FollowerState
2019-10-18 14:30:26,904 [grpc-default-executor-4] INFO  impl.RoleInfo (RoleInfo.java:shutdownFollowerState(121)) - 3ee7b367-7b16-44e1-99f8-43aefeda0876: shutdown FollowerState
2019-10-18 14:30:26,904 [grpc-default-executor-4] INFO  impl.RoleInfo (RoleInfo.java:updateAndGet(143)) - 3ee7b367-7b16-44e1-99f8-43aefeda0876: start FollowerState
2019-10-18 14:30:26,904 [Thread-888] INFO  impl.FollowerState (FollowerState.java:run(117)) - 3ee7b367-7b16-44e1-99f8-43aefeda0876@group-FD33B9583E3C-FollowerState was interrupted: java.lang.InterruptedException: sleep interrupted
2019-10-18 14:30:26,918 [681edbc6-a1fc-42a4-b5ce-4922820de60a@group-FD33B9583E3C-LeaderElection77] INFO  impl.LeaderElection (LeaderElection.java:logAndReturn(56)) - 681edbc6-a1fc-42a4-b5ce-4922820de60a@group-FD33B9583E3C-LeaderElection77: Election REJECTED; received 2 response(s) [681edbc6-a1fc-42a4-b5ce-4922820de60a<-3ee7b367-7b16-44e1-99f8-43aefeda0876#0:FAIL-t67, 681edbc6-a1fc-42a4-b5ce-4922820de60a<-773cce60-eeca-4c1f-a5ec-70084be8b6b9#0:FAIL-t67] and 0 exception(s); 681edbc6-a1fc-42a4-b5ce-4922820de60a@group-FD33B9583E3C:t67, leader=null, voted=681edbc6-a1fc-42a4-b5ce-4922820de60a, raftlog=681edbc6-a1fc-42a4-b5ce-4922820de60a@group-FD33B9583E3C-SegmentedRaftLog:OPENED:c-1,f-1,i0, conf=-1: [3ee7b367-7b16-44e1-99f8-43aefeda0876:192.168.164.233:46080, 681edbc6-a1fc-42a4-b5ce-4922820de60a:192.168.164.233:44267, 773cce60-eeca-4c1f-a5ec-70084be8b6b9:192.168.164.233:38729], old=null
2019-10-18 14:30:26,918 [681edbc6-a1fc-42a4-b5ce-4922820de60a@group-FD33B9583E3C-LeaderElection77] INFO  impl.RaftServerImpl (RaftServerImpl.java:setRole(184)) - 681edbc6-a1fc-42a4-b5ce-4922820de60a@group-FD33B9583E3C: changes role from CANDIDATE to FOLLOWER at term 67 for DISCOVERED_A_NEW_TERM
2019-10-18 14:30:26,918 [681edbc6-a1fc-42a4-b5ce-4922820de60a@group-FD33B9583E3C-LeaderElection77] INFO  impl.RoleInfo (RoleInfo.java:shutdownLeaderElection(134)) - 681edbc6-a1fc-42a4-b5ce-4922820de60a: shutdown LeaderElection
2019-10-18 14:30:26,918 [681edbc6-a1fc-42a4-b5ce-4922820de60a@group-FD33B9583E3C-LeaderElection77] INFO  impl.RoleInfo (RoleInfo.java:updateAndGet(143)) - 681edbc6-a1fc-42a4-b5ce-4922820de60a: start FollowerState
2019-10-18 14:30:27,011 [Thread-899] INFO  impl.FollowerState (FollowerState.java:run(108)) - 681edbc6-a1fc-42a4-b5ce-4922820de60a@group-FD33B9583E3C-FollowerState: change to CANDIDATE, lastRpcTime:92ms, electionTimeout:92ms
2019-10-18 14:30:27,011 [Thread-899] INFO  impl.RoleInfo (RoleInfo.java:shutdownFollowerState(121)) - 681edbc6-a1fc-42a4-b5ce-4922820de60a: shutdown FollowerState
2019-10-18 14:30:27,011 [Thread-899] INFO  impl.RaftServerImpl (RaftServerImpl.java:setRole(184)) - 681edbc6-a1fc-42a4-b5ce-4922820de60a@group-FD33B9583E3C: changes role from  FOLLOWER to CANDIDATE at term 67 for changeToCandidate
2019-10-18 14:30:27,011 [Thread-899] INFO  impl.RoleInfo (RoleInfo.java:updateAndGet(143)) - 681edbc6-a1fc-42a4-b5ce-4922820de60a: start LeaderElection
2019-10-18 14:30:27,025 [681edbc6-a1fc-42a4-b5ce-4922820de60a@group-FD33B9583E3C-LeaderElection78] INFO  impl.LeaderElection (LeaderElection.java:askForVotes(178)) - 681edbc6-a1fc-42a4-b5ce-4922820de60a@group-FD33B9583E3C-LeaderElection78: begin an election at term 68 for -1: [3ee7b367-7b16-44e1-99f8-43aefeda0876:192.168.164.233:46080, 681edbc6-a1fc-42a4-b5ce-4922820de60a:192.168.164.233:44267, 773cce60-eeca-4c1f-a5ec-70084be8b6b9:192.168.164.233:38729], old=null
2019-10-18 14:30:27,029 [grpc-default-executor-1] INFO  impl.RaftServerImpl (RaftServerImpl.java:setRole(184)) - 773cce60-eeca-4c1f-a5ec-70084be8b6b9@group-FD33B9583E3C: changes role from  FOLLOWER to FOLLOWER at term 68 for recognizeCandidate:681edbc6-a1fc-42a4-b5ce-4922820de60a
2019-10-18 14:30:27,029 [grpc-default-executor-1] INFO  impl.RoleInfo (RoleInfo.java:shutdownFollowerState(121)) - 773cce60-eeca-4c1f-a5ec-70084be8b6b9: shutdown FollowerState
2019-10-18 14:30:27,029 [grpc-default-executor-4] INFO  impl.RaftServerImpl (RaftServerImpl.java:setRole(184)) - 3ee7b367-7b16-44e1-99f8-43aefeda0876@group-FD33B9583E3C: changes role from  FOLLOWER to FOLLOWER at term 68 for recognizeCandidate:681edbc6-a1fc-42a4-b5ce-4922820de60a
2019-10-18 14:30:27,029 [Thread-897] INFO  impl.FollowerState (FollowerState.java:run(117)) - 773cce60-eeca-4c1f-a5ec-70084be8b6b9@group-FD33B9583E3C-FollowerState was interrupted: java.lang.InterruptedException: sleep interrupted
2019-10-18 14:30:27,029 [grpc-default-executor-1] INFO  impl.RoleInfo (RoleInfo.java:updateAndGet(143)) - 773cce60-eeca-4c1f-a5ec-70084be8b6b9: start FollowerState
2019-10-18 14:30:27,030 [grpc-default-executor-4] INFO  impl.RoleInfo (RoleInfo.java:shutdownFollowerState(121)) - 3ee7b367-7b16-44e1-99f8-43aefeda0876: shutdown FollowerState
2019-10-18 14:30:27,030 [grpc-default-executor-4] INFO  impl.RoleInfo (RoleInfo.java:updateAndGet(143)) - 3ee7b367-7b16-44e1-99f8-43aefeda0876: start FollowerState
2019-10-18 14:30:27,030 [Thread-898] INFO  impl.FollowerState (FollowerState.java:run(117)) - 3ee7b367-7b16-44e1-99f8-43aefeda0876@group-FD33B9583E3C-FollowerState was interrupted: java.lang.InterruptedException: sleep interrupted
2019-10-18 14:30:27,045 [681edbc6-a1fc-42a4-b5ce-4922820de60a@group-FD33B9583E3C-LeaderElection78] INFO  impl.LeaderElection (LeaderElection.java:logAndReturn(56)) - 681edbc6-a1fc-42a4-b5ce-4922820de60a@group-FD33B9583E3C-LeaderElection78: Election REJECTED; received 2 response(s) [681edbc6-a1fc-42a4-b5ce-4922820de60a<-3ee7b367-7b16-44e1-99f8-43aefeda0876#0:FAIL-t68, 681edbc6-a1fc-42a4-b5ce-4922820de60a<-773cce60-eeca-4c1f-a5ec-70084be8b6b9#0:FAIL-t68] and 0 exception(s); 681edbc6-a1fc-42a4-b5ce-4922820de60a@group-FD33B9583E3C:t68, leader=null, voted=681edbc6-a1fc-42a4-b5ce-4922820de60a, raftlog=681edbc6-a1fc-42a4-b5ce-4922820de60a@group-FD33B9583E3C-SegmentedRaftLog:OPENED:c-1,f-1,i0, conf=-1: [3ee7b367-7b16-44e1-99f8-43aefeda0876:192.168.164.233:46080, 681edbc6-a1fc-42a4-b5ce-4922820de60a:192.168.164.233:44267, 773cce60-eeca-4c1f-a5ec-70084be8b6b9:192.168.164.233:38729], old=null
2019-10-18 14:30:27,045 [681edbc6-a1fc-42a4-b5ce-4922820de60a@group-FD33B9583E3C-LeaderElection78] INFO  impl.RaftServerImpl (RaftServerImpl.java:setRole(184)) - 681edbc6-a1fc-42a4-b5ce-4922820de60a@group-FD33B9583E3C: changes role from CANDIDATE to FOLLOWER at term 68 for DISCOVERED_A_NEW_TERM
2019-10-18 14:30:27,046 [681edbc6-a1fc-42a4-b5ce-4922820de60a@group-FD33B9583E3C-LeaderElection78] INFO  impl.RoleInfo (RoleInfo.java:shutdownLeaderElection(134)) - 681edbc6-a1fc-42a4-b5ce-4922820de60a: shutdown LeaderElection
2019-10-18 14:30:27,046 [681edbc6-a1fc-42a4-b5ce-4922820de60a@group-FD33B9583E3C-LeaderElection78] INFO  impl.RoleInfo (RoleInfo.java:updateAndGet(143)) - 681edbc6-a1fc-42a4-b5ce-4922820de60a: start FollowerState
2019-10-18 14:30:27,176 [Thread-905] INFO  impl.FollowerState (FollowerState.java:run(108)) - 681edbc6-a1fc-42a4-b5ce-4922820de60a@group-FD33B9583E3C-FollowerState: change to CANDIDATE, lastRpcTime:130ms, electionTimeout:130ms
2019-10-18 14:30:27,177 [Thread-905] INFO  impl.RoleInfo (RoleInfo.java:shutdownFollowerState(121)) - 681edbc6-a1fc-42a4-b5ce-4922820de60a: shutdown FollowerState
2019-10-18 14:30:27,177 [Thread-905] INFO  impl.RaftServerImpl (RaftServerImpl.java:setRole(184)) - 681edbc6-a1fc-42a4-b5ce-4922820de60a@group-FD33B9583E3C: changes role from  FOLLOWER to CANDIDATE at term 68 for changeToCandidate
2019-10-18 14:30:27,177 [Thread-905] INFO  impl.RoleInfo (RoleInfo.java:updateAndGet(143)) - 681edbc6-a1fc-42a4-b5ce-4922820de60a: start LeaderElection
2019-10-18 14:30:27,199 [681edbc6-a1fc-42a4-b5ce-4922820de60a@group-FD33B9583E3C-LeaderElection79] INFO  impl.LeaderElection (LeaderElection.java:askForVotes(178)) - 681edbc6-a1fc-42a4-b5ce-4922820de60a@group-FD33B9583E3C-LeaderElection79: begin an election at term 69 for -1: [3ee7b367-7b16-44e1-99f8-43aefeda0876:192.168.164.233:46080, 681edbc6-a1fc-42a4-b5ce-4922820de60a:192.168.164.233:44267, 773cce60-eeca-4c1f-a5ec-70084be8b6b9:192.168.164.233:38729], old=null
2019-10-18 14:30:27,203 [grpc-default-executor-4] INFO  impl.RaftServerImpl (RaftServerImpl.java:setRole(184)) - 773cce60-eeca-4c1f-a5ec-70084be8b6b9@group-FD33B9583E3C: changes role from  FOLLOWER to FOLLOWER at term 69 for recognizeCandidate:681edbc6-a1fc-42a4-b5ce-4922820de60a
2019-10-18 14:30:27,204 [grpc-default-executor-4] INFO  impl.RoleInfo (RoleInfo.java:shutdownFollowerState(121)) - 773cce60-eeca-4c1f-a5ec-70084be8b6b9: shutdown FollowerState
2019-10-18 14:30:27,204 [grpc-default-executor-1] INFO  impl.RaftServerImpl (RaftServerImpl.java:setRole(184)) - 3ee7b367-7b16-44e1-99f8-43aefeda0876@group-FD33B9583E3C: changes role from  FOLLOWER to FOLLOWER at term 69 for recognizeCandidate:681edbc6-a1fc-42a4-b5ce-4922820de60a
2019-10-18 14:30:27,204 [Thread-903] INFO  impl.FollowerState (FollowerState.java:run(117)) - 773cce60-eeca-4c1f-a5ec-70084be8b6b9@group-FD33B9583E3C-FollowerState was interrupted: java.lang.InterruptedException: sleep interrupted
2019-10-18 14:30:27,204 [grpc-default-executor-4] INFO  impl.RoleInfo (RoleInfo.java:updateAndGet(143)) - 773cce60-eeca-4c1f-a5ec-70084be8b6b9: start FollowerState
2019-10-18 14:30:27,204 [grpc-default-executor-1] INFO  impl.RoleInfo (RoleInfo.java:shutdownFollowerState(121)) - 3ee7b367-7b16-44e1-99f8-43aefeda0876: shutdown FollowerState
2019-10-18 14:30:27,205 [grpc-default-executor-1] INFO  impl.RoleInfo (RoleInfo.java:updateAndGet(143)) - 3ee7b367-7b16-44e1-99f8-43aefeda0876: start FollowerState
2019-10-18 14:30:27,205 [Thread-904] INFO  impl.FollowerState (FollowerState.java:run(117)) - 3ee7b367-7b16-44e1-99f8-43aefeda0876@group-FD33B9583E3C-FollowerState was interrupted: java.lang.InterruptedException: sleep interrupted
2019-10-18 14:30:27,216 [681edbc6-a1fc-42a4-b5ce-4922820de60a@group-FD33B9583E3C-LeaderElection79] INFO  impl.LeaderElection (LeaderElection.java:logAndReturn(56)) - 681edbc6-a1fc-42a4-b5ce-4922820de60a@group-FD33B9583E3C-LeaderElection79: Election TIMEOUT; received 0 response(s) [] and 0 exception(s); 681edbc6-a1fc-42a4-b5ce-4922820de60a@group-FD33B9583E3C:t69, leader=null, voted=681edbc6-a1fc-42a4-b5ce-4922820de60a, raftlog=681edbc6-a1fc-42a4-b5ce-4922820de60a@group-FD33B9583E3C-SegmentedRaftLog:OPENED:c-1,f-1,i0, conf=-1: [3ee7b367-7b16-44e1-99f8-43aefeda0876:192.168.164.233:46080, 681edbc6-a1fc-42a4-b5ce-4922820de60a:192.168.164.233:44267, 773cce60-eeca-4c1f-a5ec-70084be8b6b9:192.168.164.233:38729], old=null
2019-10-18 14:30:27,237 [681edbc6-a1fc-42a4-b5ce-4922820de60a@group-FD33B9583E3C-LeaderElection79] INFO  impl.LeaderElection (LeaderElection.java:askForVotes(178)) - 681edbc6-a1fc-42a4-b5ce-4922820de60a@group-FD33B9583E3C-LeaderElection79: begin an election at term 70 for -1: [3ee7b367-7b16-44e1-99f8-43aefeda0876:192.168.164.233:46080, 681edbc6-a1fc-42a4-b5ce-4922820de60a:192.168.164.233:44267, 773cce60-eeca-4c1f-a5ec-70084be8b6b9:192.168.164.233:38729], old=null
2019-10-18 14:30:27,240 [grpc-default-executor-4] INFO  impl.RaftServerImpl (RaftServerImpl.java:setRole(184)) - 773cce60-eeca-4c1f-a5ec-70084be8b6b9@group-FD33B9583E3C: changes role from  FOLLOWER to FOLLOWER at term 70 for recognizeCandidate:681edbc6-a1fc-42a4-b5ce-4922820de60a
2019-10-18 14:30:27,240 [grpc-default-executor-1] INFO  impl.RaftServerImpl (RaftServerImpl.java:setRole(184)) - 3ee7b367-7b16-44e1-99f8-43aefeda0876@group-FD33B9583E3C: changes role from  FOLLOWER to FOLLOWER at term 70 for recognizeCandidate:681edbc6-a1fc-42a4-b5ce-4922820de60a
2019-10-18 14:30:27,240 [grpc-default-executor-4] INFO  impl.RoleInfo (RoleInfo.java:shutdownFollowerState(121)) - 773cce60-eeca-4c1f-a5ec-70084be8b6b9: shutdown FollowerState
2019-10-18 14:30:27,240 [grpc-default-executor-1] INFO  impl.RoleInfo (RoleInfo.java:shutdownFollowerState(121)) - 3ee7b367-7b16-44e1-99f8-43aefeda0876: shutdown FollowerState
2019-10-18 14:30:27,240 [Thread-909] INFO  impl.FollowerState (FollowerState.java:run(117)) - 773cce60-eeca-4c1f-a5ec-70084be8b6b9@group-FD33B9583E3C-FollowerState was interrupted: java.lang.InterruptedException: sleep interrupted
2019-10-18 14:30:27,240 [Thread-910] INFO  impl.FollowerState (FollowerState.java:run(117)) - 3ee7b367-7b16-44e1-99f8-43aefeda0876@group-FD33B9583E3C-FollowerState was interrupted: java.lang.InterruptedException: sleep interrupted
2019-10-18 14:30:27,240 [grpc-default-executor-4] INFO  impl.RoleInfo (RoleInfo.java:updateAndGet(143)) - 773cce60-eeca-4c1f-a5ec-70084be8b6b9: start FollowerState
2019-10-18 14:30:27,240 [grpc-default-executor-1] INFO  impl.RoleInfo (RoleInfo.java:updateAndGet(143)) - 3ee7b367-7b16-44e1-99f8-43aefeda0876: start FollowerState
2019-10-18 14:30:27,255 [681edbc6-a1fc-42a4-b5ce-4922820de60a@group-FD33B9583E3C-LeaderElection79] INFO  impl.LeaderElection (LeaderElection.java:logAndReturn(56)) - 681edbc6-a1fc-42a4-b5ce-4922820de60a@group-FD33B9583E3C-LeaderElection79: Election REJECTED; received 2 response(s) [681edbc6-a1fc-42a4-b5ce-4922820de60a<-3ee7b367-7b16-44e1-99f8-43aefeda0876#0:FAIL-t70, 681edbc6-a1fc-42a4-b5ce-4922820de60a<-773cce60-eeca-4c1f-a5ec-70084be8b6b9#0:FAIL-t70] and 0 exception(s); 681edbc6-a1fc-42a4-b5ce-4922820de60a@group-FD33B9583E3C:t70, leader=null, voted=681edbc6-a1fc-42a4-b5ce-4922820de60a, raftlog=681edbc6-a1fc-42a4-b5ce-4922820de60a@group-FD33B9583E3C-SegmentedRaftLog:OPENED:c-1,f-1,i0, conf=-1: [3ee7b367-7b16-44e1-99f8-43aefeda0876:192.168.164.233:46080, 681edbc6-a1fc-42a4-b5ce-4922820de60a:192.168.164.233:44267, 773cce60-eeca-4c1f-a5ec-70084be8b6b9:192.168.164.233:38729], old=null
2019-10-18 14:30:27,255 [681edbc6-a1fc-42a4-b5ce-4922820de60a@group-FD33B9583E3C-LeaderElection79] INFO  impl.RaftServerImpl (RaftServerImpl.java:setRole(184)) - 681edbc6-a1fc-42a4-b5ce-4922820de60a@group-FD33B9583E3C: changes role from CANDIDATE to FOLLOWER at term 70 for DISCOVERED_A_NEW_TERM
2019-10-18 14:30:27,255 [681edbc6-a1fc-42a4-b5ce-4922820de60a@group-FD33B9583E3C-LeaderElection79] INFO  impl.RoleInfo (RoleInfo.java:shutdownLeaderElection(134)) - 681edbc6-a1fc-42a4-b5ce-4922820de60a: shutdown LeaderElection
2019-10-18 14:30:27,255 [681edbc6-a1fc-42a4-b5ce-4922820de60a@group-FD33B9583E3C-LeaderElection79] INFO  impl.RoleInfo (RoleInfo.java:updateAndGet(143)) - 681edbc6-a1fc-42a4-b5ce-4922820de60a: start FollowerState
2019-10-18 14:30:27,442 [Thread-915] INFO  impl.FollowerState (FollowerState.java:run(108)) - 681edbc6-a1fc-42a4-b5ce-4922820de60a@group-FD33B9583E3C-FollowerState: change to CANDIDATE, lastRpcTime:186ms, electionTimeout:186ms
2019-10-18 14:30:27,442 [Thread-915] INFO  impl.RoleInfo (RoleInfo.java:shutdownFollowerState(121)) - 681edbc6-a1fc-42a4-b5ce-4922820de60a: shutdown FollowerState
2019-10-18 14:30:27,442 [Thread-915] INFO  impl.RaftServerImpl (RaftServerImpl.java:setRole(184)) - 681edbc6-a1fc-42a4-b5ce-4922820de60a@group-FD33B9583E3C: changes role from  FOLLOWER to CANDIDATE at term 70 for changeToCandidate
2019-10-18 14:30:27,442 [Thread-915] INFO  impl.RoleInfo (RoleInfo.java:updateAndGet(143)) - 681edbc6-a1fc-42a4-b5ce-4922820de60a: start LeaderElection
2019-10-18 14:30:27,456 [681edbc6-a1fc-42a4-b5ce-4922820de60a@group-FD33B9583E3C-LeaderElection80] INFO  impl.LeaderElection (LeaderElection.java:askForVotes(178)) - 681edbc6-a1fc-42a4-b5ce-4922820de60a@group-FD33B9583E3C-LeaderElection80: begin an election at term 71 for -1: [3ee7b367-7b16-44e1-99f8-43aefeda0876:192.168.164.233:46080, 681edbc6-a1fc-42a4-b5ce-4922820de60a:192.168.164.233:44267, 773cce60-eeca-4c1f-a5ec-70084be8b6b9:192.168.164.233:38729], old=null
2019-10-18 14:30:27,460 [grpc-default-executor-4] INFO  impl.RaftServerImpl (RaftServerImpl.java:setRole(184)) - 773cce60-eeca-4c1f-a5ec-70084be8b6b9@group-FD33B9583E3C: changes role from  FOLLOWER to FOLLOWER at term 71 for recognizeCandidate:681edbc6-a1fc-42a4-b5ce-4922820de60a
2019-10-18 14:30:27,461 [grpc-default-executor-4] INFO  impl.RoleInfo (RoleInfo.java:shutdownFollowerState(121)) - 773cce60-eeca-4c1f-a5ec-70084be8b6b9: shutdown FollowerState
2019-10-18 14:30:27,461 [grpc-default-executor-1] INFO  impl.RaftServerImpl (RaftServerImpl.java:setRole(184)) - 3ee7b367-7b16-44e1-99f8-43aefeda0876@group-FD33B9583E3C: changes role from  FOLLOWER to FOLLOWER at term 71 for recognizeCandidate:681edbc6-a1fc-42a4-b5ce-4922820de60a
2019-10-18 14:30:27,461 [Thread-913] INFO  impl.FollowerState (FollowerState.java:run(117)) - 773cce60-eeca-4c1f-a5ec-70084be8b6b9@group-FD33B9583E3C-FollowerState was interrupted: java.lang.InterruptedException: sleep interrupted
2019-10-18 14:30:27,461 [grpc-default-executor-4] INFO  impl.RoleInfo (RoleInfo.java:updateAndGet(143)) - 773cce60-eeca-4c1f-a5ec-70084be8b6b9: start FollowerState
2019-10-18 14:30:27,461 [grpc-default-executor-1] INFO  impl.RoleInfo (RoleInfo.java:shutdownFollowerState(121)) - 3ee7b367-7b16-44e1-99f8-43aefeda0876: shutdown FollowerState
2019-10-18 14:30:27,462 [grpc-default-executor-1] INFO  impl.RoleInfo (RoleInfo.java:updateAndGet(143)) - 3ee7b367-7b16-44e1-99f8-43aefeda0876: start FollowerState
2019-10-18 14:30:27,462 [Thread-914] INFO  impl.FollowerState (FollowerState.java:run(117)) - 3ee7b367-7b16-44e1-99f8-43aefeda0876@group-FD33B9583E3C-FollowerState was interrupted: java.lang.InterruptedException: sleep interrupted
2019-10-18 14:30:27,476 [681edbc6-a1fc-42a4-b5ce-4922820de60a@group-FD33B9583E3C-LeaderElection80] INFO  impl.LeaderElection (LeaderElection.java:logAndReturn(56)) - 681edbc6-a1fc-42a4-b5ce-4922820de60a@group-FD33B9583E3C-LeaderElection80: Election REJECTED; received 2 response(s) [681edbc6-a1fc-42a4-b5ce-4922820de60a<-3ee7b367-7b16-44e1-99f8-43aefeda0876#0:FAIL-t71, 681edbc6-a1fc-42a4-b5ce-4922820de60a<-773cce60-eeca-4c1f-a5ec-70084be8b6b9#0:FAIL-t71] and 0 exception(s); 681edbc6-a1fc-42a4-b5ce-4922820de60a@group-FD33B9583E3C:t71, leader=null, voted=681edbc6-a1fc-42a4-b5ce-4922820de60a, raftlog=681edbc6-a1fc-42a4-b5ce-4922820de60a@group-FD33B9583E3C-SegmentedRaftLog:OPENED:c-1,f-1,i0, conf=-1: [3ee7b367-7b16-44e1-99f8-43aefeda0876:192.168.164.233:46080, 681edbc6-a1fc-42a4-b5ce-4922820de60a:192.168.164.233:44267, 773cce60-eeca-4c1f-a5ec-70084be8b6b9:192.168.164.233:38729], old=null
2019-10-18 14:30:27,477 [681edbc6-a1fc-42a4-b5ce-4922820de60a@group-FD33B9583E3C-LeaderElection80] INFO  impl.RaftServerImpl (RaftServerImpl.java:setRole(184)) - 681edbc6-a1fc-42a4-b5ce-4922820de60a@group-FD33B9583E3C: changes role from CANDIDATE to FOLLOWER at term 71 for DISCOVERED_A_NEW_TERM
2019-10-18 14:30:27,477 [681edbc6-a1fc-42a4-b5ce-4922820de60a@group-FD33B9583E3C-LeaderElection80] INFO  impl.RoleInfo (RoleInfo.java:shutdownLeaderElection(134)) - 681edbc6-a1fc-42a4-b5ce-4922820de60a: shutdown LeaderElection
2019-10-18 14:30:27,477 [681edbc6-a1fc-42a4-b5ce-4922820de60a@group-FD33B9583E3C-LeaderElection80] INFO  impl.RoleInfo (RoleInfo.java:updateAndGet(143)) - 681edbc6-a1fc-42a4-b5ce-4922820de60a: start FollowerState
2019-10-18 14:30:27,520 [Thread-925] INFO  impl.FollowerState (FollowerState.java:run(108)) - 681edbc6-a1fc-42a4-b5ce-4922820de60a@group-FD33B9583E3C-FollowerState: change to CANDIDATE, lastRpcTime:42ms, electionTimeout:42ms
2019-10-18 14:30:27,520 [Thread-925] INFO  impl.RoleInfo (RoleInfo.java:shutdownFollowerState(121)) - 681edbc6-a1fc-42a4-b5ce-4922820de60a: shutdown FollowerState
2019-10-18 14:30:27,520 [Thread-925] INFO  impl.RaftServerImpl (RaftServerImpl.java:setRole(184)) - 681edbc6-a1fc-42a4-b5ce-4922820de60a@group-FD33B9583E3C: changes role from  FOLLOWER to CANDIDATE at term 71 for changeToCandidate
2019-10-18 14:30:27,520 [Thread-925] INFO  impl.RoleInfo (RoleInfo.java:updateAndGet(143)) - 681edbc6-a1fc-42a4-b5ce-4922820de60a: start LeaderElection
2019-10-18 14:30:27,534 [681edbc6-a1fc-42a4-b5ce-4922820de60a@group-FD33B9583E3C-LeaderElection81] INFO  impl.LeaderElection (LeaderElection.java:askForVotes(178)) - 681edbc6-a1fc-42a4-b5ce-4922820de60a@group-FD33B9583E3C-LeaderElection81: begin an election at term 72 for -1: [3ee7b367-7b16-44e1-99f8-43aefeda0876:192.168.164.233:46080, 681edbc6-a1fc-42a4-b5ce-4922820de60a:192.168.164.233:44267, 773cce60-eeca-4c1f-a5ec-70084be8b6b9:192.168.164.233:38729], old=null
2019-10-18 14:30:27,537 [grpc-default-executor-1] INFO  impl.RaftServerImpl (RaftServerImpl.java:setRole(184)) - 3ee7b367-7b16-44e1-99f8-43aefeda0876@group-FD33B9583E3C: changes role from  FOLLOWER to FOLLOWER at term 72 for recognizeCandidate:681edbc6-a1fc-42a4-b5ce-4922820de60a
2019-10-18 14:30:27,537 [grpc-default-executor-4] INFO  impl.RaftServerImpl (RaftServerImpl.java:setRole(184)) - 773cce60-eeca-4c1f-a5ec-70084be8b6b9@group-FD33B9583E3C: changes role from  FOLLOWER to FOLLOWER at term 72 for recognizeCandidate:681edbc6-a1fc-42a4-b5ce-4922820de60a
2019-10-18 14:30:27,537 [grpc-default-executor-1] INFO  impl.RoleInfo (RoleInfo.java:shutdownFollowerState(121)) - 3ee7b367-7b16-44e1-99f8-43aefeda0876: shutdown FollowerState
2019-10-18 14:30:27,537 [grpc-default-executor-4] INFO  impl.RoleInfo (RoleInfo.java:shutdownFollowerState(121)) - 773cce60-eeca-4c1f-a5ec-70084be8b6b9: shutdown FollowerState
2019-10-18 14:30:27,537 [Thread-924] INFO  impl.FollowerState (FollowerState.java:run(117)) - 3ee7b367-7b16-44e1-99f8-43aefeda0876@group-FD33B9583E3C-FollowerState was interrupted: java.lang.InterruptedException: sleep interrupted
2019-10-18 14:30:27,537 [grpc-default-executor-1] INFO  impl.RoleInfo (RoleInfo.java:updateAndGet(143)) - 3ee7b367-7b16-44e1-99f8-43aefeda0876: start FollowerState
2019-10-18 14:30:27,537 [Thread-923] INFO  impl.FollowerState (FollowerState.java:run(117)) - 773cce60-eeca-4c1f-a5ec-70084be8b6b9@group-FD33B9583E3C-FollowerState was interrupted: java.lang.InterruptedException: sleep interrupted
2019-10-18 14:30:27,537 [grpc-default-executor-4] INFO  impl.RoleInfo (RoleInfo.java:updateAndGet(143)) - 773cce60-eeca-4c1f-a5ec-70084be8b6b9: start FollowerState
2019-10-18 14:30:27,552 [681edbc6-a1fc-42a4-b5ce-4922820de60a@group-FD33B9583E3C-LeaderElection81] INFO  impl.LeaderElection (LeaderElection.java:logAndReturn(56)) - 681edbc6-a1fc-42a4-b5ce-4922820de60a@group-FD33B9583E3C-LeaderElection81: Election REJECTED; received 2 response(s) [681edbc6-a1fc-42a4-b5ce-4922820de60a<-3ee7b367-7b16-44e1-99f8-43aefeda0876#0:FAIL-t72, 681edbc6-a1fc-42a4-b5ce-4922820de60a<-773cce60-eeca-4c1f-a5ec-70084be8b6b9#0:FAIL-t72] and 0 exception(s); 681edbc6-a1fc-42a4-b5ce-4922820de60a@group-FD33B9583E3C:t72, leader=null, voted=681edbc6-a1fc-42a4-b5ce-4922820de60a, raftlog=681edbc6-a1fc-42a4-b5ce-4922820de60a@group-FD33B9583E3C-SegmentedRaftLog:OPENED:c-1,f-1,i0, conf=-1: [3ee7b367-7b16-44e1-99f8-43aefeda0876:192.168.164.233:46080, 681edbc6-a1fc-42a4-b5ce-4922820de60a:192.168.164.233:44267, 773cce60-eeca-4c1f-a5ec-70084be8b6b9:192.168.164.233:38729], old=null
2019-10-18 14:30:27,552 [681edbc6-a1fc-42a4-b5ce-4922820de60a@group-FD33B9583E3C-LeaderElection81] INFO  impl.RaftServerImpl (RaftServerImpl.java:setRole(184)) - 681edbc6-a1fc-42a4-b5ce-4922820de60a@group-FD33B9583E3C: changes role from CANDIDATE to FOLLOWER at term 72 for DISCOVERED_A_NEW_TERM
2019-10-18 14:30:27,552 [681edbc6-a1fc-42a4-b5ce-4922820de60a@group-FD33B9583E3C-LeaderElection81] INFO  impl.RoleInfo (RoleInfo.java:shutdownLeaderElection(134)) - 681edbc6-a1fc-42a4-b5ce-4922820de60a: shutdown LeaderElection
2019-10-18 14:30:27,552 [681edbc6-a1fc-42a4-b5ce-4922820de60a@group-FD33B9583E3C-LeaderElection81] INFO  impl.RoleInfo (RoleInfo.java:updateAndGet(143)) - 681edbc6-a1fc-42a4-b5ce-4922820de60a: start FollowerState
2019-10-18 14:30:27,642 [Thread-931] INFO  impl.FollowerState (FollowerState.java:run(108)) - 681edbc6-a1fc-42a4-b5ce-4922820de60a@group-FD33B9583E3C-FollowerState: change to CANDIDATE, lastRpcTime:89ms, electionTimeout:89ms
2019-10-18 14:30:27,642 [Thread-931] INFO  impl.RoleInfo (RoleInfo.java:shutdownFollowerState(121)) - 681edbc6-a1fc-42a4-b5ce-4922820de60a: shutdown FollowerState
2019-10-18 14:30:27,642 [Thread-931] INFO  impl.RaftServerImpl (RaftServerImpl.java:setRole(184)) - 681edbc6-a1fc-42a4-b5ce-4922820de60a@group-FD33B9583E3C: changes role from  FOLLOWER to CANDIDATE at term 72 for changeToCandidate
2019-10-18 14:30:27,642 [Thread-931] INFO  impl.RoleInfo (RoleInfo.java:updateAndGet(143)) - 681edbc6-a1fc-42a4-b5ce-4922820de60a: start LeaderElection
2019-10-18 14:30:27,655 [681edbc6-a1fc-42a4-b5ce-4922820de60a@group-FD33B9583E3C-LeaderElection82] INFO  impl.LeaderElection (LeaderElection.java:askForVotes(178)) - 681edbc6-a1fc-42a4-b5ce-4922820de60a@group-FD33B9583E3C-LeaderElection82: begin an election at term 73 for -1: [3ee7b367-7b16-44e1-99f8-43aefeda0876:192.168.164.233:46080, 681edbc6-a1fc-42a4-b5ce-4922820de60a:192.168.164.233:44267, 773cce60-eeca-4c1f-a5ec-70084be8b6b9:192.168.164.233:38729], old=null
2019-10-18 14:30:27,658 [grpc-default-executor-4] INFO  impl.RaftServerImpl (RaftServerImpl.java:setRole(184)) - 773cce60-eeca-4c1f-a5ec-70084be8b6b9@group-FD33B9583E3C: changes role from  FOLLOWER to FOLLOWER at term 73 for recognizeCandidate:681edbc6-a1fc-42a4-b5ce-4922820de60a
2019-10-18 14:30:27,658 [grpc-default-executor-4] INFO  impl.RoleInfo (RoleInfo.java:shutdownFollowerState(121)) - 773cce60-eeca-4c1f-a5ec-70084be8b6b9: shutdown FollowerState
2019-10-18 14:30:27,658 [grpc-default-executor-5] INFO  impl.RaftServerImpl (RaftServerImpl.java:setRole(184)) - 3ee7b367-7b16-44e1-99f8-43aefeda0876@group-FD33B9583E3C: changes role from  FOLLOWER to FOLLOWER at term 73 for recognizeCandidate:681edbc6-a1fc-42a4-b5ce-4922820de60a
2019-10-18 14:30:27,658 [Thread-930] INFO  impl.FollowerState (FollowerState.java:run(117)) - 773cce60-eeca-4c1f-a5ec-70084be8b6b9@group-FD33B9583E3C-FollowerState was interrupted: java.lang.InterruptedException: sleep interrupted
2019-10-18 14:30:27,658 [grpc-default-executor-4] INFO  impl.RoleInfo (RoleInfo.java:updateAndGet(143)) - 773cce60-eeca-4c1f-a5ec-70084be8b6b9: start FollowerState
2019-10-18 14:30:27,658 [grpc-default-executor-5] INFO  impl.RoleInfo (RoleInfo.java:shutdownFollowerState(121)) - 3ee7b367-7b16-44e1-99f8-43aefeda0876: shutdown FollowerState
2019-10-18 14:30:27,659 [grpc-default-executor-5] INFO  impl.RoleInfo (RoleInfo.java:updateAndGet(143)) - 3ee7b367-7b16-44e1-99f8-43aefeda0876: start FollowerState
2019-10-18 14:30:27,659 [Thread-929] INFO  impl.FollowerState (FollowerState.java:run(117)) - 3ee7b367-7b16-44e1-99f8-43aefeda0876@group-FD33B9583E3C-FollowerState was interrupted: java.lang.InterruptedException: sleep interrupted
2019-10-18 14:30:27,679 [681edbc6-a1fc-42a4-b5ce-4922820de60a@group-FD33B9583E3C-LeaderElection82] INFO  impl.LeaderElection (LeaderElection.java:logAndReturn(56)) - 681edbc6-a1fc-42a4-b5ce-4922820de60a@group-FD33B9583E3C-LeaderElection82: Election REJECTED; received 2 response(s) [681edbc6-a1fc-42a4-b5ce-4922820de60a<-3ee7b367-7b16-44e1-99f8-43aefeda0876#0:FAIL-t73, 681edbc6-a1fc-42a4-b5ce-4922820de60a<-773cce60-eeca-4c1f-a5ec-70084be8b6b9#0:FAIL-t73] and 0 exception(s); 681edbc6-a1fc-42a4-b5ce-4922820de60a@group-FD33B9583E3C:t73, leader=null, voted=681edbc6-a1fc-42a4-b5ce-4922820de60a, raftlog=681edbc6-a1fc-42a4-b5ce-4922820de60a@group-FD33B9583E3C-SegmentedRaftLog:OPENED:c-1,f-1,i0, conf=-1: [3ee7b367-7b16-44e1-99f8-43aefeda0876:192.168.164.233:46080, 681edbc6-a1fc-42a4-b5ce-4922820de60a:192.168.164.233:44267, 773cce60-eeca-4c1f-a5ec-70084be8b6b9:192.168.164.233:38729], old=null
2019-10-18 14:30:27,679 [681edbc6-a1fc-42a4-b5ce-4922820de60a@group-FD33B9583E3C-LeaderElection82] INFO  impl.RaftServerImpl (RaftServerImpl.java:setRole(184)) - 681edbc6-a1fc-42a4-b5ce-4922820de60a@group-FD33B9583E3C: changes role from CANDIDATE to FOLLOWER at term 73 for DISCOVERED_A_NEW_TERM
2019-10-18 14:30:27,680 [681edbc6-a1fc-42a4-b5ce-4922820de60a@group-FD33B9583E3C-LeaderElection82] INFO  impl.RoleInfo (RoleInfo.java:shutdownLeaderElection(134)) - 681edbc6-a1fc-42a4-b5ce-4922820de60a: shutdown LeaderElection
2019-10-18 14:30:27,680 [681edbc6-a1fc-42a4-b5ce-4922820de60a@group-FD33B9583E3C-LeaderElection82] INFO  impl.RoleInfo (RoleInfo.java:updateAndGet(143)) - 681edbc6-a1fc-42a4-b5ce-4922820de60a: start FollowerState
2019-10-18 14:30:27,718 [Thread-939] INFO  impl.FollowerState (FollowerState.java:run(108)) - 681edbc6-a1fc-42a4-b5ce-4922820de60a@group-FD33B9583E3C-FollowerState: change to CANDIDATE, lastRpcTime:38ms, electionTimeout:36ms
2019-10-18 14:30:27,721 [Thread-939] INFO  impl.RoleInfo (RoleInfo.java:shutdownFollowerState(121)) - 681edbc6-a1fc-42a4-b5ce-4922820de60a: shutdown FollowerState
2019-10-18 14:30:27,721 [Thread-939] INFO  impl.RaftServerImpl (RaftServerImpl.java:setRole(184)) - 681edbc6-a1fc-42a4-b5ce-4922820de60a@group-FD33B9583E3C: changes role from  FOLLOWER to CANDIDATE at term 73 for changeToCandidate
2019-10-18 14:30:27,721 [Thread-939] INFO  impl.RoleInfo (RoleInfo.java:updateAndGet(143)) - 681edbc6-a1fc-42a4-b5ce-4922820de60a: start LeaderElection
2019-10-18 14:30:27,735 [681edbc6-a1fc-42a4-b5ce-4922820de60a@group-FD33B9583E3C-LeaderElection83] INFO  impl.LeaderElection (LeaderElection.java:askForVotes(178)) - 681edbc6-a1fc-42a4-b5ce-4922820de60a@group-FD33B9583E3C-LeaderElection83: begin an election at term 74 for -1: [3ee7b367-7b16-44e1-99f8-43aefeda0876:192.168.164.233:46080, 681edbc6-a1fc-42a4-b5ce-4922820de60a:192.168.164.233:44267, 773cce60-eeca-4c1f-a5ec-70084be8b6b9:192.168.164.233:38729], old=null
2019-10-18 14:30:27,738 [grpc-default-executor-1] INFO  impl.RaftServerImpl (RaftServerImpl.java:setRole(184)) - 773cce60-eeca-4c1f-a5ec-70084be8b6b9@group-FD33B9583E3C: changes role from  FOLLOWER to FOLLOWER at term 74 for recognizeCandidate:681edbc6-a1fc-42a4-b5ce-4922820de60a
2019-10-18 14:30:27,738 [grpc-default-executor-1] INFO  impl.RoleInfo (RoleInfo.java:shutdownFollowerState(121)) - 773cce60-eeca-4c1f-a5ec-70084be8b6b9: shutdown FollowerState
2019-10-18 14:30:27,738 [grpc-default-executor-1] INFO  impl.RoleInfo (RoleInfo.java:updateAndGet(143)) - 773cce60-eeca-4c1f-a5ec-70084be8b6b9: start FollowerState
2019-10-18 14:30:27,738 [Thread-936] INFO  impl.FollowerState (FollowerState.java:run(117)) - 773cce60-eeca-4c1f-a5ec-70084be8b6b9@group-FD33B9583E3C-FollowerState was interrupted: java.lang.InterruptedException: sleep interrupted
2019-10-18 14:30:27,738 [grpc-default-executor-5] INFO  impl.RaftServerImpl (RaftServerImpl.java:setRole(184)) - 3ee7b367-7b16-44e1-99f8-43aefeda0876@group-FD33B9583E3C: changes role from  FOLLOWER to FOLLOWER at term 74 for recognizeCandidate:681edbc6-a1fc-42a4-b5ce-4922820de60a
2019-10-18 14:30:27,739 [grpc-default-executor-5] INFO  impl.RoleInfo (RoleInfo.java:shutdownFollowerState(121)) - 3ee7b367-7b16-44e1-99f8-43aefeda0876: shutdown FollowerState
2019-10-18 14:30:27,739 [grpc-default-executor-5] INFO  impl.RoleInfo (RoleInfo.java:updateAndGet(143)) - 3ee7b367-7b16-44e1-99f8-43aefeda0876: start FollowerState
2019-10-18 14:30:27,739 [Thread-937] INFO  impl.FollowerState (FollowerState.java:run(117)) - 3ee7b367-7b16-44e1-99f8-43aefeda0876@group-FD33B9583E3C-FollowerState was interrupted: java.lang.InterruptedException: sleep interrupted
2019-10-18 14:30:27,757 [681edbc6-a1fc-42a4-b5ce-4922820de60a@group-FD33B9583E3C-LeaderElection83] INFO  impl.LeaderElection (LeaderElection.java:logAndReturn(56)) - 681edbc6-a1fc-42a4-b5ce-4922820de60a@group-FD33B9583E3C-LeaderElection83: Election REJECTED; received 2 response(s) [681edbc6-a1fc-42a4-b5ce-4922820de60a<-3ee7b367-7b16-44e1-99f8-43aefeda0876#0:FAIL-t74, 681edbc6-a1fc-42a4-b5ce-4922820de60a<-773cce60-eeca-4c1f-a5ec-70084be8b6b9#0:FAIL-t74] and 0 exception(s); 681edbc6-a1fc-42a4-b5ce-4922820de60a@group-FD33B9583E3C:t74, leader=null, voted=681edbc6-a1fc-42a4-b5ce-4922820de60a, raftlog=681edbc6-a1fc-42a4-b5ce-4922820de60a@group-FD33B9583E3C-SegmentedRaftLog:OPENED:c-1,f-1,i0, conf=-1: [3ee7b367-7b16-44e1-99f8-43aefeda0876:192.168.164.233:46080, 681edbc6-a1fc-42a4-b5ce-4922820de60a:192.168.164.233:44267, 773cce60-eeca-4c1f-a5ec-70084be8b6b9:192.168.164.233:38729], old=null
2019-10-18 14:30:27,758 [681edbc6-a1fc-42a4-b5ce-4922820de60a@group-FD33B9583E3C-LeaderElection83] INFO  impl.RaftServerImpl (RaftServerImpl.java:setRole(184)) - 681edbc6-a1fc-42a4-b5ce-4922820de60a@group-FD33B9583E3C: changes role from CANDIDATE to FOLLOWER at term 74 for DISCOVERED_A_NEW_TERM
2019-10-18 14:30:27,758 [681edbc6-a1fc-42a4-b5ce-4922820de60a@group-FD33B9583E3C-LeaderElection83] INFO  impl.RoleInfo (RoleInfo.java:shutdownLeaderElection(134)) - 681edbc6-a1fc-42a4-b5ce-4922820de60a: shutdown LeaderElection
2019-10-18 14:30:27,758 [681edbc6-a1fc-42a4-b5ce-4922820de60a@group-FD33B9583E3C-LeaderElection83] INFO  impl.RoleInfo (RoleInfo.java:updateAndGet(143)) - 681edbc6-a1fc-42a4-b5ce-4922820de60a: start FollowerState
2019-10-18 14:30:27,774 [Thread-945] INFO  impl.FollowerState (FollowerState.java:run(108)) - 681edbc6-a1fc-42a4-b5ce-4922820de60a@group-FD33B9583E3C-FollowerState: change to CANDIDATE, lastRpcTime:16ms, electionTimeout:16ms
2019-10-18 14:30:27,774 [Thread-945] INFO  impl.RoleInfo (RoleInfo.java:shutdownFollowerState(121)) - 681edbc6-a1fc-42a4-b5ce-4922820de60a: shutdown FollowerState
2019-10-18 14:30:27,774 [Thread-945] INFO  impl.RaftServerImpl (RaftServerImpl.java:setRole(184)) - 681edbc6-a1fc-42a4-b5ce-4922820de60a@group-FD33B9583E3C: changes role from  FOLLOWER to CANDIDATE at term 74 for changeToCandidate
2019-10-18 14:30:27,775 [Thread-945] INFO  impl.RoleInfo (RoleInfo.java:updateAndGet(143)) - 681edbc6-a1fc-42a4-b5ce-4922820de60a: start LeaderElection
2019-10-18 14:30:27,788 [681edbc6-a1fc-42a4-b5ce-4922820de60a@group-FD33B9583E3C-LeaderElection84] INFO  impl.LeaderElection (LeaderElection.java:askForVotes(178)) - 681edbc6-a1fc-42a4-b5ce-4922820de60a@group-FD33B9583E3C-LeaderElection84: begin an election at term 75 for -1: [3ee7b367-7b16-44e1-99f8-43aefeda0876:192.168.164.233:46080, 681edbc6-a1fc-42a4-b5ce-4922820de60a:192.168.164.233:44267, 773cce60-eeca-4c1f-a5ec-70084be8b6b9:192.168.164.233:38729], old=null
2019-10-18 14:30:27,792 [grpc-default-executor-1] INFO  impl.RaftServerImpl (RaftServerImpl.java:setRole(184)) - 773cce60-eeca-4c1f-a5ec-70084be8b6b9@group-FD33B9583E3C: changes role from  FOLLOWER to FOLLOWER at term 75 for recognizeCandidate:681edbc6-a1fc-42a4-b5ce-4922820de60a
2019-10-18 14:30:27,792 [grpc-default-executor-1] INFO  impl.RoleInfo (RoleInfo.java:shutdownFollowerState(121)) - 773cce60-eeca-4c1f-a5ec-70084be8b6b9: shutdown FollowerState
2019-10-18 14:30:27,792 [grpc-default-executor-5] INFO  impl.RaftServerImpl (RaftServerImpl.java:setRole(184)) - 3ee7b367-7b16-44e1-99f8-43aefeda0876@group-FD33B9583E3C: changes role from  FOLLOWER to FOLLOWER at term 75 for recognizeCandidate:681edbc6-a1fc-42a4-b5ce-4922820de60a
2019-10-18 14:30:27,792 [Thread-943] INFO  impl.FollowerState (FollowerState.java:run(117)) - 773cce60-eeca-4c1f-a5ec-70084be8b6b9@group-FD33B9583E3C-FollowerState was interrupted: java.lang.InterruptedException: sleep interrupted
2019-10-18 14:30:27,792 [grpc-default-executor-1] INFO  impl.RoleInfo (RoleInfo.java:updateAndGet(143)) - 773cce60-eeca-4c1f-a5ec-70084be8b6b9: start FollowerState
2019-10-18 14:30:27,792 [grpc-default-executor-5] INFO  impl.RoleInfo (RoleInfo.java:shutdownFollowerState(121)) - 3ee7b367-7b16-44e1-99f8-43aefeda0876: shutdown FollowerState
2019-10-18 14:30:27,792 [grpc-default-executor-5] INFO  impl.RoleInfo (RoleInfo.java:updateAndGet(143)) - 3ee7b367-7b16-44e1-99f8-43aefeda0876: start FollowerState
2019-10-18 14:30:27,792 [Thread-944] INFO  impl.FollowerState (FollowerState.java:run(117)) - 3ee7b367-7b16-44e1-99f8-43aefeda0876@group-FD33B9583E3C-FollowerState was interrupted: java.lang.InterruptedException: sleep interrupted
2019-10-18 14:30:27,807 [681edbc6-a1fc-42a4-b5ce-4922820de60a@group-FD33B9583E3C-LeaderElection84] INFO  impl.LeaderElection (LeaderElection.java:logAndReturn(56)) - 681edbc6-a1fc-42a4-b5ce-4922820de60a@group-FD33B9583E3C-LeaderElection84: Election REJECTED; received 2 response(s) [681edbc6-a1fc-42a4-b5ce-4922820de60a<-3ee7b367-7b16-44e1-99f8-43aefeda0876#0:FAIL-t75, 681edbc6-a1fc-42a4-b5ce-4922820de60a<-773cce60-eeca-4c1f-a5ec-70084be8b6b9#0:FAIL-t75] and 0 exception(s); 681edbc6-a1fc-42a4-b5ce-4922820de60a@group-FD33B9583E3C:t75, leader=null, voted=681edbc6-a1fc-42a4-b5ce-4922820de60a, raftlog=681edbc6-a1fc-42a4-b5ce-4922820de60a@group-FD33B9583E3C-SegmentedRaftLog:OPENED:c-1,f-1,i0, conf=-1: [3ee7b367-7b16-44e1-99f8-43aefeda0876:192.168.164.233:46080, 681edbc6-a1fc-42a4-b5ce-4922820de60a:192.168.164.233:44267, 773cce60-eeca-4c1f-a5ec-70084be8b6b9:192.168.164.233:38729], old=null
2019-10-18 14:30:27,807 [681edbc6-a1fc-42a4-b5ce-4922820de60a@group-FD33B9583E3C-LeaderElection84] INFO  impl.RaftServerImpl (RaftServerImpl.java:setRole(184)) - 681edbc6-a1fc-42a4-b5ce-4922820de60a@group-FD33B9583E3C: changes role from CANDIDATE to FOLLOWER at term 75 for DISCOVERED_A_NEW_TERM
2019-10-18 14:30:27,807 [681edbc6-a1fc-42a4-b5ce-4922820de60a@group-FD33B9583E3C-LeaderElection84] INFO  impl.RoleInfo (RoleInfo.java:shutdownLeaderElection(134)) - 681edbc6-a1fc-42a4-b5ce-4922820de60a: shutdown LeaderElection
2019-10-18 14:30:27,808 [681edbc6-a1fc-42a4-b5ce-4922820de60a@group-FD33B9583E3C-LeaderElection84] INFO  impl.RoleInfo (RoleInfo.java:updateAndGet(143)) - 681edbc6-a1fc-42a4-b5ce-4922820de60a: start FollowerState
2019-10-18 14:30:27,937 [Thread-951] INFO  impl.FollowerState (FollowerState.java:run(108)) - 681edbc6-a1fc-42a4-b5ce-4922820de60a@group-FD33B9583E3C-FollowerState: change to CANDIDATE, lastRpcTime:129ms, electionTimeout:129ms
2019-10-18 14:30:27,938 [Thread-951] INFO  impl.RoleInfo (RoleInfo.java:shutdownFollowerState(121)) - 681edbc6-a1fc-42a4-b5ce-4922820de60a: shutdown FollowerState
2019-10-18 14:30:27,938 [Thread-951] INFO  impl.RaftServerImpl (RaftServerImpl.java:setRole(184)) - 681edbc6-a1fc-42a4-b5ce-4922820de60a@group-FD33B9583E3C: changes role from  FOLLOWER to CANDIDATE at term 75 for changeToCandidate
2019-10-18 14:30:27,938 [Thread-951] INFO  impl.RoleInfo (RoleInfo.java:updateAndGet(143)) - 681edbc6-a1fc-42a4-b5ce-4922820de60a: start LeaderElection
2019-10-18 14:30:27,965 [681edbc6-a1fc-42a4-b5ce-4922820de60a@group-FD33B9583E3C-LeaderElection85] INFO  impl.LeaderElection (LeaderElection.java:askForVotes(178)) - 681edbc6-a1fc-42a4-b5ce-4922820de60a@group-FD33B9583E3C-LeaderElection85: begin an election at term 76 for -1: [3ee7b367-7b16-44e1-99f8-43aefeda0876:192.168.164.233:46080, 681edbc6-a1fc-42a4-b5ce-4922820de60a:192.168.164.233:44267, 773cce60-eeca-4c1f-a5ec-70084be8b6b9:192.168.164.233:38729], old=null
2019-10-18 14:30:27,970 [grpc-default-executor-1] INFO  impl.RaftServerImpl (RaftServerImpl.java:setRole(184)) - 773cce60-eeca-4c1f-a5ec-70084be8b6b9@group-FD33B9583E3C: changes role from  FOLLOWER to FOLLOWER at term 76 for recognizeCandidate:681edbc6-a1fc-42a4-b5ce-4922820de60a
2019-10-18 14:30:27,970 [grpc-default-executor-5] INFO  impl.RaftServerImpl (RaftServerImpl.java:setRole(184)) - 3ee7b367-7b16-44e1-99f8-43aefeda0876@group-FD33B9583E3C: changes role from  FOLLOWER to FOLLOWER at term 76 for recognizeCandidate:681edbc6-a1fc-42a4-b5ce-4922820de60a
2019-10-18 14:30:27,970 [grpc-default-executor-1] INFO  impl.RoleInfo (RoleInfo.java:shutdownFollowerState(121)) - 773cce60-eeca-4c1f-a5ec-70084be8b6b9: shutdown FollowerState
2019-10-18 14:30:27,970 [grpc-default-executor-5] INFO  impl.RoleInfo (RoleInfo.java:shutdownFollowerState(121)) - 3ee7b367-7b16-44e1-99f8-43aefeda0876: shutdown FollowerState
2019-10-18 14:30:27,970 [grpc-default-executor-1] INFO  impl.RoleInfo (RoleInfo.java:updateAndGet(143)) - 773cce60-eeca-4c1f-a5ec-70084be8b6b9: start FollowerState
2019-10-18 14:30:27,970 [Thread-950] INFO  impl.FollowerState (FollowerState.java:run(117)) - 3ee7b367-7b16-44e1-99f8-43aefeda0876@group-FD33B9583E3C-FollowerState was interrupted: java.lang.InterruptedException: sleep interrupted
2019-10-18 14:30:27,970 [grpc-default-executor-5] INFO  impl.RoleInfo (RoleInfo.java:updateAndGet(143)) - 3ee7b367-7b16-44e1-99f8-43aefeda0876: start FollowerState
2019-10-18 14:30:27,970 [Thread-949] INFO  impl.FollowerState (FollowerState.java:run(117)) - 773cce60-eeca-4c1f-a5ec-70084be8b6b9@group-FD33B9583E3C-FollowerState was interrupted: java.lang.InterruptedException: sleep interrupted
2019-10-18 14:30:28,099 [681edbc6-a1fc-42a4-b5ce-4922820de60a@group-FD33B9583E3C-LeaderElection85] INFO  impl.LeaderElection (LeaderElection.java:logAndReturn(56)) - 681edbc6-a1fc-42a4-b5ce-4922820de60a@group-FD33B9583E3C-LeaderElection85: Election TIMEOUT; received 0 response(s) [] and 0 exception(s); 681edbc6-a1fc-42a4-b5ce-4922820de60a@group-FD33B9583E3C:t76, leader=null, voted=681edbc6-a1fc-42a4-b5ce-4922820de60a, raftlog=681edbc6-a1fc-42a4-b5ce-4922820de60a@group-FD33B9583E3C-SegmentedRaftLog:OPENED:c-1,f-1,i0, conf=-1: [3ee7b367-7b16-44e1-99f8-43aefeda0876:192.168.164.233:46080, 681edbc6-a1fc-42a4-b5ce-4922820de60a:192.168.164.233:44267, 773cce60-eeca-4c1f-a5ec-70084be8b6b9:192.168.164.233:38729], old=null
2019-10-18 14:30:28,162 [681edbc6-a1fc-42a4-b5ce-4922820de60a@group-FD33B9583E3C-LeaderElection85] INFO  impl.LeaderElection (LeaderElection.java:askForVotes(178)) - 681edbc6-a1fc-42a4-b5ce-4922820de60a@group-FD33B9583E3C-LeaderElection85: begin an election at term 77 for -1: [3ee7b367-7b16-44e1-99f8-43aefeda0876:192.168.164.233:46080, 681edbc6-a1fc-42a4-b5ce-4922820de60a:192.168.164.233:44267, 773cce60-eeca-4c1f-a5ec-70084be8b6b9:192.168.164.233:38729], old=null
2019-10-18 14:30:28,164 [grpc-default-executor-5] INFO  impl.RaftServerImpl (RaftServerImpl.java:setRole(184)) - 3ee7b367-7b16-44e1-99f8-43aefeda0876@group-FD33B9583E3C: changes role from  FOLLOWER to FOLLOWER at term 77 for recognizeCandidate:681edbc6-a1fc-42a4-b5ce-4922820de60a
2019-10-18 14:30:28,165 [grpc-default-executor-1] INFO  impl.RaftServerImpl (RaftServerImpl.java:setRole(184)) - 773cce60-eeca-4c1f-a5ec-70084be8b6b9@group-FD33B9583E3C: changes role from  FOLLOWER to FOLLOWER at term 77 for recognizeCandidate:681edbc6-a1fc-42a4-b5ce-4922820de60a
2019-10-18 14:30:28,165 [grpc-default-executor-5] INFO  impl.RoleInfo (RoleInfo.java:shutdownFollowerState(121)) - 3ee7b367-7b16-44e1-99f8-43aefeda0876: shutdown FollowerState
2019-10-18 14:30:28,165 [grpc-default-executor-1] INFO  impl.RoleInfo (RoleInfo.java:shutdownFollowerState(121)) - 773cce60-eeca-4c1f-a5ec-70084be8b6b9: shutdown FollowerState
2019-10-18 14:30:28,165 [Thread-960] INFO  impl.FollowerState (FollowerState.java:run(117)) - 3ee7b367-7b16-44e1-99f8-43aefeda0876@group-FD33B9583E3C-FollowerState was interrupted: java.lang.InterruptedException: sleep interrupted
2019-10-18 14:30:28,165 [grpc-default-executor-5] INFO  impl.RoleInfo (RoleInfo.java:updateAndGet(143)) - 3ee7b367-7b16-44e1-99f8-43aefeda0876: start FollowerState
2019-10-18 14:30:28,165 [Thread-959] INFO  impl.FollowerState (FollowerState.java:run(117)) - 773cce60-eeca-4c1f-a5ec-70084be8b6b9@group-FD33B9583E3C-FollowerState was interrupted: java.lang.InterruptedException: sleep interrupted
2019-10-18 14:30:28,165 [grpc-default-executor-1] INFO  impl.RoleInfo (RoleInfo.java:updateAndGet(143)) - 773cce60-eeca-4c1f-a5ec-70084be8b6b9: start FollowerState
2019-10-18 14:30:28,180 [681edbc6-a1fc-42a4-b5ce-4922820de60a@group-FD33B9583E3C-LeaderElection85] INFO  impl.LeaderElection (LeaderElection.java:logAndReturn(56)) - 681edbc6-a1fc-42a4-b5ce-4922820de60a@group-FD33B9583E3C-LeaderElection85: Election REJECTED; received 2 response(s) [681edbc6-a1fc-42a4-b5ce-4922820de60a<-3ee7b367-7b16-44e1-99f8-43aefeda0876#0:FAIL-t77, 681edbc6-a1fc-42a4-b5ce-4922820de60a<-773cce60-eeca-4c1f-a5ec-70084be8b6b9#0:FAIL-t77] and 0 exception(s); 681edbc6-a1fc-42a4-b5ce-4922820de60a@group-FD33B9583E3C:t77, leader=null, voted=681edbc6-a1fc-42a4-b5ce-4922820de60a, raftlog=681edbc6-a1fc-42a4-b5ce-4922820de60a@group-FD33B9583E3C-SegmentedRaftLog:OPENED:c-1,f-1,i0, conf=-1: [3ee7b367-7b16-44e1-99f8-43aefeda0876:192.168.164.233:46080, 681edbc6-a1fc-42a4-b5ce-4922820de60a:192.168.164.233:44267, 773cce60-eeca-4c1f-a5ec-70084be8b6b9:192.168.164.233:38729], old=null
2019-10-18 14:30:28,180 [681edbc6-a1fc-42a4-b5ce-4922820de60a@group-FD33B9583E3C-LeaderElection85] INFO  impl.RaftServerImpl (RaftServerImpl.java:setRole(184)) - 681edbc6-a1fc-42a4-b5ce-4922820de60a@group-FD33B9583E3C: changes role from CANDIDATE to FOLLOWER at term 77 for DISCOVERED_A_NEW_TERM
2019-10-18 14:30:28,180 [681edbc6-a1fc-42a4-b5ce-4922820de60a@group-FD33B9583E3C-LeaderElection85] INFO  impl.RoleInfo (RoleInfo.java:shutdownLeaderElection(134)) - 681edbc6-a1fc-42a4-b5ce-4922820de60a: shutdown LeaderElection
2019-10-18 14:30:28,180 [681edbc6-a1fc-42a4-b5ce-4922820de60a@group-FD33B9583E3C-LeaderElection85] INFO  impl.RoleInfo (RoleInfo.java:updateAndGet(143)) - 681edbc6-a1fc-42a4-b5ce-4922820de60a: start FollowerState
2019-10-18 14:30:28,228 [Thread-965] INFO  impl.FollowerState (FollowerState.java:run(108)) - 681edbc6-a1fc-42a4-b5ce-4922820de60a@group-FD33B9583E3C-FollowerState: change to CANDIDATE, lastRpcTime:47ms, electionTimeout:47ms
2019-10-18 14:30:28,228 [Thread-965] INFO  impl.RoleInfo (RoleInfo.java:shutdownFollowerState(121)) - 681edbc6-a1fc-42a4-b5ce-4922820de60a: shutdown FollowerState
2019-10-18 14:30:28,228 [Thread-965] INFO  impl.RaftServerImpl (RaftServerImpl.java:setRole(184)) - 681edbc6-a1fc-42a4-b5ce-4922820de60a@group-FD33B9583E3C: changes role from  FOLLOWER to CANDIDATE at term 77 for changeToCandidate
2019-10-18 14:30:28,228 [Thread-965] INFO  impl.RoleInfo (RoleInfo.java:updateAndGet(143)) - 681edbc6-a1fc-42a4-b5ce-4922820de60a: start LeaderElection
2019-10-18 14:30:28,234 [681edbc6-a1fc-42a4-b5ce-4922820de60a@group-FD33B9583E3C-LeaderElection86] INFO  impl.LeaderElection (LeaderElection.java:askForVotes(178)) - 681edbc6-a1fc-42a4-b5ce-4922820de60a@group-FD33B9583E3C-LeaderElection86: begin an election at term 78 for -1: [3ee7b367-7b16-44e1-99f8-43aefeda0876:192.168.164.233:46080, 681edbc6-a1fc-42a4-b5ce-4922820de60a:192.168.164.233:44267, 773cce60-eeca-4c1f-a5ec-70084be8b6b9:192.168.164.233:38729], old=null
2019-10-18 14:30:28,237 [grpc-default-executor-5] INFO  impl.RaftServerImpl (RaftServerImpl.java:setRole(184)) - 3ee7b367-7b16-44e1-99f8-43aefeda0876@group-FD33B9583E3C: changes role from  FOLLOWER to FOLLOWER at term 78 for recognizeCandidate:681edbc6-a1fc-42a4-b5ce-4922820de60a
2019-10-18 14:30:28,237 [grpc-default-executor-1] INFO  impl.RaftServerImpl (RaftServerImpl.java:setRole(184)) - 773cce60-eeca-4c1f-a5ec-70084be8b6b9@group-FD33B9583E3C: changes role from  FOLLOWER to FOLLOWER at term 78 for recognizeCandidate:681edbc6-a1fc-42a4-b5ce-4922820de60a
2019-10-18 14:30:28,237 [grpc-default-executor-5] INFO  impl.RoleInfo (RoleInfo.java:shutdownFollowerState(121)) - 3ee7b367-7b16-44e1-99f8-43aefeda0876: shutdown FollowerState
2019-10-18 14:30:28,237 [grpc-default-executor-1] INFO  impl.RoleInfo (RoleInfo.java:shutdownFollowerState(121)) - 773cce60-eeca-4c1f-a5ec-70084be8b6b9: shutdown FollowerState
2019-10-18 14:30:28,237 [Thread-963] INFO  impl.FollowerState (FollowerState.java:run(117)) - 3ee7b367-7b16-44e1-99f8-43aefeda0876@group-FD33B9583E3C-FollowerState was interrupted: java.lang.InterruptedException: sleep interrupted
2019-10-18 14:30:28,237 [Thread-964] INFO  impl.FollowerState (FollowerState.java:run(117)) - 773cce60-eeca-4c1f-a5ec-70084be8b6b9@group-FD33B9583E3C-FollowerState was interrupted: java.lang.InterruptedException: sleep interrupted
2019-10-18 14:30:28,237 [grpc-default-executor-5] INFO  impl.RoleInfo (RoleInfo.java:updateAndGet(143)) - 3ee7b367-7b16-44e1-99f8-43aefeda0876: start FollowerState
2019-10-18 14:30:28,237 [grpc-default-executor-1] INFO  impl.RoleInfo (RoleInfo.java:updateAndGet(143)) - 773cce60-eeca-4c1f-a5ec-70084be8b6b9: start FollowerState
2019-10-18 14:30:28,244 [681edbc6-a1fc-42a4-b5ce-4922820de60a@group-FD33B9583E3C-LeaderElection86] INFO  impl.LeaderElection (LeaderElection.java:logAndReturn(56)) - 681edbc6-a1fc-42a4-b5ce-4922820de60a@group-FD33B9583E3C-LeaderElection86: Election REJECTED; received 2 response(s) [681edbc6-a1fc-42a4-b5ce-4922820de60a<-3ee7b367-7b16-44e1-99f8-43aefeda0876#0:FAIL-t78, 681edbc6-a1fc-42a4-b5ce-4922820de60a<-773cce60-eeca-4c1f-a5ec-70084be8b6b9#0:FAIL-t78] and 0 exception(s); 681edbc6-a1fc-42a4-b5ce-4922820de60a@group-FD33B9583E3C:t78, leader=null, voted=681edbc6-a1fc-42a4-b5ce-4922820de60a, raftlog=681edbc6-a1fc-42a4-b5ce-4922820de60a@group-FD33B9583E3C-SegmentedRaftLog:OPENED:c-1,f-1,i0, conf=-1: [3ee7b367-7b16-44e1-99f8-43aefeda0876:192.168.164.233:46080, 681edbc6-a1fc-42a4-b5ce-4922820de60a:192.168.164.233:44267, 773cce60-eeca-4c1f-a5ec-70084be8b6b9:192.168.164.233:38729], old=null
2019-10-18 14:30:28,244 [681edbc6-a1fc-42a4-b5ce-4922820de60a@group-FD33B9583E3C-LeaderElection86] INFO  impl.RaftServerImpl (RaftServerImpl.java:setRole(184)) - 681edbc6-a1fc-42a4-b5ce-4922820de60a@group-FD33B9583E3C: changes role from CANDIDATE to FOLLOWER at term 78 for DISCOVERED_A_NEW_TERM
2019-10-18 14:30:28,245 [681edbc6-a1fc-42a4-b5ce-4922820de60a@group-FD33B9583E3C-LeaderElection86] INFO  impl.RoleInfo (RoleInfo.java:shutdownLeaderElection(134)) - 681edbc6-a1fc-42a4-b5ce-4922820de60a: shutdown LeaderElection
2019-10-18 14:30:28,245 [681edbc6-a1fc-42a4-b5ce-4922820de60a@group-FD33B9583E3C-LeaderElection86] INFO  impl.RoleInfo (RoleInfo.java:updateAndGet(143)) - 681edbc6-a1fc-42a4-b5ce-4922820de60a: start FollowerState
2019-10-18 14:30:28,390 [Thread-971] INFO  impl.FollowerState (FollowerState.java:run(108)) - 681edbc6-a1fc-42a4-b5ce-4922820de60a@group-FD33B9583E3C-FollowerState: change to CANDIDATE, lastRpcTime:145ms, electionTimeout:145ms
2019-10-18 14:30:28,390 [Thread-971] INFO  impl.RoleInfo (RoleInfo.java:shutdownFollowerState(121)) - 681edbc6-a1fc-42a4-b5ce-4922820de60a: shutdown FollowerState
2019-10-18 14:30:28,391 [Thread-971] INFO  impl.RaftServerImpl (RaftServerImpl.java:setRole(184)) - 681edbc6-a1fc-42a4-b5ce-4922820de60a@group-FD33B9583E3C: changes role from  FOLLOWER to CANDIDATE at term 78 for changeToCandidate
2019-10-18 14:30:28,391 [Thread-971] INFO  impl.RoleInfo (RoleInfo.java:updateAndGet(143)) - 681edbc6-a1fc-42a4-b5ce-4922820de60a: start LeaderElection
2019-10-18 14:30:28,398 [681edbc6-a1fc-42a4-b5ce-4922820de60a@group-FD33B9583E3C-LeaderElection87] INFO  impl.LeaderElection (LeaderElection.java:askForVotes(178)) - 681edbc6-a1fc-42a4-b5ce-4922820de60a@group-FD33B9583E3C-LeaderElection87: begin an election at term 79 for -1: [3ee7b367-7b16-44e1-99f8-43aefeda0876:192.168.164.233:46080, 681edbc6-a1fc-42a4-b5ce-4922820de60a:192.168.164.233:44267, 773cce60-eeca-4c1f-a5ec-70084be8b6b9:192.168.164.233:38729], old=null
2019-10-18 14:30:28,400 [grpc-default-executor-1] INFO  impl.RaftServerImpl (RaftServerImpl.java:setRole(184)) - 3ee7b367-7b16-44e1-99f8-43aefeda0876@group-FD33B9583E3C: changes role from  FOLLOWER to FOLLOWER at term 79 for recognizeCandidate:681edbc6-a1fc-42a4-b5ce-4922820de60a
2019-10-18 14:30:28,400 [grpc-default-executor-1] INFO  impl.RoleInfo (RoleInfo.java:shutdownFollowerState(121)) - 3ee7b367-7b16-44e1-99f8-43aefeda0876: shutdown FollowerState
2019-10-18 14:30:28,400 [grpc-default-executor-1] INFO  impl.RoleInfo (RoleInfo.java:updateAndGet(143)) - 3ee7b367-7b16-44e1-99f8-43aefeda0876: start FollowerState
2019-10-18 14:30:28,401 [Thread-969] INFO  impl.FollowerState (FollowerState.java:run(117)) - 3ee7b367-7b16-44e1-99f8-43aefeda0876@group-FD33B9583E3C-FollowerState was interrupted: java.lang.InterruptedException: sleep interrupted
2019-10-18 14:30:28,401 [grpc-default-executor-5] INFO  impl.RaftServerImpl (RaftServerImpl.java:setRole(184)) - 773cce60-eeca-4c1f-a5ec-70084be8b6b9@group-FD33B9583E3C: changes role from  FOLLOWER to FOLLOWER at term 79 for recognizeCandidate:681edbc6-a1fc-42a4-b5ce-4922820de60a
2019-10-18 14:30:28,401 [grpc-default-executor-5] INFO  impl.RoleInfo (RoleInfo.java:shutdownFollowerState(121)) - 773cce60-eeca-4c1f-a5ec-70084be8b6b9: shutdown FollowerState
2019-10-18 14:30:28,401 [grpc-default-executor-5] INFO  impl.RoleInfo (RoleInfo.java:updateAndGet(143)) - 773cce60-eeca-4c1f-a5ec-70084be8b6b9: start FollowerState
2019-10-18 14:30:28,401 [Thread-970] INFO  impl.FollowerState (FollowerState.java:run(117)) - 773cce60-eeca-4c1f-a5ec-70084be8b6b9@group-FD33B9583E3C-FollowerState was interrupted: java.lang.InterruptedException: sleep interrupted
2019-10-18 14:30:28,408 [681edbc6-a1fc-42a4-b5ce-4922820de60a@group-FD33B9583E3C-LeaderElection87] INFO  impl.LeaderElection (LeaderElection.java:logAndReturn(56)) - 681edbc6-a1fc-42a4-b5ce-4922820de60a@group-FD33B9583E3C-LeaderElection87: Election REJECTED; received 2 response(s) [681edbc6-a1fc-42a4-b5ce-4922820de60a<-3ee7b367-7b16-44e1-99f8-43aefeda0876#0:FAIL-t79, 681edbc6-a1fc-42a4-b5ce-4922820de60a<-773cce60-eeca-4c1f-a5ec-70084be8b6b9#0:FAIL-t79] and 0 exception(s); 681edbc6-a1fc-42a4-b5ce-4922820de60a@group-FD33B9583E3C:t79, leader=null, voted=681edbc6-a1fc-42a4-b5ce-4922820de60a, raftlog=681edbc6-a1fc-42a4-b5ce-4922820de60a@group-FD33B9583E3C-SegmentedRaftLog:OPENED:c-1,f-1,i0, conf=-1: [3ee7b367-7b16-44e1-99f8-43aefeda0876:192.168.164.233:46080, 681edbc6-a1fc-42a4-b5ce-4922820de60a:192.168.164.233:44267, 773cce60-eeca-4c1f-a5ec-70084be8b6b9:192.168.164.233:38729], old=null
2019-10-18 14:30:28,408 [681edbc6-a1fc-42a4-b5ce-4922820de60a@group-FD33B9583E3C-LeaderElection87] INFO  impl.RaftServerImpl (RaftServerImpl.java:setRole(184)) - 681edbc6-a1fc-42a4-b5ce-4922820de60a@group-FD33B9583E3C: changes role from CANDIDATE to FOLLOWER at term 79 for DISCOVERED_A_NEW_TERM
2019-10-18 14:30:28,408 [681edbc6-a1fc-42a4-b5ce-4922820de60a@group-FD33B9583E3C-LeaderElection87] INFO  impl.RoleInfo (RoleInfo.java:shutdownLeaderElection(134)) - 681edbc6-a1fc-42a4-b5ce-4922820de60a: shutdown LeaderElection
2019-10-18 14:30:28,408 [681edbc6-a1fc-42a4-b5ce-4922820de60a@group-FD33B9583E3C-LeaderElection87] INFO  impl.RoleInfo (RoleInfo.java:updateAndGet(143)) - 681edbc6-a1fc-42a4-b5ce-4922820de60a: start FollowerState
2019-10-18 14:30:28,513 [Thread-981] INFO  impl.FollowerState (FollowerState.java:run(108)) - 681edbc6-a1fc-42a4-b5ce-4922820de60a@group-FD33B9583E3C-FollowerState: change to CANDIDATE, lastRpcTime:104ms, electionTimeout:104ms
2019-10-18 14:30:28,513 [Thread-981] INFO  impl.RoleInfo (RoleInfo.java:shutdownFollowerState(121)) - 681edbc6-a1fc-42a4-b5ce-4922820de60a: shutdown FollowerState
2019-10-18 14:30:28,513 [Thread-981] INFO  impl.RaftServerImpl (RaftServerImpl.java:setRole(184)) - 681edbc6-a1fc-42a4-b5ce-4922820de60a@group-FD33B9583E3C: changes role from  FOLLOWER to CANDIDATE at term 79 for changeToCandidate
2019-10-18 14:30:28,513 [Thread-981] INFO  impl.RoleInfo (RoleInfo.java:updateAndGet(143)) - 681edbc6-a1fc-42a4-b5ce-4922820de60a: start LeaderElection
2019-10-18 14:30:28,521 [681edbc6-a1fc-42a4-b5ce-4922820de60a@group-FD33B9583E3C-LeaderElection88] INFO  impl.LeaderElection (LeaderElection.java:askForVotes(178)) - 681edbc6-a1fc-42a4-b5ce-4922820de60a@group-FD33B9583E3C-LeaderElection88: begin an election at term 80 for -1: [3ee7b367-7b16-44e1-99f8-43aefeda0876:192.168.164.233:46080, 681edbc6-a1fc-42a4-b5ce-4922820de60a:192.168.164.233:44267, 773cce60-eeca-4c1f-a5ec-70084be8b6b9:192.168.164.233:38729], old=null
2019-10-18 14:30:28,523 [grpc-default-executor-5] INFO  impl.RaftServerImpl (RaftServerImpl.java:setRole(184)) - 773cce60-eeca-4c1f-a5ec-70084be8b6b9@group-FD33B9583E3C: changes role from  FOLLOWER to FOLLOWER at term 80 for recognizeCandidate:681edbc6-a1fc-42a4-b5ce-4922820de60a
2019-10-18 14:30:28,523 [grpc-default-executor-1] INFO  impl.RaftServerImpl (RaftServerImpl.java:setRole(184)) - 3ee7b367-7b16-44e1-99f8-43aefeda0876@group-FD33B9583E3C: changes role from  FOLLOWER to FOLLOWER at term 80 for recognizeCandidate:681edbc6-a1fc-42a4-b5ce-4922820de60a
2019-10-18 14:30:28,523 [grpc-default-executor-5] INFO  impl.RoleInfo (RoleInfo.java:shutdownFollowerState(121)) - 773cce60-eeca-4c1f-a5ec-70084be8b6b9: shutdown FollowerState
2019-10-18 14:30:28,524 [grpc-default-executor-5] INFO  impl.RoleInfo (RoleInfo.java:updateAndGet(143)) - 773cce60-eeca-4c1f-a5ec-70084be8b6b9: start FollowerState
2019-10-18 14:30:28,524 [Thread-980] INFO  impl.FollowerState (FollowerState.java:run(117)) - 773cce60-eeca-4c1f-a5ec-70084be8b6b9@group-FD33B9583E3C-FollowerState was interrupted: java.lang.InterruptedException: sleep interrupted
2019-10-18 14:30:28,523 [grpc-default-executor-1] INFO  impl.RoleInfo (RoleInfo.java:shutdownFollowerState(121)) - 3ee7b367-7b16-44e1-99f8-43aefeda0876: shutdown FollowerState
2019-10-18 14:30:28,524 [grpc-default-executor-1] INFO  impl.RoleInfo (RoleInfo.java:updateAndGet(143)) - 3ee7b367-7b16-44e1-99f8-43aefeda0876: start FollowerState
2019-10-18 14:30:28,524 [Thread-979] INFO  impl.FollowerState (FollowerState.java:run(117)) - 3ee7b367-7b16-44e1-99f8-43aefeda0876@group-FD33B9583E3C-FollowerState was interrupted: java.lang.InterruptedException: sleep interrupted
2019-10-18 14:30:28,531 [681edbc6-a1fc-42a4-b5ce-4922820de60a@group-FD33B9583E3C-LeaderElection88] INFO  impl.LeaderElection (LeaderElection.java:logAndReturn(56)) - 681edbc6-a1fc-42a4-b5ce-4922820de60a@group-FD33B9583E3C-LeaderElection88: Election REJECTED; received 2 response(s) [681edbc6-a1fc-42a4-b5ce-4922820de60a<-3ee7b367-7b16-44e1-99f8-43aefeda0876#0:FAIL-t80, 681edbc6-a1fc-42a4-b5ce-4922820de60a<-773cce60-eeca-4c1f-a5ec-70084be8b6b9#0:FAIL-t80] and 0 exception(s); 681edbc6-a1fc-42a4-b5ce-4922820de60a@group-FD33B9583E3C:t80, leader=null, voted=681edbc6-a1fc-42a4-b5ce-4922820de60a, raftlog=681edbc6-a1fc-42a4-b5ce-4922820de60a@group-FD33B9583E3C-SegmentedRaftLog:OPENED:c-1,f-1,i0, conf=-1: [3ee7b367-7b16-44e1-99f8-43aefeda0876:192.168.164.233:46080, 681edbc6-a1fc-42a4-b5ce-4922820de60a:192.168.164.233:44267, 773cce60-eeca-4c1f-a5ec-70084be8b6b9:192.168.164.233:38729], old=null
2019-10-18 14:30:28,532 [681edbc6-a1fc-42a4-b5ce-4922820de60a@group-FD33B9583E3C-LeaderElection88] INFO  impl.RaftServerImpl (RaftServerImpl.java:setRole(184)) - 681edbc6-a1fc-42a4-b5ce-4922820de60a@group-FD33B9583E3C: changes role from CANDIDATE to FOLLOWER at term 80 for DISCOVERED_A_NEW_TERM
2019-10-18 14:30:28,532 [681edbc6-a1fc-42a4-b5ce-4922820de60a@group-FD33B9583E3C-LeaderElection88] INFO  impl.RoleInfo (RoleInfo.java:shutdownLeaderElection(134)) - 681edbc6-a1fc-42a4-b5ce-4922820de60a: shutdown LeaderElection
2019-10-18 14:30:28,532 [681edbc6-a1fc-42a4-b5ce-4922820de60a@group-FD33B9583E3C-LeaderElection88] INFO  impl.RoleInfo (RoleInfo.java:updateAndGet(143)) - 681edbc6-a1fc-42a4-b5ce-4922820de60a: start FollowerState
2019-10-18 14:30:28,701 [Thread-987] INFO  impl.FollowerState (FollowerState.java:run(108)) - 681edbc6-a1fc-42a4-b5ce-4922820de60a@group-FD33B9583E3C-FollowerState: change to CANDIDATE, lastRpcTime:169ms, electionTimeout:168ms
2019-10-18 14:30:28,701 [Thread-987] INFO  impl.RoleInfo (RoleInfo.java:shutdownFollowerState(121)) - 681edbc6-a1fc-42a4-b5ce-4922820de60a: shutdown FollowerState
2019-10-18 14:30:28,702 [Thread-987] INFO  impl.RaftServerImpl (RaftServerImpl.java:setRole(184)) - 681edbc6-a1fc-42a4-b5ce-4922820de60a@group-FD33B9583E3C: changes role from  FOLLOWER to CANDIDATE at term 80 for changeToCandidate
2019-10-18 14:30:28,702 [Thread-987] INFO  impl.RoleInfo (RoleInfo.java:updateAndGet(143)) - 681edbc6-a1fc-42a4-b5ce-4922820de60a: start LeaderElection
2019-10-18 14:30:28,710 [681edbc6-a1fc-42a4-b5ce-4922820de60a@group-FD33B9583E3C-LeaderElection89] INFO  impl.LeaderElection (LeaderElection.java:askForVotes(178)) - 681edbc6-a1fc-42a4-b5ce-4922820de60a@group-FD33B9583E3C-LeaderElection89: begin an election at term 81 for -1: [3ee7b367-7b16-44e1-99f8-43aefeda0876:192.168.164.233:46080, 681edbc6-a1fc-42a4-b5ce-4922820de60a:192.168.164.233:44267, 773cce60-eeca-4c1f-a5ec-70084be8b6b9:192.168.164.233:38729], old=null
2019-10-18 14:30:28,713 [grpc-default-executor-3] INFO  impl.RaftServerImpl (RaftServerImpl.java:setRole(184)) - 773cce60-eeca-4c1f-a5ec-70084be8b6b9@group-FD33B9583E3C: changes role from  FOLLOWER to FOLLOWER at term 81 for recognizeCandidate:681edbc6-a1fc-42a4-b5ce-4922820de60a
2019-10-18 14:30:28,713 [grpc-default-executor-1] INFO  impl.RaftServerImpl (RaftServerImpl.java:setRole(184)) - 3ee7b367-7b16-44e1-99f8-43aefeda0876@group-FD33B9583E3C: changes role from  FOLLOWER to FOLLOWER at term 81 for recognizeCandidate:681edbc6-a1fc-42a4-b5ce-4922820de60a
2019-10-18 14:30:28,713 [grpc-default-executor-3] INFO  impl.RoleInfo (RoleInfo.java:shutdownFollowerState(121)) - 773cce60-eeca-4c1f-a5ec-70084be8b6b9: shutdown FollowerState
2019-10-18 14:30:28,713 [grpc-default-executor-1] INFO  impl.RoleInfo (RoleInfo.java:shutdownFollowerState(121)) - 3ee7b367-7b16-44e1-99f8-43aefeda0876: shutdown FollowerState
2019-10-18 14:30:28,714 [Thread-985] INFO  impl.FollowerState (FollowerState.java:run(117)) - 773cce60-eeca-4c1f-a5ec-70084be8b6b9@group-FD33B9583E3C-FollowerState was interrupted: java.lang.InterruptedException: sleep interrupted
2019-10-18 14:30:28,714 [grpc-default-executor-3] INFO  impl.RoleInfo (RoleInfo.java:updateAndGet(143)) - 773cce60-eeca-4c1f-a5ec-70084be8b6b9: start FollowerState
2019-10-18 14:30:28,714 [Thread-986] INFO  impl.FollowerState (FollowerState.java:run(117)) - 3ee7b367-7b16-44e1-99f8-43aefeda0876@group-FD33B9583E3C-FollowerState was interrupted: java.lang.InterruptedException: sleep interrupted
2019-10-18 14:30:28,714 [grpc-default-executor-1] INFO  impl.RoleInfo (RoleInfo.java:updateAndGet(143)) - 3ee7b367-7b16-44e1-99f8-43aefeda0876: start FollowerState
2019-10-18 14:30:28,723 [681edbc6-a1fc-42a4-b5ce-4922820de60a@group-FD33B9583E3C-LeaderElection89] INFO  impl.LeaderElection (LeaderElection.java:logAndReturn(56)) - 681edbc6-a1fc-42a4-b5ce-4922820de60a@group-FD33B9583E3C-LeaderElection89: Election REJECTED; received 2 response(s) [681edbc6-a1fc-42a4-b5ce-4922820de60a<-3ee7b367-7b16-44e1-99f8-43aefeda0876#0:FAIL-t81, 681edbc6-a1fc-42a4-b5ce-4922820de60a<-773cce60-eeca-4c1f-a5ec-70084be8b6b9#0:FAIL-t81] and 0 exception(s); 681edbc6-a1fc-42a4-b5ce-4922820de60a@group-FD33B9583E3C:t81, leader=null, voted=681edbc6-a1fc-42a4-b5ce-4922820de60a, raftlog=681edbc6-a1fc-42a4-b5ce-4922820de60a@group-FD33B9583E3C-SegmentedRaftLog:OPENED:c-1,f-1,i0, conf=-1: [3ee7b367-7b16-44e1-99f8-43aefeda0876:192.168.164.233:46080, 681edbc6-a1fc-42a4-b5ce-4922820de60a:192.168.164.233:44267, 773cce60-eeca-4c1f-a5ec-70084be8b6b9:192.168.164.233:38729], old=null
2019-10-18 14:30:28,723 [681edbc6-a1fc-42a4-b5ce-4922820de60a@group-FD33B9583E3C-LeaderElection89] INFO  impl.RaftServerImpl (RaftServerImpl.java:setRole(184)) - 681edbc6-a1fc-42a4-b5ce-4922820de60a@group-FD33B9583E3C: changes role from CANDIDATE to FOLLOWER at term 81 for DISCOVERED_A_NEW_TERM
2019-10-18 14:30:28,723 [681edbc6-a1fc-42a4-b5ce-4922820de60a@group-FD33B9583E3C-LeaderElection89] INFO  impl.RoleInfo (RoleInfo.java:shutdownLeaderElection(134)) - 681edbc6-a1fc-42a4-b5ce-4922820de60a: shutdown LeaderElection
2019-10-18 14:30:28,723 [681edbc6-a1fc-42a4-b5ce-4922820de60a@group-FD33B9583E3C-LeaderElection89] INFO  impl.RoleInfo (RoleInfo.java:updateAndGet(143)) - 681edbc6-a1fc-42a4-b5ce-4922820de60a: start FollowerState
2019-10-18 14:30:28,821 [main] WARN  io.KeyOutputStream (KeyOutputStream.java:handleException(274)) - Encountered exception java.io.IOException: Unexpected Storage Container Exception: java.util.concurrent.CompletionException: java.util.concurrent.CompletionException: org.apache.ratis.protocol.RaftRetryFailureException: Failed RaftClientRequest:client-0B7323702BBC->773cce60-eeca-4c1f-a5ec-70084be8b6b9@group-FD33B9583E3C, cid=19, seq=1*, RW, cmdType: WriteChunk
traceID: "bccac8c49e76adfa:bccac8c49e76adfa:0:0"
containerID: 1
datanodeUuid: "681edbc6-a1fc-42a4-b5ce-4922820de60a"
writeChunk {
  blockID {
    containerID: 1
    localID: 102983861449981952
    blockCommitSequenceId: 0
  }
  chunkData {
    chunkName: "102983861449981952_chunk_1"
    offset: 0
    len: 1048576
    checksumData {
      type: CRC32
      bytesPerChecksum: 1048576
      checksums: "\361\003\002\247"
    }
  }
}
, data.size=1048576 for 10 attempts with RetryLimited(maxAttempts=10, sleepTime=1000ms) on the pipeline Pipeline[ Id: 57155ffd-c627-443c-9716-fd33b9583e3c, Nodes: 681edbc6-a1fc-42a4-b5ce-4922820de60a{ip: 192.168.164.233, host: pr-hdds-2327-vtdmt-1103746116, networkLocation: /default-rack, certSerialId: null}773cce60-eeca-4c1f-a5ec-70084be8b6b9{ip: 192.168.164.233, host: pr-hdds-2327-vtdmt-1103746116, networkLocation: /default-rack, certSerialId: null}3ee7b367-7b16-44e1-99f8-43aefeda0876{ip: 192.168.164.233, host: pr-hdds-2327-vtdmt-1103746116, networkLocation: /default-rack, certSerialId: null}, Type:RATIS, Factor:THREE, State:OPEN]. The last committed block length is 0, uncommitted data length is 2097152 retry count 0
2019-10-18 14:30:28,921 [Thread-995] INFO  impl.FollowerState (FollowerState.java:run(108)) - 681edbc6-a1fc-42a4-b5ce-4922820de60a@group-FD33B9583E3C-FollowerState: change to CANDIDATE, lastRpcTime:197ms, electionTimeout:197ms
2019-10-18 14:30:28,921 [Thread-995] INFO  impl.RoleInfo (RoleInfo.java:shutdownFollowerState(121)) - 681edbc6-a1fc-42a4-b5ce-4922820de60a: shutdown FollowerState
2019-10-18 14:30:28,921 [Thread-995] INFO  impl.RaftServerImpl (RaftServerImpl.java:setRole(184)) - 681edbc6-a1fc-42a4-b5ce-4922820de60a@group-FD33B9583E3C: changes role from  FOLLOWER to CANDIDATE at term 81 for changeToCandidate
2019-10-18 14:30:28,928 [Thread-995] INFO  impl.RoleInfo (RoleInfo.java:updateAndGet(143)) - 681edbc6-a1fc-42a4-b5ce-4922820de60a: start LeaderElection
2019-10-18 14:30:28,942 [681edbc6-a1fc-42a4-b5ce-4922820de60a@group-FD33B9583E3C-LeaderElection90] INFO  impl.LeaderElection (LeaderElection.java:askForVotes(178)) - 681edbc6-a1fc-42a4-b5ce-4922820de60a@group-FD33B9583E3C-LeaderElection90: begin an election at term 82 for -1: [3ee7b367-7b16-44e1-99f8-43aefeda0876:192.168.164.233:46080, 681edbc6-a1fc-42a4-b5ce-4922820de60a:192.168.164.233:44267, 773cce60-eeca-4c1f-a5ec-70084be8b6b9:192.168.164.233:38729], old=null
2019-10-18 14:30:28,952 [grpc-default-executor-1] INFO  impl.RaftServerImpl (RaftServerImpl.java:setRole(184)) - 3ee7b367-7b16-44e1-99f8-43aefeda0876@group-FD33B9583E3C: changes role from  FOLLOWER to FOLLOWER at term 82 for recognizeCandidate:681edbc6-a1fc-42a4-b5ce-4922820de60a
2019-10-18 14:30:28,952 [grpc-default-executor-1] INFO  impl.RoleInfo (RoleInfo.java:shutdownFollowerState(121)) - 3ee7b367-7b16-44e1-99f8-43aefeda0876: shutdown FollowerState
2019-10-18 14:30:28,952 [grpc-default-executor-1] INFO  impl.RoleInfo (RoleInfo.java:updateAndGet(143)) - 3ee7b367-7b16-44e1-99f8-43aefeda0876: start FollowerState
2019-10-18 14:30:28,952 [Thread-994] INFO  impl.FollowerState (FollowerState.java:run(117)) - 3ee7b367-7b16-44e1-99f8-43aefeda0876@group-FD33B9583E3C-FollowerState was interrupted: java.lang.InterruptedException: sleep interrupted
2019-10-18 14:30:28,954 [grpc-default-executor-3] INFO  impl.RaftServerImpl (RaftServerImpl.java:setRole(184)) - 773cce60-eeca-4c1f-a5ec-70084be8b6b9@group-FD33B9583E3C: changes role from  FOLLOWER to FOLLOWER at term 82 for recognizeCandidate:681edbc6-a1fc-42a4-b5ce-4922820de60a
2019-10-18 14:30:28,954 [grpc-default-executor-3] INFO  impl.RoleInfo (RoleInfo.java:shutdownFollowerState(121)) - 773cce60-eeca-4c1f-a5ec-70084be8b6b9: shutdown FollowerState
2019-10-18 14:30:28,972 [Thread-993] INFO  impl.FollowerState (FollowerState.java:run(117)) - 773cce60-eeca-4c1f-a5ec-70084be8b6b9@group-FD33B9583E3C-FollowerState was interrupted: java.lang.InterruptedException: sleep interrupted
2019-10-18 14:30:28,972 [grpc-default-executor-3] INFO  impl.RoleInfo (RoleInfo.java:updateAndGet(143)) - 773cce60-eeca-4c1f-a5ec-70084be8b6b9: start FollowerState
2019-10-18 14:30:28,995 [681edbc6-a1fc-42a4-b5ce-4922820de60a@group-FD33B9583E3C-LeaderElection90] INFO  impl.LeaderElection (LeaderElection.java:logAndReturn(56)) - 681edbc6-a1fc-42a4-b5ce-4922820de60a@group-FD33B9583E3C-LeaderElection90: Election REJECTED; received 2 response(s) [681edbc6-a1fc-42a4-b5ce-4922820de60a<-3ee7b367-7b16-44e1-99f8-43aefeda0876#0:FAIL-t82, 681edbc6-a1fc-42a4-b5ce-4922820de60a<-773cce60-eeca-4c1f-a5ec-70084be8b6b9#0:FAIL-t82] and 0 exception(s); 681edbc6-a1fc-42a4-b5ce-4922820de60a@group-FD33B9583E3C:t82, leader=null, voted=681edbc6-a1fc-42a4-b5ce-4922820de60a, raftlog=681edbc6-a1fc-42a4-b5ce-4922820de60a@group-FD33B9583E3C-SegmentedRaftLog:OPENED:c-1,f-1,i0, conf=-1: [3ee7b367-7b16-44e1-99f8-43aefeda0876:192.168.164.233:46080, 681edbc6-a1fc-42a4-b5ce-4922820de60a:192.168.164.233:44267, 773cce60-eeca-4c1f-a5ec-70084be8b6b9:192.168.164.233:38729], old=null
2019-10-18 14:30:28,995 [681edbc6-a1fc-42a4-b5ce-4922820de60a@group-FD33B9583E3C-LeaderElection90] INFO  impl.RaftServerImpl (RaftServerImpl.java:setRole(184)) - 681edbc6-a1fc-42a4-b5ce-4922820de60a@group-FD33B9583E3C: changes role from CANDIDATE to FOLLOWER at term 82 for DISCOVERED_A_NEW_TERM
2019-10-18 14:30:28,995 [681edbc6-a1fc-42a4-b5ce-4922820de60a@group-FD33B9583E3C-LeaderElection90] INFO  impl.RoleInfo (RoleInfo.java:shutdownLeaderElection(134)) - 681edbc6-a1fc-42a4-b5ce-4922820de60a: shutdown LeaderElection
2019-10-18 14:30:28,995 [681edbc6-a1fc-42a4-b5ce-4922820de60a@group-FD33B9583E3C-LeaderElection90] INFO  impl.RoleInfo (RoleInfo.java:updateAndGet(143)) - 681edbc6-a1fc-42a4-b5ce-4922820de60a: start FollowerState
2019-10-18 14:30:29,134 [Thread-1009] INFO  impl.FollowerState (FollowerState.java:run(108)) - 681edbc6-a1fc-42a4-b5ce-4922820de60a@group-FD33B9583E3C-FollowerState: change to CANDIDATE, lastRpcTime:138ms, electionTimeout:138ms
2019-10-18 14:30:29,134 [Thread-1009] INFO  impl.RoleInfo (RoleInfo.java:shutdownFollowerState(121)) - 681edbc6-a1fc-42a4-b5ce-4922820de60a: shutdown FollowerState
2019-10-18 14:30:29,134 [Thread-1009] INFO  impl.RaftServerImpl (RaftServerImpl.java:setRole(184)) - 681edbc6-a1fc-42a4-b5ce-4922820de60a@group-FD33B9583E3C: changes role from  FOLLOWER to CANDIDATE at term 82 for changeToCandidate
2019-10-18 14:30:29,140 [Thread-1009] INFO  impl.RoleInfo (RoleInfo.java:updateAndGet(143)) - 681edbc6-a1fc-42a4-b5ce-4922820de60a: start LeaderElection
2019-10-18 14:30:29,148 [681edbc6-a1fc-42a4-b5ce-4922820de60a@group-FD33B9583E3C-LeaderElection91] INFO  impl.LeaderElection (LeaderElection.java:askForVotes(178)) - 681edbc6-a1fc-42a4-b5ce-4922820de60a@group-FD33B9583E3C-LeaderElection91: begin an election at term 83 for -1: [3ee7b367-7b16-44e1-99f8-43aefeda0876:192.168.164.233:46080, 681edbc6-a1fc-42a4-b5ce-4922820de60a:192.168.164.233:44267, 773cce60-eeca-4c1f-a5ec-70084be8b6b9:192.168.164.233:38729], old=null
2019-10-18 14:30:29,155 [grpc-default-executor-1] INFO  impl.RaftServerImpl (RaftServerImpl.java:setRole(184)) - 3ee7b367-7b16-44e1-99f8-43aefeda0876@group-FD33B9583E3C: changes role from  FOLLOWER to FOLLOWER at term 83 for recognizeCandidate:681edbc6-a1fc-42a4-b5ce-4922820de60a
2019-10-18 14:30:29,155 [grpc-default-executor-3] INFO  impl.RaftServerImpl (RaftServerImpl.java:setRole(184)) - 773cce60-eeca-4c1f-a5ec-70084be8b6b9@group-FD33B9583E3C: changes role from  FOLLOWER to FOLLOWER at term 83 for recognizeCandidate:681edbc6-a1fc-42a4-b5ce-4922820de60a
2019-10-18 14:30:29,155 [grpc-default-executor-1] INFO  impl.RoleInfo (RoleInfo.java:shutdownFollowerState(121)) - 3ee7b367-7b16-44e1-99f8-43aefeda0876: shutdown FollowerState
2019-10-18 14:30:29,155 [grpc-default-executor-3] INFO  impl.RoleInfo (RoleInfo.java:shutdownFollowerState(121)) - 773cce60-eeca-4c1f-a5ec-70084be8b6b9: shutdown FollowerState
2019-10-18 14:30:29,155 [grpc-default-executor-1] INFO  impl.RoleInfo (RoleInfo.java:updateAndGet(143)) - 3ee7b367-7b16-44e1-99f8-43aefeda0876: start FollowerState
2019-10-18 14:30:29,155 [Thread-1007] INFO  impl.FollowerState (FollowerState.java:run(117)) - 3ee7b367-7b16-44e1-99f8-43aefeda0876@group-FD33B9583E3C-FollowerState was interrupted: java.lang.InterruptedException: sleep interrupted
2019-10-18 14:30:29,155 [grpc-default-executor-3] INFO  impl.RoleInfo (RoleInfo.java:updateAndGet(143)) - 773cce60-eeca-4c1f-a5ec-70084be8b6b9: start FollowerState
2019-10-18 14:30:29,156 [Thread-1008] INFO  impl.FollowerState (FollowerState.java:run(117)) - 773cce60-eeca-4c1f-a5ec-70084be8b6b9@group-FD33B9583E3C-FollowerState was interrupted: java.lang.InterruptedException: sleep interrupted
2019-10-18 14:30:29,176 [681edbc6-a1fc-42a4-b5ce-4922820de60a@group-FD33B9583E3C-LeaderElection91] INFO  impl.LeaderElection (LeaderElection.java:logAndReturn(56)) - 681edbc6-a1fc-42a4-b5ce-4922820de60a@group-FD33B9583E3C-LeaderElection91: Election REJECTED; received 2 response(s) [681edbc6-a1fc-42a4-b5ce-4922820de60a<-3ee7b367-7b16-44e1-99f8-43aefeda0876#0:FAIL-t83, 681edbc6-a1fc-42a4-b5ce-4922820de60a<-773cce60-eeca-4c1f-a5ec-70084be8b6b9#0:FAIL-t83] and 0 exception(s); 681edbc6-a1fc-42a4-b5ce-4922820de60a@group-FD33B9583E3C:t83, leader=null, voted=681edbc6-a1fc-42a4-b5ce-4922820de60a, raftlog=681edbc6-a1fc-42a4-b5ce-4922820de60a@group-FD33B9583E3C-SegmentedRaftLog:OPENED:c-1,f-1,i0, conf=-1: [3ee7b367-7b16-44e1-99f8-43aefeda0876:192.168.164.233:46080, 681edbc6-a1fc-42a4-b5ce-4922820de60a:192.168.164.233:44267, 773cce60-eeca-4c1f-a5ec-70084be8b6b9:192.168.164.233:38729], old=null
2019-10-18 14:30:29,176 [681edbc6-a1fc-42a4-b5ce-4922820de60a@group-FD33B9583E3C-LeaderElection91] INFO  impl.RaftServerImpl (RaftServerImpl.java:setRole(184)) - 681edbc6-a1fc-42a4-b5ce-4922820de60a@group-FD33B9583E3C: changes role from CANDIDATE to FOLLOWER at term 83 for DISCOVERED_A_NEW_TERM
2019-10-18 14:30:29,179 [681edbc6-a1fc-42a4-b5ce-4922820de60a@group-FD33B9583E3C-LeaderElection91] INFO  impl.RoleInfo (RoleInfo.java:shutdownLeaderElection(134)) - 681edbc6-a1fc-42a4-b5ce-4922820de60a: shutdown LeaderElection
2019-10-18 14:30:29,179 [681edbc6-a1fc-42a4-b5ce-4922820de60a@group-FD33B9583E3C-LeaderElection91] INFO  impl.RoleInfo (RoleInfo.java:updateAndGet(143)) - 681edbc6-a1fc-42a4-b5ce-4922820de60a: start FollowerState
2019-10-18 14:30:29,255 [Thread-1024] INFO  impl.FollowerState (FollowerState.java:run(108)) - 681edbc6-a1fc-42a4-b5ce-4922820de60a@group-FD33B9583E3C-FollowerState: change to CANDIDATE, lastRpcTime:76ms, electionTimeout:76ms
2019-10-18 14:30:29,255 [Thread-1024] INFO  impl.RoleInfo (RoleInfo.java:shutdownFollowerState(121)) - 681edbc6-a1fc-42a4-b5ce-4922820de60a: shutdown FollowerState
2019-10-18 14:30:29,255 [Thread-1024] INFO  impl.RaftServerImpl (RaftServerImpl.java:setRole(184)) - 681edbc6-a1fc-42a4-b5ce-4922820de60a@group-FD33B9583E3C: changes role from  FOLLOWER to CANDIDATE at term 83 for changeToCandidate
2019-10-18 14:30:29,255 [Thread-1024] INFO  impl.RoleInfo (RoleInfo.java:updateAndGet(143)) - 681edbc6-a1fc-42a4-b5ce-4922820de60a: start LeaderElection
2019-10-18 14:30:29,260 [681edbc6-a1fc-42a4-b5ce-4922820de60a@group-FD33B9583E3C-LeaderElection92] INFO  impl.LeaderElection (LeaderElection.java:askForVotes(178)) - 681edbc6-a1fc-42a4-b5ce-4922820de60a@group-FD33B9583E3C-LeaderElection92: begin an election at term 84 for -1: [3ee7b367-7b16-44e1-99f8-43aefeda0876:192.168.164.233:46080, 681edbc6-a1fc-42a4-b5ce-4922820de60a:192.168.164.233:44267, 773cce60-eeca-4c1f-a5ec-70084be8b6b9:192.168.164.233:38729], old=null
2019-10-18 14:30:29,262 [grpc-default-executor-3] INFO  impl.RaftServerImpl (RaftServerImpl.java:setRole(184)) - 773cce60-eeca-4c1f-a5ec-70084be8b6b9@group-FD33B9583E3C: changes role from  FOLLOWER to FOLLOWER at term 84 for recognizeCandidate:681edbc6-a1fc-42a4-b5ce-4922820de60a
2019-10-18 14:30:29,262 [grpc-default-executor-1] INFO  impl.RaftServerImpl (RaftServerImpl.java:setRole(184)) - 3ee7b367-7b16-44e1-99f8-43aefeda0876@group-FD33B9583E3C: changes role from  FOLLOWER to FOLLOWER at term 84 for recognizeCandidate:681edbc6-a1fc-42a4-b5ce-4922820de60a
2019-10-18 14:30:29,262 [grpc-default-executor-3] INFO  impl.RoleInfo (RoleInfo.java:shutdownFollowerState(121)) - 773cce60-eeca-4c1f-a5ec-70084be8b6b9: shutdown FollowerState
2019-10-18 14:30:29,262 [grpc-default-executor-1] INFO  impl.RoleInfo (RoleInfo.java:shutdownFollowerState(121)) - 3ee7b367-7b16-44e1-99f8-43aefeda0876: shutdown FollowerState
2019-10-18 14:30:29,262 [Thread-1020] INFO  impl.FollowerState (FollowerState.java:run(117)) - 773cce60-eeca-4c1f-a5ec-70084be8b6b9@group-FD33B9583E3C-FollowerState was interrupted: java.lang.InterruptedException: sleep interrupted
2019-10-18 14:30:29,262 [grpc-default-executor-3] INFO  impl.RoleInfo (RoleInfo.java:updateAndGet(143)) - 773cce60-eeca-4c1f-a5ec-70084be8b6b9: start FollowerState
2019-10-18 14:30:29,262 [Thread-1019] INFO  impl.FollowerState (FollowerState.java:run(117)) - 3ee7b367-7b16-44e1-99f8-43aefeda0876@group-FD33B9583E3C-FollowerState was interrupted: java.lang.InterruptedException: sleep interrupted
2019-10-18 14:30:29,262 [grpc-default-executor-1] INFO  impl.RoleInfo (RoleInfo.java:updateAndGet(143)) - 3ee7b367-7b16-44e1-99f8-43aefeda0876: start FollowerState
2019-10-18 14:30:29,269 [681edbc6-a1fc-42a4-b5ce-4922820de60a@group-FD33B9583E3C-LeaderElection92] INFO  impl.LeaderElection (LeaderElection.java:logAndReturn(56)) - 681edbc6-a1fc-42a4-b5ce-4922820de60a@group-FD33B9583E3C-LeaderElection92: Election REJECTED; received 2 response(s) [681edbc6-a1fc-42a4-b5ce-4922820de60a<-3ee7b367-7b16-44e1-99f8-43aefeda0876#0:FAIL-t84, 681edbc6-a1fc-42a4-b5ce-4922820de60a<-773cce60-eeca-4c1f-a5ec-70084be8b6b9#0:FAIL-t84] and 0 exception(s); 681edbc6-a1fc-42a4-b5ce-4922820de60a@group-FD33B9583E3C:t84, leader=null, voted=681edbc6-a1fc-42a4-b5ce-4922820de60a, raftlog=681edbc6-a1fc-42a4-b5ce-4922820de60a@group-FD33B9583E3C-SegmentedRaftLog:OPENED:c-1,f-1,i0, conf=-1: [3ee7b367-7b16-44e1-99f8-43aefeda0876:192.168.164.233:46080, 681edbc6-a1fc-42a4-b5ce-4922820de60a:192.168.164.233:44267, 773cce60-eeca-4c1f-a5ec-70084be8b6b9:192.168.164.233:38729], old=null
2019-10-18 14:30:29,269 [681edbc6-a1fc-42a4-b5ce-4922820de60a@group-FD33B9583E3C-LeaderElection92] INFO  impl.RaftServerImpl (RaftServerImpl.java:setRole(184)) - 681edbc6-a1fc-42a4-b5ce-4922820de60a@group-FD33B9583E3C: changes role from CANDIDATE to FOLLOWER at term 84 for DISCOVERED_A_NEW_TERM
2019-10-18 14:30:29,269 [681edbc6-a1fc-42a4-b5ce-4922820de60a@group-FD33B9583E3C-LeaderElection92] INFO  impl.RoleInfo (RoleInfo.java:shutdownLeaderElection(134)) - 681edbc6-a1fc-42a4-b5ce-4922820de60a: shutdown LeaderElection
2019-10-18 14:30:29,269 [681edbc6-a1fc-42a4-b5ce-4922820de60a@group-FD33B9583E3C-LeaderElection92] INFO  impl.RoleInfo (RoleInfo.java:updateAndGet(143)) - 681edbc6-a1fc-42a4-b5ce-4922820de60a: start FollowerState
2019-10-18 14:30:29,444 [main] INFO  ozone.MiniOzoneClusterImpl (MiniOzoneClusterImpl.java:shutdown(314)) - Shutting down the Mini Ozone Cluster
2019-10-18 14:30:29,445 [main] INFO  ozone.MiniOzoneClusterImpl (MiniOzoneClusterImpl.java:stop(330)) - Stopping the Mini Ozone Cluster
2019-10-18 14:30:29,445 [main] INFO  ozone.MiniOzoneClusterImpl (MiniOzoneClusterImpl.java:stopOM(400)) - Stopping the OzoneManager
2019-10-18 14:30:29,445 [main] INFO  ipc.Server (Server.java:stop(3082)) - Stopping server on 46845
2019-10-18 14:30:29,448 [Thread-1040] INFO  impl.FollowerState (FollowerState.java:run(108)) - 681edbc6-a1fc-42a4-b5ce-4922820de60a@group-FD33B9583E3C-FollowerState: change to CANDIDATE, lastRpcTime:178ms, electionTimeout:178ms
2019-10-18 14:30:29,448 [Thread-1040] INFO  impl.RoleInfo (RoleInfo.java:shutdownFollowerState(121)) - 681edbc6-a1fc-42a4-b5ce-4922820de60a: shutdown FollowerState
2019-10-18 14:30:29,448 [Thread-1040] INFO  impl.RaftServerImpl (RaftServerImpl.java:setRole(184)) - 681edbc6-a1fc-42a4-b5ce-4922820de60a@group-FD33B9583E3C: changes role from  FOLLOWER to CANDIDATE at term 84 for changeToCandidate
2019-10-18 14:30:29,448 [Thread-1040] INFO  impl.RoleInfo (RoleInfo.java:updateAndGet(143)) - 681edbc6-a1fc-42a4-b5ce-4922820de60a: start LeaderElection
2019-10-18 14:30:29,452 [IPC Server listener on 46845] INFO  ipc.Server (Server.java:run(1185)) - Stopping IPC Server listener on 46845
2019-10-18 14:30:29,454 [main] INFO  ratis.OzoneManagerDoubleBuffer (OzoneManagerDoubleBuffer.java:stop(250)) - Stopping OMDoubleBuffer flush thread
2019-10-18 14:30:29,459 [IPC Server Responder] INFO  ipc.Server (Server.java:run(1319)) - Stopping IPC Server Responder
2019-10-18 14:30:29,461 [OMDoubleBufferFlushThread] INFO  ratis.OzoneManagerDoubleBuffer (OzoneManagerDoubleBuffer.java:flushTransactions(193)) - OMDoubleBuffer flush thread OMDoubleBufferFlushThread is interrupted and will exit. OMDoubleBufferFlushThread
2019-10-18 14:30:29,466 [main] INFO  utils.BackgroundService (BackgroundService.java:shutdown(151)) - Shutting down service KeyDeletingService
2019-10-18 14:30:29,470 [681edbc6-a1fc-42a4-b5ce-4922820de60a@group-FD33B9583E3C-LeaderElection93] INFO  impl.LeaderElection (LeaderElection.java:askForVotes(178)) - 681edbc6-a1fc-42a4-b5ce-4922820de60a@group-FD33B9583E3C-LeaderElection93: begin an election at term 85 for -1: [3ee7b367-7b16-44e1-99f8-43aefeda0876:192.168.164.233:46080, 681edbc6-a1fc-42a4-b5ce-4922820de60a:192.168.164.233:44267, 773cce60-eeca-4c1f-a5ec-70084be8b6b9:192.168.164.233:38729], old=null
2019-10-18 14:30:29,479 [grpc-default-executor-5] INFO  impl.RaftServerImpl (RaftServerImpl.java:setRole(184)) - 773cce60-eeca-4c1f-a5ec-70084be8b6b9@group-FD33B9583E3C: changes role from  FOLLOWER to FOLLOWER at term 85 for recognizeCandidate:681edbc6-a1fc-42a4-b5ce-4922820de60a
2019-10-18 14:30:29,479 [grpc-default-executor-3] INFO  impl.RaftServerImpl (RaftServerImpl.java:setRole(184)) - 3ee7b367-7b16-44e1-99f8-43aefeda0876@group-FD33B9583E3C: changes role from  FOLLOWER to FOLLOWER at term 85 for recognizeCandidate:681edbc6-a1fc-42a4-b5ce-4922820de60a
2019-10-18 14:30:29,479 [grpc-default-executor-3] INFO  impl.RoleInfo (RoleInfo.java:shutdownFollowerState(121)) - 3ee7b367-7b16-44e1-99f8-43aefeda0876: shutdown FollowerState
2019-10-18 14:30:29,479 [grpc-default-executor-5] INFO  impl.RoleInfo (RoleInfo.java:shutdownFollowerState(121)) - 773cce60-eeca-4c1f-a5ec-70084be8b6b9: shutdown FollowerState
2019-10-18 14:30:29,479 [Thread-1039] INFO  impl.FollowerState (FollowerState.java:run(117)) - 3ee7b367-7b16-44e1-99f8-43aefeda0876@group-FD33B9583E3C-FollowerState was interrupted: java.lang.InterruptedException: sleep interrupted
2019-10-18 14:30:29,479 [grpc-default-executor-3] INFO  impl.RoleInfo (RoleInfo.java:updateAndGet(143)) - 3ee7b367-7b16-44e1-99f8-43aefeda0876: start FollowerState
2019-10-18 14:30:29,480 [grpc-default-executor-5] INFO  impl.RoleInfo (RoleInfo.java:updateAndGet(143)) - 773cce60-eeca-4c1f-a5ec-70084be8b6b9: start FollowerState
2019-10-18 14:30:29,480 [Thread-1038] INFO  impl.FollowerState (FollowerState.java:run(117)) - 773cce60-eeca-4c1f-a5ec-70084be8b6b9@group-FD33B9583E3C-FollowerState was interrupted: java.lang.InterruptedException: sleep interrupted
2019-10-18 14:30:29,485 [main] INFO  handler.ContextHandler (ContextHandler.java:doStop(910)) - Stopped o.e.j.w.WebAppContext@12db3386{/,null,UNAVAILABLE}{/ozoneManager}
2019-10-18 14:30:29,494 [681edbc6-a1fc-42a4-b5ce-4922820de60a@group-FD33B9583E3C-LeaderElection93] INFO  impl.LeaderElection (LeaderElection.java:logAndReturn(56)) - 681edbc6-a1fc-42a4-b5ce-4922820de60a@group-FD33B9583E3C-LeaderElection93: Election TIMEOUT; received 0 response(s) [] and 0 exception(s); 681edbc6-a1fc-42a4-b5ce-4922820de60a@group-FD33B9583E3C:t85, leader=null, voted=681edbc6-a1fc-42a4-b5ce-4922820de60a, raftlog=681edbc6-a1fc-42a4-b5ce-4922820de60a@group-FD33B9583E3C-SegmentedRaftLog:OPENED:c-1,f-1,i0, conf=-1: [3ee7b367-7b16-44e1-99f8-43aefeda0876:192.168.164.233:46080, 681edbc6-a1fc-42a4-b5ce-4922820de60a:192.168.164.233:44267, 773cce60-eeca-4c1f-a5ec-70084be8b6b9:192.168.164.233:38729], old=null
2019-10-18 14:30:29,504 [681edbc6-a1fc-42a4-b5ce-4922820de60a@group-FD33B9583E3C-LeaderElection93] INFO  impl.LeaderElection (LeaderElection.java:askForVotes(178)) - 681edbc6-a1fc-42a4-b5ce-4922820de60a@group-FD33B9583E3C-LeaderElection93: begin an election at term 86 for -1: [3ee7b367-7b16-44e1-99f8-43aefeda0876:192.168.164.233:46080, 681edbc6-a1fc-42a4-b5ce-4922820de60a:192.168.164.233:44267, 773cce60-eeca-4c1f-a5ec-70084be8b6b9:192.168.164.233:38729], old=null
2019-10-18 14:30:29,505 [main] INFO  server.AbstractConnector (AbstractConnector.java:doStop(318)) - Stopped ServerConnector@4078695f{HTTP/1.1,[http/1.1]}{0.0.0.0:0}
2019-10-18 14:30:29,505 [main] INFO  handler.ContextHandler (ContextHandler.java:doStop(910)) - Stopped o.e.j.s.ServletContextHandler@30b2b76f{/static,file:///workdir/hadoop-ozone/integration-test/target/test-classes/webapps/static,UNAVAILABLE}
2019-10-18 14:30:29,506 [grpc-default-executor-5] INFO  impl.RaftServerImpl (RaftServerImpl.java:setRole(184)) - 773cce60-eeca-4c1f-a5ec-70084be8b6b9@group-FD33B9583E3C: changes role from  FOLLOWER to FOLLOWER at term 86 for recognizeCandidate:681edbc6-a1fc-42a4-b5ce-4922820de60a
2019-10-18 14:30:29,506 [grpc-default-executor-5] INFO  impl.RoleInfo (RoleInfo.java:shutdownFollowerState(121)) - 773cce60-eeca-4c1f-a5ec-70084be8b6b9: shutdown FollowerState
2019-10-18 14:30:29,506 [main] INFO  handler.ContextHandler (ContextHandler.java:doStop(910)) - Stopped o.e.j.s.ServletContextHandler@6b63d445{/logs,file:///workdir/hadoop-ozone/integration-test/target/log,UNAVAILABLE}
2019-10-18 14:30:29,506 [grpc-default-executor-5] INFO  impl.RoleInfo (RoleInfo.java:updateAndGet(143)) - 773cce60-eeca-4c1f-a5ec-70084be8b6b9: start FollowerState
2019-10-18 14:30:29,506 [Thread-1075] INFO  impl.FollowerState (FollowerState.java:run(117)) - 773cce60-eeca-4c1f-a5ec-70084be8b6b9@group-FD33B9583E3C-FollowerState was interrupted: java.lang.InterruptedException: sleep interrupted
2019-10-18 14:30:29,507 [grpc-default-executor-1] INFO  impl.RaftServerImpl (RaftServerImpl.java:setRole(184)) - 3ee7b367-7b16-44e1-99f8-43aefeda0876@group-FD33B9583E3C: changes role from  FOLLOWER to FOLLOWER at term 86 for recognizeCandidate:681edbc6-a1fc-42a4-b5ce-4922820de60a
2019-10-18 14:30:29,507 [grpc-default-executor-1] INFO  impl.RoleInfo (RoleInfo.java:shutdownFollowerState(121)) - 3ee7b367-7b16-44e1-99f8-43aefeda0876: shutdown FollowerState
2019-10-18 14:30:29,508 [grpc-default-executor-1] INFO  impl.RoleInfo (RoleInfo.java:updateAndGet(143)) - 3ee7b367-7b16-44e1-99f8-43aefeda0876: start FollowerState
2019-10-18 14:30:29,508 [Thread-1074] INFO  impl.FollowerState (FollowerState.java:run(117)) - 3ee7b367-7b16-44e1-99f8-43aefeda0876@group-FD33B9583E3C-FollowerState was interrupted: java.lang.InterruptedException: sleep interrupted
2019-10-18 14:30:29,510 [main] INFO  ozone.MiniOzoneClusterImpl (MiniOzoneClusterImpl.java:stopDatanodes(377)) - Stopping the HddsDatanodes
2019-10-18 14:30:29,534 [681edbc6-a1fc-42a4-b5ce-4922820de60a@group-FD33B9583E3C-LeaderElection93] INFO  impl.LeaderElection (LeaderElection.java:logAndReturn(56)) - 681edbc6-a1fc-42a4-b5ce-4922820de60a@group-FD33B9583E3C-LeaderElection93: Election REJECTED; received 2 response(s) [681edbc6-a1fc-42a4-b5ce-4922820de60a<-3ee7b367-7b16-44e1-99f8-43aefeda0876#0:FAIL-t86, 681edbc6-a1fc-42a4-b5ce-4922820de60a<-773cce60-eeca-4c1f-a5ec-70084be8b6b9#0:FAIL-t86] and 0 exception(s); 681edbc6-a1fc-42a4-b5ce-4922820de60a@group-FD33B9583E3C:t86, leader=null, voted=681edbc6-a1fc-42a4-b5ce-4922820de60a, raftlog=681edbc6-a1fc-42a4-b5ce-4922820de60a@group-FD33B9583E3C-SegmentedRaftLog:OPENED:c-1,f-1,i0, conf=-1: [3ee7b367-7b16-44e1-99f8-43aefeda0876:192.168.164.233:46080, 681edbc6-a1fc-42a4-b5ce-4922820de60a:192.168.164.233:44267, 773cce60-eeca-4c1f-a5ec-70084be8b6b9:192.168.164.233:38729], old=null
2019-10-18 14:30:29,534 [681edbc6-a1fc-42a4-b5ce-4922820de60a@group-FD33B9583E3C-LeaderElection93] INFO  impl.RaftServerImpl (RaftServerImpl.java:setRole(184)) - 681edbc6-a1fc-42a4-b5ce-4922820de60a@group-FD33B9583E3C: changes role from CANDIDATE to FOLLOWER at term 86 for DISCOVERED_A_NEW_TERM
2019-10-18 14:30:29,534 [681edbc6-a1fc-42a4-b5ce-4922820de60a@group-FD33B9583E3C-LeaderElection93] INFO  impl.RoleInfo (RoleInfo.java:shutdownLeaderElection(134)) - 681edbc6-a1fc-42a4-b5ce-4922820de60a: shutdown LeaderElection
2019-10-18 14:30:29,535 [681edbc6-a1fc-42a4-b5ce-4922820de60a@group-FD33B9583E3C-LeaderElection93] INFO  impl.RoleInfo (RoleInfo.java:updateAndGet(143)) - 681edbc6-a1fc-42a4-b5ce-4922820de60a: start FollowerState
2019-10-18 14:30:29,605 [Datanode State Machine Thread - 0] INFO  statemachine.DatanodeStateMachine (DatanodeStateMachine.java:lambda$startDaemon$0(350)) - Ozone container server started.
2019-10-18 14:30:29,605 [Datanode State Machine Thread - 0] INFO  statemachine.DatanodeStateMachine (DatanodeStateMachine.java:lambda$startDaemon$0(350)) - Ozone container server started.
2019-10-18 14:30:29,726 [Thread-1083] INFO  impl.FollowerState (FollowerState.java:run(108)) - 681edbc6-a1fc-42a4-b5ce-4922820de60a@group-FD33B9583E3C-FollowerState: change to CANDIDATE, lastRpcTime:191ms, electionTimeout:191ms
2019-10-18 14:30:29,726 [Thread-1083] INFO  impl.RoleInfo (RoleInfo.java:shutdownFollowerState(121)) - 681edbc6-a1fc-42a4-b5ce-4922820de60a: shutdown FollowerState
2019-10-18 14:30:29,726 [Thread-1083] INFO  impl.RaftServerImpl (RaftServerImpl.java:setRole(184)) - 681edbc6-a1fc-42a4-b5ce-4922820de60a@group-FD33B9583E3C: changes role from  FOLLOWER to CANDIDATE at term 86 for changeToCandidate
2019-10-18 14:30:29,726 [Thread-1083] INFO  impl.RoleInfo (RoleInfo.java:updateAndGet(143)) - 681edbc6-a1fc-42a4-b5ce-4922820de60a: start LeaderElection
2019-10-18 14:30:29,731 [681edbc6-a1fc-42a4-b5ce-4922820de60a@group-FD33B9583E3C-LeaderElection94] INFO  impl.LeaderElection (LeaderElection.java:askForVotes(178)) - 681edbc6-a1fc-42a4-b5ce-4922820de60a@group-FD33B9583E3C-LeaderElection94: begin an election at term 87 for -1: [3ee7b367-7b16-44e1-99f8-43aefeda0876:192.168.164.233:46080, 681edbc6-a1fc-42a4-b5ce-4922820de60a:192.168.164.233:44267, 773cce60-eeca-4c1f-a5ec-70084be8b6b9:192.168.164.233:38729], old=null
2019-10-18 14:30:29,734 [grpc-default-executor-1] INFO  impl.RaftServerImpl (RaftServerImpl.java:setRole(184)) - 3ee7b367-7b16-44e1-99f8-43aefeda0876@group-FD33B9583E3C: changes role from  FOLLOWER to FOLLOWER at term 87 for recognizeCandidate:681edbc6-a1fc-42a4-b5ce-4922820de60a
2019-10-18 14:30:29,734 [grpc-default-executor-5] INFO  impl.RaftServerImpl (RaftServerImpl.java:setRole(184)) - 773cce60-eeca-4c1f-a5ec-70084be8b6b9@group-FD33B9583E3C: changes role from  FOLLOWER to FOLLOWER at term 87 for recognizeCandidate:681edbc6-a1fc-42a4-b5ce-4922820de60a
2019-10-18 14:30:29,734 [grpc-default-executor-1] INFO  impl.RoleInfo (RoleInfo.java:shutdownFollowerState(121)) - 3ee7b367-7b16-44e1-99f8-43aefeda0876: shutdown FollowerState
2019-10-18 14:30:29,734 [grpc-default-executor-5] INFO  impl.RoleInfo (RoleInfo.java:shutdownFollowerState(121)) - 773cce60-eeca-4c1f-a5ec-70084be8b6b9: shutdown FollowerState
2019-10-18 14:30:29,734 [Thread-1082] INFO  impl.FollowerState (FollowerState.java:run(117)) - 3ee7b367-7b16-44e1-99f8-43aefeda0876@group-FD33B9583E3C-FollowerState was interrupted: java.lang.InterruptedException: sleep interrupted
2019-10-18 14:30:29,734 [grpc-default-executor-1] INFO  impl.RoleInfo (RoleInfo.java:updateAndGet(143)) - 3ee7b367-7b16-44e1-99f8-43aefeda0876: start FollowerState
2019-10-18 14:30:29,734 [Thread-1081] INFO  impl.FollowerState (FollowerState.java:run(117)) - 773cce60-eeca-4c1f-a5ec-70084be8b6b9@group-FD33B9583E3C-FollowerState was interrupted: java.lang.InterruptedException: sleep interrupted
2019-10-18 14:30:29,734 [grpc-default-executor-5] INFO  impl.RoleInfo (RoleInfo.java:updateAndGet(143)) - 773cce60-eeca-4c1f-a5ec-70084be8b6b9: start FollowerState
2019-10-18 14:30:29,752 [681edbc6-a1fc-42a4-b5ce-4922820de60a@group-FD33B9583E3C-LeaderElection94] INFO  impl.LeaderElection (LeaderElection.java:logAndReturn(56)) - 681edbc6-a1fc-42a4-b5ce-4922820de60a@group-FD33B9583E3C-LeaderElection94: Election REJECTED; received 2 response(s) [681edbc6-a1fc-42a4-b5ce-4922820de60a<-3ee7b367-7b16-44e1-99f8-43aefeda0876#0:FAIL-t87, 681edbc6-a1fc-42a4-b5ce-4922820de60a<-773cce60-eeca-4c1f-a5ec-70084be8b6b9#0:FAIL-t87] and 0 exception(s); 681edbc6-a1fc-42a4-b5ce-4922820de60a@group-FD33B9583E3C:t87, leader=null, voted=681edbc6-a1fc-42a4-b5ce-4922820de60a, raftlog=681edbc6-a1fc-42a4-b5ce-4922820de60a@group-FD33B9583E3C-SegmentedRaftLog:OPENED:c-1,f-1,i0, conf=-1: [3ee7b367-7b16-44e1-99f8-43aefeda0876:192.168.164.233:46080, 681edbc6-a1fc-42a4-b5ce-4922820de60a:192.168.164.233:44267, 773cce60-eeca-4c1f-a5ec-70084be8b6b9:192.168.164.233:38729], old=null
2019-10-18 14:30:29,752 [681edbc6-a1fc-42a4-b5ce-4922820de60a@group-FD33B9583E3C-LeaderElection94] INFO  impl.RaftServerImpl (RaftServerImpl.java:setRole(184)) - 681edbc6-a1fc-42a4-b5ce-4922820de60a@group-FD33B9583E3C: changes role from CANDIDATE to FOLLOWER at term 87 for DISCOVERED_A_NEW_TERM
2019-10-18 14:30:29,752 [681edbc6-a1fc-42a4-b5ce-4922820de60a@group-FD33B9583E3C-LeaderElection94] INFO  impl.RoleInfo (RoleInfo.java:shutdownLeaderElection(134)) - 681edbc6-a1fc-42a4-b5ce-4922820de60a: shutdown LeaderElection
2019-10-18 14:30:29,752 [681edbc6-a1fc-42a4-b5ce-4922820de60a@group-FD33B9583E3C-LeaderElection94] INFO  impl.RoleInfo (RoleInfo.java:updateAndGet(143)) - 681edbc6-a1fc-42a4-b5ce-4922820de60a: start FollowerState
2019-10-18 14:30:29,861 [Thread-1102] INFO  impl.FollowerState (FollowerState.java:run(108)) - 681edbc6-a1fc-42a4-b5ce-4922820de60a@group-FD33B9583E3C-FollowerState: change to CANDIDATE, lastRpcTime:109ms, electionTimeout:109ms
2019-10-18 14:30:29,862 [Thread-1102] INFO  impl.RoleInfo (RoleInfo.java:shutdownFollowerState(121)) - 681edbc6-a1fc-42a4-b5ce-4922820de60a: shutdown FollowerState
2019-10-18 14:30:29,862 [Thread-1102] INFO  impl.RaftServerImpl (RaftServerImpl.java:setRole(184)) - 681edbc6-a1fc-42a4-b5ce-4922820de60a@group-FD33B9583E3C: changes role from  FOLLOWER to CANDIDATE at term 87 for changeToCandidate
2019-10-18 14:30:29,862 [Thread-1102] INFO  impl.RoleInfo (RoleInfo.java:updateAndGet(143)) - 681edbc6-a1fc-42a4-b5ce-4922820de60a: start LeaderElection
2019-10-18 14:30:29,868 [681edbc6-a1fc-42a4-b5ce-4922820de60a@group-FD33B9583E3C-LeaderElection95] INFO  impl.LeaderElection (LeaderElection.java:askForVotes(178)) - 681edbc6-a1fc-42a4-b5ce-4922820de60a@group-FD33B9583E3C-LeaderElection95: begin an election at term 88 for -1: [3ee7b367-7b16-44e1-99f8-43aefeda0876:192.168.164.233:46080, 681edbc6-a1fc-42a4-b5ce-4922820de60a:192.168.164.233:44267, 773cce60-eeca-4c1f-a5ec-70084be8b6b9:192.168.164.233:38729], old=null
2019-10-18 14:30:29,871 [grpc-default-executor-1] INFO  impl.RaftServerImpl (RaftServerImpl.java:setRole(184)) - 773cce60-eeca-4c1f-a5ec-70084be8b6b9@group-FD33B9583E3C: changes role from  FOLLOWER to FOLLOWER at term 88 for recognizeCandidate:681edbc6-a1fc-42a4-b5ce-4922820de60a
2019-10-18 14:30:29,871 [grpc-default-executor-5] INFO  impl.RaftServerImpl (RaftServerImpl.java:setRole(184)) - 3ee7b367-7b16-44e1-99f8-43aefeda0876@group-FD33B9583E3C: changes role from  FOLLOWER to FOLLOWER at term 88 for recognizeCandidate:681edbc6-a1fc-42a4-b5ce-4922820de60a
2019-10-18 14:30:29,871 [grpc-default-executor-1] INFO  impl.RoleInfo (RoleInfo.java:shutdownFollowerState(121)) - 773cce60-eeca-4c1f-a5ec-70084be8b6b9: shutdown FollowerState
2019-10-18 14:30:29,871 [grpc-default-executor-1] INFO  impl.RoleInfo (RoleInfo.java:updateAndGet(143)) - 773cce60-eeca-4c1f-a5ec-70084be8b6b9: start FollowerState
2019-10-18 14:30:29,871 [grpc-default-executor-5] INFO  impl.RoleInfo (RoleInfo.java:shutdownFollowerState(121)) - 3ee7b367-7b16-44e1-99f8-43aefeda0876: shutdown FollowerState
2019-10-18 14:30:29,872 [grpc-default-executor-5] INFO  impl.RoleInfo (RoleInfo.java:updateAndGet(143)) - 3ee7b367-7b16-44e1-99f8-43aefeda0876: start FollowerState
2019-10-18 14:30:29,872 [Thread-1100] INFO  impl.FollowerState (FollowerState.java:run(117)) - 3ee7b367-7b16-44e1-99f8-43aefeda0876@group-FD33B9583E3C-FollowerState was interrupted: java.lang.InterruptedException: sleep interrupted
2019-10-18 14:30:29,872 [Thread-1101] INFO  impl.FollowerState (FollowerState.java:run(117)) - 773cce60-eeca-4c1f-a5ec-70084be8b6b9@group-FD33B9583E3C-FollowerState was interrupted: java.lang.InterruptedException: sleep interrupted
2019-10-18 14:30:29,879 [681edbc6-a1fc-42a4-b5ce-4922820de60a@group-FD33B9583E3C-LeaderElection95] INFO  impl.LeaderElection (LeaderElection.java:logAndReturn(56)) - 681edbc6-a1fc-42a4-b5ce-4922820de60a@group-FD33B9583E3C-LeaderElection95: Election REJECTED; received 2 response(s) [681edbc6-a1fc-42a4-b5ce-4922820de60a<-3ee7b367-7b16-44e1-99f8-43aefeda0876#0:FAIL-t88, 681edbc6-a1fc-42a4-b5ce-4922820de60a<-773cce60-eeca-4c1f-a5ec-70084be8b6b9#0:FAIL-t88] and 0 exception(s); 681edbc6-a1fc-42a4-b5ce-4922820de60a@group-FD33B9583E3C:t88, leader=null, voted=681edbc6-a1fc-42a4-b5ce-4922820de60a, raftlog=681edbc6-a1fc-42a4-b5ce-4922820de60a@group-FD33B9583E3C-SegmentedRaftLog:OPENED:c-1,f-1,i0, conf=-1: [3ee7b367-7b16-44e1-99f8-43aefeda0876:192.168.164.233:46080, 681edbc6-a1fc-42a4-b5ce-4922820de60a:192.168.164.233:44267, 773cce60-eeca-4c1f-a5ec-70084be8b6b9:192.168.164.233:38729], old=null
2019-10-18 14:30:29,879 [681edbc6-a1fc-42a4-b5ce-4922820de60a@group-FD33B9583E3C-LeaderElection95] INFO  impl.RaftServerImpl (RaftServerImpl.java:setRole(184)) - 681edbc6-a1fc-42a4-b5ce-4922820de60a@group-FD33B9583E3C: changes role from CANDIDATE to FOLLOWER at term 88 for DISCOVERED_A_NEW_TERM
2019-10-18 14:30:29,879 [681edbc6-a1fc-42a4-b5ce-4922820de60a@group-FD33B9583E3C-LeaderElection95] INFO  impl.RoleInfo (RoleInfo.java:shutdownLeaderElection(134)) - 681edbc6-a1fc-42a4-b5ce-4922820de60a: shutdown LeaderElection
2019-10-18 14:30:29,880 [681edbc6-a1fc-42a4-b5ce-4922820de60a@group-FD33B9583E3C-LeaderElection95] INFO  impl.RoleInfo (RoleInfo.java:updateAndGet(143)) - 681edbc6-a1fc-42a4-b5ce-4922820de60a: start FollowerState
2019-10-18 14:30:29,996 [Thread-1108] INFO  impl.FollowerState (FollowerState.java:run(108)) - 681edbc6-a1fc-42a4-b5ce-4922820de60a@group-FD33B9583E3C-FollowerState: change to CANDIDATE, lastRpcTime:116ms, electionTimeout:116ms
2019-10-18 14:30:29,996 [Thread-1108] INFO  impl.RoleInfo (RoleInfo.java:shutdownFollowerState(121)) - 681edbc6-a1fc-42a4-b5ce-4922820de60a: shutdown FollowerState
2019-10-18 14:30:29,996 [Thread-1108] INFO  impl.RaftServerImpl (RaftServerImpl.java:setRole(184)) - 681edbc6-a1fc-42a4-b5ce-4922820de60a@group-FD33B9583E3C: changes role from  FOLLOWER to CANDIDATE at term 88 for changeToCandidate
2019-10-18 14:30:29,996 [Thread-1108] INFO  impl.RoleInfo (RoleInfo.java:updateAndGet(143)) - 681edbc6-a1fc-42a4-b5ce-4922820de60a: start LeaderElection
2019-10-18 14:30:30,010 [681edbc6-a1fc-42a4-b5ce-4922820de60a@group-FD33B9583E3C-LeaderElection96] INFO  impl.LeaderElection (LeaderElection.java:askForVotes(178)) - 681edbc6-a1fc-42a4-b5ce-4922820de60a@group-FD33B9583E3C-LeaderElection96: begin an election at term 89 for -1: [3ee7b367-7b16-44e1-99f8-43aefeda0876:192.168.164.233:46080, 681edbc6-a1fc-42a4-b5ce-4922820de60a:192.168.164.233:44267, 773cce60-eeca-4c1f-a5ec-70084be8b6b9:192.168.164.233:38729], old=null
2019-10-18 14:30:30,013 [grpc-default-executor-5] INFO  impl.RaftServerImpl (RaftServerImpl.java:setRole(184)) - 773cce60-eeca-4c1f-a5ec-70084be8b6b9@group-FD33B9583E3C: changes role from  FOLLOWER to FOLLOWER at term 89 for recognizeCandidate:681edbc6-a1fc-42a4-b5ce-4922820de60a
2019-10-18 14:30:30,013 [grpc-default-executor-1] INFO  impl.RaftServerImpl (RaftServerImpl.java:setRole(184)) - 3ee7b367-7b16-44e1-99f8-43aefeda0876@group-FD33B9583E3C: changes role from  FOLLOWER to FOLLOWER at term 89 for recognizeCandidate:681edbc6-a1fc-42a4-b5ce-4922820de60a
2019-10-18 14:30:30,013 [grpc-default-executor-5] INFO  impl.RoleInfo (RoleInfo.java:shutdownFollowerState(121)) - 773cce60-eeca-4c1f-a5ec-70084be8b6b9: shutdown FollowerState
2019-10-18 14:30:30,013 [grpc-default-executor-1] INFO  impl.RoleInfo (RoleInfo.java:shutdownFollowerState(121)) - 3ee7b367-7b16-44e1-99f8-43aefeda0876: shutdown FollowerState
2019-10-18 14:30:30,013 [Thread-1106] INFO  impl.FollowerState (FollowerState.java:run(117)) - 773cce60-eeca-4c1f-a5ec-70084be8b6b9@group-FD33B9583E3C-FollowerState was interrupted: java.lang.InterruptedException: sleep interrupted
2019-10-18 14:30:30,013 [grpc-default-executor-5] INFO  impl.RoleInfo (RoleInfo.java:updateAndGet(143)) - 773cce60-eeca-4c1f-a5ec-70084be8b6b9: start FollowerState
2019-10-18 14:30:30,013 [grpc-default-executor-1] INFO  impl.RoleInfo (RoleInfo.java:updateAndGet(143)) - 3ee7b367-7b16-44e1-99f8-43aefeda0876: start FollowerState
2019-10-18 14:30:30,013 [Thread-1107] INFO  impl.FollowerState (FollowerState.java:run(117)) - 3ee7b367-7b16-44e1-99f8-43aefeda0876@group-FD33B9583E3C-FollowerState was interrupted: java.lang.InterruptedException: sleep interrupted
2019-10-18 14:30:30,025 [681edbc6-a1fc-42a4-b5ce-4922820de60a@group-FD33B9583E3C-LeaderElection96] INFO  impl.LeaderElection (LeaderElection.java:logAndReturn(56)) - 681edbc6-a1fc-42a4-b5ce-4922820de60a@group-FD33B9583E3C-LeaderElection96: Election REJECTED; received 2 response(s) [681edbc6-a1fc-42a4-b5ce-4922820de60a<-3ee7b367-7b16-44e1-99f8-43aefeda0876#0:FAIL-t89, 681edbc6-a1fc-42a4-b5ce-4922820de60a<-773cce60-eeca-4c1f-a5ec-70084be8b6b9#0:FAIL-t89] and 0 exception(s); 681edbc6-a1fc-42a4-b5ce-4922820de60a@group-FD33B9583E3C:t89, leader=null, voted=681edbc6-a1fc-42a4-b5ce-4922820de60a, raftlog=681edbc6-a1fc-42a4-b5ce-4922820de60a@group-FD33B9583E3C-SegmentedRaftLog:OPENED:c-1,f-1,i0, conf=-1: [3ee7b367-7b16-44e1-99f8-43aefeda0876:192.168.164.233:46080, 681edbc6-a1fc-42a4-b5ce-4922820de60a:192.168.164.233:44267, 773cce60-eeca-4c1f-a5ec-70084be8b6b9:192.168.164.233:38729], old=null
2019-10-18 14:30:30,025 [681edbc6-a1fc-42a4-b5ce-4922820de60a@group-FD33B9583E3C-LeaderElection96] INFO  impl.RaftServerImpl (RaftServerImpl.java:setRole(184)) - 681edbc6-a1fc-42a4-b5ce-4922820de60a@group-FD33B9583E3C: changes role from CANDIDATE to FOLLOWER at term 89 for DISCOVERED_A_NEW_TERM
2019-10-18 14:30:30,025 [681edbc6-a1fc-42a4-b5ce-4922820de60a@group-FD33B9583E3C-LeaderElection96] INFO  impl.RoleInfo (RoleInfo.java:shutdownLeaderElection(134)) - 681edbc6-a1fc-42a4-b5ce-4922820de60a: shutdown LeaderElection
2019-10-18 14:30:30,025 [681edbc6-a1fc-42a4-b5ce-4922820de60a@group-FD33B9583E3C-LeaderElection96] INFO  impl.RoleInfo (RoleInfo.java:updateAndGet(143)) - 681edbc6-a1fc-42a4-b5ce-4922820de60a: start FollowerState
2019-10-18 14:30:30,196 [Thread-1116] INFO  impl.FollowerState (FollowerState.java:run(108)) - 681edbc6-a1fc-42a4-b5ce-4922820de60a@group-FD33B9583E3C-FollowerState: change to CANDIDATE, lastRpcTime:170ms, electionTimeout:170ms
2019-10-18 14:30:30,196 [Thread-1116] INFO  impl.RoleInfo (RoleInfo.java:shutdownFollowerState(121)) - 681edbc6-a1fc-42a4-b5ce-4922820de60a: shutdown FollowerState
2019-10-18 14:30:30,196 [Thread-1116] INFO  impl.RaftServerImpl (RaftServerImpl.java:setRole(184)) - 681edbc6-a1fc-42a4-b5ce-4922820de60a@group-FD33B9583E3C: changes role from  FOLLOWER to CANDIDATE at term 89 for changeToCandidate
2019-10-18 14:30:30,196 [Thread-1116] INFO  impl.RoleInfo (RoleInfo.java:updateAndGet(143)) - 681edbc6-a1fc-42a4-b5ce-4922820de60a: start LeaderElection
2019-10-18 14:30:30,201 [681edbc6-a1fc-42a4-b5ce-4922820de60a@group-FD33B9583E3C-LeaderElection97] INFO  impl.LeaderElection (LeaderElection.java:askForVotes(178)) - 681edbc6-a1fc-42a4-b5ce-4922820de60a@group-FD33B9583E3C-LeaderElection97: begin an election at term 90 for -1: [3ee7b367-7b16-44e1-99f8-43aefeda0876:192.168.164.233:46080, 681edbc6-a1fc-42a4-b5ce-4922820de60a:192.168.164.233:44267, 773cce60-eeca-4c1f-a5ec-70084be8b6b9:192.168.164.233:38729], old=null
2019-10-18 14:30:30,203 [grpc-default-executor-5] INFO  impl.RaftServerImpl (RaftServerImpl.java:setRole(184)) - 773cce60-eeca-4c1f-a5ec-70084be8b6b9@group-FD33B9583E3C: changes role from  FOLLOWER to FOLLOWER at term 90 for recognizeCandidate:681edbc6-a1fc-42a4-b5ce-4922820de60a
2019-10-18 14:30:30,203 [grpc-default-executor-5] INFO  impl.RoleInfo (RoleInfo.java:shutdownFollowerState(121)) - 773cce60-eeca-4c1f-a5ec-70084be8b6b9: shutdown FollowerState
2019-10-18 14:30:30,203 [grpc-default-executor-1] INFO  impl.RaftServerImpl (RaftServerImpl.java:setRole(184)) - 3ee7b367-7b16-44e1-99f8-43aefeda0876@group-FD33B9583E3C: changes role from  FOLLOWER to FOLLOWER at term 90 for recognizeCandidate:681edbc6-a1fc-42a4-b5ce-4922820de60a
2019-10-18 14:30:30,203 [Thread-1114] INFO  impl.FollowerState (FollowerState.java:run(117)) - 773cce60-eeca-4c1f-a5ec-70084be8b6b9@group-FD33B9583E3C-FollowerState was interrupted: java.lang.InterruptedException: sleep interrupted
2019-10-18 14:30:30,203 [grpc-default-executor-5] INFO  impl.RoleInfo (RoleInfo.java:updateAndGet(143)) - 773cce60-eeca-4c1f-a5ec-70084be8b6b9: start FollowerState
2019-10-18 14:30:30,204 [grpc-default-executor-1] INFO  impl.RoleInfo (RoleInfo.java:shutdownFollowerState(121)) - 3ee7b367-7b16-44e1-99f8-43aefeda0876: shutdown FollowerState
2019-10-18 14:30:30,204 [grpc-default-executor-1] INFO  impl.RoleInfo (RoleInfo.java:updateAndGet(143)) - 3ee7b367-7b16-44e1-99f8-43aefeda0876: start FollowerState
2019-10-18 14:30:30,204 [Thread-1115] INFO  impl.FollowerState (FollowerState.java:run(117)) - 3ee7b367-7b16-44e1-99f8-43aefeda0876@group-FD33B9583E3C-FollowerState was interrupted: java.lang.InterruptedException: sleep interrupted
2019-10-18 14:30:30,213 [681edbc6-a1fc-42a4-b5ce-4922820de60a@group-FD33B9583E3C-LeaderElection97] INFO  impl.LeaderElection (LeaderElection.java:logAndReturn(56)) - 681edbc6-a1fc-42a4-b5ce-4922820de60a@group-FD33B9583E3C-LeaderElection97: Election REJECTED; received 2 response(s) [681edbc6-a1fc-42a4-b5ce-4922820de60a<-3ee7b367-7b16-44e1-99f8-43aefeda0876#0:FAIL-t90, 681edbc6-a1fc-42a4-b5ce-4922820de60a<-773cce60-eeca-4c1f-a5ec-70084be8b6b9#0:FAIL-t90] and 0 exception(s); 681edbc6-a1fc-42a4-b5ce-4922820de60a@group-FD33B9583E3C:t90, leader=null, voted=681edbc6-a1fc-42a4-b5ce-4922820de60a, raftlog=681edbc6-a1fc-42a4-b5ce-4922820de60a@group-FD33B9583E3C-SegmentedRaftLog:OPENED:c-1,f-1,i0, conf=-1: [3ee7b367-7b16-44e1-99f8-43aefeda0876:192.168.164.233:46080, 681edbc6-a1fc-42a4-b5ce-4922820de60a:192.168.164.233:44267, 773cce60-eeca-4c1f-a5ec-70084be8b6b9:192.168.164.233:38729], old=null
2019-10-18 14:30:30,213 [681edbc6-a1fc-42a4-b5ce-4922820de60a@group-FD33B9583E3C-LeaderElection97] INFO  impl.RaftServerImpl (RaftServerImpl.java:setRole(184)) - 681edbc6-a1fc-42a4-b5ce-4922820de60a@group-FD33B9583E3C: changes role from CANDIDATE to FOLLOWER at term 90 for DISCOVERED_A_NEW_TERM
2019-10-18 14:30:30,213 [681edbc6-a1fc-42a4-b5ce-4922820de60a@group-FD33B9583E3C-LeaderElection97] INFO  impl.RoleInfo (RoleInfo.java:shutdownLeaderElection(134)) - 681edbc6-a1fc-42a4-b5ce-4922820de60a: shutdown LeaderElection
2019-10-18 14:30:30,213 [681edbc6-a1fc-42a4-b5ce-4922820de60a@group-FD33B9583E3C-LeaderElection97] INFO  impl.RoleInfo (RoleInfo.java:updateAndGet(143)) - 681edbc6-a1fc-42a4-b5ce-4922820de60a: start FollowerState
2019-10-18 14:30:30,316 [Thread-1124] INFO  impl.FollowerState (FollowerState.java:run(108)) - 681edbc6-a1fc-42a4-b5ce-4922820de60a@group-FD33B9583E3C-FollowerState: change to CANDIDATE, lastRpcTime:102ms, electionTimeout:102ms
2019-10-18 14:30:30,316 [Thread-1124] INFO  impl.RoleInfo (RoleInfo.java:shutdownFollowerState(121)) - 681edbc6-a1fc-42a4-b5ce-4922820de60a: shutdown FollowerState
2019-10-18 14:30:30,316 [Thread-1124] INFO  impl.RaftServerImpl (RaftServerImpl.java:setRole(184)) - 681edbc6-a1fc-42a4-b5ce-4922820de60a@group-FD33B9583E3C: changes role from  FOLLOWER to CANDIDATE at term 90 for changeToCandidate
2019-10-18 14:30:30,316 [Thread-1124] INFO  impl.RoleInfo (RoleInfo.java:updateAndGet(143)) - 681edbc6-a1fc-42a4-b5ce-4922820de60a: start LeaderElection
2019-10-18 14:30:30,329 [681edbc6-a1fc-42a4-b5ce-4922820de60a@group-FD33B9583E3C-LeaderElection98] INFO  impl.LeaderElection (LeaderElection.java:askForVotes(178)) - 681edbc6-a1fc-42a4-b5ce-4922820de60a@group-FD33B9583E3C-LeaderElection98: begin an election at term 91 for -1: [3ee7b367-7b16-44e1-99f8-43aefeda0876:192.168.164.233:46080, 681edbc6-a1fc-42a4-b5ce-4922820de60a:192.168.164.233:44267, 773cce60-eeca-4c1f-a5ec-70084be8b6b9:192.168.164.233:38729], old=null
2019-10-18 14:30:30,332 [grpc-default-executor-1] INFO  impl.RaftServerImpl (RaftServerImpl.java:setRole(184)) - 773cce60-eeca-4c1f-a5ec-70084be8b6b9@group-FD33B9583E3C: changes role from  FOLLOWER to FOLLOWER at term 91 for recognizeCandidate:681edbc6-a1fc-42a4-b5ce-4922820de60a
2019-10-18 14:30:30,332 [grpc-default-executor-5] INFO  impl.RaftServerImpl (RaftServerImpl.java:setRole(184)) - 3ee7b367-7b16-44e1-99f8-43aefeda0876@group-FD33B9583E3C: changes role from  FOLLOWER to FOLLOWER at term 91 for recognizeCandidate:681edbc6-a1fc-42a4-b5ce-4922820de60a
2019-10-18 14:30:30,332 [grpc-default-executor-1] INFO  impl.RoleInfo (RoleInfo.java:shutdownFollowerState(121)) - 773cce60-eeca-4c1f-a5ec-70084be8b6b9: shutdown FollowerState
2019-10-18 14:30:30,332 [grpc-default-executor-5] INFO  impl.RoleInfo (RoleInfo.java:shutdownFollowerState(121)) - 3ee7b367-7b16-44e1-99f8-43aefeda0876: shutdown FollowerState
2019-10-18 14:30:30,333 [Thread-1122] INFO  impl.FollowerState (FollowerState.java:run(117)) - 773cce60-eeca-4c1f-a5ec-70084be8b6b9@group-FD33B9583E3C-FollowerState was interrupted: java.lang.InterruptedException: sleep interrupted
2019-10-18 14:30:30,333 [grpc-default-executor-1] INFO  impl.RoleInfo (RoleInfo.java:updateAndGet(143)) - 773cce60-eeca-4c1f-a5ec-70084be8b6b9: start FollowerState
2019-10-18 14:30:30,333 [Thread-1123] INFO  impl.FollowerState (FollowerState.java:run(117)) - 3ee7b367-7b16-44e1-99f8-43aefeda0876@group-FD33B9583E3C-FollowerState was interrupted: java.lang.InterruptedException: sleep interrupted
2019-10-18 14:30:30,333 [grpc-default-executor-5] INFO  impl.RoleInfo (RoleInfo.java:updateAndGet(143)) - 3ee7b367-7b16-44e1-99f8-43aefeda0876: start FollowerState
2019-10-18 14:30:30,357 [681edbc6-a1fc-42a4-b5ce-4922820de60a@group-FD33B9583E3C-LeaderElection98] INFO  impl.LeaderElection (LeaderElection.java:logAndReturn(56)) - 681edbc6-a1fc-42a4-b5ce-4922820de60a@group-FD33B9583E3C-LeaderElection98: Election REJECTED; received 2 response(s) [681edbc6-a1fc-42a4-b5ce-4922820de60a<-3ee7b367-7b16-44e1-99f8-43aefeda0876#0:FAIL-t91, 681edbc6-a1fc-42a4-b5ce-4922820de60a<-773cce60-eeca-4c1f-a5ec-70084be8b6b9#0:FAIL-t91] and 0 exception(s); 681edbc6-a1fc-42a4-b5ce-4922820de60a@group-FD33B9583E3C:t91, leader=null, voted=681edbc6-a1fc-42a4-b5ce-4922820de60a, raftlog=681edbc6-a1fc-42a4-b5ce-4922820de60a@group-FD33B9583E3C-SegmentedRaftLog:OPENED:c-1,f-1,i0, conf=-1: [3ee7b367-7b16-44e1-99f8-43aefeda0876:192.168.164.233:46080, 681edbc6-a1fc-42a4-b5ce-4922820de60a:192.168.164.233:44267, 773cce60-eeca-4c1f-a5ec-70084be8b6b9:192.168.164.233:38729], old=null
2019-10-18 14:30:30,357 [681edbc6-a1fc-42a4-b5ce-4922820de60a@group-FD33B9583E3C-LeaderElection98] INFO  impl.RaftServerImpl (RaftServerImpl.java:setRole(184)) - 681edbc6-a1fc-42a4-b5ce-4922820de60a@group-FD33B9583E3C: changes role from CANDIDATE to FOLLOWER at term 91 for DISCOVERED_A_NEW_TERM
2019-10-18 14:30:30,358 [681edbc6-a1fc-42a4-b5ce-4922820de60a@group-FD33B9583E3C-LeaderElection98] INFO  impl.RoleInfo (RoleInfo.java:shutdownLeaderElection(134)) - 681edbc6-a1fc-42a4-b5ce-4922820de60a: shutdown LeaderElection
2019-10-18 14:30:30,358 [681edbc6-a1fc-42a4-b5ce-4922820de60a@group-FD33B9583E3C-LeaderElection98] INFO  impl.RoleInfo (RoleInfo.java:updateAndGet(143)) - 681edbc6-a1fc-42a4-b5ce-4922820de60a: start FollowerState
2019-10-18 14:30:30,441 [Thread-1130] INFO  impl.FollowerState (FollowerState.java:run(108)) - 681edbc6-a1fc-42a4-b5ce-4922820de60a@group-FD33B9583E3C-FollowerState: change to CANDIDATE, lastRpcTime:83ms, electionTimeout:83ms
2019-10-18 14:30:30,441 [Thread-1130] INFO  impl.RoleInfo (RoleInfo.java:shutdownFollowerState(121)) - 681edbc6-a1fc-42a4-b5ce-4922820de60a: shutdown FollowerState
2019-10-18 14:30:30,441 [Thread-1130] INFO  impl.RaftServerImpl (RaftServerImpl.java:setRole(184)) - 681edbc6-a1fc-42a4-b5ce-4922820de60a@group-FD33B9583E3C: changes role from  FOLLOWER to CANDIDATE at term 91 for changeToCandidate
2019-10-18 14:30:30,441 [Thread-1130] INFO  impl.RoleInfo (RoleInfo.java:updateAndGet(143)) - 681edbc6-a1fc-42a4-b5ce-4922820de60a: start LeaderElection
2019-10-18 14:30:30,455 [681edbc6-a1fc-42a4-b5ce-4922820de60a@group-FD33B9583E3C-LeaderElection99] INFO  impl.LeaderElection (LeaderElection.java:askForVotes(178)) - 681edbc6-a1fc-42a4-b5ce-4922820de60a@group-FD33B9583E3C-LeaderElection99: begin an election at term 92 for -1: [3ee7b367-7b16-44e1-99f8-43aefeda0876:192.168.164.233:46080, 681edbc6-a1fc-42a4-b5ce-4922820de60a:192.168.164.233:44267, 773cce60-eeca-4c1f-a5ec-70084be8b6b9:192.168.164.233:38729], old=null
2019-10-18 14:30:30,458 [grpc-default-executor-5] INFO  impl.RaftServerImpl (RaftServerImpl.java:setRole(184)) - 3ee7b367-7b16-44e1-99f8-43aefeda0876@group-FD33B9583E3C: changes role from  FOLLOWER to FOLLOWER at term 92 for recognizeCandidate:681edbc6-a1fc-42a4-b5ce-4922820de60a
2019-10-18 14:30:30,458 [grpc-default-executor-5] INFO  impl.RoleInfo (RoleInfo.java:shutdownFollowerState(121)) - 3ee7b367-7b16-44e1-99f8-43aefeda0876: shutdown FollowerState
2019-10-18 14:30:30,458 [Thread-1129] INFO  impl.FollowerState (FollowerState.java:run(117)) - 3ee7b367-7b16-44e1-99f8-43aefeda0876@group-FD33B9583E3C-FollowerState was interrupted: java.lang.InterruptedException: sleep interrupted
2019-10-18 14:30:30,458 [grpc-default-executor-1] INFO  impl.RaftServerImpl (RaftServerImpl.java:setRole(184)) - 773cce60-eeca-4c1f-a5ec-70084be8b6b9@group-FD33B9583E3C: changes role from  FOLLOWER to FOLLOWER at term 92 for recognizeCandidate:681edbc6-a1fc-42a4-b5ce-4922820de60a
2019-10-18 14:30:30,458 [grpc-default-executor-5] INFO  impl.RoleInfo (RoleInfo.java:updateAndGet(143)) - 3ee7b367-7b16-44e1-99f8-43aefeda0876: start FollowerState
2019-10-18 14:30:30,458 [grpc-default-executor-1] INFO  impl.RoleInfo (RoleInfo.java:shutdownFollowerState(121)) - 773cce60-eeca-4c1f-a5ec-70084be8b6b9: shutdown FollowerState
2019-10-18 14:30:30,459 [grpc-default-executor-1] INFO  impl.RoleInfo (RoleInfo.java:updateAndGet(143)) - 773cce60-eeca-4c1f-a5ec-70084be8b6b9: start FollowerState
2019-10-18 14:30:30,459 [Thread-1128] INFO  impl.FollowerState (FollowerState.java:run(117)) - 773cce60-eeca-4c1f-a5ec-70084be8b6b9@group-FD33B9583E3C-FollowerState was interrupted: java.lang.InterruptedException: sleep interrupted
2019-10-18 14:30:30,472 [681edbc6-a1fc-42a4-b5ce-4922820de60a@group-FD33B9583E3C-LeaderElection99] INFO  impl.LeaderElection (LeaderElection.java:logAndReturn(56)) - 681edbc6-a1fc-42a4-b5ce-4922820de60a@group-FD33B9583E3C-LeaderElection99: Election REJECTED; received 2 response(s) [681edbc6-a1fc-42a4-b5ce-4922820de60a<-3ee7b367-7b16-44e1-99f8-43aefeda0876#0:FAIL-t92, 681edbc6-a1fc-42a4-b5ce-4922820de60a<-773cce60-eeca-4c1f-a5ec-70084be8b6b9#0:FAIL-t92] and 0 exception(s); 681edbc6-a1fc-42a4-b5ce-4922820de60a@group-FD33B9583E3C:t92, leader=null, voted=681edbc6-a1fc-42a4-b5ce-4922820de60a, raftlog=681edbc6-a1fc-42a4-b5ce-4922820de60a@group-FD33B9583E3C-SegmentedRaftLog:OPENED:c-1,f-1,i0, conf=-1: [3ee7b367-7b16-44e1-99f8-43aefeda0876:192.168.164.233:46080, 681edbc6-a1fc-42a4-b5ce-4922820de60a:192.168.164.233:44267, 773cce60-eeca-4c1f-a5ec-70084be8b6b9:192.168.164.233:38729], old=null
2019-10-18 14:30:30,472 [681edbc6-a1fc-42a4-b5ce-4922820de60a@group-FD33B9583E3C-LeaderElection99] INFO  impl.RaftServerImpl (RaftServerImpl.java:setRole(184)) - 681edbc6-a1fc-42a4-b5ce-4922820de60a@group-FD33B9583E3C: changes role from CANDIDATE to FOLLOWER at term 92 for DISCOVERED_A_NEW_TERM
2019-10-18 14:30:30,472 [681edbc6-a1fc-42a4-b5ce-4922820de60a@group-FD33B9583E3C-LeaderElection99] INFO  impl.RoleInfo (RoleInfo.java:shutdownLeaderElection(134)) - 681edbc6-a1fc-42a4-b5ce-4922820de60a: shutdown LeaderElection
2019-10-18 14:30:30,472 [681edbc6-a1fc-42a4-b5ce-4922820de60a@group-FD33B9583E3C-LeaderElection99] INFO  impl.RoleInfo (RoleInfo.java:updateAndGet(143)) - 681edbc6-a1fc-42a4-b5ce-4922820de60a: start FollowerState
2019-10-18 14:30:30,656 [Thread-1138] INFO  impl.FollowerState (FollowerState.java:run(108)) - 681edbc6-a1fc-42a4-b5ce-4922820de60a@group-FD33B9583E3C-FollowerState: change to CANDIDATE, lastRpcTime:183ms, electionTimeout:183ms
2019-10-18 14:30:30,656 [Thread-1138] INFO  impl.RoleInfo (RoleInfo.java:shutdownFollowerState(121)) - 681edbc6-a1fc-42a4-b5ce-4922820de60a: shutdown FollowerState
2019-10-18 14:30:30,656 [Thread-1138] INFO  impl.RaftServerImpl (RaftServerImpl.java:setRole(184)) - 681edbc6-a1fc-42a4-b5ce-4922820de60a@group-FD33B9583E3C: changes role from  FOLLOWER to CANDIDATE at term 92 for changeToCandidate
2019-10-18 14:30:30,656 [Thread-1138] INFO  impl.RoleInfo (RoleInfo.java:updateAndGet(143)) - 681edbc6-a1fc-42a4-b5ce-4922820de60a: start LeaderElection
2019-10-18 14:30:30,670 [681edbc6-a1fc-42a4-b5ce-4922820de60a@group-FD33B9583E3C-LeaderElection100] INFO  impl.LeaderElection (LeaderElection.java:askForVotes(178)) - 681edbc6-a1fc-42a4-b5ce-4922820de60a@group-FD33B9583E3C-LeaderElection100: begin an election at term 93 for -1: [3ee7b367-7b16-44e1-99f8-43aefeda0876:192.168.164.233:46080, 681edbc6-a1fc-42a4-b5ce-4922820de60a:192.168.164.233:44267, 773cce60-eeca-4c1f-a5ec-70084be8b6b9:192.168.164.233:38729], old=null
2019-10-18 14:30:30,671 [grpc-default-executor-5] INFO  impl.RaftServerImpl (RaftServerImpl.java:setRole(184)) - 773cce60-eeca-4c1f-a5ec-70084be8b6b9@group-FD33B9583E3C: changes role from  FOLLOWER to FOLLOWER at term 93 for recognizeCandidate:681edbc6-a1fc-42a4-b5ce-4922820de60a
2019-10-18 14:30:30,671 [grpc-default-executor-1] INFO  impl.RaftServerImpl (RaftServerImpl.java:setRole(184)) - 3ee7b367-7b16-44e1-99f8-43aefeda0876@group-FD33B9583E3C: changes role from  FOLLOWER to FOLLOWER at term 93 for recognizeCandidate:681edbc6-a1fc-42a4-b5ce-4922820de60a
2019-10-18 14:30:30,672 [grpc-default-executor-5] INFO  impl.RoleInfo (RoleInfo.java:shutdownFollowerState(121)) - 773cce60-eeca-4c1f-a5ec-70084be8b6b9: shutdown FollowerState
2019-10-18 14:30:30,672 [grpc-default-executor-1] INFO  impl.RoleInfo (RoleInfo.java:shutdownFollowerState(121)) - 3ee7b367-7b16-44e1-99f8-43aefeda0876: shutdown FollowerState
2019-10-18 14:30:30,672 [Thread-1137] INFO  impl.FollowerState (FollowerState.java:run(117)) - 773cce60-eeca-4c1f-a5ec-70084be8b6b9@group-FD33B9583E3C-FollowerState was interrupted: java.lang.InterruptedException: sleep interrupted
2019-10-18 14:30:30,672 [grpc-default-executor-5] INFO  impl.RoleInfo (RoleInfo.java:updateAndGet(143)) - 773cce60-eeca-4c1f-a5ec-70084be8b6b9: start FollowerState
2019-10-18 14:30:30,672 [Thread-1136] INFO  impl.FollowerState (FollowerState.java:run(117)) - 3ee7b367-7b16-44e1-99f8-43aefeda0876@group-FD33B9583E3C-FollowerState was interrupted: java.lang.InterruptedException: sleep interrupted
2019-10-18 14:30:30,672 [grpc-default-executor-1] INFO  impl.RoleInfo (RoleInfo.java:updateAndGet(143)) - 3ee7b367-7b16-44e1-99f8-43aefeda0876: start FollowerState
2019-10-18 14:30:30,687 [681edbc6-a1fc-42a4-b5ce-4922820de60a@group-FD33B9583E3C-LeaderElection100] INFO  impl.LeaderElection (LeaderElection.java:logAndReturn(56)) - 681edbc6-a1fc-42a4-b5ce-4922820de60a@group-FD33B9583E3C-LeaderElection100: Election REJECTED; received 2 response(s) [681edbc6-a1fc-42a4-b5ce-4922820de60a<-3ee7b367-7b16-44e1-99f8-43aefeda0876#0:FAIL-t93, 681edbc6-a1fc-42a4-b5ce-4922820de60a<-773cce60-eeca-4c1f-a5ec-70084be8b6b9#0:FAIL-t93] and 0 exception(s); 681edbc6-a1fc-42a4-b5ce-4922820de60a@group-FD33B9583E3C:t93, leader=null, voted=681edbc6-a1fc-42a4-b5ce-4922820de60a, raftlog=681edbc6-a1fc-42a4-b5ce-4922820de60a@group-FD33B9583E3C-SegmentedRaftLog:OPENED:c-1,f-1,i0, conf=-1: [3ee7b367-7b16-44e1-99f8-43aefeda0876:192.168.164.233:46080, 681edbc6-a1fc-42a4-b5ce-4922820de60a:192.168.164.233:44267, 773cce60-eeca-4c1f-a5ec-70084be8b6b9:192.168.164.233:38729], old=null
2019-10-18 14:30:30,687 [681edbc6-a1fc-42a4-b5ce-4922820de60a@group-FD33B9583E3C-LeaderElection100] INFO  impl.RaftServerImpl (RaftServerImpl.java:setRole(184)) - 681edbc6-a1fc-42a4-b5ce-4922820de60a@group-FD33B9583E3C: changes role from CANDIDATE to FOLLOWER at term 93 for DISCOVERED_A_NEW_TERM
2019-10-18 14:30:30,687 [681edbc6-a1fc-42a4-b5ce-4922820de60a@group-FD33B9583E3C-LeaderElection100] INFO  impl.RoleInfo (RoleInfo.java:shutdownLeaderElection(134)) - 681edbc6-a1fc-42a4-b5ce-4922820de60a: shutdown LeaderElection
2019-10-18 14:30:30,687 [681edbc6-a1fc-42a4-b5ce-4922820de60a@group-FD33B9583E3C-LeaderElection100] INFO  impl.RoleInfo (RoleInfo.java:updateAndGet(143)) - 681edbc6-a1fc-42a4-b5ce-4922820de60a: start FollowerState
2019-10-18 14:30:30,756 [Thread-1146] INFO  impl.FollowerState (FollowerState.java:run(108)) - 681edbc6-a1fc-42a4-b5ce-4922820de60a@group-FD33B9583E3C-FollowerState: change to CANDIDATE, lastRpcTime:68ms, electionTimeout:68ms
2019-10-18 14:30:30,756 [Thread-1146] INFO  impl.RoleInfo (RoleInfo.java:shutdownFollowerState(121)) - 681edbc6-a1fc-42a4-b5ce-4922820de60a: shutdown FollowerState
2019-10-18 14:30:30,756 [Thread-1146] INFO  impl.RaftServerImpl (RaftServerImpl.java:setRole(184)) - 681edbc6-a1fc-42a4-b5ce-4922820de60a@group-FD33B9583E3C: changes role from  FOLLOWER to CANDIDATE at term 93 for changeToCandidate
2019-10-18 14:30:30,756 [Thread-1146] INFO  impl.RoleInfo (RoleInfo.java:updateAndGet(143)) - 681edbc6-a1fc-42a4-b5ce-4922820de60a: start LeaderElection
2019-10-18 14:30:30,770 [681edbc6-a1fc-42a4-b5ce-4922820de60a@group-FD33B9583E3C-LeaderElection101] INFO  impl.LeaderElection (LeaderElection.java:askForVotes(178)) - 681edbc6-a1fc-42a4-b5ce-4922820de60a@group-FD33B9583E3C-LeaderElection101: begin an election at term 94 for -1: [3ee7b367-7b16-44e1-99f8-43aefeda0876:192.168.164.233:46080, 681edbc6-a1fc-42a4-b5ce-4922820de60a:192.168.164.233:44267, 773cce60-eeca-4c1f-a5ec-70084be8b6b9:192.168.164.233:38729], old=null
2019-10-18 14:30:30,773 [grpc-default-executor-1] INFO  impl.RaftServerImpl (RaftServerImpl.java:setRole(184)) - 773cce60-eeca-4c1f-a5ec-70084be8b6b9@group-FD33B9583E3C: changes role from  FOLLOWER to FOLLOWER at term 94 for recognizeCandidate:681edbc6-a1fc-42a4-b5ce-4922820de60a
2019-10-18 14:30:30,773 [grpc-default-executor-5] INFO  impl.RaftServerImpl (RaftServerImpl.java:setRole(184)) - 3ee7b367-7b16-44e1-99f8-43aefeda0876@group-FD33B9583E3C: changes role from  FOLLOWER to FOLLOWER at term 94 for recognizeCandidate:681edbc6-a1fc-42a4-b5ce-4922820de60a
2019-10-18 14:30:30,773 [grpc-default-executor-1] INFO  impl.RoleInfo (RoleInfo.java:shutdownFollowerState(121)) - 773cce60-eeca-4c1f-a5ec-70084be8b6b9: shutdown FollowerState
2019-10-18 14:30:30,773 [grpc-default-executor-5] INFO  impl.RoleInfo (RoleInfo.java:shutdownFollowerState(121)) - 3ee7b367-7b16-44e1-99f8-43aefeda0876: shutdown FollowerState
2019-10-18 14:30:30,773 [Thread-1144] INFO  impl.FollowerState (FollowerState.java:run(117)) - 773cce60-eeca-4c1f-a5ec-70084be8b6b9@group-FD33B9583E3C-FollowerState was interrupted: java.lang.InterruptedException: sleep interrupted
2019-10-18 14:30:30,773 [grpc-default-executor-5] INFO  impl.RoleInfo (RoleInfo.java:updateAndGet(143)) - 3ee7b367-7b16-44e1-99f8-43aefeda0876: start FollowerState
2019-10-18 14:30:30,773 [grpc-default-executor-1] INFO  impl.RoleInfo (RoleInfo.java:updateAndGet(143)) - 773cce60-eeca-4c1f-a5ec-70084be8b6b9: start FollowerState
2019-10-18 14:30:30,773 [Thread-1145] INFO  impl.FollowerState (FollowerState.java:run(117)) - 3ee7b367-7b16-44e1-99f8-43aefeda0876@group-FD33B9583E3C-FollowerState was interrupted: java.lang.InterruptedException: sleep interrupted
2019-10-18 14:30:30,788 [681edbc6-a1fc-42a4-b5ce-4922820de60a@group-FD33B9583E3C-LeaderElection101] INFO  impl.LeaderElection (LeaderElection.java:logAndReturn(56)) - 681edbc6-a1fc-42a4-b5ce-4922820de60a@group-FD33B9583E3C-LeaderElection101: Election REJECTED; received 2 response(s) [681edbc6-a1fc-42a4-b5ce-4922820de60a<-3ee7b367-7b16-44e1-99f8-43aefeda0876#0:FAIL-t94, 681edbc6-a1fc-42a4-b5ce-4922820de60a<-773cce60-eeca-4c1f-a5ec-70084be8b6b9#0:FAIL-t94] and 0 exception(s); 681edbc6-a1fc-42a4-b5ce-4922820de60a@group-FD33B9583E3C:t94, leader=null, voted=681edbc6-a1fc-42a4-b5ce-4922820de60a, raftlog=681edbc6-a1fc-42a4-b5ce-4922820de60a@group-FD33B9583E3C-SegmentedRaftLog:OPENED:c-1,f-1,i0, conf=-1: [3ee7b367-7b16-44e1-99f8-43aefeda0876:192.168.164.233:46080, 681edbc6-a1fc-42a4-b5ce-4922820de60a:192.168.164.233:44267, 773cce60-eeca-4c1f-a5ec-70084be8b6b9:192.168.164.233:38729], old=null
2019-10-18 14:30:30,788 [681edbc6-a1fc-42a4-b5ce-4922820de60a@group-FD33B9583E3C-LeaderElection101] INFO  impl.RaftServerImpl (RaftServerImpl.java:setRole(184)) - 681edbc6-a1fc-42a4-b5ce-4922820de60a@group-FD33B9583E3C: changes role from CANDIDATE to FOLLOWER at term 94 for DISCOVERED_A_NEW_TERM
2019-10-18 14:30:30,788 [681edbc6-a1fc-42a4-b5ce-4922820de60a@group-FD33B9583E3C-LeaderElection101] INFO  impl.RoleInfo (RoleInfo.java:shutdownLeaderElection(134)) - 681edbc6-a1fc-42a4-b5ce-4922820de60a: shutdown LeaderElection
2019-10-18 14:30:30,788 [681edbc6-a1fc-42a4-b5ce-4922820de60a@group-FD33B9583E3C-LeaderElection101] INFO  impl.RoleInfo (RoleInfo.java:updateAndGet(143)) - 681edbc6-a1fc-42a4-b5ce-4922820de60a: start FollowerState
2019-10-18 14:30:30,813 [Thread-1152] INFO  impl.FollowerState (FollowerState.java:run(108)) - 681edbc6-a1fc-42a4-b5ce-4922820de60a@group-FD33B9583E3C-FollowerState: change to CANDIDATE, lastRpcTime:24ms, electionTimeout:24ms
2019-10-18 14:30:30,813 [Thread-1152] INFO  impl.RoleInfo (RoleInfo.java:shutdownFollowerState(121)) - 681edbc6-a1fc-42a4-b5ce-4922820de60a: shutdown FollowerState
2019-10-18 14:30:30,813 [Thread-1152] INFO  impl.RaftServerImpl (RaftServerImpl.java:setRole(184)) - 681edbc6-a1fc-42a4-b5ce-4922820de60a@group-FD33B9583E3C: changes role from  FOLLOWER to CANDIDATE at term 94 for changeToCandidate
2019-10-18 14:30:30,813 [Thread-1152] INFO  impl.RoleInfo (RoleInfo.java:updateAndGet(143)) - 681edbc6-a1fc-42a4-b5ce-4922820de60a: start LeaderElection
2019-10-18 14:30:30,823 [681edbc6-a1fc-42a4-b5ce-4922820de60a@group-FD33B9583E3C-LeaderElection102] INFO  impl.LeaderElection (LeaderElection.java:askForVotes(178)) - 681edbc6-a1fc-42a4-b5ce-4922820de60a@group-FD33B9583E3C-LeaderElection102: begin an election at term 95 for -1: [3ee7b367-7b16-44e1-99f8-43aefeda0876:192.168.164.233:46080, 681edbc6-a1fc-42a4-b5ce-4922820de60a:192.168.164.233:44267, 773cce60-eeca-4c1f-a5ec-70084be8b6b9:192.168.164.233:38729], old=null
2019-10-18 14:30:30,825 [grpc-default-executor-1] INFO  impl.RaftServerImpl (RaftServerImpl.java:setRole(184)) - 3ee7b367-7b16-44e1-99f8-43aefeda0876@group-FD33B9583E3C: changes role from  FOLLOWER to FOLLOWER at term 95 for recognizeCandidate:681edbc6-a1fc-42a4-b5ce-4922820de60a
2019-10-18 14:30:30,825 [grpc-default-executor-1] INFO  impl.RoleInfo (RoleInfo.java:shutdownFollowerState(121)) - 3ee7b367-7b16-44e1-99f8-43aefeda0876: shutdown FollowerState
2019-10-18 14:30:30,825 [grpc-default-executor-1] INFO  impl.RoleInfo (RoleInfo.java:updateAndGet(143)) - 3ee7b367-7b16-44e1-99f8-43aefeda0876: start FollowerState
2019-10-18 14:30:30,825 [Thread-1151] INFO  impl.FollowerState (FollowerState.java:run(117)) - 3ee7b367-7b16-44e1-99f8-43aefeda0876@group-FD33B9583E3C-FollowerState was interrupted: java.lang.InterruptedException: sleep interrupted
2019-10-18 14:30:30,825 [grpc-default-executor-5] INFO  impl.RaftServerImpl (RaftServerImpl.java:setRole(184)) - 773cce60-eeca-4c1f-a5ec-70084be8b6b9@group-FD33B9583E3C: changes role from  FOLLOWER to FOLLOWER at term 95 for recognizeCandidate:681edbc6-a1fc-42a4-b5ce-4922820de60a
2019-10-18 14:30:30,825 [grpc-default-executor-5] INFO  impl.RoleInfo (RoleInfo.java:shutdownFollowerState(121)) - 773cce60-eeca-4c1f-a5ec-70084be8b6b9: shutdown FollowerState
2019-10-18 14:30:30,825 [grpc-default-executor-5] INFO  impl.RoleInfo (RoleInfo.java:updateAndGet(143)) - 773cce60-eeca-4c1f-a5ec-70084be8b6b9: start FollowerState
2019-10-18 14:30:30,825 [Thread-1150] INFO  impl.FollowerState (FollowerState.java:run(117)) - 773cce60-eeca-4c1f-a5ec-70084be8b6b9@group-FD33B9583E3C-FollowerState was interrupted: java.lang.InterruptedException: sleep interrupted
2019-10-18 14:30:30,839 [681edbc6-a1fc-42a4-b5ce-4922820de60a@group-FD33B9583E3C-LeaderElection102] INFO  impl.LeaderElection (LeaderElection.java:logAndReturn(56)) - 681edbc6-a1fc-42a4-b5ce-4922820de60a@group-FD33B9583E3C-LeaderElection102: Election REJECTED; received 2 response(s) [681edbc6-a1fc-42a4-b5ce-4922820de60a<-3ee7b367-7b16-44e1-99f8-43aefeda0876#0:FAIL-t95, 681edbc6-a1fc-42a4-b5ce-4922820de60a<-773cce60-eeca-4c1f-a5ec-70084be8b6b9#0:FAIL-t95] and 0 exception(s); 681edbc6-a1fc-42a4-b5ce-4922820de60a@group-FD33B9583E3C:t95, leader=null, voted=681edbc6-a1fc-42a4-b5ce-4922820de60a, raftlog=681edbc6-a1fc-42a4-b5ce-4922820de60a@group-FD33B9583E3C-SegmentedRaftLog:OPENED:c-1,f-1,i0, conf=-1: [3ee7b367-7b16-44e1-99f8-43aefeda0876:192.168.164.233:46080, 681edbc6-a1fc-42a4-b5ce-4922820de60a:192.168.164.233:44267, 773cce60-eeca-4c1f-a5ec-70084be8b6b9:192.168.164.233:38729], old=null
2019-10-18 14:30:30,840 [681edbc6-a1fc-42a4-b5ce-4922820de60a@group-FD33B9583E3C-LeaderElection102] INFO  impl.RaftServerImpl (RaftServerImpl.java:setRole(184)) - 681edbc6-a1fc-42a4-b5ce-4922820de60a@group-FD33B9583E3C: changes role from CANDIDATE to FOLLOWER at term 95 for DISCOVERED_A_NEW_TERM
2019-10-18 14:30:30,840 [681edbc6-a1fc-42a4-b5ce-4922820de60a@group-FD33B9583E3C-LeaderElection102] INFO  impl.RoleInfo (RoleInfo.java:shutdownLeaderElection(134)) - 681edbc6-a1fc-42a4-b5ce-4922820de60a: shutdown LeaderElection
2019-10-18 14:30:30,840 [681edbc6-a1fc-42a4-b5ce-4922820de60a@group-FD33B9583E3C-LeaderElection102] INFO  impl.RoleInfo (RoleInfo.java:updateAndGet(143)) - 681edbc6-a1fc-42a4-b5ce-4922820de60a: start FollowerState
2019-10-18 14:30:30,998 [Thread-1158] INFO  impl.FollowerState (FollowerState.java:run(108)) - 681edbc6-a1fc-42a4-b5ce-4922820de60a@group-FD33B9583E3C-FollowerState: change to CANDIDATE, lastRpcTime:158ms, electionTimeout:158ms
2019-10-18 14:30:30,998 [Thread-1158] INFO  impl.RoleInfo (RoleInfo.java:shutdownFollowerState(121)) - 681edbc6-a1fc-42a4-b5ce-4922820de60a: shutdown FollowerState
2019-10-18 14:30:30,998 [Thread-1158] INFO  impl.RaftServerImpl (RaftServerImpl.java:setRole(184)) - 681edbc6-a1fc-42a4-b5ce-4922820de60a@group-FD33B9583E3C: changes role from  FOLLOWER to CANDIDATE at term 95 for changeToCandidate
2019-10-18 14:30:30,999 [Thread-1158] INFO  impl.RoleInfo (RoleInfo.java:updateAndGet(143)) - 681edbc6-a1fc-42a4-b5ce-4922820de60a: start LeaderElection
2019-10-18 14:30:31,003 [681edbc6-a1fc-42a4-b5ce-4922820de60a@group-FD33B9583E3C-LeaderElection103] INFO  impl.LeaderElection (LeaderElection.java:askForVotes(178)) - 681edbc6-a1fc-42a4-b5ce-4922820de60a@group-FD33B9583E3C-LeaderElection103: begin an election at term 96 for -1: [3ee7b367-7b16-44e1-99f8-43aefeda0876:192.168.164.233:46080, 681edbc6-a1fc-42a4-b5ce-4922820de60a:192.168.164.233:44267, 773cce60-eeca-4c1f-a5ec-70084be8b6b9:192.168.164.233:38729], old=null
2019-10-18 14:30:31,005 [grpc-default-executor-5] INFO  impl.RaftServerImpl (RaftServerImpl.java:setRole(184)) - 773cce60-eeca-4c1f-a5ec-70084be8b6b9@group-FD33B9583E3C: changes role from  FOLLOWER to FOLLOWER at term 96 for recognizeCandidate:681edbc6-a1fc-42a4-b5ce-4922820de60a
2019-10-18 14:30:31,005 [grpc-default-executor-1] INFO  impl.RaftServerImpl (RaftServerImpl.java:setRole(184)) - 3ee7b367-7b16-44e1-99f8-43aefeda0876@group-FD33B9583E3C: changes role from  FOLLOWER to FOLLOWER at term 96 for recognizeCandidate:681edbc6-a1fc-42a4-b5ce-4922820de60a
2019-10-18 14:30:31,005 [grpc-default-executor-5] INFO  impl.RoleInfo (RoleInfo.java:shutdownFollowerState(121)) - 773cce60-eeca-4c1f-a5ec-70084be8b6b9: shutdown FollowerState
2019-10-18 14:30:31,005 [grpc-default-executor-1] INFO  impl.RoleInfo (RoleInfo.java:shutdownFollowerState(121)) - 3ee7b367-7b16-44e1-99f8-43aefeda0876: shutdown FollowerState
2019-10-18 14:30:31,005 [Thread-1157] INFO  impl.FollowerState (FollowerState.java:run(117)) - 773cce60-eeca-4c1f-a5ec-70084be8b6b9@group-FD33B9583E3C-FollowerState was interrupted: java.lang.InterruptedException: sleep interrupted
2019-10-18 14:30:31,005 [grpc-default-executor-5] INFO  impl.RoleInfo (RoleInfo.java:updateAndGet(143)) - 773cce60-eeca-4c1f-a5ec-70084be8b6b9: start FollowerState
2019-10-18 14:30:31,005 [Thread-1156] INFO  impl.FollowerState (FollowerState.java:run(117)) - 3ee7b367-7b16-44e1-99f8-43aefeda0876@group-FD33B9583E3C-FollowerState was interrupted: java.lang.InterruptedException: sleep interrupted
2019-10-18 14:30:31,005 [grpc-default-executor-1] INFO  impl.RoleInfo (RoleInfo.java:updateAndGet(143)) - 3ee7b367-7b16-44e1-99f8-43aefeda0876: start FollowerState
2019-10-18 14:30:31,010 [681edbc6-a1fc-42a4-b5ce-4922820de60a@group-FD33B9583E3C-LeaderElection103] INFO  impl.LeaderElection (LeaderElection.java:logAndReturn(56)) - 681edbc6-a1fc-42a4-b5ce-4922820de60a@group-FD33B9583E3C-LeaderElection103: Election REJECTED; received 2 response(s) [681edbc6-a1fc-42a4-b5ce-4922820de60a<-3ee7b367-7b16-44e1-99f8-43aefeda0876#0:FAIL-t96, 681edbc6-a1fc-42a4-b5ce-4922820de60a<-773cce60-eeca-4c1f-a5ec-70084be8b6b9#0:FAIL-t96] and 0 exception(s); 681edbc6-a1fc-42a4-b5ce-4922820de60a@group-FD33B9583E3C:t96, leader=null, voted=681edbc6-a1fc-42a4-b5ce-4922820de60a, raftlog=681edbc6-a1fc-42a4-b5ce-4922820de60a@group-FD33B9583E3C-SegmentedRaftLog:OPENED:c-1,f-1,i0, conf=-1: [3ee7b367-7b16-44e1-99f8-43aefeda0876:192.168.164.233:46080, 681edbc6-a1fc-42a4-b5ce-4922820de60a:192.168.164.233:44267, 773cce60-eeca-4c1f-a5ec-70084be8b6b9:192.168.164.233:38729], old=null
2019-10-18 14:30:31,010 [681edbc6-a1fc-42a4-b5ce-4922820de60a@group-FD33B9583E3C-LeaderElection103] INFO  impl.RaftServerImpl (RaftServerImpl.java:setRole(184)) - 681edbc6-a1fc-42a4-b5ce-4922820de60a@group-FD33B9583E3C: changes role from CANDIDATE to FOLLOWER at term 96 for DISCOVERED_A_NEW_TERM
2019-10-18 14:30:31,010 [681edbc6-a1fc-42a4-b5ce-4922820de60a@group-FD33B9583E3C-LeaderElection103] INFO  impl.RoleInfo (RoleInfo.java:shutdownLeaderElection(134)) - 681edbc6-a1fc-42a4-b5ce-4922820de60a: shutdown LeaderElection
2019-10-18 14:30:31,010 [681edbc6-a1fc-42a4-b5ce-4922820de60a@group-FD33B9583E3C-LeaderElection103] INFO  impl.RoleInfo (RoleInfo.java:updateAndGet(143)) - 681edbc6-a1fc-42a4-b5ce-4922820de60a: start FollowerState
2019-10-18 14:30:31,073 [Thread-1166] INFO  impl.FollowerState (FollowerState.java:run(108)) - 681edbc6-a1fc-42a4-b5ce-4922820de60a@group-FD33B9583E3C-FollowerState: change to CANDIDATE, lastRpcTime:62ms, electionTimeout:62ms
2019-10-18 14:30:31,073 [Thread-1166] INFO  impl.RoleInfo (RoleInfo.java:shutdownFollowerState(121)) - 681edbc6-a1fc-42a4-b5ce-4922820de60a: shutdown FollowerState
2019-10-18 14:30:31,073 [Thread-1166] INFO  impl.RaftServerImpl (RaftServerImpl.java:setRole(184)) - 681edbc6-a1fc-42a4-b5ce-4922820de60a@group-FD33B9583E3C: changes role from  FOLLOWER to CANDIDATE at term 96 for changeToCandidate
2019-10-18 14:30:31,073 [Thread-1166] INFO  impl.RoleInfo (RoleInfo.java:updateAndGet(143)) - 681edbc6-a1fc-42a4-b5ce-4922820de60a: start LeaderElection
2019-10-18 14:30:31,079 [681edbc6-a1fc-42a4-b5ce-4922820de60a@group-FD33B9583E3C-LeaderElection104] INFO  impl.LeaderElection (LeaderElection.java:askForVotes(178)) - 681edbc6-a1fc-42a4-b5ce-4922820de60a@group-FD33B9583E3C-LeaderElection104: begin an election at term 97 for -1: [3ee7b367-7b16-44e1-99f8-43aefeda0876:192.168.164.233:46080, 681edbc6-a1fc-42a4-b5ce-4922820de60a:192.168.164.233:44267, 773cce60-eeca-4c1f-a5ec-70084be8b6b9:192.168.164.233:38729], old=null
2019-10-18 14:30:31,081 [grpc-default-executor-1] INFO  impl.RaftServerImpl (RaftServerImpl.java:setRole(184)) - 3ee7b367-7b16-44e1-99f8-43aefeda0876@group-FD33B9583E3C: changes role from  FOLLOWER to FOLLOWER at term 97 for recognizeCandidate:681edbc6-a1fc-42a4-b5ce-4922820de60a
2019-10-18 14:30:31,081 [grpc-default-executor-5] INFO  impl.RaftServerImpl (RaftServerImpl.java:setRole(184)) - 773cce60-eeca-4c1f-a5ec-70084be8b6b9@group-FD33B9583E3C: changes role from  FOLLOWER to FOLLOWER at term 97 for recognizeCandidate:681edbc6-a1fc-42a4-b5ce-4922820de60a
2019-10-18 14:30:31,081 [grpc-default-executor-1] INFO  impl.RoleInfo (RoleInfo.java:shutdownFollowerState(121)) - 3ee7b367-7b16-44e1-99f8-43aefeda0876: shutdown FollowerState
2019-10-18 14:30:31,081 [grpc-default-executor-5] INFO  impl.RoleInfo (RoleInfo.java:shutdownFollowerState(121)) - 773cce60-eeca-4c1f-a5ec-70084be8b6b9: shutdown FollowerState
2019-10-18 14:30:31,081 [Thread-1165] INFO  impl.FollowerState (FollowerState.java:run(117)) - 3ee7b367-7b16-44e1-99f8-43aefeda0876@group-FD33B9583E3C-FollowerState was interrupted: java.lang.InterruptedException: sleep interrupted
2019-10-18 14:30:31,081 [grpc-default-executor-1] INFO  impl.RoleInfo (RoleInfo.java:updateAndGet(143)) - 3ee7b367-7b16-44e1-99f8-43aefeda0876: start FollowerState
2019-10-18 14:30:31,082 [Thread-1164] INFO  impl.FollowerState (FollowerState.java:run(117)) - 773cce60-eeca-4c1f-a5ec-70084be8b6b9@group-FD33B9583E3C-FollowerState was interrupted: java.lang.InterruptedException: sleep interrupted
2019-10-18 14:30:31,082 [grpc-default-executor-5] INFO  impl.RoleInfo (RoleInfo.java:updateAndGet(143)) - 773cce60-eeca-4c1f-a5ec-70084be8b6b9: start FollowerState
2019-10-18 14:30:31,100 [681edbc6-a1fc-42a4-b5ce-4922820de60a@group-FD33B9583E3C-LeaderElection104] INFO  impl.LeaderElection (LeaderElection.java:logAndReturn(56)) - 681edbc6-a1fc-42a4-b5ce-4922820de60a@group-FD33B9583E3C-LeaderElection104: Election REJECTED; received 2 response(s) [681edbc6-a1fc-42a4-b5ce-4922820de60a<-3ee7b367-7b16-44e1-99f8-43aefeda0876#0:FAIL-t97, 681edbc6-a1fc-42a4-b5ce-4922820de60a<-773cce60-eeca-4c1f-a5ec-70084be8b6b9#0:FAIL-t97] and 0 exception(s); 681edbc6-a1fc-42a4-b5ce-4922820de60a@group-FD33B9583E3C:t97, leader=null, voted=681edbc6-a1fc-42a4-b5ce-4922820de60a, raftlog=681edbc6-a1fc-42a4-b5ce-4922820de60a@group-FD33B9583E3C-SegmentedRaftLog:OPENED:c-1,f-1,i0, conf=-1: [3ee7b367-7b16-44e1-99f8-43aefeda0876:192.168.164.233:46080, 681edbc6-a1fc-42a4-b5ce-4922820de60a:192.168.164.233:44267, 773cce60-eeca-4c1f-a5ec-70084be8b6b9:192.168.164.233:38729], old=null
2019-10-18 14:30:31,100 [681edbc6-a1fc-42a4-b5ce-4922820de60a@group-FD33B9583E3C-LeaderElection104] INFO  impl.RaftServerImpl (RaftServerImpl.java:setRole(184)) - 681edbc6-a1fc-42a4-b5ce-4922820de60a@group-FD33B9583E3C: changes role from CANDIDATE to FOLLOWER at term 97 for DISCOVERED_A_NEW_TERM
2019-10-18 14:30:31,100 [681edbc6-a1fc-42a4-b5ce-4922820de60a@group-FD33B9583E3C-LeaderElection104] INFO  impl.RoleInfo (RoleInfo.java:shutdownLeaderElection(134)) - 681edbc6-a1fc-42a4-b5ce-4922820de60a: shutdown LeaderElection
2019-10-18 14:30:31,100 [681edbc6-a1fc-42a4-b5ce-4922820de60a@group-FD33B9583E3C-LeaderElection104] INFO  impl.RoleInfo (RoleInfo.java:updateAndGet(143)) - 681edbc6-a1fc-42a4-b5ce-4922820de60a: start FollowerState
2019-10-18 14:30:31,197 [Thread-1172] INFO  impl.FollowerState (FollowerState.java:run(108)) - 681edbc6-a1fc-42a4-b5ce-4922820de60a@group-FD33B9583E3C-FollowerState: change to CANDIDATE, lastRpcTime:97ms, electionTimeout:97ms
2019-10-18 14:30:31,198 [Thread-1172] INFO  impl.RoleInfo (RoleInfo.java:shutdownFollowerState(121)) - 681edbc6-a1fc-42a4-b5ce-4922820de60a: shutdown FollowerState
2019-10-18 14:30:31,198 [Thread-1172] INFO  impl.RaftServerImpl (RaftServerImpl.java:setRole(184)) - 681edbc6-a1fc-42a4-b5ce-4922820de60a@group-FD33B9583E3C: changes role from  FOLLOWER to CANDIDATE at term 97 for changeToCandidate
2019-10-18 14:30:31,198 [Thread-1172] INFO  impl.RoleInfo (RoleInfo.java:updateAndGet(143)) - 681edbc6-a1fc-42a4-b5ce-4922820de60a: start LeaderElection
2019-10-18 14:30:31,211 [681edbc6-a1fc-42a4-b5ce-4922820de60a@group-FD33B9583E3C-LeaderElection105] INFO  impl.LeaderElection (LeaderElection.java:askForVotes(178)) - 681edbc6-a1fc-42a4-b5ce-4922820de60a@group-FD33B9583E3C-LeaderElection105: begin an election at term 98 for -1: [3ee7b367-7b16-44e1-99f8-43aefeda0876:192.168.164.233:46080, 681edbc6-a1fc-42a4-b5ce-4922820de60a:192.168.164.233:44267, 773cce60-eeca-4c1f-a5ec-70084be8b6b9:192.168.164.233:38729], old=null
2019-10-18 14:30:31,213 [grpc-default-executor-1] INFO  impl.RaftServerImpl (RaftServerImpl.java:setRole(184)) - 773cce60-eeca-4c1f-a5ec-70084be8b6b9@group-FD33B9583E3C: changes role from  FOLLOWER to FOLLOWER at term 98 for recognizeCandidate:681edbc6-a1fc-42a4-b5ce-4922820de60a
2019-10-18 14:30:31,213 [grpc-default-executor-5] INFO  impl.RaftServerImpl (RaftServerImpl.java:setRole(184)) - 3ee7b367-7b16-44e1-99f8-43aefeda0876@group-FD33B9583E3C: changes role from  FOLLOWER to FOLLOWER at term 98 for recognizeCandidate:681edbc6-a1fc-42a4-b5ce-4922820de60a
2019-10-18 14:30:31,213 [grpc-default-executor-1] INFO  impl.RoleInfo (RoleInfo.java:shutdownFollowerState(121)) - 773cce60-eeca-4c1f-a5ec-70084be8b6b9: shutdown FollowerState
2019-10-18 14:30:31,213 [grpc-default-executor-5] INFO  impl.RoleInfo (RoleInfo.java:shutdownFollowerState(121)) - 3ee7b367-7b16-44e1-99f8-43aefeda0876: shutdown FollowerState
2019-10-18 14:30:31,213 [Thread-1171] INFO  impl.FollowerState (FollowerState.java:run(117)) - 773cce60-eeca-4c1f-a5ec-70084be8b6b9@group-FD33B9583E3C-FollowerState was interrupted: java.lang.InterruptedException: sleep interrupted
2019-10-18 14:30:31,213 [grpc-default-executor-1] INFO  impl.RoleInfo (RoleInfo.java:updateAndGet(143)) - 773cce60-eeca-4c1f-a5ec-70084be8b6b9: start FollowerState
2019-10-18 14:30:31,214 [Thread-1170] INFO  impl.FollowerState (FollowerState.java:run(117)) - 3ee7b367-7b16-44e1-99f8-43aefeda0876@group-FD33B9583E3C-FollowerState was interrupted: java.lang.InterruptedException: sleep interrupted
2019-10-18 14:30:31,214 [grpc-default-executor-5] INFO  impl.RoleInfo (RoleInfo.java:updateAndGet(143)) - 3ee7b367-7b16-44e1-99f8-43aefeda0876: start FollowerState
2019-10-18 14:30:31,227 [681edbc6-a1fc-42a4-b5ce-4922820de60a@group-FD33B9583E3C-LeaderElection105] INFO  impl.LeaderElection (LeaderElection.java:logAndReturn(56)) - 681edbc6-a1fc-42a4-b5ce-4922820de60a@group-FD33B9583E3C-LeaderElection105: Election REJECTED; received 2 response(s) [681edbc6-a1fc-42a4-b5ce-4922820de60a<-3ee7b367-7b16-44e1-99f8-43aefeda0876#0:FAIL-t98, 681edbc6-a1fc-42a4-b5ce-4922820de60a<-773cce60-eeca-4c1f-a5ec-70084be8b6b9#0:FAIL-t98] and 0 exception(s); 681edbc6-a1fc-42a4-b5ce-4922820de60a@group-FD33B9583E3C:t98, leader=null, voted=681edbc6-a1fc-42a4-b5ce-4922820de60a, raftlog=681edbc6-a1fc-42a4-b5ce-4922820de60a@group-FD33B9583E3C-SegmentedRaftLog:OPENED:c-1,f-1,i0, conf=-1: [3ee7b367-7b16-44e1-99f8-43aefeda0876:192.168.164.233:46080, 681edbc6-a1fc-42a4-b5ce-4922820de60a:192.168.164.233:44267, 773cce60-eeca-4c1f-a5ec-70084be8b6b9:192.168.164.233:38729], old=null
2019-10-18 14:30:31,228 [681edbc6-a1fc-42a4-b5ce-4922820de60a@group-FD33B9583E3C-LeaderElection105] INFO  impl.RaftServerImpl (RaftServerImpl.java:setRole(184)) - 681edbc6-a1fc-42a4-b5ce-4922820de60a@group-FD33B9583E3C: changes role from CANDIDATE to FOLLOWER at term 98 for DISCOVERED_A_NEW_TERM
2019-10-18 14:30:31,228 [681edbc6-a1fc-42a4-b5ce-4922820de60a@group-FD33B9583E3C-LeaderElection105] INFO  impl.RoleInfo (RoleInfo.java:shutdownLeaderElection(134)) - 681edbc6-a1fc-42a4-b5ce-4922820de60a: shutdown LeaderElection
2019-10-18 14:30:31,228 [681edbc6-a1fc-42a4-b5ce-4922820de60a@group-FD33B9583E3C-LeaderElection105] INFO  impl.RoleInfo (RoleInfo.java:updateAndGet(143)) - 681edbc6-a1fc-42a4-b5ce-4922820de60a: start FollowerState
2019-10-18 14:30:31,243 [Thread-1180] INFO  impl.FollowerState (FollowerState.java:run(108)) - 681edbc6-a1fc-42a4-b5ce-4922820de60a@group-FD33B9583E3C-FollowerState: change to CANDIDATE, lastRpcTime:15ms, electionTimeout:15ms
2019-10-18 14:30:31,243 [Thread-1180] INFO  impl.RoleInfo (RoleInfo.java:shutdownFollowerState(121)) - 681edbc6-a1fc-42a4-b5ce-4922820de60a: shutdown FollowerState
2019-10-18 14:30:31,243 [Thread-1180] INFO  impl.RaftServerImpl (RaftServerImpl.java:setRole(184)) - 681edbc6-a1fc-42a4-b5ce-4922820de60a@group-FD33B9583E3C: changes role from  FOLLOWER to CANDIDATE at term 98 for changeToCandidate
2019-10-18 14:30:31,244 [Thread-1180] INFO  impl.RoleInfo (RoleInfo.java:updateAndGet(143)) - 681edbc6-a1fc-42a4-b5ce-4922820de60a: start LeaderElection
2019-10-18 14:30:31,249 [681edbc6-a1fc-42a4-b5ce-4922820de60a@group-FD33B9583E3C-LeaderElection106] INFO  impl.LeaderElection (LeaderElection.java:askForVotes(178)) - 681edbc6-a1fc-42a4-b5ce-4922820de60a@group-FD33B9583E3C-LeaderElection106: begin an election at term 99 for -1: [3ee7b367-7b16-44e1-99f8-43aefeda0876:192.168.164.233:46080, 681edbc6-a1fc-42a4-b5ce-4922820de60a:192.168.164.233:44267, 773cce60-eeca-4c1f-a5ec-70084be8b6b9:192.168.164.233:38729], old=null
2019-10-18 14:30:31,250 [grpc-default-executor-1] INFO  impl.RaftServerImpl (RaftServerImpl.java:setRole(184)) - 3ee7b367-7b16-44e1-99f8-43aefeda0876@group-FD33B9583E3C: changes role from  FOLLOWER to FOLLOWER at term 99 for recognizeCandidate:681edbc6-a1fc-42a4-b5ce-4922820de60a
2019-10-18 14:30:31,250 [grpc-default-executor-1] INFO  impl.RoleInfo (RoleInfo.java:shutdownFollowerState(121)) - 3ee7b367-7b16-44e1-99f8-43aefeda0876: shutdown FollowerState
2019-10-18 14:30:31,250 [grpc-default-executor-5] INFO  impl.RaftServerImpl (RaftServerImpl.java:setRole(184)) - 773cce60-eeca-4c1f-a5ec-70084be8b6b9@group-FD33B9583E3C: changes role from  FOLLOWER to FOLLOWER at term 99 for recognizeCandidate:681edbc6-a1fc-42a4-b5ce-4922820de60a
2019-10-18 14:30:31,251 [Thread-1179] INFO  impl.FollowerState (FollowerState.java:run(117)) - 3ee7b367-7b16-44e1-99f8-43aefeda0876@group-FD33B9583E3C-FollowerState was interrupted: java.lang.InterruptedException: sleep interrupted
2019-10-18 14:30:31,251 [grpc-default-executor-1] INFO  impl.RoleInfo (RoleInfo.java:updateAndGet(143)) - 3ee7b367-7b16-44e1-99f8-43aefeda0876: start FollowerState
2019-10-18 14:30:31,251 [grpc-default-executor-5] INFO  impl.RoleInfo (RoleInfo.java:shutdownFollowerState(121)) - 773cce60-eeca-4c1f-a5ec-70084be8b6b9: shutdown FollowerState
2019-10-18 14:30:31,251 [grpc-default-executor-5] INFO  impl.RoleInfo (RoleInfo.java:updateAndGet(143)) - 773cce60-eeca-4c1f-a5ec-70084be8b6b9: start FollowerState
2019-10-18 14:30:31,251 [Thread-1178] INFO  impl.FollowerState (FollowerState.java:run(117)) - 773cce60-eeca-4c1f-a5ec-70084be8b6b9@group-FD33B9583E3C-FollowerState was interrupted: java.lang.InterruptedException: sleep interrupted
2019-10-18 14:30:31,256 [681edbc6-a1fc-42a4-b5ce-4922820de60a@group-FD33B9583E3C-LeaderElection106] INFO  impl.LeaderElection (LeaderElection.java:logAndReturn(56)) - 681edbc6-a1fc-42a4-b5ce-4922820de60a@group-FD33B9583E3C-LeaderElection106: Election TIMEOUT; received 0 response(s) [] and 0 exception(s); 681edbc6-a1fc-42a4-b5ce-4922820de60a@group-FD33B9583E3C:t99, leader=null, voted=681edbc6-a1fc-42a4-b5ce-4922820de60a, raftlog=681edbc6-a1fc-42a4-b5ce-4922820de60a@group-FD33B9583E3C-SegmentedRaftLog:OPENED:c-1,f-1,i0, conf=-1: [3ee7b367-7b16-44e1-99f8-43aefeda0876:192.168.164.233:46080, 681edbc6-a1fc-42a4-b5ce-4922820de60a:192.168.164.233:44267, 773cce60-eeca-4c1f-a5ec-70084be8b6b9:192.168.164.233:38729], old=null
2019-10-18 14:30:31,266 [681edbc6-a1fc-42a4-b5ce-4922820de60a@group-FD33B9583E3C-LeaderElection106] INFO  impl.LeaderElection (LeaderElection.java:askForVotes(178)) - 681edbc6-a1fc-42a4-b5ce-4922820de60a@group-FD33B9583E3C-LeaderElection106: begin an election at term 100 for -1: [3ee7b367-7b16-44e1-99f8-43aefeda0876:192.168.164.233:46080, 681edbc6-a1fc-42a4-b5ce-4922820de60a:192.168.164.233:44267, 773cce60-eeca-4c1f-a5ec-70084be8b6b9:192.168.164.233:38729], old=null
2019-10-18 14:30:31,268 [grpc-default-executor-5] INFO  impl.RaftServerImpl (RaftServerImpl.java:setRole(184)) - 773cce60-eeca-4c1f-a5ec-70084be8b6b9@group-FD33B9583E3C: changes role from  FOLLOWER to FOLLOWER at term 100 for recognizeCandidate:681edbc6-a1fc-42a4-b5ce-4922820de60a
2019-10-18 14:30:31,268 [grpc-default-executor-5] INFO  impl.RoleInfo (RoleInfo.java:shutdownFollowerState(121)) - 773cce60-eeca-4c1f-a5ec-70084be8b6b9: shutdown FollowerState
2019-10-18 14:30:31,268 [grpc-default-executor-5] INFO  impl.RoleInfo (RoleInfo.java:updateAndGet(143)) - 773cce60-eeca-4c1f-a5ec-70084be8b6b9: start FollowerState
2019-10-18 14:30:31,269 [Thread-1185] INFO  impl.FollowerState (FollowerState.java:run(117)) - 773cce60-eeca-4c1f-a5ec-70084be8b6b9@group-FD33B9583E3C-FollowerState was interrupted: java.lang.InterruptedException: sleep interrupted
2019-10-18 14:30:31,269 [grpc-default-executor-1] INFO  impl.RaftServerImpl (RaftServerImpl.java:setRole(184)) - 3ee7b367-7b16-44e1-99f8-43aefeda0876@group-FD33B9583E3C: changes role from  FOLLOWER to FOLLOWER at term 100 for recognizeCandidate:681edbc6-a1fc-42a4-b5ce-4922820de60a
2019-10-18 14:30:31,270 [grpc-default-executor-1] INFO  impl.RoleInfo (RoleInfo.java:shutdownFollowerState(121)) - 3ee7b367-7b16-44e1-99f8-43aefeda0876: shutdown FollowerState
2019-10-18 14:30:31,270 [grpc-default-executor-1] INFO  impl.RoleInfo (RoleInfo.java:updateAndGet(143)) - 3ee7b367-7b16-44e1-99f8-43aefeda0876: start FollowerState
2019-10-18 14:30:31,270 [Thread-1184] INFO  impl.FollowerState (FollowerState.java:run(117)) - 3ee7b367-7b16-44e1-99f8-43aefeda0876@group-FD33B9583E3C-FollowerState was interrupted: java.lang.InterruptedException: sleep interrupted
2019-10-18 14:30:31,272 [681edbc6-a1fc-42a4-b5ce-4922820de60a@group-FD33B9583E3C-LeaderElection106] INFO  impl.LeaderElection (LeaderElection.java:logAndReturn(56)) - 681edbc6-a1fc-42a4-b5ce-4922820de60a@group-FD33B9583E3C-LeaderElection106: Election TIMEOUT; received 0 response(s) [] and 0 exception(s); 681edbc6-a1fc-42a4-b5ce-4922820de60a@group-FD33B9583E3C:t100, leader=null, voted=681edbc6-a1fc-42a4-b5ce-4922820de60a, raftlog=681edbc6-a1fc-42a4-b5ce-4922820de60a@group-FD33B9583E3C-SegmentedRaftLog:OPENED:c-1,f-1,i0, conf=-1: [3ee7b367-7b16-44e1-99f8-43aefeda0876:192.168.164.233:46080, 681edbc6-a1fc-42a4-b5ce-4922820de60a:192.168.164.233:44267, 773cce60-eeca-4c1f-a5ec-70084be8b6b9:192.168.164.233:38729], old=null
2019-10-18 14:30:31,288 [681edbc6-a1fc-42a4-b5ce-4922820de60a@group-FD33B9583E3C-LeaderElection106] INFO  impl.LeaderElection (LeaderElection.java:askForVotes(178)) - 681edbc6-a1fc-42a4-b5ce-4922820de60a@group-FD33B9583E3C-LeaderElection106: begin an election at term 101 for -1: [3ee7b367-7b16-44e1-99f8-43aefeda0876:192.168.164.233:46080, 681edbc6-a1fc-42a4-b5ce-4922820de60a:192.168.164.233:44267, 773cce60-eeca-4c1f-a5ec-70084be8b6b9:192.168.164.233:38729], old=null
2019-10-18 14:30:31,290 [grpc-default-executor-5] INFO  impl.RaftServerImpl (RaftServerImpl.java:setRole(184)) - 3ee7b367-7b16-44e1-99f8-43aefeda0876@group-FD33B9583E3C: changes role from  FOLLOWER to FOLLOWER at term 101 for recognizeCandidate:681edbc6-a1fc-42a4-b5ce-4922820de60a
2019-10-18 14:30:31,290 [grpc-default-executor-5] INFO  impl.RoleInfo (RoleInfo.java:shutdownFollowerState(121)) - 3ee7b367-7b16-44e1-99f8-43aefeda0876: shutdown FollowerState
2019-10-18 14:30:31,291 [grpc-default-executor-5] INFO  impl.RoleInfo (RoleInfo.java:updateAndGet(143)) - 3ee7b367-7b16-44e1-99f8-43aefeda0876: start FollowerState
2019-10-18 14:30:31,291 [grpc-default-executor-1] INFO  impl.RaftServerImpl (RaftServerImpl.java:setRole(184)) - 773cce60-eeca-4c1f-a5ec-70084be8b6b9@group-FD33B9583E3C: changes role from  FOLLOWER to FOLLOWER at term 101 for recognizeCandidate:681edbc6-a1fc-42a4-b5ce-4922820de60a
2019-10-18 14:30:31,291 [grpc-default-executor-1] INFO  impl.RoleInfo (RoleInfo.java:shutdownFollowerState(121)) - 773cce60-eeca-4c1f-a5ec-70084be8b6b9: shutdown FollowerState
2019-10-18 14:30:31,291 [grpc-default-executor-1] INFO  impl.RoleInfo (RoleInfo.java:updateAndGet(143)) - 773cce60-eeca-4c1f-a5ec-70084be8b6b9: start FollowerState
2019-10-18 14:30:31,291 [Thread-1189] INFO  impl.FollowerState (FollowerState.java:run(117)) - 3ee7b367-7b16-44e1-99f8-43aefeda0876@group-FD33B9583E3C-FollowerState was interrupted: java.lang.InterruptedException: sleep interrupted
2019-10-18 14:30:31,291 [Thread-1188] INFO  impl.FollowerState (FollowerState.java:run(117)) - 773cce60-eeca-4c1f-a5ec-70084be8b6b9@group-FD33B9583E3C-FollowerState was interrupted: java.lang.InterruptedException: sleep interrupted
2019-10-18 14:30:31,295 [681edbc6-a1fc-42a4-b5ce-4922820de60a@group-FD33B9583E3C-LeaderElection106] INFO  impl.LeaderElection (LeaderElection.java:logAndReturn(56)) - 681edbc6-a1fc-42a4-b5ce-4922820de60a@group-FD33B9583E3C-LeaderElection106: Election TIMEOUT; received 0 response(s) [] and 0 exception(s); 681edbc6-a1fc-42a4-b5ce-4922820de60a@group-FD33B9583E3C:t101, leader=null, voted=681edbc6-a1fc-42a4-b5ce-4922820de60a, raftlog=681edbc6-a1fc-42a4-b5ce-4922820de60a@group-FD33B9583E3C-SegmentedRaftLog:OPENED:c-1,f-1,i0, conf=-1: [3ee7b367-7b16-44e1-99f8-43aefeda0876:192.168.164.233:46080, 681edbc6-a1fc-42a4-b5ce-4922820de60a:192.168.164.233:44267, 773cce60-eeca-4c1f-a5ec-70084be8b6b9:192.168.164.233:38729], old=null
2019-10-18 14:30:31,317 [681edbc6-a1fc-42a4-b5ce-4922820de60a@group-FD33B9583E3C-LeaderElection106] INFO  impl.LeaderElection (LeaderElection.java:askForVotes(178)) - 681edbc6-a1fc-42a4-b5ce-4922820de60a@group-FD33B9583E3C-LeaderElection106: begin an election at term 102 for -1: [3ee7b367-7b16-44e1-99f8-43aefeda0876:192.168.164.233:46080, 681edbc6-a1fc-42a4-b5ce-4922820de60a:192.168.164.233:44267, 773cce60-eeca-4c1f-a5ec-70084be8b6b9:192.168.164.233:38729], old=null
2019-10-18 14:30:31,318 [grpc-default-executor-1] INFO  impl.RaftServerImpl (RaftServerImpl.java:setRole(184)) - 3ee7b367-7b16-44e1-99f8-43aefeda0876@group-FD33B9583E3C: changes role from  FOLLOWER to FOLLOWER at term 102 for recognizeCandidate:681edbc6-a1fc-42a4-b5ce-4922820de60a
2019-10-18 14:30:31,319 [grpc-default-executor-1] INFO  impl.RoleInfo (RoleInfo.java:shutdownFollowerState(121)) - 3ee7b367-7b16-44e1-99f8-43aefeda0876: shutdown FollowerState
2019-10-18 14:30:31,319 [grpc-default-executor-5] INFO  impl.RaftServerImpl (RaftServerImpl.java:setRole(184)) - 773cce60-eeca-4c1f-a5ec-70084be8b6b9@group-FD33B9583E3C: changes role from  FOLLOWER to FOLLOWER at term 102 for recognizeCandidate:681edbc6-a1fc-42a4-b5ce-4922820de60a
2019-10-18 14:30:31,319 [Thread-1192] INFO  impl.FollowerState (FollowerState.java:run(117)) - 3ee7b367-7b16-44e1-99f8-43aefeda0876@group-FD33B9583E3C-FollowerState was interrupted: java.lang.InterruptedException: sleep interrupted
2019-10-18 14:30:31,319 [grpc-default-executor-1] INFO  impl.RoleInfo (RoleInfo.java:updateAndGet(143)) - 3ee7b367-7b16-44e1-99f8-43aefeda0876: start FollowerState
2019-10-18 14:30:31,319 [grpc-default-executor-5] INFO  impl.RoleInfo (RoleInfo.java:shutdownFollowerState(121)) - 773cce60-eeca-4c1f-a5ec-70084be8b6b9: shutdown FollowerState
2019-10-18 14:30:31,319 [grpc-default-executor-5] INFO  impl.RoleInfo (RoleInfo.java:updateAndGet(143)) - 773cce60-eeca-4c1f-a5ec-70084be8b6b9: start FollowerState
2019-10-18 14:30:31,319 [Thread-1193] INFO  impl.FollowerState (FollowerState.java:run(117)) - 773cce60-eeca-4c1f-a5ec-70084be8b6b9@group-FD33B9583E3C-FollowerState was interrupted: java.lang.InterruptedException: sleep interrupted
2019-10-18 14:30:31,334 [681edbc6-a1fc-42a4-b5ce-4922820de60a@group-FD33B9583E3C-LeaderElection106] INFO  impl.LeaderElection (LeaderElection.java:logAndReturn(56)) - 681edbc6-a1fc-42a4-b5ce-4922820de60a@group-FD33B9583E3C-LeaderElection106: Election REJECTED; received 2 response(s) [681edbc6-a1fc-42a4-b5ce-4922820de60a<-3ee7b367-7b16-44e1-99f8-43aefeda0876#0:FAIL-t102, 681edbc6-a1fc-42a4-b5ce-4922820de60a<-773cce60-eeca-4c1f-a5ec-70084be8b6b9#0:FAIL-t102] and 0 exception(s); 681edbc6-a1fc-42a4-b5ce-4922820de60a@group-FD33B9583E3C:t102, leader=null, voted=681edbc6-a1fc-42a4-b5ce-4922820de60a, raftlog=681edbc6-a1fc-42a4-b5ce-4922820de60a@group-FD33B9583E3C-SegmentedRaftLog:OPENED:c-1,f-1,i0, conf=-1: [3ee7b367-7b16-44e1-99f8-43aefeda0876:192.168.164.233:46080, 681edbc6-a1fc-42a4-b5ce-4922820de60a:192.168.164.233:44267, 773cce60-eeca-4c1f-a5ec-70084be8b6b9:192.168.164.233:38729], old=null
2019-10-18 14:30:31,334 [681edbc6-a1fc-42a4-b5ce-4922820de60a@group-FD33B9583E3C-LeaderElection106] INFO  impl.RaftServerImpl (RaftServerImpl.java:setRole(184)) - 681edbc6-a1fc-42a4-b5ce-4922820de60a@group-FD33B9583E3C: changes role from CANDIDATE to FOLLOWER at term 102 for DISCOVERED_A_NEW_TERM
2019-10-18 14:30:31,334 [681edbc6-a1fc-42a4-b5ce-4922820de60a@group-FD33B9583E3C-LeaderElection106] INFO  impl.RoleInfo (RoleInfo.java:shutdownLeaderElection(134)) - 681edbc6-a1fc-42a4-b5ce-4922820de60a: shutdown LeaderElection
2019-10-18 14:30:31,334 [681edbc6-a1fc-42a4-b5ce-4922820de60a@group-FD33B9583E3C-LeaderElection106] INFO  impl.RoleInfo (RoleInfo.java:updateAndGet(143)) - 681edbc6-a1fc-42a4-b5ce-4922820de60a: start FollowerState
2019-10-18 14:30:31,439 [Thread-1198] INFO  impl.FollowerState (FollowerState.java:run(108)) - 681edbc6-a1fc-42a4-b5ce-4922820de60a@group-FD33B9583E3C-FollowerState: change to CANDIDATE, lastRpcTime:104ms, electionTimeout:104ms
2019-10-18 14:30:31,439 [Thread-1198] INFO  impl.RoleInfo (RoleInfo.java:shutdownFollowerState(121)) - 681edbc6-a1fc-42a4-b5ce-4922820de60a: shutdown FollowerState
2019-10-18 14:30:31,439 [Thread-1198] INFO  impl.RaftServerImpl (RaftServerImpl.java:setRole(184)) - 681edbc6-a1fc-42a4-b5ce-4922820de60a@group-FD33B9583E3C: changes role from  FOLLOWER to CANDIDATE at term 102 for changeToCandidate
2019-10-18 14:30:31,439 [Thread-1198] INFO  impl.RoleInfo (RoleInfo.java:updateAndGet(143)) - 681edbc6-a1fc-42a4-b5ce-4922820de60a: start LeaderElection
2019-10-18 14:30:31,452 [681edbc6-a1fc-42a4-b5ce-4922820de60a@group-FD33B9583E3C-LeaderElection107] INFO  impl.LeaderElection (LeaderElection.java:askForVotes(178)) - 681edbc6-a1fc-42a4-b5ce-4922820de60a@group-FD33B9583E3C-LeaderElection107: begin an election at term 103 for -1: [3ee7b367-7b16-44e1-99f8-43aefeda0876:192.168.164.233:46080, 681edbc6-a1fc-42a4-b5ce-4922820de60a:192.168.164.233:44267, 773cce60-eeca-4c1f-a5ec-70084be8b6b9:192.168.164.233:38729], old=null
2019-10-18 14:30:31,454 [grpc-default-executor-1] INFO  impl.RaftServerImpl (RaftServerImpl.java:setRole(184)) - 3ee7b367-7b16-44e1-99f8-43aefeda0876@group-FD33B9583E3C: changes role from  FOLLOWER to FOLLOWER at term 103 for recognizeCandidate:681edbc6-a1fc-42a4-b5ce-4922820de60a
2019-10-18 14:30:31,455 [grpc-default-executor-1] INFO  impl.RoleInfo (RoleInfo.java:shutdownFollowerState(121)) - 3ee7b367-7b16-44e1-99f8-43aefeda0876: shutdown FollowerState
2019-10-18 14:30:31,454 [grpc-default-executor-5] INFO  impl.RaftServerImpl (RaftServerImpl.java:setRole(184)) - 773cce60-eeca-4c1f-a5ec-70084be8b6b9@group-FD33B9583E3C: changes role from  FOLLOWER to FOLLOWER at term 103 for recognizeCandidate:681edbc6-a1fc-42a4-b5ce-4922820de60a
2019-10-18 14:30:31,455 [Thread-1196] INFO  impl.FollowerState (FollowerState.java:run(117)) - 3ee7b367-7b16-44e1-99f8-43aefeda0876@group-FD33B9583E3C-FollowerState was interrupted: java.lang.InterruptedException: sleep interrupted
2019-10-18 14:30:31,455 [grpc-default-executor-1] INFO  impl.RoleInfo (RoleInfo.java:updateAndGet(143)) - 3ee7b367-7b16-44e1-99f8-43aefeda0876: start FollowerState
2019-10-18 14:30:31,455 [grpc-default-executor-5] INFO  impl.RoleInfo (RoleInfo.java:shutdownFollowerState(121)) - 773cce60-eeca-4c1f-a5ec-70084be8b6b9: shutdown FollowerState
2019-10-18 14:30:31,455 [Thread-1197] INFO  impl.FollowerState (FollowerState.java:run(117)) - 773cce60-eeca-4c1f-a5ec-70084be8b6b9@group-FD33B9583E3C-FollowerState was interrupted: java.lang.InterruptedException: sleep interrupted
2019-10-18 14:30:31,455 [grpc-default-executor-5] INFO  impl.RoleInfo (RoleInfo.java:updateAndGet(143)) - 773cce60-eeca-4c1f-a5ec-70084be8b6b9: start FollowerState
2019-10-18 14:30:31,469 [681edbc6-a1fc-42a4-b5ce-4922820de60a@group-FD33B9583E3C-LeaderElection107] INFO  impl.LeaderElection (LeaderElection.java:logAndReturn(56)) - 681edbc6-a1fc-42a4-b5ce-4922820de60a@group-FD33B9583E3C-LeaderElection107: Election REJECTED; received 2 response(s) [681edbc6-a1fc-42a4-b5ce-4922820de60a<-3ee7b367-7b16-44e1-99f8-43aefeda0876#0:FAIL-t103, 681edbc6-a1fc-42a4-b5ce-4922820de60a<-773cce60-eeca-4c1f-a5ec-70084be8b6b9#0:FAIL-t103] and 0 exception(s); 681edbc6-a1fc-42a4-b5ce-4922820de60a@group-FD33B9583E3C:t103, leader=null, voted=681edbc6-a1fc-42a4-b5ce-4922820de60a, raftlog=681edbc6-a1fc-42a4-b5ce-4922820de60a@group-FD33B9583E3C-SegmentedRaftLog:OPENED:c-1,f-1,i0, conf=-1: [3ee7b367-7b16-44e1-99f8-43aefeda0876:192.168.164.233:46080, 681edbc6-a1fc-42a4-b5ce-4922820de60a:192.168.164.233:44267, 773cce60-eeca-4c1f-a5ec-70084be8b6b9:192.168.164.233:38729], old=null
2019-10-18 14:30:31,469 [681edbc6-a1fc-42a4-b5ce-4922820de60a@group-FD33B9583E3C-LeaderElection107] INFO  impl.RaftServerImpl (RaftServerImpl.java:setRole(184)) - 681edbc6-a1fc-42a4-b5ce-4922820de60a@group-FD33B9583E3C: changes role from CANDIDATE to FOLLOWER at term 103 for DISCOVERED_A_NEW_TERM
2019-10-18 14:30:31,469 [681edbc6-a1fc-42a4-b5ce-4922820de60a@group-FD33B9583E3C-LeaderElection107] INFO  impl.RoleInfo (RoleInfo.java:shutdownLeaderElection(134)) - 681edbc6-a1fc-42a4-b5ce-4922820de60a: shutdown LeaderElection
2019-10-18 14:30:31,469 [681edbc6-a1fc-42a4-b5ce-4922820de60a@group-FD33B9583E3C-LeaderElection107] INFO  impl.RoleInfo (RoleInfo.java:updateAndGet(143)) - 681edbc6-a1fc-42a4-b5ce-4922820de60a: start FollowerState
2019-10-18 14:30:31,667 [Thread-1206] INFO  impl.FollowerState (FollowerState.java:run(108)) - 681edbc6-a1fc-42a4-b5ce-4922820de60a@group-FD33B9583E3C-FollowerState: change to CANDIDATE, lastRpcTime:197ms, electionTimeout:197ms
2019-10-18 14:30:31,668 [Thread-1206] INFO  impl.RoleInfo (RoleInfo.java:shutdownFollowerState(121)) - 681edbc6-a1fc-42a4-b5ce-4922820de60a: shutdown FollowerState
2019-10-18 14:30:31,668 [Thread-1206] INFO  impl.RaftServerImpl (RaftServerImpl.java:setRole(184)) - 681edbc6-a1fc-42a4-b5ce-4922820de60a@group-FD33B9583E3C: changes role from  FOLLOWER to CANDIDATE at term 103 for changeToCandidate
2019-10-18 14:30:31,668 [Thread-1206] INFO  impl.RoleInfo (RoleInfo.java:updateAndGet(143)) - 681edbc6-a1fc-42a4-b5ce-4922820de60a: start LeaderElection
2019-10-18 14:30:31,683 [681edbc6-a1fc-42a4-b5ce-4922820de60a@group-FD33B9583E3C-LeaderElection108] INFO  impl.LeaderElection (LeaderElection.java:askForVotes(178)) - 681edbc6-a1fc-42a4-b5ce-4922820de60a@group-FD33B9583E3C-LeaderElection108: begin an election at term 104 for -1: [3ee7b367-7b16-44e1-99f8-43aefeda0876:192.168.164.233:46080, 681edbc6-a1fc-42a4-b5ce-4922820de60a:192.168.164.233:44267, 773cce60-eeca-4c1f-a5ec-70084be8b6b9:192.168.164.233:38729], old=null
2019-10-18 14:30:31,685 [grpc-default-executor-5] INFO  impl.RaftServerImpl (RaftServerImpl.java:setRole(184)) - 3ee7b367-7b16-44e1-99f8-43aefeda0876@group-FD33B9583E3C: changes role from  FOLLOWER to FOLLOWER at term 104 for recognizeCandidate:681edbc6-a1fc-42a4-b5ce-4922820de60a
2019-10-18 14:30:31,685 [grpc-default-executor-1] INFO  impl.RaftServerImpl (RaftServerImpl.java:setRole(184)) - 773cce60-eeca-4c1f-a5ec-70084be8b6b9@group-FD33B9583E3C: changes role from  FOLLOWER to FOLLOWER at term 104 for recognizeCandidate:681edbc6-a1fc-42a4-b5ce-4922820de60a
2019-10-18 14:30:31,685 [grpc-default-executor-5] INFO  impl.RoleInfo (RoleInfo.java:shutdownFollowerState(121)) - 3ee7b367-7b16-44e1-99f8-43aefeda0876: shutdown FollowerState
2019-10-18 14:30:31,686 [grpc-default-executor-1] INFO  impl.RoleInfo (RoleInfo.java:shutdownFollowerState(121)) - 773cce60-eeca-4c1f-a5ec-70084be8b6b9: shutdown FollowerState
2019-10-18 14:30:31,686 [grpc-default-executor-5] INFO  impl.RoleInfo (RoleInfo.java:updateAndGet(143)) - 3ee7b367-7b16-44e1-99f8-43aefeda0876: start FollowerState
2019-10-18 14:30:31,686 [Thread-1205] INFO  impl.FollowerState (FollowerState.java:run(117)) - 773cce60-eeca-4c1f-a5ec-70084be8b6b9@group-FD33B9583E3C-FollowerState was interrupted: java.lang.InterruptedException: sleep interrupted
2019-10-18 14:30:31,686 [grpc-default-executor-1] INFO  impl.RoleInfo (RoleInfo.java:updateAndGet(143)) - 773cce60-eeca-4c1f-a5ec-70084be8b6b9: start FollowerState
2019-10-18 14:30:31,686 [Thread-1204] INFO  impl.FollowerState (FollowerState.java:run(117)) - 3ee7b367-7b16-44e1-99f8-43aefeda0876@group-FD33B9583E3C-FollowerState was interrupted: java.lang.InterruptedException: sleep interrupted
2019-10-18 14:30:31,701 [681edbc6-a1fc-42a4-b5ce-4922820de60a@group-FD33B9583E3C-LeaderElection108] INFO  impl.LeaderElection (LeaderElection.java:logAndReturn(56)) - 681edbc6-a1fc-42a4-b5ce-4922820de60a@group-FD33B9583E3C-LeaderElection108: Election REJECTED; received 2 response(s) [681edbc6-a1fc-42a4-b5ce-4922820de60a<-3ee7b367-7b16-44e1-99f8-43aefeda0876#0:FAIL-t104, 681edbc6-a1fc-42a4-b5ce-4922820de60a<-773cce60-eeca-4c1f-a5ec-70084be8b6b9#0:FAIL-t104] and 0 exception(s); 681edbc6-a1fc-42a4-b5ce-4922820de60a@group-FD33B9583E3C:t104, leader=null, voted=681edbc6-a1fc-42a4-b5ce-4922820de60a, raftlog=681edbc6-a1fc-42a4-b5ce-4922820de60a@group-FD33B9583E3C-SegmentedRaftLog:OPENED:c-1,f-1,i0, conf=-1: [3ee7b367-7b16-44e1-99f8-43aefeda0876:192.168.164.233:46080, 681edbc6-a1fc-42a4-b5ce-4922820de60a:192.168.164.233:44267, 773cce60-eeca-4c1f-a5ec-70084be8b6b9:192.168.164.233:38729], old=null
2019-10-18 14:30:31,701 [681edbc6-a1fc-42a4-b5ce-4922820de60a@group-FD33B9583E3C-LeaderElection108] INFO  impl.RaftServerImpl (RaftServerImpl.java:setRole(184)) - 681edbc6-a1fc-42a4-b5ce-4922820de60a@group-FD33B9583E3C: changes role from CANDIDATE to FOLLOWER at term 104 for DISCOVERED_A_NEW_TERM
2019-10-18 14:30:31,701 [681edbc6-a1fc-42a4-b5ce-4922820de60a@group-FD33B9583E3C-LeaderElection108] INFO  impl.RoleInfo (RoleInfo.java:shutdownLeaderElection(134)) - 681edbc6-a1fc-42a4-b5ce-4922820de60a: shutdown LeaderElection
2019-10-18 14:30:31,701 [681edbc6-a1fc-42a4-b5ce-4922820de60a@group-FD33B9583E3C-LeaderElection108] INFO  impl.RoleInfo (RoleInfo.java:updateAndGet(143)) - 681edbc6-a1fc-42a4-b5ce-4922820de60a: start FollowerState
2019-10-18 14:30:31,874 [Thread-1214] INFO  impl.FollowerState (FollowerState.java:run(108)) - 681edbc6-a1fc-42a4-b5ce-4922820de60a@group-FD33B9583E3C-FollowerState: change to CANDIDATE, lastRpcTime:173ms, electionTimeout:173ms
2019-10-18 14:30:31,875 [Thread-1214] INFO  impl.RoleInfo (RoleInfo.java:shutdownFollowerState(121)) - 681edbc6-a1fc-42a4-b5ce-4922820de60a: shutdown FollowerState
2019-10-18 14:30:31,875 [Thread-1214] INFO  impl.RaftServerImpl (RaftServerImpl.java:setRole(184)) - 681edbc6-a1fc-42a4-b5ce-4922820de60a@group-FD33B9583E3C: changes role from  FOLLOWER to CANDIDATE at term 104 for changeToCandidate
2019-10-18 14:30:31,875 [Thread-1214] INFO  impl.RoleInfo (RoleInfo.java:updateAndGet(143)) - 681edbc6-a1fc-42a4-b5ce-4922820de60a: start LeaderElection
2019-10-18 14:30:31,890 [681edbc6-a1fc-42a4-b5ce-4922820de60a@group-FD33B9583E3C-LeaderElection109] INFO  impl.LeaderElection (LeaderElection.java:askForVotes(178)) - 681edbc6-a1fc-42a4-b5ce-4922820de60a@group-FD33B9583E3C-LeaderElection109: begin an election at term 105 for -1: [3ee7b367-7b16-44e1-99f8-43aefeda0876:192.168.164.233:46080, 681edbc6-a1fc-42a4-b5ce-4922820de60a:192.168.164.233:44267, 773cce60-eeca-4c1f-a5ec-70084be8b6b9:192.168.164.233:38729], old=null
2019-10-18 14:30:31,892 [grpc-default-executor-5] INFO  impl.RaftServerImpl (RaftServerImpl.java:setRole(184)) - 773cce60-eeca-4c1f-a5ec-70084be8b6b9@group-FD33B9583E3C: changes role from  FOLLOWER to FOLLOWER at term 105 for recognizeCandidate:681edbc6-a1fc-42a4-b5ce-4922820de60a
2019-10-18 14:30:31,892 [grpc-default-executor-1] INFO  impl.RaftServerImpl (RaftServerImpl.java:setRole(184)) - 3ee7b367-7b16-44e1-99f8-43aefeda0876@group-FD33B9583E3C: changes role from  FOLLOWER to FOLLOWER at term 105 for recognizeCandidate:681edbc6-a1fc-42a4-b5ce-4922820de60a
2019-10-18 14:30:31,892 [grpc-default-executor-5] INFO  impl.RoleInfo (RoleInfo.java:shutdownFollowerState(121)) - 773cce60-eeca-4c1f-a5ec-70084be8b6b9: shutdown FollowerState
2019-10-18 14:30:31,892 [grpc-default-executor-1] INFO  impl.RoleInfo (RoleInfo.java:shutdownFollowerState(121)) - 3ee7b367-7b16-44e1-99f8-43aefeda0876: shutdown FollowerState
2019-10-18 14:30:31,892 [grpc-default-executor-5] INFO  impl.RoleInfo (RoleInfo.java:updateAndGet(143)) - 773cce60-eeca-4c1f-a5ec-70084be8b6b9: start FollowerState
2019-10-18 14:30:31,892 [grpc-default-executor-1] INFO  impl.RoleInfo (RoleInfo.java:updateAndGet(143)) - 3ee7b367-7b16-44e1-99f8-43aefeda0876: start FollowerState
2019-10-18 14:30:31,892 [Thread-1212] INFO  impl.FollowerState (FollowerState.java:run(117)) - 3ee7b367-7b16-44e1-99f8-43aefeda0876@group-FD33B9583E3C-FollowerState was interrupted: java.lang.InterruptedException: sleep interrupted
2019-10-18 14:30:31,892 [Thread-1213] INFO  impl.FollowerState (FollowerState.java:run(117)) - 773cce60-eeca-4c1f-a5ec-70084be8b6b9@group-FD33B9583E3C-FollowerState was interrupted: java.lang.InterruptedException: sleep interrupted
2019-10-18 14:30:31,979 [681edbc6-a1fc-42a4-b5ce-4922820de60a@group-FD33B9583E3C-LeaderElection109] INFO  impl.LeaderElection (LeaderElection.java:logAndReturn(56)) - 681edbc6-a1fc-42a4-b5ce-4922820de60a@group-FD33B9583E3C-LeaderElection109: Election TIMEOUT; received 0 response(s) [] and 0 exception(s); 681edbc6-a1fc-42a4-b5ce-4922820de60a@group-FD33B9583E3C:t105, leader=null, voted=681edbc6-a1fc-42a4-b5ce-4922820de60a, raftlog=681edbc6-a1fc-42a4-b5ce-4922820de60a@group-FD33B9583E3C-SegmentedRaftLog:OPENED:c-1,f-1,i0, conf=-1: [3ee7b367-7b16-44e1-99f8-43aefeda0876:192.168.164.233:46080, 681edbc6-a1fc-42a4-b5ce-4922820de60a:192.168.164.233:44267, 773cce60-eeca-4c1f-a5ec-70084be8b6b9:192.168.164.233:38729], old=null
2019-10-18 14:30:32,098 [681edbc6-a1fc-42a4-b5ce-4922820de60a@group-FD33B9583E3C-LeaderElection109] INFO  impl.LeaderElection (LeaderElection.java:askForVotes(178)) - 681edbc6-a1fc-42a4-b5ce-4922820de60a@group-FD33B9583E3C-LeaderElection109: begin an election at term 106 for -1: [3ee7b367-7b16-44e1-99f8-43aefeda0876:192.168.164.233:46080, 681edbc6-a1fc-42a4-b5ce-4922820de60a:192.168.164.233:44267, 773cce60-eeca-4c1f-a5ec-70084be8b6b9:192.168.164.233:38729], old=null
2019-10-18 14:30:32,101 [grpc-default-executor-5] INFO  impl.RaftServerImpl (RaftServerImpl.java:setRole(184)) - 773cce60-eeca-4c1f-a5ec-70084be8b6b9@group-FD33B9583E3C: changes role from  FOLLOWER to FOLLOWER at term 106 for recognizeCandidate:681edbc6-a1fc-42a4-b5ce-4922820de60a
2019-10-18 14:30:32,101 [grpc-default-executor-5] INFO  impl.RoleInfo (RoleInfo.java:shutdownFollowerState(121)) - 773cce60-eeca-4c1f-a5ec-70084be8b6b9: shutdown FollowerState
2019-10-18 14:30:32,101 [grpc-default-executor-1] INFO  impl.RaftServerImpl (RaftServerImpl.java:setRole(184)) - 3ee7b367-7b16-44e1-99f8-43aefeda0876@group-FD33B9583E3C: changes role from  FOLLOWER to FOLLOWER at term 106 for recognizeCandidate:681edbc6-a1fc-42a4-b5ce-4922820de60a
2019-10-18 14:30:32,102 [Thread-1218] INFO  impl.FollowerState (FollowerState.java:run(117)) - 773cce60-eeca-4c1f-a5ec-70084be8b6b9@group-FD33B9583E3C-FollowerState was interrupted: java.lang.InterruptedException: sleep interrupted
2019-10-18 14:30:32,101 [grpc-default-executor-5] INFO  impl.RoleInfo (RoleInfo.java:updateAndGet(143)) - 773cce60-eeca-4c1f-a5ec-70084be8b6b9: start FollowerState
2019-10-18 14:30:32,102 [grpc-default-executor-1] INFO  impl.RoleInfo (RoleInfo.java:shutdownFollowerState(121)) - 3ee7b367-7b16-44e1-99f8-43aefeda0876: shutdown FollowerState
2019-10-18 14:30:32,102 [Thread-1219] INFO  impl.FollowerState (FollowerState.java:run(117)) - 3ee7b367-7b16-44e1-99f8-43aefeda0876@group-FD33B9583E3C-FollowerState was interrupted: java.lang.InterruptedException: sleep interrupted
2019-10-18 14:30:32,102 [grpc-default-executor-1] INFO  impl.RoleInfo (RoleInfo.java:updateAndGet(143)) - 3ee7b367-7b16-44e1-99f8-43aefeda0876: start FollowerState
2019-10-18 14:30:32,127 [681edbc6-a1fc-42a4-b5ce-4922820de60a@group-FD33B9583E3C-LeaderElection109] INFO  impl.LeaderElection (LeaderElection.java:logAndReturn(56)) - 681edbc6-a1fc-42a4-b5ce-4922820de60a@group-FD33B9583E3C-LeaderElection109: Election REJECTED; received 2 response(s) [681edbc6-a1fc-42a4-b5ce-4922820de60a<-3ee7b367-7b16-44e1-99f8-43aefeda0876#0:FAIL-t106, 681edbc6-a1fc-42a4-b5ce-4922820de60a<-773cce60-eeca-4c1f-a5ec-70084be8b6b9#0:FAIL-t106] and 0 exception(s); 681edbc6-a1fc-42a4-b5ce-4922820de60a@group-FD33B9583E3C:t106, leader=null, voted=681edbc6-a1fc-42a4-b5ce-4922820de60a, raftlog=681edbc6-a1fc-42a4-b5ce-4922820de60a@group-FD33B9583E3C-SegmentedRaftLog:OPENED:c-1,f-1,i0, conf=-1: [3ee7b367-7b16-44e1-99f8-43aefeda0876:192.168.164.233:46080, 681edbc6-a1fc-42a4-b5ce-4922820de60a:192.168.164.233:44267, 773cce60-eeca-4c1f-a5ec-70084be8b6b9:192.168.164.233:38729], old=null
2019-10-18 14:30:32,127 [681edbc6-a1fc-42a4-b5ce-4922820de60a@group-FD33B9583E3C-LeaderElection109] INFO  impl.RaftServerImpl (RaftServerImpl.java:setRole(184)) - 681edbc6-a1fc-42a4-b5ce-4922820de60a@group-FD33B9583E3C: changes role from CANDIDATE to FOLLOWER at term 106 for DISCOVERED_A_NEW_TERM
2019-10-18 14:30:32,127 [681edbc6-a1fc-42a4-b5ce-4922820de60a@group-FD33B9583E3C-LeaderElection109] INFO  impl.RoleInfo (RoleInfo.java:shutdownLeaderElection(134)) - 681edbc6-a1fc-42a4-b5ce-4922820de60a: shutdown LeaderElection
2019-10-18 14:30:32,127 [681edbc6-a1fc-42a4-b5ce-4922820de60a@group-FD33B9583E3C-LeaderElection109] INFO  impl.RoleInfo (RoleInfo.java:updateAndGet(143)) - 681edbc6-a1fc-42a4-b5ce-4922820de60a: start FollowerState
2019-10-18 14:30:32,310 [Thread-1226] INFO  impl.FollowerState (FollowerState.java:run(108)) - 681edbc6-a1fc-42a4-b5ce-4922820de60a@group-FD33B9583E3C-FollowerState: change to CANDIDATE, lastRpcTime:182ms, electionTimeout:182ms
2019-10-18 14:30:32,310 [Thread-1226] INFO  impl.RoleInfo (RoleInfo.java:shutdownFollowerState(121)) - 681edbc6-a1fc-42a4-b5ce-4922820de60a: shutdown FollowerState
2019-10-18 14:30:32,310 [Thread-1226] INFO  impl.RaftServerImpl (RaftServerImpl.java:setRole(184)) - 681edbc6-a1fc-42a4-b5ce-4922820de60a@group-FD33B9583E3C: changes role from  FOLLOWER to CANDIDATE at term 106 for changeToCandidate
2019-10-18 14:30:32,310 [Thread-1226] INFO  impl.RoleInfo (RoleInfo.java:updateAndGet(143)) - 681edbc6-a1fc-42a4-b5ce-4922820de60a: start LeaderElection
2019-10-18 14:30:32,324 [681edbc6-a1fc-42a4-b5ce-4922820de60a@group-FD33B9583E3C-LeaderElection110] INFO  impl.LeaderElection (LeaderElection.java:askForVotes(178)) - 681edbc6-a1fc-42a4-b5ce-4922820de60a@group-FD33B9583E3C-LeaderElection110: begin an election at term 107 for -1: [3ee7b367-7b16-44e1-99f8-43aefeda0876:192.168.164.233:46080, 681edbc6-a1fc-42a4-b5ce-4922820de60a:192.168.164.233:44267, 773cce60-eeca-4c1f-a5ec-70084be8b6b9:192.168.164.233:38729], old=null
2019-10-18 14:30:32,327 [grpc-default-executor-5] INFO  impl.RaftServerImpl (RaftServerImpl.java:setRole(184)) - 3ee7b367-7b16-44e1-99f8-43aefeda0876@group-FD33B9583E3C: changes role from  FOLLOWER to FOLLOWER at term 107 for recognizeCandidate:681edbc6-a1fc-42a4-b5ce-4922820de60a
2019-10-18 14:30:32,327 [grpc-default-executor-1] INFO  impl.RaftServerImpl (RaftServerImpl.java:setRole(184)) - 773cce60-eeca-4c1f-a5ec-70084be8b6b9@group-FD33B9583E3C: changes role from  FOLLOWER to FOLLOWER at term 107 for recognizeCandidate:681edbc6-a1fc-42a4-b5ce-4922820de60a
2019-10-18 14:30:32,327 [grpc-default-executor-1] INFO  impl.RoleInfo (RoleInfo.java:shutdownFollowerState(121)) - 773cce60-eeca-4c1f-a5ec-70084be8b6b9: shutdown FollowerState
2019-10-18 14:30:32,327 [grpc-default-executor-5] INFO  impl.RoleInfo (RoleInfo.java:shutdownFollowerState(121)) - 3ee7b367-7b16-44e1-99f8-43aefeda0876: shutdown FollowerState
2019-10-18 14:30:32,327 [Thread-1224] INFO  impl.FollowerState (FollowerState.java:run(117)) - 773cce60-eeca-4c1f-a5ec-70084be8b6b9@group-FD33B9583E3C-FollowerState was interrupted: java.lang.InterruptedException: sleep interrupted
2019-10-18 14:30:32,327 [grpc-default-executor-1] INFO  impl.RoleInfo (RoleInfo.java:updateAndGet(143)) - 773cce60-eeca-4c1f-a5ec-70084be8b6b9: start FollowerState
2019-10-18 14:30:32,327 [grpc-default-executor-5] INFO  impl.RoleInfo (RoleInfo.java:updateAndGet(143)) - 3ee7b367-7b16-44e1-99f8-43aefeda0876: start FollowerState
2019-10-18 14:30:32,327 [Thread-1225] INFO  impl.FollowerState (FollowerState.java:run(117)) - 3ee7b367-7b16-44e1-99f8-43aefeda0876@group-FD33B9583E3C-FollowerState was interrupted: java.lang.InterruptedException: sleep interrupted
2019-10-18 14:30:32,337 [681edbc6-a1fc-42a4-b5ce-4922820de60a@group-FD33B9583E3C-LeaderElection110] INFO  impl.LeaderElection (LeaderElection.java:logAndReturn(56)) - 681edbc6-a1fc-42a4-b5ce-4922820de60a@group-FD33B9583E3C-LeaderElection110: Election REJECTED; received 2 response(s) [681edbc6-a1fc-42a4-b5ce-4922820de60a<-3ee7b367-7b16-44e1-99f8-43aefeda0876#0:FAIL-t107, 681edbc6-a1fc-42a4-b5ce-4922820de60a<-773cce60-eeca-4c1f-a5ec-70084be8b6b9#0:FAIL-t107] and 0 exception(s); 681edbc6-a1fc-42a4-b5ce-4922820de60a@group-FD33B9583E3C:t107, leader=null, voted=681edbc6-a1fc-42a4-b5ce-4922820de60a, raftlog=681edbc6-a1fc-42a4-b5ce-4922820de60a@group-FD33B9583E3C-SegmentedRaftLog:OPENED:c-1,f-1,i0, conf=-1: [3ee7b367-7b16-44e1-99f8-43aefeda0876:192.168.164.233:46080, 681edbc6-a1fc-42a4-b5ce-4922820de60a:192.168.164.233:44267, 773cce60-eeca-4c1f-a5ec-70084be8b6b9:192.168.164.233:38729], old=null
2019-10-18 14:30:32,337 [681edbc6-a1fc-42a4-b5ce-4922820de60a@group-FD33B9583E3C-LeaderElection110] INFO  impl.RaftServerImpl (RaftServerImpl.java:setRole(184)) - 681edbc6-a1fc-42a4-b5ce-4922820de60a@group-FD33B9583E3C: changes role from CANDIDATE to FOLLOWER at term 107 for DISCOVERED_A_NEW_TERM
2019-10-18 14:30:32,337 [681edbc6-a1fc-42a4-b5ce-4922820de60a@group-FD33B9583E3C-LeaderElection110] INFO  impl.RoleInfo (RoleInfo.java:shutdownLeaderElection(134)) - 681edbc6-a1fc-42a4-b5ce-4922820de60a: shutdown LeaderElection
2019-10-18 14:30:32,337 [681edbc6-a1fc-42a4-b5ce-4922820de60a@group-FD33B9583E3C-LeaderElection110] INFO  impl.RoleInfo (RoleInfo.java:updateAndGet(143)) - 681edbc6-a1fc-42a4-b5ce-4922820de60a: start FollowerState
2019-10-18 14:30:32,344 [Thread-1234] INFO  impl.FollowerState (FollowerState.java:run(108)) - 681edbc6-a1fc-42a4-b5ce-4922820de60a@group-FD33B9583E3C-FollowerState: change to CANDIDATE, lastRpcTime:6ms, electionTimeout:6ms
2019-10-18 14:30:32,344 [Thread-1234] INFO  impl.RoleInfo (RoleInfo.java:shutdownFollowerState(121)) - 681edbc6-a1fc-42a4-b5ce-4922820de60a: shutdown FollowerState
2019-10-18 14:30:32,344 [Thread-1234] INFO  impl.RaftServerImpl (RaftServerImpl.java:setRole(184)) - 681edbc6-a1fc-42a4-b5ce-4922820de60a@group-FD33B9583E3C: changes role from  FOLLOWER to CANDIDATE at term 107 for changeToCandidate
2019-10-18 14:30:32,344 [Thread-1234] INFO  impl.RoleInfo (RoleInfo.java:updateAndGet(143)) - 681edbc6-a1fc-42a4-b5ce-4922820de60a: start LeaderElection
2019-10-18 14:30:32,351 [681edbc6-a1fc-42a4-b5ce-4922820de60a@group-FD33B9583E3C-LeaderElection111] INFO  impl.LeaderElection (LeaderElection.java:askForVotes(178)) - 681edbc6-a1fc-42a4-b5ce-4922820de60a@group-FD33B9583E3C-LeaderElection111: begin an election at term 108 for -1: [3ee7b367-7b16-44e1-99f8-43aefeda0876:192.168.164.233:46080, 681edbc6-a1fc-42a4-b5ce-4922820de60a:192.168.164.233:44267, 773cce60-eeca-4c1f-a5ec-70084be8b6b9:192.168.164.233:38729], old=null
2019-10-18 14:30:32,353 [grpc-default-executor-5] INFO  impl.RaftServerImpl (RaftServerImpl.java:setRole(184)) - 773cce60-eeca-4c1f-a5ec-70084be8b6b9@group-FD33B9583E3C: changes role from  FOLLOWER to FOLLOWER at term 108 for recognizeCandidate:681edbc6-a1fc-42a4-b5ce-4922820de60a
2019-10-18 14:30:32,353 [grpc-default-executor-5] INFO  impl.RoleInfo (RoleInfo.java:shutdownFollowerState(121)) - 773cce60-eeca-4c1f-a5ec-70084be8b6b9: shutdown FollowerState
2019-10-18 14:30:32,353 [grpc-default-executor-5] INFO  impl.RoleInfo (RoleInfo.java:updateAndGet(143)) - 773cce60-eeca-4c1f-a5ec-70084be8b6b9: start FollowerState
2019-10-18 14:30:32,353 [grpc-default-executor-1] INFO  impl.RaftServerImpl (RaftServerImpl.java:setRole(184)) - 3ee7b367-7b16-44e1-99f8-43aefeda0876@group-FD33B9583E3C: changes role from  FOLLOWER to FOLLOWER at term 108 for recognizeCandidate:681edbc6-a1fc-42a4-b5ce-4922820de60a
2019-10-18 14:30:32,354 [grpc-default-executor-1] INFO  impl.RoleInfo (RoleInfo.java:shutdownFollowerState(121)) - 3ee7b367-7b16-44e1-99f8-43aefeda0876: shutdown FollowerState
2019-10-18 14:30:32,353 [Thread-1232] INFO  impl.FollowerState (FollowerState.java:run(117)) - 773cce60-eeca-4c1f-a5ec-70084be8b6b9@group-FD33B9583E3C-FollowerState was interrupted: java.lang.InterruptedException: sleep interrupted
2019-10-18 14:30:32,354 [Thread-1233] INFO  impl.FollowerState (FollowerState.java:run(117)) - 3ee7b367-7b16-44e1-99f8-43aefeda0876@group-FD33B9583E3C-FollowerState was interrupted: java.lang.InterruptedException: sleep interrupted
2019-10-18 14:30:32,354 [grpc-default-executor-1] INFO  impl.RoleInfo (RoleInfo.java:updateAndGet(143)) - 3ee7b367-7b16-44e1-99f8-43aefeda0876: start FollowerState
2019-10-18 14:30:32,362 [681edbc6-a1fc-42a4-b5ce-4922820de60a@group-FD33B9583E3C-LeaderElection111] INFO  impl.LeaderElection (LeaderElection.java:logAndReturn(56)) - 681edbc6-a1fc-42a4-b5ce-4922820de60a@group-FD33B9583E3C-LeaderElection111: Election REJECTED; received 2 response(s) [681edbc6-a1fc-42a4-b5ce-4922820de60a<-3ee7b367-7b16-44e1-99f8-43aefeda0876#0:FAIL-t108, 681edbc6-a1fc-42a4-b5ce-4922820de60a<-773cce60-eeca-4c1f-a5ec-70084be8b6b9#0:FAIL-t108] and 0 exception(s); 681edbc6-a1fc-42a4-b5ce-4922820de60a@group-FD33B9583E3C:t108, leader=null, voted=681edbc6-a1fc-42a4-b5ce-4922820de60a, raftlog=681edbc6-a1fc-42a4-b5ce-4922820de60a@group-FD33B9583E3C-SegmentedRaftLog:OPENED:c-1,f-1,i0, conf=-1: [3ee7b367-7b16-44e1-99f8-43aefeda0876:192.168.164.233:46080, 681edbc6-a1fc-42a4-b5ce-4922820de60a:192.168.164.233:44267, 773cce60-eeca-4c1f-a5ec-70084be8b6b9:192.168.164.233:38729], old=null
2019-10-18 14:30:32,362 [681edbc6-a1fc-42a4-b5ce-4922820de60a@group-FD33B9583E3C-LeaderElection111] INFO  impl.RaftServerImpl (RaftServerImpl.java:setRole(184)) - 681edbc6-a1fc-42a4-b5ce-4922820de60a@group-FD33B9583E3C: changes role from CANDIDATE to FOLLOWER at term 108 for DISCOVERED_A_NEW_TERM
2019-10-18 14:30:32,362 [681edbc6-a1fc-42a4-b5ce-4922820de60a@group-FD33B9583E3C-LeaderElection111] INFO  impl.RoleInfo (RoleInfo.java:shutdownLeaderElection(134)) - 681edbc6-a1fc-42a4-b5ce-4922820de60a: shutdown LeaderElection
2019-10-18 14:30:32,362 [681edbc6-a1fc-42a4-b5ce-4922820de60a@group-FD33B9583E3C-LeaderElection111] INFO  impl.RoleInfo (RoleInfo.java:updateAndGet(143)) - 681edbc6-a1fc-42a4-b5ce-4922820de60a: start FollowerState
2019-10-18 14:30:32,438 [Thread-1240] INFO  impl.FollowerState (FollowerState.java:run(108)) - 681edbc6-a1fc-42a4-b5ce-4922820de60a@group-FD33B9583E3C-FollowerState: change to CANDIDATE, lastRpcTime:75ms, electionTimeout:75ms
2019-10-18 14:30:32,438 [Thread-1240] INFO  impl.RoleInfo (RoleInfo.java:shutdownFollowerState(121)) - 681edbc6-a1fc-42a4-b5ce-4922820de60a: shutdown FollowerState
2019-10-18 14:30:32,438 [Thread-1240] INFO  impl.RaftServerImpl (RaftServerImpl.java:setRole(184)) - 681edbc6-a1fc-42a4-b5ce-4922820de60a@group-FD33B9583E3C: changes role from  FOLLOWER to CANDIDATE at term 108 for changeToCandidate
2019-10-18 14:30:32,438 [Thread-1240] INFO  impl.RoleInfo (RoleInfo.java:updateAndGet(143)) - 681edbc6-a1fc-42a4-b5ce-4922820de60a: start LeaderElection
2019-10-18 14:30:32,451 [681edbc6-a1fc-42a4-b5ce-4922820de60a@group-FD33B9583E3C-LeaderElection112] INFO  impl.LeaderElection (LeaderElection.java:askForVotes(178)) - 681edbc6-a1fc-42a4-b5ce-4922820de60a@group-FD33B9583E3C-LeaderElection112: begin an election at term 109 for -1: [3ee7b367-7b16-44e1-99f8-43aefeda0876:192.168.164.233:46080, 681edbc6-a1fc-42a4-b5ce-4922820de60a:192.168.164.233:44267, 773cce60-eeca-4c1f-a5ec-70084be8b6b9:192.168.164.233:38729], old=null
2019-10-18 14:30:32,453 [grpc-default-executor-1] INFO  impl.RaftServerImpl (RaftServerImpl.java:setRole(184)) - 773cce60-eeca-4c1f-a5ec-70084be8b6b9@group-FD33B9583E3C: changes role from  FOLLOWER to FOLLOWER at term 109 for recognizeCandidate:681edbc6-a1fc-42a4-b5ce-4922820de60a
2019-10-18 14:30:32,453 [grpc-default-executor-1] INFO  impl.RoleInfo (RoleInfo.java:shutdownFollowerState(121)) - 773cce60-eeca-4c1f-a5ec-70084be8b6b9: shutdown FollowerState
2019-10-18 14:30:32,453 [grpc-default-executor-5] INFO  impl.RaftServerImpl (RaftServerImpl.java:setRole(184)) - 3ee7b367-7b16-44e1-99f8-43aefeda0876@group-FD33B9583E3C: changes role from  FOLLOWER to FOLLOWER at term 109 for recognizeCandidate:681edbc6-a1fc-42a4-b5ce-4922820de60a
2019-10-18 14:30:32,453 [Thread-1238] INFO  impl.FollowerState (FollowerState.java:run(117)) - 773cce60-eeca-4c1f-a5ec-70084be8b6b9@group-FD33B9583E3C-FollowerState was interrupted: java.lang.InterruptedException: sleep interrupted
2019-10-18 14:30:32,453 [grpc-default-executor-1] INFO  impl.RoleInfo (RoleInfo.java:updateAndGet(143)) - 773cce60-eeca-4c1f-a5ec-70084be8b6b9: start FollowerState
2019-10-18 14:30:32,453 [grpc-default-executor-5] INFO  impl.RoleInfo (RoleInfo.java:shutdownFollowerState(121)) - 3ee7b367-7b16-44e1-99f8-43aefeda0876: shutdown FollowerState
2019-10-18 14:30:32,453 [grpc-default-executor-5] INFO  impl.RoleInfo (RoleInfo.java:updateAndGet(143)) - 3ee7b367-7b16-44e1-99f8-43aefeda0876: start FollowerState
2019-10-18 14:30:32,453 [Thread-1239] INFO  impl.FollowerState (FollowerState.java:run(117)) - 3ee7b367-7b16-44e1-99f8-43aefeda0876@group-FD33B9583E3C-FollowerState was interrupted: java.lang.InterruptedException: sleep interrupted
2019-10-18 14:30:32,468 [681edbc6-a1fc-42a4-b5ce-4922820de60a@group-FD33B9583E3C-LeaderElection112] INFO  impl.LeaderElection (LeaderElection.java:logAndReturn(56)) - 681edbc6-a1fc-42a4-b5ce-4922820de60a@group-FD33B9583E3C-LeaderElection112: Election REJECTED; received 2 response(s) [681edbc6-a1fc-42a4-b5ce-4922820de60a<-3ee7b367-7b16-44e1-99f8-43aefeda0876#0:FAIL-t109, 681edbc6-a1fc-42a4-b5ce-4922820de60a<-773cce60-eeca-4c1f-a5ec-70084be8b6b9#0:FAIL-t109] and 0 exception(s); 681edbc6-a1fc-42a4-b5ce-4922820de60a@group-FD33B9583E3C:t109, leader=null, voted=681edbc6-a1fc-42a4-b5ce-4922820de60a, raftlog=681edbc6-a1fc-42a4-b5ce-4922820de60a@group-FD33B9583E3C-SegmentedRaftLog:OPENED:c-1,f-1,i0, conf=-1: [3ee7b367-7b16-44e1-99f8-43aefeda0876:192.168.164.233:46080, 681edbc6-a1fc-42a4-b5ce-4922820de60a:192.168.164.233:44267, 773cce60-eeca-4c1f-a5ec-70084be8b6b9:192.168.164.233:38729], old=null
2019-10-18 14:30:32,468 [681edbc6-a1fc-42a4-b5ce-4922820de60a@group-FD33B9583E3C-LeaderElection112] INFO  impl.RaftServerImpl (RaftServerImpl.java:setRole(184)) - 681edbc6-a1fc-42a4-b5ce-4922820de60a@group-FD33B9583E3C: changes role from CANDIDATE to FOLLOWER at term 109 for DISCOVERED_A_NEW_TERM
2019-10-18 14:30:32,469 [681edbc6-a1fc-42a4-b5ce-4922820de60a@group-FD33B9583E3C-LeaderElection112] INFO  impl.RoleInfo (RoleInfo.java:shutdownLeaderElection(134)) - 681edbc6-a1fc-42a4-b5ce-4922820de60a: shutdown LeaderElection
2019-10-18 14:30:32,469 [681edbc6-a1fc-42a4-b5ce-4922820de60a@group-FD33B9583E3C-LeaderElection112] INFO  impl.RoleInfo (RoleInfo.java:updateAndGet(143)) - 681edbc6-a1fc-42a4-b5ce-4922820de60a: start FollowerState
2019-10-18 14:30:32,510 [Thread-1248] INFO  impl.FollowerState (FollowerState.java:run(108)) - 681edbc6-a1fc-42a4-b5ce-4922820de60a@group-FD33B9583E3C-FollowerState: change to CANDIDATE, lastRpcTime:41ms, electionTimeout:41ms
2019-10-18 14:30:32,510 [Thread-1248] INFO  impl.RoleInfo (RoleInfo.java:shutdownFollowerState(121)) - 681edbc6-a1fc-42a4-b5ce-4922820de60a: shutdown FollowerState
2019-10-18 14:30:32,510 [Thread-1248] INFO  impl.RaftServerImpl (RaftServerImpl.java:setRole(184)) - 681edbc6-a1fc-42a4-b5ce-4922820de60a@group-FD33B9583E3C: changes role from  FOLLOWER to CANDIDATE at term 109 for changeToCandidate
2019-10-18 14:30:32,510 [Thread-1248] INFO  impl.RoleInfo (RoleInfo.java:updateAndGet(143)) - 681edbc6-a1fc-42a4-b5ce-4922820de60a: start LeaderElection
2019-10-18 14:30:32,524 [681edbc6-a1fc-42a4-b5ce-4922820de60a@group-FD33B9583E3C-LeaderElection113] INFO  impl.LeaderElection (LeaderElection.java:askForVotes(178)) - 681edbc6-a1fc-42a4-b5ce-4922820de60a@group-FD33B9583E3C-LeaderElection113: begin an election at term 110 for -1: [3ee7b367-7b16-44e1-99f8-43aefeda0876:192.168.164.233:46080, 681edbc6-a1fc-42a4-b5ce-4922820de60a:192.168.164.233:44267, 773cce60-eeca-4c1f-a5ec-70084be8b6b9:192.168.164.233:38729], old=null
2019-10-18 14:30:32,525 [grpc-default-executor-5] INFO  impl.RaftServerImpl (RaftServerImpl.java:setRole(184)) - 773cce60-eeca-4c1f-a5ec-70084be8b6b9@group-FD33B9583E3C: changes role from  FOLLOWER to FOLLOWER at term 110 for recognizeCandidate:681edbc6-a1fc-42a4-b5ce-4922820de60a
2019-10-18 14:30:32,525 [grpc-default-executor-1] INFO  impl.RaftServerImpl (RaftServerImpl.java:setRole(184)) - 3ee7b367-7b16-44e1-99f8-43aefeda0876@group-FD33B9583E3C: changes role from  FOLLOWER to FOLLOWER at term 110 for recognizeCandidate:681edbc6-a1fc-42a4-b5ce-4922820de60a
2019-10-18 14:30:32,525 [grpc-default-executor-5] INFO  impl.RoleInfo (RoleInfo.java:shutdownFollowerState(121)) - 773cce60-eeca-4c1f-a5ec-70084be8b6b9: shutdown FollowerState
2019-10-18 14:30:32,525 [grpc-default-executor-1] INFO  impl.RoleInfo (RoleInfo.java:shutdownFollowerState(121)) - 3ee7b367-7b16-44e1-99f8-43aefeda0876: shutdown FollowerState
2019-10-18 14:30:32,526 [Thread-1246] INFO  impl.FollowerState (FollowerState.java:run(117)) - 773cce60-eeca-4c1f-a5ec-70084be8b6b9@group-FD33B9583E3C-FollowerState was interrupted: java.lang.InterruptedException: sleep interrupted
2019-10-18 14:30:32,526 [grpc-default-executor-5] INFO  impl.RoleInfo (RoleInfo.java:updateAndGet(143)) - 773cce60-eeca-4c1f-a5ec-70084be8b6b9: start FollowerState
2019-10-18 14:30:32,526 [Thread-1247] INFO  impl.FollowerState (FollowerState.java:run(117)) - 3ee7b367-7b16-44e1-99f8-43aefeda0876@group-FD33B9583E3C-FollowerState was interrupted: java.lang.InterruptedException: sleep interrupted
2019-10-18 14:30:32,526 [grpc-default-executor-1] INFO  impl.RoleInfo (RoleInfo.java:updateAndGet(143)) - 3ee7b367-7b16-44e1-99f8-43aefeda0876: start FollowerState
2019-10-18 14:30:32,540 [681edbc6-a1fc-42a4-b5ce-4922820de60a@group-FD33B9583E3C-LeaderElection113] INFO  impl.LeaderElection (LeaderElection.java:logAndReturn(56)) - 681edbc6-a1fc-42a4-b5ce-4922820de60a@group-FD33B9583E3C-LeaderElection113: Election REJECTED; received 2 response(s) [681edbc6-a1fc-42a4-b5ce-4922820de60a<-3ee7b367-7b16-44e1-99f8-43aefeda0876#0:FAIL-t110, 681edbc6-a1fc-42a4-b5ce-4922820de60a<-773cce60-eeca-4c1f-a5ec-70084be8b6b9#0:FAIL-t110] and 0 exception(s); 681edbc6-a1fc-42a4-b5ce-4922820de60a@group-FD33B9583E3C:t110, leader=null, voted=681edbc6-a1fc-42a4-b5ce-4922820de60a, raftlog=681edbc6-a1fc-42a4-b5ce-4922820de60a@group-FD33B9583E3C-SegmentedRaftLog:OPENED:c-1,f-1,i0, conf=-1: [3ee7b367-7b16-44e1-99f8-43aefeda0876:192.168.164.233:46080, 681edbc6-a1fc-42a4-b5ce-4922820de60a:192.168.164.233:44267, 773cce60-eeca-4c1f-a5ec-70084be8b6b9:192.168.164.233:38729], old=null
2019-10-18 14:30:32,541 [681edbc6-a1fc-42a4-b5ce-4922820de60a@group-FD33B9583E3C-LeaderElection113] INFO  impl.RaftServerImpl (RaftServerImpl.java:setRole(184)) - 681edbc6-a1fc-42a4-b5ce-4922820de60a@group-FD33B9583E3C: changes role from CANDIDATE to FOLLOWER at term 110 for DISCOVERED_A_NEW_TERM
2019-10-18 14:30:32,541 [681edbc6-a1fc-42a4-b5ce-4922820de60a@group-FD33B9583E3C-LeaderElection113] INFO  impl.RoleInfo (RoleInfo.java:shutdownLeaderElection(134)) - 681edbc6-a1fc-42a4-b5ce-4922820de60a: shutdown LeaderElection
2019-10-18 14:30:32,541 [681edbc6-a1fc-42a4-b5ce-4922820de60a@group-FD33B9583E3C-LeaderElection113] INFO  impl.RoleInfo (RoleInfo.java:updateAndGet(143)) - 681edbc6-a1fc-42a4-b5ce-4922820de60a: start FollowerState
2019-10-18 14:30:32,632 [Thread-1254] INFO  impl.FollowerState (FollowerState.java:run(108)) - 681edbc6-a1fc-42a4-b5ce-4922820de60a@group-FD33B9583E3C-FollowerState: change to CANDIDATE, lastRpcTime:91ms, electionTimeout:91ms
2019-10-18 14:30:32,632 [Thread-1254] INFO  impl.RoleInfo (RoleInfo.java:shutdownFollowerState(121)) - 681edbc6-a1fc-42a4-b5ce-4922820de60a: shutdown FollowerState
2019-10-18 14:30:32,633 [Thread-1254] INFO  impl.RaftServerImpl (RaftServerImpl.java:setRole(184)) - 681edbc6-a1fc-42a4-b5ce-4922820de60a@group-FD33B9583E3C: changes role from  FOLLOWER to CANDIDATE at term 110 for changeToCandidate
2019-10-18 14:30:32,633 [Thread-1254] INFO  impl.RoleInfo (RoleInfo.java:updateAndGet(143)) - 681edbc6-a1fc-42a4-b5ce-4922820de60a: start LeaderElection
2019-10-18 14:30:32,646 [681edbc6-a1fc-42a4-b5ce-4922820de60a@group-FD33B9583E3C-LeaderElection114] INFO  impl.LeaderElection (LeaderElection.java:askForVotes(178)) - 681edbc6-a1fc-42a4-b5ce-4922820de60a@group-FD33B9583E3C-LeaderElection114: begin an election at term 111 for -1: [3ee7b367-7b16-44e1-99f8-43aefeda0876:192.168.164.233:46080, 681edbc6-a1fc-42a4-b5ce-4922820de60a:192.168.164.233:44267, 773cce60-eeca-4c1f-a5ec-70084be8b6b9:192.168.164.233:38729], old=null
2019-10-18 14:30:32,650 [grpc-default-executor-5] INFO  impl.RaftServerImpl (RaftServerImpl.java:setRole(184)) - 773cce60-eeca-4c1f-a5ec-70084be8b6b9@group-FD33B9583E3C: changes role from  FOLLOWER to FOLLOWER at term 111 for recognizeCandidate:681edbc6-a1fc-42a4-b5ce-4922820de60a
2019-10-18 14:30:32,650 [grpc-default-executor-5] INFO  impl.RoleInfo (RoleInfo.java:shutdownFollowerState(121)) - 773cce60-eeca-4c1f-a5ec-70084be8b6b9: shutdown FollowerState
2019-10-18 14:30:32,650 [grpc-default-executor-5] INFO  impl.RoleInfo (RoleInfo.java:updateAndGet(143)) - 773cce60-eeca-4c1f-a5ec-70084be8b6b9: start FollowerState
2019-10-18 14:30:32,650 [grpc-default-executor-1] INFO  impl.RaftServerImpl (RaftServerImpl.java:setRole(184)) - 3ee7b367-7b16-44e1-99f8-43aefeda0876@group-FD33B9583E3C: changes role from  FOLLOWER to FOLLOWER at term 111 for recognizeCandidate:681edbc6-a1fc-42a4-b5ce-4922820de60a
2019-10-18 14:30:32,650 [grpc-default-executor-1] INFO  impl.RoleInfo (RoleInfo.java:shutdownFollowerState(121)) - 3ee7b367-7b16-44e1-99f8-43aefeda0876: shutdown FollowerState
2019-10-18 14:30:32,650 [grpc-default-executor-1] INFO  impl.RoleInfo (RoleInfo.java:updateAndGet(143)) - 3ee7b367-7b16-44e1-99f8-43aefeda0876: start FollowerState
2019-10-18 14:30:32,650 [Thread-1253] INFO  impl.FollowerState (FollowerState.java:run(117)) - 3ee7b367-7b16-44e1-99f8-43aefeda0876@group-FD33B9583E3C-FollowerState was interrupted: java.lang.InterruptedException: sleep interrupted
2019-10-18 14:30:32,651 [Thread-1252] INFO  impl.FollowerState (FollowerState.java:run(117)) - 773cce60-eeca-4c1f-a5ec-70084be8b6b9@group-FD33B9583E3C-FollowerState was interrupted: java.lang.InterruptedException: sleep interrupted
2019-10-18 14:30:32,667 [681edbc6-a1fc-42a4-b5ce-4922820de60a@group-FD33B9583E3C-LeaderElection114] INFO  impl.LeaderElection (LeaderElection.java:logAndReturn(56)) - 681edbc6-a1fc-42a4-b5ce-4922820de60a@group-FD33B9583E3C-LeaderElection114: Election REJECTED; received 2 response(s) [681edbc6-a1fc-42a4-b5ce-4922820de60a<-3ee7b367-7b16-44e1-99f8-43aefeda0876#0:FAIL-t111, 681edbc6-a1fc-42a4-b5ce-4922820de60a<-773cce60-eeca-4c1f-a5ec-70084be8b6b9#0:FAIL-t111] and 0 exception(s); 681edbc6-a1fc-42a4-b5ce-4922820de60a@group-FD33B9583E3C:t111, leader=null, voted=681edbc6-a1fc-42a4-b5ce-4922820de60a, raftlog=681edbc6-a1fc-42a4-b5ce-4922820de60a@group-FD33B9583E3C-SegmentedRaftLog:OPENED:c-1,f-1,i0, conf=-1: [3ee7b367-7b16-44e1-99f8-43aefeda0876:192.168.164.233:46080, 681edbc6-a1fc-42a4-b5ce-4922820de60a:192.168.164.233:44267, 773cce60-eeca-4c1f-a5ec-70084be8b6b9:192.168.164.233:38729], old=null
2019-10-18 14:30:32,668 [681edbc6-a1fc-42a4-b5ce-4922820de60a@group-FD33B9583E3C-LeaderElection114] INFO  impl.RaftServerImpl (RaftServerImpl.java:setRole(184)) - 681edbc6-a1fc-42a4-b5ce-4922820de60a@group-FD33B9583E3C: changes role from CANDIDATE to FOLLOWER at term 111 for DISCOVERED_A_NEW_TERM
2019-10-18 14:30:32,668 [681edbc6-a1fc-42a4-b5ce-4922820de60a@group-FD33B9583E3C-LeaderElection114] INFO  impl.RoleInfo (RoleInfo.java:shutdownLeaderElection(134)) - 681edbc6-a1fc-42a4-b5ce-4922820de60a: shutdown LeaderElection
2019-10-18 14:30:32,668 [681edbc6-a1fc-42a4-b5ce-4922820de60a@group-FD33B9583E3C-LeaderElection114] INFO  impl.RoleInfo (RoleInfo.java:updateAndGet(143)) - 681edbc6-a1fc-42a4-b5ce-4922820de60a: start FollowerState
2019-10-18 14:30:32,800 [Thread-1260] INFO  impl.FollowerState (FollowerState.java:run(108)) - 681edbc6-a1fc-42a4-b5ce-4922820de60a@group-FD33B9583E3C-FollowerState: change to CANDIDATE, lastRpcTime:131ms, electionTimeout:131ms
2019-10-18 14:30:32,800 [Thread-1260] INFO  impl.RoleInfo (RoleInfo.java:shutdownFollowerState(121)) - 681edbc6-a1fc-42a4-b5ce-4922820de60a: shutdown FollowerState
2019-10-18 14:30:32,800 [Thread-1260] INFO  impl.RaftServerImpl (RaftServerImpl.java:setRole(184)) - 681edbc6-a1fc-42a4-b5ce-4922820de60a@group-FD33B9583E3C: changes role from  FOLLOWER to CANDIDATE at term 111 for changeToCandidate
2019-10-18 14:30:32,800 [Thread-1260] INFO  impl.RoleInfo (RoleInfo.java:updateAndGet(143)) - 681edbc6-a1fc-42a4-b5ce-4922820de60a: start LeaderElection
2019-10-18 14:30:32,814 [681edbc6-a1fc-42a4-b5ce-4922820de60a@group-FD33B9583E3C-LeaderElection115] INFO  impl.LeaderElection (LeaderElection.java:askForVotes(178)) - 681edbc6-a1fc-42a4-b5ce-4922820de60a@group-FD33B9583E3C-LeaderElection115: begin an election at term 112 for -1: [3ee7b367-7b16-44e1-99f8-43aefeda0876:192.168.164.233:46080, 681edbc6-a1fc-42a4-b5ce-4922820de60a:192.168.164.233:44267, 773cce60-eeca-4c1f-a5ec-70084be8b6b9:192.168.164.233:38729], old=null
2019-10-18 14:30:32,817 [grpc-default-executor-1] INFO  impl.RaftServerImpl (RaftServerImpl.java:setRole(184)) - 773cce60-eeca-4c1f-a5ec-70084be8b6b9@group-FD33B9583E3C: changes role from  FOLLOWER to FOLLOWER at term 112 for recognizeCandidate:681edbc6-a1fc-42a4-b5ce-4922820de60a
2019-10-18 14:30:32,817 [grpc-default-executor-1] INFO  impl.RoleInfo (RoleInfo.java:shutdownFollowerState(121)) - 773cce60-eeca-4c1f-a5ec-70084be8b6b9: shutdown FollowerState
2019-10-18 14:30:32,817 [grpc-default-executor-1] INFO  impl.RoleInfo (RoleInfo.java:updateAndGet(143)) - 773cce60-eeca-4c1f-a5ec-70084be8b6b9: start FollowerState
2019-10-18 14:30:32,817 [Thread-1258] INFO  impl.FollowerState (FollowerState.java:run(117)) - 773cce60-eeca-4c1f-a5ec-70084be8b6b9@group-FD33B9583E3C-FollowerState was interrupted: java.lang.InterruptedException: sleep interrupted
2019-10-18 14:30:32,818 [grpc-default-executor-5] INFO  impl.RaftServerImpl (RaftServerImpl.java:setRole(184)) - 3ee7b367-7b16-44e1-99f8-43aefeda0876@group-FD33B9583E3C: changes role from  FOLLOWER to FOLLOWER at term 112 for recognizeCandidate:681edbc6-a1fc-42a4-b5ce-4922820de60a
2019-10-18 14:30:32,818 [grpc-default-executor-5] INFO  impl.RoleInfo (RoleInfo.java:shutdownFollowerState(121)) - 3ee7b367-7b16-44e1-99f8-43aefeda0876: shutdown FollowerState
2019-10-18 14:30:32,818 [grpc-default-executor-5] INFO  impl.RoleInfo (RoleInfo.java:updateAndGet(143)) - 3ee7b367-7b16-44e1-99f8-43aefeda0876: start FollowerState
2019-10-18 14:30:32,818 [Thread-1259] INFO  impl.FollowerState (FollowerState.java:run(117)) - 3ee7b367-7b16-44e1-99f8-43aefeda0876@group-FD33B9583E3C-FollowerState was interrupted: java.lang.InterruptedException: sleep interrupted
2019-10-18 14:30:32,831 [681edbc6-a1fc-42a4-b5ce-4922820de60a@group-FD33B9583E3C-LeaderElection115] INFO  impl.LeaderElection (LeaderElection.java:logAndReturn(56)) - 681edbc6-a1fc-42a4-b5ce-4922820de60a@group-FD33B9583E3C-LeaderElection115: Election REJECTED; received 2 response(s) [681edbc6-a1fc-42a4-b5ce-4922820de60a<-3ee7b367-7b16-44e1-99f8-43aefeda0876#0:FAIL-t112, 681edbc6-a1fc-42a4-b5ce-4922820de60a<-773cce60-eeca-4c1f-a5ec-70084be8b6b9#0:FAIL-t112] and 0 exception(s); 681edbc6-a1fc-42a4-b5ce-4922820de60a@group-FD33B9583E3C:t112, leader=null, voted=681edbc6-a1fc-42a4-b5ce-4922820de60a, raftlog=681edbc6-a1fc-42a4-b5ce-4922820de60a@group-FD33B9583E3C-SegmentedRaftLog:OPENED:c-1,f-1,i0, conf=-1: [3ee7b367-7b16-44e1-99f8-43aefeda0876:192.168.164.233:46080, 681edbc6-a1fc-42a4-b5ce-4922820de60a:192.168.164.233:44267, 773cce60-eeca-4c1f-a5ec-70084be8b6b9:192.168.164.233:38729], old=null
2019-10-18 14:30:32,831 [681edbc6-a1fc-42a4-b5ce-4922820de60a@group-FD33B9583E3C-LeaderElection115] INFO  impl.RaftServerImpl (RaftServerImpl.java:setRole(184)) - 681edbc6-a1fc-42a4-b5ce-4922820de60a@group-FD33B9583E3C: changes role from CANDIDATE to FOLLOWER at term 112 for DISCOVERED_A_NEW_TERM
2019-10-18 14:30:32,831 [681edbc6-a1fc-42a4-b5ce-4922820de60a@group-FD33B9583E3C-LeaderElection115] INFO  impl.RoleInfo (RoleInfo.java:shutdownLeaderElection(134)) - 681edbc6-a1fc-42a4-b5ce-4922820de60a: shutdown LeaderElection
2019-10-18 14:30:32,831 [681edbc6-a1fc-42a4-b5ce-4922820de60a@group-FD33B9583E3C-LeaderElection115] INFO  impl.RoleInfo (RoleInfo.java:updateAndGet(143)) - 681edbc6-a1fc-42a4-b5ce-4922820de60a: start FollowerState
2019-10-18 14:30:32,860 [Thread-1268] INFO  impl.FollowerState (FollowerState.java:run(108)) - 681edbc6-a1fc-42a4-b5ce-4922820de60a@group-FD33B9583E3C-FollowerState: change to CANDIDATE, lastRpcTime:28ms, electionTimeout:28ms
2019-10-18 14:30:32,860 [Thread-1268] INFO  impl.RoleInfo (RoleInfo.java:shutdownFollowerState(121)) - 681edbc6-a1fc-42a4-b5ce-4922820de60a: shutdown FollowerState
2019-10-18 14:30:32,860 [Thread-1268] INFO  impl.RaftServerImpl (RaftServerImpl.java:setRole(184)) - 681edbc6-a1fc-42a4-b5ce-4922820de60a@group-FD33B9583E3C: changes role from  FOLLOWER to CANDIDATE at term 112 for changeToCandidate
2019-10-18 14:30:32,860 [Thread-1268] INFO  impl.RoleInfo (RoleInfo.java:updateAndGet(143)) - 681edbc6-a1fc-42a4-b5ce-4922820de60a: start LeaderElection
2019-10-18 14:30:32,873 [681edbc6-a1fc-42a4-b5ce-4922820de60a@group-FD33B9583E3C-LeaderElection116] INFO  impl.LeaderElection (LeaderElection.java:askForVotes(178)) - 681edbc6-a1fc-42a4-b5ce-4922820de60a@group-FD33B9583E3C-LeaderElection116: begin an election at term 113 for -1: [3ee7b367-7b16-44e1-99f8-43aefeda0876:192.168.164.233:46080, 681edbc6-a1fc-42a4-b5ce-4922820de60a:192.168.164.233:44267, 773cce60-eeca-4c1f-a5ec-70084be8b6b9:192.168.164.233:38729], old=null
2019-10-18 14:30:32,876 [grpc-default-executor-1] INFO  impl.RaftServerImpl (RaftServerImpl.java:setRole(184)) - 773cce60-eeca-4c1f-a5ec-70084be8b6b9@group-FD33B9583E3C: changes role from  FOLLOWER to FOLLOWER at term 113 for recognizeCandidate:681edbc6-a1fc-42a4-b5ce-4922820de60a
2019-10-18 14:30:32,876 [grpc-default-executor-5] INFO  impl.RaftServerImpl (RaftServerImpl.java:setRole(184)) - 3ee7b367-7b16-44e1-99f8-43aefeda0876@group-FD33B9583E3C: changes role from  FOLLOWER to FOLLOWER at term 113 for recognizeCandidate:681edbc6-a1fc-42a4-b5ce-4922820de60a
2019-10-18 14:30:32,876 [grpc-default-executor-5] INFO  impl.RoleInfo (RoleInfo.java:shutdownFollowerState(121)) - 3ee7b367-7b16-44e1-99f8-43aefeda0876: shutdown FollowerState
2019-10-18 14:30:32,876 [grpc-default-executor-1] INFO  impl.RoleInfo (RoleInfo.java:shutdownFollowerState(121)) - 773cce60-eeca-4c1f-a5ec-70084be8b6b9: shutdown FollowerState
2019-10-18 14:30:32,876 [Thread-1267] INFO  impl.FollowerState (FollowerState.java:run(117)) - 3ee7b367-7b16-44e1-99f8-43aefeda0876@group-FD33B9583E3C-FollowerState was interrupted: java.lang.InterruptedException: sleep interrupted
2019-10-18 14:30:32,876 [grpc-default-executor-5] INFO  impl.RoleInfo (RoleInfo.java:updateAndGet(143)) - 3ee7b367-7b16-44e1-99f8-43aefeda0876: start FollowerState
2019-10-18 14:30:32,876 [Thread-1266] INFO  impl.FollowerState (FollowerState.java:run(117)) - 773cce60-eeca-4c1f-a5ec-70084be8b6b9@group-FD33B9583E3C-FollowerState was interrupted: java.lang.InterruptedException: sleep interrupted
2019-10-18 14:30:32,876 [grpc-default-executor-1] INFO  impl.RoleInfo (RoleInfo.java:updateAndGet(143)) - 773cce60-eeca-4c1f-a5ec-70084be8b6b9: start FollowerState
2019-10-18 14:30:32,890 [681edbc6-a1fc-42a4-b5ce-4922820de60a@group-FD33B9583E3C-LeaderElection116] INFO  impl.LeaderElection (LeaderElection.java:logAndReturn(56)) - 681edbc6-a1fc-42a4-b5ce-4922820de60a@group-FD33B9583E3C-LeaderElection116: Election REJECTED; received 2 response(s) [681edbc6-a1fc-42a4-b5ce-4922820de60a<-3ee7b367-7b16-44e1-99f8-43aefeda0876#0:FAIL-t113, 681edbc6-a1fc-42a4-b5ce-4922820de60a<-773cce60-eeca-4c1f-a5ec-70084be8b6b9#0:FAIL-t113] and 0 exception(s); 681edbc6-a1fc-42a4-b5ce-4922820de60a@group-FD33B9583E3C:t113, leader=null, voted=681edbc6-a1fc-42a4-b5ce-4922820de60a, raftlog=681edbc6-a1fc-42a4-b5ce-4922820de60a@group-FD33B9583E3C-SegmentedRaftLog:OPENED:c-1,f-1,i0, conf=-1: [3ee7b367-7b16-44e1-99f8-43aefeda0876:192.168.164.233:46080, 681edbc6-a1fc-42a4-b5ce-4922820de60a:192.168.164.233:44267, 773cce60-eeca-4c1f-a5ec-70084be8b6b9:192.168.164.233:38729], old=null
2019-10-18 14:30:32,890 [681edbc6-a1fc-42a4-b5ce-4922820de60a@group-FD33B9583E3C-LeaderElection116] INFO  impl.RaftServerImpl (RaftServerImpl.java:setRole(184)) - 681edbc6-a1fc-42a4-b5ce-4922820de60a@group-FD33B9583E3C: changes role from CANDIDATE to FOLLOWER at term 113 for DISCOVERED_A_NEW_TERM
2019-10-18 14:30:32,890 [681edbc6-a1fc-42a4-b5ce-4922820de60a@group-FD33B9583E3C-LeaderElection116] INFO  impl.RoleInfo (RoleInfo.java:shutdownLeaderElection(134)) - 681edbc6-a1fc-42a4-b5ce-4922820de60a: shutdown LeaderElection
2019-10-18 14:30:32,890 [681edbc6-a1fc-42a4-b5ce-4922820de60a@group-FD33B9583E3C-LeaderElection116] INFO  impl.RoleInfo (RoleInfo.java:updateAndGet(143)) - 681edbc6-a1fc-42a4-b5ce-4922820de60a: start FollowerState
2019-10-18 14:30:32,894 [Thread-1274] INFO  impl.FollowerState (FollowerState.java:run(108)) - 681edbc6-a1fc-42a4-b5ce-4922820de60a@group-FD33B9583E3C-FollowerState: change to CANDIDATE, lastRpcTime:3ms, electionTimeout:3ms
2019-10-18 14:30:32,894 [Thread-1274] INFO  impl.RoleInfo (RoleInfo.java:shutdownFollowerState(121)) - 681edbc6-a1fc-42a4-b5ce-4922820de60a: shutdown FollowerState
2019-10-18 14:30:32,894 [Thread-1274] INFO  impl.RaftServerImpl (RaftServerImpl.java:setRole(184)) - 681edbc6-a1fc-42a4-b5ce-4922820de60a@group-FD33B9583E3C: changes role from  FOLLOWER to CANDIDATE at term 113 for changeToCandidate
2019-10-18 14:30:32,894 [Thread-1274] INFO  impl.RoleInfo (RoleInfo.java:updateAndGet(143)) - 681edbc6-a1fc-42a4-b5ce-4922820de60a: start LeaderElection
2019-10-18 14:30:32,905 [681edbc6-a1fc-42a4-b5ce-4922820de60a@group-FD33B9583E3C-LeaderElection117] INFO  impl.LeaderElection (LeaderElection.java:askForVotes(178)) - 681edbc6-a1fc-42a4-b5ce-4922820de60a@group-FD33B9583E3C-LeaderElection117: begin an election at term 114 for -1: [3ee7b367-7b16-44e1-99f8-43aefeda0876:192.168.164.233:46080, 681edbc6-a1fc-42a4-b5ce-4922820de60a:192.168.164.233:44267, 773cce60-eeca-4c1f-a5ec-70084be8b6b9:192.168.164.233:38729], old=null
2019-10-18 14:30:32,907 [grpc-default-executor-5] INFO  impl.RaftServerImpl (RaftServerImpl.java:setRole(184)) - 3ee7b367-7b16-44e1-99f8-43aefeda0876@group-FD33B9583E3C: changes role from  FOLLOWER to FOLLOWER at term 114 for recognizeCandidate:681edbc6-a1fc-42a4-b5ce-4922820de60a
2019-10-18 14:30:32,907 [grpc-default-executor-5] INFO  impl.RoleInfo (RoleInfo.java:shutdownFollowerState(121)) - 3ee7b367-7b16-44e1-99f8-43aefeda0876: shutdown FollowerState
2019-10-18 14:30:32,907 [grpc-default-executor-5] INFO  impl.RoleInfo (RoleInfo.java:updateAndGet(143)) - 3ee7b367-7b16-44e1-99f8-43aefeda0876: start FollowerState
2019-10-18 14:30:32,907 [grpc-default-executor-1] INFO  impl.RaftServerImpl (RaftServerImpl.java:setRole(184)) - 773cce60-eeca-4c1f-a5ec-70084be8b6b9@group-FD33B9583E3C: changes role from  FOLLOWER to FOLLOWER at term 114 for recognizeCandidate:681edbc6-a1fc-42a4-b5ce-4922820de60a
2019-10-18 14:30:32,907 [grpc-default-executor-1] INFO  impl.RoleInfo (RoleInfo.java:shutdownFollowerState(121)) - 773cce60-eeca-4c1f-a5ec-70084be8b6b9: shutdown FollowerState
2019-10-18 14:30:32,907 [grpc-default-executor-1] INFO  impl.RoleInfo (RoleInfo.java:updateAndGet(143)) - 773cce60-eeca-4c1f-a5ec-70084be8b6b9: start FollowerState
2019-10-18 14:30:32,907 [Thread-1272] INFO  impl.FollowerState (FollowerState.java:run(117)) - 3ee7b367-7b16-44e1-99f8-43aefeda0876@group-FD33B9583E3C-FollowerState was interrupted: java.lang.InterruptedException: sleep interrupted
2019-10-18 14:30:32,907 [Thread-1273] INFO  impl.FollowerState (FollowerState.java:run(117)) - 773cce60-eeca-4c1f-a5ec-70084be8b6b9@group-FD33B9583E3C-FollowerState was interrupted: java.lang.InterruptedException: sleep interrupted
2019-10-18 14:30:32,921 [681edbc6-a1fc-42a4-b5ce-4922820de60a@group-FD33B9583E3C-LeaderElection117] INFO  impl.LeaderElection (LeaderElection.java:logAndReturn(56)) - 681edbc6-a1fc-42a4-b5ce-4922820de60a@group-FD33B9583E3C-LeaderElection117: Election REJECTED; received 2 response(s) [681edbc6-a1fc-42a4-b5ce-4922820de60a<-3ee7b367-7b16-44e1-99f8-43aefeda0876#0:FAIL-t114, 681edbc6-a1fc-42a4-b5ce-4922820de60a<-773cce60-eeca-4c1f-a5ec-70084be8b6b9#0:FAIL-t114] and 0 exception(s); 681edbc6-a1fc-42a4-b5ce-4922820de60a@group-FD33B9583E3C:t114, leader=null, voted=681edbc6-a1fc-42a4-b5ce-4922820de60a, raftlog=681edbc6-a1fc-42a4-b5ce-4922820de60a@group-FD33B9583E3C-SegmentedRaftLog:OPENED:c-1,f-1,i0, conf=-1: [3ee7b367-7b16-44e1-99f8-43aefeda0876:192.168.164.233:46080, 681edbc6-a1fc-42a4-b5ce-4922820de60a:192.168.164.233:44267, 773cce60-eeca-4c1f-a5ec-70084be8b6b9:192.168.164.233:38729], old=null
2019-10-18 14:30:32,921 [681edbc6-a1fc-42a4-b5ce-4922820de60a@group-FD33B9583E3C-LeaderElection117] INFO  impl.RaftServerImpl (RaftServerImpl.java:setRole(184)) - 681edbc6-a1fc-42a4-b5ce-4922820de60a@group-FD33B9583E3C: changes role from CANDIDATE to FOLLOWER at term 114 for DISCOVERED_A_NEW_TERM
2019-10-18 14:30:32,921 [681edbc6-a1fc-42a4-b5ce-4922820de60a@group-FD33B9583E3C-LeaderElection117] INFO  impl.RoleInfo (RoleInfo.java:shutdownLeaderElection(134)) - 681edbc6-a1fc-42a4-b5ce-4922820de60a: shutdown LeaderElection
2019-10-18 14:30:32,921 [681edbc6-a1fc-42a4-b5ce-4922820de60a@group-FD33B9583E3C-LeaderElection117] INFO  impl.RoleInfo (RoleInfo.java:updateAndGet(143)) - 681edbc6-a1fc-42a4-b5ce-4922820de60a: start FollowerState
2019-10-18 14:30:32,929 [Thread-1280] INFO  impl.FollowerState (FollowerState.java:run(108)) - 681edbc6-a1fc-42a4-b5ce-4922820de60a@group-FD33B9583E3C-FollowerState: change to CANDIDATE, lastRpcTime:7ms, electionTimeout:7ms
2019-10-18 14:30:32,929 [Thread-1280] INFO  impl.RoleInfo (RoleInfo.java:shutdownFollowerState(121)) - 681edbc6-a1fc-42a4-b5ce-4922820de60a: shutdown FollowerState
2019-10-18 14:30:32,929 [Thread-1280] INFO  impl.RaftServerImpl (RaftServerImpl.java:setRole(184)) - 681edbc6-a1fc-42a4-b5ce-4922820de60a@group-FD33B9583E3C: changes role from  FOLLOWER to CANDIDATE at term 114 for changeToCandidate
2019-10-18 14:30:32,929 [Thread-1280] INFO  impl.RoleInfo (RoleInfo.java:updateAndGet(143)) - 681edbc6-a1fc-42a4-b5ce-4922820de60a: start LeaderElection
2019-10-18 14:30:32,941 [681edbc6-a1fc-42a4-b5ce-4922820de60a@group-FD33B9583E3C-LeaderElection118] INFO  impl.LeaderElection (LeaderElection.java:askForVotes(178)) - 681edbc6-a1fc-42a4-b5ce-4922820de60a@group-FD33B9583E3C-LeaderElection118: begin an election at term 115 for -1: [3ee7b367-7b16-44e1-99f8-43aefeda0876:192.168.164.233:46080, 681edbc6-a1fc-42a4-b5ce-4922820de60a:192.168.164.233:44267, 773cce60-eeca-4c1f-a5ec-70084be8b6b9:192.168.164.233:38729], old=null
2019-10-18 14:30:32,944 [grpc-default-executor-5] INFO  impl.RaftServerImpl (RaftServerImpl.java:setRole(184)) - 3ee7b367-7b16-44e1-99f8-43aefeda0876@group-FD33B9583E3C: changes role from  FOLLOWER to FOLLOWER at term 115 for recognizeCandidate:681edbc6-a1fc-42a4-b5ce-4922820de60a
2019-10-18 14:30:32,944 [grpc-default-executor-1] INFO  impl.RaftServerImpl (RaftServerImpl.java:setRole(184)) - 773cce60-eeca-4c1f-a5ec-70084be8b6b9@group-FD33B9583E3C: changes role from  FOLLOWER to FOLLOWER at term 115 for recognizeCandidate:681edbc6-a1fc-42a4-b5ce-4922820de60a
2019-10-18 14:30:32,944 [grpc-default-executor-5] INFO  impl.RoleInfo (RoleInfo.java:shutdownFollowerState(121)) - 3ee7b367-7b16-44e1-99f8-43aefeda0876: shutdown FollowerState
2019-10-18 14:30:32,944 [grpc-default-executor-1] INFO  impl.RoleInfo (RoleInfo.java:shutdownFollowerState(121)) - 773cce60-eeca-4c1f-a5ec-70084be8b6b9: shutdown FollowerState
2019-10-18 14:30:32,944 [Thread-1278] INFO  impl.FollowerState (FollowerState.java:run(117)) - 3ee7b367-7b16-44e1-99f8-43aefeda0876@group-FD33B9583E3C-FollowerState was interrupted: java.lang.InterruptedException: sleep interrupted
2019-10-18 14:30:32,944 [grpc-default-executor-5] INFO  impl.RoleInfo (RoleInfo.java:updateAndGet(143)) - 3ee7b367-7b16-44e1-99f8-43aefeda0876: start FollowerState
2019-10-18 14:30:32,944 [Thread-1279] INFO  impl.FollowerState (FollowerState.java:run(117)) - 773cce60-eeca-4c1f-a5ec-70084be8b6b9@group-FD33B9583E3C-FollowerState was interrupted: java.lang.InterruptedException: sleep interrupted
2019-10-18 14:30:32,944 [grpc-default-executor-1] INFO  impl.RoleInfo (RoleInfo.java:updateAndGet(143)) - 773cce60-eeca-4c1f-a5ec-70084be8b6b9: start FollowerState
2019-10-18 14:30:32,960 [681edbc6-a1fc-42a4-b5ce-4922820de60a@group-FD33B9583E3C-LeaderElection118] INFO  impl.LeaderElection (LeaderElection.java:logAndReturn(56)) - 681edbc6-a1fc-42a4-b5ce-4922820de60a@group-FD33B9583E3C-LeaderElection118: Election REJECTED; received 2 response(s) [681edbc6-a1fc-42a4-b5ce-4922820de60a<-3ee7b367-7b16-44e1-99f8-43aefeda0876#0:FAIL-t115, 681edbc6-a1fc-42a4-b5ce-4922820de60a<-773cce60-eeca-4c1f-a5ec-70084be8b6b9#0:FAIL-t115] and 0 exception(s); 681edbc6-a1fc-42a4-b5ce-4922820de60a@group-FD33B9583E3C:t115, leader=null, voted=681edbc6-a1fc-42a4-b5ce-4922820de60a, raftlog=681edbc6-a1fc-42a4-b5ce-4922820de60a@group-FD33B9583E3C-SegmentedRaftLog:OPENED:c-1,f-1,i0, conf=-1: [3ee7b367-7b16-44e1-99f8-43aefeda0876:192.168.164.233:46080, 681edbc6-a1fc-42a4-b5ce-4922820de60a:192.168.164.233:44267, 773cce60-eeca-4c1f-a5ec-70084be8b6b9:192.168.164.233:38729], old=null
2019-10-18 14:30:32,960 [681edbc6-a1fc-42a4-b5ce-4922820de60a@group-FD33B9583E3C-LeaderElection118] INFO  impl.RaftServerImpl (RaftServerImpl.java:setRole(184)) - 681edbc6-a1fc-42a4-b5ce-4922820de60a@group-FD33B9583E3C: changes role from CANDIDATE to FOLLOWER at term 115 for DISCOVERED_A_NEW_TERM
2019-10-18 14:30:32,960 [681edbc6-a1fc-42a4-b5ce-4922820de60a@group-FD33B9583E3C-LeaderElection118] INFO  impl.RoleInfo (RoleInfo.java:shutdownLeaderElection(134)) - 681edbc6-a1fc-42a4-b5ce-4922820de60a: shutdown LeaderElection
2019-10-18 14:30:32,960 [681edbc6-a1fc-42a4-b5ce-4922820de60a@group-FD33B9583E3C-LeaderElection118] INFO  impl.RoleInfo (RoleInfo.java:updateAndGet(143)) - 681edbc6-a1fc-42a4-b5ce-4922820de60a: start FollowerState
2019-10-18 14:30:33,117 [Thread-1288] INFO  impl.FollowerState (FollowerState.java:run(108)) - 681edbc6-a1fc-42a4-b5ce-4922820de60a@group-FD33B9583E3C-FollowerState: change to CANDIDATE, lastRpcTime:157ms, electionTimeout:157ms
2019-10-18 14:30:33,118 [Thread-1288] INFO  impl.RoleInfo (RoleInfo.java:shutdownFollowerState(121)) - 681edbc6-a1fc-42a4-b5ce-4922820de60a: shutdown FollowerState
2019-10-18 14:30:33,118 [Thread-1288] INFO  impl.RaftServerImpl (RaftServerImpl.java:setRole(184)) - 681edbc6-a1fc-42a4-b5ce-4922820de60a@group-FD33B9583E3C: changes role from  FOLLOWER to CANDIDATE at term 115 for changeToCandidate
2019-10-18 14:30:33,118 [Thread-1288] INFO  impl.RoleInfo (RoleInfo.java:updateAndGet(143)) - 681edbc6-a1fc-42a4-b5ce-4922820de60a: start LeaderElection
2019-10-18 14:30:33,135 [681edbc6-a1fc-42a4-b5ce-4922820de60a@group-FD33B9583E3C-LeaderElection119] INFO  impl.LeaderElection (LeaderElection.java:askForVotes(178)) - 681edbc6-a1fc-42a4-b5ce-4922820de60a@group-FD33B9583E3C-LeaderElection119: begin an election at term 116 for -1: [3ee7b367-7b16-44e1-99f8-43aefeda0876:192.168.164.233:46080, 681edbc6-a1fc-42a4-b5ce-4922820de60a:192.168.164.233:44267, 773cce60-eeca-4c1f-a5ec-70084be8b6b9:192.168.164.233:38729], old=null
2019-10-18 14:30:33,138 [grpc-default-executor-1] INFO  impl.RaftServerImpl (RaftServerImpl.java:setRole(184)) - 773cce60-eeca-4c1f-a5ec-70084be8b6b9@group-FD33B9583E3C: changes role from  FOLLOWER to FOLLOWER at term 116 for recognizeCandidate:681edbc6-a1fc-42a4-b5ce-4922820de60a
2019-10-18 14:30:33,138 [grpc-default-executor-1] INFO  impl.RoleInfo (RoleInfo.java:shutdownFollowerState(121)) - 773cce60-eeca-4c1f-a5ec-70084be8b6b9: shutdown FollowerState
2019-10-18 14:30:33,139 [grpc-default-executor-1] INFO  impl.RoleInfo (RoleInfo.java:updateAndGet(143)) - 773cce60-eeca-4c1f-a5ec-70084be8b6b9: start FollowerState
2019-10-18 14:30:33,139 [Thread-1285] INFO  impl.FollowerState (FollowerState.java:run(117)) - 773cce60-eeca-4c1f-a5ec-70084be8b6b9@group-FD33B9583E3C-FollowerState was interrupted: java.lang.InterruptedException: sleep interrupted
2019-10-18 14:30:33,139 [grpc-default-executor-5] INFO  impl.RaftServerImpl (RaftServerImpl.java:setRole(184)) - 3ee7b367-7b16-44e1-99f8-43aefeda0876@group-FD33B9583E3C: changes role from  FOLLOWER to FOLLOWER at term 116 for recognizeCandidate:681edbc6-a1fc-42a4-b5ce-4922820de60a
2019-10-18 14:30:33,139 [grpc-default-executor-5] INFO  impl.RoleInfo (RoleInfo.java:shutdownFollowerState(121)) - 3ee7b367-7b16-44e1-99f8-43aefeda0876: shutdown FollowerState
2019-10-18 14:30:33,139 [grpc-default-executor-5] INFO  impl.RoleInfo (RoleInfo.java:updateAndGet(143)) - 3ee7b367-7b16-44e1-99f8-43aefeda0876: start FollowerState
2019-10-18 14:30:33,139 [Thread-1284] INFO  impl.FollowerState (FollowerState.java:run(117)) - 3ee7b367-7b16-44e1-99f8-43aefeda0876@group-FD33B9583E3C-FollowerState was interrupted: java.lang.InterruptedException: sleep interrupted
2019-10-18 14:30:33,154 [681edbc6-a1fc-42a4-b5ce-4922820de60a@group-FD33B9583E3C-LeaderElection119] INFO  impl.LeaderElection (LeaderElection.java:logAndReturn(56)) - 681edbc6-a1fc-42a4-b5ce-4922820de60a@group-FD33B9583E3C-LeaderElection119: Election REJECTED; received 2 response(s) [681edbc6-a1fc-42a4-b5ce-4922820de60a<-3ee7b367-7b16-44e1-99f8-43aefeda0876#0:FAIL-t116, 681edbc6-a1fc-42a4-b5ce-4922820de60a<-773cce60-eeca-4c1f-a5ec-70084be8b6b9#0:FAIL-t116] and 0 exception(s); 681edbc6-a1fc-42a4-b5ce-4922820de60a@group-FD33B9583E3C:t116, leader=null, voted=681edbc6-a1fc-42a4-b5ce-4922820de60a, raftlog=681edbc6-a1fc-42a4-b5ce-4922820de60a@group-FD33B9583E3C-SegmentedRaftLog:OPENED:c-1,f-1,i0, conf=-1: [3ee7b367-7b16-44e1-99f8-43aefeda0876:192.168.164.233:46080, 681edbc6-a1fc-42a4-b5ce-4922820de60a:192.168.164.233:44267, 773cce60-eeca-4c1f-a5ec-70084be8b6b9:192.168.164.233:38729], old=null
2019-10-18 14:30:33,154 [681edbc6-a1fc-42a4-b5ce-4922820de60a@group-FD33B9583E3C-LeaderElection119] INFO  impl.RaftServerImpl (RaftServerImpl.java:setRole(184)) - 681edbc6-a1fc-42a4-b5ce-4922820de60a@group-FD33B9583E3C: changes role from CANDIDATE to FOLLOWER at term 116 for DISCOVERED_A_NEW_TERM
2019-10-18 14:30:33,155 [681edbc6-a1fc-42a4-b5ce-4922820de60a@group-FD33B9583E3C-LeaderElection119] INFO  impl.RoleInfo (RoleInfo.java:shutdownLeaderElection(134)) - 681edbc6-a1fc-42a4-b5ce-4922820de60a: shutdown LeaderElection
2019-10-18 14:30:33,155 [681edbc6-a1fc-42a4-b5ce-4922820de60a@group-FD33B9583E3C-LeaderElection119] INFO  impl.RoleInfo (RoleInfo.java:updateAndGet(143)) - 681edbc6-a1fc-42a4-b5ce-4922820de60a: start FollowerState
2019-10-18 14:30:33,270 [Thread-1294] INFO  impl.FollowerState (FollowerState.java:run(108)) - 681edbc6-a1fc-42a4-b5ce-4922820de60a@group-FD33B9583E3C-FollowerState: change to CANDIDATE, lastRpcTime:115ms, electionTimeout:115ms
2019-10-18 14:30:33,270 [Thread-1294] INFO  impl.RoleInfo (RoleInfo.java:shutdownFollowerState(121)) - 681edbc6-a1fc-42a4-b5ce-4922820de60a: shutdown FollowerState
2019-10-18 14:30:33,271 [Thread-1294] INFO  impl.RaftServerImpl (RaftServerImpl.java:setRole(184)) - 681edbc6-a1fc-42a4-b5ce-4922820de60a@group-FD33B9583E3C: changes role from  FOLLOWER to CANDIDATE at term 116 for changeToCandidate
2019-10-18 14:30:33,271 [Thread-1294] INFO  impl.RoleInfo (RoleInfo.java:updateAndGet(143)) - 681edbc6-a1fc-42a4-b5ce-4922820de60a: start LeaderElection
2019-10-18 14:30:33,284 [681edbc6-a1fc-42a4-b5ce-4922820de60a@group-FD33B9583E3C-LeaderElection120] INFO  impl.LeaderElection (LeaderElection.java:askForVotes(178)) - 681edbc6-a1fc-42a4-b5ce-4922820de60a@group-FD33B9583E3C-LeaderElection120: begin an election at term 117 for -1: [3ee7b367-7b16-44e1-99f8-43aefeda0876:192.168.164.233:46080, 681edbc6-a1fc-42a4-b5ce-4922820de60a:192.168.164.233:44267, 773cce60-eeca-4c1f-a5ec-70084be8b6b9:192.168.164.233:38729], old=null
2019-10-18 14:30:33,286 [grpc-default-executor-1] INFO  impl.RaftServerImpl (RaftServerImpl.java:setRole(184)) - 3ee7b367-7b16-44e1-99f8-43aefeda0876@group-FD33B9583E3C: changes role from  FOLLOWER to FOLLOWER at term 117 for recognizeCandidate:681edbc6-a1fc-42a4-b5ce-4922820de60a
2019-10-18 14:30:33,286 [grpc-default-executor-5] INFO  impl.RaftServerImpl (RaftServerImpl.java:setRole(184)) - 773cce60-eeca-4c1f-a5ec-70084be8b6b9@group-FD33B9583E3C: changes role from  FOLLOWER to FOLLOWER at term 117 for recognizeCandidate:681edbc6-a1fc-42a4-b5ce-4922820de60a
2019-10-18 14:30:33,286 [grpc-default-executor-1] INFO  impl.RoleInfo (RoleInfo.java:shutdownFollowerState(121)) - 3ee7b367-7b16-44e1-99f8-43aefeda0876: shutdown FollowerState
2019-10-18 14:30:33,286 [grpc-default-executor-5] INFO  impl.RoleInfo (RoleInfo.java:shutdownFollowerState(121)) - 773cce60-eeca-4c1f-a5ec-70084be8b6b9: shutdown FollowerState
2019-10-18 14:30:33,287 [Thread-1293] INFO  impl.FollowerState (FollowerState.java:run(117)) - 3ee7b367-7b16-44e1-99f8-43aefeda0876@group-FD33B9583E3C-FollowerState was interrupted: java.lang.InterruptedException: sleep interrupted
2019-10-18 14:30:33,287 [Thread-1292] INFO  impl.FollowerState (FollowerState.java:run(117)) - 773cce60-eeca-4c1f-a5ec-70084be8b6b9@group-FD33B9583E3C-FollowerState was interrupted: java.lang.InterruptedException: sleep interrupted
2019-10-18 14:30:33,287 [grpc-default-executor-1] INFO  impl.RoleInfo (RoleInfo.java:updateAndGet(143)) - 3ee7b367-7b16-44e1-99f8-43aefeda0876: start FollowerState
2019-10-18 14:30:33,287 [grpc-default-executor-5] INFO  impl.RoleInfo (RoleInfo.java:updateAndGet(143)) - 773cce60-eeca-4c1f-a5ec-70084be8b6b9: start FollowerState
2019-10-18 14:30:33,301 [681edbc6-a1fc-42a4-b5ce-4922820de60a@group-FD33B9583E3C-LeaderElection120] INFO  impl.LeaderElection (LeaderElection.java:logAndReturn(56)) - 681edbc6-a1fc-42a4-b5ce-4922820de60a@group-FD33B9583E3C-LeaderElection120: Election REJECTED; received 2 response(s) [681edbc6-a1fc-42a4-b5ce-4922820de60a<-3ee7b367-7b16-44e1-99f8-43aefeda0876#0:FAIL-t117, 681edbc6-a1fc-42a4-b5ce-4922820de60a<-773cce60-eeca-4c1f-a5ec-70084be8b6b9#0:FAIL-t117] and 0 exception(s); 681edbc6-a1fc-42a4-b5ce-4922820de60a@group-FD33B9583E3C:t117, leader=null, voted=681edbc6-a1fc-42a4-b5ce-4922820de60a, raftlog=681edbc6-a1fc-42a4-b5ce-4922820de60a@group-FD33B9583E3C-SegmentedRaftLog:OPENED:c-1,f-1,i0, conf=-1: [3ee7b367-7b16-44e1-99f8-43aefeda0876:192.168.164.233:46080, 681edbc6-a1fc-42a4-b5ce-4922820de60a:192.168.164.233:44267, 773cce60-eeca-4c1f-a5ec-70084be8b6b9:192.168.164.233:38729], old=null
2019-10-18 14:30:33,301 [681edbc6-a1fc-42a4-b5ce-4922820de60a@group-FD33B9583E3C-LeaderElection120] INFO  impl.RaftServerImpl (RaftServerImpl.java:setRole(184)) - 681edbc6-a1fc-42a4-b5ce-4922820de60a@group-FD33B9583E3C: changes role from CANDIDATE to FOLLOWER at term 117 for DISCOVERED_A_NEW_TERM
2019-10-18 14:30:33,302 [681edbc6-a1fc-42a4-b5ce-4922820de60a@group-FD33B9583E3C-LeaderElection120] INFO  impl.RoleInfo (RoleInfo.java:shutdownLeaderElection(134)) - 681edbc6-a1fc-42a4-b5ce-4922820de60a: shutdown LeaderElection
2019-10-18 14:30:33,302 [681edbc6-a1fc-42a4-b5ce-4922820de60a@group-FD33B9583E3C-LeaderElection120] INFO  impl.RoleInfo (RoleInfo.java:updateAndGet(143)) - 681edbc6-a1fc-42a4-b5ce-4922820de60a: start FollowerState
2019-10-18 14:30:33,451 [Thread-1302] INFO  impl.FollowerState (FollowerState.java:run(108)) - 681edbc6-a1fc-42a4-b5ce-4922820de60a@group-FD33B9583E3C-FollowerState: change to CANDIDATE, lastRpcTime:149ms, electionTimeout:149ms
2019-10-18 14:30:33,451 [Thread-1302] INFO  impl.RoleInfo (RoleInfo.java:shutdownFollowerState(121)) - 681edbc6-a1fc-42a4-b5ce-4922820de60a: shutdown FollowerState
2019-10-18 14:30:33,452 [Thread-1302] INFO  impl.RaftServerImpl (RaftServerImpl.java:setRole(184)) - 681edbc6-a1fc-42a4-b5ce-4922820de60a@group-FD33B9583E3C: changes role from  FOLLOWER to CANDIDATE at term 117 for changeToCandidate
2019-10-18 14:30:33,452 [Thread-1302] INFO  impl.RoleInfo (RoleInfo.java:updateAndGet(143)) - 681edbc6-a1fc-42a4-b5ce-4922820de60a: start LeaderElection
2019-10-18 14:30:33,466 [681edbc6-a1fc-42a4-b5ce-4922820de60a@group-FD33B9583E3C-LeaderElection121] INFO  impl.LeaderElection (LeaderElection.java:askForVotes(178)) - 681edbc6-a1fc-42a4-b5ce-4922820de60a@group-FD33B9583E3C-LeaderElection121: begin an election at term 118 for -1: [3ee7b367-7b16-44e1-99f8-43aefeda0876:192.168.164.233:46080, 681edbc6-a1fc-42a4-b5ce-4922820de60a:192.168.164.233:44267, 773cce60-eeca-4c1f-a5ec-70084be8b6b9:192.168.164.233:38729], old=null
2019-10-18 14:30:33,468 [grpc-default-executor-5] INFO  impl.RaftServerImpl (RaftServerImpl.java:setRole(184)) - 773cce60-eeca-4c1f-a5ec-70084be8b6b9@group-FD33B9583E3C: changes role from  FOLLOWER to FOLLOWER at term 118 for recognizeCandidate:681edbc6-a1fc-42a4-b5ce-4922820de60a
2019-10-18 14:30:33,468 [grpc-default-executor-1] INFO  impl.RaftServerImpl (RaftServerImpl.java:setRole(184)) - 3ee7b367-7b16-44e1-99f8-43aefeda0876@group-FD33B9583E3C: changes role from  FOLLOWER to FOLLOWER at term 118 for recognizeCandidate:681edbc6-a1fc-42a4-b5ce-4922820de60a
2019-10-18 14:30:33,469 [grpc-default-executor-5] INFO  impl.RoleInfo (RoleInfo.java:shutdownFollowerState(121)) - 773cce60-eeca-4c1f-a5ec-70084be8b6b9: shutdown FollowerState
2019-10-18 14:30:33,469 [grpc-default-executor-1] INFO  impl.RoleInfo (RoleInfo.java:shutdownFollowerState(121)) - 3ee7b367-7b16-44e1-99f8-43aefeda0876: shutdown FollowerState
2019-10-18 14:30:33,469 [Thread-1301] INFO  impl.FollowerState (FollowerState.java:run(117)) - 773cce60-eeca-4c1f-a5ec-70084be8b6b9@group-FD33B9583E3C-FollowerState was interrupted: java.lang.InterruptedException: sleep interrupted
2019-10-18 14:30:33,469 [Thread-1300] INFO  impl.FollowerState (FollowerState.java:run(117)) - 3ee7b367-7b16-44e1-99f8-43aefeda0876@group-FD33B9583E3C-FollowerState was interrupted: java.lang.InterruptedException: sleep interrupted
2019-10-18 14:30:33,469 [grpc-default-executor-5] INFO  impl.RoleInfo (RoleInfo.java:updateAndGet(143)) - 773cce60-eeca-4c1f-a5ec-70084be8b6b9: start FollowerState
2019-10-18 14:30:33,469 [grpc-default-executor-1] INFO  impl.RoleInfo (RoleInfo.java:updateAndGet(143)) - 3ee7b367-7b16-44e1-99f8-43aefeda0876: start FollowerState
2019-10-18 14:30:33,483 [681edbc6-a1fc-42a4-b5ce-4922820de60a@group-FD33B9583E3C-LeaderElection121] INFO  impl.LeaderElection (LeaderElection.java:logAndReturn(56)) - 681edbc6-a1fc-42a4-b5ce-4922820de60a@group-FD33B9583E3C-LeaderElection121: Election REJECTED; received 2 response(s) [681edbc6-a1fc-42a4-b5ce-4922820de60a<-3ee7b367-7b16-44e1-99f8-43aefeda0876#0:FAIL-t118, 681edbc6-a1fc-42a4-b5ce-4922820de60a<-773cce60-eeca-4c1f-a5ec-70084be8b6b9#0:FAIL-t118] and 0 exception(s); 681edbc6-a1fc-42a4-b5ce-4922820de60a@group-FD33B9583E3C:t118, leader=null, voted=681edbc6-a1fc-42a4-b5ce-4922820de60a, raftlog=681edbc6-a1fc-42a4-b5ce-4922820de60a@group-FD33B9583E3C-SegmentedRaftLog:OPENED:c-1,f-1,i0, conf=-1: [3ee7b367-7b16-44e1-99f8-43aefeda0876:192.168.164.233:46080, 681edbc6-a1fc-42a4-b5ce-4922820de60a:192.168.164.233:44267, 773cce60-eeca-4c1f-a5ec-70084be8b6b9:192.168.164.233:38729], old=null
2019-10-18 14:30:33,483 [681edbc6-a1fc-42a4-b5ce-4922820de60a@group-FD33B9583E3C-LeaderElection121] INFO  impl.RaftServerImpl (RaftServerImpl.java:setRole(184)) - 681edbc6-a1fc-42a4-b5ce-4922820de60a@group-FD33B9583E3C: changes role from CANDIDATE to FOLLOWER at term 118 for DISCOVERED_A_NEW_TERM
2019-10-18 14:30:33,483 [681edbc6-a1fc-42a4-b5ce-4922820de60a@group-FD33B9583E3C-LeaderElection121] INFO  impl.RoleInfo (RoleInfo.java:shutdownLeaderElection(134)) - 681edbc6-a1fc-42a4-b5ce-4922820de60a: shutdown LeaderElection
2019-10-18 14:30:33,483 [681edbc6-a1fc-42a4-b5ce-4922820de60a@group-FD33B9583E3C-LeaderElection121] INFO  impl.RoleInfo (RoleInfo.java:updateAndGet(143)) - 681edbc6-a1fc-42a4-b5ce-4922820de60a: start FollowerState
2019-10-18 14:30:33,677 [Thread-1310] INFO  impl.FollowerState (FollowerState.java:run(108)) - 681edbc6-a1fc-42a4-b5ce-4922820de60a@group-FD33B9583E3C-FollowerState: change to CANDIDATE, lastRpcTime:194ms, electionTimeout:194ms
2019-10-18 14:30:33,678 [Thread-1310] INFO  impl.RoleInfo (RoleInfo.java:shutdownFollowerState(121)) - 681edbc6-a1fc-42a4-b5ce-4922820de60a: shutdown FollowerState
2019-10-18 14:30:33,678 [Thread-1310] INFO  impl.RaftServerImpl (RaftServerImpl.java:setRole(184)) - 681edbc6-a1fc-42a4-b5ce-4922820de60a@group-FD33B9583E3C: changes role from  FOLLOWER to CANDIDATE at term 118 for changeToCandidate
2019-10-18 14:30:33,678 [Thread-1310] INFO  impl.RoleInfo (RoleInfo.java:updateAndGet(143)) - 681edbc6-a1fc-42a4-b5ce-4922820de60a: start LeaderElection
2019-10-18 14:30:33,691 [681edbc6-a1fc-42a4-b5ce-4922820de60a@group-FD33B9583E3C-LeaderElection122] INFO  impl.LeaderElection (LeaderElection.java:askForVotes(178)) - 681edbc6-a1fc-42a4-b5ce-4922820de60a@group-FD33B9583E3C-LeaderElection122: begin an election at term 119 for -1: [3ee7b367-7b16-44e1-99f8-43aefeda0876:192.168.164.233:46080, 681edbc6-a1fc-42a4-b5ce-4922820de60a:192.168.164.233:44267, 773cce60-eeca-4c1f-a5ec-70084be8b6b9:192.168.164.233:38729], old=null
2019-10-18 14:30:33,693 [grpc-default-executor-5] INFO  impl.RaftServerImpl (RaftServerImpl.java:setRole(184)) - 773cce60-eeca-4c1f-a5ec-70084be8b6b9@group-FD33B9583E3C: changes role from  FOLLOWER to FOLLOWER at term 119 for recognizeCandidate:681edbc6-a1fc-42a4-b5ce-4922820de60a
2019-10-18 14:30:33,693 [grpc-default-executor-1] INFO  impl.RaftServerImpl (RaftServerImpl.java:setRole(184)) - 3ee7b367-7b16-44e1-99f8-43aefeda0876@group-FD33B9583E3C: changes role from  FOLLOWER to FOLLOWER at term 119 for recognizeCandidate:681edbc6-a1fc-42a4-b5ce-4922820de60a
2019-10-18 14:30:33,693 [grpc-default-executor-5] INFO  impl.RoleInfo (RoleInfo.java:shutdownFollowerState(121)) - 773cce60-eeca-4c1f-a5ec-70084be8b6b9: shutdown FollowerState
2019-10-18 14:30:33,693 [grpc-default-executor-1] INFO  impl.RoleInfo (RoleInfo.java:shutdownFollowerState(121)) - 3ee7b367-7b16-44e1-99f8-43aefeda0876: shutdown FollowerState
2019-10-18 14:30:33,693 [Thread-1308] INFO  impl.FollowerState (FollowerState.java:run(117)) - 773cce60-eeca-4c1f-a5ec-70084be8b6b9@group-FD33B9583E3C-FollowerState was interrupted: java.lang.InterruptedException: sleep interrupted
2019-10-18 14:30:33,693 [grpc-default-executor-5] INFO  impl.RoleInfo (RoleInfo.java:updateAndGet(143)) - 773cce60-eeca-4c1f-a5ec-70084be8b6b9: start FollowerState
2019-10-18 14:30:33,693 [Thread-1309] INFO  impl.FollowerState (FollowerState.java:run(117)) - 3ee7b367-7b16-44e1-99f8-43aefeda0876@group-FD33B9583E3C-FollowerState was interrupted: java.lang.InterruptedException: sleep interrupted
2019-10-18 14:30:33,693 [grpc-default-executor-1] INFO  impl.RoleInfo (RoleInfo.java:updateAndGet(143)) - 3ee7b367-7b16-44e1-99f8-43aefeda0876: start FollowerState
2019-10-18 14:30:33,708 [681edbc6-a1fc-42a4-b5ce-4922820de60a@group-FD33B9583E3C-LeaderElection122] INFO  impl.LeaderElection (LeaderElection.java:logAndReturn(56)) - 681edbc6-a1fc-42a4-b5ce-4922820de60a@group-FD33B9583E3C-LeaderElection122: Election REJECTED; received 2 response(s) [681edbc6-a1fc-42a4-b5ce-4922820de60a<-3ee7b367-7b16-44e1-99f8-43aefeda0876#0:FAIL-t119, 681edbc6-a1fc-42a4-b5ce-4922820de60a<-773cce60-eeca-4c1f-a5ec-70084be8b6b9#0:FAIL-t119] and 0 exception(s); 681edbc6-a1fc-42a4-b5ce-4922820de60a@group-FD33B9583E3C:t119, leader=null, voted=681edbc6-a1fc-42a4-b5ce-4922820de60a, raftlog=681edbc6-a1fc-42a4-b5ce-4922820de60a@group-FD33B9583E3C-SegmentedRaftLog:OPENED:c-1,f-1,i0, conf=-1: [3ee7b367-7b16-44e1-99f8-43aefeda0876:192.168.164.233:46080, 681edbc6-a1fc-42a4-b5ce-4922820de60a:192.168.164.233:44267, 773cce60-eeca-4c1f-a5ec-70084be8b6b9:192.168.164.233:38729], old=null
2019-10-18 14:30:33,708 [681edbc6-a1fc-42a4-b5ce-4922820de60a@group-FD33B9583E3C-LeaderElection122] INFO  impl.RaftServerImpl (RaftServerImpl.java:setRole(184)) - 681edbc6-a1fc-42a4-b5ce-4922820de60a@group-FD33B9583E3C: changes role from CANDIDATE to FOLLOWER at term 119 for DISCOVERED_A_NEW_TERM
2019-10-18 14:30:33,708 [681edbc6-a1fc-42a4-b5ce-4922820de60a@group-FD33B9583E3C-LeaderElection122] INFO  impl.RoleInfo (RoleInfo.java:shutdownLeaderElection(134)) - 681edbc6-a1fc-42a4-b5ce-4922820de60a: shutdown LeaderElection
2019-10-18 14:30:33,708 [681edbc6-a1fc-42a4-b5ce-4922820de60a@group-FD33B9583E3C-LeaderElection122] INFO  impl.RoleInfo (RoleInfo.java:updateAndGet(143)) - 681edbc6-a1fc-42a4-b5ce-4922820de60a: start FollowerState
2019-10-18 14:30:33,834 [Thread-1318] INFO  impl.FollowerState (FollowerState.java:run(108)) - 681edbc6-a1fc-42a4-b5ce-4922820de60a@group-FD33B9583E3C-FollowerState: change to CANDIDATE, lastRpcTime:125ms, electionTimeout:125ms
2019-10-18 14:30:33,834 [Thread-1318] INFO  impl.RoleInfo (RoleInfo.java:shutdownFollowerState(121)) - 681edbc6-a1fc-42a4-b5ce-4922820de60a: shutdown FollowerState
2019-10-18 14:30:33,834 [Thread-1318] INFO  impl.RaftServerImpl (RaftServerImpl.java:setRole(184)) - 681edbc6-a1fc-42a4-b5ce-4922820de60a@group-FD33B9583E3C: changes role from  FOLLOWER to CANDIDATE at term 119 for changeToCandidate
2019-10-18 14:30:33,834 [Thread-1318] INFO  impl.RoleInfo (RoleInfo.java:updateAndGet(143)) - 681edbc6-a1fc-42a4-b5ce-4922820de60a: start LeaderElection
2019-10-18 14:30:33,848 [681edbc6-a1fc-42a4-b5ce-4922820de60a@group-FD33B9583E3C-LeaderElection123] INFO  impl.LeaderElection (LeaderElection.java:askForVotes(178)) - 681edbc6-a1fc-42a4-b5ce-4922820de60a@group-FD33B9583E3C-LeaderElection123: begin an election at term 120 for -1: [3ee7b367-7b16-44e1-99f8-43aefeda0876:192.168.164.233:46080, 681edbc6-a1fc-42a4-b5ce-4922820de60a:192.168.164.233:44267, 773cce60-eeca-4c1f-a5ec-70084be8b6b9:192.168.164.233:38729], old=null
2019-10-18 14:30:33,851 [grpc-default-executor-5] INFO  impl.RaftServerImpl (RaftServerImpl.java:setRole(184)) - 773cce60-eeca-4c1f-a5ec-70084be8b6b9@group-FD33B9583E3C: changes role from  FOLLOWER to FOLLOWER at term 120 for recognizeCandidate:681edbc6-a1fc-42a4-b5ce-4922820de60a
2019-10-18 14:30:33,851 [grpc-default-executor-1] INFO  impl.RaftServerImpl (RaftServerImpl.java:setRole(184)) - 3ee7b367-7b16-44e1-99f8-43aefeda0876@group-FD33B9583E3C: changes role from  FOLLOWER to FOLLOWER at term 120 for recognizeCandidate:681edbc6-a1fc-42a4-b5ce-4922820de60a
2019-10-18 14:30:33,851 [grpc-default-executor-5] INFO  impl.RoleInfo (RoleInfo.java:shutdownFollowerState(121)) - 773cce60-eeca-4c1f-a5ec-70084be8b6b9: shutdown FollowerState
2019-10-18 14:30:33,852 [grpc-default-executor-1] INFO  impl.RoleInfo (RoleInfo.java:shutdownFollowerState(121)) - 3ee7b367-7b16-44e1-99f8-43aefeda0876: shutdown FollowerState
2019-10-18 14:30:33,852 [grpc-default-executor-5] INFO  impl.RoleInfo (RoleInfo.java:updateAndGet(143)) - 773cce60-eeca-4c1f-a5ec-70084be8b6b9: start FollowerState
2019-10-18 14:30:33,852 [grpc-default-executor-1] INFO  impl.RoleInfo (RoleInfo.java:updateAndGet(143)) - 3ee7b367-7b16-44e1-99f8-43aefeda0876: start FollowerState
2019-10-18 14:30:33,852 [Thread-1316] INFO  impl.FollowerState (FollowerState.java:run(117)) - 773cce60-eeca-4c1f-a5ec-70084be8b6b9@group-FD33B9583E3C-FollowerState was interrupted: java.lang.InterruptedException: sleep interrupted
2019-10-18 14:30:33,852 [Thread-1317] INFO  impl.FollowerState (FollowerState.java:run(117)) - 3ee7b367-7b16-44e1-99f8-43aefeda0876@group-FD33B9583E3C-FollowerState was interrupted: java.lang.InterruptedException: sleep interrupted
2019-10-18 14:30:33,866 [681edbc6-a1fc-42a4-b5ce-4922820de60a@group-FD33B9583E3C-LeaderElection123] INFO  impl.LeaderElection (LeaderElection.java:logAndReturn(56)) - 681edbc6-a1fc-42a4-b5ce-4922820de60a@group-FD33B9583E3C-LeaderElection123: Election REJECTED; received 2 response(s) [681edbc6-a1fc-42a4-b5ce-4922820de60a<-3ee7b367-7b16-44e1-99f8-43aefeda0876#0:FAIL-t120, 681edbc6-a1fc-42a4-b5ce-4922820de60a<-773cce60-eeca-4c1f-a5ec-70084be8b6b9#0:FAIL-t120] and 0 exception(s); 681edbc6-a1fc-42a4-b5ce-4922820de60a@group-FD33B9583E3C:t120, leader=null, voted=681edbc6-a1fc-42a4-b5ce-4922820de60a, raftlog=681edbc6-a1fc-42a4-b5ce-4922820de60a@group-FD33B9583E3C-SegmentedRaftLog:OPENED:c-1,f-1,i0, conf=-1: [3ee7b367-7b16-44e1-99f8-43aefeda0876:192.168.164.233:46080, 681edbc6-a1fc-42a4-b5ce-4922820de60a:192.168.164.233:44267, 773cce60-eeca-4c1f-a5ec-70084be8b6b9:192.168.164.233:38729], old=null
2019-10-18 14:30:33,867 [681edbc6-a1fc-42a4-b5ce-4922820de60a@group-FD33B9583E3C-LeaderElection123] INFO  impl.RaftServerImpl (RaftServerImpl.java:setRole(184)) - 681edbc6-a1fc-42a4-b5ce-4922820de60a@group-FD33B9583E3C: changes role from CANDIDATE to FOLLOWER at term 120 for DISCOVERED_A_NEW_TERM
2019-10-18 14:30:33,867 [681edbc6-a1fc-42a4-b5ce-4922820de60a@group-FD33B9583E3C-LeaderElection123] INFO  impl.RoleInfo (RoleInfo.java:shutdownLeaderElection(134)) - 681edbc6-a1fc-42a4-b5ce-4922820de60a: shutdown LeaderElection
2019-10-18 14:30:33,867 [681edbc6-a1fc-42a4-b5ce-4922820de60a@group-FD33B9583E3C-LeaderElection123] INFO  impl.RoleInfo (RoleInfo.java:updateAndGet(143)) - 681edbc6-a1fc-42a4-b5ce-4922820de60a: start FollowerState
2019-10-18 14:30:34,065 [Thread-1324] INFO  impl.FollowerState (FollowerState.java:run(108)) - 681edbc6-a1fc-42a4-b5ce-4922820de60a@group-FD33B9583E3C-FollowerState: change to CANDIDATE, lastRpcTime:198ms, electionTimeout:198ms
2019-10-18 14:30:34,065 [Thread-1324] INFO  impl.RoleInfo (RoleInfo.java:shutdownFollowerState(121)) - 681edbc6-a1fc-42a4-b5ce-4922820de60a: shutdown FollowerState
2019-10-18 14:30:34,066 [Thread-1324] INFO  impl.RaftServerImpl (RaftServerImpl.java:setRole(184)) - 681edbc6-a1fc-42a4-b5ce-4922820de60a@group-FD33B9583E3C: changes role from  FOLLOWER to CANDIDATE at term 120 for changeToCandidate
2019-10-18 14:30:34,066 [Thread-1324] INFO  impl.RoleInfo (RoleInfo.java:updateAndGet(143)) - 681edbc6-a1fc-42a4-b5ce-4922820de60a: start LeaderElection
2019-10-18 14:30:34,079 [681edbc6-a1fc-42a4-b5ce-4922820de60a@group-FD33B9583E3C-LeaderElection124] INFO  impl.LeaderElection (LeaderElection.java:askForVotes(178)) - 681edbc6-a1fc-42a4-b5ce-4922820de60a@group-FD33B9583E3C-LeaderElection124: begin an election at term 121 for -1: [3ee7b367-7b16-44e1-99f8-43aefeda0876:192.168.164.233:46080, 681edbc6-a1fc-42a4-b5ce-4922820de60a:192.168.164.233:44267, 773cce60-eeca-4c1f-a5ec-70084be8b6b9:192.168.164.233:38729], old=null
2019-10-18 14:30:34,082 [grpc-default-executor-1] INFO  impl.RaftServerImpl (RaftServerImpl.java:setRole(184)) - 3ee7b367-7b16-44e1-99f8-43aefeda0876@group-FD33B9583E3C: changes role from  FOLLOWER to FOLLOWER at term 121 for recognizeCandidate:681edbc6-a1fc-42a4-b5ce-4922820de60a
2019-10-18 14:30:34,082 [grpc-default-executor-1] INFO  impl.RoleInfo (RoleInfo.java:shutdownFollowerState(121)) - 3ee7b367-7b16-44e1-99f8-43aefeda0876: shutdown FollowerState
2019-10-18 14:30:34,082 [grpc-default-executor-1] INFO  impl.RoleInfo (RoleInfo.java:updateAndGet(143)) - 3ee7b367-7b16-44e1-99f8-43aefeda0876: start FollowerState
2019-10-18 14:30:34,082 [Thread-1323] INFO  impl.FollowerState (FollowerState.java:run(117)) - 3ee7b367-7b16-44e1-99f8-43aefeda0876@group-FD33B9583E3C-FollowerState was interrupted: java.lang.InterruptedException: sleep interrupted
2019-10-18 14:30:34,085 [grpc-default-executor-5] INFO  impl.RaftServerImpl (RaftServerImpl.java:setRole(184)) - 773cce60-eeca-4c1f-a5ec-70084be8b6b9@group-FD33B9583E3C: changes role from  FOLLOWER to FOLLOWER at term 121 for recognizeCandidate:681edbc6-a1fc-42a4-b5ce-4922820de60a
2019-10-18 14:30:34,085 [grpc-default-executor-5] INFO  impl.RoleInfo (RoleInfo.java:shutdownFollowerState(121)) - 773cce60-eeca-4c1f-a5ec-70084be8b6b9: shutdown FollowerState
2019-10-18 14:30:34,086 [grpc-default-executor-5] INFO  impl.RoleInfo (RoleInfo.java:updateAndGet(143)) - 773cce60-eeca-4c1f-a5ec-70084be8b6b9: start FollowerState
2019-10-18 14:30:34,086 [Thread-1322] INFO  impl.FollowerState (FollowerState.java:run(117)) - 773cce60-eeca-4c1f-a5ec-70084be8b6b9@group-FD33B9583E3C-FollowerState was interrupted: java.lang.InterruptedException: sleep interrupted
2019-10-18 14:30:34,099 [681edbc6-a1fc-42a4-b5ce-4922820de60a@group-FD33B9583E3C-LeaderElection124] INFO  impl.LeaderElection (LeaderElection.java:logAndReturn(56)) - 681edbc6-a1fc-42a4-b5ce-4922820de60a@group-FD33B9583E3C-LeaderElection124: Election REJECTED; received 2 response(s) [681edbc6-a1fc-42a4-b5ce-4922820de60a<-3ee7b367-7b16-44e1-99f8-43aefeda0876#0:FAIL-t121, 681edbc6-a1fc-42a4-b5ce-4922820de60a<-773cce60-eeca-4c1f-a5ec-70084be8b6b9#0:FAIL-t121] and 0 exception(s); 681edbc6-a1fc-42a4-b5ce-4922820de60a@group-FD33B9583E3C:t121, leader=null, voted=681edbc6-a1fc-42a4-b5ce-4922820de60a, raftlog=681edbc6-a1fc-42a4-b5ce-4922820de60a@group-FD33B9583E3C-SegmentedRaftLog:OPENED:c-1,f-1,i0, conf=-1: [3ee7b367-7b16-44e1-99f8-43aefeda0876:192.168.164.233:46080, 681edbc6-a1fc-42a4-b5ce-4922820de60a:192.168.164.233:44267, 773cce60-eeca-4c1f-a5ec-70084be8b6b9:192.168.164.233:38729], old=null
2019-10-18 14:30:34,100 [681edbc6-a1fc-42a4-b5ce-4922820de60a@group-FD33B9583E3C-LeaderElection124] INFO  impl.RaftServerImpl (RaftServerImpl.java:setRole(184)) - 681edbc6-a1fc-42a4-b5ce-4922820de60a@group-FD33B9583E3C: changes role from CANDIDATE to FOLLOWER at term 121 for DISCOVERED_A_NEW_TERM
2019-10-18 14:30:34,100 [681edbc6-a1fc-42a4-b5ce-4922820de60a@group-FD33B9583E3C-LeaderElection124] INFO  impl.RoleInfo (RoleInfo.java:shutdownLeaderElection(134)) - 681edbc6-a1fc-42a4-b5ce-4922820de60a: shutdown LeaderElection
2019-10-18 14:30:34,100 [681edbc6-a1fc-42a4-b5ce-4922820de60a@group-FD33B9583E3C-LeaderElection124] INFO  impl.RoleInfo (RoleInfo.java:updateAndGet(143)) - 681edbc6-a1fc-42a4-b5ce-4922820de60a: start FollowerState
2019-10-18 14:30:34,225 [Thread-1332] INFO  impl.FollowerState (FollowerState.java:run(108)) - 681edbc6-a1fc-42a4-b5ce-4922820de60a@group-FD33B9583E3C-FollowerState: change to CANDIDATE, lastRpcTime:125ms, electionTimeout:125ms
2019-10-18 14:30:34,225 [Thread-1332] INFO  impl.RoleInfo (RoleInfo.java:shutdownFollowerState(121)) - 681edbc6-a1fc-42a4-b5ce-4922820de60a: shutdown FollowerState
2019-10-18 14:30:34,225 [Thread-1332] INFO  impl.RaftServerImpl (RaftServerImpl.java:setRole(184)) - 681edbc6-a1fc-42a4-b5ce-4922820de60a@group-FD33B9583E3C: changes role from  FOLLOWER to CANDIDATE at term 121 for changeToCandidate
2019-10-18 14:30:34,226 [Thread-1332] INFO  impl.RoleInfo (RoleInfo.java:updateAndGet(143)) - 681edbc6-a1fc-42a4-b5ce-4922820de60a: start LeaderElection
2019-10-18 14:30:34,239 [681edbc6-a1fc-42a4-b5ce-4922820de60a@group-FD33B9583E3C-LeaderElection125] INFO  impl.LeaderElection (LeaderElection.java:askForVotes(178)) - 681edbc6-a1fc-42a4-b5ce-4922820de60a@group-FD33B9583E3C-LeaderElection125: begin an election at term 122 for -1: [3ee7b367-7b16-44e1-99f8-43aefeda0876:192.168.164.233:46080, 681edbc6-a1fc-42a4-b5ce-4922820de60a:192.168.164.233:44267, 773cce60-eeca-4c1f-a5ec-70084be8b6b9:192.168.164.233:38729], old=null
2019-10-18 14:30:34,242 [grpc-default-executor-1] INFO  impl.RaftServerImpl (RaftServerImpl.java:setRole(184)) - 773cce60-eeca-4c1f-a5ec-70084be8b6b9@group-FD33B9583E3C: changes role from  FOLLOWER to FOLLOWER at term 122 for recognizeCandidate:681edbc6-a1fc-42a4-b5ce-4922820de60a
2019-10-18 14:30:34,243 [grpc-default-executor-1] INFO  impl.RoleInfo (RoleInfo.java:shutdownFollowerState(121)) - 773cce60-eeca-4c1f-a5ec-70084be8b6b9: shutdown FollowerState
2019-10-18 14:30:34,243 [grpc-default-executor-1] INFO  impl.RoleInfo (RoleInfo.java:updateAndGet(143)) - 773cce60-eeca-4c1f-a5ec-70084be8b6b9: start FollowerState
2019-10-18 14:30:34,243 [Thread-1331] INFO  impl.FollowerState (FollowerState.java:run(117)) - 773cce60-eeca-4c1f-a5ec-70084be8b6b9@group-FD33B9583E3C-FollowerState was interrupted: java.lang.InterruptedException: sleep interrupted
2019-10-18 14:30:34,244 [grpc-default-executor-5] INFO  impl.RaftServerImpl (RaftServerImpl.java:setRole(184)) - 3ee7b367-7b16-44e1-99f8-43aefeda0876@group-FD33B9583E3C: changes role from  FOLLOWER to FOLLOWER at term 122 for recognizeCandidate:681edbc6-a1fc-42a4-b5ce-4922820de60a
2019-10-18 14:30:34,244 [grpc-default-executor-5] INFO  impl.RoleInfo (RoleInfo.java:shutdownFollowerState(121)) - 3ee7b367-7b16-44e1-99f8-43aefeda0876: shutdown FollowerState
2019-10-18 14:30:34,245 [grpc-default-executor-5] INFO  impl.RoleInfo (RoleInfo.java:updateAndGet(143)) - 3ee7b367-7b16-44e1-99f8-43aefeda0876: start FollowerState
2019-10-18 14:30:34,245 [Thread-1330] INFO  impl.FollowerState (FollowerState.java:run(117)) - 3ee7b367-7b16-44e1-99f8-43aefeda0876@group-FD33B9583E3C-FollowerState was interrupted: java.lang.InterruptedException: sleep interrupted
2019-10-18 14:30:34,269 [681edbc6-a1fc-42a4-b5ce-4922820de60a@group-FD33B9583E3C-LeaderElection125] INFO  impl.LeaderElection (LeaderElection.java:logAndReturn(56)) - 681edbc6-a1fc-42a4-b5ce-4922820de60a@group-FD33B9583E3C-LeaderElection125: Election REJECTED; received 2 response(s) [681edbc6-a1fc-42a4-b5ce-4922820de60a<-3ee7b367-7b16-44e1-99f8-43aefeda0876#0:FAIL-t122, 681edbc6-a1fc-42a4-b5ce-4922820de60a<-773cce60-eeca-4c1f-a5ec-70084be8b6b9#0:FAIL-t122] and 0 exception(s); 681edbc6-a1fc-42a4-b5ce-4922820de60a@group-FD33B9583E3C:t122, leader=null, voted=681edbc6-a1fc-42a4-b5ce-4922820de60a, raftlog=681edbc6-a1fc-42a4-b5ce-4922820de60a@group-FD33B9583E3C-SegmentedRaftLog:OPENED:c-1,f-1,i0, conf=-1: [3ee7b367-7b16-44e1-99f8-43aefeda0876:192.168.164.233:46080, 681edbc6-a1fc-42a4-b5ce-4922820de60a:192.168.164.233:44267, 773cce60-eeca-4c1f-a5ec-70084be8b6b9:192.168.164.233:38729], old=null
2019-10-18 14:30:34,269 [681edbc6-a1fc-42a4-b5ce-4922820de60a@group-FD33B9583E3C-LeaderElection125] INFO  impl.RaftServerImpl (RaftServerImpl.java:setRole(184)) - 681edbc6-a1fc-42a4-b5ce-4922820de60a@group-FD33B9583E3C: changes role from CANDIDATE to FOLLOWER at term 122 for DISCOVERED_A_NEW_TERM
2019-10-18 14:30:34,269 [681edbc6-a1fc-42a4-b5ce-4922820de60a@group-FD33B9583E3C-LeaderElection125] INFO  impl.RoleInfo (RoleInfo.java:shutdownLeaderElection(134)) - 681edbc6-a1fc-42a4-b5ce-4922820de60a: shutdown LeaderElection
2019-10-18 14:30:34,269 [681edbc6-a1fc-42a4-b5ce-4922820de60a@group-FD33B9583E3C-LeaderElection125] INFO  impl.RoleInfo (RoleInfo.java:updateAndGet(143)) - 681edbc6-a1fc-42a4-b5ce-4922820de60a: start FollowerState
2019-10-18 14:30:34,338 [Thread-1340] INFO  impl.FollowerState (FollowerState.java:run(108)) - 681edbc6-a1fc-42a4-b5ce-4922820de60a@group-FD33B9583E3C-FollowerState: change to CANDIDATE, lastRpcTime:68ms, electionTimeout:68ms
2019-10-18 14:30:34,338 [Thread-1340] INFO  impl.RoleInfo (RoleInfo.java:shutdownFollowerState(121)) - 681edbc6-a1fc-42a4-b5ce-4922820de60a: shutdown FollowerState
2019-10-18 14:30:34,338 [Thread-1340] INFO  impl.RaftServerImpl (RaftServerImpl.java:setRole(184)) - 681edbc6-a1fc-42a4-b5ce-4922820de60a@group-FD33B9583E3C: changes role from  FOLLOWER to CANDIDATE at term 122 for changeToCandidate
2019-10-18 14:30:34,338 [Thread-1340] INFO  impl.RoleInfo (RoleInfo.java:updateAndGet(143)) - 681edbc6-a1fc-42a4-b5ce-4922820de60a: start LeaderElection
2019-10-18 14:30:34,342 [681edbc6-a1fc-42a4-b5ce-4922820de60a@group-FD33B9583E3C-LeaderElection126] INFO  impl.LeaderElection (LeaderElection.java:askForVotes(178)) - 681edbc6-a1fc-42a4-b5ce-4922820de60a@group-FD33B9583E3C-LeaderElection126: begin an election at term 123 for -1: [3ee7b367-7b16-44e1-99f8-43aefeda0876:192.168.164.233:46080, 681edbc6-a1fc-42a4-b5ce-4922820de60a:192.168.164.233:44267, 773cce60-eeca-4c1f-a5ec-70084be8b6b9:192.168.164.233:38729], old=null
2019-10-18 14:30:34,345 [grpc-default-executor-1] INFO  impl.RaftServerImpl (RaftServerImpl.java:setRole(184)) - 773cce60-eeca-4c1f-a5ec-70084be8b6b9@group-FD33B9583E3C: changes role from  FOLLOWER to FOLLOWER at term 123 for recognizeCandidate:681edbc6-a1fc-42a4-b5ce-4922820de60a
2019-10-18 14:30:34,345 [grpc-default-executor-1] INFO  impl.RoleInfo (RoleInfo.java:shutdownFollowerState(121)) - 773cce60-eeca-4c1f-a5ec-70084be8b6b9: shutdown FollowerState
2019-10-18 14:30:34,346 [grpc-default-executor-1] INFO  impl.RoleInfo (RoleInfo.java:updateAndGet(143)) - 773cce60-eeca-4c1f-a5ec-70084be8b6b9: start FollowerState
2019-10-18 14:30:34,346 [Thread-1338] INFO  impl.FollowerState (FollowerState.java:run(117)) - 773cce60-eeca-4c1f-a5ec-70084be8b6b9@group-FD33B9583E3C-FollowerState was interrupted: java.lang.InterruptedException: sleep interrupted
2019-10-18 14:30:34,350 [grpc-default-executor-5] INFO  impl.RaftServerImpl (RaftServerImpl.java:setRole(184)) - 3ee7b367-7b16-44e1-99f8-43aefeda0876@group-FD33B9583E3C: changes role from  FOLLOWER to FOLLOWER at term 123 for recognizeCandidate:681edbc6-a1fc-42a4-b5ce-4922820de60a
2019-10-18 14:30:34,350 [grpc-default-executor-5] INFO  impl.RoleInfo (RoleInfo.java:shutdownFollowerState(121)) - 3ee7b367-7b16-44e1-99f8-43aefeda0876: shutdown FollowerState
2019-10-18 14:30:34,351 [grpc-default-executor-5] INFO  impl.RoleInfo (RoleInfo.java:updateAndGet(143)) - 3ee7b367-7b16-44e1-99f8-43aefeda0876: start FollowerState
2019-10-18 14:30:34,351 [Thread-1339] INFO  impl.FollowerState (FollowerState.java:run(117)) - 3ee7b367-7b16-44e1-99f8-43aefeda0876@group-FD33B9583E3C-FollowerState was interrupted: java.lang.InterruptedException: sleep interrupted
2019-10-18 14:30:34,360 [681edbc6-a1fc-42a4-b5ce-4922820de60a@group-FD33B9583E3C-LeaderElection126] INFO  impl.LeaderElection (LeaderElection.java:logAndReturn(56)) - 681edbc6-a1fc-42a4-b5ce-4922820de60a@group-FD33B9583E3C-LeaderElection126: Election REJECTED; received 2 response(s) [681edbc6-a1fc-42a4-b5ce-4922820de60a<-3ee7b367-7b16-44e1-99f8-43aefeda0876#0:FAIL-t123, 681edbc6-a1fc-42a4-b5ce-4922820de60a<-773cce60-eeca-4c1f-a5ec-70084be8b6b9#0:FAIL-t123] and 0 exception(s); 681edbc6-a1fc-42a4-b5ce-4922820de60a@group-FD33B9583E3C:t123, leader=null, voted=681edbc6-a1fc-42a4-b5ce-4922820de60a, raftlog=681edbc6-a1fc-42a4-b5ce-4922820de60a@group-FD33B9583E3C-SegmentedRaftLog:OPENED:c-1,f-1,i0, conf=-1: [3ee7b367-7b16-44e1-99f8-43aefeda0876:192.168.164.233:46080, 681edbc6-a1fc-42a4-b5ce-4922820de60a:192.168.164.233:44267, 773cce60-eeca-4c1f-a5ec-70084be8b6b9:192.168.164.233:38729], old=null
2019-10-18 14:30:34,361 [681edbc6-a1fc-42a4-b5ce-4922820de60a@group-FD33B9583E3C-LeaderElection126] INFO  impl.RaftServerImpl (RaftServerImpl.java:setRole(184)) - 681edbc6-a1fc-42a4-b5ce-4922820de60a@group-FD33B9583E3C: changes role from CANDIDATE to FOLLOWER at term 123 for DISCOVERED_A_NEW_TERM
2019-10-18 14:30:34,361 [681edbc6-a1fc-42a4-b5ce-4922820de60a@group-FD33B9583E3C-LeaderElection126] INFO  impl.RoleInfo (RoleInfo.java:shutdownLeaderElection(134)) - 681edbc6-a1fc-42a4-b5ce-4922820de60a: shutdown LeaderElection
2019-10-18 14:30:34,361 [681edbc6-a1fc-42a4-b5ce-4922820de60a@group-FD33B9583E3C-LeaderElection126] INFO  impl.RoleInfo (RoleInfo.java:updateAndGet(143)) - 681edbc6-a1fc-42a4-b5ce-4922820de60a: start FollowerState
2019-10-18 14:30:34,364 [Thread-1346] INFO  impl.FollowerState (FollowerState.java:run(108)) - 681edbc6-a1fc-42a4-b5ce-4922820de60a@group-FD33B9583E3C-FollowerState: change to CANDIDATE, lastRpcTime:3ms, electionTimeout:3ms
2019-10-18 14:30:34,364 [Thread-1346] INFO  impl.RoleInfo (RoleInfo.java:shutdownFollowerState(121)) - 681edbc6-a1fc-42a4-b5ce-4922820de60a: shutdown FollowerState
2019-10-18 14:30:34,365 [Thread-1346] INFO  impl.RaftServerImpl (RaftServerImpl.java:setRole(184)) - 681edbc6-a1fc-42a4-b5ce-4922820de60a@group-FD33B9583E3C: changes role from  FOLLOWER to CANDIDATE at term 123 for changeToCandidate
2019-10-18 14:30:34,365 [Thread-1346] INFO  impl.RoleInfo (RoleInfo.java:updateAndGet(143)) - 681edbc6-a1fc-42a4-b5ce-4922820de60a: start LeaderElection
2019-10-18 14:30:34,378 [681edbc6-a1fc-42a4-b5ce-4922820de60a@group-FD33B9583E3C-LeaderElection127] INFO  impl.LeaderElection (LeaderElection.java:askForVotes(178)) - 681edbc6-a1fc-42a4-b5ce-4922820de60a@group-FD33B9583E3C-LeaderElection127: begin an election at term 124 for -1: [3ee7b367-7b16-44e1-99f8-43aefeda0876:192.168.164.233:46080, 681edbc6-a1fc-42a4-b5ce-4922820de60a:192.168.164.233:44267, 773cce60-eeca-4c1f-a5ec-70084be8b6b9:192.168.164.233:38729], old=null
2019-10-18 14:30:34,380 [grpc-default-executor-1] INFO  impl.RaftServerImpl (RaftServerImpl.java:setRole(184)) - 773cce60-eeca-4c1f-a5ec-70084be8b6b9@group-FD33B9583E3C: changes role from  FOLLOWER to FOLLOWER at term 124 for recognizeCandidate:681edbc6-a1fc-42a4-b5ce-4922820de60a
2019-10-18 14:30:34,380 [grpc-default-executor-5] INFO  impl.RaftServerImpl (RaftServerImpl.java:setRole(184)) - 3ee7b367-7b16-44e1-99f8-43aefeda0876@group-FD33B9583E3C: changes role from  FOLLOWER to FOLLOWER at term 124 for recognizeCandidate:681edbc6-a1fc-42a4-b5ce-4922820de60a
2019-10-18 14:30:34,380 [grpc-default-executor-1] INFO  impl.RoleInfo (RoleInfo.java:shutdownFollowerState(121)) - 773cce60-eeca-4c1f-a5ec-70084be8b6b9: shutdown FollowerState
2019-10-18 14:30:34,381 [grpc-default-executor-5] INFO  impl.RoleInfo (RoleInfo.java:shutdownFollowerState(121)) - 3ee7b367-7b16-44e1-99f8-43aefeda0876: shutdown FollowerState
2019-10-18 14:30:34,381 [Thread-1344] INFO  impl.FollowerState (FollowerState.java:run(117)) - 773cce60-eeca-4c1f-a5ec-70084be8b6b9@group-FD33B9583E3C-FollowerState was interrupted: java.lang.InterruptedException: sleep interrupted
2019-10-18 14:30:34,381 [Thread-1345] INFO  impl.FollowerState (FollowerState.java:run(117)) - 3ee7b367-7b16-44e1-99f8-43aefeda0876@group-FD33B9583E3C-FollowerState was interrupted: java.lang.InterruptedException: sleep interrupted
2019-10-18 14:30:34,381 [grpc-default-executor-1] INFO  impl.RoleInfo (RoleInfo.java:updateAndGet(143)) - 773cce60-eeca-4c1f-a5ec-70084be8b6b9: start FollowerState
2019-10-18 14:30:34,381 [grpc-default-executor-5] INFO  impl.RoleInfo (RoleInfo.java:updateAndGet(143)) - 3ee7b367-7b16-44e1-99f8-43aefeda0876: start FollowerState
2019-10-18 14:30:34,396 [681edbc6-a1fc-42a4-b5ce-4922820de60a@group-FD33B9583E3C-LeaderElection127] INFO  impl.LeaderElection (LeaderElection.java:logAndReturn(56)) - 681edbc6-a1fc-42a4-b5ce-4922820de60a@group-FD33B9583E3C-LeaderElection127: Election REJECTED; received 2 response(s) [681edbc6-a1fc-42a4-b5ce-4922820de60a<-3ee7b367-7b16-44e1-99f8-43aefeda0876#0:FAIL-t124, 681edbc6-a1fc-42a4-b5ce-4922820de60a<-773cce60-eeca-4c1f-a5ec-70084be8b6b9#0:FAIL-t124] and 0 exception(s); 681edbc6-a1fc-42a4-b5ce-4922820de60a@group-FD33B9583E3C:t124, leader=null, voted=681edbc6-a1fc-42a4-b5ce-4922820de60a, raftlog=681edbc6-a1fc-42a4-b5ce-4922820de60a@group-FD33B9583E3C-SegmentedRaftLog:OPENED:c-1,f-1,i0, conf=-1: [3ee7b367-7b16-44e1-99f8-43aefeda0876:192.168.164.233:46080, 681edbc6-a1fc-42a4-b5ce-4922820de60a:192.168.164.233:44267, 773cce60-eeca-4c1f-a5ec-70084be8b6b9:192.168.164.233:38729], old=null
2019-10-18 14:30:34,396 [681edbc6-a1fc-42a4-b5ce-4922820de60a@group-FD33B9583E3C-LeaderElection127] INFO  impl.RaftServerImpl (RaftServerImpl.java:setRole(184)) - 681edbc6-a1fc-42a4-b5ce-4922820de60a@group-FD33B9583E3C: changes role from CANDIDATE to FOLLOWER at term 124 for DISCOVERED_A_NEW_TERM
2019-10-18 14:30:34,396 [681edbc6-a1fc-42a4-b5ce-4922820de60a@group-FD33B9583E3C-LeaderElection127] INFO  impl.RoleInfo (RoleInfo.java:shutdownLeaderElection(134)) - 681edbc6-a1fc-42a4-b5ce-4922820de60a: shutdown LeaderElection
2019-10-18 14:30:34,396 [681edbc6-a1fc-42a4-b5ce-4922820de60a@group-FD33B9583E3C-LeaderElection127] INFO  impl.RoleInfo (RoleInfo.java:updateAndGet(143)) - 681edbc6-a1fc-42a4-b5ce-4922820de60a: start FollowerState
2019-10-18 14:30:34,513 [main] INFO  ozoneimpl.OzoneContainer (OzoneContainer.java:stop(227)) - Attempting to stop container services.
2019-10-18 14:30:34,513 [ForkJoinPool.commonPool-worker-0] INFO  ozoneimpl.OzoneContainer (OzoneContainer.java:stop(227)) - Attempting to stop container services.
2019-10-18 14:30:34,514 [main] INFO  impl.RaftServerProxy (RaftServerProxy.java:lambda$close$4(314)) - a4757974-e77e-4a1a-a400-c32fe273093a: close
2019-10-18 14:30:34,514 [ForkJoinPool.commonPool-worker-0] INFO  impl.RaftServerProxy (RaftServerProxy.java:lambda$close$4(314)) - 55013cf6-f41f-4339-a52c-06c119893914: close
2019-10-18 14:30:34,515 [main] INFO  impl.RaftServerImpl (RaftServerImpl.java:lambda$shutdown$3(261)) - a4757974-e77e-4a1a-a400-c32fe273093a@group-61E1BE43792C: shutdown
2019-10-18 14:30:34,515 [ForkJoinPool.commonPool-worker-0] INFO  impl.RaftServerImpl (RaftServerImpl.java:lambda$shutdown$3(261)) - 55013cf6-f41f-4339-a52c-06c119893914@group-86E036B6E025: shutdown
2019-10-18 14:30:34,515 [main] INFO  util.JmxRegister (JmxRegister.java:unregister(73)) - Successfully un-registered JMX Bean with object name Ratis:service=RaftServer,group=group-61E1BE43792C,id=a4757974-e77e-4a1a-a400-c32fe273093a
2019-10-18 14:30:34,516 [ForkJoinPool.commonPool-worker-0] INFO  util.JmxRegister (JmxRegister.java:unregister(73)) - Successfully un-registered JMX Bean with object name Ratis:service=RaftServer,group=group-86E036B6E025,id=55013cf6-f41f-4339-a52c-06c119893914
2019-10-18 14:30:34,516 [main] INFO  impl.RoleInfo (RoleInfo.java:shutdownLeaderState(104)) - a4757974-e77e-4a1a-a400-c32fe273093a: shutdown LeaderState
2019-10-18 14:30:34,516 [ForkJoinPool.commonPool-worker-0] INFO  impl.RoleInfo (RoleInfo.java:shutdownLeaderState(104)) - 55013cf6-f41f-4339-a52c-06c119893914: shutdown LeaderState
2019-10-18 14:30:34,516 [main] INFO  impl.PendingRequests (PendingRequests.java:sendNotLeaderResponses(202)) - a4757974-e77e-4a1a-a400-c32fe273093a@group-61E1BE43792C-PendingRequests: sendNotLeaderResponses
2019-10-18 14:30:34,516 [ForkJoinPool.commonPool-worker-0] INFO  impl.PendingRequests (PendingRequests.java:sendNotLeaderResponses(202)) - 55013cf6-f41f-4339-a52c-06c119893914@group-86E036B6E025-PendingRequests: sendNotLeaderResponses
2019-10-18 14:30:34,517 [main] INFO  impl.StateMachineUpdater (StateMachineUpdater.java:stopAndJoin(136)) - a4757974-e77e-4a1a-a400-c32fe273093a@group-61E1BE43792C-StateMachineUpdater: set stopIndex = 0
2019-10-18 14:30:34,517 [ForkJoinPool.commonPool-worker-0] INFO  impl.StateMachineUpdater (StateMachineUpdater.java:stopAndJoin(136)) - 55013cf6-f41f-4339-a52c-06c119893914@group-86E036B6E025-StateMachineUpdater: set stopIndex = 0
2019-10-18 14:30:34,520 [main] INFO  impl.RaftServerImpl (ServerState.java:close(388)) - a4757974-e77e-4a1a-a400-c32fe273093a@group-61E1BE43792C: closes. applyIndex: 0
2019-10-18 14:30:34,520 [ForkJoinPool.commonPool-worker-0] INFO  impl.RaftServerImpl (ServerState.java:close(388)) - 55013cf6-f41f-4339-a52c-06c119893914@group-86E036B6E025: closes. applyIndex: 0
2019-10-18 14:30:34,521 [55013cf6-f41f-4339-a52c-06c119893914@group-86E036B6E025-SegmentedRaftLogWorker] INFO  segmented.SegmentedRaftLogWorker (SegmentedRaftLogWorker.java:run(316)) - 55013cf6-f41f-4339-a52c-06c119893914@group-86E036B6E025-SegmentedRaftLogWorker was interrupted, exiting. There are 0 tasks remaining in the queue.
2019-10-18 14:30:34,521 [a4757974-e77e-4a1a-a400-c32fe273093a@group-61E1BE43792C-SegmentedRaftLogWorker] INFO  segmented.SegmentedRaftLogWorker (SegmentedRaftLogWorker.java:run(316)) - a4757974-e77e-4a1a-a400-c32fe273093a@group-61E1BE43792C-SegmentedRaftLogWorker was interrupted, exiting. There are 0 tasks remaining in the queue.
2019-10-18 14:30:34,525 [ForkJoinPool.commonPool-worker-0] INFO  segmented.SegmentedRaftLogWorker (SegmentedRaftLogWorker.java:close(224)) - 55013cf6-f41f-4339-a52c-06c119893914@group-86E036B6E025-SegmentedRaftLogWorker close()
2019-10-18 14:30:34,525 [main] INFO  segmented.SegmentedRaftLogWorker (SegmentedRaftLogWorker.java:close(224)) - a4757974-e77e-4a1a-a400-c32fe273093a@group-61E1BE43792C-SegmentedRaftLogWorker close()
2019-10-18 14:30:34,529 [ForkJoinPool.commonPool-worker-0] INFO  impl.RaftServerImpl (RaftServerImpl.java:lambda$shutdown$3(261)) - 55013cf6-f41f-4339-a52c-06c119893914@group-45DBFE4B8A65: shutdown
2019-10-18 14:30:34,530 [main] INFO  impl.RaftServerImpl (RaftServerImpl.java:lambda$shutdown$3(261)) - a4757974-e77e-4a1a-a400-c32fe273093a@group-45DBFE4B8A65: shutdown
2019-10-18 14:30:34,530 [ForkJoinPool.commonPool-worker-0] INFO  util.JmxRegister (JmxRegister.java:unregister(73)) - Successfully un-registered JMX Bean with object name Ratis:service=RaftServer,group=group-45DBFE4B8A65,id=55013cf6-f41f-4339-a52c-06c119893914
2019-10-18 14:30:34,530 [main] INFO  util.JmxRegister (JmxRegister.java:unregister(73)) - Successfully un-registered JMX Bean with object name Ratis:service=RaftServer,group=group-45DBFE4B8A65,id=a4757974-e77e-4a1a-a400-c32fe273093a
2019-10-18 14:30:34,530 [ForkJoinPool.commonPool-worker-0] INFO  impl.RoleInfo (RoleInfo.java:shutdownFollowerState(121)) - 55013cf6-f41f-4339-a52c-06c119893914: shutdown FollowerState
2019-10-18 14:30:34,530 [main] INFO  impl.RoleInfo (RoleInfo.java:shutdownFollowerState(121)) - a4757974-e77e-4a1a-a400-c32fe273093a: shutdown FollowerState
2019-10-18 14:30:34,531 [Thread-372] INFO  impl.FollowerState (FollowerState.java:run(117)) - 55013cf6-f41f-4339-a52c-06c119893914@group-45DBFE4B8A65-FollowerState was interrupted: java.lang.InterruptedException: sleep interrupted
2019-10-18 14:30:34,531 [55013cf6-f41f-4339-a52c-06c119893914@group-45DBFE4B8A65-StateMachineUpdater] INFO  ratis.ContainerStateMachine (ContainerStateMachine.java:takeSnapshot(294)) - group-45DBFE4B8A65: Taking a snapshot at:(t:3, i:3) file /workdir/hadoop-ozone/integration-test/target/test-dir/MiniOzoneClusterImpl-11a902be-dfbe-4759-94b9-65959d8d71e6/datanode-2/data/ratis/d4e1982b-9b6d-4ec0-8b58-45dbfe4b8a65/sm/snapshot.3_3
2019-10-18 14:30:34,531 [main] INFO  impl.StateMachineUpdater (StateMachineUpdater.java:stopAndJoin(136)) - a4757974-e77e-4a1a-a400-c32fe273093a@group-45DBFE4B8A65-StateMachineUpdater: set stopIndex = 4
2019-10-18 14:30:34,531 [a4757974-e77e-4a1a-a400-c32fe273093a@group-45DBFE4B8A65-StateMachineUpdater] INFO  ratis.ContainerStateMachine (ContainerStateMachine.java:takeSnapshot(294)) - group-45DBFE4B8A65: Taking a snapshot at:(t:3, i:3) file /workdir/hadoop-ozone/integration-test/target/test-dir/MiniOzoneClusterImpl-11a902be-dfbe-4759-94b9-65959d8d71e6/datanode-5/data/ratis/d4e1982b-9b6d-4ec0-8b58-45dbfe4b8a65/sm/snapshot.3_3
2019-10-18 14:30:34,531 [Thread-375] INFO  impl.FollowerState (FollowerState.java:run(117)) - a4757974-e77e-4a1a-a400-c32fe273093a@group-45DBFE4B8A65-FollowerState was interrupted: java.lang.InterruptedException: sleep interrupted
2019-10-18 14:30:34,532 [ForkJoinPool.commonPool-worker-0] INFO  impl.StateMachineUpdater (StateMachineUpdater.java:stopAndJoin(136)) - 55013cf6-f41f-4339-a52c-06c119893914@group-45DBFE4B8A65-StateMachineUpdater: set stopIndex = 4
2019-10-18 14:30:34,715 [Thread-1352] INFO  impl.FollowerState (FollowerState.java:run(108)) - 681edbc6-a1fc-42a4-b5ce-4922820de60a@group-FD33B9583E3C-FollowerState: change to CANDIDATE, lastRpcTime:318ms, electionTimeout:157ms
2019-10-18 14:30:34,715 [Thread-1352] INFO  impl.RoleInfo (RoleInfo.java:shutdownFollowerState(121)) - 681edbc6-a1fc-42a4-b5ce-4922820de60a: shutdown FollowerState
2019-10-18 14:30:34,715 [Thread-1352] INFO  impl.RaftServerImpl (RaftServerImpl.java:setRole(184)) - 681edbc6-a1fc-42a4-b5ce-4922820de60a@group-FD33B9583E3C: changes role from  FOLLOWER to CANDIDATE at term 124 for changeToCandidate
2019-10-18 14:30:34,715 [Thread-1352] INFO  impl.RoleInfo (RoleInfo.java:updateAndGet(143)) - 681edbc6-a1fc-42a4-b5ce-4922820de60a: start LeaderElection
2019-10-18 14:30:34,729 [55013cf6-f41f-4339-a52c-06c119893914@group-45DBFE4B8A65-StateMachineUpdater] INFO  ratis.ContainerStateMachine (ContainerStateMachine.java:takeSnapshot(305)) - group-45DBFE4B8A65: Finished taking a snapshot at:(t:3, i:3) file:/workdir/hadoop-ozone/integration-test/target/test-dir/MiniOzoneClusterImpl-11a902be-dfbe-4759-94b9-65959d8d71e6/datanode-2/data/ratis/d4e1982b-9b6d-4ec0-8b58-45dbfe4b8a65/sm/snapshot.3_3 time:198
2019-10-18 14:30:34,729 [681edbc6-a1fc-42a4-b5ce-4922820de60a@group-FD33B9583E3C-LeaderElection128] INFO  impl.LeaderElection (LeaderElection.java:askForVotes(178)) - 681edbc6-a1fc-42a4-b5ce-4922820de60a@group-FD33B9583E3C-LeaderElection128: begin an election at term 125 for -1: [3ee7b367-7b16-44e1-99f8-43aefeda0876:192.168.164.233:46080, 681edbc6-a1fc-42a4-b5ce-4922820de60a:192.168.164.233:44267, 773cce60-eeca-4c1f-a5ec-70084be8b6b9:192.168.164.233:38729], old=null
2019-10-18 14:30:34,729 [a4757974-e77e-4a1a-a400-c32fe273093a@group-45DBFE4B8A65-StateMachineUpdater] INFO  ratis.ContainerStateMachine (ContainerStateMachine.java:takeSnapshot(305)) - group-45DBFE4B8A65: Finished taking a snapshot at:(t:3, i:3) file:/workdir/hadoop-ozone/integration-test/target/test-dir/MiniOzoneClusterImpl-11a902be-dfbe-4759-94b9-65959d8d71e6/datanode-5/data/ratis/d4e1982b-9b6d-4ec0-8b58-45dbfe4b8a65/sm/snapshot.3_3 time:198
2019-10-18 14:30:34,731 [55013cf6-f41f-4339-a52c-06c119893914@group-45DBFE4B8A65-StateMachineUpdater] INFO  impl.StateMachineUpdater (StateMachineUpdater.java:takeSnapshot(269)) - 55013cf6-f41f-4339-a52c-06c119893914@group-45DBFE4B8A65-StateMachineUpdater: Took a snapshot at index 3
2019-10-18 14:30:34,731 [a4757974-e77e-4a1a-a400-c32fe273093a@group-45DBFE4B8A65-StateMachineUpdater] INFO  impl.StateMachineUpdater (StateMachineUpdater.java:takeSnapshot(269)) - a4757974-e77e-4a1a-a400-c32fe273093a@group-45DBFE4B8A65-StateMachineUpdater: Took a snapshot at index 3
2019-10-18 14:30:34,731 [55013cf6-f41f-4339-a52c-06c119893914@group-45DBFE4B8A65-StateMachineUpdater] INFO  impl.StateMachineUpdater (StateMachineUpdater.java:lambda$new$0(84)) - 55013cf6-f41f-4339-a52c-06c119893914@group-45DBFE4B8A65-StateMachineUpdater: snapshotIndex: updateIncreasingly -1 -> 3
2019-10-18 14:30:34,731 [a4757974-e77e-4a1a-a400-c32fe273093a@group-45DBFE4B8A65-StateMachineUpdater] INFO  impl.StateMachineUpdater (StateMachineUpdater.java:lambda$new$0(84)) - a4757974-e77e-4a1a-a400-c32fe273093a@group-45DBFE4B8A65-StateMachineUpdater: snapshotIndex: updateIncreasingly -1 -> 3
2019-10-18 14:30:34,731 [grpc-default-executor-1] INFO  impl.RaftServerImpl (RaftServerImpl.java:setRole(184)) - 3ee7b367-7b16-44e1-99f8-43aefeda0876@group-FD33B9583E3C: changes role from  FOLLOWER to FOLLOWER at term 125 for recognizeCandidate:681edbc6-a1fc-42a4-b5ce-4922820de60a
2019-10-18 14:30:34,731 [grpc-default-executor-5] INFO  impl.RaftServerImpl (RaftServerImpl.java:setRole(184)) - 773cce60-eeca-4c1f-a5ec-70084be8b6b9@group-FD33B9583E3C: changes role from  FOLLOWER to FOLLOWER at term 125 for recognizeCandidate:681edbc6-a1fc-42a4-b5ce-4922820de60a
2019-10-18 14:30:34,731 [grpc-default-executor-1] INFO  impl.RoleInfo (RoleInfo.java:shutdownFollowerState(121)) - 3ee7b367-7b16-44e1-99f8-43aefeda0876: shutdown FollowerState
2019-10-18 14:30:34,731 [grpc-default-executor-5] INFO  impl.RoleInfo (RoleInfo.java:shutdownFollowerState(121)) - 773cce60-eeca-4c1f-a5ec-70084be8b6b9: shutdown FollowerState
2019-10-18 14:30:34,731 [Thread-1351] INFO  impl.FollowerState (FollowerState.java:run(117)) - 3ee7b367-7b16-44e1-99f8-43aefeda0876@group-FD33B9583E3C-FollowerState was interrupted: java.lang.InterruptedException: sleep interrupted
2019-10-18 14:30:34,731 [grpc-default-executor-1] INFO  impl.RoleInfo (RoleInfo.java:updateAndGet(143)) - 3ee7b367-7b16-44e1-99f8-43aefeda0876: start FollowerState
2019-10-18 14:30:34,731 [Thread-1350] INFO  impl.FollowerState (FollowerState.java:run(117)) - 773cce60-eeca-4c1f-a5ec-70084be8b6b9@group-FD33B9583E3C-FollowerState was interrupted: java.lang.InterruptedException: sleep interrupted
2019-10-18 14:30:34,731 [grpc-default-executor-5] INFO  impl.RoleInfo (RoleInfo.java:updateAndGet(143)) - 773cce60-eeca-4c1f-a5ec-70084be8b6b9: start FollowerState
2019-10-18 14:30:34,736 [55013cf6-f41f-4339-a52c-06c119893914@group-45DBFE4B8A65-StateMachineUpdater] INFO  ratis.ContainerStateMachine (ContainerStateMachine.java:takeSnapshot(294)) - group-45DBFE4B8A65: Taking a snapshot at:(t:3, i:3) file /workdir/hadoop-ozone/integration-test/target/test-dir/MiniOzoneClusterImpl-11a902be-dfbe-4759-94b9-65959d8d71e6/datanode-2/data/ratis/d4e1982b-9b6d-4ec0-8b58-45dbfe4b8a65/sm/snapshot.3_3
2019-10-18 14:30:34,736 [a4757974-e77e-4a1a-a400-c32fe273093a@group-45DBFE4B8A65-StateMachineUpdater] INFO  ratis.ContainerStateMachine (ContainerStateMachine.java:takeSnapshot(294)) - group-45DBFE4B8A65: Taking a snapshot at:(t:3, i:3) file /workdir/hadoop-ozone/integration-test/target/test-dir/MiniOzoneClusterImpl-11a902be-dfbe-4759-94b9-65959d8d71e6/datanode-5/data/ratis/d4e1982b-9b6d-4ec0-8b58-45dbfe4b8a65/sm/snapshot.3_3
2019-10-18 14:30:34,751 [a4757974-e77e-4a1a-a400-c32fe273093a@group-45DBFE4B8A65-StateMachineUpdater] INFO  ratis.ContainerStateMachine (ContainerStateMachine.java:takeSnapshot(305)) - group-45DBFE4B8A65: Finished taking a snapshot at:(t:3, i:3) file:/workdir/hadoop-ozone/integration-test/target/test-dir/MiniOzoneClusterImpl-11a902be-dfbe-4759-94b9-65959d8d71e6/datanode-5/data/ratis/d4e1982b-9b6d-4ec0-8b58-45dbfe4b8a65/sm/snapshot.3_3 time:16
2019-10-18 14:30:34,751 [55013cf6-f41f-4339-a52c-06c119893914@group-45DBFE4B8A65-StateMachineUpdater] INFO  ratis.ContainerStateMachine (ContainerStateMachine.java:takeSnapshot(305)) - group-45DBFE4B8A65: Finished taking a snapshot at:(t:3, i:3) file:/workdir/hadoop-ozone/integration-test/target/test-dir/MiniOzoneClusterImpl-11a902be-dfbe-4759-94b9-65959d8d71e6/datanode-2/data/ratis/d4e1982b-9b6d-4ec0-8b58-45dbfe4b8a65/sm/snapshot.3_3 time:16
2019-10-18 14:30:34,752 [a4757974-e77e-4a1a-a400-c32fe273093a@group-45DBFE4B8A65-StateMachineUpdater] INFO  impl.StateMachineUpdater (StateMachineUpdater.java:takeSnapshot(269)) - a4757974-e77e-4a1a-a400-c32fe273093a@group-45DBFE4B8A65-StateMachineUpdater: Took a snapshot at index 3
2019-10-18 14:30:34,752 [a4757974-e77e-4a1a-a400-c32fe273093a@group-45DBFE4B8A65-StateMachineUpdater] INFO  impl.StateMachineUpdater (StateMachineUpdater.java:lambda$new$0(84)) - a4757974-e77e-4a1a-a400-c32fe273093a@group-45DBFE4B8A65-StateMachineUpdater: snapshotIndex: updateIncreasingly 3 -> 3
2019-10-18 14:30:34,752 [55013cf6-f41f-4339-a52c-06c119893914@group-45DBFE4B8A65-StateMachineUpdater] INFO  impl.StateMachineUpdater (StateMachineUpdater.java:takeSnapshot(269)) - 55013cf6-f41f-4339-a52c-06c119893914@group-45DBFE4B8A65-StateMachineUpdater: Took a snapshot at index 3
2019-10-18 14:30:34,752 [55013cf6-f41f-4339-a52c-06c119893914@group-45DBFE4B8A65-StateMachineUpdater] INFO  impl.StateMachineUpdater (StateMachineUpdater.java:lambda$new$0(84)) - 55013cf6-f41f-4339-a52c-06c119893914@group-45DBFE4B8A65-StateMachineUpdater: snapshotIndex: updateIncreasingly 3 -> 3
2019-10-18 14:30:34,752 [main] INFO  impl.RaftServerImpl (ServerState.java:close(388)) - a4757974-e77e-4a1a-a400-c32fe273093a@group-45DBFE4B8A65: closes. applyIndex: 4
2019-10-18 14:30:34,752 [681edbc6-a1fc-42a4-b5ce-4922820de60a@group-FD33B9583E3C-LeaderElection128] INFO  impl.LeaderElection (LeaderElection.java:logAndReturn(56)) - 681edbc6-a1fc-42a4-b5ce-4922820de60a@group-FD33B9583E3C-LeaderElection128: Election REJECTED; received 2 response(s) [681edbc6-a1fc-42a4-b5ce-4922820de60a<-3ee7b367-7b16-44e1-99f8-43aefeda0876#0:FAIL-t125, 681edbc6-a1fc-42a4-b5ce-4922820de60a<-773cce60-eeca-4c1f-a5ec-70084be8b6b9#0:FAIL-t125] and 0 exception(s); 681edbc6-a1fc-42a4-b5ce-4922820de60a@group-FD33B9583E3C:t125, leader=null, voted=681edbc6-a1fc-42a4-b5ce-4922820de60a, raftlog=681edbc6-a1fc-42a4-b5ce-4922820de60a@group-FD33B9583E3C-SegmentedRaftLog:OPENED:c-1,f-1,i0, conf=-1: [3ee7b367-7b16-44e1-99f8-43aefeda0876:192.168.164.233:46080, 681edbc6-a1fc-42a4-b5ce-4922820de60a:192.168.164.233:44267, 773cce60-eeca-4c1f-a5ec-70084be8b6b9:192.168.164.233:38729], old=null
2019-10-18 14:30:34,752 [ForkJoinPool.commonPool-worker-0] INFO  impl.RaftServerImpl (ServerState.java:close(388)) - 55013cf6-f41f-4339-a52c-06c119893914@group-45DBFE4B8A65: closes. applyIndex: 4
2019-10-18 14:30:34,753 [a4757974-e77e-4a1a-a400-c32fe273093a@group-45DBFE4B8A65-SegmentedRaftLogWorker] INFO  segmented.SegmentedRaftLogWorker (SegmentedRaftLogWorker.java:run(316)) - a4757974-e77e-4a1a-a400-c32fe273093a@group-45DBFE4B8A65-SegmentedRaftLogWorker was interrupted, exiting. There are 0 tasks remaining in the queue.
2019-10-18 14:30:34,753 [681edbc6-a1fc-42a4-b5ce-4922820de60a@group-FD33B9583E3C-LeaderElection128] INFO  impl.RaftServerImpl (RaftServerImpl.java:setRole(184)) - 681edbc6-a1fc-42a4-b5ce-4922820de60a@group-FD33B9583E3C: changes role from CANDIDATE to FOLLOWER at term 125 for DISCOVERED_A_NEW_TERM
2019-10-18 14:30:34,753 [55013cf6-f41f-4339-a52c-06c119893914@group-45DBFE4B8A65-SegmentedRaftLogWorker] INFO  segmented.SegmentedRaftLogWorker (SegmentedRaftLogWorker.java:run(316)) - 55013cf6-f41f-4339-a52c-06c119893914@group-45DBFE4B8A65-SegmentedRaftLogWorker was interrupted, exiting. There are 0 tasks remaining in the queue.
2019-10-18 14:30:34,756 [main] INFO  segmented.SegmentedRaftLogWorker (SegmentedRaftLogWorker.java:close(224)) - a4757974-e77e-4a1a-a400-c32fe273093a@group-45DBFE4B8A65-SegmentedRaftLogWorker close()
2019-10-18 14:30:34,756 [681edbc6-a1fc-42a4-b5ce-4922820de60a@group-FD33B9583E3C-LeaderElection128] INFO  impl.RoleInfo (RoleInfo.java:shutdownLeaderElection(134)) - 681edbc6-a1fc-42a4-b5ce-4922820de60a: shutdown LeaderElection
2019-10-18 14:30:34,758 [ForkJoinPool.commonPool-worker-0] INFO  segmented.SegmentedRaftLogWorker (SegmentedRaftLogWorker.java:close(224)) - 55013cf6-f41f-4339-a52c-06c119893914@group-45DBFE4B8A65-SegmentedRaftLogWorker close()
2019-10-18 14:30:34,762 [main] INFO  server.GrpcService (GrpcService.java:closeImpl(164)) - a4757974-e77e-4a1a-a400-c32fe273093a: shutdown server with port 41244 now
2019-10-18 14:30:34,764 [ForkJoinPool.commonPool-worker-0] INFO  server.GrpcService (GrpcService.java:closeImpl(164)) - 55013cf6-f41f-4339-a52c-06c119893914: shutdown server with port 44977 now
2019-10-18 14:30:34,762 [681edbc6-a1fc-42a4-b5ce-4922820de60a@group-FD33B9583E3C-LeaderElection128] INFO  impl.RoleInfo (RoleInfo.java:updateAndGet(143)) - 681edbc6-a1fc-42a4-b5ce-4922820de60a: start FollowerState
2019-10-18 14:30:34,770 [grpc-default-executor-3] WARN  server.GrpcServerProtocolService (LogUtils.java:warn(134)) - a4757974-e77e-4a1a-a400-c32fe273093a: installSnapshot onError, lastRequest: 46c14060-ea78-4b5a-b57c-064e4766b234->a4757974-e77e-4a1a-a400-c32fe273093a#38-t3, previous=(t:3, i:4), leaderCommit=4, initializing? false, entries: <empty>: org.apache.ratis.thirdparty.io.grpc.StatusRuntimeException: CANCELLED: cancelled before receiving half close
2019-10-18 14:30:34,770 [grpc-default-executor-4] WARN  server.GrpcServerProtocolService (LogUtils.java:warn(134)) - 55013cf6-f41f-4339-a52c-06c119893914: installSnapshot onError, lastRequest: 46c14060-ea78-4b5a-b57c-064e4766b234->55013cf6-f41f-4339-a52c-06c119893914#38-t3, previous=(t:3, i:4), leaderCommit=4, initializing? false, entries: <empty>: org.apache.ratis.thirdparty.io.grpc.StatusRuntimeException: CANCELLED: cancelled before receiving half close
2019-10-18 14:30:34,773 [main] INFO  server.GrpcService (GrpcService.java:closeImpl(172)) - a4757974-e77e-4a1a-a400-c32fe273093a: shutdown server with port 41244 successfully
2019-10-18 14:30:34,774 [ForkJoinPool.commonPool-worker-0] INFO  server.GrpcService (GrpcService.java:closeImpl(172)) - 55013cf6-f41f-4339-a52c-06c119893914: shutdown server with port 44977 successfully
2019-10-18 14:30:34,774 [grpc-default-executor-2] WARN  server.GrpcLogAppender (LogUtils.java:warn(134)) - 46c14060-ea78-4b5a-b57c-064e4766b234@group-45DBFE4B8A65->a4757974-e77e-4a1a-a400-c32fe273093a-AppendLogResponseHandler: Failed appendEntries: org.apache.ratis.thirdparty.io.grpc.StatusRuntimeException: CANCELLED: HTTP/2 error code: CANCEL
Received Rst Stream
2019-10-18 14:30:34,774 [grpc-default-executor-1] WARN  server.GrpcLogAppender (LogUtils.java:warn(134)) - 46c14060-ea78-4b5a-b57c-064e4766b234@group-45DBFE4B8A65->55013cf6-f41f-4339-a52c-06c119893914-AppendLogResponseHandler: Failed appendEntries: org.apache.ratis.thirdparty.io.grpc.StatusRuntimeException: CANCELLED: HTTP/2 error code: CANCEL
Received Rst Stream
2019-10-18 14:30:34,784 [refreshUsed-/workdir/hadoop-ozone/integration-test/target/test-dir/MiniOzoneClusterImpl-11a902be-dfbe-4759-94b9-65959d8d71e6/datanode-2/data/containers] WARN  fs.CachingGetSpaceUsed (CachingGetSpaceUsed.java:run(183)) - Thread Interrupted waiting to refresh disk information: sleep interrupted
2019-10-18 14:30:34,784 [refreshUsed-/workdir/hadoop-ozone/integration-test/target/test-dir/MiniOzoneClusterImpl-11a902be-dfbe-4759-94b9-65959d8d71e6/datanode-5/data/containers] WARN  fs.CachingGetSpaceUsed (CachingGetSpaceUsed.java:run(183)) - Thread Interrupted waiting to refresh disk information: sleep interrupted
2019-10-18 14:30:34,804 [main] INFO  utils.BackgroundService (BackgroundService.java:shutdown(151)) - Shutting down service BlockDeletingService
2019-10-18 14:30:34,808 [main] INFO  statemachine.DatanodeStateMachine (DatanodeStateMachine.java:stopDaemon(395)) - Ozone container server stopped.
2019-10-18 14:30:34,809 [main] INFO  handler.ContextHandler (ContextHandler.java:doStop(910)) - Stopped o.e.j.w.WebAppContext@715b886f{/,null,UNAVAILABLE}{/hddsDatanode}
2019-10-18 14:30:34,810 [main] INFO  server.AbstractConnector (AbstractConnector.java:doStop(318)) - Stopped ServerConnector@7fb29ca9{HTTP/1.1,[http/1.1]}{0.0.0.0:0}
2019-10-18 14:30:34,810 [main] INFO  handler.ContextHandler (ContextHandler.java:doStop(910)) - Stopped o.e.j.s.ServletContextHandler@4c1bdcc2{/static,jar:file:/home/user/.m2/repository/org/apache/hadoop/hadoop-hdds-container-service/0.5.0-SNAPSHOT/hadoop-hdds-container-service-0.5.0-SNAPSHOT.jar!/webapps/static,UNAVAILABLE}
2019-10-18 14:30:34,810 [main] INFO  handler.ContextHandler (ContextHandler.java:doStop(910)) - Stopped o.e.j.s.ServletContextHandler@1305c126{/logs,file:///workdir/hadoop-ozone/integration-test/target/log,UNAVAILABLE}
2019-10-18 14:30:34,813 [ForkJoinPool.commonPool-worker-0] INFO  utils.BackgroundService (BackgroundService.java:shutdown(151)) - Shutting down service BlockDeletingService
2019-10-18 14:30:34,820 [ForkJoinPool.commonPool-worker-0] INFO  statemachine.DatanodeStateMachine (DatanodeStateMachine.java:stopDaemon(395)) - Ozone container server stopped.
2019-10-18 14:30:34,826 [ForkJoinPool.commonPool-worker-0] INFO  handler.ContextHandler (ContextHandler.java:doStop(910)) - Stopped o.e.j.w.WebAppContext@4c6007fb{/,null,UNAVAILABLE}{/hddsDatanode}
2019-10-18 14:30:34,827 [ForkJoinPool.commonPool-worker-0] INFO  server.AbstractConnector (AbstractConnector.java:doStop(318)) - Stopped ServerConnector@3e33d73e{HTTP/1.1,[http/1.1]}{0.0.0.0:0}
2019-10-18 14:30:34,829 [ForkJoinPool.commonPool-worker-0] INFO  handler.ContextHandler (ContextHandler.java:doStop(910)) - Stopped o.e.j.s.ServletContextHandler@26f46fa6{/static,jar:file:/home/user/.m2/repository/org/apache/hadoop/hadoop-hdds-container-service/0.5.0-SNAPSHOT/hadoop-hdds-container-service-0.5.0-SNAPSHOT.jar!/webapps/static,UNAVAILABLE}
2019-10-18 14:30:34,830 [ForkJoinPool.commonPool-worker-0] INFO  handler.ContextHandler (ContextHandler.java:doStop(910)) - Stopped o.e.j.s.ServletContextHandler@d109c4f{/logs,file:///workdir/hadoop-ozone/integration-test/target/log,UNAVAILABLE}
2019-10-18 14:30:34,962 [Thread-1360] INFO  impl.FollowerState (FollowerState.java:run(108)) - 681edbc6-a1fc-42a4-b5ce-4922820de60a@group-FD33B9583E3C-FollowerState: change to CANDIDATE, lastRpcTime:200ms, electionTimeout:197ms
2019-10-18 14:30:34,962 [Thread-1360] INFO  impl.RoleInfo (RoleInfo.java:shutdownFollowerState(121)) - 681edbc6-a1fc-42a4-b5ce-4922820de60a: shutdown FollowerState
2019-10-18 14:30:34,962 [Thread-1360] INFO  impl.RaftServerImpl (RaftServerImpl.java:setRole(184)) - 681edbc6-a1fc-42a4-b5ce-4922820de60a@group-FD33B9583E3C: changes role from  FOLLOWER to CANDIDATE at term 125 for changeToCandidate
2019-10-18 14:30:34,962 [Thread-1360] INFO  impl.RoleInfo (RoleInfo.java:updateAndGet(143)) - 681edbc6-a1fc-42a4-b5ce-4922820de60a: start LeaderElection
2019-10-18 14:30:34,975 [681edbc6-a1fc-42a4-b5ce-4922820de60a@group-FD33B9583E3C-LeaderElection129] INFO  impl.LeaderElection (LeaderElection.java:askForVotes(178)) - 681edbc6-a1fc-42a4-b5ce-4922820de60a@group-FD33B9583E3C-LeaderElection129: begin an election at term 126 for -1: [3ee7b367-7b16-44e1-99f8-43aefeda0876:192.168.164.233:46080, 681edbc6-a1fc-42a4-b5ce-4922820de60a:192.168.164.233:44267, 773cce60-eeca-4c1f-a5ec-70084be8b6b9:192.168.164.233:38729], old=null
2019-10-18 14:30:34,977 [grpc-default-executor-4] INFO  impl.RaftServerImpl (RaftServerImpl.java:setRole(184)) - 773cce60-eeca-4c1f-a5ec-70084be8b6b9@group-FD33B9583E3C: changes role from  FOLLOWER to FOLLOWER at term 126 for recognizeCandidate:681edbc6-a1fc-42a4-b5ce-4922820de60a
2019-10-18 14:30:34,977 [grpc-default-executor-3] INFO  impl.RaftServerImpl (RaftServerImpl.java:setRole(184)) - 3ee7b367-7b16-44e1-99f8-43aefeda0876@group-FD33B9583E3C: changes role from  FOLLOWER to FOLLOWER at term 126 for recognizeCandidate:681edbc6-a1fc-42a4-b5ce-4922820de60a
2019-10-18 14:30:34,978 [grpc-default-executor-4] INFO  impl.RoleInfo (RoleInfo.java:shutdownFollowerState(121)) - 773cce60-eeca-4c1f-a5ec-70084be8b6b9: shutdown FollowerState
2019-10-18 14:30:34,978 [grpc-default-executor-3] INFO  impl.RoleInfo (RoleInfo.java:shutdownFollowerState(121)) - 3ee7b367-7b16-44e1-99f8-43aefeda0876: shutdown FollowerState
2019-10-18 14:30:34,978 [grpc-default-executor-4] INFO  impl.RoleInfo (RoleInfo.java:updateAndGet(143)) - 773cce60-eeca-4c1f-a5ec-70084be8b6b9: start FollowerState
2019-10-18 14:30:34,978 [Thread-1358] INFO  impl.FollowerState (FollowerState.java:run(117)) - 3ee7b367-7b16-44e1-99f8-43aefeda0876@group-FD33B9583E3C-FollowerState was interrupted: java.lang.InterruptedException: sleep interrupted
2019-10-18 14:30:34,978 [Thread-1359] INFO  impl.FollowerState (FollowerState.java:run(117)) - 773cce60-eeca-4c1f-a5ec-70084be8b6b9@group-FD33B9583E3C-FollowerState was interrupted: java.lang.InterruptedException: sleep interrupted
2019-10-18 14:30:34,978 [grpc-default-executor-3] INFO  impl.RoleInfo (RoleInfo.java:updateAndGet(143)) - 3ee7b367-7b16-44e1-99f8-43aefeda0876: start FollowerState
2019-10-18 14:30:34,996 [681edbc6-a1fc-42a4-b5ce-4922820de60a@group-FD33B9583E3C-LeaderElection129] INFO  impl.LeaderElection (LeaderElection.java:logAndReturn(56)) - 681edbc6-a1fc-42a4-b5ce-4922820de60a@group-FD33B9583E3C-LeaderElection129: Election REJECTED; received 2 response(s) [681edbc6-a1fc-42a4-b5ce-4922820de60a<-3ee7b367-7b16-44e1-99f8-43aefeda0876#0:FAIL-t126, 681edbc6-a1fc-42a4-b5ce-4922820de60a<-773cce60-eeca-4c1f-a5ec-70084be8b6b9#0:FAIL-t126] and 0 exception(s); 681edbc6-a1fc-42a4-b5ce-4922820de60a@group-FD33B9583E3C:t126, leader=null, voted=681edbc6-a1fc-42a4-b5ce-4922820de60a, raftlog=681edbc6-a1fc-42a4-b5ce-4922820de60a@group-FD33B9583E3C-SegmentedRaftLog:OPENED:c-1,f-1,i0, conf=-1: [3ee7b367-7b16-44e1-99f8-43aefeda0876:192.168.164.233:46080, 681edbc6-a1fc-42a4-b5ce-4922820de60a:192.168.164.233:44267, 773cce60-eeca-4c1f-a5ec-70084be8b6b9:192.168.164.233:38729], old=null
2019-10-18 14:30:34,996 [681edbc6-a1fc-42a4-b5ce-4922820de60a@group-FD33B9583E3C-LeaderElection129] INFO  impl.RaftServerImpl (RaftServerImpl.java:setRole(184)) - 681edbc6-a1fc-42a4-b5ce-4922820de60a@group-FD33B9583E3C: changes role from CANDIDATE to FOLLOWER at term 126 for DISCOVERED_A_NEW_TERM
2019-10-18 14:30:34,996 [681edbc6-a1fc-42a4-b5ce-4922820de60a@group-FD33B9583E3C-LeaderElection129] INFO  impl.RoleInfo (RoleInfo.java:shutdownLeaderElection(134)) - 681edbc6-a1fc-42a4-b5ce-4922820de60a: shutdown LeaderElection
2019-10-18 14:30:34,996 [681edbc6-a1fc-42a4-b5ce-4922820de60a@group-FD33B9583E3C-LeaderElection129] INFO  impl.RoleInfo (RoleInfo.java:updateAndGet(143)) - 681edbc6-a1fc-42a4-b5ce-4922820de60a: start FollowerState
2019-10-18 14:30:35,023 [Thread-1368] INFO  impl.FollowerState (FollowerState.java:run(108)) - 681edbc6-a1fc-42a4-b5ce-4922820de60a@group-FD33B9583E3C-FollowerState: change to CANDIDATE, lastRpcTime:27ms, electionTimeout:27ms
2019-10-18 14:30:35,024 [Thread-1368] INFO  impl.RoleInfo (RoleInfo.java:shutdownFollowerState(121)) - 681edbc6-a1fc-42a4-b5ce-4922820de60a: shutdown FollowerState
2019-10-18 14:30:35,024 [Thread-1368] INFO  impl.RaftServerImpl (RaftServerImpl.java:setRole(184)) - 681edbc6-a1fc-42a4-b5ce-4922820de60a@group-FD33B9583E3C: changes role from  FOLLOWER to CANDIDATE at term 126 for changeToCandidate
2019-10-18 14:30:35,024 [Thread-1368] INFO  impl.RoleInfo (RoleInfo.java:updateAndGet(143)) - 681edbc6-a1fc-42a4-b5ce-4922820de60a: start LeaderElection
2019-10-18 14:30:35,037 [681edbc6-a1fc-42a4-b5ce-4922820de60a@group-FD33B9583E3C-LeaderElection130] INFO  impl.LeaderElection (LeaderElection.java:askForVotes(178)) - 681edbc6-a1fc-42a4-b5ce-4922820de60a@group-FD33B9583E3C-LeaderElection130: begin an election at term 127 for -1: [3ee7b367-7b16-44e1-99f8-43aefeda0876:192.168.164.233:46080, 681edbc6-a1fc-42a4-b5ce-4922820de60a:192.168.164.233:44267, 773cce60-eeca-4c1f-a5ec-70084be8b6b9:192.168.164.233:38729], old=null
2019-10-18 14:30:35,038 [grpc-default-executor-3] INFO  impl.RaftServerImpl (RaftServerImpl.java:setRole(184)) - 773cce60-eeca-4c1f-a5ec-70084be8b6b9@group-FD33B9583E3C: changes role from  FOLLOWER to FOLLOWER at term 127 for recognizeCandidate:681edbc6-a1fc-42a4-b5ce-4922820de60a
2019-10-18 14:30:35,038 [grpc-default-executor-4] INFO  impl.RaftServerImpl (RaftServerImpl.java:setRole(184)) - 3ee7b367-7b16-44e1-99f8-43aefeda0876@group-FD33B9583E3C: changes role from  FOLLOWER to FOLLOWER at term 127 for recognizeCandidate:681edbc6-a1fc-42a4-b5ce-4922820de60a
2019-10-18 14:30:35,039 [grpc-default-executor-3] INFO  impl.RoleInfo (RoleInfo.java:shutdownFollowerState(121)) - 773cce60-eeca-4c1f-a5ec-70084be8b6b9: shutdown FollowerState
2019-10-18 14:30:35,039 [grpc-default-executor-4] INFO  impl.RoleInfo (RoleInfo.java:shutdownFollowerState(121)) - 3ee7b367-7b16-44e1-99f8-43aefeda0876: shutdown FollowerState
2019-10-18 14:30:35,039 [grpc-default-executor-3] INFO  impl.RoleInfo (RoleInfo.java:updateAndGet(143)) - 773cce60-eeca-4c1f-a5ec-70084be8b6b9: start FollowerState
2019-10-18 14:30:35,039 [Thread-1366] INFO  impl.FollowerState (FollowerState.java:run(117)) - 773cce60-eeca-4c1f-a5ec-70084be8b6b9@group-FD33B9583E3C-FollowerState was interrupted: java.lang.InterruptedException: sleep interrupted
2019-10-18 14:30:35,039 [grpc-default-executor-4] INFO  impl.RoleInfo (RoleInfo.java:updateAndGet(143)) - 3ee7b367-7b16-44e1-99f8-43aefeda0876: start FollowerState
2019-10-18 14:30:35,039 [Thread-1367] INFO  impl.FollowerState (FollowerState.java:run(117)) - 3ee7b367-7b16-44e1-99f8-43aefeda0876@group-FD33B9583E3C-FollowerState was interrupted: java.lang.InterruptedException: sleep interrupted
2019-10-18 14:30:35,053 [681edbc6-a1fc-42a4-b5ce-4922820de60a@group-FD33B9583E3C-LeaderElection130] INFO  impl.LeaderElection (LeaderElection.java:logAndReturn(56)) - 681edbc6-a1fc-42a4-b5ce-4922820de60a@group-FD33B9583E3C-LeaderElection130: Election REJECTED; received 2 response(s) [681edbc6-a1fc-42a4-b5ce-4922820de60a<-3ee7b367-7b16-44e1-99f8-43aefeda0876#0:FAIL-t127, 681edbc6-a1fc-42a4-b5ce-4922820de60a<-773cce60-eeca-4c1f-a5ec-70084be8b6b9#0:FAIL-t127] and 0 exception(s); 681edbc6-a1fc-42a4-b5ce-4922820de60a@group-FD33B9583E3C:t127, leader=null, voted=681edbc6-a1fc-42a4-b5ce-4922820de60a, raftlog=681edbc6-a1fc-42a4-b5ce-4922820de60a@group-FD33B9583E3C-SegmentedRaftLog:OPENED:c-1,f-1,i0, conf=-1: [3ee7b367-7b16-44e1-99f8-43aefeda0876:192.168.164.233:46080, 681edbc6-a1fc-42a4-b5ce-4922820de60a:192.168.164.233:44267, 773cce60-eeca-4c1f-a5ec-70084be8b6b9:192.168.164.233:38729], old=null
2019-10-18 14:30:35,053 [681edbc6-a1fc-42a4-b5ce-4922820de60a@group-FD33B9583E3C-LeaderElection130] INFO  impl.RaftServerImpl (RaftServerImpl.java:setRole(184)) - 681edbc6-a1fc-42a4-b5ce-4922820de60a@group-FD33B9583E3C: changes role from CANDIDATE to FOLLOWER at term 127 for DISCOVERED_A_NEW_TERM
2019-10-18 14:30:35,053 [681edbc6-a1fc-42a4-b5ce-4922820de60a@group-FD33B9583E3C-LeaderElection130] INFO  impl.RoleInfo (RoleInfo.java:shutdownLeaderElection(134)) - 681edbc6-a1fc-42a4-b5ce-4922820de60a: shutdown LeaderElection
2019-10-18 14:30:35,053 [681edbc6-a1fc-42a4-b5ce-4922820de60a@group-FD33B9583E3C-LeaderElection130] INFO  impl.RoleInfo (RoleInfo.java:updateAndGet(143)) - 681edbc6-a1fc-42a4-b5ce-4922820de60a: start FollowerState
2019-10-18 14:30:35,149 [Thread-1374] INFO  impl.FollowerState (FollowerState.java:run(108)) - 681edbc6-a1fc-42a4-b5ce-4922820de60a@group-FD33B9583E3C-FollowerState: change to CANDIDATE, lastRpcTime:95ms, electionTimeout:95ms
2019-10-18 14:30:35,149 [Thread-1374] INFO  impl.RoleInfo (RoleInfo.java:shutdownFollowerState(121)) - 681edbc6-a1fc-42a4-b5ce-4922820de60a: shutdown FollowerState
2019-10-18 14:30:35,149 [Thread-1374] INFO  impl.RaftServerImpl (RaftServerImpl.java:setRole(184)) - 681edbc6-a1fc-42a4-b5ce-4922820de60a@group-FD33B9583E3C: changes role from  FOLLOWER to CANDIDATE at term 127 for changeToCandidate
2019-10-18 14:30:35,150 [Thread-1374] INFO  impl.RoleInfo (RoleInfo.java:updateAndGet(143)) - 681edbc6-a1fc-42a4-b5ce-4922820de60a: start LeaderElection
2019-10-18 14:30:35,163 [681edbc6-a1fc-42a4-b5ce-4922820de60a@group-FD33B9583E3C-LeaderElection131] INFO  impl.LeaderElection (LeaderElection.java:askForVotes(178)) - 681edbc6-a1fc-42a4-b5ce-4922820de60a@group-FD33B9583E3C-LeaderElection131: begin an election at term 128 for -1: [3ee7b367-7b16-44e1-99f8-43aefeda0876:192.168.164.233:46080, 681edbc6-a1fc-42a4-b5ce-4922820de60a:192.168.164.233:44267, 773cce60-eeca-4c1f-a5ec-70084be8b6b9:192.168.164.233:38729], old=null
2019-10-18 14:30:35,165 [grpc-default-executor-3] INFO  impl.RaftServerImpl (RaftServerImpl.java:setRole(184)) - 773cce60-eeca-4c1f-a5ec-70084be8b6b9@group-FD33B9583E3C: changes role from  FOLLOWER to FOLLOWER at term 128 for recognizeCandidate:681edbc6-a1fc-42a4-b5ce-4922820de60a
2019-10-18 14:30:35,165 [grpc-default-executor-4] INFO  impl.RaftServerImpl (RaftServerImpl.java:setRole(184)) - 3ee7b367-7b16-44e1-99f8-43aefeda0876@group-FD33B9583E3C: changes role from  FOLLOWER to FOLLOWER at term 128 for recognizeCandidate:681edbc6-a1fc-42a4-b5ce-4922820de60a
2019-10-18 14:30:35,166 [grpc-default-executor-4] INFO  impl.RoleInfo (RoleInfo.java:shutdownFollowerState(121)) - 3ee7b367-7b16-44e1-99f8-43aefeda0876: shutdown FollowerState
2019-10-18 14:30:35,166 [grpc-default-executor-3] INFO  impl.RoleInfo (RoleInfo.java:shutdownFollowerState(121)) - 773cce60-eeca-4c1f-a5ec-70084be8b6b9: shutdown FollowerState
2019-10-18 14:30:35,166 [grpc-default-executor-4] INFO  impl.RoleInfo (RoleInfo.java:updateAndGet(143)) - 3ee7b367-7b16-44e1-99f8-43aefeda0876: start FollowerState
2019-10-18 14:30:35,166 [Thread-1373] INFO  impl.FollowerState (FollowerState.java:run(117)) - 3ee7b367-7b16-44e1-99f8-43aefeda0876@group-FD33B9583E3C-FollowerState was interrupted: java.lang.InterruptedException: sleep interrupted
2019-10-18 14:30:35,166 [grpc-default-executor-3] INFO  impl.RoleInfo (RoleInfo.java:updateAndGet(143)) - 773cce60-eeca-4c1f-a5ec-70084be8b6b9: start FollowerState
2019-10-18 14:30:35,166 [Thread-1372] INFO  impl.FollowerState (FollowerState.java:run(117)) - 773cce60-eeca-4c1f-a5ec-70084be8b6b9@group-FD33B9583E3C-FollowerState was interrupted: java.lang.InterruptedException: sleep interrupted
2019-10-18 14:30:35,182 [681edbc6-a1fc-42a4-b5ce-4922820de60a@group-FD33B9583E3C-LeaderElection131] INFO  impl.LeaderElection (LeaderElection.java:logAndReturn(56)) - 681edbc6-a1fc-42a4-b5ce-4922820de60a@group-FD33B9583E3C-LeaderElection131: Election REJECTED; received 2 response(s) [681edbc6-a1fc-42a4-b5ce-4922820de60a<-3ee7b367-7b16-44e1-99f8-43aefeda0876#0:FAIL-t128, 681edbc6-a1fc-42a4-b5ce-4922820de60a<-773cce60-eeca-4c1f-a5ec-70084be8b6b9#0:FAIL-t128] and 0 exception(s); 681edbc6-a1fc-42a4-b5ce-4922820de60a@group-FD33B9583E3C:t128, leader=null, voted=681edbc6-a1fc-42a4-b5ce-4922820de60a, raftlog=681edbc6-a1fc-42a4-b5ce-4922820de60a@group-FD33B9583E3C-SegmentedRaftLog:OPENED:c-1,f-1,i0, conf=-1: [3ee7b367-7b16-44e1-99f8-43aefeda0876:192.168.164.233:46080, 681edbc6-a1fc-42a4-b5ce-4922820de60a:192.168.164.233:44267, 773cce60-eeca-4c1f-a5ec-70084be8b6b9:192.168.164.233:38729], old=null
2019-10-18 14:30:35,183 [681edbc6-a1fc-42a4-b5ce-4922820de60a@group-FD33B9583E3C-LeaderElection131] INFO  impl.RaftServerImpl (RaftServerImpl.java:setRole(184)) - 681edbc6-a1fc-42a4-b5ce-4922820de60a@group-FD33B9583E3C: changes role from CANDIDATE to FOLLOWER at term 128 for DISCOVERED_A_NEW_TERM
2019-10-18 14:30:35,183 [681edbc6-a1fc-42a4-b5ce-4922820de60a@group-FD33B9583E3C-LeaderElection131] INFO  impl.RoleInfo (RoleInfo.java:shutdownLeaderElection(134)) - 681edbc6-a1fc-42a4-b5ce-4922820de60a: shutdown LeaderElection
2019-10-18 14:30:35,183 [681edbc6-a1fc-42a4-b5ce-4922820de60a@group-FD33B9583E3C-LeaderElection131] INFO  impl.RoleInfo (RoleInfo.java:updateAndGet(143)) - 681edbc6-a1fc-42a4-b5ce-4922820de60a: start FollowerState
2019-10-18 14:30:35,214 [Thread-1380] INFO  impl.FollowerState (FollowerState.java:run(108)) - 681edbc6-a1fc-42a4-b5ce-4922820de60a@group-FD33B9583E3C-FollowerState: change to CANDIDATE, lastRpcTime:31ms, electionTimeout:31ms
2019-10-18 14:30:35,214 [Thread-1380] INFO  impl.RoleInfo (RoleInfo.java:shutdownFollowerState(121)) - 681edbc6-a1fc-42a4-b5ce-4922820de60a: shutdown FollowerState
2019-10-18 14:30:35,214 [Thread-1380] INFO  impl.RaftServerImpl (RaftServerImpl.java:setRole(184)) - 681edbc6-a1fc-42a4-b5ce-4922820de60a@group-FD33B9583E3C: changes role from  FOLLOWER to CANDIDATE at term 128 for changeToCandidate
2019-10-18 14:30:35,215 [Thread-1380] INFO  impl.RoleInfo (RoleInfo.java:updateAndGet(143)) - 681edbc6-a1fc-42a4-b5ce-4922820de60a: start LeaderElection
2019-10-18 14:30:35,225 [681edbc6-a1fc-42a4-b5ce-4922820de60a@group-FD33B9583E3C-LeaderElection132] INFO  impl.LeaderElection (LeaderElection.java:askForVotes(178)) - 681edbc6-a1fc-42a4-b5ce-4922820de60a@group-FD33B9583E3C-LeaderElection132: begin an election at term 129 for -1: [3ee7b367-7b16-44e1-99f8-43aefeda0876:192.168.164.233:46080, 681edbc6-a1fc-42a4-b5ce-4922820de60a:192.168.164.233:44267, 773cce60-eeca-4c1f-a5ec-70084be8b6b9:192.168.164.233:38729], old=null
2019-10-18 14:30:35,227 [grpc-default-executor-4] INFO  impl.RaftServerImpl (RaftServerImpl.java:setRole(184)) - 3ee7b367-7b16-44e1-99f8-43aefeda0876@group-FD33B9583E3C: changes role from  FOLLOWER to FOLLOWER at term 129 for recognizeCandidate:681edbc6-a1fc-42a4-b5ce-4922820de60a
2019-10-18 14:30:35,227 [grpc-default-executor-3] INFO  impl.RaftServerImpl (RaftServerImpl.java:setRole(184)) - 773cce60-eeca-4c1f-a5ec-70084be8b6b9@group-FD33B9583E3C: changes role from  FOLLOWER to FOLLOWER at term 129 for recognizeCandidate:681edbc6-a1fc-42a4-b5ce-4922820de60a
2019-10-18 14:30:35,228 [grpc-default-executor-3] INFO  impl.RoleInfo (RoleInfo.java:shutdownFollowerState(121)) - 773cce60-eeca-4c1f-a5ec-70084be8b6b9: shutdown FollowerState
2019-10-18 14:30:35,228 [grpc-default-executor-4] INFO  impl.RoleInfo (RoleInfo.java:shutdownFollowerState(121)) - 3ee7b367-7b16-44e1-99f8-43aefeda0876: shutdown FollowerState
2019-10-18 14:30:35,228 [grpc-default-executor-3] INFO  impl.RoleInfo (RoleInfo.java:updateAndGet(143)) - 773cce60-eeca-4c1f-a5ec-70084be8b6b9: start FollowerState
2019-10-18 14:30:35,228 [grpc-default-executor-4] INFO  impl.RoleInfo (RoleInfo.java:updateAndGet(143)) - 3ee7b367-7b16-44e1-99f8-43aefeda0876: start FollowerState
2019-10-18 14:30:35,228 [Thread-1378] INFO  impl.FollowerState (FollowerState.java:run(117)) - 3ee7b367-7b16-44e1-99f8-43aefeda0876@group-FD33B9583E3C-FollowerState was interrupted: java.lang.InterruptedException: sleep interrupted
2019-10-18 14:30:35,228 [Thread-1379] INFO  impl.FollowerState (FollowerState.java:run(117)) - 773cce60-eeca-4c1f-a5ec-70084be8b6b9@group-FD33B9583E3C-FollowerState was interrupted: java.lang.InterruptedException: sleep interrupted
2019-10-18 14:30:35,228 [681edbc6-a1fc-42a4-b5ce-4922820de60a@group-FD33B9583E3C-LeaderElection132] INFO  impl.LeaderElection (LeaderElection.java:logAndReturn(56)) - 681edbc6-a1fc-42a4-b5ce-4922820de60a@group-FD33B9583E3C-LeaderElection132: Election TIMEOUT; received 0 response(s) [] and 0 exception(s); 681edbc6-a1fc-42a4-b5ce-4922820de60a@group-FD33B9583E3C:t129, leader=null, voted=681edbc6-a1fc-42a4-b5ce-4922820de60a, raftlog=681edbc6-a1fc-42a4-b5ce-4922820de60a@group-FD33B9583E3C-SegmentedRaftLog:OPENED:c-1,f-1,i0, conf=-1: [3ee7b367-7b16-44e1-99f8-43aefeda0876:192.168.164.233:46080, 681edbc6-a1fc-42a4-b5ce-4922820de60a:192.168.164.233:44267, 773cce60-eeca-4c1f-a5ec-70084be8b6b9:192.168.164.233:38729], old=null
2019-10-18 14:30:35,243 [681edbc6-a1fc-42a4-b5ce-4922820de60a@group-FD33B9583E3C-LeaderElection132] INFO  impl.LeaderElection (LeaderElection.java:askForVotes(178)) - 681edbc6-a1fc-42a4-b5ce-4922820de60a@group-FD33B9583E3C-LeaderElection132: begin an election at term 130 for -1: [3ee7b367-7b16-44e1-99f8-43aefeda0876:192.168.164.233:46080, 681edbc6-a1fc-42a4-b5ce-4922820de60a:192.168.164.233:44267, 773cce60-eeca-4c1f-a5ec-70084be8b6b9:192.168.164.233:38729], old=null
2019-10-18 14:30:35,245 [grpc-default-executor-3] INFO  impl.RaftServerImpl (RaftServerImpl.java:setRole(184)) - 773cce60-eeca-4c1f-a5ec-70084be8b6b9@group-FD33B9583E3C: changes role from  FOLLOWER to FOLLOWER at term 130 for recognizeCandidate:681edbc6-a1fc-42a4-b5ce-4922820de60a
2019-10-18 14:30:35,245 [grpc-default-executor-1] INFO  impl.RaftServerImpl (RaftServerImpl.java:setRole(184)) - 3ee7b367-7b16-44e1-99f8-43aefeda0876@group-FD33B9583E3C: changes role from  FOLLOWER to FOLLOWER at term 130 for recognizeCandidate:681edbc6-a1fc-42a4-b5ce-4922820de60a
2019-10-18 14:30:35,245 [grpc-default-executor-3] INFO  impl.RoleInfo (RoleInfo.java:shutdownFollowerState(121)) - 773cce60-eeca-4c1f-a5ec-70084be8b6b9: shutdown FollowerState
2019-10-18 14:30:35,245 [grpc-default-executor-1] INFO  impl.RoleInfo (RoleInfo.java:shutdownFollowerState(121)) - 3ee7b367-7b16-44e1-99f8-43aefeda0876: shutdown FollowerState
2019-10-18 14:30:35,245 [grpc-default-executor-3] INFO  impl.RoleInfo (RoleInfo.java:updateAndGet(143)) - 773cce60-eeca-4c1f-a5ec-70084be8b6b9: start FollowerState
2019-10-18 14:30:35,245 [Thread-1385] INFO  impl.FollowerState (FollowerState.java:run(117)) - 3ee7b367-7b16-44e1-99f8-43aefeda0876@group-FD33B9583E3C-FollowerState was interrupted: java.lang.InterruptedException: sleep interrupted
2019-10-18 14:30:35,245 [grpc-default-executor-1] INFO  impl.RoleInfo (RoleInfo.java:updateAndGet(143)) - 3ee7b367-7b16-44e1-99f8-43aefeda0876: start FollowerState
2019-10-18 14:30:35,247 [Thread-1384] INFO  impl.FollowerState (FollowerState.java:run(117)) - 773cce60-eeca-4c1f-a5ec-70084be8b6b9@group-FD33B9583E3C-FollowerState was interrupted: java.lang.InterruptedException: sleep interrupted
2019-10-18 14:30:35,280 [681edbc6-a1fc-42a4-b5ce-4922820de60a@group-FD33B9583E3C-LeaderElection132] INFO  impl.LeaderElection (LeaderElection.java:logAndReturn(56)) - 681edbc6-a1fc-42a4-b5ce-4922820de60a@group-FD33B9583E3C-LeaderElection132: Election TIMEOUT; received 0 response(s) [] and 0 exception(s); 681edbc6-a1fc-42a4-b5ce-4922820de60a@group-FD33B9583E3C:t130, leader=null, voted=681edbc6-a1fc-42a4-b5ce-4922820de60a, raftlog=681edbc6-a1fc-42a4-b5ce-4922820de60a@group-FD33B9583E3C-SegmentedRaftLog:OPENED:c-1,f-1,i0, conf=-1: [3ee7b367-7b16-44e1-99f8-43aefeda0876:192.168.164.233:46080, 681edbc6-a1fc-42a4-b5ce-4922820de60a:192.168.164.233:44267, 773cce60-eeca-4c1f-a5ec-70084be8b6b9:192.168.164.233:38729], old=null
2019-10-18 14:30:35,284 [681edbc6-a1fc-42a4-b5ce-4922820de60a@group-FD33B9583E3C-LeaderElection132] INFO  impl.LeaderElection (LeaderElection.java:askForVotes(178)) - 681edbc6-a1fc-42a4-b5ce-4922820de60a@group-FD33B9583E3C-LeaderElection132: begin an election at term 131 for -1: [3ee7b367-7b16-44e1-99f8-43aefeda0876:192.168.164.233:46080, 681edbc6-a1fc-42a4-b5ce-4922820de60a:192.168.164.233:44267, 773cce60-eeca-4c1f-a5ec-70084be8b6b9:192.168.164.233:38729], old=null
2019-10-18 14:30:35,286 [grpc-default-executor-3] INFO  impl.RaftServerImpl (RaftServerImpl.java:setRole(184)) - 3ee7b367-7b16-44e1-99f8-43aefeda0876@group-FD33B9583E3C: changes role from  FOLLOWER to FOLLOWER at term 131 for recognizeCandidate:681edbc6-a1fc-42a4-b5ce-4922820de60a
2019-10-18 14:30:35,286 [grpc-default-executor-3] INFO  impl.RoleInfo (RoleInfo.java:shutdownFollowerState(121)) - 3ee7b367-7b16-44e1-99f8-43aefeda0876: shutdown FollowerState
2019-10-18 14:30:35,286 [grpc-default-executor-3] INFO  impl.RoleInfo (RoleInfo.java:updateAndGet(143)) - 3ee7b367-7b16-44e1-99f8-43aefeda0876: start FollowerState
2019-10-18 14:30:35,286 [grpc-default-executor-1] INFO  impl.RaftServerImpl (RaftServerImpl.java:setRole(184)) - 773cce60-eeca-4c1f-a5ec-70084be8b6b9@group-FD33B9583E3C: changes role from  FOLLOWER to FOLLOWER at term 131 for recognizeCandidate:681edbc6-a1fc-42a4-b5ce-4922820de60a
2019-10-18 14:30:35,287 [grpc-default-executor-1] INFO  impl.RoleInfo (RoleInfo.java:shutdownFollowerState(121)) - 773cce60-eeca-4c1f-a5ec-70084be8b6b9: shutdown FollowerState
2019-10-18 14:30:35,288 [grpc-default-executor-1] INFO  impl.RoleInfo (RoleInfo.java:updateAndGet(143)) - 773cce60-eeca-4c1f-a5ec-70084be8b6b9: start FollowerState
2019-10-18 14:30:35,288 [Thread-1388] INFO  impl.FollowerState (FollowerState.java:run(117)) - 773cce60-eeca-4c1f-a5ec-70084be8b6b9@group-FD33B9583E3C-FollowerState was interrupted: java.lang.InterruptedException: sleep interrupted
2019-10-18 14:30:35,288 [Thread-1389] INFO  impl.FollowerState (FollowerState.java:run(117)) - 3ee7b367-7b16-44e1-99f8-43aefeda0876@group-FD33B9583E3C-FollowerState was interrupted: java.lang.InterruptedException: sleep interrupted
2019-10-18 14:30:35,300 [681edbc6-a1fc-42a4-b5ce-4922820de60a@group-FD33B9583E3C-LeaderElection132] INFO  impl.LeaderElection (LeaderElection.java:logAndReturn(56)) - 681edbc6-a1fc-42a4-b5ce-4922820de60a@group-FD33B9583E3C-LeaderElection132: Election REJECTED; received 2 response(s) [681edbc6-a1fc-42a4-b5ce-4922820de60a<-3ee7b367-7b16-44e1-99f8-43aefeda0876#0:FAIL-t131, 681edbc6-a1fc-42a4-b5ce-4922820de60a<-773cce60-eeca-4c1f-a5ec-70084be8b6b9#0:FAIL-t131] and 0 exception(s); 681edbc6-a1fc-42a4-b5ce-4922820de60a@group-FD33B9583E3C:t131, leader=null, voted=681edbc6-a1fc-42a4-b5ce-4922820de60a, raftlog=681edbc6-a1fc-42a4-b5ce-4922820de60a@group-FD33B9583E3C-SegmentedRaftLog:OPENED:c-1,f-1,i0, conf=-1: [3ee7b367-7b16-44e1-99f8-43aefeda0876:192.168.164.233:46080, 681edbc6-a1fc-42a4-b5ce-4922820de60a:192.168.164.233:44267, 773cce60-eeca-4c1f-a5ec-70084be8b6b9:192.168.164.233:38729], old=null
2019-10-18 14:30:35,300 [681edbc6-a1fc-42a4-b5ce-4922820de60a@group-FD33B9583E3C-LeaderElection132] INFO  impl.RaftServerImpl (RaftServerImpl.java:setRole(184)) - 681edbc6-a1fc-42a4-b5ce-4922820de60a@group-FD33B9583E3C: changes role from CANDIDATE to FOLLOWER at term 131 for DISCOVERED_A_NEW_TERM
2019-10-18 14:30:35,300 [681edbc6-a1fc-42a4-b5ce-4922820de60a@group-FD33B9583E3C-LeaderElection132] INFO  impl.RoleInfo (RoleInfo.java:shutdownLeaderElection(134)) - 681edbc6-a1fc-42a4-b5ce-4922820de60a: shutdown LeaderElection
2019-10-18 14:30:35,300 [681edbc6-a1fc-42a4-b5ce-4922820de60a@group-FD33B9583E3C-LeaderElection132] INFO  impl.RoleInfo (RoleInfo.java:updateAndGet(143)) - 681edbc6-a1fc-42a4-b5ce-4922820de60a: start FollowerState
2019-10-18 14:30:35,355 [Thread-1394] INFO  impl.FollowerState (FollowerState.java:run(108)) - 681edbc6-a1fc-42a4-b5ce-4922820de60a@group-FD33B9583E3C-FollowerState: change to CANDIDATE, lastRpcTime:54ms, electionTimeout:54ms
2019-10-18 14:30:35,355 [Thread-1394] INFO  impl.RoleInfo (RoleInfo.java:shutdownFollowerState(121)) - 681edbc6-a1fc-42a4-b5ce-4922820de60a: shutdown FollowerState
2019-10-18 14:30:35,355 [Thread-1394] INFO  impl.RaftServerImpl (RaftServerImpl.java:setRole(184)) - 681edbc6-a1fc-42a4-b5ce-4922820de60a@group-FD33B9583E3C: changes role from  FOLLOWER to CANDIDATE at term 131 for changeToCandidate
2019-10-18 14:30:35,355 [Thread-1394] INFO  impl.RoleInfo (RoleInfo.java:updateAndGet(143)) - 681edbc6-a1fc-42a4-b5ce-4922820de60a: start LeaderElection
2019-10-18 14:30:35,369 [681edbc6-a1fc-42a4-b5ce-4922820de60a@group-FD33B9583E3C-LeaderElection133] INFO  impl.LeaderElection (LeaderElection.java:askForVotes(178)) - 681edbc6-a1fc-42a4-b5ce-4922820de60a@group-FD33B9583E3C-LeaderElection133: begin an election at term 132 for -1: [3ee7b367-7b16-44e1-99f8-43aefeda0876:192.168.164.233:46080, 681edbc6-a1fc-42a4-b5ce-4922820de60a:192.168.164.233:44267, 773cce60-eeca-4c1f-a5ec-70084be8b6b9:192.168.164.233:38729], old=null
2019-10-18 14:30:35,371 [grpc-default-executor-1] INFO  impl.RaftServerImpl (RaftServerImpl.java:setRole(184)) - 3ee7b367-7b16-44e1-99f8-43aefeda0876@group-FD33B9583E3C: changes role from  FOLLOWER to FOLLOWER at term 132 for recognizeCandidate:681edbc6-a1fc-42a4-b5ce-4922820de60a
2019-10-18 14:30:35,371 [grpc-default-executor-3] INFO  impl.RaftServerImpl (RaftServerImpl.java:setRole(184)) - 773cce60-eeca-4c1f-a5ec-70084be8b6b9@group-FD33B9583E3C: changes role from  FOLLOWER to FOLLOWER at term 132 for recognizeCandidate:681edbc6-a1fc-42a4-b5ce-4922820de60a
2019-10-18 14:30:35,371 [grpc-default-executor-3] INFO  impl.RoleInfo (RoleInfo.java:shutdownFollowerState(121)) - 773cce60-eeca-4c1f-a5ec-70084be8b6b9: shutdown FollowerState
2019-10-18 14:30:35,371 [grpc-default-executor-1] INFO  impl.RoleInfo (RoleInfo.java:shutdownFollowerState(121)) - 3ee7b367-7b16-44e1-99f8-43aefeda0876: shutdown FollowerState
2019-10-18 14:30:35,371 [Thread-1393] INFO  impl.FollowerState (FollowerState.java:run(117)) - 773cce60-eeca-4c1f-a5ec-70084be8b6b9@group-FD33B9583E3C-FollowerState was interrupted: java.lang.InterruptedException: sleep interrupted
2019-10-18 14:30:35,371 [grpc-default-executor-3] INFO  impl.RoleInfo (RoleInfo.java:updateAndGet(143)) - 773cce60-eeca-4c1f-a5ec-70084be8b6b9: start FollowerState
2019-10-18 14:30:35,371 [Thread-1392] INFO  impl.FollowerState (FollowerState.java:run(117)) - 3ee7b367-7b16-44e1-99f8-43aefeda0876@group-FD33B9583E3C-FollowerState was interrupted: java.lang.InterruptedException: sleep interrupted
2019-10-18 14:30:35,371 [grpc-default-executor-1] INFO  impl.RoleInfo (RoleInfo.java:updateAndGet(143)) - 3ee7b367-7b16-44e1-99f8-43aefeda0876: start FollowerState
2019-10-18 14:30:35,386 [681edbc6-a1fc-42a4-b5ce-4922820de60a@group-FD33B9583E3C-LeaderElection133] INFO  impl.LeaderElection (LeaderElection.java:logAndReturn(56)) - 681edbc6-a1fc-42a4-b5ce-4922820de60a@group-FD33B9583E3C-LeaderElection133: Election REJECTED; received 2 response(s) [681edbc6-a1fc-42a4-b5ce-4922820de60a<-3ee7b367-7b16-44e1-99f8-43aefeda0876#0:FAIL-t132, 681edbc6-a1fc-42a4-b5ce-4922820de60a<-773cce60-eeca-4c1f-a5ec-70084be8b6b9#0:FAIL-t132] and 0 exception(s); 681edbc6-a1fc-42a4-b5ce-4922820de60a@group-FD33B9583E3C:t132, leader=null, voted=681edbc6-a1fc-42a4-b5ce-4922820de60a, raftlog=681edbc6-a1fc-42a4-b5ce-4922820de60a@group-FD33B9583E3C-SegmentedRaftLog:OPENED:c-1,f-1,i0, conf=-1: [3ee7b367-7b16-44e1-99f8-43aefeda0876:192.168.164.233:46080, 681edbc6-a1fc-42a4-b5ce-4922820de60a:192.168.164.233:44267, 773cce60-eeca-4c1f-a5ec-70084be8b6b9:192.168.164.233:38729], old=null
2019-10-18 14:30:35,386 [681edbc6-a1fc-42a4-b5ce-4922820de60a@group-FD33B9583E3C-LeaderElection133] INFO  impl.RaftServerImpl (RaftServerImpl.java:setRole(184)) - 681edbc6-a1fc-42a4-b5ce-4922820de60a@group-FD33B9583E3C: changes role from CANDIDATE to FOLLOWER at term 132 for DISCOVERED_A_NEW_TERM
2019-10-18 14:30:35,387 [681edbc6-a1fc-42a4-b5ce-4922820de60a@group-FD33B9583E3C-LeaderElection133] INFO  impl.RoleInfo (RoleInfo.java:shutdownLeaderElection(134)) - 681edbc6-a1fc-42a4-b5ce-4922820de60a: shutdown LeaderElection
2019-10-18 14:30:35,387 [681edbc6-a1fc-42a4-b5ce-4922820de60a@group-FD33B9583E3C-LeaderElection133] INFO  impl.RoleInfo (RoleInfo.java:updateAndGet(143)) - 681edbc6-a1fc-42a4-b5ce-4922820de60a: start FollowerState
2019-10-18 14:30:35,440 [Datanode State Machine Thread - 0] INFO  statemachine.DatanodeStateMachine (DatanodeStateMachine.java:lambda$startDaemon$0(350)) - Ozone container server started.
2019-10-18 14:30:35,532 [Thread-1400] INFO  impl.FollowerState (FollowerState.java:run(108)) - 681edbc6-a1fc-42a4-b5ce-4922820de60a@group-FD33B9583E3C-FollowerState: change to CANDIDATE, lastRpcTime:145ms, electionTimeout:145ms
2019-10-18 14:30:35,532 [Thread-1400] INFO  impl.RoleInfo (RoleInfo.java:shutdownFollowerState(121)) - 681edbc6-a1fc-42a4-b5ce-4922820de60a: shutdown FollowerState
2019-10-18 14:30:35,532 [Thread-1400] INFO  impl.RaftServerImpl (RaftServerImpl.java:setRole(184)) - 681edbc6-a1fc-42a4-b5ce-4922820de60a@group-FD33B9583E3C: changes role from  FOLLOWER to CANDIDATE at term 132 for changeToCandidate
2019-10-18 14:30:35,533 [Thread-1400] INFO  impl.RoleInfo (RoleInfo.java:updateAndGet(143)) - 681edbc6-a1fc-42a4-b5ce-4922820de60a: start LeaderElection
2019-10-18 14:30:35,546 [681edbc6-a1fc-42a4-b5ce-4922820de60a@group-FD33B9583E3C-LeaderElection134] INFO  impl.LeaderElection (LeaderElection.java:askForVotes(178)) - 681edbc6-a1fc-42a4-b5ce-4922820de60a@group-FD33B9583E3C-LeaderElection134: begin an election at term 133 for -1: [3ee7b367-7b16-44e1-99f8-43aefeda0876:192.168.164.233:46080, 681edbc6-a1fc-42a4-b5ce-4922820de60a:192.168.164.233:44267, 773cce60-eeca-4c1f-a5ec-70084be8b6b9:192.168.164.233:38729], old=null
2019-10-18 14:30:35,548 [grpc-default-executor-1] INFO  impl.RaftServerImpl (RaftServerImpl.java:setRole(184)) - 3ee7b367-7b16-44e1-99f8-43aefeda0876@group-FD33B9583E3C: changes role from  FOLLOWER to FOLLOWER at term 133 for recognizeCandidate:681edbc6-a1fc-42a4-b5ce-4922820de60a
2019-10-18 14:30:35,548 [grpc-default-executor-3] INFO  impl.RaftServerImpl (RaftServerImpl.java:setRole(184)) - 773cce60-eeca-4c1f-a5ec-70084be8b6b9@group-FD33B9583E3C: changes role from  FOLLOWER to FOLLOWER at term 133 for recognizeCandidate:681edbc6-a1fc-42a4-b5ce-4922820de60a
2019-10-18 14:30:35,548 [grpc-default-executor-1] INFO  impl.RoleInfo (RoleInfo.java:shutdownFollowerState(121)) - 3ee7b367-7b16-44e1-99f8-43aefeda0876: shutdown FollowerState
2019-10-18 14:30:35,548 [grpc-default-executor-3] INFO  impl.RoleInfo (RoleInfo.java:shutdownFollowerState(121)) - 773cce60-eeca-4c1f-a5ec-70084be8b6b9: shutdown FollowerState
2019-10-18 14:30:35,548 [grpc-default-executor-1] INFO  impl.RoleInfo (RoleInfo.java:updateAndGet(143)) - 3ee7b367-7b16-44e1-99f8-43aefeda0876: start FollowerState
2019-10-18 14:30:35,548 [Thread-1399] INFO  impl.FollowerState (FollowerState.java:run(117)) - 3ee7b367-7b16-44e1-99f8-43aefeda0876@group-FD33B9583E3C-FollowerState was interrupted: java.lang.InterruptedException: sleep interrupted
2019-10-18 14:30:35,548 [grpc-default-executor-3] INFO  impl.RoleInfo (RoleInfo.java:updateAndGet(143)) - 773cce60-eeca-4c1f-a5ec-70084be8b6b9: start FollowerState
2019-10-18 14:30:35,548 [Thread-1398] INFO  impl.FollowerState (FollowerState.java:run(117)) - 773cce60-eeca-4c1f-a5ec-70084be8b6b9@group-FD33B9583E3C-FollowerState was interrupted: java.lang.InterruptedException: sleep interrupted
2019-10-18 14:30:35,563 [681edbc6-a1fc-42a4-b5ce-4922820de60a@group-FD33B9583E3C-LeaderElection134] INFO  impl.LeaderElection (LeaderElection.java:logAndReturn(56)) - 681edbc6-a1fc-42a4-b5ce-4922820de60a@group-FD33B9583E3C-LeaderElection134: Election REJECTED; received 2 response(s) [681edbc6-a1fc-42a4-b5ce-4922820de60a<-3ee7b367-7b16-44e1-99f8-43aefeda0876#0:FAIL-t133, 681edbc6-a1fc-42a4-b5ce-4922820de60a<-773cce60-eeca-4c1f-a5ec-70084be8b6b9#0:FAIL-t133] and 0 exception(s); 681edbc6-a1fc-42a4-b5ce-4922820de60a@group-FD33B9583E3C:t133, leader=null, voted=681edbc6-a1fc-42a4-b5ce-4922820de60a, raftlog=681edbc6-a1fc-42a4-b5ce-4922820de60a@group-FD33B9583E3C-SegmentedRaftLog:OPENED:c-1,f-1,i0, conf=-1: [3ee7b367-7b16-44e1-99f8-43aefeda0876:192.168.164.233:46080, 681edbc6-a1fc-42a4-b5ce-4922820de60a:192.168.164.233:44267, 773cce60-eeca-4c1f-a5ec-70084be8b6b9:192.168.164.233:38729], old=null
2019-10-18 14:30:35,563 [681edbc6-a1fc-42a4-b5ce-4922820de60a@group-FD33B9583E3C-LeaderElection134] INFO  impl.RaftServerImpl (RaftServerImpl.java:setRole(184)) - 681edbc6-a1fc-42a4-b5ce-4922820de60a@group-FD33B9583E3C: changes role from CANDIDATE to FOLLOWER at term 133 for DISCOVERED_A_NEW_TERM
2019-10-18 14:30:35,563 [681edbc6-a1fc-42a4-b5ce-4922820de60a@group-FD33B9583E3C-LeaderElection134] INFO  impl.RoleInfo (RoleInfo.java:shutdownLeaderElection(134)) - 681edbc6-a1fc-42a4-b5ce-4922820de60a: shutdown LeaderElection
2019-10-18 14:30:35,563 [681edbc6-a1fc-42a4-b5ce-4922820de60a@group-FD33B9583E3C-LeaderElection134] INFO  impl.RoleInfo (RoleInfo.java:updateAndGet(143)) - 681edbc6-a1fc-42a4-b5ce-4922820de60a: start FollowerState
2019-10-18 14:30:35,571 [Thread-1408] INFO  impl.FollowerState (FollowerState.java:run(108)) - 681edbc6-a1fc-42a4-b5ce-4922820de60a@group-FD33B9583E3C-FollowerState: change to CANDIDATE, lastRpcTime:7ms, electionTimeout:7ms
2019-10-18 14:30:35,571 [Thread-1408] INFO  impl.RoleInfo (RoleInfo.java:shutdownFollowerState(121)) - 681edbc6-a1fc-42a4-b5ce-4922820de60a: shutdown FollowerState
2019-10-18 14:30:35,571 [Thread-1408] INFO  impl.RaftServerImpl (RaftServerImpl.java:setRole(184)) - 681edbc6-a1fc-42a4-b5ce-4922820de60a@group-FD33B9583E3C: changes role from  FOLLOWER to CANDIDATE at term 133 for changeToCandidate
2019-10-18 14:30:35,571 [Thread-1408] INFO  impl.RoleInfo (RoleInfo.java:updateAndGet(143)) - 681edbc6-a1fc-42a4-b5ce-4922820de60a: start LeaderElection
2019-10-18 14:30:35,585 [681edbc6-a1fc-42a4-b5ce-4922820de60a@group-FD33B9583E3C-LeaderElection135] INFO  impl.LeaderElection (LeaderElection.java:askForVotes(178)) - 681edbc6-a1fc-42a4-b5ce-4922820de60a@group-FD33B9583E3C-LeaderElection135: begin an election at term 134 for -1: [3ee7b367-7b16-44e1-99f8-43aefeda0876:192.168.164.233:46080, 681edbc6-a1fc-42a4-b5ce-4922820de60a:192.168.164.233:44267, 773cce60-eeca-4c1f-a5ec-70084be8b6b9:192.168.164.233:38729], old=null
2019-10-18 14:30:35,586 [grpc-default-executor-1] INFO  impl.RaftServerImpl (RaftServerImpl.java:setRole(184)) - 3ee7b367-7b16-44e1-99f8-43aefeda0876@group-FD33B9583E3C: changes role from  FOLLOWER to FOLLOWER at term 134 for recognizeCandidate:681edbc6-a1fc-42a4-b5ce-4922820de60a
2019-10-18 14:30:35,586 [grpc-default-executor-3] INFO  impl.RaftServerImpl (RaftServerImpl.java:setRole(184)) - 773cce60-eeca-4c1f-a5ec-70084be8b6b9@group-FD33B9583E3C: changes role from  FOLLOWER to FOLLOWER at term 134 for recognizeCandidate:681edbc6-a1fc-42a4-b5ce-4922820de60a
2019-10-18 14:30:35,587 [grpc-default-executor-1] INFO  impl.RoleInfo (RoleInfo.java:shutdownFollowerState(121)) - 3ee7b367-7b16-44e1-99f8-43aefeda0876: shutdown FollowerState
2019-10-18 14:30:35,587 [grpc-default-executor-3] INFO  impl.RoleInfo (RoleInfo.java:shutdownFollowerState(121)) - 773cce60-eeca-4c1f-a5ec-70084be8b6b9: shutdown FollowerState
2019-10-18 14:30:35,587 [grpc-default-executor-1] INFO  impl.RoleInfo (RoleInfo.java:updateAndGet(143)) - 3ee7b367-7b16-44e1-99f8-43aefeda0876: start FollowerState
2019-10-18 14:30:35,587 [Thread-1407] INFO  impl.FollowerState (FollowerState.java:run(117)) - 773cce60-eeca-4c1f-a5ec-70084be8b6b9@group-FD33B9583E3C-FollowerState was interrupted: java.lang.InterruptedException: sleep interrupted
2019-10-18 14:30:35,587 [Thread-1406] INFO  impl.FollowerState (FollowerState.java:run(117)) - 3ee7b367-7b16-44e1-99f8-43aefeda0876@group-FD33B9583E3C-FollowerState was interrupted: java.lang.InterruptedException: sleep interrupted
2019-10-18 14:30:35,587 [grpc-default-executor-3] INFO  impl.RoleInfo (RoleInfo.java:updateAndGet(143)) - 773cce60-eeca-4c1f-a5ec-70084be8b6b9: start FollowerState
2019-10-18 14:30:35,601 [681edbc6-a1fc-42a4-b5ce-4922820de60a@group-FD33B9583E3C-LeaderElection135] INFO  impl.LeaderElection (LeaderElection.java:logAndReturn(56)) - 681edbc6-a1fc-42a4-b5ce-4922820de60a@group-FD33B9583E3C-LeaderElection135: Election REJECTED; received 2 response(s) [681edbc6-a1fc-42a4-b5ce-4922820de60a<-3ee7b367-7b16-44e1-99f8-43aefeda0876#0:FAIL-t134, 681edbc6-a1fc-42a4-b5ce-4922820de60a<-773cce60-eeca-4c1f-a5ec-70084be8b6b9#0:FAIL-t134] and 0 exception(s); 681edbc6-a1fc-42a4-b5ce-4922820de60a@group-FD33B9583E3C:t134, leader=null, voted=681edbc6-a1fc-42a4-b5ce-4922820de60a, raftlog=681edbc6-a1fc-42a4-b5ce-4922820de60a@group-FD33B9583E3C-SegmentedRaftLog:OPENED:c-1,f-1,i0, conf=-1: [3ee7b367-7b16-44e1-99f8-43aefeda0876:192.168.164.233:46080, 681edbc6-a1fc-42a4-b5ce-4922820de60a:192.168.164.233:44267, 773cce60-eeca-4c1f-a5ec-70084be8b6b9:192.168.164.233:38729], old=null
2019-10-18 14:30:35,601 [681edbc6-a1fc-42a4-b5ce-4922820de60a@group-FD33B9583E3C-LeaderElection135] INFO  impl.RaftServerImpl (RaftServerImpl.java:setRole(184)) - 681edbc6-a1fc-42a4-b5ce-4922820de60a@group-FD33B9583E3C: changes role from CANDIDATE to FOLLOWER at term 134 for DISCOVERED_A_NEW_TERM
2019-10-18 14:30:35,601 [681edbc6-a1fc-42a4-b5ce-4922820de60a@group-FD33B9583E3C-LeaderElection135] INFO  impl.RoleInfo (RoleInfo.java:shutdownLeaderElection(134)) - 681edbc6-a1fc-42a4-b5ce-4922820de60a: shutdown LeaderElection
2019-10-18 14:30:35,601 [681edbc6-a1fc-42a4-b5ce-4922820de60a@group-FD33B9583E3C-LeaderElection135] INFO  impl.RoleInfo (RoleInfo.java:updateAndGet(143)) - 681edbc6-a1fc-42a4-b5ce-4922820de60a: start FollowerState
2019-10-18 14:30:35,767 [Datanode State Machine Thread - 0] INFO  statemachine.DatanodeStateMachine (DatanodeStateMachine.java:lambda$startDaemon$0(350)) - Ozone container server started.
2019-10-18 14:30:35,768 [Thread-1414] INFO  impl.FollowerState (FollowerState.java:run(108)) - 681edbc6-a1fc-42a4-b5ce-4922820de60a@group-FD33B9583E3C-FollowerState: change to CANDIDATE, lastRpcTime:166ms, electionTimeout:166ms
2019-10-18 14:30:35,768 [Thread-1414] INFO  impl.RoleInfo (RoleInfo.java:shutdownFollowerState(121)) - 681edbc6-a1fc-42a4-b5ce-4922820de60a: shutdown FollowerState
2019-10-18 14:30:35,768 [Thread-1414] INFO  impl.RaftServerImpl (RaftServerImpl.java:setRole(184)) - 681edbc6-a1fc-42a4-b5ce-4922820de60a@group-FD33B9583E3C: changes role from  FOLLOWER to CANDIDATE at term 134 for changeToCandidate
2019-10-18 14:30:35,768 [Thread-1414] INFO  impl.RoleInfo (RoleInfo.java:updateAndGet(143)) - 681edbc6-a1fc-42a4-b5ce-4922820de60a: start LeaderElection
2019-10-18 14:30:35,781 [681edbc6-a1fc-42a4-b5ce-4922820de60a@group-FD33B9583E3C-LeaderElection136] INFO  impl.LeaderElection (LeaderElection.java:askForVotes(178)) - 681edbc6-a1fc-42a4-b5ce-4922820de60a@group-FD33B9583E3C-LeaderElection136: begin an election at term 135 for -1: [3ee7b367-7b16-44e1-99f8-43aefeda0876:192.168.164.233:46080, 681edbc6-a1fc-42a4-b5ce-4922820de60a:192.168.164.233:44267, 773cce60-eeca-4c1f-a5ec-70084be8b6b9:192.168.164.233:38729], old=null
2019-10-18 14:30:35,783 [grpc-default-executor-1] INFO  impl.RaftServerImpl (RaftServerImpl.java:setRole(184)) - 3ee7b367-7b16-44e1-99f8-43aefeda0876@group-FD33B9583E3C: changes role from  FOLLOWER to FOLLOWER at term 135 for recognizeCandidate:681edbc6-a1fc-42a4-b5ce-4922820de60a
2019-10-18 14:30:35,783 [grpc-default-executor-3] INFO  impl.RaftServerImpl (RaftServerImpl.java:setRole(184)) - 773cce60-eeca-4c1f-a5ec-70084be8b6b9@group-FD33B9583E3C: changes role from  FOLLOWER to FOLLOWER at term 135 for recognizeCandidate:681edbc6-a1fc-42a4-b5ce-4922820de60a
2019-10-18 14:30:35,783 [grpc-default-executor-1] INFO  impl.RoleInfo (RoleInfo.java:shutdownFollowerState(121)) - 3ee7b367-7b16-44e1-99f8-43aefeda0876: shutdown FollowerState
2019-10-18 14:30:35,783 [grpc-default-executor-3] INFO  impl.RoleInfo (RoleInfo.java:shutdownFollowerState(121)) - 773cce60-eeca-4c1f-a5ec-70084be8b6b9: shutdown FollowerState
2019-10-18 14:30:35,784 [Thread-1412] INFO  impl.FollowerState (FollowerState.java:run(117)) - 3ee7b367-7b16-44e1-99f8-43aefeda0876@group-FD33B9583E3C-FollowerState was interrupted: java.lang.InterruptedException: sleep interrupted
2019-10-18 14:30:35,784 [grpc-default-executor-1] INFO  impl.RoleInfo (RoleInfo.java:updateAndGet(143)) - 3ee7b367-7b16-44e1-99f8-43aefeda0876: start FollowerState
2019-10-18 14:30:35,784 [Thread-1413] INFO  impl.FollowerState (FollowerState.java:run(117)) - 773cce60-eeca-4c1f-a5ec-70084be8b6b9@group-FD33B9583E3C-FollowerState was interrupted: java.lang.InterruptedException: sleep interrupted
2019-10-18 14:30:35,784 [grpc-default-executor-3] INFO  impl.RoleInfo (RoleInfo.java:updateAndGet(143)) - 773cce60-eeca-4c1f-a5ec-70084be8b6b9: start FollowerState
2019-10-18 14:30:35,798 [681edbc6-a1fc-42a4-b5ce-4922820de60a@group-FD33B9583E3C-LeaderElection136] INFO  impl.LeaderElection (LeaderElection.java:logAndReturn(56)) - 681edbc6-a1fc-42a4-b5ce-4922820de60a@group-FD33B9583E3C-LeaderElection136: Election REJECTED; received 2 response(s) [681edbc6-a1fc-42a4-b5ce-4922820de60a<-3ee7b367-7b16-44e1-99f8-43aefeda0876#0:FAIL-t135, 681edbc6-a1fc-42a4-b5ce-4922820de60a<-773cce60-eeca-4c1f-a5ec-70084be8b6b9#0:FAIL-t135] and 0 exception(s); 681edbc6-a1fc-42a4-b5ce-4922820de60a@group-FD33B9583E3C:t135, leader=null, voted=681edbc6-a1fc-42a4-b5ce-4922820de60a, raftlog=681edbc6-a1fc-42a4-b5ce-4922820de60a@group-FD33B9583E3C-SegmentedRaftLog:OPENED:c-1,f-1,i0, conf=-1: [3ee7b367-7b16-44e1-99f8-43aefeda0876:192.168.164.233:46080, 681edbc6-a1fc-42a4-b5ce-4922820de60a:192.168.164.233:44267, 773cce60-eeca-4c1f-a5ec-70084be8b6b9:192.168.164.233:38729], old=null
2019-10-18 14:30:35,799 [681edbc6-a1fc-42a4-b5ce-4922820de60a@group-FD33B9583E3C-LeaderElection136] INFO  impl.RaftServerImpl (RaftServerImpl.java:setRole(184)) - 681edbc6-a1fc-42a4-b5ce-4922820de60a@group-FD33B9583E3C: changes role from CANDIDATE to FOLLOWER at term 135 for DISCOVERED_A_NEW_TERM
2019-10-18 14:30:35,799 [681edbc6-a1fc-42a4-b5ce-4922820de60a@group-FD33B9583E3C-LeaderElection136] INFO  impl.RoleInfo (RoleInfo.java:shutdownLeaderElection(134)) - 681edbc6-a1fc-42a4-b5ce-4922820de60a: shutdown LeaderElection
2019-10-18 14:30:35,799 [681edbc6-a1fc-42a4-b5ce-4922820de60a@group-FD33B9583E3C-LeaderElection136] INFO  impl.RoleInfo (RoleInfo.java:updateAndGet(143)) - 681edbc6-a1fc-42a4-b5ce-4922820de60a: start FollowerState
2019-10-18 14:30:35,845 [Thread-1420] INFO  impl.FollowerState (FollowerState.java:run(108)) - 681edbc6-a1fc-42a4-b5ce-4922820de60a@group-FD33B9583E3C-FollowerState: change to CANDIDATE, lastRpcTime:46ms, electionTimeout:46ms
2019-10-18 14:30:35,846 [Thread-1420] INFO  impl.RoleInfo (RoleInfo.java:shutdownFollowerState(121)) - 681edbc6-a1fc-42a4-b5ce-4922820de60a: shutdown FollowerState
2019-10-18 14:30:35,846 [Thread-1420] INFO  impl.RaftServerImpl (RaftServerImpl.java:setRole(184)) - 681edbc6-a1fc-42a4-b5ce-4922820de60a@group-FD33B9583E3C: changes role from  FOLLOWER to CANDIDATE at term 135 for changeToCandidate
2019-10-18 14:30:35,846 [Thread-1420] INFO  impl.RoleInfo (RoleInfo.java:updateAndGet(143)) - 681edbc6-a1fc-42a4-b5ce-4922820de60a: start LeaderElection
2019-10-18 14:30:35,859 [681edbc6-a1fc-42a4-b5ce-4922820de60a@group-FD33B9583E3C-LeaderElection137] INFO  impl.LeaderElection (LeaderElection.java:askForVotes(178)) - 681edbc6-a1fc-42a4-b5ce-4922820de60a@group-FD33B9583E3C-LeaderElection137: begin an election at term 136 for -1: [3ee7b367-7b16-44e1-99f8-43aefeda0876:192.168.164.233:46080, 681edbc6-a1fc-42a4-b5ce-4922820de60a:192.168.164.233:44267, 773cce60-eeca-4c1f-a5ec-70084be8b6b9:192.168.164.233:38729], old=null
2019-10-18 14:30:35,861 [grpc-default-executor-3] INFO  impl.RaftServerImpl (RaftServerImpl.java:setRole(184)) - 773cce60-eeca-4c1f-a5ec-70084be8b6b9@group-FD33B9583E3C: changes role from  FOLLOWER to FOLLOWER at term 136 for recognizeCandidate:681edbc6-a1fc-42a4-b5ce-4922820de60a
2019-10-18 14:30:35,861 [grpc-default-executor-1] INFO  impl.RaftServerImpl (RaftServerImpl.java:setRole(184)) - 3ee7b367-7b16-44e1-99f8-43aefeda0876@group-FD33B9583E3C: changes role from  FOLLOWER to FOLLOWER at term 136 for recognizeCandidate:681edbc6-a1fc-42a4-b5ce-4922820de60a
2019-10-18 14:30:35,862 [grpc-default-executor-3] INFO  impl.RoleInfo (RoleInfo.java:shutdownFollowerState(121)) - 773cce60-eeca-4c1f-a5ec-70084be8b6b9: shutdown FollowerState
2019-10-18 14:30:35,862 [grpc-default-executor-1] INFO  impl.RoleInfo (RoleInfo.java:shutdownFollowerState(121)) - 3ee7b367-7b16-44e1-99f8-43aefeda0876: shutdown FollowerState
2019-10-18 14:30:35,862 [grpc-default-executor-3] INFO  impl.RoleInfo (RoleInfo.java:updateAndGet(143)) - 773cce60-eeca-4c1f-a5ec-70084be8b6b9: start FollowerState
2019-10-18 14:30:35,862 [grpc-default-executor-1] INFO  impl.RoleInfo (RoleInfo.java:updateAndGet(143)) - 3ee7b367-7b16-44e1-99f8-43aefeda0876: start FollowerState
2019-10-18 14:30:35,862 [Thread-1419] INFO  impl.FollowerState (FollowerState.java:run(117)) - 773cce60-eeca-4c1f-a5ec-70084be8b6b9@group-FD33B9583E3C-FollowerState was interrupted: java.lang.InterruptedException: sleep interrupted
2019-10-18 14:30:35,862 [Thread-1418] INFO  impl.FollowerState (FollowerState.java:run(117)) - 3ee7b367-7b16-44e1-99f8-43aefeda0876@group-FD33B9583E3C-FollowerState was interrupted: java.lang.InterruptedException: sleep interrupted
2019-10-18 14:30:35,876 [681edbc6-a1fc-42a4-b5ce-4922820de60a@group-FD33B9583E3C-LeaderElection137] INFO  impl.LeaderElection (LeaderElection.java:logAndReturn(56)) - 681edbc6-a1fc-42a4-b5ce-4922820de60a@group-FD33B9583E3C-LeaderElection137: Election REJECTED; received 2 response(s) [681edbc6-a1fc-42a4-b5ce-4922820de60a<-3ee7b367-7b16-44e1-99f8-43aefeda0876#0:FAIL-t136, 681edbc6-a1fc-42a4-b5ce-4922820de60a<-773cce60-eeca-4c1f-a5ec-70084be8b6b9#0:FAIL-t136] and 0 exception(s); 681edbc6-a1fc-42a4-b5ce-4922820de60a@group-FD33B9583E3C:t136, leader=null, voted=681edbc6-a1fc-42a4-b5ce-4922820de60a, raftlog=681edbc6-a1fc-42a4-b5ce-4922820de60a@group-FD33B9583E3C-SegmentedRaftLog:OPENED:c-1,f-1,i0, conf=-1: [3ee7b367-7b16-44e1-99f8-43aefeda0876:192.168.164.233:46080, 681edbc6-a1fc-42a4-b5ce-4922820de60a:192.168.164.233:44267, 773cce60-eeca-4c1f-a5ec-70084be8b6b9:192.168.164.233:38729], old=null
2019-10-18 14:30:35,876 [681edbc6-a1fc-42a4-b5ce-4922820de60a@group-FD33B9583E3C-LeaderElection137] INFO  impl.RaftServerImpl (RaftServerImpl.java:setRole(184)) - 681edbc6-a1fc-42a4-b5ce-4922820de60a@group-FD33B9583E3C: changes role from CANDIDATE to FOLLOWER at term 136 for DISCOVERED_A_NEW_TERM
2019-10-18 14:30:35,876 [681edbc6-a1fc-42a4-b5ce-4922820de60a@group-FD33B9583E3C-LeaderElection137] INFO  impl.RoleInfo (RoleInfo.java:shutdownLeaderElection(134)) - 681edbc6-a1fc-42a4-b5ce-4922820de60a: shutdown LeaderElection
2019-10-18 14:30:35,876 [681edbc6-a1fc-42a4-b5ce-4922820de60a@group-FD33B9583E3C-LeaderElection137] INFO  impl.RoleInfo (RoleInfo.java:updateAndGet(143)) - 681edbc6-a1fc-42a4-b5ce-4922820de60a: start FollowerState
2019-10-18 14:30:36,031 [Thread-1426] INFO  impl.FollowerState (FollowerState.java:run(108)) - 681edbc6-a1fc-42a4-b5ce-4922820de60a@group-FD33B9583E3C-FollowerState: change to CANDIDATE, lastRpcTime:154ms, electionTimeout:154ms
2019-10-18 14:30:36,031 [Thread-1426] INFO  impl.RoleInfo (RoleInfo.java:shutdownFollowerState(121)) - 681edbc6-a1fc-42a4-b5ce-4922820de60a: shutdown FollowerState
2019-10-18 14:30:36,031 [Thread-1426] INFO  impl.RaftServerImpl (RaftServerImpl.java:setRole(184)) - 681edbc6-a1fc-42a4-b5ce-4922820de60a@group-FD33B9583E3C: changes role from  FOLLOWER to CANDIDATE at term 136 for changeToCandidate
2019-10-18 14:30:36,031 [Thread-1426] INFO  impl.RoleInfo (RoleInfo.java:updateAndGet(143)) - 681edbc6-a1fc-42a4-b5ce-4922820de60a: start LeaderElection
2019-10-18 14:30:36,045 [681edbc6-a1fc-42a4-b5ce-4922820de60a@group-FD33B9583E3C-LeaderElection138] INFO  impl.LeaderElection (LeaderElection.java:askForVotes(178)) - 681edbc6-a1fc-42a4-b5ce-4922820de60a@group-FD33B9583E3C-LeaderElection138: begin an election at term 137 for -1: [3ee7b367-7b16-44e1-99f8-43aefeda0876:192.168.164.233:46080, 681edbc6-a1fc-42a4-b5ce-4922820de60a:192.168.164.233:44267, 773cce60-eeca-4c1f-a5ec-70084be8b6b9:192.168.164.233:38729], old=null
2019-10-18 14:30:36,047 [grpc-default-executor-1] INFO  impl.RaftServerImpl (RaftServerImpl.java:setRole(184)) - 3ee7b367-7b16-44e1-99f8-43aefeda0876@group-FD33B9583E3C: changes role from  FOLLOWER to FOLLOWER at term 137 for recognizeCandidate:681edbc6-a1fc-42a4-b5ce-4922820de60a
2019-10-18 14:30:36,047 [grpc-default-executor-3] INFO  impl.RaftServerImpl (RaftServerImpl.java:setRole(184)) - 773cce60-eeca-4c1f-a5ec-70084be8b6b9@group-FD33B9583E3C: changes role from  FOLLOWER to FOLLOWER at term 137 for recognizeCandidate:681edbc6-a1fc-42a4-b5ce-4922820de60a
2019-10-18 14:30:36,047 [grpc-default-executor-1] INFO  impl.RoleInfo (RoleInfo.java:shutdownFollowerState(121)) - 3ee7b367-7b16-44e1-99f8-43aefeda0876: shutdown FollowerState
2019-10-18 14:30:36,047 [grpc-default-executor-3] INFO  impl.RoleInfo (RoleInfo.java:shutdownFollowerState(121)) - 773cce60-eeca-4c1f-a5ec-70084be8b6b9: shutdown FollowerState
2019-10-18 14:30:36,047 [grpc-default-executor-1] INFO  impl.RoleInfo (RoleInfo.java:updateAndGet(143)) - 3ee7b367-7b16-44e1-99f8-43aefeda0876: start FollowerState
2019-10-18 14:30:36,047 [grpc-default-executor-3] INFO  impl.RoleInfo (RoleInfo.java:updateAndGet(143)) - 773cce60-eeca-4c1f-a5ec-70084be8b6b9: start FollowerState
2019-10-18 14:30:36,047 [Thread-1425] INFO  impl.FollowerState (FollowerState.java:run(117)) - 3ee7b367-7b16-44e1-99f8-43aefeda0876@group-FD33B9583E3C-FollowerState was interrupted: java.lang.InterruptedException: sleep interrupted
2019-10-18 14:30:36,048 [Thread-1424] INFO  impl.FollowerState (FollowerState.java:run(117)) - 773cce60-eeca-4c1f-a5ec-70084be8b6b9@group-FD33B9583E3C-FollowerState was interrupted: java.lang.InterruptedException: sleep interrupted
2019-10-18 14:30:36,061 [681edbc6-a1fc-42a4-b5ce-4922820de60a@group-FD33B9583E3C-LeaderElection138] INFO  impl.LeaderElection (LeaderElection.java:logAndReturn(56)) - 681edbc6-a1fc-42a4-b5ce-4922820de60a@group-FD33B9583E3C-LeaderElection138: Election REJECTED; received 2 response(s) [681edbc6-a1fc-42a4-b5ce-4922820de60a<-3ee7b367-7b16-44e1-99f8-43aefeda0876#0:FAIL-t137, 681edbc6-a1fc-42a4-b5ce-4922820de60a<-773cce60-eeca-4c1f-a5ec-70084be8b6b9#0:FAIL-t137] and 0 exception(s); 681edbc6-a1fc-42a4-b5ce-4922820de60a@group-FD33B9583E3C:t137, leader=null, voted=681edbc6-a1fc-42a4-b5ce-4922820de60a, raftlog=681edbc6-a1fc-42a4-b5ce-4922820de60a@group-FD33B9583E3C-SegmentedRaftLog:OPENED:c-1,f-1,i0, conf=-1: [3ee7b367-7b16-44e1-99f8-43aefeda0876:192.168.164.233:46080, 681edbc6-a1fc-42a4-b5ce-4922820de60a:192.168.164.233:44267, 773cce60-eeca-4c1f-a5ec-70084be8b6b9:192.168.164.233:38729], old=null
2019-10-18 14:30:36,062 [681edbc6-a1fc-42a4-b5ce-4922820de60a@group-FD33B9583E3C-LeaderElection138] INFO  impl.RaftServerImpl (RaftServerImpl.java:setRole(184)) - 681edbc6-a1fc-42a4-b5ce-4922820de60a@group-FD33B9583E3C: changes role from CANDIDATE to FOLLOWER at term 137 for DISCOVERED_A_NEW_TERM
2019-10-18 14:30:36,062 [681edbc6-a1fc-42a4-b5ce-4922820de60a@group-FD33B9583E3C-LeaderElection138] INFO  impl.RoleInfo (RoleInfo.java:shutdownLeaderElection(134)) - 681edbc6-a1fc-42a4-b5ce-4922820de60a: shutdown LeaderElection
2019-10-18 14:30:36,062 [681edbc6-a1fc-42a4-b5ce-4922820de60a@group-FD33B9583E3C-LeaderElection138] INFO  impl.RoleInfo (RoleInfo.java:updateAndGet(143)) - 681edbc6-a1fc-42a4-b5ce-4922820de60a: start FollowerState
2019-10-18 14:30:36,210 [Thread-1434] INFO  impl.FollowerState (FollowerState.java:run(108)) - 681edbc6-a1fc-42a4-b5ce-4922820de60a@group-FD33B9583E3C-FollowerState: change to CANDIDATE, lastRpcTime:148ms, electionTimeout:148ms
2019-10-18 14:30:36,211 [Thread-1434] INFO  impl.RoleInfo (RoleInfo.java:shutdownFollowerState(121)) - 681edbc6-a1fc-42a4-b5ce-4922820de60a: shutdown FollowerState
2019-10-18 14:30:36,211 [Thread-1434] INFO  impl.RaftServerImpl (RaftServerImpl.java:setRole(184)) - 681edbc6-a1fc-42a4-b5ce-4922820de60a@group-FD33B9583E3C: changes role from  FOLLOWER to CANDIDATE at term 137 for changeToCandidate
2019-10-18 14:30:36,211 [Thread-1434] INFO  impl.RoleInfo (RoleInfo.java:updateAndGet(143)) - 681edbc6-a1fc-42a4-b5ce-4922820de60a: start LeaderElection
2019-10-18 14:30:36,224 [681edbc6-a1fc-42a4-b5ce-4922820de60a@group-FD33B9583E3C-LeaderElection139] INFO  impl.LeaderElection (LeaderElection.java:askForVotes(178)) - 681edbc6-a1fc-42a4-b5ce-4922820de60a@group-FD33B9583E3C-LeaderElection139: begin an election at term 138 for -1: [3ee7b367-7b16-44e1-99f8-43aefeda0876:192.168.164.233:46080, 681edbc6-a1fc-42a4-b5ce-4922820de60a:192.168.164.233:44267, 773cce60-eeca-4c1f-a5ec-70084be8b6b9:192.168.164.233:38729], old=null
2019-10-18 14:30:36,225 [grpc-default-executor-1] INFO  impl.RaftServerImpl (RaftServerImpl.java:setRole(184)) - 3ee7b367-7b16-44e1-99f8-43aefeda0876@group-FD33B9583E3C: changes role from  FOLLOWER to FOLLOWER at term 138 for recognizeCandidate:681edbc6-a1fc-42a4-b5ce-4922820de60a
2019-10-18 14:30:36,226 [grpc-default-executor-1] INFO  impl.RoleInfo (RoleInfo.java:shutdownFollowerState(121)) - 3ee7b367-7b16-44e1-99f8-43aefeda0876: shutdown FollowerState
2019-10-18 14:30:36,225 [grpc-default-executor-3] INFO  impl.RaftServerImpl (RaftServerImpl.java:setRole(184)) - 773cce60-eeca-4c1f-a5ec-70084be8b6b9@group-FD33B9583E3C: changes role from  FOLLOWER to FOLLOWER at term 138 for recognizeCandidate:681edbc6-a1fc-42a4-b5ce-4922820de60a
2019-10-18 14:30:36,226 [Thread-1432] INFO  impl.FollowerState (FollowerState.java:run(117)) - 3ee7b367-7b16-44e1-99f8-43aefeda0876@group-FD33B9583E3C-FollowerState was interrupted: java.lang.InterruptedException: sleep interrupted
2019-10-18 14:30:36,226 [grpc-default-executor-1] INFO  impl.RoleInfo (RoleInfo.java:updateAndGet(143)) - 3ee7b367-7b16-44e1-99f8-43aefeda0876: start FollowerState
2019-10-18 14:30:36,226 [grpc-default-executor-3] INFO  impl.RoleInfo (RoleInfo.java:shutdownFollowerState(121)) - 773cce60-eeca-4c1f-a5ec-70084be8b6b9: shutdown FollowerState
2019-10-18 14:30:36,226 [grpc-default-executor-3] INFO  impl.RoleInfo (RoleInfo.java:updateAndGet(143)) - 773cce60-eeca-4c1f-a5ec-70084be8b6b9: start FollowerState
2019-10-18 14:30:36,226 [Thread-1433] INFO  impl.FollowerState (FollowerState.java:run(117)) - 773cce60-eeca-4c1f-a5ec-70084be8b6b9@group-FD33B9583E3C-FollowerState was interrupted: java.lang.InterruptedException: sleep interrupted
2019-10-18 14:30:36,240 [681edbc6-a1fc-42a4-b5ce-4922820de60a@group-FD33B9583E3C-LeaderElection139] INFO  impl.LeaderElection (LeaderElection.java:logAndReturn(56)) - 681edbc6-a1fc-42a4-b5ce-4922820de60a@group-FD33B9583E3C-LeaderElection139: Election REJECTED; received 2 response(s) [681edbc6-a1fc-42a4-b5ce-4922820de60a<-3ee7b367-7b16-44e1-99f8-43aefeda0876#0:FAIL-t138, 681edbc6-a1fc-42a4-b5ce-4922820de60a<-773cce60-eeca-4c1f-a5ec-70084be8b6b9#0:FAIL-t138] and 0 exception(s); 681edbc6-a1fc-42a4-b5ce-4922820de60a@group-FD33B9583E3C:t138, leader=null, voted=681edbc6-a1fc-42a4-b5ce-4922820de60a, raftlog=681edbc6-a1fc-42a4-b5ce-4922820de60a@group-FD33B9583E3C-SegmentedRaftLog:OPENED:c-1,f-1,i0, conf=-1: [3ee7b367-7b16-44e1-99f8-43aefeda0876:192.168.164.233:46080, 681edbc6-a1fc-42a4-b5ce-4922820de60a:192.168.164.233:44267, 773cce60-eeca-4c1f-a5ec-70084be8b6b9:192.168.164.233:38729], old=null
2019-10-18 14:30:36,240 [681edbc6-a1fc-42a4-b5ce-4922820de60a@group-FD33B9583E3C-LeaderElection139] INFO  impl.RaftServerImpl (RaftServerImpl.java:setRole(184)) - 681edbc6-a1fc-42a4-b5ce-4922820de60a@group-FD33B9583E3C: changes role from CANDIDATE to FOLLOWER at term 138 for DISCOVERED_A_NEW_TERM
2019-10-18 14:30:36,240 [681edbc6-a1fc-42a4-b5ce-4922820de60a@group-FD33B9583E3C-LeaderElection139] INFO  impl.RoleInfo (RoleInfo.java:shutdownLeaderElection(134)) - 681edbc6-a1fc-42a4-b5ce-4922820de60a: shutdown LeaderElection
2019-10-18 14:30:36,241 [681edbc6-a1fc-42a4-b5ce-4922820de60a@group-FD33B9583E3C-LeaderElection139] INFO  impl.RoleInfo (RoleInfo.java:updateAndGet(143)) - 681edbc6-a1fc-42a4-b5ce-4922820de60a: start FollowerState
2019-10-18 14:30:36,308 [Thread-1440] INFO  impl.FollowerState (FollowerState.java:run(108)) - 681edbc6-a1fc-42a4-b5ce-4922820de60a@group-FD33B9583E3C-FollowerState: change to CANDIDATE, lastRpcTime:67ms, electionTimeout:67ms
2019-10-18 14:30:36,308 [Thread-1440] INFO  impl.RoleInfo (RoleInfo.java:shutdownFollowerState(121)) - 681edbc6-a1fc-42a4-b5ce-4922820de60a: shutdown FollowerState
2019-10-18 14:30:36,308 [Thread-1440] INFO  impl.RaftServerImpl (RaftServerImpl.java:setRole(184)) - 681edbc6-a1fc-42a4-b5ce-4922820de60a@group-FD33B9583E3C: changes role from  FOLLOWER to CANDIDATE at term 138 for changeToCandidate
2019-10-18 14:30:36,308 [Thread-1440] INFO  impl.RoleInfo (RoleInfo.java:updateAndGet(143)) - 681edbc6-a1fc-42a4-b5ce-4922820de60a: start LeaderElection
2019-10-18 14:30:36,322 [681edbc6-a1fc-42a4-b5ce-4922820de60a@group-FD33B9583E3C-LeaderElection140] INFO  impl.LeaderElection (LeaderElection.java:askForVotes(178)) - 681edbc6-a1fc-42a4-b5ce-4922820de60a@group-FD33B9583E3C-LeaderElection140: begin an election at term 139 for -1: [3ee7b367-7b16-44e1-99f8-43aefeda0876:192.168.164.233:46080, 681edbc6-a1fc-42a4-b5ce-4922820de60a:192.168.164.233:44267, 773cce60-eeca-4c1f-a5ec-70084be8b6b9:192.168.164.233:38729], old=null
2019-10-18 14:30:36,323 [grpc-default-executor-1] INFO  impl.RaftServerImpl (RaftServerImpl.java:setRole(184)) - 773cce60-eeca-4c1f-a5ec-70084be8b6b9@group-FD33B9583E3C: changes role from  FOLLOWER to FOLLOWER at term 139 for recognizeCandidate:681edbc6-a1fc-42a4-b5ce-4922820de60a
2019-10-18 14:30:36,323 [grpc-default-executor-3] INFO  impl.RaftServerImpl (RaftServerImpl.java:setRole(184)) - 3ee7b367-7b16-44e1-99f8-43aefeda0876@group-FD33B9583E3C: changes role from  FOLLOWER to FOLLOWER at term 139 for recognizeCandidate:681edbc6-a1fc-42a4-b5ce-4922820de60a
2019-10-18 14:30:36,324 [grpc-default-executor-3] INFO  impl.RoleInfo (RoleInfo.java:shutdownFollowerState(121)) - 3ee7b367-7b16-44e1-99f8-43aefeda0876: shutdown FollowerState
2019-10-18 14:30:36,324 [grpc-default-executor-1] INFO  impl.RoleInfo (RoleInfo.java:shutdownFollowerState(121)) - 773cce60-eeca-4c1f-a5ec-70084be8b6b9: shutdown FollowerState
2019-10-18 14:30:36,324 [grpc-default-executor-3] INFO  impl.RoleInfo (RoleInfo.java:updateAndGet(143)) - 3ee7b367-7b16-44e1-99f8-43aefeda0876: start FollowerState
2019-10-18 14:30:36,324 [grpc-default-executor-1] INFO  impl.RoleInfo (RoleInfo.java:updateAndGet(143)) - 773cce60-eeca-4c1f-a5ec-70084be8b6b9: start FollowerState
2019-10-18 14:30:36,324 [Thread-1438] INFO  impl.FollowerState (FollowerState.java:run(117)) - 3ee7b367-7b16-44e1-99f8-43aefeda0876@group-FD33B9583E3C-FollowerState was interrupted: java.lang.InterruptedException: sleep interrupted
2019-10-18 14:30:36,324 [Thread-1439] INFO  impl.FollowerState (FollowerState.java:run(117)) - 773cce60-eeca-4c1f-a5ec-70084be8b6b9@group-FD33B9583E3C-FollowerState was interrupted: java.lang.InterruptedException: sleep interrupted
2019-10-18 14:30:36,338 [681edbc6-a1fc-42a4-b5ce-4922820de60a@group-FD33B9583E3C-LeaderElection140] INFO  impl.LeaderElection (LeaderElection.java:logAndReturn(56)) - 681edbc6-a1fc-42a4-b5ce-4922820de60a@group-FD33B9583E3C-LeaderElection140: Election REJECTED; received 2 response(s) [681edbc6-a1fc-42a4-b5ce-4922820de60a<-3ee7b367-7b16-44e1-99f8-43aefeda0876#0:FAIL-t139, 681edbc6-a1fc-42a4-b5ce-4922820de60a<-773cce60-eeca-4c1f-a5ec-70084be8b6b9#0:FAIL-t139] and 0 exception(s); 681edbc6-a1fc-42a4-b5ce-4922820de60a@group-FD33B9583E3C:t139, leader=null, voted=681edbc6-a1fc-42a4-b5ce-4922820de60a, raftlog=681edbc6-a1fc-42a4-b5ce-4922820de60a@group-FD33B9583E3C-SegmentedRaftLog:OPENED:c-1,f-1,i0, conf=-1: [3ee7b367-7b16-44e1-99f8-43aefeda0876:192.168.164.233:46080, 681edbc6-a1fc-42a4-b5ce-4922820de60a:192.168.164.233:44267, 773cce60-eeca-4c1f-a5ec-70084be8b6b9:192.168.164.233:38729], old=null
2019-10-18 14:30:36,338 [681edbc6-a1fc-42a4-b5ce-4922820de60a@group-FD33B9583E3C-LeaderElection140] INFO  impl.RaftServerImpl (RaftServerImpl.java:setRole(184)) - 681edbc6-a1fc-42a4-b5ce-4922820de60a@group-FD33B9583E3C: changes role from CANDIDATE to FOLLOWER at term 139 for DISCOVERED_A_NEW_TERM
2019-10-18 14:30:36,338 [681edbc6-a1fc-42a4-b5ce-4922820de60a@group-FD33B9583E3C-LeaderElection140] INFO  impl.RoleInfo (RoleInfo.java:shutdownLeaderElection(134)) - 681edbc6-a1fc-42a4-b5ce-4922820de60a: shutdown LeaderElection
2019-10-18 14:30:36,338 [681edbc6-a1fc-42a4-b5ce-4922820de60a@group-FD33B9583E3C-LeaderElection140] INFO  impl.RoleInfo (RoleInfo.java:updateAndGet(143)) - 681edbc6-a1fc-42a4-b5ce-4922820de60a: start FollowerState
2019-10-18 14:30:36,471 [Thread-1446] INFO  impl.FollowerState (FollowerState.java:run(108)) - 681edbc6-a1fc-42a4-b5ce-4922820de60a@group-FD33B9583E3C-FollowerState: change to CANDIDATE, lastRpcTime:132ms, electionTimeout:132ms
2019-10-18 14:30:36,471 [Thread-1446] INFO  impl.RoleInfo (RoleInfo.java:shutdownFollowerState(121)) - 681edbc6-a1fc-42a4-b5ce-4922820de60a: shutdown FollowerState
2019-10-18 14:30:36,471 [Thread-1446] INFO  impl.RaftServerImpl (RaftServerImpl.java:setRole(184)) - 681edbc6-a1fc-42a4-b5ce-4922820de60a@group-FD33B9583E3C: changes role from  FOLLOWER to CANDIDATE at term 139 for changeToCandidate
2019-10-18 14:30:36,471 [Thread-1446] INFO  impl.RoleInfo (RoleInfo.java:updateAndGet(143)) - 681edbc6-a1fc-42a4-b5ce-4922820de60a: start LeaderElection
2019-10-18 14:30:36,484 [681edbc6-a1fc-42a4-b5ce-4922820de60a@group-FD33B9583E3C-LeaderElection141] INFO  impl.LeaderElection (LeaderElection.java:askForVotes(178)) - 681edbc6-a1fc-42a4-b5ce-4922820de60a@group-FD33B9583E3C-LeaderElection141: begin an election at term 140 for -1: [3ee7b367-7b16-44e1-99f8-43aefeda0876:192.168.164.233:46080, 681edbc6-a1fc-42a4-b5ce-4922820de60a:192.168.164.233:44267, 773cce60-eeca-4c1f-a5ec-70084be8b6b9:192.168.164.233:38729], old=null
2019-10-18 14:30:36,486 [grpc-default-executor-3] INFO  impl.RaftServerImpl (RaftServerImpl.java:setRole(184)) - 773cce60-eeca-4c1f-a5ec-70084be8b6b9@group-FD33B9583E3C: changes role from  FOLLOWER to FOLLOWER at term 140 for recognizeCandidate:681edbc6-a1fc-42a4-b5ce-4922820de60a
2019-10-18 14:30:36,486 [grpc-default-executor-1] INFO  impl.RaftServerImpl (RaftServerImpl.java:setRole(184)) - 3ee7b367-7b16-44e1-99f8-43aefeda0876@group-FD33B9583E3C: changes role from  FOLLOWER to FOLLOWER at term 140 for recognizeCandidate:681edbc6-a1fc-42a4-b5ce-4922820de60a
2019-10-18 14:30:36,486 [grpc-default-executor-3] INFO  impl.RoleInfo (RoleInfo.java:shutdownFollowerState(121)) - 773cce60-eeca-4c1f-a5ec-70084be8b6b9: shutdown FollowerState
2019-10-18 14:30:36,487 [grpc-default-executor-1] INFO  impl.RoleInfo (RoleInfo.java:shutdownFollowerState(121)) - 3ee7b367-7b16-44e1-99f8-43aefeda0876: shutdown FollowerState
2019-10-18 14:30:36,487 [grpc-default-executor-3] INFO  impl.RoleInfo (RoleInfo.java:updateAndGet(143)) - 773cce60-eeca-4c1f-a5ec-70084be8b6b9: start FollowerState
2019-10-18 14:30:36,487 [Thread-1445] INFO  impl.FollowerState (FollowerState.java:run(117)) - 773cce60-eeca-4c1f-a5ec-70084be8b6b9@group-FD33B9583E3C-FollowerState was interrupted: java.lang.InterruptedException: sleep interrupted
2019-10-18 14:30:36,487 [grpc-default-executor-1] INFO  impl.RoleInfo (RoleInfo.java:updateAndGet(143)) - 3ee7b367-7b16-44e1-99f8-43aefeda0876: start FollowerState
2019-10-18 14:30:36,487 [Thread-1444] INFO  impl.FollowerState (FollowerState.java:run(117)) - 3ee7b367-7b16-44e1-99f8-43aefeda0876@group-FD33B9583E3C-FollowerState was interrupted: java.lang.InterruptedException: sleep interrupted
2019-10-18 14:30:36,501 [681edbc6-a1fc-42a4-b5ce-4922820de60a@group-FD33B9583E3C-LeaderElection141] INFO  impl.LeaderElection (LeaderElection.java:logAndReturn(56)) - 681edbc6-a1fc-42a4-b5ce-4922820de60a@group-FD33B9583E3C-LeaderElection141: Election REJECTED; received 2 response(s) [681edbc6-a1fc-42a4-b5ce-4922820de60a<-3ee7b367-7b16-44e1-99f8-43aefeda0876#0:FAIL-t140, 681edbc6-a1fc-42a4-b5ce-4922820de60a<-773cce60-eeca-4c1f-a5ec-70084be8b6b9#0:FAIL-t140] and 0 exception(s); 681edbc6-a1fc-42a4-b5ce-4922820de60a@group-FD33B9583E3C:t140, leader=null, voted=681edbc6-a1fc-42a4-b5ce-4922820de60a, raftlog=681edbc6-a1fc-42a4-b5ce-4922820de60a@group-FD33B9583E3C-SegmentedRaftLog:OPENED:c-1,f-1,i0, conf=-1: [3ee7b367-7b16-44e1-99f8-43aefeda0876:192.168.164.233:46080, 681edbc6-a1fc-42a4-b5ce-4922820de60a:192.168.164.233:44267, 773cce60-eeca-4c1f-a5ec-70084be8b6b9:192.168.164.233:38729], old=null
2019-10-18 14:30:36,501 [681edbc6-a1fc-42a4-b5ce-4922820de60a@group-FD33B9583E3C-LeaderElection141] INFO  impl.RaftServerImpl (RaftServerImpl.java:setRole(184)) - 681edbc6-a1fc-42a4-b5ce-4922820de60a@group-FD33B9583E3C: changes role from CANDIDATE to FOLLOWER at term 140 for DISCOVERED_A_NEW_TERM
2019-10-18 14:30:36,502 [681edbc6-a1fc-42a4-b5ce-4922820de60a@group-FD33B9583E3C-LeaderElection141] INFO  impl.RoleInfo (RoleInfo.java:shutdownLeaderElection(134)) - 681edbc6-a1fc-42a4-b5ce-4922820de60a: shutdown LeaderElection
2019-10-18 14:30:36,502 [681edbc6-a1fc-42a4-b5ce-4922820de60a@group-FD33B9583E3C-LeaderElection141] INFO  impl.RoleInfo (RoleInfo.java:updateAndGet(143)) - 681edbc6-a1fc-42a4-b5ce-4922820de60a: start FollowerState
2019-10-18 14:30:36,588 [Thread-1454] INFO  impl.FollowerState (FollowerState.java:run(108)) - 681edbc6-a1fc-42a4-b5ce-4922820de60a@group-FD33B9583E3C-FollowerState: change to CANDIDATE, lastRpcTime:86ms, electionTimeout:86ms
2019-10-18 14:30:36,588 [Thread-1454] INFO  impl.RoleInfo (RoleInfo.java:shutdownFollowerState(121)) - 681edbc6-a1fc-42a4-b5ce-4922820de60a: shutdown FollowerState
2019-10-18 14:30:36,588 [Thread-1454] INFO  impl.RaftServerImpl (RaftServerImpl.java:setRole(184)) - 681edbc6-a1fc-42a4-b5ce-4922820de60a@group-FD33B9583E3C: changes role from  FOLLOWER to CANDIDATE at term 140 for changeToCandidate
2019-10-18 14:30:36,588 [Thread-1454] INFO  impl.RoleInfo (RoleInfo.java:updateAndGet(143)) - 681edbc6-a1fc-42a4-b5ce-4922820de60a: start LeaderElection
2019-10-18 14:30:36,602 [681edbc6-a1fc-42a4-b5ce-4922820de60a@group-FD33B9583E3C-LeaderElection142] INFO  impl.LeaderElection (LeaderElection.java:askForVotes(178)) - 681edbc6-a1fc-42a4-b5ce-4922820de60a@group-FD33B9583E3C-LeaderElection142: begin an election at term 141 for -1: [3ee7b367-7b16-44e1-99f8-43aefeda0876:192.168.164.233:46080, 681edbc6-a1fc-42a4-b5ce-4922820de60a:192.168.164.233:44267, 773cce60-eeca-4c1f-a5ec-70084be8b6b9:192.168.164.233:38729], old=null
2019-10-18 14:30:36,604 [grpc-default-executor-1] INFO  impl.RaftServerImpl (RaftServerImpl.java:setRole(184)) - 3ee7b367-7b16-44e1-99f8-43aefeda0876@group-FD33B9583E3C: changes role from  FOLLOWER to FOLLOWER at term 141 for recognizeCandidate:681edbc6-a1fc-42a4-b5ce-4922820de60a
2019-10-18 14:30:36,604 [grpc-default-executor-1] INFO  impl.RoleInfo (RoleInfo.java:shutdownFollowerState(121)) - 3ee7b367-7b16-44e1-99f8-43aefeda0876: shutdown FollowerState
2019-10-18 14:30:36,604 [grpc-default-executor-1] INFO  impl.RoleInfo (RoleInfo.java:updateAndGet(143)) - 3ee7b367-7b16-44e1-99f8-43aefeda0876: start FollowerState
2019-10-18 14:30:36,604 [Thread-1453] INFO  impl.FollowerState (FollowerState.java:run(117)) - 3ee7b367-7b16-44e1-99f8-43aefeda0876@group-FD33B9583E3C-FollowerState was interrupted: java.lang.InterruptedException: sleep interrupted
2019-10-18 14:30:36,604 [grpc-default-executor-3] INFO  impl.RaftServerImpl (RaftServerImpl.java:setRole(184)) - 773cce60-eeca-4c1f-a5ec-70084be8b6b9@group-FD33B9583E3C: changes role from  FOLLOWER to FOLLOWER at term 141 for recognizeCandidate:681edbc6-a1fc-42a4-b5ce-4922820de60a
2019-10-18 14:30:36,604 [grpc-default-executor-3] INFO  impl.RoleInfo (RoleInfo.java:shutdownFollowerState(121)) - 773cce60-eeca-4c1f-a5ec-70084be8b6b9: shutdown FollowerState
2019-10-18 14:30:36,605 [grpc-default-executor-3] INFO  impl.RoleInfo (RoleInfo.java:updateAndGet(143)) - 773cce60-eeca-4c1f-a5ec-70084be8b6b9: start FollowerState
2019-10-18 14:30:36,605 [Thread-1452] INFO  impl.FollowerState (FollowerState.java:run(117)) - 773cce60-eeca-4c1f-a5ec-70084be8b6b9@group-FD33B9583E3C-FollowerState was interrupted: java.lang.InterruptedException: sleep interrupted
2019-10-18 14:30:36,623 [681edbc6-a1fc-42a4-b5ce-4922820de60a@group-FD33B9583E3C-LeaderElection142] INFO  impl.LeaderElection (LeaderElection.java:logAndReturn(56)) - 681edbc6-a1fc-42a4-b5ce-4922820de60a@group-FD33B9583E3C-LeaderElection142: Election REJECTED; received 2 response(s) [681edbc6-a1fc-42a4-b5ce-4922820de60a<-3ee7b367-7b16-44e1-99f8-43aefeda0876#0:FAIL-t141, 681edbc6-a1fc-42a4-b5ce-4922820de60a<-773cce60-eeca-4c1f-a5ec-70084be8b6b9#0:FAIL-t141] and 0 exception(s); 681edbc6-a1fc-42a4-b5ce-4922820de60a@group-FD33B9583E3C:t141, leader=null, voted=681edbc6-a1fc-42a4-b5ce-4922820de60a, raftlog=681edbc6-a1fc-42a4-b5ce-4922820de60a@group-FD33B9583E3C-SegmentedRaftLog:OPENED:c-1,f-1,i0, conf=-1: [3ee7b367-7b16-44e1-99f8-43aefeda0876:192.168.164.233:46080, 681edbc6-a1fc-42a4-b5ce-4922820de60a:192.168.164.233:44267, 773cce60-eeca-4c1f-a5ec-70084be8b6b9:192.168.164.233:38729], old=null
2019-10-18 14:30:36,623 [681edbc6-a1fc-42a4-b5ce-4922820de60a@group-FD33B9583E3C-LeaderElection142] INFO  impl.RaftServerImpl (RaftServerImpl.java:setRole(184)) - 681edbc6-a1fc-42a4-b5ce-4922820de60a@group-FD33B9583E3C: changes role from CANDIDATE to FOLLOWER at term 141 for DISCOVERED_A_NEW_TERM
2019-10-18 14:30:36,623 [681edbc6-a1fc-42a4-b5ce-4922820de60a@group-FD33B9583E3C-LeaderElection142] INFO  impl.RoleInfo (RoleInfo.java:shutdownLeaderElection(134)) - 681edbc6-a1fc-42a4-b5ce-4922820de60a: shutdown LeaderElection
2019-10-18 14:30:36,623 [681edbc6-a1fc-42a4-b5ce-4922820de60a@group-FD33B9583E3C-LeaderElection142] INFO  impl.RoleInfo (RoleInfo.java:updateAndGet(143)) - 681edbc6-a1fc-42a4-b5ce-4922820de60a: start FollowerState
2019-10-18 14:30:36,743 [Thread-1460] INFO  impl.FollowerState (FollowerState.java:run(108)) - 681edbc6-a1fc-42a4-b5ce-4922820de60a@group-FD33B9583E3C-FollowerState: change to CANDIDATE, lastRpcTime:119ms, electionTimeout:119ms
2019-10-18 14:30:36,743 [Thread-1460] INFO  impl.RoleInfo (RoleInfo.java:shutdownFollowerState(121)) - 681edbc6-a1fc-42a4-b5ce-4922820de60a: shutdown FollowerState
2019-10-18 14:30:36,743 [Thread-1460] INFO  impl.RaftServerImpl (RaftServerImpl.java:setRole(184)) - 681edbc6-a1fc-42a4-b5ce-4922820de60a@group-FD33B9583E3C: changes role from  FOLLOWER to CANDIDATE at term 141 for changeToCandidate
2019-10-18 14:30:36,743 [Thread-1460] INFO  impl.RoleInfo (RoleInfo.java:updateAndGet(143)) - 681edbc6-a1fc-42a4-b5ce-4922820de60a: start LeaderElection
2019-10-18 14:30:36,757 [681edbc6-a1fc-42a4-b5ce-4922820de60a@group-FD33B9583E3C-LeaderElection143] INFO  impl.LeaderElection (LeaderElection.java:askForVotes(178)) - 681edbc6-a1fc-42a4-b5ce-4922820de60a@group-FD33B9583E3C-LeaderElection143: begin an election at term 142 for -1: [3ee7b367-7b16-44e1-99f8-43aefeda0876:192.168.164.233:46080, 681edbc6-a1fc-42a4-b5ce-4922820de60a:192.168.164.233:44267, 773cce60-eeca-4c1f-a5ec-70084be8b6b9:192.168.164.233:38729], old=null
2019-10-18 14:30:36,759 [grpc-default-executor-3] INFO  impl.RaftServerImpl (RaftServerImpl.java:setRole(184)) - 773cce60-eeca-4c1f-a5ec-70084be8b6b9@group-FD33B9583E3C: changes role from  FOLLOWER to FOLLOWER at term 142 for recognizeCandidate:681edbc6-a1fc-42a4-b5ce-4922820de60a
2019-10-18 14:30:36,759 [grpc-default-executor-1] INFO  impl.RaftServerImpl (RaftServerImpl.java:setRole(184)) - 3ee7b367-7b16-44e1-99f8-43aefeda0876@group-FD33B9583E3C: changes role from  FOLLOWER to FOLLOWER at term 142 for recognizeCandidate:681edbc6-a1fc-42a4-b5ce-4922820de60a
2019-10-18 14:30:36,759 [grpc-default-executor-3] INFO  impl.RoleInfo (RoleInfo.java:shutdownFollowerState(121)) - 773cce60-eeca-4c1f-a5ec-70084be8b6b9: shutdown FollowerState
2019-10-18 14:30:36,759 [grpc-default-executor-1] INFO  impl.RoleInfo (RoleInfo.java:shutdownFollowerState(121)) - 3ee7b367-7b16-44e1-99f8-43aefeda0876: shutdown FollowerState
2019-10-18 14:30:36,760 [grpc-default-executor-3] INFO  impl.RoleInfo (RoleInfo.java:updateAndGet(143)) - 773cce60-eeca-4c1f-a5ec-70084be8b6b9: start FollowerState
2019-10-18 14:30:36,760 [Thread-1459] INFO  impl.FollowerState (FollowerState.java:run(117)) - 773cce60-eeca-4c1f-a5ec-70084be8b6b9@group-FD33B9583E3C-FollowerState was interrupted: java.lang.InterruptedException: sleep interrupted
2019-10-18 14:30:36,760 [grpc-default-executor-1] INFO  impl.RoleInfo (RoleInfo.java:updateAndGet(143)) - 3ee7b367-7b16-44e1-99f8-43aefeda0876: start FollowerState
2019-10-18 14:30:36,760 [Thread-1458] INFO  impl.FollowerState (FollowerState.java:run(117)) - 3ee7b367-7b16-44e1-99f8-43aefeda0876@group-FD33B9583E3C-FollowerState was interrupted: java.lang.InterruptedException: sleep interrupted
2019-10-18 14:30:36,770 [681edbc6-a1fc-42a4-b5ce-4922820de60a@group-FD33B9583E3C-LeaderElection143] INFO  impl.LeaderElection (LeaderElection.java:logAndReturn(56)) - 681edbc6-a1fc-42a4-b5ce-4922820de60a@group-FD33B9583E3C-LeaderElection143: Election REJECTED; received 2 response(s) [681edbc6-a1fc-42a4-b5ce-4922820de60a<-3ee7b367-7b16-44e1-99f8-43aefeda0876#0:FAIL-t142, 681edbc6-a1fc-42a4-b5ce-4922820de60a<-773cce60-eeca-4c1f-a5ec-70084be8b6b9#0:FAIL-t142] and 0 exception(s); 681edbc6-a1fc-42a4-b5ce-4922820de60a@group-FD33B9583E3C:t142, leader=null, voted=681edbc6-a1fc-42a4-b5ce-4922820de60a, raftlog=681edbc6-a1fc-42a4-b5ce-4922820de60a@group-FD33B9583E3C-SegmentedRaftLog:OPENED:c-1,f-1,i0, conf=-1: [3ee7b367-7b16-44e1-99f8-43aefeda0876:192.168.164.233:46080, 681edbc6-a1fc-42a4-b5ce-4922820de60a:192.168.164.233:44267, 773cce60-eeca-4c1f-a5ec-70084be8b6b9:192.168.164.233:38729], old=null
2019-10-18 14:30:36,770 [681edbc6-a1fc-42a4-b5ce-4922820de60a@group-FD33B9583E3C-LeaderElection143] INFO  impl.RaftServerImpl (RaftServerImpl.java:setRole(184)) - 681edbc6-a1fc-42a4-b5ce-4922820de60a@group-FD33B9583E3C: changes role from CANDIDATE to FOLLOWER at term 142 for DISCOVERED_A_NEW_TERM
2019-10-18 14:30:36,770 [681edbc6-a1fc-42a4-b5ce-4922820de60a@group-FD33B9583E3C-LeaderElection143] INFO  impl.RoleInfo (RoleInfo.java:shutdownLeaderElection(134)) - 681edbc6-a1fc-42a4-b5ce-4922820de60a: shutdown LeaderElection
2019-10-18 14:30:36,771 [681edbc6-a1fc-42a4-b5ce-4922820de60a@group-FD33B9583E3C-LeaderElection143] INFO  impl.RoleInfo (RoleInfo.java:updateAndGet(143)) - 681edbc6-a1fc-42a4-b5ce-4922820de60a: start FollowerState
2019-10-18 14:30:36,833 [Thread-1466] INFO  impl.FollowerState (FollowerState.java:run(108)) - 681edbc6-a1fc-42a4-b5ce-4922820de60a@group-FD33B9583E3C-FollowerState: change to CANDIDATE, lastRpcTime:62ms, electionTimeout:62ms
2019-10-18 14:30:36,833 [Thread-1466] INFO  impl.RoleInfo (RoleInfo.java:shutdownFollowerState(121)) - 681edbc6-a1fc-42a4-b5ce-4922820de60a: shutdown FollowerState
2019-10-18 14:30:36,833 [Thread-1466] INFO  impl.RaftServerImpl (RaftServerImpl.java:setRole(184)) - 681edbc6-a1fc-42a4-b5ce-4922820de60a@group-FD33B9583E3C: changes role from  FOLLOWER to CANDIDATE at term 142 for changeToCandidate
2019-10-18 14:30:36,834 [Thread-1466] INFO  impl.RoleInfo (RoleInfo.java:updateAndGet(143)) - 681edbc6-a1fc-42a4-b5ce-4922820de60a: start LeaderElection
2019-10-18 14:30:36,848 [681edbc6-a1fc-42a4-b5ce-4922820de60a@group-FD33B9583E3C-LeaderElection144] INFO  impl.LeaderElection (LeaderElection.java:askForVotes(178)) - 681edbc6-a1fc-42a4-b5ce-4922820de60a@group-FD33B9583E3C-LeaderElection144: begin an election at term 143 for -1: [3ee7b367-7b16-44e1-99f8-43aefeda0876:192.168.164.233:46080, 681edbc6-a1fc-42a4-b5ce-4922820de60a:192.168.164.233:44267, 773cce60-eeca-4c1f-a5ec-70084be8b6b9:192.168.164.233:38729], old=null
2019-10-18 14:30:36,850 [grpc-default-executor-3] INFO  impl.RaftServerImpl (RaftServerImpl.java:setRole(184)) - 3ee7b367-7b16-44e1-99f8-43aefeda0876@group-FD33B9583E3C: changes role from  FOLLOWER to FOLLOWER at term 143 for recognizeCandidate:681edbc6-a1fc-42a4-b5ce-4922820de60a
2019-10-18 14:30:36,851 [grpc-default-executor-3] INFO  impl.RoleInfo (RoleInfo.java:shutdownFollowerState(121)) - 3ee7b367-7b16-44e1-99f8-43aefeda0876: shutdown FollowerState
2019-10-18 14:30:36,851 [grpc-default-executor-3] INFO  impl.RoleInfo (RoleInfo.java:updateAndGet(143)) - 3ee7b367-7b16-44e1-99f8-43aefeda0876: start FollowerState
2019-10-18 14:30:36,851 [Thread-1465] INFO  impl.FollowerState (FollowerState.java:run(117)) - 3ee7b367-7b16-44e1-99f8-43aefeda0876@group-FD33B9583E3C-FollowerState was interrupted: java.lang.InterruptedException: sleep interrupted
2019-10-18 14:30:36,851 [grpc-default-executor-1] INFO  impl.RaftServerImpl (RaftServerImpl.java:setRole(184)) - 773cce60-eeca-4c1f-a5ec-70084be8b6b9@group-FD33B9583E3C: changes role from  FOLLOWER to FOLLOWER at term 143 for recognizeCandidate:681edbc6-a1fc-42a4-b5ce-4922820de60a
2019-10-18 14:30:36,851 [grpc-default-executor-1] INFO  impl.RoleInfo (RoleInfo.java:shutdownFollowerState(121)) - 773cce60-eeca-4c1f-a5ec-70084be8b6b9: shutdown FollowerState
2019-10-18 14:30:36,851 [grpc-default-executor-1] INFO  impl.RoleInfo (RoleInfo.java:updateAndGet(143)) - 773cce60-eeca-4c1f-a5ec-70084be8b6b9: start FollowerState
2019-10-18 14:30:36,851 [Thread-1464] INFO  impl.FollowerState (FollowerState.java:run(117)) - 773cce60-eeca-4c1f-a5ec-70084be8b6b9@group-FD33B9583E3C-FollowerState was interrupted: java.lang.InterruptedException: sleep interrupted
2019-10-18 14:30:36,865 [681edbc6-a1fc-42a4-b5ce-4922820de60a@group-FD33B9583E3C-LeaderElection144] INFO  impl.LeaderElection (LeaderElection.java:logAndReturn(56)) - 681edbc6-a1fc-42a4-b5ce-4922820de60a@group-FD33B9583E3C-LeaderElection144: Election REJECTED; received 2 response(s) [681edbc6-a1fc-42a4-b5ce-4922820de60a<-3ee7b367-7b16-44e1-99f8-43aefeda0876#0:FAIL-t143, 681edbc6-a1fc-42a4-b5ce-4922820de60a<-773cce60-eeca-4c1f-a5ec-70084be8b6b9#0:FAIL-t143] and 0 exception(s); 681edbc6-a1fc-42a4-b5ce-4922820de60a@group-FD33B9583E3C:t143, leader=null, voted=681edbc6-a1fc-42a4-b5ce-4922820de60a, raftlog=681edbc6-a1fc-42a4-b5ce-4922820de60a@group-FD33B9583E3C-SegmentedRaftLog:OPENED:c-1,f-1,i0, conf=-1: [3ee7b367-7b16-44e1-99f8-43aefeda0876:192.168.164.233:46080, 681edbc6-a1fc-42a4-b5ce-4922820de60a:192.168.164.233:44267, 773cce60-eeca-4c1f-a5ec-70084be8b6b9:192.168.164.233:38729], old=null
2019-10-18 14:30:36,865 [681edbc6-a1fc-42a4-b5ce-4922820de60a@group-FD33B9583E3C-LeaderElection144] INFO  impl.RaftServerImpl (RaftServerImpl.java:setRole(184)) - 681edbc6-a1fc-42a4-b5ce-4922820de60a@group-FD33B9583E3C: changes role from CANDIDATE to FOLLOWER at term 143 for DISCOVERED_A_NEW_TERM
2019-10-18 14:30:36,865 [681edbc6-a1fc-42a4-b5ce-4922820de60a@group-FD33B9583E3C-LeaderElection144] INFO  impl.RoleInfo (RoleInfo.java:shutdownLeaderElection(134)) - 681edbc6-a1fc-42a4-b5ce-4922820de60a: shutdown LeaderElection
2019-10-18 14:30:36,865 [681edbc6-a1fc-42a4-b5ce-4922820de60a@group-FD33B9583E3C-LeaderElection144] INFO  impl.RoleInfo (RoleInfo.java:updateAndGet(143)) - 681edbc6-a1fc-42a4-b5ce-4922820de60a: start FollowerState
2019-10-18 14:30:36,933 [Thread-1472] INFO  impl.FollowerState (FollowerState.java:run(108)) - 681edbc6-a1fc-42a4-b5ce-4922820de60a@group-FD33B9583E3C-FollowerState: change to CANDIDATE, lastRpcTime:67ms, electionTimeout:67ms
2019-10-18 14:30:36,933 [Thread-1472] INFO  impl.RoleInfo (RoleInfo.java:shutdownFollowerState(121)) - 681edbc6-a1fc-42a4-b5ce-4922820de60a: shutdown FollowerState
2019-10-18 14:30:36,933 [Thread-1472] INFO  impl.RaftServerImpl (RaftServerImpl.java:setRole(184)) - 681edbc6-a1fc-42a4-b5ce-4922820de60a@group-FD33B9583E3C: changes role from  FOLLOWER to CANDIDATE at term 143 for changeToCandidate
2019-10-18 14:30:36,933 [Thread-1472] INFO  impl.RoleInfo (RoleInfo.java:updateAndGet(143)) - 681edbc6-a1fc-42a4-b5ce-4922820de60a: start LeaderElection
2019-10-18 14:30:36,946 [681edbc6-a1fc-42a4-b5ce-4922820de60a@group-FD33B9583E3C-LeaderElection145] INFO  impl.LeaderElection (LeaderElection.java:askForVotes(178)) - 681edbc6-a1fc-42a4-b5ce-4922820de60a@group-FD33B9583E3C-LeaderElection145: begin an election at term 144 for -1: [3ee7b367-7b16-44e1-99f8-43aefeda0876:192.168.164.233:46080, 681edbc6-a1fc-42a4-b5ce-4922820de60a:192.168.164.233:44267, 773cce60-eeca-4c1f-a5ec-70084be8b6b9:192.168.164.233:38729], old=null
2019-10-18 14:30:36,948 [grpc-default-executor-3] INFO  impl.RaftServerImpl (RaftServerImpl.java:setRole(184)) - 3ee7b367-7b16-44e1-99f8-43aefeda0876@group-FD33B9583E3C: changes role from  FOLLOWER to FOLLOWER at term 144 for recognizeCandidate:681edbc6-a1fc-42a4-b5ce-4922820de60a
2019-10-18 14:30:36,948 [grpc-default-executor-1] INFO  impl.RaftServerImpl (RaftServerImpl.java:setRole(184)) - 773cce60-eeca-4c1f-a5ec-70084be8b6b9@group-FD33B9583E3C: changes role from  FOLLOWER to FOLLOWER at term 144 for recognizeCandidate:681edbc6-a1fc-42a4-b5ce-4922820de60a
2019-10-18 14:30:36,948 [grpc-default-executor-3] INFO  impl.RoleInfo (RoleInfo.java:shutdownFollowerState(121)) - 3ee7b367-7b16-44e1-99f8-43aefeda0876: shutdown FollowerState
2019-10-18 14:30:36,948 [grpc-default-executor-1] INFO  impl.RoleInfo (RoleInfo.java:shutdownFollowerState(121)) - 773cce60-eeca-4c1f-a5ec-70084be8b6b9: shutdown FollowerState
2019-10-18 14:30:36,948 [grpc-default-executor-3] INFO  impl.RoleInfo (RoleInfo.java:updateAndGet(143)) - 3ee7b367-7b16-44e1-99f8-43aefeda0876: start FollowerState
2019-10-18 14:30:36,948 [Thread-1470] INFO  impl.FollowerState (FollowerState.java:run(117)) - 3ee7b367-7b16-44e1-99f8-43aefeda0876@group-FD33B9583E3C-FollowerState was interrupted: java.lang.InterruptedException: sleep interrupted
2019-10-18 14:30:36,948 [grpc-default-executor-1] INFO  impl.RoleInfo (RoleInfo.java:updateAndGet(143)) - 773cce60-eeca-4c1f-a5ec-70084be8b6b9: start FollowerState
2019-10-18 14:30:36,948 [Thread-1471] INFO  impl.FollowerState (FollowerState.java:run(117)) - 773cce60-eeca-4c1f-a5ec-70084be8b6b9@group-FD33B9583E3C-FollowerState was interrupted: java.lang.InterruptedException: sleep interrupted
2019-10-18 14:30:36,962 [681edbc6-a1fc-42a4-b5ce-4922820de60a@group-FD33B9583E3C-LeaderElection145] INFO  impl.LeaderElection (LeaderElection.java:logAndReturn(56)) - 681edbc6-a1fc-42a4-b5ce-4922820de60a@group-FD33B9583E3C-LeaderElection145: Election REJECTED; received 2 response(s) [681edbc6-a1fc-42a4-b5ce-4922820de60a<-3ee7b367-7b16-44e1-99f8-43aefeda0876#0:FAIL-t144, 681edbc6-a1fc-42a4-b5ce-4922820de60a<-773cce60-eeca-4c1f-a5ec-70084be8b6b9#0:FAIL-t144] and 0 exception(s); 681edbc6-a1fc-42a4-b5ce-4922820de60a@group-FD33B9583E3C:t144, leader=null, voted=681edbc6-a1fc-42a4-b5ce-4922820de60a, raftlog=681edbc6-a1fc-42a4-b5ce-4922820de60a@group-FD33B9583E3C-SegmentedRaftLog:OPENED:c-1,f-1,i0, conf=-1: [3ee7b367-7b16-44e1-99f8-43aefeda0876:192.168.164.233:46080, 681edbc6-a1fc-42a4-b5ce-4922820de60a:192.168.164.233:44267, 773cce60-eeca-4c1f-a5ec-70084be8b6b9:192.168.164.233:38729], old=null
2019-10-18 14:30:36,962 [681edbc6-a1fc-42a4-b5ce-4922820de60a@group-FD33B9583E3C-LeaderElection145] INFO  impl.RaftServerImpl (RaftServerImpl.java:setRole(184)) - 681edbc6-a1fc-42a4-b5ce-4922820de60a@group-FD33B9583E3C: changes role from CANDIDATE to FOLLOWER at term 144 for DISCOVERED_A_NEW_TERM
2019-10-18 14:30:36,962 [681edbc6-a1fc-42a4-b5ce-4922820de60a@group-FD33B9583E3C-LeaderElection145] INFO  impl.RoleInfo (RoleInfo.java:shutdownLeaderElection(134)) - 681edbc6-a1fc-42a4-b5ce-4922820de60a: shutdown LeaderElection
2019-10-18 14:30:36,962 [681edbc6-a1fc-42a4-b5ce-4922820de60a@group-FD33B9583E3C-LeaderElection145] INFO  impl.RoleInfo (RoleInfo.java:updateAndGet(143)) - 681edbc6-a1fc-42a4-b5ce-4922820de60a: start FollowerState
2019-10-18 14:30:36,972 [Thread-1478] INFO  impl.FollowerState (FollowerState.java:run(108)) - 681edbc6-a1fc-42a4-b5ce-4922820de60a@group-FD33B9583E3C-FollowerState: change to CANDIDATE, lastRpcTime:10ms, electionTimeout:10ms
2019-10-18 14:30:36,972 [Thread-1478] INFO  impl.RoleInfo (RoleInfo.java:shutdownFollowerState(121)) - 681edbc6-a1fc-42a4-b5ce-4922820de60a: shutdown FollowerState
2019-10-18 14:30:36,972 [Thread-1478] INFO  impl.RaftServerImpl (RaftServerImpl.java:setRole(184)) - 681edbc6-a1fc-42a4-b5ce-4922820de60a@group-FD33B9583E3C: changes role from  FOLLOWER to CANDIDATE at term 144 for changeToCandidate
2019-10-18 14:30:36,973 [Thread-1478] INFO  impl.RoleInfo (RoleInfo.java:updateAndGet(143)) - 681edbc6-a1fc-42a4-b5ce-4922820de60a: start LeaderElection
2019-10-18 14:30:36,983 [681edbc6-a1fc-42a4-b5ce-4922820de60a@group-FD33B9583E3C-LeaderElection146] INFO  impl.LeaderElection (LeaderElection.java:askForVotes(178)) - 681edbc6-a1fc-42a4-b5ce-4922820de60a@group-FD33B9583E3C-LeaderElection146: begin an election at term 145 for -1: [3ee7b367-7b16-44e1-99f8-43aefeda0876:192.168.164.233:46080, 681edbc6-a1fc-42a4-b5ce-4922820de60a:192.168.164.233:44267, 773cce60-eeca-4c1f-a5ec-70084be8b6b9:192.168.164.233:38729], old=null
2019-10-18 14:30:36,984 [grpc-default-executor-3] INFO  impl.RaftServerImpl (RaftServerImpl.java:setRole(184)) - 3ee7b367-7b16-44e1-99f8-43aefeda0876@group-FD33B9583E3C: changes role from  FOLLOWER to FOLLOWER at term 145 for recognizeCandidate:681edbc6-a1fc-42a4-b5ce-4922820de60a
2019-10-18 14:30:36,985 [grpc-default-executor-3] INFO  impl.RoleInfo (RoleInfo.java:shutdownFollowerState(121)) - 3ee7b367-7b16-44e1-99f8-43aefeda0876: shutdown FollowerState
2019-10-18 14:30:36,985 [grpc-default-executor-3] INFO  impl.RoleInfo (RoleInfo.java:updateAndGet(143)) - 3ee7b367-7b16-44e1-99f8-43aefeda0876: start FollowerState
2019-10-18 14:30:36,985 [Thread-1476] INFO  impl.FollowerState (FollowerState.java:run(117)) - 3ee7b367-7b16-44e1-99f8-43aefeda0876@group-FD33B9583E3C-FollowerState was interrupted: java.lang.InterruptedException: sleep interrupted
2019-10-18 14:30:36,985 [grpc-default-executor-1] INFO  impl.RaftServerImpl (RaftServerImpl.java:setRole(184)) - 773cce60-eeca-4c1f-a5ec-70084be8b6b9@group-FD33B9583E3C: changes role from  FOLLOWER to FOLLOWER at term 145 for recognizeCandidate:681edbc6-a1fc-42a4-b5ce-4922820de60a
2019-10-18 14:30:36,985 [grpc-default-executor-1] INFO  impl.RoleInfo (RoleInfo.java:shutdownFollowerState(121)) - 773cce60-eeca-4c1f-a5ec-70084be8b6b9: shutdown FollowerState
2019-10-18 14:30:36,985 [grpc-default-executor-1] INFO  impl.RoleInfo (RoleInfo.java:updateAndGet(143)) - 773cce60-eeca-4c1f-a5ec-70084be8b6b9: start FollowerState
2019-10-18 14:30:36,985 [Thread-1477] INFO  impl.FollowerState (FollowerState.java:run(117)) - 773cce60-eeca-4c1f-a5ec-70084be8b6b9@group-FD33B9583E3C-FollowerState was interrupted: java.lang.InterruptedException: sleep interrupted
2019-10-18 14:30:36,993 [681edbc6-a1fc-42a4-b5ce-4922820de60a@group-FD33B9583E3C-LeaderElection146] INFO  impl.LeaderElection (LeaderElection.java:logAndReturn(56)) - 681edbc6-a1fc-42a4-b5ce-4922820de60a@group-FD33B9583E3C-LeaderElection146: Election REJECTED; received 2 response(s) [681edbc6-a1fc-42a4-b5ce-4922820de60a<-3ee7b367-7b16-44e1-99f8-43aefeda0876#0:FAIL-t145, 681edbc6-a1fc-42a4-b5ce-4922820de60a<-773cce60-eeca-4c1f-a5ec-70084be8b6b9#0:FAIL-t145] and 0 exception(s); 681edbc6-a1fc-42a4-b5ce-4922820de60a@group-FD33B9583E3C:t145, leader=null, voted=681edbc6-a1fc-42a4-b5ce-4922820de60a, raftlog=681edbc6-a1fc-42a4-b5ce-4922820de60a@group-FD33B9583E3C-SegmentedRaftLog:OPENED:c-1,f-1,i0, conf=-1: [3ee7b367-7b16-44e1-99f8-43aefeda0876:192.168.164.233:46080, 681edbc6-a1fc-42a4-b5ce-4922820de60a:192.168.164.233:44267, 773cce60-eeca-4c1f-a5ec-70084be8b6b9:192.168.164.233:38729], old=null
2019-10-18 14:30:36,993 [681edbc6-a1fc-42a4-b5ce-4922820de60a@group-FD33B9583E3C-LeaderElection146] INFO  impl.RaftServerImpl (RaftServerImpl.java:setRole(184)) - 681edbc6-a1fc-42a4-b5ce-4922820de60a@group-FD33B9583E3C: changes role from CANDIDATE to FOLLOWER at term 145 for DISCOVERED_A_NEW_TERM
2019-10-18 14:30:36,993 [681edbc6-a1fc-42a4-b5ce-4922820de60a@group-FD33B9583E3C-LeaderElection146] INFO  impl.RoleInfo (RoleInfo.java:shutdownLeaderElection(134)) - 681edbc6-a1fc-42a4-b5ce-4922820de60a: shutdown LeaderElection
2019-10-18 14:30:36,993 [681edbc6-a1fc-42a4-b5ce-4922820de60a@group-FD33B9583E3C-LeaderElection146] INFO  impl.RoleInfo (RoleInfo.java:updateAndGet(143)) - 681edbc6-a1fc-42a4-b5ce-4922820de60a: start FollowerState
2019-10-18 14:30:37,193 [Thread-1486] INFO  impl.FollowerState (FollowerState.java:run(108)) - 681edbc6-a1fc-42a4-b5ce-4922820de60a@group-FD33B9583E3C-FollowerState: change to CANDIDATE, lastRpcTime:200ms, electionTimeout:200ms
2019-10-18 14:30:37,194 [Thread-1486] INFO  impl.RoleInfo (RoleInfo.java:shutdownFollowerState(121)) - 681edbc6-a1fc-42a4-b5ce-4922820de60a: shutdown FollowerState
2019-10-18 14:30:37,194 [Thread-1486] INFO  impl.RaftServerImpl (RaftServerImpl.java:setRole(184)) - 681edbc6-a1fc-42a4-b5ce-4922820de60a@group-FD33B9583E3C: changes role from  FOLLOWER to CANDIDATE at term 145 for changeToCandidate
2019-10-18 14:30:37,194 [Thread-1486] INFO  impl.RoleInfo (RoleInfo.java:updateAndGet(143)) - 681edbc6-a1fc-42a4-b5ce-4922820de60a: start LeaderElection
2019-10-18 14:30:37,208 [681edbc6-a1fc-42a4-b5ce-4922820de60a@group-FD33B9583E3C-LeaderElection147] INFO  impl.LeaderElection (LeaderElection.java:askForVotes(178)) - 681edbc6-a1fc-42a4-b5ce-4922820de60a@group-FD33B9583E3C-LeaderElection147: begin an election at term 146 for -1: [3ee7b367-7b16-44e1-99f8-43aefeda0876:192.168.164.233:46080, 681edbc6-a1fc-42a4-b5ce-4922820de60a:192.168.164.233:44267, 773cce60-eeca-4c1f-a5ec-70084be8b6b9:192.168.164.233:38729], old=null
2019-10-18 14:30:37,210 [grpc-default-executor-1] INFO  impl.RaftServerImpl (RaftServerImpl.java:setRole(184)) - 3ee7b367-7b16-44e1-99f8-43aefeda0876@group-FD33B9583E3C: changes role from  FOLLOWER to FOLLOWER at term 146 for recognizeCandidate:681edbc6-a1fc-42a4-b5ce-4922820de60a
2019-10-18 14:30:37,210 [grpc-default-executor-3] INFO  impl.RaftServerImpl (RaftServerImpl.java:setRole(184)) - 773cce60-eeca-4c1f-a5ec-70084be8b6b9@group-FD33B9583E3C: changes role from  FOLLOWER to FOLLOWER at term 146 for recognizeCandidate:681edbc6-a1fc-42a4-b5ce-4922820de60a
2019-10-18 14:30:37,210 [grpc-default-executor-1] INFO  impl.RoleInfo (RoleInfo.java:shutdownFollowerState(121)) - 3ee7b367-7b16-44e1-99f8-43aefeda0876: shutdown FollowerState
2019-10-18 14:30:37,211 [grpc-default-executor-3] INFO  impl.RoleInfo (RoleInfo.java:shutdownFollowerState(121)) - 773cce60-eeca-4c1f-a5ec-70084be8b6b9: shutdown FollowerState
2019-10-18 14:30:37,211 [grpc-default-executor-1] INFO  impl.RoleInfo (RoleInfo.java:updateAndGet(143)) - 3ee7b367-7b16-44e1-99f8-43aefeda0876: start FollowerState
2019-10-18 14:30:37,211 [Thread-1485] INFO  impl.FollowerState (FollowerState.java:run(117)) - 773cce60-eeca-4c1f-a5ec-70084be8b6b9@group-FD33B9583E3C-FollowerState was interrupted: java.lang.InterruptedException: sleep interrupted
2019-10-18 14:30:37,211 [Thread-1484] INFO  impl.FollowerState (FollowerState.java:run(117)) - 3ee7b367-7b16-44e1-99f8-43aefeda0876@group-FD33B9583E3C-FollowerState was interrupted: java.lang.InterruptedException: sleep interrupted
2019-10-18 14:30:37,211 [grpc-default-executor-3] INFO  impl.RoleInfo (RoleInfo.java:updateAndGet(143)) - 773cce60-eeca-4c1f-a5ec-70084be8b6b9: start FollowerState
2019-10-18 14:30:37,216 [681edbc6-a1fc-42a4-b5ce-4922820de60a@group-FD33B9583E3C-LeaderElection147] INFO  impl.LeaderElection (LeaderElection.java:logAndReturn(56)) - 681edbc6-a1fc-42a4-b5ce-4922820de60a@group-FD33B9583E3C-LeaderElection147: Election REJECTED; received 2 response(s) [681edbc6-a1fc-42a4-b5ce-4922820de60a<-3ee7b367-7b16-44e1-99f8-43aefeda0876#0:FAIL-t146, 681edbc6-a1fc-42a4-b5ce-4922820de60a<-773cce60-eeca-4c1f-a5ec-70084be8b6b9#0:FAIL-t146] and 0 exception(s); 681edbc6-a1fc-42a4-b5ce-4922820de60a@group-FD33B9583E3C:t146, leader=null, voted=681edbc6-a1fc-42a4-b5ce-4922820de60a, raftlog=681edbc6-a1fc-42a4-b5ce-4922820de60a@group-FD33B9583E3C-SegmentedRaftLog:OPENED:c-1,f-1,i0, conf=-1: [3ee7b367-7b16-44e1-99f8-43aefeda0876:192.168.164.233:46080, 681edbc6-a1fc-42a4-b5ce-4922820de60a:192.168.164.233:44267, 773cce60-eeca-4c1f-a5ec-70084be8b6b9:192.168.164.233:38729], old=null
2019-10-18 14:30:37,216 [681edbc6-a1fc-42a4-b5ce-4922820de60a@group-FD33B9583E3C-LeaderElection147] INFO  impl.RaftServerImpl (RaftServerImpl.java:setRole(184)) - 681edbc6-a1fc-42a4-b5ce-4922820de60a@group-FD33B9583E3C: changes role from CANDIDATE to FOLLOWER at term 146 for DISCOVERED_A_NEW_TERM
2019-10-18 14:30:37,216 [681edbc6-a1fc-42a4-b5ce-4922820de60a@group-FD33B9583E3C-LeaderElection147] INFO  impl.RoleInfo (RoleInfo.java:shutdownLeaderElection(134)) - 681edbc6-a1fc-42a4-b5ce-4922820de60a: shutdown LeaderElection
2019-10-18 14:30:37,216 [681edbc6-a1fc-42a4-b5ce-4922820de60a@group-FD33B9583E3C-LeaderElection147] INFO  impl.RoleInfo (RoleInfo.java:updateAndGet(143)) - 681edbc6-a1fc-42a4-b5ce-4922820de60a: start FollowerState
2019-10-18 14:30:37,255 [Thread-1492] INFO  impl.FollowerState (FollowerState.java:run(108)) - 681edbc6-a1fc-42a4-b5ce-4922820de60a@group-FD33B9583E3C-FollowerState: change to CANDIDATE, lastRpcTime:39ms, electionTimeout:39ms
2019-10-18 14:30:37,256 [Thread-1492] INFO  impl.RoleInfo (RoleInfo.java:shutdownFollowerState(121)) - 681edbc6-a1fc-42a4-b5ce-4922820de60a: shutdown FollowerState
2019-10-18 14:30:37,256 [Thread-1492] INFO  impl.RaftServerImpl (RaftServerImpl.java:setRole(184)) - 681edbc6-a1fc-42a4-b5ce-4922820de60a@group-FD33B9583E3C: changes role from  FOLLOWER to CANDIDATE at term 146 for changeToCandidate
2019-10-18 14:30:37,256 [Thread-1492] INFO  impl.RoleInfo (RoleInfo.java:updateAndGet(143)) - 681edbc6-a1fc-42a4-b5ce-4922820de60a: start LeaderElection
2019-10-18 14:30:37,269 [681edbc6-a1fc-42a4-b5ce-4922820de60a@group-FD33B9583E3C-LeaderElection148] INFO  impl.LeaderElection (LeaderElection.java:askForVotes(178)) - 681edbc6-a1fc-42a4-b5ce-4922820de60a@group-FD33B9583E3C-LeaderElection148: begin an election at term 147 for -1: [3ee7b367-7b16-44e1-99f8-43aefeda0876:192.168.164.233:46080, 681edbc6-a1fc-42a4-b5ce-4922820de60a:192.168.164.233:44267, 773cce60-eeca-4c1f-a5ec-70084be8b6b9:192.168.164.233:38729], old=null
2019-10-18 14:30:37,270 [681edbc6-a1fc-42a4-b5ce-4922820de60a@group-FD33B9583E3C-LeaderElection148] INFO  impl.LeaderElection (LeaderElection.java:logAndReturn(56)) - 681edbc6-a1fc-42a4-b5ce-4922820de60a@group-FD33B9583E3C-LeaderElection148: Election TIMEOUT; received 0 response(s) [] and 0 exception(s); 681edbc6-a1fc-42a4-b5ce-4922820de60a@group-FD33B9583E3C:t147, leader=null, voted=681edbc6-a1fc-42a4-b5ce-4922820de60a, raftlog=681edbc6-a1fc-42a4-b5ce-4922820de60a@group-FD33B9583E3C-SegmentedRaftLog:OPENED:c-1,f-1,i0, conf=-1: [3ee7b367-7b16-44e1-99f8-43aefeda0876:192.168.164.233:46080, 681edbc6-a1fc-42a4-b5ce-4922820de60a:192.168.164.233:44267, 773cce60-eeca-4c1f-a5ec-70084be8b6b9:192.168.164.233:38729], old=null
2019-10-18 14:30:37,271 [grpc-default-executor-3] INFO  impl.RaftServerImpl (RaftServerImpl.java:setRole(184)) - 773cce60-eeca-4c1f-a5ec-70084be8b6b9@group-FD33B9583E3C: changes role from  FOLLOWER to FOLLOWER at term 147 for recognizeCandidate:681edbc6-a1fc-42a4-b5ce-4922820de60a
2019-10-18 14:30:37,271 [grpc-default-executor-3] INFO  impl.RoleInfo (RoleInfo.java:shutdownFollowerState(121)) - 773cce60-eeca-4c1f-a5ec-70084be8b6b9: shutdown FollowerState
2019-10-18 14:30:37,271 [grpc-default-executor-3] INFO  impl.RoleInfo (RoleInfo.java:updateAndGet(143)) - 773cce60-eeca-4c1f-a5ec-70084be8b6b9: start FollowerState
2019-10-18 14:30:37,271 [Thread-1491] INFO  impl.FollowerState (FollowerState.java:run(117)) - 773cce60-eeca-4c1f-a5ec-70084be8b6b9@group-FD33B9583E3C-FollowerState was interrupted: java.lang.InterruptedException: sleep interrupted
2019-10-18 14:30:37,271 [grpc-default-executor-1] INFO  impl.RaftServerImpl (RaftServerImpl.java:setRole(184)) - 3ee7b367-7b16-44e1-99f8-43aefeda0876@group-FD33B9583E3C: changes role from  FOLLOWER to FOLLOWER at term 147 for recognizeCandidate:681edbc6-a1fc-42a4-b5ce-4922820de60a
2019-10-18 14:30:37,271 [grpc-default-executor-1] INFO  impl.RoleInfo (RoleInfo.java:shutdownFollowerState(121)) - 3ee7b367-7b16-44e1-99f8-43aefeda0876: shutdown FollowerState
2019-10-18 14:30:37,271 [grpc-default-executor-1] INFO  impl.RoleInfo (RoleInfo.java:updateAndGet(143)) - 3ee7b367-7b16-44e1-99f8-43aefeda0876: start FollowerState
2019-10-18 14:30:37,271 [Thread-1490] INFO  impl.FollowerState (FollowerState.java:run(117)) - 3ee7b367-7b16-44e1-99f8-43aefeda0876@group-FD33B9583E3C-FollowerState was interrupted: java.lang.InterruptedException: sleep interrupted
2019-10-18 14:30:37,283 [681edbc6-a1fc-42a4-b5ce-4922820de60a@group-FD33B9583E3C-LeaderElection148] INFO  impl.LeaderElection (LeaderElection.java:askForVotes(178)) - 681edbc6-a1fc-42a4-b5ce-4922820de60a@group-FD33B9583E3C-LeaderElection148: begin an election at term 148 for -1: [3ee7b367-7b16-44e1-99f8-43aefeda0876:192.168.164.233:46080, 681edbc6-a1fc-42a4-b5ce-4922820de60a:192.168.164.233:44267, 773cce60-eeca-4c1f-a5ec-70084be8b6b9:192.168.164.233:38729], old=null
2019-10-18 14:30:37,284 [grpc-default-executor-3] INFO  impl.RaftServerImpl (RaftServerImpl.java:setRole(184)) - 3ee7b367-7b16-44e1-99f8-43aefeda0876@group-FD33B9583E3C: changes role from  FOLLOWER to FOLLOWER at term 148 for recognizeCandidate:681edbc6-a1fc-42a4-b5ce-4922820de60a
2019-10-18 14:30:37,284 [grpc-default-executor-3] INFO  impl.RoleInfo (RoleInfo.java:shutdownFollowerState(121)) - 3ee7b367-7b16-44e1-99f8-43aefeda0876: shutdown FollowerState
2019-10-18 14:30:37,284 [grpc-default-executor-3] INFO  impl.RoleInfo (RoleInfo.java:updateAndGet(143)) - 3ee7b367-7b16-44e1-99f8-43aefeda0876: start FollowerState
2019-10-18 14:30:37,285 [Thread-1497] INFO  impl.FollowerState (FollowerState.java:run(117)) - 3ee7b367-7b16-44e1-99f8-43aefeda0876@group-FD33B9583E3C-FollowerState was interrupted: java.lang.InterruptedException: sleep interrupted
2019-10-18 14:30:37,285 [grpc-default-executor-1] INFO  impl.RaftServerImpl (RaftServerImpl.java:setRole(184)) - 773cce60-eeca-4c1f-a5ec-70084be8b6b9@group-FD33B9583E3C: changes role from  FOLLOWER to FOLLOWER at term 148 for recognizeCandidate:681edbc6-a1fc-42a4-b5ce-4922820de60a
2019-10-18 14:30:37,285 [grpc-default-executor-1] INFO  impl.RoleInfo (RoleInfo.java:shutdownFollowerState(121)) - 773cce60-eeca-4c1f-a5ec-70084be8b6b9: shutdown FollowerState
2019-10-18 14:30:37,285 [grpc-default-executor-1] INFO  impl.RoleInfo (RoleInfo.java:updateAndGet(143)) - 773cce60-eeca-4c1f-a5ec-70084be8b6b9: start FollowerState
2019-10-18 14:30:37,285 [Thread-1496] INFO  impl.FollowerState (FollowerState.java:run(117)) - 773cce60-eeca-4c1f-a5ec-70084be8b6b9@group-FD33B9583E3C-FollowerState was interrupted: java.lang.InterruptedException: sleep interrupted
2019-10-18 14:30:37,299 [681edbc6-a1fc-42a4-b5ce-4922820de60a@group-FD33B9583E3C-LeaderElection148] INFO  impl.LeaderElection (LeaderElection.java:logAndReturn(56)) - 681edbc6-a1fc-42a4-b5ce-4922820de60a@group-FD33B9583E3C-LeaderElection148: Election REJECTED; received 2 response(s) [681edbc6-a1fc-42a4-b5ce-4922820de60a<-3ee7b367-7b16-44e1-99f8-43aefeda0876#0:FAIL-t148, 681edbc6-a1fc-42a4-b5ce-4922820de60a<-773cce60-eeca-4c1f-a5ec-70084be8b6b9#0:FAIL-t148] and 0 exception(s); 681edbc6-a1fc-42a4-b5ce-4922820de60a@group-FD33B9583E3C:t148, leader=null, voted=681edbc6-a1fc-42a4-b5ce-4922820de60a, raftlog=681edbc6-a1fc-42a4-b5ce-4922820de60a@group-FD33B9583E3C-SegmentedRaftLog:OPENED:c-1,f-1,i0, conf=-1: [3ee7b367-7b16-44e1-99f8-43aefeda0876:192.168.164.233:46080, 681edbc6-a1fc-42a4-b5ce-4922820de60a:192.168.164.233:44267, 773cce60-eeca-4c1f-a5ec-70084be8b6b9:192.168.164.233:38729], old=null
2019-10-18 14:30:37,299 [681edbc6-a1fc-42a4-b5ce-4922820de60a@group-FD33B9583E3C-LeaderElection148] INFO  impl.RaftServerImpl (RaftServerImpl.java:setRole(184)) - 681edbc6-a1fc-42a4-b5ce-4922820de60a@group-FD33B9583E3C: changes role from CANDIDATE to FOLLOWER at term 148 for DISCOVERED_A_NEW_TERM
2019-10-18 14:30:37,299 [681edbc6-a1fc-42a4-b5ce-4922820de60a@group-FD33B9583E3C-LeaderElection148] INFO  impl.RoleInfo (RoleInfo.java:shutdownLeaderElection(134)) - 681edbc6-a1fc-42a4-b5ce-4922820de60a: shutdown LeaderElection
2019-10-18 14:30:37,299 [681edbc6-a1fc-42a4-b5ce-4922820de60a@group-FD33B9583E3C-LeaderElection148] INFO  impl.RoleInfo (RoleInfo.java:updateAndGet(143)) - 681edbc6-a1fc-42a4-b5ce-4922820de60a: start FollowerState
2019-10-18 14:30:37,361 [Thread-1502] INFO  impl.FollowerState (FollowerState.java:run(108)) - 681edbc6-a1fc-42a4-b5ce-4922820de60a@group-FD33B9583E3C-FollowerState: change to CANDIDATE, lastRpcTime:62ms, electionTimeout:62ms
2019-10-18 14:30:37,361 [Thread-1502] INFO  impl.RoleInfo (RoleInfo.java:shutdownFollowerState(121)) - 681edbc6-a1fc-42a4-b5ce-4922820de60a: shutdown FollowerState
2019-10-18 14:30:37,361 [Thread-1502] INFO  impl.RaftServerImpl (RaftServerImpl.java:setRole(184)) - 681edbc6-a1fc-42a4-b5ce-4922820de60a@group-FD33B9583E3C: changes role from  FOLLOWER to CANDIDATE at term 148 for changeToCandidate
2019-10-18 14:30:37,361 [Thread-1502] INFO  impl.RoleInfo (RoleInfo.java:updateAndGet(143)) - 681edbc6-a1fc-42a4-b5ce-4922820de60a: start LeaderElection
2019-10-18 14:30:37,373 [681edbc6-a1fc-42a4-b5ce-4922820de60a@group-FD33B9583E3C-LeaderElection149] INFO  impl.LeaderElection (LeaderElection.java:askForVotes(178)) - 681edbc6-a1fc-42a4-b5ce-4922820de60a@group-FD33B9583E3C-LeaderElection149: begin an election at term 149 for -1: [3ee7b367-7b16-44e1-99f8-43aefeda0876:192.168.164.233:46080, 681edbc6-a1fc-42a4-b5ce-4922820de60a:192.168.164.233:44267, 773cce60-eeca-4c1f-a5ec-70084be8b6b9:192.168.164.233:38729], old=null
2019-10-18 14:30:37,374 [grpc-default-executor-3] INFO  impl.RaftServerImpl (RaftServerImpl.java:setRole(184)) - 3ee7b367-7b16-44e1-99f8-43aefeda0876@group-FD33B9583E3C: changes role from  FOLLOWER to FOLLOWER at term 149 for recognizeCandidate:681edbc6-a1fc-42a4-b5ce-4922820de60a
2019-10-18 14:30:37,374 [grpc-default-executor-3] INFO  impl.RoleInfo (RoleInfo.java:shutdownFollowerState(121)) - 3ee7b367-7b16-44e1-99f8-43aefeda0876: shutdown FollowerState
2019-10-18 14:30:37,374 [grpc-default-executor-1] INFO  impl.RaftServerImpl (RaftServerImpl.java:setRole(184)) - 773cce60-eeca-4c1f-a5ec-70084be8b6b9@group-FD33B9583E3C: changes role from  FOLLOWER to FOLLOWER at term 149 for recognizeCandidate:681edbc6-a1fc-42a4-b5ce-4922820de60a
2019-10-18 14:30:37,374 [Thread-1500] INFO  impl.FollowerState (FollowerState.java:run(117)) - 3ee7b367-7b16-44e1-99f8-43aefeda0876@group-FD33B9583E3C-FollowerState was interrupted: java.lang.InterruptedException: sleep interrupted
2019-10-18 14:30:37,374 [grpc-default-executor-3] INFO  impl.RoleInfo (RoleInfo.java:updateAndGet(143)) - 3ee7b367-7b16-44e1-99f8-43aefeda0876: start FollowerState
2019-10-18 14:30:37,374 [grpc-default-executor-1] INFO  impl.RoleInfo (RoleInfo.java:shutdownFollowerState(121)) - 773cce60-eeca-4c1f-a5ec-70084be8b6b9: shutdown FollowerState
2019-10-18 14:30:37,375 [grpc-default-executor-1] INFO  impl.RoleInfo (RoleInfo.java:updateAndGet(143)) - 773cce60-eeca-4c1f-a5ec-70084be8b6b9: start FollowerState
2019-10-18 14:30:37,375 [Thread-1501] INFO  impl.FollowerState (FollowerState.java:run(117)) - 773cce60-eeca-4c1f-a5ec-70084be8b6b9@group-FD33B9583E3C-FollowerState was interrupted: java.lang.InterruptedException: sleep interrupted
2019-10-18 14:30:37,388 [681edbc6-a1fc-42a4-b5ce-4922820de60a@group-FD33B9583E3C-LeaderElection149] INFO  impl.LeaderElection (LeaderElection.java:logAndReturn(56)) - 681edbc6-a1fc-42a4-b5ce-4922820de60a@group-FD33B9583E3C-LeaderElection149: Election REJECTED; received 2 response(s) [681edbc6-a1fc-42a4-b5ce-4922820de60a<-3ee7b367-7b16-44e1-99f8-43aefeda0876#0:FAIL-t149, 681edbc6-a1fc-42a4-b5ce-4922820de60a<-773cce60-eeca-4c1f-a5ec-70084be8b6b9#0:FAIL-t149] and 0 exception(s); 681edbc6-a1fc-42a4-b5ce-4922820de60a@group-FD33B9583E3C:t149, leader=null, voted=681edbc6-a1fc-42a4-b5ce-4922820de60a, raftlog=681edbc6-a1fc-42a4-b5ce-4922820de60a@group-FD33B9583E3C-SegmentedRaftLog:OPENED:c-1,f-1,i0, conf=-1: [3ee7b367-7b16-44e1-99f8-43aefeda0876:192.168.164.233:46080, 681edbc6-a1fc-42a4-b5ce-4922820de60a:192.168.164.233:44267, 773cce60-eeca-4c1f-a5ec-70084be8b6b9:192.168.164.233:38729], old=null
2019-10-18 14:30:37,388 [681edbc6-a1fc-42a4-b5ce-4922820de60a@group-FD33B9583E3C-LeaderElection149] INFO  impl.RaftServerImpl (RaftServerImpl.java:setRole(184)) - 681edbc6-a1fc-42a4-b5ce-4922820de60a@group-FD33B9583E3C: changes role from CANDIDATE to FOLLOWER at term 149 for DISCOVERED_A_NEW_TERM
2019-10-18 14:30:37,388 [681edbc6-a1fc-42a4-b5ce-4922820de60a@group-FD33B9583E3C-LeaderElection149] INFO  impl.RoleInfo (RoleInfo.java:shutdownLeaderElection(134)) - 681edbc6-a1fc-42a4-b5ce-4922820de60a: shutdown LeaderElection
2019-10-18 14:30:37,388 [681edbc6-a1fc-42a4-b5ce-4922820de60a@group-FD33B9583E3C-LeaderElection149] INFO  impl.RoleInfo (RoleInfo.java:updateAndGet(143)) - 681edbc6-a1fc-42a4-b5ce-4922820de60a: start FollowerState
2019-10-18 14:30:37,407 [Thread-1508] INFO  impl.FollowerState (FollowerState.java:run(108)) - 681edbc6-a1fc-42a4-b5ce-4922820de60a@group-FD33B9583E3C-FollowerState: change to CANDIDATE, lastRpcTime:18ms, electionTimeout:18ms
2019-10-18 14:30:37,408 [Thread-1508] INFO  impl.RoleInfo (RoleInfo.java:shutdownFollowerState(121)) - 681edbc6-a1fc-42a4-b5ce-4922820de60a: shutdown FollowerState
2019-10-18 14:30:37,409 [Thread-1508] INFO  impl.RaftServerImpl (RaftServerImpl.java:setRole(184)) - 681edbc6-a1fc-42a4-b5ce-4922820de60a@group-FD33B9583E3C: changes role from  FOLLOWER to CANDIDATE at term 149 for changeToCandidate
2019-10-18 14:30:37,409 [Thread-1508] INFO  impl.RoleInfo (RoleInfo.java:updateAndGet(143)) - 681edbc6-a1fc-42a4-b5ce-4922820de60a: start LeaderElection
2019-10-18 14:30:37,423 [681edbc6-a1fc-42a4-b5ce-4922820de60a@group-FD33B9583E3C-LeaderElection150] INFO  impl.LeaderElection (LeaderElection.java:askForVotes(178)) - 681edbc6-a1fc-42a4-b5ce-4922820de60a@group-FD33B9583E3C-LeaderElection150: begin an election at term 150 for -1: [3ee7b367-7b16-44e1-99f8-43aefeda0876:192.168.164.233:46080, 681edbc6-a1fc-42a4-b5ce-4922820de60a:192.168.164.233:44267, 773cce60-eeca-4c1f-a5ec-70084be8b6b9:192.168.164.233:38729], old=null
2019-10-18 14:30:37,427 [grpc-default-executor-1] INFO  impl.RaftServerImpl (RaftServerImpl.java:setRole(184)) - 773cce60-eeca-4c1f-a5ec-70084be8b6b9@group-FD33B9583E3C: changes role from  FOLLOWER to FOLLOWER at term 150 for recognizeCandidate:681edbc6-a1fc-42a4-b5ce-4922820de60a
2019-10-18 14:30:37,427 [grpc-default-executor-3] INFO  impl.RaftServerImpl (RaftServerImpl.java:setRole(184)) - 3ee7b367-7b16-44e1-99f8-43aefeda0876@group-FD33B9583E3C: changes role from  FOLLOWER to FOLLOWER at term 150 for recognizeCandidate:681edbc6-a1fc-42a4-b5ce-4922820de60a
2019-10-18 14:30:37,428 [grpc-default-executor-1] INFO  impl.RoleInfo (RoleInfo.java:shutdownFollowerState(121)) - 773cce60-eeca-4c1f-a5ec-70084be8b6b9: shutdown FollowerState
2019-10-18 14:30:37,428 [grpc-default-executor-3] INFO  impl.RoleInfo (RoleInfo.java:shutdownFollowerState(121)) - 3ee7b367-7b16-44e1-99f8-43aefeda0876: shutdown FollowerState
2019-10-18 14:30:37,428 [grpc-default-executor-1] INFO  impl.RoleInfo (RoleInfo.java:updateAndGet(143)) - 773cce60-eeca-4c1f-a5ec-70084be8b6b9: start FollowerState
2019-10-18 14:30:37,428 [Thread-1507] INFO  impl.FollowerState (FollowerState.java:run(117)) - 773cce60-eeca-4c1f-a5ec-70084be8b6b9@group-FD33B9583E3C-FollowerState was interrupted: java.lang.InterruptedException: sleep interrupted
2019-10-18 14:30:37,428 [grpc-default-executor-3] INFO  impl.RoleInfo (RoleInfo.java:updateAndGet(143)) - 3ee7b367-7b16-44e1-99f8-43aefeda0876: start FollowerState
2019-10-18 14:30:37,428 [Thread-1506] INFO  impl.FollowerState (FollowerState.java:run(117)) - 3ee7b367-7b16-44e1-99f8-43aefeda0876@group-FD33B9583E3C-FollowerState was interrupted: java.lang.InterruptedException: sleep interrupted
2019-10-18 14:30:37,442 [681edbc6-a1fc-42a4-b5ce-4922820de60a@group-FD33B9583E3C-LeaderElection150] INFO  impl.LeaderElection (LeaderElection.java:logAndReturn(56)) - 681edbc6-a1fc-42a4-b5ce-4922820de60a@group-FD33B9583E3C-LeaderElection150: Election REJECTED; received 2 response(s) [681edbc6-a1fc-42a4-b5ce-4922820de60a<-3ee7b367-7b16-44e1-99f8-43aefeda0876#0:FAIL-t150, 681edbc6-a1fc-42a4-b5ce-4922820de60a<-773cce60-eeca-4c1f-a5ec-70084be8b6b9#0:FAIL-t150] and 0 exception(s); 681edbc6-a1fc-42a4-b5ce-4922820de60a@group-FD33B9583E3C:t150, leader=null, voted=681edbc6-a1fc-42a4-b5ce-4922820de60a, raftlog=681edbc6-a1fc-42a4-b5ce-4922820de60a@group-FD33B9583E3C-SegmentedRaftLog:OPENED:c-1,f-1,i0, conf=-1: [3ee7b367-7b16-44e1-99f8-43aefeda0876:192.168.164.233:46080, 681edbc6-a1fc-42a4-b5ce-4922820de60a:192.168.164.233:44267, 773cce60-eeca-4c1f-a5ec-70084be8b6b9:192.168.164.233:38729], old=null
2019-10-18 14:30:37,443 [681edbc6-a1fc-42a4-b5ce-4922820de60a@group-FD33B9583E3C-LeaderElection150] INFO  impl.RaftServerImpl (RaftServerImpl.java:setRole(184)) - 681edbc6-a1fc-42a4-b5ce-4922820de60a@group-FD33B9583E3C: changes role from CANDIDATE to FOLLOWER at term 150 for DISCOVERED_A_NEW_TERM
2019-10-18 14:30:37,443 [681edbc6-a1fc-42a4-b5ce-4922820de60a@group-FD33B9583E3C-LeaderElection150] INFO  impl.RoleInfo (RoleInfo.java:shutdownLeaderElection(134)) - 681edbc6-a1fc-42a4-b5ce-4922820de60a: shutdown LeaderElection
2019-10-18 14:30:37,443 [681edbc6-a1fc-42a4-b5ce-4922820de60a@group-FD33B9583E3C-LeaderElection150] INFO  impl.RoleInfo (RoleInfo.java:updateAndGet(143)) - 681edbc6-a1fc-42a4-b5ce-4922820de60a: start FollowerState
2019-10-18 14:30:37,551 [Thread-1514] INFO  impl.FollowerState (FollowerState.java:run(108)) - 681edbc6-a1fc-42a4-b5ce-4922820de60a@group-FD33B9583E3C-FollowerState: change to CANDIDATE, lastRpcTime:108ms, electionTimeout:108ms
2019-10-18 14:30:37,551 [Thread-1514] INFO  impl.RoleInfo (RoleInfo.java:shutdownFollowerState(121)) - 681edbc6-a1fc-42a4-b5ce-4922820de60a: shutdown FollowerState
2019-10-18 14:30:37,552 [Thread-1514] INFO  impl.RaftServerImpl (RaftServerImpl.java:setRole(184)) - 681edbc6-a1fc-42a4-b5ce-4922820de60a@group-FD33B9583E3C: changes role from  FOLLOWER to CANDIDATE at term 150 for changeToCandidate
2019-10-18 14:30:37,552 [Thread-1514] INFO  impl.RoleInfo (RoleInfo.java:updateAndGet(143)) - 681edbc6-a1fc-42a4-b5ce-4922820de60a: start LeaderElection
2019-10-18 14:30:37,565 [681edbc6-a1fc-42a4-b5ce-4922820de60a@group-FD33B9583E3C-LeaderElection151] INFO  impl.LeaderElection (LeaderElection.java:askForVotes(178)) - 681edbc6-a1fc-42a4-b5ce-4922820de60a@group-FD33B9583E3C-LeaderElection151: begin an election at term 151 for -1: [3ee7b367-7b16-44e1-99f8-43aefeda0876:192.168.164.233:46080, 681edbc6-a1fc-42a4-b5ce-4922820de60a:192.168.164.233:44267, 773cce60-eeca-4c1f-a5ec-70084be8b6b9:192.168.164.233:38729], old=null
2019-10-18 14:30:37,567 [grpc-default-executor-1] INFO  impl.RaftServerImpl (RaftServerImpl.java:setRole(184)) - 3ee7b367-7b16-44e1-99f8-43aefeda0876@group-FD33B9583E3C: changes role from  FOLLOWER to FOLLOWER at term 151 for recognizeCandidate:681edbc6-a1fc-42a4-b5ce-4922820de60a
2019-10-18 14:30:37,567 [grpc-default-executor-3] INFO  impl.RaftServerImpl (RaftServerImpl.java:setRole(184)) - 773cce60-eeca-4c1f-a5ec-70084be8b6b9@group-FD33B9583E3C: changes role from  FOLLOWER to FOLLOWER at term 151 for recognizeCandidate:681edbc6-a1fc-42a4-b5ce-4922820de60a
2019-10-18 14:30:37,567 [grpc-default-executor-1] INFO  impl.RoleInfo (RoleInfo.java:shutdownFollowerState(121)) - 3ee7b367-7b16-44e1-99f8-43aefeda0876: shutdown FollowerState
2019-10-18 14:30:37,567 [grpc-default-executor-3] INFO  impl.RoleInfo (RoleInfo.java:shutdownFollowerState(121)) - 773cce60-eeca-4c1f-a5ec-70084be8b6b9: shutdown FollowerState
2019-10-18 14:30:37,568 [Thread-1513] INFO  impl.FollowerState (FollowerState.java:run(117)) - 3ee7b367-7b16-44e1-99f8-43aefeda0876@group-FD33B9583E3C-FollowerState was interrupted: java.lang.InterruptedException: sleep interrupted
2019-10-18 14:30:37,568 [Thread-1512] INFO  impl.FollowerState (FollowerState.java:run(117)) - 773cce60-eeca-4c1f-a5ec-70084be8b6b9@group-FD33B9583E3C-FollowerState was interrupted: java.lang.InterruptedException: sleep interrupted
2019-10-18 14:30:37,568 [grpc-default-executor-1] INFO  impl.RoleInfo (RoleInfo.java:updateAndGet(143)) - 3ee7b367-7b16-44e1-99f8-43aefeda0876: start FollowerState
2019-10-18 14:30:37,568 [grpc-default-executor-3] INFO  impl.RoleInfo (RoleInfo.java:updateAndGet(143)) - 773cce60-eeca-4c1f-a5ec-70084be8b6b9: start FollowerState
2019-10-18 14:30:37,583 [681edbc6-a1fc-42a4-b5ce-4922820de60a@group-FD33B9583E3C-LeaderElection151] INFO  impl.LeaderElection (LeaderElection.java:logAndReturn(56)) - 681edbc6-a1fc-42a4-b5ce-4922820de60a@group-FD33B9583E3C-LeaderElection151: Election REJECTED; received 2 response(s) [681edbc6-a1fc-42a4-b5ce-4922820de60a<-3ee7b367-7b16-44e1-99f8-43aefeda0876#0:FAIL-t151, 681edbc6-a1fc-42a4-b5ce-4922820de60a<-773cce60-eeca-4c1f-a5ec-70084be8b6b9#0:FAIL-t151] and 0 exception(s); 681edbc6-a1fc-42a4-b5ce-4922820de60a@group-FD33B9583E3C:t151, leader=null, voted=681edbc6-a1fc-42a4-b5ce-4922820de60a, raftlog=681edbc6-a1fc-42a4-b5ce-4922820de60a@group-FD33B9583E3C-SegmentedRaftLog:OPENED:c-1,f-1,i0, conf=-1: [3ee7b367-7b16-44e1-99f8-43aefeda0876:192.168.164.233:46080, 681edbc6-a1fc-42a4-b5ce-4922820de60a:192.168.164.233:44267, 773cce60-eeca-4c1f-a5ec-70084be8b6b9:192.168.164.233:38729], old=null
2019-10-18 14:30:37,583 [681edbc6-a1fc-42a4-b5ce-4922820de60a@group-FD33B9583E3C-LeaderElection151] INFO  impl.RaftServerImpl (RaftServerImpl.java:setRole(184)) - 681edbc6-a1fc-42a4-b5ce-4922820de60a@group-FD33B9583E3C: changes role from CANDIDATE to FOLLOWER at term 151 for DISCOVERED_A_NEW_TERM
2019-10-18 14:30:37,583 [681edbc6-a1fc-42a4-b5ce-4922820de60a@group-FD33B9583E3C-LeaderElection151] INFO  impl.RoleInfo (RoleInfo.java:shutdownLeaderElection(134)) - 681edbc6-a1fc-42a4-b5ce-4922820de60a: shutdown LeaderElection
2019-10-18 14:30:37,583 [681edbc6-a1fc-42a4-b5ce-4922820de60a@group-FD33B9583E3C-LeaderElection151] INFO  impl.RoleInfo (RoleInfo.java:updateAndGet(143)) - 681edbc6-a1fc-42a4-b5ce-4922820de60a: start FollowerState
2019-10-18 14:30:37,615 [Thread-1522] INFO  impl.FollowerState (FollowerState.java:run(108)) - 681edbc6-a1fc-42a4-b5ce-4922820de60a@group-FD33B9583E3C-FollowerState: change to CANDIDATE, lastRpcTime:32ms, electionTimeout:32ms
2019-10-18 14:30:37,616 [Thread-1522] INFO  impl.RoleInfo (RoleInfo.java:shutdownFollowerState(121)) - 681edbc6-a1fc-42a4-b5ce-4922820de60a: shutdown FollowerState
2019-10-18 14:30:37,616 [Thread-1522] INFO  impl.RaftServerImpl (RaftServerImpl.java:setRole(184)) - 681edbc6-a1fc-42a4-b5ce-4922820de60a@group-FD33B9583E3C: changes role from  FOLLOWER to CANDIDATE at term 151 for changeToCandidate
2019-10-18 14:30:37,617 [Thread-1522] INFO  impl.RoleInfo (RoleInfo.java:updateAndGet(143)) - 681edbc6-a1fc-42a4-b5ce-4922820de60a: start LeaderElection
2019-10-18 14:30:37,631 [681edbc6-a1fc-42a4-b5ce-4922820de60a@group-FD33B9583E3C-LeaderElection152] INFO  impl.LeaderElection (LeaderElection.java:askForVotes(178)) - 681edbc6-a1fc-42a4-b5ce-4922820de60a@group-FD33B9583E3C-LeaderElection152: begin an election at term 152 for -1: [3ee7b367-7b16-44e1-99f8-43aefeda0876:192.168.164.233:46080, 681edbc6-a1fc-42a4-b5ce-4922820de60a:192.168.164.233:44267, 773cce60-eeca-4c1f-a5ec-70084be8b6b9:192.168.164.233:38729], old=null
2019-10-18 14:30:37,632 [grpc-default-executor-1] INFO  impl.RaftServerImpl (RaftServerImpl.java:setRole(184)) - 773cce60-eeca-4c1f-a5ec-70084be8b6b9@group-FD33B9583E3C: changes role from  FOLLOWER to FOLLOWER at term 152 for recognizeCandidate:681edbc6-a1fc-42a4-b5ce-4922820de60a
2019-10-18 14:30:37,633 [grpc-default-executor-1] INFO  impl.RoleInfo (RoleInfo.java:shutdownFollowerState(121)) - 773cce60-eeca-4c1f-a5ec-70084be8b6b9: shutdown FollowerState
2019-10-18 14:30:37,632 [grpc-default-executor-3] INFO  impl.RaftServerImpl (RaftServerImpl.java:setRole(184)) - 3ee7b367-7b16-44e1-99f8-43aefeda0876@group-FD33B9583E3C: changes role from  FOLLOWER to FOLLOWER at term 152 for recognizeCandidate:681edbc6-a1fc-42a4-b5ce-4922820de60a
2019-10-18 14:30:37,633 [grpc-default-executor-3] INFO  impl.RoleInfo (RoleInfo.java:shutdownFollowerState(121)) - 3ee7b367-7b16-44e1-99f8-43aefeda0876: shutdown FollowerState
2019-10-18 14:30:37,633 [grpc-default-executor-1] INFO  impl.RoleInfo (RoleInfo.java:updateAndGet(143)) - 773cce60-eeca-4c1f-a5ec-70084be8b6b9: start FollowerState
2019-10-18 14:30:37,633 [Thread-1520] INFO  impl.FollowerState (FollowerState.java:run(117)) - 3ee7b367-7b16-44e1-99f8-43aefeda0876@group-FD33B9583E3C-FollowerState was interrupted: java.lang.InterruptedException: sleep interrupted
2019-10-18 14:30:37,633 [grpc-default-executor-3] INFO  impl.RoleInfo (RoleInfo.java:updateAndGet(143)) - 3ee7b367-7b16-44e1-99f8-43aefeda0876: start FollowerState
2019-10-18 14:30:37,633 [Thread-1521] INFO  impl.FollowerState (FollowerState.java:run(117)) - 773cce60-eeca-4c1f-a5ec-70084be8b6b9@group-FD33B9583E3C-FollowerState was interrupted: java.lang.InterruptedException: sleep interrupted
2019-10-18 14:30:37,650 [681edbc6-a1fc-42a4-b5ce-4922820de60a@group-FD33B9583E3C-LeaderElection152] INFO  impl.LeaderElection (LeaderElection.java:logAndReturn(56)) - 681edbc6-a1fc-42a4-b5ce-4922820de60a@group-FD33B9583E3C-LeaderElection152: Election REJECTED; received 2 response(s) [681edbc6-a1fc-42a4-b5ce-4922820de60a<-3ee7b367-7b16-44e1-99f8-43aefeda0876#0:FAIL-t152, 681edbc6-a1fc-42a4-b5ce-4922820de60a<-773cce60-eeca-4c1f-a5ec-70084be8b6b9#0:FAIL-t152] and 0 exception(s); 681edbc6-a1fc-42a4-b5ce-4922820de60a@group-FD33B9583E3C:t152, leader=null, voted=681edbc6-a1fc-42a4-b5ce-4922820de60a, raftlog=681edbc6-a1fc-42a4-b5ce-4922820de60a@group-FD33B9583E3C-SegmentedRaftLog:OPENED:c-1,f-1,i0, conf=-1: [3ee7b367-7b16-44e1-99f8-43aefeda0876:192.168.164.233:46080, 681edbc6-a1fc-42a4-b5ce-4922820de60a:192.168.164.233:44267, 773cce60-eeca-4c1f-a5ec-70084be8b6b9:192.168.164.233:38729], old=null
2019-10-18 14:30:37,650 [681edbc6-a1fc-42a4-b5ce-4922820de60a@group-FD33B9583E3C-LeaderElection152] INFO  impl.RaftServerImpl (RaftServerImpl.java:setRole(184)) - 681edbc6-a1fc-42a4-b5ce-4922820de60a@group-FD33B9583E3C: changes role from CANDIDATE to FOLLOWER at term 152 for DISCOVERED_A_NEW_TERM
2019-10-18 14:30:37,650 [681edbc6-a1fc-42a4-b5ce-4922820de60a@group-FD33B9583E3C-LeaderElection152] INFO  impl.RoleInfo (RoleInfo.java:shutdownLeaderElection(134)) - 681edbc6-a1fc-42a4-b5ce-4922820de60a: shutdown LeaderElection
2019-10-18 14:30:37,650 [681edbc6-a1fc-42a4-b5ce-4922820de60a@group-FD33B9583E3C-LeaderElection152] INFO  impl.RoleInfo (RoleInfo.java:updateAndGet(143)) - 681edbc6-a1fc-42a4-b5ce-4922820de60a: start FollowerState
2019-10-18 14:30:37,714 [java.util.concurrent.ThreadPoolExecutor$Worker@4efed47c[State = -1, empty queue]] WARN  server.GrpcLogAppender (GrpcLogAppender.java:timeoutAppendRequest(209)) - 46c14060-ea78-4b5a-b57c-064e4766b234@group-45DBFE4B8A65->a4757974-e77e-4a1a-a400-c32fe273093a-GrpcLogAppender: appendEntries Timeout, request=46c14060-ea78-4b5a-b57c-064e4766b234->a4757974-e77e-4a1a-a400-c32fe273093a#38-t3, previous=(t:3, i:4), leaderCommit=4, initializing? false, entries: <empty>
2019-10-18 14:30:37,714 [java.util.concurrent.ThreadPoolExecutor$Worker@108d80c3[State = -1, empty queue]] WARN  server.GrpcLogAppender (GrpcLogAppender.java:timeoutAppendRequest(209)) - 46c14060-ea78-4b5a-b57c-064e4766b234@group-45DBFE4B8A65->55013cf6-f41f-4339-a52c-06c119893914-GrpcLogAppender: appendEntries Timeout, request=46c14060-ea78-4b5a-b57c-064e4766b234->55013cf6-f41f-4339-a52c-06c119893914#38-t3, previous=(t:3, i:4), leaderCommit=4, initializing? false, entries: <empty>
2019-10-18 14:30:37,784 [Thread-1528] INFO  impl.FollowerState (FollowerState.java:run(108)) - 681edbc6-a1fc-42a4-b5ce-4922820de60a@group-FD33B9583E3C-FollowerState: change to CANDIDATE, lastRpcTime:133ms, electionTimeout:133ms
2019-10-18 14:30:37,784 [Thread-1528] INFO  impl.RoleInfo (RoleInfo.java:shutdownFollowerState(121)) - 681edbc6-a1fc-42a4-b5ce-4922820de60a: shutdown FollowerState
2019-10-18 14:30:37,784 [Thread-1528] INFO  impl.RaftServerImpl (RaftServerImpl.java:setRole(184)) - 681edbc6-a1fc-42a4-b5ce-4922820de60a@group-FD33B9583E3C: changes role from  FOLLOWER to CANDIDATE at term 152 for changeToCandidate
2019-10-18 14:30:37,785 [Thread-1528] INFO  impl.RoleInfo (RoleInfo.java:updateAndGet(143)) - 681edbc6-a1fc-42a4-b5ce-4922820de60a: start LeaderElection
2019-10-18 14:30:37,799 [681edbc6-a1fc-42a4-b5ce-4922820de60a@group-FD33B9583E3C-LeaderElection153] INFO  impl.LeaderElection (LeaderElection.java:askForVotes(178)) - 681edbc6-a1fc-42a4-b5ce-4922820de60a@group-FD33B9583E3C-LeaderElection153: begin an election at term 153 for -1: [3ee7b367-7b16-44e1-99f8-43aefeda0876:192.168.164.233:46080, 681edbc6-a1fc-42a4-b5ce-4922820de60a:192.168.164.233:44267, 773cce60-eeca-4c1f-a5ec-70084be8b6b9:192.168.164.233:38729], old=null
2019-10-18 14:30:37,801 [grpc-default-executor-3] INFO  impl.RaftServerImpl (RaftServerImpl.java:setRole(184)) - 773cce60-eeca-4c1f-a5ec-70084be8b6b9@group-FD33B9583E3C: changes role from  FOLLOWER to FOLLOWER at term 153 for recognizeCandidate:681edbc6-a1fc-42a4-b5ce-4922820de60a
2019-10-18 14:30:37,801 [grpc-default-executor-1] INFO  impl.RaftServerImpl (RaftServerImpl.java:setRole(184)) - 3ee7b367-7b16-44e1-99f8-43aefeda0876@group-FD33B9583E3C: changes role from  FOLLOWER to FOLLOWER at term 153 for recognizeCandidate:681edbc6-a1fc-42a4-b5ce-4922820de60a
2019-10-18 14:30:37,801 [grpc-default-executor-3] INFO  impl.RoleInfo (RoleInfo.java:shutdownFollowerState(121)) - 773cce60-eeca-4c1f-a5ec-70084be8b6b9: shutdown FollowerState
2019-10-18 14:30:37,801 [grpc-default-executor-1] INFO  impl.RoleInfo (RoleInfo.java:shutdownFollowerState(121)) - 3ee7b367-7b16-44e1-99f8-43aefeda0876: shutdown FollowerState
2019-10-18 14:30:37,801 [grpc-default-executor-3] INFO  impl.RoleInfo (RoleInfo.java:updateAndGet(143)) - 773cce60-eeca-4c1f-a5ec-70084be8b6b9: start FollowerState
2019-10-18 14:30:37,801 [grpc-default-executor-1] INFO  impl.RoleInfo (RoleInfo.java:updateAndGet(143)) - 3ee7b367-7b16-44e1-99f8-43aefeda0876: start FollowerState
2019-10-18 14:30:37,801 [Thread-1527] INFO  impl.FollowerState (FollowerState.java:run(117)) - 3ee7b367-7b16-44e1-99f8-43aefeda0876@group-FD33B9583E3C-FollowerState was interrupted: java.lang.InterruptedException: sleep interrupted
2019-10-18 14:30:37,801 [Thread-1526] INFO  impl.FollowerState (FollowerState.java:run(117)) - 773cce60-eeca-4c1f-a5ec-70084be8b6b9@group-FD33B9583E3C-FollowerState was interrupted: java.lang.InterruptedException: sleep interrupted
2019-10-18 14:30:37,821 [681edbc6-a1fc-42a4-b5ce-4922820de60a@group-FD33B9583E3C-LeaderElection153] INFO  impl.LeaderElection (LeaderElection.java:logAndReturn(56)) - 681edbc6-a1fc-42a4-b5ce-4922820de60a@group-FD33B9583E3C-LeaderElection153: Election REJECTED; received 2 response(s) [681edbc6-a1fc-42a4-b5ce-4922820de60a<-3ee7b367-7b16-44e1-99f8-43aefeda0876#0:FAIL-t153, 681edbc6-a1fc-42a4-b5ce-4922820de60a<-773cce60-eeca-4c1f-a5ec-70084be8b6b9#0:FAIL-t153] and 0 exception(s); 681edbc6-a1fc-42a4-b5ce-4922820de60a@group-FD33B9583E3C:t153, leader=null, voted=681edbc6-a1fc-42a4-b5ce-4922820de60a, raftlog=681edbc6-a1fc-42a4-b5ce-4922820de60a@group-FD33B9583E3C-SegmentedRaftLog:OPENED:c-1,f-1,i0, conf=-1: [3ee7b367-7b16-44e1-99f8-43aefeda0876:192.168.164.233:46080, 681edbc6-a1fc-42a4-b5ce-4922820de60a:192.168.164.233:44267, 773cce60-eeca-4c1f-a5ec-70084be8b6b9:192.168.164.233:38729], old=null
2019-10-18 14:30:37,821 [681edbc6-a1fc-42a4-b5ce-4922820de60a@group-FD33B9583E3C-LeaderElection153] INFO  impl.RaftServerImpl (RaftServerImpl.java:setRole(184)) - 681edbc6-a1fc-42a4-b5ce-4922820de60a@group-FD33B9583E3C: changes role from CANDIDATE to FOLLOWER at term 153 for DISCOVERED_A_NEW_TERM
2019-10-18 14:30:37,821 [681edbc6-a1fc-42a4-b5ce-4922820de60a@group-FD33B9583E3C-LeaderElection153] INFO  impl.RoleInfo (RoleInfo.java:shutdownLeaderElection(134)) - 681edbc6-a1fc-42a4-b5ce-4922820de60a: shutdown LeaderElection
2019-10-18 14:30:37,821 [681edbc6-a1fc-42a4-b5ce-4922820de60a@group-FD33B9583E3C-LeaderElection153] INFO  impl.RoleInfo (RoleInfo.java:updateAndGet(143)) - 681edbc6-a1fc-42a4-b5ce-4922820de60a: start FollowerState
2019-10-18 14:30:37,881 [Thread-1534] INFO  impl.FollowerState (FollowerState.java:run(108)) - 681edbc6-a1fc-42a4-b5ce-4922820de60a@group-FD33B9583E3C-FollowerState: change to CANDIDATE, lastRpcTime:60ms, electionTimeout:60ms
2019-10-18 14:30:37,882 [Thread-1534] INFO  impl.RoleInfo (RoleInfo.java:shutdownFollowerState(121)) - 681edbc6-a1fc-42a4-b5ce-4922820de60a: shutdown FollowerState
2019-10-18 14:30:37,882 [Thread-1534] INFO  impl.RaftServerImpl (RaftServerImpl.java:setRole(184)) - 681edbc6-a1fc-42a4-b5ce-4922820de60a@group-FD33B9583E3C: changes role from  FOLLOWER to CANDIDATE at term 153 for changeToCandidate
2019-10-18 14:30:37,882 [Thread-1534] INFO  impl.RoleInfo (RoleInfo.java:updateAndGet(143)) - 681edbc6-a1fc-42a4-b5ce-4922820de60a: start LeaderElection
2019-10-18 14:30:37,898 [681edbc6-a1fc-42a4-b5ce-4922820de60a@group-FD33B9583E3C-LeaderElection154] INFO  impl.LeaderElection (LeaderElection.java:askForVotes(178)) - 681edbc6-a1fc-42a4-b5ce-4922820de60a@group-FD33B9583E3C-LeaderElection154: begin an election at term 154 for -1: [3ee7b367-7b16-44e1-99f8-43aefeda0876:192.168.164.233:46080, 681edbc6-a1fc-42a4-b5ce-4922820de60a:192.168.164.233:44267, 773cce60-eeca-4c1f-a5ec-70084be8b6b9:192.168.164.233:38729], old=null
2019-10-18 14:30:37,900 [grpc-default-executor-3] INFO  impl.RaftServerImpl (RaftServerImpl.java:setRole(184)) - 3ee7b367-7b16-44e1-99f8-43aefeda0876@group-FD33B9583E3C: changes role from  FOLLOWER to FOLLOWER at term 154 for recognizeCandidate:681edbc6-a1fc-42a4-b5ce-4922820de60a
2019-10-18 14:30:37,900 [grpc-default-executor-3] INFO  impl.RoleInfo (RoleInfo.java:shutdownFollowerState(121)) - 3ee7b367-7b16-44e1-99f8-43aefeda0876: shutdown FollowerState
2019-10-18 14:30:37,900 [grpc-default-executor-3] INFO  impl.RoleInfo (RoleInfo.java:updateAndGet(143)) - 3ee7b367-7b16-44e1-99f8-43aefeda0876: start FollowerState
2019-10-18 14:30:37,900 [grpc-default-executor-1] INFO  impl.RaftServerImpl (RaftServerImpl.java:setRole(184)) - 773cce60-eeca-4c1f-a5ec-70084be8b6b9@group-FD33B9583E3C: changes role from  FOLLOWER to FOLLOWER at term 154 for recognizeCandidate:681edbc6-a1fc-42a4-b5ce-4922820de60a
2019-10-18 14:30:37,900 [Thread-1533] INFO  impl.FollowerState (FollowerState.java:run(117)) - 3ee7b367-7b16-44e1-99f8-43aefeda0876@group-FD33B9583E3C-FollowerState was interrupted: java.lang.InterruptedException: sleep interrupted
2019-10-18 14:30:37,900 [grpc-default-executor-1] INFO  impl.RoleInfo (RoleInfo.java:shutdownFollowerState(121)) - 773cce60-eeca-4c1f-a5ec-70084be8b6b9: shutdown FollowerState
2019-10-18 14:30:37,901 [grpc-default-executor-1] INFO  impl.RoleInfo (RoleInfo.java:updateAndGet(143)) - 773cce60-eeca-4c1f-a5ec-70084be8b6b9: start FollowerState
2019-10-18 14:30:37,901 [Thread-1532] INFO  impl.FollowerState (FollowerState.java:run(117)) - 773cce60-eeca-4c1f-a5ec-70084be8b6b9@group-FD33B9583E3C-FollowerState was interrupted: java.lang.InterruptedException: sleep interrupted
2019-10-18 14:30:37,912 [681edbc6-a1fc-42a4-b5ce-4922820de60a@group-FD33B9583E3C-LeaderElection154] INFO  impl.LeaderElection (LeaderElection.java:logAndReturn(56)) - 681edbc6-a1fc-42a4-b5ce-4922820de60a@group-FD33B9583E3C-LeaderElection154: Election REJECTED; received 2 response(s) [681edbc6-a1fc-42a4-b5ce-4922820de60a<-3ee7b367-7b16-44e1-99f8-43aefeda0876#0:FAIL-t154, 681edbc6-a1fc-42a4-b5ce-4922820de60a<-773cce60-eeca-4c1f-a5ec-70084be8b6b9#0:FAIL-t154] and 0 exception(s); 681edbc6-a1fc-42a4-b5ce-4922820de60a@group-FD33B9583E3C:t154, leader=null, voted=681edbc6-a1fc-42a4-b5ce-4922820de60a, raftlog=681edbc6-a1fc-42a4-b5ce-4922820de60a@group-FD33B9583E3C-SegmentedRaftLog:OPENED:c-1,f-1,i0, conf=-1: [3ee7b367-7b16-44e1-99f8-43aefeda0876:192.168.164.233:46080, 681edbc6-a1fc-42a4-b5ce-4922820de60a:192.168.164.233:44267, 773cce60-eeca-4c1f-a5ec-70084be8b6b9:192.168.164.233:38729], old=null
2019-10-18 14:30:37,913 [681edbc6-a1fc-42a4-b5ce-4922820de60a@group-FD33B9583E3C-LeaderElection154] INFO  impl.RaftServerImpl (RaftServerImpl.java:setRole(184)) - 681edbc6-a1fc-42a4-b5ce-4922820de60a@group-FD33B9583E3C: changes role from CANDIDATE to FOLLOWER at term 154 for DISCOVERED_A_NEW_TERM
2019-10-18 14:30:37,913 [681edbc6-a1fc-42a4-b5ce-4922820de60a@group-FD33B9583E3C-LeaderElection154] INFO  impl.RoleInfo (RoleInfo.java:shutdownLeaderElection(134)) - 681edbc6-a1fc-42a4-b5ce-4922820de60a: shutdown LeaderElection
2019-10-18 14:30:37,913 [681edbc6-a1fc-42a4-b5ce-4922820de60a@group-FD33B9583E3C-LeaderElection154] INFO  impl.RoleInfo (RoleInfo.java:updateAndGet(143)) - 681edbc6-a1fc-42a4-b5ce-4922820de60a: start FollowerState
2019-10-18 14:30:38,084 [Thread-1540] INFO  impl.FollowerState (FollowerState.java:run(108)) - 681edbc6-a1fc-42a4-b5ce-4922820de60a@group-FD33B9583E3C-FollowerState: change to CANDIDATE, lastRpcTime:171ms, electionTimeout:171ms
2019-10-18 14:30:38,085 [Thread-1540] INFO  impl.RoleInfo (RoleInfo.java:shutdownFollowerState(121)) - 681edbc6-a1fc-42a4-b5ce-4922820de60a: shutdown FollowerState
2019-10-18 14:30:38,085 [Thread-1540] INFO  impl.RaftServerImpl (RaftServerImpl.java:setRole(184)) - 681edbc6-a1fc-42a4-b5ce-4922820de60a@group-FD33B9583E3C: changes role from  FOLLOWER to CANDIDATE at term 154 for changeToCandidate
2019-10-18 14:30:38,085 [Thread-1540] INFO  impl.RoleInfo (RoleInfo.java:updateAndGet(143)) - 681edbc6-a1fc-42a4-b5ce-4922820de60a: start LeaderElection
2019-10-18 14:30:38,099 [681edbc6-a1fc-42a4-b5ce-4922820de60a@group-FD33B9583E3C-LeaderElection155] INFO  impl.LeaderElection (LeaderElection.java:askForVotes(178)) - 681edbc6-a1fc-42a4-b5ce-4922820de60a@group-FD33B9583E3C-LeaderElection155: begin an election at term 155 for -1: [3ee7b367-7b16-44e1-99f8-43aefeda0876:192.168.164.233:46080, 681edbc6-a1fc-42a4-b5ce-4922820de60a:192.168.164.233:44267, 773cce60-eeca-4c1f-a5ec-70084be8b6b9:192.168.164.233:38729], old=null
2019-10-18 14:30:38,101 [grpc-default-executor-3] INFO  impl.RaftServerImpl (RaftServerImpl.java:setRole(184)) - 773cce60-eeca-4c1f-a5ec-70084be8b6b9@group-FD33B9583E3C: changes role from  FOLLOWER to FOLLOWER at term 155 for recognizeCandidate:681edbc6-a1fc-42a4-b5ce-4922820de60a
2019-10-18 14:30:38,101 [grpc-default-executor-3] INFO  impl.RoleInfo (RoleInfo.java:shutdownFollowerState(121)) - 773cce60-eeca-4c1f-a5ec-70084be8b6b9: shutdown FollowerState
2019-10-18 14:30:38,102 [grpc-default-executor-1] INFO  impl.RaftServerImpl (RaftServerImpl.java:setRole(184)) - 3ee7b367-7b16-44e1-99f8-43aefeda0876@group-FD33B9583E3C: changes role from  FOLLOWER to FOLLOWER at term 155 for recognizeCandidate:681edbc6-a1fc-42a4-b5ce-4922820de60a
2019-10-18 14:30:38,102 [Thread-1539] INFO  impl.FollowerState (FollowerState.java:run(117)) - 773cce60-eeca-4c1f-a5ec-70084be8b6b9@group-FD33B9583E3C-FollowerState was interrupted: java.lang.InterruptedException: sleep interrupted
2019-10-18 14:30:38,102 [grpc-default-executor-3] INFO  impl.RoleInfo (RoleInfo.java:updateAndGet(143)) - 773cce60-eeca-4c1f-a5ec-70084be8b6b9: start FollowerState
2019-10-18 14:30:38,102 [grpc-default-executor-1] INFO  impl.RoleInfo (RoleInfo.java:shutdownFollowerState(121)) - 3ee7b367-7b16-44e1-99f8-43aefeda0876: shutdown FollowerState
2019-10-18 14:30:38,102 [grpc-default-executor-1] INFO  impl.RoleInfo (RoleInfo.java:updateAndGet(143)) - 3ee7b367-7b16-44e1-99f8-43aefeda0876: start FollowerState
2019-10-18 14:30:38,102 [Thread-1538] INFO  impl.FollowerState (FollowerState.java:run(117)) - 3ee7b367-7b16-44e1-99f8-43aefeda0876@group-FD33B9583E3C-FollowerState was interrupted: java.lang.InterruptedException: sleep interrupted
2019-10-18 14:30:38,118 [681edbc6-a1fc-42a4-b5ce-4922820de60a@group-FD33B9583E3C-LeaderElection155] INFO  impl.LeaderElection (LeaderElection.java:logAndReturn(56)) - 681edbc6-a1fc-42a4-b5ce-4922820de60a@group-FD33B9583E3C-LeaderElection155: Election REJECTED; received 2 response(s) [681edbc6-a1fc-42a4-b5ce-4922820de60a<-3ee7b367-7b16-44e1-99f8-43aefeda0876#0:FAIL-t155, 681edbc6-a1fc-42a4-b5ce-4922820de60a<-773cce60-eeca-4c1f-a5ec-70084be8b6b9#0:FAIL-t155] and 0 exception(s); 681edbc6-a1fc-42a4-b5ce-4922820de60a@group-FD33B9583E3C:t155, leader=null, voted=681edbc6-a1fc-42a4-b5ce-4922820de60a, raftlog=681edbc6-a1fc-42a4-b5ce-4922820de60a@group-FD33B9583E3C-SegmentedRaftLog:OPENED:c-1,f-1,i0, conf=-1: [3ee7b367-7b16-44e1-99f8-43aefeda0876:192.168.164.233:46080, 681edbc6-a1fc-42a4-b5ce-4922820de60a:192.168.164.233:44267, 773cce60-eeca-4c1f-a5ec-70084be8b6b9:192.168.164.233:38729], old=null
2019-10-18 14:30:38,119 [681edbc6-a1fc-42a4-b5ce-4922820de60a@group-FD33B9583E3C-LeaderElection155] INFO  impl.RaftServerImpl (RaftServerImpl.java:setRole(184)) - 681edbc6-a1fc-42a4-b5ce-4922820de60a@group-FD33B9583E3C: changes role from CANDIDATE to FOLLOWER at term 155 for DISCOVERED_A_NEW_TERM
2019-10-18 14:30:38,119 [681edbc6-a1fc-42a4-b5ce-4922820de60a@group-FD33B9583E3C-LeaderElection155] INFO  impl.RoleInfo (RoleInfo.java:shutdownLeaderElection(134)) - 681edbc6-a1fc-42a4-b5ce-4922820de60a: shutdown LeaderElection
2019-10-18 14:30:38,119 [681edbc6-a1fc-42a4-b5ce-4922820de60a@group-FD33B9583E3C-LeaderElection155] INFO  impl.RoleInfo (RoleInfo.java:updateAndGet(143)) - 681edbc6-a1fc-42a4-b5ce-4922820de60a: start FollowerState
2019-10-18 14:30:38,214 [java.util.concurrent.ThreadPoolExecutor$Worker@4efed47c[State = -1, empty queue]] WARN  server.GrpcLogAppender (GrpcLogAppender.java:timeoutAppendRequest(209)) - 46c14060-ea78-4b5a-b57c-064e4766b234@group-45DBFE4B8A65->a4757974-e77e-4a1a-a400-c32fe273093a-GrpcLogAppender: appendEntries Timeout, request=46c14060-ea78-4b5a-b57c-064e4766b234->a4757974-e77e-4a1a-a400-c32fe273093a#39-t3, previous=(t:3, i:4), leaderCommit=4, initializing? false, entries: <empty>
2019-10-18 14:30:38,214 [java.util.concurrent.ThreadPoolExecutor$Worker@108d80c3[State = -1, empty queue]] WARN  server.GrpcLogAppender (GrpcLogAppender.java:timeoutAppendRequest(209)) - 46c14060-ea78-4b5a-b57c-064e4766b234@group-45DBFE4B8A65->55013cf6-f41f-4339-a52c-06c119893914-GrpcLogAppender: appendEntries Timeout, request=46c14060-ea78-4b5a-b57c-064e4766b234->55013cf6-f41f-4339-a52c-06c119893914#39-t3, previous=(t:3, i:4), leaderCommit=4, initializing? false, entries: <empty>
2019-10-18 14:30:38,239 [Thread-1548] INFO  impl.FollowerState (FollowerState.java:run(108)) - 681edbc6-a1fc-42a4-b5ce-4922820de60a@group-FD33B9583E3C-FollowerState: change to CANDIDATE, lastRpcTime:120ms, electionTimeout:120ms
2019-10-18 14:30:38,239 [Thread-1548] INFO  impl.RoleInfo (RoleInfo.java:shutdownFollowerState(121)) - 681edbc6-a1fc-42a4-b5ce-4922820de60a: shutdown FollowerState
2019-10-18 14:30:38,239 [Thread-1548] INFO  impl.RaftServerImpl (RaftServerImpl.java:setRole(184)) - 681edbc6-a1fc-42a4-b5ce-4922820de60a@group-FD33B9583E3C: changes role from  FOLLOWER to CANDIDATE at term 155 for changeToCandidate
2019-10-18 14:30:38,240 [Thread-1548] INFO  impl.RoleInfo (RoleInfo.java:updateAndGet(143)) - 681edbc6-a1fc-42a4-b5ce-4922820de60a: start LeaderElection
2019-10-18 14:30:38,253 [681edbc6-a1fc-42a4-b5ce-4922820de60a@group-FD33B9583E3C-LeaderElection156] INFO  impl.LeaderElection (LeaderElection.java:askForVotes(178)) - 681edbc6-a1fc-42a4-b5ce-4922820de60a@group-FD33B9583E3C-LeaderElection156: begin an election at term 156 for -1: [3ee7b367-7b16-44e1-99f8-43aefeda0876:192.168.164.233:46080, 681edbc6-a1fc-42a4-b5ce-4922820de60a:192.168.164.233:44267, 773cce60-eeca-4c1f-a5ec-70084be8b6b9:192.168.164.233:38729], old=null
2019-10-18 14:30:38,255 [grpc-default-executor-1] INFO  impl.RaftServerImpl (RaftServerImpl.java:setRole(184)) - 773cce60-eeca-4c1f-a5ec-70084be8b6b9@group-FD33B9583E3C: changes role from  FOLLOWER to FOLLOWER at term 156 for recognizeCandidate:681edbc6-a1fc-42a4-b5ce-4922820de60a
2019-10-18 14:30:38,255 [grpc-default-executor-3] INFO  impl.RaftServerImpl (RaftServerImpl.java:setRole(184)) - 3ee7b367-7b16-44e1-99f8-43aefeda0876@group-FD33B9583E3C: changes role from  FOLLOWER to FOLLOWER at term 156 for recognizeCandidate:681edbc6-a1fc-42a4-b5ce-4922820de60a
2019-10-18 14:30:38,255 [grpc-default-executor-1] INFO  impl.RoleInfo (RoleInfo.java:shutdownFollowerState(121)) - 773cce60-eeca-4c1f-a5ec-70084be8b6b9: shutdown FollowerState
2019-10-18 14:30:38,255 [grpc-default-executor-3] INFO  impl.RoleInfo (RoleInfo.java:shutdownFollowerState(121)) - 3ee7b367-7b16-44e1-99f8-43aefeda0876: shutdown FollowerState
2019-10-18 14:30:38,255 [Thread-1546] INFO  impl.FollowerState (FollowerState.java:run(117)) - 773cce60-eeca-4c1f-a5ec-70084be8b6b9@group-FD33B9583E3C-FollowerState was interrupted: java.lang.InterruptedException: sleep interrupted
2019-10-18 14:30:38,255 [grpc-default-executor-1] INFO  impl.RoleInfo (RoleInfo.java:updateAndGet(143)) - 773cce60-eeca-4c1f-a5ec-70084be8b6b9: start FollowerState
2019-10-18 14:30:38,256 [Thread-1547] INFO  impl.FollowerState (FollowerState.java:run(117)) - 3ee7b367-7b16-44e1-99f8-43aefeda0876@group-FD33B9583E3C-FollowerState was interrupted: java.lang.InterruptedException: sleep interrupted
2019-10-18 14:30:38,255 [grpc-default-executor-3] INFO  impl.RoleInfo (RoleInfo.java:updateAndGet(143)) - 3ee7b367-7b16-44e1-99f8-43aefeda0876: start FollowerState
2019-10-18 14:30:38,270 [681edbc6-a1fc-42a4-b5ce-4922820de60a@group-FD33B9583E3C-LeaderElection156] INFO  impl.LeaderElection (LeaderElection.java:logAndReturn(56)) - 681edbc6-a1fc-42a4-b5ce-4922820de60a@group-FD33B9583E3C-LeaderElection156: Election REJECTED; received 2 response(s) [681edbc6-a1fc-42a4-b5ce-4922820de60a<-3ee7b367-7b16-44e1-99f8-43aefeda0876#0:FAIL-t156, 681edbc6-a1fc-42a4-b5ce-4922820de60a<-773cce60-eeca-4c1f-a5ec-70084be8b6b9#0:FAIL-t156] and 0 exception(s); 681edbc6-a1fc-42a4-b5ce-4922820de60a@group-FD33B9583E3C:t156, leader=null, voted=681edbc6-a1fc-42a4-b5ce-4922820de60a, raftlog=681edbc6-a1fc-42a4-b5ce-4922820de60a@group-FD33B9583E3C-SegmentedRaftLog:OPENED:c-1,f-1,i0, conf=-1: [3ee7b367-7b16-44e1-99f8-43aefeda0876:192.168.164.233:46080, 681edbc6-a1fc-42a4-b5ce-4922820de60a:192.168.164.233:44267, 773cce60-eeca-4c1f-a5ec-70084be8b6b9:192.168.164.233:38729], old=null
2019-10-18 14:30:38,270 [681edbc6-a1fc-42a4-b5ce-4922820de60a@group-FD33B9583E3C-LeaderElection156] INFO  impl.RaftServerImpl (RaftServerImpl.java:setRole(184)) - 681edbc6-a1fc-42a4-b5ce-4922820de60a@group-FD33B9583E3C: changes role from CANDIDATE to FOLLOWER at term 156 for DISCOVERED_A_NEW_TERM
2019-10-18 14:30:38,270 [681edbc6-a1fc-42a4-b5ce-4922820de60a@group-FD33B9583E3C-LeaderElection156] INFO  impl.RoleInfo (RoleInfo.java:shutdownLeaderElection(134)) - 681edbc6-a1fc-42a4-b5ce-4922820de60a: shutdown LeaderElection
2019-10-18 14:30:38,270 [681edbc6-a1fc-42a4-b5ce-4922820de60a@group-FD33B9583E3C-LeaderElection156] INFO  impl.RoleInfo (RoleInfo.java:updateAndGet(143)) - 681edbc6-a1fc-42a4-b5ce-4922820de60a: start FollowerState
2019-10-18 14:30:38,455 [Thread-1554] INFO  impl.FollowerState (FollowerState.java:run(108)) - 681edbc6-a1fc-42a4-b5ce-4922820de60a@group-FD33B9583E3C-FollowerState: change to CANDIDATE, lastRpcTime:185ms, electionTimeout:185ms
2019-10-18 14:30:38,455 [Thread-1554] INFO  impl.RoleInfo (RoleInfo.java:shutdownFollowerState(121)) - 681edbc6-a1fc-42a4-b5ce-4922820de60a: shutdown FollowerState
2019-10-18 14:30:38,456 [Thread-1554] INFO  impl.RaftServerImpl (RaftServerImpl.java:setRole(184)) - 681edbc6-a1fc-42a4-b5ce-4922820de60a@group-FD33B9583E3C: changes role from  FOLLOWER to CANDIDATE at term 156 for changeToCandidate
2019-10-18 14:30:38,456 [Thread-1554] INFO  impl.RoleInfo (RoleInfo.java:updateAndGet(143)) - 681edbc6-a1fc-42a4-b5ce-4922820de60a: start LeaderElection
2019-10-18 14:30:38,470 [681edbc6-a1fc-42a4-b5ce-4922820de60a@group-FD33B9583E3C-LeaderElection157] INFO  impl.LeaderElection (LeaderElection.java:askForVotes(178)) - 681edbc6-a1fc-42a4-b5ce-4922820de60a@group-FD33B9583E3C-LeaderElection157: begin an election at term 157 for -1: [3ee7b367-7b16-44e1-99f8-43aefeda0876:192.168.164.233:46080, 681edbc6-a1fc-42a4-b5ce-4922820de60a:192.168.164.233:44267, 773cce60-eeca-4c1f-a5ec-70084be8b6b9:192.168.164.233:38729], old=null
2019-10-18 14:30:38,472 [grpc-default-executor-1] INFO  impl.RaftServerImpl (RaftServerImpl.java:setRole(184)) - 773cce60-eeca-4c1f-a5ec-70084be8b6b9@group-FD33B9583E3C: changes role from  FOLLOWER to FOLLOWER at term 157 for recognizeCandidate:681edbc6-a1fc-42a4-b5ce-4922820de60a
2019-10-18 14:30:38,472 [grpc-default-executor-3] INFO  impl.RaftServerImpl (RaftServerImpl.java:setRole(184)) - 3ee7b367-7b16-44e1-99f8-43aefeda0876@group-FD33B9583E3C: changes role from  FOLLOWER to FOLLOWER at term 157 for recognizeCandidate:681edbc6-a1fc-42a4-b5ce-4922820de60a
2019-10-18 14:30:38,472 [grpc-default-executor-3] INFO  impl.RoleInfo (RoleInfo.java:shutdownFollowerState(121)) - 3ee7b367-7b16-44e1-99f8-43aefeda0876: shutdown FollowerState
2019-10-18 14:30:38,472 [grpc-default-executor-1] INFO  impl.RoleInfo (RoleInfo.java:shutdownFollowerState(121)) - 773cce60-eeca-4c1f-a5ec-70084be8b6b9: shutdown FollowerState
2019-10-18 14:30:38,472 [grpc-default-executor-3] INFO  impl.RoleInfo (RoleInfo.java:updateAndGet(143)) - 3ee7b367-7b16-44e1-99f8-43aefeda0876: start FollowerState
2019-10-18 14:30:38,472 [Thread-1552] INFO  impl.FollowerState (FollowerState.java:run(117)) - 773cce60-eeca-4c1f-a5ec-70084be8b6b9@group-FD33B9583E3C-FollowerState was interrupted: java.lang.InterruptedException: sleep interrupted
2019-10-18 14:30:38,472 [Thread-1553] INFO  impl.FollowerState (FollowerState.java:run(117)) - 3ee7b367-7b16-44e1-99f8-43aefeda0876@group-FD33B9583E3C-FollowerState was interrupted: java.lang.InterruptedException: sleep interrupted
2019-10-18 14:30:38,472 [grpc-default-executor-1] INFO  impl.RoleInfo (RoleInfo.java:updateAndGet(143)) - 773cce60-eeca-4c1f-a5ec-70084be8b6b9: start FollowerState
2019-10-18 14:30:38,486 [681edbc6-a1fc-42a4-b5ce-4922820de60a@group-FD33B9583E3C-LeaderElection157] INFO  impl.LeaderElection (LeaderElection.java:logAndReturn(56)) - 681edbc6-a1fc-42a4-b5ce-4922820de60a@group-FD33B9583E3C-LeaderElection157: Election REJECTED; received 2 response(s) [681edbc6-a1fc-42a4-b5ce-4922820de60a<-3ee7b367-7b16-44e1-99f8-43aefeda0876#0:FAIL-t157, 681edbc6-a1fc-42a4-b5ce-4922820de60a<-773cce60-eeca-4c1f-a5ec-70084be8b6b9#0:FAIL-t157] and 0 exception(s); 681edbc6-a1fc-42a4-b5ce-4922820de60a@group-FD33B9583E3C:t157, leader=null, voted=681edbc6-a1fc-42a4-b5ce-4922820de60a, raftlog=681edbc6-a1fc-42a4-b5ce-4922820de60a@group-FD33B9583E3C-SegmentedRaftLog:OPENED:c-1,f-1,i0, conf=-1: [3ee7b367-7b16-44e1-99f8-43aefeda0876:192.168.164.233:46080, 681edbc6-a1fc-42a4-b5ce-4922820de60a:192.168.164.233:44267, 773cce60-eeca-4c1f-a5ec-70084be8b6b9:192.168.164.233:38729], old=null
2019-10-18 14:30:38,486 [681edbc6-a1fc-42a4-b5ce-4922820de60a@group-FD33B9583E3C-LeaderElection157] INFO  impl.RaftServerImpl (RaftServerImpl.java:setRole(184)) - 681edbc6-a1fc-42a4-b5ce-4922820de60a@group-FD33B9583E3C: changes role from CANDIDATE to FOLLOWER at term 157 for DISCOVERED_A_NEW_TERM
2019-10-18 14:30:38,486 [681edbc6-a1fc-42a4-b5ce-4922820de60a@group-FD33B9583E3C-LeaderElection157] INFO  impl.RoleInfo (RoleInfo.java:shutdownLeaderElection(134)) - 681edbc6-a1fc-42a4-b5ce-4922820de60a: shutdown LeaderElection
2019-10-18 14:30:38,486 [681edbc6-a1fc-42a4-b5ce-4922820de60a@group-FD33B9583E3C-LeaderElection157] INFO  impl.RoleInfo (RoleInfo.java:updateAndGet(143)) - 681edbc6-a1fc-42a4-b5ce-4922820de60a: start FollowerState
2019-10-18 14:30:38,608 [Thread-1562] INFO  impl.FollowerState (FollowerState.java:run(108)) - 681edbc6-a1fc-42a4-b5ce-4922820de60a@group-FD33B9583E3C-FollowerState: change to CANDIDATE, lastRpcTime:121ms, electionTimeout:121ms
2019-10-18 14:30:38,608 [Thread-1562] INFO  impl.RoleInfo (RoleInfo.java:shutdownFollowerState(121)) - 681edbc6-a1fc-42a4-b5ce-4922820de60a: shutdown FollowerState
2019-10-18 14:30:38,608 [Thread-1562] INFO  impl.RaftServerImpl (RaftServerImpl.java:setRole(184)) - 681edbc6-a1fc-42a4-b5ce-4922820de60a@group-FD33B9583E3C: changes role from  FOLLOWER to CANDIDATE at term 157 for changeToCandidate
2019-10-18 14:30:38,608 [Thread-1562] INFO  impl.RoleInfo (RoleInfo.java:updateAndGet(143)) - 681edbc6-a1fc-42a4-b5ce-4922820de60a: start LeaderElection
2019-10-18 14:30:38,621 [681edbc6-a1fc-42a4-b5ce-4922820de60a@group-FD33B9583E3C-LeaderElection158] INFO  impl.LeaderElection (LeaderElection.java:askForVotes(178)) - 681edbc6-a1fc-42a4-b5ce-4922820de60a@group-FD33B9583E3C-LeaderElection158: begin an election at term 158 for -1: [3ee7b367-7b16-44e1-99f8-43aefeda0876:192.168.164.233:46080, 681edbc6-a1fc-42a4-b5ce-4922820de60a:192.168.164.233:44267, 773cce60-eeca-4c1f-a5ec-70084be8b6b9:192.168.164.233:38729], old=null
2019-10-18 14:30:38,623 [grpc-default-executor-3] INFO  impl.RaftServerImpl (RaftServerImpl.java:setRole(184)) - 3ee7b367-7b16-44e1-99f8-43aefeda0876@group-FD33B9583E3C: changes role from  FOLLOWER to FOLLOWER at term 158 for recognizeCandidate:681edbc6-a1fc-42a4-b5ce-4922820de60a
2019-10-18 14:30:38,623 [grpc-default-executor-3] INFO  impl.RoleInfo (RoleInfo.java:shutdownFollowerState(121)) - 3ee7b367-7b16-44e1-99f8-43aefeda0876: shutdown FollowerState
2019-10-18 14:30:38,623 [grpc-default-executor-1] INFO  impl.RaftServerImpl (RaftServerImpl.java:setRole(184)) - 773cce60-eeca-4c1f-a5ec-70084be8b6b9@group-FD33B9583E3C: changes role from  FOLLOWER to FOLLOWER at term 158 for recognizeCandidate:681edbc6-a1fc-42a4-b5ce-4922820de60a
2019-10-18 14:30:38,624 [Thread-1558] INFO  impl.FollowerState (FollowerState.java:run(117)) - 3ee7b367-7b16-44e1-99f8-43aefeda0876@group-FD33B9583E3C-FollowerState was interrupted: java.lang.InterruptedException: sleep interrupted
2019-10-18 14:30:38,624 [grpc-default-executor-3] INFO  impl.RoleInfo (RoleInfo.java:updateAndGet(143)) - 3ee7b367-7b16-44e1-99f8-43aefeda0876: start FollowerState
2019-10-18 14:30:38,624 [grpc-default-executor-1] INFO  impl.RoleInfo (RoleInfo.java:shutdownFollowerState(121)) - 773cce60-eeca-4c1f-a5ec-70084be8b6b9: shutdown FollowerState
2019-10-18 14:30:38,624 [grpc-default-executor-1] INFO  impl.RoleInfo (RoleInfo.java:updateAndGet(143)) - 773cce60-eeca-4c1f-a5ec-70084be8b6b9: start FollowerState
2019-10-18 14:30:38,624 [Thread-1559] INFO  impl.FollowerState (FollowerState.java:run(117)) - 773cce60-eeca-4c1f-a5ec-70084be8b6b9@group-FD33B9583E3C-FollowerState was interrupted: java.lang.InterruptedException: sleep interrupted
2019-10-18 14:30:38,638 [681edbc6-a1fc-42a4-b5ce-4922820de60a@group-FD33B9583E3C-LeaderElection158] INFO  impl.LeaderElection (LeaderElection.java:logAndReturn(56)) - 681edbc6-a1fc-42a4-b5ce-4922820de60a@group-FD33B9583E3C-LeaderElection158: Election REJECTED; received 2 response(s) [681edbc6-a1fc-42a4-b5ce-4922820de60a<-3ee7b367-7b16-44e1-99f8-43aefeda0876#0:FAIL-t158, 681edbc6-a1fc-42a4-b5ce-4922820de60a<-773cce60-eeca-4c1f-a5ec-70084be8b6b9#0:FAIL-t158] and 0 exception(s); 681edbc6-a1fc-42a4-b5ce-4922820de60a@group-FD33B9583E3C:t158, leader=null, voted=681edbc6-a1fc-42a4-b5ce-4922820de60a, raftlog=681edbc6-a1fc-42a4-b5ce-4922820de60a@group-FD33B9583E3C-SegmentedRaftLog:OPENED:c-1,f-1,i0, conf=-1: [3ee7b367-7b16-44e1-99f8-43aefeda0876:192.168.164.233:46080, 681edbc6-a1fc-42a4-b5ce-4922820de60a:192.168.164.233:44267, 773cce60-eeca-4c1f-a5ec-70084be8b6b9:192.168.164.233:38729], old=null
2019-10-18 14:30:38,638 [681edbc6-a1fc-42a4-b5ce-4922820de60a@group-FD33B9583E3C-LeaderElection158] INFO  impl.RaftServerImpl (RaftServerImpl.java:setRole(184)) - 681edbc6-a1fc-42a4-b5ce-4922820de60a@group-FD33B9583E3C: changes role from CANDIDATE to FOLLOWER at term 158 for DISCOVERED_A_NEW_TERM
2019-10-18 14:30:38,638 [681edbc6-a1fc-42a4-b5ce-4922820de60a@group-FD33B9583E3C-LeaderElection158] INFO  impl.RoleInfo (RoleInfo.java:shutdownLeaderElection(134)) - 681edbc6-a1fc-42a4-b5ce-4922820de60a: shutdown LeaderElection
2019-10-18 14:30:38,638 [681edbc6-a1fc-42a4-b5ce-4922820de60a@group-FD33B9583E3C-LeaderElection158] INFO  impl.RoleInfo (RoleInfo.java:updateAndGet(143)) - 681edbc6-a1fc-42a4-b5ce-4922820de60a: start FollowerState
2019-10-18 14:30:38,715 [java.util.concurrent.ThreadPoolExecutor$Worker@4efed47c[State = -1, empty queue]] WARN  server.GrpcLogAppender (GrpcLogAppender.java:timeoutAppendRequest(209)) - 46c14060-ea78-4b5a-b57c-064e4766b234@group-45DBFE4B8A65->a4757974-e77e-4a1a-a400-c32fe273093a-GrpcLogAppender: appendEntries Timeout, request=46c14060-ea78-4b5a-b57c-064e4766b234->a4757974-e77e-4a1a-a400-c32fe273093a#40-t3, previous=(t:3, i:4), leaderCommit=4, initializing? false, entries: <empty>
2019-10-18 14:30:38,715 [java.util.concurrent.ThreadPoolExecutor$Worker@108d80c3[State = -1, empty queue]] WARN  server.GrpcLogAppender (GrpcLogAppender.java:timeoutAppendRequest(209)) - 46c14060-ea78-4b5a-b57c-064e4766b234@group-45DBFE4B8A65->55013cf6-f41f-4339-a52c-06c119893914-GrpcLogAppender: appendEntries Timeout, request=46c14060-ea78-4b5a-b57c-064e4766b234->55013cf6-f41f-4339-a52c-06c119893914#40-t3, previous=(t:3, i:4), leaderCommit=4, initializing? false, entries: <empty>
2019-10-18 14:30:38,762 [Thread-1568] INFO  impl.FollowerState (FollowerState.java:run(108)) - 681edbc6-a1fc-42a4-b5ce-4922820de60a@group-FD33B9583E3C-FollowerState: change to CANDIDATE, lastRpcTime:123ms, electionTimeout:123ms
2019-10-18 14:30:38,762 [Thread-1568] INFO  impl.RoleInfo (RoleInfo.java:shutdownFollowerState(121)) - 681edbc6-a1fc-42a4-b5ce-4922820de60a: shutdown FollowerState
2019-10-18 14:30:38,762 [Thread-1568] INFO  impl.RaftServerImpl (RaftServerImpl.java:setRole(184)) - 681edbc6-a1fc-42a4-b5ce-4922820de60a@group-FD33B9583E3C: changes role from  FOLLOWER to CANDIDATE at term 158 for changeToCandidate
2019-10-18 14:30:38,762 [Thread-1568] INFO  impl.RoleInfo (RoleInfo.java:updateAndGet(143)) - 681edbc6-a1fc-42a4-b5ce-4922820de60a: start LeaderElection
2019-10-18 14:30:38,775 [681edbc6-a1fc-42a4-b5ce-4922820de60a@group-FD33B9583E3C-LeaderElection159] INFO  impl.LeaderElection (LeaderElection.java:askForVotes(178)) - 681edbc6-a1fc-42a4-b5ce-4922820de60a@group-FD33B9583E3C-LeaderElection159: begin an election at term 159 for -1: [3ee7b367-7b16-44e1-99f8-43aefeda0876:192.168.164.233:46080, 681edbc6-a1fc-42a4-b5ce-4922820de60a:192.168.164.233:44267, 773cce60-eeca-4c1f-a5ec-70084be8b6b9:192.168.164.233:38729], old=null
2019-10-18 14:30:38,777 [grpc-default-executor-3] INFO  impl.RaftServerImpl (RaftServerImpl.java:setRole(184)) - 3ee7b367-7b16-44e1-99f8-43aefeda0876@group-FD33B9583E3C: changes role from  FOLLOWER to FOLLOWER at term 159 for recognizeCandidate:681edbc6-a1fc-42a4-b5ce-4922820de60a
2019-10-18 14:30:38,777 [grpc-default-executor-1] INFO  impl.RaftServerImpl (RaftServerImpl.java:setRole(184)) - 773cce60-eeca-4c1f-a5ec-70084be8b6b9@group-FD33B9583E3C: changes role from  FOLLOWER to FOLLOWER at term 159 for recognizeCandidate:681edbc6-a1fc-42a4-b5ce-4922820de60a
2019-10-18 14:30:38,778 [grpc-default-executor-3] INFO  impl.RoleInfo (RoleInfo.java:shutdownFollowerState(121)) - 3ee7b367-7b16-44e1-99f8-43aefeda0876: shutdown FollowerState
2019-10-18 14:30:38,778 [grpc-default-executor-1] INFO  impl.RoleInfo (RoleInfo.java:shutdownFollowerState(121)) - 773cce60-eeca-4c1f-a5ec-70084be8b6b9: shutdown FollowerState
2019-10-18 14:30:38,778 [Thread-1566] INFO  impl.FollowerState (FollowerState.java:run(117)) - 3ee7b367-7b16-44e1-99f8-43aefeda0876@group-FD33B9583E3C-FollowerState was interrupted: java.lang.InterruptedException: sleep interrupted
2019-10-18 14:30:38,778 [grpc-default-executor-3] INFO  impl.RoleInfo (RoleInfo.java:updateAndGet(143)) - 3ee7b367-7b16-44e1-99f8-43aefeda0876: start FollowerState
2019-10-18 14:30:38,778 [Thread-1567] INFO  impl.FollowerState (FollowerState.java:run(117)) - 773cce60-eeca-4c1f-a5ec-70084be8b6b9@group-FD33B9583E3C-FollowerState was interrupted: java.lang.InterruptedException: sleep interrupted
2019-10-18 14:30:38,778 [grpc-default-executor-1] INFO  impl.RoleInfo (RoleInfo.java:updateAndGet(143)) - 773cce60-eeca-4c1f-a5ec-70084be8b6b9: start FollowerState
2019-10-18 14:30:38,793 [681edbc6-a1fc-42a4-b5ce-4922820de60a@group-FD33B9583E3C-LeaderElection159] INFO  impl.LeaderElection (LeaderElection.java:logAndReturn(56)) - 681edbc6-a1fc-42a4-b5ce-4922820de60a@group-FD33B9583E3C-LeaderElection159: Election REJECTED; received 2 response(s) [681edbc6-a1fc-42a4-b5ce-4922820de60a<-3ee7b367-7b16-44e1-99f8-43aefeda0876#0:FAIL-t159, 681edbc6-a1fc-42a4-b5ce-4922820de60a<-773cce60-eeca-4c1f-a5ec-70084be8b6b9#0:FAIL-t159] and 0 exception(s); 681edbc6-a1fc-42a4-b5ce-4922820de60a@group-FD33B9583E3C:t159, leader=null, voted=681edbc6-a1fc-42a4-b5ce-4922820de60a, raftlog=681edbc6-a1fc-42a4-b5ce-4922820de60a@group-FD33B9583E3C-SegmentedRaftLog:OPENED:c-1,f-1,i0, conf=-1: [3ee7b367-7b16-44e1-99f8-43aefeda0876:192.168.164.233:46080, 681edbc6-a1fc-42a4-b5ce-4922820de60a:192.168.164.233:44267, 773cce60-eeca-4c1f-a5ec-70084be8b6b9:192.168.164.233:38729], old=null
2019-10-18 14:30:38,793 [681edbc6-a1fc-42a4-b5ce-4922820de60a@group-FD33B9583E3C-LeaderElection159] INFO  impl.RaftServerImpl (RaftServerImpl.java:setRole(184)) - 681edbc6-a1fc-42a4-b5ce-4922820de60a@group-FD33B9583E3C: changes role from CANDIDATE to FOLLOWER at term 159 for DISCOVERED_A_NEW_TERM
2019-10-18 14:30:38,793 [681edbc6-a1fc-42a4-b5ce-4922820de60a@group-FD33B9583E3C-LeaderElection159] INFO  impl.RoleInfo (RoleInfo.java:shutdownLeaderElection(134)) - 681edbc6-a1fc-42a4-b5ce-4922820de60a: shutdown LeaderElection
2019-10-18 14:30:38,793 [681edbc6-a1fc-42a4-b5ce-4922820de60a@group-FD33B9583E3C-LeaderElection159] INFO  impl.RoleInfo (RoleInfo.java:updateAndGet(143)) - 681edbc6-a1fc-42a4-b5ce-4922820de60a: start FollowerState
2019-10-18 14:30:38,927 [Thread-1574] INFO  impl.FollowerState (FollowerState.java:run(108)) - 681edbc6-a1fc-42a4-b5ce-4922820de60a@group-FD33B9583E3C-FollowerState: change to CANDIDATE, lastRpcTime:134ms, electionTimeout:134ms
2019-10-18 14:30:38,928 [Thread-1574] INFO  impl.RoleInfo (RoleInfo.java:shutdownFollowerState(121)) - 681edbc6-a1fc-42a4-b5ce-4922820de60a: shutdown FollowerState
2019-10-18 14:30:38,928 [Thread-1574] INFO  impl.RaftServerImpl (RaftServerImpl.java:setRole(184)) - 681edbc6-a1fc-42a4-b5ce-4922820de60a@group-FD33B9583E3C: changes role from  FOLLOWER to CANDIDATE at term 159 for changeToCandidate
2019-10-18 14:30:38,935 [Thread-1574] INFO  impl.RoleInfo (RoleInfo.java:updateAndGet(143)) - 681edbc6-a1fc-42a4-b5ce-4922820de60a: start LeaderElection
2019-10-18 14:30:38,948 [681edbc6-a1fc-42a4-b5ce-4922820de60a@group-FD33B9583E3C-LeaderElection160] INFO  impl.LeaderElection (LeaderElection.java:askForVotes(178)) - 681edbc6-a1fc-42a4-b5ce-4922820de60a@group-FD33B9583E3C-LeaderElection160: begin an election at term 160 for -1: [3ee7b367-7b16-44e1-99f8-43aefeda0876:192.168.164.233:46080, 681edbc6-a1fc-42a4-b5ce-4922820de60a:192.168.164.233:44267, 773cce60-eeca-4c1f-a5ec-70084be8b6b9:192.168.164.233:38729], old=null
2019-10-18 14:30:38,952 [grpc-default-executor-1] INFO  impl.RaftServerImpl (RaftServerImpl.java:setRole(184)) - 3ee7b367-7b16-44e1-99f8-43aefeda0876@group-FD33B9583E3C: changes role from  FOLLOWER to FOLLOWER at term 160 for recognizeCandidate:681edbc6-a1fc-42a4-b5ce-4922820de60a
2019-10-18 14:30:38,952 [grpc-default-executor-3] INFO  impl.RaftServerImpl (RaftServerImpl.java:setRole(184)) - 773cce60-eeca-4c1f-a5ec-70084be8b6b9@group-FD33B9583E3C: changes role from  FOLLOWER to FOLLOWER at term 160 for recognizeCandidate:681edbc6-a1fc-42a4-b5ce-4922820de60a
2019-10-18 14:30:38,953 [grpc-default-executor-1] INFO  impl.RoleInfo (RoleInfo.java:shutdownFollowerState(121)) - 3ee7b367-7b16-44e1-99f8-43aefeda0876: shutdown FollowerState
2019-10-18 14:30:38,953 [grpc-default-executor-3] INFO  impl.RoleInfo (RoleInfo.java:shutdownFollowerState(121)) - 773cce60-eeca-4c1f-a5ec-70084be8b6b9: shutdown FollowerState
2019-10-18 14:30:38,965 [grpc-default-executor-3] INFO  impl.RoleInfo (RoleInfo.java:updateAndGet(143)) - 773cce60-eeca-4c1f-a5ec-70084be8b6b9: start FollowerState
2019-10-18 14:30:38,965 [Thread-1572] INFO  impl.FollowerState (FollowerState.java:run(117)) - 3ee7b367-7b16-44e1-99f8-43aefeda0876@group-FD33B9583E3C-FollowerState was interrupted: java.lang.InterruptedException: sleep interrupted
2019-10-18 14:30:38,965 [Thread-1573] INFO  impl.FollowerState (FollowerState.java:run(117)) - 773cce60-eeca-4c1f-a5ec-70084be8b6b9@group-FD33B9583E3C-FollowerState was interrupted: java.lang.InterruptedException: sleep interrupted
2019-10-18 14:30:38,965 [grpc-default-executor-1] INFO  impl.RoleInfo (RoleInfo.java:updateAndGet(143)) - 3ee7b367-7b16-44e1-99f8-43aefeda0876: start FollowerState
2019-10-18 14:30:38,979 [681edbc6-a1fc-42a4-b5ce-4922820de60a@group-FD33B9583E3C-LeaderElection160] INFO  impl.LeaderElection (LeaderElection.java:logAndReturn(56)) - 681edbc6-a1fc-42a4-b5ce-4922820de60a@group-FD33B9583E3C-LeaderElection160: Election REJECTED; received 2 response(s) [681edbc6-a1fc-42a4-b5ce-4922820de60a<-3ee7b367-7b16-44e1-99f8-43aefeda0876#0:FAIL-t160, 681edbc6-a1fc-42a4-b5ce-4922820de60a<-773cce60-eeca-4c1f-a5ec-70084be8b6b9#0:FAIL-t160] and 0 exception(s); 681edbc6-a1fc-42a4-b5ce-4922820de60a@group-FD33B9583E3C:t160, leader=null, voted=681edbc6-a1fc-42a4-b5ce-4922820de60a, raftlog=681edbc6-a1fc-42a4-b5ce-4922820de60a@group-FD33B9583E3C-SegmentedRaftLog:OPENED:c-1,f-1,i0, conf=-1: [3ee7b367-7b16-44e1-99f8-43aefeda0876:192.168.164.233:46080, 681edbc6-a1fc-42a4-b5ce-4922820de60a:192.168.164.233:44267, 773cce60-eeca-4c1f-a5ec-70084be8b6b9:192.168.164.233:38729], old=null
2019-10-18 14:30:38,979 [681edbc6-a1fc-42a4-b5ce-4922820de60a@group-FD33B9583E3C-LeaderElection160] INFO  impl.RaftServerImpl (RaftServerImpl.java:setRole(184)) - 681edbc6-a1fc-42a4-b5ce-4922820de60a@group-FD33B9583E3C: changes role from CANDIDATE to FOLLOWER at term 160 for DISCOVERED_A_NEW_TERM
2019-10-18 14:30:38,979 [681edbc6-a1fc-42a4-b5ce-4922820de60a@group-FD33B9583E3C-LeaderElection160] INFO  impl.RoleInfo (RoleInfo.java:shutdownLeaderElection(134)) - 681edbc6-a1fc-42a4-b5ce-4922820de60a: shutdown LeaderElection
2019-10-18 14:30:38,979 [681edbc6-a1fc-42a4-b5ce-4922820de60a@group-FD33B9583E3C-LeaderElection160] INFO  impl.RoleInfo (RoleInfo.java:updateAndGet(143)) - 681edbc6-a1fc-42a4-b5ce-4922820de60a: start FollowerState
2019-10-18 14:30:39,176 [Thread-1582] INFO  impl.FollowerState (FollowerState.java:run(108)) - 681edbc6-a1fc-42a4-b5ce-4922820de60a@group-FD33B9583E3C-FollowerState: change to CANDIDATE, lastRpcTime:196ms, electionTimeout:196ms
2019-10-18 14:30:39,176 [Thread-1582] INFO  impl.RoleInfo (RoleInfo.java:shutdownFollowerState(121)) - 681edbc6-a1fc-42a4-b5ce-4922820de60a: shutdown FollowerState
2019-10-18 14:30:39,176 [Thread-1582] INFO  impl.RaftServerImpl (RaftServerImpl.java:setRole(184)) - 681edbc6-a1fc-42a4-b5ce-4922820de60a@group-FD33B9583E3C: changes role from  FOLLOWER to CANDIDATE at term 160 for changeToCandidate
2019-10-18 14:30:39,176 [Thread-1582] INFO  impl.RoleInfo (RoleInfo.java:updateAndGet(143)) - 681edbc6-a1fc-42a4-b5ce-4922820de60a: start LeaderElection
2019-10-18 14:30:39,190 [681edbc6-a1fc-42a4-b5ce-4922820de60a@group-FD33B9583E3C-LeaderElection161] INFO  impl.LeaderElection (LeaderElection.java:askForVotes(178)) - 681edbc6-a1fc-42a4-b5ce-4922820de60a@group-FD33B9583E3C-LeaderElection161: begin an election at term 161 for -1: [3ee7b367-7b16-44e1-99f8-43aefeda0876:192.168.164.233:46080, 681edbc6-a1fc-42a4-b5ce-4922820de60a:192.168.164.233:44267, 773cce60-eeca-4c1f-a5ec-70084be8b6b9:192.168.164.233:38729], old=null
2019-10-18 14:30:39,192 [grpc-default-executor-1] INFO  impl.RaftServerImpl (RaftServerImpl.java:setRole(184)) - 773cce60-eeca-4c1f-a5ec-70084be8b6b9@group-FD33B9583E3C: changes role from  FOLLOWER to FOLLOWER at term 161 for recognizeCandidate:681edbc6-a1fc-42a4-b5ce-4922820de60a
2019-10-18 14:30:39,192 [grpc-default-executor-1] INFO  impl.RoleInfo (RoleInfo.java:shutdownFollowerState(121)) - 773cce60-eeca-4c1f-a5ec-70084be8b6b9: shutdown FollowerState
2019-10-18 14:30:39,192 [grpc-default-executor-4] INFO  impl.RaftServerImpl (RaftServerImpl.java:setRole(184)) - 3ee7b367-7b16-44e1-99f8-43aefeda0876@group-FD33B9583E3C: changes role from  FOLLOWER to FOLLOWER at term 161 for recognizeCandidate:681edbc6-a1fc-42a4-b5ce-4922820de60a
2019-10-18 14:30:39,192 [Thread-1578] INFO  impl.FollowerState (FollowerState.java:run(117)) - 773cce60-eeca-4c1f-a5ec-70084be8b6b9@group-FD33B9583E3C-FollowerState was interrupted: java.lang.InterruptedException: sleep interrupted
2019-10-18 14:30:39,192 [grpc-default-executor-1] INFO  impl.RoleInfo (RoleInfo.java:updateAndGet(143)) - 773cce60-eeca-4c1f-a5ec-70084be8b6b9: start FollowerState
2019-10-18 14:30:39,192 [grpc-default-executor-4] INFO  impl.RoleInfo (RoleInfo.java:shutdownFollowerState(121)) - 3ee7b367-7b16-44e1-99f8-43aefeda0876: shutdown FollowerState
2019-10-18 14:30:39,193 [grpc-default-executor-4] INFO  impl.RoleInfo (RoleInfo.java:updateAndGet(143)) - 3ee7b367-7b16-44e1-99f8-43aefeda0876: start FollowerState
2019-10-18 14:30:39,193 [Thread-1579] INFO  impl.FollowerState (FollowerState.java:run(117)) - 3ee7b367-7b16-44e1-99f8-43aefeda0876@group-FD33B9583E3C-FollowerState was interrupted: java.lang.InterruptedException: sleep interrupted
2019-10-18 14:30:39,206 [681edbc6-a1fc-42a4-b5ce-4922820de60a@group-FD33B9583E3C-LeaderElection161] INFO  impl.LeaderElection (LeaderElection.java:logAndReturn(56)) - 681edbc6-a1fc-42a4-b5ce-4922820de60a@group-FD33B9583E3C-LeaderElection161: Election REJECTED; received 2 response(s) [681edbc6-a1fc-42a4-b5ce-4922820de60a<-3ee7b367-7b16-44e1-99f8-43aefeda0876#0:FAIL-t161, 681edbc6-a1fc-42a4-b5ce-4922820de60a<-773cce60-eeca-4c1f-a5ec-70084be8b6b9#0:FAIL-t161] and 0 exception(s); 681edbc6-a1fc-42a4-b5ce-4922820de60a@group-FD33B9583E3C:t161, leader=null, voted=681edbc6-a1fc-42a4-b5ce-4922820de60a, raftlog=681edbc6-a1fc-42a4-b5ce-4922820de60a@group-FD33B9583E3C-SegmentedRaftLog:OPENED:c-1,f-1,i0, conf=-1: [3ee7b367-7b16-44e1-99f8-43aefeda0876:192.168.164.233:46080, 681edbc6-a1fc-42a4-b5ce-4922820de60a:192.168.164.233:44267, 773cce60-eeca-4c1f-a5ec-70084be8b6b9:192.168.164.233:38729], old=null
2019-10-18 14:30:39,207 [681edbc6-a1fc-42a4-b5ce-4922820de60a@group-FD33B9583E3C-LeaderElection161] INFO  impl.RaftServerImpl (RaftServerImpl.java:setRole(184)) - 681edbc6-a1fc-42a4-b5ce-4922820de60a@group-FD33B9583E3C: changes role from CANDIDATE to FOLLOWER at term 161 for DISCOVERED_A_NEW_TERM
2019-10-18 14:30:39,207 [681edbc6-a1fc-42a4-b5ce-4922820de60a@group-FD33B9583E3C-LeaderElection161] INFO  impl.RoleInfo (RoleInfo.java:shutdownLeaderElection(134)) - 681edbc6-a1fc-42a4-b5ce-4922820de60a: shutdown LeaderElection
2019-10-18 14:30:39,207 [681edbc6-a1fc-42a4-b5ce-4922820de60a@group-FD33B9583E3C-LeaderElection161] INFO  impl.RoleInfo (RoleInfo.java:updateAndGet(143)) - 681edbc6-a1fc-42a4-b5ce-4922820de60a: start FollowerState
2019-10-18 14:30:39,216 [java.util.concurrent.ThreadPoolExecutor$Worker@4efed47c[State = -1, empty queue]] WARN  server.GrpcLogAppender (GrpcLogAppender.java:timeoutAppendRequest(209)) - 46c14060-ea78-4b5a-b57c-064e4766b234@group-45DBFE4B8A65->a4757974-e77e-4a1a-a400-c32fe273093a-GrpcLogAppender: appendEntries Timeout, request=46c14060-ea78-4b5a-b57c-064e4766b234->a4757974-e77e-4a1a-a400-c32fe273093a#41-t3, previous=(t:3, i:4), leaderCommit=4, initializing? false, entries: <empty>
2019-10-18 14:30:39,216 [java.util.concurrent.ThreadPoolExecutor$Worker@108d80c3[State = -1, empty queue]] WARN  server.GrpcLogAppender (GrpcLogAppender.java:timeoutAppendRequest(209)) - 46c14060-ea78-4b5a-b57c-064e4766b234@group-45DBFE4B8A65->55013cf6-f41f-4339-a52c-06c119893914-GrpcLogAppender: appendEntries Timeout, request=46c14060-ea78-4b5a-b57c-064e4766b234->55013cf6-f41f-4339-a52c-06c119893914#41-t3, previous=(t:3, i:4), leaderCommit=4, initializing? false, entries: <empty>
2019-10-18 14:30:39,343 [Thread-1588] INFO  impl.FollowerState (FollowerState.java:run(108)) - 681edbc6-a1fc-42a4-b5ce-4922820de60a@group-FD33B9583E3C-FollowerState: change to CANDIDATE, lastRpcTime:136ms, electionTimeout:136ms
2019-10-18 14:30:39,343 [Thread-1588] INFO  impl.RoleInfo (RoleInfo.java:shutdownFollowerState(121)) - 681edbc6-a1fc-42a4-b5ce-4922820de60a: shutdown FollowerState
2019-10-18 14:30:39,344 [Thread-1588] INFO  impl.RaftServerImpl (RaftServerImpl.java:setRole(184)) - 681edbc6-a1fc-42a4-b5ce-4922820de60a@group-FD33B9583E3C: changes role from  FOLLOWER to CANDIDATE at term 161 for changeToCandidate
2019-10-18 14:30:39,344 [Thread-1588] INFO  impl.RoleInfo (RoleInfo.java:updateAndGet(143)) - 681edbc6-a1fc-42a4-b5ce-4922820de60a: start LeaderElection
2019-10-18 14:30:39,350 [681edbc6-a1fc-42a4-b5ce-4922820de60a@group-FD33B9583E3C-LeaderElection162] INFO  impl.LeaderElection (LeaderElection.java:askForVotes(178)) - 681edbc6-a1fc-42a4-b5ce-4922820de60a@group-FD33B9583E3C-LeaderElection162: begin an election at term 162 for -1: [3ee7b367-7b16-44e1-99f8-43aefeda0876:192.168.164.233:46080, 681edbc6-a1fc-42a4-b5ce-4922820de60a:192.168.164.233:44267, 773cce60-eeca-4c1f-a5ec-70084be8b6b9:192.168.164.233:38729], old=null
2019-10-18 14:30:39,352 [grpc-default-executor-4] INFO  impl.RaftServerImpl (RaftServerImpl.java:setRole(184)) - 3ee7b367-7b16-44e1-99f8-43aefeda0876@group-FD33B9583E3C: changes role from  FOLLOWER to FOLLOWER at term 162 for recognizeCandidate:681edbc6-a1fc-42a4-b5ce-4922820de60a
2019-10-18 14:30:39,352 [grpc-default-executor-1] INFO  impl.RaftServerImpl (RaftServerImpl.java:setRole(184)) - 773cce60-eeca-4c1f-a5ec-70084be8b6b9@group-FD33B9583E3C: changes role from  FOLLOWER to FOLLOWER at term 162 for recognizeCandidate:681edbc6-a1fc-42a4-b5ce-4922820de60a
2019-10-18 14:30:39,352 [grpc-default-executor-4] INFO  impl.RoleInfo (RoleInfo.java:shutdownFollowerState(121)) - 3ee7b367-7b16-44e1-99f8-43aefeda0876: shutdown FollowerState
2019-10-18 14:30:39,352 [grpc-default-executor-1] INFO  impl.RoleInfo (RoleInfo.java:shutdownFollowerState(121)) - 773cce60-eeca-4c1f-a5ec-70084be8b6b9: shutdown FollowerState
2019-10-18 14:30:39,353 [Thread-1587] INFO  impl.FollowerState (FollowerState.java:run(117)) - 3ee7b367-7b16-44e1-99f8-43aefeda0876@group-FD33B9583E3C-FollowerState was interrupted: java.lang.InterruptedException: sleep interrupted
2019-10-18 14:30:39,352 [grpc-default-executor-4] INFO  impl.RoleInfo (RoleInfo.java:updateAndGet(143)) - 3ee7b367-7b16-44e1-99f8-43aefeda0876: start FollowerState
2019-10-18 14:30:39,353 [Thread-1586] INFO  impl.FollowerState (FollowerState.java:run(117)) - 773cce60-eeca-4c1f-a5ec-70084be8b6b9@group-FD33B9583E3C-FollowerState was interrupted: java.lang.InterruptedException: sleep interrupted
2019-10-18 14:30:39,353 [grpc-default-executor-1] INFO  impl.RoleInfo (RoleInfo.java:updateAndGet(143)) - 773cce60-eeca-4c1f-a5ec-70084be8b6b9: start FollowerState
2019-10-18 14:30:39,366 [681edbc6-a1fc-42a4-b5ce-4922820de60a@group-FD33B9583E3C-LeaderElection162] INFO  impl.LeaderElection (LeaderElection.java:logAndReturn(56)) - 681edbc6-a1fc-42a4-b5ce-4922820de60a@group-FD33B9583E3C-LeaderElection162: Election REJECTED; received 2 response(s) [681edbc6-a1fc-42a4-b5ce-4922820de60a<-3ee7b367-7b16-44e1-99f8-43aefeda0876#0:FAIL-t162, 681edbc6-a1fc-42a4-b5ce-4922820de60a<-773cce60-eeca-4c1f-a5ec-70084be8b6b9#0:FAIL-t162] and 0 exception(s); 681edbc6-a1fc-42a4-b5ce-4922820de60a@group-FD33B9583E3C:t162, leader=null, voted=681edbc6-a1fc-42a4-b5ce-4922820de60a, raftlog=681edbc6-a1fc-42a4-b5ce-4922820de60a@group-FD33B9583E3C-SegmentedRaftLog:OPENED:c-1,f-1,i0, conf=-1: [3ee7b367-7b16-44e1-99f8-43aefeda0876:192.168.164.233:46080, 681edbc6-a1fc-42a4-b5ce-4922820de60a:192.168.164.233:44267, 773cce60-eeca-4c1f-a5ec-70084be8b6b9:192.168.164.233:38729], old=null
2019-10-18 14:30:39,366 [681edbc6-a1fc-42a4-b5ce-4922820de60a@group-FD33B9583E3C-LeaderElection162] INFO  impl.RaftServerImpl (RaftServerImpl.java:setRole(184)) - 681edbc6-a1fc-42a4-b5ce-4922820de60a@group-FD33B9583E3C: changes role from CANDIDATE to FOLLOWER at term 162 for DISCOVERED_A_NEW_TERM
2019-10-18 14:30:39,366 [681edbc6-a1fc-42a4-b5ce-4922820de60a@group-FD33B9583E3C-LeaderElection162] INFO  impl.RoleInfo (RoleInfo.java:shutdownLeaderElection(134)) - 681edbc6-a1fc-42a4-b5ce-4922820de60a: shutdown LeaderElection
2019-10-18 14:30:39,367 [681edbc6-a1fc-42a4-b5ce-4922820de60a@group-FD33B9583E3C-LeaderElection162] INFO  impl.RoleInfo (RoleInfo.java:updateAndGet(143)) - 681edbc6-a1fc-42a4-b5ce-4922820de60a: start FollowerState
2019-10-18 14:30:39,400 [Thread-1594] INFO  impl.FollowerState (FollowerState.java:run(108)) - 681edbc6-a1fc-42a4-b5ce-4922820de60a@group-FD33B9583E3C-FollowerState: change to CANDIDATE, lastRpcTime:33ms, electionTimeout:33ms
2019-10-18 14:30:39,400 [Thread-1594] INFO  impl.RoleInfo (RoleInfo.java:shutdownFollowerState(121)) - 681edbc6-a1fc-42a4-b5ce-4922820de60a: shutdown FollowerState
2019-10-18 14:30:39,400 [Thread-1594] INFO  impl.RaftServerImpl (RaftServerImpl.java:setRole(184)) - 681edbc6-a1fc-42a4-b5ce-4922820de60a@group-FD33B9583E3C: changes role from  FOLLOWER to CANDIDATE at term 162 for changeToCandidate
2019-10-18 14:30:39,400 [Thread-1594] INFO  impl.RoleInfo (RoleInfo.java:updateAndGet(143)) - 681edbc6-a1fc-42a4-b5ce-4922820de60a: start LeaderElection
2019-10-18 14:30:39,414 [681edbc6-a1fc-42a4-b5ce-4922820de60a@group-FD33B9583E3C-LeaderElection163] INFO  impl.LeaderElection (LeaderElection.java:askForVotes(178)) - 681edbc6-a1fc-42a4-b5ce-4922820de60a@group-FD33B9583E3C-LeaderElection163: begin an election at term 163 for -1: [3ee7b367-7b16-44e1-99f8-43aefeda0876:192.168.164.233:46080, 681edbc6-a1fc-42a4-b5ce-4922820de60a:192.168.164.233:44267, 773cce60-eeca-4c1f-a5ec-70084be8b6b9:192.168.164.233:38729], old=null
2019-10-18 14:30:39,416 [grpc-default-executor-1] INFO  impl.RaftServerImpl (RaftServerImpl.java:setRole(184)) - 773cce60-eeca-4c1f-a5ec-70084be8b6b9@group-FD33B9583E3C: changes role from  FOLLOWER to FOLLOWER at term 163 for recognizeCandidate:681edbc6-a1fc-42a4-b5ce-4922820de60a
2019-10-18 14:30:39,416 [grpc-default-executor-4] INFO  impl.RaftServerImpl (RaftServerImpl.java:setRole(184)) - 3ee7b367-7b16-44e1-99f8-43aefeda0876@group-FD33B9583E3C: changes role from  FOLLOWER to FOLLOWER at term 163 for recognizeCandidate:681edbc6-a1fc-42a4-b5ce-4922820de60a
2019-10-18 14:30:39,416 [grpc-default-executor-1] INFO  impl.RoleInfo (RoleInfo.java:shutdownFollowerState(121)) - 773cce60-eeca-4c1f-a5ec-70084be8b6b9: shutdown FollowerState
2019-10-18 14:30:39,416 [grpc-default-executor-4] INFO  impl.RoleInfo (RoleInfo.java:shutdownFollowerState(121)) - 3ee7b367-7b16-44e1-99f8-43aefeda0876: shutdown FollowerState
2019-10-18 14:30:39,416 [Thread-1593] INFO  impl.FollowerState (FollowerState.java:run(117)) - 773cce60-eeca-4c1f-a5ec-70084be8b6b9@group-FD33B9583E3C-FollowerState was interrupted: java.lang.InterruptedException: sleep interrupted
2019-10-18 14:30:39,416 [grpc-default-executor-1] INFO  impl.RoleInfo (RoleInfo.java:updateAndGet(143)) - 773cce60-eeca-4c1f-a5ec-70084be8b6b9: start FollowerState
2019-10-18 14:30:39,416 [Thread-1592] INFO  impl.FollowerState (FollowerState.java:run(117)) - 3ee7b367-7b16-44e1-99f8-43aefeda0876@group-FD33B9583E3C-FollowerState was interrupted: java.lang.InterruptedException: sleep interrupted
2019-10-18 14:30:39,416 [grpc-default-executor-4] INFO  impl.RoleInfo (RoleInfo.java:updateAndGet(143)) - 3ee7b367-7b16-44e1-99f8-43aefeda0876: start FollowerState
2019-10-18 14:30:39,438 [681edbc6-a1fc-42a4-b5ce-4922820de60a@group-FD33B9583E3C-LeaderElection163] INFO  impl.LeaderElection (LeaderElection.java:logAndReturn(56)) - 681edbc6-a1fc-42a4-b5ce-4922820de60a@group-FD33B9583E3C-LeaderElection163: Election REJECTED; received 2 response(s) [681edbc6-a1fc-42a4-b5ce-4922820de60a<-3ee7b367-7b16-44e1-99f8-43aefeda0876#0:FAIL-t163, 681edbc6-a1fc-42a4-b5ce-4922820de60a<-773cce60-eeca-4c1f-a5ec-70084be8b6b9#0:FAIL-t163] and 0 exception(s); 681edbc6-a1fc-42a4-b5ce-4922820de60a@group-FD33B9583E3C:t163, leader=null, voted=681edbc6-a1fc-42a4-b5ce-4922820de60a, raftlog=681edbc6-a1fc-42a4-b5ce-4922820de60a@group-FD33B9583E3C-SegmentedRaftLog:OPENED:c-1,f-1,i0, conf=-1: [3ee7b367-7b16-44e1-99f8-43aefeda0876:192.168.164.233:46080, 681edbc6-a1fc-42a4-b5ce-4922820de60a:192.168.164.233:44267, 773cce60-eeca-4c1f-a5ec-70084be8b6b9:192.168.164.233:38729], old=null
2019-10-18 14:30:39,438 [681edbc6-a1fc-42a4-b5ce-4922820de60a@group-FD33B9583E3C-LeaderElection163] INFO  impl.RaftServerImpl (RaftServerImpl.java:setRole(184)) - 681edbc6-a1fc-42a4-b5ce-4922820de60a@group-FD33B9583E3C: changes role from CANDIDATE to FOLLOWER at term 163 for DISCOVERED_A_NEW_TERM
2019-10-18 14:30:39,438 [681edbc6-a1fc-42a4-b5ce-4922820de60a@group-FD33B9583E3C-LeaderElection163] INFO  impl.RoleInfo (RoleInfo.java:shutdownLeaderElection(134)) - 681edbc6-a1fc-42a4-b5ce-4922820de60a: shutdown LeaderElection
2019-10-18 14:30:39,438 [681edbc6-a1fc-42a4-b5ce-4922820de60a@group-FD33B9583E3C-LeaderElection163] INFO  impl.RoleInfo (RoleInfo.java:updateAndGet(143)) - 681edbc6-a1fc-42a4-b5ce-4922820de60a: start FollowerState
2019-10-18 14:30:39,573 [Thread-1600] INFO  impl.FollowerState (FollowerState.java:run(108)) - 681edbc6-a1fc-42a4-b5ce-4922820de60a@group-FD33B9583E3C-FollowerState: change to CANDIDATE, lastRpcTime:134ms, electionTimeout:134ms
2019-10-18 14:30:39,573 [Thread-1600] INFO  impl.RoleInfo (RoleInfo.java:shutdownFollowerState(121)) - 681edbc6-a1fc-42a4-b5ce-4922820de60a: shutdown FollowerState
2019-10-18 14:30:39,573 [Thread-1600] INFO  impl.RaftServerImpl (RaftServerImpl.java:setRole(184)) - 681edbc6-a1fc-42a4-b5ce-4922820de60a@group-FD33B9583E3C: changes role from  FOLLOWER to CANDIDATE at term 163 for changeToCandidate
2019-10-18 14:30:39,573 [Thread-1600] INFO  impl.RoleInfo (RoleInfo.java:updateAndGet(143)) - 681edbc6-a1fc-42a4-b5ce-4922820de60a: start LeaderElection
2019-10-18 14:30:39,586 [681edbc6-a1fc-42a4-b5ce-4922820de60a@group-FD33B9583E3C-LeaderElection164] INFO  impl.LeaderElection (LeaderElection.java:askForVotes(178)) - 681edbc6-a1fc-42a4-b5ce-4922820de60a@group-FD33B9583E3C-LeaderElection164: begin an election at term 164 for -1: [3ee7b367-7b16-44e1-99f8-43aefeda0876:192.168.164.233:46080, 681edbc6-a1fc-42a4-b5ce-4922820de60a:192.168.164.233:44267, 773cce60-eeca-4c1f-a5ec-70084be8b6b9:192.168.164.233:38729], old=null
2019-10-18 14:30:39,589 [grpc-default-executor-4] INFO  impl.RaftServerImpl (RaftServerImpl.java:setRole(184)) - 3ee7b367-7b16-44e1-99f8-43aefeda0876@group-FD33B9583E3C: changes role from  FOLLOWER to FOLLOWER at term 164 for recognizeCandidate:681edbc6-a1fc-42a4-b5ce-4922820de60a
2019-10-18 14:30:39,589 [grpc-default-executor-1] INFO  impl.RaftServerImpl (RaftServerImpl.java:setRole(184)) - 773cce60-eeca-4c1f-a5ec-70084be8b6b9@group-FD33B9583E3C: changes role from  FOLLOWER to FOLLOWER at term 164 for recognizeCandidate:681edbc6-a1fc-42a4-b5ce-4922820de60a
2019-10-18 14:30:39,590 [grpc-default-executor-1] INFO  impl.RoleInfo (RoleInfo.java:shutdownFollowerState(121)) - 773cce60-eeca-4c1f-a5ec-70084be8b6b9: shutdown FollowerState
2019-10-18 14:30:39,589 [grpc-default-executor-4] INFO  impl.RoleInfo (RoleInfo.java:shutdownFollowerState(121)) - 3ee7b367-7b16-44e1-99f8-43aefeda0876: shutdown FollowerState
2019-10-18 14:30:39,590 [Thread-1598] INFO  impl.FollowerState (FollowerState.java:run(117)) - 773cce60-eeca-4c1f-a5ec-70084be8b6b9@group-FD33B9583E3C-FollowerState was interrupted: java.lang.InterruptedException: sleep interrupted
2019-10-18 14:30:39,590 [grpc-default-executor-1] INFO  impl.RoleInfo (RoleInfo.java:updateAndGet(143)) - 773cce60-eeca-4c1f-a5ec-70084be8b6b9: start FollowerState
2019-10-18 14:30:39,590 [Thread-1599] INFO  impl.FollowerState (FollowerState.java:run(117)) - 3ee7b367-7b16-44e1-99f8-43aefeda0876@group-FD33B9583E3C-FollowerState was interrupted: java.lang.InterruptedException: sleep interrupted
2019-10-18 14:30:39,590 [grpc-default-executor-4] INFO  impl.RoleInfo (RoleInfo.java:updateAndGet(143)) - 3ee7b367-7b16-44e1-99f8-43aefeda0876: start FollowerState
2019-10-18 14:30:39,604 [681edbc6-a1fc-42a4-b5ce-4922820de60a@group-FD33B9583E3C-LeaderElection164] INFO  impl.LeaderElection (LeaderElection.java:logAndReturn(56)) - 681edbc6-a1fc-42a4-b5ce-4922820de60a@group-FD33B9583E3C-LeaderElection164: Election REJECTED; received 2 response(s) [681edbc6-a1fc-42a4-b5ce-4922820de60a<-3ee7b367-7b16-44e1-99f8-43aefeda0876#0:FAIL-t164, 681edbc6-a1fc-42a4-b5ce-4922820de60a<-773cce60-eeca-4c1f-a5ec-70084be8b6b9#0:FAIL-t164] and 0 exception(s); 681edbc6-a1fc-42a4-b5ce-4922820de60a@group-FD33B9583E3C:t164, leader=null, voted=681edbc6-a1fc-42a4-b5ce-4922820de60a, raftlog=681edbc6-a1fc-42a4-b5ce-4922820de60a@group-FD33B9583E3C-SegmentedRaftLog:OPENED:c-1,f-1,i0, conf=-1: [3ee7b367-7b16-44e1-99f8-43aefeda0876:192.168.164.233:46080, 681edbc6-a1fc-42a4-b5ce-4922820de60a:192.168.164.233:44267, 773cce60-eeca-4c1f-a5ec-70084be8b6b9:192.168.164.233:38729], old=null
2019-10-18 14:30:39,604 [681edbc6-a1fc-42a4-b5ce-4922820de60a@group-FD33B9583E3C-LeaderElection164] INFO  impl.RaftServerImpl (RaftServerImpl.java:setRole(184)) - 681edbc6-a1fc-42a4-b5ce-4922820de60a@group-FD33B9583E3C: changes role from CANDIDATE to FOLLOWER at term 164 for DISCOVERED_A_NEW_TERM
2019-10-18 14:30:39,604 [681edbc6-a1fc-42a4-b5ce-4922820de60a@group-FD33B9583E3C-LeaderElection164] INFO  impl.RoleInfo (RoleInfo.java:shutdownLeaderElection(134)) - 681edbc6-a1fc-42a4-b5ce-4922820de60a: shutdown LeaderElection
2019-10-18 14:30:39,604 [681edbc6-a1fc-42a4-b5ce-4922820de60a@group-FD33B9583E3C-LeaderElection164] INFO  impl.RoleInfo (RoleInfo.java:updateAndGet(143)) - 681edbc6-a1fc-42a4-b5ce-4922820de60a: start FollowerState
2019-10-18 14:30:39,645 [Thread-1608] INFO  impl.FollowerState (FollowerState.java:run(108)) - 681edbc6-a1fc-42a4-b5ce-4922820de60a@group-FD33B9583E3C-FollowerState: change to CANDIDATE, lastRpcTime:40ms, electionTimeout:40ms
2019-10-18 14:30:39,645 [Thread-1608] INFO  impl.RoleInfo (RoleInfo.java:shutdownFollowerState(121)) - 681edbc6-a1fc-42a4-b5ce-4922820de60a: shutdown FollowerState
2019-10-18 14:30:39,645 [Thread-1608] INFO  impl.RaftServerImpl (RaftServerImpl.java:setRole(184)) - 681edbc6-a1fc-42a4-b5ce-4922820de60a@group-FD33B9583E3C: changes role from  FOLLOWER to CANDIDATE at term 164 for changeToCandidate
2019-10-18 14:30:39,645 [Thread-1608] INFO  impl.RoleInfo (RoleInfo.java:updateAndGet(143)) - 681edbc6-a1fc-42a4-b5ce-4922820de60a: start LeaderElection
2019-10-18 14:30:39,658 [681edbc6-a1fc-42a4-b5ce-4922820de60a@group-FD33B9583E3C-LeaderElection165] INFO  impl.LeaderElection (LeaderElection.java:askForVotes(178)) - 681edbc6-a1fc-42a4-b5ce-4922820de60a@group-FD33B9583E3C-LeaderElection165: begin an election at term 165 for -1: [3ee7b367-7b16-44e1-99f8-43aefeda0876:192.168.164.233:46080, 681edbc6-a1fc-42a4-b5ce-4922820de60a:192.168.164.233:44267, 773cce60-eeca-4c1f-a5ec-70084be8b6b9:192.168.164.233:38729], old=null
2019-10-18 14:30:39,660 [grpc-default-executor-4] INFO  impl.RaftServerImpl (RaftServerImpl.java:setRole(184)) - 3ee7b367-7b16-44e1-99f8-43aefeda0876@group-FD33B9583E3C: changes role from  FOLLOWER to FOLLOWER at term 165 for recognizeCandidate:681edbc6-a1fc-42a4-b5ce-4922820de60a
2019-10-18 14:30:39,660 [grpc-default-executor-4] INFO  impl.RoleInfo (RoleInfo.java:shutdownFollowerState(121)) - 3ee7b367-7b16-44e1-99f8-43aefeda0876: shutdown FollowerState
2019-10-18 14:30:39,660 [grpc-default-executor-4] INFO  impl.RoleInfo (RoleInfo.java:updateAndGet(143)) - 3ee7b367-7b16-44e1-99f8-43aefeda0876: start FollowerState
2019-10-18 14:30:39,660 [grpc-default-executor-1] INFO  impl.RaftServerImpl (RaftServerImpl.java:setRole(184)) - 773cce60-eeca-4c1f-a5ec-70084be8b6b9@group-FD33B9583E3C: changes role from  FOLLOWER to FOLLOWER at term 165 for recognizeCandidate:681edbc6-a1fc-42a4-b5ce-4922820de60a
2019-10-18 14:30:39,660 [Thread-1607] INFO  impl.FollowerState (FollowerState.java:run(117)) - 3ee7b367-7b16-44e1-99f8-43aefeda0876@group-FD33B9583E3C-FollowerState was interrupted: java.lang.InterruptedException: sleep interrupted
2019-10-18 14:30:39,661 [grpc-default-executor-1] INFO  impl.RoleInfo (RoleInfo.java:shutdownFollowerState(121)) - 773cce60-eeca-4c1f-a5ec-70084be8b6b9: shutdown FollowerState
2019-10-18 14:30:39,661 [grpc-default-executor-1] INFO  impl.RoleInfo (RoleInfo.java:updateAndGet(143)) - 773cce60-eeca-4c1f-a5ec-70084be8b6b9: start FollowerState
2019-10-18 14:30:39,661 [Thread-1606] INFO  impl.FollowerState (FollowerState.java:run(117)) - 773cce60-eeca-4c1f-a5ec-70084be8b6b9@group-FD33B9583E3C-FollowerState was interrupted: java.lang.InterruptedException: sleep interrupted
2019-10-18 14:30:39,674 [681edbc6-a1fc-42a4-b5ce-4922820de60a@group-FD33B9583E3C-LeaderElection165] INFO  impl.LeaderElection (LeaderElection.java:logAndReturn(56)) - 681edbc6-a1fc-42a4-b5ce-4922820de60a@group-FD33B9583E3C-LeaderElection165: Election REJECTED; received 2 response(s) [681edbc6-a1fc-42a4-b5ce-4922820de60a<-3ee7b367-7b16-44e1-99f8-43aefeda0876#0:FAIL-t165, 681edbc6-a1fc-42a4-b5ce-4922820de60a<-773cce60-eeca-4c1f-a5ec-70084be8b6b9#0:FAIL-t165] and 0 exception(s); 681edbc6-a1fc-42a4-b5ce-4922820de60a@group-FD33B9583E3C:t165, leader=null, voted=681edbc6-a1fc-42a4-b5ce-4922820de60a, raftlog=681edbc6-a1fc-42a4-b5ce-4922820de60a@group-FD33B9583E3C-SegmentedRaftLog:OPENED:c-1,f-1,i0, conf=-1: [3ee7b367-7b16-44e1-99f8-43aefeda0876:192.168.164.233:46080, 681edbc6-a1fc-42a4-b5ce-4922820de60a:192.168.164.233:44267, 773cce60-eeca-4c1f-a5ec-70084be8b6b9:192.168.164.233:38729], old=null
2019-10-18 14:30:39,674 [681edbc6-a1fc-42a4-b5ce-4922820de60a@group-FD33B9583E3C-LeaderElection165] INFO  impl.RaftServerImpl (RaftServerImpl.java:setRole(184)) - 681edbc6-a1fc-42a4-b5ce-4922820de60a@group-FD33B9583E3C: changes role from CANDIDATE to FOLLOWER at term 165 for DISCOVERED_A_NEW_TERM
2019-10-18 14:30:39,674 [681edbc6-a1fc-42a4-b5ce-4922820de60a@group-FD33B9583E3C-LeaderElection165] INFO  impl.RoleInfo (RoleInfo.java:shutdownLeaderElection(134)) - 681edbc6-a1fc-42a4-b5ce-4922820de60a: shutdown LeaderElection
2019-10-18 14:30:39,674 [681edbc6-a1fc-42a4-b5ce-4922820de60a@group-FD33B9583E3C-LeaderElection165] INFO  impl.RoleInfo (RoleInfo.java:updateAndGet(143)) - 681edbc6-a1fc-42a4-b5ce-4922820de60a: start FollowerState
2019-10-18 14:30:39,716 [java.util.concurrent.ThreadPoolExecutor$Worker@108d80c3[State = -1, empty queue]] WARN  server.GrpcLogAppender (GrpcLogAppender.java:timeoutAppendRequest(209)) - 46c14060-ea78-4b5a-b57c-064e4766b234@group-45DBFE4B8A65->55013cf6-f41f-4339-a52c-06c119893914-GrpcLogAppender: appendEntries Timeout, request=46c14060-ea78-4b5a-b57c-064e4766b234->55013cf6-f41f-4339-a52c-06c119893914#42-t3, previous=(t:3, i:4), leaderCommit=4, initializing? false, entries: <empty>
2019-10-18 14:30:39,716 [java.util.concurrent.ThreadPoolExecutor$Worker@4efed47c[State = -1, empty queue]] WARN  server.GrpcLogAppender (GrpcLogAppender.java:timeoutAppendRequest(209)) - 46c14060-ea78-4b5a-b57c-064e4766b234@group-45DBFE4B8A65->a4757974-e77e-4a1a-a400-c32fe273093a-GrpcLogAppender: appendEntries Timeout, request=46c14060-ea78-4b5a-b57c-064e4766b234->a4757974-e77e-4a1a-a400-c32fe273093a#42-t3, previous=(t:3, i:4), leaderCommit=4, initializing? false, entries: <empty>
2019-10-18 14:30:39,790 [Thread-1614] INFO  impl.FollowerState (FollowerState.java:run(108)) - 681edbc6-a1fc-42a4-b5ce-4922820de60a@group-FD33B9583E3C-FollowerState: change to CANDIDATE, lastRpcTime:116ms, electionTimeout:116ms
2019-10-18 14:30:39,791 [Thread-1614] INFO  impl.RoleInfo (RoleInfo.java:shutdownFollowerState(121)) - 681edbc6-a1fc-42a4-b5ce-4922820de60a: shutdown FollowerState
2019-10-18 14:30:39,791 [Thread-1614] INFO  impl.RaftServerImpl (RaftServerImpl.java:setRole(184)) - 681edbc6-a1fc-42a4-b5ce-4922820de60a@group-FD33B9583E3C: changes role from  FOLLOWER to CANDIDATE at term 165 for changeToCandidate
2019-10-18 14:30:39,791 [Thread-1614] INFO  impl.RoleInfo (RoleInfo.java:updateAndGet(143)) - 681edbc6-a1fc-42a4-b5ce-4922820de60a: start LeaderElection
2019-10-18 14:30:39,804 [681edbc6-a1fc-42a4-b5ce-4922820de60a@group-FD33B9583E3C-LeaderElection166] INFO  impl.LeaderElection (LeaderElection.java:askForVotes(178)) - 681edbc6-a1fc-42a4-b5ce-4922820de60a@group-FD33B9583E3C-LeaderElection166: begin an election at term 166 for -1: [3ee7b367-7b16-44e1-99f8-43aefeda0876:192.168.164.233:46080, 681edbc6-a1fc-42a4-b5ce-4922820de60a:192.168.164.233:44267, 773cce60-eeca-4c1f-a5ec-70084be8b6b9:192.168.164.233:38729], old=null
2019-10-18 14:30:39,806 [grpc-default-executor-4] INFO  impl.RaftServerImpl (RaftServerImpl.java:setRole(184)) - 773cce60-eeca-4c1f-a5ec-70084be8b6b9@group-FD33B9583E3C: changes role from  FOLLOWER to FOLLOWER at term 166 for recognizeCandidate:681edbc6-a1fc-42a4-b5ce-4922820de60a
2019-10-18 14:30:39,806 [grpc-default-executor-1] INFO  impl.RaftServerImpl (RaftServerImpl.java:setRole(184)) - 3ee7b367-7b16-44e1-99f8-43aefeda0876@group-FD33B9583E3C: changes role from  FOLLOWER to FOLLOWER at term 166 for recognizeCandidate:681edbc6-a1fc-42a4-b5ce-4922820de60a
2019-10-18 14:30:39,807 [grpc-default-executor-4] INFO  impl.RoleInfo (RoleInfo.java:shutdownFollowerState(121)) - 773cce60-eeca-4c1f-a5ec-70084be8b6b9: shutdown FollowerState
2019-10-18 14:30:39,807 [grpc-default-executor-1] INFO  impl.RoleInfo (RoleInfo.java:shutdownFollowerState(121)) - 3ee7b367-7b16-44e1-99f8-43aefeda0876: shutdown FollowerState
2019-10-18 14:30:39,807 [Thread-1613] INFO  impl.FollowerState (FollowerState.java:run(117)) - 773cce60-eeca-4c1f-a5ec-70084be8b6b9@group-FD33B9583E3C-FollowerState was interrupted: java.lang.InterruptedException: sleep interrupted
2019-10-18 14:30:39,807 [Thread-1612] INFO  impl.FollowerState (FollowerState.java:run(117)) - 3ee7b367-7b16-44e1-99f8-43aefeda0876@group-FD33B9583E3C-FollowerState was interrupted: java.lang.InterruptedException: sleep interrupted
2019-10-18 14:30:39,807 [grpc-default-executor-4] INFO  impl.RoleInfo (RoleInfo.java:updateAndGet(143)) - 773cce60-eeca-4c1f-a5ec-70084be8b6b9: start FollowerState
2019-10-18 14:30:39,807 [grpc-default-executor-1] INFO  impl.RoleInfo (RoleInfo.java:updateAndGet(143)) - 3ee7b367-7b16-44e1-99f8-43aefeda0876: start FollowerState
2019-10-18 14:30:39,812 [main] INFO  ozoneimpl.OzoneContainer (OzoneContainer.java:stop(227)) - Attempting to stop container services.
2019-10-18 14:30:39,813 [main] INFO  impl.RaftServerProxy (RaftServerProxy.java:lambda$close$4(314)) - 773cce60-eeca-4c1f-a5ec-70084be8b6b9: close
2019-10-18 14:30:39,813 [main] INFO  impl.RaftServerImpl (RaftServerImpl.java:lambda$shutdown$3(261)) - 773cce60-eeca-4c1f-a5ec-70084be8b6b9@group-3BA40490EAC2: shutdown
2019-10-18 14:30:39,814 [main] INFO  util.JmxRegister (JmxRegister.java:unregister(73)) - Successfully un-registered JMX Bean with object name Ratis:service=RaftServer,group=group-3BA40490EAC2,id=773cce60-eeca-4c1f-a5ec-70084be8b6b9
2019-10-18 14:30:39,814 [main] INFO  impl.RoleInfo (RoleInfo.java:shutdownLeaderState(104)) - 773cce60-eeca-4c1f-a5ec-70084be8b6b9: shutdown LeaderState
2019-10-18 14:30:39,814 [main] INFO  impl.PendingRequests (PendingRequests.java:sendNotLeaderResponses(202)) - 773cce60-eeca-4c1f-a5ec-70084be8b6b9@group-3BA40490EAC2-PendingRequests: sendNotLeaderResponses
2019-10-18 14:30:39,815 [main] INFO  impl.StateMachineUpdater (StateMachineUpdater.java:stopAndJoin(136)) - 773cce60-eeca-4c1f-a5ec-70084be8b6b9@group-3BA40490EAC2-StateMachineUpdater: set stopIndex = 0
2019-10-18 14:30:39,815 [main] INFO  impl.RaftServerImpl (ServerState.java:close(388)) - 773cce60-eeca-4c1f-a5ec-70084be8b6b9@group-3BA40490EAC2: closes. applyIndex: 0
2019-10-18 14:30:39,816 [773cce60-eeca-4c1f-a5ec-70084be8b6b9@group-3BA40490EAC2-SegmentedRaftLogWorker] INFO  segmented.SegmentedRaftLogWorker (SegmentedRaftLogWorker.java:run(316)) - 773cce60-eeca-4c1f-a5ec-70084be8b6b9@group-3BA40490EAC2-SegmentedRaftLogWorker was interrupted, exiting. There are 0 tasks remaining in the queue.
2019-10-18 14:30:39,818 [main] INFO  segmented.SegmentedRaftLogWorker (SegmentedRaftLogWorker.java:close(224)) - 773cce60-eeca-4c1f-a5ec-70084be8b6b9@group-3BA40490EAC2-SegmentedRaftLogWorker close()
2019-10-18 14:30:39,822 [main] INFO  impl.RaftServerImpl (RaftServerImpl.java:lambda$shutdown$3(261)) - 773cce60-eeca-4c1f-a5ec-70084be8b6b9@group-FD33B9583E3C: shutdown
2019-10-18 14:30:39,822 [681edbc6-a1fc-42a4-b5ce-4922820de60a@group-FD33B9583E3C-LeaderElection166] INFO  impl.LeaderElection (LeaderElection.java:logAndReturn(56)) - 681edbc6-a1fc-42a4-b5ce-4922820de60a@group-FD33B9583E3C-LeaderElection166: Election REJECTED; received 2 response(s) [681edbc6-a1fc-42a4-b5ce-4922820de60a<-3ee7b367-7b16-44e1-99f8-43aefeda0876#0:FAIL-t166, 681edbc6-a1fc-42a4-b5ce-4922820de60a<-773cce60-eeca-4c1f-a5ec-70084be8b6b9#0:FAIL-t166] and 0 exception(s); 681edbc6-a1fc-42a4-b5ce-4922820de60a@group-FD33B9583E3C:t166, leader=null, voted=681edbc6-a1fc-42a4-b5ce-4922820de60a, raftlog=681edbc6-a1fc-42a4-b5ce-4922820de60a@group-FD33B9583E3C-SegmentedRaftLog:OPENED:c-1,f-1,i0, conf=-1: [3ee7b367-7b16-44e1-99f8-43aefeda0876:192.168.164.233:46080, 681edbc6-a1fc-42a4-b5ce-4922820de60a:192.168.164.233:44267, 773cce60-eeca-4c1f-a5ec-70084be8b6b9:192.168.164.233:38729], old=null
2019-10-18 14:30:39,822 [main] INFO  util.JmxRegister (JmxRegister.java:unregister(73)) - Successfully un-registered JMX Bean with object name Ratis:service=RaftServer,group=group-FD33B9583E3C,id=773cce60-eeca-4c1f-a5ec-70084be8b6b9
2019-10-18 14:30:39,823 [main] INFO  impl.RoleInfo (RoleInfo.java:shutdownFollowerState(121)) - 773cce60-eeca-4c1f-a5ec-70084be8b6b9: shutdown FollowerState
2019-10-18 14:30:39,822 [681edbc6-a1fc-42a4-b5ce-4922820de60a@group-FD33B9583E3C-LeaderElection166] INFO  impl.RaftServerImpl (RaftServerImpl.java:setRole(184)) - 681edbc6-a1fc-42a4-b5ce-4922820de60a@group-FD33B9583E3C: changes role from CANDIDATE to FOLLOWER at term 166 for DISCOVERED_A_NEW_TERM
2019-10-18 14:30:39,823 [Thread-1618] INFO  impl.FollowerState (FollowerState.java:run(117)) - 773cce60-eeca-4c1f-a5ec-70084be8b6b9@group-FD33B9583E3C-FollowerState was interrupted: java.lang.InterruptedException: sleep interrupted
2019-10-18 14:30:39,823 [main] INFO  impl.StateMachineUpdater (StateMachineUpdater.java:stopAndJoin(136)) - 773cce60-eeca-4c1f-a5ec-70084be8b6b9@group-FD33B9583E3C-StateMachineUpdater: set stopIndex = -1
2019-10-18 14:30:39,823 [681edbc6-a1fc-42a4-b5ce-4922820de60a@group-FD33B9583E3C-LeaderElection166] INFO  impl.RoleInfo (RoleInfo.java:shutdownLeaderElection(134)) - 681edbc6-a1fc-42a4-b5ce-4922820de60a: shutdown LeaderElection
2019-10-18 14:30:39,823 [main] INFO  impl.RaftServerImpl (ServerState.java:close(388)) - 773cce60-eeca-4c1f-a5ec-70084be8b6b9@group-FD33B9583E3C: closes. applyIndex: -1
2019-10-18 14:30:39,823 [681edbc6-a1fc-42a4-b5ce-4922820de60a@group-FD33B9583E3C-LeaderElection166] INFO  impl.RoleInfo (RoleInfo.java:updateAndGet(143)) - 681edbc6-a1fc-42a4-b5ce-4922820de60a: start FollowerState
2019-10-18 14:30:39,824 [773cce60-eeca-4c1f-a5ec-70084be8b6b9@group-FD33B9583E3C-SegmentedRaftLogWorker] INFO  segmented.SegmentedRaftLogWorker (SegmentedRaftLogWorker.java:run(316)) - 773cce60-eeca-4c1f-a5ec-70084be8b6b9@group-FD33B9583E3C-SegmentedRaftLogWorker was interrupted, exiting. There are 0 tasks remaining in the queue.
2019-10-18 14:30:39,825 [main] INFO  segmented.SegmentedRaftLogWorker (SegmentedRaftLogWorker.java:close(224)) - 773cce60-eeca-4c1f-a5ec-70084be8b6b9@group-FD33B9583E3C-SegmentedRaftLogWorker close()
2019-10-18 14:30:39,827 [main] INFO  server.GrpcService (GrpcService.java:closeImpl(164)) - 773cce60-eeca-4c1f-a5ec-70084be8b6b9: shutdown server with port 38729 now
2019-10-18 14:30:39,835 [ForkJoinPool.commonPool-worker-0] INFO  ozoneimpl.OzoneContainer (OzoneContainer.java:stop(227)) - Attempting to stop container services.
2019-10-18 14:30:39,836 [main] INFO  server.GrpcService (GrpcService.java:closeImpl(172)) - 773cce60-eeca-4c1f-a5ec-70084be8b6b9: shutdown server with port 38729 successfully
2019-10-18 14:30:39,836 [ForkJoinPool.commonPool-worker-0] INFO  impl.RaftServerProxy (RaftServerProxy.java:lambda$close$4(314)) - 3ee7b367-7b16-44e1-99f8-43aefeda0876: close
2019-10-18 14:30:39,836 [ForkJoinPool.commonPool-worker-0] INFO  impl.RaftServerImpl (RaftServerImpl.java:lambda$shutdown$3(261)) - 3ee7b367-7b16-44e1-99f8-43aefeda0876@group-FD33B9583E3C: shutdown
2019-10-18 14:30:39,837 [ForkJoinPool.commonPool-worker-0] INFO  util.JmxRegister (JmxRegister.java:unregister(73)) - Successfully un-registered JMX Bean with object name Ratis:service=RaftServer,group=group-FD33B9583E3C,id=3ee7b367-7b16-44e1-99f8-43aefeda0876
2019-10-18 14:30:39,837 [ForkJoinPool.commonPool-worker-0] INFO  impl.RoleInfo (RoleInfo.java:shutdownFollowerState(121)) - 3ee7b367-7b16-44e1-99f8-43aefeda0876: shutdown FollowerState
2019-10-18 14:30:39,837 [ForkJoinPool.commonPool-worker-0] INFO  impl.StateMachineUpdater (StateMachineUpdater.java:stopAndJoin(136)) - 3ee7b367-7b16-44e1-99f8-43aefeda0876@group-FD33B9583E3C-StateMachineUpdater: set stopIndex = 0
2019-10-18 14:30:39,837 [Thread-1619] INFO  impl.FollowerState (FollowerState.java:run(117)) - 3ee7b367-7b16-44e1-99f8-43aefeda0876@group-FD33B9583E3C-FollowerState was interrupted: java.lang.InterruptedException: sleep interrupted
2019-10-18 14:30:39,837 [ForkJoinPool.commonPool-worker-0] INFO  impl.RaftServerImpl (ServerState.java:close(388)) - 3ee7b367-7b16-44e1-99f8-43aefeda0876@group-FD33B9583E3C: closes. applyIndex: 0
2019-10-18 14:30:39,837 [refreshUsed-/workdir/hadoop-ozone/integration-test/target/test-dir/MiniOzoneClusterImpl-11a902be-dfbe-4759-94b9-65959d8d71e6/datanode-6/data/containers] WARN  fs.CachingGetSpaceUsed (CachingGetSpaceUsed.java:run(183)) - Thread Interrupted waiting to refresh disk information: sleep interrupted
2019-10-18 14:30:39,838 [3ee7b367-7b16-44e1-99f8-43aefeda0876@group-FD33B9583E3C-SegmentedRaftLogWorker] INFO  segmented.SegmentedRaftLogWorker (SegmentedRaftLogWorker.java:run(316)) - 3ee7b367-7b16-44e1-99f8-43aefeda0876@group-FD33B9583E3C-SegmentedRaftLogWorker was interrupted, exiting. There are 0 tasks remaining in the queue.
2019-10-18 14:30:39,839 [ForkJoinPool.commonPool-worker-0] INFO  segmented.SegmentedRaftLogWorker (SegmentedRaftLogWorker.java:close(224)) - 3ee7b367-7b16-44e1-99f8-43aefeda0876@group-FD33B9583E3C-SegmentedRaftLogWorker close()
2019-10-18 14:30:39,842 [ForkJoinPool.commonPool-worker-0] INFO  impl.RaftServerImpl (RaftServerImpl.java:lambda$shutdown$3(261)) - 3ee7b367-7b16-44e1-99f8-43aefeda0876@group-A1BF6143ADE3: shutdown
2019-10-18 14:30:39,842 [ForkJoinPool.commonPool-worker-0] INFO  util.JmxRegister (JmxRegister.java:unregister(73)) - Successfully un-registered JMX Bean with object name Ratis:service=RaftServer,group=group-A1BF6143ADE3,id=3ee7b367-7b16-44e1-99f8-43aefeda0876
2019-10-18 14:30:39,842 [ForkJoinPool.commonPool-worker-0] INFO  impl.RoleInfo (RoleInfo.java:shutdownLeaderState(104)) - 3ee7b367-7b16-44e1-99f8-43aefeda0876: shutdown LeaderState
2019-10-18 14:30:39,843 [ForkJoinPool.commonPool-worker-0] INFO  impl.PendingRequests (PendingRequests.java:sendNotLeaderResponses(202)) - 3ee7b367-7b16-44e1-99f8-43aefeda0876@group-A1BF6143ADE3-PendingRequests: sendNotLeaderResponses
2019-10-18 14:30:39,843 [ForkJoinPool.commonPool-worker-0] INFO  impl.StateMachineUpdater (StateMachineUpdater.java:stopAndJoin(136)) - 3ee7b367-7b16-44e1-99f8-43aefeda0876@group-A1BF6143ADE3-StateMachineUpdater: set stopIndex = 0
2019-10-18 14:30:39,843 [ForkJoinPool.commonPool-worker-0] INFO  impl.RaftServerImpl (ServerState.java:close(388)) - 3ee7b367-7b16-44e1-99f8-43aefeda0876@group-A1BF6143ADE3: closes. applyIndex: 0
2019-10-18 14:30:39,844 [3ee7b367-7b16-44e1-99f8-43aefeda0876@group-A1BF6143ADE3-SegmentedRaftLogWorker] INFO  segmented.SegmentedRaftLogWorker (SegmentedRaftLogWorker.java:run(316)) - 3ee7b367-7b16-44e1-99f8-43aefeda0876@group-A1BF6143ADE3-SegmentedRaftLogWorker was interrupted, exiting. There are 0 tasks remaining in the queue.
2019-10-18 14:30:39,845 [ForkJoinPool.commonPool-worker-0] INFO  segmented.SegmentedRaftLogWorker (SegmentedRaftLogWorker.java:close(224)) - 3ee7b367-7b16-44e1-99f8-43aefeda0876@group-A1BF6143ADE3-SegmentedRaftLogWorker close()
2019-10-18 14:30:39,847 [ForkJoinPool.commonPool-worker-0] INFO  server.GrpcService (GrpcService.java:closeImpl(164)) - 3ee7b367-7b16-44e1-99f8-43aefeda0876: shutdown server with port 46080 now
2019-10-18 14:30:39,848 [ForkJoinPool.commonPool-worker-0] INFO  server.GrpcService (GrpcService.java:closeImpl(172)) - 3ee7b367-7b16-44e1-99f8-43aefeda0876: shutdown server with port 46080 successfully
2019-10-18 14:30:39,853 [refreshUsed-/workdir/hadoop-ozone/integration-test/target/test-dir/MiniOzoneClusterImpl-11a902be-dfbe-4759-94b9-65959d8d71e6/datanode-3/data/containers] WARN  fs.CachingGetSpaceUsed (CachingGetSpaceUsed.java:run(183)) - Thread Interrupted waiting to refresh disk information: sleep interrupted
2019-10-18 14:30:39,868 [main] INFO  utils.BackgroundService (BackgroundService.java:shutdown(151)) - Shutting down service BlockDeletingService
2019-10-18 14:30:39,872 [main] INFO  statemachine.DatanodeStateMachine (DatanodeStateMachine.java:stopDaemon(395)) - Ozone container server stopped.
2019-10-18 14:30:39,873 [main] INFO  handler.ContextHandler (ContextHandler.java:doStop(910)) - Stopped o.e.j.w.WebAppContext@5ea4300e{/,null,UNAVAILABLE}{/hddsDatanode}
2019-10-18 14:30:39,874 [main] INFO  server.AbstractConnector (AbstractConnector.java:doStop(318)) - Stopped ServerConnector@5a1c3cb4{HTTP/1.1,[http/1.1]}{0.0.0.0:0}
2019-10-18 14:30:39,874 [main] INFO  handler.ContextHandler (ContextHandler.java:doStop(910)) - Stopped o.e.j.s.ServletContextHandler@20b9d5d5{/static,jar:file:/home/user/.m2/repository/org/apache/hadoop/hadoop-hdds-container-service/0.5.0-SNAPSHOT/hadoop-hdds-container-service-0.5.0-SNAPSHOT.jar!/webapps/static,UNAVAILABLE}
2019-10-18 14:30:39,875 [main] INFO  handler.ContextHandler (ContextHandler.java:doStop(910)) - Stopped o.e.j.s.ServletContextHandler@4228bf58{/logs,file:///workdir/hadoop-ozone/integration-test/target/log,UNAVAILABLE}
2019-10-18 14:30:39,878 [ForkJoinPool.commonPool-worker-0] INFO  utils.BackgroundService (BackgroundService.java:shutdown(151)) - Shutting down service BlockDeletingService
2019-10-18 14:30:39,881 [ForkJoinPool.commonPool-worker-0] INFO  statemachine.DatanodeStateMachine (DatanodeStateMachine.java:stopDaemon(395)) - Ozone container server stopped.
2019-10-18 14:30:39,885 [ForkJoinPool.commonPool-worker-0] INFO  handler.ContextHandler (ContextHandler.java:doStop(910)) - Stopped o.e.j.w.WebAppContext@4da6d664{/,null,UNAVAILABLE}{/hddsDatanode}
2019-10-18 14:30:39,885 [ForkJoinPool.commonPool-worker-0] INFO  server.AbstractConnector (AbstractConnector.java:doStop(318)) - Stopped ServerConnector@5e5af8e1{HTTP/1.1,[http/1.1]}{0.0.0.0:0}
2019-10-18 14:30:39,886 [ForkJoinPool.commonPool-worker-0] INFO  handler.ContextHandler (ContextHandler.java:doStop(910)) - Stopped o.e.j.s.ServletContextHandler@68d7a2df{/static,jar:file:/home/user/.m2/repository/org/apache/hadoop/hadoop-hdds-container-service/0.5.0-SNAPSHOT/hadoop-hdds-container-service-0.5.0-SNAPSHOT.jar!/webapps/static,UNAVAILABLE}
2019-10-18 14:30:39,888 [ForkJoinPool.commonPool-worker-0] INFO  handler.ContextHandler (ContextHandler.java:doStop(910)) - Stopped o.e.j.s.ServletContextHandler@4b200971{/logs,file:///workdir/hadoop-ozone/integration-test/target/log,UNAVAILABLE}
2019-10-18 14:30:39,920 [Thread-1620] INFO  impl.FollowerState (FollowerState.java:run(108)) - 681edbc6-a1fc-42a4-b5ce-4922820de60a@group-FD33B9583E3C-FollowerState: change to CANDIDATE, lastRpcTime:96ms, electionTimeout:96ms
2019-10-18 14:30:39,920 [Thread-1620] INFO  impl.RoleInfo (RoleInfo.java:shutdownFollowerState(121)) - 681edbc6-a1fc-42a4-b5ce-4922820de60a: shutdown FollowerState
2019-10-18 14:30:39,920 [Thread-1620] INFO  impl.RaftServerImpl (RaftServerImpl.java:setRole(184)) - 681edbc6-a1fc-42a4-b5ce-4922820de60a@group-FD33B9583E3C: changes role from  FOLLOWER to CANDIDATE at term 166 for changeToCandidate
2019-10-18 14:30:39,920 [Thread-1620] INFO  impl.RoleInfo (RoleInfo.java:updateAndGet(143)) - 681edbc6-a1fc-42a4-b5ce-4922820de60a: start LeaderElection
2019-10-18 14:30:39,934 [681edbc6-a1fc-42a4-b5ce-4922820de60a@group-FD33B9583E3C-LeaderElection167] INFO  impl.LeaderElection (LeaderElection.java:askForVotes(178)) - 681edbc6-a1fc-42a4-b5ce-4922820de60a@group-FD33B9583E3C-LeaderElection167: begin an election at term 167 for -1: [3ee7b367-7b16-44e1-99f8-43aefeda0876:192.168.164.233:46080, 681edbc6-a1fc-42a4-b5ce-4922820de60a:192.168.164.233:44267, 773cce60-eeca-4c1f-a5ec-70084be8b6b9:192.168.164.233:38729], old=null
2019-10-18 14:30:39,949 [681edbc6-a1fc-42a4-b5ce-4922820de60a@group-FD33B9583E3C-LeaderElection167] INFO  impl.LeaderElection (LogUtils.java:infoOrTrace(149)) - 681edbc6-a1fc-42a4-b5ce-4922820de60a@group-FD33B9583E3C-LeaderElection167 got exception when requesting votes: {}
java.util.concurrent.ExecutionException: org.apache.ratis.thirdparty.io.grpc.StatusRuntimeException: UNAVAILABLE: io exception
	at java.util.concurrent.FutureTask.report(FutureTask.java:122)
	at java.util.concurrent.FutureTask.get(FutureTask.java:192)
	at org.apache.ratis.server.impl.LeaderElection.waitForResults(LeaderElection.java:259)
	at org.apache.ratis.server.impl.LeaderElection.askForVotes(LeaderElection.java:197)
	at org.apache.ratis.server.impl.LeaderElection.run(LeaderElection.java:133)
	at java.lang.Thread.run(Thread.java:748)
Caused by: org.apache.ratis.thirdparty.io.grpc.StatusRuntimeException: UNAVAILABLE: io exception
	at org.apache.ratis.thirdparty.io.grpc.stub.ClientCalls.toStatusRuntimeException(ClientCalls.java:233)
	at org.apache.ratis.thirdparty.io.grpc.stub.ClientCalls.getUnchecked(ClientCalls.java:214)
	at org.apache.ratis.thirdparty.io.grpc.stub.ClientCalls.blockingUnaryCall(ClientCalls.java:139)
	at org.apache.ratis.proto.grpc.RaftServerProtocolServiceGrpc$RaftServerProtocolServiceBlockingStub.requestVote(RaftServerProtocolServiceGrpc.java:265)
	at org.apache.ratis.grpc.server.GrpcServerProtocolClient.requestVote(GrpcServerProtocolClient.java:99)
	at org.apache.ratis.grpc.server.GrpcService.requestVote(GrpcService.java:204)
	at org.apache.ratis.server.impl.LeaderElection.lambda$submitRequests$1(LeaderElection.java:234)
	at java.util.concurrent.FutureTask.run(FutureTask.java:266)
	at java.util.concurrent.Executors$RunnableAdapter.call(Executors.java:511)
	at java.util.concurrent.FutureTask.run(FutureTask.java:266)
	at java.util.concurrent.ThreadPoolExecutor.runWorker(ThreadPoolExecutor.java:1149)
	at java.util.concurrent.ThreadPoolExecutor$Worker.run(ThreadPoolExecutor.java:624)
	... 1 more
Caused by: org.apache.ratis.thirdparty.io.netty.channel.AbstractChannel$AnnotatedConnectException: Connection refused: /192.168.164.233:46080
	at sun.nio.ch.SocketChannelImpl.checkConnect(Native Method)
	at sun.nio.ch.SocketChannelImpl.finishConnect(SocketChannelImpl.java:717)
	at org.apache.ratis.thirdparty.io.netty.channel.socket.nio.NioSocketChannel.doFinishConnect(NioSocketChannel.java:327)
	at org.apache.ratis.thirdparty.io.netty.channel.nio.AbstractNioChannel$AbstractNioUnsafe.finishConnect(AbstractNioChannel.java:340)
	at org.apache.ratis.thirdparty.io.netty.channel.nio.NioEventLoop.processSelectedKey(NioEventLoop.java:632)
	at org.apache.ratis.thirdparty.io.netty.channel.nio.NioEventLoop.processSelectedKeysOptimized(NioEventLoop.java:579)
	at org.apache.ratis.thirdparty.io.netty.channel.nio.NioEventLoop.processSelectedKeys(NioEventLoop.java:496)
	at org.apache.ratis.thirdparty.io.netty.channel.nio.NioEventLoop.run(NioEventLoop.java:458)
	at org.apache.ratis.thirdparty.io.netty.util.concurrent.SingleThreadEventExecutor$5.run(SingleThreadEventExecutor.java:897)
	at org.apache.ratis.thirdparty.io.netty.util.concurrent.FastThreadLocalRunnable.run(FastThreadLocalRunnable.java:30)
	... 1 more
Caused by: java.net.ConnectException: Connection refused
	... 11 more
2019-10-18 14:30:39,954 [681edbc6-a1fc-42a4-b5ce-4922820de60a@group-FD33B9583E3C-LeaderElection167] INFO  impl.LeaderElection (LogUtils.java:infoOrTrace(149)) - 681edbc6-a1fc-42a4-b5ce-4922820de60a@group-FD33B9583E3C-LeaderElection167 got exception when requesting votes: {}
java.util.concurrent.ExecutionException: org.apache.ratis.thirdparty.io.grpc.StatusRuntimeException: UNAVAILABLE: io exception
	at java.util.concurrent.FutureTask.report(FutureTask.java:122)
	at java.util.concurrent.FutureTask.get(FutureTask.java:192)
	at org.apache.ratis.server.impl.LeaderElection.waitForResults(LeaderElection.java:259)
	at org.apache.ratis.server.impl.LeaderElection.askForVotes(LeaderElection.java:197)
	at org.apache.ratis.server.impl.LeaderElection.run(LeaderElection.java:133)
	at java.lang.Thread.run(Thread.java:748)
Caused by: org.apache.ratis.thirdparty.io.grpc.StatusRuntimeException: UNAVAILABLE: io exception
	at org.apache.ratis.thirdparty.io.grpc.stub.ClientCalls.toStatusRuntimeException(ClientCalls.java:233)
	at org.apache.ratis.thirdparty.io.grpc.stub.ClientCalls.getUnchecked(ClientCalls.java:214)
	at org.apache.ratis.thirdparty.io.grpc.stub.ClientCalls.blockingUnaryCall(ClientCalls.java:139)
	at org.apache.ratis.proto.grpc.RaftServerProtocolServiceGrpc$RaftServerProtocolServiceBlockingStub.requestVote(RaftServerProtocolServiceGrpc.java:265)
	at org.apache.ratis.grpc.server.GrpcServerProtocolClient.requestVote(GrpcServerProtocolClient.java:99)
	at org.apache.ratis.grpc.server.GrpcService.requestVote(GrpcService.java:204)
	at org.apache.ratis.server.impl.LeaderElection.lambda$submitRequests$1(LeaderElection.java:234)
	at java.util.concurrent.FutureTask.run(FutureTask.java:266)
	at java.util.concurrent.Executors$RunnableAdapter.call(Executors.java:511)
	at java.util.concurrent.FutureTask.run(FutureTask.java:266)
	at java.util.concurrent.ThreadPoolExecutor.runWorker(ThreadPoolExecutor.java:1149)
	at java.util.concurrent.ThreadPoolExecutor$Worker.run(ThreadPoolExecutor.java:624)
	... 1 more
Caused by: org.apache.ratis.thirdparty.io.netty.channel.AbstractChannel$AnnotatedConnectException: Connection refused: /192.168.164.233:38729
	at sun.nio.ch.SocketChannelImpl.checkConnect(Native Method)
	at sun.nio.ch.SocketChannelImpl.finishConnect(SocketChannelImpl.java:717)
	at org.apache.ratis.thirdparty.io.netty.channel.socket.nio.NioSocketChannel.doFinishConnect(NioSocketChannel.java:327)
	at org.apache.ratis.thirdparty.io.netty.channel.nio.AbstractNioChannel$AbstractNioUnsafe.finishConnect(AbstractNioChannel.java:340)
	at org.apache.ratis.thirdparty.io.netty.channel.nio.NioEventLoop.processSelectedKey(NioEventLoop.java:632)
	at org.apache.ratis.thirdparty.io.netty.channel.nio.NioEventLoop.processSelectedKeysOptimized(NioEventLoop.java:579)
	at org.apache.ratis.thirdparty.io.netty.channel.nio.NioEventLoop.processSelectedKeys(NioEventLoop.java:496)
	at org.apache.ratis.thirdparty.io.netty.channel.nio.NioEventLoop.run(NioEventLoop.java:458)
	at org.apache.ratis.thirdparty.io.netty.util.concurrent.SingleThreadEventExecutor$5.run(SingleThreadEventExecutor.java:897)
	at org.apache.ratis.thirdparty.io.netty.util.concurrent.FastThreadLocalRunnable.run(FastThreadLocalRunnable.java:30)
	... 1 more
Caused by: java.net.ConnectException: Connection refused
	... 11 more
2019-10-18 14:30:39,960 [681edbc6-a1fc-42a4-b5ce-4922820de60a@group-FD33B9583E3C-LeaderElection167] INFO  impl.LeaderElection (LeaderElection.java:logAndReturn(56)) - 681edbc6-a1fc-42a4-b5ce-4922820de60a@group-FD33B9583E3C-LeaderElection167: Election REJECTED; received 0 response(s) [] and 2 exception(s); 681edbc6-a1fc-42a4-b5ce-4922820de60a@group-FD33B9583E3C:t167, leader=null, voted=681edbc6-a1fc-42a4-b5ce-4922820de60a, raftlog=681edbc6-a1fc-42a4-b5ce-4922820de60a@group-FD33B9583E3C-SegmentedRaftLog:OPENED:c-1,f-1,i0, conf=-1: [3ee7b367-7b16-44e1-99f8-43aefeda0876:192.168.164.233:46080, 681edbc6-a1fc-42a4-b5ce-4922820de60a:192.168.164.233:44267, 773cce60-eeca-4c1f-a5ec-70084be8b6b9:192.168.164.233:38729], old=null
2019-10-18 14:30:39,961 [681edbc6-a1fc-42a4-b5ce-4922820de60a@group-FD33B9583E3C-LeaderElection167] INFO  impl.LeaderElection (LogUtils.java:infoOrTrace(149)) -   Exception 0: {}
java.util.concurrent.ExecutionException: org.apache.ratis.thirdparty.io.grpc.StatusRuntimeException: UNAVAILABLE: io exception
	at java.util.concurrent.FutureTask.report(FutureTask.java:122)
	at java.util.concurrent.FutureTask.get(FutureTask.java:192)
	at org.apache.ratis.server.impl.LeaderElection.waitForResults(LeaderElection.java:259)
	at org.apache.ratis.server.impl.LeaderElection.askForVotes(LeaderElection.java:197)
	at org.apache.ratis.server.impl.LeaderElection.run(LeaderElection.java:133)
	at java.lang.Thread.run(Thread.java:748)
Caused by: org.apache.ratis.thirdparty.io.grpc.StatusRuntimeException: UNAVAILABLE: io exception
	at org.apache.ratis.thirdparty.io.grpc.stub.ClientCalls.toStatusRuntimeException(ClientCalls.java:233)
	at org.apache.ratis.thirdparty.io.grpc.stub.ClientCalls.getUnchecked(ClientCalls.java:214)
	at org.apache.ratis.thirdparty.io.grpc.stub.ClientCalls.blockingUnaryCall(ClientCalls.java:139)
	at org.apache.ratis.proto.grpc.RaftServerProtocolServiceGrpc$RaftServerProtocolServiceBlockingStub.requestVote(RaftServerProtocolServiceGrpc.java:265)
	at org.apache.ratis.grpc.server.GrpcServerProtocolClient.requestVote(GrpcServerProtocolClient.java:99)
	at org.apache.ratis.grpc.server.GrpcService.requestVote(GrpcService.java:204)
	at org.apache.ratis.server.impl.LeaderElection.lambda$submitRequests$1(LeaderElection.java:234)
	at java.util.concurrent.FutureTask.run(FutureTask.java:266)
	at java.util.concurrent.Executors$RunnableAdapter.call(Executors.java:511)
	at java.util.concurrent.FutureTask.run(FutureTask.java:266)
	at java.util.concurrent.ThreadPoolExecutor.runWorker(ThreadPoolExecutor.java:1149)
	at java.util.concurrent.ThreadPoolExecutor$Worker.run(ThreadPoolExecutor.java:624)
	... 1 more
Caused by: org.apache.ratis.thirdparty.io.netty.channel.AbstractChannel$AnnotatedConnectException: Connection refused: /192.168.164.233:46080
	at sun.nio.ch.SocketChannelImpl.checkConnect(Native Method)
	at sun.nio.ch.SocketChannelImpl.finishConnect(SocketChannelImpl.java:717)
	at org.apache.ratis.thirdparty.io.netty.channel.socket.nio.NioSocketChannel.doFinishConnect(NioSocketChannel.java:327)
	at org.apache.ratis.thirdparty.io.netty.channel.nio.AbstractNioChannel$AbstractNioUnsafe.finishConnect(AbstractNioChannel.java:340)
	at org.apache.ratis.thirdparty.io.netty.channel.nio.NioEventLoop.processSelectedKey(NioEventLoop.java:632)
	at org.apache.ratis.thirdparty.io.netty.channel.nio.NioEventLoop.processSelectedKeysOptimized(NioEventLoop.java:579)
	at org.apache.ratis.thirdparty.io.netty.channel.nio.NioEventLoop.processSelectedKeys(NioEventLoop.java:496)
	at org.apache.ratis.thirdparty.io.netty.channel.nio.NioEventLoop.run(NioEventLoop.java:458)
	at org.apache.ratis.thirdparty.io.netty.util.concurrent.SingleThreadEventExecutor$5.run(SingleThreadEventExecutor.java:897)
	at org.apache.ratis.thirdparty.io.netty.util.concurrent.FastThreadLocalRunnable.run(FastThreadLocalRunnable.java:30)
	... 1 more
Caused by: java.net.ConnectException: Connection refused
	... 11 more
2019-10-18 14:30:39,961 [681edbc6-a1fc-42a4-b5ce-4922820de60a@group-FD33B9583E3C-LeaderElection167] INFO  impl.LeaderElection (LogUtils.java:infoOrTrace(149)) -   Exception 1: {}
java.util.concurrent.ExecutionException: org.apache.ratis.thirdparty.io.grpc.StatusRuntimeException: UNAVAILABLE: io exception
	at java.util.concurrent.FutureTask.report(FutureTask.java:122)
	at java.util.concurrent.FutureTask.get(FutureTask.java:192)
	at org.apache.ratis.server.impl.LeaderElection.waitForResults(LeaderElection.java:259)
	at org.apache.ratis.server.impl.LeaderElection.askForVotes(LeaderElection.java:197)
	at org.apache.ratis.server.impl.LeaderElection.run(LeaderElection.java:133)
	at java.lang.Thread.run(Thread.java:748)
Caused by: org.apache.ratis.thirdparty.io.grpc.StatusRuntimeException: UNAVAILABLE: io exception
	at org.apache.ratis.thirdparty.io.grpc.stub.ClientCalls.toStatusRuntimeException(ClientCalls.java:233)
	at org.apache.ratis.thirdparty.io.grpc.stub.ClientCalls.getUnchecked(ClientCalls.java:214)
	at org.apache.ratis.thirdparty.io.grpc.stub.ClientCalls.blockingUnaryCall(ClientCalls.java:139)
	at org.apache.ratis.proto.grpc.RaftServerProtocolServiceGrpc$RaftServerProtocolServiceBlockingStub.requestVote(RaftServerProtocolServiceGrpc.java:265)
	at org.apache.ratis.grpc.server.GrpcServerProtocolClient.requestVote(GrpcServerProtocolClient.java:99)
	at org.apache.ratis.grpc.server.GrpcService.requestVote(GrpcService.java:204)
	at org.apache.ratis.server.impl.LeaderElection.lambda$submitRequests$1(LeaderElection.java:234)
	at java.util.concurrent.FutureTask.run(FutureTask.java:266)
	at java.util.concurrent.Executors$RunnableAdapter.call(Executors.java:511)
	at java.util.concurrent.FutureTask.run(FutureTask.java:266)
	at java.util.concurrent.ThreadPoolExecutor.runWorker(ThreadPoolExecutor.java:1149)
	at java.util.concurrent.ThreadPoolExecutor$Worker.run(ThreadPoolExecutor.java:624)
	... 1 more
Caused by: org.apache.ratis.thirdparty.io.netty.channel.AbstractChannel$AnnotatedConnectException: Connection refused: /192.168.164.233:38729
	at sun.nio.ch.SocketChannelImpl.checkConnect(Native Method)
	at sun.nio.ch.SocketChannelImpl.finishConnect(SocketChannelImpl.java:717)
	at org.apache.ratis.thirdparty.io.netty.channel.socket.nio.NioSocketChannel.doFinishConnect(NioSocketChannel.java:327)
	at org.apache.ratis.thirdparty.io.netty.channel.nio.AbstractNioChannel$AbstractNioUnsafe.finishConnect(AbstractNioChannel.java:340)
	at org.apache.ratis.thirdparty.io.netty.channel.nio.NioEventLoop.processSelectedKey(NioEventLoop.java:632)
	at org.apache.ratis.thirdparty.io.netty.channel.nio.NioEventLoop.processSelectedKeysOptimized(NioEventLoop.java:579)
	at org.apache.ratis.thirdparty.io.netty.channel.nio.NioEventLoop.processSelectedKeys(NioEventLoop.java:496)
	at org.apache.ratis.thirdparty.io.netty.channel.nio.NioEventLoop.run(NioEventLoop.java:458)
	at org.apache.ratis.thirdparty.io.netty.util.concurrent.SingleThreadEventExecutor$5.run(SingleThreadEventExecutor.java:897)
	at org.apache.ratis.thirdparty.io.netty.util.concurrent.FastThreadLocalRunnable.run(FastThreadLocalRunnable.java:30)
	... 1 more
Caused by: java.net.ConnectException: Connection refused
	... 11 more
2019-10-18 14:30:39,962 [681edbc6-a1fc-42a4-b5ce-4922820de60a@group-FD33B9583E3C-LeaderElection167] INFO  impl.RaftServerImpl (RaftServerImpl.java:setRole(184)) - 681edbc6-a1fc-42a4-b5ce-4922820de60a@group-FD33B9583E3C: changes role from CANDIDATE to FOLLOWER at term 167 for DISCOVERED_A_NEW_TERM
2019-10-18 14:30:39,962 [681edbc6-a1fc-42a4-b5ce-4922820de60a@group-FD33B9583E3C-LeaderElection167] INFO  impl.RoleInfo (RoleInfo.java:shutdownLeaderElection(134)) - 681edbc6-a1fc-42a4-b5ce-4922820de60a: shutdown LeaderElection
2019-10-18 14:30:39,962 [681edbc6-a1fc-42a4-b5ce-4922820de60a@group-FD33B9583E3C-LeaderElection167] INFO  impl.RoleInfo (RoleInfo.java:updateAndGet(143)) - 681edbc6-a1fc-42a4-b5ce-4922820de60a: start FollowerState
2019-10-18 14:30:39,977 [Datanode State Machine Thread - 0] INFO  statemachine.DatanodeStateMachine (DatanodeStateMachine.java:lambda$startDaemon$0(350)) - Ozone container server started.
2019-10-18 14:30:40,088 [Datanode State Machine Thread - 0] INFO  statemachine.DatanodeStateMachine (DatanodeStateMachine.java:lambda$startDaemon$0(350)) - Ozone container server started.
2019-10-18 14:30:40,120 [Thread-1624] INFO  impl.FollowerState (FollowerState.java:run(108)) - 681edbc6-a1fc-42a4-b5ce-4922820de60a@group-FD33B9583E3C-FollowerState: change to CANDIDATE, lastRpcTime:157ms, electionTimeout:156ms
2019-10-18 14:30:40,120 [Thread-1624] INFO  impl.RoleInfo (RoleInfo.java:shutdownFollowerState(121)) - 681edbc6-a1fc-42a4-b5ce-4922820de60a: shutdown FollowerState
2019-10-18 14:30:40,120 [Thread-1624] INFO  impl.RaftServerImpl (RaftServerImpl.java:setRole(184)) - 681edbc6-a1fc-42a4-b5ce-4922820de60a@group-FD33B9583E3C: changes role from  FOLLOWER to CANDIDATE at term 167 for changeToCandidate
2019-10-18 14:30:40,120 [Thread-1624] INFO  impl.RoleInfo (RoleInfo.java:updateAndGet(143)) - 681edbc6-a1fc-42a4-b5ce-4922820de60a: start LeaderElection
2019-10-18 14:30:40,135 [681edbc6-a1fc-42a4-b5ce-4922820de60a@group-FD33B9583E3C-LeaderElection168] INFO  impl.LeaderElection (LeaderElection.java:askForVotes(178)) - 681edbc6-a1fc-42a4-b5ce-4922820de60a@group-FD33B9583E3C-LeaderElection168: begin an election at term 168 for -1: [3ee7b367-7b16-44e1-99f8-43aefeda0876:192.168.164.233:46080, 681edbc6-a1fc-42a4-b5ce-4922820de60a:192.168.164.233:44267, 773cce60-eeca-4c1f-a5ec-70084be8b6b9:192.168.164.233:38729], old=null
2019-10-18 14:30:40,136 [681edbc6-a1fc-42a4-b5ce-4922820de60a@group-FD33B9583E3C-LeaderElection168] INFO  impl.LeaderElection (LogUtils.java:infoOrTrace(149)) - 681edbc6-a1fc-42a4-b5ce-4922820de60a@group-FD33B9583E3C-LeaderElection168 got exception when requesting votes: {}
java.util.concurrent.ExecutionException: org.apache.ratis.thirdparty.io.grpc.StatusRuntimeException: UNAVAILABLE: io exception
	at java.util.concurrent.FutureTask.report(FutureTask.java:122)
	at java.util.concurrent.FutureTask.get(FutureTask.java:192)
	at org.apache.ratis.server.impl.LeaderElection.waitForResults(LeaderElection.java:259)
	at org.apache.ratis.server.impl.LeaderElection.askForVotes(LeaderElection.java:197)
	at org.apache.ratis.server.impl.LeaderElection.run(LeaderElection.java:133)
	at java.lang.Thread.run(Thread.java:748)
Caused by: org.apache.ratis.thirdparty.io.grpc.StatusRuntimeException: UNAVAILABLE: io exception
	at org.apache.ratis.thirdparty.io.grpc.stub.ClientCalls.toStatusRuntimeException(ClientCalls.java:233)
	at org.apache.ratis.thirdparty.io.grpc.stub.ClientCalls.getUnchecked(ClientCalls.java:214)
	at org.apache.ratis.thirdparty.io.grpc.stub.ClientCalls.blockingUnaryCall(ClientCalls.java:139)
	at org.apache.ratis.proto.grpc.RaftServerProtocolServiceGrpc$RaftServerProtocolServiceBlockingStub.requestVote(RaftServerProtocolServiceGrpc.java:265)
	at org.apache.ratis.grpc.server.GrpcServerProtocolClient.requestVote(GrpcServerProtocolClient.java:99)
	at org.apache.ratis.grpc.server.GrpcService.requestVote(GrpcService.java:204)
	at org.apache.ratis.server.impl.LeaderElection.lambda$submitRequests$1(LeaderElection.java:234)
	at java.util.concurrent.FutureTask.run(FutureTask.java:266)
	at java.util.concurrent.Executors$RunnableAdapter.call(Executors.java:511)
	at java.util.concurrent.FutureTask.run(FutureTask.java:266)
	at java.util.concurrent.ThreadPoolExecutor.runWorker(ThreadPoolExecutor.java:1149)
	at java.util.concurrent.ThreadPoolExecutor$Worker.run(ThreadPoolExecutor.java:624)
	... 1 more
Caused by: org.apache.ratis.thirdparty.io.netty.channel.AbstractChannel$AnnotatedConnectException: Connection refused: /192.168.164.233:38729
	at sun.nio.ch.SocketChannelImpl.checkConnect(Native Method)
	at sun.nio.ch.SocketChannelImpl.finishConnect(SocketChannelImpl.java:717)
	at org.apache.ratis.thirdparty.io.netty.channel.socket.nio.NioSocketChannel.doFinishConnect(NioSocketChannel.java:327)
	at org.apache.ratis.thirdparty.io.netty.channel.nio.AbstractNioChannel$AbstractNioUnsafe.finishConnect(AbstractNioChannel.java:340)
	at org.apache.ratis.thirdparty.io.netty.channel.nio.NioEventLoop.processSelectedKey(NioEventLoop.java:632)
	at org.apache.ratis.thirdparty.io.netty.channel.nio.NioEventLoop.processSelectedKeysOptimized(NioEventLoop.java:579)
	at org.apache.ratis.thirdparty.io.netty.channel.nio.NioEventLoop.processSelectedKeys(NioEventLoop.java:496)
	at org.apache.ratis.thirdparty.io.netty.channel.nio.NioEventLoop.run(NioEventLoop.java:458)
	at org.apache.ratis.thirdparty.io.netty.util.concurrent.SingleThreadEventExecutor$5.run(SingleThreadEventExecutor.java:897)
	at org.apache.ratis.thirdparty.io.netty.util.concurrent.FastThreadLocalRunnable.run(FastThreadLocalRunnable.java:30)
	... 1 more
Caused by: java.net.ConnectException: Connection refused
	... 11 more
2019-10-18 14:30:40,138 [681edbc6-a1fc-42a4-b5ce-4922820de60a@group-FD33B9583E3C-LeaderElection168] INFO  impl.LeaderElection (LogUtils.java:infoOrTrace(149)) - 681edbc6-a1fc-42a4-b5ce-4922820de60a@group-FD33B9583E3C-LeaderElection168 got exception when requesting votes: {}
java.util.concurrent.ExecutionException: org.apache.ratis.thirdparty.io.grpc.StatusRuntimeException: UNAVAILABLE: io exception
	at java.util.concurrent.FutureTask.report(FutureTask.java:122)
	at java.util.concurrent.FutureTask.get(FutureTask.java:192)
	at org.apache.ratis.server.impl.LeaderElection.waitForResults(LeaderElection.java:259)
	at org.apache.ratis.server.impl.LeaderElection.askForVotes(LeaderElection.java:197)
	at org.apache.ratis.server.impl.LeaderElection.run(LeaderElection.java:133)
	at java.lang.Thread.run(Thread.java:748)
Caused by: org.apache.ratis.thirdparty.io.grpc.StatusRuntimeException: UNAVAILABLE: io exception
	at org.apache.ratis.thirdparty.io.grpc.stub.ClientCalls.toStatusRuntimeException(ClientCalls.java:233)
	at org.apache.ratis.thirdparty.io.grpc.stub.ClientCalls.getUnchecked(ClientCalls.java:214)
	at org.apache.ratis.thirdparty.io.grpc.stub.ClientCalls.blockingUnaryCall(ClientCalls.java:139)
	at org.apache.ratis.proto.grpc.RaftServerProtocolServiceGrpc$RaftServerProtocolServiceBlockingStub.requestVote(RaftServerProtocolServiceGrpc.java:265)
	at org.apache.ratis.grpc.server.GrpcServerProtocolClient.requestVote(GrpcServerProtocolClient.java:99)
	at org.apache.ratis.grpc.server.GrpcService.requestVote(GrpcService.java:204)
	at org.apache.ratis.server.impl.LeaderElection.lambda$submitRequests$1(LeaderElection.java:234)
	at java.util.concurrent.FutureTask.run(FutureTask.java:266)
	at java.util.concurrent.Executors$RunnableAdapter.call(Executors.java:511)
	at java.util.concurrent.FutureTask.run(FutureTask.java:266)
	at java.util.concurrent.ThreadPoolExecutor.runWorker(ThreadPoolExecutor.java:1149)
	at java.util.concurrent.ThreadPoolExecutor$Worker.run(ThreadPoolExecutor.java:624)
	... 1 more
Caused by: org.apache.ratis.thirdparty.io.netty.channel.AbstractChannel$AnnotatedConnectException: Connection refused: /192.168.164.233:46080
	at sun.nio.ch.SocketChannelImpl.checkConnect(Native Method)
	at sun.nio.ch.SocketChannelImpl.finishConnect(SocketChannelImpl.java:717)
	at org.apache.ratis.thirdparty.io.netty.channel.socket.nio.NioSocketChannel.doFinishConnect(NioSocketChannel.java:327)
	at org.apache.ratis.thirdparty.io.netty.channel.nio.AbstractNioChannel$AbstractNioUnsafe.finishConnect(AbstractNioChannel.java:340)
	at org.apache.ratis.thirdparty.io.netty.channel.nio.NioEventLoop.processSelectedKey(NioEventLoop.java:632)
	at org.apache.ratis.thirdparty.io.netty.channel.nio.NioEventLoop.processSelectedKeysOptimized(NioEventLoop.java:579)
	at org.apache.ratis.thirdparty.io.netty.channel.nio.NioEventLoop.processSelectedKeys(NioEventLoop.java:496)
	at org.apache.ratis.thirdparty.io.netty.channel.nio.NioEventLoop.run(NioEventLoop.java:458)
	at org.apache.ratis.thirdparty.io.netty.util.concurrent.SingleThreadEventExecutor$5.run(SingleThreadEventExecutor.java:897)
	at org.apache.ratis.thirdparty.io.netty.util.concurrent.FastThreadLocalRunnable.run(FastThreadLocalRunnable.java:30)
	... 1 more
Caused by: java.net.ConnectException: Connection refused
	... 11 more
2019-10-18 14:30:40,139 [681edbc6-a1fc-42a4-b5ce-4922820de60a@group-FD33B9583E3C-LeaderElection168] INFO  impl.LeaderElection (LeaderElection.java:logAndReturn(56)) - 681edbc6-a1fc-42a4-b5ce-4922820de60a@group-FD33B9583E3C-LeaderElection168: Election REJECTED; received 0 response(s) [] and 2 exception(s); 681edbc6-a1fc-42a4-b5ce-4922820de60a@group-FD33B9583E3C:t168, leader=null, voted=681edbc6-a1fc-42a4-b5ce-4922820de60a, raftlog=681edbc6-a1fc-42a4-b5ce-4922820de60a@group-FD33B9583E3C-SegmentedRaftLog:OPENED:c-1,f-1,i0, conf=-1: [3ee7b367-7b16-44e1-99f8-43aefeda0876:192.168.164.233:46080, 681edbc6-a1fc-42a4-b5ce-4922820de60a:192.168.164.233:44267, 773cce60-eeca-4c1f-a5ec-70084be8b6b9:192.168.164.233:38729], old=null
2019-10-18 14:30:40,139 [681edbc6-a1fc-42a4-b5ce-4922820de60a@group-FD33B9583E3C-LeaderElection168] INFO  impl.LeaderElection (LogUtils.java:infoOrTrace(149)) -   Exception 0: {}
java.util.concurrent.ExecutionException: org.apache.ratis.thirdparty.io.grpc.StatusRuntimeException: UNAVAILABLE: io exception
	at java.util.concurrent.FutureTask.report(FutureTask.java:122)
	at java.util.concurrent.FutureTask.get(FutureTask.java:192)
	at org.apache.ratis.server.impl.LeaderElection.waitForResults(LeaderElection.java:259)
	at org.apache.ratis.server.impl.LeaderElection.askForVotes(LeaderElection.java:197)
	at org.apache.ratis.server.impl.LeaderElection.run(LeaderElection.java:133)
	at java.lang.Thread.run(Thread.java:748)
Caused by: org.apache.ratis.thirdparty.io.grpc.StatusRuntimeException: UNAVAILABLE: io exception
	at org.apache.ratis.thirdparty.io.grpc.stub.ClientCalls.toStatusRuntimeException(ClientCalls.java:233)
	at org.apache.ratis.thirdparty.io.grpc.stub.ClientCalls.getUnchecked(ClientCalls.java:214)
	at org.apache.ratis.thirdparty.io.grpc.stub.ClientCalls.blockingUnaryCall(ClientCalls.java:139)
	at org.apache.ratis.proto.grpc.RaftServerProtocolServiceGrpc$RaftServerProtocolServiceBlockingStub.requestVote(RaftServerProtocolServiceGrpc.java:265)
	at org.apache.ratis.grpc.server.GrpcServerProtocolClient.requestVote(GrpcServerProtocolClient.java:99)
	at org.apache.ratis.grpc.server.GrpcService.requestVote(GrpcService.java:204)
	at org.apache.ratis.server.impl.LeaderElection.lambda$submitRequests$1(LeaderElection.java:234)
	at java.util.concurrent.FutureTask.run(FutureTask.java:266)
	at java.util.concurrent.Executors$RunnableAdapter.call(Executors.java:511)
	at java.util.concurrent.FutureTask.run(FutureTask.java:266)
	at java.util.concurrent.ThreadPoolExecutor.runWorker(ThreadPoolExecutor.java:1149)
	at java.util.concurrent.ThreadPoolExecutor$Worker.run(ThreadPoolExecutor.java:624)
	... 1 more
Caused by: org.apache.ratis.thirdparty.io.netty.channel.AbstractChannel$AnnotatedConnectException: Connection refused: /192.168.164.233:38729
	at sun.nio.ch.SocketChannelImpl.checkConnect(Native Method)
	at sun.nio.ch.SocketChannelImpl.finishConnect(SocketChannelImpl.java:717)
	at org.apache.ratis.thirdparty.io.netty.channel.socket.nio.NioSocketChannel.doFinishConnect(NioSocketChannel.java:327)
	at org.apache.ratis.thirdparty.io.netty.channel.nio.AbstractNioChannel$AbstractNioUnsafe.finishConnect(AbstractNioChannel.java:340)
	at org.apache.ratis.thirdparty.io.netty.channel.nio.NioEventLoop.processSelectedKey(NioEventLoop.java:632)
	at org.apache.ratis.thirdparty.io.netty.channel.nio.NioEventLoop.processSelectedKeysOptimized(NioEventLoop.java:579)
	at org.apache.ratis.thirdparty.io.netty.channel.nio.NioEventLoop.processSelectedKeys(NioEventLoop.java:496)
	at org.apache.ratis.thirdparty.io.netty.channel.nio.NioEventLoop.run(NioEventLoop.java:458)
	at org.apache.ratis.thirdparty.io.netty.util.concurrent.SingleThreadEventExecutor$5.run(SingleThreadEventExecutor.java:897)
	at org.apache.ratis.thirdparty.io.netty.util.concurrent.FastThreadLocalRunnable.run(FastThreadLocalRunnable.java:30)
	... 1 more
Caused by: java.net.ConnectException: Connection refused
	... 11 more
2019-10-18 14:30:40,140 [681edbc6-a1fc-42a4-b5ce-4922820de60a@group-FD33B9583E3C-LeaderElection168] INFO  impl.LeaderElection (LogUtils.java:infoOrTrace(149)) -   Exception 1: {}
java.util.concurrent.ExecutionException: org.apache.ratis.thirdparty.io.grpc.StatusRuntimeException: UNAVAILABLE: io exception
	at java.util.concurrent.FutureTask.report(FutureTask.java:122)
	at java.util.concurrent.FutureTask.get(FutureTask.java:192)
	at org.apache.ratis.server.impl.LeaderElection.waitForResults(LeaderElection.java:259)
	at org.apache.ratis.server.impl.LeaderElection.askForVotes(LeaderElection.java:197)
	at org.apache.ratis.server.impl.LeaderElection.run(LeaderElection.java:133)
	at java.lang.Thread.run(Thread.java:748)
Caused by: org.apache.ratis.thirdparty.io.grpc.StatusRuntimeException: UNAVAILABLE: io exception
	at org.apache.ratis.thirdparty.io.grpc.stub.ClientCalls.toStatusRuntimeException(ClientCalls.java:233)
	at org.apache.ratis.thirdparty.io.grpc.stub.ClientCalls.getUnchecked(ClientCalls.java:214)
	at org.apache.ratis.thirdparty.io.grpc.stub.ClientCalls.blockingUnaryCall(ClientCalls.java:139)
	at org.apache.ratis.proto.grpc.RaftServerProtocolServiceGrpc$RaftServerProtocolServiceBlockingStub.requestVote(RaftServerProtocolServiceGrpc.java:265)
	at org.apache.ratis.grpc.server.GrpcServerProtocolClient.requestVote(GrpcServerProtocolClient.java:99)
	at org.apache.ratis.grpc.server.GrpcService.requestVote(GrpcService.java:204)
	at org.apache.ratis.server.impl.LeaderElection.lambda$submitRequests$1(LeaderElection.java:234)
	at java.util.concurrent.FutureTask.run(FutureTask.java:266)
	at java.util.concurrent.Executors$RunnableAdapter.call(Executors.java:511)
	at java.util.concurrent.FutureTask.run(FutureTask.java:266)
	at java.util.concurrent.ThreadPoolExecutor.runWorker(ThreadPoolExecutor.java:1149)
	at java.util.concurrent.ThreadPoolExecutor$Worker.run(ThreadPoolExecutor.java:624)
	... 1 more
Caused by: org.apache.ratis.thirdparty.io.netty.channel.AbstractChannel$AnnotatedConnectException: Connection refused: /192.168.164.233:46080
	at sun.nio.ch.SocketChannelImpl.checkConnect(Native Method)
	at sun.nio.ch.SocketChannelImpl.finishConnect(SocketChannelImpl.java:717)
	at org.apache.ratis.thirdparty.io.netty.channel.socket.nio.NioSocketChannel.doFinishConnect(NioSocketChannel.java:327)
	at org.apache.ratis.thirdparty.io.netty.channel.nio.AbstractNioChannel$AbstractNioUnsafe.finishConnect(AbstractNioChannel.java:340)
	at org.apache.ratis.thirdparty.io.netty.channel.nio.NioEventLoop.processSelectedKey(NioEventLoop.java:632)
	at org.apache.ratis.thirdparty.io.netty.channel.nio.NioEventLoop.processSelectedKeysOptimized(NioEventLoop.java:579)
	at org.apache.ratis.thirdparty.io.netty.channel.nio.NioEventLoop.processSelectedKeys(NioEventLoop.java:496)
	at org.apache.ratis.thirdparty.io.netty.channel.nio.NioEventLoop.run(NioEventLoop.java:458)
	at org.apache.ratis.thirdparty.io.netty.util.concurrent.SingleThreadEventExecutor$5.run(SingleThreadEventExecutor.java:897)
	at org.apache.ratis.thirdparty.io.netty.util.concurrent.FastThreadLocalRunnable.run(FastThreadLocalRunnable.java:30)
	... 1 more
Caused by: java.net.ConnectException: Connection refused
	... 11 more
2019-10-18 14:30:40,140 [681edbc6-a1fc-42a4-b5ce-4922820de60a@group-FD33B9583E3C-LeaderElection168] INFO  impl.RaftServerImpl (RaftServerImpl.java:setRole(184)) - 681edbc6-a1fc-42a4-b5ce-4922820de60a@group-FD33B9583E3C: changes role from CANDIDATE to FOLLOWER at term 168 for DISCOVERED_A_NEW_TERM
2019-10-18 14:30:40,140 [681edbc6-a1fc-42a4-b5ce-4922820de60a@group-FD33B9583E3C-LeaderElection168] INFO  impl.RoleInfo (RoleInfo.java:shutdownLeaderElection(134)) - 681edbc6-a1fc-42a4-b5ce-4922820de60a: shutdown LeaderElection
2019-10-18 14:30:40,140 [681edbc6-a1fc-42a4-b5ce-4922820de60a@group-FD33B9583E3C-LeaderElection168] INFO  impl.RoleInfo (RoleInfo.java:updateAndGet(143)) - 681edbc6-a1fc-42a4-b5ce-4922820de60a: start FollowerState
2019-10-18 14:30:40,217 [java.util.concurrent.ThreadPoolExecutor$Worker@4efed47c[State = -1, empty queue]] WARN  server.GrpcLogAppender (GrpcLogAppender.java:timeoutAppendRequest(209)) - 46c14060-ea78-4b5a-b57c-064e4766b234@group-45DBFE4B8A65->a4757974-e77e-4a1a-a400-c32fe273093a-GrpcLogAppender: appendEntries Timeout, request=46c14060-ea78-4b5a-b57c-064e4766b234->a4757974-e77e-4a1a-a400-c32fe273093a#43-t3, previous=(t:3, i:4), leaderCommit=4, initializing? false, entries: <empty>
2019-10-18 14:30:40,217 [java.util.concurrent.ThreadPoolExecutor$Worker@108d80c3[State = -1, empty queue]] WARN  server.GrpcLogAppender (GrpcLogAppender.java:timeoutAppendRequest(209)) - 46c14060-ea78-4b5a-b57c-064e4766b234@group-45DBFE4B8A65->55013cf6-f41f-4339-a52c-06c119893914-GrpcLogAppender: appendEntries Timeout, request=46c14060-ea78-4b5a-b57c-064e4766b234->55013cf6-f41f-4339-a52c-06c119893914#43-t3, previous=(t:3, i:4), leaderCommit=4, initializing? false, entries: <empty>
2019-10-18 14:30:40,326 [Thread-1630] INFO  impl.FollowerState (FollowerState.java:run(108)) - 681edbc6-a1fc-42a4-b5ce-4922820de60a@group-FD33B9583E3C-FollowerState: change to CANDIDATE, lastRpcTime:185ms, electionTimeout:185ms
2019-10-18 14:30:40,326 [Thread-1630] INFO  impl.RoleInfo (RoleInfo.java:shutdownFollowerState(121)) - 681edbc6-a1fc-42a4-b5ce-4922820de60a: shutdown FollowerState
2019-10-18 14:30:40,326 [Thread-1630] INFO  impl.RaftServerImpl (RaftServerImpl.java:setRole(184)) - 681edbc6-a1fc-42a4-b5ce-4922820de60a@group-FD33B9583E3C: changes role from  FOLLOWER to CANDIDATE at term 168 for changeToCandidate
2019-10-18 14:30:40,326 [Thread-1630] INFO  impl.RoleInfo (RoleInfo.java:updateAndGet(143)) - 681edbc6-a1fc-42a4-b5ce-4922820de60a: start LeaderElection
2019-10-18 14:30:40,339 [681edbc6-a1fc-42a4-b5ce-4922820de60a@group-FD33B9583E3C-LeaderElection169] INFO  impl.LeaderElection (LeaderElection.java:askForVotes(178)) - 681edbc6-a1fc-42a4-b5ce-4922820de60a@group-FD33B9583E3C-LeaderElection169: begin an election at term 169 for -1: [3ee7b367-7b16-44e1-99f8-43aefeda0876:192.168.164.233:46080, 681edbc6-a1fc-42a4-b5ce-4922820de60a:192.168.164.233:44267, 773cce60-eeca-4c1f-a5ec-70084be8b6b9:192.168.164.233:38729], old=null
2019-10-18 14:30:40,340 [681edbc6-a1fc-42a4-b5ce-4922820de60a@group-FD33B9583E3C-LeaderElection169] INFO  impl.LeaderElection (LogUtils.java:infoOrTrace(149)) - 681edbc6-a1fc-42a4-b5ce-4922820de60a@group-FD33B9583E3C-LeaderElection169 got exception when requesting votes: {}
java.util.concurrent.ExecutionException: org.apache.ratis.thirdparty.io.grpc.StatusRuntimeException: UNAVAILABLE: io exception
	at java.util.concurrent.FutureTask.report(FutureTask.java:122)
	at java.util.concurrent.FutureTask.get(FutureTask.java:192)
	at org.apache.ratis.server.impl.LeaderElection.waitForResults(LeaderElection.java:259)
	at org.apache.ratis.server.impl.LeaderElection.askForVotes(LeaderElection.java:197)
	at org.apache.ratis.server.impl.LeaderElection.run(LeaderElection.java:133)
	at java.lang.Thread.run(Thread.java:748)
Caused by: org.apache.ratis.thirdparty.io.grpc.StatusRuntimeException: UNAVAILABLE: io exception
	at org.apache.ratis.thirdparty.io.grpc.stub.ClientCalls.toStatusRuntimeException(ClientCalls.java:233)
	at org.apache.ratis.thirdparty.io.grpc.stub.ClientCalls.getUnchecked(ClientCalls.java:214)
	at org.apache.ratis.thirdparty.io.grpc.stub.ClientCalls.blockingUnaryCall(ClientCalls.java:139)
	at org.apache.ratis.proto.grpc.RaftServerProtocolServiceGrpc$RaftServerProtocolServiceBlockingStub.requestVote(RaftServerProtocolServiceGrpc.java:265)
	at org.apache.ratis.grpc.server.GrpcServerProtocolClient.requestVote(GrpcServerProtocolClient.java:99)
	at org.apache.ratis.grpc.server.GrpcService.requestVote(GrpcService.java:204)
	at org.apache.ratis.server.impl.LeaderElection.lambda$submitRequests$1(LeaderElection.java:234)
	at java.util.concurrent.FutureTask.run(FutureTask.java:266)
	at java.util.concurrent.Executors$RunnableAdapter.call(Executors.java:511)
	at java.util.concurrent.FutureTask.run(FutureTask.java:266)
	at java.util.concurrent.ThreadPoolExecutor.runWorker(ThreadPoolExecutor.java:1149)
	at java.util.concurrent.ThreadPoolExecutor$Worker.run(ThreadPoolExecutor.java:624)
	... 1 more
Caused by: org.apache.ratis.thirdparty.io.netty.channel.AbstractChannel$AnnotatedConnectException: Connection refused: /192.168.164.233:38729
	at sun.nio.ch.SocketChannelImpl.checkConnect(Native Method)
	at sun.nio.ch.SocketChannelImpl.finishConnect(SocketChannelImpl.java:717)
	at org.apache.ratis.thirdparty.io.netty.channel.socket.nio.NioSocketChannel.doFinishConnect(NioSocketChannel.java:327)
	at org.apache.ratis.thirdparty.io.netty.channel.nio.AbstractNioChannel$AbstractNioUnsafe.finishConnect(AbstractNioChannel.java:340)
	at org.apache.ratis.thirdparty.io.netty.channel.nio.NioEventLoop.processSelectedKey(NioEventLoop.java:632)
	at org.apache.ratis.thirdparty.io.netty.channel.nio.NioEventLoop.processSelectedKeysOptimized(NioEventLoop.java:579)
	at org.apache.ratis.thirdparty.io.netty.channel.nio.NioEventLoop.processSelectedKeys(NioEventLoop.java:496)
	at org.apache.ratis.thirdparty.io.netty.channel.nio.NioEventLoop.run(NioEventLoop.java:458)
	at org.apache.ratis.thirdparty.io.netty.util.concurrent.SingleThreadEventExecutor$5.run(SingleThreadEventExecutor.java:897)
	at org.apache.ratis.thirdparty.io.netty.util.concurrent.FastThreadLocalRunnable.run(FastThreadLocalRunnable.java:30)
	... 1 more
Caused by: java.net.ConnectException: Connection refused
	... 11 more
2019-10-18 14:30:40,343 [681edbc6-a1fc-42a4-b5ce-4922820de60a@group-FD33B9583E3C-LeaderElection169] INFO  impl.LeaderElection (LogUtils.java:infoOrTrace(149)) - 681edbc6-a1fc-42a4-b5ce-4922820de60a@group-FD33B9583E3C-LeaderElection169 got exception when requesting votes: {}
java.util.concurrent.ExecutionException: org.apache.ratis.thirdparty.io.grpc.StatusRuntimeException: UNAVAILABLE: io exception
	at java.util.concurrent.FutureTask.report(FutureTask.java:122)
	at java.util.concurrent.FutureTask.get(FutureTask.java:192)
	at org.apache.ratis.server.impl.LeaderElection.waitForResults(LeaderElection.java:259)
	at org.apache.ratis.server.impl.LeaderElection.askForVotes(LeaderElection.java:197)
	at org.apache.ratis.server.impl.LeaderElection.run(LeaderElection.java:133)
	at java.lang.Thread.run(Thread.java:748)
Caused by: org.apache.ratis.thirdparty.io.grpc.StatusRuntimeException: UNAVAILABLE: io exception
	at org.apache.ratis.thirdparty.io.grpc.stub.ClientCalls.toStatusRuntimeException(ClientCalls.java:233)
	at org.apache.ratis.thirdparty.io.grpc.stub.ClientCalls.getUnchecked(ClientCalls.java:214)
	at org.apache.ratis.thirdparty.io.grpc.stub.ClientCalls.blockingUnaryCall(ClientCalls.java:139)
	at org.apache.ratis.proto.grpc.RaftServerProtocolServiceGrpc$RaftServerProtocolServiceBlockingStub.requestVote(RaftServerProtocolServiceGrpc.java:265)
	at org.apache.ratis.grpc.server.GrpcServerProtocolClient.requestVote(GrpcServerProtocolClient.java:99)
	at org.apache.ratis.grpc.server.GrpcService.requestVote(GrpcService.java:204)
	at org.apache.ratis.server.impl.LeaderElection.lambda$submitRequests$1(LeaderElection.java:234)
	at java.util.concurrent.FutureTask.run(FutureTask.java:266)
	at java.util.concurrent.Executors$RunnableAdapter.call(Executors.java:511)
	at java.util.concurrent.FutureTask.run(FutureTask.java:266)
	at java.util.concurrent.ThreadPoolExecutor.runWorker(ThreadPoolExecutor.java:1149)
	at java.util.concurrent.ThreadPoolExecutor$Worker.run(ThreadPoolExecutor.java:624)
	... 1 more
Caused by: org.apache.ratis.thirdparty.io.netty.channel.AbstractChannel$AnnotatedConnectException: Connection refused: /192.168.164.233:46080
	at sun.nio.ch.SocketChannelImpl.checkConnect(Native Method)
	at sun.nio.ch.SocketChannelImpl.finishConnect(SocketChannelImpl.java:717)
	at org.apache.ratis.thirdparty.io.netty.channel.socket.nio.NioSocketChannel.doFinishConnect(NioSocketChannel.java:327)
	at org.apache.ratis.thirdparty.io.netty.channel.nio.AbstractNioChannel$AbstractNioUnsafe.finishConnect(AbstractNioChannel.java:340)
	at org.apache.ratis.thirdparty.io.netty.channel.nio.NioEventLoop.processSelectedKey(NioEventLoop.java:632)
	at org.apache.ratis.thirdparty.io.netty.channel.nio.NioEventLoop.processSelectedKeysOptimized(NioEventLoop.java:579)
	at org.apache.ratis.thirdparty.io.netty.channel.nio.NioEventLoop.processSelectedKeys(NioEventLoop.java:496)
	at org.apache.ratis.thirdparty.io.netty.channel.nio.NioEventLoop.run(NioEventLoop.java:458)
	at org.apache.ratis.thirdparty.io.netty.util.concurrent.SingleThreadEventExecutor$5.run(SingleThreadEventExecutor.java:897)
	at org.apache.ratis.thirdparty.io.netty.util.concurrent.FastThreadLocalRunnable.run(FastThreadLocalRunnable.java:30)
	... 1 more
Caused by: java.net.ConnectException: Connection refused
	... 11 more
2019-10-18 14:30:40,346 [681edbc6-a1fc-42a4-b5ce-4922820de60a@group-FD33B9583E3C-LeaderElection169] INFO  impl.LeaderElection (LeaderElection.java:logAndReturn(56)) - 681edbc6-a1fc-42a4-b5ce-4922820de60a@group-FD33B9583E3C-LeaderElection169: Election REJECTED; received 0 response(s) [] and 2 exception(s); 681edbc6-a1fc-42a4-b5ce-4922820de60a@group-FD33B9583E3C:t169, leader=null, voted=681edbc6-a1fc-42a4-b5ce-4922820de60a, raftlog=681edbc6-a1fc-42a4-b5ce-4922820de60a@group-FD33B9583E3C-SegmentedRaftLog:OPENED:c-1,f-1,i0, conf=-1: [3ee7b367-7b16-44e1-99f8-43aefeda0876:192.168.164.233:46080, 681edbc6-a1fc-42a4-b5ce-4922820de60a:192.168.164.233:44267, 773cce60-eeca-4c1f-a5ec-70084be8b6b9:192.168.164.233:38729], old=null
2019-10-18 14:30:40,346 [681edbc6-a1fc-42a4-b5ce-4922820de60a@group-FD33B9583E3C-LeaderElection169] INFO  impl.LeaderElection (LogUtils.java:infoOrTrace(149)) -   Exception 0: {}
java.util.concurrent.ExecutionException: org.apache.ratis.thirdparty.io.grpc.StatusRuntimeException: UNAVAILABLE: io exception
	at java.util.concurrent.FutureTask.report(FutureTask.java:122)
	at java.util.concurrent.FutureTask.get(FutureTask.java:192)
	at org.apache.ratis.server.impl.LeaderElection.waitForResults(LeaderElection.java:259)
	at org.apache.ratis.server.impl.LeaderElection.askForVotes(LeaderElection.java:197)
	at org.apache.ratis.server.impl.LeaderElection.run(LeaderElection.java:133)
	at java.lang.Thread.run(Thread.java:748)
Caused by: org.apache.ratis.thirdparty.io.grpc.StatusRuntimeException: UNAVAILABLE: io exception
	at org.apache.ratis.thirdparty.io.grpc.stub.ClientCalls.toStatusRuntimeException(ClientCalls.java:233)
	at org.apache.ratis.thirdparty.io.grpc.stub.ClientCalls.getUnchecked(ClientCalls.java:214)
	at org.apache.ratis.thirdparty.io.grpc.stub.ClientCalls.blockingUnaryCall(ClientCalls.java:139)
	at org.apache.ratis.proto.grpc.RaftServerProtocolServiceGrpc$RaftServerProtocolServiceBlockingStub.requestVote(RaftServerProtocolServiceGrpc.java:265)
	at org.apache.ratis.grpc.server.GrpcServerProtocolClient.requestVote(GrpcServerProtocolClient.java:99)
	at org.apache.ratis.grpc.server.GrpcService.requestVote(GrpcService.java:204)
	at org.apache.ratis.server.impl.LeaderElection.lambda$submitRequests$1(LeaderElection.java:234)
	at java.util.concurrent.FutureTask.run(FutureTask.java:266)
	at java.util.concurrent.Executors$RunnableAdapter.call(Executors.java:511)
	at java.util.concurrent.FutureTask.run(FutureTask.java:266)
	at java.util.concurrent.ThreadPoolExecutor.runWorker(ThreadPoolExecutor.java:1149)
	at java.util.concurrent.ThreadPoolExecutor$Worker.run(ThreadPoolExecutor.java:624)
	... 1 more
Caused by: org.apache.ratis.thirdparty.io.netty.channel.AbstractChannel$AnnotatedConnectException: Connection refused: /192.168.164.233:38729
	at sun.nio.ch.SocketChannelImpl.checkConnect(Native Method)
	at sun.nio.ch.SocketChannelImpl.finishConnect(SocketChannelImpl.java:717)
	at org.apache.ratis.thirdparty.io.netty.channel.socket.nio.NioSocketChannel.doFinishConnect(NioSocketChannel.java:327)
	at org.apache.ratis.thirdparty.io.netty.channel.nio.AbstractNioChannel$AbstractNioUnsafe.finishConnect(AbstractNioChannel.java:340)
	at org.apache.ratis.thirdparty.io.netty.channel.nio.NioEventLoop.processSelectedKey(NioEventLoop.java:632)
	at org.apache.ratis.thirdparty.io.netty.channel.nio.NioEventLoop.processSelectedKeysOptimized(NioEventLoop.java:579)
	at org.apache.ratis.thirdparty.io.netty.channel.nio.NioEventLoop.processSelectedKeys(NioEventLoop.java:496)
	at org.apache.ratis.thirdparty.io.netty.channel.nio.NioEventLoop.run(NioEventLoop.java:458)
	at org.apache.ratis.thirdparty.io.netty.util.concurrent.SingleThreadEventExecutor$5.run(SingleThreadEventExecutor.java:897)
	at org.apache.ratis.thirdparty.io.netty.util.concurrent.FastThreadLocalRunnable.run(FastThreadLocalRunnable.java:30)
	... 1 more
Caused by: java.net.ConnectException: Connection refused
	... 11 more
2019-10-18 14:30:40,346 [681edbc6-a1fc-42a4-b5ce-4922820de60a@group-FD33B9583E3C-LeaderElection169] INFO  impl.LeaderElection (LogUtils.java:infoOrTrace(149)) -   Exception 1: {}
java.util.concurrent.ExecutionException: org.apache.ratis.thirdparty.io.grpc.StatusRuntimeException: UNAVAILABLE: io exception
	at java.util.concurrent.FutureTask.report(FutureTask.java:122)
	at java.util.concurrent.FutureTask.get(FutureTask.java:192)
	at org.apache.ratis.server.impl.LeaderElection.waitForResults(LeaderElection.java:259)
	at org.apache.ratis.server.impl.LeaderElection.askForVotes(LeaderElection.java:197)
	at org.apache.ratis.server.impl.LeaderElection.run(LeaderElection.java:133)
	at java.lang.Thread.run(Thread.java:748)
Caused by: org.apache.ratis.thirdparty.io.grpc.StatusRuntimeException: UNAVAILABLE: io exception
	at org.apache.ratis.thirdparty.io.grpc.stub.ClientCalls.toStatusRuntimeException(ClientCalls.java:233)
	at org.apache.ratis.thirdparty.io.grpc.stub.ClientCalls.getUnchecked(ClientCalls.java:214)
	at org.apache.ratis.thirdparty.io.grpc.stub.ClientCalls.blockingUnaryCall(ClientCalls.java:139)
	at org.apache.ratis.proto.grpc.RaftServerProtocolServiceGrpc$RaftServerProtocolServiceBlockingStub.requestVote(RaftServerProtocolServiceGrpc.java:265)
	at org.apache.ratis.grpc.server.GrpcServerProtocolClient.requestVote(GrpcServerProtocolClient.java:99)
	at org.apache.ratis.grpc.server.GrpcService.requestVote(GrpcService.java:204)
	at org.apache.ratis.server.impl.LeaderElection.lambda$submitRequests$1(LeaderElection.java:234)
	at java.util.concurrent.FutureTask.run(FutureTask.java:266)
	at java.util.concurrent.Executors$RunnableAdapter.call(Executors.java:511)
	at java.util.concurrent.FutureTask.run(FutureTask.java:266)
	at java.util.concurrent.ThreadPoolExecutor.runWorker(ThreadPoolExecutor.java:1149)
	at java.util.concurrent.ThreadPoolExecutor$Worker.run(ThreadPoolExecutor.java:624)
	... 1 more
Caused by: org.apache.ratis.thirdparty.io.netty.channel.AbstractChannel$AnnotatedConnectException: Connection refused: /192.168.164.233:46080
	at sun.nio.ch.SocketChannelImpl.checkConnect(Native Method)
	at sun.nio.ch.SocketChannelImpl.finishConnect(SocketChannelImpl.java:717)
	at org.apache.ratis.thirdparty.io.netty.channel.socket.nio.NioSocketChannel.doFinishConnect(NioSocketChannel.java:327)
	at org.apache.ratis.thirdparty.io.netty.channel.nio.AbstractNioChannel$AbstractNioUnsafe.finishConnect(AbstractNioChannel.java:340)
	at org.apache.ratis.thirdparty.io.netty.channel.nio.NioEventLoop.processSelectedKey(NioEventLoop.java:632)
	at org.apache.ratis.thirdparty.io.netty.channel.nio.NioEventLoop.processSelectedKeysOptimized(NioEventLoop.java:579)
	at org.apache.ratis.thirdparty.io.netty.channel.nio.NioEventLoop.processSelectedKeys(NioEventLoop.java:496)
	at org.apache.ratis.thirdparty.io.netty.channel.nio.NioEventLoop.run(NioEventLoop.java:458)
	at org.apache.ratis.thirdparty.io.netty.util.concurrent.SingleThreadEventExecutor$5.run(SingleThreadEventExecutor.java:897)
	at org.apache.ratis.thirdparty.io.netty.util.concurrent.FastThreadLocalRunnable.run(FastThreadLocalRunnable.java:30)
	... 1 more
Caused by: java.net.ConnectException: Connection refused
	... 11 more
2019-10-18 14:30:40,347 [681edbc6-a1fc-42a4-b5ce-4922820de60a@group-FD33B9583E3C-LeaderElection169] INFO  impl.RaftServerImpl (RaftServerImpl.java:setRole(184)) - 681edbc6-a1fc-42a4-b5ce-4922820de60a@group-FD33B9583E3C: changes role from CANDIDATE to FOLLOWER at term 169 for DISCOVERED_A_NEW_TERM
2019-10-18 14:30:40,347 [681edbc6-a1fc-42a4-b5ce-4922820de60a@group-FD33B9583E3C-LeaderElection169] INFO  impl.RoleInfo (RoleInfo.java:shutdownLeaderElection(134)) - 681edbc6-a1fc-42a4-b5ce-4922820de60a: shutdown LeaderElection
2019-10-18 14:30:40,347 [681edbc6-a1fc-42a4-b5ce-4922820de60a@group-FD33B9583E3C-LeaderElection169] INFO  impl.RoleInfo (RoleInfo.java:updateAndGet(143)) - 681edbc6-a1fc-42a4-b5ce-4922820de60a: start FollowerState
2019-10-18 14:30:40,529 [Thread-1634] INFO  impl.FollowerState (FollowerState.java:run(108)) - 681edbc6-a1fc-42a4-b5ce-4922820de60a@group-FD33B9583E3C-FollowerState: change to CANDIDATE, lastRpcTime:182ms, electionTimeout:182ms
2019-10-18 14:30:40,530 [Thread-1634] INFO  impl.RoleInfo (RoleInfo.java:shutdownFollowerState(121)) - 681edbc6-a1fc-42a4-b5ce-4922820de60a: shutdown FollowerState
2019-10-18 14:30:40,530 [Thread-1634] INFO  impl.RaftServerImpl (RaftServerImpl.java:setRole(184)) - 681edbc6-a1fc-42a4-b5ce-4922820de60a@group-FD33B9583E3C: changes role from  FOLLOWER to CANDIDATE at term 169 for changeToCandidate
2019-10-18 14:30:40,530 [Thread-1634] INFO  impl.RoleInfo (RoleInfo.java:updateAndGet(143)) - 681edbc6-a1fc-42a4-b5ce-4922820de60a: start LeaderElection
2019-10-18 14:30:40,543 [681edbc6-a1fc-42a4-b5ce-4922820de60a@group-FD33B9583E3C-LeaderElection170] INFO  impl.LeaderElection (LeaderElection.java:askForVotes(178)) - 681edbc6-a1fc-42a4-b5ce-4922820de60a@group-FD33B9583E3C-LeaderElection170: begin an election at term 170 for -1: [3ee7b367-7b16-44e1-99f8-43aefeda0876:192.168.164.233:46080, 681edbc6-a1fc-42a4-b5ce-4922820de60a:192.168.164.233:44267, 773cce60-eeca-4c1f-a5ec-70084be8b6b9:192.168.164.233:38729], old=null
2019-10-18 14:30:40,544 [681edbc6-a1fc-42a4-b5ce-4922820de60a@group-FD33B9583E3C-LeaderElection170] INFO  impl.LeaderElection (LogUtils.java:infoOrTrace(149)) - 681edbc6-a1fc-42a4-b5ce-4922820de60a@group-FD33B9583E3C-LeaderElection170 got exception when requesting votes: {}
java.util.concurrent.ExecutionException: org.apache.ratis.thirdparty.io.grpc.StatusRuntimeException: UNAVAILABLE: io exception
	at java.util.concurrent.FutureTask.report(FutureTask.java:122)
	at java.util.concurrent.FutureTask.get(FutureTask.java:192)
	at org.apache.ratis.server.impl.LeaderElection.waitForResults(LeaderElection.java:259)
	at org.apache.ratis.server.impl.LeaderElection.askForVotes(LeaderElection.java:197)
	at org.apache.ratis.server.impl.LeaderElection.run(LeaderElection.java:133)
	at java.lang.Thread.run(Thread.java:748)
Caused by: org.apache.ratis.thirdparty.io.grpc.StatusRuntimeException: UNAVAILABLE: io exception
	at org.apache.ratis.thirdparty.io.grpc.stub.ClientCalls.toStatusRuntimeException(ClientCalls.java:233)
	at org.apache.ratis.thirdparty.io.grpc.stub.ClientCalls.getUnchecked(ClientCalls.java:214)
	at org.apache.ratis.thirdparty.io.grpc.stub.ClientCalls.blockingUnaryCall(ClientCalls.java:139)
	at org.apache.ratis.proto.grpc.RaftServerProtocolServiceGrpc$RaftServerProtocolServiceBlockingStub.requestVote(RaftServerProtocolServiceGrpc.java:265)
	at org.apache.ratis.grpc.server.GrpcServerProtocolClient.requestVote(GrpcServerProtocolClient.java:99)
	at org.apache.ratis.grpc.server.GrpcService.requestVote(GrpcService.java:204)
	at org.apache.ratis.server.impl.LeaderElection.lambda$submitRequests$1(LeaderElection.java:234)
	at java.util.concurrent.FutureTask.run(FutureTask.java:266)
	at java.util.concurrent.Executors$RunnableAdapter.call(Executors.java:511)
	at java.util.concurrent.FutureTask.run(FutureTask.java:266)
	at java.util.concurrent.ThreadPoolExecutor.runWorker(ThreadPoolExecutor.java:1149)
	at java.util.concurrent.ThreadPoolExecutor$Worker.run(ThreadPoolExecutor.java:624)
	... 1 more
Caused by: org.apache.ratis.thirdparty.io.netty.channel.AbstractChannel$AnnotatedConnectException: Connection refused: /192.168.164.233:46080
	at sun.nio.ch.SocketChannelImpl.checkConnect(Native Method)
	at sun.nio.ch.SocketChannelImpl.finishConnect(SocketChannelImpl.java:717)
	at org.apache.ratis.thirdparty.io.netty.channel.socket.nio.NioSocketChannel.doFinishConnect(NioSocketChannel.java:327)
	at org.apache.ratis.thirdparty.io.netty.channel.nio.AbstractNioChannel$AbstractNioUnsafe.finishConnect(AbstractNioChannel.java:340)
	at org.apache.ratis.thirdparty.io.netty.channel.nio.NioEventLoop.processSelectedKey(NioEventLoop.java:632)
	at org.apache.ratis.thirdparty.io.netty.channel.nio.NioEventLoop.processSelectedKeysOptimized(NioEventLoop.java:579)
	at org.apache.ratis.thirdparty.io.netty.channel.nio.NioEventLoop.processSelectedKeys(NioEventLoop.java:496)
	at org.apache.ratis.thirdparty.io.netty.channel.nio.NioEventLoop.run(NioEventLoop.java:458)
	at org.apache.ratis.thirdparty.io.netty.util.concurrent.SingleThreadEventExecutor$5.run(SingleThreadEventExecutor.java:897)
	at org.apache.ratis.thirdparty.io.netty.util.concurrent.FastThreadLocalRunnable.run(FastThreadLocalRunnable.java:30)
	... 1 more
Caused by: java.net.ConnectException: Connection refused
	... 11 more
2019-10-18 14:30:40,546 [681edbc6-a1fc-42a4-b5ce-4922820de60a@group-FD33B9583E3C-LeaderElection170] INFO  impl.LeaderElection (LogUtils.java:infoOrTrace(149)) - 681edbc6-a1fc-42a4-b5ce-4922820de60a@group-FD33B9583E3C-LeaderElection170 got exception when requesting votes: {}
java.util.concurrent.ExecutionException: org.apache.ratis.thirdparty.io.grpc.StatusRuntimeException: UNAVAILABLE: io exception
	at java.util.concurrent.FutureTask.report(FutureTask.java:122)
	at java.util.concurrent.FutureTask.get(FutureTask.java:192)
	at org.apache.ratis.server.impl.LeaderElection.waitForResults(LeaderElection.java:259)
	at org.apache.ratis.server.impl.LeaderElection.askForVotes(LeaderElection.java:197)
	at org.apache.ratis.server.impl.LeaderElection.run(LeaderElection.java:133)
	at java.lang.Thread.run(Thread.java:748)
Caused by: org.apache.ratis.thirdparty.io.grpc.StatusRuntimeException: UNAVAILABLE: io exception
	at org.apache.ratis.thirdparty.io.grpc.stub.ClientCalls.toStatusRuntimeException(ClientCalls.java:233)
	at org.apache.ratis.thirdparty.io.grpc.stub.ClientCalls.getUnchecked(ClientCalls.java:214)
	at org.apache.ratis.thirdparty.io.grpc.stub.ClientCalls.blockingUnaryCall(ClientCalls.java:139)
	at org.apache.ratis.proto.grpc.RaftServerProtocolServiceGrpc$RaftServerProtocolServiceBlockingStub.requestVote(RaftServerProtocolServiceGrpc.java:265)
	at org.apache.ratis.grpc.server.GrpcServerProtocolClient.requestVote(GrpcServerProtocolClient.java:99)
	at org.apache.ratis.grpc.server.GrpcService.requestVote(GrpcService.java:204)
	at org.apache.ratis.server.impl.LeaderElection.lambda$submitRequests$1(LeaderElection.java:234)
	at java.util.concurrent.FutureTask.run(FutureTask.java:266)
	at java.util.concurrent.Executors$RunnableAdapter.call(Executors.java:511)
	at java.util.concurrent.FutureTask.run(FutureTask.java:266)
	at java.util.concurrent.ThreadPoolExecutor.runWorker(ThreadPoolExecutor.java:1149)
	at java.util.concurrent.ThreadPoolExecutor$Worker.run(ThreadPoolExecutor.java:624)
	... 1 more
Caused by: org.apache.ratis.thirdparty.io.netty.channel.AbstractChannel$AnnotatedConnectException: Connection refused: /192.168.164.233:38729
	at sun.nio.ch.SocketChannelImpl.checkConnect(Native Method)
	at sun.nio.ch.SocketChannelImpl.finishConnect(SocketChannelImpl.java:717)
	at org.apache.ratis.thirdparty.io.netty.channel.socket.nio.NioSocketChannel.doFinishConnect(NioSocketChannel.java:327)
	at org.apache.ratis.thirdparty.io.netty.channel.nio.AbstractNioChannel$AbstractNioUnsafe.finishConnect(AbstractNioChannel.java:340)
	at org.apache.ratis.thirdparty.io.netty.channel.nio.NioEventLoop.processSelectedKey(NioEventLoop.java:632)
	at org.apache.ratis.thirdparty.io.netty.channel.nio.NioEventLoop.processSelectedKeysOptimized(NioEventLoop.java:579)
	at org.apache.ratis.thirdparty.io.netty.channel.nio.NioEventLoop.processSelectedKeys(NioEventLoop.java:496)
	at org.apache.ratis.thirdparty.io.netty.channel.nio.NioEventLoop.run(NioEventLoop.java:458)
	at org.apache.ratis.thirdparty.io.netty.util.concurrent.SingleThreadEventExecutor$5.run(SingleThreadEventExecutor.java:897)
	at org.apache.ratis.thirdparty.io.netty.util.concurrent.FastThreadLocalRunnable.run(FastThreadLocalRunnable.java:30)
	... 1 more
Caused by: java.net.ConnectException: Connection refused
	... 11 more
2019-10-18 14:30:40,547 [681edbc6-a1fc-42a4-b5ce-4922820de60a@group-FD33B9583E3C-LeaderElection170] INFO  impl.LeaderElection (LeaderElection.java:logAndReturn(56)) - 681edbc6-a1fc-42a4-b5ce-4922820de60a@group-FD33B9583E3C-LeaderElection170: Election REJECTED; received 0 response(s) [] and 2 exception(s); 681edbc6-a1fc-42a4-b5ce-4922820de60a@group-FD33B9583E3C:t170, leader=null, voted=681edbc6-a1fc-42a4-b5ce-4922820de60a, raftlog=681edbc6-a1fc-42a4-b5ce-4922820de60a@group-FD33B9583E3C-SegmentedRaftLog:OPENED:c-1,f-1,i0, conf=-1: [3ee7b367-7b16-44e1-99f8-43aefeda0876:192.168.164.233:46080, 681edbc6-a1fc-42a4-b5ce-4922820de60a:192.168.164.233:44267, 773cce60-eeca-4c1f-a5ec-70084be8b6b9:192.168.164.233:38729], old=null
2019-10-18 14:30:40,547 [681edbc6-a1fc-42a4-b5ce-4922820de60a@group-FD33B9583E3C-LeaderElection170] INFO  impl.LeaderElection (LogUtils.java:infoOrTrace(149)) -   Exception 0: {}
java.util.concurrent.ExecutionException: org.apache.ratis.thirdparty.io.grpc.StatusRuntimeException: UNAVAILABLE: io exception
	at java.util.concurrent.FutureTask.report(FutureTask.java:122)
	at java.util.concurrent.FutureTask.get(FutureTask.java:192)
	at org.apache.ratis.server.impl.LeaderElection.waitForResults(LeaderElection.java:259)
	at org.apache.ratis.server.impl.LeaderElection.askForVotes(LeaderElection.java:197)
	at org.apache.ratis.server.impl.LeaderElection.run(LeaderElection.java:133)
	at java.lang.Thread.run(Thread.java:748)
Caused by: org.apache.ratis.thirdparty.io.grpc.StatusRuntimeException: UNAVAILABLE: io exception
	at org.apache.ratis.thirdparty.io.grpc.stub.ClientCalls.toStatusRuntimeException(ClientCalls.java:233)
	at org.apache.ratis.thirdparty.io.grpc.stub.ClientCalls.getUnchecked(ClientCalls.java:214)
	at org.apache.ratis.thirdparty.io.grpc.stub.ClientCalls.blockingUnaryCall(ClientCalls.java:139)
	at org.apache.ratis.proto.grpc.RaftServerProtocolServiceGrpc$RaftServerProtocolServiceBlockingStub.requestVote(RaftServerProtocolServiceGrpc.java:265)
	at org.apache.ratis.grpc.server.GrpcServerProtocolClient.requestVote(GrpcServerProtocolClient.java:99)
	at org.apache.ratis.grpc.server.GrpcService.requestVote(GrpcService.java:204)
	at org.apache.ratis.server.impl.LeaderElection.lambda$submitRequests$1(LeaderElection.java:234)
	at java.util.concurrent.FutureTask.run(FutureTask.java:266)
	at java.util.concurrent.Executors$RunnableAdapter.call(Executors.java:511)
	at java.util.concurrent.FutureTask.run(FutureTask.java:266)
	at java.util.concurrent.ThreadPoolExecutor.runWorker(ThreadPoolExecutor.java:1149)
	at java.util.concurrent.ThreadPoolExecutor$Worker.run(ThreadPoolExecutor.java:624)
	... 1 more
Caused by: org.apache.ratis.thirdparty.io.netty.channel.AbstractChannel$AnnotatedConnectException: Connection refused: /192.168.164.233:46080
	at sun.nio.ch.SocketChannelImpl.checkConnect(Native Method)
	at sun.nio.ch.SocketChannelImpl.finishConnect(SocketChannelImpl.java:717)
	at org.apache.ratis.thirdparty.io.netty.channel.socket.nio.NioSocketChannel.doFinishConnect(NioSocketChannel.java:327)
	at org.apache.ratis.thirdparty.io.netty.channel.nio.AbstractNioChannel$AbstractNioUnsafe.finishConnect(AbstractNioChannel.java:340)
	at org.apache.ratis.thirdparty.io.netty.channel.nio.NioEventLoop.processSelectedKey(NioEventLoop.java:632)
	at org.apache.ratis.thirdparty.io.netty.channel.nio.NioEventLoop.processSelectedKeysOptimized(NioEventLoop.java:579)
	at org.apache.ratis.thirdparty.io.netty.channel.nio.NioEventLoop.processSelectedKeys(NioEventLoop.java:496)
	at org.apache.ratis.thirdparty.io.netty.channel.nio.NioEventLoop.run(NioEventLoop.java:458)
	at org.apache.ratis.thirdparty.io.netty.util.concurrent.SingleThreadEventExecutor$5.run(SingleThreadEventExecutor.java:897)
	at org.apache.ratis.thirdparty.io.netty.util.concurrent.FastThreadLocalRunnable.run(FastThreadLocalRunnable.java:30)
	... 1 more
Caused by: java.net.ConnectException: Connection refused
	... 11 more
2019-10-18 14:30:40,548 [681edbc6-a1fc-42a4-b5ce-4922820de60a@group-FD33B9583E3C-LeaderElection170] INFO  impl.LeaderElection (LogUtils.java:infoOrTrace(149)) -   Exception 1: {}
java.util.concurrent.ExecutionException: org.apache.ratis.thirdparty.io.grpc.StatusRuntimeException: UNAVAILABLE: io exception
	at java.util.concurrent.FutureTask.report(FutureTask.java:122)
	at java.util.concurrent.FutureTask.get(FutureTask.java:192)
	at org.apache.ratis.server.impl.LeaderElection.waitForResults(LeaderElection.java:259)
	at org.apache.ratis.server.impl.LeaderElection.askForVotes(LeaderElection.java:197)
	at org.apache.ratis.server.impl.LeaderElection.run(LeaderElection.java:133)
	at java.lang.Thread.run(Thread.java:748)
Caused by: org.apache.ratis.thirdparty.io.grpc.StatusRuntimeException: UNAVAILABLE: io exception
	at org.apache.ratis.thirdparty.io.grpc.stub.ClientCalls.toStatusRuntimeException(ClientCalls.java:233)
	at org.apache.ratis.thirdparty.io.grpc.stub.ClientCalls.getUnchecked(ClientCalls.java:214)
	at org.apache.ratis.thirdparty.io.grpc.stub.ClientCalls.blockingUnaryCall(ClientCalls.java:139)
	at org.apache.ratis.proto.grpc.RaftServerProtocolServiceGrpc$RaftServerProtocolServiceBlockingStub.requestVote(RaftServerProtocolServiceGrpc.java:265)
	at org.apache.ratis.grpc.server.GrpcServerProtocolClient.requestVote(GrpcServerProtocolClient.java:99)
	at org.apache.ratis.grpc.server.GrpcService.requestVote(GrpcService.java:204)
	at org.apache.ratis.server.impl.LeaderElection.lambda$submitRequests$1(LeaderElection.java:234)
	at java.util.concurrent.FutureTask.run(FutureTask.java:266)
	at java.util.concurrent.Executors$RunnableAdapter.call(Executors.java:511)
	at java.util.concurrent.FutureTask.run(FutureTask.java:266)
	at java.util.concurrent.ThreadPoolExecutor.runWorker(ThreadPoolExecutor.java:1149)
	at java.util.concurrent.ThreadPoolExecutor$Worker.run(ThreadPoolExecutor.java:624)
	... 1 more
Caused by: org.apache.ratis.thirdparty.io.netty.channel.AbstractChannel$AnnotatedConnectException: Connection refused: /192.168.164.233:38729
	at sun.nio.ch.SocketChannelImpl.checkConnect(Native Method)
	at sun.nio.ch.SocketChannelImpl.finishConnect(SocketChannelImpl.java:717)
	at org.apache.ratis.thirdparty.io.netty.channel.socket.nio.NioSocketChannel.doFinishConnect(NioSocketChannel.java:327)
	at org.apache.ratis.thirdparty.io.netty.channel.nio.AbstractNioChannel$AbstractNioUnsafe.finishConnect(AbstractNioChannel.java:340)
	at org.apache.ratis.thirdparty.io.netty.channel.nio.NioEventLoop.processSelectedKey(NioEventLoop.java:632)
	at org.apache.ratis.thirdparty.io.netty.channel.nio.NioEventLoop.processSelectedKeysOptimized(NioEventLoop.java:579)
	at org.apache.ratis.thirdparty.io.netty.channel.nio.NioEventLoop.processSelectedKeys(NioEventLoop.java:496)
	at org.apache.ratis.thirdparty.io.netty.channel.nio.NioEventLoop.run(NioEventLoop.java:458)
	at org.apache.ratis.thirdparty.io.netty.util.concurrent.SingleThreadEventExecutor$5.run(SingleThreadEventExecutor.java:897)
	at org.apache.ratis.thirdparty.io.netty.util.concurrent.FastThreadLocalRunnable.run(FastThreadLocalRunnable.java:30)
	... 1 more
Caused by: java.net.ConnectException: Connection refused
	... 11 more
2019-10-18 14:30:40,548 [681edbc6-a1fc-42a4-b5ce-4922820de60a@group-FD33B9583E3C-LeaderElection170] INFO  impl.RaftServerImpl (RaftServerImpl.java:setRole(184)) - 681edbc6-a1fc-42a4-b5ce-4922820de60a@group-FD33B9583E3C: changes role from CANDIDATE to FOLLOWER at term 170 for DISCOVERED_A_NEW_TERM
2019-10-18 14:30:40,548 [681edbc6-a1fc-42a4-b5ce-4922820de60a@group-FD33B9583E3C-LeaderElection170] INFO  impl.RoleInfo (RoleInfo.java:shutdownLeaderElection(134)) - 681edbc6-a1fc-42a4-b5ce-4922820de60a: shutdown LeaderElection
2019-10-18 14:30:40,548 [681edbc6-a1fc-42a4-b5ce-4922820de60a@group-FD33B9583E3C-LeaderElection170] INFO  impl.RoleInfo (RoleInfo.java:updateAndGet(143)) - 681edbc6-a1fc-42a4-b5ce-4922820de60a: start FollowerState
2019-10-18 14:30:40,576 [Thread-1640] INFO  impl.FollowerState (FollowerState.java:run(108)) - 681edbc6-a1fc-42a4-b5ce-4922820de60a@group-FD33B9583E3C-FollowerState: change to CANDIDATE, lastRpcTime:28ms, electionTimeout:28ms
2019-10-18 14:30:40,576 [Thread-1640] INFO  impl.RoleInfo (RoleInfo.java:shutdownFollowerState(121)) - 681edbc6-a1fc-42a4-b5ce-4922820de60a: shutdown FollowerState
2019-10-18 14:30:40,577 [Thread-1640] INFO  impl.RaftServerImpl (RaftServerImpl.java:setRole(184)) - 681edbc6-a1fc-42a4-b5ce-4922820de60a@group-FD33B9583E3C: changes role from  FOLLOWER to CANDIDATE at term 170 for changeToCandidate
2019-10-18 14:30:40,577 [Thread-1640] INFO  impl.RoleInfo (RoleInfo.java:updateAndGet(143)) - 681edbc6-a1fc-42a4-b5ce-4922820de60a: start LeaderElection
2019-10-18 14:30:40,589 [681edbc6-a1fc-42a4-b5ce-4922820de60a@group-FD33B9583E3C-LeaderElection171] INFO  impl.LeaderElection (LeaderElection.java:askForVotes(178)) - 681edbc6-a1fc-42a4-b5ce-4922820de60a@group-FD33B9583E3C-LeaderElection171: begin an election at term 171 for -1: [3ee7b367-7b16-44e1-99f8-43aefeda0876:192.168.164.233:46080, 681edbc6-a1fc-42a4-b5ce-4922820de60a:192.168.164.233:44267, 773cce60-eeca-4c1f-a5ec-70084be8b6b9:192.168.164.233:38729], old=null
2019-10-18 14:30:40,590 [681edbc6-a1fc-42a4-b5ce-4922820de60a@group-FD33B9583E3C-LeaderElection171] INFO  impl.LeaderElection (LogUtils.java:infoOrTrace(149)) - 681edbc6-a1fc-42a4-b5ce-4922820de60a@group-FD33B9583E3C-LeaderElection171 got exception when requesting votes: {}
java.util.concurrent.ExecutionException: org.apache.ratis.thirdparty.io.grpc.StatusRuntimeException: UNAVAILABLE: io exception
	at java.util.concurrent.FutureTask.report(FutureTask.java:122)
	at java.util.concurrent.FutureTask.get(FutureTask.java:192)
	at org.apache.ratis.server.impl.LeaderElection.waitForResults(LeaderElection.java:259)
	at org.apache.ratis.server.impl.LeaderElection.askForVotes(LeaderElection.java:197)
	at org.apache.ratis.server.impl.LeaderElection.run(LeaderElection.java:133)
	at java.lang.Thread.run(Thread.java:748)
Caused by: org.apache.ratis.thirdparty.io.grpc.StatusRuntimeException: UNAVAILABLE: io exception
	at org.apache.ratis.thirdparty.io.grpc.stub.ClientCalls.toStatusRuntimeException(ClientCalls.java:233)
	at org.apache.ratis.thirdparty.io.grpc.stub.ClientCalls.getUnchecked(ClientCalls.java:214)
	at org.apache.ratis.thirdparty.io.grpc.stub.ClientCalls.blockingUnaryCall(ClientCalls.java:139)
	at org.apache.ratis.proto.grpc.RaftServerProtocolServiceGrpc$RaftServerProtocolServiceBlockingStub.requestVote(RaftServerProtocolServiceGrpc.java:265)
	at org.apache.ratis.grpc.server.GrpcServerProtocolClient.requestVote(GrpcServerProtocolClient.java:99)
	at org.apache.ratis.grpc.server.GrpcService.requestVote(GrpcService.java:204)
	at org.apache.ratis.server.impl.LeaderElection.lambda$submitRequests$1(LeaderElection.java:234)
	at java.util.concurrent.FutureTask.run(FutureTask.java:266)
	at java.util.concurrent.Executors$RunnableAdapter.call(Executors.java:511)
	at java.util.concurrent.FutureTask.run(FutureTask.java:266)
	at java.util.concurrent.ThreadPoolExecutor.runWorker(ThreadPoolExecutor.java:1149)
	at java.util.concurrent.ThreadPoolExecutor$Worker.run(ThreadPoolExecutor.java:624)
	... 1 more
Caused by: org.apache.ratis.thirdparty.io.netty.channel.AbstractChannel$AnnotatedConnectException: Connection refused: /192.168.164.233:38729
	at sun.nio.ch.SocketChannelImpl.checkConnect(Native Method)
	at sun.nio.ch.SocketChannelImpl.finishConnect(SocketChannelImpl.java:717)
	at org.apache.ratis.thirdparty.io.netty.channel.socket.nio.NioSocketChannel.doFinishConnect(NioSocketChannel.java:327)
	at org.apache.ratis.thirdparty.io.netty.channel.nio.AbstractNioChannel$AbstractNioUnsafe.finishConnect(AbstractNioChannel.java:340)
	at org.apache.ratis.thirdparty.io.netty.channel.nio.NioEventLoop.processSelectedKey(NioEventLoop.java:632)
	at org.apache.ratis.thirdparty.io.netty.channel.nio.NioEventLoop.processSelectedKeysOptimized(NioEventLoop.java:579)
	at org.apache.ratis.thirdparty.io.netty.channel.nio.NioEventLoop.processSelectedKeys(NioEventLoop.java:496)
	at org.apache.ratis.thirdparty.io.netty.channel.nio.NioEventLoop.run(NioEventLoop.java:458)
	at org.apache.ratis.thirdparty.io.netty.util.concurrent.SingleThreadEventExecutor$5.run(SingleThreadEventExecutor.java:897)
	at org.apache.ratis.thirdparty.io.netty.util.concurrent.FastThreadLocalRunnable.run(FastThreadLocalRunnable.java:30)
	... 1 more
Caused by: java.net.ConnectException: Connection refused
	... 11 more
2019-10-18 14:30:40,592 [681edbc6-a1fc-42a4-b5ce-4922820de60a@group-FD33B9583E3C-LeaderElection171] INFO  impl.LeaderElection (LogUtils.java:infoOrTrace(149)) - 681edbc6-a1fc-42a4-b5ce-4922820de60a@group-FD33B9583E3C-LeaderElection171 got exception when requesting votes: {}
java.util.concurrent.ExecutionException: org.apache.ratis.thirdparty.io.grpc.StatusRuntimeException: UNAVAILABLE: io exception
	at java.util.concurrent.FutureTask.report(FutureTask.java:122)
	at java.util.concurrent.FutureTask.get(FutureTask.java:192)
	at org.apache.ratis.server.impl.LeaderElection.waitForResults(LeaderElection.java:259)
	at org.apache.ratis.server.impl.LeaderElection.askForVotes(LeaderElection.java:197)
	at org.apache.ratis.server.impl.LeaderElection.run(LeaderElection.java:133)
	at java.lang.Thread.run(Thread.java:748)
Caused by: org.apache.ratis.thirdparty.io.grpc.StatusRuntimeException: UNAVAILABLE: io exception
	at org.apache.ratis.thirdparty.io.grpc.stub.ClientCalls.toStatusRuntimeException(ClientCalls.java:233)
	at org.apache.ratis.thirdparty.io.grpc.stub.ClientCalls.getUnchecked(ClientCalls.java:214)
	at org.apache.ratis.thirdparty.io.grpc.stub.ClientCalls.blockingUnaryCall(ClientCalls.java:139)
	at org.apache.ratis.proto.grpc.RaftServerProtocolServiceGrpc$RaftServerProtocolServiceBlockingStub.requestVote(RaftServerProtocolServiceGrpc.java:265)
	at org.apache.ratis.grpc.server.GrpcServerProtocolClient.requestVote(GrpcServerProtocolClient.java:99)
	at org.apache.ratis.grpc.server.GrpcService.requestVote(GrpcService.java:204)
	at org.apache.ratis.server.impl.LeaderElection.lambda$submitRequests$1(LeaderElection.java:234)
	at java.util.concurrent.FutureTask.run(FutureTask.java:266)
	at java.util.concurrent.Executors$RunnableAdapter.call(Executors.java:511)
	at java.util.concurrent.FutureTask.run(FutureTask.java:266)
	at java.util.concurrent.ThreadPoolExecutor.runWorker(ThreadPoolExecutor.java:1149)
	at java.util.concurrent.ThreadPoolExecutor$Worker.run(ThreadPoolExecutor.java:624)
	... 1 more
Caused by: org.apache.ratis.thirdparty.io.netty.channel.AbstractChannel$AnnotatedConnectException: Connection refused: /192.168.164.233:46080
	at sun.nio.ch.SocketChannelImpl.checkConnect(Native Method)
	at sun.nio.ch.SocketChannelImpl.finishConnect(SocketChannelImpl.java:717)
	at org.apache.ratis.thirdparty.io.netty.channel.socket.nio.NioSocketChannel.doFinishConnect(NioSocketChannel.java:327)
	at org.apache.ratis.thirdparty.io.netty.channel.nio.AbstractNioChannel$AbstractNioUnsafe.finishConnect(AbstractNioChannel.java:340)
	at org.apache.ratis.thirdparty.io.netty.channel.nio.NioEventLoop.processSelectedKey(NioEventLoop.java:632)
	at org.apache.ratis.thirdparty.io.netty.channel.nio.NioEventLoop.processSelectedKeysOptimized(NioEventLoop.java:579)
	at org.apache.ratis.thirdparty.io.netty.channel.nio.NioEventLoop.processSelectedKeys(NioEventLoop.java:496)
	at org.apache.ratis.thirdparty.io.netty.channel.nio.NioEventLoop.run(NioEventLoop.java:458)
	at org.apache.ratis.thirdparty.io.netty.util.concurrent.SingleThreadEventExecutor$5.run(SingleThreadEventExecutor.java:897)
	at org.apache.ratis.thirdparty.io.netty.util.concurrent.FastThreadLocalRunnable.run(FastThreadLocalRunnable.java:30)
	... 1 more
Caused by: java.net.ConnectException: Connection refused
	... 11 more
2019-10-18 14:30:40,594 [681edbc6-a1fc-42a4-b5ce-4922820de60a@group-FD33B9583E3C-LeaderElection171] INFO  impl.LeaderElection (LeaderElection.java:logAndReturn(56)) - 681edbc6-a1fc-42a4-b5ce-4922820de60a@group-FD33B9583E3C-LeaderElection171: Election REJECTED; received 0 response(s) [] and 2 exception(s); 681edbc6-a1fc-42a4-b5ce-4922820de60a@group-FD33B9583E3C:t171, leader=null, voted=681edbc6-a1fc-42a4-b5ce-4922820de60a, raftlog=681edbc6-a1fc-42a4-b5ce-4922820de60a@group-FD33B9583E3C-SegmentedRaftLog:OPENED:c-1,f-1,i0, conf=-1: [3ee7b367-7b16-44e1-99f8-43aefeda0876:192.168.164.233:46080, 681edbc6-a1fc-42a4-b5ce-4922820de60a:192.168.164.233:44267, 773cce60-eeca-4c1f-a5ec-70084be8b6b9:192.168.164.233:38729], old=null
2019-10-18 14:30:40,594 [681edbc6-a1fc-42a4-b5ce-4922820de60a@group-FD33B9583E3C-LeaderElection171] INFO  impl.LeaderElection (LogUtils.java:infoOrTrace(149)) -   Exception 0: {}
java.util.concurrent.ExecutionException: org.apache.ratis.thirdparty.io.grpc.StatusRuntimeException: UNAVAILABLE: io exception
	at java.util.concurrent.FutureTask.report(FutureTask.java:122)
	at java.util.concurrent.FutureTask.get(FutureTask.java:192)
	at org.apache.ratis.server.impl.LeaderElection.waitForResults(LeaderElection.java:259)
	at org.apache.ratis.server.impl.LeaderElection.askForVotes(LeaderElection.java:197)
	at org.apache.ratis.server.impl.LeaderElection.run(LeaderElection.java:133)
	at java.lang.Thread.run(Thread.java:748)
Caused by: org.apache.ratis.thirdparty.io.grpc.StatusRuntimeException: UNAVAILABLE: io exception
	at org.apache.ratis.thirdparty.io.grpc.stub.ClientCalls.toStatusRuntimeException(ClientCalls.java:233)
	at org.apache.ratis.thirdparty.io.grpc.stub.ClientCalls.getUnchecked(ClientCalls.java:214)
	at org.apache.ratis.thirdparty.io.grpc.stub.ClientCalls.blockingUnaryCall(ClientCalls.java:139)
	at org.apache.ratis.proto.grpc.RaftServerProtocolServiceGrpc$RaftServerProtocolServiceBlockingStub.requestVote(RaftServerProtocolServiceGrpc.java:265)
	at org.apache.ratis.grpc.server.GrpcServerProtocolClient.requestVote(GrpcServerProtocolClient.java:99)
	at org.apache.ratis.grpc.server.GrpcService.requestVote(GrpcService.java:204)
	at org.apache.ratis.server.impl.LeaderElection.lambda$submitRequests$1(LeaderElection.java:234)
	at java.util.concurrent.FutureTask.run(FutureTask.java:266)
	at java.util.concurrent.Executors$RunnableAdapter.call(Executors.java:511)
	at java.util.concurrent.FutureTask.run(FutureTask.java:266)
	at java.util.concurrent.ThreadPoolExecutor.runWorker(ThreadPoolExecutor.java:1149)
	at java.util.concurrent.ThreadPoolExecutor$Worker.run(ThreadPoolExecutor.java:624)
	... 1 more
Caused by: org.apache.ratis.thirdparty.io.netty.channel.AbstractChannel$AnnotatedConnectException: Connection refused: /192.168.164.233:38729
	at sun.nio.ch.SocketChannelImpl.checkConnect(Native Method)
	at sun.nio.ch.SocketChannelImpl.finishConnect(SocketChannelImpl.java:717)
	at org.apache.ratis.thirdparty.io.netty.channel.socket.nio.NioSocketChannel.doFinishConnect(NioSocketChannel.java:327)
	at org.apache.ratis.thirdparty.io.netty.channel.nio.AbstractNioChannel$AbstractNioUnsafe.finishConnect(AbstractNioChannel.java:340)
	at org.apache.ratis.thirdparty.io.netty.channel.nio.NioEventLoop.processSelectedKey(NioEventLoop.java:632)
	at org.apache.ratis.thirdparty.io.netty.channel.nio.NioEventLoop.processSelectedKeysOptimized(NioEventLoop.java:579)
	at org.apache.ratis.thirdparty.io.netty.channel.nio.NioEventLoop.processSelectedKeys(NioEventLoop.java:496)
	at org.apache.ratis.thirdparty.io.netty.channel.nio.NioEventLoop.run(NioEventLoop.java:458)
	at org.apache.ratis.thirdparty.io.netty.util.concurrent.SingleThreadEventExecutor$5.run(SingleThreadEventExecutor.java:897)
	at org.apache.ratis.thirdparty.io.netty.util.concurrent.FastThreadLocalRunnable.run(FastThreadLocalRunnable.java:30)
	... 1 more
Caused by: java.net.ConnectException: Connection refused
	... 11 more
2019-10-18 14:30:40,594 [681edbc6-a1fc-42a4-b5ce-4922820de60a@group-FD33B9583E3C-LeaderElection171] INFO  impl.LeaderElection (LogUtils.java:infoOrTrace(149)) -   Exception 1: {}
java.util.concurrent.ExecutionException: org.apache.ratis.thirdparty.io.grpc.StatusRuntimeException: UNAVAILABLE: io exception
	at java.util.concurrent.FutureTask.report(FutureTask.java:122)
	at java.util.concurrent.FutureTask.get(FutureTask.java:192)
	at org.apache.ratis.server.impl.LeaderElection.waitForResults(LeaderElection.java:259)
	at org.apache.ratis.server.impl.LeaderElection.askForVotes(LeaderElection.java:197)
	at org.apache.ratis.server.impl.LeaderElection.run(LeaderElection.java:133)
	at java.lang.Thread.run(Thread.java:748)
Caused by: org.apache.ratis.thirdparty.io.grpc.StatusRuntimeException: UNAVAILABLE: io exception
	at org.apache.ratis.thirdparty.io.grpc.stub.ClientCalls.toStatusRuntimeException(ClientCalls.java:233)
	at org.apache.ratis.thirdparty.io.grpc.stub.ClientCalls.getUnchecked(ClientCalls.java:214)
	at org.apache.ratis.thirdparty.io.grpc.stub.ClientCalls.blockingUnaryCall(ClientCalls.java:139)
	at org.apache.ratis.proto.grpc.RaftServerProtocolServiceGrpc$RaftServerProtocolServiceBlockingStub.requestVote(RaftServerProtocolServiceGrpc.java:265)
	at org.apache.ratis.grpc.server.GrpcServerProtocolClient.requestVote(GrpcServerProtocolClient.java:99)
	at org.apache.ratis.grpc.server.GrpcService.requestVote(GrpcService.java:204)
	at org.apache.ratis.server.impl.LeaderElection.lambda$submitRequests$1(LeaderElection.java:234)
	at java.util.concurrent.FutureTask.run(FutureTask.java:266)
	at java.util.concurrent.Executors$RunnableAdapter.call(Executors.java:511)
	at java.util.concurrent.FutureTask.run(FutureTask.java:266)
	at java.util.concurrent.ThreadPoolExecutor.runWorker(ThreadPoolExecutor.java:1149)
	at java.util.concurrent.ThreadPoolExecutor$Worker.run(ThreadPoolExecutor.java:624)
	... 1 more
Caused by: org.apache.ratis.thirdparty.io.netty.channel.AbstractChannel$AnnotatedConnectException: Connection refused: /192.168.164.233:46080
	at sun.nio.ch.SocketChannelImpl.checkConnect(Native Method)
	at sun.nio.ch.SocketChannelImpl.finishConnect(SocketChannelImpl.java:717)
	at org.apache.ratis.thirdparty.io.netty.channel.socket.nio.NioSocketChannel.doFinishConnect(NioSocketChannel.java:327)
	at org.apache.ratis.thirdparty.io.netty.channel.nio.AbstractNioChannel$AbstractNioUnsafe.finishConnect(AbstractNioChannel.java:340)
	at org.apache.ratis.thirdparty.io.netty.channel.nio.NioEventLoop.processSelectedKey(NioEventLoop.java:632)
	at org.apache.ratis.thirdparty.io.netty.channel.nio.NioEventLoop.processSelectedKeysOptimized(NioEventLoop.java:579)
	at org.apache.ratis.thirdparty.io.netty.channel.nio.NioEventLoop.processSelectedKeys(NioEventLoop.java:496)
	at org.apache.ratis.thirdparty.io.netty.channel.nio.NioEventLoop.run(NioEventLoop.java:458)
	at org.apache.ratis.thirdparty.io.netty.util.concurrent.SingleThreadEventExecutor$5.run(SingleThreadEventExecutor.java:897)
	at org.apache.ratis.thirdparty.io.netty.util.concurrent.FastThreadLocalRunnable.run(FastThreadLocalRunnable.java:30)
	... 1 more
Caused by: java.net.ConnectException: Connection refused
	... 11 more
2019-10-18 14:30:40,595 [681edbc6-a1fc-42a4-b5ce-4922820de60a@group-FD33B9583E3C-LeaderElection171] INFO  impl.RaftServerImpl (RaftServerImpl.java:setRole(184)) - 681edbc6-a1fc-42a4-b5ce-4922820de60a@group-FD33B9583E3C: changes role from CANDIDATE to FOLLOWER at term 171 for DISCOVERED_A_NEW_TERM
2019-10-18 14:30:40,595 [681edbc6-a1fc-42a4-b5ce-4922820de60a@group-FD33B9583E3C-LeaderElection171] INFO  impl.RoleInfo (RoleInfo.java:shutdownLeaderElection(134)) - 681edbc6-a1fc-42a4-b5ce-4922820de60a: shutdown LeaderElection
2019-10-18 14:30:40,595 [681edbc6-a1fc-42a4-b5ce-4922820de60a@group-FD33B9583E3C-LeaderElection171] INFO  impl.RoleInfo (RoleInfo.java:updateAndGet(143)) - 681edbc6-a1fc-42a4-b5ce-4922820de60a: start FollowerState
2019-10-18 14:30:40,619 [Thread-1644] INFO  impl.FollowerState (FollowerState.java:run(108)) - 681edbc6-a1fc-42a4-b5ce-4922820de60a@group-FD33B9583E3C-FollowerState: change to CANDIDATE, lastRpcTime:24ms, electionTimeout:24ms
2019-10-18 14:30:40,619 [Thread-1644] INFO  impl.RoleInfo (RoleInfo.java:shutdownFollowerState(121)) - 681edbc6-a1fc-42a4-b5ce-4922820de60a: shutdown FollowerState
2019-10-18 14:30:40,619 [Thread-1644] INFO  impl.RaftServerImpl (RaftServerImpl.java:setRole(184)) - 681edbc6-a1fc-42a4-b5ce-4922820de60a@group-FD33B9583E3C: changes role from  FOLLOWER to CANDIDATE at term 171 for changeToCandidate
2019-10-18 14:30:40,620 [Thread-1644] INFO  impl.RoleInfo (RoleInfo.java:updateAndGet(143)) - 681edbc6-a1fc-42a4-b5ce-4922820de60a: start LeaderElection
2019-10-18 14:30:40,629 [681edbc6-a1fc-42a4-b5ce-4922820de60a@group-FD33B9583E3C-LeaderElection172] INFO  impl.LeaderElection (LeaderElection.java:askForVotes(178)) - 681edbc6-a1fc-42a4-b5ce-4922820de60a@group-FD33B9583E3C-LeaderElection172: begin an election at term 172 for -1: [3ee7b367-7b16-44e1-99f8-43aefeda0876:192.168.164.233:46080, 681edbc6-a1fc-42a4-b5ce-4922820de60a:192.168.164.233:44267, 773cce60-eeca-4c1f-a5ec-70084be8b6b9:192.168.164.233:38729], old=null
2019-10-18 14:30:40,630 [681edbc6-a1fc-42a4-b5ce-4922820de60a@group-FD33B9583E3C-LeaderElection172] INFO  impl.LeaderElection (LogUtils.java:infoOrTrace(149)) - 681edbc6-a1fc-42a4-b5ce-4922820de60a@group-FD33B9583E3C-LeaderElection172 got exception when requesting votes: {}
java.util.concurrent.ExecutionException: org.apache.ratis.thirdparty.io.grpc.StatusRuntimeException: UNAVAILABLE: io exception
	at java.util.concurrent.FutureTask.report(FutureTask.java:122)
	at java.util.concurrent.FutureTask.get(FutureTask.java:192)
	at org.apache.ratis.server.impl.LeaderElection.waitForResults(LeaderElection.java:259)
	at org.apache.ratis.server.impl.LeaderElection.askForVotes(LeaderElection.java:197)
	at org.apache.ratis.server.impl.LeaderElection.run(LeaderElection.java:133)
	at java.lang.Thread.run(Thread.java:748)
Caused by: org.apache.ratis.thirdparty.io.grpc.StatusRuntimeException: UNAVAILABLE: io exception
	at org.apache.ratis.thirdparty.io.grpc.stub.ClientCalls.toStatusRuntimeException(ClientCalls.java:233)
	at org.apache.ratis.thirdparty.io.grpc.stub.ClientCalls.getUnchecked(ClientCalls.java:214)
	at org.apache.ratis.thirdparty.io.grpc.stub.ClientCalls.blockingUnaryCall(ClientCalls.java:139)
	at org.apache.ratis.proto.grpc.RaftServerProtocolServiceGrpc$RaftServerProtocolServiceBlockingStub.requestVote(RaftServerProtocolServiceGrpc.java:265)
	at org.apache.ratis.grpc.server.GrpcServerProtocolClient.requestVote(GrpcServerProtocolClient.java:99)
	at org.apache.ratis.grpc.server.GrpcService.requestVote(GrpcService.java:204)
	at org.apache.ratis.server.impl.LeaderElection.lambda$submitRequests$1(LeaderElection.java:234)
	at java.util.concurrent.FutureTask.run(FutureTask.java:266)
	at java.util.concurrent.Executors$RunnableAdapter.call(Executors.java:511)
	at java.util.concurrent.FutureTask.run(FutureTask.java:266)
	at java.util.concurrent.ThreadPoolExecutor.runWorker(ThreadPoolExecutor.java:1149)
	at java.util.concurrent.ThreadPoolExecutor$Worker.run(ThreadPoolExecutor.java:624)
	... 1 more
Caused by: org.apache.ratis.thirdparty.io.netty.channel.AbstractChannel$AnnotatedConnectException: Connection refused: /192.168.164.233:46080
	at sun.nio.ch.SocketChannelImpl.checkConnect(Native Method)
	at sun.nio.ch.SocketChannelImpl.finishConnect(SocketChannelImpl.java:717)
	at org.apache.ratis.thirdparty.io.netty.channel.socket.nio.NioSocketChannel.doFinishConnect(NioSocketChannel.java:327)
	at org.apache.ratis.thirdparty.io.netty.channel.nio.AbstractNioChannel$AbstractNioUnsafe.finishConnect(AbstractNioChannel.java:340)
	at org.apache.ratis.thirdparty.io.netty.channel.nio.NioEventLoop.processSelectedKey(NioEventLoop.java:632)
	at org.apache.ratis.thirdparty.io.netty.channel.nio.NioEventLoop.processSelectedKeysOptimized(NioEventLoop.java:579)
	at org.apache.ratis.thirdparty.io.netty.channel.nio.NioEventLoop.processSelectedKeys(NioEventLoop.java:496)
	at org.apache.ratis.thirdparty.io.netty.channel.nio.NioEventLoop.run(NioEventLoop.java:458)
	at org.apache.ratis.thirdparty.io.netty.util.concurrent.SingleThreadEventExecutor$5.run(SingleThreadEventExecutor.java:897)
	at org.apache.ratis.thirdparty.io.netty.util.concurrent.FastThreadLocalRunnable.run(FastThreadLocalRunnable.java:30)
	... 1 more
Caused by: java.net.ConnectException: Connection refused
	... 11 more
2019-10-18 14:30:40,632 [681edbc6-a1fc-42a4-b5ce-4922820de60a@group-FD33B9583E3C-LeaderElection172] INFO  impl.LeaderElection (LogUtils.java:infoOrTrace(149)) - 681edbc6-a1fc-42a4-b5ce-4922820de60a@group-FD33B9583E3C-LeaderElection172 got exception when requesting votes: {}
java.util.concurrent.ExecutionException: org.apache.ratis.thirdparty.io.grpc.StatusRuntimeException: UNAVAILABLE: io exception
	at java.util.concurrent.FutureTask.report(FutureTask.java:122)
	at java.util.concurrent.FutureTask.get(FutureTask.java:192)
	at org.apache.ratis.server.impl.LeaderElection.waitForResults(LeaderElection.java:259)
	at org.apache.ratis.server.impl.LeaderElection.askForVotes(LeaderElection.java:197)
	at org.apache.ratis.server.impl.LeaderElection.run(LeaderElection.java:133)
	at java.lang.Thread.run(Thread.java:748)
Caused by: org.apache.ratis.thirdparty.io.grpc.StatusRuntimeException: UNAVAILABLE: io exception
	at org.apache.ratis.thirdparty.io.grpc.stub.ClientCalls.toStatusRuntimeException(ClientCalls.java:233)
	at org.apache.ratis.thirdparty.io.grpc.stub.ClientCalls.getUnchecked(ClientCalls.java:214)
	at org.apache.ratis.thirdparty.io.grpc.stub.ClientCalls.blockingUnaryCall(ClientCalls.java:139)
	at org.apache.ratis.proto.grpc.RaftServerProtocolServiceGrpc$RaftServerProtocolServiceBlockingStub.requestVote(RaftServerProtocolServiceGrpc.java:265)
	at org.apache.ratis.grpc.server.GrpcServerProtocolClient.requestVote(GrpcServerProtocolClient.java:99)
	at org.apache.ratis.grpc.server.GrpcService.requestVote(GrpcService.java:204)
	at org.apache.ratis.server.impl.LeaderElection.lambda$submitRequests$1(LeaderElection.java:234)
	at java.util.concurrent.FutureTask.run(FutureTask.java:266)
	at java.util.concurrent.Executors$RunnableAdapter.call(Executors.java:511)
	at java.util.concurrent.FutureTask.run(FutureTask.java:266)
	at java.util.concurrent.ThreadPoolExecutor.runWorker(ThreadPoolExecutor.java:1149)
	at java.util.concurrent.ThreadPoolExecutor$Worker.run(ThreadPoolExecutor.java:624)
	... 1 more
Caused by: org.apache.ratis.thirdparty.io.netty.channel.AbstractChannel$AnnotatedConnectException: Connection refused: /192.168.164.233:38729
	at sun.nio.ch.SocketChannelImpl.checkConnect(Native Method)
	at sun.nio.ch.SocketChannelImpl.finishConnect(SocketChannelImpl.java:717)
	at org.apache.ratis.thirdparty.io.netty.channel.socket.nio.NioSocketChannel.doFinishConnect(NioSocketChannel.java:327)
	at org.apache.ratis.thirdparty.io.netty.channel.nio.AbstractNioChannel$AbstractNioUnsafe.finishConnect(AbstractNioChannel.java:340)
	at org.apache.ratis.thirdparty.io.netty.channel.nio.NioEventLoop.processSelectedKey(NioEventLoop.java:632)
	at org.apache.ratis.thirdparty.io.netty.channel.nio.NioEventLoop.processSelectedKeysOptimized(NioEventLoop.java:579)
	at org.apache.ratis.thirdparty.io.netty.channel.nio.NioEventLoop.processSelectedKeys(NioEventLoop.java:496)
	at org.apache.ratis.thirdparty.io.netty.channel.nio.NioEventLoop.run(NioEventLoop.java:458)
	at org.apache.ratis.thirdparty.io.netty.util.concurrent.SingleThreadEventExecutor$5.run(SingleThreadEventExecutor.java:897)
	at org.apache.ratis.thirdparty.io.netty.util.concurrent.FastThreadLocalRunnable.run(FastThreadLocalRunnable.java:30)
	... 1 more
Caused by: java.net.ConnectException: Connection refused
	... 11 more
2019-10-18 14:30:40,633 [681edbc6-a1fc-42a4-b5ce-4922820de60a@group-FD33B9583E3C-LeaderElection172] INFO  impl.LeaderElection (LeaderElection.java:logAndReturn(56)) - 681edbc6-a1fc-42a4-b5ce-4922820de60a@group-FD33B9583E3C-LeaderElection172: Election REJECTED; received 0 response(s) [] and 2 exception(s); 681edbc6-a1fc-42a4-b5ce-4922820de60a@group-FD33B9583E3C:t172, leader=null, voted=681edbc6-a1fc-42a4-b5ce-4922820de60a, raftlog=681edbc6-a1fc-42a4-b5ce-4922820de60a@group-FD33B9583E3C-SegmentedRaftLog:OPENED:c-1,f-1,i0, conf=-1: [3ee7b367-7b16-44e1-99f8-43aefeda0876:192.168.164.233:46080, 681edbc6-a1fc-42a4-b5ce-4922820de60a:192.168.164.233:44267, 773cce60-eeca-4c1f-a5ec-70084be8b6b9:192.168.164.233:38729], old=null
2019-10-18 14:30:40,633 [681edbc6-a1fc-42a4-b5ce-4922820de60a@group-FD33B9583E3C-LeaderElection172] INFO  impl.LeaderElection (LogUtils.java:infoOrTrace(149)) -   Exception 0: {}
java.util.concurrent.ExecutionException: org.apache.ratis.thirdparty.io.grpc.StatusRuntimeException: UNAVAILABLE: io exception
	at java.util.concurrent.FutureTask.report(FutureTask.java:122)
	at java.util.concurrent.FutureTask.get(FutureTask.java:192)
	at org.apache.ratis.server.impl.LeaderElection.waitForResults(LeaderElection.java:259)
	at org.apache.ratis.server.impl.LeaderElection.askForVotes(LeaderElection.java:197)
	at org.apache.ratis.server.impl.LeaderElection.run(LeaderElection.java:133)
	at java.lang.Thread.run(Thread.java:748)
Caused by: org.apache.ratis.thirdparty.io.grpc.StatusRuntimeException: UNAVAILABLE: io exception
	at org.apache.ratis.thirdparty.io.grpc.stub.ClientCalls.toStatusRuntimeException(ClientCalls.java:233)
	at org.apache.ratis.thirdparty.io.grpc.stub.ClientCalls.getUnchecked(ClientCalls.java:214)
	at org.apache.ratis.thirdparty.io.grpc.stub.ClientCalls.blockingUnaryCall(ClientCalls.java:139)
	at org.apache.ratis.proto.grpc.RaftServerProtocolServiceGrpc$RaftServerProtocolServiceBlockingStub.requestVote(RaftServerProtocolServiceGrpc.java:265)
	at org.apache.ratis.grpc.server.GrpcServerProtocolClient.requestVote(GrpcServerProtocolClient.java:99)
	at org.apache.ratis.grpc.server.GrpcService.requestVote(GrpcService.java:204)
	at org.apache.ratis.server.impl.LeaderElection.lambda$submitRequests$1(LeaderElection.java:234)
	at java.util.concurrent.FutureTask.run(FutureTask.java:266)
	at java.util.concurrent.Executors$RunnableAdapter.call(Executors.java:511)
	at java.util.concurrent.FutureTask.run(FutureTask.java:266)
	at java.util.concurrent.ThreadPoolExecutor.runWorker(ThreadPoolExecutor.java:1149)
	at java.util.concurrent.ThreadPoolExecutor$Worker.run(ThreadPoolExecutor.java:624)
	... 1 more
Caused by: org.apache.ratis.thirdparty.io.netty.channel.AbstractChannel$AnnotatedConnectException: Connection refused: /192.168.164.233:46080
	at sun.nio.ch.SocketChannelImpl.checkConnect(Native Method)
	at sun.nio.ch.SocketChannelImpl.finishConnect(SocketChannelImpl.java:717)
	at org.apache.ratis.thirdparty.io.netty.channel.socket.nio.NioSocketChannel.doFinishConnect(NioSocketChannel.java:327)
	at org.apache.ratis.thirdparty.io.netty.channel.nio.AbstractNioChannel$AbstractNioUnsafe.finishConnect(AbstractNioChannel.java:340)
	at org.apache.ratis.thirdparty.io.netty.channel.nio.NioEventLoop.processSelectedKey(NioEventLoop.java:632)
	at org.apache.ratis.thirdparty.io.netty.channel.nio.NioEventLoop.processSelectedKeysOptimized(NioEventLoop.java:579)
	at org.apache.ratis.thirdparty.io.netty.channel.nio.NioEventLoop.processSelectedKeys(NioEventLoop.java:496)
	at org.apache.ratis.thirdparty.io.netty.channel.nio.NioEventLoop.run(NioEventLoop.java:458)
	at org.apache.ratis.thirdparty.io.netty.util.concurrent.SingleThreadEventExecutor$5.run(SingleThreadEventExecutor.java:897)
	at org.apache.ratis.thirdparty.io.netty.util.concurrent.FastThreadLocalRunnable.run(FastThreadLocalRunnable.java:30)
	... 1 more
Caused by: java.net.ConnectException: Connection refused
	... 11 more
2019-10-18 14:30:40,634 [681edbc6-a1fc-42a4-b5ce-4922820de60a@group-FD33B9583E3C-LeaderElection172] INFO  impl.LeaderElection (LogUtils.java:infoOrTrace(149)) -   Exception 1: {}
java.util.concurrent.ExecutionException: org.apache.ratis.thirdparty.io.grpc.StatusRuntimeException: UNAVAILABLE: io exception
	at java.util.concurrent.FutureTask.report(FutureTask.java:122)
	at java.util.concurrent.FutureTask.get(FutureTask.java:192)
	at org.apache.ratis.server.impl.LeaderElection.waitForResults(LeaderElection.java:259)
	at org.apache.ratis.server.impl.LeaderElection.askForVotes(LeaderElection.java:197)
	at org.apache.ratis.server.impl.LeaderElection.run(LeaderElection.java:133)
	at java.lang.Thread.run(Thread.java:748)
Caused by: org.apache.ratis.thirdparty.io.grpc.StatusRuntimeException: UNAVAILABLE: io exception
	at org.apache.ratis.thirdparty.io.grpc.stub.ClientCalls.toStatusRuntimeException(ClientCalls.java:233)
	at org.apache.ratis.thirdparty.io.grpc.stub.ClientCalls.getUnchecked(ClientCalls.java:214)
	at org.apache.ratis.thirdparty.io.grpc.stub.ClientCalls.blockingUnaryCall(ClientCalls.java:139)
	at org.apache.ratis.proto.grpc.RaftServerProtocolServiceGrpc$RaftServerProtocolServiceBlockingStub.requestVote(RaftServerProtocolServiceGrpc.java:265)
	at org.apache.ratis.grpc.server.GrpcServerProtocolClient.requestVote(GrpcServerProtocolClient.java:99)
	at org.apache.ratis.grpc.server.GrpcService.requestVote(GrpcService.java:204)
	at org.apache.ratis.server.impl.LeaderElection.lambda$submitRequests$1(LeaderElection.java:234)
	at java.util.concurrent.FutureTask.run(FutureTask.java:266)
	at java.util.concurrent.Executors$RunnableAdapter.call(Executors.java:511)
	at java.util.concurrent.FutureTask.run(FutureTask.java:266)
	at java.util.concurrent.ThreadPoolExecutor.runWorker(ThreadPoolExecutor.java:1149)
	at java.util.concurrent.ThreadPoolExecutor$Worker.run(ThreadPoolExecutor.java:624)
	... 1 more
Caused by: org.apache.ratis.thirdparty.io.netty.channel.AbstractChannel$AnnotatedConnectException: Connection refused: /192.168.164.233:38729
	at sun.nio.ch.SocketChannelImpl.checkConnect(Native Method)
	at sun.nio.ch.SocketChannelImpl.finishConnect(SocketChannelImpl.java:717)
	at org.apache.ratis.thirdparty.io.netty.channel.socket.nio.NioSocketChannel.doFinishConnect(NioSocketChannel.java:327)
	at org.apache.ratis.thirdparty.io.netty.channel.nio.AbstractNioChannel$AbstractNioUnsafe.finishConnect(AbstractNioChannel.java:340)
	at org.apache.ratis.thirdparty.io.netty.channel.nio.NioEventLoop.processSelectedKey(NioEventLoop.java:632)
	at org.apache.ratis.thirdparty.io.netty.channel.nio.NioEventLoop.processSelectedKeysOptimized(NioEventLoop.java:579)
	at org.apache.ratis.thirdparty.io.netty.channel.nio.NioEventLoop.processSelectedKeys(NioEventLoop.java:496)
	at org.apache.ratis.thirdparty.io.netty.channel.nio.NioEventLoop.run(NioEventLoop.java:458)
	at org.apache.ratis.thirdparty.io.netty.util.concurrent.SingleThreadEventExecutor$5.run(SingleThreadEventExecutor.java:897)
	at org.apache.ratis.thirdparty.io.netty.util.concurrent.FastThreadLocalRunnable.run(FastThreadLocalRunnable.java:30)
	... 1 more
Caused by: java.net.ConnectException: Connection refused
	... 11 more
2019-10-18 14:30:40,634 [681edbc6-a1fc-42a4-b5ce-4922820de60a@group-FD33B9583E3C-LeaderElection172] INFO  impl.RaftServerImpl (RaftServerImpl.java:setRole(184)) - 681edbc6-a1fc-42a4-b5ce-4922820de60a@group-FD33B9583E3C: changes role from CANDIDATE to FOLLOWER at term 172 for DISCOVERED_A_NEW_TERM
2019-10-18 14:30:40,634 [681edbc6-a1fc-42a4-b5ce-4922820de60a@group-FD33B9583E3C-LeaderElection172] INFO  impl.RoleInfo (RoleInfo.java:shutdownLeaderElection(134)) - 681edbc6-a1fc-42a4-b5ce-4922820de60a: shutdown LeaderElection
2019-10-18 14:30:40,634 [681edbc6-a1fc-42a4-b5ce-4922820de60a@group-FD33B9583E3C-LeaderElection172] INFO  impl.RoleInfo (RoleInfo.java:updateAndGet(143)) - 681edbc6-a1fc-42a4-b5ce-4922820de60a: start FollowerState
2019-10-18 14:30:40,717 [java.util.concurrent.ThreadPoolExecutor$Worker@4efed47c[State = -1, empty queue]] WARN  server.GrpcLogAppender (GrpcLogAppender.java:timeoutAppendRequest(209)) - 46c14060-ea78-4b5a-b57c-064e4766b234@group-45DBFE4B8A65->a4757974-e77e-4a1a-a400-c32fe273093a-GrpcLogAppender: appendEntries Timeout, request=46c14060-ea78-4b5a-b57c-064e4766b234->a4757974-e77e-4a1a-a400-c32fe273093a#44-t3, previous=(t:3, i:4), leaderCommit=4, initializing? false, entries: <empty>
2019-10-18 14:30:40,717 [java.util.concurrent.ThreadPoolExecutor$Worker@108d80c3[State = -1, empty queue]] WARN  server.GrpcLogAppender (GrpcLogAppender.java:timeoutAppendRequest(209)) - 46c14060-ea78-4b5a-b57c-064e4766b234@group-45DBFE4B8A65->55013cf6-f41f-4339-a52c-06c119893914-GrpcLogAppender: appendEntries Timeout, request=46c14060-ea78-4b5a-b57c-064e4766b234->55013cf6-f41f-4339-a52c-06c119893914#44-t3, previous=(t:3, i:4), leaderCommit=4, initializing? false, entries: <empty>
2019-10-18 14:30:40,770 [Thread-1648] INFO  impl.FollowerState (FollowerState.java:run(108)) - 681edbc6-a1fc-42a4-b5ce-4922820de60a@group-FD33B9583E3C-FollowerState: change to CANDIDATE, lastRpcTime:135ms, electionTimeout:135ms
2019-10-18 14:30:40,770 [Thread-1648] INFO  impl.RoleInfo (RoleInfo.java:shutdownFollowerState(121)) - 681edbc6-a1fc-42a4-b5ce-4922820de60a: shutdown FollowerState
2019-10-18 14:30:40,770 [Thread-1648] INFO  impl.RaftServerImpl (RaftServerImpl.java:setRole(184)) - 681edbc6-a1fc-42a4-b5ce-4922820de60a@group-FD33B9583E3C: changes role from  FOLLOWER to CANDIDATE at term 172 for changeToCandidate
2019-10-18 14:30:40,770 [Thread-1648] INFO  impl.RoleInfo (RoleInfo.java:updateAndGet(143)) - 681edbc6-a1fc-42a4-b5ce-4922820de60a: start LeaderElection
2019-10-18 14:30:40,783 [681edbc6-a1fc-42a4-b5ce-4922820de60a@group-FD33B9583E3C-LeaderElection173] INFO  impl.LeaderElection (LeaderElection.java:askForVotes(178)) - 681edbc6-a1fc-42a4-b5ce-4922820de60a@group-FD33B9583E3C-LeaderElection173: begin an election at term 173 for -1: [3ee7b367-7b16-44e1-99f8-43aefeda0876:192.168.164.233:46080, 681edbc6-a1fc-42a4-b5ce-4922820de60a:192.168.164.233:44267, 773cce60-eeca-4c1f-a5ec-70084be8b6b9:192.168.164.233:38729], old=null
2019-10-18 14:30:40,784 [681edbc6-a1fc-42a4-b5ce-4922820de60a@group-FD33B9583E3C-LeaderElection173] INFO  impl.LeaderElection (LogUtils.java:infoOrTrace(149)) - 681edbc6-a1fc-42a4-b5ce-4922820de60a@group-FD33B9583E3C-LeaderElection173 got exception when requesting votes: {}
java.util.concurrent.ExecutionException: org.apache.ratis.thirdparty.io.grpc.StatusRuntimeException: UNAVAILABLE: io exception
	at java.util.concurrent.FutureTask.report(FutureTask.java:122)
	at java.util.concurrent.FutureTask.get(FutureTask.java:192)
	at org.apache.ratis.server.impl.LeaderElection.waitForResults(LeaderElection.java:259)
	at org.apache.ratis.server.impl.LeaderElection.askForVotes(LeaderElection.java:197)
	at org.apache.ratis.server.impl.LeaderElection.run(LeaderElection.java:133)
	at java.lang.Thread.run(Thread.java:748)
Caused by: org.apache.ratis.thirdparty.io.grpc.StatusRuntimeException: UNAVAILABLE: io exception
	at org.apache.ratis.thirdparty.io.grpc.stub.ClientCalls.toStatusRuntimeException(ClientCalls.java:233)
	at org.apache.ratis.thirdparty.io.grpc.stub.ClientCalls.getUnchecked(ClientCalls.java:214)
	at org.apache.ratis.thirdparty.io.grpc.stub.ClientCalls.blockingUnaryCall(ClientCalls.java:139)
	at org.apache.ratis.proto.grpc.RaftServerProtocolServiceGrpc$RaftServerProtocolServiceBlockingStub.requestVote(RaftServerProtocolServiceGrpc.java:265)
	at org.apache.ratis.grpc.server.GrpcServerProtocolClient.requestVote(GrpcServerProtocolClient.java:99)
	at org.apache.ratis.grpc.server.GrpcService.requestVote(GrpcService.java:204)
	at org.apache.ratis.server.impl.LeaderElection.lambda$submitRequests$1(LeaderElection.java:234)
	at java.util.concurrent.FutureTask.run(FutureTask.java:266)
	at java.util.concurrent.Executors$RunnableAdapter.call(Executors.java:511)
	at java.util.concurrent.FutureTask.run(FutureTask.java:266)
	at java.util.concurrent.ThreadPoolExecutor.runWorker(ThreadPoolExecutor.java:1149)
	at java.util.concurrent.ThreadPoolExecutor$Worker.run(ThreadPoolExecutor.java:624)
	... 1 more
Caused by: org.apache.ratis.thirdparty.io.netty.channel.AbstractChannel$AnnotatedConnectException: Connection refused: /192.168.164.233:46080
	at sun.nio.ch.SocketChannelImpl.checkConnect(Native Method)
	at sun.nio.ch.SocketChannelImpl.finishConnect(SocketChannelImpl.java:717)
	at org.apache.ratis.thirdparty.io.netty.channel.socket.nio.NioSocketChannel.doFinishConnect(NioSocketChannel.java:327)
	at org.apache.ratis.thirdparty.io.netty.channel.nio.AbstractNioChannel$AbstractNioUnsafe.finishConnect(AbstractNioChannel.java:340)
	at org.apache.ratis.thirdparty.io.netty.channel.nio.NioEventLoop.processSelectedKey(NioEventLoop.java:632)
	at org.apache.ratis.thirdparty.io.netty.channel.nio.NioEventLoop.processSelectedKeysOptimized(NioEventLoop.java:579)
	at org.apache.ratis.thirdparty.io.netty.channel.nio.NioEventLoop.processSelectedKeys(NioEventLoop.java:496)
	at org.apache.ratis.thirdparty.io.netty.channel.nio.NioEventLoop.run(NioEventLoop.java:458)
	at org.apache.ratis.thirdparty.io.netty.util.concurrent.SingleThreadEventExecutor$5.run(SingleThreadEventExecutor.java:897)
	at org.apache.ratis.thirdparty.io.netty.util.concurrent.FastThreadLocalRunnable.run(FastThreadLocalRunnable.java:30)
	... 1 more
Caused by: java.net.ConnectException: Connection refused
	... 11 more
2019-10-18 14:30:40,786 [681edbc6-a1fc-42a4-b5ce-4922820de60a@group-FD33B9583E3C-LeaderElection173] INFO  impl.LeaderElection (LogUtils.java:infoOrTrace(149)) - 681edbc6-a1fc-42a4-b5ce-4922820de60a@group-FD33B9583E3C-LeaderElection173 got exception when requesting votes: {}
java.util.concurrent.ExecutionException: org.apache.ratis.thirdparty.io.grpc.StatusRuntimeException: UNAVAILABLE: io exception
	at java.util.concurrent.FutureTask.report(FutureTask.java:122)
	at java.util.concurrent.FutureTask.get(FutureTask.java:192)
	at org.apache.ratis.server.impl.LeaderElection.waitForResults(LeaderElection.java:259)
	at org.apache.ratis.server.impl.LeaderElection.askForVotes(LeaderElection.java:197)
	at org.apache.ratis.server.impl.LeaderElection.run(LeaderElection.java:133)
	at java.lang.Thread.run(Thread.java:748)
Caused by: org.apache.ratis.thirdparty.io.grpc.StatusRuntimeException: UNAVAILABLE: io exception
	at org.apache.ratis.thirdparty.io.grpc.stub.ClientCalls.toStatusRuntimeException(ClientCalls.java:233)
	at org.apache.ratis.thirdparty.io.grpc.stub.ClientCalls.getUnchecked(ClientCalls.java:214)
	at org.apache.ratis.thirdparty.io.grpc.stub.ClientCalls.blockingUnaryCall(ClientCalls.java:139)
	at org.apache.ratis.proto.grpc.RaftServerProtocolServiceGrpc$RaftServerProtocolServiceBlockingStub.requestVote(RaftServerProtocolServiceGrpc.java:265)
	at org.apache.ratis.grpc.server.GrpcServerProtocolClient.requestVote(GrpcServerProtocolClient.java:99)
	at org.apache.ratis.grpc.server.GrpcService.requestVote(GrpcService.java:204)
	at org.apache.ratis.server.impl.LeaderElection.lambda$submitRequests$1(LeaderElection.java:234)
	at java.util.concurrent.FutureTask.run(FutureTask.java:266)
	at java.util.concurrent.Executors$RunnableAdapter.call(Executors.java:511)
	at java.util.concurrent.FutureTask.run(FutureTask.java:266)
	at java.util.concurrent.ThreadPoolExecutor.runWorker(ThreadPoolExecutor.java:1149)
	at java.util.concurrent.ThreadPoolExecutor$Worker.run(ThreadPoolExecutor.java:624)
	... 1 more
Caused by: org.apache.ratis.thirdparty.io.netty.channel.AbstractChannel$AnnotatedConnectException: Connection refused: /192.168.164.233:38729
	at sun.nio.ch.SocketChannelImpl.checkConnect(Native Method)
	at sun.nio.ch.SocketChannelImpl.finishConnect(SocketChannelImpl.java:717)
	at org.apache.ratis.thirdparty.io.netty.channel.socket.nio.NioSocketChannel.doFinishConnect(NioSocketChannel.java:327)
	at org.apache.ratis.thirdparty.io.netty.channel.nio.AbstractNioChannel$AbstractNioUnsafe.finishConnect(AbstractNioChannel.java:340)
	at org.apache.ratis.thirdparty.io.netty.channel.nio.NioEventLoop.processSelectedKey(NioEventLoop.java:632)
	at org.apache.ratis.thirdparty.io.netty.channel.nio.NioEventLoop.processSelectedKeysOptimized(NioEventLoop.java:579)
	at org.apache.ratis.thirdparty.io.netty.channel.nio.NioEventLoop.processSelectedKeys(NioEventLoop.java:496)
	at org.apache.ratis.thirdparty.io.netty.channel.nio.NioEventLoop.run(NioEventLoop.java:458)
	at org.apache.ratis.thirdparty.io.netty.util.concurrent.SingleThreadEventExecutor$5.run(SingleThreadEventExecutor.java:897)
	at org.apache.ratis.thirdparty.io.netty.util.concurrent.FastThreadLocalRunnable.run(FastThreadLocalRunnable.java:30)
	... 1 more
Caused by: java.net.ConnectException: Connection refused
	... 11 more
2019-10-18 14:30:40,787 [681edbc6-a1fc-42a4-b5ce-4922820de60a@group-FD33B9583E3C-LeaderElection173] INFO  impl.LeaderElection (LeaderElection.java:logAndReturn(56)) - 681edbc6-a1fc-42a4-b5ce-4922820de60a@group-FD33B9583E3C-LeaderElection173: Election REJECTED; received 0 response(s) [] and 2 exception(s); 681edbc6-a1fc-42a4-b5ce-4922820de60a@group-FD33B9583E3C:t173, leader=null, voted=681edbc6-a1fc-42a4-b5ce-4922820de60a, raftlog=681edbc6-a1fc-42a4-b5ce-4922820de60a@group-FD33B9583E3C-SegmentedRaftLog:OPENED:c-1,f-1,i0, conf=-1: [3ee7b367-7b16-44e1-99f8-43aefeda0876:192.168.164.233:46080, 681edbc6-a1fc-42a4-b5ce-4922820de60a:192.168.164.233:44267, 773cce60-eeca-4c1f-a5ec-70084be8b6b9:192.168.164.233:38729], old=null
2019-10-18 14:30:40,788 [681edbc6-a1fc-42a4-b5ce-4922820de60a@group-FD33B9583E3C-LeaderElection173] INFO  impl.LeaderElection (LogUtils.java:infoOrTrace(149)) -   Exception 0: {}
java.util.concurrent.ExecutionException: org.apache.ratis.thirdparty.io.grpc.StatusRuntimeException: UNAVAILABLE: io exception
	at java.util.concurrent.FutureTask.report(FutureTask.java:122)
	at java.util.concurrent.FutureTask.get(FutureTask.java:192)
	at org.apache.ratis.server.impl.LeaderElection.waitForResults(LeaderElection.java:259)
	at org.apache.ratis.server.impl.LeaderElection.askForVotes(LeaderElection.java:197)
	at org.apache.ratis.server.impl.LeaderElection.run(LeaderElection.java:133)
	at java.lang.Thread.run(Thread.java:748)
Caused by: org.apache.ratis.thirdparty.io.grpc.StatusRuntimeException: UNAVAILABLE: io exception
	at org.apache.ratis.thirdparty.io.grpc.stub.ClientCalls.toStatusRuntimeException(ClientCalls.java:233)
	at org.apache.ratis.thirdparty.io.grpc.stub.ClientCalls.getUnchecked(ClientCalls.java:214)
	at org.apache.ratis.thirdparty.io.grpc.stub.ClientCalls.blockingUnaryCall(ClientCalls.java:139)
	at org.apache.ratis.proto.grpc.RaftServerProtocolServiceGrpc$RaftServerProtocolServiceBlockingStub.requestVote(RaftServerProtocolServiceGrpc.java:265)
	at org.apache.ratis.grpc.server.GrpcServerProtocolClient.requestVote(GrpcServerProtocolClient.java:99)
	at org.apache.ratis.grpc.server.GrpcService.requestVote(GrpcService.java:204)
	at org.apache.ratis.server.impl.LeaderElection.lambda$submitRequests$1(LeaderElection.java:234)
	at java.util.concurrent.FutureTask.run(FutureTask.java:266)
	at java.util.concurrent.Executors$RunnableAdapter.call(Executors.java:511)
	at java.util.concurrent.FutureTask.run(FutureTask.java:266)
	at java.util.concurrent.ThreadPoolExecutor.runWorker(ThreadPoolExecutor.java:1149)
	at java.util.concurrent.ThreadPoolExecutor$Worker.run(ThreadPoolExecutor.java:624)
	... 1 more
Caused by: org.apache.ratis.thirdparty.io.netty.channel.AbstractChannel$AnnotatedConnectException: Connection refused: /192.168.164.233:46080
	at sun.nio.ch.SocketChannelImpl.checkConnect(Native Method)
	at sun.nio.ch.SocketChannelImpl.finishConnect(SocketChannelImpl.java:717)
	at org.apache.ratis.thirdparty.io.netty.channel.socket.nio.NioSocketChannel.doFinishConnect(NioSocketChannel.java:327)
	at org.apache.ratis.thirdparty.io.netty.channel.nio.AbstractNioChannel$AbstractNioUnsafe.finishConnect(AbstractNioChannel.java:340)
	at org.apache.ratis.thirdparty.io.netty.channel.nio.NioEventLoop.processSelectedKey(NioEventLoop.java:632)
	at org.apache.ratis.thirdparty.io.netty.channel.nio.NioEventLoop.processSelectedKeysOptimized(NioEventLoop.java:579)
	at org.apache.ratis.thirdparty.io.netty.channel.nio.NioEventLoop.processSelectedKeys(NioEventLoop.java:496)
	at org.apache.ratis.thirdparty.io.netty.channel.nio.NioEventLoop.run(NioEventLoop.java:458)
	at org.apache.ratis.thirdparty.io.netty.util.concurrent.SingleThreadEventExecutor$5.run(SingleThreadEventExecutor.java:897)
	at org.apache.ratis.thirdparty.io.netty.util.concurrent.FastThreadLocalRunnable.run(FastThreadLocalRunnable.java:30)
	... 1 more
Caused by: java.net.ConnectException: Connection refused
	... 11 more
2019-10-18 14:30:40,788 [681edbc6-a1fc-42a4-b5ce-4922820de60a@group-FD33B9583E3C-LeaderElection173] INFO  impl.LeaderElection (LogUtils.java:infoOrTrace(149)) -   Exception 1: {}
java.util.concurrent.ExecutionException: org.apache.ratis.thirdparty.io.grpc.StatusRuntimeException: UNAVAILABLE: io exception
	at java.util.concurrent.FutureTask.report(FutureTask.java:122)
	at java.util.concurrent.FutureTask.get(FutureTask.java:192)
	at org.apache.ratis.server.impl.LeaderElection.waitForResults(LeaderElection.java:259)
	at org.apache.ratis.server.impl.LeaderElection.askForVotes(LeaderElection.java:197)
	at org.apache.ratis.server.impl.LeaderElection.run(LeaderElection.java:133)
	at java.lang.Thread.run(Thread.java:748)
Caused by: org.apache.ratis.thirdparty.io.grpc.StatusRuntimeException: UNAVAILABLE: io exception
	at org.apache.ratis.thirdparty.io.grpc.stub.ClientCalls.toStatusRuntimeException(ClientCalls.java:233)
	at org.apache.ratis.thirdparty.io.grpc.stub.ClientCalls.getUnchecked(ClientCalls.java:214)
	at org.apache.ratis.thirdparty.io.grpc.stub.ClientCalls.blockingUnaryCall(ClientCalls.java:139)
	at org.apache.ratis.proto.grpc.RaftServerProtocolServiceGrpc$RaftServerProtocolServiceBlockingStub.requestVote(RaftServerProtocolServiceGrpc.java:265)
	at org.apache.ratis.grpc.server.GrpcServerProtocolClient.requestVote(GrpcServerProtocolClient.java:99)
	at org.apache.ratis.grpc.server.GrpcService.requestVote(GrpcService.java:204)
	at org.apache.ratis.server.impl.LeaderElection.lambda$submitRequests$1(LeaderElection.java:234)
	at java.util.concurrent.FutureTask.run(FutureTask.java:266)
	at java.util.concurrent.Executors$RunnableAdapter.call(Executors.java:511)
	at java.util.concurrent.FutureTask.run(FutureTask.java:266)
	at java.util.concurrent.ThreadPoolExecutor.runWorker(ThreadPoolExecutor.java:1149)
	at java.util.concurrent.ThreadPoolExecutor$Worker.run(ThreadPoolExecutor.java:624)
	... 1 more
Caused by: org.apache.ratis.thirdparty.io.netty.channel.AbstractChannel$AnnotatedConnectException: Connection refused: /192.168.164.233:38729
	at sun.nio.ch.SocketChannelImpl.checkConnect(Native Method)
	at sun.nio.ch.SocketChannelImpl.finishConnect(SocketChannelImpl.java:717)
	at org.apache.ratis.thirdparty.io.netty.channel.socket.nio.NioSocketChannel.doFinishConnect(NioSocketChannel.java:327)
	at org.apache.ratis.thirdparty.io.netty.channel.nio.AbstractNioChannel$AbstractNioUnsafe.finishConnect(AbstractNioChannel.java:340)
	at org.apache.ratis.thirdparty.io.netty.channel.nio.NioEventLoop.processSelectedKey(NioEventLoop.java:632)
	at org.apache.ratis.thirdparty.io.netty.channel.nio.NioEventLoop.processSelectedKeysOptimized(NioEventLoop.java:579)
	at org.apache.ratis.thirdparty.io.netty.channel.nio.NioEventLoop.processSelectedKeys(NioEventLoop.java:496)
	at org.apache.ratis.thirdparty.io.netty.channel.nio.NioEventLoop.run(NioEventLoop.java:458)
	at org.apache.ratis.thirdparty.io.netty.util.concurrent.SingleThreadEventExecutor$5.run(SingleThreadEventExecutor.java:897)
	at org.apache.ratis.thirdparty.io.netty.util.concurrent.FastThreadLocalRunnable.run(FastThreadLocalRunnable.java:30)
	... 1 more
Caused by: java.net.ConnectException: Connection refused
	... 11 more
2019-10-18 14:30:40,788 [681edbc6-a1fc-42a4-b5ce-4922820de60a@group-FD33B9583E3C-LeaderElection173] INFO  impl.RaftServerImpl (RaftServerImpl.java:setRole(184)) - 681edbc6-a1fc-42a4-b5ce-4922820de60a@group-FD33B9583E3C: changes role from CANDIDATE to FOLLOWER at term 173 for DISCOVERED_A_NEW_TERM
2019-10-18 14:30:40,788 [681edbc6-a1fc-42a4-b5ce-4922820de60a@group-FD33B9583E3C-LeaderElection173] INFO  impl.RoleInfo (RoleInfo.java:shutdownLeaderElection(134)) - 681edbc6-a1fc-42a4-b5ce-4922820de60a: shutdown LeaderElection
2019-10-18 14:30:40,788 [681edbc6-a1fc-42a4-b5ce-4922820de60a@group-FD33B9583E3C-LeaderElection173] INFO  impl.RoleInfo (RoleInfo.java:updateAndGet(143)) - 681edbc6-a1fc-42a4-b5ce-4922820de60a: start FollowerState
2019-10-18 14:30:40,966 [Thread-1652] INFO  impl.FollowerState (FollowerState.java:run(108)) - 681edbc6-a1fc-42a4-b5ce-4922820de60a@group-FD33B9583E3C-FollowerState: change to CANDIDATE, lastRpcTime:178ms, electionTimeout:178ms
2019-10-18 14:30:40,967 [Thread-1652] INFO  impl.RoleInfo (RoleInfo.java:shutdownFollowerState(121)) - 681edbc6-a1fc-42a4-b5ce-4922820de60a: shutdown FollowerState
2019-10-18 14:30:40,967 [Thread-1652] INFO  impl.RaftServerImpl (RaftServerImpl.java:setRole(184)) - 681edbc6-a1fc-42a4-b5ce-4922820de60a@group-FD33B9583E3C: changes role from  FOLLOWER to CANDIDATE at term 173 for changeToCandidate
2019-10-18 14:30:40,967 [Thread-1652] INFO  impl.RoleInfo (RoleInfo.java:updateAndGet(143)) - 681edbc6-a1fc-42a4-b5ce-4922820de60a: start LeaderElection
2019-10-18 14:30:40,980 [681edbc6-a1fc-42a4-b5ce-4922820de60a@group-FD33B9583E3C-LeaderElection174] INFO  impl.LeaderElection (LeaderElection.java:askForVotes(178)) - 681edbc6-a1fc-42a4-b5ce-4922820de60a@group-FD33B9583E3C-LeaderElection174: begin an election at term 174 for -1: [3ee7b367-7b16-44e1-99f8-43aefeda0876:192.168.164.233:46080, 681edbc6-a1fc-42a4-b5ce-4922820de60a:192.168.164.233:44267, 773cce60-eeca-4c1f-a5ec-70084be8b6b9:192.168.164.233:38729], old=null
2019-10-18 14:30:40,981 [681edbc6-a1fc-42a4-b5ce-4922820de60a@group-FD33B9583E3C-LeaderElection174] INFO  impl.LeaderElection (LogUtils.java:infoOrTrace(149)) - 681edbc6-a1fc-42a4-b5ce-4922820de60a@group-FD33B9583E3C-LeaderElection174 got exception when requesting votes: {}
java.util.concurrent.ExecutionException: org.apache.ratis.thirdparty.io.grpc.StatusRuntimeException: UNAVAILABLE: io exception
	at java.util.concurrent.FutureTask.report(FutureTask.java:122)
	at java.util.concurrent.FutureTask.get(FutureTask.java:192)
	at org.apache.ratis.server.impl.LeaderElection.waitForResults(LeaderElection.java:259)
	at org.apache.ratis.server.impl.LeaderElection.askForVotes(LeaderElection.java:197)
	at org.apache.ratis.server.impl.LeaderElection.run(LeaderElection.java:133)
	at java.lang.Thread.run(Thread.java:748)
Caused by: org.apache.ratis.thirdparty.io.grpc.StatusRuntimeException: UNAVAILABLE: io exception
	at org.apache.ratis.thirdparty.io.grpc.stub.ClientCalls.toStatusRuntimeException(ClientCalls.java:233)
	at org.apache.ratis.thirdparty.io.grpc.stub.ClientCalls.getUnchecked(ClientCalls.java:214)
	at org.apache.ratis.thirdparty.io.grpc.stub.ClientCalls.blockingUnaryCall(ClientCalls.java:139)
	at org.apache.ratis.proto.grpc.RaftServerProtocolServiceGrpc$RaftServerProtocolServiceBlockingStub.requestVote(RaftServerProtocolServiceGrpc.java:265)
	at org.apache.ratis.grpc.server.GrpcServerProtocolClient.requestVote(GrpcServerProtocolClient.java:99)
	at org.apache.ratis.grpc.server.GrpcService.requestVote(GrpcService.java:204)
	at org.apache.ratis.server.impl.LeaderElection.lambda$submitRequests$1(LeaderElection.java:234)
	at java.util.concurrent.FutureTask.run(FutureTask.java:266)
	at java.util.concurrent.Executors$RunnableAdapter.call(Executors.java:511)
	at java.util.concurrent.FutureTask.run(FutureTask.java:266)
	at java.util.concurrent.ThreadPoolExecutor.runWorker(ThreadPoolExecutor.java:1149)
	at java.util.concurrent.ThreadPoolExecutor$Worker.run(ThreadPoolExecutor.java:624)
	... 1 more
Caused by: org.apache.ratis.thirdparty.io.netty.channel.AbstractChannel$AnnotatedConnectException: Connection refused: /192.168.164.233:46080
	at sun.nio.ch.SocketChannelImpl.checkConnect(Native Method)
	at sun.nio.ch.SocketChannelImpl.finishConnect(SocketChannelImpl.java:717)
	at org.apache.ratis.thirdparty.io.netty.channel.socket.nio.NioSocketChannel.doFinishConnect(NioSocketChannel.java:327)
	at org.apache.ratis.thirdparty.io.netty.channel.nio.AbstractNioChannel$AbstractNioUnsafe.finishConnect(AbstractNioChannel.java:340)
	at org.apache.ratis.thirdparty.io.netty.channel.nio.NioEventLoop.processSelectedKey(NioEventLoop.java:632)
	at org.apache.ratis.thirdparty.io.netty.channel.nio.NioEventLoop.processSelectedKeysOptimized(NioEventLoop.java:579)
	at org.apache.ratis.thirdparty.io.netty.channel.nio.NioEventLoop.processSelectedKeys(NioEventLoop.java:496)
	at org.apache.ratis.thirdparty.io.netty.channel.nio.NioEventLoop.run(NioEventLoop.java:458)
	at org.apache.ratis.thirdparty.io.netty.util.concurrent.SingleThreadEventExecutor$5.run(SingleThreadEventExecutor.java:897)
	at org.apache.ratis.thirdparty.io.netty.util.concurrent.FastThreadLocalRunnable.run(FastThreadLocalRunnable.java:30)
	... 1 more
Caused by: java.net.ConnectException: Connection refused
	... 11 more
2019-10-18 14:30:40,983 [681edbc6-a1fc-42a4-b5ce-4922820de60a@group-FD33B9583E3C-LeaderElection174] INFO  impl.LeaderElection (LogUtils.java:infoOrTrace(149)) - 681edbc6-a1fc-42a4-b5ce-4922820de60a@group-FD33B9583E3C-LeaderElection174 got exception when requesting votes: {}
java.util.concurrent.ExecutionException: org.apache.ratis.thirdparty.io.grpc.StatusRuntimeException: UNAVAILABLE: io exception
	at java.util.concurrent.FutureTask.report(FutureTask.java:122)
	at java.util.concurrent.FutureTask.get(FutureTask.java:192)
	at org.apache.ratis.server.impl.LeaderElection.waitForResults(LeaderElection.java:259)
	at org.apache.ratis.server.impl.LeaderElection.askForVotes(LeaderElection.java:197)
	at org.apache.ratis.server.impl.LeaderElection.run(LeaderElection.java:133)
	at java.lang.Thread.run(Thread.java:748)
Caused by: org.apache.ratis.thirdparty.io.grpc.StatusRuntimeException: UNAVAILABLE: io exception
	at org.apache.ratis.thirdparty.io.grpc.stub.ClientCalls.toStatusRuntimeException(ClientCalls.java:233)
	at org.apache.ratis.thirdparty.io.grpc.stub.ClientCalls.getUnchecked(ClientCalls.java:214)
	at org.apache.ratis.thirdparty.io.grpc.stub.ClientCalls.blockingUnaryCall(ClientCalls.java:139)
	at org.apache.ratis.proto.grpc.RaftServerProtocolServiceGrpc$RaftServerProtocolServiceBlockingStub.requestVote(RaftServerProtocolServiceGrpc.java:265)
	at org.apache.ratis.grpc.server.GrpcServerProtocolClient.requestVote(GrpcServerProtocolClient.java:99)
	at org.apache.ratis.grpc.server.GrpcService.requestVote(GrpcService.java:204)
	at org.apache.ratis.server.impl.LeaderElection.lambda$submitRequests$1(LeaderElection.java:234)
	at java.util.concurrent.FutureTask.run(FutureTask.java:266)
	at java.util.concurrent.Executors$RunnableAdapter.call(Executors.java:511)
	at java.util.concurrent.FutureTask.run(FutureTask.java:266)
	at java.util.concurrent.ThreadPoolExecutor.runWorker(ThreadPoolExecutor.java:1149)
	at java.util.concurrent.ThreadPoolExecutor$Worker.run(ThreadPoolExecutor.java:624)
	... 1 more
Caused by: org.apache.ratis.thirdparty.io.netty.channel.AbstractChannel$AnnotatedConnectException: Connection refused: /192.168.164.233:38729
	at sun.nio.ch.SocketChannelImpl.checkConnect(Native Method)
	at sun.nio.ch.SocketChannelImpl.finishConnect(SocketChannelImpl.java:717)
	at org.apache.ratis.thirdparty.io.netty.channel.socket.nio.NioSocketChannel.doFinishConnect(NioSocketChannel.java:327)
	at org.apache.ratis.thirdparty.io.netty.channel.nio.AbstractNioChannel$AbstractNioUnsafe.finishConnect(AbstractNioChannel.java:340)
	at org.apache.ratis.thirdparty.io.netty.channel.nio.NioEventLoop.processSelectedKey(NioEventLoop.java:632)
	at org.apache.ratis.thirdparty.io.netty.channel.nio.NioEventLoop.processSelectedKeysOptimized(NioEventLoop.java:579)
	at org.apache.ratis.thirdparty.io.netty.channel.nio.NioEventLoop.processSelectedKeys(NioEventLoop.java:496)
	at org.apache.ratis.thirdparty.io.netty.channel.nio.NioEventLoop.run(NioEventLoop.java:458)
	at org.apache.ratis.thirdparty.io.netty.util.concurrent.SingleThreadEventExecutor$5.run(SingleThreadEventExecutor.java:897)
	at org.apache.ratis.thirdparty.io.netty.util.concurrent.FastThreadLocalRunnable.run(FastThreadLocalRunnable.java:30)
	... 1 more
Caused by: java.net.ConnectException: Connection refused
	... 11 more
2019-10-18 14:30:40,985 [681edbc6-a1fc-42a4-b5ce-4922820de60a@group-FD33B9583E3C-LeaderElection174] INFO  impl.LeaderElection (LeaderElection.java:logAndReturn(56)) - 681edbc6-a1fc-42a4-b5ce-4922820de60a@group-FD33B9583E3C-LeaderElection174: Election REJECTED; received 0 response(s) [] and 2 exception(s); 681edbc6-a1fc-42a4-b5ce-4922820de60a@group-FD33B9583E3C:t174, leader=null, voted=681edbc6-a1fc-42a4-b5ce-4922820de60a, raftlog=681edbc6-a1fc-42a4-b5ce-4922820de60a@group-FD33B9583E3C-SegmentedRaftLog:OPENED:c-1,f-1,i0, conf=-1: [3ee7b367-7b16-44e1-99f8-43aefeda0876:192.168.164.233:46080, 681edbc6-a1fc-42a4-b5ce-4922820de60a:192.168.164.233:44267, 773cce60-eeca-4c1f-a5ec-70084be8b6b9:192.168.164.233:38729], old=null
2019-10-18 14:30:40,985 [681edbc6-a1fc-42a4-b5ce-4922820de60a@group-FD33B9583E3C-LeaderElection174] INFO  impl.LeaderElection (LogUtils.java:infoOrTrace(149)) -   Exception 0: {}
java.util.concurrent.ExecutionException: org.apache.ratis.thirdparty.io.grpc.StatusRuntimeException: UNAVAILABLE: io exception
	at java.util.concurrent.FutureTask.report(FutureTask.java:122)
	at java.util.concurrent.FutureTask.get(FutureTask.java:192)
	at org.apache.ratis.server.impl.LeaderElection.waitForResults(LeaderElection.java:259)
	at org.apache.ratis.server.impl.LeaderElection.askForVotes(LeaderElection.java:197)
	at org.apache.ratis.server.impl.LeaderElection.run(LeaderElection.java:133)
	at java.lang.Thread.run(Thread.java:748)
Caused by: org.apache.ratis.thirdparty.io.grpc.StatusRuntimeException: UNAVAILABLE: io exception
	at org.apache.ratis.thirdparty.io.grpc.stub.ClientCalls.toStatusRuntimeException(ClientCalls.java:233)
	at org.apache.ratis.thirdparty.io.grpc.stub.ClientCalls.getUnchecked(ClientCalls.java:214)
	at org.apache.ratis.thirdparty.io.grpc.stub.ClientCalls.blockingUnaryCall(ClientCalls.java:139)
	at org.apache.ratis.proto.grpc.RaftServerProtocolServiceGrpc$RaftServerProtocolServiceBlockingStub.requestVote(RaftServerProtocolServiceGrpc.java:265)
	at org.apache.ratis.grpc.server.GrpcServerProtocolClient.requestVote(GrpcServerProtocolClient.java:99)
	at org.apache.ratis.grpc.server.GrpcService.requestVote(GrpcService.java:204)
	at org.apache.ratis.server.impl.LeaderElection.lambda$submitRequests$1(LeaderElection.java:234)
	at java.util.concurrent.FutureTask.run(FutureTask.java:266)
	at java.util.concurrent.Executors$RunnableAdapter.call(Executors.java:511)
	at java.util.concurrent.FutureTask.run(FutureTask.java:266)
	at java.util.concurrent.ThreadPoolExecutor.runWorker(ThreadPoolExecutor.java:1149)
	at java.util.concurrent.ThreadPoolExecutor$Worker.run(ThreadPoolExecutor.java:624)
	... 1 more
Caused by: org.apache.ratis.thirdparty.io.netty.channel.AbstractChannel$AnnotatedConnectException: Connection refused: /192.168.164.233:46080
	at sun.nio.ch.SocketChannelImpl.checkConnect(Native Method)
	at sun.nio.ch.SocketChannelImpl.finishConnect(SocketChannelImpl.java:717)
	at org.apache.ratis.thirdparty.io.netty.channel.socket.nio.NioSocketChannel.doFinishConnect(NioSocketChannel.java:327)
	at org.apache.ratis.thirdparty.io.netty.channel.nio.AbstractNioChannel$AbstractNioUnsafe.finishConnect(AbstractNioChannel.java:340)
	at org.apache.ratis.thirdparty.io.netty.channel.nio.NioEventLoop.processSelectedKey(NioEventLoop.java:632)
	at org.apache.ratis.thirdparty.io.netty.channel.nio.NioEventLoop.processSelectedKeysOptimized(NioEventLoop.java:579)
	at org.apache.ratis.thirdparty.io.netty.channel.nio.NioEventLoop.processSelectedKeys(NioEventLoop.java:496)
	at org.apache.ratis.thirdparty.io.netty.channel.nio.NioEventLoop.run(NioEventLoop.java:458)
	at org.apache.ratis.thirdparty.io.netty.util.concurrent.SingleThreadEventExecutor$5.run(SingleThreadEventExecutor.java:897)
	at org.apache.ratis.thirdparty.io.netty.util.concurrent.FastThreadLocalRunnable.run(FastThreadLocalRunnable.java:30)
	... 1 more
Caused by: java.net.ConnectException: Connection refused
	... 11 more
2019-10-18 14:30:40,985 [681edbc6-a1fc-42a4-b5ce-4922820de60a@group-FD33B9583E3C-LeaderElection174] INFO  impl.LeaderElection (LogUtils.java:infoOrTrace(149)) -   Exception 1: {}
java.util.concurrent.ExecutionException: org.apache.ratis.thirdparty.io.grpc.StatusRuntimeException: UNAVAILABLE: io exception
	at java.util.concurrent.FutureTask.report(FutureTask.java:122)
	at java.util.concurrent.FutureTask.get(FutureTask.java:192)
	at org.apache.ratis.server.impl.LeaderElection.waitForResults(LeaderElection.java:259)
	at org.apache.ratis.server.impl.LeaderElection.askForVotes(LeaderElection.java:197)
	at org.apache.ratis.server.impl.LeaderElection.run(LeaderElection.java:133)
	at java.lang.Thread.run(Thread.java:748)
Caused by: org.apache.ratis.thirdparty.io.grpc.StatusRuntimeException: UNAVAILABLE: io exception
	at org.apache.ratis.thirdparty.io.grpc.stub.ClientCalls.toStatusRuntimeException(ClientCalls.java:233)
	at org.apache.ratis.thirdparty.io.grpc.stub.ClientCalls.getUnchecked(ClientCalls.java:214)
	at org.apache.ratis.thirdparty.io.grpc.stub.ClientCalls.blockingUnaryCall(ClientCalls.java:139)
	at org.apache.ratis.proto.grpc.RaftServerProtocolServiceGrpc$RaftServerProtocolServiceBlockingStub.requestVote(RaftServerProtocolServiceGrpc.java:265)
	at org.apache.ratis.grpc.server.GrpcServerProtocolClient.requestVote(GrpcServerProtocolClient.java:99)
	at org.apache.ratis.grpc.server.GrpcService.requestVote(GrpcService.java:204)
	at org.apache.ratis.server.impl.LeaderElection.lambda$submitRequests$1(LeaderElection.java:234)
	at java.util.concurrent.FutureTask.run(FutureTask.java:266)
	at java.util.concurrent.Executors$RunnableAdapter.call(Executors.java:511)
	at java.util.concurrent.FutureTask.run(FutureTask.java:266)
	at java.util.concurrent.ThreadPoolExecutor.runWorker(ThreadPoolExecutor.java:1149)
	at java.util.concurrent.ThreadPoolExecutor$Worker.run(ThreadPoolExecutor.java:624)
	... 1 more
Caused by: org.apache.ratis.thirdparty.io.netty.channel.AbstractChannel$AnnotatedConnectException: Connection refused: /192.168.164.233:38729
	at sun.nio.ch.SocketChannelImpl.checkConnect(Native Method)
	at sun.nio.ch.SocketChannelImpl.finishConnect(SocketChannelImpl.java:717)
	at org.apache.ratis.thirdparty.io.netty.channel.socket.nio.NioSocketChannel.doFinishConnect(NioSocketChannel.java:327)
	at org.apache.ratis.thirdparty.io.netty.channel.nio.AbstractNioChannel$AbstractNioUnsafe.finishConnect(AbstractNioChannel.java:340)
	at org.apache.ratis.thirdparty.io.netty.channel.nio.NioEventLoop.processSelectedKey(NioEventLoop.java:632)
	at org.apache.ratis.thirdparty.io.netty.channel.nio.NioEventLoop.processSelectedKeysOptimized(NioEventLoop.java:579)
	at org.apache.ratis.thirdparty.io.netty.channel.nio.NioEventLoop.processSelectedKeys(NioEventLoop.java:496)
	at org.apache.ratis.thirdparty.io.netty.channel.nio.NioEventLoop.run(NioEventLoop.java:458)
	at org.apache.ratis.thirdparty.io.netty.util.concurrent.SingleThreadEventExecutor$5.run(SingleThreadEventExecutor.java:897)
	at org.apache.ratis.thirdparty.io.netty.util.concurrent.FastThreadLocalRunnable.run(FastThreadLocalRunnable.java:30)
	... 1 more
Caused by: java.net.ConnectException: Connection refused
	... 11 more
2019-10-18 14:30:40,985 [681edbc6-a1fc-42a4-b5ce-4922820de60a@group-FD33B9583E3C-LeaderElection174] INFO  impl.RaftServerImpl (RaftServerImpl.java:setRole(184)) - 681edbc6-a1fc-42a4-b5ce-4922820de60a@group-FD33B9583E3C: changes role from CANDIDATE to FOLLOWER at term 174 for DISCOVERED_A_NEW_TERM
2019-10-18 14:30:40,986 [681edbc6-a1fc-42a4-b5ce-4922820de60a@group-FD33B9583E3C-LeaderElection174] INFO  impl.RoleInfo (RoleInfo.java:shutdownLeaderElection(134)) - 681edbc6-a1fc-42a4-b5ce-4922820de60a: shutdown LeaderElection
2019-10-18 14:30:40,986 [681edbc6-a1fc-42a4-b5ce-4922820de60a@group-FD33B9583E3C-LeaderElection174] INFO  impl.RoleInfo (RoleInfo.java:updateAndGet(143)) - 681edbc6-a1fc-42a4-b5ce-4922820de60a: start FollowerState
2019-10-18 14:30:41,091 [Thread-1656] INFO  impl.FollowerState (FollowerState.java:run(108)) - 681edbc6-a1fc-42a4-b5ce-4922820de60a@group-FD33B9583E3C-FollowerState: change to CANDIDATE, lastRpcTime:105ms, electionTimeout:105ms
2019-10-18 14:30:41,092 [Thread-1656] INFO  impl.RoleInfo (RoleInfo.java:shutdownFollowerState(121)) - 681edbc6-a1fc-42a4-b5ce-4922820de60a: shutdown FollowerState
2019-10-18 14:30:41,092 [Thread-1656] INFO  impl.RaftServerImpl (RaftServerImpl.java:setRole(184)) - 681edbc6-a1fc-42a4-b5ce-4922820de60a@group-FD33B9583E3C: changes role from  FOLLOWER to CANDIDATE at term 174 for changeToCandidate
2019-10-18 14:30:41,092 [Thread-1656] INFO  impl.RoleInfo (RoleInfo.java:updateAndGet(143)) - 681edbc6-a1fc-42a4-b5ce-4922820de60a: start LeaderElection
2019-10-18 14:30:41,105 [681edbc6-a1fc-42a4-b5ce-4922820de60a@group-FD33B9583E3C-LeaderElection175] INFO  impl.LeaderElection (LeaderElection.java:askForVotes(178)) - 681edbc6-a1fc-42a4-b5ce-4922820de60a@group-FD33B9583E3C-LeaderElection175: begin an election at term 175 for -1: [3ee7b367-7b16-44e1-99f8-43aefeda0876:192.168.164.233:46080, 681edbc6-a1fc-42a4-b5ce-4922820de60a:192.168.164.233:44267, 773cce60-eeca-4c1f-a5ec-70084be8b6b9:192.168.164.233:38729], old=null
2019-10-18 14:30:41,106 [681edbc6-a1fc-42a4-b5ce-4922820de60a@group-FD33B9583E3C-LeaderElection175] INFO  impl.LeaderElection (LogUtils.java:infoOrTrace(149)) - 681edbc6-a1fc-42a4-b5ce-4922820de60a@group-FD33B9583E3C-LeaderElection175 got exception when requesting votes: {}
java.util.concurrent.ExecutionException: org.apache.ratis.thirdparty.io.grpc.StatusRuntimeException: UNAVAILABLE: io exception
	at java.util.concurrent.FutureTask.report(FutureTask.java:122)
	at java.util.concurrent.FutureTask.get(FutureTask.java:192)
	at org.apache.ratis.server.impl.LeaderElection.waitForResults(LeaderElection.java:259)
	at org.apache.ratis.server.impl.LeaderElection.askForVotes(LeaderElection.java:197)
	at org.apache.ratis.server.impl.LeaderElection.run(LeaderElection.java:133)
	at java.lang.Thread.run(Thread.java:748)
Caused by: org.apache.ratis.thirdparty.io.grpc.StatusRuntimeException: UNAVAILABLE: io exception
	at org.apache.ratis.thirdparty.io.grpc.stub.ClientCalls.toStatusRuntimeException(ClientCalls.java:233)
	at org.apache.ratis.thirdparty.io.grpc.stub.ClientCalls.getUnchecked(ClientCalls.java:214)
	at org.apache.ratis.thirdparty.io.grpc.stub.ClientCalls.blockingUnaryCall(ClientCalls.java:139)
	at org.apache.ratis.proto.grpc.RaftServerProtocolServiceGrpc$RaftServerProtocolServiceBlockingStub.requestVote(RaftServerProtocolServiceGrpc.java:265)
	at org.apache.ratis.grpc.server.GrpcServerProtocolClient.requestVote(GrpcServerProtocolClient.java:99)
	at org.apache.ratis.grpc.server.GrpcService.requestVote(GrpcService.java:204)
	at org.apache.ratis.server.impl.LeaderElection.lambda$submitRequests$1(LeaderElection.java:234)
	at java.util.concurrent.FutureTask.run(FutureTask.java:266)
	at java.util.concurrent.Executors$RunnableAdapter.call(Executors.java:511)
	at java.util.concurrent.FutureTask.run(FutureTask.java:266)
	at java.util.concurrent.ThreadPoolExecutor.runWorker(ThreadPoolExecutor.java:1149)
	at java.util.concurrent.ThreadPoolExecutor$Worker.run(ThreadPoolExecutor.java:624)
	... 1 more
Caused by: org.apache.ratis.thirdparty.io.netty.channel.AbstractChannel$AnnotatedConnectException: Connection refused: /192.168.164.233:46080
	at sun.nio.ch.SocketChannelImpl.checkConnect(Native Method)
	at sun.nio.ch.SocketChannelImpl.finishConnect(SocketChannelImpl.java:717)
	at org.apache.ratis.thirdparty.io.netty.channel.socket.nio.NioSocketChannel.doFinishConnect(NioSocketChannel.java:327)
	at org.apache.ratis.thirdparty.io.netty.channel.nio.AbstractNioChannel$AbstractNioUnsafe.finishConnect(AbstractNioChannel.java:340)
	at org.apache.ratis.thirdparty.io.netty.channel.nio.NioEventLoop.processSelectedKey(NioEventLoop.java:632)
	at org.apache.ratis.thirdparty.io.netty.channel.nio.NioEventLoop.processSelectedKeysOptimized(NioEventLoop.java:579)
	at org.apache.ratis.thirdparty.io.netty.channel.nio.NioEventLoop.processSelectedKeys(NioEventLoop.java:496)
	at org.apache.ratis.thirdparty.io.netty.channel.nio.NioEventLoop.run(NioEventLoop.java:458)
	at org.apache.ratis.thirdparty.io.netty.util.concurrent.SingleThreadEventExecutor$5.run(SingleThreadEventExecutor.java:897)
	at org.apache.ratis.thirdparty.io.netty.util.concurrent.FastThreadLocalRunnable.run(FastThreadLocalRunnable.java:30)
	... 1 more
Caused by: java.net.ConnectException: Connection refused
	... 11 more
2019-10-18 14:30:41,108 [681edbc6-a1fc-42a4-b5ce-4922820de60a@group-FD33B9583E3C-LeaderElection175] INFO  impl.LeaderElection (LogUtils.java:infoOrTrace(149)) - 681edbc6-a1fc-42a4-b5ce-4922820de60a@group-FD33B9583E3C-LeaderElection175 got exception when requesting votes: {}
java.util.concurrent.ExecutionException: org.apache.ratis.thirdparty.io.grpc.StatusRuntimeException: UNAVAILABLE: io exception
	at java.util.concurrent.FutureTask.report(FutureTask.java:122)
	at java.util.concurrent.FutureTask.get(FutureTask.java:192)
	at org.apache.ratis.server.impl.LeaderElection.waitForResults(LeaderElection.java:259)
	at org.apache.ratis.server.impl.LeaderElection.askForVotes(LeaderElection.java:197)
	at org.apache.ratis.server.impl.LeaderElection.run(LeaderElection.java:133)
	at java.lang.Thread.run(Thread.java:748)
Caused by: org.apache.ratis.thirdparty.io.grpc.StatusRuntimeException: UNAVAILABLE: io exception
	at org.apache.ratis.thirdparty.io.grpc.stub.ClientCalls.toStatusRuntimeException(ClientCalls.java:233)
	at org.apache.ratis.thirdparty.io.grpc.stub.ClientCalls.getUnchecked(ClientCalls.java:214)
	at org.apache.ratis.thirdparty.io.grpc.stub.ClientCalls.blockingUnaryCall(ClientCalls.java:139)
	at org.apache.ratis.proto.grpc.RaftServerProtocolServiceGrpc$RaftServerProtocolServiceBlockingStub.requestVote(RaftServerProtocolServiceGrpc.java:265)
	at org.apache.ratis.grpc.server.GrpcServerProtocolClient.requestVote(GrpcServerProtocolClient.java:99)
	at org.apache.ratis.grpc.server.GrpcService.requestVote(GrpcService.java:204)
	at org.apache.ratis.server.impl.LeaderElection.lambda$submitRequests$1(LeaderElection.java:234)
	at java.util.concurrent.FutureTask.run(FutureTask.java:266)
	at java.util.concurrent.Executors$RunnableAdapter.call(Executors.java:511)
	at java.util.concurrent.FutureTask.run(FutureTask.java:266)
	at java.util.concurrent.ThreadPoolExecutor.runWorker(ThreadPoolExecutor.java:1149)
	at java.util.concurrent.ThreadPoolExecutor$Worker.run(ThreadPoolExecutor.java:624)
	... 1 more
Caused by: org.apache.ratis.thirdparty.io.netty.channel.AbstractChannel$AnnotatedConnectException: Connection refused: /192.168.164.233:38729
	at sun.nio.ch.SocketChannelImpl.checkConnect(Native Method)
	at sun.nio.ch.SocketChannelImpl.finishConnect(SocketChannelImpl.java:717)
	at org.apache.ratis.thirdparty.io.netty.channel.socket.nio.NioSocketChannel.doFinishConnect(NioSocketChannel.java:327)
	at org.apache.ratis.thirdparty.io.netty.channel.nio.AbstractNioChannel$AbstractNioUnsafe.finishConnect(AbstractNioChannel.java:340)
	at org.apache.ratis.thirdparty.io.netty.channel.nio.NioEventLoop.processSelectedKey(NioEventLoop.java:632)
	at org.apache.ratis.thirdparty.io.netty.channel.nio.NioEventLoop.processSelectedKeysOptimized(NioEventLoop.java:579)
	at org.apache.ratis.thirdparty.io.netty.channel.nio.NioEventLoop.processSelectedKeys(NioEventLoop.java:496)
	at org.apache.ratis.thirdparty.io.netty.channel.nio.NioEventLoop.run(NioEventLoop.java:458)
	at org.apache.ratis.thirdparty.io.netty.util.concurrent.SingleThreadEventExecutor$5.run(SingleThreadEventExecutor.java:897)
	at org.apache.ratis.thirdparty.io.netty.util.concurrent.FastThreadLocalRunnable.run(FastThreadLocalRunnable.java:30)
	... 1 more
Caused by: java.net.ConnectException: Connection refused
	... 11 more
2019-10-18 14:30:41,114 [681edbc6-a1fc-42a4-b5ce-4922820de60a@group-FD33B9583E3C-LeaderElection175] INFO  impl.LeaderElection (LeaderElection.java:logAndReturn(56)) - 681edbc6-a1fc-42a4-b5ce-4922820de60a@group-FD33B9583E3C-LeaderElection175: Election REJECTED; received 0 response(s) [] and 2 exception(s); 681edbc6-a1fc-42a4-b5ce-4922820de60a@group-FD33B9583E3C:t175, leader=null, voted=681edbc6-a1fc-42a4-b5ce-4922820de60a, raftlog=681edbc6-a1fc-42a4-b5ce-4922820de60a@group-FD33B9583E3C-SegmentedRaftLog:OPENED:c-1,f-1,i0, conf=-1: [3ee7b367-7b16-44e1-99f8-43aefeda0876:192.168.164.233:46080, 681edbc6-a1fc-42a4-b5ce-4922820de60a:192.168.164.233:44267, 773cce60-eeca-4c1f-a5ec-70084be8b6b9:192.168.164.233:38729], old=null
2019-10-18 14:30:41,114 [681edbc6-a1fc-42a4-b5ce-4922820de60a@group-FD33B9583E3C-LeaderElection175] INFO  impl.LeaderElection (LogUtils.java:infoOrTrace(149)) -   Exception 0: {}
java.util.concurrent.ExecutionException: org.apache.ratis.thirdparty.io.grpc.StatusRuntimeException: UNAVAILABLE: io exception
	at java.util.concurrent.FutureTask.report(FutureTask.java:122)
	at java.util.concurrent.FutureTask.get(FutureTask.java:192)
	at org.apache.ratis.server.impl.LeaderElection.waitForResults(LeaderElection.java:259)
	at org.apache.ratis.server.impl.LeaderElection.askForVotes(LeaderElection.java:197)
	at org.apache.ratis.server.impl.LeaderElection.run(LeaderElection.java:133)
	at java.lang.Thread.run(Thread.java:748)
Caused by: org.apache.ratis.thirdparty.io.grpc.StatusRuntimeException: UNAVAILABLE: io exception
	at org.apache.ratis.thirdparty.io.grpc.stub.ClientCalls.toStatusRuntimeException(ClientCalls.java:233)
	at org.apache.ratis.thirdparty.io.grpc.stub.ClientCalls.getUnchecked(ClientCalls.java:214)
	at org.apache.ratis.thirdparty.io.grpc.stub.ClientCalls.blockingUnaryCall(ClientCalls.java:139)
	at org.apache.ratis.proto.grpc.RaftServerProtocolServiceGrpc$RaftServerProtocolServiceBlockingStub.requestVote(RaftServerProtocolServiceGrpc.java:265)
	at org.apache.ratis.grpc.server.GrpcServerProtocolClient.requestVote(GrpcServerProtocolClient.java:99)
	at org.apache.ratis.grpc.server.GrpcService.requestVote(GrpcService.java:204)
	at org.apache.ratis.server.impl.LeaderElection.lambda$submitRequests$1(LeaderElection.java:234)
	at java.util.concurrent.FutureTask.run(FutureTask.java:266)
	at java.util.concurrent.Executors$RunnableAdapter.call(Executors.java:511)
	at java.util.concurrent.FutureTask.run(FutureTask.java:266)
	at java.util.concurrent.ThreadPoolExecutor.runWorker(ThreadPoolExecutor.java:1149)
	at java.util.concurrent.ThreadPoolExecutor$Worker.run(ThreadPoolExecutor.java:624)
	... 1 more
Caused by: org.apache.ratis.thirdparty.io.netty.channel.AbstractChannel$AnnotatedConnectException: Connection refused: /192.168.164.233:46080
	at sun.nio.ch.SocketChannelImpl.checkConnect(Native Method)
	at sun.nio.ch.SocketChannelImpl.finishConnect(SocketChannelImpl.java:717)
	at org.apache.ratis.thirdparty.io.netty.channel.socket.nio.NioSocketChannel.doFinishConnect(NioSocketChannel.java:327)
	at org.apache.ratis.thirdparty.io.netty.channel.nio.AbstractNioChannel$AbstractNioUnsafe.finishConnect(AbstractNioChannel.java:340)
	at org.apache.ratis.thirdparty.io.netty.channel.nio.NioEventLoop.processSelectedKey(NioEventLoop.java:632)
	at org.apache.ratis.thirdparty.io.netty.channel.nio.NioEventLoop.processSelectedKeysOptimized(NioEventLoop.java:579)
	at org.apache.ratis.thirdparty.io.netty.channel.nio.NioEventLoop.processSelectedKeys(NioEventLoop.java:496)
	at org.apache.ratis.thirdparty.io.netty.channel.nio.NioEventLoop.run(NioEventLoop.java:458)
	at org.apache.ratis.thirdparty.io.netty.util.concurrent.SingleThreadEventExecutor$5.run(SingleThreadEventExecutor.java:897)
	at org.apache.ratis.thirdparty.io.netty.util.concurrent.FastThreadLocalRunnable.run(FastThreadLocalRunnable.java:30)
	... 1 more
Caused by: java.net.ConnectException: Connection refused
	... 11 more
2019-10-18 14:30:41,114 [681edbc6-a1fc-42a4-b5ce-4922820de60a@group-FD33B9583E3C-LeaderElection175] INFO  impl.LeaderElection (LogUtils.java:infoOrTrace(149)) -   Exception 1: {}
java.util.concurrent.ExecutionException: org.apache.ratis.thirdparty.io.grpc.StatusRuntimeException: UNAVAILABLE: io exception
	at java.util.concurrent.FutureTask.report(FutureTask.java:122)
	at java.util.concurrent.FutureTask.get(FutureTask.java:192)
	at org.apache.ratis.server.impl.LeaderElection.waitForResults(LeaderElection.java:259)
	at org.apache.ratis.server.impl.LeaderElection.askForVotes(LeaderElection.java:197)
	at org.apache.ratis.server.impl.LeaderElection.run(LeaderElection.java:133)
	at java.lang.Thread.run(Thread.java:748)
Caused by: org.apache.ratis.thirdparty.io.grpc.StatusRuntimeException: UNAVAILABLE: io exception
	at org.apache.ratis.thirdparty.io.grpc.stub.ClientCalls.toStatusRuntimeException(ClientCalls.java:233)
	at org.apache.ratis.thirdparty.io.grpc.stub.ClientCalls.getUnchecked(ClientCalls.java:214)
	at org.apache.ratis.thirdparty.io.grpc.stub.ClientCalls.blockingUnaryCall(ClientCalls.java:139)
	at org.apache.ratis.proto.grpc.RaftServerProtocolServiceGrpc$RaftServerProtocolServiceBlockingStub.requestVote(RaftServerProtocolServiceGrpc.java:265)
	at org.apache.ratis.grpc.server.GrpcServerProtocolClient.requestVote(GrpcServerProtocolClient.java:99)
	at org.apache.ratis.grpc.server.GrpcService.requestVote(GrpcService.java:204)
	at org.apache.ratis.server.impl.LeaderElection.lambda$submitRequests$1(LeaderElection.java:234)
	at java.util.concurrent.FutureTask.run(FutureTask.java:266)
	at java.util.concurrent.Executors$RunnableAdapter.call(Executors.java:511)
	at java.util.concurrent.FutureTask.run(FutureTask.java:266)
	at java.util.concurrent.ThreadPoolExecutor.runWorker(ThreadPoolExecutor.java:1149)
	at java.util.concurrent.ThreadPoolExecutor$Worker.run(ThreadPoolExecutor.java:624)
	... 1 more
Caused by: org.apache.ratis.thirdparty.io.netty.channel.AbstractChannel$AnnotatedConnectException: Connection refused: /192.168.164.233:38729
	at sun.nio.ch.SocketChannelImpl.checkConnect(Native Method)
	at sun.nio.ch.SocketChannelImpl.finishConnect(SocketChannelImpl.java:717)
	at org.apache.ratis.thirdparty.io.netty.channel.socket.nio.NioSocketChannel.doFinishConnect(NioSocketChannel.java:327)
	at org.apache.ratis.thirdparty.io.netty.channel.nio.AbstractNioChannel$AbstractNioUnsafe.finishConnect(AbstractNioChannel.java:340)
	at org.apache.ratis.thirdparty.io.netty.channel.nio.NioEventLoop.processSelectedKey(NioEventLoop.java:632)
	at org.apache.ratis.thirdparty.io.netty.channel.nio.NioEventLoop.processSelectedKeysOptimized(NioEventLoop.java:579)
	at org.apache.ratis.thirdparty.io.netty.channel.nio.NioEventLoop.processSelectedKeys(NioEventLoop.java:496)
	at org.apache.ratis.thirdparty.io.netty.channel.nio.NioEventLoop.run(NioEventLoop.java:458)
	at org.apache.ratis.thirdparty.io.netty.util.concurrent.SingleThreadEventExecutor$5.run(SingleThreadEventExecutor.java:897)
	at org.apache.ratis.thirdparty.io.netty.util.concurrent.FastThreadLocalRunnable.run(FastThreadLocalRunnable.java:30)
	... 1 more
Caused by: java.net.ConnectException: Connection refused
	... 11 more
2019-10-18 14:30:41,114 [681edbc6-a1fc-42a4-b5ce-4922820de60a@group-FD33B9583E3C-LeaderElection175] INFO  impl.RaftServerImpl (RaftServerImpl.java:setRole(184)) - 681edbc6-a1fc-42a4-b5ce-4922820de60a@group-FD33B9583E3C: changes role from CANDIDATE to FOLLOWER at term 175 for DISCOVERED_A_NEW_TERM
2019-10-18 14:30:41,115 [681edbc6-a1fc-42a4-b5ce-4922820de60a@group-FD33B9583E3C-LeaderElection175] INFO  impl.RoleInfo (RoleInfo.java:shutdownLeaderElection(134)) - 681edbc6-a1fc-42a4-b5ce-4922820de60a: shutdown LeaderElection
2019-10-18 14:30:41,115 [681edbc6-a1fc-42a4-b5ce-4922820de60a@group-FD33B9583E3C-LeaderElection175] INFO  impl.RoleInfo (RoleInfo.java:updateAndGet(143)) - 681edbc6-a1fc-42a4-b5ce-4922820de60a: start FollowerState
2019-10-18 14:30:41,131 [Thread-1662] INFO  impl.FollowerState (FollowerState.java:run(108)) - 681edbc6-a1fc-42a4-b5ce-4922820de60a@group-FD33B9583E3C-FollowerState: change to CANDIDATE, lastRpcTime:16ms, electionTimeout:16ms
2019-10-18 14:30:41,131 [Thread-1662] INFO  impl.RoleInfo (RoleInfo.java:shutdownFollowerState(121)) - 681edbc6-a1fc-42a4-b5ce-4922820de60a: shutdown FollowerState
2019-10-18 14:30:41,131 [Thread-1662] INFO  impl.RaftServerImpl (RaftServerImpl.java:setRole(184)) - 681edbc6-a1fc-42a4-b5ce-4922820de60a@group-FD33B9583E3C: changes role from  FOLLOWER to CANDIDATE at term 175 for changeToCandidate
2019-10-18 14:30:41,132 [Thread-1662] INFO  impl.RoleInfo (RoleInfo.java:updateAndGet(143)) - 681edbc6-a1fc-42a4-b5ce-4922820de60a: start LeaderElection
2019-10-18 14:30:41,145 [681edbc6-a1fc-42a4-b5ce-4922820de60a@group-FD33B9583E3C-LeaderElection176] INFO  impl.LeaderElection (LeaderElection.java:askForVotes(178)) - 681edbc6-a1fc-42a4-b5ce-4922820de60a@group-FD33B9583E3C-LeaderElection176: begin an election at term 176 for -1: [3ee7b367-7b16-44e1-99f8-43aefeda0876:192.168.164.233:46080, 681edbc6-a1fc-42a4-b5ce-4922820de60a:192.168.164.233:44267, 773cce60-eeca-4c1f-a5ec-70084be8b6b9:192.168.164.233:38729], old=null
2019-10-18 14:30:41,145 [681edbc6-a1fc-42a4-b5ce-4922820de60a@group-FD33B9583E3C-LeaderElection176] INFO  impl.LeaderElection (LogUtils.java:infoOrTrace(149)) - 681edbc6-a1fc-42a4-b5ce-4922820de60a@group-FD33B9583E3C-LeaderElection176 got exception when requesting votes: {}
java.util.concurrent.ExecutionException: org.apache.ratis.thirdparty.io.grpc.StatusRuntimeException: UNAVAILABLE: io exception
	at java.util.concurrent.FutureTask.report(FutureTask.java:122)
	at java.util.concurrent.FutureTask.get(FutureTask.java:192)
	at org.apache.ratis.server.impl.LeaderElection.waitForResults(LeaderElection.java:259)
	at org.apache.ratis.server.impl.LeaderElection.askForVotes(LeaderElection.java:197)
	at org.apache.ratis.server.impl.LeaderElection.run(LeaderElection.java:133)
	at java.lang.Thread.run(Thread.java:748)
Caused by: org.apache.ratis.thirdparty.io.grpc.StatusRuntimeException: UNAVAILABLE: io exception
	at org.apache.ratis.thirdparty.io.grpc.stub.ClientCalls.toStatusRuntimeException(ClientCalls.java:233)
	at org.apache.ratis.thirdparty.io.grpc.stub.ClientCalls.getUnchecked(ClientCalls.java:214)
	at org.apache.ratis.thirdparty.io.grpc.stub.ClientCalls.blockingUnaryCall(ClientCalls.java:139)
	at org.apache.ratis.proto.grpc.RaftServerProtocolServiceGrpc$RaftServerProtocolServiceBlockingStub.requestVote(RaftServerProtocolServiceGrpc.java:265)
	at org.apache.ratis.grpc.server.GrpcServerProtocolClient.requestVote(GrpcServerProtocolClient.java:99)
	at org.apache.ratis.grpc.server.GrpcService.requestVote(GrpcService.java:204)
	at org.apache.ratis.server.impl.LeaderElection.lambda$submitRequests$1(LeaderElection.java:234)
	at java.util.concurrent.FutureTask.run(FutureTask.java:266)
	at java.util.concurrent.Executors$RunnableAdapter.call(Executors.java:511)
	at java.util.concurrent.FutureTask.run(FutureTask.java:266)
	at java.util.concurrent.ThreadPoolExecutor.runWorker(ThreadPoolExecutor.java:1149)
	at java.util.concurrent.ThreadPoolExecutor$Worker.run(ThreadPoolExecutor.java:624)
	... 1 more
Caused by: org.apache.ratis.thirdparty.io.netty.channel.AbstractChannel$AnnotatedConnectException: Connection refused: /192.168.164.233:46080
	at sun.nio.ch.SocketChannelImpl.checkConnect(Native Method)
	at sun.nio.ch.SocketChannelImpl.finishConnect(SocketChannelImpl.java:717)
	at org.apache.ratis.thirdparty.io.netty.channel.socket.nio.NioSocketChannel.doFinishConnect(NioSocketChannel.java:327)
	at org.apache.ratis.thirdparty.io.netty.channel.nio.AbstractNioChannel$AbstractNioUnsafe.finishConnect(AbstractNioChannel.java:340)
	at org.apache.ratis.thirdparty.io.netty.channel.nio.NioEventLoop.processSelectedKey(NioEventLoop.java:632)
	at org.apache.ratis.thirdparty.io.netty.channel.nio.NioEventLoop.processSelectedKeysOptimized(NioEventLoop.java:579)
	at org.apache.ratis.thirdparty.io.netty.channel.nio.NioEventLoop.processSelectedKeys(NioEventLoop.java:496)
	at org.apache.ratis.thirdparty.io.netty.channel.nio.NioEventLoop.run(NioEventLoop.java:458)
	at org.apache.ratis.thirdparty.io.netty.util.concurrent.SingleThreadEventExecutor$5.run(SingleThreadEventExecutor.java:897)
	at org.apache.ratis.thirdparty.io.netty.util.concurrent.FastThreadLocalRunnable.run(FastThreadLocalRunnable.java:30)
	... 1 more
Caused by: java.net.ConnectException: Connection refused
	... 11 more
2019-10-18 14:30:41,148 [681edbc6-a1fc-42a4-b5ce-4922820de60a@group-FD33B9583E3C-LeaderElection176] INFO  impl.LeaderElection (LogUtils.java:infoOrTrace(149)) - 681edbc6-a1fc-42a4-b5ce-4922820de60a@group-FD33B9583E3C-LeaderElection176 got exception when requesting votes: {}
java.util.concurrent.ExecutionException: org.apache.ratis.thirdparty.io.grpc.StatusRuntimeException: UNAVAILABLE: io exception
	at java.util.concurrent.FutureTask.report(FutureTask.java:122)
	at java.util.concurrent.FutureTask.get(FutureTask.java:192)
	at org.apache.ratis.server.impl.LeaderElection.waitForResults(LeaderElection.java:259)
	at org.apache.ratis.server.impl.LeaderElection.askForVotes(LeaderElection.java:197)
	at org.apache.ratis.server.impl.LeaderElection.run(LeaderElection.java:133)
	at java.lang.Thread.run(Thread.java:748)
Caused by: org.apache.ratis.thirdparty.io.grpc.StatusRuntimeException: UNAVAILABLE: io exception
	at org.apache.ratis.thirdparty.io.grpc.stub.ClientCalls.toStatusRuntimeException(ClientCalls.java:233)
	at org.apache.ratis.thirdparty.io.grpc.stub.ClientCalls.getUnchecked(ClientCalls.java:214)
	at org.apache.ratis.thirdparty.io.grpc.stub.ClientCalls.blockingUnaryCall(ClientCalls.java:139)
	at org.apache.ratis.proto.grpc.RaftServerProtocolServiceGrpc$RaftServerProtocolServiceBlockingStub.requestVote(RaftServerProtocolServiceGrpc.java:265)
	at org.apache.ratis.grpc.server.GrpcServerProtocolClient.requestVote(GrpcServerProtocolClient.java:99)
	at org.apache.ratis.grpc.server.GrpcService.requestVote(GrpcService.java:204)
	at org.apache.ratis.server.impl.LeaderElection.lambda$submitRequests$1(LeaderElection.java:234)
	at java.util.concurrent.FutureTask.run(FutureTask.java:266)
	at java.util.concurrent.Executors$RunnableAdapter.call(Executors.java:511)
	at java.util.concurrent.FutureTask.run(FutureTask.java:266)
	at java.util.concurrent.ThreadPoolExecutor.runWorker(ThreadPoolExecutor.java:1149)
	at java.util.concurrent.ThreadPoolExecutor$Worker.run(ThreadPoolExecutor.java:624)
	... 1 more
Caused by: org.apache.ratis.thirdparty.io.netty.channel.AbstractChannel$AnnotatedConnectException: Connection refused: /192.168.164.233:38729
	at sun.nio.ch.SocketChannelImpl.checkConnect(Native Method)
	at sun.nio.ch.SocketChannelImpl.finishConnect(SocketChannelImpl.java:717)
	at org.apache.ratis.thirdparty.io.netty.channel.socket.nio.NioSocketChannel.doFinishConnect(NioSocketChannel.java:327)
	at org.apache.ratis.thirdparty.io.netty.channel.nio.AbstractNioChannel$AbstractNioUnsafe.finishConnect(AbstractNioChannel.java:340)
	at org.apache.ratis.thirdparty.io.netty.channel.nio.NioEventLoop.processSelectedKey(NioEventLoop.java:632)
	at org.apache.ratis.thirdparty.io.netty.channel.nio.NioEventLoop.processSelectedKeysOptimized(NioEventLoop.java:579)
	at org.apache.ratis.thirdparty.io.netty.channel.nio.NioEventLoop.processSelectedKeys(NioEventLoop.java:496)
	at org.apache.ratis.thirdparty.io.netty.channel.nio.NioEventLoop.run(NioEventLoop.java:458)
	at org.apache.ratis.thirdparty.io.netty.util.concurrent.SingleThreadEventExecutor$5.run(SingleThreadEventExecutor.java:897)
	at org.apache.ratis.thirdparty.io.netty.util.concurrent.FastThreadLocalRunnable.run(FastThreadLocalRunnable.java:30)
	... 1 more
Caused by: java.net.ConnectException: Connection refused
	... 11 more
2019-10-18 14:30:41,153 [681edbc6-a1fc-42a4-b5ce-4922820de60a@group-FD33B9583E3C-LeaderElection176] INFO  impl.LeaderElection (LeaderElection.java:logAndReturn(56)) - 681edbc6-a1fc-42a4-b5ce-4922820de60a@group-FD33B9583E3C-LeaderElection176: Election REJECTED; received 0 response(s) [] and 2 exception(s); 681edbc6-a1fc-42a4-b5ce-4922820de60a@group-FD33B9583E3C:t176, leader=null, voted=681edbc6-a1fc-42a4-b5ce-4922820de60a, raftlog=681edbc6-a1fc-42a4-b5ce-4922820de60a@group-FD33B9583E3C-SegmentedRaftLog:OPENED:c-1,f-1,i0, conf=-1: [3ee7b367-7b16-44e1-99f8-43aefeda0876:192.168.164.233:46080, 681edbc6-a1fc-42a4-b5ce-4922820de60a:192.168.164.233:44267, 773cce60-eeca-4c1f-a5ec-70084be8b6b9:192.168.164.233:38729], old=null
2019-10-18 14:30:41,154 [681edbc6-a1fc-42a4-b5ce-4922820de60a@group-FD33B9583E3C-LeaderElection176] INFO  impl.LeaderElection (LogUtils.java:infoOrTrace(149)) -   Exception 0: {}
java.util.concurrent.ExecutionException: org.apache.ratis.thirdparty.io.grpc.StatusRuntimeException: UNAVAILABLE: io exception
	at java.util.concurrent.FutureTask.report(FutureTask.java:122)
	at java.util.concurrent.FutureTask.get(FutureTask.java:192)
	at org.apache.ratis.server.impl.LeaderElection.waitForResults(LeaderElection.java:259)
	at org.apache.ratis.server.impl.LeaderElection.askForVotes(LeaderElection.java:197)
	at org.apache.ratis.server.impl.LeaderElection.run(LeaderElection.java:133)
	at java.lang.Thread.run(Thread.java:748)
Caused by: org.apache.ratis.thirdparty.io.grpc.StatusRuntimeException: UNAVAILABLE: io exception
	at org.apache.ratis.thirdparty.io.grpc.stub.ClientCalls.toStatusRuntimeException(ClientCalls.java:233)
	at org.apache.ratis.thirdparty.io.grpc.stub.ClientCalls.getUnchecked(ClientCalls.java:214)
	at org.apache.ratis.thirdparty.io.grpc.stub.ClientCalls.blockingUnaryCall(ClientCalls.java:139)
	at org.apache.ratis.proto.grpc.RaftServerProtocolServiceGrpc$RaftServerProtocolServiceBlockingStub.requestVote(RaftServerProtocolServiceGrpc.java:265)
	at org.apache.ratis.grpc.server.GrpcServerProtocolClient.requestVote(GrpcServerProtocolClient.java:99)
	at org.apache.ratis.grpc.server.GrpcService.requestVote(GrpcService.java:204)
	at org.apache.ratis.server.impl.LeaderElection.lambda$submitRequests$1(LeaderElection.java:234)
	at java.util.concurrent.FutureTask.run(FutureTask.java:266)
	at java.util.concurrent.Executors$RunnableAdapter.call(Executors.java:511)
	at java.util.concurrent.FutureTask.run(FutureTask.java:266)
	at java.util.concurrent.ThreadPoolExecutor.runWorker(ThreadPoolExecutor.java:1149)
	at java.util.concurrent.ThreadPoolExecutor$Worker.run(ThreadPoolExecutor.java:624)
	... 1 more
Caused by: org.apache.ratis.thirdparty.io.netty.channel.AbstractChannel$AnnotatedConnectException: Connection refused: /192.168.164.233:46080
	at sun.nio.ch.SocketChannelImpl.checkConnect(Native Method)
	at sun.nio.ch.SocketChannelImpl.finishConnect(SocketChannelImpl.java:717)
	at org.apache.ratis.thirdparty.io.netty.channel.socket.nio.NioSocketChannel.doFinishConnect(NioSocketChannel.java:327)
	at org.apache.ratis.thirdparty.io.netty.channel.nio.AbstractNioChannel$AbstractNioUnsafe.finishConnect(AbstractNioChannel.java:340)
	at org.apache.ratis.thirdparty.io.netty.channel.nio.NioEventLoop.processSelectedKey(NioEventLoop.java:632)
	at org.apache.ratis.thirdparty.io.netty.channel.nio.NioEventLoop.processSelectedKeysOptimized(NioEventLoop.java:579)
	at org.apache.ratis.thirdparty.io.netty.channel.nio.NioEventLoop.processSelectedKeys(NioEventLoop.java:496)
	at org.apache.ratis.thirdparty.io.netty.channel.nio.NioEventLoop.run(NioEventLoop.java:458)
	at org.apache.ratis.thirdparty.io.netty.util.concurrent.SingleThreadEventExecutor$5.run(SingleThreadEventExecutor.java:897)
	at org.apache.ratis.thirdparty.io.netty.util.concurrent.FastThreadLocalRunnable.run(FastThreadLocalRunnable.java:30)
	... 1 more
Caused by: java.net.ConnectException: Connection refused
	... 11 more
2019-10-18 14:30:41,154 [681edbc6-a1fc-42a4-b5ce-4922820de60a@group-FD33B9583E3C-LeaderElection176] INFO  impl.LeaderElection (LogUtils.java:infoOrTrace(149)) -   Exception 1: {}
java.util.concurrent.ExecutionException: org.apache.ratis.thirdparty.io.grpc.StatusRuntimeException: UNAVAILABLE: io exception
	at java.util.concurrent.FutureTask.report(FutureTask.java:122)
	at java.util.concurrent.FutureTask.get(FutureTask.java:192)
	at org.apache.ratis.server.impl.LeaderElection.waitForResults(LeaderElection.java:259)
	at org.apache.ratis.server.impl.LeaderElection.askForVotes(LeaderElection.java:197)
	at org.apache.ratis.server.impl.LeaderElection.run(LeaderElection.java:133)
	at java.lang.Thread.run(Thread.java:748)
Caused by: org.apache.ratis.thirdparty.io.grpc.StatusRuntimeException: UNAVAILABLE: io exception
	at org.apache.ratis.thirdparty.io.grpc.stub.ClientCalls.toStatusRuntimeException(ClientCalls.java:233)
	at org.apache.ratis.thirdparty.io.grpc.stub.ClientCalls.getUnchecked(ClientCalls.java:214)
	at org.apache.ratis.thirdparty.io.grpc.stub.ClientCalls.blockingUnaryCall(ClientCalls.java:139)
	at org.apache.ratis.proto.grpc.RaftServerProtocolServiceGrpc$RaftServerProtocolServiceBlockingStub.requestVote(RaftServerProtocolServiceGrpc.java:265)
	at org.apache.ratis.grpc.server.GrpcServerProtocolClient.requestVote(GrpcServerProtocolClient.java:99)
	at org.apache.ratis.grpc.server.GrpcService.requestVote(GrpcService.java:204)
	at org.apache.ratis.server.impl.LeaderElection.lambda$submitRequests$1(LeaderElection.java:234)
	at java.util.concurrent.FutureTask.run(FutureTask.java:266)
	at java.util.concurrent.Executors$RunnableAdapter.call(Executors.java:511)
	at java.util.concurrent.FutureTask.run(FutureTask.java:266)
	at java.util.concurrent.ThreadPoolExecutor.runWorker(ThreadPoolExecutor.java:1149)
	at java.util.concurrent.ThreadPoolExecutor$Worker.run(ThreadPoolExecutor.java:624)
	... 1 more
Caused by: org.apache.ratis.thirdparty.io.netty.channel.AbstractChannel$AnnotatedConnectException: Connection refused: /192.168.164.233:38729
	at sun.nio.ch.SocketChannelImpl.checkConnect(Native Method)
	at sun.nio.ch.SocketChannelImpl.finishConnect(SocketChannelImpl.java:717)
	at org.apache.ratis.thirdparty.io.netty.channel.socket.nio.NioSocketChannel.doFinishConnect(NioSocketChannel.java:327)
	at org.apache.ratis.thirdparty.io.netty.channel.nio.AbstractNioChannel$AbstractNioUnsafe.finishConnect(AbstractNioChannel.java:340)
	at org.apache.ratis.thirdparty.io.netty.channel.nio.NioEventLoop.processSelectedKey(NioEventLoop.java:632)
	at org.apache.ratis.thirdparty.io.netty.channel.nio.NioEventLoop.processSelectedKeysOptimized(NioEventLoop.java:579)
	at org.apache.ratis.thirdparty.io.netty.channel.nio.NioEventLoop.processSelectedKeys(NioEventLoop.java:496)
	at org.apache.ratis.thirdparty.io.netty.channel.nio.NioEventLoop.run(NioEventLoop.java:458)
	at org.apache.ratis.thirdparty.io.netty.util.concurrent.SingleThreadEventExecutor$5.run(SingleThreadEventExecutor.java:897)
	at org.apache.ratis.thirdparty.io.netty.util.concurrent.FastThreadLocalRunnable.run(FastThreadLocalRunnable.java:30)
	... 1 more
Caused by: java.net.ConnectException: Connection refused
	... 11 more
2019-10-18 14:30:41,154 [681edbc6-a1fc-42a4-b5ce-4922820de60a@group-FD33B9583E3C-LeaderElection176] INFO  impl.RaftServerImpl (RaftServerImpl.java:setRole(184)) - 681edbc6-a1fc-42a4-b5ce-4922820de60a@group-FD33B9583E3C: changes role from CANDIDATE to FOLLOWER at term 176 for DISCOVERED_A_NEW_TERM
2019-10-18 14:30:41,154 [681edbc6-a1fc-42a4-b5ce-4922820de60a@group-FD33B9583E3C-LeaderElection176] INFO  impl.RoleInfo (RoleInfo.java:shutdownLeaderElection(134)) - 681edbc6-a1fc-42a4-b5ce-4922820de60a: shutdown LeaderElection
2019-10-18 14:30:41,154 [681edbc6-a1fc-42a4-b5ce-4922820de60a@group-FD33B9583E3C-LeaderElection176] INFO  impl.RoleInfo (RoleInfo.java:updateAndGet(143)) - 681edbc6-a1fc-42a4-b5ce-4922820de60a: start FollowerState
2019-10-18 14:30:41,173 [Thread-1666] INFO  impl.FollowerState (FollowerState.java:run(108)) - 681edbc6-a1fc-42a4-b5ce-4922820de60a@group-FD33B9583E3C-FollowerState: change to CANDIDATE, lastRpcTime:18ms, electionTimeout:18ms
2019-10-18 14:30:41,173 [Thread-1666] INFO  impl.RoleInfo (RoleInfo.java:shutdownFollowerState(121)) - 681edbc6-a1fc-42a4-b5ce-4922820de60a: shutdown FollowerState
2019-10-18 14:30:41,173 [Thread-1666] INFO  impl.RaftServerImpl (RaftServerImpl.java:setRole(184)) - 681edbc6-a1fc-42a4-b5ce-4922820de60a@group-FD33B9583E3C: changes role from  FOLLOWER to CANDIDATE at term 176 for changeToCandidate
2019-10-18 14:30:41,173 [Thread-1666] INFO  impl.RoleInfo (RoleInfo.java:updateAndGet(143)) - 681edbc6-a1fc-42a4-b5ce-4922820de60a: start LeaderElection
2019-10-18 14:30:41,187 [681edbc6-a1fc-42a4-b5ce-4922820de60a@group-FD33B9583E3C-LeaderElection177] INFO  impl.LeaderElection (LeaderElection.java:askForVotes(178)) - 681edbc6-a1fc-42a4-b5ce-4922820de60a@group-FD33B9583E3C-LeaderElection177: begin an election at term 177 for -1: [3ee7b367-7b16-44e1-99f8-43aefeda0876:192.168.164.233:46080, 681edbc6-a1fc-42a4-b5ce-4922820de60a:192.168.164.233:44267, 773cce60-eeca-4c1f-a5ec-70084be8b6b9:192.168.164.233:38729], old=null
2019-10-18 14:30:41,188 [681edbc6-a1fc-42a4-b5ce-4922820de60a@group-FD33B9583E3C-LeaderElection177] INFO  impl.LeaderElection (LogUtils.java:infoOrTrace(149)) - 681edbc6-a1fc-42a4-b5ce-4922820de60a@group-FD33B9583E3C-LeaderElection177 got exception when requesting votes: {}
java.util.concurrent.ExecutionException: org.apache.ratis.thirdparty.io.grpc.StatusRuntimeException: UNAVAILABLE: io exception
	at java.util.concurrent.FutureTask.report(FutureTask.java:122)
	at java.util.concurrent.FutureTask.get(FutureTask.java:192)
	at org.apache.ratis.server.impl.LeaderElection.waitForResults(LeaderElection.java:259)
	at org.apache.ratis.server.impl.LeaderElection.askForVotes(LeaderElection.java:197)
	at org.apache.ratis.server.impl.LeaderElection.run(LeaderElection.java:133)
	at java.lang.Thread.run(Thread.java:748)
Caused by: org.apache.ratis.thirdparty.io.grpc.StatusRuntimeException: UNAVAILABLE: io exception
	at org.apache.ratis.thirdparty.io.grpc.stub.ClientCalls.toStatusRuntimeException(ClientCalls.java:233)
	at org.apache.ratis.thirdparty.io.grpc.stub.ClientCalls.getUnchecked(ClientCalls.java:214)
	at org.apache.ratis.thirdparty.io.grpc.stub.ClientCalls.blockingUnaryCall(ClientCalls.java:139)
	at org.apache.ratis.proto.grpc.RaftServerProtocolServiceGrpc$RaftServerProtocolServiceBlockingStub.requestVote(RaftServerProtocolServiceGrpc.java:265)
	at org.apache.ratis.grpc.server.GrpcServerProtocolClient.requestVote(GrpcServerProtocolClient.java:99)
	at org.apache.ratis.grpc.server.GrpcService.requestVote(GrpcService.java:204)
	at org.apache.ratis.server.impl.LeaderElection.lambda$submitRequests$1(LeaderElection.java:234)
	at java.util.concurrent.FutureTask.run(FutureTask.java:266)
	at java.util.concurrent.Executors$RunnableAdapter.call(Executors.java:511)
	at java.util.concurrent.FutureTask.run(FutureTask.java:266)
	at java.util.concurrent.ThreadPoolExecutor.runWorker(ThreadPoolExecutor.java:1149)
	at java.util.concurrent.ThreadPoolExecutor$Worker.run(ThreadPoolExecutor.java:624)
	... 1 more
Caused by: org.apache.ratis.thirdparty.io.netty.channel.AbstractChannel$AnnotatedConnectException: Connection refused: /192.168.164.233:46080
	at sun.nio.ch.SocketChannelImpl.checkConnect(Native Method)
	at sun.nio.ch.SocketChannelImpl.finishConnect(SocketChannelImpl.java:717)
	at org.apache.ratis.thirdparty.io.netty.channel.socket.nio.NioSocketChannel.doFinishConnect(NioSocketChannel.java:327)
	at org.apache.ratis.thirdparty.io.netty.channel.nio.AbstractNioChannel$AbstractNioUnsafe.finishConnect(AbstractNioChannel.java:340)
	at org.apache.ratis.thirdparty.io.netty.channel.nio.NioEventLoop.processSelectedKey(NioEventLoop.java:632)
	at org.apache.ratis.thirdparty.io.netty.channel.nio.NioEventLoop.processSelectedKeysOptimized(NioEventLoop.java:579)
	at org.apache.ratis.thirdparty.io.netty.channel.nio.NioEventLoop.processSelectedKeys(NioEventLoop.java:496)
	at org.apache.ratis.thirdparty.io.netty.channel.nio.NioEventLoop.run(NioEventLoop.java:458)
	at org.apache.ratis.thirdparty.io.netty.util.concurrent.SingleThreadEventExecutor$5.run(SingleThreadEventExecutor.java:897)
	at org.apache.ratis.thirdparty.io.netty.util.concurrent.FastThreadLocalRunnable.run(FastThreadLocalRunnable.java:30)
	... 1 more
Caused by: java.net.ConnectException: Connection refused
	... 11 more
2019-10-18 14:30:41,190 [681edbc6-a1fc-42a4-b5ce-4922820de60a@group-FD33B9583E3C-LeaderElection177] INFO  impl.LeaderElection (LogUtils.java:infoOrTrace(149)) - 681edbc6-a1fc-42a4-b5ce-4922820de60a@group-FD33B9583E3C-LeaderElection177 got exception when requesting votes: {}
java.util.concurrent.ExecutionException: org.apache.ratis.thirdparty.io.grpc.StatusRuntimeException: UNAVAILABLE: io exception
	at java.util.concurrent.FutureTask.report(FutureTask.java:122)
	at java.util.concurrent.FutureTask.get(FutureTask.java:192)
	at org.apache.ratis.server.impl.LeaderElection.waitForResults(LeaderElection.java:259)
	at org.apache.ratis.server.impl.LeaderElection.askForVotes(LeaderElection.java:197)
	at org.apache.ratis.server.impl.LeaderElection.run(LeaderElection.java:133)
	at java.lang.Thread.run(Thread.java:748)
Caused by: org.apache.ratis.thirdparty.io.grpc.StatusRuntimeException: UNAVAILABLE: io exception
	at org.apache.ratis.thirdparty.io.grpc.stub.ClientCalls.toStatusRuntimeException(ClientCalls.java:233)
	at org.apache.ratis.thirdparty.io.grpc.stub.ClientCalls.getUnchecked(ClientCalls.java:214)
	at org.apache.ratis.thirdparty.io.grpc.stub.ClientCalls.blockingUnaryCall(ClientCalls.java:139)
	at org.apache.ratis.proto.grpc.RaftServerProtocolServiceGrpc$RaftServerProtocolServiceBlockingStub.requestVote(RaftServerProtocolServiceGrpc.java:265)
	at org.apache.ratis.grpc.server.GrpcServerProtocolClient.requestVote(GrpcServerProtocolClient.java:99)
	at org.apache.ratis.grpc.server.GrpcService.requestVote(GrpcService.java:204)
	at org.apache.ratis.server.impl.LeaderElection.lambda$submitRequests$1(LeaderElection.java:234)
	at java.util.concurrent.FutureTask.run(FutureTask.java:266)
	at java.util.concurrent.Executors$RunnableAdapter.call(Executors.java:511)
	at java.util.concurrent.FutureTask.run(FutureTask.java:266)
	at java.util.concurrent.ThreadPoolExecutor.runWorker(ThreadPoolExecutor.java:1149)
	at java.util.concurrent.ThreadPoolExecutor$Worker.run(ThreadPoolExecutor.java:624)
	... 1 more
Caused by: org.apache.ratis.thirdparty.io.netty.channel.AbstractChannel$AnnotatedConnectException: Connection refused: /192.168.164.233:38729
	at sun.nio.ch.SocketChannelImpl.checkConnect(Native Method)
	at sun.nio.ch.SocketChannelImpl.finishConnect(SocketChannelImpl.java:717)
	at org.apache.ratis.thirdparty.io.netty.channel.socket.nio.NioSocketChannel.doFinishConnect(NioSocketChannel.java:327)
	at org.apache.ratis.thirdparty.io.netty.channel.nio.AbstractNioChannel$AbstractNioUnsafe.finishConnect(AbstractNioChannel.java:340)
	at org.apache.ratis.thirdparty.io.netty.channel.nio.NioEventLoop.processSelectedKey(NioEventLoop.java:632)
	at org.apache.ratis.thirdparty.io.netty.channel.nio.NioEventLoop.processSelectedKeysOptimized(NioEventLoop.java:579)
	at org.apache.ratis.thirdparty.io.netty.channel.nio.NioEventLoop.processSelectedKeys(NioEventLoop.java:496)
	at org.apache.ratis.thirdparty.io.netty.channel.nio.NioEventLoop.run(NioEventLoop.java:458)
	at org.apache.ratis.thirdparty.io.netty.util.concurrent.SingleThreadEventExecutor$5.run(SingleThreadEventExecutor.java:897)
	at org.apache.ratis.thirdparty.io.netty.util.concurrent.FastThreadLocalRunnable.run(FastThreadLocalRunnable.java:30)
	... 1 more
Caused by: java.net.ConnectException: Connection refused
	... 11 more
2019-10-18 14:30:41,191 [681edbc6-a1fc-42a4-b5ce-4922820de60a@group-FD33B9583E3C-LeaderElection177] INFO  impl.LeaderElection (LeaderElection.java:logAndReturn(56)) - 681edbc6-a1fc-42a4-b5ce-4922820de60a@group-FD33B9583E3C-LeaderElection177: Election REJECTED; received 0 response(s) [] and 2 exception(s); 681edbc6-a1fc-42a4-b5ce-4922820de60a@group-FD33B9583E3C:t177, leader=null, voted=681edbc6-a1fc-42a4-b5ce-4922820de60a, raftlog=681edbc6-a1fc-42a4-b5ce-4922820de60a@group-FD33B9583E3C-SegmentedRaftLog:OPENED:c-1,f-1,i0, conf=-1: [3ee7b367-7b16-44e1-99f8-43aefeda0876:192.168.164.233:46080, 681edbc6-a1fc-42a4-b5ce-4922820de60a:192.168.164.233:44267, 773cce60-eeca-4c1f-a5ec-70084be8b6b9:192.168.164.233:38729], old=null
2019-10-18 14:30:41,192 [681edbc6-a1fc-42a4-b5ce-4922820de60a@group-FD33B9583E3C-LeaderElection177] INFO  impl.LeaderElection (LogUtils.java:infoOrTrace(149)) -   Exception 0: {}
java.util.concurrent.ExecutionException: org.apache.ratis.thirdparty.io.grpc.StatusRuntimeException: UNAVAILABLE: io exception
	at java.util.concurrent.FutureTask.report(FutureTask.java:122)
	at java.util.concurrent.FutureTask.get(FutureTask.java:192)
	at org.apache.ratis.server.impl.LeaderElection.waitForResults(LeaderElection.java:259)
	at org.apache.ratis.server.impl.LeaderElection.askForVotes(LeaderElection.java:197)
	at org.apache.ratis.server.impl.LeaderElection.run(LeaderElection.java:133)
	at java.lang.Thread.run(Thread.java:748)
Caused by: org.apache.ratis.thirdparty.io.grpc.StatusRuntimeException: UNAVAILABLE: io exception
	at org.apache.ratis.thirdparty.io.grpc.stub.ClientCalls.toStatusRuntimeException(ClientCalls.java:233)
	at org.apache.ratis.thirdparty.io.grpc.stub.ClientCalls.getUnchecked(ClientCalls.java:214)
	at org.apache.ratis.thirdparty.io.grpc.stub.ClientCalls.blockingUnaryCall(ClientCalls.java:139)
	at org.apache.ratis.proto.grpc.RaftServerProtocolServiceGrpc$RaftServerProtocolServiceBlockingStub.requestVote(RaftServerProtocolServiceGrpc.java:265)
	at org.apache.ratis.grpc.server.GrpcServerProtocolClient.requestVote(GrpcServerProtocolClient.java:99)
	at org.apache.ratis.grpc.server.GrpcService.requestVote(GrpcService.java:204)
	at org.apache.ratis.server.impl.LeaderElection.lambda$submitRequests$1(LeaderElection.java:234)
	at java.util.concurrent.FutureTask.run(FutureTask.java:266)
	at java.util.concurrent.Executors$RunnableAdapter.call(Executors.java:511)
	at java.util.concurrent.FutureTask.run(FutureTask.java:266)
	at java.util.concurrent.ThreadPoolExecutor.runWorker(ThreadPoolExecutor.java:1149)
	at java.util.concurrent.ThreadPoolExecutor$Worker.run(ThreadPoolExecutor.java:624)
	... 1 more
Caused by: org.apache.ratis.thirdparty.io.netty.channel.AbstractChannel$AnnotatedConnectException: Connection refused: /192.168.164.233:46080
	at sun.nio.ch.SocketChannelImpl.checkConnect(Native Method)
	at sun.nio.ch.SocketChannelImpl.finishConnect(SocketChannelImpl.java:717)
	at org.apache.ratis.thirdparty.io.netty.channel.socket.nio.NioSocketChannel.doFinishConnect(NioSocketChannel.java:327)
	at org.apache.ratis.thirdparty.io.netty.channel.nio.AbstractNioChannel$AbstractNioUnsafe.finishConnect(AbstractNioChannel.java:340)
	at org.apache.ratis.thirdparty.io.netty.channel.nio.NioEventLoop.processSelectedKey(NioEventLoop.java:632)
	at org.apache.ratis.thirdparty.io.netty.channel.nio.NioEventLoop.processSelectedKeysOptimized(NioEventLoop.java:579)
	at org.apache.ratis.thirdparty.io.netty.channel.nio.NioEventLoop.processSelectedKeys(NioEventLoop.java:496)
	at org.apache.ratis.thirdparty.io.netty.channel.nio.NioEventLoop.run(NioEventLoop.java:458)
	at org.apache.ratis.thirdparty.io.netty.util.concurrent.SingleThreadEventExecutor$5.run(SingleThreadEventExecutor.java:897)
	at org.apache.ratis.thirdparty.io.netty.util.concurrent.FastThreadLocalRunnable.run(FastThreadLocalRunnable.java:30)
	... 1 more
Caused by: java.net.ConnectException: Connection refused
	... 11 more
2019-10-18 14:30:41,192 [681edbc6-a1fc-42a4-b5ce-4922820de60a@group-FD33B9583E3C-LeaderElection177] INFO  impl.LeaderElection (LogUtils.java:infoOrTrace(149)) -   Exception 1: {}
java.util.concurrent.ExecutionException: org.apache.ratis.thirdparty.io.grpc.StatusRuntimeException: UNAVAILABLE: io exception
	at java.util.concurrent.FutureTask.report(FutureTask.java:122)
	at java.util.concurrent.FutureTask.get(FutureTask.java:192)
	at org.apache.ratis.server.impl.LeaderElection.waitForResults(LeaderElection.java:259)
	at org.apache.ratis.server.impl.LeaderElection.askForVotes(LeaderElection.java:197)
	at org.apache.ratis.server.impl.LeaderElection.run(LeaderElection.java:133)
	at java.lang.Thread.run(Thread.java:748)
Caused by: org.apache.ratis.thirdparty.io.grpc.StatusRuntimeException: UNAVAILABLE: io exception
	at org.apache.ratis.thirdparty.io.grpc.stub.ClientCalls.toStatusRuntimeException(ClientCalls.java:233)
	at org.apache.ratis.thirdparty.io.grpc.stub.ClientCalls.getUnchecked(ClientCalls.java:214)
	at org.apache.ratis.thirdparty.io.grpc.stub.ClientCalls.blockingUnaryCall(ClientCalls.java:139)
	at org.apache.ratis.proto.grpc.RaftServerProtocolServiceGrpc$RaftServerProtocolServiceBlockingStub.requestVote(RaftServerProtocolServiceGrpc.java:265)
	at org.apache.ratis.grpc.server.GrpcServerProtocolClient.requestVote(GrpcServerProtocolClient.java:99)
	at org.apache.ratis.grpc.server.GrpcService.requestVote(GrpcService.java:204)
	at org.apache.ratis.server.impl.LeaderElection.lambda$submitRequests$1(LeaderElection.java:234)
	at java.util.concurrent.FutureTask.run(FutureTask.java:266)
	at java.util.concurrent.Executors$RunnableAdapter.call(Executors.java:511)
	at java.util.concurrent.FutureTask.run(FutureTask.java:266)
	at java.util.concurrent.ThreadPoolExecutor.runWorker(ThreadPoolExecutor.java:1149)
	at java.util.concurrent.ThreadPoolExecutor$Worker.run(ThreadPoolExecutor.java:624)
	... 1 more
Caused by: org.apache.ratis.thirdparty.io.netty.channel.AbstractChannel$AnnotatedConnectException: Connection refused: /192.168.164.233:38729
	at sun.nio.ch.SocketChannelImpl.checkConnect(Native Method)
	at sun.nio.ch.SocketChannelImpl.finishConnect(SocketChannelImpl.java:717)
	at org.apache.ratis.thirdparty.io.netty.channel.socket.nio.NioSocketChannel.doFinishConnect(NioSocketChannel.java:327)
	at org.apache.ratis.thirdparty.io.netty.channel.nio.AbstractNioChannel$AbstractNioUnsafe.finishConnect(AbstractNioChannel.java:340)
	at org.apache.ratis.thirdparty.io.netty.channel.nio.NioEventLoop.processSelectedKey(NioEventLoop.java:632)
	at org.apache.ratis.thirdparty.io.netty.channel.nio.NioEventLoop.processSelectedKeysOptimized(NioEventLoop.java:579)
	at org.apache.ratis.thirdparty.io.netty.channel.nio.NioEventLoop.processSelectedKeys(NioEventLoop.java:496)
	at org.apache.ratis.thirdparty.io.netty.channel.nio.NioEventLoop.run(NioEventLoop.java:458)
	at org.apache.ratis.thirdparty.io.netty.util.concurrent.SingleThreadEventExecutor$5.run(SingleThreadEventExecutor.java:897)
	at org.apache.ratis.thirdparty.io.netty.util.concurrent.FastThreadLocalRunnable.run(FastThreadLocalRunnable.java:30)
	... 1 more
Caused by: java.net.ConnectException: Connection refused
	... 11 more
2019-10-18 14:30:41,192 [681edbc6-a1fc-42a4-b5ce-4922820de60a@group-FD33B9583E3C-LeaderElection177] INFO  impl.RaftServerImpl (RaftServerImpl.java:setRole(184)) - 681edbc6-a1fc-42a4-b5ce-4922820de60a@group-FD33B9583E3C: changes role from CANDIDATE to FOLLOWER at term 177 for DISCOVERED_A_NEW_TERM
2019-10-18 14:30:41,192 [681edbc6-a1fc-42a4-b5ce-4922820de60a@group-FD33B9583E3C-LeaderElection177] INFO  impl.RoleInfo (RoleInfo.java:shutdownLeaderElection(134)) - 681edbc6-a1fc-42a4-b5ce-4922820de60a: shutdown LeaderElection
2019-10-18 14:30:41,192 [681edbc6-a1fc-42a4-b5ce-4922820de60a@group-FD33B9583E3C-LeaderElection177] INFO  impl.RoleInfo (RoleInfo.java:updateAndGet(143)) - 681edbc6-a1fc-42a4-b5ce-4922820de60a: start FollowerState
2019-10-18 14:30:41,212 [Thread-1670] INFO  impl.FollowerState (FollowerState.java:run(108)) - 681edbc6-a1fc-42a4-b5ce-4922820de60a@group-FD33B9583E3C-FollowerState: change to CANDIDATE, lastRpcTime:19ms, electionTimeout:19ms
2019-10-18 14:30:41,212 [Thread-1670] INFO  impl.RoleInfo (RoleInfo.java:shutdownFollowerState(121)) - 681edbc6-a1fc-42a4-b5ce-4922820de60a: shutdown FollowerState
2019-10-18 14:30:41,212 [Thread-1670] INFO  impl.RaftServerImpl (RaftServerImpl.java:setRole(184)) - 681edbc6-a1fc-42a4-b5ce-4922820de60a@group-FD33B9583E3C: changes role from  FOLLOWER to CANDIDATE at term 177 for changeToCandidate
2019-10-18 14:30:41,212 [Thread-1670] INFO  impl.RoleInfo (RoleInfo.java:updateAndGet(143)) - 681edbc6-a1fc-42a4-b5ce-4922820de60a: start LeaderElection
2019-10-18 14:30:41,218 [java.util.concurrent.ThreadPoolExecutor$Worker@4efed47c[State = -1, empty queue]] WARN  server.GrpcLogAppender (GrpcLogAppender.java:timeoutAppendRequest(209)) - 46c14060-ea78-4b5a-b57c-064e4766b234@group-45DBFE4B8A65->a4757974-e77e-4a1a-a400-c32fe273093a-GrpcLogAppender: appendEntries Timeout, request=46c14060-ea78-4b5a-b57c-064e4766b234->a4757974-e77e-4a1a-a400-c32fe273093a#45-t3, previous=(t:3, i:4), leaderCommit=4, initializing? false, entries: <empty>
2019-10-18 14:30:41,218 [java.util.concurrent.ThreadPoolExecutor$Worker@108d80c3[State = -1, empty queue]] WARN  server.GrpcLogAppender (GrpcLogAppender.java:timeoutAppendRequest(209)) - 46c14060-ea78-4b5a-b57c-064e4766b234@group-45DBFE4B8A65->55013cf6-f41f-4339-a52c-06c119893914-GrpcLogAppender: appendEntries Timeout, request=46c14060-ea78-4b5a-b57c-064e4766b234->55013cf6-f41f-4339-a52c-06c119893914#45-t3, previous=(t:3, i:4), leaderCommit=4, initializing? false, entries: <empty>
2019-10-18 14:30:41,225 [681edbc6-a1fc-42a4-b5ce-4922820de60a@group-FD33B9583E3C-LeaderElection178] INFO  impl.LeaderElection (LeaderElection.java:askForVotes(178)) - 681edbc6-a1fc-42a4-b5ce-4922820de60a@group-FD33B9583E3C-LeaderElection178: begin an election at term 178 for -1: [3ee7b367-7b16-44e1-99f8-43aefeda0876:192.168.164.233:46080, 681edbc6-a1fc-42a4-b5ce-4922820de60a:192.168.164.233:44267, 773cce60-eeca-4c1f-a5ec-70084be8b6b9:192.168.164.233:38729], old=null
2019-10-18 14:30:41,226 [681edbc6-a1fc-42a4-b5ce-4922820de60a@group-FD33B9583E3C-LeaderElection178] INFO  impl.LeaderElection (LogUtils.java:infoOrTrace(149)) - 681edbc6-a1fc-42a4-b5ce-4922820de60a@group-FD33B9583E3C-LeaderElection178 got exception when requesting votes: {}
java.util.concurrent.ExecutionException: org.apache.ratis.thirdparty.io.grpc.StatusRuntimeException: UNAVAILABLE: io exception
	at java.util.concurrent.FutureTask.report(FutureTask.java:122)
	at java.util.concurrent.FutureTask.get(FutureTask.java:192)
	at org.apache.ratis.server.impl.LeaderElection.waitForResults(LeaderElection.java:259)
	at org.apache.ratis.server.impl.LeaderElection.askForVotes(LeaderElection.java:197)
	at org.apache.ratis.server.impl.LeaderElection.run(LeaderElection.java:133)
	at java.lang.Thread.run(Thread.java:748)
Caused by: org.apache.ratis.thirdparty.io.grpc.StatusRuntimeException: UNAVAILABLE: io exception
	at org.apache.ratis.thirdparty.io.grpc.stub.ClientCalls.toStatusRuntimeException(ClientCalls.java:233)
	at org.apache.ratis.thirdparty.io.grpc.stub.ClientCalls.getUnchecked(ClientCalls.java:214)
	at org.apache.ratis.thirdparty.io.grpc.stub.ClientCalls.blockingUnaryCall(ClientCalls.java:139)
	at org.apache.ratis.proto.grpc.RaftServerProtocolServiceGrpc$RaftServerProtocolServiceBlockingStub.requestVote(RaftServerProtocolServiceGrpc.java:265)
	at org.apache.ratis.grpc.server.GrpcServerProtocolClient.requestVote(GrpcServerProtocolClient.java:99)
	at org.apache.ratis.grpc.server.GrpcService.requestVote(GrpcService.java:204)
	at org.apache.ratis.server.impl.LeaderElection.lambda$submitRequests$1(LeaderElection.java:234)
	at java.util.concurrent.FutureTask.run(FutureTask.java:266)
	at java.util.concurrent.Executors$RunnableAdapter.call(Executors.java:511)
	at java.util.concurrent.FutureTask.run(FutureTask.java:266)
	at java.util.concurrent.ThreadPoolExecutor.runWorker(ThreadPoolExecutor.java:1149)
	at java.util.concurrent.ThreadPoolExecutor$Worker.run(ThreadPoolExecutor.java:624)
	... 1 more
Caused by: org.apache.ratis.thirdparty.io.netty.channel.AbstractChannel$AnnotatedConnectException: Connection refused: /192.168.164.233:38729
	at sun.nio.ch.SocketChannelImpl.checkConnect(Native Method)
	at sun.nio.ch.SocketChannelImpl.finishConnect(SocketChannelImpl.java:717)
	at org.apache.ratis.thirdparty.io.netty.channel.socket.nio.NioSocketChannel.doFinishConnect(NioSocketChannel.java:327)
	at org.apache.ratis.thirdparty.io.netty.channel.nio.AbstractNioChannel$AbstractNioUnsafe.finishConnect(AbstractNioChannel.java:340)
	at org.apache.ratis.thirdparty.io.netty.channel.nio.NioEventLoop.processSelectedKey(NioEventLoop.java:632)
	at org.apache.ratis.thirdparty.io.netty.channel.nio.NioEventLoop.processSelectedKeysOptimized(NioEventLoop.java:579)
	at org.apache.ratis.thirdparty.io.netty.channel.nio.NioEventLoop.processSelectedKeys(NioEventLoop.java:496)
	at org.apache.ratis.thirdparty.io.netty.channel.nio.NioEventLoop.run(NioEventLoop.java:458)
	at org.apache.ratis.thirdparty.io.netty.util.concurrent.SingleThreadEventExecutor$5.run(SingleThreadEventExecutor.java:897)
	at org.apache.ratis.thirdparty.io.netty.util.concurrent.FastThreadLocalRunnable.run(FastThreadLocalRunnable.java:30)
	... 1 more
Caused by: java.net.ConnectException: Connection refused
	... 11 more
2019-10-18 14:30:41,228 [681edbc6-a1fc-42a4-b5ce-4922820de60a@group-FD33B9583E3C-LeaderElection178] INFO  impl.LeaderElection (LogUtils.java:infoOrTrace(149)) - 681edbc6-a1fc-42a4-b5ce-4922820de60a@group-FD33B9583E3C-LeaderElection178 got exception when requesting votes: {}
java.util.concurrent.ExecutionException: org.apache.ratis.thirdparty.io.grpc.StatusRuntimeException: UNAVAILABLE: io exception
	at java.util.concurrent.FutureTask.report(FutureTask.java:122)
	at java.util.concurrent.FutureTask.get(FutureTask.java:192)
	at org.apache.ratis.server.impl.LeaderElection.waitForResults(LeaderElection.java:259)
	at org.apache.ratis.server.impl.LeaderElection.askForVotes(LeaderElection.java:197)
	at org.apache.ratis.server.impl.LeaderElection.run(LeaderElection.java:133)
	at java.lang.Thread.run(Thread.java:748)
Caused by: org.apache.ratis.thirdparty.io.grpc.StatusRuntimeException: UNAVAILABLE: io exception
	at org.apache.ratis.thirdparty.io.grpc.stub.ClientCalls.toStatusRuntimeException(ClientCalls.java:233)
	at org.apache.ratis.thirdparty.io.grpc.stub.ClientCalls.getUnchecked(ClientCalls.java:214)
	at org.apache.ratis.thirdparty.io.grpc.stub.ClientCalls.blockingUnaryCall(ClientCalls.java:139)
	at org.apache.ratis.proto.grpc.RaftServerProtocolServiceGrpc$RaftServerProtocolServiceBlockingStub.requestVote(RaftServerProtocolServiceGrpc.java:265)
	at org.apache.ratis.grpc.server.GrpcServerProtocolClient.requestVote(GrpcServerProtocolClient.java:99)
	at org.apache.ratis.grpc.server.GrpcService.requestVote(GrpcService.java:204)
	at org.apache.ratis.server.impl.LeaderElection.lambda$submitRequests$1(LeaderElection.java:234)
	at java.util.concurrent.FutureTask.run(FutureTask.java:266)
	at java.util.concurrent.Executors$RunnableAdapter.call(Executors.java:511)
	at java.util.concurrent.FutureTask.run(FutureTask.java:266)
	at java.util.concurrent.ThreadPoolExecutor.runWorker(ThreadPoolExecutor.java:1149)
	at java.util.concurrent.ThreadPoolExecutor$Worker.run(ThreadPoolExecutor.java:624)
	... 1 more
Caused by: org.apache.ratis.thirdparty.io.netty.channel.AbstractChannel$AnnotatedConnectException: Connection refused: /192.168.164.233:46080
	at sun.nio.ch.SocketChannelImpl.checkConnect(Native Method)
	at sun.nio.ch.SocketChannelImpl.finishConnect(SocketChannelImpl.java:717)
	at org.apache.ratis.thirdparty.io.netty.channel.socket.nio.NioSocketChannel.doFinishConnect(NioSocketChannel.java:327)
	at org.apache.ratis.thirdparty.io.netty.channel.nio.AbstractNioChannel$AbstractNioUnsafe.finishConnect(AbstractNioChannel.java:340)
	at org.apache.ratis.thirdparty.io.netty.channel.nio.NioEventLoop.processSelectedKey(NioEventLoop.java:632)
	at org.apache.ratis.thirdparty.io.netty.channel.nio.NioEventLoop.processSelectedKeysOptimized(NioEventLoop.java:579)
	at org.apache.ratis.thirdparty.io.netty.channel.nio.NioEventLoop.processSelectedKeys(NioEventLoop.java:496)
	at org.apache.ratis.thirdparty.io.netty.channel.nio.NioEventLoop.run(NioEventLoop.java:458)
	at org.apache.ratis.thirdparty.io.netty.util.concurrent.SingleThreadEventExecutor$5.run(SingleThreadEventExecutor.java:897)
	at org.apache.ratis.thirdparty.io.netty.util.concurrent.FastThreadLocalRunnable.run(FastThreadLocalRunnable.java:30)
	... 1 more
Caused by: java.net.ConnectException: Connection refused
	... 11 more
2019-10-18 14:30:41,230 [681edbc6-a1fc-42a4-b5ce-4922820de60a@group-FD33B9583E3C-LeaderElection178] INFO  impl.LeaderElection (LeaderElection.java:logAndReturn(56)) - 681edbc6-a1fc-42a4-b5ce-4922820de60a@group-FD33B9583E3C-LeaderElection178: Election REJECTED; received 0 response(s) [] and 2 exception(s); 681edbc6-a1fc-42a4-b5ce-4922820de60a@group-FD33B9583E3C:t178, leader=null, voted=681edbc6-a1fc-42a4-b5ce-4922820de60a, raftlog=681edbc6-a1fc-42a4-b5ce-4922820de60a@group-FD33B9583E3C-SegmentedRaftLog:OPENED:c-1,f-1,i0, conf=-1: [3ee7b367-7b16-44e1-99f8-43aefeda0876:192.168.164.233:46080, 681edbc6-a1fc-42a4-b5ce-4922820de60a:192.168.164.233:44267, 773cce60-eeca-4c1f-a5ec-70084be8b6b9:192.168.164.233:38729], old=null
2019-10-18 14:30:41,230 [681edbc6-a1fc-42a4-b5ce-4922820de60a@group-FD33B9583E3C-LeaderElection178] INFO  impl.LeaderElection (LogUtils.java:infoOrTrace(149)) -   Exception 0: {}
java.util.concurrent.ExecutionException: org.apache.ratis.thirdparty.io.grpc.StatusRuntimeException: UNAVAILABLE: io exception
	at java.util.concurrent.FutureTask.report(FutureTask.java:122)
	at java.util.concurrent.FutureTask.get(FutureTask.java:192)
	at org.apache.ratis.server.impl.LeaderElection.waitForResults(LeaderElection.java:259)
	at org.apache.ratis.server.impl.LeaderElection.askForVotes(LeaderElection.java:197)
	at org.apache.ratis.server.impl.LeaderElection.run(LeaderElection.java:133)
	at java.lang.Thread.run(Thread.java:748)
Caused by: org.apache.ratis.thirdparty.io.grpc.StatusRuntimeException: UNAVAILABLE: io exception
	at org.apache.ratis.thirdparty.io.grpc.stub.ClientCalls.toStatusRuntimeException(ClientCalls.java:233)
	at org.apache.ratis.thirdparty.io.grpc.stub.ClientCalls.getUnchecked(ClientCalls.java:214)
	at org.apache.ratis.thirdparty.io.grpc.stub.ClientCalls.blockingUnaryCall(ClientCalls.java:139)
	at org.apache.ratis.proto.grpc.RaftServerProtocolServiceGrpc$RaftServerProtocolServiceBlockingStub.requestVote(RaftServerProtocolServiceGrpc.java:265)
	at org.apache.ratis.grpc.server.GrpcServerProtocolClient.requestVote(GrpcServerProtocolClient.java:99)
	at org.apache.ratis.grpc.server.GrpcService.requestVote(GrpcService.java:204)
	at org.apache.ratis.server.impl.LeaderElection.lambda$submitRequests$1(LeaderElection.java:234)
	at java.util.concurrent.FutureTask.run(FutureTask.java:266)
	at java.util.concurrent.Executors$RunnableAdapter.call(Executors.java:511)
	at java.util.concurrent.FutureTask.run(FutureTask.java:266)
	at java.util.concurrent.ThreadPoolExecutor.runWorker(ThreadPoolExecutor.java:1149)
	at java.util.concurrent.ThreadPoolExecutor$Worker.run(ThreadPoolExecutor.java:624)
	... 1 more
Caused by: org.apache.ratis.thirdparty.io.netty.channel.AbstractChannel$AnnotatedConnectException: Connection refused: /192.168.164.233:38729
	at sun.nio.ch.SocketChannelImpl.checkConnect(Native Method)
	at sun.nio.ch.SocketChannelImpl.finishConnect(SocketChannelImpl.java:717)
	at org.apache.ratis.thirdparty.io.netty.channel.socket.nio.NioSocketChannel.doFinishConnect(NioSocketChannel.java:327)
	at org.apache.ratis.thirdparty.io.netty.channel.nio.AbstractNioChannel$AbstractNioUnsafe.finishConnect(AbstractNioChannel.java:340)
	at org.apache.ratis.thirdparty.io.netty.channel.nio.NioEventLoop.processSelectedKey(NioEventLoop.java:632)
	at org.apache.ratis.thirdparty.io.netty.channel.nio.NioEventLoop.processSelectedKeysOptimized(NioEventLoop.java:579)
	at org.apache.ratis.thirdparty.io.netty.channel.nio.NioEventLoop.processSelectedKeys(NioEventLoop.java:496)
	at org.apache.ratis.thirdparty.io.netty.channel.nio.NioEventLoop.run(NioEventLoop.java:458)
	at org.apache.ratis.thirdparty.io.netty.util.concurrent.SingleThreadEventExecutor$5.run(SingleThreadEventExecutor.java:897)
	at org.apache.ratis.thirdparty.io.netty.util.concurrent.FastThreadLocalRunnable.run(FastThreadLocalRunnable.java:30)
	... 1 more
Caused by: java.net.ConnectException: Connection refused
	... 11 more
2019-10-18 14:30:41,231 [681edbc6-a1fc-42a4-b5ce-4922820de60a@group-FD33B9583E3C-LeaderElection178] INFO  impl.LeaderElection (LogUtils.java:infoOrTrace(149)) -   Exception 1: {}
java.util.concurrent.ExecutionException: org.apache.ratis.thirdparty.io.grpc.StatusRuntimeException: UNAVAILABLE: io exception
	at java.util.concurrent.FutureTask.report(FutureTask.java:122)
	at java.util.concurrent.FutureTask.get(FutureTask.java:192)
	at org.apache.ratis.server.impl.LeaderElection.waitForResults(LeaderElection.java:259)
	at org.apache.ratis.server.impl.LeaderElection.askForVotes(LeaderElection.java:197)
	at org.apache.ratis.server.impl.LeaderElection.run(LeaderElection.java:133)
	at java.lang.Thread.run(Thread.java:748)
Caused by: org.apache.ratis.thirdparty.io.grpc.StatusRuntimeException: UNAVAILABLE: io exception
	at org.apache.ratis.thirdparty.io.grpc.stub.ClientCalls.toStatusRuntimeException(ClientCalls.java:233)
	at org.apache.ratis.thirdparty.io.grpc.stub.ClientCalls.getUnchecked(ClientCalls.java:214)
	at org.apache.ratis.thirdparty.io.grpc.stub.ClientCalls.blockingUnaryCall(ClientCalls.java:139)
	at org.apache.ratis.proto.grpc.RaftServerProtocolServiceGrpc$RaftServerProtocolServiceBlockingStub.requestVote(RaftServerProtocolServiceGrpc.java:265)
	at org.apache.ratis.grpc.server.GrpcServerProtocolClient.requestVote(GrpcServerProtocolClient.java:99)
	at org.apache.ratis.grpc.server.GrpcService.requestVote(GrpcService.java:204)
	at org.apache.ratis.server.impl.LeaderElection.lambda$submitRequests$1(LeaderElection.java:234)
	at java.util.concurrent.FutureTask.run(FutureTask.java:266)
	at java.util.concurrent.Executors$RunnableAdapter.call(Executors.java:511)
	at java.util.concurrent.FutureTask.run(FutureTask.java:266)
	at java.util.concurrent.ThreadPoolExecutor.runWorker(ThreadPoolExecutor.java:1149)
	at java.util.concurrent.ThreadPoolExecutor$Worker.run(ThreadPoolExecutor.java:624)
	... 1 more
Caused by: org.apache.ratis.thirdparty.io.netty.channel.AbstractChannel$AnnotatedConnectException: Connection refused: /192.168.164.233:46080
	at sun.nio.ch.SocketChannelImpl.checkConnect(Native Method)
	at sun.nio.ch.SocketChannelImpl.finishConnect(SocketChannelImpl.java:717)
	at org.apache.ratis.thirdparty.io.netty.channel.socket.nio.NioSocketChannel.doFinishConnect(NioSocketChannel.java:327)
	at org.apache.ratis.thirdparty.io.netty.channel.nio.AbstractNioChannel$AbstractNioUnsafe.finishConnect(AbstractNioChannel.java:340)
	at org.apache.ratis.thirdparty.io.netty.channel.nio.NioEventLoop.processSelectedKey(NioEventLoop.java:632)
	at org.apache.ratis.thirdparty.io.netty.channel.nio.NioEventLoop.processSelectedKeysOptimized(NioEventLoop.java:579)
	at org.apache.ratis.thirdparty.io.netty.channel.nio.NioEventLoop.processSelectedKeys(NioEventLoop.java:496)
	at org.apache.ratis.thirdparty.io.netty.channel.nio.NioEventLoop.run(NioEventLoop.java:458)
	at org.apache.ratis.thirdparty.io.netty.util.concurrent.SingleThreadEventExecutor$5.run(SingleThreadEventExecutor.java:897)
	at org.apache.ratis.thirdparty.io.netty.util.concurrent.FastThreadLocalRunnable.run(FastThreadLocalRunnable.java:30)
	... 1 more
Caused by: java.net.ConnectException: Connection refused
	... 11 more
2019-10-18 14:30:41,231 [681edbc6-a1fc-42a4-b5ce-4922820de60a@group-FD33B9583E3C-LeaderElection178] INFO  impl.RaftServerImpl (RaftServerImpl.java:setRole(184)) - 681edbc6-a1fc-42a4-b5ce-4922820de60a@group-FD33B9583E3C: changes role from CANDIDATE to FOLLOWER at term 178 for DISCOVERED_A_NEW_TERM
2019-10-18 14:30:41,231 [681edbc6-a1fc-42a4-b5ce-4922820de60a@group-FD33B9583E3C-LeaderElection178] INFO  impl.RoleInfo (RoleInfo.java:shutdownLeaderElection(134)) - 681edbc6-a1fc-42a4-b5ce-4922820de60a: shutdown LeaderElection
2019-10-18 14:30:41,231 [681edbc6-a1fc-42a4-b5ce-4922820de60a@group-FD33B9583E3C-LeaderElection178] INFO  impl.RoleInfo (RoleInfo.java:updateAndGet(143)) - 681edbc6-a1fc-42a4-b5ce-4922820de60a: start FollowerState
2019-10-18 14:30:41,254 [Thread-1674] INFO  impl.FollowerState (FollowerState.java:run(108)) - 681edbc6-a1fc-42a4-b5ce-4922820de60a@group-FD33B9583E3C-FollowerState: change to CANDIDATE, lastRpcTime:23ms, electionTimeout:23ms
2019-10-18 14:30:41,255 [Thread-1674] INFO  impl.RoleInfo (RoleInfo.java:shutdownFollowerState(121)) - 681edbc6-a1fc-42a4-b5ce-4922820de60a: shutdown FollowerState
2019-10-18 14:30:41,255 [Thread-1674] INFO  impl.RaftServerImpl (RaftServerImpl.java:setRole(184)) - 681edbc6-a1fc-42a4-b5ce-4922820de60a@group-FD33B9583E3C: changes role from  FOLLOWER to CANDIDATE at term 178 for changeToCandidate
2019-10-18 14:30:41,255 [Thread-1674] INFO  impl.RoleInfo (RoleInfo.java:updateAndGet(143)) - 681edbc6-a1fc-42a4-b5ce-4922820de60a: start LeaderElection
2019-10-18 14:30:41,268 [681edbc6-a1fc-42a4-b5ce-4922820de60a@group-FD33B9583E3C-LeaderElection179] INFO  impl.LeaderElection (LeaderElection.java:askForVotes(178)) - 681edbc6-a1fc-42a4-b5ce-4922820de60a@group-FD33B9583E3C-LeaderElection179: begin an election at term 179 for -1: [3ee7b367-7b16-44e1-99f8-43aefeda0876:192.168.164.233:46080, 681edbc6-a1fc-42a4-b5ce-4922820de60a:192.168.164.233:44267, 773cce60-eeca-4c1f-a5ec-70084be8b6b9:192.168.164.233:38729], old=null
2019-10-18 14:30:41,269 [681edbc6-a1fc-42a4-b5ce-4922820de60a@group-FD33B9583E3C-LeaderElection179] INFO  impl.LeaderElection (LogUtils.java:infoOrTrace(149)) - 681edbc6-a1fc-42a4-b5ce-4922820de60a@group-FD33B9583E3C-LeaderElection179 got exception when requesting votes: {}
java.util.concurrent.ExecutionException: org.apache.ratis.thirdparty.io.grpc.StatusRuntimeException: UNAVAILABLE: io exception
	at java.util.concurrent.FutureTask.report(FutureTask.java:122)
	at java.util.concurrent.FutureTask.get(FutureTask.java:192)
	at org.apache.ratis.server.impl.LeaderElection.waitForResults(LeaderElection.java:259)
	at org.apache.ratis.server.impl.LeaderElection.askForVotes(LeaderElection.java:197)
	at org.apache.ratis.server.impl.LeaderElection.run(LeaderElection.java:133)
	at java.lang.Thread.run(Thread.java:748)
Caused by: org.apache.ratis.thirdparty.io.grpc.StatusRuntimeException: UNAVAILABLE: io exception
	at org.apache.ratis.thirdparty.io.grpc.stub.ClientCalls.toStatusRuntimeException(ClientCalls.java:233)
	at org.apache.ratis.thirdparty.io.grpc.stub.ClientCalls.getUnchecked(ClientCalls.java:214)
	at org.apache.ratis.thirdparty.io.grpc.stub.ClientCalls.blockingUnaryCall(ClientCalls.java:139)
	at org.apache.ratis.proto.grpc.RaftServerProtocolServiceGrpc$RaftServerProtocolServiceBlockingStub.requestVote(RaftServerProtocolServiceGrpc.java:265)
	at org.apache.ratis.grpc.server.GrpcServerProtocolClient.requestVote(GrpcServerProtocolClient.java:99)
	at org.apache.ratis.grpc.server.GrpcService.requestVote(GrpcService.java:204)
	at org.apache.ratis.server.impl.LeaderElection.lambda$submitRequests$1(LeaderElection.java:234)
	at java.util.concurrent.FutureTask.run(FutureTask.java:266)
	at java.util.concurrent.Executors$RunnableAdapter.call(Executors.java:511)
	at java.util.concurrent.FutureTask.run(FutureTask.java:266)
	at java.util.concurrent.ThreadPoolExecutor.runWorker(ThreadPoolExecutor.java:1149)
	at java.util.concurrent.ThreadPoolExecutor$Worker.run(ThreadPoolExecutor.java:624)
	... 1 more
Caused by: org.apache.ratis.thirdparty.io.netty.channel.AbstractChannel$AnnotatedConnectException: Connection refused: /192.168.164.233:46080
	at sun.nio.ch.SocketChannelImpl.checkConnect(Native Method)
	at sun.nio.ch.SocketChannelImpl.finishConnect(SocketChannelImpl.java:717)
	at org.apache.ratis.thirdparty.io.netty.channel.socket.nio.NioSocketChannel.doFinishConnect(NioSocketChannel.java:327)
	at org.apache.ratis.thirdparty.io.netty.channel.nio.AbstractNioChannel$AbstractNioUnsafe.finishConnect(AbstractNioChannel.java:340)
	at org.apache.ratis.thirdparty.io.netty.channel.nio.NioEventLoop.processSelectedKey(NioEventLoop.java:632)
	at org.apache.ratis.thirdparty.io.netty.channel.nio.NioEventLoop.processSelectedKeysOptimized(NioEventLoop.java:579)
	at org.apache.ratis.thirdparty.io.netty.channel.nio.NioEventLoop.processSelectedKeys(NioEventLoop.java:496)
	at org.apache.ratis.thirdparty.io.netty.channel.nio.NioEventLoop.run(NioEventLoop.java:458)
	at org.apache.ratis.thirdparty.io.netty.util.concurrent.SingleThreadEventExecutor$5.run(SingleThreadEventExecutor.java:897)
	at org.apache.ratis.thirdparty.io.netty.util.concurrent.FastThreadLocalRunnable.run(FastThreadLocalRunnable.java:30)
	... 1 more
Caused by: java.net.ConnectException: Connection refused
	... 11 more
2019-10-18 14:30:41,271 [681edbc6-a1fc-42a4-b5ce-4922820de60a@group-FD33B9583E3C-LeaderElection179] INFO  impl.LeaderElection (LogUtils.java:infoOrTrace(149)) - 681edbc6-a1fc-42a4-b5ce-4922820de60a@group-FD33B9583E3C-LeaderElection179 got exception when requesting votes: {}
java.util.concurrent.ExecutionException: org.apache.ratis.thirdparty.io.grpc.StatusRuntimeException: UNAVAILABLE: io exception
	at java.util.concurrent.FutureTask.report(FutureTask.java:122)
	at java.util.concurrent.FutureTask.get(FutureTask.java:192)
	at org.apache.ratis.server.impl.LeaderElection.waitForResults(LeaderElection.java:259)
	at org.apache.ratis.server.impl.LeaderElection.askForVotes(LeaderElection.java:197)
	at org.apache.ratis.server.impl.LeaderElection.run(LeaderElection.java:133)
	at java.lang.Thread.run(Thread.java:748)
Caused by: org.apache.ratis.thirdparty.io.grpc.StatusRuntimeException: UNAVAILABLE: io exception
	at org.apache.ratis.thirdparty.io.grpc.stub.ClientCalls.toStatusRuntimeException(ClientCalls.java:233)
	at org.apache.ratis.thirdparty.io.grpc.stub.ClientCalls.getUnchecked(ClientCalls.java:214)
	at org.apache.ratis.thirdparty.io.grpc.stub.ClientCalls.blockingUnaryCall(ClientCalls.java:139)
	at org.apache.ratis.proto.grpc.RaftServerProtocolServiceGrpc$RaftServerProtocolServiceBlockingStub.requestVote(RaftServerProtocolServiceGrpc.java:265)
	at org.apache.ratis.grpc.server.GrpcServerProtocolClient.requestVote(GrpcServerProtocolClient.java:99)
	at org.apache.ratis.grpc.server.GrpcService.requestVote(GrpcService.java:204)
	at org.apache.ratis.server.impl.LeaderElection.lambda$submitRequests$1(LeaderElection.java:234)
	at java.util.concurrent.FutureTask.run(FutureTask.java:266)
	at java.util.concurrent.Executors$RunnableAdapter.call(Executors.java:511)
	at java.util.concurrent.FutureTask.run(FutureTask.java:266)
	at java.util.concurrent.ThreadPoolExecutor.runWorker(ThreadPoolExecutor.java:1149)
	at java.util.concurrent.ThreadPoolExecutor$Worker.run(ThreadPoolExecutor.java:624)
	... 1 more
Caused by: org.apache.ratis.thirdparty.io.netty.channel.AbstractChannel$AnnotatedConnectException: Connection refused: /192.168.164.233:38729
	at sun.nio.ch.SocketChannelImpl.checkConnect(Native Method)
	at sun.nio.ch.SocketChannelImpl.finishConnect(SocketChannelImpl.java:717)
	at org.apache.ratis.thirdparty.io.netty.channel.socket.nio.NioSocketChannel.doFinishConnect(NioSocketChannel.java:327)
	at org.apache.ratis.thirdparty.io.netty.channel.nio.AbstractNioChannel$AbstractNioUnsafe.finishConnect(AbstractNioChannel.java:340)
	at org.apache.ratis.thirdparty.io.netty.channel.nio.NioEventLoop.processSelectedKey(NioEventLoop.java:632)
	at org.apache.ratis.thirdparty.io.netty.channel.nio.NioEventLoop.processSelectedKeysOptimized(NioEventLoop.java:579)
	at org.apache.ratis.thirdparty.io.netty.channel.nio.NioEventLoop.processSelectedKeys(NioEventLoop.java:496)
	at org.apache.ratis.thirdparty.io.netty.channel.nio.NioEventLoop.run(NioEventLoop.java:458)
	at org.apache.ratis.thirdparty.io.netty.util.concurrent.SingleThreadEventExecutor$5.run(SingleThreadEventExecutor.java:897)
	at org.apache.ratis.thirdparty.io.netty.util.concurrent.FastThreadLocalRunnable.run(FastThreadLocalRunnable.java:30)
	... 1 more
Caused by: java.net.ConnectException: Connection refused
	... 11 more
2019-10-18 14:30:41,273 [681edbc6-a1fc-42a4-b5ce-4922820de60a@group-FD33B9583E3C-LeaderElection179] INFO  impl.LeaderElection (LeaderElection.java:logAndReturn(56)) - 681edbc6-a1fc-42a4-b5ce-4922820de60a@group-FD33B9583E3C-LeaderElection179: Election REJECTED; received 0 response(s) [] and 2 exception(s); 681edbc6-a1fc-42a4-b5ce-4922820de60a@group-FD33B9583E3C:t179, leader=null, voted=681edbc6-a1fc-42a4-b5ce-4922820de60a, raftlog=681edbc6-a1fc-42a4-b5ce-4922820de60a@group-FD33B9583E3C-SegmentedRaftLog:OPENED:c-1,f-1,i0, conf=-1: [3ee7b367-7b16-44e1-99f8-43aefeda0876:192.168.164.233:46080, 681edbc6-a1fc-42a4-b5ce-4922820de60a:192.168.164.233:44267, 773cce60-eeca-4c1f-a5ec-70084be8b6b9:192.168.164.233:38729], old=null
2019-10-18 14:30:41,273 [681edbc6-a1fc-42a4-b5ce-4922820de60a@group-FD33B9583E3C-LeaderElection179] INFO  impl.LeaderElection (LogUtils.java:infoOrTrace(149)) -   Exception 0: {}
java.util.concurrent.ExecutionException: org.apache.ratis.thirdparty.io.grpc.StatusRuntimeException: UNAVAILABLE: io exception
	at java.util.concurrent.FutureTask.report(FutureTask.java:122)
	at java.util.concurrent.FutureTask.get(FutureTask.java:192)
	at org.apache.ratis.server.impl.LeaderElection.waitForResults(LeaderElection.java:259)
	at org.apache.ratis.server.impl.LeaderElection.askForVotes(LeaderElection.java:197)
	at org.apache.ratis.server.impl.LeaderElection.run(LeaderElection.java:133)
	at java.lang.Thread.run(Thread.java:748)
Caused by: org.apache.ratis.thirdparty.io.grpc.StatusRuntimeException: UNAVAILABLE: io exception
	at org.apache.ratis.thirdparty.io.grpc.stub.ClientCalls.toStatusRuntimeException(ClientCalls.java:233)
	at org.apache.ratis.thirdparty.io.grpc.stub.ClientCalls.getUnchecked(ClientCalls.java:214)
	at org.apache.ratis.thirdparty.io.grpc.stub.ClientCalls.blockingUnaryCall(ClientCalls.java:139)
	at org.apache.ratis.proto.grpc.RaftServerProtocolServiceGrpc$RaftServerProtocolServiceBlockingStub.requestVote(RaftServerProtocolServiceGrpc.java:265)
	at org.apache.ratis.grpc.server.GrpcServerProtocolClient.requestVote(GrpcServerProtocolClient.java:99)
	at org.apache.ratis.grpc.server.GrpcService.requestVote(GrpcService.java:204)
	at org.apache.ratis.server.impl.LeaderElection.lambda$submitRequests$1(LeaderElection.java:234)
	at java.util.concurrent.FutureTask.run(FutureTask.java:266)
	at java.util.concurrent.Executors$RunnableAdapter.call(Executors.java:511)
	at java.util.concurrent.FutureTask.run(FutureTask.java:266)
	at java.util.concurrent.ThreadPoolExecutor.runWorker(ThreadPoolExecutor.java:1149)
	at java.util.concurrent.ThreadPoolExecutor$Worker.run(ThreadPoolExecutor.java:624)
	... 1 more
Caused by: org.apache.ratis.thirdparty.io.netty.channel.AbstractChannel$AnnotatedConnectException: Connection refused: /192.168.164.233:46080
	at sun.nio.ch.SocketChannelImpl.checkConnect(Native Method)
	at sun.nio.ch.SocketChannelImpl.finishConnect(SocketChannelImpl.java:717)
	at org.apache.ratis.thirdparty.io.netty.channel.socket.nio.NioSocketChannel.doFinishConnect(NioSocketChannel.java:327)
	at org.apache.ratis.thirdparty.io.netty.channel.nio.AbstractNioChannel$AbstractNioUnsafe.finishConnect(AbstractNioChannel.java:340)
	at org.apache.ratis.thirdparty.io.netty.channel.nio.NioEventLoop.processSelectedKey(NioEventLoop.java:632)
	at org.apache.ratis.thirdparty.io.netty.channel.nio.NioEventLoop.processSelectedKeysOptimized(NioEventLoop.java:579)
	at org.apache.ratis.thirdparty.io.netty.channel.nio.NioEventLoop.processSelectedKeys(NioEventLoop.java:496)
	at org.apache.ratis.thirdparty.io.netty.channel.nio.NioEventLoop.run(NioEventLoop.java:458)
	at org.apache.ratis.thirdparty.io.netty.util.concurrent.SingleThreadEventExecutor$5.run(SingleThreadEventExecutor.java:897)
	at org.apache.ratis.thirdparty.io.netty.util.concurrent.FastThreadLocalRunnable.run(FastThreadLocalRunnable.java:30)
	... 1 more
Caused by: java.net.ConnectException: Connection refused
	... 11 more
2019-10-18 14:30:41,274 [681edbc6-a1fc-42a4-b5ce-4922820de60a@group-FD33B9583E3C-LeaderElection179] INFO  impl.LeaderElection (LogUtils.java:infoOrTrace(149)) -   Exception 1: {}
java.util.concurrent.ExecutionException: org.apache.ratis.thirdparty.io.grpc.StatusRuntimeException: UNAVAILABLE: io exception
	at java.util.concurrent.FutureTask.report(FutureTask.java:122)
	at java.util.concurrent.FutureTask.get(FutureTask.java:192)
	at org.apache.ratis.server.impl.LeaderElection.waitForResults(LeaderElection.java:259)
	at org.apache.ratis.server.impl.LeaderElection.askForVotes(LeaderElection.java:197)
	at org.apache.ratis.server.impl.LeaderElection.run(LeaderElection.java:133)
	at java.lang.Thread.run(Thread.java:748)
Caused by: org.apache.ratis.thirdparty.io.grpc.StatusRuntimeException: UNAVAILABLE: io exception
	at org.apache.ratis.thirdparty.io.grpc.stub.ClientCalls.toStatusRuntimeException(ClientCalls.java:233)
	at org.apache.ratis.thirdparty.io.grpc.stub.ClientCalls.getUnchecked(ClientCalls.java:214)
	at org.apache.ratis.thirdparty.io.grpc.stub.ClientCalls.blockingUnaryCall(ClientCalls.java:139)
	at org.apache.ratis.proto.grpc.RaftServerProtocolServiceGrpc$RaftServerProtocolServiceBlockingStub.requestVote(RaftServerProtocolServiceGrpc.java:265)
	at org.apache.ratis.grpc.server.GrpcServerProtocolClient.requestVote(GrpcServerProtocolClient.java:99)
	at org.apache.ratis.grpc.server.GrpcService.requestVote(GrpcService.java:204)
	at org.apache.ratis.server.impl.LeaderElection.lambda$submitRequests$1(LeaderElection.java:234)
	at java.util.concurrent.FutureTask.run(FutureTask.java:266)
	at java.util.concurrent.Executors$RunnableAdapter.call(Executors.java:511)
	at java.util.concurrent.FutureTask.run(FutureTask.java:266)
	at java.util.concurrent.ThreadPoolExecutor.runWorker(ThreadPoolExecutor.java:1149)
	at java.util.concurrent.ThreadPoolExecutor$Worker.run(ThreadPoolExecutor.java:624)
	... 1 more
Caused by: org.apache.ratis.thirdparty.io.netty.channel.AbstractChannel$AnnotatedConnectException: Connection refused: /192.168.164.233:38729
	at sun.nio.ch.SocketChannelImpl.checkConnect(Native Method)
	at sun.nio.ch.SocketChannelImpl.finishConnect(SocketChannelImpl.java:717)
	at org.apache.ratis.thirdparty.io.netty.channel.socket.nio.NioSocketChannel.doFinishConnect(NioSocketChannel.java:327)
	at org.apache.ratis.thirdparty.io.netty.channel.nio.AbstractNioChannel$AbstractNioUnsafe.finishConnect(AbstractNioChannel.java:340)
	at org.apache.ratis.thirdparty.io.netty.channel.nio.NioEventLoop.processSelectedKey(NioEventLoop.java:632)
	at org.apache.ratis.thirdparty.io.netty.channel.nio.NioEventLoop.processSelectedKeysOptimized(NioEventLoop.java:579)
	at org.apache.ratis.thirdparty.io.netty.channel.nio.NioEventLoop.processSelectedKeys(NioEventLoop.java:496)
	at org.apache.ratis.thirdparty.io.netty.channel.nio.NioEventLoop.run(NioEventLoop.java:458)
	at org.apache.ratis.thirdparty.io.netty.util.concurrent.SingleThreadEventExecutor$5.run(SingleThreadEventExecutor.java:897)
	at org.apache.ratis.thirdparty.io.netty.util.concurrent.FastThreadLocalRunnable.run(FastThreadLocalRunnable.java:30)
	... 1 more
Caused by: java.net.ConnectException: Connection refused
	... 11 more
2019-10-18 14:30:41,274 [681edbc6-a1fc-42a4-b5ce-4922820de60a@group-FD33B9583E3C-LeaderElection179] INFO  impl.RaftServerImpl (RaftServerImpl.java:setRole(184)) - 681edbc6-a1fc-42a4-b5ce-4922820de60a@group-FD33B9583E3C: changes role from CANDIDATE to FOLLOWER at term 179 for DISCOVERED_A_NEW_TERM
2019-10-18 14:30:41,274 [681edbc6-a1fc-42a4-b5ce-4922820de60a@group-FD33B9583E3C-LeaderElection179] INFO  impl.RoleInfo (RoleInfo.java:shutdownLeaderElection(134)) - 681edbc6-a1fc-42a4-b5ce-4922820de60a: shutdown LeaderElection
2019-10-18 14:30:41,274 [681edbc6-a1fc-42a4-b5ce-4922820de60a@group-FD33B9583E3C-LeaderElection179] INFO  impl.RoleInfo (RoleInfo.java:updateAndGet(143)) - 681edbc6-a1fc-42a4-b5ce-4922820de60a: start FollowerState
2019-10-18 14:30:41,284 [Thread-1678] INFO  impl.FollowerState (FollowerState.java:run(108)) - 681edbc6-a1fc-42a4-b5ce-4922820de60a@group-FD33B9583E3C-FollowerState: change to CANDIDATE, lastRpcTime:10ms, electionTimeout:10ms
2019-10-18 14:30:41,284 [Thread-1678] INFO  impl.RoleInfo (RoleInfo.java:shutdownFollowerState(121)) - 681edbc6-a1fc-42a4-b5ce-4922820de60a: shutdown FollowerState
2019-10-18 14:30:41,285 [Thread-1678] INFO  impl.RaftServerImpl (RaftServerImpl.java:setRole(184)) - 681edbc6-a1fc-42a4-b5ce-4922820de60a@group-FD33B9583E3C: changes role from  FOLLOWER to CANDIDATE at term 179 for changeToCandidate
2019-10-18 14:30:41,285 [Thread-1678] INFO  impl.RoleInfo (RoleInfo.java:updateAndGet(143)) - 681edbc6-a1fc-42a4-b5ce-4922820de60a: start LeaderElection
2019-10-18 14:30:41,297 [681edbc6-a1fc-42a4-b5ce-4922820de60a@group-FD33B9583E3C-LeaderElection180] INFO  impl.LeaderElection (LeaderElection.java:askForVotes(178)) - 681edbc6-a1fc-42a4-b5ce-4922820de60a@group-FD33B9583E3C-LeaderElection180: begin an election at term 180 for -1: [3ee7b367-7b16-44e1-99f8-43aefeda0876:192.168.164.233:46080, 681edbc6-a1fc-42a4-b5ce-4922820de60a:192.168.164.233:44267, 773cce60-eeca-4c1f-a5ec-70084be8b6b9:192.168.164.233:38729], old=null
2019-10-18 14:30:41,298 [681edbc6-a1fc-42a4-b5ce-4922820de60a@group-FD33B9583E3C-LeaderElection180] INFO  impl.LeaderElection (LogUtils.java:infoOrTrace(149)) - 681edbc6-a1fc-42a4-b5ce-4922820de60a@group-FD33B9583E3C-LeaderElection180 got exception when requesting votes: {}
java.util.concurrent.ExecutionException: org.apache.ratis.thirdparty.io.grpc.StatusRuntimeException: UNAVAILABLE: io exception
	at java.util.concurrent.FutureTask.report(FutureTask.java:122)
	at java.util.concurrent.FutureTask.get(FutureTask.java:192)
	at org.apache.ratis.server.impl.LeaderElection.waitForResults(LeaderElection.java:259)
	at org.apache.ratis.server.impl.LeaderElection.askForVotes(LeaderElection.java:197)
	at org.apache.ratis.server.impl.LeaderElection.run(LeaderElection.java:133)
	at java.lang.Thread.run(Thread.java:748)
Caused by: org.apache.ratis.thirdparty.io.grpc.StatusRuntimeException: UNAVAILABLE: io exception
	at org.apache.ratis.thirdparty.io.grpc.stub.ClientCalls.toStatusRuntimeException(ClientCalls.java:233)
	at org.apache.ratis.thirdparty.io.grpc.stub.ClientCalls.getUnchecked(ClientCalls.java:214)
	at org.apache.ratis.thirdparty.io.grpc.stub.ClientCalls.blockingUnaryCall(ClientCalls.java:139)
	at org.apache.ratis.proto.grpc.RaftServerProtocolServiceGrpc$RaftServerProtocolServiceBlockingStub.requestVote(RaftServerProtocolServiceGrpc.java:265)
	at org.apache.ratis.grpc.server.GrpcServerProtocolClient.requestVote(GrpcServerProtocolClient.java:99)
	at org.apache.ratis.grpc.server.GrpcService.requestVote(GrpcService.java:204)
	at org.apache.ratis.server.impl.LeaderElection.lambda$submitRequests$1(LeaderElection.java:234)
	at java.util.concurrent.FutureTask.run(FutureTask.java:266)
	at java.util.concurrent.Executors$RunnableAdapter.call(Executors.java:511)
	at java.util.concurrent.FutureTask.run(FutureTask.java:266)
	at java.util.concurrent.ThreadPoolExecutor.runWorker(ThreadPoolExecutor.java:1149)
	at java.util.concurrent.ThreadPoolExecutor$Worker.run(ThreadPoolExecutor.java:624)
	... 1 more
Caused by: org.apache.ratis.thirdparty.io.netty.channel.AbstractChannel$AnnotatedConnectException: Connection refused: /192.168.164.233:46080
	at sun.nio.ch.SocketChannelImpl.checkConnect(Native Method)
	at sun.nio.ch.SocketChannelImpl.finishConnect(SocketChannelImpl.java:717)
	at org.apache.ratis.thirdparty.io.netty.channel.socket.nio.NioSocketChannel.doFinishConnect(NioSocketChannel.java:327)
	at org.apache.ratis.thirdparty.io.netty.channel.nio.AbstractNioChannel$AbstractNioUnsafe.finishConnect(AbstractNioChannel.java:340)
	at org.apache.ratis.thirdparty.io.netty.channel.nio.NioEventLoop.processSelectedKey(NioEventLoop.java:632)
	at org.apache.ratis.thirdparty.io.netty.channel.nio.NioEventLoop.processSelectedKeysOptimized(NioEventLoop.java:579)
	at org.apache.ratis.thirdparty.io.netty.channel.nio.NioEventLoop.processSelectedKeys(NioEventLoop.java:496)
	at org.apache.ratis.thirdparty.io.netty.channel.nio.NioEventLoop.run(NioEventLoop.java:458)
	at org.apache.ratis.thirdparty.io.netty.util.concurrent.SingleThreadEventExecutor$5.run(SingleThreadEventExecutor.java:897)
	at org.apache.ratis.thirdparty.io.netty.util.concurrent.FastThreadLocalRunnable.run(FastThreadLocalRunnable.java:30)
	... 1 more
Caused by: java.net.ConnectException: Connection refused
	... 11 more
2019-10-18 14:30:41,300 [681edbc6-a1fc-42a4-b5ce-4922820de60a@group-FD33B9583E3C-LeaderElection180] INFO  impl.LeaderElection (LogUtils.java:infoOrTrace(149)) - 681edbc6-a1fc-42a4-b5ce-4922820de60a@group-FD33B9583E3C-LeaderElection180 got exception when requesting votes: {}
java.util.concurrent.ExecutionException: org.apache.ratis.thirdparty.io.grpc.StatusRuntimeException: UNAVAILABLE: io exception
	at java.util.concurrent.FutureTask.report(FutureTask.java:122)
	at java.util.concurrent.FutureTask.get(FutureTask.java:192)
	at org.apache.ratis.server.impl.LeaderElection.waitForResults(LeaderElection.java:259)
	at org.apache.ratis.server.impl.LeaderElection.askForVotes(LeaderElection.java:197)
	at org.apache.ratis.server.impl.LeaderElection.run(LeaderElection.java:133)
	at java.lang.Thread.run(Thread.java:748)
Caused by: org.apache.ratis.thirdparty.io.grpc.StatusRuntimeException: UNAVAILABLE: io exception
	at org.apache.ratis.thirdparty.io.grpc.stub.ClientCalls.toStatusRuntimeException(ClientCalls.java:233)
	at org.apache.ratis.thirdparty.io.grpc.stub.ClientCalls.getUnchecked(ClientCalls.java:214)
	at org.apache.ratis.thirdparty.io.grpc.stub.ClientCalls.blockingUnaryCall(ClientCalls.java:139)
	at org.apache.ratis.proto.grpc.RaftServerProtocolServiceGrpc$RaftServerProtocolServiceBlockingStub.requestVote(RaftServerProtocolServiceGrpc.java:265)
	at org.apache.ratis.grpc.server.GrpcServerProtocolClient.requestVote(GrpcServerProtocolClient.java:99)
	at org.apache.ratis.grpc.server.GrpcService.requestVote(GrpcService.java:204)
	at org.apache.ratis.server.impl.LeaderElection.lambda$submitRequests$1(LeaderElection.java:234)
	at java.util.concurrent.FutureTask.run(FutureTask.java:266)
	at java.util.concurrent.Executors$RunnableAdapter.call(Executors.java:511)
	at java.util.concurrent.FutureTask.run(FutureTask.java:266)
	at java.util.concurrent.ThreadPoolExecutor.runWorker(ThreadPoolExecutor.java:1149)
	at java.util.concurrent.ThreadPoolExecutor$Worker.run(ThreadPoolExecutor.java:624)
	... 1 more
Caused by: org.apache.ratis.thirdparty.io.netty.channel.AbstractChannel$AnnotatedConnectException: Connection refused: /192.168.164.233:38729
	at sun.nio.ch.SocketChannelImpl.checkConnect(Native Method)
	at sun.nio.ch.SocketChannelImpl.finishConnect(SocketChannelImpl.java:717)
	at org.apache.ratis.thirdparty.io.netty.channel.socket.nio.NioSocketChannel.doFinishConnect(NioSocketChannel.java:327)
	at org.apache.ratis.thirdparty.io.netty.channel.nio.AbstractNioChannel$AbstractNioUnsafe.finishConnect(AbstractNioChannel.java:340)
	at org.apache.ratis.thirdparty.io.netty.channel.nio.NioEventLoop.processSelectedKey(NioEventLoop.java:632)
	at org.apache.ratis.thirdparty.io.netty.channel.nio.NioEventLoop.processSelectedKeysOptimized(NioEventLoop.java:579)
	at org.apache.ratis.thirdparty.io.netty.channel.nio.NioEventLoop.processSelectedKeys(NioEventLoop.java:496)
	at org.apache.ratis.thirdparty.io.netty.channel.nio.NioEventLoop.run(NioEventLoop.java:458)
	at org.apache.ratis.thirdparty.io.netty.util.concurrent.SingleThreadEventExecutor$5.run(SingleThreadEventExecutor.java:897)
	at org.apache.ratis.thirdparty.io.netty.util.concurrent.FastThreadLocalRunnable.run(FastThreadLocalRunnable.java:30)
	... 1 more
Caused by: java.net.ConnectException: Connection refused
	... 11 more
2019-10-18 14:30:41,301 [681edbc6-a1fc-42a4-b5ce-4922820de60a@group-FD33B9583E3C-LeaderElection180] INFO  impl.LeaderElection (LeaderElection.java:logAndReturn(56)) - 681edbc6-a1fc-42a4-b5ce-4922820de60a@group-FD33B9583E3C-LeaderElection180: Election REJECTED; received 0 response(s) [] and 2 exception(s); 681edbc6-a1fc-42a4-b5ce-4922820de60a@group-FD33B9583E3C:t180, leader=null, voted=681edbc6-a1fc-42a4-b5ce-4922820de60a, raftlog=681edbc6-a1fc-42a4-b5ce-4922820de60a@group-FD33B9583E3C-SegmentedRaftLog:OPENED:c-1,f-1,i0, conf=-1: [3ee7b367-7b16-44e1-99f8-43aefeda0876:192.168.164.233:46080, 681edbc6-a1fc-42a4-b5ce-4922820de60a:192.168.164.233:44267, 773cce60-eeca-4c1f-a5ec-70084be8b6b9:192.168.164.233:38729], old=null
2019-10-18 14:30:41,301 [681edbc6-a1fc-42a4-b5ce-4922820de60a@group-FD33B9583E3C-LeaderElection180] INFO  impl.LeaderElection (LogUtils.java:infoOrTrace(149)) -   Exception 0: {}
java.util.concurrent.ExecutionException: org.apache.ratis.thirdparty.io.grpc.StatusRuntimeException: UNAVAILABLE: io exception
	at java.util.concurrent.FutureTask.report(FutureTask.java:122)
	at java.util.concurrent.FutureTask.get(FutureTask.java:192)
	at org.apache.ratis.server.impl.LeaderElection.waitForResults(LeaderElection.java:259)
	at org.apache.ratis.server.impl.LeaderElection.askForVotes(LeaderElection.java:197)
	at org.apache.ratis.server.impl.LeaderElection.run(LeaderElection.java:133)
	at java.lang.Thread.run(Thread.java:748)
Caused by: org.apache.ratis.thirdparty.io.grpc.StatusRuntimeException: UNAVAILABLE: io exception
	at org.apache.ratis.thirdparty.io.grpc.stub.ClientCalls.toStatusRuntimeException(ClientCalls.java:233)
	at org.apache.ratis.thirdparty.io.grpc.stub.ClientCalls.getUnchecked(ClientCalls.java:214)
	at org.apache.ratis.thirdparty.io.grpc.stub.ClientCalls.blockingUnaryCall(ClientCalls.java:139)
	at org.apache.ratis.proto.grpc.RaftServerProtocolServiceGrpc$RaftServerProtocolServiceBlockingStub.requestVote(RaftServerProtocolServiceGrpc.java:265)
	at org.apache.ratis.grpc.server.GrpcServerProtocolClient.requestVote(GrpcServerProtocolClient.java:99)
	at org.apache.ratis.grpc.server.GrpcService.requestVote(GrpcService.java:204)
	at org.apache.ratis.server.impl.LeaderElection.lambda$submitRequests$1(LeaderElection.java:234)
	at java.util.concurrent.FutureTask.run(FutureTask.java:266)
	at java.util.concurrent.Executors$RunnableAdapter.call(Executors.java:511)
	at java.util.concurrent.FutureTask.run(FutureTask.java:266)
	at java.util.concurrent.ThreadPoolExecutor.runWorker(ThreadPoolExecutor.java:1149)
	at java.util.concurrent.ThreadPoolExecutor$Worker.run(ThreadPoolExecutor.java:624)
	... 1 more
Caused by: org.apache.ratis.thirdparty.io.netty.channel.AbstractChannel$AnnotatedConnectException: Connection refused: /192.168.164.233:46080
	at sun.nio.ch.SocketChannelImpl.checkConnect(Native Method)
	at sun.nio.ch.SocketChannelImpl.finishConnect(SocketChannelImpl.java:717)
	at org.apache.ratis.thirdparty.io.netty.channel.socket.nio.NioSocketChannel.doFinishConnect(NioSocketChannel.java:327)
	at org.apache.ratis.thirdparty.io.netty.channel.nio.AbstractNioChannel$AbstractNioUnsafe.finishConnect(AbstractNioChannel.java:340)
	at org.apache.ratis.thirdparty.io.netty.channel.nio.NioEventLoop.processSelectedKey(NioEventLoop.java:632)
	at org.apache.ratis.thirdparty.io.netty.channel.nio.NioEventLoop.processSelectedKeysOptimized(NioEventLoop.java:579)
	at org.apache.ratis.thirdparty.io.netty.channel.nio.NioEventLoop.processSelectedKeys(NioEventLoop.java:496)
	at org.apache.ratis.thirdparty.io.netty.channel.nio.NioEventLoop.run(NioEventLoop.java:458)
	at org.apache.ratis.thirdparty.io.netty.util.concurrent.SingleThreadEventExecutor$5.run(SingleThreadEventExecutor.java:897)
	at org.apache.ratis.thirdparty.io.netty.util.concurrent.FastThreadLocalRunnable.run(FastThreadLocalRunnable.java:30)
	... 1 more
Caused by: java.net.ConnectException: Connection refused
	... 11 more
2019-10-18 14:30:41,302 [681edbc6-a1fc-42a4-b5ce-4922820de60a@group-FD33B9583E3C-LeaderElection180] INFO  impl.LeaderElection (LogUtils.java:infoOrTrace(149)) -   Exception 1: {}
java.util.concurrent.ExecutionException: org.apache.ratis.thirdparty.io.grpc.StatusRuntimeException: UNAVAILABLE: io exception
	at java.util.concurrent.FutureTask.report(FutureTask.java:122)
	at java.util.concurrent.FutureTask.get(FutureTask.java:192)
	at org.apache.ratis.server.impl.LeaderElection.waitForResults(LeaderElection.java:259)
	at org.apache.ratis.server.impl.LeaderElection.askForVotes(LeaderElection.java:197)
	at org.apache.ratis.server.impl.LeaderElection.run(LeaderElection.java:133)
	at java.lang.Thread.run(Thread.java:748)
Caused by: org.apache.ratis.thirdparty.io.grpc.StatusRuntimeException: UNAVAILABLE: io exception
	at org.apache.ratis.thirdparty.io.grpc.stub.ClientCalls.toStatusRuntimeException(ClientCalls.java:233)
	at org.apache.ratis.thirdparty.io.grpc.stub.ClientCalls.getUnchecked(ClientCalls.java:214)
	at org.apache.ratis.thirdparty.io.grpc.stub.ClientCalls.blockingUnaryCall(ClientCalls.java:139)
	at org.apache.ratis.proto.grpc.RaftServerProtocolServiceGrpc$RaftServerProtocolServiceBlockingStub.requestVote(RaftServerProtocolServiceGrpc.java:265)
	at org.apache.ratis.grpc.server.GrpcServerProtocolClient.requestVote(GrpcServerProtocolClient.java:99)
	at org.apache.ratis.grpc.server.GrpcService.requestVote(GrpcService.java:204)
	at org.apache.ratis.server.impl.LeaderElection.lambda$submitRequests$1(LeaderElection.java:234)
	at java.util.concurrent.FutureTask.run(FutureTask.java:266)
	at java.util.concurrent.Executors$RunnableAdapter.call(Executors.java:511)
	at java.util.concurrent.FutureTask.run(FutureTask.java:266)
	at java.util.concurrent.ThreadPoolExecutor.runWorker(ThreadPoolExecutor.java:1149)
	at java.util.concurrent.ThreadPoolExecutor$Worker.run(ThreadPoolExecutor.java:624)
	... 1 more
Caused by: org.apache.ratis.thirdparty.io.netty.channel.AbstractChannel$AnnotatedConnectException: Connection refused: /192.168.164.233:38729
	at sun.nio.ch.SocketChannelImpl.checkConnect(Native Method)
	at sun.nio.ch.SocketChannelImpl.finishConnect(SocketChannelImpl.java:717)
	at org.apache.ratis.thirdparty.io.netty.channel.socket.nio.NioSocketChannel.doFinishConnect(NioSocketChannel.java:327)
	at org.apache.ratis.thirdparty.io.netty.channel.nio.AbstractNioChannel$AbstractNioUnsafe.finishConnect(AbstractNioChannel.java:340)
	at org.apache.ratis.thirdparty.io.netty.channel.nio.NioEventLoop.processSelectedKey(NioEventLoop.java:632)
	at org.apache.ratis.thirdparty.io.netty.channel.nio.NioEventLoop.processSelectedKeysOptimized(NioEventLoop.java:579)
	at org.apache.ratis.thirdparty.io.netty.channel.nio.NioEventLoop.processSelectedKeys(NioEventLoop.java:496)
	at org.apache.ratis.thirdparty.io.netty.channel.nio.NioEventLoop.run(NioEventLoop.java:458)
	at org.apache.ratis.thirdparty.io.netty.util.concurrent.SingleThreadEventExecutor$5.run(SingleThreadEventExecutor.java:897)
	at org.apache.ratis.thirdparty.io.netty.util.concurrent.FastThreadLocalRunnable.run(FastThreadLocalRunnable.java:30)
	... 1 more
Caused by: java.net.ConnectException: Connection refused
	... 11 more
2019-10-18 14:30:41,302 [681edbc6-a1fc-42a4-b5ce-4922820de60a@group-FD33B9583E3C-LeaderElection180] INFO  impl.RaftServerImpl (RaftServerImpl.java:setRole(184)) - 681edbc6-a1fc-42a4-b5ce-4922820de60a@group-FD33B9583E3C: changes role from CANDIDATE to FOLLOWER at term 180 for DISCOVERED_A_NEW_TERM
2019-10-18 14:30:41,302 [681edbc6-a1fc-42a4-b5ce-4922820de60a@group-FD33B9583E3C-LeaderElection180] INFO  impl.RoleInfo (RoleInfo.java:shutdownLeaderElection(134)) - 681edbc6-a1fc-42a4-b5ce-4922820de60a: shutdown LeaderElection
2019-10-18 14:30:41,302 [681edbc6-a1fc-42a4-b5ce-4922820de60a@group-FD33B9583E3C-LeaderElection180] INFO  impl.RoleInfo (RoleInfo.java:updateAndGet(143)) - 681edbc6-a1fc-42a4-b5ce-4922820de60a: start FollowerState
2019-10-18 14:30:41,365 [Thread-1682] INFO  impl.FollowerState (FollowerState.java:run(108)) - 681edbc6-a1fc-42a4-b5ce-4922820de60a@group-FD33B9583E3C-FollowerState: change to CANDIDATE, lastRpcTime:63ms, electionTimeout:63ms
2019-10-18 14:30:41,366 [Thread-1682] INFO  impl.RoleInfo (RoleInfo.java:shutdownFollowerState(121)) - 681edbc6-a1fc-42a4-b5ce-4922820de60a: shutdown FollowerState
2019-10-18 14:30:41,366 [Thread-1682] INFO  impl.RaftServerImpl (RaftServerImpl.java:setRole(184)) - 681edbc6-a1fc-42a4-b5ce-4922820de60a@group-FD33B9583E3C: changes role from  FOLLOWER to CANDIDATE at term 180 for changeToCandidate
2019-10-18 14:30:41,366 [Thread-1682] INFO  impl.RoleInfo (RoleInfo.java:updateAndGet(143)) - 681edbc6-a1fc-42a4-b5ce-4922820de60a: start LeaderElection
2019-10-18 14:30:41,380 [681edbc6-a1fc-42a4-b5ce-4922820de60a@group-FD33B9583E3C-LeaderElection181] INFO  impl.LeaderElection (LeaderElection.java:askForVotes(178)) - 681edbc6-a1fc-42a4-b5ce-4922820de60a@group-FD33B9583E3C-LeaderElection181: begin an election at term 181 for -1: [3ee7b367-7b16-44e1-99f8-43aefeda0876:192.168.164.233:46080, 681edbc6-a1fc-42a4-b5ce-4922820de60a:192.168.164.233:44267, 773cce60-eeca-4c1f-a5ec-70084be8b6b9:192.168.164.233:38729], old=null
2019-10-18 14:30:41,381 [681edbc6-a1fc-42a4-b5ce-4922820de60a@group-FD33B9583E3C-LeaderElection181] INFO  impl.LeaderElection (LogUtils.java:infoOrTrace(149)) - 681edbc6-a1fc-42a4-b5ce-4922820de60a@group-FD33B9583E3C-LeaderElection181 got exception when requesting votes: {}
java.util.concurrent.ExecutionException: org.apache.ratis.thirdparty.io.grpc.StatusRuntimeException: UNAVAILABLE: io exception
	at java.util.concurrent.FutureTask.report(FutureTask.java:122)
	at java.util.concurrent.FutureTask.get(FutureTask.java:192)
	at org.apache.ratis.server.impl.LeaderElection.waitForResults(LeaderElection.java:259)
	at org.apache.ratis.server.impl.LeaderElection.askForVotes(LeaderElection.java:197)
	at org.apache.ratis.server.impl.LeaderElection.run(LeaderElection.java:133)
	at java.lang.Thread.run(Thread.java:748)
Caused by: org.apache.ratis.thirdparty.io.grpc.StatusRuntimeException: UNAVAILABLE: io exception
	at org.apache.ratis.thirdparty.io.grpc.stub.ClientCalls.toStatusRuntimeException(ClientCalls.java:233)
	at org.apache.ratis.thirdparty.io.grpc.stub.ClientCalls.getUnchecked(ClientCalls.java:214)
	at org.apache.ratis.thirdparty.io.grpc.stub.ClientCalls.blockingUnaryCall(ClientCalls.java:139)
	at org.apache.ratis.proto.grpc.RaftServerProtocolServiceGrpc$RaftServerProtocolServiceBlockingStub.requestVote(RaftServerProtocolServiceGrpc.java:265)
	at org.apache.ratis.grpc.server.GrpcServerProtocolClient.requestVote(GrpcServerProtocolClient.java:99)
	at org.apache.ratis.grpc.server.GrpcService.requestVote(GrpcService.java:204)
	at org.apache.ratis.server.impl.LeaderElection.lambda$submitRequests$1(LeaderElection.java:234)
	at java.util.concurrent.FutureTask.run(FutureTask.java:266)
	at java.util.concurrent.Executors$RunnableAdapter.call(Executors.java:511)
	at java.util.concurrent.FutureTask.run(FutureTask.java:266)
	at java.util.concurrent.ThreadPoolExecutor.runWorker(ThreadPoolExecutor.java:1149)
	at java.util.concurrent.ThreadPoolExecutor$Worker.run(ThreadPoolExecutor.java:624)
	... 1 more
Caused by: org.apache.ratis.thirdparty.io.netty.channel.AbstractChannel$AnnotatedConnectException: Connection refused: /192.168.164.233:46080
	at sun.nio.ch.SocketChannelImpl.checkConnect(Native Method)
	at sun.nio.ch.SocketChannelImpl.finishConnect(SocketChannelImpl.java:717)
	at org.apache.ratis.thirdparty.io.netty.channel.socket.nio.NioSocketChannel.doFinishConnect(NioSocketChannel.java:327)
	at org.apache.ratis.thirdparty.io.netty.channel.nio.AbstractNioChannel$AbstractNioUnsafe.finishConnect(AbstractNioChannel.java:340)
	at org.apache.ratis.thirdparty.io.netty.channel.nio.NioEventLoop.processSelectedKey(NioEventLoop.java:632)
	at org.apache.ratis.thirdparty.io.netty.channel.nio.NioEventLoop.processSelectedKeysOptimized(NioEventLoop.java:579)
	at org.apache.ratis.thirdparty.io.netty.channel.nio.NioEventLoop.processSelectedKeys(NioEventLoop.java:496)
	at org.apache.ratis.thirdparty.io.netty.channel.nio.NioEventLoop.run(NioEventLoop.java:458)
	at org.apache.ratis.thirdparty.io.netty.util.concurrent.SingleThreadEventExecutor$5.run(SingleThreadEventExecutor.java:897)
	at org.apache.ratis.thirdparty.io.netty.util.concurrent.FastThreadLocalRunnable.run(FastThreadLocalRunnable.java:30)
	... 1 more
Caused by: java.net.ConnectException: Connection refused
	... 11 more
2019-10-18 14:30:41,383 [681edbc6-a1fc-42a4-b5ce-4922820de60a@group-FD33B9583E3C-LeaderElection181] INFO  impl.LeaderElection (LeaderElection.java:logAndReturn(56)) - 681edbc6-a1fc-42a4-b5ce-4922820de60a@group-FD33B9583E3C-LeaderElection181: Election TIMEOUT; received 0 response(s) [] and 1 exception(s); 681edbc6-a1fc-42a4-b5ce-4922820de60a@group-FD33B9583E3C:t181, leader=null, voted=681edbc6-a1fc-42a4-b5ce-4922820de60a, raftlog=681edbc6-a1fc-42a4-b5ce-4922820de60a@group-FD33B9583E3C-SegmentedRaftLog:OPENED:c-1,f-1,i0, conf=-1: [3ee7b367-7b16-44e1-99f8-43aefeda0876:192.168.164.233:46080, 681edbc6-a1fc-42a4-b5ce-4922820de60a:192.168.164.233:44267, 773cce60-eeca-4c1f-a5ec-70084be8b6b9:192.168.164.233:38729], old=null
2019-10-18 14:30:41,384 [681edbc6-a1fc-42a4-b5ce-4922820de60a@group-FD33B9583E3C-LeaderElection181] INFO  impl.LeaderElection (LogUtils.java:infoOrTrace(149)) -   Exception 0: {}
java.util.concurrent.ExecutionException: org.apache.ratis.thirdparty.io.grpc.StatusRuntimeException: UNAVAILABLE: io exception
	at java.util.concurrent.FutureTask.report(FutureTask.java:122)
	at java.util.concurrent.FutureTask.get(FutureTask.java:192)
	at org.apache.ratis.server.impl.LeaderElection.waitForResults(LeaderElection.java:259)
	at org.apache.ratis.server.impl.LeaderElection.askForVotes(LeaderElection.java:197)
	at org.apache.ratis.server.impl.LeaderElection.run(LeaderElection.java:133)
	at java.lang.Thread.run(Thread.java:748)
Caused by: org.apache.ratis.thirdparty.io.grpc.StatusRuntimeException: UNAVAILABLE: io exception
	at org.apache.ratis.thirdparty.io.grpc.stub.ClientCalls.toStatusRuntimeException(ClientCalls.java:233)
	at org.apache.ratis.thirdparty.io.grpc.stub.ClientCalls.getUnchecked(ClientCalls.java:214)
	at org.apache.ratis.thirdparty.io.grpc.stub.ClientCalls.blockingUnaryCall(ClientCalls.java:139)
	at org.apache.ratis.proto.grpc.RaftServerProtocolServiceGrpc$RaftServerProtocolServiceBlockingStub.requestVote(RaftServerProtocolServiceGrpc.java:265)
	at org.apache.ratis.grpc.server.GrpcServerProtocolClient.requestVote(GrpcServerProtocolClient.java:99)
	at org.apache.ratis.grpc.server.GrpcService.requestVote(GrpcService.java:204)
	at org.apache.ratis.server.impl.LeaderElection.lambda$submitRequests$1(LeaderElection.java:234)
	at java.util.concurrent.FutureTask.run(FutureTask.java:266)
	at java.util.concurrent.Executors$RunnableAdapter.call(Executors.java:511)
	at java.util.concurrent.FutureTask.run(FutureTask.java:266)
	at java.util.concurrent.ThreadPoolExecutor.runWorker(ThreadPoolExecutor.java:1149)
	at java.util.concurrent.ThreadPoolExecutor$Worker.run(ThreadPoolExecutor.java:624)
	... 1 more
Caused by: org.apache.ratis.thirdparty.io.netty.channel.AbstractChannel$AnnotatedConnectException: Connection refused: /192.168.164.233:46080
	at sun.nio.ch.SocketChannelImpl.checkConnect(Native Method)
	at sun.nio.ch.SocketChannelImpl.finishConnect(SocketChannelImpl.java:717)
	at org.apache.ratis.thirdparty.io.netty.channel.socket.nio.NioSocketChannel.doFinishConnect(NioSocketChannel.java:327)
	at org.apache.ratis.thirdparty.io.netty.channel.nio.AbstractNioChannel$AbstractNioUnsafe.finishConnect(AbstractNioChannel.java:340)
	at org.apache.ratis.thirdparty.io.netty.channel.nio.NioEventLoop.processSelectedKey(NioEventLoop.java:632)
	at org.apache.ratis.thirdparty.io.netty.channel.nio.NioEventLoop.processSelectedKeysOptimized(NioEventLoop.java:579)
	at org.apache.ratis.thirdparty.io.netty.channel.nio.NioEventLoop.processSelectedKeys(NioEventLoop.java:496)
	at org.apache.ratis.thirdparty.io.netty.channel.nio.NioEventLoop.run(NioEventLoop.java:458)
	at org.apache.ratis.thirdparty.io.netty.util.concurrent.SingleThreadEventExecutor$5.run(SingleThreadEventExecutor.java:897)
	at org.apache.ratis.thirdparty.io.netty.util.concurrent.FastThreadLocalRunnable.run(FastThreadLocalRunnable.java:30)
	... 1 more
Caused by: java.net.ConnectException: Connection refused
	... 11 more
2019-10-18 14:30:41,397 [681edbc6-a1fc-42a4-b5ce-4922820de60a@group-FD33B9583E3C-LeaderElection181] INFO  impl.LeaderElection (LeaderElection.java:askForVotes(178)) - 681edbc6-a1fc-42a4-b5ce-4922820de60a@group-FD33B9583E3C-LeaderElection181: begin an election at term 182 for -1: [3ee7b367-7b16-44e1-99f8-43aefeda0876:192.168.164.233:46080, 681edbc6-a1fc-42a4-b5ce-4922820de60a:192.168.164.233:44267, 773cce60-eeca-4c1f-a5ec-70084be8b6b9:192.168.164.233:38729], old=null
2019-10-18 14:30:41,398 [681edbc6-a1fc-42a4-b5ce-4922820de60a@group-FD33B9583E3C-LeaderElection181] INFO  impl.LeaderElection (LogUtils.java:infoOrTrace(149)) - 681edbc6-a1fc-42a4-b5ce-4922820de60a@group-FD33B9583E3C-LeaderElection181 got exception when requesting votes: {}
java.util.concurrent.ExecutionException: org.apache.ratis.thirdparty.io.grpc.StatusRuntimeException: UNAVAILABLE: io exception
	at java.util.concurrent.FutureTask.report(FutureTask.java:122)
	at java.util.concurrent.FutureTask.get(FutureTask.java:192)
	at org.apache.ratis.server.impl.LeaderElection.waitForResults(LeaderElection.java:259)
	at org.apache.ratis.server.impl.LeaderElection.askForVotes(LeaderElection.java:197)
	at org.apache.ratis.server.impl.LeaderElection.run(LeaderElection.java:133)
	at java.lang.Thread.run(Thread.java:748)
Caused by: org.apache.ratis.thirdparty.io.grpc.StatusRuntimeException: UNAVAILABLE: io exception
	at org.apache.ratis.thirdparty.io.grpc.stub.ClientCalls.toStatusRuntimeException(ClientCalls.java:233)
	at org.apache.ratis.thirdparty.io.grpc.stub.ClientCalls.getUnchecked(ClientCalls.java:214)
	at org.apache.ratis.thirdparty.io.grpc.stub.ClientCalls.blockingUnaryCall(ClientCalls.java:139)
	at org.apache.ratis.proto.grpc.RaftServerProtocolServiceGrpc$RaftServerProtocolServiceBlockingStub.requestVote(RaftServerProtocolServiceGrpc.java:265)
	at org.apache.ratis.grpc.server.GrpcServerProtocolClient.requestVote(GrpcServerProtocolClient.java:99)
	at org.apache.ratis.grpc.server.GrpcService.requestVote(GrpcService.java:204)
	at org.apache.ratis.server.impl.LeaderElection.lambda$submitRequests$1(LeaderElection.java:234)
	at java.util.concurrent.FutureTask.run(FutureTask.java:266)
	at java.util.concurrent.Executors$RunnableAdapter.call(Executors.java:511)
	at java.util.concurrent.FutureTask.run(FutureTask.java:266)
	at java.util.concurrent.ThreadPoolExecutor.runWorker(ThreadPoolExecutor.java:1149)
	at java.util.concurrent.ThreadPoolExecutor$Worker.run(ThreadPoolExecutor.java:624)
	... 1 more
Caused by: org.apache.ratis.thirdparty.io.netty.channel.AbstractChannel$AnnotatedConnectException: Connection refused: /192.168.164.233:38729
	at sun.nio.ch.SocketChannelImpl.checkConnect(Native Method)
	at sun.nio.ch.SocketChannelImpl.finishConnect(SocketChannelImpl.java:717)
	at org.apache.ratis.thirdparty.io.netty.channel.socket.nio.NioSocketChannel.doFinishConnect(NioSocketChannel.java:327)
	at org.apache.ratis.thirdparty.io.netty.channel.nio.AbstractNioChannel$AbstractNioUnsafe.finishConnect(AbstractNioChannel.java:340)
	at org.apache.ratis.thirdparty.io.netty.channel.nio.NioEventLoop.processSelectedKey(NioEventLoop.java:632)
	at org.apache.ratis.thirdparty.io.netty.channel.nio.NioEventLoop.processSelectedKeysOptimized(NioEventLoop.java:579)
	at org.apache.ratis.thirdparty.io.netty.channel.nio.NioEventLoop.processSelectedKeys(NioEventLoop.java:496)
	at org.apache.ratis.thirdparty.io.netty.channel.nio.NioEventLoop.run(NioEventLoop.java:458)
	at org.apache.ratis.thirdparty.io.netty.util.concurrent.SingleThreadEventExecutor$5.run(SingleThreadEventExecutor.java:897)
	at org.apache.ratis.thirdparty.io.netty.util.concurrent.FastThreadLocalRunnable.run(FastThreadLocalRunnable.java:30)
	... 1 more
Caused by: java.net.ConnectException: Connection refused
	... 11 more
2019-10-18 14:30:41,400 [681edbc6-a1fc-42a4-b5ce-4922820de60a@group-FD33B9583E3C-LeaderElection181] INFO  impl.LeaderElection (LogUtils.java:infoOrTrace(149)) - 681edbc6-a1fc-42a4-b5ce-4922820de60a@group-FD33B9583E3C-LeaderElection181 got exception when requesting votes: {}
java.util.concurrent.ExecutionException: org.apache.ratis.thirdparty.io.grpc.StatusRuntimeException: UNAVAILABLE: io exception
	at java.util.concurrent.FutureTask.report(FutureTask.java:122)
	at java.util.concurrent.FutureTask.get(FutureTask.java:192)
	at org.apache.ratis.server.impl.LeaderElection.waitForResults(LeaderElection.java:259)
	at org.apache.ratis.server.impl.LeaderElection.askForVotes(LeaderElection.java:197)
	at org.apache.ratis.server.impl.LeaderElection.run(LeaderElection.java:133)
	at java.lang.Thread.run(Thread.java:748)
Caused by: org.apache.ratis.thirdparty.io.grpc.StatusRuntimeException: UNAVAILABLE: io exception
	at org.apache.ratis.thirdparty.io.grpc.stub.ClientCalls.toStatusRuntimeException(ClientCalls.java:233)
	at org.apache.ratis.thirdparty.io.grpc.stub.ClientCalls.getUnchecked(ClientCalls.java:214)
	at org.apache.ratis.thirdparty.io.grpc.stub.ClientCalls.blockingUnaryCall(ClientCalls.java:139)
	at org.apache.ratis.proto.grpc.RaftServerProtocolServiceGrpc$RaftServerProtocolServiceBlockingStub.requestVote(RaftServerProtocolServiceGrpc.java:265)
	at org.apache.ratis.grpc.server.GrpcServerProtocolClient.requestVote(GrpcServerProtocolClient.java:99)
	at org.apache.ratis.grpc.server.GrpcService.requestVote(GrpcService.java:204)
	at org.apache.ratis.server.impl.LeaderElection.lambda$submitRequests$1(LeaderElection.java:234)
	at java.util.concurrent.FutureTask.run(FutureTask.java:266)
	at java.util.concurrent.Executors$RunnableAdapter.call(Executors.java:511)
	at java.util.concurrent.FutureTask.run(FutureTask.java:266)
	at java.util.concurrent.ThreadPoolExecutor.runWorker(ThreadPoolExecutor.java:1149)
	at java.util.concurrent.ThreadPoolExecutor$Worker.run(ThreadPoolExecutor.java:624)
	... 1 more
Caused by: org.apache.ratis.thirdparty.io.netty.channel.AbstractChannel$AnnotatedConnectException: Connection refused: /192.168.164.233:46080
	at sun.nio.ch.SocketChannelImpl.checkConnect(Native Method)
	at sun.nio.ch.SocketChannelImpl.finishConnect(SocketChannelImpl.java:717)
	at org.apache.ratis.thirdparty.io.netty.channel.socket.nio.NioSocketChannel.doFinishConnect(NioSocketChannel.java:327)
	at org.apache.ratis.thirdparty.io.netty.channel.nio.AbstractNioChannel$AbstractNioUnsafe.finishConnect(AbstractNioChannel.java:340)
	at org.apache.ratis.thirdparty.io.netty.channel.nio.NioEventLoop.processSelectedKey(NioEventLoop.java:632)
	at org.apache.ratis.thirdparty.io.netty.channel.nio.NioEventLoop.processSelectedKeysOptimized(NioEventLoop.java:579)
	at org.apache.ratis.thirdparty.io.netty.channel.nio.NioEventLoop.processSelectedKeys(NioEventLoop.java:496)
	at org.apache.ratis.thirdparty.io.netty.channel.nio.NioEventLoop.run(NioEventLoop.java:458)
	at org.apache.ratis.thirdparty.io.netty.util.concurrent.SingleThreadEventExecutor$5.run(SingleThreadEventExecutor.java:897)
	at org.apache.ratis.thirdparty.io.netty.util.concurrent.FastThreadLocalRunnable.run(FastThreadLocalRunnable.java:30)
	... 1 more
Caused by: java.net.ConnectException: Connection refused
	... 11 more
2019-10-18 14:30:41,402 [681edbc6-a1fc-42a4-b5ce-4922820de60a@group-FD33B9583E3C-LeaderElection181] INFO  impl.LeaderElection (LeaderElection.java:logAndReturn(56)) - 681edbc6-a1fc-42a4-b5ce-4922820de60a@group-FD33B9583E3C-LeaderElection181: Election REJECTED; received 0 response(s) [] and 2 exception(s); 681edbc6-a1fc-42a4-b5ce-4922820de60a@group-FD33B9583E3C:t182, leader=null, voted=681edbc6-a1fc-42a4-b5ce-4922820de60a, raftlog=681edbc6-a1fc-42a4-b5ce-4922820de60a@group-FD33B9583E3C-SegmentedRaftLog:OPENED:c-1,f-1,i0, conf=-1: [3ee7b367-7b16-44e1-99f8-43aefeda0876:192.168.164.233:46080, 681edbc6-a1fc-42a4-b5ce-4922820de60a:192.168.164.233:44267, 773cce60-eeca-4c1f-a5ec-70084be8b6b9:192.168.164.233:38729], old=null
2019-10-18 14:30:41,402 [681edbc6-a1fc-42a4-b5ce-4922820de60a@group-FD33B9583E3C-LeaderElection181] INFO  impl.LeaderElection (LogUtils.java:infoOrTrace(149)) -   Exception 0: {}
java.util.concurrent.ExecutionException: org.apache.ratis.thirdparty.io.grpc.StatusRuntimeException: UNAVAILABLE: io exception
	at java.util.concurrent.FutureTask.report(FutureTask.java:122)
	at java.util.concurrent.FutureTask.get(FutureTask.java:192)
	at org.apache.ratis.server.impl.LeaderElection.waitForResults(LeaderElection.java:259)
	at org.apache.ratis.server.impl.LeaderElection.askForVotes(LeaderElection.java:197)
	at org.apache.ratis.server.impl.LeaderElection.run(LeaderElection.java:133)
	at java.lang.Thread.run(Thread.java:748)
Caused by: org.apache.ratis.thirdparty.io.grpc.StatusRuntimeException: UNAVAILABLE: io exception
	at org.apache.ratis.thirdparty.io.grpc.stub.ClientCalls.toStatusRuntimeException(ClientCalls.java:233)
	at org.apache.ratis.thirdparty.io.grpc.stub.ClientCalls.getUnchecked(ClientCalls.java:214)
	at org.apache.ratis.thirdparty.io.grpc.stub.ClientCalls.blockingUnaryCall(ClientCalls.java:139)
	at org.apache.ratis.proto.grpc.RaftServerProtocolServiceGrpc$RaftServerProtocolServiceBlockingStub.requestVote(RaftServerProtocolServiceGrpc.java:265)
	at org.apache.ratis.grpc.server.GrpcServerProtocolClient.requestVote(GrpcServerProtocolClient.java:99)
	at org.apache.ratis.grpc.server.GrpcService.requestVote(GrpcService.java:204)
	at org.apache.ratis.server.impl.LeaderElection.lambda$submitRequests$1(LeaderElection.java:234)
	at java.util.concurrent.FutureTask.run(FutureTask.java:266)
	at java.util.concurrent.Executors$RunnableAdapter.call(Executors.java:511)
	at java.util.concurrent.FutureTask.run(FutureTask.java:266)
	at java.util.concurrent.ThreadPoolExecutor.runWorker(ThreadPoolExecutor.java:1149)
	at java.util.concurrent.ThreadPoolExecutor$Worker.run(ThreadPoolExecutor.java:624)
	... 1 more
Caused by: org.apache.ratis.thirdparty.io.netty.channel.AbstractChannel$AnnotatedConnectException: Connection refused: /192.168.164.233:38729
	at sun.nio.ch.SocketChannelImpl.checkConnect(Native Method)
	at sun.nio.ch.SocketChannelImpl.finishConnect(SocketChannelImpl.java:717)
	at org.apache.ratis.thirdparty.io.netty.channel.socket.nio.NioSocketChannel.doFinishConnect(NioSocketChannel.java:327)
	at org.apache.ratis.thirdparty.io.netty.channel.nio.AbstractNioChannel$AbstractNioUnsafe.finishConnect(AbstractNioChannel.java:340)
	at org.apache.ratis.thirdparty.io.netty.channel.nio.NioEventLoop.processSelectedKey(NioEventLoop.java:632)
	at org.apache.ratis.thirdparty.io.netty.channel.nio.NioEventLoop.processSelectedKeysOptimized(NioEventLoop.java:579)
	at org.apache.ratis.thirdparty.io.netty.channel.nio.NioEventLoop.processSelectedKeys(NioEventLoop.java:496)
	at org.apache.ratis.thirdparty.io.netty.channel.nio.NioEventLoop.run(NioEventLoop.java:458)
	at org.apache.ratis.thirdparty.io.netty.util.concurrent.SingleThreadEventExecutor$5.run(SingleThreadEventExecutor.java:897)
	at org.apache.ratis.thirdparty.io.netty.util.concurrent.FastThreadLocalRunnable.run(FastThreadLocalRunnable.java:30)
	... 1 more
Caused by: java.net.ConnectException: Connection refused
	... 11 more
2019-10-18 14:30:41,402 [681edbc6-a1fc-42a4-b5ce-4922820de60a@group-FD33B9583E3C-LeaderElection181] INFO  impl.LeaderElection (LogUtils.java:infoOrTrace(149)) -   Exception 1: {}
java.util.concurrent.ExecutionException: org.apache.ratis.thirdparty.io.grpc.StatusRuntimeException: UNAVAILABLE: io exception
	at java.util.concurrent.FutureTask.report(FutureTask.java:122)
	at java.util.concurrent.FutureTask.get(FutureTask.java:192)
	at org.apache.ratis.server.impl.LeaderElection.waitForResults(LeaderElection.java:259)
	at org.apache.ratis.server.impl.LeaderElection.askForVotes(LeaderElection.java:197)
	at org.apache.ratis.server.impl.LeaderElection.run(LeaderElection.java:133)
	at java.lang.Thread.run(Thread.java:748)
Caused by: org.apache.ratis.thirdparty.io.grpc.StatusRuntimeException: UNAVAILABLE: io exception
	at org.apache.ratis.thirdparty.io.grpc.stub.ClientCalls.toStatusRuntimeException(ClientCalls.java:233)
	at org.apache.ratis.thirdparty.io.grpc.stub.ClientCalls.getUnchecked(ClientCalls.java:214)
	at org.apache.ratis.thirdparty.io.grpc.stub.ClientCalls.blockingUnaryCall(ClientCalls.java:139)
	at org.apache.ratis.proto.grpc.RaftServerProtocolServiceGrpc$RaftServerProtocolServiceBlockingStub.requestVote(RaftServerProtocolServiceGrpc.java:265)
	at org.apache.ratis.grpc.server.GrpcServerProtocolClient.requestVote(GrpcServerProtocolClient.java:99)
	at org.apache.ratis.grpc.server.GrpcService.requestVote(GrpcService.java:204)
	at org.apache.ratis.server.impl.LeaderElection.lambda$submitRequests$1(LeaderElection.java:234)
	at java.util.concurrent.FutureTask.run(FutureTask.java:266)
	at java.util.concurrent.Executors$RunnableAdapter.call(Executors.java:511)
	at java.util.concurrent.FutureTask.run(FutureTask.java:266)
	at java.util.concurrent.ThreadPoolExecutor.runWorker(ThreadPoolExecutor.java:1149)
	at java.util.concurrent.ThreadPoolExecutor$Worker.run(ThreadPoolExecutor.java:624)
	... 1 more
Caused by: org.apache.ratis.thirdparty.io.netty.channel.AbstractChannel$AnnotatedConnectException: Connection refused: /192.168.164.233:46080
	at sun.nio.ch.SocketChannelImpl.checkConnect(Native Method)
	at sun.nio.ch.SocketChannelImpl.finishConnect(SocketChannelImpl.java:717)
	at org.apache.ratis.thirdparty.io.netty.channel.socket.nio.NioSocketChannel.doFinishConnect(NioSocketChannel.java:327)
	at org.apache.ratis.thirdparty.io.netty.channel.nio.AbstractNioChannel$AbstractNioUnsafe.finishConnect(AbstractNioChannel.java:340)
	at org.apache.ratis.thirdparty.io.netty.channel.nio.NioEventLoop.processSelectedKey(NioEventLoop.java:632)
	at org.apache.ratis.thirdparty.io.netty.channel.nio.NioEventLoop.processSelectedKeysOptimized(NioEventLoop.java:579)
	at org.apache.ratis.thirdparty.io.netty.channel.nio.NioEventLoop.processSelectedKeys(NioEventLoop.java:496)
	at org.apache.ratis.thirdparty.io.netty.channel.nio.NioEventLoop.run(NioEventLoop.java:458)
	at org.apache.ratis.thirdparty.io.netty.util.concurrent.SingleThreadEventExecutor$5.run(SingleThreadEventExecutor.java:897)
	at org.apache.ratis.thirdparty.io.netty.util.concurrent.FastThreadLocalRunnable.run(FastThreadLocalRunnable.java:30)
	... 1 more
Caused by: java.net.ConnectException: Connection refused
	... 11 more
2019-10-18 14:30:41,403 [681edbc6-a1fc-42a4-b5ce-4922820de60a@group-FD33B9583E3C-LeaderElection181] INFO  impl.RaftServerImpl (RaftServerImpl.java:setRole(184)) - 681edbc6-a1fc-42a4-b5ce-4922820de60a@group-FD33B9583E3C: changes role from CANDIDATE to FOLLOWER at term 182 for DISCOVERED_A_NEW_TERM
2019-10-18 14:30:41,403 [681edbc6-a1fc-42a4-b5ce-4922820de60a@group-FD33B9583E3C-LeaderElection181] INFO  impl.RoleInfo (RoleInfo.java:shutdownLeaderElection(134)) - 681edbc6-a1fc-42a4-b5ce-4922820de60a: shutdown LeaderElection
2019-10-18 14:30:41,403 [681edbc6-a1fc-42a4-b5ce-4922820de60a@group-FD33B9583E3C-LeaderElection181] INFO  impl.RoleInfo (RoleInfo.java:updateAndGet(143)) - 681edbc6-a1fc-42a4-b5ce-4922820de60a: start FollowerState
2019-10-18 14:30:41,456 [Thread-1688] INFO  impl.FollowerState (FollowerState.java:run(108)) - 681edbc6-a1fc-42a4-b5ce-4922820de60a@group-FD33B9583E3C-FollowerState: change to CANDIDATE, lastRpcTime:52ms, electionTimeout:52ms
2019-10-18 14:30:41,456 [Thread-1688] INFO  impl.RoleInfo (RoleInfo.java:shutdownFollowerState(121)) - 681edbc6-a1fc-42a4-b5ce-4922820de60a: shutdown FollowerState
2019-10-18 14:30:41,456 [Thread-1688] INFO  impl.RaftServerImpl (RaftServerImpl.java:setRole(184)) - 681edbc6-a1fc-42a4-b5ce-4922820de60a@group-FD33B9583E3C: changes role from  FOLLOWER to CANDIDATE at term 182 for changeToCandidate
2019-10-18 14:30:41,456 [Thread-1688] INFO  impl.RoleInfo (RoleInfo.java:updateAndGet(143)) - 681edbc6-a1fc-42a4-b5ce-4922820de60a: start LeaderElection
2019-10-18 14:30:41,470 [681edbc6-a1fc-42a4-b5ce-4922820de60a@group-FD33B9583E3C-LeaderElection182] INFO  impl.LeaderElection (LeaderElection.java:askForVotes(178)) - 681edbc6-a1fc-42a4-b5ce-4922820de60a@group-FD33B9583E3C-LeaderElection182: begin an election at term 183 for -1: [3ee7b367-7b16-44e1-99f8-43aefeda0876:192.168.164.233:46080, 681edbc6-a1fc-42a4-b5ce-4922820de60a:192.168.164.233:44267, 773cce60-eeca-4c1f-a5ec-70084be8b6b9:192.168.164.233:38729], old=null
2019-10-18 14:30:41,471 [681edbc6-a1fc-42a4-b5ce-4922820de60a@group-FD33B9583E3C-LeaderElection182] INFO  impl.LeaderElection (LogUtils.java:infoOrTrace(149)) - 681edbc6-a1fc-42a4-b5ce-4922820de60a@group-FD33B9583E3C-LeaderElection182 got exception when requesting votes: {}
java.util.concurrent.ExecutionException: org.apache.ratis.thirdparty.io.grpc.StatusRuntimeException: UNAVAILABLE: io exception
	at java.util.concurrent.FutureTask.report(FutureTask.java:122)
	at java.util.concurrent.FutureTask.get(FutureTask.java:192)
	at org.apache.ratis.server.impl.LeaderElection.waitForResults(LeaderElection.java:259)
	at org.apache.ratis.server.impl.LeaderElection.askForVotes(LeaderElection.java:197)
	at org.apache.ratis.server.impl.LeaderElection.run(LeaderElection.java:133)
	at java.lang.Thread.run(Thread.java:748)
Caused by: org.apache.ratis.thirdparty.io.grpc.StatusRuntimeException: UNAVAILABLE: io exception
	at org.apache.ratis.thirdparty.io.grpc.stub.ClientCalls.toStatusRuntimeException(ClientCalls.java:233)
	at org.apache.ratis.thirdparty.io.grpc.stub.ClientCalls.getUnchecked(ClientCalls.java:214)
	at org.apache.ratis.thirdparty.io.grpc.stub.ClientCalls.blockingUnaryCall(ClientCalls.java:139)
	at org.apache.ratis.proto.grpc.RaftServerProtocolServiceGrpc$RaftServerProtocolServiceBlockingStub.requestVote(RaftServerProtocolServiceGrpc.java:265)
	at org.apache.ratis.grpc.server.GrpcServerProtocolClient.requestVote(GrpcServerProtocolClient.java:99)
	at org.apache.ratis.grpc.server.GrpcService.requestVote(GrpcService.java:204)
	at org.apache.ratis.server.impl.LeaderElection.lambda$submitRequests$1(LeaderElection.java:234)
	at java.util.concurrent.FutureTask.run(FutureTask.java:266)
	at java.util.concurrent.Executors$RunnableAdapter.call(Executors.java:511)
	at java.util.concurrent.FutureTask.run(FutureTask.java:266)
	at java.util.concurrent.ThreadPoolExecutor.runWorker(ThreadPoolExecutor.java:1149)
	at java.util.concurrent.ThreadPoolExecutor$Worker.run(ThreadPoolExecutor.java:624)
	... 1 more
Caused by: org.apache.ratis.thirdparty.io.netty.channel.AbstractChannel$AnnotatedConnectException: Connection refused: /192.168.164.233:38729
	at sun.nio.ch.SocketChannelImpl.checkConnect(Native Method)
	at sun.nio.ch.SocketChannelImpl.finishConnect(SocketChannelImpl.java:717)
	at org.apache.ratis.thirdparty.io.netty.channel.socket.nio.NioSocketChannel.doFinishConnect(NioSocketChannel.java:327)
	at org.apache.ratis.thirdparty.io.netty.channel.nio.AbstractNioChannel$AbstractNioUnsafe.finishConnect(AbstractNioChannel.java:340)
	at org.apache.ratis.thirdparty.io.netty.channel.nio.NioEventLoop.processSelectedKey(NioEventLoop.java:632)
	at org.apache.ratis.thirdparty.io.netty.channel.nio.NioEventLoop.processSelectedKeysOptimized(NioEventLoop.java:579)
	at org.apache.ratis.thirdparty.io.netty.channel.nio.NioEventLoop.processSelectedKeys(NioEventLoop.java:496)
	at org.apache.ratis.thirdparty.io.netty.channel.nio.NioEventLoop.run(NioEventLoop.java:458)
	at org.apache.ratis.thirdparty.io.netty.util.concurrent.SingleThreadEventExecutor$5.run(SingleThreadEventExecutor.java:897)
	at org.apache.ratis.thirdparty.io.netty.util.concurrent.FastThreadLocalRunnable.run(FastThreadLocalRunnable.java:30)
	... 1 more
Caused by: java.net.ConnectException: Connection refused
	... 11 more
2019-10-18 14:30:41,474 [681edbc6-a1fc-42a4-b5ce-4922820de60a@group-FD33B9583E3C-LeaderElection182] INFO  impl.LeaderElection (LogUtils.java:infoOrTrace(149)) - 681edbc6-a1fc-42a4-b5ce-4922820de60a@group-FD33B9583E3C-LeaderElection182 got exception when requesting votes: {}
java.util.concurrent.ExecutionException: org.apache.ratis.thirdparty.io.grpc.StatusRuntimeException: UNAVAILABLE: io exception
	at java.util.concurrent.FutureTask.report(FutureTask.java:122)
	at java.util.concurrent.FutureTask.get(FutureTask.java:192)
	at org.apache.ratis.server.impl.LeaderElection.waitForResults(LeaderElection.java:259)
	at org.apache.ratis.server.impl.LeaderElection.askForVotes(LeaderElection.java:197)
	at org.apache.ratis.server.impl.LeaderElection.run(LeaderElection.java:133)
	at java.lang.Thread.run(Thread.java:748)
Caused by: org.apache.ratis.thirdparty.io.grpc.StatusRuntimeException: UNAVAILABLE: io exception
	at org.apache.ratis.thirdparty.io.grpc.stub.ClientCalls.toStatusRuntimeException(ClientCalls.java:233)
	at org.apache.ratis.thirdparty.io.grpc.stub.ClientCalls.getUnchecked(ClientCalls.java:214)
	at org.apache.ratis.thirdparty.io.grpc.stub.ClientCalls.blockingUnaryCall(ClientCalls.java:139)
	at org.apache.ratis.proto.grpc.RaftServerProtocolServiceGrpc$RaftServerProtocolServiceBlockingStub.requestVote(RaftServerProtocolServiceGrpc.java:265)
	at org.apache.ratis.grpc.server.GrpcServerProtocolClient.requestVote(GrpcServerProtocolClient.java:99)
	at org.apache.ratis.grpc.server.GrpcService.requestVote(GrpcService.java:204)
	at org.apache.ratis.server.impl.LeaderElection.lambda$submitRequests$1(LeaderElection.java:234)
	at java.util.concurrent.FutureTask.run(FutureTask.java:266)
	at java.util.concurrent.Executors$RunnableAdapter.call(Executors.java:511)
	at java.util.concurrent.FutureTask.run(FutureTask.java:266)
	at java.util.concurrent.ThreadPoolExecutor.runWorker(ThreadPoolExecutor.java:1149)
	at java.util.concurrent.ThreadPoolExecutor$Worker.run(ThreadPoolExecutor.java:624)
	... 1 more
Caused by: org.apache.ratis.thirdparty.io.netty.channel.AbstractChannel$AnnotatedConnectException: Connection refused: /192.168.164.233:46080
	at sun.nio.ch.SocketChannelImpl.checkConnect(Native Method)
	at sun.nio.ch.SocketChannelImpl.finishConnect(SocketChannelImpl.java:717)
	at org.apache.ratis.thirdparty.io.netty.channel.socket.nio.NioSocketChannel.doFinishConnect(NioSocketChannel.java:327)
	at org.apache.ratis.thirdparty.io.netty.channel.nio.AbstractNioChannel$AbstractNioUnsafe.finishConnect(AbstractNioChannel.java:340)
	at org.apache.ratis.thirdparty.io.netty.channel.nio.NioEventLoop.processSelectedKey(NioEventLoop.java:632)
	at org.apache.ratis.thirdparty.io.netty.channel.nio.NioEventLoop.processSelectedKeysOptimized(NioEventLoop.java:579)
	at org.apache.ratis.thirdparty.io.netty.channel.nio.NioEventLoop.processSelectedKeys(NioEventLoop.java:496)
	at org.apache.ratis.thirdparty.io.netty.channel.nio.NioEventLoop.run(NioEventLoop.java:458)
	at org.apache.ratis.thirdparty.io.netty.util.concurrent.SingleThreadEventExecutor$5.run(SingleThreadEventExecutor.java:897)
	at org.apache.ratis.thirdparty.io.netty.util.concurrent.FastThreadLocalRunnable.run(FastThreadLocalRunnable.java:30)
	... 1 more
Caused by: java.net.ConnectException: Connection refused
	... 11 more
2019-10-18 14:30:41,475 [681edbc6-a1fc-42a4-b5ce-4922820de60a@group-FD33B9583E3C-LeaderElection182] INFO  impl.LeaderElection (LeaderElection.java:logAndReturn(56)) - 681edbc6-a1fc-42a4-b5ce-4922820de60a@group-FD33B9583E3C-LeaderElection182: Election REJECTED; received 0 response(s) [] and 2 exception(s); 681edbc6-a1fc-42a4-b5ce-4922820de60a@group-FD33B9583E3C:t183, leader=null, voted=681edbc6-a1fc-42a4-b5ce-4922820de60a, raftlog=681edbc6-a1fc-42a4-b5ce-4922820de60a@group-FD33B9583E3C-SegmentedRaftLog:OPENED:c-1,f-1,i0, conf=-1: [3ee7b367-7b16-44e1-99f8-43aefeda0876:192.168.164.233:46080, 681edbc6-a1fc-42a4-b5ce-4922820de60a:192.168.164.233:44267, 773cce60-eeca-4c1f-a5ec-70084be8b6b9:192.168.164.233:38729], old=null
2019-10-18 14:30:41,476 [681edbc6-a1fc-42a4-b5ce-4922820de60a@group-FD33B9583E3C-LeaderElection182] INFO  impl.LeaderElection (LogUtils.java:infoOrTrace(149)) -   Exception 0: {}
java.util.concurrent.ExecutionException: org.apache.ratis.thirdparty.io.grpc.StatusRuntimeException: UNAVAILABLE: io exception
	at java.util.concurrent.FutureTask.report(FutureTask.java:122)
	at java.util.concurrent.FutureTask.get(FutureTask.java:192)
	at org.apache.ratis.server.impl.LeaderElection.waitForResults(LeaderElection.java:259)
	at org.apache.ratis.server.impl.LeaderElection.askForVotes(LeaderElection.java:197)
	at org.apache.ratis.server.impl.LeaderElection.run(LeaderElection.java:133)
	at java.lang.Thread.run(Thread.java:748)
Caused by: org.apache.ratis.thirdparty.io.grpc.StatusRuntimeException: UNAVAILABLE: io exception
	at org.apache.ratis.thirdparty.io.grpc.stub.ClientCalls.toStatusRuntimeException(ClientCalls.java:233)
	at org.apache.ratis.thirdparty.io.grpc.stub.ClientCalls.getUnchecked(ClientCalls.java:214)
	at org.apache.ratis.thirdparty.io.grpc.stub.ClientCalls.blockingUnaryCall(ClientCalls.java:139)
	at org.apache.ratis.proto.grpc.RaftServerProtocolServiceGrpc$RaftServerProtocolServiceBlockingStub.requestVote(RaftServerProtocolServiceGrpc.java:265)
	at org.apache.ratis.grpc.server.GrpcServerProtocolClient.requestVote(GrpcServerProtocolClient.java:99)
	at org.apache.ratis.grpc.server.GrpcService.requestVote(GrpcService.java:204)
	at org.apache.ratis.server.impl.LeaderElection.lambda$submitRequests$1(LeaderElection.java:234)
	at java.util.concurrent.FutureTask.run(FutureTask.java:266)
	at java.util.concurrent.Executors$RunnableAdapter.call(Executors.java:511)
	at java.util.concurrent.FutureTask.run(FutureTask.java:266)
	at java.util.concurrent.ThreadPoolExecutor.runWorker(ThreadPoolExecutor.java:1149)
	at java.util.concurrent.ThreadPoolExecutor$Worker.run(ThreadPoolExecutor.java:624)
	... 1 more
Caused by: org.apache.ratis.thirdparty.io.netty.channel.AbstractChannel$AnnotatedConnectException: Connection refused: /192.168.164.233:38729
	at sun.nio.ch.SocketChannelImpl.checkConnect(Native Method)
	at sun.nio.ch.SocketChannelImpl.finishConnect(SocketChannelImpl.java:717)
	at org.apache.ratis.thirdparty.io.netty.channel.socket.nio.NioSocketChannel.doFinishConnect(NioSocketChannel.java:327)
	at org.apache.ratis.thirdparty.io.netty.channel.nio.AbstractNioChannel$AbstractNioUnsafe.finishConnect(AbstractNioChannel.java:340)
	at org.apache.ratis.thirdparty.io.netty.channel.nio.NioEventLoop.processSelectedKey(NioEventLoop.java:632)
	at org.apache.ratis.thirdparty.io.netty.channel.nio.NioEventLoop.processSelectedKeysOptimized(NioEventLoop.java:579)
	at org.apache.ratis.thirdparty.io.netty.channel.nio.NioEventLoop.processSelectedKeys(NioEventLoop.java:496)
	at org.apache.ratis.thirdparty.io.netty.channel.nio.NioEventLoop.run(NioEventLoop.java:458)
	at org.apache.ratis.thirdparty.io.netty.util.concurrent.SingleThreadEventExecutor$5.run(SingleThreadEventExecutor.java:897)
	at org.apache.ratis.thirdparty.io.netty.util.concurrent.FastThreadLocalRunnable.run(FastThreadLocalRunnable.java:30)
	... 1 more
Caused by: java.net.ConnectException: Connection refused
	... 11 more
2019-10-18 14:30:41,476 [681edbc6-a1fc-42a4-b5ce-4922820de60a@group-FD33B9583E3C-LeaderElection182] INFO  impl.LeaderElection (LogUtils.java:infoOrTrace(149)) -   Exception 1: {}
java.util.concurrent.ExecutionException: org.apache.ratis.thirdparty.io.grpc.StatusRuntimeException: UNAVAILABLE: io exception
	at java.util.concurrent.FutureTask.report(FutureTask.java:122)
	at java.util.concurrent.FutureTask.get(FutureTask.java:192)
	at org.apache.ratis.server.impl.LeaderElection.waitForResults(LeaderElection.java:259)
	at org.apache.ratis.server.impl.LeaderElection.askForVotes(LeaderElection.java:197)
	at org.apache.ratis.server.impl.LeaderElection.run(LeaderElection.java:133)
	at java.lang.Thread.run(Thread.java:748)
Caused by: org.apache.ratis.thirdparty.io.grpc.StatusRuntimeException: UNAVAILABLE: io exception
	at org.apache.ratis.thirdparty.io.grpc.stub.ClientCalls.toStatusRuntimeException(ClientCalls.java:233)
	at org.apache.ratis.thirdparty.io.grpc.stub.ClientCalls.getUnchecked(ClientCalls.java:214)
	at org.apache.ratis.thirdparty.io.grpc.stub.ClientCalls.blockingUnaryCall(ClientCalls.java:139)
	at org.apache.ratis.proto.grpc.RaftServerProtocolServiceGrpc$RaftServerProtocolServiceBlockingStub.requestVote(RaftServerProtocolServiceGrpc.java:265)
	at org.apache.ratis.grpc.server.GrpcServerProtocolClient.requestVote(GrpcServerProtocolClient.java:99)
	at org.apache.ratis.grpc.server.GrpcService.requestVote(GrpcService.java:204)
	at org.apache.ratis.server.impl.LeaderElection.lambda$submitRequests$1(LeaderElection.java:234)
	at java.util.concurrent.FutureTask.run(FutureTask.java:266)
	at java.util.concurrent.Executors$RunnableAdapter.call(Executors.java:511)
	at java.util.concurrent.FutureTask.run(FutureTask.java:266)
	at java.util.concurrent.ThreadPoolExecutor.runWorker(ThreadPoolExecutor.java:1149)
	at java.util.concurrent.ThreadPoolExecutor$Worker.run(ThreadPoolExecutor.java:624)
	... 1 more
Caused by: org.apache.ratis.thirdparty.io.netty.channel.AbstractChannel$AnnotatedConnectException: Connection refused: /192.168.164.233:46080
	at sun.nio.ch.SocketChannelImpl.checkConnect(Native Method)
	at sun.nio.ch.SocketChannelImpl.finishConnect(SocketChannelImpl.java:717)
	at org.apache.ratis.thirdparty.io.netty.channel.socket.nio.NioSocketChannel.doFinishConnect(NioSocketChannel.java:327)
	at org.apache.ratis.thirdparty.io.netty.channel.nio.AbstractNioChannel$AbstractNioUnsafe.finishConnect(AbstractNioChannel.java:340)
	at org.apache.ratis.thirdparty.io.netty.channel.nio.NioEventLoop.processSelectedKey(NioEventLoop.java:632)
	at org.apache.ratis.thirdparty.io.netty.channel.nio.NioEventLoop.processSelectedKeysOptimized(NioEventLoop.java:579)
	at org.apache.ratis.thirdparty.io.netty.channel.nio.NioEventLoop.processSelectedKeys(NioEventLoop.java:496)
	at org.apache.ratis.thirdparty.io.netty.channel.nio.NioEventLoop.run(NioEventLoop.java:458)
	at org.apache.ratis.thirdparty.io.netty.util.concurrent.SingleThreadEventExecutor$5.run(SingleThreadEventExecutor.java:897)
	at org.apache.ratis.thirdparty.io.netty.util.concurrent.FastThreadLocalRunnable.run(FastThreadLocalRunnable.java:30)
	... 1 more
Caused by: java.net.ConnectException: Connection refused
	... 11 more
2019-10-18 14:30:41,476 [681edbc6-a1fc-42a4-b5ce-4922820de60a@group-FD33B9583E3C-LeaderElection182] INFO  impl.RaftServerImpl (RaftServerImpl.java:setRole(184)) - 681edbc6-a1fc-42a4-b5ce-4922820de60a@group-FD33B9583E3C: changes role from CANDIDATE to FOLLOWER at term 183 for DISCOVERED_A_NEW_TERM
2019-10-18 14:30:41,476 [681edbc6-a1fc-42a4-b5ce-4922820de60a@group-FD33B9583E3C-LeaderElection182] INFO  impl.RoleInfo (RoleInfo.java:shutdownLeaderElection(134)) - 681edbc6-a1fc-42a4-b5ce-4922820de60a: shutdown LeaderElection
2019-10-18 14:30:41,477 [681edbc6-a1fc-42a4-b5ce-4922820de60a@group-FD33B9583E3C-LeaderElection182] INFO  impl.RoleInfo (RoleInfo.java:updateAndGet(143)) - 681edbc6-a1fc-42a4-b5ce-4922820de60a: start FollowerState
2019-10-18 14:30:41,580 [Thread-1692] INFO  impl.FollowerState (FollowerState.java:run(108)) - 681edbc6-a1fc-42a4-b5ce-4922820de60a@group-FD33B9583E3C-FollowerState: change to CANDIDATE, lastRpcTime:103ms, electionTimeout:103ms
2019-10-18 14:30:41,580 [Thread-1692] INFO  impl.RoleInfo (RoleInfo.java:shutdownFollowerState(121)) - 681edbc6-a1fc-42a4-b5ce-4922820de60a: shutdown FollowerState
2019-10-18 14:30:41,580 [Thread-1692] INFO  impl.RaftServerImpl (RaftServerImpl.java:setRole(184)) - 681edbc6-a1fc-42a4-b5ce-4922820de60a@group-FD33B9583E3C: changes role from  FOLLOWER to CANDIDATE at term 183 for changeToCandidate
2019-10-18 14:30:41,580 [Thread-1692] INFO  impl.RoleInfo (RoleInfo.java:updateAndGet(143)) - 681edbc6-a1fc-42a4-b5ce-4922820de60a: start LeaderElection
2019-10-18 14:30:41,594 [681edbc6-a1fc-42a4-b5ce-4922820de60a@group-FD33B9583E3C-LeaderElection183] INFO  impl.LeaderElection (LeaderElection.java:askForVotes(178)) - 681edbc6-a1fc-42a4-b5ce-4922820de60a@group-FD33B9583E3C-LeaderElection183: begin an election at term 184 for -1: [3ee7b367-7b16-44e1-99f8-43aefeda0876:192.168.164.233:46080, 681edbc6-a1fc-42a4-b5ce-4922820de60a:192.168.164.233:44267, 773cce60-eeca-4c1f-a5ec-70084be8b6b9:192.168.164.233:38729], old=null
2019-10-18 14:30:41,594 [681edbc6-a1fc-42a4-b5ce-4922820de60a@group-FD33B9583E3C-LeaderElection183] INFO  impl.LeaderElection (LogUtils.java:infoOrTrace(149)) - 681edbc6-a1fc-42a4-b5ce-4922820de60a@group-FD33B9583E3C-LeaderElection183 got exception when requesting votes: {}
java.util.concurrent.ExecutionException: org.apache.ratis.thirdparty.io.grpc.StatusRuntimeException: UNAVAILABLE: io exception
	at java.util.concurrent.FutureTask.report(FutureTask.java:122)
	at java.util.concurrent.FutureTask.get(FutureTask.java:192)
	at org.apache.ratis.server.impl.LeaderElection.waitForResults(LeaderElection.java:259)
	at org.apache.ratis.server.impl.LeaderElection.askForVotes(LeaderElection.java:197)
	at org.apache.ratis.server.impl.LeaderElection.run(LeaderElection.java:133)
	at java.lang.Thread.run(Thread.java:748)
Caused by: org.apache.ratis.thirdparty.io.grpc.StatusRuntimeException: UNAVAILABLE: io exception
	at org.apache.ratis.thirdparty.io.grpc.stub.ClientCalls.toStatusRuntimeException(ClientCalls.java:233)
	at org.apache.ratis.thirdparty.io.grpc.stub.ClientCalls.getUnchecked(ClientCalls.java:214)
	at org.apache.ratis.thirdparty.io.grpc.stub.ClientCalls.blockingUnaryCall(ClientCalls.java:139)
	at org.apache.ratis.proto.grpc.RaftServerProtocolServiceGrpc$RaftServerProtocolServiceBlockingStub.requestVote(RaftServerProtocolServiceGrpc.java:265)
	at org.apache.ratis.grpc.server.GrpcServerProtocolClient.requestVote(GrpcServerProtocolClient.java:99)
	at org.apache.ratis.grpc.server.GrpcService.requestVote(GrpcService.java:204)
	at org.apache.ratis.server.impl.LeaderElection.lambda$submitRequests$1(LeaderElection.java:234)
	at java.util.concurrent.FutureTask.run(FutureTask.java:266)
	at java.util.concurrent.Executors$RunnableAdapter.call(Executors.java:511)
	at java.util.concurrent.FutureTask.run(FutureTask.java:266)
	at java.util.concurrent.ThreadPoolExecutor.runWorker(ThreadPoolExecutor.java:1149)
	at java.util.concurrent.ThreadPoolExecutor$Worker.run(ThreadPoolExecutor.java:624)
	... 1 more
Caused by: org.apache.ratis.thirdparty.io.netty.channel.AbstractChannel$AnnotatedConnectException: Connection refused: /192.168.164.233:46080
	at sun.nio.ch.SocketChannelImpl.checkConnect(Native Method)
	at sun.nio.ch.SocketChannelImpl.finishConnect(SocketChannelImpl.java:717)
	at org.apache.ratis.thirdparty.io.netty.channel.socket.nio.NioSocketChannel.doFinishConnect(NioSocketChannel.java:327)
	at org.apache.ratis.thirdparty.io.netty.channel.nio.AbstractNioChannel$AbstractNioUnsafe.finishConnect(AbstractNioChannel.java:340)
	at org.apache.ratis.thirdparty.io.netty.channel.nio.NioEventLoop.processSelectedKey(NioEventLoop.java:632)
	at org.apache.ratis.thirdparty.io.netty.channel.nio.NioEventLoop.processSelectedKeysOptimized(NioEventLoop.java:579)
	at org.apache.ratis.thirdparty.io.netty.channel.nio.NioEventLoop.processSelectedKeys(NioEventLoop.java:496)
	at org.apache.ratis.thirdparty.io.netty.channel.nio.NioEventLoop.run(NioEventLoop.java:458)
	at org.apache.ratis.thirdparty.io.netty.util.concurrent.SingleThreadEventExecutor$5.run(SingleThreadEventExecutor.java:897)
	at org.apache.ratis.thirdparty.io.netty.util.concurrent.FastThreadLocalRunnable.run(FastThreadLocalRunnable.java:30)
	... 1 more
Caused by: java.net.ConnectException: Connection refused
	... 11 more
2019-10-18 14:30:41,597 [681edbc6-a1fc-42a4-b5ce-4922820de60a@group-FD33B9583E3C-LeaderElection183] INFO  impl.LeaderElection (LogUtils.java:infoOrTrace(149)) - 681edbc6-a1fc-42a4-b5ce-4922820de60a@group-FD33B9583E3C-LeaderElection183 got exception when requesting votes: {}
java.util.concurrent.ExecutionException: org.apache.ratis.thirdparty.io.grpc.StatusRuntimeException: UNAVAILABLE: io exception
	at java.util.concurrent.FutureTask.report(FutureTask.java:122)
	at java.util.concurrent.FutureTask.get(FutureTask.java:192)
	at org.apache.ratis.server.impl.LeaderElection.waitForResults(LeaderElection.java:259)
	at org.apache.ratis.server.impl.LeaderElection.askForVotes(LeaderElection.java:197)
	at org.apache.ratis.server.impl.LeaderElection.run(LeaderElection.java:133)
	at java.lang.Thread.run(Thread.java:748)
Caused by: org.apache.ratis.thirdparty.io.grpc.StatusRuntimeException: UNAVAILABLE: io exception
	at org.apache.ratis.thirdparty.io.grpc.stub.ClientCalls.toStatusRuntimeException(ClientCalls.java:233)
	at org.apache.ratis.thirdparty.io.grpc.stub.ClientCalls.getUnchecked(ClientCalls.java:214)
	at org.apache.ratis.thirdparty.io.grpc.stub.ClientCalls.blockingUnaryCall(ClientCalls.java:139)
	at org.apache.ratis.proto.grpc.RaftServerProtocolServiceGrpc$RaftServerProtocolServiceBlockingStub.requestVote(RaftServerProtocolServiceGrpc.java:265)
	at org.apache.ratis.grpc.server.GrpcServerProtocolClient.requestVote(GrpcServerProtocolClient.java:99)
	at org.apache.ratis.grpc.server.GrpcService.requestVote(GrpcService.java:204)
	at org.apache.ratis.server.impl.LeaderElection.lambda$submitRequests$1(LeaderElection.java:234)
	at java.util.concurrent.FutureTask.run(FutureTask.java:266)
	at java.util.concurrent.Executors$RunnableAdapter.call(Executors.java:511)
	at java.util.concurrent.FutureTask.run(FutureTask.java:266)
	at java.util.concurrent.ThreadPoolExecutor.runWorker(ThreadPoolExecutor.java:1149)
	at java.util.concurrent.ThreadPoolExecutor$Worker.run(ThreadPoolExecutor.java:624)
	... 1 more
Caused by: org.apache.ratis.thirdparty.io.netty.channel.AbstractChannel$AnnotatedConnectException: Connection refused: /192.168.164.233:38729
	at sun.nio.ch.SocketChannelImpl.checkConnect(Native Method)
	at sun.nio.ch.SocketChannelImpl.finishConnect(SocketChannelImpl.java:717)
	at org.apache.ratis.thirdparty.io.netty.channel.socket.nio.NioSocketChannel.doFinishConnect(NioSocketChannel.java:327)
	at org.apache.ratis.thirdparty.io.netty.channel.nio.AbstractNioChannel$AbstractNioUnsafe.finishConnect(AbstractNioChannel.java:340)
	at org.apache.ratis.thirdparty.io.netty.channel.nio.NioEventLoop.processSelectedKey(NioEventLoop.java:632)
	at org.apache.ratis.thirdparty.io.netty.channel.nio.NioEventLoop.processSelectedKeysOptimized(NioEventLoop.java:579)
	at org.apache.ratis.thirdparty.io.netty.channel.nio.NioEventLoop.processSelectedKeys(NioEventLoop.java:496)
	at org.apache.ratis.thirdparty.io.netty.channel.nio.NioEventLoop.run(NioEventLoop.java:458)
	at org.apache.ratis.thirdparty.io.netty.util.concurrent.SingleThreadEventExecutor$5.run(SingleThreadEventExecutor.java:897)
	at org.apache.ratis.thirdparty.io.netty.util.concurrent.FastThreadLocalRunnable.run(FastThreadLocalRunnable.java:30)
	... 1 more
Caused by: java.net.ConnectException: Connection refused
	... 11 more
2019-10-18 14:30:41,598 [681edbc6-a1fc-42a4-b5ce-4922820de60a@group-FD33B9583E3C-LeaderElection183] INFO  impl.LeaderElection (LeaderElection.java:logAndReturn(56)) - 681edbc6-a1fc-42a4-b5ce-4922820de60a@group-FD33B9583E3C-LeaderElection183: Election REJECTED; received 0 response(s) [] and 2 exception(s); 681edbc6-a1fc-42a4-b5ce-4922820de60a@group-FD33B9583E3C:t184, leader=null, voted=681edbc6-a1fc-42a4-b5ce-4922820de60a, raftlog=681edbc6-a1fc-42a4-b5ce-4922820de60a@group-FD33B9583E3C-SegmentedRaftLog:OPENED:c-1,f-1,i0, conf=-1: [3ee7b367-7b16-44e1-99f8-43aefeda0876:192.168.164.233:46080, 681edbc6-a1fc-42a4-b5ce-4922820de60a:192.168.164.233:44267, 773cce60-eeca-4c1f-a5ec-70084be8b6b9:192.168.164.233:38729], old=null
2019-10-18 14:30:41,598 [681edbc6-a1fc-42a4-b5ce-4922820de60a@group-FD33B9583E3C-LeaderElection183] INFO  impl.LeaderElection (LogUtils.java:infoOrTrace(149)) -   Exception 0: {}
java.util.concurrent.ExecutionException: org.apache.ratis.thirdparty.io.grpc.StatusRuntimeException: UNAVAILABLE: io exception
	at java.util.concurrent.FutureTask.report(FutureTask.java:122)
	at java.util.concurrent.FutureTask.get(FutureTask.java:192)
	at org.apache.ratis.server.impl.LeaderElection.waitForResults(LeaderElection.java:259)
	at org.apache.ratis.server.impl.LeaderElection.askForVotes(LeaderElection.java:197)
	at org.apache.ratis.server.impl.LeaderElection.run(LeaderElection.java:133)
	at java.lang.Thread.run(Thread.java:748)
Caused by: org.apache.ratis.thirdparty.io.grpc.StatusRuntimeException: UNAVAILABLE: io exception
	at org.apache.ratis.thirdparty.io.grpc.stub.ClientCalls.toStatusRuntimeException(ClientCalls.java:233)
	at org.apache.ratis.thirdparty.io.grpc.stub.ClientCalls.getUnchecked(ClientCalls.java:214)
	at org.apache.ratis.thirdparty.io.grpc.stub.ClientCalls.blockingUnaryCall(ClientCalls.java:139)
	at org.apache.ratis.proto.grpc.RaftServerProtocolServiceGrpc$RaftServerProtocolServiceBlockingStub.requestVote(RaftServerProtocolServiceGrpc.java:265)
	at org.apache.ratis.grpc.server.GrpcServerProtocolClient.requestVote(GrpcServerProtocolClient.java:99)
	at org.apache.ratis.grpc.server.GrpcService.requestVote(GrpcService.java:204)
	at org.apache.ratis.server.impl.LeaderElection.lambda$submitRequests$1(LeaderElection.java:234)
	at java.util.concurrent.FutureTask.run(FutureTask.java:266)
	at java.util.concurrent.Executors$RunnableAdapter.call(Executors.java:511)
	at java.util.concurrent.FutureTask.run(FutureTask.java:266)
	at java.util.concurrent.ThreadPoolExecutor.runWorker(ThreadPoolExecutor.java:1149)
	at java.util.concurrent.ThreadPoolExecutor$Worker.run(ThreadPoolExecutor.java:624)
	... 1 more
Caused by: org.apache.ratis.thirdparty.io.netty.channel.AbstractChannel$AnnotatedConnectException: Connection refused: /192.168.164.233:46080
	at sun.nio.ch.SocketChannelImpl.checkConnect(Native Method)
	at sun.nio.ch.SocketChannelImpl.finishConnect(SocketChannelImpl.java:717)
	at org.apache.ratis.thirdparty.io.netty.channel.socket.nio.NioSocketChannel.doFinishConnect(NioSocketChannel.java:327)
	at org.apache.ratis.thirdparty.io.netty.channel.nio.AbstractNioChannel$AbstractNioUnsafe.finishConnect(AbstractNioChannel.java:340)
	at org.apache.ratis.thirdparty.io.netty.channel.nio.NioEventLoop.processSelectedKey(NioEventLoop.java:632)
	at org.apache.ratis.thirdparty.io.netty.channel.nio.NioEventLoop.processSelectedKeysOptimized(NioEventLoop.java:579)
	at org.apache.ratis.thirdparty.io.netty.channel.nio.NioEventLoop.processSelectedKeys(NioEventLoop.java:496)
	at org.apache.ratis.thirdparty.io.netty.channel.nio.NioEventLoop.run(NioEventLoop.java:458)
	at org.apache.ratis.thirdparty.io.netty.util.concurrent.SingleThreadEventExecutor$5.run(SingleThreadEventExecutor.java:897)
	at org.apache.ratis.thirdparty.io.netty.util.concurrent.FastThreadLocalRunnable.run(FastThreadLocalRunnable.java:30)
	... 1 more
Caused by: java.net.ConnectException: Connection refused
	... 11 more
2019-10-18 14:30:41,598 [681edbc6-a1fc-42a4-b5ce-4922820de60a@group-FD33B9583E3C-LeaderElection183] INFO  impl.LeaderElection (LogUtils.java:infoOrTrace(149)) -   Exception 1: {}
java.util.concurrent.ExecutionException: org.apache.ratis.thirdparty.io.grpc.StatusRuntimeException: UNAVAILABLE: io exception
	at java.util.concurrent.FutureTask.report(FutureTask.java:122)
	at java.util.concurrent.FutureTask.get(FutureTask.java:192)
	at org.apache.ratis.server.impl.LeaderElection.waitForResults(LeaderElection.java:259)
	at org.apache.ratis.server.impl.LeaderElection.askForVotes(LeaderElection.java:197)
	at org.apache.ratis.server.impl.LeaderElection.run(LeaderElection.java:133)
	at java.lang.Thread.run(Thread.java:748)
Caused by: org.apache.ratis.thirdparty.io.grpc.StatusRuntimeException: UNAVAILABLE: io exception
	at org.apache.ratis.thirdparty.io.grpc.stub.ClientCalls.toStatusRuntimeException(ClientCalls.java:233)
	at org.apache.ratis.thirdparty.io.grpc.stub.ClientCalls.getUnchecked(ClientCalls.java:214)
	at org.apache.ratis.thirdparty.io.grpc.stub.ClientCalls.blockingUnaryCall(ClientCalls.java:139)
	at org.apache.ratis.proto.grpc.RaftServerProtocolServiceGrpc$RaftServerProtocolServiceBlockingStub.requestVote(RaftServerProtocolServiceGrpc.java:265)
	at org.apache.ratis.grpc.server.GrpcServerProtocolClient.requestVote(GrpcServerProtocolClient.java:99)
	at org.apache.ratis.grpc.server.GrpcService.requestVote(GrpcService.java:204)
	at org.apache.ratis.server.impl.LeaderElection.lambda$submitRequests$1(LeaderElection.java:234)
	at java.util.concurrent.FutureTask.run(FutureTask.java:266)
	at java.util.concurrent.Executors$RunnableAdapter.call(Executors.java:511)
	at java.util.concurrent.FutureTask.run(FutureTask.java:266)
	at java.util.concurrent.ThreadPoolExecutor.runWorker(ThreadPoolExecutor.java:1149)
	at java.util.concurrent.ThreadPoolExecutor$Worker.run(ThreadPoolExecutor.java:624)
	... 1 more
Caused by: org.apache.ratis.thirdparty.io.netty.channel.AbstractChannel$AnnotatedConnectException: Connection refused: /192.168.164.233:38729
	at sun.nio.ch.SocketChannelImpl.checkConnect(Native Method)
	at sun.nio.ch.SocketChannelImpl.finishConnect(SocketChannelImpl.java:717)
	at org.apache.ratis.thirdparty.io.netty.channel.socket.nio.NioSocketChannel.doFinishConnect(NioSocketChannel.java:327)
	at org.apache.ratis.thirdparty.io.netty.channel.nio.AbstractNioChannel$AbstractNioUnsafe.finishConnect(AbstractNioChannel.java:340)
	at org.apache.ratis.thirdparty.io.netty.channel.nio.NioEventLoop.processSelectedKey(NioEventLoop.java:632)
	at org.apache.ratis.thirdparty.io.netty.channel.nio.NioEventLoop.processSelectedKeysOptimized(NioEventLoop.java:579)
	at org.apache.ratis.thirdparty.io.netty.channel.nio.NioEventLoop.processSelectedKeys(NioEventLoop.java:496)
	at org.apache.ratis.thirdparty.io.netty.channel.nio.NioEventLoop.run(NioEventLoop.java:458)
	at org.apache.ratis.thirdparty.io.netty.util.concurrent.SingleThreadEventExecutor$5.run(SingleThreadEventExecutor.java:897)
	at org.apache.ratis.thirdparty.io.netty.util.concurrent.FastThreadLocalRunnable.run(FastThreadLocalRunnable.java:30)
	... 1 more
Caused by: java.net.ConnectException: Connection refused
	... 11 more
2019-10-18 14:30:41,599 [681edbc6-a1fc-42a4-b5ce-4922820de60a@group-FD33B9583E3C-LeaderElection183] INFO  impl.RaftServerImpl (RaftServerImpl.java:setRole(184)) - 681edbc6-a1fc-42a4-b5ce-4922820de60a@group-FD33B9583E3C: changes role from CANDIDATE to FOLLOWER at term 184 for DISCOVERED_A_NEW_TERM
2019-10-18 14:30:41,599 [681edbc6-a1fc-42a4-b5ce-4922820de60a@group-FD33B9583E3C-LeaderElection183] INFO  impl.RoleInfo (RoleInfo.java:shutdownLeaderElection(134)) - 681edbc6-a1fc-42a4-b5ce-4922820de60a: shutdown LeaderElection
2019-10-18 14:30:41,599 [681edbc6-a1fc-42a4-b5ce-4922820de60a@group-FD33B9583E3C-LeaderElection183] INFO  impl.RoleInfo (RoleInfo.java:updateAndGet(143)) - 681edbc6-a1fc-42a4-b5ce-4922820de60a: start FollowerState
2019-10-18 14:30:41,718 [java.util.concurrent.ThreadPoolExecutor$Worker@4efed47c[State = -1, empty queue]] WARN  server.GrpcLogAppender (GrpcLogAppender.java:timeoutAppendRequest(209)) - 46c14060-ea78-4b5a-b57c-064e4766b234@group-45DBFE4B8A65->a4757974-e77e-4a1a-a400-c32fe273093a-GrpcLogAppender: appendEntries Timeout, request=46c14060-ea78-4b5a-b57c-064e4766b234->a4757974-e77e-4a1a-a400-c32fe273093a#46-t3, previous=(t:3, i:4), leaderCommit=4, initializing? false, entries: <empty>
2019-10-18 14:30:41,718 [java.util.concurrent.ThreadPoolExecutor$Worker@108d80c3[State = -1, empty queue]] WARN  server.GrpcLogAppender (GrpcLogAppender.java:timeoutAppendRequest(209)) - 46c14060-ea78-4b5a-b57c-064e4766b234@group-45DBFE4B8A65->55013cf6-f41f-4339-a52c-06c119893914-GrpcLogAppender: appendEntries Timeout, request=46c14060-ea78-4b5a-b57c-064e4766b234->55013cf6-f41f-4339-a52c-06c119893914#46-t3, previous=(t:3, i:4), leaderCommit=4, initializing? false, entries: <empty>
2019-10-18 14:30:41,726 [Thread-1698] INFO  impl.FollowerState (FollowerState.java:run(108)) - 681edbc6-a1fc-42a4-b5ce-4922820de60a@group-FD33B9583E3C-FollowerState: change to CANDIDATE, lastRpcTime:127ms, electionTimeout:127ms
2019-10-18 14:30:41,727 [Thread-1698] INFO  impl.RoleInfo (RoleInfo.java:shutdownFollowerState(121)) - 681edbc6-a1fc-42a4-b5ce-4922820de60a: shutdown FollowerState
2019-10-18 14:30:41,727 [Thread-1698] INFO  impl.RaftServerImpl (RaftServerImpl.java:setRole(184)) - 681edbc6-a1fc-42a4-b5ce-4922820de60a@group-FD33B9583E3C: changes role from  FOLLOWER to CANDIDATE at term 184 for changeToCandidate
2019-10-18 14:30:41,727 [Thread-1698] INFO  impl.RoleInfo (RoleInfo.java:updateAndGet(143)) - 681edbc6-a1fc-42a4-b5ce-4922820de60a: start LeaderElection
2019-10-18 14:30:41,740 [681edbc6-a1fc-42a4-b5ce-4922820de60a@group-FD33B9583E3C-LeaderElection184] INFO  impl.LeaderElection (LeaderElection.java:askForVotes(178)) - 681edbc6-a1fc-42a4-b5ce-4922820de60a@group-FD33B9583E3C-LeaderElection184: begin an election at term 185 for -1: [3ee7b367-7b16-44e1-99f8-43aefeda0876:192.168.164.233:46080, 681edbc6-a1fc-42a4-b5ce-4922820de60a:192.168.164.233:44267, 773cce60-eeca-4c1f-a5ec-70084be8b6b9:192.168.164.233:38729], old=null
2019-10-18 14:30:41,741 [681edbc6-a1fc-42a4-b5ce-4922820de60a@group-FD33B9583E3C-LeaderElection184] INFO  impl.LeaderElection (LogUtils.java:infoOrTrace(149)) - 681edbc6-a1fc-42a4-b5ce-4922820de60a@group-FD33B9583E3C-LeaderElection184 got exception when requesting votes: {}
java.util.concurrent.ExecutionException: org.apache.ratis.thirdparty.io.grpc.StatusRuntimeException: UNAVAILABLE: io exception
	at java.util.concurrent.FutureTask.report(FutureTask.java:122)
	at java.util.concurrent.FutureTask.get(FutureTask.java:192)
	at org.apache.ratis.server.impl.LeaderElection.waitForResults(LeaderElection.java:259)
	at org.apache.ratis.server.impl.LeaderElection.askForVotes(LeaderElection.java:197)
	at org.apache.ratis.server.impl.LeaderElection.run(LeaderElection.java:133)
	at java.lang.Thread.run(Thread.java:748)
Caused by: org.apache.ratis.thirdparty.io.grpc.StatusRuntimeException: UNAVAILABLE: io exception
	at org.apache.ratis.thirdparty.io.grpc.stub.ClientCalls.toStatusRuntimeException(ClientCalls.java:233)
	at org.apache.ratis.thirdparty.io.grpc.stub.ClientCalls.getUnchecked(ClientCalls.java:214)
	at org.apache.ratis.thirdparty.io.grpc.stub.ClientCalls.blockingUnaryCall(ClientCalls.java:139)
	at org.apache.ratis.proto.grpc.RaftServerProtocolServiceGrpc$RaftServerProtocolServiceBlockingStub.requestVote(RaftServerProtocolServiceGrpc.java:265)
	at org.apache.ratis.grpc.server.GrpcServerProtocolClient.requestVote(GrpcServerProtocolClient.java:99)
	at org.apache.ratis.grpc.server.GrpcService.requestVote(GrpcService.java:204)
	at org.apache.ratis.server.impl.LeaderElection.lambda$submitRequests$1(LeaderElection.java:234)
	at java.util.concurrent.FutureTask.run(FutureTask.java:266)
	at java.util.concurrent.Executors$RunnableAdapter.call(Executors.java:511)
	at java.util.concurrent.FutureTask.run(FutureTask.java:266)
	at java.util.concurrent.ThreadPoolExecutor.runWorker(ThreadPoolExecutor.java:1149)
	at java.util.concurrent.ThreadPoolExecutor$Worker.run(ThreadPoolExecutor.java:624)
	... 1 more
Caused by: org.apache.ratis.thirdparty.io.netty.channel.AbstractChannel$AnnotatedConnectException: Connection refused: /192.168.164.233:46080
	at sun.nio.ch.SocketChannelImpl.checkConnect(Native Method)
	at sun.nio.ch.SocketChannelImpl.finishConnect(SocketChannelImpl.java:717)
	at org.apache.ratis.thirdparty.io.netty.channel.socket.nio.NioSocketChannel.doFinishConnect(NioSocketChannel.java:327)
	at org.apache.ratis.thirdparty.io.netty.channel.nio.AbstractNioChannel$AbstractNioUnsafe.finishConnect(AbstractNioChannel.java:340)
	at org.apache.ratis.thirdparty.io.netty.channel.nio.NioEventLoop.processSelectedKey(NioEventLoop.java:632)
	at org.apache.ratis.thirdparty.io.netty.channel.nio.NioEventLoop.processSelectedKeysOptimized(NioEventLoop.java:579)
	at org.apache.ratis.thirdparty.io.netty.channel.nio.NioEventLoop.processSelectedKeys(NioEventLoop.java:496)
	at org.apache.ratis.thirdparty.io.netty.channel.nio.NioEventLoop.run(NioEventLoop.java:458)
	at org.apache.ratis.thirdparty.io.netty.util.concurrent.SingleThreadEventExecutor$5.run(SingleThreadEventExecutor.java:897)
	at org.apache.ratis.thirdparty.io.netty.util.concurrent.FastThreadLocalRunnable.run(FastThreadLocalRunnable.java:30)
	... 1 more
Caused by: java.net.ConnectException: Connection refused
	... 11 more
2019-10-18 14:30:41,744 [681edbc6-a1fc-42a4-b5ce-4922820de60a@group-FD33B9583E3C-LeaderElection184] INFO  impl.LeaderElection (LogUtils.java:infoOrTrace(149)) - 681edbc6-a1fc-42a4-b5ce-4922820de60a@group-FD33B9583E3C-LeaderElection184 got exception when requesting votes: {}
java.util.concurrent.ExecutionException: org.apache.ratis.thirdparty.io.grpc.StatusRuntimeException: UNAVAILABLE: io exception
	at java.util.concurrent.FutureTask.report(FutureTask.java:122)
	at java.util.concurrent.FutureTask.get(FutureTask.java:192)
	at org.apache.ratis.server.impl.LeaderElection.waitForResults(LeaderElection.java:259)
	at org.apache.ratis.server.impl.LeaderElection.askForVotes(LeaderElection.java:197)
	at org.apache.ratis.server.impl.LeaderElection.run(LeaderElection.java:133)
	at java.lang.Thread.run(Thread.java:748)
Caused by: org.apache.ratis.thirdparty.io.grpc.StatusRuntimeException: UNAVAILABLE: io exception
	at org.apache.ratis.thirdparty.io.grpc.stub.ClientCalls.toStatusRuntimeException(ClientCalls.java:233)
	at org.apache.ratis.thirdparty.io.grpc.stub.ClientCalls.getUnchecked(ClientCalls.java:214)
	at org.apache.ratis.thirdparty.io.grpc.stub.ClientCalls.blockingUnaryCall(ClientCalls.java:139)
	at org.apache.ratis.proto.grpc.RaftServerProtocolServiceGrpc$RaftServerProtocolServiceBlockingStub.requestVote(RaftServerProtocolServiceGrpc.java:265)
	at org.apache.ratis.grpc.server.GrpcServerProtocolClient.requestVote(GrpcServerProtocolClient.java:99)
	at org.apache.ratis.grpc.server.GrpcService.requestVote(GrpcService.java:204)
	at org.apache.ratis.server.impl.LeaderElection.lambda$submitRequests$1(LeaderElection.java:234)
	at java.util.concurrent.FutureTask.run(FutureTask.java:266)
	at java.util.concurrent.Executors$RunnableAdapter.call(Executors.java:511)
	at java.util.concurrent.FutureTask.run(FutureTask.java:266)
	at java.util.concurrent.ThreadPoolExecutor.runWorker(ThreadPoolExecutor.java:1149)
	at java.util.concurrent.ThreadPoolExecutor$Worker.run(ThreadPoolExecutor.java:624)
	... 1 more
Caused by: org.apache.ratis.thirdparty.io.netty.channel.AbstractChannel$AnnotatedConnectException: Connection refused: /192.168.164.233:38729
	at sun.nio.ch.SocketChannelImpl.checkConnect(Native Method)
	at sun.nio.ch.SocketChannelImpl.finishConnect(SocketChannelImpl.java:717)
	at org.apache.ratis.thirdparty.io.netty.channel.socket.nio.NioSocketChannel.doFinishConnect(NioSocketChannel.java:327)
	at org.apache.ratis.thirdparty.io.netty.channel.nio.AbstractNioChannel$AbstractNioUnsafe.finishConnect(AbstractNioChannel.java:340)
	at org.apache.ratis.thirdparty.io.netty.channel.nio.NioEventLoop.processSelectedKey(NioEventLoop.java:632)
	at org.apache.ratis.thirdparty.io.netty.channel.nio.NioEventLoop.processSelectedKeysOptimized(NioEventLoop.java:579)
	at org.apache.ratis.thirdparty.io.netty.channel.nio.NioEventLoop.processSelectedKeys(NioEventLoop.java:496)
	at org.apache.ratis.thirdparty.io.netty.channel.nio.NioEventLoop.run(NioEventLoop.java:458)
	at org.apache.ratis.thirdparty.io.netty.util.concurrent.SingleThreadEventExecutor$5.run(SingleThreadEventExecutor.java:897)
	at org.apache.ratis.thirdparty.io.netty.util.concurrent.FastThreadLocalRunnable.run(FastThreadLocalRunnable.java:30)
	... 1 more
Caused by: java.net.ConnectException: Connection refused
	... 11 more
2019-10-18 14:30:41,746 [681edbc6-a1fc-42a4-b5ce-4922820de60a@group-FD33B9583E3C-LeaderElection184] INFO  impl.LeaderElection (LeaderElection.java:logAndReturn(56)) - 681edbc6-a1fc-42a4-b5ce-4922820de60a@group-FD33B9583E3C-LeaderElection184: Election REJECTED; received 0 response(s) [] and 2 exception(s); 681edbc6-a1fc-42a4-b5ce-4922820de60a@group-FD33B9583E3C:t185, leader=null, voted=681edbc6-a1fc-42a4-b5ce-4922820de60a, raftlog=681edbc6-a1fc-42a4-b5ce-4922820de60a@group-FD33B9583E3C-SegmentedRaftLog:OPENED:c-1,f-1,i0, conf=-1: [3ee7b367-7b16-44e1-99f8-43aefeda0876:192.168.164.233:46080, 681edbc6-a1fc-42a4-b5ce-4922820de60a:192.168.164.233:44267, 773cce60-eeca-4c1f-a5ec-70084be8b6b9:192.168.164.233:38729], old=null
2019-10-18 14:30:41,747 [681edbc6-a1fc-42a4-b5ce-4922820de60a@group-FD33B9583E3C-LeaderElection184] INFO  impl.LeaderElection (LogUtils.java:infoOrTrace(149)) -   Exception 0: {}
java.util.concurrent.ExecutionException: org.apache.ratis.thirdparty.io.grpc.StatusRuntimeException: UNAVAILABLE: io exception
	at java.util.concurrent.FutureTask.report(FutureTask.java:122)
	at java.util.concurrent.FutureTask.get(FutureTask.java:192)
	at org.apache.ratis.server.impl.LeaderElection.waitForResults(LeaderElection.java:259)
	at org.apache.ratis.server.impl.LeaderElection.askForVotes(LeaderElection.java:197)
	at org.apache.ratis.server.impl.LeaderElection.run(LeaderElection.java:133)
	at java.lang.Thread.run(Thread.java:748)
Caused by: org.apache.ratis.thirdparty.io.grpc.StatusRuntimeException: UNAVAILABLE: io exception
	at org.apache.ratis.thirdparty.io.grpc.stub.ClientCalls.toStatusRuntimeException(ClientCalls.java:233)
	at org.apache.ratis.thirdparty.io.grpc.stub.ClientCalls.getUnchecked(ClientCalls.java:214)
	at org.apache.ratis.thirdparty.io.grpc.stub.ClientCalls.blockingUnaryCall(ClientCalls.java:139)
	at org.apache.ratis.proto.grpc.RaftServerProtocolServiceGrpc$RaftServerProtocolServiceBlockingStub.requestVote(RaftServerProtocolServiceGrpc.java:265)
	at org.apache.ratis.grpc.server.GrpcServerProtocolClient.requestVote(GrpcServerProtocolClient.java:99)
	at org.apache.ratis.grpc.server.GrpcService.requestVote(GrpcService.java:204)
	at org.apache.ratis.server.impl.LeaderElection.lambda$submitRequests$1(LeaderElection.java:234)
	at java.util.concurrent.FutureTask.run(FutureTask.java:266)
	at java.util.concurrent.Executors$RunnableAdapter.call(Executors.java:511)
	at java.util.concurrent.FutureTask.run(FutureTask.java:266)
	at java.util.concurrent.ThreadPoolExecutor.runWorker(ThreadPoolExecutor.java:1149)
	at java.util.concurrent.ThreadPoolExecutor$Worker.run(ThreadPoolExecutor.java:624)
	... 1 more
Caused by: org.apache.ratis.thirdparty.io.netty.channel.AbstractChannel$AnnotatedConnectException: Connection refused: /192.168.164.233:46080
	at sun.nio.ch.SocketChannelImpl.checkConnect(Native Method)
	at sun.nio.ch.SocketChannelImpl.finishConnect(SocketChannelImpl.java:717)
	at org.apache.ratis.thirdparty.io.netty.channel.socket.nio.NioSocketChannel.doFinishConnect(NioSocketChannel.java:327)
	at org.apache.ratis.thirdparty.io.netty.channel.nio.AbstractNioChannel$AbstractNioUnsafe.finishConnect(AbstractNioChannel.java:340)
	at org.apache.ratis.thirdparty.io.netty.channel.nio.NioEventLoop.processSelectedKey(NioEventLoop.java:632)
	at org.apache.ratis.thirdparty.io.netty.channel.nio.NioEventLoop.processSelectedKeysOptimized(NioEventLoop.java:579)
	at org.apache.ratis.thirdparty.io.netty.channel.nio.NioEventLoop.processSelectedKeys(NioEventLoop.java:496)
	at org.apache.ratis.thirdparty.io.netty.channel.nio.NioEventLoop.run(NioEventLoop.java:458)
	at org.apache.ratis.thirdparty.io.netty.util.concurrent.SingleThreadEventExecutor$5.run(SingleThreadEventExecutor.java:897)
	at org.apache.ratis.thirdparty.io.netty.util.concurrent.FastThreadLocalRunnable.run(FastThreadLocalRunnable.java:30)
	... 1 more
Caused by: java.net.ConnectException: Connection refused
	... 11 more
2019-10-18 14:30:41,747 [681edbc6-a1fc-42a4-b5ce-4922820de60a@group-FD33B9583E3C-LeaderElection184] INFO  impl.LeaderElection (LogUtils.java:infoOrTrace(149)) -   Exception 1: {}
java.util.concurrent.ExecutionException: org.apache.ratis.thirdparty.io.grpc.StatusRuntimeException: UNAVAILABLE: io exception
	at java.util.concurrent.FutureTask.report(FutureTask.java:122)
	at java.util.concurrent.FutureTask.get(FutureTask.java:192)
	at org.apache.ratis.server.impl.LeaderElection.waitForResults(LeaderElection.java:259)
	at org.apache.ratis.server.impl.LeaderElection.askForVotes(LeaderElection.java:197)
	at org.apache.ratis.server.impl.LeaderElection.run(LeaderElection.java:133)
	at java.lang.Thread.run(Thread.java:748)
Caused by: org.apache.ratis.thirdparty.io.grpc.StatusRuntimeException: UNAVAILABLE: io exception
	at org.apache.ratis.thirdparty.io.grpc.stub.ClientCalls.toStatusRuntimeException(ClientCalls.java:233)
	at org.apache.ratis.thirdparty.io.grpc.stub.ClientCalls.getUnchecked(ClientCalls.java:214)
	at org.apache.ratis.thirdparty.io.grpc.stub.ClientCalls.blockingUnaryCall(ClientCalls.java:139)
	at org.apache.ratis.proto.grpc.RaftServerProtocolServiceGrpc$RaftServerProtocolServiceBlockingStub.requestVote(RaftServerProtocolServiceGrpc.java:265)
	at org.apache.ratis.grpc.server.GrpcServerProtocolClient.requestVote(GrpcServerProtocolClient.java:99)
	at org.apache.ratis.grpc.server.GrpcService.requestVote(GrpcService.java:204)
	at org.apache.ratis.server.impl.LeaderElection.lambda$submitRequests$1(LeaderElection.java:234)
	at java.util.concurrent.FutureTask.run(FutureTask.java:266)
	at java.util.concurrent.Executors$RunnableAdapter.call(Executors.java:511)
	at java.util.concurrent.FutureTask.run(FutureTask.java:266)
	at java.util.concurrent.ThreadPoolExecutor.runWorker(ThreadPoolExecutor.java:1149)
	at java.util.concurrent.ThreadPoolExecutor$Worker.run(ThreadPoolExecutor.java:624)
	... 1 more
Caused by: org.apache.ratis.thirdparty.io.netty.channel.AbstractChannel$AnnotatedConnectException: Connection refused: /192.168.164.233:38729
	at sun.nio.ch.SocketChannelImpl.checkConnect(Native Method)
	at sun.nio.ch.SocketChannelImpl.finishConnect(SocketChannelImpl.java:717)
	at org.apache.ratis.thirdparty.io.netty.channel.socket.nio.NioSocketChannel.doFinishConnect(NioSocketChannel.java:327)
	at org.apache.ratis.thirdparty.io.netty.channel.nio.AbstractNioChannel$AbstractNioUnsafe.finishConnect(AbstractNioChannel.java:340)
	at org.apache.ratis.thirdparty.io.netty.channel.nio.NioEventLoop.processSelectedKey(NioEventLoop.java:632)
	at org.apache.ratis.thirdparty.io.netty.channel.nio.NioEventLoop.processSelectedKeysOptimized(NioEventLoop.java:579)
	at org.apache.ratis.thirdparty.io.netty.channel.nio.NioEventLoop.processSelectedKeys(NioEventLoop.java:496)
	at org.apache.ratis.thirdparty.io.netty.channel.nio.NioEventLoop.run(NioEventLoop.java:458)
	at org.apache.ratis.thirdparty.io.netty.util.concurrent.SingleThreadEventExecutor$5.run(SingleThreadEventExecutor.java:897)
	at org.apache.ratis.thirdparty.io.netty.util.concurrent.FastThreadLocalRunnable.run(FastThreadLocalRunnable.java:30)
	... 1 more
Caused by: java.net.ConnectException: Connection refused
	... 11 more
2019-10-18 14:30:41,748 [681edbc6-a1fc-42a4-b5ce-4922820de60a@group-FD33B9583E3C-LeaderElection184] INFO  impl.RaftServerImpl (RaftServerImpl.java:setRole(184)) - 681edbc6-a1fc-42a4-b5ce-4922820de60a@group-FD33B9583E3C: changes role from CANDIDATE to FOLLOWER at term 185 for DISCOVERED_A_NEW_TERM
2019-10-18 14:30:41,748 [681edbc6-a1fc-42a4-b5ce-4922820de60a@group-FD33B9583E3C-LeaderElection184] INFO  impl.RoleInfo (RoleInfo.java:shutdownLeaderElection(134)) - 681edbc6-a1fc-42a4-b5ce-4922820de60a: shutdown LeaderElection
2019-10-18 14:30:41,749 [681edbc6-a1fc-42a4-b5ce-4922820de60a@group-FD33B9583E3C-LeaderElection184] INFO  impl.RoleInfo (RoleInfo.java:updateAndGet(143)) - 681edbc6-a1fc-42a4-b5ce-4922820de60a: start FollowerState
2019-10-18 14:30:41,817 [Thread-1702] INFO  impl.FollowerState (FollowerState.java:run(108)) - 681edbc6-a1fc-42a4-b5ce-4922820de60a@group-FD33B9583E3C-FollowerState: change to CANDIDATE, lastRpcTime:68ms, electionTimeout:68ms
2019-10-18 14:30:41,817 [Thread-1702] INFO  impl.RoleInfo (RoleInfo.java:shutdownFollowerState(121)) - 681edbc6-a1fc-42a4-b5ce-4922820de60a: shutdown FollowerState
2019-10-18 14:30:41,817 [Thread-1702] INFO  impl.RaftServerImpl (RaftServerImpl.java:setRole(184)) - 681edbc6-a1fc-42a4-b5ce-4922820de60a@group-FD33B9583E3C: changes role from  FOLLOWER to CANDIDATE at term 185 for changeToCandidate
2019-10-18 14:30:41,817 [Thread-1702] INFO  impl.RoleInfo (RoleInfo.java:updateAndGet(143)) - 681edbc6-a1fc-42a4-b5ce-4922820de60a: start LeaderElection
2019-10-18 14:30:41,821 [681edbc6-a1fc-42a4-b5ce-4922820de60a@group-FD33B9583E3C-LeaderElection185] INFO  impl.LeaderElection (LeaderElection.java:askForVotes(178)) - 681edbc6-a1fc-42a4-b5ce-4922820de60a@group-FD33B9583E3C-LeaderElection185: begin an election at term 186 for -1: [3ee7b367-7b16-44e1-99f8-43aefeda0876:192.168.164.233:46080, 681edbc6-a1fc-42a4-b5ce-4922820de60a:192.168.164.233:44267, 773cce60-eeca-4c1f-a5ec-70084be8b6b9:192.168.164.233:38729], old=null
2019-10-18 14:30:41,822 [681edbc6-a1fc-42a4-b5ce-4922820de60a@group-FD33B9583E3C-LeaderElection185] INFO  impl.LeaderElection (LogUtils.java:infoOrTrace(149)) - 681edbc6-a1fc-42a4-b5ce-4922820de60a@group-FD33B9583E3C-LeaderElection185 got exception when requesting votes: {}
java.util.concurrent.ExecutionException: org.apache.ratis.thirdparty.io.grpc.StatusRuntimeException: UNAVAILABLE: io exception
	at java.util.concurrent.FutureTask.report(FutureTask.java:122)
	at java.util.concurrent.FutureTask.get(FutureTask.java:192)
	at org.apache.ratis.server.impl.LeaderElection.waitForResults(LeaderElection.java:259)
	at org.apache.ratis.server.impl.LeaderElection.askForVotes(LeaderElection.java:197)
	at org.apache.ratis.server.impl.LeaderElection.run(LeaderElection.java:133)
	at java.lang.Thread.run(Thread.java:748)
Caused by: org.apache.ratis.thirdparty.io.grpc.StatusRuntimeException: UNAVAILABLE: io exception
	at org.apache.ratis.thirdparty.io.grpc.stub.ClientCalls.toStatusRuntimeException(ClientCalls.java:233)
	at org.apache.ratis.thirdparty.io.grpc.stub.ClientCalls.getUnchecked(ClientCalls.java:214)
	at org.apache.ratis.thirdparty.io.grpc.stub.ClientCalls.blockingUnaryCall(ClientCalls.java:139)
	at org.apache.ratis.proto.grpc.RaftServerProtocolServiceGrpc$RaftServerProtocolServiceBlockingStub.requestVote(RaftServerProtocolServiceGrpc.java:265)
	at org.apache.ratis.grpc.server.GrpcServerProtocolClient.requestVote(GrpcServerProtocolClient.java:99)
	at org.apache.ratis.grpc.server.GrpcService.requestVote(GrpcService.java:204)
	at org.apache.ratis.server.impl.LeaderElection.lambda$submitRequests$1(LeaderElection.java:234)
	at java.util.concurrent.FutureTask.run(FutureTask.java:266)
	at java.util.concurrent.Executors$RunnableAdapter.call(Executors.java:511)
	at java.util.concurrent.FutureTask.run(FutureTask.java:266)
	at java.util.concurrent.ThreadPoolExecutor.runWorker(ThreadPoolExecutor.java:1149)
	at java.util.concurrent.ThreadPoolExecutor$Worker.run(ThreadPoolExecutor.java:624)
	... 1 more
Caused by: org.apache.ratis.thirdparty.io.netty.channel.AbstractChannel$AnnotatedConnectException: Connection refused: /192.168.164.233:46080
	at sun.nio.ch.SocketChannelImpl.checkConnect(Native Method)
	at sun.nio.ch.SocketChannelImpl.finishConnect(SocketChannelImpl.java:717)
	at org.apache.ratis.thirdparty.io.netty.channel.socket.nio.NioSocketChannel.doFinishConnect(NioSocketChannel.java:327)
	at org.apache.ratis.thirdparty.io.netty.channel.nio.AbstractNioChannel$AbstractNioUnsafe.finishConnect(AbstractNioChannel.java:340)
	at org.apache.ratis.thirdparty.io.netty.channel.nio.NioEventLoop.processSelectedKey(NioEventLoop.java:632)
	at org.apache.ratis.thirdparty.io.netty.channel.nio.NioEventLoop.processSelectedKeysOptimized(NioEventLoop.java:579)
	at org.apache.ratis.thirdparty.io.netty.channel.nio.NioEventLoop.processSelectedKeys(NioEventLoop.java:496)
	at org.apache.ratis.thirdparty.io.netty.channel.nio.NioEventLoop.run(NioEventLoop.java:458)
	at org.apache.ratis.thirdparty.io.netty.util.concurrent.SingleThreadEventExecutor$5.run(SingleThreadEventExecutor.java:897)
	at org.apache.ratis.thirdparty.io.netty.util.concurrent.FastThreadLocalRunnable.run(FastThreadLocalRunnable.java:30)
	... 1 more
Caused by: java.net.ConnectException: Connection refused
	... 11 more
2019-10-18 14:30:41,829 [681edbc6-a1fc-42a4-b5ce-4922820de60a@group-FD33B9583E3C-LeaderElection185] INFO  impl.LeaderElection (LogUtils.java:infoOrTrace(149)) - 681edbc6-a1fc-42a4-b5ce-4922820de60a@group-FD33B9583E3C-LeaderElection185 got exception when requesting votes: {}
java.util.concurrent.ExecutionException: org.apache.ratis.thirdparty.io.grpc.StatusRuntimeException: UNAVAILABLE: io exception
	at java.util.concurrent.FutureTask.report(FutureTask.java:122)
	at java.util.concurrent.FutureTask.get(FutureTask.java:192)
	at org.apache.ratis.server.impl.LeaderElection.waitForResults(LeaderElection.java:259)
	at org.apache.ratis.server.impl.LeaderElection.askForVotes(LeaderElection.java:197)
	at org.apache.ratis.server.impl.LeaderElection.run(LeaderElection.java:133)
	at java.lang.Thread.run(Thread.java:748)
Caused by: org.apache.ratis.thirdparty.io.grpc.StatusRuntimeException: UNAVAILABLE: io exception
	at org.apache.ratis.thirdparty.io.grpc.stub.ClientCalls.toStatusRuntimeException(ClientCalls.java:233)
	at org.apache.ratis.thirdparty.io.grpc.stub.ClientCalls.getUnchecked(ClientCalls.java:214)
	at org.apache.ratis.thirdparty.io.grpc.stub.ClientCalls.blockingUnaryCall(ClientCalls.java:139)
	at org.apache.ratis.proto.grpc.RaftServerProtocolServiceGrpc$RaftServerProtocolServiceBlockingStub.requestVote(RaftServerProtocolServiceGrpc.java:265)
	at org.apache.ratis.grpc.server.GrpcServerProtocolClient.requestVote(GrpcServerProtocolClient.java:99)
	at org.apache.ratis.grpc.server.GrpcService.requestVote(GrpcService.java:204)
	at org.apache.ratis.server.impl.LeaderElection.lambda$submitRequests$1(LeaderElection.java:234)
	at java.util.concurrent.FutureTask.run(FutureTask.java:266)
	at java.util.concurrent.Executors$RunnableAdapter.call(Executors.java:511)
	at java.util.concurrent.FutureTask.run(FutureTask.java:266)
	at java.util.concurrent.ThreadPoolExecutor.runWorker(ThreadPoolExecutor.java:1149)
	at java.util.concurrent.ThreadPoolExecutor$Worker.run(ThreadPoolExecutor.java:624)
	... 1 more
Caused by: org.apache.ratis.thirdparty.io.netty.channel.AbstractChannel$AnnotatedConnectException: Connection refused: /192.168.164.233:38729
	at sun.nio.ch.SocketChannelImpl.checkConnect(Native Method)
	at sun.nio.ch.SocketChannelImpl.finishConnect(SocketChannelImpl.java:717)
	at org.apache.ratis.thirdparty.io.netty.channel.socket.nio.NioSocketChannel.doFinishConnect(NioSocketChannel.java:327)
	at org.apache.ratis.thirdparty.io.netty.channel.nio.AbstractNioChannel$AbstractNioUnsafe.finishConnect(AbstractNioChannel.java:340)
	at org.apache.ratis.thirdparty.io.netty.channel.nio.NioEventLoop.processSelectedKey(NioEventLoop.java:632)
	at org.apache.ratis.thirdparty.io.netty.channel.nio.NioEventLoop.processSelectedKeysOptimized(NioEventLoop.java:579)
	at org.apache.ratis.thirdparty.io.netty.channel.nio.NioEventLoop.processSelectedKeys(NioEventLoop.java:496)
	at org.apache.ratis.thirdparty.io.netty.channel.nio.NioEventLoop.run(NioEventLoop.java:458)
	at org.apache.ratis.thirdparty.io.netty.util.concurrent.SingleThreadEventExecutor$5.run(SingleThreadEventExecutor.java:897)
	at org.apache.ratis.thirdparty.io.netty.util.concurrent.FastThreadLocalRunnable.run(FastThreadLocalRunnable.java:30)
	... 1 more
Caused by: java.net.ConnectException: Connection refused
	... 11 more
2019-10-18 14:30:41,830 [681edbc6-a1fc-42a4-b5ce-4922820de60a@group-FD33B9583E3C-LeaderElection185] INFO  impl.LeaderElection (LeaderElection.java:logAndReturn(56)) - 681edbc6-a1fc-42a4-b5ce-4922820de60a@group-FD33B9583E3C-LeaderElection185: Election REJECTED; received 0 response(s) [] and 2 exception(s); 681edbc6-a1fc-42a4-b5ce-4922820de60a@group-FD33B9583E3C:t186, leader=null, voted=681edbc6-a1fc-42a4-b5ce-4922820de60a, raftlog=681edbc6-a1fc-42a4-b5ce-4922820de60a@group-FD33B9583E3C-SegmentedRaftLog:OPENED:c-1,f-1,i0, conf=-1: [3ee7b367-7b16-44e1-99f8-43aefeda0876:192.168.164.233:46080, 681edbc6-a1fc-42a4-b5ce-4922820de60a:192.168.164.233:44267, 773cce60-eeca-4c1f-a5ec-70084be8b6b9:192.168.164.233:38729], old=null
2019-10-18 14:30:41,830 [681edbc6-a1fc-42a4-b5ce-4922820de60a@group-FD33B9583E3C-LeaderElection185] INFO  impl.LeaderElection (LogUtils.java:infoOrTrace(149)) -   Exception 0: {}
java.util.concurrent.ExecutionException: org.apache.ratis.thirdparty.io.grpc.StatusRuntimeException: UNAVAILABLE: io exception
	at java.util.concurrent.FutureTask.report(FutureTask.java:122)
	at java.util.concurrent.FutureTask.get(FutureTask.java:192)
	at org.apache.ratis.server.impl.LeaderElection.waitForResults(LeaderElection.java:259)
	at org.apache.ratis.server.impl.LeaderElection.askForVotes(LeaderElection.java:197)
	at org.apache.ratis.server.impl.LeaderElection.run(LeaderElection.java:133)
	at java.lang.Thread.run(Thread.java:748)
Caused by: org.apache.ratis.thirdparty.io.grpc.StatusRuntimeException: UNAVAILABLE: io exception
	at org.apache.ratis.thirdparty.io.grpc.stub.ClientCalls.toStatusRuntimeException(ClientCalls.java:233)
	at org.apache.ratis.thirdparty.io.grpc.stub.ClientCalls.getUnchecked(ClientCalls.java:214)
	at org.apache.ratis.thirdparty.io.grpc.stub.ClientCalls.blockingUnaryCall(ClientCalls.java:139)
	at org.apache.ratis.proto.grpc.RaftServerProtocolServiceGrpc$RaftServerProtocolServiceBlockingStub.requestVote(RaftServerProtocolServiceGrpc.java:265)
	at org.apache.ratis.grpc.server.GrpcServerProtocolClient.requestVote(GrpcServerProtocolClient.java:99)
	at org.apache.ratis.grpc.server.GrpcService.requestVote(GrpcService.java:204)
	at org.apache.ratis.server.impl.LeaderElection.lambda$submitRequests$1(LeaderElection.java:234)
	at java.util.concurrent.FutureTask.run(FutureTask.java:266)
	at java.util.concurrent.Executors$RunnableAdapter.call(Executors.java:511)
	at java.util.concurrent.FutureTask.run(FutureTask.java:266)
	at java.util.concurrent.ThreadPoolExecutor.runWorker(ThreadPoolExecutor.java:1149)
	at java.util.concurrent.ThreadPoolExecutor$Worker.run(ThreadPoolExecutor.java:624)
	... 1 more
Caused by: org.apache.ratis.thirdparty.io.netty.channel.AbstractChannel$AnnotatedConnectException: Connection refused: /192.168.164.233:46080
	at sun.nio.ch.SocketChannelImpl.checkConnect(Native Method)
	at sun.nio.ch.SocketChannelImpl.finishConnect(SocketChannelImpl.java:717)
	at org.apache.ratis.thirdparty.io.netty.channel.socket.nio.NioSocketChannel.doFinishConnect(NioSocketChannel.java:327)
	at org.apache.ratis.thirdparty.io.netty.channel.nio.AbstractNioChannel$AbstractNioUnsafe.finishConnect(AbstractNioChannel.java:340)
	at org.apache.ratis.thirdparty.io.netty.channel.nio.NioEventLoop.processSelectedKey(NioEventLoop.java:632)
	at org.apache.ratis.thirdparty.io.netty.channel.nio.NioEventLoop.processSelectedKeysOptimized(NioEventLoop.java:579)
	at org.apache.ratis.thirdparty.io.netty.channel.nio.NioEventLoop.processSelectedKeys(NioEventLoop.java:496)
	at org.apache.ratis.thirdparty.io.netty.channel.nio.NioEventLoop.run(NioEventLoop.java:458)
	at org.apache.ratis.thirdparty.io.netty.util.concurrent.SingleThreadEventExecutor$5.run(SingleThreadEventExecutor.java:897)
	at org.apache.ratis.thirdparty.io.netty.util.concurrent.FastThreadLocalRunnable.run(FastThreadLocalRunnable.java:30)
	... 1 more
Caused by: java.net.ConnectException: Connection refused
	... 11 more
2019-10-18 14:30:41,830 [681edbc6-a1fc-42a4-b5ce-4922820de60a@group-FD33B9583E3C-LeaderElection185] INFO  impl.LeaderElection (LogUtils.java:infoOrTrace(149)) -   Exception 1: {}
java.util.concurrent.ExecutionException: org.apache.ratis.thirdparty.io.grpc.StatusRuntimeException: UNAVAILABLE: io exception
	at java.util.concurrent.FutureTask.report(FutureTask.java:122)
	at java.util.concurrent.FutureTask.get(FutureTask.java:192)
	at org.apache.ratis.server.impl.LeaderElection.waitForResults(LeaderElection.java:259)
	at org.apache.ratis.server.impl.LeaderElection.askForVotes(LeaderElection.java:197)
	at org.apache.ratis.server.impl.LeaderElection.run(LeaderElection.java:133)
	at java.lang.Thread.run(Thread.java:748)
Caused by: org.apache.ratis.thirdparty.io.grpc.StatusRuntimeException: UNAVAILABLE: io exception
	at org.apache.ratis.thirdparty.io.grpc.stub.ClientCalls.toStatusRuntimeException(ClientCalls.java:233)
	at org.apache.ratis.thirdparty.io.grpc.stub.ClientCalls.getUnchecked(ClientCalls.java:214)
	at org.apache.ratis.thirdparty.io.grpc.stub.ClientCalls.blockingUnaryCall(ClientCalls.java:139)
	at org.apache.ratis.proto.grpc.RaftServerProtocolServiceGrpc$RaftServerProtocolServiceBlockingStub.requestVote(RaftServerProtocolServiceGrpc.java:265)
	at org.apache.ratis.grpc.server.GrpcServerProtocolClient.requestVote(GrpcServerProtocolClient.java:99)
	at org.apache.ratis.grpc.server.GrpcService.requestVote(GrpcService.java:204)
	at org.apache.ratis.server.impl.LeaderElection.lambda$submitRequests$1(LeaderElection.java:234)
	at java.util.concurrent.FutureTask.run(FutureTask.java:266)
	at java.util.concurrent.Executors$RunnableAdapter.call(Executors.java:511)
	at java.util.concurrent.FutureTask.run(FutureTask.java:266)
	at java.util.concurrent.ThreadPoolExecutor.runWorker(ThreadPoolExecutor.java:1149)
	at java.util.concurrent.ThreadPoolExecutor$Worker.run(ThreadPoolExecutor.java:624)
	... 1 more
Caused by: org.apache.ratis.thirdparty.io.netty.channel.AbstractChannel$AnnotatedConnectException: Connection refused: /192.168.164.233:38729
	at sun.nio.ch.SocketChannelImpl.checkConnect(Native Method)
	at sun.nio.ch.SocketChannelImpl.finishConnect(SocketChannelImpl.java:717)
	at org.apache.ratis.thirdparty.io.netty.channel.socket.nio.NioSocketChannel.doFinishConnect(NioSocketChannel.java:327)
	at org.apache.ratis.thirdparty.io.netty.channel.nio.AbstractNioChannel$AbstractNioUnsafe.finishConnect(AbstractNioChannel.java:340)
	at org.apache.ratis.thirdparty.io.netty.channel.nio.NioEventLoop.processSelectedKey(NioEventLoop.java:632)
	at org.apache.ratis.thirdparty.io.netty.channel.nio.NioEventLoop.processSelectedKeysOptimized(NioEventLoop.java:579)
	at org.apache.ratis.thirdparty.io.netty.channel.nio.NioEventLoop.processSelectedKeys(NioEventLoop.java:496)
	at org.apache.ratis.thirdparty.io.netty.channel.nio.NioEventLoop.run(NioEventLoop.java:458)
	at org.apache.ratis.thirdparty.io.netty.util.concurrent.SingleThreadEventExecutor$5.run(SingleThreadEventExecutor.java:897)
	at org.apache.ratis.thirdparty.io.netty.util.concurrent.FastThreadLocalRunnable.run(FastThreadLocalRunnable.java:30)
	... 1 more
Caused by: java.net.ConnectException: Connection refused
	... 11 more
2019-10-18 14:30:41,831 [681edbc6-a1fc-42a4-b5ce-4922820de60a@group-FD33B9583E3C-LeaderElection185] INFO  impl.RaftServerImpl (RaftServerImpl.java:setRole(184)) - 681edbc6-a1fc-42a4-b5ce-4922820de60a@group-FD33B9583E3C: changes role from CANDIDATE to FOLLOWER at term 186 for DISCOVERED_A_NEW_TERM
2019-10-18 14:30:41,831 [681edbc6-a1fc-42a4-b5ce-4922820de60a@group-FD33B9583E3C-LeaderElection185] INFO  impl.RoleInfo (RoleInfo.java:shutdownLeaderElection(134)) - 681edbc6-a1fc-42a4-b5ce-4922820de60a: shutdown LeaderElection
2019-10-18 14:30:41,831 [681edbc6-a1fc-42a4-b5ce-4922820de60a@group-FD33B9583E3C-LeaderElection185] INFO  impl.RoleInfo (RoleInfo.java:updateAndGet(143)) - 681edbc6-a1fc-42a4-b5ce-4922820de60a: start FollowerState
2019-10-18 14:30:41,898 [Thread-1706] INFO  impl.FollowerState (FollowerState.java:run(108)) - 681edbc6-a1fc-42a4-b5ce-4922820de60a@group-FD33B9583E3C-FollowerState: change to CANDIDATE, lastRpcTime:67ms, electionTimeout:67ms
2019-10-18 14:30:41,899 [Thread-1706] INFO  impl.RoleInfo (RoleInfo.java:shutdownFollowerState(121)) - 681edbc6-a1fc-42a4-b5ce-4922820de60a: shutdown FollowerState
2019-10-18 14:30:41,899 [Thread-1706] INFO  impl.RaftServerImpl (RaftServerImpl.java:setRole(184)) - 681edbc6-a1fc-42a4-b5ce-4922820de60a@group-FD33B9583E3C: changes role from  FOLLOWER to CANDIDATE at term 186 for changeToCandidate
2019-10-18 14:30:41,899 [Thread-1706] INFO  impl.RoleInfo (RoleInfo.java:updateAndGet(143)) - 681edbc6-a1fc-42a4-b5ce-4922820de60a: start LeaderElection
2019-10-18 14:30:41,913 [681edbc6-a1fc-42a4-b5ce-4922820de60a@group-FD33B9583E3C-LeaderElection186] INFO  impl.LeaderElection (LeaderElection.java:askForVotes(178)) - 681edbc6-a1fc-42a4-b5ce-4922820de60a@group-FD33B9583E3C-LeaderElection186: begin an election at term 187 for -1: [3ee7b367-7b16-44e1-99f8-43aefeda0876:192.168.164.233:46080, 681edbc6-a1fc-42a4-b5ce-4922820de60a:192.168.164.233:44267, 773cce60-eeca-4c1f-a5ec-70084be8b6b9:192.168.164.233:38729], old=null
2019-10-18 14:30:41,914 [681edbc6-a1fc-42a4-b5ce-4922820de60a@group-FD33B9583E3C-LeaderElection186] INFO  impl.LeaderElection (LogUtils.java:infoOrTrace(149)) - 681edbc6-a1fc-42a4-b5ce-4922820de60a@group-FD33B9583E3C-LeaderElection186 got exception when requesting votes: {}
java.util.concurrent.ExecutionException: org.apache.ratis.thirdparty.io.grpc.StatusRuntimeException: UNAVAILABLE: io exception
	at java.util.concurrent.FutureTask.report(FutureTask.java:122)
	at java.util.concurrent.FutureTask.get(FutureTask.java:192)
	at org.apache.ratis.server.impl.LeaderElection.waitForResults(LeaderElection.java:259)
	at org.apache.ratis.server.impl.LeaderElection.askForVotes(LeaderElection.java:197)
	at org.apache.ratis.server.impl.LeaderElection.run(LeaderElection.java:133)
	at java.lang.Thread.run(Thread.java:748)
Caused by: org.apache.ratis.thirdparty.io.grpc.StatusRuntimeException: UNAVAILABLE: io exception
	at org.apache.ratis.thirdparty.io.grpc.stub.ClientCalls.toStatusRuntimeException(ClientCalls.java:233)
	at org.apache.ratis.thirdparty.io.grpc.stub.ClientCalls.getUnchecked(ClientCalls.java:214)
	at org.apache.ratis.thirdparty.io.grpc.stub.ClientCalls.blockingUnaryCall(ClientCalls.java:139)
	at org.apache.ratis.proto.grpc.RaftServerProtocolServiceGrpc$RaftServerProtocolServiceBlockingStub.requestVote(RaftServerProtocolServiceGrpc.java:265)
	at org.apache.ratis.grpc.server.GrpcServerProtocolClient.requestVote(GrpcServerProtocolClient.java:99)
	at org.apache.ratis.grpc.server.GrpcService.requestVote(GrpcService.java:204)
	at org.apache.ratis.server.impl.LeaderElection.lambda$submitRequests$1(LeaderElection.java:234)
	at java.util.concurrent.FutureTask.run(FutureTask.java:266)
	at java.util.concurrent.Executors$RunnableAdapter.call(Executors.java:511)
	at java.util.concurrent.FutureTask.run(FutureTask.java:266)
	at java.util.concurrent.ThreadPoolExecutor.runWorker(ThreadPoolExecutor.java:1149)
	at java.util.concurrent.ThreadPoolExecutor$Worker.run(ThreadPoolExecutor.java:624)
	... 1 more
Caused by: org.apache.ratis.thirdparty.io.netty.channel.AbstractChannel$AnnotatedConnectException: Connection refused: /192.168.164.233:46080
	at sun.nio.ch.SocketChannelImpl.checkConnect(Native Method)
	at sun.nio.ch.SocketChannelImpl.finishConnect(SocketChannelImpl.java:717)
	at org.apache.ratis.thirdparty.io.netty.channel.socket.nio.NioSocketChannel.doFinishConnect(NioSocketChannel.java:327)
	at org.apache.ratis.thirdparty.io.netty.channel.nio.AbstractNioChannel$AbstractNioUnsafe.finishConnect(AbstractNioChannel.java:340)
	at org.apache.ratis.thirdparty.io.netty.channel.nio.NioEventLoop.processSelectedKey(NioEventLoop.java:632)
	at org.apache.ratis.thirdparty.io.netty.channel.nio.NioEventLoop.processSelectedKeysOptimized(NioEventLoop.java:579)
	at org.apache.ratis.thirdparty.io.netty.channel.nio.NioEventLoop.processSelectedKeys(NioEventLoop.java:496)
	at org.apache.ratis.thirdparty.io.netty.channel.nio.NioEventLoop.run(NioEventLoop.java:458)
	at org.apache.ratis.thirdparty.io.netty.util.concurrent.SingleThreadEventExecutor$5.run(SingleThreadEventExecutor.java:897)
	at org.apache.ratis.thirdparty.io.netty.util.concurrent.FastThreadLocalRunnable.run(FastThreadLocalRunnable.java:30)
	... 1 more
Caused by: java.net.ConnectException: Connection refused
	... 11 more
2019-10-18 14:30:41,920 [681edbc6-a1fc-42a4-b5ce-4922820de60a@group-FD33B9583E3C-LeaderElection186] INFO  impl.LeaderElection (LogUtils.java:infoOrTrace(149)) - 681edbc6-a1fc-42a4-b5ce-4922820de60a@group-FD33B9583E3C-LeaderElection186 got exception when requesting votes: {}
java.util.concurrent.ExecutionException: org.apache.ratis.thirdparty.io.grpc.StatusRuntimeException: UNAVAILABLE: io exception
	at java.util.concurrent.FutureTask.report(FutureTask.java:122)
	at java.util.concurrent.FutureTask.get(FutureTask.java:192)
	at org.apache.ratis.server.impl.LeaderElection.waitForResults(LeaderElection.java:259)
	at org.apache.ratis.server.impl.LeaderElection.askForVotes(LeaderElection.java:197)
	at org.apache.ratis.server.impl.LeaderElection.run(LeaderElection.java:133)
	at java.lang.Thread.run(Thread.java:748)
Caused by: org.apache.ratis.thirdparty.io.grpc.StatusRuntimeException: UNAVAILABLE: io exception
	at org.apache.ratis.thirdparty.io.grpc.stub.ClientCalls.toStatusRuntimeException(ClientCalls.java:233)
	at org.apache.ratis.thirdparty.io.grpc.stub.ClientCalls.getUnchecked(ClientCalls.java:214)
	at org.apache.ratis.thirdparty.io.grpc.stub.ClientCalls.blockingUnaryCall(ClientCalls.java:139)
	at org.apache.ratis.proto.grpc.RaftServerProtocolServiceGrpc$RaftServerProtocolServiceBlockingStub.requestVote(RaftServerProtocolServiceGrpc.java:265)
	at org.apache.ratis.grpc.server.GrpcServerProtocolClient.requestVote(GrpcServerProtocolClient.java:99)
	at org.apache.ratis.grpc.server.GrpcService.requestVote(GrpcService.java:204)
	at org.apache.ratis.server.impl.LeaderElection.lambda$submitRequests$1(LeaderElection.java:234)
	at java.util.concurrent.FutureTask.run(FutureTask.java:266)
	at java.util.concurrent.Executors$RunnableAdapter.call(Executors.java:511)
	at java.util.concurrent.FutureTask.run(FutureTask.java:266)
	at java.util.concurrent.ThreadPoolExecutor.runWorker(ThreadPoolExecutor.java:1149)
	at java.util.concurrent.ThreadPoolExecutor$Worker.run(ThreadPoolExecutor.java:624)
	... 1 more
Caused by: org.apache.ratis.thirdparty.io.netty.channel.AbstractChannel$AnnotatedConnectException: Connection refused: /192.168.164.233:38729
	at sun.nio.ch.SocketChannelImpl.checkConnect(Native Method)
	at sun.nio.ch.SocketChannelImpl.finishConnect(SocketChannelImpl.java:717)
	at org.apache.ratis.thirdparty.io.netty.channel.socket.nio.NioSocketChannel.doFinishConnect(NioSocketChannel.java:327)
	at org.apache.ratis.thirdparty.io.netty.channel.nio.AbstractNioChannel$AbstractNioUnsafe.finishConnect(AbstractNioChannel.java:340)
	at org.apache.ratis.thirdparty.io.netty.channel.nio.NioEventLoop.processSelectedKey(NioEventLoop.java:632)
	at org.apache.ratis.thirdparty.io.netty.channel.nio.NioEventLoop.processSelectedKeysOptimized(NioEventLoop.java:579)
	at org.apache.ratis.thirdparty.io.netty.channel.nio.NioEventLoop.processSelectedKeys(NioEventLoop.java:496)
	at org.apache.ratis.thirdparty.io.netty.channel.nio.NioEventLoop.run(NioEventLoop.java:458)
	at org.apache.ratis.thirdparty.io.netty.util.concurrent.SingleThreadEventExecutor$5.run(SingleThreadEventExecutor.java:897)
	at org.apache.ratis.thirdparty.io.netty.util.concurrent.FastThreadLocalRunnable.run(FastThreadLocalRunnable.java:30)
	... 1 more
Caused by: java.net.ConnectException: Connection refused
	... 11 more
2019-10-18 14:30:41,921 [681edbc6-a1fc-42a4-b5ce-4922820de60a@group-FD33B9583E3C-LeaderElection186] INFO  impl.LeaderElection (LeaderElection.java:logAndReturn(56)) - 681edbc6-a1fc-42a4-b5ce-4922820de60a@group-FD33B9583E3C-LeaderElection186: Election REJECTED; received 0 response(s) [] and 2 exception(s); 681edbc6-a1fc-42a4-b5ce-4922820de60a@group-FD33B9583E3C:t187, leader=null, voted=681edbc6-a1fc-42a4-b5ce-4922820de60a, raftlog=681edbc6-a1fc-42a4-b5ce-4922820de60a@group-FD33B9583E3C-SegmentedRaftLog:OPENED:c-1,f-1,i0, conf=-1: [3ee7b367-7b16-44e1-99f8-43aefeda0876:192.168.164.233:46080, 681edbc6-a1fc-42a4-b5ce-4922820de60a:192.168.164.233:44267, 773cce60-eeca-4c1f-a5ec-70084be8b6b9:192.168.164.233:38729], old=null
2019-10-18 14:30:41,921 [681edbc6-a1fc-42a4-b5ce-4922820de60a@group-FD33B9583E3C-LeaderElection186] INFO  impl.LeaderElection (LogUtils.java:infoOrTrace(149)) -   Exception 0: {}
java.util.concurrent.ExecutionException: org.apache.ratis.thirdparty.io.grpc.StatusRuntimeException: UNAVAILABLE: io exception
	at java.util.concurrent.FutureTask.report(FutureTask.java:122)
	at java.util.concurrent.FutureTask.get(FutureTask.java:192)
	at org.apache.ratis.server.impl.LeaderElection.waitForResults(LeaderElection.java:259)
	at org.apache.ratis.server.impl.LeaderElection.askForVotes(LeaderElection.java:197)
	at org.apache.ratis.server.impl.LeaderElection.run(LeaderElection.java:133)
	at java.lang.Thread.run(Thread.java:748)
Caused by: org.apache.ratis.thirdparty.io.grpc.StatusRuntimeException: UNAVAILABLE: io exception
	at org.apache.ratis.thirdparty.io.grpc.stub.ClientCalls.toStatusRuntimeException(ClientCalls.java:233)
	at org.apache.ratis.thirdparty.io.grpc.stub.ClientCalls.getUnchecked(ClientCalls.java:214)
	at org.apache.ratis.thirdparty.io.grpc.stub.ClientCalls.blockingUnaryCall(ClientCalls.java:139)
	at org.apache.ratis.proto.grpc.RaftServerProtocolServiceGrpc$RaftServerProtocolServiceBlockingStub.requestVote(RaftServerProtocolServiceGrpc.java:265)
	at org.apache.ratis.grpc.server.GrpcServerProtocolClient.requestVote(GrpcServerProtocolClient.java:99)
	at org.apache.ratis.grpc.server.GrpcService.requestVote(GrpcService.java:204)
	at org.apache.ratis.server.impl.LeaderElection.lambda$submitRequests$1(LeaderElection.java:234)
	at java.util.concurrent.FutureTask.run(FutureTask.java:266)
	at java.util.concurrent.Executors$RunnableAdapter.call(Executors.java:511)
	at java.util.concurrent.FutureTask.run(FutureTask.java:266)
	at java.util.concurrent.ThreadPoolExecutor.runWorker(ThreadPoolExecutor.java:1149)
	at java.util.concurrent.ThreadPoolExecutor$Worker.run(ThreadPoolExecutor.java:624)
	... 1 more
Caused by: org.apache.ratis.thirdparty.io.netty.channel.AbstractChannel$AnnotatedConnectException: Connection refused: /192.168.164.233:46080
	at sun.nio.ch.SocketChannelImpl.checkConnect(Native Method)
	at sun.nio.ch.SocketChannelImpl.finishConnect(SocketChannelImpl.java:717)
	at org.apache.ratis.thirdparty.io.netty.channel.socket.nio.NioSocketChannel.doFinishConnect(NioSocketChannel.java:327)
	at org.apache.ratis.thirdparty.io.netty.channel.nio.AbstractNioChannel$AbstractNioUnsafe.finishConnect(AbstractNioChannel.java:340)
	at org.apache.ratis.thirdparty.io.netty.channel.nio.NioEventLoop.processSelectedKey(NioEventLoop.java:632)
	at org.apache.ratis.thirdparty.io.netty.channel.nio.NioEventLoop.processSelectedKeysOptimized(NioEventLoop.java:579)
	at org.apache.ratis.thirdparty.io.netty.channel.nio.NioEventLoop.processSelectedKeys(NioEventLoop.java:496)
	at org.apache.ratis.thirdparty.io.netty.channel.nio.NioEventLoop.run(NioEventLoop.java:458)
	at org.apache.ratis.thirdparty.io.netty.util.concurrent.SingleThreadEventExecutor$5.run(SingleThreadEventExecutor.java:897)
	at org.apache.ratis.thirdparty.io.netty.util.concurrent.FastThreadLocalRunnable.run(FastThreadLocalRunnable.java:30)
	... 1 more
Caused by: java.net.ConnectException: Connection refused
	... 11 more
2019-10-18 14:30:41,922 [681edbc6-a1fc-42a4-b5ce-4922820de60a@group-FD33B9583E3C-LeaderElection186] INFO  impl.LeaderElection (LogUtils.java:infoOrTrace(149)) -   Exception 1: {}
java.util.concurrent.ExecutionException: org.apache.ratis.thirdparty.io.grpc.StatusRuntimeException: UNAVAILABLE: io exception
	at java.util.concurrent.FutureTask.report(FutureTask.java:122)
	at java.util.concurrent.FutureTask.get(FutureTask.java:192)
	at org.apache.ratis.server.impl.LeaderElection.waitForResults(LeaderElection.java:259)
	at org.apache.ratis.server.impl.LeaderElection.askForVotes(LeaderElection.java:197)
	at org.apache.ratis.server.impl.LeaderElection.run(LeaderElection.java:133)
	at java.lang.Thread.run(Thread.java:748)
Caused by: org.apache.ratis.thirdparty.io.grpc.StatusRuntimeException: UNAVAILABLE: io exception
	at org.apache.ratis.thirdparty.io.grpc.stub.ClientCalls.toStatusRuntimeException(ClientCalls.java:233)
	at org.apache.ratis.thirdparty.io.grpc.stub.ClientCalls.getUnchecked(ClientCalls.java:214)
	at org.apache.ratis.thirdparty.io.grpc.stub.ClientCalls.blockingUnaryCall(ClientCalls.java:139)
	at org.apache.ratis.proto.grpc.RaftServerProtocolServiceGrpc$RaftServerProtocolServiceBlockingStub.requestVote(RaftServerProtocolServiceGrpc.java:265)
	at org.apache.ratis.grpc.server.GrpcServerProtocolClient.requestVote(GrpcServerProtocolClient.java:99)
	at org.apache.ratis.grpc.server.GrpcService.requestVote(GrpcService.java:204)
	at org.apache.ratis.server.impl.LeaderElection.lambda$submitRequests$1(LeaderElection.java:234)
	at java.util.concurrent.FutureTask.run(FutureTask.java:266)
	at java.util.concurrent.Executors$RunnableAdapter.call(Executors.java:511)
	at java.util.concurrent.FutureTask.run(FutureTask.java:266)
	at java.util.concurrent.ThreadPoolExecutor.runWorker(ThreadPoolExecutor.java:1149)
	at java.util.concurrent.ThreadPoolExecutor$Worker.run(ThreadPoolExecutor.java:624)
	... 1 more
Caused by: org.apache.ratis.thirdparty.io.netty.channel.AbstractChannel$AnnotatedConnectException: Connection refused: /192.168.164.233:38729
	at sun.nio.ch.SocketChannelImpl.checkConnect(Native Method)
	at sun.nio.ch.SocketChannelImpl.finishConnect(SocketChannelImpl.java:717)
	at org.apache.ratis.thirdparty.io.netty.channel.socket.nio.NioSocketChannel.doFinishConnect(NioSocketChannel.java:327)
	at org.apache.ratis.thirdparty.io.netty.channel.nio.AbstractNioChannel$AbstractNioUnsafe.finishConnect(AbstractNioChannel.java:340)
	at org.apache.ratis.thirdparty.io.netty.channel.nio.NioEventLoop.processSelectedKey(NioEventLoop.java:632)
	at org.apache.ratis.thirdparty.io.netty.channel.nio.NioEventLoop.processSelectedKeysOptimized(NioEventLoop.java:579)
	at org.apache.ratis.thirdparty.io.netty.channel.nio.NioEventLoop.processSelectedKeys(NioEventLoop.java:496)
	at org.apache.ratis.thirdparty.io.netty.channel.nio.NioEventLoop.run(NioEventLoop.java:458)
	at org.apache.ratis.thirdparty.io.netty.util.concurrent.SingleThreadEventExecutor$5.run(SingleThreadEventExecutor.java:897)
	at org.apache.ratis.thirdparty.io.netty.util.concurrent.FastThreadLocalRunnable.run(FastThreadLocalRunnable.java:30)
	... 1 more
Caused by: java.net.ConnectException: Connection refused
	... 11 more
2019-10-18 14:30:41,922 [681edbc6-a1fc-42a4-b5ce-4922820de60a@group-FD33B9583E3C-LeaderElection186] INFO  impl.RaftServerImpl (RaftServerImpl.java:setRole(184)) - 681edbc6-a1fc-42a4-b5ce-4922820de60a@group-FD33B9583E3C: changes role from CANDIDATE to FOLLOWER at term 187 for DISCOVERED_A_NEW_TERM
2019-10-18 14:30:41,922 [681edbc6-a1fc-42a4-b5ce-4922820de60a@group-FD33B9583E3C-LeaderElection186] INFO  impl.RoleInfo (RoleInfo.java:shutdownLeaderElection(134)) - 681edbc6-a1fc-42a4-b5ce-4922820de60a: shutdown LeaderElection
2019-10-18 14:30:41,922 [681edbc6-a1fc-42a4-b5ce-4922820de60a@group-FD33B9583E3C-LeaderElection186] INFO  impl.RoleInfo (RoleInfo.java:updateAndGet(143)) - 681edbc6-a1fc-42a4-b5ce-4922820de60a: start FollowerState
2019-10-18 14:30:41,978 [Thread-1710] INFO  impl.FollowerState (FollowerState.java:run(108)) - 681edbc6-a1fc-42a4-b5ce-4922820de60a@group-FD33B9583E3C-FollowerState: change to CANDIDATE, lastRpcTime:55ms, electionTimeout:55ms
2019-10-18 14:30:41,978 [Thread-1710] INFO  impl.RoleInfo (RoleInfo.java:shutdownFollowerState(121)) - 681edbc6-a1fc-42a4-b5ce-4922820de60a: shutdown FollowerState
2019-10-18 14:30:41,978 [Thread-1710] INFO  impl.RaftServerImpl (RaftServerImpl.java:setRole(184)) - 681edbc6-a1fc-42a4-b5ce-4922820de60a@group-FD33B9583E3C: changes role from  FOLLOWER to CANDIDATE at term 187 for changeToCandidate
2019-10-18 14:30:41,978 [Thread-1710] INFO  impl.RoleInfo (RoleInfo.java:updateAndGet(143)) - 681edbc6-a1fc-42a4-b5ce-4922820de60a: start LeaderElection
2019-10-18 14:30:41,992 [681edbc6-a1fc-42a4-b5ce-4922820de60a@group-FD33B9583E3C-LeaderElection187] INFO  impl.LeaderElection (LeaderElection.java:askForVotes(178)) - 681edbc6-a1fc-42a4-b5ce-4922820de60a@group-FD33B9583E3C-LeaderElection187: begin an election at term 188 for -1: [3ee7b367-7b16-44e1-99f8-43aefeda0876:192.168.164.233:46080, 681edbc6-a1fc-42a4-b5ce-4922820de60a:192.168.164.233:44267, 773cce60-eeca-4c1f-a5ec-70084be8b6b9:192.168.164.233:38729], old=null
2019-10-18 14:30:41,992 [681edbc6-a1fc-42a4-b5ce-4922820de60a@group-FD33B9583E3C-LeaderElection187] INFO  impl.LeaderElection (LogUtils.java:infoOrTrace(149)) - 681edbc6-a1fc-42a4-b5ce-4922820de60a@group-FD33B9583E3C-LeaderElection187 got exception when requesting votes: {}
java.util.concurrent.ExecutionException: org.apache.ratis.thirdparty.io.grpc.StatusRuntimeException: UNAVAILABLE: io exception
	at java.util.concurrent.FutureTask.report(FutureTask.java:122)
	at java.util.concurrent.FutureTask.get(FutureTask.java:192)
	at org.apache.ratis.server.impl.LeaderElection.waitForResults(LeaderElection.java:259)
	at org.apache.ratis.server.impl.LeaderElection.askForVotes(LeaderElection.java:197)
	at org.apache.ratis.server.impl.LeaderElection.run(LeaderElection.java:133)
	at java.lang.Thread.run(Thread.java:748)
Caused by: org.apache.ratis.thirdparty.io.grpc.StatusRuntimeException: UNAVAILABLE: io exception
	at org.apache.ratis.thirdparty.io.grpc.stub.ClientCalls.toStatusRuntimeException(ClientCalls.java:233)
	at org.apache.ratis.thirdparty.io.grpc.stub.ClientCalls.getUnchecked(ClientCalls.java:214)
	at org.apache.ratis.thirdparty.io.grpc.stub.ClientCalls.blockingUnaryCall(ClientCalls.java:139)
	at org.apache.ratis.proto.grpc.RaftServerProtocolServiceGrpc$RaftServerProtocolServiceBlockingStub.requestVote(RaftServerProtocolServiceGrpc.java:265)
	at org.apache.ratis.grpc.server.GrpcServerProtocolClient.requestVote(GrpcServerProtocolClient.java:99)
	at org.apache.ratis.grpc.server.GrpcService.requestVote(GrpcService.java:204)
	at org.apache.ratis.server.impl.LeaderElection.lambda$submitRequests$1(LeaderElection.java:234)
	at java.util.concurrent.FutureTask.run(FutureTask.java:266)
	at java.util.concurrent.Executors$RunnableAdapter.call(Executors.java:511)
	at java.util.concurrent.FutureTask.run(FutureTask.java:266)
	at java.util.concurrent.ThreadPoolExecutor.runWorker(ThreadPoolExecutor.java:1149)
	at java.util.concurrent.ThreadPoolExecutor$Worker.run(ThreadPoolExecutor.java:624)
	... 1 more
Caused by: org.apache.ratis.thirdparty.io.netty.channel.AbstractChannel$AnnotatedConnectException: Connection refused: /192.168.164.233:46080
	at sun.nio.ch.SocketChannelImpl.checkConnect(Native Method)
	at sun.nio.ch.SocketChannelImpl.finishConnect(SocketChannelImpl.java:717)
	at org.apache.ratis.thirdparty.io.netty.channel.socket.nio.NioSocketChannel.doFinishConnect(NioSocketChannel.java:327)
	at org.apache.ratis.thirdparty.io.netty.channel.nio.AbstractNioChannel$AbstractNioUnsafe.finishConnect(AbstractNioChannel.java:340)
	at org.apache.ratis.thirdparty.io.netty.channel.nio.NioEventLoop.processSelectedKey(NioEventLoop.java:632)
	at org.apache.ratis.thirdparty.io.netty.channel.nio.NioEventLoop.processSelectedKeysOptimized(NioEventLoop.java:579)
	at org.apache.ratis.thirdparty.io.netty.channel.nio.NioEventLoop.processSelectedKeys(NioEventLoop.java:496)
	at org.apache.ratis.thirdparty.io.netty.channel.nio.NioEventLoop.run(NioEventLoop.java:458)
	at org.apache.ratis.thirdparty.io.netty.util.concurrent.SingleThreadEventExecutor$5.run(SingleThreadEventExecutor.java:897)
	at org.apache.ratis.thirdparty.io.netty.util.concurrent.FastThreadLocalRunnable.run(FastThreadLocalRunnable.java:30)
	... 1 more
Caused by: java.net.ConnectException: Connection refused
	... 11 more
2019-10-18 14:30:41,993 [681edbc6-a1fc-42a4-b5ce-4922820de60a@group-FD33B9583E3C-LeaderElection187] INFO  impl.LeaderElection (LogUtils.java:infoOrTrace(149)) - 681edbc6-a1fc-42a4-b5ce-4922820de60a@group-FD33B9583E3C-LeaderElection187 got exception when requesting votes: {}
java.util.concurrent.ExecutionException: org.apache.ratis.thirdparty.io.grpc.StatusRuntimeException: UNAVAILABLE: io exception
	at java.util.concurrent.FutureTask.report(FutureTask.java:122)
	at java.util.concurrent.FutureTask.get(FutureTask.java:192)
	at org.apache.ratis.server.impl.LeaderElection.waitForResults(LeaderElection.java:259)
	at org.apache.ratis.server.impl.LeaderElection.askForVotes(LeaderElection.java:197)
	at org.apache.ratis.server.impl.LeaderElection.run(LeaderElection.java:133)
	at java.lang.Thread.run(Thread.java:748)
Caused by: org.apache.ratis.thirdparty.io.grpc.StatusRuntimeException: UNAVAILABLE: io exception
	at org.apache.ratis.thirdparty.io.grpc.stub.ClientCalls.toStatusRuntimeException(ClientCalls.java:233)
	at org.apache.ratis.thirdparty.io.grpc.stub.ClientCalls.getUnchecked(ClientCalls.java:214)
	at org.apache.ratis.thirdparty.io.grpc.stub.ClientCalls.blockingUnaryCall(ClientCalls.java:139)
	at org.apache.ratis.proto.grpc.RaftServerProtocolServiceGrpc$RaftServerProtocolServiceBlockingStub.requestVote(RaftServerProtocolServiceGrpc.java:265)
	at org.apache.ratis.grpc.server.GrpcServerProtocolClient.requestVote(GrpcServerProtocolClient.java:99)
	at org.apache.ratis.grpc.server.GrpcService.requestVote(GrpcService.java:204)
	at org.apache.ratis.server.impl.LeaderElection.lambda$submitRequests$1(LeaderElection.java:234)
	at java.util.concurrent.FutureTask.run(FutureTask.java:266)
	at java.util.concurrent.Executors$RunnableAdapter.call(Executors.java:511)
	at java.util.concurrent.FutureTask.run(FutureTask.java:266)
	at java.util.concurrent.ThreadPoolExecutor.runWorker(ThreadPoolExecutor.java:1149)
	at java.util.concurrent.ThreadPoolExecutor$Worker.run(ThreadPoolExecutor.java:624)
	... 1 more
Caused by: org.apache.ratis.thirdparty.io.netty.channel.AbstractChannel$AnnotatedConnectException: Connection refused: /192.168.164.233:38729
	at sun.nio.ch.SocketChannelImpl.checkConnect(Native Method)
	at sun.nio.ch.SocketChannelImpl.finishConnect(SocketChannelImpl.java:717)
	at org.apache.ratis.thirdparty.io.netty.channel.socket.nio.NioSocketChannel.doFinishConnect(NioSocketChannel.java:327)
	at org.apache.ratis.thirdparty.io.netty.channel.nio.AbstractNioChannel$AbstractNioUnsafe.finishConnect(AbstractNioChannel.java:340)
	at org.apache.ratis.thirdparty.io.netty.channel.nio.NioEventLoop.processSelectedKey(NioEventLoop.java:632)
	at org.apache.ratis.thirdparty.io.netty.channel.nio.NioEventLoop.processSelectedKeysOptimized(NioEventLoop.java:579)
	at org.apache.ratis.thirdparty.io.netty.channel.nio.NioEventLoop.processSelectedKeys(NioEventLoop.java:496)
	at org.apache.ratis.thirdparty.io.netty.channel.nio.NioEventLoop.run(NioEventLoop.java:458)
	at org.apache.ratis.thirdparty.io.netty.util.concurrent.SingleThreadEventExecutor$5.run(SingleThreadEventExecutor.java:897)
	at org.apache.ratis.thirdparty.io.netty.util.concurrent.FastThreadLocalRunnable.run(FastThreadLocalRunnable.java:30)
	... 1 more
Caused by: java.net.ConnectException: Connection refused
	... 11 more
2019-10-18 14:30:41,993 [681edbc6-a1fc-42a4-b5ce-4922820de60a@group-FD33B9583E3C-LeaderElection187] INFO  impl.LeaderElection (LeaderElection.java:logAndReturn(56)) - 681edbc6-a1fc-42a4-b5ce-4922820de60a@group-FD33B9583E3C-LeaderElection187: Election REJECTED; received 0 response(s) [] and 2 exception(s); 681edbc6-a1fc-42a4-b5ce-4922820de60a@group-FD33B9583E3C:t188, leader=null, voted=681edbc6-a1fc-42a4-b5ce-4922820de60a, raftlog=681edbc6-a1fc-42a4-b5ce-4922820de60a@group-FD33B9583E3C-SegmentedRaftLog:OPENED:c-1,f-1,i0, conf=-1: [3ee7b367-7b16-44e1-99f8-43aefeda0876:192.168.164.233:46080, 681edbc6-a1fc-42a4-b5ce-4922820de60a:192.168.164.233:44267, 773cce60-eeca-4c1f-a5ec-70084be8b6b9:192.168.164.233:38729], old=null
2019-10-18 14:30:41,993 [681edbc6-a1fc-42a4-b5ce-4922820de60a@group-FD33B9583E3C-LeaderElection187] INFO  impl.LeaderElection (LogUtils.java:infoOrTrace(149)) -   Exception 0: {}
java.util.concurrent.ExecutionException: org.apache.ratis.thirdparty.io.grpc.StatusRuntimeException: UNAVAILABLE: io exception
	at java.util.concurrent.FutureTask.report(FutureTask.java:122)
	at java.util.concurrent.FutureTask.get(FutureTask.java:192)
	at org.apache.ratis.server.impl.LeaderElection.waitForResults(LeaderElection.java:259)
	at org.apache.ratis.server.impl.LeaderElection.askForVotes(LeaderElection.java:197)
	at org.apache.ratis.server.impl.LeaderElection.run(LeaderElection.java:133)
	at java.lang.Thread.run(Thread.java:748)
Caused by: org.apache.ratis.thirdparty.io.grpc.StatusRuntimeException: UNAVAILABLE: io exception
	at org.apache.ratis.thirdparty.io.grpc.stub.ClientCalls.toStatusRuntimeException(ClientCalls.java:233)
	at org.apache.ratis.thirdparty.io.grpc.stub.ClientCalls.getUnchecked(ClientCalls.java:214)
	at org.apache.ratis.thirdparty.io.grpc.stub.ClientCalls.blockingUnaryCall(ClientCalls.java:139)
	at org.apache.ratis.proto.grpc.RaftServerProtocolServiceGrpc$RaftServerProtocolServiceBlockingStub.requestVote(RaftServerProtocolServiceGrpc.java:265)
	at org.apache.ratis.grpc.server.GrpcServerProtocolClient.requestVote(GrpcServerProtocolClient.java:99)
	at org.apache.ratis.grpc.server.GrpcService.requestVote(GrpcService.java:204)
	at org.apache.ratis.server.impl.LeaderElection.lambda$submitRequests$1(LeaderElection.java:234)
	at java.util.concurrent.FutureTask.run(FutureTask.java:266)
	at java.util.concurrent.Executors$RunnableAdapter.call(Executors.java:511)
	at java.util.concurrent.FutureTask.run(FutureTask.java:266)
	at java.util.concurrent.ThreadPoolExecutor.runWorker(ThreadPoolExecutor.java:1149)
	at java.util.concurrent.ThreadPoolExecutor$Worker.run(ThreadPoolExecutor.java:624)
	... 1 more
Caused by: org.apache.ratis.thirdparty.io.netty.channel.AbstractChannel$AnnotatedConnectException: Connection refused: /192.168.164.233:46080
	at sun.nio.ch.SocketChannelImpl.checkConnect(Native Method)
	at sun.nio.ch.SocketChannelImpl.finishConnect(SocketChannelImpl.java:717)
	at org.apache.ratis.thirdparty.io.netty.channel.socket.nio.NioSocketChannel.doFinishConnect(NioSocketChannel.java:327)
	at org.apache.ratis.thirdparty.io.netty.channel.nio.AbstractNioChannel$AbstractNioUnsafe.finishConnect(AbstractNioChannel.java:340)
	at org.apache.ratis.thirdparty.io.netty.channel.nio.NioEventLoop.processSelectedKey(NioEventLoop.java:632)
	at org.apache.ratis.thirdparty.io.netty.channel.nio.NioEventLoop.processSelectedKeysOptimized(NioEventLoop.java:579)
	at org.apache.ratis.thirdparty.io.netty.channel.nio.NioEventLoop.processSelectedKeys(NioEventLoop.java:496)
	at org.apache.ratis.thirdparty.io.netty.channel.nio.NioEventLoop.run(NioEventLoop.java:458)
	at org.apache.ratis.thirdparty.io.netty.util.concurrent.SingleThreadEventExecutor$5.run(SingleThreadEventExecutor.java:897)
	at org.apache.ratis.thirdparty.io.netty.util.concurrent.FastThreadLocalRunnable.run(FastThreadLocalRunnable.java:30)
	... 1 more
Caused by: java.net.ConnectException: Connection refused
	... 11 more
2019-10-18 14:30:41,994 [681edbc6-a1fc-42a4-b5ce-4922820de60a@group-FD33B9583E3C-LeaderElection187] INFO  impl.LeaderElection (LogUtils.java:infoOrTrace(149)) -   Exception 1: {}
java.util.concurrent.ExecutionException: org.apache.ratis.thirdparty.io.grpc.StatusRuntimeException: UNAVAILABLE: io exception
	at java.util.concurrent.FutureTask.report(FutureTask.java:122)
	at java.util.concurrent.FutureTask.get(FutureTask.java:192)
	at org.apache.ratis.server.impl.LeaderElection.waitForResults(LeaderElection.java:259)
	at org.apache.ratis.server.impl.LeaderElection.askForVotes(LeaderElection.java:197)
	at org.apache.ratis.server.impl.LeaderElection.run(LeaderElection.java:133)
	at java.lang.Thread.run(Thread.java:748)
Caused by: org.apache.ratis.thirdparty.io.grpc.StatusRuntimeException: UNAVAILABLE: io exception
	at org.apache.ratis.thirdparty.io.grpc.stub.ClientCalls.toStatusRuntimeException(ClientCalls.java:233)
	at org.apache.ratis.thirdparty.io.grpc.stub.ClientCalls.getUnchecked(ClientCalls.java:214)
	at org.apache.ratis.thirdparty.io.grpc.stub.ClientCalls.blockingUnaryCall(ClientCalls.java:139)
	at org.apache.ratis.proto.grpc.RaftServerProtocolServiceGrpc$RaftServerProtocolServiceBlockingStub.requestVote(RaftServerProtocolServiceGrpc.java:265)
	at org.apache.ratis.grpc.server.GrpcServerProtocolClient.requestVote(GrpcServerProtocolClient.java:99)
	at org.apache.ratis.grpc.server.GrpcService.requestVote(GrpcService.java:204)
	at org.apache.ratis.server.impl.LeaderElection.lambda$submitRequests$1(LeaderElection.java:234)
	at java.util.concurrent.FutureTask.run(FutureTask.java:266)
	at java.util.concurrent.Executors$RunnableAdapter.call(Executors.java:511)
	at java.util.concurrent.FutureTask.run(FutureTask.java:266)
	at java.util.concurrent.ThreadPoolExecutor.runWorker(ThreadPoolExecutor.java:1149)
	at java.util.concurrent.ThreadPoolExecutor$Worker.run(ThreadPoolExecutor.java:624)
	... 1 more
Caused by: org.apache.ratis.thirdparty.io.netty.channel.AbstractChannel$AnnotatedConnectException: Connection refused: /192.168.164.233:38729
	at sun.nio.ch.SocketChannelImpl.checkConnect(Native Method)
	at sun.nio.ch.SocketChannelImpl.finishConnect(SocketChannelImpl.java:717)
	at org.apache.ratis.thirdparty.io.netty.channel.socket.nio.NioSocketChannel.doFinishConnect(NioSocketChannel.java:327)
	at org.apache.ratis.thirdparty.io.netty.channel.nio.AbstractNioChannel$AbstractNioUnsafe.finishConnect(AbstractNioChannel.java:340)
	at org.apache.ratis.thirdparty.io.netty.channel.nio.NioEventLoop.processSelectedKey(NioEventLoop.java:632)
	at org.apache.ratis.thirdparty.io.netty.channel.nio.NioEventLoop.processSelectedKeysOptimized(NioEventLoop.java:579)
	at org.apache.ratis.thirdparty.io.netty.channel.nio.NioEventLoop.processSelectedKeys(NioEventLoop.java:496)
	at org.apache.ratis.thirdparty.io.netty.channel.nio.NioEventLoop.run(NioEventLoop.java:458)
	at org.apache.ratis.thirdparty.io.netty.util.concurrent.SingleThreadEventExecutor$5.run(SingleThreadEventExecutor.java:897)
	at org.apache.ratis.thirdparty.io.netty.util.concurrent.FastThreadLocalRunnable.run(FastThreadLocalRunnable.java:30)
	... 1 more
Caused by: java.net.ConnectException: Connection refused
	... 11 more
2019-10-18 14:30:41,994 [681edbc6-a1fc-42a4-b5ce-4922820de60a@group-FD33B9583E3C-LeaderElection187] INFO  impl.RaftServerImpl (RaftServerImpl.java:setRole(184)) - 681edbc6-a1fc-42a4-b5ce-4922820de60a@group-FD33B9583E3C: changes role from CANDIDATE to FOLLOWER at term 188 for DISCOVERED_A_NEW_TERM
2019-10-18 14:30:41,994 [681edbc6-a1fc-42a4-b5ce-4922820de60a@group-FD33B9583E3C-LeaderElection187] INFO  impl.RoleInfo (RoleInfo.java:shutdownLeaderElection(134)) - 681edbc6-a1fc-42a4-b5ce-4922820de60a: shutdown LeaderElection
2019-10-18 14:30:41,994 [681edbc6-a1fc-42a4-b5ce-4922820de60a@group-FD33B9583E3C-LeaderElection187] INFO  impl.RoleInfo (RoleInfo.java:updateAndGet(143)) - 681edbc6-a1fc-42a4-b5ce-4922820de60a: start FollowerState
2019-10-18 14:30:42,190 [Thread-1716] INFO  impl.FollowerState (FollowerState.java:run(108)) - 681edbc6-a1fc-42a4-b5ce-4922820de60a@group-FD33B9583E3C-FollowerState: change to CANDIDATE, lastRpcTime:195ms, electionTimeout:195ms
2019-10-18 14:30:42,190 [Thread-1716] INFO  impl.RoleInfo (RoleInfo.java:shutdownFollowerState(121)) - 681edbc6-a1fc-42a4-b5ce-4922820de60a: shutdown FollowerState
2019-10-18 14:30:42,190 [Thread-1716] INFO  impl.RaftServerImpl (RaftServerImpl.java:setRole(184)) - 681edbc6-a1fc-42a4-b5ce-4922820de60a@group-FD33B9583E3C: changes role from  FOLLOWER to CANDIDATE at term 188 for changeToCandidate
2019-10-18 14:30:42,190 [Thread-1716] INFO  impl.RoleInfo (RoleInfo.java:updateAndGet(143)) - 681edbc6-a1fc-42a4-b5ce-4922820de60a: start LeaderElection
2019-10-18 14:30:42,203 [681edbc6-a1fc-42a4-b5ce-4922820de60a@group-FD33B9583E3C-LeaderElection188] INFO  impl.LeaderElection (LeaderElection.java:askForVotes(178)) - 681edbc6-a1fc-42a4-b5ce-4922820de60a@group-FD33B9583E3C-LeaderElection188: begin an election at term 189 for -1: [3ee7b367-7b16-44e1-99f8-43aefeda0876:192.168.164.233:46080, 681edbc6-a1fc-42a4-b5ce-4922820de60a:192.168.164.233:44267, 773cce60-eeca-4c1f-a5ec-70084be8b6b9:192.168.164.233:38729], old=null
2019-10-18 14:30:42,204 [681edbc6-a1fc-42a4-b5ce-4922820de60a@group-FD33B9583E3C-LeaderElection188] INFO  impl.LeaderElection (LogUtils.java:infoOrTrace(149)) - 681edbc6-a1fc-42a4-b5ce-4922820de60a@group-FD33B9583E3C-LeaderElection188 got exception when requesting votes: {}
java.util.concurrent.ExecutionException: org.apache.ratis.thirdparty.io.grpc.StatusRuntimeException: UNAVAILABLE: io exception
	at java.util.concurrent.FutureTask.report(FutureTask.java:122)
	at java.util.concurrent.FutureTask.get(FutureTask.java:192)
	at org.apache.ratis.server.impl.LeaderElection.waitForResults(LeaderElection.java:259)
	at org.apache.ratis.server.impl.LeaderElection.askForVotes(LeaderElection.java:197)
	at org.apache.ratis.server.impl.LeaderElection.run(LeaderElection.java:133)
	at java.lang.Thread.run(Thread.java:748)
Caused by: org.apache.ratis.thirdparty.io.grpc.StatusRuntimeException: UNAVAILABLE: io exception
	at org.apache.ratis.thirdparty.io.grpc.stub.ClientCalls.toStatusRuntimeException(ClientCalls.java:233)
	at org.apache.ratis.thirdparty.io.grpc.stub.ClientCalls.getUnchecked(ClientCalls.java:214)
	at org.apache.ratis.thirdparty.io.grpc.stub.ClientCalls.blockingUnaryCall(ClientCalls.java:139)
	at org.apache.ratis.proto.grpc.RaftServerProtocolServiceGrpc$RaftServerProtocolServiceBlockingStub.requestVote(RaftServerProtocolServiceGrpc.java:265)
	at org.apache.ratis.grpc.server.GrpcServerProtocolClient.requestVote(GrpcServerProtocolClient.java:99)
	at org.apache.ratis.grpc.server.GrpcService.requestVote(GrpcService.java:204)
	at org.apache.ratis.server.impl.LeaderElection.lambda$submitRequests$1(LeaderElection.java:234)
	at java.util.concurrent.FutureTask.run(FutureTask.java:266)
	at java.util.concurrent.Executors$RunnableAdapter.call(Executors.java:511)
	at java.util.concurrent.FutureTask.run(FutureTask.java:266)
	at java.util.concurrent.ThreadPoolExecutor.runWorker(ThreadPoolExecutor.java:1149)
	at java.util.concurrent.ThreadPoolExecutor$Worker.run(ThreadPoolExecutor.java:624)
	... 1 more
Caused by: org.apache.ratis.thirdparty.io.netty.channel.AbstractChannel$AnnotatedConnectException: Connection refused: /192.168.164.233:46080
	at sun.nio.ch.SocketChannelImpl.checkConnect(Native Method)
	at sun.nio.ch.SocketChannelImpl.finishConnect(SocketChannelImpl.java:717)
	at org.apache.ratis.thirdparty.io.netty.channel.socket.nio.NioSocketChannel.doFinishConnect(NioSocketChannel.java:327)
	at org.apache.ratis.thirdparty.io.netty.channel.nio.AbstractNioChannel$AbstractNioUnsafe.finishConnect(AbstractNioChannel.java:340)
	at org.apache.ratis.thirdparty.io.netty.channel.nio.NioEventLoop.processSelectedKey(NioEventLoop.java:632)
	at org.apache.ratis.thirdparty.io.netty.channel.nio.NioEventLoop.processSelectedKeysOptimized(NioEventLoop.java:579)
	at org.apache.ratis.thirdparty.io.netty.channel.nio.NioEventLoop.processSelectedKeys(NioEventLoop.java:496)
	at org.apache.ratis.thirdparty.io.netty.channel.nio.NioEventLoop.run(NioEventLoop.java:458)
	at org.apache.ratis.thirdparty.io.netty.util.concurrent.SingleThreadEventExecutor$5.run(SingleThreadEventExecutor.java:897)
	at org.apache.ratis.thirdparty.io.netty.util.concurrent.FastThreadLocalRunnable.run(FastThreadLocalRunnable.java:30)
	... 1 more
Caused by: java.net.ConnectException: Connection refused
	... 11 more
2019-10-18 14:30:42,205 [681edbc6-a1fc-42a4-b5ce-4922820de60a@group-FD33B9583E3C-LeaderElection188] INFO  impl.LeaderElection (LogUtils.java:infoOrTrace(149)) - 681edbc6-a1fc-42a4-b5ce-4922820de60a@group-FD33B9583E3C-LeaderElection188 got exception when requesting votes: {}
java.util.concurrent.ExecutionException: org.apache.ratis.thirdparty.io.grpc.StatusRuntimeException: UNAVAILABLE: io exception
	at java.util.concurrent.FutureTask.report(FutureTask.java:122)
	at java.util.concurrent.FutureTask.get(FutureTask.java:192)
	at org.apache.ratis.server.impl.LeaderElection.waitForResults(LeaderElection.java:259)
	at org.apache.ratis.server.impl.LeaderElection.askForVotes(LeaderElection.java:197)
	at org.apache.ratis.server.impl.LeaderElection.run(LeaderElection.java:133)
	at java.lang.Thread.run(Thread.java:748)
Caused by: org.apache.ratis.thirdparty.io.grpc.StatusRuntimeException: UNAVAILABLE: io exception
	at org.apache.ratis.thirdparty.io.grpc.stub.ClientCalls.toStatusRuntimeException(ClientCalls.java:233)
	at org.apache.ratis.thirdparty.io.grpc.stub.ClientCalls.getUnchecked(ClientCalls.java:214)
	at org.apache.ratis.thirdparty.io.grpc.stub.ClientCalls.blockingUnaryCall(ClientCalls.java:139)
	at org.apache.ratis.proto.grpc.RaftServerProtocolServiceGrpc$RaftServerProtocolServiceBlockingStub.requestVote(RaftServerProtocolServiceGrpc.java:265)
	at org.apache.ratis.grpc.server.GrpcServerProtocolClient.requestVote(GrpcServerProtocolClient.java:99)
	at org.apache.ratis.grpc.server.GrpcService.requestVote(GrpcService.java:204)
	at org.apache.ratis.server.impl.LeaderElection.lambda$submitRequests$1(LeaderElection.java:234)
	at java.util.concurrent.FutureTask.run(FutureTask.java:266)
	at java.util.concurrent.Executors$RunnableAdapter.call(Executors.java:511)
	at java.util.concurrent.FutureTask.run(FutureTask.java:266)
	at java.util.concurrent.ThreadPoolExecutor.runWorker(ThreadPoolExecutor.java:1149)
	at java.util.concurrent.ThreadPoolExecutor$Worker.run(ThreadPoolExecutor.java:624)
	... 1 more
Caused by: org.apache.ratis.thirdparty.io.netty.channel.AbstractChannel$AnnotatedConnectException: Connection refused: /192.168.164.233:38729
	at sun.nio.ch.SocketChannelImpl.checkConnect(Native Method)
	at sun.nio.ch.SocketChannelImpl.finishConnect(SocketChannelImpl.java:717)
	at org.apache.ratis.thirdparty.io.netty.channel.socket.nio.NioSocketChannel.doFinishConnect(NioSocketChannel.java:327)
	at org.apache.ratis.thirdparty.io.netty.channel.nio.AbstractNioChannel$AbstractNioUnsafe.finishConnect(AbstractNioChannel.java:340)
	at org.apache.ratis.thirdparty.io.netty.channel.nio.NioEventLoop.processSelectedKey(NioEventLoop.java:632)
	at org.apache.ratis.thirdparty.io.netty.channel.nio.NioEventLoop.processSelectedKeysOptimized(NioEventLoop.java:579)
	at org.apache.ratis.thirdparty.io.netty.channel.nio.NioEventLoop.processSelectedKeys(NioEventLoop.java:496)
	at org.apache.ratis.thirdparty.io.netty.channel.nio.NioEventLoop.run(NioEventLoop.java:458)
	at org.apache.ratis.thirdparty.io.netty.util.concurrent.SingleThreadEventExecutor$5.run(SingleThreadEventExecutor.java:897)
	at org.apache.ratis.thirdparty.io.netty.util.concurrent.FastThreadLocalRunnable.run(FastThreadLocalRunnable.java:30)
	... 1 more
Caused by: java.net.ConnectException: Connection refused
	... 11 more
2019-10-18 14:30:42,205 [681edbc6-a1fc-42a4-b5ce-4922820de60a@group-FD33B9583E3C-LeaderElection188] INFO  impl.LeaderElection (LeaderElection.java:logAndReturn(56)) - 681edbc6-a1fc-42a4-b5ce-4922820de60a@group-FD33B9583E3C-LeaderElection188: Election REJECTED; received 0 response(s) [] and 2 exception(s); 681edbc6-a1fc-42a4-b5ce-4922820de60a@group-FD33B9583E3C:t189, leader=null, voted=681edbc6-a1fc-42a4-b5ce-4922820de60a, raftlog=681edbc6-a1fc-42a4-b5ce-4922820de60a@group-FD33B9583E3C-SegmentedRaftLog:OPENED:c-1,f-1,i0, conf=-1: [3ee7b367-7b16-44e1-99f8-43aefeda0876:192.168.164.233:46080, 681edbc6-a1fc-42a4-b5ce-4922820de60a:192.168.164.233:44267, 773cce60-eeca-4c1f-a5ec-70084be8b6b9:192.168.164.233:38729], old=null
2019-10-18 14:30:42,205 [681edbc6-a1fc-42a4-b5ce-4922820de60a@group-FD33B9583E3C-LeaderElection188] INFO  impl.LeaderElection (LogUtils.java:infoOrTrace(149)) -   Exception 0: {}
java.util.concurrent.ExecutionException: org.apache.ratis.thirdparty.io.grpc.StatusRuntimeException: UNAVAILABLE: io exception
	at java.util.concurrent.FutureTask.report(FutureTask.java:122)
	at java.util.concurrent.FutureTask.get(FutureTask.java:192)
	at org.apache.ratis.server.impl.LeaderElection.waitForResults(LeaderElection.java:259)
	at org.apache.ratis.server.impl.LeaderElection.askForVotes(LeaderElection.java:197)
	at org.apache.ratis.server.impl.LeaderElection.run(LeaderElection.java:133)
	at java.lang.Thread.run(Thread.java:748)
Caused by: org.apache.ratis.thirdparty.io.grpc.StatusRuntimeException: UNAVAILABLE: io exception
	at org.apache.ratis.thirdparty.io.grpc.stub.ClientCalls.toStatusRuntimeException(ClientCalls.java:233)
	at org.apache.ratis.thirdparty.io.grpc.stub.ClientCalls.getUnchecked(ClientCalls.java:214)
	at org.apache.ratis.thirdparty.io.grpc.stub.ClientCalls.blockingUnaryCall(ClientCalls.java:139)
	at org.apache.ratis.proto.grpc.RaftServerProtocolServiceGrpc$RaftServerProtocolServiceBlockingStub.requestVote(RaftServerProtocolServiceGrpc.java:265)
	at org.apache.ratis.grpc.server.GrpcServerProtocolClient.requestVote(GrpcServerProtocolClient.java:99)
	at org.apache.ratis.grpc.server.GrpcService.requestVote(GrpcService.java:204)
	at org.apache.ratis.server.impl.LeaderElection.lambda$submitRequests$1(LeaderElection.java:234)
	at java.util.concurrent.FutureTask.run(FutureTask.java:266)
	at java.util.concurrent.Executors$RunnableAdapter.call(Executors.java:511)
	at java.util.concurrent.FutureTask.run(FutureTask.java:266)
	at java.util.concurrent.ThreadPoolExecutor.runWorker(ThreadPoolExecutor.java:1149)
	at java.util.concurrent.ThreadPoolExecutor$Worker.run(ThreadPoolExecutor.java:624)
	... 1 more
Caused by: org.apache.ratis.thirdparty.io.netty.channel.AbstractChannel$AnnotatedConnectException: Connection refused: /192.168.164.233:46080
	at sun.nio.ch.SocketChannelImpl.checkConnect(Native Method)
	at sun.nio.ch.SocketChannelImpl.finishConnect(SocketChannelImpl.java:717)
	at org.apache.ratis.thirdparty.io.netty.channel.socket.nio.NioSocketChannel.doFinishConnect(NioSocketChannel.java:327)
	at org.apache.ratis.thirdparty.io.netty.channel.nio.AbstractNioChannel$AbstractNioUnsafe.finishConnect(AbstractNioChannel.java:340)
	at org.apache.ratis.thirdparty.io.netty.channel.nio.NioEventLoop.processSelectedKey(NioEventLoop.java:632)
	at org.apache.ratis.thirdparty.io.netty.channel.nio.NioEventLoop.processSelectedKeysOptimized(NioEventLoop.java:579)
	at org.apache.ratis.thirdparty.io.netty.channel.nio.NioEventLoop.processSelectedKeys(NioEventLoop.java:496)
	at org.apache.ratis.thirdparty.io.netty.channel.nio.NioEventLoop.run(NioEventLoop.java:458)
	at org.apache.ratis.thirdparty.io.netty.util.concurrent.SingleThreadEventExecutor$5.run(SingleThreadEventExecutor.java:897)
	at org.apache.ratis.thirdparty.io.netty.util.concurrent.FastThreadLocalRunnable.run(FastThreadLocalRunnable.java:30)
	... 1 more
Caused by: java.net.ConnectException: Connection refused
	... 11 more
2019-10-18 14:30:42,205 [681edbc6-a1fc-42a4-b5ce-4922820de60a@group-FD33B9583E3C-LeaderElection188] INFO  impl.LeaderElection (LogUtils.java:infoOrTrace(149)) -   Exception 1: {}
java.util.concurrent.ExecutionException: org.apache.ratis.thirdparty.io.grpc.StatusRuntimeException: UNAVAILABLE: io exception
	at java.util.concurrent.FutureTask.report(FutureTask.java:122)
	at java.util.concurrent.FutureTask.get(FutureTask.java:192)
	at org.apache.ratis.server.impl.LeaderElection.waitForResults(LeaderElection.java:259)
	at org.apache.ratis.server.impl.LeaderElection.askForVotes(LeaderElection.java:197)
	at org.apache.ratis.server.impl.LeaderElection.run(LeaderElection.java:133)
	at java.lang.Thread.run(Thread.java:748)
Caused by: org.apache.ratis.thirdparty.io.grpc.StatusRuntimeException: UNAVAILABLE: io exception
	at org.apache.ratis.thirdparty.io.grpc.stub.ClientCalls.toStatusRuntimeException(ClientCalls.java:233)
	at org.apache.ratis.thirdparty.io.grpc.stub.ClientCalls.getUnchecked(ClientCalls.java:214)
	at org.apache.ratis.thirdparty.io.grpc.stub.ClientCalls.blockingUnaryCall(ClientCalls.java:139)
	at org.apache.ratis.proto.grpc.RaftServerProtocolServiceGrpc$RaftServerProtocolServiceBlockingStub.requestVote(RaftServerProtocolServiceGrpc.java:265)
	at org.apache.ratis.grpc.server.GrpcServerProtocolClient.requestVote(GrpcServerProtocolClient.java:99)
	at org.apache.ratis.grpc.server.GrpcService.requestVote(GrpcService.java:204)
	at org.apache.ratis.server.impl.LeaderElection.lambda$submitRequests$1(LeaderElection.java:234)
	at java.util.concurrent.FutureTask.run(FutureTask.java:266)
	at java.util.concurrent.Executors$RunnableAdapter.call(Executors.java:511)
	at java.util.concurrent.FutureTask.run(FutureTask.java:266)
	at java.util.concurrent.ThreadPoolExecutor.runWorker(ThreadPoolExecutor.java:1149)
	at java.util.concurrent.ThreadPoolExecutor$Worker.run(ThreadPoolExecutor.java:624)
	... 1 more
Caused by: org.apache.ratis.thirdparty.io.netty.channel.AbstractChannel$AnnotatedConnectException: Connection refused: /192.168.164.233:38729
	at sun.nio.ch.SocketChannelImpl.checkConnect(Native Method)
	at sun.nio.ch.SocketChannelImpl.finishConnect(SocketChannelImpl.java:717)
	at org.apache.ratis.thirdparty.io.netty.channel.socket.nio.NioSocketChannel.doFinishConnect(NioSocketChannel.java:327)
	at org.apache.ratis.thirdparty.io.netty.channel.nio.AbstractNioChannel$AbstractNioUnsafe.finishConnect(AbstractNioChannel.java:340)
	at org.apache.ratis.thirdparty.io.netty.channel.nio.NioEventLoop.processSelectedKey(NioEventLoop.java:632)
	at org.apache.ratis.thirdparty.io.netty.channel.nio.NioEventLoop.processSelectedKeysOptimized(NioEventLoop.java:579)
	at org.apache.ratis.thirdparty.io.netty.channel.nio.NioEventLoop.processSelectedKeys(NioEventLoop.java:496)
	at org.apache.ratis.thirdparty.io.netty.channel.nio.NioEventLoop.run(NioEventLoop.java:458)
	at org.apache.ratis.thirdparty.io.netty.util.concurrent.SingleThreadEventExecutor$5.run(SingleThreadEventExecutor.java:897)
	at org.apache.ratis.thirdparty.io.netty.util.concurrent.FastThreadLocalRunnable.run(FastThreadLocalRunnable.java:30)
	... 1 more
Caused by: java.net.ConnectException: Connection refused
	... 11 more
2019-10-18 14:30:42,205 [681edbc6-a1fc-42a4-b5ce-4922820de60a@group-FD33B9583E3C-LeaderElection188] INFO  impl.RaftServerImpl (RaftServerImpl.java:setRole(184)) - 681edbc6-a1fc-42a4-b5ce-4922820de60a@group-FD33B9583E3C: changes role from CANDIDATE to FOLLOWER at term 189 for DISCOVERED_A_NEW_TERM
2019-10-18 14:30:42,205 [681edbc6-a1fc-42a4-b5ce-4922820de60a@group-FD33B9583E3C-LeaderElection188] INFO  impl.RoleInfo (RoleInfo.java:shutdownLeaderElection(134)) - 681edbc6-a1fc-42a4-b5ce-4922820de60a: shutdown LeaderElection
2019-10-18 14:30:42,206 [681edbc6-a1fc-42a4-b5ce-4922820de60a@group-FD33B9583E3C-LeaderElection188] INFO  impl.RoleInfo (RoleInfo.java:updateAndGet(143)) - 681edbc6-a1fc-42a4-b5ce-4922820de60a: start FollowerState
2019-10-18 14:30:42,218 [java.util.concurrent.ThreadPoolExecutor$Worker@4efed47c[State = -1, empty queue]] WARN  server.GrpcLogAppender (GrpcLogAppender.java:timeoutAppendRequest(209)) - 46c14060-ea78-4b5a-b57c-064e4766b234@group-45DBFE4B8A65->a4757974-e77e-4a1a-a400-c32fe273093a-GrpcLogAppender: appendEntries Timeout, request=46c14060-ea78-4b5a-b57c-064e4766b234->a4757974-e77e-4a1a-a400-c32fe273093a#47-t3, previous=(t:3, i:4), leaderCommit=4, initializing? false, entries: <empty>
2019-10-18 14:30:42,219 [java.util.concurrent.ThreadPoolExecutor$Worker@108d80c3[State = -1, empty queue]] WARN  server.GrpcLogAppender (GrpcLogAppender.java:timeoutAppendRequest(209)) - 46c14060-ea78-4b5a-b57c-064e4766b234@group-45DBFE4B8A65->55013cf6-f41f-4339-a52c-06c119893914-GrpcLogAppender: appendEntries Timeout, request=46c14060-ea78-4b5a-b57c-064e4766b234->55013cf6-f41f-4339-a52c-06c119893914#47-t3, previous=(t:3, i:4), leaderCommit=4, initializing? false, entries: <empty>
2019-10-18 14:30:42,365 [Thread-1720] INFO  impl.FollowerState (FollowerState.java:run(108)) - 681edbc6-a1fc-42a4-b5ce-4922820de60a@group-FD33B9583E3C-FollowerState: change to CANDIDATE, lastRpcTime:159ms, electionTimeout:159ms
2019-10-18 14:30:42,365 [Thread-1720] INFO  impl.RoleInfo (RoleInfo.java:shutdownFollowerState(121)) - 681edbc6-a1fc-42a4-b5ce-4922820de60a: shutdown FollowerState
2019-10-18 14:30:42,365 [Thread-1720] INFO  impl.RaftServerImpl (RaftServerImpl.java:setRole(184)) - 681edbc6-a1fc-42a4-b5ce-4922820de60a@group-FD33B9583E3C: changes role from  FOLLOWER to CANDIDATE at term 189 for changeToCandidate
2019-10-18 14:30:42,365 [Thread-1720] INFO  impl.RoleInfo (RoleInfo.java:updateAndGet(143)) - 681edbc6-a1fc-42a4-b5ce-4922820de60a: start LeaderElection
2019-10-18 14:30:42,379 [681edbc6-a1fc-42a4-b5ce-4922820de60a@group-FD33B9583E3C-LeaderElection189] INFO  impl.LeaderElection (LeaderElection.java:askForVotes(178)) - 681edbc6-a1fc-42a4-b5ce-4922820de60a@group-FD33B9583E3C-LeaderElection189: begin an election at term 190 for -1: [3ee7b367-7b16-44e1-99f8-43aefeda0876:192.168.164.233:46080, 681edbc6-a1fc-42a4-b5ce-4922820de60a:192.168.164.233:44267, 773cce60-eeca-4c1f-a5ec-70084be8b6b9:192.168.164.233:38729], old=null
2019-10-18 14:30:42,379 [681edbc6-a1fc-42a4-b5ce-4922820de60a@group-FD33B9583E3C-LeaderElection189] INFO  impl.LeaderElection (LogUtils.java:infoOrTrace(149)) - 681edbc6-a1fc-42a4-b5ce-4922820de60a@group-FD33B9583E3C-LeaderElection189 got exception when requesting votes: {}
java.util.concurrent.ExecutionException: org.apache.ratis.thirdparty.io.grpc.StatusRuntimeException: UNAVAILABLE: io exception
	at java.util.concurrent.FutureTask.report(FutureTask.java:122)
	at java.util.concurrent.FutureTask.get(FutureTask.java:192)
	at org.apache.ratis.server.impl.LeaderElection.waitForResults(LeaderElection.java:259)
	at org.apache.ratis.server.impl.LeaderElection.askForVotes(LeaderElection.java:197)
	at org.apache.ratis.server.impl.LeaderElection.run(LeaderElection.java:133)
	at java.lang.Thread.run(Thread.java:748)
Caused by: org.apache.ratis.thirdparty.io.grpc.StatusRuntimeException: UNAVAILABLE: io exception
	at org.apache.ratis.thirdparty.io.grpc.stub.ClientCalls.toStatusRuntimeException(ClientCalls.java:233)
	at org.apache.ratis.thirdparty.io.grpc.stub.ClientCalls.getUnchecked(ClientCalls.java:214)
	at org.apache.ratis.thirdparty.io.grpc.stub.ClientCalls.blockingUnaryCall(ClientCalls.java:139)
	at org.apache.ratis.proto.grpc.RaftServerProtocolServiceGrpc$RaftServerProtocolServiceBlockingStub.requestVote(RaftServerProtocolServiceGrpc.java:265)
	at org.apache.ratis.grpc.server.GrpcServerProtocolClient.requestVote(GrpcServerProtocolClient.java:99)
	at org.apache.ratis.grpc.server.GrpcService.requestVote(GrpcService.java:204)
	at org.apache.ratis.server.impl.LeaderElection.lambda$submitRequests$1(LeaderElection.java:234)
	at java.util.concurrent.FutureTask.run(FutureTask.java:266)
	at java.util.concurrent.Executors$RunnableAdapter.call(Executors.java:511)
	at java.util.concurrent.FutureTask.run(FutureTask.java:266)
	at java.util.concurrent.ThreadPoolExecutor.runWorker(ThreadPoolExecutor.java:1149)
	at java.util.concurrent.ThreadPoolExecutor$Worker.run(ThreadPoolExecutor.java:624)
	... 1 more
Caused by: org.apache.ratis.thirdparty.io.netty.channel.AbstractChannel$AnnotatedConnectException: Connection refused: /192.168.164.233:46080
	at sun.nio.ch.SocketChannelImpl.checkConnect(Native Method)
	at sun.nio.ch.SocketChannelImpl.finishConnect(SocketChannelImpl.java:717)
	at org.apache.ratis.thirdparty.io.netty.channel.socket.nio.NioSocketChannel.doFinishConnect(NioSocketChannel.java:327)
	at org.apache.ratis.thirdparty.io.netty.channel.nio.AbstractNioChannel$AbstractNioUnsafe.finishConnect(AbstractNioChannel.java:340)
	at org.apache.ratis.thirdparty.io.netty.channel.nio.NioEventLoop.processSelectedKey(NioEventLoop.java:632)
	at org.apache.ratis.thirdparty.io.netty.channel.nio.NioEventLoop.processSelectedKeysOptimized(NioEventLoop.java:579)
	at org.apache.ratis.thirdparty.io.netty.channel.nio.NioEventLoop.processSelectedKeys(NioEventLoop.java:496)
	at org.apache.ratis.thirdparty.io.netty.channel.nio.NioEventLoop.run(NioEventLoop.java:458)
	at org.apache.ratis.thirdparty.io.netty.util.concurrent.SingleThreadEventExecutor$5.run(SingleThreadEventExecutor.java:897)
	at org.apache.ratis.thirdparty.io.netty.util.concurrent.FastThreadLocalRunnable.run(FastThreadLocalRunnable.java:30)
	... 1 more
Caused by: java.net.ConnectException: Connection refused
	... 11 more
2019-10-18 14:30:42,380 [681edbc6-a1fc-42a4-b5ce-4922820de60a@group-FD33B9583E3C-LeaderElection189] INFO  impl.LeaderElection (LogUtils.java:infoOrTrace(149)) - 681edbc6-a1fc-42a4-b5ce-4922820de60a@group-FD33B9583E3C-LeaderElection189 got exception when requesting votes: {}
java.util.concurrent.ExecutionException: org.apache.ratis.thirdparty.io.grpc.StatusRuntimeException: UNAVAILABLE: io exception
	at java.util.concurrent.FutureTask.report(FutureTask.java:122)
	at java.util.concurrent.FutureTask.get(FutureTask.java:192)
	at org.apache.ratis.server.impl.LeaderElection.waitForResults(LeaderElection.java:259)
	at org.apache.ratis.server.impl.LeaderElection.askForVotes(LeaderElection.java:197)
	at org.apache.ratis.server.impl.LeaderElection.run(LeaderElection.java:133)
	at java.lang.Thread.run(Thread.java:748)
Caused by: org.apache.ratis.thirdparty.io.grpc.StatusRuntimeException: UNAVAILABLE: io exception
	at org.apache.ratis.thirdparty.io.grpc.stub.ClientCalls.toStatusRuntimeException(ClientCalls.java:233)
	at org.apache.ratis.thirdparty.io.grpc.stub.ClientCalls.getUnchecked(ClientCalls.java:214)
	at org.apache.ratis.thirdparty.io.grpc.stub.ClientCalls.blockingUnaryCall(ClientCalls.java:139)
	at org.apache.ratis.proto.grpc.RaftServerProtocolServiceGrpc$RaftServerProtocolServiceBlockingStub.requestVote(RaftServerProtocolServiceGrpc.java:265)
	at org.apache.ratis.grpc.server.GrpcServerProtocolClient.requestVote(GrpcServerProtocolClient.java:99)
	at org.apache.ratis.grpc.server.GrpcService.requestVote(GrpcService.java:204)
	at org.apache.ratis.server.impl.LeaderElection.lambda$submitRequests$1(LeaderElection.java:234)
	at java.util.concurrent.FutureTask.run(FutureTask.java:266)
	at java.util.concurrent.Executors$RunnableAdapter.call(Executors.java:511)
	at java.util.concurrent.FutureTask.run(FutureTask.java:266)
	at java.util.concurrent.ThreadPoolExecutor.runWorker(ThreadPoolExecutor.java:1149)
	at java.util.concurrent.ThreadPoolExecutor$Worker.run(ThreadPoolExecutor.java:624)
	... 1 more
Caused by: org.apache.ratis.thirdparty.io.netty.channel.AbstractChannel$AnnotatedConnectException: Connection refused: /192.168.164.233:38729
	at sun.nio.ch.SocketChannelImpl.checkConnect(Native Method)
	at sun.nio.ch.SocketChannelImpl.finishConnect(SocketChannelImpl.java:717)
	at org.apache.ratis.thirdparty.io.netty.channel.socket.nio.NioSocketChannel.doFinishConnect(NioSocketChannel.java:327)
	at org.apache.ratis.thirdparty.io.netty.channel.nio.AbstractNioChannel$AbstractNioUnsafe.finishConnect(AbstractNioChannel.java:340)
	at org.apache.ratis.thirdparty.io.netty.channel.nio.NioEventLoop.processSelectedKey(NioEventLoop.java:632)
	at org.apache.ratis.thirdparty.io.netty.channel.nio.NioEventLoop.processSelectedKeysOptimized(NioEventLoop.java:579)
	at org.apache.ratis.thirdparty.io.netty.channel.nio.NioEventLoop.processSelectedKeys(NioEventLoop.java:496)
	at org.apache.ratis.thirdparty.io.netty.channel.nio.NioEventLoop.run(NioEventLoop.java:458)
	at org.apache.ratis.thirdparty.io.netty.util.concurrent.SingleThreadEventExecutor$5.run(SingleThreadEventExecutor.java:897)
	at org.apache.ratis.thirdparty.io.netty.util.concurrent.FastThreadLocalRunnable.run(FastThreadLocalRunnable.java:30)
	... 1 more
Caused by: java.net.ConnectException: Connection refused
	... 11 more
2019-10-18 14:30:42,381 [681edbc6-a1fc-42a4-b5ce-4922820de60a@group-FD33B9583E3C-LeaderElection189] INFO  impl.LeaderElection (LeaderElection.java:logAndReturn(56)) - 681edbc6-a1fc-42a4-b5ce-4922820de60a@group-FD33B9583E3C-LeaderElection189: Election REJECTED; received 0 response(s) [] and 2 exception(s); 681edbc6-a1fc-42a4-b5ce-4922820de60a@group-FD33B9583E3C:t190, leader=null, voted=681edbc6-a1fc-42a4-b5ce-4922820de60a, raftlog=681edbc6-a1fc-42a4-b5ce-4922820de60a@group-FD33B9583E3C-SegmentedRaftLog:OPENED:c-1,f-1,i0, conf=-1: [3ee7b367-7b16-44e1-99f8-43aefeda0876:192.168.164.233:46080, 681edbc6-a1fc-42a4-b5ce-4922820de60a:192.168.164.233:44267, 773cce60-eeca-4c1f-a5ec-70084be8b6b9:192.168.164.233:38729], old=null
2019-10-18 14:30:42,381 [681edbc6-a1fc-42a4-b5ce-4922820de60a@group-FD33B9583E3C-LeaderElection189] INFO  impl.LeaderElection (LogUtils.java:infoOrTrace(149)) -   Exception 0: {}
java.util.concurrent.ExecutionException: org.apache.ratis.thirdparty.io.grpc.StatusRuntimeException: UNAVAILABLE: io exception
	at java.util.concurrent.FutureTask.report(FutureTask.java:122)
	at java.util.concurrent.FutureTask.get(FutureTask.java:192)
	at org.apache.ratis.server.impl.LeaderElection.waitForResults(LeaderElection.java:259)
	at org.apache.ratis.server.impl.LeaderElection.askForVotes(LeaderElection.java:197)
	at org.apache.ratis.server.impl.LeaderElection.run(LeaderElection.java:133)
	at java.lang.Thread.run(Thread.java:748)
Caused by: org.apache.ratis.thirdparty.io.grpc.StatusRuntimeException: UNAVAILABLE: io exception
	at org.apache.ratis.thirdparty.io.grpc.stub.ClientCalls.toStatusRuntimeException(ClientCalls.java:233)
	at org.apache.ratis.thirdparty.io.grpc.stub.ClientCalls.getUnchecked(ClientCalls.java:214)
	at org.apache.ratis.thirdparty.io.grpc.stub.ClientCalls.blockingUnaryCall(ClientCalls.java:139)
	at org.apache.ratis.proto.grpc.RaftServerProtocolServiceGrpc$RaftServerProtocolServiceBlockingStub.requestVote(RaftServerProtocolServiceGrpc.java:265)
	at org.apache.ratis.grpc.server.GrpcServerProtocolClient.requestVote(GrpcServerProtocolClient.java:99)
	at org.apache.ratis.grpc.server.GrpcService.requestVote(GrpcService.java:204)
	at org.apache.ratis.server.impl.LeaderElection.lambda$submitRequests$1(LeaderElection.java:234)
	at java.util.concurrent.FutureTask.run(FutureTask.java:266)
	at java.util.concurrent.Executors$RunnableAdapter.call(Executors.java:511)
	at java.util.concurrent.FutureTask.run(FutureTask.java:266)
	at java.util.concurrent.ThreadPoolExecutor.runWorker(ThreadPoolExecutor.java:1149)
	at java.util.concurrent.ThreadPoolExecutor$Worker.run(ThreadPoolExecutor.java:624)
	... 1 more
Caused by: org.apache.ratis.thirdparty.io.netty.channel.AbstractChannel$AnnotatedConnectException: Connection refused: /192.168.164.233:46080
	at sun.nio.ch.SocketChannelImpl.checkConnect(Native Method)
	at sun.nio.ch.SocketChannelImpl.finishConnect(SocketChannelImpl.java:717)
	at org.apache.ratis.thirdparty.io.netty.channel.socket.nio.NioSocketChannel.doFinishConnect(NioSocketChannel.java:327)
	at org.apache.ratis.thirdparty.io.netty.channel.nio.AbstractNioChannel$AbstractNioUnsafe.finishConnect(AbstractNioChannel.java:340)
	at org.apache.ratis.thirdparty.io.netty.channel.nio.NioEventLoop.processSelectedKey(NioEventLoop.java:632)
	at org.apache.ratis.thirdparty.io.netty.channel.nio.NioEventLoop.processSelectedKeysOptimized(NioEventLoop.java:579)
	at org.apache.ratis.thirdparty.io.netty.channel.nio.NioEventLoop.processSelectedKeys(NioEventLoop.java:496)
	at org.apache.ratis.thirdparty.io.netty.channel.nio.NioEventLoop.run(NioEventLoop.java:458)
	at org.apache.ratis.thirdparty.io.netty.util.concurrent.SingleThreadEventExecutor$5.run(SingleThreadEventExecutor.java:897)
	at org.apache.ratis.thirdparty.io.netty.util.concurrent.FastThreadLocalRunnable.run(FastThreadLocalRunnable.java:30)
	... 1 more
Caused by: java.net.ConnectException: Connection refused
	... 11 more
2019-10-18 14:30:42,381 [681edbc6-a1fc-42a4-b5ce-4922820de60a@group-FD33B9583E3C-LeaderElection189] INFO  impl.LeaderElection (LogUtils.java:infoOrTrace(149)) -   Exception 1: {}
java.util.concurrent.ExecutionException: org.apache.ratis.thirdparty.io.grpc.StatusRuntimeException: UNAVAILABLE: io exception
	at java.util.concurrent.FutureTask.report(FutureTask.java:122)
	at java.util.concurrent.FutureTask.get(FutureTask.java:192)
	at org.apache.ratis.server.impl.LeaderElection.waitForResults(LeaderElection.java:259)
	at org.apache.ratis.server.impl.LeaderElection.askForVotes(LeaderElection.java:197)
	at org.apache.ratis.server.impl.LeaderElection.run(LeaderElection.java:133)
	at java.lang.Thread.run(Thread.java:748)
Caused by: org.apache.ratis.thirdparty.io.grpc.StatusRuntimeException: UNAVAILABLE: io exception
	at org.apache.ratis.thirdparty.io.grpc.stub.ClientCalls.toStatusRuntimeException(ClientCalls.java:233)
	at org.apache.ratis.thirdparty.io.grpc.stub.ClientCalls.getUnchecked(ClientCalls.java:214)
	at org.apache.ratis.thirdparty.io.grpc.stub.ClientCalls.blockingUnaryCall(ClientCalls.java:139)
	at org.apache.ratis.proto.grpc.RaftServerProtocolServiceGrpc$RaftServerProtocolServiceBlockingStub.requestVote(RaftServerProtocolServiceGrpc.java:265)
	at org.apache.ratis.grpc.server.GrpcServerProtocolClient.requestVote(GrpcServerProtocolClient.java:99)
	at org.apache.ratis.grpc.server.GrpcService.requestVote(GrpcService.java:204)
	at org.apache.ratis.server.impl.LeaderElection.lambda$submitRequests$1(LeaderElection.java:234)
	at java.util.concurrent.FutureTask.run(FutureTask.java:266)
	at java.util.concurrent.Executors$RunnableAdapter.call(Executors.java:511)
	at java.util.concurrent.FutureTask.run(FutureTask.java:266)
	at java.util.concurrent.ThreadPoolExecutor.runWorker(ThreadPoolExecutor.java:1149)
	at java.util.concurrent.ThreadPoolExecutor$Worker.run(ThreadPoolExecutor.java:624)
	... 1 more
Caused by: org.apache.ratis.thirdparty.io.netty.channel.AbstractChannel$AnnotatedConnectException: Connection refused: /192.168.164.233:38729
	at sun.nio.ch.SocketChannelImpl.checkConnect(Native Method)
	at sun.nio.ch.SocketChannelImpl.finishConnect(SocketChannelImpl.java:717)
	at org.apache.ratis.thirdparty.io.netty.channel.socket.nio.NioSocketChannel.doFinishConnect(NioSocketChannel.java:327)
	at org.apache.ratis.thirdparty.io.netty.channel.nio.AbstractNioChannel$AbstractNioUnsafe.finishConnect(AbstractNioChannel.java:340)
	at org.apache.ratis.thirdparty.io.netty.channel.nio.NioEventLoop.processSelectedKey(NioEventLoop.java:632)
	at org.apache.ratis.thirdparty.io.netty.channel.nio.NioEventLoop.processSelectedKeysOptimized(NioEventLoop.java:579)
	at org.apache.ratis.thirdparty.io.netty.channel.nio.NioEventLoop.processSelectedKeys(NioEventLoop.java:496)
	at org.apache.ratis.thirdparty.io.netty.channel.nio.NioEventLoop.run(NioEventLoop.java:458)
	at org.apache.ratis.thirdparty.io.netty.util.concurrent.SingleThreadEventExecutor$5.run(SingleThreadEventExecutor.java:897)
	at org.apache.ratis.thirdparty.io.netty.util.concurrent.FastThreadLocalRunnable.run(FastThreadLocalRunnable.java:30)
	... 1 more
Caused by: java.net.ConnectException: Connection refused
	... 11 more
2019-10-18 14:30:42,382 [681edbc6-a1fc-42a4-b5ce-4922820de60a@group-FD33B9583E3C-LeaderElection189] INFO  impl.RaftServerImpl (RaftServerImpl.java:setRole(184)) - 681edbc6-a1fc-42a4-b5ce-4922820de60a@group-FD33B9583E3C: changes role from CANDIDATE to FOLLOWER at term 190 for DISCOVERED_A_NEW_TERM
2019-10-18 14:30:42,382 [681edbc6-a1fc-42a4-b5ce-4922820de60a@group-FD33B9583E3C-LeaderElection189] INFO  impl.RoleInfo (RoleInfo.java:shutdownLeaderElection(134)) - 681edbc6-a1fc-42a4-b5ce-4922820de60a: shutdown LeaderElection
2019-10-18 14:30:42,382 [681edbc6-a1fc-42a4-b5ce-4922820de60a@group-FD33B9583E3C-LeaderElection189] INFO  impl.RoleInfo (RoleInfo.java:updateAndGet(143)) - 681edbc6-a1fc-42a4-b5ce-4922820de60a: start FollowerState
2019-10-18 14:30:42,406 [Thread-1724] INFO  impl.FollowerState (FollowerState.java:run(108)) - 681edbc6-a1fc-42a4-b5ce-4922820de60a@group-FD33B9583E3C-FollowerState: change to CANDIDATE, lastRpcTime:24ms, electionTimeout:24ms
2019-10-18 14:30:42,406 [Thread-1724] INFO  impl.RoleInfo (RoleInfo.java:shutdownFollowerState(121)) - 681edbc6-a1fc-42a4-b5ce-4922820de60a: shutdown FollowerState
2019-10-18 14:30:42,406 [Thread-1724] INFO  impl.RaftServerImpl (RaftServerImpl.java:setRole(184)) - 681edbc6-a1fc-42a4-b5ce-4922820de60a@group-FD33B9583E3C: changes role from  FOLLOWER to CANDIDATE at term 190 for changeToCandidate
2019-10-18 14:30:42,407 [Thread-1724] INFO  impl.RoleInfo (RoleInfo.java:updateAndGet(143)) - 681edbc6-a1fc-42a4-b5ce-4922820de60a: start LeaderElection
2019-10-18 14:30:42,420 [681edbc6-a1fc-42a4-b5ce-4922820de60a@group-FD33B9583E3C-LeaderElection190] INFO  impl.LeaderElection (LeaderElection.java:askForVotes(178)) - 681edbc6-a1fc-42a4-b5ce-4922820de60a@group-FD33B9583E3C-LeaderElection190: begin an election at term 191 for -1: [3ee7b367-7b16-44e1-99f8-43aefeda0876:192.168.164.233:46080, 681edbc6-a1fc-42a4-b5ce-4922820de60a:192.168.164.233:44267, 773cce60-eeca-4c1f-a5ec-70084be8b6b9:192.168.164.233:38729], old=null
2019-10-18 14:30:42,421 [681edbc6-a1fc-42a4-b5ce-4922820de60a@group-FD33B9583E3C-LeaderElection190] INFO  impl.LeaderElection (LogUtils.java:infoOrTrace(149)) - 681edbc6-a1fc-42a4-b5ce-4922820de60a@group-FD33B9583E3C-LeaderElection190 got exception when requesting votes: {}
java.util.concurrent.ExecutionException: org.apache.ratis.thirdparty.io.grpc.StatusRuntimeException: UNAVAILABLE: io exception
	at java.util.concurrent.FutureTask.report(FutureTask.java:122)
	at java.util.concurrent.FutureTask.get(FutureTask.java:192)
	at org.apache.ratis.server.impl.LeaderElection.waitForResults(LeaderElection.java:259)
	at org.apache.ratis.server.impl.LeaderElection.askForVotes(LeaderElection.java:197)
	at org.apache.ratis.server.impl.LeaderElection.run(LeaderElection.java:133)
	at java.lang.Thread.run(Thread.java:748)
Caused by: org.apache.ratis.thirdparty.io.grpc.StatusRuntimeException: UNAVAILABLE: io exception
	at org.apache.ratis.thirdparty.io.grpc.stub.ClientCalls.toStatusRuntimeException(ClientCalls.java:233)
	at org.apache.ratis.thirdparty.io.grpc.stub.ClientCalls.getUnchecked(ClientCalls.java:214)
	at org.apache.ratis.thirdparty.io.grpc.stub.ClientCalls.blockingUnaryCall(ClientCalls.java:139)
	at org.apache.ratis.proto.grpc.RaftServerProtocolServiceGrpc$RaftServerProtocolServiceBlockingStub.requestVote(RaftServerProtocolServiceGrpc.java:265)
	at org.apache.ratis.grpc.server.GrpcServerProtocolClient.requestVote(GrpcServerProtocolClient.java:99)
	at org.apache.ratis.grpc.server.GrpcService.requestVote(GrpcService.java:204)
	at org.apache.ratis.server.impl.LeaderElection.lambda$submitRequests$1(LeaderElection.java:234)
	at java.util.concurrent.FutureTask.run(FutureTask.java:266)
	at java.util.concurrent.Executors$RunnableAdapter.call(Executors.java:511)
	at java.util.concurrent.FutureTask.run(FutureTask.java:266)
	at java.util.concurrent.ThreadPoolExecutor.runWorker(ThreadPoolExecutor.java:1149)
	at java.util.concurrent.ThreadPoolExecutor$Worker.run(ThreadPoolExecutor.java:624)
	... 1 more
Caused by: org.apache.ratis.thirdparty.io.netty.channel.AbstractChannel$AnnotatedConnectException: Connection refused: /192.168.164.233:38729
	at sun.nio.ch.SocketChannelImpl.checkConnect(Native Method)
	at sun.nio.ch.SocketChannelImpl.finishConnect(SocketChannelImpl.java:717)
	at org.apache.ratis.thirdparty.io.netty.channel.socket.nio.NioSocketChannel.doFinishConnect(NioSocketChannel.java:327)
	at org.apache.ratis.thirdparty.io.netty.channel.nio.AbstractNioChannel$AbstractNioUnsafe.finishConnect(AbstractNioChannel.java:340)
	at org.apache.ratis.thirdparty.io.netty.channel.nio.NioEventLoop.processSelectedKey(NioEventLoop.java:632)
	at org.apache.ratis.thirdparty.io.netty.channel.nio.NioEventLoop.processSelectedKeysOptimized(NioEventLoop.java:579)
	at org.apache.ratis.thirdparty.io.netty.channel.nio.NioEventLoop.processSelectedKeys(NioEventLoop.java:496)
	at org.apache.ratis.thirdparty.io.netty.channel.nio.NioEventLoop.run(NioEventLoop.java:458)
	at org.apache.ratis.thirdparty.io.netty.util.concurrent.SingleThreadEventExecutor$5.run(SingleThreadEventExecutor.java:897)
	at org.apache.ratis.thirdparty.io.netty.util.concurrent.FastThreadLocalRunnable.run(FastThreadLocalRunnable.java:30)
	... 1 more
Caused by: java.net.ConnectException: Connection refused
	... 11 more
2019-10-18 14:30:42,421 [681edbc6-a1fc-42a4-b5ce-4922820de60a@group-FD33B9583E3C-LeaderElection190] INFO  impl.LeaderElection (LogUtils.java:infoOrTrace(149)) - 681edbc6-a1fc-42a4-b5ce-4922820de60a@group-FD33B9583E3C-LeaderElection190 got exception when requesting votes: {}
java.util.concurrent.ExecutionException: org.apache.ratis.thirdparty.io.grpc.StatusRuntimeException: UNAVAILABLE: io exception
	at java.util.concurrent.FutureTask.report(FutureTask.java:122)
	at java.util.concurrent.FutureTask.get(FutureTask.java:192)
	at org.apache.ratis.server.impl.LeaderElection.waitForResults(LeaderElection.java:259)
	at org.apache.ratis.server.impl.LeaderElection.askForVotes(LeaderElection.java:197)
	at org.apache.ratis.server.impl.LeaderElection.run(LeaderElection.java:133)
	at java.lang.Thread.run(Thread.java:748)
Caused by: org.apache.ratis.thirdparty.io.grpc.StatusRuntimeException: UNAVAILABLE: io exception
	at org.apache.ratis.thirdparty.io.grpc.stub.ClientCalls.toStatusRuntimeException(ClientCalls.java:233)
	at org.apache.ratis.thirdparty.io.grpc.stub.ClientCalls.getUnchecked(ClientCalls.java:214)
	at org.apache.ratis.thirdparty.io.grpc.stub.ClientCalls.blockingUnaryCall(ClientCalls.java:139)
	at org.apache.ratis.proto.grpc.RaftServerProtocolServiceGrpc$RaftServerProtocolServiceBlockingStub.requestVote(RaftServerProtocolServiceGrpc.java:265)
	at org.apache.ratis.grpc.server.GrpcServerProtocolClient.requestVote(GrpcServerProtocolClient.java:99)
	at org.apache.ratis.grpc.server.GrpcService.requestVote(GrpcService.java:204)
	at org.apache.ratis.server.impl.LeaderElection.lambda$submitRequests$1(LeaderElection.java:234)
	at java.util.concurrent.FutureTask.run(FutureTask.java:266)
	at java.util.concurrent.Executors$RunnableAdapter.call(Executors.java:511)
	at java.util.concurrent.FutureTask.run(FutureTask.java:266)
	at java.util.concurrent.ThreadPoolExecutor.runWorker(ThreadPoolExecutor.java:1149)
	at java.util.concurrent.ThreadPoolExecutor$Worker.run(ThreadPoolExecutor.java:624)
	... 1 more
Caused by: org.apache.ratis.thirdparty.io.netty.channel.AbstractChannel$AnnotatedConnectException: Connection refused: /192.168.164.233:46080
	at sun.nio.ch.SocketChannelImpl.checkConnect(Native Method)
	at sun.nio.ch.SocketChannelImpl.finishConnect(SocketChannelImpl.java:717)
	at org.apache.ratis.thirdparty.io.netty.channel.socket.nio.NioSocketChannel.doFinishConnect(NioSocketChannel.java:327)
	at org.apache.ratis.thirdparty.io.netty.channel.nio.AbstractNioChannel$AbstractNioUnsafe.finishConnect(AbstractNioChannel.java:340)
	at org.apache.ratis.thirdparty.io.netty.channel.nio.NioEventLoop.processSelectedKey(NioEventLoop.java:632)
	at org.apache.ratis.thirdparty.io.netty.channel.nio.NioEventLoop.processSelectedKeysOptimized(NioEventLoop.java:579)
	at org.apache.ratis.thirdparty.io.netty.channel.nio.NioEventLoop.processSelectedKeys(NioEventLoop.java:496)
	at org.apache.ratis.thirdparty.io.netty.channel.nio.NioEventLoop.run(NioEventLoop.java:458)
	at org.apache.ratis.thirdparty.io.netty.util.concurrent.SingleThreadEventExecutor$5.run(SingleThreadEventExecutor.java:897)
	at org.apache.ratis.thirdparty.io.netty.util.concurrent.FastThreadLocalRunnable.run(FastThreadLocalRunnable.java:30)
	... 1 more
Caused by: java.net.ConnectException: Connection refused
	... 11 more
2019-10-18 14:30:42,422 [681edbc6-a1fc-42a4-b5ce-4922820de60a@group-FD33B9583E3C-LeaderElection190] INFO  impl.LeaderElection (LeaderElection.java:logAndReturn(56)) - 681edbc6-a1fc-42a4-b5ce-4922820de60a@group-FD33B9583E3C-LeaderElection190: Election REJECTED; received 0 response(s) [] and 2 exception(s); 681edbc6-a1fc-42a4-b5ce-4922820de60a@group-FD33B9583E3C:t191, leader=null, voted=681edbc6-a1fc-42a4-b5ce-4922820de60a, raftlog=681edbc6-a1fc-42a4-b5ce-4922820de60a@group-FD33B9583E3C-SegmentedRaftLog:OPENED:c-1,f-1,i0, conf=-1: [3ee7b367-7b16-44e1-99f8-43aefeda0876:192.168.164.233:46080, 681edbc6-a1fc-42a4-b5ce-4922820de60a:192.168.164.233:44267, 773cce60-eeca-4c1f-a5ec-70084be8b6b9:192.168.164.233:38729], old=null
2019-10-18 14:30:42,422 [681edbc6-a1fc-42a4-b5ce-4922820de60a@group-FD33B9583E3C-LeaderElection190] INFO  impl.LeaderElection (LogUtils.java:infoOrTrace(149)) -   Exception 0: {}
java.util.concurrent.ExecutionException: org.apache.ratis.thirdparty.io.grpc.StatusRuntimeException: UNAVAILABLE: io exception
	at java.util.concurrent.FutureTask.report(FutureTask.java:122)
	at java.util.concurrent.FutureTask.get(FutureTask.java:192)
	at org.apache.ratis.server.impl.LeaderElection.waitForResults(LeaderElection.java:259)
	at org.apache.ratis.server.impl.LeaderElection.askForVotes(LeaderElection.java:197)
	at org.apache.ratis.server.impl.LeaderElection.run(LeaderElection.java:133)
	at java.lang.Thread.run(Thread.java:748)
Caused by: org.apache.ratis.thirdparty.io.grpc.StatusRuntimeException: UNAVAILABLE: io exception
	at org.apache.ratis.thirdparty.io.grpc.stub.ClientCalls.toStatusRuntimeException(ClientCalls.java:233)
	at org.apache.ratis.thirdparty.io.grpc.stub.ClientCalls.getUnchecked(ClientCalls.java:214)
	at org.apache.ratis.thirdparty.io.grpc.stub.ClientCalls.blockingUnaryCall(ClientCalls.java:139)
	at org.apache.ratis.proto.grpc.RaftServerProtocolServiceGrpc$RaftServerProtocolServiceBlockingStub.requestVote(RaftServerProtocolServiceGrpc.java:265)
	at org.apache.ratis.grpc.server.GrpcServerProtocolClient.requestVote(GrpcServerProtocolClient.java:99)
	at org.apache.ratis.grpc.server.GrpcService.requestVote(GrpcService.java:204)
	at org.apache.ratis.server.impl.LeaderElection.lambda$submitRequests$1(LeaderElection.java:234)
	at java.util.concurrent.FutureTask.run(FutureTask.java:266)
	at java.util.concurrent.Executors$RunnableAdapter.call(Executors.java:511)
	at java.util.concurrent.FutureTask.run(FutureTask.java:266)
	at java.util.concurrent.ThreadPoolExecutor.runWorker(ThreadPoolExecutor.java:1149)
	at java.util.concurrent.ThreadPoolExecutor$Worker.run(ThreadPoolExecutor.java:624)
	... 1 more
Caused by: org.apache.ratis.thirdparty.io.netty.channel.AbstractChannel$AnnotatedConnectException: Connection refused: /192.168.164.233:38729
	at sun.nio.ch.SocketChannelImpl.checkConnect(Native Method)
	at sun.nio.ch.SocketChannelImpl.finishConnect(SocketChannelImpl.java:717)
	at org.apache.ratis.thirdparty.io.netty.channel.socket.nio.NioSocketChannel.doFinishConnect(NioSocketChannel.java:327)
	at org.apache.ratis.thirdparty.io.netty.channel.nio.AbstractNioChannel$AbstractNioUnsafe.finishConnect(AbstractNioChannel.java:340)
	at org.apache.ratis.thirdparty.io.netty.channel.nio.NioEventLoop.processSelectedKey(NioEventLoop.java:632)
	at org.apache.ratis.thirdparty.io.netty.channel.nio.NioEventLoop.processSelectedKeysOptimized(NioEventLoop.java:579)
	at org.apache.ratis.thirdparty.io.netty.channel.nio.NioEventLoop.processSelectedKeys(NioEventLoop.java:496)
	at org.apache.ratis.thirdparty.io.netty.channel.nio.NioEventLoop.run(NioEventLoop.java:458)
	at org.apache.ratis.thirdparty.io.netty.util.concurrent.SingleThreadEventExecutor$5.run(SingleThreadEventExecutor.java:897)
	at org.apache.ratis.thirdparty.io.netty.util.concurrent.FastThreadLocalRunnable.run(FastThreadLocalRunnable.java:30)
	... 1 more
Caused by: java.net.ConnectException: Connection refused
	... 11 more
2019-10-18 14:30:42,422 [681edbc6-a1fc-42a4-b5ce-4922820de60a@group-FD33B9583E3C-LeaderElection190] INFO  impl.LeaderElection (LogUtils.java:infoOrTrace(149)) -   Exception 1: {}
java.util.concurrent.ExecutionException: org.apache.ratis.thirdparty.io.grpc.StatusRuntimeException: UNAVAILABLE: io exception
	at java.util.concurrent.FutureTask.report(FutureTask.java:122)
	at java.util.concurrent.FutureTask.get(FutureTask.java:192)
	at org.apache.ratis.server.impl.LeaderElection.waitForResults(LeaderElection.java:259)
	at org.apache.ratis.server.impl.LeaderElection.askForVotes(LeaderElection.java:197)
	at org.apache.ratis.server.impl.LeaderElection.run(LeaderElection.java:133)
	at java.lang.Thread.run(Thread.java:748)
Caused by: org.apache.ratis.thirdparty.io.grpc.StatusRuntimeException: UNAVAILABLE: io exception
	at org.apache.ratis.thirdparty.io.grpc.stub.ClientCalls.toStatusRuntimeException(ClientCalls.java:233)
	at org.apache.ratis.thirdparty.io.grpc.stub.ClientCalls.getUnchecked(ClientCalls.java:214)
	at org.apache.ratis.thirdparty.io.grpc.stub.ClientCalls.blockingUnaryCall(ClientCalls.java:139)
	at org.apache.ratis.proto.grpc.RaftServerProtocolServiceGrpc$RaftServerProtocolServiceBlockingStub.requestVote(RaftServerProtocolServiceGrpc.java:265)
	at org.apache.ratis.grpc.server.GrpcServerProtocolClient.requestVote(GrpcServerProtocolClient.java:99)
	at org.apache.ratis.grpc.server.GrpcService.requestVote(GrpcService.java:204)
	at org.apache.ratis.server.impl.LeaderElection.lambda$submitRequests$1(LeaderElection.java:234)
	at java.util.concurrent.FutureTask.run(FutureTask.java:266)
	at java.util.concurrent.Executors$RunnableAdapter.call(Executors.java:511)
	at java.util.concurrent.FutureTask.run(FutureTask.java:266)
	at java.util.concurrent.ThreadPoolExecutor.runWorker(ThreadPoolExecutor.java:1149)
	at java.util.concurrent.ThreadPoolExecutor$Worker.run(ThreadPoolExecutor.java:624)
	... 1 more
Caused by: org.apache.ratis.thirdparty.io.netty.channel.AbstractChannel$AnnotatedConnectException: Connection refused: /192.168.164.233:46080
	at sun.nio.ch.SocketChannelImpl.checkConnect(Native Method)
	at sun.nio.ch.SocketChannelImpl.finishConnect(SocketChannelImpl.java:717)
	at org.apache.ratis.thirdparty.io.netty.channel.socket.nio.NioSocketChannel.doFinishConnect(NioSocketChannel.java:327)
	at org.apache.ratis.thirdparty.io.netty.channel.nio.AbstractNioChannel$AbstractNioUnsafe.finishConnect(AbstractNioChannel.java:340)
	at org.apache.ratis.thirdparty.io.netty.channel.nio.NioEventLoop.processSelectedKey(NioEventLoop.java:632)
	at org.apache.ratis.thirdparty.io.netty.channel.nio.NioEventLoop.processSelectedKeysOptimized(NioEventLoop.java:579)
	at org.apache.ratis.thirdparty.io.netty.channel.nio.NioEventLoop.processSelectedKeys(NioEventLoop.java:496)
	at org.apache.ratis.thirdparty.io.netty.channel.nio.NioEventLoop.run(NioEventLoop.java:458)
	at org.apache.ratis.thirdparty.io.netty.util.concurrent.SingleThreadEventExecutor$5.run(SingleThreadEventExecutor.java:897)
	at org.apache.ratis.thirdparty.io.netty.util.concurrent.FastThreadLocalRunnable.run(FastThreadLocalRunnable.java:30)
	... 1 more
Caused by: java.net.ConnectException: Connection refused
	... 11 more
2019-10-18 14:30:42,423 [681edbc6-a1fc-42a4-b5ce-4922820de60a@group-FD33B9583E3C-LeaderElection190] INFO  impl.RaftServerImpl (RaftServerImpl.java:setRole(184)) - 681edbc6-a1fc-42a4-b5ce-4922820de60a@group-FD33B9583E3C: changes role from CANDIDATE to FOLLOWER at term 191 for DISCOVERED_A_NEW_TERM
2019-10-18 14:30:42,423 [681edbc6-a1fc-42a4-b5ce-4922820de60a@group-FD33B9583E3C-LeaderElection190] INFO  impl.RoleInfo (RoleInfo.java:shutdownLeaderElection(134)) - 681edbc6-a1fc-42a4-b5ce-4922820de60a: shutdown LeaderElection
2019-10-18 14:30:42,423 [681edbc6-a1fc-42a4-b5ce-4922820de60a@group-FD33B9583E3C-LeaderElection190] INFO  impl.RoleInfo (RoleInfo.java:updateAndGet(143)) - 681edbc6-a1fc-42a4-b5ce-4922820de60a: start FollowerState
2019-10-18 14:30:42,490 [Thread-1728] INFO  impl.FollowerState (FollowerState.java:run(108)) - 681edbc6-a1fc-42a4-b5ce-4922820de60a@group-FD33B9583E3C-FollowerState: change to CANDIDATE, lastRpcTime:67ms, electionTimeout:67ms
2019-10-18 14:30:42,490 [Thread-1728] INFO  impl.RoleInfo (RoleInfo.java:shutdownFollowerState(121)) - 681edbc6-a1fc-42a4-b5ce-4922820de60a: shutdown FollowerState
2019-10-18 14:30:42,491 [Thread-1728] INFO  impl.RaftServerImpl (RaftServerImpl.java:setRole(184)) - 681edbc6-a1fc-42a4-b5ce-4922820de60a@group-FD33B9583E3C: changes role from  FOLLOWER to CANDIDATE at term 191 for changeToCandidate
2019-10-18 14:30:42,491 [Thread-1728] INFO  impl.RoleInfo (RoleInfo.java:updateAndGet(143)) - 681edbc6-a1fc-42a4-b5ce-4922820de60a: start LeaderElection
2019-10-18 14:30:42,505 [681edbc6-a1fc-42a4-b5ce-4922820de60a@group-FD33B9583E3C-LeaderElection191] INFO  impl.LeaderElection (LeaderElection.java:askForVotes(178)) - 681edbc6-a1fc-42a4-b5ce-4922820de60a@group-FD33B9583E3C-LeaderElection191: begin an election at term 192 for -1: [3ee7b367-7b16-44e1-99f8-43aefeda0876:192.168.164.233:46080, 681edbc6-a1fc-42a4-b5ce-4922820de60a:192.168.164.233:44267, 773cce60-eeca-4c1f-a5ec-70084be8b6b9:192.168.164.233:38729], old=null
2019-10-18 14:30:42,505 [681edbc6-a1fc-42a4-b5ce-4922820de60a@group-FD33B9583E3C-LeaderElection191] INFO  impl.LeaderElection (LogUtils.java:infoOrTrace(149)) - 681edbc6-a1fc-42a4-b5ce-4922820de60a@group-FD33B9583E3C-LeaderElection191 got exception when requesting votes: {}
java.util.concurrent.ExecutionException: org.apache.ratis.thirdparty.io.grpc.StatusRuntimeException: UNAVAILABLE: io exception
	at java.util.concurrent.FutureTask.report(FutureTask.java:122)
	at java.util.concurrent.FutureTask.get(FutureTask.java:192)
	at org.apache.ratis.server.impl.LeaderElection.waitForResults(LeaderElection.java:259)
	at org.apache.ratis.server.impl.LeaderElection.askForVotes(LeaderElection.java:197)
	at org.apache.ratis.server.impl.LeaderElection.run(LeaderElection.java:133)
	at java.lang.Thread.run(Thread.java:748)
Caused by: org.apache.ratis.thirdparty.io.grpc.StatusRuntimeException: UNAVAILABLE: io exception
	at org.apache.ratis.thirdparty.io.grpc.stub.ClientCalls.toStatusRuntimeException(ClientCalls.java:233)
	at org.apache.ratis.thirdparty.io.grpc.stub.ClientCalls.getUnchecked(ClientCalls.java:214)
	at org.apache.ratis.thirdparty.io.grpc.stub.ClientCalls.blockingUnaryCall(ClientCalls.java:139)
	at org.apache.ratis.proto.grpc.RaftServerProtocolServiceGrpc$RaftServerProtocolServiceBlockingStub.requestVote(RaftServerProtocolServiceGrpc.java:265)
	at org.apache.ratis.grpc.server.GrpcServerProtocolClient.requestVote(GrpcServerProtocolClient.java:99)
	at org.apache.ratis.grpc.server.GrpcService.requestVote(GrpcService.java:204)
	at org.apache.ratis.server.impl.LeaderElection.lambda$submitRequests$1(LeaderElection.java:234)
	at java.util.concurrent.FutureTask.run(FutureTask.java:266)
	at java.util.concurrent.Executors$RunnableAdapter.call(Executors.java:511)
	at java.util.concurrent.FutureTask.run(FutureTask.java:266)
	at java.util.concurrent.ThreadPoolExecutor.runWorker(ThreadPoolExecutor.java:1149)
	at java.util.concurrent.ThreadPoolExecutor$Worker.run(ThreadPoolExecutor.java:624)
	... 1 more
Caused by: org.apache.ratis.thirdparty.io.netty.channel.AbstractChannel$AnnotatedConnectException: Connection refused: /192.168.164.233:38729
	at sun.nio.ch.SocketChannelImpl.checkConnect(Native Method)
	at sun.nio.ch.SocketChannelImpl.finishConnect(SocketChannelImpl.java:717)
	at org.apache.ratis.thirdparty.io.netty.channel.socket.nio.NioSocketChannel.doFinishConnect(NioSocketChannel.java:327)
	at org.apache.ratis.thirdparty.io.netty.channel.nio.AbstractNioChannel$AbstractNioUnsafe.finishConnect(AbstractNioChannel.java:340)
	at org.apache.ratis.thirdparty.io.netty.channel.nio.NioEventLoop.processSelectedKey(NioEventLoop.java:632)
	at org.apache.ratis.thirdparty.io.netty.channel.nio.NioEventLoop.processSelectedKeysOptimized(NioEventLoop.java:579)
	at org.apache.ratis.thirdparty.io.netty.channel.nio.NioEventLoop.processSelectedKeys(NioEventLoop.java:496)
	at org.apache.ratis.thirdparty.io.netty.channel.nio.NioEventLoop.run(NioEventLoop.java:458)
	at org.apache.ratis.thirdparty.io.netty.util.concurrent.SingleThreadEventExecutor$5.run(SingleThreadEventExecutor.java:897)
	at org.apache.ratis.thirdparty.io.netty.util.concurrent.FastThreadLocalRunnable.run(FastThreadLocalRunnable.java:30)
	... 1 more
Caused by: java.net.ConnectException: Connection refused
	... 11 more
2019-10-18 14:30:42,506 [681edbc6-a1fc-42a4-b5ce-4922820de60a@group-FD33B9583E3C-LeaderElection191] INFO  impl.LeaderElection (LogUtils.java:infoOrTrace(149)) - 681edbc6-a1fc-42a4-b5ce-4922820de60a@group-FD33B9583E3C-LeaderElection191 got exception when requesting votes: {}
java.util.concurrent.ExecutionException: org.apache.ratis.thirdparty.io.grpc.StatusRuntimeException: UNAVAILABLE: io exception
	at java.util.concurrent.FutureTask.report(FutureTask.java:122)
	at java.util.concurrent.FutureTask.get(FutureTask.java:192)
	at org.apache.ratis.server.impl.LeaderElection.waitForResults(LeaderElection.java:259)
	at org.apache.ratis.server.impl.LeaderElection.askForVotes(LeaderElection.java:197)
	at org.apache.ratis.server.impl.LeaderElection.run(LeaderElection.java:133)
	at java.lang.Thread.run(Thread.java:748)
Caused by: org.apache.ratis.thirdparty.io.grpc.StatusRuntimeException: UNAVAILABLE: io exception
	at org.apache.ratis.thirdparty.io.grpc.stub.ClientCalls.toStatusRuntimeException(ClientCalls.java:233)
	at org.apache.ratis.thirdparty.io.grpc.stub.ClientCalls.getUnchecked(ClientCalls.java:214)
	at org.apache.ratis.thirdparty.io.grpc.stub.ClientCalls.blockingUnaryCall(ClientCalls.java:139)
	at org.apache.ratis.proto.grpc.RaftServerProtocolServiceGrpc$RaftServerProtocolServiceBlockingStub.requestVote(RaftServerProtocolServiceGrpc.java:265)
	at org.apache.ratis.grpc.server.GrpcServerProtocolClient.requestVote(GrpcServerProtocolClient.java:99)
	at org.apache.ratis.grpc.server.GrpcService.requestVote(GrpcService.java:204)
	at org.apache.ratis.server.impl.LeaderElection.lambda$submitRequests$1(LeaderElection.java:234)
	at java.util.concurrent.FutureTask.run(FutureTask.java:266)
	at java.util.concurrent.Executors$RunnableAdapter.call(Executors.java:511)
	at java.util.concurrent.FutureTask.run(FutureTask.java:266)
	at java.util.concurrent.ThreadPoolExecutor.runWorker(ThreadPoolExecutor.java:1149)
	at java.util.concurrent.ThreadPoolExecutor$Worker.run(ThreadPoolExecutor.java:624)
	... 1 more
Caused by: org.apache.ratis.thirdparty.io.netty.channel.AbstractChannel$AnnotatedConnectException: Connection refused: /192.168.164.233:46080
	at sun.nio.ch.SocketChannelImpl.checkConnect(Native Method)
	at sun.nio.ch.SocketChannelImpl.finishConnect(SocketChannelImpl.java:717)
	at org.apache.ratis.thirdparty.io.netty.channel.socket.nio.NioSocketChannel.doFinishConnect(NioSocketChannel.java:327)
	at org.apache.ratis.thirdparty.io.netty.channel.nio.AbstractNioChannel$AbstractNioUnsafe.finishConnect(AbstractNioChannel.java:340)
	at org.apache.ratis.thirdparty.io.netty.channel.nio.NioEventLoop.processSelectedKey(NioEventLoop.java:632)
	at org.apache.ratis.thirdparty.io.netty.channel.nio.NioEventLoop.processSelectedKeysOptimized(NioEventLoop.java:579)
	at org.apache.ratis.thirdparty.io.netty.channel.nio.NioEventLoop.processSelectedKeys(NioEventLoop.java:496)
	at org.apache.ratis.thirdparty.io.netty.channel.nio.NioEventLoop.run(NioEventLoop.java:458)
	at org.apache.ratis.thirdparty.io.netty.util.concurrent.SingleThreadEventExecutor$5.run(SingleThreadEventExecutor.java:897)
	at org.apache.ratis.thirdparty.io.netty.util.concurrent.FastThreadLocalRunnable.run(FastThreadLocalRunnable.java:30)
	... 1 more
Caused by: java.net.ConnectException: Connection refused
	... 11 more
2019-10-18 14:30:42,506 [681edbc6-a1fc-42a4-b5ce-4922820de60a@group-FD33B9583E3C-LeaderElection191] INFO  impl.LeaderElection (LeaderElection.java:logAndReturn(56)) - 681edbc6-a1fc-42a4-b5ce-4922820de60a@group-FD33B9583E3C-LeaderElection191: Election REJECTED; received 0 response(s) [] and 2 exception(s); 681edbc6-a1fc-42a4-b5ce-4922820de60a@group-FD33B9583E3C:t192, leader=null, voted=681edbc6-a1fc-42a4-b5ce-4922820de60a, raftlog=681edbc6-a1fc-42a4-b5ce-4922820de60a@group-FD33B9583E3C-SegmentedRaftLog:OPENED:c-1,f-1,i0, conf=-1: [3ee7b367-7b16-44e1-99f8-43aefeda0876:192.168.164.233:46080, 681edbc6-a1fc-42a4-b5ce-4922820de60a:192.168.164.233:44267, 773cce60-eeca-4c1f-a5ec-70084be8b6b9:192.168.164.233:38729], old=null
2019-10-18 14:30:42,506 [681edbc6-a1fc-42a4-b5ce-4922820de60a@group-FD33B9583E3C-LeaderElection191] INFO  impl.LeaderElection (LogUtils.java:infoOrTrace(149)) -   Exception 0: {}
java.util.concurrent.ExecutionException: org.apache.ratis.thirdparty.io.grpc.StatusRuntimeException: UNAVAILABLE: io exception
	at java.util.concurrent.FutureTask.report(FutureTask.java:122)
	at java.util.concurrent.FutureTask.get(FutureTask.java:192)
	at org.apache.ratis.server.impl.LeaderElection.waitForResults(LeaderElection.java:259)
	at org.apache.ratis.server.impl.LeaderElection.askForVotes(LeaderElection.java:197)
	at org.apache.ratis.server.impl.LeaderElection.run(LeaderElection.java:133)
	at java.lang.Thread.run(Thread.java:748)
Caused by: org.apache.ratis.thirdparty.io.grpc.StatusRuntimeException: UNAVAILABLE: io exception
	at org.apache.ratis.thirdparty.io.grpc.stub.ClientCalls.toStatusRuntimeException(ClientCalls.java:233)
	at org.apache.ratis.thirdparty.io.grpc.stub.ClientCalls.getUnchecked(ClientCalls.java:214)
	at org.apache.ratis.thirdparty.io.grpc.stub.ClientCalls.blockingUnaryCall(ClientCalls.java:139)
	at org.apache.ratis.proto.grpc.RaftServerProtocolServiceGrpc$RaftServerProtocolServiceBlockingStub.requestVote(RaftServerProtocolServiceGrpc.java:265)
	at org.apache.ratis.grpc.server.GrpcServerProtocolClient.requestVote(GrpcServerProtocolClient.java:99)
	at org.apache.ratis.grpc.server.GrpcService.requestVote(GrpcService.java:204)
	at org.apache.ratis.server.impl.LeaderElection.lambda$submitRequests$1(LeaderElection.java:234)
	at java.util.concurrent.FutureTask.run(FutureTask.java:266)
	at java.util.concurrent.Executors$RunnableAdapter.call(Executors.java:511)
	at java.util.concurrent.FutureTask.run(FutureTask.java:266)
	at java.util.concurrent.ThreadPoolExecutor.runWorker(ThreadPoolExecutor.java:1149)
	at java.util.concurrent.ThreadPoolExecutor$Worker.run(ThreadPoolExecutor.java:624)
	... 1 more
Caused by: org.apache.ratis.thirdparty.io.netty.channel.AbstractChannel$AnnotatedConnectException: Connection refused: /192.168.164.233:38729
	at sun.nio.ch.SocketChannelImpl.checkConnect(Native Method)
	at sun.nio.ch.SocketChannelImpl.finishConnect(SocketChannelImpl.java:717)
	at org.apache.ratis.thirdparty.io.netty.channel.socket.nio.NioSocketChannel.doFinishConnect(NioSocketChannel.java:327)
	at org.apache.ratis.thirdparty.io.netty.channel.nio.AbstractNioChannel$AbstractNioUnsafe.finishConnect(AbstractNioChannel.java:340)
	at org.apache.ratis.thirdparty.io.netty.channel.nio.NioEventLoop.processSelectedKey(NioEventLoop.java:632)
	at org.apache.ratis.thirdparty.io.netty.channel.nio.NioEventLoop.processSelectedKeysOptimized(NioEventLoop.java:579)
	at org.apache.ratis.thirdparty.io.netty.channel.nio.NioEventLoop.processSelectedKeys(NioEventLoop.java:496)
	at org.apache.ratis.thirdparty.io.netty.channel.nio.NioEventLoop.run(NioEventLoop.java:458)
	at org.apache.ratis.thirdparty.io.netty.util.concurrent.SingleThreadEventExecutor$5.run(SingleThreadEventExecutor.java:897)
	at org.apache.ratis.thirdparty.io.netty.util.concurrent.FastThreadLocalRunnable.run(FastThreadLocalRunnable.java:30)
	... 1 more
Caused by: java.net.ConnectException: Connection refused
	... 11 more
2019-10-18 14:30:42,507 [681edbc6-a1fc-42a4-b5ce-4922820de60a@group-FD33B9583E3C-LeaderElection191] INFO  impl.LeaderElection (LogUtils.java:infoOrTrace(149)) -   Exception 1: {}
java.util.concurrent.ExecutionException: org.apache.ratis.thirdparty.io.grpc.StatusRuntimeException: UNAVAILABLE: io exception
	at java.util.concurrent.FutureTask.report(FutureTask.java:122)
	at java.util.concurrent.FutureTask.get(FutureTask.java:192)
	at org.apache.ratis.server.impl.LeaderElection.waitForResults(LeaderElection.java:259)
	at org.apache.ratis.server.impl.LeaderElection.askForVotes(LeaderElection.java:197)
	at org.apache.ratis.server.impl.LeaderElection.run(LeaderElection.java:133)
	at java.lang.Thread.run(Thread.java:748)
Caused by: org.apache.ratis.thirdparty.io.grpc.StatusRuntimeException: UNAVAILABLE: io exception
	at org.apache.ratis.thirdparty.io.grpc.stub.ClientCalls.toStatusRuntimeException(ClientCalls.java:233)
	at org.apache.ratis.thirdparty.io.grpc.stub.ClientCalls.getUnchecked(ClientCalls.java:214)
	at org.apache.ratis.thirdparty.io.grpc.stub.ClientCalls.blockingUnaryCall(ClientCalls.java:139)
	at org.apache.ratis.proto.grpc.RaftServerProtocolServiceGrpc$RaftServerProtocolServiceBlockingStub.requestVote(RaftServerProtocolServiceGrpc.java:265)
	at org.apache.ratis.grpc.server.GrpcServerProtocolClient.requestVote(GrpcServerProtocolClient.java:99)
	at org.apache.ratis.grpc.server.GrpcService.requestVote(GrpcService.java:204)
	at org.apache.ratis.server.impl.LeaderElection.lambda$submitRequests$1(LeaderElection.java:234)
	at java.util.concurrent.FutureTask.run(FutureTask.java:266)
	at java.util.concurrent.Executors$RunnableAdapter.call(Executors.java:511)
	at java.util.concurrent.FutureTask.run(FutureTask.java:266)
	at java.util.concurrent.ThreadPoolExecutor.runWorker(ThreadPoolExecutor.java:1149)
	at java.util.concurrent.ThreadPoolExecutor$Worker.run(ThreadPoolExecutor.java:624)
	... 1 more
Caused by: org.apache.ratis.thirdparty.io.netty.channel.AbstractChannel$AnnotatedConnectException: Connection refused: /192.168.164.233:46080
	at sun.nio.ch.SocketChannelImpl.checkConnect(Native Method)
	at sun.nio.ch.SocketChannelImpl.finishConnect(SocketChannelImpl.java:717)
	at org.apache.ratis.thirdparty.io.netty.channel.socket.nio.NioSocketChannel.doFinishConnect(NioSocketChannel.java:327)
	at org.apache.ratis.thirdparty.io.netty.channel.nio.AbstractNioChannel$AbstractNioUnsafe.finishConnect(AbstractNioChannel.java:340)
	at org.apache.ratis.thirdparty.io.netty.channel.nio.NioEventLoop.processSelectedKey(NioEventLoop.java:632)
	at org.apache.ratis.thirdparty.io.netty.channel.nio.NioEventLoop.processSelectedKeysOptimized(NioEventLoop.java:579)
	at org.apache.ratis.thirdparty.io.netty.channel.nio.NioEventLoop.processSelectedKeys(NioEventLoop.java:496)
	at org.apache.ratis.thirdparty.io.netty.channel.nio.NioEventLoop.run(NioEventLoop.java:458)
	at org.apache.ratis.thirdparty.io.netty.util.concurrent.SingleThreadEventExecutor$5.run(SingleThreadEventExecutor.java:897)
	at org.apache.ratis.thirdparty.io.netty.util.concurrent.FastThreadLocalRunnable.run(FastThreadLocalRunnable.java:30)
	... 1 more
Caused by: java.net.ConnectException: Connection refused
	... 11 more
2019-10-18 14:30:42,507 [681edbc6-a1fc-42a4-b5ce-4922820de60a@group-FD33B9583E3C-LeaderElection191] INFO  impl.RaftServerImpl (RaftServerImpl.java:setRole(184)) - 681edbc6-a1fc-42a4-b5ce-4922820de60a@group-FD33B9583E3C: changes role from CANDIDATE to FOLLOWER at term 192 for DISCOVERED_A_NEW_TERM
2019-10-18 14:30:42,507 [681edbc6-a1fc-42a4-b5ce-4922820de60a@group-FD33B9583E3C-LeaderElection191] INFO  impl.RoleInfo (RoleInfo.java:shutdownLeaderElection(134)) - 681edbc6-a1fc-42a4-b5ce-4922820de60a: shutdown LeaderElection
2019-10-18 14:30:42,507 [681edbc6-a1fc-42a4-b5ce-4922820de60a@group-FD33B9583E3C-LeaderElection191] INFO  impl.RoleInfo (RoleInfo.java:updateAndGet(143)) - 681edbc6-a1fc-42a4-b5ce-4922820de60a: start FollowerState
2019-10-18 14:30:42,562 [Thread-1734] INFO  impl.FollowerState (FollowerState.java:run(108)) - 681edbc6-a1fc-42a4-b5ce-4922820de60a@group-FD33B9583E3C-FollowerState: change to CANDIDATE, lastRpcTime:55ms, electionTimeout:55ms
2019-10-18 14:30:42,563 [Thread-1734] INFO  impl.RoleInfo (RoleInfo.java:shutdownFollowerState(121)) - 681edbc6-a1fc-42a4-b5ce-4922820de60a: shutdown FollowerState
2019-10-18 14:30:42,563 [Thread-1734] INFO  impl.RaftServerImpl (RaftServerImpl.java:setRole(184)) - 681edbc6-a1fc-42a4-b5ce-4922820de60a@group-FD33B9583E3C: changes role from  FOLLOWER to CANDIDATE at term 192 for changeToCandidate
2019-10-18 14:30:42,563 [Thread-1734] INFO  impl.RoleInfo (RoleInfo.java:updateAndGet(143)) - 681edbc6-a1fc-42a4-b5ce-4922820de60a: start LeaderElection
2019-10-18 14:30:42,576 [681edbc6-a1fc-42a4-b5ce-4922820de60a@group-FD33B9583E3C-LeaderElection192] INFO  impl.LeaderElection (LeaderElection.java:askForVotes(178)) - 681edbc6-a1fc-42a4-b5ce-4922820de60a@group-FD33B9583E3C-LeaderElection192: begin an election at term 193 for -1: [3ee7b367-7b16-44e1-99f8-43aefeda0876:192.168.164.233:46080, 681edbc6-a1fc-42a4-b5ce-4922820de60a:192.168.164.233:44267, 773cce60-eeca-4c1f-a5ec-70084be8b6b9:192.168.164.233:38729], old=null
2019-10-18 14:30:42,577 [681edbc6-a1fc-42a4-b5ce-4922820de60a@group-FD33B9583E3C-LeaderElection192] INFO  impl.LeaderElection (LogUtils.java:infoOrTrace(149)) - 681edbc6-a1fc-42a4-b5ce-4922820de60a@group-FD33B9583E3C-LeaderElection192 got exception when requesting votes: {}
java.util.concurrent.ExecutionException: org.apache.ratis.thirdparty.io.grpc.StatusRuntimeException: UNAVAILABLE: io exception
	at java.util.concurrent.FutureTask.report(FutureTask.java:122)
	at java.util.concurrent.FutureTask.get(FutureTask.java:192)
	at org.apache.ratis.server.impl.LeaderElection.waitForResults(LeaderElection.java:259)
	at org.apache.ratis.server.impl.LeaderElection.askForVotes(LeaderElection.java:197)
	at org.apache.ratis.server.impl.LeaderElection.run(LeaderElection.java:133)
	at java.lang.Thread.run(Thread.java:748)
Caused by: org.apache.ratis.thirdparty.io.grpc.StatusRuntimeException: UNAVAILABLE: io exception
	at org.apache.ratis.thirdparty.io.grpc.stub.ClientCalls.toStatusRuntimeException(ClientCalls.java:233)
	at org.apache.ratis.thirdparty.io.grpc.stub.ClientCalls.getUnchecked(ClientCalls.java:214)
	at org.apache.ratis.thirdparty.io.grpc.stub.ClientCalls.blockingUnaryCall(ClientCalls.java:139)
	at org.apache.ratis.proto.grpc.RaftServerProtocolServiceGrpc$RaftServerProtocolServiceBlockingStub.requestVote(RaftServerProtocolServiceGrpc.java:265)
	at org.apache.ratis.grpc.server.GrpcServerProtocolClient.requestVote(GrpcServerProtocolClient.java:99)
	at org.apache.ratis.grpc.server.GrpcService.requestVote(GrpcService.java:204)
	at org.apache.ratis.server.impl.LeaderElection.lambda$submitRequests$1(LeaderElection.java:234)
	at java.util.concurrent.FutureTask.run(FutureTask.java:266)
	at java.util.concurrent.Executors$RunnableAdapter.call(Executors.java:511)
	at java.util.concurrent.FutureTask.run(FutureTask.java:266)
	at java.util.concurrent.ThreadPoolExecutor.runWorker(ThreadPoolExecutor.java:1149)
	at java.util.concurrent.ThreadPoolExecutor$Worker.run(ThreadPoolExecutor.java:624)
	... 1 more
Caused by: org.apache.ratis.thirdparty.io.netty.channel.AbstractChannel$AnnotatedConnectException: Connection refused: /192.168.164.233:38729
	at sun.nio.ch.SocketChannelImpl.checkConnect(Native Method)
	at sun.nio.ch.SocketChannelImpl.finishConnect(SocketChannelImpl.java:717)
	at org.apache.ratis.thirdparty.io.netty.channel.socket.nio.NioSocketChannel.doFinishConnect(NioSocketChannel.java:327)
	at org.apache.ratis.thirdparty.io.netty.channel.nio.AbstractNioChannel$AbstractNioUnsafe.finishConnect(AbstractNioChannel.java:340)
	at org.apache.ratis.thirdparty.io.netty.channel.nio.NioEventLoop.processSelectedKey(NioEventLoop.java:632)
	at org.apache.ratis.thirdparty.io.netty.channel.nio.NioEventLoop.processSelectedKeysOptimized(NioEventLoop.java:579)
	at org.apache.ratis.thirdparty.io.netty.channel.nio.NioEventLoop.processSelectedKeys(NioEventLoop.java:496)
	at org.apache.ratis.thirdparty.io.netty.channel.nio.NioEventLoop.run(NioEventLoop.java:458)
	at org.apache.ratis.thirdparty.io.netty.util.concurrent.SingleThreadEventExecutor$5.run(SingleThreadEventExecutor.java:897)
	at org.apache.ratis.thirdparty.io.netty.util.concurrent.FastThreadLocalRunnable.run(FastThreadLocalRunnable.java:30)
	... 1 more
Caused by: java.net.ConnectException: Connection refused
	... 11 more
2019-10-18 14:30:42,577 [681edbc6-a1fc-42a4-b5ce-4922820de60a@group-FD33B9583E3C-LeaderElection192] INFO  impl.LeaderElection (LogUtils.java:infoOrTrace(149)) - 681edbc6-a1fc-42a4-b5ce-4922820de60a@group-FD33B9583E3C-LeaderElection192 got exception when requesting votes: {}
java.util.concurrent.ExecutionException: org.apache.ratis.thirdparty.io.grpc.StatusRuntimeException: UNAVAILABLE: io exception
	at java.util.concurrent.FutureTask.report(FutureTask.java:122)
	at java.util.concurrent.FutureTask.get(FutureTask.java:192)
	at org.apache.ratis.server.impl.LeaderElection.waitForResults(LeaderElection.java:259)
	at org.apache.ratis.server.impl.LeaderElection.askForVotes(LeaderElection.java:197)
	at org.apache.ratis.server.impl.LeaderElection.run(LeaderElection.java:133)
	at java.lang.Thread.run(Thread.java:748)
Caused by: org.apache.ratis.thirdparty.io.grpc.StatusRuntimeException: UNAVAILABLE: io exception
	at org.apache.ratis.thirdparty.io.grpc.stub.ClientCalls.toStatusRuntimeException(ClientCalls.java:233)
	at org.apache.ratis.thirdparty.io.grpc.stub.ClientCalls.getUnchecked(ClientCalls.java:214)
	at org.apache.ratis.thirdparty.io.grpc.stub.ClientCalls.blockingUnaryCall(ClientCalls.java:139)
	at org.apache.ratis.proto.grpc.RaftServerProtocolServiceGrpc$RaftServerProtocolServiceBlockingStub.requestVote(RaftServerProtocolServiceGrpc.java:265)
	at org.apache.ratis.grpc.server.GrpcServerProtocolClient.requestVote(GrpcServerProtocolClient.java:99)
	at org.apache.ratis.grpc.server.GrpcService.requestVote(GrpcService.java:204)
	at org.apache.ratis.server.impl.LeaderElection.lambda$submitRequests$1(LeaderElection.java:234)
	at java.util.concurrent.FutureTask.run(FutureTask.java:266)
	at java.util.concurrent.Executors$RunnableAdapter.call(Executors.java:511)
	at java.util.concurrent.FutureTask.run(FutureTask.java:266)
	at java.util.concurrent.ThreadPoolExecutor.runWorker(ThreadPoolExecutor.java:1149)
	at java.util.concurrent.ThreadPoolExecutor$Worker.run(ThreadPoolExecutor.java:624)
	... 1 more
Caused by: org.apache.ratis.thirdparty.io.netty.channel.AbstractChannel$AnnotatedConnectException: Connection refused: /192.168.164.233:46080
	at sun.nio.ch.SocketChannelImpl.checkConnect(Native Method)
	at sun.nio.ch.SocketChannelImpl.finishConnect(SocketChannelImpl.java:717)
	at org.apache.ratis.thirdparty.io.netty.channel.socket.nio.NioSocketChannel.doFinishConnect(NioSocketChannel.java:327)
	at org.apache.ratis.thirdparty.io.netty.channel.nio.AbstractNioChannel$AbstractNioUnsafe.finishConnect(AbstractNioChannel.java:340)
	at org.apache.ratis.thirdparty.io.netty.channel.nio.NioEventLoop.processSelectedKey(NioEventLoop.java:632)
	at org.apache.ratis.thirdparty.io.netty.channel.nio.NioEventLoop.processSelectedKeysOptimized(NioEventLoop.java:579)
	at org.apache.ratis.thirdparty.io.netty.channel.nio.NioEventLoop.processSelectedKeys(NioEventLoop.java:496)
	at org.apache.ratis.thirdparty.io.netty.channel.nio.NioEventLoop.run(NioEventLoop.java:458)
	at org.apache.ratis.thirdparty.io.netty.util.concurrent.SingleThreadEventExecutor$5.run(SingleThreadEventExecutor.java:897)
	at org.apache.ratis.thirdparty.io.netty.util.concurrent.FastThreadLocalRunnable.run(FastThreadLocalRunnable.java:30)
	... 1 more
Caused by: java.net.ConnectException: Connection refused
	... 11 more
2019-10-18 14:30:42,577 [681edbc6-a1fc-42a4-b5ce-4922820de60a@group-FD33B9583E3C-LeaderElection192] INFO  impl.LeaderElection (LeaderElection.java:logAndReturn(56)) - 681edbc6-a1fc-42a4-b5ce-4922820de60a@group-FD33B9583E3C-LeaderElection192: Election REJECTED; received 0 response(s) [] and 2 exception(s); 681edbc6-a1fc-42a4-b5ce-4922820de60a@group-FD33B9583E3C:t193, leader=null, voted=681edbc6-a1fc-42a4-b5ce-4922820de60a, raftlog=681edbc6-a1fc-42a4-b5ce-4922820de60a@group-FD33B9583E3C-SegmentedRaftLog:OPENED:c-1,f-1,i0, conf=-1: [3ee7b367-7b16-44e1-99f8-43aefeda0876:192.168.164.233:46080, 681edbc6-a1fc-42a4-b5ce-4922820de60a:192.168.164.233:44267, 773cce60-eeca-4c1f-a5ec-70084be8b6b9:192.168.164.233:38729], old=null
2019-10-18 14:30:42,578 [681edbc6-a1fc-42a4-b5ce-4922820de60a@group-FD33B9583E3C-LeaderElection192] INFO  impl.LeaderElection (LogUtils.java:infoOrTrace(149)) -   Exception 0: {}
java.util.concurrent.ExecutionException: org.apache.ratis.thirdparty.io.grpc.StatusRuntimeException: UNAVAILABLE: io exception
	at java.util.concurrent.FutureTask.report(FutureTask.java:122)
	at java.util.concurrent.FutureTask.get(FutureTask.java:192)
	at org.apache.ratis.server.impl.LeaderElection.waitForResults(LeaderElection.java:259)
	at org.apache.ratis.server.impl.LeaderElection.askForVotes(LeaderElection.java:197)
	at org.apache.ratis.server.impl.LeaderElection.run(LeaderElection.java:133)
	at java.lang.Thread.run(Thread.java:748)
Caused by: org.apache.ratis.thirdparty.io.grpc.StatusRuntimeException: UNAVAILABLE: io exception
	at org.apache.ratis.thirdparty.io.grpc.stub.ClientCalls.toStatusRuntimeException(ClientCalls.java:233)
	at org.apache.ratis.thirdparty.io.grpc.stub.ClientCalls.getUnchecked(ClientCalls.java:214)
	at org.apache.ratis.thirdparty.io.grpc.stub.ClientCalls.blockingUnaryCall(ClientCalls.java:139)
	at org.apache.ratis.proto.grpc.RaftServerProtocolServiceGrpc$RaftServerProtocolServiceBlockingStub.requestVote(RaftServerProtocolServiceGrpc.java:265)
	at org.apache.ratis.grpc.server.GrpcServerProtocolClient.requestVote(GrpcServerProtocolClient.java:99)
	at org.apache.ratis.grpc.server.GrpcService.requestVote(GrpcService.java:204)
	at org.apache.ratis.server.impl.LeaderElection.lambda$submitRequests$1(LeaderElection.java:234)
	at java.util.concurrent.FutureTask.run(FutureTask.java:266)
	at java.util.concurrent.Executors$RunnableAdapter.call(Executors.java:511)
	at java.util.concurrent.FutureTask.run(FutureTask.java:266)
	at java.util.concurrent.ThreadPoolExecutor.runWorker(ThreadPoolExecutor.java:1149)
	at java.util.concurrent.ThreadPoolExecutor$Worker.run(ThreadPoolExecutor.java:624)
	... 1 more
Caused by: org.apache.ratis.thirdparty.io.netty.channel.AbstractChannel$AnnotatedConnectException: Connection refused: /192.168.164.233:38729
	at sun.nio.ch.SocketChannelImpl.checkConnect(Native Method)
	at sun.nio.ch.SocketChannelImpl.finishConnect(SocketChannelImpl.java:717)
	at org.apache.ratis.thirdparty.io.netty.channel.socket.nio.NioSocketChannel.doFinishConnect(NioSocketChannel.java:327)
	at org.apache.ratis.thirdparty.io.netty.channel.nio.AbstractNioChannel$AbstractNioUnsafe.finishConnect(AbstractNioChannel.java:340)
	at org.apache.ratis.thirdparty.io.netty.channel.nio.NioEventLoop.processSelectedKey(NioEventLoop.java:632)
	at org.apache.ratis.thirdparty.io.netty.channel.nio.NioEventLoop.processSelectedKeysOptimized(NioEventLoop.java:579)
	at org.apache.ratis.thirdparty.io.netty.channel.nio.NioEventLoop.processSelectedKeys(NioEventLoop.java:496)
	at org.apache.ratis.thirdparty.io.netty.channel.nio.NioEventLoop.run(NioEventLoop.java:458)
	at org.apache.ratis.thirdparty.io.netty.util.concurrent.SingleThreadEventExecutor$5.run(SingleThreadEventExecutor.java:897)
	at org.apache.ratis.thirdparty.io.netty.util.concurrent.FastThreadLocalRunnable.run(FastThreadLocalRunnable.java:30)
	... 1 more
Caused by: java.net.ConnectException: Connection refused
	... 11 more
2019-10-18 14:30:42,578 [681edbc6-a1fc-42a4-b5ce-4922820de60a@group-FD33B9583E3C-LeaderElection192] INFO  impl.LeaderElection (LogUtils.java:infoOrTrace(149)) -   Exception 1: {}
java.util.concurrent.ExecutionException: org.apache.ratis.thirdparty.io.grpc.StatusRuntimeException: UNAVAILABLE: io exception
	at java.util.concurrent.FutureTask.report(FutureTask.java:122)
	at java.util.concurrent.FutureTask.get(FutureTask.java:192)
	at org.apache.ratis.server.impl.LeaderElection.waitForResults(LeaderElection.java:259)
	at org.apache.ratis.server.impl.LeaderElection.askForVotes(LeaderElection.java:197)
	at org.apache.ratis.server.impl.LeaderElection.run(LeaderElection.java:133)
	at java.lang.Thread.run(Thread.java:748)
Caused by: org.apache.ratis.thirdparty.io.grpc.StatusRuntimeException: UNAVAILABLE: io exception
	at org.apache.ratis.thirdparty.io.grpc.stub.ClientCalls.toStatusRuntimeException(ClientCalls.java:233)
	at org.apache.ratis.thirdparty.io.grpc.stub.ClientCalls.getUnchecked(ClientCalls.java:214)
	at org.apache.ratis.thirdparty.io.grpc.stub.ClientCalls.blockingUnaryCall(ClientCalls.java:139)
	at org.apache.ratis.proto.grpc.RaftServerProtocolServiceGrpc$RaftServerProtocolServiceBlockingStub.requestVote(RaftServerProtocolServiceGrpc.java:265)
	at org.apache.ratis.grpc.server.GrpcServerProtocolClient.requestVote(GrpcServerProtocolClient.java:99)
	at org.apache.ratis.grpc.server.GrpcService.requestVote(GrpcService.java:204)
	at org.apache.ratis.server.impl.LeaderElection.lambda$submitRequests$1(LeaderElection.java:234)
	at java.util.concurrent.FutureTask.run(FutureTask.java:266)
	at java.util.concurrent.Executors$RunnableAdapter.call(Executors.java:511)
	at java.util.concurrent.FutureTask.run(FutureTask.java:266)
	at java.util.concurrent.ThreadPoolExecutor.runWorker(ThreadPoolExecutor.java:1149)
	at java.util.concurrent.ThreadPoolExecutor$Worker.run(ThreadPoolExecutor.java:624)
	... 1 more
Caused by: org.apache.ratis.thirdparty.io.netty.channel.AbstractChannel$AnnotatedConnectException: Connection refused: /192.168.164.233:46080
	at sun.nio.ch.SocketChannelImpl.checkConnect(Native Method)
	at sun.nio.ch.SocketChannelImpl.finishConnect(SocketChannelImpl.java:717)
	at org.apache.ratis.thirdparty.io.netty.channel.socket.nio.NioSocketChannel.doFinishConnect(NioSocketChannel.java:327)
	at org.apache.ratis.thirdparty.io.netty.channel.nio.AbstractNioChannel$AbstractNioUnsafe.finishConnect(AbstractNioChannel.java:340)
	at org.apache.ratis.thirdparty.io.netty.channel.nio.NioEventLoop.processSelectedKey(NioEventLoop.java:632)
	at org.apache.ratis.thirdparty.io.netty.channel.nio.NioEventLoop.processSelectedKeysOptimized(NioEventLoop.java:579)
	at org.apache.ratis.thirdparty.io.netty.channel.nio.NioEventLoop.processSelectedKeys(NioEventLoop.java:496)
	at org.apache.ratis.thirdparty.io.netty.channel.nio.NioEventLoop.run(NioEventLoop.java:458)
	at org.apache.ratis.thirdparty.io.netty.util.concurrent.SingleThreadEventExecutor$5.run(SingleThreadEventExecutor.java:897)
	at org.apache.ratis.thirdparty.io.netty.util.concurrent.FastThreadLocalRunnable.run(FastThreadLocalRunnable.java:30)
	... 1 more
Caused by: java.net.ConnectException: Connection refused
	... 11 more
2019-10-18 14:30:42,578 [681edbc6-a1fc-42a4-b5ce-4922820de60a@group-FD33B9583E3C-LeaderElection192] INFO  impl.RaftServerImpl (RaftServerImpl.java:setRole(184)) - 681edbc6-a1fc-42a4-b5ce-4922820de60a@group-FD33B9583E3C: changes role from CANDIDATE to FOLLOWER at term 193 for DISCOVERED_A_NEW_TERM
2019-10-18 14:30:42,578 [681edbc6-a1fc-42a4-b5ce-4922820de60a@group-FD33B9583E3C-LeaderElection192] INFO  impl.RoleInfo (RoleInfo.java:shutdownLeaderElection(134)) - 681edbc6-a1fc-42a4-b5ce-4922820de60a: shutdown LeaderElection
2019-10-18 14:30:42,578 [681edbc6-a1fc-42a4-b5ce-4922820de60a@group-FD33B9583E3C-LeaderElection192] INFO  impl.RoleInfo (RoleInfo.java:updateAndGet(143)) - 681edbc6-a1fc-42a4-b5ce-4922820de60a: start FollowerState
2019-10-18 14:30:42,719 [java.util.concurrent.ThreadPoolExecutor$Worker@4efed47c[State = -1, empty queue]] WARN  server.GrpcLogAppender (GrpcLogAppender.java:timeoutAppendRequest(209)) - 46c14060-ea78-4b5a-b57c-064e4766b234@group-45DBFE4B8A65->a4757974-e77e-4a1a-a400-c32fe273093a-GrpcLogAppender: appendEntries Timeout, request=46c14060-ea78-4b5a-b57c-064e4766b234->a4757974-e77e-4a1a-a400-c32fe273093a#48-t3, previous=(t:3, i:4), leaderCommit=4, initializing? false, entries: <empty>
2019-10-18 14:30:42,719 [java.util.concurrent.ThreadPoolExecutor$Worker@108d80c3[State = -1, empty queue]] WARN  server.GrpcLogAppender (GrpcLogAppender.java:timeoutAppendRequest(209)) - 46c14060-ea78-4b5a-b57c-064e4766b234@group-45DBFE4B8A65->55013cf6-f41f-4339-a52c-06c119893914-GrpcLogAppender: appendEntries Timeout, request=46c14060-ea78-4b5a-b57c-064e4766b234->55013cf6-f41f-4339-a52c-06c119893914#48-t3, previous=(t:3, i:4), leaderCommit=4, initializing? false, entries: <empty>
2019-10-18 14:30:42,763 [Thread-1738] INFO  impl.FollowerState (FollowerState.java:run(108)) - 681edbc6-a1fc-42a4-b5ce-4922820de60a@group-FD33B9583E3C-FollowerState: change to CANDIDATE, lastRpcTime:185ms, electionTimeout:185ms
2019-10-18 14:30:42,764 [Thread-1738] INFO  impl.RoleInfo (RoleInfo.java:shutdownFollowerState(121)) - 681edbc6-a1fc-42a4-b5ce-4922820de60a: shutdown FollowerState
2019-10-18 14:30:42,764 [Thread-1738] INFO  impl.RaftServerImpl (RaftServerImpl.java:setRole(184)) - 681edbc6-a1fc-42a4-b5ce-4922820de60a@group-FD33B9583E3C: changes role from  FOLLOWER to CANDIDATE at term 193 for changeToCandidate
2019-10-18 14:30:42,764 [Thread-1738] INFO  impl.RoleInfo (RoleInfo.java:updateAndGet(143)) - 681edbc6-a1fc-42a4-b5ce-4922820de60a: start LeaderElection
2019-10-18 14:30:42,773 [681edbc6-a1fc-42a4-b5ce-4922820de60a@group-FD33B9583E3C-LeaderElection193] INFO  impl.LeaderElection (LeaderElection.java:askForVotes(178)) - 681edbc6-a1fc-42a4-b5ce-4922820de60a@group-FD33B9583E3C-LeaderElection193: begin an election at term 194 for -1: [3ee7b367-7b16-44e1-99f8-43aefeda0876:192.168.164.233:46080, 681edbc6-a1fc-42a4-b5ce-4922820de60a:192.168.164.233:44267, 773cce60-eeca-4c1f-a5ec-70084be8b6b9:192.168.164.233:38729], old=null
2019-10-18 14:30:42,774 [681edbc6-a1fc-42a4-b5ce-4922820de60a@group-FD33B9583E3C-LeaderElection193] INFO  impl.LeaderElection (LogUtils.java:infoOrTrace(149)) - 681edbc6-a1fc-42a4-b5ce-4922820de60a@group-FD33B9583E3C-LeaderElection193 got exception when requesting votes: {}
java.util.concurrent.ExecutionException: org.apache.ratis.thirdparty.io.grpc.StatusRuntimeException: UNAVAILABLE: io exception
	at java.util.concurrent.FutureTask.report(FutureTask.java:122)
	at java.util.concurrent.FutureTask.get(FutureTask.java:192)
	at org.apache.ratis.server.impl.LeaderElection.waitForResults(LeaderElection.java:259)
	at org.apache.ratis.server.impl.LeaderElection.askForVotes(LeaderElection.java:197)
	at org.apache.ratis.server.impl.LeaderElection.run(LeaderElection.java:133)
	at java.lang.Thread.run(Thread.java:748)
Caused by: org.apache.ratis.thirdparty.io.grpc.StatusRuntimeException: UNAVAILABLE: io exception
	at org.apache.ratis.thirdparty.io.grpc.stub.ClientCalls.toStatusRuntimeException(ClientCalls.java:233)
	at org.apache.ratis.thirdparty.io.grpc.stub.ClientCalls.getUnchecked(ClientCalls.java:214)
	at org.apache.ratis.thirdparty.io.grpc.stub.ClientCalls.blockingUnaryCall(ClientCalls.java:139)
	at org.apache.ratis.proto.grpc.RaftServerProtocolServiceGrpc$RaftServerProtocolServiceBlockingStub.requestVote(RaftServerProtocolServiceGrpc.java:265)
	at org.apache.ratis.grpc.server.GrpcServerProtocolClient.requestVote(GrpcServerProtocolClient.java:99)
	at org.apache.ratis.grpc.server.GrpcService.requestVote(GrpcService.java:204)
	at org.apache.ratis.server.impl.LeaderElection.lambda$submitRequests$1(LeaderElection.java:234)
	at java.util.concurrent.FutureTask.run(FutureTask.java:266)
	at java.util.concurrent.Executors$RunnableAdapter.call(Executors.java:511)
	at java.util.concurrent.FutureTask.run(FutureTask.java:266)
	at java.util.concurrent.ThreadPoolExecutor.runWorker(ThreadPoolExecutor.java:1149)
	at java.util.concurrent.ThreadPoolExecutor$Worker.run(ThreadPoolExecutor.java:624)
	... 1 more
Caused by: org.apache.ratis.thirdparty.io.netty.channel.AbstractChannel$AnnotatedConnectException: Connection refused: /192.168.164.233:46080
	at sun.nio.ch.SocketChannelImpl.checkConnect(Native Method)
	at sun.nio.ch.SocketChannelImpl.finishConnect(SocketChannelImpl.java:717)
	at org.apache.ratis.thirdparty.io.netty.channel.socket.nio.NioSocketChannel.doFinishConnect(NioSocketChannel.java:327)
	at org.apache.ratis.thirdparty.io.netty.channel.nio.AbstractNioChannel$AbstractNioUnsafe.finishConnect(AbstractNioChannel.java:340)
	at org.apache.ratis.thirdparty.io.netty.channel.nio.NioEventLoop.processSelectedKey(NioEventLoop.java:632)
	at org.apache.ratis.thirdparty.io.netty.channel.nio.NioEventLoop.processSelectedKeysOptimized(NioEventLoop.java:579)
	at org.apache.ratis.thirdparty.io.netty.channel.nio.NioEventLoop.processSelectedKeys(NioEventLoop.java:496)
	at org.apache.ratis.thirdparty.io.netty.channel.nio.NioEventLoop.run(NioEventLoop.java:458)
	at org.apache.ratis.thirdparty.io.netty.util.concurrent.SingleThreadEventExecutor$5.run(SingleThreadEventExecutor.java:897)
	at org.apache.ratis.thirdparty.io.netty.util.concurrent.FastThreadLocalRunnable.run(FastThreadLocalRunnable.java:30)
	... 1 more
Caused by: java.net.ConnectException: Connection refused
	... 11 more
2019-10-18 14:30:42,775 [681edbc6-a1fc-42a4-b5ce-4922820de60a@group-FD33B9583E3C-LeaderElection193] INFO  impl.LeaderElection (LogUtils.java:infoOrTrace(149)) - 681edbc6-a1fc-42a4-b5ce-4922820de60a@group-FD33B9583E3C-LeaderElection193 got exception when requesting votes: {}
java.util.concurrent.ExecutionException: org.apache.ratis.thirdparty.io.grpc.StatusRuntimeException: UNAVAILABLE: io exception
	at java.util.concurrent.FutureTask.report(FutureTask.java:122)
	at java.util.concurrent.FutureTask.get(FutureTask.java:192)
	at org.apache.ratis.server.impl.LeaderElection.waitForResults(LeaderElection.java:259)
	at org.apache.ratis.server.impl.LeaderElection.askForVotes(LeaderElection.java:197)
	at org.apache.ratis.server.impl.LeaderElection.run(LeaderElection.java:133)
	at java.lang.Thread.run(Thread.java:748)
Caused by: org.apache.ratis.thirdparty.io.grpc.StatusRuntimeException: UNAVAILABLE: io exception
	at org.apache.ratis.thirdparty.io.grpc.stub.ClientCalls.toStatusRuntimeException(ClientCalls.java:233)
	at org.apache.ratis.thirdparty.io.grpc.stub.ClientCalls.getUnchecked(ClientCalls.java:214)
	at org.apache.ratis.thirdparty.io.grpc.stub.ClientCalls.blockingUnaryCall(ClientCalls.java:139)
	at org.apache.ratis.proto.grpc.RaftServerProtocolServiceGrpc$RaftServerProtocolServiceBlockingStub.requestVote(RaftServerProtocolServiceGrpc.java:265)
	at org.apache.ratis.grpc.server.GrpcServerProtocolClient.requestVote(GrpcServerProtocolClient.java:99)
	at org.apache.ratis.grpc.server.GrpcService.requestVote(GrpcService.java:204)
	at org.apache.ratis.server.impl.LeaderElection.lambda$submitRequests$1(LeaderElection.java:234)
	at java.util.concurrent.FutureTask.run(FutureTask.java:266)
	at java.util.concurrent.Executors$RunnableAdapter.call(Executors.java:511)
	at java.util.concurrent.FutureTask.run(FutureTask.java:266)
	at java.util.concurrent.ThreadPoolExecutor.runWorker(ThreadPoolExecutor.java:1149)
	at java.util.concurrent.ThreadPoolExecutor$Worker.run(ThreadPoolExecutor.java:624)
	... 1 more
Caused by: org.apache.ratis.thirdparty.io.netty.channel.AbstractChannel$AnnotatedConnectException: Connection refused: /192.168.164.233:38729
	at sun.nio.ch.SocketChannelImpl.checkConnect(Native Method)
	at sun.nio.ch.SocketChannelImpl.finishConnect(SocketChannelImpl.java:717)
	at org.apache.ratis.thirdparty.io.netty.channel.socket.nio.NioSocketChannel.doFinishConnect(NioSocketChannel.java:327)
	at org.apache.ratis.thirdparty.io.netty.channel.nio.AbstractNioChannel$AbstractNioUnsafe.finishConnect(AbstractNioChannel.java:340)
	at org.apache.ratis.thirdparty.io.netty.channel.nio.NioEventLoop.processSelectedKey(NioEventLoop.java:632)
	at org.apache.ratis.thirdparty.io.netty.channel.nio.NioEventLoop.processSelectedKeysOptimized(NioEventLoop.java:579)
	at org.apache.ratis.thirdparty.io.netty.channel.nio.NioEventLoop.processSelectedKeys(NioEventLoop.java:496)
	at org.apache.ratis.thirdparty.io.netty.channel.nio.NioEventLoop.run(NioEventLoop.java:458)
	at org.apache.ratis.thirdparty.io.netty.util.concurrent.SingleThreadEventExecutor$5.run(SingleThreadEventExecutor.java:897)
	at org.apache.ratis.thirdparty.io.netty.util.concurrent.FastThreadLocalRunnable.run(FastThreadLocalRunnable.java:30)
	... 1 more
Caused by: java.net.ConnectException: Connection refused
	... 11 more
2019-10-18 14:30:42,775 [681edbc6-a1fc-42a4-b5ce-4922820de60a@group-FD33B9583E3C-LeaderElection193] INFO  impl.LeaderElection (LeaderElection.java:logAndReturn(56)) - 681edbc6-a1fc-42a4-b5ce-4922820de60a@group-FD33B9583E3C-LeaderElection193: Election REJECTED; received 0 response(s) [] and 2 exception(s); 681edbc6-a1fc-42a4-b5ce-4922820de60a@group-FD33B9583E3C:t194, leader=null, voted=681edbc6-a1fc-42a4-b5ce-4922820de60a, raftlog=681edbc6-a1fc-42a4-b5ce-4922820de60a@group-FD33B9583E3C-SegmentedRaftLog:OPENED:c-1,f-1,i0, conf=-1: [3ee7b367-7b16-44e1-99f8-43aefeda0876:192.168.164.233:46080, 681edbc6-a1fc-42a4-b5ce-4922820de60a:192.168.164.233:44267, 773cce60-eeca-4c1f-a5ec-70084be8b6b9:192.168.164.233:38729], old=null
2019-10-18 14:30:42,775 [681edbc6-a1fc-42a4-b5ce-4922820de60a@group-FD33B9583E3C-LeaderElection193] INFO  impl.LeaderElection (LogUtils.java:infoOrTrace(149)) -   Exception 0: {}
java.util.concurrent.ExecutionException: org.apache.ratis.thirdparty.io.grpc.StatusRuntimeException: UNAVAILABLE: io exception
	at java.util.concurrent.FutureTask.report(FutureTask.java:122)
	at java.util.concurrent.FutureTask.get(FutureTask.java:192)
	at org.apache.ratis.server.impl.LeaderElection.waitForResults(LeaderElection.java:259)
	at org.apache.ratis.server.impl.LeaderElection.askForVotes(LeaderElection.java:197)
	at org.apache.ratis.server.impl.LeaderElection.run(LeaderElection.java:133)
	at java.lang.Thread.run(Thread.java:748)
Caused by: org.apache.ratis.thirdparty.io.grpc.StatusRuntimeException: UNAVAILABLE: io exception
	at org.apache.ratis.thirdparty.io.grpc.stub.ClientCalls.toStatusRuntimeException(ClientCalls.java:233)
	at org.apache.ratis.thirdparty.io.grpc.stub.ClientCalls.getUnchecked(ClientCalls.java:214)
	at org.apache.ratis.thirdparty.io.grpc.stub.ClientCalls.blockingUnaryCall(ClientCalls.java:139)
	at org.apache.ratis.proto.grpc.RaftServerProtocolServiceGrpc$RaftServerProtocolServiceBlockingStub.requestVote(RaftServerProtocolServiceGrpc.java:265)
	at org.apache.ratis.grpc.server.GrpcServerProtocolClient.requestVote(GrpcServerProtocolClient.java:99)
	at org.apache.ratis.grpc.server.GrpcService.requestVote(GrpcService.java:204)
	at org.apache.ratis.server.impl.LeaderElection.lambda$submitRequests$1(LeaderElection.java:234)
	at java.util.concurrent.FutureTask.run(FutureTask.java:266)
	at java.util.concurrent.Executors$RunnableAdapter.call(Executors.java:511)
	at java.util.concurrent.FutureTask.run(FutureTask.java:266)
	at java.util.concurrent.ThreadPoolExecutor.runWorker(ThreadPoolExecutor.java:1149)
	at java.util.concurrent.ThreadPoolExecutor$Worker.run(ThreadPoolExecutor.java:624)
	... 1 more
Caused by: org.apache.ratis.thirdparty.io.netty.channel.AbstractChannel$AnnotatedConnectException: Connection refused: /192.168.164.233:46080
	at sun.nio.ch.SocketChannelImpl.checkConnect(Native Method)
	at sun.nio.ch.SocketChannelImpl.finishConnect(SocketChannelImpl.java:717)
	at org.apache.ratis.thirdparty.io.netty.channel.socket.nio.NioSocketChannel.doFinishConnect(NioSocketChannel.java:327)
	at org.apache.ratis.thirdparty.io.netty.channel.nio.AbstractNioChannel$AbstractNioUnsafe.finishConnect(AbstractNioChannel.java:340)
	at org.apache.ratis.thirdparty.io.netty.channel.nio.NioEventLoop.processSelectedKey(NioEventLoop.java:632)
	at org.apache.ratis.thirdparty.io.netty.channel.nio.NioEventLoop.processSelectedKeysOptimized(NioEventLoop.java:579)
	at org.apache.ratis.thirdparty.io.netty.channel.nio.NioEventLoop.processSelectedKeys(NioEventLoop.java:496)
	at org.apache.ratis.thirdparty.io.netty.channel.nio.NioEventLoop.run(NioEventLoop.java:458)
	at org.apache.ratis.thirdparty.io.netty.util.concurrent.SingleThreadEventExecutor$5.run(SingleThreadEventExecutor.java:897)
	at org.apache.ratis.thirdparty.io.netty.util.concurrent.FastThreadLocalRunnable.run(FastThreadLocalRunnable.java:30)
	... 1 more
Caused by: java.net.ConnectException: Connection refused
	... 11 more
2019-10-18 14:30:42,776 [681edbc6-a1fc-42a4-b5ce-4922820de60a@group-FD33B9583E3C-LeaderElection193] INFO  impl.LeaderElection (LogUtils.java:infoOrTrace(149)) -   Exception 1: {}
java.util.concurrent.ExecutionException: org.apache.ratis.thirdparty.io.grpc.StatusRuntimeException: UNAVAILABLE: io exception
	at java.util.concurrent.FutureTask.report(FutureTask.java:122)
	at java.util.concurrent.FutureTask.get(FutureTask.java:192)
	at org.apache.ratis.server.impl.LeaderElection.waitForResults(LeaderElection.java:259)
	at org.apache.ratis.server.impl.LeaderElection.askForVotes(LeaderElection.java:197)
	at org.apache.ratis.server.impl.LeaderElection.run(LeaderElection.java:133)
	at java.lang.Thread.run(Thread.java:748)
Caused by: org.apache.ratis.thirdparty.io.grpc.StatusRuntimeException: UNAVAILABLE: io exception
	at org.apache.ratis.thirdparty.io.grpc.stub.ClientCalls.toStatusRuntimeException(ClientCalls.java:233)
	at org.apache.ratis.thirdparty.io.grpc.stub.ClientCalls.getUnchecked(ClientCalls.java:214)
	at org.apache.ratis.thirdparty.io.grpc.stub.ClientCalls.blockingUnaryCall(ClientCalls.java:139)
	at org.apache.ratis.proto.grpc.RaftServerProtocolServiceGrpc$RaftServerProtocolServiceBlockingStub.requestVote(RaftServerProtocolServiceGrpc.java:265)
	at org.apache.ratis.grpc.server.GrpcServerProtocolClient.requestVote(GrpcServerProtocolClient.java:99)
	at org.apache.ratis.grpc.server.GrpcService.requestVote(GrpcService.java:204)
	at org.apache.ratis.server.impl.LeaderElection.lambda$submitRequests$1(LeaderElection.java:234)
	at java.util.concurrent.FutureTask.run(FutureTask.java:266)
	at java.util.concurrent.Executors$RunnableAdapter.call(Executors.java:511)
	at java.util.concurrent.FutureTask.run(FutureTask.java:266)
	at java.util.concurrent.ThreadPoolExecutor.runWorker(ThreadPoolExecutor.java:1149)
	at java.util.concurrent.ThreadPoolExecutor$Worker.run(ThreadPoolExecutor.java:624)
	... 1 more
Caused by: org.apache.ratis.thirdparty.io.netty.channel.AbstractChannel$AnnotatedConnectException: Connection refused: /192.168.164.233:38729
	at sun.nio.ch.SocketChannelImpl.checkConnect(Native Method)
	at sun.nio.ch.SocketChannelImpl.finishConnect(SocketChannelImpl.java:717)
	at org.apache.ratis.thirdparty.io.netty.channel.socket.nio.NioSocketChannel.doFinishConnect(NioSocketChannel.java:327)
	at org.apache.ratis.thirdparty.io.netty.channel.nio.AbstractNioChannel$AbstractNioUnsafe.finishConnect(AbstractNioChannel.java:340)
	at org.apache.ratis.thirdparty.io.netty.channel.nio.NioEventLoop.processSelectedKey(NioEventLoop.java:632)
	at org.apache.ratis.thirdparty.io.netty.channel.nio.NioEventLoop.processSelectedKeysOptimized(NioEventLoop.java:579)
	at org.apache.ratis.thirdparty.io.netty.channel.nio.NioEventLoop.processSelectedKeys(NioEventLoop.java:496)
	at org.apache.ratis.thirdparty.io.netty.channel.nio.NioEventLoop.run(NioEventLoop.java:458)
	at org.apache.ratis.thirdparty.io.netty.util.concurrent.SingleThreadEventExecutor$5.run(SingleThreadEventExecutor.java:897)
	at org.apache.ratis.thirdparty.io.netty.util.concurrent.FastThreadLocalRunnable.run(FastThreadLocalRunnable.java:30)
	... 1 more
Caused by: java.net.ConnectException: Connection refused
	... 11 more
2019-10-18 14:30:42,776 [681edbc6-a1fc-42a4-b5ce-4922820de60a@group-FD33B9583E3C-LeaderElection193] INFO  impl.RaftServerImpl (RaftServerImpl.java:setRole(184)) - 681edbc6-a1fc-42a4-b5ce-4922820de60a@group-FD33B9583E3C: changes role from CANDIDATE to FOLLOWER at term 194 for DISCOVERED_A_NEW_TERM
2019-10-18 14:30:42,776 [681edbc6-a1fc-42a4-b5ce-4922820de60a@group-FD33B9583E3C-LeaderElection193] INFO  impl.RoleInfo (RoleInfo.java:shutdownLeaderElection(134)) - 681edbc6-a1fc-42a4-b5ce-4922820de60a: shutdown LeaderElection
2019-10-18 14:30:42,776 [681edbc6-a1fc-42a4-b5ce-4922820de60a@group-FD33B9583E3C-LeaderElection193] INFO  impl.RoleInfo (RoleInfo.java:updateAndGet(143)) - 681edbc6-a1fc-42a4-b5ce-4922820de60a: start FollowerState
2019-10-18 14:30:42,853 [Thread-1742] INFO  impl.FollowerState (FollowerState.java:run(108)) - 681edbc6-a1fc-42a4-b5ce-4922820de60a@group-FD33B9583E3C-FollowerState: change to CANDIDATE, lastRpcTime:76ms, electionTimeout:76ms
2019-10-18 14:30:42,853 [Thread-1742] INFO  impl.RoleInfo (RoleInfo.java:shutdownFollowerState(121)) - 681edbc6-a1fc-42a4-b5ce-4922820de60a: shutdown FollowerState
2019-10-18 14:30:42,853 [Thread-1742] INFO  impl.RaftServerImpl (RaftServerImpl.java:setRole(184)) - 681edbc6-a1fc-42a4-b5ce-4922820de60a@group-FD33B9583E3C: changes role from  FOLLOWER to CANDIDATE at term 194 for changeToCandidate
2019-10-18 14:30:42,853 [Thread-1742] INFO  impl.RoleInfo (RoleInfo.java:updateAndGet(143)) - 681edbc6-a1fc-42a4-b5ce-4922820de60a: start LeaderElection
2019-10-18 14:30:42,866 [681edbc6-a1fc-42a4-b5ce-4922820de60a@group-FD33B9583E3C-LeaderElection194] INFO  impl.LeaderElection (LeaderElection.java:askForVotes(178)) - 681edbc6-a1fc-42a4-b5ce-4922820de60a@group-FD33B9583E3C-LeaderElection194: begin an election at term 195 for -1: [3ee7b367-7b16-44e1-99f8-43aefeda0876:192.168.164.233:46080, 681edbc6-a1fc-42a4-b5ce-4922820de60a:192.168.164.233:44267, 773cce60-eeca-4c1f-a5ec-70084be8b6b9:192.168.164.233:38729], old=null
2019-10-18 14:30:42,866 [681edbc6-a1fc-42a4-b5ce-4922820de60a@group-FD33B9583E3C-LeaderElection194] INFO  impl.LeaderElection (LogUtils.java:infoOrTrace(149)) - 681edbc6-a1fc-42a4-b5ce-4922820de60a@group-FD33B9583E3C-LeaderElection194 got exception when requesting votes: {}
java.util.concurrent.ExecutionException: org.apache.ratis.thirdparty.io.grpc.StatusRuntimeException: UNAVAILABLE: io exception
	at java.util.concurrent.FutureTask.report(FutureTask.java:122)
	at java.util.concurrent.FutureTask.get(FutureTask.java:192)
	at org.apache.ratis.server.impl.LeaderElection.waitForResults(LeaderElection.java:259)
	at org.apache.ratis.server.impl.LeaderElection.askForVotes(LeaderElection.java:197)
	at org.apache.ratis.server.impl.LeaderElection.run(LeaderElection.java:133)
	at java.lang.Thread.run(Thread.java:748)
Caused by: org.apache.ratis.thirdparty.io.grpc.StatusRuntimeException: UNAVAILABLE: io exception
	at org.apache.ratis.thirdparty.io.grpc.stub.ClientCalls.toStatusRuntimeException(ClientCalls.java:233)
	at org.apache.ratis.thirdparty.io.grpc.stub.ClientCalls.getUnchecked(ClientCalls.java:214)
	at org.apache.ratis.thirdparty.io.grpc.stub.ClientCalls.blockingUnaryCall(ClientCalls.java:139)
	at org.apache.ratis.proto.grpc.RaftServerProtocolServiceGrpc$RaftServerProtocolServiceBlockingStub.requestVote(RaftServerProtocolServiceGrpc.java:265)
	at org.apache.ratis.grpc.server.GrpcServerProtocolClient.requestVote(GrpcServerProtocolClient.java:99)
	at org.apache.ratis.grpc.server.GrpcService.requestVote(GrpcService.java:204)
	at org.apache.ratis.server.impl.LeaderElection.lambda$submitRequests$1(LeaderElection.java:234)
	at java.util.concurrent.FutureTask.run(FutureTask.java:266)
	at java.util.concurrent.Executors$RunnableAdapter.call(Executors.java:511)
	at java.util.concurrent.FutureTask.run(FutureTask.java:266)
	at java.util.concurrent.ThreadPoolExecutor.runWorker(ThreadPoolExecutor.java:1149)
	at java.util.concurrent.ThreadPoolExecutor$Worker.run(ThreadPoolExecutor.java:624)
	... 1 more
Caused by: org.apache.ratis.thirdparty.io.netty.channel.AbstractChannel$AnnotatedConnectException: Connection refused: /192.168.164.233:38729
	at sun.nio.ch.SocketChannelImpl.checkConnect(Native Method)
	at sun.nio.ch.SocketChannelImpl.finishConnect(SocketChannelImpl.java:717)
	at org.apache.ratis.thirdparty.io.netty.channel.socket.nio.NioSocketChannel.doFinishConnect(NioSocketChannel.java:327)
	at org.apache.ratis.thirdparty.io.netty.channel.nio.AbstractNioChannel$AbstractNioUnsafe.finishConnect(AbstractNioChannel.java:340)
	at org.apache.ratis.thirdparty.io.netty.channel.nio.NioEventLoop.processSelectedKey(NioEventLoop.java:632)
	at org.apache.ratis.thirdparty.io.netty.channel.nio.NioEventLoop.processSelectedKeysOptimized(NioEventLoop.java:579)
	at org.apache.ratis.thirdparty.io.netty.channel.nio.NioEventLoop.processSelectedKeys(NioEventLoop.java:496)
	at org.apache.ratis.thirdparty.io.netty.channel.nio.NioEventLoop.run(NioEventLoop.java:458)
	at org.apache.ratis.thirdparty.io.netty.util.concurrent.SingleThreadEventExecutor$5.run(SingleThreadEventExecutor.java:897)
	at org.apache.ratis.thirdparty.io.netty.util.concurrent.FastThreadLocalRunnable.run(FastThreadLocalRunnable.java:30)
	... 1 more
Caused by: java.net.ConnectException: Connection refused
	... 11 more
2019-10-18 14:30:42,867 [681edbc6-a1fc-42a4-b5ce-4922820de60a@group-FD33B9583E3C-LeaderElection194] INFO  impl.LeaderElection (LogUtils.java:infoOrTrace(149)) - 681edbc6-a1fc-42a4-b5ce-4922820de60a@group-FD33B9583E3C-LeaderElection194 got exception when requesting votes: {}
java.util.concurrent.ExecutionException: org.apache.ratis.thirdparty.io.grpc.StatusRuntimeException: UNAVAILABLE: io exception
	at java.util.concurrent.FutureTask.report(FutureTask.java:122)
	at java.util.concurrent.FutureTask.get(FutureTask.java:192)
	at org.apache.ratis.server.impl.LeaderElection.waitForResults(LeaderElection.java:259)
	at org.apache.ratis.server.impl.LeaderElection.askForVotes(LeaderElection.java:197)
	at org.apache.ratis.server.impl.LeaderElection.run(LeaderElection.java:133)
	at java.lang.Thread.run(Thread.java:748)
Caused by: org.apache.ratis.thirdparty.io.grpc.StatusRuntimeException: UNAVAILABLE: io exception
	at org.apache.ratis.thirdparty.io.grpc.stub.ClientCalls.toStatusRuntimeException(ClientCalls.java:233)
	at org.apache.ratis.thirdparty.io.grpc.stub.ClientCalls.getUnchecked(ClientCalls.java:214)
	at org.apache.ratis.thirdparty.io.grpc.stub.ClientCalls.blockingUnaryCall(ClientCalls.java:139)
	at org.apache.ratis.proto.grpc.RaftServerProtocolServiceGrpc$RaftServerProtocolServiceBlockingStub.requestVote(RaftServerProtocolServiceGrpc.java:265)
	at org.apache.ratis.grpc.server.GrpcServerProtocolClient.requestVote(GrpcServerProtocolClient.java:99)
	at org.apache.ratis.grpc.server.GrpcService.requestVote(GrpcService.java:204)
	at org.apache.ratis.server.impl.LeaderElection.lambda$submitRequests$1(LeaderElection.java:234)
	at java.util.concurrent.FutureTask.run(FutureTask.java:266)
	at java.util.concurrent.Executors$RunnableAdapter.call(Executors.java:511)
	at java.util.concurrent.FutureTask.run(FutureTask.java:266)
	at java.util.concurrent.ThreadPoolExecutor.runWorker(ThreadPoolExecutor.java:1149)
	at java.util.concurrent.ThreadPoolExecutor$Worker.run(ThreadPoolExecutor.java:624)
	... 1 more
Caused by: org.apache.ratis.thirdparty.io.netty.channel.AbstractChannel$AnnotatedConnectException: Connection refused: /192.168.164.233:46080
	at sun.nio.ch.SocketChannelImpl.checkConnect(Native Method)
	at sun.nio.ch.SocketChannelImpl.finishConnect(SocketChannelImpl.java:717)
	at org.apache.ratis.thirdparty.io.netty.channel.socket.nio.NioSocketChannel.doFinishConnect(NioSocketChannel.java:327)
	at org.apache.ratis.thirdparty.io.netty.channel.nio.AbstractNioChannel$AbstractNioUnsafe.finishConnect(AbstractNioChannel.java:340)
	at org.apache.ratis.thirdparty.io.netty.channel.nio.NioEventLoop.processSelectedKey(NioEventLoop.java:632)
	at org.apache.ratis.thirdparty.io.netty.channel.nio.NioEventLoop.processSelectedKeysOptimized(NioEventLoop.java:579)
	at org.apache.ratis.thirdparty.io.netty.channel.nio.NioEventLoop.processSelectedKeys(NioEventLoop.java:496)
	at org.apache.ratis.thirdparty.io.netty.channel.nio.NioEventLoop.run(NioEventLoop.java:458)
	at org.apache.ratis.thirdparty.io.netty.util.concurrent.SingleThreadEventExecutor$5.run(SingleThreadEventExecutor.java:897)
	at org.apache.ratis.thirdparty.io.netty.util.concurrent.FastThreadLocalRunnable.run(FastThreadLocalRunnable.java:30)
	... 1 more
Caused by: java.net.ConnectException: Connection refused
	... 11 more
2019-10-18 14:30:42,867 [681edbc6-a1fc-42a4-b5ce-4922820de60a@group-FD33B9583E3C-LeaderElection194] INFO  impl.LeaderElection (LeaderElection.java:logAndReturn(56)) - 681edbc6-a1fc-42a4-b5ce-4922820de60a@group-FD33B9583E3C-LeaderElection194: Election REJECTED; received 0 response(s) [] and 2 exception(s); 681edbc6-a1fc-42a4-b5ce-4922820de60a@group-FD33B9583E3C:t195, leader=null, voted=681edbc6-a1fc-42a4-b5ce-4922820de60a, raftlog=681edbc6-a1fc-42a4-b5ce-4922820de60a@group-FD33B9583E3C-SegmentedRaftLog:OPENED:c-1,f-1,i0, conf=-1: [3ee7b367-7b16-44e1-99f8-43aefeda0876:192.168.164.233:46080, 681edbc6-a1fc-42a4-b5ce-4922820de60a:192.168.164.233:44267, 773cce60-eeca-4c1f-a5ec-70084be8b6b9:192.168.164.233:38729], old=null
2019-10-18 14:30:42,867 [681edbc6-a1fc-42a4-b5ce-4922820de60a@group-FD33B9583E3C-LeaderElection194] INFO  impl.LeaderElection (LogUtils.java:infoOrTrace(149)) -   Exception 0: {}
java.util.concurrent.ExecutionException: org.apache.ratis.thirdparty.io.grpc.StatusRuntimeException: UNAVAILABLE: io exception
	at java.util.concurrent.FutureTask.report(FutureTask.java:122)
	at java.util.concurrent.FutureTask.get(FutureTask.java:192)
	at org.apache.ratis.server.impl.LeaderElection.waitForResults(LeaderElection.java:259)
	at org.apache.ratis.server.impl.LeaderElection.askForVotes(LeaderElection.java:197)
	at org.apache.ratis.server.impl.LeaderElection.run(LeaderElection.java:133)
	at java.lang.Thread.run(Thread.java:748)
Caused by: org.apache.ratis.thirdparty.io.grpc.StatusRuntimeException: UNAVAILABLE: io exception
	at org.apache.ratis.thirdparty.io.grpc.stub.ClientCalls.toStatusRuntimeException(ClientCalls.java:233)
	at org.apache.ratis.thirdparty.io.grpc.stub.ClientCalls.getUnchecked(ClientCalls.java:214)
	at org.apache.ratis.thirdparty.io.grpc.stub.ClientCalls.blockingUnaryCall(ClientCalls.java:139)
	at org.apache.ratis.proto.grpc.RaftServerProtocolServiceGrpc$RaftServerProtocolServiceBlockingStub.requestVote(RaftServerProtocolServiceGrpc.java:265)
	at org.apache.ratis.grpc.server.GrpcServerProtocolClient.requestVote(GrpcServerProtocolClient.java:99)
	at org.apache.ratis.grpc.server.GrpcService.requestVote(GrpcService.java:204)
	at org.apache.ratis.server.impl.LeaderElection.lambda$submitRequests$1(LeaderElection.java:234)
	at java.util.concurrent.FutureTask.run(FutureTask.java:266)
	at java.util.concurrent.Executors$RunnableAdapter.call(Executors.java:511)
	at java.util.concurrent.FutureTask.run(FutureTask.java:266)
	at java.util.concurrent.ThreadPoolExecutor.runWorker(ThreadPoolExecutor.java:1149)
	at java.util.concurrent.ThreadPoolExecutor$Worker.run(ThreadPoolExecutor.java:624)
	... 1 more
Caused by: org.apache.ratis.thirdparty.io.netty.channel.AbstractChannel$AnnotatedConnectException: Connection refused: /192.168.164.233:38729
	at sun.nio.ch.SocketChannelImpl.checkConnect(Native Method)
	at sun.nio.ch.SocketChannelImpl.finishConnect(SocketChannelImpl.java:717)
	at org.apache.ratis.thirdparty.io.netty.channel.socket.nio.NioSocketChannel.doFinishConnect(NioSocketChannel.java:327)
	at org.apache.ratis.thirdparty.io.netty.channel.nio.AbstractNioChannel$AbstractNioUnsafe.finishConnect(AbstractNioChannel.java:340)
	at org.apache.ratis.thirdparty.io.netty.channel.nio.NioEventLoop.processSelectedKey(NioEventLoop.java:632)
	at org.apache.ratis.thirdparty.io.netty.channel.nio.NioEventLoop.processSelectedKeysOptimized(NioEventLoop.java:579)
	at org.apache.ratis.thirdparty.io.netty.channel.nio.NioEventLoop.processSelectedKeys(NioEventLoop.java:496)
	at org.apache.ratis.thirdparty.io.netty.channel.nio.NioEventLoop.run(NioEventLoop.java:458)
	at org.apache.ratis.thirdparty.io.netty.util.concurrent.SingleThreadEventExecutor$5.run(SingleThreadEventExecutor.java:897)
	at org.apache.ratis.thirdparty.io.netty.util.concurrent.FastThreadLocalRunnable.run(FastThreadLocalRunnable.java:30)
	... 1 more
Caused by: java.net.ConnectException: Connection refused
	... 11 more
2019-10-18 14:30:42,868 [681edbc6-a1fc-42a4-b5ce-4922820de60a@group-FD33B9583E3C-LeaderElection194] INFO  impl.LeaderElection (LogUtils.java:infoOrTrace(149)) -   Exception 1: {}
java.util.concurrent.ExecutionException: org.apache.ratis.thirdparty.io.grpc.StatusRuntimeException: UNAVAILABLE: io exception
	at java.util.concurrent.FutureTask.report(FutureTask.java:122)
	at java.util.concurrent.FutureTask.get(FutureTask.java:192)
	at org.apache.ratis.server.impl.LeaderElection.waitForResults(LeaderElection.java:259)
	at org.apache.ratis.server.impl.LeaderElection.askForVotes(LeaderElection.java:197)
	at org.apache.ratis.server.impl.LeaderElection.run(LeaderElection.java:133)
	at java.lang.Thread.run(Thread.java:748)
Caused by: org.apache.ratis.thirdparty.io.grpc.StatusRuntimeException: UNAVAILABLE: io exception
	at org.apache.ratis.thirdparty.io.grpc.stub.ClientCalls.toStatusRuntimeException(ClientCalls.java:233)
	at org.apache.ratis.thirdparty.io.grpc.stub.ClientCalls.getUnchecked(ClientCalls.java:214)
	at org.apache.ratis.thirdparty.io.grpc.stub.ClientCalls.blockingUnaryCall(ClientCalls.java:139)
	at org.apache.ratis.proto.grpc.RaftServerProtocolServiceGrpc$RaftServerProtocolServiceBlockingStub.requestVote(RaftServerProtocolServiceGrpc.java:265)
	at org.apache.ratis.grpc.server.GrpcServerProtocolClient.requestVote(GrpcServerProtocolClient.java:99)
	at org.apache.ratis.grpc.server.GrpcService.requestVote(GrpcService.java:204)
	at org.apache.ratis.server.impl.LeaderElection.lambda$submitRequests$1(LeaderElection.java:234)
	at java.util.concurrent.FutureTask.run(FutureTask.java:266)
	at java.util.concurrent.Executors$RunnableAdapter.call(Executors.java:511)
	at java.util.concurrent.FutureTask.run(FutureTask.java:266)
	at java.util.concurrent.ThreadPoolExecutor.runWorker(ThreadPoolExecutor.java:1149)
	at java.util.concurrent.ThreadPoolExecutor$Worker.run(ThreadPoolExecutor.java:624)
	... 1 more
Caused by: org.apache.ratis.thirdparty.io.netty.channel.AbstractChannel$AnnotatedConnectException: Connection refused: /192.168.164.233:46080
	at sun.nio.ch.SocketChannelImpl.checkConnect(Native Method)
	at sun.nio.ch.SocketChannelImpl.finishConnect(SocketChannelImpl.java:717)
	at org.apache.ratis.thirdparty.io.netty.channel.socket.nio.NioSocketChannel.doFinishConnect(NioSocketChannel.java:327)
	at org.apache.ratis.thirdparty.io.netty.channel.nio.AbstractNioChannel$AbstractNioUnsafe.finishConnect(AbstractNioChannel.java:340)
	at org.apache.ratis.thirdparty.io.netty.channel.nio.NioEventLoop.processSelectedKey(NioEventLoop.java:632)
	at org.apache.ratis.thirdparty.io.netty.channel.nio.NioEventLoop.processSelectedKeysOptimized(NioEventLoop.java:579)
	at org.apache.ratis.thirdparty.io.netty.channel.nio.NioEventLoop.processSelectedKeys(NioEventLoop.java:496)
	at org.apache.ratis.thirdparty.io.netty.channel.nio.NioEventLoop.run(NioEventLoop.java:458)
	at org.apache.ratis.thirdparty.io.netty.util.concurrent.SingleThreadEventExecutor$5.run(SingleThreadEventExecutor.java:897)
	at org.apache.ratis.thirdparty.io.netty.util.concurrent.FastThreadLocalRunnable.run(FastThreadLocalRunnable.java:30)
	... 1 more
Caused by: java.net.ConnectException: Connection refused
	... 11 more
2019-10-18 14:30:42,868 [681edbc6-a1fc-42a4-b5ce-4922820de60a@group-FD33B9583E3C-LeaderElection194] INFO  impl.RaftServerImpl (RaftServerImpl.java:setRole(184)) - 681edbc6-a1fc-42a4-b5ce-4922820de60a@group-FD33B9583E3C: changes role from CANDIDATE to FOLLOWER at term 195 for DISCOVERED_A_NEW_TERM
2019-10-18 14:30:42,868 [681edbc6-a1fc-42a4-b5ce-4922820de60a@group-FD33B9583E3C-LeaderElection194] INFO  impl.RoleInfo (RoleInfo.java:shutdownLeaderElection(134)) - 681edbc6-a1fc-42a4-b5ce-4922820de60a: shutdown LeaderElection
2019-10-18 14:30:42,868 [681edbc6-a1fc-42a4-b5ce-4922820de60a@group-FD33B9583E3C-LeaderElection194] INFO  impl.RoleInfo (RoleInfo.java:updateAndGet(143)) - 681edbc6-a1fc-42a4-b5ce-4922820de60a: start FollowerState
2019-10-18 14:30:42,970 [Thread-1746] INFO  impl.FollowerState (FollowerState.java:run(108)) - 681edbc6-a1fc-42a4-b5ce-4922820de60a@group-FD33B9583E3C-FollowerState: change to CANDIDATE, lastRpcTime:101ms, electionTimeout:101ms
2019-10-18 14:30:42,970 [Thread-1746] INFO  impl.RoleInfo (RoleInfo.java:shutdownFollowerState(121)) - 681edbc6-a1fc-42a4-b5ce-4922820de60a: shutdown FollowerState
2019-10-18 14:30:42,970 [Thread-1746] INFO  impl.RaftServerImpl (RaftServerImpl.java:setRole(184)) - 681edbc6-a1fc-42a4-b5ce-4922820de60a@group-FD33B9583E3C: changes role from  FOLLOWER to CANDIDATE at term 195 for changeToCandidate
2019-10-18 14:30:42,970 [Thread-1746] INFO  impl.RoleInfo (RoleInfo.java:updateAndGet(143)) - 681edbc6-a1fc-42a4-b5ce-4922820de60a: start LeaderElection
2019-10-18 14:30:42,983 [681edbc6-a1fc-42a4-b5ce-4922820de60a@group-FD33B9583E3C-LeaderElection195] INFO  impl.LeaderElection (LeaderElection.java:askForVotes(178)) - 681edbc6-a1fc-42a4-b5ce-4922820de60a@group-FD33B9583E3C-LeaderElection195: begin an election at term 196 for -1: [3ee7b367-7b16-44e1-99f8-43aefeda0876:192.168.164.233:46080, 681edbc6-a1fc-42a4-b5ce-4922820de60a:192.168.164.233:44267, 773cce60-eeca-4c1f-a5ec-70084be8b6b9:192.168.164.233:38729], old=null
2019-10-18 14:30:42,984 [681edbc6-a1fc-42a4-b5ce-4922820de60a@group-FD33B9583E3C-LeaderElection195] INFO  impl.LeaderElection (LogUtils.java:infoOrTrace(149)) - 681edbc6-a1fc-42a4-b5ce-4922820de60a@group-FD33B9583E3C-LeaderElection195 got exception when requesting votes: {}
java.util.concurrent.ExecutionException: org.apache.ratis.thirdparty.io.grpc.StatusRuntimeException: UNAVAILABLE: io exception
	at java.util.concurrent.FutureTask.report(FutureTask.java:122)
	at java.util.concurrent.FutureTask.get(FutureTask.java:192)
	at org.apache.ratis.server.impl.LeaderElection.waitForResults(LeaderElection.java:259)
	at org.apache.ratis.server.impl.LeaderElection.askForVotes(LeaderElection.java:197)
	at org.apache.ratis.server.impl.LeaderElection.run(LeaderElection.java:133)
	at java.lang.Thread.run(Thread.java:748)
Caused by: org.apache.ratis.thirdparty.io.grpc.StatusRuntimeException: UNAVAILABLE: io exception
	at org.apache.ratis.thirdparty.io.grpc.stub.ClientCalls.toStatusRuntimeException(ClientCalls.java:233)
	at org.apache.ratis.thirdparty.io.grpc.stub.ClientCalls.getUnchecked(ClientCalls.java:214)
	at org.apache.ratis.thirdparty.io.grpc.stub.ClientCalls.blockingUnaryCall(ClientCalls.java:139)
	at org.apache.ratis.proto.grpc.RaftServerProtocolServiceGrpc$RaftServerProtocolServiceBlockingStub.requestVote(RaftServerProtocolServiceGrpc.java:265)
	at org.apache.ratis.grpc.server.GrpcServerProtocolClient.requestVote(GrpcServerProtocolClient.java:99)
	at org.apache.ratis.grpc.server.GrpcService.requestVote(GrpcService.java:204)
	at org.apache.ratis.server.impl.LeaderElection.lambda$submitRequests$1(LeaderElection.java:234)
	at java.util.concurrent.FutureTask.run(FutureTask.java:266)
	at java.util.concurrent.Executors$RunnableAdapter.call(Executors.java:511)
	at java.util.concurrent.FutureTask.run(FutureTask.java:266)
	at java.util.concurrent.ThreadPoolExecutor.runWorker(ThreadPoolExecutor.java:1149)
	at java.util.concurrent.ThreadPoolExecutor$Worker.run(ThreadPoolExecutor.java:624)
	... 1 more
Caused by: org.apache.ratis.thirdparty.io.netty.channel.AbstractChannel$AnnotatedConnectException: Connection refused: /192.168.164.233:38729
	at sun.nio.ch.SocketChannelImpl.checkConnect(Native Method)
	at sun.nio.ch.SocketChannelImpl.finishConnect(SocketChannelImpl.java:717)
	at org.apache.ratis.thirdparty.io.netty.channel.socket.nio.NioSocketChannel.doFinishConnect(NioSocketChannel.java:327)
	at org.apache.ratis.thirdparty.io.netty.channel.nio.AbstractNioChannel$AbstractNioUnsafe.finishConnect(AbstractNioChannel.java:340)
	at org.apache.ratis.thirdparty.io.netty.channel.nio.NioEventLoop.processSelectedKey(NioEventLoop.java:632)
	at org.apache.ratis.thirdparty.io.netty.channel.nio.NioEventLoop.processSelectedKeysOptimized(NioEventLoop.java:579)
	at org.apache.ratis.thirdparty.io.netty.channel.nio.NioEventLoop.processSelectedKeys(NioEventLoop.java:496)
	at org.apache.ratis.thirdparty.io.netty.channel.nio.NioEventLoop.run(NioEventLoop.java:458)
	at org.apache.ratis.thirdparty.io.netty.util.concurrent.SingleThreadEventExecutor$5.run(SingleThreadEventExecutor.java:897)
	at org.apache.ratis.thirdparty.io.netty.util.concurrent.FastThreadLocalRunnable.run(FastThreadLocalRunnable.java:30)
	... 1 more
Caused by: java.net.ConnectException: Connection refused
	... 11 more
2019-10-18 14:30:42,984 [681edbc6-a1fc-42a4-b5ce-4922820de60a@group-FD33B9583E3C-LeaderElection195] INFO  impl.LeaderElection (LogUtils.java:infoOrTrace(149)) - 681edbc6-a1fc-42a4-b5ce-4922820de60a@group-FD33B9583E3C-LeaderElection195 got exception when requesting votes: {}
java.util.concurrent.ExecutionException: org.apache.ratis.thirdparty.io.grpc.StatusRuntimeException: UNAVAILABLE: io exception
	at java.util.concurrent.FutureTask.report(FutureTask.java:122)
	at java.util.concurrent.FutureTask.get(FutureTask.java:192)
	at org.apache.ratis.server.impl.LeaderElection.waitForResults(LeaderElection.java:259)
	at org.apache.ratis.server.impl.LeaderElection.askForVotes(LeaderElection.java:197)
	at org.apache.ratis.server.impl.LeaderElection.run(LeaderElection.java:133)
	at java.lang.Thread.run(Thread.java:748)
Caused by: org.apache.ratis.thirdparty.io.grpc.StatusRuntimeException: UNAVAILABLE: io exception
	at org.apache.ratis.thirdparty.io.grpc.stub.ClientCalls.toStatusRuntimeException(ClientCalls.java:233)
	at org.apache.ratis.thirdparty.io.grpc.stub.ClientCalls.getUnchecked(ClientCalls.java:214)
	at org.apache.ratis.thirdparty.io.grpc.stub.ClientCalls.blockingUnaryCall(ClientCalls.java:139)
	at org.apache.ratis.proto.grpc.RaftServerProtocolServiceGrpc$RaftServerProtocolServiceBlockingStub.requestVote(RaftServerProtocolServiceGrpc.java:265)
	at org.apache.ratis.grpc.server.GrpcServerProtocolClient.requestVote(GrpcServerProtocolClient.java:99)
	at org.apache.ratis.grpc.server.GrpcService.requestVote(GrpcService.java:204)
	at org.apache.ratis.server.impl.LeaderElection.lambda$submitRequests$1(LeaderElection.java:234)
	at java.util.concurrent.FutureTask.run(FutureTask.java:266)
	at java.util.concurrent.Executors$RunnableAdapter.call(Executors.java:511)
	at java.util.concurrent.FutureTask.run(FutureTask.java:266)
	at java.util.concurrent.ThreadPoolExecutor.runWorker(ThreadPoolExecutor.java:1149)
	at java.util.concurrent.ThreadPoolExecutor$Worker.run(ThreadPoolExecutor.java:624)
	... 1 more
Caused by: org.apache.ratis.thirdparty.io.netty.channel.AbstractChannel$AnnotatedConnectException: Connection refused: /192.168.164.233:46080
	at sun.nio.ch.SocketChannelImpl.checkConnect(Native Method)
	at sun.nio.ch.SocketChannelImpl.finishConnect(SocketChannelImpl.java:717)
	at org.apache.ratis.thirdparty.io.netty.channel.socket.nio.NioSocketChannel.doFinishConnect(NioSocketChannel.java:327)
	at org.apache.ratis.thirdparty.io.netty.channel.nio.AbstractNioChannel$AbstractNioUnsafe.finishConnect(AbstractNioChannel.java:340)
	at org.apache.ratis.thirdparty.io.netty.channel.nio.NioEventLoop.processSelectedKey(NioEventLoop.java:632)
	at org.apache.ratis.thirdparty.io.netty.channel.nio.NioEventLoop.processSelectedKeysOptimized(NioEventLoop.java:579)
	at org.apache.ratis.thirdparty.io.netty.channel.nio.NioEventLoop.processSelectedKeys(NioEventLoop.java:496)
	at org.apache.ratis.thirdparty.io.netty.channel.nio.NioEventLoop.run(NioEventLoop.java:458)
	at org.apache.ratis.thirdparty.io.netty.util.concurrent.SingleThreadEventExecutor$5.run(SingleThreadEventExecutor.java:897)
	at org.apache.ratis.thirdparty.io.netty.util.concurrent.FastThreadLocalRunnable.run(FastThreadLocalRunnable.java:30)
	... 1 more
Caused by: java.net.ConnectException: Connection refused
	... 11 more
2019-10-18 14:30:42,984 [681edbc6-a1fc-42a4-b5ce-4922820de60a@group-FD33B9583E3C-LeaderElection195] INFO  impl.LeaderElection (LeaderElection.java:logAndReturn(56)) - 681edbc6-a1fc-42a4-b5ce-4922820de60a@group-FD33B9583E3C-LeaderElection195: Election REJECTED; received 0 response(s) [] and 2 exception(s); 681edbc6-a1fc-42a4-b5ce-4922820de60a@group-FD33B9583E3C:t196, leader=null, voted=681edbc6-a1fc-42a4-b5ce-4922820de60a, raftlog=681edbc6-a1fc-42a4-b5ce-4922820de60a@group-FD33B9583E3C-SegmentedRaftLog:OPENED:c-1,f-1,i0, conf=-1: [3ee7b367-7b16-44e1-99f8-43aefeda0876:192.168.164.233:46080, 681edbc6-a1fc-42a4-b5ce-4922820de60a:192.168.164.233:44267, 773cce60-eeca-4c1f-a5ec-70084be8b6b9:192.168.164.233:38729], old=null
2019-10-18 14:30:42,984 [681edbc6-a1fc-42a4-b5ce-4922820de60a@group-FD33B9583E3C-LeaderElection195] INFO  impl.LeaderElection (LogUtils.java:infoOrTrace(149)) -   Exception 0: {}
java.util.concurrent.ExecutionException: org.apache.ratis.thirdparty.io.grpc.StatusRuntimeException: UNAVAILABLE: io exception
	at java.util.concurrent.FutureTask.report(FutureTask.java:122)
	at java.util.concurrent.FutureTask.get(FutureTask.java:192)
	at org.apache.ratis.server.impl.LeaderElection.waitForResults(LeaderElection.java:259)
	at org.apache.ratis.server.impl.LeaderElection.askForVotes(LeaderElection.java:197)
	at org.apache.ratis.server.impl.LeaderElection.run(LeaderElection.java:133)
	at java.lang.Thread.run(Thread.java:748)
Caused by: org.apache.ratis.thirdparty.io.grpc.StatusRuntimeException: UNAVAILABLE: io exception
	at org.apache.ratis.thirdparty.io.grpc.stub.ClientCalls.toStatusRuntimeException(ClientCalls.java:233)
	at org.apache.ratis.thirdparty.io.grpc.stub.ClientCalls.getUnchecked(ClientCalls.java:214)
	at org.apache.ratis.thirdparty.io.grpc.stub.ClientCalls.blockingUnaryCall(ClientCalls.java:139)
	at org.apache.ratis.proto.grpc.RaftServerProtocolServiceGrpc$RaftServerProtocolServiceBlockingStub.requestVote(RaftServerProtocolServiceGrpc.java:265)
	at org.apache.ratis.grpc.server.GrpcServerProtocolClient.requestVote(GrpcServerProtocolClient.java:99)
	at org.apache.ratis.grpc.server.GrpcService.requestVote(GrpcService.java:204)
	at org.apache.ratis.server.impl.LeaderElection.lambda$submitRequests$1(LeaderElection.java:234)
	at java.util.concurrent.FutureTask.run(FutureTask.java:266)
	at java.util.concurrent.Executors$RunnableAdapter.call(Executors.java:511)
	at java.util.concurrent.FutureTask.run(FutureTask.java:266)
	at java.util.concurrent.ThreadPoolExecutor.runWorker(ThreadPoolExecutor.java:1149)
	at java.util.concurrent.ThreadPoolExecutor$Worker.run(ThreadPoolExecutor.java:624)
	... 1 more
Caused by: org.apache.ratis.thirdparty.io.netty.channel.AbstractChannel$AnnotatedConnectException: Connection refused: /192.168.164.233:38729
	at sun.nio.ch.SocketChannelImpl.checkConnect(Native Method)
	at sun.nio.ch.SocketChannelImpl.finishConnect(SocketChannelImpl.java:717)
	at org.apache.ratis.thirdparty.io.netty.channel.socket.nio.NioSocketChannel.doFinishConnect(NioSocketChannel.java:327)
	at org.apache.ratis.thirdparty.io.netty.channel.nio.AbstractNioChannel$AbstractNioUnsafe.finishConnect(AbstractNioChannel.java:340)
	at org.apache.ratis.thirdparty.io.netty.channel.nio.NioEventLoop.processSelectedKey(NioEventLoop.java:632)
	at org.apache.ratis.thirdparty.io.netty.channel.nio.NioEventLoop.processSelectedKeysOptimized(NioEventLoop.java:579)
	at org.apache.ratis.thirdparty.io.netty.channel.nio.NioEventLoop.processSelectedKeys(NioEventLoop.java:496)
	at org.apache.ratis.thirdparty.io.netty.channel.nio.NioEventLoop.run(NioEventLoop.java:458)
	at org.apache.ratis.thirdparty.io.netty.util.concurrent.SingleThreadEventExecutor$5.run(SingleThreadEventExecutor.java:897)
	at org.apache.ratis.thirdparty.io.netty.util.concurrent.FastThreadLocalRunnable.run(FastThreadLocalRunnable.java:30)
	... 1 more
Caused by: java.net.ConnectException: Connection refused
	... 11 more
2019-10-18 14:30:42,985 [681edbc6-a1fc-42a4-b5ce-4922820de60a@group-FD33B9583E3C-LeaderElection195] INFO  impl.LeaderElection (LogUtils.java:infoOrTrace(149)) -   Exception 1: {}
java.util.concurrent.ExecutionException: org.apache.ratis.thirdparty.io.grpc.StatusRuntimeException: UNAVAILABLE: io exception
	at java.util.concurrent.FutureTask.report(FutureTask.java:122)
	at java.util.concurrent.FutureTask.get(FutureTask.java:192)
	at org.apache.ratis.server.impl.LeaderElection.waitForResults(LeaderElection.java:259)
	at org.apache.ratis.server.impl.LeaderElection.askForVotes(LeaderElection.java:197)
	at org.apache.ratis.server.impl.LeaderElection.run(LeaderElection.java:133)
	at java.lang.Thread.run(Thread.java:748)
Caused by: org.apache.ratis.thirdparty.io.grpc.StatusRuntimeException: UNAVAILABLE: io exception
	at org.apache.ratis.thirdparty.io.grpc.stub.ClientCalls.toStatusRuntimeException(ClientCalls.java:233)
	at org.apache.ratis.thirdparty.io.grpc.stub.ClientCalls.getUnchecked(ClientCalls.java:214)
	at org.apache.ratis.thirdparty.io.grpc.stub.ClientCalls.blockingUnaryCall(ClientCalls.java:139)
	at org.apache.ratis.proto.grpc.RaftServerProtocolServiceGrpc$RaftServerProtocolServiceBlockingStub.requestVote(RaftServerProtocolServiceGrpc.java:265)
	at org.apache.ratis.grpc.server.GrpcServerProtocolClient.requestVote(GrpcServerProtocolClient.java:99)
	at org.apache.ratis.grpc.server.GrpcService.requestVote(GrpcService.java:204)
	at org.apache.ratis.server.impl.LeaderElection.lambda$submitRequests$1(LeaderElection.java:234)
	at java.util.concurrent.FutureTask.run(FutureTask.java:266)
	at java.util.concurrent.Executors$RunnableAdapter.call(Executors.java:511)
	at java.util.concurrent.FutureTask.run(FutureTask.java:266)
	at java.util.concurrent.ThreadPoolExecutor.runWorker(ThreadPoolExecutor.java:1149)
	at java.util.concurrent.ThreadPoolExecutor$Worker.run(ThreadPoolExecutor.java:624)
	... 1 more
Caused by: org.apache.ratis.thirdparty.io.netty.channel.AbstractChannel$AnnotatedConnectException: Connection refused: /192.168.164.233:46080
	at sun.nio.ch.SocketChannelImpl.checkConnect(Native Method)
	at sun.nio.ch.SocketChannelImpl.finishConnect(SocketChannelImpl.java:717)
	at org.apache.ratis.thirdparty.io.netty.channel.socket.nio.NioSocketChannel.doFinishConnect(NioSocketChannel.java:327)
	at org.apache.ratis.thirdparty.io.netty.channel.nio.AbstractNioChannel$AbstractNioUnsafe.finishConnect(AbstractNioChannel.java:340)
	at org.apache.ratis.thirdparty.io.netty.channel.nio.NioEventLoop.processSelectedKey(NioEventLoop.java:632)
	at org.apache.ratis.thirdparty.io.netty.channel.nio.NioEventLoop.processSelectedKeysOptimized(NioEventLoop.java:579)
	at org.apache.ratis.thirdparty.io.netty.channel.nio.NioEventLoop.processSelectedKeys(NioEventLoop.java:496)
	at org.apache.ratis.thirdparty.io.netty.channel.nio.NioEventLoop.run(NioEventLoop.java:458)
	at org.apache.ratis.thirdparty.io.netty.util.concurrent.SingleThreadEventExecutor$5.run(SingleThreadEventExecutor.java:897)
	at org.apache.ratis.thirdparty.io.netty.util.concurrent.FastThreadLocalRunnable.run(FastThreadLocalRunnable.java:30)
	... 1 more
Caused by: java.net.ConnectException: Connection refused
	... 11 more
2019-10-18 14:30:42,985 [681edbc6-a1fc-42a4-b5ce-4922820de60a@group-FD33B9583E3C-LeaderElection195] INFO  impl.RaftServerImpl (RaftServerImpl.java:setRole(184)) - 681edbc6-a1fc-42a4-b5ce-4922820de60a@group-FD33B9583E3C: changes role from CANDIDATE to FOLLOWER at term 196 for DISCOVERED_A_NEW_TERM
2019-10-18 14:30:42,985 [681edbc6-a1fc-42a4-b5ce-4922820de60a@group-FD33B9583E3C-LeaderElection195] INFO  impl.RoleInfo (RoleInfo.java:shutdownLeaderElection(134)) - 681edbc6-a1fc-42a4-b5ce-4922820de60a: shutdown LeaderElection
2019-10-18 14:30:42,985 [681edbc6-a1fc-42a4-b5ce-4922820de60a@group-FD33B9583E3C-LeaderElection195] INFO  impl.RoleInfo (RoleInfo.java:updateAndGet(143)) - 681edbc6-a1fc-42a4-b5ce-4922820de60a: start FollowerState
2019-10-18 14:30:43,117 [Thread-1750] INFO  impl.FollowerState (FollowerState.java:run(108)) - 681edbc6-a1fc-42a4-b5ce-4922820de60a@group-FD33B9583E3C-FollowerState: change to CANDIDATE, lastRpcTime:132ms, electionTimeout:132ms
2019-10-18 14:30:43,118 [Thread-1750] INFO  impl.RoleInfo (RoleInfo.java:shutdownFollowerState(121)) - 681edbc6-a1fc-42a4-b5ce-4922820de60a: shutdown FollowerState
2019-10-18 14:30:43,118 [Thread-1750] INFO  impl.RaftServerImpl (RaftServerImpl.java:setRole(184)) - 681edbc6-a1fc-42a4-b5ce-4922820de60a@group-FD33B9583E3C: changes role from  FOLLOWER to CANDIDATE at term 196 for changeToCandidate
2019-10-18 14:30:43,118 [Thread-1750] INFO  impl.RoleInfo (RoleInfo.java:updateAndGet(143)) - 681edbc6-a1fc-42a4-b5ce-4922820de60a: start LeaderElection
2019-10-18 14:30:43,132 [681edbc6-a1fc-42a4-b5ce-4922820de60a@group-FD33B9583E3C-LeaderElection196] INFO  impl.LeaderElection (LeaderElection.java:askForVotes(178)) - 681edbc6-a1fc-42a4-b5ce-4922820de60a@group-FD33B9583E3C-LeaderElection196: begin an election at term 197 for -1: [3ee7b367-7b16-44e1-99f8-43aefeda0876:192.168.164.233:46080, 681edbc6-a1fc-42a4-b5ce-4922820de60a:192.168.164.233:44267, 773cce60-eeca-4c1f-a5ec-70084be8b6b9:192.168.164.233:38729], old=null
2019-10-18 14:30:43,133 [681edbc6-a1fc-42a4-b5ce-4922820de60a@group-FD33B9583E3C-LeaderElection196] INFO  impl.LeaderElection (LogUtils.java:infoOrTrace(149)) - 681edbc6-a1fc-42a4-b5ce-4922820de60a@group-FD33B9583E3C-LeaderElection196 got exception when requesting votes: {}
java.util.concurrent.ExecutionException: org.apache.ratis.thirdparty.io.grpc.StatusRuntimeException: UNAVAILABLE: io exception
	at java.util.concurrent.FutureTask.report(FutureTask.java:122)
	at java.util.concurrent.FutureTask.get(FutureTask.java:192)
	at org.apache.ratis.server.impl.LeaderElection.waitForResults(LeaderElection.java:259)
	at org.apache.ratis.server.impl.LeaderElection.askForVotes(LeaderElection.java:197)
	at org.apache.ratis.server.impl.LeaderElection.run(LeaderElection.java:133)
	at java.lang.Thread.run(Thread.java:748)
Caused by: org.apache.ratis.thirdparty.io.grpc.StatusRuntimeException: UNAVAILABLE: io exception
	at org.apache.ratis.thirdparty.io.grpc.stub.ClientCalls.toStatusRuntimeException(ClientCalls.java:233)
	at org.apache.ratis.thirdparty.io.grpc.stub.ClientCalls.getUnchecked(ClientCalls.java:214)
	at org.apache.ratis.thirdparty.io.grpc.stub.ClientCalls.blockingUnaryCall(ClientCalls.java:139)
	at org.apache.ratis.proto.grpc.RaftServerProtocolServiceGrpc$RaftServerProtocolServiceBlockingStub.requestVote(RaftServerProtocolServiceGrpc.java:265)
	at org.apache.ratis.grpc.server.GrpcServerProtocolClient.requestVote(GrpcServerProtocolClient.java:99)
	at org.apache.ratis.grpc.server.GrpcService.requestVote(GrpcService.java:204)
	at org.apache.ratis.server.impl.LeaderElection.lambda$submitRequests$1(LeaderElection.java:234)
	at java.util.concurrent.FutureTask.run(FutureTask.java:266)
	at java.util.concurrent.Executors$RunnableAdapter.call(Executors.java:511)
	at java.util.concurrent.FutureTask.run(FutureTask.java:266)
	at java.util.concurrent.ThreadPoolExecutor.runWorker(ThreadPoolExecutor.java:1149)
	at java.util.concurrent.ThreadPoolExecutor$Worker.run(ThreadPoolExecutor.java:624)
	... 1 more
Caused by: org.apache.ratis.thirdparty.io.netty.channel.AbstractChannel$AnnotatedConnectException: Connection refused: /192.168.164.233:46080
	at sun.nio.ch.SocketChannelImpl.checkConnect(Native Method)
	at sun.nio.ch.SocketChannelImpl.finishConnect(SocketChannelImpl.java:717)
	at org.apache.ratis.thirdparty.io.netty.channel.socket.nio.NioSocketChannel.doFinishConnect(NioSocketChannel.java:327)
	at org.apache.ratis.thirdparty.io.netty.channel.nio.AbstractNioChannel$AbstractNioUnsafe.finishConnect(AbstractNioChannel.java:340)
	at org.apache.ratis.thirdparty.io.netty.channel.nio.NioEventLoop.processSelectedKey(NioEventLoop.java:632)
	at org.apache.ratis.thirdparty.io.netty.channel.nio.NioEventLoop.processSelectedKeysOptimized(NioEventLoop.java:579)
	at org.apache.ratis.thirdparty.io.netty.channel.nio.NioEventLoop.processSelectedKeys(NioEventLoop.java:496)
	at org.apache.ratis.thirdparty.io.netty.channel.nio.NioEventLoop.run(NioEventLoop.java:458)
	at org.apache.ratis.thirdparty.io.netty.util.concurrent.SingleThreadEventExecutor$5.run(SingleThreadEventExecutor.java:897)
	at org.apache.ratis.thirdparty.io.netty.util.concurrent.FastThreadLocalRunnable.run(FastThreadLocalRunnable.java:30)
	... 1 more
Caused by: java.net.ConnectException: Connection refused
	... 11 more
2019-10-18 14:30:43,133 [681edbc6-a1fc-42a4-b5ce-4922820de60a@group-FD33B9583E3C-LeaderElection196] INFO  impl.LeaderElection (LogUtils.java:infoOrTrace(149)) - 681edbc6-a1fc-42a4-b5ce-4922820de60a@group-FD33B9583E3C-LeaderElection196 got exception when requesting votes: {}
java.util.concurrent.ExecutionException: org.apache.ratis.thirdparty.io.grpc.StatusRuntimeException: UNAVAILABLE: io exception
	at java.util.concurrent.FutureTask.report(FutureTask.java:122)
	at java.util.concurrent.FutureTask.get(FutureTask.java:192)
	at org.apache.ratis.server.impl.LeaderElection.waitForResults(LeaderElection.java:259)
	at org.apache.ratis.server.impl.LeaderElection.askForVotes(LeaderElection.java:197)
	at org.apache.ratis.server.impl.LeaderElection.run(LeaderElection.java:133)
	at java.lang.Thread.run(Thread.java:748)
Caused by: org.apache.ratis.thirdparty.io.grpc.StatusRuntimeException: UNAVAILABLE: io exception
	at org.apache.ratis.thirdparty.io.grpc.stub.ClientCalls.toStatusRuntimeException(ClientCalls.java:233)
	at org.apache.ratis.thirdparty.io.grpc.stub.ClientCalls.getUnchecked(ClientCalls.java:214)
	at org.apache.ratis.thirdparty.io.grpc.stub.ClientCalls.blockingUnaryCall(ClientCalls.java:139)
	at org.apache.ratis.proto.grpc.RaftServerProtocolServiceGrpc$RaftServerProtocolServiceBlockingStub.requestVote(RaftServerProtocolServiceGrpc.java:265)
	at org.apache.ratis.grpc.server.GrpcServerProtocolClient.requestVote(GrpcServerProtocolClient.java:99)
	at org.apache.ratis.grpc.server.GrpcService.requestVote(GrpcService.java:204)
	at org.apache.ratis.server.impl.LeaderElection.lambda$submitRequests$1(LeaderElection.java:234)
	at java.util.concurrent.FutureTask.run(FutureTask.java:266)
	at java.util.concurrent.Executors$RunnableAdapter.call(Executors.java:511)
	at java.util.concurrent.FutureTask.run(FutureTask.java:266)
	at java.util.concurrent.ThreadPoolExecutor.runWorker(ThreadPoolExecutor.java:1149)
	at java.util.concurrent.ThreadPoolExecutor$Worker.run(ThreadPoolExecutor.java:624)
	... 1 more
Caused by: org.apache.ratis.thirdparty.io.netty.channel.AbstractChannel$AnnotatedConnectException: Connection refused: /192.168.164.233:38729
	at sun.nio.ch.SocketChannelImpl.checkConnect(Native Method)
	at sun.nio.ch.SocketChannelImpl.finishConnect(SocketChannelImpl.java:717)
	at org.apache.ratis.thirdparty.io.netty.channel.socket.nio.NioSocketChannel.doFinishConnect(NioSocketChannel.java:327)
	at org.apache.ratis.thirdparty.io.netty.channel.nio.AbstractNioChannel$AbstractNioUnsafe.finishConnect(AbstractNioChannel.java:340)
	at org.apache.ratis.thirdparty.io.netty.channel.nio.NioEventLoop.processSelectedKey(NioEventLoop.java:632)
	at org.apache.ratis.thirdparty.io.netty.channel.nio.NioEventLoop.processSelectedKeysOptimized(NioEventLoop.java:579)
	at org.apache.ratis.thirdparty.io.netty.channel.nio.NioEventLoop.processSelectedKeys(NioEventLoop.java:496)
	at org.apache.ratis.thirdparty.io.netty.channel.nio.NioEventLoop.run(NioEventLoop.java:458)
	at org.apache.ratis.thirdparty.io.netty.util.concurrent.SingleThreadEventExecutor$5.run(SingleThreadEventExecutor.java:897)
	at org.apache.ratis.thirdparty.io.netty.util.concurrent.FastThreadLocalRunnable.run(FastThreadLocalRunnable.java:30)
	... 1 more
Caused by: java.net.ConnectException: Connection refused
	... 11 more
2019-10-18 14:30:43,134 [681edbc6-a1fc-42a4-b5ce-4922820de60a@group-FD33B9583E3C-LeaderElection196] INFO  impl.LeaderElection (LeaderElection.java:logAndReturn(56)) - 681edbc6-a1fc-42a4-b5ce-4922820de60a@group-FD33B9583E3C-LeaderElection196: Election REJECTED; received 0 response(s) [] and 2 exception(s); 681edbc6-a1fc-42a4-b5ce-4922820de60a@group-FD33B9583E3C:t197, leader=null, voted=681edbc6-a1fc-42a4-b5ce-4922820de60a, raftlog=681edbc6-a1fc-42a4-b5ce-4922820de60a@group-FD33B9583E3C-SegmentedRaftLog:OPENED:c-1,f-1,i0, conf=-1: [3ee7b367-7b16-44e1-99f8-43aefeda0876:192.168.164.233:46080, 681edbc6-a1fc-42a4-b5ce-4922820de60a:192.168.164.233:44267, 773cce60-eeca-4c1f-a5ec-70084be8b6b9:192.168.164.233:38729], old=null
2019-10-18 14:30:43,134 [681edbc6-a1fc-42a4-b5ce-4922820de60a@group-FD33B9583E3C-LeaderElection196] INFO  impl.LeaderElection (LogUtils.java:infoOrTrace(149)) -   Exception 0: {}
java.util.concurrent.ExecutionException: org.apache.ratis.thirdparty.io.grpc.StatusRuntimeException: UNAVAILABLE: io exception
	at java.util.concurrent.FutureTask.report(FutureTask.java:122)
	at java.util.concurrent.FutureTask.get(FutureTask.java:192)
	at org.apache.ratis.server.impl.LeaderElection.waitForResults(LeaderElection.java:259)
	at org.apache.ratis.server.impl.LeaderElection.askForVotes(LeaderElection.java:197)
	at org.apache.ratis.server.impl.LeaderElection.run(LeaderElection.java:133)
	at java.lang.Thread.run(Thread.java:748)
Caused by: org.apache.ratis.thirdparty.io.grpc.StatusRuntimeException: UNAVAILABLE: io exception
	at org.apache.ratis.thirdparty.io.grpc.stub.ClientCalls.toStatusRuntimeException(ClientCalls.java:233)
	at org.apache.ratis.thirdparty.io.grpc.stub.ClientCalls.getUnchecked(ClientCalls.java:214)
	at org.apache.ratis.thirdparty.io.grpc.stub.ClientCalls.blockingUnaryCall(ClientCalls.java:139)
	at org.apache.ratis.proto.grpc.RaftServerProtocolServiceGrpc$RaftServerProtocolServiceBlockingStub.requestVote(RaftServerProtocolServiceGrpc.java:265)
	at org.apache.ratis.grpc.server.GrpcServerProtocolClient.requestVote(GrpcServerProtocolClient.java:99)
	at org.apache.ratis.grpc.server.GrpcService.requestVote(GrpcService.java:204)
	at org.apache.ratis.server.impl.LeaderElection.lambda$submitRequests$1(LeaderElection.java:234)
	at java.util.concurrent.FutureTask.run(FutureTask.java:266)
	at java.util.concurrent.Executors$RunnableAdapter.call(Executors.java:511)
	at java.util.concurrent.FutureTask.run(FutureTask.java:266)
	at java.util.concurrent.ThreadPoolExecutor.runWorker(ThreadPoolExecutor.java:1149)
	at java.util.concurrent.ThreadPoolExecutor$Worker.run(ThreadPoolExecutor.java:624)
	... 1 more
Caused by: org.apache.ratis.thirdparty.io.netty.channel.AbstractChannel$AnnotatedConnectException: Connection refused: /192.168.164.233:46080
	at sun.nio.ch.SocketChannelImpl.checkConnect(Native Method)
	at sun.nio.ch.SocketChannelImpl.finishConnect(SocketChannelImpl.java:717)
	at org.apache.ratis.thirdparty.io.netty.channel.socket.nio.NioSocketChannel.doFinishConnect(NioSocketChannel.java:327)
	at org.apache.ratis.thirdparty.io.netty.channel.nio.AbstractNioChannel$AbstractNioUnsafe.finishConnect(AbstractNioChannel.java:340)
	at org.apache.ratis.thirdparty.io.netty.channel.nio.NioEventLoop.processSelectedKey(NioEventLoop.java:632)
	at org.apache.ratis.thirdparty.io.netty.channel.nio.NioEventLoop.processSelectedKeysOptimized(NioEventLoop.java:579)
	at org.apache.ratis.thirdparty.io.netty.channel.nio.NioEventLoop.processSelectedKeys(NioEventLoop.java:496)
	at org.apache.ratis.thirdparty.io.netty.channel.nio.NioEventLoop.run(NioEventLoop.java:458)
	at org.apache.ratis.thirdparty.io.netty.util.concurrent.SingleThreadEventExecutor$5.run(SingleThreadEventExecutor.java:897)
	at org.apache.ratis.thirdparty.io.netty.util.concurrent.FastThreadLocalRunnable.run(FastThreadLocalRunnable.java:30)
	... 1 more
Caused by: java.net.ConnectException: Connection refused
	... 11 more
2019-10-18 14:30:43,134 [681edbc6-a1fc-42a4-b5ce-4922820de60a@group-FD33B9583E3C-LeaderElection196] INFO  impl.LeaderElection (LogUtils.java:infoOrTrace(149)) -   Exception 1: {}
java.util.concurrent.ExecutionException: org.apache.ratis.thirdparty.io.grpc.StatusRuntimeException: UNAVAILABLE: io exception
	at java.util.concurrent.FutureTask.report(FutureTask.java:122)
	at java.util.concurrent.FutureTask.get(FutureTask.java:192)
	at org.apache.ratis.server.impl.LeaderElection.waitForResults(LeaderElection.java:259)
	at org.apache.ratis.server.impl.LeaderElection.askForVotes(LeaderElection.java:197)
	at org.apache.ratis.server.impl.LeaderElection.run(LeaderElection.java:133)
	at java.lang.Thread.run(Thread.java:748)
Caused by: org.apache.ratis.thirdparty.io.grpc.StatusRuntimeException: UNAVAILABLE: io exception
	at org.apache.ratis.thirdparty.io.grpc.stub.ClientCalls.toStatusRuntimeException(ClientCalls.java:233)
	at org.apache.ratis.thirdparty.io.grpc.stub.ClientCalls.getUnchecked(ClientCalls.java:214)
	at org.apache.ratis.thirdparty.io.grpc.stub.ClientCalls.blockingUnaryCall(ClientCalls.java:139)
	at org.apache.ratis.proto.grpc.RaftServerProtocolServiceGrpc$RaftServerProtocolServiceBlockingStub.requestVote(RaftServerProtocolServiceGrpc.java:265)
	at org.apache.ratis.grpc.server.GrpcServerProtocolClient.requestVote(GrpcServerProtocolClient.java:99)
	at org.apache.ratis.grpc.server.GrpcService.requestVote(GrpcService.java:204)
	at org.apache.ratis.server.impl.LeaderElection.lambda$submitRequests$1(LeaderElection.java:234)
	at java.util.concurrent.FutureTask.run(FutureTask.java:266)
	at java.util.concurrent.Executors$RunnableAdapter.call(Executors.java:511)
	at java.util.concurrent.FutureTask.run(FutureTask.java:266)
	at java.util.concurrent.ThreadPoolExecutor.runWorker(ThreadPoolExecutor.java:1149)
	at java.util.concurrent.ThreadPoolExecutor$Worker.run(ThreadPoolExecutor.java:624)
	... 1 more
Caused by: org.apache.ratis.thirdparty.io.netty.channel.AbstractChannel$AnnotatedConnectException: Connection refused: /192.168.164.233:38729
	at sun.nio.ch.SocketChannelImpl.checkConnect(Native Method)
	at sun.nio.ch.SocketChannelImpl.finishConnect(SocketChannelImpl.java:717)
	at org.apache.ratis.thirdparty.io.netty.channel.socket.nio.NioSocketChannel.doFinishConnect(NioSocketChannel.java:327)
	at org.apache.ratis.thirdparty.io.netty.channel.nio.AbstractNioChannel$AbstractNioUnsafe.finishConnect(AbstractNioChannel.java:340)
	at org.apache.ratis.thirdparty.io.netty.channel.nio.NioEventLoop.processSelectedKey(NioEventLoop.java:632)
	at org.apache.ratis.thirdparty.io.netty.channel.nio.NioEventLoop.processSelectedKeysOptimized(NioEventLoop.java:579)
	at org.apache.ratis.thirdparty.io.netty.channel.nio.NioEventLoop.processSelectedKeys(NioEventLoop.java:496)
	at org.apache.ratis.thirdparty.io.netty.channel.nio.NioEventLoop.run(NioEventLoop.java:458)
	at org.apache.ratis.thirdparty.io.netty.util.concurrent.SingleThreadEventExecutor$5.run(SingleThreadEventExecutor.java:897)
	at org.apache.ratis.thirdparty.io.netty.util.concurrent.FastThreadLocalRunnable.run(FastThreadLocalRunnable.java:30)
	... 1 more
Caused by: java.net.ConnectException: Connection refused
	... 11 more
2019-10-18 14:30:43,135 [681edbc6-a1fc-42a4-b5ce-4922820de60a@group-FD33B9583E3C-LeaderElection196] INFO  impl.RaftServerImpl (RaftServerImpl.java:setRole(184)) - 681edbc6-a1fc-42a4-b5ce-4922820de60a@group-FD33B9583E3C: changes role from CANDIDATE to FOLLOWER at term 197 for DISCOVERED_A_NEW_TERM
2019-10-18 14:30:43,135 [681edbc6-a1fc-42a4-b5ce-4922820de60a@group-FD33B9583E3C-LeaderElection196] INFO  impl.RoleInfo (RoleInfo.java:shutdownLeaderElection(134)) - 681edbc6-a1fc-42a4-b5ce-4922820de60a: shutdown LeaderElection
2019-10-18 14:30:43,135 [681edbc6-a1fc-42a4-b5ce-4922820de60a@group-FD33B9583E3C-LeaderElection196] INFO  impl.RoleInfo (RoleInfo.java:updateAndGet(143)) - 681edbc6-a1fc-42a4-b5ce-4922820de60a: start FollowerState
2019-10-18 14:30:43,219 [java.util.concurrent.ThreadPoolExecutor$Worker@4efed47c[State = -1, empty queue]] WARN  server.GrpcLogAppender (GrpcLogAppender.java:timeoutAppendRequest(209)) - 46c14060-ea78-4b5a-b57c-064e4766b234@group-45DBFE4B8A65->a4757974-e77e-4a1a-a400-c32fe273093a-GrpcLogAppender: appendEntries Timeout, request=46c14060-ea78-4b5a-b57c-064e4766b234->a4757974-e77e-4a1a-a400-c32fe273093a#49-t3, previous=(t:3, i:4), leaderCommit=4, initializing? false, entries: <empty>
2019-10-18 14:30:43,219 [java.util.concurrent.ThreadPoolExecutor$Worker@108d80c3[State = -1, empty queue]] WARN  server.GrpcLogAppender (GrpcLogAppender.java:timeoutAppendRequest(209)) - 46c14060-ea78-4b5a-b57c-064e4766b234@group-45DBFE4B8A65->55013cf6-f41f-4339-a52c-06c119893914-GrpcLogAppender: appendEntries Timeout, request=46c14060-ea78-4b5a-b57c-064e4766b234->55013cf6-f41f-4339-a52c-06c119893914#49-t3, previous=(t:3, i:4), leaderCommit=4, initializing? false, entries: <empty>
2019-10-18 14:30:43,278 [Thread-1756] INFO  impl.FollowerState (FollowerState.java:run(108)) - 681edbc6-a1fc-42a4-b5ce-4922820de60a@group-FD33B9583E3C-FollowerState: change to CANDIDATE, lastRpcTime:142ms, electionTimeout:142ms
2019-10-18 14:30:43,278 [Thread-1756] INFO  impl.RoleInfo (RoleInfo.java:shutdownFollowerState(121)) - 681edbc6-a1fc-42a4-b5ce-4922820de60a: shutdown FollowerState
2019-10-18 14:30:43,278 [Thread-1756] INFO  impl.RaftServerImpl (RaftServerImpl.java:setRole(184)) - 681edbc6-a1fc-42a4-b5ce-4922820de60a@group-FD33B9583E3C: changes role from  FOLLOWER to CANDIDATE at term 197 for changeToCandidate
2019-10-18 14:30:43,278 [Thread-1756] INFO  impl.RoleInfo (RoleInfo.java:updateAndGet(143)) - 681edbc6-a1fc-42a4-b5ce-4922820de60a: start LeaderElection
2019-10-18 14:30:43,285 [681edbc6-a1fc-42a4-b5ce-4922820de60a@group-FD33B9583E3C-LeaderElection197] INFO  impl.LeaderElection (LeaderElection.java:askForVotes(178)) - 681edbc6-a1fc-42a4-b5ce-4922820de60a@group-FD33B9583E3C-LeaderElection197: begin an election at term 198 for -1: [3ee7b367-7b16-44e1-99f8-43aefeda0876:192.168.164.233:46080, 681edbc6-a1fc-42a4-b5ce-4922820de60a:192.168.164.233:44267, 773cce60-eeca-4c1f-a5ec-70084be8b6b9:192.168.164.233:38729], old=null
2019-10-18 14:30:43,286 [681edbc6-a1fc-42a4-b5ce-4922820de60a@group-FD33B9583E3C-LeaderElection197] INFO  impl.LeaderElection (LogUtils.java:infoOrTrace(149)) - 681edbc6-a1fc-42a4-b5ce-4922820de60a@group-FD33B9583E3C-LeaderElection197 got exception when requesting votes: {}
java.util.concurrent.ExecutionException: org.apache.ratis.thirdparty.io.grpc.StatusRuntimeException: UNAVAILABLE: io exception
	at java.util.concurrent.FutureTask.report(FutureTask.java:122)
	at java.util.concurrent.FutureTask.get(FutureTask.java:192)
	at org.apache.ratis.server.impl.LeaderElection.waitForResults(LeaderElection.java:259)
	at org.apache.ratis.server.impl.LeaderElection.askForVotes(LeaderElection.java:197)
	at org.apache.ratis.server.impl.LeaderElection.run(LeaderElection.java:133)
	at java.lang.Thread.run(Thread.java:748)
Caused by: org.apache.ratis.thirdparty.io.grpc.StatusRuntimeException: UNAVAILABLE: io exception
	at org.apache.ratis.thirdparty.io.grpc.stub.ClientCalls.toStatusRuntimeException(ClientCalls.java:233)
	at org.apache.ratis.thirdparty.io.grpc.stub.ClientCalls.getUnchecked(ClientCalls.java:214)
	at org.apache.ratis.thirdparty.io.grpc.stub.ClientCalls.blockingUnaryCall(ClientCalls.java:139)
	at org.apache.ratis.proto.grpc.RaftServerProtocolServiceGrpc$RaftServerProtocolServiceBlockingStub.requestVote(RaftServerProtocolServiceGrpc.java:265)
	at org.apache.ratis.grpc.server.GrpcServerProtocolClient.requestVote(GrpcServerProtocolClient.java:99)
	at org.apache.ratis.grpc.server.GrpcService.requestVote(GrpcService.java:204)
	at org.apache.ratis.server.impl.LeaderElection.lambda$submitRequests$1(LeaderElection.java:234)
	at java.util.concurrent.FutureTask.run(FutureTask.java:266)
	at java.util.concurrent.Executors$RunnableAdapter.call(Executors.java:511)
	at java.util.concurrent.FutureTask.run(FutureTask.java:266)
	at java.util.concurrent.ThreadPoolExecutor.runWorker(ThreadPoolExecutor.java:1149)
	at java.util.concurrent.ThreadPoolExecutor$Worker.run(ThreadPoolExecutor.java:624)
	... 1 more
Caused by: org.apache.ratis.thirdparty.io.netty.channel.AbstractChannel$AnnotatedConnectException: Connection refused: /192.168.164.233:38729
	at sun.nio.ch.SocketChannelImpl.checkConnect(Native Method)
	at sun.nio.ch.SocketChannelImpl.finishConnect(SocketChannelImpl.java:717)
	at org.apache.ratis.thirdparty.io.netty.channel.socket.nio.NioSocketChannel.doFinishConnect(NioSocketChannel.java:327)
	at org.apache.ratis.thirdparty.io.netty.channel.nio.AbstractNioChannel$AbstractNioUnsafe.finishConnect(AbstractNioChannel.java:340)
	at org.apache.ratis.thirdparty.io.netty.channel.nio.NioEventLoop.processSelectedKey(NioEventLoop.java:632)
	at org.apache.ratis.thirdparty.io.netty.channel.nio.NioEventLoop.processSelectedKeysOptimized(NioEventLoop.java:579)
	at org.apache.ratis.thirdparty.io.netty.channel.nio.NioEventLoop.processSelectedKeys(NioEventLoop.java:496)
	at org.apache.ratis.thirdparty.io.netty.channel.nio.NioEventLoop.run(NioEventLoop.java:458)
	at org.apache.ratis.thirdparty.io.netty.util.concurrent.SingleThreadEventExecutor$5.run(SingleThreadEventExecutor.java:897)
	at org.apache.ratis.thirdparty.io.netty.util.concurrent.FastThreadLocalRunnable.run(FastThreadLocalRunnable.java:30)
	... 1 more
Caused by: java.net.ConnectException: Connection refused
	... 11 more
2019-10-18 14:30:43,286 [681edbc6-a1fc-42a4-b5ce-4922820de60a@group-FD33B9583E3C-LeaderElection197] INFO  impl.LeaderElection (LogUtils.java:infoOrTrace(149)) - 681edbc6-a1fc-42a4-b5ce-4922820de60a@group-FD33B9583E3C-LeaderElection197 got exception when requesting votes: {}
java.util.concurrent.ExecutionException: org.apache.ratis.thirdparty.io.grpc.StatusRuntimeException: UNAVAILABLE: io exception
	at java.util.concurrent.FutureTask.report(FutureTask.java:122)
	at java.util.concurrent.FutureTask.get(FutureTask.java:192)
	at org.apache.ratis.server.impl.LeaderElection.waitForResults(LeaderElection.java:259)
	at org.apache.ratis.server.impl.LeaderElection.askForVotes(LeaderElection.java:197)
	at org.apache.ratis.server.impl.LeaderElection.run(LeaderElection.java:133)
	at java.lang.Thread.run(Thread.java:748)
Caused by: org.apache.ratis.thirdparty.io.grpc.StatusRuntimeException: UNAVAILABLE: io exception
	at org.apache.ratis.thirdparty.io.grpc.stub.ClientCalls.toStatusRuntimeException(ClientCalls.java:233)
	at org.apache.ratis.thirdparty.io.grpc.stub.ClientCalls.getUnchecked(ClientCalls.java:214)
	at org.apache.ratis.thirdparty.io.grpc.stub.ClientCalls.blockingUnaryCall(ClientCalls.java:139)
	at org.apache.ratis.proto.grpc.RaftServerProtocolServiceGrpc$RaftServerProtocolServiceBlockingStub.requestVote(RaftServerProtocolServiceGrpc.java:265)
	at org.apache.ratis.grpc.server.GrpcServerProtocolClient.requestVote(GrpcServerProtocolClient.java:99)
	at org.apache.ratis.grpc.server.GrpcService.requestVote(GrpcService.java:204)
	at org.apache.ratis.server.impl.LeaderElection.lambda$submitRequests$1(LeaderElection.java:234)
	at java.util.concurrent.FutureTask.run(FutureTask.java:266)
	at java.util.concurrent.Executors$RunnableAdapter.call(Executors.java:511)
	at java.util.concurrent.FutureTask.run(FutureTask.java:266)
	at java.util.concurrent.ThreadPoolExecutor.runWorker(ThreadPoolExecutor.java:1149)
	at java.util.concurrent.ThreadPoolExecutor$Worker.run(ThreadPoolExecutor.java:624)
	... 1 more
Caused by: org.apache.ratis.thirdparty.io.netty.channel.AbstractChannel$AnnotatedConnectException: Connection refused: /192.168.164.233:46080
	at sun.nio.ch.SocketChannelImpl.checkConnect(Native Method)
	at sun.nio.ch.SocketChannelImpl.finishConnect(SocketChannelImpl.java:717)
	at org.apache.ratis.thirdparty.io.netty.channel.socket.nio.NioSocketChannel.doFinishConnect(NioSocketChannel.java:327)
	at org.apache.ratis.thirdparty.io.netty.channel.nio.AbstractNioChannel$AbstractNioUnsafe.finishConnect(AbstractNioChannel.java:340)
	at org.apache.ratis.thirdparty.io.netty.channel.nio.NioEventLoop.processSelectedKey(NioEventLoop.java:632)
	at org.apache.ratis.thirdparty.io.netty.channel.nio.NioEventLoop.processSelectedKeysOptimized(NioEventLoop.java:579)
	at org.apache.ratis.thirdparty.io.netty.channel.nio.NioEventLoop.processSelectedKeys(NioEventLoop.java:496)
	at org.apache.ratis.thirdparty.io.netty.channel.nio.NioEventLoop.run(NioEventLoop.java:458)
	at org.apache.ratis.thirdparty.io.netty.util.concurrent.SingleThreadEventExecutor$5.run(SingleThreadEventExecutor.java:897)
	at org.apache.ratis.thirdparty.io.netty.util.concurrent.FastThreadLocalRunnable.run(FastThreadLocalRunnable.java:30)
	... 1 more
Caused by: java.net.ConnectException: Connection refused
	... 11 more
2019-10-18 14:30:43,287 [681edbc6-a1fc-42a4-b5ce-4922820de60a@group-FD33B9583E3C-LeaderElection197] INFO  impl.LeaderElection (LeaderElection.java:logAndReturn(56)) - 681edbc6-a1fc-42a4-b5ce-4922820de60a@group-FD33B9583E3C-LeaderElection197: Election REJECTED; received 0 response(s) [] and 2 exception(s); 681edbc6-a1fc-42a4-b5ce-4922820de60a@group-FD33B9583E3C:t198, leader=null, voted=681edbc6-a1fc-42a4-b5ce-4922820de60a, raftlog=681edbc6-a1fc-42a4-b5ce-4922820de60a@group-FD33B9583E3C-SegmentedRaftLog:OPENED:c-1,f-1,i0, conf=-1: [3ee7b367-7b16-44e1-99f8-43aefeda0876:192.168.164.233:46080, 681edbc6-a1fc-42a4-b5ce-4922820de60a:192.168.164.233:44267, 773cce60-eeca-4c1f-a5ec-70084be8b6b9:192.168.164.233:38729], old=null
2019-10-18 14:30:43,287 [681edbc6-a1fc-42a4-b5ce-4922820de60a@group-FD33B9583E3C-LeaderElection197] INFO  impl.LeaderElection (LogUtils.java:infoOrTrace(149)) -   Exception 0: {}
java.util.concurrent.ExecutionException: org.apache.ratis.thirdparty.io.grpc.StatusRuntimeException: UNAVAILABLE: io exception
	at java.util.concurrent.FutureTask.report(FutureTask.java:122)
	at java.util.concurrent.FutureTask.get(FutureTask.java:192)
	at org.apache.ratis.server.impl.LeaderElection.waitForResults(LeaderElection.java:259)
	at org.apache.ratis.server.impl.LeaderElection.askForVotes(LeaderElection.java:197)
	at org.apache.ratis.server.impl.LeaderElection.run(LeaderElection.java:133)
	at java.lang.Thread.run(Thread.java:748)
Caused by: org.apache.ratis.thirdparty.io.grpc.StatusRuntimeException: UNAVAILABLE: io exception
	at org.apache.ratis.thirdparty.io.grpc.stub.ClientCalls.toStatusRuntimeException(ClientCalls.java:233)
	at org.apache.ratis.thirdparty.io.grpc.stub.ClientCalls.getUnchecked(ClientCalls.java:214)
	at org.apache.ratis.thirdparty.io.grpc.stub.ClientCalls.blockingUnaryCall(ClientCalls.java:139)
	at org.apache.ratis.proto.grpc.RaftServerProtocolServiceGrpc$RaftServerProtocolServiceBlockingStub.requestVote(RaftServerProtocolServiceGrpc.java:265)
	at org.apache.ratis.grpc.server.GrpcServerProtocolClient.requestVote(GrpcServerProtocolClient.java:99)
	at org.apache.ratis.grpc.server.GrpcService.requestVote(GrpcService.java:204)
	at org.apache.ratis.server.impl.LeaderElection.lambda$submitRequests$1(LeaderElection.java:234)
	at java.util.concurrent.FutureTask.run(FutureTask.java:266)
	at java.util.concurrent.Executors$RunnableAdapter.call(Executors.java:511)
	at java.util.concurrent.FutureTask.run(FutureTask.java:266)
	at java.util.concurrent.ThreadPoolExecutor.runWorker(ThreadPoolExecutor.java:1149)
	at java.util.concurrent.ThreadPoolExecutor$Worker.run(ThreadPoolExecutor.java:624)
	... 1 more
Caused by: org.apache.ratis.thirdparty.io.netty.channel.AbstractChannel$AnnotatedConnectException: Connection refused: /192.168.164.233:38729
	at sun.nio.ch.SocketChannelImpl.checkConnect(Native Method)
	at sun.nio.ch.SocketChannelImpl.finishConnect(SocketChannelImpl.java:717)
	at org.apache.ratis.thirdparty.io.netty.channel.socket.nio.NioSocketChannel.doFinishConnect(NioSocketChannel.java:327)
	at org.apache.ratis.thirdparty.io.netty.channel.nio.AbstractNioChannel$AbstractNioUnsafe.finishConnect(AbstractNioChannel.java:340)
	at org.apache.ratis.thirdparty.io.netty.channel.nio.NioEventLoop.processSelectedKey(NioEventLoop.java:632)
	at org.apache.ratis.thirdparty.io.netty.channel.nio.NioEventLoop.processSelectedKeysOptimized(NioEventLoop.java:579)
	at org.apache.ratis.thirdparty.io.netty.channel.nio.NioEventLoop.processSelectedKeys(NioEventLoop.java:496)
	at org.apache.ratis.thirdparty.io.netty.channel.nio.NioEventLoop.run(NioEventLoop.java:458)
	at org.apache.ratis.thirdparty.io.netty.util.concurrent.SingleThreadEventExecutor$5.run(SingleThreadEventExecutor.java:897)
	at org.apache.ratis.thirdparty.io.netty.util.concurrent.FastThreadLocalRunnable.run(FastThreadLocalRunnable.java:30)
	... 1 more
Caused by: java.net.ConnectException: Connection refused
	... 11 more
2019-10-18 14:30:43,287 [681edbc6-a1fc-42a4-b5ce-4922820de60a@group-FD33B9583E3C-LeaderElection197] INFO  impl.LeaderElection (LogUtils.java:infoOrTrace(149)) -   Exception 1: {}
java.util.concurrent.ExecutionException: org.apache.ratis.thirdparty.io.grpc.StatusRuntimeException: UNAVAILABLE: io exception
	at java.util.concurrent.FutureTask.report(FutureTask.java:122)
	at java.util.concurrent.FutureTask.get(FutureTask.java:192)
	at org.apache.ratis.server.impl.LeaderElection.waitForResults(LeaderElection.java:259)
	at org.apache.ratis.server.impl.LeaderElection.askForVotes(LeaderElection.java:197)
	at org.apache.ratis.server.impl.LeaderElection.run(LeaderElection.java:133)
	at java.lang.Thread.run(Thread.java:748)
Caused by: org.apache.ratis.thirdparty.io.grpc.StatusRuntimeException: UNAVAILABLE: io exception
	at org.apache.ratis.thirdparty.io.grpc.stub.ClientCalls.toStatusRuntimeException(ClientCalls.java:233)
	at org.apache.ratis.thirdparty.io.grpc.stub.ClientCalls.getUnchecked(ClientCalls.java:214)
	at org.apache.ratis.thirdparty.io.grpc.stub.ClientCalls.blockingUnaryCall(ClientCalls.java:139)
	at org.apache.ratis.proto.grpc.RaftServerProtocolServiceGrpc$RaftServerProtocolServiceBlockingStub.requestVote(RaftServerProtocolServiceGrpc.java:265)
	at org.apache.ratis.grpc.server.GrpcServerProtocolClient.requestVote(GrpcServerProtocolClient.java:99)
	at org.apache.ratis.grpc.server.GrpcService.requestVote(GrpcService.java:204)
	at org.apache.ratis.server.impl.LeaderElection.lambda$submitRequests$1(LeaderElection.java:234)
	at java.util.concurrent.FutureTask.run(FutureTask.java:266)
	at java.util.concurrent.Executors$RunnableAdapter.call(Executors.java:511)
	at java.util.concurrent.FutureTask.run(FutureTask.java:266)
	at java.util.concurrent.ThreadPoolExecutor.runWorker(ThreadPoolExecutor.java:1149)
	at java.util.concurrent.ThreadPoolExecutor$Worker.run(ThreadPoolExecutor.java:624)
	... 1 more
Caused by: org.apache.ratis.thirdparty.io.netty.channel.AbstractChannel$AnnotatedConnectException: Connection refused: /192.168.164.233:46080
	at sun.nio.ch.SocketChannelImpl.checkConnect(Native Method)
	at sun.nio.ch.SocketChannelImpl.finishConnect(SocketChannelImpl.java:717)
	at org.apache.ratis.thirdparty.io.netty.channel.socket.nio.NioSocketChannel.doFinishConnect(NioSocketChannel.java:327)
	at org.apache.ratis.thirdparty.io.netty.channel.nio.AbstractNioChannel$AbstractNioUnsafe.finishConnect(AbstractNioChannel.java:340)
	at org.apache.ratis.thirdparty.io.netty.channel.nio.NioEventLoop.processSelectedKey(NioEventLoop.java:632)
	at org.apache.ratis.thirdparty.io.netty.channel.nio.NioEventLoop.processSelectedKeysOptimized(NioEventLoop.java:579)
	at org.apache.ratis.thirdparty.io.netty.channel.nio.NioEventLoop.processSelectedKeys(NioEventLoop.java:496)
	at org.apache.ratis.thirdparty.io.netty.channel.nio.NioEventLoop.run(NioEventLoop.java:458)
	at org.apache.ratis.thirdparty.io.netty.util.concurrent.SingleThreadEventExecutor$5.run(SingleThreadEventExecutor.java:897)
	at org.apache.ratis.thirdparty.io.netty.util.concurrent.FastThreadLocalRunnable.run(FastThreadLocalRunnable.java:30)
	... 1 more
Caused by: java.net.ConnectException: Connection refused
	... 11 more
2019-10-18 14:30:43,288 [681edbc6-a1fc-42a4-b5ce-4922820de60a@group-FD33B9583E3C-LeaderElection197] INFO  impl.RaftServerImpl (RaftServerImpl.java:setRole(184)) - 681edbc6-a1fc-42a4-b5ce-4922820de60a@group-FD33B9583E3C: changes role from CANDIDATE to FOLLOWER at term 198 for DISCOVERED_A_NEW_TERM
2019-10-18 14:30:43,288 [681edbc6-a1fc-42a4-b5ce-4922820de60a@group-FD33B9583E3C-LeaderElection197] INFO  impl.RoleInfo (RoleInfo.java:shutdownLeaderElection(134)) - 681edbc6-a1fc-42a4-b5ce-4922820de60a: shutdown LeaderElection
2019-10-18 14:30:43,288 [681edbc6-a1fc-42a4-b5ce-4922820de60a@group-FD33B9583E3C-LeaderElection197] INFO  impl.RoleInfo (RoleInfo.java:updateAndGet(143)) - 681edbc6-a1fc-42a4-b5ce-4922820de60a: start FollowerState
2019-10-18 14:30:43,429 [Thread-1760] INFO  impl.FollowerState (FollowerState.java:run(108)) - 681edbc6-a1fc-42a4-b5ce-4922820de60a@group-FD33B9583E3C-FollowerState: change to CANDIDATE, lastRpcTime:141ms, electionTimeout:141ms
2019-10-18 14:30:43,429 [Thread-1760] INFO  impl.RoleInfo (RoleInfo.java:shutdownFollowerState(121)) - 681edbc6-a1fc-42a4-b5ce-4922820de60a: shutdown FollowerState
2019-10-18 14:30:43,430 [Thread-1760] INFO  impl.RaftServerImpl (RaftServerImpl.java:setRole(184)) - 681edbc6-a1fc-42a4-b5ce-4922820de60a@group-FD33B9583E3C: changes role from  FOLLOWER to CANDIDATE at term 198 for changeToCandidate
2019-10-18 14:30:43,430 [Thread-1760] INFO  impl.RoleInfo (RoleInfo.java:updateAndGet(143)) - 681edbc6-a1fc-42a4-b5ce-4922820de60a: start LeaderElection
2019-10-18 14:30:43,444 [681edbc6-a1fc-42a4-b5ce-4922820de60a@group-FD33B9583E3C-LeaderElection198] INFO  impl.LeaderElection (LeaderElection.java:askForVotes(178)) - 681edbc6-a1fc-42a4-b5ce-4922820de60a@group-FD33B9583E3C-LeaderElection198: begin an election at term 199 for -1: [3ee7b367-7b16-44e1-99f8-43aefeda0876:192.168.164.233:46080, 681edbc6-a1fc-42a4-b5ce-4922820de60a:192.168.164.233:44267, 773cce60-eeca-4c1f-a5ec-70084be8b6b9:192.168.164.233:38729], old=null
2019-10-18 14:30:43,444 [681edbc6-a1fc-42a4-b5ce-4922820de60a@group-FD33B9583E3C-LeaderElection198] INFO  impl.LeaderElection (LogUtils.java:infoOrTrace(149)) - 681edbc6-a1fc-42a4-b5ce-4922820de60a@group-FD33B9583E3C-LeaderElection198 got exception when requesting votes: {}
java.util.concurrent.ExecutionException: org.apache.ratis.thirdparty.io.grpc.StatusRuntimeException: UNAVAILABLE: io exception
	at java.util.concurrent.FutureTask.report(FutureTask.java:122)
	at java.util.concurrent.FutureTask.get(FutureTask.java:192)
	at org.apache.ratis.server.impl.LeaderElection.waitForResults(LeaderElection.java:259)
	at org.apache.ratis.server.impl.LeaderElection.askForVotes(LeaderElection.java:197)
	at org.apache.ratis.server.impl.LeaderElection.run(LeaderElection.java:133)
	at java.lang.Thread.run(Thread.java:748)
Caused by: org.apache.ratis.thirdparty.io.grpc.StatusRuntimeException: UNAVAILABLE: io exception
	at org.apache.ratis.thirdparty.io.grpc.stub.ClientCalls.toStatusRuntimeException(ClientCalls.java:233)
	at org.apache.ratis.thirdparty.io.grpc.stub.ClientCalls.getUnchecked(ClientCalls.java:214)
	at org.apache.ratis.thirdparty.io.grpc.stub.ClientCalls.blockingUnaryCall(ClientCalls.java:139)
	at org.apache.ratis.proto.grpc.RaftServerProtocolServiceGrpc$RaftServerProtocolServiceBlockingStub.requestVote(RaftServerProtocolServiceGrpc.java:265)
	at org.apache.ratis.grpc.server.GrpcServerProtocolClient.requestVote(GrpcServerProtocolClient.java:99)
	at org.apache.ratis.grpc.server.GrpcService.requestVote(GrpcService.java:204)
	at org.apache.ratis.server.impl.LeaderElection.lambda$submitRequests$1(LeaderElection.java:234)
	at java.util.concurrent.FutureTask.run(FutureTask.java:266)
	at java.util.concurrent.Executors$RunnableAdapter.call(Executors.java:511)
	at java.util.concurrent.FutureTask.run(FutureTask.java:266)
	at java.util.concurrent.ThreadPoolExecutor.runWorker(ThreadPoolExecutor.java:1149)
	at java.util.concurrent.ThreadPoolExecutor$Worker.run(ThreadPoolExecutor.java:624)
	... 1 more
Caused by: org.apache.ratis.thirdparty.io.netty.channel.AbstractChannel$AnnotatedConnectException: Connection refused: /192.168.164.233:46080
	at sun.nio.ch.SocketChannelImpl.checkConnect(Native Method)
	at sun.nio.ch.SocketChannelImpl.finishConnect(SocketChannelImpl.java:717)
	at org.apache.ratis.thirdparty.io.netty.channel.socket.nio.NioSocketChannel.doFinishConnect(NioSocketChannel.java:327)
	at org.apache.ratis.thirdparty.io.netty.channel.nio.AbstractNioChannel$AbstractNioUnsafe.finishConnect(AbstractNioChannel.java:340)
	at org.apache.ratis.thirdparty.io.netty.channel.nio.NioEventLoop.processSelectedKey(NioEventLoop.java:632)
	at org.apache.ratis.thirdparty.io.netty.channel.nio.NioEventLoop.processSelectedKeysOptimized(NioEventLoop.java:579)
	at org.apache.ratis.thirdparty.io.netty.channel.nio.NioEventLoop.processSelectedKeys(NioEventLoop.java:496)
	at org.apache.ratis.thirdparty.io.netty.channel.nio.NioEventLoop.run(NioEventLoop.java:458)
	at org.apache.ratis.thirdparty.io.netty.util.concurrent.SingleThreadEventExecutor$5.run(SingleThreadEventExecutor.java:897)
	at org.apache.ratis.thirdparty.io.netty.util.concurrent.FastThreadLocalRunnable.run(FastThreadLocalRunnable.java:30)
	... 1 more
Caused by: java.net.ConnectException: Connection refused
	... 11 more
2019-10-18 14:30:43,445 [681edbc6-a1fc-42a4-b5ce-4922820de60a@group-FD33B9583E3C-LeaderElection198] INFO  impl.LeaderElection (LogUtils.java:infoOrTrace(149)) - 681edbc6-a1fc-42a4-b5ce-4922820de60a@group-FD33B9583E3C-LeaderElection198 got exception when requesting votes: {}
java.util.concurrent.ExecutionException: org.apache.ratis.thirdparty.io.grpc.StatusRuntimeException: UNAVAILABLE: io exception
	at java.util.concurrent.FutureTask.report(FutureTask.java:122)
	at java.util.concurrent.FutureTask.get(FutureTask.java:192)
	at org.apache.ratis.server.impl.LeaderElection.waitForResults(LeaderElection.java:259)
	at org.apache.ratis.server.impl.LeaderElection.askForVotes(LeaderElection.java:197)
	at org.apache.ratis.server.impl.LeaderElection.run(LeaderElection.java:133)
	at java.lang.Thread.run(Thread.java:748)
Caused by: org.apache.ratis.thirdparty.io.grpc.StatusRuntimeException: UNAVAILABLE: io exception
	at org.apache.ratis.thirdparty.io.grpc.stub.ClientCalls.toStatusRuntimeException(ClientCalls.java:233)
	at org.apache.ratis.thirdparty.io.grpc.stub.ClientCalls.getUnchecked(ClientCalls.java:214)
	at org.apache.ratis.thirdparty.io.grpc.stub.ClientCalls.blockingUnaryCall(ClientCalls.java:139)
	at org.apache.ratis.proto.grpc.RaftServerProtocolServiceGrpc$RaftServerProtocolServiceBlockingStub.requestVote(RaftServerProtocolServiceGrpc.java:265)
	at org.apache.ratis.grpc.server.GrpcServerProtocolClient.requestVote(GrpcServerProtocolClient.java:99)
	at org.apache.ratis.grpc.server.GrpcService.requestVote(GrpcService.java:204)
	at org.apache.ratis.server.impl.LeaderElection.lambda$submitRequests$1(LeaderElection.java:234)
	at java.util.concurrent.FutureTask.run(FutureTask.java:266)
	at java.util.concurrent.Executors$RunnableAdapter.call(Executors.java:511)
	at java.util.concurrent.FutureTask.run(FutureTask.java:266)
	at java.util.concurrent.ThreadPoolExecutor.runWorker(ThreadPoolExecutor.java:1149)
	at java.util.concurrent.ThreadPoolExecutor$Worker.run(ThreadPoolExecutor.java:624)
	... 1 more
Caused by: org.apache.ratis.thirdparty.io.netty.channel.AbstractChannel$AnnotatedConnectException: Connection refused: /192.168.164.233:38729
	at sun.nio.ch.SocketChannelImpl.checkConnect(Native Method)
	at sun.nio.ch.SocketChannelImpl.finishConnect(SocketChannelImpl.java:717)
	at org.apache.ratis.thirdparty.io.netty.channel.socket.nio.NioSocketChannel.doFinishConnect(NioSocketChannel.java:327)
	at org.apache.ratis.thirdparty.io.netty.channel.nio.AbstractNioChannel$AbstractNioUnsafe.finishConnect(AbstractNioChannel.java:340)
	at org.apache.ratis.thirdparty.io.netty.channel.nio.NioEventLoop.processSelectedKey(NioEventLoop.java:632)
	at org.apache.ratis.thirdparty.io.netty.channel.nio.NioEventLoop.processSelectedKeysOptimized(NioEventLoop.java:579)
	at org.apache.ratis.thirdparty.io.netty.channel.nio.NioEventLoop.processSelectedKeys(NioEventLoop.java:496)
	at org.apache.ratis.thirdparty.io.netty.channel.nio.NioEventLoop.run(NioEventLoop.java:458)
	at org.apache.ratis.thirdparty.io.netty.util.concurrent.SingleThreadEventExecutor$5.run(SingleThreadEventExecutor.java:897)
	at org.apache.ratis.thirdparty.io.netty.util.concurrent.FastThreadLocalRunnable.run(FastThreadLocalRunnable.java:30)
	... 1 more
Caused by: java.net.ConnectException: Connection refused
	... 11 more
2019-10-18 14:30:43,446 [681edbc6-a1fc-42a4-b5ce-4922820de60a@group-FD33B9583E3C-LeaderElection198] INFO  impl.LeaderElection (LeaderElection.java:logAndReturn(56)) - 681edbc6-a1fc-42a4-b5ce-4922820de60a@group-FD33B9583E3C-LeaderElection198: Election REJECTED; received 0 response(s) [] and 2 exception(s); 681edbc6-a1fc-42a4-b5ce-4922820de60a@group-FD33B9583E3C:t199, leader=null, voted=681edbc6-a1fc-42a4-b5ce-4922820de60a, raftlog=681edbc6-a1fc-42a4-b5ce-4922820de60a@group-FD33B9583E3C-SegmentedRaftLog:OPENED:c-1,f-1,i0, conf=-1: [3ee7b367-7b16-44e1-99f8-43aefeda0876:192.168.164.233:46080, 681edbc6-a1fc-42a4-b5ce-4922820de60a:192.168.164.233:44267, 773cce60-eeca-4c1f-a5ec-70084be8b6b9:192.168.164.233:38729], old=null
2019-10-18 14:30:43,446 [681edbc6-a1fc-42a4-b5ce-4922820de60a@group-FD33B9583E3C-LeaderElection198] INFO  impl.LeaderElection (LogUtils.java:infoOrTrace(149)) -   Exception 0: {}
java.util.concurrent.ExecutionException: org.apache.ratis.thirdparty.io.grpc.StatusRuntimeException: UNAVAILABLE: io exception
	at java.util.concurrent.FutureTask.report(FutureTask.java:122)
	at java.util.concurrent.FutureTask.get(FutureTask.java:192)
	at org.apache.ratis.server.impl.LeaderElection.waitForResults(LeaderElection.java:259)
	at org.apache.ratis.server.impl.LeaderElection.askForVotes(LeaderElection.java:197)
	at org.apache.ratis.server.impl.LeaderElection.run(LeaderElection.java:133)
	at java.lang.Thread.run(Thread.java:748)
Caused by: org.apache.ratis.thirdparty.io.grpc.StatusRuntimeException: UNAVAILABLE: io exception
	at org.apache.ratis.thirdparty.io.grpc.stub.ClientCalls.toStatusRuntimeException(ClientCalls.java:233)
	at org.apache.ratis.thirdparty.io.grpc.stub.ClientCalls.getUnchecked(ClientCalls.java:214)
	at org.apache.ratis.thirdparty.io.grpc.stub.ClientCalls.blockingUnaryCall(ClientCalls.java:139)
	at org.apache.ratis.proto.grpc.RaftServerProtocolServiceGrpc$RaftServerProtocolServiceBlockingStub.requestVote(RaftServerProtocolServiceGrpc.java:265)
	at org.apache.ratis.grpc.server.GrpcServerProtocolClient.requestVote(GrpcServerProtocolClient.java:99)
	at org.apache.ratis.grpc.server.GrpcService.requestVote(GrpcService.java:204)
	at org.apache.ratis.server.impl.LeaderElection.lambda$submitRequests$1(LeaderElection.java:234)
	at java.util.concurrent.FutureTask.run(FutureTask.java:266)
	at java.util.concurrent.Executors$RunnableAdapter.call(Executors.java:511)
	at java.util.concurrent.FutureTask.run(FutureTask.java:266)
	at java.util.concurrent.ThreadPoolExecutor.runWorker(ThreadPoolExecutor.java:1149)
	at java.util.concurrent.ThreadPoolExecutor$Worker.run(ThreadPoolExecutor.java:624)
	... 1 more
Caused by: org.apache.ratis.thirdparty.io.netty.channel.AbstractChannel$AnnotatedConnectException: Connection refused: /192.168.164.233:46080
	at sun.nio.ch.SocketChannelImpl.checkConnect(Native Method)
	at sun.nio.ch.SocketChannelImpl.finishConnect(SocketChannelImpl.java:717)
	at org.apache.ratis.thirdparty.io.netty.channel.socket.nio.NioSocketChannel.doFinishConnect(NioSocketChannel.java:327)
	at org.apache.ratis.thirdparty.io.netty.channel.nio.AbstractNioChannel$AbstractNioUnsafe.finishConnect(AbstractNioChannel.java:340)
	at org.apache.ratis.thirdparty.io.netty.channel.nio.NioEventLoop.processSelectedKey(NioEventLoop.java:632)
	at org.apache.ratis.thirdparty.io.netty.channel.nio.NioEventLoop.processSelectedKeysOptimized(NioEventLoop.java:579)
	at org.apache.ratis.thirdparty.io.netty.channel.nio.NioEventLoop.processSelectedKeys(NioEventLoop.java:496)
	at org.apache.ratis.thirdparty.io.netty.channel.nio.NioEventLoop.run(NioEventLoop.java:458)
	at org.apache.ratis.thirdparty.io.netty.util.concurrent.SingleThreadEventExecutor$5.run(SingleThreadEventExecutor.java:897)
	at org.apache.ratis.thirdparty.io.netty.util.concurrent.FastThreadLocalRunnable.run(FastThreadLocalRunnable.java:30)
	... 1 more
Caused by: java.net.ConnectException: Connection refused
	... 11 more
2019-10-18 14:30:43,446 [681edbc6-a1fc-42a4-b5ce-4922820de60a@group-FD33B9583E3C-LeaderElection198] INFO  impl.LeaderElection (LogUtils.java:infoOrTrace(149)) -   Exception 1: {}
java.util.concurrent.ExecutionException: org.apache.ratis.thirdparty.io.grpc.StatusRuntimeException: UNAVAILABLE: io exception
	at java.util.concurrent.FutureTask.report(FutureTask.java:122)
	at java.util.concurrent.FutureTask.get(FutureTask.java:192)
	at org.apache.ratis.server.impl.LeaderElection.waitForResults(LeaderElection.java:259)
	at org.apache.ratis.server.impl.LeaderElection.askForVotes(LeaderElection.java:197)
	at org.apache.ratis.server.impl.LeaderElection.run(LeaderElection.java:133)
	at java.lang.Thread.run(Thread.java:748)
Caused by: org.apache.ratis.thirdparty.io.grpc.StatusRuntimeException: UNAVAILABLE: io exception
	at org.apache.ratis.thirdparty.io.grpc.stub.ClientCalls.toStatusRuntimeException(ClientCalls.java:233)
	at org.apache.ratis.thirdparty.io.grpc.stub.ClientCalls.getUnchecked(ClientCalls.java:214)
	at org.apache.ratis.thirdparty.io.grpc.stub.ClientCalls.blockingUnaryCall(ClientCalls.java:139)
	at org.apache.ratis.proto.grpc.RaftServerProtocolServiceGrpc$RaftServerProtocolServiceBlockingStub.requestVote(RaftServerProtocolServiceGrpc.java:265)
	at org.apache.ratis.grpc.server.GrpcServerProtocolClient.requestVote(GrpcServerProtocolClient.java:99)
	at org.apache.ratis.grpc.server.GrpcService.requestVote(GrpcService.java:204)
	at org.apache.ratis.server.impl.LeaderElection.lambda$submitRequests$1(LeaderElection.java:234)
	at java.util.concurrent.FutureTask.run(FutureTask.java:266)
	at java.util.concurrent.Executors$RunnableAdapter.call(Executors.java:511)
	at java.util.concurrent.FutureTask.run(FutureTask.java:266)
	at java.util.concurrent.ThreadPoolExecutor.runWorker(ThreadPoolExecutor.java:1149)
	at java.util.concurrent.ThreadPoolExecutor$Worker.run(ThreadPoolExecutor.java:624)
	... 1 more
Caused by: org.apache.ratis.thirdparty.io.netty.channel.AbstractChannel$AnnotatedConnectException: Connection refused: /192.168.164.233:38729
	at sun.nio.ch.SocketChannelImpl.checkConnect(Native Method)
	at sun.nio.ch.SocketChannelImpl.finishConnect(SocketChannelImpl.java:717)
	at org.apache.ratis.thirdparty.io.netty.channel.socket.nio.NioSocketChannel.doFinishConnect(NioSocketChannel.java:327)
	at org.apache.ratis.thirdparty.io.netty.channel.nio.AbstractNioChannel$AbstractNioUnsafe.finishConnect(AbstractNioChannel.java:340)
	at org.apache.ratis.thirdparty.io.netty.channel.nio.NioEventLoop.processSelectedKey(NioEventLoop.java:632)
	at org.apache.ratis.thirdparty.io.netty.channel.nio.NioEventLoop.processSelectedKeysOptimized(NioEventLoop.java:579)
	at org.apache.ratis.thirdparty.io.netty.channel.nio.NioEventLoop.processSelectedKeys(NioEventLoop.java:496)
	at org.apache.ratis.thirdparty.io.netty.channel.nio.NioEventLoop.run(NioEventLoop.java:458)
	at org.apache.ratis.thirdparty.io.netty.util.concurrent.SingleThreadEventExecutor$5.run(SingleThreadEventExecutor.java:897)
	at org.apache.ratis.thirdparty.io.netty.util.concurrent.FastThreadLocalRunnable.run(FastThreadLocalRunnable.java:30)
	... 1 more
Caused by: java.net.ConnectException: Connection refused
	... 11 more
2019-10-18 14:30:43,447 [681edbc6-a1fc-42a4-b5ce-4922820de60a@group-FD33B9583E3C-LeaderElection198] INFO  impl.RaftServerImpl (RaftServerImpl.java:setRole(184)) - 681edbc6-a1fc-42a4-b5ce-4922820de60a@group-FD33B9583E3C: changes role from CANDIDATE to FOLLOWER at term 199 for DISCOVERED_A_NEW_TERM
2019-10-18 14:30:43,447 [681edbc6-a1fc-42a4-b5ce-4922820de60a@group-FD33B9583E3C-LeaderElection198] INFO  impl.RoleInfo (RoleInfo.java:shutdownLeaderElection(134)) - 681edbc6-a1fc-42a4-b5ce-4922820de60a: shutdown LeaderElection
2019-10-18 14:30:43,447 [681edbc6-a1fc-42a4-b5ce-4922820de60a@group-FD33B9583E3C-LeaderElection198] INFO  impl.RoleInfo (RoleInfo.java:updateAndGet(143)) - 681edbc6-a1fc-42a4-b5ce-4922820de60a: start FollowerState
2019-10-18 14:30:43,593 [Thread-1764] INFO  impl.FollowerState (FollowerState.java:run(108)) - 681edbc6-a1fc-42a4-b5ce-4922820de60a@group-FD33B9583E3C-FollowerState: change to CANDIDATE, lastRpcTime:146ms, electionTimeout:146ms
2019-10-18 14:30:43,593 [Thread-1764] INFO  impl.RoleInfo (RoleInfo.java:shutdownFollowerState(121)) - 681edbc6-a1fc-42a4-b5ce-4922820de60a: shutdown FollowerState
2019-10-18 14:30:43,593 [Thread-1764] INFO  impl.RaftServerImpl (RaftServerImpl.java:setRole(184)) - 681edbc6-a1fc-42a4-b5ce-4922820de60a@group-FD33B9583E3C: changes role from  FOLLOWER to CANDIDATE at term 199 for changeToCandidate
2019-10-18 14:30:43,594 [Thread-1764] INFO  impl.RoleInfo (RoleInfo.java:updateAndGet(143)) - 681edbc6-a1fc-42a4-b5ce-4922820de60a: start LeaderElection
2019-10-18 14:30:43,607 [681edbc6-a1fc-42a4-b5ce-4922820de60a@group-FD33B9583E3C-LeaderElection199] INFO  impl.LeaderElection (LeaderElection.java:askForVotes(178)) - 681edbc6-a1fc-42a4-b5ce-4922820de60a@group-FD33B9583E3C-LeaderElection199: begin an election at term 200 for -1: [3ee7b367-7b16-44e1-99f8-43aefeda0876:192.168.164.233:46080, 681edbc6-a1fc-42a4-b5ce-4922820de60a:192.168.164.233:44267, 773cce60-eeca-4c1f-a5ec-70084be8b6b9:192.168.164.233:38729], old=null
2019-10-18 14:30:43,608 [681edbc6-a1fc-42a4-b5ce-4922820de60a@group-FD33B9583E3C-LeaderElection199] INFO  impl.LeaderElection (LogUtils.java:infoOrTrace(149)) - 681edbc6-a1fc-42a4-b5ce-4922820de60a@group-FD33B9583E3C-LeaderElection199 got exception when requesting votes: {}
java.util.concurrent.ExecutionException: org.apache.ratis.thirdparty.io.grpc.StatusRuntimeException: UNAVAILABLE: io exception
	at java.util.concurrent.FutureTask.report(FutureTask.java:122)
	at java.util.concurrent.FutureTask.get(FutureTask.java:192)
	at org.apache.ratis.server.impl.LeaderElection.waitForResults(LeaderElection.java:259)
	at org.apache.ratis.server.impl.LeaderElection.askForVotes(LeaderElection.java:197)
	at org.apache.ratis.server.impl.LeaderElection.run(LeaderElection.java:133)
	at java.lang.Thread.run(Thread.java:748)
Caused by: org.apache.ratis.thirdparty.io.grpc.StatusRuntimeException: UNAVAILABLE: io exception
	at org.apache.ratis.thirdparty.io.grpc.stub.ClientCalls.toStatusRuntimeException(ClientCalls.java:233)
	at org.apache.ratis.thirdparty.io.grpc.stub.ClientCalls.getUnchecked(ClientCalls.java:214)
	at org.apache.ratis.thirdparty.io.grpc.stub.ClientCalls.blockingUnaryCall(ClientCalls.java:139)
	at org.apache.ratis.proto.grpc.RaftServerProtocolServiceGrpc$RaftServerProtocolServiceBlockingStub.requestVote(RaftServerProtocolServiceGrpc.java:265)
	at org.apache.ratis.grpc.server.GrpcServerProtocolClient.requestVote(GrpcServerProtocolClient.java:99)
	at org.apache.ratis.grpc.server.GrpcService.requestVote(GrpcService.java:204)
	at org.apache.ratis.server.impl.LeaderElection.lambda$submitRequests$1(LeaderElection.java:234)
	at java.util.concurrent.FutureTask.run(FutureTask.java:266)
	at java.util.concurrent.Executors$RunnableAdapter.call(Executors.java:511)
	at java.util.concurrent.FutureTask.run(FutureTask.java:266)
	at java.util.concurrent.ThreadPoolExecutor.runWorker(ThreadPoolExecutor.java:1149)
	at java.util.concurrent.ThreadPoolExecutor$Worker.run(ThreadPoolExecutor.java:624)
	... 1 more
Caused by: org.apache.ratis.thirdparty.io.netty.channel.AbstractChannel$AnnotatedConnectException: Connection refused: /192.168.164.233:38729
	at sun.nio.ch.SocketChannelImpl.checkConnect(Native Method)
	at sun.nio.ch.SocketChannelImpl.finishConnect(SocketChannelImpl.java:717)
	at org.apache.ratis.thirdparty.io.netty.channel.socket.nio.NioSocketChannel.doFinishConnect(NioSocketChannel.java:327)
	at org.apache.ratis.thirdparty.io.netty.channel.nio.AbstractNioChannel$AbstractNioUnsafe.finishConnect(AbstractNioChannel.java:340)
	at org.apache.ratis.thirdparty.io.netty.channel.nio.NioEventLoop.processSelectedKey(NioEventLoop.java:632)
	at org.apache.ratis.thirdparty.io.netty.channel.nio.NioEventLoop.processSelectedKeysOptimized(NioEventLoop.java:579)
	at org.apache.ratis.thirdparty.io.netty.channel.nio.NioEventLoop.processSelectedKeys(NioEventLoop.java:496)
	at org.apache.ratis.thirdparty.io.netty.channel.nio.NioEventLoop.run(NioEventLoop.java:458)
	at org.apache.ratis.thirdparty.io.netty.util.concurrent.SingleThreadEventExecutor$5.run(SingleThreadEventExecutor.java:897)
	at org.apache.ratis.thirdparty.io.netty.util.concurrent.FastThreadLocalRunnable.run(FastThreadLocalRunnable.java:30)
	... 1 more
Caused by: java.net.ConnectException: Connection refused
	... 11 more
2019-10-18 14:30:43,608 [681edbc6-a1fc-42a4-b5ce-4922820de60a@group-FD33B9583E3C-LeaderElection199] INFO  impl.LeaderElection (LogUtils.java:infoOrTrace(149)) - 681edbc6-a1fc-42a4-b5ce-4922820de60a@group-FD33B9583E3C-LeaderElection199 got exception when requesting votes: {}
java.util.concurrent.ExecutionException: org.apache.ratis.thirdparty.io.grpc.StatusRuntimeException: UNAVAILABLE: io exception
	at java.util.concurrent.FutureTask.report(FutureTask.java:122)
	at java.util.concurrent.FutureTask.get(FutureTask.java:192)
	at org.apache.ratis.server.impl.LeaderElection.waitForResults(LeaderElection.java:259)
	at org.apache.ratis.server.impl.LeaderElection.askForVotes(LeaderElection.java:197)
	at org.apache.ratis.server.impl.LeaderElection.run(LeaderElection.java:133)
	at java.lang.Thread.run(Thread.java:748)
Caused by: org.apache.ratis.thirdparty.io.grpc.StatusRuntimeException: UNAVAILABLE: io exception
	at org.apache.ratis.thirdparty.io.grpc.stub.ClientCalls.toStatusRuntimeException(ClientCalls.java:233)
	at org.apache.ratis.thirdparty.io.grpc.stub.ClientCalls.getUnchecked(ClientCalls.java:214)
	at org.apache.ratis.thirdparty.io.grpc.stub.ClientCalls.blockingUnaryCall(ClientCalls.java:139)
	at org.apache.ratis.proto.grpc.RaftServerProtocolServiceGrpc$RaftServerProtocolServiceBlockingStub.requestVote(RaftServerProtocolServiceGrpc.java:265)
	at org.apache.ratis.grpc.server.GrpcServerProtocolClient.requestVote(GrpcServerProtocolClient.java:99)
	at org.apache.ratis.grpc.server.GrpcService.requestVote(GrpcService.java:204)
	at org.apache.ratis.server.impl.LeaderElection.lambda$submitRequests$1(LeaderElection.java:234)
	at java.util.concurrent.FutureTask.run(FutureTask.java:266)
	at java.util.concurrent.Executors$RunnableAdapter.call(Executors.java:511)
	at java.util.concurrent.FutureTask.run(FutureTask.java:266)
	at java.util.concurrent.ThreadPoolExecutor.runWorker(ThreadPoolExecutor.java:1149)
	at java.util.concurrent.ThreadPoolExecutor$Worker.run(ThreadPoolExecutor.java:624)
	... 1 more
Caused by: org.apache.ratis.thirdparty.io.netty.channel.AbstractChannel$AnnotatedConnectException: Connection refused: /192.168.164.233:46080
	at sun.nio.ch.SocketChannelImpl.checkConnect(Native Method)
	at sun.nio.ch.SocketChannelImpl.finishConnect(SocketChannelImpl.java:717)
	at org.apache.ratis.thirdparty.io.netty.channel.socket.nio.NioSocketChannel.doFinishConnect(NioSocketChannel.java:327)
	at org.apache.ratis.thirdparty.io.netty.channel.nio.AbstractNioChannel$AbstractNioUnsafe.finishConnect(AbstractNioChannel.java:340)
	at org.apache.ratis.thirdparty.io.netty.channel.nio.NioEventLoop.processSelectedKey(NioEventLoop.java:632)
	at org.apache.ratis.thirdparty.io.netty.channel.nio.NioEventLoop.processSelectedKeysOptimized(NioEventLoop.java:579)
	at org.apache.ratis.thirdparty.io.netty.channel.nio.NioEventLoop.processSelectedKeys(NioEventLoop.java:496)
	at org.apache.ratis.thirdparty.io.netty.channel.nio.NioEventLoop.run(NioEventLoop.java:458)
	at org.apache.ratis.thirdparty.io.netty.util.concurrent.SingleThreadEventExecutor$5.run(SingleThreadEventExecutor.java:897)
	at org.apache.ratis.thirdparty.io.netty.util.concurrent.FastThreadLocalRunnable.run(FastThreadLocalRunnable.java:30)
	... 1 more
Caused by: java.net.ConnectException: Connection refused
	... 11 more
2019-10-18 14:30:43,609 [681edbc6-a1fc-42a4-b5ce-4922820de60a@group-FD33B9583E3C-LeaderElection199] INFO  impl.LeaderElection (LeaderElection.java:logAndReturn(56)) - 681edbc6-a1fc-42a4-b5ce-4922820de60a@group-FD33B9583E3C-LeaderElection199: Election REJECTED; received 0 response(s) [] and 2 exception(s); 681edbc6-a1fc-42a4-b5ce-4922820de60a@group-FD33B9583E3C:t200, leader=null, voted=681edbc6-a1fc-42a4-b5ce-4922820de60a, raftlog=681edbc6-a1fc-42a4-b5ce-4922820de60a@group-FD33B9583E3C-SegmentedRaftLog:OPENED:c-1,f-1,i0, conf=-1: [3ee7b367-7b16-44e1-99f8-43aefeda0876:192.168.164.233:46080, 681edbc6-a1fc-42a4-b5ce-4922820de60a:192.168.164.233:44267, 773cce60-eeca-4c1f-a5ec-70084be8b6b9:192.168.164.233:38729], old=null
2019-10-18 14:30:43,609 [681edbc6-a1fc-42a4-b5ce-4922820de60a@group-FD33B9583E3C-LeaderElection199] INFO  impl.LeaderElection (LogUtils.java:infoOrTrace(149)) -   Exception 0: {}
java.util.concurrent.ExecutionException: org.apache.ratis.thirdparty.io.grpc.StatusRuntimeException: UNAVAILABLE: io exception
	at java.util.concurrent.FutureTask.report(FutureTask.java:122)
	at java.util.concurrent.FutureTask.get(FutureTask.java:192)
	at org.apache.ratis.server.impl.LeaderElection.waitForResults(LeaderElection.java:259)
	at org.apache.ratis.server.impl.LeaderElection.askForVotes(LeaderElection.java:197)
	at org.apache.ratis.server.impl.LeaderElection.run(LeaderElection.java:133)
	at java.lang.Thread.run(Thread.java:748)
Caused by: org.apache.ratis.thirdparty.io.grpc.StatusRuntimeException: UNAVAILABLE: io exception
	at org.apache.ratis.thirdparty.io.grpc.stub.ClientCalls.toStatusRuntimeException(ClientCalls.java:233)
	at org.apache.ratis.thirdparty.io.grpc.stub.ClientCalls.getUnchecked(ClientCalls.java:214)
	at org.apache.ratis.thirdparty.io.grpc.stub.ClientCalls.blockingUnaryCall(ClientCalls.java:139)
	at org.apache.ratis.proto.grpc.RaftServerProtocolServiceGrpc$RaftServerProtocolServiceBlockingStub.requestVote(RaftServerProtocolServiceGrpc.java:265)
	at org.apache.ratis.grpc.server.GrpcServerProtocolClient.requestVote(GrpcServerProtocolClient.java:99)
	at org.apache.ratis.grpc.server.GrpcService.requestVote(GrpcService.java:204)
	at org.apache.ratis.server.impl.LeaderElection.lambda$submitRequests$1(LeaderElection.java:234)
	at java.util.concurrent.FutureTask.run(FutureTask.java:266)
	at java.util.concurrent.Executors$RunnableAdapter.call(Executors.java:511)
	at java.util.concurrent.FutureTask.run(FutureTask.java:266)
	at java.util.concurrent.ThreadPoolExecutor.runWorker(ThreadPoolExecutor.java:1149)
	at java.util.concurrent.ThreadPoolExecutor$Worker.run(ThreadPoolExecutor.java:624)
	... 1 more
Caused by: org.apache.ratis.thirdparty.io.netty.channel.AbstractChannel$AnnotatedConnectException: Connection refused: /192.168.164.233:38729
	at sun.nio.ch.SocketChannelImpl.checkConnect(Native Method)
	at sun.nio.ch.SocketChannelImpl.finishConnect(SocketChannelImpl.java:717)
	at org.apache.ratis.thirdparty.io.netty.channel.socket.nio.NioSocketChannel.doFinishConnect(NioSocketChannel.java:327)
	at org.apache.ratis.thirdparty.io.netty.channel.nio.AbstractNioChannel$AbstractNioUnsafe.finishConnect(AbstractNioChannel.java:340)
	at org.apache.ratis.thirdparty.io.netty.channel.nio.NioEventLoop.processSelectedKey(NioEventLoop.java:632)
	at org.apache.ratis.thirdparty.io.netty.channel.nio.NioEventLoop.processSelectedKeysOptimized(NioEventLoop.java:579)
	at org.apache.ratis.thirdparty.io.netty.channel.nio.NioEventLoop.processSelectedKeys(NioEventLoop.java:496)
	at org.apache.ratis.thirdparty.io.netty.channel.nio.NioEventLoop.run(NioEventLoop.java:458)
	at org.apache.ratis.thirdparty.io.netty.util.concurrent.SingleThreadEventExecutor$5.run(SingleThreadEventExecutor.java:897)
	at org.apache.ratis.thirdparty.io.netty.util.concurrent.FastThreadLocalRunnable.run(FastThreadLocalRunnable.java:30)
	... 1 more
Caused by: java.net.ConnectException: Connection refused
	... 11 more
2019-10-18 14:30:43,609 [681edbc6-a1fc-42a4-b5ce-4922820de60a@group-FD33B9583E3C-LeaderElection199] INFO  impl.LeaderElection (LogUtils.java:infoOrTrace(149)) -   Exception 1: {}
java.util.concurrent.ExecutionException: org.apache.ratis.thirdparty.io.grpc.StatusRuntimeException: UNAVAILABLE: io exception
	at java.util.concurrent.FutureTask.report(FutureTask.java:122)
	at java.util.concurrent.FutureTask.get(FutureTask.java:192)
	at org.apache.ratis.server.impl.LeaderElection.waitForResults(LeaderElection.java:259)
	at org.apache.ratis.server.impl.LeaderElection.askForVotes(LeaderElection.java:197)
	at org.apache.ratis.server.impl.LeaderElection.run(LeaderElection.java:133)
	at java.lang.Thread.run(Thread.java:748)
Caused by: org.apache.ratis.thirdparty.io.grpc.StatusRuntimeException: UNAVAILABLE: io exception
	at org.apache.ratis.thirdparty.io.grpc.stub.ClientCalls.toStatusRuntimeException(ClientCalls.java:233)
	at org.apache.ratis.thirdparty.io.grpc.stub.ClientCalls.getUnchecked(ClientCalls.java:214)
	at org.apache.ratis.thirdparty.io.grpc.stub.ClientCalls.blockingUnaryCall(ClientCalls.java:139)
	at org.apache.ratis.proto.grpc.RaftServerProtocolServiceGrpc$RaftServerProtocolServiceBlockingStub.requestVote(RaftServerProtocolServiceGrpc.java:265)
	at org.apache.ratis.grpc.server.GrpcServerProtocolClient.requestVote(GrpcServerProtocolClient.java:99)
	at org.apache.ratis.grpc.server.GrpcService.requestVote(GrpcService.java:204)
	at org.apache.ratis.server.impl.LeaderElection.lambda$submitRequests$1(LeaderElection.java:234)
	at java.util.concurrent.FutureTask.run(FutureTask.java:266)
	at java.util.concurrent.Executors$RunnableAdapter.call(Executors.java:511)
	at java.util.concurrent.FutureTask.run(FutureTask.java:266)
	at java.util.concurrent.ThreadPoolExecutor.runWorker(ThreadPoolExecutor.java:1149)
	at java.util.concurrent.ThreadPoolExecutor$Worker.run(ThreadPoolExecutor.java:624)
	... 1 more
Caused by: org.apache.ratis.thirdparty.io.netty.channel.AbstractChannel$AnnotatedConnectException: Connection refused: /192.168.164.233:46080
	at sun.nio.ch.SocketChannelImpl.checkConnect(Native Method)
	at sun.nio.ch.SocketChannelImpl.finishConnect(SocketChannelImpl.java:717)
	at org.apache.ratis.thirdparty.io.netty.channel.socket.nio.NioSocketChannel.doFinishConnect(NioSocketChannel.java:327)
	at org.apache.ratis.thirdparty.io.netty.channel.nio.AbstractNioChannel$AbstractNioUnsafe.finishConnect(AbstractNioChannel.java:340)
	at org.apache.ratis.thirdparty.io.netty.channel.nio.NioEventLoop.processSelectedKey(NioEventLoop.java:632)
	at org.apache.ratis.thirdparty.io.netty.channel.nio.NioEventLoop.processSelectedKeysOptimized(NioEventLoop.java:579)
	at org.apache.ratis.thirdparty.io.netty.channel.nio.NioEventLoop.processSelectedKeys(NioEventLoop.java:496)
	at org.apache.ratis.thirdparty.io.netty.channel.nio.NioEventLoop.run(NioEventLoop.java:458)
	at org.apache.ratis.thirdparty.io.netty.util.concurrent.SingleThreadEventExecutor$5.run(SingleThreadEventExecutor.java:897)
	at org.apache.ratis.thirdparty.io.netty.util.concurrent.FastThreadLocalRunnable.run(FastThreadLocalRunnable.java:30)
	... 1 more
Caused by: java.net.ConnectException: Connection refused
	... 11 more
2019-10-18 14:30:43,610 [681edbc6-a1fc-42a4-b5ce-4922820de60a@group-FD33B9583E3C-LeaderElection199] INFO  impl.RaftServerImpl (RaftServerImpl.java:setRole(184)) - 681edbc6-a1fc-42a4-b5ce-4922820de60a@group-FD33B9583E3C: changes role from CANDIDATE to FOLLOWER at term 200 for DISCOVERED_A_NEW_TERM
2019-10-18 14:30:43,610 [681edbc6-a1fc-42a4-b5ce-4922820de60a@group-FD33B9583E3C-LeaderElection199] INFO  impl.RoleInfo (RoleInfo.java:shutdownLeaderElection(134)) - 681edbc6-a1fc-42a4-b5ce-4922820de60a: shutdown LeaderElection
2019-10-18 14:30:43,610 [681edbc6-a1fc-42a4-b5ce-4922820de60a@group-FD33B9583E3C-LeaderElection199] INFO  impl.RoleInfo (RoleInfo.java:updateAndGet(143)) - 681edbc6-a1fc-42a4-b5ce-4922820de60a: start FollowerState
2019-10-18 14:30:43,720 [java.util.concurrent.ThreadPoolExecutor$Worker@4efed47c[State = -1, empty queue]] WARN  server.GrpcLogAppender (GrpcLogAppender.java:timeoutAppendRequest(209)) - 46c14060-ea78-4b5a-b57c-064e4766b234@group-45DBFE4B8A65->a4757974-e77e-4a1a-a400-c32fe273093a-GrpcLogAppender: appendEntries Timeout, request=46c14060-ea78-4b5a-b57c-064e4766b234->a4757974-e77e-4a1a-a400-c32fe273093a#50-t3, previous=(t:3, i:4), leaderCommit=4, initializing? false, entries: <empty>
2019-10-18 14:30:43,720 [java.util.concurrent.ThreadPoolExecutor$Worker@108d80c3[State = -1, empty queue]] WARN  server.GrpcLogAppender (GrpcLogAppender.java:timeoutAppendRequest(209)) - 46c14060-ea78-4b5a-b57c-064e4766b234@group-45DBFE4B8A65->55013cf6-f41f-4339-a52c-06c119893914-GrpcLogAppender: appendEntries Timeout, request=46c14060-ea78-4b5a-b57c-064e4766b234->55013cf6-f41f-4339-a52c-06c119893914#50-t3, previous=(t:3, i:4), leaderCommit=4, initializing? false, entries: <empty>
2019-10-18 14:30:43,733 [Thread-1770] INFO  impl.FollowerState (FollowerState.java:run(108)) - 681edbc6-a1fc-42a4-b5ce-4922820de60a@group-FD33B9583E3C-FollowerState: change to CANDIDATE, lastRpcTime:123ms, electionTimeout:123ms
2019-10-18 14:30:43,733 [Thread-1770] INFO  impl.RoleInfo (RoleInfo.java:shutdownFollowerState(121)) - 681edbc6-a1fc-42a4-b5ce-4922820de60a: shutdown FollowerState
2019-10-18 14:30:43,733 [Thread-1770] INFO  impl.RaftServerImpl (RaftServerImpl.java:setRole(184)) - 681edbc6-a1fc-42a4-b5ce-4922820de60a@group-FD33B9583E3C: changes role from  FOLLOWER to CANDIDATE at term 200 for changeToCandidate
2019-10-18 14:30:43,734 [Thread-1770] INFO  impl.RoleInfo (RoleInfo.java:updateAndGet(143)) - 681edbc6-a1fc-42a4-b5ce-4922820de60a: start LeaderElection
2019-10-18 14:30:43,747 [681edbc6-a1fc-42a4-b5ce-4922820de60a@group-FD33B9583E3C-LeaderElection200] INFO  impl.LeaderElection (LeaderElection.java:askForVotes(178)) - 681edbc6-a1fc-42a4-b5ce-4922820de60a@group-FD33B9583E3C-LeaderElection200: begin an election at term 201 for -1: [3ee7b367-7b16-44e1-99f8-43aefeda0876:192.168.164.233:46080, 681edbc6-a1fc-42a4-b5ce-4922820de60a:192.168.164.233:44267, 773cce60-eeca-4c1f-a5ec-70084be8b6b9:192.168.164.233:38729], old=null
2019-10-18 14:30:43,748 [681edbc6-a1fc-42a4-b5ce-4922820de60a@group-FD33B9583E3C-LeaderElection200] INFO  impl.LeaderElection (LogUtils.java:infoOrTrace(149)) - 681edbc6-a1fc-42a4-b5ce-4922820de60a@group-FD33B9583E3C-LeaderElection200 got exception when requesting votes: {}
java.util.concurrent.ExecutionException: org.apache.ratis.thirdparty.io.grpc.StatusRuntimeException: UNAVAILABLE: io exception
	at java.util.concurrent.FutureTask.report(FutureTask.java:122)
	at java.util.concurrent.FutureTask.get(FutureTask.java:192)
	at org.apache.ratis.server.impl.LeaderElection.waitForResults(LeaderElection.java:259)
	at org.apache.ratis.server.impl.LeaderElection.askForVotes(LeaderElection.java:197)
	at org.apache.ratis.server.impl.LeaderElection.run(LeaderElection.java:133)
	at java.lang.Thread.run(Thread.java:748)
Caused by: org.apache.ratis.thirdparty.io.grpc.StatusRuntimeException: UNAVAILABLE: io exception
	at org.apache.ratis.thirdparty.io.grpc.stub.ClientCalls.toStatusRuntimeException(ClientCalls.java:233)
	at org.apache.ratis.thirdparty.io.grpc.stub.ClientCalls.getUnchecked(ClientCalls.java:214)
	at org.apache.ratis.thirdparty.io.grpc.stub.ClientCalls.blockingUnaryCall(ClientCalls.java:139)
	at org.apache.ratis.proto.grpc.RaftServerProtocolServiceGrpc$RaftServerProtocolServiceBlockingStub.requestVote(RaftServerProtocolServiceGrpc.java:265)
	at org.apache.ratis.grpc.server.GrpcServerProtocolClient.requestVote(GrpcServerProtocolClient.java:99)
	at org.apache.ratis.grpc.server.GrpcService.requestVote(GrpcService.java:204)
	at org.apache.ratis.server.impl.LeaderElection.lambda$submitRequests$1(LeaderElection.java:234)
	at java.util.concurrent.FutureTask.run(FutureTask.java:266)
	at java.util.concurrent.Executors$RunnableAdapter.call(Executors.java:511)
	at java.util.concurrent.FutureTask.run(FutureTask.java:266)
	at java.util.concurrent.ThreadPoolExecutor.runWorker(ThreadPoolExecutor.java:1149)
	at java.util.concurrent.ThreadPoolExecutor$Worker.run(ThreadPoolExecutor.java:624)
	... 1 more
Caused by: org.apache.ratis.thirdparty.io.netty.channel.AbstractChannel$AnnotatedConnectException: Connection refused: /192.168.164.233:46080
	at sun.nio.ch.SocketChannelImpl.checkConnect(Native Method)
	at sun.nio.ch.SocketChannelImpl.finishConnect(SocketChannelImpl.java:717)
	at org.apache.ratis.thirdparty.io.netty.channel.socket.nio.NioSocketChannel.doFinishConnect(NioSocketChannel.java:327)
	at org.apache.ratis.thirdparty.io.netty.channel.nio.AbstractNioChannel$AbstractNioUnsafe.finishConnect(AbstractNioChannel.java:340)
	at org.apache.ratis.thirdparty.io.netty.channel.nio.NioEventLoop.processSelectedKey(NioEventLoop.java:632)
	at org.apache.ratis.thirdparty.io.netty.channel.nio.NioEventLoop.processSelectedKeysOptimized(NioEventLoop.java:579)
	at org.apache.ratis.thirdparty.io.netty.channel.nio.NioEventLoop.processSelectedKeys(NioEventLoop.java:496)
	at org.apache.ratis.thirdparty.io.netty.channel.nio.NioEventLoop.run(NioEventLoop.java:458)
	at org.apache.ratis.thirdparty.io.netty.util.concurrent.SingleThreadEventExecutor$5.run(SingleThreadEventExecutor.java:897)
	at org.apache.ratis.thirdparty.io.netty.util.concurrent.FastThreadLocalRunnable.run(FastThreadLocalRunnable.java:30)
	... 1 more
Caused by: java.net.ConnectException: Connection refused
	... 11 more
2019-10-18 14:30:43,748 [681edbc6-a1fc-42a4-b5ce-4922820de60a@group-FD33B9583E3C-LeaderElection200] INFO  impl.LeaderElection (LogUtils.java:infoOrTrace(149)) - 681edbc6-a1fc-42a4-b5ce-4922820de60a@group-FD33B9583E3C-LeaderElection200 got exception when requesting votes: {}
java.util.concurrent.ExecutionException: org.apache.ratis.thirdparty.io.grpc.StatusRuntimeException: UNAVAILABLE: io exception
	at java.util.concurrent.FutureTask.report(FutureTask.java:122)
	at java.util.concurrent.FutureTask.get(FutureTask.java:192)
	at org.apache.ratis.server.impl.LeaderElection.waitForResults(LeaderElection.java:259)
	at org.apache.ratis.server.impl.LeaderElection.askForVotes(LeaderElection.java:197)
	at org.apache.ratis.server.impl.LeaderElection.run(LeaderElection.java:133)
	at java.lang.Thread.run(Thread.java:748)
Caused by: org.apache.ratis.thirdparty.io.grpc.StatusRuntimeException: UNAVAILABLE: io exception
	at org.apache.ratis.thirdparty.io.grpc.stub.ClientCalls.toStatusRuntimeException(ClientCalls.java:233)
	at org.apache.ratis.thirdparty.io.grpc.stub.ClientCalls.getUnchecked(ClientCalls.java:214)
	at org.apache.ratis.thirdparty.io.grpc.stub.ClientCalls.blockingUnaryCall(ClientCalls.java:139)
	at org.apache.ratis.proto.grpc.RaftServerProtocolServiceGrpc$RaftServerProtocolServiceBlockingStub.requestVote(RaftServerProtocolServiceGrpc.java:265)
	at org.apache.ratis.grpc.server.GrpcServerProtocolClient.requestVote(GrpcServerProtocolClient.java:99)
	at org.apache.ratis.grpc.server.GrpcService.requestVote(GrpcService.java:204)
	at org.apache.ratis.server.impl.LeaderElection.lambda$submitRequests$1(LeaderElection.java:234)
	at java.util.concurrent.FutureTask.run(FutureTask.java:266)
	at java.util.concurrent.Executors$RunnableAdapter.call(Executors.java:511)
	at java.util.concurrent.FutureTask.run(FutureTask.java:266)
	at java.util.concurrent.ThreadPoolExecutor.runWorker(ThreadPoolExecutor.java:1149)
	at java.util.concurrent.ThreadPoolExecutor$Worker.run(ThreadPoolExecutor.java:624)
	... 1 more
Caused by: org.apache.ratis.thirdparty.io.netty.channel.AbstractChannel$AnnotatedConnectException: Connection refused: /192.168.164.233:38729
	at sun.nio.ch.SocketChannelImpl.checkConnect(Native Method)
	at sun.nio.ch.SocketChannelImpl.finishConnect(SocketChannelImpl.java:717)
	at org.apache.ratis.thirdparty.io.netty.channel.socket.nio.NioSocketChannel.doFinishConnect(NioSocketChannel.java:327)
	at org.apache.ratis.thirdparty.io.netty.channel.nio.AbstractNioChannel$AbstractNioUnsafe.finishConnect(AbstractNioChannel.java:340)
	at org.apache.ratis.thirdparty.io.netty.channel.nio.NioEventLoop.processSelectedKey(NioEventLoop.java:632)
	at org.apache.ratis.thirdparty.io.netty.channel.nio.NioEventLoop.processSelectedKeysOptimized(NioEventLoop.java:579)
	at org.apache.ratis.thirdparty.io.netty.channel.nio.NioEventLoop.processSelectedKeys(NioEventLoop.java:496)
	at org.apache.ratis.thirdparty.io.netty.channel.nio.NioEventLoop.run(NioEventLoop.java:458)
	at org.apache.ratis.thirdparty.io.netty.util.concurrent.SingleThreadEventExecutor$5.run(SingleThreadEventExecutor.java:897)
	at org.apache.ratis.thirdparty.io.netty.util.concurrent.FastThreadLocalRunnable.run(FastThreadLocalRunnable.java:30)
	... 1 more
Caused by: java.net.ConnectException: Connection refused
	... 11 more
2019-10-18 14:30:43,748 [681edbc6-a1fc-42a4-b5ce-4922820de60a@group-FD33B9583E3C-LeaderElection200] INFO  impl.LeaderElection (LeaderElection.java:logAndReturn(56)) - 681edbc6-a1fc-42a4-b5ce-4922820de60a@group-FD33B9583E3C-LeaderElection200: Election REJECTED; received 0 response(s) [] and 2 exception(s); 681edbc6-a1fc-42a4-b5ce-4922820de60a@group-FD33B9583E3C:t201, leader=null, voted=681edbc6-a1fc-42a4-b5ce-4922820de60a, raftlog=681edbc6-a1fc-42a4-b5ce-4922820de60a@group-FD33B9583E3C-SegmentedRaftLog:OPENED:c-1,f-1,i0, conf=-1: [3ee7b367-7b16-44e1-99f8-43aefeda0876:192.168.164.233:46080, 681edbc6-a1fc-42a4-b5ce-4922820de60a:192.168.164.233:44267, 773cce60-eeca-4c1f-a5ec-70084be8b6b9:192.168.164.233:38729], old=null
2019-10-18 14:30:43,748 [681edbc6-a1fc-42a4-b5ce-4922820de60a@group-FD33B9583E3C-LeaderElection200] INFO  impl.LeaderElection (LogUtils.java:infoOrTrace(149)) -   Exception 0: {}
java.util.concurrent.ExecutionException: org.apache.ratis.thirdparty.io.grpc.StatusRuntimeException: UNAVAILABLE: io exception
	at java.util.concurrent.FutureTask.report(FutureTask.java:122)
	at java.util.concurrent.FutureTask.get(FutureTask.java:192)
	at org.apache.ratis.server.impl.LeaderElection.waitForResults(LeaderElection.java:259)
	at org.apache.ratis.server.impl.LeaderElection.askForVotes(LeaderElection.java:197)
	at org.apache.ratis.server.impl.LeaderElection.run(LeaderElection.java:133)
	at java.lang.Thread.run(Thread.java:748)
Caused by: org.apache.ratis.thirdparty.io.grpc.StatusRuntimeException: UNAVAILABLE: io exception
	at org.apache.ratis.thirdparty.io.grpc.stub.ClientCalls.toStatusRuntimeException(ClientCalls.java:233)
	at org.apache.ratis.thirdparty.io.grpc.stub.ClientCalls.getUnchecked(ClientCalls.java:214)
	at org.apache.ratis.thirdparty.io.grpc.stub.ClientCalls.blockingUnaryCall(ClientCalls.java:139)
	at org.apache.ratis.proto.grpc.RaftServerProtocolServiceGrpc$RaftServerProtocolServiceBlockingStub.requestVote(RaftServerProtocolServiceGrpc.java:265)
	at org.apache.ratis.grpc.server.GrpcServerProtocolClient.requestVote(GrpcServerProtocolClient.java:99)
	at org.apache.ratis.grpc.server.GrpcService.requestVote(GrpcService.java:204)
	at org.apache.ratis.server.impl.LeaderElection.lambda$submitRequests$1(LeaderElection.java:234)
	at java.util.concurrent.FutureTask.run(FutureTask.java:266)
	at java.util.concurrent.Executors$RunnableAdapter.call(Executors.java:511)
	at java.util.concurrent.FutureTask.run(FutureTask.java:266)
	at java.util.concurrent.ThreadPoolExecutor.runWorker(ThreadPoolExecutor.java:1149)
	at java.util.concurrent.ThreadPoolExecutor$Worker.run(ThreadPoolExecutor.java:624)
	... 1 more
Caused by: org.apache.ratis.thirdparty.io.netty.channel.AbstractChannel$AnnotatedConnectException: Connection refused: /192.168.164.233:46080
	at sun.nio.ch.SocketChannelImpl.checkConnect(Native Method)
	at sun.nio.ch.SocketChannelImpl.finishConnect(SocketChannelImpl.java:717)
	at org.apache.ratis.thirdparty.io.netty.channel.socket.nio.NioSocketChannel.doFinishConnect(NioSocketChannel.java:327)
	at org.apache.ratis.thirdparty.io.netty.channel.nio.AbstractNioChannel$AbstractNioUnsafe.finishConnect(AbstractNioChannel.java:340)
	at org.apache.ratis.thirdparty.io.netty.channel.nio.NioEventLoop.processSelectedKey(NioEventLoop.java:632)
	at org.apache.ratis.thirdparty.io.netty.channel.nio.NioEventLoop.processSelectedKeysOptimized(NioEventLoop.java:579)
	at org.apache.ratis.thirdparty.io.netty.channel.nio.NioEventLoop.processSelectedKeys(NioEventLoop.java:496)
	at org.apache.ratis.thirdparty.io.netty.channel.nio.NioEventLoop.run(NioEventLoop.java:458)
	at org.apache.ratis.thirdparty.io.netty.util.concurrent.SingleThreadEventExecutor$5.run(SingleThreadEventExecutor.java:897)
	at org.apache.ratis.thirdparty.io.netty.util.concurrent.FastThreadLocalRunnable.run(FastThreadLocalRunnable.java:30)
	... 1 more
Caused by: java.net.ConnectException: Connection refused
	... 11 more
2019-10-18 14:30:43,748 [681edbc6-a1fc-42a4-b5ce-4922820de60a@group-FD33B9583E3C-LeaderElection200] INFO  impl.LeaderElection (LogUtils.java:infoOrTrace(149)) -   Exception 1: {}
java.util.concurrent.ExecutionException: org.apache.ratis.thirdparty.io.grpc.StatusRuntimeException: UNAVAILABLE: io exception
	at java.util.concurrent.FutureTask.report(FutureTask.java:122)
	at java.util.concurrent.FutureTask.get(FutureTask.java:192)
	at org.apache.ratis.server.impl.LeaderElection.waitForResults(LeaderElection.java:259)
	at org.apache.ratis.server.impl.LeaderElection.askForVotes(LeaderElection.java:197)
	at org.apache.ratis.server.impl.LeaderElection.run(LeaderElection.java:133)
	at java.lang.Thread.run(Thread.java:748)
Caused by: org.apache.ratis.thirdparty.io.grpc.StatusRuntimeException: UNAVAILABLE: io exception
	at org.apache.ratis.thirdparty.io.grpc.stub.ClientCalls.toStatusRuntimeException(ClientCalls.java:233)
	at org.apache.ratis.thirdparty.io.grpc.stub.ClientCalls.getUnchecked(ClientCalls.java:214)
	at org.apache.ratis.thirdparty.io.grpc.stub.ClientCalls.blockingUnaryCall(ClientCalls.java:139)
	at org.apache.ratis.proto.grpc.RaftServerProtocolServiceGrpc$RaftServerProtocolServiceBlockingStub.requestVote(RaftServerProtocolServiceGrpc.java:265)
	at org.apache.ratis.grpc.server.GrpcServerProtocolClient.requestVote(GrpcServerProtocolClient.java:99)
	at org.apache.ratis.grpc.server.GrpcService.requestVote(GrpcService.java:204)
	at org.apache.ratis.server.impl.LeaderElection.lambda$submitRequests$1(LeaderElection.java:234)
	at java.util.concurrent.FutureTask.run(FutureTask.java:266)
	at java.util.concurrent.Executors$RunnableAdapter.call(Executors.java:511)
	at java.util.concurrent.FutureTask.run(FutureTask.java:266)
	at java.util.concurrent.ThreadPoolExecutor.runWorker(ThreadPoolExecutor.java:1149)
	at java.util.concurrent.ThreadPoolExecutor$Worker.run(ThreadPoolExecutor.java:624)
	... 1 more
Caused by: org.apache.ratis.thirdparty.io.netty.channel.AbstractChannel$AnnotatedConnectException: Connection refused: /192.168.164.233:38729
	at sun.nio.ch.SocketChannelImpl.checkConnect(Native Method)
	at sun.nio.ch.SocketChannelImpl.finishConnect(SocketChannelImpl.java:717)
	at org.apache.ratis.thirdparty.io.netty.channel.socket.nio.NioSocketChannel.doFinishConnect(NioSocketChannel.java:327)
	at org.apache.ratis.thirdparty.io.netty.channel.nio.AbstractNioChannel$AbstractNioUnsafe.finishConnect(AbstractNioChannel.java:340)
	at org.apache.ratis.thirdparty.io.netty.channel.nio.NioEventLoop.processSelectedKey(NioEventLoop.java:632)
	at org.apache.ratis.thirdparty.io.netty.channel.nio.NioEventLoop.processSelectedKeysOptimized(NioEventLoop.java:579)
	at org.apache.ratis.thirdparty.io.netty.channel.nio.NioEventLoop.processSelectedKeys(NioEventLoop.java:496)
	at org.apache.ratis.thirdparty.io.netty.channel.nio.NioEventLoop.run(NioEventLoop.java:458)
	at org.apache.ratis.thirdparty.io.netty.util.concurrent.SingleThreadEventExecutor$5.run(SingleThreadEventExecutor.java:897)
	at org.apache.ratis.thirdparty.io.netty.util.concurrent.FastThreadLocalRunnable.run(FastThreadLocalRunnable.java:30)
	... 1 more
Caused by: java.net.ConnectException: Connection refused
	... 11 more
2019-10-18 14:30:43,749 [681edbc6-a1fc-42a4-b5ce-4922820de60a@group-FD33B9583E3C-LeaderElection200] INFO  impl.RaftServerImpl (RaftServerImpl.java:setRole(184)) - 681edbc6-a1fc-42a4-b5ce-4922820de60a@group-FD33B9583E3C: changes role from CANDIDATE to FOLLOWER at term 201 for DISCOVERED_A_NEW_TERM
2019-10-18 14:30:43,749 [681edbc6-a1fc-42a4-b5ce-4922820de60a@group-FD33B9583E3C-LeaderElection200] INFO  impl.RoleInfo (RoleInfo.java:shutdownLeaderElection(134)) - 681edbc6-a1fc-42a4-b5ce-4922820de60a: shutdown LeaderElection
2019-10-18 14:30:43,749 [681edbc6-a1fc-42a4-b5ce-4922820de60a@group-FD33B9583E3C-LeaderElection200] INFO  impl.RoleInfo (RoleInfo.java:updateAndGet(143)) - 681edbc6-a1fc-42a4-b5ce-4922820de60a: start FollowerState
2019-10-18 14:30:43,774 [Thread-1774] INFO  impl.FollowerState (FollowerState.java:run(108)) - 681edbc6-a1fc-42a4-b5ce-4922820de60a@group-FD33B9583E3C-FollowerState: change to CANDIDATE, lastRpcTime:25ms, electionTimeout:25ms
2019-10-18 14:30:43,774 [Thread-1774] INFO  impl.RoleInfo (RoleInfo.java:shutdownFollowerState(121)) - 681edbc6-a1fc-42a4-b5ce-4922820de60a: shutdown FollowerState
2019-10-18 14:30:43,775 [Thread-1774] INFO  impl.RaftServerImpl (RaftServerImpl.java:setRole(184)) - 681edbc6-a1fc-42a4-b5ce-4922820de60a@group-FD33B9583E3C: changes role from  FOLLOWER to CANDIDATE at term 201 for changeToCandidate
2019-10-18 14:30:43,775 [Thread-1774] INFO  impl.RoleInfo (RoleInfo.java:updateAndGet(143)) - 681edbc6-a1fc-42a4-b5ce-4922820de60a: start LeaderElection
2019-10-18 14:30:43,788 [681edbc6-a1fc-42a4-b5ce-4922820de60a@group-FD33B9583E3C-LeaderElection201] INFO  impl.LeaderElection (LeaderElection.java:askForVotes(178)) - 681edbc6-a1fc-42a4-b5ce-4922820de60a@group-FD33B9583E3C-LeaderElection201: begin an election at term 202 for -1: [3ee7b367-7b16-44e1-99f8-43aefeda0876:192.168.164.233:46080, 681edbc6-a1fc-42a4-b5ce-4922820de60a:192.168.164.233:44267, 773cce60-eeca-4c1f-a5ec-70084be8b6b9:192.168.164.233:38729], old=null
2019-10-18 14:30:43,789 [681edbc6-a1fc-42a4-b5ce-4922820de60a@group-FD33B9583E3C-LeaderElection201] INFO  impl.LeaderElection (LogUtils.java:infoOrTrace(149)) - 681edbc6-a1fc-42a4-b5ce-4922820de60a@group-FD33B9583E3C-LeaderElection201 got exception when requesting votes: {}
java.util.concurrent.ExecutionException: org.apache.ratis.thirdparty.io.grpc.StatusRuntimeException: UNAVAILABLE: io exception
	at java.util.concurrent.FutureTask.report(FutureTask.java:122)
	at java.util.concurrent.FutureTask.get(FutureTask.java:192)
	at org.apache.ratis.server.impl.LeaderElection.waitForResults(LeaderElection.java:259)
	at org.apache.ratis.server.impl.LeaderElection.askForVotes(LeaderElection.java:197)
	at org.apache.ratis.server.impl.LeaderElection.run(LeaderElection.java:133)
	at java.lang.Thread.run(Thread.java:748)
Caused by: org.apache.ratis.thirdparty.io.grpc.StatusRuntimeException: UNAVAILABLE: io exception
	at org.apache.ratis.thirdparty.io.grpc.stub.ClientCalls.toStatusRuntimeException(ClientCalls.java:233)
	at org.apache.ratis.thirdparty.io.grpc.stub.ClientCalls.getUnchecked(ClientCalls.java:214)
	at org.apache.ratis.thirdparty.io.grpc.stub.ClientCalls.blockingUnaryCall(ClientCalls.java:139)
	at org.apache.ratis.proto.grpc.RaftServerProtocolServiceGrpc$RaftServerProtocolServiceBlockingStub.requestVote(RaftServerProtocolServiceGrpc.java:265)
	at org.apache.ratis.grpc.server.GrpcServerProtocolClient.requestVote(GrpcServerProtocolClient.java:99)
	at org.apache.ratis.grpc.server.GrpcService.requestVote(GrpcService.java:204)
	at org.apache.ratis.server.impl.LeaderElection.lambda$submitRequests$1(LeaderElection.java:234)
	at java.util.concurrent.FutureTask.run(FutureTask.java:266)
	at java.util.concurrent.Executors$RunnableAdapter.call(Executors.java:511)
	at java.util.concurrent.FutureTask.run(FutureTask.java:266)
	at java.util.concurrent.ThreadPoolExecutor.runWorker(ThreadPoolExecutor.java:1149)
	at java.util.concurrent.ThreadPoolExecutor$Worker.run(ThreadPoolExecutor.java:624)
	... 1 more
Caused by: org.apache.ratis.thirdparty.io.netty.channel.AbstractChannel$AnnotatedConnectException: Connection refused: /192.168.164.233:38729
	at sun.nio.ch.SocketChannelImpl.checkConnect(Native Method)
	at sun.nio.ch.SocketChannelImpl.finishConnect(SocketChannelImpl.java:717)
	at org.apache.ratis.thirdparty.io.netty.channel.socket.nio.NioSocketChannel.doFinishConnect(NioSocketChannel.java:327)
	at org.apache.ratis.thirdparty.io.netty.channel.nio.AbstractNioChannel$AbstractNioUnsafe.finishConnect(AbstractNioChannel.java:340)
	at org.apache.ratis.thirdparty.io.netty.channel.nio.NioEventLoop.processSelectedKey(NioEventLoop.java:632)
	at org.apache.ratis.thirdparty.io.netty.channel.nio.NioEventLoop.processSelectedKeysOptimized(NioEventLoop.java:579)
	at org.apache.ratis.thirdparty.io.netty.channel.nio.NioEventLoop.processSelectedKeys(NioEventLoop.java:496)
	at org.apache.ratis.thirdparty.io.netty.channel.nio.NioEventLoop.run(NioEventLoop.java:458)
	at org.apache.ratis.thirdparty.io.netty.util.concurrent.SingleThreadEventExecutor$5.run(SingleThreadEventExecutor.java:897)
	at org.apache.ratis.thirdparty.io.netty.util.concurrent.FastThreadLocalRunnable.run(FastThreadLocalRunnable.java:30)
	... 1 more
Caused by: java.net.ConnectException: Connection refused
	... 11 more
2019-10-18 14:30:43,790 [681edbc6-a1fc-42a4-b5ce-4922820de60a@group-FD33B9583E3C-LeaderElection201] INFO  impl.LeaderElection (LogUtils.java:infoOrTrace(149)) - 681edbc6-a1fc-42a4-b5ce-4922820de60a@group-FD33B9583E3C-LeaderElection201 got exception when requesting votes: {}
java.util.concurrent.ExecutionException: org.apache.ratis.thirdparty.io.grpc.StatusRuntimeException: UNAVAILABLE: io exception
	at java.util.concurrent.FutureTask.report(FutureTask.java:122)
	at java.util.concurrent.FutureTask.get(FutureTask.java:192)
	at org.apache.ratis.server.impl.LeaderElection.waitForResults(LeaderElection.java:259)
	at org.apache.ratis.server.impl.LeaderElection.askForVotes(LeaderElection.java:197)
	at org.apache.ratis.server.impl.LeaderElection.run(LeaderElection.java:133)
	at java.lang.Thread.run(Thread.java:748)
Caused by: org.apache.ratis.thirdparty.io.grpc.StatusRuntimeException: UNAVAILABLE: io exception
	at org.apache.ratis.thirdparty.io.grpc.stub.ClientCalls.toStatusRuntimeException(ClientCalls.java:233)
	at org.apache.ratis.thirdparty.io.grpc.stub.ClientCalls.getUnchecked(ClientCalls.java:214)
	at org.apache.ratis.thirdparty.io.grpc.stub.ClientCalls.blockingUnaryCall(ClientCalls.java:139)
	at org.apache.ratis.proto.grpc.RaftServerProtocolServiceGrpc$RaftServerProtocolServiceBlockingStub.requestVote(RaftServerProtocolServiceGrpc.java:265)
	at org.apache.ratis.grpc.server.GrpcServerProtocolClient.requestVote(GrpcServerProtocolClient.java:99)
	at org.apache.ratis.grpc.server.GrpcService.requestVote(GrpcService.java:204)
	at org.apache.ratis.server.impl.LeaderElection.lambda$submitRequests$1(LeaderElection.java:234)
	at java.util.concurrent.FutureTask.run(FutureTask.java:266)
	at java.util.concurrent.Executors$RunnableAdapter.call(Executors.java:511)
	at java.util.concurrent.FutureTask.run(FutureTask.java:266)
	at java.util.concurrent.ThreadPoolExecutor.runWorker(ThreadPoolExecutor.java:1149)
	at java.util.concurrent.ThreadPoolExecutor$Worker.run(ThreadPoolExecutor.java:624)
	... 1 more
Caused by: org.apache.ratis.thirdparty.io.netty.channel.AbstractChannel$AnnotatedConnectException: Connection refused: /192.168.164.233:46080
	at sun.nio.ch.SocketChannelImpl.checkConnect(Native Method)
	at sun.nio.ch.SocketChannelImpl.finishConnect(SocketChannelImpl.java:717)
	at org.apache.ratis.thirdparty.io.netty.channel.socket.nio.NioSocketChannel.doFinishConnect(NioSocketChannel.java:327)
	at org.apache.ratis.thirdparty.io.netty.channel.nio.AbstractNioChannel$AbstractNioUnsafe.finishConnect(AbstractNioChannel.java:340)
	at org.apache.ratis.thirdparty.io.netty.channel.nio.NioEventLoop.processSelectedKey(NioEventLoop.java:632)
	at org.apache.ratis.thirdparty.io.netty.channel.nio.NioEventLoop.processSelectedKeysOptimized(NioEventLoop.java:579)
	at org.apache.ratis.thirdparty.io.netty.channel.nio.NioEventLoop.processSelectedKeys(NioEventLoop.java:496)
	at org.apache.ratis.thirdparty.io.netty.channel.nio.NioEventLoop.run(NioEventLoop.java:458)
	at org.apache.ratis.thirdparty.io.netty.util.concurrent.SingleThreadEventExecutor$5.run(SingleThreadEventExecutor.java:897)
	at org.apache.ratis.thirdparty.io.netty.util.concurrent.FastThreadLocalRunnable.run(FastThreadLocalRunnable.java:30)
	... 1 more
Caused by: java.net.ConnectException: Connection refused
	... 11 more
2019-10-18 14:30:43,790 [681edbc6-a1fc-42a4-b5ce-4922820de60a@group-FD33B9583E3C-LeaderElection201] INFO  impl.LeaderElection (LeaderElection.java:logAndReturn(56)) - 681edbc6-a1fc-42a4-b5ce-4922820de60a@group-FD33B9583E3C-LeaderElection201: Election REJECTED; received 0 response(s) [] and 2 exception(s); 681edbc6-a1fc-42a4-b5ce-4922820de60a@group-FD33B9583E3C:t202, leader=null, voted=681edbc6-a1fc-42a4-b5ce-4922820de60a, raftlog=681edbc6-a1fc-42a4-b5ce-4922820de60a@group-FD33B9583E3C-SegmentedRaftLog:OPENED:c-1,f-1,i0, conf=-1: [3ee7b367-7b16-44e1-99f8-43aefeda0876:192.168.164.233:46080, 681edbc6-a1fc-42a4-b5ce-4922820de60a:192.168.164.233:44267, 773cce60-eeca-4c1f-a5ec-70084be8b6b9:192.168.164.233:38729], old=null
2019-10-18 14:30:43,790 [681edbc6-a1fc-42a4-b5ce-4922820de60a@group-FD33B9583E3C-LeaderElection201] INFO  impl.LeaderElection (LogUtils.java:infoOrTrace(149)) -   Exception 0: {}
java.util.concurrent.ExecutionException: org.apache.ratis.thirdparty.io.grpc.StatusRuntimeException: UNAVAILABLE: io exception
	at java.util.concurrent.FutureTask.report(FutureTask.java:122)
	at java.util.concurrent.FutureTask.get(FutureTask.java:192)
	at org.apache.ratis.server.impl.LeaderElection.waitForResults(LeaderElection.java:259)
	at org.apache.ratis.server.impl.LeaderElection.askForVotes(LeaderElection.java:197)
	at org.apache.ratis.server.impl.LeaderElection.run(LeaderElection.java:133)
	at java.lang.Thread.run(Thread.java:748)
Caused by: org.apache.ratis.thirdparty.io.grpc.StatusRuntimeException: UNAVAILABLE: io exception
	at org.apache.ratis.thirdparty.io.grpc.stub.ClientCalls.toStatusRuntimeException(ClientCalls.java:233)
	at org.apache.ratis.thirdparty.io.grpc.stub.ClientCalls.getUnchecked(ClientCalls.java:214)
	at org.apache.ratis.thirdparty.io.grpc.stub.ClientCalls.blockingUnaryCall(ClientCalls.java:139)
	at org.apache.ratis.proto.grpc.RaftServerProtocolServiceGrpc$RaftServerProtocolServiceBlockingStub.requestVote(RaftServerProtocolServiceGrpc.java:265)
	at org.apache.ratis.grpc.server.GrpcServerProtocolClient.requestVote(GrpcServerProtocolClient.java:99)
	at org.apache.ratis.grpc.server.GrpcService.requestVote(GrpcService.java:204)
	at org.apache.ratis.server.impl.LeaderElection.lambda$submitRequests$1(LeaderElection.java:234)
	at java.util.concurrent.FutureTask.run(FutureTask.java:266)
	at java.util.concurrent.Executors$RunnableAdapter.call(Executors.java:511)
	at java.util.concurrent.FutureTask.run(FutureTask.java:266)
	at java.util.concurrent.ThreadPoolExecutor.runWorker(ThreadPoolExecutor.java:1149)
	at java.util.concurrent.ThreadPoolExecutor$Worker.run(ThreadPoolExecutor.java:624)
	... 1 more
Caused by: org.apache.ratis.thirdparty.io.netty.channel.AbstractChannel$AnnotatedConnectException: Connection refused: /192.168.164.233:38729
	at sun.nio.ch.SocketChannelImpl.checkConnect(Native Method)
	at sun.nio.ch.SocketChannelImpl.finishConnect(SocketChannelImpl.java:717)
	at org.apache.ratis.thirdparty.io.netty.channel.socket.nio.NioSocketChannel.doFinishConnect(NioSocketChannel.java:327)
	at org.apache.ratis.thirdparty.io.netty.channel.nio.AbstractNioChannel$AbstractNioUnsafe.finishConnect(AbstractNioChannel.java:340)
	at org.apache.ratis.thirdparty.io.netty.channel.nio.NioEventLoop.processSelectedKey(NioEventLoop.java:632)
	at org.apache.ratis.thirdparty.io.netty.channel.nio.NioEventLoop.processSelectedKeysOptimized(NioEventLoop.java:579)
	at org.apache.ratis.thirdparty.io.netty.channel.nio.NioEventLoop.processSelectedKeys(NioEventLoop.java:496)
	at org.apache.ratis.thirdparty.io.netty.channel.nio.NioEventLoop.run(NioEventLoop.java:458)
	at org.apache.ratis.thirdparty.io.netty.util.concurrent.SingleThreadEventExecutor$5.run(SingleThreadEventExecutor.java:897)
	at org.apache.ratis.thirdparty.io.netty.util.concurrent.FastThreadLocalRunnable.run(FastThreadLocalRunnable.java:30)
	... 1 more
Caused by: java.net.ConnectException: Connection refused
	... 11 more
2019-10-18 14:30:43,791 [681edbc6-a1fc-42a4-b5ce-4922820de60a@group-FD33B9583E3C-LeaderElection201] INFO  impl.LeaderElection (LogUtils.java:infoOrTrace(149)) -   Exception 1: {}
java.util.concurrent.ExecutionException: org.apache.ratis.thirdparty.io.grpc.StatusRuntimeException: UNAVAILABLE: io exception
	at java.util.concurrent.FutureTask.report(FutureTask.java:122)
	at java.util.concurrent.FutureTask.get(FutureTask.java:192)
	at org.apache.ratis.server.impl.LeaderElection.waitForResults(LeaderElection.java:259)
	at org.apache.ratis.server.impl.LeaderElection.askForVotes(LeaderElection.java:197)
	at org.apache.ratis.server.impl.LeaderElection.run(LeaderElection.java:133)
	at java.lang.Thread.run(Thread.java:748)
Caused by: org.apache.ratis.thirdparty.io.grpc.StatusRuntimeException: UNAVAILABLE: io exception
	at org.apache.ratis.thirdparty.io.grpc.stub.ClientCalls.toStatusRuntimeException(ClientCalls.java:233)
	at org.apache.ratis.thirdparty.io.grpc.stub.ClientCalls.getUnchecked(ClientCalls.java:214)
	at org.apache.ratis.thirdparty.io.grpc.stub.ClientCalls.blockingUnaryCall(ClientCalls.java:139)
	at org.apache.ratis.proto.grpc.RaftServerProtocolServiceGrpc$RaftServerProtocolServiceBlockingStub.requestVote(RaftServerProtocolServiceGrpc.java:265)
	at org.apache.ratis.grpc.server.GrpcServerProtocolClient.requestVote(GrpcServerProtocolClient.java:99)
	at org.apache.ratis.grpc.server.GrpcService.requestVote(GrpcService.java:204)
	at org.apache.ratis.server.impl.LeaderElection.lambda$submitRequests$1(LeaderElection.java:234)
	at java.util.concurrent.FutureTask.run(FutureTask.java:266)
	at java.util.concurrent.Executors$RunnableAdapter.call(Executors.java:511)
	at java.util.concurrent.FutureTask.run(FutureTask.java:266)
	at java.util.concurrent.ThreadPoolExecutor.runWorker(ThreadPoolExecutor.java:1149)
	at java.util.concurrent.ThreadPoolExecutor$Worker.run(ThreadPoolExecutor.java:624)
	... 1 more
Caused by: org.apache.ratis.thirdparty.io.netty.channel.AbstractChannel$AnnotatedConnectException: Connection refused: /192.168.164.233:46080
	at sun.nio.ch.SocketChannelImpl.checkConnect(Native Method)
	at sun.nio.ch.SocketChannelImpl.finishConnect(SocketChannelImpl.java:717)
	at org.apache.ratis.thirdparty.io.netty.channel.socket.nio.NioSocketChannel.doFinishConnect(NioSocketChannel.java:327)
	at org.apache.ratis.thirdparty.io.netty.channel.nio.AbstractNioChannel$AbstractNioUnsafe.finishConnect(AbstractNioChannel.java:340)
	at org.apache.ratis.thirdparty.io.netty.channel.nio.NioEventLoop.processSelectedKey(NioEventLoop.java:632)
	at org.apache.ratis.thirdparty.io.netty.channel.nio.NioEventLoop.processSelectedKeysOptimized(NioEventLoop.java:579)
	at org.apache.ratis.thirdparty.io.netty.channel.nio.NioEventLoop.processSelectedKeys(NioEventLoop.java:496)
	at org.apache.ratis.thirdparty.io.netty.channel.nio.NioEventLoop.run(NioEventLoop.java:458)
	at org.apache.ratis.thirdparty.io.netty.util.concurrent.SingleThreadEventExecutor$5.run(SingleThreadEventExecutor.java:897)
	at org.apache.ratis.thirdparty.io.netty.util.concurrent.FastThreadLocalRunnable.run(FastThreadLocalRunnable.java:30)
	... 1 more
Caused by: java.net.ConnectException: Connection refused
	... 11 more
2019-10-18 14:30:43,792 [681edbc6-a1fc-42a4-b5ce-4922820de60a@group-FD33B9583E3C-LeaderElection201] INFO  impl.RaftServerImpl (RaftServerImpl.java:setRole(184)) - 681edbc6-a1fc-42a4-b5ce-4922820de60a@group-FD33B9583E3C: changes role from CANDIDATE to FOLLOWER at term 202 for DISCOVERED_A_NEW_TERM
2019-10-18 14:30:43,792 [681edbc6-a1fc-42a4-b5ce-4922820de60a@group-FD33B9583E3C-LeaderElection201] INFO  impl.RoleInfo (RoleInfo.java:shutdownLeaderElection(134)) - 681edbc6-a1fc-42a4-b5ce-4922820de60a: shutdown LeaderElection
2019-10-18 14:30:43,792 [681edbc6-a1fc-42a4-b5ce-4922820de60a@group-FD33B9583E3C-LeaderElection201] INFO  impl.RoleInfo (RoleInfo.java:updateAndGet(143)) - 681edbc6-a1fc-42a4-b5ce-4922820de60a: start FollowerState
2019-10-18 14:30:43,799 [Thread-1778] INFO  impl.FollowerState (FollowerState.java:run(108)) - 681edbc6-a1fc-42a4-b5ce-4922820de60a@group-FD33B9583E3C-FollowerState: change to CANDIDATE, lastRpcTime:7ms, electionTimeout:7ms
2019-10-18 14:30:43,800 [Thread-1778] INFO  impl.RoleInfo (RoleInfo.java:shutdownFollowerState(121)) - 681edbc6-a1fc-42a4-b5ce-4922820de60a: shutdown FollowerState
2019-10-18 14:30:43,800 [Thread-1778] INFO  impl.RaftServerImpl (RaftServerImpl.java:setRole(184)) - 681edbc6-a1fc-42a4-b5ce-4922820de60a@group-FD33B9583E3C: changes role from  FOLLOWER to CANDIDATE at term 202 for changeToCandidate
2019-10-18 14:30:43,800 [Thread-1778] INFO  impl.RoleInfo (RoleInfo.java:updateAndGet(143)) - 681edbc6-a1fc-42a4-b5ce-4922820de60a: start LeaderElection
2019-10-18 14:30:43,813 [681edbc6-a1fc-42a4-b5ce-4922820de60a@group-FD33B9583E3C-LeaderElection202] INFO  impl.LeaderElection (LeaderElection.java:askForVotes(178)) - 681edbc6-a1fc-42a4-b5ce-4922820de60a@group-FD33B9583E3C-LeaderElection202: begin an election at term 203 for -1: [3ee7b367-7b16-44e1-99f8-43aefeda0876:192.168.164.233:46080, 681edbc6-a1fc-42a4-b5ce-4922820de60a:192.168.164.233:44267, 773cce60-eeca-4c1f-a5ec-70084be8b6b9:192.168.164.233:38729], old=null
2019-10-18 14:30:43,814 [681edbc6-a1fc-42a4-b5ce-4922820de60a@group-FD33B9583E3C-LeaderElection202] INFO  impl.LeaderElection (LogUtils.java:infoOrTrace(149)) - 681edbc6-a1fc-42a4-b5ce-4922820de60a@group-FD33B9583E3C-LeaderElection202 got exception when requesting votes: {}
java.util.concurrent.ExecutionException: org.apache.ratis.thirdparty.io.grpc.StatusRuntimeException: UNAVAILABLE: io exception
	at java.util.concurrent.FutureTask.report(FutureTask.java:122)
	at java.util.concurrent.FutureTask.get(FutureTask.java:192)
	at org.apache.ratis.server.impl.LeaderElection.waitForResults(LeaderElection.java:259)
	at org.apache.ratis.server.impl.LeaderElection.askForVotes(LeaderElection.java:197)
	at org.apache.ratis.server.impl.LeaderElection.run(LeaderElection.java:133)
	at java.lang.Thread.run(Thread.java:748)
Caused by: org.apache.ratis.thirdparty.io.grpc.StatusRuntimeException: UNAVAILABLE: io exception
	at org.apache.ratis.thirdparty.io.grpc.stub.ClientCalls.toStatusRuntimeException(ClientCalls.java:233)
	at org.apache.ratis.thirdparty.io.grpc.stub.ClientCalls.getUnchecked(ClientCalls.java:214)
	at org.apache.ratis.thirdparty.io.grpc.stub.ClientCalls.blockingUnaryCall(ClientCalls.java:139)
	at org.apache.ratis.proto.grpc.RaftServerProtocolServiceGrpc$RaftServerProtocolServiceBlockingStub.requestVote(RaftServerProtocolServiceGrpc.java:265)
	at org.apache.ratis.grpc.server.GrpcServerProtocolClient.requestVote(GrpcServerProtocolClient.java:99)
	at org.apache.ratis.grpc.server.GrpcService.requestVote(GrpcService.java:204)
	at org.apache.ratis.server.impl.LeaderElection.lambda$submitRequests$1(LeaderElection.java:234)
	at java.util.concurrent.FutureTask.run(FutureTask.java:266)
	at java.util.concurrent.Executors$RunnableAdapter.call(Executors.java:511)
	at java.util.concurrent.FutureTask.run(FutureTask.java:266)
	at java.util.concurrent.ThreadPoolExecutor.runWorker(ThreadPoolExecutor.java:1149)
	at java.util.concurrent.ThreadPoolExecutor$Worker.run(ThreadPoolExecutor.java:624)
	... 1 more
Caused by: org.apache.ratis.thirdparty.io.netty.channel.AbstractChannel$AnnotatedConnectException: Connection refused: /192.168.164.233:46080
	at sun.nio.ch.SocketChannelImpl.checkConnect(Native Method)
	at sun.nio.ch.SocketChannelImpl.finishConnect(SocketChannelImpl.java:717)
	at org.apache.ratis.thirdparty.io.netty.channel.socket.nio.NioSocketChannel.doFinishConnect(NioSocketChannel.java:327)
	at org.apache.ratis.thirdparty.io.netty.channel.nio.AbstractNioChannel$AbstractNioUnsafe.finishConnect(AbstractNioChannel.java:340)
	at org.apache.ratis.thirdparty.io.netty.channel.nio.NioEventLoop.processSelectedKey(NioEventLoop.java:632)
	at org.apache.ratis.thirdparty.io.netty.channel.nio.NioEventLoop.processSelectedKeysOptimized(NioEventLoop.java:579)
	at org.apache.ratis.thirdparty.io.netty.channel.nio.NioEventLoop.processSelectedKeys(NioEventLoop.java:496)
	at org.apache.ratis.thirdparty.io.netty.channel.nio.NioEventLoop.run(NioEventLoop.java:458)
	at org.apache.ratis.thirdparty.io.netty.util.concurrent.SingleThreadEventExecutor$5.run(SingleThreadEventExecutor.java:897)
	at org.apache.ratis.thirdparty.io.netty.util.concurrent.FastThreadLocalRunnable.run(FastThreadLocalRunnable.java:30)
	... 1 more
Caused by: java.net.ConnectException: Connection refused
	... 11 more
2019-10-18 14:30:43,814 [681edbc6-a1fc-42a4-b5ce-4922820de60a@group-FD33B9583E3C-LeaderElection202] INFO  impl.LeaderElection (LogUtils.java:infoOrTrace(149)) - 681edbc6-a1fc-42a4-b5ce-4922820de60a@group-FD33B9583E3C-LeaderElection202 got exception when requesting votes: {}
java.util.concurrent.ExecutionException: org.apache.ratis.thirdparty.io.grpc.StatusRuntimeException: UNAVAILABLE: io exception
	at java.util.concurrent.FutureTask.report(FutureTask.java:122)
	at java.util.concurrent.FutureTask.get(FutureTask.java:192)
	at org.apache.ratis.server.impl.LeaderElection.waitForResults(LeaderElection.java:259)
	at org.apache.ratis.server.impl.LeaderElection.askForVotes(LeaderElection.java:197)
	at org.apache.ratis.server.impl.LeaderElection.run(LeaderElection.java:133)
	at java.lang.Thread.run(Thread.java:748)
Caused by: org.apache.ratis.thirdparty.io.grpc.StatusRuntimeException: UNAVAILABLE: io exception
	at org.apache.ratis.thirdparty.io.grpc.stub.ClientCalls.toStatusRuntimeException(ClientCalls.java:233)
	at org.apache.ratis.thirdparty.io.grpc.stub.ClientCalls.getUnchecked(ClientCalls.java:214)
	at org.apache.ratis.thirdparty.io.grpc.stub.ClientCalls.blockingUnaryCall(ClientCalls.java:139)
	at org.apache.ratis.proto.grpc.RaftServerProtocolServiceGrpc$RaftServerProtocolServiceBlockingStub.requestVote(RaftServerProtocolServiceGrpc.java:265)
	at org.apache.ratis.grpc.server.GrpcServerProtocolClient.requestVote(GrpcServerProtocolClient.java:99)
	at org.apache.ratis.grpc.server.GrpcService.requestVote(GrpcService.java:204)
	at org.apache.ratis.server.impl.LeaderElection.lambda$submitRequests$1(LeaderElection.java:234)
	at java.util.concurrent.FutureTask.run(FutureTask.java:266)
	at java.util.concurrent.Executors$RunnableAdapter.call(Executors.java:511)
	at java.util.concurrent.FutureTask.run(FutureTask.java:266)
	at java.util.concurrent.ThreadPoolExecutor.runWorker(ThreadPoolExecutor.java:1149)
	at java.util.concurrent.ThreadPoolExecutor$Worker.run(ThreadPoolExecutor.java:624)
	... 1 more
Caused by: org.apache.ratis.thirdparty.io.netty.channel.AbstractChannel$AnnotatedConnectException: Connection refused: /192.168.164.233:38729
	at sun.nio.ch.SocketChannelImpl.checkConnect(Native Method)
	at sun.nio.ch.SocketChannelImpl.finishConnect(SocketChannelImpl.java:717)
	at org.apache.ratis.thirdparty.io.netty.channel.socket.nio.NioSocketChannel.doFinishConnect(NioSocketChannel.java:327)
	at org.apache.ratis.thirdparty.io.netty.channel.nio.AbstractNioChannel$AbstractNioUnsafe.finishConnect(AbstractNioChannel.java:340)
	at org.apache.ratis.thirdparty.io.netty.channel.nio.NioEventLoop.processSelectedKey(NioEventLoop.java:632)
	at org.apache.ratis.thirdparty.io.netty.channel.nio.NioEventLoop.processSelectedKeysOptimized(NioEventLoop.java:579)
	at org.apache.ratis.thirdparty.io.netty.channel.nio.NioEventLoop.processSelectedKeys(NioEventLoop.java:496)
	at org.apache.ratis.thirdparty.io.netty.channel.nio.NioEventLoop.run(NioEventLoop.java:458)
	at org.apache.ratis.thirdparty.io.netty.util.concurrent.SingleThreadEventExecutor$5.run(SingleThreadEventExecutor.java:897)
	at org.apache.ratis.thirdparty.io.netty.util.concurrent.FastThreadLocalRunnable.run(FastThreadLocalRunnable.java:30)
	... 1 more
Caused by: java.net.ConnectException: Connection refused
	... 11 more
2019-10-18 14:30:43,815 [681edbc6-a1fc-42a4-b5ce-4922820de60a@group-FD33B9583E3C-LeaderElection202] INFO  impl.LeaderElection (LeaderElection.java:logAndReturn(56)) - 681edbc6-a1fc-42a4-b5ce-4922820de60a@group-FD33B9583E3C-LeaderElection202: Election REJECTED; received 0 response(s) [] and 2 exception(s); 681edbc6-a1fc-42a4-b5ce-4922820de60a@group-FD33B9583E3C:t203, leader=null, voted=681edbc6-a1fc-42a4-b5ce-4922820de60a, raftlog=681edbc6-a1fc-42a4-b5ce-4922820de60a@group-FD33B9583E3C-SegmentedRaftLog:OPENED:c-1,f-1,i0, conf=-1: [3ee7b367-7b16-44e1-99f8-43aefeda0876:192.168.164.233:46080, 681edbc6-a1fc-42a4-b5ce-4922820de60a:192.168.164.233:44267, 773cce60-eeca-4c1f-a5ec-70084be8b6b9:192.168.164.233:38729], old=null
2019-10-18 14:30:43,815 [681edbc6-a1fc-42a4-b5ce-4922820de60a@group-FD33B9583E3C-LeaderElection202] INFO  impl.LeaderElection (LogUtils.java:infoOrTrace(149)) -   Exception 0: {}
java.util.concurrent.ExecutionException: org.apache.ratis.thirdparty.io.grpc.StatusRuntimeException: UNAVAILABLE: io exception
	at java.util.concurrent.FutureTask.report(FutureTask.java:122)
	at java.util.concurrent.FutureTask.get(FutureTask.java:192)
	at org.apache.ratis.server.impl.LeaderElection.waitForResults(LeaderElection.java:259)
	at org.apache.ratis.server.impl.LeaderElection.askForVotes(LeaderElection.java:197)
	at org.apache.ratis.server.impl.LeaderElection.run(LeaderElection.java:133)
	at java.lang.Thread.run(Thread.java:748)
Caused by: org.apache.ratis.thirdparty.io.grpc.StatusRuntimeException: UNAVAILABLE: io exception
	at org.apache.ratis.thirdparty.io.grpc.stub.ClientCalls.toStatusRuntimeException(ClientCalls.java:233)
	at org.apache.ratis.thirdparty.io.grpc.stub.ClientCalls.getUnchecked(ClientCalls.java:214)
	at org.apache.ratis.thirdparty.io.grpc.stub.ClientCalls.blockingUnaryCall(ClientCalls.java:139)
	at org.apache.ratis.proto.grpc.RaftServerProtocolServiceGrpc$RaftServerProtocolServiceBlockingStub.requestVote(RaftServerProtocolServiceGrpc.java:265)
	at org.apache.ratis.grpc.server.GrpcServerProtocolClient.requestVote(GrpcServerProtocolClient.java:99)
	at org.apache.ratis.grpc.server.GrpcService.requestVote(GrpcService.java:204)
	at org.apache.ratis.server.impl.LeaderElection.lambda$submitRequests$1(LeaderElection.java:234)
	at java.util.concurrent.FutureTask.run(FutureTask.java:266)
	at java.util.concurrent.Executors$RunnableAdapter.call(Executors.java:511)
	at java.util.concurrent.FutureTask.run(FutureTask.java:266)
	at java.util.concurrent.ThreadPoolExecutor.runWorker(ThreadPoolExecutor.java:1149)
	at java.util.concurrent.ThreadPoolExecutor$Worker.run(ThreadPoolExecutor.java:624)
	... 1 more
Caused by: org.apache.ratis.thirdparty.io.netty.channel.AbstractChannel$AnnotatedConnectException: Connection refused: /192.168.164.233:46080
	at sun.nio.ch.SocketChannelImpl.checkConnect(Native Method)
	at sun.nio.ch.SocketChannelImpl.finishConnect(SocketChannelImpl.java:717)
	at org.apache.ratis.thirdparty.io.netty.channel.socket.nio.NioSocketChannel.doFinishConnect(NioSocketChannel.java:327)
	at org.apache.ratis.thirdparty.io.netty.channel.nio.AbstractNioChannel$AbstractNioUnsafe.finishConnect(AbstractNioChannel.java:340)
	at org.apache.ratis.thirdparty.io.netty.channel.nio.NioEventLoop.processSelectedKey(NioEventLoop.java:632)
	at org.apache.ratis.thirdparty.io.netty.channel.nio.NioEventLoop.processSelectedKeysOptimized(NioEventLoop.java:579)
	at org.apache.ratis.thirdparty.io.netty.channel.nio.NioEventLoop.processSelectedKeys(NioEventLoop.java:496)
	at org.apache.ratis.thirdparty.io.netty.channel.nio.NioEventLoop.run(NioEventLoop.java:458)
	at org.apache.ratis.thirdparty.io.netty.util.concurrent.SingleThreadEventExecutor$5.run(SingleThreadEventExecutor.java:897)
	at org.apache.ratis.thirdparty.io.netty.util.concurrent.FastThreadLocalRunnable.run(FastThreadLocalRunnable.java:30)
	... 1 more
Caused by: java.net.ConnectException: Connection refused
	... 11 more
2019-10-18 14:30:43,815 [681edbc6-a1fc-42a4-b5ce-4922820de60a@group-FD33B9583E3C-LeaderElection202] INFO  impl.LeaderElection (LogUtils.java:infoOrTrace(149)) -   Exception 1: {}
java.util.concurrent.ExecutionException: org.apache.ratis.thirdparty.io.grpc.StatusRuntimeException: UNAVAILABLE: io exception
	at java.util.concurrent.FutureTask.report(FutureTask.java:122)
	at java.util.concurrent.FutureTask.get(FutureTask.java:192)
	at org.apache.ratis.server.impl.LeaderElection.waitForResults(LeaderElection.java:259)
	at org.apache.ratis.server.impl.LeaderElection.askForVotes(LeaderElection.java:197)
	at org.apache.ratis.server.impl.LeaderElection.run(LeaderElection.java:133)
	at java.lang.Thread.run(Thread.java:748)
Caused by: org.apache.ratis.thirdparty.io.grpc.StatusRuntimeException: UNAVAILABLE: io exception
	at org.apache.ratis.thirdparty.io.grpc.stub.ClientCalls.toStatusRuntimeException(ClientCalls.java:233)
	at org.apache.ratis.thirdparty.io.grpc.stub.ClientCalls.getUnchecked(ClientCalls.java:214)
	at org.apache.ratis.thirdparty.io.grpc.stub.ClientCalls.blockingUnaryCall(ClientCalls.java:139)
	at org.apache.ratis.proto.grpc.RaftServerProtocolServiceGrpc$RaftServerProtocolServiceBlockingStub.requestVote(RaftServerProtocolServiceGrpc.java:265)
	at org.apache.ratis.grpc.server.GrpcServerProtocolClient.requestVote(GrpcServerProtocolClient.java:99)
	at org.apache.ratis.grpc.server.GrpcService.requestVote(GrpcService.java:204)
	at org.apache.ratis.server.impl.LeaderElection.lambda$submitRequests$1(LeaderElection.java:234)
	at java.util.concurrent.FutureTask.run(FutureTask.java:266)
	at java.util.concurrent.Executors$RunnableAdapter.call(Executors.java:511)
	at java.util.concurrent.FutureTask.run(FutureTask.java:266)
	at java.util.concurrent.ThreadPoolExecutor.runWorker(ThreadPoolExecutor.java:1149)
	at java.util.concurrent.ThreadPoolExecutor$Worker.run(ThreadPoolExecutor.java:624)
	... 1 more
Caused by: org.apache.ratis.thirdparty.io.netty.channel.AbstractChannel$AnnotatedConnectException: Connection refused: /192.168.164.233:38729
	at sun.nio.ch.SocketChannelImpl.checkConnect(Native Method)
	at sun.nio.ch.SocketChannelImpl.finishConnect(SocketChannelImpl.java:717)
	at org.apache.ratis.thirdparty.io.netty.channel.socket.nio.NioSocketChannel.doFinishConnect(NioSocketChannel.java:327)
	at org.apache.ratis.thirdparty.io.netty.channel.nio.AbstractNioChannel$AbstractNioUnsafe.finishConnect(AbstractNioChannel.java:340)
	at org.apache.ratis.thirdparty.io.netty.channel.nio.NioEventLoop.processSelectedKey(NioEventLoop.java:632)
	at org.apache.ratis.thirdparty.io.netty.channel.nio.NioEventLoop.processSelectedKeysOptimized(NioEventLoop.java:579)
	at org.apache.ratis.thirdparty.io.netty.channel.nio.NioEventLoop.processSelectedKeys(NioEventLoop.java:496)
	at org.apache.ratis.thirdparty.io.netty.channel.nio.NioEventLoop.run(NioEventLoop.java:458)
	at org.apache.ratis.thirdparty.io.netty.util.concurrent.SingleThreadEventExecutor$5.run(SingleThreadEventExecutor.java:897)
	at org.apache.ratis.thirdparty.io.netty.util.concurrent.FastThreadLocalRunnable.run(FastThreadLocalRunnable.java:30)
	... 1 more
Caused by: java.net.ConnectException: Connection refused
	... 11 more
2019-10-18 14:30:43,816 [681edbc6-a1fc-42a4-b5ce-4922820de60a@group-FD33B9583E3C-LeaderElection202] INFO  impl.RaftServerImpl (RaftServerImpl.java:setRole(184)) - 681edbc6-a1fc-42a4-b5ce-4922820de60a@group-FD33B9583E3C: changes role from CANDIDATE to FOLLOWER at term 203 for DISCOVERED_A_NEW_TERM
2019-10-18 14:30:43,816 [681edbc6-a1fc-42a4-b5ce-4922820de60a@group-FD33B9583E3C-LeaderElection202] INFO  impl.RoleInfo (RoleInfo.java:shutdownLeaderElection(134)) - 681edbc6-a1fc-42a4-b5ce-4922820de60a: shutdown LeaderElection
2019-10-18 14:30:43,816 [681edbc6-a1fc-42a4-b5ce-4922820de60a@group-FD33B9583E3C-LeaderElection202] INFO  impl.RoleInfo (RoleInfo.java:updateAndGet(143)) - 681edbc6-a1fc-42a4-b5ce-4922820de60a: start FollowerState
2019-10-18 14:30:43,920 [Thread-1782] INFO  impl.FollowerState (FollowerState.java:run(108)) - 681edbc6-a1fc-42a4-b5ce-4922820de60a@group-FD33B9583E3C-FollowerState: change to CANDIDATE, lastRpcTime:104ms, electionTimeout:104ms
2019-10-18 14:30:43,921 [Thread-1782] INFO  impl.RoleInfo (RoleInfo.java:shutdownFollowerState(121)) - 681edbc6-a1fc-42a4-b5ce-4922820de60a: shutdown FollowerState
2019-10-18 14:30:43,921 [Thread-1782] INFO  impl.RaftServerImpl (RaftServerImpl.java:setRole(184)) - 681edbc6-a1fc-42a4-b5ce-4922820de60a@group-FD33B9583E3C: changes role from  FOLLOWER to CANDIDATE at term 203 for changeToCandidate
2019-10-18 14:30:43,921 [Thread-1782] INFO  impl.RoleInfo (RoleInfo.java:updateAndGet(143)) - 681edbc6-a1fc-42a4-b5ce-4922820de60a: start LeaderElection
2019-10-18 14:30:43,936 [681edbc6-a1fc-42a4-b5ce-4922820de60a@group-FD33B9583E3C-LeaderElection203] INFO  impl.LeaderElection (LeaderElection.java:askForVotes(178)) - 681edbc6-a1fc-42a4-b5ce-4922820de60a@group-FD33B9583E3C-LeaderElection203: begin an election at term 204 for -1: [3ee7b367-7b16-44e1-99f8-43aefeda0876:192.168.164.233:46080, 681edbc6-a1fc-42a4-b5ce-4922820de60a:192.168.164.233:44267, 773cce60-eeca-4c1f-a5ec-70084be8b6b9:192.168.164.233:38729], old=null
2019-10-18 14:30:43,937 [681edbc6-a1fc-42a4-b5ce-4922820de60a@group-FD33B9583E3C-LeaderElection203] INFO  impl.LeaderElection (LogUtils.java:infoOrTrace(149)) - 681edbc6-a1fc-42a4-b5ce-4922820de60a@group-FD33B9583E3C-LeaderElection203 got exception when requesting votes: {}
java.util.concurrent.ExecutionException: org.apache.ratis.thirdparty.io.grpc.StatusRuntimeException: UNAVAILABLE: io exception
	at java.util.concurrent.FutureTask.report(FutureTask.java:122)
	at java.util.concurrent.FutureTask.get(FutureTask.java:192)
	at org.apache.ratis.server.impl.LeaderElection.waitForResults(LeaderElection.java:259)
	at org.apache.ratis.server.impl.LeaderElection.askForVotes(LeaderElection.java:197)
	at org.apache.ratis.server.impl.LeaderElection.run(LeaderElection.java:133)
	at java.lang.Thread.run(Thread.java:748)
Caused by: org.apache.ratis.thirdparty.io.grpc.StatusRuntimeException: UNAVAILABLE: io exception
	at org.apache.ratis.thirdparty.io.grpc.stub.ClientCalls.toStatusRuntimeException(ClientCalls.java:233)
	at org.apache.ratis.thirdparty.io.grpc.stub.ClientCalls.getUnchecked(ClientCalls.java:214)
	at org.apache.ratis.thirdparty.io.grpc.stub.ClientCalls.blockingUnaryCall(ClientCalls.java:139)
	at org.apache.ratis.proto.grpc.RaftServerProtocolServiceGrpc$RaftServerProtocolServiceBlockingStub.requestVote(RaftServerProtocolServiceGrpc.java:265)
	at org.apache.ratis.grpc.server.GrpcServerProtocolClient.requestVote(GrpcServerProtocolClient.java:99)
	at org.apache.ratis.grpc.server.GrpcService.requestVote(GrpcService.java:204)
	at org.apache.ratis.server.impl.LeaderElection.lambda$submitRequests$1(LeaderElection.java:234)
	at java.util.concurrent.FutureTask.run(FutureTask.java:266)
	at java.util.concurrent.Executors$RunnableAdapter.call(Executors.java:511)
	at java.util.concurrent.FutureTask.run(FutureTask.java:266)
	at java.util.concurrent.ThreadPoolExecutor.runWorker(ThreadPoolExecutor.java:1149)
	at java.util.concurrent.ThreadPoolExecutor$Worker.run(ThreadPoolExecutor.java:624)
	... 1 more
Caused by: org.apache.ratis.thirdparty.io.netty.channel.AbstractChannel$AnnotatedConnectException: Connection refused: /192.168.164.233:38729
	at sun.nio.ch.SocketChannelImpl.checkConnect(Native Method)
	at sun.nio.ch.SocketChannelImpl.finishConnect(SocketChannelImpl.java:717)
	at org.apache.ratis.thirdparty.io.netty.channel.socket.nio.NioSocketChannel.doFinishConnect(NioSocketChannel.java:327)
	at org.apache.ratis.thirdparty.io.netty.channel.nio.AbstractNioChannel$AbstractNioUnsafe.finishConnect(AbstractNioChannel.java:340)
	at org.apache.ratis.thirdparty.io.netty.channel.nio.NioEventLoop.processSelectedKey(NioEventLoop.java:632)
	at org.apache.ratis.thirdparty.io.netty.channel.nio.NioEventLoop.processSelectedKeysOptimized(NioEventLoop.java:579)
	at org.apache.ratis.thirdparty.io.netty.channel.nio.NioEventLoop.processSelectedKeys(NioEventLoop.java:496)
	at org.apache.ratis.thirdparty.io.netty.channel.nio.NioEventLoop.run(NioEventLoop.java:458)
	at org.apache.ratis.thirdparty.io.netty.util.concurrent.SingleThreadEventExecutor$5.run(SingleThreadEventExecutor.java:897)
	at org.apache.ratis.thirdparty.io.netty.util.concurrent.FastThreadLocalRunnable.run(FastThreadLocalRunnable.java:30)
	... 1 more
Caused by: java.net.ConnectException: Connection refused
	... 11 more
2019-10-18 14:30:43,937 [681edbc6-a1fc-42a4-b5ce-4922820de60a@group-FD33B9583E3C-LeaderElection203] INFO  impl.LeaderElection (LogUtils.java:infoOrTrace(149)) - 681edbc6-a1fc-42a4-b5ce-4922820de60a@group-FD33B9583E3C-LeaderElection203 got exception when requesting votes: {}
java.util.concurrent.ExecutionException: org.apache.ratis.thirdparty.io.grpc.StatusRuntimeException: UNAVAILABLE: io exception
	at java.util.concurrent.FutureTask.report(FutureTask.java:122)
	at java.util.concurrent.FutureTask.get(FutureTask.java:192)
	at org.apache.ratis.server.impl.LeaderElection.waitForResults(LeaderElection.java:259)
	at org.apache.ratis.server.impl.LeaderElection.askForVotes(LeaderElection.java:197)
	at org.apache.ratis.server.impl.LeaderElection.run(LeaderElection.java:133)
	at java.lang.Thread.run(Thread.java:748)
Caused by: org.apache.ratis.thirdparty.io.grpc.StatusRuntimeException: UNAVAILABLE: io exception
	at org.apache.ratis.thirdparty.io.grpc.stub.ClientCalls.toStatusRuntimeException(ClientCalls.java:233)
	at org.apache.ratis.thirdparty.io.grpc.stub.ClientCalls.getUnchecked(ClientCalls.java:214)
	at org.apache.ratis.thirdparty.io.grpc.stub.ClientCalls.blockingUnaryCall(ClientCalls.java:139)
	at org.apache.ratis.proto.grpc.RaftServerProtocolServiceGrpc$RaftServerProtocolServiceBlockingStub.requestVote(RaftServerProtocolServiceGrpc.java:265)
	at org.apache.ratis.grpc.server.GrpcServerProtocolClient.requestVote(GrpcServerProtocolClient.java:99)
	at org.apache.ratis.grpc.server.GrpcService.requestVote(GrpcService.java:204)
	at org.apache.ratis.server.impl.LeaderElection.lambda$submitRequests$1(LeaderElection.java:234)
	at java.util.concurrent.FutureTask.run(FutureTask.java:266)
	at java.util.concurrent.Executors$RunnableAdapter.call(Executors.java:511)
	at java.util.concurrent.FutureTask.run(FutureTask.java:266)
	at java.util.concurrent.ThreadPoolExecutor.runWorker(ThreadPoolExecutor.java:1149)
	at java.util.concurrent.ThreadPoolExecutor$Worker.run(ThreadPoolExecutor.java:624)
	... 1 more
Caused by: org.apache.ratis.thirdparty.io.netty.channel.AbstractChannel$AnnotatedConnectException: Connection refused: /192.168.164.233:46080
	at sun.nio.ch.SocketChannelImpl.checkConnect(Native Method)
	at sun.nio.ch.SocketChannelImpl.finishConnect(SocketChannelImpl.java:717)
	at org.apache.ratis.thirdparty.io.netty.channel.socket.nio.NioSocketChannel.doFinishConnect(NioSocketChannel.java:327)
	at org.apache.ratis.thirdparty.io.netty.channel.nio.AbstractNioChannel$AbstractNioUnsafe.finishConnect(AbstractNioChannel.java:340)
	at org.apache.ratis.thirdparty.io.netty.channel.nio.NioEventLoop.processSelectedKey(NioEventLoop.java:632)
	at org.apache.ratis.thirdparty.io.netty.channel.nio.NioEventLoop.processSelectedKeysOptimized(NioEventLoop.java:579)
	at org.apache.ratis.thirdparty.io.netty.channel.nio.NioEventLoop.processSelectedKeys(NioEventLoop.java:496)
	at org.apache.ratis.thirdparty.io.netty.channel.nio.NioEventLoop.run(NioEventLoop.java:458)
	at org.apache.ratis.thirdparty.io.netty.util.concurrent.SingleThreadEventExecutor$5.run(SingleThreadEventExecutor.java:897)
	at org.apache.ratis.thirdparty.io.netty.util.concurrent.FastThreadLocalRunnable.run(FastThreadLocalRunnable.java:30)
	... 1 more
Caused by: java.net.ConnectException: Connection refused
	... 11 more
2019-10-18 14:30:43,938 [681edbc6-a1fc-42a4-b5ce-4922820de60a@group-FD33B9583E3C-LeaderElection203] INFO  impl.LeaderElection (LeaderElection.java:logAndReturn(56)) - 681edbc6-a1fc-42a4-b5ce-4922820de60a@group-FD33B9583E3C-LeaderElection203: Election REJECTED; received 0 response(s) [] and 2 exception(s); 681edbc6-a1fc-42a4-b5ce-4922820de60a@group-FD33B9583E3C:t204, leader=null, voted=681edbc6-a1fc-42a4-b5ce-4922820de60a, raftlog=681edbc6-a1fc-42a4-b5ce-4922820de60a@group-FD33B9583E3C-SegmentedRaftLog:OPENED:c-1,f-1,i0, conf=-1: [3ee7b367-7b16-44e1-99f8-43aefeda0876:192.168.164.233:46080, 681edbc6-a1fc-42a4-b5ce-4922820de60a:192.168.164.233:44267, 773cce60-eeca-4c1f-a5ec-70084be8b6b9:192.168.164.233:38729], old=null
2019-10-18 14:30:43,938 [681edbc6-a1fc-42a4-b5ce-4922820de60a@group-FD33B9583E3C-LeaderElection203] INFO  impl.LeaderElection (LogUtils.java:infoOrTrace(149)) -   Exception 0: {}
java.util.concurrent.ExecutionException: org.apache.ratis.thirdparty.io.grpc.StatusRuntimeException: UNAVAILABLE: io exception
	at java.util.concurrent.FutureTask.report(FutureTask.java:122)
	at java.util.concurrent.FutureTask.get(FutureTask.java:192)
	at org.apache.ratis.server.impl.LeaderElection.waitForResults(LeaderElection.java:259)
	at org.apache.ratis.server.impl.LeaderElection.askForVotes(LeaderElection.java:197)
	at org.apache.ratis.server.impl.LeaderElection.run(LeaderElection.java:133)
	at java.lang.Thread.run(Thread.java:748)
Caused by: org.apache.ratis.thirdparty.io.grpc.StatusRuntimeException: UNAVAILABLE: io exception
	at org.apache.ratis.thirdparty.io.grpc.stub.ClientCalls.toStatusRuntimeException(ClientCalls.java:233)
	at org.apache.ratis.thirdparty.io.grpc.stub.ClientCalls.getUnchecked(ClientCalls.java:214)
	at org.apache.ratis.thirdparty.io.grpc.stub.ClientCalls.blockingUnaryCall(ClientCalls.java:139)
	at org.apache.ratis.proto.grpc.RaftServerProtocolServiceGrpc$RaftServerProtocolServiceBlockingStub.requestVote(RaftServerProtocolServiceGrpc.java:265)
	at org.apache.ratis.grpc.server.GrpcServerProtocolClient.requestVote(GrpcServerProtocolClient.java:99)
	at org.apache.ratis.grpc.server.GrpcService.requestVote(GrpcService.java:204)
	at org.apache.ratis.server.impl.LeaderElection.lambda$submitRequests$1(LeaderElection.java:234)
	at java.util.concurrent.FutureTask.run(FutureTask.java:266)
	at java.util.concurrent.Executors$RunnableAdapter.call(Executors.java:511)
	at java.util.concurrent.FutureTask.run(FutureTask.java:266)
	at java.util.concurrent.ThreadPoolExecutor.runWorker(ThreadPoolExecutor.java:1149)
	at java.util.concurrent.ThreadPoolExecutor$Worker.run(ThreadPoolExecutor.java:624)
	... 1 more
Caused by: org.apache.ratis.thirdparty.io.netty.channel.AbstractChannel$AnnotatedConnectException: Connection refused: /192.168.164.233:38729
	at sun.nio.ch.SocketChannelImpl.checkConnect(Native Method)
	at sun.nio.ch.SocketChannelImpl.finishConnect(SocketChannelImpl.java:717)
	at org.apache.ratis.thirdparty.io.netty.channel.socket.nio.NioSocketChannel.doFinishConnect(NioSocketChannel.java:327)
	at org.apache.ratis.thirdparty.io.netty.channel.nio.AbstractNioChannel$AbstractNioUnsafe.finishConnect(AbstractNioChannel.java:340)
	at org.apache.ratis.thirdparty.io.netty.channel.nio.NioEventLoop.processSelectedKey(NioEventLoop.java:632)
	at org.apache.ratis.thirdparty.io.netty.channel.nio.NioEventLoop.processSelectedKeysOptimized(NioEventLoop.java:579)
	at org.apache.ratis.thirdparty.io.netty.channel.nio.NioEventLoop.processSelectedKeys(NioEventLoop.java:496)
	at org.apache.ratis.thirdparty.io.netty.channel.nio.NioEventLoop.run(NioEventLoop.java:458)
	at org.apache.ratis.thirdparty.io.netty.util.concurrent.SingleThreadEventExecutor$5.run(SingleThreadEventExecutor.java:897)
	at org.apache.ratis.thirdparty.io.netty.util.concurrent.FastThreadLocalRunnable.run(FastThreadLocalRunnable.java:30)
	... 1 more
Caused by: java.net.ConnectException: Connection refused
	... 11 more
2019-10-18 14:30:43,938 [681edbc6-a1fc-42a4-b5ce-4922820de60a@group-FD33B9583E3C-LeaderElection203] INFO  impl.LeaderElection (LogUtils.java:infoOrTrace(149)) -   Exception 1: {}
java.util.concurrent.ExecutionException: org.apache.ratis.thirdparty.io.grpc.StatusRuntimeException: UNAVAILABLE: io exception
	at java.util.concurrent.FutureTask.report(FutureTask.java:122)
	at java.util.concurrent.FutureTask.get(FutureTask.java:192)
	at org.apache.ratis.server.impl.LeaderElection.waitForResults(LeaderElection.java:259)
	at org.apache.ratis.server.impl.LeaderElection.askForVotes(LeaderElection.java:197)
	at org.apache.ratis.server.impl.LeaderElection.run(LeaderElection.java:133)
	at java.lang.Thread.run(Thread.java:748)
Caused by: org.apache.ratis.thirdparty.io.grpc.StatusRuntimeException: UNAVAILABLE: io exception
	at org.apache.ratis.thirdparty.io.grpc.stub.ClientCalls.toStatusRuntimeException(ClientCalls.java:233)
	at org.apache.ratis.thirdparty.io.grpc.stub.ClientCalls.getUnchecked(ClientCalls.java:214)
	at org.apache.ratis.thirdparty.io.grpc.stub.ClientCalls.blockingUnaryCall(ClientCalls.java:139)
	at org.apache.ratis.proto.grpc.RaftServerProtocolServiceGrpc$RaftServerProtocolServiceBlockingStub.requestVote(RaftServerProtocolServiceGrpc.java:265)
	at org.apache.ratis.grpc.server.GrpcServerProtocolClient.requestVote(GrpcServerProtocolClient.java:99)
	at org.apache.ratis.grpc.server.GrpcService.requestVote(GrpcService.java:204)
	at org.apache.ratis.server.impl.LeaderElection.lambda$submitRequests$1(LeaderElection.java:234)
	at java.util.concurrent.FutureTask.run(FutureTask.java:266)
	at java.util.concurrent.Executors$RunnableAdapter.call(Executors.java:511)
	at java.util.concurrent.FutureTask.run(FutureTask.java:266)
	at java.util.concurrent.ThreadPoolExecutor.runWorker(ThreadPoolExecutor.java:1149)
	at java.util.concurrent.ThreadPoolExecutor$Worker.run(ThreadPoolExecutor.java:624)
	... 1 more
Caused by: org.apache.ratis.thirdparty.io.netty.channel.AbstractChannel$AnnotatedConnectException: Connection refused: /192.168.164.233:46080
	at sun.nio.ch.SocketChannelImpl.checkConnect(Native Method)
	at sun.nio.ch.SocketChannelImpl.finishConnect(SocketChannelImpl.java:717)
	at org.apache.ratis.thirdparty.io.netty.channel.socket.nio.NioSocketChannel.doFinishConnect(NioSocketChannel.java:327)
	at org.apache.ratis.thirdparty.io.netty.channel.nio.AbstractNioChannel$AbstractNioUnsafe.finishConnect(AbstractNioChannel.java:340)
	at org.apache.ratis.thirdparty.io.netty.channel.nio.NioEventLoop.processSelectedKey(NioEventLoop.java:632)
	at org.apache.ratis.thirdparty.io.netty.channel.nio.NioEventLoop.processSelectedKeysOptimized(NioEventLoop.java:579)
	at org.apache.ratis.thirdparty.io.netty.channel.nio.NioEventLoop.processSelectedKeys(NioEventLoop.java:496)
	at org.apache.ratis.thirdparty.io.netty.channel.nio.NioEventLoop.run(NioEventLoop.java:458)
	at org.apache.ratis.thirdparty.io.netty.util.concurrent.SingleThreadEventExecutor$5.run(SingleThreadEventExecutor.java:897)
	at org.apache.ratis.thirdparty.io.netty.util.concurrent.FastThreadLocalRunnable.run(FastThreadLocalRunnable.java:30)
	... 1 more
Caused by: java.net.ConnectException: Connection refused
	... 11 more
2019-10-18 14:30:43,939 [681edbc6-a1fc-42a4-b5ce-4922820de60a@group-FD33B9583E3C-LeaderElection203] INFO  impl.RaftServerImpl (RaftServerImpl.java:setRole(184)) - 681edbc6-a1fc-42a4-b5ce-4922820de60a@group-FD33B9583E3C: changes role from CANDIDATE to FOLLOWER at term 204 for DISCOVERED_A_NEW_TERM
2019-10-18 14:30:43,939 [681edbc6-a1fc-42a4-b5ce-4922820de60a@group-FD33B9583E3C-LeaderElection203] INFO  impl.RoleInfo (RoleInfo.java:shutdownLeaderElection(134)) - 681edbc6-a1fc-42a4-b5ce-4922820de60a: shutdown LeaderElection
2019-10-18 14:30:43,939 [681edbc6-a1fc-42a4-b5ce-4922820de60a@group-FD33B9583E3C-LeaderElection203] INFO  impl.RoleInfo (RoleInfo.java:updateAndGet(143)) - 681edbc6-a1fc-42a4-b5ce-4922820de60a: start FollowerState
2019-10-18 14:30:43,945 [Thread-1786] INFO  impl.FollowerState (FollowerState.java:run(108)) - 681edbc6-a1fc-42a4-b5ce-4922820de60a@group-FD33B9583E3C-FollowerState: change to CANDIDATE, lastRpcTime:6ms, electionTimeout:4ms
2019-10-18 14:30:43,946 [Thread-1786] INFO  impl.RoleInfo (RoleInfo.java:shutdownFollowerState(121)) - 681edbc6-a1fc-42a4-b5ce-4922820de60a: shutdown FollowerState
2019-10-18 14:30:43,946 [Thread-1786] INFO  impl.RaftServerImpl (RaftServerImpl.java:setRole(184)) - 681edbc6-a1fc-42a4-b5ce-4922820de60a@group-FD33B9583E3C: changes role from  FOLLOWER to CANDIDATE at term 204 for changeToCandidate
2019-10-18 14:30:43,946 [Thread-1786] INFO  impl.RoleInfo (RoleInfo.java:updateAndGet(143)) - 681edbc6-a1fc-42a4-b5ce-4922820de60a: start LeaderElection
2019-10-18 14:30:43,959 [681edbc6-a1fc-42a4-b5ce-4922820de60a@group-FD33B9583E3C-LeaderElection204] INFO  impl.LeaderElection (LeaderElection.java:askForVotes(178)) - 681edbc6-a1fc-42a4-b5ce-4922820de60a@group-FD33B9583E3C-LeaderElection204: begin an election at term 205 for -1: [3ee7b367-7b16-44e1-99f8-43aefeda0876:192.168.164.233:46080, 681edbc6-a1fc-42a4-b5ce-4922820de60a:192.168.164.233:44267, 773cce60-eeca-4c1f-a5ec-70084be8b6b9:192.168.164.233:38729], old=null
2019-10-18 14:30:43,960 [681edbc6-a1fc-42a4-b5ce-4922820de60a@group-FD33B9583E3C-LeaderElection204] INFO  impl.LeaderElection (LogUtils.java:infoOrTrace(149)) - 681edbc6-a1fc-42a4-b5ce-4922820de60a@group-FD33B9583E3C-LeaderElection204 got exception when requesting votes: {}
java.util.concurrent.ExecutionException: org.apache.ratis.thirdparty.io.grpc.StatusRuntimeException: UNAVAILABLE: io exception
	at java.util.concurrent.FutureTask.report(FutureTask.java:122)
	at java.util.concurrent.FutureTask.get(FutureTask.java:192)
	at org.apache.ratis.server.impl.LeaderElection.waitForResults(LeaderElection.java:259)
	at org.apache.ratis.server.impl.LeaderElection.askForVotes(LeaderElection.java:197)
	at org.apache.ratis.server.impl.LeaderElection.run(LeaderElection.java:133)
	at java.lang.Thread.run(Thread.java:748)
Caused by: org.apache.ratis.thirdparty.io.grpc.StatusRuntimeException: UNAVAILABLE: io exception
	at org.apache.ratis.thirdparty.io.grpc.stub.ClientCalls.toStatusRuntimeException(ClientCalls.java:233)
	at org.apache.ratis.thirdparty.io.grpc.stub.ClientCalls.getUnchecked(ClientCalls.java:214)
	at org.apache.ratis.thirdparty.io.grpc.stub.ClientCalls.blockingUnaryCall(ClientCalls.java:139)
	at org.apache.ratis.proto.grpc.RaftServerProtocolServiceGrpc$RaftServerProtocolServiceBlockingStub.requestVote(RaftServerProtocolServiceGrpc.java:265)
	at org.apache.ratis.grpc.server.GrpcServerProtocolClient.requestVote(GrpcServerProtocolClient.java:99)
	at org.apache.ratis.grpc.server.GrpcService.requestVote(GrpcService.java:204)
	at org.apache.ratis.server.impl.LeaderElection.lambda$submitRequests$1(LeaderElection.java:234)
	at java.util.concurrent.FutureTask.run(FutureTask.java:266)
	at java.util.concurrent.Executors$RunnableAdapter.call(Executors.java:511)
	at java.util.concurrent.FutureTask.run(FutureTask.java:266)
	at java.util.concurrent.ThreadPoolExecutor.runWorker(ThreadPoolExecutor.java:1149)
	at java.util.concurrent.ThreadPoolExecutor$Worker.run(ThreadPoolExecutor.java:624)
	... 1 more
Caused by: org.apache.ratis.thirdparty.io.netty.channel.AbstractChannel$AnnotatedConnectException: Connection refused: /192.168.164.233:46080
	at sun.nio.ch.SocketChannelImpl.checkConnect(Native Method)
	at sun.nio.ch.SocketChannelImpl.finishConnect(SocketChannelImpl.java:717)
	at org.apache.ratis.thirdparty.io.netty.channel.socket.nio.NioSocketChannel.doFinishConnect(NioSocketChannel.java:327)
	at org.apache.ratis.thirdparty.io.netty.channel.nio.AbstractNioChannel$AbstractNioUnsafe.finishConnect(AbstractNioChannel.java:340)
	at org.apache.ratis.thirdparty.io.netty.channel.nio.NioEventLoop.processSelectedKey(NioEventLoop.java:632)
	at org.apache.ratis.thirdparty.io.netty.channel.nio.NioEventLoop.processSelectedKeysOptimized(NioEventLoop.java:579)
	at org.apache.ratis.thirdparty.io.netty.channel.nio.NioEventLoop.processSelectedKeys(NioEventLoop.java:496)
	at org.apache.ratis.thirdparty.io.netty.channel.nio.NioEventLoop.run(NioEventLoop.java:458)
	at org.apache.ratis.thirdparty.io.netty.util.concurrent.SingleThreadEventExecutor$5.run(SingleThreadEventExecutor.java:897)
	at org.apache.ratis.thirdparty.io.netty.util.concurrent.FastThreadLocalRunnable.run(FastThreadLocalRunnable.java:30)
	... 1 more
Caused by: java.net.ConnectException: Connection refused
	... 11 more
2019-10-18 14:30:43,961 [681edbc6-a1fc-42a4-b5ce-4922820de60a@group-FD33B9583E3C-LeaderElection204] INFO  impl.LeaderElection (LogUtils.java:infoOrTrace(149)) - 681edbc6-a1fc-42a4-b5ce-4922820de60a@group-FD33B9583E3C-LeaderElection204 got exception when requesting votes: {}
java.util.concurrent.ExecutionException: org.apache.ratis.thirdparty.io.grpc.StatusRuntimeException: UNAVAILABLE: io exception
	at java.util.concurrent.FutureTask.report(FutureTask.java:122)
	at java.util.concurrent.FutureTask.get(FutureTask.java:192)
	at org.apache.ratis.server.impl.LeaderElection.waitForResults(LeaderElection.java:259)
	at org.apache.ratis.server.impl.LeaderElection.askForVotes(LeaderElection.java:197)
	at org.apache.ratis.server.impl.LeaderElection.run(LeaderElection.java:133)
	at java.lang.Thread.run(Thread.java:748)
Caused by: org.apache.ratis.thirdparty.io.grpc.StatusRuntimeException: UNAVAILABLE: io exception
	at org.apache.ratis.thirdparty.io.grpc.stub.ClientCalls.toStatusRuntimeException(ClientCalls.java:233)
	at org.apache.ratis.thirdparty.io.grpc.stub.ClientCalls.getUnchecked(ClientCalls.java:214)
	at org.apache.ratis.thirdparty.io.grpc.stub.ClientCalls.blockingUnaryCall(ClientCalls.java:139)
	at org.apache.ratis.proto.grpc.RaftServerProtocolServiceGrpc$RaftServerProtocolServiceBlockingStub.requestVote(RaftServerProtocolServiceGrpc.java:265)
	at org.apache.ratis.grpc.server.GrpcServerProtocolClient.requestVote(GrpcServerProtocolClient.java:99)
	at org.apache.ratis.grpc.server.GrpcService.requestVote(GrpcService.java:204)
	at org.apache.ratis.server.impl.LeaderElection.lambda$submitRequests$1(LeaderElection.java:234)
	at java.util.concurrent.FutureTask.run(FutureTask.java:266)
	at java.util.concurrent.Executors$RunnableAdapter.call(Executors.java:511)
	at java.util.concurrent.FutureTask.run(FutureTask.java:266)
	at java.util.concurrent.ThreadPoolExecutor.runWorker(ThreadPoolExecutor.java:1149)
	at java.util.concurrent.ThreadPoolExecutor$Worker.run(ThreadPoolExecutor.java:624)
	... 1 more
Caused by: org.apache.ratis.thirdparty.io.netty.channel.AbstractChannel$AnnotatedConnectException: Connection refused: /192.168.164.233:38729
	at sun.nio.ch.SocketChannelImpl.checkConnect(Native Method)
	at sun.nio.ch.SocketChannelImpl.finishConnect(SocketChannelImpl.java:717)
	at org.apache.ratis.thirdparty.io.netty.channel.socket.nio.NioSocketChannel.doFinishConnect(NioSocketChannel.java:327)
	at org.apache.ratis.thirdparty.io.netty.channel.nio.AbstractNioChannel$AbstractNioUnsafe.finishConnect(AbstractNioChannel.java:340)
	at org.apache.ratis.thirdparty.io.netty.channel.nio.NioEventLoop.processSelectedKey(NioEventLoop.java:632)
	at org.apache.ratis.thirdparty.io.netty.channel.nio.NioEventLoop.processSelectedKeysOptimized(NioEventLoop.java:579)
	at org.apache.ratis.thirdparty.io.netty.channel.nio.NioEventLoop.processSelectedKeys(NioEventLoop.java:496)
	at org.apache.ratis.thirdparty.io.netty.channel.nio.NioEventLoop.run(NioEventLoop.java:458)
	at org.apache.ratis.thirdparty.io.netty.util.concurrent.SingleThreadEventExecutor$5.run(SingleThreadEventExecutor.java:897)
	at org.apache.ratis.thirdparty.io.netty.util.concurrent.FastThreadLocalRunnable.run(FastThreadLocalRunnable.java:30)
	... 1 more
Caused by: java.net.ConnectException: Connection refused
	... 11 more
2019-10-18 14:30:43,961 [681edbc6-a1fc-42a4-b5ce-4922820de60a@group-FD33B9583E3C-LeaderElection204] INFO  impl.LeaderElection (LeaderElection.java:logAndReturn(56)) - 681edbc6-a1fc-42a4-b5ce-4922820de60a@group-FD33B9583E3C-LeaderElection204: Election REJECTED; received 0 response(s) [] and 2 exception(s); 681edbc6-a1fc-42a4-b5ce-4922820de60a@group-FD33B9583E3C:t205, leader=null, voted=681edbc6-a1fc-42a4-b5ce-4922820de60a, raftlog=681edbc6-a1fc-42a4-b5ce-4922820de60a@group-FD33B9583E3C-SegmentedRaftLog:OPENED:c-1,f-1,i0, conf=-1: [3ee7b367-7b16-44e1-99f8-43aefeda0876:192.168.164.233:46080, 681edbc6-a1fc-42a4-b5ce-4922820de60a:192.168.164.233:44267, 773cce60-eeca-4c1f-a5ec-70084be8b6b9:192.168.164.233:38729], old=null
2019-10-18 14:30:43,961 [681edbc6-a1fc-42a4-b5ce-4922820de60a@group-FD33B9583E3C-LeaderElection204] INFO  impl.LeaderElection (LogUtils.java:infoOrTrace(149)) -   Exception 0: {}
java.util.concurrent.ExecutionException: org.apache.ratis.thirdparty.io.grpc.StatusRuntimeException: UNAVAILABLE: io exception
	at java.util.concurrent.FutureTask.report(FutureTask.java:122)
	at java.util.concurrent.FutureTask.get(FutureTask.java:192)
	at org.apache.ratis.server.impl.LeaderElection.waitForResults(LeaderElection.java:259)
	at org.apache.ratis.server.impl.LeaderElection.askForVotes(LeaderElection.java:197)
	at org.apache.ratis.server.impl.LeaderElection.run(LeaderElection.java:133)
	at java.lang.Thread.run(Thread.java:748)
Caused by: org.apache.ratis.thirdparty.io.grpc.StatusRuntimeException: UNAVAILABLE: io exception
	at org.apache.ratis.thirdparty.io.grpc.stub.ClientCalls.toStatusRuntimeException(ClientCalls.java:233)
	at org.apache.ratis.thirdparty.io.grpc.stub.ClientCalls.getUnchecked(ClientCalls.java:214)
	at org.apache.ratis.thirdparty.io.grpc.stub.ClientCalls.blockingUnaryCall(ClientCalls.java:139)
	at org.apache.ratis.proto.grpc.RaftServerProtocolServiceGrpc$RaftServerProtocolServiceBlockingStub.requestVote(RaftServerProtocolServiceGrpc.java:265)
	at org.apache.ratis.grpc.server.GrpcServerProtocolClient.requestVote(GrpcServerProtocolClient.java:99)
	at org.apache.ratis.grpc.server.GrpcService.requestVote(GrpcService.java:204)
	at org.apache.ratis.server.impl.LeaderElection.lambda$submitRequests$1(LeaderElection.java:234)
	at java.util.concurrent.FutureTask.run(FutureTask.java:266)
	at java.util.concurrent.Executors$RunnableAdapter.call(Executors.java:511)
	at java.util.concurrent.FutureTask.run(FutureTask.java:266)
	at java.util.concurrent.ThreadPoolExecutor.runWorker(ThreadPoolExecutor.java:1149)
	at java.util.concurrent.ThreadPoolExecutor$Worker.run(ThreadPoolExecutor.java:624)
	... 1 more
Caused by: org.apache.ratis.thirdparty.io.netty.channel.AbstractChannel$AnnotatedConnectException: Connection refused: /192.168.164.233:46080
	at sun.nio.ch.SocketChannelImpl.checkConnect(Native Method)
	at sun.nio.ch.SocketChannelImpl.finishConnect(SocketChannelImpl.java:717)
	at org.apache.ratis.thirdparty.io.netty.channel.socket.nio.NioSocketChannel.doFinishConnect(NioSocketChannel.java:327)
	at org.apache.ratis.thirdparty.io.netty.channel.nio.AbstractNioChannel$AbstractNioUnsafe.finishConnect(AbstractNioChannel.java:340)
	at org.apache.ratis.thirdparty.io.netty.channel.nio.NioEventLoop.processSelectedKey(NioEventLoop.java:632)
	at org.apache.ratis.thirdparty.io.netty.channel.nio.NioEventLoop.processSelectedKeysOptimized(NioEventLoop.java:579)
	at org.apache.ratis.thirdparty.io.netty.channel.nio.NioEventLoop.processSelectedKeys(NioEventLoop.java:496)
	at org.apache.ratis.thirdparty.io.netty.channel.nio.NioEventLoop.run(NioEventLoop.java:458)
	at org.apache.ratis.thirdparty.io.netty.util.concurrent.SingleThreadEventExecutor$5.run(SingleThreadEventExecutor.java:897)
	at org.apache.ratis.thirdparty.io.netty.util.concurrent.FastThreadLocalRunnable.run(FastThreadLocalRunnable.java:30)
	... 1 more
Caused by: java.net.ConnectException: Connection refused
	... 11 more
2019-10-18 14:30:43,961 [681edbc6-a1fc-42a4-b5ce-4922820de60a@group-FD33B9583E3C-LeaderElection204] INFO  impl.LeaderElection (LogUtils.java:infoOrTrace(149)) -   Exception 1: {}
java.util.concurrent.ExecutionException: org.apache.ratis.thirdparty.io.grpc.StatusRuntimeException: UNAVAILABLE: io exception
	at java.util.concurrent.FutureTask.report(FutureTask.java:122)
	at java.util.concurrent.FutureTask.get(FutureTask.java:192)
	at org.apache.ratis.server.impl.LeaderElection.waitForResults(LeaderElection.java:259)
	at org.apache.ratis.server.impl.LeaderElection.askForVotes(LeaderElection.java:197)
	at org.apache.ratis.server.impl.LeaderElection.run(LeaderElection.java:133)
	at java.lang.Thread.run(Thread.java:748)
Caused by: org.apache.ratis.thirdparty.io.grpc.StatusRuntimeException: UNAVAILABLE: io exception
	at org.apache.ratis.thirdparty.io.grpc.stub.ClientCalls.toStatusRuntimeException(ClientCalls.java:233)
	at org.apache.ratis.thirdparty.io.grpc.stub.ClientCalls.getUnchecked(ClientCalls.java:214)
	at org.apache.ratis.thirdparty.io.grpc.stub.ClientCalls.blockingUnaryCall(ClientCalls.java:139)
	at org.apache.ratis.proto.grpc.RaftServerProtocolServiceGrpc$RaftServerProtocolServiceBlockingStub.requestVote(RaftServerProtocolServiceGrpc.java:265)
	at org.apache.ratis.grpc.server.GrpcServerProtocolClient.requestVote(GrpcServerProtocolClient.java:99)
	at org.apache.ratis.grpc.server.GrpcService.requestVote(GrpcService.java:204)
	at org.apache.ratis.server.impl.LeaderElection.lambda$submitRequests$1(LeaderElection.java:234)
	at java.util.concurrent.FutureTask.run(FutureTask.java:266)
	at java.util.concurrent.Executors$RunnableAdapter.call(Executors.java:511)
	at java.util.concurrent.FutureTask.run(FutureTask.java:266)
	at java.util.concurrent.ThreadPoolExecutor.runWorker(ThreadPoolExecutor.java:1149)
	at java.util.concurrent.ThreadPoolExecutor$Worker.run(ThreadPoolExecutor.java:624)
	... 1 more
Caused by: org.apache.ratis.thirdparty.io.netty.channel.AbstractChannel$AnnotatedConnectException: Connection refused: /192.168.164.233:38729
	at sun.nio.ch.SocketChannelImpl.checkConnect(Native Method)
	at sun.nio.ch.SocketChannelImpl.finishConnect(SocketChannelImpl.java:717)
	at org.apache.ratis.thirdparty.io.netty.channel.socket.nio.NioSocketChannel.doFinishConnect(NioSocketChannel.java:327)
	at org.apache.ratis.thirdparty.io.netty.channel.nio.AbstractNioChannel$AbstractNioUnsafe.finishConnect(AbstractNioChannel.java:340)
	at org.apache.ratis.thirdparty.io.netty.channel.nio.NioEventLoop.processSelectedKey(NioEventLoop.java:632)
	at org.apache.ratis.thirdparty.io.netty.channel.nio.NioEventLoop.processSelectedKeysOptimized(NioEventLoop.java:579)
	at org.apache.ratis.thirdparty.io.netty.channel.nio.NioEventLoop.processSelectedKeys(NioEventLoop.java:496)
	at org.apache.ratis.thirdparty.io.netty.channel.nio.NioEventLoop.run(NioEventLoop.java:458)
	at org.apache.ratis.thirdparty.io.netty.util.concurrent.SingleThreadEventExecutor$5.run(SingleThreadEventExecutor.java:897)
	at org.apache.ratis.thirdparty.io.netty.util.concurrent.FastThreadLocalRunnable.run(FastThreadLocalRunnable.java:30)
	... 1 more
Caused by: java.net.ConnectException: Connection refused
	... 11 more
2019-10-18 14:30:43,961 [681edbc6-a1fc-42a4-b5ce-4922820de60a@group-FD33B9583E3C-LeaderElection204] INFO  impl.RaftServerImpl (RaftServerImpl.java:setRole(184)) - 681edbc6-a1fc-42a4-b5ce-4922820de60a@group-FD33B9583E3C: changes role from CANDIDATE to FOLLOWER at term 205 for DISCOVERED_A_NEW_TERM
2019-10-18 14:30:43,961 [681edbc6-a1fc-42a4-b5ce-4922820de60a@group-FD33B9583E3C-LeaderElection204] INFO  impl.RoleInfo (RoleInfo.java:shutdownLeaderElection(134)) - 681edbc6-a1fc-42a4-b5ce-4922820de60a: shutdown LeaderElection
2019-10-18 14:30:43,961 [681edbc6-a1fc-42a4-b5ce-4922820de60a@group-FD33B9583E3C-LeaderElection204] INFO  impl.RoleInfo (RoleInfo.java:updateAndGet(143)) - 681edbc6-a1fc-42a4-b5ce-4922820de60a: start FollowerState
2019-10-18 14:30:44,091 [Thread-1790] INFO  impl.FollowerState (FollowerState.java:run(108)) - 681edbc6-a1fc-42a4-b5ce-4922820de60a@group-FD33B9583E3C-FollowerState: change to CANDIDATE, lastRpcTime:129ms, electionTimeout:129ms
2019-10-18 14:30:44,091 [Thread-1790] INFO  impl.RoleInfo (RoleInfo.java:shutdownFollowerState(121)) - 681edbc6-a1fc-42a4-b5ce-4922820de60a: shutdown FollowerState
2019-10-18 14:30:44,091 [Thread-1790] INFO  impl.RaftServerImpl (RaftServerImpl.java:setRole(184)) - 681edbc6-a1fc-42a4-b5ce-4922820de60a@group-FD33B9583E3C: changes role from  FOLLOWER to CANDIDATE at term 205 for changeToCandidate
2019-10-18 14:30:44,091 [Thread-1790] INFO  impl.RoleInfo (RoleInfo.java:updateAndGet(143)) - 681edbc6-a1fc-42a4-b5ce-4922820de60a: start LeaderElection
2019-10-18 14:30:44,105 [681edbc6-a1fc-42a4-b5ce-4922820de60a@group-FD33B9583E3C-LeaderElection205] INFO  impl.LeaderElection (LeaderElection.java:askForVotes(178)) - 681edbc6-a1fc-42a4-b5ce-4922820de60a@group-FD33B9583E3C-LeaderElection205: begin an election at term 206 for -1: [3ee7b367-7b16-44e1-99f8-43aefeda0876:192.168.164.233:46080, 681edbc6-a1fc-42a4-b5ce-4922820de60a:192.168.164.233:44267, 773cce60-eeca-4c1f-a5ec-70084be8b6b9:192.168.164.233:38729], old=null
2019-10-18 14:30:44,106 [681edbc6-a1fc-42a4-b5ce-4922820de60a@group-FD33B9583E3C-LeaderElection205] INFO  impl.LeaderElection (LogUtils.java:infoOrTrace(149)) - 681edbc6-a1fc-42a4-b5ce-4922820de60a@group-FD33B9583E3C-LeaderElection205 got exception when requesting votes: {}
java.util.concurrent.ExecutionException: org.apache.ratis.thirdparty.io.grpc.StatusRuntimeException: UNAVAILABLE: io exception
	at java.util.concurrent.FutureTask.report(FutureTask.java:122)
	at java.util.concurrent.FutureTask.get(FutureTask.java:192)
	at org.apache.ratis.server.impl.LeaderElection.waitForResults(LeaderElection.java:259)
	at org.apache.ratis.server.impl.LeaderElection.askForVotes(LeaderElection.java:197)
	at org.apache.ratis.server.impl.LeaderElection.run(LeaderElection.java:133)
	at java.lang.Thread.run(Thread.java:748)
Caused by: org.apache.ratis.thirdparty.io.grpc.StatusRuntimeException: UNAVAILABLE: io exception
	at org.apache.ratis.thirdparty.io.grpc.stub.ClientCalls.toStatusRuntimeException(ClientCalls.java:233)
	at org.apache.ratis.thirdparty.io.grpc.stub.ClientCalls.getUnchecked(ClientCalls.java:214)
	at org.apache.ratis.thirdparty.io.grpc.stub.ClientCalls.blockingUnaryCall(ClientCalls.java:139)
	at org.apache.ratis.proto.grpc.RaftServerProtocolServiceGrpc$RaftServerProtocolServiceBlockingStub.requestVote(RaftServerProtocolServiceGrpc.java:265)
	at org.apache.ratis.grpc.server.GrpcServerProtocolClient.requestVote(GrpcServerProtocolClient.java:99)
	at org.apache.ratis.grpc.server.GrpcService.requestVote(GrpcService.java:204)
	at org.apache.ratis.server.impl.LeaderElection.lambda$submitRequests$1(LeaderElection.java:234)
	at java.util.concurrent.FutureTask.run(FutureTask.java:266)
	at java.util.concurrent.Executors$RunnableAdapter.call(Executors.java:511)
	at java.util.concurrent.FutureTask.run(FutureTask.java:266)
	at java.util.concurrent.ThreadPoolExecutor.runWorker(ThreadPoolExecutor.java:1149)
	at java.util.concurrent.ThreadPoolExecutor$Worker.run(ThreadPoolExecutor.java:624)
	... 1 more
Caused by: org.apache.ratis.thirdparty.io.netty.channel.AbstractChannel$AnnotatedConnectException: Connection refused: /192.168.164.233:46080
	at sun.nio.ch.SocketChannelImpl.checkConnect(Native Method)
	at sun.nio.ch.SocketChannelImpl.finishConnect(SocketChannelImpl.java:717)
	at org.apache.ratis.thirdparty.io.netty.channel.socket.nio.NioSocketChannel.doFinishConnect(NioSocketChannel.java:327)
	at org.apache.ratis.thirdparty.io.netty.channel.nio.AbstractNioChannel$AbstractNioUnsafe.finishConnect(AbstractNioChannel.java:340)
	at org.apache.ratis.thirdparty.io.netty.channel.nio.NioEventLoop.processSelectedKey(NioEventLoop.java:632)
	at org.apache.ratis.thirdparty.io.netty.channel.nio.NioEventLoop.processSelectedKeysOptimized(NioEventLoop.java:579)
	at org.apache.ratis.thirdparty.io.netty.channel.nio.NioEventLoop.processSelectedKeys(NioEventLoop.java:496)
	at org.apache.ratis.thirdparty.io.netty.channel.nio.NioEventLoop.run(NioEventLoop.java:458)
	at org.apache.ratis.thirdparty.io.netty.util.concurrent.SingleThreadEventExecutor$5.run(SingleThreadEventExecutor.java:897)
	at org.apache.ratis.thirdparty.io.netty.util.concurrent.FastThreadLocalRunnable.run(FastThreadLocalRunnable.java:30)
	... 1 more
Caused by: java.net.ConnectException: Connection refused
	... 11 more
2019-10-18 14:30:44,106 [681edbc6-a1fc-42a4-b5ce-4922820de60a@group-FD33B9583E3C-LeaderElection205] INFO  impl.LeaderElection (LogUtils.java:infoOrTrace(149)) - 681edbc6-a1fc-42a4-b5ce-4922820de60a@group-FD33B9583E3C-LeaderElection205 got exception when requesting votes: {}
java.util.concurrent.ExecutionException: org.apache.ratis.thirdparty.io.grpc.StatusRuntimeException: UNAVAILABLE: io exception
	at java.util.concurrent.FutureTask.report(FutureTask.java:122)
	at java.util.concurrent.FutureTask.get(FutureTask.java:192)
	at org.apache.ratis.server.impl.LeaderElection.waitForResults(LeaderElection.java:259)
	at org.apache.ratis.server.impl.LeaderElection.askForVotes(LeaderElection.java:197)
	at org.apache.ratis.server.impl.LeaderElection.run(LeaderElection.java:133)
	at java.lang.Thread.run(Thread.java:748)
Caused by: org.apache.ratis.thirdparty.io.grpc.StatusRuntimeException: UNAVAILABLE: io exception
	at org.apache.ratis.thirdparty.io.grpc.stub.ClientCalls.toStatusRuntimeException(ClientCalls.java:233)
	at org.apache.ratis.thirdparty.io.grpc.stub.ClientCalls.getUnchecked(ClientCalls.java:214)
	at org.apache.ratis.thirdparty.io.grpc.stub.ClientCalls.blockingUnaryCall(ClientCalls.java:139)
	at org.apache.ratis.proto.grpc.RaftServerProtocolServiceGrpc$RaftServerProtocolServiceBlockingStub.requestVote(RaftServerProtocolServiceGrpc.java:265)
	at org.apache.ratis.grpc.server.GrpcServerProtocolClient.requestVote(GrpcServerProtocolClient.java:99)
	at org.apache.ratis.grpc.server.GrpcService.requestVote(GrpcService.java:204)
	at org.apache.ratis.server.impl.LeaderElection.lambda$submitRequests$1(LeaderElection.java:234)
	at java.util.concurrent.FutureTask.run(FutureTask.java:266)
	at java.util.concurrent.Executors$RunnableAdapter.call(Executors.java:511)
	at java.util.concurrent.FutureTask.run(FutureTask.java:266)
	at java.util.concurrent.ThreadPoolExecutor.runWorker(ThreadPoolExecutor.java:1149)
	at java.util.concurrent.ThreadPoolExecutor$Worker.run(ThreadPoolExecutor.java:624)
	... 1 more
Caused by: org.apache.ratis.thirdparty.io.netty.channel.AbstractChannel$AnnotatedConnectException: Connection refused: /192.168.164.233:38729
	at sun.nio.ch.SocketChannelImpl.checkConnect(Native Method)
	at sun.nio.ch.SocketChannelImpl.finishConnect(SocketChannelImpl.java:717)
	at org.apache.ratis.thirdparty.io.netty.channel.socket.nio.NioSocketChannel.doFinishConnect(NioSocketChannel.java:327)
	at org.apache.ratis.thirdparty.io.netty.channel.nio.AbstractNioChannel$AbstractNioUnsafe.finishConnect(AbstractNioChannel.java:340)
	at org.apache.ratis.thirdparty.io.netty.channel.nio.NioEventLoop.processSelectedKey(NioEventLoop.java:632)
	at org.apache.ratis.thirdparty.io.netty.channel.nio.NioEventLoop.processSelectedKeysOptimized(NioEventLoop.java:579)
	at org.apache.ratis.thirdparty.io.netty.channel.nio.NioEventLoop.processSelectedKeys(NioEventLoop.java:496)
	at org.apache.ratis.thirdparty.io.netty.channel.nio.NioEventLoop.run(NioEventLoop.java:458)
	at org.apache.ratis.thirdparty.io.netty.util.concurrent.SingleThreadEventExecutor$5.run(SingleThreadEventExecutor.java:897)
	at org.apache.ratis.thirdparty.io.netty.util.concurrent.FastThreadLocalRunnable.run(FastThreadLocalRunnable.java:30)
	... 1 more
Caused by: java.net.ConnectException: Connection refused
	... 11 more
2019-10-18 14:30:44,107 [681edbc6-a1fc-42a4-b5ce-4922820de60a@group-FD33B9583E3C-LeaderElection205] INFO  impl.LeaderElection (LeaderElection.java:logAndReturn(56)) - 681edbc6-a1fc-42a4-b5ce-4922820de60a@group-FD33B9583E3C-LeaderElection205: Election REJECTED; received 0 response(s) [] and 2 exception(s); 681edbc6-a1fc-42a4-b5ce-4922820de60a@group-FD33B9583E3C:t206, leader=null, voted=681edbc6-a1fc-42a4-b5ce-4922820de60a, raftlog=681edbc6-a1fc-42a4-b5ce-4922820de60a@group-FD33B9583E3C-SegmentedRaftLog:OPENED:c-1,f-1,i0, conf=-1: [3ee7b367-7b16-44e1-99f8-43aefeda0876:192.168.164.233:46080, 681edbc6-a1fc-42a4-b5ce-4922820de60a:192.168.164.233:44267, 773cce60-eeca-4c1f-a5ec-70084be8b6b9:192.168.164.233:38729], old=null
2019-10-18 14:30:44,107 [681edbc6-a1fc-42a4-b5ce-4922820de60a@group-FD33B9583E3C-LeaderElection205] INFO  impl.LeaderElection (LogUtils.java:infoOrTrace(149)) -   Exception 0: {}
java.util.concurrent.ExecutionException: org.apache.ratis.thirdparty.io.grpc.StatusRuntimeException: UNAVAILABLE: io exception
	at java.util.concurrent.FutureTask.report(FutureTask.java:122)
	at java.util.concurrent.FutureTask.get(FutureTask.java:192)
	at org.apache.ratis.server.impl.LeaderElection.waitForResults(LeaderElection.java:259)
	at org.apache.ratis.server.impl.LeaderElection.askForVotes(LeaderElection.java:197)
	at org.apache.ratis.server.impl.LeaderElection.run(LeaderElection.java:133)
	at java.lang.Thread.run(Thread.java:748)
Caused by: org.apache.ratis.thirdparty.io.grpc.StatusRuntimeException: UNAVAILABLE: io exception
	at org.apache.ratis.thirdparty.io.grpc.stub.ClientCalls.toStatusRuntimeException(ClientCalls.java:233)
	at org.apache.ratis.thirdparty.io.grpc.stub.ClientCalls.getUnchecked(ClientCalls.java:214)
	at org.apache.ratis.thirdparty.io.grpc.stub.ClientCalls.blockingUnaryCall(ClientCalls.java:139)
	at org.apache.ratis.proto.grpc.RaftServerProtocolServiceGrpc$RaftServerProtocolServiceBlockingStub.requestVote(RaftServerProtocolServiceGrpc.java:265)
	at org.apache.ratis.grpc.server.GrpcServerProtocolClient.requestVote(GrpcServerProtocolClient.java:99)
	at org.apache.ratis.grpc.server.GrpcService.requestVote(GrpcService.java:204)
	at org.apache.ratis.server.impl.LeaderElection.lambda$submitRequests$1(LeaderElection.java:234)
	at java.util.concurrent.FutureTask.run(FutureTask.java:266)
	at java.util.concurrent.Executors$RunnableAdapter.call(Executors.java:511)
	at java.util.concurrent.FutureTask.run(FutureTask.java:266)
	at java.util.concurrent.ThreadPoolExecutor.runWorker(ThreadPoolExecutor.java:1149)
	at java.util.concurrent.ThreadPoolExecutor$Worker.run(ThreadPoolExecutor.java:624)
	... 1 more
Caused by: org.apache.ratis.thirdparty.io.netty.channel.AbstractChannel$AnnotatedConnectException: Connection refused: /192.168.164.233:46080
	at sun.nio.ch.SocketChannelImpl.checkConnect(Native Method)
	at sun.nio.ch.SocketChannelImpl.finishConnect(SocketChannelImpl.java:717)
	at org.apache.ratis.thirdparty.io.netty.channel.socket.nio.NioSocketChannel.doFinishConnect(NioSocketChannel.java:327)
	at org.apache.ratis.thirdparty.io.netty.channel.nio.AbstractNioChannel$AbstractNioUnsafe.finishConnect(AbstractNioChannel.java:340)
	at org.apache.ratis.thirdparty.io.netty.channel.nio.NioEventLoop.processSelectedKey(NioEventLoop.java:632)
	at org.apache.ratis.thirdparty.io.netty.channel.nio.NioEventLoop.processSelectedKeysOptimized(NioEventLoop.java:579)
	at org.apache.ratis.thirdparty.io.netty.channel.nio.NioEventLoop.processSelectedKeys(NioEventLoop.java:496)
	at org.apache.ratis.thirdparty.io.netty.channel.nio.NioEventLoop.run(NioEventLoop.java:458)
	at org.apache.ratis.thirdparty.io.netty.util.concurrent.SingleThreadEventExecutor$5.run(SingleThreadEventExecutor.java:897)
	at org.apache.ratis.thirdparty.io.netty.util.concurrent.FastThreadLocalRunnable.run(FastThreadLocalRunnable.java:30)
	... 1 more
Caused by: java.net.ConnectException: Connection refused
	... 11 more
2019-10-18 14:30:44,107 [681edbc6-a1fc-42a4-b5ce-4922820de60a@group-FD33B9583E3C-LeaderElection205] INFO  impl.LeaderElection (LogUtils.java:infoOrTrace(149)) -   Exception 1: {}
java.util.concurrent.ExecutionException: org.apache.ratis.thirdparty.io.grpc.StatusRuntimeException: UNAVAILABLE: io exception
	at java.util.concurrent.FutureTask.report(FutureTask.java:122)
	at java.util.concurrent.FutureTask.get(FutureTask.java:192)
	at org.apache.ratis.server.impl.LeaderElection.waitForResults(LeaderElection.java:259)
	at org.apache.ratis.server.impl.LeaderElection.askForVotes(LeaderElection.java:197)
	at org.apache.ratis.server.impl.LeaderElection.run(LeaderElection.java:133)
	at java.lang.Thread.run(Thread.java:748)
Caused by: org.apache.ratis.thirdparty.io.grpc.StatusRuntimeException: UNAVAILABLE: io exception
	at org.apache.ratis.thirdparty.io.grpc.stub.ClientCalls.toStatusRuntimeException(ClientCalls.java:233)
	at org.apache.ratis.thirdparty.io.grpc.stub.ClientCalls.getUnchecked(ClientCalls.java:214)
	at org.apache.ratis.thirdparty.io.grpc.stub.ClientCalls.blockingUnaryCall(ClientCalls.java:139)
	at org.apache.ratis.proto.grpc.RaftServerProtocolServiceGrpc$RaftServerProtocolServiceBlockingStub.requestVote(RaftServerProtocolServiceGrpc.java:265)
	at org.apache.ratis.grpc.server.GrpcServerProtocolClient.requestVote(GrpcServerProtocolClient.java:99)
	at org.apache.ratis.grpc.server.GrpcService.requestVote(GrpcService.java:204)
	at org.apache.ratis.server.impl.LeaderElection.lambda$submitRequests$1(LeaderElection.java:234)
	at java.util.concurrent.FutureTask.run(FutureTask.java:266)
	at java.util.concurrent.Executors$RunnableAdapter.call(Executors.java:511)
	at java.util.concurrent.FutureTask.run(FutureTask.java:266)
	at java.util.concurrent.ThreadPoolExecutor.runWorker(ThreadPoolExecutor.java:1149)
	at java.util.concurrent.ThreadPoolExecutor$Worker.run(ThreadPoolExecutor.java:624)
	... 1 more
Caused by: org.apache.ratis.thirdparty.io.netty.channel.AbstractChannel$AnnotatedConnectException: Connection refused: /192.168.164.233:38729
	at sun.nio.ch.SocketChannelImpl.checkConnect(Native Method)
	at sun.nio.ch.SocketChannelImpl.finishConnect(SocketChannelImpl.java:717)
	at org.apache.ratis.thirdparty.io.netty.channel.socket.nio.NioSocketChannel.doFinishConnect(NioSocketChannel.java:327)
	at org.apache.ratis.thirdparty.io.netty.channel.nio.AbstractNioChannel$AbstractNioUnsafe.finishConnect(AbstractNioChannel.java:340)
	at org.apache.ratis.thirdparty.io.netty.channel.nio.NioEventLoop.processSelectedKey(NioEventLoop.java:632)
	at org.apache.ratis.thirdparty.io.netty.channel.nio.NioEventLoop.processSelectedKeysOptimized(NioEventLoop.java:579)
	at org.apache.ratis.thirdparty.io.netty.channel.nio.NioEventLoop.processSelectedKeys(NioEventLoop.java:496)
	at org.apache.ratis.thirdparty.io.netty.channel.nio.NioEventLoop.run(NioEventLoop.java:458)
	at org.apache.ratis.thirdparty.io.netty.util.concurrent.SingleThreadEventExecutor$5.run(SingleThreadEventExecutor.java:897)
	at org.apache.ratis.thirdparty.io.netty.util.concurrent.FastThreadLocalRunnable.run(FastThreadLocalRunnable.java:30)
	... 1 more
Caused by: java.net.ConnectException: Connection refused
	... 11 more
2019-10-18 14:30:44,108 [681edbc6-a1fc-42a4-b5ce-4922820de60a@group-FD33B9583E3C-LeaderElection205] INFO  impl.RaftServerImpl (RaftServerImpl.java:setRole(184)) - 681edbc6-a1fc-42a4-b5ce-4922820de60a@group-FD33B9583E3C: changes role from CANDIDATE to FOLLOWER at term 206 for DISCOVERED_A_NEW_TERM
2019-10-18 14:30:44,108 [681edbc6-a1fc-42a4-b5ce-4922820de60a@group-FD33B9583E3C-LeaderElection205] INFO  impl.RoleInfo (RoleInfo.java:shutdownLeaderElection(134)) - 681edbc6-a1fc-42a4-b5ce-4922820de60a: shutdown LeaderElection
2019-10-18 14:30:44,108 [681edbc6-a1fc-42a4-b5ce-4922820de60a@group-FD33B9583E3C-LeaderElection205] INFO  impl.RoleInfo (RoleInfo.java:updateAndGet(143)) - 681edbc6-a1fc-42a4-b5ce-4922820de60a: start FollowerState
2019-10-18 14:30:44,186 [Thread-1796] INFO  impl.FollowerState (FollowerState.java:run(108)) - 681edbc6-a1fc-42a4-b5ce-4922820de60a@group-FD33B9583E3C-FollowerState: change to CANDIDATE, lastRpcTime:78ms, electionTimeout:78ms
2019-10-18 14:30:44,187 [Thread-1796] INFO  impl.RoleInfo (RoleInfo.java:shutdownFollowerState(121)) - 681edbc6-a1fc-42a4-b5ce-4922820de60a: shutdown FollowerState
2019-10-18 14:30:44,187 [Thread-1796] INFO  impl.RaftServerImpl (RaftServerImpl.java:setRole(184)) - 681edbc6-a1fc-42a4-b5ce-4922820de60a@group-FD33B9583E3C: changes role from  FOLLOWER to CANDIDATE at term 206 for changeToCandidate
2019-10-18 14:30:44,187 [Thread-1796] INFO  impl.RoleInfo (RoleInfo.java:updateAndGet(143)) - 681edbc6-a1fc-42a4-b5ce-4922820de60a: start LeaderElection
2019-10-18 14:30:44,201 [681edbc6-a1fc-42a4-b5ce-4922820de60a@group-FD33B9583E3C-LeaderElection206] INFO  impl.LeaderElection (LeaderElection.java:askForVotes(178)) - 681edbc6-a1fc-42a4-b5ce-4922820de60a@group-FD33B9583E3C-LeaderElection206: begin an election at term 207 for -1: [3ee7b367-7b16-44e1-99f8-43aefeda0876:192.168.164.233:46080, 681edbc6-a1fc-42a4-b5ce-4922820de60a:192.168.164.233:44267, 773cce60-eeca-4c1f-a5ec-70084be8b6b9:192.168.164.233:38729], old=null
2019-10-18 14:30:44,202 [681edbc6-a1fc-42a4-b5ce-4922820de60a@group-FD33B9583E3C-LeaderElection206] INFO  impl.LeaderElection (LogUtils.java:infoOrTrace(149)) - 681edbc6-a1fc-42a4-b5ce-4922820de60a@group-FD33B9583E3C-LeaderElection206 got exception when requesting votes: {}
java.util.concurrent.ExecutionException: org.apache.ratis.thirdparty.io.grpc.StatusRuntimeException: UNAVAILABLE: io exception
	at java.util.concurrent.FutureTask.report(FutureTask.java:122)
	at java.util.concurrent.FutureTask.get(FutureTask.java:192)
	at org.apache.ratis.server.impl.LeaderElection.waitForResults(LeaderElection.java:259)
	at org.apache.ratis.server.impl.LeaderElection.askForVotes(LeaderElection.java:197)
	at org.apache.ratis.server.impl.LeaderElection.run(LeaderElection.java:133)
	at java.lang.Thread.run(Thread.java:748)
Caused by: org.apache.ratis.thirdparty.io.grpc.StatusRuntimeException: UNAVAILABLE: io exception
	at org.apache.ratis.thirdparty.io.grpc.stub.ClientCalls.toStatusRuntimeException(ClientCalls.java:233)
	at org.apache.ratis.thirdparty.io.grpc.stub.ClientCalls.getUnchecked(ClientCalls.java:214)
	at org.apache.ratis.thirdparty.io.grpc.stub.ClientCalls.blockingUnaryCall(ClientCalls.java:139)
	at org.apache.ratis.proto.grpc.RaftServerProtocolServiceGrpc$RaftServerProtocolServiceBlockingStub.requestVote(RaftServerProtocolServiceGrpc.java:265)
	at org.apache.ratis.grpc.server.GrpcServerProtocolClient.requestVote(GrpcServerProtocolClient.java:99)
	at org.apache.ratis.grpc.server.GrpcService.requestVote(GrpcService.java:204)
	at org.apache.ratis.server.impl.LeaderElection.lambda$submitRequests$1(LeaderElection.java:234)
	at java.util.concurrent.FutureTask.run(FutureTask.java:266)
	at java.util.concurrent.Executors$RunnableAdapter.call(Executors.java:511)
	at java.util.concurrent.FutureTask.run(FutureTask.java:266)
	at java.util.concurrent.ThreadPoolExecutor.runWorker(ThreadPoolExecutor.java:1149)
	at java.util.concurrent.ThreadPoolExecutor$Worker.run(ThreadPoolExecutor.java:624)
	... 1 more
Caused by: org.apache.ratis.thirdparty.io.netty.channel.AbstractChannel$AnnotatedConnectException: Connection refused: /192.168.164.233:38729
	at sun.nio.ch.SocketChannelImpl.checkConnect(Native Method)
	at sun.nio.ch.SocketChannelImpl.finishConnect(SocketChannelImpl.java:717)
	at org.apache.ratis.thirdparty.io.netty.channel.socket.nio.NioSocketChannel.doFinishConnect(NioSocketChannel.java:327)
	at org.apache.ratis.thirdparty.io.netty.channel.nio.AbstractNioChannel$AbstractNioUnsafe.finishConnect(AbstractNioChannel.java:340)
	at org.apache.ratis.thirdparty.io.netty.channel.nio.NioEventLoop.processSelectedKey(NioEventLoop.java:632)
	at org.apache.ratis.thirdparty.io.netty.channel.nio.NioEventLoop.processSelectedKeysOptimized(NioEventLoop.java:579)
	at org.apache.ratis.thirdparty.io.netty.channel.nio.NioEventLoop.processSelectedKeys(NioEventLoop.java:496)
	at org.apache.ratis.thirdparty.io.netty.channel.nio.NioEventLoop.run(NioEventLoop.java:458)
	at org.apache.ratis.thirdparty.io.netty.util.concurrent.SingleThreadEventExecutor$5.run(SingleThreadEventExecutor.java:897)
	at org.apache.ratis.thirdparty.io.netty.util.concurrent.FastThreadLocalRunnable.run(FastThreadLocalRunnable.java:30)
	... 1 more
Caused by: java.net.ConnectException: Connection refused
	... 11 more
2019-10-18 14:30:44,202 [681edbc6-a1fc-42a4-b5ce-4922820de60a@group-FD33B9583E3C-LeaderElection206] INFO  impl.LeaderElection (LogUtils.java:infoOrTrace(149)) - 681edbc6-a1fc-42a4-b5ce-4922820de60a@group-FD33B9583E3C-LeaderElection206 got exception when requesting votes: {}
java.util.concurrent.ExecutionException: org.apache.ratis.thirdparty.io.grpc.StatusRuntimeException: UNAVAILABLE: io exception
	at java.util.concurrent.FutureTask.report(FutureTask.java:122)
	at java.util.concurrent.FutureTask.get(FutureTask.java:192)
	at org.apache.ratis.server.impl.LeaderElection.waitForResults(LeaderElection.java:259)
	at org.apache.ratis.server.impl.LeaderElection.askForVotes(LeaderElection.java:197)
	at org.apache.ratis.server.impl.LeaderElection.run(LeaderElection.java:133)
	at java.lang.Thread.run(Thread.java:748)
Caused by: org.apache.ratis.thirdparty.io.grpc.StatusRuntimeException: UNAVAILABLE: io exception
	at org.apache.ratis.thirdparty.io.grpc.stub.ClientCalls.toStatusRuntimeException(ClientCalls.java:233)
	at org.apache.ratis.thirdparty.io.grpc.stub.ClientCalls.getUnchecked(ClientCalls.java:214)
	at org.apache.ratis.thirdparty.io.grpc.stub.ClientCalls.blockingUnaryCall(ClientCalls.java:139)
	at org.apache.ratis.proto.grpc.RaftServerProtocolServiceGrpc$RaftServerProtocolServiceBlockingStub.requestVote(RaftServerProtocolServiceGrpc.java:265)
	at org.apache.ratis.grpc.server.GrpcServerProtocolClient.requestVote(GrpcServerProtocolClient.java:99)
	at org.apache.ratis.grpc.server.GrpcService.requestVote(GrpcService.java:204)
	at org.apache.ratis.server.impl.LeaderElection.lambda$submitRequests$1(LeaderElection.java:234)
	at java.util.concurrent.FutureTask.run(FutureTask.java:266)
	at java.util.concurrent.Executors$RunnableAdapter.call(Executors.java:511)
	at java.util.concurrent.FutureTask.run(FutureTask.java:266)
	at java.util.concurrent.ThreadPoolExecutor.runWorker(ThreadPoolExecutor.java:1149)
	at java.util.concurrent.ThreadPoolExecutor$Worker.run(ThreadPoolExecutor.java:624)
	... 1 more
Caused by: org.apache.ratis.thirdparty.io.netty.channel.AbstractChannel$AnnotatedConnectException: Connection refused: /192.168.164.233:46080
	at sun.nio.ch.SocketChannelImpl.checkConnect(Native Method)
	at sun.nio.ch.SocketChannelImpl.finishConnect(SocketChannelImpl.java:717)
	at org.apache.ratis.thirdparty.io.netty.channel.socket.nio.NioSocketChannel.doFinishConnect(NioSocketChannel.java:327)
	at org.apache.ratis.thirdparty.io.netty.channel.nio.AbstractNioChannel$AbstractNioUnsafe.finishConnect(AbstractNioChannel.java:340)
	at org.apache.ratis.thirdparty.io.netty.channel.nio.NioEventLoop.processSelectedKey(NioEventLoop.java:632)
	at org.apache.ratis.thirdparty.io.netty.channel.nio.NioEventLoop.processSelectedKeysOptimized(NioEventLoop.java:579)
	at org.apache.ratis.thirdparty.io.netty.channel.nio.NioEventLoop.processSelectedKeys(NioEventLoop.java:496)
	at org.apache.ratis.thirdparty.io.netty.channel.nio.NioEventLoop.run(NioEventLoop.java:458)
	at org.apache.ratis.thirdparty.io.netty.util.concurrent.SingleThreadEventExecutor$5.run(SingleThreadEventExecutor.java:897)
	at org.apache.ratis.thirdparty.io.netty.util.concurrent.FastThreadLocalRunnable.run(FastThreadLocalRunnable.java:30)
	... 1 more
Caused by: java.net.ConnectException: Connection refused
	... 11 more
2019-10-18 14:30:44,203 [681edbc6-a1fc-42a4-b5ce-4922820de60a@group-FD33B9583E3C-LeaderElection206] INFO  impl.LeaderElection (LeaderElection.java:logAndReturn(56)) - 681edbc6-a1fc-42a4-b5ce-4922820de60a@group-FD33B9583E3C-LeaderElection206: Election REJECTED; received 0 response(s) [] and 2 exception(s); 681edbc6-a1fc-42a4-b5ce-4922820de60a@group-FD33B9583E3C:t207, leader=null, voted=681edbc6-a1fc-42a4-b5ce-4922820de60a, raftlog=681edbc6-a1fc-42a4-b5ce-4922820de60a@group-FD33B9583E3C-SegmentedRaftLog:OPENED:c-1,f-1,i0, conf=-1: [3ee7b367-7b16-44e1-99f8-43aefeda0876:192.168.164.233:46080, 681edbc6-a1fc-42a4-b5ce-4922820de60a:192.168.164.233:44267, 773cce60-eeca-4c1f-a5ec-70084be8b6b9:192.168.164.233:38729], old=null
2019-10-18 14:30:44,203 [681edbc6-a1fc-42a4-b5ce-4922820de60a@group-FD33B9583E3C-LeaderElection206] INFO  impl.LeaderElection (LogUtils.java:infoOrTrace(149)) -   Exception 0: {}
java.util.concurrent.ExecutionException: org.apache.ratis.thirdparty.io.grpc.StatusRuntimeException: UNAVAILABLE: io exception
	at java.util.concurrent.FutureTask.report(FutureTask.java:122)
	at java.util.concurrent.FutureTask.get(FutureTask.java:192)
	at org.apache.ratis.server.impl.LeaderElection.waitForResults(LeaderElection.java:259)
	at org.apache.ratis.server.impl.LeaderElection.askForVotes(LeaderElection.java:197)
	at org.apache.ratis.server.impl.LeaderElection.run(LeaderElection.java:133)
	at java.lang.Thread.run(Thread.java:748)
Caused by: org.apache.ratis.thirdparty.io.grpc.StatusRuntimeException: UNAVAILABLE: io exception
	at org.apache.ratis.thirdparty.io.grpc.stub.ClientCalls.toStatusRuntimeException(ClientCalls.java:233)
	at org.apache.ratis.thirdparty.io.grpc.stub.ClientCalls.getUnchecked(ClientCalls.java:214)
	at org.apache.ratis.thirdparty.io.grpc.stub.ClientCalls.blockingUnaryCall(ClientCalls.java:139)
	at org.apache.ratis.proto.grpc.RaftServerProtocolServiceGrpc$RaftServerProtocolServiceBlockingStub.requestVote(RaftServerProtocolServiceGrpc.java:265)
	at org.apache.ratis.grpc.server.GrpcServerProtocolClient.requestVote(GrpcServerProtocolClient.java:99)
	at org.apache.ratis.grpc.server.GrpcService.requestVote(GrpcService.java:204)
	at org.apache.ratis.server.impl.LeaderElection.lambda$submitRequests$1(LeaderElection.java:234)
	at java.util.concurrent.FutureTask.run(FutureTask.java:266)
	at java.util.concurrent.Executors$RunnableAdapter.call(Executors.java:511)
	at java.util.concurrent.FutureTask.run(FutureTask.java:266)
	at java.util.concurrent.ThreadPoolExecutor.runWorker(ThreadPoolExecutor.java:1149)
	at java.util.concurrent.ThreadPoolExecutor$Worker.run(ThreadPoolExecutor.java:624)
	... 1 more
Caused by: org.apache.ratis.thirdparty.io.netty.channel.AbstractChannel$AnnotatedConnectException: Connection refused: /192.168.164.233:38729
	at sun.nio.ch.SocketChannelImpl.checkConnect(Native Method)
	at sun.nio.ch.SocketChannelImpl.finishConnect(SocketChannelImpl.java:717)
	at org.apache.ratis.thirdparty.io.netty.channel.socket.nio.NioSocketChannel.doFinishConnect(NioSocketChannel.java:327)
	at org.apache.ratis.thirdparty.io.netty.channel.nio.AbstractNioChannel$AbstractNioUnsafe.finishConnect(AbstractNioChannel.java:340)
	at org.apache.ratis.thirdparty.io.netty.channel.nio.NioEventLoop.processSelectedKey(NioEventLoop.java:632)
	at org.apache.ratis.thirdparty.io.netty.channel.nio.NioEventLoop.processSelectedKeysOptimized(NioEventLoop.java:579)
	at org.apache.ratis.thirdparty.io.netty.channel.nio.NioEventLoop.processSelectedKeys(NioEventLoop.java:496)
	at org.apache.ratis.thirdparty.io.netty.channel.nio.NioEventLoop.run(NioEventLoop.java:458)
	at org.apache.ratis.thirdparty.io.netty.util.concurrent.SingleThreadEventExecutor$5.run(SingleThreadEventExecutor.java:897)
	at org.apache.ratis.thirdparty.io.netty.util.concurrent.FastThreadLocalRunnable.run(FastThreadLocalRunnable.java:30)
	... 1 more
Caused by: java.net.ConnectException: Connection refused
	... 11 more
2019-10-18 14:30:44,203 [681edbc6-a1fc-42a4-b5ce-4922820de60a@group-FD33B9583E3C-LeaderElection206] INFO  impl.LeaderElection (LogUtils.java:infoOrTrace(149)) -   Exception 1: {}
java.util.concurrent.ExecutionException: org.apache.ratis.thirdparty.io.grpc.StatusRuntimeException: UNAVAILABLE: io exception
	at java.util.concurrent.FutureTask.report(FutureTask.java:122)
	at java.util.concurrent.FutureTask.get(FutureTask.java:192)
	at org.apache.ratis.server.impl.LeaderElection.waitForResults(LeaderElection.java:259)
	at org.apache.ratis.server.impl.LeaderElection.askForVotes(LeaderElection.java:197)
	at org.apache.ratis.server.impl.LeaderElection.run(LeaderElection.java:133)
	at java.lang.Thread.run(Thread.java:748)
Caused by: org.apache.ratis.thirdparty.io.grpc.StatusRuntimeException: UNAVAILABLE: io exception
	at org.apache.ratis.thirdparty.io.grpc.stub.ClientCalls.toStatusRuntimeException(ClientCalls.java:233)
	at org.apache.ratis.thirdparty.io.grpc.stub.ClientCalls.getUnchecked(ClientCalls.java:214)
	at org.apache.ratis.thirdparty.io.grpc.stub.ClientCalls.blockingUnaryCall(ClientCalls.java:139)
	at org.apache.ratis.proto.grpc.RaftServerProtocolServiceGrpc$RaftServerProtocolServiceBlockingStub.requestVote(RaftServerProtocolServiceGrpc.java:265)
	at org.apache.ratis.grpc.server.GrpcServerProtocolClient.requestVote(GrpcServerProtocolClient.java:99)
	at org.apache.ratis.grpc.server.GrpcService.requestVote(GrpcService.java:204)
	at org.apache.ratis.server.impl.LeaderElection.lambda$submitRequests$1(LeaderElection.java:234)
	at java.util.concurrent.FutureTask.run(FutureTask.java:266)
	at java.util.concurrent.Executors$RunnableAdapter.call(Executors.java:511)
	at java.util.concurrent.FutureTask.run(FutureTask.java:266)
	at java.util.concurrent.ThreadPoolExecutor.runWorker(ThreadPoolExecutor.java:1149)
	at java.util.concurrent.ThreadPoolExecutor$Worker.run(ThreadPoolExecutor.java:624)
	... 1 more
Caused by: org.apache.ratis.thirdparty.io.netty.channel.AbstractChannel$AnnotatedConnectException: Connection refused: /192.168.164.233:46080
	at sun.nio.ch.SocketChannelImpl.checkConnect(Native Method)
	at sun.nio.ch.SocketChannelImpl.finishConnect(SocketChannelImpl.java:717)
	at org.apache.ratis.thirdparty.io.netty.channel.socket.nio.NioSocketChannel.doFinishConnect(NioSocketChannel.java:327)
	at org.apache.ratis.thirdparty.io.netty.channel.nio.AbstractNioChannel$AbstractNioUnsafe.finishConnect(AbstractNioChannel.java:340)
	at org.apache.ratis.thirdparty.io.netty.channel.nio.NioEventLoop.processSelectedKey(NioEventLoop.java:632)
	at org.apache.ratis.thirdparty.io.netty.channel.nio.NioEventLoop.processSelectedKeysOptimized(NioEventLoop.java:579)
	at org.apache.ratis.thirdparty.io.netty.channel.nio.NioEventLoop.processSelectedKeys(NioEventLoop.java:496)
	at org.apache.ratis.thirdparty.io.netty.channel.nio.NioEventLoop.run(NioEventLoop.java:458)
	at org.apache.ratis.thirdparty.io.netty.util.concurrent.SingleThreadEventExecutor$5.run(SingleThreadEventExecutor.java:897)
	at org.apache.ratis.thirdparty.io.netty.util.concurrent.FastThreadLocalRunnable.run(FastThreadLocalRunnable.java:30)
	... 1 more
Caused by: java.net.ConnectException: Connection refused
	... 11 more
2019-10-18 14:30:44,203 [681edbc6-a1fc-42a4-b5ce-4922820de60a@group-FD33B9583E3C-LeaderElection206] INFO  impl.RaftServerImpl (RaftServerImpl.java:setRole(184)) - 681edbc6-a1fc-42a4-b5ce-4922820de60a@group-FD33B9583E3C: changes role from CANDIDATE to FOLLOWER at term 207 for DISCOVERED_A_NEW_TERM
2019-10-18 14:30:44,203 [681edbc6-a1fc-42a4-b5ce-4922820de60a@group-FD33B9583E3C-LeaderElection206] INFO  impl.RoleInfo (RoleInfo.java:shutdownLeaderElection(134)) - 681edbc6-a1fc-42a4-b5ce-4922820de60a: shutdown LeaderElection
2019-10-18 14:30:44,204 [681edbc6-a1fc-42a4-b5ce-4922820de60a@group-FD33B9583E3C-LeaderElection206] INFO  impl.RoleInfo (RoleInfo.java:updateAndGet(143)) - 681edbc6-a1fc-42a4-b5ce-4922820de60a: start FollowerState
2019-10-18 14:30:44,220 [java.util.concurrent.ThreadPoolExecutor$Worker@4efed47c[State = -1, empty queue]] WARN  server.GrpcLogAppender (GrpcLogAppender.java:timeoutAppendRequest(209)) - 46c14060-ea78-4b5a-b57c-064e4766b234@group-45DBFE4B8A65->a4757974-e77e-4a1a-a400-c32fe273093a-GrpcLogAppender: appendEntries Timeout, request=46c14060-ea78-4b5a-b57c-064e4766b234->a4757974-e77e-4a1a-a400-c32fe273093a#51-t3, previous=(t:3, i:4), leaderCommit=4, initializing? false, entries: <empty>
2019-10-18 14:30:44,220 [java.util.concurrent.ThreadPoolExecutor$Worker@108d80c3[State = -1, empty queue]] WARN  server.GrpcLogAppender (GrpcLogAppender.java:timeoutAppendRequest(209)) - 46c14060-ea78-4b5a-b57c-064e4766b234@group-45DBFE4B8A65->55013cf6-f41f-4339-a52c-06c119893914-GrpcLogAppender: appendEntries Timeout, request=46c14060-ea78-4b5a-b57c-064e4766b234->55013cf6-f41f-4339-a52c-06c119893914#51-t3, previous=(t:3, i:4), leaderCommit=4, initializing? false, entries: <empty>
2019-10-18 14:30:44,325 [Thread-1800] INFO  impl.FollowerState (FollowerState.java:run(108)) - 681edbc6-a1fc-42a4-b5ce-4922820de60a@group-FD33B9583E3C-FollowerState: change to CANDIDATE, lastRpcTime:121ms, electionTimeout:121ms
2019-10-18 14:30:44,325 [Thread-1800] INFO  impl.RoleInfo (RoleInfo.java:shutdownFollowerState(121)) - 681edbc6-a1fc-42a4-b5ce-4922820de60a: shutdown FollowerState
2019-10-18 14:30:44,325 [Thread-1800] INFO  impl.RaftServerImpl (RaftServerImpl.java:setRole(184)) - 681edbc6-a1fc-42a4-b5ce-4922820de60a@group-FD33B9583E3C: changes role from  FOLLOWER to CANDIDATE at term 207 for changeToCandidate
2019-10-18 14:30:44,325 [Thread-1800] INFO  impl.RoleInfo (RoleInfo.java:updateAndGet(143)) - 681edbc6-a1fc-42a4-b5ce-4922820de60a: start LeaderElection
2019-10-18 14:30:44,339 [681edbc6-a1fc-42a4-b5ce-4922820de60a@group-FD33B9583E3C-LeaderElection207] INFO  impl.LeaderElection (LeaderElection.java:askForVotes(178)) - 681edbc6-a1fc-42a4-b5ce-4922820de60a@group-FD33B9583E3C-LeaderElection207: begin an election at term 208 for -1: [3ee7b367-7b16-44e1-99f8-43aefeda0876:192.168.164.233:46080, 681edbc6-a1fc-42a4-b5ce-4922820de60a:192.168.164.233:44267, 773cce60-eeca-4c1f-a5ec-70084be8b6b9:192.168.164.233:38729], old=null
2019-10-18 14:30:44,339 [681edbc6-a1fc-42a4-b5ce-4922820de60a@group-FD33B9583E3C-LeaderElection207] INFO  impl.LeaderElection (LogUtils.java:infoOrTrace(149)) - 681edbc6-a1fc-42a4-b5ce-4922820de60a@group-FD33B9583E3C-LeaderElection207 got exception when requesting votes: {}
java.util.concurrent.ExecutionException: org.apache.ratis.thirdparty.io.grpc.StatusRuntimeException: UNAVAILABLE: io exception
	at java.util.concurrent.FutureTask.report(FutureTask.java:122)
	at java.util.concurrent.FutureTask.get(FutureTask.java:192)
	at org.apache.ratis.server.impl.LeaderElection.waitForResults(LeaderElection.java:259)
	at org.apache.ratis.server.impl.LeaderElection.askForVotes(LeaderElection.java:197)
	at org.apache.ratis.server.impl.LeaderElection.run(LeaderElection.java:133)
	at java.lang.Thread.run(Thread.java:748)
Caused by: org.apache.ratis.thirdparty.io.grpc.StatusRuntimeException: UNAVAILABLE: io exception
	at org.apache.ratis.thirdparty.io.grpc.stub.ClientCalls.toStatusRuntimeException(ClientCalls.java:233)
	at org.apache.ratis.thirdparty.io.grpc.stub.ClientCalls.getUnchecked(ClientCalls.java:214)
	at org.apache.ratis.thirdparty.io.grpc.stub.ClientCalls.blockingUnaryCall(ClientCalls.java:139)
	at org.apache.ratis.proto.grpc.RaftServerProtocolServiceGrpc$RaftServerProtocolServiceBlockingStub.requestVote(RaftServerProtocolServiceGrpc.java:265)
	at org.apache.ratis.grpc.server.GrpcServerProtocolClient.requestVote(GrpcServerProtocolClient.java:99)
	at org.apache.ratis.grpc.server.GrpcService.requestVote(GrpcService.java:204)
	at org.apache.ratis.server.impl.LeaderElection.lambda$submitRequests$1(LeaderElection.java:234)
	at java.util.concurrent.FutureTask.run(FutureTask.java:266)
	at java.util.concurrent.Executors$RunnableAdapter.call(Executors.java:511)
	at java.util.concurrent.FutureTask.run(FutureTask.java:266)
	at java.util.concurrent.ThreadPoolExecutor.runWorker(ThreadPoolExecutor.java:1149)
	at java.util.concurrent.ThreadPoolExecutor$Worker.run(ThreadPoolExecutor.java:624)
	... 1 more
Caused by: org.apache.ratis.thirdparty.io.netty.channel.AbstractChannel$AnnotatedConnectException: Connection refused: /192.168.164.233:38729
	at sun.nio.ch.SocketChannelImpl.checkConnect(Native Method)
	at sun.nio.ch.SocketChannelImpl.finishConnect(SocketChannelImpl.java:717)
	at org.apache.ratis.thirdparty.io.netty.channel.socket.nio.NioSocketChannel.doFinishConnect(NioSocketChannel.java:327)
	at org.apache.ratis.thirdparty.io.netty.channel.nio.AbstractNioChannel$AbstractNioUnsafe.finishConnect(AbstractNioChannel.java:340)
	at org.apache.ratis.thirdparty.io.netty.channel.nio.NioEventLoop.processSelectedKey(NioEventLoop.java:632)
	at org.apache.ratis.thirdparty.io.netty.channel.nio.NioEventLoop.processSelectedKeysOptimized(NioEventLoop.java:579)
	at org.apache.ratis.thirdparty.io.netty.channel.nio.NioEventLoop.processSelectedKeys(NioEventLoop.java:496)
	at org.apache.ratis.thirdparty.io.netty.channel.nio.NioEventLoop.run(NioEventLoop.java:458)
	at org.apache.ratis.thirdparty.io.netty.util.concurrent.SingleThreadEventExecutor$5.run(SingleThreadEventExecutor.java:897)
	at org.apache.ratis.thirdparty.io.netty.util.concurrent.FastThreadLocalRunnable.run(FastThreadLocalRunnable.java:30)
	... 1 more
Caused by: java.net.ConnectException: Connection refused
	... 11 more
2019-10-18 14:30:44,340 [681edbc6-a1fc-42a4-b5ce-4922820de60a@group-FD33B9583E3C-LeaderElection207] INFO  impl.LeaderElection (LogUtils.java:infoOrTrace(149)) - 681edbc6-a1fc-42a4-b5ce-4922820de60a@group-FD33B9583E3C-LeaderElection207 got exception when requesting votes: {}
java.util.concurrent.ExecutionException: org.apache.ratis.thirdparty.io.grpc.StatusRuntimeException: UNAVAILABLE: io exception
	at java.util.concurrent.FutureTask.report(FutureTask.java:122)
	at java.util.concurrent.FutureTask.get(FutureTask.java:192)
	at org.apache.ratis.server.impl.LeaderElection.waitForResults(LeaderElection.java:259)
	at org.apache.ratis.server.impl.LeaderElection.askForVotes(LeaderElection.java:197)
	at org.apache.ratis.server.impl.LeaderElection.run(LeaderElection.java:133)
	at java.lang.Thread.run(Thread.java:748)
Caused by: org.apache.ratis.thirdparty.io.grpc.StatusRuntimeException: UNAVAILABLE: io exception
	at org.apache.ratis.thirdparty.io.grpc.stub.ClientCalls.toStatusRuntimeException(ClientCalls.java:233)
	at org.apache.ratis.thirdparty.io.grpc.stub.ClientCalls.getUnchecked(ClientCalls.java:214)
	at org.apache.ratis.thirdparty.io.grpc.stub.ClientCalls.blockingUnaryCall(ClientCalls.java:139)
	at org.apache.ratis.proto.grpc.RaftServerProtocolServiceGrpc$RaftServerProtocolServiceBlockingStub.requestVote(RaftServerProtocolServiceGrpc.java:265)
	at org.apache.ratis.grpc.server.GrpcServerProtocolClient.requestVote(GrpcServerProtocolClient.java:99)
	at org.apache.ratis.grpc.server.GrpcService.requestVote(GrpcService.java:204)
	at org.apache.ratis.server.impl.LeaderElection.lambda$submitRequests$1(LeaderElection.java:234)
	at java.util.concurrent.FutureTask.run(FutureTask.java:266)
	at java.util.concurrent.Executors$RunnableAdapter.call(Executors.java:511)
	at java.util.concurrent.FutureTask.run(FutureTask.java:266)
	at java.util.concurrent.ThreadPoolExecutor.runWorker(ThreadPoolExecutor.java:1149)
	at java.util.concurrent.ThreadPoolExecutor$Worker.run(ThreadPoolExecutor.java:624)
	... 1 more
Caused by: org.apache.ratis.thirdparty.io.netty.channel.AbstractChannel$AnnotatedConnectException: Connection refused: /192.168.164.233:46080
	at sun.nio.ch.SocketChannelImpl.checkConnect(Native Method)
	at sun.nio.ch.SocketChannelImpl.finishConnect(SocketChannelImpl.java:717)
	at org.apache.ratis.thirdparty.io.netty.channel.socket.nio.NioSocketChannel.doFinishConnect(NioSocketChannel.java:327)
	at org.apache.ratis.thirdparty.io.netty.channel.nio.AbstractNioChannel$AbstractNioUnsafe.finishConnect(AbstractNioChannel.java:340)
	at org.apache.ratis.thirdparty.io.netty.channel.nio.NioEventLoop.processSelectedKey(NioEventLoop.java:632)
	at org.apache.ratis.thirdparty.io.netty.channel.nio.NioEventLoop.processSelectedKeysOptimized(NioEventLoop.java:579)
	at org.apache.ratis.thirdparty.io.netty.channel.nio.NioEventLoop.processSelectedKeys(NioEventLoop.java:496)
	at org.apache.ratis.thirdparty.io.netty.channel.nio.NioEventLoop.run(NioEventLoop.java:458)
	at org.apache.ratis.thirdparty.io.netty.util.concurrent.SingleThreadEventExecutor$5.run(SingleThreadEventExecutor.java:897)
	at org.apache.ratis.thirdparty.io.netty.util.concurrent.FastThreadLocalRunnable.run(FastThreadLocalRunnable.java:30)
	... 1 more
Caused by: java.net.ConnectException: Connection refused
	... 11 more
2019-10-18 14:30:44,340 [681edbc6-a1fc-42a4-b5ce-4922820de60a@group-FD33B9583E3C-LeaderElection207] INFO  impl.LeaderElection (LeaderElection.java:logAndReturn(56)) - 681edbc6-a1fc-42a4-b5ce-4922820de60a@group-FD33B9583E3C-LeaderElection207: Election REJECTED; received 0 response(s) [] and 2 exception(s); 681edbc6-a1fc-42a4-b5ce-4922820de60a@group-FD33B9583E3C:t208, leader=null, voted=681edbc6-a1fc-42a4-b5ce-4922820de60a, raftlog=681edbc6-a1fc-42a4-b5ce-4922820de60a@group-FD33B9583E3C-SegmentedRaftLog:OPENED:c-1,f-1,i0, conf=-1: [3ee7b367-7b16-44e1-99f8-43aefeda0876:192.168.164.233:46080, 681edbc6-a1fc-42a4-b5ce-4922820de60a:192.168.164.233:44267, 773cce60-eeca-4c1f-a5ec-70084be8b6b9:192.168.164.233:38729], old=null
2019-10-18 14:30:44,340 [681edbc6-a1fc-42a4-b5ce-4922820de60a@group-FD33B9583E3C-LeaderElection207] INFO  impl.LeaderElection (LogUtils.java:infoOrTrace(149)) -   Exception 0: {}
java.util.concurrent.ExecutionException: org.apache.ratis.thirdparty.io.grpc.StatusRuntimeException: UNAVAILABLE: io exception
	at java.util.concurrent.FutureTask.report(FutureTask.java:122)
	at java.util.concurrent.FutureTask.get(FutureTask.java:192)
	at org.apache.ratis.server.impl.LeaderElection.waitForResults(LeaderElection.java:259)
	at org.apache.ratis.server.impl.LeaderElection.askForVotes(LeaderElection.java:197)
	at org.apache.ratis.server.impl.LeaderElection.run(LeaderElection.java:133)
	at java.lang.Thread.run(Thread.java:748)
Caused by: org.apache.ratis.thirdparty.io.grpc.StatusRuntimeException: UNAVAILABLE: io exception
	at org.apache.ratis.thirdparty.io.grpc.stub.ClientCalls.toStatusRuntimeException(ClientCalls.java:233)
	at org.apache.ratis.thirdparty.io.grpc.stub.ClientCalls.getUnchecked(ClientCalls.java:214)
	at org.apache.ratis.thirdparty.io.grpc.stub.ClientCalls.blockingUnaryCall(ClientCalls.java:139)
	at org.apache.ratis.proto.grpc.RaftServerProtocolServiceGrpc$RaftServerProtocolServiceBlockingStub.requestVote(RaftServerProtocolServiceGrpc.java:265)
	at org.apache.ratis.grpc.server.GrpcServerProtocolClient.requestVote(GrpcServerProtocolClient.java:99)
	at org.apache.ratis.grpc.server.GrpcService.requestVote(GrpcService.java:204)
	at org.apache.ratis.server.impl.LeaderElection.lambda$submitRequests$1(LeaderElection.java:234)
	at java.util.concurrent.FutureTask.run(FutureTask.java:266)
	at java.util.concurrent.Executors$RunnableAdapter.call(Executors.java:511)
	at java.util.concurrent.FutureTask.run(FutureTask.java:266)
	at java.util.concurrent.ThreadPoolExecutor.runWorker(ThreadPoolExecutor.java:1149)
	at java.util.concurrent.ThreadPoolExecutor$Worker.run(ThreadPoolExecutor.java:624)
	... 1 more
Caused by: org.apache.ratis.thirdparty.io.netty.channel.AbstractChannel$AnnotatedConnectException: Connection refused: /192.168.164.233:38729
	at sun.nio.ch.SocketChannelImpl.checkConnect(Native Method)
	at sun.nio.ch.SocketChannelImpl.finishConnect(SocketChannelImpl.java:717)
	at org.apache.ratis.thirdparty.io.netty.channel.socket.nio.NioSocketChannel.doFinishConnect(NioSocketChannel.java:327)
	at org.apache.ratis.thirdparty.io.netty.channel.nio.AbstractNioChannel$AbstractNioUnsafe.finishConnect(AbstractNioChannel.java:340)
	at org.apache.ratis.thirdparty.io.netty.channel.nio.NioEventLoop.processSelectedKey(NioEventLoop.java:632)
	at org.apache.ratis.thirdparty.io.netty.channel.nio.NioEventLoop.processSelectedKeysOptimized(NioEventLoop.java:579)
	at org.apache.ratis.thirdparty.io.netty.channel.nio.NioEventLoop.processSelectedKeys(NioEventLoop.java:496)
	at org.apache.ratis.thirdparty.io.netty.channel.nio.NioEventLoop.run(NioEventLoop.java:458)
	at org.apache.ratis.thirdparty.io.netty.util.concurrent.SingleThreadEventExecutor$5.run(SingleThreadEventExecutor.java:897)
	at org.apache.ratis.thirdparty.io.netty.util.concurrent.FastThreadLocalRunnable.run(FastThreadLocalRunnable.java:30)
	... 1 more
Caused by: java.net.ConnectException: Connection refused
	... 11 more
2019-10-18 14:30:44,340 [681edbc6-a1fc-42a4-b5ce-4922820de60a@group-FD33B9583E3C-LeaderElection207] INFO  impl.LeaderElection (LogUtils.java:infoOrTrace(149)) -   Exception 1: {}
java.util.concurrent.ExecutionException: org.apache.ratis.thirdparty.io.grpc.StatusRuntimeException: UNAVAILABLE: io exception
	at java.util.concurrent.FutureTask.report(FutureTask.java:122)
	at java.util.concurrent.FutureTask.get(FutureTask.java:192)
	at org.apache.ratis.server.impl.LeaderElection.waitForResults(LeaderElection.java:259)
	at org.apache.ratis.server.impl.LeaderElection.askForVotes(LeaderElection.java:197)
	at org.apache.ratis.server.impl.LeaderElection.run(LeaderElection.java:133)
	at java.lang.Thread.run(Thread.java:748)
Caused by: org.apache.ratis.thirdparty.io.grpc.StatusRuntimeException: UNAVAILABLE: io exception
	at org.apache.ratis.thirdparty.io.grpc.stub.ClientCalls.toStatusRuntimeException(ClientCalls.java:233)
	at org.apache.ratis.thirdparty.io.grpc.stub.ClientCalls.getUnchecked(ClientCalls.java:214)
	at org.apache.ratis.thirdparty.io.grpc.stub.ClientCalls.blockingUnaryCall(ClientCalls.java:139)
	at org.apache.ratis.proto.grpc.RaftServerProtocolServiceGrpc$RaftServerProtocolServiceBlockingStub.requestVote(RaftServerProtocolServiceGrpc.java:265)
	at org.apache.ratis.grpc.server.GrpcServerProtocolClient.requestVote(GrpcServerProtocolClient.java:99)
	at org.apache.ratis.grpc.server.GrpcService.requestVote(GrpcService.java:204)
	at org.apache.ratis.server.impl.LeaderElection.lambda$submitRequests$1(LeaderElection.java:234)
	at java.util.concurrent.FutureTask.run(FutureTask.java:266)
	at java.util.concurrent.Executors$RunnableAdapter.call(Executors.java:511)
	at java.util.concurrent.FutureTask.run(FutureTask.java:266)
	at java.util.concurrent.ThreadPoolExecutor.runWorker(ThreadPoolExecutor.java:1149)
	at java.util.concurrent.ThreadPoolExecutor$Worker.run(ThreadPoolExecutor.java:624)
	... 1 more
Caused by: org.apache.ratis.thirdparty.io.netty.channel.AbstractChannel$AnnotatedConnectException: Connection refused: /192.168.164.233:46080
	at sun.nio.ch.SocketChannelImpl.checkConnect(Native Method)
	at sun.nio.ch.SocketChannelImpl.finishConnect(SocketChannelImpl.java:717)
	at org.apache.ratis.thirdparty.io.netty.channel.socket.nio.NioSocketChannel.doFinishConnect(NioSocketChannel.java:327)
	at org.apache.ratis.thirdparty.io.netty.channel.nio.AbstractNioChannel$AbstractNioUnsafe.finishConnect(AbstractNioChannel.java:340)
	at org.apache.ratis.thirdparty.io.netty.channel.nio.NioEventLoop.processSelectedKey(NioEventLoop.java:632)
	at org.apache.ratis.thirdparty.io.netty.channel.nio.NioEventLoop.processSelectedKeysOptimized(NioEventLoop.java:579)
	at org.apache.ratis.thirdparty.io.netty.channel.nio.NioEventLoop.processSelectedKeys(NioEventLoop.java:496)
	at org.apache.ratis.thirdparty.io.netty.channel.nio.NioEventLoop.run(NioEventLoop.java:458)
	at org.apache.ratis.thirdparty.io.netty.util.concurrent.SingleThreadEventExecutor$5.run(SingleThreadEventExecutor.java:897)
	at org.apache.ratis.thirdparty.io.netty.util.concurrent.FastThreadLocalRunnable.run(FastThreadLocalRunnable.java:30)
	... 1 more
Caused by: java.net.ConnectException: Connection refused
	... 11 more
2019-10-18 14:30:44,341 [681edbc6-a1fc-42a4-b5ce-4922820de60a@group-FD33B9583E3C-LeaderElection207] INFO  impl.RaftServerImpl (RaftServerImpl.java:setRole(184)) - 681edbc6-a1fc-42a4-b5ce-4922820de60a@group-FD33B9583E3C: changes role from CANDIDATE to FOLLOWER at term 208 for DISCOVERED_A_NEW_TERM
2019-10-18 14:30:44,341 [681edbc6-a1fc-42a4-b5ce-4922820de60a@group-FD33B9583E3C-LeaderElection207] INFO  impl.RoleInfo (RoleInfo.java:shutdownLeaderElection(134)) - 681edbc6-a1fc-42a4-b5ce-4922820de60a: shutdown LeaderElection
2019-10-18 14:30:44,341 [681edbc6-a1fc-42a4-b5ce-4922820de60a@group-FD33B9583E3C-LeaderElection207] INFO  impl.RoleInfo (RoleInfo.java:updateAndGet(143)) - 681edbc6-a1fc-42a4-b5ce-4922820de60a: start FollowerState
2019-10-18 14:30:44,431 [Thread-1804] INFO  impl.FollowerState (FollowerState.java:run(108)) - 681edbc6-a1fc-42a4-b5ce-4922820de60a@group-FD33B9583E3C-FollowerState: change to CANDIDATE, lastRpcTime:90ms, electionTimeout:90ms
2019-10-18 14:30:44,431 [Thread-1804] INFO  impl.RoleInfo (RoleInfo.java:shutdownFollowerState(121)) - 681edbc6-a1fc-42a4-b5ce-4922820de60a: shutdown FollowerState
2019-10-18 14:30:44,431 [Thread-1804] INFO  impl.RaftServerImpl (RaftServerImpl.java:setRole(184)) - 681edbc6-a1fc-42a4-b5ce-4922820de60a@group-FD33B9583E3C: changes role from  FOLLOWER to CANDIDATE at term 208 for changeToCandidate
2019-10-18 14:30:44,432 [Thread-1804] INFO  impl.RoleInfo (RoleInfo.java:updateAndGet(143)) - 681edbc6-a1fc-42a4-b5ce-4922820de60a: start LeaderElection
2019-10-18 14:30:44,445 [681edbc6-a1fc-42a4-b5ce-4922820de60a@group-FD33B9583E3C-LeaderElection208] INFO  impl.LeaderElection (LeaderElection.java:askForVotes(178)) - 681edbc6-a1fc-42a4-b5ce-4922820de60a@group-FD33B9583E3C-LeaderElection208: begin an election at term 209 for -1: [3ee7b367-7b16-44e1-99f8-43aefeda0876:192.168.164.233:46080, 681edbc6-a1fc-42a4-b5ce-4922820de60a:192.168.164.233:44267, 773cce60-eeca-4c1f-a5ec-70084be8b6b9:192.168.164.233:38729], old=null
2019-10-18 14:30:44,446 [681edbc6-a1fc-42a4-b5ce-4922820de60a@group-FD33B9583E3C-LeaderElection208] INFO  impl.LeaderElection (LogUtils.java:infoOrTrace(149)) - 681edbc6-a1fc-42a4-b5ce-4922820de60a@group-FD33B9583E3C-LeaderElection208 got exception when requesting votes: {}
java.util.concurrent.ExecutionException: org.apache.ratis.thirdparty.io.grpc.StatusRuntimeException: UNAVAILABLE: io exception
	at java.util.concurrent.FutureTask.report(FutureTask.java:122)
	at java.util.concurrent.FutureTask.get(FutureTask.java:192)
	at org.apache.ratis.server.impl.LeaderElection.waitForResults(LeaderElection.java:259)
	at org.apache.ratis.server.impl.LeaderElection.askForVotes(LeaderElection.java:197)
	at org.apache.ratis.server.impl.LeaderElection.run(LeaderElection.java:133)
	at java.lang.Thread.run(Thread.java:748)
Caused by: org.apache.ratis.thirdparty.io.grpc.StatusRuntimeException: UNAVAILABLE: io exception
	at org.apache.ratis.thirdparty.io.grpc.stub.ClientCalls.toStatusRuntimeException(ClientCalls.java:233)
	at org.apache.ratis.thirdparty.io.grpc.stub.ClientCalls.getUnchecked(ClientCalls.java:214)
	at org.apache.ratis.thirdparty.io.grpc.stub.ClientCalls.blockingUnaryCall(ClientCalls.java:139)
	at org.apache.ratis.proto.grpc.RaftServerProtocolServiceGrpc$RaftServerProtocolServiceBlockingStub.requestVote(RaftServerProtocolServiceGrpc.java:265)
	at org.apache.ratis.grpc.server.GrpcServerProtocolClient.requestVote(GrpcServerProtocolClient.java:99)
	at org.apache.ratis.grpc.server.GrpcService.requestVote(GrpcService.java:204)
	at org.apache.ratis.server.impl.LeaderElection.lambda$submitRequests$1(LeaderElection.java:234)
	at java.util.concurrent.FutureTask.run(FutureTask.java:266)
	at java.util.concurrent.Executors$RunnableAdapter.call(Executors.java:511)
	at java.util.concurrent.FutureTask.run(FutureTask.java:266)
	at java.util.concurrent.ThreadPoolExecutor.runWorker(ThreadPoolExecutor.java:1149)
	at java.util.concurrent.ThreadPoolExecutor$Worker.run(ThreadPoolExecutor.java:624)
	... 1 more
Caused by: org.apache.ratis.thirdparty.io.netty.channel.AbstractChannel$AnnotatedConnectException: Connection refused: /192.168.164.233:38729
	at sun.nio.ch.SocketChannelImpl.checkConnect(Native Method)
	at sun.nio.ch.SocketChannelImpl.finishConnect(SocketChannelImpl.java:717)
	at org.apache.ratis.thirdparty.io.netty.channel.socket.nio.NioSocketChannel.doFinishConnect(NioSocketChannel.java:327)
	at org.apache.ratis.thirdparty.io.netty.channel.nio.AbstractNioChannel$AbstractNioUnsafe.finishConnect(AbstractNioChannel.java:340)
	at org.apache.ratis.thirdparty.io.netty.channel.nio.NioEventLoop.processSelectedKey(NioEventLoop.java:632)
	at org.apache.ratis.thirdparty.io.netty.channel.nio.NioEventLoop.processSelectedKeysOptimized(NioEventLoop.java:579)
	at org.apache.ratis.thirdparty.io.netty.channel.nio.NioEventLoop.processSelectedKeys(NioEventLoop.java:496)
	at org.apache.ratis.thirdparty.io.netty.channel.nio.NioEventLoop.run(NioEventLoop.java:458)
	at org.apache.ratis.thirdparty.io.netty.util.concurrent.SingleThreadEventExecutor$5.run(SingleThreadEventExecutor.java:897)
	at org.apache.ratis.thirdparty.io.netty.util.concurrent.FastThreadLocalRunnable.run(FastThreadLocalRunnable.java:30)
	... 1 more
Caused by: java.net.ConnectException: Connection refused
	... 11 more
2019-10-18 14:30:44,446 [681edbc6-a1fc-42a4-b5ce-4922820de60a@group-FD33B9583E3C-LeaderElection208] INFO  impl.LeaderElection (LogUtils.java:infoOrTrace(149)) - 681edbc6-a1fc-42a4-b5ce-4922820de60a@group-FD33B9583E3C-LeaderElection208 got exception when requesting votes: {}
java.util.concurrent.ExecutionException: org.apache.ratis.thirdparty.io.grpc.StatusRuntimeException: UNAVAILABLE: io exception
	at java.util.concurrent.FutureTask.report(FutureTask.java:122)
	at java.util.concurrent.FutureTask.get(FutureTask.java:192)
	at org.apache.ratis.server.impl.LeaderElection.waitForResults(LeaderElection.java:259)
	at org.apache.ratis.server.impl.LeaderElection.askForVotes(LeaderElection.java:197)
	at org.apache.ratis.server.impl.LeaderElection.run(LeaderElection.java:133)
	at java.lang.Thread.run(Thread.java:748)
Caused by: org.apache.ratis.thirdparty.io.grpc.StatusRuntimeException: UNAVAILABLE: io exception
	at org.apache.ratis.thirdparty.io.grpc.stub.ClientCalls.toStatusRuntimeException(ClientCalls.java:233)
	at org.apache.ratis.thirdparty.io.grpc.stub.ClientCalls.getUnchecked(ClientCalls.java:214)
	at org.apache.ratis.thirdparty.io.grpc.stub.ClientCalls.blockingUnaryCall(ClientCalls.java:139)
	at org.apache.ratis.proto.grpc.RaftServerProtocolServiceGrpc$RaftServerProtocolServiceBlockingStub.requestVote(RaftServerProtocolServiceGrpc.java:265)
	at org.apache.ratis.grpc.server.GrpcServerProtocolClient.requestVote(GrpcServerProtocolClient.java:99)
	at org.apache.ratis.grpc.server.GrpcService.requestVote(GrpcService.java:204)
	at org.apache.ratis.server.impl.LeaderElection.lambda$submitRequests$1(LeaderElection.java:234)
	at java.util.concurrent.FutureTask.run(FutureTask.java:266)
	at java.util.concurrent.Executors$RunnableAdapter.call(Executors.java:511)
	at java.util.concurrent.FutureTask.run(FutureTask.java:266)
	at java.util.concurrent.ThreadPoolExecutor.runWorker(ThreadPoolExecutor.java:1149)
	at java.util.concurrent.ThreadPoolExecutor$Worker.run(ThreadPoolExecutor.java:624)
	... 1 more
Caused by: org.apache.ratis.thirdparty.io.netty.channel.AbstractChannel$AnnotatedConnectException: Connection refused: /192.168.164.233:46080
	at sun.nio.ch.SocketChannelImpl.checkConnect(Native Method)
	at sun.nio.ch.SocketChannelImpl.finishConnect(SocketChannelImpl.java:717)
	at org.apache.ratis.thirdparty.io.netty.channel.socket.nio.NioSocketChannel.doFinishConnect(NioSocketChannel.java:327)
	at org.apache.ratis.thirdparty.io.netty.channel.nio.AbstractNioChannel$AbstractNioUnsafe.finishConnect(AbstractNioChannel.java:340)
	at org.apache.ratis.thirdparty.io.netty.channel.nio.NioEventLoop.processSelectedKey(NioEventLoop.java:632)
	at org.apache.ratis.thirdparty.io.netty.channel.nio.NioEventLoop.processSelectedKeysOptimized(NioEventLoop.java:579)
	at org.apache.ratis.thirdparty.io.netty.channel.nio.NioEventLoop.processSelectedKeys(NioEventLoop.java:496)
	at org.apache.ratis.thirdparty.io.netty.channel.nio.NioEventLoop.run(NioEventLoop.java:458)
	at org.apache.ratis.thirdparty.io.netty.util.concurrent.SingleThreadEventExecutor$5.run(SingleThreadEventExecutor.java:897)
	at org.apache.ratis.thirdparty.io.netty.util.concurrent.FastThreadLocalRunnable.run(FastThreadLocalRunnable.java:30)
	... 1 more
Caused by: java.net.ConnectException: Connection refused
	... 11 more
2019-10-18 14:30:44,446 [681edbc6-a1fc-42a4-b5ce-4922820de60a@group-FD33B9583E3C-LeaderElection208] INFO  impl.LeaderElection (LeaderElection.java:logAndReturn(56)) - 681edbc6-a1fc-42a4-b5ce-4922820de60a@group-FD33B9583E3C-LeaderElection208: Election REJECTED; received 0 response(s) [] and 2 exception(s); 681edbc6-a1fc-42a4-b5ce-4922820de60a@group-FD33B9583E3C:t209, leader=null, voted=681edbc6-a1fc-42a4-b5ce-4922820de60a, raftlog=681edbc6-a1fc-42a4-b5ce-4922820de60a@group-FD33B9583E3C-SegmentedRaftLog:OPENED:c-1,f-1,i0, conf=-1: [3ee7b367-7b16-44e1-99f8-43aefeda0876:192.168.164.233:46080, 681edbc6-a1fc-42a4-b5ce-4922820de60a:192.168.164.233:44267, 773cce60-eeca-4c1f-a5ec-70084be8b6b9:192.168.164.233:38729], old=null
2019-10-18 14:30:44,446 [681edbc6-a1fc-42a4-b5ce-4922820de60a@group-FD33B9583E3C-LeaderElection208] INFO  impl.LeaderElection (LogUtils.java:infoOrTrace(149)) -   Exception 0: {}
java.util.concurrent.ExecutionException: org.apache.ratis.thirdparty.io.grpc.StatusRuntimeException: UNAVAILABLE: io exception
	at java.util.concurrent.FutureTask.report(FutureTask.java:122)
	at java.util.concurrent.FutureTask.get(FutureTask.java:192)
	at org.apache.ratis.server.impl.LeaderElection.waitForResults(LeaderElection.java:259)
	at org.apache.ratis.server.impl.LeaderElection.askForVotes(LeaderElection.java:197)
	at org.apache.ratis.server.impl.LeaderElection.run(LeaderElection.java:133)
	at java.lang.Thread.run(Thread.java:748)
Caused by: org.apache.ratis.thirdparty.io.grpc.StatusRuntimeException: UNAVAILABLE: io exception
	at org.apache.ratis.thirdparty.io.grpc.stub.ClientCalls.toStatusRuntimeException(ClientCalls.java:233)
	at org.apache.ratis.thirdparty.io.grpc.stub.ClientCalls.getUnchecked(ClientCalls.java:214)
	at org.apache.ratis.thirdparty.io.grpc.stub.ClientCalls.blockingUnaryCall(ClientCalls.java:139)
	at org.apache.ratis.proto.grpc.RaftServerProtocolServiceGrpc$RaftServerProtocolServiceBlockingStub.requestVote(RaftServerProtocolServiceGrpc.java:265)
	at org.apache.ratis.grpc.server.GrpcServerProtocolClient.requestVote(GrpcServerProtocolClient.java:99)
	at org.apache.ratis.grpc.server.GrpcService.requestVote(GrpcService.java:204)
	at org.apache.ratis.server.impl.LeaderElection.lambda$submitRequests$1(LeaderElection.java:234)
	at java.util.concurrent.FutureTask.run(FutureTask.java:266)
	at java.util.concurrent.Executors$RunnableAdapter.call(Executors.java:511)
	at java.util.concurrent.FutureTask.run(FutureTask.java:266)
	at java.util.concurrent.ThreadPoolExecutor.runWorker(ThreadPoolExecutor.java:1149)
	at java.util.concurrent.ThreadPoolExecutor$Worker.run(ThreadPoolExecutor.java:624)
	... 1 more
Caused by: org.apache.ratis.thirdparty.io.netty.channel.AbstractChannel$AnnotatedConnectException: Connection refused: /192.168.164.233:38729
	at sun.nio.ch.SocketChannelImpl.checkConnect(Native Method)
	at sun.nio.ch.SocketChannelImpl.finishConnect(SocketChannelImpl.java:717)
	at org.apache.ratis.thirdparty.io.netty.channel.socket.nio.NioSocketChannel.doFinishConnect(NioSocketChannel.java:327)
	at org.apache.ratis.thirdparty.io.netty.channel.nio.AbstractNioChannel$AbstractNioUnsafe.finishConnect(AbstractNioChannel.java:340)
	at org.apache.ratis.thirdparty.io.netty.channel.nio.NioEventLoop.processSelectedKey(NioEventLoop.java:632)
	at org.apache.ratis.thirdparty.io.netty.channel.nio.NioEventLoop.processSelectedKeysOptimized(NioEventLoop.java:579)
	at org.apache.ratis.thirdparty.io.netty.channel.nio.NioEventLoop.processSelectedKeys(NioEventLoop.java:496)
	at org.apache.ratis.thirdparty.io.netty.channel.nio.NioEventLoop.run(NioEventLoop.java:458)
	at org.apache.ratis.thirdparty.io.netty.util.concurrent.SingleThreadEventExecutor$5.run(SingleThreadEventExecutor.java:897)
	at org.apache.ratis.thirdparty.io.netty.util.concurrent.FastThreadLocalRunnable.run(FastThreadLocalRunnable.java:30)
	... 1 more
Caused by: java.net.ConnectException: Connection refused
	... 11 more
2019-10-18 14:30:44,446 [681edbc6-a1fc-42a4-b5ce-4922820de60a@group-FD33B9583E3C-LeaderElection208] INFO  impl.LeaderElection (LogUtils.java:infoOrTrace(149)) -   Exception 1: {}
java.util.concurrent.ExecutionException: org.apache.ratis.thirdparty.io.grpc.StatusRuntimeException: UNAVAILABLE: io exception
	at java.util.concurrent.FutureTask.report(FutureTask.java:122)
	at java.util.concurrent.FutureTask.get(FutureTask.java:192)
	at org.apache.ratis.server.impl.LeaderElection.waitForResults(LeaderElection.java:259)
	at org.apache.ratis.server.impl.LeaderElection.askForVotes(LeaderElection.java:197)
	at org.apache.ratis.server.impl.LeaderElection.run(LeaderElection.java:133)
	at java.lang.Thread.run(Thread.java:748)
Caused by: org.apache.ratis.thirdparty.io.grpc.StatusRuntimeException: UNAVAILABLE: io exception
	at org.apache.ratis.thirdparty.io.grpc.stub.ClientCalls.toStatusRuntimeException(ClientCalls.java:233)
	at org.apache.ratis.thirdparty.io.grpc.stub.ClientCalls.getUnchecked(ClientCalls.java:214)
	at org.apache.ratis.thirdparty.io.grpc.stub.ClientCalls.blockingUnaryCall(ClientCalls.java:139)
	at org.apache.ratis.proto.grpc.RaftServerProtocolServiceGrpc$RaftServerProtocolServiceBlockingStub.requestVote(RaftServerProtocolServiceGrpc.java:265)
	at org.apache.ratis.grpc.server.GrpcServerProtocolClient.requestVote(GrpcServerProtocolClient.java:99)
	at org.apache.ratis.grpc.server.GrpcService.requestVote(GrpcService.java:204)
	at org.apache.ratis.server.impl.LeaderElection.lambda$submitRequests$1(LeaderElection.java:234)
	at java.util.concurrent.FutureTask.run(FutureTask.java:266)
	at java.util.concurrent.Executors$RunnableAdapter.call(Executors.java:511)
	at java.util.concurrent.FutureTask.run(FutureTask.java:266)
	at java.util.concurrent.ThreadPoolExecutor.runWorker(ThreadPoolExecutor.java:1149)
	at java.util.concurrent.ThreadPoolExecutor$Worker.run(ThreadPoolExecutor.java:624)
	... 1 more
Caused by: org.apache.ratis.thirdparty.io.netty.channel.AbstractChannel$AnnotatedConnectException: Connection refused: /192.168.164.233:46080
	at sun.nio.ch.SocketChannelImpl.checkConnect(Native Method)
	at sun.nio.ch.SocketChannelImpl.finishConnect(SocketChannelImpl.java:717)
	at org.apache.ratis.thirdparty.io.netty.channel.socket.nio.NioSocketChannel.doFinishConnect(NioSocketChannel.java:327)
	at org.apache.ratis.thirdparty.io.netty.channel.nio.AbstractNioChannel$AbstractNioUnsafe.finishConnect(AbstractNioChannel.java:340)
	at org.apache.ratis.thirdparty.io.netty.channel.nio.NioEventLoop.processSelectedKey(NioEventLoop.java:632)
	at org.apache.ratis.thirdparty.io.netty.channel.nio.NioEventLoop.processSelectedKeysOptimized(NioEventLoop.java:579)
	at org.apache.ratis.thirdparty.io.netty.channel.nio.NioEventLoop.processSelectedKeys(NioEventLoop.java:496)
	at org.apache.ratis.thirdparty.io.netty.channel.nio.NioEventLoop.run(NioEventLoop.java:458)
	at org.apache.ratis.thirdparty.io.netty.util.concurrent.SingleThreadEventExecutor$5.run(SingleThreadEventExecutor.java:897)
	at org.apache.ratis.thirdparty.io.netty.util.concurrent.FastThreadLocalRunnable.run(FastThreadLocalRunnable.java:30)
	... 1 more
Caused by: java.net.ConnectException: Connection refused
	... 11 more
2019-10-18 14:30:44,447 [681edbc6-a1fc-42a4-b5ce-4922820de60a@group-FD33B9583E3C-LeaderElection208] INFO  impl.RaftServerImpl (RaftServerImpl.java:setRole(184)) - 681edbc6-a1fc-42a4-b5ce-4922820de60a@group-FD33B9583E3C: changes role from CANDIDATE to FOLLOWER at term 209 for DISCOVERED_A_NEW_TERM
2019-10-18 14:30:44,447 [681edbc6-a1fc-42a4-b5ce-4922820de60a@group-FD33B9583E3C-LeaderElection208] INFO  impl.RoleInfo (RoleInfo.java:shutdownLeaderElection(134)) - 681edbc6-a1fc-42a4-b5ce-4922820de60a: shutdown LeaderElection
2019-10-18 14:30:44,447 [681edbc6-a1fc-42a4-b5ce-4922820de60a@group-FD33B9583E3C-LeaderElection208] INFO  impl.RoleInfo (RoleInfo.java:updateAndGet(143)) - 681edbc6-a1fc-42a4-b5ce-4922820de60a: start FollowerState
2019-10-18 14:30:44,554 [Thread-1808] INFO  impl.FollowerState (FollowerState.java:run(108)) - 681edbc6-a1fc-42a4-b5ce-4922820de60a@group-FD33B9583E3C-FollowerState: change to CANDIDATE, lastRpcTime:107ms, electionTimeout:107ms
2019-10-18 14:30:44,554 [Thread-1808] INFO  impl.RoleInfo (RoleInfo.java:shutdownFollowerState(121)) - 681edbc6-a1fc-42a4-b5ce-4922820de60a: shutdown FollowerState
2019-10-18 14:30:44,555 [Thread-1808] INFO  impl.RaftServerImpl (RaftServerImpl.java:setRole(184)) - 681edbc6-a1fc-42a4-b5ce-4922820de60a@group-FD33B9583E3C: changes role from  FOLLOWER to CANDIDATE at term 209 for changeToCandidate
2019-10-18 14:30:44,555 [Thread-1808] INFO  impl.RoleInfo (RoleInfo.java:updateAndGet(143)) - 681edbc6-a1fc-42a4-b5ce-4922820de60a: start LeaderElection
2019-10-18 14:30:44,566 [681edbc6-a1fc-42a4-b5ce-4922820de60a@group-FD33B9583E3C-LeaderElection209] INFO  impl.LeaderElection (LeaderElection.java:askForVotes(178)) - 681edbc6-a1fc-42a4-b5ce-4922820de60a@group-FD33B9583E3C-LeaderElection209: begin an election at term 210 for -1: [3ee7b367-7b16-44e1-99f8-43aefeda0876:192.168.164.233:46080, 681edbc6-a1fc-42a4-b5ce-4922820de60a:192.168.164.233:44267, 773cce60-eeca-4c1f-a5ec-70084be8b6b9:192.168.164.233:38729], old=null
2019-10-18 14:30:44,567 [681edbc6-a1fc-42a4-b5ce-4922820de60a@group-FD33B9583E3C-LeaderElection209] INFO  impl.LeaderElection (LogUtils.java:infoOrTrace(149)) - 681edbc6-a1fc-42a4-b5ce-4922820de60a@group-FD33B9583E3C-LeaderElection209 got exception when requesting votes: {}
java.util.concurrent.ExecutionException: org.apache.ratis.thirdparty.io.grpc.StatusRuntimeException: UNAVAILABLE: io exception
	at java.util.concurrent.FutureTask.report(FutureTask.java:122)
	at java.util.concurrent.FutureTask.get(FutureTask.java:192)
	at org.apache.ratis.server.impl.LeaderElection.waitForResults(LeaderElection.java:259)
	at org.apache.ratis.server.impl.LeaderElection.askForVotes(LeaderElection.java:197)
	at org.apache.ratis.server.impl.LeaderElection.run(LeaderElection.java:133)
	at java.lang.Thread.run(Thread.java:748)
Caused by: org.apache.ratis.thirdparty.io.grpc.StatusRuntimeException: UNAVAILABLE: io exception
	at org.apache.ratis.thirdparty.io.grpc.stub.ClientCalls.toStatusRuntimeException(ClientCalls.java:233)
	at org.apache.ratis.thirdparty.io.grpc.stub.ClientCalls.getUnchecked(ClientCalls.java:214)
	at org.apache.ratis.thirdparty.io.grpc.stub.ClientCalls.blockingUnaryCall(ClientCalls.java:139)
	at org.apache.ratis.proto.grpc.RaftServerProtocolServiceGrpc$RaftServerProtocolServiceBlockingStub.requestVote(RaftServerProtocolServiceGrpc.java:265)
	at org.apache.ratis.grpc.server.GrpcServerProtocolClient.requestVote(GrpcServerProtocolClient.java:99)
	at org.apache.ratis.grpc.server.GrpcService.requestVote(GrpcService.java:204)
	at org.apache.ratis.server.impl.LeaderElection.lambda$submitRequests$1(LeaderElection.java:234)
	at java.util.concurrent.FutureTask.run(FutureTask.java:266)
	at java.util.concurrent.Executors$RunnableAdapter.call(Executors.java:511)
	at java.util.concurrent.FutureTask.run(FutureTask.java:266)
	at java.util.concurrent.ThreadPoolExecutor.runWorker(ThreadPoolExecutor.java:1149)
	at java.util.concurrent.ThreadPoolExecutor$Worker.run(ThreadPoolExecutor.java:624)
	... 1 more
Caused by: org.apache.ratis.thirdparty.io.netty.channel.AbstractChannel$AnnotatedConnectException: Connection refused: /192.168.164.233:46080
	at sun.nio.ch.SocketChannelImpl.checkConnect(Native Method)
	at sun.nio.ch.SocketChannelImpl.finishConnect(SocketChannelImpl.java:717)
	at org.apache.ratis.thirdparty.io.netty.channel.socket.nio.NioSocketChannel.doFinishConnect(NioSocketChannel.java:327)
	at org.apache.ratis.thirdparty.io.netty.channel.nio.AbstractNioChannel$AbstractNioUnsafe.finishConnect(AbstractNioChannel.java:340)
	at org.apache.ratis.thirdparty.io.netty.channel.nio.NioEventLoop.processSelectedKey(NioEventLoop.java:632)
	at org.apache.ratis.thirdparty.io.netty.channel.nio.NioEventLoop.processSelectedKeysOptimized(NioEventLoop.java:579)
	at org.apache.ratis.thirdparty.io.netty.channel.nio.NioEventLoop.processSelectedKeys(NioEventLoop.java:496)
	at org.apache.ratis.thirdparty.io.netty.channel.nio.NioEventLoop.run(NioEventLoop.java:458)
	at org.apache.ratis.thirdparty.io.netty.util.concurrent.SingleThreadEventExecutor$5.run(SingleThreadEventExecutor.java:897)
	at org.apache.ratis.thirdparty.io.netty.util.concurrent.FastThreadLocalRunnable.run(FastThreadLocalRunnable.java:30)
	... 1 more
Caused by: java.net.ConnectException: Connection refused
	... 11 more
2019-10-18 14:30:44,567 [681edbc6-a1fc-42a4-b5ce-4922820de60a@group-FD33B9583E3C-LeaderElection209] INFO  impl.LeaderElection (LogUtils.java:infoOrTrace(149)) - 681edbc6-a1fc-42a4-b5ce-4922820de60a@group-FD33B9583E3C-LeaderElection209 got exception when requesting votes: {}
java.util.concurrent.ExecutionException: org.apache.ratis.thirdparty.io.grpc.StatusRuntimeException: UNAVAILABLE: io exception
	at java.util.concurrent.FutureTask.report(FutureTask.java:122)
	at java.util.concurrent.FutureTask.get(FutureTask.java:192)
	at org.apache.ratis.server.impl.LeaderElection.waitForResults(LeaderElection.java:259)
	at org.apache.ratis.server.impl.LeaderElection.askForVotes(LeaderElection.java:197)
	at org.apache.ratis.server.impl.LeaderElection.run(LeaderElection.java:133)
	at java.lang.Thread.run(Thread.java:748)
Caused by: org.apache.ratis.thirdparty.io.grpc.StatusRuntimeException: UNAVAILABLE: io exception
	at org.apache.ratis.thirdparty.io.grpc.stub.ClientCalls.toStatusRuntimeException(ClientCalls.java:233)
	at org.apache.ratis.thirdparty.io.grpc.stub.ClientCalls.getUnchecked(ClientCalls.java:214)
	at org.apache.ratis.thirdparty.io.grpc.stub.ClientCalls.blockingUnaryCall(ClientCalls.java:139)
	at org.apache.ratis.proto.grpc.RaftServerProtocolServiceGrpc$RaftServerProtocolServiceBlockingStub.requestVote(RaftServerProtocolServiceGrpc.java:265)
	at org.apache.ratis.grpc.server.GrpcServerProtocolClient.requestVote(GrpcServerProtocolClient.java:99)
	at org.apache.ratis.grpc.server.GrpcService.requestVote(GrpcService.java:204)
	at org.apache.ratis.server.impl.LeaderElection.lambda$submitRequests$1(LeaderElection.java:234)
	at java.util.concurrent.FutureTask.run(FutureTask.java:266)
	at java.util.concurrent.Executors$RunnableAdapter.call(Executors.java:511)
	at java.util.concurrent.FutureTask.run(FutureTask.java:266)
	at java.util.concurrent.ThreadPoolExecutor.runWorker(ThreadPoolExecutor.java:1149)
	at java.util.concurrent.ThreadPoolExecutor$Worker.run(ThreadPoolExecutor.java:624)
	... 1 more
Caused by: org.apache.ratis.thirdparty.io.netty.channel.AbstractChannel$AnnotatedConnectException: Connection refused: /192.168.164.233:38729
	at sun.nio.ch.SocketChannelImpl.checkConnect(Native Method)
	at sun.nio.ch.SocketChannelImpl.finishConnect(SocketChannelImpl.java:717)
	at org.apache.ratis.thirdparty.io.netty.channel.socket.nio.NioSocketChannel.doFinishConnect(NioSocketChannel.java:327)
	at org.apache.ratis.thirdparty.io.netty.channel.nio.AbstractNioChannel$AbstractNioUnsafe.finishConnect(AbstractNioChannel.java:340)
	at org.apache.ratis.thirdparty.io.netty.channel.nio.NioEventLoop.processSelectedKey(NioEventLoop.java:632)
	at org.apache.ratis.thirdparty.io.netty.channel.nio.NioEventLoop.processSelectedKeysOptimized(NioEventLoop.java:579)
	at org.apache.ratis.thirdparty.io.netty.channel.nio.NioEventLoop.processSelectedKeys(NioEventLoop.java:496)
	at org.apache.ratis.thirdparty.io.netty.channel.nio.NioEventLoop.run(NioEventLoop.java:458)
	at org.apache.ratis.thirdparty.io.netty.util.concurrent.SingleThreadEventExecutor$5.run(SingleThreadEventExecutor.java:897)
	at org.apache.ratis.thirdparty.io.netty.util.concurrent.FastThreadLocalRunnable.run(FastThreadLocalRunnable.java:30)
	... 1 more
Caused by: java.net.ConnectException: Connection refused
	... 11 more
2019-10-18 14:30:44,568 [681edbc6-a1fc-42a4-b5ce-4922820de60a@group-FD33B9583E3C-LeaderElection209] INFO  impl.LeaderElection (LeaderElection.java:logAndReturn(56)) - 681edbc6-a1fc-42a4-b5ce-4922820de60a@group-FD33B9583E3C-LeaderElection209: Election REJECTED; received 0 response(s) [] and 2 exception(s); 681edbc6-a1fc-42a4-b5ce-4922820de60a@group-FD33B9583E3C:t210, leader=null, voted=681edbc6-a1fc-42a4-b5ce-4922820de60a, raftlog=681edbc6-a1fc-42a4-b5ce-4922820de60a@group-FD33B9583E3C-SegmentedRaftLog:OPENED:c-1,f-1,i0, conf=-1: [3ee7b367-7b16-44e1-99f8-43aefeda0876:192.168.164.233:46080, 681edbc6-a1fc-42a4-b5ce-4922820de60a:192.168.164.233:44267, 773cce60-eeca-4c1f-a5ec-70084be8b6b9:192.168.164.233:38729], old=null
2019-10-18 14:30:44,568 [681edbc6-a1fc-42a4-b5ce-4922820de60a@group-FD33B9583E3C-LeaderElection209] INFO  impl.LeaderElection (LogUtils.java:infoOrTrace(149)) -   Exception 0: {}
java.util.concurrent.ExecutionException: org.apache.ratis.thirdparty.io.grpc.StatusRuntimeException: UNAVAILABLE: io exception
	at java.util.concurrent.FutureTask.report(FutureTask.java:122)
	at java.util.concurrent.FutureTask.get(FutureTask.java:192)
	at org.apache.ratis.server.impl.LeaderElection.waitForResults(LeaderElection.java:259)
	at org.apache.ratis.server.impl.LeaderElection.askForVotes(LeaderElection.java:197)
	at org.apache.ratis.server.impl.LeaderElection.run(LeaderElection.java:133)
	at java.lang.Thread.run(Thread.java:748)
Caused by: org.apache.ratis.thirdparty.io.grpc.StatusRuntimeException: UNAVAILABLE: io exception
	at org.apache.ratis.thirdparty.io.grpc.stub.ClientCalls.toStatusRuntimeException(ClientCalls.java:233)
	at org.apache.ratis.thirdparty.io.grpc.stub.ClientCalls.getUnchecked(ClientCalls.java:214)
	at org.apache.ratis.thirdparty.io.grpc.stub.ClientCalls.blockingUnaryCall(ClientCalls.java:139)
	at org.apache.ratis.proto.grpc.RaftServerProtocolServiceGrpc$RaftServerProtocolServiceBlockingStub.requestVote(RaftServerProtocolServiceGrpc.java:265)
	at org.apache.ratis.grpc.server.GrpcServerProtocolClient.requestVote(GrpcServerProtocolClient.java:99)
	at org.apache.ratis.grpc.server.GrpcService.requestVote(GrpcService.java:204)
	at org.apache.ratis.server.impl.LeaderElection.lambda$submitRequests$1(LeaderElection.java:234)
	at java.util.concurrent.FutureTask.run(FutureTask.java:266)
	at java.util.concurrent.Executors$RunnableAdapter.call(Executors.java:511)
	at java.util.concurrent.FutureTask.run(FutureTask.java:266)
	at java.util.concurrent.ThreadPoolExecutor.runWorker(ThreadPoolExecutor.java:1149)
	at java.util.concurrent.ThreadPoolExecutor$Worker.run(ThreadPoolExecutor.java:624)
	... 1 more
Caused by: org.apache.ratis.thirdparty.io.netty.channel.AbstractChannel$AnnotatedConnectException: Connection refused: /192.168.164.233:46080
	at sun.nio.ch.SocketChannelImpl.checkConnect(Native Method)
	at sun.nio.ch.SocketChannelImpl.finishConnect(SocketChannelImpl.java:717)
	at org.apache.ratis.thirdparty.io.netty.channel.socket.nio.NioSocketChannel.doFinishConnect(NioSocketChannel.java:327)
	at org.apache.ratis.thirdparty.io.netty.channel.nio.AbstractNioChannel$AbstractNioUnsafe.finishConnect(AbstractNioChannel.java:340)
	at org.apache.ratis.thirdparty.io.netty.channel.nio.NioEventLoop.processSelectedKey(NioEventLoop.java:632)
	at org.apache.ratis.thirdparty.io.netty.channel.nio.NioEventLoop.processSelectedKeysOptimized(NioEventLoop.java:579)
	at org.apache.ratis.thirdparty.io.netty.channel.nio.NioEventLoop.processSelectedKeys(NioEventLoop.java:496)
	at org.apache.ratis.thirdparty.io.netty.channel.nio.NioEventLoop.run(NioEventLoop.java:458)
	at org.apache.ratis.thirdparty.io.netty.util.concurrent.SingleThreadEventExecutor$5.run(SingleThreadEventExecutor.java:897)
	at org.apache.ratis.thirdparty.io.netty.util.concurrent.FastThreadLocalRunnable.run(FastThreadLocalRunnable.java:30)
	... 1 more
Caused by: java.net.ConnectException: Connection refused
	... 11 more
2019-10-18 14:30:44,568 [681edbc6-a1fc-42a4-b5ce-4922820de60a@group-FD33B9583E3C-LeaderElection209] INFO  impl.LeaderElection (LogUtils.java:infoOrTrace(149)) -   Exception 1: {}
java.util.concurrent.ExecutionException: org.apache.ratis.thirdparty.io.grpc.StatusRuntimeException: UNAVAILABLE: io exception
	at java.util.concurrent.FutureTask.report(FutureTask.java:122)
	at java.util.concurrent.FutureTask.get(FutureTask.java:192)
	at org.apache.ratis.server.impl.LeaderElection.waitForResults(LeaderElection.java:259)
	at org.apache.ratis.server.impl.LeaderElection.askForVotes(LeaderElection.java:197)
	at org.apache.ratis.server.impl.LeaderElection.run(LeaderElection.java:133)
	at java.lang.Thread.run(Thread.java:748)
Caused by: org.apache.ratis.thirdparty.io.grpc.StatusRuntimeException: UNAVAILABLE: io exception
	at org.apache.ratis.thirdparty.io.grpc.stub.ClientCalls.toStatusRuntimeException(ClientCalls.java:233)
	at org.apache.ratis.thirdparty.io.grpc.stub.ClientCalls.getUnchecked(ClientCalls.java:214)
	at org.apache.ratis.thirdparty.io.grpc.stub.ClientCalls.blockingUnaryCall(ClientCalls.java:139)
	at org.apache.ratis.proto.grpc.RaftServerProtocolServiceGrpc$RaftServerProtocolServiceBlockingStub.requestVote(RaftServerProtocolServiceGrpc.java:265)
	at org.apache.ratis.grpc.server.GrpcServerProtocolClient.requestVote(GrpcServerProtocolClient.java:99)
	at org.apache.ratis.grpc.server.GrpcService.requestVote(GrpcService.java:204)
	at org.apache.ratis.server.impl.LeaderElection.lambda$submitRequests$1(LeaderElection.java:234)
	at java.util.concurrent.FutureTask.run(FutureTask.java:266)
	at java.util.concurrent.Executors$RunnableAdapter.call(Executors.java:511)
	at java.util.concurrent.FutureTask.run(FutureTask.java:266)
	at java.util.concurrent.ThreadPoolExecutor.runWorker(ThreadPoolExecutor.java:1149)
	at java.util.concurrent.ThreadPoolExecutor$Worker.run(ThreadPoolExecutor.java:624)
	... 1 more
Caused by: org.apache.ratis.thirdparty.io.netty.channel.AbstractChannel$AnnotatedConnectException: Connection refused: /192.168.164.233:38729
	at sun.nio.ch.SocketChannelImpl.checkConnect(Native Method)
	at sun.nio.ch.SocketChannelImpl.finishConnect(SocketChannelImpl.java:717)
	at org.apache.ratis.thirdparty.io.netty.channel.socket.nio.NioSocketChannel.doFinishConnect(NioSocketChannel.java:327)
	at org.apache.ratis.thirdparty.io.netty.channel.nio.AbstractNioChannel$AbstractNioUnsafe.finishConnect(AbstractNioChannel.java:340)
	at org.apache.ratis.thirdparty.io.netty.channel.nio.NioEventLoop.processSelectedKey(NioEventLoop.java:632)
	at org.apache.ratis.thirdparty.io.netty.channel.nio.NioEventLoop.processSelectedKeysOptimized(NioEventLoop.java:579)
	at org.apache.ratis.thirdparty.io.netty.channel.nio.NioEventLoop.processSelectedKeys(NioEventLoop.java:496)
	at org.apache.ratis.thirdparty.io.netty.channel.nio.NioEventLoop.run(NioEventLoop.java:458)
	at org.apache.ratis.thirdparty.io.netty.util.concurrent.SingleThreadEventExecutor$5.run(SingleThreadEventExecutor.java:897)
	at org.apache.ratis.thirdparty.io.netty.util.concurrent.FastThreadLocalRunnable.run(FastThreadLocalRunnable.java:30)
	... 1 more
Caused by: java.net.ConnectException: Connection refused
	... 11 more
2019-10-18 14:30:44,569 [681edbc6-a1fc-42a4-b5ce-4922820de60a@group-FD33B9583E3C-LeaderElection209] INFO  impl.RaftServerImpl (RaftServerImpl.java:setRole(184)) - 681edbc6-a1fc-42a4-b5ce-4922820de60a@group-FD33B9583E3C: changes role from CANDIDATE to FOLLOWER at term 210 for DISCOVERED_A_NEW_TERM
2019-10-18 14:30:44,569 [681edbc6-a1fc-42a4-b5ce-4922820de60a@group-FD33B9583E3C-LeaderElection209] INFO  impl.RoleInfo (RoleInfo.java:shutdownLeaderElection(134)) - 681edbc6-a1fc-42a4-b5ce-4922820de60a: shutdown LeaderElection
2019-10-18 14:30:44,569 [681edbc6-a1fc-42a4-b5ce-4922820de60a@group-FD33B9583E3C-LeaderElection209] INFO  impl.RoleInfo (RoleInfo.java:updateAndGet(143)) - 681edbc6-a1fc-42a4-b5ce-4922820de60a: start FollowerState
2019-10-18 14:30:44,617 [Thread-1814] INFO  impl.FollowerState (FollowerState.java:run(108)) - 681edbc6-a1fc-42a4-b5ce-4922820de60a@group-FD33B9583E3C-FollowerState: change to CANDIDATE, lastRpcTime:48ms, electionTimeout:48ms
2019-10-18 14:30:44,617 [Thread-1814] INFO  impl.RoleInfo (RoleInfo.java:shutdownFollowerState(121)) - 681edbc6-a1fc-42a4-b5ce-4922820de60a: shutdown FollowerState
2019-10-18 14:30:44,618 [Thread-1814] INFO  impl.RaftServerImpl (RaftServerImpl.java:setRole(184)) - 681edbc6-a1fc-42a4-b5ce-4922820de60a@group-FD33B9583E3C: changes role from  FOLLOWER to CANDIDATE at term 210 for changeToCandidate
2019-10-18 14:30:44,618 [Thread-1814] INFO  impl.RoleInfo (RoleInfo.java:updateAndGet(143)) - 681edbc6-a1fc-42a4-b5ce-4922820de60a: start LeaderElection
2019-10-18 14:30:44,631 [681edbc6-a1fc-42a4-b5ce-4922820de60a@group-FD33B9583E3C-LeaderElection210] INFO  impl.LeaderElection (LeaderElection.java:askForVotes(178)) - 681edbc6-a1fc-42a4-b5ce-4922820de60a@group-FD33B9583E3C-LeaderElection210: begin an election at term 211 for -1: [3ee7b367-7b16-44e1-99f8-43aefeda0876:192.168.164.233:46080, 681edbc6-a1fc-42a4-b5ce-4922820de60a:192.168.164.233:44267, 773cce60-eeca-4c1f-a5ec-70084be8b6b9:192.168.164.233:38729], old=null
2019-10-18 14:30:44,632 [681edbc6-a1fc-42a4-b5ce-4922820de60a@group-FD33B9583E3C-LeaderElection210] INFO  impl.LeaderElection (LogUtils.java:infoOrTrace(149)) - 681edbc6-a1fc-42a4-b5ce-4922820de60a@group-FD33B9583E3C-LeaderElection210 got exception when requesting votes: {}
java.util.concurrent.ExecutionException: org.apache.ratis.thirdparty.io.grpc.StatusRuntimeException: UNAVAILABLE: io exception
	at java.util.concurrent.FutureTask.report(FutureTask.java:122)
	at java.util.concurrent.FutureTask.get(FutureTask.java:192)
	at org.apache.ratis.server.impl.LeaderElection.waitForResults(LeaderElection.java:259)
	at org.apache.ratis.server.impl.LeaderElection.askForVotes(LeaderElection.java:197)
	at org.apache.ratis.server.impl.LeaderElection.run(LeaderElection.java:133)
	at java.lang.Thread.run(Thread.java:748)
Caused by: org.apache.ratis.thirdparty.io.grpc.StatusRuntimeException: UNAVAILABLE: io exception
	at org.apache.ratis.thirdparty.io.grpc.stub.ClientCalls.toStatusRuntimeException(ClientCalls.java:233)
	at org.apache.ratis.thirdparty.io.grpc.stub.ClientCalls.getUnchecked(ClientCalls.java:214)
	at org.apache.ratis.thirdparty.io.grpc.stub.ClientCalls.blockingUnaryCall(ClientCalls.java:139)
	at org.apache.ratis.proto.grpc.RaftServerProtocolServiceGrpc$RaftServerProtocolServiceBlockingStub.requestVote(RaftServerProtocolServiceGrpc.java:265)
	at org.apache.ratis.grpc.server.GrpcServerProtocolClient.requestVote(GrpcServerProtocolClient.java:99)
	at org.apache.ratis.grpc.server.GrpcService.requestVote(GrpcService.java:204)
	at org.apache.ratis.server.impl.LeaderElection.lambda$submitRequests$1(LeaderElection.java:234)
	at java.util.concurrent.FutureTask.run(FutureTask.java:266)
	at java.util.concurrent.Executors$RunnableAdapter.call(Executors.java:511)
	at java.util.concurrent.FutureTask.run(FutureTask.java:266)
	at java.util.concurrent.ThreadPoolExecutor.runWorker(ThreadPoolExecutor.java:1149)
	at java.util.concurrent.ThreadPoolExecutor$Worker.run(ThreadPoolExecutor.java:624)
	... 1 more
Caused by: org.apache.ratis.thirdparty.io.netty.channel.AbstractChannel$AnnotatedConnectException: Connection refused: /192.168.164.233:46080
	at sun.nio.ch.SocketChannelImpl.checkConnect(Native Method)
	at sun.nio.ch.SocketChannelImpl.finishConnect(SocketChannelImpl.java:717)
	at org.apache.ratis.thirdparty.io.netty.channel.socket.nio.NioSocketChannel.doFinishConnect(NioSocketChannel.java:327)
	at org.apache.ratis.thirdparty.io.netty.channel.nio.AbstractNioChannel$AbstractNioUnsafe.finishConnect(AbstractNioChannel.java:340)
	at org.apache.ratis.thirdparty.io.netty.channel.nio.NioEventLoop.processSelectedKey(NioEventLoop.java:632)
	at org.apache.ratis.thirdparty.io.netty.channel.nio.NioEventLoop.processSelectedKeysOptimized(NioEventLoop.java:579)
	at org.apache.ratis.thirdparty.io.netty.channel.nio.NioEventLoop.processSelectedKeys(NioEventLoop.java:496)
	at org.apache.ratis.thirdparty.io.netty.channel.nio.NioEventLoop.run(NioEventLoop.java:458)
	at org.apache.ratis.thirdparty.io.netty.util.concurrent.SingleThreadEventExecutor$5.run(SingleThreadEventExecutor.java:897)
	at org.apache.ratis.thirdparty.io.netty.util.concurrent.FastThreadLocalRunnable.run(FastThreadLocalRunnable.java:30)
	... 1 more
Caused by: java.net.ConnectException: Connection refused
	... 11 more
2019-10-18 14:30:44,632 [681edbc6-a1fc-42a4-b5ce-4922820de60a@group-FD33B9583E3C-LeaderElection210] INFO  impl.LeaderElection (LogUtils.java:infoOrTrace(149)) - 681edbc6-a1fc-42a4-b5ce-4922820de60a@group-FD33B9583E3C-LeaderElection210 got exception when requesting votes: {}
java.util.concurrent.ExecutionException: org.apache.ratis.thirdparty.io.grpc.StatusRuntimeException: UNAVAILABLE: io exception
	at java.util.concurrent.FutureTask.report(FutureTask.java:122)
	at java.util.concurrent.FutureTask.get(FutureTask.java:192)
	at org.apache.ratis.server.impl.LeaderElection.waitForResults(LeaderElection.java:259)
	at org.apache.ratis.server.impl.LeaderElection.askForVotes(LeaderElection.java:197)
	at org.apache.ratis.server.impl.LeaderElection.run(LeaderElection.java:133)
	at java.lang.Thread.run(Thread.java:748)
Caused by: org.apache.ratis.thirdparty.io.grpc.StatusRuntimeException: UNAVAILABLE: io exception
	at org.apache.ratis.thirdparty.io.grpc.stub.ClientCalls.toStatusRuntimeException(ClientCalls.java:233)
	at org.apache.ratis.thirdparty.io.grpc.stub.ClientCalls.getUnchecked(ClientCalls.java:214)
	at org.apache.ratis.thirdparty.io.grpc.stub.ClientCalls.blockingUnaryCall(ClientCalls.java:139)
	at org.apache.ratis.proto.grpc.RaftServerProtocolServiceGrpc$RaftServerProtocolServiceBlockingStub.requestVote(RaftServerProtocolServiceGrpc.java:265)
	at org.apache.ratis.grpc.server.GrpcServerProtocolClient.requestVote(GrpcServerProtocolClient.java:99)
	at org.apache.ratis.grpc.server.GrpcService.requestVote(GrpcService.java:204)
	at org.apache.ratis.server.impl.LeaderElection.lambda$submitRequests$1(LeaderElection.java:234)
	at java.util.concurrent.FutureTask.run(FutureTask.java:266)
	at java.util.concurrent.Executors$RunnableAdapter.call(Executors.java:511)
	at java.util.concurrent.FutureTask.run(FutureTask.java:266)
	at java.util.concurrent.ThreadPoolExecutor.runWorker(ThreadPoolExecutor.java:1149)
	at java.util.concurrent.ThreadPoolExecutor$Worker.run(ThreadPoolExecutor.java:624)
	... 1 more
Caused by: org.apache.ratis.thirdparty.io.netty.channel.AbstractChannel$AnnotatedConnectException: Connection refused: /192.168.164.233:38729
	at sun.nio.ch.SocketChannelImpl.checkConnect(Native Method)
	at sun.nio.ch.SocketChannelImpl.finishConnect(SocketChannelImpl.java:717)
	at org.apache.ratis.thirdparty.io.netty.channel.socket.nio.NioSocketChannel.doFinishConnect(NioSocketChannel.java:327)
	at org.apache.ratis.thirdparty.io.netty.channel.nio.AbstractNioChannel$AbstractNioUnsafe.finishConnect(AbstractNioChannel.java:340)
	at org.apache.ratis.thirdparty.io.netty.channel.nio.NioEventLoop.processSelectedKey(NioEventLoop.java:632)
	at org.apache.ratis.thirdparty.io.netty.channel.nio.NioEventLoop.processSelectedKeysOptimized(NioEventLoop.java:579)
	at org.apache.ratis.thirdparty.io.netty.channel.nio.NioEventLoop.processSelectedKeys(NioEventLoop.java:496)
	at org.apache.ratis.thirdparty.io.netty.channel.nio.NioEventLoop.run(NioEventLoop.java:458)
	at org.apache.ratis.thirdparty.io.netty.util.concurrent.SingleThreadEventExecutor$5.run(SingleThreadEventExecutor.java:897)
	at org.apache.ratis.thirdparty.io.netty.util.concurrent.FastThreadLocalRunnable.run(FastThreadLocalRunnable.java:30)
	... 1 more
Caused by: java.net.ConnectException: Connection refused
	... 11 more
2019-10-18 14:30:44,633 [681edbc6-a1fc-42a4-b5ce-4922820de60a@group-FD33B9583E3C-LeaderElection210] INFO  impl.LeaderElection (LeaderElection.java:logAndReturn(56)) - 681edbc6-a1fc-42a4-b5ce-4922820de60a@group-FD33B9583E3C-LeaderElection210: Election REJECTED; received 0 response(s) [] and 2 exception(s); 681edbc6-a1fc-42a4-b5ce-4922820de60a@group-FD33B9583E3C:t211, leader=null, voted=681edbc6-a1fc-42a4-b5ce-4922820de60a, raftlog=681edbc6-a1fc-42a4-b5ce-4922820de60a@group-FD33B9583E3C-SegmentedRaftLog:OPENED:c-1,f-1,i0, conf=-1: [3ee7b367-7b16-44e1-99f8-43aefeda0876:192.168.164.233:46080, 681edbc6-a1fc-42a4-b5ce-4922820de60a:192.168.164.233:44267, 773cce60-eeca-4c1f-a5ec-70084be8b6b9:192.168.164.233:38729], old=null
2019-10-18 14:30:44,633 [681edbc6-a1fc-42a4-b5ce-4922820de60a@group-FD33B9583E3C-LeaderElection210] INFO  impl.LeaderElection (LogUtils.java:infoOrTrace(149)) -   Exception 0: {}
java.util.concurrent.ExecutionException: org.apache.ratis.thirdparty.io.grpc.StatusRuntimeException: UNAVAILABLE: io exception
	at java.util.concurrent.FutureTask.report(FutureTask.java:122)
	at java.util.concurrent.FutureTask.get(FutureTask.java:192)
	at org.apache.ratis.server.impl.LeaderElection.waitForResults(LeaderElection.java:259)
	at org.apache.ratis.server.impl.LeaderElection.askForVotes(LeaderElection.java:197)
	at org.apache.ratis.server.impl.LeaderElection.run(LeaderElection.java:133)
	at java.lang.Thread.run(Thread.java:748)
Caused by: org.apache.ratis.thirdparty.io.grpc.StatusRuntimeException: UNAVAILABLE: io exception
	at org.apache.ratis.thirdparty.io.grpc.stub.ClientCalls.toStatusRuntimeException(ClientCalls.java:233)
	at org.apache.ratis.thirdparty.io.grpc.stub.ClientCalls.getUnchecked(ClientCalls.java:214)
	at org.apache.ratis.thirdparty.io.grpc.stub.ClientCalls.blockingUnaryCall(ClientCalls.java:139)
	at org.apache.ratis.proto.grpc.RaftServerProtocolServiceGrpc$RaftServerProtocolServiceBlockingStub.requestVote(RaftServerProtocolServiceGrpc.java:265)
	at org.apache.ratis.grpc.server.GrpcServerProtocolClient.requestVote(GrpcServerProtocolClient.java:99)
	at org.apache.ratis.grpc.server.GrpcService.requestVote(GrpcService.java:204)
	at org.apache.ratis.server.impl.LeaderElection.lambda$submitRequests$1(LeaderElection.java:234)
	at java.util.concurrent.FutureTask.run(FutureTask.java:266)
	at java.util.concurrent.Executors$RunnableAdapter.call(Executors.java:511)
	at java.util.concurrent.FutureTask.run(FutureTask.java:266)
	at java.util.concurrent.ThreadPoolExecutor.runWorker(ThreadPoolExecutor.java:1149)
	at java.util.concurrent.ThreadPoolExecutor$Worker.run(ThreadPoolExecutor.java:624)
	... 1 more
Caused by: org.apache.ratis.thirdparty.io.netty.channel.AbstractChannel$AnnotatedConnectException: Connection refused: /192.168.164.233:46080
	at sun.nio.ch.SocketChannelImpl.checkConnect(Native Method)
	at sun.nio.ch.SocketChannelImpl.finishConnect(SocketChannelImpl.java:717)
	at org.apache.ratis.thirdparty.io.netty.channel.socket.nio.NioSocketChannel.doFinishConnect(NioSocketChannel.java:327)
	at org.apache.ratis.thirdparty.io.netty.channel.nio.AbstractNioChannel$AbstractNioUnsafe.finishConnect(AbstractNioChannel.java:340)
	at org.apache.ratis.thirdparty.io.netty.channel.nio.NioEventLoop.processSelectedKey(NioEventLoop.java:632)
	at org.apache.ratis.thirdparty.io.netty.channel.nio.NioEventLoop.processSelectedKeysOptimized(NioEventLoop.java:579)
	at org.apache.ratis.thirdparty.io.netty.channel.nio.NioEventLoop.processSelectedKeys(NioEventLoop.java:496)
	at org.apache.ratis.thirdparty.io.netty.channel.nio.NioEventLoop.run(NioEventLoop.java:458)
	at org.apache.ratis.thirdparty.io.netty.util.concurrent.SingleThreadEventExecutor$5.run(SingleThreadEventExecutor.java:897)
	at org.apache.ratis.thirdparty.io.netty.util.concurrent.FastThreadLocalRunnable.run(FastThreadLocalRunnable.java:30)
	... 1 more
Caused by: java.net.ConnectException: Connection refused
	... 11 more
2019-10-18 14:30:44,634 [681edbc6-a1fc-42a4-b5ce-4922820de60a@group-FD33B9583E3C-LeaderElection210] INFO  impl.LeaderElection (LogUtils.java:infoOrTrace(149)) -   Exception 1: {}
java.util.concurrent.ExecutionException: org.apache.ratis.thirdparty.io.grpc.StatusRuntimeException: UNAVAILABLE: io exception
	at java.util.concurrent.FutureTask.report(FutureTask.java:122)
	at java.util.concurrent.FutureTask.get(FutureTask.java:192)
	at org.apache.ratis.server.impl.LeaderElection.waitForResults(LeaderElection.java:259)
	at org.apache.ratis.server.impl.LeaderElection.askForVotes(LeaderElection.java:197)
	at org.apache.ratis.server.impl.LeaderElection.run(LeaderElection.java:133)
	at java.lang.Thread.run(Thread.java:748)
Caused by: org.apache.ratis.thirdparty.io.grpc.StatusRuntimeException: UNAVAILABLE: io exception
	at org.apache.ratis.thirdparty.io.grpc.stub.ClientCalls.toStatusRuntimeException(ClientCalls.java:233)
	at org.apache.ratis.thirdparty.io.grpc.stub.ClientCalls.getUnchecked(ClientCalls.java:214)
	at org.apache.ratis.thirdparty.io.grpc.stub.ClientCalls.blockingUnaryCall(ClientCalls.java:139)
	at org.apache.ratis.proto.grpc.RaftServerProtocolServiceGrpc$RaftServerProtocolServiceBlockingStub.requestVote(RaftServerProtocolServiceGrpc.java:265)
	at org.apache.ratis.grpc.server.GrpcServerProtocolClient.requestVote(GrpcServerProtocolClient.java:99)
	at org.apache.ratis.grpc.server.GrpcService.requestVote(GrpcService.java:204)
	at org.apache.ratis.server.impl.LeaderElection.lambda$submitRequests$1(LeaderElection.java:234)
	at java.util.concurrent.FutureTask.run(FutureTask.java:266)
	at java.util.concurrent.Executors$RunnableAdapter.call(Executors.java:511)
	at java.util.concurrent.FutureTask.run(FutureTask.java:266)
	at java.util.concurrent.ThreadPoolExecutor.runWorker(ThreadPoolExecutor.java:1149)
	at java.util.concurrent.ThreadPoolExecutor$Worker.run(ThreadPoolExecutor.java:624)
	... 1 more
Caused by: org.apache.ratis.thirdparty.io.netty.channel.AbstractChannel$AnnotatedConnectException: Connection refused: /192.168.164.233:38729
	at sun.nio.ch.SocketChannelImpl.checkConnect(Native Method)
	at sun.nio.ch.SocketChannelImpl.finishConnect(SocketChannelImpl.java:717)
	at org.apache.ratis.thirdparty.io.netty.channel.socket.nio.NioSocketChannel.doFinishConnect(NioSocketChannel.java:327)
	at org.apache.ratis.thirdparty.io.netty.channel.nio.AbstractNioChannel$AbstractNioUnsafe.finishConnect(AbstractNioChannel.java:340)
	at org.apache.ratis.thirdparty.io.netty.channel.nio.NioEventLoop.processSelectedKey(NioEventLoop.java:632)
	at org.apache.ratis.thirdparty.io.netty.channel.nio.NioEventLoop.processSelectedKeysOptimized(NioEventLoop.java:579)
	at org.apache.ratis.thirdparty.io.netty.channel.nio.NioEventLoop.processSelectedKeys(NioEventLoop.java:496)
	at org.apache.ratis.thirdparty.io.netty.channel.nio.NioEventLoop.run(NioEventLoop.java:458)
	at org.apache.ratis.thirdparty.io.netty.util.concurrent.SingleThreadEventExecutor$5.run(SingleThreadEventExecutor.java:897)
	at org.apache.ratis.thirdparty.io.netty.util.concurrent.FastThreadLocalRunnable.run(FastThreadLocalRunnable.java:30)
	... 1 more
Caused by: java.net.ConnectException: Connection refused
	... 11 more
2019-10-18 14:30:44,635 [681edbc6-a1fc-42a4-b5ce-4922820de60a@group-FD33B9583E3C-LeaderElection210] INFO  impl.RaftServerImpl (RaftServerImpl.java:setRole(184)) - 681edbc6-a1fc-42a4-b5ce-4922820de60a@group-FD33B9583E3C: changes role from CANDIDATE to FOLLOWER at term 211 for DISCOVERED_A_NEW_TERM
2019-10-18 14:30:44,635 [681edbc6-a1fc-42a4-b5ce-4922820de60a@group-FD33B9583E3C-LeaderElection210] INFO  impl.RoleInfo (RoleInfo.java:shutdownLeaderElection(134)) - 681edbc6-a1fc-42a4-b5ce-4922820de60a: shutdown LeaderElection
2019-10-18 14:30:44,635 [681edbc6-a1fc-42a4-b5ce-4922820de60a@group-FD33B9583E3C-LeaderElection210] INFO  impl.RoleInfo (RoleInfo.java:updateAndGet(143)) - 681edbc6-a1fc-42a4-b5ce-4922820de60a: start FollowerState
2019-10-18 14:30:44,669 [Thread-1818] INFO  impl.FollowerState (FollowerState.java:run(108)) - 681edbc6-a1fc-42a4-b5ce-4922820de60a@group-FD33B9583E3C-FollowerState: change to CANDIDATE, lastRpcTime:34ms, electionTimeout:34ms
2019-10-18 14:30:44,669 [Thread-1818] INFO  impl.RoleInfo (RoleInfo.java:shutdownFollowerState(121)) - 681edbc6-a1fc-42a4-b5ce-4922820de60a: shutdown FollowerState
2019-10-18 14:30:44,669 [Thread-1818] INFO  impl.RaftServerImpl (RaftServerImpl.java:setRole(184)) - 681edbc6-a1fc-42a4-b5ce-4922820de60a@group-FD33B9583E3C: changes role from  FOLLOWER to CANDIDATE at term 211 for changeToCandidate
2019-10-18 14:30:44,670 [Thread-1818] INFO  impl.RoleInfo (RoleInfo.java:updateAndGet(143)) - 681edbc6-a1fc-42a4-b5ce-4922820de60a: start LeaderElection
2019-10-18 14:30:44,683 [681edbc6-a1fc-42a4-b5ce-4922820de60a@group-FD33B9583E3C-LeaderElection211] INFO  impl.LeaderElection (LeaderElection.java:askForVotes(178)) - 681edbc6-a1fc-42a4-b5ce-4922820de60a@group-FD33B9583E3C-LeaderElection211: begin an election at term 212 for -1: [3ee7b367-7b16-44e1-99f8-43aefeda0876:192.168.164.233:46080, 681edbc6-a1fc-42a4-b5ce-4922820de60a:192.168.164.233:44267, 773cce60-eeca-4c1f-a5ec-70084be8b6b9:192.168.164.233:38729], old=null
2019-10-18 14:30:44,683 [681edbc6-a1fc-42a4-b5ce-4922820de60a@group-FD33B9583E3C-LeaderElection211] INFO  impl.LeaderElection (LogUtils.java:infoOrTrace(149)) - 681edbc6-a1fc-42a4-b5ce-4922820de60a@group-FD33B9583E3C-LeaderElection211 got exception when requesting votes: {}
java.util.concurrent.ExecutionException: org.apache.ratis.thirdparty.io.grpc.StatusRuntimeException: UNAVAILABLE: io exception
	at java.util.concurrent.FutureTask.report(FutureTask.java:122)
	at java.util.concurrent.FutureTask.get(FutureTask.java:192)
	at org.apache.ratis.server.impl.LeaderElection.waitForResults(LeaderElection.java:259)
	at org.apache.ratis.server.impl.LeaderElection.askForVotes(LeaderElection.java:197)
	at org.apache.ratis.server.impl.LeaderElection.run(LeaderElection.java:133)
	at java.lang.Thread.run(Thread.java:748)
Caused by: org.apache.ratis.thirdparty.io.grpc.StatusRuntimeException: UNAVAILABLE: io exception
	at org.apache.ratis.thirdparty.io.grpc.stub.ClientCalls.toStatusRuntimeException(ClientCalls.java:233)
	at org.apache.ratis.thirdparty.io.grpc.stub.ClientCalls.getUnchecked(ClientCalls.java:214)
	at org.apache.ratis.thirdparty.io.grpc.stub.ClientCalls.blockingUnaryCall(ClientCalls.java:139)
	at org.apache.ratis.proto.grpc.RaftServerProtocolServiceGrpc$RaftServerProtocolServiceBlockingStub.requestVote(RaftServerProtocolServiceGrpc.java:265)
	at org.apache.ratis.grpc.server.GrpcServerProtocolClient.requestVote(GrpcServerProtocolClient.java:99)
	at org.apache.ratis.grpc.server.GrpcService.requestVote(GrpcService.java:204)
	at org.apache.ratis.server.impl.LeaderElection.lambda$submitRequests$1(LeaderElection.java:234)
	at java.util.concurrent.FutureTask.run(FutureTask.java:266)
	at java.util.concurrent.Executors$RunnableAdapter.call(Executors.java:511)
	at java.util.concurrent.FutureTask.run(FutureTask.java:266)
	at java.util.concurrent.ThreadPoolExecutor.runWorker(ThreadPoolExecutor.java:1149)
	at java.util.concurrent.ThreadPoolExecutor$Worker.run(ThreadPoolExecutor.java:624)
	... 1 more
Caused by: org.apache.ratis.thirdparty.io.netty.channel.AbstractChannel$AnnotatedConnectException: Connection refused: /192.168.164.233:46080
	at sun.nio.ch.SocketChannelImpl.checkConnect(Native Method)
	at sun.nio.ch.SocketChannelImpl.finishConnect(SocketChannelImpl.java:717)
	at org.apache.ratis.thirdparty.io.netty.channel.socket.nio.NioSocketChannel.doFinishConnect(NioSocketChannel.java:327)
	at org.apache.ratis.thirdparty.io.netty.channel.nio.AbstractNioChannel$AbstractNioUnsafe.finishConnect(AbstractNioChannel.java:340)
	at org.apache.ratis.thirdparty.io.netty.channel.nio.NioEventLoop.processSelectedKey(NioEventLoop.java:632)
	at org.apache.ratis.thirdparty.io.netty.channel.nio.NioEventLoop.processSelectedKeysOptimized(NioEventLoop.java:579)
	at org.apache.ratis.thirdparty.io.netty.channel.nio.NioEventLoop.processSelectedKeys(NioEventLoop.java:496)
	at org.apache.ratis.thirdparty.io.netty.channel.nio.NioEventLoop.run(NioEventLoop.java:458)
	at org.apache.ratis.thirdparty.io.netty.util.concurrent.SingleThreadEventExecutor$5.run(SingleThreadEventExecutor.java:897)
	at org.apache.ratis.thirdparty.io.netty.util.concurrent.FastThreadLocalRunnable.run(FastThreadLocalRunnable.java:30)
	... 1 more
Caused by: java.net.ConnectException: Connection refused
	... 11 more
2019-10-18 14:30:44,683 [681edbc6-a1fc-42a4-b5ce-4922820de60a@group-FD33B9583E3C-LeaderElection211] INFO  impl.LeaderElection (LogUtils.java:infoOrTrace(149)) - 681edbc6-a1fc-42a4-b5ce-4922820de60a@group-FD33B9583E3C-LeaderElection211 got exception when requesting votes: {}
java.util.concurrent.ExecutionException: org.apache.ratis.thirdparty.io.grpc.StatusRuntimeException: UNAVAILABLE: io exception
	at java.util.concurrent.FutureTask.report(FutureTask.java:122)
	at java.util.concurrent.FutureTask.get(FutureTask.java:192)
	at org.apache.ratis.server.impl.LeaderElection.waitForResults(LeaderElection.java:259)
	at org.apache.ratis.server.impl.LeaderElection.askForVotes(LeaderElection.java:197)
	at org.apache.ratis.server.impl.LeaderElection.run(LeaderElection.java:133)
	at java.lang.Thread.run(Thread.java:748)
Caused by: org.apache.ratis.thirdparty.io.grpc.StatusRuntimeException: UNAVAILABLE: io exception
	at org.apache.ratis.thirdparty.io.grpc.stub.ClientCalls.toStatusRuntimeException(ClientCalls.java:233)
	at org.apache.ratis.thirdparty.io.grpc.stub.ClientCalls.getUnchecked(ClientCalls.java:214)
	at org.apache.ratis.thirdparty.io.grpc.stub.ClientCalls.blockingUnaryCall(ClientCalls.java:139)
	at org.apache.ratis.proto.grpc.RaftServerProtocolServiceGrpc$RaftServerProtocolServiceBlockingStub.requestVote(RaftServerProtocolServiceGrpc.java:265)
	at org.apache.ratis.grpc.server.GrpcServerProtocolClient.requestVote(GrpcServerProtocolClient.java:99)
	at org.apache.ratis.grpc.server.GrpcService.requestVote(GrpcService.java:204)
	at org.apache.ratis.server.impl.LeaderElection.lambda$submitRequests$1(LeaderElection.java:234)
	at java.util.concurrent.FutureTask.run(FutureTask.java:266)
	at java.util.concurrent.Executors$RunnableAdapter.call(Executors.java:511)
	at java.util.concurrent.FutureTask.run(FutureTask.java:266)
	at java.util.concurrent.ThreadPoolExecutor.runWorker(ThreadPoolExecutor.java:1149)
	at java.util.concurrent.ThreadPoolExecutor$Worker.run(ThreadPoolExecutor.java:624)
	... 1 more
Caused by: org.apache.ratis.thirdparty.io.netty.channel.AbstractChannel$AnnotatedConnectException: Connection refused: /192.168.164.233:38729
	at sun.nio.ch.SocketChannelImpl.checkConnect(Native Method)
	at sun.nio.ch.SocketChannelImpl.finishConnect(SocketChannelImpl.java:717)
	at org.apache.ratis.thirdparty.io.netty.channel.socket.nio.NioSocketChannel.doFinishConnect(NioSocketChannel.java:327)
	at org.apache.ratis.thirdparty.io.netty.channel.nio.AbstractNioChannel$AbstractNioUnsafe.finishConnect(AbstractNioChannel.java:340)
	at org.apache.ratis.thirdparty.io.netty.channel.nio.NioEventLoop.processSelectedKey(NioEventLoop.java:632)
	at org.apache.ratis.thirdparty.io.netty.channel.nio.NioEventLoop.processSelectedKeysOptimized(NioEventLoop.java:579)
	at org.apache.ratis.thirdparty.io.netty.channel.nio.NioEventLoop.processSelectedKeys(NioEventLoop.java:496)
	at org.apache.ratis.thirdparty.io.netty.channel.nio.NioEventLoop.run(NioEventLoop.java:458)
	at org.apache.ratis.thirdparty.io.netty.util.concurrent.SingleThreadEventExecutor$5.run(SingleThreadEventExecutor.java:897)
	at org.apache.ratis.thirdparty.io.netty.util.concurrent.FastThreadLocalRunnable.run(FastThreadLocalRunnable.java:30)
	... 1 more
Caused by: java.net.ConnectException: Connection refused
	... 11 more
2019-10-18 14:30:44,684 [681edbc6-a1fc-42a4-b5ce-4922820de60a@group-FD33B9583E3C-LeaderElection211] INFO  impl.LeaderElection (LeaderElection.java:logAndReturn(56)) - 681edbc6-a1fc-42a4-b5ce-4922820de60a@group-FD33B9583E3C-LeaderElection211: Election REJECTED; received 0 response(s) [] and 2 exception(s); 681edbc6-a1fc-42a4-b5ce-4922820de60a@group-FD33B9583E3C:t212, leader=null, voted=681edbc6-a1fc-42a4-b5ce-4922820de60a, raftlog=681edbc6-a1fc-42a4-b5ce-4922820de60a@group-FD33B9583E3C-SegmentedRaftLog:OPENED:c-1,f-1,i0, conf=-1: [3ee7b367-7b16-44e1-99f8-43aefeda0876:192.168.164.233:46080, 681edbc6-a1fc-42a4-b5ce-4922820de60a:192.168.164.233:44267, 773cce60-eeca-4c1f-a5ec-70084be8b6b9:192.168.164.233:38729], old=null
2019-10-18 14:30:44,684 [681edbc6-a1fc-42a4-b5ce-4922820de60a@group-FD33B9583E3C-LeaderElection211] INFO  impl.LeaderElection (LogUtils.java:infoOrTrace(149)) -   Exception 0: {}
java.util.concurrent.ExecutionException: org.apache.ratis.thirdparty.io.grpc.StatusRuntimeException: UNAVAILABLE: io exception
	at java.util.concurrent.FutureTask.report(FutureTask.java:122)
	at java.util.concurrent.FutureTask.get(FutureTask.java:192)
	at org.apache.ratis.server.impl.LeaderElection.waitForResults(LeaderElection.java:259)
	at org.apache.ratis.server.impl.LeaderElection.askForVotes(LeaderElection.java:197)
	at org.apache.ratis.server.impl.LeaderElection.run(LeaderElection.java:133)
	at java.lang.Thread.run(Thread.java:748)
Caused by: org.apache.ratis.thirdparty.io.grpc.StatusRuntimeException: UNAVAILABLE: io exception
	at org.apache.ratis.thirdparty.io.grpc.stub.ClientCalls.toStatusRuntimeException(ClientCalls.java:233)
	at org.apache.ratis.thirdparty.io.grpc.stub.ClientCalls.getUnchecked(ClientCalls.java:214)
	at org.apache.ratis.thirdparty.io.grpc.stub.ClientCalls.blockingUnaryCall(ClientCalls.java:139)
	at org.apache.ratis.proto.grpc.RaftServerProtocolServiceGrpc$RaftServerProtocolServiceBlockingStub.requestVote(RaftServerProtocolServiceGrpc.java:265)
	at org.apache.ratis.grpc.server.GrpcServerProtocolClient.requestVote(GrpcServerProtocolClient.java:99)
	at org.apache.ratis.grpc.server.GrpcService.requestVote(GrpcService.java:204)
	at org.apache.ratis.server.impl.LeaderElection.lambda$submitRequests$1(LeaderElection.java:234)
	at java.util.concurrent.FutureTask.run(FutureTask.java:266)
	at java.util.concurrent.Executors$RunnableAdapter.call(Executors.java:511)
	at java.util.concurrent.FutureTask.run(FutureTask.java:266)
	at java.util.concurrent.ThreadPoolExecutor.runWorker(ThreadPoolExecutor.java:1149)
	at java.util.concurrent.ThreadPoolExecutor$Worker.run(ThreadPoolExecutor.java:624)
	... 1 more
Caused by: org.apache.ratis.thirdparty.io.netty.channel.AbstractChannel$AnnotatedConnectException: Connection refused: /192.168.164.233:46080
	at sun.nio.ch.SocketChannelImpl.checkConnect(Native Method)
	at sun.nio.ch.SocketChannelImpl.finishConnect(SocketChannelImpl.java:717)
	at org.apache.ratis.thirdparty.io.netty.channel.socket.nio.NioSocketChannel.doFinishConnect(NioSocketChannel.java:327)
	at org.apache.ratis.thirdparty.io.netty.channel.nio.AbstractNioChannel$AbstractNioUnsafe.finishConnect(AbstractNioChannel.java:340)
	at org.apache.ratis.thirdparty.io.netty.channel.nio.NioEventLoop.processSelectedKey(NioEventLoop.java:632)
	at org.apache.ratis.thirdparty.io.netty.channel.nio.NioEventLoop.processSelectedKeysOptimized(NioEventLoop.java:579)
	at org.apache.ratis.thirdparty.io.netty.channel.nio.NioEventLoop.processSelectedKeys(NioEventLoop.java:496)
	at org.apache.ratis.thirdparty.io.netty.channel.nio.NioEventLoop.run(NioEventLoop.java:458)
	at org.apache.ratis.thirdparty.io.netty.util.concurrent.SingleThreadEventExecutor$5.run(SingleThreadEventExecutor.java:897)
	at org.apache.ratis.thirdparty.io.netty.util.concurrent.FastThreadLocalRunnable.run(FastThreadLocalRunnable.java:30)
	... 1 more
Caused by: java.net.ConnectException: Connection refused
	... 11 more
2019-10-18 14:30:44,684 [681edbc6-a1fc-42a4-b5ce-4922820de60a@group-FD33B9583E3C-LeaderElection211] INFO  impl.LeaderElection (LogUtils.java:infoOrTrace(149)) -   Exception 1: {}
java.util.concurrent.ExecutionException: org.apache.ratis.thirdparty.io.grpc.StatusRuntimeException: UNAVAILABLE: io exception
	at java.util.concurrent.FutureTask.report(FutureTask.java:122)
	at java.util.concurrent.FutureTask.get(FutureTask.java:192)
	at org.apache.ratis.server.impl.LeaderElection.waitForResults(LeaderElection.java:259)
	at org.apache.ratis.server.impl.LeaderElection.askForVotes(LeaderElection.java:197)
	at org.apache.ratis.server.impl.LeaderElection.run(LeaderElection.java:133)
	at java.lang.Thread.run(Thread.java:748)
Caused by: org.apache.ratis.thirdparty.io.grpc.StatusRuntimeException: UNAVAILABLE: io exception
	at org.apache.ratis.thirdparty.io.grpc.stub.ClientCalls.toStatusRuntimeException(ClientCalls.java:233)
	at org.apache.ratis.thirdparty.io.grpc.stub.ClientCalls.getUnchecked(ClientCalls.java:214)
	at org.apache.ratis.thirdparty.io.grpc.stub.ClientCalls.blockingUnaryCall(ClientCalls.java:139)
	at org.apache.ratis.proto.grpc.RaftServerProtocolServiceGrpc$RaftServerProtocolServiceBlockingStub.requestVote(RaftServerProtocolServiceGrpc.java:265)
	at org.apache.ratis.grpc.server.GrpcServerProtocolClient.requestVote(GrpcServerProtocolClient.java:99)
	at org.apache.ratis.grpc.server.GrpcService.requestVote(GrpcService.java:204)
	at org.apache.ratis.server.impl.LeaderElection.lambda$submitRequests$1(LeaderElection.java:234)
	at java.util.concurrent.FutureTask.run(FutureTask.java:266)
	at java.util.concurrent.Executors$RunnableAdapter.call(Executors.java:511)
	at java.util.concurrent.FutureTask.run(FutureTask.java:266)
	at java.util.concurrent.ThreadPoolExecutor.runWorker(ThreadPoolExecutor.java:1149)
	at java.util.concurrent.ThreadPoolExecutor$Worker.run(ThreadPoolExecutor.java:624)
	... 1 more
Caused by: org.apache.ratis.thirdparty.io.netty.channel.AbstractChannel$AnnotatedConnectException: Connection refused: /192.168.164.233:38729
	at sun.nio.ch.SocketChannelImpl.checkConnect(Native Method)
	at sun.nio.ch.SocketChannelImpl.finishConnect(SocketChannelImpl.java:717)
	at org.apache.ratis.thirdparty.io.netty.channel.socket.nio.NioSocketChannel.doFinishConnect(NioSocketChannel.java:327)
	at org.apache.ratis.thirdparty.io.netty.channel.nio.AbstractNioChannel$AbstractNioUnsafe.finishConnect(AbstractNioChannel.java:340)
	at org.apache.ratis.thirdparty.io.netty.channel.nio.NioEventLoop.processSelectedKey(NioEventLoop.java:632)
	at org.apache.ratis.thirdparty.io.netty.channel.nio.NioEventLoop.processSelectedKeysOptimized(NioEventLoop.java:579)
	at org.apache.ratis.thirdparty.io.netty.channel.nio.NioEventLoop.processSelectedKeys(NioEventLoop.java:496)
	at org.apache.ratis.thirdparty.io.netty.channel.nio.NioEventLoop.run(NioEventLoop.java:458)
	at org.apache.ratis.thirdparty.io.netty.util.concurrent.SingleThreadEventExecutor$5.run(SingleThreadEventExecutor.java:897)
	at org.apache.ratis.thirdparty.io.netty.util.concurrent.FastThreadLocalRunnable.run(FastThreadLocalRunnable.java:30)
	... 1 more
Caused by: java.net.ConnectException: Connection refused
	... 11 more
2019-10-18 14:30:44,684 [681edbc6-a1fc-42a4-b5ce-4922820de60a@group-FD33B9583E3C-LeaderElection211] INFO  impl.RaftServerImpl (RaftServerImpl.java:setRole(184)) - 681edbc6-a1fc-42a4-b5ce-4922820de60a@group-FD33B9583E3C: changes role from CANDIDATE to FOLLOWER at term 212 for DISCOVERED_A_NEW_TERM
2019-10-18 14:30:44,684 [681edbc6-a1fc-42a4-b5ce-4922820de60a@group-FD33B9583E3C-LeaderElection211] INFO  impl.RoleInfo (RoleInfo.java:shutdownLeaderElection(134)) - 681edbc6-a1fc-42a4-b5ce-4922820de60a: shutdown LeaderElection
2019-10-18 14:30:44,684 [681edbc6-a1fc-42a4-b5ce-4922820de60a@group-FD33B9583E3C-LeaderElection211] INFO  impl.RoleInfo (RoleInfo.java:updateAndGet(143)) - 681edbc6-a1fc-42a4-b5ce-4922820de60a: start FollowerState
2019-10-18 14:30:44,716 [Thread-1822] INFO  impl.FollowerState (FollowerState.java:run(108)) - 681edbc6-a1fc-42a4-b5ce-4922820de60a@group-FD33B9583E3C-FollowerState: change to CANDIDATE, lastRpcTime:31ms, electionTimeout:31ms
2019-10-18 14:30:44,716 [Thread-1822] INFO  impl.RoleInfo (RoleInfo.java:shutdownFollowerState(121)) - 681edbc6-a1fc-42a4-b5ce-4922820de60a: shutdown FollowerState
2019-10-18 14:30:44,716 [Thread-1822] INFO  impl.RaftServerImpl (RaftServerImpl.java:setRole(184)) - 681edbc6-a1fc-42a4-b5ce-4922820de60a@group-FD33B9583E3C: changes role from  FOLLOWER to CANDIDATE at term 212 for changeToCandidate
2019-10-18 14:30:44,716 [Thread-1822] INFO  impl.RoleInfo (RoleInfo.java:updateAndGet(143)) - 681edbc6-a1fc-42a4-b5ce-4922820de60a: start LeaderElection
2019-10-18 14:30:44,721 [java.util.concurrent.ThreadPoolExecutor$Worker@4efed47c[State = -1, empty queue]] WARN  server.GrpcLogAppender (GrpcLogAppender.java:timeoutAppendRequest(209)) - 46c14060-ea78-4b5a-b57c-064e4766b234@group-45DBFE4B8A65->a4757974-e77e-4a1a-a400-c32fe273093a-GrpcLogAppender: appendEntries Timeout, request=46c14060-ea78-4b5a-b57c-064e4766b234->a4757974-e77e-4a1a-a400-c32fe273093a#52-t3, previous=(t:3, i:4), leaderCommit=4, initializing? false, entries: <empty>
2019-10-18 14:30:44,721 [java.util.concurrent.ThreadPoolExecutor$Worker@108d80c3[State = -1, empty queue]] WARN  server.GrpcLogAppender (GrpcLogAppender.java:timeoutAppendRequest(209)) - 46c14060-ea78-4b5a-b57c-064e4766b234@group-45DBFE4B8A65->55013cf6-f41f-4339-a52c-06c119893914-GrpcLogAppender: appendEntries Timeout, request=46c14060-ea78-4b5a-b57c-064e4766b234->55013cf6-f41f-4339-a52c-06c119893914#52-t3, previous=(t:3, i:4), leaderCommit=4, initializing? false, entries: <empty>
2019-10-18 14:30:44,727 [681edbc6-a1fc-42a4-b5ce-4922820de60a@group-FD33B9583E3C-LeaderElection212] INFO  impl.LeaderElection (LeaderElection.java:askForVotes(178)) - 681edbc6-a1fc-42a4-b5ce-4922820de60a@group-FD33B9583E3C-LeaderElection212: begin an election at term 213 for -1: [3ee7b367-7b16-44e1-99f8-43aefeda0876:192.168.164.233:46080, 681edbc6-a1fc-42a4-b5ce-4922820de60a:192.168.164.233:44267, 773cce60-eeca-4c1f-a5ec-70084be8b6b9:192.168.164.233:38729], old=null
2019-10-18 14:30:44,728 [681edbc6-a1fc-42a4-b5ce-4922820de60a@group-FD33B9583E3C-LeaderElection212] INFO  impl.LeaderElection (LogUtils.java:infoOrTrace(149)) - 681edbc6-a1fc-42a4-b5ce-4922820de60a@group-FD33B9583E3C-LeaderElection212 got exception when requesting votes: {}
java.util.concurrent.ExecutionException: org.apache.ratis.thirdparty.io.grpc.StatusRuntimeException: UNAVAILABLE: io exception
	at java.util.concurrent.FutureTask.report(FutureTask.java:122)
	at java.util.concurrent.FutureTask.get(FutureTask.java:192)
	at org.apache.ratis.server.impl.LeaderElection.waitForResults(LeaderElection.java:259)
	at org.apache.ratis.server.impl.LeaderElection.askForVotes(LeaderElection.java:197)
	at org.apache.ratis.server.impl.LeaderElection.run(LeaderElection.java:133)
	at java.lang.Thread.run(Thread.java:748)
Caused by: org.apache.ratis.thirdparty.io.grpc.StatusRuntimeException: UNAVAILABLE: io exception
	at org.apache.ratis.thirdparty.io.grpc.stub.ClientCalls.toStatusRuntimeException(ClientCalls.java:233)
	at org.apache.ratis.thirdparty.io.grpc.stub.ClientCalls.getUnchecked(ClientCalls.java:214)
	at org.apache.ratis.thirdparty.io.grpc.stub.ClientCalls.blockingUnaryCall(ClientCalls.java:139)
	at org.apache.ratis.proto.grpc.RaftServerProtocolServiceGrpc$RaftServerProtocolServiceBlockingStub.requestVote(RaftServerProtocolServiceGrpc.java:265)
	at org.apache.ratis.grpc.server.GrpcServerProtocolClient.requestVote(GrpcServerProtocolClient.java:99)
	at org.apache.ratis.grpc.server.GrpcService.requestVote(GrpcService.java:204)
	at org.apache.ratis.server.impl.LeaderElection.lambda$submitRequests$1(LeaderElection.java:234)
	at java.util.concurrent.FutureTask.run(FutureTask.java:266)
	at java.util.concurrent.Executors$RunnableAdapter.call(Executors.java:511)
	at java.util.concurrent.FutureTask.run(FutureTask.java:266)
	at java.util.concurrent.ThreadPoolExecutor.runWorker(ThreadPoolExecutor.java:1149)
	at java.util.concurrent.ThreadPoolExecutor$Worker.run(ThreadPoolExecutor.java:624)
	... 1 more
Caused by: org.apache.ratis.thirdparty.io.netty.channel.AbstractChannel$AnnotatedConnectException: Connection refused: /192.168.164.233:38729
	at sun.nio.ch.SocketChannelImpl.checkConnect(Native Method)
	at sun.nio.ch.SocketChannelImpl.finishConnect(SocketChannelImpl.java:717)
	at org.apache.ratis.thirdparty.io.netty.channel.socket.nio.NioSocketChannel.doFinishConnect(NioSocketChannel.java:327)
	at org.apache.ratis.thirdparty.io.netty.channel.nio.AbstractNioChannel$AbstractNioUnsafe.finishConnect(AbstractNioChannel.java:340)
	at org.apache.ratis.thirdparty.io.netty.channel.nio.NioEventLoop.processSelectedKey(NioEventLoop.java:632)
	at org.apache.ratis.thirdparty.io.netty.channel.nio.NioEventLoop.processSelectedKeysOptimized(NioEventLoop.java:579)
	at org.apache.ratis.thirdparty.io.netty.channel.nio.NioEventLoop.processSelectedKeys(NioEventLoop.java:496)
	at org.apache.ratis.thirdparty.io.netty.channel.nio.NioEventLoop.run(NioEventLoop.java:458)
	at org.apache.ratis.thirdparty.io.netty.util.concurrent.SingleThreadEventExecutor$5.run(SingleThreadEventExecutor.java:897)
	at org.apache.ratis.thirdparty.io.netty.util.concurrent.FastThreadLocalRunnable.run(FastThreadLocalRunnable.java:30)
	... 1 more
Caused by: java.net.ConnectException: Connection refused
	... 11 more
2019-10-18 14:30:44,728 [681edbc6-a1fc-42a4-b5ce-4922820de60a@group-FD33B9583E3C-LeaderElection212] INFO  impl.LeaderElection (LogUtils.java:infoOrTrace(149)) - 681edbc6-a1fc-42a4-b5ce-4922820de60a@group-FD33B9583E3C-LeaderElection212 got exception when requesting votes: {}
java.util.concurrent.ExecutionException: org.apache.ratis.thirdparty.io.grpc.StatusRuntimeException: UNAVAILABLE: io exception
	at java.util.concurrent.FutureTask.report(FutureTask.java:122)
	at java.util.concurrent.FutureTask.get(FutureTask.java:192)
	at org.apache.ratis.server.impl.LeaderElection.waitForResults(LeaderElection.java:259)
	at org.apache.ratis.server.impl.LeaderElection.askForVotes(LeaderElection.java:197)
	at org.apache.ratis.server.impl.LeaderElection.run(LeaderElection.java:133)
	at java.lang.Thread.run(Thread.java:748)
Caused by: org.apache.ratis.thirdparty.io.grpc.StatusRuntimeException: UNAVAILABLE: io exception
	at org.apache.ratis.thirdparty.io.grpc.stub.ClientCalls.toStatusRuntimeException(ClientCalls.java:233)
	at org.apache.ratis.thirdparty.io.grpc.stub.ClientCalls.getUnchecked(ClientCalls.java:214)
	at org.apache.ratis.thirdparty.io.grpc.stub.ClientCalls.blockingUnaryCall(ClientCalls.java:139)
	at org.apache.ratis.proto.grpc.RaftServerProtocolServiceGrpc$RaftServerProtocolServiceBlockingStub.requestVote(RaftServerProtocolServiceGrpc.java:265)
	at org.apache.ratis.grpc.server.GrpcServerProtocolClient.requestVote(GrpcServerProtocolClient.java:99)
	at org.apache.ratis.grpc.server.GrpcService.requestVote(GrpcService.java:204)
	at org.apache.ratis.server.impl.LeaderElection.lambda$submitRequests$1(LeaderElection.java:234)
	at java.util.concurrent.FutureTask.run(FutureTask.java:266)
	at java.util.concurrent.Executors$RunnableAdapter.call(Executors.java:511)
	at java.util.concurrent.FutureTask.run(FutureTask.java:266)
	at java.util.concurrent.ThreadPoolExecutor.runWorker(ThreadPoolExecutor.java:1149)
	at java.util.concurrent.ThreadPoolExecutor$Worker.run(ThreadPoolExecutor.java:624)
	... 1 more
Caused by: org.apache.ratis.thirdparty.io.netty.channel.AbstractChannel$AnnotatedConnectException: Connection refused: /192.168.164.233:46080
	at sun.nio.ch.SocketChannelImpl.checkConnect(Native Method)
	at sun.nio.ch.SocketChannelImpl.finishConnect(SocketChannelImpl.java:717)
	at org.apache.ratis.thirdparty.io.netty.channel.socket.nio.NioSocketChannel.doFinishConnect(NioSocketChannel.java:327)
	at org.apache.ratis.thirdparty.io.netty.channel.nio.AbstractNioChannel$AbstractNioUnsafe.finishConnect(AbstractNioChannel.java:340)
	at org.apache.ratis.thirdparty.io.netty.channel.nio.NioEventLoop.processSelectedKey(NioEventLoop.java:632)
	at org.apache.ratis.thirdparty.io.netty.channel.nio.NioEventLoop.processSelectedKeysOptimized(NioEventLoop.java:579)
	at org.apache.ratis.thirdparty.io.netty.channel.nio.NioEventLoop.processSelectedKeys(NioEventLoop.java:496)
	at org.apache.ratis.thirdparty.io.netty.channel.nio.NioEventLoop.run(NioEventLoop.java:458)
	at org.apache.ratis.thirdparty.io.netty.util.concurrent.SingleThreadEventExecutor$5.run(SingleThreadEventExecutor.java:897)
	at org.apache.ratis.thirdparty.io.netty.util.concurrent.FastThreadLocalRunnable.run(FastThreadLocalRunnable.java:30)
	... 1 more
Caused by: java.net.ConnectException: Connection refused
	... 11 more
2019-10-18 14:30:44,728 [681edbc6-a1fc-42a4-b5ce-4922820de60a@group-FD33B9583E3C-LeaderElection212] INFO  impl.LeaderElection (LeaderElection.java:logAndReturn(56)) - 681edbc6-a1fc-42a4-b5ce-4922820de60a@group-FD33B9583E3C-LeaderElection212: Election REJECTED; received 0 response(s) [] and 2 exception(s); 681edbc6-a1fc-42a4-b5ce-4922820de60a@group-FD33B9583E3C:t213, leader=null, voted=681edbc6-a1fc-42a4-b5ce-4922820de60a, raftlog=681edbc6-a1fc-42a4-b5ce-4922820de60a@group-FD33B9583E3C-SegmentedRaftLog:OPENED:c-1,f-1,i0, conf=-1: [3ee7b367-7b16-44e1-99f8-43aefeda0876:192.168.164.233:46080, 681edbc6-a1fc-42a4-b5ce-4922820de60a:192.168.164.233:44267, 773cce60-eeca-4c1f-a5ec-70084be8b6b9:192.168.164.233:38729], old=null
2019-10-18 14:30:44,728 [681edbc6-a1fc-42a4-b5ce-4922820de60a@group-FD33B9583E3C-LeaderElection212] INFO  impl.LeaderElection (LogUtils.java:infoOrTrace(149)) -   Exception 0: {}
java.util.concurrent.ExecutionException: org.apache.ratis.thirdparty.io.grpc.StatusRuntimeException: UNAVAILABLE: io exception
	at java.util.concurrent.FutureTask.report(FutureTask.java:122)
	at java.util.concurrent.FutureTask.get(FutureTask.java:192)
	at org.apache.ratis.server.impl.LeaderElection.waitForResults(LeaderElection.java:259)
	at org.apache.ratis.server.impl.LeaderElection.askForVotes(LeaderElection.java:197)
	at org.apache.ratis.server.impl.LeaderElection.run(LeaderElection.java:133)
	at java.lang.Thread.run(Thread.java:748)
Caused by: org.apache.ratis.thirdparty.io.grpc.StatusRuntimeException: UNAVAILABLE: io exception
	at org.apache.ratis.thirdparty.io.grpc.stub.ClientCalls.toStatusRuntimeException(ClientCalls.java:233)
	at org.apache.ratis.thirdparty.io.grpc.stub.ClientCalls.getUnchecked(ClientCalls.java:214)
	at org.apache.ratis.thirdparty.io.grpc.stub.ClientCalls.blockingUnaryCall(ClientCalls.java:139)
	at org.apache.ratis.proto.grpc.RaftServerProtocolServiceGrpc$RaftServerProtocolServiceBlockingStub.requestVote(RaftServerProtocolServiceGrpc.java:265)
	at org.apache.ratis.grpc.server.GrpcServerProtocolClient.requestVote(GrpcServerProtocolClient.java:99)
	at org.apache.ratis.grpc.server.GrpcService.requestVote(GrpcService.java:204)
	at org.apache.ratis.server.impl.LeaderElection.lambda$submitRequests$1(LeaderElection.java:234)
	at java.util.concurrent.FutureTask.run(FutureTask.java:266)
	at java.util.concurrent.Executors$RunnableAdapter.call(Executors.java:511)
	at java.util.concurrent.FutureTask.run(FutureTask.java:266)
	at java.util.concurrent.ThreadPoolExecutor.runWorker(ThreadPoolExecutor.java:1149)
	at java.util.concurrent.ThreadPoolExecutor$Worker.run(ThreadPoolExecutor.java:624)
	... 1 more
Caused by: org.apache.ratis.thirdparty.io.netty.channel.AbstractChannel$AnnotatedConnectException: Connection refused: /192.168.164.233:38729
	at sun.nio.ch.SocketChannelImpl.checkConnect(Native Method)
	at sun.nio.ch.SocketChannelImpl.finishConnect(SocketChannelImpl.java:717)
	at org.apache.ratis.thirdparty.io.netty.channel.socket.nio.NioSocketChannel.doFinishConnect(NioSocketChannel.java:327)
	at org.apache.ratis.thirdparty.io.netty.channel.nio.AbstractNioChannel$AbstractNioUnsafe.finishConnect(AbstractNioChannel.java:340)
	at org.apache.ratis.thirdparty.io.netty.channel.nio.NioEventLoop.processSelectedKey(NioEventLoop.java:632)
	at org.apache.ratis.thirdparty.io.netty.channel.nio.NioEventLoop.processSelectedKeysOptimized(NioEventLoop.java:579)
	at org.apache.ratis.thirdparty.io.netty.channel.nio.NioEventLoop.processSelectedKeys(NioEventLoop.java:496)
	at org.apache.ratis.thirdparty.io.netty.channel.nio.NioEventLoop.run(NioEventLoop.java:458)
	at org.apache.ratis.thirdparty.io.netty.util.concurrent.SingleThreadEventExecutor$5.run(SingleThreadEventExecutor.java:897)
	at org.apache.ratis.thirdparty.io.netty.util.concurrent.FastThreadLocalRunnable.run(FastThreadLocalRunnable.java:30)
	... 1 more
Caused by: java.net.ConnectException: Connection refused
	... 11 more
2019-10-18 14:30:44,729 [681edbc6-a1fc-42a4-b5ce-4922820de60a@group-FD33B9583E3C-LeaderElection212] INFO  impl.LeaderElection (LogUtils.java:infoOrTrace(149)) -   Exception 1: {}
java.util.concurrent.ExecutionException: org.apache.ratis.thirdparty.io.grpc.StatusRuntimeException: UNAVAILABLE: io exception
	at java.util.concurrent.FutureTask.report(FutureTask.java:122)
	at java.util.concurrent.FutureTask.get(FutureTask.java:192)
	at org.apache.ratis.server.impl.LeaderElection.waitForResults(LeaderElection.java:259)
	at org.apache.ratis.server.impl.LeaderElection.askForVotes(LeaderElection.java:197)
	at org.apache.ratis.server.impl.LeaderElection.run(LeaderElection.java:133)
	at java.lang.Thread.run(Thread.java:748)
Caused by: org.apache.ratis.thirdparty.io.grpc.StatusRuntimeException: UNAVAILABLE: io exception
	at org.apache.ratis.thirdparty.io.grpc.stub.ClientCalls.toStatusRuntimeException(ClientCalls.java:233)
	at org.apache.ratis.thirdparty.io.grpc.stub.ClientCalls.getUnchecked(ClientCalls.java:214)
	at org.apache.ratis.thirdparty.io.grpc.stub.ClientCalls.blockingUnaryCall(ClientCalls.java:139)
	at org.apache.ratis.proto.grpc.RaftServerProtocolServiceGrpc$RaftServerProtocolServiceBlockingStub.requestVote(RaftServerProtocolServiceGrpc.java:265)
	at org.apache.ratis.grpc.server.GrpcServerProtocolClient.requestVote(GrpcServerProtocolClient.java:99)
	at org.apache.ratis.grpc.server.GrpcService.requestVote(GrpcService.java:204)
	at org.apache.ratis.server.impl.LeaderElection.lambda$submitRequests$1(LeaderElection.java:234)
	at java.util.concurrent.FutureTask.run(FutureTask.java:266)
	at java.util.concurrent.Executors$RunnableAdapter.call(Executors.java:511)
	at java.util.concurrent.FutureTask.run(FutureTask.java:266)
	at java.util.concurrent.ThreadPoolExecutor.runWorker(ThreadPoolExecutor.java:1149)
	at java.util.concurrent.ThreadPoolExecutor$Worker.run(ThreadPoolExecutor.java:624)
	... 1 more
Caused by: org.apache.ratis.thirdparty.io.netty.channel.AbstractChannel$AnnotatedConnectException: Connection refused: /192.168.164.233:46080
	at sun.nio.ch.SocketChannelImpl.checkConnect(Native Method)
	at sun.nio.ch.SocketChannelImpl.finishConnect(SocketChannelImpl.java:717)
	at org.apache.ratis.thirdparty.io.netty.channel.socket.nio.NioSocketChannel.doFinishConnect(NioSocketChannel.java:327)
	at org.apache.ratis.thirdparty.io.netty.channel.nio.AbstractNioChannel$AbstractNioUnsafe.finishConnect(AbstractNioChannel.java:340)
	at org.apache.ratis.thirdparty.io.netty.channel.nio.NioEventLoop.processSelectedKey(NioEventLoop.java:632)
	at org.apache.ratis.thirdparty.io.netty.channel.nio.NioEventLoop.processSelectedKeysOptimized(NioEventLoop.java:579)
	at org.apache.ratis.thirdparty.io.netty.channel.nio.NioEventLoop.processSelectedKeys(NioEventLoop.java:496)
	at org.apache.ratis.thirdparty.io.netty.channel.nio.NioEventLoop.run(NioEventLoop.java:458)
	at org.apache.ratis.thirdparty.io.netty.util.concurrent.SingleThreadEventExecutor$5.run(SingleThreadEventExecutor.java:897)
	at org.apache.ratis.thirdparty.io.netty.util.concurrent.FastThreadLocalRunnable.run(FastThreadLocalRunnable.java:30)
	... 1 more
Caused by: java.net.ConnectException: Connection refused
	... 11 more
2019-10-18 14:30:44,729 [681edbc6-a1fc-42a4-b5ce-4922820de60a@group-FD33B9583E3C-LeaderElection212] INFO  impl.RaftServerImpl (RaftServerImpl.java:setRole(184)) - 681edbc6-a1fc-42a4-b5ce-4922820de60a@group-FD33B9583E3C: changes role from CANDIDATE to FOLLOWER at term 213 for DISCOVERED_A_NEW_TERM
2019-10-18 14:30:44,729 [681edbc6-a1fc-42a4-b5ce-4922820de60a@group-FD33B9583E3C-LeaderElection212] INFO  impl.RoleInfo (RoleInfo.java:shutdownLeaderElection(134)) - 681edbc6-a1fc-42a4-b5ce-4922820de60a: shutdown LeaderElection
2019-10-18 14:30:44,729 [681edbc6-a1fc-42a4-b5ce-4922820de60a@group-FD33B9583E3C-LeaderElection212] INFO  impl.RoleInfo (RoleInfo.java:updateAndGet(143)) - 681edbc6-a1fc-42a4-b5ce-4922820de60a: start FollowerState
2019-10-18 14:30:44,838 [Thread-1826] INFO  impl.FollowerState (FollowerState.java:run(108)) - 681edbc6-a1fc-42a4-b5ce-4922820de60a@group-FD33B9583E3C-FollowerState: change to CANDIDATE, lastRpcTime:109ms, electionTimeout:109ms
2019-10-18 14:30:44,839 [Thread-1826] INFO  impl.RoleInfo (RoleInfo.java:shutdownFollowerState(121)) - 681edbc6-a1fc-42a4-b5ce-4922820de60a: shutdown FollowerState
2019-10-18 14:30:44,839 [Thread-1826] INFO  impl.RaftServerImpl (RaftServerImpl.java:setRole(184)) - 681edbc6-a1fc-42a4-b5ce-4922820de60a@group-FD33B9583E3C: changes role from  FOLLOWER to CANDIDATE at term 213 for changeToCandidate
2019-10-18 14:30:44,839 [Thread-1826] INFO  impl.RoleInfo (RoleInfo.java:updateAndGet(143)) - 681edbc6-a1fc-42a4-b5ce-4922820de60a: start LeaderElection
2019-10-18 14:30:44,861 [681edbc6-a1fc-42a4-b5ce-4922820de60a@group-FD33B9583E3C-LeaderElection213] INFO  impl.LeaderElection (LeaderElection.java:askForVotes(178)) - 681edbc6-a1fc-42a4-b5ce-4922820de60a@group-FD33B9583E3C-LeaderElection213: begin an election at term 214 for -1: [3ee7b367-7b16-44e1-99f8-43aefeda0876:192.168.164.233:46080, 681edbc6-a1fc-42a4-b5ce-4922820de60a:192.168.164.233:44267, 773cce60-eeca-4c1f-a5ec-70084be8b6b9:192.168.164.233:38729], old=null
2019-10-18 14:30:44,862 [681edbc6-a1fc-42a4-b5ce-4922820de60a@group-FD33B9583E3C-LeaderElection213] INFO  impl.LeaderElection (LogUtils.java:infoOrTrace(149)) - 681edbc6-a1fc-42a4-b5ce-4922820de60a@group-FD33B9583E3C-LeaderElection213 got exception when requesting votes: {}
java.util.concurrent.ExecutionException: org.apache.ratis.thirdparty.io.grpc.StatusRuntimeException: UNAVAILABLE: io exception
	at java.util.concurrent.FutureTask.report(FutureTask.java:122)
	at java.util.concurrent.FutureTask.get(FutureTask.java:192)
	at org.apache.ratis.server.impl.LeaderElection.waitForResults(LeaderElection.java:259)
	at org.apache.ratis.server.impl.LeaderElection.askForVotes(LeaderElection.java:197)
	at org.apache.ratis.server.impl.LeaderElection.run(LeaderElection.java:133)
	at java.lang.Thread.run(Thread.java:748)
Caused by: org.apache.ratis.thirdparty.io.grpc.StatusRuntimeException: UNAVAILABLE: io exception
	at org.apache.ratis.thirdparty.io.grpc.stub.ClientCalls.toStatusRuntimeException(ClientCalls.java:233)
	at org.apache.ratis.thirdparty.io.grpc.stub.ClientCalls.getUnchecked(ClientCalls.java:214)
	at org.apache.ratis.thirdparty.io.grpc.stub.ClientCalls.blockingUnaryCall(ClientCalls.java:139)
	at org.apache.ratis.proto.grpc.RaftServerProtocolServiceGrpc$RaftServerProtocolServiceBlockingStub.requestVote(RaftServerProtocolServiceGrpc.java:265)
	at org.apache.ratis.grpc.server.GrpcServerProtocolClient.requestVote(GrpcServerProtocolClient.java:99)
	at org.apache.ratis.grpc.server.GrpcService.requestVote(GrpcService.java:204)
	at org.apache.ratis.server.impl.LeaderElection.lambda$submitRequests$1(LeaderElection.java:234)
	at java.util.concurrent.FutureTask.run(FutureTask.java:266)
	at java.util.concurrent.Executors$RunnableAdapter.call(Executors.java:511)
	at java.util.concurrent.FutureTask.run(FutureTask.java:266)
	at java.util.concurrent.ThreadPoolExecutor.runWorker(ThreadPoolExecutor.java:1149)
	at java.util.concurrent.ThreadPoolExecutor$Worker.run(ThreadPoolExecutor.java:624)
	... 1 more
Caused by: org.apache.ratis.thirdparty.io.netty.channel.AbstractChannel$AnnotatedConnectException: Connection refused: /192.168.164.233:46080
	at sun.nio.ch.SocketChannelImpl.checkConnect(Native Method)
	at sun.nio.ch.SocketChannelImpl.finishConnect(SocketChannelImpl.java:717)
	at org.apache.ratis.thirdparty.io.netty.channel.socket.nio.NioSocketChannel.doFinishConnect(NioSocketChannel.java:327)
	at org.apache.ratis.thirdparty.io.netty.channel.nio.AbstractNioChannel$AbstractNioUnsafe.finishConnect(AbstractNioChannel.java:340)
	at org.apache.ratis.thirdparty.io.netty.channel.nio.NioEventLoop.processSelectedKey(NioEventLoop.java:632)
	at org.apache.ratis.thirdparty.io.netty.channel.nio.NioEventLoop.processSelectedKeysOptimized(NioEventLoop.java:579)
	at org.apache.ratis.thirdparty.io.netty.channel.nio.NioEventLoop.processSelectedKeys(NioEventLoop.java:496)
	at org.apache.ratis.thirdparty.io.netty.channel.nio.NioEventLoop.run(NioEventLoop.java:458)
	at org.apache.ratis.thirdparty.io.netty.util.concurrent.SingleThreadEventExecutor$5.run(SingleThreadEventExecutor.java:897)
	at org.apache.ratis.thirdparty.io.netty.util.concurrent.FastThreadLocalRunnable.run(FastThreadLocalRunnable.java:30)
	... 1 more
Caused by: java.net.ConnectException: Connection refused
	... 11 more
2019-10-18 14:30:44,863 [681edbc6-a1fc-42a4-b5ce-4922820de60a@group-FD33B9583E3C-LeaderElection213] INFO  impl.LeaderElection (LogUtils.java:infoOrTrace(149)) - 681edbc6-a1fc-42a4-b5ce-4922820de60a@group-FD33B9583E3C-LeaderElection213 got exception when requesting votes: {}
java.util.concurrent.ExecutionException: org.apache.ratis.thirdparty.io.grpc.StatusRuntimeException: UNAVAILABLE: io exception
	at java.util.concurrent.FutureTask.report(FutureTask.java:122)
	at java.util.concurrent.FutureTask.get(FutureTask.java:192)
	at org.apache.ratis.server.impl.LeaderElection.waitForResults(LeaderElection.java:259)
	at org.apache.ratis.server.impl.LeaderElection.askForVotes(LeaderElection.java:197)
	at org.apache.ratis.server.impl.LeaderElection.run(LeaderElection.java:133)
	at java.lang.Thread.run(Thread.java:748)
Caused by: org.apache.ratis.thirdparty.io.grpc.StatusRuntimeException: UNAVAILABLE: io exception
	at org.apache.ratis.thirdparty.io.grpc.stub.ClientCalls.toStatusRuntimeException(ClientCalls.java:233)
	at org.apache.ratis.thirdparty.io.grpc.stub.ClientCalls.getUnchecked(ClientCalls.java:214)
	at org.apache.ratis.thirdparty.io.grpc.stub.ClientCalls.blockingUnaryCall(ClientCalls.java:139)
	at org.apache.ratis.proto.grpc.RaftServerProtocolServiceGrpc$RaftServerProtocolServiceBlockingStub.requestVote(RaftServerProtocolServiceGrpc.java:265)
	at org.apache.ratis.grpc.server.GrpcServerProtocolClient.requestVote(GrpcServerProtocolClient.java:99)
	at org.apache.ratis.grpc.server.GrpcService.requestVote(GrpcService.java:204)
	at org.apache.ratis.server.impl.LeaderElection.lambda$submitRequests$1(LeaderElection.java:234)
	at java.util.concurrent.FutureTask.run(FutureTask.java:266)
	at java.util.concurrent.Executors$RunnableAdapter.call(Executors.java:511)
	at java.util.concurrent.FutureTask.run(FutureTask.java:266)
	at java.util.concurrent.ThreadPoolExecutor.runWorker(ThreadPoolExecutor.java:1149)
	at java.util.concurrent.ThreadPoolExecutor$Worker.run(ThreadPoolExecutor.java:624)
	... 1 more
Caused by: org.apache.ratis.thirdparty.io.netty.channel.AbstractChannel$AnnotatedConnectException: Connection refused: /192.168.164.233:38729
	at sun.nio.ch.SocketChannelImpl.checkConnect(Native Method)
	at sun.nio.ch.SocketChannelImpl.finishConnect(SocketChannelImpl.java:717)
	at org.apache.ratis.thirdparty.io.netty.channel.socket.nio.NioSocketChannel.doFinishConnect(NioSocketChannel.java:327)
	at org.apache.ratis.thirdparty.io.netty.channel.nio.AbstractNioChannel$AbstractNioUnsafe.finishConnect(AbstractNioChannel.java:340)
	at org.apache.ratis.thirdparty.io.netty.channel.nio.NioEventLoop.processSelectedKey(NioEventLoop.java:632)
	at org.apache.ratis.thirdparty.io.netty.channel.nio.NioEventLoop.processSelectedKeysOptimized(NioEventLoop.java:579)
	at org.apache.ratis.thirdparty.io.netty.channel.nio.NioEventLoop.processSelectedKeys(NioEventLoop.java:496)
	at org.apache.ratis.thirdparty.io.netty.channel.nio.NioEventLoop.run(NioEventLoop.java:458)
	at org.apache.ratis.thirdparty.io.netty.util.concurrent.SingleThreadEventExecutor$5.run(SingleThreadEventExecutor.java:897)
	at org.apache.ratis.thirdparty.io.netty.util.concurrent.FastThreadLocalRunnable.run(FastThreadLocalRunnable.java:30)
	... 1 more
Caused by: java.net.ConnectException: Connection refused
	... 11 more
2019-10-18 14:30:44,863 [681edbc6-a1fc-42a4-b5ce-4922820de60a@group-FD33B9583E3C-LeaderElection213] INFO  impl.LeaderElection (LeaderElection.java:logAndReturn(56)) - 681edbc6-a1fc-42a4-b5ce-4922820de60a@group-FD33B9583E3C-LeaderElection213: Election REJECTED; received 0 response(s) [] and 2 exception(s); 681edbc6-a1fc-42a4-b5ce-4922820de60a@group-FD33B9583E3C:t214, leader=null, voted=681edbc6-a1fc-42a4-b5ce-4922820de60a, raftlog=681edbc6-a1fc-42a4-b5ce-4922820de60a@group-FD33B9583E3C-SegmentedRaftLog:OPENED:c-1,f-1,i0, conf=-1: [3ee7b367-7b16-44e1-99f8-43aefeda0876:192.168.164.233:46080, 681edbc6-a1fc-42a4-b5ce-4922820de60a:192.168.164.233:44267, 773cce60-eeca-4c1f-a5ec-70084be8b6b9:192.168.164.233:38729], old=null
2019-10-18 14:30:44,863 [681edbc6-a1fc-42a4-b5ce-4922820de60a@group-FD33B9583E3C-LeaderElection213] INFO  impl.LeaderElection (LogUtils.java:infoOrTrace(149)) -   Exception 0: {}
java.util.concurrent.ExecutionException: org.apache.ratis.thirdparty.io.grpc.StatusRuntimeException: UNAVAILABLE: io exception
	at java.util.concurrent.FutureTask.report(FutureTask.java:122)
	at java.util.concurrent.FutureTask.get(FutureTask.java:192)
	at org.apache.ratis.server.impl.LeaderElection.waitForResults(LeaderElection.java:259)
	at org.apache.ratis.server.impl.LeaderElection.askForVotes(LeaderElection.java:197)
	at org.apache.ratis.server.impl.LeaderElection.run(LeaderElection.java:133)
	at java.lang.Thread.run(Thread.java:748)
Caused by: org.apache.ratis.thirdparty.io.grpc.StatusRuntimeException: UNAVAILABLE: io exception
	at org.apache.ratis.thirdparty.io.grpc.stub.ClientCalls.toStatusRuntimeException(ClientCalls.java:233)
	at org.apache.ratis.thirdparty.io.grpc.stub.ClientCalls.getUnchecked(ClientCalls.java:214)
	at org.apache.ratis.thirdparty.io.grpc.stub.ClientCalls.blockingUnaryCall(ClientCalls.java:139)
	at org.apache.ratis.proto.grpc.RaftServerProtocolServiceGrpc$RaftServerProtocolServiceBlockingStub.requestVote(RaftServerProtocolServiceGrpc.java:265)
	at org.apache.ratis.grpc.server.GrpcServerProtocolClient.requestVote(GrpcServerProtocolClient.java:99)
	at org.apache.ratis.grpc.server.GrpcService.requestVote(GrpcService.java:204)
	at org.apache.ratis.server.impl.LeaderElection.lambda$submitRequests$1(LeaderElection.java:234)
	at java.util.concurrent.FutureTask.run(FutureTask.java:266)
	at java.util.concurrent.Executors$RunnableAdapter.call(Executors.java:511)
	at java.util.concurrent.FutureTask.run(FutureTask.java:266)
	at java.util.concurrent.ThreadPoolExecutor.runWorker(ThreadPoolExecutor.java:1149)
	at java.util.concurrent.ThreadPoolExecutor$Worker.run(ThreadPoolExecutor.java:624)
	... 1 more
Caused by: org.apache.ratis.thirdparty.io.netty.channel.AbstractChannel$AnnotatedConnectException: Connection refused: /192.168.164.233:46080
	at sun.nio.ch.SocketChannelImpl.checkConnect(Native Method)
	at sun.nio.ch.SocketChannelImpl.finishConnect(SocketChannelImpl.java:717)
	at org.apache.ratis.thirdparty.io.netty.channel.socket.nio.NioSocketChannel.doFinishConnect(NioSocketChannel.java:327)
	at org.apache.ratis.thirdparty.io.netty.channel.nio.AbstractNioChannel$AbstractNioUnsafe.finishConnect(AbstractNioChannel.java:340)
	at org.apache.ratis.thirdparty.io.netty.channel.nio.NioEventLoop.processSelectedKey(NioEventLoop.java:632)
	at org.apache.ratis.thirdparty.io.netty.channel.nio.NioEventLoop.processSelectedKeysOptimized(NioEventLoop.java:579)
	at org.apache.ratis.thirdparty.io.netty.channel.nio.NioEventLoop.processSelectedKeys(NioEventLoop.java:496)
	at org.apache.ratis.thirdparty.io.netty.channel.nio.NioEventLoop.run(NioEventLoop.java:458)
	at org.apache.ratis.thirdparty.io.netty.util.concurrent.SingleThreadEventExecutor$5.run(SingleThreadEventExecutor.java:897)
	at org.apache.ratis.thirdparty.io.netty.util.concurrent.FastThreadLocalRunnable.run(FastThreadLocalRunnable.java:30)
	... 1 more
Caused by: java.net.ConnectException: Connection refused
	... 11 more
2019-10-18 14:30:44,864 [681edbc6-a1fc-42a4-b5ce-4922820de60a@group-FD33B9583E3C-LeaderElection213] INFO  impl.LeaderElection (LogUtils.java:infoOrTrace(149)) -   Exception 1: {}
java.util.concurrent.ExecutionException: org.apache.ratis.thirdparty.io.grpc.StatusRuntimeException: UNAVAILABLE: io exception
	at java.util.concurrent.FutureTask.report(FutureTask.java:122)
	at java.util.concurrent.FutureTask.get(FutureTask.java:192)
	at org.apache.ratis.server.impl.LeaderElection.waitForResults(LeaderElection.java:259)
	at org.apache.ratis.server.impl.LeaderElection.askForVotes(LeaderElection.java:197)
	at org.apache.ratis.server.impl.LeaderElection.run(LeaderElection.java:133)
	at java.lang.Thread.run(Thread.java:748)
Caused by: org.apache.ratis.thirdparty.io.grpc.StatusRuntimeException: UNAVAILABLE: io exception
	at org.apache.ratis.thirdparty.io.grpc.stub.ClientCalls.toStatusRuntimeException(ClientCalls.java:233)
	at org.apache.ratis.thirdparty.io.grpc.stub.ClientCalls.getUnchecked(ClientCalls.java:214)
	at org.apache.ratis.thirdparty.io.grpc.stub.ClientCalls.blockingUnaryCall(ClientCalls.java:139)
	at org.apache.ratis.proto.grpc.RaftServerProtocolServiceGrpc$RaftServerProtocolServiceBlockingStub.requestVote(RaftServerProtocolServiceGrpc.java:265)
	at org.apache.ratis.grpc.server.GrpcServerProtocolClient.requestVote(GrpcServerProtocolClient.java:99)
	at org.apache.ratis.grpc.server.GrpcService.requestVote(GrpcService.java:204)
	at org.apache.ratis.server.impl.LeaderElection.lambda$submitRequests$1(LeaderElection.java:234)
	at java.util.concurrent.FutureTask.run(FutureTask.java:266)
	at java.util.concurrent.Executors$RunnableAdapter.call(Executors.java:511)
	at java.util.concurrent.FutureTask.run(FutureTask.java:266)
	at java.util.concurrent.ThreadPoolExecutor.runWorker(ThreadPoolExecutor.java:1149)
	at java.util.concurrent.ThreadPoolExecutor$Worker.run(ThreadPoolExecutor.java:624)
	... 1 more
Caused by: org.apache.ratis.thirdparty.io.netty.channel.AbstractChannel$AnnotatedConnectException: Connection refused: /192.168.164.233:38729
	at sun.nio.ch.SocketChannelImpl.checkConnect(Native Method)
	at sun.nio.ch.SocketChannelImpl.finishConnect(SocketChannelImpl.java:717)
	at org.apache.ratis.thirdparty.io.netty.channel.socket.nio.NioSocketChannel.doFinishConnect(NioSocketChannel.java:327)
	at org.apache.ratis.thirdparty.io.netty.channel.nio.AbstractNioChannel$AbstractNioUnsafe.finishConnect(AbstractNioChannel.java:340)
	at org.apache.ratis.thirdparty.io.netty.channel.nio.NioEventLoop.processSelectedKey(NioEventLoop.java:632)
	at org.apache.ratis.thirdparty.io.netty.channel.nio.NioEventLoop.processSelectedKeysOptimized(NioEventLoop.java:579)
	at org.apache.ratis.thirdparty.io.netty.channel.nio.NioEventLoop.processSelectedKeys(NioEventLoop.java:496)
	at org.apache.ratis.thirdparty.io.netty.channel.nio.NioEventLoop.run(NioEventLoop.java:458)
	at org.apache.ratis.thirdparty.io.netty.util.concurrent.SingleThreadEventExecutor$5.run(SingleThreadEventExecutor.java:897)
	at org.apache.ratis.thirdparty.io.netty.util.concurrent.FastThreadLocalRunnable.run(FastThreadLocalRunnable.java:30)
	... 1 more
Caused by: java.net.ConnectException: Connection refused
	... 11 more
2019-10-18 14:30:44,864 [681edbc6-a1fc-42a4-b5ce-4922820de60a@group-FD33B9583E3C-LeaderElection213] INFO  impl.RaftServerImpl (RaftServerImpl.java:setRole(184)) - 681edbc6-a1fc-42a4-b5ce-4922820de60a@group-FD33B9583E3C: changes role from CANDIDATE to FOLLOWER at term 214 for DISCOVERED_A_NEW_TERM
2019-10-18 14:30:44,864 [681edbc6-a1fc-42a4-b5ce-4922820de60a@group-FD33B9583E3C-LeaderElection213] INFO  impl.RoleInfo (RoleInfo.java:shutdownLeaderElection(134)) - 681edbc6-a1fc-42a4-b5ce-4922820de60a: shutdown LeaderElection
2019-10-18 14:30:44,864 [681edbc6-a1fc-42a4-b5ce-4922820de60a@group-FD33B9583E3C-LeaderElection213] INFO  impl.RoleInfo (RoleInfo.java:updateAndGet(143)) - 681edbc6-a1fc-42a4-b5ce-4922820de60a: start FollowerState
2019-10-18 14:30:44,876 [main] INFO  ozoneimpl.OzoneContainer (OzoneContainer.java:stop(227)) - Attempting to stop container services.
2019-10-18 14:30:44,877 [main] INFO  impl.RaftServerProxy (RaftServerProxy.java:lambda$close$4(314)) - fdaf964b-ea51-42ac-9b82-c03e199efe96: close
2019-10-18 14:30:44,877 [main] INFO  impl.RaftServerImpl (RaftServerImpl.java:lambda$shutdown$3(261)) - fdaf964b-ea51-42ac-9b82-c03e199efe96@group-6C5E89BCA799: shutdown
2019-10-18 14:30:44,877 [main] INFO  util.JmxRegister (JmxRegister.java:unregister(73)) - Successfully un-registered JMX Bean with object name Ratis:service=RaftServer,group=group-6C5E89BCA799,id=fdaf964b-ea51-42ac-9b82-c03e199efe96
2019-10-18 14:30:44,877 [main] INFO  impl.RoleInfo (RoleInfo.java:shutdownLeaderState(104)) - fdaf964b-ea51-42ac-9b82-c03e199efe96: shutdown LeaderState
2019-10-18 14:30:44,878 [main] INFO  impl.PendingRequests (PendingRequests.java:sendNotLeaderResponses(202)) - fdaf964b-ea51-42ac-9b82-c03e199efe96@group-6C5E89BCA799-PendingRequests: sendNotLeaderResponses
2019-10-18 14:30:44,878 [main] INFO  impl.StateMachineUpdater (StateMachineUpdater.java:stopAndJoin(136)) - fdaf964b-ea51-42ac-9b82-c03e199efe96@group-6C5E89BCA799-StateMachineUpdater: set stopIndex = 0
2019-10-18 14:30:44,878 [main] INFO  impl.RaftServerImpl (ServerState.java:close(388)) - fdaf964b-ea51-42ac-9b82-c03e199efe96@group-6C5E89BCA799: closes. applyIndex: 0
2019-10-18 14:30:44,879 [fdaf964b-ea51-42ac-9b82-c03e199efe96@group-6C5E89BCA799-SegmentedRaftLogWorker] INFO  segmented.SegmentedRaftLogWorker (SegmentedRaftLogWorker.java:run(316)) - fdaf964b-ea51-42ac-9b82-c03e199efe96@group-6C5E89BCA799-SegmentedRaftLogWorker was interrupted, exiting. There are 0 tasks remaining in the queue.
2019-10-18 14:30:44,882 [main] INFO  segmented.SegmentedRaftLogWorker (SegmentedRaftLogWorker.java:close(224)) - fdaf964b-ea51-42ac-9b82-c03e199efe96@group-6C5E89BCA799-SegmentedRaftLogWorker close()
2019-10-18 14:30:44,884 [main] INFO  server.GrpcService (GrpcService.java:closeImpl(164)) - fdaf964b-ea51-42ac-9b82-c03e199efe96: shutdown server with port 41236 now
2019-10-18 14:30:44,885 [main] INFO  server.GrpcService (GrpcService.java:closeImpl(172)) - fdaf964b-ea51-42ac-9b82-c03e199efe96: shutdown server with port 41236 successfully
2019-10-18 14:30:44,889 [ForkJoinPool.commonPool-worker-0] INFO  ozoneimpl.OzoneContainer (OzoneContainer.java:stop(227)) - Attempting to stop container services.
2019-10-18 14:30:44,889 [refreshUsed-/workdir/hadoop-ozone/integration-test/target/test-dir/MiniOzoneClusterImpl-11a902be-dfbe-4759-94b9-65959d8d71e6/datanode-8/data/containers] WARN  fs.CachingGetSpaceUsed (CachingGetSpaceUsed.java:run(183)) - Thread Interrupted waiting to refresh disk information: sleep interrupted
2019-10-18 14:30:44,890 [ForkJoinPool.commonPool-worker-0] INFO  impl.RaftServerProxy (RaftServerProxy.java:lambda$close$4(314)) - 04371d53-951f-40a0-9bd2-eaa7c72eca17: close
2019-10-18 14:30:44,890 [ForkJoinPool.commonPool-worker-0] INFO  impl.RaftServerImpl (RaftServerImpl.java:lambda$shutdown$3(261)) - 04371d53-951f-40a0-9bd2-eaa7c72eca17@group-B09A2D14393E: shutdown
2019-10-18 14:30:44,890 [ForkJoinPool.commonPool-worker-0] INFO  util.JmxRegister (JmxRegister.java:unregister(73)) - Successfully un-registered JMX Bean with object name Ratis:service=RaftServer,group=group-B09A2D14393E,id=04371d53-951f-40a0-9bd2-eaa7c72eca17
2019-10-18 14:30:44,891 [ForkJoinPool.commonPool-worker-0] INFO  impl.RoleInfo (RoleInfo.java:shutdownLeaderState(104)) - 04371d53-951f-40a0-9bd2-eaa7c72eca17: shutdown LeaderState
2019-10-18 14:30:44,891 [ForkJoinPool.commonPool-worker-0] INFO  impl.PendingRequests (PendingRequests.java:sendNotLeaderResponses(202)) - 04371d53-951f-40a0-9bd2-eaa7c72eca17@group-B09A2D14393E-PendingRequests: sendNotLeaderResponses
2019-10-18 14:30:44,891 [ForkJoinPool.commonPool-worker-0] INFO  impl.StateMachineUpdater (StateMachineUpdater.java:stopAndJoin(136)) - 04371d53-951f-40a0-9bd2-eaa7c72eca17@group-B09A2D14393E-StateMachineUpdater: set stopIndex = 0
2019-10-18 14:30:44,892 [ForkJoinPool.commonPool-worker-0] INFO  impl.RaftServerImpl (ServerState.java:close(388)) - 04371d53-951f-40a0-9bd2-eaa7c72eca17@group-B09A2D14393E: closes. applyIndex: 0
2019-10-18 14:30:44,892 [04371d53-951f-40a0-9bd2-eaa7c72eca17@group-B09A2D14393E-SegmentedRaftLogWorker] INFO  segmented.SegmentedRaftLogWorker (SegmentedRaftLogWorker.java:run(316)) - 04371d53-951f-40a0-9bd2-eaa7c72eca17@group-B09A2D14393E-SegmentedRaftLogWorker was interrupted, exiting. There are 0 tasks remaining in the queue.
2019-10-18 14:30:44,893 [ForkJoinPool.commonPool-worker-0] INFO  segmented.SegmentedRaftLogWorker (SegmentedRaftLogWorker.java:close(224)) - 04371d53-951f-40a0-9bd2-eaa7c72eca17@group-B09A2D14393E-SegmentedRaftLogWorker close()
2019-10-18 14:30:44,898 [ForkJoinPool.commonPool-worker-0] INFO  impl.RaftServerImpl (RaftServerImpl.java:lambda$shutdown$3(261)) - 04371d53-951f-40a0-9bd2-eaa7c72eca17@group-9826AF1559E2: shutdown
2019-10-18 14:30:44,898 [ForkJoinPool.commonPool-worker-0] INFO  util.JmxRegister (JmxRegister.java:unregister(73)) - Successfully un-registered JMX Bean with object name Ratis:service=RaftServer,group=group-9826AF1559E2,id=04371d53-951f-40a0-9bd2-eaa7c72eca17
2019-10-18 14:30:44,898 [ForkJoinPool.commonPool-worker-0] INFO  impl.RoleInfo (RoleInfo.java:shutdownLeaderState(104)) - 04371d53-951f-40a0-9bd2-eaa7c72eca17: shutdown LeaderState
2019-10-18 14:30:44,900 [ForkJoinPool.commonPool-worker-0] INFO  impl.PendingRequests (PendingRequests.java:sendNotLeaderResponses(202)) - 04371d53-951f-40a0-9bd2-eaa7c72eca17@group-9826AF1559E2-PendingRequests: sendNotLeaderResponses
2019-10-18 14:30:44,900 [org.apache.ratis.server.impl.LogAppender$AppenderDaemon$$Lambda$438/1278926347@3bfadeb5] WARN  server.GrpcLogAppender (GrpcLogAppender.java:mayWait(149)) - 04371d53-951f-40a0-9bd2-eaa7c72eca17@group-9826AF1559E2->9a797c4a-b775-4cca-8778-469ce6187395-GrpcLogAppender: Wait interrupted by java.lang.InterruptedException
2019-10-18 14:30:44,900 [org.apache.ratis.server.impl.LogAppender$AppenderDaemon$$Lambda$438/1278926347@aba1106] WARN  server.GrpcLogAppender (GrpcLogAppender.java:mayWait(149)) - 04371d53-951f-40a0-9bd2-eaa7c72eca17@group-9826AF1559E2->f9cd2519-4472-482d-8bf1-226263d0a440-GrpcLogAppender: Wait interrupted by java.lang.InterruptedException
2019-10-18 14:30:44,902 [ForkJoinPool.commonPool-worker-0] INFO  impl.StateMachineUpdater (StateMachineUpdater.java:stopAndJoin(136)) - 04371d53-951f-40a0-9bd2-eaa7c72eca17@group-9826AF1559E2-StateMachineUpdater: set stopIndex = 15
2019-10-18 14:30:44,902 [04371d53-951f-40a0-9bd2-eaa7c72eca17@group-9826AF1559E2-StateMachineUpdater] INFO  ratis.ContainerStateMachine (ContainerStateMachine.java:takeSnapshot(294)) - group-9826AF1559E2: Taking a snapshot at:(t:1, i:11) file /workdir/hadoop-ozone/integration-test/target/test-dir/MiniOzoneClusterImpl-11a902be-dfbe-4759-94b9-65959d8d71e6/datanode-4/data/ratis/cb1b5398-55ca-458c-9a73-9826af1559e2/sm/snapshot.1_11
2019-10-18 14:30:44,902 [grpc-default-executor-1] INFO  server.GrpcServerProtocolService (GrpcServerProtocolService.java:onCompleted(113)) - f9cd2519-4472-482d-8bf1-226263d0a440: Completed APPEND_ENTRIES, lastRequest: 04371d53-951f-40a0-9bd2-eaa7c72eca17->f9cd2519-4472-482d-8bf1-226263d0a440#68-t1, previous=(t:1, i:15), leaderCommit=15, initializing? false, entries: <empty>
2019-10-18 14:30:44,902 [grpc-default-executor-4] INFO  server.GrpcServerProtocolService (GrpcServerProtocolService.java:onCompleted(113)) - 9a797c4a-b775-4cca-8778-469ce6187395: Completed APPEND_ENTRIES, lastRequest: 04371d53-951f-40a0-9bd2-eaa7c72eca17->9a797c4a-b775-4cca-8778-469ce6187395#68-t1, previous=(t:1, i:15), leaderCommit=15, initializing? false, entries: <empty>
2019-10-18 14:30:44,903 [grpc-default-executor-4] INFO  server.GrpcLogAppender (GrpcLogAppender.java:onCompleted(308)) - 04371d53-951f-40a0-9bd2-eaa7c72eca17@group-9826AF1559E2->f9cd2519-4472-482d-8bf1-226263d0a440-AppendLogResponseHandler: follower responses appendEntries COMPLETED
2019-10-18 14:30:44,903 [grpc-default-executor-1] INFO  server.GrpcLogAppender (GrpcLogAppender.java:onCompleted(308)) - 04371d53-951f-40a0-9bd2-eaa7c72eca17@group-9826AF1559E2->9a797c4a-b775-4cca-8778-469ce6187395-AppendLogResponseHandler: follower responses appendEntries COMPLETED
2019-10-18 14:30:44,904 [grpc-default-executor-4] INFO  impl.FollowerInfo (FollowerInfo.java:lambda$new$0(51)) - 04371d53-951f-40a0-9bd2-eaa7c72eca17@group-9826AF1559E2->f9cd2519-4472-482d-8bf1-226263d0a440: nextIndex: updateUnconditionally 16 -> 15
2019-10-18 14:30:44,904 [grpc-default-executor-1] INFO  impl.FollowerInfo (FollowerInfo.java:lambda$new$0(51)) - 04371d53-951f-40a0-9bd2-eaa7c72eca17@group-9826AF1559E2->9a797c4a-b775-4cca-8778-469ce6187395: nextIndex: updateUnconditionally 16 -> 15
2019-10-18 14:30:44,909 [main] INFO  utils.BackgroundService (BackgroundService.java:shutdown(151)) - Shutting down service BlockDeletingService
2019-10-18 14:30:44,912 [main] INFO  statemachine.DatanodeStateMachine (DatanodeStateMachine.java:stopDaemon(395)) - Ozone container server stopped.
2019-10-18 14:30:44,914 [main] INFO  handler.ContextHandler (ContextHandler.java:doStop(910)) - Stopped o.e.j.w.WebAppContext@648d0e6d{/,null,UNAVAILABLE}{/hddsDatanode}
2019-10-18 14:30:44,914 [main] INFO  server.AbstractConnector (AbstractConnector.java:doStop(318)) - Stopped ServerConnector@79e66b2f{HTTP/1.1,[http/1.1]}{0.0.0.0:0}
2019-10-18 14:30:44,915 [main] INFO  handler.ContextHandler (ContextHandler.java:doStop(910)) - Stopped o.e.j.s.ServletContextHandler@4437ac07{/static,jar:file:/home/user/.m2/repository/org/apache/hadoop/hadoop-hdds-container-service/0.5.0-SNAPSHOT/hadoop-hdds-container-service-0.5.0-SNAPSHOT.jar!/webapps/static,UNAVAILABLE}
2019-10-18 14:30:44,915 [main] INFO  handler.ContextHandler (ContextHandler.java:doStop(910)) - Stopped o.e.j.s.ServletContextHandler@66b59b7d{/logs,file:///workdir/hadoop-ozone/integration-test/target/log,UNAVAILABLE}
2019-10-18 14:30:44,916 [04371d53-951f-40a0-9bd2-eaa7c72eca17@group-9826AF1559E2-StateMachineUpdater] INFO  ratis.ContainerStateMachine (ContainerStateMachine.java:takeSnapshot(305)) - group-9826AF1559E2: Finished taking a snapshot at:(t:1, i:11) file:/workdir/hadoop-ozone/integration-test/target/test-dir/MiniOzoneClusterImpl-11a902be-dfbe-4759-94b9-65959d8d71e6/datanode-4/data/ratis/cb1b5398-55ca-458c-9a73-9826af1559e2/sm/snapshot.1_11 time:14
2019-10-18 14:30:44,916 [04371d53-951f-40a0-9bd2-eaa7c72eca17@group-9826AF1559E2-StateMachineUpdater] INFO  impl.StateMachineUpdater (StateMachineUpdater.java:takeSnapshot(269)) - 04371d53-951f-40a0-9bd2-eaa7c72eca17@group-9826AF1559E2-StateMachineUpdater: Took a snapshot at index 11
2019-10-18 14:30:44,916 [04371d53-951f-40a0-9bd2-eaa7c72eca17@group-9826AF1559E2-StateMachineUpdater] INFO  impl.StateMachineUpdater (StateMachineUpdater.java:lambda$new$0(84)) - 04371d53-951f-40a0-9bd2-eaa7c72eca17@group-9826AF1559E2-StateMachineUpdater: snapshotIndex: updateIncreasingly -1 -> 11
2019-10-18 14:30:44,916 [04371d53-951f-40a0-9bd2-eaa7c72eca17@group-9826AF1559E2-StateMachineUpdater] INFO  ratis.ContainerStateMachine (ContainerStateMachine.java:takeSnapshot(294)) - group-9826AF1559E2: Taking a snapshot at:(t:1, i:11) file /workdir/hadoop-ozone/integration-test/target/test-dir/MiniOzoneClusterImpl-11a902be-dfbe-4759-94b9-65959d8d71e6/datanode-4/data/ratis/cb1b5398-55ca-458c-9a73-9826af1559e2/sm/snapshot.1_11
2019-10-18 14:30:44,929 [04371d53-951f-40a0-9bd2-eaa7c72eca17@group-9826AF1559E2-StateMachineUpdater] INFO  ratis.ContainerStateMachine (ContainerStateMachine.java:takeSnapshot(305)) - group-9826AF1559E2: Finished taking a snapshot at:(t:1, i:11) file:/workdir/hadoop-ozone/integration-test/target/test-dir/MiniOzoneClusterImpl-11a902be-dfbe-4759-94b9-65959d8d71e6/datanode-4/data/ratis/cb1b5398-55ca-458c-9a73-9826af1559e2/sm/snapshot.1_11 time:12
2019-10-18 14:30:44,929 [04371d53-951f-40a0-9bd2-eaa7c72eca17@group-9826AF1559E2-StateMachineUpdater] INFO  impl.StateMachineUpdater (StateMachineUpdater.java:takeSnapshot(269)) - 04371d53-951f-40a0-9bd2-eaa7c72eca17@group-9826AF1559E2-StateMachineUpdater: Took a snapshot at index 11
2019-10-18 14:30:44,929 [04371d53-951f-40a0-9bd2-eaa7c72eca17@group-9826AF1559E2-StateMachineUpdater] INFO  impl.StateMachineUpdater (StateMachineUpdater.java:lambda$new$0(84)) - 04371d53-951f-40a0-9bd2-eaa7c72eca17@group-9826AF1559E2-StateMachineUpdater: snapshotIndex: updateIncreasingly 11 -> 11
2019-10-18 14:30:44,929 [ForkJoinPool.commonPool-worker-0] INFO  impl.RaftServerImpl (ServerState.java:close(388)) - 04371d53-951f-40a0-9bd2-eaa7c72eca17@group-9826AF1559E2: closes. applyIndex: 15
2019-10-18 14:30:44,929 [04371d53-951f-40a0-9bd2-eaa7c72eca17@group-9826AF1559E2-SegmentedRaftLogWorker] INFO  segmented.SegmentedRaftLogWorker (SegmentedRaftLogWorker.java:run(316)) - 04371d53-951f-40a0-9bd2-eaa7c72eca17@group-9826AF1559E2-SegmentedRaftLogWorker was interrupted, exiting. There are 0 tasks remaining in the queue.
2019-10-18 14:30:44,930 [ForkJoinPool.commonPool-worker-0] INFO  segmented.SegmentedRaftLogWorker (SegmentedRaftLogWorker.java:close(224)) - 04371d53-951f-40a0-9bd2-eaa7c72eca17@group-9826AF1559E2-SegmentedRaftLogWorker close()
2019-10-18 14:30:44,931 [ForkJoinPool.commonPool-worker-0] INFO  server.GrpcService (GrpcService.java:closeImpl(164)) - 04371d53-951f-40a0-9bd2-eaa7c72eca17: shutdown server with port 42616 now
2019-10-18 14:30:44,931 [ForkJoinPool.commonPool-worker-0] INFO  server.GrpcService (GrpcService.java:closeImpl(172)) - 04371d53-951f-40a0-9bd2-eaa7c72eca17: shutdown server with port 42616 successfully
2019-10-18 14:30:44,933 [grpc-default-executor-4] WARN  client.GrpcClientProtocolService (LogUtils.java:warn(134)) - 1-UnorderedRequestStreamObserver1: onError: org.apache.ratis.thirdparty.io.grpc.StatusRuntimeException: CANCELLED: cancelled before receiving half close
2019-10-18 14:30:44,936 [refreshUsed-/workdir/hadoop-ozone/integration-test/target/test-dir/MiniOzoneClusterImpl-11a902be-dfbe-4759-94b9-65959d8d71e6/datanode-4/data/containers] WARN  fs.CachingGetSpaceUsed (CachingGetSpaceUsed.java:run(183)) - Thread Interrupted waiting to refresh disk information: sleep interrupted
2019-10-18 14:30:44,949 [ForkJoinPool.commonPool-worker-0] INFO  utils.BackgroundService (BackgroundService.java:shutdown(151)) - Shutting down service BlockDeletingService
2019-10-18 14:30:44,952 [ForkJoinPool.commonPool-worker-0] INFO  statemachine.DatanodeStateMachine (DatanodeStateMachine.java:stopDaemon(395)) - Ozone container server stopped.
2019-10-18 14:30:44,955 [ForkJoinPool.commonPool-worker-0] INFO  handler.ContextHandler (ContextHandler.java:doStop(910)) - Stopped o.e.j.w.WebAppContext@5a6fa56e{/,null,UNAVAILABLE}{/hddsDatanode}
2019-10-18 14:30:44,955 [ForkJoinPool.commonPool-worker-0] INFO  server.AbstractConnector (AbstractConnector.java:doStop(318)) - Stopped ServerConnector@1981d861{HTTP/1.1,[http/1.1]}{0.0.0.0:0}
2019-10-18 14:30:44,956 [ForkJoinPool.commonPool-worker-0] INFO  handler.ContextHandler (ContextHandler.java:doStop(910)) - Stopped o.e.j.s.ServletContextHandler@15639440{/static,jar:file:/home/user/.m2/repository/org/apache/hadoop/hadoop-hdds-container-service/0.5.0-SNAPSHOT/hadoop-hdds-container-service-0.5.0-SNAPSHOT.jar!/webapps/static,UNAVAILABLE}
2019-10-18 14:30:44,957 [ForkJoinPool.commonPool-worker-0] INFO  handler.ContextHandler (ContextHandler.java:doStop(910)) - Stopped o.e.j.s.ServletContextHandler@712cfb63{/logs,file:///workdir/hadoop-ozone/integration-test/target/log,UNAVAILABLE}
2019-10-18 14:30:44,975 [Thread-1830] INFO  impl.FollowerState (FollowerState.java:run(108)) - 681edbc6-a1fc-42a4-b5ce-4922820de60a@group-FD33B9583E3C-FollowerState: change to CANDIDATE, lastRpcTime:110ms, electionTimeout:110ms
2019-10-18 14:30:44,975 [Thread-1830] INFO  impl.RoleInfo (RoleInfo.java:shutdownFollowerState(121)) - 681edbc6-a1fc-42a4-b5ce-4922820de60a: shutdown FollowerState
2019-10-18 14:30:44,975 [Thread-1830] INFO  impl.RaftServerImpl (RaftServerImpl.java:setRole(184)) - 681edbc6-a1fc-42a4-b5ce-4922820de60a@group-FD33B9583E3C: changes role from  FOLLOWER to CANDIDATE at term 214 for changeToCandidate
2019-10-18 14:30:44,975 [Thread-1830] INFO  impl.RoleInfo (RoleInfo.java:updateAndGet(143)) - 681edbc6-a1fc-42a4-b5ce-4922820de60a: start LeaderElection
2019-10-18 14:30:44,988 [681edbc6-a1fc-42a4-b5ce-4922820de60a@group-FD33B9583E3C-LeaderElection214] INFO  impl.LeaderElection (LeaderElection.java:askForVotes(178)) - 681edbc6-a1fc-42a4-b5ce-4922820de60a@group-FD33B9583E3C-LeaderElection214: begin an election at term 215 for -1: [3ee7b367-7b16-44e1-99f8-43aefeda0876:192.168.164.233:46080, 681edbc6-a1fc-42a4-b5ce-4922820de60a:192.168.164.233:44267, 773cce60-eeca-4c1f-a5ec-70084be8b6b9:192.168.164.233:38729], old=null
2019-10-18 14:30:44,989 [681edbc6-a1fc-42a4-b5ce-4922820de60a@group-FD33B9583E3C-LeaderElection214] INFO  impl.LeaderElection (LogUtils.java:infoOrTrace(149)) - 681edbc6-a1fc-42a4-b5ce-4922820de60a@group-FD33B9583E3C-LeaderElection214 got exception when requesting votes: {}
java.util.concurrent.ExecutionException: org.apache.ratis.thirdparty.io.grpc.StatusRuntimeException: UNAVAILABLE: io exception
	at java.util.concurrent.FutureTask.report(FutureTask.java:122)
	at java.util.concurrent.FutureTask.get(FutureTask.java:192)
	at org.apache.ratis.server.impl.LeaderElection.waitForResults(LeaderElection.java:259)
	at org.apache.ratis.server.impl.LeaderElection.askForVotes(LeaderElection.java:197)
	at org.apache.ratis.server.impl.LeaderElection.run(LeaderElection.java:133)
	at java.lang.Thread.run(Thread.java:748)
Caused by: org.apache.ratis.thirdparty.io.grpc.StatusRuntimeException: UNAVAILABLE: io exception
	at org.apache.ratis.thirdparty.io.grpc.stub.ClientCalls.toStatusRuntimeException(ClientCalls.java:233)
	at org.apache.ratis.thirdparty.io.grpc.stub.ClientCalls.getUnchecked(ClientCalls.java:214)
	at org.apache.ratis.thirdparty.io.grpc.stub.ClientCalls.blockingUnaryCall(ClientCalls.java:139)
	at org.apache.ratis.proto.grpc.RaftServerProtocolServiceGrpc$RaftServerProtocolServiceBlockingStub.requestVote(RaftServerProtocolServiceGrpc.java:265)
	at org.apache.ratis.grpc.server.GrpcServerProtocolClient.requestVote(GrpcServerProtocolClient.java:99)
	at org.apache.ratis.grpc.server.GrpcService.requestVote(GrpcService.java:204)
	at org.apache.ratis.server.impl.LeaderElection.lambda$submitRequests$1(LeaderElection.java:234)
	at java.util.concurrent.FutureTask.run(FutureTask.java:266)
	at java.util.concurrent.Executors$RunnableAdapter.call(Executors.java:511)
	at java.util.concurrent.FutureTask.run(FutureTask.java:266)
	at java.util.concurrent.ThreadPoolExecutor.runWorker(ThreadPoolExecutor.java:1149)
	at java.util.concurrent.ThreadPoolExecutor$Worker.run(ThreadPoolExecutor.java:624)
	... 1 more
Caused by: org.apache.ratis.thirdparty.io.netty.channel.AbstractChannel$AnnotatedConnectException: Connection refused: /192.168.164.233:46080
	at sun.nio.ch.SocketChannelImpl.checkConnect(Native Method)
	at sun.nio.ch.SocketChannelImpl.finishConnect(SocketChannelImpl.java:717)
	at org.apache.ratis.thirdparty.io.netty.channel.socket.nio.NioSocketChannel.doFinishConnect(NioSocketChannel.java:327)
	at org.apache.ratis.thirdparty.io.netty.channel.nio.AbstractNioChannel$AbstractNioUnsafe.finishConnect(AbstractNioChannel.java:340)
	at org.apache.ratis.thirdparty.io.netty.channel.nio.NioEventLoop.processSelectedKey(NioEventLoop.java:632)
	at org.apache.ratis.thirdparty.io.netty.channel.nio.NioEventLoop.processSelectedKeysOptimized(NioEventLoop.java:579)
	at org.apache.ratis.thirdparty.io.netty.channel.nio.NioEventLoop.processSelectedKeys(NioEventLoop.java:496)
	at org.apache.ratis.thirdparty.io.netty.channel.nio.NioEventLoop.run(NioEventLoop.java:458)
	at org.apache.ratis.thirdparty.io.netty.util.concurrent.SingleThreadEventExecutor$5.run(SingleThreadEventExecutor.java:897)
	at org.apache.ratis.thirdparty.io.netty.util.concurrent.FastThreadLocalRunnable.run(FastThreadLocalRunnable.java:30)
	... 1 more
Caused by: java.net.ConnectException: Connection refused
	... 11 more
2019-10-18 14:30:44,989 [681edbc6-a1fc-42a4-b5ce-4922820de60a@group-FD33B9583E3C-LeaderElection214] INFO  impl.LeaderElection (LogUtils.java:infoOrTrace(149)) - 681edbc6-a1fc-42a4-b5ce-4922820de60a@group-FD33B9583E3C-LeaderElection214 got exception when requesting votes: {}
java.util.concurrent.ExecutionException: org.apache.ratis.thirdparty.io.grpc.StatusRuntimeException: UNAVAILABLE: io exception
	at java.util.concurrent.FutureTask.report(FutureTask.java:122)
	at java.util.concurrent.FutureTask.get(FutureTask.java:192)
	at org.apache.ratis.server.impl.LeaderElection.waitForResults(LeaderElection.java:259)
	at org.apache.ratis.server.impl.LeaderElection.askForVotes(LeaderElection.java:197)
	at org.apache.ratis.server.impl.LeaderElection.run(LeaderElection.java:133)
	at java.lang.Thread.run(Thread.java:748)
Caused by: org.apache.ratis.thirdparty.io.grpc.StatusRuntimeException: UNAVAILABLE: io exception
	at org.apache.ratis.thirdparty.io.grpc.stub.ClientCalls.toStatusRuntimeException(ClientCalls.java:233)
	at org.apache.ratis.thirdparty.io.grpc.stub.ClientCalls.getUnchecked(ClientCalls.java:214)
	at org.apache.ratis.thirdparty.io.grpc.stub.ClientCalls.blockingUnaryCall(ClientCalls.java:139)
	at org.apache.ratis.proto.grpc.RaftServerProtocolServiceGrpc$RaftServerProtocolServiceBlockingStub.requestVote(RaftServerProtocolServiceGrpc.java:265)
	at org.apache.ratis.grpc.server.GrpcServerProtocolClient.requestVote(GrpcServerProtocolClient.java:99)
	at org.apache.ratis.grpc.server.GrpcService.requestVote(GrpcService.java:204)
	at org.apache.ratis.server.impl.LeaderElection.lambda$submitRequests$1(LeaderElection.java:234)
	at java.util.concurrent.FutureTask.run(FutureTask.java:266)
	at java.util.concurrent.Executors$RunnableAdapter.call(Executors.java:511)
	at java.util.concurrent.FutureTask.run(FutureTask.java:266)
	at java.util.concurrent.ThreadPoolExecutor.runWorker(ThreadPoolExecutor.java:1149)
	at java.util.concurrent.ThreadPoolExecutor$Worker.run(ThreadPoolExecutor.java:624)
	... 1 more
Caused by: org.apache.ratis.thirdparty.io.netty.channel.AbstractChannel$AnnotatedConnectException: Connection refused: /192.168.164.233:38729
	at sun.nio.ch.SocketChannelImpl.checkConnect(Native Method)
	at sun.nio.ch.SocketChannelImpl.finishConnect(SocketChannelImpl.java:717)
	at org.apache.ratis.thirdparty.io.netty.channel.socket.nio.NioSocketChannel.doFinishConnect(NioSocketChannel.java:327)
	at org.apache.ratis.thirdparty.io.netty.channel.nio.AbstractNioChannel$AbstractNioUnsafe.finishConnect(AbstractNioChannel.java:340)
	at org.apache.ratis.thirdparty.io.netty.channel.nio.NioEventLoop.processSelectedKey(NioEventLoop.java:632)
	at org.apache.ratis.thirdparty.io.netty.channel.nio.NioEventLoop.processSelectedKeysOptimized(NioEventLoop.java:579)
	at org.apache.ratis.thirdparty.io.netty.channel.nio.NioEventLoop.processSelectedKeys(NioEventLoop.java:496)
	at org.apache.ratis.thirdparty.io.netty.channel.nio.NioEventLoop.run(NioEventLoop.java:458)
	at org.apache.ratis.thirdparty.io.netty.util.concurrent.SingleThreadEventExecutor$5.run(SingleThreadEventExecutor.java:897)
	at org.apache.ratis.thirdparty.io.netty.util.concurrent.FastThreadLocalRunnable.run(FastThreadLocalRunnable.java:30)
	... 1 more
Caused by: java.net.ConnectException: Connection refused
	... 11 more
2019-10-18 14:30:44,990 [681edbc6-a1fc-42a4-b5ce-4922820de60a@group-FD33B9583E3C-LeaderElection214] INFO  impl.LeaderElection (LeaderElection.java:logAndReturn(56)) - 681edbc6-a1fc-42a4-b5ce-4922820de60a@group-FD33B9583E3C-LeaderElection214: Election REJECTED; received 0 response(s) [] and 2 exception(s); 681edbc6-a1fc-42a4-b5ce-4922820de60a@group-FD33B9583E3C:t215, leader=null, voted=681edbc6-a1fc-42a4-b5ce-4922820de60a, raftlog=681edbc6-a1fc-42a4-b5ce-4922820de60a@group-FD33B9583E3C-SegmentedRaftLog:OPENED:c-1,f-1,i0, conf=-1: [3ee7b367-7b16-44e1-99f8-43aefeda0876:192.168.164.233:46080, 681edbc6-a1fc-42a4-b5ce-4922820de60a:192.168.164.233:44267, 773cce60-eeca-4c1f-a5ec-70084be8b6b9:192.168.164.233:38729], old=null
2019-10-18 14:30:44,990 [681edbc6-a1fc-42a4-b5ce-4922820de60a@group-FD33B9583E3C-LeaderElection214] INFO  impl.LeaderElection (LogUtils.java:infoOrTrace(149)) -   Exception 0: {}
java.util.concurrent.ExecutionException: org.apache.ratis.thirdparty.io.grpc.StatusRuntimeException: UNAVAILABLE: io exception
	at java.util.concurrent.FutureTask.report(FutureTask.java:122)
	at java.util.concurrent.FutureTask.get(FutureTask.java:192)
	at org.apache.ratis.server.impl.LeaderElection.waitForResults(LeaderElection.java:259)
	at org.apache.ratis.server.impl.LeaderElection.askForVotes(LeaderElection.java:197)
	at org.apache.ratis.server.impl.LeaderElection.run(LeaderElection.java:133)
	at java.lang.Thread.run(Thread.java:748)
Caused by: org.apache.ratis.thirdparty.io.grpc.StatusRuntimeException: UNAVAILABLE: io exception
	at org.apache.ratis.thirdparty.io.grpc.stub.ClientCalls.toStatusRuntimeException(ClientCalls.java:233)
	at org.apache.ratis.thirdparty.io.grpc.stub.ClientCalls.getUnchecked(ClientCalls.java:214)
	at org.apache.ratis.thirdparty.io.grpc.stub.ClientCalls.blockingUnaryCall(ClientCalls.java:139)
	at org.apache.ratis.proto.grpc.RaftServerProtocolServiceGrpc$RaftServerProtocolServiceBlockingStub.requestVote(RaftServerProtocolServiceGrpc.java:265)
	at org.apache.ratis.grpc.server.GrpcServerProtocolClient.requestVote(GrpcServerProtocolClient.java:99)
	at org.apache.ratis.grpc.server.GrpcService.requestVote(GrpcService.java:204)
	at org.apache.ratis.server.impl.LeaderElection.lambda$submitRequests$1(LeaderElection.java:234)
	at java.util.concurrent.FutureTask.run(FutureTask.java:266)
	at java.util.concurrent.Executors$RunnableAdapter.call(Executors.java:511)
	at java.util.concurrent.FutureTask.run(FutureTask.java:266)
	at java.util.concurrent.ThreadPoolExecutor.runWorker(ThreadPoolExecutor.java:1149)
	at java.util.concurrent.ThreadPoolExecutor$Worker.run(ThreadPoolExecutor.java:624)
	... 1 more
Caused by: org.apache.ratis.thirdparty.io.netty.channel.AbstractChannel$AnnotatedConnectException: Connection refused: /192.168.164.233:46080
	at sun.nio.ch.SocketChannelImpl.checkConnect(Native Method)
	at sun.nio.ch.SocketChannelImpl.finishConnect(SocketChannelImpl.java:717)
	at org.apache.ratis.thirdparty.io.netty.channel.socket.nio.NioSocketChannel.doFinishConnect(NioSocketChannel.java:327)
	at org.apache.ratis.thirdparty.io.netty.channel.nio.AbstractNioChannel$AbstractNioUnsafe.finishConnect(AbstractNioChannel.java:340)
	at org.apache.ratis.thirdparty.io.netty.channel.nio.NioEventLoop.processSelectedKey(NioEventLoop.java:632)
	at org.apache.ratis.thirdparty.io.netty.channel.nio.NioEventLoop.processSelectedKeysOptimized(NioEventLoop.java:579)
	at org.apache.ratis.thirdparty.io.netty.channel.nio.NioEventLoop.processSelectedKeys(NioEventLoop.java:496)
	at org.apache.ratis.thirdparty.io.netty.channel.nio.NioEventLoop.run(NioEventLoop.java:458)
	at org.apache.ratis.thirdparty.io.netty.util.concurrent.SingleThreadEventExecutor$5.run(SingleThreadEventExecutor.java:897)
	at org.apache.ratis.thirdparty.io.netty.util.concurrent.FastThreadLocalRunnable.run(FastThreadLocalRunnable.java:30)
	... 1 more
Caused by: java.net.ConnectException: Connection refused
	... 11 more
2019-10-18 14:30:44,990 [681edbc6-a1fc-42a4-b5ce-4922820de60a@group-FD33B9583E3C-LeaderElection214] INFO  impl.LeaderElection (LogUtils.java:infoOrTrace(149)) -   Exception 1: {}
java.util.concurrent.ExecutionException: org.apache.ratis.thirdparty.io.grpc.StatusRuntimeException: UNAVAILABLE: io exception
	at java.util.concurrent.FutureTask.report(FutureTask.java:122)
	at java.util.concurrent.FutureTask.get(FutureTask.java:192)
	at org.apache.ratis.server.impl.LeaderElection.waitForResults(LeaderElection.java:259)
	at org.apache.ratis.server.impl.LeaderElection.askForVotes(LeaderElection.java:197)
	at org.apache.ratis.server.impl.LeaderElection.run(LeaderElection.java:133)
	at java.lang.Thread.run(Thread.java:748)
Caused by: org.apache.ratis.thirdparty.io.grpc.StatusRuntimeException: UNAVAILABLE: io exception
	at org.apache.ratis.thirdparty.io.grpc.stub.ClientCalls.toStatusRuntimeException(ClientCalls.java:233)
	at org.apache.ratis.thirdparty.io.grpc.stub.ClientCalls.getUnchecked(ClientCalls.java:214)
	at org.apache.ratis.thirdparty.io.grpc.stub.ClientCalls.blockingUnaryCall(ClientCalls.java:139)
	at org.apache.ratis.proto.grpc.RaftServerProtocolServiceGrpc$RaftServerProtocolServiceBlockingStub.requestVote(RaftServerProtocolServiceGrpc.java:265)
	at org.apache.ratis.grpc.server.GrpcServerProtocolClient.requestVote(GrpcServerProtocolClient.java:99)
	at org.apache.ratis.grpc.server.GrpcService.requestVote(GrpcService.java:204)
	at org.apache.ratis.server.impl.LeaderElection.lambda$submitRequests$1(LeaderElection.java:234)
	at java.util.concurrent.FutureTask.run(FutureTask.java:266)
	at java.util.concurrent.Executors$RunnableAdapter.call(Executors.java:511)
	at java.util.concurrent.FutureTask.run(FutureTask.java:266)
	at java.util.concurrent.ThreadPoolExecutor.runWorker(ThreadPoolExecutor.java:1149)
	at java.util.concurrent.ThreadPoolExecutor$Worker.run(ThreadPoolExecutor.java:624)
	... 1 more
Caused by: org.apache.ratis.thirdparty.io.netty.channel.AbstractChannel$AnnotatedConnectException: Connection refused: /192.168.164.233:38729
	at sun.nio.ch.SocketChannelImpl.checkConnect(Native Method)
	at sun.nio.ch.SocketChannelImpl.finishConnect(SocketChannelImpl.java:717)
	at org.apache.ratis.thirdparty.io.netty.channel.socket.nio.NioSocketChannel.doFinishConnect(NioSocketChannel.java:327)
	at org.apache.ratis.thirdparty.io.netty.channel.nio.AbstractNioChannel$AbstractNioUnsafe.finishConnect(AbstractNioChannel.java:340)
	at org.apache.ratis.thirdparty.io.netty.channel.nio.NioEventLoop.processSelectedKey(NioEventLoop.java:632)
	at org.apache.ratis.thirdparty.io.netty.channel.nio.NioEventLoop.processSelectedKeysOptimized(NioEventLoop.java:579)
	at org.apache.ratis.thirdparty.io.netty.channel.nio.NioEventLoop.processSelectedKeys(NioEventLoop.java:496)
	at org.apache.ratis.thirdparty.io.netty.channel.nio.NioEventLoop.run(NioEventLoop.java:458)
	at org.apache.ratis.thirdparty.io.netty.util.concurrent.SingleThreadEventExecutor$5.run(SingleThreadEventExecutor.java:897)
	at org.apache.ratis.thirdparty.io.netty.util.concurrent.FastThreadLocalRunnable.run(FastThreadLocalRunnable.java:30)
	... 1 more
Caused by: java.net.ConnectException: Connection refused
	... 11 more
2019-10-18 14:30:44,990 [681edbc6-a1fc-42a4-b5ce-4922820de60a@group-FD33B9583E3C-LeaderElection214] INFO  impl.RaftServerImpl (RaftServerImpl.java:setRole(184)) - 681edbc6-a1fc-42a4-b5ce-4922820de60a@group-FD33B9583E3C: changes role from CANDIDATE to FOLLOWER at term 215 for DISCOVERED_A_NEW_TERM
2019-10-18 14:30:44,990 [681edbc6-a1fc-42a4-b5ce-4922820de60a@group-FD33B9583E3C-LeaderElection214] INFO  impl.RoleInfo (RoleInfo.java:shutdownLeaderElection(134)) - 681edbc6-a1fc-42a4-b5ce-4922820de60a: shutdown LeaderElection
2019-10-18 14:30:44,991 [681edbc6-a1fc-42a4-b5ce-4922820de60a@group-FD33B9583E3C-LeaderElection214] INFO  impl.RoleInfo (RoleInfo.java:updateAndGet(143)) - 681edbc6-a1fc-42a4-b5ce-4922820de60a: start FollowerState
2019-10-18 14:30:45,004 [Thread-1834] INFO  impl.FollowerState (FollowerState.java:run(108)) - 681edbc6-a1fc-42a4-b5ce-4922820de60a@group-FD33B9583E3C-FollowerState: change to CANDIDATE, lastRpcTime:13ms, electionTimeout:13ms
2019-10-18 14:30:45,004 [Thread-1834] INFO  impl.RoleInfo (RoleInfo.java:shutdownFollowerState(121)) - 681edbc6-a1fc-42a4-b5ce-4922820de60a: shutdown FollowerState
2019-10-18 14:30:45,004 [Thread-1834] INFO  impl.RaftServerImpl (RaftServerImpl.java:setRole(184)) - 681edbc6-a1fc-42a4-b5ce-4922820de60a@group-FD33B9583E3C: changes role from  FOLLOWER to CANDIDATE at term 215 for changeToCandidate
2019-10-18 14:30:45,004 [Thread-1834] INFO  impl.RoleInfo (RoleInfo.java:updateAndGet(143)) - 681edbc6-a1fc-42a4-b5ce-4922820de60a: start LeaderElection
2019-10-18 14:30:45,018 [681edbc6-a1fc-42a4-b5ce-4922820de60a@group-FD33B9583E3C-LeaderElection215] INFO  impl.LeaderElection (LeaderElection.java:askForVotes(178)) - 681edbc6-a1fc-42a4-b5ce-4922820de60a@group-FD33B9583E3C-LeaderElection215: begin an election at term 216 for -1: [3ee7b367-7b16-44e1-99f8-43aefeda0876:192.168.164.233:46080, 681edbc6-a1fc-42a4-b5ce-4922820de60a:192.168.164.233:44267, 773cce60-eeca-4c1f-a5ec-70084be8b6b9:192.168.164.233:38729], old=null
2019-10-18 14:30:45,018 [681edbc6-a1fc-42a4-b5ce-4922820de60a@group-FD33B9583E3C-LeaderElection215] INFO  impl.LeaderElection (LogUtils.java:infoOrTrace(149)) - 681edbc6-a1fc-42a4-b5ce-4922820de60a@group-FD33B9583E3C-LeaderElection215 got exception when requesting votes: {}
java.util.concurrent.ExecutionException: org.apache.ratis.thirdparty.io.grpc.StatusRuntimeException: UNAVAILABLE: io exception
	at java.util.concurrent.FutureTask.report(FutureTask.java:122)
	at java.util.concurrent.FutureTask.get(FutureTask.java:192)
	at org.apache.ratis.server.impl.LeaderElection.waitForResults(LeaderElection.java:259)
	at org.apache.ratis.server.impl.LeaderElection.askForVotes(LeaderElection.java:197)
	at org.apache.ratis.server.impl.LeaderElection.run(LeaderElection.java:133)
	at java.lang.Thread.run(Thread.java:748)
Caused by: org.apache.ratis.thirdparty.io.grpc.StatusRuntimeException: UNAVAILABLE: io exception
	at org.apache.ratis.thirdparty.io.grpc.stub.ClientCalls.toStatusRuntimeException(ClientCalls.java:233)
	at org.apache.ratis.thirdparty.io.grpc.stub.ClientCalls.getUnchecked(ClientCalls.java:214)
	at org.apache.ratis.thirdparty.io.grpc.stub.ClientCalls.blockingUnaryCall(ClientCalls.java:139)
	at org.apache.ratis.proto.grpc.RaftServerProtocolServiceGrpc$RaftServerProtocolServiceBlockingStub.requestVote(RaftServerProtocolServiceGrpc.java:265)
	at org.apache.ratis.grpc.server.GrpcServerProtocolClient.requestVote(GrpcServerProtocolClient.java:99)
	at org.apache.ratis.grpc.server.GrpcService.requestVote(GrpcService.java:204)
	at org.apache.ratis.server.impl.LeaderElection.lambda$submitRequests$1(LeaderElection.java:234)
	at java.util.concurrent.FutureTask.run(FutureTask.java:266)
	at java.util.concurrent.Executors$RunnableAdapter.call(Executors.java:511)
	at java.util.concurrent.FutureTask.run(FutureTask.java:266)
	at java.util.concurrent.ThreadPoolExecutor.runWorker(ThreadPoolExecutor.java:1149)
	at java.util.concurrent.ThreadPoolExecutor$Worker.run(ThreadPoolExecutor.java:624)
	... 1 more
Caused by: org.apache.ratis.thirdparty.io.netty.channel.AbstractChannel$AnnotatedConnectException: Connection refused: /192.168.164.233:46080
	at sun.nio.ch.SocketChannelImpl.checkConnect(Native Method)
	at sun.nio.ch.SocketChannelImpl.finishConnect(SocketChannelImpl.java:717)
	at org.apache.ratis.thirdparty.io.netty.channel.socket.nio.NioSocketChannel.doFinishConnect(NioSocketChannel.java:327)
	at org.apache.ratis.thirdparty.io.netty.channel.nio.AbstractNioChannel$AbstractNioUnsafe.finishConnect(AbstractNioChannel.java:340)
	at org.apache.ratis.thirdparty.io.netty.channel.nio.NioEventLoop.processSelectedKey(NioEventLoop.java:632)
	at org.apache.ratis.thirdparty.io.netty.channel.nio.NioEventLoop.processSelectedKeysOptimized(NioEventLoop.java:579)
	at org.apache.ratis.thirdparty.io.netty.channel.nio.NioEventLoop.processSelectedKeys(NioEventLoop.java:496)
	at org.apache.ratis.thirdparty.io.netty.channel.nio.NioEventLoop.run(NioEventLoop.java:458)
	at org.apache.ratis.thirdparty.io.netty.util.concurrent.SingleThreadEventExecutor$5.run(SingleThreadEventExecutor.java:897)
	at org.apache.ratis.thirdparty.io.netty.util.concurrent.FastThreadLocalRunnable.run(FastThreadLocalRunnable.java:30)
	... 1 more
Caused by: java.net.ConnectException: Connection refused
	... 11 more
2019-10-18 14:30:45,019 [681edbc6-a1fc-42a4-b5ce-4922820de60a@group-FD33B9583E3C-LeaderElection215] INFO  impl.LeaderElection (LogUtils.java:infoOrTrace(149)) - 681edbc6-a1fc-42a4-b5ce-4922820de60a@group-FD33B9583E3C-LeaderElection215 got exception when requesting votes: {}
java.util.concurrent.ExecutionException: org.apache.ratis.thirdparty.io.grpc.StatusRuntimeException: UNAVAILABLE: io exception
	at java.util.concurrent.FutureTask.report(FutureTask.java:122)
	at java.util.concurrent.FutureTask.get(FutureTask.java:192)
	at org.apache.ratis.server.impl.LeaderElection.waitForResults(LeaderElection.java:259)
	at org.apache.ratis.server.impl.LeaderElection.askForVotes(LeaderElection.java:197)
	at org.apache.ratis.server.impl.LeaderElection.run(LeaderElection.java:133)
	at java.lang.Thread.run(Thread.java:748)
Caused by: org.apache.ratis.thirdparty.io.grpc.StatusRuntimeException: UNAVAILABLE: io exception
	at org.apache.ratis.thirdparty.io.grpc.stub.ClientCalls.toStatusRuntimeException(ClientCalls.java:233)
	at org.apache.ratis.thirdparty.io.grpc.stub.ClientCalls.getUnchecked(ClientCalls.java:214)
	at org.apache.ratis.thirdparty.io.grpc.stub.ClientCalls.blockingUnaryCall(ClientCalls.java:139)
	at org.apache.ratis.proto.grpc.RaftServerProtocolServiceGrpc$RaftServerProtocolServiceBlockingStub.requestVote(RaftServerProtocolServiceGrpc.java:265)
	at org.apache.ratis.grpc.server.GrpcServerProtocolClient.requestVote(GrpcServerProtocolClient.java:99)
	at org.apache.ratis.grpc.server.GrpcService.requestVote(GrpcService.java:204)
	at org.apache.ratis.server.impl.LeaderElection.lambda$submitRequests$1(LeaderElection.java:234)
	at java.util.concurrent.FutureTask.run(FutureTask.java:266)
	at java.util.concurrent.Executors$RunnableAdapter.call(Executors.java:511)
	at java.util.concurrent.FutureTask.run(FutureTask.java:266)
	at java.util.concurrent.ThreadPoolExecutor.runWorker(ThreadPoolExecutor.java:1149)
	at java.util.concurrent.ThreadPoolExecutor$Worker.run(ThreadPoolExecutor.java:624)
	... 1 more
Caused by: org.apache.ratis.thirdparty.io.netty.channel.AbstractChannel$AnnotatedConnectException: Connection refused: /192.168.164.233:38729
	at sun.nio.ch.SocketChannelImpl.checkConnect(Native Method)
	at sun.nio.ch.SocketChannelImpl.finishConnect(SocketChannelImpl.java:717)
	at org.apache.ratis.thirdparty.io.netty.channel.socket.nio.NioSocketChannel.doFinishConnect(NioSocketChannel.java:327)
	at org.apache.ratis.thirdparty.io.netty.channel.nio.AbstractNioChannel$AbstractNioUnsafe.finishConnect(AbstractNioChannel.java:340)
	at org.apache.ratis.thirdparty.io.netty.channel.nio.NioEventLoop.processSelectedKey(NioEventLoop.java:632)
	at org.apache.ratis.thirdparty.io.netty.channel.nio.NioEventLoop.processSelectedKeysOptimized(NioEventLoop.java:579)
	at org.apache.ratis.thirdparty.io.netty.channel.nio.NioEventLoop.processSelectedKeys(NioEventLoop.java:496)
	at org.apache.ratis.thirdparty.io.netty.channel.nio.NioEventLoop.run(NioEventLoop.java:458)
	at org.apache.ratis.thirdparty.io.netty.util.concurrent.SingleThreadEventExecutor$5.run(SingleThreadEventExecutor.java:897)
	at org.apache.ratis.thirdparty.io.netty.util.concurrent.FastThreadLocalRunnable.run(FastThreadLocalRunnable.java:30)
	... 1 more
Caused by: java.net.ConnectException: Connection refused
	... 11 more
2019-10-18 14:30:45,019 [681edbc6-a1fc-42a4-b5ce-4922820de60a@group-FD33B9583E3C-LeaderElection215] INFO  impl.LeaderElection (LeaderElection.java:logAndReturn(56)) - 681edbc6-a1fc-42a4-b5ce-4922820de60a@group-FD33B9583E3C-LeaderElection215: Election REJECTED; received 0 response(s) [] and 2 exception(s); 681edbc6-a1fc-42a4-b5ce-4922820de60a@group-FD33B9583E3C:t216, leader=null, voted=681edbc6-a1fc-42a4-b5ce-4922820de60a, raftlog=681edbc6-a1fc-42a4-b5ce-4922820de60a@group-FD33B9583E3C-SegmentedRaftLog:OPENED:c-1,f-1,i0, conf=-1: [3ee7b367-7b16-44e1-99f8-43aefeda0876:192.168.164.233:46080, 681edbc6-a1fc-42a4-b5ce-4922820de60a:192.168.164.233:44267, 773cce60-eeca-4c1f-a5ec-70084be8b6b9:192.168.164.233:38729], old=null
2019-10-18 14:30:45,019 [681edbc6-a1fc-42a4-b5ce-4922820de60a@group-FD33B9583E3C-LeaderElection215] INFO  impl.LeaderElection (LogUtils.java:infoOrTrace(149)) -   Exception 0: {}
java.util.concurrent.ExecutionException: org.apache.ratis.thirdparty.io.grpc.StatusRuntimeException: UNAVAILABLE: io exception
	at java.util.concurrent.FutureTask.report(FutureTask.java:122)
	at java.util.concurrent.FutureTask.get(FutureTask.java:192)
	at org.apache.ratis.server.impl.LeaderElection.waitForResults(LeaderElection.java:259)
	at org.apache.ratis.server.impl.LeaderElection.askForVotes(LeaderElection.java:197)
	at org.apache.ratis.server.impl.LeaderElection.run(LeaderElection.java:133)
	at java.lang.Thread.run(Thread.java:748)
Caused by: org.apache.ratis.thirdparty.io.grpc.StatusRuntimeException: UNAVAILABLE: io exception
	at org.apache.ratis.thirdparty.io.grpc.stub.ClientCalls.toStatusRuntimeException(ClientCalls.java:233)
	at org.apache.ratis.thirdparty.io.grpc.stub.ClientCalls.getUnchecked(ClientCalls.java:214)
	at org.apache.ratis.thirdparty.io.grpc.stub.ClientCalls.blockingUnaryCall(ClientCalls.java:139)
	at org.apache.ratis.proto.grpc.RaftServerProtocolServiceGrpc$RaftServerProtocolServiceBlockingStub.requestVote(RaftServerProtocolServiceGrpc.java:265)
	at org.apache.ratis.grpc.server.GrpcServerProtocolClient.requestVote(GrpcServerProtocolClient.java:99)
	at org.apache.ratis.grpc.server.GrpcService.requestVote(GrpcService.java:204)
	at org.apache.ratis.server.impl.LeaderElection.lambda$submitRequests$1(LeaderElection.java:234)
	at java.util.concurrent.FutureTask.run(FutureTask.java:266)
	at java.util.concurrent.Executors$RunnableAdapter.call(Executors.java:511)
	at java.util.concurrent.FutureTask.run(FutureTask.java:266)
	at java.util.concurrent.ThreadPoolExecutor.runWorker(ThreadPoolExecutor.java:1149)
	at java.util.concurrent.ThreadPoolExecutor$Worker.run(ThreadPoolExecutor.java:624)
	... 1 more
Caused by: org.apache.ratis.thirdparty.io.netty.channel.AbstractChannel$AnnotatedConnectException: Connection refused: /192.168.164.233:46080
	at sun.nio.ch.SocketChannelImpl.checkConnect(Native Method)
	at sun.nio.ch.SocketChannelImpl.finishConnect(SocketChannelImpl.java:717)
	at org.apache.ratis.thirdparty.io.netty.channel.socket.nio.NioSocketChannel.doFinishConnect(NioSocketChannel.java:327)
	at org.apache.ratis.thirdparty.io.netty.channel.nio.AbstractNioChannel$AbstractNioUnsafe.finishConnect(AbstractNioChannel.java:340)
	at org.apache.ratis.thirdparty.io.netty.channel.nio.NioEventLoop.processSelectedKey(NioEventLoop.java:632)
	at org.apache.ratis.thirdparty.io.netty.channel.nio.NioEventLoop.processSelectedKeysOptimized(NioEventLoop.java:579)
	at org.apache.ratis.thirdparty.io.netty.channel.nio.NioEventLoop.processSelectedKeys(NioEventLoop.java:496)
	at org.apache.ratis.thirdparty.io.netty.channel.nio.NioEventLoop.run(NioEventLoop.java:458)
	at org.apache.ratis.thirdparty.io.netty.util.concurrent.SingleThreadEventExecutor$5.run(SingleThreadEventExecutor.java:897)
	at org.apache.ratis.thirdparty.io.netty.util.concurrent.FastThreadLocalRunnable.run(FastThreadLocalRunnable.java:30)
	... 1 more
Caused by: java.net.ConnectException: Connection refused
	... 11 more
2019-10-18 14:30:45,019 [681edbc6-a1fc-42a4-b5ce-4922820de60a@group-FD33B9583E3C-LeaderElection215] INFO  impl.LeaderElection (LogUtils.java:infoOrTrace(149)) -   Exception 1: {}
java.util.concurrent.ExecutionException: org.apache.ratis.thirdparty.io.grpc.StatusRuntimeException: UNAVAILABLE: io exception
	at java.util.concurrent.FutureTask.report(FutureTask.java:122)
	at java.util.concurrent.FutureTask.get(FutureTask.java:192)
	at org.apache.ratis.server.impl.LeaderElection.waitForResults(LeaderElection.java:259)
	at org.apache.ratis.server.impl.LeaderElection.askForVotes(LeaderElection.java:197)
	at org.apache.ratis.server.impl.LeaderElection.run(LeaderElection.java:133)
	at java.lang.Thread.run(Thread.java:748)
Caused by: org.apache.ratis.thirdparty.io.grpc.StatusRuntimeException: UNAVAILABLE: io exception
	at org.apache.ratis.thirdparty.io.grpc.stub.ClientCalls.toStatusRuntimeException(ClientCalls.java:233)
	at org.apache.ratis.thirdparty.io.grpc.stub.ClientCalls.getUnchecked(ClientCalls.java:214)
	at org.apache.ratis.thirdparty.io.grpc.stub.ClientCalls.blockingUnaryCall(ClientCalls.java:139)
	at org.apache.ratis.proto.grpc.RaftServerProtocolServiceGrpc$RaftServerProtocolServiceBlockingStub.requestVote(RaftServerProtocolServiceGrpc.java:265)
	at org.apache.ratis.grpc.server.GrpcServerProtocolClient.requestVote(GrpcServerProtocolClient.java:99)
	at org.apache.ratis.grpc.server.GrpcService.requestVote(GrpcService.java:204)
	at org.apache.ratis.server.impl.LeaderElection.lambda$submitRequests$1(LeaderElection.java:234)
	at java.util.concurrent.FutureTask.run(FutureTask.java:266)
	at java.util.concurrent.Executors$RunnableAdapter.call(Executors.java:511)
	at java.util.concurrent.FutureTask.run(FutureTask.java:266)
	at java.util.concurrent.ThreadPoolExecutor.runWorker(ThreadPoolExecutor.java:1149)
	at java.util.concurrent.ThreadPoolExecutor$Worker.run(ThreadPoolExecutor.java:624)
	... 1 more
Caused by: org.apache.ratis.thirdparty.io.netty.channel.AbstractChannel$AnnotatedConnectException: Connection refused: /192.168.164.233:38729
	at sun.nio.ch.SocketChannelImpl.checkConnect(Native Method)
	at sun.nio.ch.SocketChannelImpl.finishConnect(SocketChannelImpl.java:717)
	at org.apache.ratis.thirdparty.io.netty.channel.socket.nio.NioSocketChannel.doFinishConnect(NioSocketChannel.java:327)
	at org.apache.ratis.thirdparty.io.netty.channel.nio.AbstractNioChannel$AbstractNioUnsafe.finishConnect(AbstractNioChannel.java:340)
	at org.apache.ratis.thirdparty.io.netty.channel.nio.NioEventLoop.processSelectedKey(NioEventLoop.java:632)
	at org.apache.ratis.thirdparty.io.netty.channel.nio.NioEventLoop.processSelectedKeysOptimized(NioEventLoop.java:579)
	at org.apache.ratis.thirdparty.io.netty.channel.nio.NioEventLoop.processSelectedKeys(NioEventLoop.java:496)
	at org.apache.ratis.thirdparty.io.netty.channel.nio.NioEventLoop.run(NioEventLoop.java:458)
	at org.apache.ratis.thirdparty.io.netty.util.concurrent.SingleThreadEventExecutor$5.run(SingleThreadEventExecutor.java:897)
	at org.apache.ratis.thirdparty.io.netty.util.concurrent.FastThreadLocalRunnable.run(FastThreadLocalRunnable.java:30)
	... 1 more
Caused by: java.net.ConnectException: Connection refused
	... 11 more
2019-10-18 14:30:45,020 [681edbc6-a1fc-42a4-b5ce-4922820de60a@group-FD33B9583E3C-LeaderElection215] INFO  impl.RaftServerImpl (RaftServerImpl.java:setRole(184)) - 681edbc6-a1fc-42a4-b5ce-4922820de60a@group-FD33B9583E3C: changes role from CANDIDATE to FOLLOWER at term 216 for DISCOVERED_A_NEW_TERM
2019-10-18 14:30:45,020 [681edbc6-a1fc-42a4-b5ce-4922820de60a@group-FD33B9583E3C-LeaderElection215] INFO  impl.RoleInfo (RoleInfo.java:shutdownLeaderElection(134)) - 681edbc6-a1fc-42a4-b5ce-4922820de60a: shutdown LeaderElection
2019-10-18 14:30:45,020 [681edbc6-a1fc-42a4-b5ce-4922820de60a@group-FD33B9583E3C-LeaderElection215] INFO  impl.RoleInfo (RoleInfo.java:updateAndGet(143)) - 681edbc6-a1fc-42a4-b5ce-4922820de60a: start FollowerState
2019-10-18 14:30:45,089 [Datanode State Machine Thread - 0] INFO  statemachine.DatanodeStateMachine (DatanodeStateMachine.java:lambda$startDaemon$0(350)) - Ozone container server started.
2019-10-18 14:30:45,125 [Thread-1838] INFO  impl.FollowerState (FollowerState.java:run(108)) - 681edbc6-a1fc-42a4-b5ce-4922820de60a@group-FD33B9583E3C-FollowerState: change to CANDIDATE, lastRpcTime:105ms, electionTimeout:105ms
2019-10-18 14:30:45,125 [Thread-1838] INFO  impl.RoleInfo (RoleInfo.java:shutdownFollowerState(121)) - 681edbc6-a1fc-42a4-b5ce-4922820de60a: shutdown FollowerState
2019-10-18 14:30:45,125 [Thread-1838] INFO  impl.RaftServerImpl (RaftServerImpl.java:setRole(184)) - 681edbc6-a1fc-42a4-b5ce-4922820de60a@group-FD33B9583E3C: changes role from  FOLLOWER to CANDIDATE at term 216 for changeToCandidate
2019-10-18 14:30:45,125 [Thread-1838] INFO  impl.RoleInfo (RoleInfo.java:updateAndGet(143)) - 681edbc6-a1fc-42a4-b5ce-4922820de60a: start LeaderElection
2019-10-18 14:30:45,138 [681edbc6-a1fc-42a4-b5ce-4922820de60a@group-FD33B9583E3C-LeaderElection216] INFO  impl.LeaderElection (LeaderElection.java:askForVotes(178)) - 681edbc6-a1fc-42a4-b5ce-4922820de60a@group-FD33B9583E3C-LeaderElection216: begin an election at term 217 for -1: [3ee7b367-7b16-44e1-99f8-43aefeda0876:192.168.164.233:46080, 681edbc6-a1fc-42a4-b5ce-4922820de60a:192.168.164.233:44267, 773cce60-eeca-4c1f-a5ec-70084be8b6b9:192.168.164.233:38729], old=null
2019-10-18 14:30:45,139 [681edbc6-a1fc-42a4-b5ce-4922820de60a@group-FD33B9583E3C-LeaderElection216] INFO  impl.LeaderElection (LogUtils.java:infoOrTrace(149)) - 681edbc6-a1fc-42a4-b5ce-4922820de60a@group-FD33B9583E3C-LeaderElection216 got exception when requesting votes: {}
java.util.concurrent.ExecutionException: org.apache.ratis.thirdparty.io.grpc.StatusRuntimeException: UNAVAILABLE: io exception
	at java.util.concurrent.FutureTask.report(FutureTask.java:122)
	at java.util.concurrent.FutureTask.get(FutureTask.java:192)
	at org.apache.ratis.server.impl.LeaderElection.waitForResults(LeaderElection.java:259)
	at org.apache.ratis.server.impl.LeaderElection.askForVotes(LeaderElection.java:197)
	at org.apache.ratis.server.impl.LeaderElection.run(LeaderElection.java:133)
	at java.lang.Thread.run(Thread.java:748)
Caused by: org.apache.ratis.thirdparty.io.grpc.StatusRuntimeException: UNAVAILABLE: io exception
	at org.apache.ratis.thirdparty.io.grpc.stub.ClientCalls.toStatusRuntimeException(ClientCalls.java:233)
	at org.apache.ratis.thirdparty.io.grpc.stub.ClientCalls.getUnchecked(ClientCalls.java:214)
	at org.apache.ratis.thirdparty.io.grpc.stub.ClientCalls.blockingUnaryCall(ClientCalls.java:139)
	at org.apache.ratis.proto.grpc.RaftServerProtocolServiceGrpc$RaftServerProtocolServiceBlockingStub.requestVote(RaftServerProtocolServiceGrpc.java:265)
	at org.apache.ratis.grpc.server.GrpcServerProtocolClient.requestVote(GrpcServerProtocolClient.java:99)
	at org.apache.ratis.grpc.server.GrpcService.requestVote(GrpcService.java:204)
	at org.apache.ratis.server.impl.LeaderElection.lambda$submitRequests$1(LeaderElection.java:234)
	at java.util.concurrent.FutureTask.run(FutureTask.java:266)
	at java.util.concurrent.Executors$RunnableAdapter.call(Executors.java:511)
	at java.util.concurrent.FutureTask.run(FutureTask.java:266)
	at java.util.concurrent.ThreadPoolExecutor.runWorker(ThreadPoolExecutor.java:1149)
	at java.util.concurrent.ThreadPoolExecutor$Worker.run(ThreadPoolExecutor.java:624)
	... 1 more
Caused by: org.apache.ratis.thirdparty.io.netty.channel.AbstractChannel$AnnotatedConnectException: Connection refused: /192.168.164.233:46080
	at sun.nio.ch.SocketChannelImpl.checkConnect(Native Method)
	at sun.nio.ch.SocketChannelImpl.finishConnect(SocketChannelImpl.java:717)
	at org.apache.ratis.thirdparty.io.netty.channel.socket.nio.NioSocketChannel.doFinishConnect(NioSocketChannel.java:327)
	at org.apache.ratis.thirdparty.io.netty.channel.nio.AbstractNioChannel$AbstractNioUnsafe.finishConnect(AbstractNioChannel.java:340)
	at org.apache.ratis.thirdparty.io.netty.channel.nio.NioEventLoop.processSelectedKey(NioEventLoop.java:632)
	at org.apache.ratis.thirdparty.io.netty.channel.nio.NioEventLoop.processSelectedKeysOptimized(NioEventLoop.java:579)
	at org.apache.ratis.thirdparty.io.netty.channel.nio.NioEventLoop.processSelectedKeys(NioEventLoop.java:496)
	at org.apache.ratis.thirdparty.io.netty.channel.nio.NioEventLoop.run(NioEventLoop.java:458)
	at org.apache.ratis.thirdparty.io.netty.util.concurrent.SingleThreadEventExecutor$5.run(SingleThreadEventExecutor.java:897)
	at org.apache.ratis.thirdparty.io.netty.util.concurrent.FastThreadLocalRunnable.run(FastThreadLocalRunnable.java:30)
	... 1 more
Caused by: java.net.ConnectException: Connection refused
	... 11 more
2019-10-18 14:30:45,140 [681edbc6-a1fc-42a4-b5ce-4922820de60a@group-FD33B9583E3C-LeaderElection216] INFO  impl.LeaderElection (LogUtils.java:infoOrTrace(149)) - 681edbc6-a1fc-42a4-b5ce-4922820de60a@group-FD33B9583E3C-LeaderElection216 got exception when requesting votes: {}
java.util.concurrent.ExecutionException: org.apache.ratis.thirdparty.io.grpc.StatusRuntimeException: UNAVAILABLE: io exception
	at java.util.concurrent.FutureTask.report(FutureTask.java:122)
	at java.util.concurrent.FutureTask.get(FutureTask.java:192)
	at org.apache.ratis.server.impl.LeaderElection.waitForResults(LeaderElection.java:259)
	at org.apache.ratis.server.impl.LeaderElection.askForVotes(LeaderElection.java:197)
	at org.apache.ratis.server.impl.LeaderElection.run(LeaderElection.java:133)
	at java.lang.Thread.run(Thread.java:748)
Caused by: org.apache.ratis.thirdparty.io.grpc.StatusRuntimeException: UNAVAILABLE: io exception
	at org.apache.ratis.thirdparty.io.grpc.stub.ClientCalls.toStatusRuntimeException(ClientCalls.java:233)
	at org.apache.ratis.thirdparty.io.grpc.stub.ClientCalls.getUnchecked(ClientCalls.java:214)
	at org.apache.ratis.thirdparty.io.grpc.stub.ClientCalls.blockingUnaryCall(ClientCalls.java:139)
	at org.apache.ratis.proto.grpc.RaftServerProtocolServiceGrpc$RaftServerProtocolServiceBlockingStub.requestVote(RaftServerProtocolServiceGrpc.java:265)
	at org.apache.ratis.grpc.server.GrpcServerProtocolClient.requestVote(GrpcServerProtocolClient.java:99)
	at org.apache.ratis.grpc.server.GrpcService.requestVote(GrpcService.java:204)
	at org.apache.ratis.server.impl.LeaderElection.lambda$submitRequests$1(LeaderElection.java:234)
	at java.util.concurrent.FutureTask.run(FutureTask.java:266)
	at java.util.concurrent.Executors$RunnableAdapter.call(Executors.java:511)
	at java.util.concurrent.FutureTask.run(FutureTask.java:266)
	at java.util.concurrent.ThreadPoolExecutor.runWorker(ThreadPoolExecutor.java:1149)
	at java.util.concurrent.ThreadPoolExecutor$Worker.run(ThreadPoolExecutor.java:624)
	... 1 more
Caused by: org.apache.ratis.thirdparty.io.netty.channel.AbstractChannel$AnnotatedConnectException: Connection refused: /192.168.164.233:38729
	at sun.nio.ch.SocketChannelImpl.checkConnect(Native Method)
	at sun.nio.ch.SocketChannelImpl.finishConnect(SocketChannelImpl.java:717)
	at org.apache.ratis.thirdparty.io.netty.channel.socket.nio.NioSocketChannel.doFinishConnect(NioSocketChannel.java:327)
	at org.apache.ratis.thirdparty.io.netty.channel.nio.AbstractNioChannel$AbstractNioUnsafe.finishConnect(AbstractNioChannel.java:340)
	at org.apache.ratis.thirdparty.io.netty.channel.nio.NioEventLoop.processSelectedKey(NioEventLoop.java:632)
	at org.apache.ratis.thirdparty.io.netty.channel.nio.NioEventLoop.processSelectedKeysOptimized(NioEventLoop.java:579)
	at org.apache.ratis.thirdparty.io.netty.channel.nio.NioEventLoop.processSelectedKeys(NioEventLoop.java:496)
	at org.apache.ratis.thirdparty.io.netty.channel.nio.NioEventLoop.run(NioEventLoop.java:458)
	at org.apache.ratis.thirdparty.io.netty.util.concurrent.SingleThreadEventExecutor$5.run(SingleThreadEventExecutor.java:897)
	at org.apache.ratis.thirdparty.io.netty.util.concurrent.FastThreadLocalRunnable.run(FastThreadLocalRunnable.java:30)
	... 1 more
Caused by: java.net.ConnectException: Connection refused
	... 11 more
2019-10-18 14:30:45,140 [681edbc6-a1fc-42a4-b5ce-4922820de60a@group-FD33B9583E3C-LeaderElection216] INFO  impl.LeaderElection (LeaderElection.java:logAndReturn(56)) - 681edbc6-a1fc-42a4-b5ce-4922820de60a@group-FD33B9583E3C-LeaderElection216: Election REJECTED; received 0 response(s) [] and 2 exception(s); 681edbc6-a1fc-42a4-b5ce-4922820de60a@group-FD33B9583E3C:t217, leader=null, voted=681edbc6-a1fc-42a4-b5ce-4922820de60a, raftlog=681edbc6-a1fc-42a4-b5ce-4922820de60a@group-FD33B9583E3C-SegmentedRaftLog:OPENED:c-1,f-1,i0, conf=-1: [3ee7b367-7b16-44e1-99f8-43aefeda0876:192.168.164.233:46080, 681edbc6-a1fc-42a4-b5ce-4922820de60a:192.168.164.233:44267, 773cce60-eeca-4c1f-a5ec-70084be8b6b9:192.168.164.233:38729], old=null
2019-10-18 14:30:45,140 [681edbc6-a1fc-42a4-b5ce-4922820de60a@group-FD33B9583E3C-LeaderElection216] INFO  impl.LeaderElection (LogUtils.java:infoOrTrace(149)) -   Exception 0: {}
java.util.concurrent.ExecutionException: org.apache.ratis.thirdparty.io.grpc.StatusRuntimeException: UNAVAILABLE: io exception
	at java.util.concurrent.FutureTask.report(FutureTask.java:122)
	at java.util.concurrent.FutureTask.get(FutureTask.java:192)
	at org.apache.ratis.server.impl.LeaderElection.waitForResults(LeaderElection.java:259)
	at org.apache.ratis.server.impl.LeaderElection.askForVotes(LeaderElection.java:197)
	at org.apache.ratis.server.impl.LeaderElection.run(LeaderElection.java:133)
	at java.lang.Thread.run(Thread.java:748)
Caused by: org.apache.ratis.thirdparty.io.grpc.StatusRuntimeException: UNAVAILABLE: io exception
	at org.apache.ratis.thirdparty.io.grpc.stub.ClientCalls.toStatusRuntimeException(ClientCalls.java:233)
	at org.apache.ratis.thirdparty.io.grpc.stub.ClientCalls.getUnchecked(ClientCalls.java:214)
	at org.apache.ratis.thirdparty.io.grpc.stub.ClientCalls.blockingUnaryCall(ClientCalls.java:139)
	at org.apache.ratis.proto.grpc.RaftServerProtocolServiceGrpc$RaftServerProtocolServiceBlockingStub.requestVote(RaftServerProtocolServiceGrpc.java:265)
	at org.apache.ratis.grpc.server.GrpcServerProtocolClient.requestVote(GrpcServerProtocolClient.java:99)
	at org.apache.ratis.grpc.server.GrpcService.requestVote(GrpcService.java:204)
	at org.apache.ratis.server.impl.LeaderElection.lambda$submitRequests$1(LeaderElection.java:234)
	at java.util.concurrent.FutureTask.run(FutureTask.java:266)
	at java.util.concurrent.Executors$RunnableAdapter.call(Executors.java:511)
	at java.util.concurrent.FutureTask.run(FutureTask.java:266)
	at java.util.concurrent.ThreadPoolExecutor.runWorker(ThreadPoolExecutor.java:1149)
	at java.util.concurrent.ThreadPoolExecutor$Worker.run(ThreadPoolExecutor.java:624)
	... 1 more
Caused by: org.apache.ratis.thirdparty.io.netty.channel.AbstractChannel$AnnotatedConnectException: Connection refused: /192.168.164.233:46080
	at sun.nio.ch.SocketChannelImpl.checkConnect(Native Method)
	at sun.nio.ch.SocketChannelImpl.finishConnect(SocketChannelImpl.java:717)
	at org.apache.ratis.thirdparty.io.netty.channel.socket.nio.NioSocketChannel.doFinishConnect(NioSocketChannel.java:327)
	at org.apache.ratis.thirdparty.io.netty.channel.nio.AbstractNioChannel$AbstractNioUnsafe.finishConnect(AbstractNioChannel.java:340)
	at org.apache.ratis.thirdparty.io.netty.channel.nio.NioEventLoop.processSelectedKey(NioEventLoop.java:632)
	at org.apache.ratis.thirdparty.io.netty.channel.nio.NioEventLoop.processSelectedKeysOptimized(NioEventLoop.java:579)
	at org.apache.ratis.thirdparty.io.netty.channel.nio.NioEventLoop.processSelectedKeys(NioEventLoop.java:496)
	at org.apache.ratis.thirdparty.io.netty.channel.nio.NioEventLoop.run(NioEventLoop.java:458)
	at org.apache.ratis.thirdparty.io.netty.util.concurrent.SingleThreadEventExecutor$5.run(SingleThreadEventExecutor.java:897)
	at org.apache.ratis.thirdparty.io.netty.util.concurrent.FastThreadLocalRunnable.run(FastThreadLocalRunnable.java:30)
	... 1 more
Caused by: java.net.ConnectException: Connection refused
	... 11 more
2019-10-18 14:30:45,140 [681edbc6-a1fc-42a4-b5ce-4922820de60a@group-FD33B9583E3C-LeaderElection216] INFO  impl.LeaderElection (LogUtils.java:infoOrTrace(149)) -   Exception 1: {}
java.util.concurrent.ExecutionException: org.apache.ratis.thirdparty.io.grpc.StatusRuntimeException: UNAVAILABLE: io exception
	at java.util.concurrent.FutureTask.report(FutureTask.java:122)
	at java.util.concurrent.FutureTask.get(FutureTask.java:192)
	at org.apache.ratis.server.impl.LeaderElection.waitForResults(LeaderElection.java:259)
	at org.apache.ratis.server.impl.LeaderElection.askForVotes(LeaderElection.java:197)
	at org.apache.ratis.server.impl.LeaderElection.run(LeaderElection.java:133)
	at java.lang.Thread.run(Thread.java:748)
Caused by: org.apache.ratis.thirdparty.io.grpc.StatusRuntimeException: UNAVAILABLE: io exception
	at org.apache.ratis.thirdparty.io.grpc.stub.ClientCalls.toStatusRuntimeException(ClientCalls.java:233)
	at org.apache.ratis.thirdparty.io.grpc.stub.ClientCalls.getUnchecked(ClientCalls.java:214)
	at org.apache.ratis.thirdparty.io.grpc.stub.ClientCalls.blockingUnaryCall(ClientCalls.java:139)
	at org.apache.ratis.proto.grpc.RaftServerProtocolServiceGrpc$RaftServerProtocolServiceBlockingStub.requestVote(RaftServerProtocolServiceGrpc.java:265)
	at org.apache.ratis.grpc.server.GrpcServerProtocolClient.requestVote(GrpcServerProtocolClient.java:99)
	at org.apache.ratis.grpc.server.GrpcService.requestVote(GrpcService.java:204)
	at org.apache.ratis.server.impl.LeaderElection.lambda$submitRequests$1(LeaderElection.java:234)
	at java.util.concurrent.FutureTask.run(FutureTask.java:266)
	at java.util.concurrent.Executors$RunnableAdapter.call(Executors.java:511)
	at java.util.concurrent.FutureTask.run(FutureTask.java:266)
	at java.util.concurrent.ThreadPoolExecutor.runWorker(ThreadPoolExecutor.java:1149)
	at java.util.concurrent.ThreadPoolExecutor$Worker.run(ThreadPoolExecutor.java:624)
	... 1 more
Caused by: org.apache.ratis.thirdparty.io.netty.channel.AbstractChannel$AnnotatedConnectException: Connection refused: /192.168.164.233:38729
	at sun.nio.ch.SocketChannelImpl.checkConnect(Native Method)
	at sun.nio.ch.SocketChannelImpl.finishConnect(SocketChannelImpl.java:717)
	at org.apache.ratis.thirdparty.io.netty.channel.socket.nio.NioSocketChannel.doFinishConnect(NioSocketChannel.java:327)
	at org.apache.ratis.thirdparty.io.netty.channel.nio.AbstractNioChannel$AbstractNioUnsafe.finishConnect(AbstractNioChannel.java:340)
	at org.apache.ratis.thirdparty.io.netty.channel.nio.NioEventLoop.processSelectedKey(NioEventLoop.java:632)
	at org.apache.ratis.thirdparty.io.netty.channel.nio.NioEventLoop.processSelectedKeysOptimized(NioEventLoop.java:579)
	at org.apache.ratis.thirdparty.io.netty.channel.nio.NioEventLoop.processSelectedKeys(NioEventLoop.java:496)
	at org.apache.ratis.thirdparty.io.netty.channel.nio.NioEventLoop.run(NioEventLoop.java:458)
	at org.apache.ratis.thirdparty.io.netty.util.concurrent.SingleThreadEventExecutor$5.run(SingleThreadEventExecutor.java:897)
	at org.apache.ratis.thirdparty.io.netty.util.concurrent.FastThreadLocalRunnable.run(FastThreadLocalRunnable.java:30)
	... 1 more
Caused by: java.net.ConnectException: Connection refused
	... 11 more
2019-10-18 14:30:45,141 [681edbc6-a1fc-42a4-b5ce-4922820de60a@group-FD33B9583E3C-LeaderElection216] INFO  impl.RaftServerImpl (RaftServerImpl.java:setRole(184)) - 681edbc6-a1fc-42a4-b5ce-4922820de60a@group-FD33B9583E3C: changes role from CANDIDATE to FOLLOWER at term 217 for DISCOVERED_A_NEW_TERM
2019-10-18 14:30:45,141 [681edbc6-a1fc-42a4-b5ce-4922820de60a@group-FD33B9583E3C-LeaderElection216] INFO  impl.RoleInfo (RoleInfo.java:shutdownLeaderElection(134)) - 681edbc6-a1fc-42a4-b5ce-4922820de60a: shutdown LeaderElection
2019-10-18 14:30:45,141 [681edbc6-a1fc-42a4-b5ce-4922820de60a@group-FD33B9583E3C-LeaderElection216] INFO  impl.RoleInfo (RoleInfo.java:updateAndGet(143)) - 681edbc6-a1fc-42a4-b5ce-4922820de60a: start FollowerState
2019-10-18 14:30:45,158 [Thread-1842] INFO  impl.FollowerState (FollowerState.java:run(108)) - 681edbc6-a1fc-42a4-b5ce-4922820de60a@group-FD33B9583E3C-FollowerState: change to CANDIDATE, lastRpcTime:17ms, electionTimeout:17ms
2019-10-18 14:30:45,158 [Thread-1842] INFO  impl.RoleInfo (RoleInfo.java:shutdownFollowerState(121)) - 681edbc6-a1fc-42a4-b5ce-4922820de60a: shutdown FollowerState
2019-10-18 14:30:45,158 [Thread-1842] INFO  impl.RaftServerImpl (RaftServerImpl.java:setRole(184)) - 681edbc6-a1fc-42a4-b5ce-4922820de60a@group-FD33B9583E3C: changes role from  FOLLOWER to CANDIDATE at term 217 for changeToCandidate
2019-10-18 14:30:45,158 [Thread-1842] INFO  impl.RoleInfo (RoleInfo.java:updateAndGet(143)) - 681edbc6-a1fc-42a4-b5ce-4922820de60a: start LeaderElection
2019-10-18 14:30:45,171 [681edbc6-a1fc-42a4-b5ce-4922820de60a@group-FD33B9583E3C-LeaderElection217] INFO  impl.LeaderElection (LeaderElection.java:askForVotes(178)) - 681edbc6-a1fc-42a4-b5ce-4922820de60a@group-FD33B9583E3C-LeaderElection217: begin an election at term 218 for -1: [3ee7b367-7b16-44e1-99f8-43aefeda0876:192.168.164.233:46080, 681edbc6-a1fc-42a4-b5ce-4922820de60a:192.168.164.233:44267, 773cce60-eeca-4c1f-a5ec-70084be8b6b9:192.168.164.233:38729], old=null
2019-10-18 14:30:45,172 [681edbc6-a1fc-42a4-b5ce-4922820de60a@group-FD33B9583E3C-LeaderElection217] INFO  impl.LeaderElection (LogUtils.java:infoOrTrace(149)) - 681edbc6-a1fc-42a4-b5ce-4922820de60a@group-FD33B9583E3C-LeaderElection217 got exception when requesting votes: {}
java.util.concurrent.ExecutionException: org.apache.ratis.thirdparty.io.grpc.StatusRuntimeException: UNAVAILABLE: io exception
	at java.util.concurrent.FutureTask.report(FutureTask.java:122)
	at java.util.concurrent.FutureTask.get(FutureTask.java:192)
	at org.apache.ratis.server.impl.LeaderElection.waitForResults(LeaderElection.java:259)
	at org.apache.ratis.server.impl.LeaderElection.askForVotes(LeaderElection.java:197)
	at org.apache.ratis.server.impl.LeaderElection.run(LeaderElection.java:133)
	at java.lang.Thread.run(Thread.java:748)
Caused by: org.apache.ratis.thirdparty.io.grpc.StatusRuntimeException: UNAVAILABLE: io exception
	at org.apache.ratis.thirdparty.io.grpc.stub.ClientCalls.toStatusRuntimeException(ClientCalls.java:233)
	at org.apache.ratis.thirdparty.io.grpc.stub.ClientCalls.getUnchecked(ClientCalls.java:214)
	at org.apache.ratis.thirdparty.io.grpc.stub.ClientCalls.blockingUnaryCall(ClientCalls.java:139)
	at org.apache.ratis.proto.grpc.RaftServerProtocolServiceGrpc$RaftServerProtocolServiceBlockingStub.requestVote(RaftServerProtocolServiceGrpc.java:265)
	at org.apache.ratis.grpc.server.GrpcServerProtocolClient.requestVote(GrpcServerProtocolClient.java:99)
	at org.apache.ratis.grpc.server.GrpcService.requestVote(GrpcService.java:204)
	at org.apache.ratis.server.impl.LeaderElection.lambda$submitRequests$1(LeaderElection.java:234)
	at java.util.concurrent.FutureTask.run(FutureTask.java:266)
	at java.util.concurrent.Executors$RunnableAdapter.call(Executors.java:511)
	at java.util.concurrent.FutureTask.run(FutureTask.java:266)
	at java.util.concurrent.ThreadPoolExecutor.runWorker(ThreadPoolExecutor.java:1149)
	at java.util.concurrent.ThreadPoolExecutor$Worker.run(ThreadPoolExecutor.java:624)
	... 1 more
Caused by: org.apache.ratis.thirdparty.io.netty.channel.AbstractChannel$AnnotatedConnectException: Connection refused: /192.168.164.233:46080
	at sun.nio.ch.SocketChannelImpl.checkConnect(Native Method)
	at sun.nio.ch.SocketChannelImpl.finishConnect(SocketChannelImpl.java:717)
	at org.apache.ratis.thirdparty.io.netty.channel.socket.nio.NioSocketChannel.doFinishConnect(NioSocketChannel.java:327)
	at org.apache.ratis.thirdparty.io.netty.channel.nio.AbstractNioChannel$AbstractNioUnsafe.finishConnect(AbstractNioChannel.java:340)
	at org.apache.ratis.thirdparty.io.netty.channel.nio.NioEventLoop.processSelectedKey(NioEventLoop.java:632)
	at org.apache.ratis.thirdparty.io.netty.channel.nio.NioEventLoop.processSelectedKeysOptimized(NioEventLoop.java:579)
	at org.apache.ratis.thirdparty.io.netty.channel.nio.NioEventLoop.processSelectedKeys(NioEventLoop.java:496)
	at org.apache.ratis.thirdparty.io.netty.channel.nio.NioEventLoop.run(NioEventLoop.java:458)
	at org.apache.ratis.thirdparty.io.netty.util.concurrent.SingleThreadEventExecutor$5.run(SingleThreadEventExecutor.java:897)
	at org.apache.ratis.thirdparty.io.netty.util.concurrent.FastThreadLocalRunnable.run(FastThreadLocalRunnable.java:30)
	... 1 more
Caused by: java.net.ConnectException: Connection refused
	... 11 more
2019-10-18 14:30:45,172 [681edbc6-a1fc-42a4-b5ce-4922820de60a@group-FD33B9583E3C-LeaderElection217] INFO  impl.LeaderElection (LogUtils.java:infoOrTrace(149)) - 681edbc6-a1fc-42a4-b5ce-4922820de60a@group-FD33B9583E3C-LeaderElection217 got exception when requesting votes: {}
java.util.concurrent.ExecutionException: org.apache.ratis.thirdparty.io.grpc.StatusRuntimeException: UNAVAILABLE: io exception
	at java.util.concurrent.FutureTask.report(FutureTask.java:122)
	at java.util.concurrent.FutureTask.get(FutureTask.java:192)
	at org.apache.ratis.server.impl.LeaderElection.waitForResults(LeaderElection.java:259)
	at org.apache.ratis.server.impl.LeaderElection.askForVotes(LeaderElection.java:197)
	at org.apache.ratis.server.impl.LeaderElection.run(LeaderElection.java:133)
	at java.lang.Thread.run(Thread.java:748)
Caused by: org.apache.ratis.thirdparty.io.grpc.StatusRuntimeException: UNAVAILABLE: io exception
	at org.apache.ratis.thirdparty.io.grpc.stub.ClientCalls.toStatusRuntimeException(ClientCalls.java:233)
	at org.apache.ratis.thirdparty.io.grpc.stub.ClientCalls.getUnchecked(ClientCalls.java:214)
	at org.apache.ratis.thirdparty.io.grpc.stub.ClientCalls.blockingUnaryCall(ClientCalls.java:139)
	at org.apache.ratis.proto.grpc.RaftServerProtocolServiceGrpc$RaftServerProtocolServiceBlockingStub.requestVote(RaftServerProtocolServiceGrpc.java:265)
	at org.apache.ratis.grpc.server.GrpcServerProtocolClient.requestVote(GrpcServerProtocolClient.java:99)
	at org.apache.ratis.grpc.server.GrpcService.requestVote(GrpcService.java:204)
	at org.apache.ratis.server.impl.LeaderElection.lambda$submitRequests$1(LeaderElection.java:234)
	at java.util.concurrent.FutureTask.run(FutureTask.java:266)
	at java.util.concurrent.Executors$RunnableAdapter.call(Executors.java:511)
	at java.util.concurrent.FutureTask.run(FutureTask.java:266)
	at java.util.concurrent.ThreadPoolExecutor.runWorker(ThreadPoolExecutor.java:1149)
	at java.util.concurrent.ThreadPoolExecutor$Worker.run(ThreadPoolExecutor.java:624)
	... 1 more
Caused by: org.apache.ratis.thirdparty.io.netty.channel.AbstractChannel$AnnotatedConnectException: Connection refused: /192.168.164.233:38729
	at sun.nio.ch.SocketChannelImpl.checkConnect(Native Method)
	at sun.nio.ch.SocketChannelImpl.finishConnect(SocketChannelImpl.java:717)
	at org.apache.ratis.thirdparty.io.netty.channel.socket.nio.NioSocketChannel.doFinishConnect(NioSocketChannel.java:327)
	at org.apache.ratis.thirdparty.io.netty.channel.nio.AbstractNioChannel$AbstractNioUnsafe.finishConnect(AbstractNioChannel.java:340)
	at org.apache.ratis.thirdparty.io.netty.channel.nio.NioEventLoop.processSelectedKey(NioEventLoop.java:632)
	at org.apache.ratis.thirdparty.io.netty.channel.nio.NioEventLoop.processSelectedKeysOptimized(NioEventLoop.java:579)
	at org.apache.ratis.thirdparty.io.netty.channel.nio.NioEventLoop.processSelectedKeys(NioEventLoop.java:496)
	at org.apache.ratis.thirdparty.io.netty.channel.nio.NioEventLoop.run(NioEventLoop.java:458)
	at org.apache.ratis.thirdparty.io.netty.util.concurrent.SingleThreadEventExecutor$5.run(SingleThreadEventExecutor.java:897)
	at org.apache.ratis.thirdparty.io.netty.util.concurrent.FastThreadLocalRunnable.run(FastThreadLocalRunnable.java:30)
	... 1 more
Caused by: java.net.ConnectException: Connection refused
	... 11 more
2019-10-18 14:30:45,173 [681edbc6-a1fc-42a4-b5ce-4922820de60a@group-FD33B9583E3C-LeaderElection217] INFO  impl.LeaderElection (LeaderElection.java:logAndReturn(56)) - 681edbc6-a1fc-42a4-b5ce-4922820de60a@group-FD33B9583E3C-LeaderElection217: Election REJECTED; received 0 response(s) [] and 2 exception(s); 681edbc6-a1fc-42a4-b5ce-4922820de60a@group-FD33B9583E3C:t218, leader=null, voted=681edbc6-a1fc-42a4-b5ce-4922820de60a, raftlog=681edbc6-a1fc-42a4-b5ce-4922820de60a@group-FD33B9583E3C-SegmentedRaftLog:OPENED:c-1,f-1,i0, conf=-1: [3ee7b367-7b16-44e1-99f8-43aefeda0876:192.168.164.233:46080, 681edbc6-a1fc-42a4-b5ce-4922820de60a:192.168.164.233:44267, 773cce60-eeca-4c1f-a5ec-70084be8b6b9:192.168.164.233:38729], old=null
2019-10-18 14:30:45,173 [681edbc6-a1fc-42a4-b5ce-4922820de60a@group-FD33B9583E3C-LeaderElection217] INFO  impl.LeaderElection (LogUtils.java:infoOrTrace(149)) -   Exception 0: {}
java.util.concurrent.ExecutionException: org.apache.ratis.thirdparty.io.grpc.StatusRuntimeException: UNAVAILABLE: io exception
	at java.util.concurrent.FutureTask.report(FutureTask.java:122)
	at java.util.concurrent.FutureTask.get(FutureTask.java:192)
	at org.apache.ratis.server.impl.LeaderElection.waitForResults(LeaderElection.java:259)
	at org.apache.ratis.server.impl.LeaderElection.askForVotes(LeaderElection.java:197)
	at org.apache.ratis.server.impl.LeaderElection.run(LeaderElection.java:133)
	at java.lang.Thread.run(Thread.java:748)
Caused by: org.apache.ratis.thirdparty.io.grpc.StatusRuntimeException: UNAVAILABLE: io exception
	at org.apache.ratis.thirdparty.io.grpc.stub.ClientCalls.toStatusRuntimeException(ClientCalls.java:233)
	at org.apache.ratis.thirdparty.io.grpc.stub.ClientCalls.getUnchecked(ClientCalls.java:214)
	at org.apache.ratis.thirdparty.io.grpc.stub.ClientCalls.blockingUnaryCall(ClientCalls.java:139)
	at org.apache.ratis.proto.grpc.RaftServerProtocolServiceGrpc$RaftServerProtocolServiceBlockingStub.requestVote(RaftServerProtocolServiceGrpc.java:265)
	at org.apache.ratis.grpc.server.GrpcServerProtocolClient.requestVote(GrpcServerProtocolClient.java:99)
	at org.apache.ratis.grpc.server.GrpcService.requestVote(GrpcService.java:204)
	at org.apache.ratis.server.impl.LeaderElection.lambda$submitRequests$1(LeaderElection.java:234)
	at java.util.concurrent.FutureTask.run(FutureTask.java:266)
	at java.util.concurrent.Executors$RunnableAdapter.call(Executors.java:511)
	at java.util.concurrent.FutureTask.run(FutureTask.java:266)
	at java.util.concurrent.ThreadPoolExecutor.runWorker(ThreadPoolExecutor.java:1149)
	at java.util.concurrent.ThreadPoolExecutor$Worker.run(ThreadPoolExecutor.java:624)
	... 1 more
Caused by: org.apache.ratis.thirdparty.io.netty.channel.AbstractChannel$AnnotatedConnectException: Connection refused: /192.168.164.233:46080
	at sun.nio.ch.SocketChannelImpl.checkConnect(Native Method)
	at sun.nio.ch.SocketChannelImpl.finishConnect(SocketChannelImpl.java:717)
	at org.apache.ratis.thirdparty.io.netty.channel.socket.nio.NioSocketChannel.doFinishConnect(NioSocketChannel.java:327)
	at org.apache.ratis.thirdparty.io.netty.channel.nio.AbstractNioChannel$AbstractNioUnsafe.finishConnect(AbstractNioChannel.java:340)
	at org.apache.ratis.thirdparty.io.netty.channel.nio.NioEventLoop.processSelectedKey(NioEventLoop.java:632)
	at org.apache.ratis.thirdparty.io.netty.channel.nio.NioEventLoop.processSelectedKeysOptimized(NioEventLoop.java:579)
	at org.apache.ratis.thirdparty.io.netty.channel.nio.NioEventLoop.processSelectedKeys(NioEventLoop.java:496)
	at org.apache.ratis.thirdparty.io.netty.channel.nio.NioEventLoop.run(NioEventLoop.java:458)
	at org.apache.ratis.thirdparty.io.netty.util.concurrent.SingleThreadEventExecutor$5.run(SingleThreadEventExecutor.java:897)
	at org.apache.ratis.thirdparty.io.netty.util.concurrent.FastThreadLocalRunnable.run(FastThreadLocalRunnable.java:30)
	... 1 more
Caused by: java.net.ConnectException: Connection refused
	... 11 more
2019-10-18 14:30:45,173 [681edbc6-a1fc-42a4-b5ce-4922820de60a@group-FD33B9583E3C-LeaderElection217] INFO  impl.LeaderElection (LogUtils.java:infoOrTrace(149)) -   Exception 1: {}
java.util.concurrent.ExecutionException: org.apache.ratis.thirdparty.io.grpc.StatusRuntimeException: UNAVAILABLE: io exception
	at java.util.concurrent.FutureTask.report(FutureTask.java:122)
	at java.util.concurrent.FutureTask.get(FutureTask.java:192)
	at org.apache.ratis.server.impl.LeaderElection.waitForResults(LeaderElection.java:259)
	at org.apache.ratis.server.impl.LeaderElection.askForVotes(LeaderElection.java:197)
	at org.apache.ratis.server.impl.LeaderElection.run(LeaderElection.java:133)
	at java.lang.Thread.run(Thread.java:748)
Caused by: org.apache.ratis.thirdparty.io.grpc.StatusRuntimeException: UNAVAILABLE: io exception
	at org.apache.ratis.thirdparty.io.grpc.stub.ClientCalls.toStatusRuntimeException(ClientCalls.java:233)
	at org.apache.ratis.thirdparty.io.grpc.stub.ClientCalls.getUnchecked(ClientCalls.java:214)
	at org.apache.ratis.thirdparty.io.grpc.stub.ClientCalls.blockingUnaryCall(ClientCalls.java:139)
	at org.apache.ratis.proto.grpc.RaftServerProtocolServiceGrpc$RaftServerProtocolServiceBlockingStub.requestVote(RaftServerProtocolServiceGrpc.java:265)
	at org.apache.ratis.grpc.server.GrpcServerProtocolClient.requestVote(GrpcServerProtocolClient.java:99)
	at org.apache.ratis.grpc.server.GrpcService.requestVote(GrpcService.java:204)
	at org.apache.ratis.server.impl.LeaderElection.lambda$submitRequests$1(LeaderElection.java:234)
	at java.util.concurrent.FutureTask.run(FutureTask.java:266)
	at java.util.concurrent.Executors$RunnableAdapter.call(Executors.java:511)
	at java.util.concurrent.FutureTask.run(FutureTask.java:266)
	at java.util.concurrent.ThreadPoolExecutor.runWorker(ThreadPoolExecutor.java:1149)
	at java.util.concurrent.ThreadPoolExecutor$Worker.run(ThreadPoolExecutor.java:624)
	... 1 more
Caused by: org.apache.ratis.thirdparty.io.netty.channel.AbstractChannel$AnnotatedConnectException: Connection refused: /192.168.164.233:38729
	at sun.nio.ch.SocketChannelImpl.checkConnect(Native Method)
	at sun.nio.ch.SocketChannelImpl.finishConnect(SocketChannelImpl.java:717)
	at org.apache.ratis.thirdparty.io.netty.channel.socket.nio.NioSocketChannel.doFinishConnect(NioSocketChannel.java:327)
	at org.apache.ratis.thirdparty.io.netty.channel.nio.AbstractNioChannel$AbstractNioUnsafe.finishConnect(AbstractNioChannel.java:340)
	at org.apache.ratis.thirdparty.io.netty.channel.nio.NioEventLoop.processSelectedKey(NioEventLoop.java:632)
	at org.apache.ratis.thirdparty.io.netty.channel.nio.NioEventLoop.processSelectedKeysOptimized(NioEventLoop.java:579)
	at org.apache.ratis.thirdparty.io.netty.channel.nio.NioEventLoop.processSelectedKeys(NioEventLoop.java:496)
	at org.apache.ratis.thirdparty.io.netty.channel.nio.NioEventLoop.run(NioEventLoop.java:458)
	at org.apache.ratis.thirdparty.io.netty.util.concurrent.SingleThreadEventExecutor$5.run(SingleThreadEventExecutor.java:897)
	at org.apache.ratis.thirdparty.io.netty.util.concurrent.FastThreadLocalRunnable.run(FastThreadLocalRunnable.java:30)
	... 1 more
Caused by: java.net.ConnectException: Connection refused
	... 11 more
2019-10-18 14:30:45,174 [681edbc6-a1fc-42a4-b5ce-4922820de60a@group-FD33B9583E3C-LeaderElection217] INFO  impl.RaftServerImpl (RaftServerImpl.java:setRole(184)) - 681edbc6-a1fc-42a4-b5ce-4922820de60a@group-FD33B9583E3C: changes role from CANDIDATE to FOLLOWER at term 218 for DISCOVERED_A_NEW_TERM
2019-10-18 14:30:45,174 [681edbc6-a1fc-42a4-b5ce-4922820de60a@group-FD33B9583E3C-LeaderElection217] INFO  impl.RoleInfo (RoleInfo.java:shutdownLeaderElection(134)) - 681edbc6-a1fc-42a4-b5ce-4922820de60a: shutdown LeaderElection
2019-10-18 14:30:45,174 [681edbc6-a1fc-42a4-b5ce-4922820de60a@group-FD33B9583E3C-LeaderElection217] INFO  impl.RoleInfo (RoleInfo.java:updateAndGet(143)) - 681edbc6-a1fc-42a4-b5ce-4922820de60a: start FollowerState
2019-10-18 14:30:45,221 [java.util.concurrent.ThreadPoolExecutor$Worker@4efed47c[State = -1, empty queue]] WARN  server.GrpcLogAppender (GrpcLogAppender.java:timeoutAppendRequest(209)) - 46c14060-ea78-4b5a-b57c-064e4766b234@group-45DBFE4B8A65->a4757974-e77e-4a1a-a400-c32fe273093a-GrpcLogAppender: appendEntries Timeout, request=46c14060-ea78-4b5a-b57c-064e4766b234->a4757974-e77e-4a1a-a400-c32fe273093a#53-t3, previous=(t:3, i:4), leaderCommit=4, initializing? false, entries: <empty>
2019-10-18 14:30:45,221 [java.util.concurrent.ThreadPoolExecutor$Worker@108d80c3[State = -1, empty queue]] WARN  server.GrpcLogAppender (GrpcLogAppender.java:timeoutAppendRequest(209)) - 46c14060-ea78-4b5a-b57c-064e4766b234@group-45DBFE4B8A65->55013cf6-f41f-4339-a52c-06c119893914-GrpcLogAppender: appendEntries Timeout, request=46c14060-ea78-4b5a-b57c-064e4766b234->55013cf6-f41f-4339-a52c-06c119893914#53-t3, previous=(t:3, i:4), leaderCommit=4, initializing? false, entries: <empty>
2019-10-18 14:30:45,280 [Datanode State Machine Thread - 0] INFO  statemachine.DatanodeStateMachine (DatanodeStateMachine.java:lambda$startDaemon$0(350)) - Ozone container server started.
2019-10-18 14:30:45,343 [Thread-1846] INFO  impl.FollowerState (FollowerState.java:run(108)) - 681edbc6-a1fc-42a4-b5ce-4922820de60a@group-FD33B9583E3C-FollowerState: change to CANDIDATE, lastRpcTime:169ms, electionTimeout:169ms
2019-10-18 14:30:45,343 [Thread-1846] INFO  impl.RoleInfo (RoleInfo.java:shutdownFollowerState(121)) - 681edbc6-a1fc-42a4-b5ce-4922820de60a: shutdown FollowerState
2019-10-18 14:30:45,343 [Thread-1846] INFO  impl.RaftServerImpl (RaftServerImpl.java:setRole(184)) - 681edbc6-a1fc-42a4-b5ce-4922820de60a@group-FD33B9583E3C: changes role from  FOLLOWER to CANDIDATE at term 218 for changeToCandidate
2019-10-18 14:30:45,344 [Thread-1846] INFO  impl.RoleInfo (RoleInfo.java:updateAndGet(143)) - 681edbc6-a1fc-42a4-b5ce-4922820de60a: start LeaderElection
2019-10-18 14:30:45,348 [681edbc6-a1fc-42a4-b5ce-4922820de60a@group-FD33B9583E3C-LeaderElection218] INFO  impl.LeaderElection (LeaderElection.java:askForVotes(178)) - 681edbc6-a1fc-42a4-b5ce-4922820de60a@group-FD33B9583E3C-LeaderElection218: begin an election at term 219 for -1: [3ee7b367-7b16-44e1-99f8-43aefeda0876:192.168.164.233:46080, 681edbc6-a1fc-42a4-b5ce-4922820de60a:192.168.164.233:44267, 773cce60-eeca-4c1f-a5ec-70084be8b6b9:192.168.164.233:38729], old=null
2019-10-18 14:30:45,348 [681edbc6-a1fc-42a4-b5ce-4922820de60a@group-FD33B9583E3C-LeaderElection218] INFO  impl.LeaderElection (LogUtils.java:infoOrTrace(149)) - 681edbc6-a1fc-42a4-b5ce-4922820de60a@group-FD33B9583E3C-LeaderElection218 got exception when requesting votes: {}
java.util.concurrent.ExecutionException: org.apache.ratis.thirdparty.io.grpc.StatusRuntimeException: UNAVAILABLE: io exception
	at java.util.concurrent.FutureTask.report(FutureTask.java:122)
	at java.util.concurrent.FutureTask.get(FutureTask.java:192)
	at org.apache.ratis.server.impl.LeaderElection.waitForResults(LeaderElection.java:259)
	at org.apache.ratis.server.impl.LeaderElection.askForVotes(LeaderElection.java:197)
	at org.apache.ratis.server.impl.LeaderElection.run(LeaderElection.java:133)
	at java.lang.Thread.run(Thread.java:748)
Caused by: org.apache.ratis.thirdparty.io.grpc.StatusRuntimeException: UNAVAILABLE: io exception
	at org.apache.ratis.thirdparty.io.grpc.stub.ClientCalls.toStatusRuntimeException(ClientCalls.java:233)
	at org.apache.ratis.thirdparty.io.grpc.stub.ClientCalls.getUnchecked(ClientCalls.java:214)
	at org.apache.ratis.thirdparty.io.grpc.stub.ClientCalls.blockingUnaryCall(ClientCalls.java:139)
	at org.apache.ratis.proto.grpc.RaftServerProtocolServiceGrpc$RaftServerProtocolServiceBlockingStub.requestVote(RaftServerProtocolServiceGrpc.java:265)
	at org.apache.ratis.grpc.server.GrpcServerProtocolClient.requestVote(GrpcServerProtocolClient.java:99)
	at org.apache.ratis.grpc.server.GrpcService.requestVote(GrpcService.java:204)
	at org.apache.ratis.server.impl.LeaderElection.lambda$submitRequests$1(LeaderElection.java:234)
	at java.util.concurrent.FutureTask.run(FutureTask.java:266)
	at java.util.concurrent.Executors$RunnableAdapter.call(Executors.java:511)
	at java.util.concurrent.FutureTask.run(FutureTask.java:266)
	at java.util.concurrent.ThreadPoolExecutor.runWorker(ThreadPoolExecutor.java:1149)
	at java.util.concurrent.ThreadPoolExecutor$Worker.run(ThreadPoolExecutor.java:624)
	... 1 more
Caused by: org.apache.ratis.thirdparty.io.netty.channel.AbstractChannel$AnnotatedConnectException: Connection refused: /192.168.164.233:46080
	at sun.nio.ch.SocketChannelImpl.checkConnect(Native Method)
	at sun.nio.ch.SocketChannelImpl.finishConnect(SocketChannelImpl.java:717)
	at org.apache.ratis.thirdparty.io.netty.channel.socket.nio.NioSocketChannel.doFinishConnect(NioSocketChannel.java:327)
	at org.apache.ratis.thirdparty.io.netty.channel.nio.AbstractNioChannel$AbstractNioUnsafe.finishConnect(AbstractNioChannel.java:340)
	at org.apache.ratis.thirdparty.io.netty.channel.nio.NioEventLoop.processSelectedKey(NioEventLoop.java:632)
	at org.apache.ratis.thirdparty.io.netty.channel.nio.NioEventLoop.processSelectedKeysOptimized(NioEventLoop.java:579)
	at org.apache.ratis.thirdparty.io.netty.channel.nio.NioEventLoop.processSelectedKeys(NioEventLoop.java:496)
	at org.apache.ratis.thirdparty.io.netty.channel.nio.NioEventLoop.run(NioEventLoop.java:458)
	at org.apache.ratis.thirdparty.io.netty.util.concurrent.SingleThreadEventExecutor$5.run(SingleThreadEventExecutor.java:897)
	at org.apache.ratis.thirdparty.io.netty.util.concurrent.FastThreadLocalRunnable.run(FastThreadLocalRunnable.java:30)
	... 1 more
Caused by: java.net.ConnectException: Connection refused
	... 11 more
2019-10-18 14:30:45,349 [681edbc6-a1fc-42a4-b5ce-4922820de60a@group-FD33B9583E3C-LeaderElection218] INFO  impl.LeaderElection (LogUtils.java:infoOrTrace(149)) - 681edbc6-a1fc-42a4-b5ce-4922820de60a@group-FD33B9583E3C-LeaderElection218 got exception when requesting votes: {}
java.util.concurrent.ExecutionException: org.apache.ratis.thirdparty.io.grpc.StatusRuntimeException: UNAVAILABLE: io exception
	at java.util.concurrent.FutureTask.report(FutureTask.java:122)
	at java.util.concurrent.FutureTask.get(FutureTask.java:192)
	at org.apache.ratis.server.impl.LeaderElection.waitForResults(LeaderElection.java:259)
	at org.apache.ratis.server.impl.LeaderElection.askForVotes(LeaderElection.java:197)
	at org.apache.ratis.server.impl.LeaderElection.run(LeaderElection.java:133)
	at java.lang.Thread.run(Thread.java:748)
Caused by: org.apache.ratis.thirdparty.io.grpc.StatusRuntimeException: UNAVAILABLE: io exception
	at org.apache.ratis.thirdparty.io.grpc.stub.ClientCalls.toStatusRuntimeException(ClientCalls.java:233)
	at org.apache.ratis.thirdparty.io.grpc.stub.ClientCalls.getUnchecked(ClientCalls.java:214)
	at org.apache.ratis.thirdparty.io.grpc.stub.ClientCalls.blockingUnaryCall(ClientCalls.java:139)
	at org.apache.ratis.proto.grpc.RaftServerProtocolServiceGrpc$RaftServerProtocolServiceBlockingStub.requestVote(RaftServerProtocolServiceGrpc.java:265)
	at org.apache.ratis.grpc.server.GrpcServerProtocolClient.requestVote(GrpcServerProtocolClient.java:99)
	at org.apache.ratis.grpc.server.GrpcService.requestVote(GrpcService.java:204)
	at org.apache.ratis.server.impl.LeaderElection.lambda$submitRequests$1(LeaderElection.java:234)
	at java.util.concurrent.FutureTask.run(FutureTask.java:266)
	at java.util.concurrent.Executors$RunnableAdapter.call(Executors.java:511)
	at java.util.concurrent.FutureTask.run(FutureTask.java:266)
	at java.util.concurrent.ThreadPoolExecutor.runWorker(ThreadPoolExecutor.java:1149)
	at java.util.concurrent.ThreadPoolExecutor$Worker.run(ThreadPoolExecutor.java:624)
	... 1 more
Caused by: org.apache.ratis.thirdparty.io.netty.channel.AbstractChannel$AnnotatedConnectException: Connection refused: /192.168.164.233:38729
	at sun.nio.ch.SocketChannelImpl.checkConnect(Native Method)
	at sun.nio.ch.SocketChannelImpl.finishConnect(SocketChannelImpl.java:717)
	at org.apache.ratis.thirdparty.io.netty.channel.socket.nio.NioSocketChannel.doFinishConnect(NioSocketChannel.java:327)
	at org.apache.ratis.thirdparty.io.netty.channel.nio.AbstractNioChannel$AbstractNioUnsafe.finishConnect(AbstractNioChannel.java:340)
	at org.apache.ratis.thirdparty.io.netty.channel.nio.NioEventLoop.processSelectedKey(NioEventLoop.java:632)
	at org.apache.ratis.thirdparty.io.netty.channel.nio.NioEventLoop.processSelectedKeysOptimized(NioEventLoop.java:579)
	at org.apache.ratis.thirdparty.io.netty.channel.nio.NioEventLoop.processSelectedKeys(NioEventLoop.java:496)
	at org.apache.ratis.thirdparty.io.netty.channel.nio.NioEventLoop.run(NioEventLoop.java:458)
	at org.apache.ratis.thirdparty.io.netty.util.concurrent.SingleThreadEventExecutor$5.run(SingleThreadEventExecutor.java:897)
	at org.apache.ratis.thirdparty.io.netty.util.concurrent.FastThreadLocalRunnable.run(FastThreadLocalRunnable.java:30)
	... 1 more
Caused by: java.net.ConnectException: Connection refused
	... 11 more
2019-10-18 14:30:45,349 [681edbc6-a1fc-42a4-b5ce-4922820de60a@group-FD33B9583E3C-LeaderElection218] INFO  impl.LeaderElection (LeaderElection.java:logAndReturn(56)) - 681edbc6-a1fc-42a4-b5ce-4922820de60a@group-FD33B9583E3C-LeaderElection218: Election REJECTED; received 0 response(s) [] and 2 exception(s); 681edbc6-a1fc-42a4-b5ce-4922820de60a@group-FD33B9583E3C:t219, leader=null, voted=681edbc6-a1fc-42a4-b5ce-4922820de60a, raftlog=681edbc6-a1fc-42a4-b5ce-4922820de60a@group-FD33B9583E3C-SegmentedRaftLog:OPENED:c-1,f-1,i0, conf=-1: [3ee7b367-7b16-44e1-99f8-43aefeda0876:192.168.164.233:46080, 681edbc6-a1fc-42a4-b5ce-4922820de60a:192.168.164.233:44267, 773cce60-eeca-4c1f-a5ec-70084be8b6b9:192.168.164.233:38729], old=null
2019-10-18 14:30:45,349 [681edbc6-a1fc-42a4-b5ce-4922820de60a@group-FD33B9583E3C-LeaderElection218] INFO  impl.LeaderElection (LogUtils.java:infoOrTrace(149)) -   Exception 0: {}
java.util.concurrent.ExecutionException: org.apache.ratis.thirdparty.io.grpc.StatusRuntimeException: UNAVAILABLE: io exception
	at java.util.concurrent.FutureTask.report(FutureTask.java:122)
	at java.util.concurrent.FutureTask.get(FutureTask.java:192)
	at org.apache.ratis.server.impl.LeaderElection.waitForResults(LeaderElection.java:259)
	at org.apache.ratis.server.impl.LeaderElection.askForVotes(LeaderElection.java:197)
	at org.apache.ratis.server.impl.LeaderElection.run(LeaderElection.java:133)
	at java.lang.Thread.run(Thread.java:748)
Caused by: org.apache.ratis.thirdparty.io.grpc.StatusRuntimeException: UNAVAILABLE: io exception
	at org.apache.ratis.thirdparty.io.grpc.stub.ClientCalls.toStatusRuntimeException(ClientCalls.java:233)
	at org.apache.ratis.thirdparty.io.grpc.stub.ClientCalls.getUnchecked(ClientCalls.java:214)
	at org.apache.ratis.thirdparty.io.grpc.stub.ClientCalls.blockingUnaryCall(ClientCalls.java:139)
	at org.apache.ratis.proto.grpc.RaftServerProtocolServiceGrpc$RaftServerProtocolServiceBlockingStub.requestVote(RaftServerProtocolServiceGrpc.java:265)
	at org.apache.ratis.grpc.server.GrpcServerProtocolClient.requestVote(GrpcServerProtocolClient.java:99)
	at org.apache.ratis.grpc.server.GrpcService.requestVote(GrpcService.java:204)
	at org.apache.ratis.server.impl.LeaderElection.lambda$submitRequests$1(LeaderElection.java:234)
	at java.util.concurrent.FutureTask.run(FutureTask.java:266)
	at java.util.concurrent.Executors$RunnableAdapter.call(Executors.java:511)
	at java.util.concurrent.FutureTask.run(FutureTask.java:266)
	at java.util.concurrent.ThreadPoolExecutor.runWorker(ThreadPoolExecutor.java:1149)
	at java.util.concurrent.ThreadPoolExecutor$Worker.run(ThreadPoolExecutor.java:624)
	... 1 more
Caused by: org.apache.ratis.thirdparty.io.netty.channel.AbstractChannel$AnnotatedConnectException: Connection refused: /192.168.164.233:46080
	at sun.nio.ch.SocketChannelImpl.checkConnect(Native Method)
	at sun.nio.ch.SocketChannelImpl.finishConnect(SocketChannelImpl.java:717)
	at org.apache.ratis.thirdparty.io.netty.channel.socket.nio.NioSocketChannel.doFinishConnect(NioSocketChannel.java:327)
	at org.apache.ratis.thirdparty.io.netty.channel.nio.AbstractNioChannel$AbstractNioUnsafe.finishConnect(AbstractNioChannel.java:340)
	at org.apache.ratis.thirdparty.io.netty.channel.nio.NioEventLoop.processSelectedKey(NioEventLoop.java:632)
	at org.apache.ratis.thirdparty.io.netty.channel.nio.NioEventLoop.processSelectedKeysOptimized(NioEventLoop.java:579)
	at org.apache.ratis.thirdparty.io.netty.channel.nio.NioEventLoop.processSelectedKeys(NioEventLoop.java:496)
	at org.apache.ratis.thirdparty.io.netty.channel.nio.NioEventLoop.run(NioEventLoop.java:458)
	at org.apache.ratis.thirdparty.io.netty.util.concurrent.SingleThreadEventExecutor$5.run(SingleThreadEventExecutor.java:897)
	at org.apache.ratis.thirdparty.io.netty.util.concurrent.FastThreadLocalRunnable.run(FastThreadLocalRunnable.java:30)
	... 1 more
Caused by: java.net.ConnectException: Connection refused
	... 11 more
2019-10-18 14:30:45,350 [681edbc6-a1fc-42a4-b5ce-4922820de60a@group-FD33B9583E3C-LeaderElection218] INFO  impl.LeaderElection (LogUtils.java:infoOrTrace(149)) -   Exception 1: {}
java.util.concurrent.ExecutionException: org.apache.ratis.thirdparty.io.grpc.StatusRuntimeException: UNAVAILABLE: io exception
	at java.util.concurrent.FutureTask.report(FutureTask.java:122)
	at java.util.concurrent.FutureTask.get(FutureTask.java:192)
	at org.apache.ratis.server.impl.LeaderElection.waitForResults(LeaderElection.java:259)
	at org.apache.ratis.server.impl.LeaderElection.askForVotes(LeaderElection.java:197)
	at org.apache.ratis.server.impl.LeaderElection.run(LeaderElection.java:133)
	at java.lang.Thread.run(Thread.java:748)
Caused by: org.apache.ratis.thirdparty.io.grpc.StatusRuntimeException: UNAVAILABLE: io exception
	at org.apache.ratis.thirdparty.io.grpc.stub.ClientCalls.toStatusRuntimeException(ClientCalls.java:233)
	at org.apache.ratis.thirdparty.io.grpc.stub.ClientCalls.getUnchecked(ClientCalls.java:214)
	at org.apache.ratis.thirdparty.io.grpc.stub.ClientCalls.blockingUnaryCall(ClientCalls.java:139)
	at org.apache.ratis.proto.grpc.RaftServerProtocolServiceGrpc$RaftServerProtocolServiceBlockingStub.requestVote(RaftServerProtocolServiceGrpc.java:265)
	at org.apache.ratis.grpc.server.GrpcServerProtocolClient.requestVote(GrpcServerProtocolClient.java:99)
	at org.apache.ratis.grpc.server.GrpcService.requestVote(GrpcService.java:204)
	at org.apache.ratis.server.impl.LeaderElection.lambda$submitRequests$1(LeaderElection.java:234)
	at java.util.concurrent.FutureTask.run(FutureTask.java:266)
	at java.util.concurrent.Executors$RunnableAdapter.call(Executors.java:511)
	at java.util.concurrent.FutureTask.run(FutureTask.java:266)
	at java.util.concurrent.ThreadPoolExecutor.runWorker(ThreadPoolExecutor.java:1149)
	at java.util.concurrent.ThreadPoolExecutor$Worker.run(ThreadPoolExecutor.java:624)
	... 1 more
Caused by: org.apache.ratis.thirdparty.io.netty.channel.AbstractChannel$AnnotatedConnectException: Connection refused: /192.168.164.233:38729
	at sun.nio.ch.SocketChannelImpl.checkConnect(Native Method)
	at sun.nio.ch.SocketChannelImpl.finishConnect(SocketChannelImpl.java:717)
	at org.apache.ratis.thirdparty.io.netty.channel.socket.nio.NioSocketChannel.doFinishConnect(NioSocketChannel.java:327)
	at org.apache.ratis.thirdparty.io.netty.channel.nio.AbstractNioChannel$AbstractNioUnsafe.finishConnect(AbstractNioChannel.java:340)
	at org.apache.ratis.thirdparty.io.netty.channel.nio.NioEventLoop.processSelectedKey(NioEventLoop.java:632)
	at org.apache.ratis.thirdparty.io.netty.channel.nio.NioEventLoop.processSelectedKeysOptimized(NioEventLoop.java:579)
	at org.apache.ratis.thirdparty.io.netty.channel.nio.NioEventLoop.processSelectedKeys(NioEventLoop.java:496)
	at org.apache.ratis.thirdparty.io.netty.channel.nio.NioEventLoop.run(NioEventLoop.java:458)
	at org.apache.ratis.thirdparty.io.netty.util.concurrent.SingleThreadEventExecutor$5.run(SingleThreadEventExecutor.java:897)
	at org.apache.ratis.thirdparty.io.netty.util.concurrent.FastThreadLocalRunnable.run(FastThreadLocalRunnable.java:30)
	... 1 more
Caused by: java.net.ConnectException: Connection refused
	... 11 more
2019-10-18 14:30:45,350 [681edbc6-a1fc-42a4-b5ce-4922820de60a@group-FD33B9583E3C-LeaderElection218] INFO  impl.RaftServerImpl (RaftServerImpl.java:setRole(184)) - 681edbc6-a1fc-42a4-b5ce-4922820de60a@group-FD33B9583E3C: changes role from CANDIDATE to FOLLOWER at term 219 for DISCOVERED_A_NEW_TERM
2019-10-18 14:30:45,350 [681edbc6-a1fc-42a4-b5ce-4922820de60a@group-FD33B9583E3C-LeaderElection218] INFO  impl.RoleInfo (RoleInfo.java:shutdownLeaderElection(134)) - 681edbc6-a1fc-42a4-b5ce-4922820de60a: shutdown LeaderElection
2019-10-18 14:30:45,350 [681edbc6-a1fc-42a4-b5ce-4922820de60a@group-FD33B9583E3C-LeaderElection218] INFO  impl.RoleInfo (RoleInfo.java:updateAndGet(143)) - 681edbc6-a1fc-42a4-b5ce-4922820de60a: start FollowerState
2019-10-18 14:30:45,526 [Thread-1850] INFO  impl.FollowerState (FollowerState.java:run(108)) - 681edbc6-a1fc-42a4-b5ce-4922820de60a@group-FD33B9583E3C-FollowerState: change to CANDIDATE, lastRpcTime:176ms, electionTimeout:176ms
2019-10-18 14:30:45,527 [Thread-1850] INFO  impl.RoleInfo (RoleInfo.java:shutdownFollowerState(121)) - 681edbc6-a1fc-42a4-b5ce-4922820de60a: shutdown FollowerState
2019-10-18 14:30:45,527 [Thread-1850] INFO  impl.RaftServerImpl (RaftServerImpl.java:setRole(184)) - 681edbc6-a1fc-42a4-b5ce-4922820de60a@group-FD33B9583E3C: changes role from  FOLLOWER to CANDIDATE at term 219 for changeToCandidate
2019-10-18 14:30:45,527 [Thread-1850] INFO  impl.RoleInfo (RoleInfo.java:updateAndGet(143)) - 681edbc6-a1fc-42a4-b5ce-4922820de60a: start LeaderElection
2019-10-18 14:30:45,542 [681edbc6-a1fc-42a4-b5ce-4922820de60a@group-FD33B9583E3C-LeaderElection219] INFO  impl.LeaderElection (LeaderElection.java:askForVotes(178)) - 681edbc6-a1fc-42a4-b5ce-4922820de60a@group-FD33B9583E3C-LeaderElection219: begin an election at term 220 for -1: [3ee7b367-7b16-44e1-99f8-43aefeda0876:192.168.164.233:46080, 681edbc6-a1fc-42a4-b5ce-4922820de60a:192.168.164.233:44267, 773cce60-eeca-4c1f-a5ec-70084be8b6b9:192.168.164.233:38729], old=null
2019-10-18 14:30:45,543 [681edbc6-a1fc-42a4-b5ce-4922820de60a@group-FD33B9583E3C-LeaderElection219] INFO  impl.LeaderElection (LogUtils.java:infoOrTrace(149)) - 681edbc6-a1fc-42a4-b5ce-4922820de60a@group-FD33B9583E3C-LeaderElection219 got exception when requesting votes: {}
java.util.concurrent.ExecutionException: org.apache.ratis.thirdparty.io.grpc.StatusRuntimeException: UNAVAILABLE: io exception
	at java.util.concurrent.FutureTask.report(FutureTask.java:122)
	at java.util.concurrent.FutureTask.get(FutureTask.java:192)
	at org.apache.ratis.server.impl.LeaderElection.waitForResults(LeaderElection.java:259)
	at org.apache.ratis.server.impl.LeaderElection.askForVotes(LeaderElection.java:197)
	at org.apache.ratis.server.impl.LeaderElection.run(LeaderElection.java:133)
	at java.lang.Thread.run(Thread.java:748)
Caused by: org.apache.ratis.thirdparty.io.grpc.StatusRuntimeException: UNAVAILABLE: io exception
	at org.apache.ratis.thirdparty.io.grpc.stub.ClientCalls.toStatusRuntimeException(ClientCalls.java:233)
	at org.apache.ratis.thirdparty.io.grpc.stub.ClientCalls.getUnchecked(ClientCalls.java:214)
	at org.apache.ratis.thirdparty.io.grpc.stub.ClientCalls.blockingUnaryCall(ClientCalls.java:139)
	at org.apache.ratis.proto.grpc.RaftServerProtocolServiceGrpc$RaftServerProtocolServiceBlockingStub.requestVote(RaftServerProtocolServiceGrpc.java:265)
	at org.apache.ratis.grpc.server.GrpcServerProtocolClient.requestVote(GrpcServerProtocolClient.java:99)
	at org.apache.ratis.grpc.server.GrpcService.requestVote(GrpcService.java:204)
	at org.apache.ratis.server.impl.LeaderElection.lambda$submitRequests$1(LeaderElection.java:234)
	at java.util.concurrent.FutureTask.run(FutureTask.java:266)
	at java.util.concurrent.Executors$RunnableAdapter.call(Executors.java:511)
	at java.util.concurrent.FutureTask.run(FutureTask.java:266)
	at java.util.concurrent.ThreadPoolExecutor.runWorker(ThreadPoolExecutor.java:1149)
	at java.util.concurrent.ThreadPoolExecutor$Worker.run(ThreadPoolExecutor.java:624)
	... 1 more
Caused by: org.apache.ratis.thirdparty.io.netty.channel.AbstractChannel$AnnotatedConnectException: Connection refused: /192.168.164.233:46080
	at sun.nio.ch.SocketChannelImpl.checkConnect(Native Method)
	at sun.nio.ch.SocketChannelImpl.finishConnect(SocketChannelImpl.java:717)
	at org.apache.ratis.thirdparty.io.netty.channel.socket.nio.NioSocketChannel.doFinishConnect(NioSocketChannel.java:327)
	at org.apache.ratis.thirdparty.io.netty.channel.nio.AbstractNioChannel$AbstractNioUnsafe.finishConnect(AbstractNioChannel.java:340)
	at org.apache.ratis.thirdparty.io.netty.channel.nio.NioEventLoop.processSelectedKey(NioEventLoop.java:632)
	at org.apache.ratis.thirdparty.io.netty.channel.nio.NioEventLoop.processSelectedKeysOptimized(NioEventLoop.java:579)
	at org.apache.ratis.thirdparty.io.netty.channel.nio.NioEventLoop.processSelectedKeys(NioEventLoop.java:496)
	at org.apache.ratis.thirdparty.io.netty.channel.nio.NioEventLoop.run(NioEventLoop.java:458)
	at org.apache.ratis.thirdparty.io.netty.util.concurrent.SingleThreadEventExecutor$5.run(SingleThreadEventExecutor.java:897)
	at org.apache.ratis.thirdparty.io.netty.util.concurrent.FastThreadLocalRunnable.run(FastThreadLocalRunnable.java:30)
	... 1 more
Caused by: java.net.ConnectException: Connection refused
	... 11 more
2019-10-18 14:30:45,543 [681edbc6-a1fc-42a4-b5ce-4922820de60a@group-FD33B9583E3C-LeaderElection219] INFO  impl.LeaderElection (LogUtils.java:infoOrTrace(149)) - 681edbc6-a1fc-42a4-b5ce-4922820de60a@group-FD33B9583E3C-LeaderElection219 got exception when requesting votes: {}
java.util.concurrent.ExecutionException: org.apache.ratis.thirdparty.io.grpc.StatusRuntimeException: UNAVAILABLE: io exception
	at java.util.concurrent.FutureTask.report(FutureTask.java:122)
	at java.util.concurrent.FutureTask.get(FutureTask.java:192)
	at org.apache.ratis.server.impl.LeaderElection.waitForResults(LeaderElection.java:259)
	at org.apache.ratis.server.impl.LeaderElection.askForVotes(LeaderElection.java:197)
	at org.apache.ratis.server.impl.LeaderElection.run(LeaderElection.java:133)
	at java.lang.Thread.run(Thread.java:748)
Caused by: org.apache.ratis.thirdparty.io.grpc.StatusRuntimeException: UNAVAILABLE: io exception
	at org.apache.ratis.thirdparty.io.grpc.stub.ClientCalls.toStatusRuntimeException(ClientCalls.java:233)
	at org.apache.ratis.thirdparty.io.grpc.stub.ClientCalls.getUnchecked(ClientCalls.java:214)
	at org.apache.ratis.thirdparty.io.grpc.stub.ClientCalls.blockingUnaryCall(ClientCalls.java:139)
	at org.apache.ratis.proto.grpc.RaftServerProtocolServiceGrpc$RaftServerProtocolServiceBlockingStub.requestVote(RaftServerProtocolServiceGrpc.java:265)
	at org.apache.ratis.grpc.server.GrpcServerProtocolClient.requestVote(GrpcServerProtocolClient.java:99)
	at org.apache.ratis.grpc.server.GrpcService.requestVote(GrpcService.java:204)
	at org.apache.ratis.server.impl.LeaderElection.lambda$submitRequests$1(LeaderElection.java:234)
	at java.util.concurrent.FutureTask.run(FutureTask.java:266)
	at java.util.concurrent.Executors$RunnableAdapter.call(Executors.java:511)
	at java.util.concurrent.FutureTask.run(FutureTask.java:266)
	at java.util.concurrent.ThreadPoolExecutor.runWorker(ThreadPoolExecutor.java:1149)
	at java.util.concurrent.ThreadPoolExecutor$Worker.run(ThreadPoolExecutor.java:624)
	... 1 more
Caused by: org.apache.ratis.thirdparty.io.netty.channel.AbstractChannel$AnnotatedConnectException: Connection refused: /192.168.164.233:38729
	at sun.nio.ch.SocketChannelImpl.checkConnect(Native Method)
	at sun.nio.ch.SocketChannelImpl.finishConnect(SocketChannelImpl.java:717)
	at org.apache.ratis.thirdparty.io.netty.channel.socket.nio.NioSocketChannel.doFinishConnect(NioSocketChannel.java:327)
	at org.apache.ratis.thirdparty.io.netty.channel.nio.AbstractNioChannel$AbstractNioUnsafe.finishConnect(AbstractNioChannel.java:340)
	at org.apache.ratis.thirdparty.io.netty.channel.nio.NioEventLoop.processSelectedKey(NioEventLoop.java:632)
	at org.apache.ratis.thirdparty.io.netty.channel.nio.NioEventLoop.processSelectedKeysOptimized(NioEventLoop.java:579)
	at org.apache.ratis.thirdparty.io.netty.channel.nio.NioEventLoop.processSelectedKeys(NioEventLoop.java:496)
	at org.apache.ratis.thirdparty.io.netty.channel.nio.NioEventLoop.run(NioEventLoop.java:458)
	at org.apache.ratis.thirdparty.io.netty.util.concurrent.SingleThreadEventExecutor$5.run(SingleThreadEventExecutor.java:897)
	at org.apache.ratis.thirdparty.io.netty.util.concurrent.FastThreadLocalRunnable.run(FastThreadLocalRunnable.java:30)
	... 1 more
Caused by: java.net.ConnectException: Connection refused
	... 11 more
2019-10-18 14:30:45,544 [681edbc6-a1fc-42a4-b5ce-4922820de60a@group-FD33B9583E3C-LeaderElection219] INFO  impl.LeaderElection (LeaderElection.java:logAndReturn(56)) - 681edbc6-a1fc-42a4-b5ce-4922820de60a@group-FD33B9583E3C-LeaderElection219: Election REJECTED; received 0 response(s) [] and 2 exception(s); 681edbc6-a1fc-42a4-b5ce-4922820de60a@group-FD33B9583E3C:t220, leader=null, voted=681edbc6-a1fc-42a4-b5ce-4922820de60a, raftlog=681edbc6-a1fc-42a4-b5ce-4922820de60a@group-FD33B9583E3C-SegmentedRaftLog:OPENED:c-1,f-1,i0, conf=-1: [3ee7b367-7b16-44e1-99f8-43aefeda0876:192.168.164.233:46080, 681edbc6-a1fc-42a4-b5ce-4922820de60a:192.168.164.233:44267, 773cce60-eeca-4c1f-a5ec-70084be8b6b9:192.168.164.233:38729], old=null
2019-10-18 14:30:45,544 [681edbc6-a1fc-42a4-b5ce-4922820de60a@group-FD33B9583E3C-LeaderElection219] INFO  impl.LeaderElection (LogUtils.java:infoOrTrace(149)) -   Exception 0: {}
java.util.concurrent.ExecutionException: org.apache.ratis.thirdparty.io.grpc.StatusRuntimeException: UNAVAILABLE: io exception
	at java.util.concurrent.FutureTask.report(FutureTask.java:122)
	at java.util.concurrent.FutureTask.get(FutureTask.java:192)
	at org.apache.ratis.server.impl.LeaderElection.waitForResults(LeaderElection.java:259)
	at org.apache.ratis.server.impl.LeaderElection.askForVotes(LeaderElection.java:197)
	at org.apache.ratis.server.impl.LeaderElection.run(LeaderElection.java:133)
	at java.lang.Thread.run(Thread.java:748)
Caused by: org.apache.ratis.thirdparty.io.grpc.StatusRuntimeException: UNAVAILABLE: io exception
	at org.apache.ratis.thirdparty.io.grpc.stub.ClientCalls.toStatusRuntimeException(ClientCalls.java:233)
	at org.apache.ratis.thirdparty.io.grpc.stub.ClientCalls.getUnchecked(ClientCalls.java:214)
	at org.apache.ratis.thirdparty.io.grpc.stub.ClientCalls.blockingUnaryCall(ClientCalls.java:139)
	at org.apache.ratis.proto.grpc.RaftServerProtocolServiceGrpc$RaftServerProtocolServiceBlockingStub.requestVote(RaftServerProtocolServiceGrpc.java:265)
	at org.apache.ratis.grpc.server.GrpcServerProtocolClient.requestVote(GrpcServerProtocolClient.java:99)
	at org.apache.ratis.grpc.server.GrpcService.requestVote(GrpcService.java:204)
	at org.apache.ratis.server.impl.LeaderElection.lambda$submitRequests$1(LeaderElection.java:234)
	at java.util.concurrent.FutureTask.run(FutureTask.java:266)
	at java.util.concurrent.Executors$RunnableAdapter.call(Executors.java:511)
	at java.util.concurrent.FutureTask.run(FutureTask.java:266)
	at java.util.concurrent.ThreadPoolExecutor.runWorker(ThreadPoolExecutor.java:1149)
	at java.util.concurrent.ThreadPoolExecutor$Worker.run(ThreadPoolExecutor.java:624)
	... 1 more
Caused by: org.apache.ratis.thirdparty.io.netty.channel.AbstractChannel$AnnotatedConnectException: Connection refused: /192.168.164.233:46080
	at sun.nio.ch.SocketChannelImpl.checkConnect(Native Method)
	at sun.nio.ch.SocketChannelImpl.finishConnect(SocketChannelImpl.java:717)
	at org.apache.ratis.thirdparty.io.netty.channel.socket.nio.NioSocketChannel.doFinishConnect(NioSocketChannel.java:327)
	at org.apache.ratis.thirdparty.io.netty.channel.nio.AbstractNioChannel$AbstractNioUnsafe.finishConnect(AbstractNioChannel.java:340)
	at org.apache.ratis.thirdparty.io.netty.channel.nio.NioEventLoop.processSelectedKey(NioEventLoop.java:632)
	at org.apache.ratis.thirdparty.io.netty.channel.nio.NioEventLoop.processSelectedKeysOptimized(NioEventLoop.java:579)
	at org.apache.ratis.thirdparty.io.netty.channel.nio.NioEventLoop.processSelectedKeys(NioEventLoop.java:496)
	at org.apache.ratis.thirdparty.io.netty.channel.nio.NioEventLoop.run(NioEventLoop.java:458)
	at org.apache.ratis.thirdparty.io.netty.util.concurrent.SingleThreadEventExecutor$5.run(SingleThreadEventExecutor.java:897)
	at org.apache.ratis.thirdparty.io.netty.util.concurrent.FastThreadLocalRunnable.run(FastThreadLocalRunnable.java:30)
	... 1 more
Caused by: java.net.ConnectException: Connection refused
	... 11 more
2019-10-18 14:30:45,544 [681edbc6-a1fc-42a4-b5ce-4922820de60a@group-FD33B9583E3C-LeaderElection219] INFO  impl.LeaderElection (LogUtils.java:infoOrTrace(149)) -   Exception 1: {}
java.util.concurrent.ExecutionException: org.apache.ratis.thirdparty.io.grpc.StatusRuntimeException: UNAVAILABLE: io exception
	at java.util.concurrent.FutureTask.report(FutureTask.java:122)
	at java.util.concurrent.FutureTask.get(FutureTask.java:192)
	at org.apache.ratis.server.impl.LeaderElection.waitForResults(LeaderElection.java:259)
	at org.apache.ratis.server.impl.LeaderElection.askForVotes(LeaderElection.java:197)
	at org.apache.ratis.server.impl.LeaderElection.run(LeaderElection.java:133)
	at java.lang.Thread.run(Thread.java:748)
Caused by: org.apache.ratis.thirdparty.io.grpc.StatusRuntimeException: UNAVAILABLE: io exception
	at org.apache.ratis.thirdparty.io.grpc.stub.ClientCalls.toStatusRuntimeException(ClientCalls.java:233)
	at org.apache.ratis.thirdparty.io.grpc.stub.ClientCalls.getUnchecked(ClientCalls.java:214)
	at org.apache.ratis.thirdparty.io.grpc.stub.ClientCalls.blockingUnaryCall(ClientCalls.java:139)
	at org.apache.ratis.proto.grpc.RaftServerProtocolServiceGrpc$RaftServerProtocolServiceBlockingStub.requestVote(RaftServerProtocolServiceGrpc.java:265)
	at org.apache.ratis.grpc.server.GrpcServerProtocolClient.requestVote(GrpcServerProtocolClient.java:99)
	at org.apache.ratis.grpc.server.GrpcService.requestVote(GrpcService.java:204)
	at org.apache.ratis.server.impl.LeaderElection.lambda$submitRequests$1(LeaderElection.java:234)
	at java.util.concurrent.FutureTask.run(FutureTask.java:266)
	at java.util.concurrent.Executors$RunnableAdapter.call(Executors.java:511)
	at java.util.concurrent.FutureTask.run(FutureTask.java:266)
	at java.util.concurrent.ThreadPoolExecutor.runWorker(ThreadPoolExecutor.java:1149)
	at java.util.concurrent.ThreadPoolExecutor$Worker.run(ThreadPoolExecutor.java:624)
	... 1 more
Caused by: org.apache.ratis.thirdparty.io.netty.channel.AbstractChannel$AnnotatedConnectException: Connection refused: /192.168.164.233:38729
	at sun.nio.ch.SocketChannelImpl.checkConnect(Native Method)
	at sun.nio.ch.SocketChannelImpl.finishConnect(SocketChannelImpl.java:717)
	at org.apache.ratis.thirdparty.io.netty.channel.socket.nio.NioSocketChannel.doFinishConnect(NioSocketChannel.java:327)
	at org.apache.ratis.thirdparty.io.netty.channel.nio.AbstractNioChannel$AbstractNioUnsafe.finishConnect(AbstractNioChannel.java:340)
	at org.apache.ratis.thirdparty.io.netty.channel.nio.NioEventLoop.processSelectedKey(NioEventLoop.java:632)
	at org.apache.ratis.thirdparty.io.netty.channel.nio.NioEventLoop.processSelectedKeysOptimized(NioEventLoop.java:579)
	at org.apache.ratis.thirdparty.io.netty.channel.nio.NioEventLoop.processSelectedKeys(NioEventLoop.java:496)
	at org.apache.ratis.thirdparty.io.netty.channel.nio.NioEventLoop.run(NioEventLoop.java:458)
	at org.apache.ratis.thirdparty.io.netty.util.concurrent.SingleThreadEventExecutor$5.run(SingleThreadEventExecutor.java:897)
	at org.apache.ratis.thirdparty.io.netty.util.concurrent.FastThreadLocalRunnable.run(FastThreadLocalRunnable.java:30)
	... 1 more
Caused by: java.net.ConnectException: Connection refused
	... 11 more
2019-10-18 14:30:45,545 [681edbc6-a1fc-42a4-b5ce-4922820de60a@group-FD33B9583E3C-LeaderElection219] INFO  impl.RaftServerImpl (RaftServerImpl.java:setRole(184)) - 681edbc6-a1fc-42a4-b5ce-4922820de60a@group-FD33B9583E3C: changes role from CANDIDATE to FOLLOWER at term 220 for DISCOVERED_A_NEW_TERM
2019-10-18 14:30:45,545 [681edbc6-a1fc-42a4-b5ce-4922820de60a@group-FD33B9583E3C-LeaderElection219] INFO  impl.RoleInfo (RoleInfo.java:shutdownLeaderElection(134)) - 681edbc6-a1fc-42a4-b5ce-4922820de60a: shutdown LeaderElection
2019-10-18 14:30:45,545 [681edbc6-a1fc-42a4-b5ce-4922820de60a@group-FD33B9583E3C-LeaderElection219] INFO  impl.RoleInfo (RoleInfo.java:updateAndGet(143)) - 681edbc6-a1fc-42a4-b5ce-4922820de60a: start FollowerState
2019-10-18 14:30:45,604 [Thread-1854] INFO  impl.FollowerState (FollowerState.java:run(108)) - 681edbc6-a1fc-42a4-b5ce-4922820de60a@group-FD33B9583E3C-FollowerState: change to CANDIDATE, lastRpcTime:59ms, electionTimeout:59ms
2019-10-18 14:30:45,605 [Thread-1854] INFO  impl.RoleInfo (RoleInfo.java:shutdownFollowerState(121)) - 681edbc6-a1fc-42a4-b5ce-4922820de60a: shutdown FollowerState
2019-10-18 14:30:45,605 [Thread-1854] INFO  impl.RaftServerImpl (RaftServerImpl.java:setRole(184)) - 681edbc6-a1fc-42a4-b5ce-4922820de60a@group-FD33B9583E3C: changes role from  FOLLOWER to CANDIDATE at term 220 for changeToCandidate
2019-10-18 14:30:45,605 [Thread-1854] INFO  impl.RoleInfo (RoleInfo.java:updateAndGet(143)) - 681edbc6-a1fc-42a4-b5ce-4922820de60a: start LeaderElection
2019-10-18 14:30:45,618 [681edbc6-a1fc-42a4-b5ce-4922820de60a@group-FD33B9583E3C-LeaderElection220] INFO  impl.LeaderElection (LeaderElection.java:askForVotes(178)) - 681edbc6-a1fc-42a4-b5ce-4922820de60a@group-FD33B9583E3C-LeaderElection220: begin an election at term 221 for -1: [3ee7b367-7b16-44e1-99f8-43aefeda0876:192.168.164.233:46080, 681edbc6-a1fc-42a4-b5ce-4922820de60a:192.168.164.233:44267, 773cce60-eeca-4c1f-a5ec-70084be8b6b9:192.168.164.233:38729], old=null
2019-10-18 14:30:45,619 [681edbc6-a1fc-42a4-b5ce-4922820de60a@group-FD33B9583E3C-LeaderElection220] INFO  impl.LeaderElection (LogUtils.java:infoOrTrace(149)) - 681edbc6-a1fc-42a4-b5ce-4922820de60a@group-FD33B9583E3C-LeaderElection220 got exception when requesting votes: {}
java.util.concurrent.ExecutionException: org.apache.ratis.thirdparty.io.grpc.StatusRuntimeException: UNAVAILABLE: io exception
	at java.util.concurrent.FutureTask.report(FutureTask.java:122)
	at java.util.concurrent.FutureTask.get(FutureTask.java:192)
	at org.apache.ratis.server.impl.LeaderElection.waitForResults(LeaderElection.java:259)
	at org.apache.ratis.server.impl.LeaderElection.askForVotes(LeaderElection.java:197)
	at org.apache.ratis.server.impl.LeaderElection.run(LeaderElection.java:133)
	at java.lang.Thread.run(Thread.java:748)
Caused by: org.apache.ratis.thirdparty.io.grpc.StatusRuntimeException: UNAVAILABLE: io exception
	at org.apache.ratis.thirdparty.io.grpc.stub.ClientCalls.toStatusRuntimeException(ClientCalls.java:233)
	at org.apache.ratis.thirdparty.io.grpc.stub.ClientCalls.getUnchecked(ClientCalls.java:214)
	at org.apache.ratis.thirdparty.io.grpc.stub.ClientCalls.blockingUnaryCall(ClientCalls.java:139)
	at org.apache.ratis.proto.grpc.RaftServerProtocolServiceGrpc$RaftServerProtocolServiceBlockingStub.requestVote(RaftServerProtocolServiceGrpc.java:265)
	at org.apache.ratis.grpc.server.GrpcServerProtocolClient.requestVote(GrpcServerProtocolClient.java:99)
	at org.apache.ratis.grpc.server.GrpcService.requestVote(GrpcService.java:204)
	at org.apache.ratis.server.impl.LeaderElection.lambda$submitRequests$1(LeaderElection.java:234)
	at java.util.concurrent.FutureTask.run(FutureTask.java:266)
	at java.util.concurrent.Executors$RunnableAdapter.call(Executors.java:511)
	at java.util.concurrent.FutureTask.run(FutureTask.java:266)
	at java.util.concurrent.ThreadPoolExecutor.runWorker(ThreadPoolExecutor.java:1149)
	at java.util.concurrent.ThreadPoolExecutor$Worker.run(ThreadPoolExecutor.java:624)
	... 1 more
Caused by: org.apache.ratis.thirdparty.io.netty.channel.AbstractChannel$AnnotatedConnectException: Connection refused: /192.168.164.233:38729
	at sun.nio.ch.SocketChannelImpl.checkConnect(Native Method)
	at sun.nio.ch.SocketChannelImpl.finishConnect(SocketChannelImpl.java:717)
	at org.apache.ratis.thirdparty.io.netty.channel.socket.nio.NioSocketChannel.doFinishConnect(NioSocketChannel.java:327)
	at org.apache.ratis.thirdparty.io.netty.channel.nio.AbstractNioChannel$AbstractNioUnsafe.finishConnect(AbstractNioChannel.java:340)
	at org.apache.ratis.thirdparty.io.netty.channel.nio.NioEventLoop.processSelectedKey(NioEventLoop.java:632)
	at org.apache.ratis.thirdparty.io.netty.channel.nio.NioEventLoop.processSelectedKeysOptimized(NioEventLoop.java:579)
	at org.apache.ratis.thirdparty.io.netty.channel.nio.NioEventLoop.processSelectedKeys(NioEventLoop.java:496)
	at org.apache.ratis.thirdparty.io.netty.channel.nio.NioEventLoop.run(NioEventLoop.java:458)
	at org.apache.ratis.thirdparty.io.netty.util.concurrent.SingleThreadEventExecutor$5.run(SingleThreadEventExecutor.java:897)
	at org.apache.ratis.thirdparty.io.netty.util.concurrent.FastThreadLocalRunnable.run(FastThreadLocalRunnable.java:30)
	... 1 more
Caused by: java.net.ConnectException: Connection refused
	... 11 more
2019-10-18 14:30:45,619 [681edbc6-a1fc-42a4-b5ce-4922820de60a@group-FD33B9583E3C-LeaderElection220] INFO  impl.LeaderElection (LogUtils.java:infoOrTrace(149)) - 681edbc6-a1fc-42a4-b5ce-4922820de60a@group-FD33B9583E3C-LeaderElection220 got exception when requesting votes: {}
java.util.concurrent.ExecutionException: org.apache.ratis.thirdparty.io.grpc.StatusRuntimeException: UNAVAILABLE: io exception
	at java.util.concurrent.FutureTask.report(FutureTask.java:122)
	at java.util.concurrent.FutureTask.get(FutureTask.java:192)
	at org.apache.ratis.server.impl.LeaderElection.waitForResults(LeaderElection.java:259)
	at org.apache.ratis.server.impl.LeaderElection.askForVotes(LeaderElection.java:197)
	at org.apache.ratis.server.impl.LeaderElection.run(LeaderElection.java:133)
	at java.lang.Thread.run(Thread.java:748)
Caused by: org.apache.ratis.thirdparty.io.grpc.StatusRuntimeException: UNAVAILABLE: io exception
	at org.apache.ratis.thirdparty.io.grpc.stub.ClientCalls.toStatusRuntimeException(ClientCalls.java:233)
	at org.apache.ratis.thirdparty.io.grpc.stub.ClientCalls.getUnchecked(ClientCalls.java:214)
	at org.apache.ratis.thirdparty.io.grpc.stub.ClientCalls.blockingUnaryCall(ClientCalls.java:139)
	at org.apache.ratis.proto.grpc.RaftServerProtocolServiceGrpc$RaftServerProtocolServiceBlockingStub.requestVote(RaftServerProtocolServiceGrpc.java:265)
	at org.apache.ratis.grpc.server.GrpcServerProtocolClient.requestVote(GrpcServerProtocolClient.java:99)
	at org.apache.ratis.grpc.server.GrpcService.requestVote(GrpcService.java:204)
	at org.apache.ratis.server.impl.LeaderElection.lambda$submitRequests$1(LeaderElection.java:234)
	at java.util.concurrent.FutureTask.run(FutureTask.java:266)
	at java.util.concurrent.Executors$RunnableAdapter.call(Executors.java:511)
	at java.util.concurrent.FutureTask.run(FutureTask.java:266)
	at java.util.concurrent.ThreadPoolExecutor.runWorker(ThreadPoolExecutor.java:1149)
	at java.util.concurrent.ThreadPoolExecutor$Worker.run(ThreadPoolExecutor.java:624)
	... 1 more
Caused by: org.apache.ratis.thirdparty.io.netty.channel.AbstractChannel$AnnotatedConnectException: Connection refused: /192.168.164.233:46080
	at sun.nio.ch.SocketChannelImpl.checkConnect(Native Method)
	at sun.nio.ch.SocketChannelImpl.finishConnect(SocketChannelImpl.java:717)
	at org.apache.ratis.thirdparty.io.netty.channel.socket.nio.NioSocketChannel.doFinishConnect(NioSocketChannel.java:327)
	at org.apache.ratis.thirdparty.io.netty.channel.nio.AbstractNioChannel$AbstractNioUnsafe.finishConnect(AbstractNioChannel.java:340)
	at org.apache.ratis.thirdparty.io.netty.channel.nio.NioEventLoop.processSelectedKey(NioEventLoop.java:632)
	at org.apache.ratis.thirdparty.io.netty.channel.nio.NioEventLoop.processSelectedKeysOptimized(NioEventLoop.java:579)
	at org.apache.ratis.thirdparty.io.netty.channel.nio.NioEventLoop.processSelectedKeys(NioEventLoop.java:496)
	at org.apache.ratis.thirdparty.io.netty.channel.nio.NioEventLoop.run(NioEventLoop.java:458)
	at org.apache.ratis.thirdparty.io.netty.util.concurrent.SingleThreadEventExecutor$5.run(SingleThreadEventExecutor.java:897)
	at org.apache.ratis.thirdparty.io.netty.util.concurrent.FastThreadLocalRunnable.run(FastThreadLocalRunnable.java:30)
	... 1 more
Caused by: java.net.ConnectException: Connection refused
	... 11 more
2019-10-18 14:30:45,620 [681edbc6-a1fc-42a4-b5ce-4922820de60a@group-FD33B9583E3C-LeaderElection220] INFO  impl.LeaderElection (LeaderElection.java:logAndReturn(56)) - 681edbc6-a1fc-42a4-b5ce-4922820de60a@group-FD33B9583E3C-LeaderElection220: Election REJECTED; received 0 response(s) [] and 2 exception(s); 681edbc6-a1fc-42a4-b5ce-4922820de60a@group-FD33B9583E3C:t221, leader=null, voted=681edbc6-a1fc-42a4-b5ce-4922820de60a, raftlog=681edbc6-a1fc-42a4-b5ce-4922820de60a@group-FD33B9583E3C-SegmentedRaftLog:OPENED:c-1,f-1,i0, conf=-1: [3ee7b367-7b16-44e1-99f8-43aefeda0876:192.168.164.233:46080, 681edbc6-a1fc-42a4-b5ce-4922820de60a:192.168.164.233:44267, 773cce60-eeca-4c1f-a5ec-70084be8b6b9:192.168.164.233:38729], old=null
2019-10-18 14:30:45,620 [681edbc6-a1fc-42a4-b5ce-4922820de60a@group-FD33B9583E3C-LeaderElection220] INFO  impl.LeaderElection (LogUtils.java:infoOrTrace(149)) -   Exception 0: {}
java.util.concurrent.ExecutionException: org.apache.ratis.thirdparty.io.grpc.StatusRuntimeException: UNAVAILABLE: io exception
	at java.util.concurrent.FutureTask.report(FutureTask.java:122)
	at java.util.concurrent.FutureTask.get(FutureTask.java:192)
	at org.apache.ratis.server.impl.LeaderElection.waitForResults(LeaderElection.java:259)
	at org.apache.ratis.server.impl.LeaderElection.askForVotes(LeaderElection.java:197)
	at org.apache.ratis.server.impl.LeaderElection.run(LeaderElection.java:133)
	at java.lang.Thread.run(Thread.java:748)
Caused by: org.apache.ratis.thirdparty.io.grpc.StatusRuntimeException: UNAVAILABLE: io exception
	at org.apache.ratis.thirdparty.io.grpc.stub.ClientCalls.toStatusRuntimeException(ClientCalls.java:233)
	at org.apache.ratis.thirdparty.io.grpc.stub.ClientCalls.getUnchecked(ClientCalls.java:214)
	at org.apache.ratis.thirdparty.io.grpc.stub.ClientCalls.blockingUnaryCall(ClientCalls.java:139)
	at org.apache.ratis.proto.grpc.RaftServerProtocolServiceGrpc$RaftServerProtocolServiceBlockingStub.requestVote(RaftServerProtocolServiceGrpc.java:265)
	at org.apache.ratis.grpc.server.GrpcServerProtocolClient.requestVote(GrpcServerProtocolClient.java:99)
	at org.apache.ratis.grpc.server.GrpcService.requestVote(GrpcService.java:204)
	at org.apache.ratis.server.impl.LeaderElection.lambda$submitRequests$1(LeaderElection.java:234)
	at java.util.concurrent.FutureTask.run(FutureTask.java:266)
	at java.util.concurrent.Executors$RunnableAdapter.call(Executors.java:511)
	at java.util.concurrent.FutureTask.run(FutureTask.java:266)
	at java.util.concurrent.ThreadPoolExecutor.runWorker(ThreadPoolExecutor.java:1149)
	at java.util.concurrent.ThreadPoolExecutor$Worker.run(ThreadPoolExecutor.java:624)
	... 1 more
Caused by: org.apache.ratis.thirdparty.io.netty.channel.AbstractChannel$AnnotatedConnectException: Connection refused: /192.168.164.233:38729
	at sun.nio.ch.SocketChannelImpl.checkConnect(Native Method)
	at sun.nio.ch.SocketChannelImpl.finishConnect(SocketChannelImpl.java:717)
	at org.apache.ratis.thirdparty.io.netty.channel.socket.nio.NioSocketChannel.doFinishConnect(NioSocketChannel.java:327)
	at org.apache.ratis.thirdparty.io.netty.channel.nio.AbstractNioChannel$AbstractNioUnsafe.finishConnect(AbstractNioChannel.java:340)
	at org.apache.ratis.thirdparty.io.netty.channel.nio.NioEventLoop.processSelectedKey(NioEventLoop.java:632)
	at org.apache.ratis.thirdparty.io.netty.channel.nio.NioEventLoop.processSelectedKeysOptimized(NioEventLoop.java:579)
	at org.apache.ratis.thirdparty.io.netty.channel.nio.NioEventLoop.processSelectedKeys(NioEventLoop.java:496)
	at org.apache.ratis.thirdparty.io.netty.channel.nio.NioEventLoop.run(NioEventLoop.java:458)
	at org.apache.ratis.thirdparty.io.netty.util.concurrent.SingleThreadEventExecutor$5.run(SingleThreadEventExecutor.java:897)
	at org.apache.ratis.thirdparty.io.netty.util.concurrent.FastThreadLocalRunnable.run(FastThreadLocalRunnable.java:30)
	... 1 more
Caused by: java.net.ConnectException: Connection refused
	... 11 more
2019-10-18 14:30:45,620 [681edbc6-a1fc-42a4-b5ce-4922820de60a@group-FD33B9583E3C-LeaderElection220] INFO  impl.LeaderElection (LogUtils.java:infoOrTrace(149)) -   Exception 1: {}
java.util.concurrent.ExecutionException: org.apache.ratis.thirdparty.io.grpc.StatusRuntimeException: UNAVAILABLE: io exception
	at java.util.concurrent.FutureTask.report(FutureTask.java:122)
	at java.util.concurrent.FutureTask.get(FutureTask.java:192)
	at org.apache.ratis.server.impl.LeaderElection.waitForResults(LeaderElection.java:259)
	at org.apache.ratis.server.impl.LeaderElection.askForVotes(LeaderElection.java:197)
	at org.apache.ratis.server.impl.LeaderElection.run(LeaderElection.java:133)
	at java.lang.Thread.run(Thread.java:748)
Caused by: org.apache.ratis.thirdparty.io.grpc.StatusRuntimeException: UNAVAILABLE: io exception
	at org.apache.ratis.thirdparty.io.grpc.stub.ClientCalls.toStatusRuntimeException(ClientCalls.java:233)
	at org.apache.ratis.thirdparty.io.grpc.stub.ClientCalls.getUnchecked(ClientCalls.java:214)
	at org.apache.ratis.thirdparty.io.grpc.stub.ClientCalls.blockingUnaryCall(ClientCalls.java:139)
	at org.apache.ratis.proto.grpc.RaftServerProtocolServiceGrpc$RaftServerProtocolServiceBlockingStub.requestVote(RaftServerProtocolServiceGrpc.java:265)
	at org.apache.ratis.grpc.server.GrpcServerProtocolClient.requestVote(GrpcServerProtocolClient.java:99)
	at org.apache.ratis.grpc.server.GrpcService.requestVote(GrpcService.java:204)
	at org.apache.ratis.server.impl.LeaderElection.lambda$submitRequests$1(LeaderElection.java:234)
	at java.util.concurrent.FutureTask.run(FutureTask.java:266)
	at java.util.concurrent.Executors$RunnableAdapter.call(Executors.java:511)
	at java.util.concurrent.FutureTask.run(FutureTask.java:266)
	at java.util.concurrent.ThreadPoolExecutor.runWorker(ThreadPoolExecutor.java:1149)
	at java.util.concurrent.ThreadPoolExecutor$Worker.run(ThreadPoolExecutor.java:624)
	... 1 more
Caused by: org.apache.ratis.thirdparty.io.netty.channel.AbstractChannel$AnnotatedConnectException: Connection refused: /192.168.164.233:46080
	at sun.nio.ch.SocketChannelImpl.checkConnect(Native Method)
	at sun.nio.ch.SocketChannelImpl.finishConnect(SocketChannelImpl.java:717)
	at org.apache.ratis.thirdparty.io.netty.channel.socket.nio.NioSocketChannel.doFinishConnect(NioSocketChannel.java:327)
	at org.apache.ratis.thirdparty.io.netty.channel.nio.AbstractNioChannel$AbstractNioUnsafe.finishConnect(AbstractNioChannel.java:340)
	at org.apache.ratis.thirdparty.io.netty.channel.nio.NioEventLoop.processSelectedKey(NioEventLoop.java:632)
	at org.apache.ratis.thirdparty.io.netty.channel.nio.NioEventLoop.processSelectedKeysOptimized(NioEventLoop.java:579)
	at org.apache.ratis.thirdparty.io.netty.channel.nio.NioEventLoop.processSelectedKeys(NioEventLoop.java:496)
	at org.apache.ratis.thirdparty.io.netty.channel.nio.NioEventLoop.run(NioEventLoop.java:458)
	at org.apache.ratis.thirdparty.io.netty.util.concurrent.SingleThreadEventExecutor$5.run(SingleThreadEventExecutor.java:897)
	at org.apache.ratis.thirdparty.io.netty.util.concurrent.FastThreadLocalRunnable.run(FastThreadLocalRunnable.java:30)
	... 1 more
Caused by: java.net.ConnectException: Connection refused
	... 11 more
2019-10-18 14:30:45,620 [681edbc6-a1fc-42a4-b5ce-4922820de60a@group-FD33B9583E3C-LeaderElection220] INFO  impl.RaftServerImpl (RaftServerImpl.java:setRole(184)) - 681edbc6-a1fc-42a4-b5ce-4922820de60a@group-FD33B9583E3C: changes role from CANDIDATE to FOLLOWER at term 221 for DISCOVERED_A_NEW_TERM
2019-10-18 14:30:45,620 [681edbc6-a1fc-42a4-b5ce-4922820de60a@group-FD33B9583E3C-LeaderElection220] INFO  impl.RoleInfo (RoleInfo.java:shutdownLeaderElection(134)) - 681edbc6-a1fc-42a4-b5ce-4922820de60a: shutdown LeaderElection
2019-10-18 14:30:45,620 [681edbc6-a1fc-42a4-b5ce-4922820de60a@group-FD33B9583E3C-LeaderElection220] INFO  impl.RoleInfo (RoleInfo.java:updateAndGet(143)) - 681edbc6-a1fc-42a4-b5ce-4922820de60a: start FollowerState
2019-10-18 14:30:45,692 [Thread-1858] INFO  impl.FollowerState (FollowerState.java:run(108)) - 681edbc6-a1fc-42a4-b5ce-4922820de60a@group-FD33B9583E3C-FollowerState: change to CANDIDATE, lastRpcTime:71ms, electionTimeout:71ms
2019-10-18 14:30:45,692 [Thread-1858] INFO  impl.RoleInfo (RoleInfo.java:shutdownFollowerState(121)) - 681edbc6-a1fc-42a4-b5ce-4922820de60a: shutdown FollowerState
2019-10-18 14:30:45,692 [Thread-1858] INFO  impl.RaftServerImpl (RaftServerImpl.java:setRole(184)) - 681edbc6-a1fc-42a4-b5ce-4922820de60a@group-FD33B9583E3C: changes role from  FOLLOWER to CANDIDATE at term 221 for changeToCandidate
2019-10-18 14:30:45,692 [Thread-1858] INFO  impl.RoleInfo (RoleInfo.java:updateAndGet(143)) - 681edbc6-a1fc-42a4-b5ce-4922820de60a: start LeaderElection
2019-10-18 14:30:45,715 [681edbc6-a1fc-42a4-b5ce-4922820de60a@group-FD33B9583E3C-LeaderElection221] INFO  impl.LeaderElection (LeaderElection.java:askForVotes(178)) - 681edbc6-a1fc-42a4-b5ce-4922820de60a@group-FD33B9583E3C-LeaderElection221: begin an election at term 222 for -1: [3ee7b367-7b16-44e1-99f8-43aefeda0876:192.168.164.233:46080, 681edbc6-a1fc-42a4-b5ce-4922820de60a:192.168.164.233:44267, 773cce60-eeca-4c1f-a5ec-70084be8b6b9:192.168.164.233:38729], old=null
2019-10-18 14:30:45,716 [681edbc6-a1fc-42a4-b5ce-4922820de60a@group-FD33B9583E3C-LeaderElection221] INFO  impl.LeaderElection (LogUtils.java:infoOrTrace(149)) - 681edbc6-a1fc-42a4-b5ce-4922820de60a@group-FD33B9583E3C-LeaderElection221 got exception when requesting votes: {}
java.util.concurrent.ExecutionException: org.apache.ratis.thirdparty.io.grpc.StatusRuntimeException: UNAVAILABLE: io exception
	at java.util.concurrent.FutureTask.report(FutureTask.java:122)
	at java.util.concurrent.FutureTask.get(FutureTask.java:192)
	at org.apache.ratis.server.impl.LeaderElection.waitForResults(LeaderElection.java:259)
	at org.apache.ratis.server.impl.LeaderElection.askForVotes(LeaderElection.java:197)
	at org.apache.ratis.server.impl.LeaderElection.run(LeaderElection.java:133)
	at java.lang.Thread.run(Thread.java:748)
Caused by: org.apache.ratis.thirdparty.io.grpc.StatusRuntimeException: UNAVAILABLE: io exception
	at org.apache.ratis.thirdparty.io.grpc.stub.ClientCalls.toStatusRuntimeException(ClientCalls.java:233)
	at org.apache.ratis.thirdparty.io.grpc.stub.ClientCalls.getUnchecked(ClientCalls.java:214)
	at org.apache.ratis.thirdparty.io.grpc.stub.ClientCalls.blockingUnaryCall(ClientCalls.java:139)
	at org.apache.ratis.proto.grpc.RaftServerProtocolServiceGrpc$RaftServerProtocolServiceBlockingStub.requestVote(RaftServerProtocolServiceGrpc.java:265)
	at org.apache.ratis.grpc.server.GrpcServerProtocolClient.requestVote(GrpcServerProtocolClient.java:99)
	at org.apache.ratis.grpc.server.GrpcService.requestVote(GrpcService.java:204)
	at org.apache.ratis.server.impl.LeaderElection.lambda$submitRequests$1(LeaderElection.java:234)
	at java.util.concurrent.FutureTask.run(FutureTask.java:266)
	at java.util.concurrent.Executors$RunnableAdapter.call(Executors.java:511)
	at java.util.concurrent.FutureTask.run(FutureTask.java:266)
	at java.util.concurrent.ThreadPoolExecutor.runWorker(ThreadPoolExecutor.java:1149)
	at java.util.concurrent.ThreadPoolExecutor$Worker.run(ThreadPoolExecutor.java:624)
	... 1 more
Caused by: org.apache.ratis.thirdparty.io.netty.channel.AbstractChannel$AnnotatedConnectException: Connection refused: /192.168.164.233:46080
	at sun.nio.ch.SocketChannelImpl.checkConnect(Native Method)
	at sun.nio.ch.SocketChannelImpl.finishConnect(SocketChannelImpl.java:717)
	at org.apache.ratis.thirdparty.io.netty.channel.socket.nio.NioSocketChannel.doFinishConnect(NioSocketChannel.java:327)
	at org.apache.ratis.thirdparty.io.netty.channel.nio.AbstractNioChannel$AbstractNioUnsafe.finishConnect(AbstractNioChannel.java:340)
	at org.apache.ratis.thirdparty.io.netty.channel.nio.NioEventLoop.processSelectedKey(NioEventLoop.java:632)
	at org.apache.ratis.thirdparty.io.netty.channel.nio.NioEventLoop.processSelectedKeysOptimized(NioEventLoop.java:579)
	at org.apache.ratis.thirdparty.io.netty.channel.nio.NioEventLoop.processSelectedKeys(NioEventLoop.java:496)
	at org.apache.ratis.thirdparty.io.netty.channel.nio.NioEventLoop.run(NioEventLoop.java:458)
	at org.apache.ratis.thirdparty.io.netty.util.concurrent.SingleThreadEventExecutor$5.run(SingleThreadEventExecutor.java:897)
	at org.apache.ratis.thirdparty.io.netty.util.concurrent.FastThreadLocalRunnable.run(FastThreadLocalRunnable.java:30)
	... 1 more
Caused by: java.net.ConnectException: Connection refused
	... 11 more
2019-10-18 14:30:45,716 [681edbc6-a1fc-42a4-b5ce-4922820de60a@group-FD33B9583E3C-LeaderElection221] INFO  impl.LeaderElection (LogUtils.java:infoOrTrace(149)) - 681edbc6-a1fc-42a4-b5ce-4922820de60a@group-FD33B9583E3C-LeaderElection221 got exception when requesting votes: {}
java.util.concurrent.ExecutionException: org.apache.ratis.thirdparty.io.grpc.StatusRuntimeException: UNAVAILABLE: io exception
	at java.util.concurrent.FutureTask.report(FutureTask.java:122)
	at java.util.concurrent.FutureTask.get(FutureTask.java:192)
	at org.apache.ratis.server.impl.LeaderElection.waitForResults(LeaderElection.java:259)
	at org.apache.ratis.server.impl.LeaderElection.askForVotes(LeaderElection.java:197)
	at org.apache.ratis.server.impl.LeaderElection.run(LeaderElection.java:133)
	at java.lang.Thread.run(Thread.java:748)
Caused by: org.apache.ratis.thirdparty.io.grpc.StatusRuntimeException: UNAVAILABLE: io exception
	at org.apache.ratis.thirdparty.io.grpc.stub.ClientCalls.toStatusRuntimeException(ClientCalls.java:233)
	at org.apache.ratis.thirdparty.io.grpc.stub.ClientCalls.getUnchecked(ClientCalls.java:214)
	at org.apache.ratis.thirdparty.io.grpc.stub.ClientCalls.blockingUnaryCall(ClientCalls.java:139)
	at org.apache.ratis.proto.grpc.RaftServerProtocolServiceGrpc$RaftServerProtocolServiceBlockingStub.requestVote(RaftServerProtocolServiceGrpc.java:265)
	at org.apache.ratis.grpc.server.GrpcServerProtocolClient.requestVote(GrpcServerProtocolClient.java:99)
	at org.apache.ratis.grpc.server.GrpcService.requestVote(GrpcService.java:204)
	at org.apache.ratis.server.impl.LeaderElection.lambda$submitRequests$1(LeaderElection.java:234)
	at java.util.concurrent.FutureTask.run(FutureTask.java:266)
	at java.util.concurrent.Executors$RunnableAdapter.call(Executors.java:511)
	at java.util.concurrent.FutureTask.run(FutureTask.java:266)
	at java.util.concurrent.ThreadPoolExecutor.runWorker(ThreadPoolExecutor.java:1149)
	at java.util.concurrent.ThreadPoolExecutor$Worker.run(ThreadPoolExecutor.java:624)
	... 1 more
Caused by: org.apache.ratis.thirdparty.io.netty.channel.AbstractChannel$AnnotatedConnectException: Connection refused: /192.168.164.233:38729
	at sun.nio.ch.SocketChannelImpl.checkConnect(Native Method)
	at sun.nio.ch.SocketChannelImpl.finishConnect(SocketChannelImpl.java:717)
	at org.apache.ratis.thirdparty.io.netty.channel.socket.nio.NioSocketChannel.doFinishConnect(NioSocketChannel.java:327)
	at org.apache.ratis.thirdparty.io.netty.channel.nio.AbstractNioChannel$AbstractNioUnsafe.finishConnect(AbstractNioChannel.java:340)
	at org.apache.ratis.thirdparty.io.netty.channel.nio.NioEventLoop.processSelectedKey(NioEventLoop.java:632)
	at org.apache.ratis.thirdparty.io.netty.channel.nio.NioEventLoop.processSelectedKeysOptimized(NioEventLoop.java:579)
	at org.apache.ratis.thirdparty.io.netty.channel.nio.NioEventLoop.processSelectedKeys(NioEventLoop.java:496)
	at org.apache.ratis.thirdparty.io.netty.channel.nio.NioEventLoop.run(NioEventLoop.java:458)
	at org.apache.ratis.thirdparty.io.netty.util.concurrent.SingleThreadEventExecutor$5.run(SingleThreadEventExecutor.java:897)
	at org.apache.ratis.thirdparty.io.netty.util.concurrent.FastThreadLocalRunnable.run(FastThreadLocalRunnable.java:30)
	... 1 more
Caused by: java.net.ConnectException: Connection refused
	... 11 more
2019-10-18 14:30:45,717 [681edbc6-a1fc-42a4-b5ce-4922820de60a@group-FD33B9583E3C-LeaderElection221] INFO  impl.LeaderElection (LeaderElection.java:logAndReturn(56)) - 681edbc6-a1fc-42a4-b5ce-4922820de60a@group-FD33B9583E3C-LeaderElection221: Election REJECTED; received 0 response(s) [] and 2 exception(s); 681edbc6-a1fc-42a4-b5ce-4922820de60a@group-FD33B9583E3C:t222, leader=null, voted=681edbc6-a1fc-42a4-b5ce-4922820de60a, raftlog=681edbc6-a1fc-42a4-b5ce-4922820de60a@group-FD33B9583E3C-SegmentedRaftLog:OPENED:c-1,f-1,i0, conf=-1: [3ee7b367-7b16-44e1-99f8-43aefeda0876:192.168.164.233:46080, 681edbc6-a1fc-42a4-b5ce-4922820de60a:192.168.164.233:44267, 773cce60-eeca-4c1f-a5ec-70084be8b6b9:192.168.164.233:38729], old=null
2019-10-18 14:30:45,717 [681edbc6-a1fc-42a4-b5ce-4922820de60a@group-FD33B9583E3C-LeaderElection221] INFO  impl.LeaderElection (LogUtils.java:infoOrTrace(149)) -   Exception 0: {}
java.util.concurrent.ExecutionException: org.apache.ratis.thirdparty.io.grpc.StatusRuntimeException: UNAVAILABLE: io exception
	at java.util.concurrent.FutureTask.report(FutureTask.java:122)
	at java.util.concurrent.FutureTask.get(FutureTask.java:192)
	at org.apache.ratis.server.impl.LeaderElection.waitForResults(LeaderElection.java:259)
	at org.apache.ratis.server.impl.LeaderElection.askForVotes(LeaderElection.java:197)
	at org.apache.ratis.server.impl.LeaderElection.run(LeaderElection.java:133)
	at java.lang.Thread.run(Thread.java:748)
Caused by: org.apache.ratis.thirdparty.io.grpc.StatusRuntimeException: UNAVAILABLE: io exception
	at org.apache.ratis.thirdparty.io.grpc.stub.ClientCalls.toStatusRuntimeException(ClientCalls.java:233)
	at org.apache.ratis.thirdparty.io.grpc.stub.ClientCalls.getUnchecked(ClientCalls.java:214)
	at org.apache.ratis.thirdparty.io.grpc.stub.ClientCalls.blockingUnaryCall(ClientCalls.java:139)
	at org.apache.ratis.proto.grpc.RaftServerProtocolServiceGrpc$RaftServerProtocolServiceBlockingStub.requestVote(RaftServerProtocolServiceGrpc.java:265)
	at org.apache.ratis.grpc.server.GrpcServerProtocolClient.requestVote(GrpcServerProtocolClient.java:99)
	at org.apache.ratis.grpc.server.GrpcService.requestVote(GrpcService.java:204)
	at org.apache.ratis.server.impl.LeaderElection.lambda$submitRequests$1(LeaderElection.java:234)
	at java.util.concurrent.FutureTask.run(FutureTask.java:266)
	at java.util.concurrent.Executors$RunnableAdapter.call(Executors.java:511)
	at java.util.concurrent.FutureTask.run(FutureTask.java:266)
	at java.util.concurrent.ThreadPoolExecutor.runWorker(ThreadPoolExecutor.java:1149)
	at java.util.concurrent.ThreadPoolExecutor$Worker.run(ThreadPoolExecutor.java:624)
	... 1 more
Caused by: org.apache.ratis.thirdparty.io.netty.channel.AbstractChannel$AnnotatedConnectException: Connection refused: /192.168.164.233:46080
	at sun.nio.ch.SocketChannelImpl.checkConnect(Native Method)
	at sun.nio.ch.SocketChannelImpl.finishConnect(SocketChannelImpl.java:717)
	at org.apache.ratis.thirdparty.io.netty.channel.socket.nio.NioSocketChannel.doFinishConnect(NioSocketChannel.java:327)
	at org.apache.ratis.thirdparty.io.netty.channel.nio.AbstractNioChannel$AbstractNioUnsafe.finishConnect(AbstractNioChannel.java:340)
	at org.apache.ratis.thirdparty.io.netty.channel.nio.NioEventLoop.processSelectedKey(NioEventLoop.java:632)
	at org.apache.ratis.thirdparty.io.netty.channel.nio.NioEventLoop.processSelectedKeysOptimized(NioEventLoop.java:579)
	at org.apache.ratis.thirdparty.io.netty.channel.nio.NioEventLoop.processSelectedKeys(NioEventLoop.java:496)
	at org.apache.ratis.thirdparty.io.netty.channel.nio.NioEventLoop.run(NioEventLoop.java:458)
	at org.apache.ratis.thirdparty.io.netty.util.concurrent.SingleThreadEventExecutor$5.run(SingleThreadEventExecutor.java:897)
	at org.apache.ratis.thirdparty.io.netty.util.concurrent.FastThreadLocalRunnable.run(FastThreadLocalRunnable.java:30)
	... 1 more
Caused by: java.net.ConnectException: Connection refused
	... 11 more
2019-10-18 14:30:45,717 [681edbc6-a1fc-42a4-b5ce-4922820de60a@group-FD33B9583E3C-LeaderElection221] INFO  impl.LeaderElection (LogUtils.java:infoOrTrace(149)) -   Exception 1: {}
java.util.concurrent.ExecutionException: org.apache.ratis.thirdparty.io.grpc.StatusRuntimeException: UNAVAILABLE: io exception
	at java.util.concurrent.FutureTask.report(FutureTask.java:122)
	at java.util.concurrent.FutureTask.get(FutureTask.java:192)
	at org.apache.ratis.server.impl.LeaderElection.waitForResults(LeaderElection.java:259)
	at org.apache.ratis.server.impl.LeaderElection.askForVotes(LeaderElection.java:197)
	at org.apache.ratis.server.impl.LeaderElection.run(LeaderElection.java:133)
	at java.lang.Thread.run(Thread.java:748)
Caused by: org.apache.ratis.thirdparty.io.grpc.StatusRuntimeException: UNAVAILABLE: io exception
	at org.apache.ratis.thirdparty.io.grpc.stub.ClientCalls.toStatusRuntimeException(ClientCalls.java:233)
	at org.apache.ratis.thirdparty.io.grpc.stub.ClientCalls.getUnchecked(ClientCalls.java:214)
	at org.apache.ratis.thirdparty.io.grpc.stub.ClientCalls.blockingUnaryCall(ClientCalls.java:139)
	at org.apache.ratis.proto.grpc.RaftServerProtocolServiceGrpc$RaftServerProtocolServiceBlockingStub.requestVote(RaftServerProtocolServiceGrpc.java:265)
	at org.apache.ratis.grpc.server.GrpcServerProtocolClient.requestVote(GrpcServerProtocolClient.java:99)
	at org.apache.ratis.grpc.server.GrpcService.requestVote(GrpcService.java:204)
	at org.apache.ratis.server.impl.LeaderElection.lambda$submitRequests$1(LeaderElection.java:234)
	at java.util.concurrent.FutureTask.run(FutureTask.java:266)
	at java.util.concurrent.Executors$RunnableAdapter.call(Executors.java:511)
	at java.util.concurrent.FutureTask.run(FutureTask.java:266)
	at java.util.concurrent.ThreadPoolExecutor.runWorker(ThreadPoolExecutor.java:1149)
	at java.util.concurrent.ThreadPoolExecutor$Worker.run(ThreadPoolExecutor.java:624)
	... 1 more
Caused by: org.apache.ratis.thirdparty.io.netty.channel.AbstractChannel$AnnotatedConnectException: Connection refused: /192.168.164.233:38729
	at sun.nio.ch.SocketChannelImpl.checkConnect(Native Method)
	at sun.nio.ch.SocketChannelImpl.finishConnect(SocketChannelImpl.java:717)
	at org.apache.ratis.thirdparty.io.netty.channel.socket.nio.NioSocketChannel.doFinishConnect(NioSocketChannel.java:327)
	at org.apache.ratis.thirdparty.io.netty.channel.nio.AbstractNioChannel$AbstractNioUnsafe.finishConnect(AbstractNioChannel.java:340)
	at org.apache.ratis.thirdparty.io.netty.channel.nio.NioEventLoop.processSelectedKey(NioEventLoop.java:632)
	at org.apache.ratis.thirdparty.io.netty.channel.nio.NioEventLoop.processSelectedKeysOptimized(NioEventLoop.java:579)
	at org.apache.ratis.thirdparty.io.netty.channel.nio.NioEventLoop.processSelectedKeys(NioEventLoop.java:496)
	at org.apache.ratis.thirdparty.io.netty.channel.nio.NioEventLoop.run(NioEventLoop.java:458)
	at org.apache.ratis.thirdparty.io.netty.util.concurrent.SingleThreadEventExecutor$5.run(SingleThreadEventExecutor.java:897)
	at org.apache.ratis.thirdparty.io.netty.util.concurrent.FastThreadLocalRunnable.run(FastThreadLocalRunnable.java:30)
	... 1 more
Caused by: java.net.ConnectException: Connection refused
	... 11 more
2019-10-18 14:30:45,717 [681edbc6-a1fc-42a4-b5ce-4922820de60a@group-FD33B9583E3C-LeaderElection221] INFO  impl.RaftServerImpl (RaftServerImpl.java:setRole(184)) - 681edbc6-a1fc-42a4-b5ce-4922820de60a@group-FD33B9583E3C: changes role from CANDIDATE to FOLLOWER at term 222 for DISCOVERED_A_NEW_TERM
2019-10-18 14:30:45,717 [681edbc6-a1fc-42a4-b5ce-4922820de60a@group-FD33B9583E3C-LeaderElection221] INFO  impl.RoleInfo (RoleInfo.java:shutdownLeaderElection(134)) - 681edbc6-a1fc-42a4-b5ce-4922820de60a: shutdown LeaderElection
2019-10-18 14:30:45,718 [681edbc6-a1fc-42a4-b5ce-4922820de60a@group-FD33B9583E3C-LeaderElection221] INFO  impl.RoleInfo (RoleInfo.java:updateAndGet(143)) - 681edbc6-a1fc-42a4-b5ce-4922820de60a: start FollowerState
2019-10-18 14:30:45,721 [java.util.concurrent.ThreadPoolExecutor$Worker@4efed47c[State = -1, empty queue]] WARN  server.GrpcLogAppender (GrpcLogAppender.java:timeoutAppendRequest(209)) - 46c14060-ea78-4b5a-b57c-064e4766b234@group-45DBFE4B8A65->a4757974-e77e-4a1a-a400-c32fe273093a-GrpcLogAppender: appendEntries Timeout, request=46c14060-ea78-4b5a-b57c-064e4766b234->a4757974-e77e-4a1a-a400-c32fe273093a#54-t3, previous=(t:3, i:4), leaderCommit=4, initializing? false, entries: <empty>
2019-10-18 14:30:45,722 [java.util.concurrent.ThreadPoolExecutor$Worker@108d80c3[State = -1, empty queue]] WARN  server.GrpcLogAppender (GrpcLogAppender.java:timeoutAppendRequest(209)) - 46c14060-ea78-4b5a-b57c-064e4766b234@group-45DBFE4B8A65->55013cf6-f41f-4339-a52c-06c119893914-GrpcLogAppender: appendEntries Timeout, request=46c14060-ea78-4b5a-b57c-064e4766b234->55013cf6-f41f-4339-a52c-06c119893914#54-t3, previous=(t:3, i:4), leaderCommit=4, initializing? false, entries: <empty>
2019-10-18 14:30:45,835 [Thread-1862] INFO  impl.FollowerState (FollowerState.java:run(108)) - 681edbc6-a1fc-42a4-b5ce-4922820de60a@group-FD33B9583E3C-FollowerState: change to CANDIDATE, lastRpcTime:117ms, electionTimeout:117ms
2019-10-18 14:30:45,835 [Thread-1862] INFO  impl.RoleInfo (RoleInfo.java:shutdownFollowerState(121)) - 681edbc6-a1fc-42a4-b5ce-4922820de60a: shutdown FollowerState
2019-10-18 14:30:45,835 [Thread-1862] INFO  impl.RaftServerImpl (RaftServerImpl.java:setRole(184)) - 681edbc6-a1fc-42a4-b5ce-4922820de60a@group-FD33B9583E3C: changes role from  FOLLOWER to CANDIDATE at term 222 for changeToCandidate
2019-10-18 14:30:45,836 [Thread-1862] INFO  impl.RoleInfo (RoleInfo.java:updateAndGet(143)) - 681edbc6-a1fc-42a4-b5ce-4922820de60a: start LeaderElection
2019-10-18 14:30:45,849 [681edbc6-a1fc-42a4-b5ce-4922820de60a@group-FD33B9583E3C-LeaderElection222] INFO  impl.LeaderElection (LeaderElection.java:askForVotes(178)) - 681edbc6-a1fc-42a4-b5ce-4922820de60a@group-FD33B9583E3C-LeaderElection222: begin an election at term 223 for -1: [3ee7b367-7b16-44e1-99f8-43aefeda0876:192.168.164.233:46080, 681edbc6-a1fc-42a4-b5ce-4922820de60a:192.168.164.233:44267, 773cce60-eeca-4c1f-a5ec-70084be8b6b9:192.168.164.233:38729], old=null
2019-10-18 14:30:45,850 [681edbc6-a1fc-42a4-b5ce-4922820de60a@group-FD33B9583E3C-LeaderElection222] INFO  impl.LeaderElection (LogUtils.java:infoOrTrace(149)) - 681edbc6-a1fc-42a4-b5ce-4922820de60a@group-FD33B9583E3C-LeaderElection222 got exception when requesting votes: {}
java.util.concurrent.ExecutionException: org.apache.ratis.thirdparty.io.grpc.StatusRuntimeException: UNAVAILABLE: io exception
	at java.util.concurrent.FutureTask.report(FutureTask.java:122)
	at java.util.concurrent.FutureTask.get(FutureTask.java:192)
	at org.apache.ratis.server.impl.LeaderElection.waitForResults(LeaderElection.java:259)
	at org.apache.ratis.server.impl.LeaderElection.askForVotes(LeaderElection.java:197)
	at org.apache.ratis.server.impl.LeaderElection.run(LeaderElection.java:133)
	at java.lang.Thread.run(Thread.java:748)
Caused by: org.apache.ratis.thirdparty.io.grpc.StatusRuntimeException: UNAVAILABLE: io exception
	at org.apache.ratis.thirdparty.io.grpc.stub.ClientCalls.toStatusRuntimeException(ClientCalls.java:233)
	at org.apache.ratis.thirdparty.io.grpc.stub.ClientCalls.getUnchecked(ClientCalls.java:214)
	at org.apache.ratis.thirdparty.io.grpc.stub.ClientCalls.blockingUnaryCall(ClientCalls.java:139)
	at org.apache.ratis.proto.grpc.RaftServerProtocolServiceGrpc$RaftServerProtocolServiceBlockingStub.requestVote(RaftServerProtocolServiceGrpc.java:265)
	at org.apache.ratis.grpc.server.GrpcServerProtocolClient.requestVote(GrpcServerProtocolClient.java:99)
	at org.apache.ratis.grpc.server.GrpcService.requestVote(GrpcService.java:204)
	at org.apache.ratis.server.impl.LeaderElection.lambda$submitRequests$1(LeaderElection.java:234)
	at java.util.concurrent.FutureTask.run(FutureTask.java:266)
	at java.util.concurrent.Executors$RunnableAdapter.call(Executors.java:511)
	at java.util.concurrent.FutureTask.run(FutureTask.java:266)
	at java.util.concurrent.ThreadPoolExecutor.runWorker(ThreadPoolExecutor.java:1149)
	at java.util.concurrent.ThreadPoolExecutor$Worker.run(ThreadPoolExecutor.java:624)
	... 1 more
Caused by: org.apache.ratis.thirdparty.io.netty.channel.AbstractChannel$AnnotatedConnectException: Connection refused: /192.168.164.233:38729
	at sun.nio.ch.SocketChannelImpl.checkConnect(Native Method)
	at sun.nio.ch.SocketChannelImpl.finishConnect(SocketChannelImpl.java:717)
	at org.apache.ratis.thirdparty.io.netty.channel.socket.nio.NioSocketChannel.doFinishConnect(NioSocketChannel.java:327)
	at org.apache.ratis.thirdparty.io.netty.channel.nio.AbstractNioChannel$AbstractNioUnsafe.finishConnect(AbstractNioChannel.java:340)
	at org.apache.ratis.thirdparty.io.netty.channel.nio.NioEventLoop.processSelectedKey(NioEventLoop.java:632)
	at org.apache.ratis.thirdparty.io.netty.channel.nio.NioEventLoop.processSelectedKeysOptimized(NioEventLoop.java:579)
	at org.apache.ratis.thirdparty.io.netty.channel.nio.NioEventLoop.processSelectedKeys(NioEventLoop.java:496)
	at org.apache.ratis.thirdparty.io.netty.channel.nio.NioEventLoop.run(NioEventLoop.java:458)
	at org.apache.ratis.thirdparty.io.netty.util.concurrent.SingleThreadEventExecutor$5.run(SingleThreadEventExecutor.java:897)
	at org.apache.ratis.thirdparty.io.netty.util.concurrent.FastThreadLocalRunnable.run(FastThreadLocalRunnable.java:30)
	... 1 more
Caused by: java.net.ConnectException: Connection refused
	... 11 more
2019-10-18 14:30:45,850 [681edbc6-a1fc-42a4-b5ce-4922820de60a@group-FD33B9583E3C-LeaderElection222] INFO  impl.LeaderElection (LogUtils.java:infoOrTrace(149)) - 681edbc6-a1fc-42a4-b5ce-4922820de60a@group-FD33B9583E3C-LeaderElection222 got exception when requesting votes: {}
java.util.concurrent.ExecutionException: org.apache.ratis.thirdparty.io.grpc.StatusRuntimeException: UNAVAILABLE: io exception
	at java.util.concurrent.FutureTask.report(FutureTask.java:122)
	at java.util.concurrent.FutureTask.get(FutureTask.java:192)
	at org.apache.ratis.server.impl.LeaderElection.waitForResults(LeaderElection.java:259)
	at org.apache.ratis.server.impl.LeaderElection.askForVotes(LeaderElection.java:197)
	at org.apache.ratis.server.impl.LeaderElection.run(LeaderElection.java:133)
	at java.lang.Thread.run(Thread.java:748)
Caused by: org.apache.ratis.thirdparty.io.grpc.StatusRuntimeException: UNAVAILABLE: io exception
	at org.apache.ratis.thirdparty.io.grpc.stub.ClientCalls.toStatusRuntimeException(ClientCalls.java:233)
	at org.apache.ratis.thirdparty.io.grpc.stub.ClientCalls.getUnchecked(ClientCalls.java:214)
	at org.apache.ratis.thirdparty.io.grpc.stub.ClientCalls.blockingUnaryCall(ClientCalls.java:139)
	at org.apache.ratis.proto.grpc.RaftServerProtocolServiceGrpc$RaftServerProtocolServiceBlockingStub.requestVote(RaftServerProtocolServiceGrpc.java:265)
	at org.apache.ratis.grpc.server.GrpcServerProtocolClient.requestVote(GrpcServerProtocolClient.java:99)
	at org.apache.ratis.grpc.server.GrpcService.requestVote(GrpcService.java:204)
	at org.apache.ratis.server.impl.LeaderElection.lambda$submitRequests$1(LeaderElection.java:234)
	at java.util.concurrent.FutureTask.run(FutureTask.java:266)
	at java.util.concurrent.Executors$RunnableAdapter.call(Executors.java:511)
	at java.util.concurrent.FutureTask.run(FutureTask.java:266)
	at java.util.concurrent.ThreadPoolExecutor.runWorker(ThreadPoolExecutor.java:1149)
	at java.util.concurrent.ThreadPoolExecutor$Worker.run(ThreadPoolExecutor.java:624)
	... 1 more
Caused by: org.apache.ratis.thirdparty.io.netty.channel.AbstractChannel$AnnotatedConnectException: Connection refused: /192.168.164.233:46080
	at sun.nio.ch.SocketChannelImpl.checkConnect(Native Method)
	at sun.nio.ch.SocketChannelImpl.finishConnect(SocketChannelImpl.java:717)
	at org.apache.ratis.thirdparty.io.netty.channel.socket.nio.NioSocketChannel.doFinishConnect(NioSocketChannel.java:327)
	at org.apache.ratis.thirdparty.io.netty.channel.nio.AbstractNioChannel$AbstractNioUnsafe.finishConnect(AbstractNioChannel.java:340)
	at org.apache.ratis.thirdparty.io.netty.channel.nio.NioEventLoop.processSelectedKey(NioEventLoop.java:632)
	at org.apache.ratis.thirdparty.io.netty.channel.nio.NioEventLoop.processSelectedKeysOptimized(NioEventLoop.java:579)
	at org.apache.ratis.thirdparty.io.netty.channel.nio.NioEventLoop.processSelectedKeys(NioEventLoop.java:496)
	at org.apache.ratis.thirdparty.io.netty.channel.nio.NioEventLoop.run(NioEventLoop.java:458)
	at org.apache.ratis.thirdparty.io.netty.util.concurrent.SingleThreadEventExecutor$5.run(SingleThreadEventExecutor.java:897)
	at org.apache.ratis.thirdparty.io.netty.util.concurrent.FastThreadLocalRunnable.run(FastThreadLocalRunnable.java:30)
	... 1 more
Caused by: java.net.ConnectException: Connection refused
	... 11 more
2019-10-18 14:30:45,851 [681edbc6-a1fc-42a4-b5ce-4922820de60a@group-FD33B9583E3C-LeaderElection222] INFO  impl.LeaderElection (LeaderElection.java:logAndReturn(56)) - 681edbc6-a1fc-42a4-b5ce-4922820de60a@group-FD33B9583E3C-LeaderElection222: Election REJECTED; received 0 response(s) [] and 2 exception(s); 681edbc6-a1fc-42a4-b5ce-4922820de60a@group-FD33B9583E3C:t223, leader=null, voted=681edbc6-a1fc-42a4-b5ce-4922820de60a, raftlog=681edbc6-a1fc-42a4-b5ce-4922820de60a@group-FD33B9583E3C-SegmentedRaftLog:OPENED:c-1,f-1,i0, conf=-1: [3ee7b367-7b16-44e1-99f8-43aefeda0876:192.168.164.233:46080, 681edbc6-a1fc-42a4-b5ce-4922820de60a:192.168.164.233:44267, 773cce60-eeca-4c1f-a5ec-70084be8b6b9:192.168.164.233:38729], old=null
2019-10-18 14:30:45,851 [681edbc6-a1fc-42a4-b5ce-4922820de60a@group-FD33B9583E3C-LeaderElection222] INFO  impl.LeaderElection (LogUtils.java:infoOrTrace(149)) -   Exception 0: {}
java.util.concurrent.ExecutionException: org.apache.ratis.thirdparty.io.grpc.StatusRuntimeException: UNAVAILABLE: io exception
	at java.util.concurrent.FutureTask.report(FutureTask.java:122)
	at java.util.concurrent.FutureTask.get(FutureTask.java:192)
	at org.apache.ratis.server.impl.LeaderElection.waitForResults(LeaderElection.java:259)
	at org.apache.ratis.server.impl.LeaderElection.askForVotes(LeaderElection.java:197)
	at org.apache.ratis.server.impl.LeaderElection.run(LeaderElection.java:133)
	at java.lang.Thread.run(Thread.java:748)
Caused by: org.apache.ratis.thirdparty.io.grpc.StatusRuntimeException: UNAVAILABLE: io exception
	at org.apache.ratis.thirdparty.io.grpc.stub.ClientCalls.toStatusRuntimeException(ClientCalls.java:233)
	at org.apache.ratis.thirdparty.io.grpc.stub.ClientCalls.getUnchecked(ClientCalls.java:214)
	at org.apache.ratis.thirdparty.io.grpc.stub.ClientCalls.blockingUnaryCall(ClientCalls.java:139)
	at org.apache.ratis.proto.grpc.RaftServerProtocolServiceGrpc$RaftServerProtocolServiceBlockingStub.requestVote(RaftServerProtocolServiceGrpc.java:265)
	at org.apache.ratis.grpc.server.GrpcServerProtocolClient.requestVote(GrpcServerProtocolClient.java:99)
	at org.apache.ratis.grpc.server.GrpcService.requestVote(GrpcService.java:204)
	at org.apache.ratis.server.impl.LeaderElection.lambda$submitRequests$1(LeaderElection.java:234)
	at java.util.concurrent.FutureTask.run(FutureTask.java:266)
	at java.util.concurrent.Executors$RunnableAdapter.call(Executors.java:511)
	at java.util.concurrent.FutureTask.run(FutureTask.java:266)
	at java.util.concurrent.ThreadPoolExecutor.runWorker(ThreadPoolExecutor.java:1149)
	at java.util.concurrent.ThreadPoolExecutor$Worker.run(ThreadPoolExecutor.java:624)
	... 1 more
Caused by: org.apache.ratis.thirdparty.io.netty.channel.AbstractChannel$AnnotatedConnectException: Connection refused: /192.168.164.233:38729
	at sun.nio.ch.SocketChannelImpl.checkConnect(Native Method)
	at sun.nio.ch.SocketChannelImpl.finishConnect(SocketChannelImpl.java:717)
	at org.apache.ratis.thirdparty.io.netty.channel.socket.nio.NioSocketChannel.doFinishConnect(NioSocketChannel.java:327)
	at org.apache.ratis.thirdparty.io.netty.channel.nio.AbstractNioChannel$AbstractNioUnsafe.finishConnect(AbstractNioChannel.java:340)
	at org.apache.ratis.thirdparty.io.netty.channel.nio.NioEventLoop.processSelectedKey(NioEventLoop.java:632)
	at org.apache.ratis.thirdparty.io.netty.channel.nio.NioEventLoop.processSelectedKeysOptimized(NioEventLoop.java:579)
	at org.apache.ratis.thirdparty.io.netty.channel.nio.NioEventLoop.processSelectedKeys(NioEventLoop.java:496)
	at org.apache.ratis.thirdparty.io.netty.channel.nio.NioEventLoop.run(NioEventLoop.java:458)
	at org.apache.ratis.thirdparty.io.netty.util.concurrent.SingleThreadEventExecutor$5.run(SingleThreadEventExecutor.java:897)
	at org.apache.ratis.thirdparty.io.netty.util.concurrent.FastThreadLocalRunnable.run(FastThreadLocalRunnable.java:30)
	... 1 more
Caused by: java.net.ConnectException: Connection refused
	... 11 more
2019-10-18 14:30:45,851 [681edbc6-a1fc-42a4-b5ce-4922820de60a@group-FD33B9583E3C-LeaderElection222] INFO  impl.LeaderElection (LogUtils.java:infoOrTrace(149)) -   Exception 1: {}
java.util.concurrent.ExecutionException: org.apache.ratis.thirdparty.io.grpc.StatusRuntimeException: UNAVAILABLE: io exception
	at java.util.concurrent.FutureTask.report(FutureTask.java:122)
	at java.util.concurrent.FutureTask.get(FutureTask.java:192)
	at org.apache.ratis.server.impl.LeaderElection.waitForResults(LeaderElection.java:259)
	at org.apache.ratis.server.impl.LeaderElection.askForVotes(LeaderElection.java:197)
	at org.apache.ratis.server.impl.LeaderElection.run(LeaderElection.java:133)
	at java.lang.Thread.run(Thread.java:748)
Caused by: org.apache.ratis.thirdparty.io.grpc.StatusRuntimeException: UNAVAILABLE: io exception
	at org.apache.ratis.thirdparty.io.grpc.stub.ClientCalls.toStatusRuntimeException(ClientCalls.java:233)
	at org.apache.ratis.thirdparty.io.grpc.stub.ClientCalls.getUnchecked(ClientCalls.java:214)
	at org.apache.ratis.thirdparty.io.grpc.stub.ClientCalls.blockingUnaryCall(ClientCalls.java:139)
	at org.apache.ratis.proto.grpc.RaftServerProtocolServiceGrpc$RaftServerProtocolServiceBlockingStub.requestVote(RaftServerProtocolServiceGrpc.java:265)
	at org.apache.ratis.grpc.server.GrpcServerProtocolClient.requestVote(GrpcServerProtocolClient.java:99)
	at org.apache.ratis.grpc.server.GrpcService.requestVote(GrpcService.java:204)
	at org.apache.ratis.server.impl.LeaderElection.lambda$submitRequests$1(LeaderElection.java:234)
	at java.util.concurrent.FutureTask.run(FutureTask.java:266)
	at java.util.concurrent.Executors$RunnableAdapter.call(Executors.java:511)
	at java.util.concurrent.FutureTask.run(FutureTask.java:266)
	at java.util.concurrent.ThreadPoolExecutor.runWorker(ThreadPoolExecutor.java:1149)
	at java.util.concurrent.ThreadPoolExecutor$Worker.run(ThreadPoolExecutor.java:624)
	... 1 more
Caused by: org.apache.ratis.thirdparty.io.netty.channel.AbstractChannel$AnnotatedConnectException: Connection refused: /192.168.164.233:46080
	at sun.nio.ch.SocketChannelImpl.checkConnect(Native Method)
	at sun.nio.ch.SocketChannelImpl.finishConnect(SocketChannelImpl.java:717)
	at org.apache.ratis.thirdparty.io.netty.channel.socket.nio.NioSocketChannel.doFinishConnect(NioSocketChannel.java:327)
	at org.apache.ratis.thirdparty.io.netty.channel.nio.AbstractNioChannel$AbstractNioUnsafe.finishConnect(AbstractNioChannel.java:340)
	at org.apache.ratis.thirdparty.io.netty.channel.nio.NioEventLoop.processSelectedKey(NioEventLoop.java:632)
	at org.apache.ratis.thirdparty.io.netty.channel.nio.NioEventLoop.processSelectedKeysOptimized(NioEventLoop.java:579)
	at org.apache.ratis.thirdparty.io.netty.channel.nio.NioEventLoop.processSelectedKeys(NioEventLoop.java:496)
	at org.apache.ratis.thirdparty.io.netty.channel.nio.NioEventLoop.run(NioEventLoop.java:458)
	at org.apache.ratis.thirdparty.io.netty.util.concurrent.SingleThreadEventExecutor$5.run(SingleThreadEventExecutor.java:897)
	at org.apache.ratis.thirdparty.io.netty.util.concurrent.FastThreadLocalRunnable.run(FastThreadLocalRunnable.java:30)
	... 1 more
Caused by: java.net.ConnectException: Connection refused
	... 11 more
2019-10-18 14:30:45,851 [681edbc6-a1fc-42a4-b5ce-4922820de60a@group-FD33B9583E3C-LeaderElection222] INFO  impl.RaftServerImpl (RaftServerImpl.java:setRole(184)) - 681edbc6-a1fc-42a4-b5ce-4922820de60a@group-FD33B9583E3C: changes role from CANDIDATE to FOLLOWER at term 223 for DISCOVERED_A_NEW_TERM
2019-10-18 14:30:45,851 [681edbc6-a1fc-42a4-b5ce-4922820de60a@group-FD33B9583E3C-LeaderElection222] INFO  impl.RoleInfo (RoleInfo.java:shutdownLeaderElection(134)) - 681edbc6-a1fc-42a4-b5ce-4922820de60a: shutdown LeaderElection
2019-10-18 14:30:45,852 [681edbc6-a1fc-42a4-b5ce-4922820de60a@group-FD33B9583E3C-LeaderElection222] INFO  impl.RoleInfo (RoleInfo.java:updateAndGet(143)) - 681edbc6-a1fc-42a4-b5ce-4922820de60a: start FollowerState
2019-10-18 14:30:45,935 [Thread-1866] INFO  impl.FollowerState (FollowerState.java:run(108)) - 681edbc6-a1fc-42a4-b5ce-4922820de60a@group-FD33B9583E3C-FollowerState: change to CANDIDATE, lastRpcTime:83ms, electionTimeout:83ms
2019-10-18 14:30:45,935 [Thread-1866] INFO  impl.RoleInfo (RoleInfo.java:shutdownFollowerState(121)) - 681edbc6-a1fc-42a4-b5ce-4922820de60a: shutdown FollowerState
2019-10-18 14:30:45,935 [Thread-1866] INFO  impl.RaftServerImpl (RaftServerImpl.java:setRole(184)) - 681edbc6-a1fc-42a4-b5ce-4922820de60a@group-FD33B9583E3C: changes role from  FOLLOWER to CANDIDATE at term 223 for changeToCandidate
2019-10-18 14:30:45,935 [Thread-1866] INFO  impl.RoleInfo (RoleInfo.java:updateAndGet(143)) - 681edbc6-a1fc-42a4-b5ce-4922820de60a: start LeaderElection
2019-10-18 14:30:45,949 [681edbc6-a1fc-42a4-b5ce-4922820de60a@group-FD33B9583E3C-LeaderElection223] INFO  impl.LeaderElection (LeaderElection.java:askForVotes(178)) - 681edbc6-a1fc-42a4-b5ce-4922820de60a@group-FD33B9583E3C-LeaderElection223: begin an election at term 224 for -1: [3ee7b367-7b16-44e1-99f8-43aefeda0876:192.168.164.233:46080, 681edbc6-a1fc-42a4-b5ce-4922820de60a:192.168.164.233:44267, 773cce60-eeca-4c1f-a5ec-70084be8b6b9:192.168.164.233:38729], old=null
2019-10-18 14:30:45,949 [681edbc6-a1fc-42a4-b5ce-4922820de60a@group-FD33B9583E3C-LeaderElection223] INFO  impl.LeaderElection (LogUtils.java:infoOrTrace(149)) - 681edbc6-a1fc-42a4-b5ce-4922820de60a@group-FD33B9583E3C-LeaderElection223 got exception when requesting votes: {}
java.util.concurrent.ExecutionException: org.apache.ratis.thirdparty.io.grpc.StatusRuntimeException: UNAVAILABLE: io exception
	at java.util.concurrent.FutureTask.report(FutureTask.java:122)
	at java.util.concurrent.FutureTask.get(FutureTask.java:192)
	at org.apache.ratis.server.impl.LeaderElection.waitForResults(LeaderElection.java:259)
	at org.apache.ratis.server.impl.LeaderElection.askForVotes(LeaderElection.java:197)
	at org.apache.ratis.server.impl.LeaderElection.run(LeaderElection.java:133)
	at java.lang.Thread.run(Thread.java:748)
Caused by: org.apache.ratis.thirdparty.io.grpc.StatusRuntimeException: UNAVAILABLE: io exception
	at org.apache.ratis.thirdparty.io.grpc.stub.ClientCalls.toStatusRuntimeException(ClientCalls.java:233)
	at org.apache.ratis.thirdparty.io.grpc.stub.ClientCalls.getUnchecked(ClientCalls.java:214)
	at org.apache.ratis.thirdparty.io.grpc.stub.ClientCalls.blockingUnaryCall(ClientCalls.java:139)
	at org.apache.ratis.proto.grpc.RaftServerProtocolServiceGrpc$RaftServerProtocolServiceBlockingStub.requestVote(RaftServerProtocolServiceGrpc.java:265)
	at org.apache.ratis.grpc.server.GrpcServerProtocolClient.requestVote(GrpcServerProtocolClient.java:99)
	at org.apache.ratis.grpc.server.GrpcService.requestVote(GrpcService.java:204)
	at org.apache.ratis.server.impl.LeaderElection.lambda$submitRequests$1(LeaderElection.java:234)
	at java.util.concurrent.FutureTask.run(FutureTask.java:266)
	at java.util.concurrent.Executors$RunnableAdapter.call(Executors.java:511)
	at java.util.concurrent.FutureTask.run(FutureTask.java:266)
	at java.util.concurrent.ThreadPoolExecutor.runWorker(ThreadPoolExecutor.java:1149)
	at java.util.concurrent.ThreadPoolExecutor$Worker.run(ThreadPoolExecutor.java:624)
	... 1 more
Caused by: org.apache.ratis.thirdparty.io.netty.channel.AbstractChannel$AnnotatedConnectException: Connection refused: /192.168.164.233:46080
	at sun.nio.ch.SocketChannelImpl.checkConnect(Native Method)
	at sun.nio.ch.SocketChannelImpl.finishConnect(SocketChannelImpl.java:717)
	at org.apache.ratis.thirdparty.io.netty.channel.socket.nio.NioSocketChannel.doFinishConnect(NioSocketChannel.java:327)
	at org.apache.ratis.thirdparty.io.netty.channel.nio.AbstractNioChannel$AbstractNioUnsafe.finishConnect(AbstractNioChannel.java:340)
	at org.apache.ratis.thirdparty.io.netty.channel.nio.NioEventLoop.processSelectedKey(NioEventLoop.java:632)
	at org.apache.ratis.thirdparty.io.netty.channel.nio.NioEventLoop.processSelectedKeysOptimized(NioEventLoop.java:579)
	at org.apache.ratis.thirdparty.io.netty.channel.nio.NioEventLoop.processSelectedKeys(NioEventLoop.java:496)
	at org.apache.ratis.thirdparty.io.netty.channel.nio.NioEventLoop.run(NioEventLoop.java:458)
	at org.apache.ratis.thirdparty.io.netty.util.concurrent.SingleThreadEventExecutor$5.run(SingleThreadEventExecutor.java:897)
	at org.apache.ratis.thirdparty.io.netty.util.concurrent.FastThreadLocalRunnable.run(FastThreadLocalRunnable.java:30)
	... 1 more
Caused by: java.net.ConnectException: Connection refused
	... 11 more
2019-10-18 14:30:45,950 [681edbc6-a1fc-42a4-b5ce-4922820de60a@group-FD33B9583E3C-LeaderElection223] INFO  impl.LeaderElection (LogUtils.java:infoOrTrace(149)) - 681edbc6-a1fc-42a4-b5ce-4922820de60a@group-FD33B9583E3C-LeaderElection223 got exception when requesting votes: {}
java.util.concurrent.ExecutionException: org.apache.ratis.thirdparty.io.grpc.StatusRuntimeException: UNAVAILABLE: io exception
	at java.util.concurrent.FutureTask.report(FutureTask.java:122)
	at java.util.concurrent.FutureTask.get(FutureTask.java:192)
	at org.apache.ratis.server.impl.LeaderElection.waitForResults(LeaderElection.java:259)
	at org.apache.ratis.server.impl.LeaderElection.askForVotes(LeaderElection.java:197)
	at org.apache.ratis.server.impl.LeaderElection.run(LeaderElection.java:133)
	at java.lang.Thread.run(Thread.java:748)
Caused by: org.apache.ratis.thirdparty.io.grpc.StatusRuntimeException: UNAVAILABLE: io exception
	at org.apache.ratis.thirdparty.io.grpc.stub.ClientCalls.toStatusRuntimeException(ClientCalls.java:233)
	at org.apache.ratis.thirdparty.io.grpc.stub.ClientCalls.getUnchecked(ClientCalls.java:214)
	at org.apache.ratis.thirdparty.io.grpc.stub.ClientCalls.blockingUnaryCall(ClientCalls.java:139)
	at org.apache.ratis.proto.grpc.RaftServerProtocolServiceGrpc$RaftServerProtocolServiceBlockingStub.requestVote(RaftServerProtocolServiceGrpc.java:265)
	at org.apache.ratis.grpc.server.GrpcServerProtocolClient.requestVote(GrpcServerProtocolClient.java:99)
	at org.apache.ratis.grpc.server.GrpcService.requestVote(GrpcService.java:204)
	at org.apache.ratis.server.impl.LeaderElection.lambda$submitRequests$1(LeaderElection.java:234)
	at java.util.concurrent.FutureTask.run(FutureTask.java:266)
	at java.util.concurrent.Executors$RunnableAdapter.call(Executors.java:511)
	at java.util.concurrent.FutureTask.run(FutureTask.java:266)
	at java.util.concurrent.ThreadPoolExecutor.runWorker(ThreadPoolExecutor.java:1149)
	at java.util.concurrent.ThreadPoolExecutor$Worker.run(ThreadPoolExecutor.java:624)
	... 1 more
Caused by: org.apache.ratis.thirdparty.io.netty.channel.AbstractChannel$AnnotatedConnectException: Connection refused: /192.168.164.233:38729
	at sun.nio.ch.SocketChannelImpl.checkConnect(Native Method)
	at sun.nio.ch.SocketChannelImpl.finishConnect(SocketChannelImpl.java:717)
	at org.apache.ratis.thirdparty.io.netty.channel.socket.nio.NioSocketChannel.doFinishConnect(NioSocketChannel.java:327)
	at org.apache.ratis.thirdparty.io.netty.channel.nio.AbstractNioChannel$AbstractNioUnsafe.finishConnect(AbstractNioChannel.java:340)
	at org.apache.ratis.thirdparty.io.netty.channel.nio.NioEventLoop.processSelectedKey(NioEventLoop.java:632)
	at org.apache.ratis.thirdparty.io.netty.channel.nio.NioEventLoop.processSelectedKeysOptimized(NioEventLoop.java:579)
	at org.apache.ratis.thirdparty.io.netty.channel.nio.NioEventLoop.processSelectedKeys(NioEventLoop.java:496)
	at org.apache.ratis.thirdparty.io.netty.channel.nio.NioEventLoop.run(NioEventLoop.java:458)
	at org.apache.ratis.thirdparty.io.netty.util.concurrent.SingleThreadEventExecutor$5.run(SingleThreadEventExecutor.java:897)
	at org.apache.ratis.thirdparty.io.netty.util.concurrent.FastThreadLocalRunnable.run(FastThreadLocalRunnable.java:30)
	... 1 more
Caused by: java.net.ConnectException: Connection refused
	... 11 more
2019-10-18 14:30:45,950 [681edbc6-a1fc-42a4-b5ce-4922820de60a@group-FD33B9583E3C-LeaderElection223] INFO  impl.LeaderElection (LeaderElection.java:logAndReturn(56)) - 681edbc6-a1fc-42a4-b5ce-4922820de60a@group-FD33B9583E3C-LeaderElection223: Election REJECTED; received 0 response(s) [] and 2 exception(s); 681edbc6-a1fc-42a4-b5ce-4922820de60a@group-FD33B9583E3C:t224, leader=null, voted=681edbc6-a1fc-42a4-b5ce-4922820de60a, raftlog=681edbc6-a1fc-42a4-b5ce-4922820de60a@group-FD33B9583E3C-SegmentedRaftLog:OPENED:c-1,f-1,i0, conf=-1: [3ee7b367-7b16-44e1-99f8-43aefeda0876:192.168.164.233:46080, 681edbc6-a1fc-42a4-b5ce-4922820de60a:192.168.164.233:44267, 773cce60-eeca-4c1f-a5ec-70084be8b6b9:192.168.164.233:38729], old=null
2019-10-18 14:30:45,950 [681edbc6-a1fc-42a4-b5ce-4922820de60a@group-FD33B9583E3C-LeaderElection223] INFO  impl.LeaderElection (LogUtils.java:infoOrTrace(149)) -   Exception 0: {}
java.util.concurrent.ExecutionException: org.apache.ratis.thirdparty.io.grpc.StatusRuntimeException: UNAVAILABLE: io exception
	at java.util.concurrent.FutureTask.report(FutureTask.java:122)
	at java.util.concurrent.FutureTask.get(FutureTask.java:192)
	at org.apache.ratis.server.impl.LeaderElection.waitForResults(LeaderElection.java:259)
	at org.apache.ratis.server.impl.LeaderElection.askForVotes(LeaderElection.java:197)
	at org.apache.ratis.server.impl.LeaderElection.run(LeaderElection.java:133)
	at java.lang.Thread.run(Thread.java:748)
Caused by: org.apache.ratis.thirdparty.io.grpc.StatusRuntimeException: UNAVAILABLE: io exception
	at org.apache.ratis.thirdparty.io.grpc.stub.ClientCalls.toStatusRuntimeException(ClientCalls.java:233)
	at org.apache.ratis.thirdparty.io.grpc.stub.ClientCalls.getUnchecked(ClientCalls.java:214)
	at org.apache.ratis.thirdparty.io.grpc.stub.ClientCalls.blockingUnaryCall(ClientCalls.java:139)
	at org.apache.ratis.proto.grpc.RaftServerProtocolServiceGrpc$RaftServerProtocolServiceBlockingStub.requestVote(RaftServerProtocolServiceGrpc.java:265)
	at org.apache.ratis.grpc.server.GrpcServerProtocolClient.requestVote(GrpcServerProtocolClient.java:99)
	at org.apache.ratis.grpc.server.GrpcService.requestVote(GrpcService.java:204)
	at org.apache.ratis.server.impl.LeaderElection.lambda$submitRequests$1(LeaderElection.java:234)
	at java.util.concurrent.FutureTask.run(FutureTask.java:266)
	at java.util.concurrent.Executors$RunnableAdapter.call(Executors.java:511)
	at java.util.concurrent.FutureTask.run(FutureTask.java:266)
	at java.util.concurrent.ThreadPoolExecutor.runWorker(ThreadPoolExecutor.java:1149)
	at java.util.concurrent.ThreadPoolExecutor$Worker.run(ThreadPoolExecutor.java:624)
	... 1 more
Caused by: org.apache.ratis.thirdparty.io.netty.channel.AbstractChannel$AnnotatedConnectException: Connection refused: /192.168.164.233:46080
	at sun.nio.ch.SocketChannelImpl.checkConnect(Native Method)
	at sun.nio.ch.SocketChannelImpl.finishConnect(SocketChannelImpl.java:717)
	at org.apache.ratis.thirdparty.io.netty.channel.socket.nio.NioSocketChannel.doFinishConnect(NioSocketChannel.java:327)
	at org.apache.ratis.thirdparty.io.netty.channel.nio.AbstractNioChannel$AbstractNioUnsafe.finishConnect(AbstractNioChannel.java:340)
	at org.apache.ratis.thirdparty.io.netty.channel.nio.NioEventLoop.processSelectedKey(NioEventLoop.java:632)
	at org.apache.ratis.thirdparty.io.netty.channel.nio.NioEventLoop.processSelectedKeysOptimized(NioEventLoop.java:579)
	at org.apache.ratis.thirdparty.io.netty.channel.nio.NioEventLoop.processSelectedKeys(NioEventLoop.java:496)
	at org.apache.ratis.thirdparty.io.netty.channel.nio.NioEventLoop.run(NioEventLoop.java:458)
	at org.apache.ratis.thirdparty.io.netty.util.concurrent.SingleThreadEventExecutor$5.run(SingleThreadEventExecutor.java:897)
	at org.apache.ratis.thirdparty.io.netty.util.concurrent.FastThreadLocalRunnable.run(FastThreadLocalRunnable.java:30)
	... 1 more
Caused by: java.net.ConnectException: Connection refused
	... 11 more
2019-10-18 14:30:45,950 [681edbc6-a1fc-42a4-b5ce-4922820de60a@group-FD33B9583E3C-LeaderElection223] INFO  impl.LeaderElection (LogUtils.java:infoOrTrace(149)) -   Exception 1: {}
java.util.concurrent.ExecutionException: org.apache.ratis.thirdparty.io.grpc.StatusRuntimeException: UNAVAILABLE: io exception
	at java.util.concurrent.FutureTask.report(FutureTask.java:122)
	at java.util.concurrent.FutureTask.get(FutureTask.java:192)
	at org.apache.ratis.server.impl.LeaderElection.waitForResults(LeaderElection.java:259)
	at org.apache.ratis.server.impl.LeaderElection.askForVotes(LeaderElection.java:197)
	at org.apache.ratis.server.impl.LeaderElection.run(LeaderElection.java:133)
	at java.lang.Thread.run(Thread.java:748)
Caused by: org.apache.ratis.thirdparty.io.grpc.StatusRuntimeException: UNAVAILABLE: io exception
	at org.apache.ratis.thirdparty.io.grpc.stub.ClientCalls.toStatusRuntimeException(ClientCalls.java:233)
	at org.apache.ratis.thirdparty.io.grpc.stub.ClientCalls.getUnchecked(ClientCalls.java:214)
	at org.apache.ratis.thirdparty.io.grpc.stub.ClientCalls.blockingUnaryCall(ClientCalls.java:139)
	at org.apache.ratis.proto.grpc.RaftServerProtocolServiceGrpc$RaftServerProtocolServiceBlockingStub.requestVote(RaftServerProtocolServiceGrpc.java:265)
	at org.apache.ratis.grpc.server.GrpcServerProtocolClient.requestVote(GrpcServerProtocolClient.java:99)
	at org.apache.ratis.grpc.server.GrpcService.requestVote(GrpcService.java:204)
	at org.apache.ratis.server.impl.LeaderElection.lambda$submitRequests$1(LeaderElection.java:234)
	at java.util.concurrent.FutureTask.run(FutureTask.java:266)
	at java.util.concurrent.Executors$RunnableAdapter.call(Executors.java:511)
	at java.util.concurrent.FutureTask.run(FutureTask.java:266)
	at java.util.concurrent.ThreadPoolExecutor.runWorker(ThreadPoolExecutor.java:1149)
	at java.util.concurrent.ThreadPoolExecutor$Worker.run(ThreadPoolExecutor.java:624)
	... 1 more
Caused by: org.apache.ratis.thirdparty.io.netty.channel.AbstractChannel$AnnotatedConnectException: Connection refused: /192.168.164.233:38729
	at sun.nio.ch.SocketChannelImpl.checkConnect(Native Method)
	at sun.nio.ch.SocketChannelImpl.finishConnect(SocketChannelImpl.java:717)
	at org.apache.ratis.thirdparty.io.netty.channel.socket.nio.NioSocketChannel.doFinishConnect(NioSocketChannel.java:327)
	at org.apache.ratis.thirdparty.io.netty.channel.nio.AbstractNioChannel$AbstractNioUnsafe.finishConnect(AbstractNioChannel.java:340)
	at org.apache.ratis.thirdparty.io.netty.channel.nio.NioEventLoop.processSelectedKey(NioEventLoop.java:632)
	at org.apache.ratis.thirdparty.io.netty.channel.nio.NioEventLoop.processSelectedKeysOptimized(NioEventLoop.java:579)
	at org.apache.ratis.thirdparty.io.netty.channel.nio.NioEventLoop.processSelectedKeys(NioEventLoop.java:496)
	at org.apache.ratis.thirdparty.io.netty.channel.nio.NioEventLoop.run(NioEventLoop.java:458)
	at org.apache.ratis.thirdparty.io.netty.util.concurrent.SingleThreadEventExecutor$5.run(SingleThreadEventExecutor.java:897)
	at org.apache.ratis.thirdparty.io.netty.util.concurrent.FastThreadLocalRunnable.run(FastThreadLocalRunnable.java:30)
	... 1 more
Caused by: java.net.ConnectException: Connection refused
	... 11 more
2019-10-18 14:30:45,950 [681edbc6-a1fc-42a4-b5ce-4922820de60a@group-FD33B9583E3C-LeaderElection223] INFO  impl.RaftServerImpl (RaftServerImpl.java:setRole(184)) - 681edbc6-a1fc-42a4-b5ce-4922820de60a@group-FD33B9583E3C: changes role from CANDIDATE to FOLLOWER at term 224 for DISCOVERED_A_NEW_TERM
2019-10-18 14:30:45,950 [681edbc6-a1fc-42a4-b5ce-4922820de60a@group-FD33B9583E3C-LeaderElection223] INFO  impl.RoleInfo (RoleInfo.java:shutdownLeaderElection(134)) - 681edbc6-a1fc-42a4-b5ce-4922820de60a: shutdown LeaderElection
2019-10-18 14:30:45,951 [681edbc6-a1fc-42a4-b5ce-4922820de60a@group-FD33B9583E3C-LeaderElection223] INFO  impl.RoleInfo (RoleInfo.java:updateAndGet(143)) - 681edbc6-a1fc-42a4-b5ce-4922820de60a: start FollowerState
2019-10-18 14:30:46,080 [Thread-1870] INFO  impl.FollowerState (FollowerState.java:run(108)) - 681edbc6-a1fc-42a4-b5ce-4922820de60a@group-FD33B9583E3C-FollowerState: change to CANDIDATE, lastRpcTime:129ms, electionTimeout:129ms
2019-10-18 14:30:46,080 [Thread-1870] INFO  impl.RoleInfo (RoleInfo.java:shutdownFollowerState(121)) - 681edbc6-a1fc-42a4-b5ce-4922820de60a: shutdown FollowerState
2019-10-18 14:30:46,080 [Thread-1870] INFO  impl.RaftServerImpl (RaftServerImpl.java:setRole(184)) - 681edbc6-a1fc-42a4-b5ce-4922820de60a@group-FD33B9583E3C: changes role from  FOLLOWER to CANDIDATE at term 224 for changeToCandidate
2019-10-18 14:30:46,080 [Thread-1870] INFO  impl.RoleInfo (RoleInfo.java:updateAndGet(143)) - 681edbc6-a1fc-42a4-b5ce-4922820de60a: start LeaderElection
2019-10-18 14:30:46,094 [681edbc6-a1fc-42a4-b5ce-4922820de60a@group-FD33B9583E3C-LeaderElection224] INFO  impl.LeaderElection (LeaderElection.java:askForVotes(178)) - 681edbc6-a1fc-42a4-b5ce-4922820de60a@group-FD33B9583E3C-LeaderElection224: begin an election at term 225 for -1: [3ee7b367-7b16-44e1-99f8-43aefeda0876:192.168.164.233:46080, 681edbc6-a1fc-42a4-b5ce-4922820de60a:192.168.164.233:44267, 773cce60-eeca-4c1f-a5ec-70084be8b6b9:192.168.164.233:38729], old=null
2019-10-18 14:30:46,095 [681edbc6-a1fc-42a4-b5ce-4922820de60a@group-FD33B9583E3C-LeaderElection224] INFO  impl.LeaderElection (LogUtils.java:infoOrTrace(149)) - 681edbc6-a1fc-42a4-b5ce-4922820de60a@group-FD33B9583E3C-LeaderElection224 got exception when requesting votes: {}
java.util.concurrent.ExecutionException: org.apache.ratis.thirdparty.io.grpc.StatusRuntimeException: UNAVAILABLE: io exception
	at java.util.concurrent.FutureTask.report(FutureTask.java:122)
	at java.util.concurrent.FutureTask.get(FutureTask.java:192)
	at org.apache.ratis.server.impl.LeaderElection.waitForResults(LeaderElection.java:259)
	at org.apache.ratis.server.impl.LeaderElection.askForVotes(LeaderElection.java:197)
	at org.apache.ratis.server.impl.LeaderElection.run(LeaderElection.java:133)
	at java.lang.Thread.run(Thread.java:748)
Caused by: org.apache.ratis.thirdparty.io.grpc.StatusRuntimeException: UNAVAILABLE: io exception
	at org.apache.ratis.thirdparty.io.grpc.stub.ClientCalls.toStatusRuntimeException(ClientCalls.java:233)
	at org.apache.ratis.thirdparty.io.grpc.stub.ClientCalls.getUnchecked(ClientCalls.java:214)
	at org.apache.ratis.thirdparty.io.grpc.stub.ClientCalls.blockingUnaryCall(ClientCalls.java:139)
	at org.apache.ratis.proto.grpc.RaftServerProtocolServiceGrpc$RaftServerProtocolServiceBlockingStub.requestVote(RaftServerProtocolServiceGrpc.java:265)
	at org.apache.ratis.grpc.server.GrpcServerProtocolClient.requestVote(GrpcServerProtocolClient.java:99)
	at org.apache.ratis.grpc.server.GrpcService.requestVote(GrpcService.java:204)
	at org.apache.ratis.server.impl.LeaderElection.lambda$submitRequests$1(LeaderElection.java:234)
	at java.util.concurrent.FutureTask.run(FutureTask.java:266)
	at java.util.concurrent.Executors$RunnableAdapter.call(Executors.java:511)
	at java.util.concurrent.FutureTask.run(FutureTask.java:266)
	at java.util.concurrent.ThreadPoolExecutor.runWorker(ThreadPoolExecutor.java:1149)
	at java.util.concurrent.ThreadPoolExecutor$Worker.run(ThreadPoolExecutor.java:624)
	... 1 more
Caused by: org.apache.ratis.thirdparty.io.netty.channel.AbstractChannel$AnnotatedConnectException: Connection refused: /192.168.164.233:38729
	at sun.nio.ch.SocketChannelImpl.checkConnect(Native Method)
	at sun.nio.ch.SocketChannelImpl.finishConnect(SocketChannelImpl.java:717)
	at org.apache.ratis.thirdparty.io.netty.channel.socket.nio.NioSocketChannel.doFinishConnect(NioSocketChannel.java:327)
	at org.apache.ratis.thirdparty.io.netty.channel.nio.AbstractNioChannel$AbstractNioUnsafe.finishConnect(AbstractNioChannel.java:340)
	at org.apache.ratis.thirdparty.io.netty.channel.nio.NioEventLoop.processSelectedKey(NioEventLoop.java:632)
	at org.apache.ratis.thirdparty.io.netty.channel.nio.NioEventLoop.processSelectedKeysOptimized(NioEventLoop.java:579)
	at org.apache.ratis.thirdparty.io.netty.channel.nio.NioEventLoop.processSelectedKeys(NioEventLoop.java:496)
	at org.apache.ratis.thirdparty.io.netty.channel.nio.NioEventLoop.run(NioEventLoop.java:458)
	at org.apache.ratis.thirdparty.io.netty.util.concurrent.SingleThreadEventExecutor$5.run(SingleThreadEventExecutor.java:897)
	at org.apache.ratis.thirdparty.io.netty.util.concurrent.FastThreadLocalRunnable.run(FastThreadLocalRunnable.java:30)
	... 1 more
Caused by: java.net.ConnectException: Connection refused
	... 11 more
2019-10-18 14:30:46,095 [681edbc6-a1fc-42a4-b5ce-4922820de60a@group-FD33B9583E3C-LeaderElection224] INFO  impl.LeaderElection (LogUtils.java:infoOrTrace(149)) - 681edbc6-a1fc-42a4-b5ce-4922820de60a@group-FD33B9583E3C-LeaderElection224 got exception when requesting votes: {}
java.util.concurrent.ExecutionException: org.apache.ratis.thirdparty.io.grpc.StatusRuntimeException: UNAVAILABLE: io exception
	at java.util.concurrent.FutureTask.report(FutureTask.java:122)
	at java.util.concurrent.FutureTask.get(FutureTask.java:192)
	at org.apache.ratis.server.impl.LeaderElection.waitForResults(LeaderElection.java:259)
	at org.apache.ratis.server.impl.LeaderElection.askForVotes(LeaderElection.java:197)
	at org.apache.ratis.server.impl.LeaderElection.run(LeaderElection.java:133)
	at java.lang.Thread.run(Thread.java:748)
Caused by: org.apache.ratis.thirdparty.io.grpc.StatusRuntimeException: UNAVAILABLE: io exception
	at org.apache.ratis.thirdparty.io.grpc.stub.ClientCalls.toStatusRuntimeException(ClientCalls.java:233)
	at org.apache.ratis.thirdparty.io.grpc.stub.ClientCalls.getUnchecked(ClientCalls.java:214)
	at org.apache.ratis.thirdparty.io.grpc.stub.ClientCalls.blockingUnaryCall(ClientCalls.java:139)
	at org.apache.ratis.proto.grpc.RaftServerProtocolServiceGrpc$RaftServerProtocolServiceBlockingStub.requestVote(RaftServerProtocolServiceGrpc.java:265)
	at org.apache.ratis.grpc.server.GrpcServerProtocolClient.requestVote(GrpcServerProtocolClient.java:99)
	at org.apache.ratis.grpc.server.GrpcService.requestVote(GrpcService.java:204)
	at org.apache.ratis.server.impl.LeaderElection.lambda$submitRequests$1(LeaderElection.java:234)
	at java.util.concurrent.FutureTask.run(FutureTask.java:266)
	at java.util.concurrent.Executors$RunnableAdapter.call(Executors.java:511)
	at java.util.concurrent.FutureTask.run(FutureTask.java:266)
	at java.util.concurrent.ThreadPoolExecutor.runWorker(ThreadPoolExecutor.java:1149)
	at java.util.concurrent.ThreadPoolExecutor$Worker.run(ThreadPoolExecutor.java:624)
	... 1 more
Caused by: org.apache.ratis.thirdparty.io.netty.channel.AbstractChannel$AnnotatedConnectException: Connection refused: /192.168.164.233:46080
	at sun.nio.ch.SocketChannelImpl.checkConnect(Native Method)
	at sun.nio.ch.SocketChannelImpl.finishConnect(SocketChannelImpl.java:717)
	at org.apache.ratis.thirdparty.io.netty.channel.socket.nio.NioSocketChannel.doFinishConnect(NioSocketChannel.java:327)
	at org.apache.ratis.thirdparty.io.netty.channel.nio.AbstractNioChannel$AbstractNioUnsafe.finishConnect(AbstractNioChannel.java:340)
	at org.apache.ratis.thirdparty.io.netty.channel.nio.NioEventLoop.processSelectedKey(NioEventLoop.java:632)
	at org.apache.ratis.thirdparty.io.netty.channel.nio.NioEventLoop.processSelectedKeysOptimized(NioEventLoop.java:579)
	at org.apache.ratis.thirdparty.io.netty.channel.nio.NioEventLoop.processSelectedKeys(NioEventLoop.java:496)
	at org.apache.ratis.thirdparty.io.netty.channel.nio.NioEventLoop.run(NioEventLoop.java:458)
	at org.apache.ratis.thirdparty.io.netty.util.concurrent.SingleThreadEventExecutor$5.run(SingleThreadEventExecutor.java:897)
	at org.apache.ratis.thirdparty.io.netty.util.concurrent.FastThreadLocalRunnable.run(FastThreadLocalRunnable.java:30)
	... 1 more
Caused by: java.net.ConnectException: Connection refused
	... 11 more
2019-10-18 14:30:46,096 [681edbc6-a1fc-42a4-b5ce-4922820de60a@group-FD33B9583E3C-LeaderElection224] INFO  impl.LeaderElection (LeaderElection.java:logAndReturn(56)) - 681edbc6-a1fc-42a4-b5ce-4922820de60a@group-FD33B9583E3C-LeaderElection224: Election REJECTED; received 0 response(s) [] and 2 exception(s); 681edbc6-a1fc-42a4-b5ce-4922820de60a@group-FD33B9583E3C:t225, leader=null, voted=681edbc6-a1fc-42a4-b5ce-4922820de60a, raftlog=681edbc6-a1fc-42a4-b5ce-4922820de60a@group-FD33B9583E3C-SegmentedRaftLog:OPENED:c-1,f-1,i0, conf=-1: [3ee7b367-7b16-44e1-99f8-43aefeda0876:192.168.164.233:46080, 681edbc6-a1fc-42a4-b5ce-4922820de60a:192.168.164.233:44267, 773cce60-eeca-4c1f-a5ec-70084be8b6b9:192.168.164.233:38729], old=null
2019-10-18 14:30:46,096 [681edbc6-a1fc-42a4-b5ce-4922820de60a@group-FD33B9583E3C-LeaderElection224] INFO  impl.LeaderElection (LogUtils.java:infoOrTrace(149)) -   Exception 0: {}
java.util.concurrent.ExecutionException: org.apache.ratis.thirdparty.io.grpc.StatusRuntimeException: UNAVAILABLE: io exception
	at java.util.concurrent.FutureTask.report(FutureTask.java:122)
	at java.util.concurrent.FutureTask.get(FutureTask.java:192)
	at org.apache.ratis.server.impl.LeaderElection.waitForResults(LeaderElection.java:259)
	at org.apache.ratis.server.impl.LeaderElection.askForVotes(LeaderElection.java:197)
	at org.apache.ratis.server.impl.LeaderElection.run(LeaderElection.java:133)
	at java.lang.Thread.run(Thread.java:748)
Caused by: org.apache.ratis.thirdparty.io.grpc.StatusRuntimeException: UNAVAILABLE: io exception
	at org.apache.ratis.thirdparty.io.grpc.stub.ClientCalls.toStatusRuntimeException(ClientCalls.java:233)
	at org.apache.ratis.thirdparty.io.grpc.stub.ClientCalls.getUnchecked(ClientCalls.java:214)
	at org.apache.ratis.thirdparty.io.grpc.stub.ClientCalls.blockingUnaryCall(ClientCalls.java:139)
	at org.apache.ratis.proto.grpc.RaftServerProtocolServiceGrpc$RaftServerProtocolServiceBlockingStub.requestVote(RaftServerProtocolServiceGrpc.java:265)
	at org.apache.ratis.grpc.server.GrpcServerProtocolClient.requestVote(GrpcServerProtocolClient.java:99)
	at org.apache.ratis.grpc.server.GrpcService.requestVote(GrpcService.java:204)
	at org.apache.ratis.server.impl.LeaderElection.lambda$submitRequests$1(LeaderElection.java:234)
	at java.util.concurrent.FutureTask.run(FutureTask.java:266)
	at java.util.concurrent.Executors$RunnableAdapter.call(Executors.java:511)
	at java.util.concurrent.FutureTask.run(FutureTask.java:266)
	at java.util.concurrent.ThreadPoolExecutor.runWorker(ThreadPoolExecutor.java:1149)
	at java.util.concurrent.ThreadPoolExecutor$Worker.run(ThreadPoolExecutor.java:624)
	... 1 more
Caused by: org.apache.ratis.thirdparty.io.netty.channel.AbstractChannel$AnnotatedConnectException: Connection refused: /192.168.164.233:38729
	at sun.nio.ch.SocketChannelImpl.checkConnect(Native Method)
	at sun.nio.ch.SocketChannelImpl.finishConnect(SocketChannelImpl.java:717)
	at org.apache.ratis.thirdparty.io.netty.channel.socket.nio.NioSocketChannel.doFinishConnect(NioSocketChannel.java:327)
	at org.apache.ratis.thirdparty.io.netty.channel.nio.AbstractNioChannel$AbstractNioUnsafe.finishConnect(AbstractNioChannel.java:340)
	at org.apache.ratis.thirdparty.io.netty.channel.nio.NioEventLoop.processSelectedKey(NioEventLoop.java:632)
	at org.apache.ratis.thirdparty.io.netty.channel.nio.NioEventLoop.processSelectedKeysOptimized(NioEventLoop.java:579)
	at org.apache.ratis.thirdparty.io.netty.channel.nio.NioEventLoop.processSelectedKeys(NioEventLoop.java:496)
	at org.apache.ratis.thirdparty.io.netty.channel.nio.NioEventLoop.run(NioEventLoop.java:458)
	at org.apache.ratis.thirdparty.io.netty.util.concurrent.SingleThreadEventExecutor$5.run(SingleThreadEventExecutor.java:897)
	at org.apache.ratis.thirdparty.io.netty.util.concurrent.FastThreadLocalRunnable.run(FastThreadLocalRunnable.java:30)
	... 1 more
Caused by: java.net.ConnectException: Connection refused
	... 11 more
2019-10-18 14:30:46,096 [681edbc6-a1fc-42a4-b5ce-4922820de60a@group-FD33B9583E3C-LeaderElection224] INFO  impl.LeaderElection (LogUtils.java:infoOrTrace(149)) -   Exception 1: {}
java.util.concurrent.ExecutionException: org.apache.ratis.thirdparty.io.grpc.StatusRuntimeException: UNAVAILABLE: io exception
	at java.util.concurrent.FutureTask.report(FutureTask.java:122)
	at java.util.concurrent.FutureTask.get(FutureTask.java:192)
	at org.apache.ratis.server.impl.LeaderElection.waitForResults(LeaderElection.java:259)
	at org.apache.ratis.server.impl.LeaderElection.askForVotes(LeaderElection.java:197)
	at org.apache.ratis.server.impl.LeaderElection.run(LeaderElection.java:133)
	at java.lang.Thread.run(Thread.java:748)
Caused by: org.apache.ratis.thirdparty.io.grpc.StatusRuntimeException: UNAVAILABLE: io exception
	at org.apache.ratis.thirdparty.io.grpc.stub.ClientCalls.toStatusRuntimeException(ClientCalls.java:233)
	at org.apache.ratis.thirdparty.io.grpc.stub.ClientCalls.getUnchecked(ClientCalls.java:214)
	at org.apache.ratis.thirdparty.io.grpc.stub.ClientCalls.blockingUnaryCall(ClientCalls.java:139)
	at org.apache.ratis.proto.grpc.RaftServerProtocolServiceGrpc$RaftServerProtocolServiceBlockingStub.requestVote(RaftServerProtocolServiceGrpc.java:265)
	at org.apache.ratis.grpc.server.GrpcServerProtocolClient.requestVote(GrpcServerProtocolClient.java:99)
	at org.apache.ratis.grpc.server.GrpcService.requestVote(GrpcService.java:204)
	at org.apache.ratis.server.impl.LeaderElection.lambda$submitRequests$1(LeaderElection.java:234)
	at java.util.concurrent.FutureTask.run(FutureTask.java:266)
	at java.util.concurrent.Executors$RunnableAdapter.call(Executors.java:511)
	at java.util.concurrent.FutureTask.run(FutureTask.java:266)
	at java.util.concurrent.ThreadPoolExecutor.runWorker(ThreadPoolExecutor.java:1149)
	at java.util.concurrent.ThreadPoolExecutor$Worker.run(ThreadPoolExecutor.java:624)
	... 1 more
Caused by: org.apache.ratis.thirdparty.io.netty.channel.AbstractChannel$AnnotatedConnectException: Connection refused: /192.168.164.233:46080
	at sun.nio.ch.SocketChannelImpl.checkConnect(Native Method)
	at sun.nio.ch.SocketChannelImpl.finishConnect(SocketChannelImpl.java:717)
	at org.apache.ratis.thirdparty.io.netty.channel.socket.nio.NioSocketChannel.doFinishConnect(NioSocketChannel.java:327)
	at org.apache.ratis.thirdparty.io.netty.channel.nio.AbstractNioChannel$AbstractNioUnsafe.finishConnect(AbstractNioChannel.java:340)
	at org.apache.ratis.thirdparty.io.netty.channel.nio.NioEventLoop.processSelectedKey(NioEventLoop.java:632)
	at org.apache.ratis.thirdparty.io.netty.channel.nio.NioEventLoop.processSelectedKeysOptimized(NioEventLoop.java:579)
	at org.apache.ratis.thirdparty.io.netty.channel.nio.NioEventLoop.processSelectedKeys(NioEventLoop.java:496)
	at org.apache.ratis.thirdparty.io.netty.channel.nio.NioEventLoop.run(NioEventLoop.java:458)
	at org.apache.ratis.thirdparty.io.netty.util.concurrent.SingleThreadEventExecutor$5.run(SingleThreadEventExecutor.java:897)
	at org.apache.ratis.thirdparty.io.netty.util.concurrent.FastThreadLocalRunnable.run(FastThreadLocalRunnable.java:30)
	... 1 more
Caused by: java.net.ConnectException: Connection refused
	... 11 more
2019-10-18 14:30:46,097 [681edbc6-a1fc-42a4-b5ce-4922820de60a@group-FD33B9583E3C-LeaderElection224] INFO  impl.RaftServerImpl (RaftServerImpl.java:setRole(184)) - 681edbc6-a1fc-42a4-b5ce-4922820de60a@group-FD33B9583E3C: changes role from CANDIDATE to FOLLOWER at term 225 for DISCOVERED_A_NEW_TERM
2019-10-18 14:30:46,097 [681edbc6-a1fc-42a4-b5ce-4922820de60a@group-FD33B9583E3C-LeaderElection224] INFO  impl.RoleInfo (RoleInfo.java:shutdownLeaderElection(134)) - 681edbc6-a1fc-42a4-b5ce-4922820de60a: shutdown LeaderElection
2019-10-18 14:30:46,097 [681edbc6-a1fc-42a4-b5ce-4922820de60a@group-FD33B9583E3C-LeaderElection224] INFO  impl.RoleInfo (RoleInfo.java:updateAndGet(143)) - 681edbc6-a1fc-42a4-b5ce-4922820de60a: start FollowerState
2019-10-18 14:30:46,097 [Thread-1874] INFO  impl.FollowerState (FollowerState.java:run(108)) - 681edbc6-a1fc-42a4-b5ce-4922820de60a@group-FD33B9583E3C-FollowerState: change to CANDIDATE, lastRpcTime:0ms, electionTimeout:0ms
2019-10-18 14:30:46,098 [Thread-1874] INFO  impl.RoleInfo (RoleInfo.java:shutdownFollowerState(121)) - 681edbc6-a1fc-42a4-b5ce-4922820de60a: shutdown FollowerState
2019-10-18 14:30:46,098 [Thread-1874] INFO  impl.RaftServerImpl (RaftServerImpl.java:setRole(184)) - 681edbc6-a1fc-42a4-b5ce-4922820de60a@group-FD33B9583E3C: changes role from  FOLLOWER to CANDIDATE at term 225 for changeToCandidate
2019-10-18 14:30:46,098 [Thread-1874] INFO  impl.RoleInfo (RoleInfo.java:updateAndGet(143)) - 681edbc6-a1fc-42a4-b5ce-4922820de60a: start LeaderElection
2019-10-18 14:30:46,111 [681edbc6-a1fc-42a4-b5ce-4922820de60a@group-FD33B9583E3C-LeaderElection225] INFO  impl.LeaderElection (LeaderElection.java:askForVotes(178)) - 681edbc6-a1fc-42a4-b5ce-4922820de60a@group-FD33B9583E3C-LeaderElection225: begin an election at term 226 for -1: [3ee7b367-7b16-44e1-99f8-43aefeda0876:192.168.164.233:46080, 681edbc6-a1fc-42a4-b5ce-4922820de60a:192.168.164.233:44267, 773cce60-eeca-4c1f-a5ec-70084be8b6b9:192.168.164.233:38729], old=null
2019-10-18 14:30:46,112 [681edbc6-a1fc-42a4-b5ce-4922820de60a@group-FD33B9583E3C-LeaderElection225] INFO  impl.LeaderElection (LogUtils.java:infoOrTrace(149)) - 681edbc6-a1fc-42a4-b5ce-4922820de60a@group-FD33B9583E3C-LeaderElection225 got exception when requesting votes: {}
java.util.concurrent.ExecutionException: org.apache.ratis.thirdparty.io.grpc.StatusRuntimeException: UNAVAILABLE: io exception
	at java.util.concurrent.FutureTask.report(FutureTask.java:122)
	at java.util.concurrent.FutureTask.get(FutureTask.java:192)
	at org.apache.ratis.server.impl.LeaderElection.waitForResults(LeaderElection.java:259)
	at org.apache.ratis.server.impl.LeaderElection.askForVotes(LeaderElection.java:197)
	at org.apache.ratis.server.impl.LeaderElection.run(LeaderElection.java:133)
	at java.lang.Thread.run(Thread.java:748)
Caused by: org.apache.ratis.thirdparty.io.grpc.StatusRuntimeException: UNAVAILABLE: io exception
	at org.apache.ratis.thirdparty.io.grpc.stub.ClientCalls.toStatusRuntimeException(ClientCalls.java:233)
	at org.apache.ratis.thirdparty.io.grpc.stub.ClientCalls.getUnchecked(ClientCalls.java:214)
	at org.apache.ratis.thirdparty.io.grpc.stub.ClientCalls.blockingUnaryCall(ClientCalls.java:139)
	at org.apache.ratis.proto.grpc.RaftServerProtocolServiceGrpc$RaftServerProtocolServiceBlockingStub.requestVote(RaftServerProtocolServiceGrpc.java:265)
	at org.apache.ratis.grpc.server.GrpcServerProtocolClient.requestVote(GrpcServerProtocolClient.java:99)
	at org.apache.ratis.grpc.server.GrpcService.requestVote(GrpcService.java:204)
	at org.apache.ratis.server.impl.LeaderElection.lambda$submitRequests$1(LeaderElection.java:234)
	at java.util.concurrent.FutureTask.run(FutureTask.java:266)
	at java.util.concurrent.Executors$RunnableAdapter.call(Executors.java:511)
	at java.util.concurrent.FutureTask.run(FutureTask.java:266)
	at java.util.concurrent.ThreadPoolExecutor.runWorker(ThreadPoolExecutor.java:1149)
	at java.util.concurrent.ThreadPoolExecutor$Worker.run(ThreadPoolExecutor.java:624)
	... 1 more
Caused by: org.apache.ratis.thirdparty.io.netty.channel.AbstractChannel$AnnotatedConnectException: Connection refused: /192.168.164.233:38729
	at sun.nio.ch.SocketChannelImpl.checkConnect(Native Method)
	at sun.nio.ch.SocketChannelImpl.finishConnect(SocketChannelImpl.java:717)
	at org.apache.ratis.thirdparty.io.netty.channel.socket.nio.NioSocketChannel.doFinishConnect(NioSocketChannel.java:327)
	at org.apache.ratis.thirdparty.io.netty.channel.nio.AbstractNioChannel$AbstractNioUnsafe.finishConnect(AbstractNioChannel.java:340)
	at org.apache.ratis.thirdparty.io.netty.channel.nio.NioEventLoop.processSelectedKey(NioEventLoop.java:632)
	at org.apache.ratis.thirdparty.io.netty.channel.nio.NioEventLoop.processSelectedKeysOptimized(NioEventLoop.java:579)
	at org.apache.ratis.thirdparty.io.netty.channel.nio.NioEventLoop.processSelectedKeys(NioEventLoop.java:496)
	at org.apache.ratis.thirdparty.io.netty.channel.nio.NioEventLoop.run(NioEventLoop.java:458)
	at org.apache.ratis.thirdparty.io.netty.util.concurrent.SingleThreadEventExecutor$5.run(SingleThreadEventExecutor.java:897)
	at org.apache.ratis.thirdparty.io.netty.util.concurrent.FastThreadLocalRunnable.run(FastThreadLocalRunnable.java:30)
	... 1 more
Caused by: java.net.ConnectException: Connection refused
	... 11 more
2019-10-18 14:30:46,112 [681edbc6-a1fc-42a4-b5ce-4922820de60a@group-FD33B9583E3C-LeaderElection225] INFO  impl.LeaderElection (LogUtils.java:infoOrTrace(149)) - 681edbc6-a1fc-42a4-b5ce-4922820de60a@group-FD33B9583E3C-LeaderElection225 got exception when requesting votes: {}
java.util.concurrent.ExecutionException: org.apache.ratis.thirdparty.io.grpc.StatusRuntimeException: UNAVAILABLE: io exception
	at java.util.concurrent.FutureTask.report(FutureTask.java:122)
	at java.util.concurrent.FutureTask.get(FutureTask.java:192)
	at org.apache.ratis.server.impl.LeaderElection.waitForResults(LeaderElection.java:259)
	at org.apache.ratis.server.impl.LeaderElection.askForVotes(LeaderElection.java:197)
	at org.apache.ratis.server.impl.LeaderElection.run(LeaderElection.java:133)
	at java.lang.Thread.run(Thread.java:748)
Caused by: org.apache.ratis.thirdparty.io.grpc.StatusRuntimeException: UNAVAILABLE: io exception
	at org.apache.ratis.thirdparty.io.grpc.stub.ClientCalls.toStatusRuntimeException(ClientCalls.java:233)
	at org.apache.ratis.thirdparty.io.grpc.stub.ClientCalls.getUnchecked(ClientCalls.java:214)
	at org.apache.ratis.thirdparty.io.grpc.stub.ClientCalls.blockingUnaryCall(ClientCalls.java:139)
	at org.apache.ratis.proto.grpc.RaftServerProtocolServiceGrpc$RaftServerProtocolServiceBlockingStub.requestVote(RaftServerProtocolServiceGrpc.java:265)
	at org.apache.ratis.grpc.server.GrpcServerProtocolClient.requestVote(GrpcServerProtocolClient.java:99)
	at org.apache.ratis.grpc.server.GrpcService.requestVote(GrpcService.java:204)
	at org.apache.ratis.server.impl.LeaderElection.lambda$submitRequests$1(LeaderElection.java:234)
	at java.util.concurrent.FutureTask.run(FutureTask.java:266)
	at java.util.concurrent.Executors$RunnableAdapter.call(Executors.java:511)
	at java.util.concurrent.FutureTask.run(FutureTask.java:266)
	at java.util.concurrent.ThreadPoolExecutor.runWorker(ThreadPoolExecutor.java:1149)
	at java.util.concurrent.ThreadPoolExecutor$Worker.run(ThreadPoolExecutor.java:624)
	... 1 more
Caused by: org.apache.ratis.thirdparty.io.netty.channel.AbstractChannel$AnnotatedConnectException: Connection refused: /192.168.164.233:46080
	at sun.nio.ch.SocketChannelImpl.checkConnect(Native Method)
	at sun.nio.ch.SocketChannelImpl.finishConnect(SocketChannelImpl.java:717)
	at org.apache.ratis.thirdparty.io.netty.channel.socket.nio.NioSocketChannel.doFinishConnect(NioSocketChannel.java:327)
	at org.apache.ratis.thirdparty.io.netty.channel.nio.AbstractNioChannel$AbstractNioUnsafe.finishConnect(AbstractNioChannel.java:340)
	at org.apache.ratis.thirdparty.io.netty.channel.nio.NioEventLoop.processSelectedKey(NioEventLoop.java:632)
	at org.apache.ratis.thirdparty.io.netty.channel.nio.NioEventLoop.processSelectedKeysOptimized(NioEventLoop.java:579)
	at org.apache.ratis.thirdparty.io.netty.channel.nio.NioEventLoop.processSelectedKeys(NioEventLoop.java:496)
	at org.apache.ratis.thirdparty.io.netty.channel.nio.NioEventLoop.run(NioEventLoop.java:458)
	at org.apache.ratis.thirdparty.io.netty.util.concurrent.SingleThreadEventExecutor$5.run(SingleThreadEventExecutor.java:897)
	at org.apache.ratis.thirdparty.io.netty.util.concurrent.FastThreadLocalRunnable.run(FastThreadLocalRunnable.java:30)
	... 1 more
Caused by: java.net.ConnectException: Connection refused
	... 11 more
2019-10-18 14:30:46,112 [681edbc6-a1fc-42a4-b5ce-4922820de60a@group-FD33B9583E3C-LeaderElection225] INFO  impl.LeaderElection (LeaderElection.java:logAndReturn(56)) - 681edbc6-a1fc-42a4-b5ce-4922820de60a@group-FD33B9583E3C-LeaderElection225: Election REJECTED; received 0 response(s) [] and 2 exception(s); 681edbc6-a1fc-42a4-b5ce-4922820de60a@group-FD33B9583E3C:t226, leader=null, voted=681edbc6-a1fc-42a4-b5ce-4922820de60a, raftlog=681edbc6-a1fc-42a4-b5ce-4922820de60a@group-FD33B9583E3C-SegmentedRaftLog:OPENED:c-1,f-1,i0, conf=-1: [3ee7b367-7b16-44e1-99f8-43aefeda0876:192.168.164.233:46080, 681edbc6-a1fc-42a4-b5ce-4922820de60a:192.168.164.233:44267, 773cce60-eeca-4c1f-a5ec-70084be8b6b9:192.168.164.233:38729], old=null
2019-10-18 14:30:46,112 [681edbc6-a1fc-42a4-b5ce-4922820de60a@group-FD33B9583E3C-LeaderElection225] INFO  impl.LeaderElection (LogUtils.java:infoOrTrace(149)) -   Exception 0: {}
java.util.concurrent.ExecutionException: org.apache.ratis.thirdparty.io.grpc.StatusRuntimeException: UNAVAILABLE: io exception
	at java.util.concurrent.FutureTask.report(FutureTask.java:122)
	at java.util.concurrent.FutureTask.get(FutureTask.java:192)
	at org.apache.ratis.server.impl.LeaderElection.waitForResults(LeaderElection.java:259)
	at org.apache.ratis.server.impl.LeaderElection.askForVotes(LeaderElection.java:197)
	at org.apache.ratis.server.impl.LeaderElection.run(LeaderElection.java:133)
	at java.lang.Thread.run(Thread.java:748)
Caused by: org.apache.ratis.thirdparty.io.grpc.StatusRuntimeException: UNAVAILABLE: io exception
	at org.apache.ratis.thirdparty.io.grpc.stub.ClientCalls.toStatusRuntimeException(ClientCalls.java:233)
	at org.apache.ratis.thirdparty.io.grpc.stub.ClientCalls.getUnchecked(ClientCalls.java:214)
	at org.apache.ratis.thirdparty.io.grpc.stub.ClientCalls.blockingUnaryCall(ClientCalls.java:139)
	at org.apache.ratis.proto.grpc.RaftServerProtocolServiceGrpc$RaftServerProtocolServiceBlockingStub.requestVote(RaftServerProtocolServiceGrpc.java:265)
	at org.apache.ratis.grpc.server.GrpcServerProtocolClient.requestVote(GrpcServerProtocolClient.java:99)
	at org.apache.ratis.grpc.server.GrpcService.requestVote(GrpcService.java:204)
	at org.apache.ratis.server.impl.LeaderElection.lambda$submitRequests$1(LeaderElection.java:234)
	at java.util.concurrent.FutureTask.run(FutureTask.java:266)
	at java.util.concurrent.Executors$RunnableAdapter.call(Executors.java:511)
	at java.util.concurrent.FutureTask.run(FutureTask.java:266)
	at java.util.concurrent.ThreadPoolExecutor.runWorker(ThreadPoolExecutor.java:1149)
	at java.util.concurrent.ThreadPoolExecutor$Worker.run(ThreadPoolExecutor.java:624)
	... 1 more
Caused by: org.apache.ratis.thirdparty.io.netty.channel.AbstractChannel$AnnotatedConnectException: Connection refused: /192.168.164.233:38729
	at sun.nio.ch.SocketChannelImpl.checkConnect(Native Method)
	at sun.nio.ch.SocketChannelImpl.finishConnect(SocketChannelImpl.java:717)
	at org.apache.ratis.thirdparty.io.netty.channel.socket.nio.NioSocketChannel.doFinishConnect(NioSocketChannel.java:327)
	at org.apache.ratis.thirdparty.io.netty.channel.nio.AbstractNioChannel$AbstractNioUnsafe.finishConnect(AbstractNioChannel.java:340)
	at org.apache.ratis.thirdparty.io.netty.channel.nio.NioEventLoop.processSelectedKey(NioEventLoop.java:632)
	at org.apache.ratis.thirdparty.io.netty.channel.nio.NioEventLoop.processSelectedKeysOptimized(NioEventLoop.java:579)
	at org.apache.ratis.thirdparty.io.netty.channel.nio.NioEventLoop.processSelectedKeys(NioEventLoop.java:496)
	at org.apache.ratis.thirdparty.io.netty.channel.nio.NioEventLoop.run(NioEventLoop.java:458)
	at org.apache.ratis.thirdparty.io.netty.util.concurrent.SingleThreadEventExecutor$5.run(SingleThreadEventExecutor.java:897)
	at org.apache.ratis.thirdparty.io.netty.util.concurrent.FastThreadLocalRunnable.run(FastThreadLocalRunnable.java:30)
	... 1 more
Caused by: java.net.ConnectException: Connection refused
	... 11 more
2019-10-18 14:30:46,113 [681edbc6-a1fc-42a4-b5ce-4922820de60a@group-FD33B9583E3C-LeaderElection225] INFO  impl.LeaderElection (LogUtils.java:infoOrTrace(149)) -   Exception 1: {}
java.util.concurrent.ExecutionException: org.apache.ratis.thirdparty.io.grpc.StatusRuntimeException: UNAVAILABLE: io exception
	at java.util.concurrent.FutureTask.report(FutureTask.java:122)
	at java.util.concurrent.FutureTask.get(FutureTask.java:192)
	at org.apache.ratis.server.impl.LeaderElection.waitForResults(LeaderElection.java:259)
	at org.apache.ratis.server.impl.LeaderElection.askForVotes(LeaderElection.java:197)
	at org.apache.ratis.server.impl.LeaderElection.run(LeaderElection.java:133)
	at java.lang.Thread.run(Thread.java:748)
Caused by: org.apache.ratis.thirdparty.io.grpc.StatusRuntimeException: UNAVAILABLE: io exception
	at org.apache.ratis.thirdparty.io.grpc.stub.ClientCalls.toStatusRuntimeException(ClientCalls.java:233)
	at org.apache.ratis.thirdparty.io.grpc.stub.ClientCalls.getUnchecked(ClientCalls.java:214)
	at org.apache.ratis.thirdparty.io.grpc.stub.ClientCalls.blockingUnaryCall(ClientCalls.java:139)
	at org.apache.ratis.proto.grpc.RaftServerProtocolServiceGrpc$RaftServerProtocolServiceBlockingStub.requestVote(RaftServerProtocolServiceGrpc.java:265)
	at org.apache.ratis.grpc.server.GrpcServerProtocolClient.requestVote(GrpcServerProtocolClient.java:99)
	at org.apache.ratis.grpc.server.GrpcService.requestVote(GrpcService.java:204)
	at org.apache.ratis.server.impl.LeaderElection.lambda$submitRequests$1(LeaderElection.java:234)
	at java.util.concurrent.FutureTask.run(FutureTask.java:266)
	at java.util.concurrent.Executors$RunnableAdapter.call(Executors.java:511)
	at java.util.concurrent.FutureTask.run(FutureTask.java:266)
	at java.util.concurrent.ThreadPoolExecutor.runWorker(ThreadPoolExecutor.java:1149)
	at java.util.concurrent.ThreadPoolExecutor$Worker.run(ThreadPoolExecutor.java:624)
	... 1 more
Caused by: org.apache.ratis.thirdparty.io.netty.channel.AbstractChannel$AnnotatedConnectException: Connection refused: /192.168.164.233:46080
	at sun.nio.ch.SocketChannelImpl.checkConnect(Native Method)
	at sun.nio.ch.SocketChannelImpl.finishConnect(SocketChannelImpl.java:717)
	at org.apache.ratis.thirdparty.io.netty.channel.socket.nio.NioSocketChannel.doFinishConnect(NioSocketChannel.java:327)
	at org.apache.ratis.thirdparty.io.netty.channel.nio.AbstractNioChannel$AbstractNioUnsafe.finishConnect(AbstractNioChannel.java:340)
	at org.apache.ratis.thirdparty.io.netty.channel.nio.NioEventLoop.processSelectedKey(NioEventLoop.java:632)
	at org.apache.ratis.thirdparty.io.netty.channel.nio.NioEventLoop.processSelectedKeysOptimized(NioEventLoop.java:579)
	at org.apache.ratis.thirdparty.io.netty.channel.nio.NioEventLoop.processSelectedKeys(NioEventLoop.java:496)
	at org.apache.ratis.thirdparty.io.netty.channel.nio.NioEventLoop.run(NioEventLoop.java:458)
	at org.apache.ratis.thirdparty.io.netty.util.concurrent.SingleThreadEventExecutor$5.run(SingleThreadEventExecutor.java:897)
	at org.apache.ratis.thirdparty.io.netty.util.concurrent.FastThreadLocalRunnable.run(FastThreadLocalRunnable.java:30)
	... 1 more
Caused by: java.net.ConnectException: Connection refused
	... 11 more
2019-10-18 14:30:46,113 [681edbc6-a1fc-42a4-b5ce-4922820de60a@group-FD33B9583E3C-LeaderElection225] INFO  impl.RaftServerImpl (RaftServerImpl.java:setRole(184)) - 681edbc6-a1fc-42a4-b5ce-4922820de60a@group-FD33B9583E3C: changes role from CANDIDATE to FOLLOWER at term 226 for DISCOVERED_A_NEW_TERM
2019-10-18 14:30:46,113 [681edbc6-a1fc-42a4-b5ce-4922820de60a@group-FD33B9583E3C-LeaderElection225] INFO  impl.RoleInfo (RoleInfo.java:shutdownLeaderElection(134)) - 681edbc6-a1fc-42a4-b5ce-4922820de60a: shutdown LeaderElection
2019-10-18 14:30:46,113 [681edbc6-a1fc-42a4-b5ce-4922820de60a@group-FD33B9583E3C-LeaderElection225] INFO  impl.RoleInfo (RoleInfo.java:updateAndGet(143)) - 681edbc6-a1fc-42a4-b5ce-4922820de60a: start FollowerState
2019-10-18 14:30:46,141 [Thread-385] INFO  impl.FollowerState (FollowerState.java:run(108)) - 9a797c4a-b775-4cca-8778-469ce6187395@group-9826AF1559E2-FollowerState: change to CANDIDATE, lastRpcTime:1640ms, electionTimeout:1003ms
2019-10-18 14:30:46,142 [Thread-385] INFO  impl.RoleInfo (RoleInfo.java:shutdownFollowerState(121)) - 9a797c4a-b775-4cca-8778-469ce6187395: shutdown FollowerState
2019-10-18 14:30:46,142 [Thread-385] INFO  impl.RaftServerImpl (RaftServerImpl.java:setRole(184)) - 9a797c4a-b775-4cca-8778-469ce6187395@group-9826AF1559E2: changes role from  FOLLOWER to CANDIDATE at term 1 for changeToCandidate
2019-10-18 14:30:46,142 [Thread-385] INFO  impl.RoleInfo (RoleInfo.java:updateAndGet(143)) - 9a797c4a-b775-4cca-8778-469ce6187395: start LeaderElection
2019-10-18 14:30:46,142 [9a797c4a-b775-4cca-8778-469ce6187395@group-9826AF1559E2-LeaderElection226] INFO  impl.RaftServerImpl (ServerState.java:setLeader(256)) - 9a797c4a-b775-4cca-8778-469ce6187395@group-9826AF1559E2: change Leader from 04371d53-951f-40a0-9bd2-eaa7c72eca17 to null at term 1 for initElection
2019-10-18 14:30:46,156 [9a797c4a-b775-4cca-8778-469ce6187395@group-9826AF1559E2-LeaderElection226] INFO  impl.LeaderElection (LeaderElection.java:askForVotes(178)) - 9a797c4a-b775-4cca-8778-469ce6187395@group-9826AF1559E2-LeaderElection226: begin an election at term 2 for 0: [f9cd2519-4472-482d-8bf1-226263d0a440:192.168.164.233:35693, 04371d53-951f-40a0-9bd2-eaa7c72eca17:192.168.164.233:42616, 9a797c4a-b775-4cca-8778-469ce6187395:192.168.164.233:34691], old=null
2019-10-18 14:30:46,159 [9a797c4a-b775-4cca-8778-469ce6187395@group-9826AF1559E2-LeaderElection226] INFO  impl.LeaderElection (LogUtils.java:infoOrTrace(149)) - 9a797c4a-b775-4cca-8778-469ce6187395@group-9826AF1559E2-LeaderElection226 got exception when requesting votes: {}
java.util.concurrent.ExecutionException: org.apache.ratis.thirdparty.io.grpc.StatusRuntimeException: UNAVAILABLE: io exception
	at java.util.concurrent.FutureTask.report(FutureTask.java:122)
	at java.util.concurrent.FutureTask.get(FutureTask.java:192)
	at org.apache.ratis.server.impl.LeaderElection.waitForResults(LeaderElection.java:259)
	at org.apache.ratis.server.impl.LeaderElection.askForVotes(LeaderElection.java:197)
	at org.apache.ratis.server.impl.LeaderElection.run(LeaderElection.java:133)
	at java.lang.Thread.run(Thread.java:748)
Caused by: org.apache.ratis.thirdparty.io.grpc.StatusRuntimeException: UNAVAILABLE: io exception
	at org.apache.ratis.thirdparty.io.grpc.stub.ClientCalls.toStatusRuntimeException(ClientCalls.java:233)
	at org.apache.ratis.thirdparty.io.grpc.stub.ClientCalls.getUnchecked(ClientCalls.java:214)
	at org.apache.ratis.thirdparty.io.grpc.stub.ClientCalls.blockingUnaryCall(ClientCalls.java:139)
	at org.apache.ratis.proto.grpc.RaftServerProtocolServiceGrpc$RaftServerProtocolServiceBlockingStub.requestVote(RaftServerProtocolServiceGrpc.java:265)
	at org.apache.ratis.grpc.server.GrpcServerProtocolClient.requestVote(GrpcServerProtocolClient.java:99)
	at org.apache.ratis.grpc.server.GrpcService.requestVote(GrpcService.java:204)
	at org.apache.ratis.server.impl.LeaderElection.lambda$submitRequests$1(LeaderElection.java:234)
	at java.util.concurrent.FutureTask.run(FutureTask.java:266)
	at java.util.concurrent.Executors$RunnableAdapter.call(Executors.java:511)
	at java.util.concurrent.FutureTask.run(FutureTask.java:266)
	at java.util.concurrent.ThreadPoolExecutor.runWorker(ThreadPoolExecutor.java:1149)
	at java.util.concurrent.ThreadPoolExecutor$Worker.run(ThreadPoolExecutor.java:624)
	... 1 more
Caused by: org.apache.ratis.thirdparty.io.netty.channel.AbstractChannel$AnnotatedConnectException: Connection refused: /192.168.164.233:42616
	at sun.nio.ch.SocketChannelImpl.checkConnect(Native Method)
	at sun.nio.ch.SocketChannelImpl.finishConnect(SocketChannelImpl.java:717)
	at org.apache.ratis.thirdparty.io.netty.channel.socket.nio.NioSocketChannel.doFinishConnect(NioSocketChannel.java:327)
	at org.apache.ratis.thirdparty.io.netty.channel.nio.AbstractNioChannel$AbstractNioUnsafe.finishConnect(AbstractNioChannel.java:340)
	at org.apache.ratis.thirdparty.io.netty.channel.nio.NioEventLoop.processSelectedKey(NioEventLoop.java:632)
	at org.apache.ratis.thirdparty.io.netty.channel.nio.NioEventLoop.processSelectedKeysOptimized(NioEventLoop.java:579)
	at org.apache.ratis.thirdparty.io.netty.channel.nio.NioEventLoop.processSelectedKeys(NioEventLoop.java:496)
	at org.apache.ratis.thirdparty.io.netty.channel.nio.NioEventLoop.run(NioEventLoop.java:458)
	at org.apache.ratis.thirdparty.io.netty.util.concurrent.SingleThreadEventExecutor$5.run(SingleThreadEventExecutor.java:897)
	at org.apache.ratis.thirdparty.io.netty.util.concurrent.FastThreadLocalRunnable.run(FastThreadLocalRunnable.java:30)
	... 1 more
Caused by: java.net.ConnectException: Connection refused
	... 11 more
2019-10-18 14:30:46,161 [grpc-default-executor-1] INFO  impl.RaftServerImpl (ServerState.java:setLeader(256)) - f9cd2519-4472-482d-8bf1-226263d0a440@group-9826AF1559E2: change Leader from 04371d53-951f-40a0-9bd2-eaa7c72eca17 to null at term 2 for updateCurrentTerm
2019-10-18 14:30:46,161 [grpc-default-executor-1] INFO  impl.RaftServerImpl (RaftServerImpl.java:setRole(184)) - f9cd2519-4472-482d-8bf1-226263d0a440@group-9826AF1559E2: changes role from  FOLLOWER to FOLLOWER at term 2 for recognizeCandidate:9a797c4a-b775-4cca-8778-469ce6187395
2019-10-18 14:30:46,161 [grpc-default-executor-1] INFO  impl.RoleInfo (RoleInfo.java:shutdownFollowerState(121)) - f9cd2519-4472-482d-8bf1-226263d0a440: shutdown FollowerState
2019-10-18 14:30:46,162 [grpc-default-executor-1] INFO  impl.RoleInfo (RoleInfo.java:updateAndGet(143)) - f9cd2519-4472-482d-8bf1-226263d0a440: start FollowerState
2019-10-18 14:30:46,162 [Thread-383] INFO  impl.FollowerState (FollowerState.java:run(117)) - f9cd2519-4472-482d-8bf1-226263d0a440@group-9826AF1559E2-FollowerState was interrupted: java.lang.InterruptedException: sleep interrupted
2019-10-18 14:30:46,171 [9a797c4a-b775-4cca-8778-469ce6187395@group-9826AF1559E2-LeaderElection226] INFO  impl.LeaderElection (LeaderElection.java:logAndReturn(56)) - 9a797c4a-b775-4cca-8778-469ce6187395@group-9826AF1559E2-LeaderElection226: Election PASSED; received 1 response(s) [9a797c4a-b775-4cca-8778-469ce6187395<-f9cd2519-4472-482d-8bf1-226263d0a440#0:OK-t2] and 1 exception(s); 9a797c4a-b775-4cca-8778-469ce6187395@group-9826AF1559E2:t2, leader=null, voted=9a797c4a-b775-4cca-8778-469ce6187395, raftlog=9a797c4a-b775-4cca-8778-469ce6187395@group-9826AF1559E2-SegmentedRaftLog:OPENED:c15,f15,i15, conf=0: [f9cd2519-4472-482d-8bf1-226263d0a440:192.168.164.233:35693, 04371d53-951f-40a0-9bd2-eaa7c72eca17:192.168.164.233:42616, 9a797c4a-b775-4cca-8778-469ce6187395:192.168.164.233:34691], old=null
2019-10-18 14:30:46,172 [9a797c4a-b775-4cca-8778-469ce6187395@group-9826AF1559E2-LeaderElection226] INFO  impl.LeaderElection (LogUtils.java:infoOrTrace(149)) -   Exception 0: {}
java.util.concurrent.ExecutionException: org.apache.ratis.thirdparty.io.grpc.StatusRuntimeException: UNAVAILABLE: io exception
	at java.util.concurrent.FutureTask.report(FutureTask.java:122)
	at java.util.concurrent.FutureTask.get(FutureTask.java:192)
	at org.apache.ratis.server.impl.LeaderElection.waitForResults(LeaderElection.java:259)
	at org.apache.ratis.server.impl.LeaderElection.askForVotes(LeaderElection.java:197)
	at org.apache.ratis.server.impl.LeaderElection.run(LeaderElection.java:133)
	at java.lang.Thread.run(Thread.java:748)
Caused by: org.apache.ratis.thirdparty.io.grpc.StatusRuntimeException: UNAVAILABLE: io exception
	at org.apache.ratis.thirdparty.io.grpc.stub.ClientCalls.toStatusRuntimeException(ClientCalls.java:233)
	at org.apache.ratis.thirdparty.io.grpc.stub.ClientCalls.getUnchecked(ClientCalls.java:214)
	at org.apache.ratis.thirdparty.io.grpc.stub.ClientCalls.blockingUnaryCall(ClientCalls.java:139)
	at org.apache.ratis.proto.grpc.RaftServerProtocolServiceGrpc$RaftServerProtocolServiceBlockingStub.requestVote(RaftServerProtocolServiceGrpc.java:265)
	at org.apache.ratis.grpc.server.GrpcServerProtocolClient.requestVote(GrpcServerProtocolClient.java:99)
	at org.apache.ratis.grpc.server.GrpcService.requestVote(GrpcService.java:204)
	at org.apache.ratis.server.impl.LeaderElection.lambda$submitRequests$1(LeaderElection.java:234)
	at java.util.concurrent.FutureTask.run(FutureTask.java:266)
	at java.util.concurrent.Executors$RunnableAdapter.call(Executors.java:511)
	at java.util.concurrent.FutureTask.run(FutureTask.java:266)
	at java.util.concurrent.ThreadPoolExecutor.runWorker(ThreadPoolExecutor.java:1149)
	at java.util.concurrent.ThreadPoolExecutor$Worker.run(ThreadPoolExecutor.java:624)
	... 1 more
Caused by: org.apache.ratis.thirdparty.io.netty.channel.AbstractChannel$AnnotatedConnectException: Connection refused: /192.168.164.233:42616
	at sun.nio.ch.SocketChannelImpl.checkConnect(Native Method)
	at sun.nio.ch.SocketChannelImpl.finishConnect(SocketChannelImpl.java:717)
	at org.apache.ratis.thirdparty.io.netty.channel.socket.nio.NioSocketChannel.doFinishConnect(NioSocketChannel.java:327)
	at org.apache.ratis.thirdparty.io.netty.channel.nio.AbstractNioChannel$AbstractNioUnsafe.finishConnect(AbstractNioChannel.java:340)
	at org.apache.ratis.thirdparty.io.netty.channel.nio.NioEventLoop.processSelectedKey(NioEventLoop.java:632)
	at org.apache.ratis.thirdparty.io.netty.channel.nio.NioEventLoop.processSelectedKeysOptimized(NioEventLoop.java:579)
	at org.apache.ratis.thirdparty.io.netty.channel.nio.NioEventLoop.processSelectedKeys(NioEventLoop.java:496)
	at org.apache.ratis.thirdparty.io.netty.channel.nio.NioEventLoop.run(NioEventLoop.java:458)
	at org.apache.ratis.thirdparty.io.netty.util.concurrent.SingleThreadEventExecutor$5.run(SingleThreadEventExecutor.java:897)
	at org.apache.ratis.thirdparty.io.netty.util.concurrent.FastThreadLocalRunnable.run(FastThreadLocalRunnable.java:30)
	... 1 more
Caused by: java.net.ConnectException: Connection refused
	... 11 more
2019-10-18 14:30:46,172 [9a797c4a-b775-4cca-8778-469ce6187395@group-9826AF1559E2-LeaderElection226] INFO  impl.RoleInfo (RoleInfo.java:shutdownLeaderElection(134)) - 9a797c4a-b775-4cca-8778-469ce6187395: shutdown LeaderElection
2019-10-18 14:30:46,172 [9a797c4a-b775-4cca-8778-469ce6187395@group-9826AF1559E2-LeaderElection226] INFO  impl.RaftServerImpl (RaftServerImpl.java:setRole(184)) - 9a797c4a-b775-4cca-8778-469ce6187395@group-9826AF1559E2: changes role from CANDIDATE to LEADER at term 2 for changeToLeader
2019-10-18 14:30:46,172 [9a797c4a-b775-4cca-8778-469ce6187395@group-9826AF1559E2-LeaderElection226] INFO  impl.RaftServerImpl (ServerState.java:setLeader(256)) - 9a797c4a-b775-4cca-8778-469ce6187395@group-9826AF1559E2: change Leader from null to 9a797c4a-b775-4cca-8778-469ce6187395 at term 2 for becomeLeader, leader elected after 29ms
2019-10-18 14:30:46,172 [9a797c4a-b775-4cca-8778-469ce6187395@group-9826AF1559E2-LeaderElection226] INFO  server.RaftServerConfigKeys (ConfUtils.java:logGet(43)) - raft.server.staging.catchup.gap = 1000 (default)
2019-10-18 14:30:46,173 [9a797c4a-b775-4cca-8778-469ce6187395@group-9826AF1559E2-LeaderElection226] INFO  server.RaftServerConfigKeys (ConfUtils.java:logGet(43)) - raft.server.rpc.sleep.time = 25ms (default)
2019-10-18 14:30:46,173 [9a797c4a-b775-4cca-8778-469ce6187395@group-9826AF1559E2-LeaderElection226] INFO  server.RaftServerConfigKeys (ConfUtils.java:logGet(43)) - raft.server.write.element-limit = 4096 (default)
2019-10-18 14:30:46,173 [9a797c4a-b775-4cca-8778-469ce6187395@group-9826AF1559E2-LeaderElection226] INFO  server.RaftServerConfigKeys (ConfUtils.java:logGet(43)) - raft.server.watch.timeout = 10s (default)
2019-10-18 14:30:46,173 [9a797c4a-b775-4cca-8778-469ce6187395@group-9826AF1559E2-LeaderElection226] INFO  server.RaftServerConfigKeys (ConfUtils.java:logGet(43)) - raft.server.watch.timeout.denomination = 1s (default)
2019-10-18 14:30:46,173 [9a797c4a-b775-4cca-8778-469ce6187395@group-9826AF1559E2-LeaderElection226] INFO  server.RaftServerConfigKeys (ConfUtils.java:logGet(43)) - raft.server.watch.element-limit = 65536 (default)
2019-10-18 14:30:46,179 [9a797c4a-b775-4cca-8778-469ce6187395@group-9826AF1559E2-LeaderElection226] INFO  server.RaftServerConfigKeys (ConfUtils.java:logGet(43)) - raft.server.log.appender.snapshot.chunk.size.max = 16MB (=16777216) (default)
2019-10-18 14:30:46,179 [9a797c4a-b775-4cca-8778-469ce6187395@group-9826AF1559E2-LeaderElection226] INFO  server.RaftServerConfigKeys (ConfUtils.java:logGet(43)) - raft.server.log.appender.buffer.byte-limit = 33554432 (custom)
2019-10-18 14:30:46,180 [9a797c4a-b775-4cca-8778-469ce6187395@group-9826AF1559E2-LeaderElection226] INFO  server.RaftServerConfigKeys (ConfUtils.java:logGet(43)) - raft.server.log.appender.buffer.element-limit = 1 (custom)
2019-10-18 14:30:46,180 [9a797c4a-b775-4cca-8778-469ce6187395@group-9826AF1559E2-LeaderElection226] INFO  grpc.GrpcConfigKeys$Server (ConfUtils.java:logGet(43)) - raft.grpc.server.leader.outstanding.appends.max = 128 (default)
2019-10-18 14:30:46,180 [9a797c4a-b775-4cca-8778-469ce6187395@group-9826AF1559E2-LeaderElection226] INFO  server.RaftServerConfigKeys (ConfUtils.java:logGet(43)) - raft.server.rpc.request.timeout = 3000ms (default)
2019-10-18 14:30:46,180 [9a797c4a-b775-4cca-8778-469ce6187395@group-9826AF1559E2-LeaderElection226] INFO  server.RaftServerConfigKeys (ConfUtils.java:logGet(43)) - raft.server.log.appender.install.snapshot.enabled = false (custom)
2019-10-18 14:30:46,183 [9a797c4a-b775-4cca-8778-469ce6187395@group-9826AF1559E2-LeaderElection226] INFO  server.RaftServerConfigKeys (ConfUtils.java:logGet(43)) - raft.server.log.appender.snapshot.chunk.size.max = 16MB (=16777216) (default)
2019-10-18 14:30:46,183 [9a797c4a-b775-4cca-8778-469ce6187395@group-9826AF1559E2-LeaderElection226] INFO  server.RaftServerConfigKeys (ConfUtils.java:logGet(43)) - raft.server.log.appender.buffer.byte-limit = 33554432 (custom)
2019-10-18 14:30:46,183 [9a797c4a-b775-4cca-8778-469ce6187395@group-9826AF1559E2-LeaderElection226] INFO  server.RaftServerConfigKeys (ConfUtils.java:logGet(43)) - raft.server.log.appender.buffer.element-limit = 1 (custom)
2019-10-18 14:30:46,183 [9a797c4a-b775-4cca-8778-469ce6187395@group-9826AF1559E2-LeaderElection226] INFO  grpc.GrpcConfigKeys$Server (ConfUtils.java:logGet(43)) - raft.grpc.server.leader.outstanding.appends.max = 128 (default)
2019-10-18 14:30:46,183 [9a797c4a-b775-4cca-8778-469ce6187395@group-9826AF1559E2-LeaderElection226] INFO  server.RaftServerConfigKeys (ConfUtils.java:logGet(43)) - raft.server.rpc.request.timeout = 3000ms (default)
2019-10-18 14:30:46,183 [9a797c4a-b775-4cca-8778-469ce6187395@group-9826AF1559E2-LeaderElection226] INFO  server.RaftServerConfigKeys (ConfUtils.java:logGet(43)) - raft.server.log.appender.install.snapshot.enabled = false (custom)
2019-10-18 14:30:46,185 [9a797c4a-b775-4cca-8778-469ce6187395@group-9826AF1559E2-LeaderElection226] INFO  impl.RoleInfo (RoleInfo.java:updateAndGet(143)) - 9a797c4a-b775-4cca-8778-469ce6187395: start LeaderState
2019-10-18 14:30:46,185 [9a797c4a-b775-4cca-8778-469ce6187395@group-9826AF1559E2-LeaderElection226] INFO  segmented.SegmentedRaftLogWorker (SegmentedRaftLogWorker.java:rollLogSegment(390)) - 9a797c4a-b775-4cca-8778-469ce6187395@group-9826AF1559E2-SegmentedRaftLogWorker: Rolling segment log-0_15 to index:15
2019-10-18 14:30:46,187 [9a797c4a-b775-4cca-8778-469ce6187395@group-9826AF1559E2-LeaderElection226] INFO  impl.RaftServerImpl (ServerState.java:setRaftConf(357)) - 9a797c4a-b775-4cca-8778-469ce6187395@group-9826AF1559E2: set configuration 16: [f9cd2519-4472-482d-8bf1-226263d0a440:192.168.164.233:35693, 04371d53-951f-40a0-9bd2-eaa7c72eca17:192.168.164.233:42616, 9a797c4a-b775-4cca-8778-469ce6187395:192.168.164.233:34691], old=null at 16
2019-10-18 14:30:46,188 [9a797c4a-b775-4cca-8778-469ce6187395@group-9826AF1559E2-SegmentedRaftLogWorker] INFO  segmented.SegmentedRaftLogWorker (SegmentedRaftLogWorker.java:execute(533)) - 9a797c4a-b775-4cca-8778-469ce6187395@group-9826AF1559E2-SegmentedRaftLogWorker: Rolled log segment from /workdir/hadoop-ozone/integration-test/target/test-dir/MiniOzoneClusterImpl-11a902be-dfbe-4759-94b9-65959d8d71e6/datanode-0/data/ratis/cb1b5398-55ca-458c-9a73-9826af1559e2/current/log_inprogress_0 to /workdir/hadoop-ozone/integration-test/target/test-dir/MiniOzoneClusterImpl-11a902be-dfbe-4759-94b9-65959d8d71e6/datanode-0/data/ratis/cb1b5398-55ca-458c-9a73-9826af1559e2/current/log_0-15
2019-10-18 14:30:46,188 [grpc-default-executor-1] WARN  server.GrpcLogAppender (LogUtils.java:warn(134)) - 9a797c4a-b775-4cca-8778-469ce6187395@group-9826AF1559E2->04371d53-951f-40a0-9bd2-eaa7c72eca17-AppendLogResponseHandler: Failed appendEntries: org.apache.ratis.thirdparty.io.grpc.StatusRuntimeException: UNAVAILABLE: io exception
2019-10-18 14:30:46,189 [grpc-default-executor-2] INFO  impl.RaftServerImpl (ServerState.java:setLeader(256)) - f9cd2519-4472-482d-8bf1-226263d0a440@group-9826AF1559E2: change Leader from null to 9a797c4a-b775-4cca-8778-469ce6187395 at term 2 for appendEntries, leader elected after 28ms
2019-10-18 14:30:46,192 [grpc-default-executor-2] INFO  impl.RaftServerImpl (ServerState.java:setRaftConf(357)) - f9cd2519-4472-482d-8bf1-226263d0a440@group-9826AF1559E2: set configuration 16: [f9cd2519-4472-482d-8bf1-226263d0a440:192.168.164.233:35693, 04371d53-951f-40a0-9bd2-eaa7c72eca17:192.168.164.233:42616, 9a797c4a-b775-4cca-8778-469ce6187395:192.168.164.233:34691], old=null at 16
2019-10-18 14:30:46,192 [grpc-default-executor-2] INFO  segmented.SegmentedRaftLogWorker (SegmentedRaftLogWorker.java:rollLogSegment(390)) - f9cd2519-4472-482d-8bf1-226263d0a440@group-9826AF1559E2-SegmentedRaftLogWorker: Rolling segment log-0_15 to index:15
2019-10-18 14:30:46,193 [f9cd2519-4472-482d-8bf1-226263d0a440@group-9826AF1559E2-SegmentedRaftLogWorker] INFO  segmented.SegmentedRaftLogWorker (SegmentedRaftLogWorker.java:execute(533)) - f9cd2519-4472-482d-8bf1-226263d0a440@group-9826AF1559E2-SegmentedRaftLogWorker: Rolled log segment from /workdir/hadoop-ozone/integration-test/target/test-dir/MiniOzoneClusterImpl-11a902be-dfbe-4759-94b9-65959d8d71e6/datanode-1/data/ratis/cb1b5398-55ca-458c-9a73-9826af1559e2/current/log_inprogress_0 to /workdir/hadoop-ozone/integration-test/target/test-dir/MiniOzoneClusterImpl-11a902be-dfbe-4759-94b9-65959d8d71e6/datanode-1/data/ratis/cb1b5398-55ca-458c-9a73-9826af1559e2/current/log_0-15
2019-10-18 14:30:46,206 [Thread-1878] INFO  impl.FollowerState (FollowerState.java:run(108)) - 681edbc6-a1fc-42a4-b5ce-4922820de60a@group-FD33B9583E3C-FollowerState: change to CANDIDATE, lastRpcTime:93ms, electionTimeout:93ms
2019-10-18 14:30:46,207 [Thread-1878] INFO  impl.RoleInfo (RoleInfo.java:shutdownFollowerState(121)) - 681edbc6-a1fc-42a4-b5ce-4922820de60a: shutdown FollowerState
2019-10-18 14:30:46,207 [Thread-1878] INFO  impl.RaftServerImpl (RaftServerImpl.java:setRole(184)) - 681edbc6-a1fc-42a4-b5ce-4922820de60a@group-FD33B9583E3C: changes role from  FOLLOWER to CANDIDATE at term 226 for changeToCandidate
2019-10-18 14:30:46,207 [Thread-1878] INFO  impl.RoleInfo (RoleInfo.java:updateAndGet(143)) - 681edbc6-a1fc-42a4-b5ce-4922820de60a: start LeaderElection
2019-10-18 14:30:46,220 [f9cd2519-4472-482d-8bf1-226263d0a440@group-9826AF1559E2-SegmentedRaftLogWorker] INFO  segmented.SegmentedRaftLogWorker (SegmentedRaftLogWorker.java:execute(576)) - f9cd2519-4472-482d-8bf1-226263d0a440@group-9826AF1559E2-SegmentedRaftLogWorker: created new log segment /workdir/hadoop-ozone/integration-test/target/test-dir/MiniOzoneClusterImpl-11a902be-dfbe-4759-94b9-65959d8d71e6/datanode-1/data/ratis/cb1b5398-55ca-458c-9a73-9826af1559e2/current/log_inprogress_16
2019-10-18 14:30:46,221 [681edbc6-a1fc-42a4-b5ce-4922820de60a@group-FD33B9583E3C-LeaderElection227] INFO  impl.LeaderElection (LeaderElection.java:askForVotes(178)) - 681edbc6-a1fc-42a4-b5ce-4922820de60a@group-FD33B9583E3C-LeaderElection227: begin an election at term 227 for -1: [3ee7b367-7b16-44e1-99f8-43aefeda0876:192.168.164.233:46080, 681edbc6-a1fc-42a4-b5ce-4922820de60a:192.168.164.233:44267, 773cce60-eeca-4c1f-a5ec-70084be8b6b9:192.168.164.233:38729], old=null
2019-10-18 14:30:46,221 [9a797c4a-b775-4cca-8778-469ce6187395@group-9826AF1559E2-SegmentedRaftLogWorker] INFO  segmented.SegmentedRaftLogWorker (SegmentedRaftLogWorker.java:execute(576)) - 9a797c4a-b775-4cca-8778-469ce6187395@group-9826AF1559E2-SegmentedRaftLogWorker: created new log segment /workdir/hadoop-ozone/integration-test/target/test-dir/MiniOzoneClusterImpl-11a902be-dfbe-4759-94b9-65959d8d71e6/datanode-0/data/ratis/cb1b5398-55ca-458c-9a73-9826af1559e2/current/log_inprogress_16
2019-10-18 14:30:46,221 [681edbc6-a1fc-42a4-b5ce-4922820de60a@group-FD33B9583E3C-LeaderElection227] INFO  impl.LeaderElection (LogUtils.java:infoOrTrace(149)) - 681edbc6-a1fc-42a4-b5ce-4922820de60a@group-FD33B9583E3C-LeaderElection227 got exception when requesting votes: {}
java.util.concurrent.ExecutionException: org.apache.ratis.thirdparty.io.grpc.StatusRuntimeException: UNAVAILABLE: io exception
	at java.util.concurrent.FutureTask.report(FutureTask.java:122)
	at java.util.concurrent.FutureTask.get(FutureTask.java:192)
	at org.apache.ratis.server.impl.LeaderElection.waitForResults(LeaderElection.java:259)
	at org.apache.ratis.server.impl.LeaderElection.askForVotes(LeaderElection.java:197)
	at org.apache.ratis.server.impl.LeaderElection.run(LeaderElection.java:133)
	at java.lang.Thread.run(Thread.java:748)
Caused by: org.apache.ratis.thirdparty.io.grpc.StatusRuntimeException: UNAVAILABLE: io exception
	at org.apache.ratis.thirdparty.io.grpc.stub.ClientCalls.toStatusRuntimeException(ClientCalls.java:233)
	at org.apache.ratis.thirdparty.io.grpc.stub.ClientCalls.getUnchecked(ClientCalls.java:214)
	at org.apache.ratis.thirdparty.io.grpc.stub.ClientCalls.blockingUnaryCall(ClientCalls.java:139)
	at org.apache.ratis.proto.grpc.RaftServerProtocolServiceGrpc$RaftServerProtocolServiceBlockingStub.requestVote(RaftServerProtocolServiceGrpc.java:265)
	at org.apache.ratis.grpc.server.GrpcServerProtocolClient.requestVote(GrpcServerProtocolClient.java:99)
	at org.apache.ratis.grpc.server.GrpcService.requestVote(GrpcService.java:204)
	at org.apache.ratis.server.impl.LeaderElection.lambda$submitRequests$1(LeaderElection.java:234)
	at java.util.concurrent.FutureTask.run(FutureTask.java:266)
	at java.util.concurrent.Executors$RunnableAdapter.call(Executors.java:511)
	at java.util.concurrent.FutureTask.run(FutureTask.java:266)
	at java.util.concurrent.ThreadPoolExecutor.runWorker(ThreadPoolExecutor.java:1149)
	at java.util.concurrent.ThreadPoolExecutor$Worker.run(ThreadPoolExecutor.java:624)
	... 1 more
Caused by: org.apache.ratis.thirdparty.io.netty.channel.AbstractChannel$AnnotatedConnectException: Connection refused: /192.168.164.233:46080
	at sun.nio.ch.SocketChannelImpl.checkConnect(Native Method)
	at sun.nio.ch.SocketChannelImpl.finishConnect(SocketChannelImpl.java:717)
	at org.apache.ratis.thirdparty.io.netty.channel.socket.nio.NioSocketChannel.doFinishConnect(NioSocketChannel.java:327)
	at org.apache.ratis.thirdparty.io.netty.channel.nio.AbstractNioChannel$AbstractNioUnsafe.finishConnect(AbstractNioChannel.java:340)
	at org.apache.ratis.thirdparty.io.netty.channel.nio.NioEventLoop.processSelectedKey(NioEventLoop.java:632)
	at org.apache.ratis.thirdparty.io.netty.channel.nio.NioEventLoop.processSelectedKeysOptimized(NioEventLoop.java:579)
	at org.apache.ratis.thirdparty.io.netty.channel.nio.NioEventLoop.processSelectedKeys(NioEventLoop.java:496)
	at org.apache.ratis.thirdparty.io.netty.channel.nio.NioEventLoop.run(NioEventLoop.java:458)
	at org.apache.ratis.thirdparty.io.netty.util.concurrent.SingleThreadEventExecutor$5.run(SingleThreadEventExecutor.java:897)
	at org.apache.ratis.thirdparty.io.netty.util.concurrent.FastThreadLocalRunnable.run(FastThreadLocalRunnable.java:30)
	... 1 more
Caused by: java.net.ConnectException: Connection refused
	... 11 more
2019-10-18 14:30:46,222 [681edbc6-a1fc-42a4-b5ce-4922820de60a@group-FD33B9583E3C-LeaderElection227] INFO  impl.LeaderElection (LogUtils.java:infoOrTrace(149)) - 681edbc6-a1fc-42a4-b5ce-4922820de60a@group-FD33B9583E3C-LeaderElection227 got exception when requesting votes: {}
java.util.concurrent.ExecutionException: org.apache.ratis.thirdparty.io.grpc.StatusRuntimeException: UNAVAILABLE: io exception
	at java.util.concurrent.FutureTask.report(FutureTask.java:122)
	at java.util.concurrent.FutureTask.get(FutureTask.java:192)
	at org.apache.ratis.server.impl.LeaderElection.waitForResults(LeaderElection.java:259)
	at org.apache.ratis.server.impl.LeaderElection.askForVotes(LeaderElection.java:197)
	at org.apache.ratis.server.impl.LeaderElection.run(LeaderElection.java:133)
	at java.lang.Thread.run(Thread.java:748)
Caused by: org.apache.ratis.thirdparty.io.grpc.StatusRuntimeException: UNAVAILABLE: io exception
	at org.apache.ratis.thirdparty.io.grpc.stub.ClientCalls.toStatusRuntimeException(ClientCalls.java:233)
	at org.apache.ratis.thirdparty.io.grpc.stub.ClientCalls.getUnchecked(ClientCalls.java:214)
	at org.apache.ratis.thirdparty.io.grpc.stub.ClientCalls.blockingUnaryCall(ClientCalls.java:139)
	at org.apache.ratis.proto.grpc.RaftServerProtocolServiceGrpc$RaftServerProtocolServiceBlockingStub.requestVote(RaftServerProtocolServiceGrpc.java:265)
	at org.apache.ratis.grpc.server.GrpcServerProtocolClient.requestVote(GrpcServerProtocolClient.java:99)
	at org.apache.ratis.grpc.server.GrpcService.requestVote(GrpcService.java:204)
	at org.apache.ratis.server.impl.LeaderElection.lambda$submitRequests$1(LeaderElection.java:234)
	at java.util.concurrent.FutureTask.run(FutureTask.java:266)
	at java.util.concurrent.Executors$RunnableAdapter.call(Executors.java:511)
	at java.util.concurrent.FutureTask.run(FutureTask.java:266)
	at java.util.concurrent.ThreadPoolExecutor.runWorker(ThreadPoolExecutor.java:1149)
	at java.util.concurrent.ThreadPoolExecutor$Worker.run(ThreadPoolExecutor.java:624)
	... 1 more
Caused by: org.apache.ratis.thirdparty.io.netty.channel.AbstractChannel$AnnotatedConnectException: Connection refused: /192.168.164.233:38729
	at sun.nio.ch.SocketChannelImpl.checkConnect(Native Method)
	at sun.nio.ch.SocketChannelImpl.finishConnect(SocketChannelImpl.java:717)
	at org.apache.ratis.thirdparty.io.netty.channel.socket.nio.NioSocketChannel.doFinishConnect(NioSocketChannel.java:327)
	at org.apache.ratis.thirdparty.io.netty.channel.nio.AbstractNioChannel$AbstractNioUnsafe.finishConnect(AbstractNioChannel.java:340)
	at org.apache.ratis.thirdparty.io.netty.channel.nio.NioEventLoop.processSelectedKey(NioEventLoop.java:632)
	at org.apache.ratis.thirdparty.io.netty.channel.nio.NioEventLoop.processSelectedKeysOptimized(NioEventLoop.java:579)
	at org.apache.ratis.thirdparty.io.netty.channel.nio.NioEventLoop.processSelectedKeys(NioEventLoop.java:496)
	at org.apache.ratis.thirdparty.io.netty.channel.nio.NioEventLoop.run(NioEventLoop.java:458)
	at org.apache.ratis.thirdparty.io.netty.util.concurrent.SingleThreadEventExecutor$5.run(SingleThreadEventExecutor.java:897)
	at org.apache.ratis.thirdparty.io.netty.util.concurrent.FastThreadLocalRunnable.run(FastThreadLocalRunnable.java:30)
	... 1 more
Caused by: java.net.ConnectException: Connection refused
	... 11 more
2019-10-18 14:30:46,222 [java.util.concurrent.ThreadPoolExecutor$Worker@108d80c3[State = -1, empty queue]] WARN  server.GrpcLogAppender (GrpcLogAppender.java:timeoutAppendRequest(209)) - 46c14060-ea78-4b5a-b57c-064e4766b234@group-45DBFE4B8A65->55013cf6-f41f-4339-a52c-06c119893914-GrpcLogAppender: appendEntries Timeout, request=46c14060-ea78-4b5a-b57c-064e4766b234->55013cf6-f41f-4339-a52c-06c119893914#55-t3, previous=(t:3, i:4), leaderCommit=4, initializing? false, entries: <empty>
2019-10-18 14:30:46,222 [java.util.concurrent.ThreadPoolExecutor$Worker@4efed47c[State = -1, empty queue]] WARN  server.GrpcLogAppender (GrpcLogAppender.java:timeoutAppendRequest(209)) - 46c14060-ea78-4b5a-b57c-064e4766b234@group-45DBFE4B8A65->a4757974-e77e-4a1a-a400-c32fe273093a-GrpcLogAppender: appendEntries Timeout, request=46c14060-ea78-4b5a-b57c-064e4766b234->a4757974-e77e-4a1a-a400-c32fe273093a#55-t3, previous=(t:3, i:4), leaderCommit=4, initializing? false, entries: <empty>
2019-10-18 14:30:46,222 [681edbc6-a1fc-42a4-b5ce-4922820de60a@group-FD33B9583E3C-LeaderElection227] INFO  impl.LeaderElection (LeaderElection.java:logAndReturn(56)) - 681edbc6-a1fc-42a4-b5ce-4922820de60a@group-FD33B9583E3C-LeaderElection227: Election REJECTED; received 0 response(s) [] and 2 exception(s); 681edbc6-a1fc-42a4-b5ce-4922820de60a@group-FD33B9583E3C:t227, leader=null, voted=681edbc6-a1fc-42a4-b5ce-4922820de60a, raftlog=681edbc6-a1fc-42a4-b5ce-4922820de60a@group-FD33B9583E3C-SegmentedRaftLog:OPENED:c-1,f-1,i0, conf=-1: [3ee7b367-7b16-44e1-99f8-43aefeda0876:192.168.164.233:46080, 681edbc6-a1fc-42a4-b5ce-4922820de60a:192.168.164.233:44267, 773cce60-eeca-4c1f-a5ec-70084be8b6b9:192.168.164.233:38729], old=null
2019-10-18 14:30:46,223 [681edbc6-a1fc-42a4-b5ce-4922820de60a@group-FD33B9583E3C-LeaderElection227] INFO  impl.LeaderElection (LogUtils.java:infoOrTrace(149)) -   Exception 0: {}
java.util.concurrent.ExecutionException: org.apache.ratis.thirdparty.io.grpc.StatusRuntimeException: UNAVAILABLE: io exception
	at java.util.concurrent.FutureTask.report(FutureTask.java:122)
	at java.util.concurrent.FutureTask.get(FutureTask.java:192)
	at org.apache.ratis.server.impl.LeaderElection.waitForResults(LeaderElection.java:259)
	at org.apache.ratis.server.impl.LeaderElection.askForVotes(LeaderElection.java:197)
	at org.apache.ratis.server.impl.LeaderElection.run(LeaderElection.java:133)
	at java.lang.Thread.run(Thread.java:748)
Caused by: org.apache.ratis.thirdparty.io.grpc.StatusRuntimeException: UNAVAILABLE: io exception
	at org.apache.ratis.thirdparty.io.grpc.stub.ClientCalls.toStatusRuntimeException(ClientCalls.java:233)
	at org.apache.ratis.thirdparty.io.grpc.stub.ClientCalls.getUnchecked(ClientCalls.java:214)
	at org.apache.ratis.thirdparty.io.grpc.stub.ClientCalls.blockingUnaryCall(ClientCalls.java:139)
	at org.apache.ratis.proto.grpc.RaftServerProtocolServiceGrpc$RaftServerProtocolServiceBlockingStub.requestVote(RaftServerProtocolServiceGrpc.java:265)
	at org.apache.ratis.grpc.server.GrpcServerProtocolClient.requestVote(GrpcServerProtocolClient.java:99)
	at org.apache.ratis.grpc.server.GrpcService.requestVote(GrpcService.java:204)
	at org.apache.ratis.server.impl.LeaderElection.lambda$submitRequests$1(LeaderElection.java:234)
	at java.util.concurrent.FutureTask.run(FutureTask.java:266)
	at java.util.concurrent.Executors$RunnableAdapter.call(Executors.java:511)
	at java.util.concurrent.FutureTask.run(FutureTask.java:266)
	at java.util.concurrent.ThreadPoolExecutor.runWorker(ThreadPoolExecutor.java:1149)
	at java.util.concurrent.ThreadPoolExecutor$Worker.run(ThreadPoolExecutor.java:624)
	... 1 more
Caused by: org.apache.ratis.thirdparty.io.netty.channel.AbstractChannel$AnnotatedConnectException: Connection refused: /192.168.164.233:46080
	at sun.nio.ch.SocketChannelImpl.checkConnect(Native Method)
	at sun.nio.ch.SocketChannelImpl.finishConnect(SocketChannelImpl.java:717)
	at org.apache.ratis.thirdparty.io.netty.channel.socket.nio.NioSocketChannel.doFinishConnect(NioSocketChannel.java:327)
	at org.apache.ratis.thirdparty.io.netty.channel.nio.AbstractNioChannel$AbstractNioUnsafe.finishConnect(AbstractNioChannel.java:340)
	at org.apache.ratis.thirdparty.io.netty.channel.nio.NioEventLoop.processSelectedKey(NioEventLoop.java:632)
	at org.apache.ratis.thirdparty.io.netty.channel.nio.NioEventLoop.processSelectedKeysOptimized(NioEventLoop.java:579)
	at org.apache.ratis.thirdparty.io.netty.channel.nio.NioEventLoop.processSelectedKeys(NioEventLoop.java:496)
	at org.apache.ratis.thirdparty.io.netty.channel.nio.NioEventLoop.run(NioEventLoop.java:458)
	at org.apache.ratis.thirdparty.io.netty.util.concurrent.SingleThreadEventExecutor$5.run(SingleThreadEventExecutor.java:897)
	at org.apache.ratis.thirdparty.io.netty.util.concurrent.FastThreadLocalRunnable.run(FastThreadLocalRunnable.java:30)
	... 1 more
Caused by: java.net.ConnectException: Connection refused
	... 11 more
2019-10-18 14:30:46,223 [681edbc6-a1fc-42a4-b5ce-4922820de60a@group-FD33B9583E3C-LeaderElection227] INFO  impl.LeaderElection (LogUtils.java:infoOrTrace(149)) -   Exception 1: {}
java.util.concurrent.ExecutionException: org.apache.ratis.thirdparty.io.grpc.StatusRuntimeException: UNAVAILABLE: io exception
	at java.util.concurrent.FutureTask.report(FutureTask.java:122)
	at java.util.concurrent.FutureTask.get(FutureTask.java:192)
	at org.apache.ratis.server.impl.LeaderElection.waitForResults(LeaderElection.java:259)
	at org.apache.ratis.server.impl.LeaderElection.askForVotes(LeaderElection.java:197)
	at org.apache.ratis.server.impl.LeaderElection.run(LeaderElection.java:133)
	at java.lang.Thread.run(Thread.java:748)
Caused by: org.apache.ratis.thirdparty.io.grpc.StatusRuntimeException: UNAVAILABLE: io exception
	at org.apache.ratis.thirdparty.io.grpc.stub.ClientCalls.toStatusRuntimeException(ClientCalls.java:233)
	at org.apache.ratis.thirdparty.io.grpc.stub.ClientCalls.getUnchecked(ClientCalls.java:214)
	at org.apache.ratis.thirdparty.io.grpc.stub.ClientCalls.blockingUnaryCall(ClientCalls.java:139)
	at org.apache.ratis.proto.grpc.RaftServerProtocolServiceGrpc$RaftServerProtocolServiceBlockingStub.requestVote(RaftServerProtocolServiceGrpc.java:265)
	at org.apache.ratis.grpc.server.GrpcServerProtocolClient.requestVote(GrpcServerProtocolClient.java:99)
	at org.apache.ratis.grpc.server.GrpcService.requestVote(GrpcService.java:204)
	at org.apache.ratis.server.impl.LeaderElection.lambda$submitRequests$1(LeaderElection.java:234)
	at java.util.concurrent.FutureTask.run(FutureTask.java:266)
	at java.util.concurrent.Executors$RunnableAdapter.call(Executors.java:511)
	at java.util.concurrent.FutureTask.run(FutureTask.java:266)
	at java.util.concurrent.ThreadPoolExecutor.runWorker(ThreadPoolExecutor.java:1149)
	at java.util.concurrent.ThreadPoolExecutor$Worker.run(ThreadPoolExecutor.java:624)
	... 1 more
Caused by: org.apache.ratis.thirdparty.io.netty.channel.AbstractChannel$AnnotatedConnectException: Connection refused: /192.168.164.233:38729
	at sun.nio.ch.SocketChannelImpl.checkConnect(Native Method)
	at sun.nio.ch.SocketChannelImpl.finishConnect(SocketChannelImpl.java:717)
	at org.apache.ratis.thirdparty.io.netty.channel.socket.nio.NioSocketChannel.doFinishConnect(NioSocketChannel.java:327)
	at org.apache.ratis.thirdparty.io.netty.channel.nio.AbstractNioChannel$AbstractNioUnsafe.finishConnect(AbstractNioChannel.java:340)
	at org.apache.ratis.thirdparty.io.netty.channel.nio.NioEventLoop.processSelectedKey(NioEventLoop.java:632)
	at org.apache.ratis.thirdparty.io.netty.channel.nio.NioEventLoop.processSelectedKeysOptimized(NioEventLoop.java:579)
	at org.apache.ratis.thirdparty.io.netty.channel.nio.NioEventLoop.processSelectedKeys(NioEventLoop.java:496)
	at org.apache.ratis.thirdparty.io.netty.channel.nio.NioEventLoop.run(NioEventLoop.java:458)
	at org.apache.ratis.thirdparty.io.netty.util.concurrent.SingleThreadEventExecutor$5.run(SingleThreadEventExecutor.java:897)
	at org.apache.ratis.thirdparty.io.netty.util.concurrent.FastThreadLocalRunnable.run(FastThreadLocalRunnable.java:30)
	... 1 more
Caused by: java.net.ConnectException: Connection refused
	... 11 more
2019-10-18 14:30:46,223 [681edbc6-a1fc-42a4-b5ce-4922820de60a@group-FD33B9583E3C-LeaderElection227] INFO  impl.RaftServerImpl (RaftServerImpl.java:setRole(184)) - 681edbc6-a1fc-42a4-b5ce-4922820de60a@group-FD33B9583E3C: changes role from CANDIDATE to FOLLOWER at term 227 for DISCOVERED_A_NEW_TERM
2019-10-18 14:30:46,223 [681edbc6-a1fc-42a4-b5ce-4922820de60a@group-FD33B9583E3C-LeaderElection227] INFO  impl.RoleInfo (RoleInfo.java:shutdownLeaderElection(134)) - 681edbc6-a1fc-42a4-b5ce-4922820de60a: shutdown LeaderElection
2019-10-18 14:30:46,223 [681edbc6-a1fc-42a4-b5ce-4922820de60a@group-FD33B9583E3C-LeaderElection227] INFO  impl.RoleInfo (RoleInfo.java:updateAndGet(143)) - 681edbc6-a1fc-42a4-b5ce-4922820de60a: start FollowerState
2019-10-18 14:30:46,348 [Thread-1892] INFO  impl.FollowerState (FollowerState.java:run(108)) - 681edbc6-a1fc-42a4-b5ce-4922820de60a@group-FD33B9583E3C-FollowerState: change to CANDIDATE, lastRpcTime:125ms, electionTimeout:125ms
2019-10-18 14:30:46,349 [Thread-1892] INFO  impl.RoleInfo (RoleInfo.java:shutdownFollowerState(121)) - 681edbc6-a1fc-42a4-b5ce-4922820de60a: shutdown FollowerState
2019-10-18 14:30:46,349 [Thread-1892] INFO  impl.RaftServerImpl (RaftServerImpl.java:setRole(184)) - 681edbc6-a1fc-42a4-b5ce-4922820de60a@group-FD33B9583E3C: changes role from  FOLLOWER to CANDIDATE at term 227 for changeToCandidate
2019-10-18 14:30:46,349 [Thread-1892] INFO  impl.RoleInfo (RoleInfo.java:updateAndGet(143)) - 681edbc6-a1fc-42a4-b5ce-4922820de60a: start LeaderElection
2019-10-18 14:30:46,362 [681edbc6-a1fc-42a4-b5ce-4922820de60a@group-FD33B9583E3C-LeaderElection228] INFO  impl.LeaderElection (LeaderElection.java:askForVotes(178)) - 681edbc6-a1fc-42a4-b5ce-4922820de60a@group-FD33B9583E3C-LeaderElection228: begin an election at term 228 for -1: [3ee7b367-7b16-44e1-99f8-43aefeda0876:192.168.164.233:46080, 681edbc6-a1fc-42a4-b5ce-4922820de60a:192.168.164.233:44267, 773cce60-eeca-4c1f-a5ec-70084be8b6b9:192.168.164.233:38729], old=null
2019-10-18 14:30:46,363 [681edbc6-a1fc-42a4-b5ce-4922820de60a@group-FD33B9583E3C-LeaderElection228] INFO  impl.LeaderElection (LogUtils.java:infoOrTrace(149)) - 681edbc6-a1fc-42a4-b5ce-4922820de60a@group-FD33B9583E3C-LeaderElection228 got exception when requesting votes: {}
java.util.concurrent.ExecutionException: org.apache.ratis.thirdparty.io.grpc.StatusRuntimeException: UNAVAILABLE: io exception
	at java.util.concurrent.FutureTask.report(FutureTask.java:122)
	at java.util.concurrent.FutureTask.get(FutureTask.java:192)
	at org.apache.ratis.server.impl.LeaderElection.waitForResults(LeaderElection.java:259)
	at org.apache.ratis.server.impl.LeaderElection.askForVotes(LeaderElection.java:197)
	at org.apache.ratis.server.impl.LeaderElection.run(LeaderElection.java:133)
	at java.lang.Thread.run(Thread.java:748)
Caused by: org.apache.ratis.thirdparty.io.grpc.StatusRuntimeException: UNAVAILABLE: io exception
	at org.apache.ratis.thirdparty.io.grpc.stub.ClientCalls.toStatusRuntimeException(ClientCalls.java:233)
	at org.apache.ratis.thirdparty.io.grpc.stub.ClientCalls.getUnchecked(ClientCalls.java:214)
	at org.apache.ratis.thirdparty.io.grpc.stub.ClientCalls.blockingUnaryCall(ClientCalls.java:139)
	at org.apache.ratis.proto.grpc.RaftServerProtocolServiceGrpc$RaftServerProtocolServiceBlockingStub.requestVote(RaftServerProtocolServiceGrpc.java:265)
	at org.apache.ratis.grpc.server.GrpcServerProtocolClient.requestVote(GrpcServerProtocolClient.java:99)
	at org.apache.ratis.grpc.server.GrpcService.requestVote(GrpcService.java:204)
	at org.apache.ratis.server.impl.LeaderElection.lambda$submitRequests$1(LeaderElection.java:234)
	at java.util.concurrent.FutureTask.run(FutureTask.java:266)
	at java.util.concurrent.Executors$RunnableAdapter.call(Executors.java:511)
	at java.util.concurrent.FutureTask.run(FutureTask.java:266)
	at java.util.concurrent.ThreadPoolExecutor.runWorker(ThreadPoolExecutor.java:1149)
	at java.util.concurrent.ThreadPoolExecutor$Worker.run(ThreadPoolExecutor.java:624)
	... 1 more
Caused by: org.apache.ratis.thirdparty.io.netty.channel.AbstractChannel$AnnotatedConnectException: Connection refused: /192.168.164.233:46080
	at sun.nio.ch.SocketChannelImpl.checkConnect(Native Method)
	at sun.nio.ch.SocketChannelImpl.finishConnect(SocketChannelImpl.java:717)
	at org.apache.ratis.thirdparty.io.netty.channel.socket.nio.NioSocketChannel.doFinishConnect(NioSocketChannel.java:327)
	at org.apache.ratis.thirdparty.io.netty.channel.nio.AbstractNioChannel$AbstractNioUnsafe.finishConnect(AbstractNioChannel.java:340)
	at org.apache.ratis.thirdparty.io.netty.channel.nio.NioEventLoop.processSelectedKey(NioEventLoop.java:632)
	at org.apache.ratis.thirdparty.io.netty.channel.nio.NioEventLoop.processSelectedKeysOptimized(NioEventLoop.java:579)
	at org.apache.ratis.thirdparty.io.netty.channel.nio.NioEventLoop.processSelectedKeys(NioEventLoop.java:496)
	at org.apache.ratis.thirdparty.io.netty.channel.nio.NioEventLoop.run(NioEventLoop.java:458)
	at org.apache.ratis.thirdparty.io.netty.util.concurrent.SingleThreadEventExecutor$5.run(SingleThreadEventExecutor.java:897)
	at org.apache.ratis.thirdparty.io.netty.util.concurrent.FastThreadLocalRunnable.run(FastThreadLocalRunnable.java:30)
	... 1 more
Caused by: java.net.ConnectException: Connection refused
	... 11 more
2019-10-18 14:30:46,363 [681edbc6-a1fc-42a4-b5ce-4922820de60a@group-FD33B9583E3C-LeaderElection228] INFO  impl.LeaderElection (LogUtils.java:infoOrTrace(149)) - 681edbc6-a1fc-42a4-b5ce-4922820de60a@group-FD33B9583E3C-LeaderElection228 got exception when requesting votes: {}
java.util.concurrent.ExecutionException: org.apache.ratis.thirdparty.io.grpc.StatusRuntimeException: UNAVAILABLE: io exception
	at java.util.concurrent.FutureTask.report(FutureTask.java:122)
	at java.util.concurrent.FutureTask.get(FutureTask.java:192)
	at org.apache.ratis.server.impl.LeaderElection.waitForResults(LeaderElection.java:259)
	at org.apache.ratis.server.impl.LeaderElection.askForVotes(LeaderElection.java:197)
	at org.apache.ratis.server.impl.LeaderElection.run(LeaderElection.java:133)
	at java.lang.Thread.run(Thread.java:748)
Caused by: org.apache.ratis.thirdparty.io.grpc.StatusRuntimeException: UNAVAILABLE: io exception
	at org.apache.ratis.thirdparty.io.grpc.stub.ClientCalls.toStatusRuntimeException(ClientCalls.java:233)
	at org.apache.ratis.thirdparty.io.grpc.stub.ClientCalls.getUnchecked(ClientCalls.java:214)
	at org.apache.ratis.thirdparty.io.grpc.stub.ClientCalls.blockingUnaryCall(ClientCalls.java:139)
	at org.apache.ratis.proto.grpc.RaftServerProtocolServiceGrpc$RaftServerProtocolServiceBlockingStub.requestVote(RaftServerProtocolServiceGrpc.java:265)
	at org.apache.ratis.grpc.server.GrpcServerProtocolClient.requestVote(GrpcServerProtocolClient.java:99)
	at org.apache.ratis.grpc.server.GrpcService.requestVote(GrpcService.java:204)
	at org.apache.ratis.server.impl.LeaderElection.lambda$submitRequests$1(LeaderElection.java:234)
	at java.util.concurrent.FutureTask.run(FutureTask.java:266)
	at java.util.concurrent.Executors$RunnableAdapter.call(Executors.java:511)
	at java.util.concurrent.FutureTask.run(FutureTask.java:266)
	at java.util.concurrent.ThreadPoolExecutor.runWorker(ThreadPoolExecutor.java:1149)
	at java.util.concurrent.ThreadPoolExecutor$Worker.run(ThreadPoolExecutor.java:624)
	... 1 more
Caused by: org.apache.ratis.thirdparty.io.netty.channel.AbstractChannel$AnnotatedConnectException: Connection refused: /192.168.164.233:38729
	at sun.nio.ch.SocketChannelImpl.checkConnect(Native Method)
	at sun.nio.ch.SocketChannelImpl.finishConnect(SocketChannelImpl.java:717)
	at org.apache.ratis.thirdparty.io.netty.channel.socket.nio.NioSocketChannel.doFinishConnect(NioSocketChannel.java:327)
	at org.apache.ratis.thirdparty.io.netty.channel.nio.AbstractNioChannel$AbstractNioUnsafe.finishConnect(AbstractNioChannel.java:340)
	at org.apache.ratis.thirdparty.io.netty.channel.nio.NioEventLoop.processSelectedKey(NioEventLoop.java:632)
	at org.apache.ratis.thirdparty.io.netty.channel.nio.NioEventLoop.processSelectedKeysOptimized(NioEventLoop.java:579)
	at org.apache.ratis.thirdparty.io.netty.channel.nio.NioEventLoop.processSelectedKeys(NioEventLoop.java:496)
	at org.apache.ratis.thirdparty.io.netty.channel.nio.NioEventLoop.run(NioEventLoop.java:458)
	at org.apache.ratis.thirdparty.io.netty.util.concurrent.SingleThreadEventExecutor$5.run(SingleThreadEventExecutor.java:897)
	at org.apache.ratis.thirdparty.io.netty.util.concurrent.FastThreadLocalRunnable.run(FastThreadLocalRunnable.java:30)
	... 1 more
Caused by: java.net.ConnectException: Connection refused
	... 11 more
2019-10-18 14:30:46,364 [681edbc6-a1fc-42a4-b5ce-4922820de60a@group-FD33B9583E3C-LeaderElection228] INFO  impl.LeaderElection (LeaderElection.java:logAndReturn(56)) - 681edbc6-a1fc-42a4-b5ce-4922820de60a@group-FD33B9583E3C-LeaderElection228: Election REJECTED; received 0 response(s) [] and 2 exception(s); 681edbc6-a1fc-42a4-b5ce-4922820de60a@group-FD33B9583E3C:t228, leader=null, voted=681edbc6-a1fc-42a4-b5ce-4922820de60a, raftlog=681edbc6-a1fc-42a4-b5ce-4922820de60a@group-FD33B9583E3C-SegmentedRaftLog:OPENED:c-1,f-1,i0, conf=-1: [3ee7b367-7b16-44e1-99f8-43aefeda0876:192.168.164.233:46080, 681edbc6-a1fc-42a4-b5ce-4922820de60a:192.168.164.233:44267, 773cce60-eeca-4c1f-a5ec-70084be8b6b9:192.168.164.233:38729], old=null
2019-10-18 14:30:46,364 [681edbc6-a1fc-42a4-b5ce-4922820de60a@group-FD33B9583E3C-LeaderElection228] INFO  impl.LeaderElection (LogUtils.java:infoOrTrace(149)) -   Exception 0: {}
java.util.concurrent.ExecutionException: org.apache.ratis.thirdparty.io.grpc.StatusRuntimeException: UNAVAILABLE: io exception
	at java.util.concurrent.FutureTask.report(FutureTask.java:122)
	at java.util.concurrent.FutureTask.get(FutureTask.java:192)
	at org.apache.ratis.server.impl.LeaderElection.waitForResults(LeaderElection.java:259)
	at org.apache.ratis.server.impl.LeaderElection.askForVotes(LeaderElection.java:197)
	at org.apache.ratis.server.impl.LeaderElection.run(LeaderElection.java:133)
	at java.lang.Thread.run(Thread.java:748)
Caused by: org.apache.ratis.thirdparty.io.grpc.StatusRuntimeException: UNAVAILABLE: io exception
	at org.apache.ratis.thirdparty.io.grpc.stub.ClientCalls.toStatusRuntimeException(ClientCalls.java:233)
	at org.apache.ratis.thirdparty.io.grpc.stub.ClientCalls.getUnchecked(ClientCalls.java:214)
	at org.apache.ratis.thirdparty.io.grpc.stub.ClientCalls.blockingUnaryCall(ClientCalls.java:139)
	at org.apache.ratis.proto.grpc.RaftServerProtocolServiceGrpc$RaftServerProtocolServiceBlockingStub.requestVote(RaftServerProtocolServiceGrpc.java:265)
	at org.apache.ratis.grpc.server.GrpcServerProtocolClient.requestVote(GrpcServerProtocolClient.java:99)
	at org.apache.ratis.grpc.server.GrpcService.requestVote(GrpcService.java:204)
	at org.apache.ratis.server.impl.LeaderElection.lambda$submitRequests$1(LeaderElection.java:234)
	at java.util.concurrent.FutureTask.run(FutureTask.java:266)
	at java.util.concurrent.Executors$RunnableAdapter.call(Executors.java:511)
	at java.util.concurrent.FutureTask.run(FutureTask.java:266)
	at java.util.concurrent.ThreadPoolExecutor.runWorker(ThreadPoolExecutor.java:1149)
	at java.util.concurrent.ThreadPoolExecutor$Worker.run(ThreadPoolExecutor.java:624)
	... 1 more
Caused by: org.apache.ratis.thirdparty.io.netty.channel.AbstractChannel$AnnotatedConnectException: Connection refused: /192.168.164.233:46080
	at sun.nio.ch.SocketChannelImpl.checkConnect(Native Method)
	at sun.nio.ch.SocketChannelImpl.finishConnect(SocketChannelImpl.java:717)
	at org.apache.ratis.thirdparty.io.netty.channel.socket.nio.NioSocketChannel.doFinishConnect(NioSocketChannel.java:327)
	at org.apache.ratis.thirdparty.io.netty.channel.nio.AbstractNioChannel$AbstractNioUnsafe.finishConnect(AbstractNioChannel.java:340)
	at org.apache.ratis.thirdparty.io.netty.channel.nio.NioEventLoop.processSelectedKey(NioEventLoop.java:632)
	at org.apache.ratis.thirdparty.io.netty.channel.nio.NioEventLoop.processSelectedKeysOptimized(NioEventLoop.java:579)
	at org.apache.ratis.thirdparty.io.netty.channel.nio.NioEventLoop.processSelectedKeys(NioEventLoop.java:496)
	at org.apache.ratis.thirdparty.io.netty.channel.nio.NioEventLoop.run(NioEventLoop.java:458)
	at org.apache.ratis.thirdparty.io.netty.util.concurrent.SingleThreadEventExecutor$5.run(SingleThreadEventExecutor.java:897)
	at org.apache.ratis.thirdparty.io.netty.util.concurrent.FastThreadLocalRunnable.run(FastThreadLocalRunnable.java:30)
	... 1 more
Caused by: java.net.ConnectException: Connection refused
	... 11 more
2019-10-18 14:30:46,364 [681edbc6-a1fc-42a4-b5ce-4922820de60a@group-FD33B9583E3C-LeaderElection228] INFO  impl.LeaderElection (LogUtils.java:infoOrTrace(149)) -   Exception 1: {}
java.util.concurrent.ExecutionException: org.apache.ratis.thirdparty.io.grpc.StatusRuntimeException: UNAVAILABLE: io exception
	at java.util.concurrent.FutureTask.report(FutureTask.java:122)
	at java.util.concurrent.FutureTask.get(FutureTask.java:192)
	at org.apache.ratis.server.impl.LeaderElection.waitForResults(LeaderElection.java:259)
	at org.apache.ratis.server.impl.LeaderElection.askForVotes(LeaderElection.java:197)
	at org.apache.ratis.server.impl.LeaderElection.run(LeaderElection.java:133)
	at java.lang.Thread.run(Thread.java:748)
Caused by: org.apache.ratis.thirdparty.io.grpc.StatusRuntimeException: UNAVAILABLE: io exception
	at org.apache.ratis.thirdparty.io.grpc.stub.ClientCalls.toStatusRuntimeException(ClientCalls.java:233)
	at org.apache.ratis.thirdparty.io.grpc.stub.ClientCalls.getUnchecked(ClientCalls.java:214)
	at org.apache.ratis.thirdparty.io.grpc.stub.ClientCalls.blockingUnaryCall(ClientCalls.java:139)
	at org.apache.ratis.proto.grpc.RaftServerProtocolServiceGrpc$RaftServerProtocolServiceBlockingStub.requestVote(RaftServerProtocolServiceGrpc.java:265)
	at org.apache.ratis.grpc.server.GrpcServerProtocolClient.requestVote(GrpcServerProtocolClient.java:99)
	at org.apache.ratis.grpc.server.GrpcService.requestVote(GrpcService.java:204)
	at org.apache.ratis.server.impl.LeaderElection.lambda$submitRequests$1(LeaderElection.java:234)
	at java.util.concurrent.FutureTask.run(FutureTask.java:266)
	at java.util.concurrent.Executors$RunnableAdapter.call(Executors.java:511)
	at java.util.concurrent.FutureTask.run(FutureTask.java:266)
	at java.util.concurrent.ThreadPoolExecutor.runWorker(ThreadPoolExecutor.java:1149)
	at java.util.concurrent.ThreadPoolExecutor$Worker.run(ThreadPoolExecutor.java:624)
	... 1 more
Caused by: org.apache.ratis.thirdparty.io.netty.channel.AbstractChannel$AnnotatedConnectException: Connection refused: /192.168.164.233:38729
	at sun.nio.ch.SocketChannelImpl.checkConnect(Native Method)
	at sun.nio.ch.SocketChannelImpl.finishConnect(SocketChannelImpl.java:717)
	at org.apache.ratis.thirdparty.io.netty.channel.socket.nio.NioSocketChannel.doFinishConnect(NioSocketChannel.java:327)
	at org.apache.ratis.thirdparty.io.netty.channel.nio.AbstractNioChannel$AbstractNioUnsafe.finishConnect(AbstractNioChannel.java:340)
	at org.apache.ratis.thirdparty.io.netty.channel.nio.NioEventLoop.processSelectedKey(NioEventLoop.java:632)
	at org.apache.ratis.thirdparty.io.netty.channel.nio.NioEventLoop.processSelectedKeysOptimized(NioEventLoop.java:579)
	at org.apache.ratis.thirdparty.io.netty.channel.nio.NioEventLoop.processSelectedKeys(NioEventLoop.java:496)
	at org.apache.ratis.thirdparty.io.netty.channel.nio.NioEventLoop.run(NioEventLoop.java:458)
	at org.apache.ratis.thirdparty.io.netty.util.concurrent.SingleThreadEventExecutor$5.run(SingleThreadEventExecutor.java:897)
	at org.apache.ratis.thirdparty.io.netty.util.concurrent.FastThreadLocalRunnable.run(FastThreadLocalRunnable.java:30)
	... 1 more
Caused by: java.net.ConnectException: Connection refused
	... 11 more
2019-10-18 14:30:46,364 [681edbc6-a1fc-42a4-b5ce-4922820de60a@group-FD33B9583E3C-LeaderElection228] INFO  impl.RaftServerImpl (RaftServerImpl.java:setRole(184)) - 681edbc6-a1fc-42a4-b5ce-4922820de60a@group-FD33B9583E3C: changes role from CANDIDATE to FOLLOWER at term 228 for DISCOVERED_A_NEW_TERM
2019-10-18 14:30:46,365 [681edbc6-a1fc-42a4-b5ce-4922820de60a@group-FD33B9583E3C-LeaderElection228] INFO  impl.RoleInfo (RoleInfo.java:shutdownLeaderElection(134)) - 681edbc6-a1fc-42a4-b5ce-4922820de60a: shutdown LeaderElection
2019-10-18 14:30:46,365 [681edbc6-a1fc-42a4-b5ce-4922820de60a@group-FD33B9583E3C-LeaderElection228] INFO  impl.RoleInfo (RoleInfo.java:updateAndGet(143)) - 681edbc6-a1fc-42a4-b5ce-4922820de60a: start FollowerState
2019-10-18 14:30:46,417 [Thread-1898] INFO  impl.FollowerState (FollowerState.java:run(108)) - 681edbc6-a1fc-42a4-b5ce-4922820de60a@group-FD33B9583E3C-FollowerState: change to CANDIDATE, lastRpcTime:52ms, electionTimeout:52ms
2019-10-18 14:30:46,417 [Thread-1898] INFO  impl.RoleInfo (RoleInfo.java:shutdownFollowerState(121)) - 681edbc6-a1fc-42a4-b5ce-4922820de60a: shutdown FollowerState
2019-10-18 14:30:46,417 [Thread-1898] INFO  impl.RaftServerImpl (RaftServerImpl.java:setRole(184)) - 681edbc6-a1fc-42a4-b5ce-4922820de60a@group-FD33B9583E3C: changes role from  FOLLOWER to CANDIDATE at term 228 for changeToCandidate
2019-10-18 14:30:46,417 [Thread-1898] INFO  impl.RoleInfo (RoleInfo.java:updateAndGet(143)) - 681edbc6-a1fc-42a4-b5ce-4922820de60a: start LeaderElection
2019-10-18 14:30:46,430 [681edbc6-a1fc-42a4-b5ce-4922820de60a@group-FD33B9583E3C-LeaderElection229] INFO  impl.LeaderElection (LeaderElection.java:askForVotes(178)) - 681edbc6-a1fc-42a4-b5ce-4922820de60a@group-FD33B9583E3C-LeaderElection229: begin an election at term 229 for -1: [3ee7b367-7b16-44e1-99f8-43aefeda0876:192.168.164.233:46080, 681edbc6-a1fc-42a4-b5ce-4922820de60a:192.168.164.233:44267, 773cce60-eeca-4c1f-a5ec-70084be8b6b9:192.168.164.233:38729], old=null
2019-10-18 14:30:46,431 [681edbc6-a1fc-42a4-b5ce-4922820de60a@group-FD33B9583E3C-LeaderElection229] INFO  impl.LeaderElection (LogUtils.java:infoOrTrace(149)) - 681edbc6-a1fc-42a4-b5ce-4922820de60a@group-FD33B9583E3C-LeaderElection229 got exception when requesting votes: {}
java.util.concurrent.ExecutionException: org.apache.ratis.thirdparty.io.grpc.StatusRuntimeException: UNAVAILABLE: io exception
	at java.util.concurrent.FutureTask.report(FutureTask.java:122)
	at java.util.concurrent.FutureTask.get(FutureTask.java:192)
	at org.apache.ratis.server.impl.LeaderElection.waitForResults(LeaderElection.java:259)
	at org.apache.ratis.server.impl.LeaderElection.askForVotes(LeaderElection.java:197)
	at org.apache.ratis.server.impl.LeaderElection.run(LeaderElection.java:133)
	at java.lang.Thread.run(Thread.java:748)
Caused by: org.apache.ratis.thirdparty.io.grpc.StatusRuntimeException: UNAVAILABLE: io exception
	at org.apache.ratis.thirdparty.io.grpc.stub.ClientCalls.toStatusRuntimeException(ClientCalls.java:233)
	at org.apache.ratis.thirdparty.io.grpc.stub.ClientCalls.getUnchecked(ClientCalls.java:214)
	at org.apache.ratis.thirdparty.io.grpc.stub.ClientCalls.blockingUnaryCall(ClientCalls.java:139)
	at org.apache.ratis.proto.grpc.RaftServerProtocolServiceGrpc$RaftServerProtocolServiceBlockingStub.requestVote(RaftServerProtocolServiceGrpc.java:265)
	at org.apache.ratis.grpc.server.GrpcServerProtocolClient.requestVote(GrpcServerProtocolClient.java:99)
	at org.apache.ratis.grpc.server.GrpcService.requestVote(GrpcService.java:204)
	at org.apache.ratis.server.impl.LeaderElection.lambda$submitRequests$1(LeaderElection.java:234)
	at java.util.concurrent.FutureTask.run(FutureTask.java:266)
	at java.util.concurrent.Executors$RunnableAdapter.call(Executors.java:511)
	at java.util.concurrent.FutureTask.run(FutureTask.java:266)
	at java.util.concurrent.ThreadPoolExecutor.runWorker(ThreadPoolExecutor.java:1149)
	at java.util.concurrent.ThreadPoolExecutor$Worker.run(ThreadPoolExecutor.java:624)
	... 1 more
Caused by: org.apache.ratis.thirdparty.io.netty.channel.AbstractChannel$AnnotatedConnectException: Connection refused: /192.168.164.233:38729
	at sun.nio.ch.SocketChannelImpl.checkConnect(Native Method)
	at sun.nio.ch.SocketChannelImpl.finishConnect(SocketChannelImpl.java:717)
	at org.apache.ratis.thirdparty.io.netty.channel.socket.nio.NioSocketChannel.doFinishConnect(NioSocketChannel.java:327)
	at org.apache.ratis.thirdparty.io.netty.channel.nio.AbstractNioChannel$AbstractNioUnsafe.finishConnect(AbstractNioChannel.java:340)
	at org.apache.ratis.thirdparty.io.netty.channel.nio.NioEventLoop.processSelectedKey(NioEventLoop.java:632)
	at org.apache.ratis.thirdparty.io.netty.channel.nio.NioEventLoop.processSelectedKeysOptimized(NioEventLoop.java:579)
	at org.apache.ratis.thirdparty.io.netty.channel.nio.NioEventLoop.processSelectedKeys(NioEventLoop.java:496)
	at org.apache.ratis.thirdparty.io.netty.channel.nio.NioEventLoop.run(NioEventLoop.java:458)
	at org.apache.ratis.thirdparty.io.netty.util.concurrent.SingleThreadEventExecutor$5.run(SingleThreadEventExecutor.java:897)
	at org.apache.ratis.thirdparty.io.netty.util.concurrent.FastThreadLocalRunnable.run(FastThreadLocalRunnable.java:30)
	... 1 more
Caused by: java.net.ConnectException: Connection refused
	... 11 more
2019-10-18 14:30:46,431 [681edbc6-a1fc-42a4-b5ce-4922820de60a@group-FD33B9583E3C-LeaderElection229] INFO  impl.LeaderElection (LogUtils.java:infoOrTrace(149)) - 681edbc6-a1fc-42a4-b5ce-4922820de60a@group-FD33B9583E3C-LeaderElection229 got exception when requesting votes: {}
java.util.concurrent.ExecutionException: org.apache.ratis.thirdparty.io.grpc.StatusRuntimeException: UNAVAILABLE: io exception
	at java.util.concurrent.FutureTask.report(FutureTask.java:122)
	at java.util.concurrent.FutureTask.get(FutureTask.java:192)
	at org.apache.ratis.server.impl.LeaderElection.waitForResults(LeaderElection.java:259)
	at org.apache.ratis.server.impl.LeaderElection.askForVotes(LeaderElection.java:197)
	at org.apache.ratis.server.impl.LeaderElection.run(LeaderElection.java:133)
	at java.lang.Thread.run(Thread.java:748)
Caused by: org.apache.ratis.thirdparty.io.grpc.StatusRuntimeException: UNAVAILABLE: io exception
	at org.apache.ratis.thirdparty.io.grpc.stub.ClientCalls.toStatusRuntimeException(ClientCalls.java:233)
	at org.apache.ratis.thirdparty.io.grpc.stub.ClientCalls.getUnchecked(ClientCalls.java:214)
	at org.apache.ratis.thirdparty.io.grpc.stub.ClientCalls.blockingUnaryCall(ClientCalls.java:139)
	at org.apache.ratis.proto.grpc.RaftServerProtocolServiceGrpc$RaftServerProtocolServiceBlockingStub.requestVote(RaftServerProtocolServiceGrpc.java:265)
	at org.apache.ratis.grpc.server.GrpcServerProtocolClient.requestVote(GrpcServerProtocolClient.java:99)
	at org.apache.ratis.grpc.server.GrpcService.requestVote(GrpcService.java:204)
	at org.apache.ratis.server.impl.LeaderElection.lambda$submitRequests$1(LeaderElection.java:234)
	at java.util.concurrent.FutureTask.run(FutureTask.java:266)
	at java.util.concurrent.Executors$RunnableAdapter.call(Executors.java:511)
	at java.util.concurrent.FutureTask.run(FutureTask.java:266)
	at java.util.concurrent.ThreadPoolExecutor.runWorker(ThreadPoolExecutor.java:1149)
	at java.util.concurrent.ThreadPoolExecutor$Worker.run(ThreadPoolExecutor.java:624)
	... 1 more
Caused by: org.apache.ratis.thirdparty.io.netty.channel.AbstractChannel$AnnotatedConnectException: Connection refused: /192.168.164.233:46080
	at sun.nio.ch.SocketChannelImpl.checkConnect(Native Method)
	at sun.nio.ch.SocketChannelImpl.finishConnect(SocketChannelImpl.java:717)
	at org.apache.ratis.thirdparty.io.netty.channel.socket.nio.NioSocketChannel.doFinishConnect(NioSocketChannel.java:327)
	at org.apache.ratis.thirdparty.io.netty.channel.nio.AbstractNioChannel$AbstractNioUnsafe.finishConnect(AbstractNioChannel.java:340)
	at org.apache.ratis.thirdparty.io.netty.channel.nio.NioEventLoop.processSelectedKey(NioEventLoop.java:632)
	at org.apache.ratis.thirdparty.io.netty.channel.nio.NioEventLoop.processSelectedKeysOptimized(NioEventLoop.java:579)
	at org.apache.ratis.thirdparty.io.netty.channel.nio.NioEventLoop.processSelectedKeys(NioEventLoop.java:496)
	at org.apache.ratis.thirdparty.io.netty.channel.nio.NioEventLoop.run(NioEventLoop.java:458)
	at org.apache.ratis.thirdparty.io.netty.util.concurrent.SingleThreadEventExecutor$5.run(SingleThreadEventExecutor.java:897)
	at org.apache.ratis.thirdparty.io.netty.util.concurrent.FastThreadLocalRunnable.run(FastThreadLocalRunnable.java:30)
	... 1 more
Caused by: java.net.ConnectException: Connection refused
	... 11 more
2019-10-18 14:30:46,431 [681edbc6-a1fc-42a4-b5ce-4922820de60a@group-FD33B9583E3C-LeaderElection229] INFO  impl.LeaderElection (LeaderElection.java:logAndReturn(56)) - 681edbc6-a1fc-42a4-b5ce-4922820de60a@group-FD33B9583E3C-LeaderElection229: Election REJECTED; received 0 response(s) [] and 2 exception(s); 681edbc6-a1fc-42a4-b5ce-4922820de60a@group-FD33B9583E3C:t229, leader=null, voted=681edbc6-a1fc-42a4-b5ce-4922820de60a, raftlog=681edbc6-a1fc-42a4-b5ce-4922820de60a@group-FD33B9583E3C-SegmentedRaftLog:OPENED:c-1,f-1,i0, conf=-1: [3ee7b367-7b16-44e1-99f8-43aefeda0876:192.168.164.233:46080, 681edbc6-a1fc-42a4-b5ce-4922820de60a:192.168.164.233:44267, 773cce60-eeca-4c1f-a5ec-70084be8b6b9:192.168.164.233:38729], old=null
2019-10-18 14:30:46,431 [681edbc6-a1fc-42a4-b5ce-4922820de60a@group-FD33B9583E3C-LeaderElection229] INFO  impl.LeaderElection (LogUtils.java:infoOrTrace(149)) -   Exception 0: {}
java.util.concurrent.ExecutionException: org.apache.ratis.thirdparty.io.grpc.StatusRuntimeException: UNAVAILABLE: io exception
	at java.util.concurrent.FutureTask.report(FutureTask.java:122)
	at java.util.concurrent.FutureTask.get(FutureTask.java:192)
	at org.apache.ratis.server.impl.LeaderElection.waitForResults(LeaderElection.java:259)
	at org.apache.ratis.server.impl.LeaderElection.askForVotes(LeaderElection.java:197)
	at org.apache.ratis.server.impl.LeaderElection.run(LeaderElection.java:133)
	at java.lang.Thread.run(Thread.java:748)
Caused by: org.apache.ratis.thirdparty.io.grpc.StatusRuntimeException: UNAVAILABLE: io exception
	at org.apache.ratis.thirdparty.io.grpc.stub.ClientCalls.toStatusRuntimeException(ClientCalls.java:233)
	at org.apache.ratis.thirdparty.io.grpc.stub.ClientCalls.getUnchecked(ClientCalls.java:214)
	at org.apache.ratis.thirdparty.io.grpc.stub.ClientCalls.blockingUnaryCall(ClientCalls.java:139)
	at org.apache.ratis.proto.grpc.RaftServerProtocolServiceGrpc$RaftServerProtocolServiceBlockingStub.requestVote(RaftServerProtocolServiceGrpc.java:265)
	at org.apache.ratis.grpc.server.GrpcServerProtocolClient.requestVote(GrpcServerProtocolClient.java:99)
	at org.apache.ratis.grpc.server.GrpcService.requestVote(GrpcService.java:204)
	at org.apache.ratis.server.impl.LeaderElection.lambda$submitRequests$1(LeaderElection.java:234)
	at java.util.concurrent.FutureTask.run(FutureTask.java:266)
	at java.util.concurrent.Executors$RunnableAdapter.call(Executors.java:511)
	at java.util.concurrent.FutureTask.run(FutureTask.java:266)
	at java.util.concurrent.ThreadPoolExecutor.runWorker(ThreadPoolExecutor.java:1149)
	at java.util.concurrent.ThreadPoolExecutor$Worker.run(ThreadPoolExecutor.java:624)
	... 1 more
Caused by: org.apache.ratis.thirdparty.io.netty.channel.AbstractChannel$AnnotatedConnectException: Connection refused: /192.168.164.233:38729
	at sun.nio.ch.SocketChannelImpl.checkConnect(Native Method)
	at sun.nio.ch.SocketChannelImpl.finishConnect(SocketChannelImpl.java:717)
	at org.apache.ratis.thirdparty.io.netty.channel.socket.nio.NioSocketChannel.doFinishConnect(NioSocketChannel.java:327)
	at org.apache.ratis.thirdparty.io.netty.channel.nio.AbstractNioChannel$AbstractNioUnsafe.finishConnect(AbstractNioChannel.java:340)
	at org.apache.ratis.thirdparty.io.netty.channel.nio.NioEventLoop.processSelectedKey(NioEventLoop.java:632)
	at org.apache.ratis.thirdparty.io.netty.channel.nio.NioEventLoop.processSelectedKeysOptimized(NioEventLoop.java:579)
	at org.apache.ratis.thirdparty.io.netty.channel.nio.NioEventLoop.processSelectedKeys(NioEventLoop.java:496)
	at org.apache.ratis.thirdparty.io.netty.channel.nio.NioEventLoop.run(NioEventLoop.java:458)
	at org.apache.ratis.thirdparty.io.netty.util.concurrent.SingleThreadEventExecutor$5.run(SingleThreadEventExecutor.java:897)
	at org.apache.ratis.thirdparty.io.netty.util.concurrent.FastThreadLocalRunnable.run(FastThreadLocalRunnable.java:30)
	... 1 more
Caused by: java.net.ConnectException: Connection refused
	... 11 more
2019-10-18 14:30:46,432 [681edbc6-a1fc-42a4-b5ce-4922820de60a@group-FD33B9583E3C-LeaderElection229] INFO  impl.LeaderElection (LogUtils.java:infoOrTrace(149)) -   Exception 1: {}
java.util.concurrent.ExecutionException: org.apache.ratis.thirdparty.io.grpc.StatusRuntimeException: UNAVAILABLE: io exception
	at java.util.concurrent.FutureTask.report(FutureTask.java:122)
	at java.util.concurrent.FutureTask.get(FutureTask.java:192)
	at org.apache.ratis.server.impl.LeaderElection.waitForResults(LeaderElection.java:259)
	at org.apache.ratis.server.impl.LeaderElection.askForVotes(LeaderElection.java:197)
	at org.apache.ratis.server.impl.LeaderElection.run(LeaderElection.java:133)
	at java.lang.Thread.run(Thread.java:748)
Caused by: org.apache.ratis.thirdparty.io.grpc.StatusRuntimeException: UNAVAILABLE: io exception
	at org.apache.ratis.thirdparty.io.grpc.stub.ClientCalls.toStatusRuntimeException(ClientCalls.java:233)
	at org.apache.ratis.thirdparty.io.grpc.stub.ClientCalls.getUnchecked(ClientCalls.java:214)
	at org.apache.ratis.thirdparty.io.grpc.stub.ClientCalls.blockingUnaryCall(ClientCalls.java:139)
	at org.apache.ratis.proto.grpc.RaftServerProtocolServiceGrpc$RaftServerProtocolServiceBlockingStub.requestVote(RaftServerProtocolServiceGrpc.java:265)
	at org.apache.ratis.grpc.server.GrpcServerProtocolClient.requestVote(GrpcServerProtocolClient.java:99)
	at org.apache.ratis.grpc.server.GrpcService.requestVote(GrpcService.java:204)
	at org.apache.ratis.server.impl.LeaderElection.lambda$submitRequests$1(LeaderElection.java:234)
	at java.util.concurrent.FutureTask.run(FutureTask.java:266)
	at java.util.concurrent.Executors$RunnableAdapter.call(Executors.java:511)
	at java.util.concurrent.FutureTask.run(FutureTask.java:266)
	at java.util.concurrent.ThreadPoolExecutor.runWorker(ThreadPoolExecutor.java:1149)
	at java.util.concurrent.ThreadPoolExecutor$Worker.run(ThreadPoolExecutor.java:624)
	... 1 more
Caused by: org.apache.ratis.thirdparty.io.netty.channel.AbstractChannel$AnnotatedConnectException: Connection refused: /192.168.164.233:46080
	at sun.nio.ch.SocketChannelImpl.checkConnect(Native Method)
	at sun.nio.ch.SocketChannelImpl.finishConnect(SocketChannelImpl.java:717)
	at org.apache.ratis.thirdparty.io.netty.channel.socket.nio.NioSocketChannel.doFinishConnect(NioSocketChannel.java:327)
	at org.apache.ratis.thirdparty.io.netty.channel.nio.AbstractNioChannel$AbstractNioUnsafe.finishConnect(AbstractNioChannel.java:340)
	at org.apache.ratis.thirdparty.io.netty.channel.nio.NioEventLoop.processSelectedKey(NioEventLoop.java:632)
	at org.apache.ratis.thirdparty.io.netty.channel.nio.NioEventLoop.processSelectedKeysOptimized(NioEventLoop.java:579)
	at org.apache.ratis.thirdparty.io.netty.channel.nio.NioEventLoop.processSelectedKeys(NioEventLoop.java:496)
	at org.apache.ratis.thirdparty.io.netty.channel.nio.NioEventLoop.run(NioEventLoop.java:458)
	at org.apache.ratis.thirdparty.io.netty.util.concurrent.SingleThreadEventExecutor$5.run(SingleThreadEventExecutor.java:897)
	at org.apache.ratis.thirdparty.io.netty.util.concurrent.FastThreadLocalRunnable.run(FastThreadLocalRunnable.java:30)
	... 1 more
Caused by: java.net.ConnectException: Connection refused
	... 11 more
2019-10-18 14:30:46,432 [681edbc6-a1fc-42a4-b5ce-4922820de60a@group-FD33B9583E3C-LeaderElection229] INFO  impl.RaftServerImpl (RaftServerImpl.java:setRole(184)) - 681edbc6-a1fc-42a4-b5ce-4922820de60a@group-FD33B9583E3C: changes role from CANDIDATE to FOLLOWER at term 229 for DISCOVERED_A_NEW_TERM
2019-10-18 14:30:46,432 [681edbc6-a1fc-42a4-b5ce-4922820de60a@group-FD33B9583E3C-LeaderElection229] INFO  impl.RoleInfo (RoleInfo.java:shutdownLeaderElection(134)) - 681edbc6-a1fc-42a4-b5ce-4922820de60a: shutdown LeaderElection
2019-10-18 14:30:46,432 [681edbc6-a1fc-42a4-b5ce-4922820de60a@group-FD33B9583E3C-LeaderElection229] INFO  impl.RoleInfo (RoleInfo.java:updateAndGet(143)) - 681edbc6-a1fc-42a4-b5ce-4922820de60a: start FollowerState
2019-10-18 14:30:46,579 [Thread-1902] INFO  impl.FollowerState (FollowerState.java:run(108)) - 681edbc6-a1fc-42a4-b5ce-4922820de60a@group-FD33B9583E3C-FollowerState: change to CANDIDATE, lastRpcTime:147ms, electionTimeout:147ms
2019-10-18 14:30:46,579 [Thread-1902] INFO  impl.RoleInfo (RoleInfo.java:shutdownFollowerState(121)) - 681edbc6-a1fc-42a4-b5ce-4922820de60a: shutdown FollowerState
2019-10-18 14:30:46,579 [Thread-1902] INFO  impl.RaftServerImpl (RaftServerImpl.java:setRole(184)) - 681edbc6-a1fc-42a4-b5ce-4922820de60a@group-FD33B9583E3C: changes role from  FOLLOWER to CANDIDATE at term 229 for changeToCandidate
2019-10-18 14:30:46,580 [Thread-1902] INFO  impl.RoleInfo (RoleInfo.java:updateAndGet(143)) - 681edbc6-a1fc-42a4-b5ce-4922820de60a: start LeaderElection
2019-10-18 14:30:46,593 [681edbc6-a1fc-42a4-b5ce-4922820de60a@group-FD33B9583E3C-LeaderElection230] INFO  impl.LeaderElection (LeaderElection.java:askForVotes(178)) - 681edbc6-a1fc-42a4-b5ce-4922820de60a@group-FD33B9583E3C-LeaderElection230: begin an election at term 230 for -1: [3ee7b367-7b16-44e1-99f8-43aefeda0876:192.168.164.233:46080, 681edbc6-a1fc-42a4-b5ce-4922820de60a:192.168.164.233:44267, 773cce60-eeca-4c1f-a5ec-70084be8b6b9:192.168.164.233:38729], old=null
2019-10-18 14:30:46,594 [681edbc6-a1fc-42a4-b5ce-4922820de60a@group-FD33B9583E3C-LeaderElection230] INFO  impl.LeaderElection (LogUtils.java:infoOrTrace(149)) - 681edbc6-a1fc-42a4-b5ce-4922820de60a@group-FD33B9583E3C-LeaderElection230 got exception when requesting votes: {}
java.util.concurrent.ExecutionException: org.apache.ratis.thirdparty.io.grpc.StatusRuntimeException: UNAVAILABLE: io exception
	at java.util.concurrent.FutureTask.report(FutureTask.java:122)
	at java.util.concurrent.FutureTask.get(FutureTask.java:192)
	at org.apache.ratis.server.impl.LeaderElection.waitForResults(LeaderElection.java:259)
	at org.apache.ratis.server.impl.LeaderElection.askForVotes(LeaderElection.java:197)
	at org.apache.ratis.server.impl.LeaderElection.run(LeaderElection.java:133)
	at java.lang.Thread.run(Thread.java:748)
Caused by: org.apache.ratis.thirdparty.io.grpc.StatusRuntimeException: UNAVAILABLE: io exception
	at org.apache.ratis.thirdparty.io.grpc.stub.ClientCalls.toStatusRuntimeException(ClientCalls.java:233)
	at org.apache.ratis.thirdparty.io.grpc.stub.ClientCalls.getUnchecked(ClientCalls.java:214)
	at org.apache.ratis.thirdparty.io.grpc.stub.ClientCalls.blockingUnaryCall(ClientCalls.java:139)
	at org.apache.ratis.proto.grpc.RaftServerProtocolServiceGrpc$RaftServerProtocolServiceBlockingStub.requestVote(RaftServerProtocolServiceGrpc.java:265)
	at org.apache.ratis.grpc.server.GrpcServerProtocolClient.requestVote(GrpcServerProtocolClient.java:99)
	at org.apache.ratis.grpc.server.GrpcService.requestVote(GrpcService.java:204)
	at org.apache.ratis.server.impl.LeaderElection.lambda$submitRequests$1(LeaderElection.java:234)
	at java.util.concurrent.FutureTask.run(FutureTask.java:266)
	at java.util.concurrent.Executors$RunnableAdapter.call(Executors.java:511)
	at java.util.concurrent.FutureTask.run(FutureTask.java:266)
	at java.util.concurrent.ThreadPoolExecutor.runWorker(ThreadPoolExecutor.java:1149)
	at java.util.concurrent.ThreadPoolExecutor$Worker.run(ThreadPoolExecutor.java:624)
	... 1 more
Caused by: org.apache.ratis.thirdparty.io.netty.channel.AbstractChannel$AnnotatedConnectException: Connection refused: /192.168.164.233:46080
	at sun.nio.ch.SocketChannelImpl.checkConnect(Native Method)
	at sun.nio.ch.SocketChannelImpl.finishConnect(SocketChannelImpl.java:717)
	at org.apache.ratis.thirdparty.io.netty.channel.socket.nio.NioSocketChannel.doFinishConnect(NioSocketChannel.java:327)
	at org.apache.ratis.thirdparty.io.netty.channel.nio.AbstractNioChannel$AbstractNioUnsafe.finishConnect(AbstractNioChannel.java:340)
	at org.apache.ratis.thirdparty.io.netty.channel.nio.NioEventLoop.processSelectedKey(NioEventLoop.java:632)
	at org.apache.ratis.thirdparty.io.netty.channel.nio.NioEventLoop.processSelectedKeysOptimized(NioEventLoop.java:579)
	at org.apache.ratis.thirdparty.io.netty.channel.nio.NioEventLoop.processSelectedKeys(NioEventLoop.java:496)
	at org.apache.ratis.thirdparty.io.netty.channel.nio.NioEventLoop.run(NioEventLoop.java:458)
	at org.apache.ratis.thirdparty.io.netty.util.concurrent.SingleThreadEventExecutor$5.run(SingleThreadEventExecutor.java:897)
	at org.apache.ratis.thirdparty.io.netty.util.concurrent.FastThreadLocalRunnable.run(FastThreadLocalRunnable.java:30)
	... 1 more
Caused by: java.net.ConnectException: Connection refused
	... 11 more
2019-10-18 14:30:46,594 [681edbc6-a1fc-42a4-b5ce-4922820de60a@group-FD33B9583E3C-LeaderElection230] INFO  impl.LeaderElection (LogUtils.java:infoOrTrace(149)) - 681edbc6-a1fc-42a4-b5ce-4922820de60a@group-FD33B9583E3C-LeaderElection230 got exception when requesting votes: {}
java.util.concurrent.ExecutionException: org.apache.ratis.thirdparty.io.grpc.StatusRuntimeException: UNAVAILABLE: io exception
	at java.util.concurrent.FutureTask.report(FutureTask.java:122)
	at java.util.concurrent.FutureTask.get(FutureTask.java:192)
	at org.apache.ratis.server.impl.LeaderElection.waitForResults(LeaderElection.java:259)
	at org.apache.ratis.server.impl.LeaderElection.askForVotes(LeaderElection.java:197)
	at org.apache.ratis.server.impl.LeaderElection.run(LeaderElection.java:133)
	at java.lang.Thread.run(Thread.java:748)
Caused by: org.apache.ratis.thirdparty.io.grpc.StatusRuntimeException: UNAVAILABLE: io exception
	at org.apache.ratis.thirdparty.io.grpc.stub.ClientCalls.toStatusRuntimeException(ClientCalls.java:233)
	at org.apache.ratis.thirdparty.io.grpc.stub.ClientCalls.getUnchecked(ClientCalls.java:214)
	at org.apache.ratis.thirdparty.io.grpc.stub.ClientCalls.blockingUnaryCall(ClientCalls.java:139)
	at org.apache.ratis.proto.grpc.RaftServerProtocolServiceGrpc$RaftServerProtocolServiceBlockingStub.requestVote(RaftServerProtocolServiceGrpc.java:265)
	at org.apache.ratis.grpc.server.GrpcServerProtocolClient.requestVote(GrpcServerProtocolClient.java:99)
	at org.apache.ratis.grpc.server.GrpcService.requestVote(GrpcService.java:204)
	at org.apache.ratis.server.impl.LeaderElection.lambda$submitRequests$1(LeaderElection.java:234)
	at java.util.concurrent.FutureTask.run(FutureTask.java:266)
	at java.util.concurrent.Executors$RunnableAdapter.call(Executors.java:511)
	at java.util.concurrent.FutureTask.run(FutureTask.java:266)
	at java.util.concurrent.ThreadPoolExecutor.runWorker(ThreadPoolExecutor.java:1149)
	at java.util.concurrent.ThreadPoolExecutor$Worker.run(ThreadPoolExecutor.java:624)
	... 1 more
Caused by: org.apache.ratis.thirdparty.io.netty.channel.AbstractChannel$AnnotatedConnectException: Connection refused: /192.168.164.233:38729
	at sun.nio.ch.SocketChannelImpl.checkConnect(Native Method)
	at sun.nio.ch.SocketChannelImpl.finishConnect(SocketChannelImpl.java:717)
	at org.apache.ratis.thirdparty.io.netty.channel.socket.nio.NioSocketChannel.doFinishConnect(NioSocketChannel.java:327)
	at org.apache.ratis.thirdparty.io.netty.channel.nio.AbstractNioChannel$AbstractNioUnsafe.finishConnect(AbstractNioChannel.java:340)
	at org.apache.ratis.thirdparty.io.netty.channel.nio.NioEventLoop.processSelectedKey(NioEventLoop.java:632)
	at org.apache.ratis.thirdparty.io.netty.channel.nio.NioEventLoop.processSelectedKeysOptimized(NioEventLoop.java:579)
	at org.apache.ratis.thirdparty.io.netty.channel.nio.NioEventLoop.processSelectedKeys(NioEventLoop.java:496)
	at org.apache.ratis.thirdparty.io.netty.channel.nio.NioEventLoop.run(NioEventLoop.java:458)
	at org.apache.ratis.thirdparty.io.netty.util.concurrent.SingleThreadEventExecutor$5.run(SingleThreadEventExecutor.java:897)
	at org.apache.ratis.thirdparty.io.netty.util.concurrent.FastThreadLocalRunnable.run(FastThreadLocalRunnable.java:30)
	... 1 more
Caused by: java.net.ConnectException: Connection refused
	... 11 more
2019-10-18 14:30:46,594 [681edbc6-a1fc-42a4-b5ce-4922820de60a@group-FD33B9583E3C-LeaderElection230] INFO  impl.LeaderElection (LeaderElection.java:logAndReturn(56)) - 681edbc6-a1fc-42a4-b5ce-4922820de60a@group-FD33B9583E3C-LeaderElection230: Election REJECTED; received 0 response(s) [] and 2 exception(s); 681edbc6-a1fc-42a4-b5ce-4922820de60a@group-FD33B9583E3C:t230, leader=null, voted=681edbc6-a1fc-42a4-b5ce-4922820de60a, raftlog=681edbc6-a1fc-42a4-b5ce-4922820de60a@group-FD33B9583E3C-SegmentedRaftLog:OPENED:c-1,f-1,i0, conf=-1: [3ee7b367-7b16-44e1-99f8-43aefeda0876:192.168.164.233:46080, 681edbc6-a1fc-42a4-b5ce-4922820de60a:192.168.164.233:44267, 773cce60-eeca-4c1f-a5ec-70084be8b6b9:192.168.164.233:38729], old=null
2019-10-18 14:30:46,594 [681edbc6-a1fc-42a4-b5ce-4922820de60a@group-FD33B9583E3C-LeaderElection230] INFO  impl.LeaderElection (LogUtils.java:infoOrTrace(149)) -   Exception 0: {}
java.util.concurrent.ExecutionException: org.apache.ratis.thirdparty.io.grpc.StatusRuntimeException: UNAVAILABLE: io exception
	at java.util.concurrent.FutureTask.report(FutureTask.java:122)
	at java.util.concurrent.FutureTask.get(FutureTask.java:192)
	at org.apache.ratis.server.impl.LeaderElection.waitForResults(LeaderElection.java:259)
	at org.apache.ratis.server.impl.LeaderElection.askForVotes(LeaderElection.java:197)
	at org.apache.ratis.server.impl.LeaderElection.run(LeaderElection.java:133)
	at java.lang.Thread.run(Thread.java:748)
Caused by: org.apache.ratis.thirdparty.io.grpc.StatusRuntimeException: UNAVAILABLE: io exception
	at org.apache.ratis.thirdparty.io.grpc.stub.ClientCalls.toStatusRuntimeException(ClientCalls.java:233)
	at org.apache.ratis.thirdparty.io.grpc.stub.ClientCalls.getUnchecked(ClientCalls.java:214)
	at org.apache.ratis.thirdparty.io.grpc.stub.ClientCalls.blockingUnaryCall(ClientCalls.java:139)
	at org.apache.ratis.proto.grpc.RaftServerProtocolServiceGrpc$RaftServerProtocolServiceBlockingStub.requestVote(RaftServerProtocolServiceGrpc.java:265)
	at org.apache.ratis.grpc.server.GrpcServerProtocolClient.requestVote(GrpcServerProtocolClient.java:99)
	at org.apache.ratis.grpc.server.GrpcService.requestVote(GrpcService.java:204)
	at org.apache.ratis.server.impl.LeaderElection.lambda$submitRequests$1(LeaderElection.java:234)
	at java.util.concurrent.FutureTask.run(FutureTask.java:266)
	at java.util.concurrent.Executors$RunnableAdapter.call(Executors.java:511)
	at java.util.concurrent.FutureTask.run(FutureTask.java:266)
	at java.util.concurrent.ThreadPoolExecutor.runWorker(ThreadPoolExecutor.java:1149)
	at java.util.concurrent.ThreadPoolExecutor$Worker.run(ThreadPoolExecutor.java:624)
	... 1 more
Caused by: org.apache.ratis.thirdparty.io.netty.channel.AbstractChannel$AnnotatedConnectException: Connection refused: /192.168.164.233:46080
	at sun.nio.ch.SocketChannelImpl.checkConnect(Native Method)
	at sun.nio.ch.SocketChannelImpl.finishConnect(SocketChannelImpl.java:717)
	at org.apache.ratis.thirdparty.io.netty.channel.socket.nio.NioSocketChannel.doFinishConnect(NioSocketChannel.java:327)
	at org.apache.ratis.thirdparty.io.netty.channel.nio.AbstractNioChannel$AbstractNioUnsafe.finishConnect(AbstractNioChannel.java:340)
	at org.apache.ratis.thirdparty.io.netty.channel.nio.NioEventLoop.processSelectedKey(NioEventLoop.java:632)
	at org.apache.ratis.thirdparty.io.netty.channel.nio.NioEventLoop.processSelectedKeysOptimized(NioEventLoop.java:579)
	at org.apache.ratis.thirdparty.io.netty.channel.nio.NioEventLoop.processSelectedKeys(NioEventLoop.java:496)
	at org.apache.ratis.thirdparty.io.netty.channel.nio.NioEventLoop.run(NioEventLoop.java:458)
	at org.apache.ratis.thirdparty.io.netty.util.concurrent.SingleThreadEventExecutor$5.run(SingleThreadEventExecutor.java:897)
	at org.apache.ratis.thirdparty.io.netty.util.concurrent.FastThreadLocalRunnable.run(FastThreadLocalRunnable.java:30)
	... 1 more
Caused by: java.net.ConnectException: Connection refused
	... 11 more
2019-10-18 14:30:46,595 [681edbc6-a1fc-42a4-b5ce-4922820de60a@group-FD33B9583E3C-LeaderElection230] INFO  impl.LeaderElection (LogUtils.java:infoOrTrace(149)) -   Exception 1: {}
java.util.concurrent.ExecutionException: org.apache.ratis.thirdparty.io.grpc.StatusRuntimeException: UNAVAILABLE: io exception
	at java.util.concurrent.FutureTask.report(FutureTask.java:122)
	at java.util.concurrent.FutureTask.get(FutureTask.java:192)
	at org.apache.ratis.server.impl.LeaderElection.waitForResults(LeaderElection.java:259)
	at org.apache.ratis.server.impl.LeaderElection.askForVotes(LeaderElection.java:197)
	at org.apache.ratis.server.impl.LeaderElection.run(LeaderElection.java:133)
	at java.lang.Thread.run(Thread.java:748)
Caused by: org.apache.ratis.thirdparty.io.grpc.StatusRuntimeException: UNAVAILABLE: io exception
	at org.apache.ratis.thirdparty.io.grpc.stub.ClientCalls.toStatusRuntimeException(ClientCalls.java:233)
	at org.apache.ratis.thirdparty.io.grpc.stub.ClientCalls.getUnchecked(ClientCalls.java:214)
	at org.apache.ratis.thirdparty.io.grpc.stub.ClientCalls.blockingUnaryCall(ClientCalls.java:139)
	at org.apache.ratis.proto.grpc.RaftServerProtocolServiceGrpc$RaftServerProtocolServiceBlockingStub.requestVote(RaftServerProtocolServiceGrpc.java:265)
	at org.apache.ratis.grpc.server.GrpcServerProtocolClient.requestVote(GrpcServerProtocolClient.java:99)
	at org.apache.ratis.grpc.server.GrpcService.requestVote(GrpcService.java:204)
	at org.apache.ratis.server.impl.LeaderElection.lambda$submitRequests$1(LeaderElection.java:234)
	at java.util.concurrent.FutureTask.run(FutureTask.java:266)
	at java.util.concurrent.Executors$RunnableAdapter.call(Executors.java:511)
	at java.util.concurrent.FutureTask.run(FutureTask.java:266)
	at java.util.concurrent.ThreadPoolExecutor.runWorker(ThreadPoolExecutor.java:1149)
	at java.util.concurrent.ThreadPoolExecutor$Worker.run(ThreadPoolExecutor.java:624)
	... 1 more
Caused by: org.apache.ratis.thirdparty.io.netty.channel.AbstractChannel$AnnotatedConnectException: Connection refused: /192.168.164.233:38729
	at sun.nio.ch.SocketChannelImpl.checkConnect(Native Method)
	at sun.nio.ch.SocketChannelImpl.finishConnect(SocketChannelImpl.java:717)
	at org.apache.ratis.thirdparty.io.netty.channel.socket.nio.NioSocketChannel.doFinishConnect(NioSocketChannel.java:327)
	at org.apache.ratis.thirdparty.io.netty.channel.nio.AbstractNioChannel$AbstractNioUnsafe.finishConnect(AbstractNioChannel.java:340)
	at org.apache.ratis.thirdparty.io.netty.channel.nio.NioEventLoop.processSelectedKey(NioEventLoop.java:632)
	at org.apache.ratis.thirdparty.io.netty.channel.nio.NioEventLoop.processSelectedKeysOptimized(NioEventLoop.java:579)
	at org.apache.ratis.thirdparty.io.netty.channel.nio.NioEventLoop.processSelectedKeys(NioEventLoop.java:496)
	at org.apache.ratis.thirdparty.io.netty.channel.nio.NioEventLoop.run(NioEventLoop.java:458)
	at org.apache.ratis.thirdparty.io.netty.util.concurrent.SingleThreadEventExecutor$5.run(SingleThreadEventExecutor.java:897)
	at org.apache.ratis.thirdparty.io.netty.util.concurrent.FastThreadLocalRunnable.run(FastThreadLocalRunnable.java:30)
	... 1 more
Caused by: java.net.ConnectException: Connection refused
	... 11 more
2019-10-18 14:30:46,595 [681edbc6-a1fc-42a4-b5ce-4922820de60a@group-FD33B9583E3C-LeaderElection230] INFO  impl.RaftServerImpl (RaftServerImpl.java:setRole(184)) - 681edbc6-a1fc-42a4-b5ce-4922820de60a@group-FD33B9583E3C: changes role from CANDIDATE to FOLLOWER at term 230 for DISCOVERED_A_NEW_TERM
2019-10-18 14:30:46,595 [681edbc6-a1fc-42a4-b5ce-4922820de60a@group-FD33B9583E3C-LeaderElection230] INFO  impl.RoleInfo (RoleInfo.java:shutdownLeaderElection(134)) - 681edbc6-a1fc-42a4-b5ce-4922820de60a: shutdown LeaderElection
2019-10-18 14:30:46,595 [681edbc6-a1fc-42a4-b5ce-4922820de60a@group-FD33B9583E3C-LeaderElection230] INFO  impl.RoleInfo (RoleInfo.java:updateAndGet(143)) - 681edbc6-a1fc-42a4-b5ce-4922820de60a: start FollowerState
2019-10-18 14:30:46,722 [java.util.concurrent.ThreadPoolExecutor$Worker@4efed47c[State = -1, empty queue]] WARN  server.GrpcLogAppender (GrpcLogAppender.java:timeoutAppendRequest(209)) - 46c14060-ea78-4b5a-b57c-064e4766b234@group-45DBFE4B8A65->a4757974-e77e-4a1a-a400-c32fe273093a-GrpcLogAppender: appendEntries Timeout, request=46c14060-ea78-4b5a-b57c-064e4766b234->a4757974-e77e-4a1a-a400-c32fe273093a#56-t3, previous=(t:3, i:4), leaderCommit=4, initializing? false, entries: <empty>
2019-10-18 14:30:46,722 [java.util.concurrent.ThreadPoolExecutor$Worker@108d80c3[State = -1, empty queue]] WARN  server.GrpcLogAppender (GrpcLogAppender.java:timeoutAppendRequest(209)) - 46c14060-ea78-4b5a-b57c-064e4766b234@group-45DBFE4B8A65->55013cf6-f41f-4339-a52c-06c119893914-GrpcLogAppender: appendEntries Timeout, request=46c14060-ea78-4b5a-b57c-064e4766b234->55013cf6-f41f-4339-a52c-06c119893914#56-t3, previous=(t:3, i:4), leaderCommit=4, initializing? false, entries: <empty>
2019-10-18 14:30:46,753 [Thread-1906] INFO  impl.FollowerState (FollowerState.java:run(108)) - 681edbc6-a1fc-42a4-b5ce-4922820de60a@group-FD33B9583E3C-FollowerState: change to CANDIDATE, lastRpcTime:158ms, electionTimeout:158ms
2019-10-18 14:30:46,753 [Thread-1906] INFO  impl.RoleInfo (RoleInfo.java:shutdownFollowerState(121)) - 681edbc6-a1fc-42a4-b5ce-4922820de60a: shutdown FollowerState
2019-10-18 14:30:46,754 [Thread-1906] INFO  impl.RaftServerImpl (RaftServerImpl.java:setRole(184)) - 681edbc6-a1fc-42a4-b5ce-4922820de60a@group-FD33B9583E3C: changes role from  FOLLOWER to CANDIDATE at term 230 for changeToCandidate
2019-10-18 14:30:46,754 [Thread-1906] INFO  impl.RoleInfo (RoleInfo.java:updateAndGet(143)) - 681edbc6-a1fc-42a4-b5ce-4922820de60a: start LeaderElection
2019-10-18 14:30:46,767 [681edbc6-a1fc-42a4-b5ce-4922820de60a@group-FD33B9583E3C-LeaderElection231] INFO  impl.LeaderElection (LeaderElection.java:askForVotes(178)) - 681edbc6-a1fc-42a4-b5ce-4922820de60a@group-FD33B9583E3C-LeaderElection231: begin an election at term 231 for -1: [3ee7b367-7b16-44e1-99f8-43aefeda0876:192.168.164.233:46080, 681edbc6-a1fc-42a4-b5ce-4922820de60a:192.168.164.233:44267, 773cce60-eeca-4c1f-a5ec-70084be8b6b9:192.168.164.233:38729], old=null
2019-10-18 14:30:46,767 [681edbc6-a1fc-42a4-b5ce-4922820de60a@group-FD33B9583E3C-LeaderElection231] INFO  impl.LeaderElection (LogUtils.java:infoOrTrace(149)) - 681edbc6-a1fc-42a4-b5ce-4922820de60a@group-FD33B9583E3C-LeaderElection231 got exception when requesting votes: {}
java.util.concurrent.ExecutionException: org.apache.ratis.thirdparty.io.grpc.StatusRuntimeException: UNAVAILABLE: io exception
	at java.util.concurrent.FutureTask.report(FutureTask.java:122)
	at java.util.concurrent.FutureTask.get(FutureTask.java:192)
	at org.apache.ratis.server.impl.LeaderElection.waitForResults(LeaderElection.java:259)
	at org.apache.ratis.server.impl.LeaderElection.askForVotes(LeaderElection.java:197)
	at org.apache.ratis.server.impl.LeaderElection.run(LeaderElection.java:133)
	at java.lang.Thread.run(Thread.java:748)
Caused by: org.apache.ratis.thirdparty.io.grpc.StatusRuntimeException: UNAVAILABLE: io exception
	at org.apache.ratis.thirdparty.io.grpc.stub.ClientCalls.toStatusRuntimeException(ClientCalls.java:233)
	at org.apache.ratis.thirdparty.io.grpc.stub.ClientCalls.getUnchecked(ClientCalls.java:214)
	at org.apache.ratis.thirdparty.io.grpc.stub.ClientCalls.blockingUnaryCall(ClientCalls.java:139)
	at org.apache.ratis.proto.grpc.RaftServerProtocolServiceGrpc$RaftServerProtocolServiceBlockingStub.requestVote(RaftServerProtocolServiceGrpc.java:265)
	at org.apache.ratis.grpc.server.GrpcServerProtocolClient.requestVote(GrpcServerProtocolClient.java:99)
	at org.apache.ratis.grpc.server.GrpcService.requestVote(GrpcService.java:204)
	at org.apache.ratis.server.impl.LeaderElection.lambda$submitRequests$1(LeaderElection.java:234)
	at java.util.concurrent.FutureTask.run(FutureTask.java:266)
	at java.util.concurrent.Executors$RunnableAdapter.call(Executors.java:511)
	at java.util.concurrent.FutureTask.run(FutureTask.java:266)
	at java.util.concurrent.ThreadPoolExecutor.runWorker(ThreadPoolExecutor.java:1149)
	at java.util.concurrent.ThreadPoolExecutor$Worker.run(ThreadPoolExecutor.java:624)
	... 1 more
Caused by: org.apache.ratis.thirdparty.io.netty.channel.AbstractChannel$AnnotatedConnectException: Connection refused: /192.168.164.233:46080
	at sun.nio.ch.SocketChannelImpl.checkConnect(Native Method)
	at sun.nio.ch.SocketChannelImpl.finishConnect(SocketChannelImpl.java:717)
	at org.apache.ratis.thirdparty.io.netty.channel.socket.nio.NioSocketChannel.doFinishConnect(NioSocketChannel.java:327)
	at org.apache.ratis.thirdparty.io.netty.channel.nio.AbstractNioChannel$AbstractNioUnsafe.finishConnect(AbstractNioChannel.java:340)
	at org.apache.ratis.thirdparty.io.netty.channel.nio.NioEventLoop.processSelectedKey(NioEventLoop.java:632)
	at org.apache.ratis.thirdparty.io.netty.channel.nio.NioEventLoop.processSelectedKeysOptimized(NioEventLoop.java:579)
	at org.apache.ratis.thirdparty.io.netty.channel.nio.NioEventLoop.processSelectedKeys(NioEventLoop.java:496)
	at org.apache.ratis.thirdparty.io.netty.channel.nio.NioEventLoop.run(NioEventLoop.java:458)
	at org.apache.ratis.thirdparty.io.netty.util.concurrent.SingleThreadEventExecutor$5.run(SingleThreadEventExecutor.java:897)
	at org.apache.ratis.thirdparty.io.netty.util.concurrent.FastThreadLocalRunnable.run(FastThreadLocalRunnable.java:30)
	... 1 more
Caused by: java.net.ConnectException: Connection refused
	... 11 more
2019-10-18 14:30:46,768 [681edbc6-a1fc-42a4-b5ce-4922820de60a@group-FD33B9583E3C-LeaderElection231] INFO  impl.LeaderElection (LogUtils.java:infoOrTrace(149)) - 681edbc6-a1fc-42a4-b5ce-4922820de60a@group-FD33B9583E3C-LeaderElection231 got exception when requesting votes: {}
java.util.concurrent.ExecutionException: org.apache.ratis.thirdparty.io.grpc.StatusRuntimeException: UNAVAILABLE: io exception
	at java.util.concurrent.FutureTask.report(FutureTask.java:122)
	at java.util.concurrent.FutureTask.get(FutureTask.java:192)
	at org.apache.ratis.server.impl.LeaderElection.waitForResults(LeaderElection.java:259)
	at org.apache.ratis.server.impl.LeaderElection.askForVotes(LeaderElection.java:197)
	at org.apache.ratis.server.impl.LeaderElection.run(LeaderElection.java:133)
	at java.lang.Thread.run(Thread.java:748)
Caused by: org.apache.ratis.thirdparty.io.grpc.StatusRuntimeException: UNAVAILABLE: io exception
	at org.apache.ratis.thirdparty.io.grpc.stub.ClientCalls.toStatusRuntimeException(ClientCalls.java:233)
	at org.apache.ratis.thirdparty.io.grpc.stub.ClientCalls.getUnchecked(ClientCalls.java:214)
	at org.apache.ratis.thirdparty.io.grpc.stub.ClientCalls.blockingUnaryCall(ClientCalls.java:139)
	at org.apache.ratis.proto.grpc.RaftServerProtocolServiceGrpc$RaftServerProtocolServiceBlockingStub.requestVote(RaftServerProtocolServiceGrpc.java:265)
	at org.apache.ratis.grpc.server.GrpcServerProtocolClient.requestVote(GrpcServerProtocolClient.java:99)
	at org.apache.ratis.grpc.server.GrpcService.requestVote(GrpcService.java:204)
	at org.apache.ratis.server.impl.LeaderElection.lambda$submitRequests$1(LeaderElection.java:234)
	at java.util.concurrent.FutureTask.run(FutureTask.java:266)
	at java.util.concurrent.Executors$RunnableAdapter.call(Executors.java:511)
	at java.util.concurrent.FutureTask.run(FutureTask.java:266)
	at java.util.concurrent.ThreadPoolExecutor.runWorker(ThreadPoolExecutor.java:1149)
	at java.util.concurrent.ThreadPoolExecutor$Worker.run(ThreadPoolExecutor.java:624)
	... 1 more
Caused by: org.apache.ratis.thirdparty.io.netty.channel.AbstractChannel$AnnotatedConnectException: Connection refused: /192.168.164.233:38729
	at sun.nio.ch.SocketChannelImpl.checkConnect(Native Method)
	at sun.nio.ch.SocketChannelImpl.finishConnect(SocketChannelImpl.java:717)
	at org.apache.ratis.thirdparty.io.netty.channel.socket.nio.NioSocketChannel.doFinishConnect(NioSocketChannel.java:327)
	at org.apache.ratis.thirdparty.io.netty.channel.nio.AbstractNioChannel$AbstractNioUnsafe.finishConnect(AbstractNioChannel.java:340)
	at org.apache.ratis.thirdparty.io.netty.channel.nio.NioEventLoop.processSelectedKey(NioEventLoop.java:632)
	at org.apache.ratis.thirdparty.io.netty.channel.nio.NioEventLoop.processSelectedKeysOptimized(NioEventLoop.java:579)
	at org.apache.ratis.thirdparty.io.netty.channel.nio.NioEventLoop.processSelectedKeys(NioEventLoop.java:496)
	at org.apache.ratis.thirdparty.io.netty.channel.nio.NioEventLoop.run(NioEventLoop.java:458)
	at org.apache.ratis.thirdparty.io.netty.util.concurrent.SingleThreadEventExecutor$5.run(SingleThreadEventExecutor.java:897)
	at org.apache.ratis.thirdparty.io.netty.util.concurrent.FastThreadLocalRunnable.run(FastThreadLocalRunnable.java:30)
	... 1 more
Caused by: java.net.ConnectException: Connection refused
	... 11 more
2019-10-18 14:30:46,768 [681edbc6-a1fc-42a4-b5ce-4922820de60a@group-FD33B9583E3C-LeaderElection231] INFO  impl.LeaderElection (LeaderElection.java:logAndReturn(56)) - 681edbc6-a1fc-42a4-b5ce-4922820de60a@group-FD33B9583E3C-LeaderElection231: Election REJECTED; received 0 response(s) [] and 2 exception(s); 681edbc6-a1fc-42a4-b5ce-4922820de60a@group-FD33B9583E3C:t231, leader=null, voted=681edbc6-a1fc-42a4-b5ce-4922820de60a, raftlog=681edbc6-a1fc-42a4-b5ce-4922820de60a@group-FD33B9583E3C-SegmentedRaftLog:OPENED:c-1,f-1,i0, conf=-1: [3ee7b367-7b16-44e1-99f8-43aefeda0876:192.168.164.233:46080, 681edbc6-a1fc-42a4-b5ce-4922820de60a:192.168.164.233:44267, 773cce60-eeca-4c1f-a5ec-70084be8b6b9:192.168.164.233:38729], old=null
2019-10-18 14:30:46,769 [681edbc6-a1fc-42a4-b5ce-4922820de60a@group-FD33B9583E3C-LeaderElection231] INFO  impl.LeaderElection (LogUtils.java:infoOrTrace(149)) -   Exception 0: {}
java.util.concurrent.ExecutionException: org.apache.ratis.thirdparty.io.grpc.StatusRuntimeException: UNAVAILABLE: io exception
	at java.util.concurrent.FutureTask.report(FutureTask.java:122)
	at java.util.concurrent.FutureTask.get(FutureTask.java:192)
	at org.apache.ratis.server.impl.LeaderElection.waitForResults(LeaderElection.java:259)
	at org.apache.ratis.server.impl.LeaderElection.askForVotes(LeaderElection.java:197)
	at org.apache.ratis.server.impl.LeaderElection.run(LeaderElection.java:133)
	at java.lang.Thread.run(Thread.java:748)
Caused by: org.apache.ratis.thirdparty.io.grpc.StatusRuntimeException: UNAVAILABLE: io exception
	at org.apache.ratis.thirdparty.io.grpc.stub.ClientCalls.toStatusRuntimeException(ClientCalls.java:233)
	at org.apache.ratis.thirdparty.io.grpc.stub.ClientCalls.getUnchecked(ClientCalls.java:214)
	at org.apache.ratis.thirdparty.io.grpc.stub.ClientCalls.blockingUnaryCall(ClientCalls.java:139)
	at org.apache.ratis.proto.grpc.RaftServerProtocolServiceGrpc$RaftServerProtocolServiceBlockingStub.requestVote(RaftServerProtocolServiceGrpc.java:265)
	at org.apache.ratis.grpc.server.GrpcServerProtocolClient.requestVote(GrpcServerProtocolClient.java:99)
	at org.apache.ratis.grpc.server.GrpcService.requestVote(GrpcService.java:204)
	at org.apache.ratis.server.impl.LeaderElection.lambda$submitRequests$1(LeaderElection.java:234)
	at java.util.concurrent.FutureTask.run(FutureTask.java:266)
	at java.util.concurrent.Executors$RunnableAdapter.call(Executors.java:511)
	at java.util.concurrent.FutureTask.run(FutureTask.java:266)
	at java.util.concurrent.ThreadPoolExecutor.runWorker(ThreadPoolExecutor.java:1149)
	at java.util.concurrent.ThreadPoolExecutor$Worker.run(ThreadPoolExecutor.java:624)
	... 1 more
Caused by: org.apache.ratis.thirdparty.io.netty.channel.AbstractChannel$AnnotatedConnectException: Connection refused: /192.168.164.233:46080
	at sun.nio.ch.SocketChannelImpl.checkConnect(Native Method)
	at sun.nio.ch.SocketChannelImpl.finishConnect(SocketChannelImpl.java:717)
	at org.apache.ratis.thirdparty.io.netty.channel.socket.nio.NioSocketChannel.doFinishConnect(NioSocketChannel.java:327)
	at org.apache.ratis.thirdparty.io.netty.channel.nio.AbstractNioChannel$AbstractNioUnsafe.finishConnect(AbstractNioChannel.java:340)
	at org.apache.ratis.thirdparty.io.netty.channel.nio.NioEventLoop.processSelectedKey(NioEventLoop.java:632)
	at org.apache.ratis.thirdparty.io.netty.channel.nio.NioEventLoop.processSelectedKeysOptimized(NioEventLoop.java:579)
	at org.apache.ratis.thirdparty.io.netty.channel.nio.NioEventLoop.processSelectedKeys(NioEventLoop.java:496)
	at org.apache.ratis.thirdparty.io.netty.channel.nio.NioEventLoop.run(NioEventLoop.java:458)
	at org.apache.ratis.thirdparty.io.netty.util.concurrent.SingleThreadEventExecutor$5.run(SingleThreadEventExecutor.java:897)
	at org.apache.ratis.thirdparty.io.netty.util.concurrent.FastThreadLocalRunnable.run(FastThreadLocalRunnable.java:30)
	... 1 more
Caused by: java.net.ConnectException: Connection refused
	... 11 more
2019-10-18 14:30:46,769 [681edbc6-a1fc-42a4-b5ce-4922820de60a@group-FD33B9583E3C-LeaderElection231] INFO  impl.LeaderElection (LogUtils.java:infoOrTrace(149)) -   Exception 1: {}
java.util.concurrent.ExecutionException: org.apache.ratis.thirdparty.io.grpc.StatusRuntimeException: UNAVAILABLE: io exception
	at java.util.concurrent.FutureTask.report(FutureTask.java:122)
	at java.util.concurrent.FutureTask.get(FutureTask.java:192)
	at org.apache.ratis.server.impl.LeaderElection.waitForResults(LeaderElection.java:259)
	at org.apache.ratis.server.impl.LeaderElection.askForVotes(LeaderElection.java:197)
	at org.apache.ratis.server.impl.LeaderElection.run(LeaderElection.java:133)
	at java.lang.Thread.run(Thread.java:748)
Caused by: org.apache.ratis.thirdparty.io.grpc.StatusRuntimeException: UNAVAILABLE: io exception
	at org.apache.ratis.thirdparty.io.grpc.stub.ClientCalls.toStatusRuntimeException(ClientCalls.java:233)
	at org.apache.ratis.thirdparty.io.grpc.stub.ClientCalls.getUnchecked(ClientCalls.java:214)
	at org.apache.ratis.thirdparty.io.grpc.stub.ClientCalls.blockingUnaryCall(ClientCalls.java:139)
	at org.apache.ratis.proto.grpc.RaftServerProtocolServiceGrpc$RaftServerProtocolServiceBlockingStub.requestVote(RaftServerProtocolServiceGrpc.java:265)
	at org.apache.ratis.grpc.server.GrpcServerProtocolClient.requestVote(GrpcServerProtocolClient.java:99)
	at org.apache.ratis.grpc.server.GrpcService.requestVote(GrpcService.java:204)
	at org.apache.ratis.server.impl.LeaderElection.lambda$submitRequests$1(LeaderElection.java:234)
	at java.util.concurrent.FutureTask.run(FutureTask.java:266)
	at java.util.concurrent.Executors$RunnableAdapter.call(Executors.java:511)
	at java.util.concurrent.FutureTask.run(FutureTask.java:266)
	at java.util.concurrent.ThreadPoolExecutor.runWorker(ThreadPoolExecutor.java:1149)
	at java.util.concurrent.ThreadPoolExecutor$Worker.run(ThreadPoolExecutor.java:624)
	... 1 more
Caused by: org.apache.ratis.thirdparty.io.netty.channel.AbstractChannel$AnnotatedConnectException: Connection refused: /192.168.164.233:38729
	at sun.nio.ch.SocketChannelImpl.checkConnect(Native Method)
	at sun.nio.ch.SocketChannelImpl.finishConnect(SocketChannelImpl.java:717)
	at org.apache.ratis.thirdparty.io.netty.channel.socket.nio.NioSocketChannel.doFinishConnect(NioSocketChannel.java:327)
	at org.apache.ratis.thirdparty.io.netty.channel.nio.AbstractNioChannel$AbstractNioUnsafe.finishConnect(AbstractNioChannel.java:340)
	at org.apache.ratis.thirdparty.io.netty.channel.nio.NioEventLoop.processSelectedKey(NioEventLoop.java:632)
	at org.apache.ratis.thirdparty.io.netty.channel.nio.NioEventLoop.processSelectedKeysOptimized(NioEventLoop.java:579)
	at org.apache.ratis.thirdparty.io.netty.channel.nio.NioEventLoop.processSelectedKeys(NioEventLoop.java:496)
	at org.apache.ratis.thirdparty.io.netty.channel.nio.NioEventLoop.run(NioEventLoop.java:458)
	at org.apache.ratis.thirdparty.io.netty.util.concurrent.SingleThreadEventExecutor$5.run(SingleThreadEventExecutor.java:897)
	at org.apache.ratis.thirdparty.io.netty.util.concurrent.FastThreadLocalRunnable.run(FastThreadLocalRunnable.java:30)
	... 1 more
Caused by: java.net.ConnectException: Connection refused
	... 11 more
2019-10-18 14:30:46,770 [681edbc6-a1fc-42a4-b5ce-4922820de60a@group-FD33B9583E3C-LeaderElection231] INFO  impl.RaftServerImpl (RaftServerImpl.java:setRole(184)) - 681edbc6-a1fc-42a4-b5ce-4922820de60a@group-FD33B9583E3C: changes role from CANDIDATE to FOLLOWER at term 231 for DISCOVERED_A_NEW_TERM
2019-10-18 14:30:46,770 [681edbc6-a1fc-42a4-b5ce-4922820de60a@group-FD33B9583E3C-LeaderElection231] INFO  impl.RoleInfo (RoleInfo.java:shutdownLeaderElection(134)) - 681edbc6-a1fc-42a4-b5ce-4922820de60a: shutdown LeaderElection
2019-10-18 14:30:46,770 [681edbc6-a1fc-42a4-b5ce-4922820de60a@group-FD33B9583E3C-LeaderElection231] INFO  impl.RoleInfo (RoleInfo.java:updateAndGet(143)) - 681edbc6-a1fc-42a4-b5ce-4922820de60a: start FollowerState
2019-10-18 14:30:46,949 [Thread-1911] INFO  impl.FollowerState (FollowerState.java:run(108)) - 681edbc6-a1fc-42a4-b5ce-4922820de60a@group-FD33B9583E3C-FollowerState: change to CANDIDATE, lastRpcTime:179ms, electionTimeout:179ms
2019-10-18 14:30:46,950 [Thread-1911] INFO  impl.RoleInfo (RoleInfo.java:shutdownFollowerState(121)) - 681edbc6-a1fc-42a4-b5ce-4922820de60a: shutdown FollowerState
2019-10-18 14:30:46,950 [Thread-1911] INFO  impl.RaftServerImpl (RaftServerImpl.java:setRole(184)) - 681edbc6-a1fc-42a4-b5ce-4922820de60a@group-FD33B9583E3C: changes role from  FOLLOWER to CANDIDATE at term 231 for changeToCandidate
2019-10-18 14:30:46,950 [Thread-1911] INFO  impl.RoleInfo (RoleInfo.java:updateAndGet(143)) - 681edbc6-a1fc-42a4-b5ce-4922820de60a: start LeaderElection
2019-10-18 14:30:46,963 [681edbc6-a1fc-42a4-b5ce-4922820de60a@group-FD33B9583E3C-LeaderElection232] INFO  impl.LeaderElection (LeaderElection.java:askForVotes(178)) - 681edbc6-a1fc-42a4-b5ce-4922820de60a@group-FD33B9583E3C-LeaderElection232: begin an election at term 232 for -1: [3ee7b367-7b16-44e1-99f8-43aefeda0876:192.168.164.233:46080, 681edbc6-a1fc-42a4-b5ce-4922820de60a:192.168.164.233:44267, 773cce60-eeca-4c1f-a5ec-70084be8b6b9:192.168.164.233:38729], old=null
2019-10-18 14:30:46,964 [681edbc6-a1fc-42a4-b5ce-4922820de60a@group-FD33B9583E3C-LeaderElection232] INFO  impl.LeaderElection (LogUtils.java:infoOrTrace(149)) - 681edbc6-a1fc-42a4-b5ce-4922820de60a@group-FD33B9583E3C-LeaderElection232 got exception when requesting votes: {}
java.util.concurrent.ExecutionException: org.apache.ratis.thirdparty.io.grpc.StatusRuntimeException: UNAVAILABLE: io exception
	at java.util.concurrent.FutureTask.report(FutureTask.java:122)
	at java.util.concurrent.FutureTask.get(FutureTask.java:192)
	at org.apache.ratis.server.impl.LeaderElection.waitForResults(LeaderElection.java:259)
	at org.apache.ratis.server.impl.LeaderElection.askForVotes(LeaderElection.java:197)
	at org.apache.ratis.server.impl.LeaderElection.run(LeaderElection.java:133)
	at java.lang.Thread.run(Thread.java:748)
Caused by: org.apache.ratis.thirdparty.io.grpc.StatusRuntimeException: UNAVAILABLE: io exception
	at org.apache.ratis.thirdparty.io.grpc.stub.ClientCalls.toStatusRuntimeException(ClientCalls.java:233)
	at org.apache.ratis.thirdparty.io.grpc.stub.ClientCalls.getUnchecked(ClientCalls.java:214)
	at org.apache.ratis.thirdparty.io.grpc.stub.ClientCalls.blockingUnaryCall(ClientCalls.java:139)
	at org.apache.ratis.proto.grpc.RaftServerProtocolServiceGrpc$RaftServerProtocolServiceBlockingStub.requestVote(RaftServerProtocolServiceGrpc.java:265)
	at org.apache.ratis.grpc.server.GrpcServerProtocolClient.requestVote(GrpcServerProtocolClient.java:99)
	at org.apache.ratis.grpc.server.GrpcService.requestVote(GrpcService.java:204)
	at org.apache.ratis.server.impl.LeaderElection.lambda$submitRequests$1(LeaderElection.java:234)
	at java.util.concurrent.FutureTask.run(FutureTask.java:266)
	at java.util.concurrent.Executors$RunnableAdapter.call(Executors.java:511)
	at java.util.concurrent.FutureTask.run(FutureTask.java:266)
	at java.util.concurrent.ThreadPoolExecutor.runWorker(ThreadPoolExecutor.java:1149)
	at java.util.concurrent.ThreadPoolExecutor$Worker.run(ThreadPoolExecutor.java:624)
	... 1 more
Caused by: org.apache.ratis.thirdparty.io.netty.channel.AbstractChannel$AnnotatedConnectException: Connection refused: /192.168.164.233:46080
	at sun.nio.ch.SocketChannelImpl.checkConnect(Native Method)
	at sun.nio.ch.SocketChannelImpl.finishConnect(SocketChannelImpl.java:717)
	at org.apache.ratis.thirdparty.io.netty.channel.socket.nio.NioSocketChannel.doFinishConnect(NioSocketChannel.java:327)
	at org.apache.ratis.thirdparty.io.netty.channel.nio.AbstractNioChannel$AbstractNioUnsafe.finishConnect(AbstractNioChannel.java:340)
	at org.apache.ratis.thirdparty.io.netty.channel.nio.NioEventLoop.processSelectedKey(NioEventLoop.java:632)
	at org.apache.ratis.thirdparty.io.netty.channel.nio.NioEventLoop.processSelectedKeysOptimized(NioEventLoop.java:579)
	at org.apache.ratis.thirdparty.io.netty.channel.nio.NioEventLoop.processSelectedKeys(NioEventLoop.java:496)
	at org.apache.ratis.thirdparty.io.netty.channel.nio.NioEventLoop.run(NioEventLoop.java:458)
	at org.apache.ratis.thirdparty.io.netty.util.concurrent.SingleThreadEventExecutor$5.run(SingleThreadEventExecutor.java:897)
	at org.apache.ratis.thirdparty.io.netty.util.concurrent.FastThreadLocalRunnable.run(FastThreadLocalRunnable.java:30)
	... 1 more
Caused by: java.net.ConnectException: Connection refused
	... 11 more
2019-10-18 14:30:46,964 [681edbc6-a1fc-42a4-b5ce-4922820de60a@group-FD33B9583E3C-LeaderElection232] INFO  impl.LeaderElection (LogUtils.java:infoOrTrace(149)) - 681edbc6-a1fc-42a4-b5ce-4922820de60a@group-FD33B9583E3C-LeaderElection232 got exception when requesting votes: {}
java.util.concurrent.ExecutionException: org.apache.ratis.thirdparty.io.grpc.StatusRuntimeException: UNAVAILABLE: io exception
	at java.util.concurrent.FutureTask.report(FutureTask.java:122)
	at java.util.concurrent.FutureTask.get(FutureTask.java:192)
	at org.apache.ratis.server.impl.LeaderElection.waitForResults(LeaderElection.java:259)
	at org.apache.ratis.server.impl.LeaderElection.askForVotes(LeaderElection.java:197)
	at org.apache.ratis.server.impl.LeaderElection.run(LeaderElection.java:133)
	at java.lang.Thread.run(Thread.java:748)
Caused by: org.apache.ratis.thirdparty.io.grpc.StatusRuntimeException: UNAVAILABLE: io exception
	at org.apache.ratis.thirdparty.io.grpc.stub.ClientCalls.toStatusRuntimeException(ClientCalls.java:233)
	at org.apache.ratis.thirdparty.io.grpc.stub.ClientCalls.getUnchecked(ClientCalls.java:214)
	at org.apache.ratis.thirdparty.io.grpc.stub.ClientCalls.blockingUnaryCall(ClientCalls.java:139)
	at org.apache.ratis.proto.grpc.RaftServerProtocolServiceGrpc$RaftServerProtocolServiceBlockingStub.requestVote(RaftServerProtocolServiceGrpc.java:265)
	at org.apache.ratis.grpc.server.GrpcServerProtocolClient.requestVote(GrpcServerProtocolClient.java:99)
	at org.apache.ratis.grpc.server.GrpcService.requestVote(GrpcService.java:204)
	at org.apache.ratis.server.impl.LeaderElection.lambda$submitRequests$1(LeaderElection.java:234)
	at java.util.concurrent.FutureTask.run(FutureTask.java:266)
	at java.util.concurrent.Executors$RunnableAdapter.call(Executors.java:511)
	at java.util.concurrent.FutureTask.run(FutureTask.java:266)
	at java.util.concurrent.ThreadPoolExecutor.runWorker(ThreadPoolExecutor.java:1149)
	at java.util.concurrent.ThreadPoolExecutor$Worker.run(ThreadPoolExecutor.java:624)
	... 1 more
Caused by: org.apache.ratis.thirdparty.io.netty.channel.AbstractChannel$AnnotatedConnectException: Connection refused: /192.168.164.233:38729
	at sun.nio.ch.SocketChannelImpl.checkConnect(Native Method)
	at sun.nio.ch.SocketChannelImpl.finishConnect(SocketChannelImpl.java:717)
	at org.apache.ratis.thirdparty.io.netty.channel.socket.nio.NioSocketChannel.doFinishConnect(NioSocketChannel.java:327)
	at org.apache.ratis.thirdparty.io.netty.channel.nio.AbstractNioChannel$AbstractNioUnsafe.finishConnect(AbstractNioChannel.java:340)
	at org.apache.ratis.thirdparty.io.netty.channel.nio.NioEventLoop.processSelectedKey(NioEventLoop.java:632)
	at org.apache.ratis.thirdparty.io.netty.channel.nio.NioEventLoop.processSelectedKeysOptimized(NioEventLoop.java:579)
	at org.apache.ratis.thirdparty.io.netty.channel.nio.NioEventLoop.processSelectedKeys(NioEventLoop.java:496)
	at org.apache.ratis.thirdparty.io.netty.channel.nio.NioEventLoop.run(NioEventLoop.java:458)
	at org.apache.ratis.thirdparty.io.netty.util.concurrent.SingleThreadEventExecutor$5.run(SingleThreadEventExecutor.java:897)
	at org.apache.ratis.thirdparty.io.netty.util.concurrent.FastThreadLocalRunnable.run(FastThreadLocalRunnable.java:30)
	... 1 more
Caused by: java.net.ConnectException: Connection refused
	... 11 more
2019-10-18 14:30:46,965 [681edbc6-a1fc-42a4-b5ce-4922820de60a@group-FD33B9583E3C-LeaderElection232] INFO  impl.LeaderElection (LeaderElection.java:logAndReturn(56)) - 681edbc6-a1fc-42a4-b5ce-4922820de60a@group-FD33B9583E3C-LeaderElection232: Election REJECTED; received 0 response(s) [] and 2 exception(s); 681edbc6-a1fc-42a4-b5ce-4922820de60a@group-FD33B9583E3C:t232, leader=null, voted=681edbc6-a1fc-42a4-b5ce-4922820de60a, raftlog=681edbc6-a1fc-42a4-b5ce-4922820de60a@group-FD33B9583E3C-SegmentedRaftLog:OPENED:c-1,f-1,i0, conf=-1: [3ee7b367-7b16-44e1-99f8-43aefeda0876:192.168.164.233:46080, 681edbc6-a1fc-42a4-b5ce-4922820de60a:192.168.164.233:44267, 773cce60-eeca-4c1f-a5ec-70084be8b6b9:192.168.164.233:38729], old=null
2019-10-18 14:30:46,965 [681edbc6-a1fc-42a4-b5ce-4922820de60a@group-FD33B9583E3C-LeaderElection232] INFO  impl.LeaderElection (LogUtils.java:infoOrTrace(149)) -   Exception 0: {}
java.util.concurrent.ExecutionException: org.apache.ratis.thirdparty.io.grpc.StatusRuntimeException: UNAVAILABLE: io exception
	at java.util.concurrent.FutureTask.report(FutureTask.java:122)
	at java.util.concurrent.FutureTask.get(FutureTask.java:192)
	at org.apache.ratis.server.impl.LeaderElection.waitForResults(LeaderElection.java:259)
	at org.apache.ratis.server.impl.LeaderElection.askForVotes(LeaderElection.java:197)
	at org.apache.ratis.server.impl.LeaderElection.run(LeaderElection.java:133)
	at java.lang.Thread.run(Thread.java:748)
Caused by: org.apache.ratis.thirdparty.io.grpc.StatusRuntimeException: UNAVAILABLE: io exception
	at org.apache.ratis.thirdparty.io.grpc.stub.ClientCalls.toStatusRuntimeException(ClientCalls.java:233)
	at org.apache.ratis.thirdparty.io.grpc.stub.ClientCalls.getUnchecked(ClientCalls.java:214)
	at org.apache.ratis.thirdparty.io.grpc.stub.ClientCalls.blockingUnaryCall(ClientCalls.java:139)
	at org.apache.ratis.proto.grpc.RaftServerProtocolServiceGrpc$RaftServerProtocolServiceBlockingStub.requestVote(RaftServerProtocolServiceGrpc.java:265)
	at org.apache.ratis.grpc.server.GrpcServerProtocolClient.requestVote(GrpcServerProtocolClient.java:99)
	at org.apache.ratis.grpc.server.GrpcService.requestVote(GrpcService.java:204)
	at org.apache.ratis.server.impl.LeaderElection.lambda$submitRequests$1(LeaderElection.java:234)
	at java.util.concurrent.FutureTask.run(FutureTask.java:266)
	at java.util.concurrent.Executors$RunnableAdapter.call(Executors.java:511)
	at java.util.concurrent.FutureTask.run(FutureTask.java:266)
	at java.util.concurrent.ThreadPoolExecutor.runWorker(ThreadPoolExecutor.java:1149)
	at java.util.concurrent.ThreadPoolExecutor$Worker.run(ThreadPoolExecutor.java:624)
	... 1 more
Caused by: org.apache.ratis.thirdparty.io.netty.channel.AbstractChannel$AnnotatedConnectException: Connection refused: /192.168.164.233:46080
	at sun.nio.ch.SocketChannelImpl.checkConnect(Native Method)
	at sun.nio.ch.SocketChannelImpl.finishConnect(SocketChannelImpl.java:717)
	at org.apache.ratis.thirdparty.io.netty.channel.socket.nio.NioSocketChannel.doFinishConnect(NioSocketChannel.java:327)
	at org.apache.ratis.thirdparty.io.netty.channel.nio.AbstractNioChannel$AbstractNioUnsafe.finishConnect(AbstractNioChannel.java:340)
	at org.apache.ratis.thirdparty.io.netty.channel.nio.NioEventLoop.processSelectedKey(NioEventLoop.java:632)
	at org.apache.ratis.thirdparty.io.netty.channel.nio.NioEventLoop.processSelectedKeysOptimized(NioEventLoop.java:579)
	at org.apache.ratis.thirdparty.io.netty.channel.nio.NioEventLoop.processSelectedKeys(NioEventLoop.java:496)
	at org.apache.ratis.thirdparty.io.netty.channel.nio.NioEventLoop.run(NioEventLoop.java:458)
	at org.apache.ratis.thirdparty.io.netty.util.concurrent.SingleThreadEventExecutor$5.run(SingleThreadEventExecutor.java:897)
	at org.apache.ratis.thirdparty.io.netty.util.concurrent.FastThreadLocalRunnable.run(FastThreadLocalRunnable.java:30)
	... 1 more
Caused by: java.net.ConnectException: Connection refused
	... 11 more
2019-10-18 14:30:46,965 [681edbc6-a1fc-42a4-b5ce-4922820de60a@group-FD33B9583E3C-LeaderElection232] INFO  impl.LeaderElection (LogUtils.java:infoOrTrace(149)) -   Exception 1: {}
java.util.concurrent.ExecutionException: org.apache.ratis.thirdparty.io.grpc.StatusRuntimeException: UNAVAILABLE: io exception
	at java.util.concurrent.FutureTask.report(FutureTask.java:122)
	at java.util.concurrent.FutureTask.get(FutureTask.java:192)
	at org.apache.ratis.server.impl.LeaderElection.waitForResults(LeaderElection.java:259)
	at org.apache.ratis.server.impl.LeaderElection.askForVotes(LeaderElection.java:197)
	at org.apache.ratis.server.impl.LeaderElection.run(LeaderElection.java:133)
	at java.lang.Thread.run(Thread.java:748)
Caused by: org.apache.ratis.thirdparty.io.grpc.StatusRuntimeException: UNAVAILABLE: io exception
	at org.apache.ratis.thirdparty.io.grpc.stub.ClientCalls.toStatusRuntimeException(ClientCalls.java:233)
	at org.apache.ratis.thirdparty.io.grpc.stub.ClientCalls.getUnchecked(ClientCalls.java:214)
	at org.apache.ratis.thirdparty.io.grpc.stub.ClientCalls.blockingUnaryCall(ClientCalls.java:139)
	at org.apache.ratis.proto.grpc.RaftServerProtocolServiceGrpc$RaftServerProtocolServiceBlockingStub.requestVote(RaftServerProtocolServiceGrpc.java:265)
	at org.apache.ratis.grpc.server.GrpcServerProtocolClient.requestVote(GrpcServerProtocolClient.java:99)
	at org.apache.ratis.grpc.server.GrpcService.requestVote(GrpcService.java:204)
	at org.apache.ratis.server.impl.LeaderElection.lambda$submitRequests$1(LeaderElection.java:234)
	at java.util.concurrent.FutureTask.run(FutureTask.java:266)
	at java.util.concurrent.Executors$RunnableAdapter.call(Executors.java:511)
	at java.util.concurrent.FutureTask.run(FutureTask.java:266)
	at java.util.concurrent.ThreadPoolExecutor.runWorker(ThreadPoolExecutor.java:1149)
	at java.util.concurrent.ThreadPoolExecutor$Worker.run(ThreadPoolExecutor.java:624)
	... 1 more
Caused by: org.apache.ratis.thirdparty.io.netty.channel.AbstractChannel$AnnotatedConnectException: Connection refused: /192.168.164.233:38729
	at sun.nio.ch.SocketChannelImpl.checkConnect(Native Method)
	at sun.nio.ch.SocketChannelImpl.finishConnect(SocketChannelImpl.java:717)
	at org.apache.ratis.thirdparty.io.netty.channel.socket.nio.NioSocketChannel.doFinishConnect(NioSocketChannel.java:327)
	at org.apache.ratis.thirdparty.io.netty.channel.nio.AbstractNioChannel$AbstractNioUnsafe.finishConnect(AbstractNioChannel.java:340)
	at org.apache.ratis.thirdparty.io.netty.channel.nio.NioEventLoop.processSelectedKey(NioEventLoop.java:632)
	at org.apache.ratis.thirdparty.io.netty.channel.nio.NioEventLoop.processSelectedKeysOptimized(NioEventLoop.java:579)
	at org.apache.ratis.thirdparty.io.netty.channel.nio.NioEventLoop.processSelectedKeys(NioEventLoop.java:496)
	at org.apache.ratis.thirdparty.io.netty.channel.nio.NioEventLoop.run(NioEventLoop.java:458)
	at org.apache.ratis.thirdparty.io.netty.util.concurrent.SingleThreadEventExecutor$5.run(SingleThreadEventExecutor.java:897)
	at org.apache.ratis.thirdparty.io.netty.util.concurrent.FastThreadLocalRunnable.run(FastThreadLocalRunnable.java:30)
	... 1 more
Caused by: java.net.ConnectException: Connection refused
	... 11 more
2019-10-18 14:30:46,966 [681edbc6-a1fc-42a4-b5ce-4922820de60a@group-FD33B9583E3C-LeaderElection232] INFO  impl.RaftServerImpl (RaftServerImpl.java:setRole(184)) - 681edbc6-a1fc-42a4-b5ce-4922820de60a@group-FD33B9583E3C: changes role from CANDIDATE to FOLLOWER at term 232 for DISCOVERED_A_NEW_TERM
2019-10-18 14:30:46,966 [681edbc6-a1fc-42a4-b5ce-4922820de60a@group-FD33B9583E3C-LeaderElection232] INFO  impl.RoleInfo (RoleInfo.java:shutdownLeaderElection(134)) - 681edbc6-a1fc-42a4-b5ce-4922820de60a: shutdown LeaderElection
2019-10-18 14:30:46,966 [681edbc6-a1fc-42a4-b5ce-4922820de60a@group-FD33B9583E3C-LeaderElection232] INFO  impl.RoleInfo (RoleInfo.java:updateAndGet(143)) - 681edbc6-a1fc-42a4-b5ce-4922820de60a: start FollowerState
2019-10-18 14:30:46,966 [Thread-1915] INFO  impl.FollowerState (FollowerState.java:run(108)) - 681edbc6-a1fc-42a4-b5ce-4922820de60a@group-FD33B9583E3C-FollowerState: change to CANDIDATE, lastRpcTime:0ms, electionTimeout:0ms
2019-10-18 14:30:46,966 [Thread-1915] INFO  impl.RoleInfo (RoleInfo.java:shutdownFollowerState(121)) - 681edbc6-a1fc-42a4-b5ce-4922820de60a: shutdown FollowerState
2019-10-18 14:30:46,966 [Thread-1915] INFO  impl.RaftServerImpl (RaftServerImpl.java:setRole(184)) - 681edbc6-a1fc-42a4-b5ce-4922820de60a@group-FD33B9583E3C: changes role from  FOLLOWER to CANDIDATE at term 232 for changeToCandidate
2019-10-18 14:30:46,967 [Thread-1915] INFO  impl.RoleInfo (RoleInfo.java:updateAndGet(143)) - 681edbc6-a1fc-42a4-b5ce-4922820de60a: start LeaderElection
2019-10-18 14:30:46,980 [681edbc6-a1fc-42a4-b5ce-4922820de60a@group-FD33B9583E3C-LeaderElection233] INFO  impl.LeaderElection (LeaderElection.java:askForVotes(178)) - 681edbc6-a1fc-42a4-b5ce-4922820de60a@group-FD33B9583E3C-LeaderElection233: begin an election at term 233 for -1: [3ee7b367-7b16-44e1-99f8-43aefeda0876:192.168.164.233:46080, 681edbc6-a1fc-42a4-b5ce-4922820de60a:192.168.164.233:44267, 773cce60-eeca-4c1f-a5ec-70084be8b6b9:192.168.164.233:38729], old=null
2019-10-18 14:30:46,981 [681edbc6-a1fc-42a4-b5ce-4922820de60a@group-FD33B9583E3C-LeaderElection233] INFO  impl.LeaderElection (LogUtils.java:infoOrTrace(149)) - 681edbc6-a1fc-42a4-b5ce-4922820de60a@group-FD33B9583E3C-LeaderElection233 got exception when requesting votes: {}
java.util.concurrent.ExecutionException: org.apache.ratis.thirdparty.io.grpc.StatusRuntimeException: UNAVAILABLE: io exception
	at java.util.concurrent.FutureTask.report(FutureTask.java:122)
	at java.util.concurrent.FutureTask.get(FutureTask.java:192)
	at org.apache.ratis.server.impl.LeaderElection.waitForResults(LeaderElection.java:259)
	at org.apache.ratis.server.impl.LeaderElection.askForVotes(LeaderElection.java:197)
	at org.apache.ratis.server.impl.LeaderElection.run(LeaderElection.java:133)
	at java.lang.Thread.run(Thread.java:748)
Caused by: org.apache.ratis.thirdparty.io.grpc.StatusRuntimeException: UNAVAILABLE: io exception
	at org.apache.ratis.thirdparty.io.grpc.stub.ClientCalls.toStatusRuntimeException(ClientCalls.java:233)
	at org.apache.ratis.thirdparty.io.grpc.stub.ClientCalls.getUnchecked(ClientCalls.java:214)
	at org.apache.ratis.thirdparty.io.grpc.stub.ClientCalls.blockingUnaryCall(ClientCalls.java:139)
	at org.apache.ratis.proto.grpc.RaftServerProtocolServiceGrpc$RaftServerProtocolServiceBlockingStub.requestVote(RaftServerProtocolServiceGrpc.java:265)
	at org.apache.ratis.grpc.server.GrpcServerProtocolClient.requestVote(GrpcServerProtocolClient.java:99)
	at org.apache.ratis.grpc.server.GrpcService.requestVote(GrpcService.java:204)
	at org.apache.ratis.server.impl.LeaderElection.lambda$submitRequests$1(LeaderElection.java:234)
	at java.util.concurrent.FutureTask.run(FutureTask.java:266)
	at java.util.concurrent.Executors$RunnableAdapter.call(Executors.java:511)
	at java.util.concurrent.FutureTask.run(FutureTask.java:266)
	at java.util.concurrent.ThreadPoolExecutor.runWorker(ThreadPoolExecutor.java:1149)
	at java.util.concurrent.ThreadPoolExecutor$Worker.run(ThreadPoolExecutor.java:624)
	... 1 more
Caused by: org.apache.ratis.thirdparty.io.netty.channel.AbstractChannel$AnnotatedConnectException: Connection refused: /192.168.164.233:38729
	at sun.nio.ch.SocketChannelImpl.checkConnect(Native Method)
	at sun.nio.ch.SocketChannelImpl.finishConnect(SocketChannelImpl.java:717)
	at org.apache.ratis.thirdparty.io.netty.channel.socket.nio.NioSocketChannel.doFinishConnect(NioSocketChannel.java:327)
	at org.apache.ratis.thirdparty.io.netty.channel.nio.AbstractNioChannel$AbstractNioUnsafe.finishConnect(AbstractNioChannel.java:340)
	at org.apache.ratis.thirdparty.io.netty.channel.nio.NioEventLoop.processSelectedKey(NioEventLoop.java:632)
	at org.apache.ratis.thirdparty.io.netty.channel.nio.NioEventLoop.processSelectedKeysOptimized(NioEventLoop.java:579)
	at org.apache.ratis.thirdparty.io.netty.channel.nio.NioEventLoop.processSelectedKeys(NioEventLoop.java:496)
	at org.apache.ratis.thirdparty.io.netty.channel.nio.NioEventLoop.run(NioEventLoop.java:458)
	at org.apache.ratis.thirdparty.io.netty.util.concurrent.SingleThreadEventExecutor$5.run(SingleThreadEventExecutor.java:897)
	at org.apache.ratis.thirdparty.io.netty.util.concurrent.FastThreadLocalRunnable.run(FastThreadLocalRunnable.java:30)
	... 1 more
Caused by: java.net.ConnectException: Connection refused
	... 11 more
2019-10-18 14:30:46,981 [681edbc6-a1fc-42a4-b5ce-4922820de60a@group-FD33B9583E3C-LeaderElection233] INFO  impl.LeaderElection (LogUtils.java:infoOrTrace(149)) - 681edbc6-a1fc-42a4-b5ce-4922820de60a@group-FD33B9583E3C-LeaderElection233 got exception when requesting votes: {}
java.util.concurrent.ExecutionException: org.apache.ratis.thirdparty.io.grpc.StatusRuntimeException: UNAVAILABLE: io exception
	at java.util.concurrent.FutureTask.report(FutureTask.java:122)
	at java.util.concurrent.FutureTask.get(FutureTask.java:192)
	at org.apache.ratis.server.impl.LeaderElection.waitForResults(LeaderElection.java:259)
	at org.apache.ratis.server.impl.LeaderElection.askForVotes(LeaderElection.java:197)
	at org.apache.ratis.server.impl.LeaderElection.run(LeaderElection.java:133)
	at java.lang.Thread.run(Thread.java:748)
Caused by: org.apache.ratis.thirdparty.io.grpc.StatusRuntimeException: UNAVAILABLE: io exception
	at org.apache.ratis.thirdparty.io.grpc.stub.ClientCalls.toStatusRuntimeException(ClientCalls.java:233)
	at org.apache.ratis.thirdparty.io.grpc.stub.ClientCalls.getUnchecked(ClientCalls.java:214)
	at org.apache.ratis.thirdparty.io.grpc.stub.ClientCalls.blockingUnaryCall(ClientCalls.java:139)
	at org.apache.ratis.proto.grpc.RaftServerProtocolServiceGrpc$RaftServerProtocolServiceBlockingStub.requestVote(RaftServerProtocolServiceGrpc.java:265)
	at org.apache.ratis.grpc.server.GrpcServerProtocolClient.requestVote(GrpcServerProtocolClient.java:99)
	at org.apache.ratis.grpc.server.GrpcService.requestVote(GrpcService.java:204)
	at org.apache.ratis.server.impl.LeaderElection.lambda$submitRequests$1(LeaderElection.java:234)
	at java.util.concurrent.FutureTask.run(FutureTask.java:266)
	at java.util.concurrent.Executors$RunnableAdapter.call(Executors.java:511)
	at java.util.concurrent.FutureTask.run(FutureTask.java:266)
	at java.util.concurrent.ThreadPoolExecutor.runWorker(ThreadPoolExecutor.java:1149)
	at java.util.concurrent.ThreadPoolExecutor$Worker.run(ThreadPoolExecutor.java:624)
	... 1 more
Caused by: org.apache.ratis.thirdparty.io.netty.channel.AbstractChannel$AnnotatedConnectException: Connection refused: /192.168.164.233:46080
	at sun.nio.ch.SocketChannelImpl.checkConnect(Native Method)
	at sun.nio.ch.SocketChannelImpl.finishConnect(SocketChannelImpl.java:717)
	at org.apache.ratis.thirdparty.io.netty.channel.socket.nio.NioSocketChannel.doFinishConnect(NioSocketChannel.java:327)
	at org.apache.ratis.thirdparty.io.netty.channel.nio.AbstractNioChannel$AbstractNioUnsafe.finishConnect(AbstractNioChannel.java:340)
	at org.apache.ratis.thirdparty.io.netty.channel.nio.NioEventLoop.processSelectedKey(NioEventLoop.java:632)
	at org.apache.ratis.thirdparty.io.netty.channel.nio.NioEventLoop.processSelectedKeysOptimized(NioEventLoop.java:579)
	at org.apache.ratis.thirdparty.io.netty.channel.nio.NioEventLoop.processSelectedKeys(NioEventLoop.java:496)
	at org.apache.ratis.thirdparty.io.netty.channel.nio.NioEventLoop.run(NioEventLoop.java:458)
	at org.apache.ratis.thirdparty.io.netty.util.concurrent.SingleThreadEventExecutor$5.run(SingleThreadEventExecutor.java:897)
	at org.apache.ratis.thirdparty.io.netty.util.concurrent.FastThreadLocalRunnable.run(FastThreadLocalRunnable.java:30)
	... 1 more
Caused by: java.net.ConnectException: Connection refused
	... 11 more
2019-10-18 14:30:46,981 [681edbc6-a1fc-42a4-b5ce-4922820de60a@group-FD33B9583E3C-LeaderElection233] INFO  impl.LeaderElection (LeaderElection.java:logAndReturn(56)) - 681edbc6-a1fc-42a4-b5ce-4922820de60a@group-FD33B9583E3C-LeaderElection233: Election REJECTED; received 0 response(s) [] and 2 exception(s); 681edbc6-a1fc-42a4-b5ce-4922820de60a@group-FD33B9583E3C:t233, leader=null, voted=681edbc6-a1fc-42a4-b5ce-4922820de60a, raftlog=681edbc6-a1fc-42a4-b5ce-4922820de60a@group-FD33B9583E3C-SegmentedRaftLog:OPENED:c-1,f-1,i0, conf=-1: [3ee7b367-7b16-44e1-99f8-43aefeda0876:192.168.164.233:46080, 681edbc6-a1fc-42a4-b5ce-4922820de60a:192.168.164.233:44267, 773cce60-eeca-4c1f-a5ec-70084be8b6b9:192.168.164.233:38729], old=null
2019-10-18 14:30:46,981 [681edbc6-a1fc-42a4-b5ce-4922820de60a@group-FD33B9583E3C-LeaderElection233] INFO  impl.LeaderElection (LogUtils.java:infoOrTrace(149)) -   Exception 0: {}
java.util.concurrent.ExecutionException: org.apache.ratis.thirdparty.io.grpc.StatusRuntimeException: UNAVAILABLE: io exception
	at java.util.concurrent.FutureTask.report(FutureTask.java:122)
	at java.util.concurrent.FutureTask.get(FutureTask.java:192)
	at org.apache.ratis.server.impl.LeaderElection.waitForResults(LeaderElection.java:259)
	at org.apache.ratis.server.impl.LeaderElection.askForVotes(LeaderElection.java:197)
	at org.apache.ratis.server.impl.LeaderElection.run(LeaderElection.java:133)
	at java.lang.Thread.run(Thread.java:748)
Caused by: org.apache.ratis.thirdparty.io.grpc.StatusRuntimeException: UNAVAILABLE: io exception
	at org.apache.ratis.thirdparty.io.grpc.stub.ClientCalls.toStatusRuntimeException(ClientCalls.java:233)
	at org.apache.ratis.thirdparty.io.grpc.stub.ClientCalls.getUnchecked(ClientCalls.java:214)
	at org.apache.ratis.thirdparty.io.grpc.stub.ClientCalls.blockingUnaryCall(ClientCalls.java:139)
	at org.apache.ratis.proto.grpc.RaftServerProtocolServiceGrpc$RaftServerProtocolServiceBlockingStub.requestVote(RaftServerProtocolServiceGrpc.java:265)
	at org.apache.ratis.grpc.server.GrpcServerProtocolClient.requestVote(GrpcServerProtocolClient.java:99)
	at org.apache.ratis.grpc.server.GrpcService.requestVote(GrpcService.java:204)
	at org.apache.ratis.server.impl.LeaderElection.lambda$submitRequests$1(LeaderElection.java:234)
	at java.util.concurrent.FutureTask.run(FutureTask.java:266)
	at java.util.concurrent.Executors$RunnableAdapter.call(Executors.java:511)
	at java.util.concurrent.FutureTask.run(FutureTask.java:266)
	at java.util.concurrent.ThreadPoolExecutor.runWorker(ThreadPoolExecutor.java:1149)
	at java.util.concurrent.ThreadPoolExecutor$Worker.run(ThreadPoolExecutor.java:624)
	... 1 more
Caused by: org.apache.ratis.thirdparty.io.netty.channel.AbstractChannel$AnnotatedConnectException: Connection refused: /192.168.164.233:38729
	at sun.nio.ch.SocketChannelImpl.checkConnect(Native Method)
	at sun.nio.ch.SocketChannelImpl.finishConnect(SocketChannelImpl.java:717)
	at org.apache.ratis.thirdparty.io.netty.channel.socket.nio.NioSocketChannel.doFinishConnect(NioSocketChannel.java:327)
	at org.apache.ratis.thirdparty.io.netty.channel.nio.AbstractNioChannel$AbstractNioUnsafe.finishConnect(AbstractNioChannel.java:340)
	at org.apache.ratis.thirdparty.io.netty.channel.nio.NioEventLoop.processSelectedKey(NioEventLoop.java:632)
	at org.apache.ratis.thirdparty.io.netty.channel.nio.NioEventLoop.processSelectedKeysOptimized(NioEventLoop.java:579)
	at org.apache.ratis.thirdparty.io.netty.channel.nio.NioEventLoop.processSelectedKeys(NioEventLoop.java:496)
	at org.apache.ratis.thirdparty.io.netty.channel.nio.NioEventLoop.run(NioEventLoop.java:458)
	at org.apache.ratis.thirdparty.io.netty.util.concurrent.SingleThreadEventExecutor$5.run(SingleThreadEventExecutor.java:897)
	at org.apache.ratis.thirdparty.io.netty.util.concurrent.FastThreadLocalRunnable.run(FastThreadLocalRunnable.java:30)
	... 1 more
Caused by: java.net.ConnectException: Connection refused
	... 11 more
2019-10-18 14:30:46,981 [681edbc6-a1fc-42a4-b5ce-4922820de60a@group-FD33B9583E3C-LeaderElection233] INFO  impl.LeaderElection (LogUtils.java:infoOrTrace(149)) -   Exception 1: {}
java.util.concurrent.ExecutionException: org.apache.ratis.thirdparty.io.grpc.StatusRuntimeException: UNAVAILABLE: io exception
	at java.util.concurrent.FutureTask.report(FutureTask.java:122)
	at java.util.concurrent.FutureTask.get(FutureTask.java:192)
	at org.apache.ratis.server.impl.LeaderElection.waitForResults(LeaderElection.java:259)
	at org.apache.ratis.server.impl.LeaderElection.askForVotes(LeaderElection.java:197)
	at org.apache.ratis.server.impl.LeaderElection.run(LeaderElection.java:133)
	at java.lang.Thread.run(Thread.java:748)
Caused by: org.apache.ratis.thirdparty.io.grpc.StatusRuntimeException: UNAVAILABLE: io exception
	at org.apache.ratis.thirdparty.io.grpc.stub.ClientCalls.toStatusRuntimeException(ClientCalls.java:233)
	at org.apache.ratis.thirdparty.io.grpc.stub.ClientCalls.getUnchecked(ClientCalls.java:214)
	at org.apache.ratis.thirdparty.io.grpc.stub.ClientCalls.blockingUnaryCall(ClientCalls.java:139)
	at org.apache.ratis.proto.grpc.RaftServerProtocolServiceGrpc$RaftServerProtocolServiceBlockingStub.requestVote(RaftServerProtocolServiceGrpc.java:265)
	at org.apache.ratis.grpc.server.GrpcServerProtocolClient.requestVote(GrpcServerProtocolClient.java:99)
	at org.apache.ratis.grpc.server.GrpcService.requestVote(GrpcService.java:204)
	at org.apache.ratis.server.impl.LeaderElection.lambda$submitRequests$1(LeaderElection.java:234)
	at java.util.concurrent.FutureTask.run(FutureTask.java:266)
	at java.util.concurrent.Executors$RunnableAdapter.call(Executors.java:511)
	at java.util.concurrent.FutureTask.run(FutureTask.java:266)
	at java.util.concurrent.ThreadPoolExecutor.runWorker(ThreadPoolExecutor.java:1149)
	at java.util.concurrent.ThreadPoolExecutor$Worker.run(ThreadPoolExecutor.java:624)
	... 1 more
Caused by: org.apache.ratis.thirdparty.io.netty.channel.AbstractChannel$AnnotatedConnectException: Connection refused: /192.168.164.233:46080
	at sun.nio.ch.SocketChannelImpl.checkConnect(Native Method)
	at sun.nio.ch.SocketChannelImpl.finishConnect(SocketChannelImpl.java:717)
	at org.apache.ratis.thirdparty.io.netty.channel.socket.nio.NioSocketChannel.doFinishConnect(NioSocketChannel.java:327)
	at org.apache.ratis.thirdparty.io.netty.channel.nio.AbstractNioChannel$AbstractNioUnsafe.finishConnect(AbstractNioChannel.java:340)
	at org.apache.ratis.thirdparty.io.netty.channel.nio.NioEventLoop.processSelectedKey(NioEventLoop.java:632)
	at org.apache.ratis.thirdparty.io.netty.channel.nio.NioEventLoop.processSelectedKeysOptimized(NioEventLoop.java:579)
	at org.apache.ratis.thirdparty.io.netty.channel.nio.NioEventLoop.processSelectedKeys(NioEventLoop.java:496)
	at org.apache.ratis.thirdparty.io.netty.channel.nio.NioEventLoop.run(NioEventLoop.java:458)
	at org.apache.ratis.thirdparty.io.netty.util.concurrent.SingleThreadEventExecutor$5.run(SingleThreadEventExecutor.java:897)
	at org.apache.ratis.thirdparty.io.netty.util.concurrent.FastThreadLocalRunnable.run(FastThreadLocalRunnable.java:30)
	... 1 more
Caused by: java.net.ConnectException: Connection refused
	... 11 more
2019-10-18 14:30:46,982 [681edbc6-a1fc-42a4-b5ce-4922820de60a@group-FD33B9583E3C-LeaderElection233] INFO  impl.RaftServerImpl (RaftServerImpl.java:setRole(184)) - 681edbc6-a1fc-42a4-b5ce-4922820de60a@group-FD33B9583E3C: changes role from CANDIDATE to FOLLOWER at term 233 for DISCOVERED_A_NEW_TERM
2019-10-18 14:30:46,982 [681edbc6-a1fc-42a4-b5ce-4922820de60a@group-FD33B9583E3C-LeaderElection233] INFO  impl.RoleInfo (RoleInfo.java:shutdownLeaderElection(134)) - 681edbc6-a1fc-42a4-b5ce-4922820de60a: shutdown LeaderElection
2019-10-18 14:30:46,982 [681edbc6-a1fc-42a4-b5ce-4922820de60a@group-FD33B9583E3C-LeaderElection233] INFO  impl.RoleInfo (RoleInfo.java:updateAndGet(143)) - 681edbc6-a1fc-42a4-b5ce-4922820de60a: start FollowerState
2019-10-18 14:30:47,017 [Thread-1919] INFO  impl.FollowerState (FollowerState.java:run(108)) - 681edbc6-a1fc-42a4-b5ce-4922820de60a@group-FD33B9583E3C-FollowerState: change to CANDIDATE, lastRpcTime:35ms, electionTimeout:35ms
2019-10-18 14:30:47,017 [Thread-1919] INFO  impl.RoleInfo (RoleInfo.java:shutdownFollowerState(121)) - 681edbc6-a1fc-42a4-b5ce-4922820de60a: shutdown FollowerState
2019-10-18 14:30:47,017 [Thread-1919] INFO  impl.RaftServerImpl (RaftServerImpl.java:setRole(184)) - 681edbc6-a1fc-42a4-b5ce-4922820de60a@group-FD33B9583E3C: changes role from  FOLLOWER to CANDIDATE at term 233 for changeToCandidate
2019-10-18 14:30:47,018 [Thread-1919] INFO  impl.RoleInfo (RoleInfo.java:updateAndGet(143)) - 681edbc6-a1fc-42a4-b5ce-4922820de60a: start LeaderElection
2019-10-18 14:30:47,031 [681edbc6-a1fc-42a4-b5ce-4922820de60a@group-FD33B9583E3C-LeaderElection234] INFO  impl.LeaderElection (LeaderElection.java:askForVotes(178)) - 681edbc6-a1fc-42a4-b5ce-4922820de60a@group-FD33B9583E3C-LeaderElection234: begin an election at term 234 for -1: [3ee7b367-7b16-44e1-99f8-43aefeda0876:192.168.164.233:46080, 681edbc6-a1fc-42a4-b5ce-4922820de60a:192.168.164.233:44267, 773cce60-eeca-4c1f-a5ec-70084be8b6b9:192.168.164.233:38729], old=null
2019-10-18 14:30:47,032 [681edbc6-a1fc-42a4-b5ce-4922820de60a@group-FD33B9583E3C-LeaderElection234] INFO  impl.LeaderElection (LogUtils.java:infoOrTrace(149)) - 681edbc6-a1fc-42a4-b5ce-4922820de60a@group-FD33B9583E3C-LeaderElection234 got exception when requesting votes: {}
java.util.concurrent.ExecutionException: org.apache.ratis.thirdparty.io.grpc.StatusRuntimeException: UNAVAILABLE: io exception
	at java.util.concurrent.FutureTask.report(FutureTask.java:122)
	at java.util.concurrent.FutureTask.get(FutureTask.java:192)
	at org.apache.ratis.server.impl.LeaderElection.waitForResults(LeaderElection.java:259)
	at org.apache.ratis.server.impl.LeaderElection.askForVotes(LeaderElection.java:197)
	at org.apache.ratis.server.impl.LeaderElection.run(LeaderElection.java:133)
	at java.lang.Thread.run(Thread.java:748)
Caused by: org.apache.ratis.thirdparty.io.grpc.StatusRuntimeException: UNAVAILABLE: io exception
	at org.apache.ratis.thirdparty.io.grpc.stub.ClientCalls.toStatusRuntimeException(ClientCalls.java:233)
	at org.apache.ratis.thirdparty.io.grpc.stub.ClientCalls.getUnchecked(ClientCalls.java:214)
	at org.apache.ratis.thirdparty.io.grpc.stub.ClientCalls.blockingUnaryCall(ClientCalls.java:139)
	at org.apache.ratis.proto.grpc.RaftServerProtocolServiceGrpc$RaftServerProtocolServiceBlockingStub.requestVote(RaftServerProtocolServiceGrpc.java:265)
	at org.apache.ratis.grpc.server.GrpcServerProtocolClient.requestVote(GrpcServerProtocolClient.java:99)
	at org.apache.ratis.grpc.server.GrpcService.requestVote(GrpcService.java:204)
	at org.apache.ratis.server.impl.LeaderElection.lambda$submitRequests$1(LeaderElection.java:234)
	at java.util.concurrent.FutureTask.run(FutureTask.java:266)
	at java.util.concurrent.Executors$RunnableAdapter.call(Executors.java:511)
	at java.util.concurrent.FutureTask.run(FutureTask.java:266)
	at java.util.concurrent.ThreadPoolExecutor.runWorker(ThreadPoolExecutor.java:1149)
	at java.util.concurrent.ThreadPoolExecutor$Worker.run(ThreadPoolExecutor.java:624)
	... 1 more
Caused by: org.apache.ratis.thirdparty.io.netty.channel.AbstractChannel$AnnotatedConnectException: Connection refused: /192.168.164.233:46080
	at sun.nio.ch.SocketChannelImpl.checkConnect(Native Method)
	at sun.nio.ch.SocketChannelImpl.finishConnect(SocketChannelImpl.java:717)
	at org.apache.ratis.thirdparty.io.netty.channel.socket.nio.NioSocketChannel.doFinishConnect(NioSocketChannel.java:327)
	at org.apache.ratis.thirdparty.io.netty.channel.nio.AbstractNioChannel$AbstractNioUnsafe.finishConnect(AbstractNioChannel.java:340)
	at org.apache.ratis.thirdparty.io.netty.channel.nio.NioEventLoop.processSelectedKey(NioEventLoop.java:632)
	at org.apache.ratis.thirdparty.io.netty.channel.nio.NioEventLoop.processSelectedKeysOptimized(NioEventLoop.java:579)
	at org.apache.ratis.thirdparty.io.netty.channel.nio.NioEventLoop.processSelectedKeys(NioEventLoop.java:496)
	at org.apache.ratis.thirdparty.io.netty.channel.nio.NioEventLoop.run(NioEventLoop.java:458)
	at org.apache.ratis.thirdparty.io.netty.util.concurrent.SingleThreadEventExecutor$5.run(SingleThreadEventExecutor.java:897)
	at org.apache.ratis.thirdparty.io.netty.util.concurrent.FastThreadLocalRunnable.run(FastThreadLocalRunnable.java:30)
	... 1 more
Caused by: java.net.ConnectException: Connection refused
	... 11 more
2019-10-18 14:30:47,032 [681edbc6-a1fc-42a4-b5ce-4922820de60a@group-FD33B9583E3C-LeaderElection234] INFO  impl.LeaderElection (LogUtils.java:infoOrTrace(149)) - 681edbc6-a1fc-42a4-b5ce-4922820de60a@group-FD33B9583E3C-LeaderElection234 got exception when requesting votes: {}
java.util.concurrent.ExecutionException: org.apache.ratis.thirdparty.io.grpc.StatusRuntimeException: UNAVAILABLE: io exception
	at java.util.concurrent.FutureTask.report(FutureTask.java:122)
	at java.util.concurrent.FutureTask.get(FutureTask.java:192)
	at org.apache.ratis.server.impl.LeaderElection.waitForResults(LeaderElection.java:259)
	at org.apache.ratis.server.impl.LeaderElection.askForVotes(LeaderElection.java:197)
	at org.apache.ratis.server.impl.LeaderElection.run(LeaderElection.java:133)
	at java.lang.Thread.run(Thread.java:748)
Caused by: org.apache.ratis.thirdparty.io.grpc.StatusRuntimeException: UNAVAILABLE: io exception
	at org.apache.ratis.thirdparty.io.grpc.stub.ClientCalls.toStatusRuntimeException(ClientCalls.java:233)
	at org.apache.ratis.thirdparty.io.grpc.stub.ClientCalls.getUnchecked(ClientCalls.java:214)
	at org.apache.ratis.thirdparty.io.grpc.stub.ClientCalls.blockingUnaryCall(ClientCalls.java:139)
	at org.apache.ratis.proto.grpc.RaftServerProtocolServiceGrpc$RaftServerProtocolServiceBlockingStub.requestVote(RaftServerProtocolServiceGrpc.java:265)
	at org.apache.ratis.grpc.server.GrpcServerProtocolClient.requestVote(GrpcServerProtocolClient.java:99)
	at org.apache.ratis.grpc.server.GrpcService.requestVote(GrpcService.java:204)
	at org.apache.ratis.server.impl.LeaderElection.lambda$submitRequests$1(LeaderElection.java:234)
	at java.util.concurrent.FutureTask.run(FutureTask.java:266)
	at java.util.concurrent.Executors$RunnableAdapter.call(Executors.java:511)
	at java.util.concurrent.FutureTask.run(FutureTask.java:266)
	at java.util.concurrent.ThreadPoolExecutor.runWorker(ThreadPoolExecutor.java:1149)
	at java.util.concurrent.ThreadPoolExecutor$Worker.run(ThreadPoolExecutor.java:624)
	... 1 more
Caused by: org.apache.ratis.thirdparty.io.netty.channel.AbstractChannel$AnnotatedConnectException: Connection refused: /192.168.164.233:38729
	at sun.nio.ch.SocketChannelImpl.checkConnect(Native Method)
	at sun.nio.ch.SocketChannelImpl.finishConnect(SocketChannelImpl.java:717)
	at org.apache.ratis.thirdparty.io.netty.channel.socket.nio.NioSocketChannel.doFinishConnect(NioSocketChannel.java:327)
	at org.apache.ratis.thirdparty.io.netty.channel.nio.AbstractNioChannel$AbstractNioUnsafe.finishConnect(AbstractNioChannel.java:340)
	at org.apache.ratis.thirdparty.io.netty.channel.nio.NioEventLoop.processSelectedKey(NioEventLoop.java:632)
	at org.apache.ratis.thirdparty.io.netty.channel.nio.NioEventLoop.processSelectedKeysOptimized(NioEventLoop.java:579)
	at org.apache.ratis.thirdparty.io.netty.channel.nio.NioEventLoop.processSelectedKeys(NioEventLoop.java:496)
	at org.apache.ratis.thirdparty.io.netty.channel.nio.NioEventLoop.run(NioEventLoop.java:458)
	at org.apache.ratis.thirdparty.io.netty.util.concurrent.SingleThreadEventExecutor$5.run(SingleThreadEventExecutor.java:897)
	at org.apache.ratis.thirdparty.io.netty.util.concurrent.FastThreadLocalRunnable.run(FastThreadLocalRunnable.java:30)
	... 1 more
Caused by: java.net.ConnectException: Connection refused
	... 11 more
2019-10-18 14:30:47,032 [681edbc6-a1fc-42a4-b5ce-4922820de60a@group-FD33B9583E3C-LeaderElection234] INFO  impl.LeaderElection (LeaderElection.java:logAndReturn(56)) - 681edbc6-a1fc-42a4-b5ce-4922820de60a@group-FD33B9583E3C-LeaderElection234: Election REJECTED; received 0 response(s) [] and 2 exception(s); 681edbc6-a1fc-42a4-b5ce-4922820de60a@group-FD33B9583E3C:t234, leader=null, voted=681edbc6-a1fc-42a4-b5ce-4922820de60a, raftlog=681edbc6-a1fc-42a4-b5ce-4922820de60a@group-FD33B9583E3C-SegmentedRaftLog:OPENED:c-1,f-1,i0, conf=-1: [3ee7b367-7b16-44e1-99f8-43aefeda0876:192.168.164.233:46080, 681edbc6-a1fc-42a4-b5ce-4922820de60a:192.168.164.233:44267, 773cce60-eeca-4c1f-a5ec-70084be8b6b9:192.168.164.233:38729], old=null
2019-10-18 14:30:47,032 [681edbc6-a1fc-42a4-b5ce-4922820de60a@group-FD33B9583E3C-LeaderElection234] INFO  impl.LeaderElection (LogUtils.java:infoOrTrace(149)) -   Exception 0: {}
java.util.concurrent.ExecutionException: org.apache.ratis.thirdparty.io.grpc.StatusRuntimeException: UNAVAILABLE: io exception
	at java.util.concurrent.FutureTask.report(FutureTask.java:122)
	at java.util.concurrent.FutureTask.get(FutureTask.java:192)
	at org.apache.ratis.server.impl.LeaderElection.waitForResults(LeaderElection.java:259)
	at org.apache.ratis.server.impl.LeaderElection.askForVotes(LeaderElection.java:197)
	at org.apache.ratis.server.impl.LeaderElection.run(LeaderElection.java:133)
	at java.lang.Thread.run(Thread.java:748)
Caused by: org.apache.ratis.thirdparty.io.grpc.StatusRuntimeException: UNAVAILABLE: io exception
	at org.apache.ratis.thirdparty.io.grpc.stub.ClientCalls.toStatusRuntimeException(ClientCalls.java:233)
	at org.apache.ratis.thirdparty.io.grpc.stub.ClientCalls.getUnchecked(ClientCalls.java:214)
	at org.apache.ratis.thirdparty.io.grpc.stub.ClientCalls.blockingUnaryCall(ClientCalls.java:139)
	at org.apache.ratis.proto.grpc.RaftServerProtocolServiceGrpc$RaftServerProtocolServiceBlockingStub.requestVote(RaftServerProtocolServiceGrpc.java:265)
	at org.apache.ratis.grpc.server.GrpcServerProtocolClient.requestVote(GrpcServerProtocolClient.java:99)
	at org.apache.ratis.grpc.server.GrpcService.requestVote(GrpcService.java:204)
	at org.apache.ratis.server.impl.LeaderElection.lambda$submitRequests$1(LeaderElection.java:234)
	at java.util.concurrent.FutureTask.run(FutureTask.java:266)
	at java.util.concurrent.Executors$RunnableAdapter.call(Executors.java:511)
	at java.util.concurrent.FutureTask.run(FutureTask.java:266)
	at java.util.concurrent.ThreadPoolExecutor.runWorker(ThreadPoolExecutor.java:1149)
	at java.util.concurrent.ThreadPoolExecutor$Worker.run(ThreadPoolExecutor.java:624)
	... 1 more
Caused by: org.apache.ratis.thirdparty.io.netty.channel.AbstractChannel$AnnotatedConnectException: Connection refused: /192.168.164.233:46080
	at sun.nio.ch.SocketChannelImpl.checkConnect(Native Method)
	at sun.nio.ch.SocketChannelImpl.finishConnect(SocketChannelImpl.java:717)
	at org.apache.ratis.thirdparty.io.netty.channel.socket.nio.NioSocketChannel.doFinishConnect(NioSocketChannel.java:327)
	at org.apache.ratis.thirdparty.io.netty.channel.nio.AbstractNioChannel$AbstractNioUnsafe.finishConnect(AbstractNioChannel.java:340)
	at org.apache.ratis.thirdparty.io.netty.channel.nio.NioEventLoop.processSelectedKey(NioEventLoop.java:632)
	at org.apache.ratis.thirdparty.io.netty.channel.nio.NioEventLoop.processSelectedKeysOptimized(NioEventLoop.java:579)
	at org.apache.ratis.thirdparty.io.netty.channel.nio.NioEventLoop.processSelectedKeys(NioEventLoop.java:496)
	at org.apache.ratis.thirdparty.io.netty.channel.nio.NioEventLoop.run(NioEventLoop.java:458)
	at org.apache.ratis.thirdparty.io.netty.util.concurrent.SingleThreadEventExecutor$5.run(SingleThreadEventExecutor.java:897)
	at org.apache.ratis.thirdparty.io.netty.util.concurrent.FastThreadLocalRunnable.run(FastThreadLocalRunnable.java:30)
	... 1 more
Caused by: java.net.ConnectException: Connection refused
	... 11 more
2019-10-18 14:30:47,032 [681edbc6-a1fc-42a4-b5ce-4922820de60a@group-FD33B9583E3C-LeaderElection234] INFO  impl.LeaderElection (LogUtils.java:infoOrTrace(149)) -   Exception 1: {}
java.util.concurrent.ExecutionException: org.apache.ratis.thirdparty.io.grpc.StatusRuntimeException: UNAVAILABLE: io exception
	at java.util.concurrent.FutureTask.report(FutureTask.java:122)
	at java.util.concurrent.FutureTask.get(FutureTask.java:192)
	at org.apache.ratis.server.impl.LeaderElection.waitForResults(LeaderElection.java:259)
	at org.apache.ratis.server.impl.LeaderElection.askForVotes(LeaderElection.java:197)
	at org.apache.ratis.server.impl.LeaderElection.run(LeaderElection.java:133)
	at java.lang.Thread.run(Thread.java:748)
Caused by: org.apache.ratis.thirdparty.io.grpc.StatusRuntimeException: UNAVAILABLE: io exception
	at org.apache.ratis.thirdparty.io.grpc.stub.ClientCalls.toStatusRuntimeException(ClientCalls.java:233)
	at org.apache.ratis.thirdparty.io.grpc.stub.ClientCalls.getUnchecked(ClientCalls.java:214)
	at org.apache.ratis.thirdparty.io.grpc.stub.ClientCalls.blockingUnaryCall(ClientCalls.java:139)
	at org.apache.ratis.proto.grpc.RaftServerProtocolServiceGrpc$RaftServerProtocolServiceBlockingStub.requestVote(RaftServerProtocolServiceGrpc.java:265)
	at org.apache.ratis.grpc.server.GrpcServerProtocolClient.requestVote(GrpcServerProtocolClient.java:99)
	at org.apache.ratis.grpc.server.GrpcService.requestVote(GrpcService.java:204)
	at org.apache.ratis.server.impl.LeaderElection.lambda$submitRequests$1(LeaderElection.java:234)
	at java.util.concurrent.FutureTask.run(FutureTask.java:266)
	at java.util.concurrent.Executors$RunnableAdapter.call(Executors.java:511)
	at java.util.concurrent.FutureTask.run(FutureTask.java:266)
	at java.util.concurrent.ThreadPoolExecutor.runWorker(ThreadPoolExecutor.java:1149)
	at java.util.concurrent.ThreadPoolExecutor$Worker.run(ThreadPoolExecutor.java:624)
	... 1 more
Caused by: org.apache.ratis.thirdparty.io.netty.channel.AbstractChannel$AnnotatedConnectException: Connection refused: /192.168.164.233:38729
	at sun.nio.ch.SocketChannelImpl.checkConnect(Native Method)
	at sun.nio.ch.SocketChannelImpl.finishConnect(SocketChannelImpl.java:717)
	at org.apache.ratis.thirdparty.io.netty.channel.socket.nio.NioSocketChannel.doFinishConnect(NioSocketChannel.java:327)
	at org.apache.ratis.thirdparty.io.netty.channel.nio.AbstractNioChannel$AbstractNioUnsafe.finishConnect(AbstractNioChannel.java:340)
	at org.apache.ratis.thirdparty.io.netty.channel.nio.NioEventLoop.processSelectedKey(NioEventLoop.java:632)
	at org.apache.ratis.thirdparty.io.netty.channel.nio.NioEventLoop.processSelectedKeysOptimized(NioEventLoop.java:579)
	at org.apache.ratis.thirdparty.io.netty.channel.nio.NioEventLoop.processSelectedKeys(NioEventLoop.java:496)
	at org.apache.ratis.thirdparty.io.netty.channel.nio.NioEventLoop.run(NioEventLoop.java:458)
	at org.apache.ratis.thirdparty.io.netty.util.concurrent.SingleThreadEventExecutor$5.run(SingleThreadEventExecutor.java:897)
	at org.apache.ratis.thirdparty.io.netty.util.concurrent.FastThreadLocalRunnable.run(FastThreadLocalRunnable.java:30)
	... 1 more
Caused by: java.net.ConnectException: Connection refused
	... 11 more
2019-10-18 14:30:47,033 [681edbc6-a1fc-42a4-b5ce-4922820de60a@group-FD33B9583E3C-LeaderElection234] INFO  impl.RaftServerImpl (RaftServerImpl.java:setRole(184)) - 681edbc6-a1fc-42a4-b5ce-4922820de60a@group-FD33B9583E3C: changes role from CANDIDATE to FOLLOWER at term 234 for DISCOVERED_A_NEW_TERM
2019-10-18 14:30:47,033 [681edbc6-a1fc-42a4-b5ce-4922820de60a@group-FD33B9583E3C-LeaderElection234] INFO  impl.RoleInfo (RoleInfo.java:shutdownLeaderElection(134)) - 681edbc6-a1fc-42a4-b5ce-4922820de60a: shutdown LeaderElection
2019-10-18 14:30:47,033 [681edbc6-a1fc-42a4-b5ce-4922820de60a@group-FD33B9583E3C-LeaderElection234] INFO  impl.RoleInfo (RoleInfo.java:updateAndGet(143)) - 681edbc6-a1fc-42a4-b5ce-4922820de60a: start FollowerState
2019-10-18 14:30:47,038 [Thread-1923] INFO  impl.FollowerState (FollowerState.java:run(108)) - 681edbc6-a1fc-42a4-b5ce-4922820de60a@group-FD33B9583E3C-FollowerState: change to CANDIDATE, lastRpcTime:5ms, electionTimeout:5ms
2019-10-18 14:30:47,038 [Thread-1923] INFO  impl.RoleInfo (RoleInfo.java:shutdownFollowerState(121)) - 681edbc6-a1fc-42a4-b5ce-4922820de60a: shutdown FollowerState
2019-10-18 14:30:47,038 [Thread-1923] INFO  impl.RaftServerImpl (RaftServerImpl.java:setRole(184)) - 681edbc6-a1fc-42a4-b5ce-4922820de60a@group-FD33B9583E3C: changes role from  FOLLOWER to CANDIDATE at term 234 for changeToCandidate
2019-10-18 14:30:47,038 [Thread-1923] INFO  impl.RoleInfo (RoleInfo.java:updateAndGet(143)) - 681edbc6-a1fc-42a4-b5ce-4922820de60a: start LeaderElection
2019-10-18 14:30:47,051 [681edbc6-a1fc-42a4-b5ce-4922820de60a@group-FD33B9583E3C-LeaderElection235] INFO  impl.LeaderElection (LeaderElection.java:askForVotes(178)) - 681edbc6-a1fc-42a4-b5ce-4922820de60a@group-FD33B9583E3C-LeaderElection235: begin an election at term 235 for -1: [3ee7b367-7b16-44e1-99f8-43aefeda0876:192.168.164.233:46080, 681edbc6-a1fc-42a4-b5ce-4922820de60a:192.168.164.233:44267, 773cce60-eeca-4c1f-a5ec-70084be8b6b9:192.168.164.233:38729], old=null
2019-10-18 14:30:47,052 [681edbc6-a1fc-42a4-b5ce-4922820de60a@group-FD33B9583E3C-LeaderElection235] INFO  impl.LeaderElection (LogUtils.java:infoOrTrace(149)) - 681edbc6-a1fc-42a4-b5ce-4922820de60a@group-FD33B9583E3C-LeaderElection235 got exception when requesting votes: {}
java.util.concurrent.ExecutionException: org.apache.ratis.thirdparty.io.grpc.StatusRuntimeException: UNAVAILABLE: io exception
	at java.util.concurrent.FutureTask.report(FutureTask.java:122)
	at java.util.concurrent.FutureTask.get(FutureTask.java:192)
	at org.apache.ratis.server.impl.LeaderElection.waitForResults(LeaderElection.java:259)
	at org.apache.ratis.server.impl.LeaderElection.askForVotes(LeaderElection.java:197)
	at org.apache.ratis.server.impl.LeaderElection.run(LeaderElection.java:133)
	at java.lang.Thread.run(Thread.java:748)
Caused by: org.apache.ratis.thirdparty.io.grpc.StatusRuntimeException: UNAVAILABLE: io exception
	at org.apache.ratis.thirdparty.io.grpc.stub.ClientCalls.toStatusRuntimeException(ClientCalls.java:233)
	at org.apache.ratis.thirdparty.io.grpc.stub.ClientCalls.getUnchecked(ClientCalls.java:214)
	at org.apache.ratis.thirdparty.io.grpc.stub.ClientCalls.blockingUnaryCall(ClientCalls.java:139)
	at org.apache.ratis.proto.grpc.RaftServerProtocolServiceGrpc$RaftServerProtocolServiceBlockingStub.requestVote(RaftServerProtocolServiceGrpc.java:265)
	at org.apache.ratis.grpc.server.GrpcServerProtocolClient.requestVote(GrpcServerProtocolClient.java:99)
	at org.apache.ratis.grpc.server.GrpcService.requestVote(GrpcService.java:204)
	at org.apache.ratis.server.impl.LeaderElection.lambda$submitRequests$1(LeaderElection.java:234)
	at java.util.concurrent.FutureTask.run(FutureTask.java:266)
	at java.util.concurrent.Executors$RunnableAdapter.call(Executors.java:511)
	at java.util.concurrent.FutureTask.run(FutureTask.java:266)
	at java.util.concurrent.ThreadPoolExecutor.runWorker(ThreadPoolExecutor.java:1149)
	at java.util.concurrent.ThreadPoolExecutor$Worker.run(ThreadPoolExecutor.java:624)
	... 1 more
Caused by: org.apache.ratis.thirdparty.io.netty.channel.AbstractChannel$AnnotatedConnectException: Connection refused: /192.168.164.233:46080
	at sun.nio.ch.SocketChannelImpl.checkConnect(Native Method)
	at sun.nio.ch.SocketChannelImpl.finishConnect(SocketChannelImpl.java:717)
	at org.apache.ratis.thirdparty.io.netty.channel.socket.nio.NioSocketChannel.doFinishConnect(NioSocketChannel.java:327)
	at org.apache.ratis.thirdparty.io.netty.channel.nio.AbstractNioChannel$AbstractNioUnsafe.finishConnect(AbstractNioChannel.java:340)
	at org.apache.ratis.thirdparty.io.netty.channel.nio.NioEventLoop.processSelectedKey(NioEventLoop.java:632)
	at org.apache.ratis.thirdparty.io.netty.channel.nio.NioEventLoop.processSelectedKeysOptimized(NioEventLoop.java:579)
	at org.apache.ratis.thirdparty.io.netty.channel.nio.NioEventLoop.processSelectedKeys(NioEventLoop.java:496)
	at org.apache.ratis.thirdparty.io.netty.channel.nio.NioEventLoop.run(NioEventLoop.java:458)
	at org.apache.ratis.thirdparty.io.netty.util.concurrent.SingleThreadEventExecutor$5.run(SingleThreadEventExecutor.java:897)
	at org.apache.ratis.thirdparty.io.netty.util.concurrent.FastThreadLocalRunnable.run(FastThreadLocalRunnable.java:30)
	... 1 more
Caused by: java.net.ConnectException: Connection refused
	... 11 more
2019-10-18 14:30:47,052 [681edbc6-a1fc-42a4-b5ce-4922820de60a@group-FD33B9583E3C-LeaderElection235] INFO  impl.LeaderElection (LogUtils.java:infoOrTrace(149)) - 681edbc6-a1fc-42a4-b5ce-4922820de60a@group-FD33B9583E3C-LeaderElection235 got exception when requesting votes: {}
java.util.concurrent.ExecutionException: org.apache.ratis.thirdparty.io.grpc.StatusRuntimeException: UNAVAILABLE: io exception
	at java.util.concurrent.FutureTask.report(FutureTask.java:122)
	at java.util.concurrent.FutureTask.get(FutureTask.java:192)
	at org.apache.ratis.server.impl.LeaderElection.waitForResults(LeaderElection.java:259)
	at org.apache.ratis.server.impl.LeaderElection.askForVotes(LeaderElection.java:197)
	at org.apache.ratis.server.impl.LeaderElection.run(LeaderElection.java:133)
	at java.lang.Thread.run(Thread.java:748)
Caused by: org.apache.ratis.thirdparty.io.grpc.StatusRuntimeException: UNAVAILABLE: io exception
	at org.apache.ratis.thirdparty.io.grpc.stub.ClientCalls.toStatusRuntimeException(ClientCalls.java:233)
	at org.apache.ratis.thirdparty.io.grpc.stub.ClientCalls.getUnchecked(ClientCalls.java:214)
	at org.apache.ratis.thirdparty.io.grpc.stub.ClientCalls.blockingUnaryCall(ClientCalls.java:139)
	at org.apache.ratis.proto.grpc.RaftServerProtocolServiceGrpc$RaftServerProtocolServiceBlockingStub.requestVote(RaftServerProtocolServiceGrpc.java:265)
	at org.apache.ratis.grpc.server.GrpcServerProtocolClient.requestVote(GrpcServerProtocolClient.java:99)
	at org.apache.ratis.grpc.server.GrpcService.requestVote(GrpcService.java:204)
	at org.apache.ratis.server.impl.LeaderElection.lambda$submitRequests$1(LeaderElection.java:234)
	at java.util.concurrent.FutureTask.run(FutureTask.java:266)
	at java.util.concurrent.Executors$RunnableAdapter.call(Executors.java:511)
	at java.util.concurrent.FutureTask.run(FutureTask.java:266)
	at java.util.concurrent.ThreadPoolExecutor.runWorker(ThreadPoolExecutor.java:1149)
	at java.util.concurrent.ThreadPoolExecutor$Worker.run(ThreadPoolExecutor.java:624)
	... 1 more
Caused by: org.apache.ratis.thirdparty.io.netty.channel.AbstractChannel$AnnotatedConnectException: Connection refused: /192.168.164.233:38729
	at sun.nio.ch.SocketChannelImpl.checkConnect(Native Method)
	at sun.nio.ch.SocketChannelImpl.finishConnect(SocketChannelImpl.java:717)
	at org.apache.ratis.thirdparty.io.netty.channel.socket.nio.NioSocketChannel.doFinishConnect(NioSocketChannel.java:327)
	at org.apache.ratis.thirdparty.io.netty.channel.nio.AbstractNioChannel$AbstractNioUnsafe.finishConnect(AbstractNioChannel.java:340)
	at org.apache.ratis.thirdparty.io.netty.channel.nio.NioEventLoop.processSelectedKey(NioEventLoop.java:632)
	at org.apache.ratis.thirdparty.io.netty.channel.nio.NioEventLoop.processSelectedKeysOptimized(NioEventLoop.java:579)
	at org.apache.ratis.thirdparty.io.netty.channel.nio.NioEventLoop.processSelectedKeys(NioEventLoop.java:496)
	at org.apache.ratis.thirdparty.io.netty.channel.nio.NioEventLoop.run(NioEventLoop.java:458)
	at org.apache.ratis.thirdparty.io.netty.util.concurrent.SingleThreadEventExecutor$5.run(SingleThreadEventExecutor.java:897)
	at org.apache.ratis.thirdparty.io.netty.util.concurrent.FastThreadLocalRunnable.run(FastThreadLocalRunnable.java:30)
	... 1 more
Caused by: java.net.ConnectException: Connection refused
	... 11 more
2019-10-18 14:30:47,053 [681edbc6-a1fc-42a4-b5ce-4922820de60a@group-FD33B9583E3C-LeaderElection235] INFO  impl.LeaderElection (LeaderElection.java:logAndReturn(56)) - 681edbc6-a1fc-42a4-b5ce-4922820de60a@group-FD33B9583E3C-LeaderElection235: Election REJECTED; received 0 response(s) [] and 2 exception(s); 681edbc6-a1fc-42a4-b5ce-4922820de60a@group-FD33B9583E3C:t235, leader=null, voted=681edbc6-a1fc-42a4-b5ce-4922820de60a, raftlog=681edbc6-a1fc-42a4-b5ce-4922820de60a@group-FD33B9583E3C-SegmentedRaftLog:OPENED:c-1,f-1,i0, conf=-1: [3ee7b367-7b16-44e1-99f8-43aefeda0876:192.168.164.233:46080, 681edbc6-a1fc-42a4-b5ce-4922820de60a:192.168.164.233:44267, 773cce60-eeca-4c1f-a5ec-70084be8b6b9:192.168.164.233:38729], old=null
2019-10-18 14:30:47,053 [681edbc6-a1fc-42a4-b5ce-4922820de60a@group-FD33B9583E3C-LeaderElection235] INFO  impl.LeaderElection (LogUtils.java:infoOrTrace(149)) -   Exception 0: {}
java.util.concurrent.ExecutionException: org.apache.ratis.thirdparty.io.grpc.StatusRuntimeException: UNAVAILABLE: io exception
	at java.util.concurrent.FutureTask.report(FutureTask.java:122)
	at java.util.concurrent.FutureTask.get(FutureTask.java:192)
	at org.apache.ratis.server.impl.LeaderElection.waitForResults(LeaderElection.java:259)
	at org.apache.ratis.server.impl.LeaderElection.askForVotes(LeaderElection.java:197)
	at org.apache.ratis.server.impl.LeaderElection.run(LeaderElection.java:133)
	at java.lang.Thread.run(Thread.java:748)
Caused by: org.apache.ratis.thirdparty.io.grpc.StatusRuntimeException: UNAVAILABLE: io exception
	at org.apache.ratis.thirdparty.io.grpc.stub.ClientCalls.toStatusRuntimeException(ClientCalls.java:233)
	at org.apache.ratis.thirdparty.io.grpc.stub.ClientCalls.getUnchecked(ClientCalls.java:214)
	at org.apache.ratis.thirdparty.io.grpc.stub.ClientCalls.blockingUnaryCall(ClientCalls.java:139)
	at org.apache.ratis.proto.grpc.RaftServerProtocolServiceGrpc$RaftServerProtocolServiceBlockingStub.requestVote(RaftServerProtocolServiceGrpc.java:265)
	at org.apache.ratis.grpc.server.GrpcServerProtocolClient.requestVote(GrpcServerProtocolClient.java:99)
	at org.apache.ratis.grpc.server.GrpcService.requestVote(GrpcService.java:204)
	at org.apache.ratis.server.impl.LeaderElection.lambda$submitRequests$1(LeaderElection.java:234)
	at java.util.concurrent.FutureTask.run(FutureTask.java:266)
	at java.util.concurrent.Executors$RunnableAdapter.call(Executors.java:511)
	at java.util.concurrent.FutureTask.run(FutureTask.java:266)
	at java.util.concurrent.ThreadPoolExecutor.runWorker(ThreadPoolExecutor.java:1149)
	at java.util.concurrent.ThreadPoolExecutor$Worker.run(ThreadPoolExecutor.java:624)
	... 1 more
Caused by: org.apache.ratis.thirdparty.io.netty.channel.AbstractChannel$AnnotatedConnectException: Connection refused: /192.168.164.233:46080
	at sun.nio.ch.SocketChannelImpl.checkConnect(Native Method)
	at sun.nio.ch.SocketChannelImpl.finishConnect(SocketChannelImpl.java:717)
	at org.apache.ratis.thirdparty.io.netty.channel.socket.nio.NioSocketChannel.doFinishConnect(NioSocketChannel.java:327)
	at org.apache.ratis.thirdparty.io.netty.channel.nio.AbstractNioChannel$AbstractNioUnsafe.finishConnect(AbstractNioChannel.java:340)
	at org.apache.ratis.thirdparty.io.netty.channel.nio.NioEventLoop.processSelectedKey(NioEventLoop.java:632)
	at org.apache.ratis.thirdparty.io.netty.channel.nio.NioEventLoop.processSelectedKeysOptimized(NioEventLoop.java:579)
	at org.apache.ratis.thirdparty.io.netty.channel.nio.NioEventLoop.processSelectedKeys(NioEventLoop.java:496)
	at org.apache.ratis.thirdparty.io.netty.channel.nio.NioEventLoop.run(NioEventLoop.java:458)
	at org.apache.ratis.thirdparty.io.netty.util.concurrent.SingleThreadEventExecutor$5.run(SingleThreadEventExecutor.java:897)
	at org.apache.ratis.thirdparty.io.netty.util.concurrent.FastThreadLocalRunnable.run(FastThreadLocalRunnable.java:30)
	... 1 more
Caused by: java.net.ConnectException: Connection refused
	... 11 more
2019-10-18 14:30:47,053 [681edbc6-a1fc-42a4-b5ce-4922820de60a@group-FD33B9583E3C-LeaderElection235] INFO  impl.LeaderElection (LogUtils.java:infoOrTrace(149)) -   Exception 1: {}
java.util.concurrent.ExecutionException: org.apache.ratis.thirdparty.io.grpc.StatusRuntimeException: UNAVAILABLE: io exception
	at java.util.concurrent.FutureTask.report(FutureTask.java:122)
	at java.util.concurrent.FutureTask.get(FutureTask.java:192)
	at org.apache.ratis.server.impl.LeaderElection.waitForResults(LeaderElection.java:259)
	at org.apache.ratis.server.impl.LeaderElection.askForVotes(LeaderElection.java:197)
	at org.apache.ratis.server.impl.LeaderElection.run(LeaderElection.java:133)
	at java.lang.Thread.run(Thread.java:748)
Caused by: org.apache.ratis.thirdparty.io.grpc.StatusRuntimeException: UNAVAILABLE: io exception
	at org.apache.ratis.thirdparty.io.grpc.stub.ClientCalls.toStatusRuntimeException(ClientCalls.java:233)
	at org.apache.ratis.thirdparty.io.grpc.stub.ClientCalls.getUnchecked(ClientCalls.java:214)
	at org.apache.ratis.thirdparty.io.grpc.stub.ClientCalls.blockingUnaryCall(ClientCalls.java:139)
	at org.apache.ratis.proto.grpc.RaftServerProtocolServiceGrpc$RaftServerProtocolServiceBlockingStub.requestVote(RaftServerProtocolServiceGrpc.java:265)
	at org.apache.ratis.grpc.server.GrpcServerProtocolClient.requestVote(GrpcServerProtocolClient.java:99)
	at org.apache.ratis.grpc.server.GrpcService.requestVote(GrpcService.java:204)
	at org.apache.ratis.server.impl.LeaderElection.lambda$submitRequests$1(LeaderElection.java:234)
	at java.util.concurrent.FutureTask.run(FutureTask.java:266)
	at java.util.concurrent.Executors$RunnableAdapter.call(Executors.java:511)
	at java.util.concurrent.FutureTask.run(FutureTask.java:266)
	at java.util.concurrent.ThreadPoolExecutor.runWorker(ThreadPoolExecutor.java:1149)
	at java.util.concurrent.ThreadPoolExecutor$Worker.run(ThreadPoolExecutor.java:624)
	... 1 more
Caused by: org.apache.ratis.thirdparty.io.netty.channel.AbstractChannel$AnnotatedConnectException: Connection refused: /192.168.164.233:38729
	at sun.nio.ch.SocketChannelImpl.checkConnect(Native Method)
	at sun.nio.ch.SocketChannelImpl.finishConnect(SocketChannelImpl.java:717)
	at org.apache.ratis.thirdparty.io.netty.channel.socket.nio.NioSocketChannel.doFinishConnect(NioSocketChannel.java:327)
	at org.apache.ratis.thirdparty.io.netty.channel.nio.AbstractNioChannel$AbstractNioUnsafe.finishConnect(AbstractNioChannel.java:340)
	at org.apache.ratis.thirdparty.io.netty.channel.nio.NioEventLoop.processSelectedKey(NioEventLoop.java:632)
	at org.apache.ratis.thirdparty.io.netty.channel.nio.NioEventLoop.processSelectedKeysOptimized(NioEventLoop.java:579)
	at org.apache.ratis.thirdparty.io.netty.channel.nio.NioEventLoop.processSelectedKeys(NioEventLoop.java:496)
	at org.apache.ratis.thirdparty.io.netty.channel.nio.NioEventLoop.run(NioEventLoop.java:458)
	at org.apache.ratis.thirdparty.io.netty.util.concurrent.SingleThreadEventExecutor$5.run(SingleThreadEventExecutor.java:897)
	at org.apache.ratis.thirdparty.io.netty.util.concurrent.FastThreadLocalRunnable.run(FastThreadLocalRunnable.java:30)
	... 1 more
Caused by: java.net.ConnectException: Connection refused
	... 11 more
2019-10-18 14:30:47,053 [681edbc6-a1fc-42a4-b5ce-4922820de60a@group-FD33B9583E3C-LeaderElection235] INFO  impl.RaftServerImpl (RaftServerImpl.java:setRole(184)) - 681edbc6-a1fc-42a4-b5ce-4922820de60a@group-FD33B9583E3C: changes role from CANDIDATE to FOLLOWER at term 235 for DISCOVERED_A_NEW_TERM
2019-10-18 14:30:47,053 [681edbc6-a1fc-42a4-b5ce-4922820de60a@group-FD33B9583E3C-LeaderElection235] INFO  impl.RoleInfo (RoleInfo.java:shutdownLeaderElection(134)) - 681edbc6-a1fc-42a4-b5ce-4922820de60a: shutdown LeaderElection
2019-10-18 14:30:47,053 [681edbc6-a1fc-42a4-b5ce-4922820de60a@group-FD33B9583E3C-LeaderElection235] INFO  impl.RoleInfo (RoleInfo.java:updateAndGet(143)) - 681edbc6-a1fc-42a4-b5ce-4922820de60a: start FollowerState
2019-10-18 14:30:47,213 [Thread-1927] INFO  impl.FollowerState (FollowerState.java:run(108)) - 681edbc6-a1fc-42a4-b5ce-4922820de60a@group-FD33B9583E3C-FollowerState: change to CANDIDATE, lastRpcTime:159ms, electionTimeout:159ms
2019-10-18 14:30:47,213 [Thread-1927] INFO  impl.RoleInfo (RoleInfo.java:shutdownFollowerState(121)) - 681edbc6-a1fc-42a4-b5ce-4922820de60a: shutdown FollowerState
2019-10-18 14:30:47,213 [Thread-1927] INFO  impl.RaftServerImpl (RaftServerImpl.java:setRole(184)) - 681edbc6-a1fc-42a4-b5ce-4922820de60a@group-FD33B9583E3C: changes role from  FOLLOWER to CANDIDATE at term 235 for changeToCandidate
2019-10-18 14:30:47,213 [Thread-1927] INFO  impl.RoleInfo (RoleInfo.java:updateAndGet(143)) - 681edbc6-a1fc-42a4-b5ce-4922820de60a: start LeaderElection
2019-10-18 14:30:47,223 [java.util.concurrent.ThreadPoolExecutor$Worker@4efed47c[State = -1, empty queue]] WARN  server.GrpcLogAppender (GrpcLogAppender.java:timeoutAppendRequest(209)) - 46c14060-ea78-4b5a-b57c-064e4766b234@group-45DBFE4B8A65->a4757974-e77e-4a1a-a400-c32fe273093a-GrpcLogAppender: appendEntries Timeout, request=46c14060-ea78-4b5a-b57c-064e4766b234->a4757974-e77e-4a1a-a400-c32fe273093a#57-t3, previous=(t:3, i:4), leaderCommit=4, initializing? false, entries: <empty>
2019-10-18 14:30:47,223 [java.util.concurrent.ThreadPoolExecutor$Worker@108d80c3[State = -1, empty queue]] WARN  server.GrpcLogAppender (GrpcLogAppender.java:timeoutAppendRequest(209)) - 46c14060-ea78-4b5a-b57c-064e4766b234@group-45DBFE4B8A65->55013cf6-f41f-4339-a52c-06c119893914-GrpcLogAppender: appendEntries Timeout, request=46c14060-ea78-4b5a-b57c-064e4766b234->55013cf6-f41f-4339-a52c-06c119893914#57-t3, previous=(t:3, i:4), leaderCommit=4, initializing? false, entries: <empty>
2019-10-18 14:30:47,227 [681edbc6-a1fc-42a4-b5ce-4922820de60a@group-FD33B9583E3C-LeaderElection236] INFO  impl.LeaderElection (LeaderElection.java:askForVotes(178)) - 681edbc6-a1fc-42a4-b5ce-4922820de60a@group-FD33B9583E3C-LeaderElection236: begin an election at term 236 for -1: [3ee7b367-7b16-44e1-99f8-43aefeda0876:192.168.164.233:46080, 681edbc6-a1fc-42a4-b5ce-4922820de60a:192.168.164.233:44267, 773cce60-eeca-4c1f-a5ec-70084be8b6b9:192.168.164.233:38729], old=null
2019-10-18 14:30:47,228 [681edbc6-a1fc-42a4-b5ce-4922820de60a@group-FD33B9583E3C-LeaderElection236] INFO  impl.LeaderElection (LogUtils.java:infoOrTrace(149)) - 681edbc6-a1fc-42a4-b5ce-4922820de60a@group-FD33B9583E3C-LeaderElection236 got exception when requesting votes: {}
java.util.concurrent.ExecutionException: org.apache.ratis.thirdparty.io.grpc.StatusRuntimeException: UNAVAILABLE: io exception
	at java.util.concurrent.FutureTask.report(FutureTask.java:122)
	at java.util.concurrent.FutureTask.get(FutureTask.java:192)
	at org.apache.ratis.server.impl.LeaderElection.waitForResults(LeaderElection.java:259)
	at org.apache.ratis.server.impl.LeaderElection.askForVotes(LeaderElection.java:197)
	at org.apache.ratis.server.impl.LeaderElection.run(LeaderElection.java:133)
	at java.lang.Thread.run(Thread.java:748)
Caused by: org.apache.ratis.thirdparty.io.grpc.StatusRuntimeException: UNAVAILABLE: io exception
	at org.apache.ratis.thirdparty.io.grpc.stub.ClientCalls.toStatusRuntimeException(ClientCalls.java:233)
	at org.apache.ratis.thirdparty.io.grpc.stub.ClientCalls.getUnchecked(ClientCalls.java:214)
	at org.apache.ratis.thirdparty.io.grpc.stub.ClientCalls.blockingUnaryCall(ClientCalls.java:139)
	at org.apache.ratis.proto.grpc.RaftServerProtocolServiceGrpc$RaftServerProtocolServiceBlockingStub.requestVote(RaftServerProtocolServiceGrpc.java:265)
	at org.apache.ratis.grpc.server.GrpcServerProtocolClient.requestVote(GrpcServerProtocolClient.java:99)
	at org.apache.ratis.grpc.server.GrpcService.requestVote(GrpcService.java:204)
	at org.apache.ratis.server.impl.LeaderElection.lambda$submitRequests$1(LeaderElection.java:234)
	at java.util.concurrent.FutureTask.run(FutureTask.java:266)
	at java.util.concurrent.Executors$RunnableAdapter.call(Executors.java:511)
	at java.util.concurrent.FutureTask.run(FutureTask.java:266)
	at java.util.concurrent.ThreadPoolExecutor.runWorker(ThreadPoolExecutor.java:1149)
	at java.util.concurrent.ThreadPoolExecutor$Worker.run(ThreadPoolExecutor.java:624)
	... 1 more
Caused by: org.apache.ratis.thirdparty.io.netty.channel.AbstractChannel$AnnotatedConnectException: Connection refused: /192.168.164.233:46080
	at sun.nio.ch.SocketChannelImpl.checkConnect(Native Method)
	at sun.nio.ch.SocketChannelImpl.finishConnect(SocketChannelImpl.java:717)
	at org.apache.ratis.thirdparty.io.netty.channel.socket.nio.NioSocketChannel.doFinishConnect(NioSocketChannel.java:327)
	at org.apache.ratis.thirdparty.io.netty.channel.nio.AbstractNioChannel$AbstractNioUnsafe.finishConnect(AbstractNioChannel.java:340)
	at org.apache.ratis.thirdparty.io.netty.channel.nio.NioEventLoop.processSelectedKey(NioEventLoop.java:632)
	at org.apache.ratis.thirdparty.io.netty.channel.nio.NioEventLoop.processSelectedKeysOptimized(NioEventLoop.java:579)
	at org.apache.ratis.thirdparty.io.netty.channel.nio.NioEventLoop.processSelectedKeys(NioEventLoop.java:496)
	at org.apache.ratis.thirdparty.io.netty.channel.nio.NioEventLoop.run(NioEventLoop.java:458)
	at org.apache.ratis.thirdparty.io.netty.util.concurrent.SingleThreadEventExecutor$5.run(SingleThreadEventExecutor.java:897)
	at org.apache.ratis.thirdparty.io.netty.util.concurrent.FastThreadLocalRunnable.run(FastThreadLocalRunnable.java:30)
	... 1 more
Caused by: java.net.ConnectException: Connection refused
	... 11 more
2019-10-18 14:30:47,229 [681edbc6-a1fc-42a4-b5ce-4922820de60a@group-FD33B9583E3C-LeaderElection236] INFO  impl.LeaderElection (LogUtils.java:infoOrTrace(149)) - 681edbc6-a1fc-42a4-b5ce-4922820de60a@group-FD33B9583E3C-LeaderElection236 got exception when requesting votes: {}
java.util.concurrent.ExecutionException: org.apache.ratis.thirdparty.io.grpc.StatusRuntimeException: UNAVAILABLE: io exception
	at java.util.concurrent.FutureTask.report(FutureTask.java:122)
	at java.util.concurrent.FutureTask.get(FutureTask.java:192)
	at org.apache.ratis.server.impl.LeaderElection.waitForResults(LeaderElection.java:259)
	at org.apache.ratis.server.impl.LeaderElection.askForVotes(LeaderElection.java:197)
	at org.apache.ratis.server.impl.LeaderElection.run(LeaderElection.java:133)
	at java.lang.Thread.run(Thread.java:748)
Caused by: org.apache.ratis.thirdparty.io.grpc.StatusRuntimeException: UNAVAILABLE: io exception
	at org.apache.ratis.thirdparty.io.grpc.stub.ClientCalls.toStatusRuntimeException(ClientCalls.java:233)
	at org.apache.ratis.thirdparty.io.grpc.stub.ClientCalls.getUnchecked(ClientCalls.java:214)
	at org.apache.ratis.thirdparty.io.grpc.stub.ClientCalls.blockingUnaryCall(ClientCalls.java:139)
	at org.apache.ratis.proto.grpc.RaftServerProtocolServiceGrpc$RaftServerProtocolServiceBlockingStub.requestVote(RaftServerProtocolServiceGrpc.java:265)
	at org.apache.ratis.grpc.server.GrpcServerProtocolClient.requestVote(GrpcServerProtocolClient.java:99)
	at org.apache.ratis.grpc.server.GrpcService.requestVote(GrpcService.java:204)
	at org.apache.ratis.server.impl.LeaderElection.lambda$submitRequests$1(LeaderElection.java:234)
	at java.util.concurrent.FutureTask.run(FutureTask.java:266)
	at java.util.concurrent.Executors$RunnableAdapter.call(Executors.java:511)
	at java.util.concurrent.FutureTask.run(FutureTask.java:266)
	at java.util.concurrent.ThreadPoolExecutor.runWorker(ThreadPoolExecutor.java:1149)
	at java.util.concurrent.ThreadPoolExecutor$Worker.run(ThreadPoolExecutor.java:624)
	... 1 more
Caused by: org.apache.ratis.thirdparty.io.netty.channel.AbstractChannel$AnnotatedConnectException: Connection refused: /192.168.164.233:38729
	at sun.nio.ch.SocketChannelImpl.checkConnect(Native Method)
	at sun.nio.ch.SocketChannelImpl.finishConnect(SocketChannelImpl.java:717)
	at org.apache.ratis.thirdparty.io.netty.channel.socket.nio.NioSocketChannel.doFinishConnect(NioSocketChannel.java:327)
	at org.apache.ratis.thirdparty.io.netty.channel.nio.AbstractNioChannel$AbstractNioUnsafe.finishConnect(AbstractNioChannel.java:340)
	at org.apache.ratis.thirdparty.io.netty.channel.nio.NioEventLoop.processSelectedKey(NioEventLoop.java:632)
	at org.apache.ratis.thirdparty.io.netty.channel.nio.NioEventLoop.processSelectedKeysOptimized(NioEventLoop.java:579)
	at org.apache.ratis.thirdparty.io.netty.channel.nio.NioEventLoop.processSelectedKeys(NioEventLoop.java:496)
	at org.apache.ratis.thirdparty.io.netty.channel.nio.NioEventLoop.run(NioEventLoop.java:458)
	at org.apache.ratis.thirdparty.io.netty.util.concurrent.SingleThreadEventExecutor$5.run(SingleThreadEventExecutor.java:897)
	at org.apache.ratis.thirdparty.io.netty.util.concurrent.FastThreadLocalRunnable.run(FastThreadLocalRunnable.java:30)
	... 1 more
Caused by: java.net.ConnectException: Connection refused
	... 11 more
2019-10-18 14:30:47,229 [681edbc6-a1fc-42a4-b5ce-4922820de60a@group-FD33B9583E3C-LeaderElection236] INFO  impl.LeaderElection (LeaderElection.java:logAndReturn(56)) - 681edbc6-a1fc-42a4-b5ce-4922820de60a@group-FD33B9583E3C-LeaderElection236: Election REJECTED; received 0 response(s) [] and 2 exception(s); 681edbc6-a1fc-42a4-b5ce-4922820de60a@group-FD33B9583E3C:t236, leader=null, voted=681edbc6-a1fc-42a4-b5ce-4922820de60a, raftlog=681edbc6-a1fc-42a4-b5ce-4922820de60a@group-FD33B9583E3C-SegmentedRaftLog:OPENED:c-1,f-1,i0, conf=-1: [3ee7b367-7b16-44e1-99f8-43aefeda0876:192.168.164.233:46080, 681edbc6-a1fc-42a4-b5ce-4922820de60a:192.168.164.233:44267, 773cce60-eeca-4c1f-a5ec-70084be8b6b9:192.168.164.233:38729], old=null
2019-10-18 14:30:47,229 [681edbc6-a1fc-42a4-b5ce-4922820de60a@group-FD33B9583E3C-LeaderElection236] INFO  impl.LeaderElection (LogUtils.java:infoOrTrace(149)) -   Exception 0: {}
java.util.concurrent.ExecutionException: org.apache.ratis.thirdparty.io.grpc.StatusRuntimeException: UNAVAILABLE: io exception
	at java.util.concurrent.FutureTask.report(FutureTask.java:122)
	at java.util.concurrent.FutureTask.get(FutureTask.java:192)
	at org.apache.ratis.server.impl.LeaderElection.waitForResults(LeaderElection.java:259)
	at org.apache.ratis.server.impl.LeaderElection.askForVotes(LeaderElection.java:197)
	at org.apache.ratis.server.impl.LeaderElection.run(LeaderElection.java:133)
	at java.lang.Thread.run(Thread.java:748)
Caused by: org.apache.ratis.thirdparty.io.grpc.StatusRuntimeException: UNAVAILABLE: io exception
	at org.apache.ratis.thirdparty.io.grpc.stub.ClientCalls.toStatusRuntimeException(ClientCalls.java:233)
	at org.apache.ratis.thirdparty.io.grpc.stub.ClientCalls.getUnchecked(ClientCalls.java:214)
	at org.apache.ratis.thirdparty.io.grpc.stub.ClientCalls.blockingUnaryCall(ClientCalls.java:139)
	at org.apache.ratis.proto.grpc.RaftServerProtocolServiceGrpc$RaftServerProtocolServiceBlockingStub.requestVote(RaftServerProtocolServiceGrpc.java:265)
	at org.apache.ratis.grpc.server.GrpcServerProtocolClient.requestVote(GrpcServerProtocolClient.java:99)
	at org.apache.ratis.grpc.server.GrpcService.requestVote(GrpcService.java:204)
	at org.apache.ratis.server.impl.LeaderElection.lambda$submitRequests$1(LeaderElection.java:234)
	at java.util.concurrent.FutureTask.run(FutureTask.java:266)
	at java.util.concurrent.Executors$RunnableAdapter.call(Executors.java:511)
	at java.util.concurrent.FutureTask.run(FutureTask.java:266)
	at java.util.concurrent.ThreadPoolExecutor.runWorker(ThreadPoolExecutor.java:1149)
	at java.util.concurrent.ThreadPoolExecutor$Worker.run(ThreadPoolExecutor.java:624)
	... 1 more
Caused by: org.apache.ratis.thirdparty.io.netty.channel.AbstractChannel$AnnotatedConnectException: Connection refused: /192.168.164.233:46080
	at sun.nio.ch.SocketChannelImpl.checkConnect(Native Method)
	at sun.nio.ch.SocketChannelImpl.finishConnect(SocketChannelImpl.java:717)
	at org.apache.ratis.thirdparty.io.netty.channel.socket.nio.NioSocketChannel.doFinishConnect(NioSocketChannel.java:327)
	at org.apache.ratis.thirdparty.io.netty.channel.nio.AbstractNioChannel$AbstractNioUnsafe.finishConnect(AbstractNioChannel.java:340)
	at org.apache.ratis.thirdparty.io.netty.channel.nio.NioEventLoop.processSelectedKey(NioEventLoop.java:632)
	at org.apache.ratis.thirdparty.io.netty.channel.nio.NioEventLoop.processSelectedKeysOptimized(NioEventLoop.java:579)
	at org.apache.ratis.thirdparty.io.netty.channel.nio.NioEventLoop.processSelectedKeys(NioEventLoop.java:496)
	at org.apache.ratis.thirdparty.io.netty.channel.nio.NioEventLoop.run(NioEventLoop.java:458)
	at org.apache.ratis.thirdparty.io.netty.util.concurrent.SingleThreadEventExecutor$5.run(SingleThreadEventExecutor.java:897)
	at org.apache.ratis.thirdparty.io.netty.util.concurrent.FastThreadLocalRunnable.run(FastThreadLocalRunnable.java:30)
	... 1 more
Caused by: java.net.ConnectException: Connection refused
	... 11 more
2019-10-18 14:30:47,230 [681edbc6-a1fc-42a4-b5ce-4922820de60a@group-FD33B9583E3C-LeaderElection236] INFO  impl.LeaderElection (LogUtils.java:infoOrTrace(149)) -   Exception 1: {}
java.util.concurrent.ExecutionException: org.apache.ratis.thirdparty.io.grpc.StatusRuntimeException: UNAVAILABLE: io exception
	at java.util.concurrent.FutureTask.report(FutureTask.java:122)
	at java.util.concurrent.FutureTask.get(FutureTask.java:192)
	at org.apache.ratis.server.impl.LeaderElection.waitForResults(LeaderElection.java:259)
	at org.apache.ratis.server.impl.LeaderElection.askForVotes(LeaderElection.java:197)
	at org.apache.ratis.server.impl.LeaderElection.run(LeaderElection.java:133)
	at java.lang.Thread.run(Thread.java:748)
Caused by: org.apache.ratis.thirdparty.io.grpc.StatusRuntimeException: UNAVAILABLE: io exception
	at org.apache.ratis.thirdparty.io.grpc.stub.ClientCalls.toStatusRuntimeException(ClientCalls.java:233)
	at org.apache.ratis.thirdparty.io.grpc.stub.ClientCalls.getUnchecked(ClientCalls.java:214)
	at org.apache.ratis.thirdparty.io.grpc.stub.ClientCalls.blockingUnaryCall(ClientCalls.java:139)
	at org.apache.ratis.proto.grpc.RaftServerProtocolServiceGrpc$RaftServerProtocolServiceBlockingStub.requestVote(RaftServerProtocolServiceGrpc.java:265)
	at org.apache.ratis.grpc.server.GrpcServerProtocolClient.requestVote(GrpcServerProtocolClient.java:99)
	at org.apache.ratis.grpc.server.GrpcService.requestVote(GrpcService.java:204)
	at org.apache.ratis.server.impl.LeaderElection.lambda$submitRequests$1(LeaderElection.java:234)
	at java.util.concurrent.FutureTask.run(FutureTask.java:266)
	at java.util.concurrent.Executors$RunnableAdapter.call(Executors.java:511)
	at java.util.concurrent.FutureTask.run(FutureTask.java:266)
	at java.util.concurrent.ThreadPoolExecutor.runWorker(ThreadPoolExecutor.java:1149)
	at java.util.concurrent.ThreadPoolExecutor$Worker.run(ThreadPoolExecutor.java:624)
	... 1 more
Caused by: org.apache.ratis.thirdparty.io.netty.channel.AbstractChannel$AnnotatedConnectException: Connection refused: /192.168.164.233:38729
	at sun.nio.ch.SocketChannelImpl.checkConnect(Native Method)
	at sun.nio.ch.SocketChannelImpl.finishConnect(SocketChannelImpl.java:717)
	at org.apache.ratis.thirdparty.io.netty.channel.socket.nio.NioSocketChannel.doFinishConnect(NioSocketChannel.java:327)
	at org.apache.ratis.thirdparty.io.netty.channel.nio.AbstractNioChannel$AbstractNioUnsafe.finishConnect(AbstractNioChannel.java:340)
	at org.apache.ratis.thirdparty.io.netty.channel.nio.NioEventLoop.processSelectedKey(NioEventLoop.java:632)
	at org.apache.ratis.thirdparty.io.netty.channel.nio.NioEventLoop.processSelectedKeysOptimized(NioEventLoop.java:579)
	at org.apache.ratis.thirdparty.io.netty.channel.nio.NioEventLoop.processSelectedKeys(NioEventLoop.java:496)
	at org.apache.ratis.thirdparty.io.netty.channel.nio.NioEventLoop.run(NioEventLoop.java:458)
	at org.apache.ratis.thirdparty.io.netty.util.concurrent.SingleThreadEventExecutor$5.run(SingleThreadEventExecutor.java:897)
	at org.apache.ratis.thirdparty.io.netty.util.concurrent.FastThreadLocalRunnable.run(FastThreadLocalRunnable.java:30)
	... 1 more
Caused by: java.net.ConnectException: Connection refused
	... 11 more
2019-10-18 14:30:47,230 [681edbc6-a1fc-42a4-b5ce-4922820de60a@group-FD33B9583E3C-LeaderElection236] INFO  impl.RaftServerImpl (RaftServerImpl.java:setRole(184)) - 681edbc6-a1fc-42a4-b5ce-4922820de60a@group-FD33B9583E3C: changes role from CANDIDATE to FOLLOWER at term 236 for DISCOVERED_A_NEW_TERM
2019-10-18 14:30:47,230 [681edbc6-a1fc-42a4-b5ce-4922820de60a@group-FD33B9583E3C-LeaderElection236] INFO  impl.RoleInfo (RoleInfo.java:shutdownLeaderElection(134)) - 681edbc6-a1fc-42a4-b5ce-4922820de60a: shutdown LeaderElection
2019-10-18 14:30:47,230 [681edbc6-a1fc-42a4-b5ce-4922820de60a@group-FD33B9583E3C-LeaderElection236] INFO  impl.RoleInfo (RoleInfo.java:updateAndGet(143)) - 681edbc6-a1fc-42a4-b5ce-4922820de60a: start FollowerState
2019-10-18 14:30:47,249 [Thread-1931] INFO  impl.FollowerState (FollowerState.java:run(108)) - 681edbc6-a1fc-42a4-b5ce-4922820de60a@group-FD33B9583E3C-FollowerState: change to CANDIDATE, lastRpcTime:18ms, electionTimeout:18ms
2019-10-18 14:30:47,249 [Thread-1931] INFO  impl.RoleInfo (RoleInfo.java:shutdownFollowerState(121)) - 681edbc6-a1fc-42a4-b5ce-4922820de60a: shutdown FollowerState
2019-10-18 14:30:47,249 [Thread-1931] INFO  impl.RaftServerImpl (RaftServerImpl.java:setRole(184)) - 681edbc6-a1fc-42a4-b5ce-4922820de60a@group-FD33B9583E3C: changes role from  FOLLOWER to CANDIDATE at term 236 for changeToCandidate
2019-10-18 14:30:47,249 [Thread-1931] INFO  impl.RoleInfo (RoleInfo.java:updateAndGet(143)) - 681edbc6-a1fc-42a4-b5ce-4922820de60a: start LeaderElection
2019-10-18 14:30:47,262 [681edbc6-a1fc-42a4-b5ce-4922820de60a@group-FD33B9583E3C-LeaderElection237] INFO  impl.LeaderElection (LeaderElection.java:askForVotes(178)) - 681edbc6-a1fc-42a4-b5ce-4922820de60a@group-FD33B9583E3C-LeaderElection237: begin an election at term 237 for -1: [3ee7b367-7b16-44e1-99f8-43aefeda0876:192.168.164.233:46080, 681edbc6-a1fc-42a4-b5ce-4922820de60a:192.168.164.233:44267, 773cce60-eeca-4c1f-a5ec-70084be8b6b9:192.168.164.233:38729], old=null
2019-10-18 14:30:47,263 [681edbc6-a1fc-42a4-b5ce-4922820de60a@group-FD33B9583E3C-LeaderElection237] INFO  impl.LeaderElection (LogUtils.java:infoOrTrace(149)) - 681edbc6-a1fc-42a4-b5ce-4922820de60a@group-FD33B9583E3C-LeaderElection237 got exception when requesting votes: {}
java.util.concurrent.ExecutionException: org.apache.ratis.thirdparty.io.grpc.StatusRuntimeException: UNAVAILABLE: io exception
	at java.util.concurrent.FutureTask.report(FutureTask.java:122)
	at java.util.concurrent.FutureTask.get(FutureTask.java:192)
	at org.apache.ratis.server.impl.LeaderElection.waitForResults(LeaderElection.java:259)
	at org.apache.ratis.server.impl.LeaderElection.askForVotes(LeaderElection.java:197)
	at org.apache.ratis.server.impl.LeaderElection.run(LeaderElection.java:133)
	at java.lang.Thread.run(Thread.java:748)
Caused by: org.apache.ratis.thirdparty.io.grpc.StatusRuntimeException: UNAVAILABLE: io exception
	at org.apache.ratis.thirdparty.io.grpc.stub.ClientCalls.toStatusRuntimeException(ClientCalls.java:233)
	at org.apache.ratis.thirdparty.io.grpc.stub.ClientCalls.getUnchecked(ClientCalls.java:214)
	at org.apache.ratis.thirdparty.io.grpc.stub.ClientCalls.blockingUnaryCall(ClientCalls.java:139)
	at org.apache.ratis.proto.grpc.RaftServerProtocolServiceGrpc$RaftServerProtocolServiceBlockingStub.requestVote(RaftServerProtocolServiceGrpc.java:265)
	at org.apache.ratis.grpc.server.GrpcServerProtocolClient.requestVote(GrpcServerProtocolClient.java:99)
	at org.apache.ratis.grpc.server.GrpcService.requestVote(GrpcService.java:204)
	at org.apache.ratis.server.impl.LeaderElection.lambda$submitRequests$1(LeaderElection.java:234)
	at java.util.concurrent.FutureTask.run(FutureTask.java:266)
	at java.util.concurrent.Executors$RunnableAdapter.call(Executors.java:511)
	at java.util.concurrent.FutureTask.run(FutureTask.java:266)
	at java.util.concurrent.ThreadPoolExecutor.runWorker(ThreadPoolExecutor.java:1149)
	at java.util.concurrent.ThreadPoolExecutor$Worker.run(ThreadPoolExecutor.java:624)
	... 1 more
Caused by: org.apache.ratis.thirdparty.io.netty.channel.AbstractChannel$AnnotatedConnectException: Connection refused: /192.168.164.233:46080
	at sun.nio.ch.SocketChannelImpl.checkConnect(Native Method)
	at sun.nio.ch.SocketChannelImpl.finishConnect(SocketChannelImpl.java:717)
	at org.apache.ratis.thirdparty.io.netty.channel.socket.nio.NioSocketChannel.doFinishConnect(NioSocketChannel.java:327)
	at org.apache.ratis.thirdparty.io.netty.channel.nio.AbstractNioChannel$AbstractNioUnsafe.finishConnect(AbstractNioChannel.java:340)
	at org.apache.ratis.thirdparty.io.netty.channel.nio.NioEventLoop.processSelectedKey(NioEventLoop.java:632)
	at org.apache.ratis.thirdparty.io.netty.channel.nio.NioEventLoop.processSelectedKeysOptimized(NioEventLoop.java:579)
	at org.apache.ratis.thirdparty.io.netty.channel.nio.NioEventLoop.processSelectedKeys(NioEventLoop.java:496)
	at org.apache.ratis.thirdparty.io.netty.channel.nio.NioEventLoop.run(NioEventLoop.java:458)
	at org.apache.ratis.thirdparty.io.netty.util.concurrent.SingleThreadEventExecutor$5.run(SingleThreadEventExecutor.java:897)
	at org.apache.ratis.thirdparty.io.netty.util.concurrent.FastThreadLocalRunnable.run(FastThreadLocalRunnable.java:30)
	... 1 more
Caused by: java.net.ConnectException: Connection refused
	... 11 more
2019-10-18 14:30:47,263 [681edbc6-a1fc-42a4-b5ce-4922820de60a@group-FD33B9583E3C-LeaderElection237] INFO  impl.LeaderElection (LogUtils.java:infoOrTrace(149)) - 681edbc6-a1fc-42a4-b5ce-4922820de60a@group-FD33B9583E3C-LeaderElection237 got exception when requesting votes: {}
java.util.concurrent.ExecutionException: org.apache.ratis.thirdparty.io.grpc.StatusRuntimeException: UNAVAILABLE: io exception
	at java.util.concurrent.FutureTask.report(FutureTask.java:122)
	at java.util.concurrent.FutureTask.get(FutureTask.java:192)
	at org.apache.ratis.server.impl.LeaderElection.waitForResults(LeaderElection.java:259)
	at org.apache.ratis.server.impl.LeaderElection.askForVotes(LeaderElection.java:197)
	at org.apache.ratis.server.impl.LeaderElection.run(LeaderElection.java:133)
	at java.lang.Thread.run(Thread.java:748)
Caused by: org.apache.ratis.thirdparty.io.grpc.StatusRuntimeException: UNAVAILABLE: io exception
	at org.apache.ratis.thirdparty.io.grpc.stub.ClientCalls.toStatusRuntimeException(ClientCalls.java:233)
	at org.apache.ratis.thirdparty.io.grpc.stub.ClientCalls.getUnchecked(ClientCalls.java:214)
	at org.apache.ratis.thirdparty.io.grpc.stub.ClientCalls.blockingUnaryCall(ClientCalls.java:139)
	at org.apache.ratis.proto.grpc.RaftServerProtocolServiceGrpc$RaftServerProtocolServiceBlockingStub.requestVote(RaftServerProtocolServiceGrpc.java:265)
	at org.apache.ratis.grpc.server.GrpcServerProtocolClient.requestVote(GrpcServerProtocolClient.java:99)
	at org.apache.ratis.grpc.server.GrpcService.requestVote(GrpcService.java:204)
	at org.apache.ratis.server.impl.LeaderElection.lambda$submitRequests$1(LeaderElection.java:234)
	at java.util.concurrent.FutureTask.run(FutureTask.java:266)
	at java.util.concurrent.Executors$RunnableAdapter.call(Executors.java:511)
	at java.util.concurrent.FutureTask.run(FutureTask.java:266)
	at java.util.concurrent.ThreadPoolExecutor.runWorker(ThreadPoolExecutor.java:1149)
	at java.util.concurrent.ThreadPoolExecutor$Worker.run(ThreadPoolExecutor.java:624)
	... 1 more
Caused by: org.apache.ratis.thirdparty.io.netty.channel.AbstractChannel$AnnotatedConnectException: Connection refused: /192.168.164.233:38729
	at sun.nio.ch.SocketChannelImpl.checkConnect(Native Method)
	at sun.nio.ch.SocketChannelImpl.finishConnect(SocketChannelImpl.java:717)
	at org.apache.ratis.thirdparty.io.netty.channel.socket.nio.NioSocketChannel.doFinishConnect(NioSocketChannel.java:327)
	at org.apache.ratis.thirdparty.io.netty.channel.nio.AbstractNioChannel$AbstractNioUnsafe.finishConnect(AbstractNioChannel.java:340)
	at org.apache.ratis.thirdparty.io.netty.channel.nio.NioEventLoop.processSelectedKey(NioEventLoop.java:632)
	at org.apache.ratis.thirdparty.io.netty.channel.nio.NioEventLoop.processSelectedKeysOptimized(NioEventLoop.java:579)
	at org.apache.ratis.thirdparty.io.netty.channel.nio.NioEventLoop.processSelectedKeys(NioEventLoop.java:496)
	at org.apache.ratis.thirdparty.io.netty.channel.nio.NioEventLoop.run(NioEventLoop.java:458)
	at org.apache.ratis.thirdparty.io.netty.util.concurrent.SingleThreadEventExecutor$5.run(SingleThreadEventExecutor.java:897)
	at org.apache.ratis.thirdparty.io.netty.util.concurrent.FastThreadLocalRunnable.run(FastThreadLocalRunnable.java:30)
	... 1 more
Caused by: java.net.ConnectException: Connection refused
	... 11 more
2019-10-18 14:30:47,263 [681edbc6-a1fc-42a4-b5ce-4922820de60a@group-FD33B9583E3C-LeaderElection237] INFO  impl.LeaderElection (LeaderElection.java:logAndReturn(56)) - 681edbc6-a1fc-42a4-b5ce-4922820de60a@group-FD33B9583E3C-LeaderElection237: Election REJECTED; received 0 response(s) [] and 2 exception(s); 681edbc6-a1fc-42a4-b5ce-4922820de60a@group-FD33B9583E3C:t237, leader=null, voted=681edbc6-a1fc-42a4-b5ce-4922820de60a, raftlog=681edbc6-a1fc-42a4-b5ce-4922820de60a@group-FD33B9583E3C-SegmentedRaftLog:OPENED:c-1,f-1,i0, conf=-1: [3ee7b367-7b16-44e1-99f8-43aefeda0876:192.168.164.233:46080, 681edbc6-a1fc-42a4-b5ce-4922820de60a:192.168.164.233:44267, 773cce60-eeca-4c1f-a5ec-70084be8b6b9:192.168.164.233:38729], old=null
2019-10-18 14:30:47,264 [681edbc6-a1fc-42a4-b5ce-4922820de60a@group-FD33B9583E3C-LeaderElection237] INFO  impl.LeaderElection (LogUtils.java:infoOrTrace(149)) -   Exception 0: {}
java.util.concurrent.ExecutionException: org.apache.ratis.thirdparty.io.grpc.StatusRuntimeException: UNAVAILABLE: io exception
	at java.util.concurrent.FutureTask.report(FutureTask.java:122)
	at java.util.concurrent.FutureTask.get(FutureTask.java:192)
	at org.apache.ratis.server.impl.LeaderElection.waitForResults(LeaderElection.java:259)
	at org.apache.ratis.server.impl.LeaderElection.askForVotes(LeaderElection.java:197)
	at org.apache.ratis.server.impl.LeaderElection.run(LeaderElection.java:133)
	at java.lang.Thread.run(Thread.java:748)
Caused by: org.apache.ratis.thirdparty.io.grpc.StatusRuntimeException: UNAVAILABLE: io exception
	at org.apache.ratis.thirdparty.io.grpc.stub.ClientCalls.toStatusRuntimeException(ClientCalls.java:233)
	at org.apache.ratis.thirdparty.io.grpc.stub.ClientCalls.getUnchecked(ClientCalls.java:214)
	at org.apache.ratis.thirdparty.io.grpc.stub.ClientCalls.blockingUnaryCall(ClientCalls.java:139)
	at org.apache.ratis.proto.grpc.RaftServerProtocolServiceGrpc$RaftServerProtocolServiceBlockingStub.requestVote(RaftServerProtocolServiceGrpc.java:265)
	at org.apache.ratis.grpc.server.GrpcServerProtocolClient.requestVote(GrpcServerProtocolClient.java:99)
	at org.apache.ratis.grpc.server.GrpcService.requestVote(GrpcService.java:204)
	at org.apache.ratis.server.impl.LeaderElection.lambda$submitRequests$1(LeaderElection.java:234)
	at java.util.concurrent.FutureTask.run(FutureTask.java:266)
	at java.util.concurrent.Executors$RunnableAdapter.call(Executors.java:511)
	at java.util.concurrent.FutureTask.run(FutureTask.java:266)
	at java.util.concurrent.ThreadPoolExecutor.runWorker(ThreadPoolExecutor.java:1149)
	at java.util.concurrent.ThreadPoolExecutor$Worker.run(ThreadPoolExecutor.java:624)
	... 1 more
Caused by: org.apache.ratis.thirdparty.io.netty.channel.AbstractChannel$AnnotatedConnectException: Connection refused: /192.168.164.233:46080
	at sun.nio.ch.SocketChannelImpl.checkConnect(Native Method)
	at sun.nio.ch.SocketChannelImpl.finishConnect(SocketChannelImpl.java:717)
	at org.apache.ratis.thirdparty.io.netty.channel.socket.nio.NioSocketChannel.doFinishConnect(NioSocketChannel.java:327)
	at org.apache.ratis.thirdparty.io.netty.channel.nio.AbstractNioChannel$AbstractNioUnsafe.finishConnect(AbstractNioChannel.java:340)
	at org.apache.ratis.thirdparty.io.netty.channel.nio.NioEventLoop.processSelectedKey(NioEventLoop.java:632)
	at org.apache.ratis.thirdparty.io.netty.channel.nio.NioEventLoop.processSelectedKeysOptimized(NioEventLoop.java:579)
	at org.apache.ratis.thirdparty.io.netty.channel.nio.NioEventLoop.processSelectedKeys(NioEventLoop.java:496)
	at org.apache.ratis.thirdparty.io.netty.channel.nio.NioEventLoop.run(NioEventLoop.java:458)
	at org.apache.ratis.thirdparty.io.netty.util.concurrent.SingleThreadEventExecutor$5.run(SingleThreadEventExecutor.java:897)
	at org.apache.ratis.thirdparty.io.netty.util.concurrent.FastThreadLocalRunnable.run(FastThreadLocalRunnable.java:30)
	... 1 more
Caused by: java.net.ConnectException: Connection refused
	... 11 more
2019-10-18 14:30:47,264 [681edbc6-a1fc-42a4-b5ce-4922820de60a@group-FD33B9583E3C-LeaderElection237] INFO  impl.LeaderElection (LogUtils.java:infoOrTrace(149)) -   Exception 1: {}
java.util.concurrent.ExecutionException: org.apache.ratis.thirdparty.io.grpc.StatusRuntimeException: UNAVAILABLE: io exception
	at java.util.concurrent.FutureTask.report(FutureTask.java:122)
	at java.util.concurrent.FutureTask.get(FutureTask.java:192)
	at org.apache.ratis.server.impl.LeaderElection.waitForResults(LeaderElection.java:259)
	at org.apache.ratis.server.impl.LeaderElection.askForVotes(LeaderElection.java:197)
	at org.apache.ratis.server.impl.LeaderElection.run(LeaderElection.java:133)
	at java.lang.Thread.run(Thread.java:748)
Caused by: org.apache.ratis.thirdparty.io.grpc.StatusRuntimeException: UNAVAILABLE: io exception
	at org.apache.ratis.thirdparty.io.grpc.stub.ClientCalls.toStatusRuntimeException(ClientCalls.java:233)
	at org.apache.ratis.thirdparty.io.grpc.stub.ClientCalls.getUnchecked(ClientCalls.java:214)
	at org.apache.ratis.thirdparty.io.grpc.stub.ClientCalls.blockingUnaryCall(ClientCalls.java:139)
	at org.apache.ratis.proto.grpc.RaftServerProtocolServiceGrpc$RaftServerProtocolServiceBlockingStub.requestVote(RaftServerProtocolServiceGrpc.java:265)
	at org.apache.ratis.grpc.server.GrpcServerProtocolClient.requestVote(GrpcServerProtocolClient.java:99)
	at org.apache.ratis.grpc.server.GrpcService.requestVote(GrpcService.java:204)
	at org.apache.ratis.server.impl.LeaderElection.lambda$submitRequests$1(LeaderElection.java:234)
	at java.util.concurrent.FutureTask.run(FutureTask.java:266)
	at java.util.concurrent.Executors$RunnableAdapter.call(Executors.java:511)
	at java.util.concurrent.FutureTask.run(FutureTask.java:266)
	at java.util.concurrent.ThreadPoolExecutor.runWorker(ThreadPoolExecutor.java:1149)
	at java.util.concurrent.ThreadPoolExecutor$Worker.run(ThreadPoolExecutor.java:624)
	... 1 more
Caused by: org.apache.ratis.thirdparty.io.netty.channel.AbstractChannel$AnnotatedConnectException: Connection refused: /192.168.164.233:38729
	at sun.nio.ch.SocketChannelImpl.checkConnect(Native Method)
	at sun.nio.ch.SocketChannelImpl.finishConnect(SocketChannelImpl.java:717)
	at org.apache.ratis.thirdparty.io.netty.channel.socket.nio.NioSocketChannel.doFinishConnect(NioSocketChannel.java:327)
	at org.apache.ratis.thirdparty.io.netty.channel.nio.AbstractNioChannel$AbstractNioUnsafe.finishConnect(AbstractNioChannel.java:340)
	at org.apache.ratis.thirdparty.io.netty.channel.nio.NioEventLoop.processSelectedKey(NioEventLoop.java:632)
	at org.apache.ratis.thirdparty.io.netty.channel.nio.NioEventLoop.processSelectedKeysOptimized(NioEventLoop.java:579)
	at org.apache.ratis.thirdparty.io.netty.channel.nio.NioEventLoop.processSelectedKeys(NioEventLoop.java:496)
	at org.apache.ratis.thirdparty.io.netty.channel.nio.NioEventLoop.run(NioEventLoop.java:458)
	at org.apache.ratis.thirdparty.io.netty.util.concurrent.SingleThreadEventExecutor$5.run(SingleThreadEventExecutor.java:897)
	at org.apache.ratis.thirdparty.io.netty.util.concurrent.FastThreadLocalRunnable.run(FastThreadLocalRunnable.java:30)
	... 1 more
Caused by: java.net.ConnectException: Connection refused
	... 11 more
2019-10-18 14:30:47,264 [681edbc6-a1fc-42a4-b5ce-4922820de60a@group-FD33B9583E3C-LeaderElection237] INFO  impl.RaftServerImpl (RaftServerImpl.java:setRole(184)) - 681edbc6-a1fc-42a4-b5ce-4922820de60a@group-FD33B9583E3C: changes role from CANDIDATE to FOLLOWER at term 237 for DISCOVERED_A_NEW_TERM
2019-10-18 14:30:47,264 [681edbc6-a1fc-42a4-b5ce-4922820de60a@group-FD33B9583E3C-LeaderElection237] INFO  impl.RoleInfo (RoleInfo.java:shutdownLeaderElection(134)) - 681edbc6-a1fc-42a4-b5ce-4922820de60a: shutdown LeaderElection
2019-10-18 14:30:47,264 [681edbc6-a1fc-42a4-b5ce-4922820de60a@group-FD33B9583E3C-LeaderElection237] INFO  impl.RoleInfo (RoleInfo.java:updateAndGet(143)) - 681edbc6-a1fc-42a4-b5ce-4922820de60a: start FollowerState
2019-10-18 14:30:47,406 [Thread-1936] INFO  impl.FollowerState (FollowerState.java:run(108)) - 681edbc6-a1fc-42a4-b5ce-4922820de60a@group-FD33B9583E3C-FollowerState: change to CANDIDATE, lastRpcTime:142ms, electionTimeout:142ms
2019-10-18 14:30:47,407 [Thread-1936] INFO  impl.RoleInfo (RoleInfo.java:shutdownFollowerState(121)) - 681edbc6-a1fc-42a4-b5ce-4922820de60a: shutdown FollowerState
2019-10-18 14:30:47,407 [Thread-1936] INFO  impl.RaftServerImpl (RaftServerImpl.java:setRole(184)) - 681edbc6-a1fc-42a4-b5ce-4922820de60a@group-FD33B9583E3C: changes role from  FOLLOWER to CANDIDATE at term 237 for changeToCandidate
2019-10-18 14:30:47,407 [Thread-1936] INFO  impl.RoleInfo (RoleInfo.java:updateAndGet(143)) - 681edbc6-a1fc-42a4-b5ce-4922820de60a: start LeaderElection
2019-10-18 14:30:47,414 [681edbc6-a1fc-42a4-b5ce-4922820de60a@group-FD33B9583E3C-LeaderElection238] INFO  impl.LeaderElection (LeaderElection.java:askForVotes(178)) - 681edbc6-a1fc-42a4-b5ce-4922820de60a@group-FD33B9583E3C-LeaderElection238: begin an election at term 238 for -1: [3ee7b367-7b16-44e1-99f8-43aefeda0876:192.168.164.233:46080, 681edbc6-a1fc-42a4-b5ce-4922820de60a:192.168.164.233:44267, 773cce60-eeca-4c1f-a5ec-70084be8b6b9:192.168.164.233:38729], old=null
2019-10-18 14:30:47,415 [681edbc6-a1fc-42a4-b5ce-4922820de60a@group-FD33B9583E3C-LeaderElection238] INFO  impl.LeaderElection (LogUtils.java:infoOrTrace(149)) - 681edbc6-a1fc-42a4-b5ce-4922820de60a@group-FD33B9583E3C-LeaderElection238 got exception when requesting votes: {}
java.util.concurrent.ExecutionException: org.apache.ratis.thirdparty.io.grpc.StatusRuntimeException: UNAVAILABLE: io exception
	at java.util.concurrent.FutureTask.report(FutureTask.java:122)
	at java.util.concurrent.FutureTask.get(FutureTask.java:192)
	at org.apache.ratis.server.impl.LeaderElection.waitForResults(LeaderElection.java:259)
	at org.apache.ratis.server.impl.LeaderElection.askForVotes(LeaderElection.java:197)
	at org.apache.ratis.server.impl.LeaderElection.run(LeaderElection.java:133)
	at java.lang.Thread.run(Thread.java:748)
Caused by: org.apache.ratis.thirdparty.io.grpc.StatusRuntimeException: UNAVAILABLE: io exception
	at org.apache.ratis.thirdparty.io.grpc.stub.ClientCalls.toStatusRuntimeException(ClientCalls.java:233)
	at org.apache.ratis.thirdparty.io.grpc.stub.ClientCalls.getUnchecked(ClientCalls.java:214)
	at org.apache.ratis.thirdparty.io.grpc.stub.ClientCalls.blockingUnaryCall(ClientCalls.java:139)
	at org.apache.ratis.proto.grpc.RaftServerProtocolServiceGrpc$RaftServerProtocolServiceBlockingStub.requestVote(RaftServerProtocolServiceGrpc.java:265)
	at org.apache.ratis.grpc.server.GrpcServerProtocolClient.requestVote(GrpcServerProtocolClient.java:99)
	at org.apache.ratis.grpc.server.GrpcService.requestVote(GrpcService.java:204)
	at org.apache.ratis.server.impl.LeaderElection.lambda$submitRequests$1(LeaderElection.java:234)
	at java.util.concurrent.FutureTask.run(FutureTask.java:266)
	at java.util.concurrent.Executors$RunnableAdapter.call(Executors.java:511)
	at java.util.concurrent.FutureTask.run(FutureTask.java:266)
	at java.util.concurrent.ThreadPoolExecutor.runWorker(ThreadPoolExecutor.java:1149)
	at java.util.concurrent.ThreadPoolExecutor$Worker.run(ThreadPoolExecutor.java:624)
	... 1 more
Caused by: org.apache.ratis.thirdparty.io.netty.channel.AbstractChannel$AnnotatedConnectException: Connection refused: /192.168.164.233:38729
	at sun.nio.ch.SocketChannelImpl.checkConnect(Native Method)
	at sun.nio.ch.SocketChannelImpl.finishConnect(SocketChannelImpl.java:717)
	at org.apache.ratis.thirdparty.io.netty.channel.socket.nio.NioSocketChannel.doFinishConnect(NioSocketChannel.java:327)
	at org.apache.ratis.thirdparty.io.netty.channel.nio.AbstractNioChannel$AbstractNioUnsafe.finishConnect(AbstractNioChannel.java:340)
	at org.apache.ratis.thirdparty.io.netty.channel.nio.NioEventLoop.processSelectedKey(NioEventLoop.java:632)
	at org.apache.ratis.thirdparty.io.netty.channel.nio.NioEventLoop.processSelectedKeysOptimized(NioEventLoop.java:579)
	at org.apache.ratis.thirdparty.io.netty.channel.nio.NioEventLoop.processSelectedKeys(NioEventLoop.java:496)
	at org.apache.ratis.thirdparty.io.netty.channel.nio.NioEventLoop.run(NioEventLoop.java:458)
	at org.apache.ratis.thirdparty.io.netty.util.concurrent.SingleThreadEventExecutor$5.run(SingleThreadEventExecutor.java:897)
	at org.apache.ratis.thirdparty.io.netty.util.concurrent.FastThreadLocalRunnable.run(FastThreadLocalRunnable.java:30)
	... 1 more
Caused by: java.net.ConnectException: Connection refused
	... 11 more
2019-10-18 14:30:47,415 [681edbc6-a1fc-42a4-b5ce-4922820de60a@group-FD33B9583E3C-LeaderElection238] INFO  impl.LeaderElection (LogUtils.java:infoOrTrace(149)) - 681edbc6-a1fc-42a4-b5ce-4922820de60a@group-FD33B9583E3C-LeaderElection238 got exception when requesting votes: {}
java.util.concurrent.ExecutionException: org.apache.ratis.thirdparty.io.grpc.StatusRuntimeException: UNAVAILABLE: io exception
	at java.util.concurrent.FutureTask.report(FutureTask.java:122)
	at java.util.concurrent.FutureTask.get(FutureTask.java:192)
	at org.apache.ratis.server.impl.LeaderElection.waitForResults(LeaderElection.java:259)
	at org.apache.ratis.server.impl.LeaderElection.askForVotes(LeaderElection.java:197)
	at org.apache.ratis.server.impl.LeaderElection.run(LeaderElection.java:133)
	at java.lang.Thread.run(Thread.java:748)
Caused by: org.apache.ratis.thirdparty.io.grpc.StatusRuntimeException: UNAVAILABLE: io exception
	at org.apache.ratis.thirdparty.io.grpc.stub.ClientCalls.toStatusRuntimeException(ClientCalls.java:233)
	at org.apache.ratis.thirdparty.io.grpc.stub.ClientCalls.getUnchecked(ClientCalls.java:214)
	at org.apache.ratis.thirdparty.io.grpc.stub.ClientCalls.blockingUnaryCall(ClientCalls.java:139)
	at org.apache.ratis.proto.grpc.RaftServerProtocolServiceGrpc$RaftServerProtocolServiceBlockingStub.requestVote(RaftServerProtocolServiceGrpc.java:265)
	at org.apache.ratis.grpc.server.GrpcServerProtocolClient.requestVote(GrpcServerProtocolClient.java:99)
	at org.apache.ratis.grpc.server.GrpcService.requestVote(GrpcService.java:204)
	at org.apache.ratis.server.impl.LeaderElection.lambda$submitRequests$1(LeaderElection.java:234)
	at java.util.concurrent.FutureTask.run(FutureTask.java:266)
	at java.util.concurrent.Executors$RunnableAdapter.call(Executors.java:511)
	at java.util.concurrent.FutureTask.run(FutureTask.java:266)
	at java.util.concurrent.ThreadPoolExecutor.runWorker(ThreadPoolExecutor.java:1149)
	at java.util.concurrent.ThreadPoolExecutor$Worker.run(ThreadPoolExecutor.java:624)
	... 1 more
Caused by: org.apache.ratis.thirdparty.io.netty.channel.AbstractChannel$AnnotatedConnectException: Connection refused: /192.168.164.233:46080
	at sun.nio.ch.SocketChannelImpl.checkConnect(Native Method)
	at sun.nio.ch.SocketChannelImpl.finishConnect(SocketChannelImpl.java:717)
	at org.apache.ratis.thirdparty.io.netty.channel.socket.nio.NioSocketChannel.doFinishConnect(NioSocketChannel.java:327)
	at org.apache.ratis.thirdparty.io.netty.channel.nio.AbstractNioChannel$AbstractNioUnsafe.finishConnect(AbstractNioChannel.java:340)
	at org.apache.ratis.thirdparty.io.netty.channel.nio.NioEventLoop.processSelectedKey(NioEventLoop.java:632)
	at org.apache.ratis.thirdparty.io.netty.channel.nio.NioEventLoop.processSelectedKeysOptimized(NioEventLoop.java:579)
	at org.apache.ratis.thirdparty.io.netty.channel.nio.NioEventLoop.processSelectedKeys(NioEventLoop.java:496)
	at org.apache.ratis.thirdparty.io.netty.channel.nio.NioEventLoop.run(NioEventLoop.java:458)
	at org.apache.ratis.thirdparty.io.netty.util.concurrent.SingleThreadEventExecutor$5.run(SingleThreadEventExecutor.java:897)
	at org.apache.ratis.thirdparty.io.netty.util.concurrent.FastThreadLocalRunnable.run(FastThreadLocalRunnable.java:30)
	... 1 more
Caused by: java.net.ConnectException: Connection refused
	... 11 more
2019-10-18 14:30:47,416 [681edbc6-a1fc-42a4-b5ce-4922820de60a@group-FD33B9583E3C-LeaderElection238] INFO  impl.LeaderElection (LeaderElection.java:logAndReturn(56)) - 681edbc6-a1fc-42a4-b5ce-4922820de60a@group-FD33B9583E3C-LeaderElection238: Election REJECTED; received 0 response(s) [] and 2 exception(s); 681edbc6-a1fc-42a4-b5ce-4922820de60a@group-FD33B9583E3C:t238, leader=null, voted=681edbc6-a1fc-42a4-b5ce-4922820de60a, raftlog=681edbc6-a1fc-42a4-b5ce-4922820de60a@group-FD33B9583E3C-SegmentedRaftLog:OPENED:c-1,f-1,i0, conf=-1: [3ee7b367-7b16-44e1-99f8-43aefeda0876:192.168.164.233:46080, 681edbc6-a1fc-42a4-b5ce-4922820de60a:192.168.164.233:44267, 773cce60-eeca-4c1f-a5ec-70084be8b6b9:192.168.164.233:38729], old=null
2019-10-18 14:30:47,416 [681edbc6-a1fc-42a4-b5ce-4922820de60a@group-FD33B9583E3C-LeaderElection238] INFO  impl.LeaderElection (LogUtils.java:infoOrTrace(149)) -   Exception 0: {}
java.util.concurrent.ExecutionException: org.apache.ratis.thirdparty.io.grpc.StatusRuntimeException: UNAVAILABLE: io exception
	at java.util.concurrent.FutureTask.report(FutureTask.java:122)
	at java.util.concurrent.FutureTask.get(FutureTask.java:192)
	at org.apache.ratis.server.impl.LeaderElection.waitForResults(LeaderElection.java:259)
	at org.apache.ratis.server.impl.LeaderElection.askForVotes(LeaderElection.java:197)
	at org.apache.ratis.server.impl.LeaderElection.run(LeaderElection.java:133)
	at java.lang.Thread.run(Thread.java:748)
Caused by: org.apache.ratis.thirdparty.io.grpc.StatusRuntimeException: UNAVAILABLE: io exception
	at org.apache.ratis.thirdparty.io.grpc.stub.ClientCalls.toStatusRuntimeException(ClientCalls.java:233)
	at org.apache.ratis.thirdparty.io.grpc.stub.ClientCalls.getUnchecked(ClientCalls.java:214)
	at org.apache.ratis.thirdparty.io.grpc.stub.ClientCalls.blockingUnaryCall(ClientCalls.java:139)
	at org.apache.ratis.proto.grpc.RaftServerProtocolServiceGrpc$RaftServerProtocolServiceBlockingStub.requestVote(RaftServerProtocolServiceGrpc.java:265)
	at org.apache.ratis.grpc.server.GrpcServerProtocolClient.requestVote(GrpcServerProtocolClient.java:99)
	at org.apache.ratis.grpc.server.GrpcService.requestVote(GrpcService.java:204)
	at org.apache.ratis.server.impl.LeaderElection.lambda$submitRequests$1(LeaderElection.java:234)
	at java.util.concurrent.FutureTask.run(FutureTask.java:266)
	at java.util.concurrent.Executors$RunnableAdapter.call(Executors.java:511)
	at java.util.concurrent.FutureTask.run(FutureTask.java:266)
	at java.util.concurrent.ThreadPoolExecutor.runWorker(ThreadPoolExecutor.java:1149)
	at java.util.concurrent.ThreadPoolExecutor$Worker.run(ThreadPoolExecutor.java:624)
	... 1 more
Caused by: org.apache.ratis.thirdparty.io.netty.channel.AbstractChannel$AnnotatedConnectException: Connection refused: /192.168.164.233:38729
	at sun.nio.ch.SocketChannelImpl.checkConnect(Native Method)
	at sun.nio.ch.SocketChannelImpl.finishConnect(SocketChannelImpl.java:717)
	at org.apache.ratis.thirdparty.io.netty.channel.socket.nio.NioSocketChannel.doFinishConnect(NioSocketChannel.java:327)
	at org.apache.ratis.thirdparty.io.netty.channel.nio.AbstractNioChannel$AbstractNioUnsafe.finishConnect(AbstractNioChannel.java:340)
	at org.apache.ratis.thirdparty.io.netty.channel.nio.NioEventLoop.processSelectedKey(NioEventLoop.java:632)
	at org.apache.ratis.thirdparty.io.netty.channel.nio.NioEventLoop.processSelectedKeysOptimized(NioEventLoop.java:579)
	at org.apache.ratis.thirdparty.io.netty.channel.nio.NioEventLoop.processSelectedKeys(NioEventLoop.java:496)
	at org.apache.ratis.thirdparty.io.netty.channel.nio.NioEventLoop.run(NioEventLoop.java:458)
	at org.apache.ratis.thirdparty.io.netty.util.concurrent.SingleThreadEventExecutor$5.run(SingleThreadEventExecutor.java:897)
	at org.apache.ratis.thirdparty.io.netty.util.concurrent.FastThreadLocalRunnable.run(FastThreadLocalRunnable.java:30)
	... 1 more
Caused by: java.net.ConnectException: Connection refused
	... 11 more
2019-10-18 14:30:47,416 [681edbc6-a1fc-42a4-b5ce-4922820de60a@group-FD33B9583E3C-LeaderElection238] INFO  impl.LeaderElection (LogUtils.java:infoOrTrace(149)) -   Exception 1: {}
java.util.concurrent.ExecutionException: org.apache.ratis.thirdparty.io.grpc.StatusRuntimeException: UNAVAILABLE: io exception
	at java.util.concurrent.FutureTask.report(FutureTask.java:122)
	at java.util.concurrent.FutureTask.get(FutureTask.java:192)
	at org.apache.ratis.server.impl.LeaderElection.waitForResults(LeaderElection.java:259)
	at org.apache.ratis.server.impl.LeaderElection.askForVotes(LeaderElection.java:197)
	at org.apache.ratis.server.impl.LeaderElection.run(LeaderElection.java:133)
	at java.lang.Thread.run(Thread.java:748)
Caused by: org.apache.ratis.thirdparty.io.grpc.StatusRuntimeException: UNAVAILABLE: io exception
	at org.apache.ratis.thirdparty.io.grpc.stub.ClientCalls.toStatusRuntimeException(ClientCalls.java:233)
	at org.apache.ratis.thirdparty.io.grpc.stub.ClientCalls.getUnchecked(ClientCalls.java:214)
	at org.apache.ratis.thirdparty.io.grpc.stub.ClientCalls.blockingUnaryCall(ClientCalls.java:139)
	at org.apache.ratis.proto.grpc.RaftServerProtocolServiceGrpc$RaftServerProtocolServiceBlockingStub.requestVote(RaftServerProtocolServiceGrpc.java:265)
	at org.apache.ratis.grpc.server.GrpcServerProtocolClient.requestVote(GrpcServerProtocolClient.java:99)
	at org.apache.ratis.grpc.server.GrpcService.requestVote(GrpcService.java:204)
	at org.apache.ratis.server.impl.LeaderElection.lambda$submitRequests$1(LeaderElection.java:234)
	at java.util.concurrent.FutureTask.run(FutureTask.java:266)
	at java.util.concurrent.Executors$RunnableAdapter.call(Executors.java:511)
	at java.util.concurrent.FutureTask.run(FutureTask.java:266)
	at java.util.concurrent.ThreadPoolExecutor.runWorker(ThreadPoolExecutor.java:1149)
	at java.util.concurrent.ThreadPoolExecutor$Worker.run(ThreadPoolExecutor.java:624)
	... 1 more
Caused by: org.apache.ratis.thirdparty.io.netty.channel.AbstractChannel$AnnotatedConnectException: Connection refused: /192.168.164.233:46080
	at sun.nio.ch.SocketChannelImpl.checkConnect(Native Method)
	at sun.nio.ch.SocketChannelImpl.finishConnect(SocketChannelImpl.java:717)
	at org.apache.ratis.thirdparty.io.netty.channel.socket.nio.NioSocketChannel.doFinishConnect(NioSocketChannel.java:327)
	at org.apache.ratis.thirdparty.io.netty.channel.nio.AbstractNioChannel$AbstractNioUnsafe.finishConnect(AbstractNioChannel.java:340)
	at org.apache.ratis.thirdparty.io.netty.channel.nio.NioEventLoop.processSelectedKey(NioEventLoop.java:632)
	at org.apache.ratis.thirdparty.io.netty.channel.nio.NioEventLoop.processSelectedKeysOptimized(NioEventLoop.java:579)
	at org.apache.ratis.thirdparty.io.netty.channel.nio.NioEventLoop.processSelectedKeys(NioEventLoop.java:496)
	at org.apache.ratis.thirdparty.io.netty.channel.nio.NioEventLoop.run(NioEventLoop.java:458)
	at org.apache.ratis.thirdparty.io.netty.util.concurrent.SingleThreadEventExecutor$5.run(SingleThreadEventExecutor.java:897)
	at org.apache.ratis.thirdparty.io.netty.util.concurrent.FastThreadLocalRunnable.run(FastThreadLocalRunnable.java:30)
	... 1 more
Caused by: java.net.ConnectException: Connection refused
	... 11 more
2019-10-18 14:30:47,416 [681edbc6-a1fc-42a4-b5ce-4922820de60a@group-FD33B9583E3C-LeaderElection238] INFO  impl.RaftServerImpl (RaftServerImpl.java:setRole(184)) - 681edbc6-a1fc-42a4-b5ce-4922820de60a@group-FD33B9583E3C: changes role from CANDIDATE to FOLLOWER at term 238 for DISCOVERED_A_NEW_TERM
2019-10-18 14:30:47,417 [681edbc6-a1fc-42a4-b5ce-4922820de60a@group-FD33B9583E3C-LeaderElection238] INFO  impl.RoleInfo (RoleInfo.java:shutdownLeaderElection(134)) - 681edbc6-a1fc-42a4-b5ce-4922820de60a: shutdown LeaderElection
2019-10-18 14:30:47,417 [681edbc6-a1fc-42a4-b5ce-4922820de60a@group-FD33B9583E3C-LeaderElection238] INFO  impl.RoleInfo (RoleInfo.java:updateAndGet(143)) - 681edbc6-a1fc-42a4-b5ce-4922820de60a: start FollowerState
2019-10-18 14:30:47,594 [Thread-1940] INFO  impl.FollowerState (FollowerState.java:run(108)) - 681edbc6-a1fc-42a4-b5ce-4922820de60a@group-FD33B9583E3C-FollowerState: change to CANDIDATE, lastRpcTime:177ms, electionTimeout:177ms
2019-10-18 14:30:47,594 [Thread-1940] INFO  impl.RoleInfo (RoleInfo.java:shutdownFollowerState(121)) - 681edbc6-a1fc-42a4-b5ce-4922820de60a: shutdown FollowerState
2019-10-18 14:30:47,594 [Thread-1940] INFO  impl.RaftServerImpl (RaftServerImpl.java:setRole(184)) - 681edbc6-a1fc-42a4-b5ce-4922820de60a@group-FD33B9583E3C: changes role from  FOLLOWER to CANDIDATE at term 238 for changeToCandidate
2019-10-18 14:30:47,595 [Thread-1940] INFO  impl.RoleInfo (RoleInfo.java:updateAndGet(143)) - 681edbc6-a1fc-42a4-b5ce-4922820de60a: start LeaderElection
2019-10-18 14:30:47,611 [681edbc6-a1fc-42a4-b5ce-4922820de60a@group-FD33B9583E3C-LeaderElection239] INFO  impl.LeaderElection (LeaderElection.java:askForVotes(178)) - 681edbc6-a1fc-42a4-b5ce-4922820de60a@group-FD33B9583E3C-LeaderElection239: begin an election at term 239 for -1: [3ee7b367-7b16-44e1-99f8-43aefeda0876:192.168.164.233:46080, 681edbc6-a1fc-42a4-b5ce-4922820de60a:192.168.164.233:44267, 773cce60-eeca-4c1f-a5ec-70084be8b6b9:192.168.164.233:38729], old=null
2019-10-18 14:30:47,614 [681edbc6-a1fc-42a4-b5ce-4922820de60a@group-FD33B9583E3C-LeaderElection239] INFO  impl.LeaderElection (LogUtils.java:infoOrTrace(149)) - 681edbc6-a1fc-42a4-b5ce-4922820de60a@group-FD33B9583E3C-LeaderElection239 got exception when requesting votes: {}
java.util.concurrent.ExecutionException: org.apache.ratis.thirdparty.io.grpc.StatusRuntimeException: UNAVAILABLE: io exception
	at java.util.concurrent.FutureTask.report(FutureTask.java:122)
	at java.util.concurrent.FutureTask.get(FutureTask.java:192)
	at org.apache.ratis.server.impl.LeaderElection.waitForResults(LeaderElection.java:259)
	at org.apache.ratis.server.impl.LeaderElection.askForVotes(LeaderElection.java:197)
	at org.apache.ratis.server.impl.LeaderElection.run(LeaderElection.java:133)
	at java.lang.Thread.run(Thread.java:748)
Caused by: org.apache.ratis.thirdparty.io.grpc.StatusRuntimeException: UNAVAILABLE: io exception
	at org.apache.ratis.thirdparty.io.grpc.stub.ClientCalls.toStatusRuntimeException(ClientCalls.java:233)
	at org.apache.ratis.thirdparty.io.grpc.stub.ClientCalls.getUnchecked(ClientCalls.java:214)
	at org.apache.ratis.thirdparty.io.grpc.stub.ClientCalls.blockingUnaryCall(ClientCalls.java:139)
	at org.apache.ratis.proto.grpc.RaftServerProtocolServiceGrpc$RaftServerProtocolServiceBlockingStub.requestVote(RaftServerProtocolServiceGrpc.java:265)
	at org.apache.ratis.grpc.server.GrpcServerProtocolClient.requestVote(GrpcServerProtocolClient.java:99)
	at org.apache.ratis.grpc.server.GrpcService.requestVote(GrpcService.java:204)
	at org.apache.ratis.server.impl.LeaderElection.lambda$submitRequests$1(LeaderElection.java:234)
	at java.util.concurrent.FutureTask.run(FutureTask.java:266)
	at java.util.concurrent.Executors$RunnableAdapter.call(Executors.java:511)
	at java.util.concurrent.FutureTask.run(FutureTask.java:266)
	at java.util.concurrent.ThreadPoolExecutor.runWorker(ThreadPoolExecutor.java:1149)
	at java.util.concurrent.ThreadPoolExecutor$Worker.run(ThreadPoolExecutor.java:624)
	... 1 more
Caused by: org.apache.ratis.thirdparty.io.netty.channel.AbstractChannel$AnnotatedConnectException: Connection refused: /192.168.164.233:38729
	at sun.nio.ch.SocketChannelImpl.checkConnect(Native Method)
	at sun.nio.ch.SocketChannelImpl.finishConnect(SocketChannelImpl.java:717)
	at org.apache.ratis.thirdparty.io.netty.channel.socket.nio.NioSocketChannel.doFinishConnect(NioSocketChannel.java:327)
	at org.apache.ratis.thirdparty.io.netty.channel.nio.AbstractNioChannel$AbstractNioUnsafe.finishConnect(AbstractNioChannel.java:340)
	at org.apache.ratis.thirdparty.io.netty.channel.nio.NioEventLoop.processSelectedKey(NioEventLoop.java:632)
	at org.apache.ratis.thirdparty.io.netty.channel.nio.NioEventLoop.processSelectedKeysOptimized(NioEventLoop.java:579)
	at org.apache.ratis.thirdparty.io.netty.channel.nio.NioEventLoop.processSelectedKeys(NioEventLoop.java:496)
	at org.apache.ratis.thirdparty.io.netty.channel.nio.NioEventLoop.run(NioEventLoop.java:458)
	at org.apache.ratis.thirdparty.io.netty.util.concurrent.SingleThreadEventExecutor$5.run(SingleThreadEventExecutor.java:897)
	at org.apache.ratis.thirdparty.io.netty.util.concurrent.FastThreadLocalRunnable.run(FastThreadLocalRunnable.java:30)
	... 1 more
Caused by: java.net.ConnectException: Connection refused
	... 11 more
2019-10-18 14:30:47,614 [681edbc6-a1fc-42a4-b5ce-4922820de60a@group-FD33B9583E3C-LeaderElection239] INFO  impl.LeaderElection (LogUtils.java:infoOrTrace(149)) - 681edbc6-a1fc-42a4-b5ce-4922820de60a@group-FD33B9583E3C-LeaderElection239 got exception when requesting votes: {}
java.util.concurrent.ExecutionException: org.apache.ratis.thirdparty.io.grpc.StatusRuntimeException: UNAVAILABLE: io exception
	at java.util.concurrent.FutureTask.report(FutureTask.java:122)
	at java.util.concurrent.FutureTask.get(FutureTask.java:192)
	at org.apache.ratis.server.impl.LeaderElection.waitForResults(LeaderElection.java:259)
	at org.apache.ratis.server.impl.LeaderElection.askForVotes(LeaderElection.java:197)
	at org.apache.ratis.server.impl.LeaderElection.run(LeaderElection.java:133)
	at java.lang.Thread.run(Thread.java:748)
Caused by: org.apache.ratis.thirdparty.io.grpc.StatusRuntimeException: UNAVAILABLE: io exception
	at org.apache.ratis.thirdparty.io.grpc.stub.ClientCalls.toStatusRuntimeException(ClientCalls.java:233)
	at org.apache.ratis.thirdparty.io.grpc.stub.ClientCalls.getUnchecked(ClientCalls.java:214)
	at org.apache.ratis.thirdparty.io.grpc.stub.ClientCalls.blockingUnaryCall(ClientCalls.java:139)
	at org.apache.ratis.proto.grpc.RaftServerProtocolServiceGrpc$RaftServerProtocolServiceBlockingStub.requestVote(RaftServerProtocolServiceGrpc.java:265)
	at org.apache.ratis.grpc.server.GrpcServerProtocolClient.requestVote(GrpcServerProtocolClient.java:99)
	at org.apache.ratis.grpc.server.GrpcService.requestVote(GrpcService.java:204)
	at org.apache.ratis.server.impl.LeaderElection.lambda$submitRequests$1(LeaderElection.java:234)
	at java.util.concurrent.FutureTask.run(FutureTask.java:266)
	at java.util.concurrent.Executors$RunnableAdapter.call(Executors.java:511)
	at java.util.concurrent.FutureTask.run(FutureTask.java:266)
	at java.util.concurrent.ThreadPoolExecutor.runWorker(ThreadPoolExecutor.java:1149)
	at java.util.concurrent.ThreadPoolExecutor$Worker.run(ThreadPoolExecutor.java:624)
	... 1 more
Caused by: org.apache.ratis.thirdparty.io.netty.channel.AbstractChannel$AnnotatedConnectException: Connection refused: /192.168.164.233:46080
	at sun.nio.ch.SocketChannelImpl.checkConnect(Native Method)
	at sun.nio.ch.SocketChannelImpl.finishConnect(SocketChannelImpl.java:717)
	at org.apache.ratis.thirdparty.io.netty.channel.socket.nio.NioSocketChannel.doFinishConnect(NioSocketChannel.java:327)
	at org.apache.ratis.thirdparty.io.netty.channel.nio.AbstractNioChannel$AbstractNioUnsafe.finishConnect(AbstractNioChannel.java:340)
	at org.apache.ratis.thirdparty.io.netty.channel.nio.NioEventLoop.processSelectedKey(NioEventLoop.java:632)
	at org.apache.ratis.thirdparty.io.netty.channel.nio.NioEventLoop.processSelectedKeysOptimized(NioEventLoop.java:579)
	at org.apache.ratis.thirdparty.io.netty.channel.nio.NioEventLoop.processSelectedKeys(NioEventLoop.java:496)
	at org.apache.ratis.thirdparty.io.netty.channel.nio.NioEventLoop.run(NioEventLoop.java:458)
	at org.apache.ratis.thirdparty.io.netty.util.concurrent.SingleThreadEventExecutor$5.run(SingleThreadEventExecutor.java:897)
	at org.apache.ratis.thirdparty.io.netty.util.concurrent.FastThreadLocalRunnable.run(FastThreadLocalRunnable.java:30)
	... 1 more
Caused by: java.net.ConnectException: Connection refused
	... 11 more
2019-10-18 14:30:47,615 [681edbc6-a1fc-42a4-b5ce-4922820de60a@group-FD33B9583E3C-LeaderElection239] INFO  impl.LeaderElection (LeaderElection.java:logAndReturn(56)) - 681edbc6-a1fc-42a4-b5ce-4922820de60a@group-FD33B9583E3C-LeaderElection239: Election REJECTED; received 0 response(s) [] and 2 exception(s); 681edbc6-a1fc-42a4-b5ce-4922820de60a@group-FD33B9583E3C:t239, leader=null, voted=681edbc6-a1fc-42a4-b5ce-4922820de60a, raftlog=681edbc6-a1fc-42a4-b5ce-4922820de60a@group-FD33B9583E3C-SegmentedRaftLog:OPENED:c-1,f-1,i0, conf=-1: [3ee7b367-7b16-44e1-99f8-43aefeda0876:192.168.164.233:46080, 681edbc6-a1fc-42a4-b5ce-4922820de60a:192.168.164.233:44267, 773cce60-eeca-4c1f-a5ec-70084be8b6b9:192.168.164.233:38729], old=null
2019-10-18 14:30:47,615 [681edbc6-a1fc-42a4-b5ce-4922820de60a@group-FD33B9583E3C-LeaderElection239] INFO  impl.LeaderElection (LogUtils.java:infoOrTrace(149)) -   Exception 0: {}
java.util.concurrent.ExecutionException: org.apache.ratis.thirdparty.io.grpc.StatusRuntimeException: UNAVAILABLE: io exception
	at java.util.concurrent.FutureTask.report(FutureTask.java:122)
	at java.util.concurrent.FutureTask.get(FutureTask.java:192)
	at org.apache.ratis.server.impl.LeaderElection.waitForResults(LeaderElection.java:259)
	at org.apache.ratis.server.impl.LeaderElection.askForVotes(LeaderElection.java:197)
	at org.apache.ratis.server.impl.LeaderElection.run(LeaderElection.java:133)
	at java.lang.Thread.run(Thread.java:748)
Caused by: org.apache.ratis.thirdparty.io.grpc.StatusRuntimeException: UNAVAILABLE: io exception
	at org.apache.ratis.thirdparty.io.grpc.stub.ClientCalls.toStatusRuntimeException(ClientCalls.java:233)
	at org.apache.ratis.thirdparty.io.grpc.stub.ClientCalls.getUnchecked(ClientCalls.java:214)
	at org.apache.ratis.thirdparty.io.grpc.stub.ClientCalls.blockingUnaryCall(ClientCalls.java:139)
	at org.apache.ratis.proto.grpc.RaftServerProtocolServiceGrpc$RaftServerProtocolServiceBlockingStub.requestVote(RaftServerProtocolServiceGrpc.java:265)
	at org.apache.ratis.grpc.server.GrpcServerProtocolClient.requestVote(GrpcServerProtocolClient.java:99)
	at org.apache.ratis.grpc.server.GrpcService.requestVote(GrpcService.java:204)
	at org.apache.ratis.server.impl.LeaderElection.lambda$submitRequests$1(LeaderElection.java:234)
	at java.util.concurrent.FutureTask.run(FutureTask.java:266)
	at java.util.concurrent.Executors$RunnableAdapter.call(Executors.java:511)
	at java.util.concurrent.FutureTask.run(FutureTask.java:266)
	at java.util.concurrent.ThreadPoolExecutor.runWorker(ThreadPoolExecutor.java:1149)
	at java.util.concurrent.ThreadPoolExecutor$Worker.run(ThreadPoolExecutor.java:624)
	... 1 more
Caused by: org.apache.ratis.thirdparty.io.netty.channel.AbstractChannel$AnnotatedConnectException: Connection refused: /192.168.164.233:38729
	at sun.nio.ch.SocketChannelImpl.checkConnect(Native Method)
	at sun.nio.ch.SocketChannelImpl.finishConnect(SocketChannelImpl.java:717)
	at org.apache.ratis.thirdparty.io.netty.channel.socket.nio.NioSocketChannel.doFinishConnect(NioSocketChannel.java:327)
	at org.apache.ratis.thirdparty.io.netty.channel.nio.AbstractNioChannel$AbstractNioUnsafe.finishConnect(AbstractNioChannel.java:340)
	at org.apache.ratis.thirdparty.io.netty.channel.nio.NioEventLoop.processSelectedKey(NioEventLoop.java:632)
	at org.apache.ratis.thirdparty.io.netty.channel.nio.NioEventLoop.processSelectedKeysOptimized(NioEventLoop.java:579)
	at org.apache.ratis.thirdparty.io.netty.channel.nio.NioEventLoop.processSelectedKeys(NioEventLoop.java:496)
	at org.apache.ratis.thirdparty.io.netty.channel.nio.NioEventLoop.run(NioEventLoop.java:458)
	at org.apache.ratis.thirdparty.io.netty.util.concurrent.SingleThreadEventExecutor$5.run(SingleThreadEventExecutor.java:897)
	at org.apache.ratis.thirdparty.io.netty.util.concurrent.FastThreadLocalRunnable.run(FastThreadLocalRunnable.java:30)
	... 1 more
Caused by: java.net.ConnectException: Connection refused
	... 11 more
2019-10-18 14:30:47,616 [681edbc6-a1fc-42a4-b5ce-4922820de60a@group-FD33B9583E3C-LeaderElection239] INFO  impl.LeaderElection (LogUtils.java:infoOrTrace(149)) -   Exception 1: {}
java.util.concurrent.ExecutionException: org.apache.ratis.thirdparty.io.grpc.StatusRuntimeException: UNAVAILABLE: io exception
	at java.util.concurrent.FutureTask.report(FutureTask.java:122)
	at java.util.concurrent.FutureTask.get(FutureTask.java:192)
	at org.apache.ratis.server.impl.LeaderElection.waitForResults(LeaderElection.java:259)
	at org.apache.ratis.server.impl.LeaderElection.askForVotes(LeaderElection.java:197)
	at org.apache.ratis.server.impl.LeaderElection.run(LeaderElection.java:133)
	at java.lang.Thread.run(Thread.java:748)
Caused by: org.apache.ratis.thirdparty.io.grpc.StatusRuntimeException: UNAVAILABLE: io exception
	at org.apache.ratis.thirdparty.io.grpc.stub.ClientCalls.toStatusRuntimeException(ClientCalls.java:233)
	at org.apache.ratis.thirdparty.io.grpc.stub.ClientCalls.getUnchecked(ClientCalls.java:214)
	at org.apache.ratis.thirdparty.io.grpc.stub.ClientCalls.blockingUnaryCall(ClientCalls.java:139)
	at org.apache.ratis.proto.grpc.RaftServerProtocolServiceGrpc$RaftServerProtocolServiceBlockingStub.requestVote(RaftServerProtocolServiceGrpc.java:265)
	at org.apache.ratis.grpc.server.GrpcServerProtocolClient.requestVote(GrpcServerProtocolClient.java:99)
	at org.apache.ratis.grpc.server.GrpcService.requestVote(GrpcService.java:204)
	at org.apache.ratis.server.impl.LeaderElection.lambda$submitRequests$1(LeaderElection.java:234)
	at java.util.concurrent.FutureTask.run(FutureTask.java:266)
	at java.util.concurrent.Executors$RunnableAdapter.call(Executors.java:511)
	at java.util.concurrent.FutureTask.run(FutureTask.java:266)
	at java.util.concurrent.ThreadPoolExecutor.runWorker(ThreadPoolExecutor.java:1149)
	at java.util.concurrent.ThreadPoolExecutor$Worker.run(ThreadPoolExecutor.java:624)
	... 1 more
Caused by: org.apache.ratis.thirdparty.io.netty.channel.AbstractChannel$AnnotatedConnectException: Connection refused: /192.168.164.233:46080
	at sun.nio.ch.SocketChannelImpl.checkConnect(Native Method)
	at sun.nio.ch.SocketChannelImpl.finishConnect(SocketChannelImpl.java:717)
	at org.apache.ratis.thirdparty.io.netty.channel.socket.nio.NioSocketChannel.doFinishConnect(NioSocketChannel.java:327)
	at org.apache.ratis.thirdparty.io.netty.channel.nio.AbstractNioChannel$AbstractNioUnsafe.finishConnect(AbstractNioChannel.java:340)
	at org.apache.ratis.thirdparty.io.netty.channel.nio.NioEventLoop.processSelectedKey(NioEventLoop.java:632)
	at org.apache.ratis.thirdparty.io.netty.channel.nio.NioEventLoop.processSelectedKeysOptimized(NioEventLoop.java:579)
	at org.apache.ratis.thirdparty.io.netty.channel.nio.NioEventLoop.processSelectedKeys(NioEventLoop.java:496)
	at org.apache.ratis.thirdparty.io.netty.channel.nio.NioEventLoop.run(NioEventLoop.java:458)
	at org.apache.ratis.thirdparty.io.netty.util.concurrent.SingleThreadEventExecutor$5.run(SingleThreadEventExecutor.java:897)
	at org.apache.ratis.thirdparty.io.netty.util.concurrent.FastThreadLocalRunnable.run(FastThreadLocalRunnable.java:30)
	... 1 more
Caused by: java.net.ConnectException: Connection refused
	... 11 more
2019-10-18 14:30:47,617 [681edbc6-a1fc-42a4-b5ce-4922820de60a@group-FD33B9583E3C-LeaderElection239] INFO  impl.RaftServerImpl (RaftServerImpl.java:setRole(184)) - 681edbc6-a1fc-42a4-b5ce-4922820de60a@group-FD33B9583E3C: changes role from CANDIDATE to FOLLOWER at term 239 for DISCOVERED_A_NEW_TERM
2019-10-18 14:30:47,617 [681edbc6-a1fc-42a4-b5ce-4922820de60a@group-FD33B9583E3C-LeaderElection239] INFO  impl.RoleInfo (RoleInfo.java:shutdownLeaderElection(134)) - 681edbc6-a1fc-42a4-b5ce-4922820de60a: shutdown LeaderElection
2019-10-18 14:30:47,617 [681edbc6-a1fc-42a4-b5ce-4922820de60a@group-FD33B9583E3C-LeaderElection239] INFO  impl.RoleInfo (RoleInfo.java:updateAndGet(143)) - 681edbc6-a1fc-42a4-b5ce-4922820de60a: start FollowerState
2019-10-18 14:30:47,674 [Thread-1944] INFO  impl.FollowerState (FollowerState.java:run(108)) - 681edbc6-a1fc-42a4-b5ce-4922820de60a@group-FD33B9583E3C-FollowerState: change to CANDIDATE, lastRpcTime:57ms, electionTimeout:57ms
2019-10-18 14:30:47,675 [Thread-1944] INFO  impl.RoleInfo (RoleInfo.java:shutdownFollowerState(121)) - 681edbc6-a1fc-42a4-b5ce-4922820de60a: shutdown FollowerState
2019-10-18 14:30:47,675 [Thread-1944] INFO  impl.RaftServerImpl (RaftServerImpl.java:setRole(184)) - 681edbc6-a1fc-42a4-b5ce-4922820de60a@group-FD33B9583E3C: changes role from  FOLLOWER to CANDIDATE at term 239 for changeToCandidate
2019-10-18 14:30:47,675 [Thread-1944] INFO  impl.RoleInfo (RoleInfo.java:updateAndGet(143)) - 681edbc6-a1fc-42a4-b5ce-4922820de60a: start LeaderElection
2019-10-18 14:30:47,689 [681edbc6-a1fc-42a4-b5ce-4922820de60a@group-FD33B9583E3C-LeaderElection240] INFO  impl.LeaderElection (LeaderElection.java:askForVotes(178)) - 681edbc6-a1fc-42a4-b5ce-4922820de60a@group-FD33B9583E3C-LeaderElection240: begin an election at term 240 for -1: [3ee7b367-7b16-44e1-99f8-43aefeda0876:192.168.164.233:46080, 681edbc6-a1fc-42a4-b5ce-4922820de60a:192.168.164.233:44267, 773cce60-eeca-4c1f-a5ec-70084be8b6b9:192.168.164.233:38729], old=null
2019-10-18 14:30:47,690 [681edbc6-a1fc-42a4-b5ce-4922820de60a@group-FD33B9583E3C-LeaderElection240] INFO  impl.LeaderElection (LogUtils.java:infoOrTrace(149)) - 681edbc6-a1fc-42a4-b5ce-4922820de60a@group-FD33B9583E3C-LeaderElection240 got exception when requesting votes: {}
java.util.concurrent.ExecutionException: org.apache.ratis.thirdparty.io.grpc.StatusRuntimeException: UNAVAILABLE: io exception
	at java.util.concurrent.FutureTask.report(FutureTask.java:122)
	at java.util.concurrent.FutureTask.get(FutureTask.java:192)
	at org.apache.ratis.server.impl.LeaderElection.waitForResults(LeaderElection.java:259)
	at org.apache.ratis.server.impl.LeaderElection.askForVotes(LeaderElection.java:197)
	at org.apache.ratis.server.impl.LeaderElection.run(LeaderElection.java:133)
	at java.lang.Thread.run(Thread.java:748)
Caused by: org.apache.ratis.thirdparty.io.grpc.StatusRuntimeException: UNAVAILABLE: io exception
	at org.apache.ratis.thirdparty.io.grpc.stub.ClientCalls.toStatusRuntimeException(ClientCalls.java:233)
	at org.apache.ratis.thirdparty.io.grpc.stub.ClientCalls.getUnchecked(ClientCalls.java:214)
	at org.apache.ratis.thirdparty.io.grpc.stub.ClientCalls.blockingUnaryCall(ClientCalls.java:139)
	at org.apache.ratis.proto.grpc.RaftServerProtocolServiceGrpc$RaftServerProtocolServiceBlockingStub.requestVote(RaftServerProtocolServiceGrpc.java:265)
	at org.apache.ratis.grpc.server.GrpcServerProtocolClient.requestVote(GrpcServerProtocolClient.java:99)
	at org.apache.ratis.grpc.server.GrpcService.requestVote(GrpcService.java:204)
	at org.apache.ratis.server.impl.LeaderElection.lambda$submitRequests$1(LeaderElection.java:234)
	at java.util.concurrent.FutureTask.run(FutureTask.java:266)
	at java.util.concurrent.Executors$RunnableAdapter.call(Executors.java:511)
	at java.util.concurrent.FutureTask.run(FutureTask.java:266)
	at java.util.concurrent.ThreadPoolExecutor.runWorker(ThreadPoolExecutor.java:1149)
	at java.util.concurrent.ThreadPoolExecutor$Worker.run(ThreadPoolExecutor.java:624)
	... 1 more
Caused by: org.apache.ratis.thirdparty.io.netty.channel.AbstractChannel$AnnotatedConnectException: Connection refused: /192.168.164.233:38729
	at sun.nio.ch.SocketChannelImpl.checkConnect(Native Method)
	at sun.nio.ch.SocketChannelImpl.finishConnect(SocketChannelImpl.java:717)
	at org.apache.ratis.thirdparty.io.netty.channel.socket.nio.NioSocketChannel.doFinishConnect(NioSocketChannel.java:327)
	at org.apache.ratis.thirdparty.io.netty.channel.nio.AbstractNioChannel$AbstractNioUnsafe.finishConnect(AbstractNioChannel.java:340)
	at org.apache.ratis.thirdparty.io.netty.channel.nio.NioEventLoop.processSelectedKey(NioEventLoop.java:632)
	at org.apache.ratis.thirdparty.io.netty.channel.nio.NioEventLoop.processSelectedKeysOptimized(NioEventLoop.java:579)
	at org.apache.ratis.thirdparty.io.netty.channel.nio.NioEventLoop.processSelectedKeys(NioEventLoop.java:496)
	at org.apache.ratis.thirdparty.io.netty.channel.nio.NioEventLoop.run(NioEventLoop.java:458)
	at org.apache.ratis.thirdparty.io.netty.util.concurrent.SingleThreadEventExecutor$5.run(SingleThreadEventExecutor.java:897)
	at org.apache.ratis.thirdparty.io.netty.util.concurrent.FastThreadLocalRunnable.run(FastThreadLocalRunnable.java:30)
	... 1 more
Caused by: java.net.ConnectException: Connection refused
	... 11 more
2019-10-18 14:30:47,690 [681edbc6-a1fc-42a4-b5ce-4922820de60a@group-FD33B9583E3C-LeaderElection240] INFO  impl.LeaderElection (LogUtils.java:infoOrTrace(149)) - 681edbc6-a1fc-42a4-b5ce-4922820de60a@group-FD33B9583E3C-LeaderElection240 got exception when requesting votes: {}
java.util.concurrent.ExecutionException: org.apache.ratis.thirdparty.io.grpc.StatusRuntimeException: UNAVAILABLE: io exception
	at java.util.concurrent.FutureTask.report(FutureTask.java:122)
	at java.util.concurrent.FutureTask.get(FutureTask.java:192)
	at org.apache.ratis.server.impl.LeaderElection.waitForResults(LeaderElection.java:259)
	at org.apache.ratis.server.impl.LeaderElection.askForVotes(LeaderElection.java:197)
	at org.apache.ratis.server.impl.LeaderElection.run(LeaderElection.java:133)
	at java.lang.Thread.run(Thread.java:748)
Caused by: org.apache.ratis.thirdparty.io.grpc.StatusRuntimeException: UNAVAILABLE: io exception
	at org.apache.ratis.thirdparty.io.grpc.stub.ClientCalls.toStatusRuntimeException(ClientCalls.java:233)
	at org.apache.ratis.thirdparty.io.grpc.stub.ClientCalls.getUnchecked(ClientCalls.java:214)
	at org.apache.ratis.thirdparty.io.grpc.stub.ClientCalls.blockingUnaryCall(ClientCalls.java:139)
	at org.apache.ratis.proto.grpc.RaftServerProtocolServiceGrpc$RaftServerProtocolServiceBlockingStub.requestVote(RaftServerProtocolServiceGrpc.java:265)
	at org.apache.ratis.grpc.server.GrpcServerProtocolClient.requestVote(GrpcServerProtocolClient.java:99)
	at org.apache.ratis.grpc.server.GrpcService.requestVote(GrpcService.java:204)
	at org.apache.ratis.server.impl.LeaderElection.lambda$submitRequests$1(LeaderElection.java:234)
	at java.util.concurrent.FutureTask.run(FutureTask.java:266)
	at java.util.concurrent.Executors$RunnableAdapter.call(Executors.java:511)
	at java.util.concurrent.FutureTask.run(FutureTask.java:266)
	at java.util.concurrent.ThreadPoolExecutor.runWorker(ThreadPoolExecutor.java:1149)
	at java.util.concurrent.ThreadPoolExecutor$Worker.run(ThreadPoolExecutor.java:624)
	... 1 more
Caused by: org.apache.ratis.thirdparty.io.netty.channel.AbstractChannel$AnnotatedConnectException: Connection refused: /192.168.164.233:46080
	at sun.nio.ch.SocketChannelImpl.checkConnect(Native Method)
	at sun.nio.ch.SocketChannelImpl.finishConnect(SocketChannelImpl.java:717)
	at org.apache.ratis.thirdparty.io.netty.channel.socket.nio.NioSocketChannel.doFinishConnect(NioSocketChannel.java:327)
	at org.apache.ratis.thirdparty.io.netty.channel.nio.AbstractNioChannel$AbstractNioUnsafe.finishConnect(AbstractNioChannel.java:340)
	at org.apache.ratis.thirdparty.io.netty.channel.nio.NioEventLoop.processSelectedKey(NioEventLoop.java:632)
	at org.apache.ratis.thirdparty.io.netty.channel.nio.NioEventLoop.processSelectedKeysOptimized(NioEventLoop.java:579)
	at org.apache.ratis.thirdparty.io.netty.channel.nio.NioEventLoop.processSelectedKeys(NioEventLoop.java:496)
	at org.apache.ratis.thirdparty.io.netty.channel.nio.NioEventLoop.run(NioEventLoop.java:458)
	at org.apache.ratis.thirdparty.io.netty.util.concurrent.SingleThreadEventExecutor$5.run(SingleThreadEventExecutor.java:897)
	at org.apache.ratis.thirdparty.io.netty.util.concurrent.FastThreadLocalRunnable.run(FastThreadLocalRunnable.java:30)
	... 1 more
Caused by: java.net.ConnectException: Connection refused
	... 11 more
2019-10-18 14:30:47,691 [681edbc6-a1fc-42a4-b5ce-4922820de60a@group-FD33B9583E3C-LeaderElection240] INFO  impl.LeaderElection (LeaderElection.java:logAndReturn(56)) - 681edbc6-a1fc-42a4-b5ce-4922820de60a@group-FD33B9583E3C-LeaderElection240: Election REJECTED; received 0 response(s) [] and 2 exception(s); 681edbc6-a1fc-42a4-b5ce-4922820de60a@group-FD33B9583E3C:t240, leader=null, voted=681edbc6-a1fc-42a4-b5ce-4922820de60a, raftlog=681edbc6-a1fc-42a4-b5ce-4922820de60a@group-FD33B9583E3C-SegmentedRaftLog:OPENED:c-1,f-1,i0, conf=-1: [3ee7b367-7b16-44e1-99f8-43aefeda0876:192.168.164.233:46080, 681edbc6-a1fc-42a4-b5ce-4922820de60a:192.168.164.233:44267, 773cce60-eeca-4c1f-a5ec-70084be8b6b9:192.168.164.233:38729], old=null
2019-10-18 14:30:47,691 [681edbc6-a1fc-42a4-b5ce-4922820de60a@group-FD33B9583E3C-LeaderElection240] INFO  impl.LeaderElection (LogUtils.java:infoOrTrace(149)) -   Exception 0: {}
java.util.concurrent.ExecutionException: org.apache.ratis.thirdparty.io.grpc.StatusRuntimeException: UNAVAILABLE: io exception
	at java.util.concurrent.FutureTask.report(FutureTask.java:122)
	at java.util.concurrent.FutureTask.get(FutureTask.java:192)
	at org.apache.ratis.server.impl.LeaderElection.waitForResults(LeaderElection.java:259)
	at org.apache.ratis.server.impl.LeaderElection.askForVotes(LeaderElection.java:197)
	at org.apache.ratis.server.impl.LeaderElection.run(LeaderElection.java:133)
	at java.lang.Thread.run(Thread.java:748)
Caused by: org.apache.ratis.thirdparty.io.grpc.StatusRuntimeException: UNAVAILABLE: io exception
	at org.apache.ratis.thirdparty.io.grpc.stub.ClientCalls.toStatusRuntimeException(ClientCalls.java:233)
	at org.apache.ratis.thirdparty.io.grpc.stub.ClientCalls.getUnchecked(ClientCalls.java:214)
	at org.apache.ratis.thirdparty.io.grpc.stub.ClientCalls.blockingUnaryCall(ClientCalls.java:139)
	at org.apache.ratis.proto.grpc.RaftServerProtocolServiceGrpc$RaftServerProtocolServiceBlockingStub.requestVote(RaftServerProtocolServiceGrpc.java:265)
	at org.apache.ratis.grpc.server.GrpcServerProtocolClient.requestVote(GrpcServerProtocolClient.java:99)
	at org.apache.ratis.grpc.server.GrpcService.requestVote(GrpcService.java:204)
	at org.apache.ratis.server.impl.LeaderElection.lambda$submitRequests$1(LeaderElection.java:234)
	at java.util.concurrent.FutureTask.run(FutureTask.java:266)
	at java.util.concurrent.Executors$RunnableAdapter.call(Executors.java:511)
	at java.util.concurrent.FutureTask.run(FutureTask.java:266)
	at java.util.concurrent.ThreadPoolExecutor.runWorker(ThreadPoolExecutor.java:1149)
	at java.util.concurrent.ThreadPoolExecutor$Worker.run(ThreadPoolExecutor.java:624)
	... 1 more
Caused by: org.apache.ratis.thirdparty.io.netty.channel.AbstractChannel$AnnotatedConnectException: Connection refused: /192.168.164.233:38729
	at sun.nio.ch.SocketChannelImpl.checkConnect(Native Method)
	at sun.nio.ch.SocketChannelImpl.finishConnect(SocketChannelImpl.java:717)
	at org.apache.ratis.thirdparty.io.netty.channel.socket.nio.NioSocketChannel.doFinishConnect(NioSocketChannel.java:327)
	at org.apache.ratis.thirdparty.io.netty.channel.nio.AbstractNioChannel$AbstractNioUnsafe.finishConnect(AbstractNioChannel.java:340)
	at org.apache.ratis.thirdparty.io.netty.channel.nio.NioEventLoop.processSelectedKey(NioEventLoop.java:632)
	at org.apache.ratis.thirdparty.io.netty.channel.nio.NioEventLoop.processSelectedKeysOptimized(NioEventLoop.java:579)
	at org.apache.ratis.thirdparty.io.netty.channel.nio.NioEventLoop.processSelectedKeys(NioEventLoop.java:496)
	at org.apache.ratis.thirdparty.io.netty.channel.nio.NioEventLoop.run(NioEventLoop.java:458)
	at org.apache.ratis.thirdparty.io.netty.util.concurrent.SingleThreadEventExecutor$5.run(SingleThreadEventExecutor.java:897)
	at org.apache.ratis.thirdparty.io.netty.util.concurrent.FastThreadLocalRunnable.run(FastThreadLocalRunnable.java:30)
	... 1 more
Caused by: java.net.ConnectException: Connection refused
	... 11 more
2019-10-18 14:30:47,691 [681edbc6-a1fc-42a4-b5ce-4922820de60a@group-FD33B9583E3C-LeaderElection240] INFO  impl.LeaderElection (LogUtils.java:infoOrTrace(149)) -   Exception 1: {}
java.util.concurrent.ExecutionException: org.apache.ratis.thirdparty.io.grpc.StatusRuntimeException: UNAVAILABLE: io exception
	at java.util.concurrent.FutureTask.report(FutureTask.java:122)
	at java.util.concurrent.FutureTask.get(FutureTask.java:192)
	at org.apache.ratis.server.impl.LeaderElection.waitForResults(LeaderElection.java:259)
	at org.apache.ratis.server.impl.LeaderElection.askForVotes(LeaderElection.java:197)
	at org.apache.ratis.server.impl.LeaderElection.run(LeaderElection.java:133)
	at java.lang.Thread.run(Thread.java:748)
Caused by: org.apache.ratis.thirdparty.io.grpc.StatusRuntimeException: UNAVAILABLE: io exception
	at org.apache.ratis.thirdparty.io.grpc.stub.ClientCalls.toStatusRuntimeException(ClientCalls.java:233)
	at org.apache.ratis.thirdparty.io.grpc.stub.ClientCalls.getUnchecked(ClientCalls.java:214)
	at org.apache.ratis.thirdparty.io.grpc.stub.ClientCalls.blockingUnaryCall(ClientCalls.java:139)
	at org.apache.ratis.proto.grpc.RaftServerProtocolServiceGrpc$RaftServerProtocolServiceBlockingStub.requestVote(RaftServerProtocolServiceGrpc.java:265)
	at org.apache.ratis.grpc.server.GrpcServerProtocolClient.requestVote(GrpcServerProtocolClient.java:99)
	at org.apache.ratis.grpc.server.GrpcService.requestVote(GrpcService.java:204)
	at org.apache.ratis.server.impl.LeaderElection.lambda$submitRequests$1(LeaderElection.java:234)
	at java.util.concurrent.FutureTask.run(FutureTask.java:266)
	at java.util.concurrent.Executors$RunnableAdapter.call(Executors.java:511)
	at java.util.concurrent.FutureTask.run(FutureTask.java:266)
	at java.util.concurrent.ThreadPoolExecutor.runWorker(ThreadPoolExecutor.java:1149)
	at java.util.concurrent.ThreadPoolExecutor$Worker.run(ThreadPoolExecutor.java:624)
	... 1 more
Caused by: org.apache.ratis.thirdparty.io.netty.channel.AbstractChannel$AnnotatedConnectException: Connection refused: /192.168.164.233:46080
	at sun.nio.ch.SocketChannelImpl.checkConnect(Native Method)
	at sun.nio.ch.SocketChannelImpl.finishConnect(SocketChannelImpl.java:717)
	at org.apache.ratis.thirdparty.io.netty.channel.socket.nio.NioSocketChannel.doFinishConnect(NioSocketChannel.java:327)
	at org.apache.ratis.thirdparty.io.netty.channel.nio.AbstractNioChannel$AbstractNioUnsafe.finishConnect(AbstractNioChannel.java:340)
	at org.apache.ratis.thirdparty.io.netty.channel.nio.NioEventLoop.processSelectedKey(NioEventLoop.java:632)
	at org.apache.ratis.thirdparty.io.netty.channel.nio.NioEventLoop.processSelectedKeysOptimized(NioEventLoop.java:579)
	at org.apache.ratis.thirdparty.io.netty.channel.nio.NioEventLoop.processSelectedKeys(NioEventLoop.java:496)
	at org.apache.ratis.thirdparty.io.netty.channel.nio.NioEventLoop.run(NioEventLoop.java:458)
	at org.apache.ratis.thirdparty.io.netty.util.concurrent.SingleThreadEventExecutor$5.run(SingleThreadEventExecutor.java:897)
	at org.apache.ratis.thirdparty.io.netty.util.concurrent.FastThreadLocalRunnable.run(FastThreadLocalRunnable.java:30)
	... 1 more
Caused by: java.net.ConnectException: Connection refused
	... 11 more
2019-10-18 14:30:47,691 [681edbc6-a1fc-42a4-b5ce-4922820de60a@group-FD33B9583E3C-LeaderElection240] INFO  impl.RaftServerImpl (RaftServerImpl.java:setRole(184)) - 681edbc6-a1fc-42a4-b5ce-4922820de60a@group-FD33B9583E3C: changes role from CANDIDATE to FOLLOWER at term 240 for DISCOVERED_A_NEW_TERM
2019-10-18 14:30:47,691 [681edbc6-a1fc-42a4-b5ce-4922820de60a@group-FD33B9583E3C-LeaderElection240] INFO  impl.RoleInfo (RoleInfo.java:shutdownLeaderElection(134)) - 681edbc6-a1fc-42a4-b5ce-4922820de60a: shutdown LeaderElection
2019-10-18 14:30:47,691 [681edbc6-a1fc-42a4-b5ce-4922820de60a@group-FD33B9583E3C-LeaderElection240] INFO  impl.RoleInfo (RoleInfo.java:updateAndGet(143)) - 681edbc6-a1fc-42a4-b5ce-4922820de60a: start FollowerState
2019-10-18 14:30:47,724 [java.util.concurrent.ThreadPoolExecutor$Worker@4efed47c[State = -1, empty queue]] WARN  server.GrpcLogAppender (GrpcLogAppender.java:timeoutAppendRequest(209)) - 46c14060-ea78-4b5a-b57c-064e4766b234@group-45DBFE4B8A65->a4757974-e77e-4a1a-a400-c32fe273093a-GrpcLogAppender: appendEntries Timeout, request=46c14060-ea78-4b5a-b57c-064e4766b234->a4757974-e77e-4a1a-a400-c32fe273093a#58-t3, previous=(t:3, i:4), leaderCommit=4, initializing? false, entries: <empty>
2019-10-18 14:30:47,724 [java.util.concurrent.ThreadPoolExecutor$Worker@108d80c3[State = -1, empty queue]] WARN  server.GrpcLogAppender (GrpcLogAppender.java:timeoutAppendRequest(209)) - 46c14060-ea78-4b5a-b57c-064e4766b234@group-45DBFE4B8A65->55013cf6-f41f-4339-a52c-06c119893914-GrpcLogAppender: appendEntries Timeout, request=46c14060-ea78-4b5a-b57c-064e4766b234->55013cf6-f41f-4339-a52c-06c119893914#58-t3, previous=(t:3, i:4), leaderCommit=4, initializing? false, entries: <empty>
2019-10-18 14:30:47,847 [Thread-1948] INFO  impl.FollowerState (FollowerState.java:run(108)) - 681edbc6-a1fc-42a4-b5ce-4922820de60a@group-FD33B9583E3C-FollowerState: change to CANDIDATE, lastRpcTime:156ms, electionTimeout:156ms
2019-10-18 14:30:47,848 [Thread-1948] INFO  impl.RoleInfo (RoleInfo.java:shutdownFollowerState(121)) - 681edbc6-a1fc-42a4-b5ce-4922820de60a: shutdown FollowerState
2019-10-18 14:30:47,848 [Thread-1948] INFO  impl.RaftServerImpl (RaftServerImpl.java:setRole(184)) - 681edbc6-a1fc-42a4-b5ce-4922820de60a@group-FD33B9583E3C: changes role from  FOLLOWER to CANDIDATE at term 240 for changeToCandidate
2019-10-18 14:30:47,848 [Thread-1948] INFO  impl.RoleInfo (RoleInfo.java:updateAndGet(143)) - 681edbc6-a1fc-42a4-b5ce-4922820de60a: start LeaderElection
2019-10-18 14:30:47,862 [681edbc6-a1fc-42a4-b5ce-4922820de60a@group-FD33B9583E3C-LeaderElection241] INFO  impl.LeaderElection (LeaderElection.java:askForVotes(178)) - 681edbc6-a1fc-42a4-b5ce-4922820de60a@group-FD33B9583E3C-LeaderElection241: begin an election at term 241 for -1: [3ee7b367-7b16-44e1-99f8-43aefeda0876:192.168.164.233:46080, 681edbc6-a1fc-42a4-b5ce-4922820de60a:192.168.164.233:44267, 773cce60-eeca-4c1f-a5ec-70084be8b6b9:192.168.164.233:38729], old=null
2019-10-18 14:30:47,862 [681edbc6-a1fc-42a4-b5ce-4922820de60a@group-FD33B9583E3C-LeaderElection241] INFO  impl.LeaderElection (LogUtils.java:infoOrTrace(149)) - 681edbc6-a1fc-42a4-b5ce-4922820de60a@group-FD33B9583E3C-LeaderElection241 got exception when requesting votes: {}
java.util.concurrent.ExecutionException: org.apache.ratis.thirdparty.io.grpc.StatusRuntimeException: UNAVAILABLE: io exception
	at java.util.concurrent.FutureTask.report(FutureTask.java:122)
	at java.util.concurrent.FutureTask.get(FutureTask.java:192)
	at org.apache.ratis.server.impl.LeaderElection.waitForResults(LeaderElection.java:259)
	at org.apache.ratis.server.impl.LeaderElection.askForVotes(LeaderElection.java:197)
	at org.apache.ratis.server.impl.LeaderElection.run(LeaderElection.java:133)
	at java.lang.Thread.run(Thread.java:748)
Caused by: org.apache.ratis.thirdparty.io.grpc.StatusRuntimeException: UNAVAILABLE: io exception
	at org.apache.ratis.thirdparty.io.grpc.stub.ClientCalls.toStatusRuntimeException(ClientCalls.java:233)
	at org.apache.ratis.thirdparty.io.grpc.stub.ClientCalls.getUnchecked(ClientCalls.java:214)
	at org.apache.ratis.thirdparty.io.grpc.stub.ClientCalls.blockingUnaryCall(ClientCalls.java:139)
	at org.apache.ratis.proto.grpc.RaftServerProtocolServiceGrpc$RaftServerProtocolServiceBlockingStub.requestVote(RaftServerProtocolServiceGrpc.java:265)
	at org.apache.ratis.grpc.server.GrpcServerProtocolClient.requestVote(GrpcServerProtocolClient.java:99)
	at org.apache.ratis.grpc.server.GrpcService.requestVote(GrpcService.java:204)
	at org.apache.ratis.server.impl.LeaderElection.lambda$submitRequests$1(LeaderElection.java:234)
	at java.util.concurrent.FutureTask.run(FutureTask.java:266)
	at java.util.concurrent.Executors$RunnableAdapter.call(Executors.java:511)
	at java.util.concurrent.FutureTask.run(FutureTask.java:266)
	at java.util.concurrent.ThreadPoolExecutor.runWorker(ThreadPoolExecutor.java:1149)
	at java.util.concurrent.ThreadPoolExecutor$Worker.run(ThreadPoolExecutor.java:624)
	... 1 more
Caused by: org.apache.ratis.thirdparty.io.netty.channel.AbstractChannel$AnnotatedConnectException: Connection refused: /192.168.164.233:38729
	at sun.nio.ch.SocketChannelImpl.checkConnect(Native Method)
	at sun.nio.ch.SocketChannelImpl.finishConnect(SocketChannelImpl.java:717)
	at org.apache.ratis.thirdparty.io.netty.channel.socket.nio.NioSocketChannel.doFinishConnect(NioSocketChannel.java:327)
	at org.apache.ratis.thirdparty.io.netty.channel.nio.AbstractNioChannel$AbstractNioUnsafe.finishConnect(AbstractNioChannel.java:340)
	at org.apache.ratis.thirdparty.io.netty.channel.nio.NioEventLoop.processSelectedKey(NioEventLoop.java:632)
	at org.apache.ratis.thirdparty.io.netty.channel.nio.NioEventLoop.processSelectedKeysOptimized(NioEventLoop.java:579)
	at org.apache.ratis.thirdparty.io.netty.channel.nio.NioEventLoop.processSelectedKeys(NioEventLoop.java:496)
	at org.apache.ratis.thirdparty.io.netty.channel.nio.NioEventLoop.run(NioEventLoop.java:458)
	at org.apache.ratis.thirdparty.io.netty.util.concurrent.SingleThreadEventExecutor$5.run(SingleThreadEventExecutor.java:897)
	at org.apache.ratis.thirdparty.io.netty.util.concurrent.FastThreadLocalRunnable.run(FastThreadLocalRunnable.java:30)
	... 1 more
Caused by: java.net.ConnectException: Connection refused
	... 11 more
2019-10-18 14:30:47,863 [681edbc6-a1fc-42a4-b5ce-4922820de60a@group-FD33B9583E3C-LeaderElection241] INFO  impl.LeaderElection (LogUtils.java:infoOrTrace(149)) - 681edbc6-a1fc-42a4-b5ce-4922820de60a@group-FD33B9583E3C-LeaderElection241 got exception when requesting votes: {}
java.util.concurrent.ExecutionException: org.apache.ratis.thirdparty.io.grpc.StatusRuntimeException: UNAVAILABLE: io exception
	at java.util.concurrent.FutureTask.report(FutureTask.java:122)
	at java.util.concurrent.FutureTask.get(FutureTask.java:192)
	at org.apache.ratis.server.impl.LeaderElection.waitForResults(LeaderElection.java:259)
	at org.apache.ratis.server.impl.LeaderElection.askForVotes(LeaderElection.java:197)
	at org.apache.ratis.server.impl.LeaderElection.run(LeaderElection.java:133)
	at java.lang.Thread.run(Thread.java:748)
Caused by: org.apache.ratis.thirdparty.io.grpc.StatusRuntimeException: UNAVAILABLE: io exception
	at org.apache.ratis.thirdparty.io.grpc.stub.ClientCalls.toStatusRuntimeException(ClientCalls.java:233)
	at org.apache.ratis.thirdparty.io.grpc.stub.ClientCalls.getUnchecked(ClientCalls.java:214)
	at org.apache.ratis.thirdparty.io.grpc.stub.ClientCalls.blockingUnaryCall(ClientCalls.java:139)
	at org.apache.ratis.proto.grpc.RaftServerProtocolServiceGrpc$RaftServerProtocolServiceBlockingStub.requestVote(RaftServerProtocolServiceGrpc.java:265)
	at org.apache.ratis.grpc.server.GrpcServerProtocolClient.requestVote(GrpcServerProtocolClient.java:99)
	at org.apache.ratis.grpc.server.GrpcService.requestVote(GrpcService.java:204)
	at org.apache.ratis.server.impl.LeaderElection.lambda$submitRequests$1(LeaderElection.java:234)
	at java.util.concurrent.FutureTask.run(FutureTask.java:266)
	at java.util.concurrent.Executors$RunnableAdapter.call(Executors.java:511)
	at java.util.concurrent.FutureTask.run(FutureTask.java:266)
	at java.util.concurrent.ThreadPoolExecutor.runWorker(ThreadPoolExecutor.java:1149)
	at java.util.concurrent.ThreadPoolExecutor$Worker.run(ThreadPoolExecutor.java:624)
	... 1 more
Caused by: org.apache.ratis.thirdparty.io.netty.channel.AbstractChannel$AnnotatedConnectException: Connection refused: /192.168.164.233:46080
	at sun.nio.ch.SocketChannelImpl.checkConnect(Native Method)
	at sun.nio.ch.SocketChannelImpl.finishConnect(SocketChannelImpl.java:717)
	at org.apache.ratis.thirdparty.io.netty.channel.socket.nio.NioSocketChannel.doFinishConnect(NioSocketChannel.java:327)
	at org.apache.ratis.thirdparty.io.netty.channel.nio.AbstractNioChannel$AbstractNioUnsafe.finishConnect(AbstractNioChannel.java:340)
	at org.apache.ratis.thirdparty.io.netty.channel.nio.NioEventLoop.processSelectedKey(NioEventLoop.java:632)
	at org.apache.ratis.thirdparty.io.netty.channel.nio.NioEventLoop.processSelectedKeysOptimized(NioEventLoop.java:579)
	at org.apache.ratis.thirdparty.io.netty.channel.nio.NioEventLoop.processSelectedKeys(NioEventLoop.java:496)
	at org.apache.ratis.thirdparty.io.netty.channel.nio.NioEventLoop.run(NioEventLoop.java:458)
	at org.apache.ratis.thirdparty.io.netty.util.concurrent.SingleThreadEventExecutor$5.run(SingleThreadEventExecutor.java:897)
	at org.apache.ratis.thirdparty.io.netty.util.concurrent.FastThreadLocalRunnable.run(FastThreadLocalRunnable.java:30)
	... 1 more
Caused by: java.net.ConnectException: Connection refused
	... 11 more
2019-10-18 14:30:47,863 [681edbc6-a1fc-42a4-b5ce-4922820de60a@group-FD33B9583E3C-LeaderElection241] INFO  impl.LeaderElection (LeaderElection.java:logAndReturn(56)) - 681edbc6-a1fc-42a4-b5ce-4922820de60a@group-FD33B9583E3C-LeaderElection241: Election REJECTED; received 0 response(s) [] and 2 exception(s); 681edbc6-a1fc-42a4-b5ce-4922820de60a@group-FD33B9583E3C:t241, leader=null, voted=681edbc6-a1fc-42a4-b5ce-4922820de60a, raftlog=681edbc6-a1fc-42a4-b5ce-4922820de60a@group-FD33B9583E3C-SegmentedRaftLog:OPENED:c-1,f-1,i0, conf=-1: [3ee7b367-7b16-44e1-99f8-43aefeda0876:192.168.164.233:46080, 681edbc6-a1fc-42a4-b5ce-4922820de60a:192.168.164.233:44267, 773cce60-eeca-4c1f-a5ec-70084be8b6b9:192.168.164.233:38729], old=null
2019-10-18 14:30:47,863 [681edbc6-a1fc-42a4-b5ce-4922820de60a@group-FD33B9583E3C-LeaderElection241] INFO  impl.LeaderElection (LogUtils.java:infoOrTrace(149)) -   Exception 0: {}
java.util.concurrent.ExecutionException: org.apache.ratis.thirdparty.io.grpc.StatusRuntimeException: UNAVAILABLE: io exception
	at java.util.concurrent.FutureTask.report(FutureTask.java:122)
	at java.util.concurrent.FutureTask.get(FutureTask.java:192)
	at org.apache.ratis.server.impl.LeaderElection.waitForResults(LeaderElection.java:259)
	at org.apache.ratis.server.impl.LeaderElection.askForVotes(LeaderElection.java:197)
	at org.apache.ratis.server.impl.LeaderElection.run(LeaderElection.java:133)
	at java.lang.Thread.run(Thread.java:748)
Caused by: org.apache.ratis.thirdparty.io.grpc.StatusRuntimeException: UNAVAILABLE: io exception
	at org.apache.ratis.thirdparty.io.grpc.stub.ClientCalls.toStatusRuntimeException(ClientCalls.java:233)
	at org.apache.ratis.thirdparty.io.grpc.stub.ClientCalls.getUnchecked(ClientCalls.java:214)
	at org.apache.ratis.thirdparty.io.grpc.stub.ClientCalls.blockingUnaryCall(ClientCalls.java:139)
	at org.apache.ratis.proto.grpc.RaftServerProtocolServiceGrpc$RaftServerProtocolServiceBlockingStub.requestVote(RaftServerProtocolServiceGrpc.java:265)
	at org.apache.ratis.grpc.server.GrpcServerProtocolClient.requestVote(GrpcServerProtocolClient.java:99)
	at org.apache.ratis.grpc.server.GrpcService.requestVote(GrpcService.java:204)
	at org.apache.ratis.server.impl.LeaderElection.lambda$submitRequests$1(LeaderElection.java:234)
	at java.util.concurrent.FutureTask.run(FutureTask.java:266)
	at java.util.concurrent.Executors$RunnableAdapter.call(Executors.java:511)
	at java.util.concurrent.FutureTask.run(FutureTask.java:266)
	at java.util.concurrent.ThreadPoolExecutor.runWorker(ThreadPoolExecutor.java:1149)
	at java.util.concurrent.ThreadPoolExecutor$Worker.run(ThreadPoolExecutor.java:624)
	... 1 more
Caused by: org.apache.ratis.thirdparty.io.netty.channel.AbstractChannel$AnnotatedConnectException: Connection refused: /192.168.164.233:38729
	at sun.nio.ch.SocketChannelImpl.checkConnect(Native Method)
	at sun.nio.ch.SocketChannelImpl.finishConnect(SocketChannelImpl.java:717)
	at org.apache.ratis.thirdparty.io.netty.channel.socket.nio.NioSocketChannel.doFinishConnect(NioSocketChannel.java:327)
	at org.apache.ratis.thirdparty.io.netty.channel.nio.AbstractNioChannel$AbstractNioUnsafe.finishConnect(AbstractNioChannel.java:340)
	at org.apache.ratis.thirdparty.io.netty.channel.nio.NioEventLoop.processSelectedKey(NioEventLoop.java:632)
	at org.apache.ratis.thirdparty.io.netty.channel.nio.NioEventLoop.processSelectedKeysOptimized(NioEventLoop.java:579)
	at org.apache.ratis.thirdparty.io.netty.channel.nio.NioEventLoop.processSelectedKeys(NioEventLoop.java:496)
	at org.apache.ratis.thirdparty.io.netty.channel.nio.NioEventLoop.run(NioEventLoop.java:458)
	at org.apache.ratis.thirdparty.io.netty.util.concurrent.SingleThreadEventExecutor$5.run(SingleThreadEventExecutor.java:897)
	at org.apache.ratis.thirdparty.io.netty.util.concurrent.FastThreadLocalRunnable.run(FastThreadLocalRunnable.java:30)
	... 1 more
Caused by: java.net.ConnectException: Connection refused
	... 11 more
2019-10-18 14:30:47,863 [681edbc6-a1fc-42a4-b5ce-4922820de60a@group-FD33B9583E3C-LeaderElection241] INFO  impl.LeaderElection (LogUtils.java:infoOrTrace(149)) -   Exception 1: {}
java.util.concurrent.ExecutionException: org.apache.ratis.thirdparty.io.grpc.StatusRuntimeException: UNAVAILABLE: io exception
	at java.util.concurrent.FutureTask.report(FutureTask.java:122)
	at java.util.concurrent.FutureTask.get(FutureTask.java:192)
	at org.apache.ratis.server.impl.LeaderElection.waitForResults(LeaderElection.java:259)
	at org.apache.ratis.server.impl.LeaderElection.askForVotes(LeaderElection.java:197)
	at org.apache.ratis.server.impl.LeaderElection.run(LeaderElection.java:133)
	at java.lang.Thread.run(Thread.java:748)
Caused by: org.apache.ratis.thirdparty.io.grpc.StatusRuntimeException: UNAVAILABLE: io exception
	at org.apache.ratis.thirdparty.io.grpc.stub.ClientCalls.toStatusRuntimeException(ClientCalls.java:233)
	at org.apache.ratis.thirdparty.io.grpc.stub.ClientCalls.getUnchecked(ClientCalls.java:214)
	at org.apache.ratis.thirdparty.io.grpc.stub.ClientCalls.blockingUnaryCall(ClientCalls.java:139)
	at org.apache.ratis.proto.grpc.RaftServerProtocolServiceGrpc$RaftServerProtocolServiceBlockingStub.requestVote(RaftServerProtocolServiceGrpc.java:265)
	at org.apache.ratis.grpc.server.GrpcServerProtocolClient.requestVote(GrpcServerProtocolClient.java:99)
	at org.apache.ratis.grpc.server.GrpcService.requestVote(GrpcService.java:204)
	at org.apache.ratis.server.impl.LeaderElection.lambda$submitRequests$1(LeaderElection.java:234)
	at java.util.concurrent.FutureTask.run(FutureTask.java:266)
	at java.util.concurrent.Executors$RunnableAdapter.call(Executors.java:511)
	at java.util.concurrent.FutureTask.run(FutureTask.java:266)
	at java.util.concurrent.ThreadPoolExecutor.runWorker(ThreadPoolExecutor.java:1149)
	at java.util.concurrent.ThreadPoolExecutor$Worker.run(ThreadPoolExecutor.java:624)
	... 1 more
Caused by: org.apache.ratis.thirdparty.io.netty.channel.AbstractChannel$AnnotatedConnectException: Connection refused: /192.168.164.233:46080
	at sun.nio.ch.SocketChannelImpl.checkConnect(Native Method)
	at sun.nio.ch.SocketChannelImpl.finishConnect(SocketChannelImpl.java:717)
	at org.apache.ratis.thirdparty.io.netty.channel.socket.nio.NioSocketChannel.doFinishConnect(NioSocketChannel.java:327)
	at org.apache.ratis.thirdparty.io.netty.channel.nio.AbstractNioChannel$AbstractNioUnsafe.finishConnect(AbstractNioChannel.java:340)
	at org.apache.ratis.thirdparty.io.netty.channel.nio.NioEventLoop.processSelectedKey(NioEventLoop.java:632)
	at org.apache.ratis.thirdparty.io.netty.channel.nio.NioEventLoop.processSelectedKeysOptimized(NioEventLoop.java:579)
	at org.apache.ratis.thirdparty.io.netty.channel.nio.NioEventLoop.processSelectedKeys(NioEventLoop.java:496)
	at org.apache.ratis.thirdparty.io.netty.channel.nio.NioEventLoop.run(NioEventLoop.java:458)
	at org.apache.ratis.thirdparty.io.netty.util.concurrent.SingleThreadEventExecutor$5.run(SingleThreadEventExecutor.java:897)
	at org.apache.ratis.thirdparty.io.netty.util.concurrent.FastThreadLocalRunnable.run(FastThreadLocalRunnable.java:30)
	... 1 more
Caused by: java.net.ConnectException: Connection refused
	... 11 more
2019-10-18 14:30:47,863 [681edbc6-a1fc-42a4-b5ce-4922820de60a@group-FD33B9583E3C-LeaderElection241] INFO  impl.RaftServerImpl (RaftServerImpl.java:setRole(184)) - 681edbc6-a1fc-42a4-b5ce-4922820de60a@group-FD33B9583E3C: changes role from CANDIDATE to FOLLOWER at term 241 for DISCOVERED_A_NEW_TERM
2019-10-18 14:30:47,864 [681edbc6-a1fc-42a4-b5ce-4922820de60a@group-FD33B9583E3C-LeaderElection241] INFO  impl.RoleInfo (RoleInfo.java:shutdownLeaderElection(134)) - 681edbc6-a1fc-42a4-b5ce-4922820de60a: shutdown LeaderElection
2019-10-18 14:30:47,864 [681edbc6-a1fc-42a4-b5ce-4922820de60a@group-FD33B9583E3C-LeaderElection241] INFO  impl.RoleInfo (RoleInfo.java:updateAndGet(143)) - 681edbc6-a1fc-42a4-b5ce-4922820de60a: start FollowerState
2019-10-18 14:30:47,907 [Thread-1953] INFO  impl.FollowerState (FollowerState.java:run(108)) - 681edbc6-a1fc-42a4-b5ce-4922820de60a@group-FD33B9583E3C-FollowerState: change to CANDIDATE, lastRpcTime:43ms, electionTimeout:43ms
2019-10-18 14:30:47,907 [Thread-1953] INFO  impl.RoleInfo (RoleInfo.java:shutdownFollowerState(121)) - 681edbc6-a1fc-42a4-b5ce-4922820de60a: shutdown FollowerState
2019-10-18 14:30:47,907 [Thread-1953] INFO  impl.RaftServerImpl (RaftServerImpl.java:setRole(184)) - 681edbc6-a1fc-42a4-b5ce-4922820de60a@group-FD33B9583E3C: changes role from  FOLLOWER to CANDIDATE at term 241 for changeToCandidate
2019-10-18 14:30:47,908 [Thread-1953] INFO  impl.RoleInfo (RoleInfo.java:updateAndGet(143)) - 681edbc6-a1fc-42a4-b5ce-4922820de60a: start LeaderElection
2019-10-18 14:30:47,915 [681edbc6-a1fc-42a4-b5ce-4922820de60a@group-FD33B9583E3C-LeaderElection242] INFO  impl.LeaderElection (LeaderElection.java:askForVotes(178)) - 681edbc6-a1fc-42a4-b5ce-4922820de60a@group-FD33B9583E3C-LeaderElection242: begin an election at term 242 for -1: [3ee7b367-7b16-44e1-99f8-43aefeda0876:192.168.164.233:46080, 681edbc6-a1fc-42a4-b5ce-4922820de60a:192.168.164.233:44267, 773cce60-eeca-4c1f-a5ec-70084be8b6b9:192.168.164.233:38729], old=null
2019-10-18 14:30:47,916 [681edbc6-a1fc-42a4-b5ce-4922820de60a@group-FD33B9583E3C-LeaderElection242] INFO  impl.LeaderElection (LogUtils.java:infoOrTrace(149)) - 681edbc6-a1fc-42a4-b5ce-4922820de60a@group-FD33B9583E3C-LeaderElection242 got exception when requesting votes: {}
java.util.concurrent.ExecutionException: org.apache.ratis.thirdparty.io.grpc.StatusRuntimeException: UNAVAILABLE: io exception
	at java.util.concurrent.FutureTask.report(FutureTask.java:122)
	at java.util.concurrent.FutureTask.get(FutureTask.java:192)
	at org.apache.ratis.server.impl.LeaderElection.waitForResults(LeaderElection.java:259)
	at org.apache.ratis.server.impl.LeaderElection.askForVotes(LeaderElection.java:197)
	at org.apache.ratis.server.impl.LeaderElection.run(LeaderElection.java:133)
	at java.lang.Thread.run(Thread.java:748)
Caused by: org.apache.ratis.thirdparty.io.grpc.StatusRuntimeException: UNAVAILABLE: io exception
	at org.apache.ratis.thirdparty.io.grpc.stub.ClientCalls.toStatusRuntimeException(ClientCalls.java:233)
	at org.apache.ratis.thirdparty.io.grpc.stub.ClientCalls.getUnchecked(ClientCalls.java:214)
	at org.apache.ratis.thirdparty.io.grpc.stub.ClientCalls.blockingUnaryCall(ClientCalls.java:139)
	at org.apache.ratis.proto.grpc.RaftServerProtocolServiceGrpc$RaftServerProtocolServiceBlockingStub.requestVote(RaftServerProtocolServiceGrpc.java:265)
	at org.apache.ratis.grpc.server.GrpcServerProtocolClient.requestVote(GrpcServerProtocolClient.java:99)
	at org.apache.ratis.grpc.server.GrpcService.requestVote(GrpcService.java:204)
	at org.apache.ratis.server.impl.LeaderElection.lambda$submitRequests$1(LeaderElection.java:234)
	at java.util.concurrent.FutureTask.run(FutureTask.java:266)
	at java.util.concurrent.Executors$RunnableAdapter.call(Executors.java:511)
	at java.util.concurrent.FutureTask.run(FutureTask.java:266)
	at java.util.concurrent.ThreadPoolExecutor.runWorker(ThreadPoolExecutor.java:1149)
	at java.util.concurrent.ThreadPoolExecutor$Worker.run(ThreadPoolExecutor.java:624)
	... 1 more
Caused by: org.apache.ratis.thirdparty.io.netty.channel.AbstractChannel$AnnotatedConnectException: Connection refused: /192.168.164.233:46080
	at sun.nio.ch.SocketChannelImpl.checkConnect(Native Method)
	at sun.nio.ch.SocketChannelImpl.finishConnect(SocketChannelImpl.java:717)
	at org.apache.ratis.thirdparty.io.netty.channel.socket.nio.NioSocketChannel.doFinishConnect(NioSocketChannel.java:327)
	at org.apache.ratis.thirdparty.io.netty.channel.nio.AbstractNioChannel$AbstractNioUnsafe.finishConnect(AbstractNioChannel.java:340)
	at org.apache.ratis.thirdparty.io.netty.channel.nio.NioEventLoop.processSelectedKey(NioEventLoop.java:632)
	at org.apache.ratis.thirdparty.io.netty.channel.nio.NioEventLoop.processSelectedKeysOptimized(NioEventLoop.java:579)
	at org.apache.ratis.thirdparty.io.netty.channel.nio.NioEventLoop.processSelectedKeys(NioEventLoop.java:496)
	at org.apache.ratis.thirdparty.io.netty.channel.nio.NioEventLoop.run(NioEventLoop.java:458)
	at org.apache.ratis.thirdparty.io.netty.util.concurrent.SingleThreadEventExecutor$5.run(SingleThreadEventExecutor.java:897)
	at org.apache.ratis.thirdparty.io.netty.util.concurrent.FastThreadLocalRunnable.run(FastThreadLocalRunnable.java:30)
	... 1 more
Caused by: java.net.ConnectException: Connection refused
	... 11 more
2019-10-18 14:30:47,916 [681edbc6-a1fc-42a4-b5ce-4922820de60a@group-FD33B9583E3C-LeaderElection242] INFO  impl.LeaderElection (LogUtils.java:infoOrTrace(149)) - 681edbc6-a1fc-42a4-b5ce-4922820de60a@group-FD33B9583E3C-LeaderElection242 got exception when requesting votes: {}
java.util.concurrent.ExecutionException: org.apache.ratis.thirdparty.io.grpc.StatusRuntimeException: UNAVAILABLE: io exception
	at java.util.concurrent.FutureTask.report(FutureTask.java:122)
	at java.util.concurrent.FutureTask.get(FutureTask.java:192)
	at org.apache.ratis.server.impl.LeaderElection.waitForResults(LeaderElection.java:259)
	at org.apache.ratis.server.impl.LeaderElection.askForVotes(LeaderElection.java:197)
	at org.apache.ratis.server.impl.LeaderElection.run(LeaderElection.java:133)
	at java.lang.Thread.run(Thread.java:748)
Caused by: org.apache.ratis.thirdparty.io.grpc.StatusRuntimeException: UNAVAILABLE: io exception
	at org.apache.ratis.thirdparty.io.grpc.stub.ClientCalls.toStatusRuntimeException(ClientCalls.java:233)
	at org.apache.ratis.thirdparty.io.grpc.stub.ClientCalls.getUnchecked(ClientCalls.java:214)
	at org.apache.ratis.thirdparty.io.grpc.stub.ClientCalls.blockingUnaryCall(ClientCalls.java:139)
	at org.apache.ratis.proto.grpc.RaftServerProtocolServiceGrpc$RaftServerProtocolServiceBlockingStub.requestVote(RaftServerProtocolServiceGrpc.java:265)
	at org.apache.ratis.grpc.server.GrpcServerProtocolClient.requestVote(GrpcServerProtocolClient.java:99)
	at org.apache.ratis.grpc.server.GrpcService.requestVote(GrpcService.java:204)
	at org.apache.ratis.server.impl.LeaderElection.lambda$submitRequests$1(LeaderElection.java:234)
	at java.util.concurrent.FutureTask.run(FutureTask.java:266)
	at java.util.concurrent.Executors$RunnableAdapter.call(Executors.java:511)
	at java.util.concurrent.FutureTask.run(FutureTask.java:266)
	at java.util.concurrent.ThreadPoolExecutor.runWorker(ThreadPoolExecutor.java:1149)
	at java.util.concurrent.ThreadPoolExecutor$Worker.run(ThreadPoolExecutor.java:624)
	... 1 more
Caused by: org.apache.ratis.thirdparty.io.netty.channel.AbstractChannel$AnnotatedConnectException: Connection refused: /192.168.164.233:38729
	at sun.nio.ch.SocketChannelImpl.checkConnect(Native Method)
	at sun.nio.ch.SocketChannelImpl.finishConnect(SocketChannelImpl.java:717)
	at org.apache.ratis.thirdparty.io.netty.channel.socket.nio.NioSocketChannel.doFinishConnect(NioSocketChannel.java:327)
	at org.apache.ratis.thirdparty.io.netty.channel.nio.AbstractNioChannel$AbstractNioUnsafe.finishConnect(AbstractNioChannel.java:340)
	at org.apache.ratis.thirdparty.io.netty.channel.nio.NioEventLoop.processSelectedKey(NioEventLoop.java:632)
	at org.apache.ratis.thirdparty.io.netty.channel.nio.NioEventLoop.processSelectedKeysOptimized(NioEventLoop.java:579)
	at org.apache.ratis.thirdparty.io.netty.channel.nio.NioEventLoop.processSelectedKeys(NioEventLoop.java:496)
	at org.apache.ratis.thirdparty.io.netty.channel.nio.NioEventLoop.run(NioEventLoop.java:458)
	at org.apache.ratis.thirdparty.io.netty.util.concurrent.SingleThreadEventExecutor$5.run(SingleThreadEventExecutor.java:897)
	at org.apache.ratis.thirdparty.io.netty.util.concurrent.FastThreadLocalRunnable.run(FastThreadLocalRunnable.java:30)
	... 1 more
Caused by: java.net.ConnectException: Connection refused
	... 11 more
2019-10-18 14:30:47,917 [681edbc6-a1fc-42a4-b5ce-4922820de60a@group-FD33B9583E3C-LeaderElection242] INFO  impl.LeaderElection (LeaderElection.java:logAndReturn(56)) - 681edbc6-a1fc-42a4-b5ce-4922820de60a@group-FD33B9583E3C-LeaderElection242: Election REJECTED; received 0 response(s) [] and 2 exception(s); 681edbc6-a1fc-42a4-b5ce-4922820de60a@group-FD33B9583E3C:t242, leader=null, voted=681edbc6-a1fc-42a4-b5ce-4922820de60a, raftlog=681edbc6-a1fc-42a4-b5ce-4922820de60a@group-FD33B9583E3C-SegmentedRaftLog:OPENED:c-1,f-1,i0, conf=-1: [3ee7b367-7b16-44e1-99f8-43aefeda0876:192.168.164.233:46080, 681edbc6-a1fc-42a4-b5ce-4922820de60a:192.168.164.233:44267, 773cce60-eeca-4c1f-a5ec-70084be8b6b9:192.168.164.233:38729], old=null
2019-10-18 14:30:47,917 [681edbc6-a1fc-42a4-b5ce-4922820de60a@group-FD33B9583E3C-LeaderElection242] INFO  impl.LeaderElection (LogUtils.java:infoOrTrace(149)) -   Exception 0: {}
java.util.concurrent.ExecutionException: org.apache.ratis.thirdparty.io.grpc.StatusRuntimeException: UNAVAILABLE: io exception
	at java.util.concurrent.FutureTask.report(FutureTask.java:122)
	at java.util.concurrent.FutureTask.get(FutureTask.java:192)
	at org.apache.ratis.server.impl.LeaderElection.waitForResults(LeaderElection.java:259)
	at org.apache.ratis.server.impl.LeaderElection.askForVotes(LeaderElection.java:197)
	at org.apache.ratis.server.impl.LeaderElection.run(LeaderElection.java:133)
	at java.lang.Thread.run(Thread.java:748)
Caused by: org.apache.ratis.thirdparty.io.grpc.StatusRuntimeException: UNAVAILABLE: io exception
	at org.apache.ratis.thirdparty.io.grpc.stub.ClientCalls.toStatusRuntimeException(ClientCalls.java:233)
	at org.apache.ratis.thirdparty.io.grpc.stub.ClientCalls.getUnchecked(ClientCalls.java:214)
	at org.apache.ratis.thirdparty.io.grpc.stub.ClientCalls.blockingUnaryCall(ClientCalls.java:139)
	at org.apache.ratis.proto.grpc.RaftServerProtocolServiceGrpc$RaftServerProtocolServiceBlockingStub.requestVote(RaftServerProtocolServiceGrpc.java:265)
	at org.apache.ratis.grpc.server.GrpcServerProtocolClient.requestVote(GrpcServerProtocolClient.java:99)
	at org.apache.ratis.grpc.server.GrpcService.requestVote(GrpcService.java:204)
	at org.apache.ratis.server.impl.LeaderElection.lambda$submitRequests$1(LeaderElection.java:234)
	at java.util.concurrent.FutureTask.run(FutureTask.java:266)
	at java.util.concurrent.Executors$RunnableAdapter.call(Executors.java:511)
	at java.util.concurrent.FutureTask.run(FutureTask.java:266)
	at java.util.concurrent.ThreadPoolExecutor.runWorker(ThreadPoolExecutor.java:1149)
	at java.util.concurrent.ThreadPoolExecutor$Worker.run(ThreadPoolExecutor.java:624)
	... 1 more
Caused by: org.apache.ratis.thirdparty.io.netty.channel.AbstractChannel$AnnotatedConnectException: Connection refused: /192.168.164.233:46080
	at sun.nio.ch.SocketChannelImpl.checkConnect(Native Method)
	at sun.nio.ch.SocketChannelImpl.finishConnect(SocketChannelImpl.java:717)
	at org.apache.ratis.thirdparty.io.netty.channel.socket.nio.NioSocketChannel.doFinishConnect(NioSocketChannel.java:327)
	at org.apache.ratis.thirdparty.io.netty.channel.nio.AbstractNioChannel$AbstractNioUnsafe.finishConnect(AbstractNioChannel.java:340)
	at org.apache.ratis.thirdparty.io.netty.channel.nio.NioEventLoop.processSelectedKey(NioEventLoop.java:632)
	at org.apache.ratis.thirdparty.io.netty.channel.nio.NioEventLoop.processSelectedKeysOptimized(NioEventLoop.java:579)
	at org.apache.ratis.thirdparty.io.netty.channel.nio.NioEventLoop.processSelectedKeys(NioEventLoop.java:496)
	at org.apache.ratis.thirdparty.io.netty.channel.nio.NioEventLoop.run(NioEventLoop.java:458)
	at org.apache.ratis.thirdparty.io.netty.util.concurrent.SingleThreadEventExecutor$5.run(SingleThreadEventExecutor.java:897)
	at org.apache.ratis.thirdparty.io.netty.util.concurrent.FastThreadLocalRunnable.run(FastThreadLocalRunnable.java:30)
	... 1 more
Caused by: java.net.ConnectException: Connection refused
	... 11 more
2019-10-18 14:30:47,917 [681edbc6-a1fc-42a4-b5ce-4922820de60a@group-FD33B9583E3C-LeaderElection242] INFO  impl.LeaderElection (LogUtils.java:infoOrTrace(149)) -   Exception 1: {}
java.util.concurrent.ExecutionException: org.apache.ratis.thirdparty.io.grpc.StatusRuntimeException: UNAVAILABLE: io exception
	at java.util.concurrent.FutureTask.report(FutureTask.java:122)
	at java.util.concurrent.FutureTask.get(FutureTask.java:192)
	at org.apache.ratis.server.impl.LeaderElection.waitForResults(LeaderElection.java:259)
	at org.apache.ratis.server.impl.LeaderElection.askForVotes(LeaderElection.java:197)
	at org.apache.ratis.server.impl.LeaderElection.run(LeaderElection.java:133)
	at java.lang.Thread.run(Thread.java:748)
Caused by: org.apache.ratis.thirdparty.io.grpc.StatusRuntimeException: UNAVAILABLE: io exception
	at org.apache.ratis.thirdparty.io.grpc.stub.ClientCalls.toStatusRuntimeException(ClientCalls.java:233)
	at org.apache.ratis.thirdparty.io.grpc.stub.ClientCalls.getUnchecked(ClientCalls.java:214)
	at org.apache.ratis.thirdparty.io.grpc.stub.ClientCalls.blockingUnaryCall(ClientCalls.java:139)
	at org.apache.ratis.proto.grpc.RaftServerProtocolServiceGrpc$RaftServerProtocolServiceBlockingStub.requestVote(RaftServerProtocolServiceGrpc.java:265)
	at org.apache.ratis.grpc.server.GrpcServerProtocolClient.requestVote(GrpcServerProtocolClient.java:99)
	at org.apache.ratis.grpc.server.GrpcService.requestVote(GrpcService.java:204)
	at org.apache.ratis.server.impl.LeaderElection.lambda$submitRequests$1(LeaderElection.java:234)
	at java.util.concurrent.FutureTask.run(FutureTask.java:266)
	at java.util.concurrent.Executors$RunnableAdapter.call(Executors.java:511)
	at java.util.concurrent.FutureTask.run(FutureTask.java:266)
	at java.util.concurrent.ThreadPoolExecutor.runWorker(ThreadPoolExecutor.java:1149)
	at java.util.concurrent.ThreadPoolExecutor$Worker.run(ThreadPoolExecutor.java:624)
	... 1 more
Caused by: org.apache.ratis.thirdparty.io.netty.channel.AbstractChannel$AnnotatedConnectException: Connection refused: /192.168.164.233:38729
	at sun.nio.ch.SocketChannelImpl.checkConnect(Native Method)
	at sun.nio.ch.SocketChannelImpl.finishConnect(SocketChannelImpl.java:717)
	at org.apache.ratis.thirdparty.io.netty.channel.socket.nio.NioSocketChannel.doFinishConnect(NioSocketChannel.java:327)
	at org.apache.ratis.thirdparty.io.netty.channel.nio.AbstractNioChannel$AbstractNioUnsafe.finishConnect(AbstractNioChannel.java:340)
	at org.apache.ratis.thirdparty.io.netty.channel.nio.NioEventLoop.processSelectedKey(NioEventLoop.java:632)
	at org.apache.ratis.thirdparty.io.netty.channel.nio.NioEventLoop.processSelectedKeysOptimized(NioEventLoop.java:579)
	at org.apache.ratis.thirdparty.io.netty.channel.nio.NioEventLoop.processSelectedKeys(NioEventLoop.java:496)
	at org.apache.ratis.thirdparty.io.netty.channel.nio.NioEventLoop.run(NioEventLoop.java:458)
	at org.apache.ratis.thirdparty.io.netty.util.concurrent.SingleThreadEventExecutor$5.run(SingleThreadEventExecutor.java:897)
	at org.apache.ratis.thirdparty.io.netty.util.concurrent.FastThreadLocalRunnable.run(FastThreadLocalRunnable.java:30)
	... 1 more
Caused by: java.net.ConnectException: Connection refused
	... 11 more
2019-10-18 14:30:47,917 [681edbc6-a1fc-42a4-b5ce-4922820de60a@group-FD33B9583E3C-LeaderElection242] INFO  impl.RaftServerImpl (RaftServerImpl.java:setRole(184)) - 681edbc6-a1fc-42a4-b5ce-4922820de60a@group-FD33B9583E3C: changes role from CANDIDATE to FOLLOWER at term 242 for DISCOVERED_A_NEW_TERM
2019-10-18 14:30:47,917 [681edbc6-a1fc-42a4-b5ce-4922820de60a@group-FD33B9583E3C-LeaderElection242] INFO  impl.RoleInfo (RoleInfo.java:shutdownLeaderElection(134)) - 681edbc6-a1fc-42a4-b5ce-4922820de60a: shutdown LeaderElection
2019-10-18 14:30:47,917 [681edbc6-a1fc-42a4-b5ce-4922820de60a@group-FD33B9583E3C-LeaderElection242] INFO  impl.RoleInfo (RoleInfo.java:updateAndGet(143)) - 681edbc6-a1fc-42a4-b5ce-4922820de60a: start FollowerState
2019-10-18 14:30:48,036 [Thread-1957] INFO  impl.FollowerState (FollowerState.java:run(108)) - 681edbc6-a1fc-42a4-b5ce-4922820de60a@group-FD33B9583E3C-FollowerState: change to CANDIDATE, lastRpcTime:118ms, electionTimeout:118ms
2019-10-18 14:30:48,036 [Thread-1957] INFO  impl.RoleInfo (RoleInfo.java:shutdownFollowerState(121)) - 681edbc6-a1fc-42a4-b5ce-4922820de60a: shutdown FollowerState
2019-10-18 14:30:48,036 [Thread-1957] INFO  impl.RaftServerImpl (RaftServerImpl.java:setRole(184)) - 681edbc6-a1fc-42a4-b5ce-4922820de60a@group-FD33B9583E3C: changes role from  FOLLOWER to CANDIDATE at term 242 for changeToCandidate
2019-10-18 14:30:48,036 [Thread-1957] INFO  impl.RoleInfo (RoleInfo.java:updateAndGet(143)) - 681edbc6-a1fc-42a4-b5ce-4922820de60a: start LeaderElection
2019-10-18 14:30:48,050 [681edbc6-a1fc-42a4-b5ce-4922820de60a@group-FD33B9583E3C-LeaderElection243] INFO  impl.LeaderElection (LeaderElection.java:askForVotes(178)) - 681edbc6-a1fc-42a4-b5ce-4922820de60a@group-FD33B9583E3C-LeaderElection243: begin an election at term 243 for -1: [3ee7b367-7b16-44e1-99f8-43aefeda0876:192.168.164.233:46080, 681edbc6-a1fc-42a4-b5ce-4922820de60a:192.168.164.233:44267, 773cce60-eeca-4c1f-a5ec-70084be8b6b9:192.168.164.233:38729], old=null
2019-10-18 14:30:48,051 [681edbc6-a1fc-42a4-b5ce-4922820de60a@group-FD33B9583E3C-LeaderElection243] INFO  impl.LeaderElection (LogUtils.java:infoOrTrace(149)) - 681edbc6-a1fc-42a4-b5ce-4922820de60a@group-FD33B9583E3C-LeaderElection243 got exception when requesting votes: {}
java.util.concurrent.ExecutionException: org.apache.ratis.thirdparty.io.grpc.StatusRuntimeException: UNAVAILABLE: io exception
	at java.util.concurrent.FutureTask.report(FutureTask.java:122)
	at java.util.concurrent.FutureTask.get(FutureTask.java:192)
	at org.apache.ratis.server.impl.LeaderElection.waitForResults(LeaderElection.java:259)
	at org.apache.ratis.server.impl.LeaderElection.askForVotes(LeaderElection.java:197)
	at org.apache.ratis.server.impl.LeaderElection.run(LeaderElection.java:133)
	at java.lang.Thread.run(Thread.java:748)
Caused by: org.apache.ratis.thirdparty.io.grpc.StatusRuntimeException: UNAVAILABLE: io exception
	at org.apache.ratis.thirdparty.io.grpc.stub.ClientCalls.toStatusRuntimeException(ClientCalls.java:233)
	at org.apache.ratis.thirdparty.io.grpc.stub.ClientCalls.getUnchecked(ClientCalls.java:214)
	at org.apache.ratis.thirdparty.io.grpc.stub.ClientCalls.blockingUnaryCall(ClientCalls.java:139)
	at org.apache.ratis.proto.grpc.RaftServerProtocolServiceGrpc$RaftServerProtocolServiceBlockingStub.requestVote(RaftServerProtocolServiceGrpc.java:265)
	at org.apache.ratis.grpc.server.GrpcServerProtocolClient.requestVote(GrpcServerProtocolClient.java:99)
	at org.apache.ratis.grpc.server.GrpcService.requestVote(GrpcService.java:204)
	at org.apache.ratis.server.impl.LeaderElection.lambda$submitRequests$1(LeaderElection.java:234)
	at java.util.concurrent.FutureTask.run(FutureTask.java:266)
	at java.util.concurrent.Executors$RunnableAdapter.call(Executors.java:511)
	at java.util.concurrent.FutureTask.run(FutureTask.java:266)
	at java.util.concurrent.ThreadPoolExecutor.runWorker(ThreadPoolExecutor.java:1149)
	at java.util.concurrent.ThreadPoolExecutor$Worker.run(ThreadPoolExecutor.java:624)
	... 1 more
Caused by: org.apache.ratis.thirdparty.io.netty.channel.AbstractChannel$AnnotatedConnectException: Connection refused: /192.168.164.233:46080
	at sun.nio.ch.SocketChannelImpl.checkConnect(Native Method)
	at sun.nio.ch.SocketChannelImpl.finishConnect(SocketChannelImpl.java:717)
	at org.apache.ratis.thirdparty.io.netty.channel.socket.nio.NioSocketChannel.doFinishConnect(NioSocketChannel.java:327)
	at org.apache.ratis.thirdparty.io.netty.channel.nio.AbstractNioChannel$AbstractNioUnsafe.finishConnect(AbstractNioChannel.java:340)
	at org.apache.ratis.thirdparty.io.netty.channel.nio.NioEventLoop.processSelectedKey(NioEventLoop.java:632)
	at org.apache.ratis.thirdparty.io.netty.channel.nio.NioEventLoop.processSelectedKeysOptimized(NioEventLoop.java:579)
	at org.apache.ratis.thirdparty.io.netty.channel.nio.NioEventLoop.processSelectedKeys(NioEventLoop.java:496)
	at org.apache.ratis.thirdparty.io.netty.channel.nio.NioEventLoop.run(NioEventLoop.java:458)
	at org.apache.ratis.thirdparty.io.netty.util.concurrent.SingleThreadEventExecutor$5.run(SingleThreadEventExecutor.java:897)
	at org.apache.ratis.thirdparty.io.netty.util.concurrent.FastThreadLocalRunnable.run(FastThreadLocalRunnable.java:30)
	... 1 more
Caused by: java.net.ConnectException: Connection refused
	... 11 more
2019-10-18 14:30:48,051 [681edbc6-a1fc-42a4-b5ce-4922820de60a@group-FD33B9583E3C-LeaderElection243] INFO  impl.LeaderElection (LogUtils.java:infoOrTrace(149)) - 681edbc6-a1fc-42a4-b5ce-4922820de60a@group-FD33B9583E3C-LeaderElection243 got exception when requesting votes: {}
java.util.concurrent.ExecutionException: org.apache.ratis.thirdparty.io.grpc.StatusRuntimeException: UNAVAILABLE: io exception
	at java.util.concurrent.FutureTask.report(FutureTask.java:122)
	at java.util.concurrent.FutureTask.get(FutureTask.java:192)
	at org.apache.ratis.server.impl.LeaderElection.waitForResults(LeaderElection.java:259)
	at org.apache.ratis.server.impl.LeaderElection.askForVotes(LeaderElection.java:197)
	at org.apache.ratis.server.impl.LeaderElection.run(LeaderElection.java:133)
	at java.lang.Thread.run(Thread.java:748)
Caused by: org.apache.ratis.thirdparty.io.grpc.StatusRuntimeException: UNAVAILABLE: io exception
	at org.apache.ratis.thirdparty.io.grpc.stub.ClientCalls.toStatusRuntimeException(ClientCalls.java:233)
	at org.apache.ratis.thirdparty.io.grpc.stub.ClientCalls.getUnchecked(ClientCalls.java:214)
	at org.apache.ratis.thirdparty.io.grpc.stub.ClientCalls.blockingUnaryCall(ClientCalls.java:139)
	at org.apache.ratis.proto.grpc.RaftServerProtocolServiceGrpc$RaftServerProtocolServiceBlockingStub.requestVote(RaftServerProtocolServiceGrpc.java:265)
	at org.apache.ratis.grpc.server.GrpcServerProtocolClient.requestVote(GrpcServerProtocolClient.java:99)
	at org.apache.ratis.grpc.server.GrpcService.requestVote(GrpcService.java:204)
	at org.apache.ratis.server.impl.LeaderElection.lambda$submitRequests$1(LeaderElection.java:234)
	at java.util.concurrent.FutureTask.run(FutureTask.java:266)
	at java.util.concurrent.Executors$RunnableAdapter.call(Executors.java:511)
	at java.util.concurrent.FutureTask.run(FutureTask.java:266)
	at java.util.concurrent.ThreadPoolExecutor.runWorker(ThreadPoolExecutor.java:1149)
	at java.util.concurrent.ThreadPoolExecutor$Worker.run(ThreadPoolExecutor.java:624)
	... 1 more
Caused by: org.apache.ratis.thirdparty.io.netty.channel.AbstractChannel$AnnotatedConnectException: Connection refused: /192.168.164.233:38729
	at sun.nio.ch.SocketChannelImpl.checkConnect(Native Method)
	at sun.nio.ch.SocketChannelImpl.finishConnect(SocketChannelImpl.java:717)
	at org.apache.ratis.thirdparty.io.netty.channel.socket.nio.NioSocketChannel.doFinishConnect(NioSocketChannel.java:327)
	at org.apache.ratis.thirdparty.io.netty.channel.nio.AbstractNioChannel$AbstractNioUnsafe.finishConnect(AbstractNioChannel.java:340)
	at org.apache.ratis.thirdparty.io.netty.channel.nio.NioEventLoop.processSelectedKey(NioEventLoop.java:632)
	at org.apache.ratis.thirdparty.io.netty.channel.nio.NioEventLoop.processSelectedKeysOptimized(NioEventLoop.java:579)
	at org.apache.ratis.thirdparty.io.netty.channel.nio.NioEventLoop.processSelectedKeys(NioEventLoop.java:496)
	at org.apache.ratis.thirdparty.io.netty.channel.nio.NioEventLoop.run(NioEventLoop.java:458)
	at org.apache.ratis.thirdparty.io.netty.util.concurrent.SingleThreadEventExecutor$5.run(SingleThreadEventExecutor.java:897)
	at org.apache.ratis.thirdparty.io.netty.util.concurrent.FastThreadLocalRunnable.run(FastThreadLocalRunnable.java:30)
	... 1 more
Caused by: java.net.ConnectException: Connection refused
	... 11 more
2019-10-18 14:30:48,052 [681edbc6-a1fc-42a4-b5ce-4922820de60a@group-FD33B9583E3C-LeaderElection243] INFO  impl.LeaderElection (LeaderElection.java:logAndReturn(56)) - 681edbc6-a1fc-42a4-b5ce-4922820de60a@group-FD33B9583E3C-LeaderElection243: Election REJECTED; received 0 response(s) [] and 2 exception(s); 681edbc6-a1fc-42a4-b5ce-4922820de60a@group-FD33B9583E3C:t243, leader=null, voted=681edbc6-a1fc-42a4-b5ce-4922820de60a, raftlog=681edbc6-a1fc-42a4-b5ce-4922820de60a@group-FD33B9583E3C-SegmentedRaftLog:OPENED:c-1,f-1,i0, conf=-1: [3ee7b367-7b16-44e1-99f8-43aefeda0876:192.168.164.233:46080, 681edbc6-a1fc-42a4-b5ce-4922820de60a:192.168.164.233:44267, 773cce60-eeca-4c1f-a5ec-70084be8b6b9:192.168.164.233:38729], old=null
2019-10-18 14:30:48,052 [681edbc6-a1fc-42a4-b5ce-4922820de60a@group-FD33B9583E3C-LeaderElection243] INFO  impl.LeaderElection (LogUtils.java:infoOrTrace(149)) -   Exception 0: {}
java.util.concurrent.ExecutionException: org.apache.ratis.thirdparty.io.grpc.StatusRuntimeException: UNAVAILABLE: io exception
	at java.util.concurrent.FutureTask.report(FutureTask.java:122)
	at java.util.concurrent.FutureTask.get(FutureTask.java:192)
	at org.apache.ratis.server.impl.LeaderElection.waitForResults(LeaderElection.java:259)
	at org.apache.ratis.server.impl.LeaderElection.askForVotes(LeaderElection.java:197)
	at org.apache.ratis.server.impl.LeaderElection.run(LeaderElection.java:133)
	at java.lang.Thread.run(Thread.java:748)
Caused by: org.apache.ratis.thirdparty.io.grpc.StatusRuntimeException: UNAVAILABLE: io exception
	at org.apache.ratis.thirdparty.io.grpc.stub.ClientCalls.toStatusRuntimeException(ClientCalls.java:233)
	at org.apache.ratis.thirdparty.io.grpc.stub.ClientCalls.getUnchecked(ClientCalls.java:214)
	at org.apache.ratis.thirdparty.io.grpc.stub.ClientCalls.blockingUnaryCall(ClientCalls.java:139)
	at org.apache.ratis.proto.grpc.RaftServerProtocolServiceGrpc$RaftServerProtocolServiceBlockingStub.requestVote(RaftServerProtocolServiceGrpc.java:265)
	at org.apache.ratis.grpc.server.GrpcServerProtocolClient.requestVote(GrpcServerProtocolClient.java:99)
	at org.apache.ratis.grpc.server.GrpcService.requestVote(GrpcService.java:204)
	at org.apache.ratis.server.impl.LeaderElection.lambda$submitRequests$1(LeaderElection.java:234)
	at java.util.concurrent.FutureTask.run(FutureTask.java:266)
	at java.util.concurrent.Executors$RunnableAdapter.call(Executors.java:511)
	at java.util.concurrent.FutureTask.run(FutureTask.java:266)
	at java.util.concurrent.ThreadPoolExecutor.runWorker(ThreadPoolExecutor.java:1149)
	at java.util.concurrent.ThreadPoolExecutor$Worker.run(ThreadPoolExecutor.java:624)
	... 1 more
Caused by: org.apache.ratis.thirdparty.io.netty.channel.AbstractChannel$AnnotatedConnectException: Connection refused: /192.168.164.233:46080
	at sun.nio.ch.SocketChannelImpl.checkConnect(Native Method)
	at sun.nio.ch.SocketChannelImpl.finishConnect(SocketChannelImpl.java:717)
	at org.apache.ratis.thirdparty.io.netty.channel.socket.nio.NioSocketChannel.doFinishConnect(NioSocketChannel.java:327)
	at org.apache.ratis.thirdparty.io.netty.channel.nio.AbstractNioChannel$AbstractNioUnsafe.finishConnect(AbstractNioChannel.java:340)
	at org.apache.ratis.thirdparty.io.netty.channel.nio.NioEventLoop.processSelectedKey(NioEventLoop.java:632)
	at org.apache.ratis.thirdparty.io.netty.channel.nio.NioEventLoop.processSelectedKeysOptimized(NioEventLoop.java:579)
	at org.apache.ratis.thirdparty.io.netty.channel.nio.NioEventLoop.processSelectedKeys(NioEventLoop.java:496)
	at org.apache.ratis.thirdparty.io.netty.channel.nio.NioEventLoop.run(NioEventLoop.java:458)
	at org.apache.ratis.thirdparty.io.netty.util.concurrent.SingleThreadEventExecutor$5.run(SingleThreadEventExecutor.java:897)
	at org.apache.ratis.thirdparty.io.netty.util.concurrent.FastThreadLocalRunnable.run(FastThreadLocalRunnable.java:30)
	... 1 more
Caused by: java.net.ConnectException: Connection refused
	... 11 more
2019-10-18 14:30:48,052 [681edbc6-a1fc-42a4-b5ce-4922820de60a@group-FD33B9583E3C-LeaderElection243] INFO  impl.LeaderElection (LogUtils.java:infoOrTrace(149)) -   Exception 1: {}
java.util.concurrent.ExecutionException: org.apache.ratis.thirdparty.io.grpc.StatusRuntimeException: UNAVAILABLE: io exception
	at java.util.concurrent.FutureTask.report(FutureTask.java:122)
	at java.util.concurrent.FutureTask.get(FutureTask.java:192)
	at org.apache.ratis.server.impl.LeaderElection.waitForResults(LeaderElection.java:259)
	at org.apache.ratis.server.impl.LeaderElection.askForVotes(LeaderElection.java:197)
	at org.apache.ratis.server.impl.LeaderElection.run(LeaderElection.java:133)
	at java.lang.Thread.run(Thread.java:748)
Caused by: org.apache.ratis.thirdparty.io.grpc.StatusRuntimeException: UNAVAILABLE: io exception
	at org.apache.ratis.thirdparty.io.grpc.stub.ClientCalls.toStatusRuntimeException(ClientCalls.java:233)
	at org.apache.ratis.thirdparty.io.grpc.stub.ClientCalls.getUnchecked(ClientCalls.java:214)
	at org.apache.ratis.thirdparty.io.grpc.stub.ClientCalls.blockingUnaryCall(ClientCalls.java:139)
	at org.apache.ratis.proto.grpc.RaftServerProtocolServiceGrpc$RaftServerProtocolServiceBlockingStub.requestVote(RaftServerProtocolServiceGrpc.java:265)
	at org.apache.ratis.grpc.server.GrpcServerProtocolClient.requestVote(GrpcServerProtocolClient.java:99)
	at org.apache.ratis.grpc.server.GrpcService.requestVote(GrpcService.java:204)
	at org.apache.ratis.server.impl.LeaderElection.lambda$submitRequests$1(LeaderElection.java:234)
	at java.util.concurrent.FutureTask.run(FutureTask.java:266)
	at java.util.concurrent.Executors$RunnableAdapter.call(Executors.java:511)
	at java.util.concurrent.FutureTask.run(FutureTask.java:266)
	at java.util.concurrent.ThreadPoolExecutor.runWorker(ThreadPoolExecutor.java:1149)
	at java.util.concurrent.ThreadPoolExecutor$Worker.run(ThreadPoolExecutor.java:624)
	... 1 more
Caused by: org.apache.ratis.thirdparty.io.netty.channel.AbstractChannel$AnnotatedConnectException: Connection refused: /192.168.164.233:38729
	at sun.nio.ch.SocketChannelImpl.checkConnect(Native Method)
	at sun.nio.ch.SocketChannelImpl.finishConnect(SocketChannelImpl.java:717)
	at org.apache.ratis.thirdparty.io.netty.channel.socket.nio.NioSocketChannel.doFinishConnect(NioSocketChannel.java:327)
	at org.apache.ratis.thirdparty.io.netty.channel.nio.AbstractNioChannel$AbstractNioUnsafe.finishConnect(AbstractNioChannel.java:340)
	at org.apache.ratis.thirdparty.io.netty.channel.nio.NioEventLoop.processSelectedKey(NioEventLoop.java:632)
	at org.apache.ratis.thirdparty.io.netty.channel.nio.NioEventLoop.processSelectedKeysOptimized(NioEventLoop.java:579)
	at org.apache.ratis.thirdparty.io.netty.channel.nio.NioEventLoop.processSelectedKeys(NioEventLoop.java:496)
	at org.apache.ratis.thirdparty.io.netty.channel.nio.NioEventLoop.run(NioEventLoop.java:458)
	at org.apache.ratis.thirdparty.io.netty.util.concurrent.SingleThreadEventExecutor$5.run(SingleThreadEventExecutor.java:897)
	at org.apache.ratis.thirdparty.io.netty.util.concurrent.FastThreadLocalRunnable.run(FastThreadLocalRunnable.java:30)
	... 1 more
Caused by: java.net.ConnectException: Connection refused
	... 11 more
2019-10-18 14:30:48,053 [681edbc6-a1fc-42a4-b5ce-4922820de60a@group-FD33B9583E3C-LeaderElection243] INFO  impl.RaftServerImpl (RaftServerImpl.java:setRole(184)) - 681edbc6-a1fc-42a4-b5ce-4922820de60a@group-FD33B9583E3C: changes role from CANDIDATE to FOLLOWER at term 243 for DISCOVERED_A_NEW_TERM
2019-10-18 14:30:48,053 [681edbc6-a1fc-42a4-b5ce-4922820de60a@group-FD33B9583E3C-LeaderElection243] INFO  impl.RoleInfo (RoleInfo.java:shutdownLeaderElection(134)) - 681edbc6-a1fc-42a4-b5ce-4922820de60a: shutdown LeaderElection
2019-10-18 14:30:48,053 [681edbc6-a1fc-42a4-b5ce-4922820de60a@group-FD33B9583E3C-LeaderElection243] INFO  impl.RoleInfo (RoleInfo.java:updateAndGet(143)) - 681edbc6-a1fc-42a4-b5ce-4922820de60a: start FollowerState
2019-10-18 14:30:48,089 [Thread-1961] INFO  impl.FollowerState (FollowerState.java:run(108)) - 681edbc6-a1fc-42a4-b5ce-4922820de60a@group-FD33B9583E3C-FollowerState: change to CANDIDATE, lastRpcTime:36ms, electionTimeout:36ms
2019-10-18 14:30:48,089 [Thread-1961] INFO  impl.RoleInfo (RoleInfo.java:shutdownFollowerState(121)) - 681edbc6-a1fc-42a4-b5ce-4922820de60a: shutdown FollowerState
2019-10-18 14:30:48,089 [Thread-1961] INFO  impl.RaftServerImpl (RaftServerImpl.java:setRole(184)) - 681edbc6-a1fc-42a4-b5ce-4922820de60a@group-FD33B9583E3C: changes role from  FOLLOWER to CANDIDATE at term 243 for changeToCandidate
2019-10-18 14:30:48,090 [Thread-1961] INFO  impl.RoleInfo (RoleInfo.java:updateAndGet(143)) - 681edbc6-a1fc-42a4-b5ce-4922820de60a: start LeaderElection
2019-10-18 14:30:48,103 [681edbc6-a1fc-42a4-b5ce-4922820de60a@group-FD33B9583E3C-LeaderElection244] INFO  impl.LeaderElection (LeaderElection.java:askForVotes(178)) - 681edbc6-a1fc-42a4-b5ce-4922820de60a@group-FD33B9583E3C-LeaderElection244: begin an election at term 244 for -1: [3ee7b367-7b16-44e1-99f8-43aefeda0876:192.168.164.233:46080, 681edbc6-a1fc-42a4-b5ce-4922820de60a:192.168.164.233:44267, 773cce60-eeca-4c1f-a5ec-70084be8b6b9:192.168.164.233:38729], old=null
2019-10-18 14:30:48,104 [681edbc6-a1fc-42a4-b5ce-4922820de60a@group-FD33B9583E3C-LeaderElection244] INFO  impl.LeaderElection (LogUtils.java:infoOrTrace(149)) - 681edbc6-a1fc-42a4-b5ce-4922820de60a@group-FD33B9583E3C-LeaderElection244 got exception when requesting votes: {}
java.util.concurrent.ExecutionException: org.apache.ratis.thirdparty.io.grpc.StatusRuntimeException: UNAVAILABLE: io exception
	at java.util.concurrent.FutureTask.report(FutureTask.java:122)
	at java.util.concurrent.FutureTask.get(FutureTask.java:192)
	at org.apache.ratis.server.impl.LeaderElection.waitForResults(LeaderElection.java:259)
	at org.apache.ratis.server.impl.LeaderElection.askForVotes(LeaderElection.java:197)
	at org.apache.ratis.server.impl.LeaderElection.run(LeaderElection.java:133)
	at java.lang.Thread.run(Thread.java:748)
Caused by: org.apache.ratis.thirdparty.io.grpc.StatusRuntimeException: UNAVAILABLE: io exception
	at org.apache.ratis.thirdparty.io.grpc.stub.ClientCalls.toStatusRuntimeException(ClientCalls.java:233)
	at org.apache.ratis.thirdparty.io.grpc.stub.ClientCalls.getUnchecked(ClientCalls.java:214)
	at org.apache.ratis.thirdparty.io.grpc.stub.ClientCalls.blockingUnaryCall(ClientCalls.java:139)
	at org.apache.ratis.proto.grpc.RaftServerProtocolServiceGrpc$RaftServerProtocolServiceBlockingStub.requestVote(RaftServerProtocolServiceGrpc.java:265)
	at org.apache.ratis.grpc.server.GrpcServerProtocolClient.requestVote(GrpcServerProtocolClient.java:99)
	at org.apache.ratis.grpc.server.GrpcService.requestVote(GrpcService.java:204)
	at org.apache.ratis.server.impl.LeaderElection.lambda$submitRequests$1(LeaderElection.java:234)
	at java.util.concurrent.FutureTask.run(FutureTask.java:266)
	at java.util.concurrent.Executors$RunnableAdapter.call(Executors.java:511)
	at java.util.concurrent.FutureTask.run(FutureTask.java:266)
	at java.util.concurrent.ThreadPoolExecutor.runWorker(ThreadPoolExecutor.java:1149)
	at java.util.concurrent.ThreadPoolExecutor$Worker.run(ThreadPoolExecutor.java:624)
	... 1 more
Caused by: org.apache.ratis.thirdparty.io.netty.channel.AbstractChannel$AnnotatedConnectException: Connection refused: /192.168.164.233:38729
	at sun.nio.ch.SocketChannelImpl.checkConnect(Native Method)
	at sun.nio.ch.SocketChannelImpl.finishConnect(SocketChannelImpl.java:717)
	at org.apache.ratis.thirdparty.io.netty.channel.socket.nio.NioSocketChannel.doFinishConnect(NioSocketChannel.java:327)
	at org.apache.ratis.thirdparty.io.netty.channel.nio.AbstractNioChannel$AbstractNioUnsafe.finishConnect(AbstractNioChannel.java:340)
	at org.apache.ratis.thirdparty.io.netty.channel.nio.NioEventLoop.processSelectedKey(NioEventLoop.java:632)
	at org.apache.ratis.thirdparty.io.netty.channel.nio.NioEventLoop.processSelectedKeysOptimized(NioEventLoop.java:579)
	at org.apache.ratis.thirdparty.io.netty.channel.nio.NioEventLoop.processSelectedKeys(NioEventLoop.java:496)
	at org.apache.ratis.thirdparty.io.netty.channel.nio.NioEventLoop.run(NioEventLoop.java:458)
	at org.apache.ratis.thirdparty.io.netty.util.concurrent.SingleThreadEventExecutor$5.run(SingleThreadEventExecutor.java:897)
	at org.apache.ratis.thirdparty.io.netty.util.concurrent.FastThreadLocalRunnable.run(FastThreadLocalRunnable.java:30)
	... 1 more
Caused by: java.net.ConnectException: Connection refused
	... 11 more
2019-10-18 14:30:48,104 [681edbc6-a1fc-42a4-b5ce-4922820de60a@group-FD33B9583E3C-LeaderElection244] INFO  impl.LeaderElection (LogUtils.java:infoOrTrace(149)) - 681edbc6-a1fc-42a4-b5ce-4922820de60a@group-FD33B9583E3C-LeaderElection244 got exception when requesting votes: {}
java.util.concurrent.ExecutionException: org.apache.ratis.thirdparty.io.grpc.StatusRuntimeException: UNAVAILABLE: io exception
	at java.util.concurrent.FutureTask.report(FutureTask.java:122)
	at java.util.concurrent.FutureTask.get(FutureTask.java:192)
	at org.apache.ratis.server.impl.LeaderElection.waitForResults(LeaderElection.java:259)
	at org.apache.ratis.server.impl.LeaderElection.askForVotes(LeaderElection.java:197)
	at org.apache.ratis.server.impl.LeaderElection.run(LeaderElection.java:133)
	at java.lang.Thread.run(Thread.java:748)
Caused by: org.apache.ratis.thirdparty.io.grpc.StatusRuntimeException: UNAVAILABLE: io exception
	at org.apache.ratis.thirdparty.io.grpc.stub.ClientCalls.toStatusRuntimeException(ClientCalls.java:233)
	at org.apache.ratis.thirdparty.io.grpc.stub.ClientCalls.getUnchecked(ClientCalls.java:214)
	at org.apache.ratis.thirdparty.io.grpc.stub.ClientCalls.blockingUnaryCall(ClientCalls.java:139)
	at org.apache.ratis.proto.grpc.RaftServerProtocolServiceGrpc$RaftServerProtocolServiceBlockingStub.requestVote(RaftServerProtocolServiceGrpc.java:265)
	at org.apache.ratis.grpc.server.GrpcServerProtocolClient.requestVote(GrpcServerProtocolClient.java:99)
	at org.apache.ratis.grpc.server.GrpcService.requestVote(GrpcService.java:204)
	at org.apache.ratis.server.impl.LeaderElection.lambda$submitRequests$1(LeaderElection.java:234)
	at java.util.concurrent.FutureTask.run(FutureTask.java:266)
	at java.util.concurrent.Executors$RunnableAdapter.call(Executors.java:511)
	at java.util.concurrent.FutureTask.run(FutureTask.java:266)
	at java.util.concurrent.ThreadPoolExecutor.runWorker(ThreadPoolExecutor.java:1149)
	at java.util.concurrent.ThreadPoolExecutor$Worker.run(ThreadPoolExecutor.java:624)
	... 1 more
Caused by: org.apache.ratis.thirdparty.io.netty.channel.AbstractChannel$AnnotatedConnectException: Connection refused: /192.168.164.233:46080
	at sun.nio.ch.SocketChannelImpl.checkConnect(Native Method)
	at sun.nio.ch.SocketChannelImpl.finishConnect(SocketChannelImpl.java:717)
	at org.apache.ratis.thirdparty.io.netty.channel.socket.nio.NioSocketChannel.doFinishConnect(NioSocketChannel.java:327)
	at org.apache.ratis.thirdparty.io.netty.channel.nio.AbstractNioChannel$AbstractNioUnsafe.finishConnect(AbstractNioChannel.java:340)
	at org.apache.ratis.thirdparty.io.netty.channel.nio.NioEventLoop.processSelectedKey(NioEventLoop.java:632)
	at org.apache.ratis.thirdparty.io.netty.channel.nio.NioEventLoop.processSelectedKeysOptimized(NioEventLoop.java:579)
	at org.apache.ratis.thirdparty.io.netty.channel.nio.NioEventLoop.processSelectedKeys(NioEventLoop.java:496)
	at org.apache.ratis.thirdparty.io.netty.channel.nio.NioEventLoop.run(NioEventLoop.java:458)
	at org.apache.ratis.thirdparty.io.netty.util.concurrent.SingleThreadEventExecutor$5.run(SingleThreadEventExecutor.java:897)
	at org.apache.ratis.thirdparty.io.netty.util.concurrent.FastThreadLocalRunnable.run(FastThreadLocalRunnable.java:30)
	... 1 more
Caused by: java.net.ConnectException: Connection refused
	... 11 more
2019-10-18 14:30:48,105 [681edbc6-a1fc-42a4-b5ce-4922820de60a@group-FD33B9583E3C-LeaderElection244] INFO  impl.LeaderElection (LeaderElection.java:logAndReturn(56)) - 681edbc6-a1fc-42a4-b5ce-4922820de60a@group-FD33B9583E3C-LeaderElection244: Election REJECTED; received 0 response(s) [] and 2 exception(s); 681edbc6-a1fc-42a4-b5ce-4922820de60a@group-FD33B9583E3C:t244, leader=null, voted=681edbc6-a1fc-42a4-b5ce-4922820de60a, raftlog=681edbc6-a1fc-42a4-b5ce-4922820de60a@group-FD33B9583E3C-SegmentedRaftLog:OPENED:c-1,f-1,i0, conf=-1: [3ee7b367-7b16-44e1-99f8-43aefeda0876:192.168.164.233:46080, 681edbc6-a1fc-42a4-b5ce-4922820de60a:192.168.164.233:44267, 773cce60-eeca-4c1f-a5ec-70084be8b6b9:192.168.164.233:38729], old=null
2019-10-18 14:30:48,105 [681edbc6-a1fc-42a4-b5ce-4922820de60a@group-FD33B9583E3C-LeaderElection244] INFO  impl.LeaderElection (LogUtils.java:infoOrTrace(149)) -   Exception 0: {}
java.util.concurrent.ExecutionException: org.apache.ratis.thirdparty.io.grpc.StatusRuntimeException: UNAVAILABLE: io exception
	at java.util.concurrent.FutureTask.report(FutureTask.java:122)
	at java.util.concurrent.FutureTask.get(FutureTask.java:192)
	at org.apache.ratis.server.impl.LeaderElection.waitForResults(LeaderElection.java:259)
	at org.apache.ratis.server.impl.LeaderElection.askForVotes(LeaderElection.java:197)
	at org.apache.ratis.server.impl.LeaderElection.run(LeaderElection.java:133)
	at java.lang.Thread.run(Thread.java:748)
Caused by: org.apache.ratis.thirdparty.io.grpc.StatusRuntimeException: UNAVAILABLE: io exception
	at org.apache.ratis.thirdparty.io.grpc.stub.ClientCalls.toStatusRuntimeException(ClientCalls.java:233)
	at org.apache.ratis.thirdparty.io.grpc.stub.ClientCalls.getUnchecked(ClientCalls.java:214)
	at org.apache.ratis.thirdparty.io.grpc.stub.ClientCalls.blockingUnaryCall(ClientCalls.java:139)
	at org.apache.ratis.proto.grpc.RaftServerProtocolServiceGrpc$RaftServerProtocolServiceBlockingStub.requestVote(RaftServerProtocolServiceGrpc.java:265)
	at org.apache.ratis.grpc.server.GrpcServerProtocolClient.requestVote(GrpcServerProtocolClient.java:99)
	at org.apache.ratis.grpc.server.GrpcService.requestVote(GrpcService.java:204)
	at org.apache.ratis.server.impl.LeaderElection.lambda$submitRequests$1(LeaderElection.java:234)
	at java.util.concurrent.FutureTask.run(FutureTask.java:266)
	at java.util.concurrent.Executors$RunnableAdapter.call(Executors.java:511)
	at java.util.concurrent.FutureTask.run(FutureTask.java:266)
	at java.util.concurrent.ThreadPoolExecutor.runWorker(ThreadPoolExecutor.java:1149)
	at java.util.concurrent.ThreadPoolExecutor$Worker.run(ThreadPoolExecutor.java:624)
	... 1 more
Caused by: org.apache.ratis.thirdparty.io.netty.channel.AbstractChannel$AnnotatedConnectException: Connection refused: /192.168.164.233:38729
	at sun.nio.ch.SocketChannelImpl.checkConnect(Native Method)
	at sun.nio.ch.SocketChannelImpl.finishConnect(SocketChannelImpl.java:717)
	at org.apache.ratis.thirdparty.io.netty.channel.socket.nio.NioSocketChannel.doFinishConnect(NioSocketChannel.java:327)
	at org.apache.ratis.thirdparty.io.netty.channel.nio.AbstractNioChannel$AbstractNioUnsafe.finishConnect(AbstractNioChannel.java:340)
	at org.apache.ratis.thirdparty.io.netty.channel.nio.NioEventLoop.processSelectedKey(NioEventLoop.java:632)
	at org.apache.ratis.thirdparty.io.netty.channel.nio.NioEventLoop.processSelectedKeysOptimized(NioEventLoop.java:579)
	at org.apache.ratis.thirdparty.io.netty.channel.nio.NioEventLoop.processSelectedKeys(NioEventLoop.java:496)
	at org.apache.ratis.thirdparty.io.netty.channel.nio.NioEventLoop.run(NioEventLoop.java:458)
	at org.apache.ratis.thirdparty.io.netty.util.concurrent.SingleThreadEventExecutor$5.run(SingleThreadEventExecutor.java:897)
	at org.apache.ratis.thirdparty.io.netty.util.concurrent.FastThreadLocalRunnable.run(FastThreadLocalRunnable.java:30)
	... 1 more
Caused by: java.net.ConnectException: Connection refused
	... 11 more
2019-10-18 14:30:48,105 [681edbc6-a1fc-42a4-b5ce-4922820de60a@group-FD33B9583E3C-LeaderElection244] INFO  impl.LeaderElection (LogUtils.java:infoOrTrace(149)) -   Exception 1: {}
java.util.concurrent.ExecutionException: org.apache.ratis.thirdparty.io.grpc.StatusRuntimeException: UNAVAILABLE: io exception
	at java.util.concurrent.FutureTask.report(FutureTask.java:122)
	at java.util.concurrent.FutureTask.get(FutureTask.java:192)
	at org.apache.ratis.server.impl.LeaderElection.waitForResults(LeaderElection.java:259)
	at org.apache.ratis.server.impl.LeaderElection.askForVotes(LeaderElection.java:197)
	at org.apache.ratis.server.impl.LeaderElection.run(LeaderElection.java:133)
	at java.lang.Thread.run(Thread.java:748)
Caused by: org.apache.ratis.thirdparty.io.grpc.StatusRuntimeException: UNAVAILABLE: io exception
	at org.apache.ratis.thirdparty.io.grpc.stub.ClientCalls.toStatusRuntimeException(ClientCalls.java:233)
	at org.apache.ratis.thirdparty.io.grpc.stub.ClientCalls.getUnchecked(ClientCalls.java:214)
	at org.apache.ratis.thirdparty.io.grpc.stub.ClientCalls.blockingUnaryCall(ClientCalls.java:139)
	at org.apache.ratis.proto.grpc.RaftServerProtocolServiceGrpc$RaftServerProtocolServiceBlockingStub.requestVote(RaftServerProtocolServiceGrpc.java:265)
	at org.apache.ratis.grpc.server.GrpcServerProtocolClient.requestVote(GrpcServerProtocolClient.java:99)
	at org.apache.ratis.grpc.server.GrpcService.requestVote(GrpcService.java:204)
	at org.apache.ratis.server.impl.LeaderElection.lambda$submitRequests$1(LeaderElection.java:234)
	at java.util.concurrent.FutureTask.run(FutureTask.java:266)
	at java.util.concurrent.Executors$RunnableAdapter.call(Executors.java:511)
	at java.util.concurrent.FutureTask.run(FutureTask.java:266)
	at java.util.concurrent.ThreadPoolExecutor.runWorker(ThreadPoolExecutor.java:1149)
	at java.util.concurrent.ThreadPoolExecutor$Worker.run(ThreadPoolExecutor.java:624)
	... 1 more
Caused by: org.apache.ratis.thirdparty.io.netty.channel.AbstractChannel$AnnotatedConnectException: Connection refused: /192.168.164.233:46080
	at sun.nio.ch.SocketChannelImpl.checkConnect(Native Method)
	at sun.nio.ch.SocketChannelImpl.finishConnect(SocketChannelImpl.java:717)
	at org.apache.ratis.thirdparty.io.netty.channel.socket.nio.NioSocketChannel.doFinishConnect(NioSocketChannel.java:327)
	at org.apache.ratis.thirdparty.io.netty.channel.nio.AbstractNioChannel$AbstractNioUnsafe.finishConnect(AbstractNioChannel.java:340)
	at org.apache.ratis.thirdparty.io.netty.channel.nio.NioEventLoop.processSelectedKey(NioEventLoop.java:632)
	at org.apache.ratis.thirdparty.io.netty.channel.nio.NioEventLoop.processSelectedKeysOptimized(NioEventLoop.java:579)
	at org.apache.ratis.thirdparty.io.netty.channel.nio.NioEventLoop.processSelectedKeys(NioEventLoop.java:496)
	at org.apache.ratis.thirdparty.io.netty.channel.nio.NioEventLoop.run(NioEventLoop.java:458)
	at org.apache.ratis.thirdparty.io.netty.util.concurrent.SingleThreadEventExecutor$5.run(SingleThreadEventExecutor.java:897)
	at org.apache.ratis.thirdparty.io.netty.util.concurrent.FastThreadLocalRunnable.run(FastThreadLocalRunnable.java:30)
	... 1 more
Caused by: java.net.ConnectException: Connection refused
	... 11 more
2019-10-18 14:30:48,105 [681edbc6-a1fc-42a4-b5ce-4922820de60a@group-FD33B9583E3C-LeaderElection244] INFO  impl.RaftServerImpl (RaftServerImpl.java:setRole(184)) - 681edbc6-a1fc-42a4-b5ce-4922820de60a@group-FD33B9583E3C: changes role from CANDIDATE to FOLLOWER at term 244 for DISCOVERED_A_NEW_TERM
2019-10-18 14:30:48,105 [681edbc6-a1fc-42a4-b5ce-4922820de60a@group-FD33B9583E3C-LeaderElection244] INFO  impl.RoleInfo (RoleInfo.java:shutdownLeaderElection(134)) - 681edbc6-a1fc-42a4-b5ce-4922820de60a: shutdown LeaderElection
2019-10-18 14:30:48,106 [681edbc6-a1fc-42a4-b5ce-4922820de60a@group-FD33B9583E3C-LeaderElection244] INFO  impl.RoleInfo (RoleInfo.java:updateAndGet(143)) - 681edbc6-a1fc-42a4-b5ce-4922820de60a: start FollowerState
2019-10-18 14:30:48,205 [Thread-1965] INFO  impl.FollowerState (FollowerState.java:run(108)) - 681edbc6-a1fc-42a4-b5ce-4922820de60a@group-FD33B9583E3C-FollowerState: change to CANDIDATE, lastRpcTime:99ms, electionTimeout:99ms
2019-10-18 14:30:48,205 [Thread-1965] INFO  impl.RoleInfo (RoleInfo.java:shutdownFollowerState(121)) - 681edbc6-a1fc-42a4-b5ce-4922820de60a: shutdown FollowerState
2019-10-18 14:30:48,205 [Thread-1965] INFO  impl.RaftServerImpl (RaftServerImpl.java:setRole(184)) - 681edbc6-a1fc-42a4-b5ce-4922820de60a@group-FD33B9583E3C: changes role from  FOLLOWER to CANDIDATE at term 244 for changeToCandidate
2019-10-18 14:30:48,206 [Thread-1965] INFO  impl.RoleInfo (RoleInfo.java:updateAndGet(143)) - 681edbc6-a1fc-42a4-b5ce-4922820de60a: start LeaderElection
2019-10-18 14:30:48,216 [681edbc6-a1fc-42a4-b5ce-4922820de60a@group-FD33B9583E3C-LeaderElection245] INFO  impl.LeaderElection (LeaderElection.java:askForVotes(178)) - 681edbc6-a1fc-42a4-b5ce-4922820de60a@group-FD33B9583E3C-LeaderElection245: begin an election at term 245 for -1: [3ee7b367-7b16-44e1-99f8-43aefeda0876:192.168.164.233:46080, 681edbc6-a1fc-42a4-b5ce-4922820de60a:192.168.164.233:44267, 773cce60-eeca-4c1f-a5ec-70084be8b6b9:192.168.164.233:38729], old=null
2019-10-18 14:30:48,217 [681edbc6-a1fc-42a4-b5ce-4922820de60a@group-FD33B9583E3C-LeaderElection245] INFO  impl.LeaderElection (LogUtils.java:infoOrTrace(149)) - 681edbc6-a1fc-42a4-b5ce-4922820de60a@group-FD33B9583E3C-LeaderElection245 got exception when requesting votes: {}
java.util.concurrent.ExecutionException: org.apache.ratis.thirdparty.io.grpc.StatusRuntimeException: UNAVAILABLE: io exception
	at java.util.concurrent.FutureTask.report(FutureTask.java:122)
	at java.util.concurrent.FutureTask.get(FutureTask.java:192)
	at org.apache.ratis.server.impl.LeaderElection.waitForResults(LeaderElection.java:259)
	at org.apache.ratis.server.impl.LeaderElection.askForVotes(LeaderElection.java:197)
	at org.apache.ratis.server.impl.LeaderElection.run(LeaderElection.java:133)
	at java.lang.Thread.run(Thread.java:748)
Caused by: org.apache.ratis.thirdparty.io.grpc.StatusRuntimeException: UNAVAILABLE: io exception
	at org.apache.ratis.thirdparty.io.grpc.stub.ClientCalls.toStatusRuntimeException(ClientCalls.java:233)
	at org.apache.ratis.thirdparty.io.grpc.stub.ClientCalls.getUnchecked(ClientCalls.java:214)
	at org.apache.ratis.thirdparty.io.grpc.stub.ClientCalls.blockingUnaryCall(ClientCalls.java:139)
	at org.apache.ratis.proto.grpc.RaftServerProtocolServiceGrpc$RaftServerProtocolServiceBlockingStub.requestVote(RaftServerProtocolServiceGrpc.java:265)
	at org.apache.ratis.grpc.server.GrpcServerProtocolClient.requestVote(GrpcServerProtocolClient.java:99)
	at org.apache.ratis.grpc.server.GrpcService.requestVote(GrpcService.java:204)
	at org.apache.ratis.server.impl.LeaderElection.lambda$submitRequests$1(LeaderElection.java:234)
	at java.util.concurrent.FutureTask.run(FutureTask.java:266)
	at java.util.concurrent.Executors$RunnableAdapter.call(Executors.java:511)
	at java.util.concurrent.FutureTask.run(FutureTask.java:266)
	at java.util.concurrent.ThreadPoolExecutor.runWorker(ThreadPoolExecutor.java:1149)
	at java.util.concurrent.ThreadPoolExecutor$Worker.run(ThreadPoolExecutor.java:624)
	... 1 more
Caused by: org.apache.ratis.thirdparty.io.netty.channel.AbstractChannel$AnnotatedConnectException: Connection refused: /192.168.164.233:46080
	at sun.nio.ch.SocketChannelImpl.checkConnect(Native Method)
	at sun.nio.ch.SocketChannelImpl.finishConnect(SocketChannelImpl.java:717)
	at org.apache.ratis.thirdparty.io.netty.channel.socket.nio.NioSocketChannel.doFinishConnect(NioSocketChannel.java:327)
	at org.apache.ratis.thirdparty.io.netty.channel.nio.AbstractNioChannel$AbstractNioUnsafe.finishConnect(AbstractNioChannel.java:340)
	at org.apache.ratis.thirdparty.io.netty.channel.nio.NioEventLoop.processSelectedKey(NioEventLoop.java:632)
	at org.apache.ratis.thirdparty.io.netty.channel.nio.NioEventLoop.processSelectedKeysOptimized(NioEventLoop.java:579)
	at org.apache.ratis.thirdparty.io.netty.channel.nio.NioEventLoop.processSelectedKeys(NioEventLoop.java:496)
	at org.apache.ratis.thirdparty.io.netty.channel.nio.NioEventLoop.run(NioEventLoop.java:458)
	at org.apache.ratis.thirdparty.io.netty.util.concurrent.SingleThreadEventExecutor$5.run(SingleThreadEventExecutor.java:897)
	at org.apache.ratis.thirdparty.io.netty.util.concurrent.FastThreadLocalRunnable.run(FastThreadLocalRunnable.java:30)
	... 1 more
Caused by: java.net.ConnectException: Connection refused
	... 11 more
2019-10-18 14:30:48,218 [681edbc6-a1fc-42a4-b5ce-4922820de60a@group-FD33B9583E3C-LeaderElection245] INFO  impl.LeaderElection (LogUtils.java:infoOrTrace(149)) - 681edbc6-a1fc-42a4-b5ce-4922820de60a@group-FD33B9583E3C-LeaderElection245 got exception when requesting votes: {}
java.util.concurrent.ExecutionException: org.apache.ratis.thirdparty.io.grpc.StatusRuntimeException: UNAVAILABLE: io exception
	at java.util.concurrent.FutureTask.report(FutureTask.java:122)
	at java.util.concurrent.FutureTask.get(FutureTask.java:192)
	at org.apache.ratis.server.impl.LeaderElection.waitForResults(LeaderElection.java:259)
	at org.apache.ratis.server.impl.LeaderElection.askForVotes(LeaderElection.java:197)
	at org.apache.ratis.server.impl.LeaderElection.run(LeaderElection.java:133)
	at java.lang.Thread.run(Thread.java:748)
Caused by: org.apache.ratis.thirdparty.io.grpc.StatusRuntimeException: UNAVAILABLE: io exception
	at org.apache.ratis.thirdparty.io.grpc.stub.ClientCalls.toStatusRuntimeException(ClientCalls.java:233)
	at org.apache.ratis.thirdparty.io.grpc.stub.ClientCalls.getUnchecked(ClientCalls.java:214)
	at org.apache.ratis.thirdparty.io.grpc.stub.ClientCalls.blockingUnaryCall(ClientCalls.java:139)
	at org.apache.ratis.proto.grpc.RaftServerProtocolServiceGrpc$RaftServerProtocolServiceBlockingStub.requestVote(RaftServerProtocolServiceGrpc.java:265)
	at org.apache.ratis.grpc.server.GrpcServerProtocolClient.requestVote(GrpcServerProtocolClient.java:99)
	at org.apache.ratis.grpc.server.GrpcService.requestVote(GrpcService.java:204)
	at org.apache.ratis.server.impl.LeaderElection.lambda$submitRequests$1(LeaderElection.java:234)
	at java.util.concurrent.FutureTask.run(FutureTask.java:266)
	at java.util.concurrent.Executors$RunnableAdapter.call(Executors.java:511)
	at java.util.concurrent.FutureTask.run(FutureTask.java:266)
	at java.util.concurrent.ThreadPoolExecutor.runWorker(ThreadPoolExecutor.java:1149)
	at java.util.concurrent.ThreadPoolExecutor$Worker.run(ThreadPoolExecutor.java:624)
	... 1 more
Caused by: org.apache.ratis.thirdparty.io.netty.channel.AbstractChannel$AnnotatedConnectException: Connection refused: /192.168.164.233:38729
	at sun.nio.ch.SocketChannelImpl.checkConnect(Native Method)
	at sun.nio.ch.SocketChannelImpl.finishConnect(SocketChannelImpl.java:717)
	at org.apache.ratis.thirdparty.io.netty.channel.socket.nio.NioSocketChannel.doFinishConnect(NioSocketChannel.java:327)
	at org.apache.ratis.thirdparty.io.netty.channel.nio.AbstractNioChannel$AbstractNioUnsafe.finishConnect(AbstractNioChannel.java:340)
	at org.apache.ratis.thirdparty.io.netty.channel.nio.NioEventLoop.processSelectedKey(NioEventLoop.java:632)
	at org.apache.ratis.thirdparty.io.netty.channel.nio.NioEventLoop.processSelectedKeysOptimized(NioEventLoop.java:579)
	at org.apache.ratis.thirdparty.io.netty.channel.nio.NioEventLoop.processSelectedKeys(NioEventLoop.java:496)
	at org.apache.ratis.thirdparty.io.netty.channel.nio.NioEventLoop.run(NioEventLoop.java:458)
	at org.apache.ratis.thirdparty.io.netty.util.concurrent.SingleThreadEventExecutor$5.run(SingleThreadEventExecutor.java:897)
	at org.apache.ratis.thirdparty.io.netty.util.concurrent.FastThreadLocalRunnable.run(FastThreadLocalRunnable.java:30)
	... 1 more
Caused by: java.net.ConnectException: Connection refused
	... 11 more
2019-10-18 14:30:48,218 [681edbc6-a1fc-42a4-b5ce-4922820de60a@group-FD33B9583E3C-LeaderElection245] INFO  impl.LeaderElection (LeaderElection.java:logAndReturn(56)) - 681edbc6-a1fc-42a4-b5ce-4922820de60a@group-FD33B9583E3C-LeaderElection245: Election REJECTED; received 0 response(s) [] and 2 exception(s); 681edbc6-a1fc-42a4-b5ce-4922820de60a@group-FD33B9583E3C:t245, leader=null, voted=681edbc6-a1fc-42a4-b5ce-4922820de60a, raftlog=681edbc6-a1fc-42a4-b5ce-4922820de60a@group-FD33B9583E3C-SegmentedRaftLog:OPENED:c-1,f-1,i0, conf=-1: [3ee7b367-7b16-44e1-99f8-43aefeda0876:192.168.164.233:46080, 681edbc6-a1fc-42a4-b5ce-4922820de60a:192.168.164.233:44267, 773cce60-eeca-4c1f-a5ec-70084be8b6b9:192.168.164.233:38729], old=null
2019-10-18 14:30:48,219 [681edbc6-a1fc-42a4-b5ce-4922820de60a@group-FD33B9583E3C-LeaderElection245] INFO  impl.LeaderElection (LogUtils.java:infoOrTrace(149)) -   Exception 0: {}
java.util.concurrent.ExecutionException: org.apache.ratis.thirdparty.io.grpc.StatusRuntimeException: UNAVAILABLE: io exception
	at java.util.concurrent.FutureTask.report(FutureTask.java:122)
	at java.util.concurrent.FutureTask.get(FutureTask.java:192)
	at org.apache.ratis.server.impl.LeaderElection.waitForResults(LeaderElection.java:259)
	at org.apache.ratis.server.impl.LeaderElection.askForVotes(LeaderElection.java:197)
	at org.apache.ratis.server.impl.LeaderElection.run(LeaderElection.java:133)
	at java.lang.Thread.run(Thread.java:748)
Caused by: org.apache.ratis.thirdparty.io.grpc.StatusRuntimeException: UNAVAILABLE: io exception
	at org.apache.ratis.thirdparty.io.grpc.stub.ClientCalls.toStatusRuntimeException(ClientCalls.java:233)
	at org.apache.ratis.thirdparty.io.grpc.stub.ClientCalls.getUnchecked(ClientCalls.java:214)
	at org.apache.ratis.thirdparty.io.grpc.stub.ClientCalls.blockingUnaryCall(ClientCalls.java:139)
	at org.apache.ratis.proto.grpc.RaftServerProtocolServiceGrpc$RaftServerProtocolServiceBlockingStub.requestVote(RaftServerProtocolServiceGrpc.java:265)
	at org.apache.ratis.grpc.server.GrpcServerProtocolClient.requestVote(GrpcServerProtocolClient.java:99)
	at org.apache.ratis.grpc.server.GrpcService.requestVote(GrpcService.java:204)
	at org.apache.ratis.server.impl.LeaderElection.lambda$submitRequests$1(LeaderElection.java:234)
	at java.util.concurrent.FutureTask.run(FutureTask.java:266)
	at java.util.concurrent.Executors$RunnableAdapter.call(Executors.java:511)
	at java.util.concurrent.FutureTask.run(FutureTask.java:266)
	at java.util.concurrent.ThreadPoolExecutor.runWorker(ThreadPoolExecutor.java:1149)
	at java.util.concurrent.ThreadPoolExecutor$Worker.run(ThreadPoolExecutor.java:624)
	... 1 more
Caused by: org.apache.ratis.thirdparty.io.netty.channel.AbstractChannel$AnnotatedConnectException: Connection refused: /192.168.164.233:46080
	at sun.nio.ch.SocketChannelImpl.checkConnect(Native Method)
	at sun.nio.ch.SocketChannelImpl.finishConnect(SocketChannelImpl.java:717)
	at org.apache.ratis.thirdparty.io.netty.channel.socket.nio.NioSocketChannel.doFinishConnect(NioSocketChannel.java:327)
	at org.apache.ratis.thirdparty.io.netty.channel.nio.AbstractNioChannel$AbstractNioUnsafe.finishConnect(AbstractNioChannel.java:340)
	at org.apache.ratis.thirdparty.io.netty.channel.nio.NioEventLoop.processSelectedKey(NioEventLoop.java:632)
	at org.apache.ratis.thirdparty.io.netty.channel.nio.NioEventLoop.processSelectedKeysOptimized(NioEventLoop.java:579)
	at org.apache.ratis.thirdparty.io.netty.channel.nio.NioEventLoop.processSelectedKeys(NioEventLoop.java:496)
	at org.apache.ratis.thirdparty.io.netty.channel.nio.NioEventLoop.run(NioEventLoop.java:458)
	at org.apache.ratis.thirdparty.io.netty.util.concurrent.SingleThreadEventExecutor$5.run(SingleThreadEventExecutor.java:897)
	at org.apache.ratis.thirdparty.io.netty.util.concurrent.FastThreadLocalRunnable.run(FastThreadLocalRunnable.java:30)
	... 1 more
Caused by: java.net.ConnectException: Connection refused
	... 11 more
2019-10-18 14:30:48,219 [681edbc6-a1fc-42a4-b5ce-4922820de60a@group-FD33B9583E3C-LeaderElection245] INFO  impl.LeaderElection (LogUtils.java:infoOrTrace(149)) -   Exception 1: {}
java.util.concurrent.ExecutionException: org.apache.ratis.thirdparty.io.grpc.StatusRuntimeException: UNAVAILABLE: io exception
	at java.util.concurrent.FutureTask.report(FutureTask.java:122)
	at java.util.concurrent.FutureTask.get(FutureTask.java:192)
	at org.apache.ratis.server.impl.LeaderElection.waitForResults(LeaderElection.java:259)
	at org.apache.ratis.server.impl.LeaderElection.askForVotes(LeaderElection.java:197)
	at org.apache.ratis.server.impl.LeaderElection.run(LeaderElection.java:133)
	at java.lang.Thread.run(Thread.java:748)
Caused by: org.apache.ratis.thirdparty.io.grpc.StatusRuntimeException: UNAVAILABLE: io exception
	at org.apache.ratis.thirdparty.io.grpc.stub.ClientCalls.toStatusRuntimeException(ClientCalls.java:233)
	at org.apache.ratis.thirdparty.io.grpc.stub.ClientCalls.getUnchecked(ClientCalls.java:214)
	at org.apache.ratis.thirdparty.io.grpc.stub.ClientCalls.blockingUnaryCall(ClientCalls.java:139)
	at org.apache.ratis.proto.grpc.RaftServerProtocolServiceGrpc$RaftServerProtocolServiceBlockingStub.requestVote(RaftServerProtocolServiceGrpc.java:265)
	at org.apache.ratis.grpc.server.GrpcServerProtocolClient.requestVote(GrpcServerProtocolClient.java:99)
	at org.apache.ratis.grpc.server.GrpcService.requestVote(GrpcService.java:204)
	at org.apache.ratis.server.impl.LeaderElection.lambda$submitRequests$1(LeaderElection.java:234)
	at java.util.concurrent.FutureTask.run(FutureTask.java:266)
	at java.util.concurrent.Executors$RunnableAdapter.call(Executors.java:511)
	at java.util.concurrent.FutureTask.run(FutureTask.java:266)
	at java.util.concurrent.ThreadPoolExecutor.runWorker(ThreadPoolExecutor.java:1149)
	at java.util.concurrent.ThreadPoolExecutor$Worker.run(ThreadPoolExecutor.java:624)
	... 1 more
Caused by: org.apache.ratis.thirdparty.io.netty.channel.AbstractChannel$AnnotatedConnectException: Connection refused: /192.168.164.233:38729
	at sun.nio.ch.SocketChannelImpl.checkConnect(Native Method)
	at sun.nio.ch.SocketChannelImpl.finishConnect(SocketChannelImpl.java:717)
	at org.apache.ratis.thirdparty.io.netty.channel.socket.nio.NioSocketChannel.doFinishConnect(NioSocketChannel.java:327)
	at org.apache.ratis.thirdparty.io.netty.channel.nio.AbstractNioChannel$AbstractNioUnsafe.finishConnect(AbstractNioChannel.java:340)
	at org.apache.ratis.thirdparty.io.netty.channel.nio.NioEventLoop.processSelectedKey(NioEventLoop.java:632)
	at org.apache.ratis.thirdparty.io.netty.channel.nio.NioEventLoop.processSelectedKeysOptimized(NioEventLoop.java:579)
	at org.apache.ratis.thirdparty.io.netty.channel.nio.NioEventLoop.processSelectedKeys(NioEventLoop.java:496)
	at org.apache.ratis.thirdparty.io.netty.channel.nio.NioEventLoop.run(NioEventLoop.java:458)
	at org.apache.ratis.thirdparty.io.netty.util.concurrent.SingleThreadEventExecutor$5.run(SingleThreadEventExecutor.java:897)
	at org.apache.ratis.thirdparty.io.netty.util.concurrent.FastThreadLocalRunnable.run(FastThreadLocalRunnable.java:30)
	... 1 more
Caused by: java.net.ConnectException: Connection refused
	... 11 more
2019-10-18 14:30:48,219 [681edbc6-a1fc-42a4-b5ce-4922820de60a@group-FD33B9583E3C-LeaderElection245] INFO  impl.RaftServerImpl (RaftServerImpl.java:setRole(184)) - 681edbc6-a1fc-42a4-b5ce-4922820de60a@group-FD33B9583E3C: changes role from CANDIDATE to FOLLOWER at term 245 for DISCOVERED_A_NEW_TERM
2019-10-18 14:30:48,219 [681edbc6-a1fc-42a4-b5ce-4922820de60a@group-FD33B9583E3C-LeaderElection245] INFO  impl.RoleInfo (RoleInfo.java:shutdownLeaderElection(134)) - 681edbc6-a1fc-42a4-b5ce-4922820de60a: shutdown LeaderElection
2019-10-18 14:30:48,220 [681edbc6-a1fc-42a4-b5ce-4922820de60a@group-FD33B9583E3C-LeaderElection245] INFO  impl.RoleInfo (RoleInfo.java:updateAndGet(143)) - 681edbc6-a1fc-42a4-b5ce-4922820de60a: start FollowerState
2019-10-18 14:30:48,224 [java.util.concurrent.ThreadPoolExecutor$Worker@4efed47c[State = -1, empty queue]] WARN  server.GrpcLogAppender (GrpcLogAppender.java:timeoutAppendRequest(209)) - 46c14060-ea78-4b5a-b57c-064e4766b234@group-45DBFE4B8A65->a4757974-e77e-4a1a-a400-c32fe273093a-GrpcLogAppender: appendEntries Timeout, request=46c14060-ea78-4b5a-b57c-064e4766b234->a4757974-e77e-4a1a-a400-c32fe273093a#59-t3, previous=(t:3, i:4), leaderCommit=4, initializing? false, entries: <empty>
2019-10-18 14:30:48,224 [java.util.concurrent.ThreadPoolExecutor$Worker@108d80c3[State = -1, empty queue]] WARN  server.GrpcLogAppender (GrpcLogAppender.java:timeoutAppendRequest(209)) - 46c14060-ea78-4b5a-b57c-064e4766b234@group-45DBFE4B8A65->55013cf6-f41f-4339-a52c-06c119893914-GrpcLogAppender: appendEntries Timeout, request=46c14060-ea78-4b5a-b57c-064e4766b234->55013cf6-f41f-4339-a52c-06c119893914#59-t3, previous=(t:3, i:4), leaderCommit=4, initializing? false, entries: <empty>
2019-10-18 14:30:48,247 [Thread-1969] INFO  impl.FollowerState (FollowerState.java:run(108)) - 681edbc6-a1fc-42a4-b5ce-4922820de60a@group-FD33B9583E3C-FollowerState: change to CANDIDATE, lastRpcTime:27ms, electionTimeout:27ms
2019-10-18 14:30:48,247 [Thread-1969] INFO  impl.RoleInfo (RoleInfo.java:shutdownFollowerState(121)) - 681edbc6-a1fc-42a4-b5ce-4922820de60a: shutdown FollowerState
2019-10-18 14:30:48,247 [Thread-1969] INFO  impl.RaftServerImpl (RaftServerImpl.java:setRole(184)) - 681edbc6-a1fc-42a4-b5ce-4922820de60a@group-FD33B9583E3C: changes role from  FOLLOWER to CANDIDATE at term 245 for changeToCandidate
2019-10-18 14:30:48,248 [Thread-1969] INFO  impl.RoleInfo (RoleInfo.java:updateAndGet(143)) - 681edbc6-a1fc-42a4-b5ce-4922820de60a: start LeaderElection
2019-10-18 14:30:48,278 [681edbc6-a1fc-42a4-b5ce-4922820de60a@group-FD33B9583E3C-LeaderElection246] INFO  impl.LeaderElection (LeaderElection.java:askForVotes(178)) - 681edbc6-a1fc-42a4-b5ce-4922820de60a@group-FD33B9583E3C-LeaderElection246: begin an election at term 246 for -1: [3ee7b367-7b16-44e1-99f8-43aefeda0876:192.168.164.233:46080, 681edbc6-a1fc-42a4-b5ce-4922820de60a:192.168.164.233:44267, 773cce60-eeca-4c1f-a5ec-70084be8b6b9:192.168.164.233:38729], old=null
2019-10-18 14:30:48,279 [681edbc6-a1fc-42a4-b5ce-4922820de60a@group-FD33B9583E3C-LeaderElection246] INFO  impl.LeaderElection (LogUtils.java:infoOrTrace(149)) - 681edbc6-a1fc-42a4-b5ce-4922820de60a@group-FD33B9583E3C-LeaderElection246 got exception when requesting votes: {}
java.util.concurrent.ExecutionException: org.apache.ratis.thirdparty.io.grpc.StatusRuntimeException: UNAVAILABLE: io exception
	at java.util.concurrent.FutureTask.report(FutureTask.java:122)
	at java.util.concurrent.FutureTask.get(FutureTask.java:192)
	at org.apache.ratis.server.impl.LeaderElection.waitForResults(LeaderElection.java:259)
	at org.apache.ratis.server.impl.LeaderElection.askForVotes(LeaderElection.java:197)
	at org.apache.ratis.server.impl.LeaderElection.run(LeaderElection.java:133)
	at java.lang.Thread.run(Thread.java:748)
Caused by: org.apache.ratis.thirdparty.io.grpc.StatusRuntimeException: UNAVAILABLE: io exception
	at org.apache.ratis.thirdparty.io.grpc.stub.ClientCalls.toStatusRuntimeException(ClientCalls.java:233)
	at org.apache.ratis.thirdparty.io.grpc.stub.ClientCalls.getUnchecked(ClientCalls.java:214)
	at org.apache.ratis.thirdparty.io.grpc.stub.ClientCalls.blockingUnaryCall(ClientCalls.java:139)
	at org.apache.ratis.proto.grpc.RaftServerProtocolServiceGrpc$RaftServerProtocolServiceBlockingStub.requestVote(RaftServerProtocolServiceGrpc.java:265)
	at org.apache.ratis.grpc.server.GrpcServerProtocolClient.requestVote(GrpcServerProtocolClient.java:99)
	at org.apache.ratis.grpc.server.GrpcService.requestVote(GrpcService.java:204)
	at org.apache.ratis.server.impl.LeaderElection.lambda$submitRequests$1(LeaderElection.java:234)
	at java.util.concurrent.FutureTask.run(FutureTask.java:266)
	at java.util.concurrent.Executors$RunnableAdapter.call(Executors.java:511)
	at java.util.concurrent.FutureTask.run(FutureTask.java:266)
	at java.util.concurrent.ThreadPoolExecutor.runWorker(ThreadPoolExecutor.java:1149)
	at java.util.concurrent.ThreadPoolExecutor$Worker.run(ThreadPoolExecutor.java:624)
	... 1 more
Caused by: org.apache.ratis.thirdparty.io.netty.channel.AbstractChannel$AnnotatedConnectException: Connection refused: /192.168.164.233:38729
	at sun.nio.ch.SocketChannelImpl.checkConnect(Native Method)
	at sun.nio.ch.SocketChannelImpl.finishConnect(SocketChannelImpl.java:717)
	at org.apache.ratis.thirdparty.io.netty.channel.socket.nio.NioSocketChannel.doFinishConnect(NioSocketChannel.java:327)
	at org.apache.ratis.thirdparty.io.netty.channel.nio.AbstractNioChannel$AbstractNioUnsafe.finishConnect(AbstractNioChannel.java:340)
	at org.apache.ratis.thirdparty.io.netty.channel.nio.NioEventLoop.processSelectedKey(NioEventLoop.java:632)
	at org.apache.ratis.thirdparty.io.netty.channel.nio.NioEventLoop.processSelectedKeysOptimized(NioEventLoop.java:579)
	at org.apache.ratis.thirdparty.io.netty.channel.nio.NioEventLoop.processSelectedKeys(NioEventLoop.java:496)
	at org.apache.ratis.thirdparty.io.netty.channel.nio.NioEventLoop.run(NioEventLoop.java:458)
	at org.apache.ratis.thirdparty.io.netty.util.concurrent.SingleThreadEventExecutor$5.run(SingleThreadEventExecutor.java:897)
	at org.apache.ratis.thirdparty.io.netty.util.concurrent.FastThreadLocalRunnable.run(FastThreadLocalRunnable.java:30)
	... 1 more
Caused by: java.net.ConnectException: Connection refused
	... 11 more
2019-10-18 14:30:48,279 [681edbc6-a1fc-42a4-b5ce-4922820de60a@group-FD33B9583E3C-LeaderElection246] INFO  impl.LeaderElection (LogUtils.java:infoOrTrace(149)) - 681edbc6-a1fc-42a4-b5ce-4922820de60a@group-FD33B9583E3C-LeaderElection246 got exception when requesting votes: {}
java.util.concurrent.ExecutionException: org.apache.ratis.thirdparty.io.grpc.StatusRuntimeException: UNAVAILABLE: io exception
	at java.util.concurrent.FutureTask.report(FutureTask.java:122)
	at java.util.concurrent.FutureTask.get(FutureTask.java:192)
	at org.apache.ratis.server.impl.LeaderElection.waitForResults(LeaderElection.java:259)
	at org.apache.ratis.server.impl.LeaderElection.askForVotes(LeaderElection.java:197)
	at org.apache.ratis.server.impl.LeaderElection.run(LeaderElection.java:133)
	at java.lang.Thread.run(Thread.java:748)
Caused by: org.apache.ratis.thirdparty.io.grpc.StatusRuntimeException: UNAVAILABLE: io exception
	at org.apache.ratis.thirdparty.io.grpc.stub.ClientCalls.toStatusRuntimeException(ClientCalls.java:233)
	at org.apache.ratis.thirdparty.io.grpc.stub.ClientCalls.getUnchecked(ClientCalls.java:214)
	at org.apache.ratis.thirdparty.io.grpc.stub.ClientCalls.blockingUnaryCall(ClientCalls.java:139)
	at org.apache.ratis.proto.grpc.RaftServerProtocolServiceGrpc$RaftServerProtocolServiceBlockingStub.requestVote(RaftServerProtocolServiceGrpc.java:265)
	at org.apache.ratis.grpc.server.GrpcServerProtocolClient.requestVote(GrpcServerProtocolClient.java:99)
	at org.apache.ratis.grpc.server.GrpcService.requestVote(GrpcService.java:204)
	at org.apache.ratis.server.impl.LeaderElection.lambda$submitRequests$1(LeaderElection.java:234)
	at java.util.concurrent.FutureTask.run(FutureTask.java:266)
	at java.util.concurrent.Executors$RunnableAdapter.call(Executors.java:511)
	at java.util.concurrent.FutureTask.run(FutureTask.java:266)
	at java.util.concurrent.ThreadPoolExecutor.runWorker(ThreadPoolExecutor.java:1149)
	at java.util.concurrent.ThreadPoolExecutor$Worker.run(ThreadPoolExecutor.java:624)
	... 1 more
Caused by: org.apache.ratis.thirdparty.io.netty.channel.AbstractChannel$AnnotatedConnectException: Connection refused: /192.168.164.233:46080
	at sun.nio.ch.SocketChannelImpl.checkConnect(Native Method)
	at sun.nio.ch.SocketChannelImpl.finishConnect(SocketChannelImpl.java:717)
	at org.apache.ratis.thirdparty.io.netty.channel.socket.nio.NioSocketChannel.doFinishConnect(NioSocketChannel.java:327)
	at org.apache.ratis.thirdparty.io.netty.channel.nio.AbstractNioChannel$AbstractNioUnsafe.finishConnect(AbstractNioChannel.java:340)
	at org.apache.ratis.thirdparty.io.netty.channel.nio.NioEventLoop.processSelectedKey(NioEventLoop.java:632)
	at org.apache.ratis.thirdparty.io.netty.channel.nio.NioEventLoop.processSelectedKeysOptimized(NioEventLoop.java:579)
	at org.apache.ratis.thirdparty.io.netty.channel.nio.NioEventLoop.processSelectedKeys(NioEventLoop.java:496)
	at org.apache.ratis.thirdparty.io.netty.channel.nio.NioEventLoop.run(NioEventLoop.java:458)
	at org.apache.ratis.thirdparty.io.netty.util.concurrent.SingleThreadEventExecutor$5.run(SingleThreadEventExecutor.java:897)
	at org.apache.ratis.thirdparty.io.netty.util.concurrent.FastThreadLocalRunnable.run(FastThreadLocalRunnable.java:30)
	... 1 more
Caused by: java.net.ConnectException: Connection refused
	... 11 more
2019-10-18 14:30:48,280 [681edbc6-a1fc-42a4-b5ce-4922820de60a@group-FD33B9583E3C-LeaderElection246] INFO  impl.LeaderElection (LeaderElection.java:logAndReturn(56)) - 681edbc6-a1fc-42a4-b5ce-4922820de60a@group-FD33B9583E3C-LeaderElection246: Election REJECTED; received 0 response(s) [] and 2 exception(s); 681edbc6-a1fc-42a4-b5ce-4922820de60a@group-FD33B9583E3C:t246, leader=null, voted=681edbc6-a1fc-42a4-b5ce-4922820de60a, raftlog=681edbc6-a1fc-42a4-b5ce-4922820de60a@group-FD33B9583E3C-SegmentedRaftLog:OPENED:c-1,f-1,i0, conf=-1: [3ee7b367-7b16-44e1-99f8-43aefeda0876:192.168.164.233:46080, 681edbc6-a1fc-42a4-b5ce-4922820de60a:192.168.164.233:44267, 773cce60-eeca-4c1f-a5ec-70084be8b6b9:192.168.164.233:38729], old=null
2019-10-18 14:30:48,280 [681edbc6-a1fc-42a4-b5ce-4922820de60a@group-FD33B9583E3C-LeaderElection246] INFO  impl.LeaderElection (LogUtils.java:infoOrTrace(149)) -   Exception 0: {}
java.util.concurrent.ExecutionException: org.apache.ratis.thirdparty.io.grpc.StatusRuntimeException: UNAVAILABLE: io exception
	at java.util.concurrent.FutureTask.report(FutureTask.java:122)
	at java.util.concurrent.FutureTask.get(FutureTask.java:192)
	at org.apache.ratis.server.impl.LeaderElection.waitForResults(LeaderElection.java:259)
	at org.apache.ratis.server.impl.LeaderElection.askForVotes(LeaderElection.java:197)
	at org.apache.ratis.server.impl.LeaderElection.run(LeaderElection.java:133)
	at java.lang.Thread.run(Thread.java:748)
Caused by: org.apache.ratis.thirdparty.io.grpc.StatusRuntimeException: UNAVAILABLE: io exception
	at org.apache.ratis.thirdparty.io.grpc.stub.ClientCalls.toStatusRuntimeException(ClientCalls.java:233)
	at org.apache.ratis.thirdparty.io.grpc.stub.ClientCalls.getUnchecked(ClientCalls.java:214)
	at org.apache.ratis.thirdparty.io.grpc.stub.ClientCalls.blockingUnaryCall(ClientCalls.java:139)
	at org.apache.ratis.proto.grpc.RaftServerProtocolServiceGrpc$RaftServerProtocolServiceBlockingStub.requestVote(RaftServerProtocolServiceGrpc.java:265)
	at org.apache.ratis.grpc.server.GrpcServerProtocolClient.requestVote(GrpcServerProtocolClient.java:99)
	at org.apache.ratis.grpc.server.GrpcService.requestVote(GrpcService.java:204)
	at org.apache.ratis.server.impl.LeaderElection.lambda$submitRequests$1(LeaderElection.java:234)
	at java.util.concurrent.FutureTask.run(FutureTask.java:266)
	at java.util.concurrent.Executors$RunnableAdapter.call(Executors.java:511)
	at java.util.concurrent.FutureTask.run(FutureTask.java:266)
	at java.util.concurrent.ThreadPoolExecutor.runWorker(ThreadPoolExecutor.java:1149)
	at java.util.concurrent.ThreadPoolExecutor$Worker.run(ThreadPoolExecutor.java:624)
	... 1 more
Caused by: org.apache.ratis.thirdparty.io.netty.channel.AbstractChannel$AnnotatedConnectException: Connection refused: /192.168.164.233:38729
	at sun.nio.ch.SocketChannelImpl.checkConnect(Native Method)
	at sun.nio.ch.SocketChannelImpl.finishConnect(SocketChannelImpl.java:717)
	at org.apache.ratis.thirdparty.io.netty.channel.socket.nio.NioSocketChannel.doFinishConnect(NioSocketChannel.java:327)
	at org.apache.ratis.thirdparty.io.netty.channel.nio.AbstractNioChannel$AbstractNioUnsafe.finishConnect(AbstractNioChannel.java:340)
	at org.apache.ratis.thirdparty.io.netty.channel.nio.NioEventLoop.processSelectedKey(NioEventLoop.java:632)
	at org.apache.ratis.thirdparty.io.netty.channel.nio.NioEventLoop.processSelectedKeysOptimized(NioEventLoop.java:579)
	at org.apache.ratis.thirdparty.io.netty.channel.nio.NioEventLoop.processSelectedKeys(NioEventLoop.java:496)
	at org.apache.ratis.thirdparty.io.netty.channel.nio.NioEventLoop.run(NioEventLoop.java:458)
	at org.apache.ratis.thirdparty.io.netty.util.concurrent.SingleThreadEventExecutor$5.run(SingleThreadEventExecutor.java:897)
	at org.apache.ratis.thirdparty.io.netty.util.concurrent.FastThreadLocalRunnable.run(FastThreadLocalRunnable.java:30)
	... 1 more
Caused by: java.net.ConnectException: Connection refused
	... 11 more
2019-10-18 14:30:48,280 [681edbc6-a1fc-42a4-b5ce-4922820de60a@group-FD33B9583E3C-LeaderElection246] INFO  impl.LeaderElection (LogUtils.java:infoOrTrace(149)) -   Exception 1: {}
java.util.concurrent.ExecutionException: org.apache.ratis.thirdparty.io.grpc.StatusRuntimeException: UNAVAILABLE: io exception
	at java.util.concurrent.FutureTask.report(FutureTask.java:122)
	at java.util.concurrent.FutureTask.get(FutureTask.java:192)
	at org.apache.ratis.server.impl.LeaderElection.waitForResults(LeaderElection.java:259)
	at org.apache.ratis.server.impl.LeaderElection.askForVotes(LeaderElection.java:197)
	at org.apache.ratis.server.impl.LeaderElection.run(LeaderElection.java:133)
	at java.lang.Thread.run(Thread.java:748)
Caused by: org.apache.ratis.thirdparty.io.grpc.StatusRuntimeException: UNAVAILABLE: io exception
	at org.apache.ratis.thirdparty.io.grpc.stub.ClientCalls.toStatusRuntimeException(ClientCalls.java:233)
	at org.apache.ratis.thirdparty.io.grpc.stub.ClientCalls.getUnchecked(ClientCalls.java:214)
	at org.apache.ratis.thirdparty.io.grpc.stub.ClientCalls.blockingUnaryCall(ClientCalls.java:139)
	at org.apache.ratis.proto.grpc.RaftServerProtocolServiceGrpc$RaftServerProtocolServiceBlockingStub.requestVote(RaftServerProtocolServiceGrpc.java:265)
	at org.apache.ratis.grpc.server.GrpcServerProtocolClient.requestVote(GrpcServerProtocolClient.java:99)
	at org.apache.ratis.grpc.server.GrpcService.requestVote(GrpcService.java:204)
	at org.apache.ratis.server.impl.LeaderElection.lambda$submitRequests$1(LeaderElection.java:234)
	at java.util.concurrent.FutureTask.run(FutureTask.java:266)
	at java.util.concurrent.Executors$RunnableAdapter.call(Executors.java:511)
	at java.util.concurrent.FutureTask.run(FutureTask.java:266)
	at java.util.concurrent.ThreadPoolExecutor.runWorker(ThreadPoolExecutor.java:1149)
	at java.util.concurrent.ThreadPoolExecutor$Worker.run(ThreadPoolExecutor.java:624)
	... 1 more
Caused by: org.apache.ratis.thirdparty.io.netty.channel.AbstractChannel$AnnotatedConnectException: Connection refused: /192.168.164.233:46080
	at sun.nio.ch.SocketChannelImpl.checkConnect(Native Method)
	at sun.nio.ch.SocketChannelImpl.finishConnect(SocketChannelImpl.java:717)
	at org.apache.ratis.thirdparty.io.netty.channel.socket.nio.NioSocketChannel.doFinishConnect(NioSocketChannel.java:327)
	at org.apache.ratis.thirdparty.io.netty.channel.nio.AbstractNioChannel$AbstractNioUnsafe.finishConnect(AbstractNioChannel.java:340)
	at org.apache.ratis.thirdparty.io.netty.channel.nio.NioEventLoop.processSelectedKey(NioEventLoop.java:632)
	at org.apache.ratis.thirdparty.io.netty.channel.nio.NioEventLoop.processSelectedKeysOptimized(NioEventLoop.java:579)
	at org.apache.ratis.thirdparty.io.netty.channel.nio.NioEventLoop.processSelectedKeys(NioEventLoop.java:496)
	at org.apache.ratis.thirdparty.io.netty.channel.nio.NioEventLoop.run(NioEventLoop.java:458)
	at org.apache.ratis.thirdparty.io.netty.util.concurrent.SingleThreadEventExecutor$5.run(SingleThreadEventExecutor.java:897)
	at org.apache.ratis.thirdparty.io.netty.util.concurrent.FastThreadLocalRunnable.run(FastThreadLocalRunnable.java:30)
	... 1 more
Caused by: java.net.ConnectException: Connection refused
	... 11 more
2019-10-18 14:30:48,280 [681edbc6-a1fc-42a4-b5ce-4922820de60a@group-FD33B9583E3C-LeaderElection246] INFO  impl.RaftServerImpl (RaftServerImpl.java:setRole(184)) - 681edbc6-a1fc-42a4-b5ce-4922820de60a@group-FD33B9583E3C: changes role from CANDIDATE to FOLLOWER at term 246 for DISCOVERED_A_NEW_TERM
2019-10-18 14:30:48,280 [681edbc6-a1fc-42a4-b5ce-4922820de60a@group-FD33B9583E3C-LeaderElection246] INFO  impl.RoleInfo (RoleInfo.java:shutdownLeaderElection(134)) - 681edbc6-a1fc-42a4-b5ce-4922820de60a: shutdown LeaderElection
2019-10-18 14:30:48,280 [681edbc6-a1fc-42a4-b5ce-4922820de60a@group-FD33B9583E3C-LeaderElection246] INFO  impl.RoleInfo (RoleInfo.java:updateAndGet(143)) - 681edbc6-a1fc-42a4-b5ce-4922820de60a: start FollowerState
2019-10-18 14:30:48,347 [Thread-1974] INFO  impl.FollowerState (FollowerState.java:run(108)) - 681edbc6-a1fc-42a4-b5ce-4922820de60a@group-FD33B9583E3C-FollowerState: change to CANDIDATE, lastRpcTime:66ms, electionTimeout:66ms
2019-10-18 14:30:48,347 [Thread-1974] INFO  impl.RoleInfo (RoleInfo.java:shutdownFollowerState(121)) - 681edbc6-a1fc-42a4-b5ce-4922820de60a: shutdown FollowerState
2019-10-18 14:30:48,347 [Thread-1974] INFO  impl.RaftServerImpl (RaftServerImpl.java:setRole(184)) - 681edbc6-a1fc-42a4-b5ce-4922820de60a@group-FD33B9583E3C: changes role from  FOLLOWER to CANDIDATE at term 246 for changeToCandidate
2019-10-18 14:30:48,347 [Thread-1974] INFO  impl.RoleInfo (RoleInfo.java:updateAndGet(143)) - 681edbc6-a1fc-42a4-b5ce-4922820de60a: start LeaderElection
2019-10-18 14:30:48,361 [681edbc6-a1fc-42a4-b5ce-4922820de60a@group-FD33B9583E3C-LeaderElection247] INFO  impl.LeaderElection (LeaderElection.java:askForVotes(178)) - 681edbc6-a1fc-42a4-b5ce-4922820de60a@group-FD33B9583E3C-LeaderElection247: begin an election at term 247 for -1: [3ee7b367-7b16-44e1-99f8-43aefeda0876:192.168.164.233:46080, 681edbc6-a1fc-42a4-b5ce-4922820de60a:192.168.164.233:44267, 773cce60-eeca-4c1f-a5ec-70084be8b6b9:192.168.164.233:38729], old=null
2019-10-18 14:30:48,361 [681edbc6-a1fc-42a4-b5ce-4922820de60a@group-FD33B9583E3C-LeaderElection247] INFO  impl.LeaderElection (LogUtils.java:infoOrTrace(149)) - 681edbc6-a1fc-42a4-b5ce-4922820de60a@group-FD33B9583E3C-LeaderElection247 got exception when requesting votes: {}
java.util.concurrent.ExecutionException: org.apache.ratis.thirdparty.io.grpc.StatusRuntimeException: UNAVAILABLE: io exception
	at java.util.concurrent.FutureTask.report(FutureTask.java:122)
	at java.util.concurrent.FutureTask.get(FutureTask.java:192)
	at org.apache.ratis.server.impl.LeaderElection.waitForResults(LeaderElection.java:259)
	at org.apache.ratis.server.impl.LeaderElection.askForVotes(LeaderElection.java:197)
	at org.apache.ratis.server.impl.LeaderElection.run(LeaderElection.java:133)
	at java.lang.Thread.run(Thread.java:748)
Caused by: org.apache.ratis.thirdparty.io.grpc.StatusRuntimeException: UNAVAILABLE: io exception
	at org.apache.ratis.thirdparty.io.grpc.stub.ClientCalls.toStatusRuntimeException(ClientCalls.java:233)
	at org.apache.ratis.thirdparty.io.grpc.stub.ClientCalls.getUnchecked(ClientCalls.java:214)
	at org.apache.ratis.thirdparty.io.grpc.stub.ClientCalls.blockingUnaryCall(ClientCalls.java:139)
	at org.apache.ratis.proto.grpc.RaftServerProtocolServiceGrpc$RaftServerProtocolServiceBlockingStub.requestVote(RaftServerProtocolServiceGrpc.java:265)
	at org.apache.ratis.grpc.server.GrpcServerProtocolClient.requestVote(GrpcServerProtocolClient.java:99)
	at org.apache.ratis.grpc.server.GrpcService.requestVote(GrpcService.java:204)
	at org.apache.ratis.server.impl.LeaderElection.lambda$submitRequests$1(LeaderElection.java:234)
	at java.util.concurrent.FutureTask.run(FutureTask.java:266)
	at java.util.concurrent.Executors$RunnableAdapter.call(Executors.java:511)
	at java.util.concurrent.FutureTask.run(FutureTask.java:266)
	at java.util.concurrent.ThreadPoolExecutor.runWorker(ThreadPoolExecutor.java:1149)
	at java.util.concurrent.ThreadPoolExecutor$Worker.run(ThreadPoolExecutor.java:624)
	... 1 more
Caused by: org.apache.ratis.thirdparty.io.netty.channel.AbstractChannel$AnnotatedConnectException: Connection refused: /192.168.164.233:46080
	at sun.nio.ch.SocketChannelImpl.checkConnect(Native Method)
	at sun.nio.ch.SocketChannelImpl.finishConnect(SocketChannelImpl.java:717)
	at org.apache.ratis.thirdparty.io.netty.channel.socket.nio.NioSocketChannel.doFinishConnect(NioSocketChannel.java:327)
	at org.apache.ratis.thirdparty.io.netty.channel.nio.AbstractNioChannel$AbstractNioUnsafe.finishConnect(AbstractNioChannel.java:340)
	at org.apache.ratis.thirdparty.io.netty.channel.nio.NioEventLoop.processSelectedKey(NioEventLoop.java:632)
	at org.apache.ratis.thirdparty.io.netty.channel.nio.NioEventLoop.processSelectedKeysOptimized(NioEventLoop.java:579)
	at org.apache.ratis.thirdparty.io.netty.channel.nio.NioEventLoop.processSelectedKeys(NioEventLoop.java:496)
	at org.apache.ratis.thirdparty.io.netty.channel.nio.NioEventLoop.run(NioEventLoop.java:458)
	at org.apache.ratis.thirdparty.io.netty.util.concurrent.SingleThreadEventExecutor$5.run(SingleThreadEventExecutor.java:897)
	at org.apache.ratis.thirdparty.io.netty.util.concurrent.FastThreadLocalRunnable.run(FastThreadLocalRunnable.java:30)
	... 1 more
Caused by: java.net.ConnectException: Connection refused
	... 11 more
2019-10-18 14:30:48,362 [681edbc6-a1fc-42a4-b5ce-4922820de60a@group-FD33B9583E3C-LeaderElection247] INFO  impl.LeaderElection (LogUtils.java:infoOrTrace(149)) - 681edbc6-a1fc-42a4-b5ce-4922820de60a@group-FD33B9583E3C-LeaderElection247 got exception when requesting votes: {}
java.util.concurrent.ExecutionException: org.apache.ratis.thirdparty.io.grpc.StatusRuntimeException: UNAVAILABLE: io exception
	at java.util.concurrent.FutureTask.report(FutureTask.java:122)
	at java.util.concurrent.FutureTask.get(FutureTask.java:192)
	at org.apache.ratis.server.impl.LeaderElection.waitForResults(LeaderElection.java:259)
	at org.apache.ratis.server.impl.LeaderElection.askForVotes(LeaderElection.java:197)
	at org.apache.ratis.server.impl.LeaderElection.run(LeaderElection.java:133)
	at java.lang.Thread.run(Thread.java:748)
Caused by: org.apache.ratis.thirdparty.io.grpc.StatusRuntimeException: UNAVAILABLE: io exception
	at org.apache.ratis.thirdparty.io.grpc.stub.ClientCalls.toStatusRuntimeException(ClientCalls.java:233)
	at org.apache.ratis.thirdparty.io.grpc.stub.ClientCalls.getUnchecked(ClientCalls.java:214)
	at org.apache.ratis.thirdparty.io.grpc.stub.ClientCalls.blockingUnaryCall(ClientCalls.java:139)
	at org.apache.ratis.proto.grpc.RaftServerProtocolServiceGrpc$RaftServerProtocolServiceBlockingStub.requestVote(RaftServerProtocolServiceGrpc.java:265)
	at org.apache.ratis.grpc.server.GrpcServerProtocolClient.requestVote(GrpcServerProtocolClient.java:99)
	at org.apache.ratis.grpc.server.GrpcService.requestVote(GrpcService.java:204)
	at org.apache.ratis.server.impl.LeaderElection.lambda$submitRequests$1(LeaderElection.java:234)
	at java.util.concurrent.FutureTask.run(FutureTask.java:266)
	at java.util.concurrent.Executors$RunnableAdapter.call(Executors.java:511)
	at java.util.concurrent.FutureTask.run(FutureTask.java:266)
	at java.util.concurrent.ThreadPoolExecutor.runWorker(ThreadPoolExecutor.java:1149)
	at java.util.concurrent.ThreadPoolExecutor$Worker.run(ThreadPoolExecutor.java:624)
	... 1 more
Caused by: org.apache.ratis.thirdparty.io.netty.channel.AbstractChannel$AnnotatedConnectException: Connection refused: /192.168.164.233:38729
	at sun.nio.ch.SocketChannelImpl.checkConnect(Native Method)
	at sun.nio.ch.SocketChannelImpl.finishConnect(SocketChannelImpl.java:717)
	at org.apache.ratis.thirdparty.io.netty.channel.socket.nio.NioSocketChannel.doFinishConnect(NioSocketChannel.java:327)
	at org.apache.ratis.thirdparty.io.netty.channel.nio.AbstractNioChannel$AbstractNioUnsafe.finishConnect(AbstractNioChannel.java:340)
	at org.apache.ratis.thirdparty.io.netty.channel.nio.NioEventLoop.processSelectedKey(NioEventLoop.java:632)
	at org.apache.ratis.thirdparty.io.netty.channel.nio.NioEventLoop.processSelectedKeysOptimized(NioEventLoop.java:579)
	at org.apache.ratis.thirdparty.io.netty.channel.nio.NioEventLoop.processSelectedKeys(NioEventLoop.java:496)
	at org.apache.ratis.thirdparty.io.netty.channel.nio.NioEventLoop.run(NioEventLoop.java:458)
	at org.apache.ratis.thirdparty.io.netty.util.concurrent.SingleThreadEventExecutor$5.run(SingleThreadEventExecutor.java:897)
	at org.apache.ratis.thirdparty.io.netty.util.concurrent.FastThreadLocalRunnable.run(FastThreadLocalRunnable.java:30)
	... 1 more
Caused by: java.net.ConnectException: Connection refused
	... 11 more
2019-10-18 14:30:48,362 [681edbc6-a1fc-42a4-b5ce-4922820de60a@group-FD33B9583E3C-LeaderElection247] INFO  impl.LeaderElection (LeaderElection.java:logAndReturn(56)) - 681edbc6-a1fc-42a4-b5ce-4922820de60a@group-FD33B9583E3C-LeaderElection247: Election REJECTED; received 0 response(s) [] and 2 exception(s); 681edbc6-a1fc-42a4-b5ce-4922820de60a@group-FD33B9583E3C:t247, leader=null, voted=681edbc6-a1fc-42a4-b5ce-4922820de60a, raftlog=681edbc6-a1fc-42a4-b5ce-4922820de60a@group-FD33B9583E3C-SegmentedRaftLog:OPENED:c-1,f-1,i0, conf=-1: [3ee7b367-7b16-44e1-99f8-43aefeda0876:192.168.164.233:46080, 681edbc6-a1fc-42a4-b5ce-4922820de60a:192.168.164.233:44267, 773cce60-eeca-4c1f-a5ec-70084be8b6b9:192.168.164.233:38729], old=null
2019-10-18 14:30:48,362 [681edbc6-a1fc-42a4-b5ce-4922820de60a@group-FD33B9583E3C-LeaderElection247] INFO  impl.LeaderElection (LogUtils.java:infoOrTrace(149)) -   Exception 0: {}
java.util.concurrent.ExecutionException: org.apache.ratis.thirdparty.io.grpc.StatusRuntimeException: UNAVAILABLE: io exception
	at java.util.concurrent.FutureTask.report(FutureTask.java:122)
	at java.util.concurrent.FutureTask.get(FutureTask.java:192)
	at org.apache.ratis.server.impl.LeaderElection.waitForResults(LeaderElection.java:259)
	at org.apache.ratis.server.impl.LeaderElection.askForVotes(LeaderElection.java:197)
	at org.apache.ratis.server.impl.LeaderElection.run(LeaderElection.java:133)
	at java.lang.Thread.run(Thread.java:748)
Caused by: org.apache.ratis.thirdparty.io.grpc.StatusRuntimeException: UNAVAILABLE: io exception
	at org.apache.ratis.thirdparty.io.grpc.stub.ClientCalls.toStatusRuntimeException(ClientCalls.java:233)
	at org.apache.ratis.thirdparty.io.grpc.stub.ClientCalls.getUnchecked(ClientCalls.java:214)
	at org.apache.ratis.thirdparty.io.grpc.stub.ClientCalls.blockingUnaryCall(ClientCalls.java:139)
	at org.apache.ratis.proto.grpc.RaftServerProtocolServiceGrpc$RaftServerProtocolServiceBlockingStub.requestVote(RaftServerProtocolServiceGrpc.java:265)
	at org.apache.ratis.grpc.server.GrpcServerProtocolClient.requestVote(GrpcServerProtocolClient.java:99)
	at org.apache.ratis.grpc.server.GrpcService.requestVote(GrpcService.java:204)
	at org.apache.ratis.server.impl.LeaderElection.lambda$submitRequests$1(LeaderElection.java:234)
	at java.util.concurrent.FutureTask.run(FutureTask.java:266)
	at java.util.concurrent.Executors$RunnableAdapter.call(Executors.java:511)
	at java.util.concurrent.FutureTask.run(FutureTask.java:266)
	at java.util.concurrent.ThreadPoolExecutor.runWorker(ThreadPoolExecutor.java:1149)
	at java.util.concurrent.ThreadPoolExecutor$Worker.run(ThreadPoolExecutor.java:624)
	... 1 more
Caused by: org.apache.ratis.thirdparty.io.netty.channel.AbstractChannel$AnnotatedConnectException: Connection refused: /192.168.164.233:46080
	at sun.nio.ch.SocketChannelImpl.checkConnect(Native Method)
	at sun.nio.ch.SocketChannelImpl.finishConnect(SocketChannelImpl.java:717)
	at org.apache.ratis.thirdparty.io.netty.channel.socket.nio.NioSocketChannel.doFinishConnect(NioSocketChannel.java:327)
	at org.apache.ratis.thirdparty.io.netty.channel.nio.AbstractNioChannel$AbstractNioUnsafe.finishConnect(AbstractNioChannel.java:340)
	at org.apache.ratis.thirdparty.io.netty.channel.nio.NioEventLoop.processSelectedKey(NioEventLoop.java:632)
	at org.apache.ratis.thirdparty.io.netty.channel.nio.NioEventLoop.processSelectedKeysOptimized(NioEventLoop.java:579)
	at org.apache.ratis.thirdparty.io.netty.channel.nio.NioEventLoop.processSelectedKeys(NioEventLoop.java:496)
	at org.apache.ratis.thirdparty.io.netty.channel.nio.NioEventLoop.run(NioEventLoop.java:458)
	at org.apache.ratis.thirdparty.io.netty.util.concurrent.SingleThreadEventExecutor$5.run(SingleThreadEventExecutor.java:897)
	at org.apache.ratis.thirdparty.io.netty.util.concurrent.FastThreadLocalRunnable.run(FastThreadLocalRunnable.java:30)
	... 1 more
Caused by: java.net.ConnectException: Connection refused
	... 11 more
2019-10-18 14:30:48,362 [681edbc6-a1fc-42a4-b5ce-4922820de60a@group-FD33B9583E3C-LeaderElection247] INFO  impl.LeaderElection (LogUtils.java:infoOrTrace(149)) -   Exception 1: {}
java.util.concurrent.ExecutionException: org.apache.ratis.thirdparty.io.grpc.StatusRuntimeException: UNAVAILABLE: io exception
	at java.util.concurrent.FutureTask.report(FutureTask.java:122)
	at java.util.concurrent.FutureTask.get(FutureTask.java:192)
	at org.apache.ratis.server.impl.LeaderElection.waitForResults(LeaderElection.java:259)
	at org.apache.ratis.server.impl.LeaderElection.askForVotes(LeaderElection.java:197)
	at org.apache.ratis.server.impl.LeaderElection.run(LeaderElection.java:133)
	at java.lang.Thread.run(Thread.java:748)
Caused by: org.apache.ratis.thirdparty.io.grpc.StatusRuntimeException: UNAVAILABLE: io exception
	at org.apache.ratis.thirdparty.io.grpc.stub.ClientCalls.toStatusRuntimeException(ClientCalls.java:233)
	at org.apache.ratis.thirdparty.io.grpc.stub.ClientCalls.getUnchecked(ClientCalls.java:214)
	at org.apache.ratis.thirdparty.io.grpc.stub.ClientCalls.blockingUnaryCall(ClientCalls.java:139)
	at org.apache.ratis.proto.grpc.RaftServerProtocolServiceGrpc$RaftServerProtocolServiceBlockingStub.requestVote(RaftServerProtocolServiceGrpc.java:265)
	at org.apache.ratis.grpc.server.GrpcServerProtocolClient.requestVote(GrpcServerProtocolClient.java:99)
	at org.apache.ratis.grpc.server.GrpcService.requestVote(GrpcService.java:204)
	at org.apache.ratis.server.impl.LeaderElection.lambda$submitRequests$1(LeaderElection.java:234)
	at java.util.concurrent.FutureTask.run(FutureTask.java:266)
	at java.util.concurrent.Executors$RunnableAdapter.call(Executors.java:511)
	at java.util.concurrent.FutureTask.run(FutureTask.java:266)
	at java.util.concurrent.ThreadPoolExecutor.runWorker(ThreadPoolExecutor.java:1149)
	at java.util.concurrent.ThreadPoolExecutor$Worker.run(ThreadPoolExecutor.java:624)
	... 1 more
Caused by: org.apache.ratis.thirdparty.io.netty.channel.AbstractChannel$AnnotatedConnectException: Connection refused: /192.168.164.233:38729
	at sun.nio.ch.SocketChannelImpl.checkConnect(Native Method)
	at sun.nio.ch.SocketChannelImpl.finishConnect(SocketChannelImpl.java:717)
	at org.apache.ratis.thirdparty.io.netty.channel.socket.nio.NioSocketChannel.doFinishConnect(NioSocketChannel.java:327)
	at org.apache.ratis.thirdparty.io.netty.channel.nio.AbstractNioChannel$AbstractNioUnsafe.finishConnect(AbstractNioChannel.java:340)
	at org.apache.ratis.thirdparty.io.netty.channel.nio.NioEventLoop.processSelectedKey(NioEventLoop.java:632)
	at org.apache.ratis.thirdparty.io.netty.channel.nio.NioEventLoop.processSelectedKeysOptimized(NioEventLoop.java:579)
	at org.apache.ratis.thirdparty.io.netty.channel.nio.NioEventLoop.processSelectedKeys(NioEventLoop.java:496)
	at org.apache.ratis.thirdparty.io.netty.channel.nio.NioEventLoop.run(NioEventLoop.java:458)
	at org.apache.ratis.thirdparty.io.netty.util.concurrent.SingleThreadEventExecutor$5.run(SingleThreadEventExecutor.java:897)
	at org.apache.ratis.thirdparty.io.netty.util.concurrent.FastThreadLocalRunnable.run(FastThreadLocalRunnable.java:30)
	... 1 more
Caused by: java.net.ConnectException: Connection refused
	... 11 more
2019-10-18 14:30:48,362 [681edbc6-a1fc-42a4-b5ce-4922820de60a@group-FD33B9583E3C-LeaderElection247] INFO  impl.RaftServerImpl (RaftServerImpl.java:setRole(184)) - 681edbc6-a1fc-42a4-b5ce-4922820de60a@group-FD33B9583E3C: changes role from CANDIDATE to FOLLOWER at term 247 for DISCOVERED_A_NEW_TERM
2019-10-18 14:30:48,362 [681edbc6-a1fc-42a4-b5ce-4922820de60a@group-FD33B9583E3C-LeaderElection247] INFO  impl.RoleInfo (RoleInfo.java:shutdownLeaderElection(134)) - 681edbc6-a1fc-42a4-b5ce-4922820de60a: shutdown LeaderElection
2019-10-18 14:30:48,363 [681edbc6-a1fc-42a4-b5ce-4922820de60a@group-FD33B9583E3C-LeaderElection247] INFO  impl.RoleInfo (RoleInfo.java:updateAndGet(143)) - 681edbc6-a1fc-42a4-b5ce-4922820de60a: start FollowerState
2019-10-18 14:30:48,524 [Thread-1978] INFO  impl.FollowerState (FollowerState.java:run(108)) - 681edbc6-a1fc-42a4-b5ce-4922820de60a@group-FD33B9583E3C-FollowerState: change to CANDIDATE, lastRpcTime:161ms, electionTimeout:161ms
2019-10-18 14:30:48,524 [Thread-1978] INFO  impl.RoleInfo (RoleInfo.java:shutdownFollowerState(121)) - 681edbc6-a1fc-42a4-b5ce-4922820de60a: shutdown FollowerState
2019-10-18 14:30:48,524 [Thread-1978] INFO  impl.RaftServerImpl (RaftServerImpl.java:setRole(184)) - 681edbc6-a1fc-42a4-b5ce-4922820de60a@group-FD33B9583E3C: changes role from  FOLLOWER to CANDIDATE at term 247 for changeToCandidate
2019-10-18 14:30:48,524 [Thread-1978] INFO  impl.RoleInfo (RoleInfo.java:updateAndGet(143)) - 681edbc6-a1fc-42a4-b5ce-4922820de60a: start LeaderElection
2019-10-18 14:30:48,531 [681edbc6-a1fc-42a4-b5ce-4922820de60a@group-FD33B9583E3C-LeaderElection248] INFO  impl.LeaderElection (LeaderElection.java:askForVotes(178)) - 681edbc6-a1fc-42a4-b5ce-4922820de60a@group-FD33B9583E3C-LeaderElection248: begin an election at term 248 for -1: [3ee7b367-7b16-44e1-99f8-43aefeda0876:192.168.164.233:46080, 681edbc6-a1fc-42a4-b5ce-4922820de60a:192.168.164.233:44267, 773cce60-eeca-4c1f-a5ec-70084be8b6b9:192.168.164.233:38729], old=null
2019-10-18 14:30:48,532 [681edbc6-a1fc-42a4-b5ce-4922820de60a@group-FD33B9583E3C-LeaderElection248] INFO  impl.LeaderElection (LogUtils.java:infoOrTrace(149)) - 681edbc6-a1fc-42a4-b5ce-4922820de60a@group-FD33B9583E3C-LeaderElection248 got exception when requesting votes: {}
java.util.concurrent.ExecutionException: org.apache.ratis.thirdparty.io.grpc.StatusRuntimeException: UNAVAILABLE: io exception
	at java.util.concurrent.FutureTask.report(FutureTask.java:122)
	at java.util.concurrent.FutureTask.get(FutureTask.java:192)
	at org.apache.ratis.server.impl.LeaderElection.waitForResults(LeaderElection.java:259)
	at org.apache.ratis.server.impl.LeaderElection.askForVotes(LeaderElection.java:197)
	at org.apache.ratis.server.impl.LeaderElection.run(LeaderElection.java:133)
	at java.lang.Thread.run(Thread.java:748)
Caused by: org.apache.ratis.thirdparty.io.grpc.StatusRuntimeException: UNAVAILABLE: io exception
	at org.apache.ratis.thirdparty.io.grpc.stub.ClientCalls.toStatusRuntimeException(ClientCalls.java:233)
	at org.apache.ratis.thirdparty.io.grpc.stub.ClientCalls.getUnchecked(ClientCalls.java:214)
	at org.apache.ratis.thirdparty.io.grpc.stub.ClientCalls.blockingUnaryCall(ClientCalls.java:139)
	at org.apache.ratis.proto.grpc.RaftServerProtocolServiceGrpc$RaftServerProtocolServiceBlockingStub.requestVote(RaftServerProtocolServiceGrpc.java:265)
	at org.apache.ratis.grpc.server.GrpcServerProtocolClient.requestVote(GrpcServerProtocolClient.java:99)
	at org.apache.ratis.grpc.server.GrpcService.requestVote(GrpcService.java:204)
	at org.apache.ratis.server.impl.LeaderElection.lambda$submitRequests$1(LeaderElection.java:234)
	at java.util.concurrent.FutureTask.run(FutureTask.java:266)
	at java.util.concurrent.Executors$RunnableAdapter.call(Executors.java:511)
	at java.util.concurrent.FutureTask.run(FutureTask.java:266)
	at java.util.concurrent.ThreadPoolExecutor.runWorker(ThreadPoolExecutor.java:1149)
	at java.util.concurrent.ThreadPoolExecutor$Worker.run(ThreadPoolExecutor.java:624)
	... 1 more
Caused by: org.apache.ratis.thirdparty.io.netty.channel.AbstractChannel$AnnotatedConnectException: Connection refused: /192.168.164.233:38729
	at sun.nio.ch.SocketChannelImpl.checkConnect(Native Method)
	at sun.nio.ch.SocketChannelImpl.finishConnect(SocketChannelImpl.java:717)
	at org.apache.ratis.thirdparty.io.netty.channel.socket.nio.NioSocketChannel.doFinishConnect(NioSocketChannel.java:327)
	at org.apache.ratis.thirdparty.io.netty.channel.nio.AbstractNioChannel$AbstractNioUnsafe.finishConnect(AbstractNioChannel.java:340)
	at org.apache.ratis.thirdparty.io.netty.channel.nio.NioEventLoop.processSelectedKey(NioEventLoop.java:632)
	at org.apache.ratis.thirdparty.io.netty.channel.nio.NioEventLoop.processSelectedKeysOptimized(NioEventLoop.java:579)
	at org.apache.ratis.thirdparty.io.netty.channel.nio.NioEventLoop.processSelectedKeys(NioEventLoop.java:496)
	at org.apache.ratis.thirdparty.io.netty.channel.nio.NioEventLoop.run(NioEventLoop.java:458)
	at org.apache.ratis.thirdparty.io.netty.util.concurrent.SingleThreadEventExecutor$5.run(SingleThreadEventExecutor.java:897)
	at org.apache.ratis.thirdparty.io.netty.util.concurrent.FastThreadLocalRunnable.run(FastThreadLocalRunnable.java:30)
	... 1 more
Caused by: java.net.ConnectException: Connection refused
	... 11 more
2019-10-18 14:30:48,533 [681edbc6-a1fc-42a4-b5ce-4922820de60a@group-FD33B9583E3C-LeaderElection248] INFO  impl.LeaderElection (LogUtils.java:infoOrTrace(149)) - 681edbc6-a1fc-42a4-b5ce-4922820de60a@group-FD33B9583E3C-LeaderElection248 got exception when requesting votes: {}
java.util.concurrent.ExecutionException: org.apache.ratis.thirdparty.io.grpc.StatusRuntimeException: UNAVAILABLE: io exception
	at java.util.concurrent.FutureTask.report(FutureTask.java:122)
	at java.util.concurrent.FutureTask.get(FutureTask.java:192)
	at org.apache.ratis.server.impl.LeaderElection.waitForResults(LeaderElection.java:259)
	at org.apache.ratis.server.impl.LeaderElection.askForVotes(LeaderElection.java:197)
	at org.apache.ratis.server.impl.LeaderElection.run(LeaderElection.java:133)
	at java.lang.Thread.run(Thread.java:748)
Caused by: org.apache.ratis.thirdparty.io.grpc.StatusRuntimeException: UNAVAILABLE: io exception
	at org.apache.ratis.thirdparty.io.grpc.stub.ClientCalls.toStatusRuntimeException(ClientCalls.java:233)
	at org.apache.ratis.thirdparty.io.grpc.stub.ClientCalls.getUnchecked(ClientCalls.java:214)
	at org.apache.ratis.thirdparty.io.grpc.stub.ClientCalls.blockingUnaryCall(ClientCalls.java:139)
	at org.apache.ratis.proto.grpc.RaftServerProtocolServiceGrpc$RaftServerProtocolServiceBlockingStub.requestVote(RaftServerProtocolServiceGrpc.java:265)
	at org.apache.ratis.grpc.server.GrpcServerProtocolClient.requestVote(GrpcServerProtocolClient.java:99)
	at org.apache.ratis.grpc.server.GrpcService.requestVote(GrpcService.java:204)
	at org.apache.ratis.server.impl.LeaderElection.lambda$submitRequests$1(LeaderElection.java:234)
	at java.util.concurrent.FutureTask.run(FutureTask.java:266)
	at java.util.concurrent.Executors$RunnableAdapter.call(Executors.java:511)
	at java.util.concurrent.FutureTask.run(FutureTask.java:266)
	at java.util.concurrent.ThreadPoolExecutor.runWorker(ThreadPoolExecutor.java:1149)
	at java.util.concurrent.ThreadPoolExecutor$Worker.run(ThreadPoolExecutor.java:624)
	... 1 more
Caused by: org.apache.ratis.thirdparty.io.netty.channel.AbstractChannel$AnnotatedConnectException: Connection refused: /192.168.164.233:46080
	at sun.nio.ch.SocketChannelImpl.checkConnect(Native Method)
	at sun.nio.ch.SocketChannelImpl.finishConnect(SocketChannelImpl.java:717)
	at org.apache.ratis.thirdparty.io.netty.channel.socket.nio.NioSocketChannel.doFinishConnect(NioSocketChannel.java:327)
	at org.apache.ratis.thirdparty.io.netty.channel.nio.AbstractNioChannel$AbstractNioUnsafe.finishConnect(AbstractNioChannel.java:340)
	at org.apache.ratis.thirdparty.io.netty.channel.nio.NioEventLoop.processSelectedKey(NioEventLoop.java:632)
	at org.apache.ratis.thirdparty.io.netty.channel.nio.NioEventLoop.processSelectedKeysOptimized(NioEventLoop.java:579)
	at org.apache.ratis.thirdparty.io.netty.channel.nio.NioEventLoop.processSelectedKeys(NioEventLoop.java:496)
	at org.apache.ratis.thirdparty.io.netty.channel.nio.NioEventLoop.run(NioEventLoop.java:458)
	at org.apache.ratis.thirdparty.io.netty.util.concurrent.SingleThreadEventExecutor$5.run(SingleThreadEventExecutor.java:897)
	at org.apache.ratis.thirdparty.io.netty.util.concurrent.FastThreadLocalRunnable.run(FastThreadLocalRunnable.java:30)
	... 1 more
Caused by: java.net.ConnectException: Connection refused
	... 11 more
2019-10-18 14:30:48,533 [681edbc6-a1fc-42a4-b5ce-4922820de60a@group-FD33B9583E3C-LeaderElection248] INFO  impl.LeaderElection (LeaderElection.java:logAndReturn(56)) - 681edbc6-a1fc-42a4-b5ce-4922820de60a@group-FD33B9583E3C-LeaderElection248: Election REJECTED; received 0 response(s) [] and 2 exception(s); 681edbc6-a1fc-42a4-b5ce-4922820de60a@group-FD33B9583E3C:t248, leader=null, voted=681edbc6-a1fc-42a4-b5ce-4922820de60a, raftlog=681edbc6-a1fc-42a4-b5ce-4922820de60a@group-FD33B9583E3C-SegmentedRaftLog:OPENED:c-1,f-1,i0, conf=-1: [3ee7b367-7b16-44e1-99f8-43aefeda0876:192.168.164.233:46080, 681edbc6-a1fc-42a4-b5ce-4922820de60a:192.168.164.233:44267, 773cce60-eeca-4c1f-a5ec-70084be8b6b9:192.168.164.233:38729], old=null
2019-10-18 14:30:48,533 [681edbc6-a1fc-42a4-b5ce-4922820de60a@group-FD33B9583E3C-LeaderElection248] INFO  impl.LeaderElection (LogUtils.java:infoOrTrace(149)) -   Exception 0: {}
java.util.concurrent.ExecutionException: org.apache.ratis.thirdparty.io.grpc.StatusRuntimeException: UNAVAILABLE: io exception
	at java.util.concurrent.FutureTask.report(FutureTask.java:122)
	at java.util.concurrent.FutureTask.get(FutureTask.java:192)
	at org.apache.ratis.server.impl.LeaderElection.waitForResults(LeaderElection.java:259)
	at org.apache.ratis.server.impl.LeaderElection.askForVotes(LeaderElection.java:197)
	at org.apache.ratis.server.impl.LeaderElection.run(LeaderElection.java:133)
	at java.lang.Thread.run(Thread.java:748)
Caused by: org.apache.ratis.thirdparty.io.grpc.StatusRuntimeException: UNAVAILABLE: io exception
	at org.apache.ratis.thirdparty.io.grpc.stub.ClientCalls.toStatusRuntimeException(ClientCalls.java:233)
	at org.apache.ratis.thirdparty.io.grpc.stub.ClientCalls.getUnchecked(ClientCalls.java:214)
	at org.apache.ratis.thirdparty.io.grpc.stub.ClientCalls.blockingUnaryCall(ClientCalls.java:139)
	at org.apache.ratis.proto.grpc.RaftServerProtocolServiceGrpc$RaftServerProtocolServiceBlockingStub.requestVote(RaftServerProtocolServiceGrpc.java:265)
	at org.apache.ratis.grpc.server.GrpcServerProtocolClient.requestVote(GrpcServerProtocolClient.java:99)
	at org.apache.ratis.grpc.server.GrpcService.requestVote(GrpcService.java:204)
	at org.apache.ratis.server.impl.LeaderElection.lambda$submitRequests$1(LeaderElection.java:234)
	at java.util.concurrent.FutureTask.run(FutureTask.java:266)
	at java.util.concurrent.Executors$RunnableAdapter.call(Executors.java:511)
	at java.util.concurrent.FutureTask.run(FutureTask.java:266)
	at java.util.concurrent.ThreadPoolExecutor.runWorker(ThreadPoolExecutor.java:1149)
	at java.util.concurrent.ThreadPoolExecutor$Worker.run(ThreadPoolExecutor.java:624)
	... 1 more
Caused by: org.apache.ratis.thirdparty.io.netty.channel.AbstractChannel$AnnotatedConnectException: Connection refused: /192.168.164.233:38729
	at sun.nio.ch.SocketChannelImpl.checkConnect(Native Method)
	at sun.nio.ch.SocketChannelImpl.finishConnect(SocketChannelImpl.java:717)
	at org.apache.ratis.thirdparty.io.netty.channel.socket.nio.NioSocketChannel.doFinishConnect(NioSocketChannel.java:327)
	at org.apache.ratis.thirdparty.io.netty.channel.nio.AbstractNioChannel$AbstractNioUnsafe.finishConnect(AbstractNioChannel.java:340)
	at org.apache.ratis.thirdparty.io.netty.channel.nio.NioEventLoop.processSelectedKey(NioEventLoop.java:632)
	at org.apache.ratis.thirdparty.io.netty.channel.nio.NioEventLoop.processSelectedKeysOptimized(NioEventLoop.java:579)
	at org.apache.ratis.thirdparty.io.netty.channel.nio.NioEventLoop.processSelectedKeys(NioEventLoop.java:496)
	at org.apache.ratis.thirdparty.io.netty.channel.nio.NioEventLoop.run(NioEventLoop.java:458)
	at org.apache.ratis.thirdparty.io.netty.util.concurrent.SingleThreadEventExecutor$5.run(SingleThreadEventExecutor.java:897)
	at org.apache.ratis.thirdparty.io.netty.util.concurrent.FastThreadLocalRunnable.run(FastThreadLocalRunnable.java:30)
	... 1 more
Caused by: java.net.ConnectException: Connection refused
	... 11 more
2019-10-18 14:30:48,534 [681edbc6-a1fc-42a4-b5ce-4922820de60a@group-FD33B9583E3C-LeaderElection248] INFO  impl.LeaderElection (LogUtils.java:infoOrTrace(149)) -   Exception 1: {}
java.util.concurrent.ExecutionException: org.apache.ratis.thirdparty.io.grpc.StatusRuntimeException: UNAVAILABLE: io exception
	at java.util.concurrent.FutureTask.report(FutureTask.java:122)
	at java.util.concurrent.FutureTask.get(FutureTask.java:192)
	at org.apache.ratis.server.impl.LeaderElection.waitForResults(LeaderElection.java:259)
	at org.apache.ratis.server.impl.LeaderElection.askForVotes(LeaderElection.java:197)
	at org.apache.ratis.server.impl.LeaderElection.run(LeaderElection.java:133)
	at java.lang.Thread.run(Thread.java:748)
Caused by: org.apache.ratis.thirdparty.io.grpc.StatusRuntimeException: UNAVAILABLE: io exception
	at org.apache.ratis.thirdparty.io.grpc.stub.ClientCalls.toStatusRuntimeException(ClientCalls.java:233)
	at org.apache.ratis.thirdparty.io.grpc.stub.ClientCalls.getUnchecked(ClientCalls.java:214)
	at org.apache.ratis.thirdparty.io.grpc.stub.ClientCalls.blockingUnaryCall(ClientCalls.java:139)
	at org.apache.ratis.proto.grpc.RaftServerProtocolServiceGrpc$RaftServerProtocolServiceBlockingStub.requestVote(RaftServerProtocolServiceGrpc.java:265)
	at org.apache.ratis.grpc.server.GrpcServerProtocolClient.requestVote(GrpcServerProtocolClient.java:99)
	at org.apache.ratis.grpc.server.GrpcService.requestVote(GrpcService.java:204)
	at org.apache.ratis.server.impl.LeaderElection.lambda$submitRequests$1(LeaderElection.java:234)
	at java.util.concurrent.FutureTask.run(FutureTask.java:266)
	at java.util.concurrent.Executors$RunnableAdapter.call(Executors.java:511)
	at java.util.concurrent.FutureTask.run(FutureTask.java:266)
	at java.util.concurrent.ThreadPoolExecutor.runWorker(ThreadPoolExecutor.java:1149)
	at java.util.concurrent.ThreadPoolExecutor$Worker.run(ThreadPoolExecutor.java:624)
	... 1 more
Caused by: org.apache.ratis.thirdparty.io.netty.channel.AbstractChannel$AnnotatedConnectException: Connection refused: /192.168.164.233:46080
	at sun.nio.ch.SocketChannelImpl.checkConnect(Native Method)
	at sun.nio.ch.SocketChannelImpl.finishConnect(SocketChannelImpl.java:717)
	at org.apache.ratis.thirdparty.io.netty.channel.socket.nio.NioSocketChannel.doFinishConnect(NioSocketChannel.java:327)
	at org.apache.ratis.thirdparty.io.netty.channel.nio.AbstractNioChannel$AbstractNioUnsafe.finishConnect(AbstractNioChannel.java:340)
	at org.apache.ratis.thirdparty.io.netty.channel.nio.NioEventLoop.processSelectedKey(NioEventLoop.java:632)
	at org.apache.ratis.thirdparty.io.netty.channel.nio.NioEventLoop.processSelectedKeysOptimized(NioEventLoop.java:579)
	at org.apache.ratis.thirdparty.io.netty.channel.nio.NioEventLoop.processSelectedKeys(NioEventLoop.java:496)
	at org.apache.ratis.thirdparty.io.netty.channel.nio.NioEventLoop.run(NioEventLoop.java:458)
	at org.apache.ratis.thirdparty.io.netty.util.concurrent.SingleThreadEventExecutor$5.run(SingleThreadEventExecutor.java:897)
	at org.apache.ratis.thirdparty.io.netty.util.concurrent.FastThreadLocalRunnable.run(FastThreadLocalRunnable.java:30)
	... 1 more
Caused by: java.net.ConnectException: Connection refused
	... 11 more
2019-10-18 14:30:48,534 [681edbc6-a1fc-42a4-b5ce-4922820de60a@group-FD33B9583E3C-LeaderElection248] INFO  impl.RaftServerImpl (RaftServerImpl.java:setRole(184)) - 681edbc6-a1fc-42a4-b5ce-4922820de60a@group-FD33B9583E3C: changes role from CANDIDATE to FOLLOWER at term 248 for DISCOVERED_A_NEW_TERM
2019-10-18 14:30:48,534 [681edbc6-a1fc-42a4-b5ce-4922820de60a@group-FD33B9583E3C-LeaderElection248] INFO  impl.RoleInfo (RoleInfo.java:shutdownLeaderElection(134)) - 681edbc6-a1fc-42a4-b5ce-4922820de60a: shutdown LeaderElection
2019-10-18 14:30:48,534 [681edbc6-a1fc-42a4-b5ce-4922820de60a@group-FD33B9583E3C-LeaderElection248] INFO  impl.RoleInfo (RoleInfo.java:updateAndGet(143)) - 681edbc6-a1fc-42a4-b5ce-4922820de60a: start FollowerState
2019-10-18 14:30:48,660 [Thread-1982] INFO  impl.FollowerState (FollowerState.java:run(108)) - 681edbc6-a1fc-42a4-b5ce-4922820de60a@group-FD33B9583E3C-FollowerState: change to CANDIDATE, lastRpcTime:125ms, electionTimeout:125ms
2019-10-18 14:30:48,660 [Thread-1982] INFO  impl.RoleInfo (RoleInfo.java:shutdownFollowerState(121)) - 681edbc6-a1fc-42a4-b5ce-4922820de60a: shutdown FollowerState
2019-10-18 14:30:48,660 [Thread-1982] INFO  impl.RaftServerImpl (RaftServerImpl.java:setRole(184)) - 681edbc6-a1fc-42a4-b5ce-4922820de60a@group-FD33B9583E3C: changes role from  FOLLOWER to CANDIDATE at term 248 for changeToCandidate
2019-10-18 14:30:48,660 [Thread-1982] INFO  impl.RoleInfo (RoleInfo.java:updateAndGet(143)) - 681edbc6-a1fc-42a4-b5ce-4922820de60a: start LeaderElection
2019-10-18 14:30:48,667 [681edbc6-a1fc-42a4-b5ce-4922820de60a@group-FD33B9583E3C-LeaderElection249] INFO  impl.LeaderElection (LeaderElection.java:askForVotes(178)) - 681edbc6-a1fc-42a4-b5ce-4922820de60a@group-FD33B9583E3C-LeaderElection249: begin an election at term 249 for -1: [3ee7b367-7b16-44e1-99f8-43aefeda0876:192.168.164.233:46080, 681edbc6-a1fc-42a4-b5ce-4922820de60a:192.168.164.233:44267, 773cce60-eeca-4c1f-a5ec-70084be8b6b9:192.168.164.233:38729], old=null
2019-10-18 14:30:48,668 [681edbc6-a1fc-42a4-b5ce-4922820de60a@group-FD33B9583E3C-LeaderElection249] INFO  impl.LeaderElection (LogUtils.java:infoOrTrace(149)) - 681edbc6-a1fc-42a4-b5ce-4922820de60a@group-FD33B9583E3C-LeaderElection249 got exception when requesting votes: {}
java.util.concurrent.ExecutionException: org.apache.ratis.thirdparty.io.grpc.StatusRuntimeException: UNAVAILABLE: io exception
	at java.util.concurrent.FutureTask.report(FutureTask.java:122)
	at java.util.concurrent.FutureTask.get(FutureTask.java:192)
	at org.apache.ratis.server.impl.LeaderElection.waitForResults(LeaderElection.java:259)
	at org.apache.ratis.server.impl.LeaderElection.askForVotes(LeaderElection.java:197)
	at org.apache.ratis.server.impl.LeaderElection.run(LeaderElection.java:133)
	at java.lang.Thread.run(Thread.java:748)
Caused by: org.apache.ratis.thirdparty.io.grpc.StatusRuntimeException: UNAVAILABLE: io exception
	at org.apache.ratis.thirdparty.io.grpc.stub.ClientCalls.toStatusRuntimeException(ClientCalls.java:233)
	at org.apache.ratis.thirdparty.io.grpc.stub.ClientCalls.getUnchecked(ClientCalls.java:214)
	at org.apache.ratis.thirdparty.io.grpc.stub.ClientCalls.blockingUnaryCall(ClientCalls.java:139)
	at org.apache.ratis.proto.grpc.RaftServerProtocolServiceGrpc$RaftServerProtocolServiceBlockingStub.requestVote(RaftServerProtocolServiceGrpc.java:265)
	at org.apache.ratis.grpc.server.GrpcServerProtocolClient.requestVote(GrpcServerProtocolClient.java:99)
	at org.apache.ratis.grpc.server.GrpcService.requestVote(GrpcService.java:204)
	at org.apache.ratis.server.impl.LeaderElection.lambda$submitRequests$1(LeaderElection.java:234)
	at java.util.concurrent.FutureTask.run(FutureTask.java:266)
	at java.util.concurrent.Executors$RunnableAdapter.call(Executors.java:511)
	at java.util.concurrent.FutureTask.run(FutureTask.java:266)
	at java.util.concurrent.ThreadPoolExecutor.runWorker(ThreadPoolExecutor.java:1149)
	at java.util.concurrent.ThreadPoolExecutor$Worker.run(ThreadPoolExecutor.java:624)
	... 1 more
Caused by: org.apache.ratis.thirdparty.io.netty.channel.AbstractChannel$AnnotatedConnectException: Connection refused: /192.168.164.233:38729
	at sun.nio.ch.SocketChannelImpl.checkConnect(Native Method)
	at sun.nio.ch.SocketChannelImpl.finishConnect(SocketChannelImpl.java:717)
	at org.apache.ratis.thirdparty.io.netty.channel.socket.nio.NioSocketChannel.doFinishConnect(NioSocketChannel.java:327)
	at org.apache.ratis.thirdparty.io.netty.channel.nio.AbstractNioChannel$AbstractNioUnsafe.finishConnect(AbstractNioChannel.java:340)
	at org.apache.ratis.thirdparty.io.netty.channel.nio.NioEventLoop.processSelectedKey(NioEventLoop.java:632)
	at org.apache.ratis.thirdparty.io.netty.channel.nio.NioEventLoop.processSelectedKeysOptimized(NioEventLoop.java:579)
	at org.apache.ratis.thirdparty.io.netty.channel.nio.NioEventLoop.processSelectedKeys(NioEventLoop.java:496)
	at org.apache.ratis.thirdparty.io.netty.channel.nio.NioEventLoop.run(NioEventLoop.java:458)
	at org.apache.ratis.thirdparty.io.netty.util.concurrent.SingleThreadEventExecutor$5.run(SingleThreadEventExecutor.java:897)
	at org.apache.ratis.thirdparty.io.netty.util.concurrent.FastThreadLocalRunnable.run(FastThreadLocalRunnable.java:30)
	... 1 more
Caused by: java.net.ConnectException: Connection refused
	... 11 more
2019-10-18 14:30:48,668 [681edbc6-a1fc-42a4-b5ce-4922820de60a@group-FD33B9583E3C-LeaderElection249] INFO  impl.LeaderElection (LogUtils.java:infoOrTrace(149)) - 681edbc6-a1fc-42a4-b5ce-4922820de60a@group-FD33B9583E3C-LeaderElection249 got exception when requesting votes: {}
java.util.concurrent.ExecutionException: org.apache.ratis.thirdparty.io.grpc.StatusRuntimeException: UNAVAILABLE: io exception
	at java.util.concurrent.FutureTask.report(FutureTask.java:122)
	at java.util.concurrent.FutureTask.get(FutureTask.java:192)
	at org.apache.ratis.server.impl.LeaderElection.waitForResults(LeaderElection.java:259)
	at org.apache.ratis.server.impl.LeaderElection.askForVotes(LeaderElection.java:197)
	at org.apache.ratis.server.impl.LeaderElection.run(LeaderElection.java:133)
	at java.lang.Thread.run(Thread.java:748)
Caused by: org.apache.ratis.thirdparty.io.grpc.StatusRuntimeException: UNAVAILABLE: io exception
	at org.apache.ratis.thirdparty.io.grpc.stub.ClientCalls.toStatusRuntimeException(ClientCalls.java:233)
	at org.apache.ratis.thirdparty.io.grpc.stub.ClientCalls.getUnchecked(ClientCalls.java:214)
	at org.apache.ratis.thirdparty.io.grpc.stub.ClientCalls.blockingUnaryCall(ClientCalls.java:139)
	at org.apache.ratis.proto.grpc.RaftServerProtocolServiceGrpc$RaftServerProtocolServiceBlockingStub.requestVote(RaftServerProtocolServiceGrpc.java:265)
	at org.apache.ratis.grpc.server.GrpcServerProtocolClient.requestVote(GrpcServerProtocolClient.java:99)
	at org.apache.ratis.grpc.server.GrpcService.requestVote(GrpcService.java:204)
	at org.apache.ratis.server.impl.LeaderElection.lambda$submitRequests$1(LeaderElection.java:234)
	at java.util.concurrent.FutureTask.run(FutureTask.java:266)
	at java.util.concurrent.Executors$RunnableAdapter.call(Executors.java:511)
	at java.util.concurrent.FutureTask.run(FutureTask.java:266)
	at java.util.concurrent.ThreadPoolExecutor.runWorker(ThreadPoolExecutor.java:1149)
	at java.util.concurrent.ThreadPoolExecutor$Worker.run(ThreadPoolExecutor.java:624)
	... 1 more
Caused by: org.apache.ratis.thirdparty.io.netty.channel.AbstractChannel$AnnotatedConnectException: Connection refused: /192.168.164.233:46080
	at sun.nio.ch.SocketChannelImpl.checkConnect(Native Method)
	at sun.nio.ch.SocketChannelImpl.finishConnect(SocketChannelImpl.java:717)
	at org.apache.ratis.thirdparty.io.netty.channel.socket.nio.NioSocketChannel.doFinishConnect(NioSocketChannel.java:327)
	at org.apache.ratis.thirdparty.io.netty.channel.nio.AbstractNioChannel$AbstractNioUnsafe.finishConnect(AbstractNioChannel.java:340)
	at org.apache.ratis.thirdparty.io.netty.channel.nio.NioEventLoop.processSelectedKey(NioEventLoop.java:632)
	at org.apache.ratis.thirdparty.io.netty.channel.nio.NioEventLoop.processSelectedKeysOptimized(NioEventLoop.java:579)
	at org.apache.ratis.thirdparty.io.netty.channel.nio.NioEventLoop.processSelectedKeys(NioEventLoop.java:496)
	at org.apache.ratis.thirdparty.io.netty.channel.nio.NioEventLoop.run(NioEventLoop.java:458)
	at org.apache.ratis.thirdparty.io.netty.util.concurrent.SingleThreadEventExecutor$5.run(SingleThreadEventExecutor.java:897)
	at org.apache.ratis.thirdparty.io.netty.util.concurrent.FastThreadLocalRunnable.run(FastThreadLocalRunnable.java:30)
	... 1 more
Caused by: java.net.ConnectException: Connection refused
	... 11 more
2019-10-18 14:30:48,668 [681edbc6-a1fc-42a4-b5ce-4922820de60a@group-FD33B9583E3C-LeaderElection249] INFO  impl.LeaderElection (LeaderElection.java:logAndReturn(56)) - 681edbc6-a1fc-42a4-b5ce-4922820de60a@group-FD33B9583E3C-LeaderElection249: Election REJECTED; received 0 response(s) [] and 2 exception(s); 681edbc6-a1fc-42a4-b5ce-4922820de60a@group-FD33B9583E3C:t249, leader=null, voted=681edbc6-a1fc-42a4-b5ce-4922820de60a, raftlog=681edbc6-a1fc-42a4-b5ce-4922820de60a@group-FD33B9583E3C-SegmentedRaftLog:OPENED:c-1,f-1,i0, conf=-1: [3ee7b367-7b16-44e1-99f8-43aefeda0876:192.168.164.233:46080, 681edbc6-a1fc-42a4-b5ce-4922820de60a:192.168.164.233:44267, 773cce60-eeca-4c1f-a5ec-70084be8b6b9:192.168.164.233:38729], old=null
2019-10-18 14:30:48,669 [681edbc6-a1fc-42a4-b5ce-4922820de60a@group-FD33B9583E3C-LeaderElection249] INFO  impl.LeaderElection (LogUtils.java:infoOrTrace(149)) -   Exception 0: {}
java.util.concurrent.ExecutionException: org.apache.ratis.thirdparty.io.grpc.StatusRuntimeException: UNAVAILABLE: io exception
	at java.util.concurrent.FutureTask.report(FutureTask.java:122)
	at java.util.concurrent.FutureTask.get(FutureTask.java:192)
	at org.apache.ratis.server.impl.LeaderElection.waitForResults(LeaderElection.java:259)
	at org.apache.ratis.server.impl.LeaderElection.askForVotes(LeaderElection.java:197)
	at org.apache.ratis.server.impl.LeaderElection.run(LeaderElection.java:133)
	at java.lang.Thread.run(Thread.java:748)
Caused by: org.apache.ratis.thirdparty.io.grpc.StatusRuntimeException: UNAVAILABLE: io exception
	at org.apache.ratis.thirdparty.io.grpc.stub.ClientCalls.toStatusRuntimeException(ClientCalls.java:233)
	at org.apache.ratis.thirdparty.io.grpc.stub.ClientCalls.getUnchecked(ClientCalls.java:214)
	at org.apache.ratis.thirdparty.io.grpc.stub.ClientCalls.blockingUnaryCall(ClientCalls.java:139)
	at org.apache.ratis.proto.grpc.RaftServerProtocolServiceGrpc$RaftServerProtocolServiceBlockingStub.requestVote(RaftServerProtocolServiceGrpc.java:265)
	at org.apache.ratis.grpc.server.GrpcServerProtocolClient.requestVote(GrpcServerProtocolClient.java:99)
	at org.apache.ratis.grpc.server.GrpcService.requestVote(GrpcService.java:204)
	at org.apache.ratis.server.impl.LeaderElection.lambda$submitRequests$1(LeaderElection.java:234)
	at java.util.concurrent.FutureTask.run(FutureTask.java:266)
	at java.util.concurrent.Executors$RunnableAdapter.call(Executors.java:511)
	at java.util.concurrent.FutureTask.run(FutureTask.java:266)
	at java.util.concurrent.ThreadPoolExecutor.runWorker(ThreadPoolExecutor.java:1149)
	at java.util.concurrent.ThreadPoolExecutor$Worker.run(ThreadPoolExecutor.java:624)
	... 1 more
Caused by: org.apache.ratis.thirdparty.io.netty.channel.AbstractChannel$AnnotatedConnectException: Connection refused: /192.168.164.233:38729
	at sun.nio.ch.SocketChannelImpl.checkConnect(Native Method)
	at sun.nio.ch.SocketChannelImpl.finishConnect(SocketChannelImpl.java:717)
	at org.apache.ratis.thirdparty.io.netty.channel.socket.nio.NioSocketChannel.doFinishConnect(NioSocketChannel.java:327)
	at org.apache.ratis.thirdparty.io.netty.channel.nio.AbstractNioChannel$AbstractNioUnsafe.finishConnect(AbstractNioChannel.java:340)
	at org.apache.ratis.thirdparty.io.netty.channel.nio.NioEventLoop.processSelectedKey(NioEventLoop.java:632)
	at org.apache.ratis.thirdparty.io.netty.channel.nio.NioEventLoop.processSelectedKeysOptimized(NioEventLoop.java:579)
	at org.apache.ratis.thirdparty.io.netty.channel.nio.NioEventLoop.processSelectedKeys(NioEventLoop.java:496)
	at org.apache.ratis.thirdparty.io.netty.channel.nio.NioEventLoop.run(NioEventLoop.java:458)
	at org.apache.ratis.thirdparty.io.netty.util.concurrent.SingleThreadEventExecutor$5.run(SingleThreadEventExecutor.java:897)
	at org.apache.ratis.thirdparty.io.netty.util.concurrent.FastThreadLocalRunnable.run(FastThreadLocalRunnable.java:30)
	... 1 more
Caused by: java.net.ConnectException: Connection refused
	... 11 more
2019-10-18 14:30:48,669 [681edbc6-a1fc-42a4-b5ce-4922820de60a@group-FD33B9583E3C-LeaderElection249] INFO  impl.LeaderElection (LogUtils.java:infoOrTrace(149)) -   Exception 1: {}
java.util.concurrent.ExecutionException: org.apache.ratis.thirdparty.io.grpc.StatusRuntimeException: UNAVAILABLE: io exception
	at java.util.concurrent.FutureTask.report(FutureTask.java:122)
	at java.util.concurrent.FutureTask.get(FutureTask.java:192)
	at org.apache.ratis.server.impl.LeaderElection.waitForResults(LeaderElection.java:259)
	at org.apache.ratis.server.impl.LeaderElection.askForVotes(LeaderElection.java:197)
	at org.apache.ratis.server.impl.LeaderElection.run(LeaderElection.java:133)
	at java.lang.Thread.run(Thread.java:748)
Caused by: org.apache.ratis.thirdparty.io.grpc.StatusRuntimeException: UNAVAILABLE: io exception
	at org.apache.ratis.thirdparty.io.grpc.stub.ClientCalls.toStatusRuntimeException(ClientCalls.java:233)
	at org.apache.ratis.thirdparty.io.grpc.stub.ClientCalls.getUnchecked(ClientCalls.java:214)
	at org.apache.ratis.thirdparty.io.grpc.stub.ClientCalls.blockingUnaryCall(ClientCalls.java:139)
	at org.apache.ratis.proto.grpc.RaftServerProtocolServiceGrpc$RaftServerProtocolServiceBlockingStub.requestVote(RaftServerProtocolServiceGrpc.java:265)
	at org.apache.ratis.grpc.server.GrpcServerProtocolClient.requestVote(GrpcServerProtocolClient.java:99)
	at org.apache.ratis.grpc.server.GrpcService.requestVote(GrpcService.java:204)
	at org.apache.ratis.server.impl.LeaderElection.lambda$submitRequests$1(LeaderElection.java:234)
	at java.util.concurrent.FutureTask.run(FutureTask.java:266)
	at java.util.concurrent.Executors$RunnableAdapter.call(Executors.java:511)
	at java.util.concurrent.FutureTask.run(FutureTask.java:266)
	at java.util.concurrent.ThreadPoolExecutor.runWorker(ThreadPoolExecutor.java:1149)
	at java.util.concurrent.ThreadPoolExecutor$Worker.run(ThreadPoolExecutor.java:624)
	... 1 more
Caused by: org.apache.ratis.thirdparty.io.netty.channel.AbstractChannel$AnnotatedConnectException: Connection refused: /192.168.164.233:46080
	at sun.nio.ch.SocketChannelImpl.checkConnect(Native Method)
	at sun.nio.ch.SocketChannelImpl.finishConnect(SocketChannelImpl.java:717)
	at org.apache.ratis.thirdparty.io.netty.channel.socket.nio.NioSocketChannel.doFinishConnect(NioSocketChannel.java:327)
	at org.apache.ratis.thirdparty.io.netty.channel.nio.AbstractNioChannel$AbstractNioUnsafe.finishConnect(AbstractNioChannel.java:340)
	at org.apache.ratis.thirdparty.io.netty.channel.nio.NioEventLoop.processSelectedKey(NioEventLoop.java:632)
	at org.apache.ratis.thirdparty.io.netty.channel.nio.NioEventLoop.processSelectedKeysOptimized(NioEventLoop.java:579)
	at org.apache.ratis.thirdparty.io.netty.channel.nio.NioEventLoop.processSelectedKeys(NioEventLoop.java:496)
	at org.apache.ratis.thirdparty.io.netty.channel.nio.NioEventLoop.run(NioEventLoop.java:458)
	at org.apache.ratis.thirdparty.io.netty.util.concurrent.SingleThreadEventExecutor$5.run(SingleThreadEventExecutor.java:897)
	at org.apache.ratis.thirdparty.io.netty.util.concurrent.FastThreadLocalRunnable.run(FastThreadLocalRunnable.java:30)
	... 1 more
Caused by: java.net.ConnectException: Connection refused
	... 11 more
2019-10-18 14:30:48,669 [681edbc6-a1fc-42a4-b5ce-4922820de60a@group-FD33B9583E3C-LeaderElection249] INFO  impl.RaftServerImpl (RaftServerImpl.java:setRole(184)) - 681edbc6-a1fc-42a4-b5ce-4922820de60a@group-FD33B9583E3C: changes role from CANDIDATE to FOLLOWER at term 249 for DISCOVERED_A_NEW_TERM
2019-10-18 14:30:48,669 [681edbc6-a1fc-42a4-b5ce-4922820de60a@group-FD33B9583E3C-LeaderElection249] INFO  impl.RoleInfo (RoleInfo.java:shutdownLeaderElection(134)) - 681edbc6-a1fc-42a4-b5ce-4922820de60a: shutdown LeaderElection
2019-10-18 14:30:48,669 [681edbc6-a1fc-42a4-b5ce-4922820de60a@group-FD33B9583E3C-LeaderElection249] INFO  impl.RoleInfo (RoleInfo.java:updateAndGet(143)) - 681edbc6-a1fc-42a4-b5ce-4922820de60a: start FollowerState
2019-10-18 14:30:48,724 [java.util.concurrent.ThreadPoolExecutor$Worker@108d80c3[State = -1, empty queue]] WARN  server.GrpcLogAppender (GrpcLogAppender.java:timeoutAppendRequest(209)) - 46c14060-ea78-4b5a-b57c-064e4766b234@group-45DBFE4B8A65->55013cf6-f41f-4339-a52c-06c119893914-GrpcLogAppender: appendEntries Timeout, request=46c14060-ea78-4b5a-b57c-064e4766b234->55013cf6-f41f-4339-a52c-06c119893914#60-t3, previous=(t:3, i:4), leaderCommit=4, initializing? false, entries: <empty>
2019-10-18 14:30:48,724 [java.util.concurrent.ThreadPoolExecutor$Worker@4efed47c[State = -1, empty queue]] WARN  server.GrpcLogAppender (GrpcLogAppender.java:timeoutAppendRequest(209)) - 46c14060-ea78-4b5a-b57c-064e4766b234@group-45DBFE4B8A65->a4757974-e77e-4a1a-a400-c32fe273093a-GrpcLogAppender: appendEntries Timeout, request=46c14060-ea78-4b5a-b57c-064e4766b234->a4757974-e77e-4a1a-a400-c32fe273093a#60-t3, previous=(t:3, i:4), leaderCommit=4, initializing? false, entries: <empty>
2019-10-18 14:30:48,854 [Thread-1986] INFO  impl.FollowerState (FollowerState.java:run(108)) - 681edbc6-a1fc-42a4-b5ce-4922820de60a@group-FD33B9583E3C-FollowerState: change to CANDIDATE, lastRpcTime:185ms, electionTimeout:185ms
2019-10-18 14:30:48,855 [Thread-1986] INFO  impl.RoleInfo (RoleInfo.java:shutdownFollowerState(121)) - 681edbc6-a1fc-42a4-b5ce-4922820de60a: shutdown FollowerState
2019-10-18 14:30:48,855 [Thread-1986] INFO  impl.RaftServerImpl (RaftServerImpl.java:setRole(184)) - 681edbc6-a1fc-42a4-b5ce-4922820de60a@group-FD33B9583E3C: changes role from  FOLLOWER to CANDIDATE at term 249 for changeToCandidate
2019-10-18 14:30:48,855 [Thread-1986] INFO  impl.RoleInfo (RoleInfo.java:updateAndGet(143)) - 681edbc6-a1fc-42a4-b5ce-4922820de60a: start LeaderElection
2019-10-18 14:30:48,868 [681edbc6-a1fc-42a4-b5ce-4922820de60a@group-FD33B9583E3C-LeaderElection250] INFO  impl.LeaderElection (LeaderElection.java:askForVotes(178)) - 681edbc6-a1fc-42a4-b5ce-4922820de60a@group-FD33B9583E3C-LeaderElection250: begin an election at term 250 for -1: [3ee7b367-7b16-44e1-99f8-43aefeda0876:192.168.164.233:46080, 681edbc6-a1fc-42a4-b5ce-4922820de60a:192.168.164.233:44267, 773cce60-eeca-4c1f-a5ec-70084be8b6b9:192.168.164.233:38729], old=null
2019-10-18 14:30:48,869 [681edbc6-a1fc-42a4-b5ce-4922820de60a@group-FD33B9583E3C-LeaderElection250] INFO  impl.LeaderElection (LogUtils.java:infoOrTrace(149)) - 681edbc6-a1fc-42a4-b5ce-4922820de60a@group-FD33B9583E3C-LeaderElection250 got exception when requesting votes: {}
java.util.concurrent.ExecutionException: org.apache.ratis.thirdparty.io.grpc.StatusRuntimeException: UNAVAILABLE: io exception
	at java.util.concurrent.FutureTask.report(FutureTask.java:122)
	at java.util.concurrent.FutureTask.get(FutureTask.java:192)
	at org.apache.ratis.server.impl.LeaderElection.waitForResults(LeaderElection.java:259)
	at org.apache.ratis.server.impl.LeaderElection.askForVotes(LeaderElection.java:197)
	at org.apache.ratis.server.impl.LeaderElection.run(LeaderElection.java:133)
	at java.lang.Thread.run(Thread.java:748)
Caused by: org.apache.ratis.thirdparty.io.grpc.StatusRuntimeException: UNAVAILABLE: io exception
	at org.apache.ratis.thirdparty.io.grpc.stub.ClientCalls.toStatusRuntimeException(ClientCalls.java:233)
	at org.apache.ratis.thirdparty.io.grpc.stub.ClientCalls.getUnchecked(ClientCalls.java:214)
	at org.apache.ratis.thirdparty.io.grpc.stub.ClientCalls.blockingUnaryCall(ClientCalls.java:139)
	at org.apache.ratis.proto.grpc.RaftServerProtocolServiceGrpc$RaftServerProtocolServiceBlockingStub.requestVote(RaftServerProtocolServiceGrpc.java:265)
	at org.apache.ratis.grpc.server.GrpcServerProtocolClient.requestVote(GrpcServerProtocolClient.java:99)
	at org.apache.ratis.grpc.server.GrpcService.requestVote(GrpcService.java:204)
	at org.apache.ratis.server.impl.LeaderElection.lambda$submitRequests$1(LeaderElection.java:234)
	at java.util.concurrent.FutureTask.run(FutureTask.java:266)
	at java.util.concurrent.Executors$RunnableAdapter.call(Executors.java:511)
	at java.util.concurrent.FutureTask.run(FutureTask.java:266)
	at java.util.concurrent.ThreadPoolExecutor.runWorker(ThreadPoolExecutor.java:1149)
	at java.util.concurrent.ThreadPoolExecutor$Worker.run(ThreadPoolExecutor.java:624)
	... 1 more
Caused by: org.apache.ratis.thirdparty.io.netty.channel.AbstractChannel$AnnotatedConnectException: Connection refused: /192.168.164.233:46080
	at sun.nio.ch.SocketChannelImpl.checkConnect(Native Method)
	at sun.nio.ch.SocketChannelImpl.finishConnect(SocketChannelImpl.java:717)
	at org.apache.ratis.thirdparty.io.netty.channel.socket.nio.NioSocketChannel.doFinishConnect(NioSocketChannel.java:327)
	at org.apache.ratis.thirdparty.io.netty.channel.nio.AbstractNioChannel$AbstractNioUnsafe.finishConnect(AbstractNioChannel.java:340)
	at org.apache.ratis.thirdparty.io.netty.channel.nio.NioEventLoop.processSelectedKey(NioEventLoop.java:632)
	at org.apache.ratis.thirdparty.io.netty.channel.nio.NioEventLoop.processSelectedKeysOptimized(NioEventLoop.java:579)
	at org.apache.ratis.thirdparty.io.netty.channel.nio.NioEventLoop.processSelectedKeys(NioEventLoop.java:496)
	at org.apache.ratis.thirdparty.io.netty.channel.nio.NioEventLoop.run(NioEventLoop.java:458)
	at org.apache.ratis.thirdparty.io.netty.util.concurrent.SingleThreadEventExecutor$5.run(SingleThreadEventExecutor.java:897)
	at org.apache.ratis.thirdparty.io.netty.util.concurrent.FastThreadLocalRunnable.run(FastThreadLocalRunnable.java:30)
	... 1 more
Caused by: java.net.ConnectException: Connection refused
	... 11 more
2019-10-18 14:30:48,869 [681edbc6-a1fc-42a4-b5ce-4922820de60a@group-FD33B9583E3C-LeaderElection250] INFO  impl.LeaderElection (LogUtils.java:infoOrTrace(149)) - 681edbc6-a1fc-42a4-b5ce-4922820de60a@group-FD33B9583E3C-LeaderElection250 got exception when requesting votes: {}
java.util.concurrent.ExecutionException: org.apache.ratis.thirdparty.io.grpc.StatusRuntimeException: UNAVAILABLE: io exception
	at java.util.concurrent.FutureTask.report(FutureTask.java:122)
	at java.util.concurrent.FutureTask.get(FutureTask.java:192)
	at org.apache.ratis.server.impl.LeaderElection.waitForResults(LeaderElection.java:259)
	at org.apache.ratis.server.impl.LeaderElection.askForVotes(LeaderElection.java:197)
	at org.apache.ratis.server.impl.LeaderElection.run(LeaderElection.java:133)
	at java.lang.Thread.run(Thread.java:748)
Caused by: org.apache.ratis.thirdparty.io.grpc.StatusRuntimeException: UNAVAILABLE: io exception
	at org.apache.ratis.thirdparty.io.grpc.stub.ClientCalls.toStatusRuntimeException(ClientCalls.java:233)
	at org.apache.ratis.thirdparty.io.grpc.stub.ClientCalls.getUnchecked(ClientCalls.java:214)
	at org.apache.ratis.thirdparty.io.grpc.stub.ClientCalls.blockingUnaryCall(ClientCalls.java:139)
	at org.apache.ratis.proto.grpc.RaftServerProtocolServiceGrpc$RaftServerProtocolServiceBlockingStub.requestVote(RaftServerProtocolServiceGrpc.java:265)
	at org.apache.ratis.grpc.server.GrpcServerProtocolClient.requestVote(GrpcServerProtocolClient.java:99)
	at org.apache.ratis.grpc.server.GrpcService.requestVote(GrpcService.java:204)
	at org.apache.ratis.server.impl.LeaderElection.lambda$submitRequests$1(LeaderElection.java:234)
	at java.util.concurrent.FutureTask.run(FutureTask.java:266)
	at java.util.concurrent.Executors$RunnableAdapter.call(Executors.java:511)
	at java.util.concurrent.FutureTask.run(FutureTask.java:266)
	at java.util.concurrent.ThreadPoolExecutor.runWorker(ThreadPoolExecutor.java:1149)
	at java.util.concurrent.ThreadPoolExecutor$Worker.run(ThreadPoolExecutor.java:624)
	... 1 more
Caused by: org.apache.ratis.thirdparty.io.netty.channel.AbstractChannel$AnnotatedConnectException: Connection refused: /192.168.164.233:38729
	at sun.nio.ch.SocketChannelImpl.checkConnect(Native Method)
	at sun.nio.ch.SocketChannelImpl.finishConnect(SocketChannelImpl.java:717)
	at org.apache.ratis.thirdparty.io.netty.channel.socket.nio.NioSocketChannel.doFinishConnect(NioSocketChannel.java:327)
	at org.apache.ratis.thirdparty.io.netty.channel.nio.AbstractNioChannel$AbstractNioUnsafe.finishConnect(AbstractNioChannel.java:340)
	at org.apache.ratis.thirdparty.io.netty.channel.nio.NioEventLoop.processSelectedKey(NioEventLoop.java:632)
	at org.apache.ratis.thirdparty.io.netty.channel.nio.NioEventLoop.processSelectedKeysOptimized(NioEventLoop.java:579)
	at org.apache.ratis.thirdparty.io.netty.channel.nio.NioEventLoop.processSelectedKeys(NioEventLoop.java:496)
	at org.apache.ratis.thirdparty.io.netty.channel.nio.NioEventLoop.run(NioEventLoop.java:458)
	at org.apache.ratis.thirdparty.io.netty.util.concurrent.SingleThreadEventExecutor$5.run(SingleThreadEventExecutor.java:897)
	at org.apache.ratis.thirdparty.io.netty.util.concurrent.FastThreadLocalRunnable.run(FastThreadLocalRunnable.java:30)
	... 1 more
Caused by: java.net.ConnectException: Connection refused
	... 11 more
2019-10-18 14:30:48,869 [681edbc6-a1fc-42a4-b5ce-4922820de60a@group-FD33B9583E3C-LeaderElection250] INFO  impl.LeaderElection (LeaderElection.java:logAndReturn(56)) - 681edbc6-a1fc-42a4-b5ce-4922820de60a@group-FD33B9583E3C-LeaderElection250: Election REJECTED; received 0 response(s) [] and 2 exception(s); 681edbc6-a1fc-42a4-b5ce-4922820de60a@group-FD33B9583E3C:t250, leader=null, voted=681edbc6-a1fc-42a4-b5ce-4922820de60a, raftlog=681edbc6-a1fc-42a4-b5ce-4922820de60a@group-FD33B9583E3C-SegmentedRaftLog:OPENED:c-1,f-1,i0, conf=-1: [3ee7b367-7b16-44e1-99f8-43aefeda0876:192.168.164.233:46080, 681edbc6-a1fc-42a4-b5ce-4922820de60a:192.168.164.233:44267, 773cce60-eeca-4c1f-a5ec-70084be8b6b9:192.168.164.233:38729], old=null
2019-10-18 14:30:48,870 [681edbc6-a1fc-42a4-b5ce-4922820de60a@group-FD33B9583E3C-LeaderElection250] INFO  impl.LeaderElection (LogUtils.java:infoOrTrace(149)) -   Exception 0: {}
java.util.concurrent.ExecutionException: org.apache.ratis.thirdparty.io.grpc.StatusRuntimeException: UNAVAILABLE: io exception
	at java.util.concurrent.FutureTask.report(FutureTask.java:122)
	at java.util.concurrent.FutureTask.get(FutureTask.java:192)
	at org.apache.ratis.server.impl.LeaderElection.waitForResults(LeaderElection.java:259)
	at org.apache.ratis.server.impl.LeaderElection.askForVotes(LeaderElection.java:197)
	at org.apache.ratis.server.impl.LeaderElection.run(LeaderElection.java:133)
	at java.lang.Thread.run(Thread.java:748)
Caused by: org.apache.ratis.thirdparty.io.grpc.StatusRuntimeException: UNAVAILABLE: io exception
	at org.apache.ratis.thirdparty.io.grpc.stub.ClientCalls.toStatusRuntimeException(ClientCalls.java:233)
	at org.apache.ratis.thirdparty.io.grpc.stub.ClientCalls.getUnchecked(ClientCalls.java:214)
	at org.apache.ratis.thirdparty.io.grpc.stub.ClientCalls.blockingUnaryCall(ClientCalls.java:139)
	at org.apache.ratis.proto.grpc.RaftServerProtocolServiceGrpc$RaftServerProtocolServiceBlockingStub.requestVote(RaftServerProtocolServiceGrpc.java:265)
	at org.apache.ratis.grpc.server.GrpcServerProtocolClient.requestVote(GrpcServerProtocolClient.java:99)
	at org.apache.ratis.grpc.server.GrpcService.requestVote(GrpcService.java:204)
	at org.apache.ratis.server.impl.LeaderElection.lambda$submitRequests$1(LeaderElection.java:234)
	at java.util.concurrent.FutureTask.run(FutureTask.java:266)
	at java.util.concurrent.Executors$RunnableAdapter.call(Executors.java:511)
	at java.util.concurrent.FutureTask.run(FutureTask.java:266)
	at java.util.concurrent.ThreadPoolExecutor.runWorker(ThreadPoolExecutor.java:1149)
	at java.util.concurrent.ThreadPoolExecutor$Worker.run(ThreadPoolExecutor.java:624)
	... 1 more
Caused by: org.apache.ratis.thirdparty.io.netty.channel.AbstractChannel$AnnotatedConnectException: Connection refused: /192.168.164.233:46080
	at sun.nio.ch.SocketChannelImpl.checkConnect(Native Method)
	at sun.nio.ch.SocketChannelImpl.finishConnect(SocketChannelImpl.java:717)
	at org.apache.ratis.thirdparty.io.netty.channel.socket.nio.NioSocketChannel.doFinishConnect(NioSocketChannel.java:327)
	at org.apache.ratis.thirdparty.io.netty.channel.nio.AbstractNioChannel$AbstractNioUnsafe.finishConnect(AbstractNioChannel.java:340)
	at org.apache.ratis.thirdparty.io.netty.channel.nio.NioEventLoop.processSelectedKey(NioEventLoop.java:632)
	at org.apache.ratis.thirdparty.io.netty.channel.nio.NioEventLoop.processSelectedKeysOptimized(NioEventLoop.java:579)
	at org.apache.ratis.thirdparty.io.netty.channel.nio.NioEventLoop.processSelectedKeys(NioEventLoop.java:496)
	at org.apache.ratis.thirdparty.io.netty.channel.nio.NioEventLoop.run(NioEventLoop.java:458)
	at org.apache.ratis.thirdparty.io.netty.util.concurrent.SingleThreadEventExecutor$5.run(SingleThreadEventExecutor.java:897)
	at org.apache.ratis.thirdparty.io.netty.util.concurrent.FastThreadLocalRunnable.run(FastThreadLocalRunnable.java:30)
	... 1 more
Caused by: java.net.ConnectException: Connection refused
	... 11 more
2019-10-18 14:30:48,870 [681edbc6-a1fc-42a4-b5ce-4922820de60a@group-FD33B9583E3C-LeaderElection250] INFO  impl.LeaderElection (LogUtils.java:infoOrTrace(149)) -   Exception 1: {}
java.util.concurrent.ExecutionException: org.apache.ratis.thirdparty.io.grpc.StatusRuntimeException: UNAVAILABLE: io exception
	at java.util.concurrent.FutureTask.report(FutureTask.java:122)
	at java.util.concurrent.FutureTask.get(FutureTask.java:192)
	at org.apache.ratis.server.impl.LeaderElection.waitForResults(LeaderElection.java:259)
	at org.apache.ratis.server.impl.LeaderElection.askForVotes(LeaderElection.java:197)
	at org.apache.ratis.server.impl.LeaderElection.run(LeaderElection.java:133)
	at java.lang.Thread.run(Thread.java:748)
Caused by: org.apache.ratis.thirdparty.io.grpc.StatusRuntimeException: UNAVAILABLE: io exception
	at org.apache.ratis.thirdparty.io.grpc.stub.ClientCalls.toStatusRuntimeException(ClientCalls.java:233)
	at org.apache.ratis.thirdparty.io.grpc.stub.ClientCalls.getUnchecked(ClientCalls.java:214)
	at org.apache.ratis.thirdparty.io.grpc.stub.ClientCalls.blockingUnaryCall(ClientCalls.java:139)
	at org.apache.ratis.proto.grpc.RaftServerProtocolServiceGrpc$RaftServerProtocolServiceBlockingStub.requestVote(RaftServerProtocolServiceGrpc.java:265)
	at org.apache.ratis.grpc.server.GrpcServerProtocolClient.requestVote(GrpcServerProtocolClient.java:99)
	at org.apache.ratis.grpc.server.GrpcService.requestVote(GrpcService.java:204)
	at org.apache.ratis.server.impl.LeaderElection.lambda$submitRequests$1(LeaderElection.java:234)
	at java.util.concurrent.FutureTask.run(FutureTask.java:266)
	at java.util.concurrent.Executors$RunnableAdapter.call(Executors.java:511)
	at java.util.concurrent.FutureTask.run(FutureTask.java:266)
	at java.util.concurrent.ThreadPoolExecutor.runWorker(ThreadPoolExecutor.java:1149)
	at java.util.concurrent.ThreadPoolExecutor$Worker.run(ThreadPoolExecutor.java:624)
	... 1 more
Caused by: org.apache.ratis.thirdparty.io.netty.channel.AbstractChannel$AnnotatedConnectException: Connection refused: /192.168.164.233:38729
	at sun.nio.ch.SocketChannelImpl.checkConnect(Native Method)
	at sun.nio.ch.SocketChannelImpl.finishConnect(SocketChannelImpl.java:717)
	at org.apache.ratis.thirdparty.io.netty.channel.socket.nio.NioSocketChannel.doFinishConnect(NioSocketChannel.java:327)
	at org.apache.ratis.thirdparty.io.netty.channel.nio.AbstractNioChannel$AbstractNioUnsafe.finishConnect(AbstractNioChannel.java:340)
	at org.apache.ratis.thirdparty.io.netty.channel.nio.NioEventLoop.processSelectedKey(NioEventLoop.java:632)
	at org.apache.ratis.thirdparty.io.netty.channel.nio.NioEventLoop.processSelectedKeysOptimized(NioEventLoop.java:579)
	at org.apache.ratis.thirdparty.io.netty.channel.nio.NioEventLoop.processSelectedKeys(NioEventLoop.java:496)
	at org.apache.ratis.thirdparty.io.netty.channel.nio.NioEventLoop.run(NioEventLoop.java:458)
	at org.apache.ratis.thirdparty.io.netty.util.concurrent.SingleThreadEventExecutor$5.run(SingleThreadEventExecutor.java:897)
	at org.apache.ratis.thirdparty.io.netty.util.concurrent.FastThreadLocalRunnable.run(FastThreadLocalRunnable.java:30)
	... 1 more
Caused by: java.net.ConnectException: Connection refused
	... 11 more
2019-10-18 14:30:48,870 [681edbc6-a1fc-42a4-b5ce-4922820de60a@group-FD33B9583E3C-LeaderElection250] INFO  impl.RaftServerImpl (RaftServerImpl.java:setRole(184)) - 681edbc6-a1fc-42a4-b5ce-4922820de60a@group-FD33B9583E3C: changes role from CANDIDATE to FOLLOWER at term 250 for DISCOVERED_A_NEW_TERM
2019-10-18 14:30:48,870 [681edbc6-a1fc-42a4-b5ce-4922820de60a@group-FD33B9583E3C-LeaderElection250] INFO  impl.RoleInfo (RoleInfo.java:shutdownLeaderElection(134)) - 681edbc6-a1fc-42a4-b5ce-4922820de60a: shutdown LeaderElection
2019-10-18 14:30:48,870 [681edbc6-a1fc-42a4-b5ce-4922820de60a@group-FD33B9583E3C-LeaderElection250] INFO  impl.RoleInfo (RoleInfo.java:updateAndGet(143)) - 681edbc6-a1fc-42a4-b5ce-4922820de60a: start FollowerState
2019-10-18 14:30:48,900 [Thread-1991] INFO  impl.FollowerState (FollowerState.java:run(108)) - 681edbc6-a1fc-42a4-b5ce-4922820de60a@group-FD33B9583E3C-FollowerState: change to CANDIDATE, lastRpcTime:30ms, electionTimeout:30ms
2019-10-18 14:30:48,900 [Thread-1991] INFO  impl.RoleInfo (RoleInfo.java:shutdownFollowerState(121)) - 681edbc6-a1fc-42a4-b5ce-4922820de60a: shutdown FollowerState
2019-10-18 14:30:48,901 [Thread-1991] INFO  impl.RaftServerImpl (RaftServerImpl.java:setRole(184)) - 681edbc6-a1fc-42a4-b5ce-4922820de60a@group-FD33B9583E3C: changes role from  FOLLOWER to CANDIDATE at term 250 for changeToCandidate
2019-10-18 14:30:48,905 [Thread-1991] INFO  impl.RoleInfo (RoleInfo.java:updateAndGet(143)) - 681edbc6-a1fc-42a4-b5ce-4922820de60a: start LeaderElection
2019-10-18 14:30:48,918 [681edbc6-a1fc-42a4-b5ce-4922820de60a@group-FD33B9583E3C-LeaderElection251] INFO  impl.LeaderElection (LeaderElection.java:askForVotes(178)) - 681edbc6-a1fc-42a4-b5ce-4922820de60a@group-FD33B9583E3C-LeaderElection251: begin an election at term 251 for -1: [3ee7b367-7b16-44e1-99f8-43aefeda0876:192.168.164.233:46080, 681edbc6-a1fc-42a4-b5ce-4922820de60a:192.168.164.233:44267, 773cce60-eeca-4c1f-a5ec-70084be8b6b9:192.168.164.233:38729], old=null
2019-10-18 14:30:48,921 [681edbc6-a1fc-42a4-b5ce-4922820de60a@group-FD33B9583E3C-LeaderElection251] INFO  impl.LeaderElection (LogUtils.java:infoOrTrace(149)) - 681edbc6-a1fc-42a4-b5ce-4922820de60a@group-FD33B9583E3C-LeaderElection251 got exception when requesting votes: {}
java.util.concurrent.ExecutionException: org.apache.ratis.thirdparty.io.grpc.StatusRuntimeException: UNAVAILABLE: io exception
	at java.util.concurrent.FutureTask.report(FutureTask.java:122)
	at java.util.concurrent.FutureTask.get(FutureTask.java:192)
	at org.apache.ratis.server.impl.LeaderElection.waitForResults(LeaderElection.java:259)
	at org.apache.ratis.server.impl.LeaderElection.askForVotes(LeaderElection.java:197)
	at org.apache.ratis.server.impl.LeaderElection.run(LeaderElection.java:133)
	at java.lang.Thread.run(Thread.java:748)
Caused by: org.apache.ratis.thirdparty.io.grpc.StatusRuntimeException: UNAVAILABLE: io exception
	at org.apache.ratis.thirdparty.io.grpc.stub.ClientCalls.toStatusRuntimeException(ClientCalls.java:233)
	at org.apache.ratis.thirdparty.io.grpc.stub.ClientCalls.getUnchecked(ClientCalls.java:214)
	at org.apache.ratis.thirdparty.io.grpc.stub.ClientCalls.blockingUnaryCall(ClientCalls.java:139)
	at org.apache.ratis.proto.grpc.RaftServerProtocolServiceGrpc$RaftServerProtocolServiceBlockingStub.requestVote(RaftServerProtocolServiceGrpc.java:265)
	at org.apache.ratis.grpc.server.GrpcServerProtocolClient.requestVote(GrpcServerProtocolClient.java:99)
	at org.apache.ratis.grpc.server.GrpcService.requestVote(GrpcService.java:204)
	at org.apache.ratis.server.impl.LeaderElection.lambda$submitRequests$1(LeaderElection.java:234)
	at java.util.concurrent.FutureTask.run(FutureTask.java:266)
	at java.util.concurrent.Executors$RunnableAdapter.call(Executors.java:511)
	at java.util.concurrent.FutureTask.run(FutureTask.java:266)
	at java.util.concurrent.ThreadPoolExecutor.runWorker(ThreadPoolExecutor.java:1149)
	at java.util.concurrent.ThreadPoolExecutor$Worker.run(ThreadPoolExecutor.java:624)
	... 1 more
Caused by: org.apache.ratis.thirdparty.io.netty.channel.AbstractChannel$AnnotatedConnectException: Connection refused: /192.168.164.233:46080
	at sun.nio.ch.SocketChannelImpl.checkConnect(Native Method)
	at sun.nio.ch.SocketChannelImpl.finishConnect(SocketChannelImpl.java:717)
	at org.apache.ratis.thirdparty.io.netty.channel.socket.nio.NioSocketChannel.doFinishConnect(NioSocketChannel.java:327)
	at org.apache.ratis.thirdparty.io.netty.channel.nio.AbstractNioChannel$AbstractNioUnsafe.finishConnect(AbstractNioChannel.java:340)
	at org.apache.ratis.thirdparty.io.netty.channel.nio.NioEventLoop.processSelectedKey(NioEventLoop.java:632)
	at org.apache.ratis.thirdparty.io.netty.channel.nio.NioEventLoop.processSelectedKeysOptimized(NioEventLoop.java:579)
	at org.apache.ratis.thirdparty.io.netty.channel.nio.NioEventLoop.processSelectedKeys(NioEventLoop.java:496)
	at org.apache.ratis.thirdparty.io.netty.channel.nio.NioEventLoop.run(NioEventLoop.java:458)
	at org.apache.ratis.thirdparty.io.netty.util.concurrent.SingleThreadEventExecutor$5.run(SingleThreadEventExecutor.java:897)
	at org.apache.ratis.thirdparty.io.netty.util.concurrent.FastThreadLocalRunnable.run(FastThreadLocalRunnable.java:30)
	... 1 more
Caused by: java.net.ConnectException: Connection refused
	... 11 more
2019-10-18 14:30:48,922 [681edbc6-a1fc-42a4-b5ce-4922820de60a@group-FD33B9583E3C-LeaderElection251] INFO  impl.LeaderElection (LogUtils.java:infoOrTrace(149)) - 681edbc6-a1fc-42a4-b5ce-4922820de60a@group-FD33B9583E3C-LeaderElection251 got exception when requesting votes: {}
java.util.concurrent.ExecutionException: org.apache.ratis.thirdparty.io.grpc.StatusRuntimeException: UNAVAILABLE: io exception
	at java.util.concurrent.FutureTask.report(FutureTask.java:122)
	at java.util.concurrent.FutureTask.get(FutureTask.java:192)
	at org.apache.ratis.server.impl.LeaderElection.waitForResults(LeaderElection.java:259)
	at org.apache.ratis.server.impl.LeaderElection.askForVotes(LeaderElection.java:197)
	at org.apache.ratis.server.impl.LeaderElection.run(LeaderElection.java:133)
	at java.lang.Thread.run(Thread.java:748)
Caused by: org.apache.ratis.thirdparty.io.grpc.StatusRuntimeException: UNAVAILABLE: io exception
	at org.apache.ratis.thirdparty.io.grpc.stub.ClientCalls.toStatusRuntimeException(ClientCalls.java:233)
	at org.apache.ratis.thirdparty.io.grpc.stub.ClientCalls.getUnchecked(ClientCalls.java:214)
	at org.apache.ratis.thirdparty.io.grpc.stub.ClientCalls.blockingUnaryCall(ClientCalls.java:139)
	at org.apache.ratis.proto.grpc.RaftServerProtocolServiceGrpc$RaftServerProtocolServiceBlockingStub.requestVote(RaftServerProtocolServiceGrpc.java:265)
	at org.apache.ratis.grpc.server.GrpcServerProtocolClient.requestVote(GrpcServerProtocolClient.java:99)
	at org.apache.ratis.grpc.server.GrpcService.requestVote(GrpcService.java:204)
	at org.apache.ratis.server.impl.LeaderElection.lambda$submitRequests$1(LeaderElection.java:234)
	at java.util.concurrent.FutureTask.run(FutureTask.java:266)
	at java.util.concurrent.Executors$RunnableAdapter.call(Executors.java:511)
	at java.util.concurrent.FutureTask.run(FutureTask.java:266)
	at java.util.concurrent.ThreadPoolExecutor.runWorker(ThreadPoolExecutor.java:1149)
	at java.util.concurrent.ThreadPoolExecutor$Worker.run(ThreadPoolExecutor.java:624)
	... 1 more
Caused by: org.apache.ratis.thirdparty.io.netty.channel.AbstractChannel$AnnotatedConnectException: Connection refused: /192.168.164.233:38729
	at sun.nio.ch.SocketChannelImpl.checkConnect(Native Method)
	at sun.nio.ch.SocketChannelImpl.finishConnect(SocketChannelImpl.java:717)
	at org.apache.ratis.thirdparty.io.netty.channel.socket.nio.NioSocketChannel.doFinishConnect(NioSocketChannel.java:327)
	at org.apache.ratis.thirdparty.io.netty.channel.nio.AbstractNioChannel$AbstractNioUnsafe.finishConnect(AbstractNioChannel.java:340)
	at org.apache.ratis.thirdparty.io.netty.channel.nio.NioEventLoop.processSelectedKey(NioEventLoop.java:632)
	at org.apache.ratis.thirdparty.io.netty.channel.nio.NioEventLoop.processSelectedKeysOptimized(NioEventLoop.java:579)
	at org.apache.ratis.thirdparty.io.netty.channel.nio.NioEventLoop.processSelectedKeys(NioEventLoop.java:496)
	at org.apache.ratis.thirdparty.io.netty.channel.nio.NioEventLoop.run(NioEventLoop.java:458)
	at org.apache.ratis.thirdparty.io.netty.util.concurrent.SingleThreadEventExecutor$5.run(SingleThreadEventExecutor.java:897)
	at org.apache.ratis.thirdparty.io.netty.util.concurrent.FastThreadLocalRunnable.run(FastThreadLocalRunnable.java:30)
	... 1 more
Caused by: java.net.ConnectException: Connection refused
	... 11 more
2019-10-18 14:30:48,922 [681edbc6-a1fc-42a4-b5ce-4922820de60a@group-FD33B9583E3C-LeaderElection251] INFO  impl.LeaderElection (LeaderElection.java:logAndReturn(56)) - 681edbc6-a1fc-42a4-b5ce-4922820de60a@group-FD33B9583E3C-LeaderElection251: Election REJECTED; received 0 response(s) [] and 2 exception(s); 681edbc6-a1fc-42a4-b5ce-4922820de60a@group-FD33B9583E3C:t251, leader=null, voted=681edbc6-a1fc-42a4-b5ce-4922820de60a, raftlog=681edbc6-a1fc-42a4-b5ce-4922820de60a@group-FD33B9583E3C-SegmentedRaftLog:OPENED:c-1,f-1,i0, conf=-1: [3ee7b367-7b16-44e1-99f8-43aefeda0876:192.168.164.233:46080, 681edbc6-a1fc-42a4-b5ce-4922820de60a:192.168.164.233:44267, 773cce60-eeca-4c1f-a5ec-70084be8b6b9:192.168.164.233:38729], old=null
2019-10-18 14:30:48,922 [681edbc6-a1fc-42a4-b5ce-4922820de60a@group-FD33B9583E3C-LeaderElection251] INFO  impl.LeaderElection (LogUtils.java:infoOrTrace(149)) -   Exception 0: {}
java.util.concurrent.ExecutionException: org.apache.ratis.thirdparty.io.grpc.StatusRuntimeException: UNAVAILABLE: io exception
	at java.util.concurrent.FutureTask.report(FutureTask.java:122)
	at java.util.concurrent.FutureTask.get(FutureTask.java:192)
	at org.apache.ratis.server.impl.LeaderElection.waitForResults(LeaderElection.java:259)
	at org.apache.ratis.server.impl.LeaderElection.askForVotes(LeaderElection.java:197)
	at org.apache.ratis.server.impl.LeaderElection.run(LeaderElection.java:133)
	at java.lang.Thread.run(Thread.java:748)
Caused by: org.apache.ratis.thirdparty.io.grpc.StatusRuntimeException: UNAVAILABLE: io exception
	at org.apache.ratis.thirdparty.io.grpc.stub.ClientCalls.toStatusRuntimeException(ClientCalls.java:233)
	at org.apache.ratis.thirdparty.io.grpc.stub.ClientCalls.getUnchecked(ClientCalls.java:214)
	at org.apache.ratis.thirdparty.io.grpc.stub.ClientCalls.blockingUnaryCall(ClientCalls.java:139)
	at org.apache.ratis.proto.grpc.RaftServerProtocolServiceGrpc$RaftServerProtocolServiceBlockingStub.requestVote(RaftServerProtocolServiceGrpc.java:265)
	at org.apache.ratis.grpc.server.GrpcServerProtocolClient.requestVote(GrpcServerProtocolClient.java:99)
	at org.apache.ratis.grpc.server.GrpcService.requestVote(GrpcService.java:204)
	at org.apache.ratis.server.impl.LeaderElection.lambda$submitRequests$1(LeaderElection.java:234)
	at java.util.concurrent.FutureTask.run(FutureTask.java:266)
	at java.util.concurrent.Executors$RunnableAdapter.call(Executors.java:511)
	at java.util.concurrent.FutureTask.run(FutureTask.java:266)
	at java.util.concurrent.ThreadPoolExecutor.runWorker(ThreadPoolExecutor.java:1149)
	at java.util.concurrent.ThreadPoolExecutor$Worker.run(ThreadPoolExecutor.java:624)
	... 1 more
Caused by: org.apache.ratis.thirdparty.io.netty.channel.AbstractChannel$AnnotatedConnectException: Connection refused: /192.168.164.233:46080
	at sun.nio.ch.SocketChannelImpl.checkConnect(Native Method)
	at sun.nio.ch.SocketChannelImpl.finishConnect(SocketChannelImpl.java:717)
	at org.apache.ratis.thirdparty.io.netty.channel.socket.nio.NioSocketChannel.doFinishConnect(NioSocketChannel.java:327)
	at org.apache.ratis.thirdparty.io.netty.channel.nio.AbstractNioChannel$AbstractNioUnsafe.finishConnect(AbstractNioChannel.java:340)
	at org.apache.ratis.thirdparty.io.netty.channel.nio.NioEventLoop.processSelectedKey(NioEventLoop.java:632)
	at org.apache.ratis.thirdparty.io.netty.channel.nio.NioEventLoop.processSelectedKeysOptimized(NioEventLoop.java:579)
	at org.apache.ratis.thirdparty.io.netty.channel.nio.NioEventLoop.processSelectedKeys(NioEventLoop.java:496)
	at org.apache.ratis.thirdparty.io.netty.channel.nio.NioEventLoop.run(NioEventLoop.java:458)
	at org.apache.ratis.thirdparty.io.netty.util.concurrent.SingleThreadEventExecutor$5.run(SingleThreadEventExecutor.java:897)
	at org.apache.ratis.thirdparty.io.netty.util.concurrent.FastThreadLocalRunnable.run(FastThreadLocalRunnable.java:30)
	... 1 more
Caused by: java.net.ConnectException: Connection refused
	... 11 more
2019-10-18 14:30:48,922 [681edbc6-a1fc-42a4-b5ce-4922820de60a@group-FD33B9583E3C-LeaderElection251] INFO  impl.LeaderElection (LogUtils.java:infoOrTrace(149)) -   Exception 1: {}
java.util.concurrent.ExecutionException: org.apache.ratis.thirdparty.io.grpc.StatusRuntimeException: UNAVAILABLE: io exception
	at java.util.concurrent.FutureTask.report(FutureTask.java:122)
	at java.util.concurrent.FutureTask.get(FutureTask.java:192)
	at org.apache.ratis.server.impl.LeaderElection.waitForResults(LeaderElection.java:259)
	at org.apache.ratis.server.impl.LeaderElection.askForVotes(LeaderElection.java:197)
	at org.apache.ratis.server.impl.LeaderElection.run(LeaderElection.java:133)
	at java.lang.Thread.run(Thread.java:748)
Caused by: org.apache.ratis.thirdparty.io.grpc.StatusRuntimeException: UNAVAILABLE: io exception
	at org.apache.ratis.thirdparty.io.grpc.stub.ClientCalls.toStatusRuntimeException(ClientCalls.java:233)
	at org.apache.ratis.thirdparty.io.grpc.stub.ClientCalls.getUnchecked(ClientCalls.java:214)
	at org.apache.ratis.thirdparty.io.grpc.stub.ClientCalls.blockingUnaryCall(ClientCalls.java:139)
	at org.apache.ratis.proto.grpc.RaftServerProtocolServiceGrpc$RaftServerProtocolServiceBlockingStub.requestVote(RaftServerProtocolServiceGrpc.java:265)
	at org.apache.ratis.grpc.server.GrpcServerProtocolClient.requestVote(GrpcServerProtocolClient.java:99)
	at org.apache.ratis.grpc.server.GrpcService.requestVote(GrpcService.java:204)
	at org.apache.ratis.server.impl.LeaderElection.lambda$submitRequests$1(LeaderElection.java:234)
	at java.util.concurrent.FutureTask.run(FutureTask.java:266)
	at java.util.concurrent.Executors$RunnableAdapter.call(Executors.java:511)
	at java.util.concurrent.FutureTask.run(FutureTask.java:266)
	at java.util.concurrent.ThreadPoolExecutor.runWorker(ThreadPoolExecutor.java:1149)
	at java.util.concurrent.ThreadPoolExecutor$Worker.run(ThreadPoolExecutor.java:624)
	... 1 more
Caused by: org.apache.ratis.thirdparty.io.netty.channel.AbstractChannel$AnnotatedConnectException: Connection refused: /192.168.164.233:38729
	at sun.nio.ch.SocketChannelImpl.checkConnect(Native Method)
	at sun.nio.ch.SocketChannelImpl.finishConnect(SocketChannelImpl.java:717)
	at org.apache.ratis.thirdparty.io.netty.channel.socket.nio.NioSocketChannel.doFinishConnect(NioSocketChannel.java:327)
	at org.apache.ratis.thirdparty.io.netty.channel.nio.AbstractNioChannel$AbstractNioUnsafe.finishConnect(AbstractNioChannel.java:340)
	at org.apache.ratis.thirdparty.io.netty.channel.nio.NioEventLoop.processSelectedKey(NioEventLoop.java:632)
	at org.apache.ratis.thirdparty.io.netty.channel.nio.NioEventLoop.processSelectedKeysOptimized(NioEventLoop.java:579)
	at org.apache.ratis.thirdparty.io.netty.channel.nio.NioEventLoop.processSelectedKeys(NioEventLoop.java:496)
	at org.apache.ratis.thirdparty.io.netty.channel.nio.NioEventLoop.run(NioEventLoop.java:458)
	at org.apache.ratis.thirdparty.io.netty.util.concurrent.SingleThreadEventExecutor$5.run(SingleThreadEventExecutor.java:897)
	at org.apache.ratis.thirdparty.io.netty.util.concurrent.FastThreadLocalRunnable.run(FastThreadLocalRunnable.java:30)
	... 1 more
Caused by: java.net.ConnectException: Connection refused
	... 11 more
2019-10-18 14:30:48,926 [681edbc6-a1fc-42a4-b5ce-4922820de60a@group-FD33B9583E3C-LeaderElection251] INFO  impl.RaftServerImpl (RaftServerImpl.java:setRole(184)) - 681edbc6-a1fc-42a4-b5ce-4922820de60a@group-FD33B9583E3C: changes role from CANDIDATE to FOLLOWER at term 251 for DISCOVERED_A_NEW_TERM
2019-10-18 14:30:48,926 [681edbc6-a1fc-42a4-b5ce-4922820de60a@group-FD33B9583E3C-LeaderElection251] INFO  impl.RoleInfo (RoleInfo.java:shutdownLeaderElection(134)) - 681edbc6-a1fc-42a4-b5ce-4922820de60a: shutdown LeaderElection
2019-10-18 14:30:48,926 [681edbc6-a1fc-42a4-b5ce-4922820de60a@group-FD33B9583E3C-LeaderElection251] INFO  impl.RoleInfo (RoleInfo.java:updateAndGet(143)) - 681edbc6-a1fc-42a4-b5ce-4922820de60a: start FollowerState
2019-10-18 14:30:49,021 [Thread-1995] INFO  impl.FollowerState (FollowerState.java:run(108)) - 681edbc6-a1fc-42a4-b5ce-4922820de60a@group-FD33B9583E3C-FollowerState: change to CANDIDATE, lastRpcTime:94ms, electionTimeout:94ms
2019-10-18 14:30:49,021 [Thread-1995] INFO  impl.RoleInfo (RoleInfo.java:shutdownFollowerState(121)) - 681edbc6-a1fc-42a4-b5ce-4922820de60a: shutdown FollowerState
2019-10-18 14:30:49,021 [Thread-1995] INFO  impl.RaftServerImpl (RaftServerImpl.java:setRole(184)) - 681edbc6-a1fc-42a4-b5ce-4922820de60a@group-FD33B9583E3C: changes role from  FOLLOWER to CANDIDATE at term 251 for changeToCandidate
2019-10-18 14:30:49,021 [Thread-1995] INFO  impl.RoleInfo (RoleInfo.java:updateAndGet(143)) - 681edbc6-a1fc-42a4-b5ce-4922820de60a: start LeaderElection
2019-10-18 14:30:49,035 [681edbc6-a1fc-42a4-b5ce-4922820de60a@group-FD33B9583E3C-LeaderElection252] INFO  impl.LeaderElection (LeaderElection.java:askForVotes(178)) - 681edbc6-a1fc-42a4-b5ce-4922820de60a@group-FD33B9583E3C-LeaderElection252: begin an election at term 252 for -1: [3ee7b367-7b16-44e1-99f8-43aefeda0876:192.168.164.233:46080, 681edbc6-a1fc-42a4-b5ce-4922820de60a:192.168.164.233:44267, 773cce60-eeca-4c1f-a5ec-70084be8b6b9:192.168.164.233:38729], old=null
2019-10-18 14:30:49,036 [681edbc6-a1fc-42a4-b5ce-4922820de60a@group-FD33B9583E3C-LeaderElection252] INFO  impl.LeaderElection (LogUtils.java:infoOrTrace(149)) - 681edbc6-a1fc-42a4-b5ce-4922820de60a@group-FD33B9583E3C-LeaderElection252 got exception when requesting votes: {}
java.util.concurrent.ExecutionException: org.apache.ratis.thirdparty.io.grpc.StatusRuntimeException: UNAVAILABLE: io exception
	at java.util.concurrent.FutureTask.report(FutureTask.java:122)
	at java.util.concurrent.FutureTask.get(FutureTask.java:192)
	at org.apache.ratis.server.impl.LeaderElection.waitForResults(LeaderElection.java:259)
	at org.apache.ratis.server.impl.LeaderElection.askForVotes(LeaderElection.java:197)
	at org.apache.ratis.server.impl.LeaderElection.run(LeaderElection.java:133)
	at java.lang.Thread.run(Thread.java:748)
Caused by: org.apache.ratis.thirdparty.io.grpc.StatusRuntimeException: UNAVAILABLE: io exception
	at org.apache.ratis.thirdparty.io.grpc.stub.ClientCalls.toStatusRuntimeException(ClientCalls.java:233)
	at org.apache.ratis.thirdparty.io.grpc.stub.ClientCalls.getUnchecked(ClientCalls.java:214)
	at org.apache.ratis.thirdparty.io.grpc.stub.ClientCalls.blockingUnaryCall(ClientCalls.java:139)
	at org.apache.ratis.proto.grpc.RaftServerProtocolServiceGrpc$RaftServerProtocolServiceBlockingStub.requestVote(RaftServerProtocolServiceGrpc.java:265)
	at org.apache.ratis.grpc.server.GrpcServerProtocolClient.requestVote(GrpcServerProtocolClient.java:99)
	at org.apache.ratis.grpc.server.GrpcService.requestVote(GrpcService.java:204)
	at org.apache.ratis.server.impl.LeaderElection.lambda$submitRequests$1(LeaderElection.java:234)
	at java.util.concurrent.FutureTask.run(FutureTask.java:266)
	at java.util.concurrent.Executors$RunnableAdapter.call(Executors.java:511)
	at java.util.concurrent.FutureTask.run(FutureTask.java:266)
	at java.util.concurrent.ThreadPoolExecutor.runWorker(ThreadPoolExecutor.java:1149)
	at java.util.concurrent.ThreadPoolExecutor$Worker.run(ThreadPoolExecutor.java:624)
	... 1 more
Caused by: org.apache.ratis.thirdparty.io.netty.channel.AbstractChannel$AnnotatedConnectException: Connection refused: /192.168.164.233:38729
	at sun.nio.ch.SocketChannelImpl.checkConnect(Native Method)
	at sun.nio.ch.SocketChannelImpl.finishConnect(SocketChannelImpl.java:717)
	at org.apache.ratis.thirdparty.io.netty.channel.socket.nio.NioSocketChannel.doFinishConnect(NioSocketChannel.java:327)
	at org.apache.ratis.thirdparty.io.netty.channel.nio.AbstractNioChannel$AbstractNioUnsafe.finishConnect(AbstractNioChannel.java:340)
	at org.apache.ratis.thirdparty.io.netty.channel.nio.NioEventLoop.processSelectedKey(NioEventLoop.java:632)
	at org.apache.ratis.thirdparty.io.netty.channel.nio.NioEventLoop.processSelectedKeysOptimized(NioEventLoop.java:579)
	at org.apache.ratis.thirdparty.io.netty.channel.nio.NioEventLoop.processSelectedKeys(NioEventLoop.java:496)
	at org.apache.ratis.thirdparty.io.netty.channel.nio.NioEventLoop.run(NioEventLoop.java:458)
	at org.apache.ratis.thirdparty.io.netty.util.concurrent.SingleThreadEventExecutor$5.run(SingleThreadEventExecutor.java:897)
	at org.apache.ratis.thirdparty.io.netty.util.concurrent.FastThreadLocalRunnable.run(FastThreadLocalRunnable.java:30)
	... 1 more
Caused by: java.net.ConnectException: Connection refused
	... 11 more
2019-10-18 14:30:49,036 [681edbc6-a1fc-42a4-b5ce-4922820de60a@group-FD33B9583E3C-LeaderElection252] INFO  impl.LeaderElection (LogUtils.java:infoOrTrace(149)) - 681edbc6-a1fc-42a4-b5ce-4922820de60a@group-FD33B9583E3C-LeaderElection252 got exception when requesting votes: {}
java.util.concurrent.ExecutionException: org.apache.ratis.thirdparty.io.grpc.StatusRuntimeException: UNAVAILABLE: io exception
	at java.util.concurrent.FutureTask.report(FutureTask.java:122)
	at java.util.concurrent.FutureTask.get(FutureTask.java:192)
	at org.apache.ratis.server.impl.LeaderElection.waitForResults(LeaderElection.java:259)
	at org.apache.ratis.server.impl.LeaderElection.askForVotes(LeaderElection.java:197)
	at org.apache.ratis.server.impl.LeaderElection.run(LeaderElection.java:133)
	at java.lang.Thread.run(Thread.java:748)
Caused by: org.apache.ratis.thirdparty.io.grpc.StatusRuntimeException: UNAVAILABLE: io exception
	at org.apache.ratis.thirdparty.io.grpc.stub.ClientCalls.toStatusRuntimeException(ClientCalls.java:233)
	at org.apache.ratis.thirdparty.io.grpc.stub.ClientCalls.getUnchecked(ClientCalls.java:214)
	at org.apache.ratis.thirdparty.io.grpc.stub.ClientCalls.blockingUnaryCall(ClientCalls.java:139)
	at org.apache.ratis.proto.grpc.RaftServerProtocolServiceGrpc$RaftServerProtocolServiceBlockingStub.requestVote(RaftServerProtocolServiceGrpc.java:265)
	at org.apache.ratis.grpc.server.GrpcServerProtocolClient.requestVote(GrpcServerProtocolClient.java:99)
	at org.apache.ratis.grpc.server.GrpcService.requestVote(GrpcService.java:204)
	at org.apache.ratis.server.impl.LeaderElection.lambda$submitRequests$1(LeaderElection.java:234)
	at java.util.concurrent.FutureTask.run(FutureTask.java:266)
	at java.util.concurrent.Executors$RunnableAdapter.call(Executors.java:511)
	at java.util.concurrent.FutureTask.run(FutureTask.java:266)
	at java.util.concurrent.ThreadPoolExecutor.runWorker(ThreadPoolExecutor.java:1149)
	at java.util.concurrent.ThreadPoolExecutor$Worker.run(ThreadPoolExecutor.java:624)
	... 1 more
Caused by: org.apache.ratis.thirdparty.io.netty.channel.AbstractChannel$AnnotatedConnectException: Connection refused: /192.168.164.233:46080
	at sun.nio.ch.SocketChannelImpl.checkConnect(Native Method)
	at sun.nio.ch.SocketChannelImpl.finishConnect(SocketChannelImpl.java:717)
	at org.apache.ratis.thirdparty.io.netty.channel.socket.nio.NioSocketChannel.doFinishConnect(NioSocketChannel.java:327)
	at org.apache.ratis.thirdparty.io.netty.channel.nio.AbstractNioChannel$AbstractNioUnsafe.finishConnect(AbstractNioChannel.java:340)
	at org.apache.ratis.thirdparty.io.netty.channel.nio.NioEventLoop.processSelectedKey(NioEventLoop.java:632)
	at org.apache.ratis.thirdparty.io.netty.channel.nio.NioEventLoop.processSelectedKeysOptimized(NioEventLoop.java:579)
	at org.apache.ratis.thirdparty.io.netty.channel.nio.NioEventLoop.processSelectedKeys(NioEventLoop.java:496)
	at org.apache.ratis.thirdparty.io.netty.channel.nio.NioEventLoop.run(NioEventLoop.java:458)
	at org.apache.ratis.thirdparty.io.netty.util.concurrent.SingleThreadEventExecutor$5.run(SingleThreadEventExecutor.java:897)
	at org.apache.ratis.thirdparty.io.netty.util.concurrent.FastThreadLocalRunnable.run(FastThreadLocalRunnable.java:30)
	... 1 more
Caused by: java.net.ConnectException: Connection refused
	... 11 more
2019-10-18 14:30:49,037 [681edbc6-a1fc-42a4-b5ce-4922820de60a@group-FD33B9583E3C-LeaderElection252] INFO  impl.LeaderElection (LeaderElection.java:logAndReturn(56)) - 681edbc6-a1fc-42a4-b5ce-4922820de60a@group-FD33B9583E3C-LeaderElection252: Election REJECTED; received 0 response(s) [] and 2 exception(s); 681edbc6-a1fc-42a4-b5ce-4922820de60a@group-FD33B9583E3C:t252, leader=null, voted=681edbc6-a1fc-42a4-b5ce-4922820de60a, raftlog=681edbc6-a1fc-42a4-b5ce-4922820de60a@group-FD33B9583E3C-SegmentedRaftLog:OPENED:c-1,f-1,i0, conf=-1: [3ee7b367-7b16-44e1-99f8-43aefeda0876:192.168.164.233:46080, 681edbc6-a1fc-42a4-b5ce-4922820de60a:192.168.164.233:44267, 773cce60-eeca-4c1f-a5ec-70084be8b6b9:192.168.164.233:38729], old=null
2019-10-18 14:30:49,037 [681edbc6-a1fc-42a4-b5ce-4922820de60a@group-FD33B9583E3C-LeaderElection252] INFO  impl.LeaderElection (LogUtils.java:infoOrTrace(149)) -   Exception 0: {}
java.util.concurrent.ExecutionException: org.apache.ratis.thirdparty.io.grpc.StatusRuntimeException: UNAVAILABLE: io exception
	at java.util.concurrent.FutureTask.report(FutureTask.java:122)
	at java.util.concurrent.FutureTask.get(FutureTask.java:192)
	at org.apache.ratis.server.impl.LeaderElection.waitForResults(LeaderElection.java:259)
	at org.apache.ratis.server.impl.LeaderElection.askForVotes(LeaderElection.java:197)
	at org.apache.ratis.server.impl.LeaderElection.run(LeaderElection.java:133)
	at java.lang.Thread.run(Thread.java:748)
Caused by: org.apache.ratis.thirdparty.io.grpc.StatusRuntimeException: UNAVAILABLE: io exception
	at org.apache.ratis.thirdparty.io.grpc.stub.ClientCalls.toStatusRuntimeException(ClientCalls.java:233)
	at org.apache.ratis.thirdparty.io.grpc.stub.ClientCalls.getUnchecked(ClientCalls.java:214)
	at org.apache.ratis.thirdparty.io.grpc.stub.ClientCalls.blockingUnaryCall(ClientCalls.java:139)
	at org.apache.ratis.proto.grpc.RaftServerProtocolServiceGrpc$RaftServerProtocolServiceBlockingStub.requestVote(RaftServerProtocolServiceGrpc.java:265)
	at org.apache.ratis.grpc.server.GrpcServerProtocolClient.requestVote(GrpcServerProtocolClient.java:99)
	at org.apache.ratis.grpc.server.GrpcService.requestVote(GrpcService.java:204)
	at org.apache.ratis.server.impl.LeaderElection.lambda$submitRequests$1(LeaderElection.java:234)
	at java.util.concurrent.FutureTask.run(FutureTask.java:266)
	at java.util.concurrent.Executors$RunnableAdapter.call(Executors.java:511)
	at java.util.concurrent.FutureTask.run(FutureTask.java:266)
	at java.util.concurrent.ThreadPoolExecutor.runWorker(ThreadPoolExecutor.java:1149)
	at java.util.concurrent.ThreadPoolExecutor$Worker.run(ThreadPoolExecutor.java:624)
	... 1 more
Caused by: org.apache.ratis.thirdparty.io.netty.channel.AbstractChannel$AnnotatedConnectException: Connection refused: /192.168.164.233:38729
	at sun.nio.ch.SocketChannelImpl.checkConnect(Native Method)
	at sun.nio.ch.SocketChannelImpl.finishConnect(SocketChannelImpl.java:717)
	at org.apache.ratis.thirdparty.io.netty.channel.socket.nio.NioSocketChannel.doFinishConnect(NioSocketChannel.java:327)
	at org.apache.ratis.thirdparty.io.netty.channel.nio.AbstractNioChannel$AbstractNioUnsafe.finishConnect(AbstractNioChannel.java:340)
	at org.apache.ratis.thirdparty.io.netty.channel.nio.NioEventLoop.processSelectedKey(NioEventLoop.java:632)
	at org.apache.ratis.thirdparty.io.netty.channel.nio.NioEventLoop.processSelectedKeysOptimized(NioEventLoop.java:579)
	at org.apache.ratis.thirdparty.io.netty.channel.nio.NioEventLoop.processSelectedKeys(NioEventLoop.java:496)
	at org.apache.ratis.thirdparty.io.netty.channel.nio.NioEventLoop.run(NioEventLoop.java:458)
	at org.apache.ratis.thirdparty.io.netty.util.concurrent.SingleThreadEventExecutor$5.run(SingleThreadEventExecutor.java:897)
	at org.apache.ratis.thirdparty.io.netty.util.concurrent.FastThreadLocalRunnable.run(FastThreadLocalRunnable.java:30)
	... 1 more
Caused by: java.net.ConnectException: Connection refused
	... 11 more
2019-10-18 14:30:49,037 [681edbc6-a1fc-42a4-b5ce-4922820de60a@group-FD33B9583E3C-LeaderElection252] INFO  impl.LeaderElection (LogUtils.java:infoOrTrace(149)) -   Exception 1: {}
java.util.concurrent.ExecutionException: org.apache.ratis.thirdparty.io.grpc.StatusRuntimeException: UNAVAILABLE: io exception
	at java.util.concurrent.FutureTask.report(FutureTask.java:122)
	at java.util.concurrent.FutureTask.get(FutureTask.java:192)
	at org.apache.ratis.server.impl.LeaderElection.waitForResults(LeaderElection.java:259)
	at org.apache.ratis.server.impl.LeaderElection.askForVotes(LeaderElection.java:197)
	at org.apache.ratis.server.impl.LeaderElection.run(LeaderElection.java:133)
	at java.lang.Thread.run(Thread.java:748)
Caused by: org.apache.ratis.thirdparty.io.grpc.StatusRuntimeException: UNAVAILABLE: io exception
	at org.apache.ratis.thirdparty.io.grpc.stub.ClientCalls.toStatusRuntimeException(ClientCalls.java:233)
	at org.apache.ratis.thirdparty.io.grpc.stub.ClientCalls.getUnchecked(ClientCalls.java:214)
	at org.apache.ratis.thirdparty.io.grpc.stub.ClientCalls.blockingUnaryCall(ClientCalls.java:139)
	at org.apache.ratis.proto.grpc.RaftServerProtocolServiceGrpc$RaftServerProtocolServiceBlockingStub.requestVote(RaftServerProtocolServiceGrpc.java:265)
	at org.apache.ratis.grpc.server.GrpcServerProtocolClient.requestVote(GrpcServerProtocolClient.java:99)
	at org.apache.ratis.grpc.server.GrpcService.requestVote(GrpcService.java:204)
	at org.apache.ratis.server.impl.LeaderElection.lambda$submitRequests$1(LeaderElection.java:234)
	at java.util.concurrent.FutureTask.run(FutureTask.java:266)
	at java.util.concurrent.Executors$RunnableAdapter.call(Executors.java:511)
	at java.util.concurrent.FutureTask.run(FutureTask.java:266)
	at java.util.concurrent.ThreadPoolExecutor.runWorker(ThreadPoolExecutor.java:1149)
	at java.util.concurrent.ThreadPoolExecutor$Worker.run(ThreadPoolExecutor.java:624)
	... 1 more
Caused by: org.apache.ratis.thirdparty.io.netty.channel.AbstractChannel$AnnotatedConnectException: Connection refused: /192.168.164.233:46080
	at sun.nio.ch.SocketChannelImpl.checkConnect(Native Method)
	at sun.nio.ch.SocketChannelImpl.finishConnect(SocketChannelImpl.java:717)
	at org.apache.ratis.thirdparty.io.netty.channel.socket.nio.NioSocketChannel.doFinishConnect(NioSocketChannel.java:327)
	at org.apache.ratis.thirdparty.io.netty.channel.nio.AbstractNioChannel$AbstractNioUnsafe.finishConnect(AbstractNioChannel.java:340)
	at org.apache.ratis.thirdparty.io.netty.channel.nio.NioEventLoop.processSelectedKey(NioEventLoop.java:632)
	at org.apache.ratis.thirdparty.io.netty.channel.nio.NioEventLoop.processSelectedKeysOptimized(NioEventLoop.java:579)
	at org.apache.ratis.thirdparty.io.netty.channel.nio.NioEventLoop.processSelectedKeys(NioEventLoop.java:496)
	at org.apache.ratis.thirdparty.io.netty.channel.nio.NioEventLoop.run(NioEventLoop.java:458)
	at org.apache.ratis.thirdparty.io.netty.util.concurrent.SingleThreadEventExecutor$5.run(SingleThreadEventExecutor.java:897)
	at org.apache.ratis.thirdparty.io.netty.util.concurrent.FastThreadLocalRunnable.run(FastThreadLocalRunnable.java:30)
	... 1 more
Caused by: java.net.ConnectException: Connection refused
	... 11 more
2019-10-18 14:30:49,037 [681edbc6-a1fc-42a4-b5ce-4922820de60a@group-FD33B9583E3C-LeaderElection252] INFO  impl.RaftServerImpl (RaftServerImpl.java:setRole(184)) - 681edbc6-a1fc-42a4-b5ce-4922820de60a@group-FD33B9583E3C: changes role from CANDIDATE to FOLLOWER at term 252 for DISCOVERED_A_NEW_TERM
2019-10-18 14:30:49,038 [681edbc6-a1fc-42a4-b5ce-4922820de60a@group-FD33B9583E3C-LeaderElection252] INFO  impl.RoleInfo (RoleInfo.java:shutdownLeaderElection(134)) - 681edbc6-a1fc-42a4-b5ce-4922820de60a: shutdown LeaderElection
2019-10-18 14:30:49,038 [681edbc6-a1fc-42a4-b5ce-4922820de60a@group-FD33B9583E3C-LeaderElection252] INFO  impl.RoleInfo (RoleInfo.java:updateAndGet(143)) - 681edbc6-a1fc-42a4-b5ce-4922820de60a: start FollowerState
2019-10-18 14:30:49,137 [Thread-1999] INFO  impl.FollowerState (FollowerState.java:run(108)) - 681edbc6-a1fc-42a4-b5ce-4922820de60a@group-FD33B9583E3C-FollowerState: change to CANDIDATE, lastRpcTime:99ms, electionTimeout:99ms
2019-10-18 14:30:49,137 [Thread-1999] INFO  impl.RoleInfo (RoleInfo.java:shutdownFollowerState(121)) - 681edbc6-a1fc-42a4-b5ce-4922820de60a: shutdown FollowerState
2019-10-18 14:30:49,137 [Thread-1999] INFO  impl.RaftServerImpl (RaftServerImpl.java:setRole(184)) - 681edbc6-a1fc-42a4-b5ce-4922820de60a@group-FD33B9583E3C: changes role from  FOLLOWER to CANDIDATE at term 252 for changeToCandidate
2019-10-18 14:30:49,137 [Thread-1999] INFO  impl.RoleInfo (RoleInfo.java:updateAndGet(143)) - 681edbc6-a1fc-42a4-b5ce-4922820de60a: start LeaderElection
2019-10-18 14:30:49,150 [681edbc6-a1fc-42a4-b5ce-4922820de60a@group-FD33B9583E3C-LeaderElection253] INFO  impl.LeaderElection (LeaderElection.java:askForVotes(178)) - 681edbc6-a1fc-42a4-b5ce-4922820de60a@group-FD33B9583E3C-LeaderElection253: begin an election at term 253 for -1: [3ee7b367-7b16-44e1-99f8-43aefeda0876:192.168.164.233:46080, 681edbc6-a1fc-42a4-b5ce-4922820de60a:192.168.164.233:44267, 773cce60-eeca-4c1f-a5ec-70084be8b6b9:192.168.164.233:38729], old=null
2019-10-18 14:30:49,151 [681edbc6-a1fc-42a4-b5ce-4922820de60a@group-FD33B9583E3C-LeaderElection253] INFO  impl.LeaderElection (LogUtils.java:infoOrTrace(149)) - 681edbc6-a1fc-42a4-b5ce-4922820de60a@group-FD33B9583E3C-LeaderElection253 got exception when requesting votes: {}
java.util.concurrent.ExecutionException: org.apache.ratis.thirdparty.io.grpc.StatusRuntimeException: UNAVAILABLE: io exception
	at java.util.concurrent.FutureTask.report(FutureTask.java:122)
	at java.util.concurrent.FutureTask.get(FutureTask.java:192)
	at org.apache.ratis.server.impl.LeaderElection.waitForResults(LeaderElection.java:259)
	at org.apache.ratis.server.impl.LeaderElection.askForVotes(LeaderElection.java:197)
	at org.apache.ratis.server.impl.LeaderElection.run(LeaderElection.java:133)
	at java.lang.Thread.run(Thread.java:748)
Caused by: org.apache.ratis.thirdparty.io.grpc.StatusRuntimeException: UNAVAILABLE: io exception
	at org.apache.ratis.thirdparty.io.grpc.stub.ClientCalls.toStatusRuntimeException(ClientCalls.java:233)
	at org.apache.ratis.thirdparty.io.grpc.stub.ClientCalls.getUnchecked(ClientCalls.java:214)
	at org.apache.ratis.thirdparty.io.grpc.stub.ClientCalls.blockingUnaryCall(ClientCalls.java:139)
	at org.apache.ratis.proto.grpc.RaftServerProtocolServiceGrpc$RaftServerProtocolServiceBlockingStub.requestVote(RaftServerProtocolServiceGrpc.java:265)
	at org.apache.ratis.grpc.server.GrpcServerProtocolClient.requestVote(GrpcServerProtocolClient.java:99)
	at org.apache.ratis.grpc.server.GrpcService.requestVote(GrpcService.java:204)
	at org.apache.ratis.server.impl.LeaderElection.lambda$submitRequests$1(LeaderElection.java:234)
	at java.util.concurrent.FutureTask.run(FutureTask.java:266)
	at java.util.concurrent.Executors$RunnableAdapter.call(Executors.java:511)
	at java.util.concurrent.FutureTask.run(FutureTask.java:266)
	at java.util.concurrent.ThreadPoolExecutor.runWorker(ThreadPoolExecutor.java:1149)
	at java.util.concurrent.ThreadPoolExecutor$Worker.run(ThreadPoolExecutor.java:624)
	... 1 more
Caused by: org.apache.ratis.thirdparty.io.netty.channel.AbstractChannel$AnnotatedConnectException: Connection refused: /192.168.164.233:46080
	at sun.nio.ch.SocketChannelImpl.checkConnect(Native Method)
	at sun.nio.ch.SocketChannelImpl.finishConnect(SocketChannelImpl.java:717)
	at org.apache.ratis.thirdparty.io.netty.channel.socket.nio.NioSocketChannel.doFinishConnect(NioSocketChannel.java:327)
	at org.apache.ratis.thirdparty.io.netty.channel.nio.AbstractNioChannel$AbstractNioUnsafe.finishConnect(AbstractNioChannel.java:340)
	at org.apache.ratis.thirdparty.io.netty.channel.nio.NioEventLoop.processSelectedKey(NioEventLoop.java:632)
	at org.apache.ratis.thirdparty.io.netty.channel.nio.NioEventLoop.processSelectedKeysOptimized(NioEventLoop.java:579)
	at org.apache.ratis.thirdparty.io.netty.channel.nio.NioEventLoop.processSelectedKeys(NioEventLoop.java:496)
	at org.apache.ratis.thirdparty.io.netty.channel.nio.NioEventLoop.run(NioEventLoop.java:458)
	at org.apache.ratis.thirdparty.io.netty.util.concurrent.SingleThreadEventExecutor$5.run(SingleThreadEventExecutor.java:897)
	at org.apache.ratis.thirdparty.io.netty.util.concurrent.FastThreadLocalRunnable.run(FastThreadLocalRunnable.java:30)
	... 1 more
Caused by: java.net.ConnectException: Connection refused
	... 11 more
2019-10-18 14:30:49,152 [681edbc6-a1fc-42a4-b5ce-4922820de60a@group-FD33B9583E3C-LeaderElection253] INFO  impl.LeaderElection (LogUtils.java:infoOrTrace(149)) - 681edbc6-a1fc-42a4-b5ce-4922820de60a@group-FD33B9583E3C-LeaderElection253 got exception when requesting votes: {}
java.util.concurrent.ExecutionException: org.apache.ratis.thirdparty.io.grpc.StatusRuntimeException: UNAVAILABLE: io exception
	at java.util.concurrent.FutureTask.report(FutureTask.java:122)
	at java.util.concurrent.FutureTask.get(FutureTask.java:192)
	at org.apache.ratis.server.impl.LeaderElection.waitForResults(LeaderElection.java:259)
	at org.apache.ratis.server.impl.LeaderElection.askForVotes(LeaderElection.java:197)
	at org.apache.ratis.server.impl.LeaderElection.run(LeaderElection.java:133)
	at java.lang.Thread.run(Thread.java:748)
Caused by: org.apache.ratis.thirdparty.io.grpc.StatusRuntimeException: UNAVAILABLE: io exception
	at org.apache.ratis.thirdparty.io.grpc.stub.ClientCalls.toStatusRuntimeException(ClientCalls.java:233)
	at org.apache.ratis.thirdparty.io.grpc.stub.ClientCalls.getUnchecked(ClientCalls.java:214)
	at org.apache.ratis.thirdparty.io.grpc.stub.ClientCalls.blockingUnaryCall(ClientCalls.java:139)
	at org.apache.ratis.proto.grpc.RaftServerProtocolServiceGrpc$RaftServerProtocolServiceBlockingStub.requestVote(RaftServerProtocolServiceGrpc.java:265)
	at org.apache.ratis.grpc.server.GrpcServerProtocolClient.requestVote(GrpcServerProtocolClient.java:99)
	at org.apache.ratis.grpc.server.GrpcService.requestVote(GrpcService.java:204)
	at org.apache.ratis.server.impl.LeaderElection.lambda$submitRequests$1(LeaderElection.java:234)
	at java.util.concurrent.FutureTask.run(FutureTask.java:266)
	at java.util.concurrent.Executors$RunnableAdapter.call(Executors.java:511)
	at java.util.concurrent.FutureTask.run(FutureTask.java:266)
	at java.util.concurrent.ThreadPoolExecutor.runWorker(ThreadPoolExecutor.java:1149)
	at java.util.concurrent.ThreadPoolExecutor$Worker.run(ThreadPoolExecutor.java:624)
	... 1 more
Caused by: org.apache.ratis.thirdparty.io.netty.channel.AbstractChannel$AnnotatedConnectException: Connection refused: /192.168.164.233:38729
	at sun.nio.ch.SocketChannelImpl.checkConnect(Native Method)
	at sun.nio.ch.SocketChannelImpl.finishConnect(SocketChannelImpl.java:717)
	at org.apache.ratis.thirdparty.io.netty.channel.socket.nio.NioSocketChannel.doFinishConnect(NioSocketChannel.java:327)
	at org.apache.ratis.thirdparty.io.netty.channel.nio.AbstractNioChannel$AbstractNioUnsafe.finishConnect(AbstractNioChannel.java:340)
	at org.apache.ratis.thirdparty.io.netty.channel.nio.NioEventLoop.processSelectedKey(NioEventLoop.java:632)
	at org.apache.ratis.thirdparty.io.netty.channel.nio.NioEventLoop.processSelectedKeysOptimized(NioEventLoop.java:579)
	at org.apache.ratis.thirdparty.io.netty.channel.nio.NioEventLoop.processSelectedKeys(NioEventLoop.java:496)
	at org.apache.ratis.thirdparty.io.netty.channel.nio.NioEventLoop.run(NioEventLoop.java:458)
	at org.apache.ratis.thirdparty.io.netty.util.concurrent.SingleThreadEventExecutor$5.run(SingleThreadEventExecutor.java:897)
	at org.apache.ratis.thirdparty.io.netty.util.concurrent.FastThreadLocalRunnable.run(FastThreadLocalRunnable.java:30)
	... 1 more
Caused by: java.net.ConnectException: Connection refused
	... 11 more
2019-10-18 14:30:49,153 [681edbc6-a1fc-42a4-b5ce-4922820de60a@group-FD33B9583E3C-LeaderElection253] INFO  impl.LeaderElection (LeaderElection.java:logAndReturn(56)) - 681edbc6-a1fc-42a4-b5ce-4922820de60a@group-FD33B9583E3C-LeaderElection253: Election REJECTED; received 0 response(s) [] and 2 exception(s); 681edbc6-a1fc-42a4-b5ce-4922820de60a@group-FD33B9583E3C:t253, leader=null, voted=681edbc6-a1fc-42a4-b5ce-4922820de60a, raftlog=681edbc6-a1fc-42a4-b5ce-4922820de60a@group-FD33B9583E3C-SegmentedRaftLog:OPENED:c-1,f-1,i0, conf=-1: [3ee7b367-7b16-44e1-99f8-43aefeda0876:192.168.164.233:46080, 681edbc6-a1fc-42a4-b5ce-4922820de60a:192.168.164.233:44267, 773cce60-eeca-4c1f-a5ec-70084be8b6b9:192.168.164.233:38729], old=null
2019-10-18 14:30:49,153 [681edbc6-a1fc-42a4-b5ce-4922820de60a@group-FD33B9583E3C-LeaderElection253] INFO  impl.LeaderElection (LogUtils.java:infoOrTrace(149)) -   Exception 0: {}
java.util.concurrent.ExecutionException: org.apache.ratis.thirdparty.io.grpc.StatusRuntimeException: UNAVAILABLE: io exception
	at java.util.concurrent.FutureTask.report(FutureTask.java:122)
	at java.util.concurrent.FutureTask.get(FutureTask.java:192)
	at org.apache.ratis.server.impl.LeaderElection.waitForResults(LeaderElection.java:259)
	at org.apache.ratis.server.impl.LeaderElection.askForVotes(LeaderElection.java:197)
	at org.apache.ratis.server.impl.LeaderElection.run(LeaderElection.java:133)
	at java.lang.Thread.run(Thread.java:748)
Caused by: org.apache.ratis.thirdparty.io.grpc.StatusRuntimeException: UNAVAILABLE: io exception
	at org.apache.ratis.thirdparty.io.grpc.stub.ClientCalls.toStatusRuntimeException(ClientCalls.java:233)
	at org.apache.ratis.thirdparty.io.grpc.stub.ClientCalls.getUnchecked(ClientCalls.java:214)
	at org.apache.ratis.thirdparty.io.grpc.stub.ClientCalls.blockingUnaryCall(ClientCalls.java:139)
	at org.apache.ratis.proto.grpc.RaftServerProtocolServiceGrpc$RaftServerProtocolServiceBlockingStub.requestVote(RaftServerProtocolServiceGrpc.java:265)
	at org.apache.ratis.grpc.server.GrpcServerProtocolClient.requestVote(GrpcServerProtocolClient.java:99)
	at org.apache.ratis.grpc.server.GrpcService.requestVote(GrpcService.java:204)
	at org.apache.ratis.server.impl.LeaderElection.lambda$submitRequests$1(LeaderElection.java:234)
	at java.util.concurrent.FutureTask.run(FutureTask.java:266)
	at java.util.concurrent.Executors$RunnableAdapter.call(Executors.java:511)
	at java.util.concurrent.FutureTask.run(FutureTask.java:266)
	at java.util.concurrent.ThreadPoolExecutor.runWorker(ThreadPoolExecutor.java:1149)
	at java.util.concurrent.ThreadPoolExecutor$Worker.run(ThreadPoolExecutor.java:624)
	... 1 more
Caused by: org.apache.ratis.thirdparty.io.netty.channel.AbstractChannel$AnnotatedConnectException: Connection refused: /192.168.164.233:46080
	at sun.nio.ch.SocketChannelImpl.checkConnect(Native Method)
	at sun.nio.ch.SocketChannelImpl.finishConnect(SocketChannelImpl.java:717)
	at org.apache.ratis.thirdparty.io.netty.channel.socket.nio.NioSocketChannel.doFinishConnect(NioSocketChannel.java:327)
	at org.apache.ratis.thirdparty.io.netty.channel.nio.AbstractNioChannel$AbstractNioUnsafe.finishConnect(AbstractNioChannel.java:340)
	at org.apache.ratis.thirdparty.io.netty.channel.nio.NioEventLoop.processSelectedKey(NioEventLoop.java:632)
	at org.apache.ratis.thirdparty.io.netty.channel.nio.NioEventLoop.processSelectedKeysOptimized(NioEventLoop.java:579)
	at org.apache.ratis.thirdparty.io.netty.channel.nio.NioEventLoop.processSelectedKeys(NioEventLoop.java:496)
	at org.apache.ratis.thirdparty.io.netty.channel.nio.NioEventLoop.run(NioEventLoop.java:458)
	at org.apache.ratis.thirdparty.io.netty.util.concurrent.SingleThreadEventExecutor$5.run(SingleThreadEventExecutor.java:897)
	at org.apache.ratis.thirdparty.io.netty.util.concurrent.FastThreadLocalRunnable.run(FastThreadLocalRunnable.java:30)
	... 1 more
Caused by: java.net.ConnectException: Connection refused
	... 11 more
2019-10-18 14:30:49,153 [681edbc6-a1fc-42a4-b5ce-4922820de60a@group-FD33B9583E3C-LeaderElection253] INFO  impl.LeaderElection (LogUtils.java:infoOrTrace(149)) -   Exception 1: {}
java.util.concurrent.ExecutionException: org.apache.ratis.thirdparty.io.grpc.StatusRuntimeException: UNAVAILABLE: io exception
	at java.util.concurrent.FutureTask.report(FutureTask.java:122)
	at java.util.concurrent.FutureTask.get(FutureTask.java:192)
	at org.apache.ratis.server.impl.LeaderElection.waitForResults(LeaderElection.java:259)
	at org.apache.ratis.server.impl.LeaderElection.askForVotes(LeaderElection.java:197)
	at org.apache.ratis.server.impl.LeaderElection.run(LeaderElection.java:133)
	at java.lang.Thread.run(Thread.java:748)
Caused by: org.apache.ratis.thirdparty.io.grpc.StatusRuntimeException: UNAVAILABLE: io exception
	at org.apache.ratis.thirdparty.io.grpc.stub.ClientCalls.toStatusRuntimeException(ClientCalls.java:233)
	at org.apache.ratis.thirdparty.io.grpc.stub.ClientCalls.getUnchecked(ClientCalls.java:214)
	at org.apache.ratis.thirdparty.io.grpc.stub.ClientCalls.blockingUnaryCall(ClientCalls.java:139)
	at org.apache.ratis.proto.grpc.RaftServerProtocolServiceGrpc$RaftServerProtocolServiceBlockingStub.requestVote(RaftServerProtocolServiceGrpc.java:265)
	at org.apache.ratis.grpc.server.GrpcServerProtocolClient.requestVote(GrpcServerProtocolClient.java:99)
	at org.apache.ratis.grpc.server.GrpcService.requestVote(GrpcService.java:204)
	at org.apache.ratis.server.impl.LeaderElection.lambda$submitRequests$1(LeaderElection.java:234)
	at java.util.concurrent.FutureTask.run(FutureTask.java:266)
	at java.util.concurrent.Executors$RunnableAdapter.call(Executors.java:511)
	at java.util.concurrent.FutureTask.run(FutureTask.java:266)
	at java.util.concurrent.ThreadPoolExecutor.runWorker(ThreadPoolExecutor.java:1149)
	at java.util.concurrent.ThreadPoolExecutor$Worker.run(ThreadPoolExecutor.java:624)
	... 1 more
Caused by: org.apache.ratis.thirdparty.io.netty.channel.AbstractChannel$AnnotatedConnectException: Connection refused: /192.168.164.233:38729
	at sun.nio.ch.SocketChannelImpl.checkConnect(Native Method)
	at sun.nio.ch.SocketChannelImpl.finishConnect(SocketChannelImpl.java:717)
	at org.apache.ratis.thirdparty.io.netty.channel.socket.nio.NioSocketChannel.doFinishConnect(NioSocketChannel.java:327)
	at org.apache.ratis.thirdparty.io.netty.channel.nio.AbstractNioChannel$AbstractNioUnsafe.finishConnect(AbstractNioChannel.java:340)
	at org.apache.ratis.thirdparty.io.netty.channel.nio.NioEventLoop.processSelectedKey(NioEventLoop.java:632)
	at org.apache.ratis.thirdparty.io.netty.channel.nio.NioEventLoop.processSelectedKeysOptimized(NioEventLoop.java:579)
	at org.apache.ratis.thirdparty.io.netty.channel.nio.NioEventLoop.processSelectedKeys(NioEventLoop.java:496)
	at org.apache.ratis.thirdparty.io.netty.channel.nio.NioEventLoop.run(NioEventLoop.java:458)
	at org.apache.ratis.thirdparty.io.netty.util.concurrent.SingleThreadEventExecutor$5.run(SingleThreadEventExecutor.java:897)
	at org.apache.ratis.thirdparty.io.netty.util.concurrent.FastThreadLocalRunnable.run(FastThreadLocalRunnable.java:30)
	... 1 more
Caused by: java.net.ConnectException: Connection refused
	... 11 more
2019-10-18 14:30:49,154 [681edbc6-a1fc-42a4-b5ce-4922820de60a@group-FD33B9583E3C-LeaderElection253] INFO  impl.RaftServerImpl (RaftServerImpl.java:setRole(184)) - 681edbc6-a1fc-42a4-b5ce-4922820de60a@group-FD33B9583E3C: changes role from CANDIDATE to FOLLOWER at term 253 for DISCOVERED_A_NEW_TERM
2019-10-18 14:30:49,154 [681edbc6-a1fc-42a4-b5ce-4922820de60a@group-FD33B9583E3C-LeaderElection253] INFO  impl.RoleInfo (RoleInfo.java:shutdownLeaderElection(134)) - 681edbc6-a1fc-42a4-b5ce-4922820de60a: shutdown LeaderElection
2019-10-18 14:30:49,154 [681edbc6-a1fc-42a4-b5ce-4922820de60a@group-FD33B9583E3C-LeaderElection253] INFO  impl.RoleInfo (RoleInfo.java:updateAndGet(143)) - 681edbc6-a1fc-42a4-b5ce-4922820de60a: start FollowerState
2019-10-18 14:30:49,188 [java.util.concurrent.ThreadPoolExecutor$Worker@3bb98041[State = -1, empty queue]] WARN  server.GrpcLogAppender (GrpcLogAppender.java:timeoutAppendRequest(209)) - 9a797c4a-b775-4cca-8778-469ce6187395@group-9826AF1559E2->04371d53-951f-40a0-9bd2-eaa7c72eca17-GrpcLogAppender: appendEntries Timeout, request=9a797c4a-b775-4cca-8778-469ce6187395->04371d53-951f-40a0-9bd2-eaa7c72eca17#0-t2, previous=(t:1, i:15), leaderCommit=15, initializing? false, entries: <empty>
2019-10-18 14:30:49,207 [Thread-2003] INFO  impl.FollowerState (FollowerState.java:run(108)) - 681edbc6-a1fc-42a4-b5ce-4922820de60a@group-FD33B9583E3C-FollowerState: change to CANDIDATE, lastRpcTime:53ms, electionTimeout:53ms
2019-10-18 14:30:49,208 [Thread-2003] INFO  impl.RoleInfo (RoleInfo.java:shutdownFollowerState(121)) - 681edbc6-a1fc-42a4-b5ce-4922820de60a: shutdown FollowerState
2019-10-18 14:30:49,208 [Thread-2003] INFO  impl.RaftServerImpl (RaftServerImpl.java:setRole(184)) - 681edbc6-a1fc-42a4-b5ce-4922820de60a@group-FD33B9583E3C: changes role from  FOLLOWER to CANDIDATE at term 253 for changeToCandidate
2019-10-18 14:30:49,208 [Thread-2003] INFO  impl.RoleInfo (RoleInfo.java:updateAndGet(143)) - 681edbc6-a1fc-42a4-b5ce-4922820de60a: start LeaderElection
2019-10-18 14:30:49,221 [681edbc6-a1fc-42a4-b5ce-4922820de60a@group-FD33B9583E3C-LeaderElection254] INFO  impl.LeaderElection (LeaderElection.java:askForVotes(178)) - 681edbc6-a1fc-42a4-b5ce-4922820de60a@group-FD33B9583E3C-LeaderElection254: begin an election at term 254 for -1: [3ee7b367-7b16-44e1-99f8-43aefeda0876:192.168.164.233:46080, 681edbc6-a1fc-42a4-b5ce-4922820de60a:192.168.164.233:44267, 773cce60-eeca-4c1f-a5ec-70084be8b6b9:192.168.164.233:38729], old=null
2019-10-18 14:30:49,222 [681edbc6-a1fc-42a4-b5ce-4922820de60a@group-FD33B9583E3C-LeaderElection254] INFO  impl.LeaderElection (LogUtils.java:infoOrTrace(149)) - 681edbc6-a1fc-42a4-b5ce-4922820de60a@group-FD33B9583E3C-LeaderElection254 got exception when requesting votes: {}
java.util.concurrent.ExecutionException: org.apache.ratis.thirdparty.io.grpc.StatusRuntimeException: UNAVAILABLE: io exception
	at java.util.concurrent.FutureTask.report(FutureTask.java:122)
	at java.util.concurrent.FutureTask.get(FutureTask.java:192)
	at org.apache.ratis.server.impl.LeaderElection.waitForResults(LeaderElection.java:259)
	at org.apache.ratis.server.impl.LeaderElection.askForVotes(LeaderElection.java:197)
	at org.apache.ratis.server.impl.LeaderElection.run(LeaderElection.java:133)
	at java.lang.Thread.run(Thread.java:748)
Caused by: org.apache.ratis.thirdparty.io.grpc.StatusRuntimeException: UNAVAILABLE: io exception
	at org.apache.ratis.thirdparty.io.grpc.stub.ClientCalls.toStatusRuntimeException(ClientCalls.java:233)
	at org.apache.ratis.thirdparty.io.grpc.stub.ClientCalls.getUnchecked(ClientCalls.java:214)
	at org.apache.ratis.thirdparty.io.grpc.stub.ClientCalls.blockingUnaryCall(ClientCalls.java:139)
	at org.apache.ratis.proto.grpc.RaftServerProtocolServiceGrpc$RaftServerProtocolServiceBlockingStub.requestVote(RaftServerProtocolServiceGrpc.java:265)
	at org.apache.ratis.grpc.server.GrpcServerProtocolClient.requestVote(GrpcServerProtocolClient.java:99)
	at org.apache.ratis.grpc.server.GrpcService.requestVote(GrpcService.java:204)
	at org.apache.ratis.server.impl.LeaderElection.lambda$submitRequests$1(LeaderElection.java:234)
	at java.util.concurrent.FutureTask.run(FutureTask.java:266)
	at java.util.concurrent.Executors$RunnableAdapter.call(Executors.java:511)
	at java.util.concurrent.FutureTask.run(FutureTask.java:266)
	at java.util.concurrent.ThreadPoolExecutor.runWorker(ThreadPoolExecutor.java:1149)
	at java.util.concurrent.ThreadPoolExecutor$Worker.run(ThreadPoolExecutor.java:624)
	... 1 more
Caused by: org.apache.ratis.thirdparty.io.netty.channel.AbstractChannel$AnnotatedConnectException: Connection refused: /192.168.164.233:46080
	at sun.nio.ch.SocketChannelImpl.checkConnect(Native Method)
	at sun.nio.ch.SocketChannelImpl.finishConnect(SocketChannelImpl.java:717)
	at org.apache.ratis.thirdparty.io.netty.channel.socket.nio.NioSocketChannel.doFinishConnect(NioSocketChannel.java:327)
	at org.apache.ratis.thirdparty.io.netty.channel.nio.AbstractNioChannel$AbstractNioUnsafe.finishConnect(AbstractNioChannel.java:340)
	at org.apache.ratis.thirdparty.io.netty.channel.nio.NioEventLoop.processSelectedKey(NioEventLoop.java:632)
	at org.apache.ratis.thirdparty.io.netty.channel.nio.NioEventLoop.processSelectedKeysOptimized(NioEventLoop.java:579)
	at org.apache.ratis.thirdparty.io.netty.channel.nio.NioEventLoop.processSelectedKeys(NioEventLoop.java:496)
	at org.apache.ratis.thirdparty.io.netty.channel.nio.NioEventLoop.run(NioEventLoop.java:458)
	at org.apache.ratis.thirdparty.io.netty.util.concurrent.SingleThreadEventExecutor$5.run(SingleThreadEventExecutor.java:897)
	at org.apache.ratis.thirdparty.io.netty.util.concurrent.FastThreadLocalRunnable.run(FastThreadLocalRunnable.java:30)
	... 1 more
Caused by: java.net.ConnectException: Connection refused
	... 11 more
2019-10-18 14:30:49,222 [681edbc6-a1fc-42a4-b5ce-4922820de60a@group-FD33B9583E3C-LeaderElection254] INFO  impl.LeaderElection (LogUtils.java:infoOrTrace(149)) - 681edbc6-a1fc-42a4-b5ce-4922820de60a@group-FD33B9583E3C-LeaderElection254 got exception when requesting votes: {}
java.util.concurrent.ExecutionException: org.apache.ratis.thirdparty.io.grpc.StatusRuntimeException: UNAVAILABLE: io exception
	at java.util.concurrent.FutureTask.report(FutureTask.java:122)
	at java.util.concurrent.FutureTask.get(FutureTask.java:192)
	at org.apache.ratis.server.impl.LeaderElection.waitForResults(LeaderElection.java:259)
	at org.apache.ratis.server.impl.LeaderElection.askForVotes(LeaderElection.java:197)
	at org.apache.ratis.server.impl.LeaderElection.run(LeaderElection.java:133)
	at java.lang.Thread.run(Thread.java:748)
Caused by: org.apache.ratis.thirdparty.io.grpc.StatusRuntimeException: UNAVAILABLE: io exception
	at org.apache.ratis.thirdparty.io.grpc.stub.ClientCalls.toStatusRuntimeException(ClientCalls.java:233)
	at org.apache.ratis.thirdparty.io.grpc.stub.ClientCalls.getUnchecked(ClientCalls.java:214)
	at org.apache.ratis.thirdparty.io.grpc.stub.ClientCalls.blockingUnaryCall(ClientCalls.java:139)
	at org.apache.ratis.proto.grpc.RaftServerProtocolServiceGrpc$RaftServerProtocolServiceBlockingStub.requestVote(RaftServerProtocolServiceGrpc.java:265)
	at org.apache.ratis.grpc.server.GrpcServerProtocolClient.requestVote(GrpcServerProtocolClient.java:99)
	at org.apache.ratis.grpc.server.GrpcService.requestVote(GrpcService.java:204)
	at org.apache.ratis.server.impl.LeaderElection.lambda$submitRequests$1(LeaderElection.java:234)
	at java.util.concurrent.FutureTask.run(FutureTask.java:266)
	at java.util.concurrent.Executors$RunnableAdapter.call(Executors.java:511)
	at java.util.concurrent.FutureTask.run(FutureTask.java:266)
	at java.util.concurrent.ThreadPoolExecutor.runWorker(ThreadPoolExecutor.java:1149)
	at java.util.concurrent.ThreadPoolExecutor$Worker.run(ThreadPoolExecutor.java:624)
	... 1 more
Caused by: org.apache.ratis.thirdparty.io.netty.channel.AbstractChannel$AnnotatedConnectException: Connection refused: /192.168.164.233:38729
	at sun.nio.ch.SocketChannelImpl.checkConnect(Native Method)
	at sun.nio.ch.SocketChannelImpl.finishConnect(SocketChannelImpl.java:717)
	at org.apache.ratis.thirdparty.io.netty.channel.socket.nio.NioSocketChannel.doFinishConnect(NioSocketChannel.java:327)
	at org.apache.ratis.thirdparty.io.netty.channel.nio.AbstractNioChannel$AbstractNioUnsafe.finishConnect(AbstractNioChannel.java:340)
	at org.apache.ratis.thirdparty.io.netty.channel.nio.NioEventLoop.processSelectedKey(NioEventLoop.java:632)
	at org.apache.ratis.thirdparty.io.netty.channel.nio.NioEventLoop.processSelectedKeysOptimized(NioEventLoop.java:579)
	at org.apache.ratis.thirdparty.io.netty.channel.nio.NioEventLoop.processSelectedKeys(NioEventLoop.java:496)
	at org.apache.ratis.thirdparty.io.netty.channel.nio.NioEventLoop.run(NioEventLoop.java:458)
	at org.apache.ratis.thirdparty.io.netty.util.concurrent.SingleThreadEventExecutor$5.run(SingleThreadEventExecutor.java:897)
	at org.apache.ratis.thirdparty.io.netty.util.concurrent.FastThreadLocalRunnable.run(FastThreadLocalRunnable.java:30)
	... 1 more
Caused by: java.net.ConnectException: Connection refused
	... 11 more
2019-10-18 14:30:49,223 [681edbc6-a1fc-42a4-b5ce-4922820de60a@group-FD33B9583E3C-LeaderElection254] INFO  impl.LeaderElection (LeaderElection.java:logAndReturn(56)) - 681edbc6-a1fc-42a4-b5ce-4922820de60a@group-FD33B9583E3C-LeaderElection254: Election REJECTED; received 0 response(s) [] and 2 exception(s); 681edbc6-a1fc-42a4-b5ce-4922820de60a@group-FD33B9583E3C:t254, leader=null, voted=681edbc6-a1fc-42a4-b5ce-4922820de60a, raftlog=681edbc6-a1fc-42a4-b5ce-4922820de60a@group-FD33B9583E3C-SegmentedRaftLog:OPENED:c-1,f-1,i0, conf=-1: [3ee7b367-7b16-44e1-99f8-43aefeda0876:192.168.164.233:46080, 681edbc6-a1fc-42a4-b5ce-4922820de60a:192.168.164.233:44267, 773cce60-eeca-4c1f-a5ec-70084be8b6b9:192.168.164.233:38729], old=null
2019-10-18 14:30:49,223 [681edbc6-a1fc-42a4-b5ce-4922820de60a@group-FD33B9583E3C-LeaderElection254] INFO  impl.LeaderElection (LogUtils.java:infoOrTrace(149)) -   Exception 0: {}
java.util.concurrent.ExecutionException: org.apache.ratis.thirdparty.io.grpc.StatusRuntimeException: UNAVAILABLE: io exception
	at java.util.concurrent.FutureTask.report(FutureTask.java:122)
	at java.util.concurrent.FutureTask.get(FutureTask.java:192)
	at org.apache.ratis.server.impl.LeaderElection.waitForResults(LeaderElection.java:259)
	at org.apache.ratis.server.impl.LeaderElection.askForVotes(LeaderElection.java:197)
	at org.apache.ratis.server.impl.LeaderElection.run(LeaderElection.java:133)
	at java.lang.Thread.run(Thread.java:748)
Caused by: org.apache.ratis.thirdparty.io.grpc.StatusRuntimeException: UNAVAILABLE: io exception
	at org.apache.ratis.thirdparty.io.grpc.stub.ClientCalls.toStatusRuntimeException(ClientCalls.java:233)
	at org.apache.ratis.thirdparty.io.grpc.stub.ClientCalls.getUnchecked(ClientCalls.java:214)
	at org.apache.ratis.thirdparty.io.grpc.stub.ClientCalls.blockingUnaryCall(ClientCalls.java:139)
	at org.apache.ratis.proto.grpc.RaftServerProtocolServiceGrpc$RaftServerProtocolServiceBlockingStub.requestVote(RaftServerProtocolServiceGrpc.java:265)
	at org.apache.ratis.grpc.server.GrpcServerProtocolClient.requestVote(GrpcServerProtocolClient.java:99)
	at org.apache.ratis.grpc.server.GrpcService.requestVote(GrpcService.java:204)
	at org.apache.ratis.server.impl.LeaderElection.lambda$submitRequests$1(LeaderElection.java:234)
	at java.util.concurrent.FutureTask.run(FutureTask.java:266)
	at java.util.concurrent.Executors$RunnableAdapter.call(Executors.java:511)
	at java.util.concurrent.FutureTask.run(FutureTask.java:266)
	at java.util.concurrent.ThreadPoolExecutor.runWorker(ThreadPoolExecutor.java:1149)
	at java.util.concurrent.ThreadPoolExecutor$Worker.run(ThreadPoolExecutor.java:624)
	... 1 more
Caused by: org.apache.ratis.thirdparty.io.netty.channel.AbstractChannel$AnnotatedConnectException: Connection refused: /192.168.164.233:46080
	at sun.nio.ch.SocketChannelImpl.checkConnect(Native Method)
	at sun.nio.ch.SocketChannelImpl.finishConnect(SocketChannelImpl.java:717)
	at org.apache.ratis.thirdparty.io.netty.channel.socket.nio.NioSocketChannel.doFinishConnect(NioSocketChannel.java:327)
	at org.apache.ratis.thirdparty.io.netty.channel.nio.AbstractNioChannel$AbstractNioUnsafe.finishConnect(AbstractNioChannel.java:340)
	at org.apache.ratis.thirdparty.io.netty.channel.nio.NioEventLoop.processSelectedKey(NioEventLoop.java:632)
	at org.apache.ratis.thirdparty.io.netty.channel.nio.NioEventLoop.processSelectedKeysOptimized(NioEventLoop.java:579)
	at org.apache.ratis.thirdparty.io.netty.channel.nio.NioEventLoop.processSelectedKeys(NioEventLoop.java:496)
	at org.apache.ratis.thirdparty.io.netty.channel.nio.NioEventLoop.run(NioEventLoop.java:458)
	at org.apache.ratis.thirdparty.io.netty.util.concurrent.SingleThreadEventExecutor$5.run(SingleThreadEventExecutor.java:897)
	at org.apache.ratis.thirdparty.io.netty.util.concurrent.FastThreadLocalRunnable.run(FastThreadLocalRunnable.java:30)
	... 1 more
Caused by: java.net.ConnectException: Connection refused
	... 11 more
2019-10-18 14:30:49,223 [681edbc6-a1fc-42a4-b5ce-4922820de60a@group-FD33B9583E3C-LeaderElection254] INFO  impl.LeaderElection (LogUtils.java:infoOrTrace(149)) -   Exception 1: {}
java.util.concurrent.ExecutionException: org.apache.ratis.thirdparty.io.grpc.StatusRuntimeException: UNAVAILABLE: io exception
	at java.util.concurrent.FutureTask.report(FutureTask.java:122)
	at java.util.concurrent.FutureTask.get(FutureTask.java:192)
	at org.apache.ratis.server.impl.LeaderElection.waitForResults(LeaderElection.java:259)
	at org.apache.ratis.server.impl.LeaderElection.askForVotes(LeaderElection.java:197)
	at org.apache.ratis.server.impl.LeaderElection.run(LeaderElection.java:133)
	at java.lang.Thread.run(Thread.java:748)
Caused by: org.apache.ratis.thirdparty.io.grpc.StatusRuntimeException: UNAVAILABLE: io exception
	at org.apache.ratis.thirdparty.io.grpc.stub.ClientCalls.toStatusRuntimeException(ClientCalls.java:233)
	at org.apache.ratis.thirdparty.io.grpc.stub.ClientCalls.getUnchecked(ClientCalls.java:214)
	at org.apache.ratis.thirdparty.io.grpc.stub.ClientCalls.blockingUnaryCall(ClientCalls.java:139)
	at org.apache.ratis.proto.grpc.RaftServerProtocolServiceGrpc$RaftServerProtocolServiceBlockingStub.requestVote(RaftServerProtocolServiceGrpc.java:265)
	at org.apache.ratis.grpc.server.GrpcServerProtocolClient.requestVote(GrpcServerProtocolClient.java:99)
	at org.apache.ratis.grpc.server.GrpcService.requestVote(GrpcService.java:204)
	at org.apache.ratis.server.impl.LeaderElection.lambda$submitRequests$1(LeaderElection.java:234)
	at java.util.concurrent.FutureTask.run(FutureTask.java:266)
	at java.util.concurrent.Executors$RunnableAdapter.call(Executors.java:511)
	at java.util.concurrent.FutureTask.run(FutureTask.java:266)
	at java.util.concurrent.ThreadPoolExecutor.runWorker(ThreadPoolExecutor.java:1149)
	at java.util.concurrent.ThreadPoolExecutor$Worker.run(ThreadPoolExecutor.java:624)
	... 1 more
Caused by: org.apache.ratis.thirdparty.io.netty.channel.AbstractChannel$AnnotatedConnectException: Connection refused: /192.168.164.233:38729
	at sun.nio.ch.SocketChannelImpl.checkConnect(Native Method)
	at sun.nio.ch.SocketChannelImpl.finishConnect(SocketChannelImpl.java:717)
	at org.apache.ratis.thirdparty.io.netty.channel.socket.nio.NioSocketChannel.doFinishConnect(NioSocketChannel.java:327)
	at org.apache.ratis.thirdparty.io.netty.channel.nio.AbstractNioChannel$AbstractNioUnsafe.finishConnect(AbstractNioChannel.java:340)
	at org.apache.ratis.thirdparty.io.netty.channel.nio.NioEventLoop.processSelectedKey(NioEventLoop.java:632)
	at org.apache.ratis.thirdparty.io.netty.channel.nio.NioEventLoop.processSelectedKeysOptimized(NioEventLoop.java:579)
	at org.apache.ratis.thirdparty.io.netty.channel.nio.NioEventLoop.processSelectedKeys(NioEventLoop.java:496)
	at org.apache.ratis.thirdparty.io.netty.channel.nio.NioEventLoop.run(NioEventLoop.java:458)
	at org.apache.ratis.thirdparty.io.netty.util.concurrent.SingleThreadEventExecutor$5.run(SingleThreadEventExecutor.java:897)
	at org.apache.ratis.thirdparty.io.netty.util.concurrent.FastThreadLocalRunnable.run(FastThreadLocalRunnable.java:30)
	... 1 more
Caused by: java.net.ConnectException: Connection refused
	... 11 more
2019-10-18 14:30:49,224 [681edbc6-a1fc-42a4-b5ce-4922820de60a@group-FD33B9583E3C-LeaderElection254] INFO  impl.RaftServerImpl (RaftServerImpl.java:setRole(184)) - 681edbc6-a1fc-42a4-b5ce-4922820de60a@group-FD33B9583E3C: changes role from CANDIDATE to FOLLOWER at term 254 for DISCOVERED_A_NEW_TERM
2019-10-18 14:30:49,224 [681edbc6-a1fc-42a4-b5ce-4922820de60a@group-FD33B9583E3C-LeaderElection254] INFO  impl.RoleInfo (RoleInfo.java:shutdownLeaderElection(134)) - 681edbc6-a1fc-42a4-b5ce-4922820de60a: shutdown LeaderElection
2019-10-18 14:30:49,224 [681edbc6-a1fc-42a4-b5ce-4922820de60a@group-FD33B9583E3C-LeaderElection254] INFO  impl.RoleInfo (RoleInfo.java:updateAndGet(143)) - 681edbc6-a1fc-42a4-b5ce-4922820de60a: start FollowerState
2019-10-18 14:30:49,224 [java.util.concurrent.ThreadPoolExecutor$Worker@108d80c3[State = -1, empty queue]] WARN  server.GrpcLogAppender (GrpcLogAppender.java:timeoutAppendRequest(209)) - 46c14060-ea78-4b5a-b57c-064e4766b234@group-45DBFE4B8A65->55013cf6-f41f-4339-a52c-06c119893914-GrpcLogAppender: appendEntries Timeout, request=46c14060-ea78-4b5a-b57c-064e4766b234->55013cf6-f41f-4339-a52c-06c119893914#61-t3, previous=(t:3, i:4), leaderCommit=4, initializing? false, entries: <empty>
2019-10-18 14:30:49,224 [java.util.concurrent.ThreadPoolExecutor$Worker@4efed47c[State = -1, empty queue]] WARN  server.GrpcLogAppender (GrpcLogAppender.java:timeoutAppendRequest(209)) - 46c14060-ea78-4b5a-b57c-064e4766b234@group-45DBFE4B8A65->a4757974-e77e-4a1a-a400-c32fe273093a-GrpcLogAppender: appendEntries Timeout, request=46c14060-ea78-4b5a-b57c-064e4766b234->a4757974-e77e-4a1a-a400-c32fe273093a#61-t3, previous=(t:3, i:4), leaderCommit=4, initializing? false, entries: <empty>
2019-10-18 14:30:49,302 [Thread-2007] INFO  impl.FollowerState (FollowerState.java:run(108)) - 681edbc6-a1fc-42a4-b5ce-4922820de60a@group-FD33B9583E3C-FollowerState: change to CANDIDATE, lastRpcTime:78ms, electionTimeout:78ms
2019-10-18 14:30:49,302 [Thread-2007] INFO  impl.RoleInfo (RoleInfo.java:shutdownFollowerState(121)) - 681edbc6-a1fc-42a4-b5ce-4922820de60a: shutdown FollowerState
2019-10-18 14:30:49,302 [Thread-2007] INFO  impl.RaftServerImpl (RaftServerImpl.java:setRole(184)) - 681edbc6-a1fc-42a4-b5ce-4922820de60a@group-FD33B9583E3C: changes role from  FOLLOWER to CANDIDATE at term 254 for changeToCandidate
2019-10-18 14:30:49,303 [Thread-2007] INFO  impl.RoleInfo (RoleInfo.java:updateAndGet(143)) - 681edbc6-a1fc-42a4-b5ce-4922820de60a: start LeaderElection
2019-10-18 14:30:49,316 [681edbc6-a1fc-42a4-b5ce-4922820de60a@group-FD33B9583E3C-LeaderElection255] INFO  impl.LeaderElection (LeaderElection.java:askForVotes(178)) - 681edbc6-a1fc-42a4-b5ce-4922820de60a@group-FD33B9583E3C-LeaderElection255: begin an election at term 255 for -1: [3ee7b367-7b16-44e1-99f8-43aefeda0876:192.168.164.233:46080, 681edbc6-a1fc-42a4-b5ce-4922820de60a:192.168.164.233:44267, 773cce60-eeca-4c1f-a5ec-70084be8b6b9:192.168.164.233:38729], old=null
2019-10-18 14:30:49,317 [681edbc6-a1fc-42a4-b5ce-4922820de60a@group-FD33B9583E3C-LeaderElection255] INFO  impl.LeaderElection (LogUtils.java:infoOrTrace(149)) - 681edbc6-a1fc-42a4-b5ce-4922820de60a@group-FD33B9583E3C-LeaderElection255 got exception when requesting votes: {}
java.util.concurrent.ExecutionException: org.apache.ratis.thirdparty.io.grpc.StatusRuntimeException: UNAVAILABLE: io exception
	at java.util.concurrent.FutureTask.report(FutureTask.java:122)
	at java.util.concurrent.FutureTask.get(FutureTask.java:192)
	at org.apache.ratis.server.impl.LeaderElection.waitForResults(LeaderElection.java:259)
	at org.apache.ratis.server.impl.LeaderElection.askForVotes(LeaderElection.java:197)
	at org.apache.ratis.server.impl.LeaderElection.run(LeaderElection.java:133)
	at java.lang.Thread.run(Thread.java:748)
Caused by: org.apache.ratis.thirdparty.io.grpc.StatusRuntimeException: UNAVAILABLE: io exception
	at org.apache.ratis.thirdparty.io.grpc.stub.ClientCalls.toStatusRuntimeException(ClientCalls.java:233)
	at org.apache.ratis.thirdparty.io.grpc.stub.ClientCalls.getUnchecked(ClientCalls.java:214)
	at org.apache.ratis.thirdparty.io.grpc.stub.ClientCalls.blockingUnaryCall(ClientCalls.java:139)
	at org.apache.ratis.proto.grpc.RaftServerProtocolServiceGrpc$RaftServerProtocolServiceBlockingStub.requestVote(RaftServerProtocolServiceGrpc.java:265)
	at org.apache.ratis.grpc.server.GrpcServerProtocolClient.requestVote(GrpcServerProtocolClient.java:99)
	at org.apache.ratis.grpc.server.GrpcService.requestVote(GrpcService.java:204)
	at org.apache.ratis.server.impl.LeaderElection.lambda$submitRequests$1(LeaderElection.java:234)
	at java.util.concurrent.FutureTask.run(FutureTask.java:266)
	at java.util.concurrent.Executors$RunnableAdapter.call(Executors.java:511)
	at java.util.concurrent.FutureTask.run(FutureTask.java:266)
	at java.util.concurrent.ThreadPoolExecutor.runWorker(ThreadPoolExecutor.java:1149)
	at java.util.concurrent.ThreadPoolExecutor$Worker.run(ThreadPoolExecutor.java:624)
	... 1 more
Caused by: org.apache.ratis.thirdparty.io.netty.channel.AbstractChannel$AnnotatedConnectException: Connection refused: /192.168.164.233:38729
	at sun.nio.ch.SocketChannelImpl.checkConnect(Native Method)
	at sun.nio.ch.SocketChannelImpl.finishConnect(SocketChannelImpl.java:717)
	at org.apache.ratis.thirdparty.io.netty.channel.socket.nio.NioSocketChannel.doFinishConnect(NioSocketChannel.java:327)
	at org.apache.ratis.thirdparty.io.netty.channel.nio.AbstractNioChannel$AbstractNioUnsafe.finishConnect(AbstractNioChannel.java:340)
	at org.apache.ratis.thirdparty.io.netty.channel.nio.NioEventLoop.processSelectedKey(NioEventLoop.java:632)
	at org.apache.ratis.thirdparty.io.netty.channel.nio.NioEventLoop.processSelectedKeysOptimized(NioEventLoop.java:579)
	at org.apache.ratis.thirdparty.io.netty.channel.nio.NioEventLoop.processSelectedKeys(NioEventLoop.java:496)
	at org.apache.ratis.thirdparty.io.netty.channel.nio.NioEventLoop.run(NioEventLoop.java:458)
	at org.apache.ratis.thirdparty.io.netty.util.concurrent.SingleThreadEventExecutor$5.run(SingleThreadEventExecutor.java:897)
	at org.apache.ratis.thirdparty.io.netty.util.concurrent.FastThreadLocalRunnable.run(FastThreadLocalRunnable.java:30)
	... 1 more
Caused by: java.net.ConnectException: Connection refused
	... 11 more
2019-10-18 14:30:49,317 [681edbc6-a1fc-42a4-b5ce-4922820de60a@group-FD33B9583E3C-LeaderElection255] INFO  impl.LeaderElection (LogUtils.java:infoOrTrace(149)) - 681edbc6-a1fc-42a4-b5ce-4922820de60a@group-FD33B9583E3C-LeaderElection255 got exception when requesting votes: {}
java.util.concurrent.ExecutionException: org.apache.ratis.thirdparty.io.grpc.StatusRuntimeException: UNAVAILABLE: io exception
	at java.util.concurrent.FutureTask.report(FutureTask.java:122)
	at java.util.concurrent.FutureTask.get(FutureTask.java:192)
	at org.apache.ratis.server.impl.LeaderElection.waitForResults(LeaderElection.java:259)
	at org.apache.ratis.server.impl.LeaderElection.askForVotes(LeaderElection.java:197)
	at org.apache.ratis.server.impl.LeaderElection.run(LeaderElection.java:133)
	at java.lang.Thread.run(Thread.java:748)
Caused by: org.apache.ratis.thirdparty.io.grpc.StatusRuntimeException: UNAVAILABLE: io exception
	at org.apache.ratis.thirdparty.io.grpc.stub.ClientCalls.toStatusRuntimeException(ClientCalls.java:233)
	at org.apache.ratis.thirdparty.io.grpc.stub.ClientCalls.getUnchecked(ClientCalls.java:214)
	at org.apache.ratis.thirdparty.io.grpc.stub.ClientCalls.blockingUnaryCall(ClientCalls.java:139)
	at org.apache.ratis.proto.grpc.RaftServerProtocolServiceGrpc$RaftServerProtocolServiceBlockingStub.requestVote(RaftServerProtocolServiceGrpc.java:265)
	at org.apache.ratis.grpc.server.GrpcServerProtocolClient.requestVote(GrpcServerProtocolClient.java:99)
	at org.apache.ratis.grpc.server.GrpcService.requestVote(GrpcService.java:204)
	at org.apache.ratis.server.impl.LeaderElection.lambda$submitRequests$1(LeaderElection.java:234)
	at java.util.concurrent.FutureTask.run(FutureTask.java:266)
	at java.util.concurrent.Executors$RunnableAdapter.call(Executors.java:511)
	at java.util.concurrent.FutureTask.run(FutureTask.java:266)
	at java.util.concurrent.ThreadPoolExecutor.runWorker(ThreadPoolExecutor.java:1149)
	at java.util.concurrent.ThreadPoolExecutor$Worker.run(ThreadPoolExecutor.java:624)
	... 1 more
Caused by: org.apache.ratis.thirdparty.io.netty.channel.AbstractChannel$AnnotatedConnectException: Connection refused: /192.168.164.233:46080
	at sun.nio.ch.SocketChannelImpl.checkConnect(Native Method)
	at sun.nio.ch.SocketChannelImpl.finishConnect(SocketChannelImpl.java:717)
	at org.apache.ratis.thirdparty.io.netty.channel.socket.nio.NioSocketChannel.doFinishConnect(NioSocketChannel.java:327)
	at org.apache.ratis.thirdparty.io.netty.channel.nio.AbstractNioChannel$AbstractNioUnsafe.finishConnect(AbstractNioChannel.java:340)
	at org.apache.ratis.thirdparty.io.netty.channel.nio.NioEventLoop.processSelectedKey(NioEventLoop.java:632)
	at org.apache.ratis.thirdparty.io.netty.channel.nio.NioEventLoop.processSelectedKeysOptimized(NioEventLoop.java:579)
	at org.apache.ratis.thirdparty.io.netty.channel.nio.NioEventLoop.processSelectedKeys(NioEventLoop.java:496)
	at org.apache.ratis.thirdparty.io.netty.channel.nio.NioEventLoop.run(NioEventLoop.java:458)
	at org.apache.ratis.thirdparty.io.netty.util.concurrent.SingleThreadEventExecutor$5.run(SingleThreadEventExecutor.java:897)
	at org.apache.ratis.thirdparty.io.netty.util.concurrent.FastThreadLocalRunnable.run(FastThreadLocalRunnable.java:30)
	... 1 more
Caused by: java.net.ConnectException: Connection refused
	... 11 more
2019-10-18 14:30:49,317 [681edbc6-a1fc-42a4-b5ce-4922820de60a@group-FD33B9583E3C-LeaderElection255] INFO  impl.LeaderElection (LeaderElection.java:logAndReturn(56)) - 681edbc6-a1fc-42a4-b5ce-4922820de60a@group-FD33B9583E3C-LeaderElection255: Election REJECTED; received 0 response(s) [] and 2 exception(s); 681edbc6-a1fc-42a4-b5ce-4922820de60a@group-FD33B9583E3C:t255, leader=null, voted=681edbc6-a1fc-42a4-b5ce-4922820de60a, raftlog=681edbc6-a1fc-42a4-b5ce-4922820de60a@group-FD33B9583E3C-SegmentedRaftLog:OPENED:c-1,f-1,i0, conf=-1: [3ee7b367-7b16-44e1-99f8-43aefeda0876:192.168.164.233:46080, 681edbc6-a1fc-42a4-b5ce-4922820de60a:192.168.164.233:44267, 773cce60-eeca-4c1f-a5ec-70084be8b6b9:192.168.164.233:38729], old=null
2019-10-18 14:30:49,317 [681edbc6-a1fc-42a4-b5ce-4922820de60a@group-FD33B9583E3C-LeaderElection255] INFO  impl.LeaderElection (LogUtils.java:infoOrTrace(149)) -   Exception 0: {}
java.util.concurrent.ExecutionException: org.apache.ratis.thirdparty.io.grpc.StatusRuntimeException: UNAVAILABLE: io exception
	at java.util.concurrent.FutureTask.report(FutureTask.java:122)
	at java.util.concurrent.FutureTask.get(FutureTask.java:192)
	at org.apache.ratis.server.impl.LeaderElection.waitForResults(LeaderElection.java:259)
	at org.apache.ratis.server.impl.LeaderElection.askForVotes(LeaderElection.java:197)
	at org.apache.ratis.server.impl.LeaderElection.run(LeaderElection.java:133)
	at java.lang.Thread.run(Thread.java:748)
Caused by: org.apache.ratis.thirdparty.io.grpc.StatusRuntimeException: UNAVAILABLE: io exception
	at org.apache.ratis.thirdparty.io.grpc.stub.ClientCalls.toStatusRuntimeException(ClientCalls.java:233)
	at org.apache.ratis.thirdparty.io.grpc.stub.ClientCalls.getUnchecked(ClientCalls.java:214)
	at org.apache.ratis.thirdparty.io.grpc.stub.ClientCalls.blockingUnaryCall(ClientCalls.java:139)
	at org.apache.ratis.proto.grpc.RaftServerProtocolServiceGrpc$RaftServerProtocolServiceBlockingStub.requestVote(RaftServerProtocolServiceGrpc.java:265)
	at org.apache.ratis.grpc.server.GrpcServerProtocolClient.requestVote(GrpcServerProtocolClient.java:99)
	at org.apache.ratis.grpc.server.GrpcService.requestVote(GrpcService.java:204)
	at org.apache.ratis.server.impl.LeaderElection.lambda$submitRequests$1(LeaderElection.java:234)
	at java.util.concurrent.FutureTask.run(FutureTask.java:266)
	at java.util.concurrent.Executors$RunnableAdapter.call(Executors.java:511)
	at java.util.concurrent.FutureTask.run(FutureTask.java:266)
	at java.util.concurrent.ThreadPoolExecutor.runWorker(ThreadPoolExecutor.java:1149)
	at java.util.concurrent.ThreadPoolExecutor$Worker.run(ThreadPoolExecutor.java:624)
	... 1 more
Caused by: org.apache.ratis.thirdparty.io.netty.channel.AbstractChannel$AnnotatedConnectException: Connection refused: /192.168.164.233:38729
	at sun.nio.ch.SocketChannelImpl.checkConnect(Native Method)
	at sun.nio.ch.SocketChannelImpl.finishConnect(SocketChannelImpl.java:717)
	at org.apache.ratis.thirdparty.io.netty.channel.socket.nio.NioSocketChannel.doFinishConnect(NioSocketChannel.java:327)
	at org.apache.ratis.thirdparty.io.netty.channel.nio.AbstractNioChannel$AbstractNioUnsafe.finishConnect(AbstractNioChannel.java:340)
	at org.apache.ratis.thirdparty.io.netty.channel.nio.NioEventLoop.processSelectedKey(NioEventLoop.java:632)
	at org.apache.ratis.thirdparty.io.netty.channel.nio.NioEventLoop.processSelectedKeysOptimized(NioEventLoop.java:579)
	at org.apache.ratis.thirdparty.io.netty.channel.nio.NioEventLoop.processSelectedKeys(NioEventLoop.java:496)
	at org.apache.ratis.thirdparty.io.netty.channel.nio.NioEventLoop.run(NioEventLoop.java:458)
	at org.apache.ratis.thirdparty.io.netty.util.concurrent.SingleThreadEventExecutor$5.run(SingleThreadEventExecutor.java:897)
	at org.apache.ratis.thirdparty.io.netty.util.concurrent.FastThreadLocalRunnable.run(FastThreadLocalRunnable.java:30)
	... 1 more
Caused by: java.net.ConnectException: Connection refused
	... 11 more
2019-10-18 14:30:49,318 [681edbc6-a1fc-42a4-b5ce-4922820de60a@group-FD33B9583E3C-LeaderElection255] INFO  impl.LeaderElection (LogUtils.java:infoOrTrace(149)) -   Exception 1: {}
java.util.concurrent.ExecutionException: org.apache.ratis.thirdparty.io.grpc.StatusRuntimeException: UNAVAILABLE: io exception
	at java.util.concurrent.FutureTask.report(FutureTask.java:122)
	at java.util.concurrent.FutureTask.get(FutureTask.java:192)
	at org.apache.ratis.server.impl.LeaderElection.waitForResults(LeaderElection.java:259)
	at org.apache.ratis.server.impl.LeaderElection.askForVotes(LeaderElection.java:197)
	at org.apache.ratis.server.impl.LeaderElection.run(LeaderElection.java:133)
	at java.lang.Thread.run(Thread.java:748)
Caused by: org.apache.ratis.thirdparty.io.grpc.StatusRuntimeException: UNAVAILABLE: io exception
	at org.apache.ratis.thirdparty.io.grpc.stub.ClientCalls.toStatusRuntimeException(ClientCalls.java:233)
	at org.apache.ratis.thirdparty.io.grpc.stub.ClientCalls.getUnchecked(ClientCalls.java:214)
	at org.apache.ratis.thirdparty.io.grpc.stub.ClientCalls.blockingUnaryCall(ClientCalls.java:139)
	at org.apache.ratis.proto.grpc.RaftServerProtocolServiceGrpc$RaftServerProtocolServiceBlockingStub.requestVote(RaftServerProtocolServiceGrpc.java:265)
	at org.apache.ratis.grpc.server.GrpcServerProtocolClient.requestVote(GrpcServerProtocolClient.java:99)
	at org.apache.ratis.grpc.server.GrpcService.requestVote(GrpcService.java:204)
	at org.apache.ratis.server.impl.LeaderElection.lambda$submitRequests$1(LeaderElection.java:234)
	at java.util.concurrent.FutureTask.run(FutureTask.java:266)
	at java.util.concurrent.Executors$RunnableAdapter.call(Executors.java:511)
	at java.util.concurrent.FutureTask.run(FutureTask.java:266)
	at java.util.concurrent.ThreadPoolExecutor.runWorker(ThreadPoolExecutor.java:1149)
	at java.util.concurrent.ThreadPoolExecutor$Worker.run(ThreadPoolExecutor.java:624)
	... 1 more
Caused by: org.apache.ratis.thirdparty.io.netty.channel.AbstractChannel$AnnotatedConnectException: Connection refused: /192.168.164.233:46080
	at sun.nio.ch.SocketChannelImpl.checkConnect(Native Method)
	at sun.nio.ch.SocketChannelImpl.finishConnect(SocketChannelImpl.java:717)
	at org.apache.ratis.thirdparty.io.netty.channel.socket.nio.NioSocketChannel.doFinishConnect(NioSocketChannel.java:327)
	at org.apache.ratis.thirdparty.io.netty.channel.nio.AbstractNioChannel$AbstractNioUnsafe.finishConnect(AbstractNioChannel.java:340)
	at org.apache.ratis.thirdparty.io.netty.channel.nio.NioEventLoop.processSelectedKey(NioEventLoop.java:632)
	at org.apache.ratis.thirdparty.io.netty.channel.nio.NioEventLoop.processSelectedKeysOptimized(NioEventLoop.java:579)
	at org.apache.ratis.thirdparty.io.netty.channel.nio.NioEventLoop.processSelectedKeys(NioEventLoop.java:496)
	at org.apache.ratis.thirdparty.io.netty.channel.nio.NioEventLoop.run(NioEventLoop.java:458)
	at org.apache.ratis.thirdparty.io.netty.util.concurrent.SingleThreadEventExecutor$5.run(SingleThreadEventExecutor.java:897)
	at org.apache.ratis.thirdparty.io.netty.util.concurrent.FastThreadLocalRunnable.run(FastThreadLocalRunnable.java:30)
	... 1 more
Caused by: java.net.ConnectException: Connection refused
	... 11 more
2019-10-18 14:30:49,318 [681edbc6-a1fc-42a4-b5ce-4922820de60a@group-FD33B9583E3C-LeaderElection255] INFO  impl.RaftServerImpl (RaftServerImpl.java:setRole(184)) - 681edbc6-a1fc-42a4-b5ce-4922820de60a@group-FD33B9583E3C: changes role from CANDIDATE to FOLLOWER at term 255 for DISCOVERED_A_NEW_TERM
2019-10-18 14:30:49,318 [681edbc6-a1fc-42a4-b5ce-4922820de60a@group-FD33B9583E3C-LeaderElection255] INFO  impl.RoleInfo (RoleInfo.java:shutdownLeaderElection(134)) - 681edbc6-a1fc-42a4-b5ce-4922820de60a: shutdown LeaderElection
2019-10-18 14:30:49,318 [681edbc6-a1fc-42a4-b5ce-4922820de60a@group-FD33B9583E3C-LeaderElection255] INFO  impl.RoleInfo (RoleInfo.java:updateAndGet(143)) - 681edbc6-a1fc-42a4-b5ce-4922820de60a: start FollowerState
2019-10-18 14:30:49,322 [Thread-2012] INFO  impl.FollowerState (FollowerState.java:run(108)) - 681edbc6-a1fc-42a4-b5ce-4922820de60a@group-FD33B9583E3C-FollowerState: change to CANDIDATE, lastRpcTime:4ms, electionTimeout:4ms
2019-10-18 14:30:49,323 [Thread-2012] INFO  impl.RoleInfo (RoleInfo.java:shutdownFollowerState(121)) - 681edbc6-a1fc-42a4-b5ce-4922820de60a: shutdown FollowerState
2019-10-18 14:30:49,323 [Thread-2012] INFO  impl.RaftServerImpl (RaftServerImpl.java:setRole(184)) - 681edbc6-a1fc-42a4-b5ce-4922820de60a@group-FD33B9583E3C: changes role from  FOLLOWER to CANDIDATE at term 255 for changeToCandidate
2019-10-18 14:30:49,323 [Thread-2012] INFO  impl.RoleInfo (RoleInfo.java:updateAndGet(143)) - 681edbc6-a1fc-42a4-b5ce-4922820de60a: start LeaderElection
2019-10-18 14:30:49,336 [681edbc6-a1fc-42a4-b5ce-4922820de60a@group-FD33B9583E3C-LeaderElection256] INFO  impl.LeaderElection (LeaderElection.java:askForVotes(178)) - 681edbc6-a1fc-42a4-b5ce-4922820de60a@group-FD33B9583E3C-LeaderElection256: begin an election at term 256 for -1: [3ee7b367-7b16-44e1-99f8-43aefeda0876:192.168.164.233:46080, 681edbc6-a1fc-42a4-b5ce-4922820de60a:192.168.164.233:44267, 773cce60-eeca-4c1f-a5ec-70084be8b6b9:192.168.164.233:38729], old=null
2019-10-18 14:30:49,337 [681edbc6-a1fc-42a4-b5ce-4922820de60a@group-FD33B9583E3C-LeaderElection256] INFO  impl.LeaderElection (LogUtils.java:infoOrTrace(149)) - 681edbc6-a1fc-42a4-b5ce-4922820de60a@group-FD33B9583E3C-LeaderElection256 got exception when requesting votes: {}
java.util.concurrent.ExecutionException: org.apache.ratis.thirdparty.io.grpc.StatusRuntimeException: UNAVAILABLE: io exception
	at java.util.concurrent.FutureTask.report(FutureTask.java:122)
	at java.util.concurrent.FutureTask.get(FutureTask.java:192)
	at org.apache.ratis.server.impl.LeaderElection.waitForResults(LeaderElection.java:259)
	at org.apache.ratis.server.impl.LeaderElection.askForVotes(LeaderElection.java:197)
	at org.apache.ratis.server.impl.LeaderElection.run(LeaderElection.java:133)
	at java.lang.Thread.run(Thread.java:748)
Caused by: org.apache.ratis.thirdparty.io.grpc.StatusRuntimeException: UNAVAILABLE: io exception
	at org.apache.ratis.thirdparty.io.grpc.stub.ClientCalls.toStatusRuntimeException(ClientCalls.java:233)
	at org.apache.ratis.thirdparty.io.grpc.stub.ClientCalls.getUnchecked(ClientCalls.java:214)
	at org.apache.ratis.thirdparty.io.grpc.stub.ClientCalls.blockingUnaryCall(ClientCalls.java:139)
	at org.apache.ratis.proto.grpc.RaftServerProtocolServiceGrpc$RaftServerProtocolServiceBlockingStub.requestVote(RaftServerProtocolServiceGrpc.java:265)
	at org.apache.ratis.grpc.server.GrpcServerProtocolClient.requestVote(GrpcServerProtocolClient.java:99)
	at org.apache.ratis.grpc.server.GrpcService.requestVote(GrpcService.java:204)
	at org.apache.ratis.server.impl.LeaderElection.lambda$submitRequests$1(LeaderElection.java:234)
	at java.util.concurrent.FutureTask.run(FutureTask.java:266)
	at java.util.concurrent.Executors$RunnableAdapter.call(Executors.java:511)
	at java.util.concurrent.FutureTask.run(FutureTask.java:266)
	at java.util.concurrent.ThreadPoolExecutor.runWorker(ThreadPoolExecutor.java:1149)
	at java.util.concurrent.ThreadPoolExecutor$Worker.run(ThreadPoolExecutor.java:624)
	... 1 more
Caused by: org.apache.ratis.thirdparty.io.netty.channel.AbstractChannel$AnnotatedConnectException: Connection refused: /192.168.164.233:46080
	at sun.nio.ch.SocketChannelImpl.checkConnect(Native Method)
	at sun.nio.ch.SocketChannelImpl.finishConnect(SocketChannelImpl.java:717)
	at org.apache.ratis.thirdparty.io.netty.channel.socket.nio.NioSocketChannel.doFinishConnect(NioSocketChannel.java:327)
	at org.apache.ratis.thirdparty.io.netty.channel.nio.AbstractNioChannel$AbstractNioUnsafe.finishConnect(AbstractNioChannel.java:340)
	at org.apache.ratis.thirdparty.io.netty.channel.nio.NioEventLoop.processSelectedKey(NioEventLoop.java:632)
	at org.apache.ratis.thirdparty.io.netty.channel.nio.NioEventLoop.processSelectedKeysOptimized(NioEventLoop.java:579)
	at org.apache.ratis.thirdparty.io.netty.channel.nio.NioEventLoop.processSelectedKeys(NioEventLoop.java:496)
	at org.apache.ratis.thirdparty.io.netty.channel.nio.NioEventLoop.run(NioEventLoop.java:458)
	at org.apache.ratis.thirdparty.io.netty.util.concurrent.SingleThreadEventExecutor$5.run(SingleThreadEventExecutor.java:897)
	at org.apache.ratis.thirdparty.io.netty.util.concurrent.FastThreadLocalRunnable.run(FastThreadLocalRunnable.java:30)
	... 1 more
Caused by: java.net.ConnectException: Connection refused
	... 11 more
2019-10-18 14:30:49,338 [681edbc6-a1fc-42a4-b5ce-4922820de60a@group-FD33B9583E3C-LeaderElection256] INFO  impl.LeaderElection (LogUtils.java:infoOrTrace(149)) - 681edbc6-a1fc-42a4-b5ce-4922820de60a@group-FD33B9583E3C-LeaderElection256 got exception when requesting votes: {}
java.util.concurrent.ExecutionException: org.apache.ratis.thirdparty.io.grpc.StatusRuntimeException: UNAVAILABLE: io exception
	at java.util.concurrent.FutureTask.report(FutureTask.java:122)
	at java.util.concurrent.FutureTask.get(FutureTask.java:192)
	at org.apache.ratis.server.impl.LeaderElection.waitForResults(LeaderElection.java:259)
	at org.apache.ratis.server.impl.LeaderElection.askForVotes(LeaderElection.java:197)
	at org.apache.ratis.server.impl.LeaderElection.run(LeaderElection.java:133)
	at java.lang.Thread.run(Thread.java:748)
Caused by: org.apache.ratis.thirdparty.io.grpc.StatusRuntimeException: UNAVAILABLE: io exception
	at org.apache.ratis.thirdparty.io.grpc.stub.ClientCalls.toStatusRuntimeException(ClientCalls.java:233)
	at org.apache.ratis.thirdparty.io.grpc.stub.ClientCalls.getUnchecked(ClientCalls.java:214)
	at org.apache.ratis.thirdparty.io.grpc.stub.ClientCalls.blockingUnaryCall(ClientCalls.java:139)
	at org.apache.ratis.proto.grpc.RaftServerProtocolServiceGrpc$RaftServerProtocolServiceBlockingStub.requestVote(RaftServerProtocolServiceGrpc.java:265)
	at org.apache.ratis.grpc.server.GrpcServerProtocolClient.requestVote(GrpcServerProtocolClient.java:99)
	at org.apache.ratis.grpc.server.GrpcService.requestVote(GrpcService.java:204)
	at org.apache.ratis.server.impl.LeaderElection.lambda$submitRequests$1(LeaderElection.java:234)
	at java.util.concurrent.FutureTask.run(FutureTask.java:266)
	at java.util.concurrent.Executors$RunnableAdapter.call(Executors.java:511)
	at java.util.concurrent.FutureTask.run(FutureTask.java:266)
	at java.util.concurrent.ThreadPoolExecutor.runWorker(ThreadPoolExecutor.java:1149)
	at java.util.concurrent.ThreadPoolExecutor$Worker.run(ThreadPoolExecutor.java:624)
	... 1 more
Caused by: org.apache.ratis.thirdparty.io.netty.channel.AbstractChannel$AnnotatedConnectException: Connection refused: /192.168.164.233:38729
	at sun.nio.ch.SocketChannelImpl.checkConnect(Native Method)
	at sun.nio.ch.SocketChannelImpl.finishConnect(SocketChannelImpl.java:717)
	at org.apache.ratis.thirdparty.io.netty.channel.socket.nio.NioSocketChannel.doFinishConnect(NioSocketChannel.java:327)
	at org.apache.ratis.thirdparty.io.netty.channel.nio.AbstractNioChannel$AbstractNioUnsafe.finishConnect(AbstractNioChannel.java:340)
	at org.apache.ratis.thirdparty.io.netty.channel.nio.NioEventLoop.processSelectedKey(NioEventLoop.java:632)
	at org.apache.ratis.thirdparty.io.netty.channel.nio.NioEventLoop.processSelectedKeysOptimized(NioEventLoop.java:579)
	at org.apache.ratis.thirdparty.io.netty.channel.nio.NioEventLoop.processSelectedKeys(NioEventLoop.java:496)
	at org.apache.ratis.thirdparty.io.netty.channel.nio.NioEventLoop.run(NioEventLoop.java:458)
	at org.apache.ratis.thirdparty.io.netty.util.concurrent.SingleThreadEventExecutor$5.run(SingleThreadEventExecutor.java:897)
	at org.apache.ratis.thirdparty.io.netty.util.concurrent.FastThreadLocalRunnable.run(FastThreadLocalRunnable.java:30)
	... 1 more
Caused by: java.net.ConnectException: Connection refused
	... 11 more
2019-10-18 14:30:49,338 [681edbc6-a1fc-42a4-b5ce-4922820de60a@group-FD33B9583E3C-LeaderElection256] INFO  impl.LeaderElection (LeaderElection.java:logAndReturn(56)) - 681edbc6-a1fc-42a4-b5ce-4922820de60a@group-FD33B9583E3C-LeaderElection256: Election REJECTED; received 0 response(s) [] and 2 exception(s); 681edbc6-a1fc-42a4-b5ce-4922820de60a@group-FD33B9583E3C:t256, leader=null, voted=681edbc6-a1fc-42a4-b5ce-4922820de60a, raftlog=681edbc6-a1fc-42a4-b5ce-4922820de60a@group-FD33B9583E3C-SegmentedRaftLog:OPENED:c-1,f-1,i0, conf=-1: [3ee7b367-7b16-44e1-99f8-43aefeda0876:192.168.164.233:46080, 681edbc6-a1fc-42a4-b5ce-4922820de60a:192.168.164.233:44267, 773cce60-eeca-4c1f-a5ec-70084be8b6b9:192.168.164.233:38729], old=null
2019-10-18 14:30:49,338 [681edbc6-a1fc-42a4-b5ce-4922820de60a@group-FD33B9583E3C-LeaderElection256] INFO  impl.LeaderElection (LogUtils.java:infoOrTrace(149)) -   Exception 0: {}
java.util.concurrent.ExecutionException: org.apache.ratis.thirdparty.io.grpc.StatusRuntimeException: UNAVAILABLE: io exception
	at java.util.concurrent.FutureTask.report(FutureTask.java:122)
	at java.util.concurrent.FutureTask.get(FutureTask.java:192)
	at org.apache.ratis.server.impl.LeaderElection.waitForResults(LeaderElection.java:259)
	at org.apache.ratis.server.impl.LeaderElection.askForVotes(LeaderElection.java:197)
	at org.apache.ratis.server.impl.LeaderElection.run(LeaderElection.java:133)
	at java.lang.Thread.run(Thread.java:748)
Caused by: org.apache.ratis.thirdparty.io.grpc.StatusRuntimeException: UNAVAILABLE: io exception
	at org.apache.ratis.thirdparty.io.grpc.stub.ClientCalls.toStatusRuntimeException(ClientCalls.java:233)
	at org.apache.ratis.thirdparty.io.grpc.stub.ClientCalls.getUnchecked(ClientCalls.java:214)
	at org.apache.ratis.thirdparty.io.grpc.stub.ClientCalls.blockingUnaryCall(ClientCalls.java:139)
	at org.apache.ratis.proto.grpc.RaftServerProtocolServiceGrpc$RaftServerProtocolServiceBlockingStub.requestVote(RaftServerProtocolServiceGrpc.java:265)
	at org.apache.ratis.grpc.server.GrpcServerProtocolClient.requestVote(GrpcServerProtocolClient.java:99)
	at org.apache.ratis.grpc.server.GrpcService.requestVote(GrpcService.java:204)
	at org.apache.ratis.server.impl.LeaderElection.lambda$submitRequests$1(LeaderElection.java:234)
	at java.util.concurrent.FutureTask.run(FutureTask.java:266)
	at java.util.concurrent.Executors$RunnableAdapter.call(Executors.java:511)
	at java.util.concurrent.FutureTask.run(FutureTask.java:266)
	at java.util.concurrent.ThreadPoolExecutor.runWorker(ThreadPoolExecutor.java:1149)
	at java.util.concurrent.ThreadPoolExecutor$Worker.run(ThreadPoolExecutor.java:624)
	... 1 more
Caused by: org.apache.ratis.thirdparty.io.netty.channel.AbstractChannel$AnnotatedConnectException: Connection refused: /192.168.164.233:46080
	at sun.nio.ch.SocketChannelImpl.checkConnect(Native Method)
	at sun.nio.ch.SocketChannelImpl.finishConnect(SocketChannelImpl.java:717)
	at org.apache.ratis.thirdparty.io.netty.channel.socket.nio.NioSocketChannel.doFinishConnect(NioSocketChannel.java:327)
	at org.apache.ratis.thirdparty.io.netty.channel.nio.AbstractNioChannel$AbstractNioUnsafe.finishConnect(AbstractNioChannel.java:340)
	at org.apache.ratis.thirdparty.io.netty.channel.nio.NioEventLoop.processSelectedKey(NioEventLoop.java:632)
	at org.apache.ratis.thirdparty.io.netty.channel.nio.NioEventLoop.processSelectedKeysOptimized(NioEventLoop.java:579)
	at org.apache.ratis.thirdparty.io.netty.channel.nio.NioEventLoop.processSelectedKeys(NioEventLoop.java:496)
	at org.apache.ratis.thirdparty.io.netty.channel.nio.NioEventLoop.run(NioEventLoop.java:458)
	at org.apache.ratis.thirdparty.io.netty.util.concurrent.SingleThreadEventExecutor$5.run(SingleThreadEventExecutor.java:897)
	at org.apache.ratis.thirdparty.io.netty.util.concurrent.FastThreadLocalRunnable.run(FastThreadLocalRunnable.java:30)
	... 1 more
Caused by: java.net.ConnectException: Connection refused
	... 11 more
2019-10-18 14:30:49,339 [681edbc6-a1fc-42a4-b5ce-4922820de60a@group-FD33B9583E3C-LeaderElection256] INFO  impl.LeaderElection (LogUtils.java:infoOrTrace(149)) -   Exception 1: {}
java.util.concurrent.ExecutionException: org.apache.ratis.thirdparty.io.grpc.StatusRuntimeException: UNAVAILABLE: io exception
	at java.util.concurrent.FutureTask.report(FutureTask.java:122)
	at java.util.concurrent.FutureTask.get(FutureTask.java:192)
	at org.apache.ratis.server.impl.LeaderElection.waitForResults(LeaderElection.java:259)
	at org.apache.ratis.server.impl.LeaderElection.askForVotes(LeaderElection.java:197)
	at org.apache.ratis.server.impl.LeaderElection.run(LeaderElection.java:133)
	at java.lang.Thread.run(Thread.java:748)
Caused by: org.apache.ratis.thirdparty.io.grpc.StatusRuntimeException: UNAVAILABLE: io exception
	at org.apache.ratis.thirdparty.io.grpc.stub.ClientCalls.toStatusRuntimeException(ClientCalls.java:233)
	at org.apache.ratis.thirdparty.io.grpc.stub.ClientCalls.getUnchecked(ClientCalls.java:214)
	at org.apache.ratis.thirdparty.io.grpc.stub.ClientCalls.blockingUnaryCall(ClientCalls.java:139)
	at org.apache.ratis.proto.grpc.RaftServerProtocolServiceGrpc$RaftServerProtocolServiceBlockingStub.requestVote(RaftServerProtocolServiceGrpc.java:265)
	at org.apache.ratis.grpc.server.GrpcServerProtocolClient.requestVote(GrpcServerProtocolClient.java:99)
	at org.apache.ratis.grpc.server.GrpcService.requestVote(GrpcService.java:204)
	at org.apache.ratis.server.impl.LeaderElection.lambda$submitRequests$1(LeaderElection.java:234)
	at java.util.concurrent.FutureTask.run(FutureTask.java:266)
	at java.util.concurrent.Executors$RunnableAdapter.call(Executors.java:511)
	at java.util.concurrent.FutureTask.run(FutureTask.java:266)
	at java.util.concurrent.ThreadPoolExecutor.runWorker(ThreadPoolExecutor.java:1149)
	at java.util.concurrent.ThreadPoolExecutor$Worker.run(ThreadPoolExecutor.java:624)
	... 1 more
Caused by: org.apache.ratis.thirdparty.io.netty.channel.AbstractChannel$AnnotatedConnectException: Connection refused: /192.168.164.233:38729
	at sun.nio.ch.SocketChannelImpl.checkConnect(Native Method)
	at sun.nio.ch.SocketChannelImpl.finishConnect(SocketChannelImpl.java:717)
	at org.apache.ratis.thirdparty.io.netty.channel.socket.nio.NioSocketChannel.doFinishConnect(NioSocketChannel.java:327)
	at org.apache.ratis.thirdparty.io.netty.channel.nio.AbstractNioChannel$AbstractNioUnsafe.finishConnect(AbstractNioChannel.java:340)
	at org.apache.ratis.thirdparty.io.netty.channel.nio.NioEventLoop.processSelectedKey(NioEventLoop.java:632)
	at org.apache.ratis.thirdparty.io.netty.channel.nio.NioEventLoop.processSelectedKeysOptimized(NioEventLoop.java:579)
	at org.apache.ratis.thirdparty.io.netty.channel.nio.NioEventLoop.processSelectedKeys(NioEventLoop.java:496)
	at org.apache.ratis.thirdparty.io.netty.channel.nio.NioEventLoop.run(NioEventLoop.java:458)
	at org.apache.ratis.thirdparty.io.netty.util.concurrent.SingleThreadEventExecutor$5.run(SingleThreadEventExecutor.java:897)
	at org.apache.ratis.thirdparty.io.netty.util.concurrent.FastThreadLocalRunnable.run(FastThreadLocalRunnable.java:30)
	... 1 more
Caused by: java.net.ConnectException: Connection refused
	... 11 more
2019-10-18 14:30:49,339 [681edbc6-a1fc-42a4-b5ce-4922820de60a@group-FD33B9583E3C-LeaderElection256] INFO  impl.RaftServerImpl (RaftServerImpl.java:setRole(184)) - 681edbc6-a1fc-42a4-b5ce-4922820de60a@group-FD33B9583E3C: changes role from CANDIDATE to FOLLOWER at term 256 for DISCOVERED_A_NEW_TERM
2019-10-18 14:30:49,339 [681edbc6-a1fc-42a4-b5ce-4922820de60a@group-FD33B9583E3C-LeaderElection256] INFO  impl.RoleInfo (RoleInfo.java:shutdownLeaderElection(134)) - 681edbc6-a1fc-42a4-b5ce-4922820de60a: shutdown LeaderElection
2019-10-18 14:30:49,339 [681edbc6-a1fc-42a4-b5ce-4922820de60a@group-FD33B9583E3C-LeaderElection256] INFO  impl.RoleInfo (RoleInfo.java:updateAndGet(143)) - 681edbc6-a1fc-42a4-b5ce-4922820de60a: start FollowerState
2019-10-18 14:30:49,439 [Thread-2016] INFO  impl.FollowerState (FollowerState.java:run(108)) - 681edbc6-a1fc-42a4-b5ce-4922820de60a@group-FD33B9583E3C-FollowerState: change to CANDIDATE, lastRpcTime:99ms, electionTimeout:99ms
2019-10-18 14:30:49,439 [Thread-2016] INFO  impl.RoleInfo (RoleInfo.java:shutdownFollowerState(121)) - 681edbc6-a1fc-42a4-b5ce-4922820de60a: shutdown FollowerState
2019-10-18 14:30:49,439 [Thread-2016] INFO  impl.RaftServerImpl (RaftServerImpl.java:setRole(184)) - 681edbc6-a1fc-42a4-b5ce-4922820de60a@group-FD33B9583E3C: changes role from  FOLLOWER to CANDIDATE at term 256 for changeToCandidate
2019-10-18 14:30:49,439 [Thread-2016] INFO  impl.RoleInfo (RoleInfo.java:updateAndGet(143)) - 681edbc6-a1fc-42a4-b5ce-4922820de60a: start LeaderElection
2019-10-18 14:30:49,452 [681edbc6-a1fc-42a4-b5ce-4922820de60a@group-FD33B9583E3C-LeaderElection257] INFO  impl.LeaderElection (LeaderElection.java:askForVotes(178)) - 681edbc6-a1fc-42a4-b5ce-4922820de60a@group-FD33B9583E3C-LeaderElection257: begin an election at term 257 for -1: [3ee7b367-7b16-44e1-99f8-43aefeda0876:192.168.164.233:46080, 681edbc6-a1fc-42a4-b5ce-4922820de60a:192.168.164.233:44267, 773cce60-eeca-4c1f-a5ec-70084be8b6b9:192.168.164.233:38729], old=null
2019-10-18 14:30:49,453 [681edbc6-a1fc-42a4-b5ce-4922820de60a@group-FD33B9583E3C-LeaderElection257] INFO  impl.LeaderElection (LogUtils.java:infoOrTrace(149)) - 681edbc6-a1fc-42a4-b5ce-4922820de60a@group-FD33B9583E3C-LeaderElection257 got exception when requesting votes: {}
java.util.concurrent.ExecutionException: org.apache.ratis.thirdparty.io.grpc.StatusRuntimeException: UNAVAILABLE: io exception
	at java.util.concurrent.FutureTask.report(FutureTask.java:122)
	at java.util.concurrent.FutureTask.get(FutureTask.java:192)
	at org.apache.ratis.server.impl.LeaderElection.waitForResults(LeaderElection.java:259)
	at org.apache.ratis.server.impl.LeaderElection.askForVotes(LeaderElection.java:197)
	at org.apache.ratis.server.impl.LeaderElection.run(LeaderElection.java:133)
	at java.lang.Thread.run(Thread.java:748)
Caused by: org.apache.ratis.thirdparty.io.grpc.StatusRuntimeException: UNAVAILABLE: io exception
	at org.apache.ratis.thirdparty.io.grpc.stub.ClientCalls.toStatusRuntimeException(ClientCalls.java:233)
	at org.apache.ratis.thirdparty.io.grpc.stub.ClientCalls.getUnchecked(ClientCalls.java:214)
	at org.apache.ratis.thirdparty.io.grpc.stub.ClientCalls.blockingUnaryCall(ClientCalls.java:139)
	at org.apache.ratis.proto.grpc.RaftServerProtocolServiceGrpc$RaftServerProtocolServiceBlockingStub.requestVote(RaftServerProtocolServiceGrpc.java:265)
	at org.apache.ratis.grpc.server.GrpcServerProtocolClient.requestVote(GrpcServerProtocolClient.java:99)
	at org.apache.ratis.grpc.server.GrpcService.requestVote(GrpcService.java:204)
	at org.apache.ratis.server.impl.LeaderElection.lambda$submitRequests$1(LeaderElection.java:234)
	at java.util.concurrent.FutureTask.run(FutureTask.java:266)
	at java.util.concurrent.Executors$RunnableAdapter.call(Executors.java:511)
	at java.util.concurrent.FutureTask.run(FutureTask.java:266)
	at java.util.concurrent.ThreadPoolExecutor.runWorker(ThreadPoolExecutor.java:1149)
	at java.util.concurrent.ThreadPoolExecutor$Worker.run(ThreadPoolExecutor.java:624)
	... 1 more
Caused by: org.apache.ratis.thirdparty.io.netty.channel.AbstractChannel$AnnotatedConnectException: Connection refused: /192.168.164.233:38729
	at sun.nio.ch.SocketChannelImpl.checkConnect(Native Method)
	at sun.nio.ch.SocketChannelImpl.finishConnect(SocketChannelImpl.java:717)
	at org.apache.ratis.thirdparty.io.netty.channel.socket.nio.NioSocketChannel.doFinishConnect(NioSocketChannel.java:327)
	at org.apache.ratis.thirdparty.io.netty.channel.nio.AbstractNioChannel$AbstractNioUnsafe.finishConnect(AbstractNioChannel.java:340)
	at org.apache.ratis.thirdparty.io.netty.channel.nio.NioEventLoop.processSelectedKey(NioEventLoop.java:632)
	at org.apache.ratis.thirdparty.io.netty.channel.nio.NioEventLoop.processSelectedKeysOptimized(NioEventLoop.java:579)
	at org.apache.ratis.thirdparty.io.netty.channel.nio.NioEventLoop.processSelectedKeys(NioEventLoop.java:496)
	at org.apache.ratis.thirdparty.io.netty.channel.nio.NioEventLoop.run(NioEventLoop.java:458)
	at org.apache.ratis.thirdparty.io.netty.util.concurrent.SingleThreadEventExecutor$5.run(SingleThreadEventExecutor.java:897)
	at org.apache.ratis.thirdparty.io.netty.util.concurrent.FastThreadLocalRunnable.run(FastThreadLocalRunnable.java:30)
	... 1 more
Caused by: java.net.ConnectException: Connection refused
	... 11 more
2019-10-18 14:30:49,453 [681edbc6-a1fc-42a4-b5ce-4922820de60a@group-FD33B9583E3C-LeaderElection257] INFO  impl.LeaderElection (LogUtils.java:infoOrTrace(149)) - 681edbc6-a1fc-42a4-b5ce-4922820de60a@group-FD33B9583E3C-LeaderElection257 got exception when requesting votes: {}
java.util.concurrent.ExecutionException: org.apache.ratis.thirdparty.io.grpc.StatusRuntimeException: UNAVAILABLE: io exception
	at java.util.concurrent.FutureTask.report(FutureTask.java:122)
	at java.util.concurrent.FutureTask.get(FutureTask.java:192)
	at org.apache.ratis.server.impl.LeaderElection.waitForResults(LeaderElection.java:259)
	at org.apache.ratis.server.impl.LeaderElection.askForVotes(LeaderElection.java:197)
	at org.apache.ratis.server.impl.LeaderElection.run(LeaderElection.java:133)
	at java.lang.Thread.run(Thread.java:748)
Caused by: org.apache.ratis.thirdparty.io.grpc.StatusRuntimeException: UNAVAILABLE: io exception
	at org.apache.ratis.thirdparty.io.grpc.stub.ClientCalls.toStatusRuntimeException(ClientCalls.java:233)
	at org.apache.ratis.thirdparty.io.grpc.stub.ClientCalls.getUnchecked(ClientCalls.java:214)
	at org.apache.ratis.thirdparty.io.grpc.stub.ClientCalls.blockingUnaryCall(ClientCalls.java:139)
	at org.apache.ratis.proto.grpc.RaftServerProtocolServiceGrpc$RaftServerProtocolServiceBlockingStub.requestVote(RaftServerProtocolServiceGrpc.java:265)
	at org.apache.ratis.grpc.server.GrpcServerProtocolClient.requestVote(GrpcServerProtocolClient.java:99)
	at org.apache.ratis.grpc.server.GrpcService.requestVote(GrpcService.java:204)
	at org.apache.ratis.server.impl.LeaderElection.lambda$submitRequests$1(LeaderElection.java:234)
	at java.util.concurrent.FutureTask.run(FutureTask.java:266)
	at java.util.concurrent.Executors$RunnableAdapter.call(Executors.java:511)
	at java.util.concurrent.FutureTask.run(FutureTask.java:266)
	at java.util.concurrent.ThreadPoolExecutor.runWorker(ThreadPoolExecutor.java:1149)
	at java.util.concurrent.ThreadPoolExecutor$Worker.run(ThreadPoolExecutor.java:624)
	... 1 more
Caused by: org.apache.ratis.thirdparty.io.netty.channel.AbstractChannel$AnnotatedConnectException: Connection refused: /192.168.164.233:46080
	at sun.nio.ch.SocketChannelImpl.checkConnect(Native Method)
	at sun.nio.ch.SocketChannelImpl.finishConnect(SocketChannelImpl.java:717)
	at org.apache.ratis.thirdparty.io.netty.channel.socket.nio.NioSocketChannel.doFinishConnect(NioSocketChannel.java:327)
	at org.apache.ratis.thirdparty.io.netty.channel.nio.AbstractNioChannel$AbstractNioUnsafe.finishConnect(AbstractNioChannel.java:340)
	at org.apache.ratis.thirdparty.io.netty.channel.nio.NioEventLoop.processSelectedKey(NioEventLoop.java:632)
	at org.apache.ratis.thirdparty.io.netty.channel.nio.NioEventLoop.processSelectedKeysOptimized(NioEventLoop.java:579)
	at org.apache.ratis.thirdparty.io.netty.channel.nio.NioEventLoop.processSelectedKeys(NioEventLoop.java:496)
	at org.apache.ratis.thirdparty.io.netty.channel.nio.NioEventLoop.run(NioEventLoop.java:458)
	at org.apache.ratis.thirdparty.io.netty.util.concurrent.SingleThreadEventExecutor$5.run(SingleThreadEventExecutor.java:897)
	at org.apache.ratis.thirdparty.io.netty.util.concurrent.FastThreadLocalRunnable.run(FastThreadLocalRunnable.java:30)
	... 1 more
Caused by: java.net.ConnectException: Connection refused
	... 11 more
2019-10-18 14:30:49,454 [681edbc6-a1fc-42a4-b5ce-4922820de60a@group-FD33B9583E3C-LeaderElection257] INFO  impl.LeaderElection (LeaderElection.java:logAndReturn(56)) - 681edbc6-a1fc-42a4-b5ce-4922820de60a@group-FD33B9583E3C-LeaderElection257: Election REJECTED; received 0 response(s) [] and 2 exception(s); 681edbc6-a1fc-42a4-b5ce-4922820de60a@group-FD33B9583E3C:t257, leader=null, voted=681edbc6-a1fc-42a4-b5ce-4922820de60a, raftlog=681edbc6-a1fc-42a4-b5ce-4922820de60a@group-FD33B9583E3C-SegmentedRaftLog:OPENED:c-1,f-1,i0, conf=-1: [3ee7b367-7b16-44e1-99f8-43aefeda0876:192.168.164.233:46080, 681edbc6-a1fc-42a4-b5ce-4922820de60a:192.168.164.233:44267, 773cce60-eeca-4c1f-a5ec-70084be8b6b9:192.168.164.233:38729], old=null
2019-10-18 14:30:49,454 [681edbc6-a1fc-42a4-b5ce-4922820de60a@group-FD33B9583E3C-LeaderElection257] INFO  impl.LeaderElection (LogUtils.java:infoOrTrace(149)) -   Exception 0: {}
java.util.concurrent.ExecutionException: org.apache.ratis.thirdparty.io.grpc.StatusRuntimeException: UNAVAILABLE: io exception
	at java.util.concurrent.FutureTask.report(FutureTask.java:122)
	at java.util.concurrent.FutureTask.get(FutureTask.java:192)
	at org.apache.ratis.server.impl.LeaderElection.waitForResults(LeaderElection.java:259)
	at org.apache.ratis.server.impl.LeaderElection.askForVotes(LeaderElection.java:197)
	at org.apache.ratis.server.impl.LeaderElection.run(LeaderElection.java:133)
	at java.lang.Thread.run(Thread.java:748)
Caused by: org.apache.ratis.thirdparty.io.grpc.StatusRuntimeException: UNAVAILABLE: io exception
	at org.apache.ratis.thirdparty.io.grpc.stub.ClientCalls.toStatusRuntimeException(ClientCalls.java:233)
	at org.apache.ratis.thirdparty.io.grpc.stub.ClientCalls.getUnchecked(ClientCalls.java:214)
	at org.apache.ratis.thirdparty.io.grpc.stub.ClientCalls.blockingUnaryCall(ClientCalls.java:139)
	at org.apache.ratis.proto.grpc.RaftServerProtocolServiceGrpc$RaftServerProtocolServiceBlockingStub.requestVote(RaftServerProtocolServiceGrpc.java:265)
	at org.apache.ratis.grpc.server.GrpcServerProtocolClient.requestVote(GrpcServerProtocolClient.java:99)
	at org.apache.ratis.grpc.server.GrpcService.requestVote(GrpcService.java:204)
	at org.apache.ratis.server.impl.LeaderElection.lambda$submitRequests$1(LeaderElection.java:234)
	at java.util.concurrent.FutureTask.run(FutureTask.java:266)
	at java.util.concurrent.Executors$RunnableAdapter.call(Executors.java:511)
	at java.util.concurrent.FutureTask.run(FutureTask.java:266)
	at java.util.concurrent.ThreadPoolExecutor.runWorker(ThreadPoolExecutor.java:1149)
	at java.util.concurrent.ThreadPoolExecutor$Worker.run(ThreadPoolExecutor.java:624)
	... 1 more
Caused by: org.apache.ratis.thirdparty.io.netty.channel.AbstractChannel$AnnotatedConnectException: Connection refused: /192.168.164.233:38729
	at sun.nio.ch.SocketChannelImpl.checkConnect(Native Method)
	at sun.nio.ch.SocketChannelImpl.finishConnect(SocketChannelImpl.java:717)
	at org.apache.ratis.thirdparty.io.netty.channel.socket.nio.NioSocketChannel.doFinishConnect(NioSocketChannel.java:327)
	at org.apache.ratis.thirdparty.io.netty.channel.nio.AbstractNioChannel$AbstractNioUnsafe.finishConnect(AbstractNioChannel.java:340)
	at org.apache.ratis.thirdparty.io.netty.channel.nio.NioEventLoop.processSelectedKey(NioEventLoop.java:632)
	at org.apache.ratis.thirdparty.io.netty.channel.nio.NioEventLoop.processSelectedKeysOptimized(NioEventLoop.java:579)
	at org.apache.ratis.thirdparty.io.netty.channel.nio.NioEventLoop.processSelectedKeys(NioEventLoop.java:496)
	at org.apache.ratis.thirdparty.io.netty.channel.nio.NioEventLoop.run(NioEventLoop.java:458)
	at org.apache.ratis.thirdparty.io.netty.util.concurrent.SingleThreadEventExecutor$5.run(SingleThreadEventExecutor.java:897)
	at org.apache.ratis.thirdparty.io.netty.util.concurrent.FastThreadLocalRunnable.run(FastThreadLocalRunnable.java:30)
	... 1 more
Caused by: java.net.ConnectException: Connection refused
	... 11 more
2019-10-18 14:30:49,454 [681edbc6-a1fc-42a4-b5ce-4922820de60a@group-FD33B9583E3C-LeaderElection257] INFO  impl.LeaderElection (LogUtils.java:infoOrTrace(149)) -   Exception 1: {}
java.util.concurrent.ExecutionException: org.apache.ratis.thirdparty.io.grpc.StatusRuntimeException: UNAVAILABLE: io exception
	at java.util.concurrent.FutureTask.report(FutureTask.java:122)
	at java.util.concurrent.FutureTask.get(FutureTask.java:192)
	at org.apache.ratis.server.impl.LeaderElection.waitForResults(LeaderElection.java:259)
	at org.apache.ratis.server.impl.LeaderElection.askForVotes(LeaderElection.java:197)
	at org.apache.ratis.server.impl.LeaderElection.run(LeaderElection.java:133)
	at java.lang.Thread.run(Thread.java:748)
Caused by: org.apache.ratis.thirdparty.io.grpc.StatusRuntimeException: UNAVAILABLE: io exception
	at org.apache.ratis.thirdparty.io.grpc.stub.ClientCalls.toStatusRuntimeException(ClientCalls.java:233)
	at org.apache.ratis.thirdparty.io.grpc.stub.ClientCalls.getUnchecked(ClientCalls.java:214)
	at org.apache.ratis.thirdparty.io.grpc.stub.ClientCalls.blockingUnaryCall(ClientCalls.java:139)
	at org.apache.ratis.proto.grpc.RaftServerProtocolServiceGrpc$RaftServerProtocolServiceBlockingStub.requestVote(RaftServerProtocolServiceGrpc.java:265)
	at org.apache.ratis.grpc.server.GrpcServerProtocolClient.requestVote(GrpcServerProtocolClient.java:99)
	at org.apache.ratis.grpc.server.GrpcService.requestVote(GrpcService.java:204)
	at org.apache.ratis.server.impl.LeaderElection.lambda$submitRequests$1(LeaderElection.java:234)
	at java.util.concurrent.FutureTask.run(FutureTask.java:266)
	at java.util.concurrent.Executors$RunnableAdapter.call(Executors.java:511)
	at java.util.concurrent.FutureTask.run(FutureTask.java:266)
	at java.util.concurrent.ThreadPoolExecutor.runWorker(ThreadPoolExecutor.java:1149)
	at java.util.concurrent.ThreadPoolExecutor$Worker.run(ThreadPoolExecutor.java:624)
	... 1 more
Caused by: org.apache.ratis.thirdparty.io.netty.channel.AbstractChannel$AnnotatedConnectException: Connection refused: /192.168.164.233:46080
	at sun.nio.ch.SocketChannelImpl.checkConnect(Native Method)
	at sun.nio.ch.SocketChannelImpl.finishConnect(SocketChannelImpl.java:717)
	at org.apache.ratis.thirdparty.io.netty.channel.socket.nio.NioSocketChannel.doFinishConnect(NioSocketChannel.java:327)
	at org.apache.ratis.thirdparty.io.netty.channel.nio.AbstractNioChannel$AbstractNioUnsafe.finishConnect(AbstractNioChannel.java:340)
	at org.apache.ratis.thirdparty.io.netty.channel.nio.NioEventLoop.processSelectedKey(NioEventLoop.java:632)
	at org.apache.ratis.thirdparty.io.netty.channel.nio.NioEventLoop.processSelectedKeysOptimized(NioEventLoop.java:579)
	at org.apache.ratis.thirdparty.io.netty.channel.nio.NioEventLoop.processSelectedKeys(NioEventLoop.java:496)
	at org.apache.ratis.thirdparty.io.netty.channel.nio.NioEventLoop.run(NioEventLoop.java:458)
	at org.apache.ratis.thirdparty.io.netty.util.concurrent.SingleThreadEventExecutor$5.run(SingleThreadEventExecutor.java:897)
	at org.apache.ratis.thirdparty.io.netty.util.concurrent.FastThreadLocalRunnable.run(FastThreadLocalRunnable.java:30)
	... 1 more
Caused by: java.net.ConnectException: Connection refused
	... 11 more
2019-10-18 14:30:49,454 [681edbc6-a1fc-42a4-b5ce-4922820de60a@group-FD33B9583E3C-LeaderElection257] INFO  impl.RaftServerImpl (RaftServerImpl.java:setRole(184)) - 681edbc6-a1fc-42a4-b5ce-4922820de60a@group-FD33B9583E3C: changes role from CANDIDATE to FOLLOWER at term 257 for DISCOVERED_A_NEW_TERM
2019-10-18 14:30:49,454 [681edbc6-a1fc-42a4-b5ce-4922820de60a@group-FD33B9583E3C-LeaderElection257] INFO  impl.RoleInfo (RoleInfo.java:shutdownLeaderElection(134)) - 681edbc6-a1fc-42a4-b5ce-4922820de60a: shutdown LeaderElection
2019-10-18 14:30:49,455 [681edbc6-a1fc-42a4-b5ce-4922820de60a@group-FD33B9583E3C-LeaderElection257] INFO  impl.RoleInfo (RoleInfo.java:updateAndGet(143)) - 681edbc6-a1fc-42a4-b5ce-4922820de60a: start FollowerState
2019-10-18 14:30:49,481 [Thread-2020] INFO  impl.FollowerState (FollowerState.java:run(108)) - 681edbc6-a1fc-42a4-b5ce-4922820de60a@group-FD33B9583E3C-FollowerState: change to CANDIDATE, lastRpcTime:26ms, electionTimeout:26ms
2019-10-18 14:30:49,481 [Thread-2020] INFO  impl.RoleInfo (RoleInfo.java:shutdownFollowerState(121)) - 681edbc6-a1fc-42a4-b5ce-4922820de60a: shutdown FollowerState
2019-10-18 14:30:49,481 [Thread-2020] INFO  impl.RaftServerImpl (RaftServerImpl.java:setRole(184)) - 681edbc6-a1fc-42a4-b5ce-4922820de60a@group-FD33B9583E3C: changes role from  FOLLOWER to CANDIDATE at term 257 for changeToCandidate
2019-10-18 14:30:49,481 [Thread-2020] INFO  impl.RoleInfo (RoleInfo.java:updateAndGet(143)) - 681edbc6-a1fc-42a4-b5ce-4922820de60a: start LeaderElection
2019-10-18 14:30:49,494 [681edbc6-a1fc-42a4-b5ce-4922820de60a@group-FD33B9583E3C-LeaderElection258] INFO  impl.LeaderElection (LeaderElection.java:askForVotes(178)) - 681edbc6-a1fc-42a4-b5ce-4922820de60a@group-FD33B9583E3C-LeaderElection258: begin an election at term 258 for -1: [3ee7b367-7b16-44e1-99f8-43aefeda0876:192.168.164.233:46080, 681edbc6-a1fc-42a4-b5ce-4922820de60a:192.168.164.233:44267, 773cce60-eeca-4c1f-a5ec-70084be8b6b9:192.168.164.233:38729], old=null
2019-10-18 14:30:49,495 [681edbc6-a1fc-42a4-b5ce-4922820de60a@group-FD33B9583E3C-LeaderElection258] INFO  impl.LeaderElection (LogUtils.java:infoOrTrace(149)) - 681edbc6-a1fc-42a4-b5ce-4922820de60a@group-FD33B9583E3C-LeaderElection258 got exception when requesting votes: {}
java.util.concurrent.ExecutionException: org.apache.ratis.thirdparty.io.grpc.StatusRuntimeException: UNAVAILABLE: io exception
	at java.util.concurrent.FutureTask.report(FutureTask.java:122)
	at java.util.concurrent.FutureTask.get(FutureTask.java:192)
	at org.apache.ratis.server.impl.LeaderElection.waitForResults(LeaderElection.java:259)
	at org.apache.ratis.server.impl.LeaderElection.askForVotes(LeaderElection.java:197)
	at org.apache.ratis.server.impl.LeaderElection.run(LeaderElection.java:133)
	at java.lang.Thread.run(Thread.java:748)
Caused by: org.apache.ratis.thirdparty.io.grpc.StatusRuntimeException: UNAVAILABLE: io exception
	at org.apache.ratis.thirdparty.io.grpc.stub.ClientCalls.toStatusRuntimeException(ClientCalls.java:233)
	at org.apache.ratis.thirdparty.io.grpc.stub.ClientCalls.getUnchecked(ClientCalls.java:214)
	at org.apache.ratis.thirdparty.io.grpc.stub.ClientCalls.blockingUnaryCall(ClientCalls.java:139)
	at org.apache.ratis.proto.grpc.RaftServerProtocolServiceGrpc$RaftServerProtocolServiceBlockingStub.requestVote(RaftServerProtocolServiceGrpc.java:265)
	at org.apache.ratis.grpc.server.GrpcServerProtocolClient.requestVote(GrpcServerProtocolClient.java:99)
	at org.apache.ratis.grpc.server.GrpcService.requestVote(GrpcService.java:204)
	at org.apache.ratis.server.impl.LeaderElection.lambda$submitRequests$1(LeaderElection.java:234)
	at java.util.concurrent.FutureTask.run(FutureTask.java:266)
	at java.util.concurrent.Executors$RunnableAdapter.call(Executors.java:511)
	at java.util.concurrent.FutureTask.run(FutureTask.java:266)
	at java.util.concurrent.ThreadPoolExecutor.runWorker(ThreadPoolExecutor.java:1149)
	at java.util.concurrent.ThreadPoolExecutor$Worker.run(ThreadPoolExecutor.java:624)
	... 1 more
Caused by: org.apache.ratis.thirdparty.io.netty.channel.AbstractChannel$AnnotatedConnectException: Connection refused: /192.168.164.233:46080
	at sun.nio.ch.SocketChannelImpl.checkConnect(Native Method)
	at sun.nio.ch.SocketChannelImpl.finishConnect(SocketChannelImpl.java:717)
	at org.apache.ratis.thirdparty.io.netty.channel.socket.nio.NioSocketChannel.doFinishConnect(NioSocketChannel.java:327)
	at org.apache.ratis.thirdparty.io.netty.channel.nio.AbstractNioChannel$AbstractNioUnsafe.finishConnect(AbstractNioChannel.java:340)
	at org.apache.ratis.thirdparty.io.netty.channel.nio.NioEventLoop.processSelectedKey(NioEventLoop.java:632)
	at org.apache.ratis.thirdparty.io.netty.channel.nio.NioEventLoop.processSelectedKeysOptimized(NioEventLoop.java:579)
	at org.apache.ratis.thirdparty.io.netty.channel.nio.NioEventLoop.processSelectedKeys(NioEventLoop.java:496)
	at org.apache.ratis.thirdparty.io.netty.channel.nio.NioEventLoop.run(NioEventLoop.java:458)
	at org.apache.ratis.thirdparty.io.netty.util.concurrent.SingleThreadEventExecutor$5.run(SingleThreadEventExecutor.java:897)
	at org.apache.ratis.thirdparty.io.netty.util.concurrent.FastThreadLocalRunnable.run(FastThreadLocalRunnable.java:30)
	... 1 more
Caused by: java.net.ConnectException: Connection refused
	... 11 more
2019-10-18 14:30:49,495 [681edbc6-a1fc-42a4-b5ce-4922820de60a@group-FD33B9583E3C-LeaderElection258] INFO  impl.LeaderElection (LogUtils.java:infoOrTrace(149)) - 681edbc6-a1fc-42a4-b5ce-4922820de60a@group-FD33B9583E3C-LeaderElection258 got exception when requesting votes: {}
java.util.concurrent.ExecutionException: org.apache.ratis.thirdparty.io.grpc.StatusRuntimeException: UNAVAILABLE: io exception
	at java.util.concurrent.FutureTask.report(FutureTask.java:122)
	at java.util.concurrent.FutureTask.get(FutureTask.java:192)
	at org.apache.ratis.server.impl.LeaderElection.waitForResults(LeaderElection.java:259)
	at org.apache.ratis.server.impl.LeaderElection.askForVotes(LeaderElection.java:197)
	at org.apache.ratis.server.impl.LeaderElection.run(LeaderElection.java:133)
	at java.lang.Thread.run(Thread.java:748)
Caused by: org.apache.ratis.thirdparty.io.grpc.StatusRuntimeException: UNAVAILABLE: io exception
	at org.apache.ratis.thirdparty.io.grpc.stub.ClientCalls.toStatusRuntimeException(ClientCalls.java:233)
	at org.apache.ratis.thirdparty.io.grpc.stub.ClientCalls.getUnchecked(ClientCalls.java:214)
	at org.apache.ratis.thirdparty.io.grpc.stub.ClientCalls.blockingUnaryCall(ClientCalls.java:139)
	at org.apache.ratis.proto.grpc.RaftServerProtocolServiceGrpc$RaftServerProtocolServiceBlockingStub.requestVote(RaftServerProtocolServiceGrpc.java:265)
	at org.apache.ratis.grpc.server.GrpcServerProtocolClient.requestVote(GrpcServerProtocolClient.java:99)
	at org.apache.ratis.grpc.server.GrpcService.requestVote(GrpcService.java:204)
	at org.apache.ratis.server.impl.LeaderElection.lambda$submitRequests$1(LeaderElection.java:234)
	at java.util.concurrent.FutureTask.run(FutureTask.java:266)
	at java.util.concurrent.Executors$RunnableAdapter.call(Executors.java:511)
	at java.util.concurrent.FutureTask.run(FutureTask.java:266)
	at java.util.concurrent.ThreadPoolExecutor.runWorker(ThreadPoolExecutor.java:1149)
	at java.util.concurrent.ThreadPoolExecutor$Worker.run(ThreadPoolExecutor.java:624)
	... 1 more
Caused by: org.apache.ratis.thirdparty.io.netty.channel.AbstractChannel$AnnotatedConnectException: Connection refused: /192.168.164.233:38729
	at sun.nio.ch.SocketChannelImpl.checkConnect(Native Method)
	at sun.nio.ch.SocketChannelImpl.finishConnect(SocketChannelImpl.java:717)
	at org.apache.ratis.thirdparty.io.netty.channel.socket.nio.NioSocketChannel.doFinishConnect(NioSocketChannel.java:327)
	at org.apache.ratis.thirdparty.io.netty.channel.nio.AbstractNioChannel$AbstractNioUnsafe.finishConnect(AbstractNioChannel.java:340)
	at org.apache.ratis.thirdparty.io.netty.channel.nio.NioEventLoop.processSelectedKey(NioEventLoop.java:632)
	at org.apache.ratis.thirdparty.io.netty.channel.nio.NioEventLoop.processSelectedKeysOptimized(NioEventLoop.java:579)
	at org.apache.ratis.thirdparty.io.netty.channel.nio.NioEventLoop.processSelectedKeys(NioEventLoop.java:496)
	at org.apache.ratis.thirdparty.io.netty.channel.nio.NioEventLoop.run(NioEventLoop.java:458)
	at org.apache.ratis.thirdparty.io.netty.util.concurrent.SingleThreadEventExecutor$5.run(SingleThreadEventExecutor.java:897)
	at org.apache.ratis.thirdparty.io.netty.util.concurrent.FastThreadLocalRunnable.run(FastThreadLocalRunnable.java:30)
	... 1 more
Caused by: java.net.ConnectException: Connection refused
	... 11 more
2019-10-18 14:30:49,496 [681edbc6-a1fc-42a4-b5ce-4922820de60a@group-FD33B9583E3C-LeaderElection258] INFO  impl.LeaderElection (LeaderElection.java:logAndReturn(56)) - 681edbc6-a1fc-42a4-b5ce-4922820de60a@group-FD33B9583E3C-LeaderElection258: Election REJECTED; received 0 response(s) [] and 2 exception(s); 681edbc6-a1fc-42a4-b5ce-4922820de60a@group-FD33B9583E3C:t258, leader=null, voted=681edbc6-a1fc-42a4-b5ce-4922820de60a, raftlog=681edbc6-a1fc-42a4-b5ce-4922820de60a@group-FD33B9583E3C-SegmentedRaftLog:OPENED:c-1,f-1,i0, conf=-1: [3ee7b367-7b16-44e1-99f8-43aefeda0876:192.168.164.233:46080, 681edbc6-a1fc-42a4-b5ce-4922820de60a:192.168.164.233:44267, 773cce60-eeca-4c1f-a5ec-70084be8b6b9:192.168.164.233:38729], old=null
2019-10-18 14:30:49,496 [681edbc6-a1fc-42a4-b5ce-4922820de60a@group-FD33B9583E3C-LeaderElection258] INFO  impl.LeaderElection (LogUtils.java:infoOrTrace(149)) -   Exception 0: {}
java.util.concurrent.ExecutionException: org.apache.ratis.thirdparty.io.grpc.StatusRuntimeException: UNAVAILABLE: io exception
	at java.util.concurrent.FutureTask.report(FutureTask.java:122)
	at java.util.concurrent.FutureTask.get(FutureTask.java:192)
	at org.apache.ratis.server.impl.LeaderElection.waitForResults(LeaderElection.java:259)
	at org.apache.ratis.server.impl.LeaderElection.askForVotes(LeaderElection.java:197)
	at org.apache.ratis.server.impl.LeaderElection.run(LeaderElection.java:133)
	at java.lang.Thread.run(Thread.java:748)
Caused by: org.apache.ratis.thirdparty.io.grpc.StatusRuntimeException: UNAVAILABLE: io exception
	at org.apache.ratis.thirdparty.io.grpc.stub.ClientCalls.toStatusRuntimeException(ClientCalls.java:233)
	at org.apache.ratis.thirdparty.io.grpc.stub.ClientCalls.getUnchecked(ClientCalls.java:214)
	at org.apache.ratis.thirdparty.io.grpc.stub.ClientCalls.blockingUnaryCall(ClientCalls.java:139)
	at org.apache.ratis.proto.grpc.RaftServerProtocolServiceGrpc$RaftServerProtocolServiceBlockingStub.requestVote(RaftServerProtocolServiceGrpc.java:265)
	at org.apache.ratis.grpc.server.GrpcServerProtocolClient.requestVote(GrpcServerProtocolClient.java:99)
	at org.apache.ratis.grpc.server.GrpcService.requestVote(GrpcService.java:204)
	at org.apache.ratis.server.impl.LeaderElection.lambda$submitRequests$1(LeaderElection.java:234)
	at java.util.concurrent.FutureTask.run(FutureTask.java:266)
	at java.util.concurrent.Executors$RunnableAdapter.call(Executors.java:511)
	at java.util.concurrent.FutureTask.run(FutureTask.java:266)
	at java.util.concurrent.ThreadPoolExecutor.runWorker(ThreadPoolExecutor.java:1149)
	at java.util.concurrent.ThreadPoolExecutor$Worker.run(ThreadPoolExecutor.java:624)
	... 1 more
Caused by: org.apache.ratis.thirdparty.io.netty.channel.AbstractChannel$AnnotatedConnectException: Connection refused: /192.168.164.233:46080
	at sun.nio.ch.SocketChannelImpl.checkConnect(Native Method)
	at sun.nio.ch.SocketChannelImpl.finishConnect(SocketChannelImpl.java:717)
	at org.apache.ratis.thirdparty.io.netty.channel.socket.nio.NioSocketChannel.doFinishConnect(NioSocketChannel.java:327)
	at org.apache.ratis.thirdparty.io.netty.channel.nio.AbstractNioChannel$AbstractNioUnsafe.finishConnect(AbstractNioChannel.java:340)
	at org.apache.ratis.thirdparty.io.netty.channel.nio.NioEventLoop.processSelectedKey(NioEventLoop.java:632)
	at org.apache.ratis.thirdparty.io.netty.channel.nio.NioEventLoop.processSelectedKeysOptimized(NioEventLoop.java:579)
	at org.apache.ratis.thirdparty.io.netty.channel.nio.NioEventLoop.processSelectedKeys(NioEventLoop.java:496)
	at org.apache.ratis.thirdparty.io.netty.channel.nio.NioEventLoop.run(NioEventLoop.java:458)
	at org.apache.ratis.thirdparty.io.netty.util.concurrent.SingleThreadEventExecutor$5.run(SingleThreadEventExecutor.java:897)
	at org.apache.ratis.thirdparty.io.netty.util.concurrent.FastThreadLocalRunnable.run(FastThreadLocalRunnable.java:30)
	... 1 more
Caused by: java.net.ConnectException: Connection refused
	... 11 more
2019-10-18 14:30:49,496 [681edbc6-a1fc-42a4-b5ce-4922820de60a@group-FD33B9583E3C-LeaderElection258] INFO  impl.LeaderElection (LogUtils.java:infoOrTrace(149)) -   Exception 1: {}
java.util.concurrent.ExecutionException: org.apache.ratis.thirdparty.io.grpc.StatusRuntimeException: UNAVAILABLE: io exception
	at java.util.concurrent.FutureTask.report(FutureTask.java:122)
	at java.util.concurrent.FutureTask.get(FutureTask.java:192)
	at org.apache.ratis.server.impl.LeaderElection.waitForResults(LeaderElection.java:259)
	at org.apache.ratis.server.impl.LeaderElection.askForVotes(LeaderElection.java:197)
	at org.apache.ratis.server.impl.LeaderElection.run(LeaderElection.java:133)
	at java.lang.Thread.run(Thread.java:748)
Caused by: org.apache.ratis.thirdparty.io.grpc.StatusRuntimeException: UNAVAILABLE: io exception
	at org.apache.ratis.thirdparty.io.grpc.stub.ClientCalls.toStatusRuntimeException(ClientCalls.java:233)
	at org.apache.ratis.thirdparty.io.grpc.stub.ClientCalls.getUnchecked(ClientCalls.java:214)
	at org.apache.ratis.thirdparty.io.grpc.stub.ClientCalls.blockingUnaryCall(ClientCalls.java:139)
	at org.apache.ratis.proto.grpc.RaftServerProtocolServiceGrpc$RaftServerProtocolServiceBlockingStub.requestVote(RaftServerProtocolServiceGrpc.java:265)
	at org.apache.ratis.grpc.server.GrpcServerProtocolClient.requestVote(GrpcServerProtocolClient.java:99)
	at org.apache.ratis.grpc.server.GrpcService.requestVote(GrpcService.java:204)
	at org.apache.ratis.server.impl.LeaderElection.lambda$submitRequests$1(LeaderElection.java:234)
	at java.util.concurrent.FutureTask.run(FutureTask.java:266)
	at java.util.concurrent.Executors$RunnableAdapter.call(Executors.java:511)
	at java.util.concurrent.FutureTask.run(FutureTask.java:266)
	at java.util.concurrent.ThreadPoolExecutor.runWorker(ThreadPoolExecutor.java:1149)
	at java.util.concurrent.ThreadPoolExecutor$Worker.run(ThreadPoolExecutor.java:624)
	... 1 more
Caused by: org.apache.ratis.thirdparty.io.netty.channel.AbstractChannel$AnnotatedConnectException: Connection refused: /192.168.164.233:38729
	at sun.nio.ch.SocketChannelImpl.checkConnect(Native Method)
	at sun.nio.ch.SocketChannelImpl.finishConnect(SocketChannelImpl.java:717)
	at org.apache.ratis.thirdparty.io.netty.channel.socket.nio.NioSocketChannel.doFinishConnect(NioSocketChannel.java:327)
	at org.apache.ratis.thirdparty.io.netty.channel.nio.AbstractNioChannel$AbstractNioUnsafe.finishConnect(AbstractNioChannel.java:340)
	at org.apache.ratis.thirdparty.io.netty.channel.nio.NioEventLoop.processSelectedKey(NioEventLoop.java:632)
	at org.apache.ratis.thirdparty.io.netty.channel.nio.NioEventLoop.processSelectedKeysOptimized(NioEventLoop.java:579)
	at org.apache.ratis.thirdparty.io.netty.channel.nio.NioEventLoop.processSelectedKeys(NioEventLoop.java:496)
	at org.apache.ratis.thirdparty.io.netty.channel.nio.NioEventLoop.run(NioEventLoop.java:458)
	at org.apache.ratis.thirdparty.io.netty.util.concurrent.SingleThreadEventExecutor$5.run(SingleThreadEventExecutor.java:897)
	at org.apache.ratis.thirdparty.io.netty.util.concurrent.FastThreadLocalRunnable.run(FastThreadLocalRunnable.java:30)
	... 1 more
Caused by: java.net.ConnectException: Connection refused
	... 11 more
2019-10-18 14:30:49,496 [681edbc6-a1fc-42a4-b5ce-4922820de60a@group-FD33B9583E3C-LeaderElection258] INFO  impl.RaftServerImpl (RaftServerImpl.java:setRole(184)) - 681edbc6-a1fc-42a4-b5ce-4922820de60a@group-FD33B9583E3C: changes role from CANDIDATE to FOLLOWER at term 258 for DISCOVERED_A_NEW_TERM
2019-10-18 14:30:49,496 [681edbc6-a1fc-42a4-b5ce-4922820de60a@group-FD33B9583E3C-LeaderElection258] INFO  impl.RoleInfo (RoleInfo.java:shutdownLeaderElection(134)) - 681edbc6-a1fc-42a4-b5ce-4922820de60a: shutdown LeaderElection
2019-10-18 14:30:49,497 [681edbc6-a1fc-42a4-b5ce-4922820de60a@group-FD33B9583E3C-LeaderElection258] INFO  impl.RoleInfo (RoleInfo.java:updateAndGet(143)) - 681edbc6-a1fc-42a4-b5ce-4922820de60a: start FollowerState
2019-10-18 14:30:49,510 [Thread-2024] INFO  impl.FollowerState (FollowerState.java:run(108)) - 681edbc6-a1fc-42a4-b5ce-4922820de60a@group-FD33B9583E3C-FollowerState: change to CANDIDATE, lastRpcTime:13ms, electionTimeout:13ms
2019-10-18 14:30:49,510 [Thread-2024] INFO  impl.RoleInfo (RoleInfo.java:shutdownFollowerState(121)) - 681edbc6-a1fc-42a4-b5ce-4922820de60a: shutdown FollowerState
2019-10-18 14:30:49,510 [Thread-2024] INFO  impl.RaftServerImpl (RaftServerImpl.java:setRole(184)) - 681edbc6-a1fc-42a4-b5ce-4922820de60a@group-FD33B9583E3C: changes role from  FOLLOWER to CANDIDATE at term 258 for changeToCandidate
2019-10-18 14:30:49,510 [Thread-2024] INFO  impl.RoleInfo (RoleInfo.java:updateAndGet(143)) - 681edbc6-a1fc-42a4-b5ce-4922820de60a: start LeaderElection
2019-10-18 14:30:49,524 [681edbc6-a1fc-42a4-b5ce-4922820de60a@group-FD33B9583E3C-LeaderElection259] INFO  impl.LeaderElection (LeaderElection.java:askForVotes(178)) - 681edbc6-a1fc-42a4-b5ce-4922820de60a@group-FD33B9583E3C-LeaderElection259: begin an election at term 259 for -1: [3ee7b367-7b16-44e1-99f8-43aefeda0876:192.168.164.233:46080, 681edbc6-a1fc-42a4-b5ce-4922820de60a:192.168.164.233:44267, 773cce60-eeca-4c1f-a5ec-70084be8b6b9:192.168.164.233:38729], old=null
2019-10-18 14:30:49,524 [681edbc6-a1fc-42a4-b5ce-4922820de60a@group-FD33B9583E3C-LeaderElection259] INFO  impl.LeaderElection (LogUtils.java:infoOrTrace(149)) - 681edbc6-a1fc-42a4-b5ce-4922820de60a@group-FD33B9583E3C-LeaderElection259 got exception when requesting votes: {}
java.util.concurrent.ExecutionException: org.apache.ratis.thirdparty.io.grpc.StatusRuntimeException: UNAVAILABLE: io exception
	at java.util.concurrent.FutureTask.report(FutureTask.java:122)
	at java.util.concurrent.FutureTask.get(FutureTask.java:192)
	at org.apache.ratis.server.impl.LeaderElection.waitForResults(LeaderElection.java:259)
	at org.apache.ratis.server.impl.LeaderElection.askForVotes(LeaderElection.java:197)
	at org.apache.ratis.server.impl.LeaderElection.run(LeaderElection.java:133)
	at java.lang.Thread.run(Thread.java:748)
Caused by: org.apache.ratis.thirdparty.io.grpc.StatusRuntimeException: UNAVAILABLE: io exception
	at org.apache.ratis.thirdparty.io.grpc.stub.ClientCalls.toStatusRuntimeException(ClientCalls.java:233)
	at org.apache.ratis.thirdparty.io.grpc.stub.ClientCalls.getUnchecked(ClientCalls.java:214)
	at org.apache.ratis.thirdparty.io.grpc.stub.ClientCalls.blockingUnaryCall(ClientCalls.java:139)
	at org.apache.ratis.proto.grpc.RaftServerProtocolServiceGrpc$RaftServerProtocolServiceBlockingStub.requestVote(RaftServerProtocolServiceGrpc.java:265)
	at org.apache.ratis.grpc.server.GrpcServerProtocolClient.requestVote(GrpcServerProtocolClient.java:99)
	at org.apache.ratis.grpc.server.GrpcService.requestVote(GrpcService.java:204)
	at org.apache.ratis.server.impl.LeaderElection.lambda$submitRequests$1(LeaderElection.java:234)
	at java.util.concurrent.FutureTask.run(FutureTask.java:266)
	at java.util.concurrent.Executors$RunnableAdapter.call(Executors.java:511)
	at java.util.concurrent.FutureTask.run(FutureTask.java:266)
	at java.util.concurrent.ThreadPoolExecutor.runWorker(ThreadPoolExecutor.java:1149)
	at java.util.concurrent.ThreadPoolExecutor$Worker.run(ThreadPoolExecutor.java:624)
	... 1 more
Caused by: org.apache.ratis.thirdparty.io.netty.channel.AbstractChannel$AnnotatedConnectException: Connection refused: /192.168.164.233:46080
	at sun.nio.ch.SocketChannelImpl.checkConnect(Native Method)
	at sun.nio.ch.SocketChannelImpl.finishConnect(SocketChannelImpl.java:717)
	at org.apache.ratis.thirdparty.io.netty.channel.socket.nio.NioSocketChannel.doFinishConnect(NioSocketChannel.java:327)
	at org.apache.ratis.thirdparty.io.netty.channel.nio.AbstractNioChannel$AbstractNioUnsafe.finishConnect(AbstractNioChannel.java:340)
	at org.apache.ratis.thirdparty.io.netty.channel.nio.NioEventLoop.processSelectedKey(NioEventLoop.java:632)
	at org.apache.ratis.thirdparty.io.netty.channel.nio.NioEventLoop.processSelectedKeysOptimized(NioEventLoop.java:579)
	at org.apache.ratis.thirdparty.io.netty.channel.nio.NioEventLoop.processSelectedKeys(NioEventLoop.java:496)
	at org.apache.ratis.thirdparty.io.netty.channel.nio.NioEventLoop.run(NioEventLoop.java:458)
	at org.apache.ratis.thirdparty.io.netty.util.concurrent.SingleThreadEventExecutor$5.run(SingleThreadEventExecutor.java:897)
	at org.apache.ratis.thirdparty.io.netty.util.concurrent.FastThreadLocalRunnable.run(FastThreadLocalRunnable.java:30)
	... 1 more
Caused by: java.net.ConnectException: Connection refused
	... 11 more
2019-10-18 14:30:49,525 [681edbc6-a1fc-42a4-b5ce-4922820de60a@group-FD33B9583E3C-LeaderElection259] INFO  impl.LeaderElection (LogUtils.java:infoOrTrace(149)) - 681edbc6-a1fc-42a4-b5ce-4922820de60a@group-FD33B9583E3C-LeaderElection259 got exception when requesting votes: {}
java.util.concurrent.ExecutionException: org.apache.ratis.thirdparty.io.grpc.StatusRuntimeException: UNAVAILABLE: io exception
	at java.util.concurrent.FutureTask.report(FutureTask.java:122)
	at java.util.concurrent.FutureTask.get(FutureTask.java:192)
	at org.apache.ratis.server.impl.LeaderElection.waitForResults(LeaderElection.java:259)
	at org.apache.ratis.server.impl.LeaderElection.askForVotes(LeaderElection.java:197)
	at org.apache.ratis.server.impl.LeaderElection.run(LeaderElection.java:133)
	at java.lang.Thread.run(Thread.java:748)
Caused by: org.apache.ratis.thirdparty.io.grpc.StatusRuntimeException: UNAVAILABLE: io exception
	at org.apache.ratis.thirdparty.io.grpc.stub.ClientCalls.toStatusRuntimeException(ClientCalls.java:233)
	at org.apache.ratis.thirdparty.io.grpc.stub.ClientCalls.getUnchecked(ClientCalls.java:214)
	at org.apache.ratis.thirdparty.io.grpc.stub.ClientCalls.blockingUnaryCall(ClientCalls.java:139)
	at org.apache.ratis.proto.grpc.RaftServerProtocolServiceGrpc$RaftServerProtocolServiceBlockingStub.requestVote(RaftServerProtocolServiceGrpc.java:265)
	at org.apache.ratis.grpc.server.GrpcServerProtocolClient.requestVote(GrpcServerProtocolClient.java:99)
	at org.apache.ratis.grpc.server.GrpcService.requestVote(GrpcService.java:204)
	at org.apache.ratis.server.impl.LeaderElection.lambda$submitRequests$1(LeaderElection.java:234)
	at java.util.concurrent.FutureTask.run(FutureTask.java:266)
	at java.util.concurrent.Executors$RunnableAdapter.call(Executors.java:511)
	at java.util.concurrent.FutureTask.run(FutureTask.java:266)
	at java.util.concurrent.ThreadPoolExecutor.runWorker(ThreadPoolExecutor.java:1149)
	at java.util.concurrent.ThreadPoolExecutor$Worker.run(ThreadPoolExecutor.java:624)
	... 1 more
Caused by: org.apache.ratis.thirdparty.io.netty.channel.AbstractChannel$AnnotatedConnectException: Connection refused: /192.168.164.233:38729
	at sun.nio.ch.SocketChannelImpl.checkConnect(Native Method)
	at sun.nio.ch.SocketChannelImpl.finishConnect(SocketChannelImpl.java:717)
	at org.apache.ratis.thirdparty.io.netty.channel.socket.nio.NioSocketChannel.doFinishConnect(NioSocketChannel.java:327)
	at org.apache.ratis.thirdparty.io.netty.channel.nio.AbstractNioChannel$AbstractNioUnsafe.finishConnect(AbstractNioChannel.java:340)
	at org.apache.ratis.thirdparty.io.netty.channel.nio.NioEventLoop.processSelectedKey(NioEventLoop.java:632)
	at org.apache.ratis.thirdparty.io.netty.channel.nio.NioEventLoop.processSelectedKeysOptimized(NioEventLoop.java:579)
	at org.apache.ratis.thirdparty.io.netty.channel.nio.NioEventLoop.processSelectedKeys(NioEventLoop.java:496)
	at org.apache.ratis.thirdparty.io.netty.channel.nio.NioEventLoop.run(NioEventLoop.java:458)
	at org.apache.ratis.thirdparty.io.netty.util.concurrent.SingleThreadEventExecutor$5.run(SingleThreadEventExecutor.java:897)
	at org.apache.ratis.thirdparty.io.netty.util.concurrent.FastThreadLocalRunnable.run(FastThreadLocalRunnable.java:30)
	... 1 more
Caused by: java.net.ConnectException: Connection refused
	... 11 more
2019-10-18 14:30:49,526 [681edbc6-a1fc-42a4-b5ce-4922820de60a@group-FD33B9583E3C-LeaderElection259] INFO  impl.LeaderElection (LeaderElection.java:logAndReturn(56)) - 681edbc6-a1fc-42a4-b5ce-4922820de60a@group-FD33B9583E3C-LeaderElection259: Election REJECTED; received 0 response(s) [] and 2 exception(s); 681edbc6-a1fc-42a4-b5ce-4922820de60a@group-FD33B9583E3C:t259, leader=null, voted=681edbc6-a1fc-42a4-b5ce-4922820de60a, raftlog=681edbc6-a1fc-42a4-b5ce-4922820de60a@group-FD33B9583E3C-SegmentedRaftLog:OPENED:c-1,f-1,i0, conf=-1: [3ee7b367-7b16-44e1-99f8-43aefeda0876:192.168.164.233:46080, 681edbc6-a1fc-42a4-b5ce-4922820de60a:192.168.164.233:44267, 773cce60-eeca-4c1f-a5ec-70084be8b6b9:192.168.164.233:38729], old=null
2019-10-18 14:30:49,526 [681edbc6-a1fc-42a4-b5ce-4922820de60a@group-FD33B9583E3C-LeaderElection259] INFO  impl.LeaderElection (LogUtils.java:infoOrTrace(149)) -   Exception 0: {}
java.util.concurrent.ExecutionException: org.apache.ratis.thirdparty.io.grpc.StatusRuntimeException: UNAVAILABLE: io exception
	at java.util.concurrent.FutureTask.report(FutureTask.java:122)
	at java.util.concurrent.FutureTask.get(FutureTask.java:192)
	at org.apache.ratis.server.impl.LeaderElection.waitForResults(LeaderElection.java:259)
	at org.apache.ratis.server.impl.LeaderElection.askForVotes(LeaderElection.java:197)
	at org.apache.ratis.server.impl.LeaderElection.run(LeaderElection.java:133)
	at java.lang.Thread.run(Thread.java:748)
Caused by: org.apache.ratis.thirdparty.io.grpc.StatusRuntimeException: UNAVAILABLE: io exception
	at org.apache.ratis.thirdparty.io.grpc.stub.ClientCalls.toStatusRuntimeException(ClientCalls.java:233)
	at org.apache.ratis.thirdparty.io.grpc.stub.ClientCalls.getUnchecked(ClientCalls.java:214)
	at org.apache.ratis.thirdparty.io.grpc.stub.ClientCalls.blockingUnaryCall(ClientCalls.java:139)
	at org.apache.ratis.proto.grpc.RaftServerProtocolServiceGrpc$RaftServerProtocolServiceBlockingStub.requestVote(RaftServerProtocolServiceGrpc.java:265)
	at org.apache.ratis.grpc.server.GrpcServerProtocolClient.requestVote(GrpcServerProtocolClient.java:99)
	at org.apache.ratis.grpc.server.GrpcService.requestVote(GrpcService.java:204)
	at org.apache.ratis.server.impl.LeaderElection.lambda$submitRequests$1(LeaderElection.java:234)
	at java.util.concurrent.FutureTask.run(FutureTask.java:266)
	at java.util.concurrent.Executors$RunnableAdapter.call(Executors.java:511)
	at java.util.concurrent.FutureTask.run(FutureTask.java:266)
	at java.util.concurrent.ThreadPoolExecutor.runWorker(ThreadPoolExecutor.java:1149)
	at java.util.concurrent.ThreadPoolExecutor$Worker.run(ThreadPoolExecutor.java:624)
	... 1 more
Caused by: org.apache.ratis.thirdparty.io.netty.channel.AbstractChannel$AnnotatedConnectException: Connection refused: /192.168.164.233:46080
	at sun.nio.ch.SocketChannelImpl.checkConnect(Native Method)
	at sun.nio.ch.SocketChannelImpl.finishConnect(SocketChannelImpl.java:717)
	at org.apache.ratis.thirdparty.io.netty.channel.socket.nio.NioSocketChannel.doFinishConnect(NioSocketChannel.java:327)
	at org.apache.ratis.thirdparty.io.netty.channel.nio.AbstractNioChannel$AbstractNioUnsafe.finishConnect(AbstractNioChannel.java:340)
	at org.apache.ratis.thirdparty.io.netty.channel.nio.NioEventLoop.processSelectedKey(NioEventLoop.java:632)
	at org.apache.ratis.thirdparty.io.netty.channel.nio.NioEventLoop.processSelectedKeysOptimized(NioEventLoop.java:579)
	at org.apache.ratis.thirdparty.io.netty.channel.nio.NioEventLoop.processSelectedKeys(NioEventLoop.java:496)
	at org.apache.ratis.thirdparty.io.netty.channel.nio.NioEventLoop.run(NioEventLoop.java:458)
	at org.apache.ratis.thirdparty.io.netty.util.concurrent.SingleThreadEventExecutor$5.run(SingleThreadEventExecutor.java:897)
	at org.apache.ratis.thirdparty.io.netty.util.concurrent.FastThreadLocalRunnable.run(FastThreadLocalRunnable.java:30)
	... 1 more
Caused by: java.net.ConnectException: Connection refused
	... 11 more
2019-10-18 14:30:49,526 [681edbc6-a1fc-42a4-b5ce-4922820de60a@group-FD33B9583E3C-LeaderElection259] INFO  impl.LeaderElection (LogUtils.java:infoOrTrace(149)) -   Exception 1: {}
java.util.concurrent.ExecutionException: org.apache.ratis.thirdparty.io.grpc.StatusRuntimeException: UNAVAILABLE: io exception
	at java.util.concurrent.FutureTask.report(FutureTask.java:122)
	at java.util.concurrent.FutureTask.get(FutureTask.java:192)
	at org.apache.ratis.server.impl.LeaderElection.waitForResults(LeaderElection.java:259)
	at org.apache.ratis.server.impl.LeaderElection.askForVotes(LeaderElection.java:197)
	at org.apache.ratis.server.impl.LeaderElection.run(LeaderElection.java:133)
	at java.lang.Thread.run(Thread.java:748)
Caused by: org.apache.ratis.thirdparty.io.grpc.StatusRuntimeException: UNAVAILABLE: io exception
	at org.apache.ratis.thirdparty.io.grpc.stub.ClientCalls.toStatusRuntimeException(ClientCalls.java:233)
	at org.apache.ratis.thirdparty.io.grpc.stub.ClientCalls.getUnchecked(ClientCalls.java:214)
	at org.apache.ratis.thirdparty.io.grpc.stub.ClientCalls.blockingUnaryCall(ClientCalls.java:139)
	at org.apache.ratis.proto.grpc.RaftServerProtocolServiceGrpc$RaftServerProtocolServiceBlockingStub.requestVote(RaftServerProtocolServiceGrpc.java:265)
	at org.apache.ratis.grpc.server.GrpcServerProtocolClient.requestVote(GrpcServerProtocolClient.java:99)
	at org.apache.ratis.grpc.server.GrpcService.requestVote(GrpcService.java:204)
	at org.apache.ratis.server.impl.LeaderElection.lambda$submitRequests$1(LeaderElection.java:234)
	at java.util.concurrent.FutureTask.run(FutureTask.java:266)
	at java.util.concurrent.Executors$RunnableAdapter.call(Executors.java:511)
	at java.util.concurrent.FutureTask.run(FutureTask.java:266)
	at java.util.concurrent.ThreadPoolExecutor.runWorker(ThreadPoolExecutor.java:1149)
	at java.util.concurrent.ThreadPoolExecutor$Worker.run(ThreadPoolExecutor.java:624)
	... 1 more
Caused by: org.apache.ratis.thirdparty.io.netty.channel.AbstractChannel$AnnotatedConnectException: Connection refused: /192.168.164.233:38729
	at sun.nio.ch.SocketChannelImpl.checkConnect(Native Method)
	at sun.nio.ch.SocketChannelImpl.finishConnect(SocketChannelImpl.java:717)
	at org.apache.ratis.thirdparty.io.netty.channel.socket.nio.NioSocketChannel.doFinishConnect(NioSocketChannel.java:327)
	at org.apache.ratis.thirdparty.io.netty.channel.nio.AbstractNioChannel$AbstractNioUnsafe.finishConnect(AbstractNioChannel.java:340)
	at org.apache.ratis.thirdparty.io.netty.channel.nio.NioEventLoop.processSelectedKey(NioEventLoop.java:632)
	at org.apache.ratis.thirdparty.io.netty.channel.nio.NioEventLoop.processSelectedKeysOptimized(NioEventLoop.java:579)
	at org.apache.ratis.thirdparty.io.netty.channel.nio.NioEventLoop.processSelectedKeys(NioEventLoop.java:496)
	at org.apache.ratis.thirdparty.io.netty.channel.nio.NioEventLoop.run(NioEventLoop.java:458)
	at org.apache.ratis.thirdparty.io.netty.util.concurrent.SingleThreadEventExecutor$5.run(SingleThreadEventExecutor.java:897)
	at org.apache.ratis.thirdparty.io.netty.util.concurrent.FastThreadLocalRunnable.run(FastThreadLocalRunnable.java:30)
	... 1 more
Caused by: java.net.ConnectException: Connection refused
	... 11 more
2019-10-18 14:30:49,527 [681edbc6-a1fc-42a4-b5ce-4922820de60a@group-FD33B9583E3C-LeaderElection259] INFO  impl.RaftServerImpl (RaftServerImpl.java:setRole(184)) - 681edbc6-a1fc-42a4-b5ce-4922820de60a@group-FD33B9583E3C: changes role from CANDIDATE to FOLLOWER at term 259 for DISCOVERED_A_NEW_TERM
2019-10-18 14:30:49,527 [681edbc6-a1fc-42a4-b5ce-4922820de60a@group-FD33B9583E3C-LeaderElection259] INFO  impl.RoleInfo (RoleInfo.java:shutdownLeaderElection(134)) - 681edbc6-a1fc-42a4-b5ce-4922820de60a: shutdown LeaderElection
2019-10-18 14:30:49,527 [681edbc6-a1fc-42a4-b5ce-4922820de60a@group-FD33B9583E3C-LeaderElection259] INFO  impl.RoleInfo (RoleInfo.java:updateAndGet(143)) - 681edbc6-a1fc-42a4-b5ce-4922820de60a: start FollowerState
2019-10-18 14:30:49,567 [Thread-2028] INFO  impl.FollowerState (FollowerState.java:run(108)) - 681edbc6-a1fc-42a4-b5ce-4922820de60a@group-FD33B9583E3C-FollowerState: change to CANDIDATE, lastRpcTime:39ms, electionTimeout:39ms
2019-10-18 14:30:49,567 [Thread-2028] INFO  impl.RoleInfo (RoleInfo.java:shutdownFollowerState(121)) - 681edbc6-a1fc-42a4-b5ce-4922820de60a: shutdown FollowerState
2019-10-18 14:30:49,567 [Thread-2028] INFO  impl.RaftServerImpl (RaftServerImpl.java:setRole(184)) - 681edbc6-a1fc-42a4-b5ce-4922820de60a@group-FD33B9583E3C: changes role from  FOLLOWER to CANDIDATE at term 259 for changeToCandidate
2019-10-18 14:30:49,567 [Thread-2028] INFO  impl.RoleInfo (RoleInfo.java:updateAndGet(143)) - 681edbc6-a1fc-42a4-b5ce-4922820de60a: start LeaderElection
2019-10-18 14:30:49,580 [681edbc6-a1fc-42a4-b5ce-4922820de60a@group-FD33B9583E3C-LeaderElection260] INFO  impl.LeaderElection (LeaderElection.java:askForVotes(178)) - 681edbc6-a1fc-42a4-b5ce-4922820de60a@group-FD33B9583E3C-LeaderElection260: begin an election at term 260 for -1: [3ee7b367-7b16-44e1-99f8-43aefeda0876:192.168.164.233:46080, 681edbc6-a1fc-42a4-b5ce-4922820de60a:192.168.164.233:44267, 773cce60-eeca-4c1f-a5ec-70084be8b6b9:192.168.164.233:38729], old=null
2019-10-18 14:30:49,581 [681edbc6-a1fc-42a4-b5ce-4922820de60a@group-FD33B9583E3C-LeaderElection260] INFO  impl.LeaderElection (LogUtils.java:infoOrTrace(149)) - 681edbc6-a1fc-42a4-b5ce-4922820de60a@group-FD33B9583E3C-LeaderElection260 got exception when requesting votes: {}
java.util.concurrent.ExecutionException: org.apache.ratis.thirdparty.io.grpc.StatusRuntimeException: UNAVAILABLE: io exception
	at java.util.concurrent.FutureTask.report(FutureTask.java:122)
	at java.util.concurrent.FutureTask.get(FutureTask.java:192)
	at org.apache.ratis.server.impl.LeaderElection.waitForResults(LeaderElection.java:259)
	at org.apache.ratis.server.impl.LeaderElection.askForVotes(LeaderElection.java:197)
	at org.apache.ratis.server.impl.LeaderElection.run(LeaderElection.java:133)
	at java.lang.Thread.run(Thread.java:748)
Caused by: org.apache.ratis.thirdparty.io.grpc.StatusRuntimeException: UNAVAILABLE: io exception
	at org.apache.ratis.thirdparty.io.grpc.stub.ClientCalls.toStatusRuntimeException(ClientCalls.java:233)
	at org.apache.ratis.thirdparty.io.grpc.stub.ClientCalls.getUnchecked(ClientCalls.java:214)
	at org.apache.ratis.thirdparty.io.grpc.stub.ClientCalls.blockingUnaryCall(ClientCalls.java:139)
	at org.apache.ratis.proto.grpc.RaftServerProtocolServiceGrpc$RaftServerProtocolServiceBlockingStub.requestVote(RaftServerProtocolServiceGrpc.java:265)
	at org.apache.ratis.grpc.server.GrpcServerProtocolClient.requestVote(GrpcServerProtocolClient.java:99)
	at org.apache.ratis.grpc.server.GrpcService.requestVote(GrpcService.java:204)
	at org.apache.ratis.server.impl.LeaderElection.lambda$submitRequests$1(LeaderElection.java:234)
	at java.util.concurrent.FutureTask.run(FutureTask.java:266)
	at java.util.concurrent.Executors$RunnableAdapter.call(Executors.java:511)
	at java.util.concurrent.FutureTask.run(FutureTask.java:266)
	at java.util.concurrent.ThreadPoolExecutor.runWorker(ThreadPoolExecutor.java:1149)
	at java.util.concurrent.ThreadPoolExecutor$Worker.run(ThreadPoolExecutor.java:624)
	... 1 more
Caused by: org.apache.ratis.thirdparty.io.netty.channel.AbstractChannel$AnnotatedConnectException: Connection refused: /192.168.164.233:38729
	at sun.nio.ch.SocketChannelImpl.checkConnect(Native Method)
	at sun.nio.ch.SocketChannelImpl.finishConnect(SocketChannelImpl.java:717)
	at org.apache.ratis.thirdparty.io.netty.channel.socket.nio.NioSocketChannel.doFinishConnect(NioSocketChannel.java:327)
	at org.apache.ratis.thirdparty.io.netty.channel.nio.AbstractNioChannel$AbstractNioUnsafe.finishConnect(AbstractNioChannel.java:340)
	at org.apache.ratis.thirdparty.io.netty.channel.nio.NioEventLoop.processSelectedKey(NioEventLoop.java:632)
	at org.apache.ratis.thirdparty.io.netty.channel.nio.NioEventLoop.processSelectedKeysOptimized(NioEventLoop.java:579)
	at org.apache.ratis.thirdparty.io.netty.channel.nio.NioEventLoop.processSelectedKeys(NioEventLoop.java:496)
	at org.apache.ratis.thirdparty.io.netty.channel.nio.NioEventLoop.run(NioEventLoop.java:458)
	at org.apache.ratis.thirdparty.io.netty.util.concurrent.SingleThreadEventExecutor$5.run(SingleThreadEventExecutor.java:897)
	at org.apache.ratis.thirdparty.io.netty.util.concurrent.FastThreadLocalRunnable.run(FastThreadLocalRunnable.java:30)
	... 1 more
Caused by: java.net.ConnectException: Connection refused
	... 11 more
2019-10-18 14:30:49,582 [681edbc6-a1fc-42a4-b5ce-4922820de60a@group-FD33B9583E3C-LeaderElection260] INFO  impl.LeaderElection (LogUtils.java:infoOrTrace(149)) - 681edbc6-a1fc-42a4-b5ce-4922820de60a@group-FD33B9583E3C-LeaderElection260 got exception when requesting votes: {}
java.util.concurrent.ExecutionException: org.apache.ratis.thirdparty.io.grpc.StatusRuntimeException: UNAVAILABLE: io exception
	at java.util.concurrent.FutureTask.report(FutureTask.java:122)
	at java.util.concurrent.FutureTask.get(FutureTask.java:192)
	at org.apache.ratis.server.impl.LeaderElection.waitForResults(LeaderElection.java:259)
	at org.apache.ratis.server.impl.LeaderElection.askForVotes(LeaderElection.java:197)
	at org.apache.ratis.server.impl.LeaderElection.run(LeaderElection.java:133)
	at java.lang.Thread.run(Thread.java:748)
Caused by: org.apache.ratis.thirdparty.io.grpc.StatusRuntimeException: UNAVAILABLE: io exception
	at org.apache.ratis.thirdparty.io.grpc.stub.ClientCalls.toStatusRuntimeException(ClientCalls.java:233)
	at org.apache.ratis.thirdparty.io.grpc.stub.ClientCalls.getUnchecked(ClientCalls.java:214)
	at org.apache.ratis.thirdparty.io.grpc.stub.ClientCalls.blockingUnaryCall(ClientCalls.java:139)
	at org.apache.ratis.proto.grpc.RaftServerProtocolServiceGrpc$RaftServerProtocolServiceBlockingStub.requestVote(RaftServerProtocolServiceGrpc.java:265)
	at org.apache.ratis.grpc.server.GrpcServerProtocolClient.requestVote(GrpcServerProtocolClient.java:99)
	at org.apache.ratis.grpc.server.GrpcService.requestVote(GrpcService.java:204)
	at org.apache.ratis.server.impl.LeaderElection.lambda$submitRequests$1(LeaderElection.java:234)
	at java.util.concurrent.FutureTask.run(FutureTask.java:266)
	at java.util.concurrent.Executors$RunnableAdapter.call(Executors.java:511)
	at java.util.concurrent.FutureTask.run(FutureTask.java:266)
	at java.util.concurrent.ThreadPoolExecutor.runWorker(ThreadPoolExecutor.java:1149)
	at java.util.concurrent.ThreadPoolExecutor$Worker.run(ThreadPoolExecutor.java:624)
	... 1 more
Caused by: org.apache.ratis.thirdparty.io.netty.channel.AbstractChannel$AnnotatedConnectException: Connection refused: /192.168.164.233:46080
	at sun.nio.ch.SocketChannelImpl.checkConnect(Native Method)
	at sun.nio.ch.SocketChannelImpl.finishConnect(SocketChannelImpl.java:717)
	at org.apache.ratis.thirdparty.io.netty.channel.socket.nio.NioSocketChannel.doFinishConnect(NioSocketChannel.java:327)
	at org.apache.ratis.thirdparty.io.netty.channel.nio.AbstractNioChannel$AbstractNioUnsafe.finishConnect(AbstractNioChannel.java:340)
	at org.apache.ratis.thirdparty.io.netty.channel.nio.NioEventLoop.processSelectedKey(NioEventLoop.java:632)
	at org.apache.ratis.thirdparty.io.netty.channel.nio.NioEventLoop.processSelectedKeysOptimized(NioEventLoop.java:579)
	at org.apache.ratis.thirdparty.io.netty.channel.nio.NioEventLoop.processSelectedKeys(NioEventLoop.java:496)
	at org.apache.ratis.thirdparty.io.netty.channel.nio.NioEventLoop.run(NioEventLoop.java:458)
	at org.apache.ratis.thirdparty.io.netty.util.concurrent.SingleThreadEventExecutor$5.run(SingleThreadEventExecutor.java:897)
	at org.apache.ratis.thirdparty.io.netty.util.concurrent.FastThreadLocalRunnable.run(FastThreadLocalRunnable.java:30)
	... 1 more
Caused by: java.net.ConnectException: Connection refused
	... 11 more
2019-10-18 14:30:49,582 [681edbc6-a1fc-42a4-b5ce-4922820de60a@group-FD33B9583E3C-LeaderElection260] INFO  impl.LeaderElection (LeaderElection.java:logAndReturn(56)) - 681edbc6-a1fc-42a4-b5ce-4922820de60a@group-FD33B9583E3C-LeaderElection260: Election REJECTED; received 0 response(s) [] and 2 exception(s); 681edbc6-a1fc-42a4-b5ce-4922820de60a@group-FD33B9583E3C:t260, leader=null, voted=681edbc6-a1fc-42a4-b5ce-4922820de60a, raftlog=681edbc6-a1fc-42a4-b5ce-4922820de60a@group-FD33B9583E3C-SegmentedRaftLog:OPENED:c-1,f-1,i0, conf=-1: [3ee7b367-7b16-44e1-99f8-43aefeda0876:192.168.164.233:46080, 681edbc6-a1fc-42a4-b5ce-4922820de60a:192.168.164.233:44267, 773cce60-eeca-4c1f-a5ec-70084be8b6b9:192.168.164.233:38729], old=null
2019-10-18 14:30:49,582 [681edbc6-a1fc-42a4-b5ce-4922820de60a@group-FD33B9583E3C-LeaderElection260] INFO  impl.LeaderElection (LogUtils.java:infoOrTrace(149)) -   Exception 0: {}
java.util.concurrent.ExecutionException: org.apache.ratis.thirdparty.io.grpc.StatusRuntimeException: UNAVAILABLE: io exception
	at java.util.concurrent.FutureTask.report(FutureTask.java:122)
	at java.util.concurrent.FutureTask.get(FutureTask.java:192)
	at org.apache.ratis.server.impl.LeaderElection.waitForResults(LeaderElection.java:259)
	at org.apache.ratis.server.impl.LeaderElection.askForVotes(LeaderElection.java:197)
	at org.apache.ratis.server.impl.LeaderElection.run(LeaderElection.java:133)
	at java.lang.Thread.run(Thread.java:748)
Caused by: org.apache.ratis.thirdparty.io.grpc.StatusRuntimeException: UNAVAILABLE: io exception
	at org.apache.ratis.thirdparty.io.grpc.stub.ClientCalls.toStatusRuntimeException(ClientCalls.java:233)
	at org.apache.ratis.thirdparty.io.grpc.stub.ClientCalls.getUnchecked(ClientCalls.java:214)
	at org.apache.ratis.thirdparty.io.grpc.stub.ClientCalls.blockingUnaryCall(ClientCalls.java:139)
	at org.apache.ratis.proto.grpc.RaftServerProtocolServiceGrpc$RaftServerProtocolServiceBlockingStub.requestVote(RaftServerProtocolServiceGrpc.java:265)
	at org.apache.ratis.grpc.server.GrpcServerProtocolClient.requestVote(GrpcServerProtocolClient.java:99)
	at org.apache.ratis.grpc.server.GrpcService.requestVote(GrpcService.java:204)
	at org.apache.ratis.server.impl.LeaderElection.lambda$submitRequests$1(LeaderElection.java:234)
	at java.util.concurrent.FutureTask.run(FutureTask.java:266)
	at java.util.concurrent.Executors$RunnableAdapter.call(Executors.java:511)
	at java.util.concurrent.FutureTask.run(FutureTask.java:266)
	at java.util.concurrent.ThreadPoolExecutor.runWorker(ThreadPoolExecutor.java:1149)
	at java.util.concurrent.ThreadPoolExecutor$Worker.run(ThreadPoolExecutor.java:624)
	... 1 more
Caused by: org.apache.ratis.thirdparty.io.netty.channel.AbstractChannel$AnnotatedConnectException: Connection refused: /192.168.164.233:38729
	at sun.nio.ch.SocketChannelImpl.checkConnect(Native Method)
	at sun.nio.ch.SocketChannelImpl.finishConnect(SocketChannelImpl.java:717)
	at org.apache.ratis.thirdparty.io.netty.channel.socket.nio.NioSocketChannel.doFinishConnect(NioSocketChannel.java:327)
	at org.apache.ratis.thirdparty.io.netty.channel.nio.AbstractNioChannel$AbstractNioUnsafe.finishConnect(AbstractNioChannel.java:340)
	at org.apache.ratis.thirdparty.io.netty.channel.nio.NioEventLoop.processSelectedKey(NioEventLoop.java:632)
	at org.apache.ratis.thirdparty.io.netty.channel.nio.NioEventLoop.processSelectedKeysOptimized(NioEventLoop.java:579)
	at org.apache.ratis.thirdparty.io.netty.channel.nio.NioEventLoop.processSelectedKeys(NioEventLoop.java:496)
	at org.apache.ratis.thirdparty.io.netty.channel.nio.NioEventLoop.run(NioEventLoop.java:458)
	at org.apache.ratis.thirdparty.io.netty.util.concurrent.SingleThreadEventExecutor$5.run(SingleThreadEventExecutor.java:897)
	at org.apache.ratis.thirdparty.io.netty.util.concurrent.FastThreadLocalRunnable.run(FastThreadLocalRunnable.java:30)
	... 1 more
Caused by: java.net.ConnectException: Connection refused
	... 11 more
2019-10-18 14:30:49,583 [681edbc6-a1fc-42a4-b5ce-4922820de60a@group-FD33B9583E3C-LeaderElection260] INFO  impl.LeaderElection (LogUtils.java:infoOrTrace(149)) -   Exception 1: {}
java.util.concurrent.ExecutionException: org.apache.ratis.thirdparty.io.grpc.StatusRuntimeException: UNAVAILABLE: io exception
	at java.util.concurrent.FutureTask.report(FutureTask.java:122)
	at java.util.concurrent.FutureTask.get(FutureTask.java:192)
	at org.apache.ratis.server.impl.LeaderElection.waitForResults(LeaderElection.java:259)
	at org.apache.ratis.server.impl.LeaderElection.askForVotes(LeaderElection.java:197)
	at org.apache.ratis.server.impl.LeaderElection.run(LeaderElection.java:133)
	at java.lang.Thread.run(Thread.java:748)
Caused by: org.apache.ratis.thirdparty.io.grpc.StatusRuntimeException: UNAVAILABLE: io exception
	at org.apache.ratis.thirdparty.io.grpc.stub.ClientCalls.toStatusRuntimeException(ClientCalls.java:233)
	at org.apache.ratis.thirdparty.io.grpc.stub.ClientCalls.getUnchecked(ClientCalls.java:214)
	at org.apache.ratis.thirdparty.io.grpc.stub.ClientCalls.blockingUnaryCall(ClientCalls.java:139)
	at org.apache.ratis.proto.grpc.RaftServerProtocolServiceGrpc$RaftServerProtocolServiceBlockingStub.requestVote(RaftServerProtocolServiceGrpc.java:265)
	at org.apache.ratis.grpc.server.GrpcServerProtocolClient.requestVote(GrpcServerProtocolClient.java:99)
	at org.apache.ratis.grpc.server.GrpcService.requestVote(GrpcService.java:204)
	at org.apache.ratis.server.impl.LeaderElection.lambda$submitRequests$1(LeaderElection.java:234)
	at java.util.concurrent.FutureTask.run(FutureTask.java:266)
	at java.util.concurrent.Executors$RunnableAdapter.call(Executors.java:511)
	at java.util.concurrent.FutureTask.run(FutureTask.java:266)
	at java.util.concurrent.ThreadPoolExecutor.runWorker(ThreadPoolExecutor.java:1149)
	at java.util.concurrent.ThreadPoolExecutor$Worker.run(ThreadPoolExecutor.java:624)
	... 1 more
Caused by: org.apache.ratis.thirdparty.io.netty.channel.AbstractChannel$AnnotatedConnectException: Connection refused: /192.168.164.233:46080
	at sun.nio.ch.SocketChannelImpl.checkConnect(Native Method)
	at sun.nio.ch.SocketChannelImpl.finishConnect(SocketChannelImpl.java:717)
	at org.apache.ratis.thirdparty.io.netty.channel.socket.nio.NioSocketChannel.doFinishConnect(NioSocketChannel.java:327)
	at org.apache.ratis.thirdparty.io.netty.channel.nio.AbstractNioChannel$AbstractNioUnsafe.finishConnect(AbstractNioChannel.java:340)
	at org.apache.ratis.thirdparty.io.netty.channel.nio.NioEventLoop.processSelectedKey(NioEventLoop.java:632)
	at org.apache.ratis.thirdparty.io.netty.channel.nio.NioEventLoop.processSelectedKeysOptimized(NioEventLoop.java:579)
	at org.apache.ratis.thirdparty.io.netty.channel.nio.NioEventLoop.processSelectedKeys(NioEventLoop.java:496)
	at org.apache.ratis.thirdparty.io.netty.channel.nio.NioEventLoop.run(NioEventLoop.java:458)
	at org.apache.ratis.thirdparty.io.netty.util.concurrent.SingleThreadEventExecutor$5.run(SingleThreadEventExecutor.java:897)
	at org.apache.ratis.thirdparty.io.netty.util.concurrent.FastThreadLocalRunnable.run(FastThreadLocalRunnable.java:30)
	... 1 more
Caused by: java.net.ConnectException: Connection refused
	... 11 more
2019-10-18 14:30:49,583 [681edbc6-a1fc-42a4-b5ce-4922820de60a@group-FD33B9583E3C-LeaderElection260] INFO  impl.RaftServerImpl (RaftServerImpl.java:setRole(184)) - 681edbc6-a1fc-42a4-b5ce-4922820de60a@group-FD33B9583E3C: changes role from CANDIDATE to FOLLOWER at term 260 for DISCOVERED_A_NEW_TERM
2019-10-18 14:30:49,583 [681edbc6-a1fc-42a4-b5ce-4922820de60a@group-FD33B9583E3C-LeaderElection260] INFO  impl.RoleInfo (RoleInfo.java:shutdownLeaderElection(134)) - 681edbc6-a1fc-42a4-b5ce-4922820de60a: shutdown LeaderElection
2019-10-18 14:30:49,583 [681edbc6-a1fc-42a4-b5ce-4922820de60a@group-FD33B9583E3C-LeaderElection260] INFO  impl.RoleInfo (RoleInfo.java:updateAndGet(143)) - 681edbc6-a1fc-42a4-b5ce-4922820de60a: start FollowerState
2019-10-18 14:30:49,677 [Thread-2032] INFO  impl.FollowerState (FollowerState.java:run(108)) - 681edbc6-a1fc-42a4-b5ce-4922820de60a@group-FD33B9583E3C-FollowerState: change to CANDIDATE, lastRpcTime:93ms, electionTimeout:93ms
2019-10-18 14:30:49,677 [Thread-2032] INFO  impl.RoleInfo (RoleInfo.java:shutdownFollowerState(121)) - 681edbc6-a1fc-42a4-b5ce-4922820de60a: shutdown FollowerState
2019-10-18 14:30:49,677 [Thread-2032] INFO  impl.RaftServerImpl (RaftServerImpl.java:setRole(184)) - 681edbc6-a1fc-42a4-b5ce-4922820de60a@group-FD33B9583E3C: changes role from  FOLLOWER to CANDIDATE at term 260 for changeToCandidate
2019-10-18 14:30:49,678 [Thread-2032] INFO  impl.RoleInfo (RoleInfo.java:updateAndGet(143)) - 681edbc6-a1fc-42a4-b5ce-4922820de60a: start LeaderElection
2019-10-18 14:30:49,691 [681edbc6-a1fc-42a4-b5ce-4922820de60a@group-FD33B9583E3C-LeaderElection261] INFO  impl.LeaderElection (LeaderElection.java:askForVotes(178)) - 681edbc6-a1fc-42a4-b5ce-4922820de60a@group-FD33B9583E3C-LeaderElection261: begin an election at term 261 for -1: [3ee7b367-7b16-44e1-99f8-43aefeda0876:192.168.164.233:46080, 681edbc6-a1fc-42a4-b5ce-4922820de60a:192.168.164.233:44267, 773cce60-eeca-4c1f-a5ec-70084be8b6b9:192.168.164.233:38729], old=null
2019-10-18 14:30:49,692 [681edbc6-a1fc-42a4-b5ce-4922820de60a@group-FD33B9583E3C-LeaderElection261] INFO  impl.LeaderElection (LogUtils.java:infoOrTrace(149)) - 681edbc6-a1fc-42a4-b5ce-4922820de60a@group-FD33B9583E3C-LeaderElection261 got exception when requesting votes: {}
java.util.concurrent.ExecutionException: org.apache.ratis.thirdparty.io.grpc.StatusRuntimeException: UNAVAILABLE: io exception
	at java.util.concurrent.FutureTask.report(FutureTask.java:122)
	at java.util.concurrent.FutureTask.get(FutureTask.java:192)
	at org.apache.ratis.server.impl.LeaderElection.waitForResults(LeaderElection.java:259)
	at org.apache.ratis.server.impl.LeaderElection.askForVotes(LeaderElection.java:197)
	at org.apache.ratis.server.impl.LeaderElection.run(LeaderElection.java:133)
	at java.lang.Thread.run(Thread.java:748)
Caused by: org.apache.ratis.thirdparty.io.grpc.StatusRuntimeException: UNAVAILABLE: io exception
	at org.apache.ratis.thirdparty.io.grpc.stub.ClientCalls.toStatusRuntimeException(ClientCalls.java:233)
	at org.apache.ratis.thirdparty.io.grpc.stub.ClientCalls.getUnchecked(ClientCalls.java:214)
	at org.apache.ratis.thirdparty.io.grpc.stub.ClientCalls.blockingUnaryCall(ClientCalls.java:139)
	at org.apache.ratis.proto.grpc.RaftServerProtocolServiceGrpc$RaftServerProtocolServiceBlockingStub.requestVote(RaftServerProtocolServiceGrpc.java:265)
	at org.apache.ratis.grpc.server.GrpcServerProtocolClient.requestVote(GrpcServerProtocolClient.java:99)
	at org.apache.ratis.grpc.server.GrpcService.requestVote(GrpcService.java:204)
	at org.apache.ratis.server.impl.LeaderElection.lambda$submitRequests$1(LeaderElection.java:234)
	at java.util.concurrent.FutureTask.run(FutureTask.java:266)
	at java.util.concurrent.Executors$RunnableAdapter.call(Executors.java:511)
	at java.util.concurrent.FutureTask.run(FutureTask.java:266)
	at java.util.concurrent.ThreadPoolExecutor.runWorker(ThreadPoolExecutor.java:1149)
	at java.util.concurrent.ThreadPoolExecutor$Worker.run(ThreadPoolExecutor.java:624)
	... 1 more
Caused by: org.apache.ratis.thirdparty.io.netty.channel.AbstractChannel$AnnotatedConnectException: Connection refused: /192.168.164.233:46080
	at sun.nio.ch.SocketChannelImpl.checkConnect(Native Method)
	at sun.nio.ch.SocketChannelImpl.finishConnect(SocketChannelImpl.java:717)
	at org.apache.ratis.thirdparty.io.netty.channel.socket.nio.NioSocketChannel.doFinishConnect(NioSocketChannel.java:327)
	at org.apache.ratis.thirdparty.io.netty.channel.nio.AbstractNioChannel$AbstractNioUnsafe.finishConnect(AbstractNioChannel.java:340)
	at org.apache.ratis.thirdparty.io.netty.channel.nio.NioEventLoop.processSelectedKey(NioEventLoop.java:632)
	at org.apache.ratis.thirdparty.io.netty.channel.nio.NioEventLoop.processSelectedKeysOptimized(NioEventLoop.java:579)
	at org.apache.ratis.thirdparty.io.netty.channel.nio.NioEventLoop.processSelectedKeys(NioEventLoop.java:496)
	at org.apache.ratis.thirdparty.io.netty.channel.nio.NioEventLoop.run(NioEventLoop.java:458)
	at org.apache.ratis.thirdparty.io.netty.util.concurrent.SingleThreadEventExecutor$5.run(SingleThreadEventExecutor.java:897)
	at org.apache.ratis.thirdparty.io.netty.util.concurrent.FastThreadLocalRunnable.run(FastThreadLocalRunnable.java:30)
	... 1 more
Caused by: java.net.ConnectException: Connection refused
	... 11 more
2019-10-18 14:30:49,692 [681edbc6-a1fc-42a4-b5ce-4922820de60a@group-FD33B9583E3C-LeaderElection261] INFO  impl.LeaderElection (LogUtils.java:infoOrTrace(149)) - 681edbc6-a1fc-42a4-b5ce-4922820de60a@group-FD33B9583E3C-LeaderElection261 got exception when requesting votes: {}
java.util.concurrent.ExecutionException: org.apache.ratis.thirdparty.io.grpc.StatusRuntimeException: UNAVAILABLE: io exception
	at java.util.concurrent.FutureTask.report(FutureTask.java:122)
	at java.util.concurrent.FutureTask.get(FutureTask.java:192)
	at org.apache.ratis.server.impl.LeaderElection.waitForResults(LeaderElection.java:259)
	at org.apache.ratis.server.impl.LeaderElection.askForVotes(LeaderElection.java:197)
	at org.apache.ratis.server.impl.LeaderElection.run(LeaderElection.java:133)
	at java.lang.Thread.run(Thread.java:748)
Caused by: org.apache.ratis.thirdparty.io.grpc.StatusRuntimeException: UNAVAILABLE: io exception
	at org.apache.ratis.thirdparty.io.grpc.stub.ClientCalls.toStatusRuntimeException(ClientCalls.java:233)
	at org.apache.ratis.thirdparty.io.grpc.stub.ClientCalls.getUnchecked(ClientCalls.java:214)
	at org.apache.ratis.thirdparty.io.grpc.stub.ClientCalls.blockingUnaryCall(ClientCalls.java:139)
	at org.apache.ratis.proto.grpc.RaftServerProtocolServiceGrpc$RaftServerProtocolServiceBlockingStub.requestVote(RaftServerProtocolServiceGrpc.java:265)
	at org.apache.ratis.grpc.server.GrpcServerProtocolClient.requestVote(GrpcServerProtocolClient.java:99)
	at org.apache.ratis.grpc.server.GrpcService.requestVote(GrpcService.java:204)
	at org.apache.ratis.server.impl.LeaderElection.lambda$submitRequests$1(LeaderElection.java:234)
	at java.util.concurrent.FutureTask.run(FutureTask.java:266)
	at java.util.concurrent.Executors$RunnableAdapter.call(Executors.java:511)
	at java.util.concurrent.FutureTask.run(FutureTask.java:266)
	at java.util.concurrent.ThreadPoolExecutor.runWorker(ThreadPoolExecutor.java:1149)
	at java.util.concurrent.ThreadPoolExecutor$Worker.run(ThreadPoolExecutor.java:624)
	... 1 more
Caused by: org.apache.ratis.thirdparty.io.netty.channel.AbstractChannel$AnnotatedConnectException: Connection refused: /192.168.164.233:38729
	at sun.nio.ch.SocketChannelImpl.checkConnect(Native Method)
	at sun.nio.ch.SocketChannelImpl.finishConnect(SocketChannelImpl.java:717)
	at org.apache.ratis.thirdparty.io.netty.channel.socket.nio.NioSocketChannel.doFinishConnect(NioSocketChannel.java:327)
	at org.apache.ratis.thirdparty.io.netty.channel.nio.AbstractNioChannel$AbstractNioUnsafe.finishConnect(AbstractNioChannel.java:340)
	at org.apache.ratis.thirdparty.io.netty.channel.nio.NioEventLoop.processSelectedKey(NioEventLoop.java:632)
	at org.apache.ratis.thirdparty.io.netty.channel.nio.NioEventLoop.processSelectedKeysOptimized(NioEventLoop.java:579)
	at org.apache.ratis.thirdparty.io.netty.channel.nio.NioEventLoop.processSelectedKeys(NioEventLoop.java:496)
	at org.apache.ratis.thirdparty.io.netty.channel.nio.NioEventLoop.run(NioEventLoop.java:458)
	at org.apache.ratis.thirdparty.io.netty.util.concurrent.SingleThreadEventExecutor$5.run(SingleThreadEventExecutor.java:897)
	at org.apache.ratis.thirdparty.io.netty.util.concurrent.FastThreadLocalRunnable.run(FastThreadLocalRunnable.java:30)
	... 1 more
Caused by: java.net.ConnectException: Connection refused
	... 11 more
2019-10-18 14:30:49,692 [681edbc6-a1fc-42a4-b5ce-4922820de60a@group-FD33B9583E3C-LeaderElection261] INFO  impl.LeaderElection (LeaderElection.java:logAndReturn(56)) - 681edbc6-a1fc-42a4-b5ce-4922820de60a@group-FD33B9583E3C-LeaderElection261: Election REJECTED; received 0 response(s) [] and 2 exception(s); 681edbc6-a1fc-42a4-b5ce-4922820de60a@group-FD33B9583E3C:t261, leader=null, voted=681edbc6-a1fc-42a4-b5ce-4922820de60a, raftlog=681edbc6-a1fc-42a4-b5ce-4922820de60a@group-FD33B9583E3C-SegmentedRaftLog:OPENED:c-1,f-1,i0, conf=-1: [3ee7b367-7b16-44e1-99f8-43aefeda0876:192.168.164.233:46080, 681edbc6-a1fc-42a4-b5ce-4922820de60a:192.168.164.233:44267, 773cce60-eeca-4c1f-a5ec-70084be8b6b9:192.168.164.233:38729], old=null
2019-10-18 14:30:49,692 [681edbc6-a1fc-42a4-b5ce-4922820de60a@group-FD33B9583E3C-LeaderElection261] INFO  impl.LeaderElection (LogUtils.java:infoOrTrace(149)) -   Exception 0: {}
java.util.concurrent.ExecutionException: org.apache.ratis.thirdparty.io.grpc.StatusRuntimeException: UNAVAILABLE: io exception
	at java.util.concurrent.FutureTask.report(FutureTask.java:122)
	at java.util.concurrent.FutureTask.get(FutureTask.java:192)
	at org.apache.ratis.server.impl.LeaderElection.waitForResults(LeaderElection.java:259)
	at org.apache.ratis.server.impl.LeaderElection.askForVotes(LeaderElection.java:197)
	at org.apache.ratis.server.impl.LeaderElection.run(LeaderElection.java:133)
	at java.lang.Thread.run(Thread.java:748)
Caused by: org.apache.ratis.thirdparty.io.grpc.StatusRuntimeException: UNAVAILABLE: io exception
	at org.apache.ratis.thirdparty.io.grpc.stub.ClientCalls.toStatusRuntimeException(ClientCalls.java:233)
	at org.apache.ratis.thirdparty.io.grpc.stub.ClientCalls.getUnchecked(ClientCalls.java:214)
	at org.apache.ratis.thirdparty.io.grpc.stub.ClientCalls.blockingUnaryCall(ClientCalls.java:139)
	at org.apache.ratis.proto.grpc.RaftServerProtocolServiceGrpc$RaftServerProtocolServiceBlockingStub.requestVote(RaftServerProtocolServiceGrpc.java:265)
	at org.apache.ratis.grpc.server.GrpcServerProtocolClient.requestVote(GrpcServerProtocolClient.java:99)
	at org.apache.ratis.grpc.server.GrpcService.requestVote(GrpcService.java:204)
	at org.apache.ratis.server.impl.LeaderElection.lambda$submitRequests$1(LeaderElection.java:234)
	at java.util.concurrent.FutureTask.run(FutureTask.java:266)
	at java.util.concurrent.Executors$RunnableAdapter.call(Executors.java:511)
	at java.util.concurrent.FutureTask.run(FutureTask.java:266)
	at java.util.concurrent.ThreadPoolExecutor.runWorker(ThreadPoolExecutor.java:1149)
	at java.util.concurrent.ThreadPoolExecutor$Worker.run(ThreadPoolExecutor.java:624)
	... 1 more
Caused by: org.apache.ratis.thirdparty.io.netty.channel.AbstractChannel$AnnotatedConnectException: Connection refused: /192.168.164.233:46080
	at sun.nio.ch.SocketChannelImpl.checkConnect(Native Method)
	at sun.nio.ch.SocketChannelImpl.finishConnect(SocketChannelImpl.java:717)
	at org.apache.ratis.thirdparty.io.netty.channel.socket.nio.NioSocketChannel.doFinishConnect(NioSocketChannel.java:327)
	at org.apache.ratis.thirdparty.io.netty.channel.nio.AbstractNioChannel$AbstractNioUnsafe.finishConnect(AbstractNioChannel.java:340)
	at org.apache.ratis.thirdparty.io.netty.channel.nio.NioEventLoop.processSelectedKey(NioEventLoop.java:632)
	at org.apache.ratis.thirdparty.io.netty.channel.nio.NioEventLoop.processSelectedKeysOptimized(NioEventLoop.java:579)
	at org.apache.ratis.thirdparty.io.netty.channel.nio.NioEventLoop.processSelectedKeys(NioEventLoop.java:496)
	at org.apache.ratis.thirdparty.io.netty.channel.nio.NioEventLoop.run(NioEventLoop.java:458)
	at org.apache.ratis.thirdparty.io.netty.util.concurrent.SingleThreadEventExecutor$5.run(SingleThreadEventExecutor.java:897)
	at org.apache.ratis.thirdparty.io.netty.util.concurrent.FastThreadLocalRunnable.run(FastThreadLocalRunnable.java:30)
	... 1 more
Caused by: java.net.ConnectException: Connection refused
	... 11 more
2019-10-18 14:30:49,692 [681edbc6-a1fc-42a4-b5ce-4922820de60a@group-FD33B9583E3C-LeaderElection261] INFO  impl.LeaderElection (LogUtils.java:infoOrTrace(149)) -   Exception 1: {}
java.util.concurrent.ExecutionException: org.apache.ratis.thirdparty.io.grpc.StatusRuntimeException: UNAVAILABLE: io exception
	at java.util.concurrent.FutureTask.report(FutureTask.java:122)
	at java.util.concurrent.FutureTask.get(FutureTask.java:192)
	at org.apache.ratis.server.impl.LeaderElection.waitForResults(LeaderElection.java:259)
	at org.apache.ratis.server.impl.LeaderElection.askForVotes(LeaderElection.java:197)
	at org.apache.ratis.server.impl.LeaderElection.run(LeaderElection.java:133)
	at java.lang.Thread.run(Thread.java:748)
Caused by: org.apache.ratis.thirdparty.io.grpc.StatusRuntimeException: UNAVAILABLE: io exception
	at org.apache.ratis.thirdparty.io.grpc.stub.ClientCalls.toStatusRuntimeException(ClientCalls.java:233)
	at org.apache.ratis.thirdparty.io.grpc.stub.ClientCalls.getUnchecked(ClientCalls.java:214)
	at org.apache.ratis.thirdparty.io.grpc.stub.ClientCalls.blockingUnaryCall(ClientCalls.java:139)
	at org.apache.ratis.proto.grpc.RaftServerProtocolServiceGrpc$RaftServerProtocolServiceBlockingStub.requestVote(RaftServerProtocolServiceGrpc.java:265)
	at org.apache.ratis.grpc.server.GrpcServerProtocolClient.requestVote(GrpcServerProtocolClient.java:99)
	at org.apache.ratis.grpc.server.GrpcService.requestVote(GrpcService.java:204)
	at org.apache.ratis.server.impl.LeaderElection.lambda$submitRequests$1(LeaderElection.java:234)
	at java.util.concurrent.FutureTask.run(FutureTask.java:266)
	at java.util.concurrent.Executors$RunnableAdapter.call(Executors.java:511)
	at java.util.concurrent.FutureTask.run(FutureTask.java:266)
	at java.util.concurrent.ThreadPoolExecutor.runWorker(ThreadPoolExecutor.java:1149)
	at java.util.concurrent.ThreadPoolExecutor$Worker.run(ThreadPoolExecutor.java:624)
	... 1 more
Caused by: org.apache.ratis.thirdparty.io.netty.channel.AbstractChannel$AnnotatedConnectException: Connection refused: /192.168.164.233:38729
	at sun.nio.ch.SocketChannelImpl.checkConnect(Native Method)
	at sun.nio.ch.SocketChannelImpl.finishConnect(SocketChannelImpl.java:717)
	at org.apache.ratis.thirdparty.io.netty.channel.socket.nio.NioSocketChannel.doFinishConnect(NioSocketChannel.java:327)
	at org.apache.ratis.thirdparty.io.netty.channel.nio.AbstractNioChannel$AbstractNioUnsafe.finishConnect(AbstractNioChannel.java:340)
	at org.apache.ratis.thirdparty.io.netty.channel.nio.NioEventLoop.processSelectedKey(NioEventLoop.java:632)
	at org.apache.ratis.thirdparty.io.netty.channel.nio.NioEventLoop.processSelectedKeysOptimized(NioEventLoop.java:579)
	at org.apache.ratis.thirdparty.io.netty.channel.nio.NioEventLoop.processSelectedKeys(NioEventLoop.java:496)
	at org.apache.ratis.thirdparty.io.netty.channel.nio.NioEventLoop.run(NioEventLoop.java:458)
	at org.apache.ratis.thirdparty.io.netty.util.concurrent.SingleThreadEventExecutor$5.run(SingleThreadEventExecutor.java:897)
	at org.apache.ratis.thirdparty.io.netty.util.concurrent.FastThreadLocalRunnable.run(FastThreadLocalRunnable.java:30)
	... 1 more
Caused by: java.net.ConnectException: Connection refused
	... 11 more
2019-10-18 14:30:49,693 [681edbc6-a1fc-42a4-b5ce-4922820de60a@group-FD33B9583E3C-LeaderElection261] INFO  impl.RaftServerImpl (RaftServerImpl.java:setRole(184)) - 681edbc6-a1fc-42a4-b5ce-4922820de60a@group-FD33B9583E3C: changes role from CANDIDATE to FOLLOWER at term 261 for DISCOVERED_A_NEW_TERM
2019-10-18 14:30:49,693 [681edbc6-a1fc-42a4-b5ce-4922820de60a@group-FD33B9583E3C-LeaderElection261] INFO  impl.RoleInfo (RoleInfo.java:shutdownLeaderElection(134)) - 681edbc6-a1fc-42a4-b5ce-4922820de60a: shutdown LeaderElection
2019-10-18 14:30:49,693 [681edbc6-a1fc-42a4-b5ce-4922820de60a@group-FD33B9583E3C-LeaderElection261] INFO  impl.RoleInfo (RoleInfo.java:updateAndGet(143)) - 681edbc6-a1fc-42a4-b5ce-4922820de60a: start FollowerState
2019-10-18 14:30:49,725 [java.util.concurrent.ThreadPoolExecutor$Worker@108d80c3[State = -1, empty queue]] WARN  server.GrpcLogAppender (GrpcLogAppender.java:timeoutAppendRequest(209)) - 46c14060-ea78-4b5a-b57c-064e4766b234@group-45DBFE4B8A65->55013cf6-f41f-4339-a52c-06c119893914-GrpcLogAppender: appendEntries Timeout, request=46c14060-ea78-4b5a-b57c-064e4766b234->55013cf6-f41f-4339-a52c-06c119893914#62-t3, previous=(t:3, i:4), leaderCommit=4, initializing? false, entries: <empty>
2019-10-18 14:30:49,725 [java.util.concurrent.ThreadPoolExecutor$Worker@4efed47c[State = -1, empty queue]] WARN  server.GrpcLogAppender (GrpcLogAppender.java:timeoutAppendRequest(209)) - 46c14060-ea78-4b5a-b57c-064e4766b234@group-45DBFE4B8A65->a4757974-e77e-4a1a-a400-c32fe273093a-GrpcLogAppender: appendEntries Timeout, request=46c14060-ea78-4b5a-b57c-064e4766b234->a4757974-e77e-4a1a-a400-c32fe273093a#62-t3, previous=(t:3, i:4), leaderCommit=4, initializing? false, entries: <empty>
2019-10-18 14:30:49,817 [Thread-2036] INFO  impl.FollowerState (FollowerState.java:run(108)) - 681edbc6-a1fc-42a4-b5ce-4922820de60a@group-FD33B9583E3C-FollowerState: change to CANDIDATE, lastRpcTime:124ms, electionTimeout:124ms
2019-10-18 14:30:49,817 [Thread-2036] INFO  impl.RoleInfo (RoleInfo.java:shutdownFollowerState(121)) - 681edbc6-a1fc-42a4-b5ce-4922820de60a: shutdown FollowerState
2019-10-18 14:30:49,817 [Thread-2036] INFO  impl.RaftServerImpl (RaftServerImpl.java:setRole(184)) - 681edbc6-a1fc-42a4-b5ce-4922820de60a@group-FD33B9583E3C: changes role from  FOLLOWER to CANDIDATE at term 261 for changeToCandidate
2019-10-18 14:30:49,818 [Thread-2036] INFO  impl.RoleInfo (RoleInfo.java:updateAndGet(143)) - 681edbc6-a1fc-42a4-b5ce-4922820de60a: start LeaderElection
2019-10-18 14:30:49,830 [681edbc6-a1fc-42a4-b5ce-4922820de60a@group-FD33B9583E3C-LeaderElection262] INFO  impl.LeaderElection (LeaderElection.java:askForVotes(178)) - 681edbc6-a1fc-42a4-b5ce-4922820de60a@group-FD33B9583E3C-LeaderElection262: begin an election at term 262 for -1: [3ee7b367-7b16-44e1-99f8-43aefeda0876:192.168.164.233:46080, 681edbc6-a1fc-42a4-b5ce-4922820de60a:192.168.164.233:44267, 773cce60-eeca-4c1f-a5ec-70084be8b6b9:192.168.164.233:38729], old=null
2019-10-18 14:30:49,831 [681edbc6-a1fc-42a4-b5ce-4922820de60a@group-FD33B9583E3C-LeaderElection262] INFO  impl.LeaderElection (LogUtils.java:infoOrTrace(149)) - 681edbc6-a1fc-42a4-b5ce-4922820de60a@group-FD33B9583E3C-LeaderElection262 got exception when requesting votes: {}
java.util.concurrent.ExecutionException: org.apache.ratis.thirdparty.io.grpc.StatusRuntimeException: UNAVAILABLE: io exception
	at java.util.concurrent.FutureTask.report(FutureTask.java:122)
	at java.util.concurrent.FutureTask.get(FutureTask.java:192)
	at org.apache.ratis.server.impl.LeaderElection.waitForResults(LeaderElection.java:259)
	at org.apache.ratis.server.impl.LeaderElection.askForVotes(LeaderElection.java:197)
	at org.apache.ratis.server.impl.LeaderElection.run(LeaderElection.java:133)
	at java.lang.Thread.run(Thread.java:748)
Caused by: org.apache.ratis.thirdparty.io.grpc.StatusRuntimeException: UNAVAILABLE: io exception
	at org.apache.ratis.thirdparty.io.grpc.stub.ClientCalls.toStatusRuntimeException(ClientCalls.java:233)
	at org.apache.ratis.thirdparty.io.grpc.stub.ClientCalls.getUnchecked(ClientCalls.java:214)
	at org.apache.ratis.thirdparty.io.grpc.stub.ClientCalls.blockingUnaryCall(ClientCalls.java:139)
	at org.apache.ratis.proto.grpc.RaftServerProtocolServiceGrpc$RaftServerProtocolServiceBlockingStub.requestVote(RaftServerProtocolServiceGrpc.java:265)
	at org.apache.ratis.grpc.server.GrpcServerProtocolClient.requestVote(GrpcServerProtocolClient.java:99)
	at org.apache.ratis.grpc.server.GrpcService.requestVote(GrpcService.java:204)
	at org.apache.ratis.server.impl.LeaderElection.lambda$submitRequests$1(LeaderElection.java:234)
	at java.util.concurrent.FutureTask.run(FutureTask.java:266)
	at java.util.concurrent.Executors$RunnableAdapter.call(Executors.java:511)
	at java.util.concurrent.FutureTask.run(FutureTask.java:266)
	at java.util.concurrent.ThreadPoolExecutor.runWorker(ThreadPoolExecutor.java:1149)
	at java.util.concurrent.ThreadPoolExecutor$Worker.run(ThreadPoolExecutor.java:624)
	... 1 more
Caused by: org.apache.ratis.thirdparty.io.netty.channel.AbstractChannel$AnnotatedConnectException: Connection refused: /192.168.164.233:38729
	at sun.nio.ch.SocketChannelImpl.checkConnect(Native Method)
	at sun.nio.ch.SocketChannelImpl.finishConnect(SocketChannelImpl.java:717)
	at org.apache.ratis.thirdparty.io.netty.channel.socket.nio.NioSocketChannel.doFinishConnect(NioSocketChannel.java:327)
	at org.apache.ratis.thirdparty.io.netty.channel.nio.AbstractNioChannel$AbstractNioUnsafe.finishConnect(AbstractNioChannel.java:340)
	at org.apache.ratis.thirdparty.io.netty.channel.nio.NioEventLoop.processSelectedKey(NioEventLoop.java:632)
	at org.apache.ratis.thirdparty.io.netty.channel.nio.NioEventLoop.processSelectedKeysOptimized(NioEventLoop.java:579)
	at org.apache.ratis.thirdparty.io.netty.channel.nio.NioEventLoop.processSelectedKeys(NioEventLoop.java:496)
	at org.apache.ratis.thirdparty.io.netty.channel.nio.NioEventLoop.run(NioEventLoop.java:458)
	at org.apache.ratis.thirdparty.io.netty.util.concurrent.SingleThreadEventExecutor$5.run(SingleThreadEventExecutor.java:897)
	at org.apache.ratis.thirdparty.io.netty.util.concurrent.FastThreadLocalRunnable.run(FastThreadLocalRunnable.java:30)
	... 1 more
Caused by: java.net.ConnectException: Connection refused
	... 11 more
2019-10-18 14:30:49,831 [681edbc6-a1fc-42a4-b5ce-4922820de60a@group-FD33B9583E3C-LeaderElection262] INFO  impl.LeaderElection (LogUtils.java:infoOrTrace(149)) - 681edbc6-a1fc-42a4-b5ce-4922820de60a@group-FD33B9583E3C-LeaderElection262 got exception when requesting votes: {}
java.util.concurrent.ExecutionException: org.apache.ratis.thirdparty.io.grpc.StatusRuntimeException: UNAVAILABLE: io exception
	at java.util.concurrent.FutureTask.report(FutureTask.java:122)
	at java.util.concurrent.FutureTask.get(FutureTask.java:192)
	at org.apache.ratis.server.impl.LeaderElection.waitForResults(LeaderElection.java:259)
	at org.apache.ratis.server.impl.LeaderElection.askForVotes(LeaderElection.java:197)
	at org.apache.ratis.server.impl.LeaderElection.run(LeaderElection.java:133)
	at java.lang.Thread.run(Thread.java:748)
Caused by: org.apache.ratis.thirdparty.io.grpc.StatusRuntimeException: UNAVAILABLE: io exception
	at org.apache.ratis.thirdparty.io.grpc.stub.ClientCalls.toStatusRuntimeException(ClientCalls.java:233)
	at org.apache.ratis.thirdparty.io.grpc.stub.ClientCalls.getUnchecked(ClientCalls.java:214)
	at org.apache.ratis.thirdparty.io.grpc.stub.ClientCalls.blockingUnaryCall(ClientCalls.java:139)
	at org.apache.ratis.proto.grpc.RaftServerProtocolServiceGrpc$RaftServerProtocolServiceBlockingStub.requestVote(RaftServerProtocolServiceGrpc.java:265)
	at org.apache.ratis.grpc.server.GrpcServerProtocolClient.requestVote(GrpcServerProtocolClient.java:99)
	at org.apache.ratis.grpc.server.GrpcService.requestVote(GrpcService.java:204)
	at org.apache.ratis.server.impl.LeaderElection.lambda$submitRequests$1(LeaderElection.java:234)
	at java.util.concurrent.FutureTask.run(FutureTask.java:266)
	at java.util.concurrent.Executors$RunnableAdapter.call(Executors.java:511)
	at java.util.concurrent.FutureTask.run(FutureTask.java:266)
	at java.util.concurrent.ThreadPoolExecutor.runWorker(ThreadPoolExecutor.java:1149)
	at java.util.concurrent.ThreadPoolExecutor$Worker.run(ThreadPoolExecutor.java:624)
	... 1 more
Caused by: org.apache.ratis.thirdparty.io.netty.channel.AbstractChannel$AnnotatedConnectException: Connection refused: /192.168.164.233:46080
	at sun.nio.ch.SocketChannelImpl.checkConnect(Native Method)
	at sun.nio.ch.SocketChannelImpl.finishConnect(SocketChannelImpl.java:717)
	at org.apache.ratis.thirdparty.io.netty.channel.socket.nio.NioSocketChannel.doFinishConnect(NioSocketChannel.java:327)
	at org.apache.ratis.thirdparty.io.netty.channel.nio.AbstractNioChannel$AbstractNioUnsafe.finishConnect(AbstractNioChannel.java:340)
	at org.apache.ratis.thirdparty.io.netty.channel.nio.NioEventLoop.processSelectedKey(NioEventLoop.java:632)
	at org.apache.ratis.thirdparty.io.netty.channel.nio.NioEventLoop.processSelectedKeysOptimized(NioEventLoop.java:579)
	at org.apache.ratis.thirdparty.io.netty.channel.nio.NioEventLoop.processSelectedKeys(NioEventLoop.java:496)
	at org.apache.ratis.thirdparty.io.netty.channel.nio.NioEventLoop.run(NioEventLoop.java:458)
	at org.apache.ratis.thirdparty.io.netty.util.concurrent.SingleThreadEventExecutor$5.run(SingleThreadEventExecutor.java:897)
	at org.apache.ratis.thirdparty.io.netty.util.concurrent.FastThreadLocalRunnable.run(FastThreadLocalRunnable.java:30)
	... 1 more
Caused by: java.net.ConnectException: Connection refused
	... 11 more
2019-10-18 14:30:49,832 [681edbc6-a1fc-42a4-b5ce-4922820de60a@group-FD33B9583E3C-LeaderElection262] INFO  impl.LeaderElection (LeaderElection.java:logAndReturn(56)) - 681edbc6-a1fc-42a4-b5ce-4922820de60a@group-FD33B9583E3C-LeaderElection262: Election REJECTED; received 0 response(s) [] and 2 exception(s); 681edbc6-a1fc-42a4-b5ce-4922820de60a@group-FD33B9583E3C:t262, leader=null, voted=681edbc6-a1fc-42a4-b5ce-4922820de60a, raftlog=681edbc6-a1fc-42a4-b5ce-4922820de60a@group-FD33B9583E3C-SegmentedRaftLog:OPENED:c-1,f-1,i0, conf=-1: [3ee7b367-7b16-44e1-99f8-43aefeda0876:192.168.164.233:46080, 681edbc6-a1fc-42a4-b5ce-4922820de60a:192.168.164.233:44267, 773cce60-eeca-4c1f-a5ec-70084be8b6b9:192.168.164.233:38729], old=null
2019-10-18 14:30:49,832 [681edbc6-a1fc-42a4-b5ce-4922820de60a@group-FD33B9583E3C-LeaderElection262] INFO  impl.LeaderElection (LogUtils.java:infoOrTrace(149)) -   Exception 0: {}
java.util.concurrent.ExecutionException: org.apache.ratis.thirdparty.io.grpc.StatusRuntimeException: UNAVAILABLE: io exception
	at java.util.concurrent.FutureTask.report(FutureTask.java:122)
	at java.util.concurrent.FutureTask.get(FutureTask.java:192)
	at org.apache.ratis.server.impl.LeaderElection.waitForResults(LeaderElection.java:259)
	at org.apache.ratis.server.impl.LeaderElection.askForVotes(LeaderElection.java:197)
	at org.apache.ratis.server.impl.LeaderElection.run(LeaderElection.java:133)
	at java.lang.Thread.run(Thread.java:748)
Caused by: org.apache.ratis.thirdparty.io.grpc.StatusRuntimeException: UNAVAILABLE: io exception
	at org.apache.ratis.thirdparty.io.grpc.stub.ClientCalls.toStatusRuntimeException(ClientCalls.java:233)
	at org.apache.ratis.thirdparty.io.grpc.stub.ClientCalls.getUnchecked(ClientCalls.java:214)
	at org.apache.ratis.thirdparty.io.grpc.stub.ClientCalls.blockingUnaryCall(ClientCalls.java:139)
	at org.apache.ratis.proto.grpc.RaftServerProtocolServiceGrpc$RaftServerProtocolServiceBlockingStub.requestVote(RaftServerProtocolServiceGrpc.java:265)
	at org.apache.ratis.grpc.server.GrpcServerProtocolClient.requestVote(GrpcServerProtocolClient.java:99)
	at org.apache.ratis.grpc.server.GrpcService.requestVote(GrpcService.java:204)
	at org.apache.ratis.server.impl.LeaderElection.lambda$submitRequests$1(LeaderElection.java:234)
	at java.util.concurrent.FutureTask.run(FutureTask.java:266)
	at java.util.concurrent.Executors$RunnableAdapter.call(Executors.java:511)
	at java.util.concurrent.FutureTask.run(FutureTask.java:266)
	at java.util.concurrent.ThreadPoolExecutor.runWorker(ThreadPoolExecutor.java:1149)
	at java.util.concurrent.ThreadPoolExecutor$Worker.run(ThreadPoolExecutor.java:624)
	... 1 more
Caused by: org.apache.ratis.thirdparty.io.netty.channel.AbstractChannel$AnnotatedConnectException: Connection refused: /192.168.164.233:38729
	at sun.nio.ch.SocketChannelImpl.checkConnect(Native Method)
	at sun.nio.ch.SocketChannelImpl.finishConnect(SocketChannelImpl.java:717)
	at org.apache.ratis.thirdparty.io.netty.channel.socket.nio.NioSocketChannel.doFinishConnect(NioSocketChannel.java:327)
	at org.apache.ratis.thirdparty.io.netty.channel.nio.AbstractNioChannel$AbstractNioUnsafe.finishConnect(AbstractNioChannel.java:340)
	at org.apache.ratis.thirdparty.io.netty.channel.nio.NioEventLoop.processSelectedKey(NioEventLoop.java:632)
	at org.apache.ratis.thirdparty.io.netty.channel.nio.NioEventLoop.processSelectedKeysOptimized(NioEventLoop.java:579)
	at org.apache.ratis.thirdparty.io.netty.channel.nio.NioEventLoop.processSelectedKeys(NioEventLoop.java:496)
	at org.apache.ratis.thirdparty.io.netty.channel.nio.NioEventLoop.run(NioEventLoop.java:458)
	at org.apache.ratis.thirdparty.io.netty.util.concurrent.SingleThreadEventExecutor$5.run(SingleThreadEventExecutor.java:897)
	at org.apache.ratis.thirdparty.io.netty.util.concurrent.FastThreadLocalRunnable.run(FastThreadLocalRunnable.java:30)
	... 1 more
Caused by: java.net.ConnectException: Connection refused
	... 11 more
2019-10-18 14:30:49,832 [681edbc6-a1fc-42a4-b5ce-4922820de60a@group-FD33B9583E3C-LeaderElection262] INFO  impl.LeaderElection (LogUtils.java:infoOrTrace(149)) -   Exception 1: {}
java.util.concurrent.ExecutionException: org.apache.ratis.thirdparty.io.grpc.StatusRuntimeException: UNAVAILABLE: io exception
	at java.util.concurrent.FutureTask.report(FutureTask.java:122)
	at java.util.concurrent.FutureTask.get(FutureTask.java:192)
	at org.apache.ratis.server.impl.LeaderElection.waitForResults(LeaderElection.java:259)
	at org.apache.ratis.server.impl.LeaderElection.askForVotes(LeaderElection.java:197)
	at org.apache.ratis.server.impl.LeaderElection.run(LeaderElection.java:133)
	at java.lang.Thread.run(Thread.java:748)
Caused by: org.apache.ratis.thirdparty.io.grpc.StatusRuntimeException: UNAVAILABLE: io exception
	at org.apache.ratis.thirdparty.io.grpc.stub.ClientCalls.toStatusRuntimeException(ClientCalls.java:233)
	at org.apache.ratis.thirdparty.io.grpc.stub.ClientCalls.getUnchecked(ClientCalls.java:214)
	at org.apache.ratis.thirdparty.io.grpc.stub.ClientCalls.blockingUnaryCall(ClientCalls.java:139)
	at org.apache.ratis.proto.grpc.RaftServerProtocolServiceGrpc$RaftServerProtocolServiceBlockingStub.requestVote(RaftServerProtocolServiceGrpc.java:265)
	at org.apache.ratis.grpc.server.GrpcServerProtocolClient.requestVote(GrpcServerProtocolClient.java:99)
	at org.apache.ratis.grpc.server.GrpcService.requestVote(GrpcService.java:204)
	at org.apache.ratis.server.impl.LeaderElection.lambda$submitRequests$1(LeaderElection.java:234)
	at java.util.concurrent.FutureTask.run(FutureTask.java:266)
	at java.util.concurrent.Executors$RunnableAdapter.call(Executors.java:511)
	at java.util.concurrent.FutureTask.run(FutureTask.java:266)
	at java.util.concurrent.ThreadPoolExecutor.runWorker(ThreadPoolExecutor.java:1149)
	at java.util.concurrent.ThreadPoolExecutor$Worker.run(ThreadPoolExecutor.java:624)
	... 1 more
Caused by: org.apache.ratis.thirdparty.io.netty.channel.AbstractChannel$AnnotatedConnectException: Connection refused: /192.168.164.233:46080
	at sun.nio.ch.SocketChannelImpl.checkConnect(Native Method)
	at sun.nio.ch.SocketChannelImpl.finishConnect(SocketChannelImpl.java:717)
	at org.apache.ratis.thirdparty.io.netty.channel.socket.nio.NioSocketChannel.doFinishConnect(NioSocketChannel.java:327)
	at org.apache.ratis.thirdparty.io.netty.channel.nio.AbstractNioChannel$AbstractNioUnsafe.finishConnect(AbstractNioChannel.java:340)
	at org.apache.ratis.thirdparty.io.netty.channel.nio.NioEventLoop.processSelectedKey(NioEventLoop.java:632)
	at org.apache.ratis.thirdparty.io.netty.channel.nio.NioEventLoop.processSelectedKeysOptimized(NioEventLoop.java:579)
	at org.apache.ratis.thirdparty.io.netty.channel.nio.NioEventLoop.processSelectedKeys(NioEventLoop.java:496)
	at org.apache.ratis.thirdparty.io.netty.channel.nio.NioEventLoop.run(NioEventLoop.java:458)
	at org.apache.ratis.thirdparty.io.netty.util.concurrent.SingleThreadEventExecutor$5.run(SingleThreadEventExecutor.java:897)
	at org.apache.ratis.thirdparty.io.netty.util.concurrent.FastThreadLocalRunnable.run(FastThreadLocalRunnable.java:30)
	... 1 more
Caused by: java.net.ConnectException: Connection refused
	... 11 more
2019-10-18 14:30:49,832 [681edbc6-a1fc-42a4-b5ce-4922820de60a@group-FD33B9583E3C-LeaderElection262] INFO  impl.RaftServerImpl (RaftServerImpl.java:setRole(184)) - 681edbc6-a1fc-42a4-b5ce-4922820de60a@group-FD33B9583E3C: changes role from CANDIDATE to FOLLOWER at term 262 for DISCOVERED_A_NEW_TERM
2019-10-18 14:30:49,832 [681edbc6-a1fc-42a4-b5ce-4922820de60a@group-FD33B9583E3C-LeaderElection262] INFO  impl.RoleInfo (RoleInfo.java:shutdownLeaderElection(134)) - 681edbc6-a1fc-42a4-b5ce-4922820de60a: shutdown LeaderElection
2019-10-18 14:30:49,832 [681edbc6-a1fc-42a4-b5ce-4922820de60a@group-FD33B9583E3C-LeaderElection262] INFO  impl.RoleInfo (RoleInfo.java:updateAndGet(143)) - 681edbc6-a1fc-42a4-b5ce-4922820de60a: start FollowerState
2019-10-18 14:30:49,917 [main] INFO  ozoneimpl.OzoneContainer (OzoneContainer.java:stop(227)) - Attempting to stop container services.
2019-10-18 14:30:49,917 [main] INFO  impl.RaftServerProxy (RaftServerProxy.java:lambda$close$4(314)) - 681edbc6-a1fc-42a4-b5ce-4922820de60a: close
2019-10-18 14:30:49,918 [main] INFO  impl.RaftServerImpl (RaftServerImpl.java:lambda$shutdown$3(261)) - 681edbc6-a1fc-42a4-b5ce-4922820de60a@group-B0E326AFB972: shutdown
2019-10-18 14:30:49,918 [main] INFO  util.JmxRegister (JmxRegister.java:unregister(73)) - Successfully un-registered JMX Bean with object name Ratis:service=RaftServer,group=group-B0E326AFB972,id=681edbc6-a1fc-42a4-b5ce-4922820de60a
2019-10-18 14:30:49,918 [main] INFO  impl.RoleInfo (RoleInfo.java:shutdownLeaderState(104)) - 681edbc6-a1fc-42a4-b5ce-4922820de60a: shutdown LeaderState
2019-10-18 14:30:49,919 [main] INFO  impl.PendingRequests (PendingRequests.java:sendNotLeaderResponses(202)) - 681edbc6-a1fc-42a4-b5ce-4922820de60a@group-B0E326AFB972-PendingRequests: sendNotLeaderResponses
2019-10-18 14:30:49,919 [main] INFO  impl.StateMachineUpdater (StateMachineUpdater.java:stopAndJoin(136)) - 681edbc6-a1fc-42a4-b5ce-4922820de60a@group-B0E326AFB972-StateMachineUpdater: set stopIndex = 0
2019-10-18 14:30:49,920 [main] INFO  impl.RaftServerImpl (ServerState.java:close(388)) - 681edbc6-a1fc-42a4-b5ce-4922820de60a@group-B0E326AFB972: closes. applyIndex: 0
2019-10-18 14:30:49,920 [681edbc6-a1fc-42a4-b5ce-4922820de60a@group-B0E326AFB972-SegmentedRaftLogWorker] INFO  segmented.SegmentedRaftLogWorker (SegmentedRaftLogWorker.java:run(316)) - 681edbc6-a1fc-42a4-b5ce-4922820de60a@group-B0E326AFB972-SegmentedRaftLogWorker was interrupted, exiting. There are 0 tasks remaining in the queue.
2019-10-18 14:30:49,920 [main] INFO  segmented.SegmentedRaftLogWorker (SegmentedRaftLogWorker.java:close(224)) - 681edbc6-a1fc-42a4-b5ce-4922820de60a@group-B0E326AFB972-SegmentedRaftLogWorker close()
2019-10-18 14:30:49,922 [main] INFO  impl.RaftServerImpl (RaftServerImpl.java:lambda$shutdown$3(261)) - 681edbc6-a1fc-42a4-b5ce-4922820de60a@group-FD33B9583E3C: shutdown
2019-10-18 14:30:49,922 [main] INFO  util.JmxRegister (JmxRegister.java:unregister(73)) - Successfully un-registered JMX Bean with object name Ratis:service=RaftServer,group=group-FD33B9583E3C,id=681edbc6-a1fc-42a4-b5ce-4922820de60a
2019-10-18 14:30:49,923 [main] INFO  impl.RoleInfo (RoleInfo.java:shutdownFollowerState(121)) - 681edbc6-a1fc-42a4-b5ce-4922820de60a: shutdown FollowerState
2019-10-18 14:30:49,923 [main] INFO  impl.StateMachineUpdater (StateMachineUpdater.java:stopAndJoin(136)) - 681edbc6-a1fc-42a4-b5ce-4922820de60a@group-FD33B9583E3C-StateMachineUpdater: set stopIndex = -1
2019-10-18 14:30:49,923 [Thread-2041] INFO  impl.FollowerState (FollowerState.java:run(117)) - 681edbc6-a1fc-42a4-b5ce-4922820de60a@group-FD33B9583E3C-FollowerState was interrupted: java.lang.InterruptedException: sleep interrupted
2019-10-18 14:30:49,923 [main] INFO  impl.RaftServerImpl (ServerState.java:close(388)) - 681edbc6-a1fc-42a4-b5ce-4922820de60a@group-FD33B9583E3C: closes. applyIndex: -1
2019-10-18 14:30:49,923 [681edbc6-a1fc-42a4-b5ce-4922820de60a@group-FD33B9583E3C-SegmentedRaftLogWorker] INFO  segmented.SegmentedRaftLogWorker (SegmentedRaftLogWorker.java:run(316)) - 681edbc6-a1fc-42a4-b5ce-4922820de60a@group-FD33B9583E3C-SegmentedRaftLogWorker was interrupted, exiting. There are 0 tasks remaining in the queue.
2019-10-18 14:30:49,924 [main] INFO  segmented.SegmentedRaftLogWorker (SegmentedRaftLogWorker.java:close(224)) - 681edbc6-a1fc-42a4-b5ce-4922820de60a@group-FD33B9583E3C-SegmentedRaftLogWorker close()
2019-10-18 14:30:49,925 [main] INFO  server.GrpcService (GrpcService.java:closeImpl(164)) - 681edbc6-a1fc-42a4-b5ce-4922820de60a: shutdown server with port 44267 now
2019-10-18 14:30:49,926 [main] INFO  server.GrpcService (GrpcService.java:closeImpl(172)) - 681edbc6-a1fc-42a4-b5ce-4922820de60a: shutdown server with port 44267 successfully
2019-10-18 14:30:49,928 [refreshUsed-/workdir/hadoop-ozone/integration-test/target/test-dir/MiniOzoneClusterImpl-11a902be-dfbe-4759-94b9-65959d8d71e6/datanode-9/data/containers] WARN  fs.CachingGetSpaceUsed (CachingGetSpaceUsed.java:run(183)) - Thread Interrupted waiting to refresh disk information: sleep interrupted
2019-10-18 14:30:49,942 [main] INFO  utils.BackgroundService (BackgroundService.java:shutdown(151)) - Shutting down service BlockDeletingService
2019-10-18 14:30:49,946 [main] INFO  statemachine.DatanodeStateMachine (DatanodeStateMachine.java:stopDaemon(395)) - Ozone container server stopped.
2019-10-18 14:30:49,947 [main] INFO  handler.ContextHandler (ContextHandler.java:doStop(910)) - Stopped o.e.j.w.WebAppContext@70e94ecb{/,null,UNAVAILABLE}{/hddsDatanode}
2019-10-18 14:30:49,948 [main] INFO  server.AbstractConnector (AbstractConnector.java:doStop(318)) - Stopped ServerConnector@56cfe111{HTTP/1.1,[http/1.1]}{0.0.0.0:0}
2019-10-18 14:30:49,948 [main] INFO  handler.ContextHandler (ContextHandler.java:doStop(910)) - Stopped o.e.j.s.ServletContextHandler@29a98d9f{/static,jar:file:/home/user/.m2/repository/org/apache/hadoop/hadoop-hdds-container-service/0.5.0-SNAPSHOT/hadoop-hdds-container-service-0.5.0-SNAPSHOT.jar!/webapps/static,UNAVAILABLE}
2019-10-18 14:30:49,949 [main] INFO  handler.ContextHandler (ContextHandler.java:doStop(910)) - Stopped o.e.j.s.ServletContextHandler@55d58825{/logs,file:///workdir/hadoop-ozone/integration-test/target/log,UNAVAILABLE}
2019-10-18 14:30:49,959 [ForkJoinPool.commonPool-worker-0] INFO  ozoneimpl.OzoneContainer (OzoneContainer.java:stop(227)) - Attempting to stop container services.
2019-10-18 14:30:49,959 [ForkJoinPool.commonPool-worker-0] INFO  impl.RaftServerProxy (RaftServerProxy.java:lambda$close$4(314)) - 9a797c4a-b775-4cca-8778-469ce6187395: close
2019-10-18 14:30:49,959 [ForkJoinPool.commonPool-worker-0] INFO  impl.RaftServerImpl (RaftServerImpl.java:lambda$shutdown$3(261)) - 9a797c4a-b775-4cca-8778-469ce6187395@group-9826AF1559E2: shutdown
2019-10-18 14:30:49,959 [ForkJoinPool.commonPool-worker-0] INFO  util.JmxRegister (JmxRegister.java:unregister(73)) - Successfully un-registered JMX Bean with object name Ratis:service=RaftServer,group=group-9826AF1559E2,id=9a797c4a-b775-4cca-8778-469ce6187395
2019-10-18 14:30:49,960 [ForkJoinPool.commonPool-worker-0] INFO  impl.RoleInfo (RoleInfo.java:shutdownLeaderState(104)) - 9a797c4a-b775-4cca-8778-469ce6187395: shutdown LeaderState
2019-10-18 14:30:49,962 [org.apache.ratis.server.impl.LogAppender$AppenderDaemon$$Lambda$438/1278926347@6c32f575] WARN  server.GrpcLogAppender (GrpcLogAppender.java:mayWait(149)) - 9a797c4a-b775-4cca-8778-469ce6187395@group-9826AF1559E2->f9cd2519-4472-482d-8bf1-226263d0a440-GrpcLogAppender: Wait interrupted by java.lang.InterruptedException
2019-10-18 14:30:49,962 [ForkJoinPool.commonPool-worker-0] INFO  impl.PendingRequests (PendingRequests.java:sendNotLeaderResponses(202)) - 9a797c4a-b775-4cca-8778-469ce6187395@group-9826AF1559E2-PendingRequests: sendNotLeaderResponses
2019-10-18 14:30:49,963 [org.apache.ratis.server.impl.LogAppender$AppenderDaemon$$Lambda$438/1278926347@3d0a15ff] WARN  server.GrpcLogAppender (GrpcLogAppender.java:mayWait(149)) - 9a797c4a-b775-4cca-8778-469ce6187395@group-9826AF1559E2->04371d53-951f-40a0-9bd2-eaa7c72eca17-GrpcLogAppender: Wait interrupted by java.lang.InterruptedException
2019-10-18 14:30:49,970 [grpc-default-executor-2] INFO  server.GrpcServerProtocolService (GrpcServerProtocolService.java:onCompleted(113)) - f9cd2519-4472-482d-8bf1-226263d0a440: Completed APPEND_ENTRIES, lastRequest: 9a797c4a-b775-4cca-8778-469ce6187395->f9cd2519-4472-482d-8bf1-226263d0a440#9-t2, previous=(t:2, i:17), leaderCommit=17, initializing? false, entries: <empty>
2019-10-18 14:30:49,963 [9a797c4a-b775-4cca-8778-469ce6187395@group-9826AF1559E2-StateMachineUpdater] INFO  ratis.ContainerStateMachine (ContainerStateMachine.java:takeSnapshot(294)) - group-9826AF1559E2: Taking a snapshot at:(t:1, i:11) file /workdir/hadoop-ozone/integration-test/target/test-dir/MiniOzoneClusterImpl-11a902be-dfbe-4759-94b9-65959d8d71e6/datanode-0/data/ratis/cb1b5398-55ca-458c-9a73-9826af1559e2/sm/snapshot.1_11
2019-10-18 14:30:49,963 [ForkJoinPool.commonPool-worker-0] INFO  impl.StateMachineUpdater (StateMachineUpdater.java:stopAndJoin(136)) - 9a797c4a-b775-4cca-8778-469ce6187395@group-9826AF1559E2-StateMachineUpdater: set stopIndex = 17
2019-10-18 14:30:49,971 [grpc-default-executor-4] INFO  server.GrpcLogAppender (GrpcLogAppender.java:onCompleted(308)) - 9a797c4a-b775-4cca-8778-469ce6187395@group-9826AF1559E2->f9cd2519-4472-482d-8bf1-226263d0a440-AppendLogResponseHandler: follower responses appendEntries COMPLETED
2019-10-18 14:30:49,973 [grpc-default-executor-4] INFO  impl.FollowerInfo (FollowerInfo.java:lambda$new$0(51)) - 9a797c4a-b775-4cca-8778-469ce6187395@group-9826AF1559E2->f9cd2519-4472-482d-8bf1-226263d0a440: nextIndex: updateUnconditionally 18 -> 17
2019-10-18 14:30:49,984 [9a797c4a-b775-4cca-8778-469ce6187395@group-9826AF1559E2-StateMachineUpdater] INFO  ratis.ContainerStateMachine (ContainerStateMachine.java:takeSnapshot(305)) - group-9826AF1559E2: Finished taking a snapshot at:(t:1, i:11) file:/workdir/hadoop-ozone/integration-test/target/test-dir/MiniOzoneClusterImpl-11a902be-dfbe-4759-94b9-65959d8d71e6/datanode-0/data/ratis/cb1b5398-55ca-458c-9a73-9826af1559e2/sm/snapshot.1_11 time:20
2019-10-18 14:30:49,984 [9a797c4a-b775-4cca-8778-469ce6187395@group-9826AF1559E2-StateMachineUpdater] INFO  impl.StateMachineUpdater (StateMachineUpdater.java:takeSnapshot(269)) - 9a797c4a-b775-4cca-8778-469ce6187395@group-9826AF1559E2-StateMachineUpdater: Took a snapshot at index 11
2019-10-18 14:30:49,984 [9a797c4a-b775-4cca-8778-469ce6187395@group-9826AF1559E2-StateMachineUpdater] INFO  impl.StateMachineUpdater (StateMachineUpdater.java:lambda$new$0(84)) - 9a797c4a-b775-4cca-8778-469ce6187395@group-9826AF1559E2-StateMachineUpdater: snapshotIndex: updateIncreasingly -1 -> 11
2019-10-18 14:30:49,984 [9a797c4a-b775-4cca-8778-469ce6187395@group-9826AF1559E2-StateMachineUpdater] INFO  ratis.ContainerStateMachine (ContainerStateMachine.java:takeSnapshot(294)) - group-9826AF1559E2: Taking a snapshot at:(t:1, i:11) file /workdir/hadoop-ozone/integration-test/target/test-dir/MiniOzoneClusterImpl-11a902be-dfbe-4759-94b9-65959d8d71e6/datanode-0/data/ratis/cb1b5398-55ca-458c-9a73-9826af1559e2/sm/snapshot.1_11
2019-10-18 14:30:49,996 [9a797c4a-b775-4cca-8778-469ce6187395@group-9826AF1559E2-StateMachineUpdater] INFO  ratis.ContainerStateMachine (ContainerStateMachine.java:takeSnapshot(305)) - group-9826AF1559E2: Finished taking a snapshot at:(t:1, i:11) file:/workdir/hadoop-ozone/integration-test/target/test-dir/MiniOzoneClusterImpl-11a902be-dfbe-4759-94b9-65959d8d71e6/datanode-0/data/ratis/cb1b5398-55ca-458c-9a73-9826af1559e2/sm/snapshot.1_11 time:13
2019-10-18 14:30:49,997 [9a797c4a-b775-4cca-8778-469ce6187395@group-9826AF1559E2-StateMachineUpdater] INFO  impl.StateMachineUpdater (StateMachineUpdater.java:takeSnapshot(269)) - 9a797c4a-b775-4cca-8778-469ce6187395@group-9826AF1559E2-StateMachineUpdater: Took a snapshot at index 11
2019-10-18 14:30:49,997 [9a797c4a-b775-4cca-8778-469ce6187395@group-9826AF1559E2-StateMachineUpdater] INFO  impl.StateMachineUpdater (StateMachineUpdater.java:lambda$new$0(84)) - 9a797c4a-b775-4cca-8778-469ce6187395@group-9826AF1559E2-StateMachineUpdater: snapshotIndex: updateIncreasingly 11 -> 11
2019-10-18 14:30:49,997 [ForkJoinPool.commonPool-worker-0] INFO  impl.RaftServerImpl (ServerState.java:close(388)) - 9a797c4a-b775-4cca-8778-469ce6187395@group-9826AF1559E2: closes. applyIndex: 17
2019-10-18 14:30:49,997 [9a797c4a-b775-4cca-8778-469ce6187395@group-9826AF1559E2-SegmentedRaftLogWorker] INFO  segmented.SegmentedRaftLogWorker (SegmentedRaftLogWorker.java:run(316)) - 9a797c4a-b775-4cca-8778-469ce6187395@group-9826AF1559E2-SegmentedRaftLogWorker was interrupted, exiting. There are 0 tasks remaining in the queue.
2019-10-18 14:30:49,999 [ForkJoinPool.commonPool-worker-0] INFO  segmented.SegmentedRaftLogWorker (SegmentedRaftLogWorker.java:close(224)) - 9a797c4a-b775-4cca-8778-469ce6187395@group-9826AF1559E2-SegmentedRaftLogWorker close()
2019-10-18 14:30:50,000 [ForkJoinPool.commonPool-worker-0] INFO  impl.RaftServerImpl (RaftServerImpl.java:lambda$shutdown$3(261)) - 9a797c4a-b775-4cca-8778-469ce6187395@group-7093C2F523C6: shutdown
2019-10-18 14:30:50,000 [ForkJoinPool.commonPool-worker-0] INFO  util.JmxRegister (JmxRegister.java:unregister(73)) - Successfully un-registered JMX Bean with object name Ratis:service=RaftServer,group=group-7093C2F523C6,id=9a797c4a-b775-4cca-8778-469ce6187395
2019-10-18 14:30:50,000 [ForkJoinPool.commonPool-worker-0] INFO  impl.RoleInfo (RoleInfo.java:shutdownLeaderState(104)) - 9a797c4a-b775-4cca-8778-469ce6187395: shutdown LeaderState
2019-10-18 14:30:50,000 [ForkJoinPool.commonPool-worker-0] INFO  impl.PendingRequests (PendingRequests.java:sendNotLeaderResponses(202)) - 9a797c4a-b775-4cca-8778-469ce6187395@group-7093C2F523C6-PendingRequests: sendNotLeaderResponses
2019-10-18 14:30:50,000 [ForkJoinPool.commonPool-worker-0] INFO  impl.StateMachineUpdater (StateMachineUpdater.java:stopAndJoin(136)) - 9a797c4a-b775-4cca-8778-469ce6187395@group-7093C2F523C6-StateMachineUpdater: set stopIndex = 0
2019-10-18 14:30:50,001 [ForkJoinPool.commonPool-worker-0] INFO  impl.RaftServerImpl (ServerState.java:close(388)) - 9a797c4a-b775-4cca-8778-469ce6187395@group-7093C2F523C6: closes. applyIndex: 0
2019-10-18 14:30:50,001 [9a797c4a-b775-4cca-8778-469ce6187395@group-7093C2F523C6-SegmentedRaftLogWorker] INFO  segmented.SegmentedRaftLogWorker (SegmentedRaftLogWorker.java:run(316)) - 9a797c4a-b775-4cca-8778-469ce6187395@group-7093C2F523C6-SegmentedRaftLogWorker was interrupted, exiting. There are 0 tasks remaining in the queue.
2019-10-18 14:30:50,001 [ForkJoinPool.commonPool-worker-0] INFO  segmented.SegmentedRaftLogWorker (SegmentedRaftLogWorker.java:close(224)) - 9a797c4a-b775-4cca-8778-469ce6187395@group-7093C2F523C6-SegmentedRaftLogWorker close()
2019-10-18 14:30:50,002 [ForkJoinPool.commonPool-worker-0] INFO  server.GrpcService (GrpcService.java:closeImpl(164)) - 9a797c4a-b775-4cca-8778-469ce6187395: shutdown server with port 34691 now
2019-10-18 14:30:50,003 [ForkJoinPool.commonPool-worker-0] INFO  server.GrpcService (GrpcService.java:closeImpl(172)) - 9a797c4a-b775-4cca-8778-469ce6187395: shutdown server with port 34691 successfully
2019-10-18 14:30:50,006 [refreshUsed-/workdir/hadoop-ozone/integration-test/target/test-dir/MiniOzoneClusterImpl-11a902be-dfbe-4759-94b9-65959d8d71e6/datanode-0/data/containers] WARN  fs.CachingGetSpaceUsed (CachingGetSpaceUsed.java:run(183)) - Thread Interrupted waiting to refresh disk information: sleep interrupted
2019-10-18 14:30:50,017 [ForkJoinPool.commonPool-worker-0] INFO  utils.BackgroundService (BackgroundService.java:shutdown(151)) - Shutting down service BlockDeletingService
2019-10-18 14:30:50,020 [ForkJoinPool.commonPool-worker-0] INFO  statemachine.DatanodeStateMachine (DatanodeStateMachine.java:stopDaemon(395)) - Ozone container server stopped.
2019-10-18 14:30:50,022 [ForkJoinPool.commonPool-worker-0] INFO  handler.ContextHandler (ContextHandler.java:doStop(910)) - Stopped o.e.j.w.WebAppContext@61cd1c71{/,null,UNAVAILABLE}{/hddsDatanode}
2019-10-18 14:30:50,023 [ForkJoinPool.commonPool-worker-0] INFO  server.AbstractConnector (AbstractConnector.java:doStop(318)) - Stopped ServerConnector@6724cdec{HTTP/1.1,[http/1.1]}{0.0.0.0:0}
2019-10-18 14:30:50,023 [ForkJoinPool.commonPool-worker-0] INFO  handler.ContextHandler (ContextHandler.java:doStop(910)) - Stopped o.e.j.s.ServletContextHandler@13d9261f{/static,jar:file:/home/user/.m2/repository/org/apache/hadoop/hadoop-hdds-container-service/0.5.0-SNAPSHOT/hadoop-hdds-container-service-0.5.0-SNAPSHOT.jar!/webapps/static,UNAVAILABLE}
2019-10-18 14:30:50,024 [ForkJoinPool.commonPool-worker-0] INFO  handler.ContextHandler (ContextHandler.java:doStop(910)) - Stopped o.e.j.s.ServletContextHandler@644ded04{/logs,file:///workdir/hadoop-ozone/integration-test/target/log,UNAVAILABLE}
2019-10-18 14:30:50,088 [Datanode State Machine Thread - 0] INFO  statemachine.DatanodeStateMachine (DatanodeStateMachine.java:lambda$startDaemon$0(350)) - Ozone container server started.
2019-10-18 14:30:50,225 [java.util.concurrent.ThreadPoolExecutor$Worker@4efed47c[State = -1, empty queue]] WARN  server.GrpcLogAppender (GrpcLogAppender.java:timeoutAppendRequest(209)) - 46c14060-ea78-4b5a-b57c-064e4766b234@group-45DBFE4B8A65->a4757974-e77e-4a1a-a400-c32fe273093a-GrpcLogAppender: appendEntries Timeout, request=46c14060-ea78-4b5a-b57c-064e4766b234->a4757974-e77e-4a1a-a400-c32fe273093a#63-t3, previous=(t:3, i:4), leaderCommit=4, initializing? false, entries: <empty>
2019-10-18 14:30:50,225 [java.util.concurrent.ThreadPoolExecutor$Worker@108d80c3[State = -1, empty queue]] WARN  server.GrpcLogAppender (GrpcLogAppender.java:timeoutAppendRequest(209)) - 46c14060-ea78-4b5a-b57c-064e4766b234@group-45DBFE4B8A65->55013cf6-f41f-4339-a52c-06c119893914-GrpcLogAppender: appendEntries Timeout, request=46c14060-ea78-4b5a-b57c-064e4766b234->55013cf6-f41f-4339-a52c-06c119893914#63-t3, previous=(t:3, i:4), leaderCommit=4, initializing? false, entries: <empty>
2019-10-18 14:30:50,715 [Datanode State Machine Thread - 0] INFO  statemachine.DatanodeStateMachine (DatanodeStateMachine.java:lambda$startDaemon$0(350)) - Ozone container server started.
2019-10-18 14:30:50,726 [java.util.concurrent.ThreadPoolExecutor$Worker@4efed47c[State = -1, empty queue]] WARN  server.GrpcLogAppender (GrpcLogAppender.java:timeoutAppendRequest(209)) - 46c14060-ea78-4b5a-b57c-064e4766b234@group-45DBFE4B8A65->a4757974-e77e-4a1a-a400-c32fe273093a-GrpcLogAppender: appendEntries Timeout, request=46c14060-ea78-4b5a-b57c-064e4766b234->a4757974-e77e-4a1a-a400-c32fe273093a#64-t3, previous=(t:3, i:4), leaderCommit=4, initializing? false, entries: <empty>
2019-10-18 14:30:50,726 [java.util.concurrent.ThreadPoolExecutor$Worker@108d80c3[State = -1, empty queue]] WARN  server.GrpcLogAppender (GrpcLogAppender.java:timeoutAppendRequest(209)) - 46c14060-ea78-4b5a-b57c-064e4766b234@group-45DBFE4B8A65->55013cf6-f41f-4339-a52c-06c119893914-GrpcLogAppender: appendEntries Timeout, request=46c14060-ea78-4b5a-b57c-064e4766b234->55013cf6-f41f-4339-a52c-06c119893914#64-t3, previous=(t:3, i:4), leaderCommit=4, initializing? false, entries: <empty>
2019-10-18 14:30:51,227 [java.util.concurrent.ThreadPoolExecutor$Worker@4efed47c[State = -1, empty queue]] WARN  server.GrpcLogAppender (GrpcLogAppender.java:timeoutAppendRequest(209)) - 46c14060-ea78-4b5a-b57c-064e4766b234@group-45DBFE4B8A65->a4757974-e77e-4a1a-a400-c32fe273093a-GrpcLogAppender: appendEntries Timeout, request=46c14060-ea78-4b5a-b57c-064e4766b234->a4757974-e77e-4a1a-a400-c32fe273093a#65-t3, previous=(t:3, i:4), leaderCommit=4, initializing? false, entries: <empty>
2019-10-18 14:30:51,227 [java.util.concurrent.ThreadPoolExecutor$Worker@108d80c3[State = -1, empty queue]] WARN  server.GrpcLogAppender (GrpcLogAppender.java:timeoutAppendRequest(209)) - 46c14060-ea78-4b5a-b57c-064e4766b234@group-45DBFE4B8A65->55013cf6-f41f-4339-a52c-06c119893914-GrpcLogAppender: appendEntries Timeout, request=46c14060-ea78-4b5a-b57c-064e4766b234->55013cf6-f41f-4339-a52c-06c119893914#65-t3, previous=(t:3, i:4), leaderCommit=4, initializing? false, entries: <empty>
2019-10-18 14:30:51,492 [Thread-1882] INFO  impl.FollowerState (FollowerState.java:run(108)) - f9cd2519-4472-482d-8bf1-226263d0a440@group-9826AF1559E2-FollowerState: change to CANDIDATE, lastRpcTime:1725ms, electionTimeout:1072ms
2019-10-18 14:30:51,493 [Thread-1882] INFO  impl.RoleInfo (RoleInfo.java:shutdownFollowerState(121)) - f9cd2519-4472-482d-8bf1-226263d0a440: shutdown FollowerState
2019-10-18 14:30:51,493 [Thread-1882] INFO  impl.RaftServerImpl (RaftServerImpl.java:setRole(184)) - f9cd2519-4472-482d-8bf1-226263d0a440@group-9826AF1559E2: changes role from  FOLLOWER to CANDIDATE at term 2 for changeToCandidate
2019-10-18 14:30:51,493 [Thread-1882] INFO  impl.RoleInfo (RoleInfo.java:updateAndGet(143)) - f9cd2519-4472-482d-8bf1-226263d0a440: start LeaderElection
2019-10-18 14:30:51,493 [f9cd2519-4472-482d-8bf1-226263d0a440@group-9826AF1559E2-LeaderElection263] INFO  impl.RaftServerImpl (ServerState.java:setLeader(256)) - f9cd2519-4472-482d-8bf1-226263d0a440@group-9826AF1559E2: change Leader from 9a797c4a-b775-4cca-8778-469ce6187395 to null at term 2 for initElection
2019-10-18 14:30:51,507 [f9cd2519-4472-482d-8bf1-226263d0a440@group-9826AF1559E2-LeaderElection263] INFO  impl.LeaderElection (LeaderElection.java:askForVotes(178)) - f9cd2519-4472-482d-8bf1-226263d0a440@group-9826AF1559E2-LeaderElection263: begin an election at term 3 for 16: [f9cd2519-4472-482d-8bf1-226263d0a440:192.168.164.233:35693, 04371d53-951f-40a0-9bd2-eaa7c72eca17:192.168.164.233:42616, 9a797c4a-b775-4cca-8778-469ce6187395:192.168.164.233:34691], old=null
2019-10-18 14:30:51,510 [f9cd2519-4472-482d-8bf1-226263d0a440@group-9826AF1559E2-LeaderElection263] INFO  impl.LeaderElection (LogUtils.java:infoOrTrace(149)) - f9cd2519-4472-482d-8bf1-226263d0a440@group-9826AF1559E2-LeaderElection263 got exception when requesting votes: {}
java.util.concurrent.ExecutionException: org.apache.ratis.thirdparty.io.grpc.StatusRuntimeException: UNAVAILABLE: io exception
	at java.util.concurrent.FutureTask.report(FutureTask.java:122)
	at java.util.concurrent.FutureTask.get(FutureTask.java:192)
	at org.apache.ratis.server.impl.LeaderElection.waitForResults(LeaderElection.java:259)
	at org.apache.ratis.server.impl.LeaderElection.askForVotes(LeaderElection.java:197)
	at org.apache.ratis.server.impl.LeaderElection.run(LeaderElection.java:133)
	at java.lang.Thread.run(Thread.java:748)
Caused by: org.apache.ratis.thirdparty.io.grpc.StatusRuntimeException: UNAVAILABLE: io exception
	at org.apache.ratis.thirdparty.io.grpc.stub.ClientCalls.toStatusRuntimeException(ClientCalls.java:233)
	at org.apache.ratis.thirdparty.io.grpc.stub.ClientCalls.getUnchecked(ClientCalls.java:214)
	at org.apache.ratis.thirdparty.io.grpc.stub.ClientCalls.blockingUnaryCall(ClientCalls.java:139)
	at org.apache.ratis.proto.grpc.RaftServerProtocolServiceGrpc$RaftServerProtocolServiceBlockingStub.requestVote(RaftServerProtocolServiceGrpc.java:265)
	at org.apache.ratis.grpc.server.GrpcServerProtocolClient.requestVote(GrpcServerProtocolClient.java:99)
	at org.apache.ratis.grpc.server.GrpcService.requestVote(GrpcService.java:204)
	at org.apache.ratis.server.impl.LeaderElection.lambda$submitRequests$1(LeaderElection.java:234)
	at java.util.concurrent.FutureTask.run(FutureTask.java:266)
	at java.util.concurrent.Executors$RunnableAdapter.call(Executors.java:511)
	at java.util.concurrent.FutureTask.run(FutureTask.java:266)
	at java.util.concurrent.ThreadPoolExecutor.runWorker(ThreadPoolExecutor.java:1149)
	at java.util.concurrent.ThreadPoolExecutor$Worker.run(ThreadPoolExecutor.java:624)
	... 1 more
Caused by: org.apache.ratis.thirdparty.io.netty.channel.AbstractChannel$AnnotatedConnectException: Connection refused: /192.168.164.233:34691
	at sun.nio.ch.SocketChannelImpl.checkConnect(Native Method)
	at sun.nio.ch.SocketChannelImpl.finishConnect(SocketChannelImpl.java:717)
	at org.apache.ratis.thirdparty.io.netty.channel.socket.nio.NioSocketChannel.doFinishConnect(NioSocketChannel.java:327)
	at org.apache.ratis.thirdparty.io.netty.channel.nio.AbstractNioChannel$AbstractNioUnsafe.finishConnect(AbstractNioChannel.java:340)
	at org.apache.ratis.thirdparty.io.netty.channel.nio.NioEventLoop.processSelectedKey(NioEventLoop.java:632)
	at org.apache.ratis.thirdparty.io.netty.channel.nio.NioEventLoop.processSelectedKeysOptimized(NioEventLoop.java:579)
	at org.apache.ratis.thirdparty.io.netty.channel.nio.NioEventLoop.processSelectedKeys(NioEventLoop.java:496)
	at org.apache.ratis.thirdparty.io.netty.channel.nio.NioEventLoop.run(NioEventLoop.java:458)
	at org.apache.ratis.thirdparty.io.netty.util.concurrent.SingleThreadEventExecutor$5.run(SingleThreadEventExecutor.java:897)
	at org.apache.ratis.thirdparty.io.netty.util.concurrent.FastThreadLocalRunnable.run(FastThreadLocalRunnable.java:30)
	... 1 more
Caused by: java.net.ConnectException: Connection refused
	... 11 more
2019-10-18 14:30:51,510 [f9cd2519-4472-482d-8bf1-226263d0a440@group-9826AF1559E2-LeaderElection263] INFO  impl.LeaderElection (LogUtils.java:infoOrTrace(149)) - f9cd2519-4472-482d-8bf1-226263d0a440@group-9826AF1559E2-LeaderElection263 got exception when requesting votes: {}
java.util.concurrent.ExecutionException: org.apache.ratis.thirdparty.io.grpc.StatusRuntimeException: UNAVAILABLE: io exception
	at java.util.concurrent.FutureTask.report(FutureTask.java:122)
	at java.util.concurrent.FutureTask.get(FutureTask.java:192)
	at org.apache.ratis.server.impl.LeaderElection.waitForResults(LeaderElection.java:259)
	at org.apache.ratis.server.impl.LeaderElection.askForVotes(LeaderElection.java:197)
	at org.apache.ratis.server.impl.LeaderElection.run(LeaderElection.java:133)
	at java.lang.Thread.run(Thread.java:748)
Caused by: org.apache.ratis.thirdparty.io.grpc.StatusRuntimeException: UNAVAILABLE: io exception
	at org.apache.ratis.thirdparty.io.grpc.stub.ClientCalls.toStatusRuntimeException(ClientCalls.java:233)
	at org.apache.ratis.thirdparty.io.grpc.stub.ClientCalls.getUnchecked(ClientCalls.java:214)
	at org.apache.ratis.thirdparty.io.grpc.stub.ClientCalls.blockingUnaryCall(ClientCalls.java:139)
	at org.apache.ratis.proto.grpc.RaftServerProtocolServiceGrpc$RaftServerProtocolServiceBlockingStub.requestVote(RaftServerProtocolServiceGrpc.java:265)
	at org.apache.ratis.grpc.server.GrpcServerProtocolClient.requestVote(GrpcServerProtocolClient.java:99)
	at org.apache.ratis.grpc.server.GrpcService.requestVote(GrpcService.java:204)
	at org.apache.ratis.server.impl.LeaderElection.lambda$submitRequests$1(LeaderElection.java:234)
	at java.util.concurrent.FutureTask.run(FutureTask.java:266)
	at java.util.concurrent.Executors$RunnableAdapter.call(Executors.java:511)
	at java.util.concurrent.FutureTask.run(FutureTask.java:266)
	at java.util.concurrent.ThreadPoolExecutor.runWorker(ThreadPoolExecutor.java:1149)
	at java.util.concurrent.ThreadPoolExecutor$Worker.run(ThreadPoolExecutor.java:624)
	... 1 more
Caused by: org.apache.ratis.thirdparty.io.netty.channel.AbstractChannel$AnnotatedConnectException: Connection refused: /192.168.164.233:42616
	at sun.nio.ch.SocketChannelImpl.checkConnect(Native Method)
	at sun.nio.ch.SocketChannelImpl.finishConnect(SocketChannelImpl.java:717)
	at org.apache.ratis.thirdparty.io.netty.channel.socket.nio.NioSocketChannel.doFinishConnect(NioSocketChannel.java:327)
	at org.apache.ratis.thirdparty.io.netty.channel.nio.AbstractNioChannel$AbstractNioUnsafe.finishConnect(AbstractNioChannel.java:340)
	at org.apache.ratis.thirdparty.io.netty.channel.nio.NioEventLoop.processSelectedKey(NioEventLoop.java:632)
	at org.apache.ratis.thirdparty.io.netty.channel.nio.NioEventLoop.processSelectedKeysOptimized(NioEventLoop.java:579)
	at org.apache.ratis.thirdparty.io.netty.channel.nio.NioEventLoop.processSelectedKeys(NioEventLoop.java:496)
	at org.apache.ratis.thirdparty.io.netty.channel.nio.NioEventLoop.run(NioEventLoop.java:458)
	at org.apache.ratis.thirdparty.io.netty.util.concurrent.SingleThreadEventExecutor$5.run(SingleThreadEventExecutor.java:897)
	at org.apache.ratis.thirdparty.io.netty.util.concurrent.FastThreadLocalRunnable.run(FastThreadLocalRunnable.java:30)
	... 1 more
Caused by: java.net.ConnectException: Connection refused
	... 11 more
2019-10-18 14:30:51,510 [f9cd2519-4472-482d-8bf1-226263d0a440@group-9826AF1559E2-LeaderElection263] INFO  impl.LeaderElection (LeaderElection.java:logAndReturn(56)) - f9cd2519-4472-482d-8bf1-226263d0a440@group-9826AF1559E2-LeaderElection263: Election REJECTED; received 0 response(s) [] and 2 exception(s); f9cd2519-4472-482d-8bf1-226263d0a440@group-9826AF1559E2:t3, leader=null, voted=f9cd2519-4472-482d-8bf1-226263d0a440, raftlog=f9cd2519-4472-482d-8bf1-226263d0a440@group-9826AF1559E2-SegmentedRaftLog:OPENED:c17,f17,i17, conf=16: [f9cd2519-4472-482d-8bf1-226263d0a440:192.168.164.233:35693, 04371d53-951f-40a0-9bd2-eaa7c72eca17:192.168.164.233:42616, 9a797c4a-b775-4cca-8778-469ce6187395:192.168.164.233:34691], old=null
2019-10-18 14:30:51,510 [f9cd2519-4472-482d-8bf1-226263d0a440@group-9826AF1559E2-LeaderElection263] INFO  impl.LeaderElection (LogUtils.java:infoOrTrace(149)) -   Exception 0: {}
java.util.concurrent.ExecutionException: org.apache.ratis.thirdparty.io.grpc.StatusRuntimeException: UNAVAILABLE: io exception
	at java.util.concurrent.FutureTask.report(FutureTask.java:122)
	at java.util.concurrent.FutureTask.get(FutureTask.java:192)
	at org.apache.ratis.server.impl.LeaderElection.waitForResults(LeaderElection.java:259)
	at org.apache.ratis.server.impl.LeaderElection.askForVotes(LeaderElection.java:197)
	at org.apache.ratis.server.impl.LeaderElection.run(LeaderElection.java:133)
	at java.lang.Thread.run(Thread.java:748)
Caused by: org.apache.ratis.thirdparty.io.grpc.StatusRuntimeException: UNAVAILABLE: io exception
	at org.apache.ratis.thirdparty.io.grpc.stub.ClientCalls.toStatusRuntimeException(ClientCalls.java:233)
	at org.apache.ratis.thirdparty.io.grpc.stub.ClientCalls.getUnchecked(ClientCalls.java:214)
	at org.apache.ratis.thirdparty.io.grpc.stub.ClientCalls.blockingUnaryCall(ClientCalls.java:139)
	at org.apache.ratis.proto.grpc.RaftServerProtocolServiceGrpc$RaftServerProtocolServiceBlockingStub.requestVote(RaftServerProtocolServiceGrpc.java:265)
	at org.apache.ratis.grpc.server.GrpcServerProtocolClient.requestVote(GrpcServerProtocolClient.java:99)
	at org.apache.ratis.grpc.server.GrpcService.requestVote(GrpcService.java:204)
	at org.apache.ratis.server.impl.LeaderElection.lambda$submitRequests$1(LeaderElection.java:234)
	at java.util.concurrent.FutureTask.run(FutureTask.java:266)
	at java.util.concurrent.Executors$RunnableAdapter.call(Executors.java:511)
	at java.util.concurrent.FutureTask.run(FutureTask.java:266)
	at java.util.concurrent.ThreadPoolExecutor.runWorker(ThreadPoolExecutor.java:1149)
	at java.util.concurrent.ThreadPoolExecutor$Worker.run(ThreadPoolExecutor.java:624)
	... 1 more
Caused by: org.apache.ratis.thirdparty.io.netty.channel.AbstractChannel$AnnotatedConnectException: Connection refused: /192.168.164.233:34691
	at sun.nio.ch.SocketChannelImpl.checkConnect(Native Method)
	at sun.nio.ch.SocketChannelImpl.finishConnect(SocketChannelImpl.java:717)
	at org.apache.ratis.thirdparty.io.netty.channel.socket.nio.NioSocketChannel.doFinishConnect(NioSocketChannel.java:327)
	at org.apache.ratis.thirdparty.io.netty.channel.nio.AbstractNioChannel$AbstractNioUnsafe.finishConnect(AbstractNioChannel.java:340)
	at org.apache.ratis.thirdparty.io.netty.channel.nio.NioEventLoop.processSelectedKey(NioEventLoop.java:632)
	at org.apache.ratis.thirdparty.io.netty.channel.nio.NioEventLoop.processSelectedKeysOptimized(NioEventLoop.java:579)
	at org.apache.ratis.thirdparty.io.netty.channel.nio.NioEventLoop.processSelectedKeys(NioEventLoop.java:496)
	at org.apache.ratis.thirdparty.io.netty.channel.nio.NioEventLoop.run(NioEventLoop.java:458)
	at org.apache.ratis.thirdparty.io.netty.util.concurrent.SingleThreadEventExecutor$5.run(SingleThreadEventExecutor.java:897)
	at org.apache.ratis.thirdparty.io.netty.util.concurrent.FastThreadLocalRunnable.run(FastThreadLocalRunnable.java:30)
	... 1 more
Caused by: java.net.ConnectException: Connection refused
	... 11 more
2019-10-18 14:30:51,510 [f9cd2519-4472-482d-8bf1-226263d0a440@group-9826AF1559E2-LeaderElection263] INFO  impl.LeaderElection (LogUtils.java:infoOrTrace(149)) -   Exception 1: {}
java.util.concurrent.ExecutionException: org.apache.ratis.thirdparty.io.grpc.StatusRuntimeException: UNAVAILABLE: io exception
	at java.util.concurrent.FutureTask.report(FutureTask.java:122)
	at java.util.concurrent.FutureTask.get(FutureTask.java:192)
	at org.apache.ratis.server.impl.LeaderElection.waitForResults(LeaderElection.java:259)
	at org.apache.ratis.server.impl.LeaderElection.askForVotes(LeaderElection.java:197)
	at org.apache.ratis.server.impl.LeaderElection.run(LeaderElection.java:133)
	at java.lang.Thread.run(Thread.java:748)
Caused by: org.apache.ratis.thirdparty.io.grpc.StatusRuntimeException: UNAVAILABLE: io exception
	at org.apache.ratis.thirdparty.io.grpc.stub.ClientCalls.toStatusRuntimeException(ClientCalls.java:233)
	at org.apache.ratis.thirdparty.io.grpc.stub.ClientCalls.getUnchecked(ClientCalls.java:214)
	at org.apache.ratis.thirdparty.io.grpc.stub.ClientCalls.blockingUnaryCall(ClientCalls.java:139)
	at org.apache.ratis.proto.grpc.RaftServerProtocolServiceGrpc$RaftServerProtocolServiceBlockingStub.requestVote(RaftServerProtocolServiceGrpc.java:265)
	at org.apache.ratis.grpc.server.GrpcServerProtocolClient.requestVote(GrpcServerProtocolClient.java:99)
	at org.apache.ratis.grpc.server.GrpcService.requestVote(GrpcService.java:204)
	at org.apache.ratis.server.impl.LeaderElection.lambda$submitRequests$1(LeaderElection.java:234)
	at java.util.concurrent.FutureTask.run(FutureTask.java:266)
	at java.util.concurrent.Executors$RunnableAdapter.call(Executors.java:511)
	at java.util.concurrent.FutureTask.run(FutureTask.java:266)
	at java.util.concurrent.ThreadPoolExecutor.runWorker(ThreadPoolExecutor.java:1149)
	at java.util.concurrent.ThreadPoolExecutor$Worker.run(ThreadPoolExecutor.java:624)
	... 1 more
Caused by: org.apache.ratis.thirdparty.io.netty.channel.AbstractChannel$AnnotatedConnectException: Connection refused: /192.168.164.233:42616
	at sun.nio.ch.SocketChannelImpl.checkConnect(Native Method)
	at sun.nio.ch.SocketChannelImpl.finishConnect(SocketChannelImpl.java:717)
	at org.apache.ratis.thirdparty.io.netty.channel.socket.nio.NioSocketChannel.doFinishConnect(NioSocketChannel.java:327)
	at org.apache.ratis.thirdparty.io.netty.channel.nio.AbstractNioChannel$AbstractNioUnsafe.finishConnect(AbstractNioChannel.java:340)
	at org.apache.ratis.thirdparty.io.netty.channel.nio.NioEventLoop.processSelectedKey(NioEventLoop.java:632)
	at org.apache.ratis.thirdparty.io.netty.channel.nio.NioEventLoop.processSelectedKeysOptimized(NioEventLoop.java:579)
	at org.apache.ratis.thirdparty.io.netty.channel.nio.NioEventLoop.processSelectedKeys(NioEventLoop.java:496)
	at org.apache.ratis.thirdparty.io.netty.channel.nio.NioEventLoop.run(NioEventLoop.java:458)
	at org.apache.ratis.thirdparty.io.netty.util.concurrent.SingleThreadEventExecutor$5.run(SingleThreadEventExecutor.java:897)
	at org.apache.ratis.thirdparty.io.netty.util.concurrent.FastThreadLocalRunnable.run(FastThreadLocalRunnable.java:30)
	... 1 more
Caused by: java.net.ConnectException: Connection refused
	... 11 more
2019-10-18 14:30:51,510 [f9cd2519-4472-482d-8bf1-226263d0a440@group-9826AF1559E2-LeaderElection263] INFO  impl.RaftServerImpl (RaftServerImpl.java:setRole(184)) - f9cd2519-4472-482d-8bf1-226263d0a440@group-9826AF1559E2: changes role from CANDIDATE to FOLLOWER at term 3 for DISCOVERED_A_NEW_TERM
2019-10-18 14:30:51,511 [f9cd2519-4472-482d-8bf1-226263d0a440@group-9826AF1559E2-LeaderElection263] INFO  impl.RoleInfo (RoleInfo.java:shutdownLeaderElection(134)) - f9cd2519-4472-482d-8bf1-226263d0a440: shutdown LeaderElection
2019-10-18 14:30:51,511 [f9cd2519-4472-482d-8bf1-226263d0a440@group-9826AF1559E2-LeaderElection263] INFO  impl.RoleInfo (RoleInfo.java:updateAndGet(143)) - f9cd2519-4472-482d-8bf1-226263d0a440: start FollowerState
2019-10-18 14:30:51,727 [java.util.concurrent.ThreadPoolExecutor$Worker@4efed47c[State = -1, empty queue]] WARN  server.GrpcLogAppender (GrpcLogAppender.java:timeoutAppendRequest(209)) - 46c14060-ea78-4b5a-b57c-064e4766b234@group-45DBFE4B8A65->a4757974-e77e-4a1a-a400-c32fe273093a-GrpcLogAppender: appendEntries Timeout, request=46c14060-ea78-4b5a-b57c-064e4766b234->a4757974-e77e-4a1a-a400-c32fe273093a#66-t3, previous=(t:3, i:4), leaderCommit=4, initializing? false, entries: <empty>
2019-10-18 14:30:51,727 [java.util.concurrent.ThreadPoolExecutor$Worker@108d80c3[State = -1, empty queue]] WARN  server.GrpcLogAppender (GrpcLogAppender.java:timeoutAppendRequest(209)) - 46c14060-ea78-4b5a-b57c-064e4766b234@group-45DBFE4B8A65->55013cf6-f41f-4339-a52c-06c119893914-GrpcLogAppender: appendEntries Timeout, request=46c14060-ea78-4b5a-b57c-064e4766b234->55013cf6-f41f-4339-a52c-06c119893914#66-t3, previous=(t:3, i:4), leaderCommit=4, initializing? false, entries: <empty>
2019-10-18 14:30:52,227 [java.util.concurrent.ThreadPoolExecutor$Worker@4efed47c[State = -1, empty queue]] WARN  server.GrpcLogAppender (GrpcLogAppender.java:timeoutAppendRequest(209)) - 46c14060-ea78-4b5a-b57c-064e4766b234@group-45DBFE4B8A65->a4757974-e77e-4a1a-a400-c32fe273093a-GrpcLogAppender: appendEntries Timeout, request=46c14060-ea78-4b5a-b57c-064e4766b234->a4757974-e77e-4a1a-a400-c32fe273093a#67-t3, previous=(t:3, i:4), leaderCommit=4, initializing? false, entries: <empty>
2019-10-18 14:30:52,228 [java.util.concurrent.ThreadPoolExecutor$Worker@108d80c3[State = -1, empty queue]] WARN  server.GrpcLogAppender (GrpcLogAppender.java:timeoutAppendRequest(209)) - 46c14060-ea78-4b5a-b57c-064e4766b234@group-45DBFE4B8A65->55013cf6-f41f-4339-a52c-06c119893914-GrpcLogAppender: appendEntries Timeout, request=46c14060-ea78-4b5a-b57c-064e4766b234->55013cf6-f41f-4339-a52c-06c119893914#67-t3, previous=(t:3, i:4), leaderCommit=4, initializing? false, entries: <empty>
2019-10-18 14:30:52,252 [java.util.concurrent.ThreadPoolExecutor$Worker@3bb98041[State = -1, empty queue]] WARN  server.GrpcLogAppender (GrpcLogAppender.java:timeoutAppendRequest(209)) - 9a797c4a-b775-4cca-8778-469ce6187395@group-9826AF1559E2->04371d53-951f-40a0-9bd2-eaa7c72eca17-GrpcLogAppender: appendEntries Timeout, request=9a797c4a-b775-4cca-8778-469ce6187395->04371d53-951f-40a0-9bd2-eaa7c72eca17#1-t2, previous=(t:1, i:15), leaderCommit=17, initializing? false, entries: <empty>
2019-10-18 14:30:52,540 [Thread-2045] INFO  impl.FollowerState (FollowerState.java:run(108)) - f9cd2519-4472-482d-8bf1-226263d0a440@group-9826AF1559E2-FollowerState: change to CANDIDATE, lastRpcTime:1029ms, electionTimeout:1029ms
2019-10-18 14:30:52,541 [Thread-2045] INFO  impl.RoleInfo (RoleInfo.java:shutdownFollowerState(121)) - f9cd2519-4472-482d-8bf1-226263d0a440: shutdown FollowerState
2019-10-18 14:30:52,541 [Thread-2045] INFO  impl.RaftServerImpl (RaftServerImpl.java:setRole(184)) - f9cd2519-4472-482d-8bf1-226263d0a440@group-9826AF1559E2: changes role from  FOLLOWER to CANDIDATE at term 3 for changeToCandidate
2019-10-18 14:30:52,541 [Thread-2045] INFO  impl.RoleInfo (RoleInfo.java:updateAndGet(143)) - f9cd2519-4472-482d-8bf1-226263d0a440: start LeaderElection
2019-10-18 14:30:52,554 [f9cd2519-4472-482d-8bf1-226263d0a440@group-9826AF1559E2-LeaderElection264] INFO  impl.LeaderElection (LeaderElection.java:askForVotes(178)) - f9cd2519-4472-482d-8bf1-226263d0a440@group-9826AF1559E2-LeaderElection264: begin an election at term 4 for 16: [f9cd2519-4472-482d-8bf1-226263d0a440:192.168.164.233:35693, 04371d53-951f-40a0-9bd2-eaa7c72eca17:192.168.164.233:42616, 9a797c4a-b775-4cca-8778-469ce6187395:192.168.164.233:34691], old=null
2019-10-18 14:30:52,555 [f9cd2519-4472-482d-8bf1-226263d0a440@group-9826AF1559E2-LeaderElection264] INFO  impl.LeaderElection (LogUtils.java:infoOrTrace(149)) - f9cd2519-4472-482d-8bf1-226263d0a440@group-9826AF1559E2-LeaderElection264 got exception when requesting votes: {}
java.util.concurrent.ExecutionException: org.apache.ratis.thirdparty.io.grpc.StatusRuntimeException: UNAVAILABLE: io exception
	at java.util.concurrent.FutureTask.report(FutureTask.java:122)
	at java.util.concurrent.FutureTask.get(FutureTask.java:192)
	at org.apache.ratis.server.impl.LeaderElection.waitForResults(LeaderElection.java:259)
	at org.apache.ratis.server.impl.LeaderElection.askForVotes(LeaderElection.java:197)
	at org.apache.ratis.server.impl.LeaderElection.run(LeaderElection.java:133)
	at java.lang.Thread.run(Thread.java:748)
Caused by: org.apache.ratis.thirdparty.io.grpc.StatusRuntimeException: UNAVAILABLE: io exception
	at org.apache.ratis.thirdparty.io.grpc.stub.ClientCalls.toStatusRuntimeException(ClientCalls.java:233)
	at org.apache.ratis.thirdparty.io.grpc.stub.ClientCalls.getUnchecked(ClientCalls.java:214)
	at org.apache.ratis.thirdparty.io.grpc.stub.ClientCalls.blockingUnaryCall(ClientCalls.java:139)
	at org.apache.ratis.proto.grpc.RaftServerProtocolServiceGrpc$RaftServerProtocolServiceBlockingStub.requestVote(RaftServerProtocolServiceGrpc.java:265)
	at org.apache.ratis.grpc.server.GrpcServerProtocolClient.requestVote(GrpcServerProtocolClient.java:99)
	at org.apache.ratis.grpc.server.GrpcService.requestVote(GrpcService.java:204)
	at org.apache.ratis.server.impl.LeaderElection.lambda$submitRequests$1(LeaderElection.java:234)
	at java.util.concurrent.FutureTask.run(FutureTask.java:266)
	at java.util.concurrent.Executors$RunnableAdapter.call(Executors.java:511)
	at java.util.concurrent.FutureTask.run(FutureTask.java:266)
	at java.util.concurrent.ThreadPoolExecutor.runWorker(ThreadPoolExecutor.java:1149)
	at java.util.concurrent.ThreadPoolExecutor$Worker.run(ThreadPoolExecutor.java:624)
	... 1 more
Caused by: org.apache.ratis.thirdparty.io.netty.channel.AbstractChannel$AnnotatedConnectException: Connection refused: /192.168.164.233:42616
	at sun.nio.ch.SocketChannelImpl.checkConnect(Native Method)
	at sun.nio.ch.SocketChannelImpl.finishConnect(SocketChannelImpl.java:717)
	at org.apache.ratis.thirdparty.io.netty.channel.socket.nio.NioSocketChannel.doFinishConnect(NioSocketChannel.java:327)
	at org.apache.ratis.thirdparty.io.netty.channel.nio.AbstractNioChannel$AbstractNioUnsafe.finishConnect(AbstractNioChannel.java:340)
	at org.apache.ratis.thirdparty.io.netty.channel.nio.NioEventLoop.processSelectedKey(NioEventLoop.java:632)
	at org.apache.ratis.thirdparty.io.netty.channel.nio.NioEventLoop.processSelectedKeysOptimized(NioEventLoop.java:579)
	at org.apache.ratis.thirdparty.io.netty.channel.nio.NioEventLoop.processSelectedKeys(NioEventLoop.java:496)
	at org.apache.ratis.thirdparty.io.netty.channel.nio.NioEventLoop.run(NioEventLoop.java:458)
	at org.apache.ratis.thirdparty.io.netty.util.concurrent.SingleThreadEventExecutor$5.run(SingleThreadEventExecutor.java:897)
	at org.apache.ratis.thirdparty.io.netty.util.concurrent.FastThreadLocalRunnable.run(FastThreadLocalRunnable.java:30)
	... 1 more
Caused by: java.net.ConnectException: Connection refused
	... 11 more
2019-10-18 14:30:52,556 [f9cd2519-4472-482d-8bf1-226263d0a440@group-9826AF1559E2-LeaderElection264] INFO  impl.LeaderElection (LogUtils.java:infoOrTrace(149)) - f9cd2519-4472-482d-8bf1-226263d0a440@group-9826AF1559E2-LeaderElection264 got exception when requesting votes: {}
java.util.concurrent.ExecutionException: org.apache.ratis.thirdparty.io.grpc.StatusRuntimeException: UNAVAILABLE: io exception
	at java.util.concurrent.FutureTask.report(FutureTask.java:122)
	at java.util.concurrent.FutureTask.get(FutureTask.java:192)
	at org.apache.ratis.server.impl.LeaderElection.waitForResults(LeaderElection.java:259)
	at org.apache.ratis.server.impl.LeaderElection.askForVotes(LeaderElection.java:197)
	at org.apache.ratis.server.impl.LeaderElection.run(LeaderElection.java:133)
	at java.lang.Thread.run(Thread.java:748)
Caused by: org.apache.ratis.thirdparty.io.grpc.StatusRuntimeException: UNAVAILABLE: io exception
	at org.apache.ratis.thirdparty.io.grpc.stub.ClientCalls.toStatusRuntimeException(ClientCalls.java:233)
	at org.apache.ratis.thirdparty.io.grpc.stub.ClientCalls.getUnchecked(ClientCalls.java:214)
	at org.apache.ratis.thirdparty.io.grpc.stub.ClientCalls.blockingUnaryCall(ClientCalls.java:139)
	at org.apache.ratis.proto.grpc.RaftServerProtocolServiceGrpc$RaftServerProtocolServiceBlockingStub.requestVote(RaftServerProtocolServiceGrpc.java:265)
	at org.apache.ratis.grpc.server.GrpcServerProtocolClient.requestVote(GrpcServerProtocolClient.java:99)
	at org.apache.ratis.grpc.server.GrpcService.requestVote(GrpcService.java:204)
	at org.apache.ratis.server.impl.LeaderElection.lambda$submitRequests$1(LeaderElection.java:234)
	at java.util.concurrent.FutureTask.run(FutureTask.java:266)
	at java.util.concurrent.Executors$RunnableAdapter.call(Executors.java:511)
	at java.util.concurrent.FutureTask.run(FutureTask.java:266)
	at java.util.concurrent.ThreadPoolExecutor.runWorker(ThreadPoolExecutor.java:1149)
	at java.util.concurrent.ThreadPoolExecutor$Worker.run(ThreadPoolExecutor.java:624)
	... 1 more
Caused by: org.apache.ratis.thirdparty.io.netty.channel.AbstractChannel$AnnotatedConnectException: Connection refused: /192.168.164.233:34691
	at sun.nio.ch.SocketChannelImpl.checkConnect(Native Method)
	at sun.nio.ch.SocketChannelImpl.finishConnect(SocketChannelImpl.java:717)
	at org.apache.ratis.thirdparty.io.netty.channel.socket.nio.NioSocketChannel.doFinishConnect(NioSocketChannel.java:327)
	at org.apache.ratis.thirdparty.io.netty.channel.nio.AbstractNioChannel$AbstractNioUnsafe.finishConnect(AbstractNioChannel.java:340)
	at org.apache.ratis.thirdparty.io.netty.channel.nio.NioEventLoop.processSelectedKey(NioEventLoop.java:632)
	at org.apache.ratis.thirdparty.io.netty.channel.nio.NioEventLoop.processSelectedKeysOptimized(NioEventLoop.java:579)
	at org.apache.ratis.thirdparty.io.netty.channel.nio.NioEventLoop.processSelectedKeys(NioEventLoop.java:496)
	at org.apache.ratis.thirdparty.io.netty.channel.nio.NioEventLoop.run(NioEventLoop.java:458)
	at org.apache.ratis.thirdparty.io.netty.util.concurrent.SingleThreadEventExecutor$5.run(SingleThreadEventExecutor.java:897)
	at org.apache.ratis.thirdparty.io.netty.util.concurrent.FastThreadLocalRunnable.run(FastThreadLocalRunnable.java:30)
	... 1 more
Caused by: java.net.ConnectException: Connection refused
	... 11 more
2019-10-18 14:30:52,556 [f9cd2519-4472-482d-8bf1-226263d0a440@group-9826AF1559E2-LeaderElection264] INFO  impl.LeaderElection (LeaderElection.java:logAndReturn(56)) - f9cd2519-4472-482d-8bf1-226263d0a440@group-9826AF1559E2-LeaderElection264: Election REJECTED; received 0 response(s) [] and 2 exception(s); f9cd2519-4472-482d-8bf1-226263d0a440@group-9826AF1559E2:t4, leader=null, voted=f9cd2519-4472-482d-8bf1-226263d0a440, raftlog=f9cd2519-4472-482d-8bf1-226263d0a440@group-9826AF1559E2-SegmentedRaftLog:OPENED:c17,f17,i17, conf=16: [f9cd2519-4472-482d-8bf1-226263d0a440:192.168.164.233:35693, 04371d53-951f-40a0-9bd2-eaa7c72eca17:192.168.164.233:42616, 9a797c4a-b775-4cca-8778-469ce6187395:192.168.164.233:34691], old=null
2019-10-18 14:30:52,556 [f9cd2519-4472-482d-8bf1-226263d0a440@group-9826AF1559E2-LeaderElection264] INFO  impl.LeaderElection (LogUtils.java:infoOrTrace(149)) -   Exception 0: {}
java.util.concurrent.ExecutionException: org.apache.ratis.thirdparty.io.grpc.StatusRuntimeException: UNAVAILABLE: io exception
	at java.util.concurrent.FutureTask.report(FutureTask.java:122)
	at java.util.concurrent.FutureTask.get(FutureTask.java:192)
	at org.apache.ratis.server.impl.LeaderElection.waitForResults(LeaderElection.java:259)
	at org.apache.ratis.server.impl.LeaderElection.askForVotes(LeaderElection.java:197)
	at org.apache.ratis.server.impl.LeaderElection.run(LeaderElection.java:133)
	at java.lang.Thread.run(Thread.java:748)
Caused by: org.apache.ratis.thirdparty.io.grpc.StatusRuntimeException: UNAVAILABLE: io exception
	at org.apache.ratis.thirdparty.io.grpc.stub.ClientCalls.toStatusRuntimeException(ClientCalls.java:233)
	at org.apache.ratis.thirdparty.io.grpc.stub.ClientCalls.getUnchecked(ClientCalls.java:214)
	at org.apache.ratis.thirdparty.io.grpc.stub.ClientCalls.blockingUnaryCall(ClientCalls.java:139)
	at org.apache.ratis.proto.grpc.RaftServerProtocolServiceGrpc$RaftServerProtocolServiceBlockingStub.requestVote(RaftServerProtocolServiceGrpc.java:265)
	at org.apache.ratis.grpc.server.GrpcServerProtocolClient.requestVote(GrpcServerProtocolClient.java:99)
	at org.apache.ratis.grpc.server.GrpcService.requestVote(GrpcService.java:204)
	at org.apache.ratis.server.impl.LeaderElection.lambda$submitRequests$1(LeaderElection.java:234)
	at java.util.concurrent.FutureTask.run(FutureTask.java:266)
	at java.util.concurrent.Executors$RunnableAdapter.call(Executors.java:511)
	at java.util.concurrent.FutureTask.run(FutureTask.java:266)
	at java.util.concurrent.ThreadPoolExecutor.runWorker(ThreadPoolExecutor.java:1149)
	at java.util.concurrent.ThreadPoolExecutor$Worker.run(ThreadPoolExecutor.java:624)
	... 1 more
Caused by: org.apache.ratis.thirdparty.io.netty.channel.AbstractChannel$AnnotatedConnectException: Connection refused: /192.168.164.233:42616
	at sun.nio.ch.SocketChannelImpl.checkConnect(Native Method)
	at sun.nio.ch.SocketChannelImpl.finishConnect(SocketChannelImpl.java:717)
	at org.apache.ratis.thirdparty.io.netty.channel.socket.nio.NioSocketChannel.doFinishConnect(NioSocketChannel.java:327)
	at org.apache.ratis.thirdparty.io.netty.channel.nio.AbstractNioChannel$AbstractNioUnsafe.finishConnect(AbstractNioChannel.java:340)
	at org.apache.ratis.thirdparty.io.netty.channel.nio.NioEventLoop.processSelectedKey(NioEventLoop.java:632)
	at org.apache.ratis.thirdparty.io.netty.channel.nio.NioEventLoop.processSelectedKeysOptimized(NioEventLoop.java:579)
	at org.apache.ratis.thirdparty.io.netty.channel.nio.NioEventLoop.processSelectedKeys(NioEventLoop.java:496)
	at org.apache.ratis.thirdparty.io.netty.channel.nio.NioEventLoop.run(NioEventLoop.java:458)
	at org.apache.ratis.thirdparty.io.netty.util.concurrent.SingleThreadEventExecutor$5.run(SingleThreadEventExecutor.java:897)
	at org.apache.ratis.thirdparty.io.netty.util.concurrent.FastThreadLocalRunnable.run(FastThreadLocalRunnable.java:30)
	... 1 more
Caused by: java.net.ConnectException: Connection refused
	... 11 more
2019-10-18 14:30:52,556 [f9cd2519-4472-482d-8bf1-226263d0a440@group-9826AF1559E2-LeaderElection264] INFO  impl.LeaderElection (LogUtils.java:infoOrTrace(149)) -   Exception 1: {}
java.util.concurrent.ExecutionException: org.apache.ratis.thirdparty.io.grpc.StatusRuntimeException: UNAVAILABLE: io exception
	at java.util.concurrent.FutureTask.report(FutureTask.java:122)
	at java.util.concurrent.FutureTask.get(FutureTask.java:192)
	at org.apache.ratis.server.impl.LeaderElection.waitForResults(LeaderElection.java:259)
	at org.apache.ratis.server.impl.LeaderElection.askForVotes(LeaderElection.java:197)
	at org.apache.ratis.server.impl.LeaderElection.run(LeaderElection.java:133)
	at java.lang.Thread.run(Thread.java:748)
Caused by: org.apache.ratis.thirdparty.io.grpc.StatusRuntimeException: UNAVAILABLE: io exception
	at org.apache.ratis.thirdparty.io.grpc.stub.ClientCalls.toStatusRuntimeException(ClientCalls.java:233)
	at org.apache.ratis.thirdparty.io.grpc.stub.ClientCalls.getUnchecked(ClientCalls.java:214)
	at org.apache.ratis.thirdparty.io.grpc.stub.ClientCalls.blockingUnaryCall(ClientCalls.java:139)
	at org.apache.ratis.proto.grpc.RaftServerProtocolServiceGrpc$RaftServerProtocolServiceBlockingStub.requestVote(RaftServerProtocolServiceGrpc.java:265)
	at org.apache.ratis.grpc.server.GrpcServerProtocolClient.requestVote(GrpcServerProtocolClient.java:99)
	at org.apache.ratis.grpc.server.GrpcService.requestVote(GrpcService.java:204)
	at org.apache.ratis.server.impl.LeaderElection.lambda$submitRequests$1(LeaderElection.java:234)
	at java.util.concurrent.FutureTask.run(FutureTask.java:266)
	at java.util.concurrent.Executors$RunnableAdapter.call(Executors.java:511)
	at java.util.concurrent.FutureTask.run(FutureTask.java:266)
	at java.util.concurrent.ThreadPoolExecutor.runWorker(ThreadPoolExecutor.java:1149)
	at java.util.concurrent.ThreadPoolExecutor$Worker.run(ThreadPoolExecutor.java:624)
	... 1 more
Caused by: org.apache.ratis.thirdparty.io.netty.channel.AbstractChannel$AnnotatedConnectException: Connection refused: /192.168.164.233:34691
	at sun.nio.ch.SocketChannelImpl.checkConnect(Native Method)
	at sun.nio.ch.SocketChannelImpl.finishConnect(SocketChannelImpl.java:717)
	at org.apache.ratis.thirdparty.io.netty.channel.socket.nio.NioSocketChannel.doFinishConnect(NioSocketChannel.java:327)
	at org.apache.ratis.thirdparty.io.netty.channel.nio.AbstractNioChannel$AbstractNioUnsafe.finishConnect(AbstractNioChannel.java:340)
	at org.apache.ratis.thirdparty.io.netty.channel.nio.NioEventLoop.processSelectedKey(NioEventLoop.java:632)
	at org.apache.ratis.thirdparty.io.netty.channel.nio.NioEventLoop.processSelectedKeysOptimized(NioEventLoop.java:579)
	at org.apache.ratis.thirdparty.io.netty.channel.nio.NioEventLoop.processSelectedKeys(NioEventLoop.java:496)
	at org.apache.ratis.thirdparty.io.netty.channel.nio.NioEventLoop.run(NioEventLoop.java:458)
	at org.apache.ratis.thirdparty.io.netty.util.concurrent.SingleThreadEventExecutor$5.run(SingleThreadEventExecutor.java:897)
	at org.apache.ratis.thirdparty.io.netty.util.concurrent.FastThreadLocalRunnable.run(FastThreadLocalRunnable.java:30)
	... 1 more
Caused by: java.net.ConnectException: Connection refused
	... 11 more
2019-10-18 14:30:52,557 [f9cd2519-4472-482d-8bf1-226263d0a440@group-9826AF1559E2-LeaderElection264] INFO  impl.RaftServerImpl (RaftServerImpl.java:setRole(184)) - f9cd2519-4472-482d-8bf1-226263d0a440@group-9826AF1559E2: changes role from CANDIDATE to FOLLOWER at term 4 for DISCOVERED_A_NEW_TERM
2019-10-18 14:30:52,557 [f9cd2519-4472-482d-8bf1-226263d0a440@group-9826AF1559E2-LeaderElection264] INFO  impl.RoleInfo (RoleInfo.java:shutdownLeaderElection(134)) - f9cd2519-4472-482d-8bf1-226263d0a440: shutdown LeaderElection
2019-10-18 14:30:52,557 [f9cd2519-4472-482d-8bf1-226263d0a440@group-9826AF1559E2-LeaderElection264] INFO  impl.RoleInfo (RoleInfo.java:updateAndGet(143)) - f9cd2519-4472-482d-8bf1-226263d0a440: start FollowerState
2019-10-18 14:30:52,728 [java.util.concurrent.ThreadPoolExecutor$Worker@108d80c3[State = -1, empty queue]] WARN  server.GrpcLogAppender (GrpcLogAppender.java:timeoutAppendRequest(209)) - 46c14060-ea78-4b5a-b57c-064e4766b234@group-45DBFE4B8A65->55013cf6-f41f-4339-a52c-06c119893914-GrpcLogAppender: appendEntries Timeout, request=46c14060-ea78-4b5a-b57c-064e4766b234->55013cf6-f41f-4339-a52c-06c119893914#68-t3, previous=(t:3, i:4), leaderCommit=4, initializing? false, entries: <empty>
2019-10-18 14:30:52,728 [java.util.concurrent.ThreadPoolExecutor$Worker@4efed47c[State = -1, empty queue]] WARN  server.GrpcLogAppender (GrpcLogAppender.java:timeoutAppendRequest(209)) - 46c14060-ea78-4b5a-b57c-064e4766b234@group-45DBFE4B8A65->a4757974-e77e-4a1a-a400-c32fe273093a-GrpcLogAppender: appendEntries Timeout, request=46c14060-ea78-4b5a-b57c-064e4766b234->a4757974-e77e-4a1a-a400-c32fe273093a#68-t3, previous=(t:3, i:4), leaderCommit=4, initializing? false, entries: <empty>
2019-10-18 14:30:53,228 [java.util.concurrent.ThreadPoolExecutor$Worker@4efed47c[State = -1, empty queue]] WARN  server.GrpcLogAppender (GrpcLogAppender.java:timeoutAppendRequest(209)) - 46c14060-ea78-4b5a-b57c-064e4766b234@group-45DBFE4B8A65->a4757974-e77e-4a1a-a400-c32fe273093a-GrpcLogAppender: appendEntries Timeout, request=46c14060-ea78-4b5a-b57c-064e4766b234->a4757974-e77e-4a1a-a400-c32fe273093a#69-t3, previous=(t:3, i:4), leaderCommit=4, initializing? false, entries: <empty>
2019-10-18 14:30:53,228 [java.util.concurrent.ThreadPoolExecutor$Worker@108d80c3[State = -1, empty queue]] WARN  server.GrpcLogAppender (GrpcLogAppender.java:timeoutAppendRequest(209)) - 46c14060-ea78-4b5a-b57c-064e4766b234@group-45DBFE4B8A65->55013cf6-f41f-4339-a52c-06c119893914-GrpcLogAppender: appendEntries Timeout, request=46c14060-ea78-4b5a-b57c-064e4766b234->55013cf6-f41f-4339-a52c-06c119893914#69-t3, previous=(t:3, i:4), leaderCommit=4, initializing? false, entries: <empty>
2019-10-18 14:30:53,729 [java.util.concurrent.ThreadPoolExecutor$Worker@108d80c3[State = -1, empty queue]] WARN  server.GrpcLogAppender (GrpcLogAppender.java:timeoutAppendRequest(209)) - 46c14060-ea78-4b5a-b57c-064e4766b234@group-45DBFE4B8A65->55013cf6-f41f-4339-a52c-06c119893914-GrpcLogAppender: appendEntries Timeout, request=46c14060-ea78-4b5a-b57c-064e4766b234->55013cf6-f41f-4339-a52c-06c119893914#70-t3, previous=(t:3, i:4), leaderCommit=4, initializing? false, entries: <empty>
2019-10-18 14:30:53,729 [java.util.concurrent.ThreadPoolExecutor$Worker@4efed47c[State = -1, empty queue]] WARN  server.GrpcLogAppender (GrpcLogAppender.java:timeoutAppendRequest(209)) - 46c14060-ea78-4b5a-b57c-064e4766b234@group-45DBFE4B8A65->a4757974-e77e-4a1a-a400-c32fe273093a-GrpcLogAppender: appendEntries Timeout, request=46c14060-ea78-4b5a-b57c-064e4766b234->a4757974-e77e-4a1a-a400-c32fe273093a#70-t3, previous=(t:3, i:4), leaderCommit=4, initializing? false, entries: <empty>
2019-10-18 14:30:53,729 [Thread-2049] INFO  impl.FollowerState (FollowerState.java:run(108)) - f9cd2519-4472-482d-8bf1-226263d0a440@group-9826AF1559E2-FollowerState: change to CANDIDATE, lastRpcTime:1172ms, electionTimeout:1172ms
2019-10-18 14:30:53,730 [Thread-2049] INFO  impl.RoleInfo (RoleInfo.java:shutdownFollowerState(121)) - f9cd2519-4472-482d-8bf1-226263d0a440: shutdown FollowerState
2019-10-18 14:30:53,730 [Thread-2049] INFO  impl.RaftServerImpl (RaftServerImpl.java:setRole(184)) - f9cd2519-4472-482d-8bf1-226263d0a440@group-9826AF1559E2: changes role from  FOLLOWER to CANDIDATE at term 4 for changeToCandidate
2019-10-18 14:30:53,730 [Thread-2049] INFO  impl.RoleInfo (RoleInfo.java:updateAndGet(143)) - f9cd2519-4472-482d-8bf1-226263d0a440: start LeaderElection
2019-10-18 14:30:53,743 [f9cd2519-4472-482d-8bf1-226263d0a440@group-9826AF1559E2-LeaderElection265] INFO  impl.LeaderElection (LeaderElection.java:askForVotes(178)) - f9cd2519-4472-482d-8bf1-226263d0a440@group-9826AF1559E2-LeaderElection265: begin an election at term 5 for 16: [f9cd2519-4472-482d-8bf1-226263d0a440:192.168.164.233:35693, 04371d53-951f-40a0-9bd2-eaa7c72eca17:192.168.164.233:42616, 9a797c4a-b775-4cca-8778-469ce6187395:192.168.164.233:34691], old=null
2019-10-18 14:30:53,745 [f9cd2519-4472-482d-8bf1-226263d0a440@group-9826AF1559E2-LeaderElection265] INFO  impl.LeaderElection (LogUtils.java:infoOrTrace(149)) - f9cd2519-4472-482d-8bf1-226263d0a440@group-9826AF1559E2-LeaderElection265 got exception when requesting votes: {}
java.util.concurrent.ExecutionException: org.apache.ratis.thirdparty.io.grpc.StatusRuntimeException: UNAVAILABLE: io exception
	at java.util.concurrent.FutureTask.report(FutureTask.java:122)
	at java.util.concurrent.FutureTask.get(FutureTask.java:192)
	at org.apache.ratis.server.impl.LeaderElection.waitForResults(LeaderElection.java:259)
	at org.apache.ratis.server.impl.LeaderElection.askForVotes(LeaderElection.java:197)
	at org.apache.ratis.server.impl.LeaderElection.run(LeaderElection.java:133)
	at java.lang.Thread.run(Thread.java:748)
Caused by: org.apache.ratis.thirdparty.io.grpc.StatusRuntimeException: UNAVAILABLE: io exception
	at org.apache.ratis.thirdparty.io.grpc.stub.ClientCalls.toStatusRuntimeException(ClientCalls.java:233)
	at org.apache.ratis.thirdparty.io.grpc.stub.ClientCalls.getUnchecked(ClientCalls.java:214)
	at org.apache.ratis.thirdparty.io.grpc.stub.ClientCalls.blockingUnaryCall(ClientCalls.java:139)
	at org.apache.ratis.proto.grpc.RaftServerProtocolServiceGrpc$RaftServerProtocolServiceBlockingStub.requestVote(RaftServerProtocolServiceGrpc.java:265)
	at org.apache.ratis.grpc.server.GrpcServerProtocolClient.requestVote(GrpcServerProtocolClient.java:99)
	at org.apache.ratis.grpc.server.GrpcService.requestVote(GrpcService.java:204)
	at org.apache.ratis.server.impl.LeaderElection.lambda$submitRequests$1(LeaderElection.java:234)
	at java.util.concurrent.FutureTask.run(FutureTask.java:266)
	at java.util.concurrent.Executors$RunnableAdapter.call(Executors.java:511)
	at java.util.concurrent.FutureTask.run(FutureTask.java:266)
	at java.util.concurrent.ThreadPoolExecutor.runWorker(ThreadPoolExecutor.java:1149)
	at java.util.concurrent.ThreadPoolExecutor$Worker.run(ThreadPoolExecutor.java:624)
	... 1 more
Caused by: org.apache.ratis.thirdparty.io.netty.channel.AbstractChannel$AnnotatedConnectException: Connection refused: /192.168.164.233:42616
	at sun.nio.ch.SocketChannelImpl.checkConnect(Native Method)
	at sun.nio.ch.SocketChannelImpl.finishConnect(SocketChannelImpl.java:717)
	at org.apache.ratis.thirdparty.io.netty.channel.socket.nio.NioSocketChannel.doFinishConnect(NioSocketChannel.java:327)
	at org.apache.ratis.thirdparty.io.netty.channel.nio.AbstractNioChannel$AbstractNioUnsafe.finishConnect(AbstractNioChannel.java:340)
	at org.apache.ratis.thirdparty.io.netty.channel.nio.NioEventLoop.processSelectedKey(NioEventLoop.java:632)
	at org.apache.ratis.thirdparty.io.netty.channel.nio.NioEventLoop.processSelectedKeysOptimized(NioEventLoop.java:579)
	at org.apache.ratis.thirdparty.io.netty.channel.nio.NioEventLoop.processSelectedKeys(NioEventLoop.java:496)
	at org.apache.ratis.thirdparty.io.netty.channel.nio.NioEventLoop.run(NioEventLoop.java:458)
	at org.apache.ratis.thirdparty.io.netty.util.concurrent.SingleThreadEventExecutor$5.run(SingleThreadEventExecutor.java:897)
	at org.apache.ratis.thirdparty.io.netty.util.concurrent.FastThreadLocalRunnable.run(FastThreadLocalRunnable.java:30)
	... 1 more
Caused by: java.net.ConnectException: Connection refused
	... 11 more
2019-10-18 14:30:53,745 [f9cd2519-4472-482d-8bf1-226263d0a440@group-9826AF1559E2-LeaderElection265] INFO  impl.LeaderElection (LogUtils.java:infoOrTrace(149)) - f9cd2519-4472-482d-8bf1-226263d0a440@group-9826AF1559E2-LeaderElection265 got exception when requesting votes: {}
java.util.concurrent.ExecutionException: org.apache.ratis.thirdparty.io.grpc.StatusRuntimeException: UNAVAILABLE: io exception
	at java.util.concurrent.FutureTask.report(FutureTask.java:122)
	at java.util.concurrent.FutureTask.get(FutureTask.java:192)
	at org.apache.ratis.server.impl.LeaderElection.waitForResults(LeaderElection.java:259)
	at org.apache.ratis.server.impl.LeaderElection.askForVotes(LeaderElection.java:197)
	at org.apache.ratis.server.impl.LeaderElection.run(LeaderElection.java:133)
	at java.lang.Thread.run(Thread.java:748)
Caused by: org.apache.ratis.thirdparty.io.grpc.StatusRuntimeException: UNAVAILABLE: io exception
	at org.apache.ratis.thirdparty.io.grpc.stub.ClientCalls.toStatusRuntimeException(ClientCalls.java:233)
	at org.apache.ratis.thirdparty.io.grpc.stub.ClientCalls.getUnchecked(ClientCalls.java:214)
	at org.apache.ratis.thirdparty.io.grpc.stub.ClientCalls.blockingUnaryCall(ClientCalls.java:139)
	at org.apache.ratis.proto.grpc.RaftServerProtocolServiceGrpc$RaftServerProtocolServiceBlockingStub.requestVote(RaftServerProtocolServiceGrpc.java:265)
	at org.apache.ratis.grpc.server.GrpcServerProtocolClient.requestVote(GrpcServerProtocolClient.java:99)
	at org.apache.ratis.grpc.server.GrpcService.requestVote(GrpcService.java:204)
	at org.apache.ratis.server.impl.LeaderElection.lambda$submitRequests$1(LeaderElection.java:234)
	at java.util.concurrent.FutureTask.run(FutureTask.java:266)
	at java.util.concurrent.Executors$RunnableAdapter.call(Executors.java:511)
	at java.util.concurrent.FutureTask.run(FutureTask.java:266)
	at java.util.concurrent.ThreadPoolExecutor.runWorker(ThreadPoolExecutor.java:1149)
	at java.util.concurrent.ThreadPoolExecutor$Worker.run(ThreadPoolExecutor.java:624)
	... 1 more
Caused by: org.apache.ratis.thirdparty.io.netty.channel.AbstractChannel$AnnotatedConnectException: Connection refused: /192.168.164.233:34691
	at sun.nio.ch.SocketChannelImpl.checkConnect(Native Method)
	at sun.nio.ch.SocketChannelImpl.finishConnect(SocketChannelImpl.java:717)
	at org.apache.ratis.thirdparty.io.netty.channel.socket.nio.NioSocketChannel.doFinishConnect(NioSocketChannel.java:327)
	at org.apache.ratis.thirdparty.io.netty.channel.nio.AbstractNioChannel$AbstractNioUnsafe.finishConnect(AbstractNioChannel.java:340)
	at org.apache.ratis.thirdparty.io.netty.channel.nio.NioEventLoop.processSelectedKey(NioEventLoop.java:632)
	at org.apache.ratis.thirdparty.io.netty.channel.nio.NioEventLoop.processSelectedKeysOptimized(NioEventLoop.java:579)
	at org.apache.ratis.thirdparty.io.netty.channel.nio.NioEventLoop.processSelectedKeys(NioEventLoop.java:496)
	at org.apache.ratis.thirdparty.io.netty.channel.nio.NioEventLoop.run(NioEventLoop.java:458)
	at org.apache.ratis.thirdparty.io.netty.util.concurrent.SingleThreadEventExecutor$5.run(SingleThreadEventExecutor.java:897)
	at org.apache.ratis.thirdparty.io.netty.util.concurrent.FastThreadLocalRunnable.run(FastThreadLocalRunnable.java:30)
	... 1 more
Caused by: java.net.ConnectException: Connection refused
	... 11 more
2019-10-18 14:30:53,745 [f9cd2519-4472-482d-8bf1-226263d0a440@group-9826AF1559E2-LeaderElection265] INFO  impl.LeaderElection (LeaderElection.java:logAndReturn(56)) - f9cd2519-4472-482d-8bf1-226263d0a440@group-9826AF1559E2-LeaderElection265: Election REJECTED; received 0 response(s) [] and 2 exception(s); f9cd2519-4472-482d-8bf1-226263d0a440@group-9826AF1559E2:t5, leader=null, voted=f9cd2519-4472-482d-8bf1-226263d0a440, raftlog=f9cd2519-4472-482d-8bf1-226263d0a440@group-9826AF1559E2-SegmentedRaftLog:OPENED:c17,f17,i17, conf=16: [f9cd2519-4472-482d-8bf1-226263d0a440:192.168.164.233:35693, 04371d53-951f-40a0-9bd2-eaa7c72eca17:192.168.164.233:42616, 9a797c4a-b775-4cca-8778-469ce6187395:192.168.164.233:34691], old=null
2019-10-18 14:30:53,745 [f9cd2519-4472-482d-8bf1-226263d0a440@group-9826AF1559E2-LeaderElection265] INFO  impl.LeaderElection (LogUtils.java:infoOrTrace(149)) -   Exception 0: {}
java.util.concurrent.ExecutionException: org.apache.ratis.thirdparty.io.grpc.StatusRuntimeException: UNAVAILABLE: io exception
	at java.util.concurrent.FutureTask.report(FutureTask.java:122)
	at java.util.concurrent.FutureTask.get(FutureTask.java:192)
	at org.apache.ratis.server.impl.LeaderElection.waitForResults(LeaderElection.java:259)
	at org.apache.ratis.server.impl.LeaderElection.askForVotes(LeaderElection.java:197)
	at org.apache.ratis.server.impl.LeaderElection.run(LeaderElection.java:133)
	at java.lang.Thread.run(Thread.java:748)
Caused by: org.apache.ratis.thirdparty.io.grpc.StatusRuntimeException: UNAVAILABLE: io exception
	at org.apache.ratis.thirdparty.io.grpc.stub.ClientCalls.toStatusRuntimeException(ClientCalls.java:233)
	at org.apache.ratis.thirdparty.io.grpc.stub.ClientCalls.getUnchecked(ClientCalls.java:214)
	at org.apache.ratis.thirdparty.io.grpc.stub.ClientCalls.blockingUnaryCall(ClientCalls.java:139)
	at org.apache.ratis.proto.grpc.RaftServerProtocolServiceGrpc$RaftServerProtocolServiceBlockingStub.requestVote(RaftServerProtocolServiceGrpc.java:265)
	at org.apache.ratis.grpc.server.GrpcServerProtocolClient.requestVote(GrpcServerProtocolClient.java:99)
	at org.apache.ratis.grpc.server.GrpcService.requestVote(GrpcService.java:204)
	at org.apache.ratis.server.impl.LeaderElection.lambda$submitRequests$1(LeaderElection.java:234)
	at java.util.concurrent.FutureTask.run(FutureTask.java:266)
	at java.util.concurrent.Executors$RunnableAdapter.call(Executors.java:511)
	at java.util.concurrent.FutureTask.run(FutureTask.java:266)
	at java.util.concurrent.ThreadPoolExecutor.runWorker(ThreadPoolExecutor.java:1149)
	at java.util.concurrent.ThreadPoolExecutor$Worker.run(ThreadPoolExecutor.java:624)
	... 1 more
Caused by: org.apache.ratis.thirdparty.io.netty.channel.AbstractChannel$AnnotatedConnectException: Connection refused: /192.168.164.233:42616
	at sun.nio.ch.SocketChannelImpl.checkConnect(Native Method)
	at sun.nio.ch.SocketChannelImpl.finishConnect(SocketChannelImpl.java:717)
	at org.apache.ratis.thirdparty.io.netty.channel.socket.nio.NioSocketChannel.doFinishConnect(NioSocketChannel.java:327)
	at org.apache.ratis.thirdparty.io.netty.channel.nio.AbstractNioChannel$AbstractNioUnsafe.finishConnect(AbstractNioChannel.java:340)
	at org.apache.ratis.thirdparty.io.netty.channel.nio.NioEventLoop.processSelectedKey(NioEventLoop.java:632)
	at org.apache.ratis.thirdparty.io.netty.channel.nio.NioEventLoop.processSelectedKeysOptimized(NioEventLoop.java:579)
	at org.apache.ratis.thirdparty.io.netty.channel.nio.NioEventLoop.processSelectedKeys(NioEventLoop.java:496)
	at org.apache.ratis.thirdparty.io.netty.channel.nio.NioEventLoop.run(NioEventLoop.java:458)
	at org.apache.ratis.thirdparty.io.netty.util.concurrent.SingleThreadEventExecutor$5.run(SingleThreadEventExecutor.java:897)
	at org.apache.ratis.thirdparty.io.netty.util.concurrent.FastThreadLocalRunnable.run(FastThreadLocalRunnable.java:30)
	... 1 more
Caused by: java.net.ConnectException: Connection refused
	... 11 more
2019-10-18 14:30:53,745 [f9cd2519-4472-482d-8bf1-226263d0a440@group-9826AF1559E2-LeaderElection265] INFO  impl.LeaderElection (LogUtils.java:infoOrTrace(149)) -   Exception 1: {}
java.util.concurrent.ExecutionException: org.apache.ratis.thirdparty.io.grpc.StatusRuntimeException: UNAVAILABLE: io exception
	at java.util.concurrent.FutureTask.report(FutureTask.java:122)
	at java.util.concurrent.FutureTask.get(FutureTask.java:192)
	at org.apache.ratis.server.impl.LeaderElection.waitForResults(LeaderElection.java:259)
	at org.apache.ratis.server.impl.LeaderElection.askForVotes(LeaderElection.java:197)
	at org.apache.ratis.server.impl.LeaderElection.run(LeaderElection.java:133)
	at java.lang.Thread.run(Thread.java:748)
Caused by: org.apache.ratis.thirdparty.io.grpc.StatusRuntimeException: UNAVAILABLE: io exception
	at org.apache.ratis.thirdparty.io.grpc.stub.ClientCalls.toStatusRuntimeException(ClientCalls.java:233)
	at org.apache.ratis.thirdparty.io.grpc.stub.ClientCalls.getUnchecked(ClientCalls.java:214)
	at org.apache.ratis.thirdparty.io.grpc.stub.ClientCalls.blockingUnaryCall(ClientCalls.java:139)
	at org.apache.ratis.proto.grpc.RaftServerProtocolServiceGrpc$RaftServerProtocolServiceBlockingStub.requestVote(RaftServerProtocolServiceGrpc.java:265)
	at org.apache.ratis.grpc.server.GrpcServerProtocolClient.requestVote(GrpcServerProtocolClient.java:99)
	at org.apache.ratis.grpc.server.GrpcService.requestVote(GrpcService.java:204)
	at org.apache.ratis.server.impl.LeaderElection.lambda$submitRequests$1(LeaderElection.java:234)
	at java.util.concurrent.FutureTask.run(FutureTask.java:266)
	at java.util.concurrent.Executors$RunnableAdapter.call(Executors.java:511)
	at java.util.concurrent.FutureTask.run(FutureTask.java:266)
	at java.util.concurrent.ThreadPoolExecutor.runWorker(ThreadPoolExecutor.java:1149)
	at java.util.concurrent.ThreadPoolExecutor$Worker.run(ThreadPoolExecutor.java:624)
	... 1 more
Caused by: org.apache.ratis.thirdparty.io.netty.channel.AbstractChannel$AnnotatedConnectException: Connection refused: /192.168.164.233:34691
	at sun.nio.ch.SocketChannelImpl.checkConnect(Native Method)
	at sun.nio.ch.SocketChannelImpl.finishConnect(SocketChannelImpl.java:717)
	at org.apache.ratis.thirdparty.io.netty.channel.socket.nio.NioSocketChannel.doFinishConnect(NioSocketChannel.java:327)
	at org.apache.ratis.thirdparty.io.netty.channel.nio.AbstractNioChannel$AbstractNioUnsafe.finishConnect(AbstractNioChannel.java:340)
	at org.apache.ratis.thirdparty.io.netty.channel.nio.NioEventLoop.processSelectedKey(NioEventLoop.java:632)
	at org.apache.ratis.thirdparty.io.netty.channel.nio.NioEventLoop.processSelectedKeysOptimized(NioEventLoop.java:579)
	at org.apache.ratis.thirdparty.io.netty.channel.nio.NioEventLoop.processSelectedKeys(NioEventLoop.java:496)
	at org.apache.ratis.thirdparty.io.netty.channel.nio.NioEventLoop.run(NioEventLoop.java:458)
	at org.apache.ratis.thirdparty.io.netty.util.concurrent.SingleThreadEventExecutor$5.run(SingleThreadEventExecutor.java:897)
	at org.apache.ratis.thirdparty.io.netty.util.concurrent.FastThreadLocalRunnable.run(FastThreadLocalRunnable.java:30)
	... 1 more
Caused by: java.net.ConnectException: Connection refused
	... 11 more
2019-10-18 14:30:53,746 [f9cd2519-4472-482d-8bf1-226263d0a440@group-9826AF1559E2-LeaderElection265] INFO  impl.RaftServerImpl (RaftServerImpl.java:setRole(184)) - f9cd2519-4472-482d-8bf1-226263d0a440@group-9826AF1559E2: changes role from CANDIDATE to FOLLOWER at term 5 for DISCOVERED_A_NEW_TERM
2019-10-18 14:30:53,746 [f9cd2519-4472-482d-8bf1-226263d0a440@group-9826AF1559E2-LeaderElection265] INFO  impl.RoleInfo (RoleInfo.java:shutdownLeaderElection(134)) - f9cd2519-4472-482d-8bf1-226263d0a440: shutdown LeaderElection
2019-10-18 14:30:53,746 [f9cd2519-4472-482d-8bf1-226263d0a440@group-9826AF1559E2-LeaderElection265] INFO  impl.RoleInfo (RoleInfo.java:updateAndGet(143)) - f9cd2519-4472-482d-8bf1-226263d0a440: start FollowerState
2019-10-18 14:30:54,229 [java.util.concurrent.ThreadPoolExecutor$Worker@4efed47c[State = -1, empty queue]] WARN  server.GrpcLogAppender (GrpcLogAppender.java:timeoutAppendRequest(209)) - 46c14060-ea78-4b5a-b57c-064e4766b234@group-45DBFE4B8A65->a4757974-e77e-4a1a-a400-c32fe273093a-GrpcLogAppender: appendEntries Timeout, request=46c14060-ea78-4b5a-b57c-064e4766b234->a4757974-e77e-4a1a-a400-c32fe273093a#71-t3, previous=(t:3, i:4), leaderCommit=4, initializing? false, entries: <empty>
2019-10-18 14:30:54,229 [java.util.concurrent.ThreadPoolExecutor$Worker@108d80c3[State = -1, empty queue]] WARN  server.GrpcLogAppender (GrpcLogAppender.java:timeoutAppendRequest(209)) - 46c14060-ea78-4b5a-b57c-064e4766b234@group-45DBFE4B8A65->55013cf6-f41f-4339-a52c-06c119893914-GrpcLogAppender: appendEntries Timeout, request=46c14060-ea78-4b5a-b57c-064e4766b234->55013cf6-f41f-4339-a52c-06c119893914#71-t3, previous=(t:3, i:4), leaderCommit=4, initializing? false, entries: <empty>
2019-10-18 14:30:54,729 [java.util.concurrent.ThreadPoolExecutor$Worker@4efed47c[State = -1, empty queue]] WARN  server.GrpcLogAppender (GrpcLogAppender.java:timeoutAppendRequest(209)) - 46c14060-ea78-4b5a-b57c-064e4766b234@group-45DBFE4B8A65->a4757974-e77e-4a1a-a400-c32fe273093a-GrpcLogAppender: appendEntries Timeout, request=46c14060-ea78-4b5a-b57c-064e4766b234->a4757974-e77e-4a1a-a400-c32fe273093a#72-t3, previous=(t:3, i:4), leaderCommit=4, initializing? false, entries: <empty>
2019-10-18 14:30:54,729 [java.util.concurrent.ThreadPoolExecutor$Worker@108d80c3[State = -1, empty queue]] WARN  server.GrpcLogAppender (GrpcLogAppender.java:timeoutAppendRequest(209)) - 46c14060-ea78-4b5a-b57c-064e4766b234@group-45DBFE4B8A65->55013cf6-f41f-4339-a52c-06c119893914-GrpcLogAppender: appendEntries Timeout, request=46c14060-ea78-4b5a-b57c-064e4766b234->55013cf6-f41f-4339-a52c-06c119893914#72-t3, previous=(t:3, i:4), leaderCommit=4, initializing? false, entries: <empty>
2019-10-18 14:30:54,840 [Thread-2053] INFO  impl.FollowerState (FollowerState.java:run(108)) - f9cd2519-4472-482d-8bf1-226263d0a440@group-9826AF1559E2-FollowerState: change to CANDIDATE, lastRpcTime:1094ms, electionTimeout:1094ms
2019-10-18 14:30:54,840 [Thread-2053] INFO  impl.RoleInfo (RoleInfo.java:shutdownFollowerState(121)) - f9cd2519-4472-482d-8bf1-226263d0a440: shutdown FollowerState
2019-10-18 14:30:54,841 [Thread-2053] INFO  impl.RaftServerImpl (RaftServerImpl.java:setRole(184)) - f9cd2519-4472-482d-8bf1-226263d0a440@group-9826AF1559E2: changes role from  FOLLOWER to CANDIDATE at term 5 for changeToCandidate
2019-10-18 14:30:54,841 [Thread-2053] INFO  impl.RoleInfo (RoleInfo.java:updateAndGet(143)) - f9cd2519-4472-482d-8bf1-226263d0a440: start LeaderElection
2019-10-18 14:30:54,845 [f9cd2519-4472-482d-8bf1-226263d0a440@group-9826AF1559E2-LeaderElection266] INFO  impl.LeaderElection (LeaderElection.java:askForVotes(178)) - f9cd2519-4472-482d-8bf1-226263d0a440@group-9826AF1559E2-LeaderElection266: begin an election at term 6 for 16: [f9cd2519-4472-482d-8bf1-226263d0a440:192.168.164.233:35693, 04371d53-951f-40a0-9bd2-eaa7c72eca17:192.168.164.233:42616, 9a797c4a-b775-4cca-8778-469ce6187395:192.168.164.233:34691], old=null
2019-10-18 14:30:54,847 [f9cd2519-4472-482d-8bf1-226263d0a440@group-9826AF1559E2-LeaderElection266] INFO  impl.LeaderElection (LogUtils.java:infoOrTrace(149)) - f9cd2519-4472-482d-8bf1-226263d0a440@group-9826AF1559E2-LeaderElection266 got exception when requesting votes: {}
java.util.concurrent.ExecutionException: org.apache.ratis.thirdparty.io.grpc.StatusRuntimeException: UNAVAILABLE: io exception
	at java.util.concurrent.FutureTask.report(FutureTask.java:122)
	at java.util.concurrent.FutureTask.get(FutureTask.java:192)
	at org.apache.ratis.server.impl.LeaderElection.waitForResults(LeaderElection.java:259)
	at org.apache.ratis.server.impl.LeaderElection.askForVotes(LeaderElection.java:197)
	at org.apache.ratis.server.impl.LeaderElection.run(LeaderElection.java:133)
	at java.lang.Thread.run(Thread.java:748)
Caused by: org.apache.ratis.thirdparty.io.grpc.StatusRuntimeException: UNAVAILABLE: io exception
	at org.apache.ratis.thirdparty.io.grpc.stub.ClientCalls.toStatusRuntimeException(ClientCalls.java:233)
	at org.apache.ratis.thirdparty.io.grpc.stub.ClientCalls.getUnchecked(ClientCalls.java:214)
	at org.apache.ratis.thirdparty.io.grpc.stub.ClientCalls.blockingUnaryCall(ClientCalls.java:139)
	at org.apache.ratis.proto.grpc.RaftServerProtocolServiceGrpc$RaftServerProtocolServiceBlockingStub.requestVote(RaftServerProtocolServiceGrpc.java:265)
	at org.apache.ratis.grpc.server.GrpcServerProtocolClient.requestVote(GrpcServerProtocolClient.java:99)
	at org.apache.ratis.grpc.server.GrpcService.requestVote(GrpcService.java:204)
	at org.apache.ratis.server.impl.LeaderElection.lambda$submitRequests$1(LeaderElection.java:234)
	at java.util.concurrent.FutureTask.run(FutureTask.java:266)
	at java.util.concurrent.Executors$RunnableAdapter.call(Executors.java:511)
	at java.util.concurrent.FutureTask.run(FutureTask.java:266)
	at java.util.concurrent.ThreadPoolExecutor.runWorker(ThreadPoolExecutor.java:1149)
	at java.util.concurrent.ThreadPoolExecutor$Worker.run(ThreadPoolExecutor.java:624)
	... 1 more
Caused by: org.apache.ratis.thirdparty.io.netty.channel.AbstractChannel$AnnotatedConnectException: Connection refused: /192.168.164.233:34691
	at sun.nio.ch.SocketChannelImpl.checkConnect(Native Method)
	at sun.nio.ch.SocketChannelImpl.finishConnect(SocketChannelImpl.java:717)
	at org.apache.ratis.thirdparty.io.netty.channel.socket.nio.NioSocketChannel.doFinishConnect(NioSocketChannel.java:327)
	at org.apache.ratis.thirdparty.io.netty.channel.nio.AbstractNioChannel$AbstractNioUnsafe.finishConnect(AbstractNioChannel.java:340)
	at org.apache.ratis.thirdparty.io.netty.channel.nio.NioEventLoop.processSelectedKey(NioEventLoop.java:632)
	at org.apache.ratis.thirdparty.io.netty.channel.nio.NioEventLoop.processSelectedKeysOptimized(NioEventLoop.java:579)
	at org.apache.ratis.thirdparty.io.netty.channel.nio.NioEventLoop.processSelectedKeys(NioEventLoop.java:496)
	at org.apache.ratis.thirdparty.io.netty.channel.nio.NioEventLoop.run(NioEventLoop.java:458)
	at org.apache.ratis.thirdparty.io.netty.util.concurrent.SingleThreadEventExecutor$5.run(SingleThreadEventExecutor.java:897)
	at org.apache.ratis.thirdparty.io.netty.util.concurrent.FastThreadLocalRunnable.run(FastThreadLocalRunnable.java:30)
	... 1 more
Caused by: java.net.ConnectException: Connection refused
	... 11 more
2019-10-18 14:30:54,848 [f9cd2519-4472-482d-8bf1-226263d0a440@group-9826AF1559E2-LeaderElection266] INFO  impl.LeaderElection (LogUtils.java:infoOrTrace(149)) - f9cd2519-4472-482d-8bf1-226263d0a440@group-9826AF1559E2-LeaderElection266 got exception when requesting votes: {}
java.util.concurrent.ExecutionException: org.apache.ratis.thirdparty.io.grpc.StatusRuntimeException: UNAVAILABLE: io exception
	at java.util.concurrent.FutureTask.report(FutureTask.java:122)
	at java.util.concurrent.FutureTask.get(FutureTask.java:192)
	at org.apache.ratis.server.impl.LeaderElection.waitForResults(LeaderElection.java:259)
	at org.apache.ratis.server.impl.LeaderElection.askForVotes(LeaderElection.java:197)
	at org.apache.ratis.server.impl.LeaderElection.run(LeaderElection.java:133)
	at java.lang.Thread.run(Thread.java:748)
Caused by: org.apache.ratis.thirdparty.io.grpc.StatusRuntimeException: UNAVAILABLE: io exception
	at org.apache.ratis.thirdparty.io.grpc.stub.ClientCalls.toStatusRuntimeException(ClientCalls.java:233)
	at org.apache.ratis.thirdparty.io.grpc.stub.ClientCalls.getUnchecked(ClientCalls.java:214)
	at org.apache.ratis.thirdparty.io.grpc.stub.ClientCalls.blockingUnaryCall(ClientCalls.java:139)
	at org.apache.ratis.proto.grpc.RaftServerProtocolServiceGrpc$RaftServerProtocolServiceBlockingStub.requestVote(RaftServerProtocolServiceGrpc.java:265)
	at org.apache.ratis.grpc.server.GrpcServerProtocolClient.requestVote(GrpcServerProtocolClient.java:99)
	at org.apache.ratis.grpc.server.GrpcService.requestVote(GrpcService.java:204)
	at org.apache.ratis.server.impl.LeaderElection.lambda$submitRequests$1(LeaderElection.java:234)
	at java.util.concurrent.FutureTask.run(FutureTask.java:266)
	at java.util.concurrent.Executors$RunnableAdapter.call(Executors.java:511)
	at java.util.concurrent.FutureTask.run(FutureTask.java:266)
	at java.util.concurrent.ThreadPoolExecutor.runWorker(ThreadPoolExecutor.java:1149)
	at java.util.concurrent.ThreadPoolExecutor$Worker.run(ThreadPoolExecutor.java:624)
	... 1 more
Caused by: org.apache.ratis.thirdparty.io.netty.channel.AbstractChannel$AnnotatedConnectException: Connection refused: /192.168.164.233:42616
	at sun.nio.ch.SocketChannelImpl.checkConnect(Native Method)
	at sun.nio.ch.SocketChannelImpl.finishConnect(SocketChannelImpl.java:717)
	at org.apache.ratis.thirdparty.io.netty.channel.socket.nio.NioSocketChannel.doFinishConnect(NioSocketChannel.java:327)
	at org.apache.ratis.thirdparty.io.netty.channel.nio.AbstractNioChannel$AbstractNioUnsafe.finishConnect(AbstractNioChannel.java:340)
	at org.apache.ratis.thirdparty.io.netty.channel.nio.NioEventLoop.processSelectedKey(NioEventLoop.java:632)
	at org.apache.ratis.thirdparty.io.netty.channel.nio.NioEventLoop.processSelectedKeysOptimized(NioEventLoop.java:579)
	at org.apache.ratis.thirdparty.io.netty.channel.nio.NioEventLoop.processSelectedKeys(NioEventLoop.java:496)
	at org.apache.ratis.thirdparty.io.netty.channel.nio.NioEventLoop.run(NioEventLoop.java:458)
	at org.apache.ratis.thirdparty.io.netty.util.concurrent.SingleThreadEventExecutor$5.run(SingleThreadEventExecutor.java:897)
	at org.apache.ratis.thirdparty.io.netty.util.concurrent.FastThreadLocalRunnable.run(FastThreadLocalRunnable.java:30)
	... 1 more
Caused by: java.net.ConnectException: Connection refused
	... 11 more
2019-10-18 14:30:54,848 [f9cd2519-4472-482d-8bf1-226263d0a440@group-9826AF1559E2-LeaderElection266] INFO  impl.LeaderElection (LeaderElection.java:logAndReturn(56)) - f9cd2519-4472-482d-8bf1-226263d0a440@group-9826AF1559E2-LeaderElection266: Election REJECTED; received 0 response(s) [] and 2 exception(s); f9cd2519-4472-482d-8bf1-226263d0a440@group-9826AF1559E2:t6, leader=null, voted=f9cd2519-4472-482d-8bf1-226263d0a440, raftlog=f9cd2519-4472-482d-8bf1-226263d0a440@group-9826AF1559E2-SegmentedRaftLog:OPENED:c17,f17,i17, conf=16: [f9cd2519-4472-482d-8bf1-226263d0a440:192.168.164.233:35693, 04371d53-951f-40a0-9bd2-eaa7c72eca17:192.168.164.233:42616, 9a797c4a-b775-4cca-8778-469ce6187395:192.168.164.233:34691], old=null
2019-10-18 14:30:54,849 [f9cd2519-4472-482d-8bf1-226263d0a440@group-9826AF1559E2-LeaderElection266] INFO  impl.LeaderElection (LogUtils.java:infoOrTrace(149)) -   Exception 0: {}
java.util.concurrent.ExecutionException: org.apache.ratis.thirdparty.io.grpc.StatusRuntimeException: UNAVAILABLE: io exception
	at java.util.concurrent.FutureTask.report(FutureTask.java:122)
	at java.util.concurrent.FutureTask.get(FutureTask.java:192)
	at org.apache.ratis.server.impl.LeaderElection.waitForResults(LeaderElection.java:259)
	at org.apache.ratis.server.impl.LeaderElection.askForVotes(LeaderElection.java:197)
	at org.apache.ratis.server.impl.LeaderElection.run(LeaderElection.java:133)
	at java.lang.Thread.run(Thread.java:748)
Caused by: org.apache.ratis.thirdparty.io.grpc.StatusRuntimeException: UNAVAILABLE: io exception
	at org.apache.ratis.thirdparty.io.grpc.stub.ClientCalls.toStatusRuntimeException(ClientCalls.java:233)
	at org.apache.ratis.thirdparty.io.grpc.stub.ClientCalls.getUnchecked(ClientCalls.java:214)
	at org.apache.ratis.thirdparty.io.grpc.stub.ClientCalls.blockingUnaryCall(ClientCalls.java:139)
	at org.apache.ratis.proto.grpc.RaftServerProtocolServiceGrpc$RaftServerProtocolServiceBlockingStub.requestVote(RaftServerProtocolServiceGrpc.java:265)
	at org.apache.ratis.grpc.server.GrpcServerProtocolClient.requestVote(GrpcServerProtocolClient.java:99)
	at org.apache.ratis.grpc.server.GrpcService.requestVote(GrpcService.java:204)
	at org.apache.ratis.server.impl.LeaderElection.lambda$submitRequests$1(LeaderElection.java:234)
	at java.util.concurrent.FutureTask.run(FutureTask.java:266)
	at java.util.concurrent.Executors$RunnableAdapter.call(Executors.java:511)
	at java.util.concurrent.FutureTask.run(FutureTask.java:266)
	at java.util.concurrent.ThreadPoolExecutor.runWorker(ThreadPoolExecutor.java:1149)
	at java.util.concurrent.ThreadPoolExecutor$Worker.run(ThreadPoolExecutor.java:624)
	... 1 more
Caused by: org.apache.ratis.thirdparty.io.netty.channel.AbstractChannel$AnnotatedConnectException: Connection refused: /192.168.164.233:34691
	at sun.nio.ch.SocketChannelImpl.checkConnect(Native Method)
	at sun.nio.ch.SocketChannelImpl.finishConnect(SocketChannelImpl.java:717)
	at org.apache.ratis.thirdparty.io.netty.channel.socket.nio.NioSocketChannel.doFinishConnect(NioSocketChannel.java:327)
	at org.apache.ratis.thirdparty.io.netty.channel.nio.AbstractNioChannel$AbstractNioUnsafe.finishConnect(AbstractNioChannel.java:340)
	at org.apache.ratis.thirdparty.io.netty.channel.nio.NioEventLoop.processSelectedKey(NioEventLoop.java:632)
	at org.apache.ratis.thirdparty.io.netty.channel.nio.NioEventLoop.processSelectedKeysOptimized(NioEventLoop.java:579)
	at org.apache.ratis.thirdparty.io.netty.channel.nio.NioEventLoop.processSelectedKeys(NioEventLoop.java:496)
	at org.apache.ratis.thirdparty.io.netty.channel.nio.NioEventLoop.run(NioEventLoop.java:458)
	at org.apache.ratis.thirdparty.io.netty.util.concurrent.SingleThreadEventExecutor$5.run(SingleThreadEventExecutor.java:897)
	at org.apache.ratis.thirdparty.io.netty.util.concurrent.FastThreadLocalRunnable.run(FastThreadLocalRunnable.java:30)
	... 1 more
Caused by: java.net.ConnectException: Connection refused
	... 11 more
2019-10-18 14:30:54,849 [f9cd2519-4472-482d-8bf1-226263d0a440@group-9826AF1559E2-LeaderElection266] INFO  impl.LeaderElection (LogUtils.java:infoOrTrace(149)) -   Exception 1: {}
java.util.concurrent.ExecutionException: org.apache.ratis.thirdparty.io.grpc.StatusRuntimeException: UNAVAILABLE: io exception
	at java.util.concurrent.FutureTask.report(FutureTask.java:122)
	at java.util.concurrent.FutureTask.get(FutureTask.java:192)
	at org.apache.ratis.server.impl.LeaderElection.waitForResults(LeaderElection.java:259)
	at org.apache.ratis.server.impl.LeaderElection.askForVotes(LeaderElection.java:197)
	at org.apache.ratis.server.impl.LeaderElection.run(LeaderElection.java:133)
	at java.lang.Thread.run(Thread.java:748)
Caused by: org.apache.ratis.thirdparty.io.grpc.StatusRuntimeException: UNAVAILABLE: io exception
	at org.apache.ratis.thirdparty.io.grpc.stub.ClientCalls.toStatusRuntimeException(ClientCalls.java:233)
	at org.apache.ratis.thirdparty.io.grpc.stub.ClientCalls.getUnchecked(ClientCalls.java:214)
	at org.apache.ratis.thirdparty.io.grpc.stub.ClientCalls.blockingUnaryCall(ClientCalls.java:139)
	at org.apache.ratis.proto.grpc.RaftServerProtocolServiceGrpc$RaftServerProtocolServiceBlockingStub.requestVote(RaftServerProtocolServiceGrpc.java:265)
	at org.apache.ratis.grpc.server.GrpcServerProtocolClient.requestVote(GrpcServerProtocolClient.java:99)
	at org.apache.ratis.grpc.server.GrpcService.requestVote(GrpcService.java:204)
	at org.apache.ratis.server.impl.LeaderElection.lambda$submitRequests$1(LeaderElection.java:234)
	at java.util.concurrent.FutureTask.run(FutureTask.java:266)
	at java.util.concurrent.Executors$RunnableAdapter.call(Executors.java:511)
	at java.util.concurrent.FutureTask.run(FutureTask.java:266)
	at java.util.concurrent.ThreadPoolExecutor.runWorker(ThreadPoolExecutor.java:1149)
	at java.util.concurrent.ThreadPoolExecutor$Worker.run(ThreadPoolExecutor.java:624)
	... 1 more
Caused by: org.apache.ratis.thirdparty.io.netty.channel.AbstractChannel$AnnotatedConnectException: Connection refused: /192.168.164.233:42616
	at sun.nio.ch.SocketChannelImpl.checkConnect(Native Method)
	at sun.nio.ch.SocketChannelImpl.finishConnect(SocketChannelImpl.java:717)
	at org.apache.ratis.thirdparty.io.netty.channel.socket.nio.NioSocketChannel.doFinishConnect(NioSocketChannel.java:327)
	at org.apache.ratis.thirdparty.io.netty.channel.nio.AbstractNioChannel$AbstractNioUnsafe.finishConnect(AbstractNioChannel.java:340)
	at org.apache.ratis.thirdparty.io.netty.channel.nio.NioEventLoop.processSelectedKey(NioEventLoop.java:632)
	at org.apache.ratis.thirdparty.io.netty.channel.nio.NioEventLoop.processSelectedKeysOptimized(NioEventLoop.java:579)
	at org.apache.ratis.thirdparty.io.netty.channel.nio.NioEventLoop.processSelectedKeys(NioEventLoop.java:496)
	at org.apache.ratis.thirdparty.io.netty.channel.nio.NioEventLoop.run(NioEventLoop.java:458)
	at org.apache.ratis.thirdparty.io.netty.util.concurrent.SingleThreadEventExecutor$5.run(SingleThreadEventExecutor.java:897)
	at org.apache.ratis.thirdparty.io.netty.util.concurrent.FastThreadLocalRunnable.run(FastThreadLocalRunnable.java:30)
	... 1 more
Caused by: java.net.ConnectException: Connection refused
	... 11 more
2019-10-18 14:30:54,849 [f9cd2519-4472-482d-8bf1-226263d0a440@group-9826AF1559E2-LeaderElection266] INFO  impl.RaftServerImpl (RaftServerImpl.java:setRole(184)) - f9cd2519-4472-482d-8bf1-226263d0a440@group-9826AF1559E2: changes role from CANDIDATE to FOLLOWER at term 6 for DISCOVERED_A_NEW_TERM
2019-10-18 14:30:54,849 [f9cd2519-4472-482d-8bf1-226263d0a440@group-9826AF1559E2-LeaderElection266] INFO  impl.RoleInfo (RoleInfo.java:shutdownLeaderElection(134)) - f9cd2519-4472-482d-8bf1-226263d0a440: shutdown LeaderElection
2019-10-18 14:30:54,849 [f9cd2519-4472-482d-8bf1-226263d0a440@group-9826AF1559E2-LeaderElection266] INFO  impl.RoleInfo (RoleInfo.java:updateAndGet(143)) - f9cd2519-4472-482d-8bf1-226263d0a440: start FollowerState
2019-10-18 14:30:54,951 [main] INFO  ozoneimpl.OzoneContainer (OzoneContainer.java:stop(227)) - Attempting to stop container services.
2019-10-18 14:30:54,951 [main] INFO  impl.RaftServerProxy (RaftServerProxy.java:lambda$close$4(314)) - 46c14060-ea78-4b5a-b57c-064e4766b234: close
2019-10-18 14:30:54,952 [main] INFO  impl.RaftServerImpl (RaftServerImpl.java:lambda$shutdown$3(261)) - 46c14060-ea78-4b5a-b57c-064e4766b234@group-3B89BDE57F2D: shutdown
2019-10-18 14:30:54,952 [main] INFO  util.JmxRegister (JmxRegister.java:unregister(73)) - Successfully un-registered JMX Bean with object name Ratis:service=RaftServer,group=group-3B89BDE57F2D,id=46c14060-ea78-4b5a-b57c-064e4766b234
2019-10-18 14:30:54,952 [main] INFO  impl.RoleInfo (RoleInfo.java:shutdownLeaderState(104)) - 46c14060-ea78-4b5a-b57c-064e4766b234: shutdown LeaderState
2019-10-18 14:30:54,953 [main] INFO  impl.PendingRequests (PendingRequests.java:sendNotLeaderResponses(202)) - 46c14060-ea78-4b5a-b57c-064e4766b234@group-3B89BDE57F2D-PendingRequests: sendNotLeaderResponses
2019-10-18 14:30:54,953 [main] INFO  impl.StateMachineUpdater (StateMachineUpdater.java:stopAndJoin(136)) - 46c14060-ea78-4b5a-b57c-064e4766b234@group-3B89BDE57F2D-StateMachineUpdater: set stopIndex = 0
2019-10-18 14:30:54,954 [main] INFO  impl.RaftServerImpl (ServerState.java:close(388)) - 46c14060-ea78-4b5a-b57c-064e4766b234@group-3B89BDE57F2D: closes. applyIndex: 0
2019-10-18 14:30:54,954 [46c14060-ea78-4b5a-b57c-064e4766b234@group-3B89BDE57F2D-SegmentedRaftLogWorker] INFO  segmented.SegmentedRaftLogWorker (SegmentedRaftLogWorker.java:run(316)) - 46c14060-ea78-4b5a-b57c-064e4766b234@group-3B89BDE57F2D-SegmentedRaftLogWorker was interrupted, exiting. There are 0 tasks remaining in the queue.
2019-10-18 14:30:54,955 [main] INFO  segmented.SegmentedRaftLogWorker (SegmentedRaftLogWorker.java:close(224)) - 46c14060-ea78-4b5a-b57c-064e4766b234@group-3B89BDE57F2D-SegmentedRaftLogWorker close()
2019-10-18 14:30:54,957 [main] INFO  impl.RaftServerImpl (RaftServerImpl.java:lambda$shutdown$3(261)) - 46c14060-ea78-4b5a-b57c-064e4766b234@group-45DBFE4B8A65: shutdown
2019-10-18 14:30:54,957 [main] INFO  util.JmxRegister (JmxRegister.java:unregister(73)) - Successfully un-registered JMX Bean with object name Ratis:service=RaftServer,group=group-45DBFE4B8A65,id=46c14060-ea78-4b5a-b57c-064e4766b234
2019-10-18 14:30:54,958 [main] INFO  impl.RoleInfo (RoleInfo.java:shutdownLeaderState(104)) - 46c14060-ea78-4b5a-b57c-064e4766b234: shutdown LeaderState
2019-10-18 14:30:54,959 [org.apache.ratis.server.impl.LogAppender$AppenderDaemon$$Lambda$438/1278926347@308d5a82] WARN  server.GrpcLogAppender (GrpcLogAppender.java:mayWait(149)) - 46c14060-ea78-4b5a-b57c-064e4766b234@group-45DBFE4B8A65->55013cf6-f41f-4339-a52c-06c119893914-GrpcLogAppender: Wait interrupted by java.lang.InterruptedException
2019-10-18 14:30:54,959 [org.apache.ratis.server.impl.LogAppender$AppenderDaemon$$Lambda$438/1278926347@1f7885a] WARN  server.GrpcLogAppender (GrpcLogAppender.java:mayWait(149)) - 46c14060-ea78-4b5a-b57c-064e4766b234@group-45DBFE4B8A65->a4757974-e77e-4a1a-a400-c32fe273093a-GrpcLogAppender: Wait interrupted by java.lang.InterruptedException
2019-10-18 14:30:54,959 [main] INFO  impl.PendingRequests (PendingRequests.java:sendNotLeaderResponses(202)) - 46c14060-ea78-4b5a-b57c-064e4766b234@group-45DBFE4B8A65-PendingRequests: sendNotLeaderResponses
2019-10-18 14:30:54,960 [main] INFO  impl.StateMachineUpdater (StateMachineUpdater.java:stopAndJoin(136)) - 46c14060-ea78-4b5a-b57c-064e4766b234@group-45DBFE4B8A65-StateMachineUpdater: set stopIndex = 4
2019-10-18 14:30:54,961 [46c14060-ea78-4b5a-b57c-064e4766b234@group-45DBFE4B8A65-StateMachineUpdater] INFO  ratis.ContainerStateMachine (ContainerStateMachine.java:takeSnapshot(294)) - group-45DBFE4B8A65: Taking a snapshot at:(t:3, i:4) file /workdir/hadoop-ozone/integration-test/target/test-dir/MiniOzoneClusterImpl-11a902be-dfbe-4759-94b9-65959d8d71e6/datanode-7/data/ratis/d4e1982b-9b6d-4ec0-8b58-45dbfe4b8a65/sm/snapshot.3_4
2019-10-18 14:30:54,966 [46c14060-ea78-4b5a-b57c-064e4766b234@group-45DBFE4B8A65-StateMachineUpdater] INFO  ratis.ContainerStateMachine (ContainerStateMachine.java:takeSnapshot(305)) - group-45DBFE4B8A65: Finished taking a snapshot at:(t:3, i:4) file:/workdir/hadoop-ozone/integration-test/target/test-dir/MiniOzoneClusterImpl-11a902be-dfbe-4759-94b9-65959d8d71e6/datanode-7/data/ratis/d4e1982b-9b6d-4ec0-8b58-45dbfe4b8a65/sm/snapshot.3_4 time:5
2019-10-18 14:30:54,966 [46c14060-ea78-4b5a-b57c-064e4766b234@group-45DBFE4B8A65-StateMachineUpdater] INFO  impl.StateMachineUpdater (StateMachineUpdater.java:takeSnapshot(269)) - 46c14060-ea78-4b5a-b57c-064e4766b234@group-45DBFE4B8A65-StateMachineUpdater: Took a snapshot at index 4
2019-10-18 14:30:54,966 [46c14060-ea78-4b5a-b57c-064e4766b234@group-45DBFE4B8A65-StateMachineUpdater] INFO  impl.StateMachineUpdater (StateMachineUpdater.java:lambda$new$0(84)) - 46c14060-ea78-4b5a-b57c-064e4766b234@group-45DBFE4B8A65-StateMachineUpdater: snapshotIndex: updateIncreasingly -1 -> 4
2019-10-18 14:30:54,966 [main] INFO  impl.RaftServerImpl (ServerState.java:close(388)) - 46c14060-ea78-4b5a-b57c-064e4766b234@group-45DBFE4B8A65: closes. applyIndex: 4
2019-10-18 14:30:54,967 [46c14060-ea78-4b5a-b57c-064e4766b234@group-45DBFE4B8A65-SegmentedRaftLogWorker] INFO  segmented.SegmentedRaftLogWorker (SegmentedRaftLogWorker.java:run(316)) - 46c14060-ea78-4b5a-b57c-064e4766b234@group-45DBFE4B8A65-SegmentedRaftLogWorker was interrupted, exiting. There are 0 tasks remaining in the queue.
2019-10-18 14:30:54,967 [main] INFO  segmented.SegmentedRaftLogWorker (SegmentedRaftLogWorker.java:close(224)) - 46c14060-ea78-4b5a-b57c-064e4766b234@group-45DBFE4B8A65-SegmentedRaftLogWorker close()
2019-10-18 14:30:54,968 [main] INFO  server.GrpcService (GrpcService.java:closeImpl(164)) - 46c14060-ea78-4b5a-b57c-064e4766b234: shutdown server with port 36167 now
2019-10-18 14:30:54,970 [main] INFO  server.GrpcService (GrpcService.java:closeImpl(172)) - 46c14060-ea78-4b5a-b57c-064e4766b234: shutdown server with port 36167 successfully
2019-10-18 14:30:54,972 [refreshUsed-/workdir/hadoop-ozone/integration-test/target/test-dir/MiniOzoneClusterImpl-11a902be-dfbe-4759-94b9-65959d8d71e6/datanode-7/data/containers] WARN  fs.CachingGetSpaceUsed (CachingGetSpaceUsed.java:run(183)) - Thread Interrupted waiting to refresh disk information: sleep interrupted
2019-10-18 14:30:54,996 [main] INFO  utils.BackgroundService (BackgroundService.java:shutdown(151)) - Shutting down service BlockDeletingService
2019-10-18 14:30:54,998 [main] INFO  statemachine.DatanodeStateMachine (DatanodeStateMachine.java:stopDaemon(395)) - Ozone container server stopped.
2019-10-18 14:30:55,000 [main] INFO  handler.ContextHandler (ContextHandler.java:doStop(910)) - Stopped o.e.j.w.WebAppContext@64d4f7c7{/,null,UNAVAILABLE}{/hddsDatanode}
2019-10-18 14:30:55,001 [main] INFO  server.AbstractConnector (AbstractConnector.java:doStop(318)) - Stopped ServerConnector@54e02f6a{HTTP/1.1,[http/1.1]}{0.0.0.0:0}
2019-10-18 14:30:55,001 [main] INFO  handler.ContextHandler (ContextHandler.java:doStop(910)) - Stopped o.e.j.s.ServletContextHandler@4f9a6c2d{/static,jar:file:/home/user/.m2/repository/org/apache/hadoop/hadoop-hdds-container-service/0.5.0-SNAPSHOT/hadoop-hdds-container-service-0.5.0-SNAPSHOT.jar!/webapps/static,UNAVAILABLE}
2019-10-18 14:30:55,002 [main] INFO  handler.ContextHandler (ContextHandler.java:doStop(910)) - Stopped o.e.j.s.ServletContextHandler@3c3c4a71{/logs,file:///workdir/hadoop-ozone/integration-test/target/log,UNAVAILABLE}
2019-10-18 14:30:55,025 [ForkJoinPool.commonPool-worker-0] INFO  ozoneimpl.OzoneContainer (OzoneContainer.java:stop(227)) - Attempting to stop container services.
2019-10-18 14:30:55,026 [ForkJoinPool.commonPool-worker-0] INFO  impl.RaftServerProxy (RaftServerProxy.java:lambda$close$4(314)) - f9cd2519-4472-482d-8bf1-226263d0a440: close
2019-10-18 14:30:55,026 [ForkJoinPool.commonPool-worker-0] INFO  impl.RaftServerImpl (RaftServerImpl.java:lambda$shutdown$3(261)) - f9cd2519-4472-482d-8bf1-226263d0a440@group-9826AF1559E2: shutdown
2019-10-18 14:30:55,026 [ForkJoinPool.commonPool-worker-0] INFO  util.JmxRegister (JmxRegister.java:unregister(73)) - Successfully un-registered JMX Bean with object name Ratis:service=RaftServer,group=group-9826AF1559E2,id=f9cd2519-4472-482d-8bf1-226263d0a440
2019-10-18 14:30:55,027 [ForkJoinPool.commonPool-worker-0] INFO  impl.RoleInfo (RoleInfo.java:shutdownFollowerState(121)) - f9cd2519-4472-482d-8bf1-226263d0a440: shutdown FollowerState
2019-10-18 14:30:55,027 [ForkJoinPool.commonPool-worker-0] INFO  impl.StateMachineUpdater (StateMachineUpdater.java:stopAndJoin(136)) - f9cd2519-4472-482d-8bf1-226263d0a440@group-9826AF1559E2-StateMachineUpdater: set stopIndex = 17
2019-10-18 14:30:55,027 [f9cd2519-4472-482d-8bf1-226263d0a440@group-9826AF1559E2-StateMachineUpdater] INFO  ratis.ContainerStateMachine (ContainerStateMachine.java:takeSnapshot(294)) - group-9826AF1559E2: Taking a snapshot at:(t:1, i:11) file /workdir/hadoop-ozone/integration-test/target/test-dir/MiniOzoneClusterImpl-11a902be-dfbe-4759-94b9-65959d8d71e6/datanode-1/data/ratis/cb1b5398-55ca-458c-9a73-9826af1559e2/sm/snapshot.1_11
2019-10-18 14:30:55,027 [Thread-2057] INFO  impl.FollowerState (FollowerState.java:run(117)) - f9cd2519-4472-482d-8bf1-226263d0a440@group-9826AF1559E2-FollowerState was interrupted: java.lang.InterruptedException: sleep interrupted
2019-10-18 14:30:55,040 [f9cd2519-4472-482d-8bf1-226263d0a440@group-9826AF1559E2-StateMachineUpdater] INFO  ratis.ContainerStateMachine (ContainerStateMachine.java:takeSnapshot(305)) - group-9826AF1559E2: Finished taking a snapshot at:(t:1, i:11) file:/workdir/hadoop-ozone/integration-test/target/test-dir/MiniOzoneClusterImpl-11a902be-dfbe-4759-94b9-65959d8d71e6/datanode-1/data/ratis/cb1b5398-55ca-458c-9a73-9826af1559e2/sm/snapshot.1_11 time:13
2019-10-18 14:30:55,041 [f9cd2519-4472-482d-8bf1-226263d0a440@group-9826AF1559E2-StateMachineUpdater] INFO  impl.StateMachineUpdater (StateMachineUpdater.java:takeSnapshot(269)) - f9cd2519-4472-482d-8bf1-226263d0a440@group-9826AF1559E2-StateMachineUpdater: Took a snapshot at index 11
2019-10-18 14:30:55,041 [f9cd2519-4472-482d-8bf1-226263d0a440@group-9826AF1559E2-StateMachineUpdater] INFO  impl.StateMachineUpdater (StateMachineUpdater.java:lambda$new$0(84)) - f9cd2519-4472-482d-8bf1-226263d0a440@group-9826AF1559E2-StateMachineUpdater: snapshotIndex: updateIncreasingly -1 -> 11
2019-10-18 14:30:55,041 [f9cd2519-4472-482d-8bf1-226263d0a440@group-9826AF1559E2-StateMachineUpdater] INFO  ratis.ContainerStateMachine (ContainerStateMachine.java:takeSnapshot(294)) - group-9826AF1559E2: Taking a snapshot at:(t:1, i:11) file /workdir/hadoop-ozone/integration-test/target/test-dir/MiniOzoneClusterImpl-11a902be-dfbe-4759-94b9-65959d8d71e6/datanode-1/data/ratis/cb1b5398-55ca-458c-9a73-9826af1559e2/sm/snapshot.1_11
2019-10-18 14:30:55,053 [f9cd2519-4472-482d-8bf1-226263d0a440@group-9826AF1559E2-StateMachineUpdater] INFO  ratis.ContainerStateMachine (ContainerStateMachine.java:takeSnapshot(305)) - group-9826AF1559E2: Finished taking a snapshot at:(t:1, i:11) file:/workdir/hadoop-ozone/integration-test/target/test-dir/MiniOzoneClusterImpl-11a902be-dfbe-4759-94b9-65959d8d71e6/datanode-1/data/ratis/cb1b5398-55ca-458c-9a73-9826af1559e2/sm/snapshot.1_11 time:13
2019-10-18 14:30:55,054 [f9cd2519-4472-482d-8bf1-226263d0a440@group-9826AF1559E2-StateMachineUpdater] INFO  impl.StateMachineUpdater (StateMachineUpdater.java:takeSnapshot(269)) - f9cd2519-4472-482d-8bf1-226263d0a440@group-9826AF1559E2-StateMachineUpdater: Took a snapshot at index 11
2019-10-18 14:30:55,054 [f9cd2519-4472-482d-8bf1-226263d0a440@group-9826AF1559E2-StateMachineUpdater] INFO  impl.StateMachineUpdater (StateMachineUpdater.java:lambda$new$0(84)) - f9cd2519-4472-482d-8bf1-226263d0a440@group-9826AF1559E2-StateMachineUpdater: snapshotIndex: updateIncreasingly 11 -> 11
2019-10-18 14:30:55,054 [ForkJoinPool.commonPool-worker-0] INFO  impl.RaftServerImpl (ServerState.java:close(388)) - f9cd2519-4472-482d-8bf1-226263d0a440@group-9826AF1559E2: closes. applyIndex: 17
2019-10-18 14:30:55,055 [f9cd2519-4472-482d-8bf1-226263d0a440@group-9826AF1559E2-SegmentedRaftLogWorker] INFO  segmented.SegmentedRaftLogWorker (SegmentedRaftLogWorker.java:run(316)) - f9cd2519-4472-482d-8bf1-226263d0a440@group-9826AF1559E2-SegmentedRaftLogWorker was interrupted, exiting. There are 0 tasks remaining in the queue.
2019-10-18 14:30:55,056 [ForkJoinPool.commonPool-worker-0] INFO  segmented.SegmentedRaftLogWorker (SegmentedRaftLogWorker.java:close(224)) - f9cd2519-4472-482d-8bf1-226263d0a440@group-9826AF1559E2-SegmentedRaftLogWorker close()
2019-10-18 14:30:55,056 [ForkJoinPool.commonPool-worker-0] INFO  impl.RaftServerImpl (RaftServerImpl.java:lambda$shutdown$3(261)) - f9cd2519-4472-482d-8bf1-226263d0a440@group-35119E3E96C4: shutdown
2019-10-18 14:30:55,056 [ForkJoinPool.commonPool-worker-0] INFO  util.JmxRegister (JmxRegister.java:unregister(73)) - Successfully un-registered JMX Bean with object name Ratis:service=RaftServer,group=group-35119E3E96C4,id=f9cd2519-4472-482d-8bf1-226263d0a440
2019-10-18 14:30:55,057 [ForkJoinPool.commonPool-worker-0] INFO  impl.RoleInfo (RoleInfo.java:shutdownLeaderState(104)) - f9cd2519-4472-482d-8bf1-226263d0a440: shutdown LeaderState
2019-10-18 14:30:55,057 [ForkJoinPool.commonPool-worker-0] INFO  impl.PendingRequests (PendingRequests.java:sendNotLeaderResponses(202)) - f9cd2519-4472-482d-8bf1-226263d0a440@group-35119E3E96C4-PendingRequests: sendNotLeaderResponses
2019-10-18 14:30:55,057 [ForkJoinPool.commonPool-worker-0] INFO  impl.StateMachineUpdater (StateMachineUpdater.java:stopAndJoin(136)) - f9cd2519-4472-482d-8bf1-226263d0a440@group-35119E3E96C4-StateMachineUpdater: set stopIndex = 0
2019-10-18 14:30:55,057 [ForkJoinPool.commonPool-worker-0] INFO  impl.RaftServerImpl (ServerState.java:close(388)) - f9cd2519-4472-482d-8bf1-226263d0a440@group-35119E3E96C4: closes. applyIndex: 0
2019-10-18 14:30:55,058 [f9cd2519-4472-482d-8bf1-226263d0a440@group-35119E3E96C4-SegmentedRaftLogWorker] INFO  segmented.SegmentedRaftLogWorker (SegmentedRaftLogWorker.java:run(316)) - f9cd2519-4472-482d-8bf1-226263d0a440@group-35119E3E96C4-SegmentedRaftLogWorker was interrupted, exiting. There are 0 tasks remaining in the queue.
2019-10-18 14:30:55,058 [ForkJoinPool.commonPool-worker-0] INFO  segmented.SegmentedRaftLogWorker (SegmentedRaftLogWorker.java:close(224)) - f9cd2519-4472-482d-8bf1-226263d0a440@group-35119E3E96C4-SegmentedRaftLogWorker close()
2019-10-18 14:30:55,058 [ForkJoinPool.commonPool-worker-0] INFO  server.GrpcService (GrpcService.java:closeImpl(164)) - f9cd2519-4472-482d-8bf1-226263d0a440: shutdown server with port 35693 now
2019-10-18 14:30:55,060 [ForkJoinPool.commonPool-worker-0] INFO  server.GrpcService (GrpcService.java:closeImpl(172)) - f9cd2519-4472-482d-8bf1-226263d0a440: shutdown server with port 35693 successfully
2019-10-18 14:30:55,064 [refreshUsed-/workdir/hadoop-ozone/integration-test/target/test-dir/MiniOzoneClusterImpl-11a902be-dfbe-4759-94b9-65959d8d71e6/datanode-1/data/containers] WARN  fs.CachingGetSpaceUsed (CachingGetSpaceUsed.java:run(183)) - Thread Interrupted waiting to refresh disk information: sleep interrupted
2019-10-18 14:30:55,076 [ForkJoinPool.commonPool-worker-0] INFO  utils.BackgroundService (BackgroundService.java:shutdown(151)) - Shutting down service BlockDeletingService
2019-10-18 14:30:55,078 [ForkJoinPool.commonPool-worker-0] INFO  statemachine.DatanodeStateMachine (DatanodeStateMachine.java:stopDaemon(395)) - Ozone container server stopped.
2019-10-18 14:30:55,079 [ForkJoinPool.commonPool-worker-0] INFO  handler.ContextHandler (ContextHandler.java:doStop(910)) - Stopped o.e.j.w.WebAppContext@17f2dd85{/,null,UNAVAILABLE}{/hddsDatanode}
2019-10-18 14:30:55,081 [ForkJoinPool.commonPool-worker-0] INFO  server.AbstractConnector (AbstractConnector.java:doStop(318)) - Stopped ServerConnector@1e58512c{HTTP/1.1,[http/1.1]}{0.0.0.0:0}
2019-10-18 14:30:55,082 [ForkJoinPool.commonPool-worker-0] INFO  handler.ContextHandler (ContextHandler.java:doStop(910)) - Stopped o.e.j.s.ServletContextHandler@65bdd558{/static,jar:file:/home/user/.m2/repository/org/apache/hadoop/hadoop-hdds-container-service/0.5.0-SNAPSHOT/hadoop-hdds-container-service-0.5.0-SNAPSHOT.jar!/webapps/static,UNAVAILABLE}
2019-10-18 14:30:55,083 [ForkJoinPool.commonPool-worker-0] INFO  handler.ContextHandler (ContextHandler.java:doStop(910)) - Stopped o.e.j.s.ServletContextHandler@fab35b1{/logs,file:///workdir/hadoop-ozone/integration-test/target/log,UNAVAILABLE}
2019-10-18 14:30:55,083 [main] INFO  ozone.MiniOzoneClusterImpl (MiniOzoneClusterImpl.java:stopSCM(392)) - Stopping the StorageContainerManager
2019-10-18 14:30:55,084 [main] INFO  server.StorageContainerManager (StorageContainerManager.java:stop(810)) - Stopping Replication Manager Service.
2019-10-18 14:30:55,084 [main] INFO  container.ReplicationManager (ReplicationManager.java:stop(203)) - Stopping Replication Monitor Thread.
2019-10-18 14:30:55,084 [main] INFO  server.StorageContainerManager (StorageContainerManager.java:stop(817)) - Stopping Lease Manager of the command watchers
2019-10-18 14:30:55,084 [main] INFO  server.StorageContainerManager (StorageContainerManager.java:stop(824)) - Stopping datanode service RPC server
2019-10-18 14:30:55,084 [main] INFO  server.SCMDatanodeProtocolServer (SCMDatanodeProtocolServer.java:stop(346)) - Stopping the RPC server for DataNodes
2019-10-18 14:30:55,085 [main] INFO  ipc.Server (Server.java:stop(3082)) - Stopping server on 38635
2019-10-18 14:30:55,086 [IPC Server listener on 38635] INFO  ipc.Server (Server.java:run(1185)) - Stopping IPC Server listener on 38635
2019-10-18 14:30:55,086 [IPC Server Responder] INFO  ipc.Server (Server.java:run(1319)) - Stopping IPC Server Responder
2019-10-18 14:30:55,149 [SCM Heartbeat Processing Thread - 0] WARN  node.NodeStateManager (NodeStateManager.java:scheduleNextHealthCheck(646)) - Current Thread is interrupted, shutting down HB processing thread for Node Manager.
2019-10-18 14:30:55,150 [main] INFO  server.StorageContainerManager (StorageContainerManager.java:stop(832)) - Stopping block service RPC server
2019-10-18 14:30:55,150 [main] INFO  server.SCMBlockProtocolServer (SCMBlockProtocolServer.java:stop(155)) - Stopping the RPC server for Block Protocol
2019-10-18 14:30:55,150 [main] INFO  ipc.Server (Server.java:stop(3082)) - Stopping server on 42038
2019-10-18 14:30:55,152 [IPC Server listener on 42038] INFO  ipc.Server (Server.java:run(1185)) - Stopping IPC Server listener on 42038
2019-10-18 14:30:55,152 [main] INFO  server.StorageContainerManager (StorageContainerManager.java:stop(839)) - Stopping the StorageContainerLocationProtocol RPC server
2019-10-18 14:30:55,152 [IPC Server Responder] INFO  ipc.Server (Server.java:run(1319)) - Stopping IPC Server Responder
2019-10-18 14:30:55,152 [main] INFO  server.SCMClientProtocolServer (SCMClientProtocolServer.java:stop(168)) - Stopping the RPC server for Client Protocol
2019-10-18 14:30:55,153 [main] INFO  ipc.Server (Server.java:stop(3082)) - Stopping server on 45721
2019-10-18 14:30:55,154 [IPC Server listener on 45721] INFO  ipc.Server (Server.java:run(1185)) - Stopping IPC Server listener on 45721
2019-10-18 14:30:55,154 [main] INFO  server.StorageContainerManager (StorageContainerManager.java:stop(846)) - Stopping Storage Container Manager HTTP server.
2019-10-18 14:30:55,154 [IPC Server Responder] INFO  ipc.Server (Server.java:run(1319)) - Stopping IPC Server Responder
2019-10-18 14:30:55,195 [main] INFO  handler.ContextHandler (ContextHandler.java:doStop(910)) - Stopped o.e.j.w.WebAppContext@3b366632{/,null,UNAVAILABLE}{/scm}
2019-10-18 14:30:55,196 [main] INFO  server.AbstractConnector (AbstractConnector.java:doStop(318)) - Stopped ServerConnector@6815c5f2{HTTP/1.1,[http/1.1]}{0.0.0.0:0}
2019-10-18 14:30:55,197 [main] INFO  handler.ContextHandler (ContextHandler.java:doStop(910)) - Stopped o.e.j.s.ServletContextHandler@37052337{/static,file:///workdir/hadoop-ozone/integration-test/target/test-classes/webapps/static,UNAVAILABLE}
2019-10-18 14:30:55,197 [main] INFO  handler.ContextHandler (ContextHandler.java:doStop(910)) - Stopped o.e.j.s.ServletContextHandler@340da44c{/logs,file:///workdir/hadoop-ozone/integration-test/target/log,UNAVAILABLE}
2019-10-18 14:30:55,198 [main] INFO  server.StorageContainerManager (StorageContainerManager.java:stop(857)) - Stopping Block Manager Service.
2019-10-18 14:30:55,198 [main] INFO  utils.BackgroundService (BackgroundService.java:shutdown(151)) - Shutting down service SCMBlockDeletingService
2019-10-18 14:30:55,199 [main] INFO  utils.BackgroundService (BackgroundService.java:shutdown(151)) - Shutting down service SCMBlockDeletingService
2019-10-18 14:30:55,199 [main] INFO  server.StorageContainerManager (StorageContainerManager.java:stop(879)) - Stopping SCM Event Queue.
2019-10-18 14:30:55,207 [main] INFO  impl.MetricsSystemImpl (MetricsSystemImpl.java:stop(210)) - Stopping XceiverClientMetrics metrics system...
2019-10-18 14:30:55,220 [prometheus] INFO  impl.MetricsSinkAdapter (MetricsSinkAdapter.java:publishMetricsFromQueue(141)) - prometheus thread interrupted.
2019-10-18 14:30:55,220 [main] INFO  impl.MetricsSystemImpl (MetricsSystemImpl.java:stop(216)) - XceiverClientMetrics metrics system stopped.
2019-10-18 14:30:55,230 [java.util.concurrent.ThreadPoolExecutor$Worker@108d80c3[State = -1, empty queue]] WARN  server.GrpcLogAppender (GrpcLogAppender.java:timeoutAppendRequest(209)) - 46c14060-ea78-4b5a-b57c-064e4766b234@group-45DBFE4B8A65->55013cf6-f41f-4339-a52c-06c119893914-GrpcLogAppender: appendEntries Timeout, request=46c14060-ea78-4b5a-b57c-064e4766b234->55013cf6-f41f-4339-a52c-06c119893914#73-t3, previous=(t:3, i:4), leaderCommit=4, initializing? false, entries: <empty>
2019-10-18 14:30:55,230 [java.util.concurrent.ThreadPoolExecutor$Worker@4efed47c[State = -1, empty queue]] WARN  server.GrpcLogAppender (GrpcLogAppender.java:timeoutAppendRequest(209)) - 46c14060-ea78-4b5a-b57c-064e4766b234@group-45DBFE4B8A65->a4757974-e77e-4a1a-a400-c32fe273093a-GrpcLogAppender: appendEntries Timeout, request=46c14060-ea78-4b5a-b57c-064e4766b234->a4757974-e77e-4a1a-a400-c32fe273093a#73-t3, previous=(t:3, i:4), leaderCommit=4, initializing? false, entries: <empty>
]]></system-out>
    <system-err><![CDATA[ERROR StatusLogger No Log4j 2 configuration file found. Using default configuration (logging only errors to the console), or user programmatically provided configurations. Set system property 'log4j2.debug' to show Log4j 2 internal initialization logging. See https://logging.apache.org/log4j/2.x/manual/configuration.html for instructions on how to configure Log4j 2
Oct 18, 2019 2:30:34 PM org.apache.ratis.thirdparty.io.grpc.internal.SerializingExecutor run
SEVERE: Exception while executing runnable org.apache.ratis.thirdparty.io.grpc.internal.ServerImpl$JumpToApplicationThreadServerStreamListener$1Closed@3260f14e
org.apache.ratis.thirdparty.io.grpc.StatusRuntimeException: CANCELLED: call already cancelled
	at org.apache.ratis.thirdparty.io.grpc.Status.asRuntimeException(Status.java:517)
	at org.apache.ratis.thirdparty.io.grpc.stub.ServerCalls$ServerCallStreamObserverImpl.onCompleted(ServerCalls.java:356)
	at org.apache.ratis.grpc.server.GrpcServerProtocolService$ServerRequestStreamObserver.onError(GrpcServerProtocolService.java:121)
	at org.apache.ratis.thirdparty.io.grpc.stub.ServerCalls$StreamingServerCallHandler$StreamingServerCallListener.onCancel(ServerCalls.java:269)
	at org.apache.ratis.thirdparty.io.grpc.internal.ServerCallImpl$ServerStreamListenerImpl.closed(ServerCallImpl.java:293)
	at org.apache.ratis.thirdparty.io.grpc.internal.ServerImpl$JumpToApplicationThreadServerStreamListener$1Closed.runInContext(ServerImpl.java:741)
	at org.apache.ratis.thirdparty.io.grpc.internal.ContextRunnable.run(ContextRunnable.java:37)
	at org.apache.ratis.thirdparty.io.grpc.internal.SerializingExecutor.run(SerializingExecutor.java:123)
	at java.util.concurrent.ThreadPoolExecutor.runWorker(ThreadPoolExecutor.java:1149)
	at java.util.concurrent.ThreadPoolExecutor$Worker.run(ThreadPoolExecutor.java:624)
	at java.lang.Thread.run(Thread.java:748)

Oct 18, 2019 2:30:34 PM org.apache.ratis.thirdparty.io.grpc.internal.SerializingExecutor run
SEVERE: Exception while executing runnable org.apache.ratis.thirdparty.io.grpc.internal.ClientCallImpl$ClientStreamListenerImpl$1StreamClosed@200f4f84
java.lang.NullPointerException
	at org.apache.ratis.grpc.server.GrpcLogAppender$AppendLogResponseHandler.onError(GrpcLogAppender.java:303)
	at org.apache.ratis.thirdparty.io.grpc.stub.ClientCalls$StreamObserverToCallListenerAdapter.onClose(ClientCalls.java:434)
	at org.apache.ratis.thirdparty.io.grpc.PartialForwardingClientCallListener.onClose(PartialForwardingClientCallListener.java:39)
	at org.apache.ratis.thirdparty.io.grpc.ForwardingClientCallListener.onClose(ForwardingClientCallListener.java:23)
	at org.apache.ratis.thirdparty.io.grpc.ForwardingClientCallListener$SimpleForwardingClientCallListener.onClose(ForwardingClientCallListener.java:40)
	at org.apache.ratis.thirdparty.io.grpc.internal.CensusStatsModule$StatsClientInterceptor$1$1.onClose(CensusStatsModule.java:678)
	at org.apache.ratis.thirdparty.io.grpc.PartialForwardingClientCallListener.onClose(PartialForwardingClientCallListener.java:39)
	at org.apache.ratis.thirdparty.io.grpc.ForwardingClientCallListener.onClose(ForwardingClientCallListener.java:23)
	at org.apache.ratis.thirdparty.io.grpc.ForwardingClientCallListener$SimpleForwardingClientCallListener.onClose(ForwardingClientCallListener.java:40)
	at org.apache.ratis.thirdparty.io.grpc.internal.CensusTracingModule$TracingClientInterceptor$1$1.onClose(CensusTracingModule.java:397)
	at org.apache.ratis.thirdparty.io.grpc.internal.ClientCallImpl.closeObserver(ClientCallImpl.java:459)
	at org.apache.ratis.thirdparty.io.grpc.internal.ClientCallImpl.access$300(ClientCallImpl.java:63)
	at org.apache.ratis.thirdparty.io.grpc.internal.ClientCallImpl$ClientStreamListenerImpl.close(ClientCallImpl.java:546)
	at org.apache.ratis.thirdparty.io.grpc.internal.ClientCallImpl$ClientStreamListenerImpl.access$600(ClientCallImpl.java:467)
	at org.apache.ratis.thirdparty.io.grpc.internal.ClientCallImpl$ClientStreamListenerImpl$1StreamClosed.runInContext(ClientCallImpl.java:584)
	at org.apache.ratis.thirdparty.io.grpc.internal.ContextRunnable.run(ContextRunnable.java:37)
	at org.apache.ratis.thirdparty.io.grpc.internal.SerializingExecutor.run(SerializingExecutor.java:123)
	at java.util.concurrent.ThreadPoolExecutor.runWorker(ThreadPoolExecutor.java:1149)
	at java.util.concurrent.ThreadPoolExecutor$Worker.run(ThreadPoolExecutor.java:624)
	at java.lang.Thread.run(Thread.java:748)

Oct 18, 2019 2:30:34 PM org.apache.ratis.thirdparty.io.grpc.internal.SerializingExecutor run
SEVERE: Exception while executing runnable org.apache.ratis.thirdparty.io.grpc.internal.ClientCallImpl$ClientStreamListenerImpl$1StreamClosed@4fa5eb6c
java.lang.NullPointerException
	at org.apache.ratis.grpc.server.GrpcLogAppender$AppendLogResponseHandler.onError(GrpcLogAppender.java:303)
	at org.apache.ratis.thirdparty.io.grpc.stub.ClientCalls$StreamObserverToCallListenerAdapter.onClose(ClientCalls.java:434)
	at org.apache.ratis.thirdparty.io.grpc.PartialForwardingClientCallListener.onClose(PartialForwardingClientCallListener.java:39)
	at org.apache.ratis.thirdparty.io.grpc.ForwardingClientCallListener.onClose(ForwardingClientCallListener.java:23)
	at org.apache.ratis.thirdparty.io.grpc.ForwardingClientCallListener$SimpleForwardingClientCallListener.onClose(ForwardingClientCallListener.java:40)
	at org.apache.ratis.thirdparty.io.grpc.internal.CensusStatsModule$StatsClientInterceptor$1$1.onClose(CensusStatsModule.java:678)
	at org.apache.ratis.thirdparty.io.grpc.PartialForwardingClientCallListener.onClose(PartialForwardingClientCallListener.java:39)
	at org.apache.ratis.thirdparty.io.grpc.ForwardingClientCallListener.onClose(ForwardingClientCallListener.java:23)
	at org.apache.ratis.thirdparty.io.grpc.ForwardingClientCallListener$SimpleForwardingClientCallListener.onClose(ForwardingClientCallListener.java:40)
	at org.apache.ratis.thirdparty.io.grpc.internal.CensusTracingModule$TracingClientInterceptor$1$1.onClose(CensusTracingModule.java:397)
	at org.apache.ratis.thirdparty.io.grpc.internal.ClientCallImpl.closeObserver(ClientCallImpl.java:459)
	at org.apache.ratis.thirdparty.io.grpc.internal.ClientCallImpl.access$300(ClientCallImpl.java:63)
	at org.apache.ratis.thirdparty.io.grpc.internal.ClientCallImpl$ClientStreamListenerImpl.close(ClientCallImpl.java:546)
	at org.apache.ratis.thirdparty.io.grpc.internal.ClientCallImpl$ClientStreamListenerImpl.access$600(ClientCallImpl.java:467)
	at org.apache.ratis.thirdparty.io.grpc.internal.ClientCallImpl$ClientStreamListenerImpl$1StreamClosed.runInContext(ClientCallImpl.java:584)
	at org.apache.ratis.thirdparty.io.grpc.internal.ContextRunnable.run(ContextRunnable.java:37)
	at org.apache.ratis.thirdparty.io.grpc.internal.SerializingExecutor.run(SerializingExecutor.java:123)
	at java.util.concurrent.ThreadPoolExecutor.runWorker(ThreadPoolExecutor.java:1149)
	at java.util.concurrent.ThreadPoolExecutor$Worker.run(ThreadPoolExecutor.java:624)
	at java.lang.Thread.run(Thread.java:748)

Oct 18, 2019 2:30:34 PM org.apache.ratis.thirdparty.io.grpc.internal.SerializingExecutor run
SEVERE: Exception while executing runnable org.apache.ratis.thirdparty.io.grpc.internal.ServerImpl$JumpToApplicationThreadServerStreamListener$1Closed@47534c1f
org.apache.ratis.thirdparty.io.grpc.StatusRuntimeException: CANCELLED: call already cancelled
	at org.apache.ratis.thirdparty.io.grpc.Status.asRuntimeException(Status.java:517)
	at org.apache.ratis.thirdparty.io.grpc.stub.ServerCalls$ServerCallStreamObserverImpl.onCompleted(ServerCalls.java:356)
	at org.apache.ratis.grpc.server.GrpcServerProtocolService$ServerRequestStreamObserver.onError(GrpcServerProtocolService.java:121)
	at org.apache.ratis.thirdparty.io.grpc.stub.ServerCalls$StreamingServerCallHandler$StreamingServerCallListener.onCancel(ServerCalls.java:269)
	at org.apache.ratis.thirdparty.io.grpc.internal.ServerCallImpl$ServerStreamListenerImpl.closed(ServerCallImpl.java:293)
	at org.apache.ratis.thirdparty.io.grpc.internal.ServerImpl$JumpToApplicationThreadServerStreamListener$1Closed.runInContext(ServerImpl.java:741)
	at org.apache.ratis.thirdparty.io.grpc.internal.ContextRunnable.run(ContextRunnable.java:37)
	at org.apache.ratis.thirdparty.io.grpc.internal.SerializingExecutor.run(SerializingExecutor.java:123)
	at java.util.concurrent.ThreadPoolExecutor.runWorker(ThreadPoolExecutor.java:1149)
	at java.util.concurrent.ThreadPoolExecutor$Worker.run(ThreadPoolExecutor.java:624)
	at java.lang.Thread.run(Thread.java:748)

Oct 18, 2019 2:30:46 PM org.apache.ratis.thirdparty.io.grpc.internal.SerializingExecutor run
SEVERE: Exception while executing runnable org.apache.ratis.thirdparty.io.grpc.internal.ClientCallImpl$ClientStreamListenerImpl$1StreamClosed@78b5e004
java.lang.NullPointerException
	at org.apache.ratis.grpc.server.GrpcLogAppender$AppendLogResponseHandler.onError(GrpcLogAppender.java:303)
	at org.apache.ratis.thirdparty.io.grpc.stub.ClientCalls$StreamObserverToCallListenerAdapter.onClose(ClientCalls.java:434)
	at org.apache.ratis.thirdparty.io.grpc.PartialForwardingClientCallListener.onClose(PartialForwardingClientCallListener.java:39)
	at org.apache.ratis.thirdparty.io.grpc.ForwardingClientCallListener.onClose(ForwardingClientCallListener.java:23)
	at org.apache.ratis.thirdparty.io.grpc.ForwardingClientCallListener$SimpleForwardingClientCallListener.onClose(ForwardingClientCallListener.java:40)
	at org.apache.ratis.thirdparty.io.grpc.internal.CensusStatsModule$StatsClientInterceptor$1$1.onClose(CensusStatsModule.java:678)
	at org.apache.ratis.thirdparty.io.grpc.PartialForwardingClientCallListener.onClose(PartialForwardingClientCallListener.java:39)
	at org.apache.ratis.thirdparty.io.grpc.ForwardingClientCallListener.onClose(ForwardingClientCallListener.java:23)
	at org.apache.ratis.thirdparty.io.grpc.ForwardingClientCallListener$SimpleForwardingClientCallListener.onClose(ForwardingClientCallListener.java:40)
	at org.apache.ratis.thirdparty.io.grpc.internal.CensusTracingModule$TracingClientInterceptor$1$1.onClose(CensusTracingModule.java:397)
	at org.apache.ratis.thirdparty.io.grpc.internal.ClientCallImpl.closeObserver(ClientCallImpl.java:459)
	at org.apache.ratis.thirdparty.io.grpc.internal.ClientCallImpl.access$300(ClientCallImpl.java:63)
	at org.apache.ratis.thirdparty.io.grpc.internal.ClientCallImpl$ClientStreamListenerImpl.close(ClientCallImpl.java:546)
	at org.apache.ratis.thirdparty.io.grpc.internal.ClientCallImpl$ClientStreamListenerImpl.access$600(ClientCallImpl.java:467)
	at org.apache.ratis.thirdparty.io.grpc.internal.ClientCallImpl$ClientStreamListenerImpl$1StreamClosed.runInContext(ClientCallImpl.java:584)
	at org.apache.ratis.thirdparty.io.grpc.internal.ContextRunnable.run(ContextRunnable.java:37)
	at org.apache.ratis.thirdparty.io.grpc.internal.SerializingExecutor.run(SerializingExecutor.java:123)
	at java.util.concurrent.ThreadPoolExecutor.runWorker(ThreadPoolExecutor.java:1149)
	at java.util.concurrent.ThreadPoolExecutor$Worker.run(ThreadPoolExecutor.java:624)
	at java.lang.Thread.run(Thread.java:748)

]]></system-err>
  </testcase>
  <testcase name="testMultiBlockWritesWithDnFailures" classname="org.apache.hadoop.ozone.client.rpc.TestMultiBlockWritesWithDnFailures" time="70.601"/>
</testsuite>