<?xml version="1.0" encoding="UTF-8"?>
<testsuite xmlns:xsi="http://www.w3.org/2001/XMLSchema-instance" xsi:noNamespaceSchemaLocation="https://maven.apache.org/surefire/maven-surefire-plugin/xsd/surefire-test-report.xsd" name="org.apache.hadoop.ozone.client.rpc.TestMultiBlockWritesWithDnFailures" time="194.668" tests="2" errors="0" skipped="0" failures="1">
  <properties>
    <property name="awt.toolkit" value="sun.awt.X11.XToolkit"/>
    <property name="file.encoding.pkg" value="sun.io"/>
    <property name="java.specification.version" value="1.8"/>
    <property name="sun.cpu.isalist" value=""/>
    <property name="sun.jnu.encoding" value="UTF-8"/>
    <property name="java.class.path" value="/workdir/hadoop-ozone/integration-test/target/test-classes:/workdir/hadoop-ozone/integration-test/target/classes:/home/user/.m2/repository/org/apache/hadoop/hadoop-ozone-common/0.5.0-SNAPSHOT/hadoop-ozone-common-0.5.0-SNAPSHOT.jar:/home/user/.m2/repository/org/apache/commons/commons-compress/1.4.1/commons-compress-1.4.1.jar:/home/user/.m2/repository/org/tukaani/xz/1.0/xz-1.0.jar:/home/user/.m2/repository/org/apache/hadoop/hadoop-common/3.2.0/hadoop-common-3.2.0.jar:/home/user/.m2/repository/org/apache/hadoop/hadoop-hdfs/3.2.0/hadoop-hdfs-3.2.0.jar:/home/user/.m2/repository/org/apache/hadoop/hadoop-hdfs-client/3.2.0/hadoop-hdfs-client-3.2.0.jar:/home/user/.m2/repository/com/fasterxml/jackson/core/jackson-annotations/2.9.9/jackson-annotations-2.9.9.jar:/home/user/.m2/repository/org/apache/hadoop/hadoop-hdds-common/0.5.0-SNAPSHOT/hadoop-hdds-common-0.5.0-SNAPSHOT.jar:/home/user/.m2/repository/javax/annotation/javax.annotation-api/1.2/javax.annotation-api-1.2.jar:/home/user/.m2/repository/org/apache/ratis/ratis-server/0.4.0/ratis-server-0.4.0.jar:/home/user/.m2/repository/org/apache/ratis/ratis-thirdparty-misc/0.2.0/ratis-thirdparty-misc-0.2.0.jar:/home/user/.m2/repository/org/apache/ratis/ratis-proto/0.4.0/ratis-proto-0.4.0.jar:/home/user/.m2/repository/org/apache/ratis/ratis-common/0.4.0/ratis-common-0.4.0.jar:/home/user/.m2/repository/org/apache/ratis/ratis-client/0.4.0/ratis-client-0.4.0.jar:/home/user/.m2/repository/org/apache/ratis/ratis-metrics/0.4.0/ratis-metrics-0.4.0.jar:/home/user/.m2/repository/com/github/joshelser/dropwizard-metrics-hadoop-metrics2-reporter/0.1.2/dropwizard-metrics-hadoop-metrics2-reporter-0.1.2.jar:/home/user/.m2/repository/io/dropwizard/metrics/metrics-jvm/3.2.5/metrics-jvm-3.2.5.jar:/home/user/.m2/repository/io/dropwizard/metrics/metrics-ganglia/3.2.5/metrics-ganglia-3.2.5.jar:/home/user/.m2/repository/info/ganglia/gmetric4j/gmetric4j/1.0.7/gmetric4j-1.0.7.jar:/home/user/.m2/repository/org/apache/ratis/ratis-netty/0.4.0/ratis-netty-0.4.0.jar:/home/user/.m2/repository/org/apache/ratis/ratis-grpc/0.4.0/ratis-grpc-0.4.0.jar:/home/user/.m2/repository/org/rocksdb/rocksdbjni/6.0.1/rocksdbjni-6.0.1.jar:/home/user/.m2/repository/org/apache/logging/log4j/log4j-api/2.11.0/log4j-api-2.11.0.jar:/home/user/.m2/repository/org/apache/logging/log4j/log4j-core/2.11.0/log4j-core-2.11.0.jar:/home/user/.m2/repository/com/lmax/disruptor/3.4.2/disruptor-3.4.2.jar:/home/user/.m2/repository/org/apache/commons/commons-pool2/2.6.0/commons-pool2-2.6.0.jar:/home/user/.m2/repository/org/bouncycastle/bcpkix-jdk15on/1.60/bcpkix-jdk15on-1.60.jar:/home/user/.m2/repository/commons-validator/commons-validator/1.6/commons-validator-1.6.jar:/home/user/.m2/repository/commons-digester/commons-digester/1.8.1/commons-digester-1.8.1.jar:/home/user/.m2/repository/io/jaegertracing/jaeger-client/0.34.0/jaeger-client-0.34.0.jar:/home/user/.m2/repository/io/jaegertracing/jaeger-thrift/0.34.0/jaeger-thrift-0.34.0.jar:/home/user/.m2/repository/org/apache/thrift/libthrift/0.12.0/libthrift-0.12.0.jar:/home/user/.m2/repository/com/squareup/okhttp3/okhttp/3.9.0/okhttp-3.9.0.jar:/home/user/.m2/repository/com/squareup/okio/okio/1.13.0/okio-1.13.0.jar:/home/user/.m2/repository/io/jaegertracing/jaeger-core/0.34.0/jaeger-core-0.34.0.jar:/home/user/.m2/repository/io/jaegertracing/jaeger-tracerresolver/0.34.0/jaeger-tracerresolver-0.34.0.jar:/home/user/.m2/repository/io/opentracing/contrib/opentracing-tracerresolver/0.1.5/opentracing-tracerresolver-0.1.5.jar:/home/user/.m2/repository/io/opentracing/opentracing-util/0.31.0/opentracing-util-0.31.0.jar:/home/user/.m2/repository/io/opentracing/opentracing-api/0.31.0/opentracing-api-0.31.0.jar:/home/user/.m2/repository/io/opentracing/opentracing-noop/0.31.0/opentracing-noop-0.31.0.jar:/home/user/.m2/repository/org/apache/hadoop/hadoop-hdds-server-framework/0.5.0-SNAPSHOT/hadoop-hdds-server-framework-0.5.0-SNAPSHOT.jar:/home/user/.m2/repository/org/apache/hadoop/hadoop-hdds-container-service/0.5.0-SNAPSHOT/hadoop-hdds-container-service-0.5.0-SNAPSHOT.jar:/home/user/.m2/repository/org/apache/hadoop/hadoop-hdds-client/0.5.0-SNAPSHOT/hadoop-hdds-client-0.5.0-SNAPSHOT.jar:/home/user/.m2/repository/org/apache/hadoop/hadoop-hdds-tools/0.5.0-SNAPSHOT/hadoop-hdds-tools-0.5.0-SNAPSHOT.jar:/home/user/.m2/repository/org/apache/hadoop/hadoop-hdds-server-scm/0.5.0-SNAPSHOT/hadoop-hdds-server-scm-0.5.0-SNAPSHOT.jar:/home/user/.m2/repository/org/apache/hadoop/hadoop-hdds-docs/0.5.0-SNAPSHOT/hadoop-hdds-docs-0.5.0-SNAPSHOT.jar:/home/user/.m2/repository/io/dropwizard/metrics/metrics-core/3.2.4/metrics-core-3.2.4.jar:/home/user/.m2/repository/org/hamcrest/hamcrest-all/1.3/hamcrest-all-1.3.jar:/home/user/.m2/repository/org/bouncycastle/bcprov-jdk15on/1.60/bcprov-jdk15on-1.60.jar:/home/user/.m2/repository/info/picocli/picocli/3.9.6/picocli-3.9.6.jar:/home/user/.m2/repository/com/google/protobuf/protobuf-java/2.5.0/protobuf-java-2.5.0.jar:/home/user/.m2/repository/com/google/guava/guava/11.0.2/guava-11.0.2.jar:/home/user/.m2/repository/org/apache/hadoop/hadoop-ozone-ozone-manager/0.5.0-SNAPSHOT/hadoop-ozone-ozone-manager-0.5.0-SNAPSHOT.jar:/home/user/.m2/repository/org/apache/hadoop/hadoop-minikdc/3.2.0/hadoop-minikdc-3.2.0.jar:/home/user/.m2/repository/commons-io/commons-io/2.5/commons-io-2.5.jar:/home/user/.m2/repository/org/apache/kerby/kerb-simplekdc/1.0.1/kerb-simplekdc-1.0.1.jar:/home/user/.m2/repository/org/apache/kerby/kerb-client/1.0.1/kerb-client-1.0.1.jar:/home/user/.m2/repository/org/apache/kerby/kerby-config/1.0.1/kerby-config-1.0.1.jar:/home/user/.m2/repository/org/apache/kerby/kerb-core/1.0.1/kerb-core-1.0.1.jar:/home/user/.m2/repository/org/apache/kerby/kerby-pkix/1.0.1/kerby-pkix-1.0.1.jar:/home/user/.m2/repository/org/apache/kerby/kerby-asn1/1.0.1/kerby-asn1-1.0.1.jar:/home/user/.m2/repository/org/apache/kerby/kerby-util/1.0.1/kerby-util-1.0.1.jar:/home/user/.m2/repository/org/apache/kerby/kerb-common/1.0.1/kerb-common-1.0.1.jar:/home/user/.m2/repository/org/apache/kerby/kerb-crypto/1.0.1/kerb-crypto-1.0.1.jar:/home/user/.m2/repository/org/apache/kerby/kerb-util/1.0.1/kerb-util-1.0.1.jar:/home/user/.m2/repository/org/apache/kerby/token-provider/1.0.1/token-provider-1.0.1.jar:/home/user/.m2/repository/org/apache/kerby/kerb-admin/1.0.1/kerb-admin-1.0.1.jar:/home/user/.m2/repository/org/apache/kerby/kerb-server/1.0.1/kerb-server-1.0.1.jar:/home/user/.m2/repository/org/apache/kerby/kerb-identity/1.0.1/kerb-identity-1.0.1.jar:/home/user/.m2/repository/org/apache/kerby/kerby-xdr/1.0.1/kerby-xdr-1.0.1.jar:/home/user/.m2/repository/org/slf4j/slf4j-log4j12/1.7.25/slf4j-log4j12-1.7.25.jar:/home/user/.m2/repository/org/apache/hadoop/hadoop-ozone-s3gateway/0.5.0-SNAPSHOT/hadoop-ozone-s3gateway-0.5.0-SNAPSHOT.jar:/home/user/.m2/repository/org/jboss/weld/servlet/weld-servlet/2.4.7.Final/weld-servlet-2.4.7.Final.jar:/home/user/.m2/repository/org/glassfish/jersey/containers/jersey-container-servlet-core/2.27/jersey-container-servlet-core-2.27.jar:/home/user/.m2/repository/org/glassfish/hk2/external/javax.inject/2.5.0-b42/javax.inject-2.5.0-b42.jar:/home/user/.m2/repository/org/glassfish/jersey/core/jersey-common/2.27/jersey-common-2.27.jar:/home/user/.m2/repository/org/glassfish/hk2/osgi-resource-locator/1.0.1/osgi-resource-locator-1.0.1.jar:/home/user/.m2/repository/javax/ws/rs/javax.ws.rs-api/2.1/javax.ws.rs-api-2.1.jar:/home/user/.m2/repository/org/glassfish/jersey/ext/cdi/jersey-cdi1x/2.27/jersey-cdi1x-2.27.jar:/home/user/.m2/repository/org/glassfish/jersey/inject/jersey-hk2/2.27/jersey-hk2-2.27.jar:/home/user/.m2/repository/org/glassfish/hk2/hk2-locator/2.5.0-b42/hk2-locator-2.5.0-b42.jar:/home/user/.m2/repository/org/javassist/javassist/3.22.0-CR2/javassist-3.22.0-CR2.jar:/home/user/.m2/repository/org/glassfish/hk2/hk2-api/2.5.0/hk2-api-2.5.0.jar:/home/user/.m2/repository/org/glassfish/hk2/external/jakarta.inject/2.5.0/jakarta.inject-2.5.0.jar:/home/user/.m2/repository/org/glassfish/hk2/hk2-utils/2.5.0/hk2-utils-2.5.0.jar:/home/user/.m2/repository/jakarta/annotation/jakarta.annotation-api/1.3.4/jakarta.annotation-api-1.3.4.jar:/home/user/.m2/repository/org/glassfish/hk2/external/aopalliance-repackaged/2.5.0/aopalliance-repackaged-2.5.0.jar:/home/user/.m2/repository/com/fasterxml/jackson/dataformat/jackson-dataformat-xml/2.9.0/jackson-dataformat-xml-2.9.0.jar:/home/user/.m2/repository/com/fasterxml/jackson/core/jackson-core/2.9.9/jackson-core-2.9.9.jar:/home/user/.m2/repository/com/fasterxml/jackson/module/jackson-module-jaxb-annotations/2.9.9/jackson-module-jaxb-annotations-2.9.9.jar:/home/user/.m2/repository/javax/enterprise/cdi-api/1.2/cdi-api-1.2.jar:/home/user/.m2/repository/javax/el/javax.el-api/3.0.0/javax.el-api-3.0.0.jar:/home/user/.m2/repository/javax/interceptor/javax.interceptor-api/1.2/javax.interceptor-api-1.2.jar:/home/user/.m2/repository/javax/inject/javax.inject/1/javax.inject-1.jar:/home/user/.m2/repository/com/sun/xml/bind/jaxb-impl/2.3.0.1/jaxb-impl-2.3.0.1.jar:/home/user/.m2/repository/com/sun/xml/bind/jaxb-core/2.3.0.1/jaxb-core-2.3.0.1.jar:/home/user/.m2/repository/javax/xml/bind/jaxb-api/2.3.0/jaxb-api-2.3.0.jar:/home/user/.m2/repository/javax/activation/activation/1.1.1/activation-1.1.1.jar:/home/user/.m2/repository/org/apache/hadoop/hadoop-ozone-csi/0.5.0-SNAPSHOT/hadoop-ozone-csi-0.5.0-SNAPSHOT.jar:/home/user/.m2/repository/com/google/protobuf/protobuf-java-util/3.5.1/protobuf-java-util-3.5.1.jar:/home/user/.m2/repository/org/apache/hadoop/hadoop-hdds-config/0.5.0-SNAPSHOT/hadoop-hdds-config-0.5.0-SNAPSHOT.jar:/home/user/.m2/repository/io/grpc/grpc-netty/1.17.1/grpc-netty-1.17.1.jar:/home/user/.m2/repository/io/grpc/grpc-core/1.17.1/grpc-core-1.17.1.jar:/home/user/.m2/repository/io/grpc/grpc-context/1.17.1/grpc-context-1.17.1.jar:/home/user/.m2/repository/com/google/errorprone/error_prone_annotations/2.2.0/error_prone_annotations-2.2.0.jar:/home/user/.m2/repository/org/codehaus/mojo/animal-sniffer-annotations/1.17/animal-sniffer-annotations-1.17.jar:/home/user/.m2/repository/io/opencensus/opencensus-api/0.17.0/opencensus-api-0.17.0.jar:/home/user/.m2/repository/io/opencensus/opencensus-contrib-grpc-metrics/0.17.0/opencensus-contrib-grpc-metrics-0.17.0.jar:/home/user/.m2/repository/io/netty/netty-codec-http2/4.1.30.Final/netty-codec-http2-4.1.30.Final.jar:/home/user/.m2/repository/io/netty/netty-codec-http/4.1.30.Final/netty-codec-http-4.1.30.Final.jar:/home/user/.m2/repository/io/netty/netty-codec/4.1.30.Final/netty-codec-4.1.30.Final.jar:/home/user/.m2/repository/io/netty/netty-handler/4.1.30.Final/netty-handler-4.1.30.Final.jar:/home/user/.m2/repository/io/netty/netty-handler-proxy/4.1.30.Final/netty-handler-proxy-4.1.30.Final.jar:/home/user/.m2/repository/io/netty/netty-codec-socks/4.1.30.Final/netty-codec-socks-4.1.30.Final.jar:/home/user/.m2/repository/io/netty/netty-transport-native-epoll/4.1.30.Final/netty-transport-native-epoll-4.1.30.Final.jar:/home/user/.m2/repository/io/netty/netty-common/4.1.30.Final/netty-common-4.1.30.Final.jar:/home/user/.m2/repository/io/netty/netty-buffer/4.1.30.Final/netty-buffer-4.1.30.Final.jar:/home/user/.m2/repository/io/netty/netty-transport/4.1.30.Final/netty-transport-4.1.30.Final.jar:/home/user/.m2/repository/io/netty/netty-resolver/4.1.30.Final/netty-resolver-4.1.30.Final.jar:/home/user/.m2/repository/io/netty/netty-transport-native-unix-common/4.1.30.Final/netty-transport-native-unix-common-4.1.30.Final.jar:/home/user/.m2/repository/io/grpc/grpc-protobuf/1.17.1/grpc-protobuf-1.17.1.jar:/home/user/.m2/repository/com/google/api/grpc/proto-google-common-protos/1.0.0/proto-google-common-protos-1.0.0.jar:/home/user/.m2/repository/io/grpc/grpc-protobuf-lite/1.17.1/grpc-protobuf-lite-1.17.1.jar:/home/user/.m2/repository/io/grpc/grpc-stub/1.17.1/grpc-stub-1.17.1.jar:/home/user/.m2/repository/org/apache/hadoop/hadoop-ozone-recon/0.5.0-SNAPSHOT/hadoop-ozone-recon-0.5.0-SNAPSHOT.jar:/home/user/.m2/repository/org/apache/hadoop/hadoop-ozone-reconcodegen/0.5.0-SNAPSHOT/hadoop-ozone-reconcodegen-0.5.0-SNAPSHOT.jar:/home/user/.m2/repository/com/google/inject/extensions/guice-multibindings/4.0/guice-multibindings-4.0.jar:/home/user/.m2/repository/com/google/inject/guice/4.0/guice-4.0.jar:/home/user/.m2/repository/aopalliance/aopalliance/1.0/aopalliance-1.0.jar:/home/user/.m2/repository/com/google/inject/extensions/guice-servlet/4.0/guice-servlet-4.0.jar:/home/user/.m2/repository/org/glassfish/jersey/containers/jersey-container-servlet/2.27/jersey-container-servlet-2.27.jar:/home/user/.m2/repository/org/glassfish/hk2/guice-bridge/2.5.0/guice-bridge-2.5.0.jar:/home/user/.m2/repository/org/glassfish/jersey/core/jersey-server/2.27/jersey-server-2.27.jar:/home/user/.m2/repository/org/glassfish/jersey/core/jersey-client/2.27/jersey-client-2.27.jar:/home/user/.m2/repository/org/glassfish/jersey/media/jersey-media-jaxb/2.27/jersey-media-jaxb-2.27.jar:/home/user/.m2/repository/javax/validation/validation-api/1.1.0.Final/validation-api-1.1.0.Final.jar:/home/user/.m2/repository/org/glassfish/jersey/media/jersey-media-json-jackson/2.27/jersey-media-json-jackson-2.27.jar:/home/user/.m2/repository/org/glassfish/jersey/ext/jersey-entity-filtering/2.27/jersey-entity-filtering-2.27.jar:/home/user/.m2/repository/com/google/inject/extensions/guice-assistedinject/4.0/guice-assistedinject-4.0.jar:/home/user/.m2/repository/org/jooq/jooq/3.11.10/jooq-3.11.10.jar:/home/user/.m2/repository/org/jooq/jooq-meta/3.11.10/jooq-meta-3.11.10.jar:/home/user/.m2/repository/org/jooq/jooq-codegen/3.11.10/jooq-codegen-3.11.10.jar:/home/user/.m2/repository/com/jolbox/bonecp/0.8.0.RELEASE/bonecp-0.8.0.RELEASE.jar:/home/user/.m2/repository/org/xerial/sqlite-jdbc/3.25.2/sqlite-jdbc-3.25.2.jar:/home/user/.m2/repository/org/springframework/spring-jdbc/5.1.3.RELEASE/spring-jdbc-5.1.3.RELEASE.jar:/home/user/.m2/repository/org/springframework/spring-beans/5.1.3.RELEASE/spring-beans-5.1.3.RELEASE.jar:/home/user/.m2/repository/org/springframework/spring-core/5.1.3.RELEASE/spring-core-5.1.3.RELEASE.jar:/home/user/.m2/repository/org/springframework/spring-jcl/5.1.3.RELEASE/spring-jcl-5.1.3.RELEASE.jar:/home/user/.m2/repository/org/springframework/spring-tx/5.1.3.RELEASE/spring-tx-5.1.3.RELEASE.jar:/home/user/.m2/repository/org/apache/hadoop/hadoop-ozone-client/0.5.0-SNAPSHOT/hadoop-ozone-client-0.5.0-SNAPSHOT.jar:/home/user/.m2/repository/commons-lang/commons-lang/2.6/commons-lang-2.6.jar:/home/user/.m2/repository/org/apache/hadoop/hadoop-ozone-ozone-manager/0.5.0-SNAPSHOT/hadoop-ozone-ozone-manager-0.5.0-SNAPSHOT-tests.jar:/home/user/.m2/repository/junit/junit/4.11/junit-4.11.jar:/home/user/.m2/repository/org/hamcrest/hamcrest-core/1.3/hamcrest-core-1.3.jar:/home/user/.m2/repository/org/openjdk/jmh/jmh-core/1.19/jmh-core-1.19.jar:/home/user/.m2/repository/net/sf/jopt-simple/jopt-simple/4.6/jopt-simple-4.6.jar:/home/user/.m2/repository/org/apache/commons/commons-math3/3.1.1/commons-math3-3.1.1.jar:/home/user/.m2/repository/org/openjdk/jmh/jmh-generator-annprocess/1.19/jmh-generator-annprocess-1.19.jar:/home/user/.m2/repository/org/mockito/mockito-all/1.8.5/mockito-all-1.8.5.jar:/home/user/.m2/repository/org/apache/hadoop/hadoop-kms/3.2.0/hadoop-kms-3.2.0.jar:/home/user/.m2/repository/org/apache/hadoop/hadoop-auth/3.2.0/hadoop-auth-3.2.0.jar:/home/user/.m2/repository/com/nimbusds/nimbus-jose-jwt/4.41.1/nimbus-jose-jwt-4.41.1.jar:/home/user/.m2/repository/com/github/stephenc/jcip/jcip-annotations/1.0-1/jcip-annotations-1.0-1.jar:/home/user/.m2/repository/net/minidev/json-smart/2.3/json-smart-2.3.jar:/home/user/.m2/repository/net/minidev/accessors-smart/1.2/accessors-smart-1.2.jar:/home/user/.m2/repository/org/ow2/asm/asm/5.0.4/asm-5.0.4.jar:/home/user/.m2/repository/org/apache/curator/curator-framework/2.12.0/curator-framework-2.12.0.jar:/home/user/.m2/repository/com/sun/jersey/jersey-core/1.19/jersey-core-1.19.jar:/home/user/.m2/repository/javax/ws/rs/jsr311-api/1.1.1/jsr311-api-1.1.1.jar:/home/user/.m2/repository/com/sun/jersey/jersey-server/1.19/jersey-server-1.19.jar:/home/user/.m2/repository/javax/servlet/javax.servlet-api/3.1.0/javax.servlet-api-3.1.0.jar:/home/user/.m2/repository/org/eclipse/jetty/jetty-server/9.3.25.v20180904/jetty-server-9.3.25.v20180904.jar:/home/user/.m2/repository/org/eclipse/jetty/jetty-http/9.3.25.v20180904/jetty-http-9.3.25.v20180904.jar:/home/user/.m2/repository/org/eclipse/jetty/jetty-io/9.3.25.v20180904/jetty-io-9.3.25.v20180904.jar:/home/user/.m2/repository/org/eclipse/jetty/jetty-webapp/9.3.25.v20180904/jetty-webapp-9.3.25.v20180904.jar:/home/user/.m2/repository/org/eclipse/jetty/jetty-xml/9.3.25.v20180904/jetty-xml-9.3.25.v20180904.jar:/home/user/.m2/repository/log4j/log4j/1.2.17/log4j-1.2.17.jar:/home/user/.m2/repository/org/slf4j/slf4j-api/1.7.25/slf4j-api-1.7.25.jar:/home/user/.m2/repository/org/slf4j/jul-to-slf4j/1.7.25/jul-to-slf4j-1.7.25.jar:/home/user/.m2/repository/org/eclipse/jetty/jetty-util/9.3.25.v20180904/jetty-util-9.3.25.v20180904.jar:/home/user/.m2/repository/com/fasterxml/jackson/core/jackson-databind/2.9.9/jackson-databind-2.9.9.jar:/home/user/.m2/repository/org/apache/hadoop/hadoop-kms/3.2.0/hadoop-kms-3.2.0-tests.jar:/home/user/.m2/repository/org/apache/hadoop/hadoop-hdds-server-scm/0.5.0-SNAPSHOT/hadoop-hdds-server-scm-0.5.0-SNAPSHOT-tests.jar:/home/user/.m2/repository/org/apache/hadoop/hadoop-hdds-container-service/0.5.0-SNAPSHOT/hadoop-hdds-container-service-0.5.0-SNAPSHOT-tests.jar:/home/user/.m2/repository/org/yaml/snakeyaml/1.16/snakeyaml-1.16.jar:/home/user/.m2/repository/org/apache/hadoop/hadoop-common/3.2.0/hadoop-common-3.2.0-tests.jar:/home/user/.m2/repository/org/apache/hadoop/hadoop-annotations/3.2.0/hadoop-annotations-3.2.0.jar:/usr/lib/jvm/java-1.8-openjdk/jre/../lib/tools.jar:/home/user/.m2/repository/commons-cli/commons-cli/1.2/commons-cli-1.2.jar:/home/user/.m2/repository/org/apache/httpcomponents/httpclient/4.5.2/httpclient-4.5.2.jar:/home/user/.m2/repository/org/apache/httpcomponents/httpcore/4.4.4/httpcore-4.4.4.jar:/home/user/.m2/repository/commons-codec/commons-codec/1.11/commons-codec-1.11.jar:/home/user/.m2/repository/commons-net/commons-net/3.6/commons-net-3.6.jar:/home/user/.m2/repository/commons-collections/commons-collections/3.2.2/commons-collections-3.2.2.jar:/home/user/.m2/repository/org/eclipse/jetty/jetty-servlet/9.3.25.v20180904/jetty-servlet-9.3.25.v20180904.jar:/home/user/.m2/repository/org/eclipse/jetty/jetty-security/9.3.25.v20180904/jetty-security-9.3.25.v20180904.jar:/home/user/.m2/repository/javax/servlet/jsp/jsp-api/2.1/jsp-api-2.1.jar:/home/user/.m2/repository/com/sun/jersey/jersey-servlet/1.19/jersey-servlet-1.19.jar:/home/user/.m2/repository/com/sun/jersey/jersey-json/1.19/jersey-json-1.19.jar:/home/user/.m2/repository/org/codehaus/jettison/jettison/1.1/jettison-1.1.jar:/home/user/.m2/repository/org/codehaus/jackson/jackson-core-asl/1.9.13/jackson-core-asl-1.9.13.jar:/home/user/.m2/repository/org/codehaus/jackson/jackson-mapper-asl/1.9.13/jackson-mapper-asl-1.9.13.jar:/home/user/.m2/repository/org/codehaus/jackson/jackson-jaxrs/1.9.13/jackson-jaxrs-1.9.13.jar:/home/user/.m2/repository/org/codehaus/jackson/jackson-xc/1.9.13/jackson-xc-1.9.13.jar:/home/user/.m2/repository/commons-logging/commons-logging/1.1.3/commons-logging-1.1.3.jar:/home/user/.m2/repository/commons-beanutils/commons-beanutils/1.9.4/commons-beanutils-1.9.4.jar:/home/user/.m2/repository/org/apache/commons/commons-configuration2/2.1.1/commons-configuration2-2.1.1.jar:/home/user/.m2/repository/org/apache/commons/commons-lang3/3.7/commons-lang3-3.7.jar:/home/user/.m2/repository/org/apache/commons/commons-text/1.4/commons-text-1.4.jar:/home/user/.m2/repository/org/apache/avro/avro/1.7.7/avro-1.7.7.jar:/home/user/.m2/repository/com/thoughtworks/paranamer/paranamer/2.3/paranamer-2.3.jar:/home/user/.m2/repository/org/xerial/snappy/snappy-java/1.0.5/snappy-java-1.0.5.jar:/home/user/.m2/repository/com/google/re2j/re2j/1.1/re2j-1.1.jar:/home/user/.m2/repository/com/google/code/gson/gson/2.2.4/gson-2.2.4.jar:/home/user/.m2/repository/com/jcraft/jsch/0.1.54/jsch-0.1.54.jar:/home/user/.m2/repository/org/apache/curator/curator-client/2.12.0/curator-client-2.12.0.jar:/home/user/.m2/repository/org/apache/curator/curator-recipes/2.12.0/curator-recipes-2.12.0.jar:/home/user/.m2/repository/com/google/code/findbugs/jsr305/3.0.0/jsr305-3.0.0.jar:/home/user/.m2/repository/org/apache/htrace/htrace-core4/4.1.0-incubating/htrace-core4-4.1.0-incubating.jar:/home/user/.m2/repository/org/apache/zookeeper/zookeeper/3.4.13/zookeeper-3.4.13.jar:/home/user/.m2/repository/jline/jline/0.9.94/jline-0.9.94.jar:/home/user/.m2/repository/org/apache/yetus/audience-annotations/0.5.0/audience-annotations-0.5.0.jar:/home/user/.m2/repository/org/codehaus/woodstox/stax2-api/3.1.4/stax2-api-3.1.4.jar:/home/user/.m2/repository/com/fasterxml/woodstox/woodstox-core/5.0.3/woodstox-core-5.0.3.jar:/home/user/.m2/repository/dnsjava/dnsjava/2.1.7/dnsjava-2.1.7.jar:/home/user/.m2/repository/org/apache/hadoop/hadoop-hdfs/3.2.0/hadoop-hdfs-3.2.0-tests.jar:/home/user/.m2/repository/org/eclipse/jetty/jetty-util-ajax/9.3.25.v20180904/jetty-util-ajax-9.3.25.v20180904.jar:/home/user/.m2/repository/commons-daemon/commons-daemon/1.0.13/commons-daemon-1.0.13.jar:/home/user/.m2/repository/io/netty/netty/3.10.5.Final/netty-3.10.5.Final.jar:/home/user/.m2/repository/io/netty/netty-all/4.0.52.Final/netty-all-4.0.52.Final.jar:/home/user/.m2/repository/org/fusesource/leveldbjni/leveldbjni-all/1.8/leveldbjni-all-1.8.jar:"/>
    <property name="java.vm.vendor" value="IcedTea"/>
    <property name="sun.arch.data.model" value="64"/>
    <property name="test.build.dir" value="/workdir/hadoop-ozone/integration-test/target/test-dir"/>
    <property name="test.cache.data" value=""/>
    <property name="java.vendor.url" value="https://icedtea.classpath.org"/>
    <property name="user.timezone" value=""/>
    <property name="java.vm.specification.version" value="1.8"/>
    <property name="os.name" value="Linux"/>
    <property name="test.build.data" value="/workdir/hadoop-ozone/integration-test/target/test-dir"/>
    <property name="user.country" value="US"/>
    <property name="sun.java.launcher" value="SUN_STANDARD"/>
    <property name="sun.boot.library.path" value="/usr/lib/jvm/java-1.8-openjdk/jre/lib/amd64"/>
    <property name="sun.java.command" value="/workdir/hadoop-ozone/integration-test/target/surefire/surefirebooter1560535532885187543.jar /workdir/hadoop-ozone/integration-test/target/surefire 2019-10-02T10-06-38_868-jvmRun1 surefire4647815237333719216tmp surefire_735796879868222417957tmp"/>
    <property name="test" value="!TestMiniChaosOzoneCluster"/>
    <property name="surefire.test.class.path" value="/workdir/hadoop-ozone/integration-test/target/test-classes:/workdir/hadoop-ozone/integration-test/target/classes:/home/user/.m2/repository/org/apache/hadoop/hadoop-ozone-common/0.5.0-SNAPSHOT/hadoop-ozone-common-0.5.0-SNAPSHOT.jar:/home/user/.m2/repository/org/apache/commons/commons-compress/1.4.1/commons-compress-1.4.1.jar:/home/user/.m2/repository/org/tukaani/xz/1.0/xz-1.0.jar:/home/user/.m2/repository/org/apache/hadoop/hadoop-common/3.2.0/hadoop-common-3.2.0.jar:/home/user/.m2/repository/org/apache/hadoop/hadoop-hdfs/3.2.0/hadoop-hdfs-3.2.0.jar:/home/user/.m2/repository/org/apache/hadoop/hadoop-hdfs-client/3.2.0/hadoop-hdfs-client-3.2.0.jar:/home/user/.m2/repository/com/fasterxml/jackson/core/jackson-annotations/2.9.9/jackson-annotations-2.9.9.jar:/home/user/.m2/repository/org/apache/hadoop/hadoop-hdds-common/0.5.0-SNAPSHOT/hadoop-hdds-common-0.5.0-SNAPSHOT.jar:/home/user/.m2/repository/javax/annotation/javax.annotation-api/1.2/javax.annotation-api-1.2.jar:/home/user/.m2/repository/org/apache/ratis/ratis-server/0.4.0/ratis-server-0.4.0.jar:/home/user/.m2/repository/org/apache/ratis/ratis-thirdparty-misc/0.2.0/ratis-thirdparty-misc-0.2.0.jar:/home/user/.m2/repository/org/apache/ratis/ratis-proto/0.4.0/ratis-proto-0.4.0.jar:/home/user/.m2/repository/org/apache/ratis/ratis-common/0.4.0/ratis-common-0.4.0.jar:/home/user/.m2/repository/org/apache/ratis/ratis-client/0.4.0/ratis-client-0.4.0.jar:/home/user/.m2/repository/org/apache/ratis/ratis-metrics/0.4.0/ratis-metrics-0.4.0.jar:/home/user/.m2/repository/com/github/joshelser/dropwizard-metrics-hadoop-metrics2-reporter/0.1.2/dropwizard-metrics-hadoop-metrics2-reporter-0.1.2.jar:/home/user/.m2/repository/io/dropwizard/metrics/metrics-jvm/3.2.5/metrics-jvm-3.2.5.jar:/home/user/.m2/repository/io/dropwizard/metrics/metrics-ganglia/3.2.5/metrics-ganglia-3.2.5.jar:/home/user/.m2/repository/info/ganglia/gmetric4j/gmetric4j/1.0.7/gmetric4j-1.0.7.jar:/home/user/.m2/repository/org/apache/ratis/ratis-netty/0.4.0/ratis-netty-0.4.0.jar:/home/user/.m2/repository/org/apache/ratis/ratis-grpc/0.4.0/ratis-grpc-0.4.0.jar:/home/user/.m2/repository/org/rocksdb/rocksdbjni/6.0.1/rocksdbjni-6.0.1.jar:/home/user/.m2/repository/org/apache/logging/log4j/log4j-api/2.11.0/log4j-api-2.11.0.jar:/home/user/.m2/repository/org/apache/logging/log4j/log4j-core/2.11.0/log4j-core-2.11.0.jar:/home/user/.m2/repository/com/lmax/disruptor/3.4.2/disruptor-3.4.2.jar:/home/user/.m2/repository/org/apache/commons/commons-pool2/2.6.0/commons-pool2-2.6.0.jar:/home/user/.m2/repository/org/bouncycastle/bcpkix-jdk15on/1.60/bcpkix-jdk15on-1.60.jar:/home/user/.m2/repository/commons-validator/commons-validator/1.6/commons-validator-1.6.jar:/home/user/.m2/repository/commons-digester/commons-digester/1.8.1/commons-digester-1.8.1.jar:/home/user/.m2/repository/io/jaegertracing/jaeger-client/0.34.0/jaeger-client-0.34.0.jar:/home/user/.m2/repository/io/jaegertracing/jaeger-thrift/0.34.0/jaeger-thrift-0.34.0.jar:/home/user/.m2/repository/org/apache/thrift/libthrift/0.12.0/libthrift-0.12.0.jar:/home/user/.m2/repository/com/squareup/okhttp3/okhttp/3.9.0/okhttp-3.9.0.jar:/home/user/.m2/repository/com/squareup/okio/okio/1.13.0/okio-1.13.0.jar:/home/user/.m2/repository/io/jaegertracing/jaeger-core/0.34.0/jaeger-core-0.34.0.jar:/home/user/.m2/repository/io/jaegertracing/jaeger-tracerresolver/0.34.0/jaeger-tracerresolver-0.34.0.jar:/home/user/.m2/repository/io/opentracing/contrib/opentracing-tracerresolver/0.1.5/opentracing-tracerresolver-0.1.5.jar:/home/user/.m2/repository/io/opentracing/opentracing-util/0.31.0/opentracing-util-0.31.0.jar:/home/user/.m2/repository/io/opentracing/opentracing-api/0.31.0/opentracing-api-0.31.0.jar:/home/user/.m2/repository/io/opentracing/opentracing-noop/0.31.0/opentracing-noop-0.31.0.jar:/home/user/.m2/repository/org/apache/hadoop/hadoop-hdds-server-framework/0.5.0-SNAPSHOT/hadoop-hdds-server-framework-0.5.0-SNAPSHOT.jar:/home/user/.m2/repository/org/apache/hadoop/hadoop-hdds-container-service/0.5.0-SNAPSHOT/hadoop-hdds-container-service-0.5.0-SNAPSHOT.jar:/home/user/.m2/repository/org/apache/hadoop/hadoop-hdds-client/0.5.0-SNAPSHOT/hadoop-hdds-client-0.5.0-SNAPSHOT.jar:/home/user/.m2/repository/org/apache/hadoop/hadoop-hdds-tools/0.5.0-SNAPSHOT/hadoop-hdds-tools-0.5.0-SNAPSHOT.jar:/home/user/.m2/repository/org/apache/hadoop/hadoop-hdds-server-scm/0.5.0-SNAPSHOT/hadoop-hdds-server-scm-0.5.0-SNAPSHOT.jar:/home/user/.m2/repository/org/apache/hadoop/hadoop-hdds-docs/0.5.0-SNAPSHOT/hadoop-hdds-docs-0.5.0-SNAPSHOT.jar:/home/user/.m2/repository/io/dropwizard/metrics/metrics-core/3.2.4/metrics-core-3.2.4.jar:/home/user/.m2/repository/org/hamcrest/hamcrest-all/1.3/hamcrest-all-1.3.jar:/home/user/.m2/repository/org/bouncycastle/bcprov-jdk15on/1.60/bcprov-jdk15on-1.60.jar:/home/user/.m2/repository/info/picocli/picocli/3.9.6/picocli-3.9.6.jar:/home/user/.m2/repository/com/google/protobuf/protobuf-java/2.5.0/protobuf-java-2.5.0.jar:/home/user/.m2/repository/com/google/guava/guava/11.0.2/guava-11.0.2.jar:/home/user/.m2/repository/org/apache/hadoop/hadoop-ozone-ozone-manager/0.5.0-SNAPSHOT/hadoop-ozone-ozone-manager-0.5.0-SNAPSHOT.jar:/home/user/.m2/repository/org/apache/hadoop/hadoop-minikdc/3.2.0/hadoop-minikdc-3.2.0.jar:/home/user/.m2/repository/commons-io/commons-io/2.5/commons-io-2.5.jar:/home/user/.m2/repository/org/apache/kerby/kerb-simplekdc/1.0.1/kerb-simplekdc-1.0.1.jar:/home/user/.m2/repository/org/apache/kerby/kerb-client/1.0.1/kerb-client-1.0.1.jar:/home/user/.m2/repository/org/apache/kerby/kerby-config/1.0.1/kerby-config-1.0.1.jar:/home/user/.m2/repository/org/apache/kerby/kerb-core/1.0.1/kerb-core-1.0.1.jar:/home/user/.m2/repository/org/apache/kerby/kerby-pkix/1.0.1/kerby-pkix-1.0.1.jar:/home/user/.m2/repository/org/apache/kerby/kerby-asn1/1.0.1/kerby-asn1-1.0.1.jar:/home/user/.m2/repository/org/apache/kerby/kerby-util/1.0.1/kerby-util-1.0.1.jar:/home/user/.m2/repository/org/apache/kerby/kerb-common/1.0.1/kerb-common-1.0.1.jar:/home/user/.m2/repository/org/apache/kerby/kerb-crypto/1.0.1/kerb-crypto-1.0.1.jar:/home/user/.m2/repository/org/apache/kerby/kerb-util/1.0.1/kerb-util-1.0.1.jar:/home/user/.m2/repository/org/apache/kerby/token-provider/1.0.1/token-provider-1.0.1.jar:/home/user/.m2/repository/org/apache/kerby/kerb-admin/1.0.1/kerb-admin-1.0.1.jar:/home/user/.m2/repository/org/apache/kerby/kerb-server/1.0.1/kerb-server-1.0.1.jar:/home/user/.m2/repository/org/apache/kerby/kerb-identity/1.0.1/kerb-identity-1.0.1.jar:/home/user/.m2/repository/org/apache/kerby/kerby-xdr/1.0.1/kerby-xdr-1.0.1.jar:/home/user/.m2/repository/org/slf4j/slf4j-log4j12/1.7.25/slf4j-log4j12-1.7.25.jar:/home/user/.m2/repository/org/apache/hadoop/hadoop-ozone-s3gateway/0.5.0-SNAPSHOT/hadoop-ozone-s3gateway-0.5.0-SNAPSHOT.jar:/home/user/.m2/repository/org/jboss/weld/servlet/weld-servlet/2.4.7.Final/weld-servlet-2.4.7.Final.jar:/home/user/.m2/repository/org/glassfish/jersey/containers/jersey-container-servlet-core/2.27/jersey-container-servlet-core-2.27.jar:/home/user/.m2/repository/org/glassfish/hk2/external/javax.inject/2.5.0-b42/javax.inject-2.5.0-b42.jar:/home/user/.m2/repository/org/glassfish/jersey/core/jersey-common/2.27/jersey-common-2.27.jar:/home/user/.m2/repository/org/glassfish/hk2/osgi-resource-locator/1.0.1/osgi-resource-locator-1.0.1.jar:/home/user/.m2/repository/javax/ws/rs/javax.ws.rs-api/2.1/javax.ws.rs-api-2.1.jar:/home/user/.m2/repository/org/glassfish/jersey/ext/cdi/jersey-cdi1x/2.27/jersey-cdi1x-2.27.jar:/home/user/.m2/repository/org/glassfish/jersey/inject/jersey-hk2/2.27/jersey-hk2-2.27.jar:/home/user/.m2/repository/org/glassfish/hk2/hk2-locator/2.5.0-b42/hk2-locator-2.5.0-b42.jar:/home/user/.m2/repository/org/javassist/javassist/3.22.0-CR2/javassist-3.22.0-CR2.jar:/home/user/.m2/repository/org/glassfish/hk2/hk2-api/2.5.0/hk2-api-2.5.0.jar:/home/user/.m2/repository/org/glassfish/hk2/external/jakarta.inject/2.5.0/jakarta.inject-2.5.0.jar:/home/user/.m2/repository/org/glassfish/hk2/hk2-utils/2.5.0/hk2-utils-2.5.0.jar:/home/user/.m2/repository/jakarta/annotation/jakarta.annotation-api/1.3.4/jakarta.annotation-api-1.3.4.jar:/home/user/.m2/repository/org/glassfish/hk2/external/aopalliance-repackaged/2.5.0/aopalliance-repackaged-2.5.0.jar:/home/user/.m2/repository/com/fasterxml/jackson/dataformat/jackson-dataformat-xml/2.9.0/jackson-dataformat-xml-2.9.0.jar:/home/user/.m2/repository/com/fasterxml/jackson/core/jackson-core/2.9.9/jackson-core-2.9.9.jar:/home/user/.m2/repository/com/fasterxml/jackson/module/jackson-module-jaxb-annotations/2.9.9/jackson-module-jaxb-annotations-2.9.9.jar:/home/user/.m2/repository/javax/enterprise/cdi-api/1.2/cdi-api-1.2.jar:/home/user/.m2/repository/javax/el/javax.el-api/3.0.0/javax.el-api-3.0.0.jar:/home/user/.m2/repository/javax/interceptor/javax.interceptor-api/1.2/javax.interceptor-api-1.2.jar:/home/user/.m2/repository/javax/inject/javax.inject/1/javax.inject-1.jar:/home/user/.m2/repository/com/sun/xml/bind/jaxb-impl/2.3.0.1/jaxb-impl-2.3.0.1.jar:/home/user/.m2/repository/com/sun/xml/bind/jaxb-core/2.3.0.1/jaxb-core-2.3.0.1.jar:/home/user/.m2/repository/javax/xml/bind/jaxb-api/2.3.0/jaxb-api-2.3.0.jar:/home/user/.m2/repository/javax/activation/activation/1.1.1/activation-1.1.1.jar:/home/user/.m2/repository/org/apache/hadoop/hadoop-ozone-csi/0.5.0-SNAPSHOT/hadoop-ozone-csi-0.5.0-SNAPSHOT.jar:/home/user/.m2/repository/com/google/protobuf/protobuf-java-util/3.5.1/protobuf-java-util-3.5.1.jar:/home/user/.m2/repository/org/apache/hadoop/hadoop-hdds-config/0.5.0-SNAPSHOT/hadoop-hdds-config-0.5.0-SNAPSHOT.jar:/home/user/.m2/repository/io/grpc/grpc-netty/1.17.1/grpc-netty-1.17.1.jar:/home/user/.m2/repository/io/grpc/grpc-core/1.17.1/grpc-core-1.17.1.jar:/home/user/.m2/repository/io/grpc/grpc-context/1.17.1/grpc-context-1.17.1.jar:/home/user/.m2/repository/com/google/errorprone/error_prone_annotations/2.2.0/error_prone_annotations-2.2.0.jar:/home/user/.m2/repository/org/codehaus/mojo/animal-sniffer-annotations/1.17/animal-sniffer-annotations-1.17.jar:/home/user/.m2/repository/io/opencensus/opencensus-api/0.17.0/opencensus-api-0.17.0.jar:/home/user/.m2/repository/io/opencensus/opencensus-contrib-grpc-metrics/0.17.0/opencensus-contrib-grpc-metrics-0.17.0.jar:/home/user/.m2/repository/io/netty/netty-codec-http2/4.1.30.Final/netty-codec-http2-4.1.30.Final.jar:/home/user/.m2/repository/io/netty/netty-codec-http/4.1.30.Final/netty-codec-http-4.1.30.Final.jar:/home/user/.m2/repository/io/netty/netty-codec/4.1.30.Final/netty-codec-4.1.30.Final.jar:/home/user/.m2/repository/io/netty/netty-handler/4.1.30.Final/netty-handler-4.1.30.Final.jar:/home/user/.m2/repository/io/netty/netty-handler-proxy/4.1.30.Final/netty-handler-proxy-4.1.30.Final.jar:/home/user/.m2/repository/io/netty/netty-codec-socks/4.1.30.Final/netty-codec-socks-4.1.30.Final.jar:/home/user/.m2/repository/io/netty/netty-transport-native-epoll/4.1.30.Final/netty-transport-native-epoll-4.1.30.Final.jar:/home/user/.m2/repository/io/netty/netty-common/4.1.30.Final/netty-common-4.1.30.Final.jar:/home/user/.m2/repository/io/netty/netty-buffer/4.1.30.Final/netty-buffer-4.1.30.Final.jar:/home/user/.m2/repository/io/netty/netty-transport/4.1.30.Final/netty-transport-4.1.30.Final.jar:/home/user/.m2/repository/io/netty/netty-resolver/4.1.30.Final/netty-resolver-4.1.30.Final.jar:/home/user/.m2/repository/io/netty/netty-transport-native-unix-common/4.1.30.Final/netty-transport-native-unix-common-4.1.30.Final.jar:/home/user/.m2/repository/io/grpc/grpc-protobuf/1.17.1/grpc-protobuf-1.17.1.jar:/home/user/.m2/repository/com/google/api/grpc/proto-google-common-protos/1.0.0/proto-google-common-protos-1.0.0.jar:/home/user/.m2/repository/io/grpc/grpc-protobuf-lite/1.17.1/grpc-protobuf-lite-1.17.1.jar:/home/user/.m2/repository/io/grpc/grpc-stub/1.17.1/grpc-stub-1.17.1.jar:/home/user/.m2/repository/org/apache/hadoop/hadoop-ozone-recon/0.5.0-SNAPSHOT/hadoop-ozone-recon-0.5.0-SNAPSHOT.jar:/home/user/.m2/repository/org/apache/hadoop/hadoop-ozone-reconcodegen/0.5.0-SNAPSHOT/hadoop-ozone-reconcodegen-0.5.0-SNAPSHOT.jar:/home/user/.m2/repository/com/google/inject/extensions/guice-multibindings/4.0/guice-multibindings-4.0.jar:/home/user/.m2/repository/com/google/inject/guice/4.0/guice-4.0.jar:/home/user/.m2/repository/aopalliance/aopalliance/1.0/aopalliance-1.0.jar:/home/user/.m2/repository/com/google/inject/extensions/guice-servlet/4.0/guice-servlet-4.0.jar:/home/user/.m2/repository/org/glassfish/jersey/containers/jersey-container-servlet/2.27/jersey-container-servlet-2.27.jar:/home/user/.m2/repository/org/glassfish/hk2/guice-bridge/2.5.0/guice-bridge-2.5.0.jar:/home/user/.m2/repository/org/glassfish/jersey/core/jersey-server/2.27/jersey-server-2.27.jar:/home/user/.m2/repository/org/glassfish/jersey/core/jersey-client/2.27/jersey-client-2.27.jar:/home/user/.m2/repository/org/glassfish/jersey/media/jersey-media-jaxb/2.27/jersey-media-jaxb-2.27.jar:/home/user/.m2/repository/javax/validation/validation-api/1.1.0.Final/validation-api-1.1.0.Final.jar:/home/user/.m2/repository/org/glassfish/jersey/media/jersey-media-json-jackson/2.27/jersey-media-json-jackson-2.27.jar:/home/user/.m2/repository/org/glassfish/jersey/ext/jersey-entity-filtering/2.27/jersey-entity-filtering-2.27.jar:/home/user/.m2/repository/com/google/inject/extensions/guice-assistedinject/4.0/guice-assistedinject-4.0.jar:/home/user/.m2/repository/org/jooq/jooq/3.11.10/jooq-3.11.10.jar:/home/user/.m2/repository/org/jooq/jooq-meta/3.11.10/jooq-meta-3.11.10.jar:/home/user/.m2/repository/org/jooq/jooq-codegen/3.11.10/jooq-codegen-3.11.10.jar:/home/user/.m2/repository/com/jolbox/bonecp/0.8.0.RELEASE/bonecp-0.8.0.RELEASE.jar:/home/user/.m2/repository/org/xerial/sqlite-jdbc/3.25.2/sqlite-jdbc-3.25.2.jar:/home/user/.m2/repository/org/springframework/spring-jdbc/5.1.3.RELEASE/spring-jdbc-5.1.3.RELEASE.jar:/home/user/.m2/repository/org/springframework/spring-beans/5.1.3.RELEASE/spring-beans-5.1.3.RELEASE.jar:/home/user/.m2/repository/org/springframework/spring-core/5.1.3.RELEASE/spring-core-5.1.3.RELEASE.jar:/home/user/.m2/repository/org/springframework/spring-jcl/5.1.3.RELEASE/spring-jcl-5.1.3.RELEASE.jar:/home/user/.m2/repository/org/springframework/spring-tx/5.1.3.RELEASE/spring-tx-5.1.3.RELEASE.jar:/home/user/.m2/repository/org/apache/hadoop/hadoop-ozone-client/0.5.0-SNAPSHOT/hadoop-ozone-client-0.5.0-SNAPSHOT.jar:/home/user/.m2/repository/commons-lang/commons-lang/2.6/commons-lang-2.6.jar:/home/user/.m2/repository/org/apache/hadoop/hadoop-ozone-ozone-manager/0.5.0-SNAPSHOT/hadoop-ozone-ozone-manager-0.5.0-SNAPSHOT-tests.jar:/home/user/.m2/repository/junit/junit/4.11/junit-4.11.jar:/home/user/.m2/repository/org/hamcrest/hamcrest-core/1.3/hamcrest-core-1.3.jar:/home/user/.m2/repository/org/openjdk/jmh/jmh-core/1.19/jmh-core-1.19.jar:/home/user/.m2/repository/net/sf/jopt-simple/jopt-simple/4.6/jopt-simple-4.6.jar:/home/user/.m2/repository/org/apache/commons/commons-math3/3.1.1/commons-math3-3.1.1.jar:/home/user/.m2/repository/org/openjdk/jmh/jmh-generator-annprocess/1.19/jmh-generator-annprocess-1.19.jar:/home/user/.m2/repository/org/mockito/mockito-all/1.8.5/mockito-all-1.8.5.jar:/home/user/.m2/repository/org/apache/hadoop/hadoop-kms/3.2.0/hadoop-kms-3.2.0.jar:/home/user/.m2/repository/org/apache/hadoop/hadoop-auth/3.2.0/hadoop-auth-3.2.0.jar:/home/user/.m2/repository/com/nimbusds/nimbus-jose-jwt/4.41.1/nimbus-jose-jwt-4.41.1.jar:/home/user/.m2/repository/com/github/stephenc/jcip/jcip-annotations/1.0-1/jcip-annotations-1.0-1.jar:/home/user/.m2/repository/net/minidev/json-smart/2.3/json-smart-2.3.jar:/home/user/.m2/repository/net/minidev/accessors-smart/1.2/accessors-smart-1.2.jar:/home/user/.m2/repository/org/ow2/asm/asm/5.0.4/asm-5.0.4.jar:/home/user/.m2/repository/org/apache/curator/curator-framework/2.12.0/curator-framework-2.12.0.jar:/home/user/.m2/repository/com/sun/jersey/jersey-core/1.19/jersey-core-1.19.jar:/home/user/.m2/repository/javax/ws/rs/jsr311-api/1.1.1/jsr311-api-1.1.1.jar:/home/user/.m2/repository/com/sun/jersey/jersey-server/1.19/jersey-server-1.19.jar:/home/user/.m2/repository/javax/servlet/javax.servlet-api/3.1.0/javax.servlet-api-3.1.0.jar:/home/user/.m2/repository/org/eclipse/jetty/jetty-server/9.3.25.v20180904/jetty-server-9.3.25.v20180904.jar:/home/user/.m2/repository/org/eclipse/jetty/jetty-http/9.3.25.v20180904/jetty-http-9.3.25.v20180904.jar:/home/user/.m2/repository/org/eclipse/jetty/jetty-io/9.3.25.v20180904/jetty-io-9.3.25.v20180904.jar:/home/user/.m2/repository/org/eclipse/jetty/jetty-webapp/9.3.25.v20180904/jetty-webapp-9.3.25.v20180904.jar:/home/user/.m2/repository/org/eclipse/jetty/jetty-xml/9.3.25.v20180904/jetty-xml-9.3.25.v20180904.jar:/home/user/.m2/repository/log4j/log4j/1.2.17/log4j-1.2.17.jar:/home/user/.m2/repository/org/slf4j/slf4j-api/1.7.25/slf4j-api-1.7.25.jar:/home/user/.m2/repository/org/slf4j/jul-to-slf4j/1.7.25/jul-to-slf4j-1.7.25.jar:/home/user/.m2/repository/org/eclipse/jetty/jetty-util/9.3.25.v20180904/jetty-util-9.3.25.v20180904.jar:/home/user/.m2/repository/com/fasterxml/jackson/core/jackson-databind/2.9.9/jackson-databind-2.9.9.jar:/home/user/.m2/repository/org/apache/hadoop/hadoop-kms/3.2.0/hadoop-kms-3.2.0-tests.jar:/home/user/.m2/repository/org/apache/hadoop/hadoop-hdds-server-scm/0.5.0-SNAPSHOT/hadoop-hdds-server-scm-0.5.0-SNAPSHOT-tests.jar:/home/user/.m2/repository/org/apache/hadoop/hadoop-hdds-container-service/0.5.0-SNAPSHOT/hadoop-hdds-container-service-0.5.0-SNAPSHOT-tests.jar:/home/user/.m2/repository/org/yaml/snakeyaml/1.16/snakeyaml-1.16.jar:/home/user/.m2/repository/org/apache/hadoop/hadoop-common/3.2.0/hadoop-common-3.2.0-tests.jar:/home/user/.m2/repository/org/apache/hadoop/hadoop-annotations/3.2.0/hadoop-annotations-3.2.0.jar:/usr/lib/jvm/java-1.8-openjdk/jre/../lib/tools.jar:/home/user/.m2/repository/commons-cli/commons-cli/1.2/commons-cli-1.2.jar:/home/user/.m2/repository/org/apache/httpcomponents/httpclient/4.5.2/httpclient-4.5.2.jar:/home/user/.m2/repository/org/apache/httpcomponents/httpcore/4.4.4/httpcore-4.4.4.jar:/home/user/.m2/repository/commons-codec/commons-codec/1.11/commons-codec-1.11.jar:/home/user/.m2/repository/commons-net/commons-net/3.6/commons-net-3.6.jar:/home/user/.m2/repository/commons-collections/commons-collections/3.2.2/commons-collections-3.2.2.jar:/home/user/.m2/repository/org/eclipse/jetty/jetty-servlet/9.3.25.v20180904/jetty-servlet-9.3.25.v20180904.jar:/home/user/.m2/repository/org/eclipse/jetty/jetty-security/9.3.25.v20180904/jetty-security-9.3.25.v20180904.jar:/home/user/.m2/repository/javax/servlet/jsp/jsp-api/2.1/jsp-api-2.1.jar:/home/user/.m2/repository/com/sun/jersey/jersey-servlet/1.19/jersey-servlet-1.19.jar:/home/user/.m2/repository/com/sun/jersey/jersey-json/1.19/jersey-json-1.19.jar:/home/user/.m2/repository/org/codehaus/jettison/jettison/1.1/jettison-1.1.jar:/home/user/.m2/repository/org/codehaus/jackson/jackson-core-asl/1.9.13/jackson-core-asl-1.9.13.jar:/home/user/.m2/repository/org/codehaus/jackson/jackson-mapper-asl/1.9.13/jackson-mapper-asl-1.9.13.jar:/home/user/.m2/repository/org/codehaus/jackson/jackson-jaxrs/1.9.13/jackson-jaxrs-1.9.13.jar:/home/user/.m2/repository/org/codehaus/jackson/jackson-xc/1.9.13/jackson-xc-1.9.13.jar:/home/user/.m2/repository/commons-logging/commons-logging/1.1.3/commons-logging-1.1.3.jar:/home/user/.m2/repository/commons-beanutils/commons-beanutils/1.9.4/commons-beanutils-1.9.4.jar:/home/user/.m2/repository/org/apache/commons/commons-configuration2/2.1.1/commons-configuration2-2.1.1.jar:/home/user/.m2/repository/org/apache/commons/commons-lang3/3.7/commons-lang3-3.7.jar:/home/user/.m2/repository/org/apache/commons/commons-text/1.4/commons-text-1.4.jar:/home/user/.m2/repository/org/apache/avro/avro/1.7.7/avro-1.7.7.jar:/home/user/.m2/repository/com/thoughtworks/paranamer/paranamer/2.3/paranamer-2.3.jar:/home/user/.m2/repository/org/xerial/snappy/snappy-java/1.0.5/snappy-java-1.0.5.jar:/home/user/.m2/repository/com/google/re2j/re2j/1.1/re2j-1.1.jar:/home/user/.m2/repository/com/google/code/gson/gson/2.2.4/gson-2.2.4.jar:/home/user/.m2/repository/com/jcraft/jsch/0.1.54/jsch-0.1.54.jar:/home/user/.m2/repository/org/apache/curator/curator-client/2.12.0/curator-client-2.12.0.jar:/home/user/.m2/repository/org/apache/curator/curator-recipes/2.12.0/curator-recipes-2.12.0.jar:/home/user/.m2/repository/com/google/code/findbugs/jsr305/3.0.0/jsr305-3.0.0.jar:/home/user/.m2/repository/org/apache/htrace/htrace-core4/4.1.0-incubating/htrace-core4-4.1.0-incubating.jar:/home/user/.m2/repository/org/apache/zookeeper/zookeeper/3.4.13/zookeeper-3.4.13.jar:/home/user/.m2/repository/jline/jline/0.9.94/jline-0.9.94.jar:/home/user/.m2/repository/org/apache/yetus/audience-annotations/0.5.0/audience-annotations-0.5.0.jar:/home/user/.m2/repository/org/codehaus/woodstox/stax2-api/3.1.4/stax2-api-3.1.4.jar:/home/user/.m2/repository/com/fasterxml/woodstox/woodstox-core/5.0.3/woodstox-core-5.0.3.jar:/home/user/.m2/repository/dnsjava/dnsjava/2.1.7/dnsjava-2.1.7.jar:/home/user/.m2/repository/org/apache/hadoop/hadoop-hdfs/3.2.0/hadoop-hdfs-3.2.0-tests.jar:/home/user/.m2/repository/org/eclipse/jetty/jetty-util-ajax/9.3.25.v20180904/jetty-util-ajax-9.3.25.v20180904.jar:/home/user/.m2/repository/commons-daemon/commons-daemon/1.0.13/commons-daemon-1.0.13.jar:/home/user/.m2/repository/io/netty/netty/3.10.5.Final/netty-3.10.5.Final.jar:/home/user/.m2/repository/io/netty/netty-all/4.0.52.Final/netty-all-4.0.52.Final.jar:/home/user/.m2/repository/org/fusesource/leveldbjni/leveldbjni-all/1.8/leveldbjni-all-1.8.jar:"/>
    <property name="sun.cpu.endian" value="little"/>
    <property name="user.home" value="/home/user"/>
    <property name="user.language" value="en"/>
    <property name="java.specification.vendor" value="Oracle Corporation"/>
    <property name="java.home" value="/usr/lib/jvm/java-1.8-openjdk/jre"/>
    <property name="java.security.krb5.conf" value="/workdir/hadoop-ozone/integration-test/target/test-classes/krb5.conf"/>
    <property name="basedir" value="/workdir/hadoop-ozone/integration-test"/>
    <property name="file.separator" value="/"/>
    <property name="line.separator" value="&#10;"/>
    <property name="java.vm.specification.vendor" value="Oracle Corporation"/>
    <property name="java.specification.name" value="Java Platform API Specification"/>
    <property name="java.awt.graphicsenv" value="sun.awt.X11GraphicsEnvironment"/>
    <property name="surefire.real.class.path" value="/workdir/hadoop-ozone/integration-test/target/surefire/surefirebooter1560535532885187543.jar"/>
    <property name="hadoop.log.dir" value="/workdir/hadoop-ozone/integration-test/target/log"/>
    <property name="sun.boot.class.path" value="/usr/lib/jvm/java-1.8-openjdk/jre/lib/resources.jar:/usr/lib/jvm/java-1.8-openjdk/jre/lib/rt.jar:/usr/lib/jvm/java-1.8-openjdk/jre/lib/sunrsasign.jar:/usr/lib/jvm/java-1.8-openjdk/jre/lib/jsse.jar:/usr/lib/jvm/java-1.8-openjdk/jre/lib/jce.jar:/usr/lib/jvm/java-1.8-openjdk/jre/lib/charsets.jar:/usr/lib/jvm/java-1.8-openjdk/jre/lib/jfr.jar:/usr/lib/jvm/java-1.8-openjdk/jre/classes"/>
    <property name="sun.management.compiler" value="HotSpot 64-Bit Tiered Compilers"/>
    <property name="java.runtime.version" value="1.8.0_212-b04"/>
    <property name="java.net.preferIPv4Stack" value="true"/>
    <property name="user.name" value="jenkins1000"/>
    <property name="path.separator" value=":"/>
    <property name="java.security.egd" value="file:///dev/urandom"/>
    <property name="os.version" value="3.10.0-957.12.2.el7.x86_64"/>
    <property name="java.endorsed.dirs" value="/usr/lib/jvm/java-1.8-openjdk/jre/lib/endorsed"/>
    <property name="java.runtime.name" value="OpenJDK Runtime Environment"/>
    <property name="file.encoding" value="UTF-8"/>
    <property name="java.vm.name" value="OpenJDK 64-Bit Server VM"/>
    <property name="test.build.webapps" value=""/>
    <property name="localRepository" value="/home/user/.m2/repository"/>
    <property name="java.vendor.url.bug" value="https://icedtea.classpath.org/bugzilla"/>
    <property name="java.io.tmpdir" value="/tmp"/>
    <property name="require.test.libhadoop" value=""/>
    <property name="java.version" value="1.8.0_212"/>
    <property name="user.dir" value="/workdir/hadoop-ozone/integration-test"/>
    <property name="os.arch" value="amd64"/>
    <property name="java.vm.specification.name" value="Java Virtual Machine Specification"/>
    <property name="test.build.classes" value="/workdir/hadoop-ozone/integration-test/target/test-classes"/>
    <property name="java.awt.printerjob" value="sun.print.PSPrinterJob"/>
    <property name="sun.os.patch.level" value="unknown"/>
    <property name="hadoop.tmp.dir" value="/workdir/hadoop-ozone/integration-test/target/tmp"/>
    <property name="java.library.path" value="/usr/lib/jvm/java-1.8-openjdk/jre/lib/amd64/server:/usr/lib/jvm/java-1.8-openjdk/jre/lib/amd64:/usr/lib/jvm/java-1.8-openjdk/jre/../lib/amd64:/workdir/hadoop-ozone/integration-test/target/native/target/usr/local/lib:/workdir/hadoop-ozone/integration-test/../../hadoop-common-project/hadoop-common/target/native/target/usr/local/lib:/usr/java/packages/lib/amd64:/usr/lib64:/lib64:/lib:/usr/lib"/>
    <property name="java.vm.info" value="mixed mode"/>
    <property name="java.vendor" value="IcedTea"/>
    <property name="java.vm.version" value="25.212-b04"/>
    <property name="java.ext.dirs" value="/usr/lib/jvm/java-1.8-openjdk/jre/lib/ext:/usr/java/packages/lib/ext"/>
    <property name="sun.io.unicode.encoding" value="UnicodeLittle"/>
    <property name="java.class.version" value="52.0"/>
  </properties>
  <testcase name="testMultiBlockWritesWithIntermittentDnFailures" classname="org.apache.hadoop.ozone.client.rpc.TestMultiBlockWritesWithDnFailures" time="124.325">
    <failure message="expected:&lt;6&gt; but was:&lt;5&gt;" type="java.lang.AssertionError"><![CDATA[java.lang.AssertionError: expected:<6> but was:<5>
	at org.junit.Assert.fail(Assert.java:88)
	at org.junit.Assert.failNotEquals(Assert.java:743)
	at org.junit.Assert.assertEquals(Assert.java:118)
	at org.junit.Assert.assertEquals(Assert.java:555)
	at org.junit.Assert.assertEquals(Assert.java:542)
	at org.apache.hadoop.ozone.client.rpc.TestMultiBlockWritesWithDnFailures.testMultiBlockWritesWithIntermittentDnFailures(TestMultiBlockWritesWithDnFailures.java:176)
	at sun.reflect.NativeMethodAccessorImpl.invoke0(Native Method)
	at sun.reflect.NativeMethodAccessorImpl.invoke(NativeMethodAccessorImpl.java:62)
	at sun.reflect.DelegatingMethodAccessorImpl.invoke(DelegatingMethodAccessorImpl.java:43)
	at java.lang.reflect.Method.invoke(Method.java:498)
	at org.junit.runners.model.FrameworkMethod$1.runReflectiveCall(FrameworkMethod.java:47)
	at org.junit.internal.runners.model.ReflectiveCallable.run(ReflectiveCallable.java:12)
	at org.junit.runners.model.FrameworkMethod.invokeExplosively(FrameworkMethod.java:44)
	at org.junit.internal.runners.statements.InvokeMethod.evaluate(InvokeMethod.java:17)
	at org.junit.internal.runners.statements.RunAfters.evaluate(RunAfters.java:27)
	at org.junit.runners.ParentRunner.runLeaf(ParentRunner.java:271)
	at org.junit.runners.BlockJUnit4ClassRunner.runChild(BlockJUnit4ClassRunner.java:70)
	at org.junit.runners.BlockJUnit4ClassRunner.runChild(BlockJUnit4ClassRunner.java:50)
	at org.junit.runners.ParentRunner$3.run(ParentRunner.java:238)
	at org.junit.runners.ParentRunner$1.schedule(ParentRunner.java:63)
	at org.junit.runners.ParentRunner.runChildren(ParentRunner.java:236)
	at org.junit.runners.ParentRunner.access$000(ParentRunner.java:53)
	at org.junit.runners.ParentRunner$2.evaluate(ParentRunner.java:229)
	at org.junit.runners.ParentRunner.run(ParentRunner.java:309)
	at org.apache.maven.surefire.junit4.JUnit4Provider.execute(JUnit4Provider.java:365)
	at org.apache.maven.surefire.junit4.JUnit4Provider.executeWithRerun(JUnit4Provider.java:273)
	at org.apache.maven.surefire.junit4.JUnit4Provider.executeTestSet(JUnit4Provider.java:238)
	at org.apache.maven.surefire.junit4.JUnit4Provider.invoke(JUnit4Provider.java:159)
	at org.apache.maven.surefire.booter.ForkedBooter.invokeProviderInSameClassLoader(ForkedBooter.java:384)
	at org.apache.maven.surefire.booter.ForkedBooter.runSuitesInProcess(ForkedBooter.java:345)
	at org.apache.maven.surefire.booter.ForkedBooter.execute(ForkedBooter.java:126)
	at org.apache.maven.surefire.booter.ForkedBooter.main(ForkedBooter.java:418)
]]></failure>
    <system-out><![CDATA[2019-10-02 11:30:09,159 [main] WARN  server.ServerUtils (ServerUtils.java:getScmDbDir(145)) - ozone.scm.db.dirs is not configured. We recommend adding this setting. Falling back to ozone.metadata.dirs instead.
2019-10-02 11:30:10,445 [main] WARN  server.ServerUtils (ServerUtils.java:getScmDbDir(145)) - ozone.scm.db.dirs is not configured. We recommend adding this setting. Falling back to ozone.metadata.dirs instead.
2019-10-02 11:30:10,448 [main] WARN  server.ServerUtils (ServerUtils.java:getScmDbDir(145)) - ozone.scm.db.dirs is not configured. We recommend adding this setting. Falling back to ozone.metadata.dirs instead.
2019-10-02 11:30:10,464 [main] INFO  util.log (Log.java:initialized(192)) - Logging initialized @2032ms
2019-10-02 11:30:10,558 [main] INFO  db.DBStoreBuilder (DBStoreBuilder.java:addTable(110)) - using custom profile for table: deletedBlocks
2019-10-02 11:30:10,558 [main] INFO  db.DBStoreBuilder (DBStoreBuilder.java:processTables(161)) - Using default column profile:DBProfile.DISK for Table:deletedBlocks
2019-10-02 11:30:10,559 [main] INFO  db.DBStoreBuilder (DBStoreBuilder.java:addTable(110)) - using custom profile for table: validCerts
2019-10-02 11:30:10,559 [main] INFO  db.DBStoreBuilder (DBStoreBuilder.java:processTables(161)) - Using default column profile:DBProfile.DISK for Table:validCerts
2019-10-02 11:30:10,559 [main] INFO  db.DBStoreBuilder (DBStoreBuilder.java:addTable(110)) - using custom profile for table: revokedCerts
2019-10-02 11:30:10,560 [main] INFO  db.DBStoreBuilder (DBStoreBuilder.java:processTables(161)) - Using default column profile:DBProfile.DISK for Table:revokedCerts
2019-10-02 11:30:10,571 [main] INFO  db.DBStoreBuilder (DBStoreBuilder.java:addTable(110)) - using custom profile for table: default
2019-10-02 11:30:10,571 [main] INFO  db.DBStoreBuilder (DBStoreBuilder.java:processTables(167)) - Using default column profile:DBProfile.DISK for Table:default
2019-10-02 11:30:10,573 [main] INFO  db.DBStoreBuilder (DBStoreBuilder.java:getDbProfile(198)) - Using default options. DBProfile.DISK
2019-10-02 11:30:24,200 [main] INFO  net.NodeSchemaLoader (NodeSchemaLoader.java:loadSchemaFromFile(125)) - Loading file from sun.misc.CompoundEnumeration@14cd1699
2019-10-02 11:30:24,202 [main] INFO  net.NodeSchemaLoader (NodeSchemaLoader.java:loadSchema(171)) - Loading network topology layer schema file
2019-10-02 11:30:24,281 [main] INFO  node.SCMNodeManager (SCMNodeManager.java:<init>(114)) - Entering startup safe mode.
2019-10-02 11:30:24,353 [main] INFO  algorithms.ContainerPlacementPolicyFactory (ContainerPlacementPolicyFactory.java:getPolicy(57)) - Create container placement policy of type org.apache.hadoop.hdds.scm.container.placement.algorithms.SCMContainerPlacementRandom
2019-10-02 11:30:24,368 [main] WARN  server.ServerUtils (ServerUtils.java:getScmDbDir(145)) - ozone.scm.db.dirs is not configured. We recommend adding this setting. Falling back to ozone.metadata.dirs instead.
2019-10-02 11:30:24,624 [main] INFO  pipeline.SCMPipelineManager (SCMPipelineManager.java:initializePipelineState(132)) - No pipeline exists in current db
2019-10-02 11:30:24,626 [main] WARN  server.ServerUtils (ServerUtils.java:getScmDbDir(145)) - ozone.scm.db.dirs is not configured. We recommend adding this setting. Falling back to ozone.metadata.dirs instead.
2019-10-02 11:30:24,753 [main] WARN  events.EventQueue (EventQueue.java:fireEvent(183)) - No event handler registered for event TypedEvent{payloadType=SafeModeStatus, name='SafeModeStatus'}
2019-10-02 11:30:25,107 [main] INFO  ipc.CallQueueManager (CallQueueManager.java:<init>(84)) - Using callQueue: class java.util.concurrent.LinkedBlockingQueue, queueCapacity: 2000, scheduler: class org.apache.hadoop.ipc.DefaultRpcScheduler, ipcBackoff: false.
2019-10-02 11:30:25,142 [Socket Reader #1 for port 36022] INFO  ipc.Server (Server.java:run(1074)) - Starting Socket Reader #1 for port 36022
2019-10-02 11:30:25,265 [main] INFO  ipc.CallQueueManager (CallQueueManager.java:<init>(84)) - Using callQueue: class java.util.concurrent.LinkedBlockingQueue, queueCapacity: 2000, scheduler: class org.apache.hadoop.ipc.DefaultRpcScheduler, ipcBackoff: false.
2019-10-02 11:30:25,265 [Socket Reader #1 for port 45216] INFO  ipc.Server (Server.java:run(1074)) - Starting Socket Reader #1 for port 45216
2019-10-02 11:30:25,273 [main] INFO  ipc.CallQueueManager (CallQueueManager.java:<init>(84)) - Using callQueue: class java.util.concurrent.LinkedBlockingQueue, queueCapacity: 2000, scheduler: class org.apache.hadoop.ipc.DefaultRpcScheduler, ipcBackoff: false.
2019-10-02 11:30:25,273 [Socket Reader #1 for port 40211] INFO  ipc.Server (Server.java:run(1074)) - Starting Socket Reader #1 for port 40211
2019-10-02 11:30:25,291 [main] INFO  hdfs.DFSUtil (DFSUtil.java:httpServerTemplateForNNAndJN(1641)) - Starting Web-server for scm at: http://0.0.0.0:0
2019-10-02 11:30:25,423 [main] INFO  server.AuthenticationFilter (AuthenticationFilter.java:constructSecretProvider(240)) - Unable to initialize FileSignerSecretProvider, falling back to use random secrets.
2019-10-02 11:30:25,430 [main] WARN  http.HttpRequestLog (HttpRequestLog.java:getRequestLog(97)) - Jetty request log can only be enabled using Log4j
2019-10-02 11:30:25,438 [main] INFO  http.HttpServer2 (HttpServer2.java:addGlobalFilter(975)) - Added global filter 'safety' (class=org.apache.hadoop.http.HttpServer2$QuotingInputFilter)
2019-10-02 11:30:25,440 [main] INFO  http.HttpServer2 (HttpServer2.java:addFilter(948)) - Added filter static_user_filter (class=org.apache.hadoop.http.lib.StaticUserWebFilter$StaticUserFilter) to context scm
2019-10-02 11:30:25,440 [main] INFO  http.HttpServer2 (HttpServer2.java:addFilter(958)) - Added filter static_user_filter (class=org.apache.hadoop.http.lib.StaticUserWebFilter$StaticUserFilter) to context logs
2019-10-02 11:30:25,441 [main] INFO  http.HttpServer2 (HttpServer2.java:addFilter(958)) - Added filter static_user_filter (class=org.apache.hadoop.http.lib.StaticUserWebFilter$StaticUserFilter) to context static
2019-10-02 11:30:25,467 [main] INFO  server.StorageContainerManager (StorageContainerManager.java:start(770)) - StorageContainerLocationProtocol RPC server is listening at /0.0.0.0:40211
2019-10-02 11:30:25,525 [main] WARN  impl.MetricsConfig (MetricsConfig.java:loadFirst(134)) - Cannot locate configuration: tried hadoop-metrics2-storagecontainermanager.properties,hadoop-metrics2.properties
2019-10-02 11:30:25,537 [main] INFO  impl.MetricsSystemImpl (MetricsSystemImpl.java:startTimer(374)) - Scheduled Metric snapshot period at 10 second(s).
2019-10-02 11:30:25,537 [main] INFO  impl.MetricsSystemImpl (MetricsSystemImpl.java:start(191)) - StorageContainerManager metrics system started
2019-10-02 11:30:25,754 [main] INFO  server.SCMClientProtocolServer (SCMClientProtocolServer.java:start(150)) - RPC server for Client  is listening at /0.0.0.0:40211
2019-10-02 11:30:25,755 [IPC Server Responder] INFO  ipc.Server (Server.java:run(1314)) - IPC Server Responder: starting
2019-10-02 11:30:25,755 [IPC Server listener on 40211] INFO  ipc.Server (Server.java:run(1153)) - IPC Server listener on 40211: starting
2019-10-02 11:30:25,757 [main] INFO  server.StorageContainerManager (StorageContainerManager.java:start(780)) - ScmBlockLocationProtocol RPC server is listening at /0.0.0.0:45216
2019-10-02 11:30:25,758 [main] INFO  server.SCMBlockProtocolServer (SCMBlockProtocolServer.java:start(146)) - RPC server for Block Protocol is listening at /0.0.0.0:45216
2019-10-02 11:30:25,759 [IPC Server Responder] INFO  ipc.Server (Server.java:run(1314)) - IPC Server Responder: starting
2019-10-02 11:30:25,759 [IPC Server listener on 45216] INFO  ipc.Server (Server.java:run(1153)) - IPC Server listener on 45216: starting
2019-10-02 11:30:25,763 [main] INFO  server.StorageContainerManager (StorageContainerManager.java:start(784)) - ScmDatanodeProtocl RPC server is listening at /0.0.0.0:36022
2019-10-02 11:30:25,764 [main] INFO  server.SCMDatanodeProtocolServer (SCMDatanodeProtocolServer.java:start(191)) - RPC server for DataNodes is listening at /0.0.0.0:36022
2019-10-02 11:30:25,764 [IPC Server Responder] INFO  ipc.Server (Server.java:run(1314)) - IPC Server Responder: starting
2019-10-02 11:30:25,764 [IPC Server listener on 36022] INFO  ipc.Server (Server.java:run(1153)) - IPC Server listener on 36022: starting
2019-10-02 11:30:25,768 [main] INFO  http.HttpServer2 (HttpServer2.java:bindListener(1191)) - Jetty bound to port 37646
2019-10-02 11:30:25,770 [main] INFO  server.Server (Server.java:doStart(351)) - jetty-9.3.25.v20180904, build timestamp: 2018-09-04T21:11:46Z, git hash: 3ce520221d0240229c862b122d2b06c12a625732
2019-10-02 11:30:25,803 [main] INFO  handler.ContextHandler (ContextHandler.java:doStart(781)) - Started o.e.j.s.ServletContextHandler@4fce136b{/logs,file:///workdir/hadoop-ozone/integration-test/target/log,AVAILABLE}
2019-10-02 11:30:25,804 [main] INFO  handler.ContextHandler (ContextHandler.java:doStart(781)) - Started o.e.j.s.ServletContextHandler@43b6123e{/static,file:///workdir/hadoop-ozone/integration-test/target/test-classes/webapps/static,AVAILABLE}
2019-10-02 11:30:25,840 [main] INFO  handler.ContextHandler (ContextHandler.java:doStart(781)) - Started o.e.j.w.WebAppContext@6db66836{/,file:///workdir/hadoop-ozone/integration-test/target/test-classes/webapps/scm/,AVAILABLE}{/scm}
2019-10-02 11:30:25,848 [main] INFO  server.AbstractConnector (AbstractConnector.java:doStart(278)) - Started ServerConnector@1ee4730{HTTP/1.1,[http/1.1]}{0.0.0.0:37646}
2019-10-02 11:30:25,849 [main] INFO  server.Server (Server.java:doStart(419)) - Started @17416ms
2019-10-02 11:30:25,852 [main] INFO  impl.MetricsSinkAdapter (MetricsSinkAdapter.java:start(204)) - Sink prometheus started
2019-10-02 11:30:25,853 [main] INFO  impl.MetricsSystemImpl (MetricsSystemImpl.java:registerSink(301)) - Registered sink prometheus
2019-10-02 11:30:25,854 [main] INFO  server.BaseHttpServer (BaseHttpServer.java:updateConnectorAddress(215)) - HTTP server of SCM is listening at http://0.0.0.0:37646
2019-10-02 11:30:25,861 [org.apache.hadoop.util.JvmPauseMonitor$Monitor@51f49060] INFO  util.JvmPauseMonitor (JvmPauseMonitor.java:run(188)) - Starting JVM pause monitor
2019-10-02 11:30:25,865 [main] WARN  server.ServerUtils (ServerUtils.java:getDBPath(222)) - ozone.om.db.dirs is not configured. We recommend adding this setting. Falling back to ozone.metadata.dirs instead.
2019-10-02 11:30:25,990 [main] WARN  server.ServerUtils (ServerUtils.java:getDBPath(222)) - ozone.om.db.dirs is not configured. We recommend adding this setting. Falling back to ozone.metadata.dirs instead.
2019-10-02 11:30:25,990 [main] WARN  server.ServerUtils (ServerUtils.java:getDBPath(222)) - ozone.om.db.dirs is not configured. We recommend adding this setting. Falling back to ozone.metadata.dirs instead.
2019-10-02 11:30:25,991 [main] INFO  om.OzoneManager (OzoneManager.java:setOMNodeDetails(652)) - OM Service ID is not set. Setting it to the default ID: omServiceIdDefault
2019-10-02 11:30:25,992 [main] INFO  om.OzoneManager (OzoneManager.java:setOMNodeDetails(658)) - OM Node ID is not set. Setting it to the OmStorage's OmID: 46ef7668-4c85-4229-b156-92e6b27036ad
2019-10-02 11:30:25,993 [main] INFO  om.OzoneManager (OzoneManager.java:loadOMHAConfigs(609)) - Found matching OM address with OMServiceId: null, OMNodeId: null, RPC Address: localhost:0 and Ratis port: 9872
2019-10-02 11:30:26,718 [main] WARN  server.ServerUtils (ServerUtils.java:getDBPath(222)) - ozone.om.db.dirs is not configured. We recommend adding this setting. Falling back to ozone.metadata.dirs instead.
2019-10-02 11:30:26,726 [main] INFO  db.DBStoreBuilder (DBStoreBuilder.java:addTable(110)) - using custom profile for table: userTable
2019-10-02 11:30:26,726 [main] INFO  db.DBStoreBuilder (DBStoreBuilder.java:processTables(161)) - Using default column profile:DBProfile.DISK for Table:userTable
2019-10-02 11:30:26,726 [main] INFO  db.DBStoreBuilder (DBStoreBuilder.java:addTable(110)) - using custom profile for table: volumeTable
2019-10-02 11:30:26,726 [main] INFO  db.DBStoreBuilder (DBStoreBuilder.java:processTables(161)) - Using default column profile:DBProfile.DISK for Table:volumeTable
2019-10-02 11:30:26,727 [main] INFO  db.DBStoreBuilder (DBStoreBuilder.java:addTable(110)) - using custom profile for table: bucketTable
2019-10-02 11:30:26,727 [main] INFO  db.DBStoreBuilder (DBStoreBuilder.java:processTables(161)) - Using default column profile:DBProfile.DISK for Table:bucketTable
2019-10-02 11:30:26,727 [main] INFO  db.DBStoreBuilder (DBStoreBuilder.java:addTable(110)) - using custom profile for table: keyTable
2019-10-02 11:30:26,727 [main] INFO  db.DBStoreBuilder (DBStoreBuilder.java:processTables(161)) - Using default column profile:DBProfile.DISK for Table:keyTable
2019-10-02 11:30:26,728 [main] INFO  db.DBStoreBuilder (DBStoreBuilder.java:addTable(110)) - using custom profile for table: deletedTable
2019-10-02 11:30:26,728 [main] INFO  db.DBStoreBuilder (DBStoreBuilder.java:processTables(161)) - Using default column profile:DBProfile.DISK for Table:deletedTable
2019-10-02 11:30:26,728 [main] INFO  db.DBStoreBuilder (DBStoreBuilder.java:addTable(110)) - using custom profile for table: openKeyTable
2019-10-02 11:30:26,728 [main] INFO  db.DBStoreBuilder (DBStoreBuilder.java:processTables(161)) - Using default column profile:DBProfile.DISK for Table:openKeyTable
2019-10-02 11:30:26,729 [main] INFO  db.DBStoreBuilder (DBStoreBuilder.java:addTable(110)) - using custom profile for table: s3Table
2019-10-02 11:30:26,729 [main] INFO  db.DBStoreBuilder (DBStoreBuilder.java:processTables(161)) - Using default column profile:DBProfile.DISK for Table:s3Table
2019-10-02 11:30:26,729 [main] INFO  db.DBStoreBuilder (DBStoreBuilder.java:addTable(110)) - using custom profile for table: multipartInfoTable
2019-10-02 11:30:26,729 [main] INFO  db.DBStoreBuilder (DBStoreBuilder.java:processTables(161)) - Using default column profile:DBProfile.DISK for Table:multipartInfoTable
2019-10-02 11:30:26,730 [main] INFO  db.DBStoreBuilder (DBStoreBuilder.java:addTable(110)) - using custom profile for table: dTokenTable
2019-10-02 11:30:26,730 [main] INFO  db.DBStoreBuilder (DBStoreBuilder.java:processTables(161)) - Using default column profile:DBProfile.DISK for Table:dTokenTable
2019-10-02 11:30:26,730 [main] INFO  db.DBStoreBuilder (DBStoreBuilder.java:addTable(110)) - using custom profile for table: s3SecretTable
2019-10-02 11:30:26,730 [main] INFO  db.DBStoreBuilder (DBStoreBuilder.java:processTables(161)) - Using default column profile:DBProfile.DISK for Table:s3SecretTable
2019-10-02 11:30:26,731 [main] INFO  db.DBStoreBuilder (DBStoreBuilder.java:addTable(110)) - using custom profile for table: prefixTable
2019-10-02 11:30:26,731 [main] INFO  db.DBStoreBuilder (DBStoreBuilder.java:processTables(161)) - Using default column profile:DBProfile.DISK for Table:prefixTable
2019-10-02 11:30:26,731 [main] INFO  db.DBStoreBuilder (DBStoreBuilder.java:addTable(110)) - using custom profile for table: default
2019-10-02 11:30:26,731 [main] INFO  db.DBStoreBuilder (DBStoreBuilder.java:processTables(167)) - Using default column profile:DBProfile.DISK for Table:default
2019-10-02 11:30:26,732 [main] INFO  db.DBStoreBuilder (DBStoreBuilder.java:getDbProfile(198)) - Using default options. DBProfile.DISK
2019-10-02 11:30:27,326 [main] INFO  ipc.CallQueueManager (CallQueueManager.java:<init>(84)) - Using callQueue: class java.util.concurrent.LinkedBlockingQueue, queueCapacity: 2000, scheduler: class org.apache.hadoop.ipc.DefaultRpcScheduler, ipcBackoff: false.
2019-10-02 11:30:27,327 [Socket Reader #1 for port 40701] INFO  ipc.Server (Server.java:run(1074)) - Starting Socket Reader #1 for port 40701
2019-10-02 11:30:27,349 [main] INFO  om.OzoneManager (OzoneManager.java:start(1243)) - OzoneManager RPC server is listening at localhost/127.0.0.1:40701
2019-10-02 11:30:27,349 [main] INFO  impl.MetricsSystemImpl (MetricsSystemImpl.java:init(158)) - OzoneManager metrics system started (again)
2019-10-02 11:30:27,350 [IPC Server Responder] INFO  ipc.Server (Server.java:run(1314)) - IPC Server Responder: starting
2019-10-02 11:30:27,350 [IPC Server listener on 40701] INFO  ipc.Server (Server.java:run(1153)) - IPC Server listener on 40701: starting
2019-10-02 11:30:27,356 [main] INFO  hdfs.DFSUtil (DFSUtil.java:httpServerTemplateForNNAndJN(1641)) - Starting Web-server for ozoneManager at: http://0.0.0.0:0
2019-10-02 11:30:27,357 [main] INFO  server.AuthenticationFilter (AuthenticationFilter.java:constructSecretProvider(240)) - Unable to initialize FileSignerSecretProvider, falling back to use random secrets.
2019-10-02 11:30:27,358 [main] WARN  http.HttpRequestLog (HttpRequestLog.java:getRequestLog(97)) - Jetty request log can only be enabled using Log4j
2019-10-02 11:30:27,360 [main] INFO  http.HttpServer2 (HttpServer2.java:addGlobalFilter(975)) - Added global filter 'safety' (class=org.apache.hadoop.http.HttpServer2$QuotingInputFilter)
2019-10-02 11:30:27,361 [main] INFO  http.HttpServer2 (HttpServer2.java:addFilter(948)) - Added filter static_user_filter (class=org.apache.hadoop.http.lib.StaticUserWebFilter$StaticUserFilter) to context ozoneManager
2019-10-02 11:30:27,361 [main] INFO  http.HttpServer2 (HttpServer2.java:addFilter(958)) - Added filter static_user_filter (class=org.apache.hadoop.http.lib.StaticUserWebFilter$StaticUserFilter) to context logs
2019-10-02 11:30:27,361 [main] INFO  http.HttpServer2 (HttpServer2.java:addFilter(958)) - Added filter static_user_filter (class=org.apache.hadoop.http.lib.StaticUserWebFilter$StaticUserFilter) to context static
2019-10-02 11:30:27,363 [main] INFO  http.HttpServer2 (HttpServer2.java:bindListener(1191)) - Jetty bound to port 36676
2019-10-02 11:30:27,363 [main] INFO  server.Server (Server.java:doStart(351)) - jetty-9.3.25.v20180904, build timestamp: 2018-09-04T21:11:46Z, git hash: 3ce520221d0240229c862b122d2b06c12a625732
2019-10-02 11:30:27,375 [main] INFO  handler.ContextHandler (ContextHandler.java:doStart(781)) - Started o.e.j.s.ServletContextHandler@4cafa9aa{/logs,file:///workdir/hadoop-ozone/integration-test/target/log,AVAILABLE}
2019-10-02 11:30:27,379 [main] INFO  handler.ContextHandler (ContextHandler.java:doStart(781)) - Started o.e.j.s.ServletContextHandler@67001148{/static,file:///workdir/hadoop-ozone/integration-test/target/test-classes/webapps/static,AVAILABLE}
2019-10-02 11:30:27,386 [main] INFO  handler.ContextHandler (ContextHandler.java:doStart(781)) - Started o.e.j.w.WebAppContext@1ecfcbc9{/,file:///workdir/hadoop-ozone/integration-test/target/test-classes/webapps/ozoneManager/,AVAILABLE}{/ozoneManager}
2019-10-02 11:30:27,387 [main] INFO  server.AbstractConnector (AbstractConnector.java:doStart(278)) - Started ServerConnector@1965539b{HTTP/1.1,[http/1.1]}{0.0.0.0:36676}
2019-10-02 11:30:27,388 [main] INFO  server.Server (Server.java:doStart(419)) - Started @18955ms
2019-10-02 11:30:27,388 [main] WARN  impl.MetricsSystemImpl (MetricsSystemImpl.java:register(276)) - Sink prometheus already exists!
2019-10-02 11:30:27,389 [main] INFO  server.BaseHttpServer (BaseHttpServer.java:updateConnectorAddress(215)) - HTTP server of OZONEMANAGER is listening at http://0.0.0.0:36676
2019-10-02 11:30:27,671 [main] INFO  impl.MetricsSystemImpl (MetricsSystemImpl.java:init(158)) - HddsDatanode metrics system started (again)
2019-10-02 11:30:27,717 [main] INFO  ozone.HddsDatanodeService (HddsDatanodeService.java:start(184)) - HddsDatanodeService host:pr-hdds-2164-trunk-xhc96-1404769113 ip:192.168.151.102
2019-10-02 11:30:27,753 [main] INFO  volume.HddsVolume (HddsVolume.java:<init>(176)) - Creating Volume: /workdir/hadoop-ozone/integration-test/target/test-dir/MiniOzoneClusterImpl-5dc4b805-dc02-409a-84a0-03630345a4d3/datanode-0/data/containers/hdds of  storage type : DISK and capacity : 1482555576320
2019-10-02 11:30:27,755 [main] INFO  volume.VolumeSet (VolumeSet.java:initializeVolumeSet(170)) - Added Volume : /workdir/hadoop-ozone/integration-test/target/test-dir/MiniOzoneClusterImpl-5dc4b805-dc02-409a-84a0-03630345a4d3/datanode-0/data/containers/hdds to VolumeSet
2019-10-02 11:30:27,758 [main] INFO  volume.ThrottledAsyncChecker (ThrottledAsyncChecker.java:schedule(139)) - Scheduling a check for org.apache.hadoop.ozone.container.common.volume.HddsVolume@45d6ef73
2019-10-02 11:30:27,778 [main] INFO  volume.HddsVolumeChecker (HddsVolumeChecker.java:checkAllVolumes(202)) - Scheduled health check for volume org.apache.hadoop.ozone.container.common.volume.HddsVolume@45d6ef73
2019-10-02 11:30:27,910 [main] INFO  impl.RaftServerProxy (ConfUtils.java:logGet(43)) - raft.rpc.type = GRPC (default)
2019-10-02 11:30:27,986 [main] INFO  grpc.GrpcFactory (GrpcFactory.java:checkPooledByteBufAllocatorUseCacheForAllThreads(45)) - PERFORMANCE WARNING: useCacheForAllThreads is true that may cause Netty to create a lot garbage objects and, as a result, trigger GC.
	It is recommended to disable useCacheForAllThreads by setting -Dorg.apache.ratis.thirdparty.io.netty.allocator.useCacheForAllThreads=false in command line.
2019-10-02 11:30:27,993 [main] INFO  grpc.GrpcConfigKeys$Server (ConfUtils.java:logGet(43)) - raft.grpc.server.port = 0 (default)
2019-10-02 11:30:27,994 [main] INFO  server.GrpcService (ConfUtils.java:logGet(43)) - raft.grpc.message.size.max = 33570816 (custom)
2019-10-02 11:30:27,996 [main] INFO  server.RaftServerConfigKeys (ConfUtils.java:logGet(43)) - raft.server.log.appender.buffer.byte-limit = 33554432 (custom)
2019-10-02 11:30:27,997 [main] INFO  server.GrpcService (ConfUtils.java:logGet(43)) - raft.grpc.flow.control.window = 1MB (=1048576) (default)
2019-10-02 11:30:27,997 [main] INFO  server.RaftServerConfigKeys (ConfUtils.java:logGet(43)) - raft.server.rpc.request.timeout = 3000ms (default)
2019-10-02 11:30:28,150 [main] INFO  server.RaftServerConfigKeys (ConfUtils.java:logGet(43)) - raft.server.storage.dir = [/workdir/hadoop-ozone/integration-test/target/test-dir/MiniOzoneClusterImpl-5dc4b805-dc02-409a-84a0-03630345a4d3/datanode-0/data/ratis] (custom)
2019-10-02 11:30:28,208 [main] INFO  hdfs.DFSUtil (DFSUtil.java:httpServerTemplateForNNAndJN(1641)) - Starting Web-server for hddsDatanode at: http://0.0.0.0:0
2019-10-02 11:30:28,210 [main] INFO  server.AuthenticationFilter (AuthenticationFilter.java:constructSecretProvider(240)) - Unable to initialize FileSignerSecretProvider, falling back to use random secrets.
2019-10-02 11:30:28,211 [main] WARN  http.HttpRequestLog (HttpRequestLog.java:getRequestLog(97)) - Jetty request log can only be enabled using Log4j
2019-10-02 11:30:28,213 [main] INFO  http.HttpServer2 (HttpServer2.java:addGlobalFilter(975)) - Added global filter 'safety' (class=org.apache.hadoop.http.HttpServer2$QuotingInputFilter)
2019-10-02 11:30:28,213 [main] INFO  http.HttpServer2 (HttpServer2.java:addFilter(948)) - Added filter static_user_filter (class=org.apache.hadoop.http.lib.StaticUserWebFilter$StaticUserFilter) to context hddsDatanode
2019-10-02 11:30:28,213 [main] INFO  http.HttpServer2 (HttpServer2.java:addFilter(958)) - Added filter static_user_filter (class=org.apache.hadoop.http.lib.StaticUserWebFilter$StaticUserFilter) to context static
2019-10-02 11:30:28,213 [main] INFO  http.HttpServer2 (HttpServer2.java:addFilter(958)) - Added filter static_user_filter (class=org.apache.hadoop.http.lib.StaticUserWebFilter$StaticUserFilter) to context logs
2019-10-02 11:30:28,214 [main] INFO  http.HttpServer2 (HttpServer2.java:bindListener(1191)) - Jetty bound to port 44631
2019-10-02 11:30:28,214 [main] INFO  server.Server (Server.java:doStart(351)) - jetty-9.3.25.v20180904, build timestamp: 2018-09-04T21:11:46Z, git hash: 3ce520221d0240229c862b122d2b06c12a625732
2019-10-02 11:30:28,218 [main] INFO  handler.ContextHandler (ContextHandler.java:doStart(781)) - Started o.e.j.s.ServletContextHandler@3968bc60{/logs,file:///workdir/hadoop-ozone/integration-test/target/log,AVAILABLE}
2019-10-02 11:30:28,219 [main] INFO  handler.ContextHandler (ContextHandler.java:doStart(781)) - Started o.e.j.s.ServletContextHandler@227a47{/static,jar:file:/home/user/.m2/repository/org/apache/hadoop/hadoop-hdds-container-service/0.5.0-SNAPSHOT/hadoop-hdds-container-service-0.5.0-SNAPSHOT.jar!/webapps/static,AVAILABLE}
2019-10-02 11:30:28,258 [main] INFO  handler.ContextHandler (ContextHandler.java:doStart(781)) - Started o.e.j.w.WebAppContext@6981f8f3{/,file:///tmp/jetty-0.0.0.0-44631-hddsDatanode-_-any-5351989930135502961.dir/webapp/,AVAILABLE}{/hddsDatanode}
2019-10-02 11:30:28,262 [main] INFO  server.AbstractConnector (AbstractConnector.java:doStart(278)) - Started ServerConnector@623dcf2a{HTTP/1.1,[http/1.1]}{0.0.0.0:44631}
2019-10-02 11:30:28,263 [main] INFO  server.Server (Server.java:doStart(419)) - Started @19830ms
2019-10-02 11:30:28,263 [main] WARN  impl.MetricsSystemImpl (MetricsSystemImpl.java:register(276)) - Sink prometheus already exists!
2019-10-02 11:30:28,264 [main] INFO  server.BaseHttpServer (BaseHttpServer.java:updateConnectorAddress(215)) - HTTP server of HDDSDATANODE is listening at http://0.0.0.0:44631
2019-10-02 11:30:28,266 [main] INFO  impl.MetricsSystemImpl (MetricsSystemImpl.java:init(158)) - HddsDatanode metrics system started (again)
2019-10-02 11:30:28,273 [main] INFO  ozone.HddsDatanodeService (HddsDatanodeService.java:start(184)) - HddsDatanodeService host:pr-hdds-2164-trunk-xhc96-1404769113 ip:192.168.151.102
2019-10-02 11:30:28,274 [org.apache.hadoop.util.JvmPauseMonitor$Monitor@5aa8e782] INFO  util.JvmPauseMonitor (JvmPauseMonitor.java:run(188)) - Starting JVM pause monitor
2019-10-02 11:30:28,281 [main] INFO  volume.HddsVolume (HddsVolume.java:<init>(176)) - Creating Volume: /workdir/hadoop-ozone/integration-test/target/test-dir/MiniOzoneClusterImpl-5dc4b805-dc02-409a-84a0-03630345a4d3/datanode-1/data/containers/hdds of  storage type : DISK and capacity : 1482555576320
2019-10-02 11:30:28,282 [main] INFO  volume.VolumeSet (VolumeSet.java:initializeVolumeSet(170)) - Added Volume : /workdir/hadoop-ozone/integration-test/target/test-dir/MiniOzoneClusterImpl-5dc4b805-dc02-409a-84a0-03630345a4d3/datanode-1/data/containers/hdds to VolumeSet
2019-10-02 11:30:28,283 [main] INFO  volume.ThrottledAsyncChecker (ThrottledAsyncChecker.java:schedule(139)) - Scheduling a check for org.apache.hadoop.ozone.container.common.volume.HddsVolume@561b61ed
2019-10-02 11:30:28,284 [main] INFO  volume.HddsVolumeChecker (HddsVolumeChecker.java:checkAllVolumes(202)) - Scheduled health check for volume org.apache.hadoop.ozone.container.common.volume.HddsVolume@561b61ed
2019-10-02 11:30:28,301 [main] INFO  impl.RaftServerProxy (ConfUtils.java:logGet(43)) - raft.rpc.type = GRPC (default)
2019-10-02 11:30:28,302 [main] INFO  grpc.GrpcFactory (GrpcFactory.java:checkPooledByteBufAllocatorUseCacheForAllThreads(45)) - PERFORMANCE WARNING: useCacheForAllThreads is true that may cause Netty to create a lot garbage objects and, as a result, trigger GC.
	It is recommended to disable useCacheForAllThreads by setting -Dorg.apache.ratis.thirdparty.io.netty.allocator.useCacheForAllThreads=false in command line.
2019-10-02 11:30:28,302 [main] INFO  grpc.GrpcConfigKeys$Server (ConfUtils.java:logGet(43)) - raft.grpc.server.port = 0 (default)
2019-10-02 11:30:28,303 [main] INFO  server.GrpcService (ConfUtils.java:logGet(43)) - raft.grpc.message.size.max = 33570816 (custom)
2019-10-02 11:30:28,303 [main] INFO  server.RaftServerConfigKeys (ConfUtils.java:logGet(43)) - raft.server.log.appender.buffer.byte-limit = 33554432 (custom)
2019-10-02 11:30:28,304 [main] INFO  server.GrpcService (ConfUtils.java:logGet(43)) - raft.grpc.flow.control.window = 1MB (=1048576) (default)
2019-10-02 11:30:28,304 [main] INFO  server.RaftServerConfigKeys (ConfUtils.java:logGet(43)) - raft.server.rpc.request.timeout = 3000ms (default)
2019-10-02 11:30:28,308 [main] INFO  server.RaftServerConfigKeys (ConfUtils.java:logGet(43)) - raft.server.storage.dir = [/workdir/hadoop-ozone/integration-test/target/test-dir/MiniOzoneClusterImpl-5dc4b805-dc02-409a-84a0-03630345a4d3/datanode-1/data/ratis] (custom)
2019-10-02 11:30:28,310 [main] INFO  hdfs.DFSUtil (DFSUtil.java:httpServerTemplateForNNAndJN(1641)) - Starting Web-server for hddsDatanode at: http://0.0.0.0:0
2019-10-02 11:30:28,313 [main] INFO  server.AuthenticationFilter (AuthenticationFilter.java:constructSecretProvider(240)) - Unable to initialize FileSignerSecretProvider, falling back to use random secrets.
2019-10-02 11:30:28,314 [main] WARN  http.HttpRequestLog (HttpRequestLog.java:getRequestLog(97)) - Jetty request log can only be enabled using Log4j
2019-10-02 11:30:28,316 [main] INFO  http.HttpServer2 (HttpServer2.java:addGlobalFilter(975)) - Added global filter 'safety' (class=org.apache.hadoop.http.HttpServer2$QuotingInputFilter)
2019-10-02 11:30:28,317 [main] INFO  http.HttpServer2 (HttpServer2.java:addFilter(948)) - Added filter static_user_filter (class=org.apache.hadoop.http.lib.StaticUserWebFilter$StaticUserFilter) to context hddsDatanode
2019-10-02 11:30:28,317 [main] INFO  http.HttpServer2 (HttpServer2.java:addFilter(958)) - Added filter static_user_filter (class=org.apache.hadoop.http.lib.StaticUserWebFilter$StaticUserFilter) to context static
2019-10-02 11:30:28,318 [main] INFO  http.HttpServer2 (HttpServer2.java:addFilter(958)) - Added filter static_user_filter (class=org.apache.hadoop.http.lib.StaticUserWebFilter$StaticUserFilter) to context logs
2019-10-02 11:30:28,319 [main] INFO  http.HttpServer2 (HttpServer2.java:bindListener(1191)) - Jetty bound to port 46859
2019-10-02 11:30:28,320 [main] INFO  server.Server (Server.java:doStart(351)) - jetty-9.3.25.v20180904, build timestamp: 2018-09-04T21:11:46Z, git hash: 3ce520221d0240229c862b122d2b06c12a625732
2019-10-02 11:30:28,322 [main] INFO  handler.ContextHandler (ContextHandler.java:doStart(781)) - Started o.e.j.s.ServletContextHandler@3ed7821{/logs,file:///workdir/hadoop-ozone/integration-test/target/log,AVAILABLE}
2019-10-02 11:30:28,323 [main] INFO  handler.ContextHandler (ContextHandler.java:doStart(781)) - Started o.e.j.s.ServletContextHandler@4f0f7849{/static,jar:file:/home/user/.m2/repository/org/apache/hadoop/hadoop-hdds-container-service/0.5.0-SNAPSHOT/hadoop-hdds-container-service-0.5.0-SNAPSHOT.jar!/webapps/static,AVAILABLE}
2019-10-02 11:30:28,360 [main] INFO  handler.ContextHandler (ContextHandler.java:doStart(781)) - Started o.e.j.w.WebAppContext@62dbe64e{/,file:///tmp/jetty-0.0.0.0-46859-hddsDatanode-_-any-4016445040424219437.dir/webapp/,AVAILABLE}{/hddsDatanode}
2019-10-02 11:30:28,361 [main] INFO  server.AbstractConnector (AbstractConnector.java:doStart(278)) - Started ServerConnector@6cff61fc{HTTP/1.1,[http/1.1]}{0.0.0.0:46859}
2019-10-02 11:30:28,361 [main] INFO  server.Server (Server.java:doStart(419)) - Started @19929ms
2019-10-02 11:30:28,362 [main] WARN  impl.MetricsSystemImpl (MetricsSystemImpl.java:register(276)) - Sink prometheus already exists!
2019-10-02 11:30:28,362 [main] INFO  server.BaseHttpServer (BaseHttpServer.java:updateConnectorAddress(215)) - HTTP server of HDDSDATANODE is listening at http://0.0.0.0:46859
2019-10-02 11:30:28,363 [main] INFO  impl.MetricsSystemImpl (MetricsSystemImpl.java:init(158)) - HddsDatanode metrics system started (again)
2019-10-02 11:30:28,365 [org.apache.hadoop.util.JvmPauseMonitor$Monitor@587181e7] INFO  util.JvmPauseMonitor (JvmPauseMonitor.java:run(188)) - Starting JVM pause monitor
2019-10-02 11:30:28,366 [main] INFO  ozone.HddsDatanodeService (HddsDatanodeService.java:start(184)) - HddsDatanodeService host:pr-hdds-2164-trunk-xhc96-1404769113 ip:192.168.151.102
2019-10-02 11:30:28,374 [main] INFO  volume.HddsVolume (HddsVolume.java:<init>(176)) - Creating Volume: /workdir/hadoop-ozone/integration-test/target/test-dir/MiniOzoneClusterImpl-5dc4b805-dc02-409a-84a0-03630345a4d3/datanode-2/data/containers/hdds of  storage type : DISK and capacity : 1482555576320
2019-10-02 11:30:28,375 [main] INFO  volume.VolumeSet (VolumeSet.java:initializeVolumeSet(170)) - Added Volume : /workdir/hadoop-ozone/integration-test/target/test-dir/MiniOzoneClusterImpl-5dc4b805-dc02-409a-84a0-03630345a4d3/datanode-2/data/containers/hdds to VolumeSet
2019-10-02 11:30:28,375 [main] INFO  volume.ThrottledAsyncChecker (ThrottledAsyncChecker.java:schedule(139)) - Scheduling a check for org.apache.hadoop.ozone.container.common.volume.HddsVolume@c3edf4c
2019-10-02 11:30:28,376 [main] INFO  volume.HddsVolumeChecker (HddsVolumeChecker.java:checkAllVolumes(202)) - Scheduled health check for volume org.apache.hadoop.ozone.container.common.volume.HddsVolume@c3edf4c
2019-10-02 11:30:28,385 [Datanode State Machine Thread - 0] INFO  datanode.InitDatanodeState (InitDatanodeState.java:persistContainerDatanodeDetails(140)) - DatanodeDetails is persisted to /workdir/hadoop-ozone/integration-test/target/test-dir/MiniOzoneClusterImpl-5dc4b805-dc02-409a-84a0-03630345a4d3/datanode-0/meta/datanode.id
2019-10-02 11:30:28,391 [Datanode State Machine Thread - 0] INFO  datanode.InitDatanodeState (InitDatanodeState.java:persistContainerDatanodeDetails(140)) - DatanodeDetails is persisted to /workdir/hadoop-ozone/integration-test/target/test-dir/MiniOzoneClusterImpl-5dc4b805-dc02-409a-84a0-03630345a4d3/datanode-1/meta/datanode.id
2019-10-02 11:30:28,395 [main] INFO  impl.RaftServerProxy (ConfUtils.java:logGet(43)) - raft.rpc.type = GRPC (default)
2019-10-02 11:30:28,395 [main] INFO  grpc.GrpcFactory (GrpcFactory.java:checkPooledByteBufAllocatorUseCacheForAllThreads(45)) - PERFORMANCE WARNING: useCacheForAllThreads is true that may cause Netty to create a lot garbage objects and, as a result, trigger GC.
	It is recommended to disable useCacheForAllThreads by setting -Dorg.apache.ratis.thirdparty.io.netty.allocator.useCacheForAllThreads=false in command line.
2019-10-02 11:30:28,395 [main] INFO  grpc.GrpcConfigKeys$Server (ConfUtils.java:logGet(43)) - raft.grpc.server.port = 0 (default)
2019-10-02 11:30:28,395 [main] INFO  server.GrpcService (ConfUtils.java:logGet(43)) - raft.grpc.message.size.max = 33570816 (custom)
2019-10-02 11:30:28,396 [main] INFO  server.RaftServerConfigKeys (ConfUtils.java:logGet(43)) - raft.server.log.appender.buffer.byte-limit = 33554432 (custom)
2019-10-02 11:30:28,396 [main] INFO  server.GrpcService (ConfUtils.java:logGet(43)) - raft.grpc.flow.control.window = 1MB (=1048576) (default)
2019-10-02 11:30:28,396 [main] INFO  server.RaftServerConfigKeys (ConfUtils.java:logGet(43)) - raft.server.rpc.request.timeout = 3000ms (default)
2019-10-02 11:30:28,397 [main] INFO  server.RaftServerConfigKeys (ConfUtils.java:logGet(43)) - raft.server.storage.dir = [/workdir/hadoop-ozone/integration-test/target/test-dir/MiniOzoneClusterImpl-5dc4b805-dc02-409a-84a0-03630345a4d3/datanode-2/data/ratis] (custom)
2019-10-02 11:30:28,398 [main] INFO  hdfs.DFSUtil (DFSUtil.java:httpServerTemplateForNNAndJN(1641)) - Starting Web-server for hddsDatanode at: http://0.0.0.0:0
2019-10-02 11:30:28,400 [main] INFO  server.AuthenticationFilter (AuthenticationFilter.java:constructSecretProvider(240)) - Unable to initialize FileSignerSecretProvider, falling back to use random secrets.
2019-10-02 11:30:28,400 [main] WARN  http.HttpRequestLog (HttpRequestLog.java:getRequestLog(97)) - Jetty request log can only be enabled using Log4j
2019-10-02 11:30:28,402 [main] INFO  http.HttpServer2 (HttpServer2.java:addGlobalFilter(975)) - Added global filter 'safety' (class=org.apache.hadoop.http.HttpServer2$QuotingInputFilter)
2019-10-02 11:30:28,402 [main] INFO  http.HttpServer2 (HttpServer2.java:addFilter(948)) - Added filter static_user_filter (class=org.apache.hadoop.http.lib.StaticUserWebFilter$StaticUserFilter) to context hddsDatanode
2019-10-02 11:30:28,402 [main] INFO  http.HttpServer2 (HttpServer2.java:addFilter(958)) - Added filter static_user_filter (class=org.apache.hadoop.http.lib.StaticUserWebFilter$StaticUserFilter) to context logs
2019-10-02 11:30:28,402 [main] INFO  http.HttpServer2 (HttpServer2.java:addFilter(958)) - Added filter static_user_filter (class=org.apache.hadoop.http.lib.StaticUserWebFilter$StaticUserFilter) to context static
2019-10-02 11:30:28,403 [main] INFO  http.HttpServer2 (HttpServer2.java:bindListener(1191)) - Jetty bound to port 42496
2019-10-02 11:30:28,403 [main] INFO  server.Server (Server.java:doStart(351)) - jetty-9.3.25.v20180904, build timestamp: 2018-09-04T21:11:46Z, git hash: 3ce520221d0240229c862b122d2b06c12a625732
2019-10-02 11:30:28,406 [main] INFO  handler.ContextHandler (ContextHandler.java:doStart(781)) - Started o.e.j.s.ServletContextHandler@1cd3b138{/logs,file:///workdir/hadoop-ozone/integration-test/target/log,AVAILABLE}
2019-10-02 11:30:28,407 [main] INFO  handler.ContextHandler (ContextHandler.java:doStart(781)) - Started o.e.j.s.ServletContextHandler@5a6d30e2{/static,jar:file:/home/user/.m2/repository/org/apache/hadoop/hadoop-hdds-container-service/0.5.0-SNAPSHOT/hadoop-hdds-container-service-0.5.0-SNAPSHOT.jar!/webapps/static,AVAILABLE}
2019-10-02 11:30:28,439 [main] INFO  handler.ContextHandler (ContextHandler.java:doStart(781)) - Started o.e.j.w.WebAppContext@6342d610{/,file:///tmp/jetty-0.0.0.0-42496-hddsDatanode-_-any-3410046137028358890.dir/webapp/,AVAILABLE}{/hddsDatanode}
2019-10-02 11:30:28,441 [main] INFO  server.AbstractConnector (AbstractConnector.java:doStart(278)) - Started ServerConnector@dc4a691{HTTP/1.1,[http/1.1]}{0.0.0.0:42496}
2019-10-02 11:30:28,441 [main] INFO  server.Server (Server.java:doStart(419)) - Started @20009ms
2019-10-02 11:30:28,441 [main] WARN  impl.MetricsSystemImpl (MetricsSystemImpl.java:register(276)) - Sink prometheus already exists!
2019-10-02 11:30:28,443 [main] INFO  server.BaseHttpServer (BaseHttpServer.java:updateConnectorAddress(215)) - HTTP server of HDDSDATANODE is listening at http://0.0.0.0:42496
2019-10-02 11:30:28,443 [main] INFO  impl.MetricsSystemImpl (MetricsSystemImpl.java:init(158)) - HddsDatanode metrics system started (again)
2019-10-02 11:30:28,446 [org.apache.hadoop.util.JvmPauseMonitor$Monitor@666f8b1a] INFO  util.JvmPauseMonitor (JvmPauseMonitor.java:run(188)) - Starting JVM pause monitor
2019-10-02 11:30:28,446 [main] INFO  ozone.HddsDatanodeService (HddsDatanodeService.java:start(184)) - HddsDatanodeService host:pr-hdds-2164-trunk-xhc96-1404769113 ip:192.168.151.102
2019-10-02 11:30:28,449 [Datanode State Machine Thread - 0] INFO  datanode.InitDatanodeState (InitDatanodeState.java:persistContainerDatanodeDetails(140)) - DatanodeDetails is persisted to /workdir/hadoop-ozone/integration-test/target/test-dir/MiniOzoneClusterImpl-5dc4b805-dc02-409a-84a0-03630345a4d3/datanode-2/meta/datanode.id
2019-10-02 11:30:28,454 [main] INFO  volume.HddsVolume (HddsVolume.java:<init>(176)) - Creating Volume: /workdir/hadoop-ozone/integration-test/target/test-dir/MiniOzoneClusterImpl-5dc4b805-dc02-409a-84a0-03630345a4d3/datanode-3/data/containers/hdds of  storage type : DISK and capacity : 1482555576320
2019-10-02 11:30:28,454 [main] INFO  volume.VolumeSet (VolumeSet.java:initializeVolumeSet(170)) - Added Volume : /workdir/hadoop-ozone/integration-test/target/test-dir/MiniOzoneClusterImpl-5dc4b805-dc02-409a-84a0-03630345a4d3/datanode-3/data/containers/hdds to VolumeSet
2019-10-02 11:30:28,455 [main] INFO  volume.ThrottledAsyncChecker (ThrottledAsyncChecker.java:schedule(139)) - Scheduling a check for org.apache.hadoop.ozone.container.common.volume.HddsVolume@443effcb
2019-10-02 11:30:28,455 [main] INFO  volume.HddsVolumeChecker (HddsVolumeChecker.java:checkAllVolumes(202)) - Scheduled health check for volume org.apache.hadoop.ozone.container.common.volume.HddsVolume@443effcb
2019-10-02 11:30:28,469 [main] INFO  impl.RaftServerProxy (ConfUtils.java:logGet(43)) - raft.rpc.type = GRPC (default)
2019-10-02 11:30:28,469 [main] INFO  grpc.GrpcFactory (GrpcFactory.java:checkPooledByteBufAllocatorUseCacheForAllThreads(45)) - PERFORMANCE WARNING: useCacheForAllThreads is true that may cause Netty to create a lot garbage objects and, as a result, trigger GC.
	It is recommended to disable useCacheForAllThreads by setting -Dorg.apache.ratis.thirdparty.io.netty.allocator.useCacheForAllThreads=false in command line.
2019-10-02 11:30:28,469 [main] INFO  grpc.GrpcConfigKeys$Server (ConfUtils.java:logGet(43)) - raft.grpc.server.port = 0 (default)
2019-10-02 11:30:28,469 [main] INFO  server.GrpcService (ConfUtils.java:logGet(43)) - raft.grpc.message.size.max = 33570816 (custom)
2019-10-02 11:30:28,470 [main] INFO  server.RaftServerConfigKeys (ConfUtils.java:logGet(43)) - raft.server.log.appender.buffer.byte-limit = 33554432 (custom)
2019-10-02 11:30:28,470 [main] INFO  server.GrpcService (ConfUtils.java:logGet(43)) - raft.grpc.flow.control.window = 1MB (=1048576) (default)
2019-10-02 11:30:28,470 [main] INFO  server.RaftServerConfigKeys (ConfUtils.java:logGet(43)) - raft.server.rpc.request.timeout = 3000ms (default)
2019-10-02 11:30:28,471 [main] INFO  server.RaftServerConfigKeys (ConfUtils.java:logGet(43)) - raft.server.storage.dir = [/workdir/hadoop-ozone/integration-test/target/test-dir/MiniOzoneClusterImpl-5dc4b805-dc02-409a-84a0-03630345a4d3/datanode-3/data/ratis] (custom)
2019-10-02 11:30:28,472 [main] INFO  hdfs.DFSUtil (DFSUtil.java:httpServerTemplateForNNAndJN(1641)) - Starting Web-server for hddsDatanode at: http://0.0.0.0:0
2019-10-02 11:30:28,473 [main] INFO  server.AuthenticationFilter (AuthenticationFilter.java:constructSecretProvider(240)) - Unable to initialize FileSignerSecretProvider, falling back to use random secrets.
2019-10-02 11:30:28,474 [main] WARN  http.HttpRequestLog (HttpRequestLog.java:getRequestLog(97)) - Jetty request log can only be enabled using Log4j
2019-10-02 11:30:28,475 [main] INFO  http.HttpServer2 (HttpServer2.java:addGlobalFilter(975)) - Added global filter 'safety' (class=org.apache.hadoop.http.HttpServer2$QuotingInputFilter)
2019-10-02 11:30:28,476 [main] INFO  http.HttpServer2 (HttpServer2.java:addFilter(948)) - Added filter static_user_filter (class=org.apache.hadoop.http.lib.StaticUserWebFilter$StaticUserFilter) to context hddsDatanode
2019-10-02 11:30:28,476 [main] INFO  http.HttpServer2 (HttpServer2.java:addFilter(958)) - Added filter static_user_filter (class=org.apache.hadoop.http.lib.StaticUserWebFilter$StaticUserFilter) to context logs
2019-10-02 11:30:28,476 [main] INFO  http.HttpServer2 (HttpServer2.java:addFilter(958)) - Added filter static_user_filter (class=org.apache.hadoop.http.lib.StaticUserWebFilter$StaticUserFilter) to context static
2019-10-02 11:30:28,477 [main] INFO  http.HttpServer2 (HttpServer2.java:bindListener(1191)) - Jetty bound to port 41590
2019-10-02 11:30:28,477 [main] INFO  server.Server (Server.java:doStart(351)) - jetty-9.3.25.v20180904, build timestamp: 2018-09-04T21:11:46Z, git hash: 3ce520221d0240229c862b122d2b06c12a625732
2019-10-02 11:30:28,479 [main] INFO  handler.ContextHandler (ContextHandler.java:doStart(781)) - Started o.e.j.s.ServletContextHandler@5634d0f4{/logs,file:///workdir/hadoop-ozone/integration-test/target/log,AVAILABLE}
2019-10-02 11:30:28,479 [main] INFO  handler.ContextHandler (ContextHandler.java:doStart(781)) - Started o.e.j.s.ServletContextHandler@3d4e405e{/static,jar:file:/home/user/.m2/repository/org/apache/hadoop/hadoop-hdds-container-service/0.5.0-SNAPSHOT/hadoop-hdds-container-service-0.5.0-SNAPSHOT.jar!/webapps/static,AVAILABLE}
2019-10-02 11:30:28,507 [main] INFO  handler.ContextHandler (ContextHandler.java:doStart(781)) - Started o.e.j.w.WebAppContext@1859e2a4{/,file:///tmp/jetty-0.0.0.0-41590-hddsDatanode-_-any-1515726385499585886.dir/webapp/,AVAILABLE}{/hddsDatanode}
2019-10-02 11:30:28,509 [main] INFO  server.AbstractConnector (AbstractConnector.java:doStart(278)) - Started ServerConnector@46349b95{HTTP/1.1,[http/1.1]}{0.0.0.0:41590}
2019-10-02 11:30:28,509 [main] INFO  server.Server (Server.java:doStart(419)) - Started @20077ms
2019-10-02 11:30:28,509 [main] WARN  impl.MetricsSystemImpl (MetricsSystemImpl.java:register(276)) - Sink prometheus already exists!
2019-10-02 11:30:28,510 [main] INFO  server.BaseHttpServer (BaseHttpServer.java:updateConnectorAddress(215)) - HTTP server of HDDSDATANODE is listening at http://0.0.0.0:41590
2019-10-02 11:30:28,510 [main] INFO  impl.MetricsSystemImpl (MetricsSystemImpl.java:init(158)) - HddsDatanode metrics system started (again)
2019-10-02 11:30:28,512 [org.apache.hadoop.util.JvmPauseMonitor$Monitor@3f272eb8] INFO  util.JvmPauseMonitor (JvmPauseMonitor.java:run(188)) - Starting JVM pause monitor
2019-10-02 11:30:28,513 [main] INFO  ozone.HddsDatanodeService (HddsDatanodeService.java:start(184)) - HddsDatanodeService host:pr-hdds-2164-trunk-xhc96-1404769113 ip:192.168.151.102
2019-10-02 11:30:28,514 [Datanode State Machine Thread - 0] INFO  datanode.InitDatanodeState (InitDatanodeState.java:persistContainerDatanodeDetails(140)) - DatanodeDetails is persisted to /workdir/hadoop-ozone/integration-test/target/test-dir/MiniOzoneClusterImpl-5dc4b805-dc02-409a-84a0-03630345a4d3/datanode-3/meta/datanode.id
2019-10-02 11:30:28,518 [main] INFO  volume.HddsVolume (HddsVolume.java:<init>(176)) - Creating Volume: /workdir/hadoop-ozone/integration-test/target/test-dir/MiniOzoneClusterImpl-5dc4b805-dc02-409a-84a0-03630345a4d3/datanode-4/data/containers/hdds of  storage type : DISK and capacity : 1482555576320
2019-10-02 11:30:28,518 [main] INFO  volume.VolumeSet (VolumeSet.java:initializeVolumeSet(170)) - Added Volume : /workdir/hadoop-ozone/integration-test/target/test-dir/MiniOzoneClusterImpl-5dc4b805-dc02-409a-84a0-03630345a4d3/datanode-4/data/containers/hdds to VolumeSet
2019-10-02 11:30:28,518 [main] INFO  volume.ThrottledAsyncChecker (ThrottledAsyncChecker.java:schedule(139)) - Scheduling a check for org.apache.hadoop.ozone.container.common.volume.HddsVolume@2f4c2cd4
2019-10-02 11:30:28,519 [main] INFO  volume.HddsVolumeChecker (HddsVolumeChecker.java:checkAllVolumes(202)) - Scheduled health check for volume org.apache.hadoop.ozone.container.common.volume.HddsVolume@2f4c2cd4
2019-10-02 11:30:28,531 [main] INFO  impl.RaftServerProxy (ConfUtils.java:logGet(43)) - raft.rpc.type = GRPC (default)
2019-10-02 11:30:28,532 [main] INFO  grpc.GrpcFactory (GrpcFactory.java:checkPooledByteBufAllocatorUseCacheForAllThreads(45)) - PERFORMANCE WARNING: useCacheForAllThreads is true that may cause Netty to create a lot garbage objects and, as a result, trigger GC.
	It is recommended to disable useCacheForAllThreads by setting -Dorg.apache.ratis.thirdparty.io.netty.allocator.useCacheForAllThreads=false in command line.
2019-10-02 11:30:28,532 [main] INFO  grpc.GrpcConfigKeys$Server (ConfUtils.java:logGet(43)) - raft.grpc.server.port = 0 (default)
2019-10-02 11:30:28,532 [main] INFO  server.GrpcService (ConfUtils.java:logGet(43)) - raft.grpc.message.size.max = 33570816 (custom)
2019-10-02 11:30:28,532 [main] INFO  server.RaftServerConfigKeys (ConfUtils.java:logGet(43)) - raft.server.log.appender.buffer.byte-limit = 33554432 (custom)
2019-10-02 11:30:28,533 [main] INFO  server.GrpcService (ConfUtils.java:logGet(43)) - raft.grpc.flow.control.window = 1MB (=1048576) (default)
2019-10-02 11:30:28,533 [main] INFO  server.RaftServerConfigKeys (ConfUtils.java:logGet(43)) - raft.server.rpc.request.timeout = 3000ms (default)
2019-10-02 11:30:28,533 [main] INFO  server.RaftServerConfigKeys (ConfUtils.java:logGet(43)) - raft.server.storage.dir = [/workdir/hadoop-ozone/integration-test/target/test-dir/MiniOzoneClusterImpl-5dc4b805-dc02-409a-84a0-03630345a4d3/datanode-4/data/ratis] (custom)
2019-10-02 11:30:28,535 [main] INFO  hdfs.DFSUtil (DFSUtil.java:httpServerTemplateForNNAndJN(1641)) - Starting Web-server for hddsDatanode at: http://0.0.0.0:0
2019-10-02 11:30:28,536 [main] INFO  server.AuthenticationFilter (AuthenticationFilter.java:constructSecretProvider(240)) - Unable to initialize FileSignerSecretProvider, falling back to use random secrets.
2019-10-02 11:30:28,537 [main] WARN  http.HttpRequestLog (HttpRequestLog.java:getRequestLog(97)) - Jetty request log can only be enabled using Log4j
2019-10-02 11:30:28,539 [main] INFO  http.HttpServer2 (HttpServer2.java:addGlobalFilter(975)) - Added global filter 'safety' (class=org.apache.hadoop.http.HttpServer2$QuotingInputFilter)
2019-10-02 11:30:28,539 [main] INFO  http.HttpServer2 (HttpServer2.java:addFilter(948)) - Added filter static_user_filter (class=org.apache.hadoop.http.lib.StaticUserWebFilter$StaticUserFilter) to context hddsDatanode
2019-10-02 11:30:28,539 [main] INFO  http.HttpServer2 (HttpServer2.java:addFilter(958)) - Added filter static_user_filter (class=org.apache.hadoop.http.lib.StaticUserWebFilter$StaticUserFilter) to context static
2019-10-02 11:30:28,539 [main] INFO  http.HttpServer2 (HttpServer2.java:addFilter(958)) - Added filter static_user_filter (class=org.apache.hadoop.http.lib.StaticUserWebFilter$StaticUserFilter) to context logs
2019-10-02 11:30:28,540 [main] INFO  http.HttpServer2 (HttpServer2.java:bindListener(1191)) - Jetty bound to port 39062
2019-10-02 11:30:28,540 [main] INFO  server.Server (Server.java:doStart(351)) - jetty-9.3.25.v20180904, build timestamp: 2018-09-04T21:11:46Z, git hash: 3ce520221d0240229c862b122d2b06c12a625732
2019-10-02 11:30:28,542 [main] INFO  handler.ContextHandler (ContextHandler.java:doStart(781)) - Started o.e.j.s.ServletContextHandler@44cffc25{/logs,file:///workdir/hadoop-ozone/integration-test/target/log,AVAILABLE}
2019-10-02 11:30:28,543 [main] INFO  handler.ContextHandler (ContextHandler.java:doStart(781)) - Started o.e.j.s.ServletContextHandler@25aeb5ac{/static,jar:file:/home/user/.m2/repository/org/apache/hadoop/hadoop-hdds-container-service/0.5.0-SNAPSHOT/hadoop-hdds-container-service-0.5.0-SNAPSHOT.jar!/webapps/static,AVAILABLE}
2019-10-02 11:30:28,571 [main] INFO  handler.ContextHandler (ContextHandler.java:doStart(781)) - Started o.e.j.w.WebAppContext@ff23ae7{/,file:///tmp/jetty-0.0.0.0-39062-hddsDatanode-_-any-3585562895889789737.dir/webapp/,AVAILABLE}{/hddsDatanode}
2019-10-02 11:30:28,572 [main] INFO  server.AbstractConnector (AbstractConnector.java:doStart(278)) - Started ServerConnector@423b2b62{HTTP/1.1,[http/1.1]}{0.0.0.0:39062}
2019-10-02 11:30:28,573 [main] INFO  server.Server (Server.java:doStart(419)) - Started @20140ms
2019-10-02 11:30:28,573 [main] WARN  impl.MetricsSystemImpl (MetricsSystemImpl.java:register(276)) - Sink prometheus already exists!
2019-10-02 11:30:28,573 [main] INFO  server.BaseHttpServer (BaseHttpServer.java:updateConnectorAddress(215)) - HTTP server of HDDSDATANODE is listening at http://0.0.0.0:39062
2019-10-02 11:30:28,574 [main] INFO  impl.MetricsSystemImpl (MetricsSystemImpl.java:init(158)) - HddsDatanode metrics system started (again)
2019-10-02 11:30:28,576 [org.apache.hadoop.util.JvmPauseMonitor$Monitor@5753e2e0] INFO  util.JvmPauseMonitor (JvmPauseMonitor.java:run(188)) - Starting JVM pause monitor
2019-10-02 11:30:28,577 [main] INFO  ozone.HddsDatanodeService (HddsDatanodeService.java:start(184)) - HddsDatanodeService host:pr-hdds-2164-trunk-xhc96-1404769113 ip:192.168.151.102
2019-10-02 11:30:28,579 [Datanode State Machine Thread - 0] INFO  datanode.InitDatanodeState (InitDatanodeState.java:persistContainerDatanodeDetails(140)) - DatanodeDetails is persisted to /workdir/hadoop-ozone/integration-test/target/test-dir/MiniOzoneClusterImpl-5dc4b805-dc02-409a-84a0-03630345a4d3/datanode-4/meta/datanode.id
2019-10-02 11:30:28,583 [main] INFO  volume.HddsVolume (HddsVolume.java:<init>(176)) - Creating Volume: /workdir/hadoop-ozone/integration-test/target/test-dir/MiniOzoneClusterImpl-5dc4b805-dc02-409a-84a0-03630345a4d3/datanode-5/data/containers/hdds of  storage type : DISK and capacity : 1482555576320
2019-10-02 11:30:28,583 [main] INFO  volume.VolumeSet (VolumeSet.java:initializeVolumeSet(170)) - Added Volume : /workdir/hadoop-ozone/integration-test/target/test-dir/MiniOzoneClusterImpl-5dc4b805-dc02-409a-84a0-03630345a4d3/datanode-5/data/containers/hdds to VolumeSet
2019-10-02 11:30:28,583 [main] INFO  volume.ThrottledAsyncChecker (ThrottledAsyncChecker.java:schedule(139)) - Scheduling a check for org.apache.hadoop.ozone.container.common.volume.HddsVolume@3a66e67e
2019-10-02 11:30:28,584 [main] INFO  volume.HddsVolumeChecker (HddsVolumeChecker.java:checkAllVolumes(202)) - Scheduled health check for volume org.apache.hadoop.ozone.container.common.volume.HddsVolume@3a66e67e
2019-10-02 11:30:28,597 [main] INFO  impl.RaftServerProxy (ConfUtils.java:logGet(43)) - raft.rpc.type = GRPC (default)
2019-10-02 11:30:28,598 [main] INFO  grpc.GrpcFactory (GrpcFactory.java:checkPooledByteBufAllocatorUseCacheForAllThreads(45)) - PERFORMANCE WARNING: useCacheForAllThreads is true that may cause Netty to create a lot garbage objects and, as a result, trigger GC.
	It is recommended to disable useCacheForAllThreads by setting -Dorg.apache.ratis.thirdparty.io.netty.allocator.useCacheForAllThreads=false in command line.
2019-10-02 11:30:28,598 [main] INFO  grpc.GrpcConfigKeys$Server (ConfUtils.java:logGet(43)) - raft.grpc.server.port = 0 (default)
2019-10-02 11:30:28,598 [main] INFO  server.GrpcService (ConfUtils.java:logGet(43)) - raft.grpc.message.size.max = 33570816 (custom)
2019-10-02 11:30:28,598 [main] INFO  server.RaftServerConfigKeys (ConfUtils.java:logGet(43)) - raft.server.log.appender.buffer.byte-limit = 33554432 (custom)
2019-10-02 11:30:28,598 [main] INFO  server.GrpcService (ConfUtils.java:logGet(43)) - raft.grpc.flow.control.window = 1MB (=1048576) (default)
2019-10-02 11:30:28,599 [main] INFO  server.RaftServerConfigKeys (ConfUtils.java:logGet(43)) - raft.server.rpc.request.timeout = 3000ms (default)
2019-10-02 11:30:28,599 [main] INFO  server.RaftServerConfigKeys (ConfUtils.java:logGet(43)) - raft.server.storage.dir = [/workdir/hadoop-ozone/integration-test/target/test-dir/MiniOzoneClusterImpl-5dc4b805-dc02-409a-84a0-03630345a4d3/datanode-5/data/ratis] (custom)
2019-10-02 11:30:28,601 [main] INFO  hdfs.DFSUtil (DFSUtil.java:httpServerTemplateForNNAndJN(1641)) - Starting Web-server for hddsDatanode at: http://0.0.0.0:0
2019-10-02 11:30:28,603 [main] INFO  server.AuthenticationFilter (AuthenticationFilter.java:constructSecretProvider(240)) - Unable to initialize FileSignerSecretProvider, falling back to use random secrets.
2019-10-02 11:30:28,603 [main] WARN  http.HttpRequestLog (HttpRequestLog.java:getRequestLog(97)) - Jetty request log can only be enabled using Log4j
2019-10-02 11:30:28,605 [main] INFO  http.HttpServer2 (HttpServer2.java:addGlobalFilter(975)) - Added global filter 'safety' (class=org.apache.hadoop.http.HttpServer2$QuotingInputFilter)
2019-10-02 11:30:28,605 [main] INFO  http.HttpServer2 (HttpServer2.java:addFilter(948)) - Added filter static_user_filter (class=org.apache.hadoop.http.lib.StaticUserWebFilter$StaticUserFilter) to context hddsDatanode
2019-10-02 11:30:28,605 [main] INFO  http.HttpServer2 (HttpServer2.java:addFilter(958)) - Added filter static_user_filter (class=org.apache.hadoop.http.lib.StaticUserWebFilter$StaticUserFilter) to context static
2019-10-02 11:30:28,606 [main] INFO  http.HttpServer2 (HttpServer2.java:addFilter(958)) - Added filter static_user_filter (class=org.apache.hadoop.http.lib.StaticUserWebFilter$StaticUserFilter) to context logs
2019-10-02 11:30:28,606 [main] INFO  http.HttpServer2 (HttpServer2.java:bindListener(1191)) - Jetty bound to port 39628
2019-10-02 11:30:28,607 [main] INFO  server.Server (Server.java:doStart(351)) - jetty-9.3.25.v20180904, build timestamp: 2018-09-04T21:11:46Z, git hash: 3ce520221d0240229c862b122d2b06c12a625732
2019-10-02 11:30:28,612 [main] INFO  handler.ContextHandler (ContextHandler.java:doStart(781)) - Started o.e.j.s.ServletContextHandler@68f0f72c{/logs,file:///workdir/hadoop-ozone/integration-test/target/log,AVAILABLE}
2019-10-02 11:30:28,613 [main] INFO  handler.ContextHandler (ContextHandler.java:doStart(781)) - Started o.e.j.s.ServletContextHandler@3b545206{/static,jar:file:/home/user/.m2/repository/org/apache/hadoop/hadoop-hdds-container-service/0.5.0-SNAPSHOT/hadoop-hdds-container-service-0.5.0-SNAPSHOT.jar!/webapps/static,AVAILABLE}
2019-10-02 11:30:28,655 [main] INFO  handler.ContextHandler (ContextHandler.java:doStart(781)) - Started o.e.j.w.WebAppContext@3d0035d2{/,file:///tmp/jetty-0.0.0.0-39628-hddsDatanode-_-any-458019486917380855.dir/webapp/,AVAILABLE}{/hddsDatanode}
2019-10-02 11:30:28,657 [main] INFO  server.AbstractConnector (AbstractConnector.java:doStart(278)) - Started ServerConnector@2bfb6b49{HTTP/1.1,[http/1.1]}{0.0.0.0:39628}
2019-10-02 11:30:28,657 [main] INFO  server.Server (Server.java:doStart(419)) - Started @20225ms
2019-10-02 11:30:28,657 [main] WARN  impl.MetricsSystemImpl (MetricsSystemImpl.java:register(276)) - Sink prometheus already exists!
2019-10-02 11:30:28,658 [main] INFO  server.BaseHttpServer (BaseHttpServer.java:updateConnectorAddress(215)) - HTTP server of HDDSDATANODE is listening at http://0.0.0.0:39628
2019-10-02 11:30:28,659 [main] INFO  impl.MetricsSystemImpl (MetricsSystemImpl.java:init(158)) - HddsDatanode metrics system started (again)
2019-10-02 11:30:28,660 [org.apache.hadoop.util.JvmPauseMonitor$Monitor@38147fda] INFO  util.JvmPauseMonitor (JvmPauseMonitor.java:run(188)) - Starting JVM pause monitor
2019-10-02 11:30:28,663 [main] INFO  ozone.HddsDatanodeService (HddsDatanodeService.java:start(184)) - HddsDatanodeService host:pr-hdds-2164-trunk-xhc96-1404769113 ip:192.168.151.102
2019-10-02 11:30:28,664 [Datanode State Machine Thread - 0] INFO  datanode.InitDatanodeState (InitDatanodeState.java:persistContainerDatanodeDetails(140)) - DatanodeDetails is persisted to /workdir/hadoop-ozone/integration-test/target/test-dir/MiniOzoneClusterImpl-5dc4b805-dc02-409a-84a0-03630345a4d3/datanode-5/meta/datanode.id
2019-10-02 11:30:28,669 [main] INFO  volume.HddsVolume (HddsVolume.java:<init>(176)) - Creating Volume: /workdir/hadoop-ozone/integration-test/target/test-dir/MiniOzoneClusterImpl-5dc4b805-dc02-409a-84a0-03630345a4d3/datanode-6/data/containers/hdds of  storage type : DISK and capacity : 1482555576320
2019-10-02 11:30:28,670 [main] INFO  volume.VolumeSet (VolumeSet.java:initializeVolumeSet(170)) - Added Volume : /workdir/hadoop-ozone/integration-test/target/test-dir/MiniOzoneClusterImpl-5dc4b805-dc02-409a-84a0-03630345a4d3/datanode-6/data/containers/hdds to VolumeSet
2019-10-02 11:30:28,670 [main] INFO  volume.ThrottledAsyncChecker (ThrottledAsyncChecker.java:schedule(139)) - Scheduling a check for org.apache.hadoop.ozone.container.common.volume.HddsVolume@173a6728
2019-10-02 11:30:28,671 [main] INFO  volume.HddsVolumeChecker (HddsVolumeChecker.java:checkAllVolumes(202)) - Scheduled health check for volume org.apache.hadoop.ozone.container.common.volume.HddsVolume@173a6728
2019-10-02 11:30:28,690 [main] INFO  impl.RaftServerProxy (ConfUtils.java:logGet(43)) - raft.rpc.type = GRPC (default)
2019-10-02 11:30:28,691 [main] INFO  grpc.GrpcFactory (GrpcFactory.java:checkPooledByteBufAllocatorUseCacheForAllThreads(45)) - PERFORMANCE WARNING: useCacheForAllThreads is true that may cause Netty to create a lot garbage objects and, as a result, trigger GC.
	It is recommended to disable useCacheForAllThreads by setting -Dorg.apache.ratis.thirdparty.io.netty.allocator.useCacheForAllThreads=false in command line.
2019-10-02 11:30:28,691 [main] INFO  grpc.GrpcConfigKeys$Server (ConfUtils.java:logGet(43)) - raft.grpc.server.port = 0 (default)
2019-10-02 11:30:28,692 [main] INFO  server.GrpcService (ConfUtils.java:logGet(43)) - raft.grpc.message.size.max = 33570816 (custom)
2019-10-02 11:30:28,692 [main] INFO  server.RaftServerConfigKeys (ConfUtils.java:logGet(43)) - raft.server.log.appender.buffer.byte-limit = 33554432 (custom)
2019-10-02 11:30:28,692 [main] INFO  server.GrpcService (ConfUtils.java:logGet(43)) - raft.grpc.flow.control.window = 1MB (=1048576) (default)
2019-10-02 11:30:28,693 [main] INFO  server.RaftServerConfigKeys (ConfUtils.java:logGet(43)) - raft.server.rpc.request.timeout = 3000ms (default)
2019-10-02 11:30:28,693 [main] INFO  server.RaftServerConfigKeys (ConfUtils.java:logGet(43)) - raft.server.storage.dir = [/workdir/hadoop-ozone/integration-test/target/test-dir/MiniOzoneClusterImpl-5dc4b805-dc02-409a-84a0-03630345a4d3/datanode-6/data/ratis] (custom)
2019-10-02 11:30:28,695 [main] INFO  hdfs.DFSUtil (DFSUtil.java:httpServerTemplateForNNAndJN(1641)) - Starting Web-server for hddsDatanode at: http://0.0.0.0:0
2019-10-02 11:30:28,698 [main] INFO  server.AuthenticationFilter (AuthenticationFilter.java:constructSecretProvider(240)) - Unable to initialize FileSignerSecretProvider, falling back to use random secrets.
2019-10-02 11:30:28,699 [main] WARN  http.HttpRequestLog (HttpRequestLog.java:getRequestLog(97)) - Jetty request log can only be enabled using Log4j
2019-10-02 11:30:28,701 [main] INFO  http.HttpServer2 (HttpServer2.java:addGlobalFilter(975)) - Added global filter 'safety' (class=org.apache.hadoop.http.HttpServer2$QuotingInputFilter)
2019-10-02 11:30:28,702 [main] INFO  http.HttpServer2 (HttpServer2.java:addFilter(948)) - Added filter static_user_filter (class=org.apache.hadoop.http.lib.StaticUserWebFilter$StaticUserFilter) to context hddsDatanode
2019-10-02 11:30:28,703 [main] INFO  http.HttpServer2 (HttpServer2.java:addFilter(958)) - Added filter static_user_filter (class=org.apache.hadoop.http.lib.StaticUserWebFilter$StaticUserFilter) to context static
2019-10-02 11:30:28,703 [main] INFO  http.HttpServer2 (HttpServer2.java:addFilter(958)) - Added filter static_user_filter (class=org.apache.hadoop.http.lib.StaticUserWebFilter$StaticUserFilter) to context logs
2019-10-02 11:30:28,705 [main] INFO  http.HttpServer2 (HttpServer2.java:bindListener(1191)) - Jetty bound to port 34038
2019-10-02 11:30:28,705 [main] INFO  server.Server (Server.java:doStart(351)) - jetty-9.3.25.v20180904, build timestamp: 2018-09-04T21:11:46Z, git hash: 3ce520221d0240229c862b122d2b06c12a625732
2019-10-02 11:30:28,707 [main] INFO  handler.ContextHandler (ContextHandler.java:doStart(781)) - Started o.e.j.s.ServletContextHandler@1e1e9ef3{/logs,file:///workdir/hadoop-ozone/integration-test/target/log,AVAILABLE}
2019-10-02 11:30:28,708 [main] INFO  handler.ContextHandler (ContextHandler.java:doStart(781)) - Started o.e.j.s.ServletContextHandler@31c628e7{/static,jar:file:/home/user/.m2/repository/org/apache/hadoop/hadoop-hdds-container-service/0.5.0-SNAPSHOT/hadoop-hdds-container-service-0.5.0-SNAPSHOT.jar!/webapps/static,AVAILABLE}
2019-10-02 11:30:28,740 [main] INFO  handler.ContextHandler (ContextHandler.java:doStart(781)) - Started o.e.j.w.WebAppContext@5c5d6175{/,file:///tmp/jetty-0.0.0.0-34038-hddsDatanode-_-any-7356648531138711589.dir/webapp/,AVAILABLE}{/hddsDatanode}
2019-10-02 11:30:28,741 [main] INFO  server.AbstractConnector (AbstractConnector.java:doStart(278)) - Started ServerConnector@7544ac86{HTTP/1.1,[http/1.1]}{0.0.0.0:34038}
2019-10-02 11:30:28,742 [main] INFO  server.Server (Server.java:doStart(419)) - Started @20309ms
2019-10-02 11:30:28,742 [main] WARN  impl.MetricsSystemImpl (MetricsSystemImpl.java:register(276)) - Sink prometheus already exists!
2019-10-02 11:30:28,742 [main] INFO  server.BaseHttpServer (BaseHttpServer.java:updateConnectorAddress(215)) - HTTP server of HDDSDATANODE is listening at http://0.0.0.0:34038
2019-10-02 11:30:28,743 [main] INFO  impl.MetricsSystemImpl (MetricsSystemImpl.java:init(158)) - HddsDatanode metrics system started (again)
2019-10-02 11:30:28,746 [org.apache.hadoop.util.JvmPauseMonitor$Monitor@7a76b672] INFO  util.JvmPauseMonitor (JvmPauseMonitor.java:run(188)) - Starting JVM pause monitor
2019-10-02 11:30:28,747 [main] INFO  ozone.HddsDatanodeService (HddsDatanodeService.java:start(184)) - HddsDatanodeService host:pr-hdds-2164-trunk-xhc96-1404769113 ip:192.168.151.102
2019-10-02 11:30:28,748 [Datanode State Machine Thread - 0] INFO  datanode.InitDatanodeState (InitDatanodeState.java:persistContainerDatanodeDetails(140)) - DatanodeDetails is persisted to /workdir/hadoop-ozone/integration-test/target/test-dir/MiniOzoneClusterImpl-5dc4b805-dc02-409a-84a0-03630345a4d3/datanode-6/meta/datanode.id
2019-10-02 11:30:28,755 [main] INFO  volume.HddsVolume (HddsVolume.java:<init>(176)) - Creating Volume: /workdir/hadoop-ozone/integration-test/target/test-dir/MiniOzoneClusterImpl-5dc4b805-dc02-409a-84a0-03630345a4d3/datanode-7/data/containers/hdds of  storage type : DISK and capacity : 1482555576320
2019-10-02 11:30:28,756 [main] INFO  volume.VolumeSet (VolumeSet.java:initializeVolumeSet(170)) - Added Volume : /workdir/hadoop-ozone/integration-test/target/test-dir/MiniOzoneClusterImpl-5dc4b805-dc02-409a-84a0-03630345a4d3/datanode-7/data/containers/hdds to VolumeSet
2019-10-02 11:30:28,756 [main] INFO  volume.ThrottledAsyncChecker (ThrottledAsyncChecker.java:schedule(139)) - Scheduling a check for org.apache.hadoop.ozone.container.common.volume.HddsVolume@445bb139
2019-10-02 11:30:28,756 [main] INFO  volume.HddsVolumeChecker (HddsVolumeChecker.java:checkAllVolumes(202)) - Scheduled health check for volume org.apache.hadoop.ozone.container.common.volume.HddsVolume@445bb139
2019-10-02 11:30:28,777 [main] INFO  impl.RaftServerProxy (ConfUtils.java:logGet(43)) - raft.rpc.type = GRPC (default)
2019-10-02 11:30:28,777 [main] INFO  grpc.GrpcFactory (GrpcFactory.java:checkPooledByteBufAllocatorUseCacheForAllThreads(45)) - PERFORMANCE WARNING: useCacheForAllThreads is true that may cause Netty to create a lot garbage objects and, as a result, trigger GC.
	It is recommended to disable useCacheForAllThreads by setting -Dorg.apache.ratis.thirdparty.io.netty.allocator.useCacheForAllThreads=false in command line.
2019-10-02 11:30:28,777 [main] INFO  grpc.GrpcConfigKeys$Server (ConfUtils.java:logGet(43)) - raft.grpc.server.port = 0 (default)
2019-10-02 11:30:28,778 [main] INFO  server.GrpcService (ConfUtils.java:logGet(43)) - raft.grpc.message.size.max = 33570816 (custom)
2019-10-02 11:30:28,778 [main] INFO  server.RaftServerConfigKeys (ConfUtils.java:logGet(43)) - raft.server.log.appender.buffer.byte-limit = 33554432 (custom)
2019-10-02 11:30:28,778 [main] INFO  server.GrpcService (ConfUtils.java:logGet(43)) - raft.grpc.flow.control.window = 1MB (=1048576) (default)
2019-10-02 11:30:28,779 [main] INFO  server.RaftServerConfigKeys (ConfUtils.java:logGet(43)) - raft.server.rpc.request.timeout = 3000ms (default)
2019-10-02 11:30:28,780 [main] INFO  server.RaftServerConfigKeys (ConfUtils.java:logGet(43)) - raft.server.storage.dir = [/workdir/hadoop-ozone/integration-test/target/test-dir/MiniOzoneClusterImpl-5dc4b805-dc02-409a-84a0-03630345a4d3/datanode-7/data/ratis] (custom)
2019-10-02 11:30:28,781 [main] INFO  hdfs.DFSUtil (DFSUtil.java:httpServerTemplateForNNAndJN(1641)) - Starting Web-server for hddsDatanode at: http://0.0.0.0:0
2019-10-02 11:30:28,783 [main] INFO  server.AuthenticationFilter (AuthenticationFilter.java:constructSecretProvider(240)) - Unable to initialize FileSignerSecretProvider, falling back to use random secrets.
2019-10-02 11:30:28,784 [main] WARN  http.HttpRequestLog (HttpRequestLog.java:getRequestLog(97)) - Jetty request log can only be enabled using Log4j
2019-10-02 11:30:28,785 [main] INFO  http.HttpServer2 (HttpServer2.java:addGlobalFilter(975)) - Added global filter 'safety' (class=org.apache.hadoop.http.HttpServer2$QuotingInputFilter)
2019-10-02 11:30:28,786 [main] INFO  http.HttpServer2 (HttpServer2.java:addFilter(948)) - Added filter static_user_filter (class=org.apache.hadoop.http.lib.StaticUserWebFilter$StaticUserFilter) to context hddsDatanode
2019-10-02 11:30:28,786 [main] INFO  http.HttpServer2 (HttpServer2.java:addFilter(958)) - Added filter static_user_filter (class=org.apache.hadoop.http.lib.StaticUserWebFilter$StaticUserFilter) to context logs
2019-10-02 11:30:28,787 [main] INFO  http.HttpServer2 (HttpServer2.java:addFilter(958)) - Added filter static_user_filter (class=org.apache.hadoop.http.lib.StaticUserWebFilter$StaticUserFilter) to context static
2019-10-02 11:30:28,788 [main] INFO  http.HttpServer2 (HttpServer2.java:bindListener(1191)) - Jetty bound to port 42925
2019-10-02 11:30:28,788 [main] INFO  server.Server (Server.java:doStart(351)) - jetty-9.3.25.v20180904, build timestamp: 2018-09-04T21:11:46Z, git hash: 3ce520221d0240229c862b122d2b06c12a625732
2019-10-02 11:30:28,790 [main] INFO  handler.ContextHandler (ContextHandler.java:doStart(781)) - Started o.e.j.s.ServletContextHandler@2a869a16{/logs,file:///workdir/hadoop-ozone/integration-test/target/log,AVAILABLE}
2019-10-02 11:30:28,790 [main] INFO  handler.ContextHandler (ContextHandler.java:doStart(781)) - Started o.e.j.s.ServletContextHandler@46aa712c{/static,jar:file:/home/user/.m2/repository/org/apache/hadoop/hadoop-hdds-container-service/0.5.0-SNAPSHOT/hadoop-hdds-container-service-0.5.0-SNAPSHOT.jar!/webapps/static,AVAILABLE}
2019-10-02 11:30:28,826 [main] INFO  handler.ContextHandler (ContextHandler.java:doStart(781)) - Started o.e.j.w.WebAppContext@3078cac{/,file:///tmp/jetty-0.0.0.0-42925-hddsDatanode-_-any-1982050186362406406.dir/webapp/,AVAILABLE}{/hddsDatanode}
2019-10-02 11:30:28,828 [main] INFO  server.AbstractConnector (AbstractConnector.java:doStart(278)) - Started ServerConnector@f6de586{HTTP/1.1,[http/1.1]}{0.0.0.0:42925}
2019-10-02 11:30:28,828 [main] INFO  server.Server (Server.java:doStart(419)) - Started @20396ms
2019-10-02 11:30:28,828 [main] WARN  impl.MetricsSystemImpl (MetricsSystemImpl.java:register(276)) - Sink prometheus already exists!
2019-10-02 11:30:28,829 [main] INFO  server.BaseHttpServer (BaseHttpServer.java:updateConnectorAddress(215)) - HTTP server of HDDSDATANODE is listening at http://0.0.0.0:42925
2019-10-02 11:30:28,829 [main] INFO  impl.MetricsSystemImpl (MetricsSystemImpl.java:init(158)) - HddsDatanode metrics system started (again)
2019-10-02 11:30:28,833 [org.apache.hadoop.util.JvmPauseMonitor$Monitor@41fe3d62] INFO  util.JvmPauseMonitor (JvmPauseMonitor.java:run(188)) - Starting JVM pause monitor
2019-10-02 11:30:28,834 [main] INFO  ozone.HddsDatanodeService (HddsDatanodeService.java:start(184)) - HddsDatanodeService host:pr-hdds-2164-trunk-xhc96-1404769113 ip:192.168.151.102
2019-10-02 11:30:28,835 [Datanode State Machine Thread - 0] INFO  datanode.InitDatanodeState (InitDatanodeState.java:persistContainerDatanodeDetails(140)) - DatanodeDetails is persisted to /workdir/hadoop-ozone/integration-test/target/test-dir/MiniOzoneClusterImpl-5dc4b805-dc02-409a-84a0-03630345a4d3/datanode-7/meta/datanode.id
2019-10-02 11:30:28,839 [main] INFO  volume.HddsVolume (HddsVolume.java:<init>(176)) - Creating Volume: /workdir/hadoop-ozone/integration-test/target/test-dir/MiniOzoneClusterImpl-5dc4b805-dc02-409a-84a0-03630345a4d3/datanode-8/data/containers/hdds of  storage type : DISK and capacity : 1482555576320
2019-10-02 11:30:28,840 [main] INFO  volume.VolumeSet (VolumeSet.java:initializeVolumeSet(170)) - Added Volume : /workdir/hadoop-ozone/integration-test/target/test-dir/MiniOzoneClusterImpl-5dc4b805-dc02-409a-84a0-03630345a4d3/datanode-8/data/containers/hdds to VolumeSet
2019-10-02 11:30:28,840 [main] INFO  volume.ThrottledAsyncChecker (ThrottledAsyncChecker.java:schedule(139)) - Scheduling a check for org.apache.hadoop.ozone.container.common.volume.HddsVolume@1d805aa1
2019-10-02 11:30:28,840 [main] INFO  volume.HddsVolumeChecker (HddsVolumeChecker.java:checkAllVolumes(202)) - Scheduled health check for volume org.apache.hadoop.ozone.container.common.volume.HddsVolume@1d805aa1
2019-10-02 11:30:28,854 [main] INFO  impl.RaftServerProxy (ConfUtils.java:logGet(43)) - raft.rpc.type = GRPC (default)
2019-10-02 11:30:28,854 [main] INFO  grpc.GrpcFactory (GrpcFactory.java:checkPooledByteBufAllocatorUseCacheForAllThreads(45)) - PERFORMANCE WARNING: useCacheForAllThreads is true that may cause Netty to create a lot garbage objects and, as a result, trigger GC.
	It is recommended to disable useCacheForAllThreads by setting -Dorg.apache.ratis.thirdparty.io.netty.allocator.useCacheForAllThreads=false in command line.
2019-10-02 11:30:28,855 [main] INFO  grpc.GrpcConfigKeys$Server (ConfUtils.java:logGet(43)) - raft.grpc.server.port = 0 (default)
2019-10-02 11:30:28,855 [main] INFO  server.GrpcService (ConfUtils.java:logGet(43)) - raft.grpc.message.size.max = 33570816 (custom)
2019-10-02 11:30:28,855 [main] INFO  server.RaftServerConfigKeys (ConfUtils.java:logGet(43)) - raft.server.log.appender.buffer.byte-limit = 33554432 (custom)
2019-10-02 11:30:28,855 [main] INFO  server.GrpcService (ConfUtils.java:logGet(43)) - raft.grpc.flow.control.window = 1MB (=1048576) (default)
2019-10-02 11:30:28,855 [main] INFO  server.RaftServerConfigKeys (ConfUtils.java:logGet(43)) - raft.server.rpc.request.timeout = 3000ms (default)
2019-10-02 11:30:28,856 [main] INFO  server.RaftServerConfigKeys (ConfUtils.java:logGet(43)) - raft.server.storage.dir = [/workdir/hadoop-ozone/integration-test/target/test-dir/MiniOzoneClusterImpl-5dc4b805-dc02-409a-84a0-03630345a4d3/datanode-8/data/ratis] (custom)
2019-10-02 11:30:28,858 [main] INFO  hdfs.DFSUtil (DFSUtil.java:httpServerTemplateForNNAndJN(1641)) - Starting Web-server for hddsDatanode at: http://0.0.0.0:0
2019-10-02 11:30:28,859 [main] INFO  server.AuthenticationFilter (AuthenticationFilter.java:constructSecretProvider(240)) - Unable to initialize FileSignerSecretProvider, falling back to use random secrets.
2019-10-02 11:30:28,860 [main] WARN  http.HttpRequestLog (HttpRequestLog.java:getRequestLog(97)) - Jetty request log can only be enabled using Log4j
2019-10-02 11:30:28,861 [main] INFO  http.HttpServer2 (HttpServer2.java:addGlobalFilter(975)) - Added global filter 'safety' (class=org.apache.hadoop.http.HttpServer2$QuotingInputFilter)
2019-10-02 11:30:28,862 [main] INFO  http.HttpServer2 (HttpServer2.java:addFilter(948)) - Added filter static_user_filter (class=org.apache.hadoop.http.lib.StaticUserWebFilter$StaticUserFilter) to context hddsDatanode
2019-10-02 11:30:28,862 [main] INFO  http.HttpServer2 (HttpServer2.java:addFilter(958)) - Added filter static_user_filter (class=org.apache.hadoop.http.lib.StaticUserWebFilter$StaticUserFilter) to context logs
2019-10-02 11:30:28,862 [main] INFO  http.HttpServer2 (HttpServer2.java:addFilter(958)) - Added filter static_user_filter (class=org.apache.hadoop.http.lib.StaticUserWebFilter$StaticUserFilter) to context static
2019-10-02 11:30:28,863 [main] INFO  http.HttpServer2 (HttpServer2.java:bindListener(1191)) - Jetty bound to port 44028
2019-10-02 11:30:28,863 [main] INFO  server.Server (Server.java:doStart(351)) - jetty-9.3.25.v20180904, build timestamp: 2018-09-04T21:11:46Z, git hash: 3ce520221d0240229c862b122d2b06c12a625732
2019-10-02 11:30:28,864 [main] INFO  handler.ContextHandler (ContextHandler.java:doStart(781)) - Started o.e.j.s.ServletContextHandler@2fcd7d3f{/logs,file:///workdir/hadoop-ozone/integration-test/target/log,AVAILABLE}
2019-10-02 11:30:28,865 [main] INFO  handler.ContextHandler (ContextHandler.java:doStart(781)) - Started o.e.j.s.ServletContextHandler@6f70a21b{/static,jar:file:/home/user/.m2/repository/org/apache/hadoop/hadoop-hdds-container-service/0.5.0-SNAPSHOT/hadoop-hdds-container-service-0.5.0-SNAPSHOT.jar!/webapps/static,AVAILABLE}
2019-10-02 11:30:28,900 [main] INFO  handler.ContextHandler (ContextHandler.java:doStart(781)) - Started o.e.j.w.WebAppContext@57562473{/,file:///tmp/jetty-0.0.0.0-44028-hddsDatanode-_-any-5483719789134960369.dir/webapp/,AVAILABLE}{/hddsDatanode}
2019-10-02 11:30:28,902 [main] INFO  server.AbstractConnector (AbstractConnector.java:doStart(278)) - Started ServerConnector@7a360554{HTTP/1.1,[http/1.1]}{0.0.0.0:44028}
2019-10-02 11:30:28,902 [main] INFO  server.Server (Server.java:doStart(419)) - Started @20470ms
2019-10-02 11:30:28,902 [main] WARN  impl.MetricsSystemImpl (MetricsSystemImpl.java:register(276)) - Sink prometheus already exists!
2019-10-02 11:30:28,904 [main] INFO  server.BaseHttpServer (BaseHttpServer.java:updateConnectorAddress(215)) - HTTP server of HDDSDATANODE is listening at http://0.0.0.0:44028
2019-10-02 11:30:28,905 [main] INFO  impl.MetricsSystemImpl (MetricsSystemImpl.java:init(158)) - HddsDatanode metrics system started (again)
2019-10-02 11:30:28,907 [org.apache.hadoop.util.JvmPauseMonitor$Monitor@53d22fb3] INFO  util.JvmPauseMonitor (JvmPauseMonitor.java:run(188)) - Starting JVM pause monitor
2019-10-02 11:30:28,908 [Datanode State Machine Thread - 0] INFO  datanode.InitDatanodeState (InitDatanodeState.java:persistContainerDatanodeDetails(140)) - DatanodeDetails is persisted to /workdir/hadoop-ozone/integration-test/target/test-dir/MiniOzoneClusterImpl-5dc4b805-dc02-409a-84a0-03630345a4d3/datanode-8/meta/datanode.id
2019-10-02 11:30:28,909 [main] INFO  ozone.HddsDatanodeService (HddsDatanodeService.java:start(184)) - HddsDatanodeService host:pr-hdds-2164-trunk-xhc96-1404769113 ip:192.168.151.102
2019-10-02 11:30:28,916 [main] INFO  volume.HddsVolume (HddsVolume.java:<init>(176)) - Creating Volume: /workdir/hadoop-ozone/integration-test/target/test-dir/MiniOzoneClusterImpl-5dc4b805-dc02-409a-84a0-03630345a4d3/datanode-9/data/containers/hdds of  storage type : DISK and capacity : 1482555576320
2019-10-02 11:30:28,916 [main] INFO  volume.VolumeSet (VolumeSet.java:initializeVolumeSet(170)) - Added Volume : /workdir/hadoop-ozone/integration-test/target/test-dir/MiniOzoneClusterImpl-5dc4b805-dc02-409a-84a0-03630345a4d3/datanode-9/data/containers/hdds to VolumeSet
2019-10-02 11:30:28,916 [main] INFO  volume.ThrottledAsyncChecker (ThrottledAsyncChecker.java:schedule(139)) - Scheduling a check for org.apache.hadoop.ozone.container.common.volume.HddsVolume@44032fde
2019-10-02 11:30:28,917 [main] INFO  volume.HddsVolumeChecker (HddsVolumeChecker.java:checkAllVolumes(202)) - Scheduled health check for volume org.apache.hadoop.ozone.container.common.volume.HddsVolume@44032fde
2019-10-02 11:30:28,931 [main] INFO  impl.RaftServerProxy (ConfUtils.java:logGet(43)) - raft.rpc.type = GRPC (default)
2019-10-02 11:30:28,931 [main] INFO  grpc.GrpcFactory (GrpcFactory.java:checkPooledByteBufAllocatorUseCacheForAllThreads(45)) - PERFORMANCE WARNING: useCacheForAllThreads is true that may cause Netty to create a lot garbage objects and, as a result, trigger GC.
	It is recommended to disable useCacheForAllThreads by setting -Dorg.apache.ratis.thirdparty.io.netty.allocator.useCacheForAllThreads=false in command line.
2019-10-02 11:30:28,931 [main] INFO  grpc.GrpcConfigKeys$Server (ConfUtils.java:logGet(43)) - raft.grpc.server.port = 0 (default)
2019-10-02 11:30:28,931 [main] INFO  server.GrpcService (ConfUtils.java:logGet(43)) - raft.grpc.message.size.max = 33570816 (custom)
2019-10-02 11:30:28,931 [main] INFO  server.RaftServerConfigKeys (ConfUtils.java:logGet(43)) - raft.server.log.appender.buffer.byte-limit = 33554432 (custom)
2019-10-02 11:30:28,932 [main] INFO  server.GrpcService (ConfUtils.java:logGet(43)) - raft.grpc.flow.control.window = 1MB (=1048576) (default)
2019-10-02 11:30:28,932 [main] INFO  server.RaftServerConfigKeys (ConfUtils.java:logGet(43)) - raft.server.rpc.request.timeout = 3000ms (default)
2019-10-02 11:30:28,932 [main] INFO  server.RaftServerConfigKeys (ConfUtils.java:logGet(43)) - raft.server.storage.dir = [/workdir/hadoop-ozone/integration-test/target/test-dir/MiniOzoneClusterImpl-5dc4b805-dc02-409a-84a0-03630345a4d3/datanode-9/data/ratis] (custom)
2019-10-02 11:30:28,934 [main] INFO  hdfs.DFSUtil (DFSUtil.java:httpServerTemplateForNNAndJN(1641)) - Starting Web-server for hddsDatanode at: http://0.0.0.0:0
2019-10-02 11:30:28,935 [main] INFO  server.AuthenticationFilter (AuthenticationFilter.java:constructSecretProvider(240)) - Unable to initialize FileSignerSecretProvider, falling back to use random secrets.
2019-10-02 11:30:28,935 [main] WARN  http.HttpRequestLog (HttpRequestLog.java:getRequestLog(97)) - Jetty request log can only be enabled using Log4j
2019-10-02 11:30:28,937 [main] INFO  http.HttpServer2 (HttpServer2.java:addGlobalFilter(975)) - Added global filter 'safety' (class=org.apache.hadoop.http.HttpServer2$QuotingInputFilter)
2019-10-02 11:30:28,937 [main] INFO  http.HttpServer2 (HttpServer2.java:addFilter(948)) - Added filter static_user_filter (class=org.apache.hadoop.http.lib.StaticUserWebFilter$StaticUserFilter) to context hddsDatanode
2019-10-02 11:30:28,937 [main] INFO  http.HttpServer2 (HttpServer2.java:addFilter(958)) - Added filter static_user_filter (class=org.apache.hadoop.http.lib.StaticUserWebFilter$StaticUserFilter) to context logs
2019-10-02 11:30:28,937 [main] INFO  http.HttpServer2 (HttpServer2.java:addFilter(958)) - Added filter static_user_filter (class=org.apache.hadoop.http.lib.StaticUserWebFilter$StaticUserFilter) to context static
2019-10-02 11:30:28,938 [main] INFO  http.HttpServer2 (HttpServer2.java:bindListener(1191)) - Jetty bound to port 37164
2019-10-02 11:30:28,938 [main] INFO  server.Server (Server.java:doStart(351)) - jetty-9.3.25.v20180904, build timestamp: 2018-09-04T21:11:46Z, git hash: 3ce520221d0240229c862b122d2b06c12a625732
2019-10-02 11:30:28,940 [main] INFO  handler.ContextHandler (ContextHandler.java:doStart(781)) - Started o.e.j.s.ServletContextHandler@59bbe88a{/logs,file:///workdir/hadoop-ozone/integration-test/target/log,AVAILABLE}
2019-10-02 11:30:28,940 [main] INFO  handler.ContextHandler (ContextHandler.java:doStart(781)) - Started o.e.j.s.ServletContextHandler@ed91d8d{/static,jar:file:/home/user/.m2/repository/org/apache/hadoop/hadoop-hdds-container-service/0.5.0-SNAPSHOT/hadoop-hdds-container-service-0.5.0-SNAPSHOT.jar!/webapps/static,AVAILABLE}
2019-10-02 11:30:28,966 [main] INFO  handler.ContextHandler (ContextHandler.java:doStart(781)) - Started o.e.j.w.WebAppContext@440e3ce6{/,file:///tmp/jetty-0.0.0.0-37164-hddsDatanode-_-any-524539555822396072.dir/webapp/,AVAILABLE}{/hddsDatanode}
2019-10-02 11:30:28,967 [main] INFO  server.AbstractConnector (AbstractConnector.java:doStart(278)) - Started ServerConnector@3e67f5f2{HTTP/1.1,[http/1.1]}{0.0.0.0:37164}
2019-10-02 11:30:28,968 [main] INFO  server.Server (Server.java:doStart(419)) - Started @20536ms
2019-10-02 11:30:28,968 [main] WARN  impl.MetricsSystemImpl (MetricsSystemImpl.java:register(276)) - Sink prometheus already exists!
2019-10-02 11:30:28,969 [main] INFO  server.BaseHttpServer (BaseHttpServer.java:updateConnectorAddress(215)) - HTTP server of HDDSDATANODE is listening at http://0.0.0.0:37164
2019-10-02 11:30:28,973 [org.apache.hadoop.util.JvmPauseMonitor$Monitor@7fd5e2b4] INFO  util.JvmPauseMonitor (JvmPauseMonitor.java:run(188)) - Starting JVM pause monitor
2019-10-02 11:30:28,973 [main] INFO  ozone.MiniOzoneClusterImpl (MiniOzoneClusterImpl.java:lambda$waitForClusterToBeReady$0(147)) - Waiting for cluster to be ready. Got 0 of 10 DN Heartbeats.
2019-10-02 11:30:28,975 [Datanode State Machine Thread - 0] INFO  datanode.InitDatanodeState (InitDatanodeState.java:persistContainerDatanodeDetails(140)) - DatanodeDetails is persisted to /workdir/hadoop-ozone/integration-test/target/test-dir/MiniOzoneClusterImpl-5dc4b805-dc02-409a-84a0-03630345a4d3/datanode-9/meta/datanode.id
2019-10-02 11:30:29,974 [main] INFO  ozone.MiniOzoneClusterImpl (MiniOzoneClusterImpl.java:lambda$waitForClusterToBeReady$0(147)) - Waiting for cluster to be ready. Got 0 of 10 DN Heartbeats.
2019-10-02 11:30:30,975 [main] INFO  ozone.MiniOzoneClusterImpl (MiniOzoneClusterImpl.java:lambda$waitForClusterToBeReady$0(147)) - Waiting for cluster to be ready. Got 0 of 10 DN Heartbeats.
2019-10-02 11:30:31,975 [main] INFO  ozone.MiniOzoneClusterImpl (MiniOzoneClusterImpl.java:lambda$waitForClusterToBeReady$0(147)) - Waiting for cluster to be ready. Got 0 of 10 DN Heartbeats.
2019-10-02 11:30:32,976 [main] INFO  ozone.MiniOzoneClusterImpl (MiniOzoneClusterImpl.java:lambda$waitForClusterToBeReady$0(147)) - Waiting for cluster to be ready. Got 0 of 10 DN Heartbeats.
2019-10-02 11:30:33,976 [main] INFO  ozone.MiniOzoneClusterImpl (MiniOzoneClusterImpl.java:lambda$waitForClusterToBeReady$0(147)) - Waiting for cluster to be ready. Got 0 of 10 DN Heartbeats.
2019-10-02 11:30:34,977 [main] INFO  ozone.MiniOzoneClusterImpl (MiniOzoneClusterImpl.java:lambda$waitForClusterToBeReady$0(147)) - Waiting for cluster to be ready. Got 0 of 10 DN Heartbeats.
2019-10-02 11:30:35,977 [main] INFO  ozone.MiniOzoneClusterImpl (MiniOzoneClusterImpl.java:lambda$waitForClusterToBeReady$0(147)) - Waiting for cluster to be ready. Got 0 of 10 DN Heartbeats.
2019-10-02 11:30:36,978 [main] INFO  ozone.MiniOzoneClusterImpl (MiniOzoneClusterImpl.java:lambda$waitForClusterToBeReady$0(147)) - Waiting for cluster to be ready. Got 0 of 10 DN Heartbeats.
2019-10-02 11:30:37,978 [main] INFO  ozone.MiniOzoneClusterImpl (MiniOzoneClusterImpl.java:lambda$waitForClusterToBeReady$0(147)) - Waiting for cluster to be ready. Got 0 of 10 DN Heartbeats.
2019-10-02 11:30:38,979 [main] INFO  ozone.MiniOzoneClusterImpl (MiniOzoneClusterImpl.java:lambda$waitForClusterToBeReady$0(147)) - Waiting for cluster to be ready. Got 0 of 10 DN Heartbeats.
2019-10-02 11:30:39,979 [main] INFO  ozone.MiniOzoneClusterImpl (MiniOzoneClusterImpl.java:lambda$waitForClusterToBeReady$0(147)) - Waiting for cluster to be ready. Got 0 of 10 DN Heartbeats.
2019-10-02 11:30:40,980 [main] INFO  ozone.MiniOzoneClusterImpl (MiniOzoneClusterImpl.java:lambda$waitForClusterToBeReady$0(147)) - Waiting for cluster to be ready. Got 0 of 10 DN Heartbeats.
2019-10-02 11:30:41,980 [main] INFO  ozone.MiniOzoneClusterImpl (MiniOzoneClusterImpl.java:lambda$waitForClusterToBeReady$0(147)) - Waiting for cluster to be ready. Got 0 of 10 DN Heartbeats.
2019-10-02 11:30:42,981 [main] INFO  ozone.MiniOzoneClusterImpl (MiniOzoneClusterImpl.java:lambda$waitForClusterToBeReady$0(147)) - Waiting for cluster to be ready. Got 0 of 10 DN Heartbeats.
2019-10-02 11:30:43,981 [main] INFO  ozone.MiniOzoneClusterImpl (MiniOzoneClusterImpl.java:lambda$waitForClusterToBeReady$0(147)) - Waiting for cluster to be ready. Got 0 of 10 DN Heartbeats.
2019-10-02 11:30:44,982 [main] INFO  ozone.MiniOzoneClusterImpl (MiniOzoneClusterImpl.java:lambda$waitForClusterToBeReady$0(147)) - Waiting for cluster to be ready. Got 0 of 10 DN Heartbeats.
2019-10-02 11:30:46,053 [main] INFO  ozone.MiniOzoneClusterImpl (MiniOzoneClusterImpl.java:lambda$waitForClusterToBeReady$0(147)) - Waiting for cluster to be ready. Got 0 of 10 DN Heartbeats.
2019-10-02 11:30:47,053 [main] INFO  ozone.MiniOzoneClusterImpl (MiniOzoneClusterImpl.java:lambda$waitForClusterToBeReady$0(147)) - Waiting for cluster to be ready. Got 0 of 10 DN Heartbeats.
2019-10-02 11:30:48,054 [main] INFO  ozone.MiniOzoneClusterImpl (MiniOzoneClusterImpl.java:lambda$waitForClusterToBeReady$0(147)) - Waiting for cluster to be ready. Got 0 of 10 DN Heartbeats.
2019-10-02 11:30:49,054 [main] INFO  ozone.MiniOzoneClusterImpl (MiniOzoneClusterImpl.java:lambda$waitForClusterToBeReady$0(147)) - Waiting for cluster to be ready. Got 0 of 10 DN Heartbeats.
2019-10-02 11:30:50,055 [main] INFO  ozone.MiniOzoneClusterImpl (MiniOzoneClusterImpl.java:lambda$waitForClusterToBeReady$0(147)) - Waiting for cluster to be ready. Got 0 of 10 DN Heartbeats.
2019-10-02 11:30:51,055 [main] INFO  ozone.MiniOzoneClusterImpl (MiniOzoneClusterImpl.java:lambda$waitForClusterToBeReady$0(147)) - Waiting for cluster to be ready. Got 0 of 10 DN Heartbeats.
2019-10-02 11:30:51,095 [Datanode State Machine Thread - 0] INFO  ozoneimpl.OzoneContainer (OzoneContainer.java:start(217)) - Attempting to start container services.
2019-10-02 11:30:51,095 [Datanode State Machine Thread - 0] INFO  ozoneimpl.OzoneContainer (OzoneContainer.java:start(217)) - Attempting to start container services.
2019-10-02 11:30:51,097 [Datanode State Machine Thread - 0] INFO  ozoneimpl.OzoneContainer (OzoneContainer.java:start(217)) - Attempting to start container services.
2019-10-02 11:30:51,097 [Datanode State Machine Thread - 0] INFO  ozoneimpl.OzoneContainer (OzoneContainer.java:start(217)) - Attempting to start container services.
2019-10-02 11:30:51,097 [Datanode State Machine Thread - 0] INFO  ozoneimpl.OzoneContainer (OzoneContainer.java:start(217)) - Attempting to start container services.
2019-10-02 11:30:51,097 [Datanode State Machine Thread - 0] INFO  ozoneimpl.OzoneContainer (OzoneContainer.java:start(217)) - Attempting to start container services.
2019-10-02 11:30:51,097 [Datanode State Machine Thread - 0] INFO  ozoneimpl.OzoneContainer (OzoneContainer.java:start(217)) - Attempting to start container services.
2019-10-02 11:30:51,097 [Datanode State Machine Thread - 0] INFO  ozoneimpl.OzoneContainer (OzoneContainer.java:start(217)) - Attempting to start container services.
2019-10-02 11:30:51,097 [Datanode State Machine Thread - 0] INFO  ozoneimpl.OzoneContainer (OzoneContainer.java:start(217)) - Attempting to start container services.
2019-10-02 11:30:51,097 [Datanode State Machine Thread - 0] INFO  ozoneimpl.OzoneContainer (OzoneContainer.java:start(217)) - Attempting to start container services.
2019-10-02 11:30:51,108 [Datanode State Machine Thread - 0] INFO  ozoneimpl.OzoneContainer (OzoneContainer.java:startContainerScrub(179)) - Background container scanner has been disabled.
2019-10-02 11:30:51,108 [Datanode State Machine Thread - 0] INFO  ozoneimpl.OzoneContainer (OzoneContainer.java:startContainerScrub(179)) - Background container scanner has been disabled.
2019-10-02 11:30:51,109 [Datanode State Machine Thread - 0] INFO  ratis.XceiverServerRatis (XceiverServerRatis.java:start(411)) - Starting XceiverServerRatis d0a95d8b-e42b-4cc3-af39-f7831f0cb411 at port 0
2019-10-02 11:30:51,109 [Datanode State Machine Thread - 0] INFO  ratis.XceiverServerRatis (XceiverServerRatis.java:start(411)) - Starting XceiverServerRatis 8af5394b-47b3-4f3f-906d-9219adfe9823 at port 0
2019-10-02 11:30:51,109 [Datanode State Machine Thread - 0] INFO  ozoneimpl.OzoneContainer (OzoneContainer.java:startContainerScrub(179)) - Background container scanner has been disabled.
2019-10-02 11:30:51,111 [Datanode State Machine Thread - 0] INFO  ozoneimpl.OzoneContainer (OzoneContainer.java:startContainerScrub(179)) - Background container scanner has been disabled.
2019-10-02 11:30:51,111 [Datanode State Machine Thread - 0] INFO  ratis.XceiverServerRatis (XceiverServerRatis.java:start(411)) - Starting XceiverServerRatis e5cd125e-f61d-45cf-b4cf-a13e4bd3b145 at port 0
2019-10-02 11:30:51,111 [Datanode State Machine Thread - 0] INFO  ratis.XceiverServerRatis (XceiverServerRatis.java:start(411)) - Starting XceiverServerRatis b0829514-0e81-4cb8-8158-745b805c48fc at port 0
2019-10-02 11:30:51,111 [Datanode State Machine Thread - 0] INFO  ozoneimpl.OzoneContainer (OzoneContainer.java:startContainerScrub(179)) - Background container scanner has been disabled.
2019-10-02 11:30:51,112 [Datanode State Machine Thread - 0] INFO  ozoneimpl.OzoneContainer (OzoneContainer.java:startContainerScrub(179)) - Background container scanner has been disabled.
2019-10-02 11:30:51,112 [Datanode State Machine Thread - 0] INFO  ozoneimpl.OzoneContainer (OzoneContainer.java:startContainerScrub(179)) - Background container scanner has been disabled.
2019-10-02 11:30:51,111 [Datanode State Machine Thread - 0] INFO  ozoneimpl.OzoneContainer (OzoneContainer.java:startContainerScrub(179)) - Background container scanner has been disabled.
2019-10-02 11:30:51,112 [Datanode State Machine Thread - 0] INFO  ratis.XceiverServerRatis (XceiverServerRatis.java:start(411)) - Starting XceiverServerRatis 70fbbe32-55c4-4d97-b4b6-a87353a06c87 at port 0
2019-10-02 11:30:51,111 [Datanode State Machine Thread - 0] INFO  ozoneimpl.OzoneContainer (OzoneContainer.java:startContainerScrub(179)) - Background container scanner has been disabled.
2019-10-02 11:30:51,112 [Datanode State Machine Thread - 0] INFO  ratis.XceiverServerRatis (XceiverServerRatis.java:start(411)) - Starting XceiverServerRatis 13f7021c-1bd2-4a97-8ed8-c7de3e147eb3 at port 0
2019-10-02 11:30:51,113 [Datanode State Machine Thread - 0] INFO  ratis.XceiverServerRatis (XceiverServerRatis.java:start(411)) - Starting XceiverServerRatis 633590d7-4390-4d51-971d-49ea2f910c76 at port 0
2019-10-02 11:30:51,112 [Datanode State Machine Thread - 0] INFO  ratis.XceiverServerRatis (XceiverServerRatis.java:start(411)) - Starting XceiverServerRatis a37a54fb-604e-4e22-90a6-9ef2de79941b at port 0
2019-10-02 11:30:51,112 [Datanode State Machine Thread - 0] INFO  ratis.XceiverServerRatis (XceiverServerRatis.java:start(411)) - Starting XceiverServerRatis 79fae529-906f-428f-a89e-b3dd78ccaa15 at port 0
2019-10-02 11:30:51,115 [Datanode State Machine Thread - 0] INFO  ozoneimpl.OzoneContainer (OzoneContainer.java:startContainerScrub(179)) - Background container scanner has been disabled.
2019-10-02 11:30:51,115 [Datanode State Machine Thread - 0] INFO  ratis.XceiverServerRatis (XceiverServerRatis.java:start(411)) - Starting XceiverServerRatis bde60412-0b16-4336-9436-0525b0ae90d5 at port 0
2019-10-02 11:30:51,201 [Datanode State Machine Thread - 0] INFO  impl.RaftServerProxy (RaftServerProxy.java:lambda$start$3(299)) - b0829514-0e81-4cb8-8158-745b805c48fc: start RPC server
2019-10-02 11:30:51,212 [Datanode State Machine Thread - 0] INFO  impl.RaftServerProxy (RaftServerProxy.java:lambda$start$3(299)) - a37a54fb-604e-4e22-90a6-9ef2de79941b: start RPC server
2019-10-02 11:30:51,205 [Datanode State Machine Thread - 0] INFO  impl.RaftServerProxy (RaftServerProxy.java:lambda$start$3(299)) - 8af5394b-47b3-4f3f-906d-9219adfe9823: start RPC server
2019-10-02 11:30:51,201 [Datanode State Machine Thread - 0] INFO  impl.RaftServerProxy (RaftServerProxy.java:lambda$start$3(299)) - 633590d7-4390-4d51-971d-49ea2f910c76: start RPC server
2019-10-02 11:30:51,201 [Datanode State Machine Thread - 0] INFO  impl.RaftServerProxy (RaftServerProxy.java:lambda$start$3(299)) - 70fbbe32-55c4-4d97-b4b6-a87353a06c87: start RPC server
2019-10-02 11:30:51,246 [Datanode State Machine Thread - 0] INFO  impl.RaftServerProxy (RaftServerProxy.java:lambda$start$3(299)) - 13f7021c-1bd2-4a97-8ed8-c7de3e147eb3: start RPC server
2019-10-02 11:30:51,251 [Datanode State Machine Thread - 0] INFO  impl.RaftServerProxy (RaftServerProxy.java:lambda$start$3(299)) - 79fae529-906f-428f-a89e-b3dd78ccaa15: start RPC server
2019-10-02 11:30:51,256 [Datanode State Machine Thread - 0] INFO  impl.RaftServerProxy (RaftServerProxy.java:lambda$start$3(299)) - d0a95d8b-e42b-4cc3-af39-f7831f0cb411: start RPC server
2019-10-02 11:30:51,257 [Datanode State Machine Thread - 0] INFO  impl.RaftServerProxy (RaftServerProxy.java:lambda$start$3(299)) - e5cd125e-f61d-45cf-b4cf-a13e4bd3b145: start RPC server
2019-10-02 11:30:51,258 [Datanode State Machine Thread - 0] INFO  impl.RaftServerProxy (RaftServerProxy.java:lambda$start$3(299)) - bde60412-0b16-4336-9436-0525b0ae90d5: start RPC server
2019-10-02 11:30:51,414 [Datanode State Machine Thread - 0] INFO  server.GrpcService (GrpcService.java:startImpl(158)) - 633590d7-4390-4d51-971d-49ea2f910c76: GrpcService started, listening on 0.0.0.0/0.0.0.0:37552
2019-10-02 11:30:51,414 [Datanode State Machine Thread - 0] INFO  server.GrpcService (GrpcService.java:startImpl(158)) - e5cd125e-f61d-45cf-b4cf-a13e4bd3b145: GrpcService started, listening on 0.0.0.0/0.0.0.0:36084
2019-10-02 11:30:51,416 [Datanode State Machine Thread - 0] INFO  ratis.XceiverServerRatis (XceiverServerRatis.java:start(421)) - XceiverServerRatis 633590d7-4390-4d51-971d-49ea2f910c76 is started using port 37552
2019-10-02 11:30:51,416 [Datanode State Machine Thread - 0] INFO  server.GrpcService (GrpcService.java:startImpl(158)) - 13f7021c-1bd2-4a97-8ed8-c7de3e147eb3: GrpcService started, listening on 0.0.0.0/0.0.0.0:43168
2019-10-02 11:30:51,416 [Datanode State Machine Thread - 0] INFO  server.GrpcService (GrpcService.java:startImpl(158)) - d0a95d8b-e42b-4cc3-af39-f7831f0cb411: GrpcService started, listening on 0.0.0.0/0.0.0.0:40932
2019-10-02 11:30:51,417 [Datanode State Machine Thread - 0] INFO  ratis.XceiverServerRatis (XceiverServerRatis.java:start(421)) - XceiverServerRatis d0a95d8b-e42b-4cc3-af39-f7831f0cb411 is started using port 40932
2019-10-02 11:30:51,416 [Datanode State Machine Thread - 0] INFO  server.GrpcService (GrpcService.java:startImpl(158)) - b0829514-0e81-4cb8-8158-745b805c48fc: GrpcService started, listening on 0.0.0.0/0.0.0.0:37479
2019-10-02 11:30:51,414 [Datanode State Machine Thread - 0] INFO  server.GrpcService (GrpcService.java:startImpl(158)) - 79fae529-906f-428f-a89e-b3dd78ccaa15: GrpcService started, listening on 0.0.0.0/0.0.0.0:42043
2019-10-02 11:30:51,416 [Datanode State Machine Thread - 0] INFO  server.GrpcService (GrpcService.java:startImpl(158)) - bde60412-0b16-4336-9436-0525b0ae90d5: GrpcService started, listening on 0.0.0.0/0.0.0.0:39704
2019-10-02 11:30:51,414 [Datanode State Machine Thread - 0] INFO  server.GrpcService (GrpcService.java:startImpl(158)) - a37a54fb-604e-4e22-90a6-9ef2de79941b: GrpcService started, listening on 0.0.0.0/0.0.0.0:39954
2019-10-02 11:30:51,414 [Datanode State Machine Thread - 0] INFO  server.GrpcService (GrpcService.java:startImpl(158)) - 70fbbe32-55c4-4d97-b4b6-a87353a06c87: GrpcService started, listening on 0.0.0.0/0.0.0.0:40051
2019-10-02 11:30:51,420 [Datanode State Machine Thread - 0] INFO  ratis.XceiverServerRatis (XceiverServerRatis.java:start(421)) - XceiverServerRatis a37a54fb-604e-4e22-90a6-9ef2de79941b is started using port 39954
2019-10-02 11:30:51,417 [Datanode State Machine Thread - 0] INFO  ratis.XceiverServerRatis (XceiverServerRatis.java:start(421)) - XceiverServerRatis bde60412-0b16-4336-9436-0525b0ae90d5 is started using port 39704
2019-10-02 11:30:51,417 [Datanode State Machine Thread - 0] INFO  ratis.XceiverServerRatis (XceiverServerRatis.java:start(421)) - XceiverServerRatis 79fae529-906f-428f-a89e-b3dd78ccaa15 is started using port 42043
2019-10-02 11:30:51,425 [Datanode State Machine Thread - 0] INFO  server.XceiverServerGrpc (XceiverServerGrpc.java:start(149)) - XceiverServerGrpc 633590d7-4390-4d51-971d-49ea2f910c76 is started using port 45863
2019-10-02 11:30:51,417 [Datanode State Machine Thread - 0] INFO  ratis.XceiverServerRatis (XceiverServerRatis.java:start(421)) - XceiverServerRatis b0829514-0e81-4cb8-8158-745b805c48fc is started using port 37479
2019-10-02 11:30:51,416 [Datanode State Machine Thread - 0] INFO  ratis.XceiverServerRatis (XceiverServerRatis.java:start(421)) - XceiverServerRatis 13f7021c-1bd2-4a97-8ed8-c7de3e147eb3 is started using port 43168
2019-10-02 11:30:51,416 [Datanode State Machine Thread - 0] INFO  server.GrpcService (GrpcService.java:startImpl(158)) - 8af5394b-47b3-4f3f-906d-9219adfe9823: GrpcService started, listening on 0.0.0.0/0.0.0.0:33268
2019-10-02 11:30:51,416 [Datanode State Machine Thread - 0] INFO  ratis.XceiverServerRatis (XceiverServerRatis.java:start(421)) - XceiverServerRatis e5cd125e-f61d-45cf-b4cf-a13e4bd3b145 is started using port 36084
2019-10-02 11:30:51,432 [Datanode State Machine Thread - 0] INFO  ratis.XceiverServerRatis (XceiverServerRatis.java:start(421)) - XceiverServerRatis 8af5394b-47b3-4f3f-906d-9219adfe9823 is started using port 33268
2019-10-02 11:30:51,427 [Datanode State Machine Thread - 0] INFO  server.XceiverServerGrpc (XceiverServerGrpc.java:start(149)) - XceiverServerGrpc d0a95d8b-e42b-4cc3-af39-f7831f0cb411 is started using port 44038
2019-10-02 11:30:51,423 [Datanode State Machine Thread - 0] INFO  ratis.XceiverServerRatis (XceiverServerRatis.java:start(421)) - XceiverServerRatis 70fbbe32-55c4-4d97-b4b6-a87353a06c87 is started using port 40051
2019-10-02 11:30:51,461 [Datanode State Machine Thread - 0] INFO  server.XceiverServerGrpc (XceiverServerGrpc.java:start(149)) - XceiverServerGrpc a37a54fb-604e-4e22-90a6-9ef2de79941b is started using port 38679
2019-10-02 11:30:51,466 [Datanode State Machine Thread - 0] INFO  server.XceiverServerGrpc (XceiverServerGrpc.java:start(149)) - XceiverServerGrpc bde60412-0b16-4336-9436-0525b0ae90d5 is started using port 34410
2019-10-02 11:30:51,488 [Datanode State Machine Thread - 0] INFO  server.XceiverServerGrpc (XceiverServerGrpc.java:start(149)) - XceiverServerGrpc 79fae529-906f-428f-a89e-b3dd78ccaa15 is started using port 39267
2019-10-02 11:30:51,488 [Datanode State Machine Thread - 0] INFO  server.XceiverServerGrpc (XceiverServerGrpc.java:start(149)) - XceiverServerGrpc b0829514-0e81-4cb8-8158-745b805c48fc is started using port 42819
2019-10-02 11:30:51,488 [Datanode State Machine Thread - 0] INFO  server.XceiverServerGrpc (XceiverServerGrpc.java:start(149)) - XceiverServerGrpc 8af5394b-47b3-4f3f-906d-9219adfe9823 is started using port 40412
2019-10-02 11:30:51,488 [Datanode State Machine Thread - 0] INFO  server.XceiverServerGrpc (XceiverServerGrpc.java:start(149)) - XceiverServerGrpc e5cd125e-f61d-45cf-b4cf-a13e4bd3b145 is started using port 39364
2019-10-02 11:30:51,488 [Datanode State Machine Thread - 0] INFO  server.XceiverServerGrpc (XceiverServerGrpc.java:start(149)) - XceiverServerGrpc 13f7021c-1bd2-4a97-8ed8-c7de3e147eb3 is started using port 36902
2019-10-02 11:30:51,502 [Datanode State Machine Thread - 0] INFO  server.XceiverServerGrpc (XceiverServerGrpc.java:start(149)) - XceiverServerGrpc 70fbbe32-55c4-4d97-b4b6-a87353a06c87 is started using port 37052
2019-10-02 11:30:52,055 [main] INFO  ozone.MiniOzoneClusterImpl (MiniOzoneClusterImpl.java:lambda$waitForClusterToBeReady$0(147)) - Waiting for cluster to be ready. Got 0 of 10 DN Heartbeats.
2019-10-02 11:30:53,058 [main] INFO  ozone.MiniOzoneClusterImpl (MiniOzoneClusterImpl.java:lambda$waitForClusterToBeReady$0(147)) - Waiting for cluster to be ready. Got 0 of 10 DN Heartbeats.
2019-10-02 11:30:53,122 [IPC Server handler 8 on 36022] INFO  net.NetworkTopology (NetworkTopologyImpl.java:add(111)) - Added a new node: /default-rack/79fae529-906f-428f-a89e-b3dd78ccaa15
2019-10-02 11:30:53,122 [IPC Server handler 3 on 36022] INFO  net.NetworkTopology (NetworkTopologyImpl.java:add(111)) - Added a new node: /default-rack/13f7021c-1bd2-4a97-8ed8-c7de3e147eb3
2019-10-02 11:30:53,122 [IPC Server handler 11 on 36022] INFO  net.NetworkTopology (NetworkTopologyImpl.java:add(111)) - Added a new node: /default-rack/bde60412-0b16-4336-9436-0525b0ae90d5
2019-10-02 11:30:53,122 [IPC Server handler 5 on 36022] INFO  net.NetworkTopology (NetworkTopologyImpl.java:add(111)) - Added a new node: /default-rack/b0829514-0e81-4cb8-8158-745b805c48fc
2019-10-02 11:30:53,122 [IPC Server handler 12 on 36022] INFO  net.NetworkTopology (NetworkTopologyImpl.java:add(111)) - Added a new node: /default-rack/8af5394b-47b3-4f3f-906d-9219adfe9823
2019-10-02 11:30:53,132 [IPC Server handler 4 on 36022] INFO  net.NetworkTopology (NetworkTopologyImpl.java:add(111)) - Added a new node: /default-rack/70fbbe32-55c4-4d97-b4b6-a87353a06c87
2019-10-02 11:30:53,137 [IPC Server handler 7 on 36022] INFO  net.NetworkTopology (NetworkTopologyImpl.java:add(111)) - Added a new node: /default-rack/d0a95d8b-e42b-4cc3-af39-f7831f0cb411
2019-10-02 11:30:53,122 [IPC Server handler 6 on 36022] INFO  net.NetworkTopology (NetworkTopologyImpl.java:add(111)) - Added a new node: /default-rack/e5cd125e-f61d-45cf-b4cf-a13e4bd3b145
2019-10-02 11:30:53,122 [IPC Server handler 10 on 36022] INFO  net.NetworkTopology (NetworkTopologyImpl.java:add(111)) - Added a new node: /default-rack/633590d7-4390-4d51-971d-49ea2f910c76
2019-10-02 11:30:53,122 [IPC Server handler 14 on 36022] INFO  net.NetworkTopology (NetworkTopologyImpl.java:add(111)) - Added a new node: /default-rack/a37a54fb-604e-4e22-90a6-9ef2de79941b
2019-10-02 11:30:53,137 [IPC Server handler 10 on 36022] INFO  node.SCMNodeManager (SCMNodeManager.java:register(266)) - Registered Data node : 633590d7-4390-4d51-971d-49ea2f910c76{ip: 192.168.151.102, host: pr-hdds-2164-trunk-xhc96-1404769113, networkLocation: /default-rack, certSerialId: null}
2019-10-02 11:30:53,137 [IPC Server handler 6 on 36022] INFO  node.SCMNodeManager (SCMNodeManager.java:register(266)) - Registered Data node : e5cd125e-f61d-45cf-b4cf-a13e4bd3b145{ip: 192.168.151.102, host: pr-hdds-2164-trunk-xhc96-1404769113, networkLocation: /default-rack, certSerialId: null}
2019-10-02 11:30:53,137 [IPC Server handler 7 on 36022] INFO  node.SCMNodeManager (SCMNodeManager.java:register(266)) - Registered Data node : d0a95d8b-e42b-4cc3-af39-f7831f0cb411{ip: 192.168.151.102, host: pr-hdds-2164-trunk-xhc96-1404769113, networkLocation: /default-rack, certSerialId: null}
2019-10-02 11:30:53,137 [IPC Server handler 4 on 36022] INFO  node.SCMNodeManager (SCMNodeManager.java:register(266)) - Registered Data node : 70fbbe32-55c4-4d97-b4b6-a87353a06c87{ip: 192.168.151.102, host: pr-hdds-2164-trunk-xhc96-1404769113, networkLocation: /default-rack, certSerialId: null}
2019-10-02 11:30:53,137 [IPC Server handler 12 on 36022] INFO  node.SCMNodeManager (SCMNodeManager.java:register(266)) - Registered Data node : 8af5394b-47b3-4f3f-906d-9219adfe9823{ip: 192.168.151.102, host: pr-hdds-2164-trunk-xhc96-1404769113, networkLocation: /default-rack, certSerialId: null}
2019-10-02 11:30:53,137 [IPC Server handler 5 on 36022] INFO  node.SCMNodeManager (SCMNodeManager.java:register(266)) - Registered Data node : b0829514-0e81-4cb8-8158-745b805c48fc{ip: 192.168.151.102, host: pr-hdds-2164-trunk-xhc96-1404769113, networkLocation: /default-rack, certSerialId: null}
2019-10-02 11:30:53,135 [IPC Server handler 11 on 36022] INFO  node.SCMNodeManager (SCMNodeManager.java:register(266)) - Registered Data node : bde60412-0b16-4336-9436-0525b0ae90d5{ip: 192.168.151.102, host: pr-hdds-2164-trunk-xhc96-1404769113, networkLocation: /default-rack, certSerialId: null}
2019-10-02 11:30:53,132 [IPC Server handler 3 on 36022] INFO  node.SCMNodeManager (SCMNodeManager.java:register(266)) - Registered Data node : 13f7021c-1bd2-4a97-8ed8-c7de3e147eb3{ip: 192.168.151.102, host: pr-hdds-2164-trunk-xhc96-1404769113, networkLocation: /default-rack, certSerialId: null}
2019-10-02 11:30:53,132 [IPC Server handler 8 on 36022] INFO  node.SCMNodeManager (SCMNodeManager.java:register(266)) - Registered Data node : 79fae529-906f-428f-a89e-b3dd78ccaa15{ip: 192.168.151.102, host: pr-hdds-2164-trunk-xhc96-1404769113, networkLocation: /default-rack, certSerialId: null}
2019-10-02 11:30:53,137 [IPC Server handler 14 on 36022] INFO  node.SCMNodeManager (SCMNodeManager.java:register(266)) - Registered Data node : a37a54fb-604e-4e22-90a6-9ef2de79941b{ip: 192.168.151.102, host: pr-hdds-2164-trunk-xhc96-1404769113, networkLocation: /default-rack, certSerialId: null}
2019-10-02 11:30:53,142 [EventQueue-NodeRegistrationContainerReportForDataNodeSafeModeRule] INFO  safemode.SCMSafeModeManager (DataNodeSafeModeRule.java:process(71)) - SCM in safe mode. 1 DataNodes registered, 1 required.
2019-10-02 11:30:53,145 [EventQueue-NodeRegistrationContainerReportForDataNodeSafeModeRule] INFO  safemode.SCMSafeModeManager (SCMSafeModeManager.java:validateSafeModeExitRules(177)) - ScmSafeModeManager, all rules are successfully validated
2019-10-02 11:30:53,145 [EventQueue-NodeRegistrationContainerReportForDataNodeSafeModeRule] INFO  safemode.SCMSafeModeManager (SCMSafeModeManager.java:exitSafeMode(193)) - SCM exiting safe mode.
2019-10-02 11:30:53,654 [grpc-default-executor-0] INFO  impl.RaftServerProxy (RaftServerProxy.java:addNew(89)) - 633590d7-4390-4d51-971d-49ea2f910c76: addNew group-AF216C99FD64:[633590d7-4390-4d51-971d-49ea2f910c76:192.168.151.102:37552] returns group-AF216C99FD64:java.util.concurrent.CompletableFuture@aad9645[Not completed]
2019-10-02 11:30:53,669 [pool-87-thread-1] INFO  impl.RaftServerImpl (RaftServerImpl.java:<init>(95)) - 633590d7-4390-4d51-971d-49ea2f910c76: new RaftServerImpl for group-AF216C99FD64:[633590d7-4390-4d51-971d-49ea2f910c76:192.168.151.102:37552] with ContainerStateMachine:uninitialized
2019-10-02 11:30:53,670 [pool-87-thread-1] INFO  server.RaftServerConfigKeys (ConfUtils.java:logGet(43)) - raft.server.rpc.timeout.min = 1s (custom)
2019-10-02 11:30:53,671 [pool-87-thread-1] INFO  server.RaftServerConfigKeys (ConfUtils.java:logGet(43)) - raft.server.rpc.timeout.max = 1200ms (custom)
2019-10-02 11:30:53,671 [pool-87-thread-1] INFO  server.RaftServerConfigKeys (ConfUtils.java:logGet(43)) - raft.server.rpcslowness.timeout = 120s (custom)
2019-10-02 11:30:53,671 [pool-87-thread-1] INFO  server.RaftServerConfigKeys (ConfUtils.java:logGet(43)) - raft.server.sleep.deviation.threshold = 300 (default)
2019-10-02 11:30:53,672 [pool-87-thread-1] INFO  server.RaftServerConfigKeys (ConfUtils.java:logGet(43)) - raft.server.log.appender.install.snapshot.enabled = false (custom)
2019-10-02 11:30:53,677 [pool-87-thread-1] INFO  impl.RaftServerImpl (ServerState.java:<init>(103)) - 633590d7-4390-4d51-971d-49ea2f910c76@group-AF216C99FD64: ConfigurationManager, init=-1: [633590d7-4390-4d51-971d-49ea2f910c76:192.168.151.102:37552], old=null, confs=<EMPTY_MAP>
2019-10-02 11:30:53,678 [pool-87-thread-1] INFO  server.RaftServerConfigKeys (ConfUtils.java:logGet(43)) - raft.server.storage.dir = [/workdir/hadoop-ozone/integration-test/target/test-dir/MiniOzoneClusterImpl-5dc4b805-dc02-409a-84a0-03630345a4d3/datanode-6/data/ratis] (custom)
2019-10-02 11:30:53,683 [pool-87-thread-1] INFO  storage.RaftStorageDirectory (RaftStorageDirectory.java:analyzeStorage(246)) - The storage directory /workdir/hadoop-ozone/integration-test/target/test-dir/MiniOzoneClusterImpl-5dc4b805-dc02-409a-84a0-03630345a4d3/datanode-6/data/ratis/af0755e8-a484-48c0-946f-af216c99fd64 does not exist. Creating ...
2019-10-02 11:30:53,700 [pool-87-thread-1] INFO  storage.RaftStorageDirectory (RaftStorageDirectory.java:tryLock(328)) - Lock on /workdir/hadoop-ozone/integration-test/target/test-dir/MiniOzoneClusterImpl-5dc4b805-dc02-409a-84a0-03630345a4d3/datanode-6/data/ratis/af0755e8-a484-48c0-946f-af216c99fd64/in_use.lock acquired by nodename 4478@pr-hdds-2164-trunk-xhc96-1404769113
2019-10-02 11:30:53,714 [pool-87-thread-1] INFO  storage.RaftStorage (RaftStorage.java:format(72)) - Storage directory /workdir/hadoop-ozone/integration-test/target/test-dir/MiniOzoneClusterImpl-5dc4b805-dc02-409a-84a0-03630345a4d3/datanode-6/data/ratis/af0755e8-a484-48c0-946f-af216c99fd64 has been successfully formatted.
2019-10-02 11:30:53,716 [pool-87-thread-1] INFO  ratis.ContainerStateMachine (ContainerStateMachine.java:loadSnapshot(230)) - group-AF216C99FD64: The snapshot info is null. Setting the last applied indexto:(t:0, i:~)
2019-10-02 11:30:53,716 [pool-87-thread-1] INFO  server.RaftServerConfigKeys (ConfUtils.java:logGet(43)) - raft.server.notification.no-leader.timeout = 120s (custom)
2019-10-02 11:30:53,718 [pool-87-thread-1] INFO  server.RaftServerConfigKeys (ConfUtils.java:logGet(43)) - raft.server.log.use.memory = false (default)
2019-10-02 11:30:53,722 [pool-87-thread-1] INFO  server.RaftServerConfigKeys (ConfUtils.java:logGet(43)) - raft.server.log.purge.gap = 1000000 (custom)
2019-10-02 11:30:53,722 [pool-87-thread-1] INFO  server.RaftServerConfigKeys (ConfUtils.java:logGet(43)) - raft.server.log.appender.buffer.byte-limit = 33554432 (custom)
2019-10-02 11:30:53,724 [pool-87-thread-1] INFO  server.RaftServerConfigKeys (ConfUtils.java:logGet(43)) - raft.server.log.segment.size.max = 1048576 (custom)
2019-10-02 11:30:53,728 [pool-87-thread-1] INFO  server.RaftServerConfigKeys (ConfUtils.java:logGet(43)) - raft.server.log.segment.cache.num.max = 2 (custom)
2019-10-02 11:30:53,732 [pool-87-thread-1] INFO  segmented.SegmentedRaftLogWorker (SegmentedRaftLogWorker.java:<init>(172)) - new 633590d7-4390-4d51-971d-49ea2f910c76@group-AF216C99FD64-SegmentedRaftLogWorker for RaftStorage:Storage Directory /workdir/hadoop-ozone/integration-test/target/test-dir/MiniOzoneClusterImpl-5dc4b805-dc02-409a-84a0-03630345a4d3/datanode-6/data/ratis/af0755e8-a484-48c0-946f-af216c99fd64
2019-10-02 11:30:53,733 [pool-87-thread-1] INFO  impl.MetricsSystemImpl (MetricsSystemImpl.java:init(158)) - ratis metrics system started (again)
2019-10-02 11:30:53,738 [pool-87-thread-1] INFO  metrics.MetricRegistries (MetricRegistriesLoader.java:load(64)) - Loaded MetricRegistries class org.apache.ratis.metrics.impl.MetricRegistriesImpl
2019-10-02 11:30:53,767 [pool-87-thread-1] INFO  server.RaftServerConfigKeys (ConfUtils.java:logGet(43)) - raft.server.log.queue.byte-limit = 2147483647 (custom)
2019-10-02 11:30:53,768 [pool-87-thread-1] INFO  server.RaftServerConfigKeys (ConfUtils.java:logGet(43)) - raft.server.log.queue.element-limit = 1024 (custom)
2019-10-02 11:30:53,770 [pool-87-thread-1] INFO  server.RaftServerConfigKeys (ConfUtils.java:logGet(43)) - raft.server.log.segment.size.max = 1048576 (custom)
2019-10-02 11:30:53,771 [pool-87-thread-1] INFO  server.RaftServerConfigKeys (ConfUtils.java:logGet(43)) - raft.server.log.preallocated.size = 16384 (custom)
2019-10-02 11:30:53,771 [pool-87-thread-1] INFO  server.RaftServerConfigKeys (ConfUtils.java:logGet(43)) - raft.server.log.write.buffer.size = 33554432 (custom)
2019-10-02 11:30:53,771 [pool-87-thread-1] INFO  server.RaftServerConfigKeys (ConfUtils.java:logGet(43)) - raft.server.log.force.sync.num = 128 (default)
2019-10-02 11:30:53,772 [pool-87-thread-1] INFO  server.RaftServerConfigKeys (ConfUtils.java:logGet(43)) - raft.server.log.statemachine.data.sync = true (default)
2019-10-02 11:30:53,772 [pool-87-thread-1] INFO  server.RaftServerConfigKeys (ConfUtils.java:logGet(43)) - raft.server.log.statemachine.data.sync.timeout = 10s (default)
2019-10-02 11:30:53,773 [pool-87-thread-1] INFO  server.RaftServerConfigKeys (ConfUtils.java:logGet(43)) - raft.server.log.statemachine.data.sync.timeout.retry = -1 (default)
2019-10-02 11:30:53,780 [pool-87-thread-1] INFO  server.RaftServerConfigKeys (ConfUtils.java:logGet(43)) - raft.server.log.statemachine.data.caching.enabled = true (custom)
2019-10-02 11:30:53,783 [pool-87-thread-1] INFO  segmented.SegmentedRaftLogWorker (SegmentedRaftLogWorker.java:lambda$new$0(132)) - 633590d7-4390-4d51-971d-49ea2f910c76@group-AF216C99FD64-SegmentedRaftLogWorker: flushIndex: setUnconditionally 0 -> -1
2019-10-02 11:30:53,787 [pool-87-thread-1] INFO  server.RaftServerConfigKeys (ConfUtils.java:logGet(43)) - raft.server.snapshot.auto.trigger.enabled = true (custom)
2019-10-02 11:30:53,788 [pool-87-thread-1] INFO  server.RaftServerConfigKeys (ConfUtils.java:logGet(43)) - raft.server.snapshot.auto.trigger.threshold = 10000 (custom)
2019-10-02 11:30:53,788 [pool-87-thread-1] INFO  server.RaftServerConfigKeys (ConfUtils.java:logGet(43)) - raft.server.snapshot.retention.num.files = 5 (custom)
2019-10-02 11:30:53,788 [pool-87-thread-1] INFO  server.RaftServerConfigKeys (ConfUtils.java:logGet(43)) - raft.server.retrycache.expirytime = 600000ms (custom)
2019-10-02 11:30:53,811 [pool-87-thread-1] INFO  impl.RaftServerImpl (RaftServerImpl.java:start(185)) - 633590d7-4390-4d51-971d-49ea2f910c76@group-AF216C99FD64: start as a follower, conf=-1: [633590d7-4390-4d51-971d-49ea2f910c76:192.168.151.102:37552], old=null
2019-10-02 11:30:53,812 [pool-87-thread-1] INFO  impl.RaftServerImpl (RaftServerImpl.java:setRole(174)) - 633590d7-4390-4d51-971d-49ea2f910c76@group-AF216C99FD64: changes role from      null to FOLLOWER at term 0 for startAsFollower
2019-10-02 11:30:53,813 [pool-87-thread-1] INFO  impl.RoleInfo (RoleInfo.java:updateAndGet(143)) - 633590d7-4390-4d51-971d-49ea2f910c76: start FollowerState
2019-10-02 11:30:53,829 [pool-87-thread-1] INFO  util.JmxRegister (JmxRegister.java:tryRegister(44)) - Successfully registered JMX Bean with object name Ratis:service=RaftServer,group=group-AF216C99FD64,id=633590d7-4390-4d51-971d-49ea2f910c76
2019-10-02 11:30:54,059 [main] INFO  ozone.MiniOzoneClusterImpl (MiniOzoneClusterImpl.java:lambda$waitForClusterToBeReady$0(147)) - Cluster is ready. Got 10 of 10 DN Heartbeats.
2019-10-02 11:30:54,075 [RatisPipelineUtilsThread] INFO  pipeline.PipelineStateManager (PipelineStateManager.java:addPipeline(56)) - Created pipeline Pipeline[ Id: af0755e8-a484-48c0-946f-af216c99fd64, Nodes: 633590d7-4390-4d51-971d-49ea2f910c76{ip: 192.168.151.102, host: pr-hdds-2164-trunk-xhc96-1404769113, networkLocation: /default-rack, certSerialId: null}, Type:RATIS, Factor:ONE, State:OPEN]
2019-10-02 11:30:54,107 [grpc-default-executor-0] INFO  impl.RaftServerProxy (RaftServerProxy.java:addNew(89)) - e5cd125e-f61d-45cf-b4cf-a13e4bd3b145: addNew group-65ABB48B6019:[e5cd125e-f61d-45cf-b4cf-a13e4bd3b145:192.168.151.102:36084] returns group-65ABB48B6019:java.util.concurrent.CompletableFuture@1b6bd6f7[Not completed]
2019-10-02 11:30:54,171 [pool-117-thread-1] INFO  impl.RaftServerImpl (RaftServerImpl.java:<init>(95)) - e5cd125e-f61d-45cf-b4cf-a13e4bd3b145: new RaftServerImpl for group-65ABB48B6019:[e5cd125e-f61d-45cf-b4cf-a13e4bd3b145:192.168.151.102:36084] with ContainerStateMachine:uninitialized
2019-10-02 11:30:54,172 [pool-117-thread-1] INFO  server.RaftServerConfigKeys (ConfUtils.java:logGet(43)) - raft.server.rpc.timeout.min = 1s (custom)
2019-10-02 11:30:54,174 [pool-117-thread-1] INFO  server.RaftServerConfigKeys (ConfUtils.java:logGet(43)) - raft.server.rpc.timeout.max = 1200ms (custom)
2019-10-02 11:30:54,174 [pool-117-thread-1] INFO  server.RaftServerConfigKeys (ConfUtils.java:logGet(43)) - raft.server.rpcslowness.timeout = 120s (custom)
2019-10-02 11:30:54,174 [pool-117-thread-1] INFO  server.RaftServerConfigKeys (ConfUtils.java:logGet(43)) - raft.server.sleep.deviation.threshold = 300 (default)
2019-10-02 11:30:54,174 [pool-117-thread-1] INFO  server.RaftServerConfigKeys (ConfUtils.java:logGet(43)) - raft.server.log.appender.install.snapshot.enabled = false (custom)
2019-10-02 11:30:54,174 [pool-117-thread-1] INFO  impl.RaftServerImpl (ServerState.java:<init>(103)) - e5cd125e-f61d-45cf-b4cf-a13e4bd3b145@group-65ABB48B6019: ConfigurationManager, init=-1: [e5cd125e-f61d-45cf-b4cf-a13e4bd3b145:192.168.151.102:36084], old=null, confs=<EMPTY_MAP>
2019-10-02 11:30:54,174 [pool-117-thread-1] INFO  server.RaftServerConfigKeys (ConfUtils.java:logGet(43)) - raft.server.storage.dir = [/workdir/hadoop-ozone/integration-test/target/test-dir/MiniOzoneClusterImpl-5dc4b805-dc02-409a-84a0-03630345a4d3/datanode-9/data/ratis] (custom)
2019-10-02 11:30:54,175 [pool-117-thread-1] INFO  storage.RaftStorageDirectory (RaftStorageDirectory.java:analyzeStorage(246)) - The storage directory /workdir/hadoop-ozone/integration-test/target/test-dir/MiniOzoneClusterImpl-5dc4b805-dc02-409a-84a0-03630345a4d3/datanode-9/data/ratis/ae6e0671-fca9-4b85-9406-65abb48b6019 does not exist. Creating ...
2019-10-02 11:30:54,190 [pool-117-thread-1] INFO  storage.RaftStorageDirectory (RaftStorageDirectory.java:tryLock(328)) - Lock on /workdir/hadoop-ozone/integration-test/target/test-dir/MiniOzoneClusterImpl-5dc4b805-dc02-409a-84a0-03630345a4d3/datanode-9/data/ratis/ae6e0671-fca9-4b85-9406-65abb48b6019/in_use.lock acquired by nodename 4478@pr-hdds-2164-trunk-xhc96-1404769113
2019-10-02 11:30:54,203 [pool-117-thread-1] INFO  storage.RaftStorage (RaftStorage.java:format(72)) - Storage directory /workdir/hadoop-ozone/integration-test/target/test-dir/MiniOzoneClusterImpl-5dc4b805-dc02-409a-84a0-03630345a4d3/datanode-9/data/ratis/ae6e0671-fca9-4b85-9406-65abb48b6019 has been successfully formatted.
2019-10-02 11:30:54,204 [pool-117-thread-1] INFO  ratis.ContainerStateMachine (ContainerStateMachine.java:loadSnapshot(230)) - group-65ABB48B6019: The snapshot info is null. Setting the last applied indexto:(t:0, i:~)
2019-10-02 11:30:54,206 [pool-117-thread-1] INFO  server.RaftServerConfigKeys (ConfUtils.java:logGet(43)) - raft.server.notification.no-leader.timeout = 120s (custom)
2019-10-02 11:30:54,206 [pool-117-thread-1] INFO  server.RaftServerConfigKeys (ConfUtils.java:logGet(43)) - raft.server.log.use.memory = false (default)
2019-10-02 11:30:54,206 [pool-117-thread-1] INFO  server.RaftServerConfigKeys (ConfUtils.java:logGet(43)) - raft.server.log.purge.gap = 1000000 (custom)
2019-10-02 11:30:54,206 [pool-117-thread-1] INFO  server.RaftServerConfigKeys (ConfUtils.java:logGet(43)) - raft.server.log.appender.buffer.byte-limit = 33554432 (custom)
2019-10-02 11:30:54,206 [pool-117-thread-1] INFO  server.RaftServerConfigKeys (ConfUtils.java:logGet(43)) - raft.server.log.segment.size.max = 1048576 (custom)
2019-10-02 11:30:54,207 [pool-117-thread-1] INFO  server.RaftServerConfigKeys (ConfUtils.java:logGet(43)) - raft.server.log.segment.cache.num.max = 2 (custom)
2019-10-02 11:30:54,207 [pool-117-thread-1] INFO  segmented.SegmentedRaftLogWorker (SegmentedRaftLogWorker.java:<init>(172)) - new e5cd125e-f61d-45cf-b4cf-a13e4bd3b145@group-65ABB48B6019-SegmentedRaftLogWorker for RaftStorage:Storage Directory /workdir/hadoop-ozone/integration-test/target/test-dir/MiniOzoneClusterImpl-5dc4b805-dc02-409a-84a0-03630345a4d3/datanode-9/data/ratis/ae6e0671-fca9-4b85-9406-65abb48b6019
2019-10-02 11:30:54,212 [pool-117-thread-1] INFO  server.RaftServerConfigKeys (ConfUtils.java:logGet(43)) - raft.server.log.queue.byte-limit = 2147483647 (custom)
2019-10-02 11:30:54,212 [pool-117-thread-1] INFO  server.RaftServerConfigKeys (ConfUtils.java:logGet(43)) - raft.server.log.queue.element-limit = 1024 (custom)
2019-10-02 11:30:54,213 [pool-117-thread-1] INFO  server.RaftServerConfigKeys (ConfUtils.java:logGet(43)) - raft.server.log.segment.size.max = 1048576 (custom)
2019-10-02 11:30:54,213 [pool-117-thread-1] INFO  server.RaftServerConfigKeys (ConfUtils.java:logGet(43)) - raft.server.log.preallocated.size = 16384 (custom)
2019-10-02 11:30:54,213 [pool-117-thread-1] INFO  server.RaftServerConfigKeys (ConfUtils.java:logGet(43)) - raft.server.log.write.buffer.size = 33554432 (custom)
2019-10-02 11:30:54,213 [pool-117-thread-1] INFO  server.RaftServerConfigKeys (ConfUtils.java:logGet(43)) - raft.server.log.force.sync.num = 128 (default)
2019-10-02 11:30:54,213 [pool-117-thread-1] INFO  server.RaftServerConfigKeys (ConfUtils.java:logGet(43)) - raft.server.log.statemachine.data.sync = true (default)
2019-10-02 11:30:54,213 [pool-117-thread-1] INFO  server.RaftServerConfigKeys (ConfUtils.java:logGet(43)) - raft.server.log.statemachine.data.sync.timeout = 10s (default)
2019-10-02 11:30:54,213 [pool-117-thread-1] INFO  server.RaftServerConfigKeys (ConfUtils.java:logGet(43)) - raft.server.log.statemachine.data.sync.timeout.retry = -1 (default)
2019-10-02 11:30:54,214 [pool-117-thread-1] INFO  server.RaftServerConfigKeys (ConfUtils.java:logGet(43)) - raft.server.log.statemachine.data.caching.enabled = true (custom)
2019-10-02 11:30:54,214 [pool-117-thread-1] INFO  segmented.SegmentedRaftLogWorker (SegmentedRaftLogWorker.java:lambda$new$0(132)) - e5cd125e-f61d-45cf-b4cf-a13e4bd3b145@group-65ABB48B6019-SegmentedRaftLogWorker: flushIndex: setUnconditionally 0 -> -1
2019-10-02 11:30:54,214 [pool-117-thread-1] INFO  server.RaftServerConfigKeys (ConfUtils.java:logGet(43)) - raft.server.snapshot.auto.trigger.enabled = true (custom)
2019-10-02 11:30:54,214 [pool-117-thread-1] INFO  server.RaftServerConfigKeys (ConfUtils.java:logGet(43)) - raft.server.snapshot.auto.trigger.threshold = 10000 (custom)
2019-10-02 11:30:54,214 [pool-117-thread-1] INFO  server.RaftServerConfigKeys (ConfUtils.java:logGet(43)) - raft.server.snapshot.retention.num.files = 5 (custom)
2019-10-02 11:30:54,214 [pool-117-thread-1] INFO  server.RaftServerConfigKeys (ConfUtils.java:logGet(43)) - raft.server.retrycache.expirytime = 600000ms (custom)
2019-10-02 11:30:54,218 [pool-117-thread-1] INFO  impl.RaftServerImpl (RaftServerImpl.java:start(185)) - e5cd125e-f61d-45cf-b4cf-a13e4bd3b145@group-65ABB48B6019: start as a follower, conf=-1: [e5cd125e-f61d-45cf-b4cf-a13e4bd3b145:192.168.151.102:36084], old=null
2019-10-02 11:30:54,218 [pool-117-thread-1] INFO  impl.RaftServerImpl (RaftServerImpl.java:setRole(174)) - e5cd125e-f61d-45cf-b4cf-a13e4bd3b145@group-65ABB48B6019: changes role from      null to FOLLOWER at term 0 for startAsFollower
2019-10-02 11:30:54,218 [pool-117-thread-1] INFO  impl.RoleInfo (RoleInfo.java:updateAndGet(143)) - e5cd125e-f61d-45cf-b4cf-a13e4bd3b145: start FollowerState
2019-10-02 11:30:54,220 [pool-117-thread-1] INFO  util.JmxRegister (JmxRegister.java:tryRegister(44)) - Successfully registered JMX Bean with object name Ratis:service=RaftServer,group=group-65ABB48B6019,id=e5cd125e-f61d-45cf-b4cf-a13e4bd3b145
2019-10-02 11:30:54,236 [RatisPipelineUtilsThread] INFO  pipeline.PipelineStateManager (PipelineStateManager.java:addPipeline(56)) - Created pipeline Pipeline[ Id: ae6e0671-fca9-4b85-9406-65abb48b6019, Nodes: e5cd125e-f61d-45cf-b4cf-a13e4bd3b145{ip: 192.168.151.102, host: pr-hdds-2164-trunk-xhc96-1404769113, networkLocation: /default-rack, certSerialId: null}, Type:RATIS, Factor:ONE, State:OPEN]
2019-10-02 11:30:54,256 [grpc-default-executor-0] INFO  impl.RaftServerProxy (RaftServerProxy.java:addNew(89)) - 70fbbe32-55c4-4d97-b4b6-a87353a06c87: addNew group-1AED904AC363:[70fbbe32-55c4-4d97-b4b6-a87353a06c87:192.168.151.102:40051] returns group-1AED904AC363:java.util.concurrent.CompletableFuture@154af075[Not completed]
2019-10-02 11:30:54,265 [pool-57-thread-1] INFO  impl.RaftServerImpl (RaftServerImpl.java:<init>(95)) - 70fbbe32-55c4-4d97-b4b6-a87353a06c87: new RaftServerImpl for group-1AED904AC363:[70fbbe32-55c4-4d97-b4b6-a87353a06c87:192.168.151.102:40051] with ContainerStateMachine:uninitialized
2019-10-02 11:30:54,265 [pool-57-thread-1] INFO  server.RaftServerConfigKeys (ConfUtils.java:logGet(43)) - raft.server.rpc.timeout.min = 1s (custom)
2019-10-02 11:30:54,265 [pool-57-thread-1] INFO  server.RaftServerConfigKeys (ConfUtils.java:logGet(43)) - raft.server.rpc.timeout.max = 1200ms (custom)
2019-10-02 11:30:54,266 [pool-57-thread-1] INFO  server.RaftServerConfigKeys (ConfUtils.java:logGet(43)) - raft.server.rpcslowness.timeout = 120s (custom)
2019-10-02 11:30:54,266 [pool-57-thread-1] INFO  server.RaftServerConfigKeys (ConfUtils.java:logGet(43)) - raft.server.sleep.deviation.threshold = 300 (default)
2019-10-02 11:30:54,266 [pool-57-thread-1] INFO  server.RaftServerConfigKeys (ConfUtils.java:logGet(43)) - raft.server.log.appender.install.snapshot.enabled = false (custom)
2019-10-02 11:30:54,266 [pool-57-thread-1] INFO  impl.RaftServerImpl (ServerState.java:<init>(103)) - 70fbbe32-55c4-4d97-b4b6-a87353a06c87@group-1AED904AC363: ConfigurationManager, init=-1: [70fbbe32-55c4-4d97-b4b6-a87353a06c87:192.168.151.102:40051], old=null, confs=<EMPTY_MAP>
2019-10-02 11:30:54,266 [pool-57-thread-1] INFO  server.RaftServerConfigKeys (ConfUtils.java:logGet(43)) - raft.server.storage.dir = [/workdir/hadoop-ozone/integration-test/target/test-dir/MiniOzoneClusterImpl-5dc4b805-dc02-409a-84a0-03630345a4d3/datanode-3/data/ratis] (custom)
2019-10-02 11:30:54,266 [pool-57-thread-1] INFO  storage.RaftStorageDirectory (RaftStorageDirectory.java:analyzeStorage(246)) - The storage directory /workdir/hadoop-ozone/integration-test/target/test-dir/MiniOzoneClusterImpl-5dc4b805-dc02-409a-84a0-03630345a4d3/datanode-3/data/ratis/faafa7d1-abe0-4b05-8ec4-1aed904ac363 does not exist. Creating ...
2019-10-02 11:30:54,279 [pool-57-thread-1] INFO  storage.RaftStorageDirectory (RaftStorageDirectory.java:tryLock(328)) - Lock on /workdir/hadoop-ozone/integration-test/target/test-dir/MiniOzoneClusterImpl-5dc4b805-dc02-409a-84a0-03630345a4d3/datanode-3/data/ratis/faafa7d1-abe0-4b05-8ec4-1aed904ac363/in_use.lock acquired by nodename 4478@pr-hdds-2164-trunk-xhc96-1404769113
2019-10-02 11:30:54,294 [pool-57-thread-1] INFO  storage.RaftStorage (RaftStorage.java:format(72)) - Storage directory /workdir/hadoop-ozone/integration-test/target/test-dir/MiniOzoneClusterImpl-5dc4b805-dc02-409a-84a0-03630345a4d3/datanode-3/data/ratis/faafa7d1-abe0-4b05-8ec4-1aed904ac363 has been successfully formatted.
2019-10-02 11:30:54,294 [pool-57-thread-1] INFO  ratis.ContainerStateMachine (ContainerStateMachine.java:loadSnapshot(230)) - group-1AED904AC363: The snapshot info is null. Setting the last applied indexto:(t:0, i:~)
2019-10-02 11:30:54,295 [pool-57-thread-1] INFO  server.RaftServerConfigKeys (ConfUtils.java:logGet(43)) - raft.server.notification.no-leader.timeout = 120s (custom)
2019-10-02 11:30:54,295 [pool-57-thread-1] INFO  server.RaftServerConfigKeys (ConfUtils.java:logGet(43)) - raft.server.log.use.memory = false (default)
2019-10-02 11:30:54,295 [pool-57-thread-1] INFO  server.RaftServerConfigKeys (ConfUtils.java:logGet(43)) - raft.server.log.purge.gap = 1000000 (custom)
2019-10-02 11:30:54,295 [pool-57-thread-1] INFO  server.RaftServerConfigKeys (ConfUtils.java:logGet(43)) - raft.server.log.appender.buffer.byte-limit = 33554432 (custom)
2019-10-02 11:30:54,295 [pool-57-thread-1] INFO  server.RaftServerConfigKeys (ConfUtils.java:logGet(43)) - raft.server.log.segment.size.max = 1048576 (custom)
2019-10-02 11:30:54,295 [pool-57-thread-1] INFO  server.RaftServerConfigKeys (ConfUtils.java:logGet(43)) - raft.server.log.segment.cache.num.max = 2 (custom)
2019-10-02 11:30:54,295 [pool-57-thread-1] INFO  segmented.SegmentedRaftLogWorker (SegmentedRaftLogWorker.java:<init>(172)) - new 70fbbe32-55c4-4d97-b4b6-a87353a06c87@group-1AED904AC363-SegmentedRaftLogWorker for RaftStorage:Storage Directory /workdir/hadoop-ozone/integration-test/target/test-dir/MiniOzoneClusterImpl-5dc4b805-dc02-409a-84a0-03630345a4d3/datanode-3/data/ratis/faafa7d1-abe0-4b05-8ec4-1aed904ac363
2019-10-02 11:30:54,333 [pool-57-thread-1] INFO  server.RaftServerConfigKeys (ConfUtils.java:logGet(43)) - raft.server.log.queue.byte-limit = 2147483647 (custom)
2019-10-02 11:30:54,333 [pool-57-thread-1] INFO  server.RaftServerConfigKeys (ConfUtils.java:logGet(43)) - raft.server.log.queue.element-limit = 1024 (custom)
2019-10-02 11:30:54,333 [pool-57-thread-1] INFO  server.RaftServerConfigKeys (ConfUtils.java:logGet(43)) - raft.server.log.segment.size.max = 1048576 (custom)
2019-10-02 11:30:54,334 [pool-57-thread-1] INFO  server.RaftServerConfigKeys (ConfUtils.java:logGet(43)) - raft.server.log.preallocated.size = 16384 (custom)
2019-10-02 11:30:54,334 [pool-57-thread-1] INFO  server.RaftServerConfigKeys (ConfUtils.java:logGet(43)) - raft.server.log.write.buffer.size = 33554432 (custom)
2019-10-02 11:30:54,334 [pool-57-thread-1] INFO  server.RaftServerConfigKeys (ConfUtils.java:logGet(43)) - raft.server.log.force.sync.num = 128 (default)
2019-10-02 11:30:54,334 [pool-57-thread-1] INFO  server.RaftServerConfigKeys (ConfUtils.java:logGet(43)) - raft.server.log.statemachine.data.sync = true (default)
2019-10-02 11:30:54,334 [pool-57-thread-1] INFO  server.RaftServerConfigKeys (ConfUtils.java:logGet(43)) - raft.server.log.statemachine.data.sync.timeout = 10s (default)
2019-10-02 11:30:54,334 [pool-57-thread-1] INFO  server.RaftServerConfigKeys (ConfUtils.java:logGet(43)) - raft.server.log.statemachine.data.sync.timeout.retry = -1 (default)
2019-10-02 11:30:54,335 [pool-57-thread-1] INFO  server.RaftServerConfigKeys (ConfUtils.java:logGet(43)) - raft.server.log.statemachine.data.caching.enabled = true (custom)
2019-10-02 11:30:54,335 [pool-57-thread-1] INFO  segmented.SegmentedRaftLogWorker (SegmentedRaftLogWorker.java:lambda$new$0(132)) - 70fbbe32-55c4-4d97-b4b6-a87353a06c87@group-1AED904AC363-SegmentedRaftLogWorker: flushIndex: setUnconditionally 0 -> -1
2019-10-02 11:30:54,336 [pool-57-thread-1] INFO  server.RaftServerConfigKeys (ConfUtils.java:logGet(43)) - raft.server.snapshot.auto.trigger.enabled = true (custom)
2019-10-02 11:30:54,336 [pool-57-thread-1] INFO  server.RaftServerConfigKeys (ConfUtils.java:logGet(43)) - raft.server.snapshot.auto.trigger.threshold = 10000 (custom)
2019-10-02 11:30:54,336 [pool-57-thread-1] INFO  server.RaftServerConfigKeys (ConfUtils.java:logGet(43)) - raft.server.snapshot.retention.num.files = 5 (custom)
2019-10-02 11:30:54,336 [pool-57-thread-1] INFO  server.RaftServerConfigKeys (ConfUtils.java:logGet(43)) - raft.server.retrycache.expirytime = 600000ms (custom)
2019-10-02 11:30:54,340 [pool-57-thread-1] INFO  impl.RaftServerImpl (RaftServerImpl.java:start(185)) - 70fbbe32-55c4-4d97-b4b6-a87353a06c87@group-1AED904AC363: start as a follower, conf=-1: [70fbbe32-55c4-4d97-b4b6-a87353a06c87:192.168.151.102:40051], old=null
2019-10-02 11:30:54,341 [pool-57-thread-1] INFO  impl.RaftServerImpl (RaftServerImpl.java:setRole(174)) - 70fbbe32-55c4-4d97-b4b6-a87353a06c87@group-1AED904AC363: changes role from      null to FOLLOWER at term 0 for startAsFollower
2019-10-02 11:30:54,341 [pool-57-thread-1] INFO  impl.RoleInfo (RoleInfo.java:updateAndGet(143)) - 70fbbe32-55c4-4d97-b4b6-a87353a06c87: start FollowerState
2019-10-02 11:30:54,341 [pool-57-thread-1] INFO  util.JmxRegister (JmxRegister.java:tryRegister(44)) - Successfully registered JMX Bean with object name Ratis:service=RaftServer,group=group-1AED904AC363,id=70fbbe32-55c4-4d97-b4b6-a87353a06c87
2019-10-02 11:30:54,354 [RatisPipelineUtilsThread] INFO  pipeline.PipelineStateManager (PipelineStateManager.java:addPipeline(56)) - Created pipeline Pipeline[ Id: faafa7d1-abe0-4b05-8ec4-1aed904ac363, Nodes: 70fbbe32-55c4-4d97-b4b6-a87353a06c87{ip: 192.168.151.102, host: pr-hdds-2164-trunk-xhc96-1404769113, networkLocation: /default-rack, certSerialId: null}, Type:RATIS, Factor:ONE, State:OPEN]
2019-10-02 11:30:54,383 [grpc-default-executor-0] INFO  impl.RaftServerProxy (RaftServerProxy.java:addNew(89)) - 79fae529-906f-428f-a89e-b3dd78ccaa15: addNew group-0A2D7239FBD7:[79fae529-906f-428f-a89e-b3dd78ccaa15:192.168.151.102:42043] returns group-0A2D7239FBD7:java.util.concurrent.CompletableFuture@13b6815b[Not completed]
2019-10-02 11:30:54,389 [pool-67-thread-1] INFO  impl.RaftServerImpl (RaftServerImpl.java:<init>(95)) - 79fae529-906f-428f-a89e-b3dd78ccaa15: new RaftServerImpl for group-0A2D7239FBD7:[79fae529-906f-428f-a89e-b3dd78ccaa15:192.168.151.102:42043] with ContainerStateMachine:uninitialized
2019-10-02 11:30:54,389 [pool-67-thread-1] INFO  server.RaftServerConfigKeys (ConfUtils.java:logGet(43)) - raft.server.rpc.timeout.min = 1s (custom)
2019-10-02 11:30:54,389 [pool-67-thread-1] INFO  server.RaftServerConfigKeys (ConfUtils.java:logGet(43)) - raft.server.rpc.timeout.max = 1200ms (custom)
2019-10-02 11:30:54,389 [pool-67-thread-1] INFO  server.RaftServerConfigKeys (ConfUtils.java:logGet(43)) - raft.server.rpcslowness.timeout = 120s (custom)
2019-10-02 11:30:54,389 [pool-67-thread-1] INFO  server.RaftServerConfigKeys (ConfUtils.java:logGet(43)) - raft.server.sleep.deviation.threshold = 300 (default)
2019-10-02 11:30:54,389 [pool-67-thread-1] INFO  server.RaftServerConfigKeys (ConfUtils.java:logGet(43)) - raft.server.log.appender.install.snapshot.enabled = false (custom)
2019-10-02 11:30:54,389 [pool-67-thread-1] INFO  impl.RaftServerImpl (ServerState.java:<init>(103)) - 79fae529-906f-428f-a89e-b3dd78ccaa15@group-0A2D7239FBD7: ConfigurationManager, init=-1: [79fae529-906f-428f-a89e-b3dd78ccaa15:192.168.151.102:42043], old=null, confs=<EMPTY_MAP>
2019-10-02 11:30:54,389 [pool-67-thread-1] INFO  server.RaftServerConfigKeys (ConfUtils.java:logGet(43)) - raft.server.storage.dir = [/workdir/hadoop-ozone/integration-test/target/test-dir/MiniOzoneClusterImpl-5dc4b805-dc02-409a-84a0-03630345a4d3/datanode-4/data/ratis] (custom)
2019-10-02 11:30:54,390 [pool-67-thread-1] INFO  storage.RaftStorageDirectory (RaftStorageDirectory.java:analyzeStorage(246)) - The storage directory /workdir/hadoop-ozone/integration-test/target/test-dir/MiniOzoneClusterImpl-5dc4b805-dc02-409a-84a0-03630345a4d3/datanode-4/data/ratis/f19077df-f5ee-4564-9d07-0a2d7239fbd7 does not exist. Creating ...
2019-10-02 11:30:54,402 [pool-67-thread-1] INFO  storage.RaftStorageDirectory (RaftStorageDirectory.java:tryLock(328)) - Lock on /workdir/hadoop-ozone/integration-test/target/test-dir/MiniOzoneClusterImpl-5dc4b805-dc02-409a-84a0-03630345a4d3/datanode-4/data/ratis/f19077df-f5ee-4564-9d07-0a2d7239fbd7/in_use.lock acquired by nodename 4478@pr-hdds-2164-trunk-xhc96-1404769113
2019-10-02 11:30:54,415 [pool-67-thread-1] INFO  storage.RaftStorage (RaftStorage.java:format(72)) - Storage directory /workdir/hadoop-ozone/integration-test/target/test-dir/MiniOzoneClusterImpl-5dc4b805-dc02-409a-84a0-03630345a4d3/datanode-4/data/ratis/f19077df-f5ee-4564-9d07-0a2d7239fbd7 has been successfully formatted.
2019-10-02 11:30:54,415 [pool-67-thread-1] INFO  ratis.ContainerStateMachine (ContainerStateMachine.java:loadSnapshot(230)) - group-0A2D7239FBD7: The snapshot info is null. Setting the last applied indexto:(t:0, i:~)
2019-10-02 11:30:54,415 [pool-67-thread-1] INFO  server.RaftServerConfigKeys (ConfUtils.java:logGet(43)) - raft.server.notification.no-leader.timeout = 120s (custom)
2019-10-02 11:30:54,416 [pool-67-thread-1] INFO  server.RaftServerConfigKeys (ConfUtils.java:logGet(43)) - raft.server.log.use.memory = false (default)
2019-10-02 11:30:54,416 [pool-67-thread-1] INFO  server.RaftServerConfigKeys (ConfUtils.java:logGet(43)) - raft.server.log.purge.gap = 1000000 (custom)
2019-10-02 11:30:54,416 [pool-67-thread-1] INFO  server.RaftServerConfigKeys (ConfUtils.java:logGet(43)) - raft.server.log.appender.buffer.byte-limit = 33554432 (custom)
2019-10-02 11:30:54,416 [pool-67-thread-1] INFO  server.RaftServerConfigKeys (ConfUtils.java:logGet(43)) - raft.server.log.segment.size.max = 1048576 (custom)
2019-10-02 11:30:54,416 [pool-67-thread-1] INFO  server.RaftServerConfigKeys (ConfUtils.java:logGet(43)) - raft.server.log.segment.cache.num.max = 2 (custom)
2019-10-02 11:30:54,416 [pool-67-thread-1] INFO  segmented.SegmentedRaftLogWorker (SegmentedRaftLogWorker.java:<init>(172)) - new 79fae529-906f-428f-a89e-b3dd78ccaa15@group-0A2D7239FBD7-SegmentedRaftLogWorker for RaftStorage:Storage Directory /workdir/hadoop-ozone/integration-test/target/test-dir/MiniOzoneClusterImpl-5dc4b805-dc02-409a-84a0-03630345a4d3/datanode-4/data/ratis/f19077df-f5ee-4564-9d07-0a2d7239fbd7
2019-10-02 11:30:54,419 [pool-67-thread-1] INFO  server.RaftServerConfigKeys (ConfUtils.java:logGet(43)) - raft.server.log.queue.byte-limit = 2147483647 (custom)
2019-10-02 11:30:54,419 [pool-67-thread-1] INFO  server.RaftServerConfigKeys (ConfUtils.java:logGet(43)) - raft.server.log.queue.element-limit = 1024 (custom)
2019-10-02 11:30:54,419 [pool-67-thread-1] INFO  server.RaftServerConfigKeys (ConfUtils.java:logGet(43)) - raft.server.log.segment.size.max = 1048576 (custom)
2019-10-02 11:30:54,419 [pool-67-thread-1] INFO  server.RaftServerConfigKeys (ConfUtils.java:logGet(43)) - raft.server.log.preallocated.size = 16384 (custom)
2019-10-02 11:30:54,419 [pool-67-thread-1] INFO  server.RaftServerConfigKeys (ConfUtils.java:logGet(43)) - raft.server.log.write.buffer.size = 33554432 (custom)
2019-10-02 11:30:54,419 [pool-67-thread-1] INFO  server.RaftServerConfigKeys (ConfUtils.java:logGet(43)) - raft.server.log.force.sync.num = 128 (default)
2019-10-02 11:30:54,419 [pool-67-thread-1] INFO  server.RaftServerConfigKeys (ConfUtils.java:logGet(43)) - raft.server.log.statemachine.data.sync = true (default)
2019-10-02 11:30:54,420 [pool-67-thread-1] INFO  server.RaftServerConfigKeys (ConfUtils.java:logGet(43)) - raft.server.log.statemachine.data.sync.timeout = 10s (default)
2019-10-02 11:30:54,420 [pool-67-thread-1] INFO  server.RaftServerConfigKeys (ConfUtils.java:logGet(43)) - raft.server.log.statemachine.data.sync.timeout.retry = -1 (default)
2019-10-02 11:30:54,420 [pool-67-thread-1] INFO  server.RaftServerConfigKeys (ConfUtils.java:logGet(43)) - raft.server.log.statemachine.data.caching.enabled = true (custom)
2019-10-02 11:30:54,420 [pool-67-thread-1] INFO  segmented.SegmentedRaftLogWorker (SegmentedRaftLogWorker.java:lambda$new$0(132)) - 79fae529-906f-428f-a89e-b3dd78ccaa15@group-0A2D7239FBD7-SegmentedRaftLogWorker: flushIndex: setUnconditionally 0 -> -1
2019-10-02 11:30:54,420 [pool-67-thread-1] INFO  server.RaftServerConfigKeys (ConfUtils.java:logGet(43)) - raft.server.snapshot.auto.trigger.enabled = true (custom)
2019-10-02 11:30:54,420 [pool-67-thread-1] INFO  server.RaftServerConfigKeys (ConfUtils.java:logGet(43)) - raft.server.snapshot.auto.trigger.threshold = 10000 (custom)
2019-10-02 11:30:54,421 [pool-67-thread-1] INFO  server.RaftServerConfigKeys (ConfUtils.java:logGet(43)) - raft.server.snapshot.retention.num.files = 5 (custom)
2019-10-02 11:30:54,421 [pool-67-thread-1] INFO  server.RaftServerConfigKeys (ConfUtils.java:logGet(43)) - raft.server.retrycache.expirytime = 600000ms (custom)
2019-10-02 11:30:54,424 [pool-67-thread-1] INFO  impl.RaftServerImpl (RaftServerImpl.java:start(185)) - 79fae529-906f-428f-a89e-b3dd78ccaa15@group-0A2D7239FBD7: start as a follower, conf=-1: [79fae529-906f-428f-a89e-b3dd78ccaa15:192.168.151.102:42043], old=null
2019-10-02 11:30:54,424 [pool-67-thread-1] INFO  impl.RaftServerImpl (RaftServerImpl.java:setRole(174)) - 79fae529-906f-428f-a89e-b3dd78ccaa15@group-0A2D7239FBD7: changes role from      null to FOLLOWER at term 0 for startAsFollower
2019-10-02 11:30:54,424 [pool-67-thread-1] INFO  impl.RoleInfo (RoleInfo.java:updateAndGet(143)) - 79fae529-906f-428f-a89e-b3dd78ccaa15: start FollowerState
2019-10-02 11:30:54,424 [pool-67-thread-1] INFO  util.JmxRegister (JmxRegister.java:tryRegister(44)) - Successfully registered JMX Bean with object name Ratis:service=RaftServer,group=group-0A2D7239FBD7,id=79fae529-906f-428f-a89e-b3dd78ccaa15
2019-10-02 11:30:54,452 [RatisPipelineUtilsThread] INFO  pipeline.PipelineStateManager (PipelineStateManager.java:addPipeline(56)) - Created pipeline Pipeline[ Id: f19077df-f5ee-4564-9d07-0a2d7239fbd7, Nodes: 79fae529-906f-428f-a89e-b3dd78ccaa15{ip: 192.168.151.102, host: pr-hdds-2164-trunk-xhc96-1404769113, networkLocation: /default-rack, certSerialId: null}, Type:RATIS, Factor:ONE, State:OPEN]
2019-10-02 11:30:54,471 [grpc-default-executor-0] INFO  impl.RaftServerProxy (RaftServerProxy.java:addNew(89)) - 8af5394b-47b3-4f3f-906d-9219adfe9823: addNew group-D23554B39B82:[8af5394b-47b3-4f3f-906d-9219adfe9823:192.168.151.102:33268] returns group-D23554B39B82:java.util.concurrent.CompletableFuture@167abaf5[Not completed]
2019-10-02 11:30:54,477 [pool-107-thread-1] INFO  impl.RaftServerImpl (RaftServerImpl.java:<init>(95)) - 8af5394b-47b3-4f3f-906d-9219adfe9823: new RaftServerImpl for group-D23554B39B82:[8af5394b-47b3-4f3f-906d-9219adfe9823:192.168.151.102:33268] with ContainerStateMachine:uninitialized
2019-10-02 11:30:54,477 [pool-107-thread-1] INFO  server.RaftServerConfigKeys (ConfUtils.java:logGet(43)) - raft.server.rpc.timeout.min = 1s (custom)
2019-10-02 11:30:54,477 [pool-107-thread-1] INFO  server.RaftServerConfigKeys (ConfUtils.java:logGet(43)) - raft.server.rpc.timeout.max = 1200ms (custom)
2019-10-02 11:30:54,477 [pool-107-thread-1] INFO  server.RaftServerConfigKeys (ConfUtils.java:logGet(43)) - raft.server.rpcslowness.timeout = 120s (custom)
2019-10-02 11:30:54,477 [pool-107-thread-1] INFO  server.RaftServerConfigKeys (ConfUtils.java:logGet(43)) - raft.server.sleep.deviation.threshold = 300 (default)
2019-10-02 11:30:54,477 [pool-107-thread-1] INFO  server.RaftServerConfigKeys (ConfUtils.java:logGet(43)) - raft.server.log.appender.install.snapshot.enabled = false (custom)
2019-10-02 11:30:54,477 [pool-107-thread-1] INFO  impl.RaftServerImpl (ServerState.java:<init>(103)) - 8af5394b-47b3-4f3f-906d-9219adfe9823@group-D23554B39B82: ConfigurationManager, init=-1: [8af5394b-47b3-4f3f-906d-9219adfe9823:192.168.151.102:33268], old=null, confs=<EMPTY_MAP>
2019-10-02 11:30:54,477 [pool-107-thread-1] INFO  server.RaftServerConfigKeys (ConfUtils.java:logGet(43)) - raft.server.storage.dir = [/workdir/hadoop-ozone/integration-test/target/test-dir/MiniOzoneClusterImpl-5dc4b805-dc02-409a-84a0-03630345a4d3/datanode-8/data/ratis] (custom)
2019-10-02 11:30:54,511 [pool-107-thread-1] INFO  storage.RaftStorageDirectory (RaftStorageDirectory.java:analyzeStorage(246)) - The storage directory /workdir/hadoop-ozone/integration-test/target/test-dir/MiniOzoneClusterImpl-5dc4b805-dc02-409a-84a0-03630345a4d3/datanode-8/data/ratis/669d821a-e221-4c9c-b50c-d23554b39b82 does not exist. Creating ...
2019-10-02 11:30:54,525 [pool-107-thread-1] INFO  storage.RaftStorageDirectory (RaftStorageDirectory.java:tryLock(328)) - Lock on /workdir/hadoop-ozone/integration-test/target/test-dir/MiniOzoneClusterImpl-5dc4b805-dc02-409a-84a0-03630345a4d3/datanode-8/data/ratis/669d821a-e221-4c9c-b50c-d23554b39b82/in_use.lock acquired by nodename 4478@pr-hdds-2164-trunk-xhc96-1404769113
2019-10-02 11:30:54,529 [pool-107-thread-1] INFO  storage.RaftStorage (RaftStorage.java:format(72)) - Storage directory /workdir/hadoop-ozone/integration-test/target/test-dir/MiniOzoneClusterImpl-5dc4b805-dc02-409a-84a0-03630345a4d3/datanode-8/data/ratis/669d821a-e221-4c9c-b50c-d23554b39b82 has been successfully formatted.
2019-10-02 11:30:54,529 [pool-107-thread-1] INFO  ratis.ContainerStateMachine (ContainerStateMachine.java:loadSnapshot(230)) - group-D23554B39B82: The snapshot info is null. Setting the last applied indexto:(t:0, i:~)
2019-10-02 11:30:54,529 [pool-107-thread-1] INFO  server.RaftServerConfigKeys (ConfUtils.java:logGet(43)) - raft.server.notification.no-leader.timeout = 120s (custom)
2019-10-02 11:30:54,529 [pool-107-thread-1] INFO  server.RaftServerConfigKeys (ConfUtils.java:logGet(43)) - raft.server.log.use.memory = false (default)
2019-10-02 11:30:54,529 [pool-107-thread-1] INFO  server.RaftServerConfigKeys (ConfUtils.java:logGet(43)) - raft.server.log.purge.gap = 1000000 (custom)
2019-10-02 11:30:54,530 [pool-107-thread-1] INFO  server.RaftServerConfigKeys (ConfUtils.java:logGet(43)) - raft.server.log.appender.buffer.byte-limit = 33554432 (custom)
2019-10-02 11:30:54,530 [pool-107-thread-1] INFO  server.RaftServerConfigKeys (ConfUtils.java:logGet(43)) - raft.server.log.segment.size.max = 1048576 (custom)
2019-10-02 11:30:54,530 [pool-107-thread-1] INFO  server.RaftServerConfigKeys (ConfUtils.java:logGet(43)) - raft.server.log.segment.cache.num.max = 2 (custom)
2019-10-02 11:30:54,530 [pool-107-thread-1] INFO  segmented.SegmentedRaftLogWorker (SegmentedRaftLogWorker.java:<init>(172)) - new 8af5394b-47b3-4f3f-906d-9219adfe9823@group-D23554B39B82-SegmentedRaftLogWorker for RaftStorage:Storage Directory /workdir/hadoop-ozone/integration-test/target/test-dir/MiniOzoneClusterImpl-5dc4b805-dc02-409a-84a0-03630345a4d3/datanode-8/data/ratis/669d821a-e221-4c9c-b50c-d23554b39b82
2019-10-02 11:30:54,533 [pool-107-thread-1] INFO  server.RaftServerConfigKeys (ConfUtils.java:logGet(43)) - raft.server.log.queue.byte-limit = 2147483647 (custom)
2019-10-02 11:30:54,533 [pool-107-thread-1] INFO  server.RaftServerConfigKeys (ConfUtils.java:logGet(43)) - raft.server.log.queue.element-limit = 1024 (custom)
2019-10-02 11:30:54,534 [pool-107-thread-1] INFO  server.RaftServerConfigKeys (ConfUtils.java:logGet(43)) - raft.server.log.segment.size.max = 1048576 (custom)
2019-10-02 11:30:54,534 [pool-107-thread-1] INFO  server.RaftServerConfigKeys (ConfUtils.java:logGet(43)) - raft.server.log.preallocated.size = 16384 (custom)
2019-10-02 11:30:54,534 [pool-107-thread-1] INFO  server.RaftServerConfigKeys (ConfUtils.java:logGet(43)) - raft.server.log.write.buffer.size = 33554432 (custom)
2019-10-02 11:30:54,534 [pool-107-thread-1] INFO  server.RaftServerConfigKeys (ConfUtils.java:logGet(43)) - raft.server.log.force.sync.num = 128 (default)
2019-10-02 11:30:54,534 [pool-107-thread-1] INFO  server.RaftServerConfigKeys (ConfUtils.java:logGet(43)) - raft.server.log.statemachine.data.sync = true (default)
2019-10-02 11:30:54,534 [pool-107-thread-1] INFO  server.RaftServerConfigKeys (ConfUtils.java:logGet(43)) - raft.server.log.statemachine.data.sync.timeout = 10s (default)
2019-10-02 11:30:54,534 [pool-107-thread-1] INFO  server.RaftServerConfigKeys (ConfUtils.java:logGet(43)) - raft.server.log.statemachine.data.sync.timeout.retry = -1 (default)
2019-10-02 11:30:54,535 [pool-107-thread-1] INFO  server.RaftServerConfigKeys (ConfUtils.java:logGet(43)) - raft.server.log.statemachine.data.caching.enabled = true (custom)
2019-10-02 11:30:54,535 [pool-107-thread-1] INFO  segmented.SegmentedRaftLogWorker (SegmentedRaftLogWorker.java:lambda$new$0(132)) - 8af5394b-47b3-4f3f-906d-9219adfe9823@group-D23554B39B82-SegmentedRaftLogWorker: flushIndex: setUnconditionally 0 -> -1
2019-10-02 11:30:54,535 [pool-107-thread-1] INFO  server.RaftServerConfigKeys (ConfUtils.java:logGet(43)) - raft.server.snapshot.auto.trigger.enabled = true (custom)
2019-10-02 11:30:54,535 [pool-107-thread-1] INFO  server.RaftServerConfigKeys (ConfUtils.java:logGet(43)) - raft.server.snapshot.auto.trigger.threshold = 10000 (custom)
2019-10-02 11:30:54,535 [pool-107-thread-1] INFO  server.RaftServerConfigKeys (ConfUtils.java:logGet(43)) - raft.server.snapshot.retention.num.files = 5 (custom)
2019-10-02 11:30:54,536 [pool-107-thread-1] INFO  server.RaftServerConfigKeys (ConfUtils.java:logGet(43)) - raft.server.retrycache.expirytime = 600000ms (custom)
2019-10-02 11:30:54,538 [pool-107-thread-1] INFO  impl.RaftServerImpl (RaftServerImpl.java:start(185)) - 8af5394b-47b3-4f3f-906d-9219adfe9823@group-D23554B39B82: start as a follower, conf=-1: [8af5394b-47b3-4f3f-906d-9219adfe9823:192.168.151.102:33268], old=null
2019-10-02 11:30:54,539 [pool-107-thread-1] INFO  impl.RaftServerImpl (RaftServerImpl.java:setRole(174)) - 8af5394b-47b3-4f3f-906d-9219adfe9823@group-D23554B39B82: changes role from      null to FOLLOWER at term 0 for startAsFollower
2019-10-02 11:30:54,539 [pool-107-thread-1] INFO  impl.RoleInfo (RoleInfo.java:updateAndGet(143)) - 8af5394b-47b3-4f3f-906d-9219adfe9823: start FollowerState
2019-10-02 11:30:54,539 [pool-107-thread-1] INFO  util.JmxRegister (JmxRegister.java:tryRegister(44)) - Successfully registered JMX Bean with object name Ratis:service=RaftServer,group=group-D23554B39B82,id=8af5394b-47b3-4f3f-906d-9219adfe9823
2019-10-02 11:30:54,552 [RatisPipelineUtilsThread] INFO  pipeline.PipelineStateManager (PipelineStateManager.java:addPipeline(56)) - Created pipeline Pipeline[ Id: 669d821a-e221-4c9c-b50c-d23554b39b82, Nodes: 8af5394b-47b3-4f3f-906d-9219adfe9823{ip: 192.168.151.102, host: pr-hdds-2164-trunk-xhc96-1404769113, networkLocation: /default-rack, certSerialId: null}, Type:RATIS, Factor:ONE, State:OPEN]
2019-10-02 11:30:54,568 [grpc-default-executor-0] INFO  impl.RaftServerProxy (RaftServerProxy.java:addNew(89)) - a37a54fb-604e-4e22-90a6-9ef2de79941b: addNew group-6893984871ED:[a37a54fb-604e-4e22-90a6-9ef2de79941b:192.168.151.102:39954] returns group-6893984871ED:java.util.concurrent.CompletableFuture@22713a63[Not completed]
2019-10-02 11:30:54,573 [pool-77-thread-1] INFO  impl.RaftServerImpl (RaftServerImpl.java:<init>(95)) - a37a54fb-604e-4e22-90a6-9ef2de79941b: new RaftServerImpl for group-6893984871ED:[a37a54fb-604e-4e22-90a6-9ef2de79941b:192.168.151.102:39954] with ContainerStateMachine:uninitialized
2019-10-02 11:30:54,573 [pool-77-thread-1] INFO  server.RaftServerConfigKeys (ConfUtils.java:logGet(43)) - raft.server.rpc.timeout.min = 1s (custom)
2019-10-02 11:30:54,573 [pool-77-thread-1] INFO  server.RaftServerConfigKeys (ConfUtils.java:logGet(43)) - raft.server.rpc.timeout.max = 1200ms (custom)
2019-10-02 11:30:54,573 [pool-77-thread-1] INFO  server.RaftServerConfigKeys (ConfUtils.java:logGet(43)) - raft.server.rpcslowness.timeout = 120s (custom)
2019-10-02 11:30:54,573 [pool-77-thread-1] INFO  server.RaftServerConfigKeys (ConfUtils.java:logGet(43)) - raft.server.sleep.deviation.threshold = 300 (default)
2019-10-02 11:30:54,573 [pool-77-thread-1] INFO  server.RaftServerConfigKeys (ConfUtils.java:logGet(43)) - raft.server.log.appender.install.snapshot.enabled = false (custom)
2019-10-02 11:30:54,574 [pool-77-thread-1] INFO  impl.RaftServerImpl (ServerState.java:<init>(103)) - a37a54fb-604e-4e22-90a6-9ef2de79941b@group-6893984871ED: ConfigurationManager, init=-1: [a37a54fb-604e-4e22-90a6-9ef2de79941b:192.168.151.102:39954], old=null, confs=<EMPTY_MAP>
2019-10-02 11:30:54,574 [pool-77-thread-1] INFO  server.RaftServerConfigKeys (ConfUtils.java:logGet(43)) - raft.server.storage.dir = [/workdir/hadoop-ozone/integration-test/target/test-dir/MiniOzoneClusterImpl-5dc4b805-dc02-409a-84a0-03630345a4d3/datanode-5/data/ratis] (custom)
2019-10-02 11:30:54,574 [pool-77-thread-1] INFO  storage.RaftStorageDirectory (RaftStorageDirectory.java:analyzeStorage(246)) - The storage directory /workdir/hadoop-ozone/integration-test/target/test-dir/MiniOzoneClusterImpl-5dc4b805-dc02-409a-84a0-03630345a4d3/datanode-5/data/ratis/f86545bf-0bb0-4ba1-b358-6893984871ed does not exist. Creating ...
2019-10-02 11:30:54,581 [pool-77-thread-1] INFO  storage.RaftStorageDirectory (RaftStorageDirectory.java:tryLock(328)) - Lock on /workdir/hadoop-ozone/integration-test/target/test-dir/MiniOzoneClusterImpl-5dc4b805-dc02-409a-84a0-03630345a4d3/datanode-5/data/ratis/f86545bf-0bb0-4ba1-b358-6893984871ed/in_use.lock acquired by nodename 4478@pr-hdds-2164-trunk-xhc96-1404769113
2019-10-02 11:30:54,594 [pool-77-thread-1] INFO  storage.RaftStorage (RaftStorage.java:format(72)) - Storage directory /workdir/hadoop-ozone/integration-test/target/test-dir/MiniOzoneClusterImpl-5dc4b805-dc02-409a-84a0-03630345a4d3/datanode-5/data/ratis/f86545bf-0bb0-4ba1-b358-6893984871ed has been successfully formatted.
2019-10-02 11:30:54,595 [pool-77-thread-1] INFO  ratis.ContainerStateMachine (ContainerStateMachine.java:loadSnapshot(230)) - group-6893984871ED: The snapshot info is null. Setting the last applied indexto:(t:0, i:~)
2019-10-02 11:30:54,595 [pool-77-thread-1] INFO  server.RaftServerConfigKeys (ConfUtils.java:logGet(43)) - raft.server.notification.no-leader.timeout = 120s (custom)
2019-10-02 11:30:54,595 [pool-77-thread-1] INFO  server.RaftServerConfigKeys (ConfUtils.java:logGet(43)) - raft.server.log.use.memory = false (default)
2019-10-02 11:30:54,595 [pool-77-thread-1] INFO  server.RaftServerConfigKeys (ConfUtils.java:logGet(43)) - raft.server.log.purge.gap = 1000000 (custom)
2019-10-02 11:30:54,595 [pool-77-thread-1] INFO  server.RaftServerConfigKeys (ConfUtils.java:logGet(43)) - raft.server.log.appender.buffer.byte-limit = 33554432 (custom)
2019-10-02 11:30:54,596 [pool-77-thread-1] INFO  server.RaftServerConfigKeys (ConfUtils.java:logGet(43)) - raft.server.log.segment.size.max = 1048576 (custom)
2019-10-02 11:30:54,596 [pool-77-thread-1] INFO  server.RaftServerConfigKeys (ConfUtils.java:logGet(43)) - raft.server.log.segment.cache.num.max = 2 (custom)
2019-10-02 11:30:54,596 [pool-77-thread-1] INFO  segmented.SegmentedRaftLogWorker (SegmentedRaftLogWorker.java:<init>(172)) - new a37a54fb-604e-4e22-90a6-9ef2de79941b@group-6893984871ED-SegmentedRaftLogWorker for RaftStorage:Storage Directory /workdir/hadoop-ozone/integration-test/target/test-dir/MiniOzoneClusterImpl-5dc4b805-dc02-409a-84a0-03630345a4d3/datanode-5/data/ratis/f86545bf-0bb0-4ba1-b358-6893984871ed
2019-10-02 11:30:54,599 [pool-77-thread-1] INFO  server.RaftServerConfigKeys (ConfUtils.java:logGet(43)) - raft.server.log.queue.byte-limit = 2147483647 (custom)
2019-10-02 11:30:54,600 [pool-77-thread-1] INFO  server.RaftServerConfigKeys (ConfUtils.java:logGet(43)) - raft.server.log.queue.element-limit = 1024 (custom)
2019-10-02 11:30:54,600 [pool-77-thread-1] INFO  server.RaftServerConfigKeys (ConfUtils.java:logGet(43)) - raft.server.log.segment.size.max = 1048576 (custom)
2019-10-02 11:30:54,600 [pool-77-thread-1] INFO  server.RaftServerConfigKeys (ConfUtils.java:logGet(43)) - raft.server.log.preallocated.size = 16384 (custom)
2019-10-02 11:30:54,600 [pool-77-thread-1] INFO  server.RaftServerConfigKeys (ConfUtils.java:logGet(43)) - raft.server.log.write.buffer.size = 33554432 (custom)
2019-10-02 11:30:54,600 [pool-77-thread-1] INFO  server.RaftServerConfigKeys (ConfUtils.java:logGet(43)) - raft.server.log.force.sync.num = 128 (default)
2019-10-02 11:30:54,600 [pool-77-thread-1] INFO  server.RaftServerConfigKeys (ConfUtils.java:logGet(43)) - raft.server.log.statemachine.data.sync = true (default)
2019-10-02 11:30:54,601 [pool-77-thread-1] INFO  server.RaftServerConfigKeys (ConfUtils.java:logGet(43)) - raft.server.log.statemachine.data.sync.timeout = 10s (default)
2019-10-02 11:30:54,601 [pool-77-thread-1] INFO  server.RaftServerConfigKeys (ConfUtils.java:logGet(43)) - raft.server.log.statemachine.data.sync.timeout.retry = -1 (default)
2019-10-02 11:30:54,601 [pool-77-thread-1] INFO  server.RaftServerConfigKeys (ConfUtils.java:logGet(43)) - raft.server.log.statemachine.data.caching.enabled = true (custom)
2019-10-02 11:30:54,601 [pool-77-thread-1] INFO  segmented.SegmentedRaftLogWorker (SegmentedRaftLogWorker.java:lambda$new$0(132)) - a37a54fb-604e-4e22-90a6-9ef2de79941b@group-6893984871ED-SegmentedRaftLogWorker: flushIndex: setUnconditionally 0 -> -1
2019-10-02 11:30:54,602 [pool-77-thread-1] INFO  server.RaftServerConfigKeys (ConfUtils.java:logGet(43)) - raft.server.snapshot.auto.trigger.enabled = true (custom)
2019-10-02 11:30:54,602 [pool-77-thread-1] INFO  server.RaftServerConfigKeys (ConfUtils.java:logGet(43)) - raft.server.snapshot.auto.trigger.threshold = 10000 (custom)
2019-10-02 11:30:54,602 [pool-77-thread-1] INFO  server.RaftServerConfigKeys (ConfUtils.java:logGet(43)) - raft.server.snapshot.retention.num.files = 5 (custom)
2019-10-02 11:30:54,602 [pool-77-thread-1] INFO  server.RaftServerConfigKeys (ConfUtils.java:logGet(43)) - raft.server.retrycache.expirytime = 600000ms (custom)
2019-10-02 11:30:54,606 [pool-77-thread-1] INFO  impl.RaftServerImpl (RaftServerImpl.java:start(185)) - a37a54fb-604e-4e22-90a6-9ef2de79941b@group-6893984871ED: start as a follower, conf=-1: [a37a54fb-604e-4e22-90a6-9ef2de79941b:192.168.151.102:39954], old=null
2019-10-02 11:30:54,606 [pool-77-thread-1] INFO  impl.RaftServerImpl (RaftServerImpl.java:setRole(174)) - a37a54fb-604e-4e22-90a6-9ef2de79941b@group-6893984871ED: changes role from      null to FOLLOWER at term 0 for startAsFollower
2019-10-02 11:30:54,606 [pool-77-thread-1] INFO  impl.RoleInfo (RoleInfo.java:updateAndGet(143)) - a37a54fb-604e-4e22-90a6-9ef2de79941b: start FollowerState
2019-10-02 11:30:54,606 [pool-77-thread-1] INFO  util.JmxRegister (JmxRegister.java:tryRegister(44)) - Successfully registered JMX Bean with object name Ratis:service=RaftServer,group=group-6893984871ED,id=a37a54fb-604e-4e22-90a6-9ef2de79941b
2019-10-02 11:30:54,618 [RatisPipelineUtilsThread] INFO  pipeline.PipelineStateManager (PipelineStateManager.java:addPipeline(56)) - Created pipeline Pipeline[ Id: f86545bf-0bb0-4ba1-b358-6893984871ed, Nodes: a37a54fb-604e-4e22-90a6-9ef2de79941b{ip: 192.168.151.102, host: pr-hdds-2164-trunk-xhc96-1404769113, networkLocation: /default-rack, certSerialId: null}, Type:RATIS, Factor:ONE, State:OPEN]
2019-10-02 11:30:54,635 [grpc-default-executor-0] INFO  impl.RaftServerProxy (RaftServerProxy.java:addNew(89)) - bde60412-0b16-4336-9436-0525b0ae90d5: addNew group-3FD968999142:[bde60412-0b16-4336-9436-0525b0ae90d5:192.168.151.102:39704] returns group-3FD968999142:java.util.concurrent.CompletableFuture@7d5e92cb[Not completed]
2019-10-02 11:30:54,640 [pool-37-thread-1] INFO  impl.RaftServerImpl (RaftServerImpl.java:<init>(95)) - bde60412-0b16-4336-9436-0525b0ae90d5: new RaftServerImpl for group-3FD968999142:[bde60412-0b16-4336-9436-0525b0ae90d5:192.168.151.102:39704] with ContainerStateMachine:uninitialized
2019-10-02 11:30:54,640 [pool-37-thread-1] INFO  server.RaftServerConfigKeys (ConfUtils.java:logGet(43)) - raft.server.rpc.timeout.min = 1s (custom)
2019-10-02 11:30:54,640 [pool-37-thread-1] INFO  server.RaftServerConfigKeys (ConfUtils.java:logGet(43)) - raft.server.rpc.timeout.max = 1200ms (custom)
2019-10-02 11:30:54,640 [pool-37-thread-1] INFO  server.RaftServerConfigKeys (ConfUtils.java:logGet(43)) - raft.server.rpcslowness.timeout = 120s (custom)
2019-10-02 11:30:54,640 [pool-37-thread-1] INFO  server.RaftServerConfigKeys (ConfUtils.java:logGet(43)) - raft.server.sleep.deviation.threshold = 300 (default)
2019-10-02 11:30:54,640 [pool-37-thread-1] INFO  server.RaftServerConfigKeys (ConfUtils.java:logGet(43)) - raft.server.log.appender.install.snapshot.enabled = false (custom)
2019-10-02 11:30:54,640 [pool-37-thread-1] INFO  impl.RaftServerImpl (ServerState.java:<init>(103)) - bde60412-0b16-4336-9436-0525b0ae90d5@group-3FD968999142: ConfigurationManager, init=-1: [bde60412-0b16-4336-9436-0525b0ae90d5:192.168.151.102:39704], old=null, confs=<EMPTY_MAP>
2019-10-02 11:30:54,641 [pool-37-thread-1] INFO  server.RaftServerConfigKeys (ConfUtils.java:logGet(43)) - raft.server.storage.dir = [/workdir/hadoop-ozone/integration-test/target/test-dir/MiniOzoneClusterImpl-5dc4b805-dc02-409a-84a0-03630345a4d3/datanode-1/data/ratis] (custom)
2019-10-02 11:30:54,641 [pool-37-thread-1] INFO  storage.RaftStorageDirectory (RaftStorageDirectory.java:analyzeStorage(246)) - The storage directory /workdir/hadoop-ozone/integration-test/target/test-dir/MiniOzoneClusterImpl-5dc4b805-dc02-409a-84a0-03630345a4d3/datanode-1/data/ratis/1fad1878-93bb-4545-986b-3fd968999142 does not exist. Creating ...
2019-10-02 11:30:54,654 [pool-37-thread-1] INFO  storage.RaftStorageDirectory (RaftStorageDirectory.java:tryLock(328)) - Lock on /workdir/hadoop-ozone/integration-test/target/test-dir/MiniOzoneClusterImpl-5dc4b805-dc02-409a-84a0-03630345a4d3/datanode-1/data/ratis/1fad1878-93bb-4545-986b-3fd968999142/in_use.lock acquired by nodename 4478@pr-hdds-2164-trunk-xhc96-1404769113
2019-10-02 11:30:54,667 [pool-37-thread-1] INFO  storage.RaftStorage (RaftStorage.java:format(72)) - Storage directory /workdir/hadoop-ozone/integration-test/target/test-dir/MiniOzoneClusterImpl-5dc4b805-dc02-409a-84a0-03630345a4d3/datanode-1/data/ratis/1fad1878-93bb-4545-986b-3fd968999142 has been successfully formatted.
2019-10-02 11:30:54,667 [pool-37-thread-1] INFO  ratis.ContainerStateMachine (ContainerStateMachine.java:loadSnapshot(230)) - group-3FD968999142: The snapshot info is null. Setting the last applied indexto:(t:0, i:~)
2019-10-02 11:30:54,668 [pool-37-thread-1] INFO  server.RaftServerConfigKeys (ConfUtils.java:logGet(43)) - raft.server.notification.no-leader.timeout = 120s (custom)
2019-10-02 11:30:54,668 [pool-37-thread-1] INFO  server.RaftServerConfigKeys (ConfUtils.java:logGet(43)) - raft.server.log.use.memory = false (default)
2019-10-02 11:30:54,668 [pool-37-thread-1] INFO  server.RaftServerConfigKeys (ConfUtils.java:logGet(43)) - raft.server.log.purge.gap = 1000000 (custom)
2019-10-02 11:30:54,668 [pool-37-thread-1] INFO  server.RaftServerConfigKeys (ConfUtils.java:logGet(43)) - raft.server.log.appender.buffer.byte-limit = 33554432 (custom)
2019-10-02 11:30:54,668 [pool-37-thread-1] INFO  server.RaftServerConfigKeys (ConfUtils.java:logGet(43)) - raft.server.log.segment.size.max = 1048576 (custom)
2019-10-02 11:30:54,668 [pool-37-thread-1] INFO  server.RaftServerConfigKeys (ConfUtils.java:logGet(43)) - raft.server.log.segment.cache.num.max = 2 (custom)
2019-10-02 11:30:54,668 [pool-37-thread-1] INFO  segmented.SegmentedRaftLogWorker (SegmentedRaftLogWorker.java:<init>(172)) - new bde60412-0b16-4336-9436-0525b0ae90d5@group-3FD968999142-SegmentedRaftLogWorker for RaftStorage:Storage Directory /workdir/hadoop-ozone/integration-test/target/test-dir/MiniOzoneClusterImpl-5dc4b805-dc02-409a-84a0-03630345a4d3/datanode-1/data/ratis/1fad1878-93bb-4545-986b-3fd968999142
2019-10-02 11:30:54,671 [pool-37-thread-1] INFO  server.RaftServerConfigKeys (ConfUtils.java:logGet(43)) - raft.server.log.queue.byte-limit = 2147483647 (custom)
2019-10-02 11:30:54,671 [pool-37-thread-1] INFO  server.RaftServerConfigKeys (ConfUtils.java:logGet(43)) - raft.server.log.queue.element-limit = 1024 (custom)
2019-10-02 11:30:54,671 [pool-37-thread-1] INFO  server.RaftServerConfigKeys (ConfUtils.java:logGet(43)) - raft.server.log.segment.size.max = 1048576 (custom)
2019-10-02 11:30:54,671 [pool-37-thread-1] INFO  server.RaftServerConfigKeys (ConfUtils.java:logGet(43)) - raft.server.log.preallocated.size = 16384 (custom)
2019-10-02 11:30:54,671 [pool-37-thread-1] INFO  server.RaftServerConfigKeys (ConfUtils.java:logGet(43)) - raft.server.log.write.buffer.size = 33554432 (custom)
2019-10-02 11:30:54,671 [pool-37-thread-1] INFO  server.RaftServerConfigKeys (ConfUtils.java:logGet(43)) - raft.server.log.force.sync.num = 128 (default)
2019-10-02 11:30:54,671 [pool-37-thread-1] INFO  server.RaftServerConfigKeys (ConfUtils.java:logGet(43)) - raft.server.log.statemachine.data.sync = true (default)
2019-10-02 11:30:54,671 [pool-37-thread-1] INFO  server.RaftServerConfigKeys (ConfUtils.java:logGet(43)) - raft.server.log.statemachine.data.sync.timeout = 10s (default)
2019-10-02 11:30:54,672 [pool-37-thread-1] INFO  server.RaftServerConfigKeys (ConfUtils.java:logGet(43)) - raft.server.log.statemachine.data.sync.timeout.retry = -1 (default)
2019-10-02 11:30:54,672 [pool-37-thread-1] INFO  server.RaftServerConfigKeys (ConfUtils.java:logGet(43)) - raft.server.log.statemachine.data.caching.enabled = true (custom)
2019-10-02 11:30:54,672 [pool-37-thread-1] INFO  segmented.SegmentedRaftLogWorker (SegmentedRaftLogWorker.java:lambda$new$0(132)) - bde60412-0b16-4336-9436-0525b0ae90d5@group-3FD968999142-SegmentedRaftLogWorker: flushIndex: setUnconditionally 0 -> -1
2019-10-02 11:30:54,672 [pool-37-thread-1] INFO  server.RaftServerConfigKeys (ConfUtils.java:logGet(43)) - raft.server.snapshot.auto.trigger.enabled = true (custom)
2019-10-02 11:30:54,672 [pool-37-thread-1] INFO  server.RaftServerConfigKeys (ConfUtils.java:logGet(43)) - raft.server.snapshot.auto.trigger.threshold = 10000 (custom)
2019-10-02 11:30:54,673 [pool-37-thread-1] INFO  server.RaftServerConfigKeys (ConfUtils.java:logGet(43)) - raft.server.snapshot.retention.num.files = 5 (custom)
2019-10-02 11:30:54,673 [pool-37-thread-1] INFO  server.RaftServerConfigKeys (ConfUtils.java:logGet(43)) - raft.server.retrycache.expirytime = 600000ms (custom)
2019-10-02 11:30:54,675 [pool-37-thread-1] INFO  impl.RaftServerImpl (RaftServerImpl.java:start(185)) - bde60412-0b16-4336-9436-0525b0ae90d5@group-3FD968999142: start as a follower, conf=-1: [bde60412-0b16-4336-9436-0525b0ae90d5:192.168.151.102:39704], old=null
2019-10-02 11:30:54,675 [pool-37-thread-1] INFO  impl.RaftServerImpl (RaftServerImpl.java:setRole(174)) - bde60412-0b16-4336-9436-0525b0ae90d5@group-3FD968999142: changes role from      null to FOLLOWER at term 0 for startAsFollower
2019-10-02 11:30:54,675 [pool-37-thread-1] INFO  impl.RoleInfo (RoleInfo.java:updateAndGet(143)) - bde60412-0b16-4336-9436-0525b0ae90d5: start FollowerState
2019-10-02 11:30:54,675 [pool-37-thread-1] INFO  util.JmxRegister (JmxRegister.java:tryRegister(44)) - Successfully registered JMX Bean with object name Ratis:service=RaftServer,group=group-3FD968999142,id=bde60412-0b16-4336-9436-0525b0ae90d5
2019-10-02 11:30:54,692 [RatisPipelineUtilsThread] INFO  pipeline.PipelineStateManager (PipelineStateManager.java:addPipeline(56)) - Created pipeline Pipeline[ Id: 1fad1878-93bb-4545-986b-3fd968999142, Nodes: bde60412-0b16-4336-9436-0525b0ae90d5{ip: 192.168.151.102, host: pr-hdds-2164-trunk-xhc96-1404769113, networkLocation: /default-rack, certSerialId: null}, Type:RATIS, Factor:ONE, State:OPEN]
2019-10-02 11:30:54,705 [grpc-default-executor-0] INFO  impl.RaftServerProxy (RaftServerProxy.java:addNew(89)) - b0829514-0e81-4cb8-8158-745b805c48fc: addNew group-DB102E65015E:[b0829514-0e81-4cb8-8158-745b805c48fc:192.168.151.102:37479] returns group-DB102E65015E:java.util.concurrent.CompletableFuture@718f58af[Not completed]
2019-10-02 11:30:54,712 [pool-47-thread-1] INFO  impl.RaftServerImpl (RaftServerImpl.java:<init>(95)) - b0829514-0e81-4cb8-8158-745b805c48fc: new RaftServerImpl for group-DB102E65015E:[b0829514-0e81-4cb8-8158-745b805c48fc:192.168.151.102:37479] with ContainerStateMachine:uninitialized
2019-10-02 11:30:54,712 [pool-47-thread-1] INFO  server.RaftServerConfigKeys (ConfUtils.java:logGet(43)) - raft.server.rpc.timeout.min = 1s (custom)
2019-10-02 11:30:54,713 [pool-47-thread-1] INFO  server.RaftServerConfigKeys (ConfUtils.java:logGet(43)) - raft.server.rpc.timeout.max = 1200ms (custom)
2019-10-02 11:30:54,713 [pool-47-thread-1] INFO  server.RaftServerConfigKeys (ConfUtils.java:logGet(43)) - raft.server.rpcslowness.timeout = 120s (custom)
2019-10-02 11:30:54,713 [pool-47-thread-1] INFO  server.RaftServerConfigKeys (ConfUtils.java:logGet(43)) - raft.server.sleep.deviation.threshold = 300 (default)
2019-10-02 11:30:54,713 [pool-47-thread-1] INFO  server.RaftServerConfigKeys (ConfUtils.java:logGet(43)) - raft.server.log.appender.install.snapshot.enabled = false (custom)
2019-10-02 11:30:54,713 [pool-47-thread-1] INFO  impl.RaftServerImpl (ServerState.java:<init>(103)) - b0829514-0e81-4cb8-8158-745b805c48fc@group-DB102E65015E: ConfigurationManager, init=-1: [b0829514-0e81-4cb8-8158-745b805c48fc:192.168.151.102:37479], old=null, confs=<EMPTY_MAP>
2019-10-02 11:30:54,713 [pool-47-thread-1] INFO  server.RaftServerConfigKeys (ConfUtils.java:logGet(43)) - raft.server.storage.dir = [/workdir/hadoop-ozone/integration-test/target/test-dir/MiniOzoneClusterImpl-5dc4b805-dc02-409a-84a0-03630345a4d3/datanode-2/data/ratis] (custom)
2019-10-02 11:30:54,713 [pool-47-thread-1] INFO  storage.RaftStorageDirectory (RaftStorageDirectory.java:analyzeStorage(246)) - The storage directory /workdir/hadoop-ozone/integration-test/target/test-dir/MiniOzoneClusterImpl-5dc4b805-dc02-409a-84a0-03630345a4d3/datanode-2/data/ratis/d636c1f5-df2c-4252-a893-db102e65015e does not exist. Creating ...
2019-10-02 11:30:54,727 [pool-47-thread-1] INFO  storage.RaftStorageDirectory (RaftStorageDirectory.java:tryLock(328)) - Lock on /workdir/hadoop-ozone/integration-test/target/test-dir/MiniOzoneClusterImpl-5dc4b805-dc02-409a-84a0-03630345a4d3/datanode-2/data/ratis/d636c1f5-df2c-4252-a893-db102e65015e/in_use.lock acquired by nodename 4478@pr-hdds-2164-trunk-xhc96-1404769113
2019-10-02 11:30:54,744 [pool-47-thread-1] INFO  storage.RaftStorage (RaftStorage.java:format(72)) - Storage directory /workdir/hadoop-ozone/integration-test/target/test-dir/MiniOzoneClusterImpl-5dc4b805-dc02-409a-84a0-03630345a4d3/datanode-2/data/ratis/d636c1f5-df2c-4252-a893-db102e65015e has been successfully formatted.
2019-10-02 11:30:54,744 [pool-47-thread-1] INFO  ratis.ContainerStateMachine (ContainerStateMachine.java:loadSnapshot(230)) - group-DB102E65015E: The snapshot info is null. Setting the last applied indexto:(t:0, i:~)
2019-10-02 11:30:54,744 [pool-47-thread-1] INFO  server.RaftServerConfigKeys (ConfUtils.java:logGet(43)) - raft.server.notification.no-leader.timeout = 120s (custom)
2019-10-02 11:30:54,744 [pool-47-thread-1] INFO  server.RaftServerConfigKeys (ConfUtils.java:logGet(43)) - raft.server.log.use.memory = false (default)
2019-10-02 11:30:54,744 [pool-47-thread-1] INFO  server.RaftServerConfigKeys (ConfUtils.java:logGet(43)) - raft.server.log.purge.gap = 1000000 (custom)
2019-10-02 11:30:54,744 [pool-47-thread-1] INFO  server.RaftServerConfigKeys (ConfUtils.java:logGet(43)) - raft.server.log.appender.buffer.byte-limit = 33554432 (custom)
2019-10-02 11:30:54,744 [pool-47-thread-1] INFO  server.RaftServerConfigKeys (ConfUtils.java:logGet(43)) - raft.server.log.segment.size.max = 1048576 (custom)
2019-10-02 11:30:54,744 [pool-47-thread-1] INFO  server.RaftServerConfigKeys (ConfUtils.java:logGet(43)) - raft.server.log.segment.cache.num.max = 2 (custom)
2019-10-02 11:30:54,745 [pool-47-thread-1] INFO  segmented.SegmentedRaftLogWorker (SegmentedRaftLogWorker.java:<init>(172)) - new b0829514-0e81-4cb8-8158-745b805c48fc@group-DB102E65015E-SegmentedRaftLogWorker for RaftStorage:Storage Directory /workdir/hadoop-ozone/integration-test/target/test-dir/MiniOzoneClusterImpl-5dc4b805-dc02-409a-84a0-03630345a4d3/datanode-2/data/ratis/d636c1f5-df2c-4252-a893-db102e65015e
2019-10-02 11:30:54,750 [pool-47-thread-1] INFO  server.RaftServerConfigKeys (ConfUtils.java:logGet(43)) - raft.server.log.queue.byte-limit = 2147483647 (custom)
2019-10-02 11:30:54,751 [pool-47-thread-1] INFO  server.RaftServerConfigKeys (ConfUtils.java:logGet(43)) - raft.server.log.queue.element-limit = 1024 (custom)
2019-10-02 11:30:54,751 [pool-47-thread-1] INFO  server.RaftServerConfigKeys (ConfUtils.java:logGet(43)) - raft.server.log.segment.size.max = 1048576 (custom)
2019-10-02 11:30:54,751 [pool-47-thread-1] INFO  server.RaftServerConfigKeys (ConfUtils.java:logGet(43)) - raft.server.log.preallocated.size = 16384 (custom)
2019-10-02 11:30:54,751 [pool-47-thread-1] INFO  server.RaftServerConfigKeys (ConfUtils.java:logGet(43)) - raft.server.log.write.buffer.size = 33554432 (custom)
2019-10-02 11:30:54,751 [pool-47-thread-1] INFO  server.RaftServerConfigKeys (ConfUtils.java:logGet(43)) - raft.server.log.force.sync.num = 128 (default)
2019-10-02 11:30:54,751 [pool-47-thread-1] INFO  server.RaftServerConfigKeys (ConfUtils.java:logGet(43)) - raft.server.log.statemachine.data.sync = true (default)
2019-10-02 11:30:54,751 [pool-47-thread-1] INFO  server.RaftServerConfigKeys (ConfUtils.java:logGet(43)) - raft.server.log.statemachine.data.sync.timeout = 10s (default)
2019-10-02 11:30:54,751 [pool-47-thread-1] INFO  server.RaftServerConfigKeys (ConfUtils.java:logGet(43)) - raft.server.log.statemachine.data.sync.timeout.retry = -1 (default)
2019-10-02 11:30:54,752 [pool-47-thread-1] INFO  server.RaftServerConfigKeys (ConfUtils.java:logGet(43)) - raft.server.log.statemachine.data.caching.enabled = true (custom)
2019-10-02 11:30:54,752 [pool-47-thread-1] INFO  segmented.SegmentedRaftLogWorker (SegmentedRaftLogWorker.java:lambda$new$0(132)) - b0829514-0e81-4cb8-8158-745b805c48fc@group-DB102E65015E-SegmentedRaftLogWorker: flushIndex: setUnconditionally 0 -> -1
2019-10-02 11:30:54,752 [pool-47-thread-1] INFO  server.RaftServerConfigKeys (ConfUtils.java:logGet(43)) - raft.server.snapshot.auto.trigger.enabled = true (custom)
2019-10-02 11:30:54,752 [pool-47-thread-1] INFO  server.RaftServerConfigKeys (ConfUtils.java:logGet(43)) - raft.server.snapshot.auto.trigger.threshold = 10000 (custom)
2019-10-02 11:30:54,752 [pool-47-thread-1] INFO  server.RaftServerConfigKeys (ConfUtils.java:logGet(43)) - raft.server.snapshot.retention.num.files = 5 (custom)
2019-10-02 11:30:54,752 [pool-47-thread-1] INFO  server.RaftServerConfigKeys (ConfUtils.java:logGet(43)) - raft.server.retrycache.expirytime = 600000ms (custom)
2019-10-02 11:30:54,754 [pool-47-thread-1] INFO  impl.RaftServerImpl (RaftServerImpl.java:start(185)) - b0829514-0e81-4cb8-8158-745b805c48fc@group-DB102E65015E: start as a follower, conf=-1: [b0829514-0e81-4cb8-8158-745b805c48fc:192.168.151.102:37479], old=null
2019-10-02 11:30:54,754 [pool-47-thread-1] INFO  impl.RaftServerImpl (RaftServerImpl.java:setRole(174)) - b0829514-0e81-4cb8-8158-745b805c48fc@group-DB102E65015E: changes role from      null to FOLLOWER at term 0 for startAsFollower
2019-10-02 11:30:54,754 [pool-47-thread-1] INFO  impl.RoleInfo (RoleInfo.java:updateAndGet(143)) - b0829514-0e81-4cb8-8158-745b805c48fc: start FollowerState
2019-10-02 11:30:54,754 [main] INFO  rpc.RpcClient (RpcClient.java:createVolume(276)) - Creating Volume: datanodefailurehandlingtest, with jenkins1000 as owner.
2019-10-02 11:30:54,755 [pool-47-thread-1] INFO  util.JmxRegister (JmxRegister.java:tryRegister(44)) - Successfully registered JMX Bean with object name Ratis:service=RaftServer,group=group-DB102E65015E,id=b0829514-0e81-4cb8-8158-745b805c48fc
2019-10-02 11:30:54,769 [RatisPipelineUtilsThread] INFO  pipeline.PipelineStateManager (PipelineStateManager.java:addPipeline(56)) - Created pipeline Pipeline[ Id: d636c1f5-df2c-4252-a893-db102e65015e, Nodes: b0829514-0e81-4cb8-8158-745b805c48fc{ip: 192.168.151.102, host: pr-hdds-2164-trunk-xhc96-1404769113, networkLocation: /default-rack, certSerialId: null}, Type:RATIS, Factor:ONE, State:OPEN]
2019-10-02 11:30:54,785 [grpc-default-executor-0] INFO  impl.RaftServerProxy (RaftServerProxy.java:addNew(89)) - d0a95d8b-e42b-4cc3-af39-f7831f0cb411: addNew group-9BCC5182C5FB:[d0a95d8b-e42b-4cc3-af39-f7831f0cb411:192.168.151.102:40932] returns group-9BCC5182C5FB:java.util.concurrent.CompletableFuture@7eb5146[Not completed]
2019-10-02 11:30:54,790 [pool-97-thread-1] INFO  impl.RaftServerImpl (RaftServerImpl.java:<init>(95)) - d0a95d8b-e42b-4cc3-af39-f7831f0cb411: new RaftServerImpl for group-9BCC5182C5FB:[d0a95d8b-e42b-4cc3-af39-f7831f0cb411:192.168.151.102:40932] with ContainerStateMachine:uninitialized
2019-10-02 11:30:54,790 [pool-97-thread-1] INFO  server.RaftServerConfigKeys (ConfUtils.java:logGet(43)) - raft.server.rpc.timeout.min = 1s (custom)
2019-10-02 11:30:54,790 [pool-97-thread-1] INFO  server.RaftServerConfigKeys (ConfUtils.java:logGet(43)) - raft.server.rpc.timeout.max = 1200ms (custom)
2019-10-02 11:30:54,791 [pool-97-thread-1] INFO  server.RaftServerConfigKeys (ConfUtils.java:logGet(43)) - raft.server.rpcslowness.timeout = 120s (custom)
2019-10-02 11:30:54,791 [pool-97-thread-1] INFO  server.RaftServerConfigKeys (ConfUtils.java:logGet(43)) - raft.server.sleep.deviation.threshold = 300 (default)
2019-10-02 11:30:54,791 [pool-97-thread-1] INFO  server.RaftServerConfigKeys (ConfUtils.java:logGet(43)) - raft.server.log.appender.install.snapshot.enabled = false (custom)
2019-10-02 11:30:54,791 [pool-97-thread-1] INFO  impl.RaftServerImpl (ServerState.java:<init>(103)) - d0a95d8b-e42b-4cc3-af39-f7831f0cb411@group-9BCC5182C5FB: ConfigurationManager, init=-1: [d0a95d8b-e42b-4cc3-af39-f7831f0cb411:192.168.151.102:40932], old=null, confs=<EMPTY_MAP>
2019-10-02 11:30:54,791 [pool-97-thread-1] INFO  server.RaftServerConfigKeys (ConfUtils.java:logGet(43)) - raft.server.storage.dir = [/workdir/hadoop-ozone/integration-test/target/test-dir/MiniOzoneClusterImpl-5dc4b805-dc02-409a-84a0-03630345a4d3/datanode-7/data/ratis] (custom)
2019-10-02 11:30:54,792 [pool-97-thread-1] INFO  storage.RaftStorageDirectory (RaftStorageDirectory.java:analyzeStorage(246)) - The storage directory /workdir/hadoop-ozone/integration-test/target/test-dir/MiniOzoneClusterImpl-5dc4b805-dc02-409a-84a0-03630345a4d3/datanode-7/data/ratis/7b9e2d6e-64c3-4889-b5de-9bcc5182c5fb does not exist. Creating ...
2019-10-02 11:30:54,804 [pool-97-thread-1] INFO  storage.RaftStorageDirectory (RaftStorageDirectory.java:tryLock(328)) - Lock on /workdir/hadoop-ozone/integration-test/target/test-dir/MiniOzoneClusterImpl-5dc4b805-dc02-409a-84a0-03630345a4d3/datanode-7/data/ratis/7b9e2d6e-64c3-4889-b5de-9bcc5182c5fb/in_use.lock acquired by nodename 4478@pr-hdds-2164-trunk-xhc96-1404769113
2019-10-02 11:30:54,817 [pool-97-thread-1] INFO  storage.RaftStorage (RaftStorage.java:format(72)) - Storage directory /workdir/hadoop-ozone/integration-test/target/test-dir/MiniOzoneClusterImpl-5dc4b805-dc02-409a-84a0-03630345a4d3/datanode-7/data/ratis/7b9e2d6e-64c3-4889-b5de-9bcc5182c5fb has been successfully formatted.
2019-10-02 11:30:54,817 [pool-97-thread-1] INFO  ratis.ContainerStateMachine (ContainerStateMachine.java:loadSnapshot(230)) - group-9BCC5182C5FB: The snapshot info is null. Setting the last applied indexto:(t:0, i:~)
2019-10-02 11:30:54,817 [pool-97-thread-1] INFO  server.RaftServerConfigKeys (ConfUtils.java:logGet(43)) - raft.server.notification.no-leader.timeout = 120s (custom)
2019-10-02 11:30:54,818 [pool-97-thread-1] INFO  server.RaftServerConfigKeys (ConfUtils.java:logGet(43)) - raft.server.log.use.memory = false (default)
2019-10-02 11:30:54,818 [pool-97-thread-1] INFO  server.RaftServerConfigKeys (ConfUtils.java:logGet(43)) - raft.server.log.purge.gap = 1000000 (custom)
2019-10-02 11:30:54,818 [pool-97-thread-1] INFO  server.RaftServerConfigKeys (ConfUtils.java:logGet(43)) - raft.server.log.appender.buffer.byte-limit = 33554432 (custom)
2019-10-02 11:30:54,818 [pool-97-thread-1] INFO  server.RaftServerConfigKeys (ConfUtils.java:logGet(43)) - raft.server.log.segment.size.max = 1048576 (custom)
2019-10-02 11:30:54,818 [pool-97-thread-1] INFO  server.RaftServerConfigKeys (ConfUtils.java:logGet(43)) - raft.server.log.segment.cache.num.max = 2 (custom)
2019-10-02 11:30:54,818 [pool-97-thread-1] INFO  segmented.SegmentedRaftLogWorker (SegmentedRaftLogWorker.java:<init>(172)) - new d0a95d8b-e42b-4cc3-af39-f7831f0cb411@group-9BCC5182C5FB-SegmentedRaftLogWorker for RaftStorage:Storage Directory /workdir/hadoop-ozone/integration-test/target/test-dir/MiniOzoneClusterImpl-5dc4b805-dc02-409a-84a0-03630345a4d3/datanode-7/data/ratis/7b9e2d6e-64c3-4889-b5de-9bcc5182c5fb
2019-10-02 11:30:54,820 [pool-97-thread-1] INFO  server.RaftServerConfigKeys (ConfUtils.java:logGet(43)) - raft.server.log.queue.byte-limit = 2147483647 (custom)
2019-10-02 11:30:54,820 [pool-97-thread-1] INFO  server.RaftServerConfigKeys (ConfUtils.java:logGet(43)) - raft.server.log.queue.element-limit = 1024 (custom)
2019-10-02 11:30:54,820 [pool-97-thread-1] INFO  server.RaftServerConfigKeys (ConfUtils.java:logGet(43)) - raft.server.log.segment.size.max = 1048576 (custom)
2019-10-02 11:30:54,820 [pool-97-thread-1] INFO  server.RaftServerConfigKeys (ConfUtils.java:logGet(43)) - raft.server.log.preallocated.size = 16384 (custom)
2019-10-02 11:30:54,820 [pool-97-thread-1] INFO  server.RaftServerConfigKeys (ConfUtils.java:logGet(43)) - raft.server.log.write.buffer.size = 33554432 (custom)
2019-10-02 11:30:54,820 [pool-97-thread-1] INFO  server.RaftServerConfigKeys (ConfUtils.java:logGet(43)) - raft.server.log.force.sync.num = 128 (default)
2019-10-02 11:30:54,821 [pool-97-thread-1] INFO  server.RaftServerConfigKeys (ConfUtils.java:logGet(43)) - raft.server.log.statemachine.data.sync = true (default)
2019-10-02 11:30:54,821 [pool-97-thread-1] INFO  server.RaftServerConfigKeys (ConfUtils.java:logGet(43)) - raft.server.log.statemachine.data.sync.timeout = 10s (default)
2019-10-02 11:30:54,821 [pool-97-thread-1] INFO  server.RaftServerConfigKeys (ConfUtils.java:logGet(43)) - raft.server.log.statemachine.data.sync.timeout.retry = -1 (default)
2019-10-02 11:30:54,821 [pool-97-thread-1] INFO  server.RaftServerConfigKeys (ConfUtils.java:logGet(43)) - raft.server.log.statemachine.data.caching.enabled = true (custom)
2019-10-02 11:30:54,821 [pool-97-thread-1] INFO  segmented.SegmentedRaftLogWorker (SegmentedRaftLogWorker.java:lambda$new$0(132)) - d0a95d8b-e42b-4cc3-af39-f7831f0cb411@group-9BCC5182C5FB-SegmentedRaftLogWorker: flushIndex: setUnconditionally 0 -> -1
2019-10-02 11:30:54,822 [pool-97-thread-1] INFO  server.RaftServerConfigKeys (ConfUtils.java:logGet(43)) - raft.server.snapshot.auto.trigger.enabled = true (custom)
2019-10-02 11:30:54,822 [pool-97-thread-1] INFO  server.RaftServerConfigKeys (ConfUtils.java:logGet(43)) - raft.server.snapshot.auto.trigger.threshold = 10000 (custom)
2019-10-02 11:30:54,822 [pool-97-thread-1] INFO  server.RaftServerConfigKeys (ConfUtils.java:logGet(43)) - raft.server.snapshot.retention.num.files = 5 (custom)
2019-10-02 11:30:54,822 [pool-97-thread-1] INFO  server.RaftServerConfigKeys (ConfUtils.java:logGet(43)) - raft.server.retrycache.expirytime = 600000ms (custom)
2019-10-02 11:30:54,824 [pool-97-thread-1] INFO  impl.RaftServerImpl (RaftServerImpl.java:start(185)) - d0a95d8b-e42b-4cc3-af39-f7831f0cb411@group-9BCC5182C5FB: start as a follower, conf=-1: [d0a95d8b-e42b-4cc3-af39-f7831f0cb411:192.168.151.102:40932], old=null
2019-10-02 11:30:54,824 [pool-97-thread-1] INFO  impl.RaftServerImpl (RaftServerImpl.java:setRole(174)) - d0a95d8b-e42b-4cc3-af39-f7831f0cb411@group-9BCC5182C5FB: changes role from      null to FOLLOWER at term 0 for startAsFollower
2019-10-02 11:30:54,824 [pool-97-thread-1] INFO  impl.RoleInfo (RoleInfo.java:updateAndGet(143)) - d0a95d8b-e42b-4cc3-af39-f7831f0cb411: start FollowerState
2019-10-02 11:30:54,824 [pool-97-thread-1] INFO  util.JmxRegister (JmxRegister.java:tryRegister(44)) - Successfully registered JMX Bean with object name Ratis:service=RaftServer,group=group-9BCC5182C5FB,id=d0a95d8b-e42b-4cc3-af39-f7831f0cb411
2019-10-02 11:30:54,841 [RatisPipelineUtilsThread] INFO  pipeline.PipelineStateManager (PipelineStateManager.java:addPipeline(56)) - Created pipeline Pipeline[ Id: 7b9e2d6e-64c3-4889-b5de-9bcc5182c5fb, Nodes: d0a95d8b-e42b-4cc3-af39-f7831f0cb411{ip: 192.168.151.102, host: pr-hdds-2164-trunk-xhc96-1404769113, networkLocation: /default-rack, certSerialId: null}, Type:RATIS, Factor:ONE, State:OPEN]
2019-10-02 11:30:54,861 [grpc-default-executor-0] INFO  impl.RaftServerProxy (RaftServerProxy.java:addNew(89)) - 13f7021c-1bd2-4a97-8ed8-c7de3e147eb3: addNew group-018A256E0AB5:[13f7021c-1bd2-4a97-8ed8-c7de3e147eb3:192.168.151.102:43168] returns group-018A256E0AB5:java.util.concurrent.CompletableFuture@63b49709[Not completed]
2019-10-02 11:30:54,865 [pool-27-thread-1] INFO  impl.RaftServerImpl (RaftServerImpl.java:<init>(95)) - 13f7021c-1bd2-4a97-8ed8-c7de3e147eb3: new RaftServerImpl for group-018A256E0AB5:[13f7021c-1bd2-4a97-8ed8-c7de3e147eb3:192.168.151.102:43168] with ContainerStateMachine:uninitialized
2019-10-02 11:30:54,865 [pool-27-thread-1] INFO  server.RaftServerConfigKeys (ConfUtils.java:logGet(43)) - raft.server.rpc.timeout.min = 1s (custom)
2019-10-02 11:30:54,865 [pool-27-thread-1] INFO  server.RaftServerConfigKeys (ConfUtils.java:logGet(43)) - raft.server.rpc.timeout.max = 1200ms (custom)
2019-10-02 11:30:54,865 [pool-27-thread-1] INFO  server.RaftServerConfigKeys (ConfUtils.java:logGet(43)) - raft.server.rpcslowness.timeout = 120s (custom)
2019-10-02 11:30:54,865 [pool-27-thread-1] INFO  server.RaftServerConfigKeys (ConfUtils.java:logGet(43)) - raft.server.sleep.deviation.threshold = 300 (default)
2019-10-02 11:30:54,866 [pool-27-thread-1] INFO  server.RaftServerConfigKeys (ConfUtils.java:logGet(43)) - raft.server.log.appender.install.snapshot.enabled = false (custom)
2019-10-02 11:30:54,866 [pool-27-thread-1] INFO  impl.RaftServerImpl (ServerState.java:<init>(103)) - 13f7021c-1bd2-4a97-8ed8-c7de3e147eb3@group-018A256E0AB5: ConfigurationManager, init=-1: [13f7021c-1bd2-4a97-8ed8-c7de3e147eb3:192.168.151.102:43168], old=null, confs=<EMPTY_MAP>
2019-10-02 11:30:54,866 [pool-27-thread-1] INFO  server.RaftServerConfigKeys (ConfUtils.java:logGet(43)) - raft.server.storage.dir = [/workdir/hadoop-ozone/integration-test/target/test-dir/MiniOzoneClusterImpl-5dc4b805-dc02-409a-84a0-03630345a4d3/datanode-0/data/ratis] (custom)
2019-10-02 11:30:54,866 [pool-27-thread-1] INFO  storage.RaftStorageDirectory (RaftStorageDirectory.java:analyzeStorage(246)) - The storage directory /workdir/hadoop-ozone/integration-test/target/test-dir/MiniOzoneClusterImpl-5dc4b805-dc02-409a-84a0-03630345a4d3/datanode-0/data/ratis/d573e79d-a5ed-4192-b0ea-018a256e0ab5 does not exist. Creating ...
2019-10-02 11:30:54,879 [pool-27-thread-1] INFO  storage.RaftStorageDirectory (RaftStorageDirectory.java:tryLock(328)) - Lock on /workdir/hadoop-ozone/integration-test/target/test-dir/MiniOzoneClusterImpl-5dc4b805-dc02-409a-84a0-03630345a4d3/datanode-0/data/ratis/d573e79d-a5ed-4192-b0ea-018a256e0ab5/in_use.lock acquired by nodename 4478@pr-hdds-2164-trunk-xhc96-1404769113
2019-10-02 11:30:54,892 [pool-27-thread-1] INFO  storage.RaftStorage (RaftStorage.java:format(72)) - Storage directory /workdir/hadoop-ozone/integration-test/target/test-dir/MiniOzoneClusterImpl-5dc4b805-dc02-409a-84a0-03630345a4d3/datanode-0/data/ratis/d573e79d-a5ed-4192-b0ea-018a256e0ab5 has been successfully formatted.
2019-10-02 11:30:54,892 [pool-27-thread-1] INFO  ratis.ContainerStateMachine (ContainerStateMachine.java:loadSnapshot(230)) - group-018A256E0AB5: The snapshot info is null. Setting the last applied indexto:(t:0, i:~)
2019-10-02 11:30:54,892 [pool-27-thread-1] INFO  server.RaftServerConfigKeys (ConfUtils.java:logGet(43)) - raft.server.notification.no-leader.timeout = 120s (custom)
2019-10-02 11:30:54,892 [pool-27-thread-1] INFO  server.RaftServerConfigKeys (ConfUtils.java:logGet(43)) - raft.server.log.use.memory = false (default)
2019-10-02 11:30:54,892 [pool-27-thread-1] INFO  server.RaftServerConfigKeys (ConfUtils.java:logGet(43)) - raft.server.log.purge.gap = 1000000 (custom)
2019-10-02 11:30:54,892 [pool-27-thread-1] INFO  server.RaftServerConfigKeys (ConfUtils.java:logGet(43)) - raft.server.log.appender.buffer.byte-limit = 33554432 (custom)
2019-10-02 11:30:54,892 [pool-27-thread-1] INFO  server.RaftServerConfigKeys (ConfUtils.java:logGet(43)) - raft.server.log.segment.size.max = 1048576 (custom)
2019-10-02 11:30:54,892 [pool-27-thread-1] INFO  server.RaftServerConfigKeys (ConfUtils.java:logGet(43)) - raft.server.log.segment.cache.num.max = 2 (custom)
2019-10-02 11:30:54,893 [pool-27-thread-1] INFO  segmented.SegmentedRaftLogWorker (SegmentedRaftLogWorker.java:<init>(172)) - new 13f7021c-1bd2-4a97-8ed8-c7de3e147eb3@group-018A256E0AB5-SegmentedRaftLogWorker for RaftStorage:Storage Directory /workdir/hadoop-ozone/integration-test/target/test-dir/MiniOzoneClusterImpl-5dc4b805-dc02-409a-84a0-03630345a4d3/datanode-0/data/ratis/d573e79d-a5ed-4192-b0ea-018a256e0ab5
2019-10-02 11:30:54,893 [IPC Server handler 1 on 40701] INFO  volume.OMVolumeCreateRequest (OMVolumeCreateRequest.java:validateAndUpdateCache(194)) - created volume:datanodefailurehandlingtest for user:jenkins1000
2019-10-02 11:30:54,894 [pool-27-thread-1] INFO  server.RaftServerConfigKeys (ConfUtils.java:logGet(43)) - raft.server.log.queue.byte-limit = 2147483647 (custom)
2019-10-02 11:30:54,894 [pool-27-thread-1] INFO  server.RaftServerConfigKeys (ConfUtils.java:logGet(43)) - raft.server.log.queue.element-limit = 1024 (custom)
2019-10-02 11:30:54,895 [pool-27-thread-1] INFO  server.RaftServerConfigKeys (ConfUtils.java:logGet(43)) - raft.server.log.segment.size.max = 1048576 (custom)
2019-10-02 11:30:54,895 [pool-27-thread-1] INFO  server.RaftServerConfigKeys (ConfUtils.java:logGet(43)) - raft.server.log.preallocated.size = 16384 (custom)
2019-10-02 11:30:54,895 [pool-27-thread-1] INFO  server.RaftServerConfigKeys (ConfUtils.java:logGet(43)) - raft.server.log.write.buffer.size = 33554432 (custom)
2019-10-02 11:30:54,895 [pool-27-thread-1] INFO  server.RaftServerConfigKeys (ConfUtils.java:logGet(43)) - raft.server.log.force.sync.num = 128 (default)
2019-10-02 11:30:54,895 [pool-27-thread-1] INFO  server.RaftServerConfigKeys (ConfUtils.java:logGet(43)) - raft.server.log.statemachine.data.sync = true (default)
2019-10-02 11:30:54,895 [pool-27-thread-1] INFO  server.RaftServerConfigKeys (ConfUtils.java:logGet(43)) - raft.server.log.statemachine.data.sync.timeout = 10s (default)
2019-10-02 11:30:54,895 [pool-27-thread-1] INFO  server.RaftServerConfigKeys (ConfUtils.java:logGet(43)) - raft.server.log.statemachine.data.sync.timeout.retry = -1 (default)
2019-10-02 11:30:54,896 [pool-27-thread-1] INFO  server.RaftServerConfigKeys (ConfUtils.java:logGet(43)) - raft.server.log.statemachine.data.caching.enabled = true (custom)
2019-10-02 11:30:54,896 [pool-27-thread-1] INFO  segmented.SegmentedRaftLogWorker (SegmentedRaftLogWorker.java:lambda$new$0(132)) - 13f7021c-1bd2-4a97-8ed8-c7de3e147eb3@group-018A256E0AB5-SegmentedRaftLogWorker: flushIndex: setUnconditionally 0 -> -1
2019-10-02 11:30:54,896 [pool-27-thread-1] INFO  server.RaftServerConfigKeys (ConfUtils.java:logGet(43)) - raft.server.snapshot.auto.trigger.enabled = true (custom)
2019-10-02 11:30:54,896 [pool-27-thread-1] INFO  server.RaftServerConfigKeys (ConfUtils.java:logGet(43)) - raft.server.snapshot.auto.trigger.threshold = 10000 (custom)
2019-10-02 11:30:54,896 [pool-27-thread-1] INFO  server.RaftServerConfigKeys (ConfUtils.java:logGet(43)) - raft.server.snapshot.retention.num.files = 5 (custom)
2019-10-02 11:30:54,896 [pool-27-thread-1] INFO  server.RaftServerConfigKeys (ConfUtils.java:logGet(43)) - raft.server.retrycache.expirytime = 600000ms (custom)
2019-10-02 11:30:54,898 [pool-27-thread-1] INFO  impl.RaftServerImpl (RaftServerImpl.java:start(185)) - 13f7021c-1bd2-4a97-8ed8-c7de3e147eb3@group-018A256E0AB5: start as a follower, conf=-1: [13f7021c-1bd2-4a97-8ed8-c7de3e147eb3:192.168.151.102:43168], old=null
2019-10-02 11:30:54,898 [pool-27-thread-1] INFO  impl.RaftServerImpl (RaftServerImpl.java:setRole(174)) - 13f7021c-1bd2-4a97-8ed8-c7de3e147eb3@group-018A256E0AB5: changes role from      null to FOLLOWER at term 0 for startAsFollower
2019-10-02 11:30:54,898 [pool-27-thread-1] INFO  impl.RoleInfo (RoleInfo.java:updateAndGet(143)) - 13f7021c-1bd2-4a97-8ed8-c7de3e147eb3: start FollowerState
2019-10-02 11:30:54,899 [pool-27-thread-1] INFO  util.JmxRegister (JmxRegister.java:tryRegister(44)) - Successfully registered JMX Bean with object name Ratis:service=RaftServer,group=group-018A256E0AB5,id=13f7021c-1bd2-4a97-8ed8-c7de3e147eb3
2019-10-02 11:30:54,909 [RatisPipelineUtilsThread] INFO  pipeline.PipelineStateManager (PipelineStateManager.java:addPipeline(56)) - Created pipeline Pipeline[ Id: d573e79d-a5ed-4192-b0ea-018a256e0ab5, Nodes: 13f7021c-1bd2-4a97-8ed8-c7de3e147eb3{ip: 192.168.151.102, host: pr-hdds-2164-trunk-xhc96-1404769113, networkLocation: /default-rack, certSerialId: null}, Type:RATIS, Factor:ONE, State:OPEN]
2019-10-02 11:30:54,932 [Thread-294] INFO  impl.FollowerState (FollowerState.java:run(106)) - 633590d7-4390-4d51-971d-49ea2f910c76:group-AF216C99FD64 changes to CANDIDATE, lastRpcTime:1119, electionTimeout:1118ms
2019-10-02 11:30:54,937 [Thread-294] INFO  impl.RoleInfo (RoleInfo.java:shutdownFollowerState(121)) - 633590d7-4390-4d51-971d-49ea2f910c76: shutdown FollowerState
2019-10-02 11:30:54,938 [Thread-294] INFO  impl.RaftServerImpl (RaftServerImpl.java:setRole(174)) - 633590d7-4390-4d51-971d-49ea2f910c76@group-AF216C99FD64: changes role from  FOLLOWER to CANDIDATE at term 0 for changeToCandidate
2019-10-02 11:30:54,955 [Thread-294] INFO  impl.RoleInfo (RoleInfo.java:updateAndGet(143)) - 633590d7-4390-4d51-971d-49ea2f910c76: start LeaderElection
2019-10-02 11:30:54,955 [grpc-default-executor-2] INFO  impl.RaftServerProxy (RaftServerProxy.java:addNew(89)) - e5cd125e-f61d-45cf-b4cf-a13e4bd3b145: addNew group-B499B5D26DCB:[e5cd125e-f61d-45cf-b4cf-a13e4bd3b145:192.168.151.102:36084, 70fbbe32-55c4-4d97-b4b6-a87353a06c87:192.168.151.102:40051, 633590d7-4390-4d51-971d-49ea2f910c76:192.168.151.102:37552] returns group-B499B5D26DCB:java.util.concurrent.CompletableFuture@20e955ab[Not completed]
2019-10-02 11:30:54,957 [grpc-default-executor-1] INFO  impl.RaftServerProxy (RaftServerProxy.java:addNew(89)) - 70fbbe32-55c4-4d97-b4b6-a87353a06c87: addNew group-B499B5D26DCB:[e5cd125e-f61d-45cf-b4cf-a13e4bd3b145:192.168.151.102:36084, 70fbbe32-55c4-4d97-b4b6-a87353a06c87:192.168.151.102:40051, 633590d7-4390-4d51-971d-49ea2f910c76:192.168.151.102:37552] returns group-B499B5D26DCB:java.util.concurrent.CompletableFuture@2ba40a40[Not completed]
2019-10-02 11:30:54,960 [grpc-default-executor-0] INFO  impl.RaftServerProxy (RaftServerProxy.java:addNew(89)) - 633590d7-4390-4d51-971d-49ea2f910c76: addNew group-B499B5D26DCB:[e5cd125e-f61d-45cf-b4cf-a13e4bd3b145:192.168.151.102:36084, 70fbbe32-55c4-4d97-b4b6-a87353a06c87:192.168.151.102:40051, 633590d7-4390-4d51-971d-49ea2f910c76:192.168.151.102:37552] returns group-B499B5D26DCB:java.util.concurrent.CompletableFuture@63267426[Not completed]
2019-10-02 11:30:54,961 [pool-57-thread-1] INFO  impl.RaftServerImpl (RaftServerImpl.java:<init>(95)) - 70fbbe32-55c4-4d97-b4b6-a87353a06c87: new RaftServerImpl for group-B499B5D26DCB:[e5cd125e-f61d-45cf-b4cf-a13e4bd3b145:192.168.151.102:36084, 70fbbe32-55c4-4d97-b4b6-a87353a06c87:192.168.151.102:40051, 633590d7-4390-4d51-971d-49ea2f910c76:192.168.151.102:37552] with ContainerStateMachine:uninitialized
2019-10-02 11:30:54,961 [pool-57-thread-1] INFO  server.RaftServerConfigKeys (ConfUtils.java:logGet(43)) - raft.server.rpc.timeout.min = 1s (custom)
2019-10-02 11:30:54,961 [pool-57-thread-1] INFO  server.RaftServerConfigKeys (ConfUtils.java:logGet(43)) - raft.server.rpc.timeout.max = 1200ms (custom)
2019-10-02 11:30:54,961 [pool-57-thread-1] INFO  server.RaftServerConfigKeys (ConfUtils.java:logGet(43)) - raft.server.rpcslowness.timeout = 120s (custom)
2019-10-02 11:30:54,962 [pool-57-thread-1] INFO  server.RaftServerConfigKeys (ConfUtils.java:logGet(43)) - raft.server.sleep.deviation.threshold = 300 (default)
2019-10-02 11:30:54,962 [pool-57-thread-1] INFO  server.RaftServerConfigKeys (ConfUtils.java:logGet(43)) - raft.server.log.appender.install.snapshot.enabled = false (custom)
2019-10-02 11:30:54,962 [pool-117-thread-1] INFO  impl.RaftServerImpl (RaftServerImpl.java:<init>(95)) - e5cd125e-f61d-45cf-b4cf-a13e4bd3b145: new RaftServerImpl for group-B499B5D26DCB:[e5cd125e-f61d-45cf-b4cf-a13e4bd3b145:192.168.151.102:36084, 70fbbe32-55c4-4d97-b4b6-a87353a06c87:192.168.151.102:40051, 633590d7-4390-4d51-971d-49ea2f910c76:192.168.151.102:37552] with ContainerStateMachine:uninitialized
2019-10-02 11:30:54,962 [pool-57-thread-1] INFO  impl.RaftServerImpl (ServerState.java:<init>(103)) - 70fbbe32-55c4-4d97-b4b6-a87353a06c87@group-B499B5D26DCB: ConfigurationManager, init=-1: [e5cd125e-f61d-45cf-b4cf-a13e4bd3b145:192.168.151.102:36084, 70fbbe32-55c4-4d97-b4b6-a87353a06c87:192.168.151.102:40051, 633590d7-4390-4d51-971d-49ea2f910c76:192.168.151.102:37552], old=null, confs=<EMPTY_MAP>
2019-10-02 11:30:54,962 [pool-117-thread-1] INFO  server.RaftServerConfigKeys (ConfUtils.java:logGet(43)) - raft.server.rpc.timeout.min = 1s (custom)
2019-10-02 11:30:54,962 [pool-117-thread-1] INFO  server.RaftServerConfigKeys (ConfUtils.java:logGet(43)) - raft.server.rpc.timeout.max = 1200ms (custom)
2019-10-02 11:30:54,962 [pool-57-thread-1] INFO  server.RaftServerConfigKeys (ConfUtils.java:logGet(43)) - raft.server.storage.dir = [/workdir/hadoop-ozone/integration-test/target/test-dir/MiniOzoneClusterImpl-5dc4b805-dc02-409a-84a0-03630345a4d3/datanode-3/data/ratis] (custom)
2019-10-02 11:30:54,962 [pool-117-thread-1] INFO  server.RaftServerConfigKeys (ConfUtils.java:logGet(43)) - raft.server.rpcslowness.timeout = 120s (custom)
2019-10-02 11:30:54,963 [pool-117-thread-1] INFO  server.RaftServerConfigKeys (ConfUtils.java:logGet(43)) - raft.server.sleep.deviation.threshold = 300 (default)
2019-10-02 11:30:54,963 [pool-117-thread-1] INFO  server.RaftServerConfigKeys (ConfUtils.java:logGet(43)) - raft.server.log.appender.install.snapshot.enabled = false (custom)
2019-10-02 11:30:54,963 [pool-57-thread-1] INFO  storage.RaftStorageDirectory (RaftStorageDirectory.java:analyzeStorage(246)) - The storage directory /workdir/hadoop-ozone/integration-test/target/test-dir/MiniOzoneClusterImpl-5dc4b805-dc02-409a-84a0-03630345a4d3/datanode-3/data/ratis/ea0c0fbb-c99e-4d21-b5e3-b499b5d26dcb does not exist. Creating ...
2019-10-02 11:30:54,963 [pool-87-thread-1] INFO  impl.RaftServerImpl (RaftServerImpl.java:<init>(95)) - 633590d7-4390-4d51-971d-49ea2f910c76: new RaftServerImpl for group-B499B5D26DCB:[e5cd125e-f61d-45cf-b4cf-a13e4bd3b145:192.168.151.102:36084, 70fbbe32-55c4-4d97-b4b6-a87353a06c87:192.168.151.102:40051, 633590d7-4390-4d51-971d-49ea2f910c76:192.168.151.102:37552] with ContainerStateMachine:uninitialized
2019-10-02 11:30:54,963 [pool-117-thread-1] INFO  impl.RaftServerImpl (ServerState.java:<init>(103)) - e5cd125e-f61d-45cf-b4cf-a13e4bd3b145@group-B499B5D26DCB: ConfigurationManager, init=-1: [e5cd125e-f61d-45cf-b4cf-a13e4bd3b145:192.168.151.102:36084, 70fbbe32-55c4-4d97-b4b6-a87353a06c87:192.168.151.102:40051, 633590d7-4390-4d51-971d-49ea2f910c76:192.168.151.102:37552], old=null, confs=<EMPTY_MAP>
2019-10-02 11:30:54,963 [pool-87-thread-1] INFO  server.RaftServerConfigKeys (ConfUtils.java:logGet(43)) - raft.server.rpc.timeout.min = 1s (custom)
2019-10-02 11:30:54,963 [pool-117-thread-1] INFO  server.RaftServerConfigKeys (ConfUtils.java:logGet(43)) - raft.server.storage.dir = [/workdir/hadoop-ozone/integration-test/target/test-dir/MiniOzoneClusterImpl-5dc4b805-dc02-409a-84a0-03630345a4d3/datanode-9/data/ratis] (custom)
2019-10-02 11:30:54,963 [pool-87-thread-1] INFO  server.RaftServerConfigKeys (ConfUtils.java:logGet(43)) - raft.server.rpc.timeout.max = 1200ms (custom)
2019-10-02 11:30:54,964 [pool-87-thread-1] INFO  server.RaftServerConfigKeys (ConfUtils.java:logGet(43)) - raft.server.rpcslowness.timeout = 120s (custom)
2019-10-02 11:30:54,964 [pool-117-thread-1] INFO  storage.RaftStorageDirectory (RaftStorageDirectory.java:analyzeStorage(246)) - The storage directory /workdir/hadoop-ozone/integration-test/target/test-dir/MiniOzoneClusterImpl-5dc4b805-dc02-409a-84a0-03630345a4d3/datanode-9/data/ratis/ea0c0fbb-c99e-4d21-b5e3-b499b5d26dcb does not exist. Creating ...
2019-10-02 11:30:54,964 [pool-87-thread-1] INFO  server.RaftServerConfigKeys (ConfUtils.java:logGet(43)) - raft.server.sleep.deviation.threshold = 300 (default)
2019-10-02 11:30:54,964 [pool-87-thread-1] INFO  server.RaftServerConfigKeys (ConfUtils.java:logGet(43)) - raft.server.log.appender.install.snapshot.enabled = false (custom)
2019-10-02 11:30:54,964 [pool-87-thread-1] INFO  impl.RaftServerImpl (ServerState.java:<init>(103)) - 633590d7-4390-4d51-971d-49ea2f910c76@group-B499B5D26DCB: ConfigurationManager, init=-1: [e5cd125e-f61d-45cf-b4cf-a13e4bd3b145:192.168.151.102:36084, 70fbbe32-55c4-4d97-b4b6-a87353a06c87:192.168.151.102:40051, 633590d7-4390-4d51-971d-49ea2f910c76:192.168.151.102:37552], old=null, confs=<EMPTY_MAP>
2019-10-02 11:30:54,964 [pool-87-thread-1] INFO  server.RaftServerConfigKeys (ConfUtils.java:logGet(43)) - raft.server.storage.dir = [/workdir/hadoop-ozone/integration-test/target/test-dir/MiniOzoneClusterImpl-5dc4b805-dc02-409a-84a0-03630345a4d3/datanode-6/data/ratis] (custom)
2019-10-02 11:30:54,965 [pool-87-thread-1] INFO  storage.RaftStorageDirectory (RaftStorageDirectory.java:analyzeStorage(246)) - The storage directory /workdir/hadoop-ozone/integration-test/target/test-dir/MiniOzoneClusterImpl-5dc4b805-dc02-409a-84a0-03630345a4d3/datanode-6/data/ratis/ea0c0fbb-c99e-4d21-b5e3-b499b5d26dcb does not exist. Creating ...
2019-10-02 11:30:55,290 [Thread-297] INFO  impl.FollowerState (FollowerState.java:run(106)) - e5cd125e-f61d-45cf-b4cf-a13e4bd3b145:group-65ABB48B6019 changes to CANDIDATE, lastRpcTime:1071, electionTimeout:1070ms
2019-10-02 11:30:55,293 [Thread-297] INFO  impl.RoleInfo (RoleInfo.java:shutdownFollowerState(121)) - e5cd125e-f61d-45cf-b4cf-a13e4bd3b145: shutdown FollowerState
2019-10-02 11:30:55,293 [Thread-297] INFO  impl.RaftServerImpl (RaftServerImpl.java:setRole(174)) - e5cd125e-f61d-45cf-b4cf-a13e4bd3b145@group-65ABB48B6019: changes role from  FOLLOWER to CANDIDATE at term 0 for changeToCandidate
2019-10-02 11:30:55,294 [Thread-297] INFO  impl.RoleInfo (RoleInfo.java:updateAndGet(143)) - e5cd125e-f61d-45cf-b4cf-a13e4bd3b145: start LeaderElection
2019-10-02 11:30:55,433 [Thread-300] INFO  impl.FollowerState (FollowerState.java:run(106)) - 70fbbe32-55c4-4d97-b4b6-a87353a06c87:group-1AED904AC363 changes to CANDIDATE, lastRpcTime:1092, electionTimeout:1092ms
2019-10-02 11:30:55,433 [Thread-300] INFO  impl.RoleInfo (RoleInfo.java:shutdownFollowerState(121)) - 70fbbe32-55c4-4d97-b4b6-a87353a06c87: shutdown FollowerState
2019-10-02 11:30:55,434 [Thread-300] INFO  impl.RaftServerImpl (RaftServerImpl.java:setRole(174)) - 70fbbe32-55c4-4d97-b4b6-a87353a06c87@group-1AED904AC363: changes role from  FOLLOWER to CANDIDATE at term 0 for changeToCandidate
2019-10-02 11:30:55,434 [Thread-300] INFO  impl.RoleInfo (RoleInfo.java:updateAndGet(143)) - 70fbbe32-55c4-4d97-b4b6-a87353a06c87: start LeaderElection
2019-10-02 11:30:55,531 [Thread-303] INFO  impl.FollowerState (FollowerState.java:run(106)) - 79fae529-906f-428f-a89e-b3dd78ccaa15:group-0A2D7239FBD7 changes to CANDIDATE, lastRpcTime:1107, electionTimeout:1107ms
2019-10-02 11:30:55,531 [Thread-303] INFO  impl.RoleInfo (RoleInfo.java:shutdownFollowerState(121)) - 79fae529-906f-428f-a89e-b3dd78ccaa15: shutdown FollowerState
2019-10-02 11:30:55,532 [Thread-303] INFO  impl.RaftServerImpl (RaftServerImpl.java:setRole(174)) - 79fae529-906f-428f-a89e-b3dd78ccaa15@group-0A2D7239FBD7: changes role from  FOLLOWER to CANDIDATE at term 0 for changeToCandidate
2019-10-02 11:30:55,532 [Thread-303] INFO  impl.RoleInfo (RoleInfo.java:updateAndGet(143)) - 79fae529-906f-428f-a89e-b3dd78ccaa15: start LeaderElection
2019-10-02 11:30:55,543 [Thread-307] INFO  impl.FollowerState (FollowerState.java:run(106)) - 8af5394b-47b3-4f3f-906d-9219adfe9823:group-D23554B39B82 changes to CANDIDATE, lastRpcTime:1002, electionTimeout:1001ms
2019-10-02 11:30:55,543 [Thread-307] INFO  impl.RoleInfo (RoleInfo.java:shutdownFollowerState(121)) - 8af5394b-47b3-4f3f-906d-9219adfe9823: shutdown FollowerState
2019-10-02 11:30:55,543 [Thread-307] INFO  impl.RaftServerImpl (RaftServerImpl.java:setRole(174)) - 8af5394b-47b3-4f3f-906d-9219adfe9823@group-D23554B39B82: changes role from  FOLLOWER to CANDIDATE at term 0 for changeToCandidate
2019-10-02 11:30:55,546 [Thread-307] INFO  impl.RoleInfo (RoleInfo.java:updateAndGet(143)) - 8af5394b-47b3-4f3f-906d-9219adfe9823: start LeaderElection
2019-10-02 11:30:55,662 [Thread-310] INFO  impl.FollowerState (FollowerState.java:run(106)) - a37a54fb-604e-4e22-90a6-9ef2de79941b:group-6893984871ED changes to CANDIDATE, lastRpcTime:1056, electionTimeout:1056ms
2019-10-02 11:30:55,663 [Thread-310] INFO  impl.RoleInfo (RoleInfo.java:shutdownFollowerState(121)) - a37a54fb-604e-4e22-90a6-9ef2de79941b: shutdown FollowerState
2019-10-02 11:30:55,663 [Thread-310] INFO  impl.RaftServerImpl (RaftServerImpl.java:setRole(174)) - a37a54fb-604e-4e22-90a6-9ef2de79941b@group-6893984871ED: changes role from  FOLLOWER to CANDIDATE at term 0 for changeToCandidate
2019-10-02 11:30:55,678 [Thread-310] INFO  impl.RoleInfo (RoleInfo.java:updateAndGet(143)) - a37a54fb-604e-4e22-90a6-9ef2de79941b: start LeaderElection
2019-10-02 11:30:55,687 [Thread-314] INFO  impl.FollowerState (FollowerState.java:run(106)) - bde60412-0b16-4336-9436-0525b0ae90d5:group-3FD968999142 changes to CANDIDATE, lastRpcTime:1012, electionTimeout:1012ms
2019-10-02 11:30:55,687 [Thread-314] INFO  impl.RoleInfo (RoleInfo.java:shutdownFollowerState(121)) - bde60412-0b16-4336-9436-0525b0ae90d5: shutdown FollowerState
2019-10-02 11:30:55,687 [Thread-314] INFO  impl.RaftServerImpl (RaftServerImpl.java:setRole(174)) - bde60412-0b16-4336-9436-0525b0ae90d5@group-3FD968999142: changes role from  FOLLOWER to CANDIDATE at term 0 for changeToCandidate
2019-10-02 11:30:55,703 [Thread-314] INFO  impl.RoleInfo (RoleInfo.java:updateAndGet(143)) - bde60412-0b16-4336-9436-0525b0ae90d5: start LeaderElection
2019-10-02 11:30:55,856 [Thread-318] INFO  impl.FollowerState (FollowerState.java:run(106)) - b0829514-0e81-4cb8-8158-745b805c48fc:group-DB102E65015E changes to CANDIDATE, lastRpcTime:1101, electionTimeout:1101ms
2019-10-02 11:30:55,862 [Thread-318] INFO  impl.RoleInfo (RoleInfo.java:shutdownFollowerState(121)) - b0829514-0e81-4cb8-8158-745b805c48fc: shutdown FollowerState
2019-10-02 11:30:55,866 [Thread-318] INFO  impl.RaftServerImpl (RaftServerImpl.java:setRole(174)) - b0829514-0e81-4cb8-8158-745b805c48fc@group-DB102E65015E: changes role from  FOLLOWER to CANDIDATE at term 0 for changeToCandidate
2019-10-02 11:30:55,872 [Thread-318] INFO  impl.RoleInfo (RoleInfo.java:updateAndGet(143)) - b0829514-0e81-4cb8-8158-745b805c48fc: start LeaderElection
2019-10-02 11:30:55,990 [Thread-321] INFO  impl.FollowerState (FollowerState.java:run(106)) - d0a95d8b-e42b-4cc3-af39-f7831f0cb411:group-9BCC5182C5FB changes to CANDIDATE, lastRpcTime:1166, electionTimeout:1166ms
2019-10-02 11:30:55,991 [Thread-321] INFO  impl.RoleInfo (RoleInfo.java:shutdownFollowerState(121)) - d0a95d8b-e42b-4cc3-af39-f7831f0cb411: shutdown FollowerState
2019-10-02 11:30:55,991 [Thread-321] INFO  impl.RaftServerImpl (RaftServerImpl.java:setRole(174)) - d0a95d8b-e42b-4cc3-af39-f7831f0cb411@group-9BCC5182C5FB: changes role from  FOLLOWER to CANDIDATE at term 0 for changeToCandidate
2019-10-02 11:30:55,991 [Thread-321] INFO  impl.RoleInfo (RoleInfo.java:updateAndGet(143)) - d0a95d8b-e42b-4cc3-af39-f7831f0cb411: start LeaderElection
2019-10-02 11:30:56,012 [Thread-324] INFO  impl.FollowerState (FollowerState.java:run(106)) - 13f7021c-1bd2-4a97-8ed8-c7de3e147eb3:group-018A256E0AB5 changes to CANDIDATE, lastRpcTime:1113, electionTimeout:1113ms
2019-10-02 11:30:56,012 [Thread-324] INFO  impl.RoleInfo (RoleInfo.java:shutdownFollowerState(121)) - 13f7021c-1bd2-4a97-8ed8-c7de3e147eb3: shutdown FollowerState
2019-10-02 11:30:56,012 [Thread-324] INFO  impl.RaftServerImpl (RaftServerImpl.java:setRole(174)) - 13f7021c-1bd2-4a97-8ed8-c7de3e147eb3@group-018A256E0AB5: changes role from  FOLLOWER to CANDIDATE at term 0 for changeToCandidate
2019-10-02 11:30:56,012 [Thread-324] INFO  impl.RoleInfo (RoleInfo.java:updateAndGet(143)) - 13f7021c-1bd2-4a97-8ed8-c7de3e147eb3: start LeaderElection
2019-10-02 11:30:56,150 [Thread-292] INFO  container.ReplicationManager (ReplicationManager.java:start(162)) - Starting Replication Monitor Thread.
2019-10-02 11:30:56,155 [ReplicationMonitor] INFO  container.ReplicationManager (ReplicationManager.java:run(225)) - Replication Monitor Thread took 0 milliseconds for processing 0 containers.
2019-10-02 11:30:56,374 [pool-87-thread-1] INFO  storage.RaftStorageDirectory (RaftStorageDirectory.java:tryLock(328)) - Lock on /workdir/hadoop-ozone/integration-test/target/test-dir/MiniOzoneClusterImpl-5dc4b805-dc02-409a-84a0-03630345a4d3/datanode-6/data/ratis/ea0c0fbb-c99e-4d21-b5e3-b499b5d26dcb/in_use.lock acquired by nodename 4478@pr-hdds-2164-trunk-xhc96-1404769113
2019-10-02 11:30:56,374 [pool-57-thread-1] INFO  storage.RaftStorageDirectory (RaftStorageDirectory.java:tryLock(328)) - Lock on /workdir/hadoop-ozone/integration-test/target/test-dir/MiniOzoneClusterImpl-5dc4b805-dc02-409a-84a0-03630345a4d3/datanode-3/data/ratis/ea0c0fbb-c99e-4d21-b5e3-b499b5d26dcb/in_use.lock acquired by nodename 4478@pr-hdds-2164-trunk-xhc96-1404769113
2019-10-02 11:30:56,374 [pool-117-thread-1] INFO  storage.RaftStorageDirectory (RaftStorageDirectory.java:tryLock(328)) - Lock on /workdir/hadoop-ozone/integration-test/target/test-dir/MiniOzoneClusterImpl-5dc4b805-dc02-409a-84a0-03630345a4d3/datanode-9/data/ratis/ea0c0fbb-c99e-4d21-b5e3-b499b5d26dcb/in_use.lock acquired by nodename 4478@pr-hdds-2164-trunk-xhc96-1404769113
2019-10-02 11:30:56,856 [633590d7-4390-4d51-971d-49ea2f910c76@group-AF216C99FD64:LeaderElection1] INFO  impl.LeaderElection (LeaderElection.java:askForVotes(182)) - 633590d7-4390-4d51-971d-49ea2f910c76@group-AF216C99FD64:LeaderElection1: begin an election at term 1 for -1: [633590d7-4390-4d51-971d-49ea2f910c76:192.168.151.102:37552], old=null
2019-10-02 11:30:56,863 [70fbbe32-55c4-4d97-b4b6-a87353a06c87@group-1AED904AC363:LeaderElection3] INFO  impl.LeaderElection (LeaderElection.java:askForVotes(182)) - 70fbbe32-55c4-4d97-b4b6-a87353a06c87@group-1AED904AC363:LeaderElection3: begin an election at term 1 for -1: [70fbbe32-55c4-4d97-b4b6-a87353a06c87:192.168.151.102:40051], old=null
2019-10-02 11:30:56,863 [13f7021c-1bd2-4a97-8ed8-c7de3e147eb3@group-018A256E0AB5:LeaderElection10] INFO  impl.LeaderElection (LeaderElection.java:askForVotes(182)) - 13f7021c-1bd2-4a97-8ed8-c7de3e147eb3@group-018A256E0AB5:LeaderElection10: begin an election at term 1 for -1: [13f7021c-1bd2-4a97-8ed8-c7de3e147eb3:192.168.151.102:43168], old=null
2019-10-02 11:30:56,856 [bde60412-0b16-4336-9436-0525b0ae90d5@group-3FD968999142:LeaderElection7] INFO  impl.LeaderElection (LeaderElection.java:askForVotes(182)) - bde60412-0b16-4336-9436-0525b0ae90d5@group-3FD968999142:LeaderElection7: begin an election at term 1 for -1: [bde60412-0b16-4336-9436-0525b0ae90d5:192.168.151.102:39704], old=null
2019-10-02 11:30:56,856 [79fae529-906f-428f-a89e-b3dd78ccaa15@group-0A2D7239FBD7:LeaderElection4] INFO  impl.LeaderElection (LeaderElection.java:askForVotes(182)) - 79fae529-906f-428f-a89e-b3dd78ccaa15@group-0A2D7239FBD7:LeaderElection4: begin an election at term 1 for -1: [79fae529-906f-428f-a89e-b3dd78ccaa15:192.168.151.102:42043], old=null
2019-10-02 11:30:56,856 [8af5394b-47b3-4f3f-906d-9219adfe9823@group-D23554B39B82:LeaderElection5] INFO  impl.LeaderElection (LeaderElection.java:askForVotes(182)) - 8af5394b-47b3-4f3f-906d-9219adfe9823@group-D23554B39B82:LeaderElection5: begin an election at term 1 for -1: [8af5394b-47b3-4f3f-906d-9219adfe9823:192.168.151.102:33268], old=null
2019-10-02 11:30:56,856 [e5cd125e-f61d-45cf-b4cf-a13e4bd3b145@group-65ABB48B6019:LeaderElection2] INFO  impl.LeaderElection (LeaderElection.java:askForVotes(182)) - e5cd125e-f61d-45cf-b4cf-a13e4bd3b145@group-65ABB48B6019:LeaderElection2: begin an election at term 1 for -1: [e5cd125e-f61d-45cf-b4cf-a13e4bd3b145:192.168.151.102:36084], old=null
2019-10-02 11:30:56,856 [a37a54fb-604e-4e22-90a6-9ef2de79941b@group-6893984871ED:LeaderElection6] INFO  impl.LeaderElection (LeaderElection.java:askForVotes(182)) - a37a54fb-604e-4e22-90a6-9ef2de79941b@group-6893984871ED:LeaderElection6: begin an election at term 1 for -1: [a37a54fb-604e-4e22-90a6-9ef2de79941b:192.168.151.102:39954], old=null
2019-10-02 11:30:56,856 [b0829514-0e81-4cb8-8158-745b805c48fc@group-DB102E65015E:LeaderElection8] INFO  impl.LeaderElection (LeaderElection.java:askForVotes(182)) - b0829514-0e81-4cb8-8158-745b805c48fc@group-DB102E65015E:LeaderElection8: begin an election at term 1 for -1: [b0829514-0e81-4cb8-8158-745b805c48fc:192.168.151.102:37479], old=null
2019-10-02 11:30:56,856 [d0a95d8b-e42b-4cc3-af39-f7831f0cb411@group-9BCC5182C5FB:LeaderElection9] INFO  impl.LeaderElection (LeaderElection.java:askForVotes(182)) - d0a95d8b-e42b-4cc3-af39-f7831f0cb411@group-9BCC5182C5FB:LeaderElection9: begin an election at term 1 for -1: [d0a95d8b-e42b-4cc3-af39-f7831f0cb411:192.168.151.102:40932], old=null
2019-10-02 11:30:56,866 [a37a54fb-604e-4e22-90a6-9ef2de79941b@group-6893984871ED:LeaderElection6] INFO  impl.RoleInfo (RoleInfo.java:shutdownLeaderElection(134)) - a37a54fb-604e-4e22-90a6-9ef2de79941b: shutdown LeaderElection
2019-10-02 11:30:56,866 [e5cd125e-f61d-45cf-b4cf-a13e4bd3b145@group-65ABB48B6019:LeaderElection2] INFO  impl.RoleInfo (RoleInfo.java:shutdownLeaderElection(134)) - e5cd125e-f61d-45cf-b4cf-a13e4bd3b145: shutdown LeaderElection
2019-10-02 11:30:56,866 [70fbbe32-55c4-4d97-b4b6-a87353a06c87@group-1AED904AC363:LeaderElection3] INFO  impl.RoleInfo (RoleInfo.java:shutdownLeaderElection(134)) - 70fbbe32-55c4-4d97-b4b6-a87353a06c87: shutdown LeaderElection
2019-10-02 11:30:56,866 [79fae529-906f-428f-a89e-b3dd78ccaa15@group-0A2D7239FBD7:LeaderElection4] INFO  impl.RoleInfo (RoleInfo.java:shutdownLeaderElection(134)) - 79fae529-906f-428f-a89e-b3dd78ccaa15: shutdown LeaderElection
2019-10-02 11:30:56,866 [8af5394b-47b3-4f3f-906d-9219adfe9823@group-D23554B39B82:LeaderElection5] INFO  impl.RoleInfo (RoleInfo.java:shutdownLeaderElection(134)) - 8af5394b-47b3-4f3f-906d-9219adfe9823: shutdown LeaderElection
2019-10-02 11:30:56,867 [e5cd125e-f61d-45cf-b4cf-a13e4bd3b145@group-65ABB48B6019:LeaderElection2] INFO  impl.RaftServerImpl (RaftServerImpl.java:setRole(174)) - e5cd125e-f61d-45cf-b4cf-a13e4bd3b145@group-65ABB48B6019: changes role from CANDIDATE to LEADER at term 1 for changeToLeader
2019-10-02 11:30:56,866 [bde60412-0b16-4336-9436-0525b0ae90d5@group-3FD968999142:LeaderElection7] INFO  impl.RoleInfo (RoleInfo.java:shutdownLeaderElection(134)) - bde60412-0b16-4336-9436-0525b0ae90d5: shutdown LeaderElection
2019-10-02 11:30:56,866 [b0829514-0e81-4cb8-8158-745b805c48fc@group-DB102E65015E:LeaderElection8] INFO  impl.RoleInfo (RoleInfo.java:shutdownLeaderElection(134)) - b0829514-0e81-4cb8-8158-745b805c48fc: shutdown LeaderElection
2019-10-02 11:30:56,866 [d0a95d8b-e42b-4cc3-af39-f7831f0cb411@group-9BCC5182C5FB:LeaderElection9] INFO  impl.RoleInfo (RoleInfo.java:shutdownLeaderElection(134)) - d0a95d8b-e42b-4cc3-af39-f7831f0cb411: shutdown LeaderElection
2019-10-02 11:30:56,866 [633590d7-4390-4d51-971d-49ea2f910c76@group-AF216C99FD64:LeaderElection1] INFO  impl.RoleInfo (RoleInfo.java:shutdownLeaderElection(134)) - 633590d7-4390-4d51-971d-49ea2f910c76: shutdown LeaderElection
2019-10-02 11:30:56,866 [13f7021c-1bd2-4a97-8ed8-c7de3e147eb3@group-018A256E0AB5:LeaderElection10] INFO  impl.RoleInfo (RoleInfo.java:shutdownLeaderElection(134)) - 13f7021c-1bd2-4a97-8ed8-c7de3e147eb3: shutdown LeaderElection
2019-10-02 11:30:56,868 [633590d7-4390-4d51-971d-49ea2f910c76@group-AF216C99FD64:LeaderElection1] INFO  impl.RaftServerImpl (RaftServerImpl.java:setRole(174)) - 633590d7-4390-4d51-971d-49ea2f910c76@group-AF216C99FD64: changes role from CANDIDATE to LEADER at term 1 for changeToLeader
2019-10-02 11:30:56,868 [d0a95d8b-e42b-4cc3-af39-f7831f0cb411@group-9BCC5182C5FB:LeaderElection9] INFO  impl.RaftServerImpl (RaftServerImpl.java:setRole(174)) - d0a95d8b-e42b-4cc3-af39-f7831f0cb411@group-9BCC5182C5FB: changes role from CANDIDATE to LEADER at term 1 for changeToLeader
2019-10-02 11:30:56,867 [b0829514-0e81-4cb8-8158-745b805c48fc@group-DB102E65015E:LeaderElection8] INFO  impl.RaftServerImpl (RaftServerImpl.java:setRole(174)) - b0829514-0e81-4cb8-8158-745b805c48fc@group-DB102E65015E: changes role from CANDIDATE to LEADER at term 1 for changeToLeader
2019-10-02 11:30:56,867 [bde60412-0b16-4336-9436-0525b0ae90d5@group-3FD968999142:LeaderElection7] INFO  impl.RaftServerImpl (RaftServerImpl.java:setRole(174)) - bde60412-0b16-4336-9436-0525b0ae90d5@group-3FD968999142: changes role from CANDIDATE to LEADER at term 1 for changeToLeader
2019-10-02 11:30:56,867 [e5cd125e-f61d-45cf-b4cf-a13e4bd3b145@group-65ABB48B6019:LeaderElection2] INFO  impl.RaftServerImpl (ServerState.java:setLeader(253)) - e5cd125e-f61d-45cf-b4cf-a13e4bd3b145@group-65ABB48B6019: change Leader from null to e5cd125e-f61d-45cf-b4cf-a13e4bd3b145 at term 1 for becomeLeader, leader elected after 2661ms
2019-10-02 11:30:56,867 [70fbbe32-55c4-4d97-b4b6-a87353a06c87@group-1AED904AC363:LeaderElection3] INFO  impl.RaftServerImpl (RaftServerImpl.java:setRole(174)) - 70fbbe32-55c4-4d97-b4b6-a87353a06c87@group-1AED904AC363: changes role from CANDIDATE to LEADER at term 1 for changeToLeader
2019-10-02 11:30:56,867 [8af5394b-47b3-4f3f-906d-9219adfe9823@group-D23554B39B82:LeaderElection5] INFO  impl.RaftServerImpl (RaftServerImpl.java:setRole(174)) - 8af5394b-47b3-4f3f-906d-9219adfe9823@group-D23554B39B82: changes role from CANDIDATE to LEADER at term 1 for changeToLeader
2019-10-02 11:30:56,867 [79fae529-906f-428f-a89e-b3dd78ccaa15@group-0A2D7239FBD7:LeaderElection4] INFO  impl.RaftServerImpl (RaftServerImpl.java:setRole(174)) - 79fae529-906f-428f-a89e-b3dd78ccaa15@group-0A2D7239FBD7: changes role from CANDIDATE to LEADER at term 1 for changeToLeader
2019-10-02 11:30:56,867 [a37a54fb-604e-4e22-90a6-9ef2de79941b@group-6893984871ED:LeaderElection6] INFO  impl.RaftServerImpl (RaftServerImpl.java:setRole(174)) - a37a54fb-604e-4e22-90a6-9ef2de79941b@group-6893984871ED: changes role from CANDIDATE to LEADER at term 1 for changeToLeader
2019-10-02 11:30:56,871 [79fae529-906f-428f-a89e-b3dd78ccaa15@group-0A2D7239FBD7:LeaderElection4] INFO  impl.RaftServerImpl (ServerState.java:setLeader(253)) - 79fae529-906f-428f-a89e-b3dd78ccaa15@group-0A2D7239FBD7: change Leader from null to 79fae529-906f-428f-a89e-b3dd78ccaa15 at term 1 for becomeLeader, leader elected after 2455ms
2019-10-02 11:30:56,871 [8af5394b-47b3-4f3f-906d-9219adfe9823@group-D23554B39B82:LeaderElection5] INFO  impl.RaftServerImpl (ServerState.java:setLeader(253)) - 8af5394b-47b3-4f3f-906d-9219adfe9823@group-D23554B39B82: change Leader from null to 8af5394b-47b3-4f3f-906d-9219adfe9823 at term 1 for becomeLeader, leader elected after 2341ms
2019-10-02 11:30:56,869 [70fbbe32-55c4-4d97-b4b6-a87353a06c87@group-1AED904AC363:LeaderElection3] INFO  impl.RaftServerImpl (ServerState.java:setLeader(253)) - 70fbbe32-55c4-4d97-b4b6-a87353a06c87@group-1AED904AC363: change Leader from null to 70fbbe32-55c4-4d97-b4b6-a87353a06c87 at term 1 for becomeLeader, leader elected after 2574ms
2019-10-02 11:30:56,868 [bde60412-0b16-4336-9436-0525b0ae90d5@group-3FD968999142:LeaderElection7] INFO  impl.RaftServerImpl (ServerState.java:setLeader(253)) - bde60412-0b16-4336-9436-0525b0ae90d5@group-3FD968999142: change Leader from null to bde60412-0b16-4336-9436-0525b0ae90d5 at term 1 for becomeLeader, leader elected after 2200ms
2019-10-02 11:30:56,868 [b0829514-0e81-4cb8-8158-745b805c48fc@group-DB102E65015E:LeaderElection8] INFO  impl.RaftServerImpl (ServerState.java:setLeader(253)) - b0829514-0e81-4cb8-8158-745b805c48fc@group-DB102E65015E: change Leader from null to b0829514-0e81-4cb8-8158-745b805c48fc at term 1 for becomeLeader, leader elected after 2124ms
2019-10-02 11:30:56,868 [d0a95d8b-e42b-4cc3-af39-f7831f0cb411@group-9BCC5182C5FB:LeaderElection9] INFO  impl.RaftServerImpl (ServerState.java:setLeader(253)) - d0a95d8b-e42b-4cc3-af39-f7831f0cb411@group-9BCC5182C5FB: change Leader from null to d0a95d8b-e42b-4cc3-af39-f7831f0cb411 at term 1 for becomeLeader, leader elected after 2050ms
2019-10-02 11:30:56,868 [633590d7-4390-4d51-971d-49ea2f910c76@group-AF216C99FD64:LeaderElection1] INFO  impl.RaftServerImpl (ServerState.java:setLeader(253)) - 633590d7-4390-4d51-971d-49ea2f910c76@group-AF216C99FD64: change Leader from null to 633590d7-4390-4d51-971d-49ea2f910c76 at term 1 for becomeLeader, leader elected after 3151ms
2019-10-02 11:30:56,868 [13f7021c-1bd2-4a97-8ed8-c7de3e147eb3@group-018A256E0AB5:LeaderElection10] INFO  impl.RaftServerImpl (RaftServerImpl.java:setRole(174)) - 13f7021c-1bd2-4a97-8ed8-c7de3e147eb3@group-018A256E0AB5: changes role from CANDIDATE to LEADER at term 1 for changeToLeader
2019-10-02 11:30:56,878 [pool-117-thread-1] INFO  storage.RaftStorage (RaftStorage.java:format(72)) - Storage directory /workdir/hadoop-ozone/integration-test/target/test-dir/MiniOzoneClusterImpl-5dc4b805-dc02-409a-84a0-03630345a4d3/datanode-9/data/ratis/ea0c0fbb-c99e-4d21-b5e3-b499b5d26dcb has been successfully formatted.
2019-10-02 11:30:56,878 [pool-87-thread-1] INFO  storage.RaftStorage (RaftStorage.java:format(72)) - Storage directory /workdir/hadoop-ozone/integration-test/target/test-dir/MiniOzoneClusterImpl-5dc4b805-dc02-409a-84a0-03630345a4d3/datanode-6/data/ratis/ea0c0fbb-c99e-4d21-b5e3-b499b5d26dcb has been successfully formatted.
2019-10-02 11:30:56,878 [pool-57-thread-1] INFO  storage.RaftStorage (RaftStorage.java:format(72)) - Storage directory /workdir/hadoop-ozone/integration-test/target/test-dir/MiniOzoneClusterImpl-5dc4b805-dc02-409a-84a0-03630345a4d3/datanode-3/data/ratis/ea0c0fbb-c99e-4d21-b5e3-b499b5d26dcb has been successfully formatted.
2019-10-02 11:30:56,871 [a37a54fb-604e-4e22-90a6-9ef2de79941b@group-6893984871ED:LeaderElection6] INFO  impl.RaftServerImpl (ServerState.java:setLeader(253)) - a37a54fb-604e-4e22-90a6-9ef2de79941b@group-6893984871ED: change Leader from null to a37a54fb-604e-4e22-90a6-9ef2de79941b at term 1 for becomeLeader, leader elected after 2276ms
2019-10-02 11:30:56,882 [pool-87-thread-1] INFO  ratis.ContainerStateMachine (ContainerStateMachine.java:loadSnapshot(230)) - group-B499B5D26DCB: The snapshot info is null. Setting the last applied indexto:(t:0, i:~)
2019-10-02 11:30:56,882 [pool-117-thread-1] INFO  ratis.ContainerStateMachine (ContainerStateMachine.java:loadSnapshot(230)) - group-B499B5D26DCB: The snapshot info is null. Setting the last applied indexto:(t:0, i:~)
2019-10-02 11:30:56,881 [13f7021c-1bd2-4a97-8ed8-c7de3e147eb3@group-018A256E0AB5:LeaderElection10] INFO  impl.RaftServerImpl (ServerState.java:setLeader(253)) - 13f7021c-1bd2-4a97-8ed8-c7de3e147eb3@group-018A256E0AB5: change Leader from null to 13f7021c-1bd2-4a97-8ed8-c7de3e147eb3 at term 1 for becomeLeader, leader elected after 1989ms
2019-10-02 11:30:56,882 [pool-117-thread-1] INFO  server.RaftServerConfigKeys (ConfUtils.java:logGet(43)) - raft.server.notification.no-leader.timeout = 120s (custom)
2019-10-02 11:30:56,883 [pool-117-thread-1] INFO  server.RaftServerConfigKeys (ConfUtils.java:logGet(43)) - raft.server.log.use.memory = false (default)
2019-10-02 11:30:56,882 [pool-87-thread-1] INFO  server.RaftServerConfigKeys (ConfUtils.java:logGet(43)) - raft.server.notification.no-leader.timeout = 120s (custom)
2019-10-02 11:30:56,882 [pool-57-thread-1] INFO  ratis.ContainerStateMachine (ContainerStateMachine.java:loadSnapshot(230)) - group-B499B5D26DCB: The snapshot info is null. Setting the last applied indexto:(t:0, i:~)
2019-10-02 11:30:56,893 [pool-87-thread-1] INFO  server.RaftServerConfigKeys (ConfUtils.java:logGet(43)) - raft.server.log.use.memory = false (default)
2019-10-02 11:30:56,893 [pool-117-thread-1] INFO  server.RaftServerConfigKeys (ConfUtils.java:logGet(43)) - raft.server.log.purge.gap = 1000000 (custom)
2019-10-02 11:30:56,891 [633590d7-4390-4d51-971d-49ea2f910c76@group-AF216C99FD64:LeaderElection1] INFO  server.RaftServerConfigKeys (ConfUtils.java:logGet(43)) - raft.server.staging.catchup.gap = 1000 (default)
2019-10-02 11:30:56,891 [13f7021c-1bd2-4a97-8ed8-c7de3e147eb3@group-018A256E0AB5:LeaderElection10] INFO  server.RaftServerConfigKeys (ConfUtils.java:logGet(43)) - raft.server.staging.catchup.gap = 1000 (default)
2019-10-02 11:30:56,891 [70fbbe32-55c4-4d97-b4b6-a87353a06c87@group-1AED904AC363:LeaderElection3] INFO  server.RaftServerConfigKeys (ConfUtils.java:logGet(43)) - raft.server.staging.catchup.gap = 1000 (default)
2019-10-02 11:30:56,891 [bde60412-0b16-4336-9436-0525b0ae90d5@group-3FD968999142:LeaderElection7] INFO  server.RaftServerConfigKeys (ConfUtils.java:logGet(43)) - raft.server.staging.catchup.gap = 1000 (default)
2019-10-02 11:30:56,891 [d0a95d8b-e42b-4cc3-af39-f7831f0cb411@group-9BCC5182C5FB:LeaderElection9] INFO  server.RaftServerConfigKeys (ConfUtils.java:logGet(43)) - raft.server.staging.catchup.gap = 1000 (default)
2019-10-02 11:30:56,891 [79fae529-906f-428f-a89e-b3dd78ccaa15@group-0A2D7239FBD7:LeaderElection4] INFO  server.RaftServerConfigKeys (ConfUtils.java:logGet(43)) - raft.server.staging.catchup.gap = 1000 (default)
2019-10-02 11:30:56,891 [a37a54fb-604e-4e22-90a6-9ef2de79941b@group-6893984871ED:LeaderElection6] INFO  server.RaftServerConfigKeys (ConfUtils.java:logGet(43)) - raft.server.staging.catchup.gap = 1000 (default)
2019-10-02 11:30:56,891 [b0829514-0e81-4cb8-8158-745b805c48fc@group-DB102E65015E:LeaderElection8] INFO  server.RaftServerConfigKeys (ConfUtils.java:logGet(43)) - raft.server.staging.catchup.gap = 1000 (default)
2019-10-02 11:30:56,891 [e5cd125e-f61d-45cf-b4cf-a13e4bd3b145@group-65ABB48B6019:LeaderElection2] INFO  server.RaftServerConfigKeys (ConfUtils.java:logGet(43)) - raft.server.staging.catchup.gap = 1000 (default)
2019-10-02 11:30:56,896 [b0829514-0e81-4cb8-8158-745b805c48fc@group-DB102E65015E:LeaderElection8] INFO  server.RaftServerConfigKeys (ConfUtils.java:logGet(43)) - raft.server.rpc.sleep.time = 25ms (default)
2019-10-02 11:30:56,896 [a37a54fb-604e-4e22-90a6-9ef2de79941b@group-6893984871ED:LeaderElection6] INFO  server.RaftServerConfigKeys (ConfUtils.java:logGet(43)) - raft.server.rpc.sleep.time = 25ms (default)
2019-10-02 11:30:56,896 [79fae529-906f-428f-a89e-b3dd78ccaa15@group-0A2D7239FBD7:LeaderElection4] INFO  server.RaftServerConfigKeys (ConfUtils.java:logGet(43)) - raft.server.rpc.sleep.time = 25ms (default)
2019-10-02 11:30:56,896 [d0a95d8b-e42b-4cc3-af39-f7831f0cb411@group-9BCC5182C5FB:LeaderElection9] INFO  server.RaftServerConfigKeys (ConfUtils.java:logGet(43)) - raft.server.rpc.sleep.time = 25ms (default)
2019-10-02 11:30:56,896 [bde60412-0b16-4336-9436-0525b0ae90d5@group-3FD968999142:LeaderElection7] INFO  server.RaftServerConfigKeys (ConfUtils.java:logGet(43)) - raft.server.rpc.sleep.time = 25ms (default)
2019-10-02 11:30:56,896 [70fbbe32-55c4-4d97-b4b6-a87353a06c87@group-1AED904AC363:LeaderElection3] INFO  server.RaftServerConfigKeys (ConfUtils.java:logGet(43)) - raft.server.rpc.sleep.time = 25ms (default)
2019-10-02 11:30:56,896 [13f7021c-1bd2-4a97-8ed8-c7de3e147eb3@group-018A256E0AB5:LeaderElection10] INFO  server.RaftServerConfigKeys (ConfUtils.java:logGet(43)) - raft.server.rpc.sleep.time = 25ms (default)
2019-10-02 11:30:56,895 [633590d7-4390-4d51-971d-49ea2f910c76@group-AF216C99FD64:LeaderElection1] INFO  server.RaftServerConfigKeys (ConfUtils.java:logGet(43)) - raft.server.rpc.sleep.time = 25ms (default)
2019-10-02 11:30:56,895 [pool-117-thread-1] INFO  server.RaftServerConfigKeys (ConfUtils.java:logGet(43)) - raft.server.log.appender.buffer.byte-limit = 33554432 (custom)
2019-10-02 11:30:56,895 [pool-87-thread-1] INFO  server.RaftServerConfigKeys (ConfUtils.java:logGet(43)) - raft.server.log.purge.gap = 1000000 (custom)
2019-10-02 11:30:56,893 [8af5394b-47b3-4f3f-906d-9219adfe9823@group-D23554B39B82:LeaderElection5] INFO  server.RaftServerConfigKeys (ConfUtils.java:logGet(43)) - raft.server.staging.catchup.gap = 1000 (default)
2019-10-02 11:30:56,895 [pool-57-thread-1] INFO  server.RaftServerConfigKeys (ConfUtils.java:logGet(43)) - raft.server.notification.no-leader.timeout = 120s (custom)
2019-10-02 11:30:56,905 [pool-57-thread-1] INFO  server.RaftServerConfigKeys (ConfUtils.java:logGet(43)) - raft.server.log.use.memory = false (default)
2019-10-02 11:30:56,905 [8af5394b-47b3-4f3f-906d-9219adfe9823@group-D23554B39B82:LeaderElection5] INFO  server.RaftServerConfigKeys (ConfUtils.java:logGet(43)) - raft.server.rpc.sleep.time = 25ms (default)
2019-10-02 11:30:56,905 [pool-87-thread-1] INFO  server.RaftServerConfigKeys (ConfUtils.java:logGet(43)) - raft.server.log.appender.buffer.byte-limit = 33554432 (custom)
2019-10-02 11:30:56,905 [pool-117-thread-1] INFO  server.RaftServerConfigKeys (ConfUtils.java:logGet(43)) - raft.server.log.segment.size.max = 1048576 (custom)
2019-10-02 11:30:56,897 [e5cd125e-f61d-45cf-b4cf-a13e4bd3b145@group-65ABB48B6019:LeaderElection2] INFO  server.RaftServerConfigKeys (ConfUtils.java:logGet(43)) - raft.server.rpc.sleep.time = 25ms (default)
2019-10-02 11:30:56,906 [pool-117-thread-1] INFO  server.RaftServerConfigKeys (ConfUtils.java:logGet(43)) - raft.server.log.segment.cache.num.max = 2 (custom)
2019-10-02 11:30:56,906 [pool-87-thread-1] INFO  server.RaftServerConfigKeys (ConfUtils.java:logGet(43)) - raft.server.log.segment.size.max = 1048576 (custom)
2019-10-02 11:30:56,905 [pool-57-thread-1] INFO  server.RaftServerConfigKeys (ConfUtils.java:logGet(43)) - raft.server.log.purge.gap = 1000000 (custom)
2019-10-02 11:30:56,906 [pool-87-thread-1] INFO  server.RaftServerConfigKeys (ConfUtils.java:logGet(43)) - raft.server.log.segment.cache.num.max = 2 (custom)
2019-10-02 11:30:56,906 [a37a54fb-604e-4e22-90a6-9ef2de79941b@group-6893984871ED:LeaderElection6] INFO  server.RaftServerConfigKeys (ConfUtils.java:logGet(43)) - raft.server.write.element-limit = 4096 (default)
2019-10-02 11:30:56,906 [pool-117-thread-1] INFO  segmented.SegmentedRaftLogWorker (SegmentedRaftLogWorker.java:<init>(172)) - new e5cd125e-f61d-45cf-b4cf-a13e4bd3b145@group-B499B5D26DCB-SegmentedRaftLogWorker for RaftStorage:Storage Directory /workdir/hadoop-ozone/integration-test/target/test-dir/MiniOzoneClusterImpl-5dc4b805-dc02-409a-84a0-03630345a4d3/datanode-9/data/ratis/ea0c0fbb-c99e-4d21-b5e3-b499b5d26dcb
2019-10-02 11:30:56,907 [8af5394b-47b3-4f3f-906d-9219adfe9823@group-D23554B39B82:LeaderElection5] INFO  server.RaftServerConfigKeys (ConfUtils.java:logGet(43)) - raft.server.write.element-limit = 4096 (default)
2019-10-02 11:30:56,907 [b0829514-0e81-4cb8-8158-745b805c48fc@group-DB102E65015E:LeaderElection8] INFO  server.RaftServerConfigKeys (ConfUtils.java:logGet(43)) - raft.server.write.element-limit = 4096 (default)
2019-10-02 11:30:56,907 [70fbbe32-55c4-4d97-b4b6-a87353a06c87@group-1AED904AC363:LeaderElection3] INFO  server.RaftServerConfigKeys (ConfUtils.java:logGet(43)) - raft.server.write.element-limit = 4096 (default)
2019-10-02 11:30:56,907 [bde60412-0b16-4336-9436-0525b0ae90d5@group-3FD968999142:LeaderElection7] INFO  server.RaftServerConfigKeys (ConfUtils.java:logGet(43)) - raft.server.write.element-limit = 4096 (default)
2019-10-02 11:30:56,906 [pool-87-thread-1] INFO  segmented.SegmentedRaftLogWorker (SegmentedRaftLogWorker.java:<init>(172)) - new 633590d7-4390-4d51-971d-49ea2f910c76@group-B499B5D26DCB-SegmentedRaftLogWorker for RaftStorage:Storage Directory /workdir/hadoop-ozone/integration-test/target/test-dir/MiniOzoneClusterImpl-5dc4b805-dc02-409a-84a0-03630345a4d3/datanode-6/data/ratis/ea0c0fbb-c99e-4d21-b5e3-b499b5d26dcb
2019-10-02 11:30:56,906 [d0a95d8b-e42b-4cc3-af39-f7831f0cb411@group-9BCC5182C5FB:LeaderElection9] INFO  server.RaftServerConfigKeys (ConfUtils.java:logGet(43)) - raft.server.write.element-limit = 4096 (default)
2019-10-02 11:30:56,906 [79fae529-906f-428f-a89e-b3dd78ccaa15@group-0A2D7239FBD7:LeaderElection4] INFO  server.RaftServerConfigKeys (ConfUtils.java:logGet(43)) - raft.server.write.element-limit = 4096 (default)
2019-10-02 11:30:56,906 [13f7021c-1bd2-4a97-8ed8-c7de3e147eb3@group-018A256E0AB5:LeaderElection10] INFO  server.RaftServerConfigKeys (ConfUtils.java:logGet(43)) - raft.server.write.element-limit = 4096 (default)
2019-10-02 11:30:56,906 [pool-57-thread-1] INFO  server.RaftServerConfigKeys (ConfUtils.java:logGet(43)) - raft.server.log.appender.buffer.byte-limit = 33554432 (custom)
2019-10-02 11:30:56,907 [pool-87-thread-1] INFO  server.RaftServerConfigKeys (ConfUtils.java:logGet(43)) - raft.server.log.queue.byte-limit = 2147483647 (custom)
2019-10-02 11:30:56,907 [e5cd125e-f61d-45cf-b4cf-a13e4bd3b145@group-65ABB48B6019:LeaderElection2] INFO  server.RaftServerConfigKeys (ConfUtils.java:logGet(43)) - raft.server.write.element-limit = 4096 (default)
2019-10-02 11:30:56,907 [633590d7-4390-4d51-971d-49ea2f910c76@group-AF216C99FD64:LeaderElection1] INFO  server.RaftServerConfigKeys (ConfUtils.java:logGet(43)) - raft.server.write.element-limit = 4096 (default)
2019-10-02 11:30:56,907 [pool-117-thread-1] INFO  server.RaftServerConfigKeys (ConfUtils.java:logGet(43)) - raft.server.log.queue.byte-limit = 2147483647 (custom)
2019-10-02 11:30:56,908 [pool-87-thread-1] INFO  server.RaftServerConfigKeys (ConfUtils.java:logGet(43)) - raft.server.log.queue.element-limit = 1024 (custom)
2019-10-02 11:30:56,908 [pool-57-thread-1] INFO  server.RaftServerConfigKeys (ConfUtils.java:logGet(43)) - raft.server.log.segment.size.max = 1048576 (custom)
2019-10-02 11:30:56,909 [pool-57-thread-1] INFO  server.RaftServerConfigKeys (ConfUtils.java:logGet(43)) - raft.server.log.segment.cache.num.max = 2 (custom)
2019-10-02 11:30:56,909 [pool-57-thread-1] INFO  segmented.SegmentedRaftLogWorker (SegmentedRaftLogWorker.java:<init>(172)) - new 70fbbe32-55c4-4d97-b4b6-a87353a06c87@group-B499B5D26DCB-SegmentedRaftLogWorker for RaftStorage:Storage Directory /workdir/hadoop-ozone/integration-test/target/test-dir/MiniOzoneClusterImpl-5dc4b805-dc02-409a-84a0-03630345a4d3/datanode-3/data/ratis/ea0c0fbb-c99e-4d21-b5e3-b499b5d26dcb
2019-10-02 11:30:56,909 [pool-87-thread-1] INFO  server.RaftServerConfigKeys (ConfUtils.java:logGet(43)) - raft.server.log.segment.size.max = 1048576 (custom)
2019-10-02 11:30:56,909 [pool-117-thread-1] INFO  server.RaftServerConfigKeys (ConfUtils.java:logGet(43)) - raft.server.log.queue.element-limit = 1024 (custom)
2019-10-02 11:30:56,910 [pool-87-thread-1] INFO  server.RaftServerConfigKeys (ConfUtils.java:logGet(43)) - raft.server.log.preallocated.size = 16384 (custom)
2019-10-02 11:30:56,910 [main] INFO  rpc.RpcClient (RpcClient.java:createBucket(415)) - Creating Bucket: datanodefailurehandlingtest/datanodefailurehandlingtest, with Versioning false and Storage Type set to DISK and Encryption set to false 
2019-10-02 11:30:56,909 [e5cd125e-f61d-45cf-b4cf-a13e4bd3b145@group-65ABB48B6019:LeaderElection2] INFO  server.RaftServerConfigKeys (ConfUtils.java:logGet(43)) - raft.server.watch.timeout = 10s (default)
2019-10-02 11:30:56,909 [pool-57-thread-1] INFO  server.RaftServerConfigKeys (ConfUtils.java:logGet(43)) - raft.server.log.queue.byte-limit = 2147483647 (custom)
2019-10-02 11:30:56,909 [13f7021c-1bd2-4a97-8ed8-c7de3e147eb3@group-018A256E0AB5:LeaderElection10] INFO  server.RaftServerConfigKeys (ConfUtils.java:logGet(43)) - raft.server.watch.timeout = 10s (default)
2019-10-02 11:30:56,909 [8af5394b-47b3-4f3f-906d-9219adfe9823@group-D23554B39B82:LeaderElection5] INFO  server.RaftServerConfigKeys (ConfUtils.java:logGet(43)) - raft.server.watch.timeout = 10s (default)
2019-10-02 11:30:56,909 [633590d7-4390-4d51-971d-49ea2f910c76@group-AF216C99FD64:LeaderElection1] INFO  server.RaftServerConfigKeys (ConfUtils.java:logGet(43)) - raft.server.watch.timeout = 10s (default)
2019-10-02 11:30:56,909 [d0a95d8b-e42b-4cc3-af39-f7831f0cb411@group-9BCC5182C5FB:LeaderElection9] INFO  server.RaftServerConfigKeys (ConfUtils.java:logGet(43)) - raft.server.watch.timeout = 10s (default)
2019-10-02 11:30:56,909 [79fae529-906f-428f-a89e-b3dd78ccaa15@group-0A2D7239FBD7:LeaderElection4] INFO  server.RaftServerConfigKeys (ConfUtils.java:logGet(43)) - raft.server.watch.timeout = 10s (default)
2019-10-02 11:30:56,911 [d0a95d8b-e42b-4cc3-af39-f7831f0cb411@group-9BCC5182C5FB:LeaderElection9] INFO  server.RaftServerConfigKeys (ConfUtils.java:logGet(43)) - raft.server.watch.timeout.denomination = 1s (default)
2019-10-02 11:30:56,911 [633590d7-4390-4d51-971d-49ea2f910c76@group-AF216C99FD64:LeaderElection1] INFO  server.RaftServerConfigKeys (ConfUtils.java:logGet(43)) - raft.server.watch.timeout.denomination = 1s (default)
2019-10-02 11:30:56,911 [8af5394b-47b3-4f3f-906d-9219adfe9823@group-D23554B39B82:LeaderElection5] INFO  server.RaftServerConfigKeys (ConfUtils.java:logGet(43)) - raft.server.watch.timeout.denomination = 1s (default)
2019-10-02 11:30:56,910 [13f7021c-1bd2-4a97-8ed8-c7de3e147eb3@group-018A256E0AB5:LeaderElection10] INFO  server.RaftServerConfigKeys (ConfUtils.java:logGet(43)) - raft.server.watch.timeout.denomination = 1s (default)
2019-10-02 11:30:56,910 [pool-57-thread-1] INFO  server.RaftServerConfigKeys (ConfUtils.java:logGet(43)) - raft.server.log.queue.element-limit = 1024 (custom)
2019-10-02 11:30:56,910 [e5cd125e-f61d-45cf-b4cf-a13e4bd3b145@group-65ABB48B6019:LeaderElection2] INFO  server.RaftServerConfigKeys (ConfUtils.java:logGet(43)) - raft.server.watch.timeout.denomination = 1s (default)
2019-10-02 11:30:56,910 [70fbbe32-55c4-4d97-b4b6-a87353a06c87@group-1AED904AC363:LeaderElection3] INFO  server.RaftServerConfigKeys (ConfUtils.java:logGet(43)) - raft.server.watch.timeout = 10s (default)
2019-10-02 11:30:56,910 [b0829514-0e81-4cb8-8158-745b805c48fc@group-DB102E65015E:LeaderElection8] INFO  server.RaftServerConfigKeys (ConfUtils.java:logGet(43)) - raft.server.watch.timeout = 10s (default)
2019-10-02 11:30:56,910 [bde60412-0b16-4336-9436-0525b0ae90d5@group-3FD968999142:LeaderElection7] INFO  server.RaftServerConfigKeys (ConfUtils.java:logGet(43)) - raft.server.watch.timeout = 10s (default)
2019-10-02 11:30:56,910 [a37a54fb-604e-4e22-90a6-9ef2de79941b@group-6893984871ED:LeaderElection6] INFO  server.RaftServerConfigKeys (ConfUtils.java:logGet(43)) - raft.server.watch.timeout = 10s (default)
2019-10-02 11:30:56,910 [pool-87-thread-1] INFO  server.RaftServerConfigKeys (ConfUtils.java:logGet(43)) - raft.server.log.write.buffer.size = 33554432 (custom)
2019-10-02 11:30:56,910 [pool-117-thread-1] INFO  server.RaftServerConfigKeys (ConfUtils.java:logGet(43)) - raft.server.log.segment.size.max = 1048576 (custom)
2019-10-02 11:30:56,916 [pool-87-thread-1] INFO  server.RaftServerConfigKeys (ConfUtils.java:logGet(43)) - raft.server.log.force.sync.num = 128 (default)
2019-10-02 11:30:56,915 [a37a54fb-604e-4e22-90a6-9ef2de79941b@group-6893984871ED:LeaderElection6] INFO  server.RaftServerConfigKeys (ConfUtils.java:logGet(43)) - raft.server.watch.timeout.denomination = 1s (default)
2019-10-02 11:30:56,915 [bde60412-0b16-4336-9436-0525b0ae90d5@group-3FD968999142:LeaderElection7] INFO  server.RaftServerConfigKeys (ConfUtils.java:logGet(43)) - raft.server.watch.timeout.denomination = 1s (default)
2019-10-02 11:30:56,915 [b0829514-0e81-4cb8-8158-745b805c48fc@group-DB102E65015E:LeaderElection8] INFO  server.RaftServerConfigKeys (ConfUtils.java:logGet(43)) - raft.server.watch.timeout.denomination = 1s (default)
2019-10-02 11:30:56,915 [8af5394b-47b3-4f3f-906d-9219adfe9823@group-D23554B39B82:LeaderElection5] INFO  server.RaftServerConfigKeys (ConfUtils.java:logGet(43)) - raft.server.watch.element-limit = 65536 (default)
2019-10-02 11:30:56,915 [70fbbe32-55c4-4d97-b4b6-a87353a06c87@group-1AED904AC363:LeaderElection3] INFO  server.RaftServerConfigKeys (ConfUtils.java:logGet(43)) - raft.server.watch.timeout.denomination = 1s (default)
2019-10-02 11:30:56,915 [d0a95d8b-e42b-4cc3-af39-f7831f0cb411@group-9BCC5182C5FB:LeaderElection9] INFO  server.RaftServerConfigKeys (ConfUtils.java:logGet(43)) - raft.server.watch.element-limit = 65536 (default)
2019-10-02 11:30:56,915 [13f7021c-1bd2-4a97-8ed8-c7de3e147eb3@group-018A256E0AB5:LeaderElection10] INFO  server.RaftServerConfigKeys (ConfUtils.java:logGet(43)) - raft.server.watch.element-limit = 65536 (default)
2019-10-02 11:30:56,915 [e5cd125e-f61d-45cf-b4cf-a13e4bd3b145@group-65ABB48B6019:LeaderElection2] INFO  server.RaftServerConfigKeys (ConfUtils.java:logGet(43)) - raft.server.watch.element-limit = 65536 (default)
2019-10-02 11:30:56,915 [633590d7-4390-4d51-971d-49ea2f910c76@group-AF216C99FD64:LeaderElection1] INFO  server.RaftServerConfigKeys (ConfUtils.java:logGet(43)) - raft.server.watch.element-limit = 65536 (default)
2019-10-02 11:30:56,915 [pool-57-thread-1] INFO  server.RaftServerConfigKeys (ConfUtils.java:logGet(43)) - raft.server.log.segment.size.max = 1048576 (custom)
2019-10-02 11:30:56,911 [79fae529-906f-428f-a89e-b3dd78ccaa15@group-0A2D7239FBD7:LeaderElection4] INFO  server.RaftServerConfigKeys (ConfUtils.java:logGet(43)) - raft.server.watch.timeout.denomination = 1s (default)
2019-10-02 11:30:56,917 [pool-57-thread-1] INFO  server.RaftServerConfigKeys (ConfUtils.java:logGet(43)) - raft.server.log.preallocated.size = 16384 (custom)
2019-10-02 11:30:56,918 [pool-57-thread-1] INFO  server.RaftServerConfigKeys (ConfUtils.java:logGet(43)) - raft.server.log.write.buffer.size = 33554432 (custom)
2019-10-02 11:30:56,918 [pool-57-thread-1] INFO  server.RaftServerConfigKeys (ConfUtils.java:logGet(43)) - raft.server.log.force.sync.num = 128 (default)
2019-10-02 11:30:56,917 [70fbbe32-55c4-4d97-b4b6-a87353a06c87@group-1AED904AC363:LeaderElection3] INFO  server.RaftServerConfigKeys (ConfUtils.java:logGet(43)) - raft.server.watch.element-limit = 65536 (default)
2019-10-02 11:30:56,916 [b0829514-0e81-4cb8-8158-745b805c48fc@group-DB102E65015E:LeaderElection8] INFO  server.RaftServerConfigKeys (ConfUtils.java:logGet(43)) - raft.server.watch.element-limit = 65536 (default)
2019-10-02 11:30:56,916 [bde60412-0b16-4336-9436-0525b0ae90d5@group-3FD968999142:LeaderElection7] INFO  server.RaftServerConfigKeys (ConfUtils.java:logGet(43)) - raft.server.watch.element-limit = 65536 (default)
2019-10-02 11:30:56,916 [a37a54fb-604e-4e22-90a6-9ef2de79941b@group-6893984871ED:LeaderElection6] INFO  server.RaftServerConfigKeys (ConfUtils.java:logGet(43)) - raft.server.watch.element-limit = 65536 (default)
2019-10-02 11:30:56,916 [pool-87-thread-1] INFO  server.RaftServerConfigKeys (ConfUtils.java:logGet(43)) - raft.server.log.statemachine.data.sync = true (default)
2019-10-02 11:30:56,916 [pool-117-thread-1] INFO  server.RaftServerConfigKeys (ConfUtils.java:logGet(43)) - raft.server.log.preallocated.size = 16384 (custom)
2019-10-02 11:30:56,919 [pool-87-thread-1] INFO  server.RaftServerConfigKeys (ConfUtils.java:logGet(43)) - raft.server.log.statemachine.data.sync.timeout = 10s (default)
2019-10-02 11:30:56,918 [pool-57-thread-1] INFO  server.RaftServerConfigKeys (ConfUtils.java:logGet(43)) - raft.server.log.statemachine.data.sync = true (default)
2019-10-02 11:30:56,917 [79fae529-906f-428f-a89e-b3dd78ccaa15@group-0A2D7239FBD7:LeaderElection4] INFO  server.RaftServerConfigKeys (ConfUtils.java:logGet(43)) - raft.server.watch.element-limit = 65536 (default)
2019-10-02 11:30:56,921 [pool-57-thread-1] INFO  server.RaftServerConfigKeys (ConfUtils.java:logGet(43)) - raft.server.log.statemachine.data.sync.timeout = 10s (default)
2019-10-02 11:30:56,921 [pool-87-thread-1] INFO  server.RaftServerConfigKeys (ConfUtils.java:logGet(43)) - raft.server.log.statemachine.data.sync.timeout.retry = -1 (default)
2019-10-02 11:30:56,919 [pool-117-thread-1] INFO  server.RaftServerConfigKeys (ConfUtils.java:logGet(43)) - raft.server.log.write.buffer.size = 33554432 (custom)
2019-10-02 11:30:56,922 [pool-87-thread-1] INFO  server.RaftServerConfigKeys (ConfUtils.java:logGet(43)) - raft.server.log.statemachine.data.caching.enabled = true (custom)
2019-10-02 11:30:56,921 [pool-57-thread-1] INFO  server.RaftServerConfigKeys (ConfUtils.java:logGet(43)) - raft.server.log.statemachine.data.sync.timeout.retry = -1 (default)
2019-10-02 11:30:56,922 [pool-117-thread-1] INFO  server.RaftServerConfigKeys (ConfUtils.java:logGet(43)) - raft.server.log.force.sync.num = 128 (default)
2019-10-02 11:30:56,924 [pool-87-thread-1] INFO  segmented.SegmentedRaftLogWorker (SegmentedRaftLogWorker.java:lambda$new$0(132)) - 633590d7-4390-4d51-971d-49ea2f910c76@group-B499B5D26DCB-SegmentedRaftLogWorker: flushIndex: setUnconditionally 0 -> -1
2019-10-02 11:30:56,924 [pool-57-thread-1] INFO  server.RaftServerConfigKeys (ConfUtils.java:logGet(43)) - raft.server.log.statemachine.data.caching.enabled = true (custom)
2019-10-02 11:30:56,924 [pool-87-thread-1] INFO  server.RaftServerConfigKeys (ConfUtils.java:logGet(43)) - raft.server.snapshot.auto.trigger.enabled = true (custom)
2019-10-02 11:30:56,924 [pool-117-thread-1] INFO  server.RaftServerConfigKeys (ConfUtils.java:logGet(43)) - raft.server.log.statemachine.data.sync = true (default)
2019-10-02 11:30:56,925 [pool-87-thread-1] INFO  server.RaftServerConfigKeys (ConfUtils.java:logGet(43)) - raft.server.snapshot.auto.trigger.threshold = 10000 (custom)
2019-10-02 11:30:56,925 [pool-57-thread-1] INFO  segmented.SegmentedRaftLogWorker (SegmentedRaftLogWorker.java:lambda$new$0(132)) - 70fbbe32-55c4-4d97-b4b6-a87353a06c87@group-B499B5D26DCB-SegmentedRaftLogWorker: flushIndex: setUnconditionally 0 -> -1
2019-10-02 11:30:56,925 [pool-87-thread-1] INFO  server.RaftServerConfigKeys (ConfUtils.java:logGet(43)) - raft.server.snapshot.retention.num.files = 5 (custom)
2019-10-02 11:30:56,925 [pool-117-thread-1] INFO  server.RaftServerConfigKeys (ConfUtils.java:logGet(43)) - raft.server.log.statemachine.data.sync.timeout = 10s (default)
2019-10-02 11:30:56,925 [pool-87-thread-1] INFO  server.RaftServerConfigKeys (ConfUtils.java:logGet(43)) - raft.server.retrycache.expirytime = 600000ms (custom)
2019-10-02 11:30:56,925 [pool-57-thread-1] INFO  server.RaftServerConfigKeys (ConfUtils.java:logGet(43)) - raft.server.snapshot.auto.trigger.enabled = true (custom)
2019-10-02 11:30:56,925 [pool-117-thread-1] INFO  server.RaftServerConfigKeys (ConfUtils.java:logGet(43)) - raft.server.log.statemachine.data.sync.timeout.retry = -1 (default)
2019-10-02 11:30:56,927 [pool-57-thread-1] INFO  server.RaftServerConfigKeys (ConfUtils.java:logGet(43)) - raft.server.snapshot.auto.trigger.threshold = 10000 (custom)
2019-10-02 11:30:56,927 [pool-117-thread-1] INFO  server.RaftServerConfigKeys (ConfUtils.java:logGet(43)) - raft.server.log.statemachine.data.caching.enabled = true (custom)
2019-10-02 11:30:56,928 [pool-57-thread-1] INFO  server.RaftServerConfigKeys (ConfUtils.java:logGet(43)) - raft.server.snapshot.retention.num.files = 5 (custom)
2019-10-02 11:30:56,928 [pool-117-thread-1] INFO  segmented.SegmentedRaftLogWorker (SegmentedRaftLogWorker.java:lambda$new$0(132)) - e5cd125e-f61d-45cf-b4cf-a13e4bd3b145@group-B499B5D26DCB-SegmentedRaftLogWorker: flushIndex: setUnconditionally 0 -> -1
2019-10-02 11:30:56,928 [pool-57-thread-1] INFO  server.RaftServerConfigKeys (ConfUtils.java:logGet(43)) - raft.server.retrycache.expirytime = 600000ms (custom)
2019-10-02 11:30:56,928 [pool-117-thread-1] INFO  server.RaftServerConfigKeys (ConfUtils.java:logGet(43)) - raft.server.snapshot.auto.trigger.enabled = true (custom)
2019-10-02 11:30:56,928 [pool-117-thread-1] INFO  server.RaftServerConfigKeys (ConfUtils.java:logGet(43)) - raft.server.snapshot.auto.trigger.threshold = 10000 (custom)
2019-10-02 11:30:56,928 [pool-117-thread-1] INFO  server.RaftServerConfigKeys (ConfUtils.java:logGet(43)) - raft.server.snapshot.retention.num.files = 5 (custom)
2019-10-02 11:30:56,929 [pool-117-thread-1] INFO  server.RaftServerConfigKeys (ConfUtils.java:logGet(43)) - raft.server.retrycache.expirytime = 600000ms (custom)
2019-10-02 11:30:56,936 [d0a95d8b-e42b-4cc3-af39-f7831f0cb411@group-9BCC5182C5FB:LeaderElection9] INFO  impl.RoleInfo (RoleInfo.java:updateAndGet(143)) - d0a95d8b-e42b-4cc3-af39-f7831f0cb411: start LeaderState
2019-10-02 11:30:56,940 [70fbbe32-55c4-4d97-b4b6-a87353a06c87@group-1AED904AC363:LeaderElection3] INFO  impl.RoleInfo (RoleInfo.java:updateAndGet(143)) - 70fbbe32-55c4-4d97-b4b6-a87353a06c87: start LeaderState
2019-10-02 11:30:56,942 [bde60412-0b16-4336-9436-0525b0ae90d5@group-3FD968999142:LeaderElection7] INFO  impl.RoleInfo (RoleInfo.java:updateAndGet(143)) - bde60412-0b16-4336-9436-0525b0ae90d5: start LeaderState
2019-10-02 11:30:56,944 [633590d7-4390-4d51-971d-49ea2f910c76@group-AF216C99FD64:LeaderElection1] INFO  impl.RoleInfo (RoleInfo.java:updateAndGet(143)) - 633590d7-4390-4d51-971d-49ea2f910c76: start LeaderState
2019-10-02 11:30:56,945 [8af5394b-47b3-4f3f-906d-9219adfe9823@group-D23554B39B82:LeaderElection5] INFO  impl.RoleInfo (RoleInfo.java:updateAndGet(143)) - 8af5394b-47b3-4f3f-906d-9219adfe9823: start LeaderState
2019-10-02 11:30:56,945 [e5cd125e-f61d-45cf-b4cf-a13e4bd3b145@group-65ABB48B6019:LeaderElection2] INFO  impl.RoleInfo (RoleInfo.java:updateAndGet(143)) - e5cd125e-f61d-45cf-b4cf-a13e4bd3b145: start LeaderState
2019-10-02 11:30:56,946 [79fae529-906f-428f-a89e-b3dd78ccaa15@group-0A2D7239FBD7:LeaderElection4] INFO  impl.RoleInfo (RoleInfo.java:updateAndGet(143)) - 79fae529-906f-428f-a89e-b3dd78ccaa15: start LeaderState
2019-10-02 11:30:56,946 [a37a54fb-604e-4e22-90a6-9ef2de79941b@group-6893984871ED:LeaderElection6] INFO  impl.RoleInfo (RoleInfo.java:updateAndGet(143)) - a37a54fb-604e-4e22-90a6-9ef2de79941b: start LeaderState
2019-10-02 11:30:56,947 [b0829514-0e81-4cb8-8158-745b805c48fc@group-DB102E65015E:LeaderElection8] INFO  impl.RoleInfo (RoleInfo.java:updateAndGet(143)) - b0829514-0e81-4cb8-8158-745b805c48fc: start LeaderState
2019-10-02 11:30:56,947 [13f7021c-1bd2-4a97-8ed8-c7de3e147eb3@group-018A256E0AB5:LeaderElection10] INFO  impl.RoleInfo (RoleInfo.java:updateAndGet(143)) - 13f7021c-1bd2-4a97-8ed8-c7de3e147eb3: start LeaderState
2019-10-02 11:30:56,947 [pool-57-thread-1] INFO  impl.RaftServerImpl (RaftServerImpl.java:start(185)) - 70fbbe32-55c4-4d97-b4b6-a87353a06c87@group-B499B5D26DCB: start as a follower, conf=-1: [e5cd125e-f61d-45cf-b4cf-a13e4bd3b145:192.168.151.102:36084, 70fbbe32-55c4-4d97-b4b6-a87353a06c87:192.168.151.102:40051, 633590d7-4390-4d51-971d-49ea2f910c76:192.168.151.102:37552], old=null
2019-10-02 11:30:56,948 [pool-117-thread-1] INFO  impl.RaftServerImpl (RaftServerImpl.java:start(185)) - e5cd125e-f61d-45cf-b4cf-a13e4bd3b145@group-B499B5D26DCB: start as a follower, conf=-1: [e5cd125e-f61d-45cf-b4cf-a13e4bd3b145:192.168.151.102:36084, 70fbbe32-55c4-4d97-b4b6-a87353a06c87:192.168.151.102:40051, 633590d7-4390-4d51-971d-49ea2f910c76:192.168.151.102:37552], old=null
2019-10-02 11:30:56,948 [pool-57-thread-1] INFO  impl.RaftServerImpl (RaftServerImpl.java:setRole(174)) - 70fbbe32-55c4-4d97-b4b6-a87353a06c87@group-B499B5D26DCB: changes role from      null to FOLLOWER at term 0 for startAsFollower
2019-10-02 11:30:56,948 [pool-87-thread-1] INFO  impl.RaftServerImpl (RaftServerImpl.java:start(185)) - 633590d7-4390-4d51-971d-49ea2f910c76@group-B499B5D26DCB: start as a follower, conf=-1: [e5cd125e-f61d-45cf-b4cf-a13e4bd3b145:192.168.151.102:36084, 70fbbe32-55c4-4d97-b4b6-a87353a06c87:192.168.151.102:40051, 633590d7-4390-4d51-971d-49ea2f910c76:192.168.151.102:37552], old=null
2019-10-02 11:30:56,948 [pool-57-thread-1] INFO  impl.RoleInfo (RoleInfo.java:updateAndGet(143)) - 70fbbe32-55c4-4d97-b4b6-a87353a06c87: start FollowerState
2019-10-02 11:30:56,948 [pool-117-thread-1] INFO  impl.RaftServerImpl (RaftServerImpl.java:setRole(174)) - e5cd125e-f61d-45cf-b4cf-a13e4bd3b145@group-B499B5D26DCB: changes role from      null to FOLLOWER at term 0 for startAsFollower
2019-10-02 11:30:56,948 [pool-87-thread-1] INFO  impl.RaftServerImpl (RaftServerImpl.java:setRole(174)) - 633590d7-4390-4d51-971d-49ea2f910c76@group-B499B5D26DCB: changes role from      null to FOLLOWER at term 0 for startAsFollower
2019-10-02 11:30:56,948 [pool-57-thread-1] INFO  util.JmxRegister (JmxRegister.java:tryRegister(44)) - Successfully registered JMX Bean with object name Ratis:service=RaftServer,group=group-B499B5D26DCB,id=70fbbe32-55c4-4d97-b4b6-a87353a06c87
2019-10-02 11:30:56,948 [pool-117-thread-1] INFO  impl.RoleInfo (RoleInfo.java:updateAndGet(143)) - e5cd125e-f61d-45cf-b4cf-a13e4bd3b145: start FollowerState
2019-10-02 11:30:56,948 [pool-87-thread-1] INFO  impl.RoleInfo (RoleInfo.java:updateAndGet(143)) - 633590d7-4390-4d51-971d-49ea2f910c76: start FollowerState
2019-10-02 11:30:56,949 [pool-117-thread-1] INFO  util.JmxRegister (JmxRegister.java:tryRegister(44)) - Successfully registered JMX Bean with object name Ratis:service=RaftServer,group=group-B499B5D26DCB,id=e5cd125e-f61d-45cf-b4cf-a13e4bd3b145
2019-10-02 11:30:56,949 [pool-87-thread-1] INFO  util.JmxRegister (JmxRegister.java:tryRegister(44)) - Successfully registered JMX Bean with object name Ratis:service=RaftServer,group=group-B499B5D26DCB,id=633590d7-4390-4d51-971d-49ea2f910c76
2019-10-02 11:30:56,981 [RatisPipelineUtilsThread] INFO  pipeline.PipelineStateManager (PipelineStateManager.java:addPipeline(56)) - Created pipeline Pipeline[ Id: ea0c0fbb-c99e-4d21-b5e3-b499b5d26dcb, Nodes: 633590d7-4390-4d51-971d-49ea2f910c76{ip: 192.168.151.102, host: pr-hdds-2164-trunk-xhc96-1404769113, networkLocation: /default-rack, certSerialId: null}e5cd125e-f61d-45cf-b4cf-a13e4bd3b145{ip: 192.168.151.102, host: pr-hdds-2164-trunk-xhc96-1404769113, networkLocation: /default-rack, certSerialId: null}70fbbe32-55c4-4d97-b4b6-a87353a06c87{ip: 192.168.151.102, host: pr-hdds-2164-trunk-xhc96-1404769113, networkLocation: /default-rack, certSerialId: null}, Type:RATIS, Factor:THREE, State:OPEN]
2019-10-02 11:30:56,991 [e5cd125e-f61d-45cf-b4cf-a13e4bd3b145@group-65ABB48B6019:LeaderElection2] INFO  segmented.SegmentedRaftLogWorker (SegmentedRaftLogWorker.java:startLogSegment(380)) - e5cd125e-f61d-45cf-b4cf-a13e4bd3b145@group-65ABB48B6019-SegmentedRaftLogWorker: Starting segment from index:0
2019-10-02 11:30:56,991 [bde60412-0b16-4336-9436-0525b0ae90d5@group-3FD968999142:LeaderElection7] INFO  segmented.SegmentedRaftLogWorker (SegmentedRaftLogWorker.java:startLogSegment(380)) - bde60412-0b16-4336-9436-0525b0ae90d5@group-3FD968999142-SegmentedRaftLogWorker: Starting segment from index:0
2019-10-02 11:30:56,991 [8af5394b-47b3-4f3f-906d-9219adfe9823@group-D23554B39B82:LeaderElection5] INFO  segmented.SegmentedRaftLogWorker (SegmentedRaftLogWorker.java:startLogSegment(380)) - 8af5394b-47b3-4f3f-906d-9219adfe9823@group-D23554B39B82-SegmentedRaftLogWorker: Starting segment from index:0
2019-10-02 11:30:56,991 [70fbbe32-55c4-4d97-b4b6-a87353a06c87@group-1AED904AC363:LeaderElection3] INFO  segmented.SegmentedRaftLogWorker (SegmentedRaftLogWorker.java:startLogSegment(380)) - 70fbbe32-55c4-4d97-b4b6-a87353a06c87@group-1AED904AC363-SegmentedRaftLogWorker: Starting segment from index:0
2019-10-02 11:30:56,991 [79fae529-906f-428f-a89e-b3dd78ccaa15@group-0A2D7239FBD7:LeaderElection4] INFO  segmented.SegmentedRaftLogWorker (SegmentedRaftLogWorker.java:startLogSegment(380)) - 79fae529-906f-428f-a89e-b3dd78ccaa15@group-0A2D7239FBD7-SegmentedRaftLogWorker: Starting segment from index:0
2019-10-02 11:30:56,991 [b0829514-0e81-4cb8-8158-745b805c48fc@group-DB102E65015E:LeaderElection8] INFO  segmented.SegmentedRaftLogWorker (SegmentedRaftLogWorker.java:startLogSegment(380)) - b0829514-0e81-4cb8-8158-745b805c48fc@group-DB102E65015E-SegmentedRaftLogWorker: Starting segment from index:0
2019-10-02 11:30:56,991 [633590d7-4390-4d51-971d-49ea2f910c76@group-AF216C99FD64:LeaderElection1] INFO  segmented.SegmentedRaftLogWorker (SegmentedRaftLogWorker.java:startLogSegment(380)) - 633590d7-4390-4d51-971d-49ea2f910c76@group-AF216C99FD64-SegmentedRaftLogWorker: Starting segment from index:0
2019-10-02 11:30:56,991 [a37a54fb-604e-4e22-90a6-9ef2de79941b@group-6893984871ED:LeaderElection6] INFO  segmented.SegmentedRaftLogWorker (SegmentedRaftLogWorker.java:startLogSegment(380)) - a37a54fb-604e-4e22-90a6-9ef2de79941b@group-6893984871ED-SegmentedRaftLogWorker: Starting segment from index:0
2019-10-02 11:30:56,991 [13f7021c-1bd2-4a97-8ed8-c7de3e147eb3@group-018A256E0AB5:LeaderElection10] INFO  segmented.SegmentedRaftLogWorker (SegmentedRaftLogWorker.java:startLogSegment(380)) - 13f7021c-1bd2-4a97-8ed8-c7de3e147eb3@group-018A256E0AB5-SegmentedRaftLogWorker: Starting segment from index:0
2019-10-02 11:30:56,991 [d0a95d8b-e42b-4cc3-af39-f7831f0cb411@group-9BCC5182C5FB:LeaderElection9] INFO  segmented.SegmentedRaftLogWorker (SegmentedRaftLogWorker.java:startLogSegment(380)) - d0a95d8b-e42b-4cc3-af39-f7831f0cb411@group-9BCC5182C5FB-SegmentedRaftLogWorker: Starting segment from index:0
2019-10-02 11:30:57,009 [grpc-default-executor-2] INFO  impl.RaftServerProxy (RaftServerProxy.java:addNew(89)) - 8af5394b-47b3-4f3f-906d-9219adfe9823: addNew group-123F43983AAF:[8af5394b-47b3-4f3f-906d-9219adfe9823:192.168.151.102:33268, 79fae529-906f-428f-a89e-b3dd78ccaa15:192.168.151.102:42043, a37a54fb-604e-4e22-90a6-9ef2de79941b:192.168.151.102:39954] returns group-123F43983AAF:java.util.concurrent.CompletableFuture@507f1d16[Not completed]
2019-10-02 11:30:57,013 [grpc-default-executor-0] INFO  impl.RaftServerProxy (RaftServerProxy.java:addNew(89)) - 79fae529-906f-428f-a89e-b3dd78ccaa15: addNew group-123F43983AAF:[8af5394b-47b3-4f3f-906d-9219adfe9823:192.168.151.102:33268, 79fae529-906f-428f-a89e-b3dd78ccaa15:192.168.151.102:42043, a37a54fb-604e-4e22-90a6-9ef2de79941b:192.168.151.102:39954] returns group-123F43983AAF:java.util.concurrent.CompletableFuture@71966f21[Not completed]
2019-10-02 11:30:57,013 [pool-107-thread-1] INFO  impl.RaftServerImpl (RaftServerImpl.java:<init>(95)) - 8af5394b-47b3-4f3f-906d-9219adfe9823: new RaftServerImpl for group-123F43983AAF:[8af5394b-47b3-4f3f-906d-9219adfe9823:192.168.151.102:33268, 79fae529-906f-428f-a89e-b3dd78ccaa15:192.168.151.102:42043, a37a54fb-604e-4e22-90a6-9ef2de79941b:192.168.151.102:39954] with ContainerStateMachine:uninitialized
2019-10-02 11:30:57,012 [grpc-default-executor-1] INFO  impl.RaftServerProxy (RaftServerProxy.java:addNew(89)) - a37a54fb-604e-4e22-90a6-9ef2de79941b: addNew group-123F43983AAF:[8af5394b-47b3-4f3f-906d-9219adfe9823:192.168.151.102:33268, 79fae529-906f-428f-a89e-b3dd78ccaa15:192.168.151.102:42043, a37a54fb-604e-4e22-90a6-9ef2de79941b:192.168.151.102:39954] returns group-123F43983AAF:java.util.concurrent.CompletableFuture@2c313855[Not completed]
2019-10-02 11:30:57,015 [pool-107-thread-1] INFO  server.RaftServerConfigKeys (ConfUtils.java:logGet(43)) - raft.server.rpc.timeout.min = 1s (custom)
2019-10-02 11:30:57,013 [pool-77-thread-1] INFO  impl.RaftServerImpl (RaftServerImpl.java:<init>(95)) - a37a54fb-604e-4e22-90a6-9ef2de79941b: new RaftServerImpl for group-123F43983AAF:[8af5394b-47b3-4f3f-906d-9219adfe9823:192.168.151.102:33268, 79fae529-906f-428f-a89e-b3dd78ccaa15:192.168.151.102:42043, a37a54fb-604e-4e22-90a6-9ef2de79941b:192.168.151.102:39954] with ContainerStateMachine:uninitialized
2019-10-02 11:30:57,016 [pool-67-thread-1] INFO  impl.RaftServerImpl (RaftServerImpl.java:<init>(95)) - 79fae529-906f-428f-a89e-b3dd78ccaa15: new RaftServerImpl for group-123F43983AAF:[8af5394b-47b3-4f3f-906d-9219adfe9823:192.168.151.102:33268, 79fae529-906f-428f-a89e-b3dd78ccaa15:192.168.151.102:42043, a37a54fb-604e-4e22-90a6-9ef2de79941b:192.168.151.102:39954] with ContainerStateMachine:uninitialized
2019-10-02 11:30:57,016 [pool-107-thread-1] INFO  server.RaftServerConfigKeys (ConfUtils.java:logGet(43)) - raft.server.rpc.timeout.max = 1200ms (custom)
2019-10-02 11:30:57,016 [pool-107-thread-1] INFO  server.RaftServerConfigKeys (ConfUtils.java:logGet(43)) - raft.server.rpcslowness.timeout = 120s (custom)
2019-10-02 11:30:57,016 [pool-107-thread-1] INFO  server.RaftServerConfigKeys (ConfUtils.java:logGet(43)) - raft.server.sleep.deviation.threshold = 300 (default)
2019-10-02 11:30:57,016 [pool-107-thread-1] INFO  server.RaftServerConfigKeys (ConfUtils.java:logGet(43)) - raft.server.log.appender.install.snapshot.enabled = false (custom)
2019-10-02 11:30:57,016 [pool-107-thread-1] INFO  impl.RaftServerImpl (ServerState.java:<init>(103)) - 8af5394b-47b3-4f3f-906d-9219adfe9823@group-123F43983AAF: ConfigurationManager, init=-1: [8af5394b-47b3-4f3f-906d-9219adfe9823:192.168.151.102:33268, 79fae529-906f-428f-a89e-b3dd78ccaa15:192.168.151.102:42043, a37a54fb-604e-4e22-90a6-9ef2de79941b:192.168.151.102:39954], old=null, confs=<EMPTY_MAP>
2019-10-02 11:30:57,018 [70fbbe32-55c4-4d97-b4b6-a87353a06c87@group-1AED904AC363:LeaderElection3] INFO  impl.RaftServerImpl (ServerState.java:setRaftConf(354)) - 70fbbe32-55c4-4d97-b4b6-a87353a06c87@group-1AED904AC363: set configuration 0: [70fbbe32-55c4-4d97-b4b6-a87353a06c87:192.168.151.102:40051], old=null at 0
2019-10-02 11:30:57,018 [8af5394b-47b3-4f3f-906d-9219adfe9823@group-D23554B39B82:LeaderElection5] INFO  impl.RaftServerImpl (ServerState.java:setRaftConf(354)) - 8af5394b-47b3-4f3f-906d-9219adfe9823@group-D23554B39B82: set configuration 0: [8af5394b-47b3-4f3f-906d-9219adfe9823:192.168.151.102:33268], old=null at 0
2019-10-02 11:30:57,018 [a37a54fb-604e-4e22-90a6-9ef2de79941b@group-6893984871ED:LeaderElection6] INFO  impl.RaftServerImpl (ServerState.java:setRaftConf(354)) - a37a54fb-604e-4e22-90a6-9ef2de79941b@group-6893984871ED: set configuration 0: [a37a54fb-604e-4e22-90a6-9ef2de79941b:192.168.151.102:39954], old=null at 0
2019-10-02 11:30:57,018 [bde60412-0b16-4336-9436-0525b0ae90d5@group-3FD968999142:LeaderElection7] INFO  impl.RaftServerImpl (ServerState.java:setRaftConf(354)) - bde60412-0b16-4336-9436-0525b0ae90d5@group-3FD968999142: set configuration 0: [bde60412-0b16-4336-9436-0525b0ae90d5:192.168.151.102:39704], old=null at 0
2019-10-02 11:30:57,018 [13f7021c-1bd2-4a97-8ed8-c7de3e147eb3@group-018A256E0AB5:LeaderElection10] INFO  impl.RaftServerImpl (ServerState.java:setRaftConf(354)) - 13f7021c-1bd2-4a97-8ed8-c7de3e147eb3@group-018A256E0AB5: set configuration 0: [13f7021c-1bd2-4a97-8ed8-c7de3e147eb3:192.168.151.102:43168], old=null at 0
2019-10-02 11:30:57,018 [79fae529-906f-428f-a89e-b3dd78ccaa15@group-0A2D7239FBD7:LeaderElection4] INFO  impl.RaftServerImpl (ServerState.java:setRaftConf(354)) - 79fae529-906f-428f-a89e-b3dd78ccaa15@group-0A2D7239FBD7: set configuration 0: [79fae529-906f-428f-a89e-b3dd78ccaa15:192.168.151.102:42043], old=null at 0
2019-10-02 11:30:57,018 [633590d7-4390-4d51-971d-49ea2f910c76@group-AF216C99FD64:LeaderElection1] INFO  impl.RaftServerImpl (ServerState.java:setRaftConf(354)) - 633590d7-4390-4d51-971d-49ea2f910c76@group-AF216C99FD64: set configuration 0: [633590d7-4390-4d51-971d-49ea2f910c76:192.168.151.102:37552], old=null at 0
2019-10-02 11:30:57,018 [d0a95d8b-e42b-4cc3-af39-f7831f0cb411@group-9BCC5182C5FB:LeaderElection9] INFO  impl.RaftServerImpl (ServerState.java:setRaftConf(354)) - d0a95d8b-e42b-4cc3-af39-f7831f0cb411@group-9BCC5182C5FB: set configuration 0: [d0a95d8b-e42b-4cc3-af39-f7831f0cb411:192.168.151.102:40932], old=null at 0
2019-10-02 11:30:57,018 [e5cd125e-f61d-45cf-b4cf-a13e4bd3b145@group-65ABB48B6019:LeaderElection2] INFO  impl.RaftServerImpl (ServerState.java:setRaftConf(354)) - e5cd125e-f61d-45cf-b4cf-a13e4bd3b145@group-65ABB48B6019: set configuration 0: [e5cd125e-f61d-45cf-b4cf-a13e4bd3b145:192.168.151.102:36084], old=null at 0
2019-10-02 11:30:57,018 [pool-67-thread-1] INFO  server.RaftServerConfigKeys (ConfUtils.java:logGet(43)) - raft.server.rpc.timeout.min = 1s (custom)
2019-10-02 11:30:57,018 [pool-77-thread-1] INFO  server.RaftServerConfigKeys (ConfUtils.java:logGet(43)) - raft.server.rpc.timeout.min = 1s (custom)
2019-10-02 11:30:57,034 [pool-67-thread-1] INFO  server.RaftServerConfigKeys (ConfUtils.java:logGet(43)) - raft.server.rpc.timeout.max = 1200ms (custom)
2019-10-02 11:30:57,019 [b0829514-0e81-4cb8-8158-745b805c48fc@group-DB102E65015E:LeaderElection8] INFO  impl.RaftServerImpl (ServerState.java:setRaftConf(354)) - b0829514-0e81-4cb8-8158-745b805c48fc@group-DB102E65015E: set configuration 0: [b0829514-0e81-4cb8-8158-745b805c48fc:192.168.151.102:37479], old=null at 0
2019-10-02 11:30:57,019 [pool-107-thread-1] INFO  server.RaftServerConfigKeys (ConfUtils.java:logGet(43)) - raft.server.storage.dir = [/workdir/hadoop-ozone/integration-test/target/test-dir/MiniOzoneClusterImpl-5dc4b805-dc02-409a-84a0-03630345a4d3/datanode-8/data/ratis] (custom)
2019-10-02 11:30:57,034 [pool-67-thread-1] INFO  server.RaftServerConfigKeys (ConfUtils.java:logGet(43)) - raft.server.rpcslowness.timeout = 120s (custom)
2019-10-02 11:30:57,034 [pool-77-thread-1] INFO  server.RaftServerConfigKeys (ConfUtils.java:logGet(43)) - raft.server.rpc.timeout.max = 1200ms (custom)
2019-10-02 11:30:57,036 [pool-67-thread-1] INFO  server.RaftServerConfigKeys (ConfUtils.java:logGet(43)) - raft.server.sleep.deviation.threshold = 300 (default)
2019-10-02 11:30:57,036 [pool-107-thread-1] INFO  storage.RaftStorageDirectory (RaftStorageDirectory.java:analyzeStorage(246)) - The storage directory /workdir/hadoop-ozone/integration-test/target/test-dir/MiniOzoneClusterImpl-5dc4b805-dc02-409a-84a0-03630345a4d3/datanode-8/data/ratis/d470fcc1-d05e-43dc-9ac4-123f43983aaf does not exist. Creating ...
2019-10-02 11:30:57,036 [pool-77-thread-1] INFO  server.RaftServerConfigKeys (ConfUtils.java:logGet(43)) - raft.server.rpcslowness.timeout = 120s (custom)
2019-10-02 11:30:57,036 [pool-67-thread-1] INFO  server.RaftServerConfigKeys (ConfUtils.java:logGet(43)) - raft.server.log.appender.install.snapshot.enabled = false (custom)
2019-10-02 11:30:57,036 [pool-67-thread-1] INFO  impl.RaftServerImpl (ServerState.java:<init>(103)) - 79fae529-906f-428f-a89e-b3dd78ccaa15@group-123F43983AAF: ConfigurationManager, init=-1: [8af5394b-47b3-4f3f-906d-9219adfe9823:192.168.151.102:33268, 79fae529-906f-428f-a89e-b3dd78ccaa15:192.168.151.102:42043, a37a54fb-604e-4e22-90a6-9ef2de79941b:192.168.151.102:39954], old=null, confs=<EMPTY_MAP>
2019-10-02 11:30:57,036 [pool-67-thread-1] INFO  server.RaftServerConfigKeys (ConfUtils.java:logGet(43)) - raft.server.storage.dir = [/workdir/hadoop-ozone/integration-test/target/test-dir/MiniOzoneClusterImpl-5dc4b805-dc02-409a-84a0-03630345a4d3/datanode-4/data/ratis] (custom)
2019-10-02 11:30:57,036 [pool-67-thread-1] INFO  storage.RaftStorageDirectory (RaftStorageDirectory.java:analyzeStorage(246)) - The storage directory /workdir/hadoop-ozone/integration-test/target/test-dir/MiniOzoneClusterImpl-5dc4b805-dc02-409a-84a0-03630345a4d3/datanode-4/data/ratis/d470fcc1-d05e-43dc-9ac4-123f43983aaf does not exist. Creating ...
2019-10-02 11:30:57,036 [pool-77-thread-1] INFO  server.RaftServerConfigKeys (ConfUtils.java:logGet(43)) - raft.server.sleep.deviation.threshold = 300 (default)
2019-10-02 11:30:57,037 [pool-77-thread-1] INFO  server.RaftServerConfigKeys (ConfUtils.java:logGet(43)) - raft.server.log.appender.install.snapshot.enabled = false (custom)
2019-10-02 11:30:57,037 [pool-77-thread-1] INFO  impl.RaftServerImpl (ServerState.java:<init>(103)) - a37a54fb-604e-4e22-90a6-9ef2de79941b@group-123F43983AAF: ConfigurationManager, init=-1: [8af5394b-47b3-4f3f-906d-9219adfe9823:192.168.151.102:33268, 79fae529-906f-428f-a89e-b3dd78ccaa15:192.168.151.102:42043, a37a54fb-604e-4e22-90a6-9ef2de79941b:192.168.151.102:39954], old=null, confs=<EMPTY_MAP>
2019-10-02 11:30:57,037 [pool-77-thread-1] INFO  server.RaftServerConfigKeys (ConfUtils.java:logGet(43)) - raft.server.storage.dir = [/workdir/hadoop-ozone/integration-test/target/test-dir/MiniOzoneClusterImpl-5dc4b805-dc02-409a-84a0-03630345a4d3/datanode-5/data/ratis] (custom)
2019-10-02 11:30:57,038 [pool-77-thread-1] INFO  storage.RaftStorageDirectory (RaftStorageDirectory.java:analyzeStorage(246)) - The storage directory /workdir/hadoop-ozone/integration-test/target/test-dir/MiniOzoneClusterImpl-5dc4b805-dc02-409a-84a0-03630345a4d3/datanode-5/data/ratis/d470fcc1-d05e-43dc-9ac4-123f43983aaf does not exist. Creating ...
2019-10-02 11:30:57,049 [pool-77-thread-1] INFO  storage.RaftStorageDirectory (RaftStorageDirectory.java:tryLock(328)) - Lock on /workdir/hadoop-ozone/integration-test/target/test-dir/MiniOzoneClusterImpl-5dc4b805-dc02-409a-84a0-03630345a4d3/datanode-5/data/ratis/d470fcc1-d05e-43dc-9ac4-123f43983aaf/in_use.lock acquired by nodename 4478@pr-hdds-2164-trunk-xhc96-1404769113
2019-10-02 11:30:57,049 [pool-107-thread-1] INFO  storage.RaftStorageDirectory (RaftStorageDirectory.java:tryLock(328)) - Lock on /workdir/hadoop-ozone/integration-test/target/test-dir/MiniOzoneClusterImpl-5dc4b805-dc02-409a-84a0-03630345a4d3/datanode-8/data/ratis/d470fcc1-d05e-43dc-9ac4-123f43983aaf/in_use.lock acquired by nodename 4478@pr-hdds-2164-trunk-xhc96-1404769113
2019-10-02 11:30:57,049 [pool-67-thread-1] INFO  storage.RaftStorageDirectory (RaftStorageDirectory.java:tryLock(328)) - Lock on /workdir/hadoop-ozone/integration-test/target/test-dir/MiniOzoneClusterImpl-5dc4b805-dc02-409a-84a0-03630345a4d3/datanode-4/data/ratis/d470fcc1-d05e-43dc-9ac4-123f43983aaf/in_use.lock acquired by nodename 4478@pr-hdds-2164-trunk-xhc96-1404769113
2019-10-02 11:30:57,065 [pool-107-thread-1] INFO  storage.RaftStorage (RaftStorage.java:format(72)) - Storage directory /workdir/hadoop-ozone/integration-test/target/test-dir/MiniOzoneClusterImpl-5dc4b805-dc02-409a-84a0-03630345a4d3/datanode-8/data/ratis/d470fcc1-d05e-43dc-9ac4-123f43983aaf has been successfully formatted.
2019-10-02 11:30:57,065 [pool-67-thread-1] INFO  storage.RaftStorage (RaftStorage.java:format(72)) - Storage directory /workdir/hadoop-ozone/integration-test/target/test-dir/MiniOzoneClusterImpl-5dc4b805-dc02-409a-84a0-03630345a4d3/datanode-4/data/ratis/d470fcc1-d05e-43dc-9ac4-123f43983aaf has been successfully formatted.
2019-10-02 11:30:57,065 [pool-77-thread-1] INFO  storage.RaftStorage (RaftStorage.java:format(72)) - Storage directory /workdir/hadoop-ozone/integration-test/target/test-dir/MiniOzoneClusterImpl-5dc4b805-dc02-409a-84a0-03630345a4d3/datanode-5/data/ratis/d470fcc1-d05e-43dc-9ac4-123f43983aaf has been successfully formatted.
2019-10-02 11:30:57,065 [pool-67-thread-1] INFO  ratis.ContainerStateMachine (ContainerStateMachine.java:loadSnapshot(230)) - group-123F43983AAF: The snapshot info is null. Setting the last applied indexto:(t:0, i:~)
2019-10-02 11:30:57,065 [pool-77-thread-1] INFO  ratis.ContainerStateMachine (ContainerStateMachine.java:loadSnapshot(230)) - group-123F43983AAF: The snapshot info is null. Setting the last applied indexto:(t:0, i:~)
2019-10-02 11:30:57,065 [pool-77-thread-1] INFO  server.RaftServerConfigKeys (ConfUtils.java:logGet(43)) - raft.server.notification.no-leader.timeout = 120s (custom)
2019-10-02 11:30:57,065 [pool-77-thread-1] INFO  server.RaftServerConfigKeys (ConfUtils.java:logGet(43)) - raft.server.log.use.memory = false (default)
2019-10-02 11:30:57,066 [pool-77-thread-1] INFO  server.RaftServerConfigKeys (ConfUtils.java:logGet(43)) - raft.server.log.purge.gap = 1000000 (custom)
2019-10-02 11:30:57,066 [pool-77-thread-1] INFO  server.RaftServerConfigKeys (ConfUtils.java:logGet(43)) - raft.server.log.appender.buffer.byte-limit = 33554432 (custom)
2019-10-02 11:30:57,066 [pool-77-thread-1] INFO  server.RaftServerConfigKeys (ConfUtils.java:logGet(43)) - raft.server.log.segment.size.max = 1048576 (custom)
2019-10-02 11:30:57,066 [pool-77-thread-1] INFO  server.RaftServerConfigKeys (ConfUtils.java:logGet(43)) - raft.server.log.segment.cache.num.max = 2 (custom)
2019-10-02 11:30:57,066 [pool-77-thread-1] INFO  segmented.SegmentedRaftLogWorker (SegmentedRaftLogWorker.java:<init>(172)) - new a37a54fb-604e-4e22-90a6-9ef2de79941b@group-123F43983AAF-SegmentedRaftLogWorker for RaftStorage:Storage Directory /workdir/hadoop-ozone/integration-test/target/test-dir/MiniOzoneClusterImpl-5dc4b805-dc02-409a-84a0-03630345a4d3/datanode-5/data/ratis/d470fcc1-d05e-43dc-9ac4-123f43983aaf
2019-10-02 11:30:57,066 [pool-77-thread-1] INFO  server.RaftServerConfigKeys (ConfUtils.java:logGet(43)) - raft.server.log.queue.byte-limit = 2147483647 (custom)
2019-10-02 11:30:57,066 [pool-77-thread-1] INFO  server.RaftServerConfigKeys (ConfUtils.java:logGet(43)) - raft.server.log.queue.element-limit = 1024 (custom)
2019-10-02 11:30:57,066 [pool-77-thread-1] INFO  server.RaftServerConfigKeys (ConfUtils.java:logGet(43)) - raft.server.log.segment.size.max = 1048576 (custom)
2019-10-02 11:30:57,067 [pool-77-thread-1] INFO  server.RaftServerConfigKeys (ConfUtils.java:logGet(43)) - raft.server.log.preallocated.size = 16384 (custom)
2019-10-02 11:30:57,067 [pool-77-thread-1] INFO  server.RaftServerConfigKeys (ConfUtils.java:logGet(43)) - raft.server.log.write.buffer.size = 33554432 (custom)
2019-10-02 11:30:57,067 [pool-77-thread-1] INFO  server.RaftServerConfigKeys (ConfUtils.java:logGet(43)) - raft.server.log.force.sync.num = 128 (default)
2019-10-02 11:30:57,065 [pool-107-thread-1] INFO  ratis.ContainerStateMachine (ContainerStateMachine.java:loadSnapshot(230)) - group-123F43983AAF: The snapshot info is null. Setting the last applied indexto:(t:0, i:~)
2019-10-02 11:30:57,067 [pool-77-thread-1] INFO  server.RaftServerConfigKeys (ConfUtils.java:logGet(43)) - raft.server.log.statemachine.data.sync = true (default)
2019-10-02 11:30:57,065 [pool-67-thread-1] INFO  server.RaftServerConfigKeys (ConfUtils.java:logGet(43)) - raft.server.notification.no-leader.timeout = 120s (custom)
2019-10-02 11:30:57,067 [pool-77-thread-1] INFO  server.RaftServerConfigKeys (ConfUtils.java:logGet(43)) - raft.server.log.statemachine.data.sync.timeout = 10s (default)
2019-10-02 11:30:57,067 [pool-107-thread-1] INFO  server.RaftServerConfigKeys (ConfUtils.java:logGet(43)) - raft.server.notification.no-leader.timeout = 120s (custom)
2019-10-02 11:30:57,067 [pool-77-thread-1] INFO  server.RaftServerConfigKeys (ConfUtils.java:logGet(43)) - raft.server.log.statemachine.data.sync.timeout.retry = -1 (default)
2019-10-02 11:30:57,067 [pool-67-thread-1] INFO  server.RaftServerConfigKeys (ConfUtils.java:logGet(43)) - raft.server.log.use.memory = false (default)
2019-10-02 11:30:57,067 [pool-77-thread-1] INFO  server.RaftServerConfigKeys (ConfUtils.java:logGet(43)) - raft.server.log.statemachine.data.caching.enabled = true (custom)
2019-10-02 11:30:57,067 [pool-107-thread-1] INFO  server.RaftServerConfigKeys (ConfUtils.java:logGet(43)) - raft.server.log.use.memory = false (default)
2019-10-02 11:30:57,067 [pool-67-thread-1] INFO  server.RaftServerConfigKeys (ConfUtils.java:logGet(43)) - raft.server.log.purge.gap = 1000000 (custom)
2019-10-02 11:30:57,068 [pool-77-thread-1] INFO  segmented.SegmentedRaftLogWorker (SegmentedRaftLogWorker.java:lambda$new$0(132)) - a37a54fb-604e-4e22-90a6-9ef2de79941b@group-123F43983AAF-SegmentedRaftLogWorker: flushIndex: setUnconditionally 0 -> -1
2019-10-02 11:30:57,068 [pool-67-thread-1] INFO  server.RaftServerConfigKeys (ConfUtils.java:logGet(43)) - raft.server.log.appender.buffer.byte-limit = 33554432 (custom)
2019-10-02 11:30:57,068 [pool-107-thread-1] INFO  server.RaftServerConfigKeys (ConfUtils.java:logGet(43)) - raft.server.log.purge.gap = 1000000 (custom)
2019-10-02 11:30:57,068 [pool-77-thread-1] INFO  server.RaftServerConfigKeys (ConfUtils.java:logGet(43)) - raft.server.snapshot.auto.trigger.enabled = true (custom)
2019-10-02 11:30:57,068 [pool-67-thread-1] INFO  server.RaftServerConfigKeys (ConfUtils.java:logGet(43)) - raft.server.log.segment.size.max = 1048576 (custom)
2019-10-02 11:30:57,068 [pool-77-thread-1] INFO  server.RaftServerConfigKeys (ConfUtils.java:logGet(43)) - raft.server.snapshot.auto.trigger.threshold = 10000 (custom)
2019-10-02 11:30:57,068 [pool-107-thread-1] INFO  server.RaftServerConfigKeys (ConfUtils.java:logGet(43)) - raft.server.log.appender.buffer.byte-limit = 33554432 (custom)
2019-10-02 11:30:57,068 [pool-77-thread-1] INFO  server.RaftServerConfigKeys (ConfUtils.java:logGet(43)) - raft.server.snapshot.retention.num.files = 5 (custom)
2019-10-02 11:30:57,068 [pool-67-thread-1] INFO  server.RaftServerConfigKeys (ConfUtils.java:logGet(43)) - raft.server.log.segment.cache.num.max = 2 (custom)
2019-10-02 11:30:57,068 [pool-77-thread-1] INFO  server.RaftServerConfigKeys (ConfUtils.java:logGet(43)) - raft.server.retrycache.expirytime = 600000ms (custom)
2019-10-02 11:30:57,068 [pool-107-thread-1] INFO  server.RaftServerConfigKeys (ConfUtils.java:logGet(43)) - raft.server.log.segment.size.max = 1048576 (custom)
2019-10-02 11:30:57,068 [pool-67-thread-1] INFO  segmented.SegmentedRaftLogWorker (SegmentedRaftLogWorker.java:<init>(172)) - new 79fae529-906f-428f-a89e-b3dd78ccaa15@group-123F43983AAF-SegmentedRaftLogWorker for RaftStorage:Storage Directory /workdir/hadoop-ozone/integration-test/target/test-dir/MiniOzoneClusterImpl-5dc4b805-dc02-409a-84a0-03630345a4d3/datanode-4/data/ratis/d470fcc1-d05e-43dc-9ac4-123f43983aaf
2019-10-02 11:30:57,069 [pool-107-thread-1] INFO  server.RaftServerConfigKeys (ConfUtils.java:logGet(43)) - raft.server.log.segment.cache.num.max = 2 (custom)
2019-10-02 11:30:57,069 [pool-67-thread-1] INFO  server.RaftServerConfigKeys (ConfUtils.java:logGet(43)) - raft.server.log.queue.byte-limit = 2147483647 (custom)
2019-10-02 11:30:57,069 [pool-107-thread-1] INFO  segmented.SegmentedRaftLogWorker (SegmentedRaftLogWorker.java:<init>(172)) - new 8af5394b-47b3-4f3f-906d-9219adfe9823@group-123F43983AAF-SegmentedRaftLogWorker for RaftStorage:Storage Directory /workdir/hadoop-ozone/integration-test/target/test-dir/MiniOzoneClusterImpl-5dc4b805-dc02-409a-84a0-03630345a4d3/datanode-8/data/ratis/d470fcc1-d05e-43dc-9ac4-123f43983aaf
2019-10-02 11:30:57,069 [pool-67-thread-1] INFO  server.RaftServerConfigKeys (ConfUtils.java:logGet(43)) - raft.server.log.queue.element-limit = 1024 (custom)
2019-10-02 11:30:57,069 [pool-107-thread-1] INFO  server.RaftServerConfigKeys (ConfUtils.java:logGet(43)) - raft.server.log.queue.byte-limit = 2147483647 (custom)
2019-10-02 11:30:57,069 [pool-67-thread-1] INFO  server.RaftServerConfigKeys (ConfUtils.java:logGet(43)) - raft.server.log.segment.size.max = 1048576 (custom)
2019-10-02 11:30:57,069 [pool-107-thread-1] INFO  server.RaftServerConfigKeys (ConfUtils.java:logGet(43)) - raft.server.log.queue.element-limit = 1024 (custom)
2019-10-02 11:30:57,069 [pool-67-thread-1] INFO  server.RaftServerConfigKeys (ConfUtils.java:logGet(43)) - raft.server.log.preallocated.size = 16384 (custom)
2019-10-02 11:30:57,069 [pool-107-thread-1] INFO  server.RaftServerConfigKeys (ConfUtils.java:logGet(43)) - raft.server.log.segment.size.max = 1048576 (custom)
2019-10-02 11:30:57,069 [pool-67-thread-1] INFO  server.RaftServerConfigKeys (ConfUtils.java:logGet(43)) - raft.server.log.write.buffer.size = 33554432 (custom)
2019-10-02 11:30:57,069 [pool-107-thread-1] INFO  server.RaftServerConfigKeys (ConfUtils.java:logGet(43)) - raft.server.log.preallocated.size = 16384 (custom)
2019-10-02 11:30:57,070 [pool-67-thread-1] INFO  server.RaftServerConfigKeys (ConfUtils.java:logGet(43)) - raft.server.log.force.sync.num = 128 (default)
2019-10-02 11:30:57,070 [pool-107-thread-1] INFO  server.RaftServerConfigKeys (ConfUtils.java:logGet(43)) - raft.server.log.write.buffer.size = 33554432 (custom)
2019-10-02 11:30:57,070 [pool-67-thread-1] INFO  server.RaftServerConfigKeys (ConfUtils.java:logGet(43)) - raft.server.log.statemachine.data.sync = true (default)
2019-10-02 11:30:57,070 [pool-107-thread-1] INFO  server.RaftServerConfigKeys (ConfUtils.java:logGet(43)) - raft.server.log.force.sync.num = 128 (default)
2019-10-02 11:30:57,070 [pool-67-thread-1] INFO  server.RaftServerConfigKeys (ConfUtils.java:logGet(43)) - raft.server.log.statemachine.data.sync.timeout = 10s (default)
2019-10-02 11:30:57,070 [pool-107-thread-1] INFO  server.RaftServerConfigKeys (ConfUtils.java:logGet(43)) - raft.server.log.statemachine.data.sync = true (default)
2019-10-02 11:30:57,070 [pool-67-thread-1] INFO  server.RaftServerConfigKeys (ConfUtils.java:logGet(43)) - raft.server.log.statemachine.data.sync.timeout.retry = -1 (default)
2019-10-02 11:30:57,070 [pool-107-thread-1] INFO  server.RaftServerConfigKeys (ConfUtils.java:logGet(43)) - raft.server.log.statemachine.data.sync.timeout = 10s (default)
2019-10-02 11:30:57,070 [pool-67-thread-1] INFO  server.RaftServerConfigKeys (ConfUtils.java:logGet(43)) - raft.server.log.statemachine.data.caching.enabled = true (custom)
2019-10-02 11:30:57,070 [pool-77-thread-1] INFO  impl.RaftServerImpl (RaftServerImpl.java:start(185)) - a37a54fb-604e-4e22-90a6-9ef2de79941b@group-123F43983AAF: start as a follower, conf=-1: [8af5394b-47b3-4f3f-906d-9219adfe9823:192.168.151.102:33268, 79fae529-906f-428f-a89e-b3dd78ccaa15:192.168.151.102:42043, a37a54fb-604e-4e22-90a6-9ef2de79941b:192.168.151.102:39954], old=null
2019-10-02 11:30:57,070 [pool-107-thread-1] INFO  server.RaftServerConfigKeys (ConfUtils.java:logGet(43)) - raft.server.log.statemachine.data.sync.timeout.retry = -1 (default)
2019-10-02 11:30:57,070 [pool-77-thread-1] INFO  impl.RaftServerImpl (RaftServerImpl.java:setRole(174)) - a37a54fb-604e-4e22-90a6-9ef2de79941b@group-123F43983AAF: changes role from      null to FOLLOWER at term 0 for startAsFollower
2019-10-02 11:30:57,070 [pool-67-thread-1] INFO  segmented.SegmentedRaftLogWorker (SegmentedRaftLogWorker.java:lambda$new$0(132)) - 79fae529-906f-428f-a89e-b3dd78ccaa15@group-123F43983AAF-SegmentedRaftLogWorker: flushIndex: setUnconditionally 0 -> -1
2019-10-02 11:30:57,071 [pool-77-thread-1] INFO  impl.RoleInfo (RoleInfo.java:updateAndGet(143)) - a37a54fb-604e-4e22-90a6-9ef2de79941b: start FollowerState
2019-10-02 11:30:57,071 [pool-107-thread-1] INFO  server.RaftServerConfigKeys (ConfUtils.java:logGet(43)) - raft.server.log.statemachine.data.caching.enabled = true (custom)
2019-10-02 11:30:57,071 [pool-67-thread-1] INFO  server.RaftServerConfigKeys (ConfUtils.java:logGet(43)) - raft.server.snapshot.auto.trigger.enabled = true (custom)
2019-10-02 11:30:57,071 [pool-67-thread-1] INFO  server.RaftServerConfigKeys (ConfUtils.java:logGet(43)) - raft.server.snapshot.auto.trigger.threshold = 10000 (custom)
2019-10-02 11:30:57,071 [pool-77-thread-1] INFO  util.JmxRegister (JmxRegister.java:tryRegister(44)) - Successfully registered JMX Bean with object name Ratis:service=RaftServer,group=group-123F43983AAF,id=a37a54fb-604e-4e22-90a6-9ef2de79941b
2019-10-02 11:30:57,071 [pool-107-thread-1] INFO  segmented.SegmentedRaftLogWorker (SegmentedRaftLogWorker.java:lambda$new$0(132)) - 8af5394b-47b3-4f3f-906d-9219adfe9823@group-123F43983AAF-SegmentedRaftLogWorker: flushIndex: setUnconditionally 0 -> -1
2019-10-02 11:30:57,071 [pool-67-thread-1] INFO  server.RaftServerConfigKeys (ConfUtils.java:logGet(43)) - raft.server.snapshot.retention.num.files = 5 (custom)
2019-10-02 11:30:57,071 [pool-67-thread-1] INFO  server.RaftServerConfigKeys (ConfUtils.java:logGet(43)) - raft.server.retrycache.expirytime = 600000ms (custom)
2019-10-02 11:30:57,071 [pool-107-thread-1] INFO  server.RaftServerConfigKeys (ConfUtils.java:logGet(43)) - raft.server.snapshot.auto.trigger.enabled = true (custom)
2019-10-02 11:30:57,071 [pool-107-thread-1] INFO  server.RaftServerConfigKeys (ConfUtils.java:logGet(43)) - raft.server.snapshot.auto.trigger.threshold = 10000 (custom)
2019-10-02 11:30:57,072 [pool-107-thread-1] INFO  server.RaftServerConfigKeys (ConfUtils.java:logGet(43)) - raft.server.snapshot.retention.num.files = 5 (custom)
2019-10-02 11:30:57,072 [pool-107-thread-1] INFO  server.RaftServerConfigKeys (ConfUtils.java:logGet(43)) - raft.server.retrycache.expirytime = 600000ms (custom)
2019-10-02 11:30:57,083 [pool-67-thread-1] INFO  impl.RaftServerImpl (RaftServerImpl.java:start(185)) - 79fae529-906f-428f-a89e-b3dd78ccaa15@group-123F43983AAF: start as a follower, conf=-1: [8af5394b-47b3-4f3f-906d-9219adfe9823:192.168.151.102:33268, 79fae529-906f-428f-a89e-b3dd78ccaa15:192.168.151.102:42043, a37a54fb-604e-4e22-90a6-9ef2de79941b:192.168.151.102:39954], old=null
2019-10-02 11:30:57,083 [pool-67-thread-1] INFO  impl.RaftServerImpl (RaftServerImpl.java:setRole(174)) - 79fae529-906f-428f-a89e-b3dd78ccaa15@group-123F43983AAF: changes role from      null to FOLLOWER at term 0 for startAsFollower
2019-10-02 11:30:57,083 [pool-67-thread-1] INFO  impl.RoleInfo (RoleInfo.java:updateAndGet(143)) - 79fae529-906f-428f-a89e-b3dd78ccaa15: start FollowerState
2019-10-02 11:30:57,083 [pool-107-thread-1] INFO  impl.RaftServerImpl (RaftServerImpl.java:start(185)) - 8af5394b-47b3-4f3f-906d-9219adfe9823@group-123F43983AAF: start as a follower, conf=-1: [8af5394b-47b3-4f3f-906d-9219adfe9823:192.168.151.102:33268, 79fae529-906f-428f-a89e-b3dd78ccaa15:192.168.151.102:42043, a37a54fb-604e-4e22-90a6-9ef2de79941b:192.168.151.102:39954], old=null
2019-10-02 11:30:57,083 [pool-67-thread-1] INFO  util.JmxRegister (JmxRegister.java:tryRegister(44)) - Successfully registered JMX Bean with object name Ratis:service=RaftServer,group=group-123F43983AAF,id=79fae529-906f-428f-a89e-b3dd78ccaa15
2019-10-02 11:30:57,083 [pool-107-thread-1] INFO  impl.RaftServerImpl (RaftServerImpl.java:setRole(174)) - 8af5394b-47b3-4f3f-906d-9219adfe9823@group-123F43983AAF: changes role from      null to FOLLOWER at term 0 for startAsFollower
2019-10-02 11:30:57,084 [pool-107-thread-1] INFO  impl.RoleInfo (RoleInfo.java:updateAndGet(143)) - 8af5394b-47b3-4f3f-906d-9219adfe9823: start FollowerState
2019-10-02 11:30:57,084 [pool-107-thread-1] INFO  util.JmxRegister (JmxRegister.java:tryRegister(44)) - Successfully registered JMX Bean with object name Ratis:service=RaftServer,group=group-123F43983AAF,id=8af5394b-47b3-4f3f-906d-9219adfe9823
2019-10-02 11:30:57,090 [RatisPipelineUtilsThread] INFO  pipeline.PipelineStateManager (PipelineStateManager.java:addPipeline(56)) - Created pipeline Pipeline[ Id: d470fcc1-d05e-43dc-9ac4-123f43983aaf, Nodes: 79fae529-906f-428f-a89e-b3dd78ccaa15{ip: 192.168.151.102, host: pr-hdds-2164-trunk-xhc96-1404769113, networkLocation: /default-rack, certSerialId: null}8af5394b-47b3-4f3f-906d-9219adfe9823{ip: 192.168.151.102, host: pr-hdds-2164-trunk-xhc96-1404769113, networkLocation: /default-rack, certSerialId: null}a37a54fb-604e-4e22-90a6-9ef2de79941b{ip: 192.168.151.102, host: pr-hdds-2164-trunk-xhc96-1404769113, networkLocation: /default-rack, certSerialId: null}, Type:RATIS, Factor:THREE, State:OPEN]
2019-10-02 11:30:57,102 [grpc-default-executor-2] INFO  impl.RaftServerProxy (RaftServerProxy.java:addNew(89)) - d0a95d8b-e42b-4cc3-af39-f7831f0cb411: addNew group-3B3A82ECA675:[b0829514-0e81-4cb8-8158-745b805c48fc:192.168.151.102:37479, d0a95d8b-e42b-4cc3-af39-f7831f0cb411:192.168.151.102:40932, bde60412-0b16-4336-9436-0525b0ae90d5:192.168.151.102:39704] returns group-3B3A82ECA675:java.util.concurrent.CompletableFuture@1fba0df[Not completed]
2019-10-02 11:30:57,106 [grpc-default-executor-0] INFO  impl.RaftServerProxy (RaftServerProxy.java:addNew(89)) - bde60412-0b16-4336-9436-0525b0ae90d5: addNew group-3B3A82ECA675:[b0829514-0e81-4cb8-8158-745b805c48fc:192.168.151.102:37479, d0a95d8b-e42b-4cc3-af39-f7831f0cb411:192.168.151.102:40932, bde60412-0b16-4336-9436-0525b0ae90d5:192.168.151.102:39704] returns group-3B3A82ECA675:java.util.concurrent.CompletableFuture@be770e[Not completed]
2019-10-02 11:30:57,108 [grpc-default-executor-2] INFO  impl.RaftServerProxy (RaftServerProxy.java:addNew(89)) - b0829514-0e81-4cb8-8158-745b805c48fc: addNew group-3B3A82ECA675:[b0829514-0e81-4cb8-8158-745b805c48fc:192.168.151.102:37479, d0a95d8b-e42b-4cc3-af39-f7831f0cb411:192.168.151.102:40932, bde60412-0b16-4336-9436-0525b0ae90d5:192.168.151.102:39704] returns group-3B3A82ECA675:java.util.concurrent.CompletableFuture@31057d19[Not completed]
2019-10-02 11:30:57,108 [pool-97-thread-1] INFO  impl.RaftServerImpl (RaftServerImpl.java:<init>(95)) - d0a95d8b-e42b-4cc3-af39-f7831f0cb411: new RaftServerImpl for group-3B3A82ECA675:[b0829514-0e81-4cb8-8158-745b805c48fc:192.168.151.102:37479, d0a95d8b-e42b-4cc3-af39-f7831f0cb411:192.168.151.102:40932, bde60412-0b16-4336-9436-0525b0ae90d5:192.168.151.102:39704] with ContainerStateMachine:uninitialized
2019-10-02 11:30:57,110 [pool-97-thread-1] INFO  server.RaftServerConfigKeys (ConfUtils.java:logGet(43)) - raft.server.rpc.timeout.min = 1s (custom)
2019-10-02 11:30:57,110 [pool-97-thread-1] INFO  server.RaftServerConfigKeys (ConfUtils.java:logGet(43)) - raft.server.rpc.timeout.max = 1200ms (custom)
2019-10-02 11:30:57,110 [pool-47-thread-1] INFO  impl.RaftServerImpl (RaftServerImpl.java:<init>(95)) - b0829514-0e81-4cb8-8158-745b805c48fc: new RaftServerImpl for group-3B3A82ECA675:[b0829514-0e81-4cb8-8158-745b805c48fc:192.168.151.102:37479, d0a95d8b-e42b-4cc3-af39-f7831f0cb411:192.168.151.102:40932, bde60412-0b16-4336-9436-0525b0ae90d5:192.168.151.102:39704] with ContainerStateMachine:uninitialized
2019-10-02 11:30:57,110 [pool-97-thread-1] INFO  server.RaftServerConfigKeys (ConfUtils.java:logGet(43)) - raft.server.rpcslowness.timeout = 120s (custom)
2019-10-02 11:30:57,110 [pool-47-thread-1] INFO  server.RaftServerConfigKeys (ConfUtils.java:logGet(43)) - raft.server.rpc.timeout.min = 1s (custom)
2019-10-02 11:30:57,110 [pool-97-thread-1] INFO  server.RaftServerConfigKeys (ConfUtils.java:logGet(43)) - raft.server.sleep.deviation.threshold = 300 (default)
2019-10-02 11:30:57,110 [pool-47-thread-1] INFO  server.RaftServerConfigKeys (ConfUtils.java:logGet(43)) - raft.server.rpc.timeout.max = 1200ms (custom)
2019-10-02 11:30:57,111 [pool-37-thread-1] INFO  impl.RaftServerImpl (RaftServerImpl.java:<init>(95)) - bde60412-0b16-4336-9436-0525b0ae90d5: new RaftServerImpl for group-3B3A82ECA675:[b0829514-0e81-4cb8-8158-745b805c48fc:192.168.151.102:37479, d0a95d8b-e42b-4cc3-af39-f7831f0cb411:192.168.151.102:40932, bde60412-0b16-4336-9436-0525b0ae90d5:192.168.151.102:39704] with ContainerStateMachine:uninitialized
2019-10-02 11:30:57,110 [pool-97-thread-1] INFO  server.RaftServerConfigKeys (ConfUtils.java:logGet(43)) - raft.server.log.appender.install.snapshot.enabled = false (custom)
2019-10-02 11:30:57,112 [pool-37-thread-1] INFO  server.RaftServerConfigKeys (ConfUtils.java:logGet(43)) - raft.server.rpc.timeout.min = 1s (custom)
2019-10-02 11:30:57,111 [pool-47-thread-1] INFO  server.RaftServerConfigKeys (ConfUtils.java:logGet(43)) - raft.server.rpcslowness.timeout = 120s (custom)
2019-10-02 11:30:57,112 [pool-37-thread-1] INFO  server.RaftServerConfigKeys (ConfUtils.java:logGet(43)) - raft.server.rpc.timeout.max = 1200ms (custom)
2019-10-02 11:30:57,112 [pool-97-thread-1] INFO  impl.RaftServerImpl (ServerState.java:<init>(103)) - d0a95d8b-e42b-4cc3-af39-f7831f0cb411@group-3B3A82ECA675: ConfigurationManager, init=-1: [b0829514-0e81-4cb8-8158-745b805c48fc:192.168.151.102:37479, d0a95d8b-e42b-4cc3-af39-f7831f0cb411:192.168.151.102:40932, bde60412-0b16-4336-9436-0525b0ae90d5:192.168.151.102:39704], old=null, confs=<EMPTY_MAP>
2019-10-02 11:30:57,113 [pool-37-thread-1] INFO  server.RaftServerConfigKeys (ConfUtils.java:logGet(43)) - raft.server.rpcslowness.timeout = 120s (custom)
2019-10-02 11:30:57,113 [pool-97-thread-1] INFO  server.RaftServerConfigKeys (ConfUtils.java:logGet(43)) - raft.server.storage.dir = [/workdir/hadoop-ozone/integration-test/target/test-dir/MiniOzoneClusterImpl-5dc4b805-dc02-409a-84a0-03630345a4d3/datanode-7/data/ratis] (custom)
2019-10-02 11:30:57,112 [pool-47-thread-1] INFO  server.RaftServerConfigKeys (ConfUtils.java:logGet(43)) - raft.server.sleep.deviation.threshold = 300 (default)
2019-10-02 11:30:57,113 [pool-37-thread-1] INFO  server.RaftServerConfigKeys (ConfUtils.java:logGet(43)) - raft.server.sleep.deviation.threshold = 300 (default)
2019-10-02 11:30:57,113 [pool-47-thread-1] INFO  server.RaftServerConfigKeys (ConfUtils.java:logGet(43)) - raft.server.log.appender.install.snapshot.enabled = false (custom)
2019-10-02 11:30:57,113 [pool-97-thread-1] INFO  storage.RaftStorageDirectory (RaftStorageDirectory.java:analyzeStorage(246)) - The storage directory /workdir/hadoop-ozone/integration-test/target/test-dir/MiniOzoneClusterImpl-5dc4b805-dc02-409a-84a0-03630345a4d3/datanode-7/data/ratis/81fcf48a-080c-4ff9-a6ed-3b3a82eca675 does not exist. Creating ...
2019-10-02 11:30:57,113 [pool-37-thread-1] INFO  server.RaftServerConfigKeys (ConfUtils.java:logGet(43)) - raft.server.log.appender.install.snapshot.enabled = false (custom)
2019-10-02 11:30:57,113 [pool-47-thread-1] INFO  impl.RaftServerImpl (ServerState.java:<init>(103)) - b0829514-0e81-4cb8-8158-745b805c48fc@group-3B3A82ECA675: ConfigurationManager, init=-1: [b0829514-0e81-4cb8-8158-745b805c48fc:192.168.151.102:37479, d0a95d8b-e42b-4cc3-af39-f7831f0cb411:192.168.151.102:40932, bde60412-0b16-4336-9436-0525b0ae90d5:192.168.151.102:39704], old=null, confs=<EMPTY_MAP>
2019-10-02 11:30:57,113 [pool-37-thread-1] INFO  impl.RaftServerImpl (ServerState.java:<init>(103)) - bde60412-0b16-4336-9436-0525b0ae90d5@group-3B3A82ECA675: ConfigurationManager, init=-1: [b0829514-0e81-4cb8-8158-745b805c48fc:192.168.151.102:37479, d0a95d8b-e42b-4cc3-af39-f7831f0cb411:192.168.151.102:40932, bde60412-0b16-4336-9436-0525b0ae90d5:192.168.151.102:39704], old=null, confs=<EMPTY_MAP>
2019-10-02 11:30:57,113 [pool-47-thread-1] INFO  server.RaftServerConfigKeys (ConfUtils.java:logGet(43)) - raft.server.storage.dir = [/workdir/hadoop-ozone/integration-test/target/test-dir/MiniOzoneClusterImpl-5dc4b805-dc02-409a-84a0-03630345a4d3/datanode-2/data/ratis] (custom)
2019-10-02 11:30:57,113 [pool-37-thread-1] INFO  server.RaftServerConfigKeys (ConfUtils.java:logGet(43)) - raft.server.storage.dir = [/workdir/hadoop-ozone/integration-test/target/test-dir/MiniOzoneClusterImpl-5dc4b805-dc02-409a-84a0-03630345a4d3/datanode-1/data/ratis] (custom)
2019-10-02 11:30:57,114 [pool-47-thread-1] INFO  storage.RaftStorageDirectory (RaftStorageDirectory.java:analyzeStorage(246)) - The storage directory /workdir/hadoop-ozone/integration-test/target/test-dir/MiniOzoneClusterImpl-5dc4b805-dc02-409a-84a0-03630345a4d3/datanode-2/data/ratis/81fcf48a-080c-4ff9-a6ed-3b3a82eca675 does not exist. Creating ...
2019-10-02 11:30:57,114 [pool-37-thread-1] INFO  storage.RaftStorageDirectory (RaftStorageDirectory.java:analyzeStorage(246)) - The storage directory /workdir/hadoop-ozone/integration-test/target/test-dir/MiniOzoneClusterImpl-5dc4b805-dc02-409a-84a0-03630345a4d3/datanode-1/data/ratis/81fcf48a-080c-4ff9-a6ed-3b3a82eca675 does not exist. Creating ...
2019-10-02 11:30:57,126 [pool-37-thread-1] INFO  storage.RaftStorageDirectory (RaftStorageDirectory.java:tryLock(328)) - Lock on /workdir/hadoop-ozone/integration-test/target/test-dir/MiniOzoneClusterImpl-5dc4b805-dc02-409a-84a0-03630345a4d3/datanode-1/data/ratis/81fcf48a-080c-4ff9-a6ed-3b3a82eca675/in_use.lock acquired by nodename 4478@pr-hdds-2164-trunk-xhc96-1404769113
2019-10-02 11:30:57,126 [pool-47-thread-1] INFO  storage.RaftStorageDirectory (RaftStorageDirectory.java:tryLock(328)) - Lock on /workdir/hadoop-ozone/integration-test/target/test-dir/MiniOzoneClusterImpl-5dc4b805-dc02-409a-84a0-03630345a4d3/datanode-2/data/ratis/81fcf48a-080c-4ff9-a6ed-3b3a82eca675/in_use.lock acquired by nodename 4478@pr-hdds-2164-trunk-xhc96-1404769113
2019-10-02 11:30:57,126 [pool-97-thread-1] INFO  storage.RaftStorageDirectory (RaftStorageDirectory.java:tryLock(328)) - Lock on /workdir/hadoop-ozone/integration-test/target/test-dir/MiniOzoneClusterImpl-5dc4b805-dc02-409a-84a0-03630345a4d3/datanode-7/data/ratis/81fcf48a-080c-4ff9-a6ed-3b3a82eca675/in_use.lock acquired by nodename 4478@pr-hdds-2164-trunk-xhc96-1404769113
2019-10-02 11:30:57,140 [pool-37-thread-1] INFO  storage.RaftStorage (RaftStorage.java:format(72)) - Storage directory /workdir/hadoop-ozone/integration-test/target/test-dir/MiniOzoneClusterImpl-5dc4b805-dc02-409a-84a0-03630345a4d3/datanode-1/data/ratis/81fcf48a-080c-4ff9-a6ed-3b3a82eca675 has been successfully formatted.
2019-10-02 11:30:57,140 [pool-47-thread-1] INFO  storage.RaftStorage (RaftStorage.java:format(72)) - Storage directory /workdir/hadoop-ozone/integration-test/target/test-dir/MiniOzoneClusterImpl-5dc4b805-dc02-409a-84a0-03630345a4d3/datanode-2/data/ratis/81fcf48a-080c-4ff9-a6ed-3b3a82eca675 has been successfully formatted.
2019-10-02 11:30:57,140 [pool-37-thread-1] INFO  ratis.ContainerStateMachine (ContainerStateMachine.java:loadSnapshot(230)) - group-3B3A82ECA675: The snapshot info is null. Setting the last applied indexto:(t:0, i:~)
2019-10-02 11:30:57,140 [pool-97-thread-1] INFO  storage.RaftStorage (RaftStorage.java:format(72)) - Storage directory /workdir/hadoop-ozone/integration-test/target/test-dir/MiniOzoneClusterImpl-5dc4b805-dc02-409a-84a0-03630345a4d3/datanode-7/data/ratis/81fcf48a-080c-4ff9-a6ed-3b3a82eca675 has been successfully formatted.
2019-10-02 11:30:57,141 [pool-37-thread-1] INFO  server.RaftServerConfigKeys (ConfUtils.java:logGet(43)) - raft.server.notification.no-leader.timeout = 120s (custom)
2019-10-02 11:30:57,141 [pool-97-thread-1] INFO  ratis.ContainerStateMachine (ContainerStateMachine.java:loadSnapshot(230)) - group-3B3A82ECA675: The snapshot info is null. Setting the last applied indexto:(t:0, i:~)
2019-10-02 11:30:57,140 [pool-47-thread-1] INFO  ratis.ContainerStateMachine (ContainerStateMachine.java:loadSnapshot(230)) - group-3B3A82ECA675: The snapshot info is null. Setting the last applied indexto:(t:0, i:~)
2019-10-02 11:30:57,141 [pool-37-thread-1] INFO  server.RaftServerConfigKeys (ConfUtils.java:logGet(43)) - raft.server.log.use.memory = false (default)
2019-10-02 11:30:57,141 [pool-97-thread-1] INFO  server.RaftServerConfigKeys (ConfUtils.java:logGet(43)) - raft.server.notification.no-leader.timeout = 120s (custom)
2019-10-02 11:30:57,141 [pool-47-thread-1] INFO  server.RaftServerConfigKeys (ConfUtils.java:logGet(43)) - raft.server.notification.no-leader.timeout = 120s (custom)
2019-10-02 11:30:57,141 [pool-37-thread-1] INFO  server.RaftServerConfigKeys (ConfUtils.java:logGet(43)) - raft.server.log.purge.gap = 1000000 (custom)
2019-10-02 11:30:57,141 [pool-97-thread-1] INFO  server.RaftServerConfigKeys (ConfUtils.java:logGet(43)) - raft.server.log.use.memory = false (default)
2019-10-02 11:30:57,141 [pool-47-thread-1] INFO  server.RaftServerConfigKeys (ConfUtils.java:logGet(43)) - raft.server.log.use.memory = false (default)
2019-10-02 11:30:57,141 [pool-37-thread-1] INFO  server.RaftServerConfigKeys (ConfUtils.java:logGet(43)) - raft.server.log.appender.buffer.byte-limit = 33554432 (custom)
2019-10-02 11:30:57,142 [pool-97-thread-1] INFO  server.RaftServerConfigKeys (ConfUtils.java:logGet(43)) - raft.server.log.purge.gap = 1000000 (custom)
2019-10-02 11:30:57,142 [pool-97-thread-1] INFO  server.RaftServerConfigKeys (ConfUtils.java:logGet(43)) - raft.server.log.appender.buffer.byte-limit = 33554432 (custom)
2019-10-02 11:30:57,142 [pool-97-thread-1] INFO  server.RaftServerConfigKeys (ConfUtils.java:logGet(43)) - raft.server.log.segment.size.max = 1048576 (custom)
2019-10-02 11:30:57,142 [pool-97-thread-1] INFO  server.RaftServerConfigKeys (ConfUtils.java:logGet(43)) - raft.server.log.segment.cache.num.max = 2 (custom)
2019-10-02 11:30:57,142 [pool-97-thread-1] INFO  segmented.SegmentedRaftLogWorker (SegmentedRaftLogWorker.java:<init>(172)) - new d0a95d8b-e42b-4cc3-af39-f7831f0cb411@group-3B3A82ECA675-SegmentedRaftLogWorker for RaftStorage:Storage Directory /workdir/hadoop-ozone/integration-test/target/test-dir/MiniOzoneClusterImpl-5dc4b805-dc02-409a-84a0-03630345a4d3/datanode-7/data/ratis/81fcf48a-080c-4ff9-a6ed-3b3a82eca675
2019-10-02 11:30:57,142 [pool-97-thread-1] INFO  server.RaftServerConfigKeys (ConfUtils.java:logGet(43)) - raft.server.log.queue.byte-limit = 2147483647 (custom)
2019-10-02 11:30:57,142 [pool-97-thread-1] INFO  server.RaftServerConfigKeys (ConfUtils.java:logGet(43)) - raft.server.log.queue.element-limit = 1024 (custom)
2019-10-02 11:30:57,142 [pool-97-thread-1] INFO  server.RaftServerConfigKeys (ConfUtils.java:logGet(43)) - raft.server.log.segment.size.max = 1048576 (custom)
2019-10-02 11:30:57,143 [pool-97-thread-1] INFO  server.RaftServerConfigKeys (ConfUtils.java:logGet(43)) - raft.server.log.preallocated.size = 16384 (custom)
2019-10-02 11:30:57,143 [pool-97-thread-1] INFO  server.RaftServerConfigKeys (ConfUtils.java:logGet(43)) - raft.server.log.write.buffer.size = 33554432 (custom)
2019-10-02 11:30:57,143 [pool-97-thread-1] INFO  server.RaftServerConfigKeys (ConfUtils.java:logGet(43)) - raft.server.log.force.sync.num = 128 (default)
2019-10-02 11:30:57,143 [pool-97-thread-1] INFO  server.RaftServerConfigKeys (ConfUtils.java:logGet(43)) - raft.server.log.statemachine.data.sync = true (default)
2019-10-02 11:30:57,143 [pool-97-thread-1] INFO  server.RaftServerConfigKeys (ConfUtils.java:logGet(43)) - raft.server.log.statemachine.data.sync.timeout = 10s (default)
2019-10-02 11:30:57,143 [pool-97-thread-1] INFO  server.RaftServerConfigKeys (ConfUtils.java:logGet(43)) - raft.server.log.statemachine.data.sync.timeout.retry = -1 (default)
2019-10-02 11:30:57,143 [pool-97-thread-1] INFO  server.RaftServerConfigKeys (ConfUtils.java:logGet(43)) - raft.server.log.statemachine.data.caching.enabled = true (custom)
2019-10-02 11:30:57,144 [pool-97-thread-1] INFO  segmented.SegmentedRaftLogWorker (SegmentedRaftLogWorker.java:lambda$new$0(132)) - d0a95d8b-e42b-4cc3-af39-f7831f0cb411@group-3B3A82ECA675-SegmentedRaftLogWorker: flushIndex: setUnconditionally 0 -> -1
2019-10-02 11:30:57,142 [pool-47-thread-1] INFO  server.RaftServerConfigKeys (ConfUtils.java:logGet(43)) - raft.server.log.purge.gap = 1000000 (custom)
2019-10-02 11:30:57,142 [pool-37-thread-1] INFO  server.RaftServerConfigKeys (ConfUtils.java:logGet(43)) - raft.server.log.segment.size.max = 1048576 (custom)
2019-10-02 11:30:57,144 [pool-97-thread-1] INFO  server.RaftServerConfigKeys (ConfUtils.java:logGet(43)) - raft.server.snapshot.auto.trigger.enabled = true (custom)
2019-10-02 11:30:57,144 [pool-47-thread-1] INFO  server.RaftServerConfigKeys (ConfUtils.java:logGet(43)) - raft.server.log.appender.buffer.byte-limit = 33554432 (custom)
2019-10-02 11:30:57,144 [pool-37-thread-1] INFO  server.RaftServerConfigKeys (ConfUtils.java:logGet(43)) - raft.server.log.segment.cache.num.max = 2 (custom)
2019-10-02 11:30:57,144 [pool-97-thread-1] INFO  server.RaftServerConfigKeys (ConfUtils.java:logGet(43)) - raft.server.snapshot.auto.trigger.threshold = 10000 (custom)
2019-10-02 11:30:57,144 [pool-47-thread-1] INFO  server.RaftServerConfigKeys (ConfUtils.java:logGet(43)) - raft.server.log.segment.size.max = 1048576 (custom)
2019-10-02 11:30:57,144 [pool-37-thread-1] INFO  segmented.SegmentedRaftLogWorker (SegmentedRaftLogWorker.java:<init>(172)) - new bde60412-0b16-4336-9436-0525b0ae90d5@group-3B3A82ECA675-SegmentedRaftLogWorker for RaftStorage:Storage Directory /workdir/hadoop-ozone/integration-test/target/test-dir/MiniOzoneClusterImpl-5dc4b805-dc02-409a-84a0-03630345a4d3/datanode-1/data/ratis/81fcf48a-080c-4ff9-a6ed-3b3a82eca675
2019-10-02 11:30:57,145 [pool-37-thread-1] INFO  server.RaftServerConfigKeys (ConfUtils.java:logGet(43)) - raft.server.log.queue.byte-limit = 2147483647 (custom)
2019-10-02 11:30:57,145 [pool-97-thread-1] INFO  server.RaftServerConfigKeys (ConfUtils.java:logGet(43)) - raft.server.snapshot.retention.num.files = 5 (custom)
2019-10-02 11:30:57,145 [pool-47-thread-1] INFO  server.RaftServerConfigKeys (ConfUtils.java:logGet(43)) - raft.server.log.segment.cache.num.max = 2 (custom)
2019-10-02 11:30:57,145 [pool-37-thread-1] INFO  server.RaftServerConfigKeys (ConfUtils.java:logGet(43)) - raft.server.log.queue.element-limit = 1024 (custom)
2019-10-02 11:30:57,145 [pool-47-thread-1] INFO  segmented.SegmentedRaftLogWorker (SegmentedRaftLogWorker.java:<init>(172)) - new b0829514-0e81-4cb8-8158-745b805c48fc@group-3B3A82ECA675-SegmentedRaftLogWorker for RaftStorage:Storage Directory /workdir/hadoop-ozone/integration-test/target/test-dir/MiniOzoneClusterImpl-5dc4b805-dc02-409a-84a0-03630345a4d3/datanode-2/data/ratis/81fcf48a-080c-4ff9-a6ed-3b3a82eca675
2019-10-02 11:30:57,145 [pool-37-thread-1] INFO  server.RaftServerConfigKeys (ConfUtils.java:logGet(43)) - raft.server.log.segment.size.max = 1048576 (custom)
2019-10-02 11:30:57,145 [pool-97-thread-1] INFO  server.RaftServerConfigKeys (ConfUtils.java:logGet(43)) - raft.server.retrycache.expirytime = 600000ms (custom)
2019-10-02 11:30:57,145 [pool-47-thread-1] INFO  server.RaftServerConfigKeys (ConfUtils.java:logGet(43)) - raft.server.log.queue.byte-limit = 2147483647 (custom)
2019-10-02 11:30:57,145 [pool-37-thread-1] INFO  server.RaftServerConfigKeys (ConfUtils.java:logGet(43)) - raft.server.log.preallocated.size = 16384 (custom)
2019-10-02 11:30:57,146 [pool-47-thread-1] INFO  server.RaftServerConfigKeys (ConfUtils.java:logGet(43)) - raft.server.log.queue.element-limit = 1024 (custom)
2019-10-02 11:30:57,146 [pool-37-thread-1] INFO  server.RaftServerConfigKeys (ConfUtils.java:logGet(43)) - raft.server.log.write.buffer.size = 33554432 (custom)
2019-10-02 11:30:57,146 [pool-47-thread-1] INFO  server.RaftServerConfigKeys (ConfUtils.java:logGet(43)) - raft.server.log.segment.size.max = 1048576 (custom)
2019-10-02 11:30:57,146 [pool-37-thread-1] INFO  server.RaftServerConfigKeys (ConfUtils.java:logGet(43)) - raft.server.log.force.sync.num = 128 (default)
2019-10-02 11:30:57,146 [pool-47-thread-1] INFO  server.RaftServerConfigKeys (ConfUtils.java:logGet(43)) - raft.server.log.preallocated.size = 16384 (custom)
2019-10-02 11:30:57,146 [pool-37-thread-1] INFO  server.RaftServerConfigKeys (ConfUtils.java:logGet(43)) - raft.server.log.statemachine.data.sync = true (default)
2019-10-02 11:30:57,146 [pool-47-thread-1] INFO  server.RaftServerConfigKeys (ConfUtils.java:logGet(43)) - raft.server.log.write.buffer.size = 33554432 (custom)
2019-10-02 11:30:57,146 [pool-37-thread-1] INFO  server.RaftServerConfigKeys (ConfUtils.java:logGet(43)) - raft.server.log.statemachine.data.sync.timeout = 10s (default)
2019-10-02 11:30:57,146 [pool-47-thread-1] INFO  server.RaftServerConfigKeys (ConfUtils.java:logGet(43)) - raft.server.log.force.sync.num = 128 (default)
2019-10-02 11:30:57,147 [pool-37-thread-1] INFO  server.RaftServerConfigKeys (ConfUtils.java:logGet(43)) - raft.server.log.statemachine.data.sync.timeout.retry = -1 (default)
2019-10-02 11:30:57,147 [pool-47-thread-1] INFO  server.RaftServerConfigKeys (ConfUtils.java:logGet(43)) - raft.server.log.statemachine.data.sync = true (default)
2019-10-02 11:30:57,147 [pool-37-thread-1] INFO  server.RaftServerConfigKeys (ConfUtils.java:logGet(43)) - raft.server.log.statemachine.data.caching.enabled = true (custom)
2019-10-02 11:30:57,147 [pool-47-thread-1] INFO  server.RaftServerConfigKeys (ConfUtils.java:logGet(43)) - raft.server.log.statemachine.data.sync.timeout = 10s (default)
2019-10-02 11:30:57,147 [pool-47-thread-1] INFO  server.RaftServerConfigKeys (ConfUtils.java:logGet(43)) - raft.server.log.statemachine.data.sync.timeout.retry = -1 (default)
2019-10-02 11:30:57,147 [pool-37-thread-1] INFO  segmented.SegmentedRaftLogWorker (SegmentedRaftLogWorker.java:lambda$new$0(132)) - bde60412-0b16-4336-9436-0525b0ae90d5@group-3B3A82ECA675-SegmentedRaftLogWorker: flushIndex: setUnconditionally 0 -> -1
2019-10-02 11:30:57,147 [pool-47-thread-1] INFO  server.RaftServerConfigKeys (ConfUtils.java:logGet(43)) - raft.server.log.statemachine.data.caching.enabled = true (custom)
2019-10-02 11:30:57,147 [pool-37-thread-1] INFO  server.RaftServerConfigKeys (ConfUtils.java:logGet(43)) - raft.server.snapshot.auto.trigger.enabled = true (custom)
2019-10-02 11:30:57,147 [pool-47-thread-1] INFO  segmented.SegmentedRaftLogWorker (SegmentedRaftLogWorker.java:lambda$new$0(132)) - b0829514-0e81-4cb8-8158-745b805c48fc@group-3B3A82ECA675-SegmentedRaftLogWorker: flushIndex: setUnconditionally 0 -> -1
2019-10-02 11:30:57,148 [pool-37-thread-1] INFO  server.RaftServerConfigKeys (ConfUtils.java:logGet(43)) - raft.server.snapshot.auto.trigger.threshold = 10000 (custom)
2019-10-02 11:30:57,148 [pool-37-thread-1] INFO  server.RaftServerConfigKeys (ConfUtils.java:logGet(43)) - raft.server.snapshot.retention.num.files = 5 (custom)
2019-10-02 11:30:57,148 [pool-47-thread-1] INFO  server.RaftServerConfigKeys (ConfUtils.java:logGet(43)) - raft.server.snapshot.auto.trigger.enabled = true (custom)
2019-10-02 11:30:57,148 [pool-47-thread-1] INFO  server.RaftServerConfigKeys (ConfUtils.java:logGet(43)) - raft.server.snapshot.auto.trigger.threshold = 10000 (custom)
2019-10-02 11:30:57,148 [pool-47-thread-1] INFO  server.RaftServerConfigKeys (ConfUtils.java:logGet(43)) - raft.server.snapshot.retention.num.files = 5 (custom)
2019-10-02 11:30:57,148 [pool-37-thread-1] INFO  server.RaftServerConfigKeys (ConfUtils.java:logGet(43)) - raft.server.retrycache.expirytime = 600000ms (custom)
2019-10-02 11:30:57,148 [pool-47-thread-1] INFO  server.RaftServerConfigKeys (ConfUtils.java:logGet(43)) - raft.server.retrycache.expirytime = 600000ms (custom)
2019-10-02 11:30:57,151 [pool-97-thread-1] INFO  impl.RaftServerImpl (RaftServerImpl.java:start(185)) - d0a95d8b-e42b-4cc3-af39-f7831f0cb411@group-3B3A82ECA675: start as a follower, conf=-1: [b0829514-0e81-4cb8-8158-745b805c48fc:192.168.151.102:37479, d0a95d8b-e42b-4cc3-af39-f7831f0cb411:192.168.151.102:40932, bde60412-0b16-4336-9436-0525b0ae90d5:192.168.151.102:39704], old=null
2019-10-02 11:30:57,151 [pool-97-thread-1] INFO  impl.RaftServerImpl (RaftServerImpl.java:setRole(174)) - d0a95d8b-e42b-4cc3-af39-f7831f0cb411@group-3B3A82ECA675: changes role from      null to FOLLOWER at term 0 for startAsFollower
2019-10-02 11:30:57,151 [pool-97-thread-1] INFO  impl.RoleInfo (RoleInfo.java:updateAndGet(143)) - d0a95d8b-e42b-4cc3-af39-f7831f0cb411: start FollowerState
2019-10-02 11:30:57,152 [pool-37-thread-1] INFO  impl.RaftServerImpl (RaftServerImpl.java:start(185)) - bde60412-0b16-4336-9436-0525b0ae90d5@group-3B3A82ECA675: start as a follower, conf=-1: [b0829514-0e81-4cb8-8158-745b805c48fc:192.168.151.102:37479, d0a95d8b-e42b-4cc3-af39-f7831f0cb411:192.168.151.102:40932, bde60412-0b16-4336-9436-0525b0ae90d5:192.168.151.102:39704], old=null
2019-10-02 11:30:57,152 [pool-37-thread-1] INFO  impl.RaftServerImpl (RaftServerImpl.java:setRole(174)) - bde60412-0b16-4336-9436-0525b0ae90d5@group-3B3A82ECA675: changes role from      null to FOLLOWER at term 0 for startAsFollower
2019-10-02 11:30:57,152 [pool-37-thread-1] INFO  impl.RoleInfo (RoleInfo.java:updateAndGet(143)) - bde60412-0b16-4336-9436-0525b0ae90d5: start FollowerState
2019-10-02 11:30:57,152 [pool-47-thread-1] INFO  impl.RaftServerImpl (RaftServerImpl.java:start(185)) - b0829514-0e81-4cb8-8158-745b805c48fc@group-3B3A82ECA675: start as a follower, conf=-1: [b0829514-0e81-4cb8-8158-745b805c48fc:192.168.151.102:37479, d0a95d8b-e42b-4cc3-af39-f7831f0cb411:192.168.151.102:40932, bde60412-0b16-4336-9436-0525b0ae90d5:192.168.151.102:39704], old=null
2019-10-02 11:30:57,152 [pool-47-thread-1] INFO  impl.RaftServerImpl (RaftServerImpl.java:setRole(174)) - b0829514-0e81-4cb8-8158-745b805c48fc@group-3B3A82ECA675: changes role from      null to FOLLOWER at term 0 for startAsFollower
2019-10-02 11:30:57,153 [pool-47-thread-1] INFO  impl.RoleInfo (RoleInfo.java:updateAndGet(143)) - b0829514-0e81-4cb8-8158-745b805c48fc: start FollowerState
2019-10-02 11:30:57,152 [pool-97-thread-1] INFO  util.JmxRegister (JmxRegister.java:tryRegister(44)) - Successfully registered JMX Bean with object name Ratis:service=RaftServer,group=group-3B3A82ECA675,id=d0a95d8b-e42b-4cc3-af39-f7831f0cb411
2019-10-02 11:30:57,153 [pool-37-thread-1] INFO  util.JmxRegister (JmxRegister.java:tryRegister(44)) - Successfully registered JMX Bean with object name Ratis:service=RaftServer,group=group-3B3A82ECA675,id=bde60412-0b16-4336-9436-0525b0ae90d5
2019-10-02 11:30:57,153 [pool-47-thread-1] INFO  util.JmxRegister (JmxRegister.java:tryRegister(44)) - Successfully registered JMX Bean with object name Ratis:service=RaftServer,group=group-3B3A82ECA675,id=b0829514-0e81-4cb8-8158-745b805c48fc
2019-10-02 11:30:57,164 [RatisPipelineUtilsThread] INFO  pipeline.PipelineStateManager (PipelineStateManager.java:addPipeline(56)) - Created pipeline Pipeline[ Id: 81fcf48a-080c-4ff9-a6ed-3b3a82eca675, Nodes: bde60412-0b16-4336-9436-0525b0ae90d5{ip: 192.168.151.102, host: pr-hdds-2164-trunk-xhc96-1404769113, networkLocation: /default-rack, certSerialId: null}b0829514-0e81-4cb8-8158-745b805c48fc{ip: 192.168.151.102, host: pr-hdds-2164-trunk-xhc96-1404769113, networkLocation: /default-rack, certSerialId: null}d0a95d8b-e42b-4cc3-af39-f7831f0cb411{ip: 192.168.151.102, host: pr-hdds-2164-trunk-xhc96-1404769113, networkLocation: /default-rack, certSerialId: null}, Type:RATIS, Factor:THREE, State:OPEN]
2019-10-02 11:30:57,291 [633590d7-4390-4d51-971d-49ea2f910c76@group-AF216C99FD64-SegmentedRaftLogWorker] INFO  segmented.SegmentedRaftLogWorker (SegmentedRaftLogWorker.java:execute(569)) - 633590d7-4390-4d51-971d-49ea2f910c76@group-AF216C99FD64-SegmentedRaftLogWorker: created new log segment /workdir/hadoop-ozone/integration-test/target/test-dir/MiniOzoneClusterImpl-5dc4b805-dc02-409a-84a0-03630345a4d3/datanode-6/data/ratis/af0755e8-a484-48c0-946f-af216c99fd64/current/log_inprogress_0
2019-10-02 11:30:57,291 [13f7021c-1bd2-4a97-8ed8-c7de3e147eb3@group-018A256E0AB5-SegmentedRaftLogWorker] INFO  segmented.SegmentedRaftLogWorker (SegmentedRaftLogWorker.java:execute(569)) - 13f7021c-1bd2-4a97-8ed8-c7de3e147eb3@group-018A256E0AB5-SegmentedRaftLogWorker: created new log segment /workdir/hadoop-ozone/integration-test/target/test-dir/MiniOzoneClusterImpl-5dc4b805-dc02-409a-84a0-03630345a4d3/datanode-0/data/ratis/d573e79d-a5ed-4192-b0ea-018a256e0ab5/current/log_inprogress_0
2019-10-02 11:30:57,291 [d0a95d8b-e42b-4cc3-af39-f7831f0cb411@group-9BCC5182C5FB-SegmentedRaftLogWorker] INFO  segmented.SegmentedRaftLogWorker (SegmentedRaftLogWorker.java:execute(569)) - d0a95d8b-e42b-4cc3-af39-f7831f0cb411@group-9BCC5182C5FB-SegmentedRaftLogWorker: created new log segment /workdir/hadoop-ozone/integration-test/target/test-dir/MiniOzoneClusterImpl-5dc4b805-dc02-409a-84a0-03630345a4d3/datanode-7/data/ratis/7b9e2d6e-64c3-4889-b5de-9bcc5182c5fb/current/log_inprogress_0
2019-10-02 11:30:57,291 [a37a54fb-604e-4e22-90a6-9ef2de79941b@group-6893984871ED-SegmentedRaftLogWorker] INFO  segmented.SegmentedRaftLogWorker (SegmentedRaftLogWorker.java:execute(569)) - a37a54fb-604e-4e22-90a6-9ef2de79941b@group-6893984871ED-SegmentedRaftLogWorker: created new log segment /workdir/hadoop-ozone/integration-test/target/test-dir/MiniOzoneClusterImpl-5dc4b805-dc02-409a-84a0-03630345a4d3/datanode-5/data/ratis/f86545bf-0bb0-4ba1-b358-6893984871ed/current/log_inprogress_0
2019-10-02 11:30:57,291 [79fae529-906f-428f-a89e-b3dd78ccaa15@group-0A2D7239FBD7-SegmentedRaftLogWorker] INFO  segmented.SegmentedRaftLogWorker (SegmentedRaftLogWorker.java:execute(569)) - 79fae529-906f-428f-a89e-b3dd78ccaa15@group-0A2D7239FBD7-SegmentedRaftLogWorker: created new log segment /workdir/hadoop-ozone/integration-test/target/test-dir/MiniOzoneClusterImpl-5dc4b805-dc02-409a-84a0-03630345a4d3/datanode-4/data/ratis/f19077df-f5ee-4564-9d07-0a2d7239fbd7/current/log_inprogress_0
2019-10-02 11:30:57,291 [8af5394b-47b3-4f3f-906d-9219adfe9823@group-D23554B39B82-SegmentedRaftLogWorker] INFO  segmented.SegmentedRaftLogWorker (SegmentedRaftLogWorker.java:execute(569)) - 8af5394b-47b3-4f3f-906d-9219adfe9823@group-D23554B39B82-SegmentedRaftLogWorker: created new log segment /workdir/hadoop-ozone/integration-test/target/test-dir/MiniOzoneClusterImpl-5dc4b805-dc02-409a-84a0-03630345a4d3/datanode-8/data/ratis/669d821a-e221-4c9c-b50c-d23554b39b82/current/log_inprogress_0
2019-10-02 11:30:57,291 [70fbbe32-55c4-4d97-b4b6-a87353a06c87@group-1AED904AC363-SegmentedRaftLogWorker] INFO  segmented.SegmentedRaftLogWorker (SegmentedRaftLogWorker.java:execute(569)) - 70fbbe32-55c4-4d97-b4b6-a87353a06c87@group-1AED904AC363-SegmentedRaftLogWorker: created new log segment /workdir/hadoop-ozone/integration-test/target/test-dir/MiniOzoneClusterImpl-5dc4b805-dc02-409a-84a0-03630345a4d3/datanode-3/data/ratis/faafa7d1-abe0-4b05-8ec4-1aed904ac363/current/log_inprogress_0
2019-10-02 11:30:57,291 [bde60412-0b16-4336-9436-0525b0ae90d5@group-3FD968999142-SegmentedRaftLogWorker] INFO  segmented.SegmentedRaftLogWorker (SegmentedRaftLogWorker.java:execute(569)) - bde60412-0b16-4336-9436-0525b0ae90d5@group-3FD968999142-SegmentedRaftLogWorker: created new log segment /workdir/hadoop-ozone/integration-test/target/test-dir/MiniOzoneClusterImpl-5dc4b805-dc02-409a-84a0-03630345a4d3/datanode-1/data/ratis/1fad1878-93bb-4545-986b-3fd968999142/current/log_inprogress_0
2019-10-02 11:30:57,291 [b0829514-0e81-4cb8-8158-745b805c48fc@group-DB102E65015E-SegmentedRaftLogWorker] INFO  segmented.SegmentedRaftLogWorker (SegmentedRaftLogWorker.java:execute(569)) - b0829514-0e81-4cb8-8158-745b805c48fc@group-DB102E65015E-SegmentedRaftLogWorker: created new log segment /workdir/hadoop-ozone/integration-test/target/test-dir/MiniOzoneClusterImpl-5dc4b805-dc02-409a-84a0-03630345a4d3/datanode-2/data/ratis/d636c1f5-df2c-4252-a893-db102e65015e/current/log_inprogress_0
2019-10-02 11:30:57,291 [e5cd125e-f61d-45cf-b4cf-a13e4bd3b145@group-65ABB48B6019-SegmentedRaftLogWorker] INFO  segmented.SegmentedRaftLogWorker (SegmentedRaftLogWorker.java:execute(569)) - e5cd125e-f61d-45cf-b4cf-a13e4bd3b145@group-65ABB48B6019-SegmentedRaftLogWorker: created new log segment /workdir/hadoop-ozone/integration-test/target/test-dir/MiniOzoneClusterImpl-5dc4b805-dc02-409a-84a0-03630345a4d3/datanode-9/data/ratis/ae6e0671-fca9-4b85-9406-65abb48b6019/current/log_inprogress_0
2019-10-02 11:30:57,404 [main] INFO  impl.MetricsSystemImpl (MetricsSystemImpl.java:init(158)) - XceiverClientMetrics metrics system started (again)
2019-10-02 11:30:57,970 [Thread-351] INFO  impl.FollowerState (FollowerState.java:run(106)) - e5cd125e-f61d-45cf-b4cf-a13e4bd3b145:group-B499B5D26DCB changes to CANDIDATE, lastRpcTime:1021, electionTimeout:1021ms
2019-10-02 11:30:57,970 [Thread-351] INFO  impl.RoleInfo (RoleInfo.java:shutdownFollowerState(121)) - e5cd125e-f61d-45cf-b4cf-a13e4bd3b145: shutdown FollowerState
2019-10-02 11:30:57,970 [Thread-351] INFO  impl.RaftServerImpl (RaftServerImpl.java:setRole(174)) - e5cd125e-f61d-45cf-b4cf-a13e4bd3b145@group-B499B5D26DCB: changes role from  FOLLOWER to CANDIDATE at term 0 for changeToCandidate
2019-10-02 11:30:57,971 [Thread-351] INFO  impl.RoleInfo (RoleInfo.java:updateAndGet(143)) - e5cd125e-f61d-45cf-b4cf-a13e4bd3b145: start LeaderElection
2019-10-02 11:30:57,990 [e5cd125e-f61d-45cf-b4cf-a13e4bd3b145@group-B499B5D26DCB:LeaderElection11] INFO  impl.LeaderElection (LeaderElection.java:askForVotes(182)) - e5cd125e-f61d-45cf-b4cf-a13e4bd3b145@group-B499B5D26DCB:LeaderElection11: begin an election at term 1 for -1: [e5cd125e-f61d-45cf-b4cf-a13e4bd3b145:192.168.151.102:36084, 70fbbe32-55c4-4d97-b4b6-a87353a06c87:192.168.151.102:40051, 633590d7-4390-4d51-971d-49ea2f910c76:192.168.151.102:37552], old=null
2019-10-02 11:30:58,016 [grpc-default-executor-0] INFO  impl.RaftServerImpl (RaftServerImpl.java:setRole(174)) - 633590d7-4390-4d51-971d-49ea2f910c76@group-B499B5D26DCB: changes role from  FOLLOWER to FOLLOWER at term 1 for recognizeCandidate:e5cd125e-f61d-45cf-b4cf-a13e4bd3b145
2019-10-02 11:30:58,021 [grpc-default-executor-1] INFO  impl.RaftServerImpl (RaftServerImpl.java:setRole(174)) - 70fbbe32-55c4-4d97-b4b6-a87353a06c87@group-B499B5D26DCB: changes role from  FOLLOWER to FOLLOWER at term 1 for recognizeCandidate:e5cd125e-f61d-45cf-b4cf-a13e4bd3b145
2019-10-02 11:30:58,021 [grpc-default-executor-0] INFO  impl.RoleInfo (RoleInfo.java:shutdownFollowerState(121)) - 633590d7-4390-4d51-971d-49ea2f910c76: shutdown FollowerState
2019-10-02 11:30:58,021 [grpc-default-executor-1] INFO  impl.RoleInfo (RoleInfo.java:shutdownFollowerState(121)) - 70fbbe32-55c4-4d97-b4b6-a87353a06c87: shutdown FollowerState
2019-10-02 11:30:58,022 [grpc-default-executor-0] INFO  impl.RoleInfo (RoleInfo.java:updateAndGet(143)) - 633590d7-4390-4d51-971d-49ea2f910c76: start FollowerState
2019-10-02 11:30:58,022 [Thread-350] INFO  impl.FollowerState (FollowerState.java:run(115)) - 70fbbe32-55c4-4d97-b4b6-a87353a06c87: FollowerState was interrupted: java.lang.InterruptedException: sleep interrupted
2019-10-02 11:30:58,022 [Thread-352] INFO  impl.FollowerState (FollowerState.java:run(115)) - 633590d7-4390-4d51-971d-49ea2f910c76: FollowerState was interrupted: java.lang.InterruptedException: sleep interrupted
2019-10-02 11:30:58,022 [grpc-default-executor-1] INFO  impl.RoleInfo (RoleInfo.java:updateAndGet(143)) - 70fbbe32-55c4-4d97-b4b6-a87353a06c87: start FollowerState
2019-10-02 11:30:58,054 [e5cd125e-f61d-45cf-b4cf-a13e4bd3b145@group-B499B5D26DCB:LeaderElection11] INFO  impl.LeaderElection (LeaderElection.java:logAndReturn(56)) - e5cd125e-f61d-45cf-b4cf-a13e4bd3b145@group-B499B5D26DCB:LeaderElection11: Election PASSED; received 1 response(s) [e5cd125e-f61d-45cf-b4cf-a13e4bd3b145<-70fbbe32-55c4-4d97-b4b6-a87353a06c87#0:OK-t1] and 0 exception(s); e5cd125e-f61d-45cf-b4cf-a13e4bd3b145@group-B499B5D26DCB:t1, leader=null, voted=e5cd125e-f61d-45cf-b4cf-a13e4bd3b145, raftlog=e5cd125e-f61d-45cf-b4cf-a13e4bd3b145@group-B499B5D26DCB-SegmentedRaftLog:OPENED:c-1,f-1,i0, conf=-1: [e5cd125e-f61d-45cf-b4cf-a13e4bd3b145:192.168.151.102:36084, 70fbbe32-55c4-4d97-b4b6-a87353a06c87:192.168.151.102:40051, 633590d7-4390-4d51-971d-49ea2f910c76:192.168.151.102:37552], old=null
2019-10-02 11:30:58,054 [e5cd125e-f61d-45cf-b4cf-a13e4bd3b145@group-B499B5D26DCB:LeaderElection11] INFO  impl.RoleInfo (RoleInfo.java:shutdownLeaderElection(134)) - e5cd125e-f61d-45cf-b4cf-a13e4bd3b145: shutdown LeaderElection
2019-10-02 11:30:58,054 [e5cd125e-f61d-45cf-b4cf-a13e4bd3b145@group-B499B5D26DCB:LeaderElection11] INFO  impl.RaftServerImpl (RaftServerImpl.java:setRole(174)) - e5cd125e-f61d-45cf-b4cf-a13e4bd3b145@group-B499B5D26DCB: changes role from CANDIDATE to LEADER at term 1 for changeToLeader
2019-10-02 11:30:58,057 [e5cd125e-f61d-45cf-b4cf-a13e4bd3b145@group-B499B5D26DCB:LeaderElection11] INFO  impl.RaftServerImpl (ServerState.java:setLeader(253)) - e5cd125e-f61d-45cf-b4cf-a13e4bd3b145@group-B499B5D26DCB: change Leader from null to e5cd125e-f61d-45cf-b4cf-a13e4bd3b145 at term 1 for becomeLeader, leader elected after 1174ms
2019-10-02 11:30:58,057 [e5cd125e-f61d-45cf-b4cf-a13e4bd3b145@group-B499B5D26DCB:LeaderElection11] INFO  server.RaftServerConfigKeys (ConfUtils.java:logGet(43)) - raft.server.staging.catchup.gap = 1000 (default)
2019-10-02 11:30:58,057 [e5cd125e-f61d-45cf-b4cf-a13e4bd3b145@group-B499B5D26DCB:LeaderElection11] INFO  server.RaftServerConfigKeys (ConfUtils.java:logGet(43)) - raft.server.rpc.sleep.time = 25ms (default)
2019-10-02 11:30:58,058 [e5cd125e-f61d-45cf-b4cf-a13e4bd3b145@group-B499B5D26DCB:LeaderElection11] INFO  server.RaftServerConfigKeys (ConfUtils.java:logGet(43)) - raft.server.write.element-limit = 4096 (default)
2019-10-02 11:30:58,058 [e5cd125e-f61d-45cf-b4cf-a13e4bd3b145@group-B499B5D26DCB:LeaderElection11] INFO  server.RaftServerConfigKeys (ConfUtils.java:logGet(43)) - raft.server.watch.timeout = 10s (default)
2019-10-02 11:30:58,058 [e5cd125e-f61d-45cf-b4cf-a13e4bd3b145@group-B499B5D26DCB:LeaderElection11] INFO  server.RaftServerConfigKeys (ConfUtils.java:logGet(43)) - raft.server.watch.timeout.denomination = 1s (default)
2019-10-02 11:30:58,058 [e5cd125e-f61d-45cf-b4cf-a13e4bd3b145@group-B499B5D26DCB:LeaderElection11] INFO  server.RaftServerConfigKeys (ConfUtils.java:logGet(43)) - raft.server.watch.element-limit = 65536 (default)
2019-10-02 11:30:58,065 [e5cd125e-f61d-45cf-b4cf-a13e4bd3b145@group-B499B5D26DCB:LeaderElection11] INFO  server.RaftServerConfigKeys (ConfUtils.java:logGet(43)) - raft.server.log.appender.snapshot.chunk.size.max = 16MB (=16777216) (default)
2019-10-02 11:30:58,065 [e5cd125e-f61d-45cf-b4cf-a13e4bd3b145@group-B499B5D26DCB:LeaderElection11] INFO  server.RaftServerConfigKeys (ConfUtils.java:logGet(43)) - raft.server.log.appender.buffer.byte-limit = 33554432 (custom)
2019-10-02 11:30:58,066 [e5cd125e-f61d-45cf-b4cf-a13e4bd3b145@group-B499B5D26DCB:LeaderElection11] INFO  server.RaftServerConfigKeys (ConfUtils.java:logGet(43)) - raft.server.log.appender.buffer.element-limit = 1 (custom)
2019-10-02 11:30:58,070 [e5cd125e-f61d-45cf-b4cf-a13e4bd3b145@group-B499B5D26DCB:LeaderElection11] INFO  grpc.GrpcConfigKeys$Server (ConfUtils.java:logGet(43)) - raft.grpc.server.leader.outstanding.appends.max = 128 (default)
2019-10-02 11:30:58,070 [e5cd125e-f61d-45cf-b4cf-a13e4bd3b145@group-B499B5D26DCB:LeaderElection11] INFO  server.RaftServerConfigKeys (ConfUtils.java:logGet(43)) - raft.server.rpc.request.timeout = 3000ms (default)
2019-10-02 11:30:58,070 [e5cd125e-f61d-45cf-b4cf-a13e4bd3b145@group-B499B5D26DCB:LeaderElection11] INFO  server.RaftServerConfigKeys (ConfUtils.java:logGet(43)) - raft.server.log.appender.install.snapshot.enabled = false (custom)
2019-10-02 11:30:58,071 [e5cd125e-f61d-45cf-b4cf-a13e4bd3b145@group-B499B5D26DCB:LeaderElection11] INFO  server.RaftServerConfigKeys (ConfUtils.java:logGet(43)) - raft.server.log.appender.snapshot.chunk.size.max = 16MB (=16777216) (default)
2019-10-02 11:30:58,071 [e5cd125e-f61d-45cf-b4cf-a13e4bd3b145@group-B499B5D26DCB:LeaderElection11] INFO  server.RaftServerConfigKeys (ConfUtils.java:logGet(43)) - raft.server.log.appender.buffer.byte-limit = 33554432 (custom)
2019-10-02 11:30:58,071 [e5cd125e-f61d-45cf-b4cf-a13e4bd3b145@group-B499B5D26DCB:LeaderElection11] INFO  server.RaftServerConfigKeys (ConfUtils.java:logGet(43)) - raft.server.log.appender.buffer.element-limit = 1 (custom)
2019-10-02 11:30:58,072 [e5cd125e-f61d-45cf-b4cf-a13e4bd3b145@group-B499B5D26DCB:LeaderElection11] INFO  grpc.GrpcConfigKeys$Server (ConfUtils.java:logGet(43)) - raft.grpc.server.leader.outstanding.appends.max = 128 (default)
2019-10-02 11:30:58,072 [e5cd125e-f61d-45cf-b4cf-a13e4bd3b145@group-B499B5D26DCB:LeaderElection11] INFO  server.RaftServerConfigKeys (ConfUtils.java:logGet(43)) - raft.server.rpc.request.timeout = 3000ms (default)
2019-10-02 11:30:58,072 [e5cd125e-f61d-45cf-b4cf-a13e4bd3b145@group-B499B5D26DCB:LeaderElection11] INFO  server.RaftServerConfigKeys (ConfUtils.java:logGet(43)) - raft.server.log.appender.install.snapshot.enabled = false (custom)
2019-10-02 11:30:58,074 [e5cd125e-f61d-45cf-b4cf-a13e4bd3b145@group-B499B5D26DCB:LeaderElection11] INFO  impl.RoleInfo (RoleInfo.java:updateAndGet(143)) - e5cd125e-f61d-45cf-b4cf-a13e4bd3b145: start LeaderState
2019-10-02 11:30:58,074 [e5cd125e-f61d-45cf-b4cf-a13e4bd3b145@group-B499B5D26DCB:LeaderElection11] INFO  segmented.SegmentedRaftLogWorker (SegmentedRaftLogWorker.java:startLogSegment(380)) - e5cd125e-f61d-45cf-b4cf-a13e4bd3b145@group-B499B5D26DCB-SegmentedRaftLogWorker: Starting segment from index:0
2019-10-02 11:30:58,075 [e5cd125e-f61d-45cf-b4cf-a13e4bd3b145@group-B499B5D26DCB:LeaderElection11] INFO  impl.RaftServerImpl (ServerState.java:setRaftConf(354)) - e5cd125e-f61d-45cf-b4cf-a13e4bd3b145@group-B499B5D26DCB: set configuration 0: [e5cd125e-f61d-45cf-b4cf-a13e4bd3b145:192.168.151.102:36084, 70fbbe32-55c4-4d97-b4b6-a87353a06c87:192.168.151.102:40051, 633590d7-4390-4d51-971d-49ea2f910c76:192.168.151.102:37552], old=null at 0
2019-10-02 11:30:58,115 [e5cd125e-f61d-45cf-b4cf-a13e4bd3b145@group-B499B5D26DCB-SegmentedRaftLogWorker] INFO  segmented.SegmentedRaftLogWorker (SegmentedRaftLogWorker.java:execute(569)) - e5cd125e-f61d-45cf-b4cf-a13e4bd3b145@group-B499B5D26DCB-SegmentedRaftLogWorker: created new log segment /workdir/hadoop-ozone/integration-test/target/test-dir/MiniOzoneClusterImpl-5dc4b805-dc02-409a-84a0-03630345a4d3/datanode-9/data/ratis/ea0c0fbb-c99e-4d21-b5e3-b499b5d26dcb/current/log_inprogress_0
2019-10-02 11:30:58,127 [grpc-default-executor-0] INFO  impl.RaftServerImpl (ServerState.java:setLeader(253)) - 70fbbe32-55c4-4d97-b4b6-a87353a06c87@group-B499B5D26DCB: change Leader from null to e5cd125e-f61d-45cf-b4cf-a13e4bd3b145 at term 1 for appendEntries, leader elected after 1234ms
2019-10-02 11:30:58,127 [grpc-default-executor-1] INFO  impl.RaftServerImpl (ServerState.java:setLeader(253)) - 633590d7-4390-4d51-971d-49ea2f910c76@group-B499B5D26DCB: change Leader from null to e5cd125e-f61d-45cf-b4cf-a13e4bd3b145 at term 1 for appendEntries, leader elected after 1245ms
2019-10-02 11:30:58,159 [grpc-default-executor-0] INFO  impl.RaftServerImpl (ServerState.java:setRaftConf(354)) - 70fbbe32-55c4-4d97-b4b6-a87353a06c87@group-B499B5D26DCB: set configuration 0: [e5cd125e-f61d-45cf-b4cf-a13e4bd3b145:192.168.151.102:36084, 70fbbe32-55c4-4d97-b4b6-a87353a06c87:192.168.151.102:40051, 633590d7-4390-4d51-971d-49ea2f910c76:192.168.151.102:37552], old=null at 0
2019-10-02 11:30:58,159 [grpc-default-executor-1] INFO  impl.RaftServerImpl (ServerState.java:setRaftConf(354)) - 633590d7-4390-4d51-971d-49ea2f910c76@group-B499B5D26DCB: set configuration 0: [e5cd125e-f61d-45cf-b4cf-a13e4bd3b145:192.168.151.102:36084, 70fbbe32-55c4-4d97-b4b6-a87353a06c87:192.168.151.102:40051, 633590d7-4390-4d51-971d-49ea2f910c76:192.168.151.102:37552], old=null at 0
2019-10-02 11:30:58,159 [grpc-default-executor-0] INFO  segmented.SegmentedRaftLogWorker (SegmentedRaftLogWorker.java:startLogSegment(380)) - 70fbbe32-55c4-4d97-b4b6-a87353a06c87@group-B499B5D26DCB-SegmentedRaftLogWorker: Starting segment from index:0
2019-10-02 11:30:58,159 [grpc-default-executor-1] INFO  segmented.SegmentedRaftLogWorker (SegmentedRaftLogWorker.java:startLogSegment(380)) - 633590d7-4390-4d51-971d-49ea2f910c76@group-B499B5D26DCB-SegmentedRaftLogWorker: Starting segment from index:0
2019-10-02 11:30:58,162 [Thread-369] INFO  impl.FollowerState (FollowerState.java:run(106)) - d0a95d8b-e42b-4cc3-af39-f7831f0cb411:group-3B3A82ECA675 changes to CANDIDATE, lastRpcTime:1010, electionTimeout:1010ms
2019-10-02 11:30:58,163 [Thread-369] INFO  impl.RoleInfo (RoleInfo.java:shutdownFollowerState(121)) - d0a95d8b-e42b-4cc3-af39-f7831f0cb411: shutdown FollowerState
2019-10-02 11:30:58,163 [Thread-369] INFO  impl.RaftServerImpl (RaftServerImpl.java:setRole(174)) - d0a95d8b-e42b-4cc3-af39-f7831f0cb411@group-3B3A82ECA675: changes role from  FOLLOWER to CANDIDATE at term 0 for changeToCandidate
2019-10-02 11:30:58,163 [Thread-369] INFO  impl.RoleInfo (RoleInfo.java:updateAndGet(143)) - d0a95d8b-e42b-4cc3-af39-f7831f0cb411: start LeaderElection
2019-10-02 11:30:58,188 [Thread-362] INFO  impl.FollowerState (FollowerState.java:run(106)) - 79fae529-906f-428f-a89e-b3dd78ccaa15:group-123F43983AAF changes to CANDIDATE, lastRpcTime:1104, electionTimeout:1102ms
2019-10-02 11:30:58,193 [Thread-371] INFO  impl.FollowerState (FollowerState.java:run(106)) - b0829514-0e81-4cb8-8158-745b805c48fc:group-3B3A82ECA675 changes to CANDIDATE, lastRpcTime:1040, electionTimeout:1039ms
2019-10-02 11:30:58,193 [Thread-362] INFO  impl.RoleInfo (RoleInfo.java:shutdownFollowerState(121)) - 79fae529-906f-428f-a89e-b3dd78ccaa15: shutdown FollowerState
2019-10-02 11:30:58,193 [Thread-371] INFO  impl.RoleInfo (RoleInfo.java:shutdownFollowerState(121)) - b0829514-0e81-4cb8-8158-745b805c48fc: shutdown FollowerState
2019-10-02 11:30:58,193 [Thread-362] INFO  impl.RaftServerImpl (RaftServerImpl.java:setRole(174)) - 79fae529-906f-428f-a89e-b3dd78ccaa15@group-123F43983AAF: changes role from  FOLLOWER to CANDIDATE at term 0 for changeToCandidate
2019-10-02 11:30:58,193 [Thread-371] INFO  impl.RaftServerImpl (RaftServerImpl.java:setRole(174)) - b0829514-0e81-4cb8-8158-745b805c48fc@group-3B3A82ECA675: changes role from  FOLLOWER to CANDIDATE at term 0 for changeToCandidate
2019-10-02 11:30:58,194 [Thread-362] INFO  impl.RoleInfo (RoleInfo.java:updateAndGet(143)) - 79fae529-906f-428f-a89e-b3dd78ccaa15: start LeaderElection
2019-10-02 11:30:58,194 [Thread-371] INFO  impl.RoleInfo (RoleInfo.java:updateAndGet(143)) - b0829514-0e81-4cb8-8158-745b805c48fc: start LeaderElection
2019-10-02 11:30:58,204 [633590d7-4390-4d51-971d-49ea2f910c76@group-B499B5D26DCB-SegmentedRaftLogWorker] INFO  segmented.SegmentedRaftLogWorker (SegmentedRaftLogWorker.java:execute(569)) - 633590d7-4390-4d51-971d-49ea2f910c76@group-B499B5D26DCB-SegmentedRaftLogWorker: created new log segment /workdir/hadoop-ozone/integration-test/target/test-dir/MiniOzoneClusterImpl-5dc4b805-dc02-409a-84a0-03630345a4d3/datanode-6/data/ratis/ea0c0fbb-c99e-4d21-b5e3-b499b5d26dcb/current/log_inprogress_0
2019-10-02 11:30:58,204 [70fbbe32-55c4-4d97-b4b6-a87353a06c87@group-B499B5D26DCB-SegmentedRaftLogWorker] INFO  segmented.SegmentedRaftLogWorker (SegmentedRaftLogWorker.java:execute(569)) - 70fbbe32-55c4-4d97-b4b6-a87353a06c87@group-B499B5D26DCB-SegmentedRaftLogWorker: created new log segment /workdir/hadoop-ozone/integration-test/target/test-dir/MiniOzoneClusterImpl-5dc4b805-dc02-409a-84a0-03630345a4d3/datanode-3/data/ratis/ea0c0fbb-c99e-4d21-b5e3-b499b5d26dcb/current/log_inprogress_0
2019-10-02 11:30:58,204 [d0a95d8b-e42b-4cc3-af39-f7831f0cb411@group-3B3A82ECA675:LeaderElection12] INFO  impl.LeaderElection (LeaderElection.java:askForVotes(182)) - d0a95d8b-e42b-4cc3-af39-f7831f0cb411@group-3B3A82ECA675:LeaderElection12: begin an election at term 1 for -1: [b0829514-0e81-4cb8-8158-745b805c48fc:192.168.151.102:37479, d0a95d8b-e42b-4cc3-af39-f7831f0cb411:192.168.151.102:40932, bde60412-0b16-4336-9436-0525b0ae90d5:192.168.151.102:39704], old=null
2019-10-02 11:30:58,218 [79fae529-906f-428f-a89e-b3dd78ccaa15@group-123F43983AAF:LeaderElection13] INFO  impl.LeaderElection (LeaderElection.java:askForVotes(182)) - 79fae529-906f-428f-a89e-b3dd78ccaa15@group-123F43983AAF:LeaderElection13: begin an election at term 1 for -1: [8af5394b-47b3-4f3f-906d-9219adfe9823:192.168.151.102:33268, 79fae529-906f-428f-a89e-b3dd78ccaa15:192.168.151.102:42043, a37a54fb-604e-4e22-90a6-9ef2de79941b:192.168.151.102:39954], old=null
2019-10-02 11:30:58,218 [b0829514-0e81-4cb8-8158-745b805c48fc@group-3B3A82ECA675:LeaderElection14] INFO  impl.LeaderElection (LeaderElection.java:askForVotes(182)) - b0829514-0e81-4cb8-8158-745b805c48fc@group-3B3A82ECA675:LeaderElection14: begin an election at term 1 for -1: [b0829514-0e81-4cb8-8158-745b805c48fc:192.168.151.102:37479, d0a95d8b-e42b-4cc3-af39-f7831f0cb411:192.168.151.102:40932, bde60412-0b16-4336-9436-0525b0ae90d5:192.168.151.102:39704], old=null
2019-10-02 11:30:58,221 [grpc-default-executor-0] INFO  impl.RaftServerImpl (RaftServerImpl.java:setRole(174)) - bde60412-0b16-4336-9436-0525b0ae90d5@group-3B3A82ECA675: changes role from  FOLLOWER to FOLLOWER at term 1 for recognizeCandidate:d0a95d8b-e42b-4cc3-af39-f7831f0cb411
2019-10-02 11:30:58,221 [grpc-default-executor-0] INFO  impl.RoleInfo (RoleInfo.java:shutdownFollowerState(121)) - bde60412-0b16-4336-9436-0525b0ae90d5: shutdown FollowerState
2019-10-02 11:30:58,222 [Thread-370] INFO  impl.FollowerState (FollowerState.java:run(115)) - bde60412-0b16-4336-9436-0525b0ae90d5: FollowerState was interrupted: java.lang.InterruptedException: sleep interrupted
2019-10-02 11:30:58,227 [Thread-363] INFO  impl.FollowerState (FollowerState.java:run(106)) - 8af5394b-47b3-4f3f-906d-9219adfe9823:group-123F43983AAF changes to CANDIDATE, lastRpcTime:1143, electionTimeout:1143ms
2019-10-02 11:30:58,227 [grpc-default-executor-0] INFO  impl.RoleInfo (RoleInfo.java:updateAndGet(143)) - bde60412-0b16-4336-9436-0525b0ae90d5: start FollowerState
2019-10-02 11:30:58,227 [Thread-363] INFO  impl.RoleInfo (RoleInfo.java:shutdownFollowerState(121)) - 8af5394b-47b3-4f3f-906d-9219adfe9823: shutdown FollowerState
2019-10-02 11:30:58,227 [Thread-363] INFO  impl.RaftServerImpl (RaftServerImpl.java:setRole(174)) - 8af5394b-47b3-4f3f-906d-9219adfe9823@group-123F43983AAF: changes role from  FOLLOWER to CANDIDATE at term 0 for changeToCandidate
2019-10-02 11:30:58,234 [Thread-363] INFO  impl.RoleInfo (RoleInfo.java:updateAndGet(143)) - 8af5394b-47b3-4f3f-906d-9219adfe9823: start LeaderElection
2019-10-02 11:30:58,250 [8af5394b-47b3-4f3f-906d-9219adfe9823@group-123F43983AAF:LeaderElection15] INFO  impl.LeaderElection (LeaderElection.java:askForVotes(182)) - 8af5394b-47b3-4f3f-906d-9219adfe9823@group-123F43983AAF:LeaderElection15: begin an election at term 1 for -1: [8af5394b-47b3-4f3f-906d-9219adfe9823:192.168.151.102:33268, 79fae529-906f-428f-a89e-b3dd78ccaa15:192.168.151.102:42043, a37a54fb-604e-4e22-90a6-9ef2de79941b:192.168.151.102:39954], old=null
2019-10-02 11:30:58,252 [grpc-default-executor-4] INFO  impl.RaftServerImpl (RaftServerImpl.java:setRole(174)) - a37a54fb-604e-4e22-90a6-9ef2de79941b@group-123F43983AAF: changes role from  FOLLOWER to FOLLOWER at term 1 for recognizeCandidate:79fae529-906f-428f-a89e-b3dd78ccaa15
2019-10-02 11:30:58,252 [grpc-default-executor-4] INFO  impl.RoleInfo (RoleInfo.java:shutdownFollowerState(121)) - a37a54fb-604e-4e22-90a6-9ef2de79941b: shutdown FollowerState
2019-10-02 11:30:58,252 [grpc-default-executor-4] INFO  impl.RoleInfo (RoleInfo.java:updateAndGet(143)) - a37a54fb-604e-4e22-90a6-9ef2de79941b: start FollowerState
2019-10-02 11:30:58,252 [Thread-358] INFO  impl.FollowerState (FollowerState.java:run(115)) - a37a54fb-604e-4e22-90a6-9ef2de79941b: FollowerState was interrupted: java.lang.InterruptedException: sleep interrupted
2019-10-02 11:30:58,264 [d0a95d8b-e42b-4cc3-af39-f7831f0cb411@group-3B3A82ECA675:LeaderElection12] INFO  impl.LeaderElection (LeaderElection.java:logAndReturn(56)) - d0a95d8b-e42b-4cc3-af39-f7831f0cb411@group-3B3A82ECA675:LeaderElection12: Election PASSED; received 2 response(s) [d0a95d8b-e42b-4cc3-af39-f7831f0cb411<-b0829514-0e81-4cb8-8158-745b805c48fc#0:FAIL-t1, d0a95d8b-e42b-4cc3-af39-f7831f0cb411<-bde60412-0b16-4336-9436-0525b0ae90d5#0:OK-t1] and 0 exception(s); d0a95d8b-e42b-4cc3-af39-f7831f0cb411@group-3B3A82ECA675:t1, leader=null, voted=d0a95d8b-e42b-4cc3-af39-f7831f0cb411, raftlog=d0a95d8b-e42b-4cc3-af39-f7831f0cb411@group-3B3A82ECA675-SegmentedRaftLog:OPENED:c-1,f-1,i0, conf=-1: [b0829514-0e81-4cb8-8158-745b805c48fc:192.168.151.102:37479, d0a95d8b-e42b-4cc3-af39-f7831f0cb411:192.168.151.102:40932, bde60412-0b16-4336-9436-0525b0ae90d5:192.168.151.102:39704], old=null
2019-10-02 11:30:58,264 [d0a95d8b-e42b-4cc3-af39-f7831f0cb411@group-3B3A82ECA675:LeaderElection12] INFO  impl.RoleInfo (RoleInfo.java:shutdownLeaderElection(134)) - d0a95d8b-e42b-4cc3-af39-f7831f0cb411: shutdown LeaderElection
2019-10-02 11:30:58,267 [d0a95d8b-e42b-4cc3-af39-f7831f0cb411@group-3B3A82ECA675:LeaderElection12] INFO  impl.RaftServerImpl (RaftServerImpl.java:setRole(174)) - d0a95d8b-e42b-4cc3-af39-f7831f0cb411@group-3B3A82ECA675: changes role from CANDIDATE to LEADER at term 1 for changeToLeader
2019-10-02 11:30:58,269 [d0a95d8b-e42b-4cc3-af39-f7831f0cb411@group-3B3A82ECA675:LeaderElection12] INFO  impl.RaftServerImpl (ServerState.java:setLeader(253)) - d0a95d8b-e42b-4cc3-af39-f7831f0cb411@group-3B3A82ECA675: change Leader from null to d0a95d8b-e42b-4cc3-af39-f7831f0cb411 at term 1 for becomeLeader, leader elected after 1126ms
2019-10-02 11:30:58,269 [d0a95d8b-e42b-4cc3-af39-f7831f0cb411@group-3B3A82ECA675:LeaderElection12] INFO  server.RaftServerConfigKeys (ConfUtils.java:logGet(43)) - raft.server.staging.catchup.gap = 1000 (default)
2019-10-02 11:30:58,269 [d0a95d8b-e42b-4cc3-af39-f7831f0cb411@group-3B3A82ECA675:LeaderElection12] INFO  server.RaftServerConfigKeys (ConfUtils.java:logGet(43)) - raft.server.rpc.sleep.time = 25ms (default)
2019-10-02 11:30:58,269 [d0a95d8b-e42b-4cc3-af39-f7831f0cb411@group-3B3A82ECA675:LeaderElection12] INFO  server.RaftServerConfigKeys (ConfUtils.java:logGet(43)) - raft.server.write.element-limit = 4096 (default)
2019-10-02 11:30:58,270 [d0a95d8b-e42b-4cc3-af39-f7831f0cb411@group-3B3A82ECA675:LeaderElection12] INFO  server.RaftServerConfigKeys (ConfUtils.java:logGet(43)) - raft.server.watch.timeout = 10s (default)
2019-10-02 11:30:58,270 [d0a95d8b-e42b-4cc3-af39-f7831f0cb411@group-3B3A82ECA675:LeaderElection12] INFO  server.RaftServerConfigKeys (ConfUtils.java:logGet(43)) - raft.server.watch.timeout.denomination = 1s (default)
2019-10-02 11:30:58,270 [d0a95d8b-e42b-4cc3-af39-f7831f0cb411@group-3B3A82ECA675:LeaderElection12] INFO  server.RaftServerConfigKeys (ConfUtils.java:logGet(43)) - raft.server.watch.element-limit = 65536 (default)
2019-10-02 11:30:58,275 [b0829514-0e81-4cb8-8158-745b805c48fc@group-3B3A82ECA675:LeaderElection14] INFO  impl.LeaderElection (LeaderElection.java:logAndReturn(56)) - b0829514-0e81-4cb8-8158-745b805c48fc@group-3B3A82ECA675:LeaderElection14: Election REJECTED; received 2 response(s) [b0829514-0e81-4cb8-8158-745b805c48fc<-d0a95d8b-e42b-4cc3-af39-f7831f0cb411#0:FAIL-t1, b0829514-0e81-4cb8-8158-745b805c48fc<-bde60412-0b16-4336-9436-0525b0ae90d5#0:FAIL-t1] and 0 exception(s); b0829514-0e81-4cb8-8158-745b805c48fc@group-3B3A82ECA675:t1, leader=null, voted=b0829514-0e81-4cb8-8158-745b805c48fc, raftlog=b0829514-0e81-4cb8-8158-745b805c48fc@group-3B3A82ECA675-SegmentedRaftLog:OPENED:c-1,f-1,i0, conf=-1: [b0829514-0e81-4cb8-8158-745b805c48fc:192.168.151.102:37479, d0a95d8b-e42b-4cc3-af39-f7831f0cb411:192.168.151.102:40932, bde60412-0b16-4336-9436-0525b0ae90d5:192.168.151.102:39704], old=null
2019-10-02 11:30:58,280 [b0829514-0e81-4cb8-8158-745b805c48fc@group-3B3A82ECA675:LeaderElection14] INFO  impl.RaftServerImpl (RaftServerImpl.java:setRole(174)) - b0829514-0e81-4cb8-8158-745b805c48fc@group-3B3A82ECA675: changes role from CANDIDATE to FOLLOWER at term 1 for DISCOVERED_A_NEW_TERM
2019-10-02 11:30:58,280 [b0829514-0e81-4cb8-8158-745b805c48fc@group-3B3A82ECA675:LeaderElection14] INFO  impl.RoleInfo (RoleInfo.java:shutdownLeaderElection(134)) - b0829514-0e81-4cb8-8158-745b805c48fc: shutdown LeaderElection
2019-10-02 11:30:58,280 [b0829514-0e81-4cb8-8158-745b805c48fc@group-3B3A82ECA675:LeaderElection14] INFO  impl.RoleInfo (RoleInfo.java:updateAndGet(143)) - b0829514-0e81-4cb8-8158-745b805c48fc: start FollowerState
2019-10-02 11:30:58,288 [d0a95d8b-e42b-4cc3-af39-f7831f0cb411@group-3B3A82ECA675:LeaderElection12] INFO  server.RaftServerConfigKeys (ConfUtils.java:logGet(43)) - raft.server.log.appender.snapshot.chunk.size.max = 16MB (=16777216) (default)
2019-10-02 11:30:58,288 [79fae529-906f-428f-a89e-b3dd78ccaa15@group-123F43983AAF:LeaderElection13] INFO  impl.LeaderElection (LeaderElection.java:logAndReturn(56)) - 79fae529-906f-428f-a89e-b3dd78ccaa15@group-123F43983AAF:LeaderElection13: Election PASSED; received 2 response(s) [79fae529-906f-428f-a89e-b3dd78ccaa15<-8af5394b-47b3-4f3f-906d-9219adfe9823#0:FAIL-t1, 79fae529-906f-428f-a89e-b3dd78ccaa15<-a37a54fb-604e-4e22-90a6-9ef2de79941b#0:OK-t1] and 0 exception(s); 79fae529-906f-428f-a89e-b3dd78ccaa15@group-123F43983AAF:t1, leader=null, voted=79fae529-906f-428f-a89e-b3dd78ccaa15, raftlog=79fae529-906f-428f-a89e-b3dd78ccaa15@group-123F43983AAF-SegmentedRaftLog:OPENED:c-1,f-1,i0, conf=-1: [8af5394b-47b3-4f3f-906d-9219adfe9823:192.168.151.102:33268, 79fae529-906f-428f-a89e-b3dd78ccaa15:192.168.151.102:42043, a37a54fb-604e-4e22-90a6-9ef2de79941b:192.168.151.102:39954], old=null
2019-10-02 11:30:58,291 [d0a95d8b-e42b-4cc3-af39-f7831f0cb411@group-3B3A82ECA675:LeaderElection12] INFO  server.RaftServerConfigKeys (ConfUtils.java:logGet(43)) - raft.server.log.appender.buffer.byte-limit = 33554432 (custom)
2019-10-02 11:30:58,291 [79fae529-906f-428f-a89e-b3dd78ccaa15@group-123F43983AAF:LeaderElection13] INFO  impl.RoleInfo (RoleInfo.java:shutdownLeaderElection(134)) - 79fae529-906f-428f-a89e-b3dd78ccaa15: shutdown LeaderElection
2019-10-02 11:30:58,299 [d0a95d8b-e42b-4cc3-af39-f7831f0cb411@group-3B3A82ECA675:LeaderElection12] INFO  server.RaftServerConfigKeys (ConfUtils.java:logGet(43)) - raft.server.log.appender.buffer.element-limit = 1 (custom)
2019-10-02 11:30:58,301 [79fae529-906f-428f-a89e-b3dd78ccaa15@group-123F43983AAF:LeaderElection13] INFO  impl.RaftServerImpl (RaftServerImpl.java:setRole(174)) - 79fae529-906f-428f-a89e-b3dd78ccaa15@group-123F43983AAF: changes role from CANDIDATE to LEADER at term 1 for changeToLeader
2019-10-02 11:30:58,303 [d0a95d8b-e42b-4cc3-af39-f7831f0cb411@group-3B3A82ECA675:LeaderElection12] INFO  grpc.GrpcConfigKeys$Server (ConfUtils.java:logGet(43)) - raft.grpc.server.leader.outstanding.appends.max = 128 (default)
2019-10-02 11:30:58,303 [79fae529-906f-428f-a89e-b3dd78ccaa15@group-123F43983AAF:LeaderElection13] INFO  impl.RaftServerImpl (ServerState.java:setLeader(253)) - 79fae529-906f-428f-a89e-b3dd78ccaa15@group-123F43983AAF: change Leader from null to 79fae529-906f-428f-a89e-b3dd78ccaa15 at term 1 for becomeLeader, leader elected after 1235ms
2019-10-02 11:30:58,305 [79fae529-906f-428f-a89e-b3dd78ccaa15@group-123F43983AAF:LeaderElection13] INFO  server.RaftServerConfigKeys (ConfUtils.java:logGet(43)) - raft.server.staging.catchup.gap = 1000 (default)
2019-10-02 11:30:58,305 [d0a95d8b-e42b-4cc3-af39-f7831f0cb411@group-3B3A82ECA675:LeaderElection12] INFO  server.RaftServerConfigKeys (ConfUtils.java:logGet(43)) - raft.server.rpc.request.timeout = 3000ms (default)
2019-10-02 11:30:58,305 [79fae529-906f-428f-a89e-b3dd78ccaa15@group-123F43983AAF:LeaderElection13] INFO  server.RaftServerConfigKeys (ConfUtils.java:logGet(43)) - raft.server.rpc.sleep.time = 25ms (default)
2019-10-02 11:30:58,305 [d0a95d8b-e42b-4cc3-af39-f7831f0cb411@group-3B3A82ECA675:LeaderElection12] INFO  server.RaftServerConfigKeys (ConfUtils.java:logGet(43)) - raft.server.log.appender.install.snapshot.enabled = false (custom)
2019-10-02 11:30:58,305 [79fae529-906f-428f-a89e-b3dd78ccaa15@group-123F43983AAF:LeaderElection13] INFO  server.RaftServerConfigKeys (ConfUtils.java:logGet(43)) - raft.server.write.element-limit = 4096 (default)
2019-10-02 11:30:58,305 [8af5394b-47b3-4f3f-906d-9219adfe9823@group-123F43983AAF:LeaderElection15] INFO  impl.LeaderElection (LeaderElection.java:logAndReturn(56)) - 8af5394b-47b3-4f3f-906d-9219adfe9823@group-123F43983AAF:LeaderElection15: Election REJECTED; received 2 response(s) [8af5394b-47b3-4f3f-906d-9219adfe9823<-79fae529-906f-428f-a89e-b3dd78ccaa15#0:FAIL-t1, 8af5394b-47b3-4f3f-906d-9219adfe9823<-a37a54fb-604e-4e22-90a6-9ef2de79941b#0:FAIL-t1] and 0 exception(s); 8af5394b-47b3-4f3f-906d-9219adfe9823@group-123F43983AAF:t1, leader=null, voted=8af5394b-47b3-4f3f-906d-9219adfe9823, raftlog=8af5394b-47b3-4f3f-906d-9219adfe9823@group-123F43983AAF-SegmentedRaftLog:OPENED:c-1,f-1,i0, conf=-1: [8af5394b-47b3-4f3f-906d-9219adfe9823:192.168.151.102:33268, 79fae529-906f-428f-a89e-b3dd78ccaa15:192.168.151.102:42043, a37a54fb-604e-4e22-90a6-9ef2de79941b:192.168.151.102:39954], old=null
2019-10-02 11:30:58,305 [d0a95d8b-e42b-4cc3-af39-f7831f0cb411@group-3B3A82ECA675:LeaderElection12] INFO  server.RaftServerConfigKeys (ConfUtils.java:logGet(43)) - raft.server.log.appender.snapshot.chunk.size.max = 16MB (=16777216) (default)
2019-10-02 11:30:58,305 [79fae529-906f-428f-a89e-b3dd78ccaa15@group-123F43983AAF:LeaderElection13] INFO  server.RaftServerConfigKeys (ConfUtils.java:logGet(43)) - raft.server.watch.timeout = 10s (default)
2019-10-02 11:30:58,306 [d0a95d8b-e42b-4cc3-af39-f7831f0cb411@group-3B3A82ECA675:LeaderElection12] INFO  server.RaftServerConfigKeys (ConfUtils.java:logGet(43)) - raft.server.log.appender.buffer.byte-limit = 33554432 (custom)
2019-10-02 11:30:58,306 [8af5394b-47b3-4f3f-906d-9219adfe9823@group-123F43983AAF:LeaderElection15] INFO  impl.RaftServerImpl (RaftServerImpl.java:setRole(174)) - 8af5394b-47b3-4f3f-906d-9219adfe9823@group-123F43983AAF: changes role from CANDIDATE to FOLLOWER at term 1 for DISCOVERED_A_NEW_TERM
2019-10-02 11:30:58,308 [d0a95d8b-e42b-4cc3-af39-f7831f0cb411@group-3B3A82ECA675:LeaderElection12] INFO  server.RaftServerConfigKeys (ConfUtils.java:logGet(43)) - raft.server.log.appender.buffer.element-limit = 1 (custom)
2019-10-02 11:30:58,307 [79fae529-906f-428f-a89e-b3dd78ccaa15@group-123F43983AAF:LeaderElection13] INFO  server.RaftServerConfigKeys (ConfUtils.java:logGet(43)) - raft.server.watch.timeout.denomination = 1s (default)
2019-10-02 11:30:58,308 [d0a95d8b-e42b-4cc3-af39-f7831f0cb411@group-3B3A82ECA675:LeaderElection12] INFO  grpc.GrpcConfigKeys$Server (ConfUtils.java:logGet(43)) - raft.grpc.server.leader.outstanding.appends.max = 128 (default)
2019-10-02 11:30:58,308 [8af5394b-47b3-4f3f-906d-9219adfe9823@group-123F43983AAF:LeaderElection15] INFO  impl.RoleInfo (RoleInfo.java:shutdownLeaderElection(134)) - 8af5394b-47b3-4f3f-906d-9219adfe9823: shutdown LeaderElection
2019-10-02 11:30:58,308 [d0a95d8b-e42b-4cc3-af39-f7831f0cb411@group-3B3A82ECA675:LeaderElection12] INFO  server.RaftServerConfigKeys (ConfUtils.java:logGet(43)) - raft.server.rpc.request.timeout = 3000ms (default)
2019-10-02 11:30:58,308 [79fae529-906f-428f-a89e-b3dd78ccaa15@group-123F43983AAF:LeaderElection13] INFO  server.RaftServerConfigKeys (ConfUtils.java:logGet(43)) - raft.server.watch.element-limit = 65536 (default)
2019-10-02 11:30:58,308 [d0a95d8b-e42b-4cc3-af39-f7831f0cb411@group-3B3A82ECA675:LeaderElection12] INFO  server.RaftServerConfigKeys (ConfUtils.java:logGet(43)) - raft.server.log.appender.install.snapshot.enabled = false (custom)
2019-10-02 11:30:58,308 [8af5394b-47b3-4f3f-906d-9219adfe9823@group-123F43983AAF:LeaderElection15] INFO  impl.RoleInfo (RoleInfo.java:updateAndGet(143)) - 8af5394b-47b3-4f3f-906d-9219adfe9823: start FollowerState
2019-10-02 11:30:58,308 [d0a95d8b-e42b-4cc3-af39-f7831f0cb411@group-3B3A82ECA675:LeaderElection12] INFO  impl.RoleInfo (RoleInfo.java:updateAndGet(143)) - d0a95d8b-e42b-4cc3-af39-f7831f0cb411: start LeaderState
2019-10-02 11:30:58,309 [d0a95d8b-e42b-4cc3-af39-f7831f0cb411@group-3B3A82ECA675:LeaderElection12] INFO  segmented.SegmentedRaftLogWorker (SegmentedRaftLogWorker.java:startLogSegment(380)) - d0a95d8b-e42b-4cc3-af39-f7831f0cb411@group-3B3A82ECA675-SegmentedRaftLogWorker: Starting segment from index:0
2019-10-02 11:30:58,309 [d0a95d8b-e42b-4cc3-af39-f7831f0cb411@group-3B3A82ECA675:LeaderElection12] INFO  impl.RaftServerImpl (ServerState.java:setRaftConf(354)) - d0a95d8b-e42b-4cc3-af39-f7831f0cb411@group-3B3A82ECA675: set configuration 0: [b0829514-0e81-4cb8-8158-745b805c48fc:192.168.151.102:37479, d0a95d8b-e42b-4cc3-af39-f7831f0cb411:192.168.151.102:40932, bde60412-0b16-4336-9436-0525b0ae90d5:192.168.151.102:39704], old=null at 0
2019-10-02 11:30:58,310 [79fae529-906f-428f-a89e-b3dd78ccaa15@group-123F43983AAF:LeaderElection13] INFO  server.RaftServerConfigKeys (ConfUtils.java:logGet(43)) - raft.server.log.appender.snapshot.chunk.size.max = 16MB (=16777216) (default)
2019-10-02 11:30:58,310 [79fae529-906f-428f-a89e-b3dd78ccaa15@group-123F43983AAF:LeaderElection13] INFO  server.RaftServerConfigKeys (ConfUtils.java:logGet(43)) - raft.server.log.appender.buffer.byte-limit = 33554432 (custom)
2019-10-02 11:30:58,311 [79fae529-906f-428f-a89e-b3dd78ccaa15@group-123F43983AAF:LeaderElection13] INFO  server.RaftServerConfigKeys (ConfUtils.java:logGet(43)) - raft.server.log.appender.buffer.element-limit = 1 (custom)
2019-10-02 11:30:58,311 [79fae529-906f-428f-a89e-b3dd78ccaa15@group-123F43983AAF:LeaderElection13] INFO  grpc.GrpcConfigKeys$Server (ConfUtils.java:logGet(43)) - raft.grpc.server.leader.outstanding.appends.max = 128 (default)
2019-10-02 11:30:58,311 [79fae529-906f-428f-a89e-b3dd78ccaa15@group-123F43983AAF:LeaderElection13] INFO  server.RaftServerConfigKeys (ConfUtils.java:logGet(43)) - raft.server.rpc.request.timeout = 3000ms (default)
2019-10-02 11:30:58,311 [79fae529-906f-428f-a89e-b3dd78ccaa15@group-123F43983AAF:LeaderElection13] INFO  server.RaftServerConfigKeys (ConfUtils.java:logGet(43)) - raft.server.log.appender.install.snapshot.enabled = false (custom)
2019-10-02 11:30:58,311 [grpc-default-executor-3] INFO  impl.RaftServerImpl (ServerState.java:setLeader(253)) - b0829514-0e81-4cb8-8158-745b805c48fc@group-3B3A82ECA675: change Leader from null to d0a95d8b-e42b-4cc3-af39-f7831f0cb411 at term 1 for appendEntries, leader elected after 1170ms
2019-10-02 11:30:58,311 [79fae529-906f-428f-a89e-b3dd78ccaa15@group-123F43983AAF:LeaderElection13] INFO  server.RaftServerConfigKeys (ConfUtils.java:logGet(43)) - raft.server.log.appender.snapshot.chunk.size.max = 16MB (=16777216) (default)
2019-10-02 11:30:58,311 [grpc-default-executor-4] INFO  impl.RaftServerImpl (ServerState.java:setLeader(253)) - bde60412-0b16-4336-9436-0525b0ae90d5@group-3B3A82ECA675: change Leader from null to d0a95d8b-e42b-4cc3-af39-f7831f0cb411 at term 1 for appendEntries, leader elected after 1170ms
2019-10-02 11:30:58,311 [79fae529-906f-428f-a89e-b3dd78ccaa15@group-123F43983AAF:LeaderElection13] INFO  server.RaftServerConfigKeys (ConfUtils.java:logGet(43)) - raft.server.log.appender.buffer.byte-limit = 33554432 (custom)
2019-10-02 11:30:58,312 [79fae529-906f-428f-a89e-b3dd78ccaa15@group-123F43983AAF:LeaderElection13] INFO  server.RaftServerConfigKeys (ConfUtils.java:logGet(43)) - raft.server.log.appender.buffer.element-limit = 1 (custom)
2019-10-02 11:30:58,312 [79fae529-906f-428f-a89e-b3dd78ccaa15@group-123F43983AAF:LeaderElection13] INFO  grpc.GrpcConfigKeys$Server (ConfUtils.java:logGet(43)) - raft.grpc.server.leader.outstanding.appends.max = 128 (default)
2019-10-02 11:30:58,312 [79fae529-906f-428f-a89e-b3dd78ccaa15@group-123F43983AAF:LeaderElection13] INFO  server.RaftServerConfigKeys (ConfUtils.java:logGet(43)) - raft.server.rpc.request.timeout = 3000ms (default)
2019-10-02 11:30:58,313 [79fae529-906f-428f-a89e-b3dd78ccaa15@group-123F43983AAF:LeaderElection13] INFO  server.RaftServerConfigKeys (ConfUtils.java:logGet(43)) - raft.server.log.appender.install.snapshot.enabled = false (custom)
2019-10-02 11:30:58,313 [79fae529-906f-428f-a89e-b3dd78ccaa15@group-123F43983AAF:LeaderElection13] INFO  impl.RoleInfo (RoleInfo.java:updateAndGet(143)) - 79fae529-906f-428f-a89e-b3dd78ccaa15: start LeaderState
2019-10-02 11:30:58,313 [79fae529-906f-428f-a89e-b3dd78ccaa15@group-123F43983AAF:LeaderElection13] INFO  segmented.SegmentedRaftLogWorker (SegmentedRaftLogWorker.java:startLogSegment(380)) - 79fae529-906f-428f-a89e-b3dd78ccaa15@group-123F43983AAF-SegmentedRaftLogWorker: Starting segment from index:0
2019-10-02 11:30:58,314 [grpc-default-executor-4] INFO  impl.RaftServerImpl (ServerState.java:setRaftConf(354)) - b0829514-0e81-4cb8-8158-745b805c48fc@group-3B3A82ECA675: set configuration 0: [b0829514-0e81-4cb8-8158-745b805c48fc:192.168.151.102:37479, d0a95d8b-e42b-4cc3-af39-f7831f0cb411:192.168.151.102:40932, bde60412-0b16-4336-9436-0525b0ae90d5:192.168.151.102:39704], old=null at 0
2019-10-02 11:30:58,314 [grpc-default-executor-4] INFO  segmented.SegmentedRaftLogWorker (SegmentedRaftLogWorker.java:startLogSegment(380)) - b0829514-0e81-4cb8-8158-745b805c48fc@group-3B3A82ECA675-SegmentedRaftLogWorker: Starting segment from index:0
2019-10-02 11:30:58,315 [grpc-default-executor-3] INFO  impl.RaftServerImpl (ServerState.java:setRaftConf(354)) - bde60412-0b16-4336-9436-0525b0ae90d5@group-3B3A82ECA675: set configuration 0: [b0829514-0e81-4cb8-8158-745b805c48fc:192.168.151.102:37479, d0a95d8b-e42b-4cc3-af39-f7831f0cb411:192.168.151.102:40932, bde60412-0b16-4336-9436-0525b0ae90d5:192.168.151.102:39704], old=null at 0
2019-10-02 11:30:58,315 [grpc-default-executor-3] INFO  segmented.SegmentedRaftLogWorker (SegmentedRaftLogWorker.java:startLogSegment(380)) - bde60412-0b16-4336-9436-0525b0ae90d5@group-3B3A82ECA675-SegmentedRaftLogWorker: Starting segment from index:0
2019-10-02 11:30:58,316 [79fae529-906f-428f-a89e-b3dd78ccaa15@group-123F43983AAF:LeaderElection13] INFO  impl.RaftServerImpl (ServerState.java:setRaftConf(354)) - 79fae529-906f-428f-a89e-b3dd78ccaa15@group-123F43983AAF: set configuration 0: [8af5394b-47b3-4f3f-906d-9219adfe9823:192.168.151.102:33268, 79fae529-906f-428f-a89e-b3dd78ccaa15:192.168.151.102:42043, a37a54fb-604e-4e22-90a6-9ef2de79941b:192.168.151.102:39954], old=null at 0
2019-10-02 11:30:58,352 [grpc-default-executor-3] INFO  impl.RaftServerImpl (ServerState.java:setLeader(253)) - a37a54fb-604e-4e22-90a6-9ef2de79941b@group-123F43983AAF: change Leader from null to 79fae529-906f-428f-a89e-b3dd78ccaa15 at term 1 for appendEntries, leader elected after 1286ms
2019-10-02 11:30:58,354 [grpc-default-executor-3] INFO  impl.RaftServerImpl (ServerState.java:setLeader(253)) - 8af5394b-47b3-4f3f-906d-9219adfe9823@group-123F43983AAF: change Leader from null to 79fae529-906f-428f-a89e-b3dd78ccaa15 at term 1 for appendEntries, leader elected after 1286ms
2019-10-02 11:30:58,356 [grpc-default-executor-3] INFO  impl.RaftServerImpl (ServerState.java:setRaftConf(354)) - a37a54fb-604e-4e22-90a6-9ef2de79941b@group-123F43983AAF: set configuration 0: [8af5394b-47b3-4f3f-906d-9219adfe9823:192.168.151.102:33268, 79fae529-906f-428f-a89e-b3dd78ccaa15:192.168.151.102:42043, a37a54fb-604e-4e22-90a6-9ef2de79941b:192.168.151.102:39954], old=null at 0
2019-10-02 11:30:58,356 [grpc-default-executor-3] INFO  segmented.SegmentedRaftLogWorker (SegmentedRaftLogWorker.java:startLogSegment(380)) - a37a54fb-604e-4e22-90a6-9ef2de79941b@group-123F43983AAF-SegmentedRaftLogWorker: Starting segment from index:0
2019-10-02 11:30:58,356 [grpc-default-executor-3] INFO  impl.RaftServerImpl (ServerState.java:setRaftConf(354)) - 8af5394b-47b3-4f3f-906d-9219adfe9823@group-123F43983AAF: set configuration 0: [8af5394b-47b3-4f3f-906d-9219adfe9823:192.168.151.102:33268, 79fae529-906f-428f-a89e-b3dd78ccaa15:192.168.151.102:42043, a37a54fb-604e-4e22-90a6-9ef2de79941b:192.168.151.102:39954], old=null at 0
2019-10-02 11:30:58,357 [grpc-default-executor-3] INFO  segmented.SegmentedRaftLogWorker (SegmentedRaftLogWorker.java:startLogSegment(380)) - 8af5394b-47b3-4f3f-906d-9219adfe9823@group-123F43983AAF-SegmentedRaftLogWorker: Starting segment from index:0
2019-10-02 11:30:58,365 [79fae529-906f-428f-a89e-b3dd78ccaa15@group-123F43983AAF-SegmentedRaftLogWorker] INFO  segmented.SegmentedRaftLogWorker (SegmentedRaftLogWorker.java:execute(569)) - 79fae529-906f-428f-a89e-b3dd78ccaa15@group-123F43983AAF-SegmentedRaftLogWorker: created new log segment /workdir/hadoop-ozone/integration-test/target/test-dir/MiniOzoneClusterImpl-5dc4b805-dc02-409a-84a0-03630345a4d3/datanode-4/data/ratis/d470fcc1-d05e-43dc-9ac4-123f43983aaf/current/log_inprogress_0
2019-10-02 11:30:58,365 [b0829514-0e81-4cb8-8158-745b805c48fc@group-3B3A82ECA675-SegmentedRaftLogWorker] INFO  segmented.SegmentedRaftLogWorker (SegmentedRaftLogWorker.java:execute(569)) - b0829514-0e81-4cb8-8158-745b805c48fc@group-3B3A82ECA675-SegmentedRaftLogWorker: created new log segment /workdir/hadoop-ozone/integration-test/target/test-dir/MiniOzoneClusterImpl-5dc4b805-dc02-409a-84a0-03630345a4d3/datanode-2/data/ratis/81fcf48a-080c-4ff9-a6ed-3b3a82eca675/current/log_inprogress_0
2019-10-02 11:30:58,365 [d0a95d8b-e42b-4cc3-af39-f7831f0cb411@group-3B3A82ECA675-SegmentedRaftLogWorker] INFO  segmented.SegmentedRaftLogWorker (SegmentedRaftLogWorker.java:execute(569)) - d0a95d8b-e42b-4cc3-af39-f7831f0cb411@group-3B3A82ECA675-SegmentedRaftLogWorker: created new log segment /workdir/hadoop-ozone/integration-test/target/test-dir/MiniOzoneClusterImpl-5dc4b805-dc02-409a-84a0-03630345a4d3/datanode-7/data/ratis/81fcf48a-080c-4ff9-a6ed-3b3a82eca675/current/log_inprogress_0
2019-10-02 11:30:58,366 [bde60412-0b16-4336-9436-0525b0ae90d5@group-3B3A82ECA675-SegmentedRaftLogWorker] INFO  segmented.SegmentedRaftLogWorker (SegmentedRaftLogWorker.java:execute(569)) - bde60412-0b16-4336-9436-0525b0ae90d5@group-3B3A82ECA675-SegmentedRaftLogWorker: created new log segment /workdir/hadoop-ozone/integration-test/target/test-dir/MiniOzoneClusterImpl-5dc4b805-dc02-409a-84a0-03630345a4d3/datanode-1/data/ratis/81fcf48a-080c-4ff9-a6ed-3b3a82eca675/current/log_inprogress_0
2019-10-02 11:30:58,385 [a37a54fb-604e-4e22-90a6-9ef2de79941b@group-123F43983AAF-SegmentedRaftLogWorker] INFO  segmented.SegmentedRaftLogWorker (SegmentedRaftLogWorker.java:execute(569)) - a37a54fb-604e-4e22-90a6-9ef2de79941b@group-123F43983AAF-SegmentedRaftLogWorker: created new log segment /workdir/hadoop-ozone/integration-test/target/test-dir/MiniOzoneClusterImpl-5dc4b805-dc02-409a-84a0-03630345a4d3/datanode-5/data/ratis/d470fcc1-d05e-43dc-9ac4-123f43983aaf/current/log_inprogress_0
2019-10-02 11:30:58,398 [8af5394b-47b3-4f3f-906d-9219adfe9823@group-123F43983AAF-SegmentedRaftLogWorker] INFO  segmented.SegmentedRaftLogWorker (SegmentedRaftLogWorker.java:execute(569)) - 8af5394b-47b3-4f3f-906d-9219adfe9823@group-123F43983AAF-SegmentedRaftLogWorker: created new log segment /workdir/hadoop-ozone/integration-test/target/test-dir/MiniOzoneClusterImpl-5dc4b805-dc02-409a-84a0-03630345a4d3/datanode-8/data/ratis/d470fcc1-d05e-43dc-9ac4-123f43983aaf/current/log_inprogress_0
2019-10-02 11:31:01,702 [java.util.concurrent.ThreadPoolExecutor$Worker@4991d438[State = -1, empty queue]] WARN  server.GrpcLogAppender (GrpcLogAppender.java:timeoutAppendRequest(200)) - e5cd125e-f61d-45cf-b4cf-a13e4bd3b145@group-B499B5D26DCB->633590d7-4390-4d51-971d-49ea2f910c76-GrpcLogAppender: appendEntries Timeout, request=e5cd125e-f61d-45cf-b4cf-a13e4bd3b145->633590d7-4390-4d51-971d-49ea2f910c76#2-t1, previous=(t:1, i:0), leaderCommit=0, initializing? false, entries: size=1, first=(t:1, i:1), STATEMACHINELOGENTRY, client-C0848C893217, cid=19
2019-10-02 11:31:01,702 [java.util.concurrent.ThreadPoolExecutor$Worker@a3c07d0[State = -1, empty queue]] WARN  server.GrpcLogAppender (GrpcLogAppender.java:timeoutAppendRequest(200)) - e5cd125e-f61d-45cf-b4cf-a13e4bd3b145@group-B499B5D26DCB->70fbbe32-55c4-4d97-b4b6-a87353a06c87-GrpcLogAppender: appendEntries Timeout, request=e5cd125e-f61d-45cf-b4cf-a13e4bd3b145->70fbbe32-55c4-4d97-b4b6-a87353a06c87#2-t1, previous=(t:1, i:0), leaderCommit=0, initializing? false, entries: size=1, first=(t:1, i:1), STATEMACHINELOGENTRY, client-C0848C893217, cid=19
2019-10-02 11:31:02,202 [java.util.concurrent.ThreadPoolExecutor$Worker@a3c07d0[State = -1, empty queue]] WARN  server.GrpcLogAppender (GrpcLogAppender.java:timeoutAppendRequest(200)) - e5cd125e-f61d-45cf-b4cf-a13e4bd3b145@group-B499B5D26DCB->70fbbe32-55c4-4d97-b4b6-a87353a06c87-GrpcLogAppender: appendEntries Timeout, request=e5cd125e-f61d-45cf-b4cf-a13e4bd3b145->70fbbe32-55c4-4d97-b4b6-a87353a06c87#3-t1, previous=(t:1, i:1), leaderCommit=0, initializing? false, entries: <empty>
2019-10-02 11:31:02,202 [java.util.concurrent.ThreadPoolExecutor$Worker@4991d438[State = -1, empty queue]] WARN  server.GrpcLogAppender (GrpcLogAppender.java:timeoutAppendRequest(200)) - e5cd125e-f61d-45cf-b4cf-a13e4bd3b145@group-B499B5D26DCB->633590d7-4390-4d51-971d-49ea2f910c76-GrpcLogAppender: appendEntries Timeout, request=e5cd125e-f61d-45cf-b4cf-a13e4bd3b145->633590d7-4390-4d51-971d-49ea2f910c76#3-t1, previous=(t:1, i:1), leaderCommit=0, initializing? false, entries: <empty>
2019-10-02 11:31:02,703 [java.util.concurrent.ThreadPoolExecutor$Worker@4991d438[State = -1, empty queue]] WARN  server.GrpcLogAppender (GrpcLogAppender.java:timeoutAppendRequest(200)) - e5cd125e-f61d-45cf-b4cf-a13e4bd3b145@group-B499B5D26DCB->633590d7-4390-4d51-971d-49ea2f910c76-GrpcLogAppender: appendEntries Timeout, request=e5cd125e-f61d-45cf-b4cf-a13e4bd3b145->633590d7-4390-4d51-971d-49ea2f910c76#4-t1, previous=(t:1, i:1), leaderCommit=0, initializing? false, entries: <empty>
2019-10-02 11:31:02,703 [java.util.concurrent.ThreadPoolExecutor$Worker@a3c07d0[State = -1, empty queue]] WARN  server.GrpcLogAppender (GrpcLogAppender.java:timeoutAppendRequest(200)) - e5cd125e-f61d-45cf-b4cf-a13e4bd3b145@group-B499B5D26DCB->70fbbe32-55c4-4d97-b4b6-a87353a06c87-GrpcLogAppender: appendEntries Timeout, request=e5cd125e-f61d-45cf-b4cf-a13e4bd3b145->70fbbe32-55c4-4d97-b4b6-a87353a06c87#4-t1, previous=(t:1, i:1), leaderCommit=0, initializing? false, entries: <empty>
2019-10-02 11:31:03,203 [java.util.concurrent.ThreadPoolExecutor$Worker@a3c07d0[State = -1, empty queue]] WARN  server.GrpcLogAppender (GrpcLogAppender.java:timeoutAppendRequest(200)) - e5cd125e-f61d-45cf-b4cf-a13e4bd3b145@group-B499B5D26DCB->70fbbe32-55c4-4d97-b4b6-a87353a06c87-GrpcLogAppender: appendEntries Timeout, request=e5cd125e-f61d-45cf-b4cf-a13e4bd3b145->70fbbe32-55c4-4d97-b4b6-a87353a06c87#5-t1, previous=(t:1, i:1), leaderCommit=0, initializing? false, entries: <empty>
2019-10-02 11:31:03,203 [java.util.concurrent.ThreadPoolExecutor$Worker@4991d438[State = -1, empty queue]] WARN  server.GrpcLogAppender (GrpcLogAppender.java:timeoutAppendRequest(200)) - e5cd125e-f61d-45cf-b4cf-a13e4bd3b145@group-B499B5D26DCB->633590d7-4390-4d51-971d-49ea2f910c76-GrpcLogAppender: appendEntries Timeout, request=e5cd125e-f61d-45cf-b4cf-a13e4bd3b145->633590d7-4390-4d51-971d-49ea2f910c76#5-t1, previous=(t:1, i:1), leaderCommit=0, initializing? false, entries: <empty>
2019-10-02 11:31:03,704 [java.util.concurrent.ThreadPoolExecutor$Worker@a3c07d0[State = -1, empty queue]] WARN  server.GrpcLogAppender (GrpcLogAppender.java:timeoutAppendRequest(200)) - e5cd125e-f61d-45cf-b4cf-a13e4bd3b145@group-B499B5D26DCB->70fbbe32-55c4-4d97-b4b6-a87353a06c87-GrpcLogAppender: appendEntries Timeout, request=e5cd125e-f61d-45cf-b4cf-a13e4bd3b145->70fbbe32-55c4-4d97-b4b6-a87353a06c87#6-t1, previous=(t:1, i:1), leaderCommit=0, initializing? false, entries: <empty>
2019-10-02 11:31:03,704 [java.util.concurrent.ThreadPoolExecutor$Worker@4991d438[State = -1, empty queue]] WARN  server.GrpcLogAppender (GrpcLogAppender.java:timeoutAppendRequest(200)) - e5cd125e-f61d-45cf-b4cf-a13e4bd3b145@group-B499B5D26DCB->633590d7-4390-4d51-971d-49ea2f910c76-GrpcLogAppender: appendEntries Timeout, request=e5cd125e-f61d-45cf-b4cf-a13e4bd3b145->633590d7-4390-4d51-971d-49ea2f910c76#6-t1, previous=(t:1, i:1), leaderCommit=0, initializing? false, entries: <empty>
2019-10-02 11:31:04,205 [java.util.concurrent.ThreadPoolExecutor$Worker@4991d438[State = -1, empty queue]] WARN  server.GrpcLogAppender (GrpcLogAppender.java:timeoutAppendRequest(200)) - e5cd125e-f61d-45cf-b4cf-a13e4bd3b145@group-B499B5D26DCB->633590d7-4390-4d51-971d-49ea2f910c76-GrpcLogAppender: appendEntries Timeout, request=e5cd125e-f61d-45cf-b4cf-a13e4bd3b145->633590d7-4390-4d51-971d-49ea2f910c76#7-t1, previous=(t:1, i:1), leaderCommit=0, initializing? false, entries: <empty>
2019-10-02 11:31:04,205 [java.util.concurrent.ThreadPoolExecutor$Worker@a3c07d0[State = -1, empty queue]] WARN  server.GrpcLogAppender (GrpcLogAppender.java:timeoutAppendRequest(200)) - e5cd125e-f61d-45cf-b4cf-a13e4bd3b145@group-B499B5D26DCB->70fbbe32-55c4-4d97-b4b6-a87353a06c87-GrpcLogAppender: appendEntries Timeout, request=e5cd125e-f61d-45cf-b4cf-a13e4bd3b145->70fbbe32-55c4-4d97-b4b6-a87353a06c87#7-t1, previous=(t:1, i:1), leaderCommit=0, initializing? false, entries: <empty>
2019-10-02 11:31:04,705 [java.util.concurrent.ThreadPoolExecutor$Worker@a3c07d0[State = -1, empty queue]] WARN  server.GrpcLogAppender (GrpcLogAppender.java:timeoutAppendRequest(200)) - e5cd125e-f61d-45cf-b4cf-a13e4bd3b145@group-B499B5D26DCB->70fbbe32-55c4-4d97-b4b6-a87353a06c87-GrpcLogAppender: appendEntries Timeout, request=e5cd125e-f61d-45cf-b4cf-a13e4bd3b145->70fbbe32-55c4-4d97-b4b6-a87353a06c87#8-t1, previous=(t:1, i:1), leaderCommit=0, initializing? false, entries: <empty>
2019-10-02 11:31:04,705 [java.util.concurrent.ThreadPoolExecutor$Worker@4991d438[State = -1, empty queue]] WARN  server.GrpcLogAppender (GrpcLogAppender.java:timeoutAppendRequest(200)) - e5cd125e-f61d-45cf-b4cf-a13e4bd3b145@group-B499B5D26DCB->633590d7-4390-4d51-971d-49ea2f910c76-GrpcLogAppender: appendEntries Timeout, request=e5cd125e-f61d-45cf-b4cf-a13e4bd3b145->633590d7-4390-4d51-971d-49ea2f910c76#8-t1, previous=(t:1, i:1), leaderCommit=0, initializing? false, entries: <empty>
2019-10-02 11:31:05,206 [java.util.concurrent.ThreadPoolExecutor$Worker@a3c07d0[State = -1, empty queue]] WARN  server.GrpcLogAppender (GrpcLogAppender.java:timeoutAppendRequest(200)) - e5cd125e-f61d-45cf-b4cf-a13e4bd3b145@group-B499B5D26DCB->70fbbe32-55c4-4d97-b4b6-a87353a06c87-GrpcLogAppender: appendEntries Timeout, request=e5cd125e-f61d-45cf-b4cf-a13e4bd3b145->70fbbe32-55c4-4d97-b4b6-a87353a06c87#9-t1, previous=(t:1, i:1), leaderCommit=0, initializing? false, entries: <empty>
2019-10-02 11:31:05,206 [java.util.concurrent.ThreadPoolExecutor$Worker@4991d438[State = -1, empty queue]] WARN  server.GrpcLogAppender (GrpcLogAppender.java:timeoutAppendRequest(200)) - e5cd125e-f61d-45cf-b4cf-a13e4bd3b145@group-B499B5D26DCB->633590d7-4390-4d51-971d-49ea2f910c76-GrpcLogAppender: appendEntries Timeout, request=e5cd125e-f61d-45cf-b4cf-a13e4bd3b145->633590d7-4390-4d51-971d-49ea2f910c76#9-t1, previous=(t:1, i:1), leaderCommit=0, initializing? false, entries: <empty>
2019-10-02 11:31:05,707 [java.util.concurrent.ThreadPoolExecutor$Worker@4991d438[State = -1, empty queue]] WARN  server.GrpcLogAppender (GrpcLogAppender.java:timeoutAppendRequest(200)) - e5cd125e-f61d-45cf-b4cf-a13e4bd3b145@group-B499B5D26DCB->633590d7-4390-4d51-971d-49ea2f910c76-GrpcLogAppender: appendEntries Timeout, request=e5cd125e-f61d-45cf-b4cf-a13e4bd3b145->633590d7-4390-4d51-971d-49ea2f910c76#10-t1, previous=(t:1, i:1), leaderCommit=0, initializing? false, entries: <empty>
2019-10-02 11:31:05,707 [java.util.concurrent.ThreadPoolExecutor$Worker@a3c07d0[State = -1, empty queue]] WARN  server.GrpcLogAppender (GrpcLogAppender.java:timeoutAppendRequest(200)) - e5cd125e-f61d-45cf-b4cf-a13e4bd3b145@group-B499B5D26DCB->70fbbe32-55c4-4d97-b4b6-a87353a06c87-GrpcLogAppender: appendEntries Timeout, request=e5cd125e-f61d-45cf-b4cf-a13e4bd3b145->70fbbe32-55c4-4d97-b4b6-a87353a06c87#10-t1, previous=(t:1, i:1), leaderCommit=0, initializing? false, entries: <empty>
2019-10-02 11:31:06,207 [java.util.concurrent.ThreadPoolExecutor$Worker@4991d438[State = -1, empty queue]] WARN  server.GrpcLogAppender (GrpcLogAppender.java:timeoutAppendRequest(200)) - e5cd125e-f61d-45cf-b4cf-a13e4bd3b145@group-B499B5D26DCB->633590d7-4390-4d51-971d-49ea2f910c76-GrpcLogAppender: appendEntries Timeout, request=e5cd125e-f61d-45cf-b4cf-a13e4bd3b145->633590d7-4390-4d51-971d-49ea2f910c76#11-t1, previous=(t:1, i:1), leaderCommit=0, initializing? false, entries: <empty>
2019-10-02 11:31:06,207 [java.util.concurrent.ThreadPoolExecutor$Worker@a3c07d0[State = -1, empty queue]] WARN  server.GrpcLogAppender (GrpcLogAppender.java:timeoutAppendRequest(200)) - e5cd125e-f61d-45cf-b4cf-a13e4bd3b145@group-B499B5D26DCB->70fbbe32-55c4-4d97-b4b6-a87353a06c87-GrpcLogAppender: appendEntries Timeout, request=e5cd125e-f61d-45cf-b4cf-a13e4bd3b145->70fbbe32-55c4-4d97-b4b6-a87353a06c87#11-t1, previous=(t:1, i:1), leaderCommit=0, initializing? false, entries: <empty>
2019-10-02 11:31:06,708 [java.util.concurrent.ThreadPoolExecutor$Worker@4991d438[State = -1, empty queue]] WARN  server.GrpcLogAppender (GrpcLogAppender.java:timeoutAppendRequest(200)) - e5cd125e-f61d-45cf-b4cf-a13e4bd3b145@group-B499B5D26DCB->633590d7-4390-4d51-971d-49ea2f910c76-GrpcLogAppender: appendEntries Timeout, request=e5cd125e-f61d-45cf-b4cf-a13e4bd3b145->633590d7-4390-4d51-971d-49ea2f910c76#12-t1, previous=(t:1, i:1), leaderCommit=0, initializing? false, entries: <empty>
2019-10-02 11:31:06,708 [java.util.concurrent.ThreadPoolExecutor$Worker@a3c07d0[State = -1, empty queue]] WARN  server.GrpcLogAppender (GrpcLogAppender.java:timeoutAppendRequest(200)) - e5cd125e-f61d-45cf-b4cf-a13e4bd3b145@group-B499B5D26DCB->70fbbe32-55c4-4d97-b4b6-a87353a06c87-GrpcLogAppender: appendEntries Timeout, request=e5cd125e-f61d-45cf-b4cf-a13e4bd3b145->70fbbe32-55c4-4d97-b4b6-a87353a06c87#12-t1, previous=(t:1, i:1), leaderCommit=0, initializing? false, entries: <empty>
2019-10-02 11:31:07,208 [java.util.concurrent.ThreadPoolExecutor$Worker@a3c07d0[State = -1, empty queue]] WARN  server.GrpcLogAppender (GrpcLogAppender.java:timeoutAppendRequest(200)) - e5cd125e-f61d-45cf-b4cf-a13e4bd3b145@group-B499B5D26DCB->70fbbe32-55c4-4d97-b4b6-a87353a06c87-GrpcLogAppender: appendEntries Timeout, request=e5cd125e-f61d-45cf-b4cf-a13e4bd3b145->70fbbe32-55c4-4d97-b4b6-a87353a06c87#13-t1, previous=(t:1, i:1), leaderCommit=0, initializing? false, entries: <empty>
2019-10-02 11:31:07,208 [java.util.concurrent.ThreadPoolExecutor$Worker@4991d438[State = -1, empty queue]] WARN  server.GrpcLogAppender (GrpcLogAppender.java:timeoutAppendRequest(200)) - e5cd125e-f61d-45cf-b4cf-a13e4bd3b145@group-B499B5D26DCB->633590d7-4390-4d51-971d-49ea2f910c76-GrpcLogAppender: appendEntries Timeout, request=e5cd125e-f61d-45cf-b4cf-a13e4bd3b145->633590d7-4390-4d51-971d-49ea2f910c76#13-t1, previous=(t:1, i:1), leaderCommit=0, initializing? false, entries: <empty>
2019-10-02 11:31:07,714 [java.util.concurrent.ThreadPoolExecutor$Worker@a3c07d0[State = -1, empty queue]] WARN  server.GrpcLogAppender (GrpcLogAppender.java:timeoutAppendRequest(200)) - e5cd125e-f61d-45cf-b4cf-a13e4bd3b145@group-B499B5D26DCB->70fbbe32-55c4-4d97-b4b6-a87353a06c87-GrpcLogAppender: appendEntries Timeout, request=e5cd125e-f61d-45cf-b4cf-a13e4bd3b145->70fbbe32-55c4-4d97-b4b6-a87353a06c87#14-t1, previous=(t:1, i:1), leaderCommit=0, initializing? false, entries: <empty>
2019-10-02 11:31:07,714 [java.util.concurrent.ThreadPoolExecutor$Worker@4991d438[State = -1, empty queue]] WARN  server.GrpcLogAppender (GrpcLogAppender.java:timeoutAppendRequest(200)) - e5cd125e-f61d-45cf-b4cf-a13e4bd3b145@group-B499B5D26DCB->633590d7-4390-4d51-971d-49ea2f910c76-GrpcLogAppender: appendEntries Timeout, request=e5cd125e-f61d-45cf-b4cf-a13e4bd3b145->633590d7-4390-4d51-971d-49ea2f910c76#14-t1, previous=(t:1, i:1), leaderCommit=0, initializing? false, entries: <empty>
2019-10-02 11:31:08,210 [java.util.concurrent.ThreadPoolExecutor$Worker@4991d438[State = -1, empty queue]] WARN  server.GrpcLogAppender (GrpcLogAppender.java:timeoutAppendRequest(200)) - e5cd125e-f61d-45cf-b4cf-a13e4bd3b145@group-B499B5D26DCB->633590d7-4390-4d51-971d-49ea2f910c76-GrpcLogAppender: appendEntries Timeout, request=e5cd125e-f61d-45cf-b4cf-a13e4bd3b145->633590d7-4390-4d51-971d-49ea2f910c76#15-t1, previous=(t:1, i:1), leaderCommit=0, initializing? false, entries: <empty>
2019-10-02 11:31:08,210 [java.util.concurrent.ThreadPoolExecutor$Worker@a3c07d0[State = -1, empty queue]] WARN  server.GrpcLogAppender (GrpcLogAppender.java:timeoutAppendRequest(200)) - e5cd125e-f61d-45cf-b4cf-a13e4bd3b145@group-B499B5D26DCB->70fbbe32-55c4-4d97-b4b6-a87353a06c87-GrpcLogAppender: appendEntries Timeout, request=e5cd125e-f61d-45cf-b4cf-a13e4bd3b145->70fbbe32-55c4-4d97-b4b6-a87353a06c87#15-t1, previous=(t:1, i:1), leaderCommit=0, initializing? false, entries: <empty>
2019-10-02 11:31:08,698 [e5cd125e-f61d-45cf-b4cf-a13e4bd3b145@group-B499B5D26DCB-SegmentedRaftLogWorker] WARN  segmented.SegmentedRaftLogWorker (SegmentedRaftLogWorker.java:getFromFuture(90)) - Timeout 0/~
org.apache.ratis.protocol.TimeoutIOException: Timeout 10s: WriteLog:1: (t:1, i:1), STATEMACHINELOGENTRY, client-C0848C893217, cid=19-writeStateMachineData
	at org.apache.ratis.util.IOUtils.getFromFuture(IOUtils.java:87)
	at org.apache.ratis.server.raftlog.segmented.SegmentedRaftLogWorker$StateMachineDataPolicy.getFromFuture(SegmentedRaftLogWorker.java:87)
	at org.apache.ratis.server.raftlog.segmented.SegmentedRaftLogWorker$WriteLog.execute(SegmentedRaftLogWorker.java:477)
	at org.apache.ratis.server.raftlog.segmented.SegmentedRaftLogWorker.run(SegmentedRaftLogWorker.java:289)
	at java.lang.Thread.run(Thread.java:748)
Caused by: java.util.concurrent.TimeoutException
	at java.util.concurrent.CompletableFuture.timedGet(CompletableFuture.java:1771)
	at java.util.concurrent.CompletableFuture.get(CompletableFuture.java:1915)
	at org.apache.ratis.util.IOUtils.getFromFuture(IOUtils.java:79)
	... 4 more
2019-10-02 11:31:08,710 [java.util.concurrent.ThreadPoolExecutor$Worker@4991d438[State = -1, empty queue]] WARN  server.GrpcLogAppender (GrpcLogAppender.java:timeoutAppendRequest(200)) - e5cd125e-f61d-45cf-b4cf-a13e4bd3b145@group-B499B5D26DCB->633590d7-4390-4d51-971d-49ea2f910c76-GrpcLogAppender: appendEntries Timeout, request=e5cd125e-f61d-45cf-b4cf-a13e4bd3b145->633590d7-4390-4d51-971d-49ea2f910c76#16-t1, previous=(t:1, i:1), leaderCommit=0, initializing? false, entries: <empty>
2019-10-02 11:31:08,710 [java.util.concurrent.ThreadPoolExecutor$Worker@a3c07d0[State = -1, empty queue]] WARN  server.GrpcLogAppender (GrpcLogAppender.java:timeoutAppendRequest(200)) - e5cd125e-f61d-45cf-b4cf-a13e4bd3b145@group-B499B5D26DCB->70fbbe32-55c4-4d97-b4b6-a87353a06c87-GrpcLogAppender: appendEntries Timeout, request=e5cd125e-f61d-45cf-b4cf-a13e4bd3b145->70fbbe32-55c4-4d97-b4b6-a87353a06c87#16-t1, previous=(t:1, i:1), leaderCommit=0, initializing? false, entries: <empty>
2019-10-02 11:31:08,716 [70fbbe32-55c4-4d97-b4b6-a87353a06c87@group-B499B5D26DCB-SegmentedRaftLogWorker] WARN  segmented.SegmentedRaftLogWorker (SegmentedRaftLogWorker.java:getFromFuture(90)) - Timeout 0/~
org.apache.ratis.protocol.TimeoutIOException: Timeout 10s: WriteLog:1: (t:1, i:1), STATEMACHINELOGENTRY, client-C0848C893217, cid=19-writeStateMachineData
	at org.apache.ratis.util.IOUtils.getFromFuture(IOUtils.java:87)
	at org.apache.ratis.server.raftlog.segmented.SegmentedRaftLogWorker$StateMachineDataPolicy.getFromFuture(SegmentedRaftLogWorker.java:87)
	at org.apache.ratis.server.raftlog.segmented.SegmentedRaftLogWorker$WriteLog.execute(SegmentedRaftLogWorker.java:477)
	at org.apache.ratis.server.raftlog.segmented.SegmentedRaftLogWorker.run(SegmentedRaftLogWorker.java:289)
	at java.lang.Thread.run(Thread.java:748)
Caused by: java.util.concurrent.TimeoutException
	at java.util.concurrent.CompletableFuture.timedGet(CompletableFuture.java:1771)
	at java.util.concurrent.CompletableFuture.get(CompletableFuture.java:1915)
	at org.apache.ratis.util.IOUtils.getFromFuture(IOUtils.java:79)
	... 4 more
2019-10-02 11:31:08,716 [633590d7-4390-4d51-971d-49ea2f910c76@group-B499B5D26DCB-SegmentedRaftLogWorker] WARN  segmented.SegmentedRaftLogWorker (SegmentedRaftLogWorker.java:getFromFuture(90)) - Timeout 0/~
org.apache.ratis.protocol.TimeoutIOException: Timeout 10s: WriteLog:1: (t:1, i:1), STATEMACHINELOGENTRY, client-C0848C893217, cid=19-writeStateMachineData
	at org.apache.ratis.util.IOUtils.getFromFuture(IOUtils.java:87)
	at org.apache.ratis.server.raftlog.segmented.SegmentedRaftLogWorker$StateMachineDataPolicy.getFromFuture(SegmentedRaftLogWorker.java:87)
	at org.apache.ratis.server.raftlog.segmented.SegmentedRaftLogWorker$WriteLog.execute(SegmentedRaftLogWorker.java:477)
	at org.apache.ratis.server.raftlog.segmented.SegmentedRaftLogWorker.run(SegmentedRaftLogWorker.java:289)
	at java.lang.Thread.run(Thread.java:748)
Caused by: java.util.concurrent.TimeoutException
	at java.util.concurrent.CompletableFuture.timedGet(CompletableFuture.java:1771)
	at java.util.concurrent.CompletableFuture.get(CompletableFuture.java:1915)
	at org.apache.ratis.util.IOUtils.getFromFuture(IOUtils.java:79)
	... 4 more
2019-10-02 11:31:09,211 [java.util.concurrent.ThreadPoolExecutor$Worker@4991d438[State = -1, empty queue]] WARN  server.GrpcLogAppender (GrpcLogAppender.java:timeoutAppendRequest(200)) - e5cd125e-f61d-45cf-b4cf-a13e4bd3b145@group-B499B5D26DCB->633590d7-4390-4d51-971d-49ea2f910c76-GrpcLogAppender: appendEntries Timeout, request=e5cd125e-f61d-45cf-b4cf-a13e4bd3b145->633590d7-4390-4d51-971d-49ea2f910c76#17-t1, previous=(t:1, i:1), leaderCommit=0, initializing? false, entries: <empty>
2019-10-02 11:31:09,211 [java.util.concurrent.ThreadPoolExecutor$Worker@a3c07d0[State = -1, empty queue]] WARN  server.GrpcLogAppender (GrpcLogAppender.java:timeoutAppendRequest(200)) - e5cd125e-f61d-45cf-b4cf-a13e4bd3b145@group-B499B5D26DCB->70fbbe32-55c4-4d97-b4b6-a87353a06c87-GrpcLogAppender: appendEntries Timeout, request=e5cd125e-f61d-45cf-b4cf-a13e4bd3b145->70fbbe32-55c4-4d97-b4b6-a87353a06c87#17-t1, previous=(t:1, i:1), leaderCommit=0, initializing? false, entries: <empty>
2019-10-02 11:31:09,712 [java.util.concurrent.ThreadPoolExecutor$Worker@4991d438[State = -1, empty queue]] WARN  server.GrpcLogAppender (GrpcLogAppender.java:timeoutAppendRequest(200)) - e5cd125e-f61d-45cf-b4cf-a13e4bd3b145@group-B499B5D26DCB->633590d7-4390-4d51-971d-49ea2f910c76-GrpcLogAppender: appendEntries Timeout, request=e5cd125e-f61d-45cf-b4cf-a13e4bd3b145->633590d7-4390-4d51-971d-49ea2f910c76#18-t1, previous=(t:1, i:1), leaderCommit=0, initializing? false, entries: <empty>
2019-10-02 11:31:09,712 [java.util.concurrent.ThreadPoolExecutor$Worker@a3c07d0[State = -1, empty queue]] WARN  server.GrpcLogAppender (GrpcLogAppender.java:timeoutAppendRequest(200)) - e5cd125e-f61d-45cf-b4cf-a13e4bd3b145@group-B499B5D26DCB->70fbbe32-55c4-4d97-b4b6-a87353a06c87-GrpcLogAppender: appendEntries Timeout, request=e5cd125e-f61d-45cf-b4cf-a13e4bd3b145->70fbbe32-55c4-4d97-b4b6-a87353a06c87#18-t1, previous=(t:1, i:1), leaderCommit=0, initializing? false, entries: <empty>
2019-10-02 11:31:10,213 [java.util.concurrent.ThreadPoolExecutor$Worker@a3c07d0[State = -1, empty queue]] WARN  server.GrpcLogAppender (GrpcLogAppender.java:timeoutAppendRequest(200)) - e5cd125e-f61d-45cf-b4cf-a13e4bd3b145@group-B499B5D26DCB->70fbbe32-55c4-4d97-b4b6-a87353a06c87-GrpcLogAppender: appendEntries Timeout, request=e5cd125e-f61d-45cf-b4cf-a13e4bd3b145->70fbbe32-55c4-4d97-b4b6-a87353a06c87#19-t1, previous=(t:1, i:1), leaderCommit=0, initializing? false, entries: <empty>
2019-10-02 11:31:10,213 [java.util.concurrent.ThreadPoolExecutor$Worker@4991d438[State = -1, empty queue]] WARN  server.GrpcLogAppender (GrpcLogAppender.java:timeoutAppendRequest(200)) - e5cd125e-f61d-45cf-b4cf-a13e4bd3b145@group-B499B5D26DCB->633590d7-4390-4d51-971d-49ea2f910c76-GrpcLogAppender: appendEntries Timeout, request=e5cd125e-f61d-45cf-b4cf-a13e4bd3b145->633590d7-4390-4d51-971d-49ea2f910c76#19-t1, previous=(t:1, i:1), leaderCommit=0, initializing? false, entries: <empty>
2019-10-02 11:31:10,714 [java.util.concurrent.ThreadPoolExecutor$Worker@4991d438[State = -1, empty queue]] WARN  server.GrpcLogAppender (GrpcLogAppender.java:timeoutAppendRequest(200)) - e5cd125e-f61d-45cf-b4cf-a13e4bd3b145@group-B499B5D26DCB->633590d7-4390-4d51-971d-49ea2f910c76-GrpcLogAppender: appendEntries Timeout, request=e5cd125e-f61d-45cf-b4cf-a13e4bd3b145->633590d7-4390-4d51-971d-49ea2f910c76#20-t1, previous=(t:1, i:1), leaderCommit=0, initializing? false, entries: <empty>
2019-10-02 11:31:10,714 [java.util.concurrent.ThreadPoolExecutor$Worker@a3c07d0[State = -1, empty queue]] WARN  server.GrpcLogAppender (GrpcLogAppender.java:timeoutAppendRequest(200)) - e5cd125e-f61d-45cf-b4cf-a13e4bd3b145@group-B499B5D26DCB->70fbbe32-55c4-4d97-b4b6-a87353a06c87-GrpcLogAppender: appendEntries Timeout, request=e5cd125e-f61d-45cf-b4cf-a13e4bd3b145->70fbbe32-55c4-4d97-b4b6-a87353a06c87#20-t1, previous=(t:1, i:1), leaderCommit=0, initializing? false, entries: <empty>
2019-10-02 11:31:11,214 [java.util.concurrent.ThreadPoolExecutor$Worker@a3c07d0[State = -1, empty queue]] WARN  server.GrpcLogAppender (GrpcLogAppender.java:timeoutAppendRequest(200)) - e5cd125e-f61d-45cf-b4cf-a13e4bd3b145@group-B499B5D26DCB->70fbbe32-55c4-4d97-b4b6-a87353a06c87-GrpcLogAppender: appendEntries Timeout, request=e5cd125e-f61d-45cf-b4cf-a13e4bd3b145->70fbbe32-55c4-4d97-b4b6-a87353a06c87#21-t1, previous=(t:1, i:1), leaderCommit=0, initializing? false, entries: <empty>
2019-10-02 11:31:11,214 [java.util.concurrent.ThreadPoolExecutor$Worker@4991d438[State = -1, empty queue]] WARN  server.GrpcLogAppender (GrpcLogAppender.java:timeoutAppendRequest(200)) - e5cd125e-f61d-45cf-b4cf-a13e4bd3b145@group-B499B5D26DCB->633590d7-4390-4d51-971d-49ea2f910c76-GrpcLogAppender: appendEntries Timeout, request=e5cd125e-f61d-45cf-b4cf-a13e4bd3b145->633590d7-4390-4d51-971d-49ea2f910c76#21-t1, previous=(t:1, i:1), leaderCommit=0, initializing? false, entries: <empty>
2019-10-02 11:31:11,727 [java.util.concurrent.ThreadPoolExecutor$Worker@4991d438[State = -1, empty queue]] WARN  server.GrpcLogAppender (GrpcLogAppender.java:timeoutAppendRequest(200)) - e5cd125e-f61d-45cf-b4cf-a13e4bd3b145@group-B499B5D26DCB->633590d7-4390-4d51-971d-49ea2f910c76-GrpcLogAppender: appendEntries Timeout, request=e5cd125e-f61d-45cf-b4cf-a13e4bd3b145->633590d7-4390-4d51-971d-49ea2f910c76#22-t1, previous=(t:1, i:1), leaderCommit=0, initializing? false, entries: <empty>
2019-10-02 11:31:11,728 [java.util.concurrent.ThreadPoolExecutor$Worker@a3c07d0[State = -1, empty queue]] WARN  server.GrpcLogAppender (GrpcLogAppender.java:timeoutAppendRequest(200)) - e5cd125e-f61d-45cf-b4cf-a13e4bd3b145@group-B499B5D26DCB->70fbbe32-55c4-4d97-b4b6-a87353a06c87-GrpcLogAppender: appendEntries Timeout, request=e5cd125e-f61d-45cf-b4cf-a13e4bd3b145->70fbbe32-55c4-4d97-b4b6-a87353a06c87#22-t1, previous=(t:1, i:1), leaderCommit=0, initializing? false, entries: <empty>
2019-10-02 11:31:11,786 [grpc-default-executor-3] WARN  server.GrpcLogAppender (GrpcLogAppender.java:onNextImpl(251)) - e5cd125e-f61d-45cf-b4cf-a13e4bd3b145@group-B499B5D26DCB->633590d7-4390-4d51-971d-49ea2f910c76-AppendLogResponseHandler: Request not found, ignoring reply: e5cd125e-f61d-45cf-b4cf-a13e4bd3b145<-633590d7-4390-4d51-971d-49ea2f910c76#2:OK,SUCCESS,nextIndex:2,term:1,followerCommit:0
2019-10-02 11:31:11,787 [grpc-default-executor-3] WARN  server.GrpcLogAppender (GrpcLogAppender.java:onNextImpl(251)) - e5cd125e-f61d-45cf-b4cf-a13e4bd3b145@group-B499B5D26DCB->633590d7-4390-4d51-971d-49ea2f910c76-AppendLogResponseHandler: Request not found, ignoring reply: e5cd125e-f61d-45cf-b4cf-a13e4bd3b145<-633590d7-4390-4d51-971d-49ea2f910c76#3:OK,SUCCESS,nextIndex:2,term:1,followerCommit:0
2019-10-02 11:31:11,787 [grpc-default-executor-3] WARN  server.GrpcLogAppender (GrpcLogAppender.java:onNextImpl(251)) - e5cd125e-f61d-45cf-b4cf-a13e4bd3b145@group-B499B5D26DCB->633590d7-4390-4d51-971d-49ea2f910c76-AppendLogResponseHandler: Request not found, ignoring reply: e5cd125e-f61d-45cf-b4cf-a13e4bd3b145<-633590d7-4390-4d51-971d-49ea2f910c76#4:OK,SUCCESS,nextIndex:2,term:1,followerCommit:0
2019-10-02 11:31:11,787 [grpc-default-executor-3] WARN  server.GrpcLogAppender (GrpcLogAppender.java:onNextImpl(251)) - e5cd125e-f61d-45cf-b4cf-a13e4bd3b145@group-B499B5D26DCB->633590d7-4390-4d51-971d-49ea2f910c76-AppendLogResponseHandler: Request not found, ignoring reply: e5cd125e-f61d-45cf-b4cf-a13e4bd3b145<-633590d7-4390-4d51-971d-49ea2f910c76#5:OK,SUCCESS,nextIndex:2,term:1,followerCommit:0
2019-10-02 11:31:11,788 [grpc-default-executor-3] WARN  server.GrpcLogAppender (GrpcLogAppender.java:onNextImpl(251)) - e5cd125e-f61d-45cf-b4cf-a13e4bd3b145@group-B499B5D26DCB->633590d7-4390-4d51-971d-49ea2f910c76-AppendLogResponseHandler: Request not found, ignoring reply: e5cd125e-f61d-45cf-b4cf-a13e4bd3b145<-633590d7-4390-4d51-971d-49ea2f910c76#6:OK,SUCCESS,nextIndex:2,term:1,followerCommit:0
2019-10-02 11:31:11,788 [grpc-default-executor-4] WARN  server.GrpcLogAppender (GrpcLogAppender.java:onNextImpl(251)) - e5cd125e-f61d-45cf-b4cf-a13e4bd3b145@group-B499B5D26DCB->70fbbe32-55c4-4d97-b4b6-a87353a06c87-AppendLogResponseHandler: Request not found, ignoring reply: e5cd125e-f61d-45cf-b4cf-a13e4bd3b145<-70fbbe32-55c4-4d97-b4b6-a87353a06c87#2:OK,SUCCESS,nextIndex:2,term:1,followerCommit:0
2019-10-02 11:31:11,788 [grpc-default-executor-3] WARN  server.GrpcLogAppender (GrpcLogAppender.java:onNextImpl(251)) - e5cd125e-f61d-45cf-b4cf-a13e4bd3b145@group-B499B5D26DCB->633590d7-4390-4d51-971d-49ea2f910c76-AppendLogResponseHandler: Request not found, ignoring reply: e5cd125e-f61d-45cf-b4cf-a13e4bd3b145<-633590d7-4390-4d51-971d-49ea2f910c76#7:OK,SUCCESS,nextIndex:2,term:1,followerCommit:0
2019-10-02 11:31:11,788 [grpc-default-executor-3] WARN  server.GrpcLogAppender (GrpcLogAppender.java:onNextImpl(251)) - e5cd125e-f61d-45cf-b4cf-a13e4bd3b145@group-B499B5D26DCB->70fbbe32-55c4-4d97-b4b6-a87353a06c87-AppendLogResponseHandler: Request not found, ignoring reply: e5cd125e-f61d-45cf-b4cf-a13e4bd3b145<-70fbbe32-55c4-4d97-b4b6-a87353a06c87#3:OK,SUCCESS,nextIndex:2,term:1,followerCommit:0
2019-10-02 11:31:11,788 [grpc-default-executor-4] WARN  server.GrpcLogAppender (GrpcLogAppender.java:onNextImpl(251)) - e5cd125e-f61d-45cf-b4cf-a13e4bd3b145@group-B499B5D26DCB->633590d7-4390-4d51-971d-49ea2f910c76-AppendLogResponseHandler: Request not found, ignoring reply: e5cd125e-f61d-45cf-b4cf-a13e4bd3b145<-633590d7-4390-4d51-971d-49ea2f910c76#8:OK,SUCCESS,nextIndex:2,term:1,followerCommit:0
2019-10-02 11:31:11,789 [grpc-default-executor-3] WARN  server.GrpcLogAppender (GrpcLogAppender.java:onNextImpl(251)) - e5cd125e-f61d-45cf-b4cf-a13e4bd3b145@group-B499B5D26DCB->70fbbe32-55c4-4d97-b4b6-a87353a06c87-AppendLogResponseHandler: Request not found, ignoring reply: e5cd125e-f61d-45cf-b4cf-a13e4bd3b145<-70fbbe32-55c4-4d97-b4b6-a87353a06c87#4:OK,SUCCESS,nextIndex:2,term:1,followerCommit:0
2019-10-02 11:31:11,789 [grpc-default-executor-4] WARN  server.GrpcLogAppender (GrpcLogAppender.java:onNextImpl(251)) - e5cd125e-f61d-45cf-b4cf-a13e4bd3b145@group-B499B5D26DCB->633590d7-4390-4d51-971d-49ea2f910c76-AppendLogResponseHandler: Request not found, ignoring reply: e5cd125e-f61d-45cf-b4cf-a13e4bd3b145<-633590d7-4390-4d51-971d-49ea2f910c76#9:OK,SUCCESS,nextIndex:2,term:1,followerCommit:0
2019-10-02 11:31:11,789 [grpc-default-executor-3] WARN  server.GrpcLogAppender (GrpcLogAppender.java:onNextImpl(251)) - e5cd125e-f61d-45cf-b4cf-a13e4bd3b145@group-B499B5D26DCB->70fbbe32-55c4-4d97-b4b6-a87353a06c87-AppendLogResponseHandler: Request not found, ignoring reply: e5cd125e-f61d-45cf-b4cf-a13e4bd3b145<-70fbbe32-55c4-4d97-b4b6-a87353a06c87#5:OK,SUCCESS,nextIndex:2,term:1,followerCommit:0
2019-10-02 11:31:11,789 [grpc-default-executor-4] WARN  server.GrpcLogAppender (GrpcLogAppender.java:onNextImpl(251)) - e5cd125e-f61d-45cf-b4cf-a13e4bd3b145@group-B499B5D26DCB->633590d7-4390-4d51-971d-49ea2f910c76-AppendLogResponseHandler: Request not found, ignoring reply: e5cd125e-f61d-45cf-b4cf-a13e4bd3b145<-633590d7-4390-4d51-971d-49ea2f910c76#10:OK,SUCCESS,nextIndex:2,term:1,followerCommit:0
2019-10-02 11:31:11,790 [grpc-default-executor-3] WARN  server.GrpcLogAppender (GrpcLogAppender.java:onNextImpl(251)) - e5cd125e-f61d-45cf-b4cf-a13e4bd3b145@group-B499B5D26DCB->70fbbe32-55c4-4d97-b4b6-a87353a06c87-AppendLogResponseHandler: Request not found, ignoring reply: e5cd125e-f61d-45cf-b4cf-a13e4bd3b145<-70fbbe32-55c4-4d97-b4b6-a87353a06c87#6:OK,SUCCESS,nextIndex:2,term:1,followerCommit:0
2019-10-02 11:31:11,790 [grpc-default-executor-4] WARN  server.GrpcLogAppender (GrpcLogAppender.java:onNextImpl(251)) - e5cd125e-f61d-45cf-b4cf-a13e4bd3b145@group-B499B5D26DCB->633590d7-4390-4d51-971d-49ea2f910c76-AppendLogResponseHandler: Request not found, ignoring reply: e5cd125e-f61d-45cf-b4cf-a13e4bd3b145<-633590d7-4390-4d51-971d-49ea2f910c76#11:OK,SUCCESS,nextIndex:2,term:1,followerCommit:0
2019-10-02 11:31:11,790 [grpc-default-executor-3] WARN  server.GrpcLogAppender (GrpcLogAppender.java:onNextImpl(251)) - e5cd125e-f61d-45cf-b4cf-a13e4bd3b145@group-B499B5D26DCB->70fbbe32-55c4-4d97-b4b6-a87353a06c87-AppendLogResponseHandler: Request not found, ignoring reply: e5cd125e-f61d-45cf-b4cf-a13e4bd3b145<-70fbbe32-55c4-4d97-b4b6-a87353a06c87#7:OK,SUCCESS,nextIndex:2,term:1,followerCommit:0
2019-10-02 11:31:11,790 [grpc-default-executor-4] WARN  server.GrpcLogAppender (GrpcLogAppender.java:onNextImpl(251)) - e5cd125e-f61d-45cf-b4cf-a13e4bd3b145@group-B499B5D26DCB->633590d7-4390-4d51-971d-49ea2f910c76-AppendLogResponseHandler: Request not found, ignoring reply: e5cd125e-f61d-45cf-b4cf-a13e4bd3b145<-633590d7-4390-4d51-971d-49ea2f910c76#12:OK,SUCCESS,nextIndex:2,term:1,followerCommit:0
2019-10-02 11:31:11,791 [grpc-default-executor-4] WARN  server.GrpcLogAppender (GrpcLogAppender.java:onNextImpl(251)) - e5cd125e-f61d-45cf-b4cf-a13e4bd3b145@group-B499B5D26DCB->633590d7-4390-4d51-971d-49ea2f910c76-AppendLogResponseHandler: Request not found, ignoring reply: e5cd125e-f61d-45cf-b4cf-a13e4bd3b145<-633590d7-4390-4d51-971d-49ea2f910c76#13:OK,SUCCESS,nextIndex:2,term:1,followerCommit:0
2019-10-02 11:31:11,791 [grpc-default-executor-3] WARN  server.GrpcLogAppender (GrpcLogAppender.java:onNextImpl(251)) - e5cd125e-f61d-45cf-b4cf-a13e4bd3b145@group-B499B5D26DCB->70fbbe32-55c4-4d97-b4b6-a87353a06c87-AppendLogResponseHandler: Request not found, ignoring reply: e5cd125e-f61d-45cf-b4cf-a13e4bd3b145<-70fbbe32-55c4-4d97-b4b6-a87353a06c87#8:OK,SUCCESS,nextIndex:2,term:1,followerCommit:0
2019-10-02 11:31:11,791 [grpc-default-executor-4] WARN  server.GrpcLogAppender (GrpcLogAppender.java:onNextImpl(251)) - e5cd125e-f61d-45cf-b4cf-a13e4bd3b145@group-B499B5D26DCB->633590d7-4390-4d51-971d-49ea2f910c76-AppendLogResponseHandler: Request not found, ignoring reply: e5cd125e-f61d-45cf-b4cf-a13e4bd3b145<-633590d7-4390-4d51-971d-49ea2f910c76#14:OK,SUCCESS,nextIndex:2,term:1,followerCommit:0
2019-10-02 11:31:11,791 [grpc-default-executor-4] WARN  server.GrpcLogAppender (GrpcLogAppender.java:onNextImpl(251)) - e5cd125e-f61d-45cf-b4cf-a13e4bd3b145@group-B499B5D26DCB->633590d7-4390-4d51-971d-49ea2f910c76-AppendLogResponseHandler: Request not found, ignoring reply: e5cd125e-f61d-45cf-b4cf-a13e4bd3b145<-633590d7-4390-4d51-971d-49ea2f910c76#15:OK,SUCCESS,nextIndex:2,term:1,followerCommit:0
2019-10-02 11:31:11,791 [grpc-default-executor-3] WARN  server.GrpcLogAppender (GrpcLogAppender.java:onNextImpl(251)) - e5cd125e-f61d-45cf-b4cf-a13e4bd3b145@group-B499B5D26DCB->70fbbe32-55c4-4d97-b4b6-a87353a06c87-AppendLogResponseHandler: Request not found, ignoring reply: e5cd125e-f61d-45cf-b4cf-a13e4bd3b145<-70fbbe32-55c4-4d97-b4b6-a87353a06c87#9:OK,SUCCESS,nextIndex:2,term:1,followerCommit:0
2019-10-02 11:31:11,792 [grpc-default-executor-4] WARN  server.GrpcLogAppender (GrpcLogAppender.java:onNextImpl(251)) - e5cd125e-f61d-45cf-b4cf-a13e4bd3b145@group-B499B5D26DCB->633590d7-4390-4d51-971d-49ea2f910c76-AppendLogResponseHandler: Request not found, ignoring reply: e5cd125e-f61d-45cf-b4cf-a13e4bd3b145<-633590d7-4390-4d51-971d-49ea2f910c76#16:OK,SUCCESS,nextIndex:2,term:1,followerCommit:0
2019-10-02 11:31:11,792 [grpc-default-executor-3] WARN  server.GrpcLogAppender (GrpcLogAppender.java:onNextImpl(251)) - e5cd125e-f61d-45cf-b4cf-a13e4bd3b145@group-B499B5D26DCB->633590d7-4390-4d51-971d-49ea2f910c76-AppendLogResponseHandler: Request not found, ignoring reply: e5cd125e-f61d-45cf-b4cf-a13e4bd3b145<-633590d7-4390-4d51-971d-49ea2f910c76#17:OK,SUCCESS,nextIndex:2,term:1,followerCommit:0
2019-10-02 11:31:11,792 [grpc-default-executor-3] WARN  server.GrpcLogAppender (GrpcLogAppender.java:onNextImpl(251)) - e5cd125e-f61d-45cf-b4cf-a13e4bd3b145@group-B499B5D26DCB->633590d7-4390-4d51-971d-49ea2f910c76-AppendLogResponseHandler: Request not found, ignoring reply: e5cd125e-f61d-45cf-b4cf-a13e4bd3b145<-633590d7-4390-4d51-971d-49ea2f910c76#18:OK,SUCCESS,nextIndex:2,term:1,followerCommit:0
2019-10-02 11:31:11,793 [grpc-default-executor-3] WARN  server.GrpcLogAppender (GrpcLogAppender.java:onNextImpl(251)) - e5cd125e-f61d-45cf-b4cf-a13e4bd3b145@group-B499B5D26DCB->633590d7-4390-4d51-971d-49ea2f910c76-AppendLogResponseHandler: Request not found, ignoring reply: e5cd125e-f61d-45cf-b4cf-a13e4bd3b145<-633590d7-4390-4d51-971d-49ea2f910c76#19:OK,SUCCESS,nextIndex:2,term:1,followerCommit:0
2019-10-02 11:31:11,793 [grpc-default-executor-4] WARN  server.GrpcLogAppender (GrpcLogAppender.java:onNextImpl(251)) - e5cd125e-f61d-45cf-b4cf-a13e4bd3b145@group-B499B5D26DCB->70fbbe32-55c4-4d97-b4b6-a87353a06c87-AppendLogResponseHandler: Request not found, ignoring reply: e5cd125e-f61d-45cf-b4cf-a13e4bd3b145<-70fbbe32-55c4-4d97-b4b6-a87353a06c87#10:OK,SUCCESS,nextIndex:2,term:1,followerCommit:0
2019-10-02 11:31:11,793 [grpc-default-executor-3] WARN  server.GrpcLogAppender (GrpcLogAppender.java:onNextImpl(251)) - e5cd125e-f61d-45cf-b4cf-a13e4bd3b145@group-B499B5D26DCB->633590d7-4390-4d51-971d-49ea2f910c76-AppendLogResponseHandler: Request not found, ignoring reply: e5cd125e-f61d-45cf-b4cf-a13e4bd3b145<-633590d7-4390-4d51-971d-49ea2f910c76#20:OK,SUCCESS,nextIndex:2,term:1,followerCommit:0
2019-10-02 11:31:11,794 [grpc-default-executor-4] WARN  server.GrpcLogAppender (GrpcLogAppender.java:onNextImpl(251)) - e5cd125e-f61d-45cf-b4cf-a13e4bd3b145@group-B499B5D26DCB->70fbbe32-55c4-4d97-b4b6-a87353a06c87-AppendLogResponseHandler: Request not found, ignoring reply: e5cd125e-f61d-45cf-b4cf-a13e4bd3b145<-70fbbe32-55c4-4d97-b4b6-a87353a06c87#11:OK,SUCCESS,nextIndex:2,term:1,followerCommit:0
2019-10-02 11:31:11,794 [grpc-default-executor-3] WARN  server.GrpcLogAppender (GrpcLogAppender.java:onNextImpl(251)) - e5cd125e-f61d-45cf-b4cf-a13e4bd3b145@group-B499B5D26DCB->633590d7-4390-4d51-971d-49ea2f910c76-AppendLogResponseHandler: Request not found, ignoring reply: e5cd125e-f61d-45cf-b4cf-a13e4bd3b145<-633590d7-4390-4d51-971d-49ea2f910c76#21:OK,SUCCESS,nextIndex:2,term:1,followerCommit:0
2019-10-02 11:31:11,794 [grpc-default-executor-4] WARN  server.GrpcLogAppender (GrpcLogAppender.java:onNextImpl(251)) - e5cd125e-f61d-45cf-b4cf-a13e4bd3b145@group-B499B5D26DCB->70fbbe32-55c4-4d97-b4b6-a87353a06c87-AppendLogResponseHandler: Request not found, ignoring reply: e5cd125e-f61d-45cf-b4cf-a13e4bd3b145<-70fbbe32-55c4-4d97-b4b6-a87353a06c87#12:OK,SUCCESS,nextIndex:2,term:1,followerCommit:0
2019-10-02 11:31:11,794 [grpc-default-executor-3] WARN  server.GrpcLogAppender (GrpcLogAppender.java:onNextImpl(251)) - e5cd125e-f61d-45cf-b4cf-a13e4bd3b145@group-B499B5D26DCB->633590d7-4390-4d51-971d-49ea2f910c76-AppendLogResponseHandler: Request not found, ignoring reply: e5cd125e-f61d-45cf-b4cf-a13e4bd3b145<-633590d7-4390-4d51-971d-49ea2f910c76#22:OK,SUCCESS,nextIndex:2,term:1,followerCommit:0
2019-10-02 11:31:11,794 [grpc-default-executor-4] WARN  server.GrpcLogAppender (GrpcLogAppender.java:onNextImpl(251)) - e5cd125e-f61d-45cf-b4cf-a13e4bd3b145@group-B499B5D26DCB->70fbbe32-55c4-4d97-b4b6-a87353a06c87-AppendLogResponseHandler: Request not found, ignoring reply: e5cd125e-f61d-45cf-b4cf-a13e4bd3b145<-70fbbe32-55c4-4d97-b4b6-a87353a06c87#13:OK,SUCCESS,nextIndex:2,term:1,followerCommit:0
2019-10-02 11:31:11,795 [grpc-default-executor-4] WARN  server.GrpcLogAppender (GrpcLogAppender.java:onNextImpl(251)) - e5cd125e-f61d-45cf-b4cf-a13e4bd3b145@group-B499B5D26DCB->70fbbe32-55c4-4d97-b4b6-a87353a06c87-AppendLogResponseHandler: Request not found, ignoring reply: e5cd125e-f61d-45cf-b4cf-a13e4bd3b145<-70fbbe32-55c4-4d97-b4b6-a87353a06c87#14:OK,SUCCESS,nextIndex:2,term:1,followerCommit:0
2019-10-02 11:31:11,795 [grpc-default-executor-4] WARN  server.GrpcLogAppender (GrpcLogAppender.java:onNextImpl(251)) - e5cd125e-f61d-45cf-b4cf-a13e4bd3b145@group-B499B5D26DCB->70fbbe32-55c4-4d97-b4b6-a87353a06c87-AppendLogResponseHandler: Request not found, ignoring reply: e5cd125e-f61d-45cf-b4cf-a13e4bd3b145<-70fbbe32-55c4-4d97-b4b6-a87353a06c87#15:OK,SUCCESS,nextIndex:2,term:1,followerCommit:0
2019-10-02 11:31:11,795 [grpc-default-executor-4] WARN  server.GrpcLogAppender (GrpcLogAppender.java:onNextImpl(251)) - e5cd125e-f61d-45cf-b4cf-a13e4bd3b145@group-B499B5D26DCB->70fbbe32-55c4-4d97-b4b6-a87353a06c87-AppendLogResponseHandler: Request not found, ignoring reply: e5cd125e-f61d-45cf-b4cf-a13e4bd3b145<-70fbbe32-55c4-4d97-b4b6-a87353a06c87#16:OK,SUCCESS,nextIndex:2,term:1,followerCommit:0
2019-10-02 11:31:11,795 [grpc-default-executor-4] WARN  server.GrpcLogAppender (GrpcLogAppender.java:onNextImpl(251)) - e5cd125e-f61d-45cf-b4cf-a13e4bd3b145@group-B499B5D26DCB->70fbbe32-55c4-4d97-b4b6-a87353a06c87-AppendLogResponseHandler: Request not found, ignoring reply: e5cd125e-f61d-45cf-b4cf-a13e4bd3b145<-70fbbe32-55c4-4d97-b4b6-a87353a06c87#17:OK,SUCCESS,nextIndex:2,term:1,followerCommit:0
2019-10-02 11:31:11,796 [grpc-default-executor-4] WARN  server.GrpcLogAppender (GrpcLogAppender.java:onNextImpl(251)) - e5cd125e-f61d-45cf-b4cf-a13e4bd3b145@group-B499B5D26DCB->70fbbe32-55c4-4d97-b4b6-a87353a06c87-AppendLogResponseHandler: Request not found, ignoring reply: e5cd125e-f61d-45cf-b4cf-a13e4bd3b145<-70fbbe32-55c4-4d97-b4b6-a87353a06c87#18:OK,SUCCESS,nextIndex:2,term:1,followerCommit:0
2019-10-02 11:31:11,796 [grpc-default-executor-4] WARN  server.GrpcLogAppender (GrpcLogAppender.java:onNextImpl(251)) - e5cd125e-f61d-45cf-b4cf-a13e4bd3b145@group-B499B5D26DCB->70fbbe32-55c4-4d97-b4b6-a87353a06c87-AppendLogResponseHandler: Request not found, ignoring reply: e5cd125e-f61d-45cf-b4cf-a13e4bd3b145<-70fbbe32-55c4-4d97-b4b6-a87353a06c87#19:OK,SUCCESS,nextIndex:2,term:1,followerCommit:0
2019-10-02 11:31:11,796 [grpc-default-executor-4] WARN  server.GrpcLogAppender (GrpcLogAppender.java:onNextImpl(251)) - e5cd125e-f61d-45cf-b4cf-a13e4bd3b145@group-B499B5D26DCB->70fbbe32-55c4-4d97-b4b6-a87353a06c87-AppendLogResponseHandler: Request not found, ignoring reply: e5cd125e-f61d-45cf-b4cf-a13e4bd3b145<-70fbbe32-55c4-4d97-b4b6-a87353a06c87#20:OK,SUCCESS,nextIndex:2,term:1,followerCommit:0
2019-10-02 11:31:11,797 [grpc-default-executor-4] WARN  server.GrpcLogAppender (GrpcLogAppender.java:onNextImpl(251)) - e5cd125e-f61d-45cf-b4cf-a13e4bd3b145@group-B499B5D26DCB->70fbbe32-55c4-4d97-b4b6-a87353a06c87-AppendLogResponseHandler: Request not found, ignoring reply: e5cd125e-f61d-45cf-b4cf-a13e4bd3b145<-70fbbe32-55c4-4d97-b4b6-a87353a06c87#21:OK,SUCCESS,nextIndex:2,term:1,followerCommit:0
2019-10-02 11:31:11,797 [grpc-default-executor-4] WARN  server.GrpcLogAppender (GrpcLogAppender.java:onNextImpl(251)) - e5cd125e-f61d-45cf-b4cf-a13e4bd3b145@group-B499B5D26DCB->70fbbe32-55c4-4d97-b4b6-a87353a06c87-AppendLogResponseHandler: Request not found, ignoring reply: e5cd125e-f61d-45cf-b4cf-a13e4bd3b145<-70fbbe32-55c4-4d97-b4b6-a87353a06c87#22:OK,SUCCESS,nextIndex:2,term:1,followerCommit:0
2019-10-02 11:31:15,830 [main] WARN  io.KeyOutputStream (KeyOutputStream.java:handleException(274)) - Encountered exception java.io.IOException: Unexpected Storage Container Exception: java.util.concurrent.CompletionException: java.util.concurrent.CompletionException: org.apache.ratis.protocol.RaftRetryFailureException: Failed RaftClientRequest:client-C0848C893217->e5cd125e-f61d-45cf-b4cf-a13e4bd3b145@group-B499B5D26DCB, cid=19, seq=1*, RW, org.apache.hadoop.hdds.scm.XceiverClientRatis$$Lambda$669/2080864181@3049c1f0 for 10 attempts with RetryLimited(maxAttempts=10, sleepTime=1000ms) on the pipeline Pipeline[ Id: ea0c0fbb-c99e-4d21-b5e3-b499b5d26dcb, Nodes: 633590d7-4390-4d51-971d-49ea2f910c76{ip: 192.168.151.102, host: pr-hdds-2164-trunk-xhc96-1404769113, networkLocation: /default-rack, certSerialId: null}e5cd125e-f61d-45cf-b4cf-a13e4bd3b145{ip: 192.168.151.102, host: pr-hdds-2164-trunk-xhc96-1404769113, networkLocation: /default-rack, certSerialId: null}70fbbe32-55c4-4d97-b4b6-a87353a06c87{ip: 192.168.151.102, host: pr-hdds-2164-trunk-xhc96-1404769113, networkLocation: /default-rack, certSerialId: null}, Type:RATIS, Factor:THREE, State:OPEN]. The last committed block length is 0, uncommitted data length is 2097152 retry count 0
2019-10-02 11:31:18,882 [java.util.concurrent.ThreadPoolExecutor$Worker@20ced23f[State = -1, empty queue]] WARN  server.GrpcLogAppender (GrpcLogAppender.java:timeoutAppendRequest(200)) - 79fae529-906f-428f-a89e-b3dd78ccaa15@group-123F43983AAF->a37a54fb-604e-4e22-90a6-9ef2de79941b-GrpcLogAppender: appendEntries Timeout, request=79fae529-906f-428f-a89e-b3dd78ccaa15->a37a54fb-604e-4e22-90a6-9ef2de79941b#36-t1, previous=(t:1, i:0), leaderCommit=0, initializing? false, entries: size=1, first=(t:1, i:1), STATEMACHINELOGENTRY, client-D31516C7A0A0, cid=23
2019-10-02 11:31:18,882 [java.util.concurrent.ThreadPoolExecutor$Worker@2074e9a9[State = -1, empty queue]] WARN  server.GrpcLogAppender (GrpcLogAppender.java:timeoutAppendRequest(200)) - 79fae529-906f-428f-a89e-b3dd78ccaa15@group-123F43983AAF->8af5394b-47b3-4f3f-906d-9219adfe9823-GrpcLogAppender: appendEntries Timeout, request=79fae529-906f-428f-a89e-b3dd78ccaa15->8af5394b-47b3-4f3f-906d-9219adfe9823#36-t1, previous=(t:1, i:0), leaderCommit=0, initializing? false, entries: size=1, first=(t:1, i:1), STATEMACHINELOGENTRY, client-D31516C7A0A0, cid=23
2019-10-02 11:31:19,382 [java.util.concurrent.ThreadPoolExecutor$Worker@2074e9a9[State = -1, empty queue]] WARN  server.GrpcLogAppender (GrpcLogAppender.java:timeoutAppendRequest(200)) - 79fae529-906f-428f-a89e-b3dd78ccaa15@group-123F43983AAF->8af5394b-47b3-4f3f-906d-9219adfe9823-GrpcLogAppender: appendEntries Timeout, request=79fae529-906f-428f-a89e-b3dd78ccaa15->8af5394b-47b3-4f3f-906d-9219adfe9823#37-t1, previous=(t:1, i:1), leaderCommit=0, initializing? false, entries: <empty>
2019-10-02 11:31:19,382 [java.util.concurrent.ThreadPoolExecutor$Worker@20ced23f[State = -1, empty queue]] WARN  server.GrpcLogAppender (GrpcLogAppender.java:timeoutAppendRequest(200)) - 79fae529-906f-428f-a89e-b3dd78ccaa15@group-123F43983AAF->a37a54fb-604e-4e22-90a6-9ef2de79941b-GrpcLogAppender: appendEntries Timeout, request=79fae529-906f-428f-a89e-b3dd78ccaa15->a37a54fb-604e-4e22-90a6-9ef2de79941b#37-t1, previous=(t:1, i:1), leaderCommit=0, initializing? false, entries: <empty>
2019-10-02 11:31:19,884 [java.util.concurrent.ThreadPoolExecutor$Worker@20ced23f[State = -1, empty queue]] WARN  server.GrpcLogAppender (GrpcLogAppender.java:timeoutAppendRequest(200)) - 79fae529-906f-428f-a89e-b3dd78ccaa15@group-123F43983AAF->a37a54fb-604e-4e22-90a6-9ef2de79941b-GrpcLogAppender: appendEntries Timeout, request=79fae529-906f-428f-a89e-b3dd78ccaa15->a37a54fb-604e-4e22-90a6-9ef2de79941b#38-t1, previous=(t:1, i:1), leaderCommit=0, initializing? false, entries: <empty>
2019-10-02 11:31:19,884 [java.util.concurrent.ThreadPoolExecutor$Worker@2074e9a9[State = -1, empty queue]] WARN  server.GrpcLogAppender (GrpcLogAppender.java:timeoutAppendRequest(200)) - 79fae529-906f-428f-a89e-b3dd78ccaa15@group-123F43983AAF->8af5394b-47b3-4f3f-906d-9219adfe9823-GrpcLogAppender: appendEntries Timeout, request=79fae529-906f-428f-a89e-b3dd78ccaa15->8af5394b-47b3-4f3f-906d-9219adfe9823#38-t1, previous=(t:1, i:1), leaderCommit=0, initializing? false, entries: <empty>
2019-10-02 11:31:20,383 [java.util.concurrent.ThreadPoolExecutor$Worker@20ced23f[State = -1, empty queue]] WARN  server.GrpcLogAppender (GrpcLogAppender.java:timeoutAppendRequest(200)) - 79fae529-906f-428f-a89e-b3dd78ccaa15@group-123F43983AAF->a37a54fb-604e-4e22-90a6-9ef2de79941b-GrpcLogAppender: appendEntries Timeout, request=79fae529-906f-428f-a89e-b3dd78ccaa15->a37a54fb-604e-4e22-90a6-9ef2de79941b#39-t1, previous=(t:1, i:1), leaderCommit=0, initializing? false, entries: <empty>
2019-10-02 11:31:20,383 [java.util.concurrent.ThreadPoolExecutor$Worker@2074e9a9[State = -1, empty queue]] WARN  server.GrpcLogAppender (GrpcLogAppender.java:timeoutAppendRequest(200)) - 79fae529-906f-428f-a89e-b3dd78ccaa15@group-123F43983AAF->8af5394b-47b3-4f3f-906d-9219adfe9823-GrpcLogAppender: appendEntries Timeout, request=79fae529-906f-428f-a89e-b3dd78ccaa15->8af5394b-47b3-4f3f-906d-9219adfe9823#39-t1, previous=(t:1, i:1), leaderCommit=0, initializing? false, entries: <empty>
2019-10-02 11:31:20,883 [java.util.concurrent.ThreadPoolExecutor$Worker@20ced23f[State = -1, empty queue]] WARN  server.GrpcLogAppender (GrpcLogAppender.java:timeoutAppendRequest(200)) - 79fae529-906f-428f-a89e-b3dd78ccaa15@group-123F43983AAF->a37a54fb-604e-4e22-90a6-9ef2de79941b-GrpcLogAppender: appendEntries Timeout, request=79fae529-906f-428f-a89e-b3dd78ccaa15->a37a54fb-604e-4e22-90a6-9ef2de79941b#40-t1, previous=(t:1, i:1), leaderCommit=0, initializing? false, entries: <empty>
2019-10-02 11:31:20,883 [java.util.concurrent.ThreadPoolExecutor$Worker@2074e9a9[State = -1, empty queue]] WARN  server.GrpcLogAppender (GrpcLogAppender.java:timeoutAppendRequest(200)) - 79fae529-906f-428f-a89e-b3dd78ccaa15@group-123F43983AAF->8af5394b-47b3-4f3f-906d-9219adfe9823-GrpcLogAppender: appendEntries Timeout, request=79fae529-906f-428f-a89e-b3dd78ccaa15->8af5394b-47b3-4f3f-906d-9219adfe9823#40-t1, previous=(t:1, i:1), leaderCommit=0, initializing? false, entries: <empty>
2019-10-02 11:31:21,384 [java.util.concurrent.ThreadPoolExecutor$Worker@20ced23f[State = -1, empty queue]] WARN  server.GrpcLogAppender (GrpcLogAppender.java:timeoutAppendRequest(200)) - 79fae529-906f-428f-a89e-b3dd78ccaa15@group-123F43983AAF->a37a54fb-604e-4e22-90a6-9ef2de79941b-GrpcLogAppender: appendEntries Timeout, request=79fae529-906f-428f-a89e-b3dd78ccaa15->a37a54fb-604e-4e22-90a6-9ef2de79941b#41-t1, previous=(t:1, i:1), leaderCommit=0, initializing? false, entries: <empty>
2019-10-02 11:31:21,384 [java.util.concurrent.ThreadPoolExecutor$Worker@2074e9a9[State = -1, empty queue]] WARN  server.GrpcLogAppender (GrpcLogAppender.java:timeoutAppendRequest(200)) - 79fae529-906f-428f-a89e-b3dd78ccaa15@group-123F43983AAF->8af5394b-47b3-4f3f-906d-9219adfe9823-GrpcLogAppender: appendEntries Timeout, request=79fae529-906f-428f-a89e-b3dd78ccaa15->8af5394b-47b3-4f3f-906d-9219adfe9823#41-t1, previous=(t:1, i:1), leaderCommit=0, initializing? false, entries: <empty>
2019-10-02 11:31:21,886 [java.util.concurrent.ThreadPoolExecutor$Worker@2074e9a9[State = -1, empty queue]] WARN  server.GrpcLogAppender (GrpcLogAppender.java:timeoutAppendRequest(200)) - 79fae529-906f-428f-a89e-b3dd78ccaa15@group-123F43983AAF->8af5394b-47b3-4f3f-906d-9219adfe9823-GrpcLogAppender: appendEntries Timeout, request=79fae529-906f-428f-a89e-b3dd78ccaa15->8af5394b-47b3-4f3f-906d-9219adfe9823#42-t1, previous=(t:1, i:1), leaderCommit=0, initializing? false, entries: <empty>
2019-10-02 11:31:21,886 [java.util.concurrent.ThreadPoolExecutor$Worker@20ced23f[State = -1, empty queue]] WARN  server.GrpcLogAppender (GrpcLogAppender.java:timeoutAppendRequest(200)) - 79fae529-906f-428f-a89e-b3dd78ccaa15@group-123F43983AAF->a37a54fb-604e-4e22-90a6-9ef2de79941b-GrpcLogAppender: appendEntries Timeout, request=79fae529-906f-428f-a89e-b3dd78ccaa15->a37a54fb-604e-4e22-90a6-9ef2de79941b#42-t1, previous=(t:1, i:1), leaderCommit=0, initializing? false, entries: <empty>
2019-10-02 11:31:22,387 [java.util.concurrent.ThreadPoolExecutor$Worker@20ced23f[State = -1, empty queue]] WARN  server.GrpcLogAppender (GrpcLogAppender.java:timeoutAppendRequest(200)) - 79fae529-906f-428f-a89e-b3dd78ccaa15@group-123F43983AAF->a37a54fb-604e-4e22-90a6-9ef2de79941b-GrpcLogAppender: appendEntries Timeout, request=79fae529-906f-428f-a89e-b3dd78ccaa15->a37a54fb-604e-4e22-90a6-9ef2de79941b#43-t1, previous=(t:1, i:1), leaderCommit=0, initializing? false, entries: <empty>
2019-10-02 11:31:22,387 [java.util.concurrent.ThreadPoolExecutor$Worker@2074e9a9[State = -1, empty queue]] WARN  server.GrpcLogAppender (GrpcLogAppender.java:timeoutAppendRequest(200)) - 79fae529-906f-428f-a89e-b3dd78ccaa15@group-123F43983AAF->8af5394b-47b3-4f3f-906d-9219adfe9823-GrpcLogAppender: appendEntries Timeout, request=79fae529-906f-428f-a89e-b3dd78ccaa15->8af5394b-47b3-4f3f-906d-9219adfe9823#43-t1, previous=(t:1, i:1), leaderCommit=0, initializing? false, entries: <empty>
2019-10-02 11:31:22,887 [java.util.concurrent.ThreadPoolExecutor$Worker@20ced23f[State = -1, empty queue]] WARN  server.GrpcLogAppender (GrpcLogAppender.java:timeoutAppendRequest(200)) - 79fae529-906f-428f-a89e-b3dd78ccaa15@group-123F43983AAF->a37a54fb-604e-4e22-90a6-9ef2de79941b-GrpcLogAppender: appendEntries Timeout, request=79fae529-906f-428f-a89e-b3dd78ccaa15->a37a54fb-604e-4e22-90a6-9ef2de79941b#44-t1, previous=(t:1, i:1), leaderCommit=0, initializing? false, entries: <empty>
2019-10-02 11:31:22,887 [java.util.concurrent.ThreadPoolExecutor$Worker@2074e9a9[State = -1, empty queue]] WARN  server.GrpcLogAppender (GrpcLogAppender.java:timeoutAppendRequest(200)) - 79fae529-906f-428f-a89e-b3dd78ccaa15@group-123F43983AAF->8af5394b-47b3-4f3f-906d-9219adfe9823-GrpcLogAppender: appendEntries Timeout, request=79fae529-906f-428f-a89e-b3dd78ccaa15->8af5394b-47b3-4f3f-906d-9219adfe9823#44-t1, previous=(t:1, i:1), leaderCommit=0, initializing? false, entries: <empty>
2019-10-02 11:31:23,388 [java.util.concurrent.ThreadPoolExecutor$Worker@2074e9a9[State = -1, empty queue]] WARN  server.GrpcLogAppender (GrpcLogAppender.java:timeoutAppendRequest(200)) - 79fae529-906f-428f-a89e-b3dd78ccaa15@group-123F43983AAF->8af5394b-47b3-4f3f-906d-9219adfe9823-GrpcLogAppender: appendEntries Timeout, request=79fae529-906f-428f-a89e-b3dd78ccaa15->8af5394b-47b3-4f3f-906d-9219adfe9823#45-t1, previous=(t:1, i:1), leaderCommit=0, initializing? false, entries: <empty>
2019-10-02 11:31:23,388 [java.util.concurrent.ThreadPoolExecutor$Worker@20ced23f[State = -1, empty queue]] WARN  server.GrpcLogAppender (GrpcLogAppender.java:timeoutAppendRequest(200)) - 79fae529-906f-428f-a89e-b3dd78ccaa15@group-123F43983AAF->a37a54fb-604e-4e22-90a6-9ef2de79941b-GrpcLogAppender: appendEntries Timeout, request=79fae529-906f-428f-a89e-b3dd78ccaa15->a37a54fb-604e-4e22-90a6-9ef2de79941b#45-t1, previous=(t:1, i:1), leaderCommit=0, initializing? false, entries: <empty>
2019-10-02 11:31:23,888 [java.util.concurrent.ThreadPoolExecutor$Worker@20ced23f[State = -1, empty queue]] WARN  server.GrpcLogAppender (GrpcLogAppender.java:timeoutAppendRequest(200)) - 79fae529-906f-428f-a89e-b3dd78ccaa15@group-123F43983AAF->a37a54fb-604e-4e22-90a6-9ef2de79941b-GrpcLogAppender: appendEntries Timeout, request=79fae529-906f-428f-a89e-b3dd78ccaa15->a37a54fb-604e-4e22-90a6-9ef2de79941b#46-t1, previous=(t:1, i:1), leaderCommit=0, initializing? false, entries: <empty>
2019-10-02 11:31:23,888 [java.util.concurrent.ThreadPoolExecutor$Worker@2074e9a9[State = -1, empty queue]] WARN  server.GrpcLogAppender (GrpcLogAppender.java:timeoutAppendRequest(200)) - 79fae529-906f-428f-a89e-b3dd78ccaa15@group-123F43983AAF->8af5394b-47b3-4f3f-906d-9219adfe9823-GrpcLogAppender: appendEntries Timeout, request=79fae529-906f-428f-a89e-b3dd78ccaa15->8af5394b-47b3-4f3f-906d-9219adfe9823#46-t1, previous=(t:1, i:1), leaderCommit=0, initializing? false, entries: <empty>
2019-10-02 11:31:24,389 [java.util.concurrent.ThreadPoolExecutor$Worker@20ced23f[State = -1, empty queue]] WARN  server.GrpcLogAppender (GrpcLogAppender.java:timeoutAppendRequest(200)) - 79fae529-906f-428f-a89e-b3dd78ccaa15@group-123F43983AAF->a37a54fb-604e-4e22-90a6-9ef2de79941b-GrpcLogAppender: appendEntries Timeout, request=79fae529-906f-428f-a89e-b3dd78ccaa15->a37a54fb-604e-4e22-90a6-9ef2de79941b#47-t1, previous=(t:1, i:1), leaderCommit=0, initializing? false, entries: <empty>
2019-10-02 11:31:24,389 [java.util.concurrent.ThreadPoolExecutor$Worker@2074e9a9[State = -1, empty queue]] WARN  server.GrpcLogAppender (GrpcLogAppender.java:timeoutAppendRequest(200)) - 79fae529-906f-428f-a89e-b3dd78ccaa15@group-123F43983AAF->8af5394b-47b3-4f3f-906d-9219adfe9823-GrpcLogAppender: appendEntries Timeout, request=79fae529-906f-428f-a89e-b3dd78ccaa15->8af5394b-47b3-4f3f-906d-9219adfe9823#47-t1, previous=(t:1, i:1), leaderCommit=0, initializing? false, entries: <empty>
2019-10-02 11:31:24,890 [java.util.concurrent.ThreadPoolExecutor$Worker@20ced23f[State = -1, empty queue]] WARN  server.GrpcLogAppender (GrpcLogAppender.java:timeoutAppendRequest(200)) - 79fae529-906f-428f-a89e-b3dd78ccaa15@group-123F43983AAF->a37a54fb-604e-4e22-90a6-9ef2de79941b-GrpcLogAppender: appendEntries Timeout, request=79fae529-906f-428f-a89e-b3dd78ccaa15->a37a54fb-604e-4e22-90a6-9ef2de79941b#48-t1, previous=(t:1, i:1), leaderCommit=0, initializing? false, entries: <empty>
2019-10-02 11:31:24,890 [java.util.concurrent.ThreadPoolExecutor$Worker@2074e9a9[State = -1, empty queue]] WARN  server.GrpcLogAppender (GrpcLogAppender.java:timeoutAppendRequest(200)) - 79fae529-906f-428f-a89e-b3dd78ccaa15@group-123F43983AAF->8af5394b-47b3-4f3f-906d-9219adfe9823-GrpcLogAppender: appendEntries Timeout, request=79fae529-906f-428f-a89e-b3dd78ccaa15->8af5394b-47b3-4f3f-906d-9219adfe9823#48-t1, previous=(t:1, i:1), leaderCommit=0, initializing? false, entries: <empty>
2019-10-02 11:31:25,390 [java.util.concurrent.ThreadPoolExecutor$Worker@20ced23f[State = -1, empty queue]] WARN  server.GrpcLogAppender (GrpcLogAppender.java:timeoutAppendRequest(200)) - 79fae529-906f-428f-a89e-b3dd78ccaa15@group-123F43983AAF->a37a54fb-604e-4e22-90a6-9ef2de79941b-GrpcLogAppender: appendEntries Timeout, request=79fae529-906f-428f-a89e-b3dd78ccaa15->a37a54fb-604e-4e22-90a6-9ef2de79941b#49-t1, previous=(t:1, i:1), leaderCommit=0, initializing? false, entries: <empty>
2019-10-02 11:31:25,390 [java.util.concurrent.ThreadPoolExecutor$Worker@2074e9a9[State = -1, empty queue]] WARN  server.GrpcLogAppender (GrpcLogAppender.java:timeoutAppendRequest(200)) - 79fae529-906f-428f-a89e-b3dd78ccaa15@group-123F43983AAF->8af5394b-47b3-4f3f-906d-9219adfe9823-GrpcLogAppender: appendEntries Timeout, request=79fae529-906f-428f-a89e-b3dd78ccaa15->8af5394b-47b3-4f3f-906d-9219adfe9823#49-t1, previous=(t:1, i:1), leaderCommit=0, initializing? false, entries: <empty>
2019-10-02 11:31:25,881 [79fae529-906f-428f-a89e-b3dd78ccaa15@group-123F43983AAF-SegmentedRaftLogWorker] WARN  segmented.SegmentedRaftLogWorker (SegmentedRaftLogWorker.java:getFromFuture(90)) - Timeout 0/~
org.apache.ratis.protocol.TimeoutIOException: Timeout 10s: WriteLog:1: (t:1, i:1), STATEMACHINELOGENTRY, client-D31516C7A0A0, cid=23-writeStateMachineData
	at org.apache.ratis.util.IOUtils.getFromFuture(IOUtils.java:87)
	at org.apache.ratis.server.raftlog.segmented.SegmentedRaftLogWorker$StateMachineDataPolicy.getFromFuture(SegmentedRaftLogWorker.java:87)
	at org.apache.ratis.server.raftlog.segmented.SegmentedRaftLogWorker$WriteLog.execute(SegmentedRaftLogWorker.java:477)
	at org.apache.ratis.server.raftlog.segmented.SegmentedRaftLogWorker.run(SegmentedRaftLogWorker.java:289)
	at java.lang.Thread.run(Thread.java:748)
Caused by: java.util.concurrent.TimeoutException
	at java.util.concurrent.CompletableFuture.timedGet(CompletableFuture.java:1771)
	at java.util.concurrent.CompletableFuture.get(CompletableFuture.java:1915)
	at org.apache.ratis.util.IOUtils.getFromFuture(IOUtils.java:79)
	... 4 more
2019-10-02 11:31:25,888 [a37a54fb-604e-4e22-90a6-9ef2de79941b@group-123F43983AAF-SegmentedRaftLogWorker] WARN  segmented.SegmentedRaftLogWorker (SegmentedRaftLogWorker.java:getFromFuture(90)) - Timeout 0/~
org.apache.ratis.protocol.TimeoutIOException: Timeout 10s: WriteLog:1: (t:1, i:1), STATEMACHINELOGENTRY, client-D31516C7A0A0, cid=23-writeStateMachineData
	at org.apache.ratis.util.IOUtils.getFromFuture(IOUtils.java:87)
	at org.apache.ratis.server.raftlog.segmented.SegmentedRaftLogWorker$StateMachineDataPolicy.getFromFuture(SegmentedRaftLogWorker.java:87)
	at org.apache.ratis.server.raftlog.segmented.SegmentedRaftLogWorker$WriteLog.execute(SegmentedRaftLogWorker.java:477)
	at org.apache.ratis.server.raftlog.segmented.SegmentedRaftLogWorker.run(SegmentedRaftLogWorker.java:289)
	at java.lang.Thread.run(Thread.java:748)
Caused by: java.util.concurrent.TimeoutException
	at java.util.concurrent.CompletableFuture.timedGet(CompletableFuture.java:1771)
	at java.util.concurrent.CompletableFuture.get(CompletableFuture.java:1915)
	at org.apache.ratis.util.IOUtils.getFromFuture(IOUtils.java:79)
	... 4 more
2019-10-02 11:31:25,890 [8af5394b-47b3-4f3f-906d-9219adfe9823@group-123F43983AAF-SegmentedRaftLogWorker] WARN  segmented.SegmentedRaftLogWorker (SegmentedRaftLogWorker.java:getFromFuture(90)) - Timeout 0/~
org.apache.ratis.protocol.TimeoutIOException: Timeout 10s: WriteLog:1: (t:1, i:1), STATEMACHINELOGENTRY, client-D31516C7A0A0, cid=23-writeStateMachineData
	at org.apache.ratis.util.IOUtils.getFromFuture(IOUtils.java:87)
	at org.apache.ratis.server.raftlog.segmented.SegmentedRaftLogWorker$StateMachineDataPolicy.getFromFuture(SegmentedRaftLogWorker.java:87)
	at org.apache.ratis.server.raftlog.segmented.SegmentedRaftLogWorker$WriteLog.execute(SegmentedRaftLogWorker.java:477)
	at org.apache.ratis.server.raftlog.segmented.SegmentedRaftLogWorker.run(SegmentedRaftLogWorker.java:289)
	at java.lang.Thread.run(Thread.java:748)
Caused by: java.util.concurrent.TimeoutException
	at java.util.concurrent.CompletableFuture.timedGet(CompletableFuture.java:1771)
	at java.util.concurrent.CompletableFuture.get(CompletableFuture.java:1915)
	at org.apache.ratis.util.IOUtils.getFromFuture(IOUtils.java:79)
	... 4 more
2019-10-02 11:31:25,891 [java.util.concurrent.ThreadPoolExecutor$Worker@2074e9a9[State = -1, empty queue]] WARN  server.GrpcLogAppender (GrpcLogAppender.java:timeoutAppendRequest(200)) - 79fae529-906f-428f-a89e-b3dd78ccaa15@group-123F43983AAF->8af5394b-47b3-4f3f-906d-9219adfe9823-GrpcLogAppender: appendEntries Timeout, request=79fae529-906f-428f-a89e-b3dd78ccaa15->8af5394b-47b3-4f3f-906d-9219adfe9823#50-t1, previous=(t:1, i:1), leaderCommit=0, initializing? false, entries: <empty>
2019-10-02 11:31:25,891 [java.util.concurrent.ThreadPoolExecutor$Worker@20ced23f[State = -1, empty queue]] WARN  server.GrpcLogAppender (GrpcLogAppender.java:timeoutAppendRequest(200)) - 79fae529-906f-428f-a89e-b3dd78ccaa15@group-123F43983AAF->a37a54fb-604e-4e22-90a6-9ef2de79941b-GrpcLogAppender: appendEntries Timeout, request=79fae529-906f-428f-a89e-b3dd78ccaa15->a37a54fb-604e-4e22-90a6-9ef2de79941b#50-t1, previous=(t:1, i:1), leaderCommit=0, initializing? false, entries: <empty>
2019-10-02 11:31:25,954 [grpc-default-executor-4] WARN  server.GrpcLogAppender (GrpcLogAppender.java:onNextImpl(251)) - 79fae529-906f-428f-a89e-b3dd78ccaa15@group-123F43983AAF->8af5394b-47b3-4f3f-906d-9219adfe9823-AppendLogResponseHandler: Request not found, ignoring reply: 79fae529-906f-428f-a89e-b3dd78ccaa15<-8af5394b-47b3-4f3f-906d-9219adfe9823#36:OK,SUCCESS,nextIndex:2,term:1,followerCommit:0
2019-10-02 11:31:25,954 [grpc-default-executor-4] WARN  server.GrpcLogAppender (GrpcLogAppender.java:onNextImpl(251)) - 79fae529-906f-428f-a89e-b3dd78ccaa15@group-123F43983AAF->a37a54fb-604e-4e22-90a6-9ef2de79941b-AppendLogResponseHandler: Request not found, ignoring reply: 79fae529-906f-428f-a89e-b3dd78ccaa15<-a37a54fb-604e-4e22-90a6-9ef2de79941b#36:OK,SUCCESS,nextIndex:2,term:1,followerCommit:0
2019-10-02 11:31:25,954 [grpc-default-executor-3] WARN  server.GrpcLogAppender (GrpcLogAppender.java:onNextImpl(251)) - 79fae529-906f-428f-a89e-b3dd78ccaa15@group-123F43983AAF->8af5394b-47b3-4f3f-906d-9219adfe9823-AppendLogResponseHandler: Request not found, ignoring reply: 79fae529-906f-428f-a89e-b3dd78ccaa15<-8af5394b-47b3-4f3f-906d-9219adfe9823#37:OK,SUCCESS,nextIndex:2,term:1,followerCommit:0
2019-10-02 11:31:25,955 [grpc-default-executor-4] WARN  server.GrpcLogAppender (GrpcLogAppender.java:onNextImpl(251)) - 79fae529-906f-428f-a89e-b3dd78ccaa15@group-123F43983AAF->a37a54fb-604e-4e22-90a6-9ef2de79941b-AppendLogResponseHandler: Request not found, ignoring reply: 79fae529-906f-428f-a89e-b3dd78ccaa15<-a37a54fb-604e-4e22-90a6-9ef2de79941b#37:OK,SUCCESS,nextIndex:2,term:1,followerCommit:0
2019-10-02 11:31:25,955 [grpc-default-executor-3] WARN  server.GrpcLogAppender (GrpcLogAppender.java:onNextImpl(251)) - 79fae529-906f-428f-a89e-b3dd78ccaa15@group-123F43983AAF->8af5394b-47b3-4f3f-906d-9219adfe9823-AppendLogResponseHandler: Request not found, ignoring reply: 79fae529-906f-428f-a89e-b3dd78ccaa15<-8af5394b-47b3-4f3f-906d-9219adfe9823#38:OK,SUCCESS,nextIndex:2,term:1,followerCommit:0
2019-10-02 11:31:25,955 [grpc-default-executor-4] WARN  server.GrpcLogAppender (GrpcLogAppender.java:onNextImpl(251)) - 79fae529-906f-428f-a89e-b3dd78ccaa15@group-123F43983AAF->a37a54fb-604e-4e22-90a6-9ef2de79941b-AppendLogResponseHandler: Request not found, ignoring reply: 79fae529-906f-428f-a89e-b3dd78ccaa15<-a37a54fb-604e-4e22-90a6-9ef2de79941b#38:OK,SUCCESS,nextIndex:2,term:1,followerCommit:0
2019-10-02 11:31:25,955 [grpc-default-executor-3] WARN  server.GrpcLogAppender (GrpcLogAppender.java:onNextImpl(251)) - 79fae529-906f-428f-a89e-b3dd78ccaa15@group-123F43983AAF->8af5394b-47b3-4f3f-906d-9219adfe9823-AppendLogResponseHandler: Request not found, ignoring reply: 79fae529-906f-428f-a89e-b3dd78ccaa15<-8af5394b-47b3-4f3f-906d-9219adfe9823#39:OK,SUCCESS,nextIndex:2,term:1,followerCommit:0
2019-10-02 11:31:25,955 [grpc-default-executor-4] WARN  server.GrpcLogAppender (GrpcLogAppender.java:onNextImpl(251)) - 79fae529-906f-428f-a89e-b3dd78ccaa15@group-123F43983AAF->a37a54fb-604e-4e22-90a6-9ef2de79941b-AppendLogResponseHandler: Request not found, ignoring reply: 79fae529-906f-428f-a89e-b3dd78ccaa15<-a37a54fb-604e-4e22-90a6-9ef2de79941b#39:OK,SUCCESS,nextIndex:2,term:1,followerCommit:0
2019-10-02 11:31:25,955 [grpc-default-executor-3] WARN  server.GrpcLogAppender (GrpcLogAppender.java:onNextImpl(251)) - 79fae529-906f-428f-a89e-b3dd78ccaa15@group-123F43983AAF->8af5394b-47b3-4f3f-906d-9219adfe9823-AppendLogResponseHandler: Request not found, ignoring reply: 79fae529-906f-428f-a89e-b3dd78ccaa15<-8af5394b-47b3-4f3f-906d-9219adfe9823#40:OK,SUCCESS,nextIndex:2,term:1,followerCommit:0
2019-10-02 11:31:25,955 [grpc-default-executor-4] WARN  server.GrpcLogAppender (GrpcLogAppender.java:onNextImpl(251)) - 79fae529-906f-428f-a89e-b3dd78ccaa15@group-123F43983AAF->a37a54fb-604e-4e22-90a6-9ef2de79941b-AppendLogResponseHandler: Request not found, ignoring reply: 79fae529-906f-428f-a89e-b3dd78ccaa15<-a37a54fb-604e-4e22-90a6-9ef2de79941b#40:OK,SUCCESS,nextIndex:2,term:1,followerCommit:0
2019-10-02 11:31:25,955 [grpc-default-executor-3] WARN  server.GrpcLogAppender (GrpcLogAppender.java:onNextImpl(251)) - 79fae529-906f-428f-a89e-b3dd78ccaa15@group-123F43983AAF->8af5394b-47b3-4f3f-906d-9219adfe9823-AppendLogResponseHandler: Request not found, ignoring reply: 79fae529-906f-428f-a89e-b3dd78ccaa15<-8af5394b-47b3-4f3f-906d-9219adfe9823#41:OK,SUCCESS,nextIndex:2,term:1,followerCommit:0
2019-10-02 11:31:25,955 [grpc-default-executor-4] WARN  server.GrpcLogAppender (GrpcLogAppender.java:onNextImpl(251)) - 79fae529-906f-428f-a89e-b3dd78ccaa15@group-123F43983AAF->a37a54fb-604e-4e22-90a6-9ef2de79941b-AppendLogResponseHandler: Request not found, ignoring reply: 79fae529-906f-428f-a89e-b3dd78ccaa15<-a37a54fb-604e-4e22-90a6-9ef2de79941b#41:OK,SUCCESS,nextIndex:2,term:1,followerCommit:0
2019-10-02 11:31:25,955 [grpc-default-executor-3] WARN  server.GrpcLogAppender (GrpcLogAppender.java:onNextImpl(251)) - 79fae529-906f-428f-a89e-b3dd78ccaa15@group-123F43983AAF->8af5394b-47b3-4f3f-906d-9219adfe9823-AppendLogResponseHandler: Request not found, ignoring reply: 79fae529-906f-428f-a89e-b3dd78ccaa15<-8af5394b-47b3-4f3f-906d-9219adfe9823#42:OK,SUCCESS,nextIndex:2,term:1,followerCommit:0
2019-10-02 11:31:25,956 [grpc-default-executor-4] WARN  server.GrpcLogAppender (GrpcLogAppender.java:onNextImpl(251)) - 79fae529-906f-428f-a89e-b3dd78ccaa15@group-123F43983AAF->a37a54fb-604e-4e22-90a6-9ef2de79941b-AppendLogResponseHandler: Request not found, ignoring reply: 79fae529-906f-428f-a89e-b3dd78ccaa15<-a37a54fb-604e-4e22-90a6-9ef2de79941b#42:OK,SUCCESS,nextIndex:2,term:1,followerCommit:0
2019-10-02 11:31:25,956 [grpc-default-executor-4] WARN  server.GrpcLogAppender (GrpcLogAppender.java:onNextImpl(251)) - 79fae529-906f-428f-a89e-b3dd78ccaa15@group-123F43983AAF->a37a54fb-604e-4e22-90a6-9ef2de79941b-AppendLogResponseHandler: Request not found, ignoring reply: 79fae529-906f-428f-a89e-b3dd78ccaa15<-a37a54fb-604e-4e22-90a6-9ef2de79941b#43:OK,SUCCESS,nextIndex:2,term:1,followerCommit:0
2019-10-02 11:31:25,956 [grpc-default-executor-4] WARN  server.GrpcLogAppender (GrpcLogAppender.java:onNextImpl(251)) - 79fae529-906f-428f-a89e-b3dd78ccaa15@group-123F43983AAF->a37a54fb-604e-4e22-90a6-9ef2de79941b-AppendLogResponseHandler: Request not found, ignoring reply: 79fae529-906f-428f-a89e-b3dd78ccaa15<-a37a54fb-604e-4e22-90a6-9ef2de79941b#44:OK,SUCCESS,nextIndex:2,term:1,followerCommit:0
2019-10-02 11:31:25,956 [grpc-default-executor-4] WARN  server.GrpcLogAppender (GrpcLogAppender.java:onNextImpl(251)) - 79fae529-906f-428f-a89e-b3dd78ccaa15@group-123F43983AAF->a37a54fb-604e-4e22-90a6-9ef2de79941b-AppendLogResponseHandler: Request not found, ignoring reply: 79fae529-906f-428f-a89e-b3dd78ccaa15<-a37a54fb-604e-4e22-90a6-9ef2de79941b#45:OK,SUCCESS,nextIndex:2,term:1,followerCommit:0
2019-10-02 11:31:25,956 [grpc-default-executor-4] WARN  server.GrpcLogAppender (GrpcLogAppender.java:onNextImpl(251)) - 79fae529-906f-428f-a89e-b3dd78ccaa15@group-123F43983AAF->a37a54fb-604e-4e22-90a6-9ef2de79941b-AppendLogResponseHandler: Request not found, ignoring reply: 79fae529-906f-428f-a89e-b3dd78ccaa15<-a37a54fb-604e-4e22-90a6-9ef2de79941b#46:OK,SUCCESS,nextIndex:2,term:1,followerCommit:0
2019-10-02 11:31:25,957 [grpc-default-executor-4] WARN  server.GrpcLogAppender (GrpcLogAppender.java:onNextImpl(251)) - 79fae529-906f-428f-a89e-b3dd78ccaa15@group-123F43983AAF->a37a54fb-604e-4e22-90a6-9ef2de79941b-AppendLogResponseHandler: Request not found, ignoring reply: 79fae529-906f-428f-a89e-b3dd78ccaa15<-a37a54fb-604e-4e22-90a6-9ef2de79941b#47:OK,SUCCESS,nextIndex:2,term:1,followerCommit:0
2019-10-02 11:31:25,957 [grpc-default-executor-4] WARN  server.GrpcLogAppender (GrpcLogAppender.java:onNextImpl(251)) - 79fae529-906f-428f-a89e-b3dd78ccaa15@group-123F43983AAF->a37a54fb-604e-4e22-90a6-9ef2de79941b-AppendLogResponseHandler: Request not found, ignoring reply: 79fae529-906f-428f-a89e-b3dd78ccaa15<-a37a54fb-604e-4e22-90a6-9ef2de79941b#48:OK,SUCCESS,nextIndex:2,term:1,followerCommit:0
2019-10-02 11:31:25,957 [grpc-default-executor-4] WARN  server.GrpcLogAppender (GrpcLogAppender.java:onNextImpl(251)) - 79fae529-906f-428f-a89e-b3dd78ccaa15@group-123F43983AAF->a37a54fb-604e-4e22-90a6-9ef2de79941b-AppendLogResponseHandler: Request not found, ignoring reply: 79fae529-906f-428f-a89e-b3dd78ccaa15<-a37a54fb-604e-4e22-90a6-9ef2de79941b#49:OK,SUCCESS,nextIndex:2,term:1,followerCommit:0
2019-10-02 11:31:25,957 [grpc-default-executor-3] WARN  server.GrpcLogAppender (GrpcLogAppender.java:onNextImpl(251)) - 79fae529-906f-428f-a89e-b3dd78ccaa15@group-123F43983AAF->8af5394b-47b3-4f3f-906d-9219adfe9823-AppendLogResponseHandler: Request not found, ignoring reply: 79fae529-906f-428f-a89e-b3dd78ccaa15<-8af5394b-47b3-4f3f-906d-9219adfe9823#43:OK,SUCCESS,nextIndex:2,term:1,followerCommit:0
2019-10-02 11:31:25,957 [grpc-default-executor-4] WARN  server.GrpcLogAppender (GrpcLogAppender.java:onNextImpl(251)) - 79fae529-906f-428f-a89e-b3dd78ccaa15@group-123F43983AAF->a37a54fb-604e-4e22-90a6-9ef2de79941b-AppendLogResponseHandler: Request not found, ignoring reply: 79fae529-906f-428f-a89e-b3dd78ccaa15<-a37a54fb-604e-4e22-90a6-9ef2de79941b#50:OK,SUCCESS,nextIndex:2,term:1,followerCommit:0
2019-10-02 11:31:25,957 [grpc-default-executor-3] WARN  server.GrpcLogAppender (GrpcLogAppender.java:onNextImpl(251)) - 79fae529-906f-428f-a89e-b3dd78ccaa15@group-123F43983AAF->8af5394b-47b3-4f3f-906d-9219adfe9823-AppendLogResponseHandler: Request not found, ignoring reply: 79fae529-906f-428f-a89e-b3dd78ccaa15<-8af5394b-47b3-4f3f-906d-9219adfe9823#44:OK,SUCCESS,nextIndex:2,term:1,followerCommit:0
2019-10-02 11:31:25,957 [grpc-default-executor-3] WARN  server.GrpcLogAppender (GrpcLogAppender.java:onNextImpl(251)) - 79fae529-906f-428f-a89e-b3dd78ccaa15@group-123F43983AAF->8af5394b-47b3-4f3f-906d-9219adfe9823-AppendLogResponseHandler: Request not found, ignoring reply: 79fae529-906f-428f-a89e-b3dd78ccaa15<-8af5394b-47b3-4f3f-906d-9219adfe9823#45:OK,SUCCESS,nextIndex:2,term:1,followerCommit:0
2019-10-02 11:31:25,958 [grpc-default-executor-4] WARN  server.GrpcLogAppender (GrpcLogAppender.java:onNextImpl(251)) - 79fae529-906f-428f-a89e-b3dd78ccaa15@group-123F43983AAF->8af5394b-47b3-4f3f-906d-9219adfe9823-AppendLogResponseHandler: Request not found, ignoring reply: 79fae529-906f-428f-a89e-b3dd78ccaa15<-8af5394b-47b3-4f3f-906d-9219adfe9823#46:OK,SUCCESS,nextIndex:2,term:1,followerCommit:0
2019-10-02 11:31:25,958 [grpc-default-executor-4] WARN  server.GrpcLogAppender (GrpcLogAppender.java:onNextImpl(251)) - 79fae529-906f-428f-a89e-b3dd78ccaa15@group-123F43983AAF->8af5394b-47b3-4f3f-906d-9219adfe9823-AppendLogResponseHandler: Request not found, ignoring reply: 79fae529-906f-428f-a89e-b3dd78ccaa15<-8af5394b-47b3-4f3f-906d-9219adfe9823#47:OK,SUCCESS,nextIndex:2,term:1,followerCommit:0
2019-10-02 11:31:25,958 [grpc-default-executor-4] WARN  server.GrpcLogAppender (GrpcLogAppender.java:onNextImpl(251)) - 79fae529-906f-428f-a89e-b3dd78ccaa15@group-123F43983AAF->8af5394b-47b3-4f3f-906d-9219adfe9823-AppendLogResponseHandler: Request not found, ignoring reply: 79fae529-906f-428f-a89e-b3dd78ccaa15<-8af5394b-47b3-4f3f-906d-9219adfe9823#48:OK,SUCCESS,nextIndex:2,term:1,followerCommit:0
2019-10-02 11:31:25,958 [grpc-default-executor-4] WARN  server.GrpcLogAppender (GrpcLogAppender.java:onNextImpl(251)) - 79fae529-906f-428f-a89e-b3dd78ccaa15@group-123F43983AAF->8af5394b-47b3-4f3f-906d-9219adfe9823-AppendLogResponseHandler: Request not found, ignoring reply: 79fae529-906f-428f-a89e-b3dd78ccaa15<-8af5394b-47b3-4f3f-906d-9219adfe9823#49:OK,SUCCESS,nextIndex:2,term:1,followerCommit:0
2019-10-02 11:31:25,958 [grpc-default-executor-4] WARN  server.GrpcLogAppender (GrpcLogAppender.java:onNextImpl(251)) - 79fae529-906f-428f-a89e-b3dd78ccaa15@group-123F43983AAF->8af5394b-47b3-4f3f-906d-9219adfe9823-AppendLogResponseHandler: Request not found, ignoring reply: 79fae529-906f-428f-a89e-b3dd78ccaa15<-8af5394b-47b3-4f3f-906d-9219adfe9823#50:OK,SUCCESS,nextIndex:2,term:1,followerCommit:0
2019-10-02 11:31:26,419 [main] INFO  ozone.MiniOzoneClusterImpl (MiniOzoneClusterImpl.java:shutdown(314)) - Shutting down the Mini Ozone Cluster
2019-10-02 11:31:26,420 [main] INFO  ozone.MiniOzoneClusterImpl (MiniOzoneClusterImpl.java:stop(330)) - Stopping the Mini Ozone Cluster
2019-10-02 11:31:26,420 [main] INFO  ozone.MiniOzoneClusterImpl (MiniOzoneClusterImpl.java:stopOM(400)) - Stopping the OzoneManager
2019-10-02 11:31:26,421 [main] INFO  ipc.Server (Server.java:stop(3082)) - Stopping server on 40701
2019-10-02 11:31:26,456 [IPC Server listener on 40701] INFO  ipc.Server (Server.java:run(1185)) - Stopping IPC Server listener on 40701
2019-10-02 11:31:26,456 [main] INFO  ratis.OzoneManagerDoubleBuffer (OzoneManagerDoubleBuffer.java:stop(248)) - Stopping OMDoubleBuffer flush thread
2019-10-02 11:31:26,456 [IPC Server Responder] INFO  ipc.Server (Server.java:run(1319)) - Stopping IPC Server Responder
2019-10-02 11:31:26,460 [OMDoubleBufferFlushThread] INFO  ratis.OzoneManagerDoubleBuffer (OzoneManagerDoubleBuffer.java:flushTransactions(191)) - OMDoubleBuffer flush thread OMDoubleBufferFlushThread is interrupted and will exit. OMDoubleBufferFlushThread
2019-10-02 11:31:26,460 [main] INFO  utils.BackgroundService (BackgroundService.java:shutdown(148)) - Shutting down service KeyDeletingService
2019-10-02 11:31:26,486 [main] INFO  handler.ContextHandler (ContextHandler.java:doStop(910)) - Stopped o.e.j.w.WebAppContext@1ecfcbc9{/,null,UNAVAILABLE}{/ozoneManager}
2019-10-02 11:31:26,516 [main] INFO  server.AbstractConnector (AbstractConnector.java:doStop(318)) - Stopped ServerConnector@1965539b{HTTP/1.1,[http/1.1]}{0.0.0.0:0}
2019-10-02 11:31:26,517 [main] INFO  handler.ContextHandler (ContextHandler.java:doStop(910)) - Stopped o.e.j.s.ServletContextHandler@67001148{/static,file:///workdir/hadoop-ozone/integration-test/target/test-classes/webapps/static,UNAVAILABLE}
2019-10-02 11:31:26,518 [main] INFO  handler.ContextHandler (ContextHandler.java:doStop(910)) - Stopped o.e.j.s.ServletContextHandler@4cafa9aa{/logs,file:///workdir/hadoop-ozone/integration-test/target/log,UNAVAILABLE}
2019-10-02 11:31:26,523 [main] INFO  ozone.MiniOzoneClusterImpl (MiniOzoneClusterImpl.java:stopDatanodes(377)) - Stopping the HddsDatanodes
2019-10-02 11:31:26,650 [Datanode State Machine Thread - 0] INFO  statemachine.DatanodeStateMachine (DatanodeStateMachine.java:lambda$startDaemon$0(350)) - Ozone container server started.
2019-10-02 11:31:26,937 [Datanode State Machine Thread - 0] INFO  statemachine.DatanodeStateMachine (DatanodeStateMachine.java:lambda$startDaemon$0(350)) - Ozone container server started.
2019-10-02 11:31:31,528 [main] INFO  ozoneimpl.OzoneContainer (OzoneContainer.java:stop(231)) - Attempting to stop container services.
2019-10-02 11:31:31,528 [ForkJoinPool.commonPool-worker-1] INFO  ozoneimpl.OzoneContainer (OzoneContainer.java:stop(231)) - Attempting to stop container services.
2019-10-02 11:31:31,529 [main] INFO  impl.RaftServerProxy (RaftServerProxy.java:lambda$close$4(314)) - a37a54fb-604e-4e22-90a6-9ef2de79941b: close
2019-10-02 11:31:31,529 [ForkJoinPool.commonPool-worker-1] INFO  impl.RaftServerProxy (RaftServerProxy.java:lambda$close$4(314)) - b0829514-0e81-4cb8-8158-745b805c48fc: close
2019-10-02 11:31:31,530 [main] INFO  impl.RaftServerImpl (RaftServerImpl.java:lambda$shutdown$3(251)) - a37a54fb-604e-4e22-90a6-9ef2de79941b@group-6893984871ED: shutdown
2019-10-02 11:31:31,531 [ForkJoinPool.commonPool-worker-1] INFO  impl.RaftServerImpl (RaftServerImpl.java:lambda$shutdown$3(251)) - b0829514-0e81-4cb8-8158-745b805c48fc@group-DB102E65015E: shutdown
2019-10-02 11:31:31,531 [main] INFO  util.JmxRegister (JmxRegister.java:unregister(73)) - Successfully un-registered JMX Bean with object name Ratis:service=RaftServer,group=group-6893984871ED,id=a37a54fb-604e-4e22-90a6-9ef2de79941b
2019-10-02 11:31:31,531 [ForkJoinPool.commonPool-worker-1] INFO  util.JmxRegister (JmxRegister.java:unregister(73)) - Successfully un-registered JMX Bean with object name Ratis:service=RaftServer,group=group-DB102E65015E,id=b0829514-0e81-4cb8-8158-745b805c48fc
2019-10-02 11:31:31,531 [main] INFO  impl.RoleInfo (RoleInfo.java:shutdownLeaderState(104)) - a37a54fb-604e-4e22-90a6-9ef2de79941b: shutdown LeaderState
2019-10-02 11:31:31,532 [ForkJoinPool.commonPool-worker-1] INFO  impl.RoleInfo (RoleInfo.java:shutdownLeaderState(104)) - b0829514-0e81-4cb8-8158-745b805c48fc: shutdown LeaderState
2019-10-02 11:31:31,532 [main] INFO  impl.PendingRequests (PendingRequests.java:sendNotLeaderResponses(202)) - a37a54fb-604e-4e22-90a6-9ef2de79941b-PendingRequests: sendNotLeaderResponses
2019-10-02 11:31:31,532 [ForkJoinPool.commonPool-worker-1] INFO  impl.PendingRequests (PendingRequests.java:sendNotLeaderResponses(202)) - b0829514-0e81-4cb8-8158-745b805c48fc-PendingRequests: sendNotLeaderResponses
2019-10-02 11:31:31,534 [main] INFO  impl.StateMachineUpdater (StateMachineUpdater.java:stopAndJoin(125)) - a37a54fb-604e-4e22-90a6-9ef2de79941b@group-6893984871ED-StateMachineUpdater: set stopIndex = 0
2019-10-02 11:31:31,534 [ForkJoinPool.commonPool-worker-1] INFO  impl.StateMachineUpdater (StateMachineUpdater.java:stopAndJoin(125)) - b0829514-0e81-4cb8-8158-745b805c48fc@group-DB102E65015E-StateMachineUpdater: set stopIndex = 0
2019-10-02 11:31:31,534 [main] INFO  impl.RaftServerImpl (ServerState.java:close(385)) - a37a54fb-604e-4e22-90a6-9ef2de79941b@group-6893984871ED: closes. applyIndex: 0
2019-10-02 11:31:31,534 [ForkJoinPool.commonPool-worker-1] INFO  impl.RaftServerImpl (ServerState.java:close(385)) - b0829514-0e81-4cb8-8158-745b805c48fc@group-DB102E65015E: closes. applyIndex: 0
2019-10-02 11:31:31,536 [b0829514-0e81-4cb8-8158-745b805c48fc@group-DB102E65015E-SegmentedRaftLogWorker] INFO  segmented.SegmentedRaftLogWorker (SegmentedRaftLogWorker.java:run(313)) - b0829514-0e81-4cb8-8158-745b805c48fc@group-DB102E65015E-SegmentedRaftLogWorker was interrupted, exiting. There are 0 tasks remaining in the queue.
2019-10-02 11:31:31,536 [a37a54fb-604e-4e22-90a6-9ef2de79941b@group-6893984871ED-SegmentedRaftLogWorker] INFO  segmented.SegmentedRaftLogWorker (SegmentedRaftLogWorker.java:run(313)) - a37a54fb-604e-4e22-90a6-9ef2de79941b@group-6893984871ED-SegmentedRaftLogWorker was interrupted, exiting. There are 0 tasks remaining in the queue.
2019-10-02 11:31:31,563 [ForkJoinPool.commonPool-worker-1] INFO  segmented.SegmentedRaftLogWorker (SegmentedRaftLogWorker.java:close(228)) - b0829514-0e81-4cb8-8158-745b805c48fc@group-DB102E65015E-SegmentedRaftLogWorker close()
2019-10-02 11:31:31,569 [ForkJoinPool.commonPool-worker-1] INFO  impl.RaftServerImpl (RaftServerImpl.java:lambda$shutdown$3(251)) - b0829514-0e81-4cb8-8158-745b805c48fc@group-3B3A82ECA675: shutdown
2019-10-02 11:31:31,569 [ForkJoinPool.commonPool-worker-1] INFO  util.JmxRegister (JmxRegister.java:unregister(73)) - Successfully un-registered JMX Bean with object name Ratis:service=RaftServer,group=group-3B3A82ECA675,id=b0829514-0e81-4cb8-8158-745b805c48fc
2019-10-02 11:31:31,569 [ForkJoinPool.commonPool-worker-1] INFO  impl.RoleInfo (RoleInfo.java:shutdownFollowerState(121)) - b0829514-0e81-4cb8-8158-745b805c48fc: shutdown FollowerState
2019-10-02 11:31:31,569 [ForkJoinPool.commonPool-worker-1] INFO  impl.StateMachineUpdater (StateMachineUpdater.java:stopAndJoin(125)) - b0829514-0e81-4cb8-8158-745b805c48fc@group-3B3A82ECA675-StateMachineUpdater: set stopIndex = 4
2019-10-02 11:31:31,570 [Thread-407] INFO  impl.FollowerState (FollowerState.java:run(115)) - b0829514-0e81-4cb8-8158-745b805c48fc: FollowerState was interrupted: java.lang.InterruptedException: sleep interrupted
2019-10-02 11:31:31,570 [b0829514-0e81-4cb8-8158-745b805c48fc@group-3B3A82ECA675-StateMachineUpdater] INFO  ratis.ContainerStateMachine (ContainerStateMachine.java:takeSnapshot(289)) - group-3B3A82ECA675: Taking a snapshot at:(t:1, i:3) file /workdir/hadoop-ozone/integration-test/target/test-dir/MiniOzoneClusterImpl-5dc4b805-dc02-409a-84a0-03630345a4d3/datanode-2/data/ratis/81fcf48a-080c-4ff9-a6ed-3b3a82eca675/sm/snapshot.1_3
2019-10-02 11:31:31,585 [main] INFO  segmented.SegmentedRaftLogWorker (SegmentedRaftLogWorker.java:close(228)) - a37a54fb-604e-4e22-90a6-9ef2de79941b@group-6893984871ED-SegmentedRaftLogWorker close()
2019-10-02 11:31:31,591 [main] INFO  impl.RaftServerImpl (RaftServerImpl.java:lambda$shutdown$3(251)) - a37a54fb-604e-4e22-90a6-9ef2de79941b@group-123F43983AAF: shutdown
2019-10-02 11:31:31,591 [main] INFO  util.JmxRegister (JmxRegister.java:unregister(73)) - Successfully un-registered JMX Bean with object name Ratis:service=RaftServer,group=group-123F43983AAF,id=a37a54fb-604e-4e22-90a6-9ef2de79941b
2019-10-02 11:31:31,591 [main] INFO  impl.RoleInfo (RoleInfo.java:shutdownFollowerState(121)) - a37a54fb-604e-4e22-90a6-9ef2de79941b: shutdown FollowerState
2019-10-02 11:31:31,592 [main] INFO  impl.StateMachineUpdater (StateMachineUpdater.java:stopAndJoin(125)) - a37a54fb-604e-4e22-90a6-9ef2de79941b@group-123F43983AAF-StateMachineUpdater: set stopIndex = 15
2019-10-02 11:31:31,592 [a37a54fb-604e-4e22-90a6-9ef2de79941b@group-123F43983AAF-StateMachineUpdater] INFO  ratis.ContainerStateMachine (ContainerStateMachine.java:takeSnapshot(289)) - group-123F43983AAF: Taking a snapshot at:(t:1, i:12) file /workdir/hadoop-ozone/integration-test/target/test-dir/MiniOzoneClusterImpl-5dc4b805-dc02-409a-84a0-03630345a4d3/datanode-5/data/ratis/d470fcc1-d05e-43dc-9ac4-123f43983aaf/sm/snapshot.1_12
2019-10-02 11:31:31,592 [Thread-405] INFO  impl.FollowerState (FollowerState.java:run(115)) - a37a54fb-604e-4e22-90a6-9ef2de79941b: FollowerState was interrupted: java.lang.InterruptedException: sleep interrupted
2019-10-02 11:31:34,213 [b0829514-0e81-4cb8-8158-745b805c48fc@group-3B3A82ECA675-StateMachineUpdater] INFO  ratis.ContainerStateMachine (ContainerStateMachine.java:takeSnapshot(300)) - group-3B3A82ECA675: Finished taking a snapshot at:(t:1, i:3) file:/workdir/hadoop-ozone/integration-test/target/test-dir/MiniOzoneClusterImpl-5dc4b805-dc02-409a-84a0-03630345a4d3/datanode-2/data/ratis/81fcf48a-080c-4ff9-a6ed-3b3a82eca675/sm/snapshot.1_3 time:2643
2019-10-02 11:31:34,213 [a37a54fb-604e-4e22-90a6-9ef2de79941b@group-123F43983AAF-StateMachineUpdater] INFO  ratis.ContainerStateMachine (ContainerStateMachine.java:takeSnapshot(300)) - group-123F43983AAF: Finished taking a snapshot at:(t:1, i:12) file:/workdir/hadoop-ozone/integration-test/target/test-dir/MiniOzoneClusterImpl-5dc4b805-dc02-409a-84a0-03630345a4d3/datanode-5/data/ratis/d470fcc1-d05e-43dc-9ac4-123f43983aaf/sm/snapshot.1_12 time:2620
2019-10-02 11:31:34,223 [a37a54fb-604e-4e22-90a6-9ef2de79941b@group-123F43983AAF-StateMachineUpdater] INFO  impl.StateMachineUpdater (StateMachineUpdater.java:takeSnapshot(258)) - a37a54fb-604e-4e22-90a6-9ef2de79941b@group-123F43983AAF-StateMachineUpdater: Took a snapshot at index 12
2019-10-02 11:31:34,223 [a37a54fb-604e-4e22-90a6-9ef2de79941b@group-123F43983AAF-StateMachineUpdater] INFO  impl.StateMachineUpdater (StateMachineUpdater.java:lambda$new$0(83)) - a37a54fb-604e-4e22-90a6-9ef2de79941b@group-123F43983AAF-StateMachineUpdater: snapshotIndex: updateIncreasingly -1 -> 12
2019-10-02 11:31:34,227 [a37a54fb-604e-4e22-90a6-9ef2de79941b@group-123F43983AAF-StateMachineUpdater] INFO  ratis.ContainerStateMachine (ContainerStateMachine.java:takeSnapshot(289)) - group-123F43983AAF: Taking a snapshot at:(t:1, i:12) file /workdir/hadoop-ozone/integration-test/target/test-dir/MiniOzoneClusterImpl-5dc4b805-dc02-409a-84a0-03630345a4d3/datanode-5/data/ratis/d470fcc1-d05e-43dc-9ac4-123f43983aaf/sm/snapshot.1_12
2019-10-02 11:31:34,228 [b0829514-0e81-4cb8-8158-745b805c48fc@group-3B3A82ECA675-StateMachineUpdater] INFO  impl.StateMachineUpdater (StateMachineUpdater.java:takeSnapshot(258)) - b0829514-0e81-4cb8-8158-745b805c48fc@group-3B3A82ECA675-StateMachineUpdater: Took a snapshot at index 3
2019-10-02 11:31:34,228 [b0829514-0e81-4cb8-8158-745b805c48fc@group-3B3A82ECA675-StateMachineUpdater] INFO  impl.StateMachineUpdater (StateMachineUpdater.java:lambda$new$0(83)) - b0829514-0e81-4cb8-8158-745b805c48fc@group-3B3A82ECA675-StateMachineUpdater: snapshotIndex: updateIncreasingly -1 -> 3
2019-10-02 11:31:34,228 [b0829514-0e81-4cb8-8158-745b805c48fc@group-3B3A82ECA675-StateMachineUpdater] INFO  ratis.ContainerStateMachine (ContainerStateMachine.java:takeSnapshot(289)) - group-3B3A82ECA675: Taking a snapshot at:(t:1, i:3) file /workdir/hadoop-ozone/integration-test/target/test-dir/MiniOzoneClusterImpl-5dc4b805-dc02-409a-84a0-03630345a4d3/datanode-2/data/ratis/81fcf48a-080c-4ff9-a6ed-3b3a82eca675/sm/snapshot.1_3
2019-10-02 11:31:34,241 [a37a54fb-604e-4e22-90a6-9ef2de79941b@group-123F43983AAF-StateMachineUpdater] INFO  ratis.ContainerStateMachine (ContainerStateMachine.java:takeSnapshot(300)) - group-123F43983AAF: Finished taking a snapshot at:(t:1, i:12) file:/workdir/hadoop-ozone/integration-test/target/test-dir/MiniOzoneClusterImpl-5dc4b805-dc02-409a-84a0-03630345a4d3/datanode-5/data/ratis/d470fcc1-d05e-43dc-9ac4-123f43983aaf/sm/snapshot.1_12 time:14
2019-10-02 11:31:34,241 [b0829514-0e81-4cb8-8158-745b805c48fc@group-3B3A82ECA675-StateMachineUpdater] INFO  ratis.ContainerStateMachine (ContainerStateMachine.java:takeSnapshot(300)) - group-3B3A82ECA675: Finished taking a snapshot at:(t:1, i:3) file:/workdir/hadoop-ozone/integration-test/target/test-dir/MiniOzoneClusterImpl-5dc4b805-dc02-409a-84a0-03630345a4d3/datanode-2/data/ratis/81fcf48a-080c-4ff9-a6ed-3b3a82eca675/sm/snapshot.1_3 time:13
2019-10-02 11:31:34,241 [a37a54fb-604e-4e22-90a6-9ef2de79941b@group-123F43983AAF-StateMachineUpdater] INFO  impl.StateMachineUpdater (StateMachineUpdater.java:takeSnapshot(258)) - a37a54fb-604e-4e22-90a6-9ef2de79941b@group-123F43983AAF-StateMachineUpdater: Took a snapshot at index 12
2019-10-02 11:31:34,241 [b0829514-0e81-4cb8-8158-745b805c48fc@group-3B3A82ECA675-StateMachineUpdater] INFO  impl.StateMachineUpdater (StateMachineUpdater.java:takeSnapshot(258)) - b0829514-0e81-4cb8-8158-745b805c48fc@group-3B3A82ECA675-StateMachineUpdater: Took a snapshot at index 3
2019-10-02 11:31:34,241 [a37a54fb-604e-4e22-90a6-9ef2de79941b@group-123F43983AAF-StateMachineUpdater] INFO  impl.StateMachineUpdater (StateMachineUpdater.java:lambda$new$0(83)) - a37a54fb-604e-4e22-90a6-9ef2de79941b@group-123F43983AAF-StateMachineUpdater: snapshotIndex: updateIncreasingly 12 -> 12
2019-10-02 11:31:34,241 [b0829514-0e81-4cb8-8158-745b805c48fc@group-3B3A82ECA675-StateMachineUpdater] INFO  impl.StateMachineUpdater (StateMachineUpdater.java:lambda$new$0(83)) - b0829514-0e81-4cb8-8158-745b805c48fc@group-3B3A82ECA675-StateMachineUpdater: snapshotIndex: updateIncreasingly 3 -> 3
2019-10-02 11:31:34,242 [ForkJoinPool.commonPool-worker-1] INFO  impl.RaftServerImpl (ServerState.java:close(385)) - b0829514-0e81-4cb8-8158-745b805c48fc@group-3B3A82ECA675: closes. applyIndex: 4
2019-10-02 11:31:34,242 [main] INFO  impl.RaftServerImpl (ServerState.java:close(385)) - a37a54fb-604e-4e22-90a6-9ef2de79941b@group-123F43983AAF: closes. applyIndex: 15
2019-10-02 11:31:34,242 [b0829514-0e81-4cb8-8158-745b805c48fc@group-3B3A82ECA675-SegmentedRaftLogWorker] INFO  segmented.SegmentedRaftLogWorker (SegmentedRaftLogWorker.java:run(313)) - b0829514-0e81-4cb8-8158-745b805c48fc@group-3B3A82ECA675-SegmentedRaftLogWorker was interrupted, exiting. There are 0 tasks remaining in the queue.
2019-10-02 11:31:34,243 [a37a54fb-604e-4e22-90a6-9ef2de79941b@group-123F43983AAF-SegmentedRaftLogWorker] INFO  segmented.SegmentedRaftLogWorker (SegmentedRaftLogWorker.java:run(313)) - a37a54fb-604e-4e22-90a6-9ef2de79941b@group-123F43983AAF-SegmentedRaftLogWorker was interrupted, exiting. There are 0 tasks remaining in the queue.
2019-10-02 11:31:34,247 [ForkJoinPool.commonPool-worker-1] INFO  segmented.SegmentedRaftLogWorker (SegmentedRaftLogWorker.java:close(228)) - b0829514-0e81-4cb8-8158-745b805c48fc@group-3B3A82ECA675-SegmentedRaftLogWorker close()
2019-10-02 11:31:34,250 [main] INFO  segmented.SegmentedRaftLogWorker (SegmentedRaftLogWorker.java:close(228)) - a37a54fb-604e-4e22-90a6-9ef2de79941b@group-123F43983AAF-SegmentedRaftLogWorker close()
2019-10-02 11:31:34,263 [ForkJoinPool.commonPool-worker-1] INFO  server.GrpcService (GrpcService.java:closeImpl(164)) - b0829514-0e81-4cb8-8158-745b805c48fc: shutdown server with port 37479 now
2019-10-02 11:31:34,263 [main] INFO  server.GrpcService (GrpcService.java:closeImpl(164)) - a37a54fb-604e-4e22-90a6-9ef2de79941b: shutdown server with port 39954 now
2019-10-02 11:31:34,274 [ForkJoinPool.commonPool-worker-1] INFO  server.GrpcService (GrpcService.java:closeImpl(172)) - b0829514-0e81-4cb8-8158-745b805c48fc: shutdown server with port 37479 successfully
2019-10-02 11:31:34,275 [main] INFO  server.GrpcService (GrpcService.java:closeImpl(172)) - a37a54fb-604e-4e22-90a6-9ef2de79941b: shutdown server with port 39954 successfully
2019-10-02 11:31:34,278 [grpc-default-executor-4] WARN  server.GrpcServerProtocolService (LogUtils.java:warn(134)) - b0829514-0e81-4cb8-8158-745b805c48fc: installSnapshot onError, lastRequest: d0a95d8b-e42b-4cc3-af39-f7831f0cb411->b0829514-0e81-4cb8-8158-745b805c48fc#75-t1, previous=(t:1, i:4), leaderCommit=4, initializing? false, entries: <empty>: org.apache.ratis.thirdparty.io.grpc.StatusRuntimeException: CANCELLED: cancelled before receiving half close
2019-10-02 11:31:34,278 [grpc-default-executor-5] WARN  server.GrpcServerProtocolService (LogUtils.java:warn(134)) - a37a54fb-604e-4e22-90a6-9ef2de79941b: installSnapshot onError, lastRequest: 79fae529-906f-428f-a89e-b3dd78ccaa15->a37a54fb-604e-4e22-90a6-9ef2de79941b#85-t1, previous=(t:1, i:15), leaderCommit=15, initializing? false, entries: <empty>: org.apache.ratis.thirdparty.io.grpc.StatusRuntimeException: CANCELLED: cancelled before receiving half close
2019-10-02 11:31:34,280 [grpc-default-executor-0] WARN  server.GrpcLogAppender (LogUtils.java:warn(134)) - d0a95d8b-e42b-4cc3-af39-f7831f0cb411@group-3B3A82ECA675->b0829514-0e81-4cb8-8158-745b805c48fc-AppendLogResponseHandler: Failed appendEntries: org.apache.ratis.thirdparty.io.grpc.StatusRuntimeException: CANCELLED: HTTP/2 error code: CANCEL
Received Rst Stream
2019-10-02 11:31:34,282 [grpc-default-executor-2] WARN  server.GrpcLogAppender (LogUtils.java:warn(134)) - 79fae529-906f-428f-a89e-b3dd78ccaa15@group-123F43983AAF->a37a54fb-604e-4e22-90a6-9ef2de79941b-AppendLogResponseHandler: Failed appendEntries: org.apache.ratis.thirdparty.io.grpc.StatusRuntimeException: CANCELLED: HTTP/2 error code: CANCEL
Received Rst Stream
2019-10-02 11:31:34,287 [grpc-default-executor-0] INFO  impl.FollowerInfo (FollowerInfo.java:lambda$new$0(51)) - d0a95d8b-e42b-4cc3-af39-f7831f0cb411@group-3B3A82ECA675->b0829514-0e81-4cb8-8158-745b805c48fc: nextIndex: updateUnconditionally 5 -> 4
2019-10-02 11:31:34,287 [grpc-default-executor-2] INFO  impl.FollowerInfo (FollowerInfo.java:lambda$new$0(51)) - 79fae529-906f-428f-a89e-b3dd78ccaa15@group-123F43983AAF->a37a54fb-604e-4e22-90a6-9ef2de79941b: nextIndex: updateUnconditionally 16 -> 15
2019-10-02 11:31:34,294 [refreshUsed-/workdir/hadoop-ozone/integration-test/target/test-dir/MiniOzoneClusterImpl-5dc4b805-dc02-409a-84a0-03630345a4d3/datanode-5/data/containers] WARN  fs.CachingGetSpaceUsed (CachingGetSpaceUsed.java:run(183)) - Thread Interrupted waiting to refresh disk information: sleep interrupted
2019-10-02 11:31:34,299 [refreshUsed-/workdir/hadoop-ozone/integration-test/target/test-dir/MiniOzoneClusterImpl-5dc4b805-dc02-409a-84a0-03630345a4d3/datanode-2/data/containers] WARN  fs.CachingGetSpaceUsed (CachingGetSpaceUsed.java:run(183)) - Thread Interrupted waiting to refresh disk information: sleep interrupted
2019-10-02 11:31:34,312 [main] INFO  utils.BackgroundService (BackgroundService.java:shutdown(148)) - Shutting down service BlockDeletingService
2019-10-02 11:31:34,319 [main] INFO  statemachine.DatanodeStateMachine (DatanodeStateMachine.java:stopDaemon(395)) - Ozone container server stopped.
2019-10-02 11:31:34,320 [main] INFO  handler.ContextHandler (ContextHandler.java:doStop(910)) - Stopped o.e.j.w.WebAppContext@3d0035d2{/,null,UNAVAILABLE}{/hddsDatanode}
2019-10-02 11:31:34,320 [main] INFO  server.AbstractConnector (AbstractConnector.java:doStop(318)) - Stopped ServerConnector@2bfb6b49{HTTP/1.1,[http/1.1]}{0.0.0.0:0}
2019-10-02 11:31:34,322 [ForkJoinPool.commonPool-worker-1] INFO  utils.BackgroundService (BackgroundService.java:shutdown(148)) - Shutting down service BlockDeletingService
2019-10-02 11:31:34,322 [main] INFO  handler.ContextHandler (ContextHandler.java:doStop(910)) - Stopped o.e.j.s.ServletContextHandler@3b545206{/static,jar:file:/home/user/.m2/repository/org/apache/hadoop/hadoop-hdds-container-service/0.5.0-SNAPSHOT/hadoop-hdds-container-service-0.5.0-SNAPSHOT.jar!/webapps/static,UNAVAILABLE}
2019-10-02 11:31:34,326 [main] INFO  handler.ContextHandler (ContextHandler.java:doStop(910)) - Stopped o.e.j.s.ServletContextHandler@68f0f72c{/logs,file:///workdir/hadoop-ozone/integration-test/target/log,UNAVAILABLE}
2019-10-02 11:31:34,328 [ForkJoinPool.commonPool-worker-1] INFO  statemachine.DatanodeStateMachine (DatanodeStateMachine.java:stopDaemon(395)) - Ozone container server stopped.
2019-10-02 11:31:34,333 [ForkJoinPool.commonPool-worker-1] INFO  handler.ContextHandler (ContextHandler.java:doStop(910)) - Stopped o.e.j.w.WebAppContext@6342d610{/,null,UNAVAILABLE}{/hddsDatanode}
2019-10-02 11:31:34,334 [ForkJoinPool.commonPool-worker-1] INFO  server.AbstractConnector (AbstractConnector.java:doStop(318)) - Stopped ServerConnector@dc4a691{HTTP/1.1,[http/1.1]}{0.0.0.0:0}
2019-10-02 11:31:34,336 [ForkJoinPool.commonPool-worker-1] INFO  handler.ContextHandler (ContextHandler.java:doStop(910)) - Stopped o.e.j.s.ServletContextHandler@5a6d30e2{/static,jar:file:/home/user/.m2/repository/org/apache/hadoop/hadoop-hdds-container-service/0.5.0-SNAPSHOT/hadoop-hdds-container-service-0.5.0-SNAPSHOT.jar!/webapps/static,UNAVAILABLE}
2019-10-02 11:31:34,338 [ForkJoinPool.commonPool-worker-1] INFO  handler.ContextHandler (ContextHandler.java:doStop(910)) - Stopped o.e.j.s.ServletContextHandler@1cd3b138{/logs,file:///workdir/hadoop-ozone/integration-test/target/log,UNAVAILABLE}
2019-10-02 11:31:34,412 [grpc-default-executor-5] WARN  server.GrpcLogAppender (LogUtils.java:warn(134)) - 79fae529-906f-428f-a89e-b3dd78ccaa15@group-123F43983AAF->a37a54fb-604e-4e22-90a6-9ef2de79941b-AppendLogResponseHandler: Failed appendEntries: org.apache.ratis.thirdparty.io.grpc.StatusRuntimeException: UNAVAILABLE: io exception
2019-10-02 11:31:34,415 [grpc-default-executor-5] INFO  impl.FollowerInfo (FollowerInfo.java:lambda$new$0(51)) - 79fae529-906f-428f-a89e-b3dd78ccaa15@group-123F43983AAF->a37a54fb-604e-4e22-90a6-9ef2de79941b: nextIndex: updateUnconditionally 15 -> 14
2019-10-02 11:31:34,729 [Datanode State Machine Thread - 0] INFO  statemachine.DatanodeStateMachine (DatanodeStateMachine.java:lambda$startDaemon$0(350)) - Ozone container server started.
2019-10-02 11:31:34,730 [Datanode State Machine Thread - 0] INFO  statemachine.DatanodeStateMachine (DatanodeStateMachine.java:lambda$startDaemon$0(350)) - Ozone container server started.
2019-10-02 11:31:34,741 [grpc-default-executor-2] WARN  server.GrpcLogAppender (LogUtils.java:warn(134)) - d0a95d8b-e42b-4cc3-af39-f7831f0cb411@group-3B3A82ECA675->b0829514-0e81-4cb8-8158-745b805c48fc-AppendLogResponseHandler: Failed appendEntries: org.apache.ratis.thirdparty.io.grpc.StatusRuntimeException: UNAVAILABLE: io exception
2019-10-02 11:31:34,744 [grpc-default-executor-2] INFO  impl.FollowerInfo (FollowerInfo.java:lambda$new$0(51)) - d0a95d8b-e42b-4cc3-af39-f7831f0cb411@group-3B3A82ECA675->b0829514-0e81-4cb8-8158-745b805c48fc: nextIndex: updateUnconditionally 4 -> 3
2019-10-02 11:31:34,911 [grpc-default-executor-5] WARN  server.GrpcLogAppender (LogUtils.java:warn(134)) - 79fae529-906f-428f-a89e-b3dd78ccaa15@group-123F43983AAF->a37a54fb-604e-4e22-90a6-9ef2de79941b-AppendLogResponseHandler: Failed appendEntries: org.apache.ratis.thirdparty.io.grpc.StatusRuntimeException: UNAVAILABLE: io exception
2019-10-02 11:31:34,918 [grpc-default-executor-5] INFO  impl.FollowerInfo (FollowerInfo.java:lambda$new$0(51)) - 79fae529-906f-428f-a89e-b3dd78ccaa15@group-123F43983AAF->a37a54fb-604e-4e22-90a6-9ef2de79941b: nextIndex: updateUnconditionally 14 -> 13
2019-10-02 11:31:35,245 [grpc-default-executor-4] WARN  server.GrpcLogAppender (LogUtils.java:warn(134)) - d0a95d8b-e42b-4cc3-af39-f7831f0cb411@group-3B3A82ECA675->b0829514-0e81-4cb8-8158-745b805c48fc-AppendLogResponseHandler: Failed appendEntries: org.apache.ratis.thirdparty.io.grpc.StatusRuntimeException: UNAVAILABLE: io exception
2019-10-02 11:31:35,248 [grpc-default-executor-4] INFO  impl.FollowerInfo (FollowerInfo.java:lambda$new$0(51)) - d0a95d8b-e42b-4cc3-af39-f7831f0cb411@group-3B3A82ECA675->b0829514-0e81-4cb8-8158-745b805c48fc: nextIndex: updateUnconditionally 3 -> 2
2019-10-02 11:31:35,414 [grpc-default-executor-2] WARN  server.GrpcLogAppender (LogUtils.java:warn(134)) - 79fae529-906f-428f-a89e-b3dd78ccaa15@group-123F43983AAF->a37a54fb-604e-4e22-90a6-9ef2de79941b-AppendLogResponseHandler: Failed appendEntries: org.apache.ratis.thirdparty.io.grpc.StatusRuntimeException: UNAVAILABLE: io exception
2019-10-02 11:31:35,416 [grpc-default-executor-2] INFO  impl.FollowerInfo (FollowerInfo.java:lambda$new$0(51)) - 79fae529-906f-428f-a89e-b3dd78ccaa15@group-123F43983AAF->a37a54fb-604e-4e22-90a6-9ef2de79941b: nextIndex: updateUnconditionally 13 -> 12
2019-10-02 11:31:35,749 [grpc-default-executor-5] WARN  server.GrpcLogAppender (LogUtils.java:warn(134)) - d0a95d8b-e42b-4cc3-af39-f7831f0cb411@group-3B3A82ECA675->b0829514-0e81-4cb8-8158-745b805c48fc-AppendLogResponseHandler: Failed appendEntries: org.apache.ratis.thirdparty.io.grpc.StatusRuntimeException: UNAVAILABLE: io exception
2019-10-02 11:31:35,752 [grpc-default-executor-5] INFO  impl.FollowerInfo (FollowerInfo.java:lambda$new$0(51)) - d0a95d8b-e42b-4cc3-af39-f7831f0cb411@group-3B3A82ECA675->b0829514-0e81-4cb8-8158-745b805c48fc: nextIndex: updateUnconditionally 2 -> 1
2019-10-02 11:31:35,918 [grpc-default-executor-4] WARN  server.GrpcLogAppender (LogUtils.java:warn(134)) - 79fae529-906f-428f-a89e-b3dd78ccaa15@group-123F43983AAF->a37a54fb-604e-4e22-90a6-9ef2de79941b-AppendLogResponseHandler: Failed appendEntries: org.apache.ratis.thirdparty.io.grpc.StatusRuntimeException: UNAVAILABLE: io exception
2019-10-02 11:31:35,920 [grpc-default-executor-4] INFO  impl.FollowerInfo (FollowerInfo.java:lambda$new$0(51)) - 79fae529-906f-428f-a89e-b3dd78ccaa15@group-123F43983AAF->a37a54fb-604e-4e22-90a6-9ef2de79941b: nextIndex: updateUnconditionally 12 -> 11
2019-10-02 11:31:36,253 [grpc-default-executor-5] WARN  server.GrpcLogAppender (LogUtils.java:warn(134)) - d0a95d8b-e42b-4cc3-af39-f7831f0cb411@group-3B3A82ECA675->b0829514-0e81-4cb8-8158-745b805c48fc-AppendLogResponseHandler: Failed appendEntries: org.apache.ratis.thirdparty.io.grpc.StatusRuntimeException: UNAVAILABLE: io exception
2019-10-02 11:31:36,255 [grpc-default-executor-5] INFO  impl.FollowerInfo (FollowerInfo.java:lambda$new$0(51)) - d0a95d8b-e42b-4cc3-af39-f7831f0cb411@group-3B3A82ECA675->b0829514-0e81-4cb8-8158-745b805c48fc: nextIndex: updateUnconditionally 1 -> 0
2019-10-02 11:31:36,429 [grpc-default-executor-2] WARN  server.GrpcLogAppender (LogUtils.java:warn(134)) - 79fae529-906f-428f-a89e-b3dd78ccaa15@group-123F43983AAF->a37a54fb-604e-4e22-90a6-9ef2de79941b-AppendLogResponseHandler: Failed appendEntries: org.apache.ratis.thirdparty.io.grpc.StatusRuntimeException: UNAVAILABLE: io exception
2019-10-02 11:31:36,432 [grpc-default-executor-2] INFO  impl.FollowerInfo (FollowerInfo.java:lambda$new$0(51)) - 79fae529-906f-428f-a89e-b3dd78ccaa15@group-123F43983AAF->a37a54fb-604e-4e22-90a6-9ef2de79941b: nextIndex: updateUnconditionally 11 -> 10
2019-10-02 11:31:36,756 [grpc-default-executor-5] WARN  server.GrpcLogAppender (LogUtils.java:warn(134)) - d0a95d8b-e42b-4cc3-af39-f7831f0cb411@group-3B3A82ECA675->b0829514-0e81-4cb8-8158-745b805c48fc-AppendLogResponseHandler: Failed appendEntries: org.apache.ratis.thirdparty.io.grpc.StatusRuntimeException: UNAVAILABLE: io exception
2019-10-02 11:31:36,758 [grpc-default-executor-5] INFO  impl.FollowerInfo (FollowerInfo.java:lambda$new$0(51)) - d0a95d8b-e42b-4cc3-af39-f7831f0cb411@group-3B3A82ECA675->b0829514-0e81-4cb8-8158-745b805c48fc: nextIndex: updateUnconditionally 0 -> 0
2019-10-02 11:31:36,926 [grpc-default-executor-5] WARN  server.GrpcLogAppender (LogUtils.java:warn(134)) - 79fae529-906f-428f-a89e-b3dd78ccaa15@group-123F43983AAF->a37a54fb-604e-4e22-90a6-9ef2de79941b-AppendLogResponseHandler: Failed appendEntries: org.apache.ratis.thirdparty.io.grpc.StatusRuntimeException: UNAVAILABLE: io exception
2019-10-02 11:31:36,929 [grpc-default-executor-5] INFO  impl.FollowerInfo (FollowerInfo.java:lambda$new$0(51)) - 79fae529-906f-428f-a89e-b3dd78ccaa15@group-123F43983AAF->a37a54fb-604e-4e22-90a6-9ef2de79941b: nextIndex: updateUnconditionally 10 -> 9
2019-10-02 11:31:37,264 [grpc-default-executor-2] WARN  server.GrpcLogAppender (LogUtils.java:warn(134)) - d0a95d8b-e42b-4cc3-af39-f7831f0cb411@group-3B3A82ECA675->b0829514-0e81-4cb8-8158-745b805c48fc-AppendLogResponseHandler: Failed appendEntries: org.apache.ratis.thirdparty.io.grpc.StatusRuntimeException: UNAVAILABLE: io exception
2019-10-02 11:31:37,266 [grpc-default-executor-2] INFO  impl.FollowerInfo (FollowerInfo.java:lambda$new$0(51)) - d0a95d8b-e42b-4cc3-af39-f7831f0cb411@group-3B3A82ECA675->b0829514-0e81-4cb8-8158-745b805c48fc: nextIndex: updateUnconditionally 0 -> 0
2019-10-02 11:31:37,432 [grpc-default-executor-4] WARN  server.GrpcLogAppender (LogUtils.java:warn(134)) - 79fae529-906f-428f-a89e-b3dd78ccaa15@group-123F43983AAF->a37a54fb-604e-4e22-90a6-9ef2de79941b-AppendLogResponseHandler: Failed appendEntries: org.apache.ratis.thirdparty.io.grpc.StatusRuntimeException: UNAVAILABLE: io exception
2019-10-02 11:31:37,434 [grpc-default-executor-4] INFO  impl.FollowerInfo (FollowerInfo.java:lambda$new$0(51)) - 79fae529-906f-428f-a89e-b3dd78ccaa15@group-123F43983AAF->a37a54fb-604e-4e22-90a6-9ef2de79941b: nextIndex: updateUnconditionally 9 -> 8
2019-10-02 11:31:37,769 [grpc-default-executor-5] WARN  server.GrpcLogAppender (LogUtils.java:warn(134)) - d0a95d8b-e42b-4cc3-af39-f7831f0cb411@group-3B3A82ECA675->b0829514-0e81-4cb8-8158-745b805c48fc-AppendLogResponseHandler: Failed appendEntries: org.apache.ratis.thirdparty.io.grpc.StatusRuntimeException: UNAVAILABLE: io exception
2019-10-02 11:31:37,772 [grpc-default-executor-5] INFO  impl.FollowerInfo (FollowerInfo.java:lambda$new$0(51)) - d0a95d8b-e42b-4cc3-af39-f7831f0cb411@group-3B3A82ECA675->b0829514-0e81-4cb8-8158-745b805c48fc: nextIndex: updateUnconditionally 0 -> 0
2019-10-02 11:31:37,935 [grpc-default-executor-2] WARN  server.GrpcLogAppender (LogUtils.java:warn(134)) - 79fae529-906f-428f-a89e-b3dd78ccaa15@group-123F43983AAF->a37a54fb-604e-4e22-90a6-9ef2de79941b-AppendLogResponseHandler: Failed appendEntries: org.apache.ratis.thirdparty.io.grpc.StatusRuntimeException: UNAVAILABLE: io exception
2019-10-02 11:31:37,937 [grpc-default-executor-2] INFO  impl.FollowerInfo (FollowerInfo.java:lambda$new$0(51)) - 79fae529-906f-428f-a89e-b3dd78ccaa15@group-123F43983AAF->a37a54fb-604e-4e22-90a6-9ef2de79941b: nextIndex: updateUnconditionally 8 -> 7
2019-10-02 11:31:38,287 [grpc-default-executor-2] WARN  server.GrpcLogAppender (LogUtils.java:warn(134)) - d0a95d8b-e42b-4cc3-af39-f7831f0cb411@group-3B3A82ECA675->b0829514-0e81-4cb8-8158-745b805c48fc-AppendLogResponseHandler: Failed appendEntries: org.apache.ratis.thirdparty.io.grpc.StatusRuntimeException: UNAVAILABLE: io exception
2019-10-02 11:31:38,290 [grpc-default-executor-2] INFO  impl.FollowerInfo (FollowerInfo.java:lambda$new$0(51)) - d0a95d8b-e42b-4cc3-af39-f7831f0cb411@group-3B3A82ECA675->b0829514-0e81-4cb8-8158-745b805c48fc: nextIndex: updateUnconditionally 0 -> 0
2019-10-02 11:31:38,438 [grpc-default-executor-4] WARN  server.GrpcLogAppender (LogUtils.java:warn(134)) - 79fae529-906f-428f-a89e-b3dd78ccaa15@group-123F43983AAF->a37a54fb-604e-4e22-90a6-9ef2de79941b-AppendLogResponseHandler: Failed appendEntries: org.apache.ratis.thirdparty.io.grpc.StatusRuntimeException: UNAVAILABLE: io exception
2019-10-02 11:31:38,440 [grpc-default-executor-4] INFO  impl.FollowerInfo (FollowerInfo.java:lambda$new$0(51)) - 79fae529-906f-428f-a89e-b3dd78ccaa15@group-123F43983AAF->a37a54fb-604e-4e22-90a6-9ef2de79941b: nextIndex: updateUnconditionally 7 -> 6
2019-10-02 11:31:38,789 [grpc-default-executor-5] WARN  server.GrpcLogAppender (LogUtils.java:warn(134)) - d0a95d8b-e42b-4cc3-af39-f7831f0cb411@group-3B3A82ECA675->b0829514-0e81-4cb8-8158-745b805c48fc-AppendLogResponseHandler: Failed appendEntries: org.apache.ratis.thirdparty.io.grpc.StatusRuntimeException: UNAVAILABLE: io exception
2019-10-02 11:31:38,791 [grpc-default-executor-5] INFO  impl.FollowerInfo (FollowerInfo.java:lambda$new$0(51)) - d0a95d8b-e42b-4cc3-af39-f7831f0cb411@group-3B3A82ECA675->b0829514-0e81-4cb8-8158-745b805c48fc: nextIndex: updateUnconditionally 0 -> 0
2019-10-02 11:31:38,940 [grpc-default-executor-4] WARN  server.GrpcLogAppender (LogUtils.java:warn(134)) - 79fae529-906f-428f-a89e-b3dd78ccaa15@group-123F43983AAF->a37a54fb-604e-4e22-90a6-9ef2de79941b-AppendLogResponseHandler: Failed appendEntries: org.apache.ratis.thirdparty.io.grpc.StatusRuntimeException: UNAVAILABLE: io exception
2019-10-02 11:31:38,943 [grpc-default-executor-4] INFO  impl.FollowerInfo (FollowerInfo.java:lambda$new$0(51)) - 79fae529-906f-428f-a89e-b3dd78ccaa15@group-123F43983AAF->a37a54fb-604e-4e22-90a6-9ef2de79941b: nextIndex: updateUnconditionally 6 -> 5
2019-10-02 11:31:39,305 [grpc-default-executor-2] WARN  server.GrpcLogAppender (LogUtils.java:warn(134)) - d0a95d8b-e42b-4cc3-af39-f7831f0cb411@group-3B3A82ECA675->b0829514-0e81-4cb8-8158-745b805c48fc-AppendLogResponseHandler: Failed appendEntries: org.apache.ratis.thirdparty.io.grpc.StatusRuntimeException: UNAVAILABLE: io exception
2019-10-02 11:31:39,307 [grpc-default-executor-2] INFO  impl.FollowerInfo (FollowerInfo.java:lambda$new$0(51)) - d0a95d8b-e42b-4cc3-af39-f7831f0cb411@group-3B3A82ECA675->b0829514-0e81-4cb8-8158-745b805c48fc: nextIndex: updateUnconditionally 0 -> 0
2019-10-02 11:31:39,333 [main] INFO  ozoneimpl.OzoneContainer (OzoneContainer.java:stop(231)) - Attempting to stop container services.
2019-10-02 11:31:39,334 [main] INFO  impl.RaftServerProxy (RaftServerProxy.java:lambda$close$4(314)) - 633590d7-4390-4d51-971d-49ea2f910c76: close
2019-10-02 11:31:39,334 [main] INFO  impl.RaftServerImpl (RaftServerImpl.java:lambda$shutdown$3(251)) - 633590d7-4390-4d51-971d-49ea2f910c76@group-AF216C99FD64: shutdown
2019-10-02 11:31:39,334 [main] INFO  util.JmxRegister (JmxRegister.java:unregister(73)) - Successfully un-registered JMX Bean with object name Ratis:service=RaftServer,group=group-AF216C99FD64,id=633590d7-4390-4d51-971d-49ea2f910c76
2019-10-02 11:31:39,335 [main] INFO  impl.RoleInfo (RoleInfo.java:shutdownLeaderState(104)) - 633590d7-4390-4d51-971d-49ea2f910c76: shutdown LeaderState
2019-10-02 11:31:39,335 [main] INFO  impl.PendingRequests (PendingRequests.java:sendNotLeaderResponses(202)) - 633590d7-4390-4d51-971d-49ea2f910c76-PendingRequests: sendNotLeaderResponses
2019-10-02 11:31:39,335 [main] INFO  impl.StateMachineUpdater (StateMachineUpdater.java:stopAndJoin(125)) - 633590d7-4390-4d51-971d-49ea2f910c76@group-AF216C99FD64-StateMachineUpdater: set stopIndex = 0
2019-10-02 11:31:39,336 [main] INFO  impl.RaftServerImpl (ServerState.java:close(385)) - 633590d7-4390-4d51-971d-49ea2f910c76@group-AF216C99FD64: closes. applyIndex: 0
2019-10-02 11:31:39,336 [633590d7-4390-4d51-971d-49ea2f910c76@group-AF216C99FD64-SegmentedRaftLogWorker] INFO  segmented.SegmentedRaftLogWorker (SegmentedRaftLogWorker.java:run(313)) - 633590d7-4390-4d51-971d-49ea2f910c76@group-AF216C99FD64-SegmentedRaftLogWorker was interrupted, exiting. There are 0 tasks remaining in the queue.
2019-10-02 11:31:39,339 [main] INFO  segmented.SegmentedRaftLogWorker (SegmentedRaftLogWorker.java:close(228)) - 633590d7-4390-4d51-971d-49ea2f910c76@group-AF216C99FD64-SegmentedRaftLogWorker close()
2019-10-02 11:31:39,342 [main] INFO  impl.RaftServerImpl (RaftServerImpl.java:lambda$shutdown$3(251)) - 633590d7-4390-4d51-971d-49ea2f910c76@group-B499B5D26DCB: shutdown
2019-10-02 11:31:39,342 [main] INFO  util.JmxRegister (JmxRegister.java:unregister(73)) - Successfully un-registered JMX Bean with object name Ratis:service=RaftServer,group=group-B499B5D26DCB,id=633590d7-4390-4d51-971d-49ea2f910c76
2019-10-02 11:31:39,343 [main] INFO  impl.RoleInfo (RoleInfo.java:shutdownFollowerState(121)) - 633590d7-4390-4d51-971d-49ea2f910c76: shutdown FollowerState
2019-10-02 11:31:39,343 [ForkJoinPool.commonPool-worker-1] INFO  ozoneimpl.OzoneContainer (OzoneContainer.java:stop(231)) - Attempting to stop container services.
2019-10-02 11:31:39,343 [main] INFO  impl.StateMachineUpdater (StateMachineUpdater.java:stopAndJoin(125)) - 633590d7-4390-4d51-971d-49ea2f910c76@group-B499B5D26DCB-StateMachineUpdater: set stopIndex = 2
2019-10-02 11:31:39,344 [ForkJoinPool.commonPool-worker-1] INFO  impl.RaftServerProxy (RaftServerProxy.java:lambda$close$4(314)) - 70fbbe32-55c4-4d97-b4b6-a87353a06c87: close
2019-10-02 11:31:39,344 [633590d7-4390-4d51-971d-49ea2f910c76@group-B499B5D26DCB-StateMachineUpdater] INFO  ratis.ContainerStateMachine (ContainerStateMachine.java:takeSnapshot(289)) - group-B499B5D26DCB: Taking a snapshot at:(t:1, i:1) file /workdir/hadoop-ozone/integration-test/target/test-dir/MiniOzoneClusterImpl-5dc4b805-dc02-409a-84a0-03630345a4d3/datanode-6/data/ratis/ea0c0fbb-c99e-4d21-b5e3-b499b5d26dcb/sm/snapshot.1_1
2019-10-02 11:31:39,343 [Thread-381] INFO  impl.FollowerState (FollowerState.java:run(115)) - 633590d7-4390-4d51-971d-49ea2f910c76: FollowerState was interrupted: java.lang.InterruptedException: sleep interrupted
2019-10-02 11:31:39,344 [ForkJoinPool.commonPool-worker-1] INFO  impl.RaftServerImpl (RaftServerImpl.java:lambda$shutdown$3(251)) - 70fbbe32-55c4-4d97-b4b6-a87353a06c87@group-1AED904AC363: shutdown
2019-10-02 11:31:39,344 [ForkJoinPool.commonPool-worker-1] INFO  util.JmxRegister (JmxRegister.java:unregister(73)) - Successfully un-registered JMX Bean with object name Ratis:service=RaftServer,group=group-1AED904AC363,id=70fbbe32-55c4-4d97-b4b6-a87353a06c87
2019-10-02 11:31:39,345 [ForkJoinPool.commonPool-worker-1] INFO  impl.RoleInfo (RoleInfo.java:shutdownLeaderState(104)) - 70fbbe32-55c4-4d97-b4b6-a87353a06c87: shutdown LeaderState
2019-10-02 11:31:39,345 [ForkJoinPool.commonPool-worker-1] INFO  impl.PendingRequests (PendingRequests.java:sendNotLeaderResponses(202)) - 70fbbe32-55c4-4d97-b4b6-a87353a06c87-PendingRequests: sendNotLeaderResponses
2019-10-02 11:31:39,345 [ForkJoinPool.commonPool-worker-1] INFO  impl.StateMachineUpdater (StateMachineUpdater.java:stopAndJoin(125)) - 70fbbe32-55c4-4d97-b4b6-a87353a06c87@group-1AED904AC363-StateMachineUpdater: set stopIndex = 0
2019-10-02 11:31:39,346 [ForkJoinPool.commonPool-worker-1] INFO  impl.RaftServerImpl (ServerState.java:close(385)) - 70fbbe32-55c4-4d97-b4b6-a87353a06c87@group-1AED904AC363: closes. applyIndex: 0
2019-10-02 11:31:39,346 [70fbbe32-55c4-4d97-b4b6-a87353a06c87@group-1AED904AC363-SegmentedRaftLogWorker] INFO  segmented.SegmentedRaftLogWorker (SegmentedRaftLogWorker.java:run(313)) - 70fbbe32-55c4-4d97-b4b6-a87353a06c87@group-1AED904AC363-SegmentedRaftLogWorker was interrupted, exiting. There are 0 tasks remaining in the queue.
2019-10-02 11:31:39,348 [ForkJoinPool.commonPool-worker-1] INFO  segmented.SegmentedRaftLogWorker (SegmentedRaftLogWorker.java:close(228)) - 70fbbe32-55c4-4d97-b4b6-a87353a06c87@group-1AED904AC363-SegmentedRaftLogWorker close()
2019-10-02 11:31:39,353 [ForkJoinPool.commonPool-worker-1] INFO  impl.RaftServerImpl (RaftServerImpl.java:lambda$shutdown$3(251)) - 70fbbe32-55c4-4d97-b4b6-a87353a06c87@group-B499B5D26DCB: shutdown
2019-10-02 11:31:39,353 [ForkJoinPool.commonPool-worker-1] INFO  util.JmxRegister (JmxRegister.java:unregister(73)) - Successfully un-registered JMX Bean with object name Ratis:service=RaftServer,group=group-B499B5D26DCB,id=70fbbe32-55c4-4d97-b4b6-a87353a06c87
2019-10-02 11:31:39,354 [ForkJoinPool.commonPool-worker-1] INFO  impl.RoleInfo (RoleInfo.java:shutdownFollowerState(121)) - 70fbbe32-55c4-4d97-b4b6-a87353a06c87: shutdown FollowerState
2019-10-02 11:31:39,354 [Thread-382] INFO  impl.FollowerState (FollowerState.java:run(115)) - 70fbbe32-55c4-4d97-b4b6-a87353a06c87: FollowerState was interrupted: java.lang.InterruptedException: sleep interrupted
2019-10-02 11:31:39,354 [70fbbe32-55c4-4d97-b4b6-a87353a06c87@group-B499B5D26DCB-StateMachineUpdater] INFO  ratis.ContainerStateMachine (ContainerStateMachine.java:takeSnapshot(289)) - group-B499B5D26DCB: Taking a snapshot at:(t:1, i:1) file /workdir/hadoop-ozone/integration-test/target/test-dir/MiniOzoneClusterImpl-5dc4b805-dc02-409a-84a0-03630345a4d3/datanode-3/data/ratis/ea0c0fbb-c99e-4d21-b5e3-b499b5d26dcb/sm/snapshot.1_1
2019-10-02 11:31:39,354 [ForkJoinPool.commonPool-worker-1] INFO  impl.StateMachineUpdater (StateMachineUpdater.java:stopAndJoin(125)) - 70fbbe32-55c4-4d97-b4b6-a87353a06c87@group-B499B5D26DCB-StateMachineUpdater: set stopIndex = 2
2019-10-02 11:31:39,359 [70fbbe32-55c4-4d97-b4b6-a87353a06c87@group-B499B5D26DCB-StateMachineUpdater] INFO  ratis.ContainerStateMachine (ContainerStateMachine.java:takeSnapshot(300)) - group-B499B5D26DCB: Finished taking a snapshot at:(t:1, i:1) file:/workdir/hadoop-ozone/integration-test/target/test-dir/MiniOzoneClusterImpl-5dc4b805-dc02-409a-84a0-03630345a4d3/datanode-3/data/ratis/ea0c0fbb-c99e-4d21-b5e3-b499b5d26dcb/sm/snapshot.1_1 time:5
2019-10-02 11:31:39,359 [633590d7-4390-4d51-971d-49ea2f910c76@group-B499B5D26DCB-StateMachineUpdater] INFO  ratis.ContainerStateMachine (ContainerStateMachine.java:takeSnapshot(300)) - group-B499B5D26DCB: Finished taking a snapshot at:(t:1, i:1) file:/workdir/hadoop-ozone/integration-test/target/test-dir/MiniOzoneClusterImpl-5dc4b805-dc02-409a-84a0-03630345a4d3/datanode-6/data/ratis/ea0c0fbb-c99e-4d21-b5e3-b499b5d26dcb/sm/snapshot.1_1 time:16
2019-10-02 11:31:39,360 [633590d7-4390-4d51-971d-49ea2f910c76@group-B499B5D26DCB-StateMachineUpdater] INFO  impl.StateMachineUpdater (StateMachineUpdater.java:takeSnapshot(258)) - 633590d7-4390-4d51-971d-49ea2f910c76@group-B499B5D26DCB-StateMachineUpdater: Took a snapshot at index 1
2019-10-02 11:31:39,360 [70fbbe32-55c4-4d97-b4b6-a87353a06c87@group-B499B5D26DCB-StateMachineUpdater] INFO  impl.StateMachineUpdater (StateMachineUpdater.java:takeSnapshot(258)) - 70fbbe32-55c4-4d97-b4b6-a87353a06c87@group-B499B5D26DCB-StateMachineUpdater: Took a snapshot at index 1
2019-10-02 11:31:39,360 [633590d7-4390-4d51-971d-49ea2f910c76@group-B499B5D26DCB-StateMachineUpdater] INFO  impl.StateMachineUpdater (StateMachineUpdater.java:lambda$new$0(83)) - 633590d7-4390-4d51-971d-49ea2f910c76@group-B499B5D26DCB-StateMachineUpdater: snapshotIndex: updateIncreasingly -1 -> 1
2019-10-02 11:31:39,360 [70fbbe32-55c4-4d97-b4b6-a87353a06c87@group-B499B5D26DCB-StateMachineUpdater] INFO  impl.StateMachineUpdater (StateMachineUpdater.java:lambda$new$0(83)) - 70fbbe32-55c4-4d97-b4b6-a87353a06c87@group-B499B5D26DCB-StateMachineUpdater: snapshotIndex: updateIncreasingly -1 -> 1
2019-10-02 11:31:39,360 [633590d7-4390-4d51-971d-49ea2f910c76@group-B499B5D26DCB-StateMachineUpdater] INFO  ratis.ContainerStateMachine (ContainerStateMachine.java:takeSnapshot(289)) - group-B499B5D26DCB: Taking a snapshot at:(t:1, i:1) file /workdir/hadoop-ozone/integration-test/target/test-dir/MiniOzoneClusterImpl-5dc4b805-dc02-409a-84a0-03630345a4d3/datanode-6/data/ratis/ea0c0fbb-c99e-4d21-b5e3-b499b5d26dcb/sm/snapshot.1_1
2019-10-02 11:31:39,360 [70fbbe32-55c4-4d97-b4b6-a87353a06c87@group-B499B5D26DCB-StateMachineUpdater] INFO  ratis.ContainerStateMachine (ContainerStateMachine.java:takeSnapshot(289)) - group-B499B5D26DCB: Taking a snapshot at:(t:1, i:1) file /workdir/hadoop-ozone/integration-test/target/test-dir/MiniOzoneClusterImpl-5dc4b805-dc02-409a-84a0-03630345a4d3/datanode-3/data/ratis/ea0c0fbb-c99e-4d21-b5e3-b499b5d26dcb/sm/snapshot.1_1
2019-10-02 11:31:39,373 [633590d7-4390-4d51-971d-49ea2f910c76@group-B499B5D26DCB-StateMachineUpdater] INFO  ratis.ContainerStateMachine (ContainerStateMachine.java:takeSnapshot(300)) - group-B499B5D26DCB: Finished taking a snapshot at:(t:1, i:1) file:/workdir/hadoop-ozone/integration-test/target/test-dir/MiniOzoneClusterImpl-5dc4b805-dc02-409a-84a0-03630345a4d3/datanode-6/data/ratis/ea0c0fbb-c99e-4d21-b5e3-b499b5d26dcb/sm/snapshot.1_1 time:12
2019-10-02 11:31:39,373 [70fbbe32-55c4-4d97-b4b6-a87353a06c87@group-B499B5D26DCB-StateMachineUpdater] INFO  ratis.ContainerStateMachine (ContainerStateMachine.java:takeSnapshot(300)) - group-B499B5D26DCB: Finished taking a snapshot at:(t:1, i:1) file:/workdir/hadoop-ozone/integration-test/target/test-dir/MiniOzoneClusterImpl-5dc4b805-dc02-409a-84a0-03630345a4d3/datanode-3/data/ratis/ea0c0fbb-c99e-4d21-b5e3-b499b5d26dcb/sm/snapshot.1_1 time:12
2019-10-02 11:31:39,373 [633590d7-4390-4d51-971d-49ea2f910c76@group-B499B5D26DCB-StateMachineUpdater] INFO  impl.StateMachineUpdater (StateMachineUpdater.java:takeSnapshot(258)) - 633590d7-4390-4d51-971d-49ea2f910c76@group-B499B5D26DCB-StateMachineUpdater: Took a snapshot at index 1
2019-10-02 11:31:39,373 [633590d7-4390-4d51-971d-49ea2f910c76@group-B499B5D26DCB-StateMachineUpdater] INFO  impl.StateMachineUpdater (StateMachineUpdater.java:lambda$new$0(83)) - 633590d7-4390-4d51-971d-49ea2f910c76@group-B499B5D26DCB-StateMachineUpdater: snapshotIndex: updateIncreasingly 1 -> 1
2019-10-02 11:31:39,373 [70fbbe32-55c4-4d97-b4b6-a87353a06c87@group-B499B5D26DCB-StateMachineUpdater] INFO  impl.StateMachineUpdater (StateMachineUpdater.java:takeSnapshot(258)) - 70fbbe32-55c4-4d97-b4b6-a87353a06c87@group-B499B5D26DCB-StateMachineUpdater: Took a snapshot at index 1
2019-10-02 11:31:39,373 [70fbbe32-55c4-4d97-b4b6-a87353a06c87@group-B499B5D26DCB-StateMachineUpdater] INFO  impl.StateMachineUpdater (StateMachineUpdater.java:lambda$new$0(83)) - 70fbbe32-55c4-4d97-b4b6-a87353a06c87@group-B499B5D26DCB-StateMachineUpdater: snapshotIndex: updateIncreasingly 1 -> 1
2019-10-02 11:31:39,373 [main] INFO  impl.RaftServerImpl (ServerState.java:close(385)) - 633590d7-4390-4d51-971d-49ea2f910c76@group-B499B5D26DCB: closes. applyIndex: 2
2019-10-02 11:31:39,374 [ForkJoinPool.commonPool-worker-1] INFO  impl.RaftServerImpl (ServerState.java:close(385)) - 70fbbe32-55c4-4d97-b4b6-a87353a06c87@group-B499B5D26DCB: closes. applyIndex: 2
2019-10-02 11:31:39,374 [633590d7-4390-4d51-971d-49ea2f910c76@group-B499B5D26DCB-SegmentedRaftLogWorker] INFO  segmented.SegmentedRaftLogWorker (SegmentedRaftLogWorker.java:run(313)) - 633590d7-4390-4d51-971d-49ea2f910c76@group-B499B5D26DCB-SegmentedRaftLogWorker was interrupted, exiting. There are 0 tasks remaining in the queue.
2019-10-02 11:31:39,374 [70fbbe32-55c4-4d97-b4b6-a87353a06c87@group-B499B5D26DCB-SegmentedRaftLogWorker] INFO  segmented.SegmentedRaftLogWorker (SegmentedRaftLogWorker.java:run(313)) - 70fbbe32-55c4-4d97-b4b6-a87353a06c87@group-B499B5D26DCB-SegmentedRaftLogWorker was interrupted, exiting. There are 0 tasks remaining in the queue.
2019-10-02 11:31:39,378 [main] INFO  segmented.SegmentedRaftLogWorker (SegmentedRaftLogWorker.java:close(228)) - 633590d7-4390-4d51-971d-49ea2f910c76@group-B499B5D26DCB-SegmentedRaftLogWorker close()
2019-10-02 11:31:39,380 [ForkJoinPool.commonPool-worker-1] INFO  segmented.SegmentedRaftLogWorker (SegmentedRaftLogWorker.java:close(228)) - 70fbbe32-55c4-4d97-b4b6-a87353a06c87@group-B499B5D26DCB-SegmentedRaftLogWorker close()
2019-10-02 11:31:39,385 [main] INFO  server.GrpcService (GrpcService.java:closeImpl(164)) - 633590d7-4390-4d51-971d-49ea2f910c76: shutdown server with port 37552 now
2019-10-02 11:31:39,388 [ForkJoinPool.commonPool-worker-1] INFO  server.GrpcService (GrpcService.java:closeImpl(164)) - 70fbbe32-55c4-4d97-b4b6-a87353a06c87: shutdown server with port 40051 now
2019-10-02 11:31:39,390 [grpc-default-executor-4] WARN  server.GrpcServerProtocolService (LogUtils.java:warn(134)) - 633590d7-4390-4d51-971d-49ea2f910c76: installSnapshot onError, lastRequest: e5cd125e-f61d-45cf-b4cf-a13e4bd3b145->633590d7-4390-4d51-971d-49ea2f910c76#83-t1, previous=(t:1, i:2), leaderCommit=2, initializing? false, entries: <empty>: org.apache.ratis.thirdparty.io.grpc.StatusRuntimeException: CANCELLED: cancelled before receiving half close
2019-10-02 11:31:39,392 [main] INFO  server.GrpcService (GrpcService.java:closeImpl(172)) - 633590d7-4390-4d51-971d-49ea2f910c76: shutdown server with port 37552 successfully
2019-10-02 11:31:39,392 [ForkJoinPool.commonPool-worker-1] INFO  server.GrpcService (GrpcService.java:closeImpl(172)) - 70fbbe32-55c4-4d97-b4b6-a87353a06c87: shutdown server with port 40051 successfully
2019-10-02 11:31:39,392 [grpc-default-executor-5] WARN  server.GrpcLogAppender (LogUtils.java:warn(134)) - e5cd125e-f61d-45cf-b4cf-a13e4bd3b145@group-B499B5D26DCB->70fbbe32-55c4-4d97-b4b6-a87353a06c87-AppendLogResponseHandler: Failed appendEntries: org.apache.ratis.thirdparty.io.grpc.StatusRuntimeException: CANCELLED: HTTP/2 error code: CANCEL
Received Rst Stream
2019-10-02 11:31:39,392 [grpc-default-executor-3] WARN  server.GrpcLogAppender (LogUtils.java:warn(134)) - e5cd125e-f61d-45cf-b4cf-a13e4bd3b145@group-B499B5D26DCB->633590d7-4390-4d51-971d-49ea2f910c76-AppendLogResponseHandler: Failed appendEntries: org.apache.ratis.thirdparty.io.grpc.StatusRuntimeException: CANCELLED: HTTP/2 error code: CANCEL
Received Rst Stream
2019-10-02 11:31:39,392 [grpc-default-executor-1] WARN  server.GrpcServerProtocolService (LogUtils.java:warn(134)) - 70fbbe32-55c4-4d97-b4b6-a87353a06c87: installSnapshot onError, lastRequest: e5cd125e-f61d-45cf-b4cf-a13e4bd3b145->70fbbe32-55c4-4d97-b4b6-a87353a06c87#83-t1, previous=(t:1, i:2), leaderCommit=2, initializing? false, entries: <empty>: org.apache.ratis.thirdparty.io.grpc.StatusRuntimeException: CANCELLED: cancelled before receiving half close
2019-10-02 11:31:39,393 [grpc-default-executor-3] INFO  impl.FollowerInfo (FollowerInfo.java:lambda$new$0(51)) - e5cd125e-f61d-45cf-b4cf-a13e4bd3b145@group-B499B5D26DCB->633590d7-4390-4d51-971d-49ea2f910c76: nextIndex: updateUnconditionally 3 -> 2
2019-10-02 11:31:39,393 [grpc-default-executor-5] INFO  impl.FollowerInfo (FollowerInfo.java:lambda$new$0(51)) - e5cd125e-f61d-45cf-b4cf-a13e4bd3b145@group-B499B5D26DCB->70fbbe32-55c4-4d97-b4b6-a87353a06c87: nextIndex: updateUnconditionally 3 -> 2
2019-10-02 11:31:39,394 [refreshUsed-/workdir/hadoop-ozone/integration-test/target/test-dir/MiniOzoneClusterImpl-5dc4b805-dc02-409a-84a0-03630345a4d3/datanode-6/data/containers] WARN  fs.CachingGetSpaceUsed (CachingGetSpaceUsed.java:run(183)) - Thread Interrupted waiting to refresh disk information: sleep interrupted
2019-10-02 11:31:39,394 [refreshUsed-/workdir/hadoop-ozone/integration-test/target/test-dir/MiniOzoneClusterImpl-5dc4b805-dc02-409a-84a0-03630345a4d3/datanode-3/data/containers] WARN  fs.CachingGetSpaceUsed (CachingGetSpaceUsed.java:run(183)) - Thread Interrupted waiting to refresh disk information: sleep interrupted
2019-10-02 11:31:39,421 [ForkJoinPool.commonPool-worker-1] INFO  utils.BackgroundService (BackgroundService.java:shutdown(148)) - Shutting down service BlockDeletingService
2019-10-02 11:31:39,421 [main] INFO  utils.BackgroundService (BackgroundService.java:shutdown(148)) - Shutting down service BlockDeletingService
2019-10-02 11:31:39,427 [ForkJoinPool.commonPool-worker-1] INFO  statemachine.DatanodeStateMachine (DatanodeStateMachine.java:stopDaemon(395)) - Ozone container server stopped.
2019-10-02 11:31:39,432 [main] INFO  statemachine.DatanodeStateMachine (DatanodeStateMachine.java:stopDaemon(395)) - Ozone container server stopped.
2019-10-02 11:31:39,442 [grpc-default-executor-3] WARN  server.GrpcLogAppender (LogUtils.java:warn(134)) - 79fae529-906f-428f-a89e-b3dd78ccaa15@group-123F43983AAF->a37a54fb-604e-4e22-90a6-9ef2de79941b-AppendLogResponseHandler: Failed appendEntries: org.apache.ratis.thirdparty.io.grpc.StatusRuntimeException: UNAVAILABLE: io exception
2019-10-02 11:31:39,444 [grpc-default-executor-3] INFO  impl.FollowerInfo (FollowerInfo.java:lambda$new$0(51)) - 79fae529-906f-428f-a89e-b3dd78ccaa15@group-123F43983AAF->a37a54fb-604e-4e22-90a6-9ef2de79941b: nextIndex: updateUnconditionally 5 -> 4
2019-10-02 11:31:39,457 [grpc-default-executor-5] WARN  server.GrpcLogAppender (LogUtils.java:warn(134)) - e5cd125e-f61d-45cf-b4cf-a13e4bd3b145@group-B499B5D26DCB->70fbbe32-55c4-4d97-b4b6-a87353a06c87-AppendLogResponseHandler: Failed appendEntries: org.apache.ratis.thirdparty.io.grpc.StatusRuntimeException: UNAVAILABLE: io exception
2019-10-02 11:31:39,457 [grpc-default-executor-1] WARN  server.GrpcLogAppender (LogUtils.java:warn(134)) - e5cd125e-f61d-45cf-b4cf-a13e4bd3b145@group-B499B5D26DCB->633590d7-4390-4d51-971d-49ea2f910c76-AppendLogResponseHandler: Failed appendEntries: org.apache.ratis.thirdparty.io.grpc.StatusRuntimeException: UNAVAILABLE: io exception
2019-10-02 11:31:39,458 [grpc-default-executor-5] INFO  impl.FollowerInfo (FollowerInfo.java:lambda$new$0(51)) - e5cd125e-f61d-45cf-b4cf-a13e4bd3b145@group-B499B5D26DCB->70fbbe32-55c4-4d97-b4b6-a87353a06c87: nextIndex: updateUnconditionally 2 -> 1
2019-10-02 11:31:39,464 [grpc-default-executor-1] INFO  impl.FollowerInfo (FollowerInfo.java:lambda$new$0(51)) - e5cd125e-f61d-45cf-b4cf-a13e4bd3b145@group-B499B5D26DCB->633590d7-4390-4d51-971d-49ea2f910c76: nextIndex: updateUnconditionally 2 -> 1
2019-10-02 11:31:39,796 [grpc-default-executor-3] WARN  server.GrpcLogAppender (LogUtils.java:warn(134)) - d0a95d8b-e42b-4cc3-af39-f7831f0cb411@group-3B3A82ECA675->b0829514-0e81-4cb8-8158-745b805c48fc-AppendLogResponseHandler: Failed appendEntries: org.apache.ratis.thirdparty.io.grpc.StatusRuntimeException: UNAVAILABLE: io exception
2019-10-02 11:31:39,796 [grpc-default-executor-3] INFO  impl.FollowerInfo (FollowerInfo.java:lambda$new$0(51)) - d0a95d8b-e42b-4cc3-af39-f7831f0cb411@group-3B3A82ECA675->b0829514-0e81-4cb8-8158-745b805c48fc: nextIndex: updateUnconditionally 0 -> 0
2019-10-02 11:31:39,945 [grpc-default-executor-5] WARN  server.GrpcLogAppender (LogUtils.java:warn(134)) - 79fae529-906f-428f-a89e-b3dd78ccaa15@group-123F43983AAF->a37a54fb-604e-4e22-90a6-9ef2de79941b-AppendLogResponseHandler: Failed appendEntries: org.apache.ratis.thirdparty.io.grpc.StatusRuntimeException: UNAVAILABLE: io exception
2019-10-02 11:31:39,945 [grpc-default-executor-5] INFO  impl.FollowerInfo (FollowerInfo.java:lambda$new$0(51)) - 79fae529-906f-428f-a89e-b3dd78ccaa15@group-123F43983AAF->a37a54fb-604e-4e22-90a6-9ef2de79941b: nextIndex: updateUnconditionally 4 -> 3
2019-10-02 11:31:39,959 [grpc-default-executor-1] WARN  server.GrpcLogAppender (LogUtils.java:warn(134)) - e5cd125e-f61d-45cf-b4cf-a13e4bd3b145@group-B499B5D26DCB->70fbbe32-55c4-4d97-b4b6-a87353a06c87-AppendLogResponseHandler: Failed appendEntries: org.apache.ratis.thirdparty.io.grpc.StatusRuntimeException: UNAVAILABLE: io exception
2019-10-02 11:31:39,959 [grpc-default-executor-1] INFO  impl.FollowerInfo (FollowerInfo.java:lambda$new$0(51)) - e5cd125e-f61d-45cf-b4cf-a13e4bd3b145@group-B499B5D26DCB->70fbbe32-55c4-4d97-b4b6-a87353a06c87: nextIndex: updateUnconditionally 1 -> 0
2019-10-02 11:31:39,959 [grpc-default-executor-4] WARN  server.GrpcLogAppender (LogUtils.java:warn(134)) - e5cd125e-f61d-45cf-b4cf-a13e4bd3b145@group-B499B5D26DCB->633590d7-4390-4d51-971d-49ea2f910c76-AppendLogResponseHandler: Failed appendEntries: org.apache.ratis.thirdparty.io.grpc.StatusRuntimeException: UNAVAILABLE: io exception
2019-10-02 11:31:39,960 [grpc-default-executor-4] INFO  impl.FollowerInfo (FollowerInfo.java:lambda$new$0(51)) - e5cd125e-f61d-45cf-b4cf-a13e4bd3b145@group-B499B5D26DCB->633590d7-4390-4d51-971d-49ea2f910c76: nextIndex: updateUnconditionally 1 -> 0
2019-10-02 11:31:40,114 [ForkJoinPool.commonPool-worker-1] INFO  handler.ContextHandler (ContextHandler.java:doStop(910)) - Stopped o.e.j.w.WebAppContext@1859e2a4{/,null,UNAVAILABLE}{/hddsDatanode}
2019-10-02 11:31:40,114 [main] INFO  handler.ContextHandler (ContextHandler.java:doStop(910)) - Stopped o.e.j.w.WebAppContext@5c5d6175{/,null,UNAVAILABLE}{/hddsDatanode}
2019-10-02 11:31:40,115 [ForkJoinPool.commonPool-worker-1] INFO  server.AbstractConnector (AbstractConnector.java:doStop(318)) - Stopped ServerConnector@46349b95{HTTP/1.1,[http/1.1]}{0.0.0.0:0}
2019-10-02 11:31:40,115 [main] INFO  server.AbstractConnector (AbstractConnector.java:doStop(318)) - Stopped ServerConnector@7544ac86{HTTP/1.1,[http/1.1]}{0.0.0.0:0}
2019-10-02 11:31:40,117 [ForkJoinPool.commonPool-worker-1] INFO  handler.ContextHandler (ContextHandler.java:doStop(910)) - Stopped o.e.j.s.ServletContextHandler@3d4e405e{/static,jar:file:/home/user/.m2/repository/org/apache/hadoop/hadoop-hdds-container-service/0.5.0-SNAPSHOT/hadoop-hdds-container-service-0.5.0-SNAPSHOT.jar!/webapps/static,UNAVAILABLE}
2019-10-02 11:31:40,117 [main] INFO  handler.ContextHandler (ContextHandler.java:doStop(910)) - Stopped o.e.j.s.ServletContextHandler@31c628e7{/static,jar:file:/home/user/.m2/repository/org/apache/hadoop/hadoop-hdds-container-service/0.5.0-SNAPSHOT/hadoop-hdds-container-service-0.5.0-SNAPSHOT.jar!/webapps/static,UNAVAILABLE}
2019-10-02 11:31:40,118 [ForkJoinPool.commonPool-worker-1] INFO  handler.ContextHandler (ContextHandler.java:doStop(910)) - Stopped o.e.j.s.ServletContextHandler@5634d0f4{/logs,file:///workdir/hadoop-ozone/integration-test/target/log,UNAVAILABLE}
2019-10-02 11:31:40,119 [main] INFO  handler.ContextHandler (ContextHandler.java:doStop(910)) - Stopped o.e.j.s.ServletContextHandler@1e1e9ef3{/logs,file:///workdir/hadoop-ozone/integration-test/target/log,UNAVAILABLE}
2019-10-02 11:31:40,298 [grpc-default-executor-3] WARN  server.GrpcLogAppender (LogUtils.java:warn(134)) - d0a95d8b-e42b-4cc3-af39-f7831f0cb411@group-3B3A82ECA675->b0829514-0e81-4cb8-8158-745b805c48fc-AppendLogResponseHandler: Failed appendEntries: org.apache.ratis.thirdparty.io.grpc.StatusRuntimeException: UNAVAILABLE: io exception
2019-10-02 11:31:40,299 [grpc-default-executor-3] INFO  impl.FollowerInfo (FollowerInfo.java:lambda$new$0(51)) - d0a95d8b-e42b-4cc3-af39-f7831f0cb411@group-3B3A82ECA675->b0829514-0e81-4cb8-8158-745b805c48fc: nextIndex: updateUnconditionally 0 -> 0
2019-10-02 11:31:40,448 [grpc-default-executor-3] WARN  server.GrpcLogAppender (LogUtils.java:warn(134)) - 79fae529-906f-428f-a89e-b3dd78ccaa15@group-123F43983AAF->a37a54fb-604e-4e22-90a6-9ef2de79941b-AppendLogResponseHandler: Failed appendEntries: org.apache.ratis.thirdparty.io.grpc.StatusRuntimeException: UNAVAILABLE: io exception
2019-10-02 11:31:40,448 [grpc-default-executor-3] INFO  impl.FollowerInfo (FollowerInfo.java:lambda$new$0(51)) - 79fae529-906f-428f-a89e-b3dd78ccaa15@group-123F43983AAF->a37a54fb-604e-4e22-90a6-9ef2de79941b: nextIndex: updateUnconditionally 3 -> 2
2019-10-02 11:31:40,463 [grpc-default-executor-5] WARN  server.GrpcLogAppender (LogUtils.java:warn(134)) - e5cd125e-f61d-45cf-b4cf-a13e4bd3b145@group-B499B5D26DCB->633590d7-4390-4d51-971d-49ea2f910c76-AppendLogResponseHandler: Failed appendEntries: org.apache.ratis.thirdparty.io.grpc.StatusRuntimeException: UNAVAILABLE: io exception
2019-10-02 11:31:40,463 [grpc-default-executor-5] INFO  impl.FollowerInfo (FollowerInfo.java:lambda$new$0(51)) - e5cd125e-f61d-45cf-b4cf-a13e4bd3b145@group-B499B5D26DCB->633590d7-4390-4d51-971d-49ea2f910c76: nextIndex: updateUnconditionally 0 -> 0
2019-10-02 11:31:40,467 [grpc-default-executor-1] WARN  server.GrpcLogAppender (LogUtils.java:warn(134)) - e5cd125e-f61d-45cf-b4cf-a13e4bd3b145@group-B499B5D26DCB->70fbbe32-55c4-4d97-b4b6-a87353a06c87-AppendLogResponseHandler: Failed appendEntries: org.apache.ratis.thirdparty.io.grpc.StatusRuntimeException: UNAVAILABLE: io exception
2019-10-02 11:31:40,468 [grpc-default-executor-1] INFO  impl.FollowerInfo (FollowerInfo.java:lambda$new$0(51)) - e5cd125e-f61d-45cf-b4cf-a13e4bd3b145@group-B499B5D26DCB->70fbbe32-55c4-4d97-b4b6-a87353a06c87: nextIndex: updateUnconditionally 0 -> 0
2019-10-02 11:31:40,801 [grpc-default-executor-3] WARN  server.GrpcLogAppender (LogUtils.java:warn(134)) - d0a95d8b-e42b-4cc3-af39-f7831f0cb411@group-3B3A82ECA675->b0829514-0e81-4cb8-8158-745b805c48fc-AppendLogResponseHandler: Failed appendEntries: org.apache.ratis.thirdparty.io.grpc.StatusRuntimeException: UNAVAILABLE: io exception
2019-10-02 11:31:40,802 [grpc-default-executor-3] INFO  impl.FollowerInfo (FollowerInfo.java:lambda$new$0(51)) - d0a95d8b-e42b-4cc3-af39-f7831f0cb411@group-3B3A82ECA675->b0829514-0e81-4cb8-8158-745b805c48fc: nextIndex: updateUnconditionally 0 -> 0
2019-10-02 11:31:40,938 [Datanode State Machine Thread - 0] INFO  statemachine.DatanodeStateMachine (DatanodeStateMachine.java:lambda$startDaemon$0(350)) - Ozone container server started.
2019-10-02 11:31:40,939 [Datanode State Machine Thread - 0] INFO  statemachine.DatanodeStateMachine (DatanodeStateMachine.java:lambda$startDaemon$0(350)) - Ozone container server started.
2019-10-02 11:31:40,950 [grpc-default-executor-1] WARN  server.GrpcLogAppender (LogUtils.java:warn(134)) - 79fae529-906f-428f-a89e-b3dd78ccaa15@group-123F43983AAF->a37a54fb-604e-4e22-90a6-9ef2de79941b-AppendLogResponseHandler: Failed appendEntries: org.apache.ratis.thirdparty.io.grpc.StatusRuntimeException: UNAVAILABLE: io exception
2019-10-02 11:31:40,951 [grpc-default-executor-1] INFO  impl.FollowerInfo (FollowerInfo.java:lambda$new$0(51)) - 79fae529-906f-428f-a89e-b3dd78ccaa15@group-123F43983AAF->a37a54fb-604e-4e22-90a6-9ef2de79941b: nextIndex: updateUnconditionally 2 -> 1
2019-10-02 11:31:40,966 [grpc-default-executor-4] WARN  server.GrpcLogAppender (LogUtils.java:warn(134)) - e5cd125e-f61d-45cf-b4cf-a13e4bd3b145@group-B499B5D26DCB->70fbbe32-55c4-4d97-b4b6-a87353a06c87-AppendLogResponseHandler: Failed appendEntries: org.apache.ratis.thirdparty.io.grpc.StatusRuntimeException: UNAVAILABLE: io exception
2019-10-02 11:31:40,966 [grpc-default-executor-5] WARN  server.GrpcLogAppender (LogUtils.java:warn(134)) - e5cd125e-f61d-45cf-b4cf-a13e4bd3b145@group-B499B5D26DCB->633590d7-4390-4d51-971d-49ea2f910c76-AppendLogResponseHandler: Failed appendEntries: org.apache.ratis.thirdparty.io.grpc.StatusRuntimeException: UNAVAILABLE: io exception
2019-10-02 11:31:40,967 [grpc-default-executor-4] INFO  impl.FollowerInfo (FollowerInfo.java:lambda$new$0(51)) - e5cd125e-f61d-45cf-b4cf-a13e4bd3b145@group-B499B5D26DCB->70fbbe32-55c4-4d97-b4b6-a87353a06c87: nextIndex: updateUnconditionally 0 -> 0
2019-10-02 11:31:40,967 [grpc-default-executor-5] INFO  impl.FollowerInfo (FollowerInfo.java:lambda$new$0(51)) - e5cd125e-f61d-45cf-b4cf-a13e4bd3b145@group-B499B5D26DCB->633590d7-4390-4d51-971d-49ea2f910c76: nextIndex: updateUnconditionally 0 -> 0
2019-10-02 11:31:41,302 [grpc-default-executor-0] WARN  server.GrpcLogAppender (LogUtils.java:warn(134)) - d0a95d8b-e42b-4cc3-af39-f7831f0cb411@group-3B3A82ECA675->b0829514-0e81-4cb8-8158-745b805c48fc-AppendLogResponseHandler: Failed appendEntries: org.apache.ratis.thirdparty.io.grpc.StatusRuntimeException: UNAVAILABLE: io exception
2019-10-02 11:31:41,302 [grpc-default-executor-0] INFO  impl.FollowerInfo (FollowerInfo.java:lambda$new$0(51)) - d0a95d8b-e42b-4cc3-af39-f7831f0cb411@group-3B3A82ECA675->b0829514-0e81-4cb8-8158-745b805c48fc: nextIndex: updateUnconditionally 0 -> 0
2019-10-02 11:31:41,449 [grpc-default-executor-4] WARN  server.GrpcLogAppender (LogUtils.java:warn(134)) - 79fae529-906f-428f-a89e-b3dd78ccaa15@group-123F43983AAF->a37a54fb-604e-4e22-90a6-9ef2de79941b-AppendLogResponseHandler: Failed appendEntries: org.apache.ratis.thirdparty.io.grpc.StatusRuntimeException: UNAVAILABLE: io exception
2019-10-02 11:31:41,450 [grpc-default-executor-4] INFO  impl.FollowerInfo (FollowerInfo.java:lambda$new$0(51)) - 79fae529-906f-428f-a89e-b3dd78ccaa15@group-123F43983AAF->a37a54fb-604e-4e22-90a6-9ef2de79941b: nextIndex: updateUnconditionally 1 -> 0
2019-10-02 11:31:41,460 [grpc-default-executor-5] WARN  server.GrpcLogAppender (LogUtils.java:warn(134)) - e5cd125e-f61d-45cf-b4cf-a13e4bd3b145@group-B499B5D26DCB->70fbbe32-55c4-4d97-b4b6-a87353a06c87-AppendLogResponseHandler: Failed appendEntries: org.apache.ratis.thirdparty.io.grpc.StatusRuntimeException: UNAVAILABLE: io exception
2019-10-02 11:31:41,460 [grpc-default-executor-5] INFO  impl.FollowerInfo (FollowerInfo.java:lambda$new$0(51)) - e5cd125e-f61d-45cf-b4cf-a13e4bd3b145@group-B499B5D26DCB->70fbbe32-55c4-4d97-b4b6-a87353a06c87: nextIndex: updateUnconditionally 0 -> 0
2019-10-02 11:31:41,467 [grpc-default-executor-0] WARN  server.GrpcLogAppender (LogUtils.java:warn(134)) - e5cd125e-f61d-45cf-b4cf-a13e4bd3b145@group-B499B5D26DCB->633590d7-4390-4d51-971d-49ea2f910c76-AppendLogResponseHandler: Failed appendEntries: org.apache.ratis.thirdparty.io.grpc.StatusRuntimeException: UNAVAILABLE: io exception
2019-10-02 11:31:41,468 [grpc-default-executor-0] INFO  impl.FollowerInfo (FollowerInfo.java:lambda$new$0(51)) - e5cd125e-f61d-45cf-b4cf-a13e4bd3b145@group-B499B5D26DCB->633590d7-4390-4d51-971d-49ea2f910c76: nextIndex: updateUnconditionally 0 -> 0
2019-10-02 11:31:41,814 [grpc-default-executor-4] WARN  server.GrpcLogAppender (LogUtils.java:warn(134)) - d0a95d8b-e42b-4cc3-af39-f7831f0cb411@group-3B3A82ECA675->b0829514-0e81-4cb8-8158-745b805c48fc-AppendLogResponseHandler: Failed appendEntries: org.apache.ratis.thirdparty.io.grpc.StatusRuntimeException: UNAVAILABLE: io exception
2019-10-02 11:31:41,815 [grpc-default-executor-4] INFO  impl.FollowerInfo (FollowerInfo.java:lambda$new$0(51)) - d0a95d8b-e42b-4cc3-af39-f7831f0cb411@group-3B3A82ECA675->b0829514-0e81-4cb8-8158-745b805c48fc: nextIndex: updateUnconditionally 0 -> 0
2019-10-02 11:31:41,950 [grpc-default-executor-0] WARN  server.GrpcLogAppender (LogUtils.java:warn(134)) - 79fae529-906f-428f-a89e-b3dd78ccaa15@group-123F43983AAF->a37a54fb-604e-4e22-90a6-9ef2de79941b-AppendLogResponseHandler: Failed appendEntries: org.apache.ratis.thirdparty.io.grpc.StatusRuntimeException: UNAVAILABLE: io exception
2019-10-02 11:31:41,950 [grpc-default-executor-0] INFO  impl.FollowerInfo (FollowerInfo.java:lambda$new$0(51)) - 79fae529-906f-428f-a89e-b3dd78ccaa15@group-123F43983AAF->a37a54fb-604e-4e22-90a6-9ef2de79941b: nextIndex: updateUnconditionally 0 -> 0
2019-10-02 11:31:41,961 [grpc-default-executor-0] WARN  server.GrpcLogAppender (LogUtils.java:warn(134)) - e5cd125e-f61d-45cf-b4cf-a13e4bd3b145@group-B499B5D26DCB->70fbbe32-55c4-4d97-b4b6-a87353a06c87-AppendLogResponseHandler: Failed appendEntries: org.apache.ratis.thirdparty.io.grpc.StatusRuntimeException: UNAVAILABLE: io exception
2019-10-02 11:31:41,961 [grpc-default-executor-0] INFO  impl.FollowerInfo (FollowerInfo.java:lambda$new$0(51)) - e5cd125e-f61d-45cf-b4cf-a13e4bd3b145@group-B499B5D26DCB->70fbbe32-55c4-4d97-b4b6-a87353a06c87: nextIndex: updateUnconditionally 0 -> 0
2019-10-02 11:31:41,968 [grpc-default-executor-4] WARN  server.GrpcLogAppender (LogUtils.java:warn(134)) - e5cd125e-f61d-45cf-b4cf-a13e4bd3b145@group-B499B5D26DCB->633590d7-4390-4d51-971d-49ea2f910c76-AppendLogResponseHandler: Failed appendEntries: org.apache.ratis.thirdparty.io.grpc.StatusRuntimeException: UNAVAILABLE: io exception
2019-10-02 11:31:41,968 [grpc-default-executor-4] INFO  impl.FollowerInfo (FollowerInfo.java:lambda$new$0(51)) - e5cd125e-f61d-45cf-b4cf-a13e4bd3b145@group-B499B5D26DCB->633590d7-4390-4d51-971d-49ea2f910c76: nextIndex: updateUnconditionally 0 -> 0
2019-10-02 11:31:42,304 [grpc-default-executor-0] WARN  server.GrpcLogAppender (LogUtils.java:warn(134)) - d0a95d8b-e42b-4cc3-af39-f7831f0cb411@group-3B3A82ECA675->b0829514-0e81-4cb8-8158-745b805c48fc-AppendLogResponseHandler: Failed appendEntries: org.apache.ratis.thirdparty.io.grpc.StatusRuntimeException: UNAVAILABLE: io exception
2019-10-02 11:31:42,304 [grpc-default-executor-0] INFO  impl.FollowerInfo (FollowerInfo.java:lambda$new$0(51)) - d0a95d8b-e42b-4cc3-af39-f7831f0cb411@group-3B3A82ECA675->b0829514-0e81-4cb8-8158-745b805c48fc: nextIndex: updateUnconditionally 0 -> 0
2019-10-02 11:31:42,450 [grpc-default-executor-5] WARN  server.GrpcLogAppender (LogUtils.java:warn(134)) - 79fae529-906f-428f-a89e-b3dd78ccaa15@group-123F43983AAF->a37a54fb-604e-4e22-90a6-9ef2de79941b-AppendLogResponseHandler: Failed appendEntries: org.apache.ratis.thirdparty.io.grpc.StatusRuntimeException: UNAVAILABLE: io exception
2019-10-02 11:31:42,451 [grpc-default-executor-5] INFO  impl.FollowerInfo (FollowerInfo.java:lambda$new$0(51)) - 79fae529-906f-428f-a89e-b3dd78ccaa15@group-123F43983AAF->a37a54fb-604e-4e22-90a6-9ef2de79941b: nextIndex: updateUnconditionally 0 -> 0
2019-10-02 11:31:42,461 [grpc-default-executor-4] WARN  server.GrpcLogAppender (LogUtils.java:warn(134)) - e5cd125e-f61d-45cf-b4cf-a13e4bd3b145@group-B499B5D26DCB->70fbbe32-55c4-4d97-b4b6-a87353a06c87-AppendLogResponseHandler: Failed appendEntries: org.apache.ratis.thirdparty.io.grpc.StatusRuntimeException: UNAVAILABLE: io exception
2019-10-02 11:31:42,461 [grpc-default-executor-4] INFO  impl.FollowerInfo (FollowerInfo.java:lambda$new$0(51)) - e5cd125e-f61d-45cf-b4cf-a13e4bd3b145@group-B499B5D26DCB->70fbbe32-55c4-4d97-b4b6-a87353a06c87: nextIndex: updateUnconditionally 0 -> 0
2019-10-02 11:31:42,468 [grpc-default-executor-0] WARN  server.GrpcLogAppender (LogUtils.java:warn(134)) - e5cd125e-f61d-45cf-b4cf-a13e4bd3b145@group-B499B5D26DCB->633590d7-4390-4d51-971d-49ea2f910c76-AppendLogResponseHandler: Failed appendEntries: org.apache.ratis.thirdparty.io.grpc.StatusRuntimeException: UNAVAILABLE: io exception
2019-10-02 11:31:42,469 [grpc-default-executor-0] INFO  impl.FollowerInfo (FollowerInfo.java:lambda$new$0(51)) - e5cd125e-f61d-45cf-b4cf-a13e4bd3b145@group-B499B5D26DCB->633590d7-4390-4d51-971d-49ea2f910c76: nextIndex: updateUnconditionally 0 -> 0
2019-10-02 11:31:42,804 [grpc-default-executor-5] WARN  server.GrpcLogAppender (LogUtils.java:warn(134)) - d0a95d8b-e42b-4cc3-af39-f7831f0cb411@group-3B3A82ECA675->b0829514-0e81-4cb8-8158-745b805c48fc-AppendLogResponseHandler: Failed appendEntries: org.apache.ratis.thirdparty.io.grpc.StatusRuntimeException: UNAVAILABLE: io exception
2019-10-02 11:31:42,804 [grpc-default-executor-5] INFO  impl.FollowerInfo (FollowerInfo.java:lambda$new$0(51)) - d0a95d8b-e42b-4cc3-af39-f7831f0cb411@group-3B3A82ECA675->b0829514-0e81-4cb8-8158-745b805c48fc: nextIndex: updateUnconditionally 0 -> 0
2019-10-02 11:31:42,951 [grpc-default-executor-4] WARN  server.GrpcLogAppender (LogUtils.java:warn(134)) - 79fae529-906f-428f-a89e-b3dd78ccaa15@group-123F43983AAF->a37a54fb-604e-4e22-90a6-9ef2de79941b-AppendLogResponseHandler: Failed appendEntries: org.apache.ratis.thirdparty.io.grpc.StatusRuntimeException: UNAVAILABLE: io exception
2019-10-02 11:31:42,952 [grpc-default-executor-4] INFO  impl.FollowerInfo (FollowerInfo.java:lambda$new$0(51)) - 79fae529-906f-428f-a89e-b3dd78ccaa15@group-123F43983AAF->a37a54fb-604e-4e22-90a6-9ef2de79941b: nextIndex: updateUnconditionally 0 -> 0
2019-10-02 11:31:42,961 [grpc-default-executor-0] WARN  server.GrpcLogAppender (LogUtils.java:warn(134)) - e5cd125e-f61d-45cf-b4cf-a13e4bd3b145@group-B499B5D26DCB->70fbbe32-55c4-4d97-b4b6-a87353a06c87-AppendLogResponseHandler: Failed appendEntries: org.apache.ratis.thirdparty.io.grpc.StatusRuntimeException: UNAVAILABLE: io exception
2019-10-02 11:31:42,961 [grpc-default-executor-0] INFO  impl.FollowerInfo (FollowerInfo.java:lambda$new$0(51)) - e5cd125e-f61d-45cf-b4cf-a13e4bd3b145@group-B499B5D26DCB->70fbbe32-55c4-4d97-b4b6-a87353a06c87: nextIndex: updateUnconditionally 0 -> 0
2019-10-02 11:31:42,968 [grpc-default-executor-5] WARN  server.GrpcLogAppender (LogUtils.java:warn(134)) - e5cd125e-f61d-45cf-b4cf-a13e4bd3b145@group-B499B5D26DCB->633590d7-4390-4d51-971d-49ea2f910c76-AppendLogResponseHandler: Failed appendEntries: org.apache.ratis.thirdparty.io.grpc.StatusRuntimeException: UNAVAILABLE: io exception
2019-10-02 11:31:42,969 [grpc-default-executor-5] INFO  impl.FollowerInfo (FollowerInfo.java:lambda$new$0(51)) - e5cd125e-f61d-45cf-b4cf-a13e4bd3b145@group-B499B5D26DCB->633590d7-4390-4d51-971d-49ea2f910c76: nextIndex: updateUnconditionally 0 -> 0
2019-10-02 11:31:43,307 [grpc-default-executor-5] WARN  server.GrpcLogAppender (LogUtils.java:warn(134)) - d0a95d8b-e42b-4cc3-af39-f7831f0cb411@group-3B3A82ECA675->b0829514-0e81-4cb8-8158-745b805c48fc-AppendLogResponseHandler: Failed appendEntries: org.apache.ratis.thirdparty.io.grpc.StatusRuntimeException: UNAVAILABLE: io exception
2019-10-02 11:31:43,308 [grpc-default-executor-5] INFO  impl.FollowerInfo (FollowerInfo.java:lambda$new$0(51)) - d0a95d8b-e42b-4cc3-af39-f7831f0cb411@group-3B3A82ECA675->b0829514-0e81-4cb8-8158-745b805c48fc: nextIndex: updateUnconditionally 0 -> 0
2019-10-02 11:31:43,453 [grpc-default-executor-5] WARN  server.GrpcLogAppender (LogUtils.java:warn(134)) - 79fae529-906f-428f-a89e-b3dd78ccaa15@group-123F43983AAF->a37a54fb-604e-4e22-90a6-9ef2de79941b-AppendLogResponseHandler: Failed appendEntries: org.apache.ratis.thirdparty.io.grpc.StatusRuntimeException: UNAVAILABLE: io exception
2019-10-02 11:31:43,453 [grpc-default-executor-5] INFO  impl.FollowerInfo (FollowerInfo.java:lambda$new$0(51)) - 79fae529-906f-428f-a89e-b3dd78ccaa15@group-123F43983AAF->a37a54fb-604e-4e22-90a6-9ef2de79941b: nextIndex: updateUnconditionally 0 -> 0
2019-10-02 11:31:43,461 [grpc-default-executor-4] WARN  server.GrpcLogAppender (LogUtils.java:warn(134)) - e5cd125e-f61d-45cf-b4cf-a13e4bd3b145@group-B499B5D26DCB->70fbbe32-55c4-4d97-b4b6-a87353a06c87-AppendLogResponseHandler: Failed appendEntries: org.apache.ratis.thirdparty.io.grpc.StatusRuntimeException: UNAVAILABLE: io exception
2019-10-02 11:31:43,462 [grpc-default-executor-4] INFO  impl.FollowerInfo (FollowerInfo.java:lambda$new$0(51)) - e5cd125e-f61d-45cf-b4cf-a13e4bd3b145@group-B499B5D26DCB->70fbbe32-55c4-4d97-b4b6-a87353a06c87: nextIndex: updateUnconditionally 0 -> 0
2019-10-02 11:31:43,469 [grpc-default-executor-0] WARN  server.GrpcLogAppender (LogUtils.java:warn(134)) - e5cd125e-f61d-45cf-b4cf-a13e4bd3b145@group-B499B5D26DCB->633590d7-4390-4d51-971d-49ea2f910c76-AppendLogResponseHandler: Failed appendEntries: org.apache.ratis.thirdparty.io.grpc.StatusRuntimeException: UNAVAILABLE: io exception
2019-10-02 11:31:43,470 [grpc-default-executor-0] INFO  impl.FollowerInfo (FollowerInfo.java:lambda$new$0(51)) - e5cd125e-f61d-45cf-b4cf-a13e4bd3b145@group-B499B5D26DCB->633590d7-4390-4d51-971d-49ea2f910c76: nextIndex: updateUnconditionally 0 -> 0
2019-10-02 11:31:43,808 [grpc-default-executor-0] WARN  server.GrpcLogAppender (LogUtils.java:warn(134)) - d0a95d8b-e42b-4cc3-af39-f7831f0cb411@group-3B3A82ECA675->b0829514-0e81-4cb8-8158-745b805c48fc-AppendLogResponseHandler: Failed appendEntries: org.apache.ratis.thirdparty.io.grpc.StatusRuntimeException: UNAVAILABLE: io exception
2019-10-02 11:31:43,808 [grpc-default-executor-0] INFO  impl.FollowerInfo (FollowerInfo.java:lambda$new$0(51)) - d0a95d8b-e42b-4cc3-af39-f7831f0cb411@group-3B3A82ECA675->b0829514-0e81-4cb8-8158-745b805c48fc: nextIndex: updateUnconditionally 0 -> 0
2019-10-02 11:31:43,954 [grpc-default-executor-5] WARN  server.GrpcLogAppender (LogUtils.java:warn(134)) - 79fae529-906f-428f-a89e-b3dd78ccaa15@group-123F43983AAF->a37a54fb-604e-4e22-90a6-9ef2de79941b-AppendLogResponseHandler: Failed appendEntries: org.apache.ratis.thirdparty.io.grpc.StatusRuntimeException: UNAVAILABLE: io exception
2019-10-02 11:31:43,954 [grpc-default-executor-5] INFO  impl.FollowerInfo (FollowerInfo.java:lambda$new$0(51)) - 79fae529-906f-428f-a89e-b3dd78ccaa15@group-123F43983AAF->a37a54fb-604e-4e22-90a6-9ef2de79941b: nextIndex: updateUnconditionally 0 -> 0
2019-10-02 11:31:43,962 [grpc-default-executor-5] WARN  server.GrpcLogAppender (LogUtils.java:warn(134)) - e5cd125e-f61d-45cf-b4cf-a13e4bd3b145@group-B499B5D26DCB->70fbbe32-55c4-4d97-b4b6-a87353a06c87-AppendLogResponseHandler: Failed appendEntries: org.apache.ratis.thirdparty.io.grpc.StatusRuntimeException: UNAVAILABLE: io exception
2019-10-02 11:31:43,963 [grpc-default-executor-5] INFO  impl.FollowerInfo (FollowerInfo.java:lambda$new$0(51)) - e5cd125e-f61d-45cf-b4cf-a13e4bd3b145@group-B499B5D26DCB->70fbbe32-55c4-4d97-b4b6-a87353a06c87: nextIndex: updateUnconditionally 0 -> 0
2019-10-02 11:31:43,970 [grpc-default-executor-4] WARN  server.GrpcLogAppender (LogUtils.java:warn(134)) - e5cd125e-f61d-45cf-b4cf-a13e4bd3b145@group-B499B5D26DCB->633590d7-4390-4d51-971d-49ea2f910c76-AppendLogResponseHandler: Failed appendEntries: org.apache.ratis.thirdparty.io.grpc.StatusRuntimeException: UNAVAILABLE: io exception
2019-10-02 11:31:43,970 [grpc-default-executor-4] INFO  impl.FollowerInfo (FollowerInfo.java:lambda$new$0(51)) - e5cd125e-f61d-45cf-b4cf-a13e4bd3b145@group-B499B5D26DCB->633590d7-4390-4d51-971d-49ea2f910c76: nextIndex: updateUnconditionally 0 -> 0
2019-10-02 11:31:44,309 [grpc-default-executor-0] WARN  server.GrpcLogAppender (LogUtils.java:warn(134)) - d0a95d8b-e42b-4cc3-af39-f7831f0cb411@group-3B3A82ECA675->b0829514-0e81-4cb8-8158-745b805c48fc-AppendLogResponseHandler: Failed appendEntries: org.apache.ratis.thirdparty.io.grpc.StatusRuntimeException: UNAVAILABLE: io exception
2019-10-02 11:31:44,310 [grpc-default-executor-0] INFO  impl.FollowerInfo (FollowerInfo.java:lambda$new$0(51)) - d0a95d8b-e42b-4cc3-af39-f7831f0cb411@group-3B3A82ECA675->b0829514-0e81-4cb8-8158-745b805c48fc: nextIndex: updateUnconditionally 0 -> 0
2019-10-02 11:31:44,454 [grpc-default-executor-5] WARN  server.GrpcLogAppender (LogUtils.java:warn(134)) - 79fae529-906f-428f-a89e-b3dd78ccaa15@group-123F43983AAF->a37a54fb-604e-4e22-90a6-9ef2de79941b-AppendLogResponseHandler: Failed appendEntries: org.apache.ratis.thirdparty.io.grpc.StatusRuntimeException: UNAVAILABLE: io exception
2019-10-02 11:31:44,455 [grpc-default-executor-5] INFO  impl.FollowerInfo (FollowerInfo.java:lambda$new$0(51)) - 79fae529-906f-428f-a89e-b3dd78ccaa15@group-123F43983AAF->a37a54fb-604e-4e22-90a6-9ef2de79941b: nextIndex: updateUnconditionally 0 -> 0
2019-10-02 11:31:44,463 [grpc-default-executor-4] WARN  server.GrpcLogAppender (LogUtils.java:warn(134)) - e5cd125e-f61d-45cf-b4cf-a13e4bd3b145@group-B499B5D26DCB->70fbbe32-55c4-4d97-b4b6-a87353a06c87-AppendLogResponseHandler: Failed appendEntries: org.apache.ratis.thirdparty.io.grpc.StatusRuntimeException: UNAVAILABLE: io exception
2019-10-02 11:31:44,463 [grpc-default-executor-4] INFO  impl.FollowerInfo (FollowerInfo.java:lambda$new$0(51)) - e5cd125e-f61d-45cf-b4cf-a13e4bd3b145@group-B499B5D26DCB->70fbbe32-55c4-4d97-b4b6-a87353a06c87: nextIndex: updateUnconditionally 0 -> 0
2019-10-02 11:31:44,472 [grpc-default-executor-0] WARN  server.GrpcLogAppender (LogUtils.java:warn(134)) - e5cd125e-f61d-45cf-b4cf-a13e4bd3b145@group-B499B5D26DCB->633590d7-4390-4d51-971d-49ea2f910c76-AppendLogResponseHandler: Failed appendEntries: org.apache.ratis.thirdparty.io.grpc.StatusRuntimeException: UNAVAILABLE: io exception
2019-10-02 11:31:44,473 [grpc-default-executor-0] INFO  impl.FollowerInfo (FollowerInfo.java:lambda$new$0(51)) - e5cd125e-f61d-45cf-b4cf-a13e4bd3b145@group-B499B5D26DCB->633590d7-4390-4d51-971d-49ea2f910c76: nextIndex: updateUnconditionally 0 -> 0
2019-10-02 11:31:44,811 [grpc-default-executor-5] WARN  server.GrpcLogAppender (LogUtils.java:warn(134)) - d0a95d8b-e42b-4cc3-af39-f7831f0cb411@group-3B3A82ECA675->b0829514-0e81-4cb8-8158-745b805c48fc-AppendLogResponseHandler: Failed appendEntries: org.apache.ratis.thirdparty.io.grpc.StatusRuntimeException: UNAVAILABLE: io exception
2019-10-02 11:31:44,811 [grpc-default-executor-5] INFO  impl.FollowerInfo (FollowerInfo.java:lambda$new$0(51)) - d0a95d8b-e42b-4cc3-af39-f7831f0cb411@group-3B3A82ECA675->b0829514-0e81-4cb8-8158-745b805c48fc: nextIndex: updateUnconditionally 0 -> 0
2019-10-02 11:31:44,955 [grpc-default-executor-5] WARN  server.GrpcLogAppender (LogUtils.java:warn(134)) - 79fae529-906f-428f-a89e-b3dd78ccaa15@group-123F43983AAF->a37a54fb-604e-4e22-90a6-9ef2de79941b-AppendLogResponseHandler: Failed appendEntries: org.apache.ratis.thirdparty.io.grpc.StatusRuntimeException: UNAVAILABLE: io exception
2019-10-02 11:31:44,956 [grpc-default-executor-5] INFO  impl.FollowerInfo (FollowerInfo.java:lambda$new$0(51)) - 79fae529-906f-428f-a89e-b3dd78ccaa15@group-123F43983AAF->a37a54fb-604e-4e22-90a6-9ef2de79941b: nextIndex: updateUnconditionally 0 -> 0
2019-10-02 11:31:44,964 [grpc-default-executor-4] WARN  server.GrpcLogAppender (LogUtils.java:warn(134)) - e5cd125e-f61d-45cf-b4cf-a13e4bd3b145@group-B499B5D26DCB->70fbbe32-55c4-4d97-b4b6-a87353a06c87-AppendLogResponseHandler: Failed appendEntries: org.apache.ratis.thirdparty.io.grpc.StatusRuntimeException: UNAVAILABLE: io exception
2019-10-02 11:31:44,964 [grpc-default-executor-4] INFO  impl.FollowerInfo (FollowerInfo.java:lambda$new$0(51)) - e5cd125e-f61d-45cf-b4cf-a13e4bd3b145@group-B499B5D26DCB->70fbbe32-55c4-4d97-b4b6-a87353a06c87: nextIndex: updateUnconditionally 0 -> 0
2019-10-02 11:31:44,971 [grpc-default-executor-0] WARN  server.GrpcLogAppender (LogUtils.java:warn(134)) - e5cd125e-f61d-45cf-b4cf-a13e4bd3b145@group-B499B5D26DCB->633590d7-4390-4d51-971d-49ea2f910c76-AppendLogResponseHandler: Failed appendEntries: org.apache.ratis.thirdparty.io.grpc.StatusRuntimeException: UNAVAILABLE: io exception
2019-10-02 11:31:44,972 [grpc-default-executor-0] INFO  impl.FollowerInfo (FollowerInfo.java:lambda$new$0(51)) - e5cd125e-f61d-45cf-b4cf-a13e4bd3b145@group-B499B5D26DCB->633590d7-4390-4d51-971d-49ea2f910c76: nextIndex: updateUnconditionally 0 -> 0
2019-10-02 11:31:45,123 [main] INFO  ozoneimpl.OzoneContainer (OzoneContainer.java:stop(231)) - Attempting to stop container services.
2019-10-02 11:31:45,123 [ForkJoinPool.commonPool-worker-1] INFO  ozoneimpl.OzoneContainer (OzoneContainer.java:stop(231)) - Attempting to stop container services.
2019-10-02 11:31:45,124 [main] INFO  impl.RaftServerProxy (RaftServerProxy.java:lambda$close$4(314)) - 8af5394b-47b3-4f3f-906d-9219adfe9823: close
2019-10-02 11:31:45,124 [ForkJoinPool.commonPool-worker-1] INFO  impl.RaftServerProxy (RaftServerProxy.java:lambda$close$4(314)) - 79fae529-906f-428f-a89e-b3dd78ccaa15: close
2019-10-02 11:31:45,124 [ForkJoinPool.commonPool-worker-1] INFO  impl.RaftServerImpl (RaftServerImpl.java:lambda$shutdown$3(251)) - 79fae529-906f-428f-a89e-b3dd78ccaa15@group-0A2D7239FBD7: shutdown
2019-10-02 11:31:45,124 [main] INFO  impl.RaftServerImpl (RaftServerImpl.java:lambda$shutdown$3(251)) - 8af5394b-47b3-4f3f-906d-9219adfe9823@group-D23554B39B82: shutdown
2019-10-02 11:31:45,124 [ForkJoinPool.commonPool-worker-1] INFO  util.JmxRegister (JmxRegister.java:unregister(73)) - Successfully un-registered JMX Bean with object name Ratis:service=RaftServer,group=group-0A2D7239FBD7,id=79fae529-906f-428f-a89e-b3dd78ccaa15
2019-10-02 11:31:45,125 [main] INFO  util.JmxRegister (JmxRegister.java:unregister(73)) - Successfully un-registered JMX Bean with object name Ratis:service=RaftServer,group=group-D23554B39B82,id=8af5394b-47b3-4f3f-906d-9219adfe9823
2019-10-02 11:31:45,125 [ForkJoinPool.commonPool-worker-1] INFO  impl.RoleInfo (RoleInfo.java:shutdownLeaderState(104)) - 79fae529-906f-428f-a89e-b3dd78ccaa15: shutdown LeaderState
2019-10-02 11:31:45,125 [main] INFO  impl.RoleInfo (RoleInfo.java:shutdownLeaderState(104)) - 8af5394b-47b3-4f3f-906d-9219adfe9823: shutdown LeaderState
2019-10-02 11:31:45,125 [ForkJoinPool.commonPool-worker-1] INFO  impl.PendingRequests (PendingRequests.java:sendNotLeaderResponses(202)) - 79fae529-906f-428f-a89e-b3dd78ccaa15-PendingRequests: sendNotLeaderResponses
2019-10-02 11:31:45,125 [main] INFO  impl.PendingRequests (PendingRequests.java:sendNotLeaderResponses(202)) - 8af5394b-47b3-4f3f-906d-9219adfe9823-PendingRequests: sendNotLeaderResponses
2019-10-02 11:31:45,126 [ForkJoinPool.commonPool-worker-1] INFO  impl.StateMachineUpdater (StateMachineUpdater.java:stopAndJoin(125)) - 79fae529-906f-428f-a89e-b3dd78ccaa15@group-0A2D7239FBD7-StateMachineUpdater: set stopIndex = 0
2019-10-02 11:31:45,126 [main] INFO  impl.StateMachineUpdater (StateMachineUpdater.java:stopAndJoin(125)) - 8af5394b-47b3-4f3f-906d-9219adfe9823@group-D23554B39B82-StateMachineUpdater: set stopIndex = 0
2019-10-02 11:31:45,126 [ForkJoinPool.commonPool-worker-1] INFO  impl.RaftServerImpl (ServerState.java:close(385)) - 79fae529-906f-428f-a89e-b3dd78ccaa15@group-0A2D7239FBD7: closes. applyIndex: 0
2019-10-02 11:31:45,126 [main] INFO  impl.RaftServerImpl (ServerState.java:close(385)) - 8af5394b-47b3-4f3f-906d-9219adfe9823@group-D23554B39B82: closes. applyIndex: 0
2019-10-02 11:31:45,127 [79fae529-906f-428f-a89e-b3dd78ccaa15@group-0A2D7239FBD7-SegmentedRaftLogWorker] INFO  segmented.SegmentedRaftLogWorker (SegmentedRaftLogWorker.java:run(313)) - 79fae529-906f-428f-a89e-b3dd78ccaa15@group-0A2D7239FBD7-SegmentedRaftLogWorker was interrupted, exiting. There are 0 tasks remaining in the queue.
2019-10-02 11:31:45,127 [8af5394b-47b3-4f3f-906d-9219adfe9823@group-D23554B39B82-SegmentedRaftLogWorker] INFO  segmented.SegmentedRaftLogWorker (SegmentedRaftLogWorker.java:run(313)) - 8af5394b-47b3-4f3f-906d-9219adfe9823@group-D23554B39B82-SegmentedRaftLogWorker was interrupted, exiting. There are 0 tasks remaining in the queue.
2019-10-02 11:31:45,129 [main] INFO  segmented.SegmentedRaftLogWorker (SegmentedRaftLogWorker.java:close(228)) - 8af5394b-47b3-4f3f-906d-9219adfe9823@group-D23554B39B82-SegmentedRaftLogWorker close()
2019-10-02 11:31:45,129 [ForkJoinPool.commonPool-worker-1] INFO  segmented.SegmentedRaftLogWorker (SegmentedRaftLogWorker.java:close(228)) - 79fae529-906f-428f-a89e-b3dd78ccaa15@group-0A2D7239FBD7-SegmentedRaftLogWorker close()
2019-10-02 11:31:45,132 [main] INFO  impl.RaftServerImpl (RaftServerImpl.java:lambda$shutdown$3(251)) - 8af5394b-47b3-4f3f-906d-9219adfe9823@group-123F43983AAF: shutdown
2019-10-02 11:31:45,142 [ForkJoinPool.commonPool-worker-1] INFO  impl.RaftServerImpl (RaftServerImpl.java:lambda$shutdown$3(251)) - 79fae529-906f-428f-a89e-b3dd78ccaa15@group-123F43983AAF: shutdown
2019-10-02 11:31:45,142 [main] INFO  util.JmxRegister (JmxRegister.java:unregister(73)) - Successfully un-registered JMX Bean with object name Ratis:service=RaftServer,group=group-123F43983AAF,id=8af5394b-47b3-4f3f-906d-9219adfe9823
2019-10-02 11:31:45,143 [ForkJoinPool.commonPool-worker-1] INFO  util.JmxRegister (JmxRegister.java:unregister(73)) - Successfully un-registered JMX Bean with object name Ratis:service=RaftServer,group=group-123F43983AAF,id=79fae529-906f-428f-a89e-b3dd78ccaa15
2019-10-02 11:31:45,143 [main] INFO  impl.RoleInfo (RoleInfo.java:shutdownFollowerState(121)) - 8af5394b-47b3-4f3f-906d-9219adfe9823: shutdown FollowerState
2019-10-02 11:31:45,143 [ForkJoinPool.commonPool-worker-1] INFO  impl.RoleInfo (RoleInfo.java:shutdownLeaderState(104)) - 79fae529-906f-428f-a89e-b3dd78ccaa15: shutdown LeaderState
2019-10-02 11:31:45,143 [Thread-411] INFO  impl.FollowerState (FollowerState.java:run(115)) - 8af5394b-47b3-4f3f-906d-9219adfe9823: FollowerState was interrupted: java.lang.InterruptedException: sleep interrupted
2019-10-02 11:31:45,143 [main] INFO  impl.StateMachineUpdater (StateMachineUpdater.java:stopAndJoin(125)) - 8af5394b-47b3-4f3f-906d-9219adfe9823@group-123F43983AAF-StateMachineUpdater: set stopIndex = 15
2019-10-02 11:31:45,146 [org.apache.ratis.server.impl.LogAppender$AppenderDaemon$$Lambda$748/1426024835@67cb0641] WARN  server.GrpcLogAppender (GrpcLogAppender.java:mayWait(143)) - 79fae529-906f-428f-a89e-b3dd78ccaa15@group-123F43983AAF->a37a54fb-604e-4e22-90a6-9ef2de79941b-GrpcLogAppender: Wait interrupted by java.lang.InterruptedException
2019-10-02 11:31:45,146 [org.apache.ratis.server.impl.LogAppender$AppenderDaemon$$Lambda$748/1426024835@785ff763] WARN  server.GrpcLogAppender (GrpcLogAppender.java:mayWait(143)) - 79fae529-906f-428f-a89e-b3dd78ccaa15@group-123F43983AAF->8af5394b-47b3-4f3f-906d-9219adfe9823-GrpcLogAppender: Wait interrupted by java.lang.InterruptedException
2019-10-02 11:31:45,146 [ForkJoinPool.commonPool-worker-1] INFO  impl.PendingRequests (PendingRequests.java:sendNotLeaderResponses(202)) - 79fae529-906f-428f-a89e-b3dd78ccaa15-PendingRequests: sendNotLeaderResponses
2019-10-02 11:31:45,143 [8af5394b-47b3-4f3f-906d-9219adfe9823@group-123F43983AAF-StateMachineUpdater] INFO  ratis.ContainerStateMachine (ContainerStateMachine.java:takeSnapshot(289)) - group-123F43983AAF: Taking a snapshot at:(t:1, i:12) file /workdir/hadoop-ozone/integration-test/target/test-dir/MiniOzoneClusterImpl-5dc4b805-dc02-409a-84a0-03630345a4d3/datanode-8/data/ratis/d470fcc1-d05e-43dc-9ac4-123f43983aaf/sm/snapshot.1_12
2019-10-02 11:31:45,149 [ForkJoinPool.commonPool-worker-1] INFO  impl.StateMachineUpdater (StateMachineUpdater.java:stopAndJoin(125)) - 79fae529-906f-428f-a89e-b3dd78ccaa15@group-123F43983AAF-StateMachineUpdater: set stopIndex = 15
2019-10-02 11:31:45,149 [79fae529-906f-428f-a89e-b3dd78ccaa15@group-123F43983AAF-StateMachineUpdater] INFO  ratis.ContainerStateMachine (ContainerStateMachine.java:takeSnapshot(289)) - group-123F43983AAF: Taking a snapshot at:(t:1, i:13) file /workdir/hadoop-ozone/integration-test/target/test-dir/MiniOzoneClusterImpl-5dc4b805-dc02-409a-84a0-03630345a4d3/datanode-4/data/ratis/d470fcc1-d05e-43dc-9ac4-123f43983aaf/sm/snapshot.1_13
2019-10-02 11:31:45,153 [grpc-default-executor-0] INFO  server.GrpcServerProtocolService (GrpcServerProtocolService.java:onCompleted(113)) - 8af5394b-47b3-4f3f-906d-9219adfe9823: Completed APPEND_ENTRIES, lastRequest: 79fae529-906f-428f-a89e-b3dd78ccaa15->8af5394b-47b3-4f3f-906d-9219adfe9823#107-t1, previous=(t:1, i:15), leaderCommit=15, initializing? false, entries: <empty>
2019-10-02 11:31:45,155 [grpc-default-executor-0] INFO  server.GrpcLogAppender (GrpcLogAppender.java:onCompleted(293)) - 79fae529-906f-428f-a89e-b3dd78ccaa15@group-123F43983AAF->8af5394b-47b3-4f3f-906d-9219adfe9823-AppendLogResponseHandler: follower responses appendEntries COMPLETED
2019-10-02 11:31:45,155 [grpc-default-executor-0] INFO  impl.FollowerInfo (FollowerInfo.java:lambda$new$0(51)) - 79fae529-906f-428f-a89e-b3dd78ccaa15@group-123F43983AAF->8af5394b-47b3-4f3f-906d-9219adfe9823: nextIndex: updateUnconditionally 16 -> 15
2019-10-02 11:31:45,163 [79fae529-906f-428f-a89e-b3dd78ccaa15@group-123F43983AAF-StateMachineUpdater] INFO  ratis.ContainerStateMachine (ContainerStateMachine.java:takeSnapshot(300)) - group-123F43983AAF: Finished taking a snapshot at:(t:1, i:13) file:/workdir/hadoop-ozone/integration-test/target/test-dir/MiniOzoneClusterImpl-5dc4b805-dc02-409a-84a0-03630345a4d3/datanode-4/data/ratis/d470fcc1-d05e-43dc-9ac4-123f43983aaf/sm/snapshot.1_13 time:14
2019-10-02 11:31:45,163 [8af5394b-47b3-4f3f-906d-9219adfe9823@group-123F43983AAF-StateMachineUpdater] INFO  ratis.ContainerStateMachine (ContainerStateMachine.java:takeSnapshot(300)) - group-123F43983AAF: Finished taking a snapshot at:(t:1, i:12) file:/workdir/hadoop-ozone/integration-test/target/test-dir/MiniOzoneClusterImpl-5dc4b805-dc02-409a-84a0-03630345a4d3/datanode-8/data/ratis/d470fcc1-d05e-43dc-9ac4-123f43983aaf/sm/snapshot.1_12 time:20
2019-10-02 11:31:45,163 [79fae529-906f-428f-a89e-b3dd78ccaa15@group-123F43983AAF-StateMachineUpdater] INFO  impl.StateMachineUpdater (StateMachineUpdater.java:takeSnapshot(258)) - 79fae529-906f-428f-a89e-b3dd78ccaa15@group-123F43983AAF-StateMachineUpdater: Took a snapshot at index 13
2019-10-02 11:31:45,163 [79fae529-906f-428f-a89e-b3dd78ccaa15@group-123F43983AAF-StateMachineUpdater] INFO  impl.StateMachineUpdater (StateMachineUpdater.java:lambda$new$0(83)) - 79fae529-906f-428f-a89e-b3dd78ccaa15@group-123F43983AAF-StateMachineUpdater: snapshotIndex: updateIncreasingly -1 -> 13
2019-10-02 11:31:45,163 [8af5394b-47b3-4f3f-906d-9219adfe9823@group-123F43983AAF-StateMachineUpdater] INFO  impl.StateMachineUpdater (StateMachineUpdater.java:takeSnapshot(258)) - 8af5394b-47b3-4f3f-906d-9219adfe9823@group-123F43983AAF-StateMachineUpdater: Took a snapshot at index 12
2019-10-02 11:31:45,163 [8af5394b-47b3-4f3f-906d-9219adfe9823@group-123F43983AAF-StateMachineUpdater] INFO  impl.StateMachineUpdater (StateMachineUpdater.java:lambda$new$0(83)) - 8af5394b-47b3-4f3f-906d-9219adfe9823@group-123F43983AAF-StateMachineUpdater: snapshotIndex: updateIncreasingly -1 -> 12
2019-10-02 11:31:45,163 [79fae529-906f-428f-a89e-b3dd78ccaa15@group-123F43983AAF-StateMachineUpdater] INFO  ratis.ContainerStateMachine (ContainerStateMachine.java:takeSnapshot(289)) - group-123F43983AAF: Taking a snapshot at:(t:1, i:13) file /workdir/hadoop-ozone/integration-test/target/test-dir/MiniOzoneClusterImpl-5dc4b805-dc02-409a-84a0-03630345a4d3/datanode-4/data/ratis/d470fcc1-d05e-43dc-9ac4-123f43983aaf/sm/snapshot.1_13
2019-10-02 11:31:45,164 [8af5394b-47b3-4f3f-906d-9219adfe9823@group-123F43983AAF-StateMachineUpdater] INFO  ratis.ContainerStateMachine (ContainerStateMachine.java:takeSnapshot(289)) - group-123F43983AAF: Taking a snapshot at:(t:1, i:12) file /workdir/hadoop-ozone/integration-test/target/test-dir/MiniOzoneClusterImpl-5dc4b805-dc02-409a-84a0-03630345a4d3/datanode-8/data/ratis/d470fcc1-d05e-43dc-9ac4-123f43983aaf/sm/snapshot.1_12
2019-10-02 11:31:45,177 [8af5394b-47b3-4f3f-906d-9219adfe9823@group-123F43983AAF-StateMachineUpdater] INFO  ratis.ContainerStateMachine (ContainerStateMachine.java:takeSnapshot(300)) - group-123F43983AAF: Finished taking a snapshot at:(t:1, i:12) file:/workdir/hadoop-ozone/integration-test/target/test-dir/MiniOzoneClusterImpl-5dc4b805-dc02-409a-84a0-03630345a4d3/datanode-8/data/ratis/d470fcc1-d05e-43dc-9ac4-123f43983aaf/sm/snapshot.1_12 time:13
2019-10-02 11:31:45,177 [79fae529-906f-428f-a89e-b3dd78ccaa15@group-123F43983AAF-StateMachineUpdater] INFO  ratis.ContainerStateMachine (ContainerStateMachine.java:takeSnapshot(300)) - group-123F43983AAF: Finished taking a snapshot at:(t:1, i:13) file:/workdir/hadoop-ozone/integration-test/target/test-dir/MiniOzoneClusterImpl-5dc4b805-dc02-409a-84a0-03630345a4d3/datanode-4/data/ratis/d470fcc1-d05e-43dc-9ac4-123f43983aaf/sm/snapshot.1_13 time:13
2019-10-02 11:31:45,177 [8af5394b-47b3-4f3f-906d-9219adfe9823@group-123F43983AAF-StateMachineUpdater] INFO  impl.StateMachineUpdater (StateMachineUpdater.java:takeSnapshot(258)) - 8af5394b-47b3-4f3f-906d-9219adfe9823@group-123F43983AAF-StateMachineUpdater: Took a snapshot at index 12
2019-10-02 11:31:45,177 [79fae529-906f-428f-a89e-b3dd78ccaa15@group-123F43983AAF-StateMachineUpdater] INFO  impl.StateMachineUpdater (StateMachineUpdater.java:takeSnapshot(258)) - 79fae529-906f-428f-a89e-b3dd78ccaa15@group-123F43983AAF-StateMachineUpdater: Took a snapshot at index 13
2019-10-02 11:31:45,177 [8af5394b-47b3-4f3f-906d-9219adfe9823@group-123F43983AAF-StateMachineUpdater] INFO  impl.StateMachineUpdater (StateMachineUpdater.java:lambda$new$0(83)) - 8af5394b-47b3-4f3f-906d-9219adfe9823@group-123F43983AAF-StateMachineUpdater: snapshotIndex: updateIncreasingly 12 -> 12
2019-10-02 11:31:45,177 [79fae529-906f-428f-a89e-b3dd78ccaa15@group-123F43983AAF-StateMachineUpdater] INFO  impl.StateMachineUpdater (StateMachineUpdater.java:lambda$new$0(83)) - 79fae529-906f-428f-a89e-b3dd78ccaa15@group-123F43983AAF-StateMachineUpdater: snapshotIndex: updateIncreasingly 13 -> 13
2019-10-02 11:31:45,177 [main] INFO  impl.RaftServerImpl (ServerState.java:close(385)) - 8af5394b-47b3-4f3f-906d-9219adfe9823@group-123F43983AAF: closes. applyIndex: 15
2019-10-02 11:31:45,177 [ForkJoinPool.commonPool-worker-1] INFO  impl.RaftServerImpl (ServerState.java:close(385)) - 79fae529-906f-428f-a89e-b3dd78ccaa15@group-123F43983AAF: closes. applyIndex: 15
2019-10-02 11:31:45,178 [8af5394b-47b3-4f3f-906d-9219adfe9823@group-123F43983AAF-SegmentedRaftLogWorker] INFO  segmented.SegmentedRaftLogWorker (SegmentedRaftLogWorker.java:run(313)) - 8af5394b-47b3-4f3f-906d-9219adfe9823@group-123F43983AAF-SegmentedRaftLogWorker was interrupted, exiting. There are 0 tasks remaining in the queue.
2019-10-02 11:31:45,178 [79fae529-906f-428f-a89e-b3dd78ccaa15@group-123F43983AAF-SegmentedRaftLogWorker] INFO  segmented.SegmentedRaftLogWorker (SegmentedRaftLogWorker.java:run(313)) - 79fae529-906f-428f-a89e-b3dd78ccaa15@group-123F43983AAF-SegmentedRaftLogWorker was interrupted, exiting. There are 0 tasks remaining in the queue.
2019-10-02 11:31:45,178 [main] INFO  segmented.SegmentedRaftLogWorker (SegmentedRaftLogWorker.java:close(228)) - 8af5394b-47b3-4f3f-906d-9219adfe9823@group-123F43983AAF-SegmentedRaftLogWorker close()
2019-10-02 11:31:45,178 [ForkJoinPool.commonPool-worker-1] INFO  segmented.SegmentedRaftLogWorker (SegmentedRaftLogWorker.java:close(228)) - 79fae529-906f-428f-a89e-b3dd78ccaa15@group-123F43983AAF-SegmentedRaftLogWorker close()
2019-10-02 11:31:45,180 [main] INFO  server.GrpcService (GrpcService.java:closeImpl(164)) - 8af5394b-47b3-4f3f-906d-9219adfe9823: shutdown server with port 33268 now
2019-10-02 11:31:45,181 [ForkJoinPool.commonPool-worker-1] INFO  server.GrpcService (GrpcService.java:closeImpl(164)) - 79fae529-906f-428f-a89e-b3dd78ccaa15: shutdown server with port 42043 now
2019-10-02 11:31:45,182 [main] INFO  server.GrpcService (GrpcService.java:closeImpl(172)) - 8af5394b-47b3-4f3f-906d-9219adfe9823: shutdown server with port 33268 successfully
2019-10-02 11:31:45,182 [ForkJoinPool.commonPool-worker-1] INFO  server.GrpcService (GrpcService.java:closeImpl(172)) - 79fae529-906f-428f-a89e-b3dd78ccaa15: shutdown server with port 42043 successfully
2019-10-02 11:31:45,184 [refreshUsed-/workdir/hadoop-ozone/integration-test/target/test-dir/MiniOzoneClusterImpl-5dc4b805-dc02-409a-84a0-03630345a4d3/datanode-4/data/containers] WARN  fs.CachingGetSpaceUsed (CachingGetSpaceUsed.java:run(183)) - Thread Interrupted waiting to refresh disk information: sleep interrupted
2019-10-02 11:31:45,189 [refreshUsed-/workdir/hadoop-ozone/integration-test/target/test-dir/MiniOzoneClusterImpl-5dc4b805-dc02-409a-84a0-03630345a4d3/datanode-8/data/containers] WARN  fs.CachingGetSpaceUsed (CachingGetSpaceUsed.java:run(183)) - Thread Interrupted waiting to refresh disk information: sleep interrupted
2019-10-02 11:31:45,204 [ForkJoinPool.commonPool-worker-1] INFO  utils.BackgroundService (BackgroundService.java:shutdown(148)) - Shutting down service BlockDeletingService
2019-10-02 11:31:45,210 [ForkJoinPool.commonPool-worker-1] INFO  statemachine.DatanodeStateMachine (DatanodeStateMachine.java:stopDaemon(395)) - Ozone container server stopped.
2019-10-02 11:31:45,218 [main] INFO  utils.BackgroundService (BackgroundService.java:shutdown(148)) - Shutting down service BlockDeletingService
2019-10-02 11:31:45,222 [main] INFO  statemachine.DatanodeStateMachine (DatanodeStateMachine.java:stopDaemon(395)) - Ozone container server stopped.
2019-10-02 11:31:45,311 [grpc-default-executor-5] WARN  server.GrpcLogAppender (LogUtils.java:warn(134)) - d0a95d8b-e42b-4cc3-af39-f7831f0cb411@group-3B3A82ECA675->b0829514-0e81-4cb8-8158-745b805c48fc-AppendLogResponseHandler: Failed appendEntries: org.apache.ratis.thirdparty.io.grpc.StatusRuntimeException: UNAVAILABLE: io exception
2019-10-02 11:31:45,311 [grpc-default-executor-5] INFO  impl.FollowerInfo (FollowerInfo.java:lambda$new$0(51)) - d0a95d8b-e42b-4cc3-af39-f7831f0cb411@group-3B3A82ECA675->b0829514-0e81-4cb8-8158-745b805c48fc: nextIndex: updateUnconditionally 0 -> 0
2019-10-02 11:31:45,465 [grpc-default-executor-4] WARN  server.GrpcLogAppender (LogUtils.java:warn(134)) - e5cd125e-f61d-45cf-b4cf-a13e4bd3b145@group-B499B5D26DCB->70fbbe32-55c4-4d97-b4b6-a87353a06c87-AppendLogResponseHandler: Failed appendEntries: org.apache.ratis.thirdparty.io.grpc.StatusRuntimeException: UNAVAILABLE: io exception
2019-10-02 11:31:45,465 [grpc-default-executor-4] INFO  impl.FollowerInfo (FollowerInfo.java:lambda$new$0(51)) - e5cd125e-f61d-45cf-b4cf-a13e4bd3b145@group-B499B5D26DCB->70fbbe32-55c4-4d97-b4b6-a87353a06c87: nextIndex: updateUnconditionally 0 -> 0
2019-10-02 11:31:45,472 [grpc-default-executor-0] WARN  server.GrpcLogAppender (LogUtils.java:warn(134)) - e5cd125e-f61d-45cf-b4cf-a13e4bd3b145@group-B499B5D26DCB->633590d7-4390-4d51-971d-49ea2f910c76-AppendLogResponseHandler: Failed appendEntries: org.apache.ratis.thirdparty.io.grpc.StatusRuntimeException: UNAVAILABLE: io exception
2019-10-02 11:31:45,472 [grpc-default-executor-0] INFO  impl.FollowerInfo (FollowerInfo.java:lambda$new$0(51)) - e5cd125e-f61d-45cf-b4cf-a13e4bd3b145@group-B499B5D26DCB->633590d7-4390-4d51-971d-49ea2f910c76: nextIndex: updateUnconditionally 0 -> 0
2019-10-02 11:31:45,812 [grpc-default-executor-4] WARN  server.GrpcLogAppender (LogUtils.java:warn(134)) - d0a95d8b-e42b-4cc3-af39-f7831f0cb411@group-3B3A82ECA675->b0829514-0e81-4cb8-8158-745b805c48fc-AppendLogResponseHandler: Failed appendEntries: org.apache.ratis.thirdparty.io.grpc.StatusRuntimeException: UNAVAILABLE: io exception
2019-10-02 11:31:45,812 [grpc-default-executor-4] INFO  impl.FollowerInfo (FollowerInfo.java:lambda$new$0(51)) - d0a95d8b-e42b-4cc3-af39-f7831f0cb411@group-3B3A82ECA675->b0829514-0e81-4cb8-8158-745b805c48fc: nextIndex: updateUnconditionally 0 -> 0
2019-10-02 11:31:45,966 [grpc-default-executor-4] WARN  server.GrpcLogAppender (LogUtils.java:warn(134)) - e5cd125e-f61d-45cf-b4cf-a13e4bd3b145@group-B499B5D26DCB->70fbbe32-55c4-4d97-b4b6-a87353a06c87-AppendLogResponseHandler: Failed appendEntries: org.apache.ratis.thirdparty.io.grpc.StatusRuntimeException: UNAVAILABLE: io exception
2019-10-02 11:31:45,966 [grpc-default-executor-4] INFO  impl.FollowerInfo (FollowerInfo.java:lambda$new$0(51)) - e5cd125e-f61d-45cf-b4cf-a13e4bd3b145@group-B499B5D26DCB->70fbbe32-55c4-4d97-b4b6-a87353a06c87: nextIndex: updateUnconditionally 0 -> 0
2019-10-02 11:31:45,973 [grpc-default-executor-5] WARN  server.GrpcLogAppender (LogUtils.java:warn(134)) - e5cd125e-f61d-45cf-b4cf-a13e4bd3b145@group-B499B5D26DCB->633590d7-4390-4d51-971d-49ea2f910c76-AppendLogResponseHandler: Failed appendEntries: org.apache.ratis.thirdparty.io.grpc.StatusRuntimeException: UNAVAILABLE: io exception
2019-10-02 11:31:45,973 [grpc-default-executor-5] INFO  impl.FollowerInfo (FollowerInfo.java:lambda$new$0(51)) - e5cd125e-f61d-45cf-b4cf-a13e4bd3b145@group-B499B5D26DCB->633590d7-4390-4d51-971d-49ea2f910c76: nextIndex: updateUnconditionally 0 -> 0
2019-10-02 11:31:46,313 [grpc-default-executor-0] WARN  server.GrpcLogAppender (LogUtils.java:warn(134)) - d0a95d8b-e42b-4cc3-af39-f7831f0cb411@group-3B3A82ECA675->b0829514-0e81-4cb8-8158-745b805c48fc-AppendLogResponseHandler: Failed appendEntries: org.apache.ratis.thirdparty.io.grpc.StatusRuntimeException: UNAVAILABLE: io exception
2019-10-02 11:31:46,313 [grpc-default-executor-0] INFO  impl.FollowerInfo (FollowerInfo.java:lambda$new$0(51)) - d0a95d8b-e42b-4cc3-af39-f7831f0cb411@group-3B3A82ECA675->b0829514-0e81-4cb8-8158-745b805c48fc: nextIndex: updateUnconditionally 0 -> 0
2019-10-02 11:31:46,466 [grpc-default-executor-4] WARN  server.GrpcLogAppender (LogUtils.java:warn(134)) - e5cd125e-f61d-45cf-b4cf-a13e4bd3b145@group-B499B5D26DCB->70fbbe32-55c4-4d97-b4b6-a87353a06c87-AppendLogResponseHandler: Failed appendEntries: org.apache.ratis.thirdparty.io.grpc.StatusRuntimeException: UNAVAILABLE: io exception
2019-10-02 11:31:46,467 [grpc-default-executor-4] INFO  impl.FollowerInfo (FollowerInfo.java:lambda$new$0(51)) - e5cd125e-f61d-45cf-b4cf-a13e4bd3b145@group-B499B5D26DCB->70fbbe32-55c4-4d97-b4b6-a87353a06c87: nextIndex: updateUnconditionally 0 -> 0
2019-10-02 11:31:46,473 [grpc-default-executor-5] WARN  server.GrpcLogAppender (LogUtils.java:warn(134)) - e5cd125e-f61d-45cf-b4cf-a13e4bd3b145@group-B499B5D26DCB->633590d7-4390-4d51-971d-49ea2f910c76-AppendLogResponseHandler: Failed appendEntries: org.apache.ratis.thirdparty.io.grpc.StatusRuntimeException: UNAVAILABLE: io exception
2019-10-02 11:31:46,474 [grpc-default-executor-5] INFO  impl.FollowerInfo (FollowerInfo.java:lambda$new$0(51)) - e5cd125e-f61d-45cf-b4cf-a13e4bd3b145@group-B499B5D26DCB->633590d7-4390-4d51-971d-49ea2f910c76: nextIndex: updateUnconditionally 0 -> 0
2019-10-02 11:31:46,813 [grpc-default-executor-0] WARN  server.GrpcLogAppender (LogUtils.java:warn(134)) - d0a95d8b-e42b-4cc3-af39-f7831f0cb411@group-3B3A82ECA675->b0829514-0e81-4cb8-8158-745b805c48fc-AppendLogResponseHandler: Failed appendEntries: org.apache.ratis.thirdparty.io.grpc.StatusRuntimeException: UNAVAILABLE: io exception
2019-10-02 11:31:46,813 [grpc-default-executor-0] INFO  impl.FollowerInfo (FollowerInfo.java:lambda$new$0(51)) - d0a95d8b-e42b-4cc3-af39-f7831f0cb411@group-3B3A82ECA675->b0829514-0e81-4cb8-8158-745b805c48fc: nextIndex: updateUnconditionally 0 -> 0
2019-10-02 11:31:46,967 [grpc-default-executor-4] WARN  server.GrpcLogAppender (LogUtils.java:warn(134)) - e5cd125e-f61d-45cf-b4cf-a13e4bd3b145@group-B499B5D26DCB->70fbbe32-55c4-4d97-b4b6-a87353a06c87-AppendLogResponseHandler: Failed appendEntries: org.apache.ratis.thirdparty.io.grpc.StatusRuntimeException: UNAVAILABLE: io exception
2019-10-02 11:31:46,968 [grpc-default-executor-4] INFO  impl.FollowerInfo (FollowerInfo.java:lambda$new$0(51)) - e5cd125e-f61d-45cf-b4cf-a13e4bd3b145@group-B499B5D26DCB->70fbbe32-55c4-4d97-b4b6-a87353a06c87: nextIndex: updateUnconditionally 0 -> 0
2019-10-02 11:31:46,974 [grpc-default-executor-5] WARN  server.GrpcLogAppender (LogUtils.java:warn(134)) - e5cd125e-f61d-45cf-b4cf-a13e4bd3b145@group-B499B5D26DCB->633590d7-4390-4d51-971d-49ea2f910c76-AppendLogResponseHandler: Failed appendEntries: org.apache.ratis.thirdparty.io.grpc.StatusRuntimeException: UNAVAILABLE: io exception
2019-10-02 11:31:46,974 [grpc-default-executor-5] INFO  impl.FollowerInfo (FollowerInfo.java:lambda$new$0(51)) - e5cd125e-f61d-45cf-b4cf-a13e4bd3b145@group-B499B5D26DCB->633590d7-4390-4d51-971d-49ea2f910c76: nextIndex: updateUnconditionally 0 -> 0
2019-10-02 11:31:47,315 [grpc-default-executor-0] WARN  server.GrpcLogAppender (LogUtils.java:warn(134)) - d0a95d8b-e42b-4cc3-af39-f7831f0cb411@group-3B3A82ECA675->b0829514-0e81-4cb8-8158-745b805c48fc-AppendLogResponseHandler: Failed appendEntries: org.apache.ratis.thirdparty.io.grpc.StatusRuntimeException: UNAVAILABLE: io exception
2019-10-02 11:31:47,316 [grpc-default-executor-0] INFO  impl.FollowerInfo (FollowerInfo.java:lambda$new$0(51)) - d0a95d8b-e42b-4cc3-af39-f7831f0cb411@group-3B3A82ECA675->b0829514-0e81-4cb8-8158-745b805c48fc: nextIndex: updateUnconditionally 0 -> 0
2019-10-02 11:31:47,468 [grpc-default-executor-4] WARN  server.GrpcLogAppender (LogUtils.java:warn(134)) - e5cd125e-f61d-45cf-b4cf-a13e4bd3b145@group-B499B5D26DCB->70fbbe32-55c4-4d97-b4b6-a87353a06c87-AppendLogResponseHandler: Failed appendEntries: org.apache.ratis.thirdparty.io.grpc.StatusRuntimeException: UNAVAILABLE: io exception
2019-10-02 11:31:47,468 [grpc-default-executor-4] INFO  impl.FollowerInfo (FollowerInfo.java:lambda$new$0(51)) - e5cd125e-f61d-45cf-b4cf-a13e4bd3b145@group-B499B5D26DCB->70fbbe32-55c4-4d97-b4b6-a87353a06c87: nextIndex: updateUnconditionally 0 -> 0
2019-10-02 11:31:47,474 [grpc-default-executor-5] WARN  server.GrpcLogAppender (LogUtils.java:warn(134)) - e5cd125e-f61d-45cf-b4cf-a13e4bd3b145@group-B499B5D26DCB->633590d7-4390-4d51-971d-49ea2f910c76-AppendLogResponseHandler: Failed appendEntries: org.apache.ratis.thirdparty.io.grpc.StatusRuntimeException: UNAVAILABLE: io exception
2019-10-02 11:31:47,474 [grpc-default-executor-5] INFO  impl.FollowerInfo (FollowerInfo.java:lambda$new$0(51)) - e5cd125e-f61d-45cf-b4cf-a13e4bd3b145@group-B499B5D26DCB->633590d7-4390-4d51-971d-49ea2f910c76: nextIndex: updateUnconditionally 0 -> 0
2019-10-02 11:31:47,817 [grpc-default-executor-5] WARN  server.GrpcLogAppender (LogUtils.java:warn(134)) - d0a95d8b-e42b-4cc3-af39-f7831f0cb411@group-3B3A82ECA675->b0829514-0e81-4cb8-8158-745b805c48fc-AppendLogResponseHandler: Failed appendEntries: org.apache.ratis.thirdparty.io.grpc.StatusRuntimeException: UNAVAILABLE: io exception
2019-10-02 11:31:47,818 [grpc-default-executor-5] INFO  impl.FollowerInfo (FollowerInfo.java:lambda$new$0(51)) - d0a95d8b-e42b-4cc3-af39-f7831f0cb411@group-3B3A82ECA675->b0829514-0e81-4cb8-8158-745b805c48fc: nextIndex: updateUnconditionally 0 -> 0
2019-10-02 11:31:47,969 [grpc-default-executor-0] WARN  server.GrpcLogAppender (LogUtils.java:warn(134)) - e5cd125e-f61d-45cf-b4cf-a13e4bd3b145@group-B499B5D26DCB->70fbbe32-55c4-4d97-b4b6-a87353a06c87-AppendLogResponseHandler: Failed appendEntries: org.apache.ratis.thirdparty.io.grpc.StatusRuntimeException: UNAVAILABLE: io exception
2019-10-02 11:31:47,969 [grpc-default-executor-0] INFO  impl.FollowerInfo (FollowerInfo.java:lambda$new$0(51)) - e5cd125e-f61d-45cf-b4cf-a13e4bd3b145@group-B499B5D26DCB->70fbbe32-55c4-4d97-b4b6-a87353a06c87: nextIndex: updateUnconditionally 0 -> 0
2019-10-02 11:31:47,975 [grpc-default-executor-0] WARN  server.GrpcLogAppender (LogUtils.java:warn(134)) - e5cd125e-f61d-45cf-b4cf-a13e4bd3b145@group-B499B5D26DCB->633590d7-4390-4d51-971d-49ea2f910c76-AppendLogResponseHandler: Failed appendEntries: org.apache.ratis.thirdparty.io.grpc.StatusRuntimeException: UNAVAILABLE: io exception
2019-10-02 11:31:47,975 [grpc-default-executor-0] INFO  impl.FollowerInfo (FollowerInfo.java:lambda$new$0(51)) - e5cd125e-f61d-45cf-b4cf-a13e4bd3b145@group-B499B5D26DCB->633590d7-4390-4d51-971d-49ea2f910c76: nextIndex: updateUnconditionally 0 -> 0
2019-10-02 11:31:48,174 [main] INFO  handler.ContextHandler (ContextHandler.java:doStop(910)) - Stopped o.e.j.w.WebAppContext@57562473{/,null,UNAVAILABLE}{/hddsDatanode}
2019-10-02 11:31:48,174 [ForkJoinPool.commonPool-worker-1] INFO  handler.ContextHandler (ContextHandler.java:doStop(910)) - Stopped o.e.j.w.WebAppContext@ff23ae7{/,null,UNAVAILABLE}{/hddsDatanode}
2019-10-02 11:31:48,176 [main] INFO  server.AbstractConnector (AbstractConnector.java:doStop(318)) - Stopped ServerConnector@7a360554{HTTP/1.1,[http/1.1]}{0.0.0.0:0}
2019-10-02 11:31:48,176 [ForkJoinPool.commonPool-worker-1] INFO  server.AbstractConnector (AbstractConnector.java:doStop(318)) - Stopped ServerConnector@423b2b62{HTTP/1.1,[http/1.1]}{0.0.0.0:0}
2019-10-02 11:31:48,179 [main] INFO  handler.ContextHandler (ContextHandler.java:doStop(910)) - Stopped o.e.j.s.ServletContextHandler@6f70a21b{/static,jar:file:/home/user/.m2/repository/org/apache/hadoop/hadoop-hdds-container-service/0.5.0-SNAPSHOT/hadoop-hdds-container-service-0.5.0-SNAPSHOT.jar!/webapps/static,UNAVAILABLE}
2019-10-02 11:31:48,180 [ForkJoinPool.commonPool-worker-1] INFO  handler.ContextHandler (ContextHandler.java:doStop(910)) - Stopped o.e.j.s.ServletContextHandler@25aeb5ac{/static,jar:file:/home/user/.m2/repository/org/apache/hadoop/hadoop-hdds-container-service/0.5.0-SNAPSHOT/hadoop-hdds-container-service-0.5.0-SNAPSHOT.jar!/webapps/static,UNAVAILABLE}
2019-10-02 11:31:48,180 [main] INFO  handler.ContextHandler (ContextHandler.java:doStop(910)) - Stopped o.e.j.s.ServletContextHandler@2fcd7d3f{/logs,file:///workdir/hadoop-ozone/integration-test/target/log,UNAVAILABLE}
2019-10-02 11:31:48,182 [ForkJoinPool.commonPool-worker-1] INFO  handler.ContextHandler (ContextHandler.java:doStop(910)) - Stopped o.e.j.s.ServletContextHandler@44cffc25{/logs,file:///workdir/hadoop-ozone/integration-test/target/log,UNAVAILABLE}
2019-10-02 11:31:48,317 [grpc-default-executor-4] WARN  server.GrpcLogAppender (LogUtils.java:warn(134)) - d0a95d8b-e42b-4cc3-af39-f7831f0cb411@group-3B3A82ECA675->b0829514-0e81-4cb8-8158-745b805c48fc-AppendLogResponseHandler: Failed appendEntries: org.apache.ratis.thirdparty.io.grpc.StatusRuntimeException: UNAVAILABLE: io exception
2019-10-02 11:31:48,318 [grpc-default-executor-4] INFO  impl.FollowerInfo (FollowerInfo.java:lambda$new$0(51)) - d0a95d8b-e42b-4cc3-af39-f7831f0cb411@group-3B3A82ECA675->b0829514-0e81-4cb8-8158-745b805c48fc: nextIndex: updateUnconditionally 0 -> 0
2019-10-02 11:31:48,469 [grpc-default-executor-5] WARN  server.GrpcLogAppender (LogUtils.java:warn(134)) - e5cd125e-f61d-45cf-b4cf-a13e4bd3b145@group-B499B5D26DCB->70fbbe32-55c4-4d97-b4b6-a87353a06c87-AppendLogResponseHandler: Failed appendEntries: org.apache.ratis.thirdparty.io.grpc.StatusRuntimeException: UNAVAILABLE: io exception
2019-10-02 11:31:48,469 [grpc-default-executor-5] INFO  impl.FollowerInfo (FollowerInfo.java:lambda$new$0(51)) - e5cd125e-f61d-45cf-b4cf-a13e4bd3b145@group-B499B5D26DCB->70fbbe32-55c4-4d97-b4b6-a87353a06c87: nextIndex: updateUnconditionally 0 -> 0
2019-10-02 11:31:48,475 [grpc-default-executor-0] WARN  server.GrpcLogAppender (LogUtils.java:warn(134)) - e5cd125e-f61d-45cf-b4cf-a13e4bd3b145@group-B499B5D26DCB->633590d7-4390-4d51-971d-49ea2f910c76-AppendLogResponseHandler: Failed appendEntries: org.apache.ratis.thirdparty.io.grpc.StatusRuntimeException: UNAVAILABLE: io exception
2019-10-02 11:31:48,475 [grpc-default-executor-0] INFO  impl.FollowerInfo (FollowerInfo.java:lambda$new$0(51)) - e5cd125e-f61d-45cf-b4cf-a13e4bd3b145@group-B499B5D26DCB->633590d7-4390-4d51-971d-49ea2f910c76: nextIndex: updateUnconditionally 0 -> 0
2019-10-02 11:31:48,730 [Datanode State Machine Thread - 0] INFO  statemachine.DatanodeStateMachine (DatanodeStateMachine.java:lambda$startDaemon$0(350)) - Ozone container server started.
2019-10-02 11:31:48,818 [grpc-default-executor-4] WARN  server.GrpcLogAppender (LogUtils.java:warn(134)) - d0a95d8b-e42b-4cc3-af39-f7831f0cb411@group-3B3A82ECA675->b0829514-0e81-4cb8-8158-745b805c48fc-AppendLogResponseHandler: Failed appendEntries: org.apache.ratis.thirdparty.io.grpc.StatusRuntimeException: UNAVAILABLE: io exception
2019-10-02 11:31:48,818 [grpc-default-executor-4] INFO  impl.FollowerInfo (FollowerInfo.java:lambda$new$0(51)) - d0a95d8b-e42b-4cc3-af39-f7831f0cb411@group-3B3A82ECA675->b0829514-0e81-4cb8-8158-745b805c48fc: nextIndex: updateUnconditionally 0 -> 0
2019-10-02 11:31:48,970 [grpc-default-executor-5] WARN  server.GrpcLogAppender (LogUtils.java:warn(134)) - e5cd125e-f61d-45cf-b4cf-a13e4bd3b145@group-B499B5D26DCB->70fbbe32-55c4-4d97-b4b6-a87353a06c87-AppendLogResponseHandler: Failed appendEntries: org.apache.ratis.thirdparty.io.grpc.StatusRuntimeException: UNAVAILABLE: io exception
2019-10-02 11:31:48,971 [grpc-default-executor-5] INFO  impl.FollowerInfo (FollowerInfo.java:lambda$new$0(51)) - e5cd125e-f61d-45cf-b4cf-a13e4bd3b145@group-B499B5D26DCB->70fbbe32-55c4-4d97-b4b6-a87353a06c87: nextIndex: updateUnconditionally 0 -> 0
2019-10-02 11:31:48,976 [grpc-default-executor-0] WARN  server.GrpcLogAppender (LogUtils.java:warn(134)) - e5cd125e-f61d-45cf-b4cf-a13e4bd3b145@group-B499B5D26DCB->633590d7-4390-4d51-971d-49ea2f910c76-AppendLogResponseHandler: Failed appendEntries: org.apache.ratis.thirdparty.io.grpc.StatusRuntimeException: UNAVAILABLE: io exception
2019-10-02 11:31:48,976 [grpc-default-executor-0] INFO  impl.FollowerInfo (FollowerInfo.java:lambda$new$0(51)) - e5cd125e-f61d-45cf-b4cf-a13e4bd3b145@group-B499B5D26DCB->633590d7-4390-4d51-971d-49ea2f910c76: nextIndex: updateUnconditionally 0 -> 0
2019-10-02 11:31:49,070 [Datanode State Machine Thread - 0] INFO  statemachine.DatanodeStateMachine (DatanodeStateMachine.java:lambda$startDaemon$0(350)) - Ozone container server started.
2019-10-02 11:31:49,318 [grpc-default-executor-4] WARN  server.GrpcLogAppender (LogUtils.java:warn(134)) - d0a95d8b-e42b-4cc3-af39-f7831f0cb411@group-3B3A82ECA675->b0829514-0e81-4cb8-8158-745b805c48fc-AppendLogResponseHandler: Failed appendEntries: org.apache.ratis.thirdparty.io.grpc.StatusRuntimeException: UNAVAILABLE: io exception
2019-10-02 11:31:49,319 [grpc-default-executor-4] INFO  impl.FollowerInfo (FollowerInfo.java:lambda$new$0(51)) - d0a95d8b-e42b-4cc3-af39-f7831f0cb411@group-3B3A82ECA675->b0829514-0e81-4cb8-8158-745b805c48fc: nextIndex: updateUnconditionally 0 -> 0
2019-10-02 11:31:49,470 [grpc-default-executor-5] WARN  server.GrpcLogAppender (LogUtils.java:warn(134)) - e5cd125e-f61d-45cf-b4cf-a13e4bd3b145@group-B499B5D26DCB->70fbbe32-55c4-4d97-b4b6-a87353a06c87-AppendLogResponseHandler: Failed appendEntries: org.apache.ratis.thirdparty.io.grpc.StatusRuntimeException: UNAVAILABLE: io exception
2019-10-02 11:31:49,471 [grpc-default-executor-5] INFO  impl.FollowerInfo (FollowerInfo.java:lambda$new$0(51)) - e5cd125e-f61d-45cf-b4cf-a13e4bd3b145@group-B499B5D26DCB->70fbbe32-55c4-4d97-b4b6-a87353a06c87: nextIndex: updateUnconditionally 0 -> 0
2019-10-02 11:31:49,476 [grpc-default-executor-0] WARN  server.GrpcLogAppender (LogUtils.java:warn(134)) - e5cd125e-f61d-45cf-b4cf-a13e4bd3b145@group-B499B5D26DCB->633590d7-4390-4d51-971d-49ea2f910c76-AppendLogResponseHandler: Failed appendEntries: org.apache.ratis.thirdparty.io.grpc.StatusRuntimeException: UNAVAILABLE: io exception
2019-10-02 11:31:49,477 [grpc-default-executor-0] INFO  impl.FollowerInfo (FollowerInfo.java:lambda$new$0(51)) - e5cd125e-f61d-45cf-b4cf-a13e4bd3b145@group-B499B5D26DCB->633590d7-4390-4d51-971d-49ea2f910c76: nextIndex: updateUnconditionally 0 -> 0
2019-10-02 11:31:49,819 [grpc-default-executor-4] WARN  server.GrpcLogAppender (LogUtils.java:warn(134)) - d0a95d8b-e42b-4cc3-af39-f7831f0cb411@group-3B3A82ECA675->b0829514-0e81-4cb8-8158-745b805c48fc-AppendLogResponseHandler: Failed appendEntries: org.apache.ratis.thirdparty.io.grpc.StatusRuntimeException: UNAVAILABLE: io exception
2019-10-02 11:31:49,819 [grpc-default-executor-4] INFO  impl.FollowerInfo (FollowerInfo.java:lambda$new$0(51)) - d0a95d8b-e42b-4cc3-af39-f7831f0cb411@group-3B3A82ECA675->b0829514-0e81-4cb8-8158-745b805c48fc: nextIndex: updateUnconditionally 0 -> 0
2019-10-02 11:31:49,971 [grpc-default-executor-0] WARN  server.GrpcLogAppender (LogUtils.java:warn(134)) - e5cd125e-f61d-45cf-b4cf-a13e4bd3b145@group-B499B5D26DCB->70fbbe32-55c4-4d97-b4b6-a87353a06c87-AppendLogResponseHandler: Failed appendEntries: org.apache.ratis.thirdparty.io.grpc.StatusRuntimeException: UNAVAILABLE: io exception
2019-10-02 11:31:49,972 [grpc-default-executor-0] INFO  impl.FollowerInfo (FollowerInfo.java:lambda$new$0(51)) - e5cd125e-f61d-45cf-b4cf-a13e4bd3b145@group-B499B5D26DCB->70fbbe32-55c4-4d97-b4b6-a87353a06c87: nextIndex: updateUnconditionally 0 -> 0
2019-10-02 11:31:49,977 [grpc-default-executor-5] WARN  server.GrpcLogAppender (LogUtils.java:warn(134)) - e5cd125e-f61d-45cf-b4cf-a13e4bd3b145@group-B499B5D26DCB->633590d7-4390-4d51-971d-49ea2f910c76-AppendLogResponseHandler: Failed appendEntries: org.apache.ratis.thirdparty.io.grpc.StatusRuntimeException: UNAVAILABLE: io exception
2019-10-02 11:31:49,977 [grpc-default-executor-5] INFO  impl.FollowerInfo (FollowerInfo.java:lambda$new$0(51)) - e5cd125e-f61d-45cf-b4cf-a13e4bd3b145@group-B499B5D26DCB->633590d7-4390-4d51-971d-49ea2f910c76: nextIndex: updateUnconditionally 0 -> 0
2019-10-02 11:31:50,322 [grpc-default-executor-5] WARN  server.GrpcLogAppender (LogUtils.java:warn(134)) - d0a95d8b-e42b-4cc3-af39-f7831f0cb411@group-3B3A82ECA675->b0829514-0e81-4cb8-8158-745b805c48fc-AppendLogResponseHandler: Failed appendEntries: org.apache.ratis.thirdparty.io.grpc.StatusRuntimeException: UNAVAILABLE: io exception
2019-10-02 11:31:50,322 [grpc-default-executor-5] INFO  impl.FollowerInfo (FollowerInfo.java:lambda$new$0(51)) - d0a95d8b-e42b-4cc3-af39-f7831f0cb411@group-3B3A82ECA675->b0829514-0e81-4cb8-8158-745b805c48fc: nextIndex: updateUnconditionally 0 -> 0
2019-10-02 11:31:50,473 [grpc-default-executor-4] WARN  server.GrpcLogAppender (LogUtils.java:warn(134)) - e5cd125e-f61d-45cf-b4cf-a13e4bd3b145@group-B499B5D26DCB->70fbbe32-55c4-4d97-b4b6-a87353a06c87-AppendLogResponseHandler: Failed appendEntries: org.apache.ratis.thirdparty.io.grpc.StatusRuntimeException: UNAVAILABLE: io exception
2019-10-02 11:31:50,473 [grpc-default-executor-4] INFO  impl.FollowerInfo (FollowerInfo.java:lambda$new$0(51)) - e5cd125e-f61d-45cf-b4cf-a13e4bd3b145@group-B499B5D26DCB->70fbbe32-55c4-4d97-b4b6-a87353a06c87: nextIndex: updateUnconditionally 0 -> 0
2019-10-02 11:31:50,477 [grpc-default-executor-0] WARN  server.GrpcLogAppender (LogUtils.java:warn(134)) - e5cd125e-f61d-45cf-b4cf-a13e4bd3b145@group-B499B5D26DCB->633590d7-4390-4d51-971d-49ea2f910c76-AppendLogResponseHandler: Failed appendEntries: org.apache.ratis.thirdparty.io.grpc.StatusRuntimeException: UNAVAILABLE: io exception
2019-10-02 11:31:50,478 [grpc-default-executor-0] INFO  impl.FollowerInfo (FollowerInfo.java:lambda$new$0(51)) - e5cd125e-f61d-45cf-b4cf-a13e4bd3b145@group-B499B5D26DCB->633590d7-4390-4d51-971d-49ea2f910c76: nextIndex: updateUnconditionally 0 -> 0
2019-10-02 11:31:50,822 [grpc-default-executor-5] WARN  server.GrpcLogAppender (LogUtils.java:warn(134)) - d0a95d8b-e42b-4cc3-af39-f7831f0cb411@group-3B3A82ECA675->b0829514-0e81-4cb8-8158-745b805c48fc-AppendLogResponseHandler: Failed appendEntries: org.apache.ratis.thirdparty.io.grpc.StatusRuntimeException: UNAVAILABLE: io exception
2019-10-02 11:31:50,823 [grpc-default-executor-5] INFO  impl.FollowerInfo (FollowerInfo.java:lambda$new$0(51)) - d0a95d8b-e42b-4cc3-af39-f7831f0cb411@group-3B3A82ECA675->b0829514-0e81-4cb8-8158-745b805c48fc: nextIndex: updateUnconditionally 0 -> 0
2019-10-02 11:31:50,975 [grpc-default-executor-4] WARN  server.GrpcLogAppender (LogUtils.java:warn(134)) - e5cd125e-f61d-45cf-b4cf-a13e4bd3b145@group-B499B5D26DCB->70fbbe32-55c4-4d97-b4b6-a87353a06c87-AppendLogResponseHandler: Failed appendEntries: org.apache.ratis.thirdparty.io.grpc.StatusRuntimeException: UNAVAILABLE: io exception
2019-10-02 11:31:50,976 [grpc-default-executor-4] INFO  impl.FollowerInfo (FollowerInfo.java:lambda$new$0(51)) - e5cd125e-f61d-45cf-b4cf-a13e4bd3b145@group-B499B5D26DCB->70fbbe32-55c4-4d97-b4b6-a87353a06c87: nextIndex: updateUnconditionally 0 -> 0
2019-10-02 11:31:50,978 [grpc-default-executor-0] WARN  server.GrpcLogAppender (LogUtils.java:warn(134)) - e5cd125e-f61d-45cf-b4cf-a13e4bd3b145@group-B499B5D26DCB->633590d7-4390-4d51-971d-49ea2f910c76-AppendLogResponseHandler: Failed appendEntries: org.apache.ratis.thirdparty.io.grpc.StatusRuntimeException: UNAVAILABLE: io exception
2019-10-02 11:31:50,978 [grpc-default-executor-0] INFO  impl.FollowerInfo (FollowerInfo.java:lambda$new$0(51)) - e5cd125e-f61d-45cf-b4cf-a13e4bd3b145@group-B499B5D26DCB->633590d7-4390-4d51-971d-49ea2f910c76: nextIndex: updateUnconditionally 0 -> 0
2019-10-02 11:31:51,324 [grpc-default-executor-4] WARN  server.GrpcLogAppender (LogUtils.java:warn(134)) - d0a95d8b-e42b-4cc3-af39-f7831f0cb411@group-3B3A82ECA675->b0829514-0e81-4cb8-8158-745b805c48fc-AppendLogResponseHandler: Failed appendEntries: org.apache.ratis.thirdparty.io.grpc.StatusRuntimeException: UNAVAILABLE: io exception
2019-10-02 11:31:51,325 [grpc-default-executor-4] INFO  impl.FollowerInfo (FollowerInfo.java:lambda$new$0(51)) - d0a95d8b-e42b-4cc3-af39-f7831f0cb411@group-3B3A82ECA675->b0829514-0e81-4cb8-8158-745b805c48fc: nextIndex: updateUnconditionally 0 -> 0
2019-10-02 11:31:51,474 [grpc-default-executor-5] WARN  server.GrpcLogAppender (LogUtils.java:warn(134)) - e5cd125e-f61d-45cf-b4cf-a13e4bd3b145@group-B499B5D26DCB->70fbbe32-55c4-4d97-b4b6-a87353a06c87-AppendLogResponseHandler: Failed appendEntries: org.apache.ratis.thirdparty.io.grpc.StatusRuntimeException: UNAVAILABLE: io exception
2019-10-02 11:31:51,475 [grpc-default-executor-5] INFO  impl.FollowerInfo (FollowerInfo.java:lambda$new$0(51)) - e5cd125e-f61d-45cf-b4cf-a13e4bd3b145@group-B499B5D26DCB->70fbbe32-55c4-4d97-b4b6-a87353a06c87: nextIndex: updateUnconditionally 0 -> 0
2019-10-02 11:31:51,478 [grpc-default-executor-0] WARN  server.GrpcLogAppender (LogUtils.java:warn(134)) - e5cd125e-f61d-45cf-b4cf-a13e4bd3b145@group-B499B5D26DCB->633590d7-4390-4d51-971d-49ea2f910c76-AppendLogResponseHandler: Failed appendEntries: org.apache.ratis.thirdparty.io.grpc.StatusRuntimeException: UNAVAILABLE: io exception
2019-10-02 11:31:51,479 [grpc-default-executor-0] INFO  impl.FollowerInfo (FollowerInfo.java:lambda$new$0(51)) - e5cd125e-f61d-45cf-b4cf-a13e4bd3b145@group-B499B5D26DCB->633590d7-4390-4d51-971d-49ea2f910c76: nextIndex: updateUnconditionally 0 -> 0
2019-10-02 11:31:51,824 [grpc-default-executor-0] WARN  server.GrpcLogAppender (LogUtils.java:warn(134)) - d0a95d8b-e42b-4cc3-af39-f7831f0cb411@group-3B3A82ECA675->b0829514-0e81-4cb8-8158-745b805c48fc-AppendLogResponseHandler: Failed appendEntries: org.apache.ratis.thirdparty.io.grpc.StatusRuntimeException: UNAVAILABLE: io exception
2019-10-02 11:31:51,824 [grpc-default-executor-0] INFO  impl.FollowerInfo (FollowerInfo.java:lambda$new$0(51)) - d0a95d8b-e42b-4cc3-af39-f7831f0cb411@group-3B3A82ECA675->b0829514-0e81-4cb8-8158-745b805c48fc: nextIndex: updateUnconditionally 0 -> 0
2019-10-02 11:31:51,975 [grpc-default-executor-4] WARN  server.GrpcLogAppender (LogUtils.java:warn(134)) - e5cd125e-f61d-45cf-b4cf-a13e4bd3b145@group-B499B5D26DCB->70fbbe32-55c4-4d97-b4b6-a87353a06c87-AppendLogResponseHandler: Failed appendEntries: org.apache.ratis.thirdparty.io.grpc.StatusRuntimeException: UNAVAILABLE: io exception
2019-10-02 11:31:51,975 [grpc-default-executor-4] INFO  impl.FollowerInfo (FollowerInfo.java:lambda$new$0(51)) - e5cd125e-f61d-45cf-b4cf-a13e4bd3b145@group-B499B5D26DCB->70fbbe32-55c4-4d97-b4b6-a87353a06c87: nextIndex: updateUnconditionally 0 -> 0
2019-10-02 11:31:51,978 [grpc-default-executor-5] WARN  server.GrpcLogAppender (LogUtils.java:warn(134)) - e5cd125e-f61d-45cf-b4cf-a13e4bd3b145@group-B499B5D26DCB->633590d7-4390-4d51-971d-49ea2f910c76-AppendLogResponseHandler: Failed appendEntries: org.apache.ratis.thirdparty.io.grpc.StatusRuntimeException: UNAVAILABLE: io exception
2019-10-02 11:31:51,979 [grpc-default-executor-5] INFO  impl.FollowerInfo (FollowerInfo.java:lambda$new$0(51)) - e5cd125e-f61d-45cf-b4cf-a13e4bd3b145@group-B499B5D26DCB->633590d7-4390-4d51-971d-49ea2f910c76: nextIndex: updateUnconditionally 0 -> 0
2019-10-02 11:31:52,325 [grpc-default-executor-0] WARN  server.GrpcLogAppender (LogUtils.java:warn(134)) - d0a95d8b-e42b-4cc3-af39-f7831f0cb411@group-3B3A82ECA675->b0829514-0e81-4cb8-8158-745b805c48fc-AppendLogResponseHandler: Failed appendEntries: org.apache.ratis.thirdparty.io.grpc.StatusRuntimeException: UNAVAILABLE: io exception
2019-10-02 11:31:52,325 [grpc-default-executor-0] INFO  impl.FollowerInfo (FollowerInfo.java:lambda$new$0(51)) - d0a95d8b-e42b-4cc3-af39-f7831f0cb411@group-3B3A82ECA675->b0829514-0e81-4cb8-8158-745b805c48fc: nextIndex: updateUnconditionally 0 -> 0
2019-10-02 11:31:52,476 [grpc-default-executor-4] WARN  server.GrpcLogAppender (LogUtils.java:warn(134)) - e5cd125e-f61d-45cf-b4cf-a13e4bd3b145@group-B499B5D26DCB->70fbbe32-55c4-4d97-b4b6-a87353a06c87-AppendLogResponseHandler: Failed appendEntries: org.apache.ratis.thirdparty.io.grpc.StatusRuntimeException: UNAVAILABLE: io exception
2019-10-02 11:31:52,476 [grpc-default-executor-4] INFO  impl.FollowerInfo (FollowerInfo.java:lambda$new$0(51)) - e5cd125e-f61d-45cf-b4cf-a13e4bd3b145@group-B499B5D26DCB->70fbbe32-55c4-4d97-b4b6-a87353a06c87: nextIndex: updateUnconditionally 0 -> 0
2019-10-02 11:31:52,479 [grpc-default-executor-5] WARN  server.GrpcLogAppender (LogUtils.java:warn(134)) - e5cd125e-f61d-45cf-b4cf-a13e4bd3b145@group-B499B5D26DCB->633590d7-4390-4d51-971d-49ea2f910c76-AppendLogResponseHandler: Failed appendEntries: org.apache.ratis.thirdparty.io.grpc.StatusRuntimeException: UNAVAILABLE: io exception
2019-10-02 11:31:52,480 [grpc-default-executor-5] INFO  impl.FollowerInfo (FollowerInfo.java:lambda$new$0(51)) - e5cd125e-f61d-45cf-b4cf-a13e4bd3b145@group-B499B5D26DCB->633590d7-4390-4d51-971d-49ea2f910c76: nextIndex: updateUnconditionally 0 -> 0
2019-10-02 11:31:52,825 [grpc-default-executor-0] WARN  server.GrpcLogAppender (LogUtils.java:warn(134)) - d0a95d8b-e42b-4cc3-af39-f7831f0cb411@group-3B3A82ECA675->b0829514-0e81-4cb8-8158-745b805c48fc-AppendLogResponseHandler: Failed appendEntries: org.apache.ratis.thirdparty.io.grpc.StatusRuntimeException: UNAVAILABLE: io exception
2019-10-02 11:31:52,826 [grpc-default-executor-0] INFO  impl.FollowerInfo (FollowerInfo.java:lambda$new$0(51)) - d0a95d8b-e42b-4cc3-af39-f7831f0cb411@group-3B3A82ECA675->b0829514-0e81-4cb8-8158-745b805c48fc: nextIndex: updateUnconditionally 0 -> 0
2019-10-02 11:31:52,977 [grpc-default-executor-4] WARN  server.GrpcLogAppender (LogUtils.java:warn(134)) - e5cd125e-f61d-45cf-b4cf-a13e4bd3b145@group-B499B5D26DCB->70fbbe32-55c4-4d97-b4b6-a87353a06c87-AppendLogResponseHandler: Failed appendEntries: org.apache.ratis.thirdparty.io.grpc.StatusRuntimeException: UNAVAILABLE: io exception
2019-10-02 11:31:52,977 [grpc-default-executor-4] INFO  impl.FollowerInfo (FollowerInfo.java:lambda$new$0(51)) - e5cd125e-f61d-45cf-b4cf-a13e4bd3b145@group-B499B5D26DCB->70fbbe32-55c4-4d97-b4b6-a87353a06c87: nextIndex: updateUnconditionally 0 -> 0
2019-10-02 11:31:52,979 [grpc-default-executor-5] WARN  server.GrpcLogAppender (LogUtils.java:warn(134)) - e5cd125e-f61d-45cf-b4cf-a13e4bd3b145@group-B499B5D26DCB->633590d7-4390-4d51-971d-49ea2f910c76-AppendLogResponseHandler: Failed appendEntries: org.apache.ratis.thirdparty.io.grpc.StatusRuntimeException: UNAVAILABLE: io exception
2019-10-02 11:31:52,980 [grpc-default-executor-5] INFO  impl.FollowerInfo (FollowerInfo.java:lambda$new$0(51)) - e5cd125e-f61d-45cf-b4cf-a13e4bd3b145@group-B499B5D26DCB->633590d7-4390-4d51-971d-49ea2f910c76: nextIndex: updateUnconditionally 0 -> 0
2019-10-02 11:31:53,186 [main] INFO  ozoneimpl.OzoneContainer (OzoneContainer.java:stop(231)) - Attempting to stop container services.
2019-10-02 11:31:53,186 [ForkJoinPool.commonPool-worker-1] INFO  ozoneimpl.OzoneContainer (OzoneContainer.java:stop(231)) - Attempting to stop container services.
2019-10-02 11:31:53,187 [main] INFO  impl.RaftServerProxy (RaftServerProxy.java:lambda$close$4(314)) - e5cd125e-f61d-45cf-b4cf-a13e4bd3b145: close
2019-10-02 11:31:53,187 [ForkJoinPool.commonPool-worker-1] INFO  impl.RaftServerProxy (RaftServerProxy.java:lambda$close$4(314)) - 13f7021c-1bd2-4a97-8ed8-c7de3e147eb3: close
2019-10-02 11:31:53,187 [main] INFO  impl.RaftServerImpl (RaftServerImpl.java:lambda$shutdown$3(251)) - e5cd125e-f61d-45cf-b4cf-a13e4bd3b145@group-B499B5D26DCB: shutdown
2019-10-02 11:31:53,187 [ForkJoinPool.commonPool-worker-1] INFO  impl.RaftServerImpl (RaftServerImpl.java:lambda$shutdown$3(251)) - 13f7021c-1bd2-4a97-8ed8-c7de3e147eb3@group-018A256E0AB5: shutdown
2019-10-02 11:31:53,187 [main] INFO  util.JmxRegister (JmxRegister.java:unregister(73)) - Successfully un-registered JMX Bean with object name Ratis:service=RaftServer,group=group-B499B5D26DCB,id=e5cd125e-f61d-45cf-b4cf-a13e4bd3b145
2019-10-02 11:31:53,188 [ForkJoinPool.commonPool-worker-1] INFO  util.JmxRegister (JmxRegister.java:unregister(73)) - Successfully un-registered JMX Bean with object name Ratis:service=RaftServer,group=group-018A256E0AB5,id=13f7021c-1bd2-4a97-8ed8-c7de3e147eb3
2019-10-02 11:31:53,188 [main] INFO  impl.RoleInfo (RoleInfo.java:shutdownLeaderState(104)) - e5cd125e-f61d-45cf-b4cf-a13e4bd3b145: shutdown LeaderState
2019-10-02 11:31:53,188 [ForkJoinPool.commonPool-worker-1] INFO  impl.RoleInfo (RoleInfo.java:shutdownLeaderState(104)) - 13f7021c-1bd2-4a97-8ed8-c7de3e147eb3: shutdown LeaderState
2019-10-02 11:31:53,191 [org.apache.ratis.server.impl.LogAppender$AppenderDaemon$$Lambda$748/1426024835@35aeb91c] WARN  server.GrpcLogAppender (GrpcLogAppender.java:mayWait(143)) - e5cd125e-f61d-45cf-b4cf-a13e4bd3b145@group-B499B5D26DCB->70fbbe32-55c4-4d97-b4b6-a87353a06c87-GrpcLogAppender: Wait interrupted by java.lang.InterruptedException
2019-10-02 11:31:53,191 [main] INFO  impl.PendingRequests (PendingRequests.java:sendNotLeaderResponses(202)) - e5cd125e-f61d-45cf-b4cf-a13e4bd3b145-PendingRequests: sendNotLeaderResponses
2019-10-02 11:31:53,191 [org.apache.ratis.server.impl.LogAppender$AppenderDaemon$$Lambda$748/1426024835@2334e36f] WARN  server.GrpcLogAppender (GrpcLogAppender.java:mayWait(143)) - e5cd125e-f61d-45cf-b4cf-a13e4bd3b145@group-B499B5D26DCB->633590d7-4390-4d51-971d-49ea2f910c76-GrpcLogAppender: Wait interrupted by java.lang.InterruptedException
2019-10-02 11:31:53,191 [ForkJoinPool.commonPool-worker-1] INFO  impl.PendingRequests (PendingRequests.java:sendNotLeaderResponses(202)) - 13f7021c-1bd2-4a97-8ed8-c7de3e147eb3-PendingRequests: sendNotLeaderResponses
2019-10-02 11:31:53,195 [ForkJoinPool.commonPool-worker-1] INFO  impl.StateMachineUpdater (StateMachineUpdater.java:stopAndJoin(125)) - 13f7021c-1bd2-4a97-8ed8-c7de3e147eb3@group-018A256E0AB5-StateMachineUpdater: set stopIndex = 0
2019-10-02 11:31:53,197 [e5cd125e-f61d-45cf-b4cf-a13e4bd3b145@group-B499B5D26DCB-StateMachineUpdater] INFO  ratis.ContainerStateMachine (ContainerStateMachine.java:takeSnapshot(289)) - group-B499B5D26DCB: Taking a snapshot at:(t:1, i:1) file /workdir/hadoop-ozone/integration-test/target/test-dir/MiniOzoneClusterImpl-5dc4b805-dc02-409a-84a0-03630345a4d3/datanode-9/data/ratis/ea0c0fbb-c99e-4d21-b5e3-b499b5d26dcb/sm/snapshot.1_1
2019-10-02 11:31:53,196 [main] INFO  impl.StateMachineUpdater (StateMachineUpdater.java:stopAndJoin(125)) - e5cd125e-f61d-45cf-b4cf-a13e4bd3b145@group-B499B5D26DCB-StateMachineUpdater: set stopIndex = 2
2019-10-02 11:31:53,197 [ForkJoinPool.commonPool-worker-1] INFO  impl.RaftServerImpl (ServerState.java:close(385)) - 13f7021c-1bd2-4a97-8ed8-c7de3e147eb3@group-018A256E0AB5: closes. applyIndex: 0
2019-10-02 11:31:53,197 [13f7021c-1bd2-4a97-8ed8-c7de3e147eb3@group-018A256E0AB5-SegmentedRaftLogWorker] INFO  segmented.SegmentedRaftLogWorker (SegmentedRaftLogWorker.java:run(313)) - 13f7021c-1bd2-4a97-8ed8-c7de3e147eb3@group-018A256E0AB5-SegmentedRaftLogWorker was interrupted, exiting. There are 0 tasks remaining in the queue.
2019-10-02 11:31:53,198 [ForkJoinPool.commonPool-worker-1] INFO  segmented.SegmentedRaftLogWorker (SegmentedRaftLogWorker.java:close(228)) - 13f7021c-1bd2-4a97-8ed8-c7de3e147eb3@group-018A256E0AB5-SegmentedRaftLogWorker close()
2019-10-02 11:31:53,199 [ForkJoinPool.commonPool-worker-1] INFO  server.GrpcService (GrpcService.java:closeImpl(164)) - 13f7021c-1bd2-4a97-8ed8-c7de3e147eb3: shutdown server with port 43168 now
2019-10-02 11:31:53,201 [ForkJoinPool.commonPool-worker-1] INFO  server.GrpcService (GrpcService.java:closeImpl(172)) - 13f7021c-1bd2-4a97-8ed8-c7de3e147eb3: shutdown server with port 43168 successfully
2019-10-02 11:31:53,208 [refreshUsed-/workdir/hadoop-ozone/integration-test/target/test-dir/MiniOzoneClusterImpl-5dc4b805-dc02-409a-84a0-03630345a4d3/datanode-0/data/containers] WARN  fs.CachingGetSpaceUsed (CachingGetSpaceUsed.java:run(183)) - Thread Interrupted waiting to refresh disk information: sleep interrupted
2019-10-02 11:31:53,209 [e5cd125e-f61d-45cf-b4cf-a13e4bd3b145@group-B499B5D26DCB-StateMachineUpdater] INFO  ratis.ContainerStateMachine (ContainerStateMachine.java:takeSnapshot(300)) - group-B499B5D26DCB: Finished taking a snapshot at:(t:1, i:1) file:/workdir/hadoop-ozone/integration-test/target/test-dir/MiniOzoneClusterImpl-5dc4b805-dc02-409a-84a0-03630345a4d3/datanode-9/data/ratis/ea0c0fbb-c99e-4d21-b5e3-b499b5d26dcb/sm/snapshot.1_1 time:13
2019-10-02 11:31:53,209 [e5cd125e-f61d-45cf-b4cf-a13e4bd3b145@group-B499B5D26DCB-StateMachineUpdater] INFO  impl.StateMachineUpdater (StateMachineUpdater.java:takeSnapshot(258)) - e5cd125e-f61d-45cf-b4cf-a13e4bd3b145@group-B499B5D26DCB-StateMachineUpdater: Took a snapshot at index 1
2019-10-02 11:31:53,209 [e5cd125e-f61d-45cf-b4cf-a13e4bd3b145@group-B499B5D26DCB-StateMachineUpdater] INFO  impl.StateMachineUpdater (StateMachineUpdater.java:lambda$new$0(83)) - e5cd125e-f61d-45cf-b4cf-a13e4bd3b145@group-B499B5D26DCB-StateMachineUpdater: snapshotIndex: updateIncreasingly -1 -> 1
2019-10-02 11:31:53,210 [e5cd125e-f61d-45cf-b4cf-a13e4bd3b145@group-B499B5D26DCB-StateMachineUpdater] INFO  ratis.ContainerStateMachine (ContainerStateMachine.java:takeSnapshot(289)) - group-B499B5D26DCB: Taking a snapshot at:(t:1, i:1) file /workdir/hadoop-ozone/integration-test/target/test-dir/MiniOzoneClusterImpl-5dc4b805-dc02-409a-84a0-03630345a4d3/datanode-9/data/ratis/ea0c0fbb-c99e-4d21-b5e3-b499b5d26dcb/sm/snapshot.1_1
2019-10-02 11:31:53,224 [e5cd125e-f61d-45cf-b4cf-a13e4bd3b145@group-B499B5D26DCB-StateMachineUpdater] INFO  ratis.ContainerStateMachine (ContainerStateMachine.java:takeSnapshot(300)) - group-B499B5D26DCB: Finished taking a snapshot at:(t:1, i:1) file:/workdir/hadoop-ozone/integration-test/target/test-dir/MiniOzoneClusterImpl-5dc4b805-dc02-409a-84a0-03630345a4d3/datanode-9/data/ratis/ea0c0fbb-c99e-4d21-b5e3-b499b5d26dcb/sm/snapshot.1_1 time:15
2019-10-02 11:31:53,225 [e5cd125e-f61d-45cf-b4cf-a13e4bd3b145@group-B499B5D26DCB-StateMachineUpdater] INFO  impl.StateMachineUpdater (StateMachineUpdater.java:takeSnapshot(258)) - e5cd125e-f61d-45cf-b4cf-a13e4bd3b145@group-B499B5D26DCB-StateMachineUpdater: Took a snapshot at index 1
2019-10-02 11:31:53,225 [e5cd125e-f61d-45cf-b4cf-a13e4bd3b145@group-B499B5D26DCB-StateMachineUpdater] INFO  impl.StateMachineUpdater (StateMachineUpdater.java:lambda$new$0(83)) - e5cd125e-f61d-45cf-b4cf-a13e4bd3b145@group-B499B5D26DCB-StateMachineUpdater: snapshotIndex: updateIncreasingly 1 -> 1
2019-10-02 11:31:53,225 [main] INFO  impl.RaftServerImpl (ServerState.java:close(385)) - e5cd125e-f61d-45cf-b4cf-a13e4bd3b145@group-B499B5D26DCB: closes. applyIndex: 2
2019-10-02 11:31:53,226 [e5cd125e-f61d-45cf-b4cf-a13e4bd3b145@group-B499B5D26DCB-SegmentedRaftLogWorker] INFO  segmented.SegmentedRaftLogWorker (SegmentedRaftLogWorker.java:run(313)) - e5cd125e-f61d-45cf-b4cf-a13e4bd3b145@group-B499B5D26DCB-SegmentedRaftLogWorker was interrupted, exiting. There are 0 tasks remaining in the queue.
2019-10-02 11:31:53,226 [main] INFO  segmented.SegmentedRaftLogWorker (SegmentedRaftLogWorker.java:close(228)) - e5cd125e-f61d-45cf-b4cf-a13e4bd3b145@group-B499B5D26DCB-SegmentedRaftLogWorker close()
2019-10-02 11:31:53,227 [main] INFO  impl.RaftServerImpl (RaftServerImpl.java:lambda$shutdown$3(251)) - e5cd125e-f61d-45cf-b4cf-a13e4bd3b145@group-65ABB48B6019: shutdown
2019-10-02 11:31:53,227 [main] INFO  util.JmxRegister (JmxRegister.java:unregister(73)) - Successfully un-registered JMX Bean with object name Ratis:service=RaftServer,group=group-65ABB48B6019,id=e5cd125e-f61d-45cf-b4cf-a13e4bd3b145
2019-10-02 11:31:53,227 [main] INFO  impl.RoleInfo (RoleInfo.java:shutdownLeaderState(104)) - e5cd125e-f61d-45cf-b4cf-a13e4bd3b145: shutdown LeaderState
2019-10-02 11:31:53,228 [main] INFO  impl.PendingRequests (PendingRequests.java:sendNotLeaderResponses(202)) - e5cd125e-f61d-45cf-b4cf-a13e4bd3b145-PendingRequests: sendNotLeaderResponses
2019-10-02 11:31:53,228 [main] INFO  impl.StateMachineUpdater (StateMachineUpdater.java:stopAndJoin(125)) - e5cd125e-f61d-45cf-b4cf-a13e4bd3b145@group-65ABB48B6019-StateMachineUpdater: set stopIndex = 0
2019-10-02 11:31:53,228 [main] INFO  impl.RaftServerImpl (ServerState.java:close(385)) - e5cd125e-f61d-45cf-b4cf-a13e4bd3b145@group-65ABB48B6019: closes. applyIndex: 0
2019-10-02 11:31:53,229 [e5cd125e-f61d-45cf-b4cf-a13e4bd3b145@group-65ABB48B6019-SegmentedRaftLogWorker] INFO  segmented.SegmentedRaftLogWorker (SegmentedRaftLogWorker.java:run(313)) - e5cd125e-f61d-45cf-b4cf-a13e4bd3b145@group-65ABB48B6019-SegmentedRaftLogWorker was interrupted, exiting. There are 0 tasks remaining in the queue.
2019-10-02 11:31:53,229 [main] INFO  segmented.SegmentedRaftLogWorker (SegmentedRaftLogWorker.java:close(228)) - e5cd125e-f61d-45cf-b4cf-a13e4bd3b145@group-65ABB48B6019-SegmentedRaftLogWorker close()
2019-10-02 11:31:53,230 [main] INFO  server.GrpcService (GrpcService.java:closeImpl(164)) - e5cd125e-f61d-45cf-b4cf-a13e4bd3b145: shutdown server with port 36084 now
2019-10-02 11:31:53,230 [ForkJoinPool.commonPool-worker-1] INFO  utils.BackgroundService (BackgroundService.java:shutdown(148)) - Shutting down service BlockDeletingService
2019-10-02 11:31:53,230 [main] INFO  server.GrpcService (GrpcService.java:closeImpl(172)) - e5cd125e-f61d-45cf-b4cf-a13e4bd3b145: shutdown server with port 36084 successfully
2019-10-02 11:31:53,234 [ForkJoinPool.commonPool-worker-1] INFO  statemachine.DatanodeStateMachine (DatanodeStateMachine.java:stopDaemon(395)) - Ozone container server stopped.
2019-10-02 11:31:53,239 [refreshUsed-/workdir/hadoop-ozone/integration-test/target/test-dir/MiniOzoneClusterImpl-5dc4b805-dc02-409a-84a0-03630345a4d3/datanode-9/data/containers] WARN  fs.CachingGetSpaceUsed (CachingGetSpaceUsed.java:run(183)) - Thread Interrupted waiting to refresh disk information: sleep interrupted
2019-10-02 11:31:53,250 [main] INFO  utils.BackgroundService (BackgroundService.java:shutdown(148)) - Shutting down service BlockDeletingService
2019-10-02 11:31:53,254 [main] INFO  statemachine.DatanodeStateMachine (DatanodeStateMachine.java:stopDaemon(395)) - Ozone container server stopped.
2019-10-02 11:31:53,326 [grpc-default-executor-0] WARN  server.GrpcLogAppender (LogUtils.java:warn(134)) - d0a95d8b-e42b-4cc3-af39-f7831f0cb411@group-3B3A82ECA675->b0829514-0e81-4cb8-8158-745b805c48fc-AppendLogResponseHandler: Failed appendEntries: org.apache.ratis.thirdparty.io.grpc.StatusRuntimeException: UNAVAILABLE: io exception
2019-10-02 11:31:53,327 [grpc-default-executor-0] INFO  impl.FollowerInfo (FollowerInfo.java:lambda$new$0(51)) - d0a95d8b-e42b-4cc3-af39-f7831f0cb411@group-3B3A82ECA675->b0829514-0e81-4cb8-8158-745b805c48fc: nextIndex: updateUnconditionally 0 -> 0
2019-10-02 11:31:53,827 [grpc-default-executor-0] WARN  server.GrpcLogAppender (LogUtils.java:warn(134)) - d0a95d8b-e42b-4cc3-af39-f7831f0cb411@group-3B3A82ECA675->b0829514-0e81-4cb8-8158-745b805c48fc-AppendLogResponseHandler: Failed appendEntries: org.apache.ratis.thirdparty.io.grpc.StatusRuntimeException: UNAVAILABLE: io exception
2019-10-02 11:31:53,828 [grpc-default-executor-0] INFO  impl.FollowerInfo (FollowerInfo.java:lambda$new$0(51)) - d0a95d8b-e42b-4cc3-af39-f7831f0cb411@group-3B3A82ECA675->b0829514-0e81-4cb8-8158-745b805c48fc: nextIndex: updateUnconditionally 0 -> 0
2019-10-02 11:31:53,901 [main] INFO  handler.ContextHandler (ContextHandler.java:doStop(910)) - Stopped o.e.j.w.WebAppContext@440e3ce6{/,null,UNAVAILABLE}{/hddsDatanode}
2019-10-02 11:31:53,902 [ForkJoinPool.commonPool-worker-1] INFO  handler.ContextHandler (ContextHandler.java:doStop(910)) - Stopped o.e.j.w.WebAppContext@6981f8f3{/,null,UNAVAILABLE}{/hddsDatanode}
2019-10-02 11:31:53,903 [main] INFO  server.AbstractConnector (AbstractConnector.java:doStop(318)) - Stopped ServerConnector@3e67f5f2{HTTP/1.1,[http/1.1]}{0.0.0.0:0}
2019-10-02 11:31:53,903 [ForkJoinPool.commonPool-worker-1] INFO  server.AbstractConnector (AbstractConnector.java:doStop(318)) - Stopped ServerConnector@623dcf2a{HTTP/1.1,[http/1.1]}{0.0.0.0:0}
2019-10-02 11:31:53,904 [main] INFO  handler.ContextHandler (ContextHandler.java:doStop(910)) - Stopped o.e.j.s.ServletContextHandler@ed91d8d{/static,jar:file:/home/user/.m2/repository/org/apache/hadoop/hadoop-hdds-container-service/0.5.0-SNAPSHOT/hadoop-hdds-container-service-0.5.0-SNAPSHOT.jar!/webapps/static,UNAVAILABLE}
2019-10-02 11:31:53,904 [ForkJoinPool.commonPool-worker-1] INFO  handler.ContextHandler (ContextHandler.java:doStop(910)) - Stopped o.e.j.s.ServletContextHandler@227a47{/static,jar:file:/home/user/.m2/repository/org/apache/hadoop/hadoop-hdds-container-service/0.5.0-SNAPSHOT/hadoop-hdds-container-service-0.5.0-SNAPSHOT.jar!/webapps/static,UNAVAILABLE}
2019-10-02 11:31:53,905 [main] INFO  handler.ContextHandler (ContextHandler.java:doStop(910)) - Stopped o.e.j.s.ServletContextHandler@59bbe88a{/logs,file:///workdir/hadoop-ozone/integration-test/target/log,UNAVAILABLE}
2019-10-02 11:31:53,906 [ForkJoinPool.commonPool-worker-1] INFO  handler.ContextHandler (ContextHandler.java:doStop(910)) - Stopped o.e.j.s.ServletContextHandler@3968bc60{/logs,file:///workdir/hadoop-ozone/integration-test/target/log,UNAVAILABLE}
2019-10-02 11:31:54,327 [grpc-default-executor-5] WARN  server.GrpcLogAppender (LogUtils.java:warn(134)) - d0a95d8b-e42b-4cc3-af39-f7831f0cb411@group-3B3A82ECA675->b0829514-0e81-4cb8-8158-745b805c48fc-AppendLogResponseHandler: Failed appendEntries: org.apache.ratis.thirdparty.io.grpc.StatusRuntimeException: UNAVAILABLE: io exception
2019-10-02 11:31:54,327 [grpc-default-executor-5] INFO  impl.FollowerInfo (FollowerInfo.java:lambda$new$0(51)) - d0a95d8b-e42b-4cc3-af39-f7831f0cb411@group-3B3A82ECA675->b0829514-0e81-4cb8-8158-745b805c48fc: nextIndex: updateUnconditionally 0 -> 0
2019-10-02 11:31:54,655 [Datanode State Machine Thread - 0] INFO  statemachine.DatanodeStateMachine (DatanodeStateMachine.java:lambda$startDaemon$0(350)) - Ozone container server started.
2019-10-02 11:31:54,657 [Datanode State Machine Thread - 0] INFO  statemachine.DatanodeStateMachine (DatanodeStateMachine.java:lambda$startDaemon$0(350)) - Ozone container server started.
2019-10-02 11:31:54,828 [grpc-default-executor-4] WARN  server.GrpcLogAppender (LogUtils.java:warn(134)) - d0a95d8b-e42b-4cc3-af39-f7831f0cb411@group-3B3A82ECA675->b0829514-0e81-4cb8-8158-745b805c48fc-AppendLogResponseHandler: Failed appendEntries: org.apache.ratis.thirdparty.io.grpc.StatusRuntimeException: UNAVAILABLE: io exception
2019-10-02 11:31:54,829 [grpc-default-executor-4] INFO  impl.FollowerInfo (FollowerInfo.java:lambda$new$0(51)) - d0a95d8b-e42b-4cc3-af39-f7831f0cb411@group-3B3A82ECA675->b0829514-0e81-4cb8-8158-745b805c48fc: nextIndex: updateUnconditionally 0 -> 0
2019-10-02 11:31:55,329 [grpc-default-executor-0] WARN  server.GrpcLogAppender (LogUtils.java:warn(134)) - d0a95d8b-e42b-4cc3-af39-f7831f0cb411@group-3B3A82ECA675->b0829514-0e81-4cb8-8158-745b805c48fc-AppendLogResponseHandler: Failed appendEntries: org.apache.ratis.thirdparty.io.grpc.StatusRuntimeException: UNAVAILABLE: io exception
2019-10-02 11:31:55,329 [grpc-default-executor-0] INFO  impl.FollowerInfo (FollowerInfo.java:lambda$new$0(51)) - d0a95d8b-e42b-4cc3-af39-f7831f0cb411@group-3B3A82ECA675->b0829514-0e81-4cb8-8158-745b805c48fc: nextIndex: updateUnconditionally 0 -> 0
2019-10-02 11:31:55,829 [grpc-default-executor-0] WARN  server.GrpcLogAppender (LogUtils.java:warn(134)) - d0a95d8b-e42b-4cc3-af39-f7831f0cb411@group-3B3A82ECA675->b0829514-0e81-4cb8-8158-745b805c48fc-AppendLogResponseHandler: Failed appendEntries: org.apache.ratis.thirdparty.io.grpc.StatusRuntimeException: UNAVAILABLE: io exception
2019-10-02 11:31:55,830 [grpc-default-executor-0] INFO  impl.FollowerInfo (FollowerInfo.java:lambda$new$0(51)) - d0a95d8b-e42b-4cc3-af39-f7831f0cb411@group-3B3A82ECA675->b0829514-0e81-4cb8-8158-745b805c48fc: nextIndex: updateUnconditionally 0 -> 0
2019-10-02 11:31:56,331 [grpc-default-executor-0] WARN  server.GrpcLogAppender (LogUtils.java:warn(134)) - d0a95d8b-e42b-4cc3-af39-f7831f0cb411@group-3B3A82ECA675->b0829514-0e81-4cb8-8158-745b805c48fc-AppendLogResponseHandler: Failed appendEntries: org.apache.ratis.thirdparty.io.grpc.StatusRuntimeException: UNAVAILABLE: io exception
2019-10-02 11:31:56,332 [grpc-default-executor-0] INFO  impl.FollowerInfo (FollowerInfo.java:lambda$new$0(51)) - d0a95d8b-e42b-4cc3-af39-f7831f0cb411@group-3B3A82ECA675->b0829514-0e81-4cb8-8158-745b805c48fc: nextIndex: updateUnconditionally 0 -> 0
2019-10-02 11:31:56,833 [grpc-default-executor-5] WARN  server.GrpcLogAppender (LogUtils.java:warn(134)) - d0a95d8b-e42b-4cc3-af39-f7831f0cb411@group-3B3A82ECA675->b0829514-0e81-4cb8-8158-745b805c48fc-AppendLogResponseHandler: Failed appendEntries: org.apache.ratis.thirdparty.io.grpc.StatusRuntimeException: UNAVAILABLE: io exception
2019-10-02 11:31:56,834 [grpc-default-executor-5] INFO  impl.FollowerInfo (FollowerInfo.java:lambda$new$0(51)) - d0a95d8b-e42b-4cc3-af39-f7831f0cb411@group-3B3A82ECA675->b0829514-0e81-4cb8-8158-745b805c48fc: nextIndex: updateUnconditionally 0 -> 0
2019-10-02 11:31:57,336 [grpc-default-executor-5] WARN  server.GrpcLogAppender (LogUtils.java:warn(134)) - d0a95d8b-e42b-4cc3-af39-f7831f0cb411@group-3B3A82ECA675->b0829514-0e81-4cb8-8158-745b805c48fc-AppendLogResponseHandler: Failed appendEntries: org.apache.ratis.thirdparty.io.grpc.StatusRuntimeException: UNAVAILABLE: io exception
2019-10-02 11:31:57,337 [grpc-default-executor-5] INFO  impl.FollowerInfo (FollowerInfo.java:lambda$new$0(51)) - d0a95d8b-e42b-4cc3-af39-f7831f0cb411@group-3B3A82ECA675->b0829514-0e81-4cb8-8158-745b805c48fc: nextIndex: updateUnconditionally 0 -> 0
2019-10-02 11:31:57,836 [grpc-default-executor-4] WARN  server.GrpcLogAppender (LogUtils.java:warn(134)) - d0a95d8b-e42b-4cc3-af39-f7831f0cb411@group-3B3A82ECA675->b0829514-0e81-4cb8-8158-745b805c48fc-AppendLogResponseHandler: Failed appendEntries: org.apache.ratis.thirdparty.io.grpc.StatusRuntimeException: UNAVAILABLE: io exception
2019-10-02 11:31:57,837 [grpc-default-executor-4] INFO  impl.FollowerInfo (FollowerInfo.java:lambda$new$0(51)) - d0a95d8b-e42b-4cc3-af39-f7831f0cb411@group-3B3A82ECA675->b0829514-0e81-4cb8-8158-745b805c48fc: nextIndex: updateUnconditionally 0 -> 0
2019-10-02 11:31:58,340 [grpc-default-executor-4] WARN  server.GrpcLogAppender (LogUtils.java:warn(134)) - d0a95d8b-e42b-4cc3-af39-f7831f0cb411@group-3B3A82ECA675->b0829514-0e81-4cb8-8158-745b805c48fc-AppendLogResponseHandler: Failed appendEntries: org.apache.ratis.thirdparty.io.grpc.StatusRuntimeException: UNAVAILABLE: io exception
2019-10-02 11:31:58,341 [grpc-default-executor-4] INFO  impl.FollowerInfo (FollowerInfo.java:lambda$new$0(51)) - d0a95d8b-e42b-4cc3-af39-f7831f0cb411@group-3B3A82ECA675->b0829514-0e81-4cb8-8158-745b805c48fc: nextIndex: updateUnconditionally 0 -> 0
2019-10-02 11:31:58,839 [grpc-default-executor-4] WARN  server.GrpcLogAppender (LogUtils.java:warn(134)) - d0a95d8b-e42b-4cc3-af39-f7831f0cb411@group-3B3A82ECA675->b0829514-0e81-4cb8-8158-745b805c48fc-AppendLogResponseHandler: Failed appendEntries: org.apache.ratis.thirdparty.io.grpc.StatusRuntimeException: UNAVAILABLE: io exception
2019-10-02 11:31:58,839 [grpc-default-executor-4] INFO  impl.FollowerInfo (FollowerInfo.java:lambda$new$0(51)) - d0a95d8b-e42b-4cc3-af39-f7831f0cb411@group-3B3A82ECA675->b0829514-0e81-4cb8-8158-745b805c48fc: nextIndex: updateUnconditionally 0 -> 0
2019-10-02 11:31:58,913 [main] INFO  ozoneimpl.OzoneContainer (OzoneContainer.java:stop(231)) - Attempting to stop container services.
2019-10-02 11:31:58,913 [ForkJoinPool.commonPool-worker-1] INFO  ozoneimpl.OzoneContainer (OzoneContainer.java:stop(231)) - Attempting to stop container services.
2019-10-02 11:31:58,914 [main] INFO  impl.RaftServerProxy (RaftServerProxy.java:lambda$close$4(314)) - d0a95d8b-e42b-4cc3-af39-f7831f0cb411: close
2019-10-02 11:31:58,914 [ForkJoinPool.commonPool-worker-1] INFO  impl.RaftServerProxy (RaftServerProxy.java:lambda$close$4(314)) - bde60412-0b16-4336-9436-0525b0ae90d5: close
2019-10-02 11:31:58,915 [main] INFO  impl.RaftServerImpl (RaftServerImpl.java:lambda$shutdown$3(251)) - d0a95d8b-e42b-4cc3-af39-f7831f0cb411@group-9BCC5182C5FB: shutdown
2019-10-02 11:31:58,915 [ForkJoinPool.commonPool-worker-1] INFO  impl.RaftServerImpl (RaftServerImpl.java:lambda$shutdown$3(251)) - bde60412-0b16-4336-9436-0525b0ae90d5@group-3FD968999142: shutdown
2019-10-02 11:31:58,915 [main] INFO  util.JmxRegister (JmxRegister.java:unregister(73)) - Successfully un-registered JMX Bean with object name Ratis:service=RaftServer,group=group-9BCC5182C5FB,id=d0a95d8b-e42b-4cc3-af39-f7831f0cb411
2019-10-02 11:31:58,915 [ForkJoinPool.commonPool-worker-1] INFO  util.JmxRegister (JmxRegister.java:unregister(73)) - Successfully un-registered JMX Bean with object name Ratis:service=RaftServer,group=group-3FD968999142,id=bde60412-0b16-4336-9436-0525b0ae90d5
2019-10-02 11:31:58,916 [main] INFO  impl.RoleInfo (RoleInfo.java:shutdownLeaderState(104)) - d0a95d8b-e42b-4cc3-af39-f7831f0cb411: shutdown LeaderState
2019-10-02 11:31:58,916 [ForkJoinPool.commonPool-worker-1] INFO  impl.RoleInfo (RoleInfo.java:shutdownLeaderState(104)) - bde60412-0b16-4336-9436-0525b0ae90d5: shutdown LeaderState
2019-10-02 11:31:58,916 [main] INFO  impl.PendingRequests (PendingRequests.java:sendNotLeaderResponses(202)) - d0a95d8b-e42b-4cc3-af39-f7831f0cb411-PendingRequests: sendNotLeaderResponses
2019-10-02 11:31:58,917 [ForkJoinPool.commonPool-worker-1] INFO  impl.PendingRequests (PendingRequests.java:sendNotLeaderResponses(202)) - bde60412-0b16-4336-9436-0525b0ae90d5-PendingRequests: sendNotLeaderResponses
2019-10-02 11:31:58,917 [main] INFO  impl.StateMachineUpdater (StateMachineUpdater.java:stopAndJoin(125)) - d0a95d8b-e42b-4cc3-af39-f7831f0cb411@group-9BCC5182C5FB-StateMachineUpdater: set stopIndex = 0
2019-10-02 11:31:58,918 [ForkJoinPool.commonPool-worker-1] INFO  impl.StateMachineUpdater (StateMachineUpdater.java:stopAndJoin(125)) - bde60412-0b16-4336-9436-0525b0ae90d5@group-3FD968999142-StateMachineUpdater: set stopIndex = 0
2019-10-02 11:31:58,918 [main] INFO  impl.RaftServerImpl (ServerState.java:close(385)) - d0a95d8b-e42b-4cc3-af39-f7831f0cb411@group-9BCC5182C5FB: closes. applyIndex: 0
2019-10-02 11:31:58,918 [ForkJoinPool.commonPool-worker-1] INFO  impl.RaftServerImpl (ServerState.java:close(385)) - bde60412-0b16-4336-9436-0525b0ae90d5@group-3FD968999142: closes. applyIndex: 0
2019-10-02 11:31:58,919 [d0a95d8b-e42b-4cc3-af39-f7831f0cb411@group-9BCC5182C5FB-SegmentedRaftLogWorker] INFO  segmented.SegmentedRaftLogWorker (SegmentedRaftLogWorker.java:run(313)) - d0a95d8b-e42b-4cc3-af39-f7831f0cb411@group-9BCC5182C5FB-SegmentedRaftLogWorker was interrupted, exiting. There are 0 tasks remaining in the queue.
2019-10-02 11:31:58,919 [bde60412-0b16-4336-9436-0525b0ae90d5@group-3FD968999142-SegmentedRaftLogWorker] INFO  segmented.SegmentedRaftLogWorker (SegmentedRaftLogWorker.java:run(313)) - bde60412-0b16-4336-9436-0525b0ae90d5@group-3FD968999142-SegmentedRaftLogWorker was interrupted, exiting. There are 0 tasks remaining in the queue.
2019-10-02 11:31:58,919 [main] INFO  segmented.SegmentedRaftLogWorker (SegmentedRaftLogWorker.java:close(228)) - d0a95d8b-e42b-4cc3-af39-f7831f0cb411@group-9BCC5182C5FB-SegmentedRaftLogWorker close()
2019-10-02 11:31:58,920 [ForkJoinPool.commonPool-worker-1] INFO  segmented.SegmentedRaftLogWorker (SegmentedRaftLogWorker.java:close(228)) - bde60412-0b16-4336-9436-0525b0ae90d5@group-3FD968999142-SegmentedRaftLogWorker close()
2019-10-02 11:31:58,921 [main] INFO  impl.RaftServerImpl (RaftServerImpl.java:lambda$shutdown$3(251)) - d0a95d8b-e42b-4cc3-af39-f7831f0cb411@group-3B3A82ECA675: shutdown
2019-10-02 11:31:58,922 [ForkJoinPool.commonPool-worker-1] INFO  impl.RaftServerImpl (RaftServerImpl.java:lambda$shutdown$3(251)) - bde60412-0b16-4336-9436-0525b0ae90d5@group-3B3A82ECA675: shutdown
2019-10-02 11:31:58,922 [main] INFO  util.JmxRegister (JmxRegister.java:unregister(73)) - Successfully un-registered JMX Bean with object name Ratis:service=RaftServer,group=group-3B3A82ECA675,id=d0a95d8b-e42b-4cc3-af39-f7831f0cb411
2019-10-02 11:31:58,922 [ForkJoinPool.commonPool-worker-1] INFO  util.JmxRegister (JmxRegister.java:unregister(73)) - Successfully un-registered JMX Bean with object name Ratis:service=RaftServer,group=group-3B3A82ECA675,id=bde60412-0b16-4336-9436-0525b0ae90d5
2019-10-02 11:31:58,923 [main] INFO  impl.RoleInfo (RoleInfo.java:shutdownLeaderState(104)) - d0a95d8b-e42b-4cc3-af39-f7831f0cb411: shutdown LeaderState
2019-10-02 11:31:58,923 [ForkJoinPool.commonPool-worker-1] INFO  impl.RoleInfo (RoleInfo.java:shutdownFollowerState(121)) - bde60412-0b16-4336-9436-0525b0ae90d5: shutdown FollowerState
2019-10-02 11:31:58,926 [org.apache.ratis.server.impl.LogAppender$AppenderDaemon$$Lambda$748/1426024835@2d71c19] WARN  server.GrpcLogAppender (GrpcLogAppender.java:mayWait(143)) - d0a95d8b-e42b-4cc3-af39-f7831f0cb411@group-3B3A82ECA675->bde60412-0b16-4336-9436-0525b0ae90d5-GrpcLogAppender: Wait interrupted by java.lang.InterruptedException
2019-10-02 11:31:58,926 [main] INFO  impl.PendingRequests (PendingRequests.java:sendNotLeaderResponses(202)) - d0a95d8b-e42b-4cc3-af39-f7831f0cb411-PendingRequests: sendNotLeaderResponses
2019-10-02 11:31:58,926 [org.apache.ratis.server.impl.LogAppender$AppenderDaemon$$Lambda$748/1426024835@47f35848] WARN  server.GrpcLogAppender (GrpcLogAppender.java:mayWait(143)) - d0a95d8b-e42b-4cc3-af39-f7831f0cb411@group-3B3A82ECA675->b0829514-0e81-4cb8-8158-745b805c48fc-GrpcLogAppender: Wait interrupted by java.lang.InterruptedException
2019-10-02 11:31:58,928 [grpc-default-executor-4] INFO  server.GrpcServerProtocolService (GrpcServerProtocolService.java:onCompleted(113)) - bde60412-0b16-4336-9436-0525b0ae90d5: Completed APPEND_ENTRIES, lastRequest: d0a95d8b-e42b-4cc3-af39-f7831f0cb411->bde60412-0b16-4336-9436-0525b0ae90d5#124-t1, previous=(t:1, i:4), leaderCommit=4, initializing? false, entries: <empty>
2019-10-02 11:31:58,926 [bde60412-0b16-4336-9436-0525b0ae90d5@group-3B3A82ECA675-StateMachineUpdater] INFO  ratis.ContainerStateMachine (ContainerStateMachine.java:takeSnapshot(289)) - group-3B3A82ECA675: Taking a snapshot at:(t:1, i:3) file /workdir/hadoop-ozone/integration-test/target/test-dir/MiniOzoneClusterImpl-5dc4b805-dc02-409a-84a0-03630345a4d3/datanode-1/data/ratis/81fcf48a-080c-4ff9-a6ed-3b3a82eca675/sm/snapshot.1_3
2019-10-02 11:31:58,926 [Thread-401] INFO  impl.FollowerState (FollowerState.java:run(115)) - bde60412-0b16-4336-9436-0525b0ae90d5: FollowerState was interrupted: java.lang.InterruptedException: sleep interrupted
2019-10-02 11:31:58,926 [ForkJoinPool.commonPool-worker-1] INFO  impl.StateMachineUpdater (StateMachineUpdater.java:stopAndJoin(125)) - bde60412-0b16-4336-9436-0525b0ae90d5@group-3B3A82ECA675-StateMachineUpdater: set stopIndex = 4
2019-10-02 11:31:58,937 [d0a95d8b-e42b-4cc3-af39-f7831f0cb411@group-3B3A82ECA675-StateMachineUpdater] INFO  ratis.ContainerStateMachine (ContainerStateMachine.java:takeSnapshot(289)) - group-3B3A82ECA675: Taking a snapshot at:(t:1, i:4) file /workdir/hadoop-ozone/integration-test/target/test-dir/MiniOzoneClusterImpl-5dc4b805-dc02-409a-84a0-03630345a4d3/datanode-7/data/ratis/81fcf48a-080c-4ff9-a6ed-3b3a82eca675/sm/snapshot.1_4
2019-10-02 11:31:58,936 [main] INFO  impl.StateMachineUpdater (StateMachineUpdater.java:stopAndJoin(125)) - d0a95d8b-e42b-4cc3-af39-f7831f0cb411@group-3B3A82ECA675-StateMachineUpdater: set stopIndex = 4
2019-10-02 11:31:58,937 [grpc-default-executor-5] INFO  server.GrpcLogAppender (GrpcLogAppender.java:onCompleted(293)) - d0a95d8b-e42b-4cc3-af39-f7831f0cb411@group-3B3A82ECA675->bde60412-0b16-4336-9436-0525b0ae90d5-AppendLogResponseHandler: follower responses appendEntries COMPLETED
2019-10-02 11:31:58,939 [grpc-default-executor-5] INFO  impl.FollowerInfo (FollowerInfo.java:lambda$new$0(51)) - d0a95d8b-e42b-4cc3-af39-f7831f0cb411@group-3B3A82ECA675->bde60412-0b16-4336-9436-0525b0ae90d5: nextIndex: updateUnconditionally 5 -> 4
2019-10-02 11:32:07,669 [d0a95d8b-e42b-4cc3-af39-f7831f0cb411@group-3B3A82ECA675-StateMachineUpdater] INFO  ratis.ContainerStateMachine (ContainerStateMachine.java:takeSnapshot(300)) - group-3B3A82ECA675: Finished taking a snapshot at:(t:1, i:4) file:/workdir/hadoop-ozone/integration-test/target/test-dir/MiniOzoneClusterImpl-5dc4b805-dc02-409a-84a0-03630345a4d3/datanode-7/data/ratis/81fcf48a-080c-4ff9-a6ed-3b3a82eca675/sm/snapshot.1_4 time:8732
2019-10-02 11:32:07,669 [bde60412-0b16-4336-9436-0525b0ae90d5@group-3B3A82ECA675-StateMachineUpdater] INFO  ratis.ContainerStateMachine (ContainerStateMachine.java:takeSnapshot(300)) - group-3B3A82ECA675: Finished taking a snapshot at:(t:1, i:3) file:/workdir/hadoop-ozone/integration-test/target/test-dir/MiniOzoneClusterImpl-5dc4b805-dc02-409a-84a0-03630345a4d3/datanode-1/data/ratis/81fcf48a-080c-4ff9-a6ed-3b3a82eca675/sm/snapshot.1_3 time:8742
2019-10-02 11:32:07,671 [bde60412-0b16-4336-9436-0525b0ae90d5@group-3B3A82ECA675-StateMachineUpdater] INFO  impl.StateMachineUpdater (StateMachineUpdater.java:takeSnapshot(258)) - bde60412-0b16-4336-9436-0525b0ae90d5@group-3B3A82ECA675-StateMachineUpdater: Took a snapshot at index 3
2019-10-02 11:32:07,671 [d0a95d8b-e42b-4cc3-af39-f7831f0cb411@group-3B3A82ECA675-StateMachineUpdater] INFO  impl.StateMachineUpdater (StateMachineUpdater.java:takeSnapshot(258)) - d0a95d8b-e42b-4cc3-af39-f7831f0cb411@group-3B3A82ECA675-StateMachineUpdater: Took a snapshot at index 4
2019-10-02 11:32:07,671 [bde60412-0b16-4336-9436-0525b0ae90d5@group-3B3A82ECA675-StateMachineUpdater] INFO  impl.StateMachineUpdater (StateMachineUpdater.java:lambda$new$0(83)) - bde60412-0b16-4336-9436-0525b0ae90d5@group-3B3A82ECA675-StateMachineUpdater: snapshotIndex: updateIncreasingly -1 -> 3
2019-10-02 11:32:07,671 [d0a95d8b-e42b-4cc3-af39-f7831f0cb411@group-3B3A82ECA675-StateMachineUpdater] INFO  impl.StateMachineUpdater (StateMachineUpdater.java:lambda$new$0(83)) - d0a95d8b-e42b-4cc3-af39-f7831f0cb411@group-3B3A82ECA675-StateMachineUpdater: snapshotIndex: updateIncreasingly -1 -> 4
2019-10-02 11:32:07,672 [bde60412-0b16-4336-9436-0525b0ae90d5@group-3B3A82ECA675-StateMachineUpdater] INFO  ratis.ContainerStateMachine (ContainerStateMachine.java:takeSnapshot(289)) - group-3B3A82ECA675: Taking a snapshot at:(t:1, i:3) file /workdir/hadoop-ozone/integration-test/target/test-dir/MiniOzoneClusterImpl-5dc4b805-dc02-409a-84a0-03630345a4d3/datanode-1/data/ratis/81fcf48a-080c-4ff9-a6ed-3b3a82eca675/sm/snapshot.1_3
2019-10-02 11:32:07,673 [main] INFO  impl.RaftServerImpl (ServerState.java:close(385)) - d0a95d8b-e42b-4cc3-af39-f7831f0cb411@group-3B3A82ECA675: closes. applyIndex: 4
2019-10-02 11:32:07,675 [d0a95d8b-e42b-4cc3-af39-f7831f0cb411@group-3B3A82ECA675-SegmentedRaftLogWorker] INFO  segmented.SegmentedRaftLogWorker (SegmentedRaftLogWorker.java:run(313)) - d0a95d8b-e42b-4cc3-af39-f7831f0cb411@group-3B3A82ECA675-SegmentedRaftLogWorker was interrupted, exiting. There are 0 tasks remaining in the queue.
2019-10-02 11:32:07,675 [main] INFO  segmented.SegmentedRaftLogWorker (SegmentedRaftLogWorker.java:close(228)) - d0a95d8b-e42b-4cc3-af39-f7831f0cb411@group-3B3A82ECA675-SegmentedRaftLogWorker close()
2019-10-02 11:32:07,681 [main] INFO  server.GrpcService (GrpcService.java:closeImpl(164)) - d0a95d8b-e42b-4cc3-af39-f7831f0cb411: shutdown server with port 40932 now
2019-10-02 11:32:07,685 [main] INFO  server.GrpcService (GrpcService.java:closeImpl(172)) - d0a95d8b-e42b-4cc3-af39-f7831f0cb411: shutdown server with port 40932 successfully
2019-10-02 11:32:07,687 [bde60412-0b16-4336-9436-0525b0ae90d5@group-3B3A82ECA675-StateMachineUpdater] INFO  ratis.ContainerStateMachine (ContainerStateMachine.java:takeSnapshot(300)) - group-3B3A82ECA675: Finished taking a snapshot at:(t:1, i:3) file:/workdir/hadoop-ozone/integration-test/target/test-dir/MiniOzoneClusterImpl-5dc4b805-dc02-409a-84a0-03630345a4d3/datanode-1/data/ratis/81fcf48a-080c-4ff9-a6ed-3b3a82eca675/sm/snapshot.1_3 time:14
2019-10-02 11:32:07,687 [bde60412-0b16-4336-9436-0525b0ae90d5@group-3B3A82ECA675-StateMachineUpdater] INFO  impl.StateMachineUpdater (StateMachineUpdater.java:takeSnapshot(258)) - bde60412-0b16-4336-9436-0525b0ae90d5@group-3B3A82ECA675-StateMachineUpdater: Took a snapshot at index 3
2019-10-02 11:32:07,687 [bde60412-0b16-4336-9436-0525b0ae90d5@group-3B3A82ECA675-StateMachineUpdater] INFO  impl.StateMachineUpdater (StateMachineUpdater.java:lambda$new$0(83)) - bde60412-0b16-4336-9436-0525b0ae90d5@group-3B3A82ECA675-StateMachineUpdater: snapshotIndex: updateIncreasingly 3 -> 3
2019-10-02 11:32:07,688 [ForkJoinPool.commonPool-worker-1] INFO  impl.RaftServerImpl (ServerState.java:close(385)) - bde60412-0b16-4336-9436-0525b0ae90d5@group-3B3A82ECA675: closes. applyIndex: 4
2019-10-02 11:32:07,689 [bde60412-0b16-4336-9436-0525b0ae90d5@group-3B3A82ECA675-SegmentedRaftLogWorker] INFO  segmented.SegmentedRaftLogWorker (SegmentedRaftLogWorker.java:run(313)) - bde60412-0b16-4336-9436-0525b0ae90d5@group-3B3A82ECA675-SegmentedRaftLogWorker was interrupted, exiting. There are 0 tasks remaining in the queue.
2019-10-02 11:32:07,689 [ForkJoinPool.commonPool-worker-1] INFO  segmented.SegmentedRaftLogWorker (SegmentedRaftLogWorker.java:close(228)) - bde60412-0b16-4336-9436-0525b0ae90d5@group-3B3A82ECA675-SegmentedRaftLogWorker close()
2019-10-02 11:32:07,691 [refreshUsed-/workdir/hadoop-ozone/integration-test/target/test-dir/MiniOzoneClusterImpl-5dc4b805-dc02-409a-84a0-03630345a4d3/datanode-7/data/containers] WARN  fs.CachingGetSpaceUsed (CachingGetSpaceUsed.java:run(183)) - Thread Interrupted waiting to refresh disk information: sleep interrupted
2019-10-02 11:32:07,691 [ForkJoinPool.commonPool-worker-1] INFO  server.GrpcService (GrpcService.java:closeImpl(164)) - bde60412-0b16-4336-9436-0525b0ae90d5: shutdown server with port 39704 now
2019-10-02 11:32:07,692 [ForkJoinPool.commonPool-worker-1] INFO  server.GrpcService (GrpcService.java:closeImpl(172)) - bde60412-0b16-4336-9436-0525b0ae90d5: shutdown server with port 39704 successfully
2019-10-02 11:32:07,696 [refreshUsed-/workdir/hadoop-ozone/integration-test/target/test-dir/MiniOzoneClusterImpl-5dc4b805-dc02-409a-84a0-03630345a4d3/datanode-1/data/containers] WARN  fs.CachingGetSpaceUsed (CachingGetSpaceUsed.java:run(183)) - Thread Interrupted waiting to refresh disk information: sleep interrupted
2019-10-02 11:32:07,713 [ForkJoinPool.commonPool-worker-1] INFO  utils.BackgroundService (BackgroundService.java:shutdown(148)) - Shutting down service BlockDeletingService
2019-10-02 11:32:07,717 [ForkJoinPool.commonPool-worker-1] INFO  statemachine.DatanodeStateMachine (DatanodeStateMachine.java:stopDaemon(395)) - Ozone container server stopped.
2019-10-02 11:32:07,720 [main] INFO  utils.BackgroundService (BackgroundService.java:shutdown(148)) - Shutting down service BlockDeletingService
2019-10-02 11:32:07,723 [main] INFO  statemachine.DatanodeStateMachine (DatanodeStateMachine.java:stopDaemon(395)) - Ozone container server stopped.
2019-10-02 11:32:12,955 [main] INFO  handler.ContextHandler (ContextHandler.java:doStop(910)) - Stopped o.e.j.w.WebAppContext@3078cac{/,null,UNAVAILABLE}{/hddsDatanode}
2019-10-02 11:32:12,955 [ForkJoinPool.commonPool-worker-1] INFO  handler.ContextHandler (ContextHandler.java:doStop(910)) - Stopped o.e.j.w.WebAppContext@62dbe64e{/,null,UNAVAILABLE}{/hddsDatanode}
2019-10-02 11:32:12,957 [ForkJoinPool.commonPool-worker-1] INFO  server.AbstractConnector (AbstractConnector.java:doStop(318)) - Stopped ServerConnector@6cff61fc{HTTP/1.1,[http/1.1]}{0.0.0.0:0}
2019-10-02 11:32:12,957 [main] INFO  server.AbstractConnector (AbstractConnector.java:doStop(318)) - Stopped ServerConnector@f6de586{HTTP/1.1,[http/1.1]}{0.0.0.0:0}
2019-10-02 11:32:12,959 [ForkJoinPool.commonPool-worker-1] INFO  handler.ContextHandler (ContextHandler.java:doStop(910)) - Stopped o.e.j.s.ServletContextHandler@4f0f7849{/static,jar:file:/home/user/.m2/repository/org/apache/hadoop/hadoop-hdds-container-service/0.5.0-SNAPSHOT/hadoop-hdds-container-service-0.5.0-SNAPSHOT.jar!/webapps/static,UNAVAILABLE}
2019-10-02 11:32:12,959 [main] INFO  handler.ContextHandler (ContextHandler.java:doStop(910)) - Stopped o.e.j.s.ServletContextHandler@46aa712c{/static,jar:file:/home/user/.m2/repository/org/apache/hadoop/hadoop-hdds-container-service/0.5.0-SNAPSHOT/hadoop-hdds-container-service-0.5.0-SNAPSHOT.jar!/webapps/static,UNAVAILABLE}
2019-10-02 11:32:12,960 [ForkJoinPool.commonPool-worker-1] INFO  handler.ContextHandler (ContextHandler.java:doStop(910)) - Stopped o.e.j.s.ServletContextHandler@3ed7821{/logs,file:///workdir/hadoop-ozone/integration-test/target/log,UNAVAILABLE}
2019-10-02 11:32:12,961 [main] INFO  handler.ContextHandler (ContextHandler.java:doStop(910)) - Stopped o.e.j.s.ServletContextHandler@2a869a16{/logs,file:///workdir/hadoop-ozone/integration-test/target/log,UNAVAILABLE}
2019-10-02 11:32:12,963 [main] INFO  ozone.MiniOzoneClusterImpl (MiniOzoneClusterImpl.java:stopSCM(392)) - Stopping the StorageContainerManager
2019-10-02 11:32:12,963 [main] INFO  server.StorageContainerManager (StorageContainerManager.java:stop(808)) - Stopping Replication Manager Service.
2019-10-02 11:32:12,963 [main] INFO  container.ReplicationManager (ReplicationManager.java:stop(203)) - Stopping Replication Monitor Thread.
2019-10-02 11:32:12,964 [main] INFO  server.StorageContainerManager (StorageContainerManager.java:stop(815)) - Stopping Lease Manager of the command watchers
2019-10-02 11:32:12,966 [main] INFO  server.StorageContainerManager (StorageContainerManager.java:stop(822)) - Stopping datanode service RPC server
2019-10-02 11:32:12,966 [main] INFO  server.SCMDatanodeProtocolServer (SCMDatanodeProtocolServer.java:stop(367)) - Stopping the RPC server for DataNodes
2019-10-02 11:32:12,966 [main] INFO  ipc.Server (Server.java:stop(3082)) - Stopping server on 36022
2019-10-02 11:32:12,970 [IPC Server listener on 36022] INFO  ipc.Server (Server.java:run(1185)) - Stopping IPC Server listener on 36022
2019-10-02 11:32:12,970 [IPC Server Responder] INFO  ipc.Server (Server.java:run(1319)) - Stopping IPC Server Responder
2019-10-02 11:32:13,053 [SCM Heartbeat Processing Thread - 0] WARN  node.NodeStateManager (NodeStateManager.java:scheduleNextHealthCheck(646)) - Current Thread is interrupted, shutting down HB processing thread for Node Manager.
2019-10-02 11:32:13,053 [main] INFO  server.StorageContainerManager (StorageContainerManager.java:stop(830)) - Stopping block service RPC server
2019-10-02 11:32:13,054 [main] INFO  server.SCMBlockProtocolServer (SCMBlockProtocolServer.java:stop(155)) - Stopping the RPC server for Block Protocol
2019-10-02 11:32:13,054 [main] INFO  ipc.Server (Server.java:stop(3082)) - Stopping server on 45216
2019-10-02 11:32:13,056 [IPC Server listener on 45216] INFO  ipc.Server (Server.java:run(1185)) - Stopping IPC Server listener on 45216
2019-10-02 11:32:13,056 [main] INFO  server.StorageContainerManager (StorageContainerManager.java:stop(837)) - Stopping the StorageContainerLocationProtocol RPC server
2019-10-02 11:32:13,056 [IPC Server Responder] INFO  ipc.Server (Server.java:run(1319)) - Stopping IPC Server Responder
2019-10-02 11:32:13,057 [main] INFO  server.SCMClientProtocolServer (SCMClientProtocolServer.java:stop(158)) - Stopping the RPC server for Client Protocol
2019-10-02 11:32:13,057 [main] INFO  ipc.Server (Server.java:stop(3082)) - Stopping server on 40211
2019-10-02 11:32:13,058 [IPC Server listener on 40211] INFO  ipc.Server (Server.java:run(1185)) - Stopping IPC Server listener on 40211
2019-10-02 11:32:13,059 [main] INFO  server.StorageContainerManager (StorageContainerManager.java:stop(844)) - Stopping Storage Container Manager HTTP server.
2019-10-02 11:32:13,059 [IPC Server Responder] INFO  ipc.Server (Server.java:run(1319)) - Stopping IPC Server Responder
2019-10-02 11:32:13,060 [main] INFO  handler.ContextHandler (ContextHandler.java:doStop(910)) - Stopped o.e.j.w.WebAppContext@6db66836{/,null,UNAVAILABLE}{/scm}
2019-10-02 11:32:13,060 [main] INFO  server.AbstractConnector (AbstractConnector.java:doStop(318)) - Stopped ServerConnector@1ee4730{HTTP/1.1,[http/1.1]}{0.0.0.0:0}
2019-10-02 11:32:13,061 [main] INFO  handler.ContextHandler (ContextHandler.java:doStop(910)) - Stopped o.e.j.s.ServletContextHandler@43b6123e{/static,file:///workdir/hadoop-ozone/integration-test/target/test-classes/webapps/static,UNAVAILABLE}
2019-10-02 11:32:13,061 [main] INFO  handler.ContextHandler (ContextHandler.java:doStop(910)) - Stopped o.e.j.s.ServletContextHandler@4fce136b{/logs,file:///workdir/hadoop-ozone/integration-test/target/log,UNAVAILABLE}
2019-10-02 11:32:13,062 [main] INFO  server.StorageContainerManager (StorageContainerManager.java:stop(855)) - Stopping Block Manager Service.
2019-10-02 11:32:13,062 [main] INFO  utils.BackgroundService (BackgroundService.java:shutdown(148)) - Shutting down service SCMBlockDeletingService
2019-10-02 11:32:13,062 [main] INFO  utils.BackgroundService (BackgroundService.java:shutdown(148)) - Shutting down service SCMBlockDeletingService
2019-10-02 11:32:13,063 [main] INFO  server.StorageContainerManager (StorageContainerManager.java:stop(877)) - Stopping SCM Event Queue.
2019-10-02 11:32:13,069 [main] INFO  impl.MetricsSystemImpl (MetricsSystemImpl.java:stop(210)) - Stopping XceiverClientMetrics metrics system...
2019-10-02 11:32:13,078 [prometheus] INFO  impl.MetricsSinkAdapter (MetricsSinkAdapter.java:publishMetricsFromQueue(141)) - prometheus thread interrupted.
2019-10-02 11:32:13,078 [main] INFO  impl.MetricsSystemImpl (MetricsSystemImpl.java:stop(216)) - XceiverClientMetrics metrics system stopped.
]]></system-out>
    <system-err><![CDATA[ERROR StatusLogger No Log4j 2 configuration file found. Using default configuration (logging only errors to the console), or user programmatically provided configurations. Set system property 'log4j2.debug' to show Log4j 2 internal initialization logging. See https://logging.apache.org/log4j/2.x/manual/configuration.html for instructions on how to configure Log4j 2
Oct 02, 2019 11:31:34 AM org.apache.ratis.thirdparty.io.grpc.internal.SerializingExecutor run
SEVERE: Exception while executing runnable org.apache.ratis.thirdparty.io.grpc.internal.ServerImpl$JumpToApplicationThreadServerStreamListener$1Closed@684222aa
org.apache.ratis.thirdparty.io.grpc.StatusRuntimeException: CANCELLED: call already cancelled
	at org.apache.ratis.thirdparty.io.grpc.Status.asRuntimeException(Status.java:517)
	at org.apache.ratis.thirdparty.io.grpc.stub.ServerCalls$ServerCallStreamObserverImpl.onCompleted(ServerCalls.java:356)
	at org.apache.ratis.grpc.server.GrpcServerProtocolService$ServerRequestStreamObserver.onError(GrpcServerProtocolService.java:121)
	at org.apache.ratis.thirdparty.io.grpc.stub.ServerCalls$StreamingServerCallHandler$StreamingServerCallListener.onCancel(ServerCalls.java:269)
	at org.apache.ratis.thirdparty.io.grpc.internal.ServerCallImpl$ServerStreamListenerImpl.closed(ServerCallImpl.java:293)
	at org.apache.ratis.thirdparty.io.grpc.internal.ServerImpl$JumpToApplicationThreadServerStreamListener$1Closed.runInContext(ServerImpl.java:741)
	at org.apache.ratis.thirdparty.io.grpc.internal.ContextRunnable.run(ContextRunnable.java:37)
	at org.apache.ratis.thirdparty.io.grpc.internal.SerializingExecutor.run(SerializingExecutor.java:123)
	at java.util.concurrent.ThreadPoolExecutor.runWorker(ThreadPoolExecutor.java:1149)
	at java.util.concurrent.ThreadPoolExecutor$Worker.run(ThreadPoolExecutor.java:624)
	at java.lang.Thread.run(Thread.java:748)

Oct 02, 2019 11:31:34 AM org.apache.ratis.thirdparty.io.grpc.internal.SerializingExecutor run
SEVERE: Exception while executing runnable org.apache.ratis.thirdparty.io.grpc.internal.ServerImpl$JumpToApplicationThreadServerStreamListener$1Closed@2f20f0c5
org.apache.ratis.thirdparty.io.grpc.StatusRuntimeException: CANCELLED: call already cancelled
	at org.apache.ratis.thirdparty.io.grpc.Status.asRuntimeException(Status.java:517)
	at org.apache.ratis.thirdparty.io.grpc.stub.ServerCalls$ServerCallStreamObserverImpl.onCompleted(ServerCalls.java:356)
	at org.apache.ratis.grpc.server.GrpcServerProtocolService$ServerRequestStreamObserver.onError(GrpcServerProtocolService.java:121)
	at org.apache.ratis.thirdparty.io.grpc.stub.ServerCalls$StreamingServerCallHandler$StreamingServerCallListener.onCancel(ServerCalls.java:269)
	at org.apache.ratis.thirdparty.io.grpc.internal.ServerCallImpl$ServerStreamListenerImpl.closed(ServerCallImpl.java:293)
	at org.apache.ratis.thirdparty.io.grpc.internal.ServerImpl$JumpToApplicationThreadServerStreamListener$1Closed.runInContext(ServerImpl.java:741)
	at org.apache.ratis.thirdparty.io.grpc.internal.ContextRunnable.run(ContextRunnable.java:37)
	at org.apache.ratis.thirdparty.io.grpc.internal.SerializingExecutor.run(SerializingExecutor.java:123)
	at java.util.concurrent.ThreadPoolExecutor.runWorker(ThreadPoolExecutor.java:1149)
	at java.util.concurrent.ThreadPoolExecutor$Worker.run(ThreadPoolExecutor.java:624)
	at java.lang.Thread.run(Thread.java:748)

Oct 02, 2019 11:31:39 AM org.apache.ratis.thirdparty.io.grpc.internal.SerializingExecutor run
SEVERE: Exception while executing runnable org.apache.ratis.thirdparty.io.grpc.internal.ServerImpl$JumpToApplicationThreadServerStreamListener$1Closed@4da012a
org.apache.ratis.thirdparty.io.grpc.StatusRuntimeException: CANCELLED: call already cancelled
	at org.apache.ratis.thirdparty.io.grpc.Status.asRuntimeException(Status.java:517)
	at org.apache.ratis.thirdparty.io.grpc.stub.ServerCalls$ServerCallStreamObserverImpl.onCompleted(ServerCalls.java:356)
	at org.apache.ratis.grpc.server.GrpcServerProtocolService$ServerRequestStreamObserver.onError(GrpcServerProtocolService.java:121)
	at org.apache.ratis.thirdparty.io.grpc.stub.ServerCalls$StreamingServerCallHandler$StreamingServerCallListener.onCancel(ServerCalls.java:269)
	at org.apache.ratis.thirdparty.io.grpc.internal.ServerCallImpl$ServerStreamListenerImpl.closed(ServerCallImpl.java:293)
	at org.apache.ratis.thirdparty.io.grpc.internal.ServerImpl$JumpToApplicationThreadServerStreamListener$1Closed.runInContext(ServerImpl.java:741)
	at org.apache.ratis.thirdparty.io.grpc.internal.ContextRunnable.run(ContextRunnable.java:37)
	at org.apache.ratis.thirdparty.io.grpc.internal.SerializingExecutor.run(SerializingExecutor.java:123)
	at java.util.concurrent.ThreadPoolExecutor.runWorker(ThreadPoolExecutor.java:1149)
	at java.util.concurrent.ThreadPoolExecutor$Worker.run(ThreadPoolExecutor.java:624)
	at java.lang.Thread.run(Thread.java:748)

Oct 02, 2019 11:31:39 AM org.apache.ratis.thirdparty.io.grpc.internal.SerializingExecutor run
SEVERE: Exception while executing runnable org.apache.ratis.thirdparty.io.grpc.internal.ServerImpl$JumpToApplicationThreadServerStreamListener$1Closed@68c564cd
org.apache.ratis.thirdparty.io.grpc.StatusRuntimeException: CANCELLED: call already cancelled
	at org.apache.ratis.thirdparty.io.grpc.Status.asRuntimeException(Status.java:517)
	at org.apache.ratis.thirdparty.io.grpc.stub.ServerCalls$ServerCallStreamObserverImpl.onCompleted(ServerCalls.java:356)
	at org.apache.ratis.grpc.server.GrpcServerProtocolService$ServerRequestStreamObserver.onError(GrpcServerProtocolService.java:121)
	at org.apache.ratis.thirdparty.io.grpc.stub.ServerCalls$StreamingServerCallHandler$StreamingServerCallListener.onCancel(ServerCalls.java:269)
	at org.apache.ratis.thirdparty.io.grpc.internal.ServerCallImpl$ServerStreamListenerImpl.closed(ServerCallImpl.java:293)
	at org.apache.ratis.thirdparty.io.grpc.internal.ServerImpl$JumpToApplicationThreadServerStreamListener$1Closed.runInContext(ServerImpl.java:741)
	at org.apache.ratis.thirdparty.io.grpc.internal.ContextRunnable.run(ContextRunnable.java:37)
	at org.apache.ratis.thirdparty.io.grpc.internal.SerializingExecutor.run(SerializingExecutor.java:123)
	at java.util.concurrent.ThreadPoolExecutor.runWorker(ThreadPoolExecutor.java:1149)
	at java.util.concurrent.ThreadPoolExecutor$Worker.run(ThreadPoolExecutor.java:624)
	at java.lang.Thread.run(Thread.java:748)

]]></system-err>
  </testcase>
  <testcase name="testMultiBlockWritesWithDnFailures" classname="org.apache.hadoop.ozone.client.rpc.TestMultiBlockWritesWithDnFailures" time="70.281"/>
</testsuite>