<?xml version="1.0" encoding="UTF-8"?>
<testsuite xmlns:xsi="http://www.w3.org/2001/XMLSchema-instance" xsi:noNamespaceSchemaLocation="https://maven.apache.org/surefire/maven-surefire-plugin/xsd/surefire-test-report.xsd" name="org.apache.hadoop.ozone.client.rpc.TestWatchForCommit" time="257.287" tests="5" errors="1" skipped="0" failures="0">
  <properties>
    <property name="awt.toolkit" value="sun.awt.X11.XToolkit"/>
    <property name="file.encoding.pkg" value="sun.io"/>
    <property name="java.specification.version" value="1.8"/>
    <property name="sun.cpu.isalist" value=""/>
    <property name="sun.jnu.encoding" value="UTF-8"/>
    <property name="java.class.path" value="/workdir/hadoop-ozone/integration-test/target/test-classes:/workdir/hadoop-ozone/integration-test/target/classes:/home/user/.m2/repository/org/apache/hadoop/hadoop-ozone-common/0.5.0-SNAPSHOT/hadoop-ozone-common-0.5.0-SNAPSHOT.jar:/home/user/.m2/repository/org/apache/commons/commons-compress/1.4.1/commons-compress-1.4.1.jar:/home/user/.m2/repository/org/tukaani/xz/1.0/xz-1.0.jar:/home/user/.m2/repository/org/apache/hadoop/hadoop-common/3.2.0/hadoop-common-3.2.0.jar:/home/user/.m2/repository/org/apache/hadoop/hadoop-hdfs/3.2.0/hadoop-hdfs-3.2.0.jar:/home/user/.m2/repository/org/apache/hadoop/hadoop-hdfs-client/3.2.0/hadoop-hdfs-client-3.2.0.jar:/home/user/.m2/repository/com/fasterxml/jackson/core/jackson-annotations/2.9.9/jackson-annotations-2.9.9.jar:/home/user/.m2/repository/org/apache/hadoop/hadoop-hdds-common/0.5.0-SNAPSHOT/hadoop-hdds-common-0.5.0-SNAPSHOT.jar:/home/user/.m2/repository/javax/annotation/javax.annotation-api/1.2/javax.annotation-api-1.2.jar:/home/user/.m2/repository/org/apache/ratis/ratis-server/0.5.0-201fc85-SNAPSHOT/ratis-server-0.5.0-201fc85-SNAPSHOT.jar:/home/user/.m2/repository/org/apache/ratis/ratis-thirdparty-misc/0.2.0/ratis-thirdparty-misc-0.2.0.jar:/home/user/.m2/repository/org/apache/ratis/ratis-proto/0.5.0-201fc85-SNAPSHOT/ratis-proto-0.5.0-201fc85-SNAPSHOT.jar:/home/user/.m2/repository/org/apache/ratis/ratis-common/0.5.0-201fc85-SNAPSHOT/ratis-common-0.5.0-201fc85-SNAPSHOT.jar:/home/user/.m2/repository/org/apache/ratis/ratis-client/0.5.0-201fc85-SNAPSHOT/ratis-client-0.5.0-201fc85-SNAPSHOT.jar:/home/user/.m2/repository/org/apache/ratis/ratis-metrics/0.5.0-201fc85-SNAPSHOT/ratis-metrics-0.5.0-201fc85-SNAPSHOT.jar:/home/user/.m2/repository/com/github/joshelser/dropwizard-metrics-hadoop-metrics2-reporter/0.1.2/dropwizard-metrics-hadoop-metrics2-reporter-0.1.2.jar:/home/user/.m2/repository/io/dropwizard/metrics/metrics-jvm/3.2.5/metrics-jvm-3.2.5.jar:/home/user/.m2/repository/io/dropwizard/metrics/metrics-ganglia/3.2.5/metrics-ganglia-3.2.5.jar:/home/user/.m2/repository/info/ganglia/gmetric4j/gmetric4j/1.0.7/gmetric4j-1.0.7.jar:/home/user/.m2/repository/org/apache/ratis/ratis-netty/0.5.0-201fc85-SNAPSHOT/ratis-netty-0.5.0-201fc85-SNAPSHOT.jar:/home/user/.m2/repository/org/apache/ratis/ratis-grpc/0.5.0-201fc85-SNAPSHOT/ratis-grpc-0.5.0-201fc85-SNAPSHOT.jar:/home/user/.m2/repository/org/rocksdb/rocksdbjni/6.0.1/rocksdbjni-6.0.1.jar:/home/user/.m2/repository/org/apache/logging/log4j/log4j-api/2.11.0/log4j-api-2.11.0.jar:/home/user/.m2/repository/org/apache/logging/log4j/log4j-core/2.11.0/log4j-core-2.11.0.jar:/home/user/.m2/repository/com/lmax/disruptor/3.4.2/disruptor-3.4.2.jar:/home/user/.m2/repository/org/apache/commons/commons-pool2/2.6.0/commons-pool2-2.6.0.jar:/home/user/.m2/repository/org/bouncycastle/bcpkix-jdk15on/1.60/bcpkix-jdk15on-1.60.jar:/home/user/.m2/repository/commons-validator/commons-validator/1.6/commons-validator-1.6.jar:/home/user/.m2/repository/commons-digester/commons-digester/1.8.1/commons-digester-1.8.1.jar:/home/user/.m2/repository/io/jaegertracing/jaeger-client/0.34.0/jaeger-client-0.34.0.jar:/home/user/.m2/repository/io/jaegertracing/jaeger-thrift/0.34.0/jaeger-thrift-0.34.0.jar:/home/user/.m2/repository/org/apache/thrift/libthrift/0.12.0/libthrift-0.12.0.jar:/home/user/.m2/repository/com/squareup/okhttp3/okhttp/3.9.0/okhttp-3.9.0.jar:/home/user/.m2/repository/com/squareup/okio/okio/1.13.0/okio-1.13.0.jar:/home/user/.m2/repository/io/jaegertracing/jaeger-core/0.34.0/jaeger-core-0.34.0.jar:/home/user/.m2/repository/io/jaegertracing/jaeger-tracerresolver/0.34.0/jaeger-tracerresolver-0.34.0.jar:/home/user/.m2/repository/io/opentracing/contrib/opentracing-tracerresolver/0.1.5/opentracing-tracerresolver-0.1.5.jar:/home/user/.m2/repository/io/opentracing/opentracing-util/0.31.0/opentracing-util-0.31.0.jar:/home/user/.m2/repository/io/opentracing/opentracing-api/0.31.0/opentracing-api-0.31.0.jar:/home/user/.m2/repository/io/opentracing/opentracing-noop/0.31.0/opentracing-noop-0.31.0.jar:/home/user/.m2/repository/org/apache/hadoop/hadoop-hdds-server-framework/0.5.0-SNAPSHOT/hadoop-hdds-server-framework-0.5.0-SNAPSHOT.jar:/home/user/.m2/repository/org/apache/hadoop/hadoop-hdds-container-service/0.5.0-SNAPSHOT/hadoop-hdds-container-service-0.5.0-SNAPSHOT.jar:/home/user/.m2/repository/org/apache/hadoop/hadoop-hdds-client/0.5.0-SNAPSHOT/hadoop-hdds-client-0.5.0-SNAPSHOT.jar:/home/user/.m2/repository/org/apache/hadoop/hadoop-hdds-tools/0.5.0-SNAPSHOT/hadoop-hdds-tools-0.5.0-SNAPSHOT.jar:/home/user/.m2/repository/org/apache/hadoop/hadoop-hdds-server-scm/0.5.0-SNAPSHOT/hadoop-hdds-server-scm-0.5.0-SNAPSHOT.jar:/home/user/.m2/repository/org/apache/hadoop/hadoop-hdds-docs/0.5.0-SNAPSHOT/hadoop-hdds-docs-0.5.0-SNAPSHOT.jar:/home/user/.m2/repository/io/dropwizard/metrics/metrics-core/3.2.4/metrics-core-3.2.4.jar:/home/user/.m2/repository/org/hamcrest/hamcrest-all/1.3/hamcrest-all-1.3.jar:/home/user/.m2/repository/org/bouncycastle/bcprov-jdk15on/1.60/bcprov-jdk15on-1.60.jar:/home/user/.m2/repository/info/picocli/picocli/3.9.6/picocli-3.9.6.jar:/home/user/.m2/repository/com/google/protobuf/protobuf-java/2.5.0/protobuf-java-2.5.0.jar:/home/user/.m2/repository/com/google/guava/guava/11.0.2/guava-11.0.2.jar:/home/user/.m2/repository/org/apache/hadoop/hadoop-ozone-ozone-manager/0.5.0-SNAPSHOT/hadoop-ozone-ozone-manager-0.5.0-SNAPSHOT.jar:/home/user/.m2/repository/org/apache/hadoop/hadoop-minikdc/3.2.0/hadoop-minikdc-3.2.0.jar:/home/user/.m2/repository/commons-io/commons-io/2.5/commons-io-2.5.jar:/home/user/.m2/repository/org/apache/kerby/kerb-simplekdc/1.0.1/kerb-simplekdc-1.0.1.jar:/home/user/.m2/repository/org/apache/kerby/kerb-client/1.0.1/kerb-client-1.0.1.jar:/home/user/.m2/repository/org/apache/kerby/kerby-config/1.0.1/kerby-config-1.0.1.jar:/home/user/.m2/repository/org/apache/kerby/kerb-core/1.0.1/kerb-core-1.0.1.jar:/home/user/.m2/repository/org/apache/kerby/kerby-pkix/1.0.1/kerby-pkix-1.0.1.jar:/home/user/.m2/repository/org/apache/kerby/kerby-asn1/1.0.1/kerby-asn1-1.0.1.jar:/home/user/.m2/repository/org/apache/kerby/kerby-util/1.0.1/kerby-util-1.0.1.jar:/home/user/.m2/repository/org/apache/kerby/kerb-common/1.0.1/kerb-common-1.0.1.jar:/home/user/.m2/repository/org/apache/kerby/kerb-crypto/1.0.1/kerb-crypto-1.0.1.jar:/home/user/.m2/repository/org/apache/kerby/kerb-util/1.0.1/kerb-util-1.0.1.jar:/home/user/.m2/repository/org/apache/kerby/token-provider/1.0.1/token-provider-1.0.1.jar:/home/user/.m2/repository/org/apache/kerby/kerb-admin/1.0.1/kerb-admin-1.0.1.jar:/home/user/.m2/repository/org/apache/kerby/kerb-server/1.0.1/kerb-server-1.0.1.jar:/home/user/.m2/repository/org/apache/kerby/kerb-identity/1.0.1/kerb-identity-1.0.1.jar:/home/user/.m2/repository/org/apache/kerby/kerby-xdr/1.0.1/kerby-xdr-1.0.1.jar:/home/user/.m2/repository/org/slf4j/slf4j-log4j12/1.7.25/slf4j-log4j12-1.7.25.jar:/home/user/.m2/repository/org/apache/hadoop/hadoop-ozone-s3gateway/0.5.0-SNAPSHOT/hadoop-ozone-s3gateway-0.5.0-SNAPSHOT.jar:/home/user/.m2/repository/org/jboss/weld/servlet/weld-servlet/2.4.7.Final/weld-servlet-2.4.7.Final.jar:/home/user/.m2/repository/org/glassfish/jersey/containers/jersey-container-servlet-core/2.27/jersey-container-servlet-core-2.27.jar:/home/user/.m2/repository/org/glassfish/hk2/external/javax.inject/2.5.0-b42/javax.inject-2.5.0-b42.jar:/home/user/.m2/repository/org/glassfish/jersey/core/jersey-common/2.27/jersey-common-2.27.jar:/home/user/.m2/repository/org/glassfish/hk2/osgi-resource-locator/1.0.1/osgi-resource-locator-1.0.1.jar:/home/user/.m2/repository/javax/ws/rs/javax.ws.rs-api/2.1/javax.ws.rs-api-2.1.jar:/home/user/.m2/repository/org/glassfish/jersey/ext/cdi/jersey-cdi1x/2.27/jersey-cdi1x-2.27.jar:/home/user/.m2/repository/org/glassfish/jersey/inject/jersey-hk2/2.27/jersey-hk2-2.27.jar:/home/user/.m2/repository/org/glassfish/hk2/hk2-locator/2.5.0-b42/hk2-locator-2.5.0-b42.jar:/home/user/.m2/repository/org/javassist/javassist/3.22.0-CR2/javassist-3.22.0-CR2.jar:/home/user/.m2/repository/org/glassfish/hk2/hk2-api/2.5.0/hk2-api-2.5.0.jar:/home/user/.m2/repository/org/glassfish/hk2/external/jakarta.inject/2.5.0/jakarta.inject-2.5.0.jar:/home/user/.m2/repository/org/glassfish/hk2/hk2-utils/2.5.0/hk2-utils-2.5.0.jar:/home/user/.m2/repository/jakarta/annotation/jakarta.annotation-api/1.3.4/jakarta.annotation-api-1.3.4.jar:/home/user/.m2/repository/org/glassfish/hk2/external/aopalliance-repackaged/2.5.0/aopalliance-repackaged-2.5.0.jar:/home/user/.m2/repository/com/fasterxml/jackson/dataformat/jackson-dataformat-xml/2.9.0/jackson-dataformat-xml-2.9.0.jar:/home/user/.m2/repository/com/fasterxml/jackson/core/jackson-core/2.9.9/jackson-core-2.9.9.jar:/home/user/.m2/repository/com/fasterxml/jackson/module/jackson-module-jaxb-annotations/2.9.9/jackson-module-jaxb-annotations-2.9.9.jar:/home/user/.m2/repository/javax/enterprise/cdi-api/1.2/cdi-api-1.2.jar:/home/user/.m2/repository/javax/el/javax.el-api/3.0.0/javax.el-api-3.0.0.jar:/home/user/.m2/repository/javax/interceptor/javax.interceptor-api/1.2/javax.interceptor-api-1.2.jar:/home/user/.m2/repository/javax/inject/javax.inject/1/javax.inject-1.jar:/home/user/.m2/repository/com/sun/xml/bind/jaxb-impl/2.3.0.1/jaxb-impl-2.3.0.1.jar:/home/user/.m2/repository/com/sun/xml/bind/jaxb-core/2.3.0.1/jaxb-core-2.3.0.1.jar:/home/user/.m2/repository/javax/xml/bind/jaxb-api/2.3.0/jaxb-api-2.3.0.jar:/home/user/.m2/repository/javax/activation/activation/1.1.1/activation-1.1.1.jar:/home/user/.m2/repository/org/apache/hadoop/hadoop-ozone-csi/0.5.0-SNAPSHOT/hadoop-ozone-csi-0.5.0-SNAPSHOT.jar:/home/user/.m2/repository/com/google/protobuf/protobuf-java-util/3.5.1/protobuf-java-util-3.5.1.jar:/home/user/.m2/repository/org/apache/hadoop/hadoop-hdds-config/0.5.0-SNAPSHOT/hadoop-hdds-config-0.5.0-SNAPSHOT.jar:/home/user/.m2/repository/io/grpc/grpc-netty/1.17.1/grpc-netty-1.17.1.jar:/home/user/.m2/repository/io/grpc/grpc-core/1.17.1/grpc-core-1.17.1.jar:/home/user/.m2/repository/io/grpc/grpc-context/1.17.1/grpc-context-1.17.1.jar:/home/user/.m2/repository/com/google/errorprone/error_prone_annotations/2.2.0/error_prone_annotations-2.2.0.jar:/home/user/.m2/repository/org/codehaus/mojo/animal-sniffer-annotations/1.17/animal-sniffer-annotations-1.17.jar:/home/user/.m2/repository/io/opencensus/opencensus-api/0.17.0/opencensus-api-0.17.0.jar:/home/user/.m2/repository/io/opencensus/opencensus-contrib-grpc-metrics/0.17.0/opencensus-contrib-grpc-metrics-0.17.0.jar:/home/user/.m2/repository/io/netty/netty-codec-http2/4.1.30.Final/netty-codec-http2-4.1.30.Final.jar:/home/user/.m2/repository/io/netty/netty-codec-http/4.1.30.Final/netty-codec-http-4.1.30.Final.jar:/home/user/.m2/repository/io/netty/netty-codec/4.1.30.Final/netty-codec-4.1.30.Final.jar:/home/user/.m2/repository/io/netty/netty-handler/4.1.30.Final/netty-handler-4.1.30.Final.jar:/home/user/.m2/repository/io/netty/netty-handler-proxy/4.1.30.Final/netty-handler-proxy-4.1.30.Final.jar:/home/user/.m2/repository/io/netty/netty-codec-socks/4.1.30.Final/netty-codec-socks-4.1.30.Final.jar:/home/user/.m2/repository/io/netty/netty-transport-native-epoll/4.1.30.Final/netty-transport-native-epoll-4.1.30.Final.jar:/home/user/.m2/repository/io/netty/netty-common/4.1.30.Final/netty-common-4.1.30.Final.jar:/home/user/.m2/repository/io/netty/netty-buffer/4.1.30.Final/netty-buffer-4.1.30.Final.jar:/home/user/.m2/repository/io/netty/netty-transport/4.1.30.Final/netty-transport-4.1.30.Final.jar:/home/user/.m2/repository/io/netty/netty-resolver/4.1.30.Final/netty-resolver-4.1.30.Final.jar:/home/user/.m2/repository/io/netty/netty-transport-native-unix-common/4.1.30.Final/netty-transport-native-unix-common-4.1.30.Final.jar:/home/user/.m2/repository/io/grpc/grpc-protobuf/1.17.1/grpc-protobuf-1.17.1.jar:/home/user/.m2/repository/com/google/api/grpc/proto-google-common-protos/1.0.0/proto-google-common-protos-1.0.0.jar:/home/user/.m2/repository/io/grpc/grpc-protobuf-lite/1.17.1/grpc-protobuf-lite-1.17.1.jar:/home/user/.m2/repository/io/grpc/grpc-stub/1.17.1/grpc-stub-1.17.1.jar:/home/user/.m2/repository/org/apache/hadoop/hadoop-ozone-recon/0.5.0-SNAPSHOT/hadoop-ozone-recon-0.5.0-SNAPSHOT.jar:/home/user/.m2/repository/org/apache/hadoop/hadoop-ozone-reconcodegen/0.5.0-SNAPSHOT/hadoop-ozone-reconcodegen-0.5.0-SNAPSHOT.jar:/home/user/.m2/repository/com/google/inject/extensions/guice-multibindings/4.0/guice-multibindings-4.0.jar:/home/user/.m2/repository/com/google/inject/guice/4.0/guice-4.0.jar:/home/user/.m2/repository/aopalliance/aopalliance/1.0/aopalliance-1.0.jar:/home/user/.m2/repository/com/google/inject/extensions/guice-servlet/4.0/guice-servlet-4.0.jar:/home/user/.m2/repository/org/glassfish/jersey/containers/jersey-container-servlet/2.27/jersey-container-servlet-2.27.jar:/home/user/.m2/repository/org/glassfish/hk2/guice-bridge/2.5.0/guice-bridge-2.5.0.jar:/home/user/.m2/repository/org/glassfish/jersey/core/jersey-server/2.27/jersey-server-2.27.jar:/home/user/.m2/repository/org/glassfish/jersey/core/jersey-client/2.27/jersey-client-2.27.jar:/home/user/.m2/repository/org/glassfish/jersey/media/jersey-media-jaxb/2.27/jersey-media-jaxb-2.27.jar:/home/user/.m2/repository/javax/validation/validation-api/1.1.0.Final/validation-api-1.1.0.Final.jar:/home/user/.m2/repository/org/glassfish/jersey/media/jersey-media-json-jackson/2.27/jersey-media-json-jackson-2.27.jar:/home/user/.m2/repository/org/glassfish/jersey/ext/jersey-entity-filtering/2.27/jersey-entity-filtering-2.27.jar:/home/user/.m2/repository/com/google/inject/extensions/guice-assistedinject/4.0/guice-assistedinject-4.0.jar:/home/user/.m2/repository/org/jooq/jooq/3.11.10/jooq-3.11.10.jar:/home/user/.m2/repository/org/jooq/jooq-meta/3.11.10/jooq-meta-3.11.10.jar:/home/user/.m2/repository/org/jooq/jooq-codegen/3.11.10/jooq-codegen-3.11.10.jar:/home/user/.m2/repository/com/jolbox/bonecp/0.8.0.RELEASE/bonecp-0.8.0.RELEASE.jar:/home/user/.m2/repository/org/xerial/sqlite-jdbc/3.25.2/sqlite-jdbc-3.25.2.jar:/home/user/.m2/repository/org/springframework/spring-jdbc/5.1.3.RELEASE/spring-jdbc-5.1.3.RELEASE.jar:/home/user/.m2/repository/org/springframework/spring-beans/5.1.3.RELEASE/spring-beans-5.1.3.RELEASE.jar:/home/user/.m2/repository/org/springframework/spring-core/5.1.3.RELEASE/spring-core-5.1.3.RELEASE.jar:/home/user/.m2/repository/org/springframework/spring-jcl/5.1.3.RELEASE/spring-jcl-5.1.3.RELEASE.jar:/home/user/.m2/repository/org/springframework/spring-tx/5.1.3.RELEASE/spring-tx-5.1.3.RELEASE.jar:/home/user/.m2/repository/org/apache/hadoop/hadoop-ozone-client/0.5.0-SNAPSHOT/hadoop-ozone-client-0.5.0-SNAPSHOT.jar:/home/user/.m2/repository/commons-lang/commons-lang/2.6/commons-lang-2.6.jar:/home/user/.m2/repository/org/apache/hadoop/hadoop-ozone-ozone-manager/0.5.0-SNAPSHOT/hadoop-ozone-ozone-manager-0.5.0-SNAPSHOT-tests.jar:/home/user/.m2/repository/junit/junit/4.11/junit-4.11.jar:/home/user/.m2/repository/org/hamcrest/hamcrest-core/1.3/hamcrest-core-1.3.jar:/home/user/.m2/repository/org/openjdk/jmh/jmh-core/1.19/jmh-core-1.19.jar:/home/user/.m2/repository/net/sf/jopt-simple/jopt-simple/4.6/jopt-simple-4.6.jar:/home/user/.m2/repository/org/apache/commons/commons-math3/3.1.1/commons-math3-3.1.1.jar:/home/user/.m2/repository/org/openjdk/jmh/jmh-generator-annprocess/1.19/jmh-generator-annprocess-1.19.jar:/home/user/.m2/repository/org/mockito/mockito-all/1.8.5/mockito-all-1.8.5.jar:/home/user/.m2/repository/org/apache/hadoop/hadoop-kms/3.2.0/hadoop-kms-3.2.0.jar:/home/user/.m2/repository/org/apache/hadoop/hadoop-auth/3.2.0/hadoop-auth-3.2.0.jar:/home/user/.m2/repository/com/nimbusds/nimbus-jose-jwt/4.41.1/nimbus-jose-jwt-4.41.1.jar:/home/user/.m2/repository/com/github/stephenc/jcip/jcip-annotations/1.0-1/jcip-annotations-1.0-1.jar:/home/user/.m2/repository/net/minidev/json-smart/2.3/json-smart-2.3.jar:/home/user/.m2/repository/net/minidev/accessors-smart/1.2/accessors-smart-1.2.jar:/home/user/.m2/repository/org/ow2/asm/asm/5.0.4/asm-5.0.4.jar:/home/user/.m2/repository/org/apache/curator/curator-framework/2.12.0/curator-framework-2.12.0.jar:/home/user/.m2/repository/com/sun/jersey/jersey-core/1.19/jersey-core-1.19.jar:/home/user/.m2/repository/javax/ws/rs/jsr311-api/1.1.1/jsr311-api-1.1.1.jar:/home/user/.m2/repository/com/sun/jersey/jersey-server/1.19/jersey-server-1.19.jar:/home/user/.m2/repository/javax/servlet/javax.servlet-api/3.1.0/javax.servlet-api-3.1.0.jar:/home/user/.m2/repository/org/eclipse/jetty/jetty-server/9.3.25.v20180904/jetty-server-9.3.25.v20180904.jar:/home/user/.m2/repository/org/eclipse/jetty/jetty-http/9.3.25.v20180904/jetty-http-9.3.25.v20180904.jar:/home/user/.m2/repository/org/eclipse/jetty/jetty-io/9.3.25.v20180904/jetty-io-9.3.25.v20180904.jar:/home/user/.m2/repository/org/eclipse/jetty/jetty-webapp/9.3.25.v20180904/jetty-webapp-9.3.25.v20180904.jar:/home/user/.m2/repository/org/eclipse/jetty/jetty-xml/9.3.25.v20180904/jetty-xml-9.3.25.v20180904.jar:/home/user/.m2/repository/log4j/log4j/1.2.17/log4j-1.2.17.jar:/home/user/.m2/repository/org/slf4j/slf4j-api/1.7.25/slf4j-api-1.7.25.jar:/home/user/.m2/repository/org/slf4j/jul-to-slf4j/1.7.25/jul-to-slf4j-1.7.25.jar:/home/user/.m2/repository/org/eclipse/jetty/jetty-util/9.3.25.v20180904/jetty-util-9.3.25.v20180904.jar:/home/user/.m2/repository/com/fasterxml/jackson/core/jackson-databind/2.9.9/jackson-databind-2.9.9.jar:/home/user/.m2/repository/org/apache/hadoop/hadoop-kms/3.2.0/hadoop-kms-3.2.0-tests.jar:/home/user/.m2/repository/org/apache/hadoop/hadoop-hdds-server-scm/0.5.0-SNAPSHOT/hadoop-hdds-server-scm-0.5.0-SNAPSHOT-tests.jar:/home/user/.m2/repository/org/apache/hadoop/hadoop-hdds-container-service/0.5.0-SNAPSHOT/hadoop-hdds-container-service-0.5.0-SNAPSHOT-tests.jar:/home/user/.m2/repository/org/yaml/snakeyaml/1.16/snakeyaml-1.16.jar:/home/user/.m2/repository/org/apache/hadoop/hadoop-common/3.2.0/hadoop-common-3.2.0-tests.jar:/home/user/.m2/repository/org/apache/hadoop/hadoop-annotations/3.2.0/hadoop-annotations-3.2.0.jar:/usr/lib/jvm/java-1.8-openjdk/jre/../lib/tools.jar:/home/user/.m2/repository/commons-cli/commons-cli/1.2/commons-cli-1.2.jar:/home/user/.m2/repository/org/apache/httpcomponents/httpclient/4.5.2/httpclient-4.5.2.jar:/home/user/.m2/repository/org/apache/httpcomponents/httpcore/4.4.4/httpcore-4.4.4.jar:/home/user/.m2/repository/commons-codec/commons-codec/1.11/commons-codec-1.11.jar:/home/user/.m2/repository/commons-net/commons-net/3.6/commons-net-3.6.jar:/home/user/.m2/repository/commons-collections/commons-collections/3.2.2/commons-collections-3.2.2.jar:/home/user/.m2/repository/org/eclipse/jetty/jetty-servlet/9.3.25.v20180904/jetty-servlet-9.3.25.v20180904.jar:/home/user/.m2/repository/org/eclipse/jetty/jetty-security/9.3.25.v20180904/jetty-security-9.3.25.v20180904.jar:/home/user/.m2/repository/javax/servlet/jsp/jsp-api/2.1/jsp-api-2.1.jar:/home/user/.m2/repository/com/sun/jersey/jersey-servlet/1.19/jersey-servlet-1.19.jar:/home/user/.m2/repository/com/sun/jersey/jersey-json/1.19/jersey-json-1.19.jar:/home/user/.m2/repository/org/codehaus/jettison/jettison/1.1/jettison-1.1.jar:/home/user/.m2/repository/org/codehaus/jackson/jackson-core-asl/1.9.13/jackson-core-asl-1.9.13.jar:/home/user/.m2/repository/org/codehaus/jackson/jackson-mapper-asl/1.9.13/jackson-mapper-asl-1.9.13.jar:/home/user/.m2/repository/org/codehaus/jackson/jackson-jaxrs/1.9.13/jackson-jaxrs-1.9.13.jar:/home/user/.m2/repository/org/codehaus/jackson/jackson-xc/1.9.13/jackson-xc-1.9.13.jar:/home/user/.m2/repository/commons-logging/commons-logging/1.1.3/commons-logging-1.1.3.jar:/home/user/.m2/repository/commons-beanutils/commons-beanutils/1.9.4/commons-beanutils-1.9.4.jar:/home/user/.m2/repository/org/apache/commons/commons-configuration2/2.1.1/commons-configuration2-2.1.1.jar:/home/user/.m2/repository/org/apache/commons/commons-lang3/3.7/commons-lang3-3.7.jar:/home/user/.m2/repository/org/apache/commons/commons-text/1.4/commons-text-1.4.jar:/home/user/.m2/repository/org/apache/avro/avro/1.7.7/avro-1.7.7.jar:/home/user/.m2/repository/com/thoughtworks/paranamer/paranamer/2.3/paranamer-2.3.jar:/home/user/.m2/repository/org/xerial/snappy/snappy-java/1.0.5/snappy-java-1.0.5.jar:/home/user/.m2/repository/com/google/re2j/re2j/1.1/re2j-1.1.jar:/home/user/.m2/repository/com/google/code/gson/gson/2.2.4/gson-2.2.4.jar:/home/user/.m2/repository/com/jcraft/jsch/0.1.54/jsch-0.1.54.jar:/home/user/.m2/repository/org/apache/curator/curator-client/2.12.0/curator-client-2.12.0.jar:/home/user/.m2/repository/org/apache/curator/curator-recipes/2.12.0/curator-recipes-2.12.0.jar:/home/user/.m2/repository/com/google/code/findbugs/jsr305/3.0.0/jsr305-3.0.0.jar:/home/user/.m2/repository/org/apache/htrace/htrace-core4/4.1.0-incubating/htrace-core4-4.1.0-incubating.jar:/home/user/.m2/repository/org/apache/zookeeper/zookeeper/3.4.13/zookeeper-3.4.13.jar:/home/user/.m2/repository/jline/jline/0.9.94/jline-0.9.94.jar:/home/user/.m2/repository/org/apache/yetus/audience-annotations/0.5.0/audience-annotations-0.5.0.jar:/home/user/.m2/repository/org/codehaus/woodstox/stax2-api/3.1.4/stax2-api-3.1.4.jar:/home/user/.m2/repository/com/fasterxml/woodstox/woodstox-core/5.0.3/woodstox-core-5.0.3.jar:/home/user/.m2/repository/dnsjava/dnsjava/2.1.7/dnsjava-2.1.7.jar:/home/user/.m2/repository/org/apache/hadoop/hadoop-hdfs/3.2.0/hadoop-hdfs-3.2.0-tests.jar:/home/user/.m2/repository/org/eclipse/jetty/jetty-util-ajax/9.3.25.v20180904/jetty-util-ajax-9.3.25.v20180904.jar:/home/user/.m2/repository/commons-daemon/commons-daemon/1.0.13/commons-daemon-1.0.13.jar:/home/user/.m2/repository/io/netty/netty/3.10.5.Final/netty-3.10.5.Final.jar:/home/user/.m2/repository/io/netty/netty-all/4.0.52.Final/netty-all-4.0.52.Final.jar:/home/user/.m2/repository/org/fusesource/leveldbjni/leveldbjni-all/1.8/leveldbjni-all-1.8.jar:"/>
    <property name="java.vm.vendor" value="IcedTea"/>
    <property name="sun.arch.data.model" value="64"/>
    <property name="test.build.dir" value="/workdir/hadoop-ozone/integration-test/target/test-dir"/>
    <property name="test.cache.data" value=""/>
    <property name="java.vendor.url" value="https://icedtea.classpath.org"/>
    <property name="user.timezone" value=""/>
    <property name="java.vm.specification.version" value="1.8"/>
    <property name="os.name" value="Linux"/>
    <property name="test.build.data" value="/workdir/hadoop-ozone/integration-test/target/test-dir"/>
    <property name="user.country" value="US"/>
    <property name="sun.java.launcher" value="SUN_STANDARD"/>
    <property name="sun.boot.library.path" value="/usr/lib/jvm/java-1.8-openjdk/jre/lib/amd64"/>
    <property name="sun.java.command" value="/workdir/hadoop-ozone/integration-test/target/surefire/surefirebooter3255777379711689042.jar /workdir/hadoop-ozone/integration-test/target/surefire 2019-10-08T17-35-48_857-jvmRun1 surefire8159028848473656912tmp surefire_624040366405923543193tmp"/>
    <property name="test" value="!TestMiniChaosOzoneCluster"/>
    <property name="surefire.test.class.path" value="/workdir/hadoop-ozone/integration-test/target/test-classes:/workdir/hadoop-ozone/integration-test/target/classes:/home/user/.m2/repository/org/apache/hadoop/hadoop-ozone-common/0.5.0-SNAPSHOT/hadoop-ozone-common-0.5.0-SNAPSHOT.jar:/home/user/.m2/repository/org/apache/commons/commons-compress/1.4.1/commons-compress-1.4.1.jar:/home/user/.m2/repository/org/tukaani/xz/1.0/xz-1.0.jar:/home/user/.m2/repository/org/apache/hadoop/hadoop-common/3.2.0/hadoop-common-3.2.0.jar:/home/user/.m2/repository/org/apache/hadoop/hadoop-hdfs/3.2.0/hadoop-hdfs-3.2.0.jar:/home/user/.m2/repository/org/apache/hadoop/hadoop-hdfs-client/3.2.0/hadoop-hdfs-client-3.2.0.jar:/home/user/.m2/repository/com/fasterxml/jackson/core/jackson-annotations/2.9.9/jackson-annotations-2.9.9.jar:/home/user/.m2/repository/org/apache/hadoop/hadoop-hdds-common/0.5.0-SNAPSHOT/hadoop-hdds-common-0.5.0-SNAPSHOT.jar:/home/user/.m2/repository/javax/annotation/javax.annotation-api/1.2/javax.annotation-api-1.2.jar:/home/user/.m2/repository/org/apache/ratis/ratis-server/0.5.0-201fc85-SNAPSHOT/ratis-server-0.5.0-201fc85-SNAPSHOT.jar:/home/user/.m2/repository/org/apache/ratis/ratis-thirdparty-misc/0.2.0/ratis-thirdparty-misc-0.2.0.jar:/home/user/.m2/repository/org/apache/ratis/ratis-proto/0.5.0-201fc85-SNAPSHOT/ratis-proto-0.5.0-201fc85-SNAPSHOT.jar:/home/user/.m2/repository/org/apache/ratis/ratis-common/0.5.0-201fc85-SNAPSHOT/ratis-common-0.5.0-201fc85-SNAPSHOT.jar:/home/user/.m2/repository/org/apache/ratis/ratis-client/0.5.0-201fc85-SNAPSHOT/ratis-client-0.5.0-201fc85-SNAPSHOT.jar:/home/user/.m2/repository/org/apache/ratis/ratis-metrics/0.5.0-201fc85-SNAPSHOT/ratis-metrics-0.5.0-201fc85-SNAPSHOT.jar:/home/user/.m2/repository/com/github/joshelser/dropwizard-metrics-hadoop-metrics2-reporter/0.1.2/dropwizard-metrics-hadoop-metrics2-reporter-0.1.2.jar:/home/user/.m2/repository/io/dropwizard/metrics/metrics-jvm/3.2.5/metrics-jvm-3.2.5.jar:/home/user/.m2/repository/io/dropwizard/metrics/metrics-ganglia/3.2.5/metrics-ganglia-3.2.5.jar:/home/user/.m2/repository/info/ganglia/gmetric4j/gmetric4j/1.0.7/gmetric4j-1.0.7.jar:/home/user/.m2/repository/org/apache/ratis/ratis-netty/0.5.0-201fc85-SNAPSHOT/ratis-netty-0.5.0-201fc85-SNAPSHOT.jar:/home/user/.m2/repository/org/apache/ratis/ratis-grpc/0.5.0-201fc85-SNAPSHOT/ratis-grpc-0.5.0-201fc85-SNAPSHOT.jar:/home/user/.m2/repository/org/rocksdb/rocksdbjni/6.0.1/rocksdbjni-6.0.1.jar:/home/user/.m2/repository/org/apache/logging/log4j/log4j-api/2.11.0/log4j-api-2.11.0.jar:/home/user/.m2/repository/org/apache/logging/log4j/log4j-core/2.11.0/log4j-core-2.11.0.jar:/home/user/.m2/repository/com/lmax/disruptor/3.4.2/disruptor-3.4.2.jar:/home/user/.m2/repository/org/apache/commons/commons-pool2/2.6.0/commons-pool2-2.6.0.jar:/home/user/.m2/repository/org/bouncycastle/bcpkix-jdk15on/1.60/bcpkix-jdk15on-1.60.jar:/home/user/.m2/repository/commons-validator/commons-validator/1.6/commons-validator-1.6.jar:/home/user/.m2/repository/commons-digester/commons-digester/1.8.1/commons-digester-1.8.1.jar:/home/user/.m2/repository/io/jaegertracing/jaeger-client/0.34.0/jaeger-client-0.34.0.jar:/home/user/.m2/repository/io/jaegertracing/jaeger-thrift/0.34.0/jaeger-thrift-0.34.0.jar:/home/user/.m2/repository/org/apache/thrift/libthrift/0.12.0/libthrift-0.12.0.jar:/home/user/.m2/repository/com/squareup/okhttp3/okhttp/3.9.0/okhttp-3.9.0.jar:/home/user/.m2/repository/com/squareup/okio/okio/1.13.0/okio-1.13.0.jar:/home/user/.m2/repository/io/jaegertracing/jaeger-core/0.34.0/jaeger-core-0.34.0.jar:/home/user/.m2/repository/io/jaegertracing/jaeger-tracerresolver/0.34.0/jaeger-tracerresolver-0.34.0.jar:/home/user/.m2/repository/io/opentracing/contrib/opentracing-tracerresolver/0.1.5/opentracing-tracerresolver-0.1.5.jar:/home/user/.m2/repository/io/opentracing/opentracing-util/0.31.0/opentracing-util-0.31.0.jar:/home/user/.m2/repository/io/opentracing/opentracing-api/0.31.0/opentracing-api-0.31.0.jar:/home/user/.m2/repository/io/opentracing/opentracing-noop/0.31.0/opentracing-noop-0.31.0.jar:/home/user/.m2/repository/org/apache/hadoop/hadoop-hdds-server-framework/0.5.0-SNAPSHOT/hadoop-hdds-server-framework-0.5.0-SNAPSHOT.jar:/home/user/.m2/repository/org/apache/hadoop/hadoop-hdds-container-service/0.5.0-SNAPSHOT/hadoop-hdds-container-service-0.5.0-SNAPSHOT.jar:/home/user/.m2/repository/org/apache/hadoop/hadoop-hdds-client/0.5.0-SNAPSHOT/hadoop-hdds-client-0.5.0-SNAPSHOT.jar:/home/user/.m2/repository/org/apache/hadoop/hadoop-hdds-tools/0.5.0-SNAPSHOT/hadoop-hdds-tools-0.5.0-SNAPSHOT.jar:/home/user/.m2/repository/org/apache/hadoop/hadoop-hdds-server-scm/0.5.0-SNAPSHOT/hadoop-hdds-server-scm-0.5.0-SNAPSHOT.jar:/home/user/.m2/repository/org/apache/hadoop/hadoop-hdds-docs/0.5.0-SNAPSHOT/hadoop-hdds-docs-0.5.0-SNAPSHOT.jar:/home/user/.m2/repository/io/dropwizard/metrics/metrics-core/3.2.4/metrics-core-3.2.4.jar:/home/user/.m2/repository/org/hamcrest/hamcrest-all/1.3/hamcrest-all-1.3.jar:/home/user/.m2/repository/org/bouncycastle/bcprov-jdk15on/1.60/bcprov-jdk15on-1.60.jar:/home/user/.m2/repository/info/picocli/picocli/3.9.6/picocli-3.9.6.jar:/home/user/.m2/repository/com/google/protobuf/protobuf-java/2.5.0/protobuf-java-2.5.0.jar:/home/user/.m2/repository/com/google/guava/guava/11.0.2/guava-11.0.2.jar:/home/user/.m2/repository/org/apache/hadoop/hadoop-ozone-ozone-manager/0.5.0-SNAPSHOT/hadoop-ozone-ozone-manager-0.5.0-SNAPSHOT.jar:/home/user/.m2/repository/org/apache/hadoop/hadoop-minikdc/3.2.0/hadoop-minikdc-3.2.0.jar:/home/user/.m2/repository/commons-io/commons-io/2.5/commons-io-2.5.jar:/home/user/.m2/repository/org/apache/kerby/kerb-simplekdc/1.0.1/kerb-simplekdc-1.0.1.jar:/home/user/.m2/repository/org/apache/kerby/kerb-client/1.0.1/kerb-client-1.0.1.jar:/home/user/.m2/repository/org/apache/kerby/kerby-config/1.0.1/kerby-config-1.0.1.jar:/home/user/.m2/repository/org/apache/kerby/kerb-core/1.0.1/kerb-core-1.0.1.jar:/home/user/.m2/repository/org/apache/kerby/kerby-pkix/1.0.1/kerby-pkix-1.0.1.jar:/home/user/.m2/repository/org/apache/kerby/kerby-asn1/1.0.1/kerby-asn1-1.0.1.jar:/home/user/.m2/repository/org/apache/kerby/kerby-util/1.0.1/kerby-util-1.0.1.jar:/home/user/.m2/repository/org/apache/kerby/kerb-common/1.0.1/kerb-common-1.0.1.jar:/home/user/.m2/repository/org/apache/kerby/kerb-crypto/1.0.1/kerb-crypto-1.0.1.jar:/home/user/.m2/repository/org/apache/kerby/kerb-util/1.0.1/kerb-util-1.0.1.jar:/home/user/.m2/repository/org/apache/kerby/token-provider/1.0.1/token-provider-1.0.1.jar:/home/user/.m2/repository/org/apache/kerby/kerb-admin/1.0.1/kerb-admin-1.0.1.jar:/home/user/.m2/repository/org/apache/kerby/kerb-server/1.0.1/kerb-server-1.0.1.jar:/home/user/.m2/repository/org/apache/kerby/kerb-identity/1.0.1/kerb-identity-1.0.1.jar:/home/user/.m2/repository/org/apache/kerby/kerby-xdr/1.0.1/kerby-xdr-1.0.1.jar:/home/user/.m2/repository/org/slf4j/slf4j-log4j12/1.7.25/slf4j-log4j12-1.7.25.jar:/home/user/.m2/repository/org/apache/hadoop/hadoop-ozone-s3gateway/0.5.0-SNAPSHOT/hadoop-ozone-s3gateway-0.5.0-SNAPSHOT.jar:/home/user/.m2/repository/org/jboss/weld/servlet/weld-servlet/2.4.7.Final/weld-servlet-2.4.7.Final.jar:/home/user/.m2/repository/org/glassfish/jersey/containers/jersey-container-servlet-core/2.27/jersey-container-servlet-core-2.27.jar:/home/user/.m2/repository/org/glassfish/hk2/external/javax.inject/2.5.0-b42/javax.inject-2.5.0-b42.jar:/home/user/.m2/repository/org/glassfish/jersey/core/jersey-common/2.27/jersey-common-2.27.jar:/home/user/.m2/repository/org/glassfish/hk2/osgi-resource-locator/1.0.1/osgi-resource-locator-1.0.1.jar:/home/user/.m2/repository/javax/ws/rs/javax.ws.rs-api/2.1/javax.ws.rs-api-2.1.jar:/home/user/.m2/repository/org/glassfish/jersey/ext/cdi/jersey-cdi1x/2.27/jersey-cdi1x-2.27.jar:/home/user/.m2/repository/org/glassfish/jersey/inject/jersey-hk2/2.27/jersey-hk2-2.27.jar:/home/user/.m2/repository/org/glassfish/hk2/hk2-locator/2.5.0-b42/hk2-locator-2.5.0-b42.jar:/home/user/.m2/repository/org/javassist/javassist/3.22.0-CR2/javassist-3.22.0-CR2.jar:/home/user/.m2/repository/org/glassfish/hk2/hk2-api/2.5.0/hk2-api-2.5.0.jar:/home/user/.m2/repository/org/glassfish/hk2/external/jakarta.inject/2.5.0/jakarta.inject-2.5.0.jar:/home/user/.m2/repository/org/glassfish/hk2/hk2-utils/2.5.0/hk2-utils-2.5.0.jar:/home/user/.m2/repository/jakarta/annotation/jakarta.annotation-api/1.3.4/jakarta.annotation-api-1.3.4.jar:/home/user/.m2/repository/org/glassfish/hk2/external/aopalliance-repackaged/2.5.0/aopalliance-repackaged-2.5.0.jar:/home/user/.m2/repository/com/fasterxml/jackson/dataformat/jackson-dataformat-xml/2.9.0/jackson-dataformat-xml-2.9.0.jar:/home/user/.m2/repository/com/fasterxml/jackson/core/jackson-core/2.9.9/jackson-core-2.9.9.jar:/home/user/.m2/repository/com/fasterxml/jackson/module/jackson-module-jaxb-annotations/2.9.9/jackson-module-jaxb-annotations-2.9.9.jar:/home/user/.m2/repository/javax/enterprise/cdi-api/1.2/cdi-api-1.2.jar:/home/user/.m2/repository/javax/el/javax.el-api/3.0.0/javax.el-api-3.0.0.jar:/home/user/.m2/repository/javax/interceptor/javax.interceptor-api/1.2/javax.interceptor-api-1.2.jar:/home/user/.m2/repository/javax/inject/javax.inject/1/javax.inject-1.jar:/home/user/.m2/repository/com/sun/xml/bind/jaxb-impl/2.3.0.1/jaxb-impl-2.3.0.1.jar:/home/user/.m2/repository/com/sun/xml/bind/jaxb-core/2.3.0.1/jaxb-core-2.3.0.1.jar:/home/user/.m2/repository/javax/xml/bind/jaxb-api/2.3.0/jaxb-api-2.3.0.jar:/home/user/.m2/repository/javax/activation/activation/1.1.1/activation-1.1.1.jar:/home/user/.m2/repository/org/apache/hadoop/hadoop-ozone-csi/0.5.0-SNAPSHOT/hadoop-ozone-csi-0.5.0-SNAPSHOT.jar:/home/user/.m2/repository/com/google/protobuf/protobuf-java-util/3.5.1/protobuf-java-util-3.5.1.jar:/home/user/.m2/repository/org/apache/hadoop/hadoop-hdds-config/0.5.0-SNAPSHOT/hadoop-hdds-config-0.5.0-SNAPSHOT.jar:/home/user/.m2/repository/io/grpc/grpc-netty/1.17.1/grpc-netty-1.17.1.jar:/home/user/.m2/repository/io/grpc/grpc-core/1.17.1/grpc-core-1.17.1.jar:/home/user/.m2/repository/io/grpc/grpc-context/1.17.1/grpc-context-1.17.1.jar:/home/user/.m2/repository/com/google/errorprone/error_prone_annotations/2.2.0/error_prone_annotations-2.2.0.jar:/home/user/.m2/repository/org/codehaus/mojo/animal-sniffer-annotations/1.17/animal-sniffer-annotations-1.17.jar:/home/user/.m2/repository/io/opencensus/opencensus-api/0.17.0/opencensus-api-0.17.0.jar:/home/user/.m2/repository/io/opencensus/opencensus-contrib-grpc-metrics/0.17.0/opencensus-contrib-grpc-metrics-0.17.0.jar:/home/user/.m2/repository/io/netty/netty-codec-http2/4.1.30.Final/netty-codec-http2-4.1.30.Final.jar:/home/user/.m2/repository/io/netty/netty-codec-http/4.1.30.Final/netty-codec-http-4.1.30.Final.jar:/home/user/.m2/repository/io/netty/netty-codec/4.1.30.Final/netty-codec-4.1.30.Final.jar:/home/user/.m2/repository/io/netty/netty-handler/4.1.30.Final/netty-handler-4.1.30.Final.jar:/home/user/.m2/repository/io/netty/netty-handler-proxy/4.1.30.Final/netty-handler-proxy-4.1.30.Final.jar:/home/user/.m2/repository/io/netty/netty-codec-socks/4.1.30.Final/netty-codec-socks-4.1.30.Final.jar:/home/user/.m2/repository/io/netty/netty-transport-native-epoll/4.1.30.Final/netty-transport-native-epoll-4.1.30.Final.jar:/home/user/.m2/repository/io/netty/netty-common/4.1.30.Final/netty-common-4.1.30.Final.jar:/home/user/.m2/repository/io/netty/netty-buffer/4.1.30.Final/netty-buffer-4.1.30.Final.jar:/home/user/.m2/repository/io/netty/netty-transport/4.1.30.Final/netty-transport-4.1.30.Final.jar:/home/user/.m2/repository/io/netty/netty-resolver/4.1.30.Final/netty-resolver-4.1.30.Final.jar:/home/user/.m2/repository/io/netty/netty-transport-native-unix-common/4.1.30.Final/netty-transport-native-unix-common-4.1.30.Final.jar:/home/user/.m2/repository/io/grpc/grpc-protobuf/1.17.1/grpc-protobuf-1.17.1.jar:/home/user/.m2/repository/com/google/api/grpc/proto-google-common-protos/1.0.0/proto-google-common-protos-1.0.0.jar:/home/user/.m2/repository/io/grpc/grpc-protobuf-lite/1.17.1/grpc-protobuf-lite-1.17.1.jar:/home/user/.m2/repository/io/grpc/grpc-stub/1.17.1/grpc-stub-1.17.1.jar:/home/user/.m2/repository/org/apache/hadoop/hadoop-ozone-recon/0.5.0-SNAPSHOT/hadoop-ozone-recon-0.5.0-SNAPSHOT.jar:/home/user/.m2/repository/org/apache/hadoop/hadoop-ozone-reconcodegen/0.5.0-SNAPSHOT/hadoop-ozone-reconcodegen-0.5.0-SNAPSHOT.jar:/home/user/.m2/repository/com/google/inject/extensions/guice-multibindings/4.0/guice-multibindings-4.0.jar:/home/user/.m2/repository/com/google/inject/guice/4.0/guice-4.0.jar:/home/user/.m2/repository/aopalliance/aopalliance/1.0/aopalliance-1.0.jar:/home/user/.m2/repository/com/google/inject/extensions/guice-servlet/4.0/guice-servlet-4.0.jar:/home/user/.m2/repository/org/glassfish/jersey/containers/jersey-container-servlet/2.27/jersey-container-servlet-2.27.jar:/home/user/.m2/repository/org/glassfish/hk2/guice-bridge/2.5.0/guice-bridge-2.5.0.jar:/home/user/.m2/repository/org/glassfish/jersey/core/jersey-server/2.27/jersey-server-2.27.jar:/home/user/.m2/repository/org/glassfish/jersey/core/jersey-client/2.27/jersey-client-2.27.jar:/home/user/.m2/repository/org/glassfish/jersey/media/jersey-media-jaxb/2.27/jersey-media-jaxb-2.27.jar:/home/user/.m2/repository/javax/validation/validation-api/1.1.0.Final/validation-api-1.1.0.Final.jar:/home/user/.m2/repository/org/glassfish/jersey/media/jersey-media-json-jackson/2.27/jersey-media-json-jackson-2.27.jar:/home/user/.m2/repository/org/glassfish/jersey/ext/jersey-entity-filtering/2.27/jersey-entity-filtering-2.27.jar:/home/user/.m2/repository/com/google/inject/extensions/guice-assistedinject/4.0/guice-assistedinject-4.0.jar:/home/user/.m2/repository/org/jooq/jooq/3.11.10/jooq-3.11.10.jar:/home/user/.m2/repository/org/jooq/jooq-meta/3.11.10/jooq-meta-3.11.10.jar:/home/user/.m2/repository/org/jooq/jooq-codegen/3.11.10/jooq-codegen-3.11.10.jar:/home/user/.m2/repository/com/jolbox/bonecp/0.8.0.RELEASE/bonecp-0.8.0.RELEASE.jar:/home/user/.m2/repository/org/xerial/sqlite-jdbc/3.25.2/sqlite-jdbc-3.25.2.jar:/home/user/.m2/repository/org/springframework/spring-jdbc/5.1.3.RELEASE/spring-jdbc-5.1.3.RELEASE.jar:/home/user/.m2/repository/org/springframework/spring-beans/5.1.3.RELEASE/spring-beans-5.1.3.RELEASE.jar:/home/user/.m2/repository/org/springframework/spring-core/5.1.3.RELEASE/spring-core-5.1.3.RELEASE.jar:/home/user/.m2/repository/org/springframework/spring-jcl/5.1.3.RELEASE/spring-jcl-5.1.3.RELEASE.jar:/home/user/.m2/repository/org/springframework/spring-tx/5.1.3.RELEASE/spring-tx-5.1.3.RELEASE.jar:/home/user/.m2/repository/org/apache/hadoop/hadoop-ozone-client/0.5.0-SNAPSHOT/hadoop-ozone-client-0.5.0-SNAPSHOT.jar:/home/user/.m2/repository/commons-lang/commons-lang/2.6/commons-lang-2.6.jar:/home/user/.m2/repository/org/apache/hadoop/hadoop-ozone-ozone-manager/0.5.0-SNAPSHOT/hadoop-ozone-ozone-manager-0.5.0-SNAPSHOT-tests.jar:/home/user/.m2/repository/junit/junit/4.11/junit-4.11.jar:/home/user/.m2/repository/org/hamcrest/hamcrest-core/1.3/hamcrest-core-1.3.jar:/home/user/.m2/repository/org/openjdk/jmh/jmh-core/1.19/jmh-core-1.19.jar:/home/user/.m2/repository/net/sf/jopt-simple/jopt-simple/4.6/jopt-simple-4.6.jar:/home/user/.m2/repository/org/apache/commons/commons-math3/3.1.1/commons-math3-3.1.1.jar:/home/user/.m2/repository/org/openjdk/jmh/jmh-generator-annprocess/1.19/jmh-generator-annprocess-1.19.jar:/home/user/.m2/repository/org/mockito/mockito-all/1.8.5/mockito-all-1.8.5.jar:/home/user/.m2/repository/org/apache/hadoop/hadoop-kms/3.2.0/hadoop-kms-3.2.0.jar:/home/user/.m2/repository/org/apache/hadoop/hadoop-auth/3.2.0/hadoop-auth-3.2.0.jar:/home/user/.m2/repository/com/nimbusds/nimbus-jose-jwt/4.41.1/nimbus-jose-jwt-4.41.1.jar:/home/user/.m2/repository/com/github/stephenc/jcip/jcip-annotations/1.0-1/jcip-annotations-1.0-1.jar:/home/user/.m2/repository/net/minidev/json-smart/2.3/json-smart-2.3.jar:/home/user/.m2/repository/net/minidev/accessors-smart/1.2/accessors-smart-1.2.jar:/home/user/.m2/repository/org/ow2/asm/asm/5.0.4/asm-5.0.4.jar:/home/user/.m2/repository/org/apache/curator/curator-framework/2.12.0/curator-framework-2.12.0.jar:/home/user/.m2/repository/com/sun/jersey/jersey-core/1.19/jersey-core-1.19.jar:/home/user/.m2/repository/javax/ws/rs/jsr311-api/1.1.1/jsr311-api-1.1.1.jar:/home/user/.m2/repository/com/sun/jersey/jersey-server/1.19/jersey-server-1.19.jar:/home/user/.m2/repository/javax/servlet/javax.servlet-api/3.1.0/javax.servlet-api-3.1.0.jar:/home/user/.m2/repository/org/eclipse/jetty/jetty-server/9.3.25.v20180904/jetty-server-9.3.25.v20180904.jar:/home/user/.m2/repository/org/eclipse/jetty/jetty-http/9.3.25.v20180904/jetty-http-9.3.25.v20180904.jar:/home/user/.m2/repository/org/eclipse/jetty/jetty-io/9.3.25.v20180904/jetty-io-9.3.25.v20180904.jar:/home/user/.m2/repository/org/eclipse/jetty/jetty-webapp/9.3.25.v20180904/jetty-webapp-9.3.25.v20180904.jar:/home/user/.m2/repository/org/eclipse/jetty/jetty-xml/9.3.25.v20180904/jetty-xml-9.3.25.v20180904.jar:/home/user/.m2/repository/log4j/log4j/1.2.17/log4j-1.2.17.jar:/home/user/.m2/repository/org/slf4j/slf4j-api/1.7.25/slf4j-api-1.7.25.jar:/home/user/.m2/repository/org/slf4j/jul-to-slf4j/1.7.25/jul-to-slf4j-1.7.25.jar:/home/user/.m2/repository/org/eclipse/jetty/jetty-util/9.3.25.v20180904/jetty-util-9.3.25.v20180904.jar:/home/user/.m2/repository/com/fasterxml/jackson/core/jackson-databind/2.9.9/jackson-databind-2.9.9.jar:/home/user/.m2/repository/org/apache/hadoop/hadoop-kms/3.2.0/hadoop-kms-3.2.0-tests.jar:/home/user/.m2/repository/org/apache/hadoop/hadoop-hdds-server-scm/0.5.0-SNAPSHOT/hadoop-hdds-server-scm-0.5.0-SNAPSHOT-tests.jar:/home/user/.m2/repository/org/apache/hadoop/hadoop-hdds-container-service/0.5.0-SNAPSHOT/hadoop-hdds-container-service-0.5.0-SNAPSHOT-tests.jar:/home/user/.m2/repository/org/yaml/snakeyaml/1.16/snakeyaml-1.16.jar:/home/user/.m2/repository/org/apache/hadoop/hadoop-common/3.2.0/hadoop-common-3.2.0-tests.jar:/home/user/.m2/repository/org/apache/hadoop/hadoop-annotations/3.2.0/hadoop-annotations-3.2.0.jar:/usr/lib/jvm/java-1.8-openjdk/jre/../lib/tools.jar:/home/user/.m2/repository/commons-cli/commons-cli/1.2/commons-cli-1.2.jar:/home/user/.m2/repository/org/apache/httpcomponents/httpclient/4.5.2/httpclient-4.5.2.jar:/home/user/.m2/repository/org/apache/httpcomponents/httpcore/4.4.4/httpcore-4.4.4.jar:/home/user/.m2/repository/commons-codec/commons-codec/1.11/commons-codec-1.11.jar:/home/user/.m2/repository/commons-net/commons-net/3.6/commons-net-3.6.jar:/home/user/.m2/repository/commons-collections/commons-collections/3.2.2/commons-collections-3.2.2.jar:/home/user/.m2/repository/org/eclipse/jetty/jetty-servlet/9.3.25.v20180904/jetty-servlet-9.3.25.v20180904.jar:/home/user/.m2/repository/org/eclipse/jetty/jetty-security/9.3.25.v20180904/jetty-security-9.3.25.v20180904.jar:/home/user/.m2/repository/javax/servlet/jsp/jsp-api/2.1/jsp-api-2.1.jar:/home/user/.m2/repository/com/sun/jersey/jersey-servlet/1.19/jersey-servlet-1.19.jar:/home/user/.m2/repository/com/sun/jersey/jersey-json/1.19/jersey-json-1.19.jar:/home/user/.m2/repository/org/codehaus/jettison/jettison/1.1/jettison-1.1.jar:/home/user/.m2/repository/org/codehaus/jackson/jackson-core-asl/1.9.13/jackson-core-asl-1.9.13.jar:/home/user/.m2/repository/org/codehaus/jackson/jackson-mapper-asl/1.9.13/jackson-mapper-asl-1.9.13.jar:/home/user/.m2/repository/org/codehaus/jackson/jackson-jaxrs/1.9.13/jackson-jaxrs-1.9.13.jar:/home/user/.m2/repository/org/codehaus/jackson/jackson-xc/1.9.13/jackson-xc-1.9.13.jar:/home/user/.m2/repository/commons-logging/commons-logging/1.1.3/commons-logging-1.1.3.jar:/home/user/.m2/repository/commons-beanutils/commons-beanutils/1.9.4/commons-beanutils-1.9.4.jar:/home/user/.m2/repository/org/apache/commons/commons-configuration2/2.1.1/commons-configuration2-2.1.1.jar:/home/user/.m2/repository/org/apache/commons/commons-lang3/3.7/commons-lang3-3.7.jar:/home/user/.m2/repository/org/apache/commons/commons-text/1.4/commons-text-1.4.jar:/home/user/.m2/repository/org/apache/avro/avro/1.7.7/avro-1.7.7.jar:/home/user/.m2/repository/com/thoughtworks/paranamer/paranamer/2.3/paranamer-2.3.jar:/home/user/.m2/repository/org/xerial/snappy/snappy-java/1.0.5/snappy-java-1.0.5.jar:/home/user/.m2/repository/com/google/re2j/re2j/1.1/re2j-1.1.jar:/home/user/.m2/repository/com/google/code/gson/gson/2.2.4/gson-2.2.4.jar:/home/user/.m2/repository/com/jcraft/jsch/0.1.54/jsch-0.1.54.jar:/home/user/.m2/repository/org/apache/curator/curator-client/2.12.0/curator-client-2.12.0.jar:/home/user/.m2/repository/org/apache/curator/curator-recipes/2.12.0/curator-recipes-2.12.0.jar:/home/user/.m2/repository/com/google/code/findbugs/jsr305/3.0.0/jsr305-3.0.0.jar:/home/user/.m2/repository/org/apache/htrace/htrace-core4/4.1.0-incubating/htrace-core4-4.1.0-incubating.jar:/home/user/.m2/repository/org/apache/zookeeper/zookeeper/3.4.13/zookeeper-3.4.13.jar:/home/user/.m2/repository/jline/jline/0.9.94/jline-0.9.94.jar:/home/user/.m2/repository/org/apache/yetus/audience-annotations/0.5.0/audience-annotations-0.5.0.jar:/home/user/.m2/repository/org/codehaus/woodstox/stax2-api/3.1.4/stax2-api-3.1.4.jar:/home/user/.m2/repository/com/fasterxml/woodstox/woodstox-core/5.0.3/woodstox-core-5.0.3.jar:/home/user/.m2/repository/dnsjava/dnsjava/2.1.7/dnsjava-2.1.7.jar:/home/user/.m2/repository/org/apache/hadoop/hadoop-hdfs/3.2.0/hadoop-hdfs-3.2.0-tests.jar:/home/user/.m2/repository/org/eclipse/jetty/jetty-util-ajax/9.3.25.v20180904/jetty-util-ajax-9.3.25.v20180904.jar:/home/user/.m2/repository/commons-daemon/commons-daemon/1.0.13/commons-daemon-1.0.13.jar:/home/user/.m2/repository/io/netty/netty/3.10.5.Final/netty-3.10.5.Final.jar:/home/user/.m2/repository/io/netty/netty-all/4.0.52.Final/netty-all-4.0.52.Final.jar:/home/user/.m2/repository/org/fusesource/leveldbjni/leveldbjni-all/1.8/leveldbjni-all-1.8.jar:"/>
    <property name="sun.cpu.endian" value="little"/>
    <property name="user.home" value="/home/user"/>
    <property name="user.language" value="en"/>
    <property name="java.specification.vendor" value="Oracle Corporation"/>
    <property name="java.home" value="/usr/lib/jvm/java-1.8-openjdk/jre"/>
    <property name="java.security.krb5.conf" value="/workdir/hadoop-ozone/integration-test/target/test-classes/krb5.conf"/>
    <property name="basedir" value="/workdir/hadoop-ozone/integration-test"/>
    <property name="file.separator" value="/"/>
    <property name="line.separator" value="&#10;"/>
    <property name="java.vm.specification.vendor" value="Oracle Corporation"/>
    <property name="java.specification.name" value="Java Platform API Specification"/>
    <property name="java.awt.graphicsenv" value="sun.awt.X11GraphicsEnvironment"/>
    <property name="surefire.real.class.path" value="/workdir/hadoop-ozone/integration-test/target/surefire/surefirebooter3255777379711689042.jar"/>
    <property name="hadoop.log.dir" value="/workdir/hadoop-ozone/integration-test/target/log"/>
    <property name="sun.boot.class.path" value="/usr/lib/jvm/java-1.8-openjdk/jre/lib/resources.jar:/usr/lib/jvm/java-1.8-openjdk/jre/lib/rt.jar:/usr/lib/jvm/java-1.8-openjdk/jre/lib/sunrsasign.jar:/usr/lib/jvm/java-1.8-openjdk/jre/lib/jsse.jar:/usr/lib/jvm/java-1.8-openjdk/jre/lib/jce.jar:/usr/lib/jvm/java-1.8-openjdk/jre/lib/charsets.jar:/usr/lib/jvm/java-1.8-openjdk/jre/lib/jfr.jar:/usr/lib/jvm/java-1.8-openjdk/jre/classes"/>
    <property name="sun.management.compiler" value="HotSpot 64-Bit Tiered Compilers"/>
    <property name="java.runtime.version" value="1.8.0_212-b04"/>
    <property name="java.net.preferIPv4Stack" value="true"/>
    <property name="user.name" value="jenkins1000"/>
    <property name="path.separator" value=":"/>
    <property name="java.security.egd" value="file:///dev/urandom"/>
    <property name="os.version" value="3.10.0-957.12.2.el7.x86_64"/>
    <property name="java.endorsed.dirs" value="/usr/lib/jvm/java-1.8-openjdk/jre/lib/endorsed"/>
    <property name="java.runtime.name" value="OpenJDK Runtime Environment"/>
    <property name="file.encoding" value="UTF-8"/>
    <property name="java.vm.name" value="OpenJDK 64-Bit Server VM"/>
    <property name="test.build.webapps" value=""/>
    <property name="localRepository" value="/home/user/.m2/repository"/>
    <property name="java.vendor.url.bug" value="https://icedtea.classpath.org/bugzilla"/>
    <property name="java.io.tmpdir" value="/tmp"/>
    <property name="require.test.libhadoop" value=""/>
    <property name="java.version" value="1.8.0_212"/>
    <property name="user.dir" value="/workdir/hadoop-ozone/integration-test"/>
    <property name="os.arch" value="amd64"/>
    <property name="java.vm.specification.name" value="Java Virtual Machine Specification"/>
    <property name="test.build.classes" value="/workdir/hadoop-ozone/integration-test/target/test-classes"/>
    <property name="java.awt.printerjob" value="sun.print.PSPrinterJob"/>
    <property name="sun.os.patch.level" value="unknown"/>
    <property name="hadoop.tmp.dir" value="/workdir/hadoop-ozone/integration-test/target/tmp"/>
    <property name="java.library.path" value="/usr/lib/jvm/java-1.8-openjdk/jre/lib/amd64/server:/usr/lib/jvm/java-1.8-openjdk/jre/lib/amd64:/usr/lib/jvm/java-1.8-openjdk/jre/../lib/amd64:/workdir/hadoop-ozone/integration-test/target/native/target/usr/local/lib:/workdir/hadoop-ozone/integration-test/../../hadoop-common-project/hadoop-common/target/native/target/usr/local/lib:/usr/java/packages/lib/amd64:/usr/lib64:/lib64:/lib:/usr/lib"/>
    <property name="java.vm.info" value="mixed mode"/>
    <property name="java.vendor" value="IcedTea"/>
    <property name="java.vm.version" value="25.212-b04"/>
    <property name="java.ext.dirs" value="/usr/lib/jvm/java-1.8-openjdk/jre/lib/ext:/usr/java/packages/lib/ext"/>
    <property name="sun.io.unicode.encoding" value="UnicodeLittle"/>
    <property name="java.class.version" value="52.0"/>
  </properties>
  <testcase name="testWatchForCommitWithKeyWrite" classname="org.apache.hadoop.ozone.client.rpc.TestWatchForCommit" time="82.915"/>
  <testcase name="testWatchForCommitWithSmallerTimeoutValue" classname="org.apache.hadoop.ozone.client.rpc.TestWatchForCommit" time="42.438"/>
  <testcase name="testWatchForCommitForRetryfailure" classname="org.apache.hadoop.ozone.client.rpc.TestWatchForCommit" time="77.8"/>
  <testcase name="testWatchForCommitForGroupMismatchException" classname="org.apache.hadoop.ozone.client.rpc.TestWatchForCommit" time="31.892"/>
  <testcase name="test2WayCommitForTimeoutException" classname="org.apache.hadoop.ozone.client.rpc.TestWatchForCommit" time="22.175">
    <error type="java.util.concurrent.TimeoutException">java.util.concurrent.TimeoutException
	at java.util.concurrent.CompletableFuture.timedGet(CompletableFuture.java:1771)
	at java.util.concurrent.CompletableFuture.get(CompletableFuture.java:1915)
	at org.apache.hadoop.hdds.scm.XceiverClientRatis.watchForCommit(XceiverClientRatis.java:275)
	at org.apache.hadoop.ozone.client.rpc.TestWatchForCommit.test2WayCommitForTimeoutException(TestWatchForCommit.java:391)
	at sun.reflect.NativeMethodAccessorImpl.invoke0(Native Method)
	at sun.reflect.NativeMethodAccessorImpl.invoke(NativeMethodAccessorImpl.java:62)
	at sun.reflect.DelegatingMethodAccessorImpl.invoke(DelegatingMethodAccessorImpl.java:43)
	at java.lang.reflect.Method.invoke(Method.java:498)
	at org.junit.runners.model.FrameworkMethod$1.runReflectiveCall(FrameworkMethod.java:47)
	at org.junit.internal.runners.model.ReflectiveCallable.run(ReflectiveCallable.java:12)
	at org.junit.runners.model.FrameworkMethod.invokeExplosively(FrameworkMethod.java:44)
	at org.junit.internal.runners.statements.InvokeMethod.evaluate(InvokeMethod.java:17)
	at org.junit.runners.ParentRunner.runLeaf(ParentRunner.java:271)
	at org.junit.runners.BlockJUnit4ClassRunner.runChild(BlockJUnit4ClassRunner.java:70)
	at org.junit.runners.BlockJUnit4ClassRunner.runChild(BlockJUnit4ClassRunner.java:50)
	at org.junit.runners.ParentRunner$3.run(ParentRunner.java:238)
	at org.junit.runners.ParentRunner$1.schedule(ParentRunner.java:63)
	at org.junit.runners.ParentRunner.runChildren(ParentRunner.java:236)
	at org.junit.runners.ParentRunner.access$000(ParentRunner.java:53)
	at org.junit.runners.ParentRunner$2.evaluate(ParentRunner.java:229)
	at org.junit.runners.ParentRunner.run(ParentRunner.java:309)
	at org.apache.maven.surefire.junit4.JUnit4Provider.execute(JUnit4Provider.java:365)
	at org.apache.maven.surefire.junit4.JUnit4Provider.executeWithRerun(JUnit4Provider.java:273)
	at org.apache.maven.surefire.junit4.JUnit4Provider.executeTestSet(JUnit4Provider.java:238)
	at org.apache.maven.surefire.junit4.JUnit4Provider.invoke(JUnit4Provider.java:159)
	at org.apache.maven.surefire.booter.ForkedBooter.invokeProviderInSameClassLoader(ForkedBooter.java:384)
	at org.apache.maven.surefire.booter.ForkedBooter.runSuitesInProcess(ForkedBooter.java:345)
	at org.apache.maven.surefire.booter.ForkedBooter.execute(ForkedBooter.java:126)
	at org.apache.maven.surefire.booter.ForkedBooter.main(ForkedBooter.java:418)
</error>
    <system-out><![CDATA[2019-10-08 18:42:59,965 [main] WARN  server.ServerUtils (ServerUtils.java:getScmDbDir(145)) - ozone.scm.db.dirs is not configured. We recommend adding this setting. Falling back to ozone.metadata.dirs instead.
2019-10-08 18:42:59,980 [main] WARN  server.ServerUtils (ServerUtils.java:getScmDbDir(145)) - ozone.scm.db.dirs is not configured. We recommend adding this setting. Falling back to ozone.metadata.dirs instead.
2019-10-08 18:42:59,980 [main] WARN  server.ServerUtils (ServerUtils.java:getScmDbDir(145)) - ozone.scm.db.dirs is not configured. We recommend adding this setting. Falling back to ozone.metadata.dirs instead.
2019-10-08 18:42:59,980 [main] INFO  db.DBStoreBuilder (DBStoreBuilder.java:addTable(117)) - using custom profile for table: deletedBlocks
2019-10-08 18:42:59,981 [main] INFO  db.DBStoreBuilder (DBStoreBuilder.java:processTables(168)) - Using default column profile:DBProfile.DISK for Table:deletedBlocks
2019-10-08 18:42:59,981 [main] INFO  db.DBStoreBuilder (DBStoreBuilder.java:addTable(117)) - using custom profile for table: validCerts
2019-10-08 18:42:59,981 [main] INFO  db.DBStoreBuilder (DBStoreBuilder.java:processTables(168)) - Using default column profile:DBProfile.DISK for Table:validCerts
2019-10-08 18:42:59,981 [main] INFO  db.DBStoreBuilder (DBStoreBuilder.java:addTable(117)) - using custom profile for table: revokedCerts
2019-10-08 18:42:59,981 [main] INFO  db.DBStoreBuilder (DBStoreBuilder.java:processTables(168)) - Using default column profile:DBProfile.DISK for Table:revokedCerts
2019-10-08 18:42:59,982 [main] INFO  db.DBStoreBuilder (DBStoreBuilder.java:addTable(117)) - using custom profile for table: default
2019-10-08 18:42:59,982 [main] INFO  db.DBStoreBuilder (DBStoreBuilder.java:processTables(174)) - Using default column profile:DBProfile.DISK for Table:default
2019-10-08 18:42:59,982 [main] INFO  db.DBStoreBuilder (DBStoreBuilder.java:getDbProfile(205)) - Using default options. DBProfile.DISK
2019-10-08 18:43:00,141 [main] INFO  net.NodeSchemaLoader (NodeSchemaLoader.java:loadSchemaFromFile(125)) - Loading file from sun.misc.CompoundEnumeration@49580ca8
2019-10-08 18:43:00,142 [main] INFO  net.NodeSchemaLoader (NodeSchemaLoader.java:loadSchema(171)) - Loading network topology layer schema file
2019-10-08 18:43:00,147 [main] WARN  server.ServerUtils (ServerUtils.java:sanitizeUserArgs(70)) - ozone.scm.stale.node.interval value = 300000 is larger than max = 100000 based on the key value of ozone.scm.heartbeat.thread.interval, reset to the max value 100000.
2019-10-08 18:43:00,147 [main] WARN  server.ServerUtils (ServerUtils.java:sanitizeUserArgs(70)) - ozone.scm.stale.node.interval value = 300000 is larger than max = 100000 based on the key value of ozone.scm.heartbeat.thread.interval, reset to the max value 100000.
2019-10-08 18:43:00,148 [main] INFO  node.SCMNodeManager (SCMNodeManager.java:<init>(116)) - Entering startup safe mode.
2019-10-08 18:43:00,149 [main] INFO  algorithms.ContainerPlacementPolicyFactory (ContainerPlacementPolicyFactory.java:getPolicy(57)) - Create container placement policy of type org.apache.hadoop.hdds.scm.container.placement.algorithms.SCMContainerPlacementRandom
2019-10-08 18:43:00,149 [main] WARN  server.ServerUtils (ServerUtils.java:getScmDbDir(145)) - ozone.scm.db.dirs is not configured. We recommend adding this setting. Falling back to ozone.metadata.dirs instead.
2019-10-08 18:43:00,196 [main] INFO  pipeline.SCMPipelineManager (SCMPipelineManager.java:initializePipelineState(132)) - No pipeline exists in current db
2019-10-08 18:43:00,196 [main] WARN  server.ServerUtils (ServerUtils.java:getScmDbDir(145)) - ozone.scm.db.dirs is not configured. We recommend adding this setting. Falling back to ozone.metadata.dirs instead.
2019-10-08 18:43:00,245 [main] WARN  events.EventQueue (EventQueue.java:fireEvent(183)) - No event handler registered for event TypedEvent{payloadType=SafeModeStatus, name='SafeModeStatus'}
2019-10-08 18:43:00,246 [main] INFO  ipc.CallQueueManager (CallQueueManager.java:<init>(84)) - Using callQueue: class java.util.concurrent.LinkedBlockingQueue, queueCapacity: 2000, scheduler: class org.apache.hadoop.ipc.DefaultRpcScheduler, ipcBackoff: false.
2019-10-08 18:43:00,247 [Socket Reader #1 for port 36969] INFO  ipc.Server (Server.java:run(1074)) - Starting Socket Reader #1 for port 36969
2019-10-08 18:43:00,249 [main] INFO  ipc.CallQueueManager (CallQueueManager.java:<init>(84)) - Using callQueue: class java.util.concurrent.LinkedBlockingQueue, queueCapacity: 2000, scheduler: class org.apache.hadoop.ipc.DefaultRpcScheduler, ipcBackoff: false.
2019-10-08 18:43:00,250 [Socket Reader #1 for port 43634] INFO  ipc.Server (Server.java:run(1074)) - Starting Socket Reader #1 for port 43634
2019-10-08 18:43:00,251 [main] INFO  ipc.CallQueueManager (CallQueueManager.java:<init>(84)) - Using callQueue: class java.util.concurrent.LinkedBlockingQueue, queueCapacity: 2000, scheduler: class org.apache.hadoop.ipc.DefaultRpcScheduler, ipcBackoff: false.
2019-10-08 18:43:00,252 [Socket Reader #1 for port 33029] INFO  ipc.Server (Server.java:run(1074)) - Starting Socket Reader #1 for port 33029
2019-10-08 18:43:00,256 [main] INFO  hdfs.DFSUtil (DFSUtil.java:httpServerTemplateForNNAndJN(1641)) - Starting Web-server for scm at: http://0.0.0.0:0
2019-10-08 18:43:00,257 [main] INFO  server.AuthenticationFilter (AuthenticationFilter.java:constructSecretProvider(240)) - Unable to initialize FileSignerSecretProvider, falling back to use random secrets.
2019-10-08 18:43:00,258 [main] WARN  http.HttpRequestLog (HttpRequestLog.java:getRequestLog(97)) - Jetty request log can only be enabled using Log4j
2019-10-08 18:43:00,260 [main] INFO  http.HttpServer2 (HttpServer2.java:addGlobalFilter(975)) - Added global filter 'safety' (class=org.apache.hadoop.http.HttpServer2$QuotingInputFilter)
2019-10-08 18:43:00,260 [main] INFO  http.HttpServer2 (HttpServer2.java:addFilter(948)) - Added filter static_user_filter (class=org.apache.hadoop.http.lib.StaticUserWebFilter$StaticUserFilter) to context scm
2019-10-08 18:43:00,260 [main] INFO  http.HttpServer2 (HttpServer2.java:addFilter(958)) - Added filter static_user_filter (class=org.apache.hadoop.http.lib.StaticUserWebFilter$StaticUserFilter) to context static
2019-10-08 18:43:00,260 [main] INFO  http.HttpServer2 (HttpServer2.java:addFilter(958)) - Added filter static_user_filter (class=org.apache.hadoop.http.lib.StaticUserWebFilter$StaticUserFilter) to context logs
2019-10-08 18:43:00,262 [main] INFO  server.StorageContainerManager (StorageContainerManager.java:start(770)) - StorageContainerLocationProtocol RPC server is listening at /0.0.0.0:33029
2019-10-08 18:43:00,265 [main] WARN  impl.MetricsConfig (MetricsConfig.java:loadFirst(134)) - Cannot locate configuration: tried hadoop-metrics2-storagecontainermanager.properties,hadoop-metrics2.properties
2019-10-08 18:43:00,266 [main] INFO  impl.MetricsSystemImpl (MetricsSystemImpl.java:startTimer(374)) - Scheduled Metric snapshot period at 10 second(s).
2019-10-08 18:43:00,266 [main] INFO  impl.MetricsSystemImpl (MetricsSystemImpl.java:start(191)) - StorageContainerManager metrics system started
2019-10-08 18:43:00,321 [main] WARN  impl.MetricsSystemImpl (MetricsSystemImpl.java:register(276)) - Sink prometheus already exists!
2019-10-08 18:43:00,447 [main] INFO  server.SCMClientProtocolServer (SCMClientProtocolServer.java:start(159)) - RPC server for Client  is listening at /0.0.0.0:33029
2019-10-08 18:43:00,447 [IPC Server listener on 33029] INFO  ipc.Server (Server.java:run(1153)) - IPC Server listener on 33029: starting
2019-10-08 18:43:00,447 [IPC Server Responder] INFO  ipc.Server (Server.java:run(1314)) - IPC Server Responder: starting
2019-10-08 18:43:00,451 [main] INFO  server.StorageContainerManager (StorageContainerManager.java:start(780)) - ScmBlockLocationProtocol RPC server is listening at /0.0.0.0:43634
2019-10-08 18:43:00,451 [main] INFO  server.SCMBlockProtocolServer (SCMBlockProtocolServer.java:start(146)) - RPC server for Block Protocol is listening at /0.0.0.0:43634
2019-10-08 18:43:00,451 [IPC Server Responder] INFO  ipc.Server (Server.java:run(1314)) - IPC Server Responder: starting
2019-10-08 18:43:00,451 [IPC Server listener on 43634] INFO  ipc.Server (Server.java:run(1153)) - IPC Server listener on 43634: starting
2019-10-08 18:43:00,455 [main] INFO  server.StorageContainerManager (StorageContainerManager.java:start(784)) - ScmDatanodeProtocl RPC server is listening at /0.0.0.0:36969
2019-10-08 18:43:00,455 [main] INFO  server.SCMDatanodeProtocolServer (SCMDatanodeProtocolServer.java:start(169)) - RPC server for DataNodes is listening at /0.0.0.0:36969
2019-10-08 18:43:00,456 [IPC Server Responder] INFO  ipc.Server (Server.java:run(1314)) - IPC Server Responder: starting
2019-10-08 18:43:00,456 [IPC Server listener on 36969] INFO  ipc.Server (Server.java:run(1153)) - IPC Server listener on 36969: starting
2019-10-08 18:43:00,460 [main] INFO  http.HttpServer2 (HttpServer2.java:bindListener(1191)) - Jetty bound to port 38373
2019-10-08 18:43:00,460 [main] INFO  server.Server (Server.java:doStart(351)) - jetty-9.3.25.v20180904, build timestamp: 2018-09-04T21:11:46Z, git hash: 3ce520221d0240229c862b122d2b06c12a625732
2019-10-08 18:43:00,462 [main] INFO  handler.ContextHandler (ContextHandler.java:doStart(781)) - Started o.e.j.s.ServletContextHandler@4b03cbad{/logs,file:///workdir/hadoop-ozone/integration-test/target/log,AVAILABLE}
2019-10-08 18:43:00,462 [main] INFO  handler.ContextHandler (ContextHandler.java:doStart(781)) - Started o.e.j.s.ServletContextHandler@5c313224{/static,file:///workdir/hadoop-ozone/integration-test/target/test-classes/webapps/static,AVAILABLE}
2019-10-08 18:43:00,466 [main] INFO  handler.ContextHandler (ContextHandler.java:doStart(781)) - Started o.e.j.w.WebAppContext@6a1568d6{/,file:///workdir/hadoop-ozone/integration-test/target/test-classes/webapps/scm/,AVAILABLE}{/scm}
2019-10-08 18:43:00,467 [main] INFO  server.AbstractConnector (AbstractConnector.java:doStart(278)) - Started ServerConnector@11c88cca{HTTP/1.1,[http/1.1]}{0.0.0.0:38373}
2019-10-08 18:43:00,468 [main] INFO  server.Server (Server.java:doStart(419)) - Started @235980ms
2019-10-08 18:43:00,468 [main] WARN  impl.MetricsSystemImpl (MetricsSystemImpl.java:register(276)) - Sink prometheus already exists!
2019-10-08 18:43:00,469 [main] INFO  server.BaseHttpServer (BaseHttpServer.java:updateConnectorAddress(215)) - HTTP server of SCM is listening at http://0.0.0.0:38373
2019-10-08 18:43:00,470 [main] WARN  server.ServerUtils (ServerUtils.java:getDBPath(222)) - ozone.om.db.dirs is not configured. We recommend adding this setting. Falling back to ozone.metadata.dirs instead.
2019-10-08 18:43:00,471 [org.apache.hadoop.util.JvmPauseMonitor$Monitor@4a216eb4] INFO  util.JvmPauseMonitor (JvmPauseMonitor.java:run(188)) - Starting JVM pause monitor
2019-10-08 18:43:00,484 [main] INFO  ha.OMHANodeDetails (OMHANodeDetails.java:loadOMHAConfig(190)) - Configuration either no ozone.om.address set. Falling back to the default OM address /127.0.0.1:0
2019-10-08 18:43:00,484 [main] INFO  ha.OMHANodeDetails (OMHANodeDetails.java:getOMNodeDetails(220)) - OM Service ID is not set. Setting it to the default ID: omServiceIdDefault
2019-10-08 18:43:00,484 [main] WARN  server.ServerUtils (ServerUtils.java:getDBPath(222)) - ozone.om.db.dirs is not configured. We recommend adding this setting. Falling back to ozone.metadata.dirs instead.
2019-10-08 18:43:00,485 [main] WARN  server.ServerUtils (ServerUtils.java:getDBPath(222)) - ozone.om.db.dirs is not configured. We recommend adding this setting. Falling back to ozone.metadata.dirs instead.
2019-10-08 18:43:00,491 [main] WARN  server.ServerUtils (ServerUtils.java:getDBPath(222)) - ozone.om.db.dirs is not configured. We recommend adding this setting. Falling back to ozone.metadata.dirs instead.
2019-10-08 18:43:00,492 [main] INFO  db.DBStoreBuilder (DBStoreBuilder.java:addTable(117)) - using custom profile for table: userTable
2019-10-08 18:43:00,492 [main] INFO  db.DBStoreBuilder (DBStoreBuilder.java:processTables(168)) - Using default column profile:DBProfile.DISK for Table:userTable
2019-10-08 18:43:00,492 [main] INFO  db.DBStoreBuilder (DBStoreBuilder.java:addTable(117)) - using custom profile for table: volumeTable
2019-10-08 18:43:00,492 [main] INFO  db.DBStoreBuilder (DBStoreBuilder.java:processTables(168)) - Using default column profile:DBProfile.DISK for Table:volumeTable
2019-10-08 18:43:00,492 [main] INFO  db.DBStoreBuilder (DBStoreBuilder.java:addTable(117)) - using custom profile for table: bucketTable
2019-10-08 18:43:00,492 [main] INFO  db.DBStoreBuilder (DBStoreBuilder.java:processTables(168)) - Using default column profile:DBProfile.DISK for Table:bucketTable
2019-10-08 18:43:00,493 [main] INFO  db.DBStoreBuilder (DBStoreBuilder.java:addTable(117)) - using custom profile for table: keyTable
2019-10-08 18:43:00,493 [main] INFO  db.DBStoreBuilder (DBStoreBuilder.java:processTables(168)) - Using default column profile:DBProfile.DISK for Table:keyTable
2019-10-08 18:43:00,493 [main] INFO  db.DBStoreBuilder (DBStoreBuilder.java:addTable(117)) - using custom profile for table: deletedTable
2019-10-08 18:43:00,493 [main] INFO  db.DBStoreBuilder (DBStoreBuilder.java:processTables(168)) - Using default column profile:DBProfile.DISK for Table:deletedTable
2019-10-08 18:43:00,493 [main] INFO  db.DBStoreBuilder (DBStoreBuilder.java:addTable(117)) - using custom profile for table: openKeyTable
2019-10-08 18:43:00,493 [main] INFO  db.DBStoreBuilder (DBStoreBuilder.java:processTables(168)) - Using default column profile:DBProfile.DISK for Table:openKeyTable
2019-10-08 18:43:00,494 [main] INFO  db.DBStoreBuilder (DBStoreBuilder.java:addTable(117)) - using custom profile for table: s3Table
2019-10-08 18:43:00,494 [main] INFO  db.DBStoreBuilder (DBStoreBuilder.java:processTables(168)) - Using default column profile:DBProfile.DISK for Table:s3Table
2019-10-08 18:43:00,494 [main] INFO  db.DBStoreBuilder (DBStoreBuilder.java:addTable(117)) - using custom profile for table: multipartInfoTable
2019-10-08 18:43:00,494 [main] INFO  db.DBStoreBuilder (DBStoreBuilder.java:processTables(168)) - Using default column profile:DBProfile.DISK for Table:multipartInfoTable
2019-10-08 18:43:00,494 [main] INFO  db.DBStoreBuilder (DBStoreBuilder.java:addTable(117)) - using custom profile for table: dTokenTable
2019-10-08 18:43:00,494 [main] INFO  db.DBStoreBuilder (DBStoreBuilder.java:processTables(168)) - Using default column profile:DBProfile.DISK for Table:dTokenTable
2019-10-08 18:43:00,495 [main] INFO  db.DBStoreBuilder (DBStoreBuilder.java:addTable(117)) - using custom profile for table: s3SecretTable
2019-10-08 18:43:00,495 [main] INFO  db.DBStoreBuilder (DBStoreBuilder.java:processTables(168)) - Using default column profile:DBProfile.DISK for Table:s3SecretTable
2019-10-08 18:43:00,495 [main] INFO  db.DBStoreBuilder (DBStoreBuilder.java:addTable(117)) - using custom profile for table: prefixTable
2019-10-08 18:43:00,495 [main] INFO  db.DBStoreBuilder (DBStoreBuilder.java:processTables(168)) - Using default column profile:DBProfile.DISK for Table:prefixTable
2019-10-08 18:43:00,495 [main] INFO  db.DBStoreBuilder (DBStoreBuilder.java:addTable(117)) - using custom profile for table: default
2019-10-08 18:43:00,496 [main] INFO  db.DBStoreBuilder (DBStoreBuilder.java:processTables(174)) - Using default column profile:DBProfile.DISK for Table:default
2019-10-08 18:43:00,496 [main] INFO  db.DBStoreBuilder (DBStoreBuilder.java:getDbProfile(205)) - Using default options. DBProfile.DISK
2019-10-08 18:43:00,950 [main] INFO  ipc.CallQueueManager (CallQueueManager.java:<init>(84)) - Using callQueue: class java.util.concurrent.LinkedBlockingQueue, queueCapacity: 2000, scheduler: class org.apache.hadoop.ipc.DefaultRpcScheduler, ipcBackoff: false.
2019-10-08 18:43:00,951 [Socket Reader #1 for port 40309] INFO  ipc.Server (Server.java:run(1074)) - Starting Socket Reader #1 for port 40309
2019-10-08 18:43:00,971 [main] INFO  om.OzoneManager (OzoneManager.java:start(1069)) - OzoneManager RPC server is listening at localhost/127.0.0.1:40309
2019-10-08 18:43:00,971 [main] INFO  impl.MetricsSystemImpl (MetricsSystemImpl.java:init(158)) - OzoneManager metrics system started (again)
2019-10-08 18:43:00,974 [IPC Server Responder] INFO  ipc.Server (Server.java:run(1314)) - IPC Server Responder: starting
2019-10-08 18:43:00,975 [IPC Server listener on 40309] INFO  ipc.Server (Server.java:run(1153)) - IPC Server listener on 40309: starting
2019-10-08 18:43:00,981 [main] INFO  hdfs.DFSUtil (DFSUtil.java:httpServerTemplateForNNAndJN(1641)) - Starting Web-server for ozoneManager at: http://0.0.0.0:0
2019-10-08 18:43:00,982 [main] INFO  server.AuthenticationFilter (AuthenticationFilter.java:constructSecretProvider(240)) - Unable to initialize FileSignerSecretProvider, falling back to use random secrets.
2019-10-08 18:43:00,983 [main] WARN  http.HttpRequestLog (HttpRequestLog.java:getRequestLog(97)) - Jetty request log can only be enabled using Log4j
2019-10-08 18:43:00,985 [main] INFO  http.HttpServer2 (HttpServer2.java:addGlobalFilter(975)) - Added global filter 'safety' (class=org.apache.hadoop.http.HttpServer2$QuotingInputFilter)
2019-10-08 18:43:00,986 [main] INFO  http.HttpServer2 (HttpServer2.java:addFilter(948)) - Added filter static_user_filter (class=org.apache.hadoop.http.lib.StaticUserWebFilter$StaticUserFilter) to context ozoneManager
2019-10-08 18:43:00,986 [main] INFO  http.HttpServer2 (HttpServer2.java:addFilter(958)) - Added filter static_user_filter (class=org.apache.hadoop.http.lib.StaticUserWebFilter$StaticUserFilter) to context static
2019-10-08 18:43:00,986 [main] INFO  http.HttpServer2 (HttpServer2.java:addFilter(958)) - Added filter static_user_filter (class=org.apache.hadoop.http.lib.StaticUserWebFilter$StaticUserFilter) to context logs
2019-10-08 18:43:00,987 [main] INFO  http.HttpServer2 (HttpServer2.java:bindListener(1191)) - Jetty bound to port 42399
2019-10-08 18:43:00,987 [main] INFO  server.Server (Server.java:doStart(351)) - jetty-9.3.25.v20180904, build timestamp: 2018-09-04T21:11:46Z, git hash: 3ce520221d0240229c862b122d2b06c12a625732
2019-10-08 18:43:00,989 [main] INFO  handler.ContextHandler (ContextHandler.java:doStart(781)) - Started o.e.j.s.ServletContextHandler@2aa14ae6{/logs,file:///workdir/hadoop-ozone/integration-test/target/log,AVAILABLE}
2019-10-08 18:43:00,989 [main] INFO  handler.ContextHandler (ContextHandler.java:doStart(781)) - Started o.e.j.s.ServletContextHandler@4168f3d9{/static,file:///workdir/hadoop-ozone/integration-test/target/test-classes/webapps/static,AVAILABLE}
2019-10-08 18:43:00,994 [main] INFO  handler.ContextHandler (ContextHandler.java:doStart(781)) - Started o.e.j.w.WebAppContext@418f890f{/,file:///workdir/hadoop-ozone/integration-test/target/test-classes/webapps/ozoneManager/,AVAILABLE}{/ozoneManager}
2019-10-08 18:43:00,995 [main] INFO  server.AbstractConnector (AbstractConnector.java:doStart(278)) - Started ServerConnector@3d3c886f{HTTP/1.1,[http/1.1]}{0.0.0.0:42399}
2019-10-08 18:43:00,996 [main] INFO  server.Server (Server.java:doStart(419)) - Started @236508ms
2019-10-08 18:43:00,996 [main] WARN  impl.MetricsSystemImpl (MetricsSystemImpl.java:register(276)) - Sink prometheus already exists!
2019-10-08 18:43:00,997 [main] INFO  server.BaseHttpServer (BaseHttpServer.java:updateConnectorAddress(215)) - HTTP server of OZONEMANAGER is listening at http://0.0.0.0:42399
2019-10-08 18:43:01,014 [main] INFO  impl.MetricsSystemImpl (MetricsSystemImpl.java:init(158)) - HddsDatanode metrics system started (again)
2019-10-08 18:43:01,018 [main] INFO  ozone.HddsDatanodeService (HddsDatanodeService.java:start(184)) - HddsDatanodeService host:pr-hdds-1984-jmsdc-1452173494 ip:192.168.30.53
2019-10-08 18:43:01,026 [main] INFO  volume.HddsVolume (HddsVolume.java:<init>(176)) - Creating Volume: /workdir/hadoop-ozone/integration-test/target/test-dir/MiniOzoneClusterImpl-a6d256fe-17b9-4a9d-b520-d7d5387b904d/datanode-0/data/containers/hdds of  storage type : DISK and capacity : 1482555576320
2019-10-08 18:43:01,026 [main] INFO  volume.VolumeSet (VolumeSet.java:initializeVolumeSet(170)) - Added Volume : /workdir/hadoop-ozone/integration-test/target/test-dir/MiniOzoneClusterImpl-a6d256fe-17b9-4a9d-b520-d7d5387b904d/datanode-0/data/containers/hdds to VolumeSet
2019-10-08 18:43:01,026 [main] INFO  volume.ThrottledAsyncChecker (ThrottledAsyncChecker.java:schedule(139)) - Scheduling a check for org.apache.hadoop.ozone.container.common.volume.HddsVolume@478fb7dc
2019-10-08 18:43:01,027 [main] INFO  volume.HddsVolumeChecker (HddsVolumeChecker.java:checkAllVolumes(202)) - Scheduled health check for volume org.apache.hadoop.ozone.container.common.volume.HddsVolume@478fb7dc
2019-10-08 18:43:01,047 [main] INFO  impl.RaftServerProxy (ConfUtils.java:logGet(43)) - raft.rpc.type = GRPC (default)
2019-10-08 18:43:01,047 [main] INFO  grpc.GrpcFactory (GrpcFactory.java:checkPooledByteBufAllocatorUseCacheForAllThreads(45)) - PERFORMANCE WARNING: useCacheForAllThreads is true that may cause Netty to create a lot garbage objects and, as a result, trigger GC.
	It is recommended to disable useCacheForAllThreads by setting -Dorg.apache.ratis.thirdparty.io.netty.allocator.useCacheForAllThreads=false in command line.
2019-10-08 18:43:01,048 [main] INFO  grpc.GrpcConfigKeys$Server (ConfUtils.java:logGet(43)) - raft.grpc.server.port = 0 (default)
2019-10-08 18:43:01,048 [main] INFO  server.GrpcService (ConfUtils.java:logGet(43)) - raft.grpc.message.size.max = 33570816 (custom)
2019-10-08 18:43:01,048 [main] INFO  server.RaftServerConfigKeys (ConfUtils.java:logGet(43)) - raft.server.log.appender.buffer.byte-limit = 33554432 (custom)
2019-10-08 18:43:01,049 [main] INFO  server.GrpcService (ConfUtils.java:logGet(43)) - raft.grpc.flow.control.window = 1MB (=1048576) (default)
2019-10-08 18:43:01,049 [main] INFO  server.RaftServerConfigKeys (ConfUtils.java:logGet(43)) - raft.server.rpc.request.timeout = 3000ms (default)
2019-10-08 18:43:01,050 [main] INFO  server.RaftServerConfigKeys (ConfUtils.java:logGet(43)) - raft.server.storage.dir = [/workdir/hadoop-ozone/integration-test/target/test-dir/MiniOzoneClusterImpl-a6d256fe-17b9-4a9d-b520-d7d5387b904d/datanode-0/data/ratis] (custom)
2019-10-08 18:43:01,051 [main] INFO  hdfs.DFSUtil (DFSUtil.java:httpServerTemplateForNNAndJN(1641)) - Starting Web-server for hddsDatanode at: http://0.0.0.0:0
2019-10-08 18:43:01,053 [main] INFO  server.AuthenticationFilter (AuthenticationFilter.java:constructSecretProvider(240)) - Unable to initialize FileSignerSecretProvider, falling back to use random secrets.
2019-10-08 18:43:01,053 [main] WARN  http.HttpRequestLog (HttpRequestLog.java:getRequestLog(97)) - Jetty request log can only be enabled using Log4j
2019-10-08 18:43:01,055 [main] INFO  http.HttpServer2 (HttpServer2.java:addGlobalFilter(975)) - Added global filter 'safety' (class=org.apache.hadoop.http.HttpServer2$QuotingInputFilter)
2019-10-08 18:43:01,055 [main] INFO  http.HttpServer2 (HttpServer2.java:addFilter(948)) - Added filter static_user_filter (class=org.apache.hadoop.http.lib.StaticUserWebFilter$StaticUserFilter) to context hddsDatanode
2019-10-08 18:43:01,056 [main] INFO  http.HttpServer2 (HttpServer2.java:addFilter(958)) - Added filter static_user_filter (class=org.apache.hadoop.http.lib.StaticUserWebFilter$StaticUserFilter) to context logs
2019-10-08 18:43:01,056 [main] INFO  http.HttpServer2 (HttpServer2.java:addFilter(958)) - Added filter static_user_filter (class=org.apache.hadoop.http.lib.StaticUserWebFilter$StaticUserFilter) to context static
2019-10-08 18:43:01,056 [main] INFO  http.HttpServer2 (HttpServer2.java:bindListener(1191)) - Jetty bound to port 36636
2019-10-08 18:43:01,057 [main] INFO  server.Server (Server.java:doStart(351)) - jetty-9.3.25.v20180904, build timestamp: 2018-09-04T21:11:46Z, git hash: 3ce520221d0240229c862b122d2b06c12a625732
2019-10-08 18:43:01,058 [main] INFO  handler.ContextHandler (ContextHandler.java:doStart(781)) - Started o.e.j.s.ServletContextHandler@5b02a984{/logs,file:///workdir/hadoop-ozone/integration-test/target/log,AVAILABLE}
2019-10-08 18:43:01,059 [main] INFO  handler.ContextHandler (ContextHandler.java:doStart(781)) - Started o.e.j.s.ServletContextHandler@391d1e33{/static,jar:file:/home/user/.m2/repository/org/apache/hadoop/hadoop-hdds-container-service/0.5.0-SNAPSHOT/hadoop-hdds-container-service-0.5.0-SNAPSHOT.jar!/webapps/static,AVAILABLE}
2019-10-08 18:43:01,094 [main] INFO  handler.ContextHandler (ContextHandler.java:doStart(781)) - Started o.e.j.w.WebAppContext@b1b471{/,file:///tmp/jetty-0.0.0.0-36636-hddsDatanode-_-any-2345951894840221786.dir/webapp/,AVAILABLE}{/hddsDatanode}
2019-10-08 18:43:01,094 [main] INFO  server.AbstractConnector (AbstractConnector.java:doStart(278)) - Started ServerConnector@526f6427{HTTP/1.1,[http/1.1]}{0.0.0.0:36636}
2019-10-08 18:43:01,096 [main] INFO  server.Server (Server.java:doStart(419)) - Started @236608ms
2019-10-08 18:43:01,096 [main] WARN  impl.MetricsSystemImpl (MetricsSystemImpl.java:register(276)) - Sink prometheus already exists!
2019-10-08 18:43:01,097 [main] INFO  server.BaseHttpServer (BaseHttpServer.java:updateConnectorAddress(215)) - HTTP server of HDDSDATANODE is listening at http://0.0.0.0:36636
2019-10-08 18:43:01,097 [main] INFO  impl.MetricsSystemImpl (MetricsSystemImpl.java:init(158)) - HddsDatanode metrics system started (again)
2019-10-08 18:43:01,101 [org.apache.hadoop.util.JvmPauseMonitor$Monitor@153bb0e4] INFO  util.JvmPauseMonitor (JvmPauseMonitor.java:run(188)) - Starting JVM pause monitor
2019-10-08 18:43:01,102 [main] INFO  ozone.HddsDatanodeService (HddsDatanodeService.java:start(184)) - HddsDatanodeService host:pr-hdds-1984-jmsdc-1452173494 ip:192.168.30.53
2019-10-08 18:43:01,103 [Datanode State Machine Thread - 0] INFO  datanode.InitDatanodeState (InitDatanodeState.java:persistContainerDatanodeDetails(140)) - DatanodeDetails is persisted to /workdir/hadoop-ozone/integration-test/target/test-dir/MiniOzoneClusterImpl-a6d256fe-17b9-4a9d-b520-d7d5387b904d/datanode-0/meta/datanode.id
2019-10-08 18:43:01,107 [main] INFO  volume.HddsVolume (HddsVolume.java:<init>(176)) - Creating Volume: /workdir/hadoop-ozone/integration-test/target/test-dir/MiniOzoneClusterImpl-a6d256fe-17b9-4a9d-b520-d7d5387b904d/datanode-1/data/containers/hdds of  storage type : DISK and capacity : 1482555576320
2019-10-08 18:43:01,107 [main] INFO  volume.VolumeSet (VolumeSet.java:initializeVolumeSet(170)) - Added Volume : /workdir/hadoop-ozone/integration-test/target/test-dir/MiniOzoneClusterImpl-a6d256fe-17b9-4a9d-b520-d7d5387b904d/datanode-1/data/containers/hdds to VolumeSet
2019-10-08 18:43:01,107 [main] INFO  volume.ThrottledAsyncChecker (ThrottledAsyncChecker.java:schedule(139)) - Scheduling a check for org.apache.hadoop.ozone.container.common.volume.HddsVolume@65da01f4
2019-10-08 18:43:01,108 [main] INFO  volume.HddsVolumeChecker (HddsVolumeChecker.java:checkAllVolumes(202)) - Scheduled health check for volume org.apache.hadoop.ozone.container.common.volume.HddsVolume@65da01f4
2019-10-08 18:43:01,127 [main] INFO  impl.RaftServerProxy (ConfUtils.java:logGet(43)) - raft.rpc.type = GRPC (default)
2019-10-08 18:43:01,127 [main] INFO  grpc.GrpcFactory (GrpcFactory.java:checkPooledByteBufAllocatorUseCacheForAllThreads(45)) - PERFORMANCE WARNING: useCacheForAllThreads is true that may cause Netty to create a lot garbage objects and, as a result, trigger GC.
	It is recommended to disable useCacheForAllThreads by setting -Dorg.apache.ratis.thirdparty.io.netty.allocator.useCacheForAllThreads=false in command line.
2019-10-08 18:43:01,127 [main] INFO  grpc.GrpcConfigKeys$Server (ConfUtils.java:logGet(43)) - raft.grpc.server.port = 0 (default)
2019-10-08 18:43:01,127 [main] INFO  server.GrpcService (ConfUtils.java:logGet(43)) - raft.grpc.message.size.max = 33570816 (custom)
2019-10-08 18:43:01,127 [main] INFO  server.RaftServerConfigKeys (ConfUtils.java:logGet(43)) - raft.server.log.appender.buffer.byte-limit = 33554432 (custom)
2019-10-08 18:43:01,128 [main] INFO  server.GrpcService (ConfUtils.java:logGet(43)) - raft.grpc.flow.control.window = 1MB (=1048576) (default)
2019-10-08 18:43:01,128 [main] INFO  server.RaftServerConfigKeys (ConfUtils.java:logGet(43)) - raft.server.rpc.request.timeout = 3000ms (default)
2019-10-08 18:43:01,128 [main] INFO  server.RaftServerConfigKeys (ConfUtils.java:logGet(43)) - raft.server.storage.dir = [/workdir/hadoop-ozone/integration-test/target/test-dir/MiniOzoneClusterImpl-a6d256fe-17b9-4a9d-b520-d7d5387b904d/datanode-1/data/ratis] (custom)
2019-10-08 18:43:01,130 [main] INFO  hdfs.DFSUtil (DFSUtil.java:httpServerTemplateForNNAndJN(1641)) - Starting Web-server for hddsDatanode at: http://0.0.0.0:0
2019-10-08 18:43:01,131 [main] INFO  server.AuthenticationFilter (AuthenticationFilter.java:constructSecretProvider(240)) - Unable to initialize FileSignerSecretProvider, falling back to use random secrets.
2019-10-08 18:43:01,131 [main] WARN  http.HttpRequestLog (HttpRequestLog.java:getRequestLog(97)) - Jetty request log can only be enabled using Log4j
2019-10-08 18:43:01,133 [main] INFO  http.HttpServer2 (HttpServer2.java:addGlobalFilter(975)) - Added global filter 'safety' (class=org.apache.hadoop.http.HttpServer2$QuotingInputFilter)
2019-10-08 18:43:01,133 [main] INFO  http.HttpServer2 (HttpServer2.java:addFilter(948)) - Added filter static_user_filter (class=org.apache.hadoop.http.lib.StaticUserWebFilter$StaticUserFilter) to context hddsDatanode
2019-10-08 18:43:01,133 [main] INFO  http.HttpServer2 (HttpServer2.java:addFilter(958)) - Added filter static_user_filter (class=org.apache.hadoop.http.lib.StaticUserWebFilter$StaticUserFilter) to context static
2019-10-08 18:43:01,134 [main] INFO  http.HttpServer2 (HttpServer2.java:addFilter(958)) - Added filter static_user_filter (class=org.apache.hadoop.http.lib.StaticUserWebFilter$StaticUserFilter) to context logs
2019-10-08 18:43:01,134 [main] INFO  http.HttpServer2 (HttpServer2.java:bindListener(1191)) - Jetty bound to port 41603
2019-10-08 18:43:01,134 [main] INFO  server.Server (Server.java:doStart(351)) - jetty-9.3.25.v20180904, build timestamp: 2018-09-04T21:11:46Z, git hash: 3ce520221d0240229c862b122d2b06c12a625732
2019-10-08 18:43:01,136 [main] INFO  handler.ContextHandler (ContextHandler.java:doStart(781)) - Started o.e.j.s.ServletContextHandler@5438fa43{/logs,file:///workdir/hadoop-ozone/integration-test/target/log,AVAILABLE}
2019-10-08 18:43:01,136 [main] INFO  handler.ContextHandler (ContextHandler.java:doStart(781)) - Started o.e.j.s.ServletContextHandler@515ab3f2{/static,jar:file:/home/user/.m2/repository/org/apache/hadoop/hadoop-hdds-container-service/0.5.0-SNAPSHOT/hadoop-hdds-container-service-0.5.0-SNAPSHOT.jar!/webapps/static,AVAILABLE}
2019-10-08 18:43:01,165 [main] INFO  handler.ContextHandler (ContextHandler.java:doStart(781)) - Started o.e.j.w.WebAppContext@5c8d58ed{/,file:///tmp/jetty-0.0.0.0-41603-hddsDatanode-_-any-4543916975945770282.dir/webapp/,AVAILABLE}{/hddsDatanode}
2019-10-08 18:43:01,165 [main] INFO  server.AbstractConnector (AbstractConnector.java:doStart(278)) - Started ServerConnector@6a567f7b{HTTP/1.1,[http/1.1]}{0.0.0.0:41603}
2019-10-08 18:43:01,167 [main] INFO  server.Server (Server.java:doStart(419)) - Started @236680ms
2019-10-08 18:43:01,167 [main] WARN  impl.MetricsSystemImpl (MetricsSystemImpl.java:register(276)) - Sink prometheus already exists!
2019-10-08 18:43:01,168 [main] INFO  server.BaseHttpServer (BaseHttpServer.java:updateConnectorAddress(215)) - HTTP server of HDDSDATANODE is listening at http://0.0.0.0:41603
2019-10-08 18:43:01,169 [main] INFO  impl.MetricsSystemImpl (MetricsSystemImpl.java:init(158)) - HddsDatanode metrics system started (again)
2019-10-08 18:43:01,172 [org.apache.hadoop.util.JvmPauseMonitor$Monitor@64d27dcc] INFO  util.JvmPauseMonitor (JvmPauseMonitor.java:run(188)) - Starting JVM pause monitor
2019-10-08 18:43:01,174 [main] INFO  ozone.HddsDatanodeService (HddsDatanodeService.java:start(184)) - HddsDatanodeService host:pr-hdds-1984-jmsdc-1452173494 ip:192.168.30.53
2019-10-08 18:43:01,174 [Datanode State Machine Thread - 0] INFO  datanode.InitDatanodeState (InitDatanodeState.java:persistContainerDatanodeDetails(140)) - DatanodeDetails is persisted to /workdir/hadoop-ozone/integration-test/target/test-dir/MiniOzoneClusterImpl-a6d256fe-17b9-4a9d-b520-d7d5387b904d/datanode-1/meta/datanode.id
2019-10-08 18:43:01,179 [main] INFO  volume.HddsVolume (HddsVolume.java:<init>(176)) - Creating Volume: /workdir/hadoop-ozone/integration-test/target/test-dir/MiniOzoneClusterImpl-a6d256fe-17b9-4a9d-b520-d7d5387b904d/datanode-2/data/containers/hdds of  storage type : DISK and capacity : 1482555576320
2019-10-08 18:43:01,180 [main] INFO  volume.VolumeSet (VolumeSet.java:initializeVolumeSet(170)) - Added Volume : /workdir/hadoop-ozone/integration-test/target/test-dir/MiniOzoneClusterImpl-a6d256fe-17b9-4a9d-b520-d7d5387b904d/datanode-2/data/containers/hdds to VolumeSet
2019-10-08 18:43:01,180 [main] INFO  volume.ThrottledAsyncChecker (ThrottledAsyncChecker.java:schedule(139)) - Scheduling a check for org.apache.hadoop.ozone.container.common.volume.HddsVolume@16d431b4
2019-10-08 18:43:01,180 [main] INFO  volume.HddsVolumeChecker (HddsVolumeChecker.java:checkAllVolumes(202)) - Scheduled health check for volume org.apache.hadoop.ozone.container.common.volume.HddsVolume@16d431b4
2019-10-08 18:43:01,194 [main] INFO  impl.RaftServerProxy (ConfUtils.java:logGet(43)) - raft.rpc.type = GRPC (default)
2019-10-08 18:43:01,195 [main] INFO  grpc.GrpcFactory (GrpcFactory.java:checkPooledByteBufAllocatorUseCacheForAllThreads(45)) - PERFORMANCE WARNING: useCacheForAllThreads is true that may cause Netty to create a lot garbage objects and, as a result, trigger GC.
	It is recommended to disable useCacheForAllThreads by setting -Dorg.apache.ratis.thirdparty.io.netty.allocator.useCacheForAllThreads=false in command line.
2019-10-08 18:43:01,195 [main] INFO  grpc.GrpcConfigKeys$Server (ConfUtils.java:logGet(43)) - raft.grpc.server.port = 0 (default)
2019-10-08 18:43:01,195 [main] INFO  server.GrpcService (ConfUtils.java:logGet(43)) - raft.grpc.message.size.max = 33570816 (custom)
2019-10-08 18:43:01,195 [main] INFO  server.RaftServerConfigKeys (ConfUtils.java:logGet(43)) - raft.server.log.appender.buffer.byte-limit = 33554432 (custom)
2019-10-08 18:43:01,195 [main] INFO  server.GrpcService (ConfUtils.java:logGet(43)) - raft.grpc.flow.control.window = 1MB (=1048576) (default)
2019-10-08 18:43:01,195 [main] INFO  server.RaftServerConfigKeys (ConfUtils.java:logGet(43)) - raft.server.rpc.request.timeout = 3000ms (default)
2019-10-08 18:43:01,196 [main] INFO  server.RaftServerConfigKeys (ConfUtils.java:logGet(43)) - raft.server.storage.dir = [/workdir/hadoop-ozone/integration-test/target/test-dir/MiniOzoneClusterImpl-a6d256fe-17b9-4a9d-b520-d7d5387b904d/datanode-2/data/ratis] (custom)
2019-10-08 18:43:01,197 [main] INFO  hdfs.DFSUtil (DFSUtil.java:httpServerTemplateForNNAndJN(1641)) - Starting Web-server for hddsDatanode at: http://0.0.0.0:0
2019-10-08 18:43:01,198 [main] INFO  server.AuthenticationFilter (AuthenticationFilter.java:constructSecretProvider(240)) - Unable to initialize FileSignerSecretProvider, falling back to use random secrets.
2019-10-08 18:43:01,199 [main] WARN  http.HttpRequestLog (HttpRequestLog.java:getRequestLog(97)) - Jetty request log can only be enabled using Log4j
2019-10-08 18:43:01,200 [main] INFO  http.HttpServer2 (HttpServer2.java:addGlobalFilter(975)) - Added global filter 'safety' (class=org.apache.hadoop.http.HttpServer2$QuotingInputFilter)
2019-10-08 18:43:01,201 [main] INFO  http.HttpServer2 (HttpServer2.java:addFilter(948)) - Added filter static_user_filter (class=org.apache.hadoop.http.lib.StaticUserWebFilter$StaticUserFilter) to context hddsDatanode
2019-10-08 18:43:01,201 [main] INFO  http.HttpServer2 (HttpServer2.java:addFilter(958)) - Added filter static_user_filter (class=org.apache.hadoop.http.lib.StaticUserWebFilter$StaticUserFilter) to context static
2019-10-08 18:43:01,201 [main] INFO  http.HttpServer2 (HttpServer2.java:addFilter(958)) - Added filter static_user_filter (class=org.apache.hadoop.http.lib.StaticUserWebFilter$StaticUserFilter) to context logs
2019-10-08 18:43:01,201 [main] INFO  http.HttpServer2 (HttpServer2.java:bindListener(1191)) - Jetty bound to port 36540
2019-10-08 18:43:01,202 [main] INFO  server.Server (Server.java:doStart(351)) - jetty-9.3.25.v20180904, build timestamp: 2018-09-04T21:11:46Z, git hash: 3ce520221d0240229c862b122d2b06c12a625732
2019-10-08 18:43:01,203 [main] INFO  handler.ContextHandler (ContextHandler.java:doStart(781)) - Started o.e.j.s.ServletContextHandler@508ad266{/logs,file:///workdir/hadoop-ozone/integration-test/target/log,AVAILABLE}
2019-10-08 18:43:01,203 [main] INFO  handler.ContextHandler (ContextHandler.java:doStart(781)) - Started o.e.j.s.ServletContextHandler@216372b7{/static,jar:file:/home/user/.m2/repository/org/apache/hadoop/hadoop-hdds-container-service/0.5.0-SNAPSHOT/hadoop-hdds-container-service-0.5.0-SNAPSHOT.jar!/webapps/static,AVAILABLE}
2019-10-08 18:43:01,232 [main] INFO  handler.ContextHandler (ContextHandler.java:doStart(781)) - Started o.e.j.w.WebAppContext@6f91fbda{/,file:///tmp/jetty-0.0.0.0-36540-hddsDatanode-_-any-3710385910682091844.dir/webapp/,AVAILABLE}{/hddsDatanode}
2019-10-08 18:43:01,233 [main] INFO  server.AbstractConnector (AbstractConnector.java:doStart(278)) - Started ServerConnector@723e3c17{HTTP/1.1,[http/1.1]}{0.0.0.0:36540}
2019-10-08 18:43:01,234 [main] INFO  server.Server (Server.java:doStart(419)) - Started @236747ms
2019-10-08 18:43:01,235 [main] WARN  impl.MetricsSystemImpl (MetricsSystemImpl.java:register(276)) - Sink prometheus already exists!
2019-10-08 18:43:01,235 [main] INFO  server.BaseHttpServer (BaseHttpServer.java:updateConnectorAddress(215)) - HTTP server of HDDSDATANODE is listening at http://0.0.0.0:36540
2019-10-08 18:43:01,236 [main] INFO  impl.MetricsSystemImpl (MetricsSystemImpl.java:init(158)) - HddsDatanode metrics system started (again)
2019-10-08 18:43:01,239 [org.apache.hadoop.util.JvmPauseMonitor$Monitor@1e82fe2b] INFO  util.JvmPauseMonitor (JvmPauseMonitor.java:run(188)) - Starting JVM pause monitor
2019-10-08 18:43:01,240 [main] INFO  ozone.HddsDatanodeService (HddsDatanodeService.java:start(184)) - HddsDatanodeService host:pr-hdds-1984-jmsdc-1452173494 ip:192.168.30.53
2019-10-08 18:43:01,241 [Datanode State Machine Thread - 0] INFO  datanode.InitDatanodeState (InitDatanodeState.java:persistContainerDatanodeDetails(140)) - DatanodeDetails is persisted to /workdir/hadoop-ozone/integration-test/target/test-dir/MiniOzoneClusterImpl-a6d256fe-17b9-4a9d-b520-d7d5387b904d/datanode-2/meta/datanode.id
2019-10-08 18:43:01,245 [main] INFO  volume.HddsVolume (HddsVolume.java:<init>(176)) - Creating Volume: /workdir/hadoop-ozone/integration-test/target/test-dir/MiniOzoneClusterImpl-a6d256fe-17b9-4a9d-b520-d7d5387b904d/datanode-3/data/containers/hdds of  storage type : DISK and capacity : 1482555576320
2019-10-08 18:43:01,246 [main] INFO  volume.VolumeSet (VolumeSet.java:initializeVolumeSet(170)) - Added Volume : /workdir/hadoop-ozone/integration-test/target/test-dir/MiniOzoneClusterImpl-a6d256fe-17b9-4a9d-b520-d7d5387b904d/datanode-3/data/containers/hdds to VolumeSet
2019-10-08 18:43:01,246 [main] INFO  volume.ThrottledAsyncChecker (ThrottledAsyncChecker.java:schedule(139)) - Scheduling a check for org.apache.hadoop.ozone.container.common.volume.HddsVolume@64656b9e
2019-10-08 18:43:01,246 [main] INFO  volume.HddsVolumeChecker (HddsVolumeChecker.java:checkAllVolumes(202)) - Scheduled health check for volume org.apache.hadoop.ozone.container.common.volume.HddsVolume@64656b9e
2019-10-08 18:43:01,259 [main] INFO  impl.RaftServerProxy (ConfUtils.java:logGet(43)) - raft.rpc.type = GRPC (default)
2019-10-08 18:43:01,260 [main] INFO  grpc.GrpcFactory (GrpcFactory.java:checkPooledByteBufAllocatorUseCacheForAllThreads(45)) - PERFORMANCE WARNING: useCacheForAllThreads is true that may cause Netty to create a lot garbage objects and, as a result, trigger GC.
	It is recommended to disable useCacheForAllThreads by setting -Dorg.apache.ratis.thirdparty.io.netty.allocator.useCacheForAllThreads=false in command line.
2019-10-08 18:43:01,260 [main] INFO  grpc.GrpcConfigKeys$Server (ConfUtils.java:logGet(43)) - raft.grpc.server.port = 0 (default)
2019-10-08 18:43:01,260 [main] INFO  server.GrpcService (ConfUtils.java:logGet(43)) - raft.grpc.message.size.max = 33570816 (custom)
2019-10-08 18:43:01,260 [main] INFO  server.RaftServerConfigKeys (ConfUtils.java:logGet(43)) - raft.server.log.appender.buffer.byte-limit = 33554432 (custom)
2019-10-08 18:43:01,260 [main] INFO  server.GrpcService (ConfUtils.java:logGet(43)) - raft.grpc.flow.control.window = 1MB (=1048576) (default)
2019-10-08 18:43:01,260 [main] INFO  server.RaftServerConfigKeys (ConfUtils.java:logGet(43)) - raft.server.rpc.request.timeout = 3000ms (default)
2019-10-08 18:43:01,261 [main] INFO  server.RaftServerConfigKeys (ConfUtils.java:logGet(43)) - raft.server.storage.dir = [/workdir/hadoop-ozone/integration-test/target/test-dir/MiniOzoneClusterImpl-a6d256fe-17b9-4a9d-b520-d7d5387b904d/datanode-3/data/ratis] (custom)
2019-10-08 18:43:01,262 [main] INFO  hdfs.DFSUtil (DFSUtil.java:httpServerTemplateForNNAndJN(1641)) - Starting Web-server for hddsDatanode at: http://0.0.0.0:0
2019-10-08 18:43:01,264 [main] INFO  server.AuthenticationFilter (AuthenticationFilter.java:constructSecretProvider(240)) - Unable to initialize FileSignerSecretProvider, falling back to use random secrets.
2019-10-08 18:43:01,264 [main] WARN  http.HttpRequestLog (HttpRequestLog.java:getRequestLog(97)) - Jetty request log can only be enabled using Log4j
2019-10-08 18:43:01,265 [main] INFO  http.HttpServer2 (HttpServer2.java:addGlobalFilter(975)) - Added global filter 'safety' (class=org.apache.hadoop.http.HttpServer2$QuotingInputFilter)
2019-10-08 18:43:01,266 [main] INFO  http.HttpServer2 (HttpServer2.java:addFilter(948)) - Added filter static_user_filter (class=org.apache.hadoop.http.lib.StaticUserWebFilter$StaticUserFilter) to context hddsDatanode
2019-10-08 18:43:01,266 [main] INFO  http.HttpServer2 (HttpServer2.java:addFilter(958)) - Added filter static_user_filter (class=org.apache.hadoop.http.lib.StaticUserWebFilter$StaticUserFilter) to context logs
2019-10-08 18:43:01,266 [main] INFO  http.HttpServer2 (HttpServer2.java:addFilter(958)) - Added filter static_user_filter (class=org.apache.hadoop.http.lib.StaticUserWebFilter$StaticUserFilter) to context static
2019-10-08 18:43:01,266 [main] INFO  http.HttpServer2 (HttpServer2.java:bindListener(1191)) - Jetty bound to port 40859
2019-10-08 18:43:01,267 [main] INFO  server.Server (Server.java:doStart(351)) - jetty-9.3.25.v20180904, build timestamp: 2018-09-04T21:11:46Z, git hash: 3ce520221d0240229c862b122d2b06c12a625732
2019-10-08 18:43:01,268 [main] INFO  handler.ContextHandler (ContextHandler.java:doStart(781)) - Started o.e.j.s.ServletContextHandler@4837f97e{/logs,file:///workdir/hadoop-ozone/integration-test/target/log,AVAILABLE}
2019-10-08 18:43:01,268 [main] INFO  handler.ContextHandler (ContextHandler.java:doStart(781)) - Started o.e.j.s.ServletContextHandler@62a6674f{/static,jar:file:/home/user/.m2/repository/org/apache/hadoop/hadoop-hdds-container-service/0.5.0-SNAPSHOT/hadoop-hdds-container-service-0.5.0-SNAPSHOT.jar!/webapps/static,AVAILABLE}
2019-10-08 18:43:01,295 [main] INFO  handler.ContextHandler (ContextHandler.java:doStart(781)) - Started o.e.j.w.WebAppContext@38159384{/,file:///tmp/jetty-0.0.0.0-40859-hddsDatanode-_-any-7591613949088755284.dir/webapp/,AVAILABLE}{/hddsDatanode}
2019-10-08 18:43:01,296 [main] INFO  server.AbstractConnector (AbstractConnector.java:doStart(278)) - Started ServerConnector@55877274{HTTP/1.1,[http/1.1]}{0.0.0.0:40859}
2019-10-08 18:43:01,297 [main] INFO  server.Server (Server.java:doStart(419)) - Started @236809ms
2019-10-08 18:43:01,297 [main] WARN  impl.MetricsSystemImpl (MetricsSystemImpl.java:register(276)) - Sink prometheus already exists!
2019-10-08 18:43:01,298 [main] INFO  server.BaseHttpServer (BaseHttpServer.java:updateConnectorAddress(215)) - HTTP server of HDDSDATANODE is listening at http://0.0.0.0:40859
2019-10-08 18:43:01,298 [main] INFO  impl.MetricsSystemImpl (MetricsSystemImpl.java:init(158)) - HddsDatanode metrics system started (again)
2019-10-08 18:43:01,305 [org.apache.hadoop.util.JvmPauseMonitor$Monitor@45bfe843] INFO  util.JvmPauseMonitor (JvmPauseMonitor.java:run(188)) - Starting JVM pause monitor
2019-10-08 18:43:01,306 [main] INFO  ozone.HddsDatanodeService (HddsDatanodeService.java:start(184)) - HddsDatanodeService host:pr-hdds-1984-jmsdc-1452173494 ip:192.168.30.53
2019-10-08 18:43:01,306 [Datanode State Machine Thread - 0] INFO  datanode.InitDatanodeState (InitDatanodeState.java:persistContainerDatanodeDetails(140)) - DatanodeDetails is persisted to /workdir/hadoop-ozone/integration-test/target/test-dir/MiniOzoneClusterImpl-a6d256fe-17b9-4a9d-b520-d7d5387b904d/datanode-3/meta/datanode.id
2019-10-08 18:43:01,313 [main] INFO  volume.HddsVolume (HddsVolume.java:<init>(176)) - Creating Volume: /workdir/hadoop-ozone/integration-test/target/test-dir/MiniOzoneClusterImpl-a6d256fe-17b9-4a9d-b520-d7d5387b904d/datanode-4/data/containers/hdds of  storage type : DISK and capacity : 1482555576320
2019-10-08 18:43:01,314 [main] INFO  volume.VolumeSet (VolumeSet.java:initializeVolumeSet(170)) - Added Volume : /workdir/hadoop-ozone/integration-test/target/test-dir/MiniOzoneClusterImpl-a6d256fe-17b9-4a9d-b520-d7d5387b904d/datanode-4/data/containers/hdds to VolumeSet
2019-10-08 18:43:01,314 [main] INFO  volume.ThrottledAsyncChecker (ThrottledAsyncChecker.java:schedule(139)) - Scheduling a check for org.apache.hadoop.ozone.container.common.volume.HddsVolume@212fafd1
2019-10-08 18:43:01,315 [main] INFO  volume.HddsVolumeChecker (HddsVolumeChecker.java:checkAllVolumes(202)) - Scheduled health check for volume org.apache.hadoop.ozone.container.common.volume.HddsVolume@212fafd1
2019-10-08 18:43:01,335 [main] INFO  impl.RaftServerProxy (ConfUtils.java:logGet(43)) - raft.rpc.type = GRPC (default)
2019-10-08 18:43:01,336 [main] INFO  grpc.GrpcFactory (GrpcFactory.java:checkPooledByteBufAllocatorUseCacheForAllThreads(45)) - PERFORMANCE WARNING: useCacheForAllThreads is true that may cause Netty to create a lot garbage objects and, as a result, trigger GC.
	It is recommended to disable useCacheForAllThreads by setting -Dorg.apache.ratis.thirdparty.io.netty.allocator.useCacheForAllThreads=false in command line.
2019-10-08 18:43:01,336 [main] INFO  grpc.GrpcConfigKeys$Server (ConfUtils.java:logGet(43)) - raft.grpc.server.port = 0 (default)
2019-10-08 18:43:01,336 [main] INFO  server.GrpcService (ConfUtils.java:logGet(43)) - raft.grpc.message.size.max = 33570816 (custom)
2019-10-08 18:43:01,337 [main] INFO  server.RaftServerConfigKeys (ConfUtils.java:logGet(43)) - raft.server.log.appender.buffer.byte-limit = 33554432 (custom)
2019-10-08 18:43:01,337 [main] INFO  server.GrpcService (ConfUtils.java:logGet(43)) - raft.grpc.flow.control.window = 1MB (=1048576) (default)
2019-10-08 18:43:01,337 [main] INFO  server.RaftServerConfigKeys (ConfUtils.java:logGet(43)) - raft.server.rpc.request.timeout = 3000ms (default)
2019-10-08 18:43:01,338 [main] INFO  server.RaftServerConfigKeys (ConfUtils.java:logGet(43)) - raft.server.storage.dir = [/workdir/hadoop-ozone/integration-test/target/test-dir/MiniOzoneClusterImpl-a6d256fe-17b9-4a9d-b520-d7d5387b904d/datanode-4/data/ratis] (custom)
2019-10-08 18:43:01,339 [main] INFO  hdfs.DFSUtil (DFSUtil.java:httpServerTemplateForNNAndJN(1641)) - Starting Web-server for hddsDatanode at: http://0.0.0.0:0
2019-10-08 18:43:01,341 [main] INFO  server.AuthenticationFilter (AuthenticationFilter.java:constructSecretProvider(240)) - Unable to initialize FileSignerSecretProvider, falling back to use random secrets.
2019-10-08 18:43:01,342 [main] WARN  http.HttpRequestLog (HttpRequestLog.java:getRequestLog(97)) - Jetty request log can only be enabled using Log4j
2019-10-08 18:43:01,344 [main] INFO  http.HttpServer2 (HttpServer2.java:addGlobalFilter(975)) - Added global filter 'safety' (class=org.apache.hadoop.http.HttpServer2$QuotingInputFilter)
2019-10-08 18:43:01,344 [main] INFO  http.HttpServer2 (HttpServer2.java:addFilter(948)) - Added filter static_user_filter (class=org.apache.hadoop.http.lib.StaticUserWebFilter$StaticUserFilter) to context hddsDatanode
2019-10-08 18:43:01,344 [main] INFO  http.HttpServer2 (HttpServer2.java:addFilter(958)) - Added filter static_user_filter (class=org.apache.hadoop.http.lib.StaticUserWebFilter$StaticUserFilter) to context logs
2019-10-08 18:43:01,345 [main] INFO  http.HttpServer2 (HttpServer2.java:addFilter(958)) - Added filter static_user_filter (class=org.apache.hadoop.http.lib.StaticUserWebFilter$StaticUserFilter) to context static
2019-10-08 18:43:01,346 [main] INFO  http.HttpServer2 (HttpServer2.java:bindListener(1191)) - Jetty bound to port 35967
2019-10-08 18:43:01,346 [main] INFO  server.Server (Server.java:doStart(351)) - jetty-9.3.25.v20180904, build timestamp: 2018-09-04T21:11:46Z, git hash: 3ce520221d0240229c862b122d2b06c12a625732
2019-10-08 18:43:01,347 [main] INFO  handler.ContextHandler (ContextHandler.java:doStart(781)) - Started o.e.j.s.ServletContextHandler@1332dec4{/logs,file:///workdir/hadoop-ozone/integration-test/target/log,AVAILABLE}
2019-10-08 18:43:01,348 [main] INFO  handler.ContextHandler (ContextHandler.java:doStart(781)) - Started o.e.j.s.ServletContextHandler@6889f56f{/static,jar:file:/home/user/.m2/repository/org/apache/hadoop/hadoop-hdds-container-service/0.5.0-SNAPSHOT/hadoop-hdds-container-service-0.5.0-SNAPSHOT.jar!/webapps/static,AVAILABLE}
2019-10-08 18:43:01,387 [main] INFO  handler.ContextHandler (ContextHandler.java:doStart(781)) - Started o.e.j.w.WebAppContext@4def7d36{/,file:///tmp/jetty-0.0.0.0-35967-hddsDatanode-_-any-4414498384579041960.dir/webapp/,AVAILABLE}{/hddsDatanode}
2019-10-08 18:43:01,388 [main] INFO  server.AbstractConnector (AbstractConnector.java:doStart(278)) - Started ServerConnector@43c7fe8a{HTTP/1.1,[http/1.1]}{0.0.0.0:35967}
2019-10-08 18:43:01,390 [main] INFO  server.Server (Server.java:doStart(419)) - Started @236902ms
2019-10-08 18:43:01,390 [main] WARN  impl.MetricsSystemImpl (MetricsSystemImpl.java:register(276)) - Sink prometheus already exists!
2019-10-08 18:43:01,391 [main] INFO  server.BaseHttpServer (BaseHttpServer.java:updateConnectorAddress(215)) - HTTP server of HDDSDATANODE is listening at http://0.0.0.0:35967
2019-10-08 18:43:01,391 [main] INFO  impl.MetricsSystemImpl (MetricsSystemImpl.java:init(158)) - HddsDatanode metrics system started (again)
2019-10-08 18:43:01,396 [org.apache.hadoop.util.JvmPauseMonitor$Monitor@2500a3b2] INFO  util.JvmPauseMonitor (JvmPauseMonitor.java:run(188)) - Starting JVM pause monitor
2019-10-08 18:43:01,397 [Datanode State Machine Thread - 0] INFO  datanode.InitDatanodeState (InitDatanodeState.java:persistContainerDatanodeDetails(140)) - DatanodeDetails is persisted to /workdir/hadoop-ozone/integration-test/target/test-dir/MiniOzoneClusterImpl-a6d256fe-17b9-4a9d-b520-d7d5387b904d/datanode-4/meta/datanode.id
2019-10-08 18:43:01,397 [main] INFO  ozone.HddsDatanodeService (HddsDatanodeService.java:start(184)) - HddsDatanodeService host:pr-hdds-1984-jmsdc-1452173494 ip:192.168.30.53
2019-10-08 18:43:01,404 [main] INFO  volume.HddsVolume (HddsVolume.java:<init>(176)) - Creating Volume: /workdir/hadoop-ozone/integration-test/target/test-dir/MiniOzoneClusterImpl-a6d256fe-17b9-4a9d-b520-d7d5387b904d/datanode-5/data/containers/hdds of  storage type : DISK and capacity : 1482555576320
2019-10-08 18:43:01,404 [main] INFO  volume.VolumeSet (VolumeSet.java:initializeVolumeSet(170)) - Added Volume : /workdir/hadoop-ozone/integration-test/target/test-dir/MiniOzoneClusterImpl-a6d256fe-17b9-4a9d-b520-d7d5387b904d/datanode-5/data/containers/hdds to VolumeSet
2019-10-08 18:43:01,404 [main] INFO  volume.ThrottledAsyncChecker (ThrottledAsyncChecker.java:schedule(139)) - Scheduling a check for org.apache.hadoop.ozone.container.common.volume.HddsVolume@3457cc8d
2019-10-08 18:43:01,405 [main] INFO  volume.HddsVolumeChecker (HddsVolumeChecker.java:checkAllVolumes(202)) - Scheduled health check for volume org.apache.hadoop.ozone.container.common.volume.HddsVolume@3457cc8d
2019-10-08 18:43:01,423 [main] INFO  impl.RaftServerProxy (ConfUtils.java:logGet(43)) - raft.rpc.type = GRPC (default)
2019-10-08 18:43:01,423 [main] INFO  grpc.GrpcFactory (GrpcFactory.java:checkPooledByteBufAllocatorUseCacheForAllThreads(45)) - PERFORMANCE WARNING: useCacheForAllThreads is true that may cause Netty to create a lot garbage objects and, as a result, trigger GC.
	It is recommended to disable useCacheForAllThreads by setting -Dorg.apache.ratis.thirdparty.io.netty.allocator.useCacheForAllThreads=false in command line.
2019-10-08 18:43:01,423 [main] INFO  grpc.GrpcConfigKeys$Server (ConfUtils.java:logGet(43)) - raft.grpc.server.port = 0 (default)
2019-10-08 18:43:01,424 [main] INFO  server.GrpcService (ConfUtils.java:logGet(43)) - raft.grpc.message.size.max = 33570816 (custom)
2019-10-08 18:43:01,424 [main] INFO  server.RaftServerConfigKeys (ConfUtils.java:logGet(43)) - raft.server.log.appender.buffer.byte-limit = 33554432 (custom)
2019-10-08 18:43:01,424 [main] INFO  server.GrpcService (ConfUtils.java:logGet(43)) - raft.grpc.flow.control.window = 1MB (=1048576) (default)
2019-10-08 18:43:01,425 [main] INFO  server.RaftServerConfigKeys (ConfUtils.java:logGet(43)) - raft.server.rpc.request.timeout = 3000ms (default)
2019-10-08 18:43:01,425 [main] INFO  server.RaftServerConfigKeys (ConfUtils.java:logGet(43)) - raft.server.storage.dir = [/workdir/hadoop-ozone/integration-test/target/test-dir/MiniOzoneClusterImpl-a6d256fe-17b9-4a9d-b520-d7d5387b904d/datanode-5/data/ratis] (custom)
2019-10-08 18:43:01,426 [main] INFO  hdfs.DFSUtil (DFSUtil.java:httpServerTemplateForNNAndJN(1641)) - Starting Web-server for hddsDatanode at: http://0.0.0.0:0
2019-10-08 18:43:01,428 [main] INFO  server.AuthenticationFilter (AuthenticationFilter.java:constructSecretProvider(240)) - Unable to initialize FileSignerSecretProvider, falling back to use random secrets.
2019-10-08 18:43:01,428 [main] WARN  http.HttpRequestLog (HttpRequestLog.java:getRequestLog(97)) - Jetty request log can only be enabled using Log4j
2019-10-08 18:43:01,429 [main] INFO  http.HttpServer2 (HttpServer2.java:addGlobalFilter(975)) - Added global filter 'safety' (class=org.apache.hadoop.http.HttpServer2$QuotingInputFilter)
2019-10-08 18:43:01,430 [main] INFO  http.HttpServer2 (HttpServer2.java:addFilter(948)) - Added filter static_user_filter (class=org.apache.hadoop.http.lib.StaticUserWebFilter$StaticUserFilter) to context hddsDatanode
2019-10-08 18:43:01,430 [main] INFO  http.HttpServer2 (HttpServer2.java:addFilter(958)) - Added filter static_user_filter (class=org.apache.hadoop.http.lib.StaticUserWebFilter$StaticUserFilter) to context logs
2019-10-08 18:43:01,430 [main] INFO  http.HttpServer2 (HttpServer2.java:addFilter(958)) - Added filter static_user_filter (class=org.apache.hadoop.http.lib.StaticUserWebFilter$StaticUserFilter) to context static
2019-10-08 18:43:01,431 [main] INFO  http.HttpServer2 (HttpServer2.java:bindListener(1191)) - Jetty bound to port 38245
2019-10-08 18:43:01,431 [main] INFO  server.Server (Server.java:doStart(351)) - jetty-9.3.25.v20180904, build timestamp: 2018-09-04T21:11:46Z, git hash: 3ce520221d0240229c862b122d2b06c12a625732
2019-10-08 18:43:01,432 [main] INFO  handler.ContextHandler (ContextHandler.java:doStart(781)) - Started o.e.j.s.ServletContextHandler@216c22ce{/logs,file:///workdir/hadoop-ozone/integration-test/target/log,AVAILABLE}
2019-10-08 18:43:01,433 [main] INFO  handler.ContextHandler (ContextHandler.java:doStart(781)) - Started o.e.j.s.ServletContextHandler@21e5f0b6{/static,jar:file:/home/user/.m2/repository/org/apache/hadoop/hadoop-hdds-container-service/0.5.0-SNAPSHOT/hadoop-hdds-container-service-0.5.0-SNAPSHOT.jar!/webapps/static,AVAILABLE}
2019-10-08 18:43:01,460 [main] INFO  handler.ContextHandler (ContextHandler.java:doStart(781)) - Started o.e.j.w.WebAppContext@63d677f5{/,file:///tmp/jetty-0.0.0.0-38245-hddsDatanode-_-any-1612942316073765077.dir/webapp/,AVAILABLE}{/hddsDatanode}
2019-10-08 18:43:01,461 [main] INFO  server.AbstractConnector (AbstractConnector.java:doStart(278)) - Started ServerConnector@71d55b7e{HTTP/1.1,[http/1.1]}{0.0.0.0:38245}
2019-10-08 18:43:01,462 [main] INFO  server.Server (Server.java:doStart(419)) - Started @236975ms
2019-10-08 18:43:01,462 [main] WARN  impl.MetricsSystemImpl (MetricsSystemImpl.java:register(276)) - Sink prometheus already exists!
2019-10-08 18:43:01,463 [main] INFO  server.BaseHttpServer (BaseHttpServer.java:updateConnectorAddress(215)) - HTTP server of HDDSDATANODE is listening at http://0.0.0.0:38245
2019-10-08 18:43:01,463 [main] INFO  impl.MetricsSystemImpl (MetricsSystemImpl.java:init(158)) - HddsDatanode metrics system started (again)
2019-10-08 18:43:01,468 [org.apache.hadoop.util.JvmPauseMonitor$Monitor@75c07cbb] INFO  util.JvmPauseMonitor (JvmPauseMonitor.java:run(188)) - Starting JVM pause monitor
2019-10-08 18:43:01,469 [main] INFO  ozone.HddsDatanodeService (HddsDatanodeService.java:start(184)) - HddsDatanodeService host:pr-hdds-1984-jmsdc-1452173494 ip:192.168.30.53
2019-10-08 18:43:01,470 [Datanode State Machine Thread - 0] INFO  datanode.InitDatanodeState (InitDatanodeState.java:persistContainerDatanodeDetails(140)) - DatanodeDetails is persisted to /workdir/hadoop-ozone/integration-test/target/test-dir/MiniOzoneClusterImpl-a6d256fe-17b9-4a9d-b520-d7d5387b904d/datanode-5/meta/datanode.id
2019-10-08 18:43:01,475 [main] INFO  volume.HddsVolume (HddsVolume.java:<init>(176)) - Creating Volume: /workdir/hadoop-ozone/integration-test/target/test-dir/MiniOzoneClusterImpl-a6d256fe-17b9-4a9d-b520-d7d5387b904d/datanode-6/data/containers/hdds of  storage type : DISK and capacity : 1482555576320
2019-10-08 18:43:01,475 [main] INFO  volume.VolumeSet (VolumeSet.java:initializeVolumeSet(170)) - Added Volume : /workdir/hadoop-ozone/integration-test/target/test-dir/MiniOzoneClusterImpl-a6d256fe-17b9-4a9d-b520-d7d5387b904d/datanode-6/data/containers/hdds to VolumeSet
2019-10-08 18:43:01,475 [main] INFO  volume.ThrottledAsyncChecker (ThrottledAsyncChecker.java:schedule(139)) - Scheduling a check for org.apache.hadoop.ozone.container.common.volume.HddsVolume@4cc12db2
2019-10-08 18:43:01,475 [main] INFO  volume.HddsVolumeChecker (HddsVolumeChecker.java:checkAllVolumes(202)) - Scheduled health check for volume org.apache.hadoop.ozone.container.common.volume.HddsVolume@4cc12db2
2019-10-08 18:43:01,487 [main] INFO  impl.RaftServerProxy (ConfUtils.java:logGet(43)) - raft.rpc.type = GRPC (default)
2019-10-08 18:43:01,487 [main] INFO  grpc.GrpcFactory (GrpcFactory.java:checkPooledByteBufAllocatorUseCacheForAllThreads(45)) - PERFORMANCE WARNING: useCacheForAllThreads is true that may cause Netty to create a lot garbage objects and, as a result, trigger GC.
	It is recommended to disable useCacheForAllThreads by setting -Dorg.apache.ratis.thirdparty.io.netty.allocator.useCacheForAllThreads=false in command line.
2019-10-08 18:43:01,488 [main] INFO  grpc.GrpcConfigKeys$Server (ConfUtils.java:logGet(43)) - raft.grpc.server.port = 0 (default)
2019-10-08 18:43:01,488 [main] INFO  server.GrpcService (ConfUtils.java:logGet(43)) - raft.grpc.message.size.max = 33570816 (custom)
2019-10-08 18:43:01,488 [main] INFO  server.RaftServerConfigKeys (ConfUtils.java:logGet(43)) - raft.server.log.appender.buffer.byte-limit = 33554432 (custom)
2019-10-08 18:43:01,488 [main] INFO  server.GrpcService (ConfUtils.java:logGet(43)) - raft.grpc.flow.control.window = 1MB (=1048576) (default)
2019-10-08 18:43:01,488 [main] INFO  server.RaftServerConfigKeys (ConfUtils.java:logGet(43)) - raft.server.rpc.request.timeout = 3000ms (default)
2019-10-08 18:43:01,489 [main] INFO  server.RaftServerConfigKeys (ConfUtils.java:logGet(43)) - raft.server.storage.dir = [/workdir/hadoop-ozone/integration-test/target/test-dir/MiniOzoneClusterImpl-a6d256fe-17b9-4a9d-b520-d7d5387b904d/datanode-6/data/ratis] (custom)
2019-10-08 18:43:01,490 [main] INFO  hdfs.DFSUtil (DFSUtil.java:httpServerTemplateForNNAndJN(1641)) - Starting Web-server for hddsDatanode at: http://0.0.0.0:0
2019-10-08 18:43:01,491 [main] INFO  server.AuthenticationFilter (AuthenticationFilter.java:constructSecretProvider(240)) - Unable to initialize FileSignerSecretProvider, falling back to use random secrets.
2019-10-08 18:43:01,491 [main] WARN  http.HttpRequestLog (HttpRequestLog.java:getRequestLog(97)) - Jetty request log can only be enabled using Log4j
2019-10-08 18:43:01,492 [main] INFO  http.HttpServer2 (HttpServer2.java:addGlobalFilter(975)) - Added global filter 'safety' (class=org.apache.hadoop.http.HttpServer2$QuotingInputFilter)
2019-10-08 18:43:01,492 [main] INFO  http.HttpServer2 (HttpServer2.java:addFilter(948)) - Added filter static_user_filter (class=org.apache.hadoop.http.lib.StaticUserWebFilter$StaticUserFilter) to context hddsDatanode
2019-10-08 18:43:01,492 [main] INFO  http.HttpServer2 (HttpServer2.java:addFilter(958)) - Added filter static_user_filter (class=org.apache.hadoop.http.lib.StaticUserWebFilter$StaticUserFilter) to context static
2019-10-08 18:43:01,493 [main] INFO  http.HttpServer2 (HttpServer2.java:addFilter(958)) - Added filter static_user_filter (class=org.apache.hadoop.http.lib.StaticUserWebFilter$StaticUserFilter) to context logs
2019-10-08 18:43:01,493 [main] INFO  http.HttpServer2 (HttpServer2.java:bindListener(1191)) - Jetty bound to port 35573
2019-10-08 18:43:01,493 [main] INFO  server.Server (Server.java:doStart(351)) - jetty-9.3.25.v20180904, build timestamp: 2018-09-04T21:11:46Z, git hash: 3ce520221d0240229c862b122d2b06c12a625732
2019-10-08 18:43:01,494 [main] INFO  handler.ContextHandler (ContextHandler.java:doStart(781)) - Started o.e.j.s.ServletContextHandler@68e2d03e{/logs,file:///workdir/hadoop-ozone/integration-test/target/log,AVAILABLE}
2019-10-08 18:43:01,495 [main] INFO  handler.ContextHandler (ContextHandler.java:doStart(781)) - Started o.e.j.s.ServletContextHandler@32ab408e{/static,jar:file:/home/user/.m2/repository/org/apache/hadoop/hadoop-hdds-container-service/0.5.0-SNAPSHOT/hadoop-hdds-container-service-0.5.0-SNAPSHOT.jar!/webapps/static,AVAILABLE}
2019-10-08 18:43:01,519 [main] INFO  handler.ContextHandler (ContextHandler.java:doStart(781)) - Started o.e.j.w.WebAppContext@794240e2{/,file:///tmp/jetty-0.0.0.0-35573-hddsDatanode-_-any-4550014544012786339.dir/webapp/,AVAILABLE}{/hddsDatanode}
2019-10-08 18:43:01,519 [main] INFO  server.AbstractConnector (AbstractConnector.java:doStart(278)) - Started ServerConnector@74a820bf{HTTP/1.1,[http/1.1]}{0.0.0.0:35573}
2019-10-08 18:43:01,521 [main] INFO  server.Server (Server.java:doStart(419)) - Started @237034ms
2019-10-08 18:43:01,522 [main] WARN  impl.MetricsSystemImpl (MetricsSystemImpl.java:register(276)) - Sink prometheus already exists!
2019-10-08 18:43:01,522 [main] INFO  server.BaseHttpServer (BaseHttpServer.java:updateConnectorAddress(215)) - HTTP server of HDDSDATANODE is listening at http://0.0.0.0:35573
2019-10-08 18:43:01,522 [main] INFO  ozone.MiniOzoneClusterImpl (MiniOzoneClusterImpl.java:lambda$waitForClusterToBeReady$0(147)) - Waiting for cluster to be ready. Got 0 of 7 DN Heartbeats.
2019-10-08 18:43:01,523 [org.apache.hadoop.util.JvmPauseMonitor$Monitor@491142c2] INFO  util.JvmPauseMonitor (JvmPauseMonitor.java:run(188)) - Starting JVM pause monitor
2019-10-08 18:43:01,524 [Datanode State Machine Thread - 0] INFO  datanode.InitDatanodeState (InitDatanodeState.java:persistContainerDatanodeDetails(140)) - DatanodeDetails is persisted to /workdir/hadoop-ozone/integration-test/target/test-dir/MiniOzoneClusterImpl-a6d256fe-17b9-4a9d-b520-d7d5387b904d/datanode-6/meta/datanode.id
2019-10-08 18:43:02,523 [main] INFO  ozone.MiniOzoneClusterImpl (MiniOzoneClusterImpl.java:lambda$waitForClusterToBeReady$0(147)) - Waiting for cluster to be ready. Got 0 of 7 DN Heartbeats.
2019-10-08 18:43:03,137 [Datanode State Machine Thread - 0] INFO  ozoneimpl.OzoneContainer (OzoneContainer.java:start(213)) - Attempting to start container services.
2019-10-08 18:43:03,138 [Datanode State Machine Thread - 0] INFO  ozoneimpl.OzoneContainer (OzoneContainer.java:startContainerScrub(177)) - Background container scanner has been disabled.
2019-10-08 18:43:03,138 [Datanode State Machine Thread - 0] INFO  ratis.XceiverServerRatis (XceiverServerRatis.java:start(418)) - Starting XceiverServerRatis 4799d071-0706-4d7e-bea6-a2942a6423af at port 0
2019-10-08 18:43:03,150 [Datanode State Machine Thread - 0] INFO  impl.RaftServerProxy (RaftServerProxy.java:lambda$start$3(299)) - 4799d071-0706-4d7e-bea6-a2942a6423af: start RPC server
2019-10-08 18:43:03,152 [Datanode State Machine Thread - 0] INFO  server.GrpcService (GrpcService.java:startImpl(158)) - 4799d071-0706-4d7e-bea6-a2942a6423af: GrpcService started, listening on 0.0.0.0/0.0.0.0:39953
2019-10-08 18:43:03,152 [Datanode State Machine Thread - 0] INFO  ratis.XceiverServerRatis (XceiverServerRatis.java:start(428)) - XceiverServerRatis 4799d071-0706-4d7e-bea6-a2942a6423af is started using port 39953
2019-10-08 18:43:03,153 [Datanode State Machine Thread - 0] INFO  server.XceiverServerGrpc (XceiverServerGrpc.java:start(149)) - XceiverServerGrpc 4799d071-0706-4d7e-bea6-a2942a6423af is started using port 34511
2019-10-08 18:43:03,190 [Datanode State Machine Thread - 0] INFO  ozoneimpl.OzoneContainer (OzoneContainer.java:start(213)) - Attempting to start container services.
2019-10-08 18:43:03,191 [Datanode State Machine Thread - 0] INFO  ozoneimpl.OzoneContainer (OzoneContainer.java:startContainerScrub(177)) - Background container scanner has been disabled.
2019-10-08 18:43:03,191 [Datanode State Machine Thread - 0] INFO  ratis.XceiverServerRatis (XceiverServerRatis.java:start(418)) - Starting XceiverServerRatis aa548c8e-ad7a-464f-a14b-750fff37b319 at port 0
2019-10-08 18:43:03,197 [Datanode State Machine Thread - 0] INFO  impl.RaftServerProxy (RaftServerProxy.java:lambda$start$3(299)) - aa548c8e-ad7a-464f-a14b-750fff37b319: start RPC server
2019-10-08 18:43:03,208 [Datanode State Machine Thread - 0] INFO  server.GrpcService (GrpcService.java:startImpl(158)) - aa548c8e-ad7a-464f-a14b-750fff37b319: GrpcService started, listening on 0.0.0.0/0.0.0.0:33676
2019-10-08 18:43:03,208 [Datanode State Machine Thread - 0] INFO  ratis.XceiverServerRatis (XceiverServerRatis.java:start(428)) - XceiverServerRatis aa548c8e-ad7a-464f-a14b-750fff37b319 is started using port 33676
2019-10-08 18:43:03,209 [Datanode State Machine Thread - 0] INFO  server.XceiverServerGrpc (XceiverServerGrpc.java:start(149)) - XceiverServerGrpc aa548c8e-ad7a-464f-a14b-750fff37b319 is started using port 44484
2019-10-08 18:43:03,254 [Datanode State Machine Thread - 0] INFO  ozoneimpl.OzoneContainer (OzoneContainer.java:start(213)) - Attempting to start container services.
2019-10-08 18:43:03,254 [Datanode State Machine Thread - 0] INFO  ozoneimpl.OzoneContainer (OzoneContainer.java:startContainerScrub(177)) - Background container scanner has been disabled.
2019-10-08 18:43:03,254 [Datanode State Machine Thread - 0] INFO  ratis.XceiverServerRatis (XceiverServerRatis.java:start(418)) - Starting XceiverServerRatis 37dc53b4-77b9-4af3-bb45-092787be41b0 at port 0
2019-10-08 18:43:03,261 [Datanode State Machine Thread - 0] INFO  impl.RaftServerProxy (RaftServerProxy.java:lambda$start$3(299)) - 37dc53b4-77b9-4af3-bb45-092787be41b0: start RPC server
2019-10-08 18:43:03,263 [Datanode State Machine Thread - 0] INFO  server.GrpcService (GrpcService.java:startImpl(158)) - 37dc53b4-77b9-4af3-bb45-092787be41b0: GrpcService started, listening on 0.0.0.0/0.0.0.0:33281
2019-10-08 18:43:03,263 [Datanode State Machine Thread - 0] INFO  ratis.XceiverServerRatis (XceiverServerRatis.java:start(428)) - XceiverServerRatis 37dc53b4-77b9-4af3-bb45-092787be41b0 is started using port 33281
2019-10-08 18:43:03,264 [Datanode State Machine Thread - 0] INFO  server.XceiverServerGrpc (XceiverServerGrpc.java:start(149)) - XceiverServerGrpc 37dc53b4-77b9-4af3-bb45-092787be41b0 is started using port 38244
2019-10-08 18:43:03,319 [Datanode State Machine Thread - 0] INFO  ozoneimpl.OzoneContainer (OzoneContainer.java:start(213)) - Attempting to start container services.
2019-10-08 18:43:03,319 [Datanode State Machine Thread - 0] INFO  ozoneimpl.OzoneContainer (OzoneContainer.java:startContainerScrub(177)) - Background container scanner has been disabled.
2019-10-08 18:43:03,320 [Datanode State Machine Thread - 0] INFO  ratis.XceiverServerRatis (XceiverServerRatis.java:start(418)) - Starting XceiverServerRatis 5b5d9be7-1f51-4349-b8ce-df5d5bf715fa at port 0
2019-10-08 18:43:03,325 [Datanode State Machine Thread - 0] INFO  impl.RaftServerProxy (RaftServerProxy.java:lambda$start$3(299)) - 5b5d9be7-1f51-4349-b8ce-df5d5bf715fa: start RPC server
2019-10-08 18:43:03,328 [Datanode State Machine Thread - 0] INFO  server.GrpcService (GrpcService.java:startImpl(158)) - 5b5d9be7-1f51-4349-b8ce-df5d5bf715fa: GrpcService started, listening on 0.0.0.0/0.0.0.0:40601
2019-10-08 18:43:03,328 [Datanode State Machine Thread - 0] INFO  ratis.XceiverServerRatis (XceiverServerRatis.java:start(428)) - XceiverServerRatis 5b5d9be7-1f51-4349-b8ce-df5d5bf715fa is started using port 40601
2019-10-08 18:43:03,329 [Datanode State Machine Thread - 0] INFO  server.XceiverServerGrpc (XceiverServerGrpc.java:start(149)) - XceiverServerGrpc 5b5d9be7-1f51-4349-b8ce-df5d5bf715fa is started using port 36318
2019-10-08 18:43:03,411 [Datanode State Machine Thread - 0] INFO  ozoneimpl.OzoneContainer (OzoneContainer.java:start(213)) - Attempting to start container services.
2019-10-08 18:43:03,411 [Datanode State Machine Thread - 0] INFO  ozoneimpl.OzoneContainer (OzoneContainer.java:startContainerScrub(177)) - Background container scanner has been disabled.
2019-10-08 18:43:03,411 [Datanode State Machine Thread - 0] INFO  ratis.XceiverServerRatis (XceiverServerRatis.java:start(418)) - Starting XceiverServerRatis 45b9bb25-ae31-4d68-a399-9c41f84c6f1f at port 0
2019-10-08 18:43:03,418 [Datanode State Machine Thread - 0] INFO  impl.RaftServerProxy (RaftServerProxy.java:lambda$start$3(299)) - 45b9bb25-ae31-4d68-a399-9c41f84c6f1f: start RPC server
2019-10-08 18:43:03,422 [Datanode State Machine Thread - 0] INFO  server.GrpcService (GrpcService.java:startImpl(158)) - 45b9bb25-ae31-4d68-a399-9c41f84c6f1f: GrpcService started, listening on 0.0.0.0/0.0.0.0:44055
2019-10-08 18:43:03,422 [Datanode State Machine Thread - 0] INFO  ratis.XceiverServerRatis (XceiverServerRatis.java:start(428)) - XceiverServerRatis 45b9bb25-ae31-4d68-a399-9c41f84c6f1f is started using port 44055
2019-10-08 18:43:03,425 [Datanode State Machine Thread - 0] INFO  server.XceiverServerGrpc (XceiverServerGrpc.java:start(149)) - XceiverServerGrpc 45b9bb25-ae31-4d68-a399-9c41f84c6f1f is started using port 38685
2019-10-08 18:43:03,482 [Datanode State Machine Thread - 0] INFO  ozoneimpl.OzoneContainer (OzoneContainer.java:start(213)) - Attempting to start container services.
2019-10-08 18:43:03,483 [Datanode State Machine Thread - 0] INFO  ozoneimpl.OzoneContainer (OzoneContainer.java:startContainerScrub(177)) - Background container scanner has been disabled.
2019-10-08 18:43:03,483 [Datanode State Machine Thread - 0] INFO  ratis.XceiverServerRatis (XceiverServerRatis.java:start(418)) - Starting XceiverServerRatis 1ff6fe31-ca4e-4bce-97c3-327c0762526d at port 0
2019-10-08 18:43:03,490 [Datanode State Machine Thread - 0] INFO  impl.RaftServerProxy (RaftServerProxy.java:lambda$start$3(299)) - 1ff6fe31-ca4e-4bce-97c3-327c0762526d: start RPC server
2019-10-08 18:43:03,495 [Datanode State Machine Thread - 0] INFO  server.GrpcService (GrpcService.java:startImpl(158)) - 1ff6fe31-ca4e-4bce-97c3-327c0762526d: GrpcService started, listening on 0.0.0.0/0.0.0.0:37428
2019-10-08 18:43:03,495 [Datanode State Machine Thread - 0] INFO  ratis.XceiverServerRatis (XceiverServerRatis.java:start(428)) - XceiverServerRatis 1ff6fe31-ca4e-4bce-97c3-327c0762526d is started using port 37428
2019-10-08 18:43:03,497 [Datanode State Machine Thread - 0] INFO  server.XceiverServerGrpc (XceiverServerGrpc.java:start(149)) - XceiverServerGrpc 1ff6fe31-ca4e-4bce-97c3-327c0762526d is started using port 38819
2019-10-08 18:43:03,523 [main] INFO  ozone.MiniOzoneClusterImpl (MiniOzoneClusterImpl.java:lambda$waitForClusterToBeReady$0(147)) - Waiting for cluster to be ready. Got 0 of 7 DN Heartbeats.
2019-10-08 18:43:03,538 [Datanode State Machine Thread - 0] INFO  ozoneimpl.OzoneContainer (OzoneContainer.java:start(213)) - Attempting to start container services.
2019-10-08 18:43:03,539 [Datanode State Machine Thread - 0] INFO  ozoneimpl.OzoneContainer (OzoneContainer.java:startContainerScrub(177)) - Background container scanner has been disabled.
2019-10-08 18:43:03,539 [Datanode State Machine Thread - 0] INFO  ratis.XceiverServerRatis (XceiverServerRatis.java:start(418)) - Starting XceiverServerRatis 2092bfdf-ca01-4ca1-a86e-77e51861a1b8 at port 0
2019-10-08 18:43:03,544 [Datanode State Machine Thread - 0] INFO  impl.RaftServerProxy (RaftServerProxy.java:lambda$start$3(299)) - 2092bfdf-ca01-4ca1-a86e-77e51861a1b8: start RPC server
2019-10-08 18:43:03,545 [Datanode State Machine Thread - 0] INFO  server.GrpcService (GrpcService.java:startImpl(158)) - 2092bfdf-ca01-4ca1-a86e-77e51861a1b8: GrpcService started, listening on 0.0.0.0/0.0.0.0:34955
2019-10-08 18:43:03,545 [Datanode State Machine Thread - 0] INFO  ratis.XceiverServerRatis (XceiverServerRatis.java:start(428)) - XceiverServerRatis 2092bfdf-ca01-4ca1-a86e-77e51861a1b8 is started using port 34955
2019-10-08 18:43:03,545 [Datanode State Machine Thread - 0] INFO  server.XceiverServerGrpc (XceiverServerGrpc.java:start(149)) - XceiverServerGrpc 2092bfdf-ca01-4ca1-a86e-77e51861a1b8 is started using port 41690
2019-10-08 18:43:04,524 [main] INFO  ozone.MiniOzoneClusterImpl (MiniOzoneClusterImpl.java:lambda$waitForClusterToBeReady$0(147)) - Waiting for cluster to be ready. Got 0 of 7 DN Heartbeats.
2019-10-08 18:43:05,108 [IPC Server handler 3 on 36969] INFO  net.NetworkTopology (NetworkTopologyImpl.java:add(111)) - Added a new node: /default-rack/4799d071-0706-4d7e-bea6-a2942a6423af
2019-10-08 18:43:05,112 [IPC Server handler 3 on 36969] INFO  node.SCMNodeManager (SCMNodeManager.java:register(268)) - Registered Data node : 4799d071-0706-4d7e-bea6-a2942a6423af{ip: 192.168.30.53, host: pr-hdds-1984-jmsdc-1452173494, networkLocation: /default-rack, certSerialId: null}
2019-10-08 18:43:05,113 [EventQueue-NodeRegistrationContainerReportForDataNodeSafeModeRule] INFO  safemode.SCMSafeModeManager (DataNodeSafeModeRule.java:process(71)) - SCM in safe mode. 1 DataNodes registered, 1 required.
2019-10-08 18:43:05,117 [EventQueue-NodeRegistrationContainerReportForDataNodeSafeModeRule] INFO  safemode.SCMSafeModeManager (SCMSafeModeManager.java:validateSafeModeExitRules(177)) - ScmSafeModeManager, all rules are successfully validated
2019-10-08 18:43:05,117 [EventQueue-NodeRegistrationContainerReportForDataNodeSafeModeRule] INFO  safemode.SCMSafeModeManager (SCMSafeModeManager.java:exitSafeMode(193)) - SCM exiting safe mode.
2019-10-08 18:43:05,125 [grpc-default-executor-9] INFO  impl.RaftServerProxy (RaftServerProxy.java:addNew(89)) - 4799d071-0706-4d7e-bea6-a2942a6423af: addNew group-6A15E82A5F7F:[4799d071-0706-4d7e-bea6-a2942a6423af:192.168.30.53:39953] returns group-6A15E82A5F7F:java.util.concurrent.CompletableFuture@632c8753[Not completed]
2019-10-08 18:43:05,127 [pool-383-thread-1] INFO  impl.RaftServerImpl (RaftServerImpl.java:<init>(95)) - 4799d071-0706-4d7e-bea6-a2942a6423af: new RaftServerImpl for group-6A15E82A5F7F:[4799d071-0706-4d7e-bea6-a2942a6423af:192.168.30.53:39953] with ContainerStateMachine:uninitialized
2019-10-08 18:43:05,127 [pool-383-thread-1] INFO  server.RaftServerConfigKeys (ConfUtils.java:logGet(43)) - raft.server.rpc.timeout.min = 5s (custom)
2019-10-08 18:43:05,127 [pool-383-thread-1] INFO  server.RaftServerConfigKeys (ConfUtils.java:logGet(43)) - raft.server.rpc.timeout.max = 5200ms (custom)
2019-10-08 18:43:05,127 [pool-383-thread-1] INFO  server.RaftServerConfigKeys (ConfUtils.java:logGet(43)) - raft.server.rpcslowness.timeout = 120s (custom)
2019-10-08 18:43:05,127 [pool-383-thread-1] INFO  server.RaftServerConfigKeys (ConfUtils.java:logGet(43)) - raft.server.sleep.deviation.threshold = 300 (default)
2019-10-08 18:43:05,127 [pool-383-thread-1] INFO  server.RaftServerConfigKeys (ConfUtils.java:logGet(43)) - raft.server.log.appender.install.snapshot.enabled = false (custom)
2019-10-08 18:43:05,127 [pool-383-thread-1] INFO  impl.RaftServerImpl (ServerState.java:<init>(103)) - 4799d071-0706-4d7e-bea6-a2942a6423af@group-6A15E82A5F7F: ConfigurationManager, init=-1: [4799d071-0706-4d7e-bea6-a2942a6423af:192.168.30.53:39953], old=null, confs=<EMPTY_MAP>
2019-10-08 18:43:05,127 [pool-383-thread-1] INFO  server.RaftServerConfigKeys (ConfUtils.java:logGet(43)) - raft.server.storage.dir = [/workdir/hadoop-ozone/integration-test/target/test-dir/MiniOzoneClusterImpl-a6d256fe-17b9-4a9d-b520-d7d5387b904d/datanode-0/data/ratis] (custom)
2019-10-08 18:43:05,128 [pool-383-thread-1] INFO  server.RaftServerConfigKeys (ConfUtils.java:logGet(43)) - raft.server.log.corruption.policy = EXCEPTION (default)
2019-10-08 18:43:05,128 [pool-383-thread-1] INFO  storage.RaftStorageDirectory (RaftStorageDirectory.java:analyzeStorage(246)) - The storage directory /workdir/hadoop-ozone/integration-test/target/test-dir/MiniOzoneClusterImpl-a6d256fe-17b9-4a9d-b520-d7d5387b904d/datanode-0/data/ratis/4cd1bf23-107d-4ef5-ba8d-6a15e82a5f7f does not exist. Creating ...
2019-10-08 18:43:05,141 [pool-383-thread-1] INFO  storage.RaftStorageDirectory (RaftStorageDirectory.java:tryLock(328)) - Lock on /workdir/hadoop-ozone/integration-test/target/test-dir/MiniOzoneClusterImpl-a6d256fe-17b9-4a9d-b520-d7d5387b904d/datanode-0/data/ratis/4cd1bf23-107d-4ef5-ba8d-6a15e82a5f7f/in_use.lock acquired by nodename 9249@pr-hdds-1984-jmsdc-1452173494
2019-10-08 18:43:05,154 [pool-383-thread-1] INFO  storage.RaftStorage (RaftStorage.java:format(84)) - Storage directory /workdir/hadoop-ozone/integration-test/target/test-dir/MiniOzoneClusterImpl-a6d256fe-17b9-4a9d-b520-d7d5387b904d/datanode-0/data/ratis/4cd1bf23-107d-4ef5-ba8d-6a15e82a5f7f has been successfully formatted.
2019-10-08 18:43:05,154 [pool-383-thread-1] INFO  ratis.ContainerStateMachine (ContainerStateMachine.java:loadSnapshot(231)) - group-6A15E82A5F7F: The snapshot info is null. Setting the last applied indexto:(t:0, i:~)
2019-10-08 18:43:05,154 [pool-383-thread-1] INFO  server.RaftServerConfigKeys (ConfUtils.java:logGet(43)) - raft.server.notification.no-leader.timeout = 120s (custom)
2019-10-08 18:43:05,154 [pool-383-thread-1] INFO  server.RaftServerConfigKeys (ConfUtils.java:logGet(43)) - raft.server.log.use.memory = false (default)
2019-10-08 18:43:05,154 [pool-383-thread-1] INFO  server.RaftServerConfigKeys (ConfUtils.java:logGet(43)) - raft.server.log.purge.gap = 1000000 (custom)
2019-10-08 18:43:05,154 [pool-383-thread-1] INFO  server.RaftServerConfigKeys (ConfUtils.java:logGet(43)) - raft.server.log.appender.buffer.byte-limit = 33554432 (custom)
2019-10-08 18:43:05,155 [pool-383-thread-1] INFO  server.RaftServerConfigKeys (ConfUtils.java:logGet(43)) - raft.server.log.segment.size.max = 1048576 (custom)
2019-10-08 18:43:05,157 [pool-383-thread-1] INFO  server.RaftServerConfigKeys (ConfUtils.java:logGet(43)) - raft.server.log.segment.cache.num.max = 2 (custom)
2019-10-08 18:43:05,157 [pool-383-thread-1] INFO  segmented.SegmentedRaftLogWorker (SegmentedRaftLogWorker.java:<init>(173)) - new 4799d071-0706-4d7e-bea6-a2942a6423af@group-6A15E82A5F7F-SegmentedRaftLogWorker for RaftStorage:Storage Directory /workdir/hadoop-ozone/integration-test/target/test-dir/MiniOzoneClusterImpl-a6d256fe-17b9-4a9d-b520-d7d5387b904d/datanode-0/data/ratis/4cd1bf23-107d-4ef5-ba8d-6a15e82a5f7f
2019-10-08 18:43:05,157 [pool-383-thread-1] INFO  server.RaftServerConfigKeys (ConfUtils.java:logGet(43)) - raft.server.log.queue.byte-limit = 2147483647 (custom)
2019-10-08 18:43:05,157 [pool-383-thread-1] INFO  server.RaftServerConfigKeys (ConfUtils.java:logGet(43)) - raft.server.log.queue.element-limit = 1024 (custom)
2019-10-08 18:43:05,157 [pool-383-thread-1] INFO  server.RaftServerConfigKeys (ConfUtils.java:logGet(43)) - raft.server.log.segment.size.max = 1048576 (custom)
2019-10-08 18:43:05,158 [pool-383-thread-1] INFO  server.RaftServerConfigKeys (ConfUtils.java:logGet(43)) - raft.server.log.preallocated.size = 16384 (custom)
2019-10-08 18:43:05,158 [pool-383-thread-1] INFO  server.RaftServerConfigKeys (ConfUtils.java:logGet(43)) - raft.server.log.write.buffer.size = 33554432 (custom)
2019-10-08 18:43:05,158 [pool-383-thread-1] INFO  server.RaftServerConfigKeys (ConfUtils.java:logGet(43)) - raft.server.log.force.sync.num = 128 (default)
2019-10-08 18:43:05,158 [pool-383-thread-1] INFO  server.RaftServerConfigKeys (ConfUtils.java:logGet(43)) - raft.server.log.statemachine.data.sync = true (default)
2019-10-08 18:43:05,158 [pool-383-thread-1] INFO  server.RaftServerConfigKeys (ConfUtils.java:logGet(43)) - raft.server.log.statemachine.data.sync.timeout = 10s (default)
2019-10-08 18:43:05,158 [pool-383-thread-1] INFO  server.RaftServerConfigKeys (ConfUtils.java:logGet(43)) - raft.server.log.statemachine.data.sync.timeout.retry = -1 (default)
2019-10-08 18:43:05,158 [pool-383-thread-1] INFO  server.RaftServerConfigKeys (ConfUtils.java:logGet(43)) - raft.server.log.statemachine.data.caching.enabled = true (custom)
2019-10-08 18:43:05,159 [pool-383-thread-1] INFO  segmented.SegmentedRaftLogWorker (SegmentedRaftLogWorker.java:lambda$new$0(128)) - 4799d071-0706-4d7e-bea6-a2942a6423af@group-6A15E82A5F7F-SegmentedRaftLogWorker: flushIndex: setUnconditionally 0 -> -1
2019-10-08 18:43:05,159 [pool-383-thread-1] INFO  server.RaftServerConfigKeys (ConfUtils.java:logGet(43)) - raft.server.snapshot.auto.trigger.enabled = true (custom)
2019-10-08 18:43:05,159 [pool-383-thread-1] INFO  server.RaftServerConfigKeys (ConfUtils.java:logGet(43)) - raft.server.snapshot.auto.trigger.threshold = 10000 (custom)
2019-10-08 18:43:05,159 [pool-383-thread-1] INFO  server.RaftServerConfigKeys (ConfUtils.java:logGet(43)) - raft.server.snapshot.retention.file.num = 5 (custom)
2019-10-08 18:43:05,159 [pool-383-thread-1] INFO  server.RaftServerConfigKeys (ConfUtils.java:logGet(43)) - raft.server.retrycache.expirytime = 600000ms (custom)
2019-10-08 18:43:05,160 [pool-383-thread-1] INFO  impl.RaftServerImpl (RaftServerImpl.java:start(181)) - 4799d071-0706-4d7e-bea6-a2942a6423af@group-6A15E82A5F7F: start as a follower, conf=-1: [4799d071-0706-4d7e-bea6-a2942a6423af:192.168.30.53:39953], old=null
2019-10-08 18:43:05,160 [pool-383-thread-1] INFO  impl.RaftServerImpl (RaftServerImpl.java:setRole(170)) - 4799d071-0706-4d7e-bea6-a2942a6423af@group-6A15E82A5F7F: changes role from      null to FOLLOWER at term 0 for startAsFollower
2019-10-08 18:43:05,161 [pool-383-thread-1] INFO  impl.RoleInfo (RoleInfo.java:updateAndGet(143)) - 4799d071-0706-4d7e-bea6-a2942a6423af: start FollowerState
2019-10-08 18:43:05,161 [pool-383-thread-1] INFO  util.JmxRegister (JmxRegister.java:tryRegister(44)) - Successfully registered JMX Bean with object name Ratis:service=RaftServer,group=group-6A15E82A5F7F,id=4799d071-0706-4d7e-bea6-a2942a6423af
2019-10-08 18:43:05,165 [RatisPipelineUtilsThread] INFO  pipeline.PipelineStateManager (PipelineStateManager.java:addPipeline(56)) - Created pipeline Pipeline[ Id: 4cd1bf23-107d-4ef5-ba8d-6a15e82a5f7f, Nodes: 4799d071-0706-4d7e-bea6-a2942a6423af{ip: 192.168.30.53, host: pr-hdds-1984-jmsdc-1452173494, networkLocation: /default-rack, certSerialId: null}, Type:RATIS, Factor:ONE, State:OPEN]
2019-10-08 18:43:05,173 [IPC Server handler 4 on 36969] INFO  net.NetworkTopology (NetworkTopologyImpl.java:add(111)) - Added a new node: /default-rack/aa548c8e-ad7a-464f-a14b-750fff37b319
2019-10-08 18:43:05,173 [IPC Server handler 4 on 36969] INFO  node.SCMNodeManager (SCMNodeManager.java:register(268)) - Registered Data node : aa548c8e-ad7a-464f-a14b-750fff37b319{ip: 192.168.30.53, host: pr-hdds-1984-jmsdc-1452173494, networkLocation: /default-rack, certSerialId: null}
2019-10-08 18:43:05,179 [grpc-default-executor-9] INFO  impl.RaftServerProxy (RaftServerProxy.java:addNew(89)) - aa548c8e-ad7a-464f-a14b-750fff37b319: addNew group-F5BFAB34F4A3:[aa548c8e-ad7a-464f-a14b-750fff37b319:192.168.30.53:33676] returns group-F5BFAB34F4A3:java.util.concurrent.CompletableFuture@17c2f274[Not completed]
2019-10-08 18:43:05,180 [pool-393-thread-1] INFO  impl.RaftServerImpl (RaftServerImpl.java:<init>(95)) - aa548c8e-ad7a-464f-a14b-750fff37b319: new RaftServerImpl for group-F5BFAB34F4A3:[aa548c8e-ad7a-464f-a14b-750fff37b319:192.168.30.53:33676] with ContainerStateMachine:uninitialized
2019-10-08 18:43:05,180 [pool-393-thread-1] INFO  server.RaftServerConfigKeys (ConfUtils.java:logGet(43)) - raft.server.rpc.timeout.min = 5s (custom)
2019-10-08 18:43:05,180 [pool-393-thread-1] INFO  server.RaftServerConfigKeys (ConfUtils.java:logGet(43)) - raft.server.rpc.timeout.max = 5200ms (custom)
2019-10-08 18:43:05,180 [pool-393-thread-1] INFO  server.RaftServerConfigKeys (ConfUtils.java:logGet(43)) - raft.server.rpcslowness.timeout = 120s (custom)
2019-10-08 18:43:05,180 [pool-393-thread-1] INFO  server.RaftServerConfigKeys (ConfUtils.java:logGet(43)) - raft.server.sleep.deviation.threshold = 300 (default)
2019-10-08 18:43:05,180 [pool-393-thread-1] INFO  server.RaftServerConfigKeys (ConfUtils.java:logGet(43)) - raft.server.log.appender.install.snapshot.enabled = false (custom)
2019-10-08 18:43:05,180 [pool-393-thread-1] INFO  impl.RaftServerImpl (ServerState.java:<init>(103)) - aa548c8e-ad7a-464f-a14b-750fff37b319@group-F5BFAB34F4A3: ConfigurationManager, init=-1: [aa548c8e-ad7a-464f-a14b-750fff37b319:192.168.30.53:33676], old=null, confs=<EMPTY_MAP>
2019-10-08 18:43:05,180 [pool-393-thread-1] INFO  server.RaftServerConfigKeys (ConfUtils.java:logGet(43)) - raft.server.storage.dir = [/workdir/hadoop-ozone/integration-test/target/test-dir/MiniOzoneClusterImpl-a6d256fe-17b9-4a9d-b520-d7d5387b904d/datanode-1/data/ratis] (custom)
2019-10-08 18:43:05,181 [pool-393-thread-1] INFO  server.RaftServerConfigKeys (ConfUtils.java:logGet(43)) - raft.server.log.corruption.policy = EXCEPTION (default)
2019-10-08 18:43:05,181 [pool-393-thread-1] INFO  storage.RaftStorageDirectory (RaftStorageDirectory.java:analyzeStorage(246)) - The storage directory /workdir/hadoop-ozone/integration-test/target/test-dir/MiniOzoneClusterImpl-a6d256fe-17b9-4a9d-b520-d7d5387b904d/datanode-1/data/ratis/3aa2fcb8-3f4e-495f-9c47-f5bfab34f4a3 does not exist. Creating ...
2019-10-08 18:43:05,193 [pool-393-thread-1] INFO  storage.RaftStorageDirectory (RaftStorageDirectory.java:tryLock(328)) - Lock on /workdir/hadoop-ozone/integration-test/target/test-dir/MiniOzoneClusterImpl-a6d256fe-17b9-4a9d-b520-d7d5387b904d/datanode-1/data/ratis/3aa2fcb8-3f4e-495f-9c47-f5bfab34f4a3/in_use.lock acquired by nodename 9249@pr-hdds-1984-jmsdc-1452173494
2019-10-08 18:43:05,206 [pool-393-thread-1] INFO  storage.RaftStorage (RaftStorage.java:format(84)) - Storage directory /workdir/hadoop-ozone/integration-test/target/test-dir/MiniOzoneClusterImpl-a6d256fe-17b9-4a9d-b520-d7d5387b904d/datanode-1/data/ratis/3aa2fcb8-3f4e-495f-9c47-f5bfab34f4a3 has been successfully formatted.
2019-10-08 18:43:05,206 [pool-393-thread-1] INFO  ratis.ContainerStateMachine (ContainerStateMachine.java:loadSnapshot(231)) - group-F5BFAB34F4A3: The snapshot info is null. Setting the last applied indexto:(t:0, i:~)
2019-10-08 18:43:05,206 [pool-393-thread-1] INFO  server.RaftServerConfigKeys (ConfUtils.java:logGet(43)) - raft.server.notification.no-leader.timeout = 120s (custom)
2019-10-08 18:43:05,206 [pool-393-thread-1] INFO  server.RaftServerConfigKeys (ConfUtils.java:logGet(43)) - raft.server.log.use.memory = false (default)
2019-10-08 18:43:05,206 [pool-393-thread-1] INFO  server.RaftServerConfigKeys (ConfUtils.java:logGet(43)) - raft.server.log.purge.gap = 1000000 (custom)
2019-10-08 18:43:05,206 [pool-393-thread-1] INFO  server.RaftServerConfigKeys (ConfUtils.java:logGet(43)) - raft.server.log.appender.buffer.byte-limit = 33554432 (custom)
2019-10-08 18:43:05,206 [pool-393-thread-1] INFO  server.RaftServerConfigKeys (ConfUtils.java:logGet(43)) - raft.server.log.segment.size.max = 1048576 (custom)
2019-10-08 18:43:05,207 [pool-393-thread-1] INFO  server.RaftServerConfigKeys (ConfUtils.java:logGet(43)) - raft.server.log.segment.cache.num.max = 2 (custom)
2019-10-08 18:43:05,207 [pool-393-thread-1] INFO  segmented.SegmentedRaftLogWorker (SegmentedRaftLogWorker.java:<init>(173)) - new aa548c8e-ad7a-464f-a14b-750fff37b319@group-F5BFAB34F4A3-SegmentedRaftLogWorker for RaftStorage:Storage Directory /workdir/hadoop-ozone/integration-test/target/test-dir/MiniOzoneClusterImpl-a6d256fe-17b9-4a9d-b520-d7d5387b904d/datanode-1/data/ratis/3aa2fcb8-3f4e-495f-9c47-f5bfab34f4a3
2019-10-08 18:43:05,208 [pool-393-thread-1] INFO  server.RaftServerConfigKeys (ConfUtils.java:logGet(43)) - raft.server.log.queue.byte-limit = 2147483647 (custom)
2019-10-08 18:43:05,208 [pool-393-thread-1] INFO  server.RaftServerConfigKeys (ConfUtils.java:logGet(43)) - raft.server.log.queue.element-limit = 1024 (custom)
2019-10-08 18:43:05,208 [pool-393-thread-1] INFO  server.RaftServerConfigKeys (ConfUtils.java:logGet(43)) - raft.server.log.segment.size.max = 1048576 (custom)
2019-10-08 18:43:05,208 [pool-393-thread-1] INFO  server.RaftServerConfigKeys (ConfUtils.java:logGet(43)) - raft.server.log.preallocated.size = 16384 (custom)
2019-10-08 18:43:05,208 [pool-393-thread-1] INFO  server.RaftServerConfigKeys (ConfUtils.java:logGet(43)) - raft.server.log.write.buffer.size = 33554432 (custom)
2019-10-08 18:43:05,208 [pool-393-thread-1] INFO  server.RaftServerConfigKeys (ConfUtils.java:logGet(43)) - raft.server.log.force.sync.num = 128 (default)
2019-10-08 18:43:05,208 [pool-393-thread-1] INFO  server.RaftServerConfigKeys (ConfUtils.java:logGet(43)) - raft.server.log.statemachine.data.sync = true (default)
2019-10-08 18:43:05,208 [pool-393-thread-1] INFO  server.RaftServerConfigKeys (ConfUtils.java:logGet(43)) - raft.server.log.statemachine.data.sync.timeout = 10s (default)
2019-10-08 18:43:05,208 [pool-393-thread-1] INFO  server.RaftServerConfigKeys (ConfUtils.java:logGet(43)) - raft.server.log.statemachine.data.sync.timeout.retry = -1 (default)
2019-10-08 18:43:05,208 [pool-393-thread-1] INFO  server.RaftServerConfigKeys (ConfUtils.java:logGet(43)) - raft.server.log.statemachine.data.caching.enabled = true (custom)
2019-10-08 18:43:05,209 [pool-393-thread-1] INFO  segmented.SegmentedRaftLogWorker (SegmentedRaftLogWorker.java:lambda$new$0(128)) - aa548c8e-ad7a-464f-a14b-750fff37b319@group-F5BFAB34F4A3-SegmentedRaftLogWorker: flushIndex: setUnconditionally 0 -> -1
2019-10-08 18:43:05,209 [pool-393-thread-1] INFO  server.RaftServerConfigKeys (ConfUtils.java:logGet(43)) - raft.server.snapshot.auto.trigger.enabled = true (custom)
2019-10-08 18:43:05,209 [pool-393-thread-1] INFO  server.RaftServerConfigKeys (ConfUtils.java:logGet(43)) - raft.server.snapshot.auto.trigger.threshold = 10000 (custom)
2019-10-08 18:43:05,209 [pool-393-thread-1] INFO  server.RaftServerConfigKeys (ConfUtils.java:logGet(43)) - raft.server.snapshot.retention.file.num = 5 (custom)
2019-10-08 18:43:05,209 [pool-393-thread-1] INFO  server.RaftServerConfigKeys (ConfUtils.java:logGet(43)) - raft.server.retrycache.expirytime = 600000ms (custom)
2019-10-08 18:43:05,210 [pool-393-thread-1] INFO  impl.RaftServerImpl (RaftServerImpl.java:start(181)) - aa548c8e-ad7a-464f-a14b-750fff37b319@group-F5BFAB34F4A3: start as a follower, conf=-1: [aa548c8e-ad7a-464f-a14b-750fff37b319:192.168.30.53:33676], old=null
2019-10-08 18:43:05,211 [pool-393-thread-1] INFO  impl.RaftServerImpl (RaftServerImpl.java:setRole(170)) - aa548c8e-ad7a-464f-a14b-750fff37b319@group-F5BFAB34F4A3: changes role from      null to FOLLOWER at term 0 for startAsFollower
2019-10-08 18:43:05,211 [pool-393-thread-1] INFO  impl.RoleInfo (RoleInfo.java:updateAndGet(143)) - aa548c8e-ad7a-464f-a14b-750fff37b319: start FollowerState
2019-10-08 18:43:05,211 [pool-393-thread-1] INFO  util.JmxRegister (JmxRegister.java:tryRegister(44)) - Successfully registered JMX Bean with object name Ratis:service=RaftServer,group=group-F5BFAB34F4A3,id=aa548c8e-ad7a-464f-a14b-750fff37b319
2019-10-08 18:43:05,214 [RatisPipelineUtilsThread] INFO  pipeline.PipelineStateManager (PipelineStateManager.java:addPipeline(56)) - Created pipeline Pipeline[ Id: 3aa2fcb8-3f4e-495f-9c47-f5bfab34f4a3, Nodes: aa548c8e-ad7a-464f-a14b-750fff37b319{ip: 192.168.30.53, host: pr-hdds-1984-jmsdc-1452173494, networkLocation: /default-rack, certSerialId: null}, Type:RATIS, Factor:ONE, State:OPEN]
2019-10-08 18:43:05,240 [IPC Server handler 5 on 36969] INFO  net.NetworkTopology (NetworkTopologyImpl.java:add(111)) - Added a new node: /default-rack/37dc53b4-77b9-4af3-bb45-092787be41b0
2019-10-08 18:43:05,241 [IPC Server handler 5 on 36969] INFO  node.SCMNodeManager (SCMNodeManager.java:register(268)) - Registered Data node : 37dc53b4-77b9-4af3-bb45-092787be41b0{ip: 192.168.30.53, host: pr-hdds-1984-jmsdc-1452173494, networkLocation: /default-rack, certSerialId: null}
2019-10-08 18:43:05,247 [grpc-default-executor-9] INFO  impl.RaftServerProxy (RaftServerProxy.java:addNew(89)) - 37dc53b4-77b9-4af3-bb45-092787be41b0: addNew group-A0A6082812E5:[37dc53b4-77b9-4af3-bb45-092787be41b0:192.168.30.53:33281] returns group-A0A6082812E5:java.util.concurrent.CompletableFuture@494f5dd[Not completed]
2019-10-08 18:43:05,249 [pool-403-thread-1] INFO  impl.RaftServerImpl (RaftServerImpl.java:<init>(95)) - 37dc53b4-77b9-4af3-bb45-092787be41b0: new RaftServerImpl for group-A0A6082812E5:[37dc53b4-77b9-4af3-bb45-092787be41b0:192.168.30.53:33281] with ContainerStateMachine:uninitialized
2019-10-08 18:43:05,249 [pool-403-thread-1] INFO  server.RaftServerConfigKeys (ConfUtils.java:logGet(43)) - raft.server.rpc.timeout.min = 5s (custom)
2019-10-08 18:43:05,249 [pool-403-thread-1] INFO  server.RaftServerConfigKeys (ConfUtils.java:logGet(43)) - raft.server.rpc.timeout.max = 5200ms (custom)
2019-10-08 18:43:05,249 [pool-403-thread-1] INFO  server.RaftServerConfigKeys (ConfUtils.java:logGet(43)) - raft.server.rpcslowness.timeout = 120s (custom)
2019-10-08 18:43:05,249 [pool-403-thread-1] INFO  server.RaftServerConfigKeys (ConfUtils.java:logGet(43)) - raft.server.sleep.deviation.threshold = 300 (default)
2019-10-08 18:43:05,249 [pool-403-thread-1] INFO  server.RaftServerConfigKeys (ConfUtils.java:logGet(43)) - raft.server.log.appender.install.snapshot.enabled = false (custom)
2019-10-08 18:43:05,250 [pool-403-thread-1] INFO  impl.RaftServerImpl (ServerState.java:<init>(103)) - 37dc53b4-77b9-4af3-bb45-092787be41b0@group-A0A6082812E5: ConfigurationManager, init=-1: [37dc53b4-77b9-4af3-bb45-092787be41b0:192.168.30.53:33281], old=null, confs=<EMPTY_MAP>
2019-10-08 18:43:05,250 [pool-403-thread-1] INFO  server.RaftServerConfigKeys (ConfUtils.java:logGet(43)) - raft.server.storage.dir = [/workdir/hadoop-ozone/integration-test/target/test-dir/MiniOzoneClusterImpl-a6d256fe-17b9-4a9d-b520-d7d5387b904d/datanode-2/data/ratis] (custom)
2019-10-08 18:43:05,250 [pool-403-thread-1] INFO  server.RaftServerConfigKeys (ConfUtils.java:logGet(43)) - raft.server.log.corruption.policy = EXCEPTION (default)
2019-10-08 18:43:05,250 [pool-403-thread-1] INFO  storage.RaftStorageDirectory (RaftStorageDirectory.java:analyzeStorage(246)) - The storage directory /workdir/hadoop-ozone/integration-test/target/test-dir/MiniOzoneClusterImpl-a6d256fe-17b9-4a9d-b520-d7d5387b904d/datanode-2/data/ratis/427a82d0-7adb-412b-ab8e-a0a6082812e5 does not exist. Creating ...
2019-10-08 18:43:05,263 [pool-403-thread-1] INFO  storage.RaftStorageDirectory (RaftStorageDirectory.java:tryLock(328)) - Lock on /workdir/hadoop-ozone/integration-test/target/test-dir/MiniOzoneClusterImpl-a6d256fe-17b9-4a9d-b520-d7d5387b904d/datanode-2/data/ratis/427a82d0-7adb-412b-ab8e-a0a6082812e5/in_use.lock acquired by nodename 9249@pr-hdds-1984-jmsdc-1452173494
2019-10-08 18:43:05,276 [pool-403-thread-1] INFO  storage.RaftStorage (RaftStorage.java:format(84)) - Storage directory /workdir/hadoop-ozone/integration-test/target/test-dir/MiniOzoneClusterImpl-a6d256fe-17b9-4a9d-b520-d7d5387b904d/datanode-2/data/ratis/427a82d0-7adb-412b-ab8e-a0a6082812e5 has been successfully formatted.
2019-10-08 18:43:05,276 [pool-403-thread-1] INFO  ratis.ContainerStateMachine (ContainerStateMachine.java:loadSnapshot(231)) - group-A0A6082812E5: The snapshot info is null. Setting the last applied indexto:(t:0, i:~)
2019-10-08 18:43:05,277 [pool-403-thread-1] INFO  server.RaftServerConfigKeys (ConfUtils.java:logGet(43)) - raft.server.notification.no-leader.timeout = 120s (custom)
2019-10-08 18:43:05,277 [pool-403-thread-1] INFO  server.RaftServerConfigKeys (ConfUtils.java:logGet(43)) - raft.server.log.use.memory = false (default)
2019-10-08 18:43:05,277 [pool-403-thread-1] INFO  server.RaftServerConfigKeys (ConfUtils.java:logGet(43)) - raft.server.log.purge.gap = 1000000 (custom)
2019-10-08 18:43:05,277 [pool-403-thread-1] INFO  server.RaftServerConfigKeys (ConfUtils.java:logGet(43)) - raft.server.log.appender.buffer.byte-limit = 33554432 (custom)
2019-10-08 18:43:05,277 [pool-403-thread-1] INFO  server.RaftServerConfigKeys (ConfUtils.java:logGet(43)) - raft.server.log.segment.size.max = 1048576 (custom)
2019-10-08 18:43:05,279 [pool-403-thread-1] INFO  server.RaftServerConfigKeys (ConfUtils.java:logGet(43)) - raft.server.log.segment.cache.num.max = 2 (custom)
2019-10-08 18:43:05,279 [pool-403-thread-1] INFO  segmented.SegmentedRaftLogWorker (SegmentedRaftLogWorker.java:<init>(173)) - new 37dc53b4-77b9-4af3-bb45-092787be41b0@group-A0A6082812E5-SegmentedRaftLogWorker for RaftStorage:Storage Directory /workdir/hadoop-ozone/integration-test/target/test-dir/MiniOzoneClusterImpl-a6d256fe-17b9-4a9d-b520-d7d5387b904d/datanode-2/data/ratis/427a82d0-7adb-412b-ab8e-a0a6082812e5
2019-10-08 18:43:05,279 [pool-403-thread-1] INFO  server.RaftServerConfigKeys (ConfUtils.java:logGet(43)) - raft.server.log.queue.byte-limit = 2147483647 (custom)
2019-10-08 18:43:05,280 [pool-403-thread-1] INFO  server.RaftServerConfigKeys (ConfUtils.java:logGet(43)) - raft.server.log.queue.element-limit = 1024 (custom)
2019-10-08 18:43:05,280 [pool-403-thread-1] INFO  server.RaftServerConfigKeys (ConfUtils.java:logGet(43)) - raft.server.log.segment.size.max = 1048576 (custom)
2019-10-08 18:43:05,280 [pool-403-thread-1] INFO  server.RaftServerConfigKeys (ConfUtils.java:logGet(43)) - raft.server.log.preallocated.size = 16384 (custom)
2019-10-08 18:43:05,280 [pool-403-thread-1] INFO  server.RaftServerConfigKeys (ConfUtils.java:logGet(43)) - raft.server.log.write.buffer.size = 33554432 (custom)
2019-10-08 18:43:05,280 [pool-403-thread-1] INFO  server.RaftServerConfigKeys (ConfUtils.java:logGet(43)) - raft.server.log.force.sync.num = 128 (default)
2019-10-08 18:43:05,280 [pool-403-thread-1] INFO  server.RaftServerConfigKeys (ConfUtils.java:logGet(43)) - raft.server.log.statemachine.data.sync = true (default)
2019-10-08 18:43:05,280 [pool-403-thread-1] INFO  server.RaftServerConfigKeys (ConfUtils.java:logGet(43)) - raft.server.log.statemachine.data.sync.timeout = 10s (default)
2019-10-08 18:43:05,280 [pool-403-thread-1] INFO  server.RaftServerConfigKeys (ConfUtils.java:logGet(43)) - raft.server.log.statemachine.data.sync.timeout.retry = -1 (default)
2019-10-08 18:43:05,281 [pool-403-thread-1] INFO  server.RaftServerConfigKeys (ConfUtils.java:logGet(43)) - raft.server.log.statemachine.data.caching.enabled = true (custom)
2019-10-08 18:43:05,281 [pool-403-thread-1] INFO  segmented.SegmentedRaftLogWorker (SegmentedRaftLogWorker.java:lambda$new$0(128)) - 37dc53b4-77b9-4af3-bb45-092787be41b0@group-A0A6082812E5-SegmentedRaftLogWorker: flushIndex: setUnconditionally 0 -> -1
2019-10-08 18:43:05,281 [pool-403-thread-1] INFO  server.RaftServerConfigKeys (ConfUtils.java:logGet(43)) - raft.server.snapshot.auto.trigger.enabled = true (custom)
2019-10-08 18:43:05,282 [pool-403-thread-1] INFO  server.RaftServerConfigKeys (ConfUtils.java:logGet(43)) - raft.server.snapshot.auto.trigger.threshold = 10000 (custom)
2019-10-08 18:43:05,282 [pool-403-thread-1] INFO  server.RaftServerConfigKeys (ConfUtils.java:logGet(43)) - raft.server.snapshot.retention.file.num = 5 (custom)
2019-10-08 18:43:05,282 [pool-403-thread-1] INFO  server.RaftServerConfigKeys (ConfUtils.java:logGet(43)) - raft.server.retrycache.expirytime = 600000ms (custom)
2019-10-08 18:43:05,283 [pool-403-thread-1] INFO  impl.RaftServerImpl (RaftServerImpl.java:start(181)) - 37dc53b4-77b9-4af3-bb45-092787be41b0@group-A0A6082812E5: start as a follower, conf=-1: [37dc53b4-77b9-4af3-bb45-092787be41b0:192.168.30.53:33281], old=null
2019-10-08 18:43:05,284 [pool-403-thread-1] INFO  impl.RaftServerImpl (RaftServerImpl.java:setRole(170)) - 37dc53b4-77b9-4af3-bb45-092787be41b0@group-A0A6082812E5: changes role from      null to FOLLOWER at term 0 for startAsFollower
2019-10-08 18:43:05,284 [pool-403-thread-1] INFO  impl.RoleInfo (RoleInfo.java:updateAndGet(143)) - 37dc53b4-77b9-4af3-bb45-092787be41b0: start FollowerState
2019-10-08 18:43:05,284 [pool-403-thread-1] INFO  util.JmxRegister (JmxRegister.java:tryRegister(44)) - Successfully registered JMX Bean with object name Ratis:service=RaftServer,group=group-A0A6082812E5,id=37dc53b4-77b9-4af3-bb45-092787be41b0
2019-10-08 18:43:05,288 [RatisPipelineUtilsThread] INFO  pipeline.PipelineStateManager (PipelineStateManager.java:addPipeline(56)) - Created pipeline Pipeline[ Id: 427a82d0-7adb-412b-ab8e-a0a6082812e5, Nodes: 37dc53b4-77b9-4af3-bb45-092787be41b0{ip: 192.168.30.53, host: pr-hdds-1984-jmsdc-1452173494, networkLocation: /default-rack, certSerialId: null}, Type:RATIS, Factor:ONE, State:OPEN]
2019-10-08 18:43:05,304 [grpc-default-executor-4] INFO  impl.RaftServerProxy (RaftServerProxy.java:addNew(89)) - 37dc53b4-77b9-4af3-bb45-092787be41b0: addNew group-2BAF55E57DFB:[4799d071-0706-4d7e-bea6-a2942a6423af:192.168.30.53:39953, aa548c8e-ad7a-464f-a14b-750fff37b319:192.168.30.53:33676, 37dc53b4-77b9-4af3-bb45-092787be41b0:192.168.30.53:33281] returns group-2BAF55E57DFB:java.util.concurrent.CompletableFuture@73ee3be7[Not completed]
2019-10-08 18:43:05,304 [grpc-default-executor-4] INFO  impl.RaftServerProxy (RaftServerProxy.java:addNew(89)) - 4799d071-0706-4d7e-bea6-a2942a6423af: addNew group-2BAF55E57DFB:[4799d071-0706-4d7e-bea6-a2942a6423af:192.168.30.53:39953, aa548c8e-ad7a-464f-a14b-750fff37b319:192.168.30.53:33676, 37dc53b4-77b9-4af3-bb45-092787be41b0:192.168.30.53:33281] returns group-2BAF55E57DFB:java.util.concurrent.CompletableFuture@7c002e75[Not completed]
2019-10-08 18:43:05,305 [grpc-default-executor-9] INFO  impl.RaftServerProxy (RaftServerProxy.java:addNew(89)) - aa548c8e-ad7a-464f-a14b-750fff37b319: addNew group-2BAF55E57DFB:[4799d071-0706-4d7e-bea6-a2942a6423af:192.168.30.53:39953, aa548c8e-ad7a-464f-a14b-750fff37b319:192.168.30.53:33676, 37dc53b4-77b9-4af3-bb45-092787be41b0:192.168.30.53:33281] returns group-2BAF55E57DFB:java.util.concurrent.CompletableFuture@b5792c8[Not completed]
2019-10-08 18:43:05,305 [IPC Server handler 1 on 36969] INFO  net.NetworkTopology (NetworkTopologyImpl.java:add(111)) - Added a new node: /default-rack/5b5d9be7-1f51-4349-b8ce-df5d5bf715fa
2019-10-08 18:43:05,305 [pool-403-thread-1] INFO  impl.RaftServerImpl (RaftServerImpl.java:<init>(95)) - 37dc53b4-77b9-4af3-bb45-092787be41b0: new RaftServerImpl for group-2BAF55E57DFB:[4799d071-0706-4d7e-bea6-a2942a6423af:192.168.30.53:39953, aa548c8e-ad7a-464f-a14b-750fff37b319:192.168.30.53:33676, 37dc53b4-77b9-4af3-bb45-092787be41b0:192.168.30.53:33281] with ContainerStateMachine:uninitialized
2019-10-08 18:43:05,305 [IPC Server handler 1 on 36969] INFO  node.SCMNodeManager (SCMNodeManager.java:register(268)) - Registered Data node : 5b5d9be7-1f51-4349-b8ce-df5d5bf715fa{ip: 192.168.30.53, host: pr-hdds-1984-jmsdc-1452173494, networkLocation: /default-rack, certSerialId: null}
2019-10-08 18:43:05,305 [pool-403-thread-1] INFO  server.RaftServerConfigKeys (ConfUtils.java:logGet(43)) - raft.server.rpc.timeout.min = 5s (custom)
2019-10-08 18:43:05,306 [pool-393-thread-1] INFO  impl.RaftServerImpl (RaftServerImpl.java:<init>(95)) - aa548c8e-ad7a-464f-a14b-750fff37b319: new RaftServerImpl for group-2BAF55E57DFB:[4799d071-0706-4d7e-bea6-a2942a6423af:192.168.30.53:39953, aa548c8e-ad7a-464f-a14b-750fff37b319:192.168.30.53:33676, 37dc53b4-77b9-4af3-bb45-092787be41b0:192.168.30.53:33281] with ContainerStateMachine:uninitialized
2019-10-08 18:43:05,306 [pool-403-thread-1] INFO  server.RaftServerConfigKeys (ConfUtils.java:logGet(43)) - raft.server.rpc.timeout.max = 5200ms (custom)
2019-10-08 18:43:05,306 [pool-393-thread-1] INFO  server.RaftServerConfigKeys (ConfUtils.java:logGet(43)) - raft.server.rpc.timeout.min = 5s (custom)
2019-10-08 18:43:05,306 [pool-403-thread-1] INFO  server.RaftServerConfigKeys (ConfUtils.java:logGet(43)) - raft.server.rpcslowness.timeout = 120s (custom)
2019-10-08 18:43:05,306 [pool-393-thread-1] INFO  server.RaftServerConfigKeys (ConfUtils.java:logGet(43)) - raft.server.rpc.timeout.max = 5200ms (custom)
2019-10-08 18:43:05,306 [pool-403-thread-1] INFO  server.RaftServerConfigKeys (ConfUtils.java:logGet(43)) - raft.server.sleep.deviation.threshold = 300 (default)
2019-10-08 18:43:05,306 [pool-383-thread-1] INFO  impl.RaftServerImpl (RaftServerImpl.java:<init>(95)) - 4799d071-0706-4d7e-bea6-a2942a6423af: new RaftServerImpl for group-2BAF55E57DFB:[4799d071-0706-4d7e-bea6-a2942a6423af:192.168.30.53:39953, aa548c8e-ad7a-464f-a14b-750fff37b319:192.168.30.53:33676, 37dc53b4-77b9-4af3-bb45-092787be41b0:192.168.30.53:33281] with ContainerStateMachine:uninitialized
2019-10-08 18:43:05,306 [pool-393-thread-1] INFO  server.RaftServerConfigKeys (ConfUtils.java:logGet(43)) - raft.server.rpcslowness.timeout = 120s (custom)
2019-10-08 18:43:05,306 [pool-383-thread-1] INFO  server.RaftServerConfigKeys (ConfUtils.java:logGet(43)) - raft.server.rpc.timeout.min = 5s (custom)
2019-10-08 18:43:05,306 [pool-403-thread-1] INFO  server.RaftServerConfigKeys (ConfUtils.java:logGet(43)) - raft.server.log.appender.install.snapshot.enabled = false (custom)
2019-10-08 18:43:05,307 [pool-383-thread-1] INFO  server.RaftServerConfigKeys (ConfUtils.java:logGet(43)) - raft.server.rpc.timeout.max = 5200ms (custom)
2019-10-08 18:43:05,307 [pool-383-thread-1] INFO  server.RaftServerConfigKeys (ConfUtils.java:logGet(43)) - raft.server.rpcslowness.timeout = 120s (custom)
2019-10-08 18:43:05,307 [pool-393-thread-1] INFO  server.RaftServerConfigKeys (ConfUtils.java:logGet(43)) - raft.server.sleep.deviation.threshold = 300 (default)
2019-10-08 18:43:05,307 [pool-383-thread-1] INFO  server.RaftServerConfigKeys (ConfUtils.java:logGet(43)) - raft.server.sleep.deviation.threshold = 300 (default)
2019-10-08 18:43:05,307 [pool-383-thread-1] INFO  server.RaftServerConfigKeys (ConfUtils.java:logGet(43)) - raft.server.log.appender.install.snapshot.enabled = false (custom)
2019-10-08 18:43:05,307 [pool-403-thread-1] INFO  impl.RaftServerImpl (ServerState.java:<init>(103)) - 37dc53b4-77b9-4af3-bb45-092787be41b0@group-2BAF55E57DFB: ConfigurationManager, init=-1: [4799d071-0706-4d7e-bea6-a2942a6423af:192.168.30.53:39953, aa548c8e-ad7a-464f-a14b-750fff37b319:192.168.30.53:33676, 37dc53b4-77b9-4af3-bb45-092787be41b0:192.168.30.53:33281], old=null, confs=<EMPTY_MAP>
2019-10-08 18:43:05,307 [pool-383-thread-1] INFO  impl.RaftServerImpl (ServerState.java:<init>(103)) - 4799d071-0706-4d7e-bea6-a2942a6423af@group-2BAF55E57DFB: ConfigurationManager, init=-1: [4799d071-0706-4d7e-bea6-a2942a6423af:192.168.30.53:39953, aa548c8e-ad7a-464f-a14b-750fff37b319:192.168.30.53:33676, 37dc53b4-77b9-4af3-bb45-092787be41b0:192.168.30.53:33281], old=null, confs=<EMPTY_MAP>
2019-10-08 18:43:05,307 [pool-393-thread-1] INFO  server.RaftServerConfigKeys (ConfUtils.java:logGet(43)) - raft.server.log.appender.install.snapshot.enabled = false (custom)
2019-10-08 18:43:05,308 [pool-383-thread-1] INFO  server.RaftServerConfigKeys (ConfUtils.java:logGet(43)) - raft.server.storage.dir = [/workdir/hadoop-ozone/integration-test/target/test-dir/MiniOzoneClusterImpl-a6d256fe-17b9-4a9d-b520-d7d5387b904d/datanode-0/data/ratis] (custom)
2019-10-08 18:43:05,308 [pool-403-thread-1] INFO  server.RaftServerConfigKeys (ConfUtils.java:logGet(43)) - raft.server.storage.dir = [/workdir/hadoop-ozone/integration-test/target/test-dir/MiniOzoneClusterImpl-a6d256fe-17b9-4a9d-b520-d7d5387b904d/datanode-2/data/ratis] (custom)
2019-10-08 18:43:05,308 [pool-393-thread-1] INFO  impl.RaftServerImpl (ServerState.java:<init>(103)) - aa548c8e-ad7a-464f-a14b-750fff37b319@group-2BAF55E57DFB: ConfigurationManager, init=-1: [4799d071-0706-4d7e-bea6-a2942a6423af:192.168.30.53:39953, aa548c8e-ad7a-464f-a14b-750fff37b319:192.168.30.53:33676, 37dc53b4-77b9-4af3-bb45-092787be41b0:192.168.30.53:33281], old=null, confs=<EMPTY_MAP>
2019-10-08 18:43:05,308 [pool-383-thread-1] INFO  server.RaftServerConfigKeys (ConfUtils.java:logGet(43)) - raft.server.log.corruption.policy = EXCEPTION (default)
2019-10-08 18:43:05,308 [pool-403-thread-1] INFO  server.RaftServerConfigKeys (ConfUtils.java:logGet(43)) - raft.server.log.corruption.policy = EXCEPTION (default)
2019-10-08 18:43:05,308 [pool-393-thread-1] INFO  server.RaftServerConfigKeys (ConfUtils.java:logGet(43)) - raft.server.storage.dir = [/workdir/hadoop-ozone/integration-test/target/test-dir/MiniOzoneClusterImpl-a6d256fe-17b9-4a9d-b520-d7d5387b904d/datanode-1/data/ratis] (custom)
2019-10-08 18:43:05,308 [pool-403-thread-1] INFO  storage.RaftStorageDirectory (RaftStorageDirectory.java:analyzeStorage(246)) - The storage directory /workdir/hadoop-ozone/integration-test/target/test-dir/MiniOzoneClusterImpl-a6d256fe-17b9-4a9d-b520-d7d5387b904d/datanode-2/data/ratis/99b30886-5932-45e3-8aa6-2baf55e57dfb does not exist. Creating ...
2019-10-08 18:43:05,309 [pool-393-thread-1] INFO  server.RaftServerConfigKeys (ConfUtils.java:logGet(43)) - raft.server.log.corruption.policy = EXCEPTION (default)
2019-10-08 18:43:05,308 [pool-383-thread-1] INFO  storage.RaftStorageDirectory (RaftStorageDirectory.java:analyzeStorage(246)) - The storage directory /workdir/hadoop-ozone/integration-test/target/test-dir/MiniOzoneClusterImpl-a6d256fe-17b9-4a9d-b520-d7d5387b904d/datanode-0/data/ratis/99b30886-5932-45e3-8aa6-2baf55e57dfb does not exist. Creating ...
2019-10-08 18:43:05,309 [pool-393-thread-1] INFO  storage.RaftStorageDirectory (RaftStorageDirectory.java:analyzeStorage(246)) - The storage directory /workdir/hadoop-ozone/integration-test/target/test-dir/MiniOzoneClusterImpl-a6d256fe-17b9-4a9d-b520-d7d5387b904d/datanode-1/data/ratis/99b30886-5932-45e3-8aa6-2baf55e57dfb does not exist. Creating ...
2019-10-08 18:43:05,322 [pool-393-thread-1] INFO  storage.RaftStorageDirectory (RaftStorageDirectory.java:tryLock(328)) - Lock on /workdir/hadoop-ozone/integration-test/target/test-dir/MiniOzoneClusterImpl-a6d256fe-17b9-4a9d-b520-d7d5387b904d/datanode-1/data/ratis/99b30886-5932-45e3-8aa6-2baf55e57dfb/in_use.lock acquired by nodename 9249@pr-hdds-1984-jmsdc-1452173494
2019-10-08 18:43:05,322 [pool-403-thread-1] INFO  storage.RaftStorageDirectory (RaftStorageDirectory.java:tryLock(328)) - Lock on /workdir/hadoop-ozone/integration-test/target/test-dir/MiniOzoneClusterImpl-a6d256fe-17b9-4a9d-b520-d7d5387b904d/datanode-2/data/ratis/99b30886-5932-45e3-8aa6-2baf55e57dfb/in_use.lock acquired by nodename 9249@pr-hdds-1984-jmsdc-1452173494
2019-10-08 18:43:05,322 [pool-383-thread-1] INFO  storage.RaftStorageDirectory (RaftStorageDirectory.java:tryLock(328)) - Lock on /workdir/hadoop-ozone/integration-test/target/test-dir/MiniOzoneClusterImpl-a6d256fe-17b9-4a9d-b520-d7d5387b904d/datanode-0/data/ratis/99b30886-5932-45e3-8aa6-2baf55e57dfb/in_use.lock acquired by nodename 9249@pr-hdds-1984-jmsdc-1452173494
2019-10-08 18:43:05,336 [pool-393-thread-1] INFO  storage.RaftStorage (RaftStorage.java:format(84)) - Storage directory /workdir/hadoop-ozone/integration-test/target/test-dir/MiniOzoneClusterImpl-a6d256fe-17b9-4a9d-b520-d7d5387b904d/datanode-1/data/ratis/99b30886-5932-45e3-8aa6-2baf55e57dfb has been successfully formatted.
2019-10-08 18:43:05,336 [pool-383-thread-1] INFO  storage.RaftStorage (RaftStorage.java:format(84)) - Storage directory /workdir/hadoop-ozone/integration-test/target/test-dir/MiniOzoneClusterImpl-a6d256fe-17b9-4a9d-b520-d7d5387b904d/datanode-0/data/ratis/99b30886-5932-45e3-8aa6-2baf55e57dfb has been successfully formatted.
2019-10-08 18:43:05,336 [pool-393-thread-1] INFO  ratis.ContainerStateMachine (ContainerStateMachine.java:loadSnapshot(231)) - group-2BAF55E57DFB: The snapshot info is null. Setting the last applied indexto:(t:0, i:~)
2019-10-08 18:43:05,336 [pool-403-thread-1] INFO  storage.RaftStorage (RaftStorage.java:format(84)) - Storage directory /workdir/hadoop-ozone/integration-test/target/test-dir/MiniOzoneClusterImpl-a6d256fe-17b9-4a9d-b520-d7d5387b904d/datanode-2/data/ratis/99b30886-5932-45e3-8aa6-2baf55e57dfb has been successfully formatted.
2019-10-08 18:43:05,337 [pool-383-thread-1] INFO  ratis.ContainerStateMachine (ContainerStateMachine.java:loadSnapshot(231)) - group-2BAF55E57DFB: The snapshot info is null. Setting the last applied indexto:(t:0, i:~)
2019-10-08 18:43:05,337 [pool-393-thread-1] INFO  server.RaftServerConfigKeys (ConfUtils.java:logGet(43)) - raft.server.notification.no-leader.timeout = 120s (custom)
2019-10-08 18:43:05,338 [pool-383-thread-1] INFO  server.RaftServerConfigKeys (ConfUtils.java:logGet(43)) - raft.server.notification.no-leader.timeout = 120s (custom)
2019-10-08 18:43:05,338 [pool-403-thread-1] INFO  ratis.ContainerStateMachine (ContainerStateMachine.java:loadSnapshot(231)) - group-2BAF55E57DFB: The snapshot info is null. Setting the last applied indexto:(t:0, i:~)
2019-10-08 18:43:05,338 [pool-383-thread-1] INFO  server.RaftServerConfigKeys (ConfUtils.java:logGet(43)) - raft.server.log.use.memory = false (default)
2019-10-08 18:43:05,338 [pool-393-thread-1] INFO  server.RaftServerConfigKeys (ConfUtils.java:logGet(43)) - raft.server.log.use.memory = false (default)
2019-10-08 18:43:05,339 [pool-383-thread-1] INFO  server.RaftServerConfigKeys (ConfUtils.java:logGet(43)) - raft.server.log.purge.gap = 1000000 (custom)
2019-10-08 18:43:05,339 [pool-403-thread-1] INFO  server.RaftServerConfigKeys (ConfUtils.java:logGet(43)) - raft.server.notification.no-leader.timeout = 120s (custom)
2019-10-08 18:43:05,339 [pool-383-thread-1] INFO  server.RaftServerConfigKeys (ConfUtils.java:logGet(43)) - raft.server.log.appender.buffer.byte-limit = 33554432 (custom)
2019-10-08 18:43:05,339 [pool-393-thread-1] INFO  server.RaftServerConfigKeys (ConfUtils.java:logGet(43)) - raft.server.log.purge.gap = 1000000 (custom)
2019-10-08 18:43:05,339 [pool-383-thread-1] INFO  server.RaftServerConfigKeys (ConfUtils.java:logGet(43)) - raft.server.log.segment.size.max = 1048576 (custom)
2019-10-08 18:43:05,339 [pool-403-thread-1] INFO  server.RaftServerConfigKeys (ConfUtils.java:logGet(43)) - raft.server.log.use.memory = false (default)
2019-10-08 18:43:05,340 [pool-383-thread-1] INFO  server.RaftServerConfigKeys (ConfUtils.java:logGet(43)) - raft.server.log.segment.cache.num.max = 2 (custom)
2019-10-08 18:43:05,339 [pool-393-thread-1] INFO  server.RaftServerConfigKeys (ConfUtils.java:logGet(43)) - raft.server.log.appender.buffer.byte-limit = 33554432 (custom)
2019-10-08 18:43:05,340 [pool-383-thread-1] INFO  segmented.SegmentedRaftLogWorker (SegmentedRaftLogWorker.java:<init>(173)) - new 4799d071-0706-4d7e-bea6-a2942a6423af@group-2BAF55E57DFB-SegmentedRaftLogWorker for RaftStorage:Storage Directory /workdir/hadoop-ozone/integration-test/target/test-dir/MiniOzoneClusterImpl-a6d256fe-17b9-4a9d-b520-d7d5387b904d/datanode-0/data/ratis/99b30886-5932-45e3-8aa6-2baf55e57dfb
2019-10-08 18:43:05,340 [pool-383-thread-1] INFO  server.RaftServerConfigKeys (ConfUtils.java:logGet(43)) - raft.server.log.queue.byte-limit = 2147483647 (custom)
2019-10-08 18:43:05,340 [pool-403-thread-1] INFO  server.RaftServerConfigKeys (ConfUtils.java:logGet(43)) - raft.server.log.purge.gap = 1000000 (custom)
2019-10-08 18:43:05,340 [pool-383-thread-1] INFO  server.RaftServerConfigKeys (ConfUtils.java:logGet(43)) - raft.server.log.queue.element-limit = 1024 (custom)
2019-10-08 18:43:05,340 [pool-393-thread-1] INFO  server.RaftServerConfigKeys (ConfUtils.java:logGet(43)) - raft.server.log.segment.size.max = 1048576 (custom)
2019-10-08 18:43:05,341 [pool-383-thread-1] INFO  server.RaftServerConfigKeys (ConfUtils.java:logGet(43)) - raft.server.log.segment.size.max = 1048576 (custom)
2019-10-08 18:43:05,341 [pool-403-thread-1] INFO  server.RaftServerConfigKeys (ConfUtils.java:logGet(43)) - raft.server.log.appender.buffer.byte-limit = 33554432 (custom)
2019-10-08 18:43:05,341 [pool-383-thread-1] INFO  server.RaftServerConfigKeys (ConfUtils.java:logGet(43)) - raft.server.log.preallocated.size = 16384 (custom)
2019-10-08 18:43:05,341 [pool-383-thread-1] INFO  server.RaftServerConfigKeys (ConfUtils.java:logGet(43)) - raft.server.log.write.buffer.size = 33554432 (custom)
2019-10-08 18:43:05,341 [pool-393-thread-1] INFO  server.RaftServerConfigKeys (ConfUtils.java:logGet(43)) - raft.server.log.segment.cache.num.max = 2 (custom)
2019-10-08 18:43:05,341 [pool-383-thread-1] INFO  server.RaftServerConfigKeys (ConfUtils.java:logGet(43)) - raft.server.log.force.sync.num = 128 (default)
2019-10-08 18:43:05,341 [pool-403-thread-1] INFO  server.RaftServerConfigKeys (ConfUtils.java:logGet(43)) - raft.server.log.segment.size.max = 1048576 (custom)
2019-10-08 18:43:05,342 [pool-383-thread-1] INFO  server.RaftServerConfigKeys (ConfUtils.java:logGet(43)) - raft.server.log.statemachine.data.sync = true (default)
2019-10-08 18:43:05,341 [pool-393-thread-1] INFO  segmented.SegmentedRaftLogWorker (SegmentedRaftLogWorker.java:<init>(173)) - new aa548c8e-ad7a-464f-a14b-750fff37b319@group-2BAF55E57DFB-SegmentedRaftLogWorker for RaftStorage:Storage Directory /workdir/hadoop-ozone/integration-test/target/test-dir/MiniOzoneClusterImpl-a6d256fe-17b9-4a9d-b520-d7d5387b904d/datanode-1/data/ratis/99b30886-5932-45e3-8aa6-2baf55e57dfb
2019-10-08 18:43:05,342 [pool-383-thread-1] INFO  server.RaftServerConfigKeys (ConfUtils.java:logGet(43)) - raft.server.log.statemachine.data.sync.timeout = 10s (default)
2019-10-08 18:43:05,342 [pool-403-thread-1] INFO  server.RaftServerConfigKeys (ConfUtils.java:logGet(43)) - raft.server.log.segment.cache.num.max = 2 (custom)
2019-10-08 18:43:05,342 [pool-383-thread-1] INFO  server.RaftServerConfigKeys (ConfUtils.java:logGet(43)) - raft.server.log.statemachine.data.sync.timeout.retry = -1 (default)
2019-10-08 18:43:05,342 [pool-393-thread-1] INFO  server.RaftServerConfigKeys (ConfUtils.java:logGet(43)) - raft.server.log.queue.byte-limit = 2147483647 (custom)
2019-10-08 18:43:05,343 [pool-383-thread-1] INFO  server.RaftServerConfigKeys (ConfUtils.java:logGet(43)) - raft.server.log.statemachine.data.caching.enabled = true (custom)
2019-10-08 18:43:05,342 [pool-403-thread-1] INFO  segmented.SegmentedRaftLogWorker (SegmentedRaftLogWorker.java:<init>(173)) - new 37dc53b4-77b9-4af3-bb45-092787be41b0@group-2BAF55E57DFB-SegmentedRaftLogWorker for RaftStorage:Storage Directory /workdir/hadoop-ozone/integration-test/target/test-dir/MiniOzoneClusterImpl-a6d256fe-17b9-4a9d-b520-d7d5387b904d/datanode-2/data/ratis/99b30886-5932-45e3-8aa6-2baf55e57dfb
2019-10-08 18:43:05,343 [pool-393-thread-1] INFO  server.RaftServerConfigKeys (ConfUtils.java:logGet(43)) - raft.server.log.queue.element-limit = 1024 (custom)
2019-10-08 18:43:05,343 [pool-383-thread-1] INFO  segmented.SegmentedRaftLogWorker (SegmentedRaftLogWorker.java:lambda$new$0(128)) - 4799d071-0706-4d7e-bea6-a2942a6423af@group-2BAF55E57DFB-SegmentedRaftLogWorker: flushIndex: setUnconditionally 0 -> -1
2019-10-08 18:43:05,343 [pool-403-thread-1] INFO  server.RaftServerConfigKeys (ConfUtils.java:logGet(43)) - raft.server.log.queue.byte-limit = 2147483647 (custom)
2019-10-08 18:43:05,343 [pool-393-thread-1] INFO  server.RaftServerConfigKeys (ConfUtils.java:logGet(43)) - raft.server.log.segment.size.max = 1048576 (custom)
2019-10-08 18:43:05,343 [pool-383-thread-1] INFO  server.RaftServerConfigKeys (ConfUtils.java:logGet(43)) - raft.server.snapshot.auto.trigger.enabled = true (custom)
2019-10-08 18:43:05,343 [pool-403-thread-1] INFO  server.RaftServerConfigKeys (ConfUtils.java:logGet(43)) - raft.server.log.queue.element-limit = 1024 (custom)
2019-10-08 18:43:05,344 [pool-383-thread-1] INFO  server.RaftServerConfigKeys (ConfUtils.java:logGet(43)) - raft.server.snapshot.auto.trigger.threshold = 10000 (custom)
2019-10-08 18:43:05,343 [pool-393-thread-1] INFO  server.RaftServerConfigKeys (ConfUtils.java:logGet(43)) - raft.server.log.preallocated.size = 16384 (custom)
2019-10-08 18:43:05,344 [pool-383-thread-1] INFO  server.RaftServerConfigKeys (ConfUtils.java:logGet(43)) - raft.server.snapshot.retention.file.num = 5 (custom)
2019-10-08 18:43:05,344 [pool-403-thread-1] INFO  server.RaftServerConfigKeys (ConfUtils.java:logGet(43)) - raft.server.log.segment.size.max = 1048576 (custom)
2019-10-08 18:43:05,344 [pool-383-thread-1] INFO  server.RaftServerConfigKeys (ConfUtils.java:logGet(43)) - raft.server.retrycache.expirytime = 600000ms (custom)
2019-10-08 18:43:05,344 [pool-393-thread-1] INFO  server.RaftServerConfigKeys (ConfUtils.java:logGet(43)) - raft.server.log.write.buffer.size = 33554432 (custom)
2019-10-08 18:43:05,344 [pool-403-thread-1] INFO  server.RaftServerConfigKeys (ConfUtils.java:logGet(43)) - raft.server.log.preallocated.size = 16384 (custom)
2019-10-08 18:43:05,345 [pool-393-thread-1] INFO  server.RaftServerConfigKeys (ConfUtils.java:logGet(43)) - raft.server.log.force.sync.num = 128 (default)
2019-10-08 18:43:05,345 [pool-403-thread-1] INFO  server.RaftServerConfigKeys (ConfUtils.java:logGet(43)) - raft.server.log.write.buffer.size = 33554432 (custom)
2019-10-08 18:43:05,345 [pool-393-thread-1] INFO  server.RaftServerConfigKeys (ConfUtils.java:logGet(43)) - raft.server.log.statemachine.data.sync = true (default)
2019-10-08 18:43:05,345 [pool-403-thread-1] INFO  server.RaftServerConfigKeys (ConfUtils.java:logGet(43)) - raft.server.log.force.sync.num = 128 (default)
2019-10-08 18:43:05,345 [pool-393-thread-1] INFO  server.RaftServerConfigKeys (ConfUtils.java:logGet(43)) - raft.server.log.statemachine.data.sync.timeout = 10s (default)
2019-10-08 18:43:05,345 [pool-403-thread-1] INFO  server.RaftServerConfigKeys (ConfUtils.java:logGet(43)) - raft.server.log.statemachine.data.sync = true (default)
2019-10-08 18:43:05,345 [pool-393-thread-1] INFO  server.RaftServerConfigKeys (ConfUtils.java:logGet(43)) - raft.server.log.statemachine.data.sync.timeout.retry = -1 (default)
2019-10-08 18:43:05,346 [pool-403-thread-1] INFO  server.RaftServerConfigKeys (ConfUtils.java:logGet(43)) - raft.server.log.statemachine.data.sync.timeout = 10s (default)
2019-10-08 18:43:05,346 [pool-393-thread-1] INFO  server.RaftServerConfigKeys (ConfUtils.java:logGet(43)) - raft.server.log.statemachine.data.caching.enabled = true (custom)
2019-10-08 18:43:05,346 [pool-403-thread-1] INFO  server.RaftServerConfigKeys (ConfUtils.java:logGet(43)) - raft.server.log.statemachine.data.sync.timeout.retry = -1 (default)
2019-10-08 18:43:05,346 [pool-393-thread-1] INFO  segmented.SegmentedRaftLogWorker (SegmentedRaftLogWorker.java:lambda$new$0(128)) - aa548c8e-ad7a-464f-a14b-750fff37b319@group-2BAF55E57DFB-SegmentedRaftLogWorker: flushIndex: setUnconditionally 0 -> -1
2019-10-08 18:43:05,346 [pool-403-thread-1] INFO  server.RaftServerConfigKeys (ConfUtils.java:logGet(43)) - raft.server.log.statemachine.data.caching.enabled = true (custom)
2019-10-08 18:43:05,346 [pool-393-thread-1] INFO  server.RaftServerConfigKeys (ConfUtils.java:logGet(43)) - raft.server.snapshot.auto.trigger.enabled = true (custom)
2019-10-08 18:43:05,346 [pool-393-thread-1] INFO  server.RaftServerConfigKeys (ConfUtils.java:logGet(43)) - raft.server.snapshot.auto.trigger.threshold = 10000 (custom)
2019-10-08 18:43:05,346 [pool-383-thread-1] INFO  impl.RaftServerImpl (RaftServerImpl.java:start(181)) - 4799d071-0706-4d7e-bea6-a2942a6423af@group-2BAF55E57DFB: start as a follower, conf=-1: [4799d071-0706-4d7e-bea6-a2942a6423af:192.168.30.53:39953, aa548c8e-ad7a-464f-a14b-750fff37b319:192.168.30.53:33676, 37dc53b4-77b9-4af3-bb45-092787be41b0:192.168.30.53:33281], old=null
2019-10-08 18:43:05,346 [pool-403-thread-1] INFO  segmented.SegmentedRaftLogWorker (SegmentedRaftLogWorker.java:lambda$new$0(128)) - 37dc53b4-77b9-4af3-bb45-092787be41b0@group-2BAF55E57DFB-SegmentedRaftLogWorker: flushIndex: setUnconditionally 0 -> -1
2019-10-08 18:43:05,347 [pool-383-thread-1] INFO  impl.RaftServerImpl (RaftServerImpl.java:setRole(170)) - 4799d071-0706-4d7e-bea6-a2942a6423af@group-2BAF55E57DFB: changes role from      null to FOLLOWER at term 0 for startAsFollower
2019-10-08 18:43:05,347 [pool-393-thread-1] INFO  server.RaftServerConfigKeys (ConfUtils.java:logGet(43)) - raft.server.snapshot.retention.file.num = 5 (custom)
2019-10-08 18:43:05,347 [pool-403-thread-1] INFO  server.RaftServerConfigKeys (ConfUtils.java:logGet(43)) - raft.server.snapshot.auto.trigger.enabled = true (custom)
2019-10-08 18:43:05,347 [pool-383-thread-1] INFO  impl.RoleInfo (RoleInfo.java:updateAndGet(143)) - 4799d071-0706-4d7e-bea6-a2942a6423af: start FollowerState
2019-10-08 18:43:05,347 [pool-403-thread-1] INFO  server.RaftServerConfigKeys (ConfUtils.java:logGet(43)) - raft.server.snapshot.auto.trigger.threshold = 10000 (custom)
2019-10-08 18:43:05,347 [pool-393-thread-1] INFO  server.RaftServerConfigKeys (ConfUtils.java:logGet(43)) - raft.server.retrycache.expirytime = 600000ms (custom)
2019-10-08 18:43:05,347 [pool-403-thread-1] INFO  server.RaftServerConfigKeys (ConfUtils.java:logGet(43)) - raft.server.snapshot.retention.file.num = 5 (custom)
2019-10-08 18:43:05,348 [pool-383-thread-1] INFO  util.JmxRegister (JmxRegister.java:tryRegister(44)) - Successfully registered JMX Bean with object name Ratis:service=RaftServer,group=group-2BAF55E57DFB,id=4799d071-0706-4d7e-bea6-a2942a6423af
2019-10-08 18:43:05,348 [pool-403-thread-1] INFO  server.RaftServerConfigKeys (ConfUtils.java:logGet(43)) - raft.server.retrycache.expirytime = 600000ms (custom)
2019-10-08 18:43:05,350 [pool-393-thread-1] INFO  impl.RaftServerImpl (RaftServerImpl.java:start(181)) - aa548c8e-ad7a-464f-a14b-750fff37b319@group-2BAF55E57DFB: start as a follower, conf=-1: [4799d071-0706-4d7e-bea6-a2942a6423af:192.168.30.53:39953, aa548c8e-ad7a-464f-a14b-750fff37b319:192.168.30.53:33676, 37dc53b4-77b9-4af3-bb45-092787be41b0:192.168.30.53:33281], old=null
2019-10-08 18:43:05,350 [pool-393-thread-1] INFO  impl.RaftServerImpl (RaftServerImpl.java:setRole(170)) - aa548c8e-ad7a-464f-a14b-750fff37b319@group-2BAF55E57DFB: changes role from      null to FOLLOWER at term 0 for startAsFollower
2019-10-08 18:43:05,350 [pool-393-thread-1] INFO  impl.RoleInfo (RoleInfo.java:updateAndGet(143)) - aa548c8e-ad7a-464f-a14b-750fff37b319: start FollowerState
2019-10-08 18:43:05,351 [pool-393-thread-1] INFO  util.JmxRegister (JmxRegister.java:tryRegister(44)) - Successfully registered JMX Bean with object name Ratis:service=RaftServer,group=group-2BAF55E57DFB,id=aa548c8e-ad7a-464f-a14b-750fff37b319
2019-10-08 18:43:05,351 [pool-403-thread-1] INFO  impl.RaftServerImpl (RaftServerImpl.java:start(181)) - 37dc53b4-77b9-4af3-bb45-092787be41b0@group-2BAF55E57DFB: start as a follower, conf=-1: [4799d071-0706-4d7e-bea6-a2942a6423af:192.168.30.53:39953, aa548c8e-ad7a-464f-a14b-750fff37b319:192.168.30.53:33676, 37dc53b4-77b9-4af3-bb45-092787be41b0:192.168.30.53:33281], old=null
2019-10-08 18:43:05,351 [pool-403-thread-1] INFO  impl.RaftServerImpl (RaftServerImpl.java:setRole(170)) - 37dc53b4-77b9-4af3-bb45-092787be41b0@group-2BAF55E57DFB: changes role from      null to FOLLOWER at term 0 for startAsFollower
2019-10-08 18:43:05,351 [pool-403-thread-1] INFO  impl.RoleInfo (RoleInfo.java:updateAndGet(143)) - 37dc53b4-77b9-4af3-bb45-092787be41b0: start FollowerState
2019-10-08 18:43:05,352 [pool-403-thread-1] INFO  util.JmxRegister (JmxRegister.java:tryRegister(44)) - Successfully registered JMX Bean with object name Ratis:service=RaftServer,group=group-2BAF55E57DFB,id=37dc53b4-77b9-4af3-bb45-092787be41b0
2019-10-08 18:43:05,356 [RatisPipelineUtilsThread] INFO  pipeline.PipelineStateManager (PipelineStateManager.java:addPipeline(56)) - Created pipeline Pipeline[ Id: 99b30886-5932-45e3-8aa6-2baf55e57dfb, Nodes: aa548c8e-ad7a-464f-a14b-750fff37b319{ip: 192.168.30.53, host: pr-hdds-1984-jmsdc-1452173494, networkLocation: /default-rack, certSerialId: null}4799d071-0706-4d7e-bea6-a2942a6423af{ip: 192.168.30.53, host: pr-hdds-1984-jmsdc-1452173494, networkLocation: /default-rack, certSerialId: null}37dc53b4-77b9-4af3-bb45-092787be41b0{ip: 192.168.30.53, host: pr-hdds-1984-jmsdc-1452173494, networkLocation: /default-rack, certSerialId: null}, Type:RATIS, Factor:THREE, State:OPEN]
2019-10-08 18:43:05,399 [IPC Server handler 7 on 36969] INFO  net.NetworkTopology (NetworkTopologyImpl.java:add(111)) - Added a new node: /default-rack/45b9bb25-ae31-4d68-a399-9c41f84c6f1f
2019-10-08 18:43:05,399 [IPC Server handler 7 on 36969] INFO  node.SCMNodeManager (SCMNodeManager.java:register(268)) - Registered Data node : 45b9bb25-ae31-4d68-a399-9c41f84c6f1f{ip: 192.168.30.53, host: pr-hdds-1984-jmsdc-1452173494, networkLocation: /default-rack, certSerialId: null}
2019-10-08 18:43:05,411 [grpc-default-executor-9] INFO  impl.RaftServerProxy (RaftServerProxy.java:addNew(89)) - 5b5d9be7-1f51-4349-b8ce-df5d5bf715fa: addNew group-8C23C111971B:[5b5d9be7-1f51-4349-b8ce-df5d5bf715fa:192.168.30.53:40601] returns group-8C23C111971B:java.util.concurrent.CompletableFuture@4a0babd9[Not completed]
2019-10-08 18:43:05,415 [pool-413-thread-1] INFO  impl.RaftServerImpl (RaftServerImpl.java:<init>(95)) - 5b5d9be7-1f51-4349-b8ce-df5d5bf715fa: new RaftServerImpl for group-8C23C111971B:[5b5d9be7-1f51-4349-b8ce-df5d5bf715fa:192.168.30.53:40601] with ContainerStateMachine:uninitialized
2019-10-08 18:43:05,415 [pool-413-thread-1] INFO  server.RaftServerConfigKeys (ConfUtils.java:logGet(43)) - raft.server.rpc.timeout.min = 5s (custom)
2019-10-08 18:43:05,415 [pool-413-thread-1] INFO  server.RaftServerConfigKeys (ConfUtils.java:logGet(43)) - raft.server.rpc.timeout.max = 5200ms (custom)
2019-10-08 18:43:05,415 [pool-413-thread-1] INFO  server.RaftServerConfigKeys (ConfUtils.java:logGet(43)) - raft.server.rpcslowness.timeout = 120s (custom)
2019-10-08 18:43:05,415 [pool-413-thread-1] INFO  server.RaftServerConfigKeys (ConfUtils.java:logGet(43)) - raft.server.sleep.deviation.threshold = 300 (default)
2019-10-08 18:43:05,415 [pool-413-thread-1] INFO  server.RaftServerConfigKeys (ConfUtils.java:logGet(43)) - raft.server.log.appender.install.snapshot.enabled = false (custom)
2019-10-08 18:43:05,415 [pool-413-thread-1] INFO  impl.RaftServerImpl (ServerState.java:<init>(103)) - 5b5d9be7-1f51-4349-b8ce-df5d5bf715fa@group-8C23C111971B: ConfigurationManager, init=-1: [5b5d9be7-1f51-4349-b8ce-df5d5bf715fa:192.168.30.53:40601], old=null, confs=<EMPTY_MAP>
2019-10-08 18:43:05,415 [pool-413-thread-1] INFO  server.RaftServerConfigKeys (ConfUtils.java:logGet(43)) - raft.server.storage.dir = [/workdir/hadoop-ozone/integration-test/target/test-dir/MiniOzoneClusterImpl-a6d256fe-17b9-4a9d-b520-d7d5387b904d/datanode-3/data/ratis] (custom)
2019-10-08 18:43:05,416 [pool-413-thread-1] INFO  server.RaftServerConfigKeys (ConfUtils.java:logGet(43)) - raft.server.log.corruption.policy = EXCEPTION (default)
2019-10-08 18:43:05,416 [pool-413-thread-1] INFO  storage.RaftStorageDirectory (RaftStorageDirectory.java:analyzeStorage(246)) - The storage directory /workdir/hadoop-ozone/integration-test/target/test-dir/MiniOzoneClusterImpl-a6d256fe-17b9-4a9d-b520-d7d5387b904d/datanode-3/data/ratis/cf6e174c-f816-43c6-ba26-8c23c111971b does not exist. Creating ...
2019-10-08 18:43:05,429 [pool-413-thread-1] INFO  storage.RaftStorageDirectory (RaftStorageDirectory.java:tryLock(328)) - Lock on /workdir/hadoop-ozone/integration-test/target/test-dir/MiniOzoneClusterImpl-a6d256fe-17b9-4a9d-b520-d7d5387b904d/datanode-3/data/ratis/cf6e174c-f816-43c6-ba26-8c23c111971b/in_use.lock acquired by nodename 9249@pr-hdds-1984-jmsdc-1452173494
2019-10-08 18:43:05,446 [pool-413-thread-1] INFO  storage.RaftStorage (RaftStorage.java:format(84)) - Storage directory /workdir/hadoop-ozone/integration-test/target/test-dir/MiniOzoneClusterImpl-a6d256fe-17b9-4a9d-b520-d7d5387b904d/datanode-3/data/ratis/cf6e174c-f816-43c6-ba26-8c23c111971b has been successfully formatted.
2019-10-08 18:43:05,446 [pool-413-thread-1] INFO  ratis.ContainerStateMachine (ContainerStateMachine.java:loadSnapshot(231)) - group-8C23C111971B: The snapshot info is null. Setting the last applied indexto:(t:0, i:~)
2019-10-08 18:43:05,446 [pool-413-thread-1] INFO  server.RaftServerConfigKeys (ConfUtils.java:logGet(43)) - raft.server.notification.no-leader.timeout = 120s (custom)
2019-10-08 18:43:05,446 [pool-413-thread-1] INFO  server.RaftServerConfigKeys (ConfUtils.java:logGet(43)) - raft.server.log.use.memory = false (default)
2019-10-08 18:43:05,446 [pool-413-thread-1] INFO  server.RaftServerConfigKeys (ConfUtils.java:logGet(43)) - raft.server.log.purge.gap = 1000000 (custom)
2019-10-08 18:43:05,446 [pool-413-thread-1] INFO  server.RaftServerConfigKeys (ConfUtils.java:logGet(43)) - raft.server.log.appender.buffer.byte-limit = 33554432 (custom)
2019-10-08 18:43:05,446 [pool-413-thread-1] INFO  server.RaftServerConfigKeys (ConfUtils.java:logGet(43)) - raft.server.log.segment.size.max = 1048576 (custom)
2019-10-08 18:43:05,448 [pool-413-thread-1] INFO  server.RaftServerConfigKeys (ConfUtils.java:logGet(43)) - raft.server.log.segment.cache.num.max = 2 (custom)
2019-10-08 18:43:05,448 [pool-413-thread-1] INFO  segmented.SegmentedRaftLogWorker (SegmentedRaftLogWorker.java:<init>(173)) - new 5b5d9be7-1f51-4349-b8ce-df5d5bf715fa@group-8C23C111971B-SegmentedRaftLogWorker for RaftStorage:Storage Directory /workdir/hadoop-ozone/integration-test/target/test-dir/MiniOzoneClusterImpl-a6d256fe-17b9-4a9d-b520-d7d5387b904d/datanode-3/data/ratis/cf6e174c-f816-43c6-ba26-8c23c111971b
2019-10-08 18:43:05,448 [pool-413-thread-1] INFO  server.RaftServerConfigKeys (ConfUtils.java:logGet(43)) - raft.server.log.queue.byte-limit = 2147483647 (custom)
2019-10-08 18:43:05,448 [pool-413-thread-1] INFO  server.RaftServerConfigKeys (ConfUtils.java:logGet(43)) - raft.server.log.queue.element-limit = 1024 (custom)
2019-10-08 18:43:05,448 [pool-413-thread-1] INFO  server.RaftServerConfigKeys (ConfUtils.java:logGet(43)) - raft.server.log.segment.size.max = 1048576 (custom)
2019-10-08 18:43:05,448 [pool-413-thread-1] INFO  server.RaftServerConfigKeys (ConfUtils.java:logGet(43)) - raft.server.log.preallocated.size = 16384 (custom)
2019-10-08 18:43:05,449 [pool-413-thread-1] INFO  server.RaftServerConfigKeys (ConfUtils.java:logGet(43)) - raft.server.log.write.buffer.size = 33554432 (custom)
2019-10-08 18:43:05,449 [pool-413-thread-1] INFO  server.RaftServerConfigKeys (ConfUtils.java:logGet(43)) - raft.server.log.force.sync.num = 128 (default)
2019-10-08 18:43:05,449 [pool-413-thread-1] INFO  server.RaftServerConfigKeys (ConfUtils.java:logGet(43)) - raft.server.log.statemachine.data.sync = true (default)
2019-10-08 18:43:05,449 [pool-413-thread-1] INFO  server.RaftServerConfigKeys (ConfUtils.java:logGet(43)) - raft.server.log.statemachine.data.sync.timeout = 10s (default)
2019-10-08 18:43:05,449 [pool-413-thread-1] INFO  server.RaftServerConfigKeys (ConfUtils.java:logGet(43)) - raft.server.log.statemachine.data.sync.timeout.retry = -1 (default)
2019-10-08 18:43:05,449 [pool-413-thread-1] INFO  server.RaftServerConfigKeys (ConfUtils.java:logGet(43)) - raft.server.log.statemachine.data.caching.enabled = true (custom)
2019-10-08 18:43:05,449 [pool-413-thread-1] INFO  segmented.SegmentedRaftLogWorker (SegmentedRaftLogWorker.java:lambda$new$0(128)) - 5b5d9be7-1f51-4349-b8ce-df5d5bf715fa@group-8C23C111971B-SegmentedRaftLogWorker: flushIndex: setUnconditionally 0 -> -1
2019-10-08 18:43:05,450 [pool-413-thread-1] INFO  server.RaftServerConfigKeys (ConfUtils.java:logGet(43)) - raft.server.snapshot.auto.trigger.enabled = true (custom)
2019-10-08 18:43:05,450 [pool-413-thread-1] INFO  server.RaftServerConfigKeys (ConfUtils.java:logGet(43)) - raft.server.snapshot.auto.trigger.threshold = 10000 (custom)
2019-10-08 18:43:05,450 [pool-413-thread-1] INFO  server.RaftServerConfigKeys (ConfUtils.java:logGet(43)) - raft.server.snapshot.retention.file.num = 5 (custom)
2019-10-08 18:43:05,450 [pool-413-thread-1] INFO  server.RaftServerConfigKeys (ConfUtils.java:logGet(43)) - raft.server.retrycache.expirytime = 600000ms (custom)
2019-10-08 18:43:05,451 [pool-413-thread-1] INFO  impl.RaftServerImpl (RaftServerImpl.java:start(181)) - 5b5d9be7-1f51-4349-b8ce-df5d5bf715fa@group-8C23C111971B: start as a follower, conf=-1: [5b5d9be7-1f51-4349-b8ce-df5d5bf715fa:192.168.30.53:40601], old=null
2019-10-08 18:43:05,451 [pool-413-thread-1] INFO  impl.RaftServerImpl (RaftServerImpl.java:setRole(170)) - 5b5d9be7-1f51-4349-b8ce-df5d5bf715fa@group-8C23C111971B: changes role from      null to FOLLOWER at term 0 for startAsFollower
2019-10-08 18:43:05,451 [pool-413-thread-1] INFO  impl.RoleInfo (RoleInfo.java:updateAndGet(143)) - 5b5d9be7-1f51-4349-b8ce-df5d5bf715fa: start FollowerState
2019-10-08 18:43:05,452 [pool-413-thread-1] INFO  util.JmxRegister (JmxRegister.java:tryRegister(44)) - Successfully registered JMX Bean with object name Ratis:service=RaftServer,group=group-8C23C111971B,id=5b5d9be7-1f51-4349-b8ce-df5d5bf715fa
2019-10-08 18:43:05,455 [RatisPipelineUtilsThread] INFO  pipeline.PipelineStateManager (PipelineStateManager.java:addPipeline(56)) - Created pipeline Pipeline[ Id: cf6e174c-f816-43c6-ba26-8c23c111971b, Nodes: 5b5d9be7-1f51-4349-b8ce-df5d5bf715fa{ip: 192.168.30.53, host: pr-hdds-1984-jmsdc-1452173494, networkLocation: /default-rack, certSerialId: null}, Type:RATIS, Factor:ONE, State:OPEN]
2019-10-08 18:43:05,462 [grpc-default-executor-9] INFO  impl.RaftServerProxy (RaftServerProxy.java:addNew(89)) - 45b9bb25-ae31-4d68-a399-9c41f84c6f1f: addNew group-5BC0298A2B32:[45b9bb25-ae31-4d68-a399-9c41f84c6f1f:192.168.30.53:44055] returns group-5BC0298A2B32:java.util.concurrent.CompletableFuture@17f234f2[Not completed]
2019-10-08 18:43:05,464 [pool-423-thread-1] INFO  impl.RaftServerImpl (RaftServerImpl.java:<init>(95)) - 45b9bb25-ae31-4d68-a399-9c41f84c6f1f: new RaftServerImpl for group-5BC0298A2B32:[45b9bb25-ae31-4d68-a399-9c41f84c6f1f:192.168.30.53:44055] with ContainerStateMachine:uninitialized
2019-10-08 18:43:05,464 [pool-423-thread-1] INFO  server.RaftServerConfigKeys (ConfUtils.java:logGet(43)) - raft.server.rpc.timeout.min = 5s (custom)
2019-10-08 18:43:05,464 [pool-423-thread-1] INFO  server.RaftServerConfigKeys (ConfUtils.java:logGet(43)) - raft.server.rpc.timeout.max = 5200ms (custom)
2019-10-08 18:43:05,464 [pool-423-thread-1] INFO  server.RaftServerConfigKeys (ConfUtils.java:logGet(43)) - raft.server.rpcslowness.timeout = 120s (custom)
2019-10-08 18:43:05,464 [pool-423-thread-1] INFO  server.RaftServerConfigKeys (ConfUtils.java:logGet(43)) - raft.server.sleep.deviation.threshold = 300 (default)
2019-10-08 18:43:05,465 [pool-423-thread-1] INFO  server.RaftServerConfigKeys (ConfUtils.java:logGet(43)) - raft.server.log.appender.install.snapshot.enabled = false (custom)
2019-10-08 18:43:05,465 [pool-423-thread-1] INFO  impl.RaftServerImpl (ServerState.java:<init>(103)) - 45b9bb25-ae31-4d68-a399-9c41f84c6f1f@group-5BC0298A2B32: ConfigurationManager, init=-1: [45b9bb25-ae31-4d68-a399-9c41f84c6f1f:192.168.30.53:44055], old=null, confs=<EMPTY_MAP>
2019-10-08 18:43:05,465 [pool-423-thread-1] INFO  server.RaftServerConfigKeys (ConfUtils.java:logGet(43)) - raft.server.storage.dir = [/workdir/hadoop-ozone/integration-test/target/test-dir/MiniOzoneClusterImpl-a6d256fe-17b9-4a9d-b520-d7d5387b904d/datanode-4/data/ratis] (custom)
2019-10-08 18:43:05,465 [pool-423-thread-1] INFO  server.RaftServerConfigKeys (ConfUtils.java:logGet(43)) - raft.server.log.corruption.policy = EXCEPTION (default)
2019-10-08 18:43:05,465 [pool-423-thread-1] INFO  storage.RaftStorageDirectory (RaftStorageDirectory.java:analyzeStorage(246)) - The storage directory /workdir/hadoop-ozone/integration-test/target/test-dir/MiniOzoneClusterImpl-a6d256fe-17b9-4a9d-b520-d7d5387b904d/datanode-4/data/ratis/73f3903c-2187-4825-80cd-5bc0298a2b32 does not exist. Creating ...
2019-10-08 18:43:05,469 [IPC Server handler 0 on 36969] INFO  net.NetworkTopology (NetworkTopologyImpl.java:add(111)) - Added a new node: /default-rack/1ff6fe31-ca4e-4bce-97c3-327c0762526d
2019-10-08 18:43:05,469 [IPC Server handler 0 on 36969] INFO  node.SCMNodeManager (SCMNodeManager.java:register(268)) - Registered Data node : 1ff6fe31-ca4e-4bce-97c3-327c0762526d{ip: 192.168.30.53, host: pr-hdds-1984-jmsdc-1452173494, networkLocation: /default-rack, certSerialId: null}
2019-10-08 18:43:05,478 [pool-423-thread-1] INFO  storage.RaftStorageDirectory (RaftStorageDirectory.java:tryLock(328)) - Lock on /workdir/hadoop-ozone/integration-test/target/test-dir/MiniOzoneClusterImpl-a6d256fe-17b9-4a9d-b520-d7d5387b904d/datanode-4/data/ratis/73f3903c-2187-4825-80cd-5bc0298a2b32/in_use.lock acquired by nodename 9249@pr-hdds-1984-jmsdc-1452173494
2019-10-08 18:43:05,491 [pool-423-thread-1] INFO  storage.RaftStorage (RaftStorage.java:format(84)) - Storage directory /workdir/hadoop-ozone/integration-test/target/test-dir/MiniOzoneClusterImpl-a6d256fe-17b9-4a9d-b520-d7d5387b904d/datanode-4/data/ratis/73f3903c-2187-4825-80cd-5bc0298a2b32 has been successfully formatted.
2019-10-08 18:43:05,492 [pool-423-thread-1] INFO  ratis.ContainerStateMachine (ContainerStateMachine.java:loadSnapshot(231)) - group-5BC0298A2B32: The snapshot info is null. Setting the last applied indexto:(t:0, i:~)
2019-10-08 18:43:05,492 [pool-423-thread-1] INFO  server.RaftServerConfigKeys (ConfUtils.java:logGet(43)) - raft.server.notification.no-leader.timeout = 120s (custom)
2019-10-08 18:43:05,492 [pool-423-thread-1] INFO  server.RaftServerConfigKeys (ConfUtils.java:logGet(43)) - raft.server.log.use.memory = false (default)
2019-10-08 18:43:05,492 [pool-423-thread-1] INFO  server.RaftServerConfigKeys (ConfUtils.java:logGet(43)) - raft.server.log.purge.gap = 1000000 (custom)
2019-10-08 18:43:05,492 [pool-423-thread-1] INFO  server.RaftServerConfigKeys (ConfUtils.java:logGet(43)) - raft.server.log.appender.buffer.byte-limit = 33554432 (custom)
2019-10-08 18:43:05,492 [pool-423-thread-1] INFO  server.RaftServerConfigKeys (ConfUtils.java:logGet(43)) - raft.server.log.segment.size.max = 1048576 (custom)
2019-10-08 18:43:05,494 [pool-423-thread-1] INFO  server.RaftServerConfigKeys (ConfUtils.java:logGet(43)) - raft.server.log.segment.cache.num.max = 2 (custom)
2019-10-08 18:43:05,494 [pool-423-thread-1] INFO  segmented.SegmentedRaftLogWorker (SegmentedRaftLogWorker.java:<init>(173)) - new 45b9bb25-ae31-4d68-a399-9c41f84c6f1f@group-5BC0298A2B32-SegmentedRaftLogWorker for RaftStorage:Storage Directory /workdir/hadoop-ozone/integration-test/target/test-dir/MiniOzoneClusterImpl-a6d256fe-17b9-4a9d-b520-d7d5387b904d/datanode-4/data/ratis/73f3903c-2187-4825-80cd-5bc0298a2b32
2019-10-08 18:43:05,494 [pool-423-thread-1] INFO  server.RaftServerConfigKeys (ConfUtils.java:logGet(43)) - raft.server.log.queue.byte-limit = 2147483647 (custom)
2019-10-08 18:43:05,494 [pool-423-thread-1] INFO  server.RaftServerConfigKeys (ConfUtils.java:logGet(43)) - raft.server.log.queue.element-limit = 1024 (custom)
2019-10-08 18:43:05,495 [pool-423-thread-1] INFO  server.RaftServerConfigKeys (ConfUtils.java:logGet(43)) - raft.server.log.segment.size.max = 1048576 (custom)
2019-10-08 18:43:05,495 [pool-423-thread-1] INFO  server.RaftServerConfigKeys (ConfUtils.java:logGet(43)) - raft.server.log.preallocated.size = 16384 (custom)
2019-10-08 18:43:05,495 [pool-423-thread-1] INFO  server.RaftServerConfigKeys (ConfUtils.java:logGet(43)) - raft.server.log.write.buffer.size = 33554432 (custom)
2019-10-08 18:43:05,495 [pool-423-thread-1] INFO  server.RaftServerConfigKeys (ConfUtils.java:logGet(43)) - raft.server.log.force.sync.num = 128 (default)
2019-10-08 18:43:05,495 [pool-423-thread-1] INFO  server.RaftServerConfigKeys (ConfUtils.java:logGet(43)) - raft.server.log.statemachine.data.sync = true (default)
2019-10-08 18:43:05,495 [pool-423-thread-1] INFO  server.RaftServerConfigKeys (ConfUtils.java:logGet(43)) - raft.server.log.statemachine.data.sync.timeout = 10s (default)
2019-10-08 18:43:05,495 [pool-423-thread-1] INFO  server.RaftServerConfigKeys (ConfUtils.java:logGet(43)) - raft.server.log.statemachine.data.sync.timeout.retry = -1 (default)
2019-10-08 18:43:05,496 [pool-423-thread-1] INFO  server.RaftServerConfigKeys (ConfUtils.java:logGet(43)) - raft.server.log.statemachine.data.caching.enabled = true (custom)
2019-10-08 18:43:05,496 [pool-423-thread-1] INFO  segmented.SegmentedRaftLogWorker (SegmentedRaftLogWorker.java:lambda$new$0(128)) - 45b9bb25-ae31-4d68-a399-9c41f84c6f1f@group-5BC0298A2B32-SegmentedRaftLogWorker: flushIndex: setUnconditionally 0 -> -1
2019-10-08 18:43:05,496 [pool-423-thread-1] INFO  server.RaftServerConfigKeys (ConfUtils.java:logGet(43)) - raft.server.snapshot.auto.trigger.enabled = true (custom)
2019-10-08 18:43:05,497 [pool-423-thread-1] INFO  server.RaftServerConfigKeys (ConfUtils.java:logGet(43)) - raft.server.snapshot.auto.trigger.threshold = 10000 (custom)
2019-10-08 18:43:05,497 [pool-423-thread-1] INFO  server.RaftServerConfigKeys (ConfUtils.java:logGet(43)) - raft.server.snapshot.retention.file.num = 5 (custom)
2019-10-08 18:43:05,497 [pool-423-thread-1] INFO  server.RaftServerConfigKeys (ConfUtils.java:logGet(43)) - raft.server.retrycache.expirytime = 600000ms (custom)
2019-10-08 18:43:05,498 [pool-423-thread-1] INFO  impl.RaftServerImpl (RaftServerImpl.java:start(181)) - 45b9bb25-ae31-4d68-a399-9c41f84c6f1f@group-5BC0298A2B32: start as a follower, conf=-1: [45b9bb25-ae31-4d68-a399-9c41f84c6f1f:192.168.30.53:44055], old=null
2019-10-08 18:43:05,499 [pool-423-thread-1] INFO  impl.RaftServerImpl (RaftServerImpl.java:setRole(170)) - 45b9bb25-ae31-4d68-a399-9c41f84c6f1f@group-5BC0298A2B32: changes role from      null to FOLLOWER at term 0 for startAsFollower
2019-10-08 18:43:05,499 [pool-423-thread-1] INFO  impl.RoleInfo (RoleInfo.java:updateAndGet(143)) - 45b9bb25-ae31-4d68-a399-9c41f84c6f1f: start FollowerState
2019-10-08 18:43:05,499 [pool-423-thread-1] INFO  util.JmxRegister (JmxRegister.java:tryRegister(44)) - Successfully registered JMX Bean with object name Ratis:service=RaftServer,group=group-5BC0298A2B32,id=45b9bb25-ae31-4d68-a399-9c41f84c6f1f
2019-10-08 18:43:05,503 [RatisPipelineUtilsThread] INFO  pipeline.PipelineStateManager (PipelineStateManager.java:addPipeline(56)) - Created pipeline Pipeline[ Id: 73f3903c-2187-4825-80cd-5bc0298a2b32, Nodes: 45b9bb25-ae31-4d68-a399-9c41f84c6f1f{ip: 192.168.30.53, host: pr-hdds-1984-jmsdc-1452173494, networkLocation: /default-rack, certSerialId: null}, Type:RATIS, Factor:ONE, State:OPEN]
2019-10-08 18:43:05,514 [grpc-default-executor-9] INFO  impl.RaftServerProxy (RaftServerProxy.java:addNew(89)) - 1ff6fe31-ca4e-4bce-97c3-327c0762526d: addNew group-8620FF49DCF2:[1ff6fe31-ca4e-4bce-97c3-327c0762526d:192.168.30.53:37428] returns group-8620FF49DCF2:java.util.concurrent.CompletableFuture@b24b0bd[Not completed]
2019-10-08 18:43:05,515 [pool-433-thread-1] INFO  impl.RaftServerImpl (RaftServerImpl.java:<init>(95)) - 1ff6fe31-ca4e-4bce-97c3-327c0762526d: new RaftServerImpl for group-8620FF49DCF2:[1ff6fe31-ca4e-4bce-97c3-327c0762526d:192.168.30.53:37428] with ContainerStateMachine:uninitialized
2019-10-08 18:43:05,516 [pool-433-thread-1] INFO  server.RaftServerConfigKeys (ConfUtils.java:logGet(43)) - raft.server.rpc.timeout.min = 5s (custom)
2019-10-08 18:43:05,516 [pool-433-thread-1] INFO  server.RaftServerConfigKeys (ConfUtils.java:logGet(43)) - raft.server.rpc.timeout.max = 5200ms (custom)
2019-10-08 18:43:05,516 [pool-433-thread-1] INFO  server.RaftServerConfigKeys (ConfUtils.java:logGet(43)) - raft.server.rpcslowness.timeout = 120s (custom)
2019-10-08 18:43:05,516 [pool-433-thread-1] INFO  server.RaftServerConfigKeys (ConfUtils.java:logGet(43)) - raft.server.sleep.deviation.threshold = 300 (default)
2019-10-08 18:43:05,516 [pool-433-thread-1] INFO  server.RaftServerConfigKeys (ConfUtils.java:logGet(43)) - raft.server.log.appender.install.snapshot.enabled = false (custom)
2019-10-08 18:43:05,516 [pool-433-thread-1] INFO  impl.RaftServerImpl (ServerState.java:<init>(103)) - 1ff6fe31-ca4e-4bce-97c3-327c0762526d@group-8620FF49DCF2: ConfigurationManager, init=-1: [1ff6fe31-ca4e-4bce-97c3-327c0762526d:192.168.30.53:37428], old=null, confs=<EMPTY_MAP>
2019-10-08 18:43:05,516 [pool-433-thread-1] INFO  server.RaftServerConfigKeys (ConfUtils.java:logGet(43)) - raft.server.storage.dir = [/workdir/hadoop-ozone/integration-test/target/test-dir/MiniOzoneClusterImpl-a6d256fe-17b9-4a9d-b520-d7d5387b904d/datanode-5/data/ratis] (custom)
2019-10-08 18:43:05,516 [pool-433-thread-1] INFO  server.RaftServerConfigKeys (ConfUtils.java:logGet(43)) - raft.server.log.corruption.policy = EXCEPTION (default)
2019-10-08 18:43:05,517 [pool-433-thread-1] INFO  storage.RaftStorageDirectory (RaftStorageDirectory.java:analyzeStorage(246)) - The storage directory /workdir/hadoop-ozone/integration-test/target/test-dir/MiniOzoneClusterImpl-a6d256fe-17b9-4a9d-b520-d7d5387b904d/datanode-5/data/ratis/5a08bf21-b02c-43ea-bb18-8620ff49dcf2 does not exist. Creating ...
2019-10-08 18:43:05,524 [main] INFO  ozone.MiniOzoneClusterImpl (MiniOzoneClusterImpl.java:lambda$waitForClusterToBeReady$0(147)) - Waiting for cluster to be ready. Got 6 of 7 DN Heartbeats.
2019-10-08 18:43:05,525 [IPC Server handler 2 on 36969] INFO  net.NetworkTopology (NetworkTopologyImpl.java:add(111)) - Added a new node: /default-rack/2092bfdf-ca01-4ca1-a86e-77e51861a1b8
2019-10-08 18:43:05,525 [IPC Server handler 2 on 36969] INFO  node.SCMNodeManager (SCMNodeManager.java:register(268)) - Registered Data node : 2092bfdf-ca01-4ca1-a86e-77e51861a1b8{ip: 192.168.30.53, host: pr-hdds-1984-jmsdc-1452173494, networkLocation: /default-rack, certSerialId: null}
2019-10-08 18:43:05,530 [pool-433-thread-1] INFO  storage.RaftStorageDirectory (RaftStorageDirectory.java:tryLock(328)) - Lock on /workdir/hadoop-ozone/integration-test/target/test-dir/MiniOzoneClusterImpl-a6d256fe-17b9-4a9d-b520-d7d5387b904d/datanode-5/data/ratis/5a08bf21-b02c-43ea-bb18-8620ff49dcf2/in_use.lock acquired by nodename 9249@pr-hdds-1984-jmsdc-1452173494
2019-10-08 18:43:05,542 [pool-433-thread-1] INFO  storage.RaftStorage (RaftStorage.java:format(84)) - Storage directory /workdir/hadoop-ozone/integration-test/target/test-dir/MiniOzoneClusterImpl-a6d256fe-17b9-4a9d-b520-d7d5387b904d/datanode-5/data/ratis/5a08bf21-b02c-43ea-bb18-8620ff49dcf2 has been successfully formatted.
2019-10-08 18:43:05,542 [pool-433-thread-1] INFO  ratis.ContainerStateMachine (ContainerStateMachine.java:loadSnapshot(231)) - group-8620FF49DCF2: The snapshot info is null. Setting the last applied indexto:(t:0, i:~)
2019-10-08 18:43:05,543 [pool-433-thread-1] INFO  server.RaftServerConfigKeys (ConfUtils.java:logGet(43)) - raft.server.notification.no-leader.timeout = 120s (custom)
2019-10-08 18:43:05,543 [pool-433-thread-1] INFO  server.RaftServerConfigKeys (ConfUtils.java:logGet(43)) - raft.server.log.use.memory = false (default)
2019-10-08 18:43:05,543 [pool-433-thread-1] INFO  server.RaftServerConfigKeys (ConfUtils.java:logGet(43)) - raft.server.log.purge.gap = 1000000 (custom)
2019-10-08 18:43:05,543 [pool-433-thread-1] INFO  server.RaftServerConfigKeys (ConfUtils.java:logGet(43)) - raft.server.log.appender.buffer.byte-limit = 33554432 (custom)
2019-10-08 18:43:05,543 [pool-433-thread-1] INFO  server.RaftServerConfigKeys (ConfUtils.java:logGet(43)) - raft.server.log.segment.size.max = 1048576 (custom)
2019-10-08 18:43:05,544 [pool-433-thread-1] INFO  server.RaftServerConfigKeys (ConfUtils.java:logGet(43)) - raft.server.log.segment.cache.num.max = 2 (custom)
2019-10-08 18:43:05,544 [pool-433-thread-1] INFO  segmented.SegmentedRaftLogWorker (SegmentedRaftLogWorker.java:<init>(173)) - new 1ff6fe31-ca4e-4bce-97c3-327c0762526d@group-8620FF49DCF2-SegmentedRaftLogWorker for RaftStorage:Storage Directory /workdir/hadoop-ozone/integration-test/target/test-dir/MiniOzoneClusterImpl-a6d256fe-17b9-4a9d-b520-d7d5387b904d/datanode-5/data/ratis/5a08bf21-b02c-43ea-bb18-8620ff49dcf2
2019-10-08 18:43:05,544 [pool-433-thread-1] INFO  server.RaftServerConfigKeys (ConfUtils.java:logGet(43)) - raft.server.log.queue.byte-limit = 2147483647 (custom)
2019-10-08 18:43:05,544 [pool-433-thread-1] INFO  server.RaftServerConfigKeys (ConfUtils.java:logGet(43)) - raft.server.log.queue.element-limit = 1024 (custom)
2019-10-08 18:43:05,544 [pool-433-thread-1] INFO  server.RaftServerConfigKeys (ConfUtils.java:logGet(43)) - raft.server.log.segment.size.max = 1048576 (custom)
2019-10-08 18:43:05,545 [pool-433-thread-1] INFO  server.RaftServerConfigKeys (ConfUtils.java:logGet(43)) - raft.server.log.preallocated.size = 16384 (custom)
2019-10-08 18:43:05,545 [pool-433-thread-1] INFO  server.RaftServerConfigKeys (ConfUtils.java:logGet(43)) - raft.server.log.write.buffer.size = 33554432 (custom)
2019-10-08 18:43:05,545 [pool-433-thread-1] INFO  server.RaftServerConfigKeys (ConfUtils.java:logGet(43)) - raft.server.log.force.sync.num = 128 (default)
2019-10-08 18:43:05,545 [pool-433-thread-1] INFO  server.RaftServerConfigKeys (ConfUtils.java:logGet(43)) - raft.server.log.statemachine.data.sync = true (default)
2019-10-08 18:43:05,545 [pool-433-thread-1] INFO  server.RaftServerConfigKeys (ConfUtils.java:logGet(43)) - raft.server.log.statemachine.data.sync.timeout = 10s (default)
2019-10-08 18:43:05,545 [pool-433-thread-1] INFO  server.RaftServerConfigKeys (ConfUtils.java:logGet(43)) - raft.server.log.statemachine.data.sync.timeout.retry = -1 (default)
2019-10-08 18:43:05,545 [pool-433-thread-1] INFO  server.RaftServerConfigKeys (ConfUtils.java:logGet(43)) - raft.server.log.statemachine.data.caching.enabled = true (custom)
2019-10-08 18:43:05,545 [pool-433-thread-1] INFO  segmented.SegmentedRaftLogWorker (SegmentedRaftLogWorker.java:lambda$new$0(128)) - 1ff6fe31-ca4e-4bce-97c3-327c0762526d@group-8620FF49DCF2-SegmentedRaftLogWorker: flushIndex: setUnconditionally 0 -> -1
2019-10-08 18:43:05,546 [pool-433-thread-1] INFO  server.RaftServerConfigKeys (ConfUtils.java:logGet(43)) - raft.server.snapshot.auto.trigger.enabled = true (custom)
2019-10-08 18:43:05,546 [pool-433-thread-1] INFO  server.RaftServerConfigKeys (ConfUtils.java:logGet(43)) - raft.server.snapshot.auto.trigger.threshold = 10000 (custom)
2019-10-08 18:43:05,546 [pool-433-thread-1] INFO  server.RaftServerConfigKeys (ConfUtils.java:logGet(43)) - raft.server.snapshot.retention.file.num = 5 (custom)
2019-10-08 18:43:05,546 [pool-433-thread-1] INFO  server.RaftServerConfigKeys (ConfUtils.java:logGet(43)) - raft.server.retrycache.expirytime = 600000ms (custom)
2019-10-08 18:43:05,547 [pool-433-thread-1] INFO  impl.RaftServerImpl (RaftServerImpl.java:start(181)) - 1ff6fe31-ca4e-4bce-97c3-327c0762526d@group-8620FF49DCF2: start as a follower, conf=-1: [1ff6fe31-ca4e-4bce-97c3-327c0762526d:192.168.30.53:37428], old=null
2019-10-08 18:43:05,547 [pool-433-thread-1] INFO  impl.RaftServerImpl (RaftServerImpl.java:setRole(170)) - 1ff6fe31-ca4e-4bce-97c3-327c0762526d@group-8620FF49DCF2: changes role from      null to FOLLOWER at term 0 for startAsFollower
2019-10-08 18:43:05,547 [pool-433-thread-1] INFO  impl.RoleInfo (RoleInfo.java:updateAndGet(143)) - 1ff6fe31-ca4e-4bce-97c3-327c0762526d: start FollowerState
2019-10-08 18:43:05,548 [pool-433-thread-1] INFO  util.JmxRegister (JmxRegister.java:tryRegister(44)) - Successfully registered JMX Bean with object name Ratis:service=RaftServer,group=group-8620FF49DCF2,id=1ff6fe31-ca4e-4bce-97c3-327c0762526d
2019-10-08 18:43:05,551 [RatisPipelineUtilsThread] INFO  pipeline.PipelineStateManager (PipelineStateManager.java:addPipeline(56)) - Created pipeline Pipeline[ Id: 5a08bf21-b02c-43ea-bb18-8620ff49dcf2, Nodes: 1ff6fe31-ca4e-4bce-97c3-327c0762526d{ip: 192.168.30.53, host: pr-hdds-1984-jmsdc-1452173494, networkLocation: /default-rack, certSerialId: null}, Type:RATIS, Factor:ONE, State:OPEN]
2019-10-08 18:43:05,559 [grpc-default-executor-9] INFO  impl.RaftServerProxy (RaftServerProxy.java:addNew(89)) - 2092bfdf-ca01-4ca1-a86e-77e51861a1b8: addNew group-10962C896019:[2092bfdf-ca01-4ca1-a86e-77e51861a1b8:192.168.30.53:34955] returns group-10962C896019:java.util.concurrent.CompletableFuture@1309d8d4[Not completed]
2019-10-08 18:43:05,560 [pool-443-thread-1] INFO  impl.RaftServerImpl (RaftServerImpl.java:<init>(95)) - 2092bfdf-ca01-4ca1-a86e-77e51861a1b8: new RaftServerImpl for group-10962C896019:[2092bfdf-ca01-4ca1-a86e-77e51861a1b8:192.168.30.53:34955] with ContainerStateMachine:uninitialized
2019-10-08 18:43:05,560 [pool-443-thread-1] INFO  server.RaftServerConfigKeys (ConfUtils.java:logGet(43)) - raft.server.rpc.timeout.min = 5s (custom)
2019-10-08 18:43:05,560 [pool-443-thread-1] INFO  server.RaftServerConfigKeys (ConfUtils.java:logGet(43)) - raft.server.rpc.timeout.max = 5200ms (custom)
2019-10-08 18:43:05,561 [pool-443-thread-1] INFO  server.RaftServerConfigKeys (ConfUtils.java:logGet(43)) - raft.server.rpcslowness.timeout = 120s (custom)
2019-10-08 18:43:05,561 [pool-443-thread-1] INFO  server.RaftServerConfigKeys (ConfUtils.java:logGet(43)) - raft.server.sleep.deviation.threshold = 300 (default)
2019-10-08 18:43:05,561 [pool-443-thread-1] INFO  server.RaftServerConfigKeys (ConfUtils.java:logGet(43)) - raft.server.log.appender.install.snapshot.enabled = false (custom)
2019-10-08 18:43:05,561 [pool-443-thread-1] INFO  impl.RaftServerImpl (ServerState.java:<init>(103)) - 2092bfdf-ca01-4ca1-a86e-77e51861a1b8@group-10962C896019: ConfigurationManager, init=-1: [2092bfdf-ca01-4ca1-a86e-77e51861a1b8:192.168.30.53:34955], old=null, confs=<EMPTY_MAP>
2019-10-08 18:43:05,561 [pool-443-thread-1] INFO  server.RaftServerConfigKeys (ConfUtils.java:logGet(43)) - raft.server.storage.dir = [/workdir/hadoop-ozone/integration-test/target/test-dir/MiniOzoneClusterImpl-a6d256fe-17b9-4a9d-b520-d7d5387b904d/datanode-6/data/ratis] (custom)
2019-10-08 18:43:05,561 [pool-443-thread-1] INFO  server.RaftServerConfigKeys (ConfUtils.java:logGet(43)) - raft.server.log.corruption.policy = EXCEPTION (default)
2019-10-08 18:43:05,562 [pool-443-thread-1] INFO  storage.RaftStorageDirectory (RaftStorageDirectory.java:analyzeStorage(246)) - The storage directory /workdir/hadoop-ozone/integration-test/target/test-dir/MiniOzoneClusterImpl-a6d256fe-17b9-4a9d-b520-d7d5387b904d/datanode-6/data/ratis/4880aad6-acb0-45e6-947b-10962c896019 does not exist. Creating ...
2019-10-08 18:43:05,575 [pool-443-thread-1] INFO  storage.RaftStorageDirectory (RaftStorageDirectory.java:tryLock(328)) - Lock on /workdir/hadoop-ozone/integration-test/target/test-dir/MiniOzoneClusterImpl-a6d256fe-17b9-4a9d-b520-d7d5387b904d/datanode-6/data/ratis/4880aad6-acb0-45e6-947b-10962c896019/in_use.lock acquired by nodename 9249@pr-hdds-1984-jmsdc-1452173494
2019-10-08 18:43:05,588 [pool-443-thread-1] INFO  storage.RaftStorage (RaftStorage.java:format(84)) - Storage directory /workdir/hadoop-ozone/integration-test/target/test-dir/MiniOzoneClusterImpl-a6d256fe-17b9-4a9d-b520-d7d5387b904d/datanode-6/data/ratis/4880aad6-acb0-45e6-947b-10962c896019 has been successfully formatted.
2019-10-08 18:43:05,588 [pool-443-thread-1] INFO  ratis.ContainerStateMachine (ContainerStateMachine.java:loadSnapshot(231)) - group-10962C896019: The snapshot info is null. Setting the last applied indexto:(t:0, i:~)
2019-10-08 18:43:05,589 [pool-443-thread-1] INFO  server.RaftServerConfigKeys (ConfUtils.java:logGet(43)) - raft.server.notification.no-leader.timeout = 120s (custom)
2019-10-08 18:43:05,589 [pool-443-thread-1] INFO  server.RaftServerConfigKeys (ConfUtils.java:logGet(43)) - raft.server.log.use.memory = false (default)
2019-10-08 18:43:05,589 [pool-443-thread-1] INFO  server.RaftServerConfigKeys (ConfUtils.java:logGet(43)) - raft.server.log.purge.gap = 1000000 (custom)
2019-10-08 18:43:05,589 [pool-443-thread-1] INFO  server.RaftServerConfigKeys (ConfUtils.java:logGet(43)) - raft.server.log.appender.buffer.byte-limit = 33554432 (custom)
2019-10-08 18:43:05,590 [pool-443-thread-1] INFO  server.RaftServerConfigKeys (ConfUtils.java:logGet(43)) - raft.server.log.segment.size.max = 1048576 (custom)
2019-10-08 18:43:05,592 [pool-443-thread-1] INFO  server.RaftServerConfigKeys (ConfUtils.java:logGet(43)) - raft.server.log.segment.cache.num.max = 2 (custom)
2019-10-08 18:43:05,592 [pool-443-thread-1] INFO  segmented.SegmentedRaftLogWorker (SegmentedRaftLogWorker.java:<init>(173)) - new 2092bfdf-ca01-4ca1-a86e-77e51861a1b8@group-10962C896019-SegmentedRaftLogWorker for RaftStorage:Storage Directory /workdir/hadoop-ozone/integration-test/target/test-dir/MiniOzoneClusterImpl-a6d256fe-17b9-4a9d-b520-d7d5387b904d/datanode-6/data/ratis/4880aad6-acb0-45e6-947b-10962c896019
2019-10-08 18:43:05,592 [pool-443-thread-1] INFO  server.RaftServerConfigKeys (ConfUtils.java:logGet(43)) - raft.server.log.queue.byte-limit = 2147483647 (custom)
2019-10-08 18:43:05,593 [pool-443-thread-1] INFO  server.RaftServerConfigKeys (ConfUtils.java:logGet(43)) - raft.server.log.queue.element-limit = 1024 (custom)
2019-10-08 18:43:05,593 [pool-443-thread-1] INFO  server.RaftServerConfigKeys (ConfUtils.java:logGet(43)) - raft.server.log.segment.size.max = 1048576 (custom)
2019-10-08 18:43:05,593 [pool-443-thread-1] INFO  server.RaftServerConfigKeys (ConfUtils.java:logGet(43)) - raft.server.log.preallocated.size = 16384 (custom)
2019-10-08 18:43:05,593 [pool-443-thread-1] INFO  server.RaftServerConfigKeys (ConfUtils.java:logGet(43)) - raft.server.log.write.buffer.size = 33554432 (custom)
2019-10-08 18:43:05,593 [pool-443-thread-1] INFO  server.RaftServerConfigKeys (ConfUtils.java:logGet(43)) - raft.server.log.force.sync.num = 128 (default)
2019-10-08 18:43:05,594 [pool-443-thread-1] INFO  server.RaftServerConfigKeys (ConfUtils.java:logGet(43)) - raft.server.log.statemachine.data.sync = true (default)
2019-10-08 18:43:05,594 [pool-443-thread-1] INFO  server.RaftServerConfigKeys (ConfUtils.java:logGet(43)) - raft.server.log.statemachine.data.sync.timeout = 10s (default)
2019-10-08 18:43:05,594 [pool-443-thread-1] INFO  server.RaftServerConfigKeys (ConfUtils.java:logGet(43)) - raft.server.log.statemachine.data.sync.timeout.retry = -1 (default)
2019-10-08 18:43:05,595 [pool-443-thread-1] INFO  server.RaftServerConfigKeys (ConfUtils.java:logGet(43)) - raft.server.log.statemachine.data.caching.enabled = true (custom)
2019-10-08 18:43:05,595 [pool-443-thread-1] INFO  segmented.SegmentedRaftLogWorker (SegmentedRaftLogWorker.java:lambda$new$0(128)) - 2092bfdf-ca01-4ca1-a86e-77e51861a1b8@group-10962C896019-SegmentedRaftLogWorker: flushIndex: setUnconditionally 0 -> -1
2019-10-08 18:43:05,596 [pool-443-thread-1] INFO  server.RaftServerConfigKeys (ConfUtils.java:logGet(43)) - raft.server.snapshot.auto.trigger.enabled = true (custom)
2019-10-08 18:43:05,596 [pool-443-thread-1] INFO  server.RaftServerConfigKeys (ConfUtils.java:logGet(43)) - raft.server.snapshot.auto.trigger.threshold = 10000 (custom)
2019-10-08 18:43:05,596 [pool-443-thread-1] INFO  server.RaftServerConfigKeys (ConfUtils.java:logGet(43)) - raft.server.snapshot.retention.file.num = 5 (custom)
2019-10-08 18:43:05,596 [pool-443-thread-1] INFO  server.RaftServerConfigKeys (ConfUtils.java:logGet(43)) - raft.server.retrycache.expirytime = 600000ms (custom)
2019-10-08 18:43:05,599 [pool-443-thread-1] INFO  impl.RaftServerImpl (RaftServerImpl.java:start(181)) - 2092bfdf-ca01-4ca1-a86e-77e51861a1b8@group-10962C896019: start as a follower, conf=-1: [2092bfdf-ca01-4ca1-a86e-77e51861a1b8:192.168.30.53:34955], old=null
2019-10-08 18:43:05,599 [pool-443-thread-1] INFO  impl.RaftServerImpl (RaftServerImpl.java:setRole(170)) - 2092bfdf-ca01-4ca1-a86e-77e51861a1b8@group-10962C896019: changes role from      null to FOLLOWER at term 0 for startAsFollower
2019-10-08 18:43:05,599 [pool-443-thread-1] INFO  impl.RoleInfo (RoleInfo.java:updateAndGet(143)) - 2092bfdf-ca01-4ca1-a86e-77e51861a1b8: start FollowerState
2019-10-08 18:43:05,600 [pool-443-thread-1] INFO  util.JmxRegister (JmxRegister.java:tryRegister(44)) - Successfully registered JMX Bean with object name Ratis:service=RaftServer,group=group-10962C896019,id=2092bfdf-ca01-4ca1-a86e-77e51861a1b8
2019-10-08 18:43:05,604 [RatisPipelineUtilsThread] INFO  pipeline.PipelineStateManager (PipelineStateManager.java:addPipeline(56)) - Created pipeline Pipeline[ Id: 4880aad6-acb0-45e6-947b-10962c896019, Nodes: 2092bfdf-ca01-4ca1-a86e-77e51861a1b8{ip: 192.168.30.53, host: pr-hdds-1984-jmsdc-1452173494, networkLocation: /default-rack, certSerialId: null}, Type:RATIS, Factor:ONE, State:OPEN]
2019-10-08 18:43:05,621 [grpc-default-executor-0] INFO  impl.RaftServerProxy (RaftServerProxy.java:addNew(89)) - 45b9bb25-ae31-4d68-a399-9c41f84c6f1f: addNew group-6637E72C4CD2:[45b9bb25-ae31-4d68-a399-9c41f84c6f1f:192.168.30.53:44055, 5b5d9be7-1f51-4349-b8ce-df5d5bf715fa:192.168.30.53:40601, 1ff6fe31-ca4e-4bce-97c3-327c0762526d:192.168.30.53:37428] returns group-6637E72C4CD2:java.util.concurrent.CompletableFuture@5e1ed0a0[Not completed]
2019-10-08 18:43:05,621 [grpc-default-executor-4] INFO  impl.RaftServerProxy (RaftServerProxy.java:addNew(89)) - 1ff6fe31-ca4e-4bce-97c3-327c0762526d: addNew group-6637E72C4CD2:[45b9bb25-ae31-4d68-a399-9c41f84c6f1f:192.168.30.53:44055, 5b5d9be7-1f51-4349-b8ce-df5d5bf715fa:192.168.30.53:40601, 1ff6fe31-ca4e-4bce-97c3-327c0762526d:192.168.30.53:37428] returns group-6637E72C4CD2:java.util.concurrent.CompletableFuture@49a08eeb[Not completed]
2019-10-08 18:43:05,621 [grpc-default-executor-0] INFO  impl.RaftServerProxy (RaftServerProxy.java:addNew(89)) - 5b5d9be7-1f51-4349-b8ce-df5d5bf715fa: addNew group-6637E72C4CD2:[45b9bb25-ae31-4d68-a399-9c41f84c6f1f:192.168.30.53:44055, 5b5d9be7-1f51-4349-b8ce-df5d5bf715fa:192.168.30.53:40601, 1ff6fe31-ca4e-4bce-97c3-327c0762526d:192.168.30.53:37428] returns group-6637E72C4CD2:java.util.concurrent.CompletableFuture@7587e9da[Not completed]
2019-10-08 18:43:05,622 [pool-423-thread-1] INFO  impl.RaftServerImpl (RaftServerImpl.java:<init>(95)) - 45b9bb25-ae31-4d68-a399-9c41f84c6f1f: new RaftServerImpl for group-6637E72C4CD2:[45b9bb25-ae31-4d68-a399-9c41f84c6f1f:192.168.30.53:44055, 5b5d9be7-1f51-4349-b8ce-df5d5bf715fa:192.168.30.53:40601, 1ff6fe31-ca4e-4bce-97c3-327c0762526d:192.168.30.53:37428] with ContainerStateMachine:uninitialized
2019-10-08 18:43:05,622 [pool-423-thread-1] INFO  server.RaftServerConfigKeys (ConfUtils.java:logGet(43)) - raft.server.rpc.timeout.min = 5s (custom)
2019-10-08 18:43:05,622 [pool-423-thread-1] INFO  server.RaftServerConfigKeys (ConfUtils.java:logGet(43)) - raft.server.rpc.timeout.max = 5200ms (custom)
2019-10-08 18:43:05,622 [pool-423-thread-1] INFO  server.RaftServerConfigKeys (ConfUtils.java:logGet(43)) - raft.server.rpcslowness.timeout = 120s (custom)
2019-10-08 18:43:05,623 [pool-433-thread-1] INFO  impl.RaftServerImpl (RaftServerImpl.java:<init>(95)) - 1ff6fe31-ca4e-4bce-97c3-327c0762526d: new RaftServerImpl for group-6637E72C4CD2:[45b9bb25-ae31-4d68-a399-9c41f84c6f1f:192.168.30.53:44055, 5b5d9be7-1f51-4349-b8ce-df5d5bf715fa:192.168.30.53:40601, 1ff6fe31-ca4e-4bce-97c3-327c0762526d:192.168.30.53:37428] with ContainerStateMachine:uninitialized
2019-10-08 18:43:05,623 [pool-423-thread-1] INFO  server.RaftServerConfigKeys (ConfUtils.java:logGet(43)) - raft.server.sleep.deviation.threshold = 300 (default)
2019-10-08 18:43:05,623 [pool-433-thread-1] INFO  server.RaftServerConfigKeys (ConfUtils.java:logGet(43)) - raft.server.rpc.timeout.min = 5s (custom)
2019-10-08 18:43:05,623 [pool-423-thread-1] INFO  server.RaftServerConfigKeys (ConfUtils.java:logGet(43)) - raft.server.log.appender.install.snapshot.enabled = false (custom)
2019-10-08 18:43:05,623 [pool-433-thread-1] INFO  server.RaftServerConfigKeys (ConfUtils.java:logGet(43)) - raft.server.rpc.timeout.max = 5200ms (custom)
2019-10-08 18:43:05,623 [pool-413-thread-1] INFO  impl.RaftServerImpl (RaftServerImpl.java:<init>(95)) - 5b5d9be7-1f51-4349-b8ce-df5d5bf715fa: new RaftServerImpl for group-6637E72C4CD2:[45b9bb25-ae31-4d68-a399-9c41f84c6f1f:192.168.30.53:44055, 5b5d9be7-1f51-4349-b8ce-df5d5bf715fa:192.168.30.53:40601, 1ff6fe31-ca4e-4bce-97c3-327c0762526d:192.168.30.53:37428] with ContainerStateMachine:uninitialized
2019-10-08 18:43:05,623 [pool-433-thread-1] INFO  server.RaftServerConfigKeys (ConfUtils.java:logGet(43)) - raft.server.rpcslowness.timeout = 120s (custom)
2019-10-08 18:43:05,623 [pool-423-thread-1] INFO  impl.RaftServerImpl (ServerState.java:<init>(103)) - 45b9bb25-ae31-4d68-a399-9c41f84c6f1f@group-6637E72C4CD2: ConfigurationManager, init=-1: [45b9bb25-ae31-4d68-a399-9c41f84c6f1f:192.168.30.53:44055, 5b5d9be7-1f51-4349-b8ce-df5d5bf715fa:192.168.30.53:40601, 1ff6fe31-ca4e-4bce-97c3-327c0762526d:192.168.30.53:37428], old=null, confs=<EMPTY_MAP>
2019-10-08 18:43:05,623 [pool-433-thread-1] INFO  server.RaftServerConfigKeys (ConfUtils.java:logGet(43)) - raft.server.sleep.deviation.threshold = 300 (default)
2019-10-08 18:43:05,623 [pool-413-thread-1] INFO  server.RaftServerConfigKeys (ConfUtils.java:logGet(43)) - raft.server.rpc.timeout.min = 5s (custom)
2019-10-08 18:43:05,624 [pool-433-thread-1] INFO  server.RaftServerConfigKeys (ConfUtils.java:logGet(43)) - raft.server.log.appender.install.snapshot.enabled = false (custom)
2019-10-08 18:43:05,624 [pool-423-thread-1] INFO  server.RaftServerConfigKeys (ConfUtils.java:logGet(43)) - raft.server.storage.dir = [/workdir/hadoop-ozone/integration-test/target/test-dir/MiniOzoneClusterImpl-a6d256fe-17b9-4a9d-b520-d7d5387b904d/datanode-4/data/ratis] (custom)
2019-10-08 18:43:05,624 [pool-433-thread-1] INFO  impl.RaftServerImpl (ServerState.java:<init>(103)) - 1ff6fe31-ca4e-4bce-97c3-327c0762526d@group-6637E72C4CD2: ConfigurationManager, init=-1: [45b9bb25-ae31-4d68-a399-9c41f84c6f1f:192.168.30.53:44055, 5b5d9be7-1f51-4349-b8ce-df5d5bf715fa:192.168.30.53:40601, 1ff6fe31-ca4e-4bce-97c3-327c0762526d:192.168.30.53:37428], old=null, confs=<EMPTY_MAP>
2019-10-08 18:43:05,624 [pool-413-thread-1] INFO  server.RaftServerConfigKeys (ConfUtils.java:logGet(43)) - raft.server.rpc.timeout.max = 5200ms (custom)
2019-10-08 18:43:05,624 [pool-433-thread-1] INFO  server.RaftServerConfigKeys (ConfUtils.java:logGet(43)) - raft.server.storage.dir = [/workdir/hadoop-ozone/integration-test/target/test-dir/MiniOzoneClusterImpl-a6d256fe-17b9-4a9d-b520-d7d5387b904d/datanode-5/data/ratis] (custom)
2019-10-08 18:43:05,624 [pool-413-thread-1] INFO  server.RaftServerConfigKeys (ConfUtils.java:logGet(43)) - raft.server.rpcslowness.timeout = 120s (custom)
2019-10-08 18:43:05,624 [pool-423-thread-1] INFO  server.RaftServerConfigKeys (ConfUtils.java:logGet(43)) - raft.server.log.corruption.policy = EXCEPTION (default)
2019-10-08 18:43:05,624 [pool-433-thread-1] INFO  server.RaftServerConfigKeys (ConfUtils.java:logGet(43)) - raft.server.log.corruption.policy = EXCEPTION (default)
2019-10-08 18:43:05,624 [pool-413-thread-1] INFO  server.RaftServerConfigKeys (ConfUtils.java:logGet(43)) - raft.server.sleep.deviation.threshold = 300 (default)
2019-10-08 18:43:05,625 [pool-433-thread-1] INFO  storage.RaftStorageDirectory (RaftStorageDirectory.java:analyzeStorage(246)) - The storage directory /workdir/hadoop-ozone/integration-test/target/test-dir/MiniOzoneClusterImpl-a6d256fe-17b9-4a9d-b520-d7d5387b904d/datanode-5/data/ratis/720ccb75-198d-4a88-9f3d-6637e72c4cd2 does not exist. Creating ...
2019-10-08 18:43:05,624 [pool-423-thread-1] INFO  storage.RaftStorageDirectory (RaftStorageDirectory.java:analyzeStorage(246)) - The storage directory /workdir/hadoop-ozone/integration-test/target/test-dir/MiniOzoneClusterImpl-a6d256fe-17b9-4a9d-b520-d7d5387b904d/datanode-4/data/ratis/720ccb75-198d-4a88-9f3d-6637e72c4cd2 does not exist. Creating ...
2019-10-08 18:43:05,625 [pool-413-thread-1] INFO  server.RaftServerConfigKeys (ConfUtils.java:logGet(43)) - raft.server.log.appender.install.snapshot.enabled = false (custom)
2019-10-08 18:43:05,625 [pool-413-thread-1] INFO  impl.RaftServerImpl (ServerState.java:<init>(103)) - 5b5d9be7-1f51-4349-b8ce-df5d5bf715fa@group-6637E72C4CD2: ConfigurationManager, init=-1: [45b9bb25-ae31-4d68-a399-9c41f84c6f1f:192.168.30.53:44055, 5b5d9be7-1f51-4349-b8ce-df5d5bf715fa:192.168.30.53:40601, 1ff6fe31-ca4e-4bce-97c3-327c0762526d:192.168.30.53:37428], old=null, confs=<EMPTY_MAP>
2019-10-08 18:43:05,625 [pool-413-thread-1] INFO  server.RaftServerConfigKeys (ConfUtils.java:logGet(43)) - raft.server.storage.dir = [/workdir/hadoop-ozone/integration-test/target/test-dir/MiniOzoneClusterImpl-a6d256fe-17b9-4a9d-b520-d7d5387b904d/datanode-3/data/ratis] (custom)
2019-10-08 18:43:05,625 [pool-413-thread-1] INFO  server.RaftServerConfigKeys (ConfUtils.java:logGet(43)) - raft.server.log.corruption.policy = EXCEPTION (default)
2019-10-08 18:43:05,625 [pool-413-thread-1] INFO  storage.RaftStorageDirectory (RaftStorageDirectory.java:analyzeStorage(246)) - The storage directory /workdir/hadoop-ozone/integration-test/target/test-dir/MiniOzoneClusterImpl-a6d256fe-17b9-4a9d-b520-d7d5387b904d/datanode-3/data/ratis/720ccb75-198d-4a88-9f3d-6637e72c4cd2 does not exist. Creating ...
2019-10-08 18:43:05,638 [pool-423-thread-1] INFO  storage.RaftStorageDirectory (RaftStorageDirectory.java:tryLock(328)) - Lock on /workdir/hadoop-ozone/integration-test/target/test-dir/MiniOzoneClusterImpl-a6d256fe-17b9-4a9d-b520-d7d5387b904d/datanode-4/data/ratis/720ccb75-198d-4a88-9f3d-6637e72c4cd2/in_use.lock acquired by nodename 9249@pr-hdds-1984-jmsdc-1452173494
2019-10-08 18:43:05,638 [pool-413-thread-1] INFO  storage.RaftStorageDirectory (RaftStorageDirectory.java:tryLock(328)) - Lock on /workdir/hadoop-ozone/integration-test/target/test-dir/MiniOzoneClusterImpl-a6d256fe-17b9-4a9d-b520-d7d5387b904d/datanode-3/data/ratis/720ccb75-198d-4a88-9f3d-6637e72c4cd2/in_use.lock acquired by nodename 9249@pr-hdds-1984-jmsdc-1452173494
2019-10-08 18:43:05,638 [pool-433-thread-1] INFO  storage.RaftStorageDirectory (RaftStorageDirectory.java:tryLock(328)) - Lock on /workdir/hadoop-ozone/integration-test/target/test-dir/MiniOzoneClusterImpl-a6d256fe-17b9-4a9d-b520-d7d5387b904d/datanode-5/data/ratis/720ccb75-198d-4a88-9f3d-6637e72c4cd2/in_use.lock acquired by nodename 9249@pr-hdds-1984-jmsdc-1452173494
2019-10-08 18:43:05,652 [pool-433-thread-1] INFO  storage.RaftStorage (RaftStorage.java:format(84)) - Storage directory /workdir/hadoop-ozone/integration-test/target/test-dir/MiniOzoneClusterImpl-a6d256fe-17b9-4a9d-b520-d7d5387b904d/datanode-5/data/ratis/720ccb75-198d-4a88-9f3d-6637e72c4cd2 has been successfully formatted.
2019-10-08 18:43:05,652 [pool-413-thread-1] INFO  storage.RaftStorage (RaftStorage.java:format(84)) - Storage directory /workdir/hadoop-ozone/integration-test/target/test-dir/MiniOzoneClusterImpl-a6d256fe-17b9-4a9d-b520-d7d5387b904d/datanode-3/data/ratis/720ccb75-198d-4a88-9f3d-6637e72c4cd2 has been successfully formatted.
2019-10-08 18:43:05,652 [pool-423-thread-1] INFO  storage.RaftStorage (RaftStorage.java:format(84)) - Storage directory /workdir/hadoop-ozone/integration-test/target/test-dir/MiniOzoneClusterImpl-a6d256fe-17b9-4a9d-b520-d7d5387b904d/datanode-4/data/ratis/720ccb75-198d-4a88-9f3d-6637e72c4cd2 has been successfully formatted.
2019-10-08 18:43:05,652 [pool-433-thread-1] INFO  ratis.ContainerStateMachine (ContainerStateMachine.java:loadSnapshot(231)) - group-6637E72C4CD2: The snapshot info is null. Setting the last applied indexto:(t:0, i:~)
2019-10-08 18:43:05,652 [pool-413-thread-1] INFO  ratis.ContainerStateMachine (ContainerStateMachine.java:loadSnapshot(231)) - group-6637E72C4CD2: The snapshot info is null. Setting the last applied indexto:(t:0, i:~)
2019-10-08 18:43:05,652 [pool-423-thread-1] INFO  ratis.ContainerStateMachine (ContainerStateMachine.java:loadSnapshot(231)) - group-6637E72C4CD2: The snapshot info is null. Setting the last applied indexto:(t:0, i:~)
2019-10-08 18:43:05,652 [pool-433-thread-1] INFO  server.RaftServerConfigKeys (ConfUtils.java:logGet(43)) - raft.server.notification.no-leader.timeout = 120s (custom)
2019-10-08 18:43:05,652 [pool-423-thread-1] INFO  server.RaftServerConfigKeys (ConfUtils.java:logGet(43)) - raft.server.notification.no-leader.timeout = 120s (custom)
2019-10-08 18:43:05,652 [pool-413-thread-1] INFO  server.RaftServerConfigKeys (ConfUtils.java:logGet(43)) - raft.server.notification.no-leader.timeout = 120s (custom)
2019-10-08 18:43:05,653 [pool-423-thread-1] INFO  server.RaftServerConfigKeys (ConfUtils.java:logGet(43)) - raft.server.log.use.memory = false (default)
2019-10-08 18:43:05,652 [pool-433-thread-1] INFO  server.RaftServerConfigKeys (ConfUtils.java:logGet(43)) - raft.server.log.use.memory = false (default)
2019-10-08 18:43:05,653 [pool-423-thread-1] INFO  server.RaftServerConfigKeys (ConfUtils.java:logGet(43)) - raft.server.log.purge.gap = 1000000 (custom)
2019-10-08 18:43:05,653 [pool-413-thread-1] INFO  server.RaftServerConfigKeys (ConfUtils.java:logGet(43)) - raft.server.log.use.memory = false (default)
2019-10-08 18:43:05,653 [pool-423-thread-1] INFO  server.RaftServerConfigKeys (ConfUtils.java:logGet(43)) - raft.server.log.appender.buffer.byte-limit = 33554432 (custom)
2019-10-08 18:43:05,653 [pool-433-thread-1] INFO  server.RaftServerConfigKeys (ConfUtils.java:logGet(43)) - raft.server.log.purge.gap = 1000000 (custom)
2019-10-08 18:43:05,653 [pool-423-thread-1] INFO  server.RaftServerConfigKeys (ConfUtils.java:logGet(43)) - raft.server.log.segment.size.max = 1048576 (custom)
2019-10-08 18:43:05,653 [pool-413-thread-1] INFO  server.RaftServerConfigKeys (ConfUtils.java:logGet(43)) - raft.server.log.purge.gap = 1000000 (custom)
2019-10-08 18:43:05,653 [pool-423-thread-1] INFO  server.RaftServerConfigKeys (ConfUtils.java:logGet(43)) - raft.server.log.segment.cache.num.max = 2 (custom)
2019-10-08 18:43:05,653 [pool-433-thread-1] INFO  server.RaftServerConfigKeys (ConfUtils.java:logGet(43)) - raft.server.log.appender.buffer.byte-limit = 33554432 (custom)
2019-10-08 18:43:05,654 [pool-423-thread-1] INFO  segmented.SegmentedRaftLogWorker (SegmentedRaftLogWorker.java:<init>(173)) - new 45b9bb25-ae31-4d68-a399-9c41f84c6f1f@group-6637E72C4CD2-SegmentedRaftLogWorker for RaftStorage:Storage Directory /workdir/hadoop-ozone/integration-test/target/test-dir/MiniOzoneClusterImpl-a6d256fe-17b9-4a9d-b520-d7d5387b904d/datanode-4/data/ratis/720ccb75-198d-4a88-9f3d-6637e72c4cd2
2019-10-08 18:43:05,653 [pool-413-thread-1] INFO  server.RaftServerConfigKeys (ConfUtils.java:logGet(43)) - raft.server.log.appender.buffer.byte-limit = 33554432 (custom)
2019-10-08 18:43:05,654 [pool-423-thread-1] INFO  server.RaftServerConfigKeys (ConfUtils.java:logGet(43)) - raft.server.log.queue.byte-limit = 2147483647 (custom)
2019-10-08 18:43:05,654 [pool-433-thread-1] INFO  server.RaftServerConfigKeys (ConfUtils.java:logGet(43)) - raft.server.log.segment.size.max = 1048576 (custom)
2019-10-08 18:43:05,654 [pool-423-thread-1] INFO  server.RaftServerConfigKeys (ConfUtils.java:logGet(43)) - raft.server.log.queue.element-limit = 1024 (custom)
2019-10-08 18:43:05,654 [pool-413-thread-1] INFO  server.RaftServerConfigKeys (ConfUtils.java:logGet(43)) - raft.server.log.segment.size.max = 1048576 (custom)
2019-10-08 18:43:05,654 [pool-423-thread-1] INFO  server.RaftServerConfigKeys (ConfUtils.java:logGet(43)) - raft.server.log.segment.size.max = 1048576 (custom)
2019-10-08 18:43:05,654 [pool-433-thread-1] INFO  server.RaftServerConfigKeys (ConfUtils.java:logGet(43)) - raft.server.log.segment.cache.num.max = 2 (custom)
2019-10-08 18:43:05,654 [pool-423-thread-1] INFO  server.RaftServerConfigKeys (ConfUtils.java:logGet(43)) - raft.server.log.preallocated.size = 16384 (custom)
2019-10-08 18:43:05,654 [pool-413-thread-1] INFO  server.RaftServerConfigKeys (ConfUtils.java:logGet(43)) - raft.server.log.segment.cache.num.max = 2 (custom)
2019-10-08 18:43:05,655 [pool-423-thread-1] INFO  server.RaftServerConfigKeys (ConfUtils.java:logGet(43)) - raft.server.log.write.buffer.size = 33554432 (custom)
2019-10-08 18:43:05,655 [pool-433-thread-1] INFO  segmented.SegmentedRaftLogWorker (SegmentedRaftLogWorker.java:<init>(173)) - new 1ff6fe31-ca4e-4bce-97c3-327c0762526d@group-6637E72C4CD2-SegmentedRaftLogWorker for RaftStorage:Storage Directory /workdir/hadoop-ozone/integration-test/target/test-dir/MiniOzoneClusterImpl-a6d256fe-17b9-4a9d-b520-d7d5387b904d/datanode-5/data/ratis/720ccb75-198d-4a88-9f3d-6637e72c4cd2
2019-10-08 18:43:05,655 [pool-423-thread-1] INFO  server.RaftServerConfigKeys (ConfUtils.java:logGet(43)) - raft.server.log.force.sync.num = 128 (default)
2019-10-08 18:43:05,655 [pool-413-thread-1] INFO  segmented.SegmentedRaftLogWorker (SegmentedRaftLogWorker.java:<init>(173)) - new 5b5d9be7-1f51-4349-b8ce-df5d5bf715fa@group-6637E72C4CD2-SegmentedRaftLogWorker for RaftStorage:Storage Directory /workdir/hadoop-ozone/integration-test/target/test-dir/MiniOzoneClusterImpl-a6d256fe-17b9-4a9d-b520-d7d5387b904d/datanode-3/data/ratis/720ccb75-198d-4a88-9f3d-6637e72c4cd2
2019-10-08 18:43:05,655 [pool-423-thread-1] INFO  server.RaftServerConfigKeys (ConfUtils.java:logGet(43)) - raft.server.log.statemachine.data.sync = true (default)
2019-10-08 18:43:05,655 [pool-433-thread-1] INFO  server.RaftServerConfigKeys (ConfUtils.java:logGet(43)) - raft.server.log.queue.byte-limit = 2147483647 (custom)
2019-10-08 18:43:05,655 [pool-423-thread-1] INFO  server.RaftServerConfigKeys (ConfUtils.java:logGet(43)) - raft.server.log.statemachine.data.sync.timeout = 10s (default)
2019-10-08 18:43:05,655 [pool-413-thread-1] INFO  server.RaftServerConfigKeys (ConfUtils.java:logGet(43)) - raft.server.log.queue.byte-limit = 2147483647 (custom)
2019-10-08 18:43:05,655 [pool-423-thread-1] INFO  server.RaftServerConfigKeys (ConfUtils.java:logGet(43)) - raft.server.log.statemachine.data.sync.timeout.retry = -1 (default)
2019-10-08 18:43:05,655 [pool-433-thread-1] INFO  server.RaftServerConfigKeys (ConfUtils.java:logGet(43)) - raft.server.log.queue.element-limit = 1024 (custom)
2019-10-08 18:43:05,656 [pool-423-thread-1] INFO  server.RaftServerConfigKeys (ConfUtils.java:logGet(43)) - raft.server.log.statemachine.data.caching.enabled = true (custom)
2019-10-08 18:43:05,656 [pool-433-thread-1] INFO  server.RaftServerConfigKeys (ConfUtils.java:logGet(43)) - raft.server.log.segment.size.max = 1048576 (custom)
2019-10-08 18:43:05,656 [pool-413-thread-1] INFO  server.RaftServerConfigKeys (ConfUtils.java:logGet(43)) - raft.server.log.queue.element-limit = 1024 (custom)
2019-10-08 18:43:05,656 [pool-423-thread-1] INFO  segmented.SegmentedRaftLogWorker (SegmentedRaftLogWorker.java:lambda$new$0(128)) - 45b9bb25-ae31-4d68-a399-9c41f84c6f1f@group-6637E72C4CD2-SegmentedRaftLogWorker: flushIndex: setUnconditionally 0 -> -1
2019-10-08 18:43:05,656 [pool-433-thread-1] INFO  server.RaftServerConfigKeys (ConfUtils.java:logGet(43)) - raft.server.log.preallocated.size = 16384 (custom)
2019-10-08 18:43:05,656 [pool-413-thread-1] INFO  server.RaftServerConfigKeys (ConfUtils.java:logGet(43)) - raft.server.log.segment.size.max = 1048576 (custom)
2019-10-08 18:43:05,656 [pool-423-thread-1] INFO  server.RaftServerConfigKeys (ConfUtils.java:logGet(43)) - raft.server.snapshot.auto.trigger.enabled = true (custom)
2019-10-08 18:43:05,656 [pool-433-thread-1] INFO  server.RaftServerConfigKeys (ConfUtils.java:logGet(43)) - raft.server.log.write.buffer.size = 33554432 (custom)
2019-10-08 18:43:05,656 [pool-423-thread-1] INFO  server.RaftServerConfigKeys (ConfUtils.java:logGet(43)) - raft.server.snapshot.auto.trigger.threshold = 10000 (custom)
2019-10-08 18:43:05,656 [pool-413-thread-1] INFO  server.RaftServerConfigKeys (ConfUtils.java:logGet(43)) - raft.server.log.preallocated.size = 16384 (custom)
2019-10-08 18:43:05,657 [pool-423-thread-1] INFO  server.RaftServerConfigKeys (ConfUtils.java:logGet(43)) - raft.server.snapshot.retention.file.num = 5 (custom)
2019-10-08 18:43:05,657 [pool-433-thread-1] INFO  server.RaftServerConfigKeys (ConfUtils.java:logGet(43)) - raft.server.log.force.sync.num = 128 (default)
2019-10-08 18:43:05,657 [pool-423-thread-1] INFO  server.RaftServerConfigKeys (ConfUtils.java:logGet(43)) - raft.server.retrycache.expirytime = 600000ms (custom)
2019-10-08 18:43:05,657 [pool-413-thread-1] INFO  server.RaftServerConfigKeys (ConfUtils.java:logGet(43)) - raft.server.log.write.buffer.size = 33554432 (custom)
2019-10-08 18:43:05,657 [pool-433-thread-1] INFO  server.RaftServerConfigKeys (ConfUtils.java:logGet(43)) - raft.server.log.statemachine.data.sync = true (default)
2019-10-08 18:43:05,657 [pool-413-thread-1] INFO  server.RaftServerConfigKeys (ConfUtils.java:logGet(43)) - raft.server.log.force.sync.num = 128 (default)
2019-10-08 18:43:05,657 [pool-433-thread-1] INFO  server.RaftServerConfigKeys (ConfUtils.java:logGet(43)) - raft.server.log.statemachine.data.sync.timeout = 10s (default)
2019-10-08 18:43:05,657 [pool-413-thread-1] INFO  server.RaftServerConfigKeys (ConfUtils.java:logGet(43)) - raft.server.log.statemachine.data.sync = true (default)
2019-10-08 18:43:05,657 [pool-433-thread-1] INFO  server.RaftServerConfigKeys (ConfUtils.java:logGet(43)) - raft.server.log.statemachine.data.sync.timeout.retry = -1 (default)
2019-10-08 18:43:05,658 [pool-413-thread-1] INFO  server.RaftServerConfigKeys (ConfUtils.java:logGet(43)) - raft.server.log.statemachine.data.sync.timeout = 10s (default)
2019-10-08 18:43:05,658 [pool-433-thread-1] INFO  server.RaftServerConfigKeys (ConfUtils.java:logGet(43)) - raft.server.log.statemachine.data.caching.enabled = true (custom)
2019-10-08 18:43:05,658 [pool-413-thread-1] INFO  server.RaftServerConfigKeys (ConfUtils.java:logGet(43)) - raft.server.log.statemachine.data.sync.timeout.retry = -1 (default)
2019-10-08 18:43:05,658 [pool-433-thread-1] INFO  segmented.SegmentedRaftLogWorker (SegmentedRaftLogWorker.java:lambda$new$0(128)) - 1ff6fe31-ca4e-4bce-97c3-327c0762526d@group-6637E72C4CD2-SegmentedRaftLogWorker: flushIndex: setUnconditionally 0 -> -1
2019-10-08 18:43:05,658 [pool-413-thread-1] INFO  server.RaftServerConfigKeys (ConfUtils.java:logGet(43)) - raft.server.log.statemachine.data.caching.enabled = true (custom)
2019-10-08 18:43:05,658 [pool-433-thread-1] INFO  server.RaftServerConfigKeys (ConfUtils.java:logGet(43)) - raft.server.snapshot.auto.trigger.enabled = true (custom)
2019-10-08 18:43:05,658 [pool-433-thread-1] INFO  server.RaftServerConfigKeys (ConfUtils.java:logGet(43)) - raft.server.snapshot.auto.trigger.threshold = 10000 (custom)
2019-10-08 18:43:05,658 [pool-413-thread-1] INFO  segmented.SegmentedRaftLogWorker (SegmentedRaftLogWorker.java:lambda$new$0(128)) - 5b5d9be7-1f51-4349-b8ce-df5d5bf715fa@group-6637E72C4CD2-SegmentedRaftLogWorker: flushIndex: setUnconditionally 0 -> -1
2019-10-08 18:43:05,658 [pool-433-thread-1] INFO  server.RaftServerConfigKeys (ConfUtils.java:logGet(43)) - raft.server.snapshot.retention.file.num = 5 (custom)
2019-10-08 18:43:05,658 [pool-433-thread-1] INFO  server.RaftServerConfigKeys (ConfUtils.java:logGet(43)) - raft.server.retrycache.expirytime = 600000ms (custom)
2019-10-08 18:43:05,658 [pool-413-thread-1] INFO  server.RaftServerConfigKeys (ConfUtils.java:logGet(43)) - raft.server.snapshot.auto.trigger.enabled = true (custom)
2019-10-08 18:43:05,659 [pool-423-thread-1] INFO  impl.RaftServerImpl (RaftServerImpl.java:start(181)) - 45b9bb25-ae31-4d68-a399-9c41f84c6f1f@group-6637E72C4CD2: start as a follower, conf=-1: [45b9bb25-ae31-4d68-a399-9c41f84c6f1f:192.168.30.53:44055, 5b5d9be7-1f51-4349-b8ce-df5d5bf715fa:192.168.30.53:40601, 1ff6fe31-ca4e-4bce-97c3-327c0762526d:192.168.30.53:37428], old=null
2019-10-08 18:43:05,659 [pool-413-thread-1] INFO  server.RaftServerConfigKeys (ConfUtils.java:logGet(43)) - raft.server.snapshot.auto.trigger.threshold = 10000 (custom)
2019-10-08 18:43:05,659 [pool-423-thread-1] INFO  impl.RaftServerImpl (RaftServerImpl.java:setRole(170)) - 45b9bb25-ae31-4d68-a399-9c41f84c6f1f@group-6637E72C4CD2: changes role from      null to FOLLOWER at term 0 for startAsFollower
2019-10-08 18:43:05,659 [pool-413-thread-1] INFO  server.RaftServerConfigKeys (ConfUtils.java:logGet(43)) - raft.server.snapshot.retention.file.num = 5 (custom)
2019-10-08 18:43:05,659 [pool-423-thread-1] INFO  impl.RoleInfo (RoleInfo.java:updateAndGet(143)) - 45b9bb25-ae31-4d68-a399-9c41f84c6f1f: start FollowerState
2019-10-08 18:43:05,659 [pool-413-thread-1] INFO  server.RaftServerConfigKeys (ConfUtils.java:logGet(43)) - raft.server.retrycache.expirytime = 600000ms (custom)
2019-10-08 18:43:05,659 [pool-423-thread-1] INFO  util.JmxRegister (JmxRegister.java:tryRegister(44)) - Successfully registered JMX Bean with object name Ratis:service=RaftServer,group=group-6637E72C4CD2,id=45b9bb25-ae31-4d68-a399-9c41f84c6f1f
2019-10-08 18:43:05,659 [pool-433-thread-1] INFO  impl.RaftServerImpl (RaftServerImpl.java:start(181)) - 1ff6fe31-ca4e-4bce-97c3-327c0762526d@group-6637E72C4CD2: start as a follower, conf=-1: [45b9bb25-ae31-4d68-a399-9c41f84c6f1f:192.168.30.53:44055, 5b5d9be7-1f51-4349-b8ce-df5d5bf715fa:192.168.30.53:40601, 1ff6fe31-ca4e-4bce-97c3-327c0762526d:192.168.30.53:37428], old=null
2019-10-08 18:43:05,659 [pool-433-thread-1] INFO  impl.RaftServerImpl (RaftServerImpl.java:setRole(170)) - 1ff6fe31-ca4e-4bce-97c3-327c0762526d@group-6637E72C4CD2: changes role from      null to FOLLOWER at term 0 for startAsFollower
2019-10-08 18:43:05,661 [pool-433-thread-1] INFO  impl.RoleInfo (RoleInfo.java:updateAndGet(143)) - 1ff6fe31-ca4e-4bce-97c3-327c0762526d: start FollowerState
2019-10-08 18:43:05,661 [pool-433-thread-1] INFO  util.JmxRegister (JmxRegister.java:tryRegister(44)) - Successfully registered JMX Bean with object name Ratis:service=RaftServer,group=group-6637E72C4CD2,id=1ff6fe31-ca4e-4bce-97c3-327c0762526d
2019-10-08 18:43:05,663 [pool-413-thread-1] INFO  impl.RaftServerImpl (RaftServerImpl.java:start(181)) - 5b5d9be7-1f51-4349-b8ce-df5d5bf715fa@group-6637E72C4CD2: start as a follower, conf=-1: [45b9bb25-ae31-4d68-a399-9c41f84c6f1f:192.168.30.53:44055, 5b5d9be7-1f51-4349-b8ce-df5d5bf715fa:192.168.30.53:40601, 1ff6fe31-ca4e-4bce-97c3-327c0762526d:192.168.30.53:37428], old=null
2019-10-08 18:43:05,663 [pool-413-thread-1] INFO  impl.RaftServerImpl (RaftServerImpl.java:setRole(170)) - 5b5d9be7-1f51-4349-b8ce-df5d5bf715fa@group-6637E72C4CD2: changes role from      null to FOLLOWER at term 0 for startAsFollower
2019-10-08 18:43:05,664 [pool-413-thread-1] INFO  impl.RoleInfo (RoleInfo.java:updateAndGet(143)) - 5b5d9be7-1f51-4349-b8ce-df5d5bf715fa: start FollowerState
2019-10-08 18:43:05,664 [pool-413-thread-1] INFO  util.JmxRegister (JmxRegister.java:tryRegister(44)) - Successfully registered JMX Bean with object name Ratis:service=RaftServer,group=group-6637E72C4CD2,id=5b5d9be7-1f51-4349-b8ce-df5d5bf715fa
2019-10-08 18:43:05,667 [RatisPipelineUtilsThread] INFO  pipeline.PipelineStateManager (PipelineStateManager.java:addPipeline(56)) - Created pipeline Pipeline[ Id: 720ccb75-198d-4a88-9f3d-6637e72c4cd2, Nodes: 1ff6fe31-ca4e-4bce-97c3-327c0762526d{ip: 192.168.30.53, host: pr-hdds-1984-jmsdc-1452173494, networkLocation: /default-rack, certSerialId: null}5b5d9be7-1f51-4349-b8ce-df5d5bf715fa{ip: 192.168.30.53, host: pr-hdds-1984-jmsdc-1452173494, networkLocation: /default-rack, certSerialId: null}45b9bb25-ae31-4d68-a399-9c41f84c6f1f{ip: 192.168.30.53, host: pr-hdds-1984-jmsdc-1452173494, networkLocation: /default-rack, certSerialId: null}, Type:RATIS, Factor:THREE, State:OPEN]
2019-10-08 18:43:06,524 [main] INFO  ozone.MiniOzoneClusterImpl (MiniOzoneClusterImpl.java:lambda$waitForClusterToBeReady$0(147)) - Cluster is ready. Got 7 of 7 DN Heartbeats.
2019-10-08 18:43:06,577 [main] INFO  rpc.RpcClient (RpcClient.java:createVolume(277)) - Creating Volume: watchforcommithandlingtest, with jenkins1000 as owner.
2019-10-08 18:43:06,581 [IPC Server handler 0 on 40309] INFO  volume.OMVolumeCreateRequest (OMVolumeCreateRequest.java:validateAndUpdateCache(193)) - created volume:watchforcommithandlingtest for user:jenkins1000
2019-10-08 18:43:06,600 [main] INFO  rpc.RpcClient (RpcClient.java:createBucket(416)) - Creating Bucket: watchforcommithandlingtest/watchforcommithandlingtest, with Versioning false and Storage Type set to DISK and Encryption set to false 
2019-10-08 18:43:06,605 [main] INFO  ozone.MiniOzoneClusterImpl (MiniOzoneClusterImpl.java:getStorageContainerLocationClient(234)) - Creating StorageContainerLocationProtocol RPC client with address /0.0.0.0:33029
2019-10-08 18:43:08,120 [Thread-2365] INFO  container.ReplicationManager (ReplicationManager.java:start(162)) - Starting Replication Monitor Thread.
2019-10-08 18:43:08,126 [ReplicationMonitor] INFO  container.ReplicationManager (ReplicationManager.java:run(225)) - Replication Monitor Thread took 1 milliseconds for processing 1 containers.
2019-10-08 18:43:10,203 [Thread-2367] INFO  impl.FollowerState (FollowerState.java:run(108)) - 4799d071-0706-4d7e-bea6-a2942a6423af@group-6A15E82A5F7F-FollowerState: change to CANDIDATE, lastRpcTime:5042ms, electionTimeout:5042ms
2019-10-08 18:43:10,204 [Thread-2367] INFO  impl.RoleInfo (RoleInfo.java:shutdownFollowerState(121)) - 4799d071-0706-4d7e-bea6-a2942a6423af: shutdown FollowerState
2019-10-08 18:43:10,204 [Thread-2367] INFO  impl.RaftServerImpl (RaftServerImpl.java:setRole(170)) - 4799d071-0706-4d7e-bea6-a2942a6423af@group-6A15E82A5F7F: changes role from  FOLLOWER to CANDIDATE at term 0 for changeToCandidate
2019-10-08 18:43:10,204 [Thread-2367] INFO  impl.RoleInfo (RoleInfo.java:updateAndGet(143)) - 4799d071-0706-4d7e-bea6-a2942a6423af: start LeaderElection
2019-10-08 18:43:10,228 [4799d071-0706-4d7e-bea6-a2942a6423af@group-6A15E82A5F7F-LeaderElection65] INFO  impl.LeaderElection (LeaderElection.java:askForVotes(178)) - 4799d071-0706-4d7e-bea6-a2942a6423af@group-6A15E82A5F7F-LeaderElection65: begin an election at term 1 for -1: [4799d071-0706-4d7e-bea6-a2942a6423af:192.168.30.53:39953], old=null
2019-10-08 18:43:10,228 [4799d071-0706-4d7e-bea6-a2942a6423af@group-6A15E82A5F7F-LeaderElection65] INFO  impl.RoleInfo (RoleInfo.java:shutdownLeaderElection(134)) - 4799d071-0706-4d7e-bea6-a2942a6423af: shutdown LeaderElection
2019-10-08 18:43:10,228 [4799d071-0706-4d7e-bea6-a2942a6423af@group-6A15E82A5F7F-LeaderElection65] INFO  impl.RaftServerImpl (RaftServerImpl.java:setRole(170)) - 4799d071-0706-4d7e-bea6-a2942a6423af@group-6A15E82A5F7F: changes role from CANDIDATE to LEADER at term 1 for changeToLeader
2019-10-08 18:43:10,229 [4799d071-0706-4d7e-bea6-a2942a6423af@group-6A15E82A5F7F-LeaderElection65] INFO  impl.RaftServerImpl (ServerState.java:setLeader(255)) - 4799d071-0706-4d7e-bea6-a2942a6423af@group-6A15E82A5F7F: change Leader from null to 4799d071-0706-4d7e-bea6-a2942a6423af at term 1 for becomeLeader, leader elected after 5074ms
2019-10-08 18:43:10,229 [4799d071-0706-4d7e-bea6-a2942a6423af@group-6A15E82A5F7F-LeaderElection65] INFO  server.RaftServerConfigKeys (ConfUtils.java:logGet(43)) - raft.server.staging.catchup.gap = 1000 (default)
2019-10-08 18:43:10,229 [4799d071-0706-4d7e-bea6-a2942a6423af@group-6A15E82A5F7F-LeaderElection65] INFO  server.RaftServerConfigKeys (ConfUtils.java:logGet(43)) - raft.server.rpc.sleep.time = 25ms (default)
2019-10-08 18:43:10,230 [4799d071-0706-4d7e-bea6-a2942a6423af@group-6A15E82A5F7F-LeaderElection65] INFO  server.RaftServerConfigKeys (ConfUtils.java:logGet(43)) - raft.server.write.element-limit = 4096 (default)
2019-10-08 18:43:10,230 [4799d071-0706-4d7e-bea6-a2942a6423af@group-6A15E82A5F7F-LeaderElection65] INFO  server.RaftServerConfigKeys (ConfUtils.java:logGet(43)) - raft.server.watch.timeout = 10s (default)
2019-10-08 18:43:10,230 [4799d071-0706-4d7e-bea6-a2942a6423af@group-6A15E82A5F7F-LeaderElection65] INFO  server.RaftServerConfigKeys (ConfUtils.java:logGet(43)) - raft.server.watch.timeout.denomination = 1s (default)
2019-10-08 18:43:10,230 [4799d071-0706-4d7e-bea6-a2942a6423af@group-6A15E82A5F7F-LeaderElection65] INFO  server.RaftServerConfigKeys (ConfUtils.java:logGet(43)) - raft.server.watch.element-limit = 65536 (default)
2019-10-08 18:43:10,233 [4799d071-0706-4d7e-bea6-a2942a6423af@group-6A15E82A5F7F-LeaderElection65] INFO  impl.RoleInfo (RoleInfo.java:updateAndGet(143)) - 4799d071-0706-4d7e-bea6-a2942a6423af: start LeaderState
2019-10-08 18:43:10,234 [4799d071-0706-4d7e-bea6-a2942a6423af@group-6A15E82A5F7F-LeaderElection65] INFO  segmented.SegmentedRaftLogWorker (SegmentedRaftLogWorker.java:startLogSegment(385)) - 4799d071-0706-4d7e-bea6-a2942a6423af@group-6A15E82A5F7F-SegmentedRaftLogWorker: Starting segment from index:0
2019-10-08 18:43:10,235 [4799d071-0706-4d7e-bea6-a2942a6423af@group-6A15E82A5F7F-LeaderElection65] INFO  impl.RaftServerImpl (ServerState.java:setRaftConf(356)) - 4799d071-0706-4d7e-bea6-a2942a6423af@group-6A15E82A5F7F: set configuration 0: [4799d071-0706-4d7e-bea6-a2942a6423af:192.168.30.53:39953], old=null at 0
2019-10-08 18:43:10,279 [4799d071-0706-4d7e-bea6-a2942a6423af@group-6A15E82A5F7F-SegmentedRaftLogWorker] INFO  segmented.SegmentedRaftLogWorker (SegmentedRaftLogWorker.java:execute(574)) - 4799d071-0706-4d7e-bea6-a2942a6423af@group-6A15E82A5F7F-SegmentedRaftLogWorker: created new log segment /workdir/hadoop-ozone/integration-test/target/test-dir/MiniOzoneClusterImpl-a6d256fe-17b9-4a9d-b520-d7d5387b904d/datanode-0/data/ratis/4cd1bf23-107d-4ef5-ba8d-6a15e82a5f7f/current/log_inprogress_0
2019-10-08 18:43:10,359 [Thread-2370] INFO  impl.FollowerState (FollowerState.java:run(108)) - aa548c8e-ad7a-464f-a14b-750fff37b319@group-F5BFAB34F4A3-FollowerState: change to CANDIDATE, lastRpcTime:5148ms, electionTimeout:5148ms
2019-10-08 18:43:10,359 [Thread-2370] INFO  impl.RoleInfo (RoleInfo.java:shutdownFollowerState(121)) - aa548c8e-ad7a-464f-a14b-750fff37b319: shutdown FollowerState
2019-10-08 18:43:10,360 [Thread-2370] INFO  impl.RaftServerImpl (RaftServerImpl.java:setRole(170)) - aa548c8e-ad7a-464f-a14b-750fff37b319@group-F5BFAB34F4A3: changes role from  FOLLOWER to CANDIDATE at term 0 for changeToCandidate
2019-10-08 18:43:10,360 [Thread-2370] INFO  impl.RoleInfo (RoleInfo.java:updateAndGet(143)) - aa548c8e-ad7a-464f-a14b-750fff37b319: start LeaderElection
2019-10-08 18:43:10,373 [Thread-2376] INFO  impl.FollowerState (FollowerState.java:run(108)) - 4799d071-0706-4d7e-bea6-a2942a6423af@group-2BAF55E57DFB-FollowerState: change to CANDIDATE, lastRpcTime:5025ms, electionTimeout:5025ms
2019-10-08 18:43:10,373 [Thread-2376] INFO  impl.RoleInfo (RoleInfo.java:shutdownFollowerState(121)) - 4799d071-0706-4d7e-bea6-a2942a6423af: shutdown FollowerState
2019-10-08 18:43:10,373 [Thread-2376] INFO  impl.RaftServerImpl (RaftServerImpl.java:setRole(170)) - 4799d071-0706-4d7e-bea6-a2942a6423af@group-2BAF55E57DFB: changes role from  FOLLOWER to CANDIDATE at term 0 for changeToCandidate
2019-10-08 18:43:10,373 [Thread-2376] INFO  impl.RoleInfo (RoleInfo.java:updateAndGet(143)) - 4799d071-0706-4d7e-bea6-a2942a6423af: start LeaderElection
2019-10-08 18:43:10,385 [aa548c8e-ad7a-464f-a14b-750fff37b319@group-F5BFAB34F4A3-LeaderElection66] INFO  impl.LeaderElection (LeaderElection.java:askForVotes(178)) - aa548c8e-ad7a-464f-a14b-750fff37b319@group-F5BFAB34F4A3-LeaderElection66: begin an election at term 1 for -1: [aa548c8e-ad7a-464f-a14b-750fff37b319:192.168.30.53:33676], old=null
2019-10-08 18:43:10,385 [4799d071-0706-4d7e-bea6-a2942a6423af@group-2BAF55E57DFB-LeaderElection67] INFO  impl.LeaderElection (LeaderElection.java:askForVotes(178)) - 4799d071-0706-4d7e-bea6-a2942a6423af@group-2BAF55E57DFB-LeaderElection67: begin an election at term 1 for -1: [4799d071-0706-4d7e-bea6-a2942a6423af:192.168.30.53:39953, aa548c8e-ad7a-464f-a14b-750fff37b319:192.168.30.53:33676, 37dc53b4-77b9-4af3-bb45-092787be41b0:192.168.30.53:33281], old=null
2019-10-08 18:43:10,385 [aa548c8e-ad7a-464f-a14b-750fff37b319@group-F5BFAB34F4A3-LeaderElection66] INFO  impl.RoleInfo (RoleInfo.java:shutdownLeaderElection(134)) - aa548c8e-ad7a-464f-a14b-750fff37b319: shutdown LeaderElection
2019-10-08 18:43:10,385 [aa548c8e-ad7a-464f-a14b-750fff37b319@group-F5BFAB34F4A3-LeaderElection66] INFO  impl.RaftServerImpl (RaftServerImpl.java:setRole(170)) - aa548c8e-ad7a-464f-a14b-750fff37b319@group-F5BFAB34F4A3: changes role from CANDIDATE to LEADER at term 1 for changeToLeader
2019-10-08 18:43:10,385 [aa548c8e-ad7a-464f-a14b-750fff37b319@group-F5BFAB34F4A3-LeaderElection66] INFO  impl.RaftServerImpl (ServerState.java:setLeader(255)) - aa548c8e-ad7a-464f-a14b-750fff37b319@group-F5BFAB34F4A3: change Leader from null to aa548c8e-ad7a-464f-a14b-750fff37b319 at term 1 for becomeLeader, leader elected after 5179ms
2019-10-08 18:43:10,385 [aa548c8e-ad7a-464f-a14b-750fff37b319@group-F5BFAB34F4A3-LeaderElection66] INFO  server.RaftServerConfigKeys (ConfUtils.java:logGet(43)) - raft.server.staging.catchup.gap = 1000 (default)
2019-10-08 18:43:10,385 [aa548c8e-ad7a-464f-a14b-750fff37b319@group-F5BFAB34F4A3-LeaderElection66] INFO  server.RaftServerConfigKeys (ConfUtils.java:logGet(43)) - raft.server.rpc.sleep.time = 25ms (default)
2019-10-08 18:43:10,386 [aa548c8e-ad7a-464f-a14b-750fff37b319@group-F5BFAB34F4A3-LeaderElection66] INFO  server.RaftServerConfigKeys (ConfUtils.java:logGet(43)) - raft.server.write.element-limit = 4096 (default)
2019-10-08 18:43:10,386 [aa548c8e-ad7a-464f-a14b-750fff37b319@group-F5BFAB34F4A3-LeaderElection66] INFO  server.RaftServerConfigKeys (ConfUtils.java:logGet(43)) - raft.server.watch.timeout = 10s (default)
2019-10-08 18:43:10,386 [aa548c8e-ad7a-464f-a14b-750fff37b319@group-F5BFAB34F4A3-LeaderElection66] INFO  server.RaftServerConfigKeys (ConfUtils.java:logGet(43)) - raft.server.watch.timeout.denomination = 1s (default)
2019-10-08 18:43:10,386 [aa548c8e-ad7a-464f-a14b-750fff37b319@group-F5BFAB34F4A3-LeaderElection66] INFO  server.RaftServerConfigKeys (ConfUtils.java:logGet(43)) - raft.server.watch.element-limit = 65536 (default)
2019-10-08 18:43:10,388 [aa548c8e-ad7a-464f-a14b-750fff37b319@group-F5BFAB34F4A3-LeaderElection66] INFO  impl.RoleInfo (RoleInfo.java:updateAndGet(143)) - aa548c8e-ad7a-464f-a14b-750fff37b319: start LeaderState
2019-10-08 18:43:10,388 [aa548c8e-ad7a-464f-a14b-750fff37b319@group-F5BFAB34F4A3-LeaderElection66] INFO  segmented.SegmentedRaftLogWorker (SegmentedRaftLogWorker.java:startLogSegment(385)) - aa548c8e-ad7a-464f-a14b-750fff37b319@group-F5BFAB34F4A3-SegmentedRaftLogWorker: Starting segment from index:0
2019-10-08 18:43:10,389 [aa548c8e-ad7a-464f-a14b-750fff37b319@group-F5BFAB34F4A3-LeaderElection66] INFO  impl.RaftServerImpl (ServerState.java:setRaftConf(356)) - aa548c8e-ad7a-464f-a14b-750fff37b319@group-F5BFAB34F4A3: set configuration 0: [aa548c8e-ad7a-464f-a14b-750fff37b319:192.168.30.53:33676], old=null at 0
2019-10-08 18:43:10,390 [grpc-default-executor-0] INFO  impl.RaftServerImpl (RaftServerImpl.java:setRole(170)) - 37dc53b4-77b9-4af3-bb45-092787be41b0@group-2BAF55E57DFB: changes role from  FOLLOWER to FOLLOWER at term 1 for recognizeCandidate:4799d071-0706-4d7e-bea6-a2942a6423af
2019-10-08 18:43:10,390 [grpc-default-executor-4] INFO  impl.RaftServerImpl (RaftServerImpl.java:setRole(170)) - aa548c8e-ad7a-464f-a14b-750fff37b319@group-2BAF55E57DFB: changes role from  FOLLOWER to FOLLOWER at term 1 for recognizeCandidate:4799d071-0706-4d7e-bea6-a2942a6423af
2019-10-08 18:43:10,390 [grpc-default-executor-0] INFO  impl.RoleInfo (RoleInfo.java:shutdownFollowerState(121)) - 37dc53b4-77b9-4af3-bb45-092787be41b0: shutdown FollowerState
2019-10-08 18:43:10,390 [grpc-default-executor-4] INFO  impl.RoleInfo (RoleInfo.java:shutdownFollowerState(121)) - aa548c8e-ad7a-464f-a14b-750fff37b319: shutdown FollowerState
2019-10-08 18:43:10,390 [Thread-2381] INFO  impl.FollowerState (FollowerState.java:run(117)) - 37dc53b4-77b9-4af3-bb45-092787be41b0@group-2BAF55E57DFB-FollowerState was interrupted: java.lang.InterruptedException: sleep interrupted
2019-10-08 18:43:10,390 [grpc-default-executor-4] INFO  impl.RoleInfo (RoleInfo.java:updateAndGet(143)) - aa548c8e-ad7a-464f-a14b-750fff37b319: start FollowerState
2019-10-08 18:43:10,390 [grpc-default-executor-0] INFO  impl.RoleInfo (RoleInfo.java:updateAndGet(143)) - 37dc53b4-77b9-4af3-bb45-092787be41b0: start FollowerState
2019-10-08 18:43:10,424 [Thread-2379] INFO  impl.FollowerState (FollowerState.java:run(117)) - aa548c8e-ad7a-464f-a14b-750fff37b319@group-2BAF55E57DFB-FollowerState was interrupted: java.lang.InterruptedException: sleep interrupted
2019-10-08 18:43:10,437 [aa548c8e-ad7a-464f-a14b-750fff37b319@group-F5BFAB34F4A3-SegmentedRaftLogWorker] INFO  segmented.SegmentedRaftLogWorker (SegmentedRaftLogWorker.java:execute(574)) - aa548c8e-ad7a-464f-a14b-750fff37b319@group-F5BFAB34F4A3-SegmentedRaftLogWorker: created new log segment /workdir/hadoop-ozone/integration-test/target/test-dir/MiniOzoneClusterImpl-a6d256fe-17b9-4a9d-b520-d7d5387b904d/datanode-1/data/ratis/3aa2fcb8-3f4e-495f-9c47-f5bfab34f4a3/current/log_inprogress_0
2019-10-08 18:43:10,438 [4799d071-0706-4d7e-bea6-a2942a6423af@group-2BAF55E57DFB-LeaderElection67] INFO  impl.LeaderElection (LeaderElection.java:logAndReturn(56)) - 4799d071-0706-4d7e-bea6-a2942a6423af@group-2BAF55E57DFB-LeaderElection67: Election PASSED; received 1 response(s) [4799d071-0706-4d7e-bea6-a2942a6423af<-37dc53b4-77b9-4af3-bb45-092787be41b0#0:OK-t1] and 0 exception(s); 4799d071-0706-4d7e-bea6-a2942a6423af@group-2BAF55E57DFB:t1, leader=null, voted=4799d071-0706-4d7e-bea6-a2942a6423af, raftlog=4799d071-0706-4d7e-bea6-a2942a6423af@group-2BAF55E57DFB-SegmentedRaftLog:OPENED:c-1,f-1,i0, conf=-1: [4799d071-0706-4d7e-bea6-a2942a6423af:192.168.30.53:39953, aa548c8e-ad7a-464f-a14b-750fff37b319:192.168.30.53:33676, 37dc53b4-77b9-4af3-bb45-092787be41b0:192.168.30.53:33281], old=null
2019-10-08 18:43:10,438 [4799d071-0706-4d7e-bea6-a2942a6423af@group-2BAF55E57DFB-LeaderElection67] INFO  impl.RoleInfo (RoleInfo.java:shutdownLeaderElection(134)) - 4799d071-0706-4d7e-bea6-a2942a6423af: shutdown LeaderElection
2019-10-08 18:43:10,438 [4799d071-0706-4d7e-bea6-a2942a6423af@group-2BAF55E57DFB-LeaderElection67] INFO  impl.RaftServerImpl (RaftServerImpl.java:setRole(170)) - 4799d071-0706-4d7e-bea6-a2942a6423af@group-2BAF55E57DFB: changes role from CANDIDATE to LEADER at term 1 for changeToLeader
2019-10-08 18:43:10,439 [4799d071-0706-4d7e-bea6-a2942a6423af@group-2BAF55E57DFB-LeaderElection67] INFO  impl.RaftServerImpl (ServerState.java:setLeader(255)) - 4799d071-0706-4d7e-bea6-a2942a6423af@group-2BAF55E57DFB: change Leader from null to 4799d071-0706-4d7e-bea6-a2942a6423af at term 1 for becomeLeader, leader elected after 5100ms
2019-10-08 18:43:10,439 [4799d071-0706-4d7e-bea6-a2942a6423af@group-2BAF55E57DFB-LeaderElection67] INFO  server.RaftServerConfigKeys (ConfUtils.java:logGet(43)) - raft.server.staging.catchup.gap = 1000 (default)
2019-10-08 18:43:10,439 [4799d071-0706-4d7e-bea6-a2942a6423af@group-2BAF55E57DFB-LeaderElection67] INFO  server.RaftServerConfigKeys (ConfUtils.java:logGet(43)) - raft.server.rpc.sleep.time = 25ms (default)
2019-10-08 18:43:10,439 [4799d071-0706-4d7e-bea6-a2942a6423af@group-2BAF55E57DFB-LeaderElection67] INFO  server.RaftServerConfigKeys (ConfUtils.java:logGet(43)) - raft.server.write.element-limit = 4096 (default)
2019-10-08 18:43:10,439 [4799d071-0706-4d7e-bea6-a2942a6423af@group-2BAF55E57DFB-LeaderElection67] INFO  server.RaftServerConfigKeys (ConfUtils.java:logGet(43)) - raft.server.watch.timeout = 10s (default)
2019-10-08 18:43:10,439 [4799d071-0706-4d7e-bea6-a2942a6423af@group-2BAF55E57DFB-LeaderElection67] INFO  server.RaftServerConfigKeys (ConfUtils.java:logGet(43)) - raft.server.watch.timeout.denomination = 1s (default)
2019-10-08 18:43:10,439 [Thread-2373] INFO  impl.FollowerState (FollowerState.java:run(108)) - 37dc53b4-77b9-4af3-bb45-092787be41b0@group-A0A6082812E5-FollowerState: change to CANDIDATE, lastRpcTime:5155ms, electionTimeout:5155ms
2019-10-08 18:43:10,440 [4799d071-0706-4d7e-bea6-a2942a6423af@group-2BAF55E57DFB-LeaderElection67] INFO  server.RaftServerConfigKeys (ConfUtils.java:logGet(43)) - raft.server.watch.element-limit = 65536 (default)
2019-10-08 18:43:10,443 [Thread-2373] INFO  impl.RoleInfo (RoleInfo.java:shutdownFollowerState(121)) - 37dc53b4-77b9-4af3-bb45-092787be41b0: shutdown FollowerState
2019-10-08 18:43:10,443 [Thread-2373] INFO  impl.RaftServerImpl (RaftServerImpl.java:setRole(170)) - 37dc53b4-77b9-4af3-bb45-092787be41b0@group-A0A6082812E5: changes role from  FOLLOWER to CANDIDATE at term 0 for changeToCandidate
2019-10-08 18:43:10,443 [Thread-2373] INFO  impl.RoleInfo (RoleInfo.java:updateAndGet(143)) - 37dc53b4-77b9-4af3-bb45-092787be41b0: start LeaderElection
2019-10-08 18:43:10,453 [4799d071-0706-4d7e-bea6-a2942a6423af@group-2BAF55E57DFB-LeaderElection67] INFO  server.RaftServerConfigKeys (ConfUtils.java:logGet(43)) - raft.server.log.appender.snapshot.chunk.size.max = 16MB (=16777216) (default)
2019-10-08 18:43:10,454 [4799d071-0706-4d7e-bea6-a2942a6423af@group-2BAF55E57DFB-LeaderElection67] INFO  server.RaftServerConfigKeys (ConfUtils.java:logGet(43)) - raft.server.log.appender.buffer.byte-limit = 33554432 (custom)
2019-10-08 18:43:10,454 [4799d071-0706-4d7e-bea6-a2942a6423af@group-2BAF55E57DFB-LeaderElection67] INFO  server.RaftServerConfigKeys (ConfUtils.java:logGet(43)) - raft.server.log.appender.buffer.element-limit = 1 (custom)
2019-10-08 18:43:10,454 [4799d071-0706-4d7e-bea6-a2942a6423af@group-2BAF55E57DFB-LeaderElection67] INFO  grpc.GrpcConfigKeys$Server (ConfUtils.java:logGet(43)) - raft.grpc.server.leader.outstanding.appends.max = 128 (default)
2019-10-08 18:43:10,454 [4799d071-0706-4d7e-bea6-a2942a6423af@group-2BAF55E57DFB-LeaderElection67] INFO  server.RaftServerConfigKeys (ConfUtils.java:logGet(43)) - raft.server.rpc.request.timeout = 3000ms (default)
2019-10-08 18:43:10,455 [4799d071-0706-4d7e-bea6-a2942a6423af@group-2BAF55E57DFB-LeaderElection67] INFO  server.RaftServerConfigKeys (ConfUtils.java:logGet(43)) - raft.server.log.appender.install.snapshot.enabled = false (custom)
2019-10-08 18:43:10,455 [4799d071-0706-4d7e-bea6-a2942a6423af@group-2BAF55E57DFB-LeaderElection67] INFO  server.RaftServerConfigKeys (ConfUtils.java:logGet(43)) - raft.server.log.appender.snapshot.chunk.size.max = 16MB (=16777216) (default)
2019-10-08 18:43:10,455 [4799d071-0706-4d7e-bea6-a2942a6423af@group-2BAF55E57DFB-LeaderElection67] INFO  server.RaftServerConfigKeys (ConfUtils.java:logGet(43)) - raft.server.log.appender.buffer.byte-limit = 33554432 (custom)
2019-10-08 18:43:10,455 [4799d071-0706-4d7e-bea6-a2942a6423af@group-2BAF55E57DFB-LeaderElection67] INFO  server.RaftServerConfigKeys (ConfUtils.java:logGet(43)) - raft.server.log.appender.buffer.element-limit = 1 (custom)
2019-10-08 18:43:10,455 [4799d071-0706-4d7e-bea6-a2942a6423af@group-2BAF55E57DFB-LeaderElection67] INFO  grpc.GrpcConfigKeys$Server (ConfUtils.java:logGet(43)) - raft.grpc.server.leader.outstanding.appends.max = 128 (default)
2019-10-08 18:43:10,456 [4799d071-0706-4d7e-bea6-a2942a6423af@group-2BAF55E57DFB-LeaderElection67] INFO  server.RaftServerConfigKeys (ConfUtils.java:logGet(43)) - raft.server.rpc.request.timeout = 3000ms (default)
2019-10-08 18:43:10,456 [4799d071-0706-4d7e-bea6-a2942a6423af@group-2BAF55E57DFB-LeaderElection67] INFO  server.RaftServerConfigKeys (ConfUtils.java:logGet(43)) - raft.server.log.appender.install.snapshot.enabled = false (custom)
2019-10-08 18:43:10,456 [4799d071-0706-4d7e-bea6-a2942a6423af@group-2BAF55E57DFB-LeaderElection67] INFO  impl.RoleInfo (RoleInfo.java:updateAndGet(143)) - 4799d071-0706-4d7e-bea6-a2942a6423af: start LeaderState
2019-10-08 18:43:10,456 [4799d071-0706-4d7e-bea6-a2942a6423af@group-2BAF55E57DFB-LeaderElection67] INFO  segmented.SegmentedRaftLogWorker (SegmentedRaftLogWorker.java:startLogSegment(385)) - 4799d071-0706-4d7e-bea6-a2942a6423af@group-2BAF55E57DFB-SegmentedRaftLogWorker: Starting segment from index:0
2019-10-08 18:43:10,457 [4799d071-0706-4d7e-bea6-a2942a6423af@group-2BAF55E57DFB-LeaderElection67] INFO  impl.RaftServerImpl (ServerState.java:setRaftConf(356)) - 4799d071-0706-4d7e-bea6-a2942a6423af@group-2BAF55E57DFB: set configuration 0: [4799d071-0706-4d7e-bea6-a2942a6423af:192.168.30.53:39953, aa548c8e-ad7a-464f-a14b-750fff37b319:192.168.30.53:33676, 37dc53b4-77b9-4af3-bb45-092787be41b0:192.168.30.53:33281], old=null at 0
2019-10-08 18:43:10,493 [grpc-default-executor-4] INFO  impl.RaftServerImpl (ServerState.java:setLeader(255)) - 37dc53b4-77b9-4af3-bb45-092787be41b0@group-2BAF55E57DFB: change Leader from null to 4799d071-0706-4d7e-bea6-a2942a6423af at term 1 for appendEntries, leader elected after 5154ms
2019-10-08 18:43:10,493 [grpc-default-executor-0] INFO  impl.RaftServerImpl (ServerState.java:setLeader(255)) - aa548c8e-ad7a-464f-a14b-750fff37b319@group-2BAF55E57DFB: change Leader from null to 4799d071-0706-4d7e-bea6-a2942a6423af at term 1 for appendEntries, leader elected after 5156ms
2019-10-08 18:43:10,494 [37dc53b4-77b9-4af3-bb45-092787be41b0@group-A0A6082812E5-LeaderElection68] INFO  impl.LeaderElection (LeaderElection.java:askForVotes(178)) - 37dc53b4-77b9-4af3-bb45-092787be41b0@group-A0A6082812E5-LeaderElection68: begin an election at term 1 for -1: [37dc53b4-77b9-4af3-bb45-092787be41b0:192.168.30.53:33281], old=null
2019-10-08 18:43:10,494 [37dc53b4-77b9-4af3-bb45-092787be41b0@group-A0A6082812E5-LeaderElection68] INFO  impl.RoleInfo (RoleInfo.java:shutdownLeaderElection(134)) - 37dc53b4-77b9-4af3-bb45-092787be41b0: shutdown LeaderElection
2019-10-08 18:43:10,494 [37dc53b4-77b9-4af3-bb45-092787be41b0@group-A0A6082812E5-LeaderElection68] INFO  impl.RaftServerImpl (RaftServerImpl.java:setRole(170)) - 37dc53b4-77b9-4af3-bb45-092787be41b0@group-A0A6082812E5: changes role from CANDIDATE to LEADER at term 1 for changeToLeader
2019-10-08 18:43:10,494 [37dc53b4-77b9-4af3-bb45-092787be41b0@group-A0A6082812E5-LeaderElection68] INFO  impl.RaftServerImpl (ServerState.java:setLeader(255)) - 37dc53b4-77b9-4af3-bb45-092787be41b0@group-A0A6082812E5: change Leader from null to 37dc53b4-77b9-4af3-bb45-092787be41b0 at term 1 for becomeLeader, leader elected after 5217ms
2019-10-08 18:43:10,495 [37dc53b4-77b9-4af3-bb45-092787be41b0@group-A0A6082812E5-LeaderElection68] INFO  server.RaftServerConfigKeys (ConfUtils.java:logGet(43)) - raft.server.staging.catchup.gap = 1000 (default)
2019-10-08 18:43:10,495 [37dc53b4-77b9-4af3-bb45-092787be41b0@group-A0A6082812E5-LeaderElection68] INFO  server.RaftServerConfigKeys (ConfUtils.java:logGet(43)) - raft.server.rpc.sleep.time = 25ms (default)
2019-10-08 18:43:10,495 [37dc53b4-77b9-4af3-bb45-092787be41b0@group-A0A6082812E5-LeaderElection68] INFO  server.RaftServerConfigKeys (ConfUtils.java:logGet(43)) - raft.server.write.element-limit = 4096 (default)
2019-10-08 18:43:10,495 [37dc53b4-77b9-4af3-bb45-092787be41b0@group-A0A6082812E5-LeaderElection68] INFO  server.RaftServerConfigKeys (ConfUtils.java:logGet(43)) - raft.server.watch.timeout = 10s (default)
2019-10-08 18:43:10,495 [37dc53b4-77b9-4af3-bb45-092787be41b0@group-A0A6082812E5-LeaderElection68] INFO  server.RaftServerConfigKeys (ConfUtils.java:logGet(43)) - raft.server.watch.timeout.denomination = 1s (default)
2019-10-08 18:43:10,496 [37dc53b4-77b9-4af3-bb45-092787be41b0@group-A0A6082812E5-LeaderElection68] INFO  server.RaftServerConfigKeys (ConfUtils.java:logGet(43)) - raft.server.watch.element-limit = 65536 (default)
2019-10-08 18:43:10,496 [grpc-default-executor-0] INFO  impl.RaftServerImpl (ServerState.java:setRaftConf(356)) - aa548c8e-ad7a-464f-a14b-750fff37b319@group-2BAF55E57DFB: set configuration 0: [4799d071-0706-4d7e-bea6-a2942a6423af:192.168.30.53:39953, aa548c8e-ad7a-464f-a14b-750fff37b319:192.168.30.53:33676, 37dc53b4-77b9-4af3-bb45-092787be41b0:192.168.30.53:33281], old=null at 0
2019-10-08 18:43:10,496 [grpc-default-executor-4] INFO  impl.RaftServerImpl (ServerState.java:setRaftConf(356)) - 37dc53b4-77b9-4af3-bb45-092787be41b0@group-2BAF55E57DFB: set configuration 0: [4799d071-0706-4d7e-bea6-a2942a6423af:192.168.30.53:39953, aa548c8e-ad7a-464f-a14b-750fff37b319:192.168.30.53:33676, 37dc53b4-77b9-4af3-bb45-092787be41b0:192.168.30.53:33281], old=null at 0
2019-10-08 18:43:10,496 [grpc-default-executor-0] INFO  segmented.SegmentedRaftLogWorker (SegmentedRaftLogWorker.java:startLogSegment(385)) - aa548c8e-ad7a-464f-a14b-750fff37b319@group-2BAF55E57DFB-SegmentedRaftLogWorker: Starting segment from index:0
2019-10-08 18:43:10,496 [grpc-default-executor-4] INFO  segmented.SegmentedRaftLogWorker (SegmentedRaftLogWorker.java:startLogSegment(385)) - 37dc53b4-77b9-4af3-bb45-092787be41b0@group-2BAF55E57DFB-SegmentedRaftLogWorker: Starting segment from index:0
2019-10-08 18:43:10,498 [37dc53b4-77b9-4af3-bb45-092787be41b0@group-A0A6082812E5-LeaderElection68] INFO  impl.RoleInfo (RoleInfo.java:updateAndGet(143)) - 37dc53b4-77b9-4af3-bb45-092787be41b0: start LeaderState
2019-10-08 18:43:10,498 [37dc53b4-77b9-4af3-bb45-092787be41b0@group-A0A6082812E5-LeaderElection68] INFO  segmented.SegmentedRaftLogWorker (SegmentedRaftLogWorker.java:startLogSegment(385)) - 37dc53b4-77b9-4af3-bb45-092787be41b0@group-A0A6082812E5-SegmentedRaftLogWorker: Starting segment from index:0
2019-10-08 18:43:10,498 [37dc53b4-77b9-4af3-bb45-092787be41b0@group-A0A6082812E5-LeaderElection68] INFO  impl.RaftServerImpl (ServerState.java:setRaftConf(356)) - 37dc53b4-77b9-4af3-bb45-092787be41b0@group-A0A6082812E5: set configuration 0: [37dc53b4-77b9-4af3-bb45-092787be41b0:192.168.30.53:33281], old=null at 0
2019-10-08 18:43:10,502 [4799d071-0706-4d7e-bea6-a2942a6423af@group-2BAF55E57DFB-SegmentedRaftLogWorker] INFO  segmented.SegmentedRaftLogWorker (SegmentedRaftLogWorker.java:execute(574)) - 4799d071-0706-4d7e-bea6-a2942a6423af@group-2BAF55E57DFB-SegmentedRaftLogWorker: created new log segment /workdir/hadoop-ozone/integration-test/target/test-dir/MiniOzoneClusterImpl-a6d256fe-17b9-4a9d-b520-d7d5387b904d/datanode-0/data/ratis/99b30886-5932-45e3-8aa6-2baf55e57dfb/current/log_inprogress_0
2019-10-08 18:43:10,538 [37dc53b4-77b9-4af3-bb45-092787be41b0@group-2BAF55E57DFB-SegmentedRaftLogWorker] INFO  segmented.SegmentedRaftLogWorker (SegmentedRaftLogWorker.java:execute(574)) - 37dc53b4-77b9-4af3-bb45-092787be41b0@group-2BAF55E57DFB-SegmentedRaftLogWorker: created new log segment /workdir/hadoop-ozone/integration-test/target/test-dir/MiniOzoneClusterImpl-a6d256fe-17b9-4a9d-b520-d7d5387b904d/datanode-2/data/ratis/99b30886-5932-45e3-8aa6-2baf55e57dfb/current/log_inprogress_0
2019-10-08 18:43:10,538 [37dc53b4-77b9-4af3-bb45-092787be41b0@group-A0A6082812E5-SegmentedRaftLogWorker] INFO  segmented.SegmentedRaftLogWorker (SegmentedRaftLogWorker.java:execute(574)) - 37dc53b4-77b9-4af3-bb45-092787be41b0@group-A0A6082812E5-SegmentedRaftLogWorker: created new log segment /workdir/hadoop-ozone/integration-test/target/test-dir/MiniOzoneClusterImpl-a6d256fe-17b9-4a9d-b520-d7d5387b904d/datanode-2/data/ratis/427a82d0-7adb-412b-ab8e-a0a6082812e5/current/log_inprogress_0
2019-10-08 18:43:10,551 [aa548c8e-ad7a-464f-a14b-750fff37b319@group-2BAF55E57DFB-SegmentedRaftLogWorker] INFO  segmented.SegmentedRaftLogWorker (SegmentedRaftLogWorker.java:execute(574)) - aa548c8e-ad7a-464f-a14b-750fff37b319@group-2BAF55E57DFB-SegmentedRaftLogWorker: created new log segment /workdir/hadoop-ozone/integration-test/target/test-dir/MiniOzoneClusterImpl-a6d256fe-17b9-4a9d-b520-d7d5387b904d/datanode-1/data/ratis/99b30886-5932-45e3-8aa6-2baf55e57dfb/current/log_inprogress_0
2019-10-08 18:43:10,585 [Thread-2385] INFO  impl.FollowerState (FollowerState.java:run(108)) - 5b5d9be7-1f51-4349-b8ce-df5d5bf715fa@group-8C23C111971B-FollowerState: change to CANDIDATE, lastRpcTime:5133ms, electionTimeout:5133ms
2019-10-08 18:43:10,585 [Thread-2385] INFO  impl.RoleInfo (RoleInfo.java:shutdownFollowerState(121)) - 5b5d9be7-1f51-4349-b8ce-df5d5bf715fa: shutdown FollowerState
2019-10-08 18:43:10,586 [Thread-2385] INFO  impl.RaftServerImpl (RaftServerImpl.java:setRole(170)) - 5b5d9be7-1f51-4349-b8ce-df5d5bf715fa@group-8C23C111971B: changes role from  FOLLOWER to CANDIDATE at term 0 for changeToCandidate
2019-10-08 18:43:10,586 [Thread-2385] INFO  impl.RoleInfo (RoleInfo.java:updateAndGet(143)) - 5b5d9be7-1f51-4349-b8ce-df5d5bf715fa: start LeaderElection
2019-10-08 18:43:10,594 [Thread-2391] INFO  impl.FollowerState (FollowerState.java:run(108)) - 1ff6fe31-ca4e-4bce-97c3-327c0762526d@group-8620FF49DCF2-FollowerState: change to CANDIDATE, lastRpcTime:5046ms, electionTimeout:5043ms
2019-10-08 18:43:10,594 [Thread-2391] INFO  impl.RoleInfo (RoleInfo.java:shutdownFollowerState(121)) - 1ff6fe31-ca4e-4bce-97c3-327c0762526d: shutdown FollowerState
2019-10-08 18:43:10,595 [Thread-2391] INFO  impl.RaftServerImpl (RaftServerImpl.java:setRole(170)) - 1ff6fe31-ca4e-4bce-97c3-327c0762526d@group-8620FF49DCF2: changes role from  FOLLOWER to CANDIDATE at term 0 for changeToCandidate
2019-10-08 18:43:10,595 [Thread-2391] INFO  impl.RoleInfo (RoleInfo.java:updateAndGet(143)) - 1ff6fe31-ca4e-4bce-97c3-327c0762526d: start LeaderElection
2019-10-08 18:43:10,607 [Thread-2388] INFO  impl.FollowerState (FollowerState.java:run(108)) - 45b9bb25-ae31-4d68-a399-9c41f84c6f1f@group-5BC0298A2B32-FollowerState: change to CANDIDATE, lastRpcTime:5108ms, electionTimeout:5108ms
2019-10-08 18:43:10,608 [Thread-2388] INFO  impl.RoleInfo (RoleInfo.java:shutdownFollowerState(121)) - 45b9bb25-ae31-4d68-a399-9c41f84c6f1f: shutdown FollowerState
2019-10-08 18:43:10,608 [Thread-2388] INFO  impl.RaftServerImpl (RaftServerImpl.java:setRole(170)) - 45b9bb25-ae31-4d68-a399-9c41f84c6f1f@group-5BC0298A2B32: changes role from  FOLLOWER to CANDIDATE at term 0 for changeToCandidate
2019-10-08 18:43:10,608 [Thread-2388] INFO  impl.RoleInfo (RoleInfo.java:updateAndGet(143)) - 45b9bb25-ae31-4d68-a399-9c41f84c6f1f: start LeaderElection
2019-10-08 18:43:10,608 [1ff6fe31-ca4e-4bce-97c3-327c0762526d@group-8620FF49DCF2-LeaderElection70] INFO  impl.LeaderElection (LeaderElection.java:askForVotes(178)) - 1ff6fe31-ca4e-4bce-97c3-327c0762526d@group-8620FF49DCF2-LeaderElection70: begin an election at term 1 for -1: [1ff6fe31-ca4e-4bce-97c3-327c0762526d:192.168.30.53:37428], old=null
2019-10-08 18:43:10,608 [5b5d9be7-1f51-4349-b8ce-df5d5bf715fa@group-8C23C111971B-LeaderElection69] INFO  impl.LeaderElection (LeaderElection.java:askForVotes(178)) - 5b5d9be7-1f51-4349-b8ce-df5d5bf715fa@group-8C23C111971B-LeaderElection69: begin an election at term 1 for -1: [5b5d9be7-1f51-4349-b8ce-df5d5bf715fa:192.168.30.53:40601], old=null
2019-10-08 18:43:10,608 [1ff6fe31-ca4e-4bce-97c3-327c0762526d@group-8620FF49DCF2-LeaderElection70] INFO  impl.RoleInfo (RoleInfo.java:shutdownLeaderElection(134)) - 1ff6fe31-ca4e-4bce-97c3-327c0762526d: shutdown LeaderElection
2019-10-08 18:43:10,611 [5b5d9be7-1f51-4349-b8ce-df5d5bf715fa@group-8C23C111971B-LeaderElection69] INFO  impl.RoleInfo (RoleInfo.java:shutdownLeaderElection(134)) - 5b5d9be7-1f51-4349-b8ce-df5d5bf715fa: shutdown LeaderElection
2019-10-08 18:43:10,616 [1ff6fe31-ca4e-4bce-97c3-327c0762526d@group-8620FF49DCF2-LeaderElection70] INFO  impl.RaftServerImpl (RaftServerImpl.java:setRole(170)) - 1ff6fe31-ca4e-4bce-97c3-327c0762526d@group-8620FF49DCF2: changes role from CANDIDATE to LEADER at term 1 for changeToLeader
2019-10-08 18:43:10,616 [5b5d9be7-1f51-4349-b8ce-df5d5bf715fa@group-8C23C111971B-LeaderElection69] INFO  impl.RaftServerImpl (RaftServerImpl.java:setRole(170)) - 5b5d9be7-1f51-4349-b8ce-df5d5bf715fa@group-8C23C111971B: changes role from CANDIDATE to LEADER at term 1 for changeToLeader
2019-10-08 18:43:10,616 [1ff6fe31-ca4e-4bce-97c3-327c0762526d@group-8620FF49DCF2-LeaderElection70] INFO  impl.RaftServerImpl (ServerState.java:setLeader(255)) - 1ff6fe31-ca4e-4bce-97c3-327c0762526d@group-8620FF49DCF2: change Leader from null to 1ff6fe31-ca4e-4bce-97c3-327c0762526d at term 1 for becomeLeader, leader elected after 5073ms
2019-10-08 18:43:10,617 [5b5d9be7-1f51-4349-b8ce-df5d5bf715fa@group-8C23C111971B-LeaderElection69] INFO  impl.RaftServerImpl (ServerState.java:setLeader(255)) - 5b5d9be7-1f51-4349-b8ce-df5d5bf715fa@group-8C23C111971B: change Leader from null to 5b5d9be7-1f51-4349-b8ce-df5d5bf715fa at term 1 for becomeLeader, leader elected after 5170ms
2019-10-08 18:43:10,617 [1ff6fe31-ca4e-4bce-97c3-327c0762526d@group-8620FF49DCF2-LeaderElection70] INFO  server.RaftServerConfigKeys (ConfUtils.java:logGet(43)) - raft.server.staging.catchup.gap = 1000 (default)
2019-10-08 18:43:10,617 [5b5d9be7-1f51-4349-b8ce-df5d5bf715fa@group-8C23C111971B-LeaderElection69] INFO  server.RaftServerConfigKeys (ConfUtils.java:logGet(43)) - raft.server.staging.catchup.gap = 1000 (default)
2019-10-08 18:43:10,617 [1ff6fe31-ca4e-4bce-97c3-327c0762526d@group-8620FF49DCF2-LeaderElection70] INFO  server.RaftServerConfigKeys (ConfUtils.java:logGet(43)) - raft.server.rpc.sleep.time = 25ms (default)
2019-10-08 18:43:10,617 [5b5d9be7-1f51-4349-b8ce-df5d5bf715fa@group-8C23C111971B-LeaderElection69] INFO  server.RaftServerConfigKeys (ConfUtils.java:logGet(43)) - raft.server.rpc.sleep.time = 25ms (default)
2019-10-08 18:43:10,617 [1ff6fe31-ca4e-4bce-97c3-327c0762526d@group-8620FF49DCF2-LeaderElection70] INFO  server.RaftServerConfigKeys (ConfUtils.java:logGet(43)) - raft.server.write.element-limit = 4096 (default)
2019-10-08 18:43:10,618 [1ff6fe31-ca4e-4bce-97c3-327c0762526d@group-8620FF49DCF2-LeaderElection70] INFO  server.RaftServerConfigKeys (ConfUtils.java:logGet(43)) - raft.server.watch.timeout = 10s (default)
2019-10-08 18:43:10,618 [5b5d9be7-1f51-4349-b8ce-df5d5bf715fa@group-8C23C111971B-LeaderElection69] INFO  server.RaftServerConfigKeys (ConfUtils.java:logGet(43)) - raft.server.write.element-limit = 4096 (default)
2019-10-08 18:43:10,618 [1ff6fe31-ca4e-4bce-97c3-327c0762526d@group-8620FF49DCF2-LeaderElection70] INFO  server.RaftServerConfigKeys (ConfUtils.java:logGet(43)) - raft.server.watch.timeout.denomination = 1s (default)
2019-10-08 18:43:10,618 [5b5d9be7-1f51-4349-b8ce-df5d5bf715fa@group-8C23C111971B-LeaderElection69] INFO  server.RaftServerConfigKeys (ConfUtils.java:logGet(43)) - raft.server.watch.timeout = 10s (default)
2019-10-08 18:43:10,618 [1ff6fe31-ca4e-4bce-97c3-327c0762526d@group-8620FF49DCF2-LeaderElection70] INFO  server.RaftServerConfigKeys (ConfUtils.java:logGet(43)) - raft.server.watch.element-limit = 65536 (default)
2019-10-08 18:43:10,618 [5b5d9be7-1f51-4349-b8ce-df5d5bf715fa@group-8C23C111971B-LeaderElection69] INFO  server.RaftServerConfigKeys (ConfUtils.java:logGet(43)) - raft.server.watch.timeout.denomination = 1s (default)
2019-10-08 18:43:10,618 [5b5d9be7-1f51-4349-b8ce-df5d5bf715fa@group-8C23C111971B-LeaderElection69] INFO  server.RaftServerConfigKeys (ConfUtils.java:logGet(43)) - raft.server.watch.element-limit = 65536 (default)
2019-10-08 18:43:10,621 [1ff6fe31-ca4e-4bce-97c3-327c0762526d@group-8620FF49DCF2-LeaderElection70] INFO  impl.RoleInfo (RoleInfo.java:updateAndGet(143)) - 1ff6fe31-ca4e-4bce-97c3-327c0762526d: start LeaderState
2019-10-08 18:43:10,622 [1ff6fe31-ca4e-4bce-97c3-327c0762526d@group-8620FF49DCF2-LeaderElection70] INFO  segmented.SegmentedRaftLogWorker (SegmentedRaftLogWorker.java:startLogSegment(385)) - 1ff6fe31-ca4e-4bce-97c3-327c0762526d@group-8620FF49DCF2-SegmentedRaftLogWorker: Starting segment from index:0
2019-10-08 18:43:10,622 [5b5d9be7-1f51-4349-b8ce-df5d5bf715fa@group-8C23C111971B-LeaderElection69] INFO  impl.RoleInfo (RoleInfo.java:updateAndGet(143)) - 5b5d9be7-1f51-4349-b8ce-df5d5bf715fa: start LeaderState
2019-10-08 18:43:10,622 [1ff6fe31-ca4e-4bce-97c3-327c0762526d@group-8620FF49DCF2-LeaderElection70] INFO  impl.RaftServerImpl (ServerState.java:setRaftConf(356)) - 1ff6fe31-ca4e-4bce-97c3-327c0762526d@group-8620FF49DCF2: set configuration 0: [1ff6fe31-ca4e-4bce-97c3-327c0762526d:192.168.30.53:37428], old=null at 0
2019-10-08 18:43:10,622 [5b5d9be7-1f51-4349-b8ce-df5d5bf715fa@group-8C23C111971B-LeaderElection69] INFO  segmented.SegmentedRaftLogWorker (SegmentedRaftLogWorker.java:startLogSegment(385)) - 5b5d9be7-1f51-4349-b8ce-df5d5bf715fa@group-8C23C111971B-SegmentedRaftLogWorker: Starting segment from index:0
2019-10-08 18:43:10,623 [5b5d9be7-1f51-4349-b8ce-df5d5bf715fa@group-8C23C111971B-LeaderElection69] INFO  impl.RaftServerImpl (ServerState.java:setRaftConf(356)) - 5b5d9be7-1f51-4349-b8ce-df5d5bf715fa@group-8C23C111971B: set configuration 0: [5b5d9be7-1f51-4349-b8ce-df5d5bf715fa:192.168.30.53:40601], old=null at 0
2019-10-08 18:43:10,629 [45b9bb25-ae31-4d68-a399-9c41f84c6f1f@group-5BC0298A2B32-LeaderElection71] INFO  impl.LeaderElection (LeaderElection.java:askForVotes(178)) - 45b9bb25-ae31-4d68-a399-9c41f84c6f1f@group-5BC0298A2B32-LeaderElection71: begin an election at term 1 for -1: [45b9bb25-ae31-4d68-a399-9c41f84c6f1f:192.168.30.53:44055], old=null
2019-10-08 18:43:10,629 [45b9bb25-ae31-4d68-a399-9c41f84c6f1f@group-5BC0298A2B32-LeaderElection71] INFO  impl.RoleInfo (RoleInfo.java:shutdownLeaderElection(134)) - 45b9bb25-ae31-4d68-a399-9c41f84c6f1f: shutdown LeaderElection
2019-10-08 18:43:10,629 [45b9bb25-ae31-4d68-a399-9c41f84c6f1f@group-5BC0298A2B32-LeaderElection71] INFO  impl.RaftServerImpl (RaftServerImpl.java:setRole(170)) - 45b9bb25-ae31-4d68-a399-9c41f84c6f1f@group-5BC0298A2B32: changes role from CANDIDATE to LEADER at term 1 for changeToLeader
2019-10-08 18:43:10,629 [45b9bb25-ae31-4d68-a399-9c41f84c6f1f@group-5BC0298A2B32-LeaderElection71] INFO  impl.RaftServerImpl (ServerState.java:setLeader(255)) - 45b9bb25-ae31-4d68-a399-9c41f84c6f1f@group-5BC0298A2B32: change Leader from null to 45b9bb25-ae31-4d68-a399-9c41f84c6f1f at term 1 for becomeLeader, leader elected after 5137ms
2019-10-08 18:43:10,630 [45b9bb25-ae31-4d68-a399-9c41f84c6f1f@group-5BC0298A2B32-LeaderElection71] INFO  server.RaftServerConfigKeys (ConfUtils.java:logGet(43)) - raft.server.staging.catchup.gap = 1000 (default)
2019-10-08 18:43:10,630 [45b9bb25-ae31-4d68-a399-9c41f84c6f1f@group-5BC0298A2B32-LeaderElection71] INFO  server.RaftServerConfigKeys (ConfUtils.java:logGet(43)) - raft.server.rpc.sleep.time = 25ms (default)
2019-10-08 18:43:10,630 [45b9bb25-ae31-4d68-a399-9c41f84c6f1f@group-5BC0298A2B32-LeaderElection71] INFO  server.RaftServerConfigKeys (ConfUtils.java:logGet(43)) - raft.server.write.element-limit = 4096 (default)
2019-10-08 18:43:10,630 [45b9bb25-ae31-4d68-a399-9c41f84c6f1f@group-5BC0298A2B32-LeaderElection71] INFO  server.RaftServerConfigKeys (ConfUtils.java:logGet(43)) - raft.server.watch.timeout = 10s (default)
2019-10-08 18:43:10,630 [45b9bb25-ae31-4d68-a399-9c41f84c6f1f@group-5BC0298A2B32-LeaderElection71] INFO  server.RaftServerConfigKeys (ConfUtils.java:logGet(43)) - raft.server.watch.timeout.denomination = 1s (default)
2019-10-08 18:43:10,630 [45b9bb25-ae31-4d68-a399-9c41f84c6f1f@group-5BC0298A2B32-LeaderElection71] INFO  server.RaftServerConfigKeys (ConfUtils.java:logGet(43)) - raft.server.watch.element-limit = 65536 (default)
2019-10-08 18:43:10,633 [45b9bb25-ae31-4d68-a399-9c41f84c6f1f@group-5BC0298A2B32-LeaderElection71] INFO  impl.RoleInfo (RoleInfo.java:updateAndGet(143)) - 45b9bb25-ae31-4d68-a399-9c41f84c6f1f: start LeaderState
2019-10-08 18:43:10,633 [45b9bb25-ae31-4d68-a399-9c41f84c6f1f@group-5BC0298A2B32-LeaderElection71] INFO  segmented.SegmentedRaftLogWorker (SegmentedRaftLogWorker.java:startLogSegment(385)) - 45b9bb25-ae31-4d68-a399-9c41f84c6f1f@group-5BC0298A2B32-SegmentedRaftLogWorker: Starting segment from index:0
2019-10-08 18:43:10,633 [45b9bb25-ae31-4d68-a399-9c41f84c6f1f@group-5BC0298A2B32-LeaderElection71] INFO  impl.RaftServerImpl (ServerState.java:setRaftConf(356)) - 45b9bb25-ae31-4d68-a399-9c41f84c6f1f@group-5BC0298A2B32: set configuration 0: [45b9bb25-ae31-4d68-a399-9c41f84c6f1f:192.168.30.53:44055], old=null at 0
2019-10-08 18:43:10,662 [5b5d9be7-1f51-4349-b8ce-df5d5bf715fa@group-8C23C111971B-SegmentedRaftLogWorker] INFO  segmented.SegmentedRaftLogWorker (SegmentedRaftLogWorker.java:execute(574)) - 5b5d9be7-1f51-4349-b8ce-df5d5bf715fa@group-8C23C111971B-SegmentedRaftLogWorker: created new log segment /workdir/hadoop-ozone/integration-test/target/test-dir/MiniOzoneClusterImpl-a6d256fe-17b9-4a9d-b520-d7d5387b904d/datanode-3/data/ratis/cf6e174c-f816-43c6-ba26-8c23c111971b/current/log_inprogress_0
2019-10-08 18:43:10,662 [1ff6fe31-ca4e-4bce-97c3-327c0762526d@group-8620FF49DCF2-SegmentedRaftLogWorker] INFO  segmented.SegmentedRaftLogWorker (SegmentedRaftLogWorker.java:execute(574)) - 1ff6fe31-ca4e-4bce-97c3-327c0762526d@group-8620FF49DCF2-SegmentedRaftLogWorker: created new log segment /workdir/hadoop-ozone/integration-test/target/test-dir/MiniOzoneClusterImpl-a6d256fe-17b9-4a9d-b520-d7d5387b904d/datanode-5/data/ratis/5a08bf21-b02c-43ea-bb18-8620ff49dcf2/current/log_inprogress_0
2019-10-08 18:43:10,675 [45b9bb25-ae31-4d68-a399-9c41f84c6f1f@group-5BC0298A2B32-SegmentedRaftLogWorker] INFO  segmented.SegmentedRaftLogWorker (SegmentedRaftLogWorker.java:execute(574)) - 45b9bb25-ae31-4d68-a399-9c41f84c6f1f@group-5BC0298A2B32-SegmentedRaftLogWorker: created new log segment /workdir/hadoop-ozone/integration-test/target/test-dir/MiniOzoneClusterImpl-a6d256fe-17b9-4a9d-b520-d7d5387b904d/datanode-4/data/ratis/73f3903c-2187-4825-80cd-5bc0298a2b32/current/log_inprogress_0
2019-10-08 18:43:10,729 [Thread-2394] INFO  impl.FollowerState (FollowerState.java:run(108)) - 2092bfdf-ca01-4ca1-a86e-77e51861a1b8@group-10962C896019-FollowerState: change to CANDIDATE, lastRpcTime:5129ms, electionTimeout:5129ms
2019-10-08 18:43:10,729 [Thread-2394] INFO  impl.RoleInfo (RoleInfo.java:shutdownFollowerState(121)) - 2092bfdf-ca01-4ca1-a86e-77e51861a1b8: shutdown FollowerState
2019-10-08 18:43:10,729 [Thread-2394] INFO  impl.RaftServerImpl (RaftServerImpl.java:setRole(170)) - 2092bfdf-ca01-4ca1-a86e-77e51861a1b8@group-10962C896019: changes role from  FOLLOWER to CANDIDATE at term 0 for changeToCandidate
2019-10-08 18:43:10,729 [Thread-2394] INFO  impl.RoleInfo (RoleInfo.java:updateAndGet(143)) - 2092bfdf-ca01-4ca1-a86e-77e51861a1b8: start LeaderElection
2019-10-08 18:43:10,735 [Thread-2400] INFO  impl.FollowerState (FollowerState.java:run(108)) - 1ff6fe31-ca4e-4bce-97c3-327c0762526d@group-6637E72C4CD2-FollowerState: change to CANDIDATE, lastRpcTime:5073ms, electionTimeout:5069ms
2019-10-08 18:43:10,735 [Thread-2400] INFO  impl.RoleInfo (RoleInfo.java:shutdownFollowerState(121)) - 1ff6fe31-ca4e-4bce-97c3-327c0762526d: shutdown FollowerState
2019-10-08 18:43:10,735 [Thread-2400] INFO  impl.RaftServerImpl (RaftServerImpl.java:setRole(170)) - 1ff6fe31-ca4e-4bce-97c3-327c0762526d@group-6637E72C4CD2: changes role from  FOLLOWER to CANDIDATE at term 0 for changeToCandidate
2019-10-08 18:43:10,735 [Thread-2400] INFO  impl.RoleInfo (RoleInfo.java:updateAndGet(143)) - 1ff6fe31-ca4e-4bce-97c3-327c0762526d: start LeaderElection
2019-10-08 18:43:10,752 [2092bfdf-ca01-4ca1-a86e-77e51861a1b8@group-10962C896019-LeaderElection72] INFO  impl.LeaderElection (LeaderElection.java:askForVotes(178)) - 2092bfdf-ca01-4ca1-a86e-77e51861a1b8@group-10962C896019-LeaderElection72: begin an election at term 1 for -1: [2092bfdf-ca01-4ca1-a86e-77e51861a1b8:192.168.30.53:34955], old=null
2019-10-08 18:43:10,752 [2092bfdf-ca01-4ca1-a86e-77e51861a1b8@group-10962C896019-LeaderElection72] INFO  impl.RoleInfo (RoleInfo.java:shutdownLeaderElection(134)) - 2092bfdf-ca01-4ca1-a86e-77e51861a1b8: shutdown LeaderElection
2019-10-08 18:43:10,752 [2092bfdf-ca01-4ca1-a86e-77e51861a1b8@group-10962C896019-LeaderElection72] INFO  impl.RaftServerImpl (RaftServerImpl.java:setRole(170)) - 2092bfdf-ca01-4ca1-a86e-77e51861a1b8@group-10962C896019: changes role from CANDIDATE to LEADER at term 1 for changeToLeader
2019-10-08 18:43:10,752 [2092bfdf-ca01-4ca1-a86e-77e51861a1b8@group-10962C896019-LeaderElection72] INFO  impl.RaftServerImpl (ServerState.java:setLeader(255)) - 2092bfdf-ca01-4ca1-a86e-77e51861a1b8@group-10962C896019: change Leader from null to 2092bfdf-ca01-4ca1-a86e-77e51861a1b8 at term 1 for becomeLeader, leader elected after 5163ms
2019-10-08 18:43:10,752 [2092bfdf-ca01-4ca1-a86e-77e51861a1b8@group-10962C896019-LeaderElection72] INFO  server.RaftServerConfigKeys (ConfUtils.java:logGet(43)) - raft.server.staging.catchup.gap = 1000 (default)
2019-10-08 18:43:10,752 [2092bfdf-ca01-4ca1-a86e-77e51861a1b8@group-10962C896019-LeaderElection72] INFO  server.RaftServerConfigKeys (ConfUtils.java:logGet(43)) - raft.server.rpc.sleep.time = 25ms (default)
2019-10-08 18:43:10,752 [2092bfdf-ca01-4ca1-a86e-77e51861a1b8@group-10962C896019-LeaderElection72] INFO  server.RaftServerConfigKeys (ConfUtils.java:logGet(43)) - raft.server.write.element-limit = 4096 (default)
2019-10-08 18:43:10,752 [2092bfdf-ca01-4ca1-a86e-77e51861a1b8@group-10962C896019-LeaderElection72] INFO  server.RaftServerConfigKeys (ConfUtils.java:logGet(43)) - raft.server.watch.timeout = 10s (default)
2019-10-08 18:43:10,752 [2092bfdf-ca01-4ca1-a86e-77e51861a1b8@group-10962C896019-LeaderElection72] INFO  server.RaftServerConfigKeys (ConfUtils.java:logGet(43)) - raft.server.watch.timeout.denomination = 1s (default)
2019-10-08 18:43:10,752 [2092bfdf-ca01-4ca1-a86e-77e51861a1b8@group-10962C896019-LeaderElection72] INFO  server.RaftServerConfigKeys (ConfUtils.java:logGet(43)) - raft.server.watch.element-limit = 65536 (default)
2019-10-08 18:43:10,753 [2092bfdf-ca01-4ca1-a86e-77e51861a1b8@group-10962C896019-LeaderElection72] INFO  impl.RoleInfo (RoleInfo.java:updateAndGet(143)) - 2092bfdf-ca01-4ca1-a86e-77e51861a1b8: start LeaderState
2019-10-08 18:43:10,754 [2092bfdf-ca01-4ca1-a86e-77e51861a1b8@group-10962C896019-LeaderElection72] INFO  segmented.SegmentedRaftLogWorker (SegmentedRaftLogWorker.java:startLogSegment(385)) - 2092bfdf-ca01-4ca1-a86e-77e51861a1b8@group-10962C896019-SegmentedRaftLogWorker: Starting segment from index:0
2019-10-08 18:43:10,754 [2092bfdf-ca01-4ca1-a86e-77e51861a1b8@group-10962C896019-LeaderElection72] INFO  impl.RaftServerImpl (ServerState.java:setRaftConf(356)) - 2092bfdf-ca01-4ca1-a86e-77e51861a1b8@group-10962C896019: set configuration 0: [2092bfdf-ca01-4ca1-a86e-77e51861a1b8:192.168.30.53:34955], old=null at 0
2019-10-08 18:43:10,754 [1ff6fe31-ca4e-4bce-97c3-327c0762526d@group-6637E72C4CD2-LeaderElection73] INFO  impl.LeaderElection (LeaderElection.java:askForVotes(178)) - 1ff6fe31-ca4e-4bce-97c3-327c0762526d@group-6637E72C4CD2-LeaderElection73: begin an election at term 1 for -1: [45b9bb25-ae31-4d68-a399-9c41f84c6f1f:192.168.30.53:44055, 5b5d9be7-1f51-4349-b8ce-df5d5bf715fa:192.168.30.53:40601, 1ff6fe31-ca4e-4bce-97c3-327c0762526d:192.168.30.53:37428], old=null
2019-10-08 18:43:10,791 [grpc-default-executor-4] INFO  impl.RaftServerImpl (RaftServerImpl.java:setRole(170)) - 5b5d9be7-1f51-4349-b8ce-df5d5bf715fa@group-6637E72C4CD2: changes role from  FOLLOWER to FOLLOWER at term 1 for recognizeCandidate:1ff6fe31-ca4e-4bce-97c3-327c0762526d
2019-10-08 18:43:10,792 [grpc-default-executor-4] INFO  impl.RoleInfo (RoleInfo.java:shutdownFollowerState(121)) - 5b5d9be7-1f51-4349-b8ce-df5d5bf715fa: shutdown FollowerState
2019-10-08 18:43:10,792 [grpc-default-executor-4] INFO  impl.RoleInfo (RoleInfo.java:updateAndGet(143)) - 5b5d9be7-1f51-4349-b8ce-df5d5bf715fa: start FollowerState
2019-10-08 18:43:10,794 [Thread-2401] INFO  impl.FollowerState (FollowerState.java:run(117)) - 5b5d9be7-1f51-4349-b8ce-df5d5bf715fa@group-6637E72C4CD2-FollowerState was interrupted: java.lang.InterruptedException: sleep interrupted
2019-10-08 18:43:10,794 [grpc-default-executor-0] INFO  impl.RaftServerImpl (RaftServerImpl.java:setRole(170)) - 45b9bb25-ae31-4d68-a399-9c41f84c6f1f@group-6637E72C4CD2: changes role from  FOLLOWER to FOLLOWER at term 1 for recognizeCandidate:1ff6fe31-ca4e-4bce-97c3-327c0762526d
2019-10-08 18:43:10,797 [grpc-default-executor-0] INFO  impl.RoleInfo (RoleInfo.java:shutdownFollowerState(121)) - 45b9bb25-ae31-4d68-a399-9c41f84c6f1f: shutdown FollowerState
2019-10-08 18:43:10,797 [grpc-default-executor-0] INFO  impl.RoleInfo (RoleInfo.java:updateAndGet(143)) - 45b9bb25-ae31-4d68-a399-9c41f84c6f1f: start FollowerState
2019-10-08 18:43:10,797 [Thread-2398] INFO  impl.FollowerState (FollowerState.java:run(117)) - 45b9bb25-ae31-4d68-a399-9c41f84c6f1f@group-6637E72C4CD2-FollowerState was interrupted: java.lang.InterruptedException: sleep interrupted
2019-10-08 18:43:10,805 [2092bfdf-ca01-4ca1-a86e-77e51861a1b8@group-10962C896019-SegmentedRaftLogWorker] INFO  segmented.SegmentedRaftLogWorker (SegmentedRaftLogWorker.java:execute(574)) - 2092bfdf-ca01-4ca1-a86e-77e51861a1b8@group-10962C896019-SegmentedRaftLogWorker: created new log segment /workdir/hadoop-ozone/integration-test/target/test-dir/MiniOzoneClusterImpl-a6d256fe-17b9-4a9d-b520-d7d5387b904d/datanode-6/data/ratis/4880aad6-acb0-45e6-947b-10962c896019/current/log_inprogress_0
2019-10-08 18:43:10,810 [1ff6fe31-ca4e-4bce-97c3-327c0762526d@group-6637E72C4CD2-LeaderElection73] INFO  impl.LeaderElection (LeaderElection.java:logAndReturn(56)) - 1ff6fe31-ca4e-4bce-97c3-327c0762526d@group-6637E72C4CD2-LeaderElection73: Election PASSED; received 1 response(s) [1ff6fe31-ca4e-4bce-97c3-327c0762526d<-5b5d9be7-1f51-4349-b8ce-df5d5bf715fa#0:OK-t1] and 0 exception(s); 1ff6fe31-ca4e-4bce-97c3-327c0762526d@group-6637E72C4CD2:t1, leader=null, voted=1ff6fe31-ca4e-4bce-97c3-327c0762526d, raftlog=1ff6fe31-ca4e-4bce-97c3-327c0762526d@group-6637E72C4CD2-SegmentedRaftLog:OPENED:c-1,f-1,i0, conf=-1: [45b9bb25-ae31-4d68-a399-9c41f84c6f1f:192.168.30.53:44055, 5b5d9be7-1f51-4349-b8ce-df5d5bf715fa:192.168.30.53:40601, 1ff6fe31-ca4e-4bce-97c3-327c0762526d:192.168.30.53:37428], old=null
2019-10-08 18:43:10,810 [1ff6fe31-ca4e-4bce-97c3-327c0762526d@group-6637E72C4CD2-LeaderElection73] INFO  impl.RoleInfo (RoleInfo.java:shutdownLeaderElection(134)) - 1ff6fe31-ca4e-4bce-97c3-327c0762526d: shutdown LeaderElection
2019-10-08 18:43:10,810 [1ff6fe31-ca4e-4bce-97c3-327c0762526d@group-6637E72C4CD2-LeaderElection73] INFO  impl.RaftServerImpl (RaftServerImpl.java:setRole(170)) - 1ff6fe31-ca4e-4bce-97c3-327c0762526d@group-6637E72C4CD2: changes role from CANDIDATE to LEADER at term 1 for changeToLeader
2019-10-08 18:43:10,810 [1ff6fe31-ca4e-4bce-97c3-327c0762526d@group-6637E72C4CD2-LeaderElection73] INFO  impl.RaftServerImpl (ServerState.java:setLeader(255)) - 1ff6fe31-ca4e-4bce-97c3-327c0762526d@group-6637E72C4CD2: change Leader from null to 1ff6fe31-ca4e-4bce-97c3-327c0762526d at term 1 for becomeLeader, leader elected after 5158ms
2019-10-08 18:43:10,810 [1ff6fe31-ca4e-4bce-97c3-327c0762526d@group-6637E72C4CD2-LeaderElection73] INFO  server.RaftServerConfigKeys (ConfUtils.java:logGet(43)) - raft.server.staging.catchup.gap = 1000 (default)
2019-10-08 18:43:10,811 [1ff6fe31-ca4e-4bce-97c3-327c0762526d@group-6637E72C4CD2-LeaderElection73] INFO  server.RaftServerConfigKeys (ConfUtils.java:logGet(43)) - raft.server.rpc.sleep.time = 25ms (default)
2019-10-08 18:43:10,811 [1ff6fe31-ca4e-4bce-97c3-327c0762526d@group-6637E72C4CD2-LeaderElection73] INFO  server.RaftServerConfigKeys (ConfUtils.java:logGet(43)) - raft.server.write.element-limit = 4096 (default)
2019-10-08 18:43:10,811 [1ff6fe31-ca4e-4bce-97c3-327c0762526d@group-6637E72C4CD2-LeaderElection73] INFO  server.RaftServerConfigKeys (ConfUtils.java:logGet(43)) - raft.server.watch.timeout = 10s (default)
2019-10-08 18:43:10,811 [1ff6fe31-ca4e-4bce-97c3-327c0762526d@group-6637E72C4CD2-LeaderElection73] INFO  server.RaftServerConfigKeys (ConfUtils.java:logGet(43)) - raft.server.watch.timeout.denomination = 1s (default)
2019-10-08 18:43:10,811 [1ff6fe31-ca4e-4bce-97c3-327c0762526d@group-6637E72C4CD2-LeaderElection73] INFO  server.RaftServerConfigKeys (ConfUtils.java:logGet(43)) - raft.server.watch.element-limit = 65536 (default)
2019-10-08 18:43:10,813 [1ff6fe31-ca4e-4bce-97c3-327c0762526d@group-6637E72C4CD2-LeaderElection73] INFO  server.RaftServerConfigKeys (ConfUtils.java:logGet(43)) - raft.server.log.appender.snapshot.chunk.size.max = 16MB (=16777216) (default)
2019-10-08 18:43:10,813 [1ff6fe31-ca4e-4bce-97c3-327c0762526d@group-6637E72C4CD2-LeaderElection73] INFO  server.RaftServerConfigKeys (ConfUtils.java:logGet(43)) - raft.server.log.appender.buffer.byte-limit = 33554432 (custom)
2019-10-08 18:43:10,813 [1ff6fe31-ca4e-4bce-97c3-327c0762526d@group-6637E72C4CD2-LeaderElection73] INFO  server.RaftServerConfigKeys (ConfUtils.java:logGet(43)) - raft.server.log.appender.buffer.element-limit = 1 (custom)
2019-10-08 18:43:10,813 [1ff6fe31-ca4e-4bce-97c3-327c0762526d@group-6637E72C4CD2-LeaderElection73] INFO  grpc.GrpcConfigKeys$Server (ConfUtils.java:logGet(43)) - raft.grpc.server.leader.outstanding.appends.max = 128 (default)
2019-10-08 18:43:10,814 [1ff6fe31-ca4e-4bce-97c3-327c0762526d@group-6637E72C4CD2-LeaderElection73] INFO  server.RaftServerConfigKeys (ConfUtils.java:logGet(43)) - raft.server.rpc.request.timeout = 3000ms (default)
2019-10-08 18:43:10,814 [1ff6fe31-ca4e-4bce-97c3-327c0762526d@group-6637E72C4CD2-LeaderElection73] INFO  server.RaftServerConfigKeys (ConfUtils.java:logGet(43)) - raft.server.log.appender.install.snapshot.enabled = false (custom)
2019-10-08 18:43:10,814 [1ff6fe31-ca4e-4bce-97c3-327c0762526d@group-6637E72C4CD2-LeaderElection73] INFO  server.RaftServerConfigKeys (ConfUtils.java:logGet(43)) - raft.server.log.appender.snapshot.chunk.size.max = 16MB (=16777216) (default)
2019-10-08 18:43:10,814 [1ff6fe31-ca4e-4bce-97c3-327c0762526d@group-6637E72C4CD2-LeaderElection73] INFO  server.RaftServerConfigKeys (ConfUtils.java:logGet(43)) - raft.server.log.appender.buffer.byte-limit = 33554432 (custom)
2019-10-08 18:43:10,814 [1ff6fe31-ca4e-4bce-97c3-327c0762526d@group-6637E72C4CD2-LeaderElection73] INFO  server.RaftServerConfigKeys (ConfUtils.java:logGet(43)) - raft.server.log.appender.buffer.element-limit = 1 (custom)
2019-10-08 18:43:10,814 [1ff6fe31-ca4e-4bce-97c3-327c0762526d@group-6637E72C4CD2-LeaderElection73] INFO  grpc.GrpcConfigKeys$Server (ConfUtils.java:logGet(43)) - raft.grpc.server.leader.outstanding.appends.max = 128 (default)
2019-10-08 18:43:10,815 [1ff6fe31-ca4e-4bce-97c3-327c0762526d@group-6637E72C4CD2-LeaderElection73] INFO  server.RaftServerConfigKeys (ConfUtils.java:logGet(43)) - raft.server.rpc.request.timeout = 3000ms (default)
2019-10-08 18:43:10,815 [1ff6fe31-ca4e-4bce-97c3-327c0762526d@group-6637E72C4CD2-LeaderElection73] INFO  server.RaftServerConfigKeys (ConfUtils.java:logGet(43)) - raft.server.log.appender.install.snapshot.enabled = false (custom)
2019-10-08 18:43:10,815 [1ff6fe31-ca4e-4bce-97c3-327c0762526d@group-6637E72C4CD2-LeaderElection73] INFO  impl.RoleInfo (RoleInfo.java:updateAndGet(143)) - 1ff6fe31-ca4e-4bce-97c3-327c0762526d: start LeaderState
2019-10-08 18:43:10,815 [1ff6fe31-ca4e-4bce-97c3-327c0762526d@group-6637E72C4CD2-LeaderElection73] INFO  segmented.SegmentedRaftLogWorker (SegmentedRaftLogWorker.java:startLogSegment(385)) - 1ff6fe31-ca4e-4bce-97c3-327c0762526d@group-6637E72C4CD2-SegmentedRaftLogWorker: Starting segment from index:0
2019-10-08 18:43:10,816 [1ff6fe31-ca4e-4bce-97c3-327c0762526d@group-6637E72C4CD2-LeaderElection73] INFO  impl.RaftServerImpl (ServerState.java:setRaftConf(356)) - 1ff6fe31-ca4e-4bce-97c3-327c0762526d@group-6637E72C4CD2: set configuration 0: [45b9bb25-ae31-4d68-a399-9c41f84c6f1f:192.168.30.53:44055, 5b5d9be7-1f51-4349-b8ce-df5d5bf715fa:192.168.30.53:40601, 1ff6fe31-ca4e-4bce-97c3-327c0762526d:192.168.30.53:37428], old=null at 0
2019-10-08 18:43:10,817 [grpc-default-executor-4] INFO  impl.RaftServerImpl (ServerState.java:setLeader(255)) - 5b5d9be7-1f51-4349-b8ce-df5d5bf715fa@group-6637E72C4CD2: change Leader from null to 1ff6fe31-ca4e-4bce-97c3-327c0762526d at term 1 for appendEntries, leader elected after 5164ms
2019-10-08 18:43:10,817 [grpc-default-executor-0] INFO  impl.RaftServerImpl (ServerState.java:setLeader(255)) - 45b9bb25-ae31-4d68-a399-9c41f84c6f1f@group-6637E72C4CD2: change Leader from null to 1ff6fe31-ca4e-4bce-97c3-327c0762526d at term 1 for appendEntries, leader elected after 5164ms
2019-10-08 18:43:10,848 [grpc-default-executor-0] INFO  impl.RaftServerImpl (ServerState.java:setRaftConf(356)) - 5b5d9be7-1f51-4349-b8ce-df5d5bf715fa@group-6637E72C4CD2: set configuration 0: [45b9bb25-ae31-4d68-a399-9c41f84c6f1f:192.168.30.53:44055, 5b5d9be7-1f51-4349-b8ce-df5d5bf715fa:192.168.30.53:40601, 1ff6fe31-ca4e-4bce-97c3-327c0762526d:192.168.30.53:37428], old=null at 0
2019-10-08 18:43:10,848 [grpc-default-executor-4] INFO  impl.RaftServerImpl (ServerState.java:setRaftConf(356)) - 45b9bb25-ae31-4d68-a399-9c41f84c6f1f@group-6637E72C4CD2: set configuration 0: [45b9bb25-ae31-4d68-a399-9c41f84c6f1f:192.168.30.53:44055, 5b5d9be7-1f51-4349-b8ce-df5d5bf715fa:192.168.30.53:40601, 1ff6fe31-ca4e-4bce-97c3-327c0762526d:192.168.30.53:37428], old=null at 0
2019-10-08 18:43:10,849 [grpc-default-executor-0] INFO  segmented.SegmentedRaftLogWorker (SegmentedRaftLogWorker.java:startLogSegment(385)) - 5b5d9be7-1f51-4349-b8ce-df5d5bf715fa@group-6637E72C4CD2-SegmentedRaftLogWorker: Starting segment from index:0
2019-10-08 18:43:10,849 [grpc-default-executor-4] INFO  segmented.SegmentedRaftLogWorker (SegmentedRaftLogWorker.java:startLogSegment(385)) - 45b9bb25-ae31-4d68-a399-9c41f84c6f1f@group-6637E72C4CD2-SegmentedRaftLogWorker: Starting segment from index:0
2019-10-08 18:43:10,855 [1ff6fe31-ca4e-4bce-97c3-327c0762526d@group-6637E72C4CD2-SegmentedRaftLogWorker] INFO  segmented.SegmentedRaftLogWorker (SegmentedRaftLogWorker.java:execute(574)) - 1ff6fe31-ca4e-4bce-97c3-327c0762526d@group-6637E72C4CD2-SegmentedRaftLogWorker: created new log segment /workdir/hadoop-ozone/integration-test/target/test-dir/MiniOzoneClusterImpl-a6d256fe-17b9-4a9d-b520-d7d5387b904d/datanode-5/data/ratis/720ccb75-198d-4a88-9f3d-6637e72c4cd2/current/log_inprogress_0
2019-10-08 18:43:10,893 [45b9bb25-ae31-4d68-a399-9c41f84c6f1f@group-6637E72C4CD2-SegmentedRaftLogWorker] INFO  segmented.SegmentedRaftLogWorker (SegmentedRaftLogWorker.java:execute(574)) - 45b9bb25-ae31-4d68-a399-9c41f84c6f1f@group-6637E72C4CD2-SegmentedRaftLogWorker: created new log segment /workdir/hadoop-ozone/integration-test/target/test-dir/MiniOzoneClusterImpl-a6d256fe-17b9-4a9d-b520-d7d5387b904d/datanode-4/data/ratis/720ccb75-198d-4a88-9f3d-6637e72c4cd2/current/log_inprogress_0
2019-10-08 18:43:10,893 [5b5d9be7-1f51-4349-b8ce-df5d5bf715fa@group-6637E72C4CD2-SegmentedRaftLogWorker] INFO  segmented.SegmentedRaftLogWorker (SegmentedRaftLogWorker.java:execute(574)) - 5b5d9be7-1f51-4349-b8ce-df5d5bf715fa@group-6637E72C4CD2-SegmentedRaftLogWorker: created new log segment /workdir/hadoop-ozone/integration-test/target/test-dir/MiniOzoneClusterImpl-a6d256fe-17b9-4a9d-b520-d7d5387b904d/datanode-3/data/ratis/720ccb75-198d-4a88-9f3d-6637e72c4cd2/current/log_inprogress_0
2019-10-08 18:43:11,807 [Datanode State Machine Thread - 0] INFO  statemachine.DatanodeStateMachine (DatanodeStateMachine.java:lambda$startDaemon$0(350)) - Ozone container server started.
2019-10-08 18:43:15,812 [main] INFO  ozoneimpl.OzoneContainer (OzoneContainer.java:stop(227)) - Attempting to stop container services.
2019-10-08 18:43:15,814 [main] INFO  impl.RaftServerProxy (RaftServerProxy.java:lambda$close$4(314)) - aa548c8e-ad7a-464f-a14b-750fff37b319: close
2019-10-08 18:43:15,815 [main] INFO  impl.RaftServerImpl (RaftServerImpl.java:lambda$shutdown$3(247)) - aa548c8e-ad7a-464f-a14b-750fff37b319@group-2BAF55E57DFB: shutdown
2019-10-08 18:43:15,815 [main] INFO  util.JmxRegister (JmxRegister.java:unregister(73)) - Successfully un-registered JMX Bean with object name Ratis:service=RaftServer,group=group-2BAF55E57DFB,id=aa548c8e-ad7a-464f-a14b-750fff37b319
2019-10-08 18:43:15,816 [main] INFO  impl.RoleInfo (RoleInfo.java:shutdownFollowerState(121)) - aa548c8e-ad7a-464f-a14b-750fff37b319: shutdown FollowerState
2019-10-08 18:43:15,816 [main] INFO  impl.StateMachineUpdater (StateMachineUpdater.java:stopAndJoin(136)) - aa548c8e-ad7a-464f-a14b-750fff37b319@group-2BAF55E57DFB-StateMachineUpdater: set stopIndex = 2
2019-10-08 18:43:15,816 [aa548c8e-ad7a-464f-a14b-750fff37b319@group-2BAF55E57DFB-StateMachineUpdater] INFO  ratis.ContainerStateMachine (ContainerStateMachine.java:takeSnapshot(294)) - group-2BAF55E57DFB: Taking a snapshot at:(t:1, i:1) file /workdir/hadoop-ozone/integration-test/target/test-dir/MiniOzoneClusterImpl-a6d256fe-17b9-4a9d-b520-d7d5387b904d/datanode-1/data/ratis/99b30886-5932-45e3-8aa6-2baf55e57dfb/sm/snapshot.1_1
2019-10-08 18:43:15,816 [Thread-2425] INFO  impl.FollowerState (FollowerState.java:run(117)) - aa548c8e-ad7a-464f-a14b-750fff37b319@group-2BAF55E57DFB-FollowerState was interrupted: java.lang.InterruptedException: sleep interrupted
2019-10-08 18:43:15,836 [aa548c8e-ad7a-464f-a14b-750fff37b319@group-2BAF55E57DFB-StateMachineUpdater] INFO  ratis.ContainerStateMachine (ContainerStateMachine.java:takeSnapshot(305)) - group-2BAF55E57DFB: Finished taking a snapshot at:(t:1, i:1) file:/workdir/hadoop-ozone/integration-test/target/test-dir/MiniOzoneClusterImpl-a6d256fe-17b9-4a9d-b520-d7d5387b904d/datanode-1/data/ratis/99b30886-5932-45e3-8aa6-2baf55e57dfb/sm/snapshot.1_1 time:20
2019-10-08 18:43:15,836 [aa548c8e-ad7a-464f-a14b-750fff37b319@group-2BAF55E57DFB-StateMachineUpdater] INFO  impl.StateMachineUpdater (StateMachineUpdater.java:takeSnapshot(269)) - aa548c8e-ad7a-464f-a14b-750fff37b319@group-2BAF55E57DFB-StateMachineUpdater: Took a snapshot at index 1
2019-10-08 18:43:15,836 [aa548c8e-ad7a-464f-a14b-750fff37b319@group-2BAF55E57DFB-StateMachineUpdater] INFO  impl.StateMachineUpdater (StateMachineUpdater.java:lambda$new$0(84)) - aa548c8e-ad7a-464f-a14b-750fff37b319@group-2BAF55E57DFB-StateMachineUpdater: snapshotIndex: updateIncreasingly -1 -> 1
2019-10-08 18:43:15,837 [aa548c8e-ad7a-464f-a14b-750fff37b319@group-2BAF55E57DFB-StateMachineUpdater] INFO  ratis.ContainerStateMachine (ContainerStateMachine.java:takeSnapshot(294)) - group-2BAF55E57DFB: Taking a snapshot at:(t:1, i:1) file /workdir/hadoop-ozone/integration-test/target/test-dir/MiniOzoneClusterImpl-a6d256fe-17b9-4a9d-b520-d7d5387b904d/datanode-1/data/ratis/99b30886-5932-45e3-8aa6-2baf55e57dfb/sm/snapshot.1_1
2019-10-08 18:43:15,849 [aa548c8e-ad7a-464f-a14b-750fff37b319@group-2BAF55E57DFB-StateMachineUpdater] INFO  ratis.ContainerStateMachine (ContainerStateMachine.java:takeSnapshot(305)) - group-2BAF55E57DFB: Finished taking a snapshot at:(t:1, i:1) file:/workdir/hadoop-ozone/integration-test/target/test-dir/MiniOzoneClusterImpl-a6d256fe-17b9-4a9d-b520-d7d5387b904d/datanode-1/data/ratis/99b30886-5932-45e3-8aa6-2baf55e57dfb/sm/snapshot.1_1 time:12
2019-10-08 18:43:15,849 [aa548c8e-ad7a-464f-a14b-750fff37b319@group-2BAF55E57DFB-StateMachineUpdater] INFO  impl.StateMachineUpdater (StateMachineUpdater.java:takeSnapshot(269)) - aa548c8e-ad7a-464f-a14b-750fff37b319@group-2BAF55E57DFB-StateMachineUpdater: Took a snapshot at index 1
2019-10-08 18:43:15,849 [aa548c8e-ad7a-464f-a14b-750fff37b319@group-2BAF55E57DFB-StateMachineUpdater] INFO  impl.StateMachineUpdater (StateMachineUpdater.java:lambda$new$0(84)) - aa548c8e-ad7a-464f-a14b-750fff37b319@group-2BAF55E57DFB-StateMachineUpdater: snapshotIndex: updateIncreasingly 1 -> 1
2019-10-08 18:43:15,850 [main] INFO  impl.RaftServerImpl (ServerState.java:close(387)) - aa548c8e-ad7a-464f-a14b-750fff37b319@group-2BAF55E57DFB: closes. applyIndex: 2
2019-10-08 18:43:15,851 [aa548c8e-ad7a-464f-a14b-750fff37b319@group-2BAF55E57DFB-SegmentedRaftLogWorker] INFO  segmented.SegmentedRaftLogWorker (SegmentedRaftLogWorker.java:run(316)) - aa548c8e-ad7a-464f-a14b-750fff37b319@group-2BAF55E57DFB-SegmentedRaftLogWorker was interrupted, exiting. There are 0 tasks remaining in the queue.
2019-10-08 18:43:15,854 [main] INFO  segmented.SegmentedRaftLogWorker (SegmentedRaftLogWorker.java:close(224)) - aa548c8e-ad7a-464f-a14b-750fff37b319@group-2BAF55E57DFB-SegmentedRaftLogWorker close()
2019-10-08 18:43:15,860 [main] INFO  impl.RaftServerImpl (RaftServerImpl.java:lambda$shutdown$3(247)) - aa548c8e-ad7a-464f-a14b-750fff37b319@group-F5BFAB34F4A3: shutdown
2019-10-08 18:43:15,860 [main] INFO  util.JmxRegister (JmxRegister.java:unregister(73)) - Successfully un-registered JMX Bean with object name Ratis:service=RaftServer,group=group-F5BFAB34F4A3,id=aa548c8e-ad7a-464f-a14b-750fff37b319
2019-10-08 18:43:15,860 [main] INFO  impl.RoleInfo (RoleInfo.java:shutdownLeaderState(104)) - aa548c8e-ad7a-464f-a14b-750fff37b319: shutdown LeaderState
2019-10-08 18:43:15,861 [main] INFO  impl.PendingRequests (PendingRequests.java:sendNotLeaderResponses(202)) - aa548c8e-ad7a-464f-a14b-750fff37b319@group-F5BFAB34F4A3-PendingRequests: sendNotLeaderResponses
2019-10-08 18:43:15,861 [main] INFO  impl.StateMachineUpdater (StateMachineUpdater.java:stopAndJoin(136)) - aa548c8e-ad7a-464f-a14b-750fff37b319@group-F5BFAB34F4A3-StateMachineUpdater: set stopIndex = 0
2019-10-08 18:43:15,862 [main] INFO  impl.RaftServerImpl (ServerState.java:close(387)) - aa548c8e-ad7a-464f-a14b-750fff37b319@group-F5BFAB34F4A3: closes. applyIndex: 0
2019-10-08 18:43:15,862 [aa548c8e-ad7a-464f-a14b-750fff37b319@group-F5BFAB34F4A3-SegmentedRaftLogWorker] INFO  segmented.SegmentedRaftLogWorker (SegmentedRaftLogWorker.java:run(316)) - aa548c8e-ad7a-464f-a14b-750fff37b319@group-F5BFAB34F4A3-SegmentedRaftLogWorker was interrupted, exiting. There are 0 tasks remaining in the queue.
2019-10-08 18:43:15,865 [main] INFO  segmented.SegmentedRaftLogWorker (SegmentedRaftLogWorker.java:close(224)) - aa548c8e-ad7a-464f-a14b-750fff37b319@group-F5BFAB34F4A3-SegmentedRaftLogWorker close()
2019-10-08 18:43:15,871 [main] INFO  server.GrpcService (GrpcService.java:closeImpl(164)) - aa548c8e-ad7a-464f-a14b-750fff37b319: shutdown server with port 33676 now
2019-10-08 18:43:15,873 [grpc-default-executor-0] WARN  server.GrpcServerProtocolService (LogUtils.java:warn(134)) - aa548c8e-ad7a-464f-a14b-750fff37b319: installSnapshot onError, lastRequest: 4799d071-0706-4d7e-bea6-a2942a6423af->aa548c8e-ad7a-464f-a14b-750fff37b319#5-t1, previous=(t:1, i:2), leaderCommit=2, initializing? false, entries: <empty>: org.apache.ratis.thirdparty.io.grpc.StatusRuntimeException: CANCELLED: cancelled before receiving half close
2019-10-08 18:43:15,873 [grpc-default-executor-4] WARN  server.GrpcLogAppender (LogUtils.java:warn(134)) - 4799d071-0706-4d7e-bea6-a2942a6423af@group-2BAF55E57DFB->aa548c8e-ad7a-464f-a14b-750fff37b319-AppendLogResponseHandler: Failed appendEntries: org.apache.ratis.thirdparty.io.grpc.StatusRuntimeException: CANCELLED: HTTP/2 error code: CANCEL
Received Rst Stream
2019-10-08 18:43:15,873 [main] INFO  server.GrpcService (GrpcService.java:closeImpl(172)) - aa548c8e-ad7a-464f-a14b-750fff37b319: shutdown server with port 33676 successfully
2019-10-08 18:43:15,873 [grpc-default-executor-4] INFO  impl.FollowerInfo (FollowerInfo.java:lambda$new$0(51)) - 4799d071-0706-4d7e-bea6-a2942a6423af@group-2BAF55E57DFB->aa548c8e-ad7a-464f-a14b-750fff37b319: nextIndex: updateUnconditionally 3 -> 2
2019-10-08 18:43:15,876 [refreshUsed-/workdir/hadoop-ozone/integration-test/target/test-dir/MiniOzoneClusterImpl-a6d256fe-17b9-4a9d-b520-d7d5387b904d/datanode-1/data/containers] WARN  fs.CachingGetSpaceUsed (CachingGetSpaceUsed.java:run(183)) - Thread Interrupted waiting to refresh disk information: sleep interrupted
2019-10-08 18:43:15,895 [main] INFO  utils.BackgroundService (BackgroundService.java:shutdown(148)) - Shutting down service BlockDeletingService
2019-10-08 18:43:15,902 [main] INFO  statemachine.DatanodeStateMachine (DatanodeStateMachine.java:stopDaemon(395)) - Ozone container server stopped.
2019-10-08 18:43:15,904 [main] INFO  handler.ContextHandler (ContextHandler.java:doStop(910)) - Stopped o.e.j.w.WebAppContext@5c8d58ed{/,null,UNAVAILABLE}{/hddsDatanode}
2019-10-08 18:43:15,905 [main] INFO  server.AbstractConnector (AbstractConnector.java:doStop(318)) - Stopped ServerConnector@6a567f7b{HTTP/1.1,[http/1.1]}{0.0.0.0:0}
2019-10-08 18:43:15,905 [main] INFO  handler.ContextHandler (ContextHandler.java:doStop(910)) - Stopped o.e.j.s.ServletContextHandler@515ab3f2{/static,jar:file:/home/user/.m2/repository/org/apache/hadoop/hadoop-hdds-container-service/0.5.0-SNAPSHOT/hadoop-hdds-container-service-0.5.0-SNAPSHOT.jar!/webapps/static,UNAVAILABLE}
2019-10-08 18:43:15,906 [main] INFO  handler.ContextHandler (ContextHandler.java:doStop(910)) - Stopped o.e.j.s.ServletContextHandler@5438fa43{/logs,file:///workdir/hadoop-ozone/integration-test/target/log,UNAVAILABLE}
2019-10-08 18:43:15,918 [grpc-default-executor-9] WARN  server.GrpcLogAppender (LogUtils.java:warn(134)) - 4799d071-0706-4d7e-bea6-a2942a6423af@group-2BAF55E57DFB->aa548c8e-ad7a-464f-a14b-750fff37b319-AppendLogResponseHandler: Failed appendEntries: org.apache.ratis.thirdparty.io.grpc.StatusRuntimeException: UNAVAILABLE: io exception
2019-10-08 18:43:15,918 [grpc-default-executor-9] INFO  impl.FollowerInfo (FollowerInfo.java:lambda$new$0(51)) - 4799d071-0706-4d7e-bea6-a2942a6423af@group-2BAF55E57DFB->aa548c8e-ad7a-464f-a14b-750fff37b319: nextIndex: updateUnconditionally 3 -> 2
2019-10-08 18:43:15,933 [grpc-default-executor-4] WARN  server.GrpcLogAppender (LogUtils.java:warn(134)) - 4799d071-0706-4d7e-bea6-a2942a6423af@group-2BAF55E57DFB->aa548c8e-ad7a-464f-a14b-750fff37b319-AppendLogResponseHandler: Failed appendEntries: org.apache.ratis.thirdparty.io.grpc.StatusRuntimeException: UNAVAILABLE: io exception
2019-10-08 18:43:15,934 [grpc-default-executor-4] INFO  impl.FollowerInfo (FollowerInfo.java:lambda$new$0(51)) - 4799d071-0706-4d7e-bea6-a2942a6423af@group-2BAF55E57DFB->aa548c8e-ad7a-464f-a14b-750fff37b319: nextIndex: updateUnconditionally 3 -> 2
2019-10-08 18:43:15,947 [grpc-default-executor-9] WARN  server.GrpcLogAppender (LogUtils.java:warn(134)) - 4799d071-0706-4d7e-bea6-a2942a6423af@group-2BAF55E57DFB->aa548c8e-ad7a-464f-a14b-750fff37b319-AppendLogResponseHandler: Failed appendEntries: org.apache.ratis.thirdparty.io.grpc.StatusRuntimeException: UNAVAILABLE: io exception
2019-10-08 18:43:15,947 [grpc-default-executor-9] INFO  impl.FollowerInfo (FollowerInfo.java:lambda$new$0(51)) - 4799d071-0706-4d7e-bea6-a2942a6423af@group-2BAF55E57DFB->aa548c8e-ad7a-464f-a14b-750fff37b319: nextIndex: updateUnconditionally 3 -> 2
2019-10-08 18:43:15,961 [EventQueue-IncrementalContainerReportForIncrementalContainerReportHandler] WARN  container.IncrementalContainerReportHandler (AbstractContainerReportHandler.java:updateContainerState(143)) - Container #1 is in OPEN state, but the datanode 4799d071-0706-4d7e-bea6-a2942a6423af{ip: 192.168.30.53, host: pr-hdds-1984-jmsdc-1452173494, networkLocation: /default-rack, certSerialId: null} reports an CLOSING replica.
2019-10-08 18:43:15,962 [EventQueue-IncrementalContainerReportForIncrementalContainerReportHandler] WARN  container.IncrementalContainerReportHandler (AbstractContainerReportHandler.java:updateContainerState(143)) - Container #1 is in OPEN state, but the datanode 37dc53b4-77b9-4af3-bb45-092787be41b0{ip: 192.168.30.53, host: pr-hdds-1984-jmsdc-1452173494, networkLocation: /default-rack, certSerialId: null} reports an CLOSING replica.
2019-10-08 18:43:16,018 [RatisApplyTransactionExecutor 1] INFO  interfaces.Container (KeyValueContainer.java:flushAndSyncDB(386)) - Container 1 is synced with bcsId 0.
2019-10-08 18:43:16,064 [RatisApplyTransactionExecutor 1] INFO  interfaces.Container (KeyValueContainer.java:flushAndSyncDB(386)) - Container 1 is synced with bcsId 0.
2019-10-08 18:43:16,076 [RatisApplyTransactionExecutor 1] INFO  interfaces.Container (KeyValueContainer.java:flushAndSyncDB(386)) - Container 1 is synced with bcsId 0.
2019-10-08 18:43:16,076 [RatisApplyTransactionExecutor 1] INFO  interfaces.Container (KeyValueContainer.java:flushAndSyncDB(386)) - Container 1 is synced with bcsId 0.
2019-10-08 18:43:16,090 [RatisApplyTransactionExecutor 1] INFO  interfaces.Container (KeyValueContainer.java:close(335)) - Container 1 is closed with bcsId 0.
2019-10-08 18:43:16,090 [RatisApplyTransactionExecutor 1] INFO  interfaces.Container (KeyValueContainer.java:close(335)) - Container 1 is closed with bcsId 0.
2019-10-08 18:43:16,095 [EventQueue-IncrementalContainerReportForIncrementalContainerReportHandler] WARN  container.IncrementalContainerReportHandler (AbstractContainerReportHandler.java:updateContainerState(143)) - Container #1 is in OPEN state, but the datanode 4799d071-0706-4d7e-bea6-a2942a6423af{ip: 192.168.30.53, host: pr-hdds-1984-jmsdc-1452173494, networkLocation: /default-rack, certSerialId: null} reports an CLOSED replica.
2019-10-08 18:43:16,095 [EventQueue-IncrementalContainerReportForIncrementalContainerReportHandler] WARN  container.IncrementalContainerReportHandler (AbstractContainerReportHandler.java:updateContainerState(143)) - Container #1 is in OPEN state, but the datanode 37dc53b4-77b9-4af3-bb45-092787be41b0{ip: 192.168.30.53, host: pr-hdds-1984-jmsdc-1452173494, networkLocation: /default-rack, certSerialId: null} reports an CLOSED replica.
2019-10-08 18:43:18,448 [grpc-default-executor-4] WARN  server.GrpcLogAppender (LogUtils.java:warn(134)) - 4799d071-0706-4d7e-bea6-a2942a6423af@group-2BAF55E57DFB->aa548c8e-ad7a-464f-a14b-750fff37b319-AppendLogResponseHandler: Failed appendEntries: org.apache.ratis.thirdparty.io.grpc.StatusRuntimeException: UNAVAILABLE: io exception
2019-10-08 18:43:18,456 [grpc-default-executor-4] INFO  impl.FollowerInfo (FollowerInfo.java:lambda$new$0(51)) - 4799d071-0706-4d7e-bea6-a2942a6423af@group-2BAF55E57DFB->aa548c8e-ad7a-464f-a14b-750fff37b319: nextIndex: updateUnconditionally 2 -> 1
2019-10-08 18:43:19,097 [main] WARN  scm.XceiverClientRatis (XceiverClientRatis.java:watchForCommit(269)) - 3 way commit failed on pipeline Pipeline[ Id: 99b30886-5932-45e3-8aa6-2baf55e57dfb, Nodes: aa548c8e-ad7a-464f-a14b-750fff37b319{ip: 192.168.30.53, host: pr-hdds-1984-jmsdc-1452173494, networkLocation: /default-rack, certSerialId: null}4799d071-0706-4d7e-bea6-a2942a6423af{ip: 192.168.30.53, host: pr-hdds-1984-jmsdc-1452173494, networkLocation: /default-rack, certSerialId: null}37dc53b4-77b9-4af3-bb45-092787be41b0{ip: 192.168.30.53, host: pr-hdds-1984-jmsdc-1452173494, networkLocation: /default-rack, certSerialId: null}, Type:RATIS, Factor:THREE, State:OPEN]
java.util.concurrent.TimeoutException
	at java.util.concurrent.CompletableFuture.timedGet(CompletableFuture.java:1771)
	at java.util.concurrent.CompletableFuture.get(CompletableFuture.java:1915)
	at org.apache.hadoop.hdds.scm.XceiverClientRatis.watchForCommit(XceiverClientRatis.java:266)
	at org.apache.hadoop.ozone.client.rpc.TestWatchForCommit.test2WayCommitForTimeoutException(TestWatchForCommit.java:391)
	at sun.reflect.NativeMethodAccessorImpl.invoke0(Native Method)
	at sun.reflect.NativeMethodAccessorImpl.invoke(NativeMethodAccessorImpl.java:62)
	at sun.reflect.DelegatingMethodAccessorImpl.invoke(DelegatingMethodAccessorImpl.java:43)
	at java.lang.reflect.Method.invoke(Method.java:498)
	at org.junit.runners.model.FrameworkMethod$1.runReflectiveCall(FrameworkMethod.java:47)
	at org.junit.internal.runners.model.ReflectiveCallable.run(ReflectiveCallable.java:12)
	at org.junit.runners.model.FrameworkMethod.invokeExplosively(FrameworkMethod.java:44)
	at org.junit.internal.runners.statements.InvokeMethod.evaluate(InvokeMethod.java:17)
	at org.junit.runners.ParentRunner.runLeaf(ParentRunner.java:271)
	at org.junit.runners.BlockJUnit4ClassRunner.runChild(BlockJUnit4ClassRunner.java:70)
	at org.junit.runners.BlockJUnit4ClassRunner.runChild(BlockJUnit4ClassRunner.java:50)
	at org.junit.runners.ParentRunner$3.run(ParentRunner.java:238)
	at org.junit.runners.ParentRunner$1.schedule(ParentRunner.java:63)
	at org.junit.runners.ParentRunner.runChildren(ParentRunner.java:236)
	at org.junit.runners.ParentRunner.access$000(ParentRunner.java:53)
	at org.junit.runners.ParentRunner$2.evaluate(ParentRunner.java:229)
	at org.junit.runners.ParentRunner.run(ParentRunner.java:309)
	at org.apache.maven.surefire.junit4.JUnit4Provider.execute(JUnit4Provider.java:365)
	at org.apache.maven.surefire.junit4.JUnit4Provider.executeWithRerun(JUnit4Provider.java:273)
	at org.apache.maven.surefire.junit4.JUnit4Provider.executeTestSet(JUnit4Provider.java:238)
	at org.apache.maven.surefire.junit4.JUnit4Provider.invoke(JUnit4Provider.java:159)
	at org.apache.maven.surefire.booter.ForkedBooter.invokeProviderInSameClassLoader(ForkedBooter.java:384)
	at org.apache.maven.surefire.booter.ForkedBooter.runSuitesInProcess(ForkedBooter.java:345)
	at org.apache.maven.surefire.booter.ForkedBooter.execute(ForkedBooter.java:126)
	at org.apache.maven.surefire.booter.ForkedBooter.main(ForkedBooter.java:418)
2019-10-08 18:43:19,113 [Thread-2486] INFO  client.GrpcClientProtocolService (GrpcClientProtocolService.java:lambda$processClientRequest$0(278)) - Failed RaftClientRequest:client-2B804DF8CE40->37dc53b4-77b9-4af3-bb45-092787be41b0@group-2BAF55E57DFB, cid=106, seq=0, Watch-MAJORITY_COMMITTED(3), Message:<EMPTY>, reply=RaftClientReply:client-2B804DF8CE40->37dc53b4-77b9-4af3-bb45-092787be41b0@group-2BAF55E57DFB, cid=106, FAILED org.apache.ratis.protocol.NotLeaderException: Server 37dc53b4-77b9-4af3-bb45-092787be41b0@group-2BAF55E57DFB is not the leader 4799d071-0706-4d7e-bea6-a2942a6423af:192.168.30.53:39953, logIndex=0, commits[37dc53b4-77b9-4af3-bb45-092787be41b0:c4, 4799d071-0706-4d7e-bea6-a2942a6423af:c4, aa548c8e-ad7a-464f-a14b-750fff37b319:c2]
2019-10-08 18:43:20,953 [grpc-default-executor-0] WARN  server.GrpcLogAppender (LogUtils.java:warn(134)) - 4799d071-0706-4d7e-bea6-a2942a6423af@group-2BAF55E57DFB->aa548c8e-ad7a-464f-a14b-750fff37b319-AppendLogResponseHandler: Failed appendEntries: org.apache.ratis.thirdparty.io.grpc.StatusRuntimeException: UNAVAILABLE: io exception
2019-10-08 18:43:20,958 [grpc-default-executor-0] INFO  impl.FollowerInfo (FollowerInfo.java:lambda$new$0(51)) - 4799d071-0706-4d7e-bea6-a2942a6423af@group-2BAF55E57DFB->aa548c8e-ad7a-464f-a14b-750fff37b319: nextIndex: updateUnconditionally 1 -> 0
]]></system-out>
    <system-err><![CDATA[Oct 08, 2019 6:43:15 PM org.apache.ratis.thirdparty.io.grpc.internal.SerializingExecutor run
SEVERE: Exception while executing runnable org.apache.ratis.thirdparty.io.grpc.internal.ServerImpl$JumpToApplicationThreadServerStreamListener$1Closed@627ed2e9
org.apache.ratis.thirdparty.io.grpc.StatusRuntimeException: CANCELLED: call already cancelled
	at org.apache.ratis.thirdparty.io.grpc.Status.asRuntimeException(Status.java:517)
	at org.apache.ratis.thirdparty.io.grpc.stub.ServerCalls$ServerCallStreamObserverImpl.onCompleted(ServerCalls.java:356)
	at org.apache.ratis.grpc.server.GrpcServerProtocolService$ServerRequestStreamObserver.onError(GrpcServerProtocolService.java:121)
	at org.apache.ratis.thirdparty.io.grpc.stub.ServerCalls$StreamingServerCallHandler$StreamingServerCallListener.onCancel(ServerCalls.java:269)
	at org.apache.ratis.thirdparty.io.grpc.internal.ServerCallImpl$ServerStreamListenerImpl.closed(ServerCallImpl.java:293)
	at org.apache.ratis.thirdparty.io.grpc.internal.ServerImpl$JumpToApplicationThreadServerStreamListener$1Closed.runInContext(ServerImpl.java:741)
	at org.apache.ratis.thirdparty.io.grpc.internal.ContextRunnable.run(ContextRunnable.java:37)
	at org.apache.ratis.thirdparty.io.grpc.internal.SerializingExecutor.run(SerializingExecutor.java:123)
	at java.util.concurrent.ThreadPoolExecutor.runWorker(ThreadPoolExecutor.java:1149)
	at java.util.concurrent.ThreadPoolExecutor$Worker.run(ThreadPoolExecutor.java:624)
	at java.lang.Thread.run(Thread.java:748)

]]></system-err>
  </testcase>
</testsuite>