<?xml version="1.0" encoding="UTF-8"?>
<testsuite xmlns:xsi="http://www.w3.org/2001/XMLSchema-instance" xsi:noNamespaceSchemaLocation="https://maven.apache.org/surefire/maven-surefire-plugin/xsd/surefire-test-report.xsd" name="org.apache.hadoop.ozone.client.rpc.TestBlockOutputStreamWithFailures" time="687.765" tests="8" errors="0" skipped="0" failures="1">
  <properties>
    <property name="awt.toolkit" value="sun.awt.X11.XToolkit"/>
    <property name="file.encoding.pkg" value="sun.io"/>
    <property name="java.specification.version" value="1.8"/>
    <property name="sun.cpu.isalist" value=""/>
    <property name="sun.jnu.encoding" value="UTF-8"/>
    <property name="java.class.path" value="/workdir/hadoop-ozone/integration-test/target/test-classes:/workdir/hadoop-ozone/integration-test/target/classes:/home/user/.m2/repository/org/apache/hadoop/hadoop-ozone-common/0.5.0-SNAPSHOT/hadoop-ozone-common-0.5.0-SNAPSHOT.jar:/home/user/.m2/repository/org/apache/commons/commons-compress/1.4.1/commons-compress-1.4.1.jar:/home/user/.m2/repository/org/tukaani/xz/1.0/xz-1.0.jar:/home/user/.m2/repository/org/apache/hadoop/hadoop-common/3.2.0/hadoop-common-3.2.0.jar:/home/user/.m2/repository/org/apache/hadoop/hadoop-hdfs/3.2.0/hadoop-hdfs-3.2.0.jar:/home/user/.m2/repository/org/apache/hadoop/hadoop-hdfs-client/3.2.0/hadoop-hdfs-client-3.2.0.jar:/home/user/.m2/repository/com/fasterxml/jackson/core/jackson-annotations/2.9.9/jackson-annotations-2.9.9.jar:/home/user/.m2/repository/org/apache/hadoop/hadoop-hdds-common/0.5.0-SNAPSHOT/hadoop-hdds-common-0.5.0-SNAPSHOT.jar:/home/user/.m2/repository/javax/annotation/javax.annotation-api/1.2/javax.annotation-api-1.2.jar:/home/user/.m2/repository/org/apache/ratis/ratis-server/0.5.0-201fc85-SNAPSHOT/ratis-server-0.5.0-201fc85-SNAPSHOT.jar:/home/user/.m2/repository/org/apache/ratis/ratis-thirdparty-misc/0.2.0/ratis-thirdparty-misc-0.2.0.jar:/home/user/.m2/repository/org/apache/ratis/ratis-proto/0.5.0-201fc85-SNAPSHOT/ratis-proto-0.5.0-201fc85-SNAPSHOT.jar:/home/user/.m2/repository/org/apache/ratis/ratis-common/0.5.0-201fc85-SNAPSHOT/ratis-common-0.5.0-201fc85-SNAPSHOT.jar:/home/user/.m2/repository/org/apache/ratis/ratis-client/0.5.0-201fc85-SNAPSHOT/ratis-client-0.5.0-201fc85-SNAPSHOT.jar:/home/user/.m2/repository/org/apache/ratis/ratis-metrics/0.5.0-201fc85-SNAPSHOT/ratis-metrics-0.5.0-201fc85-SNAPSHOT.jar:/home/user/.m2/repository/com/github/joshelser/dropwizard-metrics-hadoop-metrics2-reporter/0.1.2/dropwizard-metrics-hadoop-metrics2-reporter-0.1.2.jar:/home/user/.m2/repository/io/dropwizard/metrics/metrics-jvm/3.2.5/metrics-jvm-3.2.5.jar:/home/user/.m2/repository/io/dropwizard/metrics/metrics-ganglia/3.2.5/metrics-ganglia-3.2.5.jar:/home/user/.m2/repository/info/ganglia/gmetric4j/gmetric4j/1.0.7/gmetric4j-1.0.7.jar:/home/user/.m2/repository/org/apache/ratis/ratis-netty/0.5.0-201fc85-SNAPSHOT/ratis-netty-0.5.0-201fc85-SNAPSHOT.jar:/home/user/.m2/repository/org/apache/ratis/ratis-grpc/0.5.0-201fc85-SNAPSHOT/ratis-grpc-0.5.0-201fc85-SNAPSHOT.jar:/home/user/.m2/repository/org/rocksdb/rocksdbjni/6.0.1/rocksdbjni-6.0.1.jar:/home/user/.m2/repository/org/apache/logging/log4j/log4j-api/2.11.0/log4j-api-2.11.0.jar:/home/user/.m2/repository/org/apache/logging/log4j/log4j-core/2.11.0/log4j-core-2.11.0.jar:/home/user/.m2/repository/com/lmax/disruptor/3.4.2/disruptor-3.4.2.jar:/home/user/.m2/repository/org/apache/commons/commons-pool2/2.6.0/commons-pool2-2.6.0.jar:/home/user/.m2/repository/org/bouncycastle/bcpkix-jdk15on/1.60/bcpkix-jdk15on-1.60.jar:/home/user/.m2/repository/commons-validator/commons-validator/1.6/commons-validator-1.6.jar:/home/user/.m2/repository/commons-digester/commons-digester/1.8.1/commons-digester-1.8.1.jar:/home/user/.m2/repository/io/jaegertracing/jaeger-client/0.34.0/jaeger-client-0.34.0.jar:/home/user/.m2/repository/io/jaegertracing/jaeger-thrift/0.34.0/jaeger-thrift-0.34.0.jar:/home/user/.m2/repository/org/apache/thrift/libthrift/0.12.0/libthrift-0.12.0.jar:/home/user/.m2/repository/com/squareup/okhttp3/okhttp/3.9.0/okhttp-3.9.0.jar:/home/user/.m2/repository/com/squareup/okio/okio/1.13.0/okio-1.13.0.jar:/home/user/.m2/repository/io/jaegertracing/jaeger-core/0.34.0/jaeger-core-0.34.0.jar:/home/user/.m2/repository/io/jaegertracing/jaeger-tracerresolver/0.34.0/jaeger-tracerresolver-0.34.0.jar:/home/user/.m2/repository/io/opentracing/contrib/opentracing-tracerresolver/0.1.5/opentracing-tracerresolver-0.1.5.jar:/home/user/.m2/repository/io/opentracing/opentracing-util/0.31.0/opentracing-util-0.31.0.jar:/home/user/.m2/repository/io/opentracing/opentracing-api/0.31.0/opentracing-api-0.31.0.jar:/home/user/.m2/repository/io/opentracing/opentracing-noop/0.31.0/opentracing-noop-0.31.0.jar:/home/user/.m2/repository/org/apache/hadoop/hadoop-hdds-server-framework/0.5.0-SNAPSHOT/hadoop-hdds-server-framework-0.5.0-SNAPSHOT.jar:/home/user/.m2/repository/org/apache/hadoop/hadoop-hdds-container-service/0.5.0-SNAPSHOT/hadoop-hdds-container-service-0.5.0-SNAPSHOT.jar:/home/user/.m2/repository/org/apache/hadoop/hadoop-hdds-client/0.5.0-SNAPSHOT/hadoop-hdds-client-0.5.0-SNAPSHOT.jar:/home/user/.m2/repository/org/apache/hadoop/hadoop-hdds-tools/0.5.0-SNAPSHOT/hadoop-hdds-tools-0.5.0-SNAPSHOT.jar:/home/user/.m2/repository/org/apache/hadoop/hadoop-hdds-server-scm/0.5.0-SNAPSHOT/hadoop-hdds-server-scm-0.5.0-SNAPSHOT.jar:/home/user/.m2/repository/org/apache/hadoop/hadoop-hdds-docs/0.5.0-SNAPSHOT/hadoop-hdds-docs-0.5.0-SNAPSHOT.jar:/home/user/.m2/repository/io/dropwizard/metrics/metrics-core/3.2.4/metrics-core-3.2.4.jar:/home/user/.m2/repository/org/hamcrest/hamcrest-all/1.3/hamcrest-all-1.3.jar:/home/user/.m2/repository/org/bouncycastle/bcprov-jdk15on/1.60/bcprov-jdk15on-1.60.jar:/home/user/.m2/repository/info/picocli/picocli/3.9.6/picocli-3.9.6.jar:/home/user/.m2/repository/com/google/protobuf/protobuf-java/2.5.0/protobuf-java-2.5.0.jar:/home/user/.m2/repository/com/google/guava/guava/11.0.2/guava-11.0.2.jar:/home/user/.m2/repository/org/apache/hadoop/hadoop-ozone-ozone-manager/0.5.0-SNAPSHOT/hadoop-ozone-ozone-manager-0.5.0-SNAPSHOT.jar:/home/user/.m2/repository/org/apache/hadoop/hadoop-minikdc/3.2.0/hadoop-minikdc-3.2.0.jar:/home/user/.m2/repository/commons-io/commons-io/2.5/commons-io-2.5.jar:/home/user/.m2/repository/org/apache/kerby/kerb-simplekdc/1.0.1/kerb-simplekdc-1.0.1.jar:/home/user/.m2/repository/org/apache/kerby/kerb-client/1.0.1/kerb-client-1.0.1.jar:/home/user/.m2/repository/org/apache/kerby/kerby-config/1.0.1/kerby-config-1.0.1.jar:/home/user/.m2/repository/org/apache/kerby/kerb-core/1.0.1/kerb-core-1.0.1.jar:/home/user/.m2/repository/org/apache/kerby/kerby-pkix/1.0.1/kerby-pkix-1.0.1.jar:/home/user/.m2/repository/org/apache/kerby/kerby-asn1/1.0.1/kerby-asn1-1.0.1.jar:/home/user/.m2/repository/org/apache/kerby/kerby-util/1.0.1/kerby-util-1.0.1.jar:/home/user/.m2/repository/org/apache/kerby/kerb-common/1.0.1/kerb-common-1.0.1.jar:/home/user/.m2/repository/org/apache/kerby/kerb-crypto/1.0.1/kerb-crypto-1.0.1.jar:/home/user/.m2/repository/org/apache/kerby/kerb-util/1.0.1/kerb-util-1.0.1.jar:/home/user/.m2/repository/org/apache/kerby/token-provider/1.0.1/token-provider-1.0.1.jar:/home/user/.m2/repository/org/apache/kerby/kerb-admin/1.0.1/kerb-admin-1.0.1.jar:/home/user/.m2/repository/org/apache/kerby/kerb-server/1.0.1/kerb-server-1.0.1.jar:/home/user/.m2/repository/org/apache/kerby/kerb-identity/1.0.1/kerb-identity-1.0.1.jar:/home/user/.m2/repository/org/apache/kerby/kerby-xdr/1.0.1/kerby-xdr-1.0.1.jar:/home/user/.m2/repository/org/slf4j/slf4j-log4j12/1.7.25/slf4j-log4j12-1.7.25.jar:/home/user/.m2/repository/org/apache/hadoop/hadoop-ozone-s3gateway/0.5.0-SNAPSHOT/hadoop-ozone-s3gateway-0.5.0-SNAPSHOT.jar:/home/user/.m2/repository/org/jboss/weld/servlet/weld-servlet/2.4.7.Final/weld-servlet-2.4.7.Final.jar:/home/user/.m2/repository/org/glassfish/jersey/containers/jersey-container-servlet-core/2.27/jersey-container-servlet-core-2.27.jar:/home/user/.m2/repository/org/glassfish/hk2/external/javax.inject/2.5.0-b42/javax.inject-2.5.0-b42.jar:/home/user/.m2/repository/org/glassfish/jersey/core/jersey-common/2.27/jersey-common-2.27.jar:/home/user/.m2/repository/org/glassfish/hk2/osgi-resource-locator/1.0.1/osgi-resource-locator-1.0.1.jar:/home/user/.m2/repository/javax/ws/rs/javax.ws.rs-api/2.1/javax.ws.rs-api-2.1.jar:/home/user/.m2/repository/org/glassfish/jersey/ext/cdi/jersey-cdi1x/2.27/jersey-cdi1x-2.27.jar:/home/user/.m2/repository/org/glassfish/jersey/inject/jersey-hk2/2.27/jersey-hk2-2.27.jar:/home/user/.m2/repository/org/glassfish/hk2/hk2-locator/2.5.0-b42/hk2-locator-2.5.0-b42.jar:/home/user/.m2/repository/org/javassist/javassist/3.22.0-CR2/javassist-3.22.0-CR2.jar:/home/user/.m2/repository/org/glassfish/hk2/hk2-api/2.5.0/hk2-api-2.5.0.jar:/home/user/.m2/repository/org/glassfish/hk2/external/jakarta.inject/2.5.0/jakarta.inject-2.5.0.jar:/home/user/.m2/repository/org/glassfish/hk2/hk2-utils/2.5.0/hk2-utils-2.5.0.jar:/home/user/.m2/repository/jakarta/annotation/jakarta.annotation-api/1.3.4/jakarta.annotation-api-1.3.4.jar:/home/user/.m2/repository/org/glassfish/hk2/external/aopalliance-repackaged/2.5.0/aopalliance-repackaged-2.5.0.jar:/home/user/.m2/repository/com/fasterxml/jackson/dataformat/jackson-dataformat-xml/2.9.0/jackson-dataformat-xml-2.9.0.jar:/home/user/.m2/repository/com/fasterxml/jackson/core/jackson-core/2.9.9/jackson-core-2.9.9.jar:/home/user/.m2/repository/com/fasterxml/jackson/module/jackson-module-jaxb-annotations/2.9.9/jackson-module-jaxb-annotations-2.9.9.jar:/home/user/.m2/repository/javax/enterprise/cdi-api/1.2/cdi-api-1.2.jar:/home/user/.m2/repository/javax/el/javax.el-api/3.0.0/javax.el-api-3.0.0.jar:/home/user/.m2/repository/javax/interceptor/javax.interceptor-api/1.2/javax.interceptor-api-1.2.jar:/home/user/.m2/repository/javax/inject/javax.inject/1/javax.inject-1.jar:/home/user/.m2/repository/com/sun/xml/bind/jaxb-impl/2.3.0.1/jaxb-impl-2.3.0.1.jar:/home/user/.m2/repository/com/sun/xml/bind/jaxb-core/2.3.0.1/jaxb-core-2.3.0.1.jar:/home/user/.m2/repository/javax/xml/bind/jaxb-api/2.3.0/jaxb-api-2.3.0.jar:/home/user/.m2/repository/javax/activation/activation/1.1.1/activation-1.1.1.jar:/home/user/.m2/repository/org/apache/hadoop/hadoop-ozone-csi/0.5.0-SNAPSHOT/hadoop-ozone-csi-0.5.0-SNAPSHOT.jar:/home/user/.m2/repository/com/google/protobuf/protobuf-java-util/3.5.1/protobuf-java-util-3.5.1.jar:/home/user/.m2/repository/org/apache/hadoop/hadoop-hdds-config/0.5.0-SNAPSHOT/hadoop-hdds-config-0.5.0-SNAPSHOT.jar:/home/user/.m2/repository/io/grpc/grpc-netty/1.17.1/grpc-netty-1.17.1.jar:/home/user/.m2/repository/io/grpc/grpc-core/1.17.1/grpc-core-1.17.1.jar:/home/user/.m2/repository/io/grpc/grpc-context/1.17.1/grpc-context-1.17.1.jar:/home/user/.m2/repository/com/google/errorprone/error_prone_annotations/2.2.0/error_prone_annotations-2.2.0.jar:/home/user/.m2/repository/org/codehaus/mojo/animal-sniffer-annotations/1.17/animal-sniffer-annotations-1.17.jar:/home/user/.m2/repository/io/opencensus/opencensus-api/0.17.0/opencensus-api-0.17.0.jar:/home/user/.m2/repository/io/opencensus/opencensus-contrib-grpc-metrics/0.17.0/opencensus-contrib-grpc-metrics-0.17.0.jar:/home/user/.m2/repository/io/netty/netty-codec-http2/4.1.30.Final/netty-codec-http2-4.1.30.Final.jar:/home/user/.m2/repository/io/netty/netty-codec-http/4.1.30.Final/netty-codec-http-4.1.30.Final.jar:/home/user/.m2/repository/io/netty/netty-codec/4.1.30.Final/netty-codec-4.1.30.Final.jar:/home/user/.m2/repository/io/netty/netty-handler/4.1.30.Final/netty-handler-4.1.30.Final.jar:/home/user/.m2/repository/io/netty/netty-handler-proxy/4.1.30.Final/netty-handler-proxy-4.1.30.Final.jar:/home/user/.m2/repository/io/netty/netty-codec-socks/4.1.30.Final/netty-codec-socks-4.1.30.Final.jar:/home/user/.m2/repository/io/netty/netty-transport-native-epoll/4.1.30.Final/netty-transport-native-epoll-4.1.30.Final.jar:/home/user/.m2/repository/io/netty/netty-common/4.1.30.Final/netty-common-4.1.30.Final.jar:/home/user/.m2/repository/io/netty/netty-buffer/4.1.30.Final/netty-buffer-4.1.30.Final.jar:/home/user/.m2/repository/io/netty/netty-transport/4.1.30.Final/netty-transport-4.1.30.Final.jar:/home/user/.m2/repository/io/netty/netty-resolver/4.1.30.Final/netty-resolver-4.1.30.Final.jar:/home/user/.m2/repository/io/netty/netty-transport-native-unix-common/4.1.30.Final/netty-transport-native-unix-common-4.1.30.Final.jar:/home/user/.m2/repository/io/grpc/grpc-protobuf/1.17.1/grpc-protobuf-1.17.1.jar:/home/user/.m2/repository/com/google/api/grpc/proto-google-common-protos/1.0.0/proto-google-common-protos-1.0.0.jar:/home/user/.m2/repository/io/grpc/grpc-protobuf-lite/1.17.1/grpc-protobuf-lite-1.17.1.jar:/home/user/.m2/repository/io/grpc/grpc-stub/1.17.1/grpc-stub-1.17.1.jar:/home/user/.m2/repository/org/apache/hadoop/hadoop-ozone-recon/0.5.0-SNAPSHOT/hadoop-ozone-recon-0.5.0-SNAPSHOT.jar:/home/user/.m2/repository/org/apache/hadoop/hadoop-ozone-reconcodegen/0.5.0-SNAPSHOT/hadoop-ozone-reconcodegen-0.5.0-SNAPSHOT.jar:/home/user/.m2/repository/com/google/inject/extensions/guice-multibindings/4.0/guice-multibindings-4.0.jar:/home/user/.m2/repository/com/google/inject/guice/4.0/guice-4.0.jar:/home/user/.m2/repository/aopalliance/aopalliance/1.0/aopalliance-1.0.jar:/home/user/.m2/repository/com/google/inject/extensions/guice-servlet/4.0/guice-servlet-4.0.jar:/home/user/.m2/repository/org/glassfish/jersey/containers/jersey-container-servlet/2.27/jersey-container-servlet-2.27.jar:/home/user/.m2/repository/org/glassfish/hk2/guice-bridge/2.5.0/guice-bridge-2.5.0.jar:/home/user/.m2/repository/org/glassfish/jersey/core/jersey-server/2.27/jersey-server-2.27.jar:/home/user/.m2/repository/org/glassfish/jersey/core/jersey-client/2.27/jersey-client-2.27.jar:/home/user/.m2/repository/org/glassfish/jersey/media/jersey-media-jaxb/2.27/jersey-media-jaxb-2.27.jar:/home/user/.m2/repository/javax/validation/validation-api/1.1.0.Final/validation-api-1.1.0.Final.jar:/home/user/.m2/repository/org/glassfish/jersey/media/jersey-media-json-jackson/2.27/jersey-media-json-jackson-2.27.jar:/home/user/.m2/repository/org/glassfish/jersey/ext/jersey-entity-filtering/2.27/jersey-entity-filtering-2.27.jar:/home/user/.m2/repository/com/google/inject/extensions/guice-assistedinject/4.0/guice-assistedinject-4.0.jar:/home/user/.m2/repository/org/jooq/jooq/3.11.10/jooq-3.11.10.jar:/home/user/.m2/repository/org/jooq/jooq-meta/3.11.10/jooq-meta-3.11.10.jar:/home/user/.m2/repository/org/jooq/jooq-codegen/3.11.10/jooq-codegen-3.11.10.jar:/home/user/.m2/repository/com/jolbox/bonecp/0.8.0.RELEASE/bonecp-0.8.0.RELEASE.jar:/home/user/.m2/repository/org/xerial/sqlite-jdbc/3.25.2/sqlite-jdbc-3.25.2.jar:/home/user/.m2/repository/org/springframework/spring-jdbc/5.1.3.RELEASE/spring-jdbc-5.1.3.RELEASE.jar:/home/user/.m2/repository/org/springframework/spring-beans/5.1.3.RELEASE/spring-beans-5.1.3.RELEASE.jar:/home/user/.m2/repository/org/springframework/spring-core/5.1.3.RELEASE/spring-core-5.1.3.RELEASE.jar:/home/user/.m2/repository/org/springframework/spring-jcl/5.1.3.RELEASE/spring-jcl-5.1.3.RELEASE.jar:/home/user/.m2/repository/org/springframework/spring-tx/5.1.3.RELEASE/spring-tx-5.1.3.RELEASE.jar:/home/user/.m2/repository/org/apache/hadoop/hadoop-ozone-client/0.5.0-SNAPSHOT/hadoop-ozone-client-0.5.0-SNAPSHOT.jar:/home/user/.m2/repository/commons-lang/commons-lang/2.6/commons-lang-2.6.jar:/home/user/.m2/repository/org/apache/hadoop/hadoop-ozone-ozone-manager/0.5.0-SNAPSHOT/hadoop-ozone-ozone-manager-0.5.0-SNAPSHOT-tests.jar:/home/user/.m2/repository/junit/junit/4.11/junit-4.11.jar:/home/user/.m2/repository/org/hamcrest/hamcrest-core/1.3/hamcrest-core-1.3.jar:/home/user/.m2/repository/org/openjdk/jmh/jmh-core/1.19/jmh-core-1.19.jar:/home/user/.m2/repository/net/sf/jopt-simple/jopt-simple/4.6/jopt-simple-4.6.jar:/home/user/.m2/repository/org/apache/commons/commons-math3/3.1.1/commons-math3-3.1.1.jar:/home/user/.m2/repository/org/openjdk/jmh/jmh-generator-annprocess/1.19/jmh-generator-annprocess-1.19.jar:/home/user/.m2/repository/org/mockito/mockito-all/1.8.5/mockito-all-1.8.5.jar:/home/user/.m2/repository/org/apache/hadoop/hadoop-kms/3.2.0/hadoop-kms-3.2.0.jar:/home/user/.m2/repository/org/apache/hadoop/hadoop-auth/3.2.0/hadoop-auth-3.2.0.jar:/home/user/.m2/repository/com/nimbusds/nimbus-jose-jwt/4.41.1/nimbus-jose-jwt-4.41.1.jar:/home/user/.m2/repository/com/github/stephenc/jcip/jcip-annotations/1.0-1/jcip-annotations-1.0-1.jar:/home/user/.m2/repository/net/minidev/json-smart/2.3/json-smart-2.3.jar:/home/user/.m2/repository/net/minidev/accessors-smart/1.2/accessors-smart-1.2.jar:/home/user/.m2/repository/org/ow2/asm/asm/5.0.4/asm-5.0.4.jar:/home/user/.m2/repository/org/apache/curator/curator-framework/2.12.0/curator-framework-2.12.0.jar:/home/user/.m2/repository/com/sun/jersey/jersey-core/1.19/jersey-core-1.19.jar:/home/user/.m2/repository/javax/ws/rs/jsr311-api/1.1.1/jsr311-api-1.1.1.jar:/home/user/.m2/repository/com/sun/jersey/jersey-server/1.19/jersey-server-1.19.jar:/home/user/.m2/repository/javax/servlet/javax.servlet-api/3.1.0/javax.servlet-api-3.1.0.jar:/home/user/.m2/repository/org/eclipse/jetty/jetty-server/9.3.25.v20180904/jetty-server-9.3.25.v20180904.jar:/home/user/.m2/repository/org/eclipse/jetty/jetty-http/9.3.25.v20180904/jetty-http-9.3.25.v20180904.jar:/home/user/.m2/repository/org/eclipse/jetty/jetty-io/9.3.25.v20180904/jetty-io-9.3.25.v20180904.jar:/home/user/.m2/repository/org/eclipse/jetty/jetty-webapp/9.3.25.v20180904/jetty-webapp-9.3.25.v20180904.jar:/home/user/.m2/repository/org/eclipse/jetty/jetty-xml/9.3.25.v20180904/jetty-xml-9.3.25.v20180904.jar:/home/user/.m2/repository/log4j/log4j/1.2.17/log4j-1.2.17.jar:/home/user/.m2/repository/org/slf4j/slf4j-api/1.7.25/slf4j-api-1.7.25.jar:/home/user/.m2/repository/org/slf4j/jul-to-slf4j/1.7.25/jul-to-slf4j-1.7.25.jar:/home/user/.m2/repository/org/eclipse/jetty/jetty-util/9.3.25.v20180904/jetty-util-9.3.25.v20180904.jar:/home/user/.m2/repository/com/fasterxml/jackson/core/jackson-databind/2.9.9/jackson-databind-2.9.9.jar:/home/user/.m2/repository/org/apache/hadoop/hadoop-kms/3.2.0/hadoop-kms-3.2.0-tests.jar:/home/user/.m2/repository/org/apache/hadoop/hadoop-hdds-server-scm/0.5.0-SNAPSHOT/hadoop-hdds-server-scm-0.5.0-SNAPSHOT-tests.jar:/home/user/.m2/repository/org/apache/hadoop/hadoop-hdds-container-service/0.5.0-SNAPSHOT/hadoop-hdds-container-service-0.5.0-SNAPSHOT-tests.jar:/home/user/.m2/repository/org/yaml/snakeyaml/1.16/snakeyaml-1.16.jar:/home/user/.m2/repository/org/apache/hadoop/hadoop-common/3.2.0/hadoop-common-3.2.0-tests.jar:/home/user/.m2/repository/org/apache/hadoop/hadoop-annotations/3.2.0/hadoop-annotations-3.2.0.jar:/usr/lib/jvm/java-1.8-openjdk/jre/../lib/tools.jar:/home/user/.m2/repository/commons-cli/commons-cli/1.2/commons-cli-1.2.jar:/home/user/.m2/repository/org/apache/httpcomponents/httpclient/4.5.2/httpclient-4.5.2.jar:/home/user/.m2/repository/org/apache/httpcomponents/httpcore/4.4.4/httpcore-4.4.4.jar:/home/user/.m2/repository/commons-codec/commons-codec/1.11/commons-codec-1.11.jar:/home/user/.m2/repository/commons-net/commons-net/3.6/commons-net-3.6.jar:/home/user/.m2/repository/commons-collections/commons-collections/3.2.2/commons-collections-3.2.2.jar:/home/user/.m2/repository/org/eclipse/jetty/jetty-servlet/9.3.25.v20180904/jetty-servlet-9.3.25.v20180904.jar:/home/user/.m2/repository/org/eclipse/jetty/jetty-security/9.3.25.v20180904/jetty-security-9.3.25.v20180904.jar:/home/user/.m2/repository/javax/servlet/jsp/jsp-api/2.1/jsp-api-2.1.jar:/home/user/.m2/repository/com/sun/jersey/jersey-servlet/1.19/jersey-servlet-1.19.jar:/home/user/.m2/repository/com/sun/jersey/jersey-json/1.19/jersey-json-1.19.jar:/home/user/.m2/repository/org/codehaus/jettison/jettison/1.1/jettison-1.1.jar:/home/user/.m2/repository/org/codehaus/jackson/jackson-core-asl/1.9.13/jackson-core-asl-1.9.13.jar:/home/user/.m2/repository/org/codehaus/jackson/jackson-mapper-asl/1.9.13/jackson-mapper-asl-1.9.13.jar:/home/user/.m2/repository/org/codehaus/jackson/jackson-jaxrs/1.9.13/jackson-jaxrs-1.9.13.jar:/home/user/.m2/repository/org/codehaus/jackson/jackson-xc/1.9.13/jackson-xc-1.9.13.jar:/home/user/.m2/repository/commons-logging/commons-logging/1.1.3/commons-logging-1.1.3.jar:/home/user/.m2/repository/commons-beanutils/commons-beanutils/1.9.4/commons-beanutils-1.9.4.jar:/home/user/.m2/repository/org/apache/commons/commons-configuration2/2.1.1/commons-configuration2-2.1.1.jar:/home/user/.m2/repository/org/apache/commons/commons-lang3/3.7/commons-lang3-3.7.jar:/home/user/.m2/repository/org/apache/commons/commons-text/1.4/commons-text-1.4.jar:/home/user/.m2/repository/org/apache/avro/avro/1.7.7/avro-1.7.7.jar:/home/user/.m2/repository/com/thoughtworks/paranamer/paranamer/2.3/paranamer-2.3.jar:/home/user/.m2/repository/org/xerial/snappy/snappy-java/1.0.5/snappy-java-1.0.5.jar:/home/user/.m2/repository/com/google/re2j/re2j/1.1/re2j-1.1.jar:/home/user/.m2/repository/com/google/code/gson/gson/2.2.4/gson-2.2.4.jar:/home/user/.m2/repository/com/jcraft/jsch/0.1.54/jsch-0.1.54.jar:/home/user/.m2/repository/org/apache/curator/curator-client/2.12.0/curator-client-2.12.0.jar:/home/user/.m2/repository/org/apache/curator/curator-recipes/2.12.0/curator-recipes-2.12.0.jar:/home/user/.m2/repository/com/google/code/findbugs/jsr305/3.0.0/jsr305-3.0.0.jar:/home/user/.m2/repository/org/apache/htrace/htrace-core4/4.1.0-incubating/htrace-core4-4.1.0-incubating.jar:/home/user/.m2/repository/org/apache/zookeeper/zookeeper/3.4.13/zookeeper-3.4.13.jar:/home/user/.m2/repository/jline/jline/0.9.94/jline-0.9.94.jar:/home/user/.m2/repository/org/apache/yetus/audience-annotations/0.5.0/audience-annotations-0.5.0.jar:/home/user/.m2/repository/org/codehaus/woodstox/stax2-api/3.1.4/stax2-api-3.1.4.jar:/home/user/.m2/repository/com/fasterxml/woodstox/woodstox-core/5.0.3/woodstox-core-5.0.3.jar:/home/user/.m2/repository/dnsjava/dnsjava/2.1.7/dnsjava-2.1.7.jar:/home/user/.m2/repository/org/apache/hadoop/hadoop-hdfs/3.2.0/hadoop-hdfs-3.2.0-tests.jar:/home/user/.m2/repository/org/eclipse/jetty/jetty-util-ajax/9.3.25.v20180904/jetty-util-ajax-9.3.25.v20180904.jar:/home/user/.m2/repository/commons-daemon/commons-daemon/1.0.13/commons-daemon-1.0.13.jar:/home/user/.m2/repository/io/netty/netty/3.10.5.Final/netty-3.10.5.Final.jar:/home/user/.m2/repository/io/netty/netty-all/4.0.52.Final/netty-all-4.0.52.Final.jar:/home/user/.m2/repository/org/fusesource/leveldbjni/leveldbjni-all/1.8/leveldbjni-all-1.8.jar:"/>
    <property name="java.vm.vendor" value="IcedTea"/>
    <property name="sun.arch.data.model" value="64"/>
    <property name="test.build.dir" value="/workdir/hadoop-ozone/integration-test/target/test-dir"/>
    <property name="test.cache.data" value=""/>
    <property name="java.vendor.url" value="https://icedtea.classpath.org"/>
    <property name="user.timezone" value=""/>
    <property name="java.vm.specification.version" value="1.8"/>
    <property name="os.name" value="Linux"/>
    <property name="test.build.data" value="/workdir/hadoop-ozone/integration-test/target/test-dir"/>
    <property name="user.country" value="US"/>
    <property name="sun.java.launcher" value="SUN_STANDARD"/>
    <property name="sun.boot.library.path" value="/usr/lib/jvm/java-1.8-openjdk/jre/lib/amd64"/>
    <property name="sun.java.command" value="/workdir/hadoop-ozone/integration-test/target/surefire/surefirebooter8357537444332011353.jar /workdir/hadoop-ozone/integration-test/target/surefire 2019-10-08T17-35-48_857-jvmRun1 surefire8716875729607784495tmp surefire_568585532350543322054tmp"/>
    <property name="test" value="!TestMiniChaosOzoneCluster"/>
    <property name="surefire.test.class.path" value="/workdir/hadoop-ozone/integration-test/target/test-classes:/workdir/hadoop-ozone/integration-test/target/classes:/home/user/.m2/repository/org/apache/hadoop/hadoop-ozone-common/0.5.0-SNAPSHOT/hadoop-ozone-common-0.5.0-SNAPSHOT.jar:/home/user/.m2/repository/org/apache/commons/commons-compress/1.4.1/commons-compress-1.4.1.jar:/home/user/.m2/repository/org/tukaani/xz/1.0/xz-1.0.jar:/home/user/.m2/repository/org/apache/hadoop/hadoop-common/3.2.0/hadoop-common-3.2.0.jar:/home/user/.m2/repository/org/apache/hadoop/hadoop-hdfs/3.2.0/hadoop-hdfs-3.2.0.jar:/home/user/.m2/repository/org/apache/hadoop/hadoop-hdfs-client/3.2.0/hadoop-hdfs-client-3.2.0.jar:/home/user/.m2/repository/com/fasterxml/jackson/core/jackson-annotations/2.9.9/jackson-annotations-2.9.9.jar:/home/user/.m2/repository/org/apache/hadoop/hadoop-hdds-common/0.5.0-SNAPSHOT/hadoop-hdds-common-0.5.0-SNAPSHOT.jar:/home/user/.m2/repository/javax/annotation/javax.annotation-api/1.2/javax.annotation-api-1.2.jar:/home/user/.m2/repository/org/apache/ratis/ratis-server/0.5.0-201fc85-SNAPSHOT/ratis-server-0.5.0-201fc85-SNAPSHOT.jar:/home/user/.m2/repository/org/apache/ratis/ratis-thirdparty-misc/0.2.0/ratis-thirdparty-misc-0.2.0.jar:/home/user/.m2/repository/org/apache/ratis/ratis-proto/0.5.0-201fc85-SNAPSHOT/ratis-proto-0.5.0-201fc85-SNAPSHOT.jar:/home/user/.m2/repository/org/apache/ratis/ratis-common/0.5.0-201fc85-SNAPSHOT/ratis-common-0.5.0-201fc85-SNAPSHOT.jar:/home/user/.m2/repository/org/apache/ratis/ratis-client/0.5.0-201fc85-SNAPSHOT/ratis-client-0.5.0-201fc85-SNAPSHOT.jar:/home/user/.m2/repository/org/apache/ratis/ratis-metrics/0.5.0-201fc85-SNAPSHOT/ratis-metrics-0.5.0-201fc85-SNAPSHOT.jar:/home/user/.m2/repository/com/github/joshelser/dropwizard-metrics-hadoop-metrics2-reporter/0.1.2/dropwizard-metrics-hadoop-metrics2-reporter-0.1.2.jar:/home/user/.m2/repository/io/dropwizard/metrics/metrics-jvm/3.2.5/metrics-jvm-3.2.5.jar:/home/user/.m2/repository/io/dropwizard/metrics/metrics-ganglia/3.2.5/metrics-ganglia-3.2.5.jar:/home/user/.m2/repository/info/ganglia/gmetric4j/gmetric4j/1.0.7/gmetric4j-1.0.7.jar:/home/user/.m2/repository/org/apache/ratis/ratis-netty/0.5.0-201fc85-SNAPSHOT/ratis-netty-0.5.0-201fc85-SNAPSHOT.jar:/home/user/.m2/repository/org/apache/ratis/ratis-grpc/0.5.0-201fc85-SNAPSHOT/ratis-grpc-0.5.0-201fc85-SNAPSHOT.jar:/home/user/.m2/repository/org/rocksdb/rocksdbjni/6.0.1/rocksdbjni-6.0.1.jar:/home/user/.m2/repository/org/apache/logging/log4j/log4j-api/2.11.0/log4j-api-2.11.0.jar:/home/user/.m2/repository/org/apache/logging/log4j/log4j-core/2.11.0/log4j-core-2.11.0.jar:/home/user/.m2/repository/com/lmax/disruptor/3.4.2/disruptor-3.4.2.jar:/home/user/.m2/repository/org/apache/commons/commons-pool2/2.6.0/commons-pool2-2.6.0.jar:/home/user/.m2/repository/org/bouncycastle/bcpkix-jdk15on/1.60/bcpkix-jdk15on-1.60.jar:/home/user/.m2/repository/commons-validator/commons-validator/1.6/commons-validator-1.6.jar:/home/user/.m2/repository/commons-digester/commons-digester/1.8.1/commons-digester-1.8.1.jar:/home/user/.m2/repository/io/jaegertracing/jaeger-client/0.34.0/jaeger-client-0.34.0.jar:/home/user/.m2/repository/io/jaegertracing/jaeger-thrift/0.34.0/jaeger-thrift-0.34.0.jar:/home/user/.m2/repository/org/apache/thrift/libthrift/0.12.0/libthrift-0.12.0.jar:/home/user/.m2/repository/com/squareup/okhttp3/okhttp/3.9.0/okhttp-3.9.0.jar:/home/user/.m2/repository/com/squareup/okio/okio/1.13.0/okio-1.13.0.jar:/home/user/.m2/repository/io/jaegertracing/jaeger-core/0.34.0/jaeger-core-0.34.0.jar:/home/user/.m2/repository/io/jaegertracing/jaeger-tracerresolver/0.34.0/jaeger-tracerresolver-0.34.0.jar:/home/user/.m2/repository/io/opentracing/contrib/opentracing-tracerresolver/0.1.5/opentracing-tracerresolver-0.1.5.jar:/home/user/.m2/repository/io/opentracing/opentracing-util/0.31.0/opentracing-util-0.31.0.jar:/home/user/.m2/repository/io/opentracing/opentracing-api/0.31.0/opentracing-api-0.31.0.jar:/home/user/.m2/repository/io/opentracing/opentracing-noop/0.31.0/opentracing-noop-0.31.0.jar:/home/user/.m2/repository/org/apache/hadoop/hadoop-hdds-server-framework/0.5.0-SNAPSHOT/hadoop-hdds-server-framework-0.5.0-SNAPSHOT.jar:/home/user/.m2/repository/org/apache/hadoop/hadoop-hdds-container-service/0.5.0-SNAPSHOT/hadoop-hdds-container-service-0.5.0-SNAPSHOT.jar:/home/user/.m2/repository/org/apache/hadoop/hadoop-hdds-client/0.5.0-SNAPSHOT/hadoop-hdds-client-0.5.0-SNAPSHOT.jar:/home/user/.m2/repository/org/apache/hadoop/hadoop-hdds-tools/0.5.0-SNAPSHOT/hadoop-hdds-tools-0.5.0-SNAPSHOT.jar:/home/user/.m2/repository/org/apache/hadoop/hadoop-hdds-server-scm/0.5.0-SNAPSHOT/hadoop-hdds-server-scm-0.5.0-SNAPSHOT.jar:/home/user/.m2/repository/org/apache/hadoop/hadoop-hdds-docs/0.5.0-SNAPSHOT/hadoop-hdds-docs-0.5.0-SNAPSHOT.jar:/home/user/.m2/repository/io/dropwizard/metrics/metrics-core/3.2.4/metrics-core-3.2.4.jar:/home/user/.m2/repository/org/hamcrest/hamcrest-all/1.3/hamcrest-all-1.3.jar:/home/user/.m2/repository/org/bouncycastle/bcprov-jdk15on/1.60/bcprov-jdk15on-1.60.jar:/home/user/.m2/repository/info/picocli/picocli/3.9.6/picocli-3.9.6.jar:/home/user/.m2/repository/com/google/protobuf/protobuf-java/2.5.0/protobuf-java-2.5.0.jar:/home/user/.m2/repository/com/google/guava/guava/11.0.2/guava-11.0.2.jar:/home/user/.m2/repository/org/apache/hadoop/hadoop-ozone-ozone-manager/0.5.0-SNAPSHOT/hadoop-ozone-ozone-manager-0.5.0-SNAPSHOT.jar:/home/user/.m2/repository/org/apache/hadoop/hadoop-minikdc/3.2.0/hadoop-minikdc-3.2.0.jar:/home/user/.m2/repository/commons-io/commons-io/2.5/commons-io-2.5.jar:/home/user/.m2/repository/org/apache/kerby/kerb-simplekdc/1.0.1/kerb-simplekdc-1.0.1.jar:/home/user/.m2/repository/org/apache/kerby/kerb-client/1.0.1/kerb-client-1.0.1.jar:/home/user/.m2/repository/org/apache/kerby/kerby-config/1.0.1/kerby-config-1.0.1.jar:/home/user/.m2/repository/org/apache/kerby/kerb-core/1.0.1/kerb-core-1.0.1.jar:/home/user/.m2/repository/org/apache/kerby/kerby-pkix/1.0.1/kerby-pkix-1.0.1.jar:/home/user/.m2/repository/org/apache/kerby/kerby-asn1/1.0.1/kerby-asn1-1.0.1.jar:/home/user/.m2/repository/org/apache/kerby/kerby-util/1.0.1/kerby-util-1.0.1.jar:/home/user/.m2/repository/org/apache/kerby/kerb-common/1.0.1/kerb-common-1.0.1.jar:/home/user/.m2/repository/org/apache/kerby/kerb-crypto/1.0.1/kerb-crypto-1.0.1.jar:/home/user/.m2/repository/org/apache/kerby/kerb-util/1.0.1/kerb-util-1.0.1.jar:/home/user/.m2/repository/org/apache/kerby/token-provider/1.0.1/token-provider-1.0.1.jar:/home/user/.m2/repository/org/apache/kerby/kerb-admin/1.0.1/kerb-admin-1.0.1.jar:/home/user/.m2/repository/org/apache/kerby/kerb-server/1.0.1/kerb-server-1.0.1.jar:/home/user/.m2/repository/org/apache/kerby/kerb-identity/1.0.1/kerb-identity-1.0.1.jar:/home/user/.m2/repository/org/apache/kerby/kerby-xdr/1.0.1/kerby-xdr-1.0.1.jar:/home/user/.m2/repository/org/slf4j/slf4j-log4j12/1.7.25/slf4j-log4j12-1.7.25.jar:/home/user/.m2/repository/org/apache/hadoop/hadoop-ozone-s3gateway/0.5.0-SNAPSHOT/hadoop-ozone-s3gateway-0.5.0-SNAPSHOT.jar:/home/user/.m2/repository/org/jboss/weld/servlet/weld-servlet/2.4.7.Final/weld-servlet-2.4.7.Final.jar:/home/user/.m2/repository/org/glassfish/jersey/containers/jersey-container-servlet-core/2.27/jersey-container-servlet-core-2.27.jar:/home/user/.m2/repository/org/glassfish/hk2/external/javax.inject/2.5.0-b42/javax.inject-2.5.0-b42.jar:/home/user/.m2/repository/org/glassfish/jersey/core/jersey-common/2.27/jersey-common-2.27.jar:/home/user/.m2/repository/org/glassfish/hk2/osgi-resource-locator/1.0.1/osgi-resource-locator-1.0.1.jar:/home/user/.m2/repository/javax/ws/rs/javax.ws.rs-api/2.1/javax.ws.rs-api-2.1.jar:/home/user/.m2/repository/org/glassfish/jersey/ext/cdi/jersey-cdi1x/2.27/jersey-cdi1x-2.27.jar:/home/user/.m2/repository/org/glassfish/jersey/inject/jersey-hk2/2.27/jersey-hk2-2.27.jar:/home/user/.m2/repository/org/glassfish/hk2/hk2-locator/2.5.0-b42/hk2-locator-2.5.0-b42.jar:/home/user/.m2/repository/org/javassist/javassist/3.22.0-CR2/javassist-3.22.0-CR2.jar:/home/user/.m2/repository/org/glassfish/hk2/hk2-api/2.5.0/hk2-api-2.5.0.jar:/home/user/.m2/repository/org/glassfish/hk2/external/jakarta.inject/2.5.0/jakarta.inject-2.5.0.jar:/home/user/.m2/repository/org/glassfish/hk2/hk2-utils/2.5.0/hk2-utils-2.5.0.jar:/home/user/.m2/repository/jakarta/annotation/jakarta.annotation-api/1.3.4/jakarta.annotation-api-1.3.4.jar:/home/user/.m2/repository/org/glassfish/hk2/external/aopalliance-repackaged/2.5.0/aopalliance-repackaged-2.5.0.jar:/home/user/.m2/repository/com/fasterxml/jackson/dataformat/jackson-dataformat-xml/2.9.0/jackson-dataformat-xml-2.9.0.jar:/home/user/.m2/repository/com/fasterxml/jackson/core/jackson-core/2.9.9/jackson-core-2.9.9.jar:/home/user/.m2/repository/com/fasterxml/jackson/module/jackson-module-jaxb-annotations/2.9.9/jackson-module-jaxb-annotations-2.9.9.jar:/home/user/.m2/repository/javax/enterprise/cdi-api/1.2/cdi-api-1.2.jar:/home/user/.m2/repository/javax/el/javax.el-api/3.0.0/javax.el-api-3.0.0.jar:/home/user/.m2/repository/javax/interceptor/javax.interceptor-api/1.2/javax.interceptor-api-1.2.jar:/home/user/.m2/repository/javax/inject/javax.inject/1/javax.inject-1.jar:/home/user/.m2/repository/com/sun/xml/bind/jaxb-impl/2.3.0.1/jaxb-impl-2.3.0.1.jar:/home/user/.m2/repository/com/sun/xml/bind/jaxb-core/2.3.0.1/jaxb-core-2.3.0.1.jar:/home/user/.m2/repository/javax/xml/bind/jaxb-api/2.3.0/jaxb-api-2.3.0.jar:/home/user/.m2/repository/javax/activation/activation/1.1.1/activation-1.1.1.jar:/home/user/.m2/repository/org/apache/hadoop/hadoop-ozone-csi/0.5.0-SNAPSHOT/hadoop-ozone-csi-0.5.0-SNAPSHOT.jar:/home/user/.m2/repository/com/google/protobuf/protobuf-java-util/3.5.1/protobuf-java-util-3.5.1.jar:/home/user/.m2/repository/org/apache/hadoop/hadoop-hdds-config/0.5.0-SNAPSHOT/hadoop-hdds-config-0.5.0-SNAPSHOT.jar:/home/user/.m2/repository/io/grpc/grpc-netty/1.17.1/grpc-netty-1.17.1.jar:/home/user/.m2/repository/io/grpc/grpc-core/1.17.1/grpc-core-1.17.1.jar:/home/user/.m2/repository/io/grpc/grpc-context/1.17.1/grpc-context-1.17.1.jar:/home/user/.m2/repository/com/google/errorprone/error_prone_annotations/2.2.0/error_prone_annotations-2.2.0.jar:/home/user/.m2/repository/org/codehaus/mojo/animal-sniffer-annotations/1.17/animal-sniffer-annotations-1.17.jar:/home/user/.m2/repository/io/opencensus/opencensus-api/0.17.0/opencensus-api-0.17.0.jar:/home/user/.m2/repository/io/opencensus/opencensus-contrib-grpc-metrics/0.17.0/opencensus-contrib-grpc-metrics-0.17.0.jar:/home/user/.m2/repository/io/netty/netty-codec-http2/4.1.30.Final/netty-codec-http2-4.1.30.Final.jar:/home/user/.m2/repository/io/netty/netty-codec-http/4.1.30.Final/netty-codec-http-4.1.30.Final.jar:/home/user/.m2/repository/io/netty/netty-codec/4.1.30.Final/netty-codec-4.1.30.Final.jar:/home/user/.m2/repository/io/netty/netty-handler/4.1.30.Final/netty-handler-4.1.30.Final.jar:/home/user/.m2/repository/io/netty/netty-handler-proxy/4.1.30.Final/netty-handler-proxy-4.1.30.Final.jar:/home/user/.m2/repository/io/netty/netty-codec-socks/4.1.30.Final/netty-codec-socks-4.1.30.Final.jar:/home/user/.m2/repository/io/netty/netty-transport-native-epoll/4.1.30.Final/netty-transport-native-epoll-4.1.30.Final.jar:/home/user/.m2/repository/io/netty/netty-common/4.1.30.Final/netty-common-4.1.30.Final.jar:/home/user/.m2/repository/io/netty/netty-buffer/4.1.30.Final/netty-buffer-4.1.30.Final.jar:/home/user/.m2/repository/io/netty/netty-transport/4.1.30.Final/netty-transport-4.1.30.Final.jar:/home/user/.m2/repository/io/netty/netty-resolver/4.1.30.Final/netty-resolver-4.1.30.Final.jar:/home/user/.m2/repository/io/netty/netty-transport-native-unix-common/4.1.30.Final/netty-transport-native-unix-common-4.1.30.Final.jar:/home/user/.m2/repository/io/grpc/grpc-protobuf/1.17.1/grpc-protobuf-1.17.1.jar:/home/user/.m2/repository/com/google/api/grpc/proto-google-common-protos/1.0.0/proto-google-common-protos-1.0.0.jar:/home/user/.m2/repository/io/grpc/grpc-protobuf-lite/1.17.1/grpc-protobuf-lite-1.17.1.jar:/home/user/.m2/repository/io/grpc/grpc-stub/1.17.1/grpc-stub-1.17.1.jar:/home/user/.m2/repository/org/apache/hadoop/hadoop-ozone-recon/0.5.0-SNAPSHOT/hadoop-ozone-recon-0.5.0-SNAPSHOT.jar:/home/user/.m2/repository/org/apache/hadoop/hadoop-ozone-reconcodegen/0.5.0-SNAPSHOT/hadoop-ozone-reconcodegen-0.5.0-SNAPSHOT.jar:/home/user/.m2/repository/com/google/inject/extensions/guice-multibindings/4.0/guice-multibindings-4.0.jar:/home/user/.m2/repository/com/google/inject/guice/4.0/guice-4.0.jar:/home/user/.m2/repository/aopalliance/aopalliance/1.0/aopalliance-1.0.jar:/home/user/.m2/repository/com/google/inject/extensions/guice-servlet/4.0/guice-servlet-4.0.jar:/home/user/.m2/repository/org/glassfish/jersey/containers/jersey-container-servlet/2.27/jersey-container-servlet-2.27.jar:/home/user/.m2/repository/org/glassfish/hk2/guice-bridge/2.5.0/guice-bridge-2.5.0.jar:/home/user/.m2/repository/org/glassfish/jersey/core/jersey-server/2.27/jersey-server-2.27.jar:/home/user/.m2/repository/org/glassfish/jersey/core/jersey-client/2.27/jersey-client-2.27.jar:/home/user/.m2/repository/org/glassfish/jersey/media/jersey-media-jaxb/2.27/jersey-media-jaxb-2.27.jar:/home/user/.m2/repository/javax/validation/validation-api/1.1.0.Final/validation-api-1.1.0.Final.jar:/home/user/.m2/repository/org/glassfish/jersey/media/jersey-media-json-jackson/2.27/jersey-media-json-jackson-2.27.jar:/home/user/.m2/repository/org/glassfish/jersey/ext/jersey-entity-filtering/2.27/jersey-entity-filtering-2.27.jar:/home/user/.m2/repository/com/google/inject/extensions/guice-assistedinject/4.0/guice-assistedinject-4.0.jar:/home/user/.m2/repository/org/jooq/jooq/3.11.10/jooq-3.11.10.jar:/home/user/.m2/repository/org/jooq/jooq-meta/3.11.10/jooq-meta-3.11.10.jar:/home/user/.m2/repository/org/jooq/jooq-codegen/3.11.10/jooq-codegen-3.11.10.jar:/home/user/.m2/repository/com/jolbox/bonecp/0.8.0.RELEASE/bonecp-0.8.0.RELEASE.jar:/home/user/.m2/repository/org/xerial/sqlite-jdbc/3.25.2/sqlite-jdbc-3.25.2.jar:/home/user/.m2/repository/org/springframework/spring-jdbc/5.1.3.RELEASE/spring-jdbc-5.1.3.RELEASE.jar:/home/user/.m2/repository/org/springframework/spring-beans/5.1.3.RELEASE/spring-beans-5.1.3.RELEASE.jar:/home/user/.m2/repository/org/springframework/spring-core/5.1.3.RELEASE/spring-core-5.1.3.RELEASE.jar:/home/user/.m2/repository/org/springframework/spring-jcl/5.1.3.RELEASE/spring-jcl-5.1.3.RELEASE.jar:/home/user/.m2/repository/org/springframework/spring-tx/5.1.3.RELEASE/spring-tx-5.1.3.RELEASE.jar:/home/user/.m2/repository/org/apache/hadoop/hadoop-ozone-client/0.5.0-SNAPSHOT/hadoop-ozone-client-0.5.0-SNAPSHOT.jar:/home/user/.m2/repository/commons-lang/commons-lang/2.6/commons-lang-2.6.jar:/home/user/.m2/repository/org/apache/hadoop/hadoop-ozone-ozone-manager/0.5.0-SNAPSHOT/hadoop-ozone-ozone-manager-0.5.0-SNAPSHOT-tests.jar:/home/user/.m2/repository/junit/junit/4.11/junit-4.11.jar:/home/user/.m2/repository/org/hamcrest/hamcrest-core/1.3/hamcrest-core-1.3.jar:/home/user/.m2/repository/org/openjdk/jmh/jmh-core/1.19/jmh-core-1.19.jar:/home/user/.m2/repository/net/sf/jopt-simple/jopt-simple/4.6/jopt-simple-4.6.jar:/home/user/.m2/repository/org/apache/commons/commons-math3/3.1.1/commons-math3-3.1.1.jar:/home/user/.m2/repository/org/openjdk/jmh/jmh-generator-annprocess/1.19/jmh-generator-annprocess-1.19.jar:/home/user/.m2/repository/org/mockito/mockito-all/1.8.5/mockito-all-1.8.5.jar:/home/user/.m2/repository/org/apache/hadoop/hadoop-kms/3.2.0/hadoop-kms-3.2.0.jar:/home/user/.m2/repository/org/apache/hadoop/hadoop-auth/3.2.0/hadoop-auth-3.2.0.jar:/home/user/.m2/repository/com/nimbusds/nimbus-jose-jwt/4.41.1/nimbus-jose-jwt-4.41.1.jar:/home/user/.m2/repository/com/github/stephenc/jcip/jcip-annotations/1.0-1/jcip-annotations-1.0-1.jar:/home/user/.m2/repository/net/minidev/json-smart/2.3/json-smart-2.3.jar:/home/user/.m2/repository/net/minidev/accessors-smart/1.2/accessors-smart-1.2.jar:/home/user/.m2/repository/org/ow2/asm/asm/5.0.4/asm-5.0.4.jar:/home/user/.m2/repository/org/apache/curator/curator-framework/2.12.0/curator-framework-2.12.0.jar:/home/user/.m2/repository/com/sun/jersey/jersey-core/1.19/jersey-core-1.19.jar:/home/user/.m2/repository/javax/ws/rs/jsr311-api/1.1.1/jsr311-api-1.1.1.jar:/home/user/.m2/repository/com/sun/jersey/jersey-server/1.19/jersey-server-1.19.jar:/home/user/.m2/repository/javax/servlet/javax.servlet-api/3.1.0/javax.servlet-api-3.1.0.jar:/home/user/.m2/repository/org/eclipse/jetty/jetty-server/9.3.25.v20180904/jetty-server-9.3.25.v20180904.jar:/home/user/.m2/repository/org/eclipse/jetty/jetty-http/9.3.25.v20180904/jetty-http-9.3.25.v20180904.jar:/home/user/.m2/repository/org/eclipse/jetty/jetty-io/9.3.25.v20180904/jetty-io-9.3.25.v20180904.jar:/home/user/.m2/repository/org/eclipse/jetty/jetty-webapp/9.3.25.v20180904/jetty-webapp-9.3.25.v20180904.jar:/home/user/.m2/repository/org/eclipse/jetty/jetty-xml/9.3.25.v20180904/jetty-xml-9.3.25.v20180904.jar:/home/user/.m2/repository/log4j/log4j/1.2.17/log4j-1.2.17.jar:/home/user/.m2/repository/org/slf4j/slf4j-api/1.7.25/slf4j-api-1.7.25.jar:/home/user/.m2/repository/org/slf4j/jul-to-slf4j/1.7.25/jul-to-slf4j-1.7.25.jar:/home/user/.m2/repository/org/eclipse/jetty/jetty-util/9.3.25.v20180904/jetty-util-9.3.25.v20180904.jar:/home/user/.m2/repository/com/fasterxml/jackson/core/jackson-databind/2.9.9/jackson-databind-2.9.9.jar:/home/user/.m2/repository/org/apache/hadoop/hadoop-kms/3.2.0/hadoop-kms-3.2.0-tests.jar:/home/user/.m2/repository/org/apache/hadoop/hadoop-hdds-server-scm/0.5.0-SNAPSHOT/hadoop-hdds-server-scm-0.5.0-SNAPSHOT-tests.jar:/home/user/.m2/repository/org/apache/hadoop/hadoop-hdds-container-service/0.5.0-SNAPSHOT/hadoop-hdds-container-service-0.5.0-SNAPSHOT-tests.jar:/home/user/.m2/repository/org/yaml/snakeyaml/1.16/snakeyaml-1.16.jar:/home/user/.m2/repository/org/apache/hadoop/hadoop-common/3.2.0/hadoop-common-3.2.0-tests.jar:/home/user/.m2/repository/org/apache/hadoop/hadoop-annotations/3.2.0/hadoop-annotations-3.2.0.jar:/usr/lib/jvm/java-1.8-openjdk/jre/../lib/tools.jar:/home/user/.m2/repository/commons-cli/commons-cli/1.2/commons-cli-1.2.jar:/home/user/.m2/repository/org/apache/httpcomponents/httpclient/4.5.2/httpclient-4.5.2.jar:/home/user/.m2/repository/org/apache/httpcomponents/httpcore/4.4.4/httpcore-4.4.4.jar:/home/user/.m2/repository/commons-codec/commons-codec/1.11/commons-codec-1.11.jar:/home/user/.m2/repository/commons-net/commons-net/3.6/commons-net-3.6.jar:/home/user/.m2/repository/commons-collections/commons-collections/3.2.2/commons-collections-3.2.2.jar:/home/user/.m2/repository/org/eclipse/jetty/jetty-servlet/9.3.25.v20180904/jetty-servlet-9.3.25.v20180904.jar:/home/user/.m2/repository/org/eclipse/jetty/jetty-security/9.3.25.v20180904/jetty-security-9.3.25.v20180904.jar:/home/user/.m2/repository/javax/servlet/jsp/jsp-api/2.1/jsp-api-2.1.jar:/home/user/.m2/repository/com/sun/jersey/jersey-servlet/1.19/jersey-servlet-1.19.jar:/home/user/.m2/repository/com/sun/jersey/jersey-json/1.19/jersey-json-1.19.jar:/home/user/.m2/repository/org/codehaus/jettison/jettison/1.1/jettison-1.1.jar:/home/user/.m2/repository/org/codehaus/jackson/jackson-core-asl/1.9.13/jackson-core-asl-1.9.13.jar:/home/user/.m2/repository/org/codehaus/jackson/jackson-mapper-asl/1.9.13/jackson-mapper-asl-1.9.13.jar:/home/user/.m2/repository/org/codehaus/jackson/jackson-jaxrs/1.9.13/jackson-jaxrs-1.9.13.jar:/home/user/.m2/repository/org/codehaus/jackson/jackson-xc/1.9.13/jackson-xc-1.9.13.jar:/home/user/.m2/repository/commons-logging/commons-logging/1.1.3/commons-logging-1.1.3.jar:/home/user/.m2/repository/commons-beanutils/commons-beanutils/1.9.4/commons-beanutils-1.9.4.jar:/home/user/.m2/repository/org/apache/commons/commons-configuration2/2.1.1/commons-configuration2-2.1.1.jar:/home/user/.m2/repository/org/apache/commons/commons-lang3/3.7/commons-lang3-3.7.jar:/home/user/.m2/repository/org/apache/commons/commons-text/1.4/commons-text-1.4.jar:/home/user/.m2/repository/org/apache/avro/avro/1.7.7/avro-1.7.7.jar:/home/user/.m2/repository/com/thoughtworks/paranamer/paranamer/2.3/paranamer-2.3.jar:/home/user/.m2/repository/org/xerial/snappy/snappy-java/1.0.5/snappy-java-1.0.5.jar:/home/user/.m2/repository/com/google/re2j/re2j/1.1/re2j-1.1.jar:/home/user/.m2/repository/com/google/code/gson/gson/2.2.4/gson-2.2.4.jar:/home/user/.m2/repository/com/jcraft/jsch/0.1.54/jsch-0.1.54.jar:/home/user/.m2/repository/org/apache/curator/curator-client/2.12.0/curator-client-2.12.0.jar:/home/user/.m2/repository/org/apache/curator/curator-recipes/2.12.0/curator-recipes-2.12.0.jar:/home/user/.m2/repository/com/google/code/findbugs/jsr305/3.0.0/jsr305-3.0.0.jar:/home/user/.m2/repository/org/apache/htrace/htrace-core4/4.1.0-incubating/htrace-core4-4.1.0-incubating.jar:/home/user/.m2/repository/org/apache/zookeeper/zookeeper/3.4.13/zookeeper-3.4.13.jar:/home/user/.m2/repository/jline/jline/0.9.94/jline-0.9.94.jar:/home/user/.m2/repository/org/apache/yetus/audience-annotations/0.5.0/audience-annotations-0.5.0.jar:/home/user/.m2/repository/org/codehaus/woodstox/stax2-api/3.1.4/stax2-api-3.1.4.jar:/home/user/.m2/repository/com/fasterxml/woodstox/woodstox-core/5.0.3/woodstox-core-5.0.3.jar:/home/user/.m2/repository/dnsjava/dnsjava/2.1.7/dnsjava-2.1.7.jar:/home/user/.m2/repository/org/apache/hadoop/hadoop-hdfs/3.2.0/hadoop-hdfs-3.2.0-tests.jar:/home/user/.m2/repository/org/eclipse/jetty/jetty-util-ajax/9.3.25.v20180904/jetty-util-ajax-9.3.25.v20180904.jar:/home/user/.m2/repository/commons-daemon/commons-daemon/1.0.13/commons-daemon-1.0.13.jar:/home/user/.m2/repository/io/netty/netty/3.10.5.Final/netty-3.10.5.Final.jar:/home/user/.m2/repository/io/netty/netty-all/4.0.52.Final/netty-all-4.0.52.Final.jar:/home/user/.m2/repository/org/fusesource/leveldbjni/leveldbjni-all/1.8/leveldbjni-all-1.8.jar:"/>
    <property name="sun.cpu.endian" value="little"/>
    <property name="user.home" value="/home/user"/>
    <property name="user.language" value="en"/>
    <property name="java.specification.vendor" value="Oracle Corporation"/>
    <property name="java.home" value="/usr/lib/jvm/java-1.8-openjdk/jre"/>
    <property name="java.security.krb5.conf" value="/workdir/hadoop-ozone/integration-test/target/test-classes/krb5.conf"/>
    <property name="basedir" value="/workdir/hadoop-ozone/integration-test"/>
    <property name="file.separator" value="/"/>
    <property name="line.separator" value="&#10;"/>
    <property name="java.vm.specification.vendor" value="Oracle Corporation"/>
    <property name="java.specification.name" value="Java Platform API Specification"/>
    <property name="java.awt.graphicsenv" value="sun.awt.X11GraphicsEnvironment"/>
    <property name="surefire.real.class.path" value="/workdir/hadoop-ozone/integration-test/target/surefire/surefirebooter8357537444332011353.jar"/>
    <property name="hadoop.log.dir" value="/workdir/hadoop-ozone/integration-test/target/log"/>
    <property name="sun.boot.class.path" value="/usr/lib/jvm/java-1.8-openjdk/jre/lib/resources.jar:/usr/lib/jvm/java-1.8-openjdk/jre/lib/rt.jar:/usr/lib/jvm/java-1.8-openjdk/jre/lib/sunrsasign.jar:/usr/lib/jvm/java-1.8-openjdk/jre/lib/jsse.jar:/usr/lib/jvm/java-1.8-openjdk/jre/lib/jce.jar:/usr/lib/jvm/java-1.8-openjdk/jre/lib/charsets.jar:/usr/lib/jvm/java-1.8-openjdk/jre/lib/jfr.jar:/usr/lib/jvm/java-1.8-openjdk/jre/classes"/>
    <property name="sun.management.compiler" value="HotSpot 64-Bit Tiered Compilers"/>
    <property name="java.runtime.version" value="1.8.0_212-b04"/>
    <property name="java.net.preferIPv4Stack" value="true"/>
    <property name="user.name" value="jenkins1000"/>
    <property name="path.separator" value=":"/>
    <property name="java.security.egd" value="file:///dev/urandom"/>
    <property name="os.version" value="3.10.0-957.12.2.el7.x86_64"/>
    <property name="java.endorsed.dirs" value="/usr/lib/jvm/java-1.8-openjdk/jre/lib/endorsed"/>
    <property name="java.runtime.name" value="OpenJDK Runtime Environment"/>
    <property name="file.encoding" value="UTF-8"/>
    <property name="java.vm.name" value="OpenJDK 64-Bit Server VM"/>
    <property name="test.build.webapps" value=""/>
    <property name="localRepository" value="/home/user/.m2/repository"/>
    <property name="java.vendor.url.bug" value="https://icedtea.classpath.org/bugzilla"/>
    <property name="java.io.tmpdir" value="/tmp"/>
    <property name="require.test.libhadoop" value=""/>
    <property name="java.version" value="1.8.0_212"/>
    <property name="user.dir" value="/workdir/hadoop-ozone/integration-test"/>
    <property name="os.arch" value="amd64"/>
    <property name="java.vm.specification.name" value="Java Virtual Machine Specification"/>
    <property name="test.build.classes" value="/workdir/hadoop-ozone/integration-test/target/test-classes"/>
    <property name="java.awt.printerjob" value="sun.print.PSPrinterJob"/>
    <property name="sun.os.patch.level" value="unknown"/>
    <property name="hadoop.tmp.dir" value="/workdir/hadoop-ozone/integration-test/target/tmp"/>
    <property name="java.library.path" value="/usr/lib/jvm/java-1.8-openjdk/jre/lib/amd64/server:/usr/lib/jvm/java-1.8-openjdk/jre/lib/amd64:/usr/lib/jvm/java-1.8-openjdk/jre/../lib/amd64:/workdir/hadoop-ozone/integration-test/target/native/target/usr/local/lib:/workdir/hadoop-ozone/integration-test/../../hadoop-common-project/hadoop-common/target/native/target/usr/local/lib:/usr/java/packages/lib/amd64:/usr/lib64:/lib64:/lib:/usr/lib"/>
    <property name="java.vm.info" value="mixed mode"/>
    <property name="java.vendor" value="IcedTea"/>
    <property name="java.vm.version" value="25.212-b04"/>
    <property name="java.ext.dirs" value="/usr/lib/jvm/java-1.8-openjdk/jre/lib/ext:/usr/java/packages/lib/ext"/>
    <property name="sun.io.unicode.encoding" value="UnicodeLittle"/>
    <property name="java.class.version" value="52.0"/>
  </properties>
  <testcase name="test2DatanodesFailure" classname="org.apache.hadoop.ozone.client.rpc.TestBlockOutputStreamWithFailures" time="43.345"/>
  <testcase name="testDatanodeFailureWithPreAllocation" classname="org.apache.hadoop.ozone.client.rpc.TestBlockOutputStreamWithFailures" time="223.778"/>
  <testcase name="testDatanodeFailureWithSingleNodeRatis" classname="org.apache.hadoop.ozone.client.rpc.TestBlockOutputStreamWithFailures" time="222.555"/>
  <testcase name="testWatchForCommitWithSingleNodeRatis" classname="org.apache.hadoop.ozone.client.rpc.TestBlockOutputStreamWithFailures" time="35.27"/>
  <testcase name="testWatchForCommitDatanodeFailure" classname="org.apache.hadoop.ozone.client.rpc.TestBlockOutputStreamWithFailures" time="52.344">
    <failure message="expected:&lt;2&gt; but was:&lt;3&gt;" type="java.lang.AssertionError"><![CDATA[java.lang.AssertionError: expected:<2> but was:<3>
	at org.junit.Assert.fail(Assert.java:88)
	at org.junit.Assert.failNotEquals(Assert.java:743)
	at org.junit.Assert.assertEquals(Assert.java:118)
	at org.junit.Assert.assertEquals(Assert.java:555)
	at org.junit.Assert.assertEquals(Assert.java:542)
	at org.apache.hadoop.ozone.client.rpc.TestBlockOutputStreamWithFailures.testWatchForCommitDatanodeFailure(TestBlockOutputStreamWithFailures.java:366)
	at sun.reflect.NativeMethodAccessorImpl.invoke0(Native Method)
	at sun.reflect.NativeMethodAccessorImpl.invoke(NativeMethodAccessorImpl.java:62)
	at sun.reflect.DelegatingMethodAccessorImpl.invoke(DelegatingMethodAccessorImpl.java:43)
	at java.lang.reflect.Method.invoke(Method.java:498)
	at org.junit.runners.model.FrameworkMethod$1.runReflectiveCall(FrameworkMethod.java:47)
	at org.junit.internal.runners.model.ReflectiveCallable.run(ReflectiveCallable.java:12)
	at org.junit.runners.model.FrameworkMethod.invokeExplosively(FrameworkMethod.java:44)
	at org.junit.internal.runners.statements.InvokeMethod.evaluate(InvokeMethod.java:17)
	at org.junit.internal.runners.statements.RunBefores.evaluate(RunBefores.java:26)
	at org.junit.internal.runners.statements.RunAfters.evaluate(RunAfters.java:27)
	at org.junit.runners.ParentRunner.runLeaf(ParentRunner.java:271)
	at org.junit.runners.BlockJUnit4ClassRunner.runChild(BlockJUnit4ClassRunner.java:70)
	at org.junit.runners.BlockJUnit4ClassRunner.runChild(BlockJUnit4ClassRunner.java:50)
	at org.junit.runners.ParentRunner$3.run(ParentRunner.java:238)
	at org.junit.runners.ParentRunner$1.schedule(ParentRunner.java:63)
	at org.junit.runners.ParentRunner.runChildren(ParentRunner.java:236)
	at org.junit.runners.ParentRunner.access$000(ParentRunner.java:53)
	at org.junit.runners.ParentRunner$2.evaluate(ParentRunner.java:229)
	at org.junit.runners.ParentRunner.run(ParentRunner.java:309)
	at org.apache.maven.surefire.junit4.JUnit4Provider.execute(JUnit4Provider.java:365)
	at org.apache.maven.surefire.junit4.JUnit4Provider.executeWithRerun(JUnit4Provider.java:273)
	at org.apache.maven.surefire.junit4.JUnit4Provider.executeTestSet(JUnit4Provider.java:238)
	at org.apache.maven.surefire.junit4.JUnit4Provider.invoke(JUnit4Provider.java:159)
	at org.apache.maven.surefire.booter.ForkedBooter.invokeProviderInSameClassLoader(ForkedBooter.java:384)
	at org.apache.maven.surefire.booter.ForkedBooter.runSuitesInProcess(ForkedBooter.java:345)
	at org.apache.maven.surefire.booter.ForkedBooter.execute(ForkedBooter.java:126)
	at org.apache.maven.surefire.booter.ForkedBooter.main(ForkedBooter.java:418)
]]></failure>
    <system-out><![CDATA[2019-10-08 18:31:17,544 [main] WARN  server.ServerUtils (ServerUtils.java:getScmDbDir(145)) - ozone.scm.db.dirs is not configured. We recommend adding this setting. Falling back to ozone.metadata.dirs instead.
2019-10-08 18:31:17,559 [main] WARN  server.ServerUtils (ServerUtils.java:getScmDbDir(145)) - ozone.scm.db.dirs is not configured. We recommend adding this setting. Falling back to ozone.metadata.dirs instead.
2019-10-08 18:31:17,559 [main] WARN  server.ServerUtils (ServerUtils.java:getScmDbDir(145)) - ozone.scm.db.dirs is not configured. We recommend adding this setting. Falling back to ozone.metadata.dirs instead.
2019-10-08 18:31:17,560 [main] INFO  db.DBStoreBuilder (DBStoreBuilder.java:addTable(117)) - using custom profile for table: deletedBlocks
2019-10-08 18:31:17,560 [main] INFO  db.DBStoreBuilder (DBStoreBuilder.java:processTables(168)) - Using default column profile:DBProfile.DISK for Table:deletedBlocks
2019-10-08 18:31:17,560 [main] INFO  db.DBStoreBuilder (DBStoreBuilder.java:addTable(117)) - using custom profile for table: validCerts
2019-10-08 18:31:17,560 [main] INFO  db.DBStoreBuilder (DBStoreBuilder.java:processTables(168)) - Using default column profile:DBProfile.DISK for Table:validCerts
2019-10-08 18:31:17,561 [main] INFO  db.DBStoreBuilder (DBStoreBuilder.java:addTable(117)) - using custom profile for table: revokedCerts
2019-10-08 18:31:17,561 [main] INFO  db.DBStoreBuilder (DBStoreBuilder.java:processTables(168)) - Using default column profile:DBProfile.DISK for Table:revokedCerts
2019-10-08 18:31:17,561 [main] INFO  db.DBStoreBuilder (DBStoreBuilder.java:addTable(117)) - using custom profile for table: default
2019-10-08 18:31:17,561 [main] INFO  db.DBStoreBuilder (DBStoreBuilder.java:processTables(174)) - Using default column profile:DBProfile.DISK for Table:default
2019-10-08 18:31:17,561 [main] INFO  db.DBStoreBuilder (DBStoreBuilder.java:getDbProfile(205)) - Using default options. DBProfile.DISK
2019-10-08 18:31:17,626 [main] INFO  net.NodeSchemaLoader (NodeSchemaLoader.java:loadSchemaFromFile(125)) - Loading file from sun.misc.CompoundEnumeration@30abf79c
2019-10-08 18:31:17,626 [main] INFO  net.NodeSchemaLoader (NodeSchemaLoader.java:loadSchema(171)) - Loading network topology layer schema file
2019-10-08 18:31:17,631 [main] INFO  node.SCMNodeManager (SCMNodeManager.java:<init>(116)) - Entering startup safe mode.
2019-10-08 18:31:17,632 [main] INFO  algorithms.ContainerPlacementPolicyFactory (ContainerPlacementPolicyFactory.java:getPolicy(57)) - Create container placement policy of type org.apache.hadoop.hdds.scm.container.placement.algorithms.SCMContainerPlacementRandom
2019-10-08 18:31:17,633 [main] WARN  server.ServerUtils (ServerUtils.java:getScmDbDir(145)) - ozone.scm.db.dirs is not configured. We recommend adding this setting. Falling back to ozone.metadata.dirs instead.
2019-10-08 18:31:17,652 [main] INFO  pipeline.SCMPipelineManager (SCMPipelineManager.java:initializePipelineState(132)) - No pipeline exists in current db
2019-10-08 18:31:17,652 [main] WARN  server.ServerUtils (ServerUtils.java:getScmDbDir(145)) - ozone.scm.db.dirs is not configured. We recommend adding this setting. Falling back to ozone.metadata.dirs instead.
2019-10-08 18:31:17,682 [main] WARN  events.EventQueue (EventQueue.java:fireEvent(183)) - No event handler registered for event TypedEvent{payloadType=SafeModeStatus, name='SafeModeStatus'}
2019-10-08 18:31:17,683 [main] INFO  ipc.CallQueueManager (CallQueueManager.java:<init>(84)) - Using callQueue: class java.util.concurrent.LinkedBlockingQueue, queueCapacity: 2000, scheduler: class org.apache.hadoop.ipc.DefaultRpcScheduler, ipcBackoff: false.
2019-10-08 18:31:17,684 [Socket Reader #1 for port 32818] INFO  ipc.Server (Server.java:run(1074)) - Starting Socket Reader #1 for port 32818
2019-10-08 18:31:17,687 [main] INFO  ipc.CallQueueManager (CallQueueManager.java:<init>(84)) - Using callQueue: class java.util.concurrent.LinkedBlockingQueue, queueCapacity: 2000, scheduler: class org.apache.hadoop.ipc.DefaultRpcScheduler, ipcBackoff: false.
2019-10-08 18:31:17,687 [Socket Reader #1 for port 35560] INFO  ipc.Server (Server.java:run(1074)) - Starting Socket Reader #1 for port 35560
2019-10-08 18:31:17,689 [main] INFO  ipc.CallQueueManager (CallQueueManager.java:<init>(84)) - Using callQueue: class java.util.concurrent.LinkedBlockingQueue, queueCapacity: 2000, scheduler: class org.apache.hadoop.ipc.DefaultRpcScheduler, ipcBackoff: false.
2019-10-08 18:31:17,690 [Socket Reader #1 for port 35091] INFO  ipc.Server (Server.java:run(1074)) - Starting Socket Reader #1 for port 35091
2019-10-08 18:31:17,695 [main] INFO  hdfs.DFSUtil (DFSUtil.java:httpServerTemplateForNNAndJN(1641)) - Starting Web-server for scm at: http://0.0.0.0:0
2019-10-08 18:31:17,696 [main] INFO  server.AuthenticationFilter (AuthenticationFilter.java:constructSecretProvider(240)) - Unable to initialize FileSignerSecretProvider, falling back to use random secrets.
2019-10-08 18:31:17,697 [main] WARN  http.HttpRequestLog (HttpRequestLog.java:getRequestLog(97)) - Jetty request log can only be enabled using Log4j
2019-10-08 18:31:17,699 [main] INFO  http.HttpServer2 (HttpServer2.java:addGlobalFilter(975)) - Added global filter 'safety' (class=org.apache.hadoop.http.HttpServer2$QuotingInputFilter)
2019-10-08 18:31:17,699 [main] INFO  http.HttpServer2 (HttpServer2.java:addFilter(948)) - Added filter static_user_filter (class=org.apache.hadoop.http.lib.StaticUserWebFilter$StaticUserFilter) to context scm
2019-10-08 18:31:17,699 [main] INFO  http.HttpServer2 (HttpServer2.java:addFilter(958)) - Added filter static_user_filter (class=org.apache.hadoop.http.lib.StaticUserWebFilter$StaticUserFilter) to context logs
2019-10-08 18:31:17,699 [main] INFO  http.HttpServer2 (HttpServer2.java:addFilter(958)) - Added filter static_user_filter (class=org.apache.hadoop.http.lib.StaticUserWebFilter$StaticUserFilter) to context static
2019-10-08 18:31:17,701 [main] INFO  server.StorageContainerManager (StorageContainerManager.java:start(770)) - StorageContainerLocationProtocol RPC server is listening at /0.0.0.0:35091
2019-10-08 18:31:17,703 [main] WARN  impl.MetricsConfig (MetricsConfig.java:loadFirst(134)) - Cannot locate configuration: tried hadoop-metrics2-storagecontainermanager.properties,hadoop-metrics2.properties
2019-10-08 18:31:17,704 [main] INFO  impl.MetricsSystemImpl (MetricsSystemImpl.java:startTimer(374)) - Scheduled Metric snapshot period at 10 second(s).
2019-10-08 18:31:17,704 [main] INFO  impl.MetricsSystemImpl (MetricsSystemImpl.java:start(191)) - StorageContainerManager metrics system started
2019-10-08 18:31:17,817 [main] WARN  impl.MetricsSystemImpl (MetricsSystemImpl.java:register(276)) - Sink prometheus already exists!
2019-10-08 18:31:17,870 [main] INFO  server.SCMClientProtocolServer (SCMClientProtocolServer.java:start(159)) - RPC server for Client  is listening at /0.0.0.0:35091
2019-10-08 18:31:17,871 [IPC Server Responder] INFO  ipc.Server (Server.java:run(1314)) - IPC Server Responder: starting
2019-10-08 18:31:17,871 [IPC Server listener on 35091] INFO  ipc.Server (Server.java:run(1153)) - IPC Server listener on 35091: starting
2019-10-08 18:31:17,876 [main] INFO  server.StorageContainerManager (StorageContainerManager.java:start(780)) - ScmBlockLocationProtocol RPC server is listening at /0.0.0.0:35560
2019-10-08 18:31:17,877 [main] INFO  server.SCMBlockProtocolServer (SCMBlockProtocolServer.java:start(146)) - RPC server for Block Protocol is listening at /0.0.0.0:35560
2019-10-08 18:31:17,877 [IPC Server Responder] INFO  ipc.Server (Server.java:run(1314)) - IPC Server Responder: starting
2019-10-08 18:31:17,877 [IPC Server listener on 35560] INFO  ipc.Server (Server.java:run(1153)) - IPC Server listener on 35560: starting
2019-10-08 18:31:17,882 [main] INFO  server.StorageContainerManager (StorageContainerManager.java:start(784)) - ScmDatanodeProtocl RPC server is listening at /0.0.0.0:32818
2019-10-08 18:31:17,883 [main] INFO  server.SCMDatanodeProtocolServer (SCMDatanodeProtocolServer.java:start(169)) - RPC server for DataNodes is listening at /0.0.0.0:32818
2019-10-08 18:31:17,883 [IPC Server Responder] INFO  ipc.Server (Server.java:run(1314)) - IPC Server Responder: starting
2019-10-08 18:31:17,883 [IPC Server listener on 32818] INFO  ipc.Server (Server.java:run(1153)) - IPC Server listener on 32818: starting
2019-10-08 18:31:17,888 [main] INFO  http.HttpServer2 (HttpServer2.java:bindListener(1191)) - Jetty bound to port 37203
2019-10-08 18:31:17,889 [main] INFO  server.Server (Server.java:doStart(351)) - jetty-9.3.25.v20180904, build timestamp: 2018-09-04T21:11:46Z, git hash: 3ce520221d0240229c862b122d2b06c12a625732
2019-10-08 18:31:17,890 [main] INFO  handler.ContextHandler (ContextHandler.java:doStart(781)) - Started o.e.j.s.ServletContextHandler@2801827a{/logs,file:///workdir/hadoop-ozone/integration-test/target/log,AVAILABLE}
2019-10-08 18:31:17,891 [main] INFO  handler.ContextHandler (ContextHandler.java:doStart(781)) - Started o.e.j.s.ServletContextHandler@599f1b7{/static,file:///workdir/hadoop-ozone/integration-test/target/test-classes/webapps/static,AVAILABLE}
2019-10-08 18:31:17,895 [main] INFO  handler.ContextHandler (ContextHandler.java:doStart(781)) - Started o.e.j.w.WebAppContext@6b4a4e40{/,file:///workdir/hadoop-ozone/integration-test/target/test-classes/webapps/scm/,AVAILABLE}{/scm}
2019-10-08 18:31:17,896 [main] INFO  server.AbstractConnector (AbstractConnector.java:doStart(278)) - Started ServerConnector@46a8c2b4{HTTP/1.1,[http/1.1]}{0.0.0.0:37203}
2019-10-08 18:31:17,897 [main] INFO  server.Server (Server.java:doStart(419)) - Started @525895ms
2019-10-08 18:31:17,897 [main] WARN  impl.MetricsSystemImpl (MetricsSystemImpl.java:register(276)) - Sink prometheus already exists!
2019-10-08 18:31:17,899 [main] INFO  server.BaseHttpServer (BaseHttpServer.java:updateConnectorAddress(215)) - HTTP server of SCM is listening at http://0.0.0.0:37203
2019-10-08 18:31:17,899 [main] WARN  server.ServerUtils (ServerUtils.java:getDBPath(222)) - ozone.om.db.dirs is not configured. We recommend adding this setting. Falling back to ozone.metadata.dirs instead.
2019-10-08 18:31:17,899 [org.apache.hadoop.util.JvmPauseMonitor$Monitor@76563ae7] INFO  util.JvmPauseMonitor (JvmPauseMonitor.java:run(188)) - Starting JVM pause monitor
2019-10-08 18:31:17,914 [main] INFO  ha.OMHANodeDetails (OMHANodeDetails.java:loadOMHAConfig(190)) - Configuration either no ozone.om.address set. Falling back to the default OM address /127.0.0.1:0
2019-10-08 18:31:17,914 [main] INFO  ha.OMHANodeDetails (OMHANodeDetails.java:getOMNodeDetails(220)) - OM Service ID is not set. Setting it to the default ID: omServiceIdDefault
2019-10-08 18:31:17,915 [main] WARN  server.ServerUtils (ServerUtils.java:getDBPath(222)) - ozone.om.db.dirs is not configured. We recommend adding this setting. Falling back to ozone.metadata.dirs instead.
2019-10-08 18:31:17,915 [main] WARN  server.ServerUtils (ServerUtils.java:getDBPath(222)) - ozone.om.db.dirs is not configured. We recommend adding this setting. Falling back to ozone.metadata.dirs instead.
2019-10-08 18:31:17,922 [main] WARN  server.ServerUtils (ServerUtils.java:getDBPath(222)) - ozone.om.db.dirs is not configured. We recommend adding this setting. Falling back to ozone.metadata.dirs instead.
2019-10-08 18:31:17,922 [main] INFO  db.DBStoreBuilder (DBStoreBuilder.java:addTable(117)) - using custom profile for table: userTable
2019-10-08 18:31:17,923 [main] INFO  db.DBStoreBuilder (DBStoreBuilder.java:processTables(168)) - Using default column profile:DBProfile.DISK for Table:userTable
2019-10-08 18:31:17,923 [main] INFO  db.DBStoreBuilder (DBStoreBuilder.java:addTable(117)) - using custom profile for table: volumeTable
2019-10-08 18:31:17,923 [main] INFO  db.DBStoreBuilder (DBStoreBuilder.java:processTables(168)) - Using default column profile:DBProfile.DISK for Table:volumeTable
2019-10-08 18:31:17,923 [main] INFO  db.DBStoreBuilder (DBStoreBuilder.java:addTable(117)) - using custom profile for table: bucketTable
2019-10-08 18:31:17,923 [main] INFO  db.DBStoreBuilder (DBStoreBuilder.java:processTables(168)) - Using default column profile:DBProfile.DISK for Table:bucketTable
2019-10-08 18:31:17,924 [main] INFO  db.DBStoreBuilder (DBStoreBuilder.java:addTable(117)) - using custom profile for table: keyTable
2019-10-08 18:31:17,924 [main] INFO  db.DBStoreBuilder (DBStoreBuilder.java:processTables(168)) - Using default column profile:DBProfile.DISK for Table:keyTable
2019-10-08 18:31:17,924 [main] INFO  db.DBStoreBuilder (DBStoreBuilder.java:addTable(117)) - using custom profile for table: deletedTable
2019-10-08 18:31:17,924 [main] INFO  db.DBStoreBuilder (DBStoreBuilder.java:processTables(168)) - Using default column profile:DBProfile.DISK for Table:deletedTable
2019-10-08 18:31:17,924 [main] INFO  db.DBStoreBuilder (DBStoreBuilder.java:addTable(117)) - using custom profile for table: openKeyTable
2019-10-08 18:31:17,924 [main] INFO  db.DBStoreBuilder (DBStoreBuilder.java:processTables(168)) - Using default column profile:DBProfile.DISK for Table:openKeyTable
2019-10-08 18:31:17,925 [main] INFO  db.DBStoreBuilder (DBStoreBuilder.java:addTable(117)) - using custom profile for table: s3Table
2019-10-08 18:31:17,925 [main] INFO  db.DBStoreBuilder (DBStoreBuilder.java:processTables(168)) - Using default column profile:DBProfile.DISK for Table:s3Table
2019-10-08 18:31:17,925 [main] INFO  db.DBStoreBuilder (DBStoreBuilder.java:addTable(117)) - using custom profile for table: multipartInfoTable
2019-10-08 18:31:17,925 [main] INFO  db.DBStoreBuilder (DBStoreBuilder.java:processTables(168)) - Using default column profile:DBProfile.DISK for Table:multipartInfoTable
2019-10-08 18:31:17,925 [main] INFO  db.DBStoreBuilder (DBStoreBuilder.java:addTable(117)) - using custom profile for table: dTokenTable
2019-10-08 18:31:17,925 [main] INFO  db.DBStoreBuilder (DBStoreBuilder.java:processTables(168)) - Using default column profile:DBProfile.DISK for Table:dTokenTable
2019-10-08 18:31:17,926 [main] INFO  db.DBStoreBuilder (DBStoreBuilder.java:addTable(117)) - using custom profile for table: s3SecretTable
2019-10-08 18:31:17,926 [main] INFO  db.DBStoreBuilder (DBStoreBuilder.java:processTables(168)) - Using default column profile:DBProfile.DISK for Table:s3SecretTable
2019-10-08 18:31:17,926 [main] INFO  db.DBStoreBuilder (DBStoreBuilder.java:addTable(117)) - using custom profile for table: prefixTable
2019-10-08 18:31:17,926 [main] INFO  db.DBStoreBuilder (DBStoreBuilder.java:processTables(168)) - Using default column profile:DBProfile.DISK for Table:prefixTable
2019-10-08 18:31:17,926 [main] INFO  db.DBStoreBuilder (DBStoreBuilder.java:addTable(117)) - using custom profile for table: default
2019-10-08 18:31:17,927 [main] INFO  db.DBStoreBuilder (DBStoreBuilder.java:processTables(174)) - Using default column profile:DBProfile.DISK for Table:default
2019-10-08 18:31:17,927 [main] INFO  db.DBStoreBuilder (DBStoreBuilder.java:getDbProfile(205)) - Using default options. DBProfile.DISK
2019-10-08 18:31:18,407 [main] INFO  ipc.CallQueueManager (CallQueueManager.java:<init>(84)) - Using callQueue: class java.util.concurrent.LinkedBlockingQueue, queueCapacity: 2000, scheduler: class org.apache.hadoop.ipc.DefaultRpcScheduler, ipcBackoff: false.
2019-10-08 18:31:18,408 [Socket Reader #1 for port 40575] INFO  ipc.Server (Server.java:run(1074)) - Starting Socket Reader #1 for port 40575
2019-10-08 18:31:18,420 [main] INFO  om.OzoneManager (OzoneManager.java:start(1069)) - OzoneManager RPC server is listening at localhost/127.0.0.1:40575
2019-10-08 18:31:18,420 [main] INFO  impl.MetricsSystemImpl (MetricsSystemImpl.java:init(158)) - OzoneManager metrics system started (again)
2019-10-08 18:31:18,421 [IPC Server Responder] INFO  ipc.Server (Server.java:run(1314)) - IPC Server Responder: starting
2019-10-08 18:31:18,421 [IPC Server listener on 40575] INFO  ipc.Server (Server.java:run(1153)) - IPC Server listener on 40575: starting
2019-10-08 18:31:18,427 [main] INFO  hdfs.DFSUtil (DFSUtil.java:httpServerTemplateForNNAndJN(1641)) - Starting Web-server for ozoneManager at: http://0.0.0.0:0
2019-10-08 18:31:18,429 [main] INFO  server.AuthenticationFilter (AuthenticationFilter.java:constructSecretProvider(240)) - Unable to initialize FileSignerSecretProvider, falling back to use random secrets.
2019-10-08 18:31:18,429 [main] WARN  http.HttpRequestLog (HttpRequestLog.java:getRequestLog(97)) - Jetty request log can only be enabled using Log4j
2019-10-08 18:31:18,431 [main] INFO  http.HttpServer2 (HttpServer2.java:addGlobalFilter(975)) - Added global filter 'safety' (class=org.apache.hadoop.http.HttpServer2$QuotingInputFilter)
2019-10-08 18:31:18,431 [main] INFO  http.HttpServer2 (HttpServer2.java:addFilter(948)) - Added filter static_user_filter (class=org.apache.hadoop.http.lib.StaticUserWebFilter$StaticUserFilter) to context ozoneManager
2019-10-08 18:31:18,431 [main] INFO  http.HttpServer2 (HttpServer2.java:addFilter(958)) - Added filter static_user_filter (class=org.apache.hadoop.http.lib.StaticUserWebFilter$StaticUserFilter) to context logs
2019-10-08 18:31:18,431 [main] INFO  http.HttpServer2 (HttpServer2.java:addFilter(958)) - Added filter static_user_filter (class=org.apache.hadoop.http.lib.StaticUserWebFilter$StaticUserFilter) to context static
2019-10-08 18:31:18,432 [main] INFO  http.HttpServer2 (HttpServer2.java:bindListener(1191)) - Jetty bound to port 38721
2019-10-08 18:31:18,432 [main] INFO  server.Server (Server.java:doStart(351)) - jetty-9.3.25.v20180904, build timestamp: 2018-09-04T21:11:46Z, git hash: 3ce520221d0240229c862b122d2b06c12a625732
2019-10-08 18:31:18,434 [main] INFO  handler.ContextHandler (ContextHandler.java:doStart(781)) - Started o.e.j.s.ServletContextHandler@785ed99c{/logs,file:///workdir/hadoop-ozone/integration-test/target/log,AVAILABLE}
2019-10-08 18:31:18,434 [main] INFO  handler.ContextHandler (ContextHandler.java:doStart(781)) - Started o.e.j.s.ServletContextHandler@755b5f30{/static,file:///workdir/hadoop-ozone/integration-test/target/test-classes/webapps/static,AVAILABLE}
2019-10-08 18:31:18,438 [main] INFO  handler.ContextHandler (ContextHandler.java:doStart(781)) - Started o.e.j.w.WebAppContext@77083e41{/,file:///workdir/hadoop-ozone/integration-test/target/test-classes/webapps/ozoneManager/,AVAILABLE}{/ozoneManager}
2019-10-08 18:31:18,438 [main] INFO  server.AbstractConnector (AbstractConnector.java:doStart(278)) - Started ServerConnector@231df705{HTTP/1.1,[http/1.1]}{0.0.0.0:38721}
2019-10-08 18:31:18,438 [main] INFO  server.Server (Server.java:doStart(419)) - Started @526436ms
2019-10-08 18:31:18,440 [main] WARN  impl.MetricsSystemImpl (MetricsSystemImpl.java:register(276)) - Sink prometheus already exists!
2019-10-08 18:31:18,440 [main] INFO  server.BaseHttpServer (BaseHttpServer.java:updateConnectorAddress(215)) - HTTP server of OZONEMANAGER is listening at http://0.0.0.0:38721
2019-10-08 18:31:18,453 [main] INFO  impl.MetricsSystemImpl (MetricsSystemImpl.java:init(158)) - HddsDatanode metrics system started (again)
2019-10-08 18:31:18,457 [main] INFO  ozone.HddsDatanodeService (HddsDatanodeService.java:start(184)) - HddsDatanodeService host:pr-hdds-1984-jmsdc-1452173494 ip:192.168.30.53
2019-10-08 18:31:18,462 [main] INFO  volume.HddsVolume (HddsVolume.java:<init>(176)) - Creating Volume: /workdir/hadoop-ozone/integration-test/target/test-dir/MiniOzoneClusterImpl-a711281c-616f-488d-a7dc-db87a594177d/datanode-0/data/containers/hdds of  storage type : DISK and capacity : 1482555576320
2019-10-08 18:31:18,463 [main] INFO  volume.VolumeSet (VolumeSet.java:initializeVolumeSet(170)) - Added Volume : /workdir/hadoop-ozone/integration-test/target/test-dir/MiniOzoneClusterImpl-a711281c-616f-488d-a7dc-db87a594177d/datanode-0/data/containers/hdds to VolumeSet
2019-10-08 18:31:18,463 [main] INFO  volume.ThrottledAsyncChecker (ThrottledAsyncChecker.java:schedule(139)) - Scheduling a check for org.apache.hadoop.ozone.container.common.volume.HddsVolume@6fbf5db2
2019-10-08 18:31:18,463 [main] INFO  volume.HddsVolumeChecker (HddsVolumeChecker.java:checkAllVolumes(202)) - Scheduled health check for volume org.apache.hadoop.ozone.container.common.volume.HddsVolume@6fbf5db2
2019-10-08 18:31:18,477 [main] INFO  impl.RaftServerProxy (ConfUtils.java:logGet(43)) - raft.rpc.type = GRPC (default)
2019-10-08 18:31:18,477 [main] INFO  grpc.GrpcFactory (GrpcFactory.java:checkPooledByteBufAllocatorUseCacheForAllThreads(45)) - PERFORMANCE WARNING: useCacheForAllThreads is true that may cause Netty to create a lot garbage objects and, as a result, trigger GC.
	It is recommended to disable useCacheForAllThreads by setting -Dorg.apache.ratis.thirdparty.io.netty.allocator.useCacheForAllThreads=false in command line.
2019-10-08 18:31:18,477 [main] INFO  grpc.GrpcConfigKeys$Server (ConfUtils.java:logGet(43)) - raft.grpc.server.port = 0 (default)
2019-10-08 18:31:18,477 [main] INFO  server.GrpcService (ConfUtils.java:logGet(43)) - raft.grpc.message.size.max = 33570816 (custom)
2019-10-08 18:31:18,477 [main] INFO  server.RaftServerConfigKeys (ConfUtils.java:logGet(43)) - raft.server.log.appender.buffer.byte-limit = 33554432 (custom)
2019-10-08 18:31:18,478 [main] INFO  server.GrpcService (ConfUtils.java:logGet(43)) - raft.grpc.flow.control.window = 1MB (=1048576) (default)
2019-10-08 18:31:18,478 [main] INFO  server.RaftServerConfigKeys (ConfUtils.java:logGet(43)) - raft.server.rpc.request.timeout = 3000ms (default)
2019-10-08 18:31:18,478 [main] INFO  server.RaftServerConfigKeys (ConfUtils.java:logGet(43)) - raft.server.storage.dir = [/workdir/hadoop-ozone/integration-test/target/test-dir/MiniOzoneClusterImpl-a711281c-616f-488d-a7dc-db87a594177d/datanode-0/data/ratis] (custom)
2019-10-08 18:31:18,480 [main] INFO  hdfs.DFSUtil (DFSUtil.java:httpServerTemplateForNNAndJN(1641)) - Starting Web-server for hddsDatanode at: http://0.0.0.0:0
2019-10-08 18:31:18,481 [main] INFO  server.AuthenticationFilter (AuthenticationFilter.java:constructSecretProvider(240)) - Unable to initialize FileSignerSecretProvider, falling back to use random secrets.
2019-10-08 18:31:18,482 [main] WARN  http.HttpRequestLog (HttpRequestLog.java:getRequestLog(97)) - Jetty request log can only be enabled using Log4j
2019-10-08 18:31:18,483 [main] INFO  http.HttpServer2 (HttpServer2.java:addGlobalFilter(975)) - Added global filter 'safety' (class=org.apache.hadoop.http.HttpServer2$QuotingInputFilter)
2019-10-08 18:31:18,483 [main] INFO  http.HttpServer2 (HttpServer2.java:addFilter(948)) - Added filter static_user_filter (class=org.apache.hadoop.http.lib.StaticUserWebFilter$StaticUserFilter) to context hddsDatanode
2019-10-08 18:31:18,483 [main] INFO  http.HttpServer2 (HttpServer2.java:addFilter(958)) - Added filter static_user_filter (class=org.apache.hadoop.http.lib.StaticUserWebFilter$StaticUserFilter) to context static
2019-10-08 18:31:18,484 [main] INFO  http.HttpServer2 (HttpServer2.java:addFilter(958)) - Added filter static_user_filter (class=org.apache.hadoop.http.lib.StaticUserWebFilter$StaticUserFilter) to context logs
2019-10-08 18:31:18,484 [main] INFO  http.HttpServer2 (HttpServer2.java:bindListener(1191)) - Jetty bound to port 43242
2019-10-08 18:31:18,484 [main] INFO  server.Server (Server.java:doStart(351)) - jetty-9.3.25.v20180904, build timestamp: 2018-09-04T21:11:46Z, git hash: 3ce520221d0240229c862b122d2b06c12a625732
2019-10-08 18:31:18,486 [main] INFO  handler.ContextHandler (ContextHandler.java:doStart(781)) - Started o.e.j.s.ServletContextHandler@584ca390{/logs,file:///workdir/hadoop-ozone/integration-test/target/log,AVAILABLE}
2019-10-08 18:31:18,486 [main] INFO  handler.ContextHandler (ContextHandler.java:doStart(781)) - Started o.e.j.s.ServletContextHandler@37d3e140{/static,jar:file:/home/user/.m2/repository/org/apache/hadoop/hadoop-hdds-container-service/0.5.0-SNAPSHOT/hadoop-hdds-container-service-0.5.0-SNAPSHOT.jar!/webapps/static,AVAILABLE}
2019-10-08 18:31:18,515 [main] INFO  handler.ContextHandler (ContextHandler.java:doStart(781)) - Started o.e.j.w.WebAppContext@37775bb1{/,file:///tmp/jetty-0.0.0.0-43242-hddsDatanode-_-any-9013382478528176980.dir/webapp/,AVAILABLE}{/hddsDatanode}
2019-10-08 18:31:18,516 [main] INFO  server.AbstractConnector (AbstractConnector.java:doStart(278)) - Started ServerConnector@7b9e25bd{HTTP/1.1,[http/1.1]}{0.0.0.0:43242}
2019-10-08 18:31:18,517 [main] INFO  server.Server (Server.java:doStart(419)) - Started @526513ms
2019-10-08 18:31:18,517 [main] WARN  impl.MetricsSystemImpl (MetricsSystemImpl.java:register(276)) - Sink prometheus already exists!
2019-10-08 18:31:18,518 [main] INFO  server.BaseHttpServer (BaseHttpServer.java:updateConnectorAddress(215)) - HTTP server of HDDSDATANODE is listening at http://0.0.0.0:43242
2019-10-08 18:31:18,518 [main] INFO  impl.MetricsSystemImpl (MetricsSystemImpl.java:init(158)) - HddsDatanode metrics system started (again)
2019-10-08 18:31:18,522 [org.apache.hadoop.util.JvmPauseMonitor$Monitor@a446d5e] INFO  util.JvmPauseMonitor (JvmPauseMonitor.java:run(188)) - Starting JVM pause monitor
2019-10-08 18:31:18,523 [main] INFO  ozone.HddsDatanodeService (HddsDatanodeService.java:start(184)) - HddsDatanodeService host:pr-hdds-1984-jmsdc-1452173494 ip:192.168.30.53
2019-10-08 18:31:18,525 [Datanode State Machine Thread - 0] INFO  datanode.InitDatanodeState (InitDatanodeState.java:persistContainerDatanodeDetails(140)) - DatanodeDetails is persisted to /workdir/hadoop-ozone/integration-test/target/test-dir/MiniOzoneClusterImpl-a711281c-616f-488d-a7dc-db87a594177d/datanode-0/meta/datanode.id
2019-10-08 18:31:18,529 [main] INFO  volume.HddsVolume (HddsVolume.java:<init>(176)) - Creating Volume: /workdir/hadoop-ozone/integration-test/target/test-dir/MiniOzoneClusterImpl-a711281c-616f-488d-a7dc-db87a594177d/datanode-1/data/containers/hdds of  storage type : DISK and capacity : 1482555576320
2019-10-08 18:31:18,530 [main] INFO  volume.VolumeSet (VolumeSet.java:initializeVolumeSet(170)) - Added Volume : /workdir/hadoop-ozone/integration-test/target/test-dir/MiniOzoneClusterImpl-a711281c-616f-488d-a7dc-db87a594177d/datanode-1/data/containers/hdds to VolumeSet
2019-10-08 18:31:18,530 [main] INFO  volume.ThrottledAsyncChecker (ThrottledAsyncChecker.java:schedule(139)) - Scheduling a check for org.apache.hadoop.ozone.container.common.volume.HddsVolume@42a0786f
2019-10-08 18:31:18,531 [main] INFO  volume.HddsVolumeChecker (HddsVolumeChecker.java:checkAllVolumes(202)) - Scheduled health check for volume org.apache.hadoop.ozone.container.common.volume.HddsVolume@42a0786f
2019-10-08 18:31:18,557 [main] INFO  impl.RaftServerProxy (ConfUtils.java:logGet(43)) - raft.rpc.type = GRPC (default)
2019-10-08 18:31:18,557 [main] INFO  grpc.GrpcFactory (GrpcFactory.java:checkPooledByteBufAllocatorUseCacheForAllThreads(45)) - PERFORMANCE WARNING: useCacheForAllThreads is true that may cause Netty to create a lot garbage objects and, as a result, trigger GC.
	It is recommended to disable useCacheForAllThreads by setting -Dorg.apache.ratis.thirdparty.io.netty.allocator.useCacheForAllThreads=false in command line.
2019-10-08 18:31:18,558 [main] INFO  grpc.GrpcConfigKeys$Server (ConfUtils.java:logGet(43)) - raft.grpc.server.port = 0 (default)
2019-10-08 18:31:18,558 [main] INFO  server.GrpcService (ConfUtils.java:logGet(43)) - raft.grpc.message.size.max = 33570816 (custom)
2019-10-08 18:31:18,558 [main] INFO  server.RaftServerConfigKeys (ConfUtils.java:logGet(43)) - raft.server.log.appender.buffer.byte-limit = 33554432 (custom)
2019-10-08 18:31:18,559 [main] INFO  server.GrpcService (ConfUtils.java:logGet(43)) - raft.grpc.flow.control.window = 1MB (=1048576) (default)
2019-10-08 18:31:18,559 [main] INFO  server.RaftServerConfigKeys (ConfUtils.java:logGet(43)) - raft.server.rpc.request.timeout = 3000ms (default)
2019-10-08 18:31:18,560 [main] INFO  server.RaftServerConfigKeys (ConfUtils.java:logGet(43)) - raft.server.storage.dir = [/workdir/hadoop-ozone/integration-test/target/test-dir/MiniOzoneClusterImpl-a711281c-616f-488d-a7dc-db87a594177d/datanode-1/data/ratis] (custom)
2019-10-08 18:31:18,562 [main] INFO  hdfs.DFSUtil (DFSUtil.java:httpServerTemplateForNNAndJN(1641)) - Starting Web-server for hddsDatanode at: http://0.0.0.0:0
2019-10-08 18:31:18,564 [main] INFO  server.AuthenticationFilter (AuthenticationFilter.java:constructSecretProvider(240)) - Unable to initialize FileSignerSecretProvider, falling back to use random secrets.
2019-10-08 18:31:18,564 [main] WARN  http.HttpRequestLog (HttpRequestLog.java:getRequestLog(97)) - Jetty request log can only be enabled using Log4j
2019-10-08 18:31:18,567 [main] INFO  http.HttpServer2 (HttpServer2.java:addGlobalFilter(975)) - Added global filter 'safety' (class=org.apache.hadoop.http.HttpServer2$QuotingInputFilter)
2019-10-08 18:31:18,568 [main] INFO  http.HttpServer2 (HttpServer2.java:addFilter(948)) - Added filter static_user_filter (class=org.apache.hadoop.http.lib.StaticUserWebFilter$StaticUserFilter) to context hddsDatanode
2019-10-08 18:31:18,568 [main] INFO  http.HttpServer2 (HttpServer2.java:addFilter(958)) - Added filter static_user_filter (class=org.apache.hadoop.http.lib.StaticUserWebFilter$StaticUserFilter) to context logs
2019-10-08 18:31:18,568 [main] INFO  http.HttpServer2 (HttpServer2.java:addFilter(958)) - Added filter static_user_filter (class=org.apache.hadoop.http.lib.StaticUserWebFilter$StaticUserFilter) to context static
2019-10-08 18:31:18,569 [main] INFO  http.HttpServer2 (HttpServer2.java:bindListener(1191)) - Jetty bound to port 44131
2019-10-08 18:31:18,570 [main] INFO  server.Server (Server.java:doStart(351)) - jetty-9.3.25.v20180904, build timestamp: 2018-09-04T21:11:46Z, git hash: 3ce520221d0240229c862b122d2b06c12a625732
2019-10-08 18:31:18,572 [main] INFO  handler.ContextHandler (ContextHandler.java:doStart(781)) - Started o.e.j.s.ServletContextHandler@404ced67{/logs,file:///workdir/hadoop-ozone/integration-test/target/log,AVAILABLE}
2019-10-08 18:31:18,572 [main] INFO  handler.ContextHandler (ContextHandler.java:doStart(781)) - Started o.e.j.s.ServletContextHandler@20256a0b{/static,jar:file:/home/user/.m2/repository/org/apache/hadoop/hadoop-hdds-container-service/0.5.0-SNAPSHOT/hadoop-hdds-container-service-0.5.0-SNAPSHOT.jar!/webapps/static,AVAILABLE}
2019-10-08 18:31:18,612 [main] INFO  handler.ContextHandler (ContextHandler.java:doStart(781)) - Started o.e.j.w.WebAppContext@61b60600{/,file:///tmp/jetty-0.0.0.0-44131-hddsDatanode-_-any-4921918206469641942.dir/webapp/,AVAILABLE}{/hddsDatanode}
2019-10-08 18:31:18,612 [main] INFO  server.AbstractConnector (AbstractConnector.java:doStart(278)) - Started ServerConnector@27f71195{HTTP/1.1,[http/1.1]}{0.0.0.0:44131}
2019-10-08 18:31:18,614 [main] INFO  server.Server (Server.java:doStart(419)) - Started @526612ms
2019-10-08 18:31:18,614 [main] WARN  impl.MetricsSystemImpl (MetricsSystemImpl.java:register(276)) - Sink prometheus already exists!
2019-10-08 18:31:18,615 [main] INFO  server.BaseHttpServer (BaseHttpServer.java:updateConnectorAddress(215)) - HTTP server of HDDSDATANODE is listening at http://0.0.0.0:44131
2019-10-08 18:31:18,615 [main] INFO  impl.MetricsSystemImpl (MetricsSystemImpl.java:init(158)) - HddsDatanode metrics system started (again)
2019-10-08 18:31:18,620 [org.apache.hadoop.util.JvmPauseMonitor$Monitor@754879a1] INFO  util.JvmPauseMonitor (JvmPauseMonitor.java:run(188)) - Starting JVM pause monitor
2019-10-08 18:31:18,621 [main] INFO  ozone.HddsDatanodeService (HddsDatanodeService.java:start(184)) - HddsDatanodeService host:pr-hdds-1984-jmsdc-1452173494 ip:192.168.30.53
2019-10-08 18:31:18,621 [Datanode State Machine Thread - 0] INFO  datanode.InitDatanodeState (InitDatanodeState.java:persistContainerDatanodeDetails(140)) - DatanodeDetails is persisted to /workdir/hadoop-ozone/integration-test/target/test-dir/MiniOzoneClusterImpl-a711281c-616f-488d-a7dc-db87a594177d/datanode-1/meta/datanode.id
2019-10-08 18:31:18,628 [main] INFO  volume.HddsVolume (HddsVolume.java:<init>(176)) - Creating Volume: /workdir/hadoop-ozone/integration-test/target/test-dir/MiniOzoneClusterImpl-a711281c-616f-488d-a7dc-db87a594177d/datanode-2/data/containers/hdds of  storage type : DISK and capacity : 1482555576320
2019-10-08 18:31:18,628 [main] INFO  volume.VolumeSet (VolumeSet.java:initializeVolumeSet(170)) - Added Volume : /workdir/hadoop-ozone/integration-test/target/test-dir/MiniOzoneClusterImpl-a711281c-616f-488d-a7dc-db87a594177d/datanode-2/data/containers/hdds to VolumeSet
2019-10-08 18:31:18,629 [main] INFO  volume.ThrottledAsyncChecker (ThrottledAsyncChecker.java:schedule(139)) - Scheduling a check for org.apache.hadoop.ozone.container.common.volume.HddsVolume@6562cc23
2019-10-08 18:31:18,629 [main] INFO  volume.HddsVolumeChecker (HddsVolumeChecker.java:checkAllVolumes(202)) - Scheduled health check for volume org.apache.hadoop.ozone.container.common.volume.HddsVolume@6562cc23
2019-10-08 18:31:18,645 [main] INFO  impl.RaftServerProxy (ConfUtils.java:logGet(43)) - raft.rpc.type = GRPC (default)
2019-10-08 18:31:18,645 [main] INFO  grpc.GrpcFactory (GrpcFactory.java:checkPooledByteBufAllocatorUseCacheForAllThreads(45)) - PERFORMANCE WARNING: useCacheForAllThreads is true that may cause Netty to create a lot garbage objects and, as a result, trigger GC.
	It is recommended to disable useCacheForAllThreads by setting -Dorg.apache.ratis.thirdparty.io.netty.allocator.useCacheForAllThreads=false in command line.
2019-10-08 18:31:18,646 [main] INFO  grpc.GrpcConfigKeys$Server (ConfUtils.java:logGet(43)) - raft.grpc.server.port = 0 (default)
2019-10-08 18:31:18,646 [main] INFO  server.GrpcService (ConfUtils.java:logGet(43)) - raft.grpc.message.size.max = 33570816 (custom)
2019-10-08 18:31:18,646 [main] INFO  server.RaftServerConfigKeys (ConfUtils.java:logGet(43)) - raft.server.log.appender.buffer.byte-limit = 33554432 (custom)
2019-10-08 18:31:18,646 [main] INFO  server.GrpcService (ConfUtils.java:logGet(43)) - raft.grpc.flow.control.window = 1MB (=1048576) (default)
2019-10-08 18:31:18,646 [main] INFO  server.RaftServerConfigKeys (ConfUtils.java:logGet(43)) - raft.server.rpc.request.timeout = 3000ms (default)
2019-10-08 18:31:18,647 [main] INFO  server.RaftServerConfigKeys (ConfUtils.java:logGet(43)) - raft.server.storage.dir = [/workdir/hadoop-ozone/integration-test/target/test-dir/MiniOzoneClusterImpl-a711281c-616f-488d-a7dc-db87a594177d/datanode-2/data/ratis] (custom)
2019-10-08 18:31:18,648 [main] INFO  hdfs.DFSUtil (DFSUtil.java:httpServerTemplateForNNAndJN(1641)) - Starting Web-server for hddsDatanode at: http://0.0.0.0:0
2019-10-08 18:31:18,650 [main] INFO  server.AuthenticationFilter (AuthenticationFilter.java:constructSecretProvider(240)) - Unable to initialize FileSignerSecretProvider, falling back to use random secrets.
2019-10-08 18:31:18,651 [main] WARN  http.HttpRequestLog (HttpRequestLog.java:getRequestLog(97)) - Jetty request log can only be enabled using Log4j
2019-10-08 18:31:18,653 [main] INFO  http.HttpServer2 (HttpServer2.java:addGlobalFilter(975)) - Added global filter 'safety' (class=org.apache.hadoop.http.HttpServer2$QuotingInputFilter)
2019-10-08 18:31:18,654 [main] INFO  http.HttpServer2 (HttpServer2.java:addFilter(948)) - Added filter static_user_filter (class=org.apache.hadoop.http.lib.StaticUserWebFilter$StaticUserFilter) to context hddsDatanode
2019-10-08 18:31:18,654 [main] INFO  http.HttpServer2 (HttpServer2.java:addFilter(958)) - Added filter static_user_filter (class=org.apache.hadoop.http.lib.StaticUserWebFilter$StaticUserFilter) to context logs
2019-10-08 18:31:18,654 [main] INFO  http.HttpServer2 (HttpServer2.java:addFilter(958)) - Added filter static_user_filter (class=org.apache.hadoop.http.lib.StaticUserWebFilter$StaticUserFilter) to context static
2019-10-08 18:31:18,655 [main] INFO  http.HttpServer2 (HttpServer2.java:bindListener(1191)) - Jetty bound to port 40294
2019-10-08 18:31:18,655 [main] INFO  server.Server (Server.java:doStart(351)) - jetty-9.3.25.v20180904, build timestamp: 2018-09-04T21:11:46Z, git hash: 3ce520221d0240229c862b122d2b06c12a625732
2019-10-08 18:31:18,657 [main] INFO  handler.ContextHandler (ContextHandler.java:doStart(781)) - Started o.e.j.s.ServletContextHandler@c9b5a99{/logs,file:///workdir/hadoop-ozone/integration-test/target/log,AVAILABLE}
2019-10-08 18:31:18,658 [main] INFO  handler.ContextHandler (ContextHandler.java:doStart(781)) - Started o.e.j.s.ServletContextHandler@2aee0704{/static,jar:file:/home/user/.m2/repository/org/apache/hadoop/hadoop-hdds-container-service/0.5.0-SNAPSHOT/hadoop-hdds-container-service-0.5.0-SNAPSHOT.jar!/webapps/static,AVAILABLE}
2019-10-08 18:31:18,699 [main] INFO  handler.ContextHandler (ContextHandler.java:doStart(781)) - Started o.e.j.w.WebAppContext@1ecf0ac6{/,file:///tmp/jetty-0.0.0.0-40294-hddsDatanode-_-any-4269902992946401875.dir/webapp/,AVAILABLE}{/hddsDatanode}
2019-10-08 18:31:18,700 [main] INFO  server.AbstractConnector (AbstractConnector.java:doStart(278)) - Started ServerConnector@458031da{HTTP/1.1,[http/1.1]}{0.0.0.0:40294}
2019-10-08 18:31:18,701 [main] INFO  server.Server (Server.java:doStart(419)) - Started @526698ms
2019-10-08 18:31:18,701 [main] WARN  impl.MetricsSystemImpl (MetricsSystemImpl.java:register(276)) - Sink prometheus already exists!
2019-10-08 18:31:18,702 [main] INFO  server.BaseHttpServer (BaseHttpServer.java:updateConnectorAddress(215)) - HTTP server of HDDSDATANODE is listening at http://0.0.0.0:40294
2019-10-08 18:31:18,702 [main] INFO  impl.MetricsSystemImpl (MetricsSystemImpl.java:init(158)) - HddsDatanode metrics system started (again)
2019-10-08 18:31:18,707 [org.apache.hadoop.util.JvmPauseMonitor$Monitor@55821a2a] INFO  util.JvmPauseMonitor (JvmPauseMonitor.java:run(188)) - Starting JVM pause monitor
2019-10-08 18:31:18,708 [main] INFO  ozone.HddsDatanodeService (HddsDatanodeService.java:start(184)) - HddsDatanodeService host:pr-hdds-1984-jmsdc-1452173494 ip:192.168.30.53
2019-10-08 18:31:18,708 [Datanode State Machine Thread - 0] INFO  datanode.InitDatanodeState (InitDatanodeState.java:persistContainerDatanodeDetails(140)) - DatanodeDetails is persisted to /workdir/hadoop-ozone/integration-test/target/test-dir/MiniOzoneClusterImpl-a711281c-616f-488d-a7dc-db87a594177d/datanode-2/meta/datanode.id
2019-10-08 18:31:18,713 [main] INFO  volume.HddsVolume (HddsVolume.java:<init>(176)) - Creating Volume: /workdir/hadoop-ozone/integration-test/target/test-dir/MiniOzoneClusterImpl-a711281c-616f-488d-a7dc-db87a594177d/datanode-3/data/containers/hdds of  storage type : DISK and capacity : 1482555576320
2019-10-08 18:31:18,714 [main] INFO  volume.VolumeSet (VolumeSet.java:initializeVolumeSet(170)) - Added Volume : /workdir/hadoop-ozone/integration-test/target/test-dir/MiniOzoneClusterImpl-a711281c-616f-488d-a7dc-db87a594177d/datanode-3/data/containers/hdds to VolumeSet
2019-10-08 18:31:18,714 [main] INFO  volume.ThrottledAsyncChecker (ThrottledAsyncChecker.java:schedule(139)) - Scheduling a check for org.apache.hadoop.ozone.container.common.volume.HddsVolume@30508066
2019-10-08 18:31:18,715 [main] INFO  volume.HddsVolumeChecker (HddsVolumeChecker.java:checkAllVolumes(202)) - Scheduled health check for volume org.apache.hadoop.ozone.container.common.volume.HddsVolume@30508066
2019-10-08 18:31:18,735 [main] INFO  impl.RaftServerProxy (ConfUtils.java:logGet(43)) - raft.rpc.type = GRPC (default)
2019-10-08 18:31:18,736 [main] INFO  grpc.GrpcFactory (GrpcFactory.java:checkPooledByteBufAllocatorUseCacheForAllThreads(45)) - PERFORMANCE WARNING: useCacheForAllThreads is true that may cause Netty to create a lot garbage objects and, as a result, trigger GC.
	It is recommended to disable useCacheForAllThreads by setting -Dorg.apache.ratis.thirdparty.io.netty.allocator.useCacheForAllThreads=false in command line.
2019-10-08 18:31:18,736 [main] INFO  grpc.GrpcConfigKeys$Server (ConfUtils.java:logGet(43)) - raft.grpc.server.port = 0 (default)
2019-10-08 18:31:18,736 [main] INFO  server.GrpcService (ConfUtils.java:logGet(43)) - raft.grpc.message.size.max = 33570816 (custom)
2019-10-08 18:31:18,736 [main] INFO  server.RaftServerConfigKeys (ConfUtils.java:logGet(43)) - raft.server.log.appender.buffer.byte-limit = 33554432 (custom)
2019-10-08 18:31:18,737 [main] INFO  server.GrpcService (ConfUtils.java:logGet(43)) - raft.grpc.flow.control.window = 1MB (=1048576) (default)
2019-10-08 18:31:18,737 [main] INFO  server.RaftServerConfigKeys (ConfUtils.java:logGet(43)) - raft.server.rpc.request.timeout = 3000ms (default)
2019-10-08 18:31:18,738 [main] INFO  server.RaftServerConfigKeys (ConfUtils.java:logGet(43)) - raft.server.storage.dir = [/workdir/hadoop-ozone/integration-test/target/test-dir/MiniOzoneClusterImpl-a711281c-616f-488d-a7dc-db87a594177d/datanode-3/data/ratis] (custom)
2019-10-08 18:31:18,739 [main] INFO  hdfs.DFSUtil (DFSUtil.java:httpServerTemplateForNNAndJN(1641)) - Starting Web-server for hddsDatanode at: http://0.0.0.0:0
2019-10-08 18:31:18,741 [main] INFO  server.AuthenticationFilter (AuthenticationFilter.java:constructSecretProvider(240)) - Unable to initialize FileSignerSecretProvider, falling back to use random secrets.
2019-10-08 18:31:18,741 [main] WARN  http.HttpRequestLog (HttpRequestLog.java:getRequestLog(97)) - Jetty request log can only be enabled using Log4j
2019-10-08 18:31:18,743 [main] INFO  http.HttpServer2 (HttpServer2.java:addGlobalFilter(975)) - Added global filter 'safety' (class=org.apache.hadoop.http.HttpServer2$QuotingInputFilter)
2019-10-08 18:31:18,743 [main] INFO  http.HttpServer2 (HttpServer2.java:addFilter(948)) - Added filter static_user_filter (class=org.apache.hadoop.http.lib.StaticUserWebFilter$StaticUserFilter) to context hddsDatanode
2019-10-08 18:31:18,744 [main] INFO  http.HttpServer2 (HttpServer2.java:addFilter(958)) - Added filter static_user_filter (class=org.apache.hadoop.http.lib.StaticUserWebFilter$StaticUserFilter) to context logs
2019-10-08 18:31:18,744 [main] INFO  http.HttpServer2 (HttpServer2.java:addFilter(958)) - Added filter static_user_filter (class=org.apache.hadoop.http.lib.StaticUserWebFilter$StaticUserFilter) to context static
2019-10-08 18:31:18,745 [main] INFO  http.HttpServer2 (HttpServer2.java:bindListener(1191)) - Jetty bound to port 43287
2019-10-08 18:31:18,745 [main] INFO  server.Server (Server.java:doStart(351)) - jetty-9.3.25.v20180904, build timestamp: 2018-09-04T21:11:46Z, git hash: 3ce520221d0240229c862b122d2b06c12a625732
2019-10-08 18:31:18,746 [main] INFO  handler.ContextHandler (ContextHandler.java:doStart(781)) - Started o.e.j.s.ServletContextHandler@5329f6b3{/logs,file:///workdir/hadoop-ozone/integration-test/target/log,AVAILABLE}
2019-10-08 18:31:18,747 [main] INFO  handler.ContextHandler (ContextHandler.java:doStart(781)) - Started o.e.j.s.ServletContextHandler@77324a58{/static,jar:file:/home/user/.m2/repository/org/apache/hadoop/hadoop-hdds-container-service/0.5.0-SNAPSHOT/hadoop-hdds-container-service-0.5.0-SNAPSHOT.jar!/webapps/static,AVAILABLE}
2019-10-08 18:31:18,786 [main] INFO  handler.ContextHandler (ContextHandler.java:doStart(781)) - Started o.e.j.w.WebAppContext@ef86c72{/,file:///tmp/jetty-0.0.0.0-43287-hddsDatanode-_-any-3230447375964779548.dir/webapp/,AVAILABLE}{/hddsDatanode}
2019-10-08 18:31:18,787 [main] INFO  server.AbstractConnector (AbstractConnector.java:doStart(278)) - Started ServerConnector@123307c4{HTTP/1.1,[http/1.1]}{0.0.0.0:43287}
2019-10-08 18:31:18,788 [main] INFO  server.Server (Server.java:doStart(419)) - Started @526785ms
2019-10-08 18:31:18,788 [main] WARN  impl.MetricsSystemImpl (MetricsSystemImpl.java:register(276)) - Sink prometheus already exists!
2019-10-08 18:31:18,789 [main] INFO  server.BaseHttpServer (BaseHttpServer.java:updateConnectorAddress(215)) - HTTP server of HDDSDATANODE is listening at http://0.0.0.0:43287
2019-10-08 18:31:18,789 [main] INFO  impl.MetricsSystemImpl (MetricsSystemImpl.java:init(158)) - HddsDatanode metrics system started (again)
2019-10-08 18:31:18,797 [org.apache.hadoop.util.JvmPauseMonitor$Monitor@210f2236] INFO  util.JvmPauseMonitor (JvmPauseMonitor.java:run(188)) - Starting JVM pause monitor
2019-10-08 18:31:18,798 [Datanode State Machine Thread - 0] INFO  datanode.InitDatanodeState (InitDatanodeState.java:persistContainerDatanodeDetails(140)) - DatanodeDetails is persisted to /workdir/hadoop-ozone/integration-test/target/test-dir/MiniOzoneClusterImpl-a711281c-616f-488d-a7dc-db87a594177d/datanode-3/meta/datanode.id
2019-10-08 18:31:18,798 [main] INFO  ozone.HddsDatanodeService (HddsDatanodeService.java:start(184)) - HddsDatanodeService host:pr-hdds-1984-jmsdc-1452173494 ip:192.168.30.53
2019-10-08 18:31:18,805 [main] INFO  volume.HddsVolume (HddsVolume.java:<init>(176)) - Creating Volume: /workdir/hadoop-ozone/integration-test/target/test-dir/MiniOzoneClusterImpl-a711281c-616f-488d-a7dc-db87a594177d/datanode-4/data/containers/hdds of  storage type : DISK and capacity : 1482555576320
2019-10-08 18:31:18,806 [main] INFO  volume.VolumeSet (VolumeSet.java:initializeVolumeSet(170)) - Added Volume : /workdir/hadoop-ozone/integration-test/target/test-dir/MiniOzoneClusterImpl-a711281c-616f-488d-a7dc-db87a594177d/datanode-4/data/containers/hdds to VolumeSet
2019-10-08 18:31:18,806 [main] INFO  volume.ThrottledAsyncChecker (ThrottledAsyncChecker.java:schedule(139)) - Scheduling a check for org.apache.hadoop.ozone.container.common.volume.HddsVolume@774d8276
2019-10-08 18:31:18,807 [main] INFO  volume.HddsVolumeChecker (HddsVolumeChecker.java:checkAllVolumes(202)) - Scheduled health check for volume org.apache.hadoop.ozone.container.common.volume.HddsVolume@774d8276
2019-10-08 18:31:18,828 [main] INFO  impl.RaftServerProxy (ConfUtils.java:logGet(43)) - raft.rpc.type = GRPC (default)
2019-10-08 18:31:18,829 [main] INFO  grpc.GrpcFactory (GrpcFactory.java:checkPooledByteBufAllocatorUseCacheForAllThreads(45)) - PERFORMANCE WARNING: useCacheForAllThreads is true that may cause Netty to create a lot garbage objects and, as a result, trigger GC.
	It is recommended to disable useCacheForAllThreads by setting -Dorg.apache.ratis.thirdparty.io.netty.allocator.useCacheForAllThreads=false in command line.
2019-10-08 18:31:18,829 [main] INFO  grpc.GrpcConfigKeys$Server (ConfUtils.java:logGet(43)) - raft.grpc.server.port = 0 (default)
2019-10-08 18:31:18,829 [main] INFO  server.GrpcService (ConfUtils.java:logGet(43)) - raft.grpc.message.size.max = 33570816 (custom)
2019-10-08 18:31:18,830 [main] INFO  server.RaftServerConfigKeys (ConfUtils.java:logGet(43)) - raft.server.log.appender.buffer.byte-limit = 33554432 (custom)
2019-10-08 18:31:18,830 [main] INFO  server.GrpcService (ConfUtils.java:logGet(43)) - raft.grpc.flow.control.window = 1MB (=1048576) (default)
2019-10-08 18:31:18,830 [main] INFO  server.RaftServerConfigKeys (ConfUtils.java:logGet(43)) - raft.server.rpc.request.timeout = 3000ms (default)
2019-10-08 18:31:18,831 [main] INFO  server.RaftServerConfigKeys (ConfUtils.java:logGet(43)) - raft.server.storage.dir = [/workdir/hadoop-ozone/integration-test/target/test-dir/MiniOzoneClusterImpl-a711281c-616f-488d-a7dc-db87a594177d/datanode-4/data/ratis] (custom)
2019-10-08 18:31:18,832 [main] INFO  hdfs.DFSUtil (DFSUtil.java:httpServerTemplateForNNAndJN(1641)) - Starting Web-server for hddsDatanode at: http://0.0.0.0:0
2019-10-08 18:31:18,834 [main] INFO  server.AuthenticationFilter (AuthenticationFilter.java:constructSecretProvider(240)) - Unable to initialize FileSignerSecretProvider, falling back to use random secrets.
2019-10-08 18:31:18,835 [main] WARN  http.HttpRequestLog (HttpRequestLog.java:getRequestLog(97)) - Jetty request log can only be enabled using Log4j
2019-10-08 18:31:18,836 [main] INFO  http.HttpServer2 (HttpServer2.java:addGlobalFilter(975)) - Added global filter 'safety' (class=org.apache.hadoop.http.HttpServer2$QuotingInputFilter)
2019-10-08 18:31:18,837 [main] INFO  http.HttpServer2 (HttpServer2.java:addFilter(948)) - Added filter static_user_filter (class=org.apache.hadoop.http.lib.StaticUserWebFilter$StaticUserFilter) to context hddsDatanode
2019-10-08 18:31:18,837 [main] INFO  http.HttpServer2 (HttpServer2.java:addFilter(958)) - Added filter static_user_filter (class=org.apache.hadoop.http.lib.StaticUserWebFilter$StaticUserFilter) to context logs
2019-10-08 18:31:18,837 [main] INFO  http.HttpServer2 (HttpServer2.java:addFilter(958)) - Added filter static_user_filter (class=org.apache.hadoop.http.lib.StaticUserWebFilter$StaticUserFilter) to context static
2019-10-08 18:31:18,838 [main] INFO  http.HttpServer2 (HttpServer2.java:bindListener(1191)) - Jetty bound to port 37468
2019-10-08 18:31:18,838 [main] INFO  server.Server (Server.java:doStart(351)) - jetty-9.3.25.v20180904, build timestamp: 2018-09-04T21:11:46Z, git hash: 3ce520221d0240229c862b122d2b06c12a625732
2019-10-08 18:31:18,840 [main] INFO  handler.ContextHandler (ContextHandler.java:doStart(781)) - Started o.e.j.s.ServletContextHandler@2a99ca99{/logs,file:///workdir/hadoop-ozone/integration-test/target/log,AVAILABLE}
2019-10-08 18:31:18,840 [main] INFO  handler.ContextHandler (ContextHandler.java:doStart(781)) - Started o.e.j.s.ServletContextHandler@781654f8{/static,jar:file:/home/user/.m2/repository/org/apache/hadoop/hadoop-hdds-container-service/0.5.0-SNAPSHOT/hadoop-hdds-container-service-0.5.0-SNAPSHOT.jar!/webapps/static,AVAILABLE}
2019-10-08 18:31:18,878 [main] INFO  handler.ContextHandler (ContextHandler.java:doStart(781)) - Started o.e.j.w.WebAppContext@6c07ad6b{/,file:///tmp/jetty-0.0.0.0-37468-hddsDatanode-_-any-831730189995946030.dir/webapp/,AVAILABLE}{/hddsDatanode}
2019-10-08 18:31:18,879 [main] INFO  server.AbstractConnector (AbstractConnector.java:doStart(278)) - Started ServerConnector@10ed037a{HTTP/1.1,[http/1.1]}{0.0.0.0:37468}
2019-10-08 18:31:18,881 [main] INFO  server.Server (Server.java:doStart(419)) - Started @526878ms
2019-10-08 18:31:18,881 [main] WARN  impl.MetricsSystemImpl (MetricsSystemImpl.java:register(276)) - Sink prometheus already exists!
2019-10-08 18:31:18,881 [main] INFO  server.BaseHttpServer (BaseHttpServer.java:updateConnectorAddress(215)) - HTTP server of HDDSDATANODE is listening at http://0.0.0.0:37468
2019-10-08 18:31:18,882 [main] INFO  impl.MetricsSystemImpl (MetricsSystemImpl.java:init(158)) - HddsDatanode metrics system started (again)
2019-10-08 18:31:18,888 [org.apache.hadoop.util.JvmPauseMonitor$Monitor@483b34c6] INFO  util.JvmPauseMonitor (JvmPauseMonitor.java:run(188)) - Starting JVM pause monitor
2019-10-08 18:31:18,889 [main] INFO  ozone.HddsDatanodeService (HddsDatanodeService.java:start(184)) - HddsDatanodeService host:pr-hdds-1984-jmsdc-1452173494 ip:192.168.30.53
2019-10-08 18:31:18,889 [Datanode State Machine Thread - 0] INFO  datanode.InitDatanodeState (InitDatanodeState.java:persistContainerDatanodeDetails(140)) - DatanodeDetails is persisted to /workdir/hadoop-ozone/integration-test/target/test-dir/MiniOzoneClusterImpl-a711281c-616f-488d-a7dc-db87a594177d/datanode-4/meta/datanode.id
2019-10-08 18:31:18,897 [main] INFO  volume.HddsVolume (HddsVolume.java:<init>(176)) - Creating Volume: /workdir/hadoop-ozone/integration-test/target/test-dir/MiniOzoneClusterImpl-a711281c-616f-488d-a7dc-db87a594177d/datanode-5/data/containers/hdds of  storage type : DISK and capacity : 1482555576320
2019-10-08 18:31:18,897 [main] INFO  volume.VolumeSet (VolumeSet.java:initializeVolumeSet(170)) - Added Volume : /workdir/hadoop-ozone/integration-test/target/test-dir/MiniOzoneClusterImpl-a711281c-616f-488d-a7dc-db87a594177d/datanode-5/data/containers/hdds to VolumeSet
2019-10-08 18:31:18,898 [main] INFO  volume.ThrottledAsyncChecker (ThrottledAsyncChecker.java:schedule(139)) - Scheduling a check for org.apache.hadoop.ozone.container.common.volume.HddsVolume@55d8c2c4
2019-10-08 18:31:18,898 [main] INFO  volume.HddsVolumeChecker (HddsVolumeChecker.java:checkAllVolumes(202)) - Scheduled health check for volume org.apache.hadoop.ozone.container.common.volume.HddsVolume@55d8c2c4
2019-10-08 18:31:18,915 [main] INFO  impl.RaftServerProxy (ConfUtils.java:logGet(43)) - raft.rpc.type = GRPC (default)
2019-10-08 18:31:18,915 [main] INFO  grpc.GrpcFactory (GrpcFactory.java:checkPooledByteBufAllocatorUseCacheForAllThreads(45)) - PERFORMANCE WARNING: useCacheForAllThreads is true that may cause Netty to create a lot garbage objects and, as a result, trigger GC.
	It is recommended to disable useCacheForAllThreads by setting -Dorg.apache.ratis.thirdparty.io.netty.allocator.useCacheForAllThreads=false in command line.
2019-10-08 18:31:18,915 [main] INFO  grpc.GrpcConfigKeys$Server (ConfUtils.java:logGet(43)) - raft.grpc.server.port = 0 (default)
2019-10-08 18:31:18,916 [main] INFO  server.GrpcService (ConfUtils.java:logGet(43)) - raft.grpc.message.size.max = 33570816 (custom)
2019-10-08 18:31:18,916 [main] INFO  server.RaftServerConfigKeys (ConfUtils.java:logGet(43)) - raft.server.log.appender.buffer.byte-limit = 33554432 (custom)
2019-10-08 18:31:18,916 [main] INFO  server.GrpcService (ConfUtils.java:logGet(43)) - raft.grpc.flow.control.window = 1MB (=1048576) (default)
2019-10-08 18:31:18,916 [main] INFO  server.RaftServerConfigKeys (ConfUtils.java:logGet(43)) - raft.server.rpc.request.timeout = 3000ms (default)
2019-10-08 18:31:18,917 [main] INFO  server.RaftServerConfigKeys (ConfUtils.java:logGet(43)) - raft.server.storage.dir = [/workdir/hadoop-ozone/integration-test/target/test-dir/MiniOzoneClusterImpl-a711281c-616f-488d-a7dc-db87a594177d/datanode-5/data/ratis] (custom)
2019-10-08 18:31:18,918 [main] INFO  hdfs.DFSUtil (DFSUtil.java:httpServerTemplateForNNAndJN(1641)) - Starting Web-server for hddsDatanode at: http://0.0.0.0:0
2019-10-08 18:31:18,919 [main] INFO  server.AuthenticationFilter (AuthenticationFilter.java:constructSecretProvider(240)) - Unable to initialize FileSignerSecretProvider, falling back to use random secrets.
2019-10-08 18:31:18,920 [main] WARN  http.HttpRequestLog (HttpRequestLog.java:getRequestLog(97)) - Jetty request log can only be enabled using Log4j
2019-10-08 18:31:18,921 [main] INFO  http.HttpServer2 (HttpServer2.java:addGlobalFilter(975)) - Added global filter 'safety' (class=org.apache.hadoop.http.HttpServer2$QuotingInputFilter)
2019-10-08 18:31:18,921 [main] INFO  http.HttpServer2 (HttpServer2.java:addFilter(948)) - Added filter static_user_filter (class=org.apache.hadoop.http.lib.StaticUserWebFilter$StaticUserFilter) to context hddsDatanode
2019-10-08 18:31:18,921 [main] INFO  http.HttpServer2 (HttpServer2.java:addFilter(958)) - Added filter static_user_filter (class=org.apache.hadoop.http.lib.StaticUserWebFilter$StaticUserFilter) to context static
2019-10-08 18:31:18,922 [main] INFO  http.HttpServer2 (HttpServer2.java:addFilter(958)) - Added filter static_user_filter (class=org.apache.hadoop.http.lib.StaticUserWebFilter$StaticUserFilter) to context logs
2019-10-08 18:31:18,922 [main] INFO  http.HttpServer2 (HttpServer2.java:bindListener(1191)) - Jetty bound to port 37882
2019-10-08 18:31:18,922 [main] INFO  server.Server (Server.java:doStart(351)) - jetty-9.3.25.v20180904, build timestamp: 2018-09-04T21:11:46Z, git hash: 3ce520221d0240229c862b122d2b06c12a625732
2019-10-08 18:31:18,924 [main] INFO  handler.ContextHandler (ContextHandler.java:doStart(781)) - Started o.e.j.s.ServletContextHandler@62cf6a84{/logs,file:///workdir/hadoop-ozone/integration-test/target/log,AVAILABLE}
2019-10-08 18:31:18,924 [main] INFO  handler.ContextHandler (ContextHandler.java:doStart(781)) - Started o.e.j.s.ServletContextHandler@6b2aafbc{/static,jar:file:/home/user/.m2/repository/org/apache/hadoop/hadoop-hdds-container-service/0.5.0-SNAPSHOT/hadoop-hdds-container-service-0.5.0-SNAPSHOT.jar!/webapps/static,AVAILABLE}
2019-10-08 18:31:18,952 [main] INFO  handler.ContextHandler (ContextHandler.java:doStart(781)) - Started o.e.j.w.WebAppContext@101330ad{/,file:///tmp/jetty-0.0.0.0-37882-hddsDatanode-_-any-8222519946052473290.dir/webapp/,AVAILABLE}{/hddsDatanode}
2019-10-08 18:31:18,952 [main] INFO  server.AbstractConnector (AbstractConnector.java:doStart(278)) - Started ServerConnector@625487a6{HTTP/1.1,[http/1.1]}{0.0.0.0:37882}
2019-10-08 18:31:18,952 [main] INFO  server.Server (Server.java:doStart(419)) - Started @526950ms
2019-10-08 18:31:18,954 [main] WARN  impl.MetricsSystemImpl (MetricsSystemImpl.java:register(276)) - Sink prometheus already exists!
2019-10-08 18:31:18,955 [main] INFO  server.BaseHttpServer (BaseHttpServer.java:updateConnectorAddress(215)) - HTTP server of HDDSDATANODE is listening at http://0.0.0.0:37882
2019-10-08 18:31:18,955 [main] INFO  impl.MetricsSystemImpl (MetricsSystemImpl.java:init(158)) - HddsDatanode metrics system started (again)
2019-10-08 18:31:18,962 [org.apache.hadoop.util.JvmPauseMonitor$Monitor@3b5390c1] INFO  util.JvmPauseMonitor (JvmPauseMonitor.java:run(188)) - Starting JVM pause monitor
2019-10-08 18:31:18,963 [main] INFO  ozone.HddsDatanodeService (HddsDatanodeService.java:start(184)) - HddsDatanodeService host:pr-hdds-1984-jmsdc-1452173494 ip:192.168.30.53
2019-10-08 18:31:18,963 [Datanode State Machine Thread - 0] INFO  datanode.InitDatanodeState (InitDatanodeState.java:persistContainerDatanodeDetails(140)) - DatanodeDetails is persisted to /workdir/hadoop-ozone/integration-test/target/test-dir/MiniOzoneClusterImpl-a711281c-616f-488d-a7dc-db87a594177d/datanode-5/meta/datanode.id
2019-10-08 18:31:18,969 [main] INFO  volume.HddsVolume (HddsVolume.java:<init>(176)) - Creating Volume: /workdir/hadoop-ozone/integration-test/target/test-dir/MiniOzoneClusterImpl-a711281c-616f-488d-a7dc-db87a594177d/datanode-6/data/containers/hdds of  storage type : DISK and capacity : 1482555576320
2019-10-08 18:31:18,969 [main] INFO  volume.VolumeSet (VolumeSet.java:initializeVolumeSet(170)) - Added Volume : /workdir/hadoop-ozone/integration-test/target/test-dir/MiniOzoneClusterImpl-a711281c-616f-488d-a7dc-db87a594177d/datanode-6/data/containers/hdds to VolumeSet
2019-10-08 18:31:18,969 [main] INFO  volume.ThrottledAsyncChecker (ThrottledAsyncChecker.java:schedule(139)) - Scheduling a check for org.apache.hadoop.ozone.container.common.volume.HddsVolume@626c569b
2019-10-08 18:31:18,970 [main] INFO  volume.HddsVolumeChecker (HddsVolumeChecker.java:checkAllVolumes(202)) - Scheduled health check for volume org.apache.hadoop.ozone.container.common.volume.HddsVolume@626c569b
2019-10-08 18:31:18,982 [main] INFO  impl.RaftServerProxy (ConfUtils.java:logGet(43)) - raft.rpc.type = GRPC (default)
2019-10-08 18:31:18,982 [main] INFO  grpc.GrpcFactory (GrpcFactory.java:checkPooledByteBufAllocatorUseCacheForAllThreads(45)) - PERFORMANCE WARNING: useCacheForAllThreads is true that may cause Netty to create a lot garbage objects and, as a result, trigger GC.
	It is recommended to disable useCacheForAllThreads by setting -Dorg.apache.ratis.thirdparty.io.netty.allocator.useCacheForAllThreads=false in command line.
2019-10-08 18:31:18,982 [main] INFO  grpc.GrpcConfigKeys$Server (ConfUtils.java:logGet(43)) - raft.grpc.server.port = 0 (default)
2019-10-08 18:31:18,983 [main] INFO  server.GrpcService (ConfUtils.java:logGet(43)) - raft.grpc.message.size.max = 33570816 (custom)
2019-10-08 18:31:18,983 [main] INFO  server.RaftServerConfigKeys (ConfUtils.java:logGet(43)) - raft.server.log.appender.buffer.byte-limit = 33554432 (custom)
2019-10-08 18:31:18,983 [main] INFO  server.GrpcService (ConfUtils.java:logGet(43)) - raft.grpc.flow.control.window = 1MB (=1048576) (default)
2019-10-08 18:31:18,983 [main] INFO  server.RaftServerConfigKeys (ConfUtils.java:logGet(43)) - raft.server.rpc.request.timeout = 3000ms (default)
2019-10-08 18:31:18,983 [main] INFO  server.RaftServerConfigKeys (ConfUtils.java:logGet(43)) - raft.server.storage.dir = [/workdir/hadoop-ozone/integration-test/target/test-dir/MiniOzoneClusterImpl-a711281c-616f-488d-a7dc-db87a594177d/datanode-6/data/ratis] (custom)
2019-10-08 18:31:18,984 [main] INFO  hdfs.DFSUtil (DFSUtil.java:httpServerTemplateForNNAndJN(1641)) - Starting Web-server for hddsDatanode at: http://0.0.0.0:0
2019-10-08 18:31:18,986 [main] INFO  server.AuthenticationFilter (AuthenticationFilter.java:constructSecretProvider(240)) - Unable to initialize FileSignerSecretProvider, falling back to use random secrets.
2019-10-08 18:31:18,986 [main] WARN  http.HttpRequestLog (HttpRequestLog.java:getRequestLog(97)) - Jetty request log can only be enabled using Log4j
2019-10-08 18:31:18,987 [main] INFO  http.HttpServer2 (HttpServer2.java:addGlobalFilter(975)) - Added global filter 'safety' (class=org.apache.hadoop.http.HttpServer2$QuotingInputFilter)
2019-10-08 18:31:18,988 [main] INFO  http.HttpServer2 (HttpServer2.java:addFilter(948)) - Added filter static_user_filter (class=org.apache.hadoop.http.lib.StaticUserWebFilter$StaticUserFilter) to context hddsDatanode
2019-10-08 18:31:18,988 [main] INFO  http.HttpServer2 (HttpServer2.java:addFilter(958)) - Added filter static_user_filter (class=org.apache.hadoop.http.lib.StaticUserWebFilter$StaticUserFilter) to context logs
2019-10-08 18:31:18,988 [main] INFO  http.HttpServer2 (HttpServer2.java:addFilter(958)) - Added filter static_user_filter (class=org.apache.hadoop.http.lib.StaticUserWebFilter$StaticUserFilter) to context static
2019-10-08 18:31:18,988 [main] INFO  http.HttpServer2 (HttpServer2.java:bindListener(1191)) - Jetty bound to port 45754
2019-10-08 18:31:18,988 [main] INFO  server.Server (Server.java:doStart(351)) - jetty-9.3.25.v20180904, build timestamp: 2018-09-04T21:11:46Z, git hash: 3ce520221d0240229c862b122d2b06c12a625732
2019-10-08 18:31:18,990 [main] INFO  handler.ContextHandler (ContextHandler.java:doStart(781)) - Started o.e.j.s.ServletContextHandler@1537e43{/logs,file:///workdir/hadoop-ozone/integration-test/target/log,AVAILABLE}
2019-10-08 18:31:18,990 [main] INFO  handler.ContextHandler (ContextHandler.java:doStart(781)) - Started o.e.j.s.ServletContextHandler@1304e0d7{/static,jar:file:/home/user/.m2/repository/org/apache/hadoop/hadoop-hdds-container-service/0.5.0-SNAPSHOT/hadoop-hdds-container-service-0.5.0-SNAPSHOT.jar!/webapps/static,AVAILABLE}
2019-10-08 18:31:19,018 [main] INFO  handler.ContextHandler (ContextHandler.java:doStart(781)) - Started o.e.j.w.WebAppContext@5d14e99e{/,file:///tmp/jetty-0.0.0.0-45754-hddsDatanode-_-any-4587238870017077026.dir/webapp/,AVAILABLE}{/hddsDatanode}
2019-10-08 18:31:19,018 [main] INFO  server.AbstractConnector (AbstractConnector.java:doStart(278)) - Started ServerConnector@38cfecf3{HTTP/1.1,[http/1.1]}{0.0.0.0:45754}
2019-10-08 18:31:19,023 [main] INFO  server.Server (Server.java:doStart(419)) - Started @527021ms
2019-10-08 18:31:19,023 [main] WARN  impl.MetricsSystemImpl (MetricsSystemImpl.java:register(276)) - Sink prometheus already exists!
2019-10-08 18:31:19,024 [main] INFO  server.BaseHttpServer (BaseHttpServer.java:updateConnectorAddress(215)) - HTTP server of HDDSDATANODE is listening at http://0.0.0.0:45754
2019-10-08 18:31:19,024 [main] INFO  ozone.MiniOzoneClusterImpl (MiniOzoneClusterImpl.java:lambda$waitForClusterToBeReady$0(147)) - Waiting for cluster to be ready. Got 0 of 7 DN Heartbeats.
2019-10-08 18:31:19,025 [org.apache.hadoop.util.JvmPauseMonitor$Monitor@7589ad42] INFO  util.JvmPauseMonitor (JvmPauseMonitor.java:run(188)) - Starting JVM pause monitor
2019-10-08 18:31:19,027 [Datanode State Machine Thread - 0] INFO  datanode.InitDatanodeState (InitDatanodeState.java:persistContainerDatanodeDetails(140)) - DatanodeDetails is persisted to /workdir/hadoop-ozone/integration-test/target/test-dir/MiniOzoneClusterImpl-a711281c-616f-488d-a7dc-db87a594177d/datanode-6/meta/datanode.id
2019-10-08 18:31:20,024 [main] INFO  ozone.MiniOzoneClusterImpl (MiniOzoneClusterImpl.java:lambda$waitForClusterToBeReady$0(147)) - Waiting for cluster to be ready. Got 0 of 7 DN Heartbeats.
2019-10-08 18:31:20,544 [Datanode State Machine Thread - 0] INFO  ozoneimpl.OzoneContainer (OzoneContainer.java:start(213)) - Attempting to start container services.
2019-10-08 18:31:20,544 [Datanode State Machine Thread - 0] INFO  ozoneimpl.OzoneContainer (OzoneContainer.java:startContainerScrub(177)) - Background container scanner has been disabled.
2019-10-08 18:31:20,544 [Datanode State Machine Thread - 0] INFO  ratis.XceiverServerRatis (XceiverServerRatis.java:start(418)) - Starting XceiverServerRatis e8ec5d3e-1dbd-405f-80ef-24c1d8e43b17 at port 0
2019-10-08 18:31:20,550 [Datanode State Machine Thread - 0] INFO  impl.RaftServerProxy (RaftServerProxy.java:lambda$start$3(299)) - e8ec5d3e-1dbd-405f-80ef-24c1d8e43b17: start RPC server
2019-10-08 18:31:20,552 [Datanode State Machine Thread - 0] INFO  server.GrpcService (GrpcService.java:startImpl(158)) - e8ec5d3e-1dbd-405f-80ef-24c1d8e43b17: GrpcService started, listening on 0.0.0.0/0.0.0.0:33667
2019-10-08 18:31:20,552 [Datanode State Machine Thread - 0] INFO  ratis.XceiverServerRatis (XceiverServerRatis.java:start(428)) - XceiverServerRatis e8ec5d3e-1dbd-405f-80ef-24c1d8e43b17 is started using port 33667
2019-10-08 18:31:20,552 [Datanode State Machine Thread - 0] INFO  server.XceiverServerGrpc (XceiverServerGrpc.java:start(149)) - XceiverServerGrpc e8ec5d3e-1dbd-405f-80ef-24c1d8e43b17 is started using port 33614
2019-10-08 18:31:20,636 [Datanode State Machine Thread - 0] INFO  ozoneimpl.OzoneContainer (OzoneContainer.java:start(213)) - Attempting to start container services.
2019-10-08 18:31:20,637 [Datanode State Machine Thread - 0] INFO  ozoneimpl.OzoneContainer (OzoneContainer.java:startContainerScrub(177)) - Background container scanner has been disabled.
2019-10-08 18:31:20,637 [Datanode State Machine Thread - 0] INFO  ratis.XceiverServerRatis (XceiverServerRatis.java:start(418)) - Starting XceiverServerRatis 6047fcf1-3fae-4aa9-b5cf-920d563ea801 at port 0
2019-10-08 18:31:20,643 [Datanode State Machine Thread - 0] INFO  impl.RaftServerProxy (RaftServerProxy.java:lambda$start$3(299)) - 6047fcf1-3fae-4aa9-b5cf-920d563ea801: start RPC server
2019-10-08 18:31:20,646 [Datanode State Machine Thread - 0] INFO  server.GrpcService (GrpcService.java:startImpl(158)) - 6047fcf1-3fae-4aa9-b5cf-920d563ea801: GrpcService started, listening on 0.0.0.0/0.0.0.0:44756
2019-10-08 18:31:20,646 [Datanode State Machine Thread - 0] INFO  ratis.XceiverServerRatis (XceiverServerRatis.java:start(428)) - XceiverServerRatis 6047fcf1-3fae-4aa9-b5cf-920d563ea801 is started using port 44756
2019-10-08 18:31:20,648 [Datanode State Machine Thread - 0] INFO  server.XceiverServerGrpc (XceiverServerGrpc.java:start(149)) - XceiverServerGrpc 6047fcf1-3fae-4aa9-b5cf-920d563ea801 is started using port 37896
2019-10-08 18:31:20,712 [Datanode State Machine Thread - 0] INFO  ozoneimpl.OzoneContainer (OzoneContainer.java:start(213)) - Attempting to start container services.
2019-10-08 18:31:20,713 [Datanode State Machine Thread - 0] INFO  ozoneimpl.OzoneContainer (OzoneContainer.java:startContainerScrub(177)) - Background container scanner has been disabled.
2019-10-08 18:31:20,713 [Datanode State Machine Thread - 0] INFO  ratis.XceiverServerRatis (XceiverServerRatis.java:start(418)) - Starting XceiverServerRatis fef8ea31-401e-44ed-a6e5-2623f2bd7b9f at port 0
2019-10-08 18:31:20,720 [Datanode State Machine Thread - 0] INFO  impl.RaftServerProxy (RaftServerProxy.java:lambda$start$3(299)) - fef8ea31-401e-44ed-a6e5-2623f2bd7b9f: start RPC server
2019-10-08 18:31:20,723 [Datanode State Machine Thread - 0] INFO  server.GrpcService (GrpcService.java:startImpl(158)) - fef8ea31-401e-44ed-a6e5-2623f2bd7b9f: GrpcService started, listening on 0.0.0.0/0.0.0.0:36623
2019-10-08 18:31:20,723 [Datanode State Machine Thread - 0] INFO  ratis.XceiverServerRatis (XceiverServerRatis.java:start(428)) - XceiverServerRatis fef8ea31-401e-44ed-a6e5-2623f2bd7b9f is started using port 36623
2019-10-08 18:31:20,726 [Datanode State Machine Thread - 0] INFO  server.XceiverServerGrpc (XceiverServerGrpc.java:start(149)) - XceiverServerGrpc fef8ea31-401e-44ed-a6e5-2623f2bd7b9f is started using port 37271
2019-10-08 18:31:20,810 [Datanode State Machine Thread - 0] INFO  ozoneimpl.OzoneContainer (OzoneContainer.java:start(213)) - Attempting to start container services.
2019-10-08 18:31:20,810 [Datanode State Machine Thread - 0] INFO  ozoneimpl.OzoneContainer (OzoneContainer.java:startContainerScrub(177)) - Background container scanner has been disabled.
2019-10-08 18:31:20,810 [Datanode State Machine Thread - 0] INFO  ratis.XceiverServerRatis (XceiverServerRatis.java:start(418)) - Starting XceiverServerRatis c7cca4f6-1bfa-4200-b1ab-67aa819ae437 at port 0
2019-10-08 18:31:20,816 [Datanode State Machine Thread - 0] INFO  impl.RaftServerProxy (RaftServerProxy.java:lambda$start$3(299)) - c7cca4f6-1bfa-4200-b1ab-67aa819ae437: start RPC server
2019-10-08 18:31:20,817 [Datanode State Machine Thread - 0] INFO  server.GrpcService (GrpcService.java:startImpl(158)) - c7cca4f6-1bfa-4200-b1ab-67aa819ae437: GrpcService started, listening on 0.0.0.0/0.0.0.0:33399
2019-10-08 18:31:20,817 [Datanode State Machine Thread - 0] INFO  ratis.XceiverServerRatis (XceiverServerRatis.java:start(428)) - XceiverServerRatis c7cca4f6-1bfa-4200-b1ab-67aa819ae437 is started using port 33399
2019-10-08 18:31:20,818 [Datanode State Machine Thread - 0] INFO  server.XceiverServerGrpc (XceiverServerGrpc.java:start(149)) - XceiverServerGrpc c7cca4f6-1bfa-4200-b1ab-67aa819ae437 is started using port 44685
2019-10-08 18:31:20,901 [Datanode State Machine Thread - 0] INFO  ozoneimpl.OzoneContainer (OzoneContainer.java:start(213)) - Attempting to start container services.
2019-10-08 18:31:20,902 [Datanode State Machine Thread - 0] INFO  ozoneimpl.OzoneContainer (OzoneContainer.java:startContainerScrub(177)) - Background container scanner has been disabled.
2019-10-08 18:31:20,902 [Datanode State Machine Thread - 0] INFO  ratis.XceiverServerRatis (XceiverServerRatis.java:start(418)) - Starting XceiverServerRatis d91d0ace-0381-48bb-882b-2a0860df1015 at port 0
2019-10-08 18:31:20,907 [Datanode State Machine Thread - 0] INFO  impl.RaftServerProxy (RaftServerProxy.java:lambda$start$3(299)) - d91d0ace-0381-48bb-882b-2a0860df1015: start RPC server
2019-10-08 18:31:20,908 [Datanode State Machine Thread - 0] INFO  server.GrpcService (GrpcService.java:startImpl(158)) - d91d0ace-0381-48bb-882b-2a0860df1015: GrpcService started, listening on 0.0.0.0/0.0.0.0:37802
2019-10-08 18:31:20,908 [Datanode State Machine Thread - 0] INFO  ratis.XceiverServerRatis (XceiverServerRatis.java:start(428)) - XceiverServerRatis d91d0ace-0381-48bb-882b-2a0860df1015 is started using port 37802
2019-10-08 18:31:20,908 [Datanode State Machine Thread - 0] INFO  server.XceiverServerGrpc (XceiverServerGrpc.java:start(149)) - XceiverServerGrpc d91d0ace-0381-48bb-882b-2a0860df1015 is started using port 37290
2019-10-08 18:31:20,977 [Datanode State Machine Thread - 0] INFO  ozoneimpl.OzoneContainer (OzoneContainer.java:start(213)) - Attempting to start container services.
2019-10-08 18:31:20,978 [Datanode State Machine Thread - 0] INFO  ozoneimpl.OzoneContainer (OzoneContainer.java:startContainerScrub(177)) - Background container scanner has been disabled.
2019-10-08 18:31:20,978 [Datanode State Machine Thread - 0] INFO  ratis.XceiverServerRatis (XceiverServerRatis.java:start(418)) - Starting XceiverServerRatis 36215749-b551-4309-8afb-92be44d31dcc at port 0
2019-10-08 18:31:20,985 [Datanode State Machine Thread - 0] INFO  impl.RaftServerProxy (RaftServerProxy.java:lambda$start$3(299)) - 36215749-b551-4309-8afb-92be44d31dcc: start RPC server
2019-10-08 18:31:20,986 [Datanode State Machine Thread - 0] INFO  server.GrpcService (GrpcService.java:startImpl(158)) - 36215749-b551-4309-8afb-92be44d31dcc: GrpcService started, listening on 0.0.0.0/0.0.0.0:44386
2019-10-08 18:31:20,986 [Datanode State Machine Thread - 0] INFO  ratis.XceiverServerRatis (XceiverServerRatis.java:start(428)) - XceiverServerRatis 36215749-b551-4309-8afb-92be44d31dcc is started using port 44386
2019-10-08 18:31:20,987 [Datanode State Machine Thread - 0] INFO  server.XceiverServerGrpc (XceiverServerGrpc.java:start(149)) - XceiverServerGrpc 36215749-b551-4309-8afb-92be44d31dcc is started using port 35971
2019-10-08 18:31:21,025 [main] INFO  ozone.MiniOzoneClusterImpl (MiniOzoneClusterImpl.java:lambda$waitForClusterToBeReady$0(147)) - Waiting for cluster to be ready. Got 0 of 7 DN Heartbeats.
2019-10-08 18:31:21,039 [Datanode State Machine Thread - 0] INFO  ozoneimpl.OzoneContainer (OzoneContainer.java:start(213)) - Attempting to start container services.
2019-10-08 18:31:21,039 [Datanode State Machine Thread - 0] INFO  ozoneimpl.OzoneContainer (OzoneContainer.java:startContainerScrub(177)) - Background container scanner has been disabled.
2019-10-08 18:31:21,040 [Datanode State Machine Thread - 0] INFO  ratis.XceiverServerRatis (XceiverServerRatis.java:start(418)) - Starting XceiverServerRatis 24dbaaa5-bd22-4331-ada3-a030212e6dab at port 0
2019-10-08 18:31:21,046 [Datanode State Machine Thread - 0] INFO  impl.RaftServerProxy (RaftServerProxy.java:lambda$start$3(299)) - 24dbaaa5-bd22-4331-ada3-a030212e6dab: start RPC server
2019-10-08 18:31:21,049 [Datanode State Machine Thread - 0] INFO  server.GrpcService (GrpcService.java:startImpl(158)) - 24dbaaa5-bd22-4331-ada3-a030212e6dab: GrpcService started, listening on 0.0.0.0/0.0.0.0:42763
2019-10-08 18:31:21,049 [Datanode State Machine Thread - 0] INFO  ratis.XceiverServerRatis (XceiverServerRatis.java:start(428)) - XceiverServerRatis 24dbaaa5-bd22-4331-ada3-a030212e6dab is started using port 42763
2019-10-08 18:31:21,049 [Datanode State Machine Thread - 0] INFO  server.XceiverServerGrpc (XceiverServerGrpc.java:start(149)) - XceiverServerGrpc 24dbaaa5-bd22-4331-ada3-a030212e6dab is started using port 39430
2019-10-08 18:31:22,026 [main] INFO  ozone.MiniOzoneClusterImpl (MiniOzoneClusterImpl.java:lambda$waitForClusterToBeReady$0(147)) - Waiting for cluster to be ready. Got 0 of 7 DN Heartbeats.
2019-10-08 18:31:22,529 [IPC Server handler 3 on 32818] INFO  net.NetworkTopology (NetworkTopologyImpl.java:add(111)) - Added a new node: /default-rack/e8ec5d3e-1dbd-405f-80ef-24c1d8e43b17
2019-10-08 18:31:22,532 [IPC Server handler 3 on 32818] INFO  node.SCMNodeManager (SCMNodeManager.java:register(268)) - Registered Data node : e8ec5d3e-1dbd-405f-80ef-24c1d8e43b17{ip: 192.168.30.53, host: pr-hdds-1984-jmsdc-1452173494, networkLocation: /default-rack, certSerialId: null}
2019-10-08 18:31:22,533 [EventQueue-NodeRegistrationContainerReportForDataNodeSafeModeRule] INFO  safemode.SCMSafeModeManager (DataNodeSafeModeRule.java:process(71)) - SCM in safe mode. 1 DataNodes registered, 1 required.
2019-10-08 18:31:22,536 [EventQueue-NodeRegistrationContainerReportForDataNodeSafeModeRule] INFO  safemode.SCMSafeModeManager (SCMSafeModeManager.java:validateSafeModeExitRules(177)) - ScmSafeModeManager, all rules are successfully validated
2019-10-08 18:31:22,536 [EventQueue-NodeRegistrationContainerReportForDataNodeSafeModeRule] INFO  safemode.SCMSafeModeManager (SCMSafeModeManager.java:exitSafeMode(193)) - SCM exiting safe mode.
2019-10-08 18:31:22,546 [grpc-default-executor-6] INFO  impl.RaftServerProxy (RaftServerProxy.java:addNew(89)) - e8ec5d3e-1dbd-405f-80ef-24c1d8e43b17: addNew group-9A4072E564C7:[e8ec5d3e-1dbd-405f-80ef-24c1d8e43b17:192.168.30.53:33667] returns group-9A4072E564C7:java.util.concurrent.CompletableFuture@1aead41d[Not completed]
2019-10-08 18:31:22,549 [pool-409-thread-1] INFO  impl.RaftServerImpl (RaftServerImpl.java:<init>(95)) - e8ec5d3e-1dbd-405f-80ef-24c1d8e43b17: new RaftServerImpl for group-9A4072E564C7:[e8ec5d3e-1dbd-405f-80ef-24c1d8e43b17:192.168.30.53:33667] with ContainerStateMachine:uninitialized
2019-10-08 18:31:22,550 [pool-409-thread-1] INFO  server.RaftServerConfigKeys (ConfUtils.java:logGet(43)) - raft.server.rpc.timeout.min = 5s (custom)
2019-10-08 18:31:22,550 [pool-409-thread-1] INFO  server.RaftServerConfigKeys (ConfUtils.java:logGet(43)) - raft.server.rpc.timeout.max = 5200ms (custom)
2019-10-08 18:31:22,550 [pool-409-thread-1] INFO  server.RaftServerConfigKeys (ConfUtils.java:logGet(43)) - raft.server.rpcslowness.timeout = 120s (custom)
2019-10-08 18:31:22,550 [pool-409-thread-1] INFO  server.RaftServerConfigKeys (ConfUtils.java:logGet(43)) - raft.server.sleep.deviation.threshold = 300 (default)
2019-10-08 18:31:22,550 [pool-409-thread-1] INFO  server.RaftServerConfigKeys (ConfUtils.java:logGet(43)) - raft.server.log.appender.install.snapshot.enabled = false (custom)
2019-10-08 18:31:22,551 [pool-409-thread-1] INFO  impl.RaftServerImpl (ServerState.java:<init>(103)) - e8ec5d3e-1dbd-405f-80ef-24c1d8e43b17@group-9A4072E564C7: ConfigurationManager, init=-1: [e8ec5d3e-1dbd-405f-80ef-24c1d8e43b17:192.168.30.53:33667], old=null, confs=<EMPTY_MAP>
2019-10-08 18:31:22,551 [pool-409-thread-1] INFO  server.RaftServerConfigKeys (ConfUtils.java:logGet(43)) - raft.server.storage.dir = [/workdir/hadoop-ozone/integration-test/target/test-dir/MiniOzoneClusterImpl-a711281c-616f-488d-a7dc-db87a594177d/datanode-0/data/ratis] (custom)
2019-10-08 18:31:22,552 [pool-409-thread-1] INFO  server.RaftServerConfigKeys (ConfUtils.java:logGet(43)) - raft.server.log.corruption.policy = EXCEPTION (default)
2019-10-08 18:31:22,552 [pool-409-thread-1] INFO  storage.RaftStorageDirectory (RaftStorageDirectory.java:analyzeStorage(246)) - The storage directory /workdir/hadoop-ozone/integration-test/target/test-dir/MiniOzoneClusterImpl-a711281c-616f-488d-a7dc-db87a594177d/datanode-0/data/ratis/1cc1a9ab-57fc-4590-ba6a-9a4072e564c7 does not exist. Creating ...
2019-10-08 18:31:22,565 [pool-409-thread-1] INFO  storage.RaftStorageDirectory (RaftStorageDirectory.java:tryLock(328)) - Lock on /workdir/hadoop-ozone/integration-test/target/test-dir/MiniOzoneClusterImpl-a711281c-616f-488d-a7dc-db87a594177d/datanode-0/data/ratis/1cc1a9ab-57fc-4590-ba6a-9a4072e564c7/in_use.lock acquired by nodename 22033@pr-hdds-1984-jmsdc-1452173494
2019-10-08 18:31:22,568 [pool-409-thread-1] INFO  storage.RaftStorage (RaftStorage.java:format(84)) - Storage directory /workdir/hadoop-ozone/integration-test/target/test-dir/MiniOzoneClusterImpl-a711281c-616f-488d-a7dc-db87a594177d/datanode-0/data/ratis/1cc1a9ab-57fc-4590-ba6a-9a4072e564c7 has been successfully formatted.
2019-10-08 18:31:22,569 [pool-409-thread-1] INFO  ratis.ContainerStateMachine (ContainerStateMachine.java:loadSnapshot(231)) - group-9A4072E564C7: The snapshot info is null. Setting the last applied indexto:(t:0, i:~)
2019-10-08 18:31:22,569 [pool-409-thread-1] INFO  server.RaftServerConfigKeys (ConfUtils.java:logGet(43)) - raft.server.notification.no-leader.timeout = 120s (custom)
2019-10-08 18:31:22,569 [pool-409-thread-1] INFO  server.RaftServerConfigKeys (ConfUtils.java:logGet(43)) - raft.server.log.use.memory = false (default)
2019-10-08 18:31:22,569 [pool-409-thread-1] INFO  server.RaftServerConfigKeys (ConfUtils.java:logGet(43)) - raft.server.log.purge.gap = 1000000 (custom)
2019-10-08 18:31:22,570 [pool-409-thread-1] INFO  server.RaftServerConfigKeys (ConfUtils.java:logGet(43)) - raft.server.log.appender.buffer.byte-limit = 33554432 (custom)
2019-10-08 18:31:22,570 [pool-409-thread-1] INFO  server.RaftServerConfigKeys (ConfUtils.java:logGet(43)) - raft.server.log.segment.size.max = 1048576 (custom)
2019-10-08 18:31:22,572 [pool-409-thread-1] INFO  server.RaftServerConfigKeys (ConfUtils.java:logGet(43)) - raft.server.log.segment.cache.num.max = 2 (custom)
2019-10-08 18:31:22,572 [pool-409-thread-1] INFO  segmented.SegmentedRaftLogWorker (SegmentedRaftLogWorker.java:<init>(173)) - new e8ec5d3e-1dbd-405f-80ef-24c1d8e43b17@group-9A4072E564C7-SegmentedRaftLogWorker for RaftStorage:Storage Directory /workdir/hadoop-ozone/integration-test/target/test-dir/MiniOzoneClusterImpl-a711281c-616f-488d-a7dc-db87a594177d/datanode-0/data/ratis/1cc1a9ab-57fc-4590-ba6a-9a4072e564c7
2019-10-08 18:31:22,572 [pool-409-thread-1] INFO  server.RaftServerConfigKeys (ConfUtils.java:logGet(43)) - raft.server.log.queue.byte-limit = 2147483647 (custom)
2019-10-08 18:31:22,572 [pool-409-thread-1] INFO  server.RaftServerConfigKeys (ConfUtils.java:logGet(43)) - raft.server.log.queue.element-limit = 1024 (custom)
2019-10-08 18:31:22,573 [pool-409-thread-1] INFO  server.RaftServerConfigKeys (ConfUtils.java:logGet(43)) - raft.server.log.segment.size.max = 1048576 (custom)
2019-10-08 18:31:22,573 [pool-409-thread-1] INFO  server.RaftServerConfigKeys (ConfUtils.java:logGet(43)) - raft.server.log.preallocated.size = 16384 (custom)
2019-10-08 18:31:22,573 [pool-409-thread-1] INFO  server.RaftServerConfigKeys (ConfUtils.java:logGet(43)) - raft.server.log.write.buffer.size = 33554432 (custom)
2019-10-08 18:31:22,573 [pool-409-thread-1] INFO  server.RaftServerConfigKeys (ConfUtils.java:logGet(43)) - raft.server.log.force.sync.num = 128 (default)
2019-10-08 18:31:22,573 [pool-409-thread-1] INFO  server.RaftServerConfigKeys (ConfUtils.java:logGet(43)) - raft.server.log.statemachine.data.sync = true (default)
2019-10-08 18:31:22,573 [pool-409-thread-1] INFO  server.RaftServerConfigKeys (ConfUtils.java:logGet(43)) - raft.server.log.statemachine.data.sync.timeout = 10s (default)
2019-10-08 18:31:22,574 [pool-409-thread-1] INFO  server.RaftServerConfigKeys (ConfUtils.java:logGet(43)) - raft.server.log.statemachine.data.sync.timeout.retry = -1 (default)
2019-10-08 18:31:22,574 [pool-409-thread-1] INFO  server.RaftServerConfigKeys (ConfUtils.java:logGet(43)) - raft.server.log.statemachine.data.caching.enabled = true (custom)
2019-10-08 18:31:22,575 [pool-409-thread-1] INFO  segmented.SegmentedRaftLogWorker (SegmentedRaftLogWorker.java:lambda$new$0(128)) - e8ec5d3e-1dbd-405f-80ef-24c1d8e43b17@group-9A4072E564C7-SegmentedRaftLogWorker: flushIndex: setUnconditionally 0 -> -1
2019-10-08 18:31:22,575 [pool-409-thread-1] INFO  server.RaftServerConfigKeys (ConfUtils.java:logGet(43)) - raft.server.snapshot.auto.trigger.enabled = true (custom)
2019-10-08 18:31:22,575 [pool-409-thread-1] INFO  server.RaftServerConfigKeys (ConfUtils.java:logGet(43)) - raft.server.snapshot.auto.trigger.threshold = 10000 (custom)
2019-10-08 18:31:22,575 [pool-409-thread-1] INFO  server.RaftServerConfigKeys (ConfUtils.java:logGet(43)) - raft.server.snapshot.retention.file.num = 5 (custom)
2019-10-08 18:31:22,576 [pool-409-thread-1] INFO  server.RaftServerConfigKeys (ConfUtils.java:logGet(43)) - raft.server.retrycache.expirytime = 600000ms (custom)
2019-10-08 18:31:22,578 [pool-409-thread-1] INFO  impl.RaftServerImpl (RaftServerImpl.java:start(181)) - e8ec5d3e-1dbd-405f-80ef-24c1d8e43b17@group-9A4072E564C7: start as a follower, conf=-1: [e8ec5d3e-1dbd-405f-80ef-24c1d8e43b17:192.168.30.53:33667], old=null
2019-10-08 18:31:22,578 [pool-409-thread-1] INFO  impl.RaftServerImpl (RaftServerImpl.java:setRole(170)) - e8ec5d3e-1dbd-405f-80ef-24c1d8e43b17@group-9A4072E564C7: changes role from      null to FOLLOWER at term 0 for startAsFollower
2019-10-08 18:31:22,578 [pool-409-thread-1] INFO  impl.RoleInfo (RoleInfo.java:updateAndGet(143)) - e8ec5d3e-1dbd-405f-80ef-24c1d8e43b17: start FollowerState
2019-10-08 18:31:22,579 [pool-409-thread-1] INFO  util.JmxRegister (JmxRegister.java:tryRegister(44)) - Successfully registered JMX Bean with object name Ratis:service=RaftServer,group=group-9A4072E564C7,id=e8ec5d3e-1dbd-405f-80ef-24c1d8e43b17
2019-10-08 18:31:22,584 [RatisPipelineUtilsThread] INFO  pipeline.PipelineStateManager (PipelineStateManager.java:addPipeline(56)) - Created pipeline Pipeline[ Id: 1cc1a9ab-57fc-4590-ba6a-9a4072e564c7, Nodes: e8ec5d3e-1dbd-405f-80ef-24c1d8e43b17{ip: 192.168.30.53, host: pr-hdds-1984-jmsdc-1452173494, networkLocation: /default-rack, certSerialId: null}, Type:RATIS, Factor:ONE, State:OPEN]
2019-10-08 18:31:22,621 [IPC Server handler 4 on 32818] INFO  net.NetworkTopology (NetworkTopologyImpl.java:add(111)) - Added a new node: /default-rack/6047fcf1-3fae-4aa9-b5cf-920d563ea801
2019-10-08 18:31:22,622 [IPC Server handler 4 on 32818] INFO  node.SCMNodeManager (SCMNodeManager.java:register(268)) - Registered Data node : 6047fcf1-3fae-4aa9-b5cf-920d563ea801{ip: 192.168.30.53, host: pr-hdds-1984-jmsdc-1452173494, networkLocation: /default-rack, certSerialId: null}
2019-10-08 18:31:22,629 [grpc-default-executor-6] INFO  impl.RaftServerProxy (RaftServerProxy.java:addNew(89)) - 6047fcf1-3fae-4aa9-b5cf-920d563ea801: addNew group-FCCD082F0D54:[6047fcf1-3fae-4aa9-b5cf-920d563ea801:192.168.30.53:44756] returns group-FCCD082F0D54:java.util.concurrent.CompletableFuture@3097c2d6[Not completed]
2019-10-08 18:31:22,631 [pool-419-thread-1] INFO  impl.RaftServerImpl (RaftServerImpl.java:<init>(95)) - 6047fcf1-3fae-4aa9-b5cf-920d563ea801: new RaftServerImpl for group-FCCD082F0D54:[6047fcf1-3fae-4aa9-b5cf-920d563ea801:192.168.30.53:44756] with ContainerStateMachine:uninitialized
2019-10-08 18:31:22,631 [pool-419-thread-1] INFO  server.RaftServerConfigKeys (ConfUtils.java:logGet(43)) - raft.server.rpc.timeout.min = 5s (custom)
2019-10-08 18:31:22,631 [pool-419-thread-1] INFO  server.RaftServerConfigKeys (ConfUtils.java:logGet(43)) - raft.server.rpc.timeout.max = 5200ms (custom)
2019-10-08 18:31:22,631 [pool-419-thread-1] INFO  server.RaftServerConfigKeys (ConfUtils.java:logGet(43)) - raft.server.rpcslowness.timeout = 120s (custom)
2019-10-08 18:31:22,631 [pool-419-thread-1] INFO  server.RaftServerConfigKeys (ConfUtils.java:logGet(43)) - raft.server.sleep.deviation.threshold = 300 (default)
2019-10-08 18:31:22,632 [pool-419-thread-1] INFO  server.RaftServerConfigKeys (ConfUtils.java:logGet(43)) - raft.server.log.appender.install.snapshot.enabled = false (custom)
2019-10-08 18:31:22,632 [pool-419-thread-1] INFO  impl.RaftServerImpl (ServerState.java:<init>(103)) - 6047fcf1-3fae-4aa9-b5cf-920d563ea801@group-FCCD082F0D54: ConfigurationManager, init=-1: [6047fcf1-3fae-4aa9-b5cf-920d563ea801:192.168.30.53:44756], old=null, confs=<EMPTY_MAP>
2019-10-08 18:31:22,632 [pool-419-thread-1] INFO  server.RaftServerConfigKeys (ConfUtils.java:logGet(43)) - raft.server.storage.dir = [/workdir/hadoop-ozone/integration-test/target/test-dir/MiniOzoneClusterImpl-a711281c-616f-488d-a7dc-db87a594177d/datanode-1/data/ratis] (custom)
2019-10-08 18:31:22,632 [pool-419-thread-1] INFO  server.RaftServerConfigKeys (ConfUtils.java:logGet(43)) - raft.server.log.corruption.policy = EXCEPTION (default)
2019-10-08 18:31:22,632 [pool-419-thread-1] INFO  storage.RaftStorageDirectory (RaftStorageDirectory.java:analyzeStorage(246)) - The storage directory /workdir/hadoop-ozone/integration-test/target/test-dir/MiniOzoneClusterImpl-a711281c-616f-488d-a7dc-db87a594177d/datanode-1/data/ratis/73ba586a-639b-4ca7-af75-fccd082f0d54 does not exist. Creating ...
2019-10-08 18:31:22,644 [pool-419-thread-1] INFO  storage.RaftStorageDirectory (RaftStorageDirectory.java:tryLock(328)) - Lock on /workdir/hadoop-ozone/integration-test/target/test-dir/MiniOzoneClusterImpl-a711281c-616f-488d-a7dc-db87a594177d/datanode-1/data/ratis/73ba586a-639b-4ca7-af75-fccd082f0d54/in_use.lock acquired by nodename 22033@pr-hdds-1984-jmsdc-1452173494
2019-10-08 18:31:22,655 [pool-419-thread-1] INFO  storage.RaftStorage (RaftStorage.java:format(84)) - Storage directory /workdir/hadoop-ozone/integration-test/target/test-dir/MiniOzoneClusterImpl-a711281c-616f-488d-a7dc-db87a594177d/datanode-1/data/ratis/73ba586a-639b-4ca7-af75-fccd082f0d54 has been successfully formatted.
2019-10-08 18:31:22,655 [pool-419-thread-1] INFO  ratis.ContainerStateMachine (ContainerStateMachine.java:loadSnapshot(231)) - group-FCCD082F0D54: The snapshot info is null. Setting the last applied indexto:(t:0, i:~)
2019-10-08 18:31:22,656 [pool-419-thread-1] INFO  server.RaftServerConfigKeys (ConfUtils.java:logGet(43)) - raft.server.notification.no-leader.timeout = 120s (custom)
2019-10-08 18:31:22,656 [pool-419-thread-1] INFO  server.RaftServerConfigKeys (ConfUtils.java:logGet(43)) - raft.server.log.use.memory = false (default)
2019-10-08 18:31:22,656 [pool-419-thread-1] INFO  server.RaftServerConfigKeys (ConfUtils.java:logGet(43)) - raft.server.log.purge.gap = 1000000 (custom)
2019-10-08 18:31:22,656 [pool-419-thread-1] INFO  server.RaftServerConfigKeys (ConfUtils.java:logGet(43)) - raft.server.log.appender.buffer.byte-limit = 33554432 (custom)
2019-10-08 18:31:22,656 [pool-419-thread-1] INFO  server.RaftServerConfigKeys (ConfUtils.java:logGet(43)) - raft.server.log.segment.size.max = 1048576 (custom)
2019-10-08 18:31:22,658 [pool-419-thread-1] INFO  server.RaftServerConfigKeys (ConfUtils.java:logGet(43)) - raft.server.log.segment.cache.num.max = 2 (custom)
2019-10-08 18:31:22,658 [pool-419-thread-1] INFO  segmented.SegmentedRaftLogWorker (SegmentedRaftLogWorker.java:<init>(173)) - new 6047fcf1-3fae-4aa9-b5cf-920d563ea801@group-FCCD082F0D54-SegmentedRaftLogWorker for RaftStorage:Storage Directory /workdir/hadoop-ozone/integration-test/target/test-dir/MiniOzoneClusterImpl-a711281c-616f-488d-a7dc-db87a594177d/datanode-1/data/ratis/73ba586a-639b-4ca7-af75-fccd082f0d54
2019-10-08 18:31:22,658 [pool-419-thread-1] INFO  server.RaftServerConfigKeys (ConfUtils.java:logGet(43)) - raft.server.log.queue.byte-limit = 2147483647 (custom)
2019-10-08 18:31:22,658 [pool-419-thread-1] INFO  server.RaftServerConfigKeys (ConfUtils.java:logGet(43)) - raft.server.log.queue.element-limit = 1024 (custom)
2019-10-08 18:31:22,658 [pool-419-thread-1] INFO  server.RaftServerConfigKeys (ConfUtils.java:logGet(43)) - raft.server.log.segment.size.max = 1048576 (custom)
2019-10-08 18:31:22,658 [pool-419-thread-1] INFO  server.RaftServerConfigKeys (ConfUtils.java:logGet(43)) - raft.server.log.preallocated.size = 16384 (custom)
2019-10-08 18:31:22,658 [pool-419-thread-1] INFO  server.RaftServerConfigKeys (ConfUtils.java:logGet(43)) - raft.server.log.write.buffer.size = 33554432 (custom)
2019-10-08 18:31:22,659 [pool-419-thread-1] INFO  server.RaftServerConfigKeys (ConfUtils.java:logGet(43)) - raft.server.log.force.sync.num = 128 (default)
2019-10-08 18:31:22,659 [pool-419-thread-1] INFO  server.RaftServerConfigKeys (ConfUtils.java:logGet(43)) - raft.server.log.statemachine.data.sync = true (default)
2019-10-08 18:31:22,659 [pool-419-thread-1] INFO  server.RaftServerConfigKeys (ConfUtils.java:logGet(43)) - raft.server.log.statemachine.data.sync.timeout = 10s (default)
2019-10-08 18:31:22,659 [pool-419-thread-1] INFO  server.RaftServerConfigKeys (ConfUtils.java:logGet(43)) - raft.server.log.statemachine.data.sync.timeout.retry = -1 (default)
2019-10-08 18:31:22,659 [pool-419-thread-1] INFO  server.RaftServerConfigKeys (ConfUtils.java:logGet(43)) - raft.server.log.statemachine.data.caching.enabled = true (custom)
2019-10-08 18:31:22,660 [pool-419-thread-1] INFO  segmented.SegmentedRaftLogWorker (SegmentedRaftLogWorker.java:lambda$new$0(128)) - 6047fcf1-3fae-4aa9-b5cf-920d563ea801@group-FCCD082F0D54-SegmentedRaftLogWorker: flushIndex: setUnconditionally 0 -> -1
2019-10-08 18:31:22,660 [pool-419-thread-1] INFO  server.RaftServerConfigKeys (ConfUtils.java:logGet(43)) - raft.server.snapshot.auto.trigger.enabled = true (custom)
2019-10-08 18:31:22,660 [pool-419-thread-1] INFO  server.RaftServerConfigKeys (ConfUtils.java:logGet(43)) - raft.server.snapshot.auto.trigger.threshold = 10000 (custom)
2019-10-08 18:31:22,660 [pool-419-thread-1] INFO  server.RaftServerConfigKeys (ConfUtils.java:logGet(43)) - raft.server.snapshot.retention.file.num = 5 (custom)
2019-10-08 18:31:22,660 [pool-419-thread-1] INFO  server.RaftServerConfigKeys (ConfUtils.java:logGet(43)) - raft.server.retrycache.expirytime = 600000ms (custom)
2019-10-08 18:31:22,662 [pool-419-thread-1] INFO  impl.RaftServerImpl (RaftServerImpl.java:start(181)) - 6047fcf1-3fae-4aa9-b5cf-920d563ea801@group-FCCD082F0D54: start as a follower, conf=-1: [6047fcf1-3fae-4aa9-b5cf-920d563ea801:192.168.30.53:44756], old=null
2019-10-08 18:31:22,662 [pool-419-thread-1] INFO  impl.RaftServerImpl (RaftServerImpl.java:setRole(170)) - 6047fcf1-3fae-4aa9-b5cf-920d563ea801@group-FCCD082F0D54: changes role from      null to FOLLOWER at term 0 for startAsFollower
2019-10-08 18:31:22,662 [pool-419-thread-1] INFO  impl.RoleInfo (RoleInfo.java:updateAndGet(143)) - 6047fcf1-3fae-4aa9-b5cf-920d563ea801: start FollowerState
2019-10-08 18:31:22,663 [pool-419-thread-1] INFO  util.JmxRegister (JmxRegister.java:tryRegister(44)) - Successfully registered JMX Bean with object name Ratis:service=RaftServer,group=group-FCCD082F0D54,id=6047fcf1-3fae-4aa9-b5cf-920d563ea801
2019-10-08 18:31:22,666 [RatisPipelineUtilsThread] INFO  pipeline.PipelineStateManager (PipelineStateManager.java:addPipeline(56)) - Created pipeline Pipeline[ Id: 73ba586a-639b-4ca7-af75-fccd082f0d54, Nodes: 6047fcf1-3fae-4aa9-b5cf-920d563ea801{ip: 192.168.30.53, host: pr-hdds-1984-jmsdc-1452173494, networkLocation: /default-rack, certSerialId: null}, Type:RATIS, Factor:ONE, State:OPEN]
2019-10-08 18:31:22,708 [IPC Server handler 5 on 32818] INFO  net.NetworkTopology (NetworkTopologyImpl.java:add(111)) - Added a new node: /default-rack/fef8ea31-401e-44ed-a6e5-2623f2bd7b9f
2019-10-08 18:31:22,708 [IPC Server handler 5 on 32818] INFO  node.SCMNodeManager (SCMNodeManager.java:register(268)) - Registered Data node : fef8ea31-401e-44ed-a6e5-2623f2bd7b9f{ip: 192.168.30.53, host: pr-hdds-1984-jmsdc-1452173494, networkLocation: /default-rack, certSerialId: null}
2019-10-08 18:31:22,716 [grpc-default-executor-6] INFO  impl.RaftServerProxy (RaftServerProxy.java:addNew(89)) - fef8ea31-401e-44ed-a6e5-2623f2bd7b9f: addNew group-5E5549194573:[fef8ea31-401e-44ed-a6e5-2623f2bd7b9f:192.168.30.53:36623] returns group-5E5549194573:java.util.concurrent.CompletableFuture@1eeef81c[Not completed]
2019-10-08 18:31:22,717 [pool-429-thread-1] INFO  impl.RaftServerImpl (RaftServerImpl.java:<init>(95)) - fef8ea31-401e-44ed-a6e5-2623f2bd7b9f: new RaftServerImpl for group-5E5549194573:[fef8ea31-401e-44ed-a6e5-2623f2bd7b9f:192.168.30.53:36623] with ContainerStateMachine:uninitialized
2019-10-08 18:31:22,717 [pool-429-thread-1] INFO  server.RaftServerConfigKeys (ConfUtils.java:logGet(43)) - raft.server.rpc.timeout.min = 5s (custom)
2019-10-08 18:31:22,718 [pool-429-thread-1] INFO  server.RaftServerConfigKeys (ConfUtils.java:logGet(43)) - raft.server.rpc.timeout.max = 5200ms (custom)
2019-10-08 18:31:22,718 [pool-429-thread-1] INFO  server.RaftServerConfigKeys (ConfUtils.java:logGet(43)) - raft.server.rpcslowness.timeout = 120s (custom)
2019-10-08 18:31:22,718 [pool-429-thread-1] INFO  server.RaftServerConfigKeys (ConfUtils.java:logGet(43)) - raft.server.sleep.deviation.threshold = 300 (default)
2019-10-08 18:31:22,718 [pool-429-thread-1] INFO  server.RaftServerConfigKeys (ConfUtils.java:logGet(43)) - raft.server.log.appender.install.snapshot.enabled = false (custom)
2019-10-08 18:31:22,718 [pool-429-thread-1] INFO  impl.RaftServerImpl (ServerState.java:<init>(103)) - fef8ea31-401e-44ed-a6e5-2623f2bd7b9f@group-5E5549194573: ConfigurationManager, init=-1: [fef8ea31-401e-44ed-a6e5-2623f2bd7b9f:192.168.30.53:36623], old=null, confs=<EMPTY_MAP>
2019-10-08 18:31:22,718 [pool-429-thread-1] INFO  server.RaftServerConfigKeys (ConfUtils.java:logGet(43)) - raft.server.storage.dir = [/workdir/hadoop-ozone/integration-test/target/test-dir/MiniOzoneClusterImpl-a711281c-616f-488d-a7dc-db87a594177d/datanode-2/data/ratis] (custom)
2019-10-08 18:31:22,719 [pool-429-thread-1] INFO  server.RaftServerConfigKeys (ConfUtils.java:logGet(43)) - raft.server.log.corruption.policy = EXCEPTION (default)
2019-10-08 18:31:22,719 [pool-429-thread-1] INFO  storage.RaftStorageDirectory (RaftStorageDirectory.java:analyzeStorage(246)) - The storage directory /workdir/hadoop-ozone/integration-test/target/test-dir/MiniOzoneClusterImpl-a711281c-616f-488d-a7dc-db87a594177d/datanode-2/data/ratis/90952c9a-0507-40aa-8afa-5e5549194573 does not exist. Creating ...
2019-10-08 18:31:22,731 [pool-429-thread-1] INFO  storage.RaftStorageDirectory (RaftStorageDirectory.java:tryLock(328)) - Lock on /workdir/hadoop-ozone/integration-test/target/test-dir/MiniOzoneClusterImpl-a711281c-616f-488d-a7dc-db87a594177d/datanode-2/data/ratis/90952c9a-0507-40aa-8afa-5e5549194573/in_use.lock acquired by nodename 22033@pr-hdds-1984-jmsdc-1452173494
2019-10-08 18:31:22,736 [pool-429-thread-1] INFO  storage.RaftStorage (RaftStorage.java:format(84)) - Storage directory /workdir/hadoop-ozone/integration-test/target/test-dir/MiniOzoneClusterImpl-a711281c-616f-488d-a7dc-db87a594177d/datanode-2/data/ratis/90952c9a-0507-40aa-8afa-5e5549194573 has been successfully formatted.
2019-10-08 18:31:22,737 [pool-429-thread-1] INFO  ratis.ContainerStateMachine (ContainerStateMachine.java:loadSnapshot(231)) - group-5E5549194573: The snapshot info is null. Setting the last applied indexto:(t:0, i:~)
2019-10-08 18:31:22,737 [pool-429-thread-1] INFO  server.RaftServerConfigKeys (ConfUtils.java:logGet(43)) - raft.server.notification.no-leader.timeout = 120s (custom)
2019-10-08 18:31:22,737 [pool-429-thread-1] INFO  server.RaftServerConfigKeys (ConfUtils.java:logGet(43)) - raft.server.log.use.memory = false (default)
2019-10-08 18:31:22,737 [pool-429-thread-1] INFO  server.RaftServerConfigKeys (ConfUtils.java:logGet(43)) - raft.server.log.purge.gap = 1000000 (custom)
2019-10-08 18:31:22,738 [pool-429-thread-1] INFO  server.RaftServerConfigKeys (ConfUtils.java:logGet(43)) - raft.server.log.appender.buffer.byte-limit = 33554432 (custom)
2019-10-08 18:31:22,738 [pool-429-thread-1] INFO  server.RaftServerConfigKeys (ConfUtils.java:logGet(43)) - raft.server.log.segment.size.max = 1048576 (custom)
2019-10-08 18:31:22,740 [pool-429-thread-1] INFO  server.RaftServerConfigKeys (ConfUtils.java:logGet(43)) - raft.server.log.segment.cache.num.max = 2 (custom)
2019-10-08 18:31:22,740 [pool-429-thread-1] INFO  segmented.SegmentedRaftLogWorker (SegmentedRaftLogWorker.java:<init>(173)) - new fef8ea31-401e-44ed-a6e5-2623f2bd7b9f@group-5E5549194573-SegmentedRaftLogWorker for RaftStorage:Storage Directory /workdir/hadoop-ozone/integration-test/target/test-dir/MiniOzoneClusterImpl-a711281c-616f-488d-a7dc-db87a594177d/datanode-2/data/ratis/90952c9a-0507-40aa-8afa-5e5549194573
2019-10-08 18:31:22,740 [pool-429-thread-1] INFO  server.RaftServerConfigKeys (ConfUtils.java:logGet(43)) - raft.server.log.queue.byte-limit = 2147483647 (custom)
2019-10-08 18:31:22,740 [pool-429-thread-1] INFO  server.RaftServerConfigKeys (ConfUtils.java:logGet(43)) - raft.server.log.queue.element-limit = 1024 (custom)
2019-10-08 18:31:22,741 [pool-429-thread-1] INFO  server.RaftServerConfigKeys (ConfUtils.java:logGet(43)) - raft.server.log.segment.size.max = 1048576 (custom)
2019-10-08 18:31:22,741 [pool-429-thread-1] INFO  server.RaftServerConfigKeys (ConfUtils.java:logGet(43)) - raft.server.log.preallocated.size = 16384 (custom)
2019-10-08 18:31:22,741 [pool-429-thread-1] INFO  server.RaftServerConfigKeys (ConfUtils.java:logGet(43)) - raft.server.log.write.buffer.size = 33554432 (custom)
2019-10-08 18:31:22,741 [pool-429-thread-1] INFO  server.RaftServerConfigKeys (ConfUtils.java:logGet(43)) - raft.server.log.force.sync.num = 128 (default)
2019-10-08 18:31:22,741 [pool-429-thread-1] INFO  server.RaftServerConfigKeys (ConfUtils.java:logGet(43)) - raft.server.log.statemachine.data.sync = true (default)
2019-10-08 18:31:22,741 [pool-429-thread-1] INFO  server.RaftServerConfigKeys (ConfUtils.java:logGet(43)) - raft.server.log.statemachine.data.sync.timeout = 10s (default)
2019-10-08 18:31:22,742 [pool-429-thread-1] INFO  server.RaftServerConfigKeys (ConfUtils.java:logGet(43)) - raft.server.log.statemachine.data.sync.timeout.retry = -1 (default)
2019-10-08 18:31:22,742 [pool-429-thread-1] INFO  server.RaftServerConfigKeys (ConfUtils.java:logGet(43)) - raft.server.log.statemachine.data.caching.enabled = true (custom)
2019-10-08 18:31:22,742 [pool-429-thread-1] INFO  segmented.SegmentedRaftLogWorker (SegmentedRaftLogWorker.java:lambda$new$0(128)) - fef8ea31-401e-44ed-a6e5-2623f2bd7b9f@group-5E5549194573-SegmentedRaftLogWorker: flushIndex: setUnconditionally 0 -> -1
2019-10-08 18:31:22,743 [pool-429-thread-1] INFO  server.RaftServerConfigKeys (ConfUtils.java:logGet(43)) - raft.server.snapshot.auto.trigger.enabled = true (custom)
2019-10-08 18:31:22,743 [pool-429-thread-1] INFO  server.RaftServerConfigKeys (ConfUtils.java:logGet(43)) - raft.server.snapshot.auto.trigger.threshold = 10000 (custom)
2019-10-08 18:31:22,743 [pool-429-thread-1] INFO  server.RaftServerConfigKeys (ConfUtils.java:logGet(43)) - raft.server.snapshot.retention.file.num = 5 (custom)
2019-10-08 18:31:22,743 [pool-429-thread-1] INFO  server.RaftServerConfigKeys (ConfUtils.java:logGet(43)) - raft.server.retrycache.expirytime = 600000ms (custom)
2019-10-08 18:31:22,745 [pool-429-thread-1] INFO  impl.RaftServerImpl (RaftServerImpl.java:start(181)) - fef8ea31-401e-44ed-a6e5-2623f2bd7b9f@group-5E5549194573: start as a follower, conf=-1: [fef8ea31-401e-44ed-a6e5-2623f2bd7b9f:192.168.30.53:36623], old=null
2019-10-08 18:31:22,746 [pool-429-thread-1] INFO  impl.RaftServerImpl (RaftServerImpl.java:setRole(170)) - fef8ea31-401e-44ed-a6e5-2623f2bd7b9f@group-5E5549194573: changes role from      null to FOLLOWER at term 0 for startAsFollower
2019-10-08 18:31:22,746 [pool-429-thread-1] INFO  impl.RoleInfo (RoleInfo.java:updateAndGet(143)) - fef8ea31-401e-44ed-a6e5-2623f2bd7b9f: start FollowerState
2019-10-08 18:31:22,746 [pool-429-thread-1] INFO  util.JmxRegister (JmxRegister.java:tryRegister(44)) - Successfully registered JMX Bean with object name Ratis:service=RaftServer,group=group-5E5549194573,id=fef8ea31-401e-44ed-a6e5-2623f2bd7b9f
2019-10-08 18:31:22,751 [RatisPipelineUtilsThread] INFO  pipeline.PipelineStateManager (PipelineStateManager.java:addPipeline(56)) - Created pipeline Pipeline[ Id: 90952c9a-0507-40aa-8afa-5e5549194573, Nodes: fef8ea31-401e-44ed-a6e5-2623f2bd7b9f{ip: 192.168.30.53, host: pr-hdds-1984-jmsdc-1452173494, networkLocation: /default-rack, certSerialId: null}, Type:RATIS, Factor:ONE, State:OPEN]
2019-10-08 18:31:22,766 [grpc-default-executor-2] INFO  impl.RaftServerProxy (RaftServerProxy.java:addNew(89)) - fef8ea31-401e-44ed-a6e5-2623f2bd7b9f: addNew group-8D8935EE44C6:[fef8ea31-401e-44ed-a6e5-2623f2bd7b9f:192.168.30.53:36623, 6047fcf1-3fae-4aa9-b5cf-920d563ea801:192.168.30.53:44756, e8ec5d3e-1dbd-405f-80ef-24c1d8e43b17:192.168.30.53:33667] returns group-8D8935EE44C6:java.util.concurrent.CompletableFuture@418c5d98[Not completed]
2019-10-08 18:31:22,766 [grpc-default-executor-7] INFO  impl.RaftServerProxy (RaftServerProxy.java:addNew(89)) - 6047fcf1-3fae-4aa9-b5cf-920d563ea801: addNew group-8D8935EE44C6:[fef8ea31-401e-44ed-a6e5-2623f2bd7b9f:192.168.30.53:36623, 6047fcf1-3fae-4aa9-b5cf-920d563ea801:192.168.30.53:44756, e8ec5d3e-1dbd-405f-80ef-24c1d8e43b17:192.168.30.53:33667] returns group-8D8935EE44C6:java.util.concurrent.CompletableFuture@2176a8f7[Not completed]
2019-10-08 18:31:22,766 [grpc-default-executor-6] INFO  impl.RaftServerProxy (RaftServerProxy.java:addNew(89)) - e8ec5d3e-1dbd-405f-80ef-24c1d8e43b17: addNew group-8D8935EE44C6:[fef8ea31-401e-44ed-a6e5-2623f2bd7b9f:192.168.30.53:36623, 6047fcf1-3fae-4aa9-b5cf-920d563ea801:192.168.30.53:44756, e8ec5d3e-1dbd-405f-80ef-24c1d8e43b17:192.168.30.53:33667] returns group-8D8935EE44C6:java.util.concurrent.CompletableFuture@61160606[Not completed]
2019-10-08 18:31:22,767 [pool-419-thread-1] INFO  impl.RaftServerImpl (RaftServerImpl.java:<init>(95)) - 6047fcf1-3fae-4aa9-b5cf-920d563ea801: new RaftServerImpl for group-8D8935EE44C6:[fef8ea31-401e-44ed-a6e5-2623f2bd7b9f:192.168.30.53:36623, 6047fcf1-3fae-4aa9-b5cf-920d563ea801:192.168.30.53:44756, e8ec5d3e-1dbd-405f-80ef-24c1d8e43b17:192.168.30.53:33667] with ContainerStateMachine:uninitialized
2019-10-08 18:31:22,767 [pool-419-thread-1] INFO  server.RaftServerConfigKeys (ConfUtils.java:logGet(43)) - raft.server.rpc.timeout.min = 5s (custom)
2019-10-08 18:31:22,767 [pool-419-thread-1] INFO  server.RaftServerConfigKeys (ConfUtils.java:logGet(43)) - raft.server.rpc.timeout.max = 5200ms (custom)
2019-10-08 18:31:22,768 [pool-419-thread-1] INFO  server.RaftServerConfigKeys (ConfUtils.java:logGet(43)) - raft.server.rpcslowness.timeout = 120s (custom)
2019-10-08 18:31:22,768 [pool-419-thread-1] INFO  server.RaftServerConfigKeys (ConfUtils.java:logGet(43)) - raft.server.sleep.deviation.threshold = 300 (default)
2019-10-08 18:31:22,768 [pool-419-thread-1] INFO  server.RaftServerConfigKeys (ConfUtils.java:logGet(43)) - raft.server.log.appender.install.snapshot.enabled = false (custom)
2019-10-08 18:31:22,768 [pool-409-thread-1] INFO  impl.RaftServerImpl (RaftServerImpl.java:<init>(95)) - e8ec5d3e-1dbd-405f-80ef-24c1d8e43b17: new RaftServerImpl for group-8D8935EE44C6:[fef8ea31-401e-44ed-a6e5-2623f2bd7b9f:192.168.30.53:36623, 6047fcf1-3fae-4aa9-b5cf-920d563ea801:192.168.30.53:44756, e8ec5d3e-1dbd-405f-80ef-24c1d8e43b17:192.168.30.53:33667] with ContainerStateMachine:uninitialized
2019-10-08 18:31:22,768 [pool-419-thread-1] INFO  impl.RaftServerImpl (ServerState.java:<init>(103)) - 6047fcf1-3fae-4aa9-b5cf-920d563ea801@group-8D8935EE44C6: ConfigurationManager, init=-1: [fef8ea31-401e-44ed-a6e5-2623f2bd7b9f:192.168.30.53:36623, 6047fcf1-3fae-4aa9-b5cf-920d563ea801:192.168.30.53:44756, e8ec5d3e-1dbd-405f-80ef-24c1d8e43b17:192.168.30.53:33667], old=null, confs=<EMPTY_MAP>
2019-10-08 18:31:22,768 [pool-409-thread-1] INFO  server.RaftServerConfigKeys (ConfUtils.java:logGet(43)) - raft.server.rpc.timeout.min = 5s (custom)
2019-10-08 18:31:22,768 [pool-419-thread-1] INFO  server.RaftServerConfigKeys (ConfUtils.java:logGet(43)) - raft.server.storage.dir = [/workdir/hadoop-ozone/integration-test/target/test-dir/MiniOzoneClusterImpl-a711281c-616f-488d-a7dc-db87a594177d/datanode-1/data/ratis] (custom)
2019-10-08 18:31:22,768 [pool-409-thread-1] INFO  server.RaftServerConfigKeys (ConfUtils.java:logGet(43)) - raft.server.rpc.timeout.max = 5200ms (custom)
2019-10-08 18:31:22,769 [pool-419-thread-1] INFO  server.RaftServerConfigKeys (ConfUtils.java:logGet(43)) - raft.server.log.corruption.policy = EXCEPTION (default)
2019-10-08 18:31:22,769 [pool-429-thread-1] INFO  impl.RaftServerImpl (RaftServerImpl.java:<init>(95)) - fef8ea31-401e-44ed-a6e5-2623f2bd7b9f: new RaftServerImpl for group-8D8935EE44C6:[fef8ea31-401e-44ed-a6e5-2623f2bd7b9f:192.168.30.53:36623, 6047fcf1-3fae-4aa9-b5cf-920d563ea801:192.168.30.53:44756, e8ec5d3e-1dbd-405f-80ef-24c1d8e43b17:192.168.30.53:33667] with ContainerStateMachine:uninitialized
2019-10-08 18:31:22,769 [pool-409-thread-1] INFO  server.RaftServerConfigKeys (ConfUtils.java:logGet(43)) - raft.server.rpcslowness.timeout = 120s (custom)
2019-10-08 18:31:22,769 [pool-429-thread-1] INFO  server.RaftServerConfigKeys (ConfUtils.java:logGet(43)) - raft.server.rpc.timeout.min = 5s (custom)
2019-10-08 18:31:22,769 [pool-419-thread-1] INFO  storage.RaftStorageDirectory (RaftStorageDirectory.java:analyzeStorage(246)) - The storage directory /workdir/hadoop-ozone/integration-test/target/test-dir/MiniOzoneClusterImpl-a711281c-616f-488d-a7dc-db87a594177d/datanode-1/data/ratis/f3df37f7-a09c-497c-9b38-8d8935ee44c6 does not exist. Creating ...
2019-10-08 18:31:22,769 [pool-429-thread-1] INFO  server.RaftServerConfigKeys (ConfUtils.java:logGet(43)) - raft.server.rpc.timeout.max = 5200ms (custom)
2019-10-08 18:31:22,769 [pool-429-thread-1] INFO  server.RaftServerConfigKeys (ConfUtils.java:logGet(43)) - raft.server.rpcslowness.timeout = 120s (custom)
2019-10-08 18:31:22,769 [pool-409-thread-1] INFO  server.RaftServerConfigKeys (ConfUtils.java:logGet(43)) - raft.server.sleep.deviation.threshold = 300 (default)
2019-10-08 18:31:22,769 [pool-429-thread-1] INFO  server.RaftServerConfigKeys (ConfUtils.java:logGet(43)) - raft.server.sleep.deviation.threshold = 300 (default)
2019-10-08 18:31:22,770 [pool-409-thread-1] INFO  server.RaftServerConfigKeys (ConfUtils.java:logGet(43)) - raft.server.log.appender.install.snapshot.enabled = false (custom)
2019-10-08 18:31:22,770 [pool-429-thread-1] INFO  server.RaftServerConfigKeys (ConfUtils.java:logGet(43)) - raft.server.log.appender.install.snapshot.enabled = false (custom)
2019-10-08 18:31:22,770 [pool-409-thread-1] INFO  impl.RaftServerImpl (ServerState.java:<init>(103)) - e8ec5d3e-1dbd-405f-80ef-24c1d8e43b17@group-8D8935EE44C6: ConfigurationManager, init=-1: [fef8ea31-401e-44ed-a6e5-2623f2bd7b9f:192.168.30.53:36623, 6047fcf1-3fae-4aa9-b5cf-920d563ea801:192.168.30.53:44756, e8ec5d3e-1dbd-405f-80ef-24c1d8e43b17:192.168.30.53:33667], old=null, confs=<EMPTY_MAP>
2019-10-08 18:31:22,770 [pool-429-thread-1] INFO  impl.RaftServerImpl (ServerState.java:<init>(103)) - fef8ea31-401e-44ed-a6e5-2623f2bd7b9f@group-8D8935EE44C6: ConfigurationManager, init=-1: [fef8ea31-401e-44ed-a6e5-2623f2bd7b9f:192.168.30.53:36623, 6047fcf1-3fae-4aa9-b5cf-920d563ea801:192.168.30.53:44756, e8ec5d3e-1dbd-405f-80ef-24c1d8e43b17:192.168.30.53:33667], old=null, confs=<EMPTY_MAP>
2019-10-08 18:31:22,770 [pool-409-thread-1] INFO  server.RaftServerConfigKeys (ConfUtils.java:logGet(43)) - raft.server.storage.dir = [/workdir/hadoop-ozone/integration-test/target/test-dir/MiniOzoneClusterImpl-a711281c-616f-488d-a7dc-db87a594177d/datanode-0/data/ratis] (custom)
2019-10-08 18:31:22,770 [pool-429-thread-1] INFO  server.RaftServerConfigKeys (ConfUtils.java:logGet(43)) - raft.server.storage.dir = [/workdir/hadoop-ozone/integration-test/target/test-dir/MiniOzoneClusterImpl-a711281c-616f-488d-a7dc-db87a594177d/datanode-2/data/ratis] (custom)
2019-10-08 18:31:22,770 [pool-409-thread-1] INFO  server.RaftServerConfigKeys (ConfUtils.java:logGet(43)) - raft.server.log.corruption.policy = EXCEPTION (default)
2019-10-08 18:31:22,770 [pool-429-thread-1] INFO  server.RaftServerConfigKeys (ConfUtils.java:logGet(43)) - raft.server.log.corruption.policy = EXCEPTION (default)
2019-10-08 18:31:22,771 [pool-409-thread-1] INFO  storage.RaftStorageDirectory (RaftStorageDirectory.java:analyzeStorage(246)) - The storage directory /workdir/hadoop-ozone/integration-test/target/test-dir/MiniOzoneClusterImpl-a711281c-616f-488d-a7dc-db87a594177d/datanode-0/data/ratis/f3df37f7-a09c-497c-9b38-8d8935ee44c6 does not exist. Creating ...
2019-10-08 18:31:22,771 [pool-429-thread-1] INFO  storage.RaftStorageDirectory (RaftStorageDirectory.java:analyzeStorage(246)) - The storage directory /workdir/hadoop-ozone/integration-test/target/test-dir/MiniOzoneClusterImpl-a711281c-616f-488d-a7dc-db87a594177d/datanode-2/data/ratis/f3df37f7-a09c-497c-9b38-8d8935ee44c6 does not exist. Creating ...
2019-10-08 18:31:22,772 [pool-419-thread-1] INFO  storage.RaftStorageDirectory (RaftStorageDirectory.java:tryLock(328)) - Lock on /workdir/hadoop-ozone/integration-test/target/test-dir/MiniOzoneClusterImpl-a711281c-616f-488d-a7dc-db87a594177d/datanode-1/data/ratis/f3df37f7-a09c-497c-9b38-8d8935ee44c6/in_use.lock acquired by nodename 22033@pr-hdds-1984-jmsdc-1452173494
2019-10-08 18:31:22,774 [pool-409-thread-1] INFO  storage.RaftStorageDirectory (RaftStorageDirectory.java:tryLock(328)) - Lock on /workdir/hadoop-ozone/integration-test/target/test-dir/MiniOzoneClusterImpl-a711281c-616f-488d-a7dc-db87a594177d/datanode-0/data/ratis/f3df37f7-a09c-497c-9b38-8d8935ee44c6/in_use.lock acquired by nodename 22033@pr-hdds-1984-jmsdc-1452173494
2019-10-08 18:31:22,774 [pool-429-thread-1] INFO  storage.RaftStorageDirectory (RaftStorageDirectory.java:tryLock(328)) - Lock on /workdir/hadoop-ozone/integration-test/target/test-dir/MiniOzoneClusterImpl-a711281c-616f-488d-a7dc-db87a594177d/datanode-2/data/ratis/f3df37f7-a09c-497c-9b38-8d8935ee44c6/in_use.lock acquired by nodename 22033@pr-hdds-1984-jmsdc-1452173494
2019-10-08 18:31:22,776 [pool-419-thread-1] INFO  storage.RaftStorage (RaftStorage.java:format(84)) - Storage directory /workdir/hadoop-ozone/integration-test/target/test-dir/MiniOzoneClusterImpl-a711281c-616f-488d-a7dc-db87a594177d/datanode-1/data/ratis/f3df37f7-a09c-497c-9b38-8d8935ee44c6 has been successfully formatted.
2019-10-08 18:31:22,776 [pool-419-thread-1] INFO  ratis.ContainerStateMachine (ContainerStateMachine.java:loadSnapshot(231)) - group-8D8935EE44C6: The snapshot info is null. Setting the last applied indexto:(t:0, i:~)
2019-10-08 18:31:22,776 [pool-419-thread-1] INFO  server.RaftServerConfigKeys (ConfUtils.java:logGet(43)) - raft.server.notification.no-leader.timeout = 120s (custom)
2019-10-08 18:31:22,776 [pool-419-thread-1] INFO  server.RaftServerConfigKeys (ConfUtils.java:logGet(43)) - raft.server.log.use.memory = false (default)
2019-10-08 18:31:22,776 [pool-419-thread-1] INFO  server.RaftServerConfigKeys (ConfUtils.java:logGet(43)) - raft.server.log.purge.gap = 1000000 (custom)
2019-10-08 18:31:22,776 [pool-419-thread-1] INFO  server.RaftServerConfigKeys (ConfUtils.java:logGet(43)) - raft.server.log.appender.buffer.byte-limit = 33554432 (custom)
2019-10-08 18:31:22,777 [pool-419-thread-1] INFO  server.RaftServerConfigKeys (ConfUtils.java:logGet(43)) - raft.server.log.segment.size.max = 1048576 (custom)
2019-10-08 18:31:22,777 [pool-419-thread-1] INFO  server.RaftServerConfigKeys (ConfUtils.java:logGet(43)) - raft.server.log.segment.cache.num.max = 2 (custom)
2019-10-08 18:31:22,777 [pool-419-thread-1] INFO  segmented.SegmentedRaftLogWorker (SegmentedRaftLogWorker.java:<init>(173)) - new 6047fcf1-3fae-4aa9-b5cf-920d563ea801@group-8D8935EE44C6-SegmentedRaftLogWorker for RaftStorage:Storage Directory /workdir/hadoop-ozone/integration-test/target/test-dir/MiniOzoneClusterImpl-a711281c-616f-488d-a7dc-db87a594177d/datanode-1/data/ratis/f3df37f7-a09c-497c-9b38-8d8935ee44c6
2019-10-08 18:31:22,777 [pool-419-thread-1] INFO  server.RaftServerConfigKeys (ConfUtils.java:logGet(43)) - raft.server.log.queue.byte-limit = 2147483647 (custom)
2019-10-08 18:31:22,777 [pool-419-thread-1] INFO  server.RaftServerConfigKeys (ConfUtils.java:logGet(43)) - raft.server.log.queue.element-limit = 1024 (custom)
2019-10-08 18:31:22,777 [pool-419-thread-1] INFO  server.RaftServerConfigKeys (ConfUtils.java:logGet(43)) - raft.server.log.segment.size.max = 1048576 (custom)
2019-10-08 18:31:22,778 [pool-419-thread-1] INFO  server.RaftServerConfigKeys (ConfUtils.java:logGet(43)) - raft.server.log.preallocated.size = 16384 (custom)
2019-10-08 18:31:22,778 [pool-419-thread-1] INFO  server.RaftServerConfigKeys (ConfUtils.java:logGet(43)) - raft.server.log.write.buffer.size = 33554432 (custom)
2019-10-08 18:31:22,778 [pool-419-thread-1] INFO  server.RaftServerConfigKeys (ConfUtils.java:logGet(43)) - raft.server.log.force.sync.num = 128 (default)
2019-10-08 18:31:22,778 [pool-419-thread-1] INFO  server.RaftServerConfigKeys (ConfUtils.java:logGet(43)) - raft.server.log.statemachine.data.sync = true (default)
2019-10-08 18:31:22,778 [pool-419-thread-1] INFO  server.RaftServerConfigKeys (ConfUtils.java:logGet(43)) - raft.server.log.statemachine.data.sync.timeout = 10s (default)
2019-10-08 18:31:22,778 [pool-419-thread-1] INFO  server.RaftServerConfigKeys (ConfUtils.java:logGet(43)) - raft.server.log.statemachine.data.sync.timeout.retry = -1 (default)
2019-10-08 18:31:22,778 [pool-429-thread-1] INFO  storage.RaftStorage (RaftStorage.java:format(84)) - Storage directory /workdir/hadoop-ozone/integration-test/target/test-dir/MiniOzoneClusterImpl-a711281c-616f-488d-a7dc-db87a594177d/datanode-2/data/ratis/f3df37f7-a09c-497c-9b38-8d8935ee44c6 has been successfully formatted.
2019-10-08 18:31:22,778 [pool-409-thread-1] INFO  storage.RaftStorage (RaftStorage.java:format(84)) - Storage directory /workdir/hadoop-ozone/integration-test/target/test-dir/MiniOzoneClusterImpl-a711281c-616f-488d-a7dc-db87a594177d/datanode-0/data/ratis/f3df37f7-a09c-497c-9b38-8d8935ee44c6 has been successfully formatted.
2019-10-08 18:31:22,779 [pool-429-thread-1] INFO  ratis.ContainerStateMachine (ContainerStateMachine.java:loadSnapshot(231)) - group-8D8935EE44C6: The snapshot info is null. Setting the last applied indexto:(t:0, i:~)
2019-10-08 18:31:22,779 [pool-419-thread-1] INFO  server.RaftServerConfigKeys (ConfUtils.java:logGet(43)) - raft.server.log.statemachine.data.caching.enabled = true (custom)
2019-10-08 18:31:22,779 [pool-429-thread-1] INFO  server.RaftServerConfigKeys (ConfUtils.java:logGet(43)) - raft.server.notification.no-leader.timeout = 120s (custom)
2019-10-08 18:31:22,779 [pool-409-thread-1] INFO  ratis.ContainerStateMachine (ContainerStateMachine.java:loadSnapshot(231)) - group-8D8935EE44C6: The snapshot info is null. Setting the last applied indexto:(t:0, i:~)
2019-10-08 18:31:22,779 [pool-419-thread-1] INFO  segmented.SegmentedRaftLogWorker (SegmentedRaftLogWorker.java:lambda$new$0(128)) - 6047fcf1-3fae-4aa9-b5cf-920d563ea801@group-8D8935EE44C6-SegmentedRaftLogWorker: flushIndex: setUnconditionally 0 -> -1
2019-10-08 18:31:22,779 [pool-429-thread-1] INFO  server.RaftServerConfigKeys (ConfUtils.java:logGet(43)) - raft.server.log.use.memory = false (default)
2019-10-08 18:31:22,779 [pool-409-thread-1] INFO  server.RaftServerConfigKeys (ConfUtils.java:logGet(43)) - raft.server.notification.no-leader.timeout = 120s (custom)
2019-10-08 18:31:22,780 [pool-419-thread-1] INFO  server.RaftServerConfigKeys (ConfUtils.java:logGet(43)) - raft.server.snapshot.auto.trigger.enabled = true (custom)
2019-10-08 18:31:22,780 [pool-429-thread-1] INFO  server.RaftServerConfigKeys (ConfUtils.java:logGet(43)) - raft.server.log.purge.gap = 1000000 (custom)
2019-10-08 18:31:22,780 [pool-419-thread-1] INFO  server.RaftServerConfigKeys (ConfUtils.java:logGet(43)) - raft.server.snapshot.auto.trigger.threshold = 10000 (custom)
2019-10-08 18:31:22,780 [pool-409-thread-1] INFO  server.RaftServerConfigKeys (ConfUtils.java:logGet(43)) - raft.server.log.use.memory = false (default)
2019-10-08 18:31:22,780 [pool-419-thread-1] INFO  server.RaftServerConfigKeys (ConfUtils.java:logGet(43)) - raft.server.snapshot.retention.file.num = 5 (custom)
2019-10-08 18:31:22,780 [pool-429-thread-1] INFO  server.RaftServerConfigKeys (ConfUtils.java:logGet(43)) - raft.server.log.appender.buffer.byte-limit = 33554432 (custom)
2019-10-08 18:31:22,780 [pool-419-thread-1] INFO  server.RaftServerConfigKeys (ConfUtils.java:logGet(43)) - raft.server.retrycache.expirytime = 600000ms (custom)
2019-10-08 18:31:22,780 [pool-409-thread-1] INFO  server.RaftServerConfigKeys (ConfUtils.java:logGet(43)) - raft.server.log.purge.gap = 1000000 (custom)
2019-10-08 18:31:22,780 [pool-429-thread-1] INFO  server.RaftServerConfigKeys (ConfUtils.java:logGet(43)) - raft.server.log.segment.size.max = 1048576 (custom)
2019-10-08 18:31:22,781 [pool-409-thread-1] INFO  server.RaftServerConfigKeys (ConfUtils.java:logGet(43)) - raft.server.log.appender.buffer.byte-limit = 33554432 (custom)
2019-10-08 18:31:22,781 [pool-429-thread-1] INFO  server.RaftServerConfigKeys (ConfUtils.java:logGet(43)) - raft.server.log.segment.cache.num.max = 2 (custom)
2019-10-08 18:31:22,781 [pool-409-thread-1] INFO  server.RaftServerConfigKeys (ConfUtils.java:logGet(43)) - raft.server.log.segment.size.max = 1048576 (custom)
2019-10-08 18:31:22,781 [pool-429-thread-1] INFO  segmented.SegmentedRaftLogWorker (SegmentedRaftLogWorker.java:<init>(173)) - new fef8ea31-401e-44ed-a6e5-2623f2bd7b9f@group-8D8935EE44C6-SegmentedRaftLogWorker for RaftStorage:Storage Directory /workdir/hadoop-ozone/integration-test/target/test-dir/MiniOzoneClusterImpl-a711281c-616f-488d-a7dc-db87a594177d/datanode-2/data/ratis/f3df37f7-a09c-497c-9b38-8d8935ee44c6
2019-10-08 18:31:22,781 [pool-409-thread-1] INFO  server.RaftServerConfigKeys (ConfUtils.java:logGet(43)) - raft.server.log.segment.cache.num.max = 2 (custom)
2019-10-08 18:31:22,781 [pool-429-thread-1] INFO  server.RaftServerConfigKeys (ConfUtils.java:logGet(43)) - raft.server.log.queue.byte-limit = 2147483647 (custom)
2019-10-08 18:31:22,781 [pool-409-thread-1] INFO  segmented.SegmentedRaftLogWorker (SegmentedRaftLogWorker.java:<init>(173)) - new e8ec5d3e-1dbd-405f-80ef-24c1d8e43b17@group-8D8935EE44C6-SegmentedRaftLogWorker for RaftStorage:Storage Directory /workdir/hadoop-ozone/integration-test/target/test-dir/MiniOzoneClusterImpl-a711281c-616f-488d-a7dc-db87a594177d/datanode-0/data/ratis/f3df37f7-a09c-497c-9b38-8d8935ee44c6
2019-10-08 18:31:22,781 [pool-429-thread-1] INFO  server.RaftServerConfigKeys (ConfUtils.java:logGet(43)) - raft.server.log.queue.element-limit = 1024 (custom)
2019-10-08 18:31:22,782 [pool-409-thread-1] INFO  server.RaftServerConfigKeys (ConfUtils.java:logGet(43)) - raft.server.log.queue.byte-limit = 2147483647 (custom)
2019-10-08 18:31:22,782 [pool-429-thread-1] INFO  server.RaftServerConfigKeys (ConfUtils.java:logGet(43)) - raft.server.log.segment.size.max = 1048576 (custom)
2019-10-08 18:31:22,782 [pool-419-thread-1] INFO  impl.RaftServerImpl (RaftServerImpl.java:start(181)) - 6047fcf1-3fae-4aa9-b5cf-920d563ea801@group-8D8935EE44C6: start as a follower, conf=-1: [fef8ea31-401e-44ed-a6e5-2623f2bd7b9f:192.168.30.53:36623, 6047fcf1-3fae-4aa9-b5cf-920d563ea801:192.168.30.53:44756, e8ec5d3e-1dbd-405f-80ef-24c1d8e43b17:192.168.30.53:33667], old=null
2019-10-08 18:31:22,782 [pool-409-thread-1] INFO  server.RaftServerConfigKeys (ConfUtils.java:logGet(43)) - raft.server.log.queue.element-limit = 1024 (custom)
2019-10-08 18:31:22,782 [pool-419-thread-1] INFO  impl.RaftServerImpl (RaftServerImpl.java:setRole(170)) - 6047fcf1-3fae-4aa9-b5cf-920d563ea801@group-8D8935EE44C6: changes role from      null to FOLLOWER at term 0 for startAsFollower
2019-10-08 18:31:22,782 [pool-429-thread-1] INFO  server.RaftServerConfigKeys (ConfUtils.java:logGet(43)) - raft.server.log.preallocated.size = 16384 (custom)
2019-10-08 18:31:22,782 [pool-419-thread-1] INFO  impl.RoleInfo (RoleInfo.java:updateAndGet(143)) - 6047fcf1-3fae-4aa9-b5cf-920d563ea801: start FollowerState
2019-10-08 18:31:22,782 [pool-409-thread-1] INFO  server.RaftServerConfigKeys (ConfUtils.java:logGet(43)) - raft.server.log.segment.size.max = 1048576 (custom)
2019-10-08 18:31:22,782 [pool-429-thread-1] INFO  server.RaftServerConfigKeys (ConfUtils.java:logGet(43)) - raft.server.log.write.buffer.size = 33554432 (custom)
2019-10-08 18:31:22,791 [pool-419-thread-1] INFO  util.JmxRegister (JmxRegister.java:tryRegister(44)) - Successfully registered JMX Bean with object name Ratis:service=RaftServer,group=group-8D8935EE44C6,id=6047fcf1-3fae-4aa9-b5cf-920d563ea801
2019-10-08 18:31:22,783 [pool-409-thread-1] INFO  server.RaftServerConfigKeys (ConfUtils.java:logGet(43)) - raft.server.log.preallocated.size = 16384 (custom)
2019-10-08 18:31:22,791 [pool-409-thread-1] INFO  server.RaftServerConfigKeys (ConfUtils.java:logGet(43)) - raft.server.log.write.buffer.size = 33554432 (custom)
2019-10-08 18:31:22,791 [pool-429-thread-1] INFO  server.RaftServerConfigKeys (ConfUtils.java:logGet(43)) - raft.server.log.force.sync.num = 128 (default)
2019-10-08 18:31:22,791 [pool-409-thread-1] INFO  server.RaftServerConfigKeys (ConfUtils.java:logGet(43)) - raft.server.log.force.sync.num = 128 (default)
2019-10-08 18:31:22,791 [pool-429-thread-1] INFO  server.RaftServerConfigKeys (ConfUtils.java:logGet(43)) - raft.server.log.statemachine.data.sync = true (default)
2019-10-08 18:31:22,792 [pool-409-thread-1] INFO  server.RaftServerConfigKeys (ConfUtils.java:logGet(43)) - raft.server.log.statemachine.data.sync = true (default)
2019-10-08 18:31:22,792 [pool-429-thread-1] INFO  server.RaftServerConfigKeys (ConfUtils.java:logGet(43)) - raft.server.log.statemachine.data.sync.timeout = 10s (default)
2019-10-08 18:31:22,792 [pool-409-thread-1] INFO  server.RaftServerConfigKeys (ConfUtils.java:logGet(43)) - raft.server.log.statemachine.data.sync.timeout = 10s (default)
2019-10-08 18:31:22,792 [pool-429-thread-1] INFO  server.RaftServerConfigKeys (ConfUtils.java:logGet(43)) - raft.server.log.statemachine.data.sync.timeout.retry = -1 (default)
2019-10-08 18:31:22,792 [pool-409-thread-1] INFO  server.RaftServerConfigKeys (ConfUtils.java:logGet(43)) - raft.server.log.statemachine.data.sync.timeout.retry = -1 (default)
2019-10-08 18:31:22,792 [pool-429-thread-1] INFO  server.RaftServerConfigKeys (ConfUtils.java:logGet(43)) - raft.server.log.statemachine.data.caching.enabled = true (custom)
2019-10-08 18:31:22,792 [pool-409-thread-1] INFO  server.RaftServerConfigKeys (ConfUtils.java:logGet(43)) - raft.server.log.statemachine.data.caching.enabled = true (custom)
2019-10-08 18:31:22,793 [pool-429-thread-1] INFO  segmented.SegmentedRaftLogWorker (SegmentedRaftLogWorker.java:lambda$new$0(128)) - fef8ea31-401e-44ed-a6e5-2623f2bd7b9f@group-8D8935EE44C6-SegmentedRaftLogWorker: flushIndex: setUnconditionally 0 -> -1
2019-10-08 18:31:22,799 [pool-409-thread-1] INFO  segmented.SegmentedRaftLogWorker (SegmentedRaftLogWorker.java:lambda$new$0(128)) - e8ec5d3e-1dbd-405f-80ef-24c1d8e43b17@group-8D8935EE44C6-SegmentedRaftLogWorker: flushIndex: setUnconditionally 0 -> -1
2019-10-08 18:31:22,799 [pool-429-thread-1] INFO  server.RaftServerConfigKeys (ConfUtils.java:logGet(43)) - raft.server.snapshot.auto.trigger.enabled = true (custom)
2019-10-08 18:31:22,799 [pool-429-thread-1] INFO  server.RaftServerConfigKeys (ConfUtils.java:logGet(43)) - raft.server.snapshot.auto.trigger.threshold = 10000 (custom)
2019-10-08 18:31:22,799 [pool-409-thread-1] INFO  server.RaftServerConfigKeys (ConfUtils.java:logGet(43)) - raft.server.snapshot.auto.trigger.enabled = true (custom)
2019-10-08 18:31:22,799 [pool-429-thread-1] INFO  server.RaftServerConfigKeys (ConfUtils.java:logGet(43)) - raft.server.snapshot.retention.file.num = 5 (custom)
2019-10-08 18:31:22,799 [pool-409-thread-1] INFO  server.RaftServerConfigKeys (ConfUtils.java:logGet(43)) - raft.server.snapshot.auto.trigger.threshold = 10000 (custom)
2019-10-08 18:31:22,800 [pool-429-thread-1] INFO  server.RaftServerConfigKeys (ConfUtils.java:logGet(43)) - raft.server.retrycache.expirytime = 600000ms (custom)
2019-10-08 18:31:22,800 [pool-409-thread-1] INFO  server.RaftServerConfigKeys (ConfUtils.java:logGet(43)) - raft.server.snapshot.retention.file.num = 5 (custom)
2019-10-08 18:31:22,800 [pool-409-thread-1] INFO  server.RaftServerConfigKeys (ConfUtils.java:logGet(43)) - raft.server.retrycache.expirytime = 600000ms (custom)
2019-10-08 18:31:22,801 [IPC Server handler 1 on 32818] INFO  net.NetworkTopology (NetworkTopologyImpl.java:add(111)) - Added a new node: /default-rack/c7cca4f6-1bfa-4200-b1ab-67aa819ae437
2019-10-08 18:31:22,801 [IPC Server handler 1 on 32818] INFO  node.SCMNodeManager (SCMNodeManager.java:register(268)) - Registered Data node : c7cca4f6-1bfa-4200-b1ab-67aa819ae437{ip: 192.168.30.53, host: pr-hdds-1984-jmsdc-1452173494, networkLocation: /default-rack, certSerialId: null}
2019-10-08 18:31:22,802 [pool-429-thread-1] INFO  impl.RaftServerImpl (RaftServerImpl.java:start(181)) - fef8ea31-401e-44ed-a6e5-2623f2bd7b9f@group-8D8935EE44C6: start as a follower, conf=-1: [fef8ea31-401e-44ed-a6e5-2623f2bd7b9f:192.168.30.53:36623, 6047fcf1-3fae-4aa9-b5cf-920d563ea801:192.168.30.53:44756, e8ec5d3e-1dbd-405f-80ef-24c1d8e43b17:192.168.30.53:33667], old=null
2019-10-08 18:31:22,802 [pool-429-thread-1] INFO  impl.RaftServerImpl (RaftServerImpl.java:setRole(170)) - fef8ea31-401e-44ed-a6e5-2623f2bd7b9f@group-8D8935EE44C6: changes role from      null to FOLLOWER at term 0 for startAsFollower
2019-10-08 18:31:22,802 [pool-409-thread-1] INFO  impl.RaftServerImpl (RaftServerImpl.java:start(181)) - e8ec5d3e-1dbd-405f-80ef-24c1d8e43b17@group-8D8935EE44C6: start as a follower, conf=-1: [fef8ea31-401e-44ed-a6e5-2623f2bd7b9f:192.168.30.53:36623, 6047fcf1-3fae-4aa9-b5cf-920d563ea801:192.168.30.53:44756, e8ec5d3e-1dbd-405f-80ef-24c1d8e43b17:192.168.30.53:33667], old=null
2019-10-08 18:31:22,802 [pool-429-thread-1] INFO  impl.RoleInfo (RoleInfo.java:updateAndGet(143)) - fef8ea31-401e-44ed-a6e5-2623f2bd7b9f: start FollowerState
2019-10-08 18:31:22,802 [pool-409-thread-1] INFO  impl.RaftServerImpl (RaftServerImpl.java:setRole(170)) - e8ec5d3e-1dbd-405f-80ef-24c1d8e43b17@group-8D8935EE44C6: changes role from      null to FOLLOWER at term 0 for startAsFollower
2019-10-08 18:31:22,803 [pool-409-thread-1] INFO  impl.RoleInfo (RoleInfo.java:updateAndGet(143)) - e8ec5d3e-1dbd-405f-80ef-24c1d8e43b17: start FollowerState
2019-10-08 18:31:22,803 [pool-429-thread-1] INFO  util.JmxRegister (JmxRegister.java:tryRegister(44)) - Successfully registered JMX Bean with object name Ratis:service=RaftServer,group=group-8D8935EE44C6,id=fef8ea31-401e-44ed-a6e5-2623f2bd7b9f
2019-10-08 18:31:22,803 [pool-409-thread-1] INFO  util.JmxRegister (JmxRegister.java:tryRegister(44)) - Successfully registered JMX Bean with object name Ratis:service=RaftServer,group=group-8D8935EE44C6,id=e8ec5d3e-1dbd-405f-80ef-24c1d8e43b17
2019-10-08 18:31:22,808 [RatisPipelineUtilsThread] INFO  pipeline.PipelineStateManager (PipelineStateManager.java:addPipeline(56)) - Created pipeline Pipeline[ Id: f3df37f7-a09c-497c-9b38-8d8935ee44c6, Nodes: 6047fcf1-3fae-4aa9-b5cf-920d563ea801{ip: 192.168.30.53, host: pr-hdds-1984-jmsdc-1452173494, networkLocation: /default-rack, certSerialId: null}e8ec5d3e-1dbd-405f-80ef-24c1d8e43b17{ip: 192.168.30.53, host: pr-hdds-1984-jmsdc-1452173494, networkLocation: /default-rack, certSerialId: null}fef8ea31-401e-44ed-a6e5-2623f2bd7b9f{ip: 192.168.30.53, host: pr-hdds-1984-jmsdc-1452173494, networkLocation: /default-rack, certSerialId: null}, Type:RATIS, Factor:THREE, State:OPEN]
2019-10-08 18:31:22,889 [IPC Server handler 0 on 32818] INFO  net.NetworkTopology (NetworkTopologyImpl.java:add(111)) - Added a new node: /default-rack/d91d0ace-0381-48bb-882b-2a0860df1015
2019-10-08 18:31:22,889 [IPC Server handler 0 on 32818] INFO  node.SCMNodeManager (SCMNodeManager.java:register(268)) - Registered Data node : d91d0ace-0381-48bb-882b-2a0860df1015{ip: 192.168.30.53, host: pr-hdds-1984-jmsdc-1452173494, networkLocation: /default-rack, certSerialId: null}
2019-10-08 18:31:22,906 [grpc-default-executor-6] INFO  impl.RaftServerProxy (RaftServerProxy.java:addNew(89)) - d91d0ace-0381-48bb-882b-2a0860df1015: addNew group-CD4BE732A818:[d91d0ace-0381-48bb-882b-2a0860df1015:192.168.30.53:37802] returns group-CD4BE732A818:java.util.concurrent.CompletableFuture@5119c8a[Not completed]
2019-10-08 18:31:22,909 [pool-449-thread-1] INFO  impl.RaftServerImpl (RaftServerImpl.java:<init>(95)) - d91d0ace-0381-48bb-882b-2a0860df1015: new RaftServerImpl for group-CD4BE732A818:[d91d0ace-0381-48bb-882b-2a0860df1015:192.168.30.53:37802] with ContainerStateMachine:uninitialized
2019-10-08 18:31:22,910 [pool-449-thread-1] INFO  server.RaftServerConfigKeys (ConfUtils.java:logGet(43)) - raft.server.rpc.timeout.min = 5s (custom)
2019-10-08 18:31:22,910 [pool-449-thread-1] INFO  server.RaftServerConfigKeys (ConfUtils.java:logGet(43)) - raft.server.rpc.timeout.max = 5200ms (custom)
2019-10-08 18:31:22,910 [pool-449-thread-1] INFO  server.RaftServerConfigKeys (ConfUtils.java:logGet(43)) - raft.server.rpcslowness.timeout = 120s (custom)
2019-10-08 18:31:22,910 [pool-449-thread-1] INFO  server.RaftServerConfigKeys (ConfUtils.java:logGet(43)) - raft.server.sleep.deviation.threshold = 300 (default)
2019-10-08 18:31:22,910 [pool-449-thread-1] INFO  server.RaftServerConfigKeys (ConfUtils.java:logGet(43)) - raft.server.log.appender.install.snapshot.enabled = false (custom)
2019-10-08 18:31:22,910 [pool-449-thread-1] INFO  impl.RaftServerImpl (ServerState.java:<init>(103)) - d91d0ace-0381-48bb-882b-2a0860df1015@group-CD4BE732A818: ConfigurationManager, init=-1: [d91d0ace-0381-48bb-882b-2a0860df1015:192.168.30.53:37802], old=null, confs=<EMPTY_MAP>
2019-10-08 18:31:22,910 [pool-449-thread-1] INFO  server.RaftServerConfigKeys (ConfUtils.java:logGet(43)) - raft.server.storage.dir = [/workdir/hadoop-ozone/integration-test/target/test-dir/MiniOzoneClusterImpl-a711281c-616f-488d-a7dc-db87a594177d/datanode-4/data/ratis] (custom)
2019-10-08 18:31:22,910 [pool-449-thread-1] INFO  server.RaftServerConfigKeys (ConfUtils.java:logGet(43)) - raft.server.log.corruption.policy = EXCEPTION (default)
2019-10-08 18:31:22,911 [pool-449-thread-1] INFO  storage.RaftStorageDirectory (RaftStorageDirectory.java:analyzeStorage(246)) - The storage directory /workdir/hadoop-ozone/integration-test/target/test-dir/MiniOzoneClusterImpl-a711281c-616f-488d-a7dc-db87a594177d/datanode-4/data/ratis/d89ee2bd-0dd7-4833-b9d2-cd4be732a818 does not exist. Creating ...
2019-10-08 18:31:22,923 [pool-449-thread-1] INFO  storage.RaftStorageDirectory (RaftStorageDirectory.java:tryLock(328)) - Lock on /workdir/hadoop-ozone/integration-test/target/test-dir/MiniOzoneClusterImpl-a711281c-616f-488d-a7dc-db87a594177d/datanode-4/data/ratis/d89ee2bd-0dd7-4833-b9d2-cd4be732a818/in_use.lock acquired by nodename 22033@pr-hdds-1984-jmsdc-1452173494
2019-10-08 18:31:22,936 [pool-449-thread-1] INFO  storage.RaftStorage (RaftStorage.java:format(84)) - Storage directory /workdir/hadoop-ozone/integration-test/target/test-dir/MiniOzoneClusterImpl-a711281c-616f-488d-a7dc-db87a594177d/datanode-4/data/ratis/d89ee2bd-0dd7-4833-b9d2-cd4be732a818 has been successfully formatted.
2019-10-08 18:31:22,937 [pool-449-thread-1] INFO  ratis.ContainerStateMachine (ContainerStateMachine.java:loadSnapshot(231)) - group-CD4BE732A818: The snapshot info is null. Setting the last applied indexto:(t:0, i:~)
2019-10-08 18:31:22,937 [pool-449-thread-1] INFO  server.RaftServerConfigKeys (ConfUtils.java:logGet(43)) - raft.server.notification.no-leader.timeout = 120s (custom)
2019-10-08 18:31:22,937 [pool-449-thread-1] INFO  server.RaftServerConfigKeys (ConfUtils.java:logGet(43)) - raft.server.log.use.memory = false (default)
2019-10-08 18:31:22,937 [pool-449-thread-1] INFO  server.RaftServerConfigKeys (ConfUtils.java:logGet(43)) - raft.server.log.purge.gap = 1000000 (custom)
2019-10-08 18:31:22,937 [pool-449-thread-1] INFO  server.RaftServerConfigKeys (ConfUtils.java:logGet(43)) - raft.server.log.appender.buffer.byte-limit = 33554432 (custom)
2019-10-08 18:31:22,937 [pool-449-thread-1] INFO  server.RaftServerConfigKeys (ConfUtils.java:logGet(43)) - raft.server.log.segment.size.max = 1048576 (custom)
2019-10-08 18:31:22,938 [pool-449-thread-1] INFO  server.RaftServerConfigKeys (ConfUtils.java:logGet(43)) - raft.server.log.segment.cache.num.max = 2 (custom)
2019-10-08 18:31:22,938 [pool-449-thread-1] INFO  segmented.SegmentedRaftLogWorker (SegmentedRaftLogWorker.java:<init>(173)) - new d91d0ace-0381-48bb-882b-2a0860df1015@group-CD4BE732A818-SegmentedRaftLogWorker for RaftStorage:Storage Directory /workdir/hadoop-ozone/integration-test/target/test-dir/MiniOzoneClusterImpl-a711281c-616f-488d-a7dc-db87a594177d/datanode-4/data/ratis/d89ee2bd-0dd7-4833-b9d2-cd4be732a818
2019-10-08 18:31:22,939 [pool-449-thread-1] INFO  server.RaftServerConfigKeys (ConfUtils.java:logGet(43)) - raft.server.log.queue.byte-limit = 2147483647 (custom)
2019-10-08 18:31:22,939 [pool-449-thread-1] INFO  server.RaftServerConfigKeys (ConfUtils.java:logGet(43)) - raft.server.log.queue.element-limit = 1024 (custom)
2019-10-08 18:31:22,939 [pool-449-thread-1] INFO  server.RaftServerConfigKeys (ConfUtils.java:logGet(43)) - raft.server.log.segment.size.max = 1048576 (custom)
2019-10-08 18:31:22,939 [pool-449-thread-1] INFO  server.RaftServerConfigKeys (ConfUtils.java:logGet(43)) - raft.server.log.preallocated.size = 16384 (custom)
2019-10-08 18:31:22,939 [pool-449-thread-1] INFO  server.RaftServerConfigKeys (ConfUtils.java:logGet(43)) - raft.server.log.write.buffer.size = 33554432 (custom)
2019-10-08 18:31:22,939 [pool-449-thread-1] INFO  server.RaftServerConfigKeys (ConfUtils.java:logGet(43)) - raft.server.log.force.sync.num = 128 (default)
2019-10-08 18:31:22,939 [pool-449-thread-1] INFO  server.RaftServerConfigKeys (ConfUtils.java:logGet(43)) - raft.server.log.statemachine.data.sync = true (default)
2019-10-08 18:31:22,939 [pool-449-thread-1] INFO  server.RaftServerConfigKeys (ConfUtils.java:logGet(43)) - raft.server.log.statemachine.data.sync.timeout = 10s (default)
2019-10-08 18:31:22,939 [pool-449-thread-1] INFO  server.RaftServerConfigKeys (ConfUtils.java:logGet(43)) - raft.server.log.statemachine.data.sync.timeout.retry = -1 (default)
2019-10-08 18:31:22,940 [pool-449-thread-1] INFO  server.RaftServerConfigKeys (ConfUtils.java:logGet(43)) - raft.server.log.statemachine.data.caching.enabled = true (custom)
2019-10-08 18:31:22,940 [pool-449-thread-1] INFO  segmented.SegmentedRaftLogWorker (SegmentedRaftLogWorker.java:lambda$new$0(128)) - d91d0ace-0381-48bb-882b-2a0860df1015@group-CD4BE732A818-SegmentedRaftLogWorker: flushIndex: setUnconditionally 0 -> -1
2019-10-08 18:31:22,940 [pool-449-thread-1] INFO  server.RaftServerConfigKeys (ConfUtils.java:logGet(43)) - raft.server.snapshot.auto.trigger.enabled = true (custom)
2019-10-08 18:31:22,940 [pool-449-thread-1] INFO  server.RaftServerConfigKeys (ConfUtils.java:logGet(43)) - raft.server.snapshot.auto.trigger.threshold = 10000 (custom)
2019-10-08 18:31:22,940 [pool-449-thread-1] INFO  server.RaftServerConfigKeys (ConfUtils.java:logGet(43)) - raft.server.snapshot.retention.file.num = 5 (custom)
2019-10-08 18:31:22,940 [pool-449-thread-1] INFO  server.RaftServerConfigKeys (ConfUtils.java:logGet(43)) - raft.server.retrycache.expirytime = 600000ms (custom)
2019-10-08 18:31:22,941 [pool-449-thread-1] INFO  impl.RaftServerImpl (RaftServerImpl.java:start(181)) - d91d0ace-0381-48bb-882b-2a0860df1015@group-CD4BE732A818: start as a follower, conf=-1: [d91d0ace-0381-48bb-882b-2a0860df1015:192.168.30.53:37802], old=null
2019-10-08 18:31:22,942 [pool-449-thread-1] INFO  impl.RaftServerImpl (RaftServerImpl.java:setRole(170)) - d91d0ace-0381-48bb-882b-2a0860df1015@group-CD4BE732A818: changes role from      null to FOLLOWER at term 0 for startAsFollower
2019-10-08 18:31:22,942 [pool-449-thread-1] INFO  impl.RoleInfo (RoleInfo.java:updateAndGet(143)) - d91d0ace-0381-48bb-882b-2a0860df1015: start FollowerState
2019-10-08 18:31:22,942 [pool-449-thread-1] INFO  util.JmxRegister (JmxRegister.java:tryRegister(44)) - Successfully registered JMX Bean with object name Ratis:service=RaftServer,group=group-CD4BE732A818,id=d91d0ace-0381-48bb-882b-2a0860df1015
2019-10-08 18:31:22,946 [RatisPipelineUtilsThread] INFO  pipeline.PipelineStateManager (PipelineStateManager.java:addPipeline(56)) - Created pipeline Pipeline[ Id: d89ee2bd-0dd7-4833-b9d2-cd4be732a818, Nodes: d91d0ace-0381-48bb-882b-2a0860df1015{ip: 192.168.30.53, host: pr-hdds-1984-jmsdc-1452173494, networkLocation: /default-rack, certSerialId: null}, Type:RATIS, Factor:ONE, State:OPEN]
2019-10-08 18:31:22,952 [grpc-default-executor-6] INFO  impl.RaftServerProxy (RaftServerProxy.java:addNew(89)) - c7cca4f6-1bfa-4200-b1ab-67aa819ae437: addNew group-C2C589E69BF4:[c7cca4f6-1bfa-4200-b1ab-67aa819ae437:192.168.30.53:33399] returns group-C2C589E69BF4:java.util.concurrent.CompletableFuture@4b5fd4b[Not completed]
2019-10-08 18:31:22,953 [pool-439-thread-1] INFO  impl.RaftServerImpl (RaftServerImpl.java:<init>(95)) - c7cca4f6-1bfa-4200-b1ab-67aa819ae437: new RaftServerImpl for group-C2C589E69BF4:[c7cca4f6-1bfa-4200-b1ab-67aa819ae437:192.168.30.53:33399] with ContainerStateMachine:uninitialized
2019-10-08 18:31:22,953 [pool-439-thread-1] INFO  server.RaftServerConfigKeys (ConfUtils.java:logGet(43)) - raft.server.rpc.timeout.min = 5s (custom)
2019-10-08 18:31:22,953 [pool-439-thread-1] INFO  server.RaftServerConfigKeys (ConfUtils.java:logGet(43)) - raft.server.rpc.timeout.max = 5200ms (custom)
2019-10-08 18:31:22,953 [pool-439-thread-1] INFO  server.RaftServerConfigKeys (ConfUtils.java:logGet(43)) - raft.server.rpcslowness.timeout = 120s (custom)
2019-10-08 18:31:22,953 [pool-439-thread-1] INFO  server.RaftServerConfigKeys (ConfUtils.java:logGet(43)) - raft.server.sleep.deviation.threshold = 300 (default)
2019-10-08 18:31:22,953 [pool-439-thread-1] INFO  server.RaftServerConfigKeys (ConfUtils.java:logGet(43)) - raft.server.log.appender.install.snapshot.enabled = false (custom)
2019-10-08 18:31:22,953 [pool-439-thread-1] INFO  impl.RaftServerImpl (ServerState.java:<init>(103)) - c7cca4f6-1bfa-4200-b1ab-67aa819ae437@group-C2C589E69BF4: ConfigurationManager, init=-1: [c7cca4f6-1bfa-4200-b1ab-67aa819ae437:192.168.30.53:33399], old=null, confs=<EMPTY_MAP>
2019-10-08 18:31:22,953 [pool-439-thread-1] INFO  server.RaftServerConfigKeys (ConfUtils.java:logGet(43)) - raft.server.storage.dir = [/workdir/hadoop-ozone/integration-test/target/test-dir/MiniOzoneClusterImpl-a711281c-616f-488d-a7dc-db87a594177d/datanode-3/data/ratis] (custom)
2019-10-08 18:31:22,954 [pool-439-thread-1] INFO  server.RaftServerConfigKeys (ConfUtils.java:logGet(43)) - raft.server.log.corruption.policy = EXCEPTION (default)
2019-10-08 18:31:22,954 [pool-439-thread-1] INFO  storage.RaftStorageDirectory (RaftStorageDirectory.java:analyzeStorage(246)) - The storage directory /workdir/hadoop-ozone/integration-test/target/test-dir/MiniOzoneClusterImpl-a711281c-616f-488d-a7dc-db87a594177d/datanode-3/data/ratis/c9b978f0-42ab-41fc-a1f7-c2c589e69bf4 does not exist. Creating ...
2019-10-08 18:31:22,964 [IPC Server handler 2 on 32818] INFO  net.NetworkTopology (NetworkTopologyImpl.java:add(111)) - Added a new node: /default-rack/36215749-b551-4309-8afb-92be44d31dcc
2019-10-08 18:31:22,964 [IPC Server handler 2 on 32818] INFO  node.SCMNodeManager (SCMNodeManager.java:register(268)) - Registered Data node : 36215749-b551-4309-8afb-92be44d31dcc{ip: 192.168.30.53, host: pr-hdds-1984-jmsdc-1452173494, networkLocation: /default-rack, certSerialId: null}
2019-10-08 18:31:22,967 [pool-439-thread-1] INFO  storage.RaftStorageDirectory (RaftStorageDirectory.java:tryLock(328)) - Lock on /workdir/hadoop-ozone/integration-test/target/test-dir/MiniOzoneClusterImpl-a711281c-616f-488d-a7dc-db87a594177d/datanode-3/data/ratis/c9b978f0-42ab-41fc-a1f7-c2c589e69bf4/in_use.lock acquired by nodename 22033@pr-hdds-1984-jmsdc-1452173494
2019-10-08 18:31:22,979 [pool-439-thread-1] INFO  storage.RaftStorage (RaftStorage.java:format(84)) - Storage directory /workdir/hadoop-ozone/integration-test/target/test-dir/MiniOzoneClusterImpl-a711281c-616f-488d-a7dc-db87a594177d/datanode-3/data/ratis/c9b978f0-42ab-41fc-a1f7-c2c589e69bf4 has been successfully formatted.
2019-10-08 18:31:22,980 [pool-439-thread-1] INFO  ratis.ContainerStateMachine (ContainerStateMachine.java:loadSnapshot(231)) - group-C2C589E69BF4: The snapshot info is null. Setting the last applied indexto:(t:0, i:~)
2019-10-08 18:31:22,980 [pool-439-thread-1] INFO  server.RaftServerConfigKeys (ConfUtils.java:logGet(43)) - raft.server.notification.no-leader.timeout = 120s (custom)
2019-10-08 18:31:22,980 [pool-439-thread-1] INFO  server.RaftServerConfigKeys (ConfUtils.java:logGet(43)) - raft.server.log.use.memory = false (default)
2019-10-08 18:31:22,980 [pool-439-thread-1] INFO  server.RaftServerConfigKeys (ConfUtils.java:logGet(43)) - raft.server.log.purge.gap = 1000000 (custom)
2019-10-08 18:31:22,980 [pool-439-thread-1] INFO  server.RaftServerConfigKeys (ConfUtils.java:logGet(43)) - raft.server.log.appender.buffer.byte-limit = 33554432 (custom)
2019-10-08 18:31:22,980 [pool-439-thread-1] INFO  server.RaftServerConfigKeys (ConfUtils.java:logGet(43)) - raft.server.log.segment.size.max = 1048576 (custom)
2019-10-08 18:31:22,981 [pool-439-thread-1] INFO  server.RaftServerConfigKeys (ConfUtils.java:logGet(43)) - raft.server.log.segment.cache.num.max = 2 (custom)
2019-10-08 18:31:22,981 [pool-439-thread-1] INFO  segmented.SegmentedRaftLogWorker (SegmentedRaftLogWorker.java:<init>(173)) - new c7cca4f6-1bfa-4200-b1ab-67aa819ae437@group-C2C589E69BF4-SegmentedRaftLogWorker for RaftStorage:Storage Directory /workdir/hadoop-ozone/integration-test/target/test-dir/MiniOzoneClusterImpl-a711281c-616f-488d-a7dc-db87a594177d/datanode-3/data/ratis/c9b978f0-42ab-41fc-a1f7-c2c589e69bf4
2019-10-08 18:31:22,981 [pool-439-thread-1] INFO  server.RaftServerConfigKeys (ConfUtils.java:logGet(43)) - raft.server.log.queue.byte-limit = 2147483647 (custom)
2019-10-08 18:31:22,982 [pool-439-thread-1] INFO  server.RaftServerConfigKeys (ConfUtils.java:logGet(43)) - raft.server.log.queue.element-limit = 1024 (custom)
2019-10-08 18:31:22,982 [pool-439-thread-1] INFO  server.RaftServerConfigKeys (ConfUtils.java:logGet(43)) - raft.server.log.segment.size.max = 1048576 (custom)
2019-10-08 18:31:22,982 [pool-439-thread-1] INFO  server.RaftServerConfigKeys (ConfUtils.java:logGet(43)) - raft.server.log.preallocated.size = 16384 (custom)
2019-10-08 18:31:22,982 [pool-439-thread-1] INFO  server.RaftServerConfigKeys (ConfUtils.java:logGet(43)) - raft.server.log.write.buffer.size = 33554432 (custom)
2019-10-08 18:31:22,982 [pool-439-thread-1] INFO  server.RaftServerConfigKeys (ConfUtils.java:logGet(43)) - raft.server.log.force.sync.num = 128 (default)
2019-10-08 18:31:22,982 [pool-439-thread-1] INFO  server.RaftServerConfigKeys (ConfUtils.java:logGet(43)) - raft.server.log.statemachine.data.sync = true (default)
2019-10-08 18:31:22,982 [pool-439-thread-1] INFO  server.RaftServerConfigKeys (ConfUtils.java:logGet(43)) - raft.server.log.statemachine.data.sync.timeout = 10s (default)
2019-10-08 18:31:22,982 [pool-439-thread-1] INFO  server.RaftServerConfigKeys (ConfUtils.java:logGet(43)) - raft.server.log.statemachine.data.sync.timeout.retry = -1 (default)
2019-10-08 18:31:22,982 [pool-439-thread-1] INFO  server.RaftServerConfigKeys (ConfUtils.java:logGet(43)) - raft.server.log.statemachine.data.caching.enabled = true (custom)
2019-10-08 18:31:22,983 [pool-439-thread-1] INFO  segmented.SegmentedRaftLogWorker (SegmentedRaftLogWorker.java:lambda$new$0(128)) - c7cca4f6-1bfa-4200-b1ab-67aa819ae437@group-C2C589E69BF4-SegmentedRaftLogWorker: flushIndex: setUnconditionally 0 -> -1
2019-10-08 18:31:22,983 [pool-439-thread-1] INFO  server.RaftServerConfigKeys (ConfUtils.java:logGet(43)) - raft.server.snapshot.auto.trigger.enabled = true (custom)
2019-10-08 18:31:22,983 [pool-439-thread-1] INFO  server.RaftServerConfigKeys (ConfUtils.java:logGet(43)) - raft.server.snapshot.auto.trigger.threshold = 10000 (custom)
2019-10-08 18:31:22,983 [pool-439-thread-1] INFO  server.RaftServerConfigKeys (ConfUtils.java:logGet(43)) - raft.server.snapshot.retention.file.num = 5 (custom)
2019-10-08 18:31:22,983 [pool-439-thread-1] INFO  server.RaftServerConfigKeys (ConfUtils.java:logGet(43)) - raft.server.retrycache.expirytime = 600000ms (custom)
2019-10-08 18:31:22,984 [pool-439-thread-1] INFO  impl.RaftServerImpl (RaftServerImpl.java:start(181)) - c7cca4f6-1bfa-4200-b1ab-67aa819ae437@group-C2C589E69BF4: start as a follower, conf=-1: [c7cca4f6-1bfa-4200-b1ab-67aa819ae437:192.168.30.53:33399], old=null
2019-10-08 18:31:22,984 [pool-439-thread-1] INFO  impl.RaftServerImpl (RaftServerImpl.java:setRole(170)) - c7cca4f6-1bfa-4200-b1ab-67aa819ae437@group-C2C589E69BF4: changes role from      null to FOLLOWER at term 0 for startAsFollower
2019-10-08 18:31:22,985 [pool-439-thread-1] INFO  impl.RoleInfo (RoleInfo.java:updateAndGet(143)) - c7cca4f6-1bfa-4200-b1ab-67aa819ae437: start FollowerState
2019-10-08 18:31:22,985 [pool-439-thread-1] INFO  util.JmxRegister (JmxRegister.java:tryRegister(44)) - Successfully registered JMX Bean with object name Ratis:service=RaftServer,group=group-C2C589E69BF4,id=c7cca4f6-1bfa-4200-b1ab-67aa819ae437
2019-10-08 18:31:22,988 [RatisPipelineUtilsThread] INFO  pipeline.PipelineStateManager (PipelineStateManager.java:addPipeline(56)) - Created pipeline Pipeline[ Id: c9b978f0-42ab-41fc-a1f7-c2c589e69bf4, Nodes: c7cca4f6-1bfa-4200-b1ab-67aa819ae437{ip: 192.168.30.53, host: pr-hdds-1984-jmsdc-1452173494, networkLocation: /default-rack, certSerialId: null}, Type:RATIS, Factor:ONE, State:OPEN]
2019-10-08 18:31:22,993 [grpc-default-executor-6] INFO  impl.RaftServerProxy (RaftServerProxy.java:addNew(89)) - 36215749-b551-4309-8afb-92be44d31dcc: addNew group-3A085EFD3D40:[36215749-b551-4309-8afb-92be44d31dcc:192.168.30.53:44386] returns group-3A085EFD3D40:java.util.concurrent.CompletableFuture@fbfd821[Not completed]
2019-10-08 18:31:22,995 [pool-459-thread-1] INFO  impl.RaftServerImpl (RaftServerImpl.java:<init>(95)) - 36215749-b551-4309-8afb-92be44d31dcc: new RaftServerImpl for group-3A085EFD3D40:[36215749-b551-4309-8afb-92be44d31dcc:192.168.30.53:44386] with ContainerStateMachine:uninitialized
2019-10-08 18:31:22,995 [pool-459-thread-1] INFO  server.RaftServerConfigKeys (ConfUtils.java:logGet(43)) - raft.server.rpc.timeout.min = 5s (custom)
2019-10-08 18:31:22,995 [pool-459-thread-1] INFO  server.RaftServerConfigKeys (ConfUtils.java:logGet(43)) - raft.server.rpc.timeout.max = 5200ms (custom)
2019-10-08 18:31:22,995 [pool-459-thread-1] INFO  server.RaftServerConfigKeys (ConfUtils.java:logGet(43)) - raft.server.rpcslowness.timeout = 120s (custom)
2019-10-08 18:31:22,995 [pool-459-thread-1] INFO  server.RaftServerConfigKeys (ConfUtils.java:logGet(43)) - raft.server.sleep.deviation.threshold = 300 (default)
2019-10-08 18:31:22,995 [pool-459-thread-1] INFO  server.RaftServerConfigKeys (ConfUtils.java:logGet(43)) - raft.server.log.appender.install.snapshot.enabled = false (custom)
2019-10-08 18:31:22,995 [pool-459-thread-1] INFO  impl.RaftServerImpl (ServerState.java:<init>(103)) - 36215749-b551-4309-8afb-92be44d31dcc@group-3A085EFD3D40: ConfigurationManager, init=-1: [36215749-b551-4309-8afb-92be44d31dcc:192.168.30.53:44386], old=null, confs=<EMPTY_MAP>
2019-10-08 18:31:22,995 [pool-459-thread-1] INFO  server.RaftServerConfigKeys (ConfUtils.java:logGet(43)) - raft.server.storage.dir = [/workdir/hadoop-ozone/integration-test/target/test-dir/MiniOzoneClusterImpl-a711281c-616f-488d-a7dc-db87a594177d/datanode-5/data/ratis] (custom)
2019-10-08 18:31:22,996 [pool-459-thread-1] INFO  server.RaftServerConfigKeys (ConfUtils.java:logGet(43)) - raft.server.log.corruption.policy = EXCEPTION (default)
2019-10-08 18:31:22,996 [pool-459-thread-1] INFO  storage.RaftStorageDirectory (RaftStorageDirectory.java:analyzeStorage(246)) - The storage directory /workdir/hadoop-ozone/integration-test/target/test-dir/MiniOzoneClusterImpl-a711281c-616f-488d-a7dc-db87a594177d/datanode-5/data/ratis/e2dbfe5c-9771-49dd-bd30-3a085efd3d40 does not exist. Creating ...
2019-10-08 18:31:23,009 [pool-459-thread-1] INFO  storage.RaftStorageDirectory (RaftStorageDirectory.java:tryLock(328)) - Lock on /workdir/hadoop-ozone/integration-test/target/test-dir/MiniOzoneClusterImpl-a711281c-616f-488d-a7dc-db87a594177d/datanode-5/data/ratis/e2dbfe5c-9771-49dd-bd30-3a085efd3d40/in_use.lock acquired by nodename 22033@pr-hdds-1984-jmsdc-1452173494
2019-10-08 18:31:23,021 [pool-459-thread-1] INFO  storage.RaftStorage (RaftStorage.java:format(84)) - Storage directory /workdir/hadoop-ozone/integration-test/target/test-dir/MiniOzoneClusterImpl-a711281c-616f-488d-a7dc-db87a594177d/datanode-5/data/ratis/e2dbfe5c-9771-49dd-bd30-3a085efd3d40 has been successfully formatted.
2019-10-08 18:31:23,021 [pool-459-thread-1] INFO  ratis.ContainerStateMachine (ContainerStateMachine.java:loadSnapshot(231)) - group-3A085EFD3D40: The snapshot info is null. Setting the last applied indexto:(t:0, i:~)
2019-10-08 18:31:23,021 [pool-459-thread-1] INFO  server.RaftServerConfigKeys (ConfUtils.java:logGet(43)) - raft.server.notification.no-leader.timeout = 120s (custom)
2019-10-08 18:31:23,021 [pool-459-thread-1] INFO  server.RaftServerConfigKeys (ConfUtils.java:logGet(43)) - raft.server.log.use.memory = false (default)
2019-10-08 18:31:23,022 [pool-459-thread-1] INFO  server.RaftServerConfigKeys (ConfUtils.java:logGet(43)) - raft.server.log.purge.gap = 1000000 (custom)
2019-10-08 18:31:23,022 [pool-459-thread-1] INFO  server.RaftServerConfigKeys (ConfUtils.java:logGet(43)) - raft.server.log.appender.buffer.byte-limit = 33554432 (custom)
2019-10-08 18:31:23,022 [pool-459-thread-1] INFO  server.RaftServerConfigKeys (ConfUtils.java:logGet(43)) - raft.server.log.segment.size.max = 1048576 (custom)
2019-10-08 18:31:23,023 [pool-459-thread-1] INFO  server.RaftServerConfigKeys (ConfUtils.java:logGet(43)) - raft.server.log.segment.cache.num.max = 2 (custom)
2019-10-08 18:31:23,023 [pool-459-thread-1] INFO  segmented.SegmentedRaftLogWorker (SegmentedRaftLogWorker.java:<init>(173)) - new 36215749-b551-4309-8afb-92be44d31dcc@group-3A085EFD3D40-SegmentedRaftLogWorker for RaftStorage:Storage Directory /workdir/hadoop-ozone/integration-test/target/test-dir/MiniOzoneClusterImpl-a711281c-616f-488d-a7dc-db87a594177d/datanode-5/data/ratis/e2dbfe5c-9771-49dd-bd30-3a085efd3d40
2019-10-08 18:31:23,023 [pool-459-thread-1] INFO  server.RaftServerConfigKeys (ConfUtils.java:logGet(43)) - raft.server.log.queue.byte-limit = 2147483647 (custom)
2019-10-08 18:31:23,023 [pool-459-thread-1] INFO  server.RaftServerConfigKeys (ConfUtils.java:logGet(43)) - raft.server.log.queue.element-limit = 1024 (custom)
2019-10-08 18:31:23,023 [pool-459-thread-1] INFO  server.RaftServerConfigKeys (ConfUtils.java:logGet(43)) - raft.server.log.segment.size.max = 1048576 (custom)
2019-10-08 18:31:23,024 [pool-459-thread-1] INFO  server.RaftServerConfigKeys (ConfUtils.java:logGet(43)) - raft.server.log.preallocated.size = 16384 (custom)
2019-10-08 18:31:23,024 [pool-459-thread-1] INFO  server.RaftServerConfigKeys (ConfUtils.java:logGet(43)) - raft.server.log.write.buffer.size = 33554432 (custom)
2019-10-08 18:31:23,024 [pool-459-thread-1] INFO  server.RaftServerConfigKeys (ConfUtils.java:logGet(43)) - raft.server.log.force.sync.num = 128 (default)
2019-10-08 18:31:23,024 [pool-459-thread-1] INFO  server.RaftServerConfigKeys (ConfUtils.java:logGet(43)) - raft.server.log.statemachine.data.sync = true (default)
2019-10-08 18:31:23,024 [pool-459-thread-1] INFO  server.RaftServerConfigKeys (ConfUtils.java:logGet(43)) - raft.server.log.statemachine.data.sync.timeout = 10s (default)
2019-10-08 18:31:23,024 [pool-459-thread-1] INFO  server.RaftServerConfigKeys (ConfUtils.java:logGet(43)) - raft.server.log.statemachine.data.sync.timeout.retry = -1 (default)
2019-10-08 18:31:23,024 [pool-459-thread-1] INFO  server.RaftServerConfigKeys (ConfUtils.java:logGet(43)) - raft.server.log.statemachine.data.caching.enabled = true (custom)
2019-10-08 18:31:23,024 [pool-459-thread-1] INFO  segmented.SegmentedRaftLogWorker (SegmentedRaftLogWorker.java:lambda$new$0(128)) - 36215749-b551-4309-8afb-92be44d31dcc@group-3A085EFD3D40-SegmentedRaftLogWorker: flushIndex: setUnconditionally 0 -> -1
2019-10-08 18:31:23,025 [pool-459-thread-1] INFO  server.RaftServerConfigKeys (ConfUtils.java:logGet(43)) - raft.server.snapshot.auto.trigger.enabled = true (custom)
2019-10-08 18:31:23,025 [pool-459-thread-1] INFO  server.RaftServerConfigKeys (ConfUtils.java:logGet(43)) - raft.server.snapshot.auto.trigger.threshold = 10000 (custom)
2019-10-08 18:31:23,025 [pool-459-thread-1] INFO  server.RaftServerConfigKeys (ConfUtils.java:logGet(43)) - raft.server.snapshot.retention.file.num = 5 (custom)
2019-10-08 18:31:23,025 [pool-459-thread-1] INFO  server.RaftServerConfigKeys (ConfUtils.java:logGet(43)) - raft.server.retrycache.expirytime = 600000ms (custom)
2019-10-08 18:31:23,026 [IPC Server handler 3 on 32818] INFO  net.NetworkTopology (NetworkTopologyImpl.java:add(111)) - Added a new node: /default-rack/24dbaaa5-bd22-4331-ada3-a030212e6dab
2019-10-08 18:31:23,026 [IPC Server handler 3 on 32818] INFO  node.SCMNodeManager (SCMNodeManager.java:register(268)) - Registered Data node : 24dbaaa5-bd22-4331-ada3-a030212e6dab{ip: 192.168.30.53, host: pr-hdds-1984-jmsdc-1452173494, networkLocation: /default-rack, certSerialId: null}
2019-10-08 18:31:23,026 [main] INFO  ozone.MiniOzoneClusterImpl (MiniOzoneClusterImpl.java:lambda$waitForClusterToBeReady$0(147)) - Cluster is ready. Got 7 of 7 DN Heartbeats.
2019-10-08 18:31:23,027 [pool-459-thread-1] INFO  impl.RaftServerImpl (RaftServerImpl.java:start(181)) - 36215749-b551-4309-8afb-92be44d31dcc@group-3A085EFD3D40: start as a follower, conf=-1: [36215749-b551-4309-8afb-92be44d31dcc:192.168.30.53:44386], old=null
2019-10-08 18:31:23,027 [pool-459-thread-1] INFO  impl.RaftServerImpl (RaftServerImpl.java:setRole(170)) - 36215749-b551-4309-8afb-92be44d31dcc@group-3A085EFD3D40: changes role from      null to FOLLOWER at term 0 for startAsFollower
2019-10-08 18:31:23,027 [pool-459-thread-1] INFO  impl.RoleInfo (RoleInfo.java:updateAndGet(143)) - 36215749-b551-4309-8afb-92be44d31dcc: start FollowerState
2019-10-08 18:31:23,028 [pool-459-thread-1] INFO  util.JmxRegister (JmxRegister.java:tryRegister(44)) - Successfully registered JMX Bean with object name Ratis:service=RaftServer,group=group-3A085EFD3D40,id=36215749-b551-4309-8afb-92be44d31dcc
2019-10-08 18:31:23,038 [RatisPipelineUtilsThread] INFO  pipeline.PipelineStateManager (PipelineStateManager.java:addPipeline(56)) - Created pipeline Pipeline[ Id: e2dbfe5c-9771-49dd-bd30-3a085efd3d40, Nodes: 36215749-b551-4309-8afb-92be44d31dcc{ip: 192.168.30.53, host: pr-hdds-1984-jmsdc-1452173494, networkLocation: /default-rack, certSerialId: null}, Type:RATIS, Factor:ONE, State:OPEN]
2019-10-08 18:31:23,061 [grpc-default-executor-6] INFO  impl.RaftServerProxy (RaftServerProxy.java:addNew(89)) - 24dbaaa5-bd22-4331-ada3-a030212e6dab: addNew group-A5D8024FBB00:[24dbaaa5-bd22-4331-ada3-a030212e6dab:192.168.30.53:42763] returns group-A5D8024FBB00:java.util.concurrent.CompletableFuture@72242103[Not completed]
2019-10-08 18:31:23,063 [pool-469-thread-1] INFO  impl.RaftServerImpl (RaftServerImpl.java:<init>(95)) - 24dbaaa5-bd22-4331-ada3-a030212e6dab: new RaftServerImpl for group-A5D8024FBB00:[24dbaaa5-bd22-4331-ada3-a030212e6dab:192.168.30.53:42763] with ContainerStateMachine:uninitialized
2019-10-08 18:31:23,063 [pool-469-thread-1] INFO  server.RaftServerConfigKeys (ConfUtils.java:logGet(43)) - raft.server.rpc.timeout.min = 5s (custom)
2019-10-08 18:31:23,063 [pool-469-thread-1] INFO  server.RaftServerConfigKeys (ConfUtils.java:logGet(43)) - raft.server.rpc.timeout.max = 5200ms (custom)
2019-10-08 18:31:23,063 [pool-469-thread-1] INFO  server.RaftServerConfigKeys (ConfUtils.java:logGet(43)) - raft.server.rpcslowness.timeout = 120s (custom)
2019-10-08 18:31:23,063 [pool-469-thread-1] INFO  server.RaftServerConfigKeys (ConfUtils.java:logGet(43)) - raft.server.sleep.deviation.threshold = 300 (default)
2019-10-08 18:31:23,064 [pool-469-thread-1] INFO  server.RaftServerConfigKeys (ConfUtils.java:logGet(43)) - raft.server.log.appender.install.snapshot.enabled = false (custom)
2019-10-08 18:31:23,064 [pool-469-thread-1] INFO  impl.RaftServerImpl (ServerState.java:<init>(103)) - 24dbaaa5-bd22-4331-ada3-a030212e6dab@group-A5D8024FBB00: ConfigurationManager, init=-1: [24dbaaa5-bd22-4331-ada3-a030212e6dab:192.168.30.53:42763], old=null, confs=<EMPTY_MAP>
2019-10-08 18:31:23,064 [pool-469-thread-1] INFO  server.RaftServerConfigKeys (ConfUtils.java:logGet(43)) - raft.server.storage.dir = [/workdir/hadoop-ozone/integration-test/target/test-dir/MiniOzoneClusterImpl-a711281c-616f-488d-a7dc-db87a594177d/datanode-6/data/ratis] (custom)
2019-10-08 18:31:23,064 [pool-469-thread-1] INFO  server.RaftServerConfigKeys (ConfUtils.java:logGet(43)) - raft.server.log.corruption.policy = EXCEPTION (default)
2019-10-08 18:31:23,066 [pool-469-thread-1] INFO  storage.RaftStorageDirectory (RaftStorageDirectory.java:analyzeStorage(246)) - The storage directory /workdir/hadoop-ozone/integration-test/target/test-dir/MiniOzoneClusterImpl-a711281c-616f-488d-a7dc-db87a594177d/datanode-6/data/ratis/5edaac33-e37a-4bc9-8ce7-a5d8024fbb00 does not exist. Creating ...
2019-10-08 18:31:23,068 [main] INFO  rpc.RpcClient (RpcClient.java:createVolume(277)) - Creating Volume: testblockoutputstream, with jenkins1000 as owner.
2019-10-08 18:31:23,072 [IPC Server handler 2 on 40575] INFO  volume.OMVolumeCreateRequest (OMVolumeCreateRequest.java:validateAndUpdateCache(193)) - created volume:testblockoutputstream for user:jenkins1000
2019-10-08 18:31:23,079 [pool-469-thread-1] INFO  storage.RaftStorageDirectory (RaftStorageDirectory.java:tryLock(328)) - Lock on /workdir/hadoop-ozone/integration-test/target/test-dir/MiniOzoneClusterImpl-a711281c-616f-488d-a7dc-db87a594177d/datanode-6/data/ratis/5edaac33-e37a-4bc9-8ce7-a5d8024fbb00/in_use.lock acquired by nodename 22033@pr-hdds-1984-jmsdc-1452173494
2019-10-08 18:31:23,084 [main] INFO  rpc.RpcClient (RpcClient.java:createBucket(416)) - Creating Bucket: testblockoutputstream/testblockoutputstream, with Versioning false and Storage Type set to DISK and Encryption set to false 
2019-10-08 18:31:23,097 [pool-469-thread-1] INFO  storage.RaftStorage (RaftStorage.java:format(84)) - Storage directory /workdir/hadoop-ozone/integration-test/target/test-dir/MiniOzoneClusterImpl-a711281c-616f-488d-a7dc-db87a594177d/datanode-6/data/ratis/5edaac33-e37a-4bc9-8ce7-a5d8024fbb00 has been successfully formatted.
2019-10-08 18:31:23,098 [pool-469-thread-1] INFO  ratis.ContainerStateMachine (ContainerStateMachine.java:loadSnapshot(231)) - group-A5D8024FBB00: The snapshot info is null. Setting the last applied indexto:(t:0, i:~)
2019-10-08 18:31:23,098 [pool-469-thread-1] INFO  server.RaftServerConfigKeys (ConfUtils.java:logGet(43)) - raft.server.notification.no-leader.timeout = 120s (custom)
2019-10-08 18:31:23,099 [pool-469-thread-1] INFO  server.RaftServerConfigKeys (ConfUtils.java:logGet(43)) - raft.server.log.use.memory = false (default)
2019-10-08 18:31:23,099 [pool-469-thread-1] INFO  server.RaftServerConfigKeys (ConfUtils.java:logGet(43)) - raft.server.log.purge.gap = 1000000 (custom)
2019-10-08 18:31:23,099 [pool-469-thread-1] INFO  server.RaftServerConfigKeys (ConfUtils.java:logGet(43)) - raft.server.log.appender.buffer.byte-limit = 33554432 (custom)
2019-10-08 18:31:23,099 [pool-469-thread-1] INFO  server.RaftServerConfigKeys (ConfUtils.java:logGet(43)) - raft.server.log.segment.size.max = 1048576 (custom)
2019-10-08 18:31:23,103 [pool-469-thread-1] INFO  server.RaftServerConfigKeys (ConfUtils.java:logGet(43)) - raft.server.log.segment.cache.num.max = 2 (custom)
2019-10-08 18:31:23,103 [pool-469-thread-1] INFO  segmented.SegmentedRaftLogWorker (SegmentedRaftLogWorker.java:<init>(173)) - new 24dbaaa5-bd22-4331-ada3-a030212e6dab@group-A5D8024FBB00-SegmentedRaftLogWorker for RaftStorage:Storage Directory /workdir/hadoop-ozone/integration-test/target/test-dir/MiniOzoneClusterImpl-a711281c-616f-488d-a7dc-db87a594177d/datanode-6/data/ratis/5edaac33-e37a-4bc9-8ce7-a5d8024fbb00
2019-10-08 18:31:23,104 [pool-469-thread-1] INFO  server.RaftServerConfigKeys (ConfUtils.java:logGet(43)) - raft.server.log.queue.byte-limit = 2147483647 (custom)
2019-10-08 18:31:23,104 [pool-469-thread-1] INFO  server.RaftServerConfigKeys (ConfUtils.java:logGet(43)) - raft.server.log.queue.element-limit = 1024 (custom)
2019-10-08 18:31:23,104 [pool-469-thread-1] INFO  server.RaftServerConfigKeys (ConfUtils.java:logGet(43)) - raft.server.log.segment.size.max = 1048576 (custom)
2019-10-08 18:31:23,104 [pool-469-thread-1] INFO  server.RaftServerConfigKeys (ConfUtils.java:logGet(43)) - raft.server.log.preallocated.size = 16384 (custom)
2019-10-08 18:31:23,104 [pool-469-thread-1] INFO  server.RaftServerConfigKeys (ConfUtils.java:logGet(43)) - raft.server.log.write.buffer.size = 33554432 (custom)
2019-10-08 18:31:23,104 [pool-469-thread-1] INFO  server.RaftServerConfigKeys (ConfUtils.java:logGet(43)) - raft.server.log.force.sync.num = 128 (default)
2019-10-08 18:31:23,104 [pool-469-thread-1] INFO  server.RaftServerConfigKeys (ConfUtils.java:logGet(43)) - raft.server.log.statemachine.data.sync = true (default)
2019-10-08 18:31:23,105 [pool-469-thread-1] INFO  server.RaftServerConfigKeys (ConfUtils.java:logGet(43)) - raft.server.log.statemachine.data.sync.timeout = 10s (default)
2019-10-08 18:31:23,105 [pool-469-thread-1] INFO  server.RaftServerConfigKeys (ConfUtils.java:logGet(43)) - raft.server.log.statemachine.data.sync.timeout.retry = -1 (default)
2019-10-08 18:31:23,105 [pool-469-thread-1] INFO  server.RaftServerConfigKeys (ConfUtils.java:logGet(43)) - raft.server.log.statemachine.data.caching.enabled = true (custom)
2019-10-08 18:31:23,106 [pool-469-thread-1] INFO  segmented.SegmentedRaftLogWorker (SegmentedRaftLogWorker.java:lambda$new$0(128)) - 24dbaaa5-bd22-4331-ada3-a030212e6dab@group-A5D8024FBB00-SegmentedRaftLogWorker: flushIndex: setUnconditionally 0 -> -1
2019-10-08 18:31:23,106 [pool-469-thread-1] INFO  server.RaftServerConfigKeys (ConfUtils.java:logGet(43)) - raft.server.snapshot.auto.trigger.enabled = true (custom)
2019-10-08 18:31:23,106 [pool-469-thread-1] INFO  server.RaftServerConfigKeys (ConfUtils.java:logGet(43)) - raft.server.snapshot.auto.trigger.threshold = 10000 (custom)
2019-10-08 18:31:23,107 [pool-469-thread-1] INFO  server.RaftServerConfigKeys (ConfUtils.java:logGet(43)) - raft.server.snapshot.retention.file.num = 5 (custom)
2019-10-08 18:31:23,107 [pool-469-thread-1] INFO  server.RaftServerConfigKeys (ConfUtils.java:logGet(43)) - raft.server.retrycache.expirytime = 600000ms (custom)
2019-10-08 18:31:23,109 [pool-469-thread-1] INFO  impl.RaftServerImpl (RaftServerImpl.java:start(181)) - 24dbaaa5-bd22-4331-ada3-a030212e6dab@group-A5D8024FBB00: start as a follower, conf=-1: [24dbaaa5-bd22-4331-ada3-a030212e6dab:192.168.30.53:42763], old=null
2019-10-08 18:31:23,109 [pool-469-thread-1] INFO  impl.RaftServerImpl (RaftServerImpl.java:setRole(170)) - 24dbaaa5-bd22-4331-ada3-a030212e6dab@group-A5D8024FBB00: changes role from      null to FOLLOWER at term 0 for startAsFollower
2019-10-08 18:31:23,109 [pool-469-thread-1] INFO  impl.RoleInfo (RoleInfo.java:updateAndGet(143)) - 24dbaaa5-bd22-4331-ada3-a030212e6dab: start FollowerState
2019-10-08 18:31:23,110 [pool-469-thread-1] INFO  util.JmxRegister (JmxRegister.java:tryRegister(44)) - Successfully registered JMX Bean with object name Ratis:service=RaftServer,group=group-A5D8024FBB00,id=24dbaaa5-bd22-4331-ada3-a030212e6dab
2019-10-08 18:31:23,115 [RatisPipelineUtilsThread] INFO  pipeline.PipelineStateManager (PipelineStateManager.java:addPipeline(56)) - Created pipeline Pipeline[ Id: 5edaac33-e37a-4bc9-8ce7-a5d8024fbb00, Nodes: 24dbaaa5-bd22-4331-ada3-a030212e6dab{ip: 192.168.30.53, host: pr-hdds-1984-jmsdc-1452173494, networkLocation: /default-rack, certSerialId: null}, Type:RATIS, Factor:ONE, State:OPEN]
2019-10-08 18:31:23,127 [grpc-default-executor-2] INFO  impl.RaftServerProxy (RaftServerProxy.java:addNew(89)) - d91d0ace-0381-48bb-882b-2a0860df1015: addNew group-5268B700C371:[24dbaaa5-bd22-4331-ada3-a030212e6dab:192.168.30.53:42763, 36215749-b551-4309-8afb-92be44d31dcc:192.168.30.53:44386, d91d0ace-0381-48bb-882b-2a0860df1015:192.168.30.53:37802] returns group-5268B700C371:java.util.concurrent.CompletableFuture@4e777385[Not completed]
2019-10-08 18:31:23,127 [grpc-default-executor-6] INFO  impl.RaftServerProxy (RaftServerProxy.java:addNew(89)) - 24dbaaa5-bd22-4331-ada3-a030212e6dab: addNew group-5268B700C371:[24dbaaa5-bd22-4331-ada3-a030212e6dab:192.168.30.53:42763, 36215749-b551-4309-8afb-92be44d31dcc:192.168.30.53:44386, d91d0ace-0381-48bb-882b-2a0860df1015:192.168.30.53:37802] returns group-5268B700C371:java.util.concurrent.CompletableFuture@7e84a018[Not completed]
2019-10-08 18:31:23,127 [grpc-default-executor-7] INFO  impl.RaftServerProxy (RaftServerProxy.java:addNew(89)) - 36215749-b551-4309-8afb-92be44d31dcc: addNew group-5268B700C371:[24dbaaa5-bd22-4331-ada3-a030212e6dab:192.168.30.53:42763, 36215749-b551-4309-8afb-92be44d31dcc:192.168.30.53:44386, d91d0ace-0381-48bb-882b-2a0860df1015:192.168.30.53:37802] returns group-5268B700C371:java.util.concurrent.CompletableFuture@2fb32e60[Not completed]
2019-10-08 18:31:23,128 [pool-469-thread-1] INFO  impl.RaftServerImpl (RaftServerImpl.java:<init>(95)) - 24dbaaa5-bd22-4331-ada3-a030212e6dab: new RaftServerImpl for group-5268B700C371:[24dbaaa5-bd22-4331-ada3-a030212e6dab:192.168.30.53:42763, 36215749-b551-4309-8afb-92be44d31dcc:192.168.30.53:44386, d91d0ace-0381-48bb-882b-2a0860df1015:192.168.30.53:37802] with ContainerStateMachine:uninitialized
2019-10-08 18:31:23,128 [pool-469-thread-1] INFO  server.RaftServerConfigKeys (ConfUtils.java:logGet(43)) - raft.server.rpc.timeout.min = 5s (custom)
2019-10-08 18:31:23,129 [pool-469-thread-1] INFO  server.RaftServerConfigKeys (ConfUtils.java:logGet(43)) - raft.server.rpc.timeout.max = 5200ms (custom)
2019-10-08 18:31:23,129 [pool-469-thread-1] INFO  server.RaftServerConfigKeys (ConfUtils.java:logGet(43)) - raft.server.rpcslowness.timeout = 120s (custom)
2019-10-08 18:31:23,129 [pool-469-thread-1] INFO  server.RaftServerConfigKeys (ConfUtils.java:logGet(43)) - raft.server.sleep.deviation.threshold = 300 (default)
2019-10-08 18:31:23,129 [pool-469-thread-1] INFO  server.RaftServerConfigKeys (ConfUtils.java:logGet(43)) - raft.server.log.appender.install.snapshot.enabled = false (custom)
2019-10-08 18:31:23,129 [pool-469-thread-1] INFO  impl.RaftServerImpl (ServerState.java:<init>(103)) - 24dbaaa5-bd22-4331-ada3-a030212e6dab@group-5268B700C371: ConfigurationManager, init=-1: [24dbaaa5-bd22-4331-ada3-a030212e6dab:192.168.30.53:42763, 36215749-b551-4309-8afb-92be44d31dcc:192.168.30.53:44386, d91d0ace-0381-48bb-882b-2a0860df1015:192.168.30.53:37802], old=null, confs=<EMPTY_MAP>
2019-10-08 18:31:23,129 [pool-469-thread-1] INFO  server.RaftServerConfigKeys (ConfUtils.java:logGet(43)) - raft.server.storage.dir = [/workdir/hadoop-ozone/integration-test/target/test-dir/MiniOzoneClusterImpl-a711281c-616f-488d-a7dc-db87a594177d/datanode-6/data/ratis] (custom)
2019-10-08 18:31:23,129 [pool-459-thread-1] INFO  impl.RaftServerImpl (RaftServerImpl.java:<init>(95)) - 36215749-b551-4309-8afb-92be44d31dcc: new RaftServerImpl for group-5268B700C371:[24dbaaa5-bd22-4331-ada3-a030212e6dab:192.168.30.53:42763, 36215749-b551-4309-8afb-92be44d31dcc:192.168.30.53:44386, d91d0ace-0381-48bb-882b-2a0860df1015:192.168.30.53:37802] with ContainerStateMachine:uninitialized
2019-10-08 18:31:23,129 [pool-469-thread-1] INFO  server.RaftServerConfigKeys (ConfUtils.java:logGet(43)) - raft.server.log.corruption.policy = EXCEPTION (default)
2019-10-08 18:31:23,129 [pool-459-thread-1] INFO  server.RaftServerConfigKeys (ConfUtils.java:logGet(43)) - raft.server.rpc.timeout.min = 5s (custom)
2019-10-08 18:31:23,129 [pool-469-thread-1] INFO  storage.RaftStorageDirectory (RaftStorageDirectory.java:analyzeStorage(246)) - The storage directory /workdir/hadoop-ozone/integration-test/target/test-dir/MiniOzoneClusterImpl-a711281c-616f-488d-a7dc-db87a594177d/datanode-6/data/ratis/40c702cc-e3c1-4e4e-9562-5268b700c371 does not exist. Creating ...
2019-10-08 18:31:23,130 [pool-449-thread-1] INFO  impl.RaftServerImpl (RaftServerImpl.java:<init>(95)) - d91d0ace-0381-48bb-882b-2a0860df1015: new RaftServerImpl for group-5268B700C371:[24dbaaa5-bd22-4331-ada3-a030212e6dab:192.168.30.53:42763, 36215749-b551-4309-8afb-92be44d31dcc:192.168.30.53:44386, d91d0ace-0381-48bb-882b-2a0860df1015:192.168.30.53:37802] with ContainerStateMachine:uninitialized
2019-10-08 18:31:23,130 [pool-459-thread-1] INFO  server.RaftServerConfigKeys (ConfUtils.java:logGet(43)) - raft.server.rpc.timeout.max = 5200ms (custom)
2019-10-08 18:31:23,130 [pool-449-thread-1] INFO  server.RaftServerConfigKeys (ConfUtils.java:logGet(43)) - raft.server.rpc.timeout.min = 5s (custom)
2019-10-08 18:31:23,130 [pool-459-thread-1] INFO  server.RaftServerConfigKeys (ConfUtils.java:logGet(43)) - raft.server.rpcslowness.timeout = 120s (custom)
2019-10-08 18:31:23,130 [pool-449-thread-1] INFO  server.RaftServerConfigKeys (ConfUtils.java:logGet(43)) - raft.server.rpc.timeout.max = 5200ms (custom)
2019-10-08 18:31:23,130 [pool-459-thread-1] INFO  server.RaftServerConfigKeys (ConfUtils.java:logGet(43)) - raft.server.sleep.deviation.threshold = 300 (default)
2019-10-08 18:31:23,130 [pool-449-thread-1] INFO  server.RaftServerConfigKeys (ConfUtils.java:logGet(43)) - raft.server.rpcslowness.timeout = 120s (custom)
2019-10-08 18:31:23,130 [pool-459-thread-1] INFO  server.RaftServerConfigKeys (ConfUtils.java:logGet(43)) - raft.server.log.appender.install.snapshot.enabled = false (custom)
2019-10-08 18:31:23,130 [pool-449-thread-1] INFO  server.RaftServerConfigKeys (ConfUtils.java:logGet(43)) - raft.server.sleep.deviation.threshold = 300 (default)
2019-10-08 18:31:23,131 [pool-459-thread-1] INFO  impl.RaftServerImpl (ServerState.java:<init>(103)) - 36215749-b551-4309-8afb-92be44d31dcc@group-5268B700C371: ConfigurationManager, init=-1: [24dbaaa5-bd22-4331-ada3-a030212e6dab:192.168.30.53:42763, 36215749-b551-4309-8afb-92be44d31dcc:192.168.30.53:44386, d91d0ace-0381-48bb-882b-2a0860df1015:192.168.30.53:37802], old=null, confs=<EMPTY_MAP>
2019-10-08 18:31:23,131 [pool-449-thread-1] INFO  server.RaftServerConfigKeys (ConfUtils.java:logGet(43)) - raft.server.log.appender.install.snapshot.enabled = false (custom)
2019-10-08 18:31:23,131 [pool-459-thread-1] INFO  server.RaftServerConfigKeys (ConfUtils.java:logGet(43)) - raft.server.storage.dir = [/workdir/hadoop-ozone/integration-test/target/test-dir/MiniOzoneClusterImpl-a711281c-616f-488d-a7dc-db87a594177d/datanode-5/data/ratis] (custom)
2019-10-08 18:31:23,131 [pool-449-thread-1] INFO  impl.RaftServerImpl (ServerState.java:<init>(103)) - d91d0ace-0381-48bb-882b-2a0860df1015@group-5268B700C371: ConfigurationManager, init=-1: [24dbaaa5-bd22-4331-ada3-a030212e6dab:192.168.30.53:42763, 36215749-b551-4309-8afb-92be44d31dcc:192.168.30.53:44386, d91d0ace-0381-48bb-882b-2a0860df1015:192.168.30.53:37802], old=null, confs=<EMPTY_MAP>
2019-10-08 18:31:23,131 [pool-449-thread-1] INFO  server.RaftServerConfigKeys (ConfUtils.java:logGet(43)) - raft.server.storage.dir = [/workdir/hadoop-ozone/integration-test/target/test-dir/MiniOzoneClusterImpl-a711281c-616f-488d-a7dc-db87a594177d/datanode-4/data/ratis] (custom)
2019-10-08 18:31:23,131 [pool-459-thread-1] INFO  server.RaftServerConfigKeys (ConfUtils.java:logGet(43)) - raft.server.log.corruption.policy = EXCEPTION (default)
2019-10-08 18:31:23,131 [pool-449-thread-1] INFO  server.RaftServerConfigKeys (ConfUtils.java:logGet(43)) - raft.server.log.corruption.policy = EXCEPTION (default)
2019-10-08 18:31:23,132 [pool-459-thread-1] INFO  storage.RaftStorageDirectory (RaftStorageDirectory.java:analyzeStorage(246)) - The storage directory /workdir/hadoop-ozone/integration-test/target/test-dir/MiniOzoneClusterImpl-a711281c-616f-488d-a7dc-db87a594177d/datanode-5/data/ratis/40c702cc-e3c1-4e4e-9562-5268b700c371 does not exist. Creating ...
2019-10-08 18:31:23,132 [pool-449-thread-1] INFO  storage.RaftStorageDirectory (RaftStorageDirectory.java:analyzeStorage(246)) - The storage directory /workdir/hadoop-ozone/integration-test/target/test-dir/MiniOzoneClusterImpl-a711281c-616f-488d-a7dc-db87a594177d/datanode-4/data/ratis/40c702cc-e3c1-4e4e-9562-5268b700c371 does not exist. Creating ...
2019-10-08 18:31:23,143 [pool-459-thread-1] INFO  storage.RaftStorageDirectory (RaftStorageDirectory.java:tryLock(328)) - Lock on /workdir/hadoop-ozone/integration-test/target/test-dir/MiniOzoneClusterImpl-a711281c-616f-488d-a7dc-db87a594177d/datanode-5/data/ratis/40c702cc-e3c1-4e4e-9562-5268b700c371/in_use.lock acquired by nodename 22033@pr-hdds-1984-jmsdc-1452173494
2019-10-08 18:31:23,143 [pool-449-thread-1] INFO  storage.RaftStorageDirectory (RaftStorageDirectory.java:tryLock(328)) - Lock on /workdir/hadoop-ozone/integration-test/target/test-dir/MiniOzoneClusterImpl-a711281c-616f-488d-a7dc-db87a594177d/datanode-4/data/ratis/40c702cc-e3c1-4e4e-9562-5268b700c371/in_use.lock acquired by nodename 22033@pr-hdds-1984-jmsdc-1452173494
2019-10-08 18:31:23,143 [pool-469-thread-1] INFO  storage.RaftStorageDirectory (RaftStorageDirectory.java:tryLock(328)) - Lock on /workdir/hadoop-ozone/integration-test/target/test-dir/MiniOzoneClusterImpl-a711281c-616f-488d-a7dc-db87a594177d/datanode-6/data/ratis/40c702cc-e3c1-4e4e-9562-5268b700c371/in_use.lock acquired by nodename 22033@pr-hdds-1984-jmsdc-1452173494
2019-10-08 18:31:23,157 [pool-449-thread-1] INFO  storage.RaftStorage (RaftStorage.java:format(84)) - Storage directory /workdir/hadoop-ozone/integration-test/target/test-dir/MiniOzoneClusterImpl-a711281c-616f-488d-a7dc-db87a594177d/datanode-4/data/ratis/40c702cc-e3c1-4e4e-9562-5268b700c371 has been successfully formatted.
2019-10-08 18:31:23,157 [pool-459-thread-1] INFO  storage.RaftStorage (RaftStorage.java:format(84)) - Storage directory /workdir/hadoop-ozone/integration-test/target/test-dir/MiniOzoneClusterImpl-a711281c-616f-488d-a7dc-db87a594177d/datanode-5/data/ratis/40c702cc-e3c1-4e4e-9562-5268b700c371 has been successfully formatted.
2019-10-08 18:31:23,157 [pool-469-thread-1] INFO  storage.RaftStorage (RaftStorage.java:format(84)) - Storage directory /workdir/hadoop-ozone/integration-test/target/test-dir/MiniOzoneClusterImpl-a711281c-616f-488d-a7dc-db87a594177d/datanode-6/data/ratis/40c702cc-e3c1-4e4e-9562-5268b700c371 has been successfully formatted.
2019-10-08 18:31:23,157 [pool-449-thread-1] INFO  ratis.ContainerStateMachine (ContainerStateMachine.java:loadSnapshot(231)) - group-5268B700C371: The snapshot info is null. Setting the last applied indexto:(t:0, i:~)
2019-10-08 18:31:23,157 [pool-469-thread-1] INFO  ratis.ContainerStateMachine (ContainerStateMachine.java:loadSnapshot(231)) - group-5268B700C371: The snapshot info is null. Setting the last applied indexto:(t:0, i:~)
2019-10-08 18:31:23,157 [pool-459-thread-1] INFO  ratis.ContainerStateMachine (ContainerStateMachine.java:loadSnapshot(231)) - group-5268B700C371: The snapshot info is null. Setting the last applied indexto:(t:0, i:~)
2019-10-08 18:31:23,158 [pool-469-thread-1] INFO  server.RaftServerConfigKeys (ConfUtils.java:logGet(43)) - raft.server.notification.no-leader.timeout = 120s (custom)
2019-10-08 18:31:23,158 [pool-449-thread-1] INFO  server.RaftServerConfigKeys (ConfUtils.java:logGet(43)) - raft.server.notification.no-leader.timeout = 120s (custom)
2019-10-08 18:31:23,158 [pool-469-thread-1] INFO  server.RaftServerConfigKeys (ConfUtils.java:logGet(43)) - raft.server.log.use.memory = false (default)
2019-10-08 18:31:23,158 [pool-459-thread-1] INFO  server.RaftServerConfigKeys (ConfUtils.java:logGet(43)) - raft.server.notification.no-leader.timeout = 120s (custom)
2019-10-08 18:31:23,158 [pool-469-thread-1] INFO  server.RaftServerConfigKeys (ConfUtils.java:logGet(43)) - raft.server.log.purge.gap = 1000000 (custom)
2019-10-08 18:31:23,158 [pool-449-thread-1] INFO  server.RaftServerConfigKeys (ConfUtils.java:logGet(43)) - raft.server.log.use.memory = false (default)
2019-10-08 18:31:23,158 [pool-469-thread-1] INFO  server.RaftServerConfigKeys (ConfUtils.java:logGet(43)) - raft.server.log.appender.buffer.byte-limit = 33554432 (custom)
2019-10-08 18:31:23,158 [pool-459-thread-1] INFO  server.RaftServerConfigKeys (ConfUtils.java:logGet(43)) - raft.server.log.use.memory = false (default)
2019-10-08 18:31:23,159 [pool-469-thread-1] INFO  server.RaftServerConfigKeys (ConfUtils.java:logGet(43)) - raft.server.log.segment.size.max = 1048576 (custom)
2019-10-08 18:31:23,158 [pool-449-thread-1] INFO  server.RaftServerConfigKeys (ConfUtils.java:logGet(43)) - raft.server.log.purge.gap = 1000000 (custom)
2019-10-08 18:31:23,159 [pool-469-thread-1] INFO  server.RaftServerConfigKeys (ConfUtils.java:logGet(43)) - raft.server.log.segment.cache.num.max = 2 (custom)
2019-10-08 18:31:23,159 [pool-459-thread-1] INFO  server.RaftServerConfigKeys (ConfUtils.java:logGet(43)) - raft.server.log.purge.gap = 1000000 (custom)
2019-10-08 18:31:23,159 [pool-469-thread-1] INFO  segmented.SegmentedRaftLogWorker (SegmentedRaftLogWorker.java:<init>(173)) - new 24dbaaa5-bd22-4331-ada3-a030212e6dab@group-5268B700C371-SegmentedRaftLogWorker for RaftStorage:Storage Directory /workdir/hadoop-ozone/integration-test/target/test-dir/MiniOzoneClusterImpl-a711281c-616f-488d-a7dc-db87a594177d/datanode-6/data/ratis/40c702cc-e3c1-4e4e-9562-5268b700c371
2019-10-08 18:31:23,159 [pool-449-thread-1] INFO  server.RaftServerConfigKeys (ConfUtils.java:logGet(43)) - raft.server.log.appender.buffer.byte-limit = 33554432 (custom)
2019-10-08 18:31:23,159 [pool-469-thread-1] INFO  server.RaftServerConfigKeys (ConfUtils.java:logGet(43)) - raft.server.log.queue.byte-limit = 2147483647 (custom)
2019-10-08 18:31:23,159 [pool-469-thread-1] INFO  server.RaftServerConfigKeys (ConfUtils.java:logGet(43)) - raft.server.log.queue.element-limit = 1024 (custom)
2019-10-08 18:31:23,159 [pool-459-thread-1] INFO  server.RaftServerConfigKeys (ConfUtils.java:logGet(43)) - raft.server.log.appender.buffer.byte-limit = 33554432 (custom)
2019-10-08 18:31:23,160 [pool-469-thread-1] INFO  server.RaftServerConfigKeys (ConfUtils.java:logGet(43)) - raft.server.log.segment.size.max = 1048576 (custom)
2019-10-08 18:31:23,159 [pool-449-thread-1] INFO  server.RaftServerConfigKeys (ConfUtils.java:logGet(43)) - raft.server.log.segment.size.max = 1048576 (custom)
2019-10-08 18:31:23,160 [pool-469-thread-1] INFO  server.RaftServerConfigKeys (ConfUtils.java:logGet(43)) - raft.server.log.preallocated.size = 16384 (custom)
2019-10-08 18:31:23,160 [pool-469-thread-1] INFO  server.RaftServerConfigKeys (ConfUtils.java:logGet(43)) - raft.server.log.write.buffer.size = 33554432 (custom)
2019-10-08 18:31:23,160 [pool-459-thread-1] INFO  server.RaftServerConfigKeys (ConfUtils.java:logGet(43)) - raft.server.log.segment.size.max = 1048576 (custom)
2019-10-08 18:31:23,160 [pool-469-thread-1] INFO  server.RaftServerConfigKeys (ConfUtils.java:logGet(43)) - raft.server.log.force.sync.num = 128 (default)
2019-10-08 18:31:23,160 [pool-449-thread-1] INFO  server.RaftServerConfigKeys (ConfUtils.java:logGet(43)) - raft.server.log.segment.cache.num.max = 2 (custom)
2019-10-08 18:31:23,160 [pool-469-thread-1] INFO  server.RaftServerConfigKeys (ConfUtils.java:logGet(43)) - raft.server.log.statemachine.data.sync = true (default)
2019-10-08 18:31:23,160 [pool-459-thread-1] INFO  server.RaftServerConfigKeys (ConfUtils.java:logGet(43)) - raft.server.log.segment.cache.num.max = 2 (custom)
2019-10-08 18:31:23,160 [pool-469-thread-1] INFO  server.RaftServerConfigKeys (ConfUtils.java:logGet(43)) - raft.server.log.statemachine.data.sync.timeout = 10s (default)
2019-10-08 18:31:23,160 [pool-449-thread-1] INFO  segmented.SegmentedRaftLogWorker (SegmentedRaftLogWorker.java:<init>(173)) - new d91d0ace-0381-48bb-882b-2a0860df1015@group-5268B700C371-SegmentedRaftLogWorker for RaftStorage:Storage Directory /workdir/hadoop-ozone/integration-test/target/test-dir/MiniOzoneClusterImpl-a711281c-616f-488d-a7dc-db87a594177d/datanode-4/data/ratis/40c702cc-e3c1-4e4e-9562-5268b700c371
2019-10-08 18:31:23,161 [pool-469-thread-1] INFO  server.RaftServerConfigKeys (ConfUtils.java:logGet(43)) - raft.server.log.statemachine.data.sync.timeout.retry = -1 (default)
2019-10-08 18:31:23,161 [pool-459-thread-1] INFO  segmented.SegmentedRaftLogWorker (SegmentedRaftLogWorker.java:<init>(173)) - new 36215749-b551-4309-8afb-92be44d31dcc@group-5268B700C371-SegmentedRaftLogWorker for RaftStorage:Storage Directory /workdir/hadoop-ozone/integration-test/target/test-dir/MiniOzoneClusterImpl-a711281c-616f-488d-a7dc-db87a594177d/datanode-5/data/ratis/40c702cc-e3c1-4e4e-9562-5268b700c371
2019-10-08 18:31:23,161 [pool-469-thread-1] INFO  server.RaftServerConfigKeys (ConfUtils.java:logGet(43)) - raft.server.log.statemachine.data.caching.enabled = true (custom)
2019-10-08 18:31:23,161 [pool-449-thread-1] INFO  server.RaftServerConfigKeys (ConfUtils.java:logGet(43)) - raft.server.log.queue.byte-limit = 2147483647 (custom)
2019-10-08 18:31:23,161 [pool-469-thread-1] INFO  segmented.SegmentedRaftLogWorker (SegmentedRaftLogWorker.java:lambda$new$0(128)) - 24dbaaa5-bd22-4331-ada3-a030212e6dab@group-5268B700C371-SegmentedRaftLogWorker: flushIndex: setUnconditionally 0 -> -1
2019-10-08 18:31:23,161 [pool-459-thread-1] INFO  server.RaftServerConfigKeys (ConfUtils.java:logGet(43)) - raft.server.log.queue.byte-limit = 2147483647 (custom)
2019-10-08 18:31:23,162 [pool-469-thread-1] INFO  server.RaftServerConfigKeys (ConfUtils.java:logGet(43)) - raft.server.snapshot.auto.trigger.enabled = true (custom)
2019-10-08 18:31:23,161 [pool-449-thread-1] INFO  server.RaftServerConfigKeys (ConfUtils.java:logGet(43)) - raft.server.log.queue.element-limit = 1024 (custom)
2019-10-08 18:31:23,162 [pool-469-thread-1] INFO  server.RaftServerConfigKeys (ConfUtils.java:logGet(43)) - raft.server.snapshot.auto.trigger.threshold = 10000 (custom)
2019-10-08 18:31:23,162 [pool-459-thread-1] INFO  server.RaftServerConfigKeys (ConfUtils.java:logGet(43)) - raft.server.log.queue.element-limit = 1024 (custom)
2019-10-08 18:31:23,162 [pool-469-thread-1] INFO  server.RaftServerConfigKeys (ConfUtils.java:logGet(43)) - raft.server.snapshot.retention.file.num = 5 (custom)
2019-10-08 18:31:23,162 [pool-449-thread-1] INFO  server.RaftServerConfigKeys (ConfUtils.java:logGet(43)) - raft.server.log.segment.size.max = 1048576 (custom)
2019-10-08 18:31:23,162 [pool-469-thread-1] INFO  server.RaftServerConfigKeys (ConfUtils.java:logGet(43)) - raft.server.retrycache.expirytime = 600000ms (custom)
2019-10-08 18:31:23,162 [pool-459-thread-1] INFO  server.RaftServerConfigKeys (ConfUtils.java:logGet(43)) - raft.server.log.segment.size.max = 1048576 (custom)
2019-10-08 18:31:23,162 [pool-449-thread-1] INFO  server.RaftServerConfigKeys (ConfUtils.java:logGet(43)) - raft.server.log.preallocated.size = 16384 (custom)
2019-10-08 18:31:23,162 [pool-459-thread-1] INFO  server.RaftServerConfigKeys (ConfUtils.java:logGet(43)) - raft.server.log.preallocated.size = 16384 (custom)
2019-10-08 18:31:23,163 [pool-449-thread-1] INFO  server.RaftServerConfigKeys (ConfUtils.java:logGet(43)) - raft.server.log.write.buffer.size = 33554432 (custom)
2019-10-08 18:31:23,163 [pool-459-thread-1] INFO  server.RaftServerConfigKeys (ConfUtils.java:logGet(43)) - raft.server.log.write.buffer.size = 33554432 (custom)
2019-10-08 18:31:23,163 [pool-449-thread-1] INFO  server.RaftServerConfigKeys (ConfUtils.java:logGet(43)) - raft.server.log.force.sync.num = 128 (default)
2019-10-08 18:31:23,163 [pool-459-thread-1] INFO  server.RaftServerConfigKeys (ConfUtils.java:logGet(43)) - raft.server.log.force.sync.num = 128 (default)
2019-10-08 18:31:23,163 [pool-449-thread-1] INFO  server.RaftServerConfigKeys (ConfUtils.java:logGet(43)) - raft.server.log.statemachine.data.sync = true (default)
2019-10-08 18:31:23,163 [pool-459-thread-1] INFO  server.RaftServerConfigKeys (ConfUtils.java:logGet(43)) - raft.server.log.statemachine.data.sync = true (default)
2019-10-08 18:31:23,163 [pool-469-thread-1] INFO  impl.RaftServerImpl (RaftServerImpl.java:start(181)) - 24dbaaa5-bd22-4331-ada3-a030212e6dab@group-5268B700C371: start as a follower, conf=-1: [24dbaaa5-bd22-4331-ada3-a030212e6dab:192.168.30.53:42763, 36215749-b551-4309-8afb-92be44d31dcc:192.168.30.53:44386, d91d0ace-0381-48bb-882b-2a0860df1015:192.168.30.53:37802], old=null
2019-10-08 18:31:23,163 [pool-449-thread-1] INFO  server.RaftServerConfigKeys (ConfUtils.java:logGet(43)) - raft.server.log.statemachine.data.sync.timeout = 10s (default)
2019-10-08 18:31:23,164 [pool-469-thread-1] INFO  impl.RaftServerImpl (RaftServerImpl.java:setRole(170)) - 24dbaaa5-bd22-4331-ada3-a030212e6dab@group-5268B700C371: changes role from      null to FOLLOWER at term 0 for startAsFollower
2019-10-08 18:31:23,164 [pool-459-thread-1] INFO  server.RaftServerConfigKeys (ConfUtils.java:logGet(43)) - raft.server.log.statemachine.data.sync.timeout = 10s (default)
2019-10-08 18:31:23,164 [pool-469-thread-1] INFO  impl.RoleInfo (RoleInfo.java:updateAndGet(143)) - 24dbaaa5-bd22-4331-ada3-a030212e6dab: start FollowerState
2019-10-08 18:31:23,164 [pool-449-thread-1] INFO  server.RaftServerConfigKeys (ConfUtils.java:logGet(43)) - raft.server.log.statemachine.data.sync.timeout.retry = -1 (default)
2019-10-08 18:31:23,164 [pool-459-thread-1] INFO  server.RaftServerConfigKeys (ConfUtils.java:logGet(43)) - raft.server.log.statemachine.data.sync.timeout.retry = -1 (default)
2019-10-08 18:31:23,164 [pool-449-thread-1] INFO  server.RaftServerConfigKeys (ConfUtils.java:logGet(43)) - raft.server.log.statemachine.data.caching.enabled = true (custom)
2019-10-08 18:31:23,164 [pool-469-thread-1] INFO  util.JmxRegister (JmxRegister.java:tryRegister(44)) - Successfully registered JMX Bean with object name Ratis:service=RaftServer,group=group-5268B700C371,id=24dbaaa5-bd22-4331-ada3-a030212e6dab
2019-10-08 18:31:23,165 [pool-449-thread-1] INFO  segmented.SegmentedRaftLogWorker (SegmentedRaftLogWorker.java:lambda$new$0(128)) - d91d0ace-0381-48bb-882b-2a0860df1015@group-5268B700C371-SegmentedRaftLogWorker: flushIndex: setUnconditionally 0 -> -1
2019-10-08 18:31:23,164 [pool-459-thread-1] INFO  server.RaftServerConfigKeys (ConfUtils.java:logGet(43)) - raft.server.log.statemachine.data.caching.enabled = true (custom)
2019-10-08 18:31:23,165 [pool-449-thread-1] INFO  server.RaftServerConfigKeys (ConfUtils.java:logGet(43)) - raft.server.snapshot.auto.trigger.enabled = true (custom)
2019-10-08 18:31:23,165 [pool-459-thread-1] INFO  segmented.SegmentedRaftLogWorker (SegmentedRaftLogWorker.java:lambda$new$0(128)) - 36215749-b551-4309-8afb-92be44d31dcc@group-5268B700C371-SegmentedRaftLogWorker: flushIndex: setUnconditionally 0 -> -1
2019-10-08 18:31:23,165 [pool-449-thread-1] INFO  server.RaftServerConfigKeys (ConfUtils.java:logGet(43)) - raft.server.snapshot.auto.trigger.threshold = 10000 (custom)
2019-10-08 18:31:23,165 [pool-459-thread-1] INFO  server.RaftServerConfigKeys (ConfUtils.java:logGet(43)) - raft.server.snapshot.auto.trigger.enabled = true (custom)
2019-10-08 18:31:23,165 [pool-449-thread-1] INFO  server.RaftServerConfigKeys (ConfUtils.java:logGet(43)) - raft.server.snapshot.retention.file.num = 5 (custom)
2019-10-08 18:31:23,166 [pool-459-thread-1] INFO  server.RaftServerConfigKeys (ConfUtils.java:logGet(43)) - raft.server.snapshot.auto.trigger.threshold = 10000 (custom)
2019-10-08 18:31:23,166 [pool-449-thread-1] INFO  server.RaftServerConfigKeys (ConfUtils.java:logGet(43)) - raft.server.retrycache.expirytime = 600000ms (custom)
2019-10-08 18:31:23,166 [pool-459-thread-1] INFO  server.RaftServerConfigKeys (ConfUtils.java:logGet(43)) - raft.server.snapshot.retention.file.num = 5 (custom)
2019-10-08 18:31:23,166 [pool-459-thread-1] INFO  server.RaftServerConfigKeys (ConfUtils.java:logGet(43)) - raft.server.retrycache.expirytime = 600000ms (custom)
2019-10-08 18:31:23,168 [pool-449-thread-1] INFO  impl.RaftServerImpl (RaftServerImpl.java:start(181)) - d91d0ace-0381-48bb-882b-2a0860df1015@group-5268B700C371: start as a follower, conf=-1: [24dbaaa5-bd22-4331-ada3-a030212e6dab:192.168.30.53:42763, 36215749-b551-4309-8afb-92be44d31dcc:192.168.30.53:44386, d91d0ace-0381-48bb-882b-2a0860df1015:192.168.30.53:37802], old=null
2019-10-08 18:31:23,168 [pool-449-thread-1] INFO  impl.RaftServerImpl (RaftServerImpl.java:setRole(170)) - d91d0ace-0381-48bb-882b-2a0860df1015@group-5268B700C371: changes role from      null to FOLLOWER at term 0 for startAsFollower
2019-10-08 18:31:23,169 [pool-449-thread-1] INFO  impl.RoleInfo (RoleInfo.java:updateAndGet(143)) - d91d0ace-0381-48bb-882b-2a0860df1015: start FollowerState
2019-10-08 18:31:23,169 [pool-459-thread-1] INFO  impl.RaftServerImpl (RaftServerImpl.java:start(181)) - 36215749-b551-4309-8afb-92be44d31dcc@group-5268B700C371: start as a follower, conf=-1: [24dbaaa5-bd22-4331-ada3-a030212e6dab:192.168.30.53:42763, 36215749-b551-4309-8afb-92be44d31dcc:192.168.30.53:44386, d91d0ace-0381-48bb-882b-2a0860df1015:192.168.30.53:37802], old=null
2019-10-08 18:31:23,169 [pool-459-thread-1] INFO  impl.RaftServerImpl (RaftServerImpl.java:setRole(170)) - 36215749-b551-4309-8afb-92be44d31dcc@group-5268B700C371: changes role from      null to FOLLOWER at term 0 for startAsFollower
2019-10-08 18:31:23,169 [pool-449-thread-1] INFO  util.JmxRegister (JmxRegister.java:tryRegister(44)) - Successfully registered JMX Bean with object name Ratis:service=RaftServer,group=group-5268B700C371,id=d91d0ace-0381-48bb-882b-2a0860df1015
2019-10-08 18:31:23,169 [pool-459-thread-1] INFO  impl.RoleInfo (RoleInfo.java:updateAndGet(143)) - 36215749-b551-4309-8afb-92be44d31dcc: start FollowerState
2019-10-08 18:31:23,169 [pool-459-thread-1] INFO  util.JmxRegister (JmxRegister.java:tryRegister(44)) - Successfully registered JMX Bean with object name Ratis:service=RaftServer,group=group-5268B700C371,id=36215749-b551-4309-8afb-92be44d31dcc
2019-10-08 18:31:23,174 [RatisPipelineUtilsThread] INFO  pipeline.PipelineStateManager (PipelineStateManager.java:addPipeline(56)) - Created pipeline Pipeline[ Id: 40c702cc-e3c1-4e4e-9562-5268b700c371, Nodes: d91d0ace-0381-48bb-882b-2a0860df1015{ip: 192.168.30.53, host: pr-hdds-1984-jmsdc-1452173494, networkLocation: /default-rack, certSerialId: null}36215749-b551-4309-8afb-92be44d31dcc{ip: 192.168.30.53, host: pr-hdds-1984-jmsdc-1452173494, networkLocation: /default-rack, certSerialId: null}24dbaaa5-bd22-4331-ada3-a030212e6dab{ip: 192.168.30.53, host: pr-hdds-1984-jmsdc-1452173494, networkLocation: /default-rack, certSerialId: null}, Type:RATIS, Factor:THREE, State:OPEN]
2019-10-08 18:31:25,538 [Thread-2889] INFO  container.ReplicationManager (ReplicationManager.java:start(162)) - Starting Replication Monitor Thread.
2019-10-08 18:31:25,545 [ReplicationMonitor] INFO  container.ReplicationManager (ReplicationManager.java:run(225)) - Replication Monitor Thread took 0 milliseconds for processing 1 containers.
2019-10-08 18:31:27,686 [Thread-2891] INFO  impl.FollowerState (FollowerState.java:run(108)) - e8ec5d3e-1dbd-405f-80ef-24c1d8e43b17@group-9A4072E564C7-FollowerState: change to CANDIDATE, lastRpcTime:5107ms, electionTimeout:5107ms
2019-10-08 18:31:27,686 [Thread-2891] INFO  impl.RoleInfo (RoleInfo.java:shutdownFollowerState(121)) - e8ec5d3e-1dbd-405f-80ef-24c1d8e43b17: shutdown FollowerState
2019-10-08 18:31:27,686 [Thread-2891] INFO  impl.RaftServerImpl (RaftServerImpl.java:setRole(170)) - e8ec5d3e-1dbd-405f-80ef-24c1d8e43b17@group-9A4072E564C7: changes role from  FOLLOWER to CANDIDATE at term 0 for changeToCandidate
2019-10-08 18:31:27,687 [Thread-2891] INFO  impl.RoleInfo (RoleInfo.java:updateAndGet(143)) - e8ec5d3e-1dbd-405f-80ef-24c1d8e43b17: start LeaderElection
2019-10-08 18:31:27,722 [e8ec5d3e-1dbd-405f-80ef-24c1d8e43b17@group-9A4072E564C7-LeaderElection55] INFO  impl.LeaderElection (LeaderElection.java:askForVotes(178)) - e8ec5d3e-1dbd-405f-80ef-24c1d8e43b17@group-9A4072E564C7-LeaderElection55: begin an election at term 1 for -1: [e8ec5d3e-1dbd-405f-80ef-24c1d8e43b17:192.168.30.53:33667], old=null
2019-10-08 18:31:27,722 [e8ec5d3e-1dbd-405f-80ef-24c1d8e43b17@group-9A4072E564C7-LeaderElection55] INFO  impl.RoleInfo (RoleInfo.java:shutdownLeaderElection(134)) - e8ec5d3e-1dbd-405f-80ef-24c1d8e43b17: shutdown LeaderElection
2019-10-08 18:31:27,722 [e8ec5d3e-1dbd-405f-80ef-24c1d8e43b17@group-9A4072E564C7-LeaderElection55] INFO  impl.RaftServerImpl (RaftServerImpl.java:setRole(170)) - e8ec5d3e-1dbd-405f-80ef-24c1d8e43b17@group-9A4072E564C7: changes role from CANDIDATE to LEADER at term 1 for changeToLeader
2019-10-08 18:31:27,722 [e8ec5d3e-1dbd-405f-80ef-24c1d8e43b17@group-9A4072E564C7-LeaderElection55] INFO  impl.RaftServerImpl (ServerState.java:setLeader(255)) - e8ec5d3e-1dbd-405f-80ef-24c1d8e43b17@group-9A4072E564C7: change Leader from null to e8ec5d3e-1dbd-405f-80ef-24c1d8e43b17 at term 1 for becomeLeader, leader elected after 5153ms
2019-10-08 18:31:27,722 [e8ec5d3e-1dbd-405f-80ef-24c1d8e43b17@group-9A4072E564C7-LeaderElection55] INFO  server.RaftServerConfigKeys (ConfUtils.java:logGet(43)) - raft.server.staging.catchup.gap = 1000 (default)
2019-10-08 18:31:27,722 [e8ec5d3e-1dbd-405f-80ef-24c1d8e43b17@group-9A4072E564C7-LeaderElection55] INFO  server.RaftServerConfigKeys (ConfUtils.java:logGet(43)) - raft.server.rpc.sleep.time = 25ms (default)
2019-10-08 18:31:27,723 [e8ec5d3e-1dbd-405f-80ef-24c1d8e43b17@group-9A4072E564C7-LeaderElection55] INFO  server.RaftServerConfigKeys (ConfUtils.java:logGet(43)) - raft.server.write.element-limit = 4096 (default)
2019-10-08 18:31:27,723 [e8ec5d3e-1dbd-405f-80ef-24c1d8e43b17@group-9A4072E564C7-LeaderElection55] INFO  server.RaftServerConfigKeys (ConfUtils.java:logGet(43)) - raft.server.watch.timeout = 10s (default)
2019-10-08 18:31:27,723 [e8ec5d3e-1dbd-405f-80ef-24c1d8e43b17@group-9A4072E564C7-LeaderElection55] INFO  server.RaftServerConfigKeys (ConfUtils.java:logGet(43)) - raft.server.watch.timeout.denomination = 1s (default)
2019-10-08 18:31:27,723 [e8ec5d3e-1dbd-405f-80ef-24c1d8e43b17@group-9A4072E564C7-LeaderElection55] INFO  server.RaftServerConfigKeys (ConfUtils.java:logGet(43)) - raft.server.watch.element-limit = 65536 (default)
2019-10-08 18:31:27,725 [e8ec5d3e-1dbd-405f-80ef-24c1d8e43b17@group-9A4072E564C7-LeaderElection55] INFO  impl.RoleInfo (RoleInfo.java:updateAndGet(143)) - e8ec5d3e-1dbd-405f-80ef-24c1d8e43b17: start LeaderState
2019-10-08 18:31:27,725 [e8ec5d3e-1dbd-405f-80ef-24c1d8e43b17@group-9A4072E564C7-LeaderElection55] INFO  segmented.SegmentedRaftLogWorker (SegmentedRaftLogWorker.java:startLogSegment(385)) - e8ec5d3e-1dbd-405f-80ef-24c1d8e43b17@group-9A4072E564C7-SegmentedRaftLogWorker: Starting segment from index:0
2019-10-08 18:31:27,726 [e8ec5d3e-1dbd-405f-80ef-24c1d8e43b17@group-9A4072E564C7-LeaderElection55] INFO  impl.RaftServerImpl (ServerState.java:setRaftConf(356)) - e8ec5d3e-1dbd-405f-80ef-24c1d8e43b17@group-9A4072E564C7: set configuration 0: [e8ec5d3e-1dbd-405f-80ef-24c1d8e43b17:192.168.30.53:33667], old=null at 0
2019-10-08 18:31:27,761 [e8ec5d3e-1dbd-405f-80ef-24c1d8e43b17@group-9A4072E564C7-SegmentedRaftLogWorker] INFO  segmented.SegmentedRaftLogWorker (SegmentedRaftLogWorker.java:execute(574)) - e8ec5d3e-1dbd-405f-80ef-24c1d8e43b17@group-9A4072E564C7-SegmentedRaftLogWorker: created new log segment /workdir/hadoop-ozone/integration-test/target/test-dir/MiniOzoneClusterImpl-a711281c-616f-488d-a7dc-db87a594177d/datanode-0/data/ratis/1cc1a9ab-57fc-4590-ba6a-9a4072e564c7/current/log_inprogress_0
2019-10-08 18:31:27,845 [Thread-2894] INFO  impl.FollowerState (FollowerState.java:run(108)) - 6047fcf1-3fae-4aa9-b5cf-920d563ea801@group-FCCD082F0D54-FollowerState: change to CANDIDATE, lastRpcTime:5182ms, electionTimeout:5182ms
2019-10-08 18:31:27,845 [Thread-2894] INFO  impl.RoleInfo (RoleInfo.java:shutdownFollowerState(121)) - 6047fcf1-3fae-4aa9-b5cf-920d563ea801: shutdown FollowerState
2019-10-08 18:31:27,845 [Thread-2894] INFO  impl.RaftServerImpl (RaftServerImpl.java:setRole(170)) - 6047fcf1-3fae-4aa9-b5cf-920d563ea801@group-FCCD082F0D54: changes role from  FOLLOWER to CANDIDATE at term 0 for changeToCandidate
2019-10-08 18:31:27,845 [Thread-2894] INFO  impl.RoleInfo (RoleInfo.java:updateAndGet(143)) - 6047fcf1-3fae-4aa9-b5cf-920d563ea801: start LeaderElection
2019-10-08 18:31:27,855 [Thread-2897] INFO  impl.FollowerState (FollowerState.java:run(108)) - fef8ea31-401e-44ed-a6e5-2623f2bd7b9f@group-5E5549194573-FollowerState: change to CANDIDATE, lastRpcTime:5109ms, electionTimeout:5109ms
2019-10-08 18:31:27,855 [Thread-2897] INFO  impl.RoleInfo (RoleInfo.java:shutdownFollowerState(121)) - fef8ea31-401e-44ed-a6e5-2623f2bd7b9f: shutdown FollowerState
2019-10-08 18:31:27,855 [Thread-2897] INFO  impl.RaftServerImpl (RaftServerImpl.java:setRole(170)) - fef8ea31-401e-44ed-a6e5-2623f2bd7b9f@group-5E5549194573: changes role from  FOLLOWER to CANDIDATE at term 0 for changeToCandidate
2019-10-08 18:31:27,856 [Thread-2897] INFO  impl.RoleInfo (RoleInfo.java:updateAndGet(143)) - fef8ea31-401e-44ed-a6e5-2623f2bd7b9f: start LeaderElection
2019-10-08 18:31:27,861 [6047fcf1-3fae-4aa9-b5cf-920d563ea801@group-FCCD082F0D54-LeaderElection56] INFO  impl.LeaderElection (LeaderElection.java:askForVotes(178)) - 6047fcf1-3fae-4aa9-b5cf-920d563ea801@group-FCCD082F0D54-LeaderElection56: begin an election at term 1 for -1: [6047fcf1-3fae-4aa9-b5cf-920d563ea801:192.168.30.53:44756], old=null
2019-10-08 18:31:27,861 [6047fcf1-3fae-4aa9-b5cf-920d563ea801@group-FCCD082F0D54-LeaderElection56] INFO  impl.RoleInfo (RoleInfo.java:shutdownLeaderElection(134)) - 6047fcf1-3fae-4aa9-b5cf-920d563ea801: shutdown LeaderElection
2019-10-08 18:31:27,861 [6047fcf1-3fae-4aa9-b5cf-920d563ea801@group-FCCD082F0D54-LeaderElection56] INFO  impl.RaftServerImpl (RaftServerImpl.java:setRole(170)) - 6047fcf1-3fae-4aa9-b5cf-920d563ea801@group-FCCD082F0D54: changes role from CANDIDATE to LEADER at term 1 for changeToLeader
2019-10-08 18:31:27,861 [6047fcf1-3fae-4aa9-b5cf-920d563ea801@group-FCCD082F0D54-LeaderElection56] INFO  impl.RaftServerImpl (ServerState.java:setLeader(255)) - 6047fcf1-3fae-4aa9-b5cf-920d563ea801@group-FCCD082F0D54: change Leader from null to 6047fcf1-3fae-4aa9-b5cf-920d563ea801 at term 1 for becomeLeader, leader elected after 5205ms
2019-10-08 18:31:27,862 [6047fcf1-3fae-4aa9-b5cf-920d563ea801@group-FCCD082F0D54-LeaderElection56] INFO  server.RaftServerConfigKeys (ConfUtils.java:logGet(43)) - raft.server.staging.catchup.gap = 1000 (default)
2019-10-08 18:31:27,862 [6047fcf1-3fae-4aa9-b5cf-920d563ea801@group-FCCD082F0D54-LeaderElection56] INFO  server.RaftServerConfigKeys (ConfUtils.java:logGet(43)) - raft.server.rpc.sleep.time = 25ms (default)
2019-10-08 18:31:27,862 [6047fcf1-3fae-4aa9-b5cf-920d563ea801@group-FCCD082F0D54-LeaderElection56] INFO  server.RaftServerConfigKeys (ConfUtils.java:logGet(43)) - raft.server.write.element-limit = 4096 (default)
2019-10-08 18:31:27,862 [6047fcf1-3fae-4aa9-b5cf-920d563ea801@group-FCCD082F0D54-LeaderElection56] INFO  server.RaftServerConfigKeys (ConfUtils.java:logGet(43)) - raft.server.watch.timeout = 10s (default)
2019-10-08 18:31:27,862 [6047fcf1-3fae-4aa9-b5cf-920d563ea801@group-FCCD082F0D54-LeaderElection56] INFO  server.RaftServerConfigKeys (ConfUtils.java:logGet(43)) - raft.server.watch.timeout.denomination = 1s (default)
2019-10-08 18:31:27,862 [6047fcf1-3fae-4aa9-b5cf-920d563ea801@group-FCCD082F0D54-LeaderElection56] INFO  server.RaftServerConfigKeys (ConfUtils.java:logGet(43)) - raft.server.watch.element-limit = 65536 (default)
2019-10-08 18:31:27,863 [6047fcf1-3fae-4aa9-b5cf-920d563ea801@group-FCCD082F0D54-LeaderElection56] INFO  impl.RoleInfo (RoleInfo.java:updateAndGet(143)) - 6047fcf1-3fae-4aa9-b5cf-920d563ea801: start LeaderState
2019-10-08 18:31:27,863 [6047fcf1-3fae-4aa9-b5cf-920d563ea801@group-FCCD082F0D54-LeaderElection56] INFO  segmented.SegmentedRaftLogWorker (SegmentedRaftLogWorker.java:startLogSegment(385)) - 6047fcf1-3fae-4aa9-b5cf-920d563ea801@group-FCCD082F0D54-SegmentedRaftLogWorker: Starting segment from index:0
2019-10-08 18:31:27,864 [fef8ea31-401e-44ed-a6e5-2623f2bd7b9f@group-5E5549194573-LeaderElection57] INFO  impl.LeaderElection (LeaderElection.java:askForVotes(178)) - fef8ea31-401e-44ed-a6e5-2623f2bd7b9f@group-5E5549194573-LeaderElection57: begin an election at term 1 for -1: [fef8ea31-401e-44ed-a6e5-2623f2bd7b9f:192.168.30.53:36623], old=null
2019-10-08 18:31:27,864 [6047fcf1-3fae-4aa9-b5cf-920d563ea801@group-FCCD082F0D54-LeaderElection56] INFO  impl.RaftServerImpl (ServerState.java:setRaftConf(356)) - 6047fcf1-3fae-4aa9-b5cf-920d563ea801@group-FCCD082F0D54: set configuration 0: [6047fcf1-3fae-4aa9-b5cf-920d563ea801:192.168.30.53:44756], old=null at 0
2019-10-08 18:31:27,864 [fef8ea31-401e-44ed-a6e5-2623f2bd7b9f@group-5E5549194573-LeaderElection57] INFO  impl.RoleInfo (RoleInfo.java:shutdownLeaderElection(134)) - fef8ea31-401e-44ed-a6e5-2623f2bd7b9f: shutdown LeaderElection
2019-10-08 18:31:27,899 [fef8ea31-401e-44ed-a6e5-2623f2bd7b9f@group-5E5549194573-LeaderElection57] INFO  impl.RaftServerImpl (RaftServerImpl.java:setRole(170)) - fef8ea31-401e-44ed-a6e5-2623f2bd7b9f@group-5E5549194573: changes role from CANDIDATE to LEADER at term 1 for changeToLeader
2019-10-08 18:31:27,899 [fef8ea31-401e-44ed-a6e5-2623f2bd7b9f@group-5E5549194573-LeaderElection57] INFO  impl.RaftServerImpl (ServerState.java:setLeader(255)) - fef8ea31-401e-44ed-a6e5-2623f2bd7b9f@group-5E5549194573: change Leader from null to fef8ea31-401e-44ed-a6e5-2623f2bd7b9f at term 1 for becomeLeader, leader elected after 5162ms
2019-10-08 18:31:27,899 [fef8ea31-401e-44ed-a6e5-2623f2bd7b9f@group-5E5549194573-LeaderElection57] INFO  server.RaftServerConfigKeys (ConfUtils.java:logGet(43)) - raft.server.staging.catchup.gap = 1000 (default)
2019-10-08 18:31:27,899 [fef8ea31-401e-44ed-a6e5-2623f2bd7b9f@group-5E5549194573-LeaderElection57] INFO  server.RaftServerConfigKeys (ConfUtils.java:logGet(43)) - raft.server.rpc.sleep.time = 25ms (default)
2019-10-08 18:31:27,900 [fef8ea31-401e-44ed-a6e5-2623f2bd7b9f@group-5E5549194573-LeaderElection57] INFO  server.RaftServerConfigKeys (ConfUtils.java:logGet(43)) - raft.server.write.element-limit = 4096 (default)
2019-10-08 18:31:27,900 [fef8ea31-401e-44ed-a6e5-2623f2bd7b9f@group-5E5549194573-LeaderElection57] INFO  server.RaftServerConfigKeys (ConfUtils.java:logGet(43)) - raft.server.watch.timeout = 10s (default)
2019-10-08 18:31:27,900 [fef8ea31-401e-44ed-a6e5-2623f2bd7b9f@group-5E5549194573-LeaderElection57] INFO  server.RaftServerConfigKeys (ConfUtils.java:logGet(43)) - raft.server.watch.timeout.denomination = 1s (default)
2019-10-08 18:31:27,900 [fef8ea31-401e-44ed-a6e5-2623f2bd7b9f@group-5E5549194573-LeaderElection57] INFO  server.RaftServerConfigKeys (ConfUtils.java:logGet(43)) - raft.server.watch.element-limit = 65536 (default)
2019-10-08 18:31:27,902 [fef8ea31-401e-44ed-a6e5-2623f2bd7b9f@group-5E5549194573-LeaderElection57] INFO  impl.RoleInfo (RoleInfo.java:updateAndGet(143)) - fef8ea31-401e-44ed-a6e5-2623f2bd7b9f: start LeaderState
2019-10-08 18:31:27,902 [fef8ea31-401e-44ed-a6e5-2623f2bd7b9f@group-5E5549194573-LeaderElection57] INFO  segmented.SegmentedRaftLogWorker (SegmentedRaftLogWorker.java:startLogSegment(385)) - fef8ea31-401e-44ed-a6e5-2623f2bd7b9f@group-5E5549194573-SegmentedRaftLogWorker: Starting segment from index:0
2019-10-08 18:31:27,903 [fef8ea31-401e-44ed-a6e5-2623f2bd7b9f@group-5E5549194573-LeaderElection57] INFO  impl.RaftServerImpl (ServerState.java:setRaftConf(356)) - fef8ea31-401e-44ed-a6e5-2623f2bd7b9f@group-5E5549194573: set configuration 0: [fef8ea31-401e-44ed-a6e5-2623f2bd7b9f:192.168.30.53:36623], old=null at 0
2019-10-08 18:31:27,931 [Thread-2904] INFO  impl.FollowerState (FollowerState.java:run(108)) - fef8ea31-401e-44ed-a6e5-2623f2bd7b9f@group-8D8935EE44C6-FollowerState: change to CANDIDATE, lastRpcTime:5128ms, electionTimeout:5119ms
2019-10-08 18:31:27,931 [Thread-2904] INFO  impl.RoleInfo (RoleInfo.java:shutdownFollowerState(121)) - fef8ea31-401e-44ed-a6e5-2623f2bd7b9f: shutdown FollowerState
2019-10-08 18:31:27,931 [6047fcf1-3fae-4aa9-b5cf-920d563ea801@group-FCCD082F0D54-SegmentedRaftLogWorker] INFO  segmented.SegmentedRaftLogWorker (SegmentedRaftLogWorker.java:execute(574)) - 6047fcf1-3fae-4aa9-b5cf-920d563ea801@group-FCCD082F0D54-SegmentedRaftLogWorker: created new log segment /workdir/hadoop-ozone/integration-test/target/test-dir/MiniOzoneClusterImpl-a711281c-616f-488d-a7dc-db87a594177d/datanode-1/data/ratis/73ba586a-639b-4ca7-af75-fccd082f0d54/current/log_inprogress_0
2019-10-08 18:31:27,931 [Thread-2904] INFO  impl.RaftServerImpl (RaftServerImpl.java:setRole(170)) - fef8ea31-401e-44ed-a6e5-2623f2bd7b9f@group-8D8935EE44C6: changes role from  FOLLOWER to CANDIDATE at term 0 for changeToCandidate
2019-10-08 18:31:27,932 [Thread-2904] INFO  impl.RoleInfo (RoleInfo.java:updateAndGet(143)) - fef8ea31-401e-44ed-a6e5-2623f2bd7b9f: start LeaderElection
2019-10-08 18:31:27,935 [Thread-2900] INFO  impl.FollowerState (FollowerState.java:run(108)) - 6047fcf1-3fae-4aa9-b5cf-920d563ea801@group-8D8935EE44C6-FollowerState: change to CANDIDATE, lastRpcTime:5152ms, electionTimeout:5152ms
2019-10-08 18:31:27,938 [Thread-2900] INFO  impl.RoleInfo (RoleInfo.java:shutdownFollowerState(121)) - 6047fcf1-3fae-4aa9-b5cf-920d563ea801: shutdown FollowerState
2019-10-08 18:31:27,938 [Thread-2900] INFO  impl.RaftServerImpl (RaftServerImpl.java:setRole(170)) - 6047fcf1-3fae-4aa9-b5cf-920d563ea801@group-8D8935EE44C6: changes role from  FOLLOWER to CANDIDATE at term 0 for changeToCandidate
2019-10-08 18:31:27,938 [Thread-2900] INFO  impl.RoleInfo (RoleInfo.java:updateAndGet(143)) - 6047fcf1-3fae-4aa9-b5cf-920d563ea801: start LeaderElection
2019-10-08 18:31:27,944 [fef8ea31-401e-44ed-a6e5-2623f2bd7b9f@group-5E5549194573-SegmentedRaftLogWorker] INFO  segmented.SegmentedRaftLogWorker (SegmentedRaftLogWorker.java:execute(574)) - fef8ea31-401e-44ed-a6e5-2623f2bd7b9f@group-5E5549194573-SegmentedRaftLogWorker: created new log segment /workdir/hadoop-ozone/integration-test/target/test-dir/MiniOzoneClusterImpl-a711281c-616f-488d-a7dc-db87a594177d/datanode-2/data/ratis/90952c9a-0507-40aa-8afa-5e5549194573/current/log_inprogress_0
2019-10-08 18:31:27,947 [6047fcf1-3fae-4aa9-b5cf-920d563ea801@group-8D8935EE44C6-LeaderElection59] INFO  impl.LeaderElection (LeaderElection.java:askForVotes(178)) - 6047fcf1-3fae-4aa9-b5cf-920d563ea801@group-8D8935EE44C6-LeaderElection59: begin an election at term 1 for -1: [fef8ea31-401e-44ed-a6e5-2623f2bd7b9f:192.168.30.53:36623, 6047fcf1-3fae-4aa9-b5cf-920d563ea801:192.168.30.53:44756, e8ec5d3e-1dbd-405f-80ef-24c1d8e43b17:192.168.30.53:33667], old=null
2019-10-08 18:31:27,947 [fef8ea31-401e-44ed-a6e5-2623f2bd7b9f@group-8D8935EE44C6-LeaderElection58] INFO  impl.LeaderElection (LeaderElection.java:askForVotes(178)) - fef8ea31-401e-44ed-a6e5-2623f2bd7b9f@group-8D8935EE44C6-LeaderElection58: begin an election at term 1 for -1: [fef8ea31-401e-44ed-a6e5-2623f2bd7b9f:192.168.30.53:36623, 6047fcf1-3fae-4aa9-b5cf-920d563ea801:192.168.30.53:44756, e8ec5d3e-1dbd-405f-80ef-24c1d8e43b17:192.168.30.53:33667], old=null
2019-10-08 18:31:27,949 [Thread-2905] INFO  impl.FollowerState (FollowerState.java:run(108)) - e8ec5d3e-1dbd-405f-80ef-24c1d8e43b17@group-8D8935EE44C6-FollowerState: change to CANDIDATE, lastRpcTime:5146ms, electionTimeout:5146ms
2019-10-08 18:31:27,949 [Thread-2905] INFO  impl.RoleInfo (RoleInfo.java:shutdownFollowerState(121)) - e8ec5d3e-1dbd-405f-80ef-24c1d8e43b17: shutdown FollowerState
2019-10-08 18:31:27,949 [Thread-2905] INFO  impl.RaftServerImpl (RaftServerImpl.java:setRole(170)) - e8ec5d3e-1dbd-405f-80ef-24c1d8e43b17@group-8D8935EE44C6: changes role from  FOLLOWER to CANDIDATE at term 0 for changeToCandidate
2019-10-08 18:31:27,950 [Thread-2905] INFO  impl.RoleInfo (RoleInfo.java:updateAndGet(143)) - e8ec5d3e-1dbd-405f-80ef-24c1d8e43b17: start LeaderElection
2019-10-08 18:31:27,979 [e8ec5d3e-1dbd-405f-80ef-24c1d8e43b17@group-8D8935EE44C6-LeaderElection60] INFO  impl.LeaderElection (LeaderElection.java:askForVotes(178)) - e8ec5d3e-1dbd-405f-80ef-24c1d8e43b17@group-8D8935EE44C6-LeaderElection60: begin an election at term 1 for -1: [fef8ea31-401e-44ed-a6e5-2623f2bd7b9f:192.168.30.53:36623, 6047fcf1-3fae-4aa9-b5cf-920d563ea801:192.168.30.53:44756, e8ec5d3e-1dbd-405f-80ef-24c1d8e43b17:192.168.30.53:33667], old=null
2019-10-08 18:31:27,980 [fef8ea31-401e-44ed-a6e5-2623f2bd7b9f@group-8D8935EE44C6-LeaderElection58] INFO  impl.LeaderElection (LeaderElection.java:logAndReturn(56)) - fef8ea31-401e-44ed-a6e5-2623f2bd7b9f@group-8D8935EE44C6-LeaderElection58: Election REJECTED; received 2 response(s) [fef8ea31-401e-44ed-a6e5-2623f2bd7b9f<-6047fcf1-3fae-4aa9-b5cf-920d563ea801#0:FAIL-t1, fef8ea31-401e-44ed-a6e5-2623f2bd7b9f<-e8ec5d3e-1dbd-405f-80ef-24c1d8e43b17#0:FAIL-t1] and 0 exception(s); fef8ea31-401e-44ed-a6e5-2623f2bd7b9f@group-8D8935EE44C6:t1, leader=null, voted=fef8ea31-401e-44ed-a6e5-2623f2bd7b9f, raftlog=fef8ea31-401e-44ed-a6e5-2623f2bd7b9f@group-8D8935EE44C6-SegmentedRaftLog:OPENED:c-1,f-1,i0, conf=-1: [fef8ea31-401e-44ed-a6e5-2623f2bd7b9f:192.168.30.53:36623, 6047fcf1-3fae-4aa9-b5cf-920d563ea801:192.168.30.53:44756, e8ec5d3e-1dbd-405f-80ef-24c1d8e43b17:192.168.30.53:33667], old=null
2019-10-08 18:31:27,980 [fef8ea31-401e-44ed-a6e5-2623f2bd7b9f@group-8D8935EE44C6-LeaderElection58] INFO  impl.RaftServerImpl (RaftServerImpl.java:setRole(170)) - fef8ea31-401e-44ed-a6e5-2623f2bd7b9f@group-8D8935EE44C6: changes role from CANDIDATE to FOLLOWER at term 1 for DISCOVERED_A_NEW_TERM
2019-10-08 18:31:27,980 [fef8ea31-401e-44ed-a6e5-2623f2bd7b9f@group-8D8935EE44C6-LeaderElection58] INFO  impl.RoleInfo (RoleInfo.java:shutdownLeaderElection(134)) - fef8ea31-401e-44ed-a6e5-2623f2bd7b9f: shutdown LeaderElection
2019-10-08 18:31:27,981 [fef8ea31-401e-44ed-a6e5-2623f2bd7b9f@group-8D8935EE44C6-LeaderElection58] INFO  impl.RoleInfo (RoleInfo.java:updateAndGet(143)) - fef8ea31-401e-44ed-a6e5-2623f2bd7b9f: start FollowerState
2019-10-08 18:31:27,982 [6047fcf1-3fae-4aa9-b5cf-920d563ea801@group-8D8935EE44C6-LeaderElection59] INFO  impl.LeaderElection (LeaderElection.java:logAndReturn(56)) - 6047fcf1-3fae-4aa9-b5cf-920d563ea801@group-8D8935EE44C6-LeaderElection59: Election REJECTED; received 2 response(s) [6047fcf1-3fae-4aa9-b5cf-920d563ea801<-fef8ea31-401e-44ed-a6e5-2623f2bd7b9f#0:FAIL-t1, 6047fcf1-3fae-4aa9-b5cf-920d563ea801<-e8ec5d3e-1dbd-405f-80ef-24c1d8e43b17#0:FAIL-t1] and 0 exception(s); 6047fcf1-3fae-4aa9-b5cf-920d563ea801@group-8D8935EE44C6:t1, leader=null, voted=6047fcf1-3fae-4aa9-b5cf-920d563ea801, raftlog=6047fcf1-3fae-4aa9-b5cf-920d563ea801@group-8D8935EE44C6-SegmentedRaftLog:OPENED:c-1,f-1,i0, conf=-1: [fef8ea31-401e-44ed-a6e5-2623f2bd7b9f:192.168.30.53:36623, 6047fcf1-3fae-4aa9-b5cf-920d563ea801:192.168.30.53:44756, e8ec5d3e-1dbd-405f-80ef-24c1d8e43b17:192.168.30.53:33667], old=null
2019-10-08 18:31:27,984 [6047fcf1-3fae-4aa9-b5cf-920d563ea801@group-8D8935EE44C6-LeaderElection59] INFO  impl.RaftServerImpl (RaftServerImpl.java:setRole(170)) - 6047fcf1-3fae-4aa9-b5cf-920d563ea801@group-8D8935EE44C6: changes role from CANDIDATE to FOLLOWER at term 1 for DISCOVERED_A_NEW_TERM
2019-10-08 18:31:27,984 [6047fcf1-3fae-4aa9-b5cf-920d563ea801@group-8D8935EE44C6-LeaderElection59] INFO  impl.RoleInfo (RoleInfo.java:shutdownLeaderElection(134)) - 6047fcf1-3fae-4aa9-b5cf-920d563ea801: shutdown LeaderElection
2019-10-08 18:31:27,984 [6047fcf1-3fae-4aa9-b5cf-920d563ea801@group-8D8935EE44C6-LeaderElection59] INFO  impl.RoleInfo (RoleInfo.java:updateAndGet(143)) - 6047fcf1-3fae-4aa9-b5cf-920d563ea801: start FollowerState
2019-10-08 18:31:27,987 [e8ec5d3e-1dbd-405f-80ef-24c1d8e43b17@group-8D8935EE44C6-LeaderElection60] INFO  impl.LeaderElection (LeaderElection.java:logAndReturn(56)) - e8ec5d3e-1dbd-405f-80ef-24c1d8e43b17@group-8D8935EE44C6-LeaderElection60: Election REJECTED; received 2 response(s) [e8ec5d3e-1dbd-405f-80ef-24c1d8e43b17<-fef8ea31-401e-44ed-a6e5-2623f2bd7b9f#0:FAIL-t1, e8ec5d3e-1dbd-405f-80ef-24c1d8e43b17<-6047fcf1-3fae-4aa9-b5cf-920d563ea801#0:FAIL-t1] and 0 exception(s); e8ec5d3e-1dbd-405f-80ef-24c1d8e43b17@group-8D8935EE44C6:t1, leader=null, voted=e8ec5d3e-1dbd-405f-80ef-24c1d8e43b17, raftlog=e8ec5d3e-1dbd-405f-80ef-24c1d8e43b17@group-8D8935EE44C6-SegmentedRaftLog:OPENED:c-1,f-1,i0, conf=-1: [fef8ea31-401e-44ed-a6e5-2623f2bd7b9f:192.168.30.53:36623, 6047fcf1-3fae-4aa9-b5cf-920d563ea801:192.168.30.53:44756, e8ec5d3e-1dbd-405f-80ef-24c1d8e43b17:192.168.30.53:33667], old=null
2019-10-08 18:31:27,989 [e8ec5d3e-1dbd-405f-80ef-24c1d8e43b17@group-8D8935EE44C6-LeaderElection60] INFO  impl.RaftServerImpl (RaftServerImpl.java:setRole(170)) - e8ec5d3e-1dbd-405f-80ef-24c1d8e43b17@group-8D8935EE44C6: changes role from CANDIDATE to FOLLOWER at term 1 for DISCOVERED_A_NEW_TERM
2019-10-08 18:31:27,989 [e8ec5d3e-1dbd-405f-80ef-24c1d8e43b17@group-8D8935EE44C6-LeaderElection60] INFO  impl.RoleInfo (RoleInfo.java:shutdownLeaderElection(134)) - e8ec5d3e-1dbd-405f-80ef-24c1d8e43b17: shutdown LeaderElection
2019-10-08 18:31:27,989 [e8ec5d3e-1dbd-405f-80ef-24c1d8e43b17@group-8D8935EE44C6-LeaderElection60] INFO  impl.RoleInfo (RoleInfo.java:updateAndGet(143)) - e8ec5d3e-1dbd-405f-80ef-24c1d8e43b17: start FollowerState
2019-10-08 18:31:28,116 [Thread-2909] INFO  impl.FollowerState (FollowerState.java:run(108)) - d91d0ace-0381-48bb-882b-2a0860df1015@group-CD4BE732A818-FollowerState: change to CANDIDATE, lastRpcTime:5174ms, electionTimeout:5174ms
2019-10-08 18:31:28,120 [Thread-2909] INFO  impl.RoleInfo (RoleInfo.java:shutdownFollowerState(121)) - d91d0ace-0381-48bb-882b-2a0860df1015: shutdown FollowerState
2019-10-08 18:31:28,120 [Thread-2909] INFO  impl.RaftServerImpl (RaftServerImpl.java:setRole(170)) - d91d0ace-0381-48bb-882b-2a0860df1015@group-CD4BE732A818: changes role from  FOLLOWER to CANDIDATE at term 0 for changeToCandidate
2019-10-08 18:31:28,120 [Thread-2909] INFO  impl.RoleInfo (RoleInfo.java:updateAndGet(143)) - d91d0ace-0381-48bb-882b-2a0860df1015: start LeaderElection
2019-10-08 18:31:28,140 [d91d0ace-0381-48bb-882b-2a0860df1015@group-CD4BE732A818-LeaderElection61] INFO  impl.LeaderElection (LeaderElection.java:askForVotes(178)) - d91d0ace-0381-48bb-882b-2a0860df1015@group-CD4BE732A818-LeaderElection61: begin an election at term 1 for -1: [d91d0ace-0381-48bb-882b-2a0860df1015:192.168.30.53:37802], old=null
2019-10-08 18:31:28,140 [d91d0ace-0381-48bb-882b-2a0860df1015@group-CD4BE732A818-LeaderElection61] INFO  impl.RoleInfo (RoleInfo.java:shutdownLeaderElection(134)) - d91d0ace-0381-48bb-882b-2a0860df1015: shutdown LeaderElection
2019-10-08 18:31:28,140 [d91d0ace-0381-48bb-882b-2a0860df1015@group-CD4BE732A818-LeaderElection61] INFO  impl.RaftServerImpl (RaftServerImpl.java:setRole(170)) - d91d0ace-0381-48bb-882b-2a0860df1015@group-CD4BE732A818: changes role from CANDIDATE to LEADER at term 1 for changeToLeader
2019-10-08 18:31:28,140 [d91d0ace-0381-48bb-882b-2a0860df1015@group-CD4BE732A818-LeaderElection61] INFO  impl.RaftServerImpl (ServerState.java:setLeader(255)) - d91d0ace-0381-48bb-882b-2a0860df1015@group-CD4BE732A818: change Leader from null to d91d0ace-0381-48bb-882b-2a0860df1015 at term 1 for becomeLeader, leader elected after 5203ms
2019-10-08 18:31:28,140 [d91d0ace-0381-48bb-882b-2a0860df1015@group-CD4BE732A818-LeaderElection61] INFO  server.RaftServerConfigKeys (ConfUtils.java:logGet(43)) - raft.server.staging.catchup.gap = 1000 (default)
2019-10-08 18:31:28,140 [d91d0ace-0381-48bb-882b-2a0860df1015@group-CD4BE732A818-LeaderElection61] INFO  server.RaftServerConfigKeys (ConfUtils.java:logGet(43)) - raft.server.rpc.sleep.time = 25ms (default)
2019-10-08 18:31:28,141 [d91d0ace-0381-48bb-882b-2a0860df1015@group-CD4BE732A818-LeaderElection61] INFO  server.RaftServerConfigKeys (ConfUtils.java:logGet(43)) - raft.server.write.element-limit = 4096 (default)
2019-10-08 18:31:28,141 [d91d0ace-0381-48bb-882b-2a0860df1015@group-CD4BE732A818-LeaderElection61] INFO  server.RaftServerConfigKeys (ConfUtils.java:logGet(43)) - raft.server.watch.timeout = 10s (default)
2019-10-08 18:31:28,141 [d91d0ace-0381-48bb-882b-2a0860df1015@group-CD4BE732A818-LeaderElection61] INFO  server.RaftServerConfigKeys (ConfUtils.java:logGet(43)) - raft.server.watch.timeout.denomination = 1s (default)
2019-10-08 18:31:28,141 [d91d0ace-0381-48bb-882b-2a0860df1015@group-CD4BE732A818-LeaderElection61] INFO  server.RaftServerConfigKeys (ConfUtils.java:logGet(43)) - raft.server.watch.element-limit = 65536 (default)
2019-10-08 18:31:28,143 [d91d0ace-0381-48bb-882b-2a0860df1015@group-CD4BE732A818-LeaderElection61] INFO  impl.RoleInfo (RoleInfo.java:updateAndGet(143)) - d91d0ace-0381-48bb-882b-2a0860df1015: start LeaderState
2019-10-08 18:31:28,143 [d91d0ace-0381-48bb-882b-2a0860df1015@group-CD4BE732A818-LeaderElection61] INFO  segmented.SegmentedRaftLogWorker (SegmentedRaftLogWorker.java:startLogSegment(385)) - d91d0ace-0381-48bb-882b-2a0860df1015@group-CD4BE732A818-SegmentedRaftLogWorker: Starting segment from index:0
2019-10-08 18:31:28,144 [d91d0ace-0381-48bb-882b-2a0860df1015@group-CD4BE732A818-LeaderElection61] INFO  impl.RaftServerImpl (ServerState.java:setRaftConf(356)) - d91d0ace-0381-48bb-882b-2a0860df1015@group-CD4BE732A818: set configuration 0: [d91d0ace-0381-48bb-882b-2a0860df1015:192.168.30.53:37802], old=null at 0
2019-10-08 18:31:28,180 [Thread-2912] INFO  impl.FollowerState (FollowerState.java:run(108)) - c7cca4f6-1bfa-4200-b1ab-67aa819ae437@group-C2C589E69BF4-FollowerState: change to CANDIDATE, lastRpcTime:5195ms, electionTimeout:5195ms
2019-10-08 18:31:28,180 [Thread-2912] INFO  impl.RoleInfo (RoleInfo.java:shutdownFollowerState(121)) - c7cca4f6-1bfa-4200-b1ab-67aa819ae437: shutdown FollowerState
2019-10-08 18:31:28,180 [Thread-2912] INFO  impl.RaftServerImpl (RaftServerImpl.java:setRole(170)) - c7cca4f6-1bfa-4200-b1ab-67aa819ae437@group-C2C589E69BF4: changes role from  FOLLOWER to CANDIDATE at term 0 for changeToCandidate
2019-10-08 18:31:28,181 [Thread-2912] INFO  impl.RoleInfo (RoleInfo.java:updateAndGet(143)) - c7cca4f6-1bfa-4200-b1ab-67aa819ae437: start LeaderElection
2019-10-08 18:31:28,193 [Thread-2920] INFO  impl.FollowerState (FollowerState.java:run(108)) - 24dbaaa5-bd22-4331-ada3-a030212e6dab@group-A5D8024FBB00-FollowerState: change to CANDIDATE, lastRpcTime:5084ms, electionTimeout:5084ms
2019-10-08 18:31:28,194 [Thread-2920] INFO  impl.RoleInfo (RoleInfo.java:shutdownFollowerState(121)) - 24dbaaa5-bd22-4331-ada3-a030212e6dab: shutdown FollowerState
2019-10-08 18:31:28,194 [Thread-2920] INFO  impl.RaftServerImpl (RaftServerImpl.java:setRole(170)) - 24dbaaa5-bd22-4331-ada3-a030212e6dab@group-A5D8024FBB00: changes role from  FOLLOWER to CANDIDATE at term 0 for changeToCandidate
2019-10-08 18:31:28,194 [Thread-2920] INFO  impl.RoleInfo (RoleInfo.java:updateAndGet(143)) - 24dbaaa5-bd22-4331-ada3-a030212e6dab: start LeaderElection
2019-10-08 18:31:28,201 [d91d0ace-0381-48bb-882b-2a0860df1015@group-CD4BE732A818-SegmentedRaftLogWorker] INFO  segmented.SegmentedRaftLogWorker (SegmentedRaftLogWorker.java:execute(574)) - d91d0ace-0381-48bb-882b-2a0860df1015@group-CD4BE732A818-SegmentedRaftLogWorker: created new log segment /workdir/hadoop-ozone/integration-test/target/test-dir/MiniOzoneClusterImpl-a711281c-616f-488d-a7dc-db87a594177d/datanode-4/data/ratis/d89ee2bd-0dd7-4833-b9d2-cd4be732a818/current/log_inprogress_0
2019-10-08 18:31:28,201 [c7cca4f6-1bfa-4200-b1ab-67aa819ae437@group-C2C589E69BF4-LeaderElection62] INFO  impl.LeaderElection (LeaderElection.java:askForVotes(178)) - c7cca4f6-1bfa-4200-b1ab-67aa819ae437@group-C2C589E69BF4-LeaderElection62: begin an election at term 1 for -1: [c7cca4f6-1bfa-4200-b1ab-67aa819ae437:192.168.30.53:33399], old=null
2019-10-08 18:31:28,201 [c7cca4f6-1bfa-4200-b1ab-67aa819ae437@group-C2C589E69BF4-LeaderElection62] INFO  impl.RoleInfo (RoleInfo.java:shutdownLeaderElection(134)) - c7cca4f6-1bfa-4200-b1ab-67aa819ae437: shutdown LeaderElection
2019-10-08 18:31:28,201 [c7cca4f6-1bfa-4200-b1ab-67aa819ae437@group-C2C589E69BF4-LeaderElection62] INFO  impl.RaftServerImpl (RaftServerImpl.java:setRole(170)) - c7cca4f6-1bfa-4200-b1ab-67aa819ae437@group-C2C589E69BF4: changes role from CANDIDATE to LEADER at term 1 for changeToLeader
2019-10-08 18:31:28,201 [c7cca4f6-1bfa-4200-b1ab-67aa819ae437@group-C2C589E69BF4-LeaderElection62] INFO  impl.RaftServerImpl (ServerState.java:setLeader(255)) - c7cca4f6-1bfa-4200-b1ab-67aa819ae437@group-C2C589E69BF4: change Leader from null to c7cca4f6-1bfa-4200-b1ab-67aa819ae437 at term 1 for becomeLeader, leader elected after 5221ms
2019-10-08 18:31:28,201 [c7cca4f6-1bfa-4200-b1ab-67aa819ae437@group-C2C589E69BF4-LeaderElection62] INFO  server.RaftServerConfigKeys (ConfUtils.java:logGet(43)) - raft.server.staging.catchup.gap = 1000 (default)
2019-10-08 18:31:28,201 [c7cca4f6-1bfa-4200-b1ab-67aa819ae437@group-C2C589E69BF4-LeaderElection62] INFO  server.RaftServerConfigKeys (ConfUtils.java:logGet(43)) - raft.server.rpc.sleep.time = 25ms (default)
2019-10-08 18:31:28,201 [c7cca4f6-1bfa-4200-b1ab-67aa819ae437@group-C2C589E69BF4-LeaderElection62] INFO  server.RaftServerConfigKeys (ConfUtils.java:logGet(43)) - raft.server.write.element-limit = 4096 (default)
2019-10-08 18:31:28,202 [c7cca4f6-1bfa-4200-b1ab-67aa819ae437@group-C2C589E69BF4-LeaderElection62] INFO  server.RaftServerConfigKeys (ConfUtils.java:logGet(43)) - raft.server.watch.timeout = 10s (default)
2019-10-08 18:31:28,202 [c7cca4f6-1bfa-4200-b1ab-67aa819ae437@group-C2C589E69BF4-LeaderElection62] INFO  server.RaftServerConfigKeys (ConfUtils.java:logGet(43)) - raft.server.watch.timeout.denomination = 1s (default)
2019-10-08 18:31:28,202 [c7cca4f6-1bfa-4200-b1ab-67aa819ae437@group-C2C589E69BF4-LeaderElection62] INFO  server.RaftServerConfigKeys (ConfUtils.java:logGet(43)) - raft.server.watch.element-limit = 65536 (default)
2019-10-08 18:31:28,203 [24dbaaa5-bd22-4331-ada3-a030212e6dab@group-A5D8024FBB00-LeaderElection63] INFO  impl.LeaderElection (LeaderElection.java:askForVotes(178)) - 24dbaaa5-bd22-4331-ada3-a030212e6dab@group-A5D8024FBB00-LeaderElection63: begin an election at term 1 for -1: [24dbaaa5-bd22-4331-ada3-a030212e6dab:192.168.30.53:42763], old=null
2019-10-08 18:31:28,203 [24dbaaa5-bd22-4331-ada3-a030212e6dab@group-A5D8024FBB00-LeaderElection63] INFO  impl.RoleInfo (RoleInfo.java:shutdownLeaderElection(134)) - 24dbaaa5-bd22-4331-ada3-a030212e6dab: shutdown LeaderElection
2019-10-08 18:31:28,203 [24dbaaa5-bd22-4331-ada3-a030212e6dab@group-A5D8024FBB00-LeaderElection63] INFO  impl.RaftServerImpl (RaftServerImpl.java:setRole(170)) - 24dbaaa5-bd22-4331-ada3-a030212e6dab@group-A5D8024FBB00: changes role from CANDIDATE to LEADER at term 1 for changeToLeader
2019-10-08 18:31:28,203 [24dbaaa5-bd22-4331-ada3-a030212e6dab@group-A5D8024FBB00-LeaderElection63] INFO  impl.RaftServerImpl (ServerState.java:setLeader(255)) - 24dbaaa5-bd22-4331-ada3-a030212e6dab@group-A5D8024FBB00: change Leader from null to 24dbaaa5-bd22-4331-ada3-a030212e6dab at term 1 for becomeLeader, leader elected after 5104ms
2019-10-08 18:31:28,203 [c7cca4f6-1bfa-4200-b1ab-67aa819ae437@group-C2C589E69BF4-LeaderElection62] INFO  impl.RoleInfo (RoleInfo.java:updateAndGet(143)) - c7cca4f6-1bfa-4200-b1ab-67aa819ae437: start LeaderState
2019-10-08 18:31:28,203 [24dbaaa5-bd22-4331-ada3-a030212e6dab@group-A5D8024FBB00-LeaderElection63] INFO  server.RaftServerConfigKeys (ConfUtils.java:logGet(43)) - raft.server.staging.catchup.gap = 1000 (default)
2019-10-08 18:31:28,204 [c7cca4f6-1bfa-4200-b1ab-67aa819ae437@group-C2C589E69BF4-LeaderElection62] INFO  segmented.SegmentedRaftLogWorker (SegmentedRaftLogWorker.java:startLogSegment(385)) - c7cca4f6-1bfa-4200-b1ab-67aa819ae437@group-C2C589E69BF4-SegmentedRaftLogWorker: Starting segment from index:0
2019-10-08 18:31:28,204 [24dbaaa5-bd22-4331-ada3-a030212e6dab@group-A5D8024FBB00-LeaderElection63] INFO  server.RaftServerConfigKeys (ConfUtils.java:logGet(43)) - raft.server.rpc.sleep.time = 25ms (default)
2019-10-08 18:31:28,204 [24dbaaa5-bd22-4331-ada3-a030212e6dab@group-A5D8024FBB00-LeaderElection63] INFO  server.RaftServerConfigKeys (ConfUtils.java:logGet(43)) - raft.server.write.element-limit = 4096 (default)
2019-10-08 18:31:28,204 [c7cca4f6-1bfa-4200-b1ab-67aa819ae437@group-C2C589E69BF4-LeaderElection62] INFO  impl.RaftServerImpl (ServerState.java:setRaftConf(356)) - c7cca4f6-1bfa-4200-b1ab-67aa819ae437@group-C2C589E69BF4: set configuration 0: [c7cca4f6-1bfa-4200-b1ab-67aa819ae437:192.168.30.53:33399], old=null at 0
2019-10-08 18:31:28,204 [24dbaaa5-bd22-4331-ada3-a030212e6dab@group-A5D8024FBB00-LeaderElection63] INFO  server.RaftServerConfigKeys (ConfUtils.java:logGet(43)) - raft.server.watch.timeout = 10s (default)
2019-10-08 18:31:28,237 [Thread-2915] INFO  impl.FollowerState (FollowerState.java:run(108)) - 36215749-b551-4309-8afb-92be44d31dcc@group-3A085EFD3D40-FollowerState: change to CANDIDATE, lastRpcTime:5209ms, electionTimeout:5181ms
2019-10-08 18:31:28,237 [Thread-2927] INFO  impl.FollowerState (FollowerState.java:run(108)) - d91d0ace-0381-48bb-882b-2a0860df1015@group-5268B700C371-FollowerState: change to CANDIDATE, lastRpcTime:5068ms, electionTimeout:5043ms
2019-10-08 18:31:28,238 [Thread-2915] INFO  impl.RoleInfo (RoleInfo.java:shutdownFollowerState(121)) - 36215749-b551-4309-8afb-92be44d31dcc: shutdown FollowerState
2019-10-08 18:31:28,238 [24dbaaa5-bd22-4331-ada3-a030212e6dab@group-A5D8024FBB00-LeaderElection63] INFO  server.RaftServerConfigKeys (ConfUtils.java:logGet(43)) - raft.server.watch.timeout.denomination = 1s (default)
2019-10-08 18:31:28,238 [Thread-2915] INFO  impl.RaftServerImpl (RaftServerImpl.java:setRole(170)) - 36215749-b551-4309-8afb-92be44d31dcc@group-3A085EFD3D40: changes role from  FOLLOWER to CANDIDATE at term 0 for changeToCandidate
2019-10-08 18:31:28,238 [Thread-2927] INFO  impl.RoleInfo (RoleInfo.java:shutdownFollowerState(121)) - d91d0ace-0381-48bb-882b-2a0860df1015: shutdown FollowerState
2019-10-08 18:31:28,238 [Thread-2915] INFO  impl.RoleInfo (RoleInfo.java:updateAndGet(143)) - 36215749-b551-4309-8afb-92be44d31dcc: start LeaderElection
2019-10-08 18:31:28,238 [24dbaaa5-bd22-4331-ada3-a030212e6dab@group-A5D8024FBB00-LeaderElection63] INFO  server.RaftServerConfigKeys (ConfUtils.java:logGet(43)) - raft.server.watch.element-limit = 65536 (default)
2019-10-08 18:31:28,239 [Thread-2927] INFO  impl.RaftServerImpl (RaftServerImpl.java:setRole(170)) - d91d0ace-0381-48bb-882b-2a0860df1015@group-5268B700C371: changes role from  FOLLOWER to CANDIDATE at term 0 for changeToCandidate
2019-10-08 18:31:28,244 [Thread-2927] INFO  impl.RoleInfo (RoleInfo.java:updateAndGet(143)) - d91d0ace-0381-48bb-882b-2a0860df1015: start LeaderElection
2019-10-08 18:31:28,248 [24dbaaa5-bd22-4331-ada3-a030212e6dab@group-A5D8024FBB00-LeaderElection63] INFO  impl.RoleInfo (RoleInfo.java:updateAndGet(143)) - 24dbaaa5-bd22-4331-ada3-a030212e6dab: start LeaderState
2019-10-08 18:31:28,249 [24dbaaa5-bd22-4331-ada3-a030212e6dab@group-A5D8024FBB00-LeaderElection63] INFO  segmented.SegmentedRaftLogWorker (SegmentedRaftLogWorker.java:startLogSegment(385)) - 24dbaaa5-bd22-4331-ada3-a030212e6dab@group-A5D8024FBB00-SegmentedRaftLogWorker: Starting segment from index:0
2019-10-08 18:31:28,249 [24dbaaa5-bd22-4331-ada3-a030212e6dab@group-A5D8024FBB00-LeaderElection63] INFO  impl.RaftServerImpl (ServerState.java:setRaftConf(356)) - 24dbaaa5-bd22-4331-ada3-a030212e6dab@group-A5D8024FBB00: set configuration 0: [24dbaaa5-bd22-4331-ada3-a030212e6dab:192.168.30.53:42763], old=null at 0
2019-10-08 18:31:28,252 [c7cca4f6-1bfa-4200-b1ab-67aa819ae437@group-C2C589E69BF4-SegmentedRaftLogWorker] INFO  segmented.SegmentedRaftLogWorker (SegmentedRaftLogWorker.java:execute(574)) - c7cca4f6-1bfa-4200-b1ab-67aa819ae437@group-C2C589E69BF4-SegmentedRaftLogWorker: created new log segment /workdir/hadoop-ozone/integration-test/target/test-dir/MiniOzoneClusterImpl-a711281c-616f-488d-a7dc-db87a594177d/datanode-3/data/ratis/c9b978f0-42ab-41fc-a1f7-c2c589e69bf4/current/log_inprogress_0
2019-10-08 18:31:28,252 [36215749-b551-4309-8afb-92be44d31dcc@group-3A085EFD3D40-LeaderElection64] INFO  impl.LeaderElection (LeaderElection.java:askForVotes(178)) - 36215749-b551-4309-8afb-92be44d31dcc@group-3A085EFD3D40-LeaderElection64: begin an election at term 1 for -1: [36215749-b551-4309-8afb-92be44d31dcc:192.168.30.53:44386], old=null
2019-10-08 18:31:28,252 [d91d0ace-0381-48bb-882b-2a0860df1015@group-5268B700C371-LeaderElection65] INFO  impl.LeaderElection (LeaderElection.java:askForVotes(178)) - d91d0ace-0381-48bb-882b-2a0860df1015@group-5268B700C371-LeaderElection65: begin an election at term 1 for -1: [24dbaaa5-bd22-4331-ada3-a030212e6dab:192.168.30.53:42763, 36215749-b551-4309-8afb-92be44d31dcc:192.168.30.53:44386, d91d0ace-0381-48bb-882b-2a0860df1015:192.168.30.53:37802], old=null
2019-10-08 18:31:28,252 [36215749-b551-4309-8afb-92be44d31dcc@group-3A085EFD3D40-LeaderElection64] INFO  impl.RoleInfo (RoleInfo.java:shutdownLeaderElection(134)) - 36215749-b551-4309-8afb-92be44d31dcc: shutdown LeaderElection
2019-10-08 18:31:28,252 [36215749-b551-4309-8afb-92be44d31dcc@group-3A085EFD3D40-LeaderElection64] INFO  impl.RaftServerImpl (RaftServerImpl.java:setRole(170)) - 36215749-b551-4309-8afb-92be44d31dcc@group-3A085EFD3D40: changes role from CANDIDATE to LEADER at term 1 for changeToLeader
2019-10-08 18:31:28,252 [36215749-b551-4309-8afb-92be44d31dcc@group-3A085EFD3D40-LeaderElection64] INFO  impl.RaftServerImpl (ServerState.java:setLeader(255)) - 36215749-b551-4309-8afb-92be44d31dcc@group-3A085EFD3D40: change Leader from null to 36215749-b551-4309-8afb-92be44d31dcc at term 1 for becomeLeader, leader elected after 5231ms
2019-10-08 18:31:28,253 [36215749-b551-4309-8afb-92be44d31dcc@group-3A085EFD3D40-LeaderElection64] INFO  server.RaftServerConfigKeys (ConfUtils.java:logGet(43)) - raft.server.staging.catchup.gap = 1000 (default)
2019-10-08 18:31:28,253 [36215749-b551-4309-8afb-92be44d31dcc@group-3A085EFD3D40-LeaderElection64] INFO  server.RaftServerConfigKeys (ConfUtils.java:logGet(43)) - raft.server.rpc.sleep.time = 25ms (default)
2019-10-08 18:31:28,253 [36215749-b551-4309-8afb-92be44d31dcc@group-3A085EFD3D40-LeaderElection64] INFO  server.RaftServerConfigKeys (ConfUtils.java:logGet(43)) - raft.server.write.element-limit = 4096 (default)
2019-10-08 18:31:28,253 [36215749-b551-4309-8afb-92be44d31dcc@group-3A085EFD3D40-LeaderElection64] INFO  server.RaftServerConfigKeys (ConfUtils.java:logGet(43)) - raft.server.watch.timeout = 10s (default)
2019-10-08 18:31:28,253 [36215749-b551-4309-8afb-92be44d31dcc@group-3A085EFD3D40-LeaderElection64] INFO  server.RaftServerConfigKeys (ConfUtils.java:logGet(43)) - raft.server.watch.timeout.denomination = 1s (default)
2019-10-08 18:31:28,253 [36215749-b551-4309-8afb-92be44d31dcc@group-3A085EFD3D40-LeaderElection64] INFO  server.RaftServerConfigKeys (ConfUtils.java:logGet(43)) - raft.server.watch.element-limit = 65536 (default)
2019-10-08 18:31:28,290 [36215749-b551-4309-8afb-92be44d31dcc@group-3A085EFD3D40-LeaderElection64] INFO  impl.RoleInfo (RoleInfo.java:updateAndGet(143)) - 36215749-b551-4309-8afb-92be44d31dcc: start LeaderState
2019-10-08 18:31:28,290 [36215749-b551-4309-8afb-92be44d31dcc@group-3A085EFD3D40-LeaderElection64] INFO  segmented.SegmentedRaftLogWorker (SegmentedRaftLogWorker.java:startLogSegment(385)) - 36215749-b551-4309-8afb-92be44d31dcc@group-3A085EFD3D40-SegmentedRaftLogWorker: Starting segment from index:0
2019-10-08 18:31:28,291 [36215749-b551-4309-8afb-92be44d31dcc@group-3A085EFD3D40-LeaderElection64] INFO  impl.RaftServerImpl (ServerState.java:setRaftConf(356)) - 36215749-b551-4309-8afb-92be44d31dcc@group-3A085EFD3D40: set configuration 0: [36215749-b551-4309-8afb-92be44d31dcc:192.168.30.53:44386], old=null at 0
2019-10-08 18:31:28,331 [Thread-2923] INFO  impl.FollowerState (FollowerState.java:run(108)) - 24dbaaa5-bd22-4331-ada3-a030212e6dab@group-5268B700C371-FollowerState: change to CANDIDATE, lastRpcTime:5167ms, electionTimeout:5152ms
2019-10-08 18:31:28,331 [Thread-2923] INFO  impl.RoleInfo (RoleInfo.java:shutdownFollowerState(121)) - 24dbaaa5-bd22-4331-ada3-a030212e6dab: shutdown FollowerState
2019-10-08 18:31:28,331 [24dbaaa5-bd22-4331-ada3-a030212e6dab@group-A5D8024FBB00-SegmentedRaftLogWorker] INFO  segmented.SegmentedRaftLogWorker (SegmentedRaftLogWorker.java:execute(574)) - 24dbaaa5-bd22-4331-ada3-a030212e6dab@group-A5D8024FBB00-SegmentedRaftLogWorker: created new log segment /workdir/hadoop-ozone/integration-test/target/test-dir/MiniOzoneClusterImpl-a711281c-616f-488d-a7dc-db87a594177d/datanode-6/data/ratis/5edaac33-e37a-4bc9-8ce7-a5d8024fbb00/current/log_inprogress_0
2019-10-08 18:31:28,332 [Thread-2923] INFO  impl.RaftServerImpl (RaftServerImpl.java:setRole(170)) - 24dbaaa5-bd22-4331-ada3-a030212e6dab@group-5268B700C371: changes role from  FOLLOWER to CANDIDATE at term 0 for changeToCandidate
2019-10-08 18:31:28,335 [Thread-2923] INFO  impl.RoleInfo (RoleInfo.java:updateAndGet(143)) - 24dbaaa5-bd22-4331-ada3-a030212e6dab: start LeaderElection
2019-10-08 18:31:28,341 [grpc-default-executor-5] INFO  impl.RaftServerImpl (RaftServerImpl.java:setRole(170)) - 36215749-b551-4309-8afb-92be44d31dcc@group-5268B700C371: changes role from  FOLLOWER to FOLLOWER at term 1 for recognizeCandidate:d91d0ace-0381-48bb-882b-2a0860df1015
2019-10-08 18:31:28,341 [grpc-default-executor-6] INFO  impl.RaftServerImpl (RaftServerImpl.java:setRole(170)) - 24dbaaa5-bd22-4331-ada3-a030212e6dab@group-5268B700C371: changes role from CANDIDATE to FOLLOWER at term 1 for recognizeCandidate:d91d0ace-0381-48bb-882b-2a0860df1015
2019-10-08 18:31:28,341 [grpc-default-executor-5] INFO  impl.RoleInfo (RoleInfo.java:shutdownFollowerState(121)) - 36215749-b551-4309-8afb-92be44d31dcc: shutdown FollowerState
2019-10-08 18:31:28,341 [grpc-default-executor-6] INFO  impl.RoleInfo (RoleInfo.java:shutdownLeaderElection(134)) - 24dbaaa5-bd22-4331-ada3-a030212e6dab: shutdown LeaderElection
2019-10-08 18:31:28,342 [grpc-default-executor-5] INFO  impl.RoleInfo (RoleInfo.java:updateAndGet(143)) - 36215749-b551-4309-8afb-92be44d31dcc: start FollowerState
2019-10-08 18:31:28,344 [36215749-b551-4309-8afb-92be44d31dcc@group-3A085EFD3D40-SegmentedRaftLogWorker] INFO  segmented.SegmentedRaftLogWorker (SegmentedRaftLogWorker.java:execute(574)) - 36215749-b551-4309-8afb-92be44d31dcc@group-3A085EFD3D40-SegmentedRaftLogWorker: created new log segment /workdir/hadoop-ozone/integration-test/target/test-dir/MiniOzoneClusterImpl-a711281c-616f-488d-a7dc-db87a594177d/datanode-5/data/ratis/e2dbfe5c-9771-49dd-bd30-3a085efd3d40/current/log_inprogress_0
2019-10-08 18:31:28,342 [grpc-default-executor-6] INFO  impl.RoleInfo (RoleInfo.java:updateAndGet(143)) - 24dbaaa5-bd22-4331-ada3-a030212e6dab: start FollowerState
2019-10-08 18:31:28,362 [d91d0ace-0381-48bb-882b-2a0860df1015@group-5268B700C371-LeaderElection65] INFO  impl.LeaderElection (LeaderElection.java:logAndReturn(56)) - d91d0ace-0381-48bb-882b-2a0860df1015@group-5268B700C371-LeaderElection65: Election PASSED; received 2 response(s) [d91d0ace-0381-48bb-882b-2a0860df1015<-24dbaaa5-bd22-4331-ada3-a030212e6dab#0:FAIL-t1, d91d0ace-0381-48bb-882b-2a0860df1015<-36215749-b551-4309-8afb-92be44d31dcc#0:OK-t1] and 0 exception(s); d91d0ace-0381-48bb-882b-2a0860df1015@group-5268B700C371:t1, leader=null, voted=d91d0ace-0381-48bb-882b-2a0860df1015, raftlog=d91d0ace-0381-48bb-882b-2a0860df1015@group-5268B700C371-SegmentedRaftLog:OPENED:c-1,f-1,i0, conf=-1: [24dbaaa5-bd22-4331-ada3-a030212e6dab:192.168.30.53:42763, 36215749-b551-4309-8afb-92be44d31dcc:192.168.30.53:44386, d91d0ace-0381-48bb-882b-2a0860df1015:192.168.30.53:37802], old=null
2019-10-08 18:31:28,362 [d91d0ace-0381-48bb-882b-2a0860df1015@group-5268B700C371-LeaderElection65] INFO  impl.RoleInfo (RoleInfo.java:shutdownLeaderElection(134)) - d91d0ace-0381-48bb-882b-2a0860df1015: shutdown LeaderElection
2019-10-08 18:31:28,363 [d91d0ace-0381-48bb-882b-2a0860df1015@group-5268B700C371-LeaderElection65] INFO  impl.RaftServerImpl (RaftServerImpl.java:setRole(170)) - d91d0ace-0381-48bb-882b-2a0860df1015@group-5268B700C371: changes role from CANDIDATE to LEADER at term 1 for changeToLeader
2019-10-08 18:31:28,363 [d91d0ace-0381-48bb-882b-2a0860df1015@group-5268B700C371-LeaderElection65] INFO  impl.RaftServerImpl (ServerState.java:setLeader(255)) - d91d0ace-0381-48bb-882b-2a0860df1015@group-5268B700C371: change Leader from null to d91d0ace-0381-48bb-882b-2a0860df1015 at term 1 for becomeLeader, leader elected after 5205ms
2019-10-08 18:31:28,363 [d91d0ace-0381-48bb-882b-2a0860df1015@group-5268B700C371-LeaderElection65] INFO  server.RaftServerConfigKeys (ConfUtils.java:logGet(43)) - raft.server.staging.catchup.gap = 1000 (default)
2019-10-08 18:31:28,363 [d91d0ace-0381-48bb-882b-2a0860df1015@group-5268B700C371-LeaderElection65] INFO  server.RaftServerConfigKeys (ConfUtils.java:logGet(43)) - raft.server.rpc.sleep.time = 25ms (default)
2019-10-08 18:31:28,363 [d91d0ace-0381-48bb-882b-2a0860df1015@group-5268B700C371-LeaderElection65] INFO  server.RaftServerConfigKeys (ConfUtils.java:logGet(43)) - raft.server.write.element-limit = 4096 (default)
2019-10-08 18:31:28,363 [d91d0ace-0381-48bb-882b-2a0860df1015@group-5268B700C371-LeaderElection65] INFO  server.RaftServerConfigKeys (ConfUtils.java:logGet(43)) - raft.server.watch.timeout = 10s (default)
2019-10-08 18:31:28,363 [d91d0ace-0381-48bb-882b-2a0860df1015@group-5268B700C371-LeaderElection65] INFO  server.RaftServerConfigKeys (ConfUtils.java:logGet(43)) - raft.server.watch.timeout.denomination = 1s (default)
2019-10-08 18:31:28,364 [d91d0ace-0381-48bb-882b-2a0860df1015@group-5268B700C371-LeaderElection65] INFO  server.RaftServerConfigKeys (ConfUtils.java:logGet(43)) - raft.server.watch.element-limit = 65536 (default)
2019-10-08 18:31:28,365 [d91d0ace-0381-48bb-882b-2a0860df1015@group-5268B700C371-LeaderElection65] INFO  server.RaftServerConfigKeys (ConfUtils.java:logGet(43)) - raft.server.log.appender.snapshot.chunk.size.max = 16MB (=16777216) (default)
2019-10-08 18:31:28,366 [d91d0ace-0381-48bb-882b-2a0860df1015@group-5268B700C371-LeaderElection65] INFO  server.RaftServerConfigKeys (ConfUtils.java:logGet(43)) - raft.server.log.appender.buffer.byte-limit = 33554432 (custom)
2019-10-08 18:31:28,366 [d91d0ace-0381-48bb-882b-2a0860df1015@group-5268B700C371-LeaderElection65] INFO  server.RaftServerConfigKeys (ConfUtils.java:logGet(43)) - raft.server.log.appender.buffer.element-limit = 1 (custom)
2019-10-08 18:31:28,366 [d91d0ace-0381-48bb-882b-2a0860df1015@group-5268B700C371-LeaderElection65] INFO  grpc.GrpcConfigKeys$Server (ConfUtils.java:logGet(43)) - raft.grpc.server.leader.outstanding.appends.max = 128 (default)
2019-10-08 18:31:28,366 [d91d0ace-0381-48bb-882b-2a0860df1015@group-5268B700C371-LeaderElection65] INFO  server.RaftServerConfigKeys (ConfUtils.java:logGet(43)) - raft.server.rpc.request.timeout = 3000ms (default)
2019-10-08 18:31:28,366 [d91d0ace-0381-48bb-882b-2a0860df1015@group-5268B700C371-LeaderElection65] INFO  server.RaftServerConfigKeys (ConfUtils.java:logGet(43)) - raft.server.log.appender.install.snapshot.enabled = false (custom)
2019-10-08 18:31:28,366 [d91d0ace-0381-48bb-882b-2a0860df1015@group-5268B700C371-LeaderElection65] INFO  server.RaftServerConfigKeys (ConfUtils.java:logGet(43)) - raft.server.log.appender.snapshot.chunk.size.max = 16MB (=16777216) (default)
2019-10-08 18:31:28,367 [d91d0ace-0381-48bb-882b-2a0860df1015@group-5268B700C371-LeaderElection65] INFO  server.RaftServerConfigKeys (ConfUtils.java:logGet(43)) - raft.server.log.appender.buffer.byte-limit = 33554432 (custom)
2019-10-08 18:31:28,367 [d91d0ace-0381-48bb-882b-2a0860df1015@group-5268B700C371-LeaderElection65] INFO  server.RaftServerConfigKeys (ConfUtils.java:logGet(43)) - raft.server.log.appender.buffer.element-limit = 1 (custom)
2019-10-08 18:31:28,367 [d91d0ace-0381-48bb-882b-2a0860df1015@group-5268B700C371-LeaderElection65] INFO  grpc.GrpcConfigKeys$Server (ConfUtils.java:logGet(43)) - raft.grpc.server.leader.outstanding.appends.max = 128 (default)
2019-10-08 18:31:28,367 [d91d0ace-0381-48bb-882b-2a0860df1015@group-5268B700C371-LeaderElection65] INFO  server.RaftServerConfigKeys (ConfUtils.java:logGet(43)) - raft.server.rpc.request.timeout = 3000ms (default)
2019-10-08 18:31:28,367 [d91d0ace-0381-48bb-882b-2a0860df1015@group-5268B700C371-LeaderElection65] INFO  server.RaftServerConfigKeys (ConfUtils.java:logGet(43)) - raft.server.log.appender.install.snapshot.enabled = false (custom)
2019-10-08 18:31:28,367 [d91d0ace-0381-48bb-882b-2a0860df1015@group-5268B700C371-LeaderElection65] INFO  impl.RoleInfo (RoleInfo.java:updateAndGet(143)) - d91d0ace-0381-48bb-882b-2a0860df1015: start LeaderState
2019-10-08 18:31:28,368 [d91d0ace-0381-48bb-882b-2a0860df1015@group-5268B700C371-LeaderElection65] INFO  segmented.SegmentedRaftLogWorker (SegmentedRaftLogWorker.java:startLogSegment(385)) - d91d0ace-0381-48bb-882b-2a0860df1015@group-5268B700C371-SegmentedRaftLogWorker: Starting segment from index:0
2019-10-08 18:31:28,368 [d91d0ace-0381-48bb-882b-2a0860df1015@group-5268B700C371-LeaderElection65] INFO  impl.RaftServerImpl (ServerState.java:setRaftConf(356)) - d91d0ace-0381-48bb-882b-2a0860df1015@group-5268B700C371: set configuration 0: [24dbaaa5-bd22-4331-ada3-a030212e6dab:192.168.30.53:42763, 36215749-b551-4309-8afb-92be44d31dcc:192.168.30.53:44386, d91d0ace-0381-48bb-882b-2a0860df1015:192.168.30.53:37802], old=null at 0
2019-10-08 18:31:28,370 [grpc-default-executor-6] INFO  impl.RaftServerImpl (ServerState.java:setLeader(255)) - 36215749-b551-4309-8afb-92be44d31dcc@group-5268B700C371: change Leader from null to d91d0ace-0381-48bb-882b-2a0860df1015 at term 1 for appendEntries, leader elected after 5211ms
2019-10-08 18:31:28,403 [24dbaaa5-bd22-4331-ada3-a030212e6dab@group-5268B700C371-LeaderElection66] INFO  impl.LeaderElection (LeaderElection.java:askForVotes(178)) - 24dbaaa5-bd22-4331-ada3-a030212e6dab@group-5268B700C371-LeaderElection66: begin an election at term 2 for -1: [24dbaaa5-bd22-4331-ada3-a030212e6dab:192.168.30.53:42763, 36215749-b551-4309-8afb-92be44d31dcc:192.168.30.53:44386, d91d0ace-0381-48bb-882b-2a0860df1015:192.168.30.53:37802], old=null
2019-10-08 18:31:28,404 [Thread-2977] INFO  impl.RaftServerImpl (ServerState.java:setLeader(255)) - d91d0ace-0381-48bb-882b-2a0860df1015@group-5268B700C371: change Leader from d91d0ace-0381-48bb-882b-2a0860df1015 to null at term 2 for updateCurrentTerm
2019-10-08 18:31:28,404 [24dbaaa5-bd22-4331-ada3-a030212e6dab@group-5268B700C371-LeaderElection66] INFO  impl.LeaderElection (LeaderElection.java:logAndReturn(56)) - 24dbaaa5-bd22-4331-ada3-a030212e6dab@group-5268B700C371-LeaderElection66: Election REJECTED; received 0 response(s) [] and 0 exception(s); 24dbaaa5-bd22-4331-ada3-a030212e6dab@group-5268B700C371:t2, leader=null, voted=24dbaaa5-bd22-4331-ada3-a030212e6dab, raftlog=24dbaaa5-bd22-4331-ada3-a030212e6dab@group-5268B700C371-SegmentedRaftLog:OPENED:c-1,f-1,i0, conf=-1: [24dbaaa5-bd22-4331-ada3-a030212e6dab:192.168.30.53:42763, 36215749-b551-4309-8afb-92be44d31dcc:192.168.30.53:44386, d91d0ace-0381-48bb-882b-2a0860df1015:192.168.30.53:37802], old=null
2019-10-08 18:31:28,404 [Thread-2977] INFO  impl.RaftServerImpl (RaftServerImpl.java:setRole(170)) - d91d0ace-0381-48bb-882b-2a0860df1015@group-5268B700C371: changes role from    LEADER to FOLLOWER at term 2 for stepDown
2019-10-08 18:31:28,405 [Thread-2977] INFO  impl.RoleInfo (RoleInfo.java:shutdownLeaderState(104)) - d91d0ace-0381-48bb-882b-2a0860df1015: shutdown LeaderState
2019-10-08 18:31:28,409 [org.apache.ratis.server.impl.LogAppender$AppenderDaemon$$Lambda$517/320324715@154b0b05] WARN  server.GrpcLogAppender (GrpcLogAppender.java:mayWait(143)) - d91d0ace-0381-48bb-882b-2a0860df1015@group-5268B700C371->36215749-b551-4309-8afb-92be44d31dcc-GrpcLogAppender: Wait interrupted by java.lang.InterruptedException
2019-10-08 18:31:28,409 [org.apache.ratis.server.impl.LogAppender$AppenderDaemon$$Lambda$517/320324715@29e1b936] WARN  server.GrpcLogAppender (GrpcLogAppender.java:mayWait(143)) - d91d0ace-0381-48bb-882b-2a0860df1015@group-5268B700C371->24dbaaa5-bd22-4331-ada3-a030212e6dab-GrpcLogAppender: Wait interrupted by java.lang.InterruptedException
2019-10-08 18:31:28,409 [Thread-2977] INFO  impl.PendingRequests (PendingRequests.java:sendNotLeaderResponses(202)) - d91d0ace-0381-48bb-882b-2a0860df1015@group-5268B700C371-PendingRequests: sendNotLeaderResponses
2019-10-08 18:31:28,411 [grpc-default-executor-7] INFO  impl.RaftServerImpl (ServerState.java:setRaftConf(356)) - 36215749-b551-4309-8afb-92be44d31dcc@group-5268B700C371: set configuration 0: [24dbaaa5-bd22-4331-ada3-a030212e6dab:192.168.30.53:42763, 36215749-b551-4309-8afb-92be44d31dcc:192.168.30.53:44386, d91d0ace-0381-48bb-882b-2a0860df1015:192.168.30.53:37802], old=null at 0
2019-10-08 18:31:28,411 [Thread-2977] INFO  impl.RoleInfo (RoleInfo.java:updateAndGet(143)) - d91d0ace-0381-48bb-882b-2a0860df1015: start FollowerState
2019-10-08 18:31:28,412 [grpc-default-executor-7] INFO  segmented.SegmentedRaftLogWorker (SegmentedRaftLogWorker.java:startLogSegment(385)) - 36215749-b551-4309-8afb-92be44d31dcc@group-5268B700C371-SegmentedRaftLogWorker: Starting segment from index:0
2019-10-08 18:31:28,412 [grpc-default-executor-5] INFO  server.GrpcServerProtocolService (GrpcServerProtocolService.java:onCompleted(113)) - 24dbaaa5-bd22-4331-ada3-a030212e6dab: Completed APPEND_ENTRIES, lastRequest: d91d0ace-0381-48bb-882b-2a0860df1015->24dbaaa5-bd22-4331-ada3-a030212e6dab#0-t1, previous=(t:0, i:0), leaderCommit=-1, initializing? false, entries: <empty>
2019-10-08 18:31:28,412 [grpc-default-executor-7] INFO  server.GrpcServerProtocolService (GrpcServerProtocolService.java:onCompleted(113)) - 36215749-b551-4309-8afb-92be44d31dcc: Completed APPEND_ENTRIES, lastRequest: d91d0ace-0381-48bb-882b-2a0860df1015->36215749-b551-4309-8afb-92be44d31dcc#1-t1, previous=(t:0, i:0), leaderCommit=-1, initializing? false, entries: size=1, first=(t:1, i:0), CONFIGURATIONENTRY
2019-10-08 18:31:28,412 [grpc-default-executor-7] INFO  server.GrpcLogAppender (GrpcLogAppender.java:onCompleted(293)) - d91d0ace-0381-48bb-882b-2a0860df1015@group-5268B700C371->36215749-b551-4309-8afb-92be44d31dcc-AppendLogResponseHandler: follower responses appendEntries COMPLETED
2019-10-08 18:31:28,412 [grpc-default-executor-5] INFO  server.GrpcLogAppender (GrpcLogAppender.java:onCompleted(293)) - d91d0ace-0381-48bb-882b-2a0860df1015@group-5268B700C371->24dbaaa5-bd22-4331-ada3-a030212e6dab-AppendLogResponseHandler: follower responses appendEntries COMPLETED
2019-10-08 18:31:28,413 [grpc-default-executor-7] INFO  impl.FollowerInfo (FollowerInfo.java:lambda$new$0(51)) - d91d0ace-0381-48bb-882b-2a0860df1015@group-5268B700C371->36215749-b551-4309-8afb-92be44d31dcc: nextIndex: updateUnconditionally 1 -> 0
2019-10-08 18:31:28,413 [grpc-default-executor-5] INFO  impl.FollowerInfo (FollowerInfo.java:lambda$new$0(51)) - d91d0ace-0381-48bb-882b-2a0860df1015@group-5268B700C371->24dbaaa5-bd22-4331-ada3-a030212e6dab: nextIndex: updateUnconditionally 0 -> 0
2019-10-08 18:31:28,414 [grpc-default-executor-7] INFO  impl.RaftServerImpl (ServerState.java:setLeader(255)) - 36215749-b551-4309-8afb-92be44d31dcc@group-5268B700C371: change Leader from d91d0ace-0381-48bb-882b-2a0860df1015 to null at term 2 for updateCurrentTerm
2019-10-08 18:31:28,414 [grpc-default-executor-7] INFO  impl.RaftServerImpl (RaftServerImpl.java:setRole(170)) - 36215749-b551-4309-8afb-92be44d31dcc@group-5268B700C371: changes role from  FOLLOWER to FOLLOWER at term 2 for recognizeCandidate:24dbaaa5-bd22-4331-ada3-a030212e6dab
2019-10-08 18:31:28,414 [grpc-default-executor-7] INFO  impl.RoleInfo (RoleInfo.java:shutdownFollowerState(121)) - 36215749-b551-4309-8afb-92be44d31dcc: shutdown FollowerState
2019-10-08 18:31:28,414 [grpc-default-executor-7] INFO  impl.RoleInfo (RoleInfo.java:updateAndGet(143)) - 36215749-b551-4309-8afb-92be44d31dcc: start FollowerState
2019-10-08 18:31:28,414 [Thread-2975] INFO  impl.FollowerState (FollowerState.java:run(117)) - 36215749-b551-4309-8afb-92be44d31dcc@group-5268B700C371-FollowerState was interrupted: java.lang.InterruptedException: sleep interrupted
2019-10-08 18:31:28,443 [d91d0ace-0381-48bb-882b-2a0860df1015@group-5268B700C371-SegmentedRaftLogWorker] INFO  segmented.SegmentedRaftLogWorker (SegmentedRaftLogWorker.java:execute(574)) - d91d0ace-0381-48bb-882b-2a0860df1015@group-5268B700C371-SegmentedRaftLogWorker: created new log segment /workdir/hadoop-ozone/integration-test/target/test-dir/MiniOzoneClusterImpl-a711281c-616f-488d-a7dc-db87a594177d/datanode-4/data/ratis/40c702cc-e3c1-4e4e-9562-5268b700c371/current/log_inprogress_0
2019-10-08 18:31:28,443 [grpc-default-executor-5] INFO  impl.RaftServerImpl (RaftServerImpl.java:setRole(170)) - d91d0ace-0381-48bb-882b-2a0860df1015@group-5268B700C371: changes role from  FOLLOWER to FOLLOWER at term 2 for recognizeCandidate:24dbaaa5-bd22-4331-ada3-a030212e6dab
2019-10-08 18:31:28,461 [grpc-default-executor-5] INFO  impl.RoleInfo (RoleInfo.java:shutdownFollowerState(121)) - d91d0ace-0381-48bb-882b-2a0860df1015: shutdown FollowerState
2019-10-08 18:31:28,461 [36215749-b551-4309-8afb-92be44d31dcc@group-5268B700C371-SegmentedRaftLogWorker] INFO  segmented.SegmentedRaftLogWorker (SegmentedRaftLogWorker.java:execute(574)) - 36215749-b551-4309-8afb-92be44d31dcc@group-5268B700C371-SegmentedRaftLogWorker: created new log segment /workdir/hadoop-ozone/integration-test/target/test-dir/MiniOzoneClusterImpl-a711281c-616f-488d-a7dc-db87a594177d/datanode-5/data/ratis/40c702cc-e3c1-4e4e-9562-5268b700c371/current/log_inprogress_0
2019-10-08 18:31:28,461 [Thread-2985] INFO  impl.FollowerState (FollowerState.java:run(117)) - d91d0ace-0381-48bb-882b-2a0860df1015@group-5268B700C371-FollowerState was interrupted: java.lang.InterruptedException: sleep interrupted
2019-10-08 18:31:28,461 [grpc-default-executor-5] INFO  impl.RoleInfo (RoleInfo.java:updateAndGet(143)) - d91d0ace-0381-48bb-882b-2a0860df1015: start FollowerState
2019-10-08 18:31:32,992 [Thread-2960] INFO  impl.FollowerState (FollowerState.java:run(108)) - e8ec5d3e-1dbd-405f-80ef-24c1d8e43b17@group-8D8935EE44C6-FollowerState: change to CANDIDATE, lastRpcTime:5002ms, electionTimeout:5002ms
2019-10-08 18:31:32,992 [Thread-2960] INFO  impl.RoleInfo (RoleInfo.java:shutdownFollowerState(121)) - e8ec5d3e-1dbd-405f-80ef-24c1d8e43b17: shutdown FollowerState
2019-10-08 18:31:32,993 [Thread-2960] INFO  impl.RaftServerImpl (RaftServerImpl.java:setRole(170)) - e8ec5d3e-1dbd-405f-80ef-24c1d8e43b17@group-8D8935EE44C6: changes role from  FOLLOWER to CANDIDATE at term 1 for changeToCandidate
2019-10-08 18:31:32,993 [Thread-2960] INFO  impl.RoleInfo (RoleInfo.java:updateAndGet(143)) - e8ec5d3e-1dbd-405f-80ef-24c1d8e43b17: start LeaderElection
2019-10-08 18:31:33,002 [Thread-2959] INFO  impl.FollowerState (FollowerState.java:run(108)) - 6047fcf1-3fae-4aa9-b5cf-920d563ea801@group-8D8935EE44C6-FollowerState: change to CANDIDATE, lastRpcTime:5017ms, electionTimeout:5017ms
2019-10-08 18:31:33,002 [Thread-2959] INFO  impl.RoleInfo (RoleInfo.java:shutdownFollowerState(121)) - 6047fcf1-3fae-4aa9-b5cf-920d563ea801: shutdown FollowerState
2019-10-08 18:31:33,002 [Thread-2959] INFO  impl.RaftServerImpl (RaftServerImpl.java:setRole(170)) - 6047fcf1-3fae-4aa9-b5cf-920d563ea801@group-8D8935EE44C6: changes role from  FOLLOWER to CANDIDATE at term 1 for changeToCandidate
2019-10-08 18:31:33,002 [Thread-2959] INFO  impl.RoleInfo (RoleInfo.java:updateAndGet(143)) - 6047fcf1-3fae-4aa9-b5cf-920d563ea801: start LeaderElection
2019-10-08 18:31:33,012 [e8ec5d3e-1dbd-405f-80ef-24c1d8e43b17@group-8D8935EE44C6-LeaderElection67] INFO  impl.LeaderElection (LeaderElection.java:askForVotes(178)) - e8ec5d3e-1dbd-405f-80ef-24c1d8e43b17@group-8D8935EE44C6-LeaderElection67: begin an election at term 2 for -1: [fef8ea31-401e-44ed-a6e5-2623f2bd7b9f:192.168.30.53:36623, 6047fcf1-3fae-4aa9-b5cf-920d563ea801:192.168.30.53:44756, e8ec5d3e-1dbd-405f-80ef-24c1d8e43b17:192.168.30.53:33667], old=null
2019-10-08 18:31:33,012 [6047fcf1-3fae-4aa9-b5cf-920d563ea801@group-8D8935EE44C6-LeaderElection68] INFO  impl.LeaderElection (LeaderElection.java:askForVotes(178)) - 6047fcf1-3fae-4aa9-b5cf-920d563ea801@group-8D8935EE44C6-LeaderElection68: begin an election at term 2 for -1: [fef8ea31-401e-44ed-a6e5-2623f2bd7b9f:192.168.30.53:36623, 6047fcf1-3fae-4aa9-b5cf-920d563ea801:192.168.30.53:44756, e8ec5d3e-1dbd-405f-80ef-24c1d8e43b17:192.168.30.53:33667], old=null
2019-10-08 18:31:33,015 [grpc-default-executor-5] INFO  impl.RaftServerImpl (RaftServerImpl.java:setRole(170)) - fef8ea31-401e-44ed-a6e5-2623f2bd7b9f@group-8D8935EE44C6: changes role from  FOLLOWER to FOLLOWER at term 2 for recognizeCandidate:6047fcf1-3fae-4aa9-b5cf-920d563ea801
2019-10-08 18:31:33,016 [grpc-default-executor-5] INFO  impl.RoleInfo (RoleInfo.java:shutdownFollowerState(121)) - fef8ea31-401e-44ed-a6e5-2623f2bd7b9f: shutdown FollowerState
2019-10-08 18:31:33,016 [grpc-default-executor-5] INFO  impl.RoleInfo (RoleInfo.java:updateAndGet(143)) - fef8ea31-401e-44ed-a6e5-2623f2bd7b9f: start FollowerState
2019-10-08 18:31:33,016 [Thread-2958] INFO  impl.FollowerState (FollowerState.java:run(117)) - fef8ea31-401e-44ed-a6e5-2623f2bd7b9f@group-8D8935EE44C6-FollowerState was interrupted: java.lang.InterruptedException: sleep interrupted
2019-10-08 18:31:33,032 [6047fcf1-3fae-4aa9-b5cf-920d563ea801@group-8D8935EE44C6-LeaderElection68] INFO  impl.LeaderElection (LeaderElection.java:logAndReturn(56)) - 6047fcf1-3fae-4aa9-b5cf-920d563ea801@group-8D8935EE44C6-LeaderElection68: Election PASSED; received 2 response(s) [6047fcf1-3fae-4aa9-b5cf-920d563ea801<-fef8ea31-401e-44ed-a6e5-2623f2bd7b9f#0:OK-t2, 6047fcf1-3fae-4aa9-b5cf-920d563ea801<-e8ec5d3e-1dbd-405f-80ef-24c1d8e43b17#0:FAIL-t2] and 0 exception(s); 6047fcf1-3fae-4aa9-b5cf-920d563ea801@group-8D8935EE44C6:t2, leader=null, voted=6047fcf1-3fae-4aa9-b5cf-920d563ea801, raftlog=6047fcf1-3fae-4aa9-b5cf-920d563ea801@group-8D8935EE44C6-SegmentedRaftLog:OPENED:c-1,f-1,i0, conf=-1: [fef8ea31-401e-44ed-a6e5-2623f2bd7b9f:192.168.30.53:36623, 6047fcf1-3fae-4aa9-b5cf-920d563ea801:192.168.30.53:44756, e8ec5d3e-1dbd-405f-80ef-24c1d8e43b17:192.168.30.53:33667], old=null
2019-10-08 18:31:33,032 [e8ec5d3e-1dbd-405f-80ef-24c1d8e43b17@group-8D8935EE44C6-LeaderElection67] INFO  impl.LeaderElection (LeaderElection.java:logAndReturn(56)) - e8ec5d3e-1dbd-405f-80ef-24c1d8e43b17@group-8D8935EE44C6-LeaderElection67: Election REJECTED; received 2 response(s) [e8ec5d3e-1dbd-405f-80ef-24c1d8e43b17<-fef8ea31-401e-44ed-a6e5-2623f2bd7b9f#0:FAIL-t2, e8ec5d3e-1dbd-405f-80ef-24c1d8e43b17<-6047fcf1-3fae-4aa9-b5cf-920d563ea801#0:FAIL-t2] and 0 exception(s); e8ec5d3e-1dbd-405f-80ef-24c1d8e43b17@group-8D8935EE44C6:t2, leader=null, voted=e8ec5d3e-1dbd-405f-80ef-24c1d8e43b17, raftlog=e8ec5d3e-1dbd-405f-80ef-24c1d8e43b17@group-8D8935EE44C6-SegmentedRaftLog:OPENED:c-1,f-1,i0, conf=-1: [fef8ea31-401e-44ed-a6e5-2623f2bd7b9f:192.168.30.53:36623, 6047fcf1-3fae-4aa9-b5cf-920d563ea801:192.168.30.53:44756, e8ec5d3e-1dbd-405f-80ef-24c1d8e43b17:192.168.30.53:33667], old=null
2019-10-08 18:31:33,032 [6047fcf1-3fae-4aa9-b5cf-920d563ea801@group-8D8935EE44C6-LeaderElection68] INFO  impl.RoleInfo (RoleInfo.java:shutdownLeaderElection(134)) - 6047fcf1-3fae-4aa9-b5cf-920d563ea801: shutdown LeaderElection
2019-10-08 18:31:33,032 [e8ec5d3e-1dbd-405f-80ef-24c1d8e43b17@group-8D8935EE44C6-LeaderElection67] INFO  impl.RaftServerImpl (RaftServerImpl.java:setRole(170)) - e8ec5d3e-1dbd-405f-80ef-24c1d8e43b17@group-8D8935EE44C6: changes role from CANDIDATE to FOLLOWER at term 2 for DISCOVERED_A_NEW_TERM
2019-10-08 18:31:33,035 [6047fcf1-3fae-4aa9-b5cf-920d563ea801@group-8D8935EE44C6-LeaderElection68] INFO  impl.RaftServerImpl (RaftServerImpl.java:setRole(170)) - 6047fcf1-3fae-4aa9-b5cf-920d563ea801@group-8D8935EE44C6: changes role from CANDIDATE to LEADER at term 2 for changeToLeader
2019-10-08 18:31:33,037 [e8ec5d3e-1dbd-405f-80ef-24c1d8e43b17@group-8D8935EE44C6-LeaderElection67] INFO  impl.RoleInfo (RoleInfo.java:shutdownLeaderElection(134)) - e8ec5d3e-1dbd-405f-80ef-24c1d8e43b17: shutdown LeaderElection
2019-10-08 18:31:33,038 [6047fcf1-3fae-4aa9-b5cf-920d563ea801@group-8D8935EE44C6-LeaderElection68] INFO  impl.RaftServerImpl (ServerState.java:setLeader(255)) - 6047fcf1-3fae-4aa9-b5cf-920d563ea801@group-8D8935EE44C6: change Leader from null to 6047fcf1-3fae-4aa9-b5cf-920d563ea801 at term 2 for becomeLeader, leader elected after 10261ms
2019-10-08 18:31:33,038 [e8ec5d3e-1dbd-405f-80ef-24c1d8e43b17@group-8D8935EE44C6-LeaderElection67] INFO  impl.RoleInfo (RoleInfo.java:updateAndGet(143)) - e8ec5d3e-1dbd-405f-80ef-24c1d8e43b17: start FollowerState
2019-10-08 18:31:33,038 [6047fcf1-3fae-4aa9-b5cf-920d563ea801@group-8D8935EE44C6-LeaderElection68] INFO  server.RaftServerConfigKeys (ConfUtils.java:logGet(43)) - raft.server.staging.catchup.gap = 1000 (default)
2019-10-08 18:31:33,038 [6047fcf1-3fae-4aa9-b5cf-920d563ea801@group-8D8935EE44C6-LeaderElection68] INFO  server.RaftServerConfigKeys (ConfUtils.java:logGet(43)) - raft.server.rpc.sleep.time = 25ms (default)
2019-10-08 18:31:33,039 [6047fcf1-3fae-4aa9-b5cf-920d563ea801@group-8D8935EE44C6-LeaderElection68] INFO  server.RaftServerConfigKeys (ConfUtils.java:logGet(43)) - raft.server.write.element-limit = 4096 (default)
2019-10-08 18:31:33,039 [6047fcf1-3fae-4aa9-b5cf-920d563ea801@group-8D8935EE44C6-LeaderElection68] INFO  server.RaftServerConfigKeys (ConfUtils.java:logGet(43)) - raft.server.watch.timeout = 10s (default)
2019-10-08 18:31:33,039 [6047fcf1-3fae-4aa9-b5cf-920d563ea801@group-8D8935EE44C6-LeaderElection68] INFO  server.RaftServerConfigKeys (ConfUtils.java:logGet(43)) - raft.server.watch.timeout.denomination = 1s (default)
2019-10-08 18:31:33,039 [6047fcf1-3fae-4aa9-b5cf-920d563ea801@group-8D8935EE44C6-LeaderElection68] INFO  server.RaftServerConfigKeys (ConfUtils.java:logGet(43)) - raft.server.watch.element-limit = 65536 (default)
2019-10-08 18:31:33,042 [6047fcf1-3fae-4aa9-b5cf-920d563ea801@group-8D8935EE44C6-LeaderElection68] INFO  server.RaftServerConfigKeys (ConfUtils.java:logGet(43)) - raft.server.log.appender.snapshot.chunk.size.max = 16MB (=16777216) (default)
2019-10-08 18:31:33,042 [6047fcf1-3fae-4aa9-b5cf-920d563ea801@group-8D8935EE44C6-LeaderElection68] INFO  server.RaftServerConfigKeys (ConfUtils.java:logGet(43)) - raft.server.log.appender.buffer.byte-limit = 33554432 (custom)
2019-10-08 18:31:33,042 [6047fcf1-3fae-4aa9-b5cf-920d563ea801@group-8D8935EE44C6-LeaderElection68] INFO  server.RaftServerConfigKeys (ConfUtils.java:logGet(43)) - raft.server.log.appender.buffer.element-limit = 1 (custom)
2019-10-08 18:31:33,043 [6047fcf1-3fae-4aa9-b5cf-920d563ea801@group-8D8935EE44C6-LeaderElection68] INFO  grpc.GrpcConfigKeys$Server (ConfUtils.java:logGet(43)) - raft.grpc.server.leader.outstanding.appends.max = 128 (default)
2019-10-08 18:31:33,043 [6047fcf1-3fae-4aa9-b5cf-920d563ea801@group-8D8935EE44C6-LeaderElection68] INFO  server.RaftServerConfigKeys (ConfUtils.java:logGet(43)) - raft.server.rpc.request.timeout = 3000ms (default)
2019-10-08 18:31:33,043 [6047fcf1-3fae-4aa9-b5cf-920d563ea801@group-8D8935EE44C6-LeaderElection68] INFO  server.RaftServerConfigKeys (ConfUtils.java:logGet(43)) - raft.server.log.appender.install.snapshot.enabled = false (custom)
2019-10-08 18:31:33,043 [6047fcf1-3fae-4aa9-b5cf-920d563ea801@group-8D8935EE44C6-LeaderElection68] INFO  server.RaftServerConfigKeys (ConfUtils.java:logGet(43)) - raft.server.log.appender.snapshot.chunk.size.max = 16MB (=16777216) (default)
2019-10-08 18:31:33,043 [6047fcf1-3fae-4aa9-b5cf-920d563ea801@group-8D8935EE44C6-LeaderElection68] INFO  server.RaftServerConfigKeys (ConfUtils.java:logGet(43)) - raft.server.log.appender.buffer.byte-limit = 33554432 (custom)
2019-10-08 18:31:33,044 [6047fcf1-3fae-4aa9-b5cf-920d563ea801@group-8D8935EE44C6-LeaderElection68] INFO  server.RaftServerConfigKeys (ConfUtils.java:logGet(43)) - raft.server.log.appender.buffer.element-limit = 1 (custom)
2019-10-08 18:31:33,044 [6047fcf1-3fae-4aa9-b5cf-920d563ea801@group-8D8935EE44C6-LeaderElection68] INFO  grpc.GrpcConfigKeys$Server (ConfUtils.java:logGet(43)) - raft.grpc.server.leader.outstanding.appends.max = 128 (default)
2019-10-08 18:31:33,044 [6047fcf1-3fae-4aa9-b5cf-920d563ea801@group-8D8935EE44C6-LeaderElection68] INFO  server.RaftServerConfigKeys (ConfUtils.java:logGet(43)) - raft.server.rpc.request.timeout = 3000ms (default)
2019-10-08 18:31:33,044 [6047fcf1-3fae-4aa9-b5cf-920d563ea801@group-8D8935EE44C6-LeaderElection68] INFO  server.RaftServerConfigKeys (ConfUtils.java:logGet(43)) - raft.server.log.appender.install.snapshot.enabled = false (custom)
2019-10-08 18:31:33,044 [6047fcf1-3fae-4aa9-b5cf-920d563ea801@group-8D8935EE44C6-LeaderElection68] INFO  impl.RoleInfo (RoleInfo.java:updateAndGet(143)) - 6047fcf1-3fae-4aa9-b5cf-920d563ea801: start LeaderState
2019-10-08 18:31:33,045 [6047fcf1-3fae-4aa9-b5cf-920d563ea801@group-8D8935EE44C6-LeaderElection68] INFO  segmented.SegmentedRaftLogWorker (SegmentedRaftLogWorker.java:startLogSegment(385)) - 6047fcf1-3fae-4aa9-b5cf-920d563ea801@group-8D8935EE44C6-SegmentedRaftLogWorker: Starting segment from index:0
2019-10-08 18:31:33,046 [6047fcf1-3fae-4aa9-b5cf-920d563ea801@group-8D8935EE44C6-LeaderElection68] INFO  impl.RaftServerImpl (ServerState.java:setRaftConf(356)) - 6047fcf1-3fae-4aa9-b5cf-920d563ea801@group-8D8935EE44C6: set configuration 0: [fef8ea31-401e-44ed-a6e5-2623f2bd7b9f:192.168.30.53:36623, 6047fcf1-3fae-4aa9-b5cf-920d563ea801:192.168.30.53:44756, e8ec5d3e-1dbd-405f-80ef-24c1d8e43b17:192.168.30.53:33667], old=null at 0
2019-10-08 18:31:33,047 [grpc-default-executor-6] INFO  impl.RaftServerImpl (ServerState.java:setLeader(255)) - e8ec5d3e-1dbd-405f-80ef-24c1d8e43b17@group-8D8935EE44C6: change Leader from null to 6047fcf1-3fae-4aa9-b5cf-920d563ea801 at term 2 for appendEntries, leader elected after 10267ms
2019-10-08 18:31:33,047 [grpc-default-executor-5] INFO  impl.RaftServerImpl (ServerState.java:setLeader(255)) - fef8ea31-401e-44ed-a6e5-2623f2bd7b9f@group-8D8935EE44C6: change Leader from null to 6047fcf1-3fae-4aa9-b5cf-920d563ea801 at term 2 for appendEntries, leader elected after 10268ms
2019-10-08 18:31:33,050 [grpc-default-executor-5] INFO  impl.RaftServerImpl (ServerState.java:setRaftConf(356)) - fef8ea31-401e-44ed-a6e5-2623f2bd7b9f@group-8D8935EE44C6: set configuration 0: [fef8ea31-401e-44ed-a6e5-2623f2bd7b9f:192.168.30.53:36623, 6047fcf1-3fae-4aa9-b5cf-920d563ea801:192.168.30.53:44756, e8ec5d3e-1dbd-405f-80ef-24c1d8e43b17:192.168.30.53:33667], old=null at 0
2019-10-08 18:31:33,050 [grpc-default-executor-6] INFO  impl.RaftServerImpl (ServerState.java:setRaftConf(356)) - e8ec5d3e-1dbd-405f-80ef-24c1d8e43b17@group-8D8935EE44C6: set configuration 0: [fef8ea31-401e-44ed-a6e5-2623f2bd7b9f:192.168.30.53:36623, 6047fcf1-3fae-4aa9-b5cf-920d563ea801:192.168.30.53:44756, e8ec5d3e-1dbd-405f-80ef-24c1d8e43b17:192.168.30.53:33667], old=null at 0
2019-10-08 18:31:33,050 [grpc-default-executor-5] INFO  segmented.SegmentedRaftLogWorker (SegmentedRaftLogWorker.java:startLogSegment(385)) - fef8ea31-401e-44ed-a6e5-2623f2bd7b9f@group-8D8935EE44C6-SegmentedRaftLogWorker: Starting segment from index:0
2019-10-08 18:31:33,050 [grpc-default-executor-6] INFO  segmented.SegmentedRaftLogWorker (SegmentedRaftLogWorker.java:startLogSegment(385)) - e8ec5d3e-1dbd-405f-80ef-24c1d8e43b17@group-8D8935EE44C6-SegmentedRaftLogWorker: Starting segment from index:0
2019-10-08 18:31:33,085 [e8ec5d3e-1dbd-405f-80ef-24c1d8e43b17@group-8D8935EE44C6-SegmentedRaftLogWorker] INFO  segmented.SegmentedRaftLogWorker (SegmentedRaftLogWorker.java:execute(574)) - e8ec5d3e-1dbd-405f-80ef-24c1d8e43b17@group-8D8935EE44C6-SegmentedRaftLogWorker: created new log segment /workdir/hadoop-ozone/integration-test/target/test-dir/MiniOzoneClusterImpl-a711281c-616f-488d-a7dc-db87a594177d/datanode-0/data/ratis/f3df37f7-a09c-497c-9b38-8d8935ee44c6/current/log_inprogress_0
2019-10-08 18:31:33,085 [fef8ea31-401e-44ed-a6e5-2623f2bd7b9f@group-8D8935EE44C6-SegmentedRaftLogWorker] INFO  segmented.SegmentedRaftLogWorker (SegmentedRaftLogWorker.java:execute(574)) - fef8ea31-401e-44ed-a6e5-2623f2bd7b9f@group-8D8935EE44C6-SegmentedRaftLogWorker: created new log segment /workdir/hadoop-ozone/integration-test/target/test-dir/MiniOzoneClusterImpl-a711281c-616f-488d-a7dc-db87a594177d/datanode-2/data/ratis/f3df37f7-a09c-497c-9b38-8d8935ee44c6/current/log_inprogress_0
2019-10-08 18:31:33,088 [6047fcf1-3fae-4aa9-b5cf-920d563ea801@group-8D8935EE44C6-SegmentedRaftLogWorker] INFO  segmented.SegmentedRaftLogWorker (SegmentedRaftLogWorker.java:execute(574)) - 6047fcf1-3fae-4aa9-b5cf-920d563ea801@group-8D8935EE44C6-SegmentedRaftLogWorker: created new log segment /workdir/hadoop-ozone/integration-test/target/test-dir/MiniOzoneClusterImpl-a711281c-616f-488d-a7dc-db87a594177d/datanode-1/data/ratis/f3df37f7-a09c-497c-9b38-8d8935ee44c6/current/log_inprogress_0
2019-10-08 18:31:33,439 [Thread-2976] INFO  impl.FollowerState (FollowerState.java:run(108)) - 24dbaaa5-bd22-4331-ada3-a030212e6dab@group-5268B700C371-FollowerState: change to CANDIDATE, lastRpcTime:5096ms, electionTimeout:5093ms
2019-10-08 18:31:33,439 [Thread-2976] INFO  impl.RoleInfo (RoleInfo.java:shutdownFollowerState(121)) - 24dbaaa5-bd22-4331-ada3-a030212e6dab: shutdown FollowerState
2019-10-08 18:31:33,439 [Thread-2976] INFO  impl.RaftServerImpl (RaftServerImpl.java:setRole(170)) - 24dbaaa5-bd22-4331-ada3-a030212e6dab@group-5268B700C371: changes role from  FOLLOWER to CANDIDATE at term 2 for changeToCandidate
2019-10-08 18:31:33,439 [Thread-2976] INFO  impl.RoleInfo (RoleInfo.java:updateAndGet(143)) - 24dbaaa5-bd22-4331-ada3-a030212e6dab: start LeaderElection
2019-10-08 18:31:33,464 [24dbaaa5-bd22-4331-ada3-a030212e6dab@group-5268B700C371-LeaderElection69] INFO  impl.LeaderElection (LeaderElection.java:askForVotes(178)) - 24dbaaa5-bd22-4331-ada3-a030212e6dab@group-5268B700C371-LeaderElection69: begin an election at term 3 for -1: [24dbaaa5-bd22-4331-ada3-a030212e6dab:192.168.30.53:42763, 36215749-b551-4309-8afb-92be44d31dcc:192.168.30.53:44386, d91d0ace-0381-48bb-882b-2a0860df1015:192.168.30.53:37802], old=null
2019-10-08 18:31:33,466 [grpc-default-executor-6] INFO  impl.RaftServerImpl (RaftServerImpl.java:setRole(170)) - d91d0ace-0381-48bb-882b-2a0860df1015@group-5268B700C371: changes role from  FOLLOWER to FOLLOWER at term 3 for recognizeCandidate:24dbaaa5-bd22-4331-ada3-a030212e6dab
2019-10-08 18:31:33,467 [grpc-default-executor-6] INFO  impl.RoleInfo (RoleInfo.java:shutdownFollowerState(121)) - d91d0ace-0381-48bb-882b-2a0860df1015: shutdown FollowerState
2019-10-08 18:31:33,467 [grpc-default-executor-5] INFO  impl.RaftServerImpl (RaftServerImpl.java:setRole(170)) - 36215749-b551-4309-8afb-92be44d31dcc@group-5268B700C371: changes role from  FOLLOWER to FOLLOWER at term 3 for recognizeCandidate:24dbaaa5-bd22-4331-ada3-a030212e6dab
2019-10-08 18:31:33,467 [Thread-2987] INFO  impl.FollowerState (FollowerState.java:run(117)) - d91d0ace-0381-48bb-882b-2a0860df1015@group-5268B700C371-FollowerState was interrupted: java.lang.InterruptedException: sleep interrupted
2019-10-08 18:31:33,467 [grpc-default-executor-6] INFO  impl.RoleInfo (RoleInfo.java:updateAndGet(143)) - d91d0ace-0381-48bb-882b-2a0860df1015: start FollowerState
2019-10-08 18:31:33,467 [grpc-default-executor-5] INFO  impl.RoleInfo (RoleInfo.java:shutdownFollowerState(121)) - 36215749-b551-4309-8afb-92be44d31dcc: shutdown FollowerState
2019-10-08 18:31:33,487 [grpc-default-executor-5] INFO  impl.RoleInfo (RoleInfo.java:updateAndGet(143)) - 36215749-b551-4309-8afb-92be44d31dcc: start FollowerState
2019-10-08 18:31:33,487 [Thread-2986] INFO  impl.FollowerState (FollowerState.java:run(117)) - 36215749-b551-4309-8afb-92be44d31dcc@group-5268B700C371-FollowerState was interrupted: java.lang.InterruptedException: sleep interrupted
2019-10-08 18:31:33,502 [24dbaaa5-bd22-4331-ada3-a030212e6dab@group-5268B700C371-LeaderElection69] INFO  impl.LeaderElection (LeaderElection.java:logAndReturn(56)) - 24dbaaa5-bd22-4331-ada3-a030212e6dab@group-5268B700C371-LeaderElection69: Election REJECTED; received 2 response(s) [24dbaaa5-bd22-4331-ada3-a030212e6dab<-36215749-b551-4309-8afb-92be44d31dcc#0:FAIL-t3, 24dbaaa5-bd22-4331-ada3-a030212e6dab<-d91d0ace-0381-48bb-882b-2a0860df1015#0:FAIL-t3] and 0 exception(s); 24dbaaa5-bd22-4331-ada3-a030212e6dab@group-5268B700C371:t3, leader=null, voted=24dbaaa5-bd22-4331-ada3-a030212e6dab, raftlog=24dbaaa5-bd22-4331-ada3-a030212e6dab@group-5268B700C371-SegmentedRaftLog:OPENED:c-1,f-1,i0, conf=-1: [24dbaaa5-bd22-4331-ada3-a030212e6dab:192.168.30.53:42763, 36215749-b551-4309-8afb-92be44d31dcc:192.168.30.53:44386, d91d0ace-0381-48bb-882b-2a0860df1015:192.168.30.53:37802], old=null
2019-10-08 18:31:33,502 [24dbaaa5-bd22-4331-ada3-a030212e6dab@group-5268B700C371-LeaderElection69] INFO  impl.RaftServerImpl (RaftServerImpl.java:setRole(170)) - 24dbaaa5-bd22-4331-ada3-a030212e6dab@group-5268B700C371: changes role from CANDIDATE to FOLLOWER at term 3 for DISCOVERED_A_NEW_TERM
2019-10-08 18:31:33,502 [24dbaaa5-bd22-4331-ada3-a030212e6dab@group-5268B700C371-LeaderElection69] INFO  impl.RoleInfo (RoleInfo.java:shutdownLeaderElection(134)) - 24dbaaa5-bd22-4331-ada3-a030212e6dab: shutdown LeaderElection
2019-10-08 18:31:33,502 [24dbaaa5-bd22-4331-ada3-a030212e6dab@group-5268B700C371-LeaderElection69] INFO  impl.RoleInfo (RoleInfo.java:updateAndGet(143)) - 24dbaaa5-bd22-4331-ada3-a030212e6dab: start FollowerState
2019-10-08 18:31:38,492 [Thread-3019] INFO  impl.FollowerState (FollowerState.java:run(108)) - d91d0ace-0381-48bb-882b-2a0860df1015@group-5268B700C371-FollowerState: change to CANDIDATE, lastRpcTime:5024ms, electionTimeout:5003ms
2019-10-08 18:31:38,495 [Thread-3019] INFO  impl.RoleInfo (RoleInfo.java:shutdownFollowerState(121)) - d91d0ace-0381-48bb-882b-2a0860df1015: shutdown FollowerState
2019-10-08 18:31:38,495 [Thread-3019] INFO  impl.RaftServerImpl (RaftServerImpl.java:setRole(170)) - d91d0ace-0381-48bb-882b-2a0860df1015@group-5268B700C371: changes role from  FOLLOWER to CANDIDATE at term 3 for changeToCandidate
2019-10-08 18:31:38,495 [Thread-3019] INFO  impl.RoleInfo (RoleInfo.java:updateAndGet(143)) - d91d0ace-0381-48bb-882b-2a0860df1015: start LeaderElection
2019-10-08 18:31:38,502 [Thread-3020] INFO  impl.FollowerState (FollowerState.java:run(108)) - 36215749-b551-4309-8afb-92be44d31dcc@group-5268B700C371-FollowerState: change to CANDIDATE, lastRpcTime:5015ms, electionTimeout:5013ms
2019-10-08 18:31:38,502 [Thread-3020] INFO  impl.RoleInfo (RoleInfo.java:shutdownFollowerState(121)) - 36215749-b551-4309-8afb-92be44d31dcc: shutdown FollowerState
2019-10-08 18:31:38,503 [Thread-3020] INFO  impl.RaftServerImpl (RaftServerImpl.java:setRole(170)) - 36215749-b551-4309-8afb-92be44d31dcc@group-5268B700C371: changes role from  FOLLOWER to CANDIDATE at term 3 for changeToCandidate
2019-10-08 18:31:38,503 [Thread-3020] INFO  impl.RoleInfo (RoleInfo.java:updateAndGet(143)) - 36215749-b551-4309-8afb-92be44d31dcc: start LeaderElection
2019-10-08 18:31:38,517 [36215749-b551-4309-8afb-92be44d31dcc@group-5268B700C371-LeaderElection71] INFO  impl.LeaderElection (LeaderElection.java:askForVotes(178)) - 36215749-b551-4309-8afb-92be44d31dcc@group-5268B700C371-LeaderElection71: begin an election at term 4 for 0: [24dbaaa5-bd22-4331-ada3-a030212e6dab:192.168.30.53:42763, 36215749-b551-4309-8afb-92be44d31dcc:192.168.30.53:44386, d91d0ace-0381-48bb-882b-2a0860df1015:192.168.30.53:37802], old=null
2019-10-08 18:31:38,517 [d91d0ace-0381-48bb-882b-2a0860df1015@group-5268B700C371-LeaderElection70] INFO  impl.LeaderElection (LeaderElection.java:askForVotes(178)) - d91d0ace-0381-48bb-882b-2a0860df1015@group-5268B700C371-LeaderElection70: begin an election at term 4 for 0: [24dbaaa5-bd22-4331-ada3-a030212e6dab:192.168.30.53:42763, 36215749-b551-4309-8afb-92be44d31dcc:192.168.30.53:44386, d91d0ace-0381-48bb-882b-2a0860df1015:192.168.30.53:37802], old=null
2019-10-08 18:31:38,521 [grpc-default-executor-5] INFO  impl.RaftServerImpl (RaftServerImpl.java:setRole(170)) - 24dbaaa5-bd22-4331-ada3-a030212e6dab@group-5268B700C371: changes role from  FOLLOWER to FOLLOWER at term 4 for recognizeCandidate:d91d0ace-0381-48bb-882b-2a0860df1015
2019-10-08 18:31:38,521 [grpc-default-executor-5] INFO  impl.RoleInfo (RoleInfo.java:shutdownFollowerState(121)) - 24dbaaa5-bd22-4331-ada3-a030212e6dab: shutdown FollowerState
2019-10-08 18:31:38,521 [grpc-default-executor-5] INFO  impl.RoleInfo (RoleInfo.java:updateAndGet(143)) - 24dbaaa5-bd22-4331-ada3-a030212e6dab: start FollowerState
2019-10-08 18:31:38,521 [Thread-3021] INFO  impl.FollowerState (FollowerState.java:run(117)) - 24dbaaa5-bd22-4331-ada3-a030212e6dab@group-5268B700C371-FollowerState was interrupted: java.lang.InterruptedException: sleep interrupted
2019-10-08 18:31:38,538 [36215749-b551-4309-8afb-92be44d31dcc@group-5268B700C371-LeaderElection71] INFO  impl.LeaderElection (LeaderElection.java:logAndReturn(56)) - 36215749-b551-4309-8afb-92be44d31dcc@group-5268B700C371-LeaderElection71: Election REJECTED; received 2 response(s) [36215749-b551-4309-8afb-92be44d31dcc<-24dbaaa5-bd22-4331-ada3-a030212e6dab#0:FAIL-t4, 36215749-b551-4309-8afb-92be44d31dcc<-d91d0ace-0381-48bb-882b-2a0860df1015#0:FAIL-t4] and 0 exception(s); 36215749-b551-4309-8afb-92be44d31dcc@group-5268B700C371:t4, leader=null, voted=36215749-b551-4309-8afb-92be44d31dcc, raftlog=36215749-b551-4309-8afb-92be44d31dcc@group-5268B700C371-SegmentedRaftLog:OPENED:c-1,f0,i0, conf=0: [24dbaaa5-bd22-4331-ada3-a030212e6dab:192.168.30.53:42763, 36215749-b551-4309-8afb-92be44d31dcc:192.168.30.53:44386, d91d0ace-0381-48bb-882b-2a0860df1015:192.168.30.53:37802], old=null
2019-10-08 18:31:38,538 [d91d0ace-0381-48bb-882b-2a0860df1015@group-5268B700C371-LeaderElection70] INFO  impl.LeaderElection (LeaderElection.java:logAndReturn(56)) - d91d0ace-0381-48bb-882b-2a0860df1015@group-5268B700C371-LeaderElection70: Election PASSED; received 2 response(s) [d91d0ace-0381-48bb-882b-2a0860df1015<-24dbaaa5-bd22-4331-ada3-a030212e6dab#0:OK-t4, d91d0ace-0381-48bb-882b-2a0860df1015<-36215749-b551-4309-8afb-92be44d31dcc#0:FAIL-t4] and 0 exception(s); d91d0ace-0381-48bb-882b-2a0860df1015@group-5268B700C371:t4, leader=null, voted=d91d0ace-0381-48bb-882b-2a0860df1015, raftlog=d91d0ace-0381-48bb-882b-2a0860df1015@group-5268B700C371-SegmentedRaftLog:OPENED:c-1,f0,i0, conf=0: [24dbaaa5-bd22-4331-ada3-a030212e6dab:192.168.30.53:42763, 36215749-b551-4309-8afb-92be44d31dcc:192.168.30.53:44386, d91d0ace-0381-48bb-882b-2a0860df1015:192.168.30.53:37802], old=null
2019-10-08 18:31:38,539 [36215749-b551-4309-8afb-92be44d31dcc@group-5268B700C371-LeaderElection71] INFO  impl.RaftServerImpl (RaftServerImpl.java:setRole(170)) - 36215749-b551-4309-8afb-92be44d31dcc@group-5268B700C371: changes role from CANDIDATE to FOLLOWER at term 4 for DISCOVERED_A_NEW_TERM
2019-10-08 18:31:38,541 [d91d0ace-0381-48bb-882b-2a0860df1015@group-5268B700C371-LeaderElection70] INFO  impl.RoleInfo (RoleInfo.java:shutdownLeaderElection(134)) - d91d0ace-0381-48bb-882b-2a0860df1015: shutdown LeaderElection
2019-10-08 18:31:38,544 [d91d0ace-0381-48bb-882b-2a0860df1015@group-5268B700C371-LeaderElection70] INFO  impl.RaftServerImpl (RaftServerImpl.java:setRole(170)) - d91d0ace-0381-48bb-882b-2a0860df1015@group-5268B700C371: changes role from CANDIDATE to LEADER at term 4 for changeToLeader
2019-10-08 18:31:38,542 [36215749-b551-4309-8afb-92be44d31dcc@group-5268B700C371-LeaderElection71] INFO  impl.RoleInfo (RoleInfo.java:shutdownLeaderElection(134)) - 36215749-b551-4309-8afb-92be44d31dcc: shutdown LeaderElection
2019-10-08 18:31:38,544 [d91d0ace-0381-48bb-882b-2a0860df1015@group-5268B700C371-LeaderElection70] INFO  impl.RaftServerImpl (ServerState.java:setLeader(255)) - d91d0ace-0381-48bb-882b-2a0860df1015@group-5268B700C371: change Leader from null to d91d0ace-0381-48bb-882b-2a0860df1015 at term 4 for becomeLeader, leader elected after 10140ms
2019-10-08 18:31:38,544 [36215749-b551-4309-8afb-92be44d31dcc@group-5268B700C371-LeaderElection71] INFO  impl.RoleInfo (RoleInfo.java:updateAndGet(143)) - 36215749-b551-4309-8afb-92be44d31dcc: start FollowerState
2019-10-08 18:31:38,545 [d91d0ace-0381-48bb-882b-2a0860df1015@group-5268B700C371-LeaderElection70] INFO  server.RaftServerConfigKeys (ConfUtils.java:logGet(43)) - raft.server.staging.catchup.gap = 1000 (default)
2019-10-08 18:31:38,545 [d91d0ace-0381-48bb-882b-2a0860df1015@group-5268B700C371-LeaderElection70] INFO  server.RaftServerConfigKeys (ConfUtils.java:logGet(43)) - raft.server.rpc.sleep.time = 25ms (default)
2019-10-08 18:31:38,545 [d91d0ace-0381-48bb-882b-2a0860df1015@group-5268B700C371-LeaderElection70] INFO  server.RaftServerConfigKeys (ConfUtils.java:logGet(43)) - raft.server.write.element-limit = 4096 (default)
2019-10-08 18:31:38,545 [d91d0ace-0381-48bb-882b-2a0860df1015@group-5268B700C371-LeaderElection70] INFO  server.RaftServerConfigKeys (ConfUtils.java:logGet(43)) - raft.server.watch.timeout = 10s (default)
2019-10-08 18:31:38,545 [d91d0ace-0381-48bb-882b-2a0860df1015@group-5268B700C371-LeaderElection70] INFO  server.RaftServerConfigKeys (ConfUtils.java:logGet(43)) - raft.server.watch.timeout.denomination = 1s (default)
2019-10-08 18:31:38,546 [d91d0ace-0381-48bb-882b-2a0860df1015@group-5268B700C371-LeaderElection70] INFO  server.RaftServerConfigKeys (ConfUtils.java:logGet(43)) - raft.server.watch.element-limit = 65536 (default)
2019-10-08 18:31:38,546 [d91d0ace-0381-48bb-882b-2a0860df1015@group-5268B700C371-LeaderElection70] INFO  server.RaftServerConfigKeys (ConfUtils.java:logGet(43)) - raft.server.log.appender.snapshot.chunk.size.max = 16MB (=16777216) (default)
2019-10-08 18:31:38,546 [d91d0ace-0381-48bb-882b-2a0860df1015@group-5268B700C371-LeaderElection70] INFO  server.RaftServerConfigKeys (ConfUtils.java:logGet(43)) - raft.server.log.appender.buffer.byte-limit = 33554432 (custom)
2019-10-08 18:31:38,546 [d91d0ace-0381-48bb-882b-2a0860df1015@group-5268B700C371-LeaderElection70] INFO  server.RaftServerConfigKeys (ConfUtils.java:logGet(43)) - raft.server.log.appender.buffer.element-limit = 1 (custom)
2019-10-08 18:31:38,547 [d91d0ace-0381-48bb-882b-2a0860df1015@group-5268B700C371-LeaderElection70] INFO  grpc.GrpcConfigKeys$Server (ConfUtils.java:logGet(43)) - raft.grpc.server.leader.outstanding.appends.max = 128 (default)
2019-10-08 18:31:38,547 [d91d0ace-0381-48bb-882b-2a0860df1015@group-5268B700C371-LeaderElection70] INFO  server.RaftServerConfigKeys (ConfUtils.java:logGet(43)) - raft.server.rpc.request.timeout = 3000ms (default)
2019-10-08 18:31:38,547 [d91d0ace-0381-48bb-882b-2a0860df1015@group-5268B700C371-LeaderElection70] INFO  server.RaftServerConfigKeys (ConfUtils.java:logGet(43)) - raft.server.log.appender.install.snapshot.enabled = false (custom)
2019-10-08 18:31:38,547 [d91d0ace-0381-48bb-882b-2a0860df1015@group-5268B700C371-LeaderElection70] INFO  server.RaftServerConfigKeys (ConfUtils.java:logGet(43)) - raft.server.log.appender.snapshot.chunk.size.max = 16MB (=16777216) (default)
2019-10-08 18:31:38,547 [d91d0ace-0381-48bb-882b-2a0860df1015@group-5268B700C371-LeaderElection70] INFO  server.RaftServerConfigKeys (ConfUtils.java:logGet(43)) - raft.server.log.appender.buffer.byte-limit = 33554432 (custom)
2019-10-08 18:31:38,547 [d91d0ace-0381-48bb-882b-2a0860df1015@group-5268B700C371-LeaderElection70] INFO  server.RaftServerConfigKeys (ConfUtils.java:logGet(43)) - raft.server.log.appender.buffer.element-limit = 1 (custom)
2019-10-08 18:31:38,548 [d91d0ace-0381-48bb-882b-2a0860df1015@group-5268B700C371-LeaderElection70] INFO  grpc.GrpcConfigKeys$Server (ConfUtils.java:logGet(43)) - raft.grpc.server.leader.outstanding.appends.max = 128 (default)
2019-10-08 18:31:38,548 [d91d0ace-0381-48bb-882b-2a0860df1015@group-5268B700C371-LeaderElection70] INFO  server.RaftServerConfigKeys (ConfUtils.java:logGet(43)) - raft.server.rpc.request.timeout = 3000ms (default)
2019-10-08 18:31:38,548 [d91d0ace-0381-48bb-882b-2a0860df1015@group-5268B700C371-LeaderElection70] INFO  server.RaftServerConfigKeys (ConfUtils.java:logGet(43)) - raft.server.log.appender.install.snapshot.enabled = false (custom)
2019-10-08 18:31:38,548 [d91d0ace-0381-48bb-882b-2a0860df1015@group-5268B700C371-LeaderElection70] INFO  impl.RoleInfo (RoleInfo.java:updateAndGet(143)) - d91d0ace-0381-48bb-882b-2a0860df1015: start LeaderState
2019-10-08 18:31:38,549 [d91d0ace-0381-48bb-882b-2a0860df1015@group-5268B700C371-LeaderElection70] INFO  segmented.SegmentedRaftLogWorker (SegmentedRaftLogWorker.java:rollLogSegment(390)) - d91d0ace-0381-48bb-882b-2a0860df1015@group-5268B700C371-SegmentedRaftLogWorker: Rolling segment log-0_0 to index:0
2019-10-08 18:31:38,550 [d91d0ace-0381-48bb-882b-2a0860df1015@group-5268B700C371-LeaderElection70] INFO  impl.RaftServerImpl (ServerState.java:setRaftConf(356)) - d91d0ace-0381-48bb-882b-2a0860df1015@group-5268B700C371: set configuration 1: [24dbaaa5-bd22-4331-ada3-a030212e6dab:192.168.30.53:42763, 36215749-b551-4309-8afb-92be44d31dcc:192.168.30.53:44386, d91d0ace-0381-48bb-882b-2a0860df1015:192.168.30.53:37802], old=null at 1
2019-10-08 18:31:38,550 [d91d0ace-0381-48bb-882b-2a0860df1015@group-5268B700C371-SegmentedRaftLogWorker] INFO  segmented.SegmentedRaftLogWorker (SegmentedRaftLogWorker.java:execute(531)) - d91d0ace-0381-48bb-882b-2a0860df1015@group-5268B700C371-SegmentedRaftLogWorker: Rolled log segment from /workdir/hadoop-ozone/integration-test/target/test-dir/MiniOzoneClusterImpl-a711281c-616f-488d-a7dc-db87a594177d/datanode-4/data/ratis/40c702cc-e3c1-4e4e-9562-5268b700c371/current/log_inprogress_0 to /workdir/hadoop-ozone/integration-test/target/test-dir/MiniOzoneClusterImpl-a711281c-616f-488d-a7dc-db87a594177d/datanode-4/data/ratis/40c702cc-e3c1-4e4e-9562-5268b700c371/current/log_0-0
2019-10-08 18:31:38,551 [grpc-default-executor-5] INFO  impl.RaftServerImpl (ServerState.java:setLeader(255)) - 24dbaaa5-bd22-4331-ada3-a030212e6dab@group-5268B700C371: change Leader from null to d91d0ace-0381-48bb-882b-2a0860df1015 at term 4 for appendEntries, leader elected after 15392ms
2019-10-08 18:31:38,551 [grpc-default-executor-2] INFO  impl.RaftServerImpl (ServerState.java:setLeader(255)) - 36215749-b551-4309-8afb-92be44d31dcc@group-5268B700C371: change Leader from null to d91d0ace-0381-48bb-882b-2a0860df1015 at term 4 for appendEntries, leader elected after 10137ms
2019-10-08 18:31:38,587 [grpc-default-executor-5] INFO  impl.RaftServerImpl (RaftServerImpl.java:checkInconsistentAppendEntries(999)) - 24dbaaa5-bd22-4331-ada3-a030212e6dab@group-5268B700C371: Failed appendEntries as previous log entry ((t:1, i:0)) is not found
2019-10-08 18:31:38,588 [grpc-default-executor-5] INFO  impl.RaftServerImpl (RaftServerImpl.java:checkInconsistentAppendEntries(972)) - 24dbaaa5-bd22-4331-ada3-a030212e6dab@group-5268B700C371: inconsistency entries. Reply:d91d0ace-0381-48bb-882b-2a0860df1015<-24dbaaa5-bd22-4331-ada3-a030212e6dab#0:FAIL,INCONSISTENCY,nextIndex:0,term:4,followerCommit:-1
2019-10-08 18:31:38,589 [grpc-default-executor-2] INFO  impl.RaftServerImpl (ServerState.java:setRaftConf(356)) - 36215749-b551-4309-8afb-92be44d31dcc@group-5268B700C371: set configuration 1: [24dbaaa5-bd22-4331-ada3-a030212e6dab:192.168.30.53:42763, 36215749-b551-4309-8afb-92be44d31dcc:192.168.30.53:44386, d91d0ace-0381-48bb-882b-2a0860df1015:192.168.30.53:37802], old=null at 1
2019-10-08 18:31:38,589 [grpc-default-executor-2] INFO  segmented.SegmentedRaftLogWorker (SegmentedRaftLogWorker.java:rollLogSegment(390)) - 36215749-b551-4309-8afb-92be44d31dcc@group-5268B700C371-SegmentedRaftLogWorker: Rolling segment log-0_0 to index:0
2019-10-08 18:31:38,590 [grpc-default-executor-5] INFO  impl.FollowerInfo (FollowerInfo.java:lambda$new$0(51)) - d91d0ace-0381-48bb-882b-2a0860df1015@group-5268B700C371->24dbaaa5-bd22-4331-ada3-a030212e6dab: nextIndex: updateUnconditionally 1 -> 0
2019-10-08 18:31:38,590 [36215749-b551-4309-8afb-92be44d31dcc@group-5268B700C371-SegmentedRaftLogWorker] INFO  segmented.SegmentedRaftLogWorker (SegmentedRaftLogWorker.java:execute(531)) - 36215749-b551-4309-8afb-92be44d31dcc@group-5268B700C371-SegmentedRaftLogWorker: Rolled log segment from /workdir/hadoop-ozone/integration-test/target/test-dir/MiniOzoneClusterImpl-a711281c-616f-488d-a7dc-db87a594177d/datanode-5/data/ratis/40c702cc-e3c1-4e4e-9562-5268b700c371/current/log_inprogress_0 to /workdir/hadoop-ozone/integration-test/target/test-dir/MiniOzoneClusterImpl-a711281c-616f-488d-a7dc-db87a594177d/datanode-5/data/ratis/40c702cc-e3c1-4e4e-9562-5268b700c371/current/log_0-0
2019-10-08 18:31:38,591 [grpc-default-executor-5] INFO  impl.RaftServerImpl (ServerState.java:setRaftConf(356)) - 24dbaaa5-bd22-4331-ada3-a030212e6dab@group-5268B700C371: set configuration 0: [24dbaaa5-bd22-4331-ada3-a030212e6dab:192.168.30.53:42763, 36215749-b551-4309-8afb-92be44d31dcc:192.168.30.53:44386, d91d0ace-0381-48bb-882b-2a0860df1015:192.168.30.53:37802], old=null at 0
2019-10-08 18:31:38,592 [grpc-default-executor-5] INFO  segmented.SegmentedRaftLogWorker (SegmentedRaftLogWorker.java:startLogSegment(385)) - 24dbaaa5-bd22-4331-ada3-a030212e6dab@group-5268B700C371-SegmentedRaftLogWorker: Starting segment from index:0
2019-10-08 18:31:38,592 [grpc-default-executor-5] INFO  impl.RaftServerImpl (ServerState.java:setRaftConf(356)) - 24dbaaa5-bd22-4331-ada3-a030212e6dab@group-5268B700C371: set configuration 1: [24dbaaa5-bd22-4331-ada3-a030212e6dab:192.168.30.53:42763, 36215749-b551-4309-8afb-92be44d31dcc:192.168.30.53:44386, d91d0ace-0381-48bb-882b-2a0860df1015:192.168.30.53:37802], old=null at 1
2019-10-08 18:31:38,592 [grpc-default-executor-5] INFO  segmented.SegmentedRaftLogWorker (SegmentedRaftLogWorker.java:rollLogSegment(390)) - 24dbaaa5-bd22-4331-ada3-a030212e6dab@group-5268B700C371-SegmentedRaftLogWorker: Rolling segment log-0_0 to index:0
2019-10-08 18:31:38,599 [d91d0ace-0381-48bb-882b-2a0860df1015@group-5268B700C371-SegmentedRaftLogWorker] INFO  segmented.SegmentedRaftLogWorker (SegmentedRaftLogWorker.java:execute(574)) - d91d0ace-0381-48bb-882b-2a0860df1015@group-5268B700C371-SegmentedRaftLogWorker: created new log segment /workdir/hadoop-ozone/integration-test/target/test-dir/MiniOzoneClusterImpl-a711281c-616f-488d-a7dc-db87a594177d/datanode-4/data/ratis/40c702cc-e3c1-4e4e-9562-5268b700c371/current/log_inprogress_1
2019-10-08 18:31:38,643 [24dbaaa5-bd22-4331-ada3-a030212e6dab@group-5268B700C371-SegmentedRaftLogWorker] INFO  segmented.SegmentedRaftLogWorker (SegmentedRaftLogWorker.java:execute(574)) - 24dbaaa5-bd22-4331-ada3-a030212e6dab@group-5268B700C371-SegmentedRaftLogWorker: created new log segment /workdir/hadoop-ozone/integration-test/target/test-dir/MiniOzoneClusterImpl-a711281c-616f-488d-a7dc-db87a594177d/datanode-6/data/ratis/40c702cc-e3c1-4e4e-9562-5268b700c371/current/log_inprogress_0
2019-10-08 18:31:38,643 [36215749-b551-4309-8afb-92be44d31dcc@group-5268B700C371-SegmentedRaftLogWorker] INFO  segmented.SegmentedRaftLogWorker (SegmentedRaftLogWorker.java:execute(574)) - 36215749-b551-4309-8afb-92be44d31dcc@group-5268B700C371-SegmentedRaftLogWorker: created new log segment /workdir/hadoop-ozone/integration-test/target/test-dir/MiniOzoneClusterImpl-a711281c-616f-488d-a7dc-db87a594177d/datanode-5/data/ratis/40c702cc-e3c1-4e4e-9562-5268b700c371/current/log_inprogress_1
2019-10-08 18:31:38,656 [24dbaaa5-bd22-4331-ada3-a030212e6dab@group-5268B700C371-SegmentedRaftLogWorker] INFO  segmented.SegmentedRaftLogWorker (SegmentedRaftLogWorker.java:execute(531)) - 24dbaaa5-bd22-4331-ada3-a030212e6dab@group-5268B700C371-SegmentedRaftLogWorker: Rolled log segment from /workdir/hadoop-ozone/integration-test/target/test-dir/MiniOzoneClusterImpl-a711281c-616f-488d-a7dc-db87a594177d/datanode-6/data/ratis/40c702cc-e3c1-4e4e-9562-5268b700c371/current/log_inprogress_0 to /workdir/hadoop-ozone/integration-test/target/test-dir/MiniOzoneClusterImpl-a711281c-616f-488d-a7dc-db87a594177d/datanode-6/data/ratis/40c702cc-e3c1-4e4e-9562-5268b700c371/current/log_0-0
2019-10-08 18:31:38,704 [24dbaaa5-bd22-4331-ada3-a030212e6dab@group-5268B700C371-SegmentedRaftLogWorker] INFO  segmented.SegmentedRaftLogWorker (SegmentedRaftLogWorker.java:execute(574)) - 24dbaaa5-bd22-4331-ada3-a030212e6dab@group-5268B700C371-SegmentedRaftLogWorker: created new log segment /workdir/hadoop-ozone/integration-test/target/test-dir/MiniOzoneClusterImpl-a711281c-616f-488d-a7dc-db87a594177d/datanode-6/data/ratis/40c702cc-e3c1-4e4e-9562-5268b700c371/current/log_inprogress_1
2019-10-08 18:31:40,598 [Datanode State Machine Thread - 0] INFO  statemachine.DatanodeStateMachine (DatanodeStateMachine.java:lambda$startDaemon$0(350)) - Ozone container server started.
2019-10-08 18:31:44,640 [EventQueue-StaleNodeForStaleNodeHandler] INFO  node.StaleNodeHandler (StaleNodeHandler.java:onMessage(58)) - Datanode d91d0ace-0381-48bb-882b-2a0860df1015{ip: 192.168.30.53, host: pr-hdds-1984-jmsdc-1452173494, networkLocation: /default-rack, certSerialId: null} moved to stale state. Finalizing its pipelines [PipelineID=d89ee2bd-0dd7-4833-b9d2-cd4be732a818, PipelineID=40c702cc-e3c1-4e4e-9562-5268b700c371]
2019-10-08 18:31:44,642 [EventQueue-StaleNodeForStaleNodeHandler] INFO  pipeline.SCMPipelineManager (SCMPipelineManager.java:finalizeAndDestroyPipeline(315)) - destroying pipeline:Pipeline[ Id: d89ee2bd-0dd7-4833-b9d2-cd4be732a818, Nodes: d91d0ace-0381-48bb-882b-2a0860df1015{ip: 192.168.30.53, host: pr-hdds-1984-jmsdc-1452173494, networkLocation: /default-rack, certSerialId: null}, Type:RATIS, Factor:ONE, State:OPEN]
2019-10-08 18:31:44,643 [EventQueue-StaleNodeForStaleNodeHandler] INFO  pipeline.PipelineStateManager (PipelineStateManager.java:finalizePipeline(123)) - Pipeline Pipeline[ Id: d89ee2bd-0dd7-4833-b9d2-cd4be732a818, Nodes: d91d0ace-0381-48bb-882b-2a0860df1015{ip: 192.168.30.53, host: pr-hdds-1984-jmsdc-1452173494, networkLocation: /default-rack, certSerialId: null}, Type:RATIS, Factor:ONE, State:CLOSED] moved to CLOSED state
2019-10-08 18:31:44,644 [EventQueue-StaleNodeForStaleNodeHandler] INFO  pipeline.SCMPipelineManager (SCMPipelineManager.java:finalizeAndDestroyPipeline(315)) - destroying pipeline:Pipeline[ Id: 40c702cc-e3c1-4e4e-9562-5268b700c371, Nodes: d91d0ace-0381-48bb-882b-2a0860df1015{ip: 192.168.30.53, host: pr-hdds-1984-jmsdc-1452173494, networkLocation: /default-rack, certSerialId: null}36215749-b551-4309-8afb-92be44d31dcc{ip: 192.168.30.53, host: pr-hdds-1984-jmsdc-1452173494, networkLocation: /default-rack, certSerialId: null}24dbaaa5-bd22-4331-ada3-a030212e6dab{ip: 192.168.30.53, host: pr-hdds-1984-jmsdc-1452173494, networkLocation: /default-rack, certSerialId: null}, Type:RATIS, Factor:THREE, State:OPEN]
2019-10-08 18:31:44,644 [EventQueue-StaleNodeForStaleNodeHandler] INFO  pipeline.PipelineStateManager (PipelineStateManager.java:finalizePipeline(123)) - Pipeline Pipeline[ Id: 40c702cc-e3c1-4e4e-9562-5268b700c371, Nodes: d91d0ace-0381-48bb-882b-2a0860df1015{ip: 192.168.30.53, host: pr-hdds-1984-jmsdc-1452173494, networkLocation: /default-rack, certSerialId: null}36215749-b551-4309-8afb-92be44d31dcc{ip: 192.168.30.53, host: pr-hdds-1984-jmsdc-1452173494, networkLocation: /default-rack, certSerialId: null}24dbaaa5-bd22-4331-ada3-a030212e6dab{ip: 192.168.30.53, host: pr-hdds-1984-jmsdc-1452173494, networkLocation: /default-rack, certSerialId: null}, Type:RATIS, Factor:THREE, State:CLOSED] moved to CLOSED state
2019-10-08 18:31:44,645 [EventQueue-CloseContainerForCloseContainerEventHandler] INFO  container.CloseContainerEventHandler (CloseContainerEventHandler.java:onMessage(61)) - Close container Event triggered for container : #1
2019-10-08 18:31:44,768 [main] INFO  ozoneimpl.OzoneContainer (OzoneContainer.java:stop(227)) - Attempting to stop container services.
2019-10-08 18:31:44,773 [main] INFO  impl.RaftServerProxy (RaftServerProxy.java:lambda$close$4(314)) - d91d0ace-0381-48bb-882b-2a0860df1015: close
2019-10-08 18:31:44,773 [main] INFO  impl.RaftServerImpl (RaftServerImpl.java:lambda$shutdown$3(247)) - d91d0ace-0381-48bb-882b-2a0860df1015@group-CD4BE732A818: shutdown
2019-10-08 18:31:44,774 [ForkJoinPool.commonPool-worker-1] INFO  impl.RaftServerImpl (RaftServerImpl.java:lambda$shutdown$3(247)) - d91d0ace-0381-48bb-882b-2a0860df1015@group-5268B700C371: shutdown
2019-10-08 18:31:44,774 [main] INFO  util.JmxRegister (JmxRegister.java:unregister(73)) - Successfully un-registered JMX Bean with object name Ratis:service=RaftServer,group=group-CD4BE732A818,id=d91d0ace-0381-48bb-882b-2a0860df1015
2019-10-08 18:31:44,774 [ForkJoinPool.commonPool-worker-1] INFO  util.JmxRegister (JmxRegister.java:unregister(73)) - Successfully un-registered JMX Bean with object name Ratis:service=RaftServer,group=group-5268B700C371,id=d91d0ace-0381-48bb-882b-2a0860df1015
2019-10-08 18:31:44,774 [main] INFO  impl.RoleInfo (RoleInfo.java:shutdownLeaderState(104)) - d91d0ace-0381-48bb-882b-2a0860df1015: shutdown LeaderState
2019-10-08 18:31:44,775 [ForkJoinPool.commonPool-worker-1] INFO  impl.RoleInfo (RoleInfo.java:shutdownLeaderState(104)) - d91d0ace-0381-48bb-882b-2a0860df1015: shutdown LeaderState
2019-10-08 18:31:44,775 [main] INFO  impl.PendingRequests (PendingRequests.java:sendNotLeaderResponses(202)) - d91d0ace-0381-48bb-882b-2a0860df1015@group-CD4BE732A818-PendingRequests: sendNotLeaderResponses
2019-10-08 18:31:44,780 [org.apache.ratis.server.impl.LogAppender$AppenderDaemon$$Lambda$517/320324715@6384cee1] WARN  server.GrpcLogAppender (GrpcLogAppender.java:mayWait(143)) - d91d0ace-0381-48bb-882b-2a0860df1015@group-5268B700C371->24dbaaa5-bd22-4331-ada3-a030212e6dab-GrpcLogAppender: Wait interrupted by java.lang.InterruptedException
2019-10-08 18:31:44,780 [org.apache.ratis.server.impl.LogAppender$AppenderDaemon$$Lambda$517/320324715@26865cf5] WARN  server.GrpcLogAppender (GrpcLogAppender.java:mayWait(143)) - d91d0ace-0381-48bb-882b-2a0860df1015@group-5268B700C371->36215749-b551-4309-8afb-92be44d31dcc-GrpcLogAppender: Wait interrupted by java.lang.InterruptedException
2019-10-08 18:31:44,780 [ForkJoinPool.commonPool-worker-1] INFO  impl.PendingRequests (PendingRequests.java:sendNotLeaderResponses(202)) - d91d0ace-0381-48bb-882b-2a0860df1015@group-5268B700C371-PendingRequests: sendNotLeaderResponses
2019-10-08 18:31:44,780 [main] INFO  impl.StateMachineUpdater (StateMachineUpdater.java:stopAndJoin(136)) - d91d0ace-0381-48bb-882b-2a0860df1015@group-CD4BE732A818-StateMachineUpdater: set stopIndex = 0
2019-10-08 18:31:44,786 [main] INFO  impl.RaftServerImpl (ServerState.java:close(387)) - d91d0ace-0381-48bb-882b-2a0860df1015@group-CD4BE732A818: closes. applyIndex: 0
2019-10-08 18:31:44,786 [ForkJoinPool.commonPool-worker-1] INFO  impl.StateMachineUpdater (StateMachineUpdater.java:stopAndJoin(136)) - d91d0ace-0381-48bb-882b-2a0860df1015@group-5268B700C371-StateMachineUpdater: set stopIndex = 17
2019-10-08 18:31:44,786 [grpc-default-executor-6] INFO  server.GrpcServerProtocolService (GrpcServerProtocolService.java:onCompleted(113)) - 24dbaaa5-bd22-4331-ada3-a030212e6dab: Completed APPEND_ENTRIES, lastRequest: d91d0ace-0381-48bb-882b-2a0860df1015->24dbaaa5-bd22-4331-ada3-a030212e6dab#20-t4, previous=(t:4, i:17), leaderCommit=17, initializing? false, entries: <empty>
2019-10-08 18:31:44,786 [d91d0ace-0381-48bb-882b-2a0860df1015@group-5268B700C371-StateMachineUpdater] INFO  ratis.ContainerStateMachine (ContainerStateMachine.java:takeSnapshot(294)) - group-5268B700C371: Taking a snapshot at:(t:4, i:15) file /workdir/hadoop-ozone/integration-test/target/test-dir/MiniOzoneClusterImpl-a711281c-616f-488d-a7dc-db87a594177d/datanode-4/data/ratis/40c702cc-e3c1-4e4e-9562-5268b700c371/sm/snapshot.4_15
2019-10-08 18:31:44,786 [d91d0ace-0381-48bb-882b-2a0860df1015@group-CD4BE732A818-SegmentedRaftLogWorker] INFO  segmented.SegmentedRaftLogWorker (SegmentedRaftLogWorker.java:run(316)) - d91d0ace-0381-48bb-882b-2a0860df1015@group-CD4BE732A818-SegmentedRaftLogWorker was interrupted, exiting. There are 0 tasks remaining in the queue.
2019-10-08 18:31:44,786 [grpc-default-executor-5] INFO  server.GrpcServerProtocolService (GrpcServerProtocolService.java:onCompleted(113)) - 36215749-b551-4309-8afb-92be44d31dcc: Completed APPEND_ENTRIES, lastRequest: d91d0ace-0381-48bb-882b-2a0860df1015->36215749-b551-4309-8afb-92be44d31dcc#19-t4, previous=(t:4, i:17), leaderCommit=17, initializing? false, entries: <empty>
2019-10-08 18:31:44,789 [grpc-default-executor-5] INFO  server.GrpcLogAppender (GrpcLogAppender.java:onCompleted(293)) - d91d0ace-0381-48bb-882b-2a0860df1015@group-5268B700C371->24dbaaa5-bd22-4331-ada3-a030212e6dab-AppendLogResponseHandler: follower responses appendEntries COMPLETED
2019-10-08 18:31:44,789 [grpc-default-executor-6] INFO  server.GrpcLogAppender (GrpcLogAppender.java:onCompleted(293)) - d91d0ace-0381-48bb-882b-2a0860df1015@group-5268B700C371->36215749-b551-4309-8afb-92be44d31dcc-AppendLogResponseHandler: follower responses appendEntries COMPLETED
2019-10-08 18:31:44,791 [grpc-default-executor-5] INFO  impl.FollowerInfo (FollowerInfo.java:lambda$new$0(51)) - d91d0ace-0381-48bb-882b-2a0860df1015@group-5268B700C371->24dbaaa5-bd22-4331-ada3-a030212e6dab: nextIndex: updateUnconditionally 18 -> 17
2019-10-08 18:31:44,791 [grpc-default-executor-6] INFO  impl.FollowerInfo (FollowerInfo.java:lambda$new$0(51)) - d91d0ace-0381-48bb-882b-2a0860df1015@group-5268B700C371->36215749-b551-4309-8afb-92be44d31dcc: nextIndex: updateUnconditionally 18 -> 17
2019-10-08 18:31:44,798 [main] INFO  segmented.SegmentedRaftLogWorker (SegmentedRaftLogWorker.java:close(224)) - d91d0ace-0381-48bb-882b-2a0860df1015@group-CD4BE732A818-SegmentedRaftLogWorker close()
2019-10-08 18:31:44,802 [d91d0ace-0381-48bb-882b-2a0860df1015@group-5268B700C371-StateMachineUpdater] INFO  ratis.ContainerStateMachine (ContainerStateMachine.java:takeSnapshot(305)) - group-5268B700C371: Finished taking a snapshot at:(t:4, i:15) file:/workdir/hadoop-ozone/integration-test/target/test-dir/MiniOzoneClusterImpl-a711281c-616f-488d-a7dc-db87a594177d/datanode-4/data/ratis/40c702cc-e3c1-4e4e-9562-5268b700c371/sm/snapshot.4_15 time:16
2019-10-08 18:31:44,802 [d91d0ace-0381-48bb-882b-2a0860df1015@group-5268B700C371-StateMachineUpdater] INFO  impl.StateMachineUpdater (StateMachineUpdater.java:takeSnapshot(269)) - d91d0ace-0381-48bb-882b-2a0860df1015@group-5268B700C371-StateMachineUpdater: Took a snapshot at index 15
2019-10-08 18:31:44,802 [d91d0ace-0381-48bb-882b-2a0860df1015@group-5268B700C371-StateMachineUpdater] INFO  impl.StateMachineUpdater (StateMachineUpdater.java:lambda$new$0(84)) - d91d0ace-0381-48bb-882b-2a0860df1015@group-5268B700C371-StateMachineUpdater: snapshotIndex: updateIncreasingly -1 -> 15
2019-10-08 18:31:44,803 [d91d0ace-0381-48bb-882b-2a0860df1015@group-5268B700C371-StateMachineUpdater] INFO  ratis.ContainerStateMachine (ContainerStateMachine.java:takeSnapshot(294)) - group-5268B700C371: Taking a snapshot at:(t:4, i:15) file /workdir/hadoop-ozone/integration-test/target/test-dir/MiniOzoneClusterImpl-a711281c-616f-488d-a7dc-db87a594177d/datanode-4/data/ratis/40c702cc-e3c1-4e4e-9562-5268b700c371/sm/snapshot.4_15
2019-10-08 18:31:44,816 [d91d0ace-0381-48bb-882b-2a0860df1015@group-5268B700C371-StateMachineUpdater] INFO  ratis.ContainerStateMachine (ContainerStateMachine.java:takeSnapshot(305)) - group-5268B700C371: Finished taking a snapshot at:(t:4, i:15) file:/workdir/hadoop-ozone/integration-test/target/test-dir/MiniOzoneClusterImpl-a711281c-616f-488d-a7dc-db87a594177d/datanode-4/data/ratis/40c702cc-e3c1-4e4e-9562-5268b700c371/sm/snapshot.4_15 time:13
2019-10-08 18:31:44,816 [d91d0ace-0381-48bb-882b-2a0860df1015@group-5268B700C371-StateMachineUpdater] INFO  impl.StateMachineUpdater (StateMachineUpdater.java:takeSnapshot(269)) - d91d0ace-0381-48bb-882b-2a0860df1015@group-5268B700C371-StateMachineUpdater: Took a snapshot at index 15
2019-10-08 18:31:44,816 [d91d0ace-0381-48bb-882b-2a0860df1015@group-5268B700C371-StateMachineUpdater] INFO  impl.StateMachineUpdater (StateMachineUpdater.java:lambda$new$0(84)) - d91d0ace-0381-48bb-882b-2a0860df1015@group-5268B700C371-StateMachineUpdater: snapshotIndex: updateIncreasingly 15 -> 15
2019-10-08 18:31:44,816 [ForkJoinPool.commonPool-worker-1] INFO  impl.RaftServerImpl (ServerState.java:close(387)) - d91d0ace-0381-48bb-882b-2a0860df1015@group-5268B700C371: closes. applyIndex: 17
2019-10-08 18:31:44,817 [d91d0ace-0381-48bb-882b-2a0860df1015@group-5268B700C371-SegmentedRaftLogWorker] INFO  segmented.SegmentedRaftLogWorker (SegmentedRaftLogWorker.java:run(316)) - d91d0ace-0381-48bb-882b-2a0860df1015@group-5268B700C371-SegmentedRaftLogWorker was interrupted, exiting. There are 0 tasks remaining in the queue.
2019-10-08 18:31:44,819 [ForkJoinPool.commonPool-worker-1] INFO  segmented.SegmentedRaftLogWorker (SegmentedRaftLogWorker.java:close(224)) - d91d0ace-0381-48bb-882b-2a0860df1015@group-5268B700C371-SegmentedRaftLogWorker close()
2019-10-08 18:31:44,819 [main] INFO  server.GrpcService (GrpcService.java:closeImpl(164)) - d91d0ace-0381-48bb-882b-2a0860df1015: shutdown server with port 37802 now
2019-10-08 18:31:44,820 [grpc-default-executor-5] WARN  client.GrpcClientProtocolService (LogUtils.java:warn(134)) - 6-UnorderedRequestStreamObserver6: onError: org.apache.ratis.thirdparty.io.grpc.StatusRuntimeException: CANCELLED: cancelled before receiving half close
2019-10-08 18:31:44,820 [main] INFO  server.GrpcService (GrpcService.java:closeImpl(172)) - d91d0ace-0381-48bb-882b-2a0860df1015: shutdown server with port 37802 successfully
2019-10-08 18:31:44,823 [refreshUsed-/workdir/hadoop-ozone/integration-test/target/test-dir/MiniOzoneClusterImpl-a711281c-616f-488d-a7dc-db87a594177d/datanode-4/data/containers] WARN  fs.CachingGetSpaceUsed (CachingGetSpaceUsed.java:run(183)) - Thread Interrupted waiting to refresh disk information: sleep interrupted
2019-10-08 18:31:44,845 [main] INFO  utils.BackgroundService (BackgroundService.java:shutdown(148)) - Shutting down service BlockDeletingService
2019-10-08 18:31:44,852 [main] INFO  statemachine.DatanodeStateMachine (DatanodeStateMachine.java:stopDaemon(395)) - Ozone container server stopped.
2019-10-08 18:31:44,853 [main] INFO  handler.ContextHandler (ContextHandler.java:doStop(910)) - Stopped o.e.j.w.WebAppContext@6c07ad6b{/,null,UNAVAILABLE}{/hddsDatanode}
2019-10-08 18:31:44,854 [main] INFO  server.AbstractConnector (AbstractConnector.java:doStop(318)) - Stopped ServerConnector@10ed037a{HTTP/1.1,[http/1.1]}{0.0.0.0:0}
2019-10-08 18:31:44,855 [main] INFO  handler.ContextHandler (ContextHandler.java:doStop(910)) - Stopped o.e.j.s.ServletContextHandler@781654f8{/static,jar:file:/home/user/.m2/repository/org/apache/hadoop/hadoop-hdds-container-service/0.5.0-SNAPSHOT/hadoop-hdds-container-service-0.5.0-SNAPSHOT.jar!/webapps/static,UNAVAILABLE}
2019-10-08 18:31:44,855 [main] INFO  handler.ContextHandler (ContextHandler.java:doStop(910)) - Stopped o.e.j.s.ServletContextHandler@2a99ca99{/logs,file:///workdir/hadoop-ozone/integration-test/target/log,UNAVAILABLE}
2019-10-08 18:31:53,807 [Thread-3043] INFO  impl.FollowerState (FollowerState.java:run(108)) - 36215749-b551-4309-8afb-92be44d31dcc@group-5268B700C371-FollowerState: change to CANDIDATE, lastRpcTime:9021ms, electionTimeout:5021ms
2019-10-08 18:31:53,808 [Thread-3043] INFO  impl.RoleInfo (RoleInfo.java:shutdownFollowerState(121)) - 36215749-b551-4309-8afb-92be44d31dcc: shutdown FollowerState
2019-10-08 18:31:53,808 [Thread-3043] INFO  impl.RaftServerImpl (RaftServerImpl.java:setRole(170)) - 36215749-b551-4309-8afb-92be44d31dcc@group-5268B700C371: changes role from  FOLLOWER to CANDIDATE at term 4 for changeToCandidate
2019-10-08 18:31:53,808 [Thread-3043] INFO  impl.RoleInfo (RoleInfo.java:updateAndGet(143)) - 36215749-b551-4309-8afb-92be44d31dcc: start LeaderElection
2019-10-08 18:31:53,812 [36215749-b551-4309-8afb-92be44d31dcc@group-5268B700C371-LeaderElection72] INFO  impl.RaftServerImpl (ServerState.java:setLeader(255)) - 36215749-b551-4309-8afb-92be44d31dcc@group-5268B700C371: change Leader from d91d0ace-0381-48bb-882b-2a0860df1015 to null at term 4 for initElection
2019-10-08 18:31:53,826 [36215749-b551-4309-8afb-92be44d31dcc@group-5268B700C371-LeaderElection72] INFO  impl.LeaderElection (LeaderElection.java:askForVotes(178)) - 36215749-b551-4309-8afb-92be44d31dcc@group-5268B700C371-LeaderElection72: begin an election at term 5 for 1: [24dbaaa5-bd22-4331-ada3-a030212e6dab:192.168.30.53:42763, 36215749-b551-4309-8afb-92be44d31dcc:192.168.30.53:44386, d91d0ace-0381-48bb-882b-2a0860df1015:192.168.30.53:37802], old=null
2019-10-08 18:31:53,829 [36215749-b551-4309-8afb-92be44d31dcc@group-5268B700C371-LeaderElection72] INFO  impl.LeaderElection (LogUtils.java:infoOrTrace(149)) - 36215749-b551-4309-8afb-92be44d31dcc@group-5268B700C371-LeaderElection72 got exception when requesting votes: {}
java.util.concurrent.ExecutionException: org.apache.ratis.thirdparty.io.grpc.StatusRuntimeException: UNAVAILABLE: io exception
	at java.util.concurrent.FutureTask.report(FutureTask.java:122)
	at java.util.concurrent.FutureTask.get(FutureTask.java:192)
	at org.apache.ratis.server.impl.LeaderElection.waitForResults(LeaderElection.java:259)
	at org.apache.ratis.server.impl.LeaderElection.askForVotes(LeaderElection.java:197)
	at org.apache.ratis.server.impl.LeaderElection.run(LeaderElection.java:133)
	at java.lang.Thread.run(Thread.java:748)
Caused by: org.apache.ratis.thirdparty.io.grpc.StatusRuntimeException: UNAVAILABLE: io exception
	at org.apache.ratis.thirdparty.io.grpc.stub.ClientCalls.toStatusRuntimeException(ClientCalls.java:233)
	at org.apache.ratis.thirdparty.io.grpc.stub.ClientCalls.getUnchecked(ClientCalls.java:214)
	at org.apache.ratis.thirdparty.io.grpc.stub.ClientCalls.blockingUnaryCall(ClientCalls.java:139)
	at org.apache.ratis.proto.grpc.RaftServerProtocolServiceGrpc$RaftServerProtocolServiceBlockingStub.requestVote(RaftServerProtocolServiceGrpc.java:265)
	at org.apache.ratis.grpc.server.GrpcServerProtocolClient.requestVote(GrpcServerProtocolClient.java:99)
	at org.apache.ratis.grpc.server.GrpcService.requestVote(GrpcService.java:204)
	at org.apache.ratis.server.impl.LeaderElection.lambda$submitRequests$1(LeaderElection.java:234)
	at java.util.concurrent.FutureTask.run(FutureTask.java:266)
	at java.util.concurrent.Executors$RunnableAdapter.call(Executors.java:511)
	at java.util.concurrent.FutureTask.run(FutureTask.java:266)
	at java.util.concurrent.ThreadPoolExecutor.runWorker(ThreadPoolExecutor.java:1149)
	at java.util.concurrent.ThreadPoolExecutor$Worker.run(ThreadPoolExecutor.java:624)
	... 1 more
Caused by: org.apache.ratis.thirdparty.io.netty.channel.AbstractChannel$AnnotatedConnectException: Connection refused: /192.168.30.53:37802
	at sun.nio.ch.SocketChannelImpl.checkConnect(Native Method)
	at sun.nio.ch.SocketChannelImpl.finishConnect(SocketChannelImpl.java:717)
	at org.apache.ratis.thirdparty.io.netty.channel.socket.nio.NioSocketChannel.doFinishConnect(NioSocketChannel.java:327)
	at org.apache.ratis.thirdparty.io.netty.channel.nio.AbstractNioChannel$AbstractNioUnsafe.finishConnect(AbstractNioChannel.java:340)
	at org.apache.ratis.thirdparty.io.netty.channel.nio.NioEventLoop.processSelectedKey(NioEventLoop.java:632)
	at org.apache.ratis.thirdparty.io.netty.channel.nio.NioEventLoop.processSelectedKeysOptimized(NioEventLoop.java:579)
	at org.apache.ratis.thirdparty.io.netty.channel.nio.NioEventLoop.processSelectedKeys(NioEventLoop.java:496)
	at org.apache.ratis.thirdparty.io.netty.channel.nio.NioEventLoop.run(NioEventLoop.java:458)
	at org.apache.ratis.thirdparty.io.netty.util.concurrent.SingleThreadEventExecutor$5.run(SingleThreadEventExecutor.java:897)
	at org.apache.ratis.thirdparty.io.netty.util.concurrent.FastThreadLocalRunnable.run(FastThreadLocalRunnable.java:30)
	... 1 more
Caused by: java.net.ConnectException: Connection refused
	... 11 more
2019-10-08 18:31:53,832 [grpc-default-executor-7] INFO  impl.RaftServerImpl (ServerState.java:setLeader(255)) - 24dbaaa5-bd22-4331-ada3-a030212e6dab@group-5268B700C371: change Leader from d91d0ace-0381-48bb-882b-2a0860df1015 to null at term 5 for updateCurrentTerm
2019-10-08 18:31:53,832 [grpc-default-executor-7] INFO  impl.RaftServerImpl (RaftServerImpl.java:setRole(170)) - 24dbaaa5-bd22-4331-ada3-a030212e6dab@group-5268B700C371: changes role from  FOLLOWER to FOLLOWER at term 5 for recognizeCandidate:36215749-b551-4309-8afb-92be44d31dcc
2019-10-08 18:31:53,832 [grpc-default-executor-7] INFO  impl.RoleInfo (RoleInfo.java:shutdownFollowerState(121)) - 24dbaaa5-bd22-4331-ada3-a030212e6dab: shutdown FollowerState
2019-10-08 18:31:53,833 [grpc-default-executor-7] INFO  impl.RoleInfo (RoleInfo.java:updateAndGet(143)) - 24dbaaa5-bd22-4331-ada3-a030212e6dab: start FollowerState
2019-10-08 18:31:53,833 [Thread-3042] INFO  impl.FollowerState (FollowerState.java:run(117)) - 24dbaaa5-bd22-4331-ada3-a030212e6dab@group-5268B700C371-FollowerState was interrupted: java.lang.InterruptedException: sleep interrupted
2019-10-08 18:31:53,849 [36215749-b551-4309-8afb-92be44d31dcc@group-5268B700C371-LeaderElection72] INFO  impl.LeaderElection (LeaderElection.java:logAndReturn(56)) - 36215749-b551-4309-8afb-92be44d31dcc@group-5268B700C371-LeaderElection72: Election PASSED; received 1 response(s) [36215749-b551-4309-8afb-92be44d31dcc<-24dbaaa5-bd22-4331-ada3-a030212e6dab#0:OK-t5] and 1 exception(s); 36215749-b551-4309-8afb-92be44d31dcc@group-5268B700C371:t5, leader=null, voted=36215749-b551-4309-8afb-92be44d31dcc, raftlog=36215749-b551-4309-8afb-92be44d31dcc@group-5268B700C371-SegmentedRaftLog:OPENED:c17,f17,i17, conf=1: [24dbaaa5-bd22-4331-ada3-a030212e6dab:192.168.30.53:42763, 36215749-b551-4309-8afb-92be44d31dcc:192.168.30.53:44386, d91d0ace-0381-48bb-882b-2a0860df1015:192.168.30.53:37802], old=null
2019-10-08 18:31:53,849 [36215749-b551-4309-8afb-92be44d31dcc@group-5268B700C371-LeaderElection72] INFO  impl.LeaderElection (LogUtils.java:infoOrTrace(149)) -   Exception 0: {}
java.util.concurrent.ExecutionException: org.apache.ratis.thirdparty.io.grpc.StatusRuntimeException: UNAVAILABLE: io exception
	at java.util.concurrent.FutureTask.report(FutureTask.java:122)
	at java.util.concurrent.FutureTask.get(FutureTask.java:192)
	at org.apache.ratis.server.impl.LeaderElection.waitForResults(LeaderElection.java:259)
	at org.apache.ratis.server.impl.LeaderElection.askForVotes(LeaderElection.java:197)
	at org.apache.ratis.server.impl.LeaderElection.run(LeaderElection.java:133)
	at java.lang.Thread.run(Thread.java:748)
Caused by: org.apache.ratis.thirdparty.io.grpc.StatusRuntimeException: UNAVAILABLE: io exception
	at org.apache.ratis.thirdparty.io.grpc.stub.ClientCalls.toStatusRuntimeException(ClientCalls.java:233)
	at org.apache.ratis.thirdparty.io.grpc.stub.ClientCalls.getUnchecked(ClientCalls.java:214)
	at org.apache.ratis.thirdparty.io.grpc.stub.ClientCalls.blockingUnaryCall(ClientCalls.java:139)
	at org.apache.ratis.proto.grpc.RaftServerProtocolServiceGrpc$RaftServerProtocolServiceBlockingStub.requestVote(RaftServerProtocolServiceGrpc.java:265)
	at org.apache.ratis.grpc.server.GrpcServerProtocolClient.requestVote(GrpcServerProtocolClient.java:99)
	at org.apache.ratis.grpc.server.GrpcService.requestVote(GrpcService.java:204)
	at org.apache.ratis.server.impl.LeaderElection.lambda$submitRequests$1(LeaderElection.java:234)
	at java.util.concurrent.FutureTask.run(FutureTask.java:266)
	at java.util.concurrent.Executors$RunnableAdapter.call(Executors.java:511)
	at java.util.concurrent.FutureTask.run(FutureTask.java:266)
	at java.util.concurrent.ThreadPoolExecutor.runWorker(ThreadPoolExecutor.java:1149)
	at java.util.concurrent.ThreadPoolExecutor$Worker.run(ThreadPoolExecutor.java:624)
	... 1 more
Caused by: org.apache.ratis.thirdparty.io.netty.channel.AbstractChannel$AnnotatedConnectException: Connection refused: /192.168.30.53:37802
	at sun.nio.ch.SocketChannelImpl.checkConnect(Native Method)
	at sun.nio.ch.SocketChannelImpl.finishConnect(SocketChannelImpl.java:717)
	at org.apache.ratis.thirdparty.io.netty.channel.socket.nio.NioSocketChannel.doFinishConnect(NioSocketChannel.java:327)
	at org.apache.ratis.thirdparty.io.netty.channel.nio.AbstractNioChannel$AbstractNioUnsafe.finishConnect(AbstractNioChannel.java:340)
	at org.apache.ratis.thirdparty.io.netty.channel.nio.NioEventLoop.processSelectedKey(NioEventLoop.java:632)
	at org.apache.ratis.thirdparty.io.netty.channel.nio.NioEventLoop.processSelectedKeysOptimized(NioEventLoop.java:579)
	at org.apache.ratis.thirdparty.io.netty.channel.nio.NioEventLoop.processSelectedKeys(NioEventLoop.java:496)
	at org.apache.ratis.thirdparty.io.netty.channel.nio.NioEventLoop.run(NioEventLoop.java:458)
	at org.apache.ratis.thirdparty.io.netty.util.concurrent.SingleThreadEventExecutor$5.run(SingleThreadEventExecutor.java:897)
	at org.apache.ratis.thirdparty.io.netty.util.concurrent.FastThreadLocalRunnable.run(FastThreadLocalRunnable.java:30)
	... 1 more
Caused by: java.net.ConnectException: Connection refused
	... 11 more
2019-10-08 18:31:53,849 [36215749-b551-4309-8afb-92be44d31dcc@group-5268B700C371-LeaderElection72] INFO  impl.RoleInfo (RoleInfo.java:shutdownLeaderElection(134)) - 36215749-b551-4309-8afb-92be44d31dcc: shutdown LeaderElection
2019-10-08 18:31:53,849 [36215749-b551-4309-8afb-92be44d31dcc@group-5268B700C371-LeaderElection72] INFO  impl.RaftServerImpl (RaftServerImpl.java:setRole(170)) - 36215749-b551-4309-8afb-92be44d31dcc@group-5268B700C371: changes role from CANDIDATE to LEADER at term 5 for changeToLeader
2019-10-08 18:31:53,849 [36215749-b551-4309-8afb-92be44d31dcc@group-5268B700C371-LeaderElection72] INFO  impl.RaftServerImpl (ServerState.java:setLeader(255)) - 36215749-b551-4309-8afb-92be44d31dcc@group-5268B700C371: change Leader from null to 36215749-b551-4309-8afb-92be44d31dcc at term 5 for becomeLeader, leader elected after 36ms
2019-10-08 18:31:53,850 [36215749-b551-4309-8afb-92be44d31dcc@group-5268B700C371-LeaderElection72] INFO  server.RaftServerConfigKeys (ConfUtils.java:logGet(43)) - raft.server.staging.catchup.gap = 1000 (default)
2019-10-08 18:31:53,850 [36215749-b551-4309-8afb-92be44d31dcc@group-5268B700C371-LeaderElection72] INFO  server.RaftServerConfigKeys (ConfUtils.java:logGet(43)) - raft.server.rpc.sleep.time = 25ms (default)
2019-10-08 18:31:53,850 [36215749-b551-4309-8afb-92be44d31dcc@group-5268B700C371-LeaderElection72] INFO  server.RaftServerConfigKeys (ConfUtils.java:logGet(43)) - raft.server.write.element-limit = 4096 (default)
2019-10-08 18:31:53,850 [36215749-b551-4309-8afb-92be44d31dcc@group-5268B700C371-LeaderElection72] INFO  server.RaftServerConfigKeys (ConfUtils.java:logGet(43)) - raft.server.watch.timeout = 10s (default)
2019-10-08 18:31:53,850 [36215749-b551-4309-8afb-92be44d31dcc@group-5268B700C371-LeaderElection72] INFO  server.RaftServerConfigKeys (ConfUtils.java:logGet(43)) - raft.server.watch.timeout.denomination = 1s (default)
2019-10-08 18:31:53,850 [36215749-b551-4309-8afb-92be44d31dcc@group-5268B700C371-LeaderElection72] INFO  server.RaftServerConfigKeys (ConfUtils.java:logGet(43)) - raft.server.watch.element-limit = 65536 (default)
2019-10-08 18:31:53,852 [36215749-b551-4309-8afb-92be44d31dcc@group-5268B700C371-LeaderElection72] INFO  server.RaftServerConfigKeys (ConfUtils.java:logGet(43)) - raft.server.log.appender.snapshot.chunk.size.max = 16MB (=16777216) (default)
2019-10-08 18:31:53,853 [36215749-b551-4309-8afb-92be44d31dcc@group-5268B700C371-LeaderElection72] INFO  server.RaftServerConfigKeys (ConfUtils.java:logGet(43)) - raft.server.log.appender.buffer.byte-limit = 33554432 (custom)
2019-10-08 18:31:53,853 [36215749-b551-4309-8afb-92be44d31dcc@group-5268B700C371-LeaderElection72] INFO  server.RaftServerConfigKeys (ConfUtils.java:logGet(43)) - raft.server.log.appender.buffer.element-limit = 1 (custom)
2019-10-08 18:31:53,853 [36215749-b551-4309-8afb-92be44d31dcc@group-5268B700C371-LeaderElection72] INFO  grpc.GrpcConfigKeys$Server (ConfUtils.java:logGet(43)) - raft.grpc.server.leader.outstanding.appends.max = 128 (default)
2019-10-08 18:31:53,853 [36215749-b551-4309-8afb-92be44d31dcc@group-5268B700C371-LeaderElection72] INFO  server.RaftServerConfigKeys (ConfUtils.java:logGet(43)) - raft.server.rpc.request.timeout = 3000ms (default)
2019-10-08 18:31:53,853 [36215749-b551-4309-8afb-92be44d31dcc@group-5268B700C371-LeaderElection72] INFO  server.RaftServerConfigKeys (ConfUtils.java:logGet(43)) - raft.server.log.appender.install.snapshot.enabled = false (custom)
2019-10-08 18:31:53,854 [36215749-b551-4309-8afb-92be44d31dcc@group-5268B700C371-LeaderElection72] INFO  server.RaftServerConfigKeys (ConfUtils.java:logGet(43)) - raft.server.log.appender.snapshot.chunk.size.max = 16MB (=16777216) (default)
2019-10-08 18:31:53,854 [36215749-b551-4309-8afb-92be44d31dcc@group-5268B700C371-LeaderElection72] INFO  server.RaftServerConfigKeys (ConfUtils.java:logGet(43)) - raft.server.log.appender.buffer.byte-limit = 33554432 (custom)
2019-10-08 18:31:53,854 [36215749-b551-4309-8afb-92be44d31dcc@group-5268B700C371-LeaderElection72] INFO  server.RaftServerConfigKeys (ConfUtils.java:logGet(43)) - raft.server.log.appender.buffer.element-limit = 1 (custom)
2019-10-08 18:31:53,854 [36215749-b551-4309-8afb-92be44d31dcc@group-5268B700C371-LeaderElection72] INFO  grpc.GrpcConfigKeys$Server (ConfUtils.java:logGet(43)) - raft.grpc.server.leader.outstanding.appends.max = 128 (default)
2019-10-08 18:31:53,854 [36215749-b551-4309-8afb-92be44d31dcc@group-5268B700C371-LeaderElection72] INFO  server.RaftServerConfigKeys (ConfUtils.java:logGet(43)) - raft.server.rpc.request.timeout = 3000ms (default)
2019-10-08 18:31:53,854 [36215749-b551-4309-8afb-92be44d31dcc@group-5268B700C371-LeaderElection72] INFO  server.RaftServerConfigKeys (ConfUtils.java:logGet(43)) - raft.server.log.appender.install.snapshot.enabled = false (custom)
2019-10-08 18:31:53,855 [36215749-b551-4309-8afb-92be44d31dcc@group-5268B700C371-LeaderElection72] INFO  impl.RoleInfo (RoleInfo.java:updateAndGet(143)) - 36215749-b551-4309-8afb-92be44d31dcc: start LeaderState
2019-10-08 18:31:53,855 [36215749-b551-4309-8afb-92be44d31dcc@group-5268B700C371-LeaderElection72] INFO  segmented.SegmentedRaftLogWorker (SegmentedRaftLogWorker.java:rollLogSegment(390)) - 36215749-b551-4309-8afb-92be44d31dcc@group-5268B700C371-SegmentedRaftLogWorker: Rolling segment log-1_17 to index:17
2019-10-08 18:31:53,856 [36215749-b551-4309-8afb-92be44d31dcc@group-5268B700C371-LeaderElection72] INFO  impl.RaftServerImpl (ServerState.java:setRaftConf(356)) - 36215749-b551-4309-8afb-92be44d31dcc@group-5268B700C371: set configuration 18: [24dbaaa5-bd22-4331-ada3-a030212e6dab:192.168.30.53:42763, 36215749-b551-4309-8afb-92be44d31dcc:192.168.30.53:44386, d91d0ace-0381-48bb-882b-2a0860df1015:192.168.30.53:37802], old=null at 18
2019-10-08 18:31:53,856 [36215749-b551-4309-8afb-92be44d31dcc@group-5268B700C371-SegmentedRaftLogWorker] INFO  segmented.SegmentedRaftLogWorker (SegmentedRaftLogWorker.java:execute(531)) - 36215749-b551-4309-8afb-92be44d31dcc@group-5268B700C371-SegmentedRaftLogWorker: Rolled log segment from /workdir/hadoop-ozone/integration-test/target/test-dir/MiniOzoneClusterImpl-a711281c-616f-488d-a7dc-db87a594177d/datanode-5/data/ratis/40c702cc-e3c1-4e4e-9562-5268b700c371/current/log_inprogress_1 to /workdir/hadoop-ozone/integration-test/target/test-dir/MiniOzoneClusterImpl-a711281c-616f-488d-a7dc-db87a594177d/datanode-5/data/ratis/40c702cc-e3c1-4e4e-9562-5268b700c371/current/log_1-17
2019-10-08 18:31:53,859 [grpc-default-executor-7] WARN  server.GrpcLogAppender (LogUtils.java:warn(134)) - 36215749-b551-4309-8afb-92be44d31dcc@group-5268B700C371->d91d0ace-0381-48bb-882b-2a0860df1015-AppendLogResponseHandler: Failed appendEntries: org.apache.ratis.thirdparty.io.grpc.StatusRuntimeException: UNAVAILABLE: io exception
2019-10-08 18:31:53,859 [grpc-default-executor-6] INFO  impl.RaftServerImpl (ServerState.java:setLeader(255)) - 24dbaaa5-bd22-4331-ada3-a030212e6dab@group-5268B700C371: change Leader from null to 36215749-b551-4309-8afb-92be44d31dcc at term 5 for appendEntries, leader elected after 27ms
2019-10-08 18:31:53,897 [grpc-default-executor-7] INFO  impl.FollowerInfo (FollowerInfo.java:lambda$new$0(51)) - 36215749-b551-4309-8afb-92be44d31dcc@group-5268B700C371->d91d0ace-0381-48bb-882b-2a0860df1015: nextIndex: updateUnconditionally 18 -> 1
2019-10-08 18:31:53,899 [grpc-default-executor-7] INFO  impl.RaftServerImpl (ServerState.java:setRaftConf(356)) - 24dbaaa5-bd22-4331-ada3-a030212e6dab@group-5268B700C371: set configuration 18: [24dbaaa5-bd22-4331-ada3-a030212e6dab:192.168.30.53:42763, 36215749-b551-4309-8afb-92be44d31dcc:192.168.30.53:44386, d91d0ace-0381-48bb-882b-2a0860df1015:192.168.30.53:37802], old=null at 18
2019-10-08 18:31:53,899 [grpc-default-executor-7] INFO  segmented.SegmentedRaftLogWorker (SegmentedRaftLogWorker.java:rollLogSegment(390)) - 24dbaaa5-bd22-4331-ada3-a030212e6dab@group-5268B700C371-SegmentedRaftLogWorker: Rolling segment log-1_17 to index:17
2019-10-08 18:31:53,900 [24dbaaa5-bd22-4331-ada3-a030212e6dab@group-5268B700C371-SegmentedRaftLogWorker] INFO  segmented.SegmentedRaftLogWorker (SegmentedRaftLogWorker.java:execute(531)) - 24dbaaa5-bd22-4331-ada3-a030212e6dab@group-5268B700C371-SegmentedRaftLogWorker: Rolled log segment from /workdir/hadoop-ozone/integration-test/target/test-dir/MiniOzoneClusterImpl-a711281c-616f-488d-a7dc-db87a594177d/datanode-6/data/ratis/40c702cc-e3c1-4e4e-9562-5268b700c371/current/log_inprogress_1 to /workdir/hadoop-ozone/integration-test/target/test-dir/MiniOzoneClusterImpl-a711281c-616f-488d-a7dc-db87a594177d/datanode-6/data/ratis/40c702cc-e3c1-4e4e-9562-5268b700c371/current/log_1-17
2019-10-08 18:31:53,910 [36215749-b551-4309-8afb-92be44d31dcc@group-5268B700C371-SegmentedRaftLogWorker] INFO  segmented.SegmentedRaftLogWorker (SegmentedRaftLogWorker.java:execute(574)) - 36215749-b551-4309-8afb-92be44d31dcc@group-5268B700C371-SegmentedRaftLogWorker: created new log segment /workdir/hadoop-ozone/integration-test/target/test-dir/MiniOzoneClusterImpl-a711281c-616f-488d-a7dc-db87a594177d/datanode-5/data/ratis/40c702cc-e3c1-4e4e-9562-5268b700c371/current/log_inprogress_18
2019-10-08 18:31:53,945 [24dbaaa5-bd22-4331-ada3-a030212e6dab@group-5268B700C371-SegmentedRaftLogWorker] INFO  segmented.SegmentedRaftLogWorker (SegmentedRaftLogWorker.java:execute(574)) - 24dbaaa5-bd22-4331-ada3-a030212e6dab@group-5268B700C371-SegmentedRaftLogWorker: created new log segment /workdir/hadoop-ozone/integration-test/target/test-dir/MiniOzoneClusterImpl-a711281c-616f-488d-a7dc-db87a594177d/datanode-6/data/ratis/40c702cc-e3c1-4e4e-9562-5268b700c371/current/log_inprogress_18
2019-10-08 18:31:53,965 [grpc-default-executor-6] WARN  server.GrpcLogAppender (LogUtils.java:warn(134)) - 36215749-b551-4309-8afb-92be44d31dcc@group-5268B700C371->d91d0ace-0381-48bb-882b-2a0860df1015-AppendLogResponseHandler: Failed appendEntries: org.apache.ratis.thirdparty.io.grpc.StatusRuntimeException: UNAVAILABLE: io exception
2019-10-08 18:31:53,965 [grpc-default-executor-6] INFO  impl.FollowerInfo (FollowerInfo.java:lambda$new$0(51)) - 36215749-b551-4309-8afb-92be44d31dcc@group-5268B700C371->d91d0ace-0381-48bb-882b-2a0860df1015: nextIndex: updateUnconditionally 2 -> 1
2019-10-08 18:31:53,994 [grpc-default-executor-6] WARN  server.GrpcLogAppender (LogUtils.java:warn(134)) - 36215749-b551-4309-8afb-92be44d31dcc@group-5268B700C371->d91d0ace-0381-48bb-882b-2a0860df1015-AppendLogResponseHandler: Failed appendEntries: org.apache.ratis.thirdparty.io.grpc.StatusRuntimeException: UNAVAILABLE: io exception
2019-10-08 18:31:53,994 [grpc-default-executor-6] INFO  impl.FollowerInfo (FollowerInfo.java:lambda$new$0(51)) - 36215749-b551-4309-8afb-92be44d31dcc@group-5268B700C371->d91d0ace-0381-48bb-882b-2a0860df1015: nextIndex: updateUnconditionally 2 -> 1
18:31:54.035 [grpc-default-executor-6] ERROR DNAudit - user=null | ip=null | op=WRITE_CHUNK {blockData=conID: 1 locID: 102928186289356813 bcsId: 15} | ret=FAILURE
org.apache.hadoop.hdds.scm.container.common.helpers.ContainerNotOpenException: Container 1 in CLOSING state
	at org.apache.hadoop.ozone.container.common.impl.HddsDispatcher.validateContainerCommand(HddsDispatcher.java:434) ~[hadoop-hdds-container-service-0.5.0-SNAPSHOT.jar:?]
	at org.apache.hadoop.ozone.container.common.transport.server.ratis.ContainerStateMachine.startTransaction(ContainerStateMachine.java:320) ~[hadoop-hdds-container-service-0.5.0-SNAPSHOT.jar:?]
	at org.apache.ratis.server.impl.RaftServerImpl.submitClientRequestAsync(RaftServerImpl.java:569) ~[ratis-server-0.5.0-201fc85-SNAPSHOT.jar:0.5.0-201fc85-SNAPSHOT]
	at org.apache.ratis.server.impl.RaftServerProxy.lambda$submitClientRequestAsync$7(RaftServerProxy.java:333) ~[ratis-server-0.5.0-201fc85-SNAPSHOT.jar:0.5.0-201fc85-SNAPSHOT]
	at org.apache.ratis.server.impl.RaftServerProxy.lambda$null$5(RaftServerProxy.java:328) ~[ratis-server-0.5.0-201fc85-SNAPSHOT.jar:0.5.0-201fc85-SNAPSHOT]
	at org.apache.ratis.util.JavaUtils.callAsUnchecked(JavaUtils.java:109) ~[ratis-common-0.5.0-201fc85-SNAPSHOT.jar:0.5.0-201fc85-SNAPSHOT]
	at org.apache.ratis.server.impl.RaftServerProxy.lambda$submitRequest$6(RaftServerProxy.java:328) ~[ratis-server-0.5.0-201fc85-SNAPSHOT.jar:0.5.0-201fc85-SNAPSHOT]
	at java.util.concurrent.CompletableFuture.uniComposeStage(CompletableFuture.java:981) ~[?:1.8.0_212]
	at java.util.concurrent.CompletableFuture.thenCompose(CompletableFuture.java:2124) ~[?:1.8.0_212]
	at org.apache.ratis.server.impl.RaftServerProxy.submitRequest(RaftServerProxy.java:327) ~[ratis-server-0.5.0-201fc85-SNAPSHOT.jar:0.5.0-201fc85-SNAPSHOT]
	at org.apache.ratis.server.impl.RaftServerProxy.submitClientRequestAsync(RaftServerProxy.java:333) ~[ratis-server-0.5.0-201fc85-SNAPSHOT.jar:0.5.0-201fc85-SNAPSHOT]
	at org.apache.ratis.grpc.client.GrpcClientProtocolService$RequestStreamObserver.processClientRequest(GrpcClientProtocolService.java:220) ~[ratis-grpc-0.5.0-201fc85-SNAPSHOT.jar:0.5.0-201fc85-SNAPSHOT]
	at org.apache.ratis.grpc.client.GrpcClientProtocolService$OrderedRequestStreamObserver.processClientRequest(GrpcClientProtocolService.java:326) ~[ratis-grpc-0.5.0-201fc85-SNAPSHOT.jar:0.5.0-201fc85-SNAPSHOT]
	at org.apache.ratis.util.SlidingWindow$Server.processRequestsFromHead(SlidingWindow.java:429) [ratis-common-0.5.0-201fc85-SNAPSHOT.jar:0.5.0-201fc85-SNAPSHOT]
	at org.apache.ratis.util.SlidingWindow$Server.receivedRequest(SlidingWindow.java:421) [ratis-common-0.5.0-201fc85-SNAPSHOT.jar:0.5.0-201fc85-SNAPSHOT]
	at org.apache.ratis.grpc.client.GrpcClientProtocolService$OrderedRequestStreamObserver.processClientRequest(GrpcClientProtocolService.java:345) [ratis-grpc-0.5.0-201fc85-SNAPSHOT.jar:0.5.0-201fc85-SNAPSHOT]
	at org.apache.ratis.grpc.client.GrpcClientProtocolService$RequestStreamObserver.onNext(GrpcClientProtocolService.java:240) [ratis-grpc-0.5.0-201fc85-SNAPSHOT.jar:0.5.0-201fc85-SNAPSHOT]
	at org.apache.ratis.grpc.client.GrpcClientProtocolService$RequestStreamObserver.onNext(GrpcClientProtocolService.java:168) [ratis-grpc-0.5.0-201fc85-SNAPSHOT.jar:0.5.0-201fc85-SNAPSHOT]
	at org.apache.ratis.thirdparty.io.grpc.stub.ServerCalls$StreamingServerCallHandler$StreamingServerCallListener.onMessage(ServerCalls.java:248) [ratis-thirdparty-misc-0.2.0.jar:0.2.0]
	at org.apache.ratis.thirdparty.io.grpc.internal.ServerCallImpl$ServerStreamListenerImpl.messagesAvailable(ServerCallImpl.java:263) [ratis-thirdparty-misc-0.2.0.jar:0.2.0]
	at org.apache.ratis.thirdparty.io.grpc.internal.ServerImpl$JumpToApplicationThreadServerStreamListener$1MessagesAvailable.runInContext(ServerImpl.java:686) [ratis-thirdparty-misc-0.2.0.jar:0.2.0]
	at org.apache.ratis.thirdparty.io.grpc.internal.ContextRunnable.run(ContextRunnable.java:37) [ratis-thirdparty-misc-0.2.0.jar:0.2.0]
	at org.apache.ratis.thirdparty.io.grpc.internal.SerializingExecutor.run(SerializingExecutor.java:123) [ratis-thirdparty-misc-0.2.0.jar:0.2.0]
	at java.util.concurrent.ThreadPoolExecutor.runWorker(ThreadPoolExecutor.java:1149) [?:1.8.0_212]
	at java.util.concurrent.ThreadPoolExecutor$Worker.run(ThreadPoolExecutor.java:624) [?:1.8.0_212]
	at java.lang.Thread.run(Thread.java:748) [?:1.8.0_212]
18:31:54.047 [grpc-default-executor-7] ERROR DNAudit - user=null | ip=null | op=WRITE_CHUNK {blockData=conID: 1 locID: 102928186289356813 bcsId: 15} | ret=FAILURE
org.apache.hadoop.hdds.scm.container.common.helpers.ContainerNotOpenException: Container 1 in CLOSING state
	at org.apache.hadoop.ozone.container.common.impl.HddsDispatcher.validateContainerCommand(HddsDispatcher.java:434) ~[hadoop-hdds-container-service-0.5.0-SNAPSHOT.jar:?]
	at org.apache.hadoop.ozone.container.common.transport.server.ratis.ContainerStateMachine.startTransaction(ContainerStateMachine.java:320) ~[hadoop-hdds-container-service-0.5.0-SNAPSHOT.jar:?]
	at org.apache.ratis.server.impl.RaftServerImpl.submitClientRequestAsync(RaftServerImpl.java:569) ~[ratis-server-0.5.0-201fc85-SNAPSHOT.jar:0.5.0-201fc85-SNAPSHOT]
	at org.apache.ratis.server.impl.RaftServerProxy.lambda$submitClientRequestAsync$7(RaftServerProxy.java:333) ~[ratis-server-0.5.0-201fc85-SNAPSHOT.jar:0.5.0-201fc85-SNAPSHOT]
	at org.apache.ratis.server.impl.RaftServerProxy.lambda$null$5(RaftServerProxy.java:328) ~[ratis-server-0.5.0-201fc85-SNAPSHOT.jar:0.5.0-201fc85-SNAPSHOT]
	at org.apache.ratis.util.JavaUtils.callAsUnchecked(JavaUtils.java:109) ~[ratis-common-0.5.0-201fc85-SNAPSHOT.jar:0.5.0-201fc85-SNAPSHOT]
	at org.apache.ratis.server.impl.RaftServerProxy.lambda$submitRequest$6(RaftServerProxy.java:328) ~[ratis-server-0.5.0-201fc85-SNAPSHOT.jar:0.5.0-201fc85-SNAPSHOT]
	at java.util.concurrent.CompletableFuture.uniComposeStage(CompletableFuture.java:981) ~[?:1.8.0_212]
	at java.util.concurrent.CompletableFuture.thenCompose(CompletableFuture.java:2124) ~[?:1.8.0_212]
	at org.apache.ratis.server.impl.RaftServerProxy.submitRequest(RaftServerProxy.java:327) ~[ratis-server-0.5.0-201fc85-SNAPSHOT.jar:0.5.0-201fc85-SNAPSHOT]
	at org.apache.ratis.server.impl.RaftServerProxy.submitClientRequestAsync(RaftServerProxy.java:333) ~[ratis-server-0.5.0-201fc85-SNAPSHOT.jar:0.5.0-201fc85-SNAPSHOT]
	at org.apache.ratis.grpc.client.GrpcClientProtocolService$RequestStreamObserver.processClientRequest(GrpcClientProtocolService.java:220) ~[ratis-grpc-0.5.0-201fc85-SNAPSHOT.jar:0.5.0-201fc85-SNAPSHOT]
	at org.apache.ratis.grpc.client.GrpcClientProtocolService$OrderedRequestStreamObserver.processClientRequest(GrpcClientProtocolService.java:326) ~[ratis-grpc-0.5.0-201fc85-SNAPSHOT.jar:0.5.0-201fc85-SNAPSHOT]
	at org.apache.ratis.util.SlidingWindow$Server.processRequestsFromHead(SlidingWindow.java:429) [ratis-common-0.5.0-201fc85-SNAPSHOT.jar:0.5.0-201fc85-SNAPSHOT]
	at org.apache.ratis.util.SlidingWindow$Server.receivedRequest(SlidingWindow.java:421) [ratis-common-0.5.0-201fc85-SNAPSHOT.jar:0.5.0-201fc85-SNAPSHOT]
	at org.apache.ratis.grpc.client.GrpcClientProtocolService$OrderedRequestStreamObserver.processClientRequest(GrpcClientProtocolService.java:345) [ratis-grpc-0.5.0-201fc85-SNAPSHOT.jar:0.5.0-201fc85-SNAPSHOT]
	at org.apache.ratis.grpc.client.GrpcClientProtocolService$RequestStreamObserver.onNext(GrpcClientProtocolService.java:240) [ratis-grpc-0.5.0-201fc85-SNAPSHOT.jar:0.5.0-201fc85-SNAPSHOT]
	at org.apache.ratis.grpc.client.GrpcClientProtocolService$RequestStreamObserver.onNext(GrpcClientProtocolService.java:168) [ratis-grpc-0.5.0-201fc85-SNAPSHOT.jar:0.5.0-201fc85-SNAPSHOT]
	at org.apache.ratis.thirdparty.io.grpc.stub.ServerCalls$StreamingServerCallHandler$StreamingServerCallListener.onMessage(ServerCalls.java:248) [ratis-thirdparty-misc-0.2.0.jar:0.2.0]
	at org.apache.ratis.thirdparty.io.grpc.internal.ServerCallImpl$ServerStreamListenerImpl.messagesAvailable(ServerCallImpl.java:263) [ratis-thirdparty-misc-0.2.0.jar:0.2.0]
	at org.apache.ratis.thirdparty.io.grpc.internal.ServerImpl$JumpToApplicationThreadServerStreamListener$1MessagesAvailable.runInContext(ServerImpl.java:686) [ratis-thirdparty-misc-0.2.0.jar:0.2.0]
	at org.apache.ratis.thirdparty.io.grpc.internal.ContextRunnable.run(ContextRunnable.java:37) [ratis-thirdparty-misc-0.2.0.jar:0.2.0]
	at org.apache.ratis.thirdparty.io.grpc.internal.SerializingExecutor.run(SerializingExecutor.java:123) [ratis-thirdparty-misc-0.2.0.jar:0.2.0]
	at java.util.concurrent.ThreadPoolExecutor.runWorker(ThreadPoolExecutor.java:1149) [?:1.8.0_212]
	at java.util.concurrent.ThreadPoolExecutor$Worker.run(ThreadPoolExecutor.java:624) [?:1.8.0_212]
	at java.lang.Thread.run(Thread.java:748) [?:1.8.0_212]
18:31:54.053 [grpc-default-executor-7] ERROR DNAudit - user=null | ip=null | op=PUT_BLOCK {blockData=[blockId=conID: 1 locID: 102928186289356813 bcsId: 0,size=650]} | ret=FAILURE
org.apache.hadoop.hdds.scm.container.common.helpers.ContainerNotOpenException: Container 1 in CLOSING state
	at org.apache.hadoop.ozone.container.common.impl.HddsDispatcher.validateContainerCommand(HddsDispatcher.java:434) ~[hadoop-hdds-container-service-0.5.0-SNAPSHOT.jar:?]
	at org.apache.hadoop.ozone.container.common.transport.server.ratis.ContainerStateMachine.startTransaction(ContainerStateMachine.java:320) ~[hadoop-hdds-container-service-0.5.0-SNAPSHOT.jar:?]
	at org.apache.ratis.server.impl.RaftServerImpl.submitClientRequestAsync(RaftServerImpl.java:569) ~[ratis-server-0.5.0-201fc85-SNAPSHOT.jar:0.5.0-201fc85-SNAPSHOT]
	at org.apache.ratis.server.impl.RaftServerProxy.lambda$submitClientRequestAsync$7(RaftServerProxy.java:333) ~[ratis-server-0.5.0-201fc85-SNAPSHOT.jar:0.5.0-201fc85-SNAPSHOT]
	at org.apache.ratis.server.impl.RaftServerProxy.lambda$null$5(RaftServerProxy.java:328) ~[ratis-server-0.5.0-201fc85-SNAPSHOT.jar:0.5.0-201fc85-SNAPSHOT]
	at org.apache.ratis.util.JavaUtils.callAsUnchecked(JavaUtils.java:109) ~[ratis-common-0.5.0-201fc85-SNAPSHOT.jar:0.5.0-201fc85-SNAPSHOT]
	at org.apache.ratis.server.impl.RaftServerProxy.lambda$submitRequest$6(RaftServerProxy.java:328) ~[ratis-server-0.5.0-201fc85-SNAPSHOT.jar:0.5.0-201fc85-SNAPSHOT]
	at java.util.concurrent.CompletableFuture.uniComposeStage(CompletableFuture.java:981) ~[?:1.8.0_212]
	at java.util.concurrent.CompletableFuture.thenCompose(CompletableFuture.java:2124) ~[?:1.8.0_212]
	at org.apache.ratis.server.impl.RaftServerProxy.submitRequest(RaftServerProxy.java:327) ~[ratis-server-0.5.0-201fc85-SNAPSHOT.jar:0.5.0-201fc85-SNAPSHOT]
	at org.apache.ratis.server.impl.RaftServerProxy.submitClientRequestAsync(RaftServerProxy.java:333) ~[ratis-server-0.5.0-201fc85-SNAPSHOT.jar:0.5.0-201fc85-SNAPSHOT]
	at org.apache.ratis.grpc.client.GrpcClientProtocolService$RequestStreamObserver.processClientRequest(GrpcClientProtocolService.java:220) ~[ratis-grpc-0.5.0-201fc85-SNAPSHOT.jar:0.5.0-201fc85-SNAPSHOT]
	at org.apache.ratis.grpc.client.GrpcClientProtocolService$OrderedRequestStreamObserver.processClientRequest(GrpcClientProtocolService.java:326) ~[ratis-grpc-0.5.0-201fc85-SNAPSHOT.jar:0.5.0-201fc85-SNAPSHOT]
	at org.apache.ratis.util.SlidingWindow$Server.processRequestsFromHead(SlidingWindow.java:429) [ratis-common-0.5.0-201fc85-SNAPSHOT.jar:0.5.0-201fc85-SNAPSHOT]
	at org.apache.ratis.util.SlidingWindow$Server.receivedRequest(SlidingWindow.java:421) [ratis-common-0.5.0-201fc85-SNAPSHOT.jar:0.5.0-201fc85-SNAPSHOT]
	at org.apache.ratis.grpc.client.GrpcClientProtocolService$OrderedRequestStreamObserver.processClientRequest(GrpcClientProtocolService.java:345) [ratis-grpc-0.5.0-201fc85-SNAPSHOT.jar:0.5.0-201fc85-SNAPSHOT]
	at org.apache.ratis.grpc.client.GrpcClientProtocolService$RequestStreamObserver.onNext(GrpcClientProtocolService.java:240) [ratis-grpc-0.5.0-201fc85-SNAPSHOT.jar:0.5.0-201fc85-SNAPSHOT]
	at org.apache.ratis.grpc.client.GrpcClientProtocolService$RequestStreamObserver.onNext(GrpcClientProtocolService.java:168) [ratis-grpc-0.5.0-201fc85-SNAPSHOT.jar:0.5.0-201fc85-SNAPSHOT]
	at org.apache.ratis.thirdparty.io.grpc.stub.ServerCalls$StreamingServerCallHandler$StreamingServerCallListener.onMessage(ServerCalls.java:248) [ratis-thirdparty-misc-0.2.0.jar:0.2.0]
	at org.apache.ratis.thirdparty.io.grpc.internal.ServerCallImpl$ServerStreamListenerImpl.messagesAvailable(ServerCallImpl.java:263) [ratis-thirdparty-misc-0.2.0.jar:0.2.0]
	at org.apache.ratis.thirdparty.io.grpc.internal.ServerImpl$JumpToApplicationThreadServerStreamListener$1MessagesAvailable.runInContext(ServerImpl.java:686) [ratis-thirdparty-misc-0.2.0.jar:0.2.0]
	at org.apache.ratis.thirdparty.io.grpc.internal.ContextRunnable.run(ContextRunnable.java:37) [ratis-thirdparty-misc-0.2.0.jar:0.2.0]
	at org.apache.ratis.thirdparty.io.grpc.internal.SerializingExecutor.run(SerializingExecutor.java:123) [ratis-thirdparty-misc-0.2.0.jar:0.2.0]
	at java.util.concurrent.ThreadPoolExecutor.runWorker(ThreadPoolExecutor.java:1149) [?:1.8.0_212]
	at java.util.concurrent.ThreadPoolExecutor$Worker.run(ThreadPoolExecutor.java:624) [?:1.8.0_212]
	at java.lang.Thread.run(Thread.java:748) [?:1.8.0_212]
18:31:54.061 [grpc-default-executor-7] ERROR DNAudit - user=null | ip=null | op=WRITE_CHUNK {blockData=conID: 1 locID: 102928186289356813 bcsId: 15} | ret=FAILURE
org.apache.hadoop.hdds.scm.container.common.helpers.ContainerNotOpenException: Container 1 in CLOSING state
	at org.apache.hadoop.ozone.container.common.impl.HddsDispatcher.validateContainerCommand(HddsDispatcher.java:434) ~[hadoop-hdds-container-service-0.5.0-SNAPSHOT.jar:?]
	at org.apache.hadoop.ozone.container.common.transport.server.ratis.ContainerStateMachine.startTransaction(ContainerStateMachine.java:320) ~[hadoop-hdds-container-service-0.5.0-SNAPSHOT.jar:?]
	at org.apache.ratis.server.impl.RaftServerImpl.submitClientRequestAsync(RaftServerImpl.java:569) ~[ratis-server-0.5.0-201fc85-SNAPSHOT.jar:0.5.0-201fc85-SNAPSHOT]
	at org.apache.ratis.server.impl.RaftServerProxy.lambda$submitClientRequestAsync$7(RaftServerProxy.java:333) ~[ratis-server-0.5.0-201fc85-SNAPSHOT.jar:0.5.0-201fc85-SNAPSHOT]
	at org.apache.ratis.server.impl.RaftServerProxy.lambda$null$5(RaftServerProxy.java:328) ~[ratis-server-0.5.0-201fc85-SNAPSHOT.jar:0.5.0-201fc85-SNAPSHOT]
	at org.apache.ratis.util.JavaUtils.callAsUnchecked(JavaUtils.java:109) ~[ratis-common-0.5.0-201fc85-SNAPSHOT.jar:0.5.0-201fc85-SNAPSHOT]
	at org.apache.ratis.server.impl.RaftServerProxy.lambda$submitRequest$6(RaftServerProxy.java:328) ~[ratis-server-0.5.0-201fc85-SNAPSHOT.jar:0.5.0-201fc85-SNAPSHOT]
	at java.util.concurrent.CompletableFuture.uniComposeStage(CompletableFuture.java:981) ~[?:1.8.0_212]
	at java.util.concurrent.CompletableFuture.thenCompose(CompletableFuture.java:2124) ~[?:1.8.0_212]
	at org.apache.ratis.server.impl.RaftServerProxy.submitRequest(RaftServerProxy.java:327) ~[ratis-server-0.5.0-201fc85-SNAPSHOT.jar:0.5.0-201fc85-SNAPSHOT]
	at org.apache.ratis.server.impl.RaftServerProxy.submitClientRequestAsync(RaftServerProxy.java:333) ~[ratis-server-0.5.0-201fc85-SNAPSHOT.jar:0.5.0-201fc85-SNAPSHOT]
	at org.apache.ratis.grpc.client.GrpcClientProtocolService$RequestStreamObserver.processClientRequest(GrpcClientProtocolService.java:220) ~[ratis-grpc-0.5.0-201fc85-SNAPSHOT.jar:0.5.0-201fc85-SNAPSHOT]
	at org.apache.ratis.grpc.client.GrpcClientProtocolService$OrderedRequestStreamObserver.processClientRequest(GrpcClientProtocolService.java:326) ~[ratis-grpc-0.5.0-201fc85-SNAPSHOT.jar:0.5.0-201fc85-SNAPSHOT]
	at org.apache.ratis.util.SlidingWindow$Server.processRequestsFromHead(SlidingWindow.java:429) [ratis-common-0.5.0-201fc85-SNAPSHOT.jar:0.5.0-201fc85-SNAPSHOT]
	at org.apache.ratis.util.SlidingWindow$Server.receivedRequest(SlidingWindow.java:421) [ratis-common-0.5.0-201fc85-SNAPSHOT.jar:0.5.0-201fc85-SNAPSHOT]
	at org.apache.ratis.grpc.client.GrpcClientProtocolService$OrderedRequestStreamObserver.processClientRequest(GrpcClientProtocolService.java:345) [ratis-grpc-0.5.0-201fc85-SNAPSHOT.jar:0.5.0-201fc85-SNAPSHOT]
	at org.apache.ratis.grpc.client.GrpcClientProtocolService$RequestStreamObserver.onNext(GrpcClientProtocolService.java:240) [ratis-grpc-0.5.0-201fc85-SNAPSHOT.jar:0.5.0-201fc85-SNAPSHOT]
	at org.apache.ratis.grpc.client.GrpcClientProtocolService$RequestStreamObserver.onNext(GrpcClientProtocolService.java:168) [ratis-grpc-0.5.0-201fc85-SNAPSHOT.jar:0.5.0-201fc85-SNAPSHOT]
	at org.apache.ratis.thirdparty.io.grpc.stub.ServerCalls$StreamingServerCallHandler$StreamingServerCallListener.onMessage(ServerCalls.java:248) [ratis-thirdparty-misc-0.2.0.jar:0.2.0]
	at org.apache.ratis.thirdparty.io.grpc.internal.ServerCallImpl$ServerStreamListenerImpl.messagesAvailable(ServerCallImpl.java:263) [ratis-thirdparty-misc-0.2.0.jar:0.2.0]
	at org.apache.ratis.thirdparty.io.grpc.internal.ServerImpl$JumpToApplicationThreadServerStreamListener$1MessagesAvailable.runInContext(ServerImpl.java:686) [ratis-thirdparty-misc-0.2.0.jar:0.2.0]
	at org.apache.ratis.thirdparty.io.grpc.internal.ContextRunnable.run(ContextRunnable.java:37) [ratis-thirdparty-misc-0.2.0.jar:0.2.0]
	at org.apache.ratis.thirdparty.io.grpc.internal.SerializingExecutor.run(SerializingExecutor.java:123) [ratis-thirdparty-misc-0.2.0.jar:0.2.0]
	at java.util.concurrent.ThreadPoolExecutor.runWorker(ThreadPoolExecutor.java:1149) [?:1.8.0_212]
	at java.util.concurrent.ThreadPoolExecutor$Worker.run(ThreadPoolExecutor.java:624) [?:1.8.0_212]
	at java.lang.Thread.run(Thread.java:748) [?:1.8.0_212]
18:31:54.066 [grpc-default-executor-7] ERROR DNAudit - user=null | ip=null | op=WRITE_CHUNK {blockData=conID: 1 locID: 102928186289356813 bcsId: 15} | ret=FAILURE
org.apache.hadoop.hdds.scm.container.common.helpers.ContainerNotOpenException: Container 1 in CLOSING state
	at org.apache.hadoop.ozone.container.common.impl.HddsDispatcher.validateContainerCommand(HddsDispatcher.java:434) ~[hadoop-hdds-container-service-0.5.0-SNAPSHOT.jar:?]
	at org.apache.hadoop.ozone.container.common.transport.server.ratis.ContainerStateMachine.startTransaction(ContainerStateMachine.java:320) ~[hadoop-hdds-container-service-0.5.0-SNAPSHOT.jar:?]
	at org.apache.ratis.server.impl.RaftServerImpl.submitClientRequestAsync(RaftServerImpl.java:569) ~[ratis-server-0.5.0-201fc85-SNAPSHOT.jar:0.5.0-201fc85-SNAPSHOT]
	at org.apache.ratis.server.impl.RaftServerProxy.lambda$submitClientRequestAsync$7(RaftServerProxy.java:333) ~[ratis-server-0.5.0-201fc85-SNAPSHOT.jar:0.5.0-201fc85-SNAPSHOT]
	at org.apache.ratis.server.impl.RaftServerProxy.lambda$null$5(RaftServerProxy.java:328) ~[ratis-server-0.5.0-201fc85-SNAPSHOT.jar:0.5.0-201fc85-SNAPSHOT]
	at org.apache.ratis.util.JavaUtils.callAsUnchecked(JavaUtils.java:109) ~[ratis-common-0.5.0-201fc85-SNAPSHOT.jar:0.5.0-201fc85-SNAPSHOT]
	at org.apache.ratis.server.impl.RaftServerProxy.lambda$submitRequest$6(RaftServerProxy.java:328) ~[ratis-server-0.5.0-201fc85-SNAPSHOT.jar:0.5.0-201fc85-SNAPSHOT]
	at java.util.concurrent.CompletableFuture.uniComposeStage(CompletableFuture.java:981) ~[?:1.8.0_212]
	at java.util.concurrent.CompletableFuture.thenCompose(CompletableFuture.java:2124) ~[?:1.8.0_212]
	at org.apache.ratis.server.impl.RaftServerProxy.submitRequest(RaftServerProxy.java:327) ~[ratis-server-0.5.0-201fc85-SNAPSHOT.jar:0.5.0-201fc85-SNAPSHOT]
	at org.apache.ratis.server.impl.RaftServerProxy.submitClientRequestAsync(RaftServerProxy.java:333) ~[ratis-server-0.5.0-201fc85-SNAPSHOT.jar:0.5.0-201fc85-SNAPSHOT]
	at org.apache.ratis.grpc.client.GrpcClientProtocolService$RequestStreamObserver.processClientRequest(GrpcClientProtocolService.java:220) ~[ratis-grpc-0.5.0-201fc85-SNAPSHOT.jar:0.5.0-201fc85-SNAPSHOT]
	at org.apache.ratis.grpc.client.GrpcClientProtocolService$OrderedRequestStreamObserver.processClientRequest(GrpcClientProtocolService.java:326) ~[ratis-grpc-0.5.0-201fc85-SNAPSHOT.jar:0.5.0-201fc85-SNAPSHOT]
	at org.apache.ratis.util.SlidingWindow$Server.processRequestsFromHead(SlidingWindow.java:429) [ratis-common-0.5.0-201fc85-SNAPSHOT.jar:0.5.0-201fc85-SNAPSHOT]
	at org.apache.ratis.util.SlidingWindow$Server.receivedRequest(SlidingWindow.java:421) [ratis-common-0.5.0-201fc85-SNAPSHOT.jar:0.5.0-201fc85-SNAPSHOT]
	at org.apache.ratis.grpc.client.GrpcClientProtocolService$OrderedRequestStreamObserver.processClientRequest(GrpcClientProtocolService.java:345) [ratis-grpc-0.5.0-201fc85-SNAPSHOT.jar:0.5.0-201fc85-SNAPSHOT]
	at org.apache.ratis.grpc.client.GrpcClientProtocolService$RequestStreamObserver.onNext(GrpcClientProtocolService.java:240) [ratis-grpc-0.5.0-201fc85-SNAPSHOT.jar:0.5.0-201fc85-SNAPSHOT]
	at org.apache.ratis.grpc.client.GrpcClientProtocolService$RequestStreamObserver.onNext(GrpcClientProtocolService.java:168) [ratis-grpc-0.5.0-201fc85-SNAPSHOT.jar:0.5.0-201fc85-SNAPSHOT]
	at org.apache.ratis.thirdparty.io.grpc.stub.ServerCalls$StreamingServerCallHandler$StreamingServerCallListener.onMessage(ServerCalls.java:248) [ratis-thirdparty-misc-0.2.0.jar:0.2.0]
	at org.apache.ratis.thirdparty.io.grpc.internal.ServerCallImpl$ServerStreamListenerImpl.messagesAvailable(ServerCallImpl.java:263) [ratis-thirdparty-misc-0.2.0.jar:0.2.0]
	at org.apache.ratis.thirdparty.io.grpc.internal.ServerImpl$JumpToApplicationThreadServerStreamListener$1MessagesAvailable.runInContext(ServerImpl.java:686) [ratis-thirdparty-misc-0.2.0.jar:0.2.0]
	at org.apache.ratis.thirdparty.io.grpc.internal.ContextRunnable.run(ContextRunnable.java:37) [ratis-thirdparty-misc-0.2.0.jar:0.2.0]
	at org.apache.ratis.thirdparty.io.grpc.internal.SerializingExecutor.run(SerializingExecutor.java:123) [ratis-thirdparty-misc-0.2.0.jar:0.2.0]
	at java.util.concurrent.ThreadPoolExecutor.runWorker(ThreadPoolExecutor.java:1149) [?:1.8.0_212]
	at java.util.concurrent.ThreadPoolExecutor$Worker.run(ThreadPoolExecutor.java:624) [?:1.8.0_212]
	at java.lang.Thread.run(Thread.java:748) [?:1.8.0_212]
18:31:54.071 [grpc-default-executor-7] ERROR DNAudit - user=null | ip=null | op=PUT_BLOCK {blockData=[blockId=conID: 1 locID: 102928186289356813 bcsId: 0,size=800]} | ret=FAILURE
org.apache.hadoop.hdds.scm.container.common.helpers.ContainerNotOpenException: Container 1 in CLOSING state
	at org.apache.hadoop.ozone.container.common.impl.HddsDispatcher.validateContainerCommand(HddsDispatcher.java:434) ~[hadoop-hdds-container-service-0.5.0-SNAPSHOT.jar:?]
	at org.apache.hadoop.ozone.container.common.transport.server.ratis.ContainerStateMachine.startTransaction(ContainerStateMachine.java:320) ~[hadoop-hdds-container-service-0.5.0-SNAPSHOT.jar:?]
	at org.apache.ratis.server.impl.RaftServerImpl.submitClientRequestAsync(RaftServerImpl.java:569) ~[ratis-server-0.5.0-201fc85-SNAPSHOT.jar:0.5.0-201fc85-SNAPSHOT]
	at org.apache.ratis.server.impl.RaftServerProxy.lambda$submitClientRequestAsync$7(RaftServerProxy.java:333) ~[ratis-server-0.5.0-201fc85-SNAPSHOT.jar:0.5.0-201fc85-SNAPSHOT]
	at org.apache.ratis.server.impl.RaftServerProxy.lambda$null$5(RaftServerProxy.java:328) ~[ratis-server-0.5.0-201fc85-SNAPSHOT.jar:0.5.0-201fc85-SNAPSHOT]
	at org.apache.ratis.util.JavaUtils.callAsUnchecked(JavaUtils.java:109) ~[ratis-common-0.5.0-201fc85-SNAPSHOT.jar:0.5.0-201fc85-SNAPSHOT]
	at org.apache.ratis.server.impl.RaftServerProxy.lambda$submitRequest$6(RaftServerProxy.java:328) ~[ratis-server-0.5.0-201fc85-SNAPSHOT.jar:0.5.0-201fc85-SNAPSHOT]
	at java.util.concurrent.CompletableFuture.uniComposeStage(CompletableFuture.java:981) ~[?:1.8.0_212]
	at java.util.concurrent.CompletableFuture.thenCompose(CompletableFuture.java:2124) ~[?:1.8.0_212]
	at org.apache.ratis.server.impl.RaftServerProxy.submitRequest(RaftServerProxy.java:327) ~[ratis-server-0.5.0-201fc85-SNAPSHOT.jar:0.5.0-201fc85-SNAPSHOT]
	at org.apache.ratis.server.impl.RaftServerProxy.submitClientRequestAsync(RaftServerProxy.java:333) ~[ratis-server-0.5.0-201fc85-SNAPSHOT.jar:0.5.0-201fc85-SNAPSHOT]
	at org.apache.ratis.grpc.client.GrpcClientProtocolService$RequestStreamObserver.processClientRequest(GrpcClientProtocolService.java:220) ~[ratis-grpc-0.5.0-201fc85-SNAPSHOT.jar:0.5.0-201fc85-SNAPSHOT]
	at org.apache.ratis.grpc.client.GrpcClientProtocolService$OrderedRequestStreamObserver.processClientRequest(GrpcClientProtocolService.java:326) ~[ratis-grpc-0.5.0-201fc85-SNAPSHOT.jar:0.5.0-201fc85-SNAPSHOT]
	at org.apache.ratis.util.SlidingWindow$Server.processRequestsFromHead(SlidingWindow.java:429) [ratis-common-0.5.0-201fc85-SNAPSHOT.jar:0.5.0-201fc85-SNAPSHOT]
	at org.apache.ratis.util.SlidingWindow$Server.receivedRequest(SlidingWindow.java:421) [ratis-common-0.5.0-201fc85-SNAPSHOT.jar:0.5.0-201fc85-SNAPSHOT]
	at org.apache.ratis.grpc.client.GrpcClientProtocolService$OrderedRequestStreamObserver.processClientRequest(GrpcClientProtocolService.java:345) [ratis-grpc-0.5.0-201fc85-SNAPSHOT.jar:0.5.0-201fc85-SNAPSHOT]
	at org.apache.ratis.grpc.client.GrpcClientProtocolService$RequestStreamObserver.onNext(GrpcClientProtocolService.java:240) [ratis-grpc-0.5.0-201fc85-SNAPSHOT.jar:0.5.0-201fc85-SNAPSHOT]
	at org.apache.ratis.grpc.client.GrpcClientProtocolService$RequestStreamObserver.onNext(GrpcClientProtocolService.java:168) [ratis-grpc-0.5.0-201fc85-SNAPSHOT.jar:0.5.0-201fc85-SNAPSHOT]
	at org.apache.ratis.thirdparty.io.grpc.stub.ServerCalls$StreamingServerCallHandler$StreamingServerCallListener.onMessage(ServerCalls.java:248) [ratis-thirdparty-misc-0.2.0.jar:0.2.0]
	at org.apache.ratis.thirdparty.io.grpc.internal.ServerCallImpl$ServerStreamListenerImpl.messagesAvailable(ServerCallImpl.java:263) [ratis-thirdparty-misc-0.2.0.jar:0.2.0]
	at org.apache.ratis.thirdparty.io.grpc.internal.ServerImpl$JumpToApplicationThreadServerStreamListener$1MessagesAvailable.runInContext(ServerImpl.java:686) [ratis-thirdparty-misc-0.2.0.jar:0.2.0]
	at org.apache.ratis.thirdparty.io.grpc.internal.ContextRunnable.run(ContextRunnable.java:37) [ratis-thirdparty-misc-0.2.0.jar:0.2.0]
	at org.apache.ratis.thirdparty.io.grpc.internal.SerializingExecutor.run(SerializingExecutor.java:123) [ratis-thirdparty-misc-0.2.0.jar:0.2.0]
	at java.util.concurrent.ThreadPoolExecutor.runWorker(ThreadPoolExecutor.java:1149) [?:1.8.0_212]
	at java.util.concurrent.ThreadPoolExecutor$Worker.run(ThreadPoolExecutor.java:624) [?:1.8.0_212]
	at java.lang.Thread.run(Thread.java:748) [?:1.8.0_212]
2019-10-08 18:31:54,426 [main] INFO  ozone.MiniOzoneClusterImpl (MiniOzoneClusterImpl.java:shutdown(314)) - Shutting down the Mini Ozone Cluster
2019-10-08 18:31:54,426 [main] INFO  ozone.MiniOzoneClusterImpl (MiniOzoneClusterImpl.java:stop(330)) - Stopping the Mini Ozone Cluster
2019-10-08 18:31:54,426 [main] INFO  ozone.MiniOzoneClusterImpl (MiniOzoneClusterImpl.java:stopOM(400)) - Stopping the OzoneManager
2019-10-08 18:31:54,426 [main] INFO  ipc.Server (Server.java:stop(3082)) - Stopping server on 40575
2019-10-08 18:31:54,441 [main] INFO  ratis.OzoneManagerDoubleBuffer (OzoneManagerDoubleBuffer.java:stop(248)) - Stopping OMDoubleBuffer flush thread
2019-10-08 18:31:54,441 [IPC Server Responder] INFO  ipc.Server (Server.java:run(1319)) - Stopping IPC Server Responder
2019-10-08 18:31:54,441 [OMDoubleBufferFlushThread] INFO  ratis.OzoneManagerDoubleBuffer (OzoneManagerDoubleBuffer.java:flushTransactions(191)) - OMDoubleBuffer flush thread OMDoubleBufferFlushThread is interrupted and will exit. OMDoubleBufferFlushThread
2019-10-08 18:31:54,441 [IPC Server listener on 40575] INFO  ipc.Server (Server.java:run(1185)) - Stopping IPC Server listener on 40575
2019-10-08 18:31:54,452 [main] INFO  utils.BackgroundService (BackgroundService.java:shutdown(148)) - Shutting down service KeyDeletingService
2019-10-08 18:31:54,454 [main] INFO  handler.ContextHandler (ContextHandler.java:doStop(910)) - Stopped o.e.j.w.WebAppContext@77083e41{/,null,UNAVAILABLE}{/ozoneManager}
2019-10-08 18:31:54,455 [main] INFO  server.AbstractConnector (AbstractConnector.java:doStop(318)) - Stopped ServerConnector@231df705{HTTP/1.1,[http/1.1]}{0.0.0.0:0}
2019-10-08 18:31:54,455 [main] INFO  handler.ContextHandler (ContextHandler.java:doStop(910)) - Stopped o.e.j.s.ServletContextHandler@755b5f30{/static,file:///workdir/hadoop-ozone/integration-test/target/test-classes/webapps/static,UNAVAILABLE}
2019-10-08 18:31:54,455 [main] INFO  handler.ContextHandler (ContextHandler.java:doStop(910)) - Stopped o.e.j.s.ServletContextHandler@785ed99c{/logs,file:///workdir/hadoop-ozone/integration-test/target/log,UNAVAILABLE}
2019-10-08 18:31:54,458 [main] INFO  ozone.MiniOzoneClusterImpl (MiniOzoneClusterImpl.java:stopDatanodes(377)) - Stopping the HddsDatanodes
2019-10-08 18:31:54,806 [Datanode State Machine Thread - 0] INFO  statemachine.DatanodeStateMachine (DatanodeStateMachine.java:lambda$startDaemon$0(350)) - Ozone container server started.
2019-10-08 18:31:55,219 [Datanode State Machine Thread - 0] INFO  statemachine.DatanodeStateMachine (DatanodeStateMachine.java:lambda$startDaemon$0(350)) - Ozone container server started.
2019-10-08 18:31:56,496 [grpc-default-executor-7] WARN  server.GrpcLogAppender (LogUtils.java:warn(134)) - 36215749-b551-4309-8afb-92be44d31dcc@group-5268B700C371->d91d0ace-0381-48bb-882b-2a0860df1015-AppendLogResponseHandler: Failed appendEntries: org.apache.ratis.thirdparty.io.grpc.StatusRuntimeException: UNAVAILABLE: io exception
2019-10-08 18:31:56,497 [grpc-default-executor-7] INFO  impl.FollowerInfo (FollowerInfo.java:lambda$new$0(51)) - 36215749-b551-4309-8afb-92be44d31dcc@group-5268B700C371->d91d0ace-0381-48bb-882b-2a0860df1015: nextIndex: updateUnconditionally 1 -> 0
2019-10-08 18:31:58,858 [EventQueue-StaleNodeForStaleNodeHandler] INFO  node.StaleNodeHandler (StaleNodeHandler.java:onMessage(58)) - Datanode c7cca4f6-1bfa-4200-b1ab-67aa819ae437{ip: 192.168.30.53, host: pr-hdds-1984-jmsdc-1452173494, networkLocation: /default-rack, certSerialId: null} moved to stale state. Finalizing its pipelines [PipelineID=c9b978f0-42ab-41fc-a1f7-c2c589e69bf4]
2019-10-08 18:31:58,859 [EventQueue-StaleNodeForStaleNodeHandler] INFO  pipeline.SCMPipelineManager (SCMPipelineManager.java:finalizeAndDestroyPipeline(315)) - destroying pipeline:Pipeline[ Id: c9b978f0-42ab-41fc-a1f7-c2c589e69bf4, Nodes: c7cca4f6-1bfa-4200-b1ab-67aa819ae437{ip: 192.168.30.53, host: pr-hdds-1984-jmsdc-1452173494, networkLocation: /default-rack, certSerialId: null}, Type:RATIS, Factor:ONE, State:OPEN]
2019-10-08 18:31:58,860 [EventQueue-StaleNodeForStaleNodeHandler] INFO  pipeline.PipelineStateManager (PipelineStateManager.java:finalizePipeline(123)) - Pipeline Pipeline[ Id: c9b978f0-42ab-41fc-a1f7-c2c589e69bf4, Nodes: c7cca4f6-1bfa-4200-b1ab-67aa819ae437{ip: 192.168.30.53, host: pr-hdds-1984-jmsdc-1452173494, networkLocation: /default-rack, certSerialId: null}, Type:RATIS, Factor:ONE, State:CLOSED] moved to CLOSED state
2019-10-08 18:31:58,997 [grpc-default-executor-5] WARN  server.GrpcLogAppender (LogUtils.java:warn(134)) - 36215749-b551-4309-8afb-92be44d31dcc@group-5268B700C371->d91d0ace-0381-48bb-882b-2a0860df1015-AppendLogResponseHandler: Failed appendEntries: org.apache.ratis.thirdparty.io.grpc.StatusRuntimeException: UNAVAILABLE: io exception
2019-10-08 18:31:58,997 [grpc-default-executor-5] INFO  impl.FollowerInfo (FollowerInfo.java:lambda$new$0(51)) - 36215749-b551-4309-8afb-92be44d31dcc@group-5268B700C371->d91d0ace-0381-48bb-882b-2a0860df1015: nextIndex: updateUnconditionally 0 -> 0
2019-10-08 18:31:59,259 [EventQueue-StaleNodeForStaleNodeHandler] INFO  node.StaleNodeHandler (StaleNodeHandler.java:onMessage(58)) - Datanode 6047fcf1-3fae-4aa9-b5cf-920d563ea801{ip: 192.168.30.53, host: pr-hdds-1984-jmsdc-1452173494, networkLocation: /default-rack, certSerialId: null} moved to stale state. Finalizing its pipelines [PipelineID=f3df37f7-a09c-497c-9b38-8d8935ee44c6, PipelineID=73ba586a-639b-4ca7-af75-fccd082f0d54]
2019-10-08 18:31:59,259 [EventQueue-StaleNodeForStaleNodeHandler] INFO  pipeline.SCMPipelineManager (SCMPipelineManager.java:finalizeAndDestroyPipeline(315)) - destroying pipeline:Pipeline[ Id: f3df37f7-a09c-497c-9b38-8d8935ee44c6, Nodes: 6047fcf1-3fae-4aa9-b5cf-920d563ea801{ip: 192.168.30.53, host: pr-hdds-1984-jmsdc-1452173494, networkLocation: /default-rack, certSerialId: null}e8ec5d3e-1dbd-405f-80ef-24c1d8e43b17{ip: 192.168.30.53, host: pr-hdds-1984-jmsdc-1452173494, networkLocation: /default-rack, certSerialId: null}fef8ea31-401e-44ed-a6e5-2623f2bd7b9f{ip: 192.168.30.53, host: pr-hdds-1984-jmsdc-1452173494, networkLocation: /default-rack, certSerialId: null}, Type:RATIS, Factor:THREE, State:OPEN]
2019-10-08 18:31:59,260 [EventQueue-StaleNodeForStaleNodeHandler] INFO  pipeline.PipelineStateManager (PipelineStateManager.java:finalizePipeline(123)) - Pipeline Pipeline[ Id: f3df37f7-a09c-497c-9b38-8d8935ee44c6, Nodes: 6047fcf1-3fae-4aa9-b5cf-920d563ea801{ip: 192.168.30.53, host: pr-hdds-1984-jmsdc-1452173494, networkLocation: /default-rack, certSerialId: null}e8ec5d3e-1dbd-405f-80ef-24c1d8e43b17{ip: 192.168.30.53, host: pr-hdds-1984-jmsdc-1452173494, networkLocation: /default-rack, certSerialId: null}fef8ea31-401e-44ed-a6e5-2623f2bd7b9f{ip: 192.168.30.53, host: pr-hdds-1984-jmsdc-1452173494, networkLocation: /default-rack, certSerialId: null}, Type:RATIS, Factor:THREE, State:CLOSED] moved to CLOSED state
2019-10-08 18:31:59,260 [EventQueue-StaleNodeForStaleNodeHandler] INFO  pipeline.SCMPipelineManager (SCMPipelineManager.java:finalizeAndDestroyPipeline(315)) - destroying pipeline:Pipeline[ Id: 73ba586a-639b-4ca7-af75-fccd082f0d54, Nodes: 6047fcf1-3fae-4aa9-b5cf-920d563ea801{ip: 192.168.30.53, host: pr-hdds-1984-jmsdc-1452173494, networkLocation: /default-rack, certSerialId: null}, Type:RATIS, Factor:ONE, State:OPEN]
2019-10-08 18:31:59,260 [EventQueue-CloseContainerForCloseContainerEventHandler] INFO  container.CloseContainerEventHandler (CloseContainerEventHandler.java:onMessage(61)) - Close container Event triggered for container : #2
2019-10-08 18:31:59,268 [EventQueue-StaleNodeForStaleNodeHandler] INFO  pipeline.PipelineStateManager (PipelineStateManager.java:finalizePipeline(123)) - Pipeline Pipeline[ Id: 73ba586a-639b-4ca7-af75-fccd082f0d54, Nodes: 6047fcf1-3fae-4aa9-b5cf-920d563ea801{ip: 192.168.30.53, host: pr-hdds-1984-jmsdc-1452173494, networkLocation: /default-rack, certSerialId: null}, Type:RATIS, Factor:ONE, State:CLOSED] moved to CLOSED state
2019-10-08 18:31:59,459 [ForkJoinPool.commonPool-worker-0] INFO  ozoneimpl.OzoneContainer (OzoneContainer.java:stop(227)) - Attempting to stop container services.
2019-10-08 18:31:59,459 [main] INFO  ozoneimpl.OzoneContainer (OzoneContainer.java:stop(227)) - Attempting to stop container services.
2019-10-08 18:31:59,460 [ForkJoinPool.commonPool-worker-0] INFO  impl.RaftServerProxy (RaftServerProxy.java:lambda$close$4(314)) - 6047fcf1-3fae-4aa9-b5cf-920d563ea801: close
2019-10-08 18:31:59,460 [main] INFO  impl.RaftServerProxy (RaftServerProxy.java:lambda$close$4(314)) - c7cca4f6-1bfa-4200-b1ab-67aa819ae437: close
2019-10-08 18:31:59,461 [ForkJoinPool.commonPool-worker-0] INFO  impl.RaftServerImpl (RaftServerImpl.java:lambda$shutdown$3(247)) - 6047fcf1-3fae-4aa9-b5cf-920d563ea801@group-8D8935EE44C6: shutdown
2019-10-08 18:31:59,461 [main] INFO  impl.RaftServerImpl (RaftServerImpl.java:lambda$shutdown$3(247)) - c7cca4f6-1bfa-4200-b1ab-67aa819ae437@group-C2C589E69BF4: shutdown
2019-10-08 18:31:59,461 [ForkJoinPool.commonPool-worker-0] INFO  util.JmxRegister (JmxRegister.java:unregister(73)) - Successfully un-registered JMX Bean with object name Ratis:service=RaftServer,group=group-8D8935EE44C6,id=6047fcf1-3fae-4aa9-b5cf-920d563ea801
2019-10-08 18:31:59,462 [main] INFO  util.JmxRegister (JmxRegister.java:unregister(73)) - Successfully un-registered JMX Bean with object name Ratis:service=RaftServer,group=group-C2C589E69BF4,id=c7cca4f6-1bfa-4200-b1ab-67aa819ae437
2019-10-08 18:31:59,462 [ForkJoinPool.commonPool-worker-0] INFO  impl.RoleInfo (RoleInfo.java:shutdownLeaderState(104)) - 6047fcf1-3fae-4aa9-b5cf-920d563ea801: shutdown LeaderState
2019-10-08 18:31:59,462 [main] INFO  impl.RoleInfo (RoleInfo.java:shutdownLeaderState(104)) - c7cca4f6-1bfa-4200-b1ab-67aa819ae437: shutdown LeaderState
2019-10-08 18:31:59,468 [org.apache.ratis.server.impl.LogAppender$AppenderDaemon$$Lambda$517/320324715@55ce7ca] WARN  server.GrpcLogAppender (GrpcLogAppender.java:mayWait(143)) - 6047fcf1-3fae-4aa9-b5cf-920d563ea801@group-8D8935EE44C6->fef8ea31-401e-44ed-a6e5-2623f2bd7b9f-GrpcLogAppender: Wait interrupted by java.lang.InterruptedException
2019-10-08 18:31:59,468 [org.apache.ratis.server.impl.LogAppender$AppenderDaemon$$Lambda$517/320324715@7f563506] WARN  server.GrpcLogAppender (GrpcLogAppender.java:mayWait(143)) - 6047fcf1-3fae-4aa9-b5cf-920d563ea801@group-8D8935EE44C6->e8ec5d3e-1dbd-405f-80ef-24c1d8e43b17-GrpcLogAppender: Wait interrupted by java.lang.InterruptedException
2019-10-08 18:31:59,468 [ForkJoinPool.commonPool-worker-0] INFO  impl.PendingRequests (PendingRequests.java:sendNotLeaderResponses(202)) - 6047fcf1-3fae-4aa9-b5cf-920d563ea801@group-8D8935EE44C6-PendingRequests: sendNotLeaderResponses
2019-10-08 18:31:59,469 [main] INFO  impl.PendingRequests (PendingRequests.java:sendNotLeaderResponses(202)) - c7cca4f6-1bfa-4200-b1ab-67aa819ae437@group-C2C589E69BF4-PendingRequests: sendNotLeaderResponses
2019-10-08 18:31:59,476 [ForkJoinPool.commonPool-worker-0] INFO  impl.StateMachineUpdater (StateMachineUpdater.java:stopAndJoin(136)) - 6047fcf1-3fae-4aa9-b5cf-920d563ea801@group-8D8935EE44C6-StateMachineUpdater: set stopIndex = 16
2019-10-08 18:31:59,476 [grpc-default-executor-5] INFO  server.GrpcServerProtocolService (GrpcServerProtocolService.java:onCompleted(113)) - fef8ea31-401e-44ed-a6e5-2623f2bd7b9f: Completed APPEND_ENTRIES, lastRequest: 6047fcf1-3fae-4aa9-b5cf-920d563ea801->fef8ea31-401e-44ed-a6e5-2623f2bd7b9f#27-t2, previous=(t:2, i:16), leaderCommit=16, initializing? false, entries: <empty>
2019-10-08 18:31:59,476 [main] INFO  impl.StateMachineUpdater (StateMachineUpdater.java:stopAndJoin(136)) - c7cca4f6-1bfa-4200-b1ab-67aa819ae437@group-C2C589E69BF4-StateMachineUpdater: set stopIndex = 0
2019-10-08 18:31:59,477 [grpc-default-executor-5] INFO  server.GrpcLogAppender (GrpcLogAppender.java:onCompleted(293)) - 6047fcf1-3fae-4aa9-b5cf-920d563ea801@group-8D8935EE44C6->fef8ea31-401e-44ed-a6e5-2623f2bd7b9f-AppendLogResponseHandler: follower responses appendEntries COMPLETED
2019-10-08 18:31:59,477 [grpc-default-executor-7] INFO  server.GrpcServerProtocolService (GrpcServerProtocolService.java:onCompleted(113)) - e8ec5d3e-1dbd-405f-80ef-24c1d8e43b17: Completed APPEND_ENTRIES, lastRequest: 6047fcf1-3fae-4aa9-b5cf-920d563ea801->e8ec5d3e-1dbd-405f-80ef-24c1d8e43b17#27-t2, previous=(t:2, i:16), leaderCommit=16, initializing? false, entries: <empty>
2019-10-08 18:31:59,476 [6047fcf1-3fae-4aa9-b5cf-920d563ea801@group-8D8935EE44C6-StateMachineUpdater] INFO  ratis.ContainerStateMachine (ContainerStateMachine.java:takeSnapshot(294)) - group-8D8935EE44C6: Taking a snapshot at:(t:2, i:14) file /workdir/hadoop-ozone/integration-test/target/test-dir/MiniOzoneClusterImpl-a711281c-616f-488d-a7dc-db87a594177d/datanode-1/data/ratis/f3df37f7-a09c-497c-9b38-8d8935ee44c6/sm/snapshot.2_14
2019-10-08 18:31:59,477 [main] INFO  impl.RaftServerImpl (ServerState.java:close(387)) - c7cca4f6-1bfa-4200-b1ab-67aa819ae437@group-C2C589E69BF4: closes. applyIndex: 0
2019-10-08 18:31:59,478 [c7cca4f6-1bfa-4200-b1ab-67aa819ae437@group-C2C589E69BF4-SegmentedRaftLogWorker] INFO  segmented.SegmentedRaftLogWorker (SegmentedRaftLogWorker.java:run(316)) - c7cca4f6-1bfa-4200-b1ab-67aa819ae437@group-C2C589E69BF4-SegmentedRaftLogWorker was interrupted, exiting. There are 0 tasks remaining in the queue.
2019-10-08 18:31:59,478 [grpc-default-executor-7] INFO  server.GrpcLogAppender (GrpcLogAppender.java:onCompleted(293)) - 6047fcf1-3fae-4aa9-b5cf-920d563ea801@group-8D8935EE44C6->e8ec5d3e-1dbd-405f-80ef-24c1d8e43b17-AppendLogResponseHandler: follower responses appendEntries COMPLETED
2019-10-08 18:31:59,478 [grpc-default-executor-5] INFO  impl.FollowerInfo (FollowerInfo.java:lambda$new$0(51)) - 6047fcf1-3fae-4aa9-b5cf-920d563ea801@group-8D8935EE44C6->fef8ea31-401e-44ed-a6e5-2623f2bd7b9f: nextIndex: updateUnconditionally 17 -> 16
2019-10-08 18:31:59,481 [grpc-default-executor-7] INFO  impl.FollowerInfo (FollowerInfo.java:lambda$new$0(51)) - 6047fcf1-3fae-4aa9-b5cf-920d563ea801@group-8D8935EE44C6->e8ec5d3e-1dbd-405f-80ef-24c1d8e43b17: nextIndex: updateUnconditionally 17 -> 16
2019-10-08 18:31:59,490 [main] INFO  segmented.SegmentedRaftLogWorker (SegmentedRaftLogWorker.java:close(224)) - c7cca4f6-1bfa-4200-b1ab-67aa819ae437@group-C2C589E69BF4-SegmentedRaftLogWorker close()
2019-10-08 18:31:59,495 [6047fcf1-3fae-4aa9-b5cf-920d563ea801@group-8D8935EE44C6-StateMachineUpdater] INFO  ratis.ContainerStateMachine (ContainerStateMachine.java:takeSnapshot(305)) - group-8D8935EE44C6: Finished taking a snapshot at:(t:2, i:14) file:/workdir/hadoop-ozone/integration-test/target/test-dir/MiniOzoneClusterImpl-a711281c-616f-488d-a7dc-db87a594177d/datanode-1/data/ratis/f3df37f7-a09c-497c-9b38-8d8935ee44c6/sm/snapshot.2_14 time:19
2019-10-08 18:31:59,495 [main] INFO  server.GrpcService (GrpcService.java:closeImpl(164)) - c7cca4f6-1bfa-4200-b1ab-67aa819ae437: shutdown server with port 33399 now
2019-10-08 18:31:59,495 [6047fcf1-3fae-4aa9-b5cf-920d563ea801@group-8D8935EE44C6-StateMachineUpdater] INFO  impl.StateMachineUpdater (StateMachineUpdater.java:takeSnapshot(269)) - 6047fcf1-3fae-4aa9-b5cf-920d563ea801@group-8D8935EE44C6-StateMachineUpdater: Took a snapshot at index 14
2019-10-08 18:31:59,495 [6047fcf1-3fae-4aa9-b5cf-920d563ea801@group-8D8935EE44C6-StateMachineUpdater] INFO  impl.StateMachineUpdater (StateMachineUpdater.java:lambda$new$0(84)) - 6047fcf1-3fae-4aa9-b5cf-920d563ea801@group-8D8935EE44C6-StateMachineUpdater: snapshotIndex: updateIncreasingly -1 -> 14
2019-10-08 18:31:59,512 [main] INFO  server.GrpcService (GrpcService.java:closeImpl(172)) - c7cca4f6-1bfa-4200-b1ab-67aa819ae437: shutdown server with port 33399 successfully
2019-10-08 18:31:59,512 [6047fcf1-3fae-4aa9-b5cf-920d563ea801@group-8D8935EE44C6-StateMachineUpdater] INFO  ratis.ContainerStateMachine (ContainerStateMachine.java:takeSnapshot(294)) - group-8D8935EE44C6: Taking a snapshot at:(t:2, i:14) file /workdir/hadoop-ozone/integration-test/target/test-dir/MiniOzoneClusterImpl-a711281c-616f-488d-a7dc-db87a594177d/datanode-1/data/ratis/f3df37f7-a09c-497c-9b38-8d8935ee44c6/sm/snapshot.2_14
2019-10-08 18:31:59,516 [6047fcf1-3fae-4aa9-b5cf-920d563ea801@group-8D8935EE44C6-StateMachineUpdater] INFO  ratis.ContainerStateMachine (ContainerStateMachine.java:takeSnapshot(305)) - group-8D8935EE44C6: Finished taking a snapshot at:(t:2, i:14) file:/workdir/hadoop-ozone/integration-test/target/test-dir/MiniOzoneClusterImpl-a711281c-616f-488d-a7dc-db87a594177d/datanode-1/data/ratis/f3df37f7-a09c-497c-9b38-8d8935ee44c6/sm/snapshot.2_14 time:4
2019-10-08 18:31:59,517 [refreshUsed-/workdir/hadoop-ozone/integration-test/target/test-dir/MiniOzoneClusterImpl-a711281c-616f-488d-a7dc-db87a594177d/datanode-3/data/containers] WARN  fs.CachingGetSpaceUsed (CachingGetSpaceUsed.java:run(183)) - Thread Interrupted waiting to refresh disk information: sleep interrupted
2019-10-08 18:31:59,517 [6047fcf1-3fae-4aa9-b5cf-920d563ea801@group-8D8935EE44C6-StateMachineUpdater] INFO  impl.StateMachineUpdater (StateMachineUpdater.java:takeSnapshot(269)) - 6047fcf1-3fae-4aa9-b5cf-920d563ea801@group-8D8935EE44C6-StateMachineUpdater: Took a snapshot at index 14
2019-10-08 18:31:59,518 [6047fcf1-3fae-4aa9-b5cf-920d563ea801@group-8D8935EE44C6-StateMachineUpdater] INFO  impl.StateMachineUpdater (StateMachineUpdater.java:lambda$new$0(84)) - 6047fcf1-3fae-4aa9-b5cf-920d563ea801@group-8D8935EE44C6-StateMachineUpdater: snapshotIndex: updateIncreasingly 14 -> 14
2019-10-08 18:31:59,518 [ForkJoinPool.commonPool-worker-0] INFO  impl.RaftServerImpl (ServerState.java:close(387)) - 6047fcf1-3fae-4aa9-b5cf-920d563ea801@group-8D8935EE44C6: closes. applyIndex: 16
2019-10-08 18:31:59,519 [6047fcf1-3fae-4aa9-b5cf-920d563ea801@group-8D8935EE44C6-SegmentedRaftLogWorker] INFO  segmented.SegmentedRaftLogWorker (SegmentedRaftLogWorker.java:run(316)) - 6047fcf1-3fae-4aa9-b5cf-920d563ea801@group-8D8935EE44C6-SegmentedRaftLogWorker was interrupted, exiting. There are 0 tasks remaining in the queue.
2019-10-08 18:31:59,521 [ForkJoinPool.commonPool-worker-0] INFO  segmented.SegmentedRaftLogWorker (SegmentedRaftLogWorker.java:close(224)) - 6047fcf1-3fae-4aa9-b5cf-920d563ea801@group-8D8935EE44C6-SegmentedRaftLogWorker close()
2019-10-08 18:31:59,524 [ForkJoinPool.commonPool-worker-0] INFO  impl.RaftServerImpl (RaftServerImpl.java:lambda$shutdown$3(247)) - 6047fcf1-3fae-4aa9-b5cf-920d563ea801@group-FCCD082F0D54: shutdown
2019-10-08 18:31:59,524 [ForkJoinPool.commonPool-worker-0] INFO  util.JmxRegister (JmxRegister.java:unregister(73)) - Successfully un-registered JMX Bean with object name Ratis:service=RaftServer,group=group-FCCD082F0D54,id=6047fcf1-3fae-4aa9-b5cf-920d563ea801
2019-10-08 18:31:59,525 [ForkJoinPool.commonPool-worker-0] INFO  impl.RoleInfo (RoleInfo.java:shutdownLeaderState(104)) - 6047fcf1-3fae-4aa9-b5cf-920d563ea801: shutdown LeaderState
2019-10-08 18:31:59,525 [ForkJoinPool.commonPool-worker-0] INFO  impl.PendingRequests (PendingRequests.java:sendNotLeaderResponses(202)) - 6047fcf1-3fae-4aa9-b5cf-920d563ea801@group-FCCD082F0D54-PendingRequests: sendNotLeaderResponses
2019-10-08 18:31:59,525 [ForkJoinPool.commonPool-worker-0] INFO  impl.StateMachineUpdater (StateMachineUpdater.java:stopAndJoin(136)) - 6047fcf1-3fae-4aa9-b5cf-920d563ea801@group-FCCD082F0D54-StateMachineUpdater: set stopIndex = 0
2019-10-08 18:31:59,526 [ForkJoinPool.commonPool-worker-0] INFO  impl.RaftServerImpl (ServerState.java:close(387)) - 6047fcf1-3fae-4aa9-b5cf-920d563ea801@group-FCCD082F0D54: closes. applyIndex: 0
2019-10-08 18:31:59,526 [6047fcf1-3fae-4aa9-b5cf-920d563ea801@group-FCCD082F0D54-SegmentedRaftLogWorker] INFO  segmented.SegmentedRaftLogWorker (SegmentedRaftLogWorker.java:run(316)) - 6047fcf1-3fae-4aa9-b5cf-920d563ea801@group-FCCD082F0D54-SegmentedRaftLogWorker was interrupted, exiting. There are 0 tasks remaining in the queue.
2019-10-08 18:31:59,528 [ForkJoinPool.commonPool-worker-0] INFO  segmented.SegmentedRaftLogWorker (SegmentedRaftLogWorker.java:close(224)) - 6047fcf1-3fae-4aa9-b5cf-920d563ea801@group-FCCD082F0D54-SegmentedRaftLogWorker close()
2019-10-08 18:31:59,531 [ForkJoinPool.commonPool-worker-0] INFO  server.GrpcService (GrpcService.java:closeImpl(164)) - 6047fcf1-3fae-4aa9-b5cf-920d563ea801: shutdown server with port 44756 now
2019-10-08 18:31:59,532 [grpc-default-executor-2] WARN  client.GrpcClientProtocolService (LogUtils.java:warn(134)) - 1-UnorderedRequestStreamObserver1: onError: org.apache.ratis.thirdparty.io.grpc.StatusRuntimeException: CANCELLED: cancelled before receiving half close
2019-10-08 18:31:59,532 [ForkJoinPool.commonPool-worker-0] INFO  server.GrpcService (GrpcService.java:closeImpl(172)) - 6047fcf1-3fae-4aa9-b5cf-920d563ea801: shutdown server with port 44756 successfully
2019-10-08 18:31:59,534 [refreshUsed-/workdir/hadoop-ozone/integration-test/target/test-dir/MiniOzoneClusterImpl-a711281c-616f-488d-a7dc-db87a594177d/datanode-1/data/containers] WARN  fs.CachingGetSpaceUsed (CachingGetSpaceUsed.java:run(183)) - Thread Interrupted waiting to refresh disk information: sleep interrupted
2019-10-08 18:31:59,542 [main] INFO  utils.BackgroundService (BackgroundService.java:shutdown(148)) - Shutting down service BlockDeletingService
2019-10-08 18:31:59,547 [main] INFO  statemachine.DatanodeStateMachine (DatanodeStateMachine.java:stopDaemon(395)) - Ozone container server stopped.
2019-10-08 18:31:59,549 [main] INFO  handler.ContextHandler (ContextHandler.java:doStop(910)) - Stopped o.e.j.w.WebAppContext@ef86c72{/,null,UNAVAILABLE}{/hddsDatanode}
2019-10-08 18:31:59,550 [main] INFO  server.AbstractConnector (AbstractConnector.java:doStop(318)) - Stopped ServerConnector@123307c4{HTTP/1.1,[http/1.1]}{0.0.0.0:0}
2019-10-08 18:31:59,550 [main] INFO  handler.ContextHandler (ContextHandler.java:doStop(910)) - Stopped o.e.j.s.ServletContextHandler@77324a58{/static,jar:file:/home/user/.m2/repository/org/apache/hadoop/hadoop-hdds-container-service/0.5.0-SNAPSHOT/hadoop-hdds-container-service-0.5.0-SNAPSHOT.jar!/webapps/static,UNAVAILABLE}
2019-10-08 18:31:59,550 [main] INFO  handler.ContextHandler (ContextHandler.java:doStop(910)) - Stopped o.e.j.s.ServletContextHandler@5329f6b3{/logs,file:///workdir/hadoop-ozone/integration-test/target/log,UNAVAILABLE}
2019-10-08 18:31:59,554 [ForkJoinPool.commonPool-worker-0] INFO  utils.BackgroundService (BackgroundService.java:shutdown(148)) - Shutting down service BlockDeletingService
2019-10-08 18:31:59,560 [ForkJoinPool.commonPool-worker-0] INFO  statemachine.DatanodeStateMachine (DatanodeStateMachine.java:stopDaemon(395)) - Ozone container server stopped.
2019-10-08 18:31:59,565 [ForkJoinPool.commonPool-worker-0] INFO  handler.ContextHandler (ContextHandler.java:doStop(910)) - Stopped o.e.j.w.WebAppContext@61b60600{/,null,UNAVAILABLE}{/hddsDatanode}
2019-10-08 18:31:59,566 [ForkJoinPool.commonPool-worker-0] INFO  server.AbstractConnector (AbstractConnector.java:doStop(318)) - Stopped ServerConnector@27f71195{HTTP/1.1,[http/1.1]}{0.0.0.0:0}
2019-10-08 18:31:59,568 [ForkJoinPool.commonPool-worker-0] INFO  handler.ContextHandler (ContextHandler.java:doStop(910)) - Stopped o.e.j.s.ServletContextHandler@20256a0b{/static,jar:file:/home/user/.m2/repository/org/apache/hadoop/hadoop-hdds-container-service/0.5.0-SNAPSHOT/hadoop-hdds-container-service-0.5.0-SNAPSHOT.jar!/webapps/static,UNAVAILABLE}
2019-10-08 18:31:59,570 [ForkJoinPool.commonPool-worker-0] INFO  handler.ContextHandler (ContextHandler.java:doStop(910)) - Stopped o.e.j.s.ServletContextHandler@404ced67{/logs,file:///workdir/hadoop-ozone/integration-test/target/log,UNAVAILABLE}
2019-10-08 18:31:59,622 [Datanode State Machine Thread - 0] INFO  statemachine.DatanodeStateMachine (DatanodeStateMachine.java:lambda$startDaemon$0(350)) - Ozone container server started.
2019-10-08 18:32:00,221 [Datanode State Machine Thread - 0] INFO  statemachine.DatanodeStateMachine (DatanodeStateMachine.java:lambda$startDaemon$0(350)) - Ozone container server started.
2019-10-08 18:32:01,497 [grpc-default-executor-7] WARN  server.GrpcLogAppender (LogUtils.java:warn(134)) - 36215749-b551-4309-8afb-92be44d31dcc@group-5268B700C371->d91d0ace-0381-48bb-882b-2a0860df1015-AppendLogResponseHandler: Failed appendEntries: org.apache.ratis.thirdparty.io.grpc.StatusRuntimeException: UNAVAILABLE: io exception
2019-10-08 18:32:01,497 [grpc-default-executor-7] INFO  impl.FollowerInfo (FollowerInfo.java:lambda$new$0(51)) - 36215749-b551-4309-8afb-92be44d31dcc@group-5268B700C371->d91d0ace-0381-48bb-882b-2a0860df1015: nextIndex: updateUnconditionally 0 -> 0
2019-10-08 18:32:03,665 [EventQueue-StaleNodeForStaleNodeHandler] INFO  node.StaleNodeHandler (StaleNodeHandler.java:onMessage(58)) - Datanode 24dbaaa5-bd22-4331-ada3-a030212e6dab{ip: 192.168.30.53, host: pr-hdds-1984-jmsdc-1452173494, networkLocation: /default-rack, certSerialId: null} moved to stale state. Finalizing its pipelines [PipelineID=5edaac33-e37a-4bc9-8ce7-a5d8024fbb00, PipelineID=40c702cc-e3c1-4e4e-9562-5268b700c371]
2019-10-08 18:32:03,667 [EventQueue-StaleNodeForStaleNodeHandler] INFO  pipeline.SCMPipelineManager (SCMPipelineManager.java:finalizeAndDestroyPipeline(315)) - destroying pipeline:Pipeline[ Id: 5edaac33-e37a-4bc9-8ce7-a5d8024fbb00, Nodes: 24dbaaa5-bd22-4331-ada3-a030212e6dab{ip: 192.168.30.53, host: pr-hdds-1984-jmsdc-1452173494, networkLocation: /default-rack, certSerialId: null}, Type:RATIS, Factor:ONE, State:OPEN]
2019-10-08 18:32:03,667 [EventQueue-StaleNodeForStaleNodeHandler] INFO  pipeline.PipelineStateManager (PipelineStateManager.java:finalizePipeline(123)) - Pipeline Pipeline[ Id: 5edaac33-e37a-4bc9-8ce7-a5d8024fbb00, Nodes: 24dbaaa5-bd22-4331-ada3-a030212e6dab{ip: 192.168.30.53, host: pr-hdds-1984-jmsdc-1452173494, networkLocation: /default-rack, certSerialId: null}, Type:RATIS, Factor:ONE, State:CLOSED] moved to CLOSED state
2019-10-08 18:32:03,668 [EventQueue-StaleNodeForStaleNodeHandler] INFO  pipeline.SCMPipelineManager (SCMPipelineManager.java:finalizeAndDestroyPipeline(315)) - destroying pipeline:Pipeline[ Id: 40c702cc-e3c1-4e4e-9562-5268b700c371, Nodes: d91d0ace-0381-48bb-882b-2a0860df1015{ip: 192.168.30.53, host: pr-hdds-1984-jmsdc-1452173494, networkLocation: /default-rack, certSerialId: null}36215749-b551-4309-8afb-92be44d31dcc{ip: 192.168.30.53, host: pr-hdds-1984-jmsdc-1452173494, networkLocation: /default-rack, certSerialId: null}24dbaaa5-bd22-4331-ada3-a030212e6dab{ip: 192.168.30.53, host: pr-hdds-1984-jmsdc-1452173494, networkLocation: /default-rack, certSerialId: null}, Type:RATIS, Factor:THREE, State:CLOSED]
2019-10-08 18:32:04,001 [grpc-default-executor-7] WARN  server.GrpcLogAppender (LogUtils.java:warn(134)) - 36215749-b551-4309-8afb-92be44d31dcc@group-5268B700C371->d91d0ace-0381-48bb-882b-2a0860df1015-AppendLogResponseHandler: Failed appendEntries: org.apache.ratis.thirdparty.io.grpc.StatusRuntimeException: UNAVAILABLE: io exception
2019-10-08 18:32:04,002 [grpc-default-executor-7] INFO  impl.FollowerInfo (FollowerInfo.java:lambda$new$0(51)) - 36215749-b551-4309-8afb-92be44d31dcc@group-5268B700C371->d91d0ace-0381-48bb-882b-2a0860df1015: nextIndex: updateUnconditionally 0 -> 0
2019-10-08 18:32:04,266 [EventQueue-StaleNodeForStaleNodeHandler] INFO  node.StaleNodeHandler (StaleNodeHandler.java:onMessage(58)) - Datanode fef8ea31-401e-44ed-a6e5-2623f2bd7b9f{ip: 192.168.30.53, host: pr-hdds-1984-jmsdc-1452173494, networkLocation: /default-rack, certSerialId: null} moved to stale state. Finalizing its pipelines [PipelineID=f3df37f7-a09c-497c-9b38-8d8935ee44c6, PipelineID=90952c9a-0507-40aa-8afa-5e5549194573]
2019-10-08 18:32:04,282 [EventQueue-StaleNodeForStaleNodeHandler] INFO  pipeline.SCMPipelineManager (SCMPipelineManager.java:finalizeAndDestroyPipeline(315)) - destroying pipeline:Pipeline[ Id: f3df37f7-a09c-497c-9b38-8d8935ee44c6, Nodes: 6047fcf1-3fae-4aa9-b5cf-920d563ea801{ip: 192.168.30.53, host: pr-hdds-1984-jmsdc-1452173494, networkLocation: /default-rack, certSerialId: null}e8ec5d3e-1dbd-405f-80ef-24c1d8e43b17{ip: 192.168.30.53, host: pr-hdds-1984-jmsdc-1452173494, networkLocation: /default-rack, certSerialId: null}fef8ea31-401e-44ed-a6e5-2623f2bd7b9f{ip: 192.168.30.53, host: pr-hdds-1984-jmsdc-1452173494, networkLocation: /default-rack, certSerialId: null}, Type:RATIS, Factor:THREE, State:CLOSED]
2019-10-08 18:32:04,282 [EventQueue-StaleNodeForStaleNodeHandler] INFO  pipeline.SCMPipelineManager (SCMPipelineManager.java:finalizeAndDestroyPipeline(315)) - destroying pipeline:Pipeline[ Id: 90952c9a-0507-40aa-8afa-5e5549194573, Nodes: fef8ea31-401e-44ed-a6e5-2623f2bd7b9f{ip: 192.168.30.53, host: pr-hdds-1984-jmsdc-1452173494, networkLocation: /default-rack, certSerialId: null}, Type:RATIS, Factor:ONE, State:OPEN]
2019-10-08 18:32:04,283 [EventQueue-StaleNodeForStaleNodeHandler] INFO  pipeline.PipelineStateManager (PipelineStateManager.java:finalizePipeline(123)) - Pipeline Pipeline[ Id: 90952c9a-0507-40aa-8afa-5e5549194573, Nodes: fef8ea31-401e-44ed-a6e5-2623f2bd7b9f{ip: 192.168.30.53, host: pr-hdds-1984-jmsdc-1452173494, networkLocation: /default-rack, certSerialId: null}, Type:RATIS, Factor:ONE, State:CLOSED] moved to CLOSED state
2019-10-08 18:32:04,552 [main] INFO  ozoneimpl.OzoneContainer (OzoneContainer.java:stop(227)) - Attempting to stop container services.
2019-10-08 18:32:04,560 [main] INFO  impl.RaftServerProxy (RaftServerProxy.java:lambda$close$4(314)) - 24dbaaa5-bd22-4331-ada3-a030212e6dab: close
2019-10-08 18:32:04,561 [main] INFO  impl.RaftServerImpl (RaftServerImpl.java:lambda$shutdown$3(247)) - 24dbaaa5-bd22-4331-ada3-a030212e6dab@group-A5D8024FBB00: shutdown
2019-10-08 18:32:04,561 [main] INFO  util.JmxRegister (JmxRegister.java:unregister(73)) - Successfully un-registered JMX Bean with object name Ratis:service=RaftServer,group=group-A5D8024FBB00,id=24dbaaa5-bd22-4331-ada3-a030212e6dab
2019-10-08 18:32:04,562 [main] INFO  impl.RoleInfo (RoleInfo.java:shutdownLeaderState(104)) - 24dbaaa5-bd22-4331-ada3-a030212e6dab: shutdown LeaderState
2019-10-08 18:32:04,562 [main] INFO  impl.PendingRequests (PendingRequests.java:sendNotLeaderResponses(202)) - 24dbaaa5-bd22-4331-ada3-a030212e6dab@group-A5D8024FBB00-PendingRequests: sendNotLeaderResponses
2019-10-08 18:32:04,563 [main] INFO  impl.StateMachineUpdater (StateMachineUpdater.java:stopAndJoin(136)) - 24dbaaa5-bd22-4331-ada3-a030212e6dab@group-A5D8024FBB00-StateMachineUpdater: set stopIndex = 0
2019-10-08 18:32:04,564 [main] INFO  impl.RaftServerImpl (ServerState.java:close(387)) - 24dbaaa5-bd22-4331-ada3-a030212e6dab@group-A5D8024FBB00: closes. applyIndex: 0
2019-10-08 18:32:04,564 [24dbaaa5-bd22-4331-ada3-a030212e6dab@group-A5D8024FBB00-SegmentedRaftLogWorker] INFO  segmented.SegmentedRaftLogWorker (SegmentedRaftLogWorker.java:run(316)) - 24dbaaa5-bd22-4331-ada3-a030212e6dab@group-A5D8024FBB00-SegmentedRaftLogWorker was interrupted, exiting. There are 0 tasks remaining in the queue.
2019-10-08 18:32:04,567 [main] INFO  segmented.SegmentedRaftLogWorker (SegmentedRaftLogWorker.java:close(224)) - 24dbaaa5-bd22-4331-ada3-a030212e6dab@group-A5D8024FBB00-SegmentedRaftLogWorker close()
2019-10-08 18:32:04,572 [main] INFO  impl.RaftServerImpl (RaftServerImpl.java:lambda$shutdown$3(247)) - 24dbaaa5-bd22-4331-ada3-a030212e6dab@group-5268B700C371: shutdown
2019-10-08 18:32:04,572 [ForkJoinPool.commonPool-worker-0] INFO  ozoneimpl.OzoneContainer (OzoneContainer.java:stop(227)) - Attempting to stop container services.
2019-10-08 18:32:04,572 [main] INFO  util.JmxRegister (JmxRegister.java:unregister(73)) - Successfully un-registered JMX Bean with object name Ratis:service=RaftServer,group=group-5268B700C371,id=24dbaaa5-bd22-4331-ada3-a030212e6dab
2019-10-08 18:32:04,573 [ForkJoinPool.commonPool-worker-0] INFO  impl.RaftServerProxy (RaftServerProxy.java:lambda$close$4(314)) - fef8ea31-401e-44ed-a6e5-2623f2bd7b9f: close
2019-10-08 18:32:04,573 [main] INFO  impl.RoleInfo (RoleInfo.java:shutdownFollowerState(121)) - 24dbaaa5-bd22-4331-ada3-a030212e6dab: shutdown FollowerState
2019-10-08 18:32:04,573 [ForkJoinPool.commonPool-worker-0] INFO  impl.RaftServerImpl (RaftServerImpl.java:lambda$shutdown$3(247)) - fef8ea31-401e-44ed-a6e5-2623f2bd7b9f@group-8D8935EE44C6: shutdown
2019-10-08 18:32:04,574 [24dbaaa5-bd22-4331-ada3-a030212e6dab@group-5268B700C371-StateMachineUpdater] INFO  ratis.ContainerStateMachine (ContainerStateMachine.java:takeSnapshot(294)) - group-5268B700C371: Taking a snapshot at:(t:4, i:15) file /workdir/hadoop-ozone/integration-test/target/test-dir/MiniOzoneClusterImpl-a711281c-616f-488d-a7dc-db87a594177d/datanode-6/data/ratis/40c702cc-e3c1-4e4e-9562-5268b700c371/sm/snapshot.4_15
2019-10-08 18:32:04,574 [ForkJoinPool.commonPool-worker-0] INFO  util.JmxRegister (JmxRegister.java:unregister(73)) - Successfully un-registered JMX Bean with object name Ratis:service=RaftServer,group=group-8D8935EE44C6,id=fef8ea31-401e-44ed-a6e5-2623f2bd7b9f
2019-10-08 18:32:04,574 [ForkJoinPool.commonPool-worker-0] INFO  impl.RoleInfo (RoleInfo.java:shutdownFollowerState(121)) - fef8ea31-401e-44ed-a6e5-2623f2bd7b9f: shutdown FollowerState
2019-10-08 18:32:04,574 [Thread-3149] INFO  impl.FollowerState (FollowerState.java:run(117)) - 24dbaaa5-bd22-4331-ada3-a030212e6dab@group-5268B700C371-FollowerState was interrupted: java.lang.InterruptedException: sleep interrupted
2019-10-08 18:32:04,574 [main] INFO  impl.StateMachineUpdater (StateMachineUpdater.java:stopAndJoin(136)) - 24dbaaa5-bd22-4331-ada3-a030212e6dab@group-5268B700C371-StateMachineUpdater: set stopIndex = 19
2019-10-08 18:32:04,575 [Thread-3003] INFO  impl.FollowerState (FollowerState.java:run(117)) - fef8ea31-401e-44ed-a6e5-2623f2bd7b9f@group-8D8935EE44C6-FollowerState was interrupted: java.lang.InterruptedException: sleep interrupted
2019-10-08 18:32:04,575 [fef8ea31-401e-44ed-a6e5-2623f2bd7b9f@group-8D8935EE44C6-StateMachineUpdater] INFO  ratis.ContainerStateMachine (ContainerStateMachine.java:takeSnapshot(294)) - group-8D8935EE44C6: Taking a snapshot at:(t:2, i:14) file /workdir/hadoop-ozone/integration-test/target/test-dir/MiniOzoneClusterImpl-a711281c-616f-488d-a7dc-db87a594177d/datanode-2/data/ratis/f3df37f7-a09c-497c-9b38-8d8935ee44c6/sm/snapshot.2_14
2019-10-08 18:32:04,575 [ForkJoinPool.commonPool-worker-0] INFO  impl.StateMachineUpdater (StateMachineUpdater.java:stopAndJoin(136)) - fef8ea31-401e-44ed-a6e5-2623f2bd7b9f@group-8D8935EE44C6-StateMachineUpdater: set stopIndex = 16
2019-10-08 18:32:04,586 [fef8ea31-401e-44ed-a6e5-2623f2bd7b9f@group-8D8935EE44C6-StateMachineUpdater] INFO  ratis.ContainerStateMachine (ContainerStateMachine.java:takeSnapshot(305)) - group-8D8935EE44C6: Finished taking a snapshot at:(t:2, i:14) file:/workdir/hadoop-ozone/integration-test/target/test-dir/MiniOzoneClusterImpl-a711281c-616f-488d-a7dc-db87a594177d/datanode-2/data/ratis/f3df37f7-a09c-497c-9b38-8d8935ee44c6/sm/snapshot.2_14 time:11
2019-10-08 18:32:04,586 [24dbaaa5-bd22-4331-ada3-a030212e6dab@group-5268B700C371-StateMachineUpdater] INFO  ratis.ContainerStateMachine (ContainerStateMachine.java:takeSnapshot(305)) - group-5268B700C371: Finished taking a snapshot at:(t:4, i:15) file:/workdir/hadoop-ozone/integration-test/target/test-dir/MiniOzoneClusterImpl-a711281c-616f-488d-a7dc-db87a594177d/datanode-6/data/ratis/40c702cc-e3c1-4e4e-9562-5268b700c371/sm/snapshot.4_15 time:12
2019-10-08 18:32:04,587 [fef8ea31-401e-44ed-a6e5-2623f2bd7b9f@group-8D8935EE44C6-StateMachineUpdater] INFO  impl.StateMachineUpdater (StateMachineUpdater.java:takeSnapshot(269)) - fef8ea31-401e-44ed-a6e5-2623f2bd7b9f@group-8D8935EE44C6-StateMachineUpdater: Took a snapshot at index 14
2019-10-08 18:32:04,587 [24dbaaa5-bd22-4331-ada3-a030212e6dab@group-5268B700C371-StateMachineUpdater] INFO  impl.StateMachineUpdater (StateMachineUpdater.java:takeSnapshot(269)) - 24dbaaa5-bd22-4331-ada3-a030212e6dab@group-5268B700C371-StateMachineUpdater: Took a snapshot at index 15
2019-10-08 18:32:04,587 [fef8ea31-401e-44ed-a6e5-2623f2bd7b9f@group-8D8935EE44C6-StateMachineUpdater] INFO  impl.StateMachineUpdater (StateMachineUpdater.java:lambda$new$0(84)) - fef8ea31-401e-44ed-a6e5-2623f2bd7b9f@group-8D8935EE44C6-StateMachineUpdater: snapshotIndex: updateIncreasingly -1 -> 14
2019-10-08 18:32:04,587 [24dbaaa5-bd22-4331-ada3-a030212e6dab@group-5268B700C371-StateMachineUpdater] INFO  impl.StateMachineUpdater (StateMachineUpdater.java:lambda$new$0(84)) - 24dbaaa5-bd22-4331-ada3-a030212e6dab@group-5268B700C371-StateMachineUpdater: snapshotIndex: updateIncreasingly -1 -> 15
2019-10-08 18:32:04,587 [24dbaaa5-bd22-4331-ada3-a030212e6dab@group-5268B700C371-StateMachineUpdater] INFO  ratis.ContainerStateMachine (ContainerStateMachine.java:takeSnapshot(294)) - group-5268B700C371: Taking a snapshot at:(t:4, i:15) file /workdir/hadoop-ozone/integration-test/target/test-dir/MiniOzoneClusterImpl-a711281c-616f-488d-a7dc-db87a594177d/datanode-6/data/ratis/40c702cc-e3c1-4e4e-9562-5268b700c371/sm/snapshot.4_15
2019-10-08 18:32:04,587 [fef8ea31-401e-44ed-a6e5-2623f2bd7b9f@group-8D8935EE44C6-StateMachineUpdater] INFO  ratis.ContainerStateMachine (ContainerStateMachine.java:takeSnapshot(294)) - group-8D8935EE44C6: Taking a snapshot at:(t:2, i:14) file /workdir/hadoop-ozone/integration-test/target/test-dir/MiniOzoneClusterImpl-a711281c-616f-488d-a7dc-db87a594177d/datanode-2/data/ratis/f3df37f7-a09c-497c-9b38-8d8935ee44c6/sm/snapshot.2_14
2019-10-08 18:32:04,590 [24dbaaa5-bd22-4331-ada3-a030212e6dab@group-5268B700C371-StateMachineUpdater] INFO  ratis.ContainerStateMachine (ContainerStateMachine.java:takeSnapshot(305)) - group-5268B700C371: Finished taking a snapshot at:(t:4, i:15) file:/workdir/hadoop-ozone/integration-test/target/test-dir/MiniOzoneClusterImpl-a711281c-616f-488d-a7dc-db87a594177d/datanode-6/data/ratis/40c702cc-e3c1-4e4e-9562-5268b700c371/sm/snapshot.4_15 time:3
2019-10-08 18:32:04,591 [fef8ea31-401e-44ed-a6e5-2623f2bd7b9f@group-8D8935EE44C6-StateMachineUpdater] INFO  ratis.ContainerStateMachine (ContainerStateMachine.java:takeSnapshot(305)) - group-8D8935EE44C6: Finished taking a snapshot at:(t:2, i:14) file:/workdir/hadoop-ozone/integration-test/target/test-dir/MiniOzoneClusterImpl-a711281c-616f-488d-a7dc-db87a594177d/datanode-2/data/ratis/f3df37f7-a09c-497c-9b38-8d8935ee44c6/sm/snapshot.2_14 time:3
2019-10-08 18:32:04,591 [24dbaaa5-bd22-4331-ada3-a030212e6dab@group-5268B700C371-StateMachineUpdater] INFO  impl.StateMachineUpdater (StateMachineUpdater.java:takeSnapshot(269)) - 24dbaaa5-bd22-4331-ada3-a030212e6dab@group-5268B700C371-StateMachineUpdater: Took a snapshot at index 15
2019-10-08 18:32:04,591 [24dbaaa5-bd22-4331-ada3-a030212e6dab@group-5268B700C371-StateMachineUpdater] INFO  impl.StateMachineUpdater (StateMachineUpdater.java:lambda$new$0(84)) - 24dbaaa5-bd22-4331-ada3-a030212e6dab@group-5268B700C371-StateMachineUpdater: snapshotIndex: updateIncreasingly 15 -> 15
2019-10-08 18:32:04,591 [fef8ea31-401e-44ed-a6e5-2623f2bd7b9f@group-8D8935EE44C6-StateMachineUpdater] INFO  impl.StateMachineUpdater (StateMachineUpdater.java:takeSnapshot(269)) - fef8ea31-401e-44ed-a6e5-2623f2bd7b9f@group-8D8935EE44C6-StateMachineUpdater: Took a snapshot at index 14
2019-10-08 18:32:04,591 [fef8ea31-401e-44ed-a6e5-2623f2bd7b9f@group-8D8935EE44C6-StateMachineUpdater] INFO  impl.StateMachineUpdater (StateMachineUpdater.java:lambda$new$0(84)) - fef8ea31-401e-44ed-a6e5-2623f2bd7b9f@group-8D8935EE44C6-StateMachineUpdater: snapshotIndex: updateIncreasingly 14 -> 14
2019-10-08 18:32:04,591 [main] INFO  impl.RaftServerImpl (ServerState.java:close(387)) - 24dbaaa5-bd22-4331-ada3-a030212e6dab@group-5268B700C371: closes. applyIndex: 19
2019-10-08 18:32:04,592 [ForkJoinPool.commonPool-worker-0] INFO  impl.RaftServerImpl (ServerState.java:close(387)) - fef8ea31-401e-44ed-a6e5-2623f2bd7b9f@group-8D8935EE44C6: closes. applyIndex: 16
2019-10-08 18:32:04,592 [24dbaaa5-bd22-4331-ada3-a030212e6dab@group-5268B700C371-SegmentedRaftLogWorker] INFO  segmented.SegmentedRaftLogWorker (SegmentedRaftLogWorker.java:run(316)) - 24dbaaa5-bd22-4331-ada3-a030212e6dab@group-5268B700C371-SegmentedRaftLogWorker was interrupted, exiting. There are 0 tasks remaining in the queue.
2019-10-08 18:32:04,593 [fef8ea31-401e-44ed-a6e5-2623f2bd7b9f@group-8D8935EE44C6-SegmentedRaftLogWorker] INFO  segmented.SegmentedRaftLogWorker (SegmentedRaftLogWorker.java:run(316)) - fef8ea31-401e-44ed-a6e5-2623f2bd7b9f@group-8D8935EE44C6-SegmentedRaftLogWorker was interrupted, exiting. There are 0 tasks remaining in the queue.
2019-10-08 18:32:04,594 [main] INFO  segmented.SegmentedRaftLogWorker (SegmentedRaftLogWorker.java:close(224)) - 24dbaaa5-bd22-4331-ada3-a030212e6dab@group-5268B700C371-SegmentedRaftLogWorker close()
2019-10-08 18:32:04,597 [ForkJoinPool.commonPool-worker-0] INFO  segmented.SegmentedRaftLogWorker (SegmentedRaftLogWorker.java:close(224)) - fef8ea31-401e-44ed-a6e5-2623f2bd7b9f@group-8D8935EE44C6-SegmentedRaftLogWorker close()
2019-10-08 18:32:04,601 [main] INFO  server.GrpcService (GrpcService.java:closeImpl(164)) - 24dbaaa5-bd22-4331-ada3-a030212e6dab: shutdown server with port 42763 now
2019-10-08 18:32:04,606 [ForkJoinPool.commonPool-worker-0] INFO  impl.RaftServerImpl (RaftServerImpl.java:lambda$shutdown$3(247)) - fef8ea31-401e-44ed-a6e5-2623f2bd7b9f@group-5E5549194573: shutdown
2019-10-08 18:32:04,607 [ForkJoinPool.commonPool-worker-0] INFO  util.JmxRegister (JmxRegister.java:unregister(73)) - Successfully un-registered JMX Bean with object name Ratis:service=RaftServer,group=group-5E5549194573,id=fef8ea31-401e-44ed-a6e5-2623f2bd7b9f
2019-10-08 18:32:04,607 [ForkJoinPool.commonPool-worker-0] INFO  impl.RoleInfo (RoleInfo.java:shutdownLeaderState(104)) - fef8ea31-401e-44ed-a6e5-2623f2bd7b9f: shutdown LeaderState
2019-10-08 18:32:04,607 [ForkJoinPool.commonPool-worker-0] INFO  impl.PendingRequests (PendingRequests.java:sendNotLeaderResponses(202)) - fef8ea31-401e-44ed-a6e5-2623f2bd7b9f@group-5E5549194573-PendingRequests: sendNotLeaderResponses
2019-10-08 18:32:04,608 [ForkJoinPool.commonPool-worker-0] INFO  impl.StateMachineUpdater (StateMachineUpdater.java:stopAndJoin(136)) - fef8ea31-401e-44ed-a6e5-2623f2bd7b9f@group-5E5549194573-StateMachineUpdater: set stopIndex = 0
2019-10-08 18:32:04,608 [ForkJoinPool.commonPool-worker-0] INFO  impl.RaftServerImpl (ServerState.java:close(387)) - fef8ea31-401e-44ed-a6e5-2623f2bd7b9f@group-5E5549194573: closes. applyIndex: 0
2019-10-08 18:32:04,609 [grpc-default-executor-2] WARN  server.GrpcServerProtocolService (LogUtils.java:warn(134)) - 24dbaaa5-bd22-4331-ada3-a030212e6dab: installSnapshot onError, lastRequest: 36215749-b551-4309-8afb-92be44d31dcc->24dbaaa5-bd22-4331-ada3-a030212e6dab#6-t5, previous=(t:5, i:19), leaderCommit=19, initializing? false, entries: <empty>: org.apache.ratis.thirdparty.io.grpc.StatusRuntimeException: CANCELLED: cancelled before receiving half close
2019-10-08 18:32:04,609 [main] INFO  server.GrpcService (GrpcService.java:closeImpl(172)) - 24dbaaa5-bd22-4331-ada3-a030212e6dab: shutdown server with port 42763 successfully
2019-10-08 18:32:04,609 [fef8ea31-401e-44ed-a6e5-2623f2bd7b9f@group-5E5549194573-SegmentedRaftLogWorker] INFO  segmented.SegmentedRaftLogWorker (SegmentedRaftLogWorker.java:run(316)) - fef8ea31-401e-44ed-a6e5-2623f2bd7b9f@group-5E5549194573-SegmentedRaftLogWorker was interrupted, exiting. There are 0 tasks remaining in the queue.
2019-10-08 18:32:04,610 [grpc-default-executor-5] WARN  server.GrpcLogAppender (LogUtils.java:warn(134)) - 36215749-b551-4309-8afb-92be44d31dcc@group-5268B700C371->24dbaaa5-bd22-4331-ada3-a030212e6dab-AppendLogResponseHandler: Failed appendEntries: org.apache.ratis.thirdparty.io.grpc.StatusRuntimeException: CANCELLED: HTTP/2 error code: CANCEL
Received Rst Stream
2019-10-08 18:32:04,613 [ForkJoinPool.commonPool-worker-0] INFO  segmented.SegmentedRaftLogWorker (SegmentedRaftLogWorker.java:close(224)) - fef8ea31-401e-44ed-a6e5-2623f2bd7b9f@group-5E5549194573-SegmentedRaftLogWorker close()
2019-10-08 18:32:04,613 [grpc-default-executor-5] INFO  impl.FollowerInfo (FollowerInfo.java:lambda$new$0(51)) - 36215749-b551-4309-8afb-92be44d31dcc@group-5268B700C371->24dbaaa5-bd22-4331-ada3-a030212e6dab: nextIndex: updateUnconditionally 20 -> 19
2019-10-08 18:32:04,617 [ForkJoinPool.commonPool-worker-0] INFO  server.GrpcService (GrpcService.java:closeImpl(164)) - fef8ea31-401e-44ed-a6e5-2623f2bd7b9f: shutdown server with port 36623 now
2019-10-08 18:32:04,619 [ForkJoinPool.commonPool-worker-0] INFO  server.GrpcService (GrpcService.java:closeImpl(172)) - fef8ea31-401e-44ed-a6e5-2623f2bd7b9f: shutdown server with port 36623 successfully
2019-10-08 18:32:04,621 [refreshUsed-/workdir/hadoop-ozone/integration-test/target/test-dir/MiniOzoneClusterImpl-a711281c-616f-488d-a7dc-db87a594177d/datanode-6/data/containers] WARN  fs.CachingGetSpaceUsed (CachingGetSpaceUsed.java:run(183)) - Thread Interrupted waiting to refresh disk information: sleep interrupted
2019-10-08 18:32:04,624 [refreshUsed-/workdir/hadoop-ozone/integration-test/target/test-dir/MiniOzoneClusterImpl-a711281c-616f-488d-a7dc-db87a594177d/datanode-2/data/containers] WARN  fs.CachingGetSpaceUsed (CachingGetSpaceUsed.java:run(183)) - Thread Interrupted waiting to refresh disk information: sleep interrupted
2019-10-08 18:32:04,643 [ForkJoinPool.commonPool-worker-0] INFO  utils.BackgroundService (BackgroundService.java:shutdown(148)) - Shutting down service BlockDeletingService
2019-10-08 18:32:04,643 [main] INFO  utils.BackgroundService (BackgroundService.java:shutdown(148)) - Shutting down service BlockDeletingService
2019-10-08 18:32:04,652 [ForkJoinPool.commonPool-worker-0] INFO  statemachine.DatanodeStateMachine (DatanodeStateMachine.java:stopDaemon(395)) - Ozone container server stopped.
2019-10-08 18:32:04,656 [main] INFO  statemachine.DatanodeStateMachine (DatanodeStateMachine.java:stopDaemon(395)) - Ozone container server stopped.
2019-10-08 18:32:04,662 [ForkJoinPool.commonPool-worker-0] INFO  handler.ContextHandler (ContextHandler.java:doStop(910)) - Stopped o.e.j.w.WebAppContext@1ecf0ac6{/,null,UNAVAILABLE}{/hddsDatanode}
2019-10-08 18:32:04,662 [main] INFO  handler.ContextHandler (ContextHandler.java:doStop(910)) - Stopped o.e.j.w.WebAppContext@5d14e99e{/,null,UNAVAILABLE}{/hddsDatanode}
2019-10-08 18:32:04,663 [ForkJoinPool.commonPool-worker-0] INFO  server.AbstractConnector (AbstractConnector.java:doStop(318)) - Stopped ServerConnector@458031da{HTTP/1.1,[http/1.1]}{0.0.0.0:0}
2019-10-08 18:32:04,664 [main] INFO  server.AbstractConnector (AbstractConnector.java:doStop(318)) - Stopped ServerConnector@38cfecf3{HTTP/1.1,[http/1.1]}{0.0.0.0:0}
2019-10-08 18:32:04,665 [ForkJoinPool.commonPool-worker-0] INFO  handler.ContextHandler (ContextHandler.java:doStop(910)) - Stopped o.e.j.s.ServletContextHandler@2aee0704{/static,jar:file:/home/user/.m2/repository/org/apache/hadoop/hadoop-hdds-container-service/0.5.0-SNAPSHOT/hadoop-hdds-container-service-0.5.0-SNAPSHOT.jar!/webapps/static,UNAVAILABLE}
2019-10-08 18:32:04,666 [main] INFO  handler.ContextHandler (ContextHandler.java:doStop(910)) - Stopped o.e.j.s.ServletContextHandler@1304e0d7{/static,jar:file:/home/user/.m2/repository/org/apache/hadoop/hadoop-hdds-container-service/0.5.0-SNAPSHOT/hadoop-hdds-container-service-0.5.0-SNAPSHOT.jar!/webapps/static,UNAVAILABLE}
2019-10-08 18:32:04,667 [ForkJoinPool.commonPool-worker-0] INFO  handler.ContextHandler (ContextHandler.java:doStop(910)) - Stopped o.e.j.s.ServletContextHandler@c9b5a99{/logs,file:///workdir/hadoop-ozone/integration-test/target/log,UNAVAILABLE}
2019-10-08 18:32:04,668 [main] INFO  handler.ContextHandler (ContextHandler.java:doStop(910)) - Stopped o.e.j.s.ServletContextHandler@1537e43{/logs,file:///workdir/hadoop-ozone/integration-test/target/log,UNAVAILABLE}
2019-10-08 18:32:05,255 [Datanode State Machine Thread - 0] INFO  statemachine.DatanodeStateMachine (DatanodeStateMachine.java:lambda$startDaemon$0(350)) - Ozone container server started.
2019-10-08 18:32:05,617 [Datanode State Machine Thread - 0] INFO  statemachine.DatanodeStateMachine (DatanodeStateMachine.java:lambda$startDaemon$0(350)) - Ozone container server started.
2019-10-08 18:32:06,493 [grpc-default-executor-5] WARN  server.GrpcLogAppender (LogUtils.java:warn(134)) - 36215749-b551-4309-8afb-92be44d31dcc@group-5268B700C371->24dbaaa5-bd22-4331-ada3-a030212e6dab-AppendLogResponseHandler: Failed appendEntries: org.apache.ratis.thirdparty.io.grpc.StatusRuntimeException: UNAVAILABLE: io exception
2019-10-08 18:32:06,493 [grpc-default-executor-5] INFO  impl.FollowerInfo (FollowerInfo.java:lambda$new$0(51)) - 36215749-b551-4309-8afb-92be44d31dcc@group-5268B700C371->24dbaaa5-bd22-4331-ada3-a030212e6dab: nextIndex: updateUnconditionally 19 -> 18
2019-10-08 18:32:06,498 [grpc-default-executor-5] WARN  server.GrpcLogAppender (LogUtils.java:warn(134)) - 36215749-b551-4309-8afb-92be44d31dcc@group-5268B700C371->d91d0ace-0381-48bb-882b-2a0860df1015-AppendLogResponseHandler: Failed appendEntries: org.apache.ratis.thirdparty.io.grpc.StatusRuntimeException: UNAVAILABLE: io exception
2019-10-08 18:32:06,498 [grpc-default-executor-5] INFO  impl.FollowerInfo (FollowerInfo.java:lambda$new$0(51)) - 36215749-b551-4309-8afb-92be44d31dcc@group-5268B700C371->d91d0ace-0381-48bb-882b-2a0860df1015: nextIndex: updateUnconditionally 0 -> 0
2019-10-08 18:32:08,645 [Thread-3004] INFO  impl.FollowerState (FollowerState.java:run(108)) - e8ec5d3e-1dbd-405f-80ef-24c1d8e43b17@group-8D8935EE44C6-FollowerState: change to CANDIDATE, lastRpcTime:9213ms, electionTimeout:5012ms
2019-10-08 18:32:08,646 [Thread-3004] INFO  impl.RoleInfo (RoleInfo.java:shutdownFollowerState(121)) - e8ec5d3e-1dbd-405f-80ef-24c1d8e43b17: shutdown FollowerState
2019-10-08 18:32:08,647 [Thread-3004] INFO  impl.RaftServerImpl (RaftServerImpl.java:setRole(170)) - e8ec5d3e-1dbd-405f-80ef-24c1d8e43b17@group-8D8935EE44C6: changes role from  FOLLOWER to CANDIDATE at term 2 for changeToCandidate
2019-10-08 18:32:08,648 [Thread-3004] INFO  impl.RoleInfo (RoleInfo.java:updateAndGet(143)) - e8ec5d3e-1dbd-405f-80ef-24c1d8e43b17: start LeaderElection
2019-10-08 18:32:08,648 [e8ec5d3e-1dbd-405f-80ef-24c1d8e43b17@group-8D8935EE44C6-LeaderElection73] INFO  impl.RaftServerImpl (ServerState.java:setLeader(255)) - e8ec5d3e-1dbd-405f-80ef-24c1d8e43b17@group-8D8935EE44C6: change Leader from 6047fcf1-3fae-4aa9-b5cf-920d563ea801 to null at term 2 for initElection
2019-10-08 18:32:08,663 [e8ec5d3e-1dbd-405f-80ef-24c1d8e43b17@group-8D8935EE44C6-LeaderElection73] INFO  impl.LeaderElection (LeaderElection.java:askForVotes(178)) - e8ec5d3e-1dbd-405f-80ef-24c1d8e43b17@group-8D8935EE44C6-LeaderElection73: begin an election at term 3 for 0: [fef8ea31-401e-44ed-a6e5-2623f2bd7b9f:192.168.30.53:36623, 6047fcf1-3fae-4aa9-b5cf-920d563ea801:192.168.30.53:44756, e8ec5d3e-1dbd-405f-80ef-24c1d8e43b17:192.168.30.53:33667], old=null
2019-10-08 18:32:08,670 [e8ec5d3e-1dbd-405f-80ef-24c1d8e43b17@group-8D8935EE44C6-LeaderElection73] INFO  impl.LeaderElection (LogUtils.java:infoOrTrace(149)) - e8ec5d3e-1dbd-405f-80ef-24c1d8e43b17@group-8D8935EE44C6-LeaderElection73 got exception when requesting votes: {}
java.util.concurrent.ExecutionException: org.apache.ratis.thirdparty.io.grpc.StatusRuntimeException: UNAVAILABLE: io exception
	at java.util.concurrent.FutureTask.report(FutureTask.java:122)
	at java.util.concurrent.FutureTask.get(FutureTask.java:192)
	at org.apache.ratis.server.impl.LeaderElection.waitForResults(LeaderElection.java:259)
	at org.apache.ratis.server.impl.LeaderElection.askForVotes(LeaderElection.java:197)
	at org.apache.ratis.server.impl.LeaderElection.run(LeaderElection.java:133)
	at java.lang.Thread.run(Thread.java:748)
Caused by: org.apache.ratis.thirdparty.io.grpc.StatusRuntimeException: UNAVAILABLE: io exception
	at org.apache.ratis.thirdparty.io.grpc.stub.ClientCalls.toStatusRuntimeException(ClientCalls.java:233)
	at org.apache.ratis.thirdparty.io.grpc.stub.ClientCalls.getUnchecked(ClientCalls.java:214)
	at org.apache.ratis.thirdparty.io.grpc.stub.ClientCalls.blockingUnaryCall(ClientCalls.java:139)
	at org.apache.ratis.proto.grpc.RaftServerProtocolServiceGrpc$RaftServerProtocolServiceBlockingStub.requestVote(RaftServerProtocolServiceGrpc.java:265)
	at org.apache.ratis.grpc.server.GrpcServerProtocolClient.requestVote(GrpcServerProtocolClient.java:99)
	at org.apache.ratis.grpc.server.GrpcService.requestVote(GrpcService.java:204)
	at org.apache.ratis.server.impl.LeaderElection.lambda$submitRequests$1(LeaderElection.java:234)
	at java.util.concurrent.FutureTask.run(FutureTask.java:266)
	at java.util.concurrent.Executors$RunnableAdapter.call(Executors.java:511)
	at java.util.concurrent.FutureTask.run(FutureTask.java:266)
	at java.util.concurrent.ThreadPoolExecutor.runWorker(ThreadPoolExecutor.java:1149)
	at java.util.concurrent.ThreadPoolExecutor$Worker.run(ThreadPoolExecutor.java:624)
	... 1 more
Caused by: org.apache.ratis.thirdparty.io.netty.channel.AbstractChannel$AnnotatedConnectException: Connection refused: /192.168.30.53:36623
	at sun.nio.ch.SocketChannelImpl.checkConnect(Native Method)
	at sun.nio.ch.SocketChannelImpl.finishConnect(SocketChannelImpl.java:717)
	at org.apache.ratis.thirdparty.io.netty.channel.socket.nio.NioSocketChannel.doFinishConnect(NioSocketChannel.java:327)
	at org.apache.ratis.thirdparty.io.netty.channel.nio.AbstractNioChannel$AbstractNioUnsafe.finishConnect(AbstractNioChannel.java:340)
	at org.apache.ratis.thirdparty.io.netty.channel.nio.NioEventLoop.processSelectedKey(NioEventLoop.java:632)
	at org.apache.ratis.thirdparty.io.netty.channel.nio.NioEventLoop.processSelectedKeysOptimized(NioEventLoop.java:579)
	at org.apache.ratis.thirdparty.io.netty.channel.nio.NioEventLoop.processSelectedKeys(NioEventLoop.java:496)
	at org.apache.ratis.thirdparty.io.netty.channel.nio.NioEventLoop.run(NioEventLoop.java:458)
	at org.apache.ratis.thirdparty.io.netty.util.concurrent.SingleThreadEventExecutor$5.run(SingleThreadEventExecutor.java:897)
	at org.apache.ratis.thirdparty.io.netty.util.concurrent.FastThreadLocalRunnable.run(FastThreadLocalRunnable.java:30)
	... 1 more
Caused by: java.net.ConnectException: Connection refused
	... 11 more
2019-10-08 18:32:08,677 [e8ec5d3e-1dbd-405f-80ef-24c1d8e43b17@group-8D8935EE44C6-LeaderElection73] INFO  impl.LeaderElection (LogUtils.java:infoOrTrace(149)) - e8ec5d3e-1dbd-405f-80ef-24c1d8e43b17@group-8D8935EE44C6-LeaderElection73 got exception when requesting votes: {}
java.util.concurrent.ExecutionException: org.apache.ratis.thirdparty.io.grpc.StatusRuntimeException: UNAVAILABLE: io exception
	at java.util.concurrent.FutureTask.report(FutureTask.java:122)
	at java.util.concurrent.FutureTask.get(FutureTask.java:192)
	at org.apache.ratis.server.impl.LeaderElection.waitForResults(LeaderElection.java:259)
	at org.apache.ratis.server.impl.LeaderElection.askForVotes(LeaderElection.java:197)
	at org.apache.ratis.server.impl.LeaderElection.run(LeaderElection.java:133)
	at java.lang.Thread.run(Thread.java:748)
Caused by: org.apache.ratis.thirdparty.io.grpc.StatusRuntimeException: UNAVAILABLE: io exception
	at org.apache.ratis.thirdparty.io.grpc.stub.ClientCalls.toStatusRuntimeException(ClientCalls.java:233)
	at org.apache.ratis.thirdparty.io.grpc.stub.ClientCalls.getUnchecked(ClientCalls.java:214)
	at org.apache.ratis.thirdparty.io.grpc.stub.ClientCalls.blockingUnaryCall(ClientCalls.java:139)
	at org.apache.ratis.proto.grpc.RaftServerProtocolServiceGrpc$RaftServerProtocolServiceBlockingStub.requestVote(RaftServerProtocolServiceGrpc.java:265)
	at org.apache.ratis.grpc.server.GrpcServerProtocolClient.requestVote(GrpcServerProtocolClient.java:99)
	at org.apache.ratis.grpc.server.GrpcService.requestVote(GrpcService.java:204)
	at org.apache.ratis.server.impl.LeaderElection.lambda$submitRequests$1(LeaderElection.java:234)
	at java.util.concurrent.FutureTask.run(FutureTask.java:266)
	at java.util.concurrent.Executors$RunnableAdapter.call(Executors.java:511)
	at java.util.concurrent.FutureTask.run(FutureTask.java:266)
	at java.util.concurrent.ThreadPoolExecutor.runWorker(ThreadPoolExecutor.java:1149)
	at java.util.concurrent.ThreadPoolExecutor$Worker.run(ThreadPoolExecutor.java:624)
	... 1 more
Caused by: org.apache.ratis.thirdparty.io.netty.channel.AbstractChannel$AnnotatedConnectException: Connection refused: /192.168.30.53:44756
	at sun.nio.ch.SocketChannelImpl.checkConnect(Native Method)
	at sun.nio.ch.SocketChannelImpl.finishConnect(SocketChannelImpl.java:717)
	at org.apache.ratis.thirdparty.io.netty.channel.socket.nio.NioSocketChannel.doFinishConnect(NioSocketChannel.java:327)
	at org.apache.ratis.thirdparty.io.netty.channel.nio.AbstractNioChannel$AbstractNioUnsafe.finishConnect(AbstractNioChannel.java:340)
	at org.apache.ratis.thirdparty.io.netty.channel.nio.NioEventLoop.processSelectedKey(NioEventLoop.java:632)
	at org.apache.ratis.thirdparty.io.netty.channel.nio.NioEventLoop.processSelectedKeysOptimized(NioEventLoop.java:579)
	at org.apache.ratis.thirdparty.io.netty.channel.nio.NioEventLoop.processSelectedKeys(NioEventLoop.java:496)
	at org.apache.ratis.thirdparty.io.netty.channel.nio.NioEventLoop.run(NioEventLoop.java:458)
	at org.apache.ratis.thirdparty.io.netty.util.concurrent.SingleThreadEventExecutor$5.run(SingleThreadEventExecutor.java:897)
	at org.apache.ratis.thirdparty.io.netty.util.concurrent.FastThreadLocalRunnable.run(FastThreadLocalRunnable.java:30)
	... 1 more
Caused by: java.net.ConnectException: Connection refused
	... 11 more
2019-10-08 18:32:08,679 [e8ec5d3e-1dbd-405f-80ef-24c1d8e43b17@group-8D8935EE44C6-LeaderElection73] INFO  impl.LeaderElection (LeaderElection.java:logAndReturn(56)) - e8ec5d3e-1dbd-405f-80ef-24c1d8e43b17@group-8D8935EE44C6-LeaderElection73: Election REJECTED; received 0 response(s) [] and 2 exception(s); e8ec5d3e-1dbd-405f-80ef-24c1d8e43b17@group-8D8935EE44C6:t3, leader=null, voted=e8ec5d3e-1dbd-405f-80ef-24c1d8e43b17, raftlog=e8ec5d3e-1dbd-405f-80ef-24c1d8e43b17@group-8D8935EE44C6-SegmentedRaftLog:OPENED:c16,f16,i16, conf=0: [fef8ea31-401e-44ed-a6e5-2623f2bd7b9f:192.168.30.53:36623, 6047fcf1-3fae-4aa9-b5cf-920d563ea801:192.168.30.53:44756, e8ec5d3e-1dbd-405f-80ef-24c1d8e43b17:192.168.30.53:33667], old=null
2019-10-08 18:32:08,679 [e8ec5d3e-1dbd-405f-80ef-24c1d8e43b17@group-8D8935EE44C6-LeaderElection73] INFO  impl.LeaderElection (LogUtils.java:infoOrTrace(149)) -   Exception 0: {}
java.util.concurrent.ExecutionException: org.apache.ratis.thirdparty.io.grpc.StatusRuntimeException: UNAVAILABLE: io exception
	at java.util.concurrent.FutureTask.report(FutureTask.java:122)
	at java.util.concurrent.FutureTask.get(FutureTask.java:192)
	at org.apache.ratis.server.impl.LeaderElection.waitForResults(LeaderElection.java:259)
	at org.apache.ratis.server.impl.LeaderElection.askForVotes(LeaderElection.java:197)
	at org.apache.ratis.server.impl.LeaderElection.run(LeaderElection.java:133)
	at java.lang.Thread.run(Thread.java:748)
Caused by: org.apache.ratis.thirdparty.io.grpc.StatusRuntimeException: UNAVAILABLE: io exception
	at org.apache.ratis.thirdparty.io.grpc.stub.ClientCalls.toStatusRuntimeException(ClientCalls.java:233)
	at org.apache.ratis.thirdparty.io.grpc.stub.ClientCalls.getUnchecked(ClientCalls.java:214)
	at org.apache.ratis.thirdparty.io.grpc.stub.ClientCalls.blockingUnaryCall(ClientCalls.java:139)
	at org.apache.ratis.proto.grpc.RaftServerProtocolServiceGrpc$RaftServerProtocolServiceBlockingStub.requestVote(RaftServerProtocolServiceGrpc.java:265)
	at org.apache.ratis.grpc.server.GrpcServerProtocolClient.requestVote(GrpcServerProtocolClient.java:99)
	at org.apache.ratis.grpc.server.GrpcService.requestVote(GrpcService.java:204)
	at org.apache.ratis.server.impl.LeaderElection.lambda$submitRequests$1(LeaderElection.java:234)
	at java.util.concurrent.FutureTask.run(FutureTask.java:266)
	at java.util.concurrent.Executors$RunnableAdapter.call(Executors.java:511)
	at java.util.concurrent.FutureTask.run(FutureTask.java:266)
	at java.util.concurrent.ThreadPoolExecutor.runWorker(ThreadPoolExecutor.java:1149)
	at java.util.concurrent.ThreadPoolExecutor$Worker.run(ThreadPoolExecutor.java:624)
	... 1 more
Caused by: org.apache.ratis.thirdparty.io.netty.channel.AbstractChannel$AnnotatedConnectException: Connection refused: /192.168.30.53:36623
	at sun.nio.ch.SocketChannelImpl.checkConnect(Native Method)
	at sun.nio.ch.SocketChannelImpl.finishConnect(SocketChannelImpl.java:717)
	at org.apache.ratis.thirdparty.io.netty.channel.socket.nio.NioSocketChannel.doFinishConnect(NioSocketChannel.java:327)
	at org.apache.ratis.thirdparty.io.netty.channel.nio.AbstractNioChannel$AbstractNioUnsafe.finishConnect(AbstractNioChannel.java:340)
	at org.apache.ratis.thirdparty.io.netty.channel.nio.NioEventLoop.processSelectedKey(NioEventLoop.java:632)
	at org.apache.ratis.thirdparty.io.netty.channel.nio.NioEventLoop.processSelectedKeysOptimized(NioEventLoop.java:579)
	at org.apache.ratis.thirdparty.io.netty.channel.nio.NioEventLoop.processSelectedKeys(NioEventLoop.java:496)
	at org.apache.ratis.thirdparty.io.netty.channel.nio.NioEventLoop.run(NioEventLoop.java:458)
	at org.apache.ratis.thirdparty.io.netty.util.concurrent.SingleThreadEventExecutor$5.run(SingleThreadEventExecutor.java:897)
	at org.apache.ratis.thirdparty.io.netty.util.concurrent.FastThreadLocalRunnable.run(FastThreadLocalRunnable.java:30)
	... 1 more
Caused by: java.net.ConnectException: Connection refused
	... 11 more
2019-10-08 18:32:08,679 [e8ec5d3e-1dbd-405f-80ef-24c1d8e43b17@group-8D8935EE44C6-LeaderElection73] INFO  impl.LeaderElection (LogUtils.java:infoOrTrace(149)) -   Exception 1: {}
java.util.concurrent.ExecutionException: org.apache.ratis.thirdparty.io.grpc.StatusRuntimeException: UNAVAILABLE: io exception
	at java.util.concurrent.FutureTask.report(FutureTask.java:122)
	at java.util.concurrent.FutureTask.get(FutureTask.java:192)
	at org.apache.ratis.server.impl.LeaderElection.waitForResults(LeaderElection.java:259)
	at org.apache.ratis.server.impl.LeaderElection.askForVotes(LeaderElection.java:197)
	at org.apache.ratis.server.impl.LeaderElection.run(LeaderElection.java:133)
	at java.lang.Thread.run(Thread.java:748)
Caused by: org.apache.ratis.thirdparty.io.grpc.StatusRuntimeException: UNAVAILABLE: io exception
	at org.apache.ratis.thirdparty.io.grpc.stub.ClientCalls.toStatusRuntimeException(ClientCalls.java:233)
	at org.apache.ratis.thirdparty.io.grpc.stub.ClientCalls.getUnchecked(ClientCalls.java:214)
	at org.apache.ratis.thirdparty.io.grpc.stub.ClientCalls.blockingUnaryCall(ClientCalls.java:139)
	at org.apache.ratis.proto.grpc.RaftServerProtocolServiceGrpc$RaftServerProtocolServiceBlockingStub.requestVote(RaftServerProtocolServiceGrpc.java:265)
	at org.apache.ratis.grpc.server.GrpcServerProtocolClient.requestVote(GrpcServerProtocolClient.java:99)
	at org.apache.ratis.grpc.server.GrpcService.requestVote(GrpcService.java:204)
	at org.apache.ratis.server.impl.LeaderElection.lambda$submitRequests$1(LeaderElection.java:234)
	at java.util.concurrent.FutureTask.run(FutureTask.java:266)
	at java.util.concurrent.Executors$RunnableAdapter.call(Executors.java:511)
	at java.util.concurrent.FutureTask.run(FutureTask.java:266)
	at java.util.concurrent.ThreadPoolExecutor.runWorker(ThreadPoolExecutor.java:1149)
	at java.util.concurrent.ThreadPoolExecutor$Worker.run(ThreadPoolExecutor.java:624)
	... 1 more
Caused by: org.apache.ratis.thirdparty.io.netty.channel.AbstractChannel$AnnotatedConnectException: Connection refused: /192.168.30.53:44756
	at sun.nio.ch.SocketChannelImpl.checkConnect(Native Method)
	at sun.nio.ch.SocketChannelImpl.finishConnect(SocketChannelImpl.java:717)
	at org.apache.ratis.thirdparty.io.netty.channel.socket.nio.NioSocketChannel.doFinishConnect(NioSocketChannel.java:327)
	at org.apache.ratis.thirdparty.io.netty.channel.nio.AbstractNioChannel$AbstractNioUnsafe.finishConnect(AbstractNioChannel.java:340)
	at org.apache.ratis.thirdparty.io.netty.channel.nio.NioEventLoop.processSelectedKey(NioEventLoop.java:632)
	at org.apache.ratis.thirdparty.io.netty.channel.nio.NioEventLoop.processSelectedKeysOptimized(NioEventLoop.java:579)
	at org.apache.ratis.thirdparty.io.netty.channel.nio.NioEventLoop.processSelectedKeys(NioEventLoop.java:496)
	at org.apache.ratis.thirdparty.io.netty.channel.nio.NioEventLoop.run(NioEventLoop.java:458)
	at org.apache.ratis.thirdparty.io.netty.util.concurrent.SingleThreadEventExecutor$5.run(SingleThreadEventExecutor.java:897)
	at org.apache.ratis.thirdparty.io.netty.util.concurrent.FastThreadLocalRunnable.run(FastThreadLocalRunnable.java:30)
	... 1 more
Caused by: java.net.ConnectException: Connection refused
	... 11 more
2019-10-08 18:32:08,679 [e8ec5d3e-1dbd-405f-80ef-24c1d8e43b17@group-8D8935EE44C6-LeaderElection73] INFO  impl.RaftServerImpl (RaftServerImpl.java:setRole(170)) - e8ec5d3e-1dbd-405f-80ef-24c1d8e43b17@group-8D8935EE44C6: changes role from CANDIDATE to FOLLOWER at term 3 for DISCOVERED_A_NEW_TERM
2019-10-08 18:32:08,679 [e8ec5d3e-1dbd-405f-80ef-24c1d8e43b17@group-8D8935EE44C6-LeaderElection73] INFO  impl.RoleInfo (RoleInfo.java:shutdownLeaderElection(134)) - e8ec5d3e-1dbd-405f-80ef-24c1d8e43b17: shutdown LeaderElection
2019-10-08 18:32:08,680 [e8ec5d3e-1dbd-405f-80ef-24c1d8e43b17@group-8D8935EE44C6-LeaderElection73] INFO  impl.RoleInfo (RoleInfo.java:updateAndGet(143)) - e8ec5d3e-1dbd-405f-80ef-24c1d8e43b17: start FollowerState
2019-10-08 18:32:08,997 [grpc-default-executor-5] WARN  server.GrpcLogAppender (LogUtils.java:warn(134)) - 36215749-b551-4309-8afb-92be44d31dcc@group-5268B700C371->24dbaaa5-bd22-4331-ada3-a030212e6dab-AppendLogResponseHandler: Failed appendEntries: org.apache.ratis.thirdparty.io.grpc.StatusRuntimeException: UNAVAILABLE: io exception
2019-10-08 18:32:09,001 [grpc-default-executor-5] INFO  impl.FollowerInfo (FollowerInfo.java:lambda$new$0(51)) - 36215749-b551-4309-8afb-92be44d31dcc@group-5268B700C371->24dbaaa5-bd22-4331-ada3-a030212e6dab: nextIndex: updateUnconditionally 18 -> 17
2019-10-08 18:32:09,002 [grpc-default-executor-5] WARN  server.GrpcLogAppender (LogUtils.java:warn(134)) - 36215749-b551-4309-8afb-92be44d31dcc@group-5268B700C371->d91d0ace-0381-48bb-882b-2a0860df1015-AppendLogResponseHandler: Failed appendEntries: org.apache.ratis.thirdparty.io.grpc.StatusRuntimeException: UNAVAILABLE: io exception
2019-10-08 18:32:09,002 [grpc-default-executor-5] INFO  impl.FollowerInfo (FollowerInfo.java:lambda$new$0(51)) - 36215749-b551-4309-8afb-92be44d31dcc@group-5268B700C371->d91d0ace-0381-48bb-882b-2a0860df1015: nextIndex: updateUnconditionally 0 -> 0
2019-10-08 18:32:09,278 [EventQueue-StaleNodeForStaleNodeHandler] INFO  node.StaleNodeHandler (StaleNodeHandler.java:onMessage(58)) - Datanode e8ec5d3e-1dbd-405f-80ef-24c1d8e43b17{ip: 192.168.30.53, host: pr-hdds-1984-jmsdc-1452173494, networkLocation: /default-rack, certSerialId: null} moved to stale state. Finalizing its pipelines [PipelineID=f3df37f7-a09c-497c-9b38-8d8935ee44c6, PipelineID=1cc1a9ab-57fc-4590-ba6a-9a4072e564c7]
2019-10-08 18:32:09,278 [EventQueue-StaleNodeForStaleNodeHandler] INFO  pipeline.SCMPipelineManager (SCMPipelineManager.java:finalizeAndDestroyPipeline(315)) - destroying pipeline:Pipeline[ Id: f3df37f7-a09c-497c-9b38-8d8935ee44c6, Nodes: 6047fcf1-3fae-4aa9-b5cf-920d563ea801{ip: 192.168.30.53, host: pr-hdds-1984-jmsdc-1452173494, networkLocation: /default-rack, certSerialId: null}e8ec5d3e-1dbd-405f-80ef-24c1d8e43b17{ip: 192.168.30.53, host: pr-hdds-1984-jmsdc-1452173494, networkLocation: /default-rack, certSerialId: null}fef8ea31-401e-44ed-a6e5-2623f2bd7b9f{ip: 192.168.30.53, host: pr-hdds-1984-jmsdc-1452173494, networkLocation: /default-rack, certSerialId: null}, Type:RATIS, Factor:THREE, State:CLOSED]
2019-10-08 18:32:09,279 [EventQueue-StaleNodeForStaleNodeHandler] INFO  pipeline.SCMPipelineManager (SCMPipelineManager.java:finalizeAndDestroyPipeline(315)) - destroying pipeline:Pipeline[ Id: 1cc1a9ab-57fc-4590-ba6a-9a4072e564c7, Nodes: e8ec5d3e-1dbd-405f-80ef-24c1d8e43b17{ip: 192.168.30.53, host: pr-hdds-1984-jmsdc-1452173494, networkLocation: /default-rack, certSerialId: null}, Type:RATIS, Factor:ONE, State:OPEN]
2019-10-08 18:32:09,279 [EventQueue-StaleNodeForStaleNodeHandler] INFO  pipeline.PipelineStateManager (PipelineStateManager.java:finalizePipeline(123)) - Pipeline Pipeline[ Id: 1cc1a9ab-57fc-4590-ba6a-9a4072e564c7, Nodes: e8ec5d3e-1dbd-405f-80ef-24c1d8e43b17{ip: 192.168.30.53, host: pr-hdds-1984-jmsdc-1452173494, networkLocation: /default-rack, certSerialId: null}, Type:RATIS, Factor:ONE, State:CLOSED] moved to CLOSED state
2019-10-08 18:32:09,670 [ForkJoinPool.commonPool-worker-0] INFO  ozoneimpl.OzoneContainer (OzoneContainer.java:stop(227)) - Attempting to stop container services.
2019-10-08 18:32:09,670 [main] INFO  ozoneimpl.OzoneContainer (OzoneContainer.java:stop(227)) - Attempting to stop container services.
2019-10-08 18:32:09,673 [ForkJoinPool.commonPool-worker-0] INFO  impl.RaftServerProxy (RaftServerProxy.java:lambda$close$4(314)) - e8ec5d3e-1dbd-405f-80ef-24c1d8e43b17: close
2019-10-08 18:32:09,674 [main] INFO  impl.RaftServerProxy (RaftServerProxy.java:lambda$close$4(314)) - 36215749-b551-4309-8afb-92be44d31dcc: close
2019-10-08 18:32:09,674 [ForkJoinPool.commonPool-worker-0] INFO  impl.RaftServerImpl (RaftServerImpl.java:lambda$shutdown$3(247)) - e8ec5d3e-1dbd-405f-80ef-24c1d8e43b17@group-8D8935EE44C6: shutdown
2019-10-08 18:32:09,674 [main] INFO  impl.RaftServerImpl (RaftServerImpl.java:lambda$shutdown$3(247)) - 36215749-b551-4309-8afb-92be44d31dcc@group-3A085EFD3D40: shutdown
2019-10-08 18:32:09,675 [ForkJoinPool.commonPool-worker-0] INFO  util.JmxRegister (JmxRegister.java:unregister(73)) - Successfully un-registered JMX Bean with object name Ratis:service=RaftServer,group=group-8D8935EE44C6,id=e8ec5d3e-1dbd-405f-80ef-24c1d8e43b17
2019-10-08 18:32:09,675 [main] INFO  util.JmxRegister (JmxRegister.java:unregister(73)) - Successfully un-registered JMX Bean with object name Ratis:service=RaftServer,group=group-3A085EFD3D40,id=36215749-b551-4309-8afb-92be44d31dcc
2019-10-08 18:32:09,675 [ForkJoinPool.commonPool-worker-0] INFO  impl.RoleInfo (RoleInfo.java:shutdownFollowerState(121)) - e8ec5d3e-1dbd-405f-80ef-24c1d8e43b17: shutdown FollowerState
2019-10-08 18:32:09,676 [main] INFO  impl.RoleInfo (RoleInfo.java:shutdownLeaderState(104)) - 36215749-b551-4309-8afb-92be44d31dcc: shutdown LeaderState
2019-10-08 18:32:09,676 [e8ec5d3e-1dbd-405f-80ef-24c1d8e43b17@group-8D8935EE44C6-StateMachineUpdater] INFO  ratis.ContainerStateMachine (ContainerStateMachine.java:takeSnapshot(294)) - group-8D8935EE44C6: Taking a snapshot at:(t:2, i:14) file /workdir/hadoop-ozone/integration-test/target/test-dir/MiniOzoneClusterImpl-a711281c-616f-488d-a7dc-db87a594177d/datanode-0/data/ratis/f3df37f7-a09c-497c-9b38-8d8935ee44c6/sm/snapshot.2_14
2019-10-08 18:32:09,676 [Thread-3227] INFO  impl.FollowerState (FollowerState.java:run(117)) - e8ec5d3e-1dbd-405f-80ef-24c1d8e43b17@group-8D8935EE44C6-FollowerState was interrupted: java.lang.InterruptedException: sleep interrupted
2019-10-08 18:32:09,676 [ForkJoinPool.commonPool-worker-0] INFO  impl.StateMachineUpdater (StateMachineUpdater.java:stopAndJoin(136)) - e8ec5d3e-1dbd-405f-80ef-24c1d8e43b17@group-8D8935EE44C6-StateMachineUpdater: set stopIndex = 16
2019-10-08 18:32:09,676 [main] INFO  impl.PendingRequests (PendingRequests.java:sendNotLeaderResponses(202)) - 36215749-b551-4309-8afb-92be44d31dcc@group-3A085EFD3D40-PendingRequests: sendNotLeaderResponses
2019-10-08 18:32:09,678 [EventQueue-StaleNodeForStaleNodeHandler] INFO  node.StaleNodeHandler (StaleNodeHandler.java:onMessage(58)) - Datanode 36215749-b551-4309-8afb-92be44d31dcc{ip: 192.168.30.53, host: pr-hdds-1984-jmsdc-1452173494, networkLocation: /default-rack, certSerialId: null} moved to stale state. Finalizing its pipelines [PipelineID=e2dbfe5c-9771-49dd-bd30-3a085efd3d40, PipelineID=40c702cc-e3c1-4e4e-9562-5268b700c371]
2019-10-08 18:32:09,679 [EventQueue-StaleNodeForStaleNodeHandler] INFO  pipeline.SCMPipelineManager (SCMPipelineManager.java:finalizeAndDestroyPipeline(315)) - destroying pipeline:Pipeline[ Id: e2dbfe5c-9771-49dd-bd30-3a085efd3d40, Nodes: 36215749-b551-4309-8afb-92be44d31dcc{ip: 192.168.30.53, host: pr-hdds-1984-jmsdc-1452173494, networkLocation: /default-rack, certSerialId: null}, Type:RATIS, Factor:ONE, State:OPEN]
2019-10-08 18:32:09,679 [EventQueue-StaleNodeForStaleNodeHandler] INFO  pipeline.PipelineStateManager (PipelineStateManager.java:finalizePipeline(123)) - Pipeline Pipeline[ Id: e2dbfe5c-9771-49dd-bd30-3a085efd3d40, Nodes: 36215749-b551-4309-8afb-92be44d31dcc{ip: 192.168.30.53, host: pr-hdds-1984-jmsdc-1452173494, networkLocation: /default-rack, certSerialId: null}, Type:RATIS, Factor:ONE, State:CLOSED] moved to CLOSED state
2019-10-08 18:32:09,679 [main] INFO  impl.StateMachineUpdater (StateMachineUpdater.java:stopAndJoin(136)) - 36215749-b551-4309-8afb-92be44d31dcc@group-3A085EFD3D40-StateMachineUpdater: set stopIndex = 0
2019-10-08 18:32:09,679 [EventQueue-StaleNodeForStaleNodeHandler] INFO  pipeline.SCMPipelineManager (SCMPipelineManager.java:finalizeAndDestroyPipeline(315)) - destroying pipeline:Pipeline[ Id: 40c702cc-e3c1-4e4e-9562-5268b700c371, Nodes: d91d0ace-0381-48bb-882b-2a0860df1015{ip: 192.168.30.53, host: pr-hdds-1984-jmsdc-1452173494, networkLocation: /default-rack, certSerialId: null}36215749-b551-4309-8afb-92be44d31dcc{ip: 192.168.30.53, host: pr-hdds-1984-jmsdc-1452173494, networkLocation: /default-rack, certSerialId: null}24dbaaa5-bd22-4331-ada3-a030212e6dab{ip: 192.168.30.53, host: pr-hdds-1984-jmsdc-1452173494, networkLocation: /default-rack, certSerialId: null}, Type:RATIS, Factor:THREE, State:CLOSED]
2019-10-08 18:32:09,680 [main] INFO  impl.RaftServerImpl (ServerState.java:close(387)) - 36215749-b551-4309-8afb-92be44d31dcc@group-3A085EFD3D40: closes. applyIndex: 0
2019-10-08 18:32:09,681 [36215749-b551-4309-8afb-92be44d31dcc@group-3A085EFD3D40-SegmentedRaftLogWorker] INFO  segmented.SegmentedRaftLogWorker (SegmentedRaftLogWorker.java:run(316)) - 36215749-b551-4309-8afb-92be44d31dcc@group-3A085EFD3D40-SegmentedRaftLogWorker was interrupted, exiting. There are 0 tasks remaining in the queue.
2019-10-08 18:32:09,684 [main] INFO  segmented.SegmentedRaftLogWorker (SegmentedRaftLogWorker.java:close(224)) - 36215749-b551-4309-8afb-92be44d31dcc@group-3A085EFD3D40-SegmentedRaftLogWorker close()
2019-10-08 18:32:09,688 [main] INFO  impl.RaftServerImpl (RaftServerImpl.java:lambda$shutdown$3(247)) - 36215749-b551-4309-8afb-92be44d31dcc@group-5268B700C371: shutdown
2019-10-08 18:32:09,688 [main] INFO  util.JmxRegister (JmxRegister.java:unregister(73)) - Successfully un-registered JMX Bean with object name Ratis:service=RaftServer,group=group-5268B700C371,id=36215749-b551-4309-8afb-92be44d31dcc
2019-10-08 18:32:09,689 [main] INFO  impl.RoleInfo (RoleInfo.java:shutdownLeaderState(104)) - 36215749-b551-4309-8afb-92be44d31dcc: shutdown LeaderState
2019-10-08 18:32:09,693 [main] INFO  impl.PendingRequests (PendingRequests.java:sendNotLeaderResponses(202)) - 36215749-b551-4309-8afb-92be44d31dcc@group-5268B700C371-PendingRequests: sendNotLeaderResponses
2019-10-08 18:32:09,693 [e8ec5d3e-1dbd-405f-80ef-24c1d8e43b17@group-8D8935EE44C6-StateMachineUpdater] INFO  ratis.ContainerStateMachine (ContainerStateMachine.java:takeSnapshot(305)) - group-8D8935EE44C6: Finished taking a snapshot at:(t:2, i:14) file:/workdir/hadoop-ozone/integration-test/target/test-dir/MiniOzoneClusterImpl-a711281c-616f-488d-a7dc-db87a594177d/datanode-0/data/ratis/f3df37f7-a09c-497c-9b38-8d8935ee44c6/sm/snapshot.2_14 time:17
2019-10-08 18:32:09,693 [org.apache.ratis.server.impl.LogAppender$AppenderDaemon$$Lambda$517/320324715@5d98f883] WARN  server.GrpcLogAppender (GrpcLogAppender.java:mayWait(143)) - 36215749-b551-4309-8afb-92be44d31dcc@group-5268B700C371->24dbaaa5-bd22-4331-ada3-a030212e6dab-GrpcLogAppender: Wait interrupted by java.lang.InterruptedException
2019-10-08 18:32:09,693 [org.apache.ratis.server.impl.LogAppender$AppenderDaemon$$Lambda$517/320324715@129e0c29] WARN  server.GrpcLogAppender (GrpcLogAppender.java:mayWait(143)) - 36215749-b551-4309-8afb-92be44d31dcc@group-5268B700C371->d91d0ace-0381-48bb-882b-2a0860df1015-GrpcLogAppender: Wait interrupted by java.lang.InterruptedException
2019-10-08 18:32:09,694 [e8ec5d3e-1dbd-405f-80ef-24c1d8e43b17@group-8D8935EE44C6-StateMachineUpdater] INFO  impl.StateMachineUpdater (StateMachineUpdater.java:takeSnapshot(269)) - e8ec5d3e-1dbd-405f-80ef-24c1d8e43b17@group-8D8935EE44C6-StateMachineUpdater: Took a snapshot at index 14
2019-10-08 18:32:09,694 [e8ec5d3e-1dbd-405f-80ef-24c1d8e43b17@group-8D8935EE44C6-StateMachineUpdater] INFO  impl.StateMachineUpdater (StateMachineUpdater.java:lambda$new$0(84)) - e8ec5d3e-1dbd-405f-80ef-24c1d8e43b17@group-8D8935EE44C6-StateMachineUpdater: snapshotIndex: updateIncreasingly -1 -> 14
2019-10-08 18:32:09,694 [main] INFO  impl.StateMachineUpdater (StateMachineUpdater.java:stopAndJoin(136)) - 36215749-b551-4309-8afb-92be44d31dcc@group-5268B700C371-StateMachineUpdater: set stopIndex = 19
2019-10-08 18:32:09,695 [e8ec5d3e-1dbd-405f-80ef-24c1d8e43b17@group-8D8935EE44C6-StateMachineUpdater] INFO  ratis.ContainerStateMachine (ContainerStateMachine.java:takeSnapshot(294)) - group-8D8935EE44C6: Taking a snapshot at:(t:2, i:14) file /workdir/hadoop-ozone/integration-test/target/test-dir/MiniOzoneClusterImpl-a711281c-616f-488d-a7dc-db87a594177d/datanode-0/data/ratis/f3df37f7-a09c-497c-9b38-8d8935ee44c6/sm/snapshot.2_14
2019-10-08 18:32:09,694 [36215749-b551-4309-8afb-92be44d31dcc@group-5268B700C371-StateMachineUpdater] INFO  ratis.ContainerStateMachine (ContainerStateMachine.java:takeSnapshot(294)) - group-5268B700C371: Taking a snapshot at:(t:4, i:15) file /workdir/hadoop-ozone/integration-test/target/test-dir/MiniOzoneClusterImpl-a711281c-616f-488d-a7dc-db87a594177d/datanode-5/data/ratis/40c702cc-e3c1-4e4e-9562-5268b700c371/sm/snapshot.4_15
2019-10-08 18:32:09,705 [e8ec5d3e-1dbd-405f-80ef-24c1d8e43b17@group-8D8935EE44C6-StateMachineUpdater] INFO  ratis.ContainerStateMachine (ContainerStateMachine.java:takeSnapshot(305)) - group-8D8935EE44C6: Finished taking a snapshot at:(t:2, i:14) file:/workdir/hadoop-ozone/integration-test/target/test-dir/MiniOzoneClusterImpl-a711281c-616f-488d-a7dc-db87a594177d/datanode-0/data/ratis/f3df37f7-a09c-497c-9b38-8d8935ee44c6/sm/snapshot.2_14 time:10
2019-10-08 18:32:09,705 [36215749-b551-4309-8afb-92be44d31dcc@group-5268B700C371-StateMachineUpdater] INFO  ratis.ContainerStateMachine (ContainerStateMachine.java:takeSnapshot(305)) - group-5268B700C371: Finished taking a snapshot at:(t:4, i:15) file:/workdir/hadoop-ozone/integration-test/target/test-dir/MiniOzoneClusterImpl-a711281c-616f-488d-a7dc-db87a594177d/datanode-5/data/ratis/40c702cc-e3c1-4e4e-9562-5268b700c371/sm/snapshot.4_15 time:11
2019-10-08 18:32:09,705 [e8ec5d3e-1dbd-405f-80ef-24c1d8e43b17@group-8D8935EE44C6-StateMachineUpdater] INFO  impl.StateMachineUpdater (StateMachineUpdater.java:takeSnapshot(269)) - e8ec5d3e-1dbd-405f-80ef-24c1d8e43b17@group-8D8935EE44C6-StateMachineUpdater: Took a snapshot at index 14
2019-10-08 18:32:09,705 [36215749-b551-4309-8afb-92be44d31dcc@group-5268B700C371-StateMachineUpdater] INFO  impl.StateMachineUpdater (StateMachineUpdater.java:takeSnapshot(269)) - 36215749-b551-4309-8afb-92be44d31dcc@group-5268B700C371-StateMachineUpdater: Took a snapshot at index 15
2019-10-08 18:32:09,705 [e8ec5d3e-1dbd-405f-80ef-24c1d8e43b17@group-8D8935EE44C6-StateMachineUpdater] INFO  impl.StateMachineUpdater (StateMachineUpdater.java:lambda$new$0(84)) - e8ec5d3e-1dbd-405f-80ef-24c1d8e43b17@group-8D8935EE44C6-StateMachineUpdater: snapshotIndex: updateIncreasingly 14 -> 14
2019-10-08 18:32:09,705 [36215749-b551-4309-8afb-92be44d31dcc@group-5268B700C371-StateMachineUpdater] INFO  impl.StateMachineUpdater (StateMachineUpdater.java:lambda$new$0(84)) - 36215749-b551-4309-8afb-92be44d31dcc@group-5268B700C371-StateMachineUpdater: snapshotIndex: updateIncreasingly -1 -> 15
2019-10-08 18:32:09,706 [36215749-b551-4309-8afb-92be44d31dcc@group-5268B700C371-StateMachineUpdater] INFO  ratis.ContainerStateMachine (ContainerStateMachine.java:takeSnapshot(294)) - group-5268B700C371: Taking a snapshot at:(t:4, i:15) file /workdir/hadoop-ozone/integration-test/target/test-dir/MiniOzoneClusterImpl-a711281c-616f-488d-a7dc-db87a594177d/datanode-5/data/ratis/40c702cc-e3c1-4e4e-9562-5268b700c371/sm/snapshot.4_15
2019-10-08 18:32:09,706 [ForkJoinPool.commonPool-worker-0] INFO  impl.RaftServerImpl (ServerState.java:close(387)) - e8ec5d3e-1dbd-405f-80ef-24c1d8e43b17@group-8D8935EE44C6: closes. applyIndex: 16
2019-10-08 18:32:09,706 [e8ec5d3e-1dbd-405f-80ef-24c1d8e43b17@group-8D8935EE44C6-SegmentedRaftLogWorker] INFO  segmented.SegmentedRaftLogWorker (SegmentedRaftLogWorker.java:run(316)) - e8ec5d3e-1dbd-405f-80ef-24c1d8e43b17@group-8D8935EE44C6-SegmentedRaftLogWorker was interrupted, exiting. There are 0 tasks remaining in the queue.
2019-10-08 18:32:09,714 [ForkJoinPool.commonPool-worker-0] INFO  segmented.SegmentedRaftLogWorker (SegmentedRaftLogWorker.java:close(224)) - e8ec5d3e-1dbd-405f-80ef-24c1d8e43b17@group-8D8935EE44C6-SegmentedRaftLogWorker close()
2019-10-08 18:32:09,715 [36215749-b551-4309-8afb-92be44d31dcc@group-5268B700C371-StateMachineUpdater] INFO  ratis.ContainerStateMachine (ContainerStateMachine.java:takeSnapshot(305)) - group-5268B700C371: Finished taking a snapshot at:(t:4, i:15) file:/workdir/hadoop-ozone/integration-test/target/test-dir/MiniOzoneClusterImpl-a711281c-616f-488d-a7dc-db87a594177d/datanode-5/data/ratis/40c702cc-e3c1-4e4e-9562-5268b700c371/sm/snapshot.4_15 time:9
2019-10-08 18:32:09,715 [ForkJoinPool.commonPool-worker-0] INFO  impl.RaftServerImpl (RaftServerImpl.java:lambda$shutdown$3(247)) - e8ec5d3e-1dbd-405f-80ef-24c1d8e43b17@group-9A4072E564C7: shutdown
2019-10-08 18:32:09,716 [36215749-b551-4309-8afb-92be44d31dcc@group-5268B700C371-StateMachineUpdater] INFO  impl.StateMachineUpdater (StateMachineUpdater.java:takeSnapshot(269)) - 36215749-b551-4309-8afb-92be44d31dcc@group-5268B700C371-StateMachineUpdater: Took a snapshot at index 15
2019-10-08 18:32:09,716 [ForkJoinPool.commonPool-worker-0] INFO  util.JmxRegister (JmxRegister.java:unregister(73)) - Successfully un-registered JMX Bean with object name Ratis:service=RaftServer,group=group-9A4072E564C7,id=e8ec5d3e-1dbd-405f-80ef-24c1d8e43b17
2019-10-08 18:32:09,716 [36215749-b551-4309-8afb-92be44d31dcc@group-5268B700C371-StateMachineUpdater] INFO  impl.StateMachineUpdater (StateMachineUpdater.java:lambda$new$0(84)) - 36215749-b551-4309-8afb-92be44d31dcc@group-5268B700C371-StateMachineUpdater: snapshotIndex: updateIncreasingly 15 -> 15
2019-10-08 18:32:09,716 [ForkJoinPool.commonPool-worker-0] INFO  impl.RoleInfo (RoleInfo.java:shutdownLeaderState(104)) - e8ec5d3e-1dbd-405f-80ef-24c1d8e43b17: shutdown LeaderState
2019-10-08 18:32:09,716 [main] INFO  impl.RaftServerImpl (ServerState.java:close(387)) - 36215749-b551-4309-8afb-92be44d31dcc@group-5268B700C371: closes. applyIndex: 19
2019-10-08 18:32:09,716 [ForkJoinPool.commonPool-worker-0] INFO  impl.PendingRequests (PendingRequests.java:sendNotLeaderResponses(202)) - e8ec5d3e-1dbd-405f-80ef-24c1d8e43b17@group-9A4072E564C7-PendingRequests: sendNotLeaderResponses
2019-10-08 18:32:09,717 [36215749-b551-4309-8afb-92be44d31dcc@group-5268B700C371-SegmentedRaftLogWorker] INFO  segmented.SegmentedRaftLogWorker (SegmentedRaftLogWorker.java:run(316)) - 36215749-b551-4309-8afb-92be44d31dcc@group-5268B700C371-SegmentedRaftLogWorker was interrupted, exiting. There are 0 tasks remaining in the queue.
2019-10-08 18:32:09,717 [ForkJoinPool.commonPool-worker-0] INFO  impl.StateMachineUpdater (StateMachineUpdater.java:stopAndJoin(136)) - e8ec5d3e-1dbd-405f-80ef-24c1d8e43b17@group-9A4072E564C7-StateMachineUpdater: set stopIndex = 0
2019-10-08 18:32:09,717 [main] INFO  segmented.SegmentedRaftLogWorker (SegmentedRaftLogWorker.java:close(224)) - 36215749-b551-4309-8afb-92be44d31dcc@group-5268B700C371-SegmentedRaftLogWorker close()
2019-10-08 18:32:09,717 [ForkJoinPool.commonPool-worker-0] INFO  impl.RaftServerImpl (ServerState.java:close(387)) - e8ec5d3e-1dbd-405f-80ef-24c1d8e43b17@group-9A4072E564C7: closes. applyIndex: 0
2019-10-08 18:32:09,719 [main] INFO  server.GrpcService (GrpcService.java:closeImpl(164)) - 36215749-b551-4309-8afb-92be44d31dcc: shutdown server with port 44386 now
2019-10-08 18:32:09,719 [e8ec5d3e-1dbd-405f-80ef-24c1d8e43b17@group-9A4072E564C7-SegmentedRaftLogWorker] INFO  segmented.SegmentedRaftLogWorker (SegmentedRaftLogWorker.java:run(316)) - e8ec5d3e-1dbd-405f-80ef-24c1d8e43b17@group-9A4072E564C7-SegmentedRaftLogWorker was interrupted, exiting. There are 0 tasks remaining in the queue.
2019-10-08 18:32:09,719 [ForkJoinPool.commonPool-worker-0] INFO  segmented.SegmentedRaftLogWorker (SegmentedRaftLogWorker.java:close(224)) - e8ec5d3e-1dbd-405f-80ef-24c1d8e43b17@group-9A4072E564C7-SegmentedRaftLogWorker close()
2019-10-08 18:32:09,720 [ForkJoinPool.commonPool-worker-0] INFO  server.GrpcService (GrpcService.java:closeImpl(164)) - e8ec5d3e-1dbd-405f-80ef-24c1d8e43b17: shutdown server with port 33667 now
2019-10-08 18:32:09,720 [main] INFO  server.GrpcService (GrpcService.java:closeImpl(172)) - 36215749-b551-4309-8afb-92be44d31dcc: shutdown server with port 44386 successfully
2019-10-08 18:32:09,721 [ForkJoinPool.commonPool-worker-0] INFO  server.GrpcService (GrpcService.java:closeImpl(172)) - e8ec5d3e-1dbd-405f-80ef-24c1d8e43b17: shutdown server with port 33667 successfully
2019-10-08 18:32:09,723 [refreshUsed-/workdir/hadoop-ozone/integration-test/target/test-dir/MiniOzoneClusterImpl-a711281c-616f-488d-a7dc-db87a594177d/datanode-5/data/containers] WARN  fs.CachingGetSpaceUsed (CachingGetSpaceUsed.java:run(183)) - Thread Interrupted waiting to refresh disk information: sleep interrupted
2019-10-08 18:32:09,726 [refreshUsed-/workdir/hadoop-ozone/integration-test/target/test-dir/MiniOzoneClusterImpl-a711281c-616f-488d-a7dc-db87a594177d/datanode-0/data/containers] WARN  fs.CachingGetSpaceUsed (CachingGetSpaceUsed.java:run(183)) - Thread Interrupted waiting to refresh disk information: sleep interrupted
2019-10-08 18:32:09,748 [main] INFO  utils.BackgroundService (BackgroundService.java:shutdown(148)) - Shutting down service BlockDeletingService
2019-10-08 18:32:09,752 [main] INFO  statemachine.DatanodeStateMachine (DatanodeStateMachine.java:stopDaemon(395)) - Ozone container server stopped.
2019-10-08 18:32:09,754 [main] INFO  handler.ContextHandler (ContextHandler.java:doStop(910)) - Stopped o.e.j.w.WebAppContext@101330ad{/,null,UNAVAILABLE}{/hddsDatanode}
2019-10-08 18:32:09,755 [main] INFO  server.AbstractConnector (AbstractConnector.java:doStop(318)) - Stopped ServerConnector@625487a6{HTTP/1.1,[http/1.1]}{0.0.0.0:0}
2019-10-08 18:32:09,755 [main] INFO  handler.ContextHandler (ContextHandler.java:doStop(910)) - Stopped o.e.j.s.ServletContextHandler@6b2aafbc{/static,jar:file:/home/user/.m2/repository/org/apache/hadoop/hadoop-hdds-container-service/0.5.0-SNAPSHOT/hadoop-hdds-container-service-0.5.0-SNAPSHOT.jar!/webapps/static,UNAVAILABLE}
2019-10-08 18:32:09,756 [main] INFO  handler.ContextHandler (ContextHandler.java:doStop(910)) - Stopped o.e.j.s.ServletContextHandler@62cf6a84{/logs,file:///workdir/hadoop-ozone/integration-test/target/log,UNAVAILABLE}
2019-10-08 18:32:09,758 [ForkJoinPool.commonPool-worker-0] INFO  utils.BackgroundService (BackgroundService.java:shutdown(148)) - Shutting down service BlockDeletingService
2019-10-08 18:32:09,761 [ForkJoinPool.commonPool-worker-0] INFO  statemachine.DatanodeStateMachine (DatanodeStateMachine.java:stopDaemon(395)) - Ozone container server stopped.
2019-10-08 18:32:09,765 [ForkJoinPool.commonPool-worker-0] INFO  handler.ContextHandler (ContextHandler.java:doStop(910)) - Stopped o.e.j.w.WebAppContext@37775bb1{/,null,UNAVAILABLE}{/hddsDatanode}
2019-10-08 18:32:09,765 [ForkJoinPool.commonPool-worker-0] INFO  server.AbstractConnector (AbstractConnector.java:doStop(318)) - Stopped ServerConnector@7b9e25bd{HTTP/1.1,[http/1.1]}{0.0.0.0:0}
2019-10-08 18:32:09,768 [ForkJoinPool.commonPool-worker-0] INFO  handler.ContextHandler (ContextHandler.java:doStop(910)) - Stopped o.e.j.s.ServletContextHandler@37d3e140{/static,jar:file:/home/user/.m2/repository/org/apache/hadoop/hadoop-hdds-container-service/0.5.0-SNAPSHOT/hadoop-hdds-container-service-0.5.0-SNAPSHOT.jar!/webapps/static,UNAVAILABLE}
2019-10-08 18:32:09,769 [ForkJoinPool.commonPool-worker-0] INFO  handler.ContextHandler (ContextHandler.java:doStop(910)) - Stopped o.e.j.s.ServletContextHandler@584ca390{/logs,file:///workdir/hadoop-ozone/integration-test/target/log,UNAVAILABLE}
2019-10-08 18:32:09,770 [main] INFO  ozone.MiniOzoneClusterImpl (MiniOzoneClusterImpl.java:stopSCM(392)) - Stopping the StorageContainerManager
2019-10-08 18:32:09,770 [main] INFO  server.StorageContainerManager (StorageContainerManager.java:stop(808)) - Stopping Replication Manager Service.
2019-10-08 18:32:09,770 [main] INFO  container.ReplicationManager (ReplicationManager.java:stop(203)) - Stopping Replication Monitor Thread.
2019-10-08 18:32:09,770 [main] INFO  server.StorageContainerManager (StorageContainerManager.java:stop(815)) - Stopping Lease Manager of the command watchers
2019-10-08 18:32:09,770 [main] INFO  server.StorageContainerManager (StorageContainerManager.java:stop(822)) - Stopping datanode service RPC server
2019-10-08 18:32:09,771 [main] INFO  server.SCMDatanodeProtocolServer (SCMDatanodeProtocolServer.java:stop(346)) - Stopping the RPC server for DataNodes
2019-10-08 18:32:09,771 [main] INFO  ipc.Server (Server.java:stop(3082)) - Stopping server on 32818
2019-10-08 18:32:09,773 [IPC Server listener on 32818] INFO  ipc.Server (Server.java:run(1185)) - Stopping IPC Server listener on 32818
2019-10-08 18:32:09,773 [IPC Server Responder] INFO  ipc.Server (Server.java:run(1319)) - Stopping IPC Server Responder
2019-10-08 18:32:09,778 [SCM Heartbeat Processing Thread - 0] WARN  node.NodeStateManager (NodeStateManager.java:scheduleNextHealthCheck(646)) - Current Thread is interrupted, shutting down HB processing thread for Node Manager.
2019-10-08 18:32:09,779 [main] INFO  server.StorageContainerManager (StorageContainerManager.java:stop(830)) - Stopping block service RPC server
2019-10-08 18:32:09,779 [main] INFO  server.SCMBlockProtocolServer (SCMBlockProtocolServer.java:stop(155)) - Stopping the RPC server for Block Protocol
2019-10-08 18:32:09,779 [main] INFO  ipc.Server (Server.java:stop(3082)) - Stopping server on 35560
2019-10-08 18:32:09,781 [main] INFO  server.StorageContainerManager (StorageContainerManager.java:stop(837)) - Stopping the StorageContainerLocationProtocol RPC server
2019-10-08 18:32:09,782 [IPC Server Responder] INFO  ipc.Server (Server.java:run(1319)) - Stopping IPC Server Responder
2019-10-08 18:32:09,782 [IPC Server listener on 35560] INFO  ipc.Server (Server.java:run(1185)) - Stopping IPC Server listener on 35560
2019-10-08 18:32:09,782 [main] INFO  server.SCMClientProtocolServer (SCMClientProtocolServer.java:stop(168)) - Stopping the RPC server for Client Protocol
2019-10-08 18:32:09,783 [main] INFO  ipc.Server (Server.java:stop(3082)) - Stopping server on 35091
2019-10-08 18:32:09,785 [IPC Server listener on 35091] INFO  ipc.Server (Server.java:run(1185)) - Stopping IPC Server listener on 35091
2019-10-08 18:32:09,785 [main] INFO  server.StorageContainerManager (StorageContainerManager.java:stop(844)) - Stopping Storage Container Manager HTTP server.
2019-10-08 18:32:09,785 [IPC Server Responder] INFO  ipc.Server (Server.java:run(1319)) - Stopping IPC Server Responder
2019-10-08 18:32:09,788 [main] INFO  handler.ContextHandler (ContextHandler.java:doStop(910)) - Stopped o.e.j.w.WebAppContext@6b4a4e40{/,null,UNAVAILABLE}{/scm}
2019-10-08 18:32:09,788 [main] INFO  server.AbstractConnector (AbstractConnector.java:doStop(318)) - Stopped ServerConnector@46a8c2b4{HTTP/1.1,[http/1.1]}{0.0.0.0:0}
2019-10-08 18:32:09,788 [main] INFO  handler.ContextHandler (ContextHandler.java:doStop(910)) - Stopped o.e.j.s.ServletContextHandler@599f1b7{/static,file:///workdir/hadoop-ozone/integration-test/target/test-classes/webapps/static,UNAVAILABLE}
2019-10-08 18:32:09,789 [main] INFO  handler.ContextHandler (ContextHandler.java:doStop(910)) - Stopped o.e.j.s.ServletContextHandler@2801827a{/logs,file:///workdir/hadoop-ozone/integration-test/target/log,UNAVAILABLE}
2019-10-08 18:32:09,790 [main] INFO  server.StorageContainerManager (StorageContainerManager.java:stop(855)) - Stopping Block Manager Service.
2019-10-08 18:32:09,790 [main] INFO  utils.BackgroundService (BackgroundService.java:shutdown(148)) - Shutting down service SCMBlockDeletingService
2019-10-08 18:32:09,790 [main] INFO  utils.BackgroundService (BackgroundService.java:shutdown(148)) - Shutting down service SCMBlockDeletingService
2019-10-08 18:32:09,791 [main] INFO  server.StorageContainerManager (StorageContainerManager.java:stop(877)) - Stopping SCM Event Queue.
2019-10-08 18:32:09,796 [main] INFO  impl.MetricsSystemImpl (MetricsSystemImpl.java:stop(210)) - Stopping HddsDatanode metrics system...
2019-10-08 18:32:09,828 [main] INFO  impl.MetricsSystemImpl (MetricsSystemImpl.java:stop(216)) - HddsDatanode metrics system stopped.
]]></system-out>
    <system-err><![CDATA[Oct 08, 2019 6:32:04 PM org.apache.ratis.thirdparty.io.grpc.internal.SerializingExecutor run
SEVERE: Exception while executing runnable org.apache.ratis.thirdparty.io.grpc.internal.ServerImpl$JumpToApplicationThreadServerStreamListener$1Closed@495bb723
org.apache.ratis.thirdparty.io.grpc.StatusRuntimeException: CANCELLED: call already cancelled
	at org.apache.ratis.thirdparty.io.grpc.Status.asRuntimeException(Status.java:517)
	at org.apache.ratis.thirdparty.io.grpc.stub.ServerCalls$ServerCallStreamObserverImpl.onCompleted(ServerCalls.java:356)
	at org.apache.ratis.grpc.server.GrpcServerProtocolService$ServerRequestStreamObserver.onError(GrpcServerProtocolService.java:121)
	at org.apache.ratis.thirdparty.io.grpc.stub.ServerCalls$StreamingServerCallHandler$StreamingServerCallListener.onCancel(ServerCalls.java:269)
	at org.apache.ratis.thirdparty.io.grpc.internal.ServerCallImpl$ServerStreamListenerImpl.closed(ServerCallImpl.java:293)
	at org.apache.ratis.thirdparty.io.grpc.internal.ServerImpl$JumpToApplicationThreadServerStreamListener$1Closed.runInContext(ServerImpl.java:741)
	at org.apache.ratis.thirdparty.io.grpc.internal.ContextRunnable.run(ContextRunnable.java:37)
	at org.apache.ratis.thirdparty.io.grpc.internal.SerializingExecutor.run(SerializingExecutor.java:123)
	at java.util.concurrent.ThreadPoolExecutor.runWorker(ThreadPoolExecutor.java:1149)
	at java.util.concurrent.ThreadPoolExecutor$Worker.run(ThreadPoolExecutor.java:624)
	at java.lang.Thread.run(Thread.java:748)

]]></system-err>
  </testcase>
  <testcase name="testFailureWithPrimeSizedData" classname="org.apache.hadoop.ozone.client.rpc.TestBlockOutputStreamWithFailures" time="34.32"/>
  <testcase name="testWatchForCommitWithCloseContainerException" classname="org.apache.hadoop.ozone.client.rpc.TestBlockOutputStreamWithFailures" time="41.766"/>
  <testcase name="testExceptionDuringClose" classname="org.apache.hadoop.ozone.client.rpc.TestBlockOutputStreamWithFailures" time="34.154"/>
</testsuite>