<?xml version="1.0" encoding="UTF-8"?>
<testsuite xmlns:xsi="http://www.w3.org/2001/XMLSchema-instance" xsi:noNamespaceSchemaLocation="https://maven.apache.org/surefire/maven-surefire-plugin/xsd/surefire-test-report.xsd" name="org.apache.hadoop.ozone.client.rpc.TestWatchForCommit" time="257.852" tests="5" errors="1" skipped="0" failures="0">
  <properties>
    <property name="awt.toolkit" value="sun.awt.X11.XToolkit"/>
    <property name="file.encoding.pkg" value="sun.io"/>
    <property name="java.specification.version" value="1.8"/>
    <property name="sun.cpu.isalist" value=""/>
    <property name="sun.jnu.encoding" value="UTF-8"/>
    <property name="java.class.path" value="/workdir/hadoop-ozone/integration-test/target/test-classes:/workdir/hadoop-ozone/integration-test/target/classes:/home/user/.m2/repository/org/apache/hadoop/hadoop-ozone-common/0.5.0-SNAPSHOT/hadoop-ozone-common-0.5.0-SNAPSHOT.jar:/home/user/.m2/repository/org/apache/commons/commons-compress/1.4.1/commons-compress-1.4.1.jar:/home/user/.m2/repository/org/tukaani/xz/1.0/xz-1.0.jar:/home/user/.m2/repository/org/apache/hadoop/hadoop-common/3.2.0/hadoop-common-3.2.0.jar:/home/user/.m2/repository/org/apache/hadoop/hadoop-hdfs/3.2.0/hadoop-hdfs-3.2.0.jar:/home/user/.m2/repository/org/apache/hadoop/hadoop-hdfs-client/3.2.0/hadoop-hdfs-client-3.2.0.jar:/home/user/.m2/repository/com/fasterxml/jackson/core/jackson-annotations/2.9.9/jackson-annotations-2.9.9.jar:/home/user/.m2/repository/org/apache/hadoop/hadoop-hdds-common/0.5.0-SNAPSHOT/hadoop-hdds-common-0.5.0-SNAPSHOT.jar:/home/user/.m2/repository/javax/annotation/javax.annotation-api/1.2/javax.annotation-api-1.2.jar:/home/user/.m2/repository/org/apache/ratis/ratis-server/0.5.0-201fc85-SNAPSHOT/ratis-server-0.5.0-201fc85-SNAPSHOT.jar:/home/user/.m2/repository/org/apache/ratis/ratis-thirdparty-misc/0.2.0/ratis-thirdparty-misc-0.2.0.jar:/home/user/.m2/repository/org/apache/ratis/ratis-proto/0.5.0-201fc85-SNAPSHOT/ratis-proto-0.5.0-201fc85-SNAPSHOT.jar:/home/user/.m2/repository/org/apache/ratis/ratis-common/0.5.0-201fc85-SNAPSHOT/ratis-common-0.5.0-201fc85-SNAPSHOT.jar:/home/user/.m2/repository/org/apache/ratis/ratis-client/0.5.0-201fc85-SNAPSHOT/ratis-client-0.5.0-201fc85-SNAPSHOT.jar:/home/user/.m2/repository/org/apache/ratis/ratis-metrics/0.5.0-201fc85-SNAPSHOT/ratis-metrics-0.5.0-201fc85-SNAPSHOT.jar:/home/user/.m2/repository/com/github/joshelser/dropwizard-metrics-hadoop-metrics2-reporter/0.1.2/dropwizard-metrics-hadoop-metrics2-reporter-0.1.2.jar:/home/user/.m2/repository/io/dropwizard/metrics/metrics-jvm/3.2.5/metrics-jvm-3.2.5.jar:/home/user/.m2/repository/io/dropwizard/metrics/metrics-ganglia/3.2.5/metrics-ganglia-3.2.5.jar:/home/user/.m2/repository/info/ganglia/gmetric4j/gmetric4j/1.0.7/gmetric4j-1.0.7.jar:/home/user/.m2/repository/org/apache/ratis/ratis-netty/0.5.0-201fc85-SNAPSHOT/ratis-netty-0.5.0-201fc85-SNAPSHOT.jar:/home/user/.m2/repository/org/apache/ratis/ratis-grpc/0.5.0-201fc85-SNAPSHOT/ratis-grpc-0.5.0-201fc85-SNAPSHOT.jar:/home/user/.m2/repository/org/rocksdb/rocksdbjni/6.0.1/rocksdbjni-6.0.1.jar:/home/user/.m2/repository/org/apache/logging/log4j/log4j-api/2.11.0/log4j-api-2.11.0.jar:/home/user/.m2/repository/org/apache/logging/log4j/log4j-core/2.11.0/log4j-core-2.11.0.jar:/home/user/.m2/repository/com/lmax/disruptor/3.4.2/disruptor-3.4.2.jar:/home/user/.m2/repository/org/apache/commons/commons-pool2/2.6.0/commons-pool2-2.6.0.jar:/home/user/.m2/repository/org/bouncycastle/bcpkix-jdk15on/1.60/bcpkix-jdk15on-1.60.jar:/home/user/.m2/repository/commons-validator/commons-validator/1.6/commons-validator-1.6.jar:/home/user/.m2/repository/commons-digester/commons-digester/1.8.1/commons-digester-1.8.1.jar:/home/user/.m2/repository/io/jaegertracing/jaeger-client/0.34.0/jaeger-client-0.34.0.jar:/home/user/.m2/repository/io/jaegertracing/jaeger-thrift/0.34.0/jaeger-thrift-0.34.0.jar:/home/user/.m2/repository/org/apache/thrift/libthrift/0.12.0/libthrift-0.12.0.jar:/home/user/.m2/repository/com/squareup/okhttp3/okhttp/3.9.0/okhttp-3.9.0.jar:/home/user/.m2/repository/com/squareup/okio/okio/1.13.0/okio-1.13.0.jar:/home/user/.m2/repository/io/jaegertracing/jaeger-core/0.34.0/jaeger-core-0.34.0.jar:/home/user/.m2/repository/io/jaegertracing/jaeger-tracerresolver/0.34.0/jaeger-tracerresolver-0.34.0.jar:/home/user/.m2/repository/io/opentracing/contrib/opentracing-tracerresolver/0.1.5/opentracing-tracerresolver-0.1.5.jar:/home/user/.m2/repository/io/opentracing/opentracing-util/0.31.0/opentracing-util-0.31.0.jar:/home/user/.m2/repository/io/opentracing/opentracing-api/0.31.0/opentracing-api-0.31.0.jar:/home/user/.m2/repository/io/opentracing/opentracing-noop/0.31.0/opentracing-noop-0.31.0.jar:/home/user/.m2/repository/org/apache/hadoop/hadoop-hdds-server-framework/0.5.0-SNAPSHOT/hadoop-hdds-server-framework-0.5.0-SNAPSHOT.jar:/home/user/.m2/repository/org/apache/hadoop/hadoop-hdds-container-service/0.5.0-SNAPSHOT/hadoop-hdds-container-service-0.5.0-SNAPSHOT.jar:/home/user/.m2/repository/org/apache/hadoop/hadoop-hdds-client/0.5.0-SNAPSHOT/hadoop-hdds-client-0.5.0-SNAPSHOT.jar:/home/user/.m2/repository/org/apache/hadoop/hadoop-hdds-tools/0.5.0-SNAPSHOT/hadoop-hdds-tools-0.5.0-SNAPSHOT.jar:/home/user/.m2/repository/org/apache/hadoop/hadoop-hdds-server-scm/0.5.0-SNAPSHOT/hadoop-hdds-server-scm-0.5.0-SNAPSHOT.jar:/home/user/.m2/repository/org/apache/hadoop/hadoop-hdds-docs/0.5.0-SNAPSHOT/hadoop-hdds-docs-0.5.0-SNAPSHOT.jar:/home/user/.m2/repository/io/dropwizard/metrics/metrics-core/3.2.4/metrics-core-3.2.4.jar:/home/user/.m2/repository/org/hamcrest/hamcrest-all/1.3/hamcrest-all-1.3.jar:/home/user/.m2/repository/org/bouncycastle/bcprov-jdk15on/1.60/bcprov-jdk15on-1.60.jar:/home/user/.m2/repository/info/picocli/picocli/3.9.6/picocli-3.9.6.jar:/home/user/.m2/repository/com/google/protobuf/protobuf-java/2.5.0/protobuf-java-2.5.0.jar:/home/user/.m2/repository/com/google/guava/guava/11.0.2/guava-11.0.2.jar:/home/user/.m2/repository/org/apache/hadoop/hadoop-ozone-ozone-manager/0.5.0-SNAPSHOT/hadoop-ozone-ozone-manager-0.5.0-SNAPSHOT.jar:/home/user/.m2/repository/org/apache/hadoop/hadoop-minikdc/3.2.0/hadoop-minikdc-3.2.0.jar:/home/user/.m2/repository/commons-io/commons-io/2.5/commons-io-2.5.jar:/home/user/.m2/repository/org/apache/kerby/kerb-simplekdc/1.0.1/kerb-simplekdc-1.0.1.jar:/home/user/.m2/repository/org/apache/kerby/kerb-client/1.0.1/kerb-client-1.0.1.jar:/home/user/.m2/repository/org/apache/kerby/kerby-config/1.0.1/kerby-config-1.0.1.jar:/home/user/.m2/repository/org/apache/kerby/kerb-core/1.0.1/kerb-core-1.0.1.jar:/home/user/.m2/repository/org/apache/kerby/kerby-pkix/1.0.1/kerby-pkix-1.0.1.jar:/home/user/.m2/repository/org/apache/kerby/kerby-asn1/1.0.1/kerby-asn1-1.0.1.jar:/home/user/.m2/repository/org/apache/kerby/kerby-util/1.0.1/kerby-util-1.0.1.jar:/home/user/.m2/repository/org/apache/kerby/kerb-common/1.0.1/kerb-common-1.0.1.jar:/home/user/.m2/repository/org/apache/kerby/kerb-crypto/1.0.1/kerb-crypto-1.0.1.jar:/home/user/.m2/repository/org/apache/kerby/kerb-util/1.0.1/kerb-util-1.0.1.jar:/home/user/.m2/repository/org/apache/kerby/token-provider/1.0.1/token-provider-1.0.1.jar:/home/user/.m2/repository/org/apache/kerby/kerb-admin/1.0.1/kerb-admin-1.0.1.jar:/home/user/.m2/repository/org/apache/kerby/kerb-server/1.0.1/kerb-server-1.0.1.jar:/home/user/.m2/repository/org/apache/kerby/kerb-identity/1.0.1/kerb-identity-1.0.1.jar:/home/user/.m2/repository/org/apache/kerby/kerby-xdr/1.0.1/kerby-xdr-1.0.1.jar:/home/user/.m2/repository/org/slf4j/slf4j-log4j12/1.7.25/slf4j-log4j12-1.7.25.jar:/home/user/.m2/repository/org/apache/hadoop/hadoop-ozone-s3gateway/0.5.0-SNAPSHOT/hadoop-ozone-s3gateway-0.5.0-SNAPSHOT.jar:/home/user/.m2/repository/org/jboss/weld/servlet/weld-servlet/2.4.7.Final/weld-servlet-2.4.7.Final.jar:/home/user/.m2/repository/org/glassfish/jersey/containers/jersey-container-servlet-core/2.27/jersey-container-servlet-core-2.27.jar:/home/user/.m2/repository/org/glassfish/hk2/external/javax.inject/2.5.0-b42/javax.inject-2.5.0-b42.jar:/home/user/.m2/repository/org/glassfish/jersey/core/jersey-common/2.27/jersey-common-2.27.jar:/home/user/.m2/repository/org/glassfish/hk2/osgi-resource-locator/1.0.1/osgi-resource-locator-1.0.1.jar:/home/user/.m2/repository/javax/ws/rs/javax.ws.rs-api/2.1/javax.ws.rs-api-2.1.jar:/home/user/.m2/repository/org/glassfish/jersey/ext/cdi/jersey-cdi1x/2.27/jersey-cdi1x-2.27.jar:/home/user/.m2/repository/org/glassfish/jersey/inject/jersey-hk2/2.27/jersey-hk2-2.27.jar:/home/user/.m2/repository/org/glassfish/hk2/hk2-locator/2.5.0-b42/hk2-locator-2.5.0-b42.jar:/home/user/.m2/repository/org/javassist/javassist/3.22.0-CR2/javassist-3.22.0-CR2.jar:/home/user/.m2/repository/org/glassfish/hk2/hk2-api/2.5.0/hk2-api-2.5.0.jar:/home/user/.m2/repository/org/glassfish/hk2/external/jakarta.inject/2.5.0/jakarta.inject-2.5.0.jar:/home/user/.m2/repository/org/glassfish/hk2/hk2-utils/2.5.0/hk2-utils-2.5.0.jar:/home/user/.m2/repository/jakarta/annotation/jakarta.annotation-api/1.3.4/jakarta.annotation-api-1.3.4.jar:/home/user/.m2/repository/org/glassfish/hk2/external/aopalliance-repackaged/2.5.0/aopalliance-repackaged-2.5.0.jar:/home/user/.m2/repository/com/fasterxml/jackson/dataformat/jackson-dataformat-xml/2.9.0/jackson-dataformat-xml-2.9.0.jar:/home/user/.m2/repository/com/fasterxml/jackson/core/jackson-core/2.9.9/jackson-core-2.9.9.jar:/home/user/.m2/repository/com/fasterxml/jackson/module/jackson-module-jaxb-annotations/2.9.9/jackson-module-jaxb-annotations-2.9.9.jar:/home/user/.m2/repository/javax/enterprise/cdi-api/1.2/cdi-api-1.2.jar:/home/user/.m2/repository/javax/el/javax.el-api/3.0.0/javax.el-api-3.0.0.jar:/home/user/.m2/repository/javax/interceptor/javax.interceptor-api/1.2/javax.interceptor-api-1.2.jar:/home/user/.m2/repository/javax/inject/javax.inject/1/javax.inject-1.jar:/home/user/.m2/repository/com/sun/xml/bind/jaxb-impl/2.3.0.1/jaxb-impl-2.3.0.1.jar:/home/user/.m2/repository/com/sun/xml/bind/jaxb-core/2.3.0.1/jaxb-core-2.3.0.1.jar:/home/user/.m2/repository/javax/xml/bind/jaxb-api/2.3.0/jaxb-api-2.3.0.jar:/home/user/.m2/repository/javax/activation/activation/1.1.1/activation-1.1.1.jar:/home/user/.m2/repository/org/apache/hadoop/hadoop-ozone-csi/0.5.0-SNAPSHOT/hadoop-ozone-csi-0.5.0-SNAPSHOT.jar:/home/user/.m2/repository/com/google/protobuf/protobuf-java-util/3.5.1/protobuf-java-util-3.5.1.jar:/home/user/.m2/repository/org/apache/hadoop/hadoop-hdds-config/0.5.0-SNAPSHOT/hadoop-hdds-config-0.5.0-SNAPSHOT.jar:/home/user/.m2/repository/io/grpc/grpc-netty/1.17.1/grpc-netty-1.17.1.jar:/home/user/.m2/repository/io/grpc/grpc-core/1.17.1/grpc-core-1.17.1.jar:/home/user/.m2/repository/io/grpc/grpc-context/1.17.1/grpc-context-1.17.1.jar:/home/user/.m2/repository/com/google/errorprone/error_prone_annotations/2.2.0/error_prone_annotations-2.2.0.jar:/home/user/.m2/repository/org/codehaus/mojo/animal-sniffer-annotations/1.17/animal-sniffer-annotations-1.17.jar:/home/user/.m2/repository/io/opencensus/opencensus-api/0.17.0/opencensus-api-0.17.0.jar:/home/user/.m2/repository/io/opencensus/opencensus-contrib-grpc-metrics/0.17.0/opencensus-contrib-grpc-metrics-0.17.0.jar:/home/user/.m2/repository/io/netty/netty-codec-http2/4.1.30.Final/netty-codec-http2-4.1.30.Final.jar:/home/user/.m2/repository/io/netty/netty-codec-http/4.1.30.Final/netty-codec-http-4.1.30.Final.jar:/home/user/.m2/repository/io/netty/netty-codec/4.1.30.Final/netty-codec-4.1.30.Final.jar:/home/user/.m2/repository/io/netty/netty-handler/4.1.30.Final/netty-handler-4.1.30.Final.jar:/home/user/.m2/repository/io/netty/netty-handler-proxy/4.1.30.Final/netty-handler-proxy-4.1.30.Final.jar:/home/user/.m2/repository/io/netty/netty-codec-socks/4.1.30.Final/netty-codec-socks-4.1.30.Final.jar:/home/user/.m2/repository/io/netty/netty-transport-native-epoll/4.1.30.Final/netty-transport-native-epoll-4.1.30.Final.jar:/home/user/.m2/repository/io/netty/netty-common/4.1.30.Final/netty-common-4.1.30.Final.jar:/home/user/.m2/repository/io/netty/netty-buffer/4.1.30.Final/netty-buffer-4.1.30.Final.jar:/home/user/.m2/repository/io/netty/netty-transport/4.1.30.Final/netty-transport-4.1.30.Final.jar:/home/user/.m2/repository/io/netty/netty-resolver/4.1.30.Final/netty-resolver-4.1.30.Final.jar:/home/user/.m2/repository/io/netty/netty-transport-native-unix-common/4.1.30.Final/netty-transport-native-unix-common-4.1.30.Final.jar:/home/user/.m2/repository/io/grpc/grpc-protobuf/1.17.1/grpc-protobuf-1.17.1.jar:/home/user/.m2/repository/com/google/api/grpc/proto-google-common-protos/1.0.0/proto-google-common-protos-1.0.0.jar:/home/user/.m2/repository/io/grpc/grpc-protobuf-lite/1.17.1/grpc-protobuf-lite-1.17.1.jar:/home/user/.m2/repository/io/grpc/grpc-stub/1.17.1/grpc-stub-1.17.1.jar:/home/user/.m2/repository/org/apache/hadoop/hadoop-ozone-recon/0.5.0-SNAPSHOT/hadoop-ozone-recon-0.5.0-SNAPSHOT.jar:/home/user/.m2/repository/org/apache/hadoop/hadoop-ozone-reconcodegen/0.5.0-SNAPSHOT/hadoop-ozone-reconcodegen-0.5.0-SNAPSHOT.jar:/home/user/.m2/repository/com/google/inject/extensions/guice-multibindings/4.0/guice-multibindings-4.0.jar:/home/user/.m2/repository/com/google/inject/guice/4.0/guice-4.0.jar:/home/user/.m2/repository/aopalliance/aopalliance/1.0/aopalliance-1.0.jar:/home/user/.m2/repository/com/google/inject/extensions/guice-servlet/4.0/guice-servlet-4.0.jar:/home/user/.m2/repository/org/glassfish/jersey/containers/jersey-container-servlet/2.27/jersey-container-servlet-2.27.jar:/home/user/.m2/repository/org/glassfish/hk2/guice-bridge/2.5.0/guice-bridge-2.5.0.jar:/home/user/.m2/repository/org/glassfish/jersey/core/jersey-server/2.27/jersey-server-2.27.jar:/home/user/.m2/repository/org/glassfish/jersey/core/jersey-client/2.27/jersey-client-2.27.jar:/home/user/.m2/repository/org/glassfish/jersey/media/jersey-media-jaxb/2.27/jersey-media-jaxb-2.27.jar:/home/user/.m2/repository/javax/validation/validation-api/1.1.0.Final/validation-api-1.1.0.Final.jar:/home/user/.m2/repository/org/glassfish/jersey/media/jersey-media-json-jackson/2.27/jersey-media-json-jackson-2.27.jar:/home/user/.m2/repository/org/glassfish/jersey/ext/jersey-entity-filtering/2.27/jersey-entity-filtering-2.27.jar:/home/user/.m2/repository/com/google/inject/extensions/guice-assistedinject/4.0/guice-assistedinject-4.0.jar:/home/user/.m2/repository/org/jooq/jooq/3.11.10/jooq-3.11.10.jar:/home/user/.m2/repository/org/jooq/jooq-meta/3.11.10/jooq-meta-3.11.10.jar:/home/user/.m2/repository/org/jooq/jooq-codegen/3.11.10/jooq-codegen-3.11.10.jar:/home/user/.m2/repository/com/jolbox/bonecp/0.8.0.RELEASE/bonecp-0.8.0.RELEASE.jar:/home/user/.m2/repository/org/xerial/sqlite-jdbc/3.25.2/sqlite-jdbc-3.25.2.jar:/home/user/.m2/repository/org/springframework/spring-jdbc/5.1.3.RELEASE/spring-jdbc-5.1.3.RELEASE.jar:/home/user/.m2/repository/org/springframework/spring-beans/5.1.3.RELEASE/spring-beans-5.1.3.RELEASE.jar:/home/user/.m2/repository/org/springframework/spring-core/5.1.3.RELEASE/spring-core-5.1.3.RELEASE.jar:/home/user/.m2/repository/org/springframework/spring-jcl/5.1.3.RELEASE/spring-jcl-5.1.3.RELEASE.jar:/home/user/.m2/repository/org/springframework/spring-tx/5.1.3.RELEASE/spring-tx-5.1.3.RELEASE.jar:/home/user/.m2/repository/org/apache/hadoop/hadoop-ozone-client/0.5.0-SNAPSHOT/hadoop-ozone-client-0.5.0-SNAPSHOT.jar:/home/user/.m2/repository/commons-lang/commons-lang/2.6/commons-lang-2.6.jar:/home/user/.m2/repository/org/apache/hadoop/hadoop-ozone-ozone-manager/0.5.0-SNAPSHOT/hadoop-ozone-ozone-manager-0.5.0-SNAPSHOT-tests.jar:/home/user/.m2/repository/junit/junit/4.11/junit-4.11.jar:/home/user/.m2/repository/org/hamcrest/hamcrest-core/1.3/hamcrest-core-1.3.jar:/home/user/.m2/repository/org/openjdk/jmh/jmh-core/1.19/jmh-core-1.19.jar:/home/user/.m2/repository/net/sf/jopt-simple/jopt-simple/4.6/jopt-simple-4.6.jar:/home/user/.m2/repository/org/apache/commons/commons-math3/3.1.1/commons-math3-3.1.1.jar:/home/user/.m2/repository/org/openjdk/jmh/jmh-generator-annprocess/1.19/jmh-generator-annprocess-1.19.jar:/home/user/.m2/repository/org/mockito/mockito-all/1.8.5/mockito-all-1.8.5.jar:/home/user/.m2/repository/org/apache/hadoop/hadoop-kms/3.2.0/hadoop-kms-3.2.0.jar:/home/user/.m2/repository/org/apache/hadoop/hadoop-auth/3.2.0/hadoop-auth-3.2.0.jar:/home/user/.m2/repository/com/nimbusds/nimbus-jose-jwt/4.41.1/nimbus-jose-jwt-4.41.1.jar:/home/user/.m2/repository/com/github/stephenc/jcip/jcip-annotations/1.0-1/jcip-annotations-1.0-1.jar:/home/user/.m2/repository/net/minidev/json-smart/2.3/json-smart-2.3.jar:/home/user/.m2/repository/net/minidev/accessors-smart/1.2/accessors-smart-1.2.jar:/home/user/.m2/repository/org/ow2/asm/asm/5.0.4/asm-5.0.4.jar:/home/user/.m2/repository/org/apache/curator/curator-framework/2.12.0/curator-framework-2.12.0.jar:/home/user/.m2/repository/com/sun/jersey/jersey-core/1.19/jersey-core-1.19.jar:/home/user/.m2/repository/javax/ws/rs/jsr311-api/1.1.1/jsr311-api-1.1.1.jar:/home/user/.m2/repository/com/sun/jersey/jersey-server/1.19/jersey-server-1.19.jar:/home/user/.m2/repository/javax/servlet/javax.servlet-api/3.1.0/javax.servlet-api-3.1.0.jar:/home/user/.m2/repository/org/eclipse/jetty/jetty-server/9.3.25.v20180904/jetty-server-9.3.25.v20180904.jar:/home/user/.m2/repository/org/eclipse/jetty/jetty-http/9.3.25.v20180904/jetty-http-9.3.25.v20180904.jar:/home/user/.m2/repository/org/eclipse/jetty/jetty-io/9.3.25.v20180904/jetty-io-9.3.25.v20180904.jar:/home/user/.m2/repository/org/eclipse/jetty/jetty-webapp/9.3.25.v20180904/jetty-webapp-9.3.25.v20180904.jar:/home/user/.m2/repository/org/eclipse/jetty/jetty-xml/9.3.25.v20180904/jetty-xml-9.3.25.v20180904.jar:/home/user/.m2/repository/log4j/log4j/1.2.17/log4j-1.2.17.jar:/home/user/.m2/repository/org/slf4j/slf4j-api/1.7.25/slf4j-api-1.7.25.jar:/home/user/.m2/repository/org/slf4j/jul-to-slf4j/1.7.25/jul-to-slf4j-1.7.25.jar:/home/user/.m2/repository/org/eclipse/jetty/jetty-util/9.3.25.v20180904/jetty-util-9.3.25.v20180904.jar:/home/user/.m2/repository/com/fasterxml/jackson/core/jackson-databind/2.9.9/jackson-databind-2.9.9.jar:/home/user/.m2/repository/org/apache/hadoop/hadoop-kms/3.2.0/hadoop-kms-3.2.0-tests.jar:/home/user/.m2/repository/org/apache/hadoop/hadoop-hdds-server-scm/0.5.0-SNAPSHOT/hadoop-hdds-server-scm-0.5.0-SNAPSHOT-tests.jar:/home/user/.m2/repository/org/apache/hadoop/hadoop-hdds-container-service/0.5.0-SNAPSHOT/hadoop-hdds-container-service-0.5.0-SNAPSHOT-tests.jar:/home/user/.m2/repository/org/yaml/snakeyaml/1.16/snakeyaml-1.16.jar:/home/user/.m2/repository/org/apache/hadoop/hadoop-common/3.2.0/hadoop-common-3.2.0-tests.jar:/home/user/.m2/repository/org/apache/hadoop/hadoop-annotations/3.2.0/hadoop-annotations-3.2.0.jar:/usr/lib/jvm/java-1.8-openjdk/jre/../lib/tools.jar:/home/user/.m2/repository/commons-cli/commons-cli/1.2/commons-cli-1.2.jar:/home/user/.m2/repository/org/apache/httpcomponents/httpclient/4.5.2/httpclient-4.5.2.jar:/home/user/.m2/repository/org/apache/httpcomponents/httpcore/4.4.4/httpcore-4.4.4.jar:/home/user/.m2/repository/commons-codec/commons-codec/1.11/commons-codec-1.11.jar:/home/user/.m2/repository/commons-net/commons-net/3.6/commons-net-3.6.jar:/home/user/.m2/repository/commons-collections/commons-collections/3.2.2/commons-collections-3.2.2.jar:/home/user/.m2/repository/org/eclipse/jetty/jetty-servlet/9.3.25.v20180904/jetty-servlet-9.3.25.v20180904.jar:/home/user/.m2/repository/org/eclipse/jetty/jetty-security/9.3.25.v20180904/jetty-security-9.3.25.v20180904.jar:/home/user/.m2/repository/javax/servlet/jsp/jsp-api/2.1/jsp-api-2.1.jar:/home/user/.m2/repository/com/sun/jersey/jersey-servlet/1.19/jersey-servlet-1.19.jar:/home/user/.m2/repository/com/sun/jersey/jersey-json/1.19/jersey-json-1.19.jar:/home/user/.m2/repository/org/codehaus/jettison/jettison/1.1/jettison-1.1.jar:/home/user/.m2/repository/org/codehaus/jackson/jackson-core-asl/1.9.13/jackson-core-asl-1.9.13.jar:/home/user/.m2/repository/org/codehaus/jackson/jackson-mapper-asl/1.9.13/jackson-mapper-asl-1.9.13.jar:/home/user/.m2/repository/org/codehaus/jackson/jackson-jaxrs/1.9.13/jackson-jaxrs-1.9.13.jar:/home/user/.m2/repository/org/codehaus/jackson/jackson-xc/1.9.13/jackson-xc-1.9.13.jar:/home/user/.m2/repository/commons-logging/commons-logging/1.1.3/commons-logging-1.1.3.jar:/home/user/.m2/repository/commons-beanutils/commons-beanutils/1.9.4/commons-beanutils-1.9.4.jar:/home/user/.m2/repository/org/apache/commons/commons-configuration2/2.1.1/commons-configuration2-2.1.1.jar:/home/user/.m2/repository/org/apache/commons/commons-lang3/3.7/commons-lang3-3.7.jar:/home/user/.m2/repository/org/apache/commons/commons-text/1.4/commons-text-1.4.jar:/home/user/.m2/repository/org/apache/avro/avro/1.7.7/avro-1.7.7.jar:/home/user/.m2/repository/com/thoughtworks/paranamer/paranamer/2.3/paranamer-2.3.jar:/home/user/.m2/repository/org/xerial/snappy/snappy-java/1.0.5/snappy-java-1.0.5.jar:/home/user/.m2/repository/com/google/re2j/re2j/1.1/re2j-1.1.jar:/home/user/.m2/repository/com/google/code/gson/gson/2.2.4/gson-2.2.4.jar:/home/user/.m2/repository/com/jcraft/jsch/0.1.54/jsch-0.1.54.jar:/home/user/.m2/repository/org/apache/curator/curator-client/2.12.0/curator-client-2.12.0.jar:/home/user/.m2/repository/org/apache/curator/curator-recipes/2.12.0/curator-recipes-2.12.0.jar:/home/user/.m2/repository/com/google/code/findbugs/jsr305/3.0.0/jsr305-3.0.0.jar:/home/user/.m2/repository/org/apache/htrace/htrace-core4/4.1.0-incubating/htrace-core4-4.1.0-incubating.jar:/home/user/.m2/repository/org/apache/zookeeper/zookeeper/3.4.13/zookeeper-3.4.13.jar:/home/user/.m2/repository/jline/jline/0.9.94/jline-0.9.94.jar:/home/user/.m2/repository/org/apache/yetus/audience-annotations/0.5.0/audience-annotations-0.5.0.jar:/home/user/.m2/repository/org/codehaus/woodstox/stax2-api/3.1.4/stax2-api-3.1.4.jar:/home/user/.m2/repository/com/fasterxml/woodstox/woodstox-core/5.0.3/woodstox-core-5.0.3.jar:/home/user/.m2/repository/dnsjava/dnsjava/2.1.7/dnsjava-2.1.7.jar:/home/user/.m2/repository/org/apache/hadoop/hadoop-hdfs/3.2.0/hadoop-hdfs-3.2.0-tests.jar:/home/user/.m2/repository/org/eclipse/jetty/jetty-util-ajax/9.3.25.v20180904/jetty-util-ajax-9.3.25.v20180904.jar:/home/user/.m2/repository/commons-daemon/commons-daemon/1.0.13/commons-daemon-1.0.13.jar:/home/user/.m2/repository/io/netty/netty/3.10.5.Final/netty-3.10.5.Final.jar:/home/user/.m2/repository/io/netty/netty-all/4.0.52.Final/netty-all-4.0.52.Final.jar:/home/user/.m2/repository/org/fusesource/leveldbjni/leveldbjni-all/1.8/leveldbjni-all-1.8.jar:"/>
    <property name="java.vm.vendor" value="IcedTea"/>
    <property name="sun.arch.data.model" value="64"/>
    <property name="test.build.dir" value="/workdir/hadoop-ozone/integration-test/target/test-dir"/>
    <property name="test.cache.data" value=""/>
    <property name="java.vendor.url" value="https://icedtea.classpath.org"/>
    <property name="user.timezone" value=""/>
    <property name="java.vm.specification.version" value="1.8"/>
    <property name="os.name" value="Linux"/>
    <property name="test.build.data" value="/workdir/hadoop-ozone/integration-test/target/test-dir"/>
    <property name="user.country" value="US"/>
    <property name="sun.java.launcher" value="SUN_STANDARD"/>
    <property name="sun.boot.library.path" value="/usr/lib/jvm/java-1.8-openjdk/jre/lib/amd64"/>
    <property name="sun.java.command" value="/workdir/hadoop-ozone/integration-test/target/surefire/surefirebooter495812461316447966.jar /workdir/hadoop-ozone/integration-test/target/surefire 2019-10-07T15-43-33_198-jvmRun1 surefire7575905384310337682tmp surefire_556596496925091440087tmp"/>
    <property name="test" value="!TestMiniChaosOzoneCluster"/>
    <property name="surefire.test.class.path" value="/workdir/hadoop-ozone/integration-test/target/test-classes:/workdir/hadoop-ozone/integration-test/target/classes:/home/user/.m2/repository/org/apache/hadoop/hadoop-ozone-common/0.5.0-SNAPSHOT/hadoop-ozone-common-0.5.0-SNAPSHOT.jar:/home/user/.m2/repository/org/apache/commons/commons-compress/1.4.1/commons-compress-1.4.1.jar:/home/user/.m2/repository/org/tukaani/xz/1.0/xz-1.0.jar:/home/user/.m2/repository/org/apache/hadoop/hadoop-common/3.2.0/hadoop-common-3.2.0.jar:/home/user/.m2/repository/org/apache/hadoop/hadoop-hdfs/3.2.0/hadoop-hdfs-3.2.0.jar:/home/user/.m2/repository/org/apache/hadoop/hadoop-hdfs-client/3.2.0/hadoop-hdfs-client-3.2.0.jar:/home/user/.m2/repository/com/fasterxml/jackson/core/jackson-annotations/2.9.9/jackson-annotations-2.9.9.jar:/home/user/.m2/repository/org/apache/hadoop/hadoop-hdds-common/0.5.0-SNAPSHOT/hadoop-hdds-common-0.5.0-SNAPSHOT.jar:/home/user/.m2/repository/javax/annotation/javax.annotation-api/1.2/javax.annotation-api-1.2.jar:/home/user/.m2/repository/org/apache/ratis/ratis-server/0.5.0-201fc85-SNAPSHOT/ratis-server-0.5.0-201fc85-SNAPSHOT.jar:/home/user/.m2/repository/org/apache/ratis/ratis-thirdparty-misc/0.2.0/ratis-thirdparty-misc-0.2.0.jar:/home/user/.m2/repository/org/apache/ratis/ratis-proto/0.5.0-201fc85-SNAPSHOT/ratis-proto-0.5.0-201fc85-SNAPSHOT.jar:/home/user/.m2/repository/org/apache/ratis/ratis-common/0.5.0-201fc85-SNAPSHOT/ratis-common-0.5.0-201fc85-SNAPSHOT.jar:/home/user/.m2/repository/org/apache/ratis/ratis-client/0.5.0-201fc85-SNAPSHOT/ratis-client-0.5.0-201fc85-SNAPSHOT.jar:/home/user/.m2/repository/org/apache/ratis/ratis-metrics/0.5.0-201fc85-SNAPSHOT/ratis-metrics-0.5.0-201fc85-SNAPSHOT.jar:/home/user/.m2/repository/com/github/joshelser/dropwizard-metrics-hadoop-metrics2-reporter/0.1.2/dropwizard-metrics-hadoop-metrics2-reporter-0.1.2.jar:/home/user/.m2/repository/io/dropwizard/metrics/metrics-jvm/3.2.5/metrics-jvm-3.2.5.jar:/home/user/.m2/repository/io/dropwizard/metrics/metrics-ganglia/3.2.5/metrics-ganglia-3.2.5.jar:/home/user/.m2/repository/info/ganglia/gmetric4j/gmetric4j/1.0.7/gmetric4j-1.0.7.jar:/home/user/.m2/repository/org/apache/ratis/ratis-netty/0.5.0-201fc85-SNAPSHOT/ratis-netty-0.5.0-201fc85-SNAPSHOT.jar:/home/user/.m2/repository/org/apache/ratis/ratis-grpc/0.5.0-201fc85-SNAPSHOT/ratis-grpc-0.5.0-201fc85-SNAPSHOT.jar:/home/user/.m2/repository/org/rocksdb/rocksdbjni/6.0.1/rocksdbjni-6.0.1.jar:/home/user/.m2/repository/org/apache/logging/log4j/log4j-api/2.11.0/log4j-api-2.11.0.jar:/home/user/.m2/repository/org/apache/logging/log4j/log4j-core/2.11.0/log4j-core-2.11.0.jar:/home/user/.m2/repository/com/lmax/disruptor/3.4.2/disruptor-3.4.2.jar:/home/user/.m2/repository/org/apache/commons/commons-pool2/2.6.0/commons-pool2-2.6.0.jar:/home/user/.m2/repository/org/bouncycastle/bcpkix-jdk15on/1.60/bcpkix-jdk15on-1.60.jar:/home/user/.m2/repository/commons-validator/commons-validator/1.6/commons-validator-1.6.jar:/home/user/.m2/repository/commons-digester/commons-digester/1.8.1/commons-digester-1.8.1.jar:/home/user/.m2/repository/io/jaegertracing/jaeger-client/0.34.0/jaeger-client-0.34.0.jar:/home/user/.m2/repository/io/jaegertracing/jaeger-thrift/0.34.0/jaeger-thrift-0.34.0.jar:/home/user/.m2/repository/org/apache/thrift/libthrift/0.12.0/libthrift-0.12.0.jar:/home/user/.m2/repository/com/squareup/okhttp3/okhttp/3.9.0/okhttp-3.9.0.jar:/home/user/.m2/repository/com/squareup/okio/okio/1.13.0/okio-1.13.0.jar:/home/user/.m2/repository/io/jaegertracing/jaeger-core/0.34.0/jaeger-core-0.34.0.jar:/home/user/.m2/repository/io/jaegertracing/jaeger-tracerresolver/0.34.0/jaeger-tracerresolver-0.34.0.jar:/home/user/.m2/repository/io/opentracing/contrib/opentracing-tracerresolver/0.1.5/opentracing-tracerresolver-0.1.5.jar:/home/user/.m2/repository/io/opentracing/opentracing-util/0.31.0/opentracing-util-0.31.0.jar:/home/user/.m2/repository/io/opentracing/opentracing-api/0.31.0/opentracing-api-0.31.0.jar:/home/user/.m2/repository/io/opentracing/opentracing-noop/0.31.0/opentracing-noop-0.31.0.jar:/home/user/.m2/repository/org/apache/hadoop/hadoop-hdds-server-framework/0.5.0-SNAPSHOT/hadoop-hdds-server-framework-0.5.0-SNAPSHOT.jar:/home/user/.m2/repository/org/apache/hadoop/hadoop-hdds-container-service/0.5.0-SNAPSHOT/hadoop-hdds-container-service-0.5.0-SNAPSHOT.jar:/home/user/.m2/repository/org/apache/hadoop/hadoop-hdds-client/0.5.0-SNAPSHOT/hadoop-hdds-client-0.5.0-SNAPSHOT.jar:/home/user/.m2/repository/org/apache/hadoop/hadoop-hdds-tools/0.5.0-SNAPSHOT/hadoop-hdds-tools-0.5.0-SNAPSHOT.jar:/home/user/.m2/repository/org/apache/hadoop/hadoop-hdds-server-scm/0.5.0-SNAPSHOT/hadoop-hdds-server-scm-0.5.0-SNAPSHOT.jar:/home/user/.m2/repository/org/apache/hadoop/hadoop-hdds-docs/0.5.0-SNAPSHOT/hadoop-hdds-docs-0.5.0-SNAPSHOT.jar:/home/user/.m2/repository/io/dropwizard/metrics/metrics-core/3.2.4/metrics-core-3.2.4.jar:/home/user/.m2/repository/org/hamcrest/hamcrest-all/1.3/hamcrest-all-1.3.jar:/home/user/.m2/repository/org/bouncycastle/bcprov-jdk15on/1.60/bcprov-jdk15on-1.60.jar:/home/user/.m2/repository/info/picocli/picocli/3.9.6/picocli-3.9.6.jar:/home/user/.m2/repository/com/google/protobuf/protobuf-java/2.5.0/protobuf-java-2.5.0.jar:/home/user/.m2/repository/com/google/guava/guava/11.0.2/guava-11.0.2.jar:/home/user/.m2/repository/org/apache/hadoop/hadoop-ozone-ozone-manager/0.5.0-SNAPSHOT/hadoop-ozone-ozone-manager-0.5.0-SNAPSHOT.jar:/home/user/.m2/repository/org/apache/hadoop/hadoop-minikdc/3.2.0/hadoop-minikdc-3.2.0.jar:/home/user/.m2/repository/commons-io/commons-io/2.5/commons-io-2.5.jar:/home/user/.m2/repository/org/apache/kerby/kerb-simplekdc/1.0.1/kerb-simplekdc-1.0.1.jar:/home/user/.m2/repository/org/apache/kerby/kerb-client/1.0.1/kerb-client-1.0.1.jar:/home/user/.m2/repository/org/apache/kerby/kerby-config/1.0.1/kerby-config-1.0.1.jar:/home/user/.m2/repository/org/apache/kerby/kerb-core/1.0.1/kerb-core-1.0.1.jar:/home/user/.m2/repository/org/apache/kerby/kerby-pkix/1.0.1/kerby-pkix-1.0.1.jar:/home/user/.m2/repository/org/apache/kerby/kerby-asn1/1.0.1/kerby-asn1-1.0.1.jar:/home/user/.m2/repository/org/apache/kerby/kerby-util/1.0.1/kerby-util-1.0.1.jar:/home/user/.m2/repository/org/apache/kerby/kerb-common/1.0.1/kerb-common-1.0.1.jar:/home/user/.m2/repository/org/apache/kerby/kerb-crypto/1.0.1/kerb-crypto-1.0.1.jar:/home/user/.m2/repository/org/apache/kerby/kerb-util/1.0.1/kerb-util-1.0.1.jar:/home/user/.m2/repository/org/apache/kerby/token-provider/1.0.1/token-provider-1.0.1.jar:/home/user/.m2/repository/org/apache/kerby/kerb-admin/1.0.1/kerb-admin-1.0.1.jar:/home/user/.m2/repository/org/apache/kerby/kerb-server/1.0.1/kerb-server-1.0.1.jar:/home/user/.m2/repository/org/apache/kerby/kerb-identity/1.0.1/kerb-identity-1.0.1.jar:/home/user/.m2/repository/org/apache/kerby/kerby-xdr/1.0.1/kerby-xdr-1.0.1.jar:/home/user/.m2/repository/org/slf4j/slf4j-log4j12/1.7.25/slf4j-log4j12-1.7.25.jar:/home/user/.m2/repository/org/apache/hadoop/hadoop-ozone-s3gateway/0.5.0-SNAPSHOT/hadoop-ozone-s3gateway-0.5.0-SNAPSHOT.jar:/home/user/.m2/repository/org/jboss/weld/servlet/weld-servlet/2.4.7.Final/weld-servlet-2.4.7.Final.jar:/home/user/.m2/repository/org/glassfish/jersey/containers/jersey-container-servlet-core/2.27/jersey-container-servlet-core-2.27.jar:/home/user/.m2/repository/org/glassfish/hk2/external/javax.inject/2.5.0-b42/javax.inject-2.5.0-b42.jar:/home/user/.m2/repository/org/glassfish/jersey/core/jersey-common/2.27/jersey-common-2.27.jar:/home/user/.m2/repository/org/glassfish/hk2/osgi-resource-locator/1.0.1/osgi-resource-locator-1.0.1.jar:/home/user/.m2/repository/javax/ws/rs/javax.ws.rs-api/2.1/javax.ws.rs-api-2.1.jar:/home/user/.m2/repository/org/glassfish/jersey/ext/cdi/jersey-cdi1x/2.27/jersey-cdi1x-2.27.jar:/home/user/.m2/repository/org/glassfish/jersey/inject/jersey-hk2/2.27/jersey-hk2-2.27.jar:/home/user/.m2/repository/org/glassfish/hk2/hk2-locator/2.5.0-b42/hk2-locator-2.5.0-b42.jar:/home/user/.m2/repository/org/javassist/javassist/3.22.0-CR2/javassist-3.22.0-CR2.jar:/home/user/.m2/repository/org/glassfish/hk2/hk2-api/2.5.0/hk2-api-2.5.0.jar:/home/user/.m2/repository/org/glassfish/hk2/external/jakarta.inject/2.5.0/jakarta.inject-2.5.0.jar:/home/user/.m2/repository/org/glassfish/hk2/hk2-utils/2.5.0/hk2-utils-2.5.0.jar:/home/user/.m2/repository/jakarta/annotation/jakarta.annotation-api/1.3.4/jakarta.annotation-api-1.3.4.jar:/home/user/.m2/repository/org/glassfish/hk2/external/aopalliance-repackaged/2.5.0/aopalliance-repackaged-2.5.0.jar:/home/user/.m2/repository/com/fasterxml/jackson/dataformat/jackson-dataformat-xml/2.9.0/jackson-dataformat-xml-2.9.0.jar:/home/user/.m2/repository/com/fasterxml/jackson/core/jackson-core/2.9.9/jackson-core-2.9.9.jar:/home/user/.m2/repository/com/fasterxml/jackson/module/jackson-module-jaxb-annotations/2.9.9/jackson-module-jaxb-annotations-2.9.9.jar:/home/user/.m2/repository/javax/enterprise/cdi-api/1.2/cdi-api-1.2.jar:/home/user/.m2/repository/javax/el/javax.el-api/3.0.0/javax.el-api-3.0.0.jar:/home/user/.m2/repository/javax/interceptor/javax.interceptor-api/1.2/javax.interceptor-api-1.2.jar:/home/user/.m2/repository/javax/inject/javax.inject/1/javax.inject-1.jar:/home/user/.m2/repository/com/sun/xml/bind/jaxb-impl/2.3.0.1/jaxb-impl-2.3.0.1.jar:/home/user/.m2/repository/com/sun/xml/bind/jaxb-core/2.3.0.1/jaxb-core-2.3.0.1.jar:/home/user/.m2/repository/javax/xml/bind/jaxb-api/2.3.0/jaxb-api-2.3.0.jar:/home/user/.m2/repository/javax/activation/activation/1.1.1/activation-1.1.1.jar:/home/user/.m2/repository/org/apache/hadoop/hadoop-ozone-csi/0.5.0-SNAPSHOT/hadoop-ozone-csi-0.5.0-SNAPSHOT.jar:/home/user/.m2/repository/com/google/protobuf/protobuf-java-util/3.5.1/protobuf-java-util-3.5.1.jar:/home/user/.m2/repository/org/apache/hadoop/hadoop-hdds-config/0.5.0-SNAPSHOT/hadoop-hdds-config-0.5.0-SNAPSHOT.jar:/home/user/.m2/repository/io/grpc/grpc-netty/1.17.1/grpc-netty-1.17.1.jar:/home/user/.m2/repository/io/grpc/grpc-core/1.17.1/grpc-core-1.17.1.jar:/home/user/.m2/repository/io/grpc/grpc-context/1.17.1/grpc-context-1.17.1.jar:/home/user/.m2/repository/com/google/errorprone/error_prone_annotations/2.2.0/error_prone_annotations-2.2.0.jar:/home/user/.m2/repository/org/codehaus/mojo/animal-sniffer-annotations/1.17/animal-sniffer-annotations-1.17.jar:/home/user/.m2/repository/io/opencensus/opencensus-api/0.17.0/opencensus-api-0.17.0.jar:/home/user/.m2/repository/io/opencensus/opencensus-contrib-grpc-metrics/0.17.0/opencensus-contrib-grpc-metrics-0.17.0.jar:/home/user/.m2/repository/io/netty/netty-codec-http2/4.1.30.Final/netty-codec-http2-4.1.30.Final.jar:/home/user/.m2/repository/io/netty/netty-codec-http/4.1.30.Final/netty-codec-http-4.1.30.Final.jar:/home/user/.m2/repository/io/netty/netty-codec/4.1.30.Final/netty-codec-4.1.30.Final.jar:/home/user/.m2/repository/io/netty/netty-handler/4.1.30.Final/netty-handler-4.1.30.Final.jar:/home/user/.m2/repository/io/netty/netty-handler-proxy/4.1.30.Final/netty-handler-proxy-4.1.30.Final.jar:/home/user/.m2/repository/io/netty/netty-codec-socks/4.1.30.Final/netty-codec-socks-4.1.30.Final.jar:/home/user/.m2/repository/io/netty/netty-transport-native-epoll/4.1.30.Final/netty-transport-native-epoll-4.1.30.Final.jar:/home/user/.m2/repository/io/netty/netty-common/4.1.30.Final/netty-common-4.1.30.Final.jar:/home/user/.m2/repository/io/netty/netty-buffer/4.1.30.Final/netty-buffer-4.1.30.Final.jar:/home/user/.m2/repository/io/netty/netty-transport/4.1.30.Final/netty-transport-4.1.30.Final.jar:/home/user/.m2/repository/io/netty/netty-resolver/4.1.30.Final/netty-resolver-4.1.30.Final.jar:/home/user/.m2/repository/io/netty/netty-transport-native-unix-common/4.1.30.Final/netty-transport-native-unix-common-4.1.30.Final.jar:/home/user/.m2/repository/io/grpc/grpc-protobuf/1.17.1/grpc-protobuf-1.17.1.jar:/home/user/.m2/repository/com/google/api/grpc/proto-google-common-protos/1.0.0/proto-google-common-protos-1.0.0.jar:/home/user/.m2/repository/io/grpc/grpc-protobuf-lite/1.17.1/grpc-protobuf-lite-1.17.1.jar:/home/user/.m2/repository/io/grpc/grpc-stub/1.17.1/grpc-stub-1.17.1.jar:/home/user/.m2/repository/org/apache/hadoop/hadoop-ozone-recon/0.5.0-SNAPSHOT/hadoop-ozone-recon-0.5.0-SNAPSHOT.jar:/home/user/.m2/repository/org/apache/hadoop/hadoop-ozone-reconcodegen/0.5.0-SNAPSHOT/hadoop-ozone-reconcodegen-0.5.0-SNAPSHOT.jar:/home/user/.m2/repository/com/google/inject/extensions/guice-multibindings/4.0/guice-multibindings-4.0.jar:/home/user/.m2/repository/com/google/inject/guice/4.0/guice-4.0.jar:/home/user/.m2/repository/aopalliance/aopalliance/1.0/aopalliance-1.0.jar:/home/user/.m2/repository/com/google/inject/extensions/guice-servlet/4.0/guice-servlet-4.0.jar:/home/user/.m2/repository/org/glassfish/jersey/containers/jersey-container-servlet/2.27/jersey-container-servlet-2.27.jar:/home/user/.m2/repository/org/glassfish/hk2/guice-bridge/2.5.0/guice-bridge-2.5.0.jar:/home/user/.m2/repository/org/glassfish/jersey/core/jersey-server/2.27/jersey-server-2.27.jar:/home/user/.m2/repository/org/glassfish/jersey/core/jersey-client/2.27/jersey-client-2.27.jar:/home/user/.m2/repository/org/glassfish/jersey/media/jersey-media-jaxb/2.27/jersey-media-jaxb-2.27.jar:/home/user/.m2/repository/javax/validation/validation-api/1.1.0.Final/validation-api-1.1.0.Final.jar:/home/user/.m2/repository/org/glassfish/jersey/media/jersey-media-json-jackson/2.27/jersey-media-json-jackson-2.27.jar:/home/user/.m2/repository/org/glassfish/jersey/ext/jersey-entity-filtering/2.27/jersey-entity-filtering-2.27.jar:/home/user/.m2/repository/com/google/inject/extensions/guice-assistedinject/4.0/guice-assistedinject-4.0.jar:/home/user/.m2/repository/org/jooq/jooq/3.11.10/jooq-3.11.10.jar:/home/user/.m2/repository/org/jooq/jooq-meta/3.11.10/jooq-meta-3.11.10.jar:/home/user/.m2/repository/org/jooq/jooq-codegen/3.11.10/jooq-codegen-3.11.10.jar:/home/user/.m2/repository/com/jolbox/bonecp/0.8.0.RELEASE/bonecp-0.8.0.RELEASE.jar:/home/user/.m2/repository/org/xerial/sqlite-jdbc/3.25.2/sqlite-jdbc-3.25.2.jar:/home/user/.m2/repository/org/springframework/spring-jdbc/5.1.3.RELEASE/spring-jdbc-5.1.3.RELEASE.jar:/home/user/.m2/repository/org/springframework/spring-beans/5.1.3.RELEASE/spring-beans-5.1.3.RELEASE.jar:/home/user/.m2/repository/org/springframework/spring-core/5.1.3.RELEASE/spring-core-5.1.3.RELEASE.jar:/home/user/.m2/repository/org/springframework/spring-jcl/5.1.3.RELEASE/spring-jcl-5.1.3.RELEASE.jar:/home/user/.m2/repository/org/springframework/spring-tx/5.1.3.RELEASE/spring-tx-5.1.3.RELEASE.jar:/home/user/.m2/repository/org/apache/hadoop/hadoop-ozone-client/0.5.0-SNAPSHOT/hadoop-ozone-client-0.5.0-SNAPSHOT.jar:/home/user/.m2/repository/commons-lang/commons-lang/2.6/commons-lang-2.6.jar:/home/user/.m2/repository/org/apache/hadoop/hadoop-ozone-ozone-manager/0.5.0-SNAPSHOT/hadoop-ozone-ozone-manager-0.5.0-SNAPSHOT-tests.jar:/home/user/.m2/repository/junit/junit/4.11/junit-4.11.jar:/home/user/.m2/repository/org/hamcrest/hamcrest-core/1.3/hamcrest-core-1.3.jar:/home/user/.m2/repository/org/openjdk/jmh/jmh-core/1.19/jmh-core-1.19.jar:/home/user/.m2/repository/net/sf/jopt-simple/jopt-simple/4.6/jopt-simple-4.6.jar:/home/user/.m2/repository/org/apache/commons/commons-math3/3.1.1/commons-math3-3.1.1.jar:/home/user/.m2/repository/org/openjdk/jmh/jmh-generator-annprocess/1.19/jmh-generator-annprocess-1.19.jar:/home/user/.m2/repository/org/mockito/mockito-all/1.8.5/mockito-all-1.8.5.jar:/home/user/.m2/repository/org/apache/hadoop/hadoop-kms/3.2.0/hadoop-kms-3.2.0.jar:/home/user/.m2/repository/org/apache/hadoop/hadoop-auth/3.2.0/hadoop-auth-3.2.0.jar:/home/user/.m2/repository/com/nimbusds/nimbus-jose-jwt/4.41.1/nimbus-jose-jwt-4.41.1.jar:/home/user/.m2/repository/com/github/stephenc/jcip/jcip-annotations/1.0-1/jcip-annotations-1.0-1.jar:/home/user/.m2/repository/net/minidev/json-smart/2.3/json-smart-2.3.jar:/home/user/.m2/repository/net/minidev/accessors-smart/1.2/accessors-smart-1.2.jar:/home/user/.m2/repository/org/ow2/asm/asm/5.0.4/asm-5.0.4.jar:/home/user/.m2/repository/org/apache/curator/curator-framework/2.12.0/curator-framework-2.12.0.jar:/home/user/.m2/repository/com/sun/jersey/jersey-core/1.19/jersey-core-1.19.jar:/home/user/.m2/repository/javax/ws/rs/jsr311-api/1.1.1/jsr311-api-1.1.1.jar:/home/user/.m2/repository/com/sun/jersey/jersey-server/1.19/jersey-server-1.19.jar:/home/user/.m2/repository/javax/servlet/javax.servlet-api/3.1.0/javax.servlet-api-3.1.0.jar:/home/user/.m2/repository/org/eclipse/jetty/jetty-server/9.3.25.v20180904/jetty-server-9.3.25.v20180904.jar:/home/user/.m2/repository/org/eclipse/jetty/jetty-http/9.3.25.v20180904/jetty-http-9.3.25.v20180904.jar:/home/user/.m2/repository/org/eclipse/jetty/jetty-io/9.3.25.v20180904/jetty-io-9.3.25.v20180904.jar:/home/user/.m2/repository/org/eclipse/jetty/jetty-webapp/9.3.25.v20180904/jetty-webapp-9.3.25.v20180904.jar:/home/user/.m2/repository/org/eclipse/jetty/jetty-xml/9.3.25.v20180904/jetty-xml-9.3.25.v20180904.jar:/home/user/.m2/repository/log4j/log4j/1.2.17/log4j-1.2.17.jar:/home/user/.m2/repository/org/slf4j/slf4j-api/1.7.25/slf4j-api-1.7.25.jar:/home/user/.m2/repository/org/slf4j/jul-to-slf4j/1.7.25/jul-to-slf4j-1.7.25.jar:/home/user/.m2/repository/org/eclipse/jetty/jetty-util/9.3.25.v20180904/jetty-util-9.3.25.v20180904.jar:/home/user/.m2/repository/com/fasterxml/jackson/core/jackson-databind/2.9.9/jackson-databind-2.9.9.jar:/home/user/.m2/repository/org/apache/hadoop/hadoop-kms/3.2.0/hadoop-kms-3.2.0-tests.jar:/home/user/.m2/repository/org/apache/hadoop/hadoop-hdds-server-scm/0.5.0-SNAPSHOT/hadoop-hdds-server-scm-0.5.0-SNAPSHOT-tests.jar:/home/user/.m2/repository/org/apache/hadoop/hadoop-hdds-container-service/0.5.0-SNAPSHOT/hadoop-hdds-container-service-0.5.0-SNAPSHOT-tests.jar:/home/user/.m2/repository/org/yaml/snakeyaml/1.16/snakeyaml-1.16.jar:/home/user/.m2/repository/org/apache/hadoop/hadoop-common/3.2.0/hadoop-common-3.2.0-tests.jar:/home/user/.m2/repository/org/apache/hadoop/hadoop-annotations/3.2.0/hadoop-annotations-3.2.0.jar:/usr/lib/jvm/java-1.8-openjdk/jre/../lib/tools.jar:/home/user/.m2/repository/commons-cli/commons-cli/1.2/commons-cli-1.2.jar:/home/user/.m2/repository/org/apache/httpcomponents/httpclient/4.5.2/httpclient-4.5.2.jar:/home/user/.m2/repository/org/apache/httpcomponents/httpcore/4.4.4/httpcore-4.4.4.jar:/home/user/.m2/repository/commons-codec/commons-codec/1.11/commons-codec-1.11.jar:/home/user/.m2/repository/commons-net/commons-net/3.6/commons-net-3.6.jar:/home/user/.m2/repository/commons-collections/commons-collections/3.2.2/commons-collections-3.2.2.jar:/home/user/.m2/repository/org/eclipse/jetty/jetty-servlet/9.3.25.v20180904/jetty-servlet-9.3.25.v20180904.jar:/home/user/.m2/repository/org/eclipse/jetty/jetty-security/9.3.25.v20180904/jetty-security-9.3.25.v20180904.jar:/home/user/.m2/repository/javax/servlet/jsp/jsp-api/2.1/jsp-api-2.1.jar:/home/user/.m2/repository/com/sun/jersey/jersey-servlet/1.19/jersey-servlet-1.19.jar:/home/user/.m2/repository/com/sun/jersey/jersey-json/1.19/jersey-json-1.19.jar:/home/user/.m2/repository/org/codehaus/jettison/jettison/1.1/jettison-1.1.jar:/home/user/.m2/repository/org/codehaus/jackson/jackson-core-asl/1.9.13/jackson-core-asl-1.9.13.jar:/home/user/.m2/repository/org/codehaus/jackson/jackson-mapper-asl/1.9.13/jackson-mapper-asl-1.9.13.jar:/home/user/.m2/repository/org/codehaus/jackson/jackson-jaxrs/1.9.13/jackson-jaxrs-1.9.13.jar:/home/user/.m2/repository/org/codehaus/jackson/jackson-xc/1.9.13/jackson-xc-1.9.13.jar:/home/user/.m2/repository/commons-logging/commons-logging/1.1.3/commons-logging-1.1.3.jar:/home/user/.m2/repository/commons-beanutils/commons-beanutils/1.9.4/commons-beanutils-1.9.4.jar:/home/user/.m2/repository/org/apache/commons/commons-configuration2/2.1.1/commons-configuration2-2.1.1.jar:/home/user/.m2/repository/org/apache/commons/commons-lang3/3.7/commons-lang3-3.7.jar:/home/user/.m2/repository/org/apache/commons/commons-text/1.4/commons-text-1.4.jar:/home/user/.m2/repository/org/apache/avro/avro/1.7.7/avro-1.7.7.jar:/home/user/.m2/repository/com/thoughtworks/paranamer/paranamer/2.3/paranamer-2.3.jar:/home/user/.m2/repository/org/xerial/snappy/snappy-java/1.0.5/snappy-java-1.0.5.jar:/home/user/.m2/repository/com/google/re2j/re2j/1.1/re2j-1.1.jar:/home/user/.m2/repository/com/google/code/gson/gson/2.2.4/gson-2.2.4.jar:/home/user/.m2/repository/com/jcraft/jsch/0.1.54/jsch-0.1.54.jar:/home/user/.m2/repository/org/apache/curator/curator-client/2.12.0/curator-client-2.12.0.jar:/home/user/.m2/repository/org/apache/curator/curator-recipes/2.12.0/curator-recipes-2.12.0.jar:/home/user/.m2/repository/com/google/code/findbugs/jsr305/3.0.0/jsr305-3.0.0.jar:/home/user/.m2/repository/org/apache/htrace/htrace-core4/4.1.0-incubating/htrace-core4-4.1.0-incubating.jar:/home/user/.m2/repository/org/apache/zookeeper/zookeeper/3.4.13/zookeeper-3.4.13.jar:/home/user/.m2/repository/jline/jline/0.9.94/jline-0.9.94.jar:/home/user/.m2/repository/org/apache/yetus/audience-annotations/0.5.0/audience-annotations-0.5.0.jar:/home/user/.m2/repository/org/codehaus/woodstox/stax2-api/3.1.4/stax2-api-3.1.4.jar:/home/user/.m2/repository/com/fasterxml/woodstox/woodstox-core/5.0.3/woodstox-core-5.0.3.jar:/home/user/.m2/repository/dnsjava/dnsjava/2.1.7/dnsjava-2.1.7.jar:/home/user/.m2/repository/org/apache/hadoop/hadoop-hdfs/3.2.0/hadoop-hdfs-3.2.0-tests.jar:/home/user/.m2/repository/org/eclipse/jetty/jetty-util-ajax/9.3.25.v20180904/jetty-util-ajax-9.3.25.v20180904.jar:/home/user/.m2/repository/commons-daemon/commons-daemon/1.0.13/commons-daemon-1.0.13.jar:/home/user/.m2/repository/io/netty/netty/3.10.5.Final/netty-3.10.5.Final.jar:/home/user/.m2/repository/io/netty/netty-all/4.0.52.Final/netty-all-4.0.52.Final.jar:/home/user/.m2/repository/org/fusesource/leveldbjni/leveldbjni-all/1.8/leveldbjni-all-1.8.jar:"/>
    <property name="sun.cpu.endian" value="little"/>
    <property name="user.home" value="/home/user"/>
    <property name="user.language" value="en"/>
    <property name="java.specification.vendor" value="Oracle Corporation"/>
    <property name="java.home" value="/usr/lib/jvm/java-1.8-openjdk/jre"/>
    <property name="java.security.krb5.conf" value="/workdir/hadoop-ozone/integration-test/target/test-classes/krb5.conf"/>
    <property name="basedir" value="/workdir/hadoop-ozone/integration-test"/>
    <property name="file.separator" value="/"/>
    <property name="line.separator" value="&#10;"/>
    <property name="java.vm.specification.vendor" value="Oracle Corporation"/>
    <property name="java.specification.name" value="Java Platform API Specification"/>
    <property name="java.awt.graphicsenv" value="sun.awt.X11GraphicsEnvironment"/>
    <property name="surefire.real.class.path" value="/workdir/hadoop-ozone/integration-test/target/surefire/surefirebooter495812461316447966.jar"/>
    <property name="hadoop.log.dir" value="/workdir/hadoop-ozone/integration-test/target/log"/>
    <property name="sun.boot.class.path" value="/usr/lib/jvm/java-1.8-openjdk/jre/lib/resources.jar:/usr/lib/jvm/java-1.8-openjdk/jre/lib/rt.jar:/usr/lib/jvm/java-1.8-openjdk/jre/lib/sunrsasign.jar:/usr/lib/jvm/java-1.8-openjdk/jre/lib/jsse.jar:/usr/lib/jvm/java-1.8-openjdk/jre/lib/jce.jar:/usr/lib/jvm/java-1.8-openjdk/jre/lib/charsets.jar:/usr/lib/jvm/java-1.8-openjdk/jre/lib/jfr.jar:/usr/lib/jvm/java-1.8-openjdk/jre/classes"/>
    <property name="sun.management.compiler" value="HotSpot 64-Bit Tiered Compilers"/>
    <property name="java.runtime.version" value="1.8.0_212-b04"/>
    <property name="java.net.preferIPv4Stack" value="true"/>
    <property name="user.name" value="jenkins1000"/>
    <property name="path.separator" value=":"/>
    <property name="java.security.egd" value="file:///dev/urandom"/>
    <property name="os.version" value="3.10.0-957.12.2.el7.x86_64"/>
    <property name="java.endorsed.dirs" value="/usr/lib/jvm/java-1.8-openjdk/jre/lib/endorsed"/>
    <property name="java.runtime.name" value="OpenJDK Runtime Environment"/>
    <property name="file.encoding" value="UTF-8"/>
    <property name="java.vm.name" value="OpenJDK 64-Bit Server VM"/>
    <property name="test.build.webapps" value=""/>
    <property name="localRepository" value="/home/user/.m2/repository"/>
    <property name="java.vendor.url.bug" value="https://icedtea.classpath.org/bugzilla"/>
    <property name="java.io.tmpdir" value="/tmp"/>
    <property name="require.test.libhadoop" value=""/>
    <property name="java.version" value="1.8.0_212"/>
    <property name="user.dir" value="/workdir/hadoop-ozone/integration-test"/>
    <property name="os.arch" value="amd64"/>
    <property name="java.vm.specification.name" value="Java Virtual Machine Specification"/>
    <property name="test.build.classes" value="/workdir/hadoop-ozone/integration-test/target/test-classes"/>
    <property name="java.awt.printerjob" value="sun.print.PSPrinterJob"/>
    <property name="sun.os.patch.level" value="unknown"/>
    <property name="hadoop.tmp.dir" value="/workdir/hadoop-ozone/integration-test/target/tmp"/>
    <property name="java.library.path" value="/usr/lib/jvm/java-1.8-openjdk/jre/lib/amd64/server:/usr/lib/jvm/java-1.8-openjdk/jre/lib/amd64:/usr/lib/jvm/java-1.8-openjdk/jre/../lib/amd64:/workdir/hadoop-ozone/integration-test/target/native/target/usr/local/lib:/workdir/hadoop-ozone/integration-test/../../hadoop-common-project/hadoop-common/target/native/target/usr/local/lib:/usr/java/packages/lib/amd64:/usr/lib64:/lib64:/lib:/usr/lib"/>
    <property name="java.vm.info" value="mixed mode"/>
    <property name="java.vendor" value="IcedTea"/>
    <property name="java.vm.version" value="25.212-b04"/>
    <property name="java.ext.dirs" value="/usr/lib/jvm/java-1.8-openjdk/jre/lib/ext:/usr/java/packages/lib/ext"/>
    <property name="sun.io.unicode.encoding" value="UnicodeLittle"/>
    <property name="java.class.version" value="52.0"/>
  </properties>
  <testcase name="testWatchForCommitWithKeyWrite" classname="org.apache.hadoop.ozone.client.rpc.TestWatchForCommit" time="80.479"/>
  <testcase name="testWatchForCommitWithSmallerTimeoutValue" classname="org.apache.hadoop.ozone.client.rpc.TestWatchForCommit" time="48.202"/>
  <testcase name="testWatchForCommitForRetryfailure" classname="org.apache.hadoop.ozone.client.rpc.TestWatchForCommit" time="73.756"/>
  <testcase name="testWatchForCommitForGroupMismatchException" classname="org.apache.hadoop.ozone.client.rpc.TestWatchForCommit" time="32.697"/>
  <testcase name="test2WayCommitForTimeoutException" classname="org.apache.hadoop.ozone.client.rpc.TestWatchForCommit" time="22.655">
    <error type="java.util.concurrent.TimeoutException">java.util.concurrent.TimeoutException
	at java.util.concurrent.CompletableFuture.timedGet(CompletableFuture.java:1771)
	at java.util.concurrent.CompletableFuture.get(CompletableFuture.java:1915)
	at org.apache.hadoop.hdds.scm.XceiverClientRatis.watchForCommit(XceiverClientRatis.java:275)
	at org.apache.hadoop.ozone.client.rpc.TestWatchForCommit.test2WayCommitForTimeoutException(TestWatchForCommit.java:391)
	at sun.reflect.NativeMethodAccessorImpl.invoke0(Native Method)
	at sun.reflect.NativeMethodAccessorImpl.invoke(NativeMethodAccessorImpl.java:62)
	at sun.reflect.DelegatingMethodAccessorImpl.invoke(DelegatingMethodAccessorImpl.java:43)
	at java.lang.reflect.Method.invoke(Method.java:498)
	at org.junit.runners.model.FrameworkMethod$1.runReflectiveCall(FrameworkMethod.java:47)
	at org.junit.internal.runners.model.ReflectiveCallable.run(ReflectiveCallable.java:12)
	at org.junit.runners.model.FrameworkMethod.invokeExplosively(FrameworkMethod.java:44)
	at org.junit.internal.runners.statements.InvokeMethod.evaluate(InvokeMethod.java:17)
	at org.junit.runners.ParentRunner.runLeaf(ParentRunner.java:271)
	at org.junit.runners.BlockJUnit4ClassRunner.runChild(BlockJUnit4ClassRunner.java:70)
	at org.junit.runners.BlockJUnit4ClassRunner.runChild(BlockJUnit4ClassRunner.java:50)
	at org.junit.runners.ParentRunner$3.run(ParentRunner.java:238)
	at org.junit.runners.ParentRunner$1.schedule(ParentRunner.java:63)
	at org.junit.runners.ParentRunner.runChildren(ParentRunner.java:236)
	at org.junit.runners.ParentRunner.access$000(ParentRunner.java:53)
	at org.junit.runners.ParentRunner$2.evaluate(ParentRunner.java:229)
	at org.junit.runners.ParentRunner.run(ParentRunner.java:309)
	at org.apache.maven.surefire.junit4.JUnit4Provider.execute(JUnit4Provider.java:365)
	at org.apache.maven.surefire.junit4.JUnit4Provider.executeWithRerun(JUnit4Provider.java:273)
	at org.apache.maven.surefire.junit4.JUnit4Provider.executeTestSet(JUnit4Provider.java:238)
	at org.apache.maven.surefire.junit4.JUnit4Provider.invoke(JUnit4Provider.java:159)
	at org.apache.maven.surefire.booter.ForkedBooter.invokeProviderInSameClassLoader(ForkedBooter.java:384)
	at org.apache.maven.surefire.booter.ForkedBooter.runSuitesInProcess(ForkedBooter.java:345)
	at org.apache.maven.surefire.booter.ForkedBooter.execute(ForkedBooter.java:126)
	at org.apache.maven.surefire.booter.ForkedBooter.main(ForkedBooter.java:418)
</error>
    <system-out><![CDATA[2019-10-07 16:31:27,515 [main] WARN  server.ServerUtils (ServerUtils.java:getScmDbDir(145)) - ozone.scm.db.dirs is not configured. We recommend adding this setting. Falling back to ozone.metadata.dirs instead.
2019-10-07 16:31:27,530 [main] WARN  server.ServerUtils (ServerUtils.java:getScmDbDir(145)) - ozone.scm.db.dirs is not configured. We recommend adding this setting. Falling back to ozone.metadata.dirs instead.
2019-10-07 16:31:27,530 [main] WARN  server.ServerUtils (ServerUtils.java:getScmDbDir(145)) - ozone.scm.db.dirs is not configured. We recommend adding this setting. Falling back to ozone.metadata.dirs instead.
2019-10-07 16:31:27,531 [main] INFO  db.DBStoreBuilder (DBStoreBuilder.java:addTable(117)) - using custom profile for table: deletedBlocks
2019-10-07 16:31:27,531 [main] INFO  db.DBStoreBuilder (DBStoreBuilder.java:processTables(168)) - Using default column profile:DBProfile.DISK for Table:deletedBlocks
2019-10-07 16:31:27,531 [main] INFO  db.DBStoreBuilder (DBStoreBuilder.java:addTable(117)) - using custom profile for table: validCerts
2019-10-07 16:31:27,531 [main] INFO  db.DBStoreBuilder (DBStoreBuilder.java:processTables(168)) - Using default column profile:DBProfile.DISK for Table:validCerts
2019-10-07 16:31:27,532 [main] INFO  db.DBStoreBuilder (DBStoreBuilder.java:addTable(117)) - using custom profile for table: revokedCerts
2019-10-07 16:31:27,532 [main] INFO  db.DBStoreBuilder (DBStoreBuilder.java:processTables(168)) - Using default column profile:DBProfile.DISK for Table:revokedCerts
2019-10-07 16:31:27,532 [main] INFO  db.DBStoreBuilder (DBStoreBuilder.java:addTable(117)) - using custom profile for table: default
2019-10-07 16:31:27,532 [main] INFO  db.DBStoreBuilder (DBStoreBuilder.java:processTables(174)) - Using default column profile:DBProfile.DISK for Table:default
2019-10-07 16:31:27,532 [main] INFO  db.DBStoreBuilder (DBStoreBuilder.java:getDbProfile(205)) - Using default options. DBProfile.DISK
2019-10-07 16:31:27,755 [main] INFO  net.NodeSchemaLoader (NodeSchemaLoader.java:loadSchemaFromFile(125)) - Loading file from sun.misc.CompoundEnumeration@14b275bd
2019-10-07 16:31:27,755 [main] INFO  net.NodeSchemaLoader (NodeSchemaLoader.java:loadSchema(171)) - Loading network topology layer schema file
2019-10-07 16:31:27,761 [main] WARN  server.ServerUtils (ServerUtils.java:sanitizeUserArgs(70)) - ozone.scm.stale.node.interval value = 300000 is larger than max = 100000 based on the key value of ozone.scm.heartbeat.thread.interval, reset to the max value 100000.
2019-10-07 16:31:27,761 [main] WARN  server.ServerUtils (ServerUtils.java:sanitizeUserArgs(70)) - ozone.scm.stale.node.interval value = 300000 is larger than max = 100000 based on the key value of ozone.scm.heartbeat.thread.interval, reset to the max value 100000.
2019-10-07 16:31:27,762 [main] INFO  node.SCMNodeManager (SCMNodeManager.java:<init>(116)) - Entering startup safe mode.
2019-10-07 16:31:27,762 [main] INFO  algorithms.ContainerPlacementPolicyFactory (ContainerPlacementPolicyFactory.java:getPolicy(57)) - Create container placement policy of type org.apache.hadoop.hdds.scm.container.placement.algorithms.SCMContainerPlacementRandom
2019-10-07 16:31:27,763 [main] WARN  server.ServerUtils (ServerUtils.java:getScmDbDir(145)) - ozone.scm.db.dirs is not configured. We recommend adding this setting. Falling back to ozone.metadata.dirs instead.
2019-10-07 16:31:27,841 [main] INFO  pipeline.SCMPipelineManager (SCMPipelineManager.java:initializePipelineState(132)) - No pipeline exists in current db
2019-10-07 16:31:27,841 [main] WARN  server.ServerUtils (ServerUtils.java:getScmDbDir(145)) - ozone.scm.db.dirs is not configured. We recommend adding this setting. Falling back to ozone.metadata.dirs instead.
2019-10-07 16:31:27,922 [main] WARN  events.EventQueue (EventQueue.java:fireEvent(183)) - No event handler registered for event TypedEvent{payloadType=SafeModeStatus, name='SafeModeStatus'}
2019-10-07 16:31:27,923 [main] INFO  ipc.CallQueueManager (CallQueueManager.java:<init>(84)) - Using callQueue: class java.util.concurrent.LinkedBlockingQueue, queueCapacity: 2000, scheduler: class org.apache.hadoop.ipc.DefaultRpcScheduler, ipcBackoff: false.
2019-10-07 16:31:27,924 [Socket Reader #1 for port 38263] INFO  ipc.Server (Server.java:run(1074)) - Starting Socket Reader #1 for port 38263
2019-10-07 16:31:27,926 [main] INFO  ipc.CallQueueManager (CallQueueManager.java:<init>(84)) - Using callQueue: class java.util.concurrent.LinkedBlockingQueue, queueCapacity: 2000, scheduler: class org.apache.hadoop.ipc.DefaultRpcScheduler, ipcBackoff: false.
2019-10-07 16:31:27,927 [Socket Reader #1 for port 45856] INFO  ipc.Server (Server.java:run(1074)) - Starting Socket Reader #1 for port 45856
2019-10-07 16:31:27,929 [main] INFO  ipc.CallQueueManager (CallQueueManager.java:<init>(84)) - Using callQueue: class java.util.concurrent.LinkedBlockingQueue, queueCapacity: 2000, scheduler: class org.apache.hadoop.ipc.DefaultRpcScheduler, ipcBackoff: false.
2019-10-07 16:31:27,930 [Socket Reader #1 for port 37187] INFO  ipc.Server (Server.java:run(1074)) - Starting Socket Reader #1 for port 37187
2019-10-07 16:31:27,934 [main] INFO  hdfs.DFSUtil (DFSUtil.java:httpServerTemplateForNNAndJN(1641)) - Starting Web-server for scm at: http://0.0.0.0:0
2019-10-07 16:31:27,936 [main] INFO  server.AuthenticationFilter (AuthenticationFilter.java:constructSecretProvider(240)) - Unable to initialize FileSignerSecretProvider, falling back to use random secrets.
2019-10-07 16:31:27,937 [main] WARN  http.HttpRequestLog (HttpRequestLog.java:getRequestLog(97)) - Jetty request log can only be enabled using Log4j
2019-10-07 16:31:27,939 [main] INFO  http.HttpServer2 (HttpServer2.java:addGlobalFilter(975)) - Added global filter 'safety' (class=org.apache.hadoop.http.HttpServer2$QuotingInputFilter)
2019-10-07 16:31:27,940 [main] INFO  http.HttpServer2 (HttpServer2.java:addFilter(948)) - Added filter static_user_filter (class=org.apache.hadoop.http.lib.StaticUserWebFilter$StaticUserFilter) to context scm
2019-10-07 16:31:27,941 [main] INFO  http.HttpServer2 (HttpServer2.java:addFilter(958)) - Added filter static_user_filter (class=org.apache.hadoop.http.lib.StaticUserWebFilter$StaticUserFilter) to context logs
2019-10-07 16:31:27,941 [main] INFO  http.HttpServer2 (HttpServer2.java:addFilter(958)) - Added filter static_user_filter (class=org.apache.hadoop.http.lib.StaticUserWebFilter$StaticUserFilter) to context static
2019-10-07 16:31:27,943 [main] INFO  server.StorageContainerManager (StorageContainerManager.java:start(770)) - StorageContainerLocationProtocol RPC server is listening at /0.0.0.0:37187
2019-10-07 16:31:27,946 [main] WARN  impl.MetricsConfig (MetricsConfig.java:loadFirst(134)) - Cannot locate configuration: tried hadoop-metrics2-storagecontainermanager.properties,hadoop-metrics2.properties
2019-10-07 16:31:27,947 [main] INFO  impl.MetricsSystemImpl (MetricsSystemImpl.java:startTimer(374)) - Scheduled Metric snapshot period at 10 second(s).
2019-10-07 16:31:27,948 [main] INFO  impl.MetricsSystemImpl (MetricsSystemImpl.java:start(191)) - StorageContainerManager metrics system started
2019-10-07 16:31:28,024 [main] WARN  impl.MetricsSystemImpl (MetricsSystemImpl.java:register(276)) - Sink prometheus already exists!
2019-10-07 16:31:28,113 [main] INFO  server.SCMClientProtocolServer (SCMClientProtocolServer.java:start(159)) - RPC server for Client  is listening at /0.0.0.0:37187
2019-10-07 16:31:28,114 [IPC Server Responder] INFO  ipc.Server (Server.java:run(1314)) - IPC Server Responder: starting
2019-10-07 16:31:28,114 [IPC Server listener on 37187] INFO  ipc.Server (Server.java:run(1153)) - IPC Server listener on 37187: starting
2019-10-07 16:31:28,118 [main] INFO  server.StorageContainerManager (StorageContainerManager.java:start(780)) - ScmBlockLocationProtocol RPC server is listening at /0.0.0.0:45856
2019-10-07 16:31:28,118 [main] INFO  server.SCMBlockProtocolServer (SCMBlockProtocolServer.java:start(146)) - RPC server for Block Protocol is listening at /0.0.0.0:45856
2019-10-07 16:31:28,118 [IPC Server Responder] INFO  ipc.Server (Server.java:run(1314)) - IPC Server Responder: starting
2019-10-07 16:31:28,118 [IPC Server listener on 45856] INFO  ipc.Server (Server.java:run(1153)) - IPC Server listener on 45856: starting
2019-10-07 16:31:28,123 [main] INFO  server.StorageContainerManager (StorageContainerManager.java:start(784)) - ScmDatanodeProtocl RPC server is listening at /0.0.0.0:38263
2019-10-07 16:31:28,123 [main] INFO  server.SCMDatanodeProtocolServer (SCMDatanodeProtocolServer.java:start(169)) - RPC server for DataNodes is listening at /0.0.0.0:38263
2019-10-07 16:31:28,124 [IPC Server Responder] INFO  ipc.Server (Server.java:run(1314)) - IPC Server Responder: starting
2019-10-07 16:31:28,124 [IPC Server listener on 38263] INFO  ipc.Server (Server.java:run(1153)) - IPC Server listener on 38263: starting
2019-10-07 16:31:28,126 [main] INFO  http.HttpServer2 (HttpServer2.java:bindListener(1191)) - Jetty bound to port 37751
2019-10-07 16:31:28,126 [main] INFO  server.Server (Server.java:doStart(351)) - jetty-9.3.25.v20180904, build timestamp: 2018-09-04T21:11:46Z, git hash: 3ce520221d0240229c862b122d2b06c12a625732
2019-10-07 16:31:28,128 [main] INFO  handler.ContextHandler (ContextHandler.java:doStart(781)) - Started o.e.j.s.ServletContextHandler@679d0be8{/logs,file:///workdir/hadoop-ozone/integration-test/target/log,AVAILABLE}
2019-10-07 16:31:28,128 [main] INFO  handler.ContextHandler (ContextHandler.java:doStart(781)) - Started o.e.j.s.ServletContextHandler@47044f7d{/static,file:///workdir/hadoop-ozone/integration-test/target/test-classes/webapps/static,AVAILABLE}
2019-10-07 16:31:28,132 [main] INFO  handler.ContextHandler (ContextHandler.java:doStart(781)) - Started o.e.j.w.WebAppContext@349c4d1c{/,file:///workdir/hadoop-ozone/integration-test/target/test-classes/webapps/scm/,AVAILABLE}{/scm}
2019-10-07 16:31:28,132 [main] INFO  server.AbstractConnector (AbstractConnector.java:doStart(278)) - Started ServerConnector@21edd891{HTTP/1.1,[http/1.1]}{0.0.0.0:37751}
2019-10-07 16:31:28,133 [main] INFO  server.Server (Server.java:doStart(419)) - Started @236173ms
2019-10-07 16:31:28,133 [main] WARN  impl.MetricsSystemImpl (MetricsSystemImpl.java:register(276)) - Sink prometheus already exists!
2019-10-07 16:31:28,135 [main] INFO  server.BaseHttpServer (BaseHttpServer.java:updateConnectorAddress(215)) - HTTP server of SCM is listening at http://0.0.0.0:37751
2019-10-07 16:31:28,135 [main] WARN  server.ServerUtils (ServerUtils.java:getDBPath(222)) - ozone.om.db.dirs is not configured. We recommend adding this setting. Falling back to ozone.metadata.dirs instead.
2019-10-07 16:31:28,136 [org.apache.hadoop.util.JvmPauseMonitor$Monitor@7971c2a9] INFO  util.JvmPauseMonitor (JvmPauseMonitor.java:run(188)) - Starting JVM pause monitor
2019-10-07 16:31:28,149 [main] INFO  ha.OMHANodeDetails (OMHANodeDetails.java:loadOMHAConfig(190)) - Configuration either no ozone.om.address set. Falling back to the default OM address /127.0.0.1:0
2019-10-07 16:31:28,150 [main] INFO  ha.OMHANodeDetails (OMHANodeDetails.java:getOMNodeDetails(220)) - OM Service ID is not set. Setting it to the default ID: omServiceIdDefault
2019-10-07 16:31:28,150 [main] WARN  server.ServerUtils (ServerUtils.java:getDBPath(222)) - ozone.om.db.dirs is not configured. We recommend adding this setting. Falling back to ozone.metadata.dirs instead.
2019-10-07 16:31:28,151 [main] WARN  server.ServerUtils (ServerUtils.java:getDBPath(222)) - ozone.om.db.dirs is not configured. We recommend adding this setting. Falling back to ozone.metadata.dirs instead.
2019-10-07 16:31:28,163 [main] WARN  server.ServerUtils (ServerUtils.java:getDBPath(222)) - ozone.om.db.dirs is not configured. We recommend adding this setting. Falling back to ozone.metadata.dirs instead.
2019-10-07 16:31:28,163 [main] INFO  db.DBStoreBuilder (DBStoreBuilder.java:addTable(117)) - using custom profile for table: userTable
2019-10-07 16:31:28,163 [main] INFO  db.DBStoreBuilder (DBStoreBuilder.java:processTables(168)) - Using default column profile:DBProfile.DISK for Table:userTable
2019-10-07 16:31:28,164 [main] INFO  db.DBStoreBuilder (DBStoreBuilder.java:addTable(117)) - using custom profile for table: volumeTable
2019-10-07 16:31:28,164 [main] INFO  db.DBStoreBuilder (DBStoreBuilder.java:processTables(168)) - Using default column profile:DBProfile.DISK for Table:volumeTable
2019-10-07 16:31:28,164 [main] INFO  db.DBStoreBuilder (DBStoreBuilder.java:addTable(117)) - using custom profile for table: bucketTable
2019-10-07 16:31:28,164 [main] INFO  db.DBStoreBuilder (DBStoreBuilder.java:processTables(168)) - Using default column profile:DBProfile.DISK for Table:bucketTable
2019-10-07 16:31:28,165 [main] INFO  db.DBStoreBuilder (DBStoreBuilder.java:addTable(117)) - using custom profile for table: keyTable
2019-10-07 16:31:28,165 [main] INFO  db.DBStoreBuilder (DBStoreBuilder.java:processTables(168)) - Using default column profile:DBProfile.DISK for Table:keyTable
2019-10-07 16:31:28,165 [main] INFO  db.DBStoreBuilder (DBStoreBuilder.java:addTable(117)) - using custom profile for table: deletedTable
2019-10-07 16:31:28,165 [main] INFO  db.DBStoreBuilder (DBStoreBuilder.java:processTables(168)) - Using default column profile:DBProfile.DISK for Table:deletedTable
2019-10-07 16:31:28,165 [main] INFO  db.DBStoreBuilder (DBStoreBuilder.java:addTable(117)) - using custom profile for table: openKeyTable
2019-10-07 16:31:28,166 [main] INFO  db.DBStoreBuilder (DBStoreBuilder.java:processTables(168)) - Using default column profile:DBProfile.DISK for Table:openKeyTable
2019-10-07 16:31:28,166 [main] INFO  db.DBStoreBuilder (DBStoreBuilder.java:addTable(117)) - using custom profile for table: s3Table
2019-10-07 16:31:28,166 [main] INFO  db.DBStoreBuilder (DBStoreBuilder.java:processTables(168)) - Using default column profile:DBProfile.DISK for Table:s3Table
2019-10-07 16:31:28,167 [main] INFO  db.DBStoreBuilder (DBStoreBuilder.java:addTable(117)) - using custom profile for table: multipartInfoTable
2019-10-07 16:31:28,167 [main] INFO  db.DBStoreBuilder (DBStoreBuilder.java:processTables(168)) - Using default column profile:DBProfile.DISK for Table:multipartInfoTable
2019-10-07 16:31:28,167 [main] INFO  db.DBStoreBuilder (DBStoreBuilder.java:addTable(117)) - using custom profile for table: dTokenTable
2019-10-07 16:31:28,167 [main] INFO  db.DBStoreBuilder (DBStoreBuilder.java:processTables(168)) - Using default column profile:DBProfile.DISK for Table:dTokenTable
2019-10-07 16:31:28,168 [main] INFO  db.DBStoreBuilder (DBStoreBuilder.java:addTable(117)) - using custom profile for table: s3SecretTable
2019-10-07 16:31:28,168 [main] INFO  db.DBStoreBuilder (DBStoreBuilder.java:processTables(168)) - Using default column profile:DBProfile.DISK for Table:s3SecretTable
2019-10-07 16:31:28,168 [main] INFO  db.DBStoreBuilder (DBStoreBuilder.java:addTable(117)) - using custom profile for table: prefixTable
2019-10-07 16:31:28,168 [main] INFO  db.DBStoreBuilder (DBStoreBuilder.java:processTables(168)) - Using default column profile:DBProfile.DISK for Table:prefixTable
2019-10-07 16:31:28,168 [main] INFO  db.DBStoreBuilder (DBStoreBuilder.java:addTable(117)) - using custom profile for table: default
2019-10-07 16:31:28,169 [main] INFO  db.DBStoreBuilder (DBStoreBuilder.java:processTables(174)) - Using default column profile:DBProfile.DISK for Table:default
2019-10-07 16:31:28,169 [main] INFO  db.DBStoreBuilder (DBStoreBuilder.java:getDbProfile(205)) - Using default options. DBProfile.DISK
2019-10-07 16:31:28,783 [main] INFO  ipc.CallQueueManager (CallQueueManager.java:<init>(84)) - Using callQueue: class java.util.concurrent.LinkedBlockingQueue, queueCapacity: 2000, scheduler: class org.apache.hadoop.ipc.DefaultRpcScheduler, ipcBackoff: false.
2019-10-07 16:31:28,784 [Socket Reader #1 for port 38131] INFO  ipc.Server (Server.java:run(1074)) - Starting Socket Reader #1 for port 38131
2019-10-07 16:31:28,797 [main] INFO  om.OzoneManager (OzoneManager.java:start(1069)) - OzoneManager RPC server is listening at localhost/127.0.0.1:38131
2019-10-07 16:31:28,797 [main] INFO  impl.MetricsSystemImpl (MetricsSystemImpl.java:init(158)) - OzoneManager metrics system started (again)
2019-10-07 16:31:28,798 [IPC Server Responder] INFO  ipc.Server (Server.java:run(1314)) - IPC Server Responder: starting
2019-10-07 16:31:28,800 [IPC Server listener on 38131] INFO  ipc.Server (Server.java:run(1153)) - IPC Server listener on 38131: starting
2019-10-07 16:31:28,804 [main] INFO  hdfs.DFSUtil (DFSUtil.java:httpServerTemplateForNNAndJN(1641)) - Starting Web-server for ozoneManager at: http://0.0.0.0:0
2019-10-07 16:31:28,806 [main] INFO  server.AuthenticationFilter (AuthenticationFilter.java:constructSecretProvider(240)) - Unable to initialize FileSignerSecretProvider, falling back to use random secrets.
2019-10-07 16:31:28,806 [main] WARN  http.HttpRequestLog (HttpRequestLog.java:getRequestLog(97)) - Jetty request log can only be enabled using Log4j
2019-10-07 16:31:28,809 [main] INFO  http.HttpServer2 (HttpServer2.java:addGlobalFilter(975)) - Added global filter 'safety' (class=org.apache.hadoop.http.HttpServer2$QuotingInputFilter)
2019-10-07 16:31:28,809 [main] INFO  http.HttpServer2 (HttpServer2.java:addFilter(948)) - Added filter static_user_filter (class=org.apache.hadoop.http.lib.StaticUserWebFilter$StaticUserFilter) to context ozoneManager
2019-10-07 16:31:28,810 [main] INFO  http.HttpServer2 (HttpServer2.java:addFilter(958)) - Added filter static_user_filter (class=org.apache.hadoop.http.lib.StaticUserWebFilter$StaticUserFilter) to context static
2019-10-07 16:31:28,810 [main] INFO  http.HttpServer2 (HttpServer2.java:addFilter(958)) - Added filter static_user_filter (class=org.apache.hadoop.http.lib.StaticUserWebFilter$StaticUserFilter) to context logs
2019-10-07 16:31:28,811 [main] INFO  http.HttpServer2 (HttpServer2.java:bindListener(1191)) - Jetty bound to port 38365
2019-10-07 16:31:28,811 [main] INFO  server.Server (Server.java:doStart(351)) - jetty-9.3.25.v20180904, build timestamp: 2018-09-04T21:11:46Z, git hash: 3ce520221d0240229c862b122d2b06c12a625732
2019-10-07 16:31:28,813 [main] INFO  handler.ContextHandler (ContextHandler.java:doStart(781)) - Started o.e.j.s.ServletContextHandler@6424e613{/logs,file:///workdir/hadoop-ozone/integration-test/target/log,AVAILABLE}
2019-10-07 16:31:28,814 [main] INFO  handler.ContextHandler (ContextHandler.java:doStart(781)) - Started o.e.j.s.ServletContextHandler@8e99809{/static,file:///workdir/hadoop-ozone/integration-test/target/test-classes/webapps/static,AVAILABLE}
2019-10-07 16:31:28,819 [main] INFO  handler.ContextHandler (ContextHandler.java:doStart(781)) - Started o.e.j.w.WebAppContext@299b9851{/,file:///workdir/hadoop-ozone/integration-test/target/test-classes/webapps/ozoneManager/,AVAILABLE}{/ozoneManager}
2019-10-07 16:31:28,819 [main] INFO  server.AbstractConnector (AbstractConnector.java:doStart(278)) - Started ServerConnector@191a0351{HTTP/1.1,[http/1.1]}{0.0.0.0:38365}
2019-10-07 16:31:28,821 [main] INFO  server.Server (Server.java:doStart(419)) - Started @236861ms
2019-10-07 16:31:28,821 [main] WARN  impl.MetricsSystemImpl (MetricsSystemImpl.java:register(276)) - Sink prometheus already exists!
2019-10-07 16:31:28,822 [main] INFO  server.BaseHttpServer (BaseHttpServer.java:updateConnectorAddress(215)) - HTTP server of OZONEMANAGER is listening at http://0.0.0.0:38365
2019-10-07 16:31:28,839 [main] INFO  impl.MetricsSystemImpl (MetricsSystemImpl.java:init(158)) - HddsDatanode metrics system started (again)
2019-10-07 16:31:28,844 [main] INFO  ozone.HddsDatanodeService (HddsDatanodeService.java:start(184)) - HddsDatanodeService host:pr-hdds-1737-qktq7-3079564033 ip:192.168.164.193
2019-10-07 16:31:28,850 [main] INFO  volume.HddsVolume (HddsVolume.java:<init>(176)) - Creating Volume: /workdir/hadoop-ozone/integration-test/target/test-dir/MiniOzoneClusterImpl-282ca255-90b9-400f-9396-be8b440faf89/datanode-0/data/containers/hdds of  storage type : DISK and capacity : 1482555576320
2019-10-07 16:31:28,851 [main] INFO  volume.VolumeSet (VolumeSet.java:initializeVolumeSet(170)) - Added Volume : /workdir/hadoop-ozone/integration-test/target/test-dir/MiniOzoneClusterImpl-282ca255-90b9-400f-9396-be8b440faf89/datanode-0/data/containers/hdds to VolumeSet
2019-10-07 16:31:28,851 [main] INFO  volume.ThrottledAsyncChecker (ThrottledAsyncChecker.java:schedule(139)) - Scheduling a check for org.apache.hadoop.ozone.container.common.volume.HddsVolume@1cd2143b
2019-10-07 16:31:28,852 [main] INFO  volume.HddsVolumeChecker (HddsVolumeChecker.java:checkAllVolumes(202)) - Scheduled health check for volume org.apache.hadoop.ozone.container.common.volume.HddsVolume@1cd2143b
2019-10-07 16:31:28,868 [main] INFO  impl.RaftServerProxy (ConfUtils.java:logGet(43)) - raft.rpc.type = GRPC (default)
2019-10-07 16:31:28,868 [main] INFO  grpc.GrpcFactory (GrpcFactory.java:checkPooledByteBufAllocatorUseCacheForAllThreads(45)) - PERFORMANCE WARNING: useCacheForAllThreads is true that may cause Netty to create a lot garbage objects and, as a result, trigger GC.
	It is recommended to disable useCacheForAllThreads by setting -Dorg.apache.ratis.thirdparty.io.netty.allocator.useCacheForAllThreads=false in command line.
2019-10-07 16:31:28,869 [main] INFO  grpc.GrpcConfigKeys$Server (ConfUtils.java:logGet(43)) - raft.grpc.server.port = 0 (default)
2019-10-07 16:31:28,869 [main] INFO  server.GrpcService (ConfUtils.java:logGet(43)) - raft.grpc.message.size.max = 33570816 (custom)
2019-10-07 16:31:28,869 [main] INFO  server.RaftServerConfigKeys (ConfUtils.java:logGet(43)) - raft.server.log.appender.buffer.byte-limit = 33554432 (custom)
2019-10-07 16:31:28,869 [main] INFO  server.GrpcService (ConfUtils.java:logGet(43)) - raft.grpc.flow.control.window = 1MB (=1048576) (default)
2019-10-07 16:31:28,870 [main] INFO  server.RaftServerConfigKeys (ConfUtils.java:logGet(43)) - raft.server.rpc.request.timeout = 3000ms (default)
2019-10-07 16:31:28,870 [main] INFO  server.RaftServerConfigKeys (ConfUtils.java:logGet(43)) - raft.server.storage.dir = [/workdir/hadoop-ozone/integration-test/target/test-dir/MiniOzoneClusterImpl-282ca255-90b9-400f-9396-be8b440faf89/datanode-0/data/ratis] (custom)
2019-10-07 16:31:28,872 [main] INFO  hdfs.DFSUtil (DFSUtil.java:httpServerTemplateForNNAndJN(1641)) - Starting Web-server for hddsDatanode at: http://0.0.0.0:0
2019-10-07 16:31:28,873 [main] INFO  server.AuthenticationFilter (AuthenticationFilter.java:constructSecretProvider(240)) - Unable to initialize FileSignerSecretProvider, falling back to use random secrets.
2019-10-07 16:31:28,873 [main] WARN  http.HttpRequestLog (HttpRequestLog.java:getRequestLog(97)) - Jetty request log can only be enabled using Log4j
2019-10-07 16:31:28,875 [main] INFO  http.HttpServer2 (HttpServer2.java:addGlobalFilter(975)) - Added global filter 'safety' (class=org.apache.hadoop.http.HttpServer2$QuotingInputFilter)
2019-10-07 16:31:28,875 [main] INFO  http.HttpServer2 (HttpServer2.java:addFilter(948)) - Added filter static_user_filter (class=org.apache.hadoop.http.lib.StaticUserWebFilter$StaticUserFilter) to context hddsDatanode
2019-10-07 16:31:28,875 [main] INFO  http.HttpServer2 (HttpServer2.java:addFilter(958)) - Added filter static_user_filter (class=org.apache.hadoop.http.lib.StaticUserWebFilter$StaticUserFilter) to context static
2019-10-07 16:31:28,876 [main] INFO  http.HttpServer2 (HttpServer2.java:addFilter(958)) - Added filter static_user_filter (class=org.apache.hadoop.http.lib.StaticUserWebFilter$StaticUserFilter) to context logs
2019-10-07 16:31:28,876 [main] INFO  http.HttpServer2 (HttpServer2.java:bindListener(1191)) - Jetty bound to port 39522
2019-10-07 16:31:28,877 [main] INFO  server.Server (Server.java:doStart(351)) - jetty-9.3.25.v20180904, build timestamp: 2018-09-04T21:11:46Z, git hash: 3ce520221d0240229c862b122d2b06c12a625732
2019-10-07 16:31:28,878 [main] INFO  handler.ContextHandler (ContextHandler.java:doStart(781)) - Started o.e.j.s.ServletContextHandler@75882261{/logs,file:///workdir/hadoop-ozone/integration-test/target/log,AVAILABLE}
2019-10-07 16:31:28,879 [main] INFO  handler.ContextHandler (ContextHandler.java:doStart(781)) - Started o.e.j.s.ServletContextHandler@615efd1c{/static,jar:file:/home/user/.m2/repository/org/apache/hadoop/hadoop-hdds-container-service/0.5.0-SNAPSHOT/hadoop-hdds-container-service-0.5.0-SNAPSHOT.jar!/webapps/static,AVAILABLE}
2019-10-07 16:31:28,911 [main] INFO  handler.ContextHandler (ContextHandler.java:doStart(781)) - Started o.e.j.w.WebAppContext@6da54910{/,file:///tmp/jetty-0.0.0.0-39522-hddsDatanode-_-any-3969940330181067708.dir/webapp/,AVAILABLE}{/hddsDatanode}
2019-10-07 16:31:28,911 [main] INFO  server.AbstractConnector (AbstractConnector.java:doStart(278)) - Started ServerConnector@1bd8afc8{HTTP/1.1,[http/1.1]}{0.0.0.0:39522}
2019-10-07 16:31:28,912 [main] INFO  server.Server (Server.java:doStart(419)) - Started @236953ms
2019-10-07 16:31:28,912 [main] WARN  impl.MetricsSystemImpl (MetricsSystemImpl.java:register(276)) - Sink prometheus already exists!
2019-10-07 16:31:28,913 [main] INFO  server.BaseHttpServer (BaseHttpServer.java:updateConnectorAddress(215)) - HTTP server of HDDSDATANODE is listening at http://0.0.0.0:39522
2019-10-07 16:31:28,913 [main] INFO  impl.MetricsSystemImpl (MetricsSystemImpl.java:init(158)) - HddsDatanode metrics system started (again)
2019-10-07 16:31:28,917 [org.apache.hadoop.util.JvmPauseMonitor$Monitor@713a5c1] INFO  util.JvmPauseMonitor (JvmPauseMonitor.java:run(188)) - Starting JVM pause monitor
2019-10-07 16:31:28,917 [main] INFO  ozone.HddsDatanodeService (HddsDatanodeService.java:start(184)) - HddsDatanodeService host:pr-hdds-1737-qktq7-3079564033 ip:192.168.164.193
2019-10-07 16:31:28,919 [Datanode State Machine Thread - 0] INFO  datanode.InitDatanodeState (InitDatanodeState.java:persistContainerDatanodeDetails(140)) - DatanodeDetails is persisted to /workdir/hadoop-ozone/integration-test/target/test-dir/MiniOzoneClusterImpl-282ca255-90b9-400f-9396-be8b440faf89/datanode-0/meta/datanode.id
2019-10-07 16:31:28,923 [main] INFO  volume.HddsVolume (HddsVolume.java:<init>(176)) - Creating Volume: /workdir/hadoop-ozone/integration-test/target/test-dir/MiniOzoneClusterImpl-282ca255-90b9-400f-9396-be8b440faf89/datanode-1/data/containers/hdds of  storage type : DISK and capacity : 1482555576320
2019-10-07 16:31:28,924 [main] INFO  volume.VolumeSet (VolumeSet.java:initializeVolumeSet(170)) - Added Volume : /workdir/hadoop-ozone/integration-test/target/test-dir/MiniOzoneClusterImpl-282ca255-90b9-400f-9396-be8b440faf89/datanode-1/data/containers/hdds to VolumeSet
2019-10-07 16:31:28,924 [main] INFO  volume.ThrottledAsyncChecker (ThrottledAsyncChecker.java:schedule(139)) - Scheduling a check for org.apache.hadoop.ozone.container.common.volume.HddsVolume@7b96de8d
2019-10-07 16:31:28,924 [main] INFO  volume.HddsVolumeChecker (HddsVolumeChecker.java:checkAllVolumes(202)) - Scheduled health check for volume org.apache.hadoop.ozone.container.common.volume.HddsVolume@7b96de8d
2019-10-07 16:31:28,936 [main] INFO  impl.RaftServerProxy (ConfUtils.java:logGet(43)) - raft.rpc.type = GRPC (default)
2019-10-07 16:31:28,936 [main] INFO  grpc.GrpcFactory (GrpcFactory.java:checkPooledByteBufAllocatorUseCacheForAllThreads(45)) - PERFORMANCE WARNING: useCacheForAllThreads is true that may cause Netty to create a lot garbage objects and, as a result, trigger GC.
	It is recommended to disable useCacheForAllThreads by setting -Dorg.apache.ratis.thirdparty.io.netty.allocator.useCacheForAllThreads=false in command line.
2019-10-07 16:31:28,937 [main] INFO  grpc.GrpcConfigKeys$Server (ConfUtils.java:logGet(43)) - raft.grpc.server.port = 0 (default)
2019-10-07 16:31:28,937 [main] INFO  server.GrpcService (ConfUtils.java:logGet(43)) - raft.grpc.message.size.max = 33570816 (custom)
2019-10-07 16:31:28,937 [main] INFO  server.RaftServerConfigKeys (ConfUtils.java:logGet(43)) - raft.server.log.appender.buffer.byte-limit = 33554432 (custom)
2019-10-07 16:31:28,937 [main] INFO  server.GrpcService (ConfUtils.java:logGet(43)) - raft.grpc.flow.control.window = 1MB (=1048576) (default)
2019-10-07 16:31:28,937 [main] INFO  server.RaftServerConfigKeys (ConfUtils.java:logGet(43)) - raft.server.rpc.request.timeout = 3000ms (default)
2019-10-07 16:31:28,938 [main] INFO  server.RaftServerConfigKeys (ConfUtils.java:logGet(43)) - raft.server.storage.dir = [/workdir/hadoop-ozone/integration-test/target/test-dir/MiniOzoneClusterImpl-282ca255-90b9-400f-9396-be8b440faf89/datanode-1/data/ratis] (custom)
2019-10-07 16:31:28,939 [main] INFO  hdfs.DFSUtil (DFSUtil.java:httpServerTemplateForNNAndJN(1641)) - Starting Web-server for hddsDatanode at: http://0.0.0.0:0
2019-10-07 16:31:28,940 [main] INFO  server.AuthenticationFilter (AuthenticationFilter.java:constructSecretProvider(240)) - Unable to initialize FileSignerSecretProvider, falling back to use random secrets.
2019-10-07 16:31:28,940 [main] WARN  http.HttpRequestLog (HttpRequestLog.java:getRequestLog(97)) - Jetty request log can only be enabled using Log4j
2019-10-07 16:31:28,941 [main] INFO  http.HttpServer2 (HttpServer2.java:addGlobalFilter(975)) - Added global filter 'safety' (class=org.apache.hadoop.http.HttpServer2$QuotingInputFilter)
2019-10-07 16:31:28,942 [main] INFO  http.HttpServer2 (HttpServer2.java:addFilter(948)) - Added filter static_user_filter (class=org.apache.hadoop.http.lib.StaticUserWebFilter$StaticUserFilter) to context hddsDatanode
2019-10-07 16:31:28,942 [main] INFO  http.HttpServer2 (HttpServer2.java:addFilter(958)) - Added filter static_user_filter (class=org.apache.hadoop.http.lib.StaticUserWebFilter$StaticUserFilter) to context static
2019-10-07 16:31:28,942 [main] INFO  http.HttpServer2 (HttpServer2.java:addFilter(958)) - Added filter static_user_filter (class=org.apache.hadoop.http.lib.StaticUserWebFilter$StaticUserFilter) to context logs
2019-10-07 16:31:28,943 [main] INFO  http.HttpServer2 (HttpServer2.java:bindListener(1191)) - Jetty bound to port 37576
2019-10-07 16:31:28,943 [main] INFO  server.Server (Server.java:doStart(351)) - jetty-9.3.25.v20180904, build timestamp: 2018-09-04T21:11:46Z, git hash: 3ce520221d0240229c862b122d2b06c12a625732
2019-10-07 16:31:28,944 [main] INFO  handler.ContextHandler (ContextHandler.java:doStart(781)) - Started o.e.j.s.ServletContextHandler@7d30007d{/logs,file:///workdir/hadoop-ozone/integration-test/target/log,AVAILABLE}
2019-10-07 16:31:28,945 [main] INFO  handler.ContextHandler (ContextHandler.java:doStart(781)) - Started o.e.j.s.ServletContextHandler@2ca54da9{/static,jar:file:/home/user/.m2/repository/org/apache/hadoop/hadoop-hdds-container-service/0.5.0-SNAPSHOT/hadoop-hdds-container-service-0.5.0-SNAPSHOT.jar!/webapps/static,AVAILABLE}
2019-10-07 16:31:28,972 [main] INFO  handler.ContextHandler (ContextHandler.java:doStart(781)) - Started o.e.j.w.WebAppContext@8b13d91{/,file:///tmp/jetty-0.0.0.0-37576-hddsDatanode-_-any-7803393052203177699.dir/webapp/,AVAILABLE}{/hddsDatanode}
2019-10-07 16:31:28,972 [main] INFO  server.AbstractConnector (AbstractConnector.java:doStart(278)) - Started ServerConnector@285a4fe3{HTTP/1.1,[http/1.1]}{0.0.0.0:37576}
2019-10-07 16:31:28,973 [main] INFO  server.Server (Server.java:doStart(419)) - Started @237014ms
2019-10-07 16:31:28,974 [main] WARN  impl.MetricsSystemImpl (MetricsSystemImpl.java:register(276)) - Sink prometheus already exists!
2019-10-07 16:31:28,974 [main] INFO  server.BaseHttpServer (BaseHttpServer.java:updateConnectorAddress(215)) - HTTP server of HDDSDATANODE is listening at http://0.0.0.0:37576
2019-10-07 16:31:28,974 [main] INFO  impl.MetricsSystemImpl (MetricsSystemImpl.java:init(158)) - HddsDatanode metrics system started (again)
2019-10-07 16:31:28,978 [org.apache.hadoop.util.JvmPauseMonitor$Monitor@13c51ae1] INFO  util.JvmPauseMonitor (JvmPauseMonitor.java:run(188)) - Starting JVM pause monitor
2019-10-07 16:31:28,979 [main] INFO  ozone.HddsDatanodeService (HddsDatanodeService.java:start(184)) - HddsDatanodeService host:pr-hdds-1737-qktq7-3079564033 ip:192.168.164.193
2019-10-07 16:31:28,980 [Datanode State Machine Thread - 0] INFO  datanode.InitDatanodeState (InitDatanodeState.java:persistContainerDatanodeDetails(140)) - DatanodeDetails is persisted to /workdir/hadoop-ozone/integration-test/target/test-dir/MiniOzoneClusterImpl-282ca255-90b9-400f-9396-be8b440faf89/datanode-1/meta/datanode.id
2019-10-07 16:31:28,984 [main] INFO  volume.HddsVolume (HddsVolume.java:<init>(176)) - Creating Volume: /workdir/hadoop-ozone/integration-test/target/test-dir/MiniOzoneClusterImpl-282ca255-90b9-400f-9396-be8b440faf89/datanode-2/data/containers/hdds of  storage type : DISK and capacity : 1482555576320
2019-10-07 16:31:28,984 [main] INFO  volume.VolumeSet (VolumeSet.java:initializeVolumeSet(170)) - Added Volume : /workdir/hadoop-ozone/integration-test/target/test-dir/MiniOzoneClusterImpl-282ca255-90b9-400f-9396-be8b440faf89/datanode-2/data/containers/hdds to VolumeSet
2019-10-07 16:31:28,985 [main] INFO  volume.ThrottledAsyncChecker (ThrottledAsyncChecker.java:schedule(139)) - Scheduling a check for org.apache.hadoop.ozone.container.common.volume.HddsVolume@61359e87
2019-10-07 16:31:28,985 [main] INFO  volume.HddsVolumeChecker (HddsVolumeChecker.java:checkAllVolumes(202)) - Scheduled health check for volume org.apache.hadoop.ozone.container.common.volume.HddsVolume@61359e87
2019-10-07 16:31:28,997 [main] INFO  impl.RaftServerProxy (ConfUtils.java:logGet(43)) - raft.rpc.type = GRPC (default)
2019-10-07 16:31:28,998 [main] INFO  grpc.GrpcFactory (GrpcFactory.java:checkPooledByteBufAllocatorUseCacheForAllThreads(45)) - PERFORMANCE WARNING: useCacheForAllThreads is true that may cause Netty to create a lot garbage objects and, as a result, trigger GC.
	It is recommended to disable useCacheForAllThreads by setting -Dorg.apache.ratis.thirdparty.io.netty.allocator.useCacheForAllThreads=false in command line.
2019-10-07 16:31:28,998 [main] INFO  grpc.GrpcConfigKeys$Server (ConfUtils.java:logGet(43)) - raft.grpc.server.port = 0 (default)
2019-10-07 16:31:28,998 [main] INFO  server.GrpcService (ConfUtils.java:logGet(43)) - raft.grpc.message.size.max = 33570816 (custom)
2019-10-07 16:31:28,998 [main] INFO  server.RaftServerConfigKeys (ConfUtils.java:logGet(43)) - raft.server.log.appender.buffer.byte-limit = 33554432 (custom)
2019-10-07 16:31:28,998 [main] INFO  server.GrpcService (ConfUtils.java:logGet(43)) - raft.grpc.flow.control.window = 1MB (=1048576) (default)
2019-10-07 16:31:28,999 [main] INFO  server.RaftServerConfigKeys (ConfUtils.java:logGet(43)) - raft.server.rpc.request.timeout = 3000ms (default)
2019-10-07 16:31:28,999 [main] INFO  server.RaftServerConfigKeys (ConfUtils.java:logGet(43)) - raft.server.storage.dir = [/workdir/hadoop-ozone/integration-test/target/test-dir/MiniOzoneClusterImpl-282ca255-90b9-400f-9396-be8b440faf89/datanode-2/data/ratis] (custom)
2019-10-07 16:31:29,000 [main] INFO  hdfs.DFSUtil (DFSUtil.java:httpServerTemplateForNNAndJN(1641)) - Starting Web-server for hddsDatanode at: http://0.0.0.0:0
2019-10-07 16:31:29,001 [main] INFO  server.AuthenticationFilter (AuthenticationFilter.java:constructSecretProvider(240)) - Unable to initialize FileSignerSecretProvider, falling back to use random secrets.
2019-10-07 16:31:29,001 [main] WARN  http.HttpRequestLog (HttpRequestLog.java:getRequestLog(97)) - Jetty request log can only be enabled using Log4j
2019-10-07 16:31:29,002 [main] INFO  http.HttpServer2 (HttpServer2.java:addGlobalFilter(975)) - Added global filter 'safety' (class=org.apache.hadoop.http.HttpServer2$QuotingInputFilter)
2019-10-07 16:31:29,003 [main] INFO  http.HttpServer2 (HttpServer2.java:addFilter(948)) - Added filter static_user_filter (class=org.apache.hadoop.http.lib.StaticUserWebFilter$StaticUserFilter) to context hddsDatanode
2019-10-07 16:31:29,003 [main] INFO  http.HttpServer2 (HttpServer2.java:addFilter(958)) - Added filter static_user_filter (class=org.apache.hadoop.http.lib.StaticUserWebFilter$StaticUserFilter) to context logs
2019-10-07 16:31:29,003 [main] INFO  http.HttpServer2 (HttpServer2.java:addFilter(958)) - Added filter static_user_filter (class=org.apache.hadoop.http.lib.StaticUserWebFilter$StaticUserFilter) to context static
2019-10-07 16:31:29,004 [main] INFO  http.HttpServer2 (HttpServer2.java:bindListener(1191)) - Jetty bound to port 43321
2019-10-07 16:31:29,004 [main] INFO  server.Server (Server.java:doStart(351)) - jetty-9.3.25.v20180904, build timestamp: 2018-09-04T21:11:46Z, git hash: 3ce520221d0240229c862b122d2b06c12a625732
2019-10-07 16:31:29,005 [main] INFO  handler.ContextHandler (ContextHandler.java:doStart(781)) - Started o.e.j.s.ServletContextHandler@51e7589f{/logs,file:///workdir/hadoop-ozone/integration-test/target/log,AVAILABLE}
2019-10-07 16:31:29,006 [main] INFO  handler.ContextHandler (ContextHandler.java:doStart(781)) - Started o.e.j.s.ServletContextHandler@42c12b3e{/static,jar:file:/home/user/.m2/repository/org/apache/hadoop/hadoop-hdds-container-service/0.5.0-SNAPSHOT/hadoop-hdds-container-service-0.5.0-SNAPSHOT.jar!/webapps/static,AVAILABLE}
2019-10-07 16:31:29,033 [main] INFO  handler.ContextHandler (ContextHandler.java:doStart(781)) - Started o.e.j.w.WebAppContext@69a40b3c{/,file:///tmp/jetty-0.0.0.0-43321-hddsDatanode-_-any-5807389526358360805.dir/webapp/,AVAILABLE}{/hddsDatanode}
2019-10-07 16:31:29,034 [main] INFO  server.AbstractConnector (AbstractConnector.java:doStart(278)) - Started ServerConnector@251c90f{HTTP/1.1,[http/1.1]}{0.0.0.0:43321}
2019-10-07 16:31:29,035 [main] INFO  server.Server (Server.java:doStart(419)) - Started @237075ms
2019-10-07 16:31:29,035 [main] WARN  impl.MetricsSystemImpl (MetricsSystemImpl.java:register(276)) - Sink prometheus already exists!
2019-10-07 16:31:29,035 [main] INFO  server.BaseHttpServer (BaseHttpServer.java:updateConnectorAddress(215)) - HTTP server of HDDSDATANODE is listening at http://0.0.0.0:43321
2019-10-07 16:31:29,036 [main] INFO  impl.MetricsSystemImpl (MetricsSystemImpl.java:init(158)) - HddsDatanode metrics system started (again)
2019-10-07 16:31:29,040 [org.apache.hadoop.util.JvmPauseMonitor$Monitor@3aa9af29] INFO  util.JvmPauseMonitor (JvmPauseMonitor.java:run(188)) - Starting JVM pause monitor
2019-10-07 16:31:29,040 [main] INFO  ozone.HddsDatanodeService (HddsDatanodeService.java:start(184)) - HddsDatanodeService host:pr-hdds-1737-qktq7-3079564033 ip:192.168.164.193
2019-10-07 16:31:29,041 [Datanode State Machine Thread - 0] INFO  datanode.InitDatanodeState (InitDatanodeState.java:persistContainerDatanodeDetails(140)) - DatanodeDetails is persisted to /workdir/hadoop-ozone/integration-test/target/test-dir/MiniOzoneClusterImpl-282ca255-90b9-400f-9396-be8b440faf89/datanode-2/meta/datanode.id
2019-10-07 16:31:29,046 [main] INFO  volume.HddsVolume (HddsVolume.java:<init>(176)) - Creating Volume: /workdir/hadoop-ozone/integration-test/target/test-dir/MiniOzoneClusterImpl-282ca255-90b9-400f-9396-be8b440faf89/datanode-3/data/containers/hdds of  storage type : DISK and capacity : 1482555576320
2019-10-07 16:31:29,047 [main] INFO  volume.VolumeSet (VolumeSet.java:initializeVolumeSet(170)) - Added Volume : /workdir/hadoop-ozone/integration-test/target/test-dir/MiniOzoneClusterImpl-282ca255-90b9-400f-9396-be8b440faf89/datanode-3/data/containers/hdds to VolumeSet
2019-10-07 16:31:29,047 [main] INFO  volume.ThrottledAsyncChecker (ThrottledAsyncChecker.java:schedule(139)) - Scheduling a check for org.apache.hadoop.ozone.container.common.volume.HddsVolume@599f1b7
2019-10-07 16:31:29,047 [main] INFO  volume.HddsVolumeChecker (HddsVolumeChecker.java:checkAllVolumes(202)) - Scheduled health check for volume org.apache.hadoop.ozone.container.common.volume.HddsVolume@599f1b7
2019-10-07 16:31:29,060 [main] INFO  impl.RaftServerProxy (ConfUtils.java:logGet(43)) - raft.rpc.type = GRPC (default)
2019-10-07 16:31:29,061 [main] INFO  grpc.GrpcFactory (GrpcFactory.java:checkPooledByteBufAllocatorUseCacheForAllThreads(45)) - PERFORMANCE WARNING: useCacheForAllThreads is true that may cause Netty to create a lot garbage objects and, as a result, trigger GC.
	It is recommended to disable useCacheForAllThreads by setting -Dorg.apache.ratis.thirdparty.io.netty.allocator.useCacheForAllThreads=false in command line.
2019-10-07 16:31:29,061 [main] INFO  grpc.GrpcConfigKeys$Server (ConfUtils.java:logGet(43)) - raft.grpc.server.port = 0 (default)
2019-10-07 16:31:29,061 [main] INFO  server.GrpcService (ConfUtils.java:logGet(43)) - raft.grpc.message.size.max = 33570816 (custom)
2019-10-07 16:31:29,061 [main] INFO  server.RaftServerConfigKeys (ConfUtils.java:logGet(43)) - raft.server.log.appender.buffer.byte-limit = 33554432 (custom)
2019-10-07 16:31:29,061 [main] INFO  server.GrpcService (ConfUtils.java:logGet(43)) - raft.grpc.flow.control.window = 1MB (=1048576) (default)
2019-10-07 16:31:29,061 [main] INFO  server.RaftServerConfigKeys (ConfUtils.java:logGet(43)) - raft.server.rpc.request.timeout = 3000ms (default)
2019-10-07 16:31:29,062 [main] INFO  server.RaftServerConfigKeys (ConfUtils.java:logGet(43)) - raft.server.storage.dir = [/workdir/hadoop-ozone/integration-test/target/test-dir/MiniOzoneClusterImpl-282ca255-90b9-400f-9396-be8b440faf89/datanode-3/data/ratis] (custom)
2019-10-07 16:31:29,063 [main] INFO  hdfs.DFSUtil (DFSUtil.java:httpServerTemplateForNNAndJN(1641)) - Starting Web-server for hddsDatanode at: http://0.0.0.0:0
2019-10-07 16:31:29,064 [main] INFO  server.AuthenticationFilter (AuthenticationFilter.java:constructSecretProvider(240)) - Unable to initialize FileSignerSecretProvider, falling back to use random secrets.
2019-10-07 16:31:29,064 [main] WARN  http.HttpRequestLog (HttpRequestLog.java:getRequestLog(97)) - Jetty request log can only be enabled using Log4j
2019-10-07 16:31:29,065 [main] INFO  http.HttpServer2 (HttpServer2.java:addGlobalFilter(975)) - Added global filter 'safety' (class=org.apache.hadoop.http.HttpServer2$QuotingInputFilter)
2019-10-07 16:31:29,066 [main] INFO  http.HttpServer2 (HttpServer2.java:addFilter(948)) - Added filter static_user_filter (class=org.apache.hadoop.http.lib.StaticUserWebFilter$StaticUserFilter) to context hddsDatanode
2019-10-07 16:31:29,066 [main] INFO  http.HttpServer2 (HttpServer2.java:addFilter(958)) - Added filter static_user_filter (class=org.apache.hadoop.http.lib.StaticUserWebFilter$StaticUserFilter) to context logs
2019-10-07 16:31:29,066 [main] INFO  http.HttpServer2 (HttpServer2.java:addFilter(958)) - Added filter static_user_filter (class=org.apache.hadoop.http.lib.StaticUserWebFilter$StaticUserFilter) to context static
2019-10-07 16:31:29,066 [main] INFO  http.HttpServer2 (HttpServer2.java:bindListener(1191)) - Jetty bound to port 35908
2019-10-07 16:31:29,067 [main] INFO  server.Server (Server.java:doStart(351)) - jetty-9.3.25.v20180904, build timestamp: 2018-09-04T21:11:46Z, git hash: 3ce520221d0240229c862b122d2b06c12a625732
2019-10-07 16:31:29,068 [main] INFO  handler.ContextHandler (ContextHandler.java:doStart(781)) - Started o.e.j.s.ServletContextHandler@350323a0{/logs,file:///workdir/hadoop-ozone/integration-test/target/log,AVAILABLE}
2019-10-07 16:31:29,069 [main] INFO  handler.ContextHandler (ContextHandler.java:doStart(781)) - Started o.e.j.s.ServletContextHandler@5d7dd549{/static,jar:file:/home/user/.m2/repository/org/apache/hadoop/hadoop-hdds-container-service/0.5.0-SNAPSHOT/hadoop-hdds-container-service-0.5.0-SNAPSHOT.jar!/webapps/static,AVAILABLE}
2019-10-07 16:31:29,096 [main] INFO  handler.ContextHandler (ContextHandler.java:doStart(781)) - Started o.e.j.w.WebAppContext@7d59e968{/,file:///tmp/jetty-0.0.0.0-35908-hddsDatanode-_-any-3390852118769963509.dir/webapp/,AVAILABLE}{/hddsDatanode}
2019-10-07 16:31:29,097 [main] INFO  server.AbstractConnector (AbstractConnector.java:doStart(278)) - Started ServerConnector@55361f03{HTTP/1.1,[http/1.1]}{0.0.0.0:35908}
2019-10-07 16:31:29,098 [main] INFO  server.Server (Server.java:doStart(419)) - Started @237138ms
2019-10-07 16:31:29,098 [main] WARN  impl.MetricsSystemImpl (MetricsSystemImpl.java:register(276)) - Sink prometheus already exists!
2019-10-07 16:31:29,098 [main] INFO  server.BaseHttpServer (BaseHttpServer.java:updateConnectorAddress(215)) - HTTP server of HDDSDATANODE is listening at http://0.0.0.0:35908
2019-10-07 16:31:29,099 [main] INFO  impl.MetricsSystemImpl (MetricsSystemImpl.java:init(158)) - HddsDatanode metrics system started (again)
2019-10-07 16:31:29,103 [org.apache.hadoop.util.JvmPauseMonitor$Monitor@5e15884c] INFO  util.JvmPauseMonitor (JvmPauseMonitor.java:run(188)) - Starting JVM pause monitor
2019-10-07 16:31:29,103 [main] INFO  ozone.HddsDatanodeService (HddsDatanodeService.java:start(184)) - HddsDatanodeService host:pr-hdds-1737-qktq7-3079564033 ip:192.168.164.193
2019-10-07 16:31:29,105 [Datanode State Machine Thread - 0] INFO  datanode.InitDatanodeState (InitDatanodeState.java:persistContainerDatanodeDetails(140)) - DatanodeDetails is persisted to /workdir/hadoop-ozone/integration-test/target/test-dir/MiniOzoneClusterImpl-282ca255-90b9-400f-9396-be8b440faf89/datanode-3/meta/datanode.id
2019-10-07 16:31:29,109 [main] INFO  volume.HddsVolume (HddsVolume.java:<init>(176)) - Creating Volume: /workdir/hadoop-ozone/integration-test/target/test-dir/MiniOzoneClusterImpl-282ca255-90b9-400f-9396-be8b440faf89/datanode-4/data/containers/hdds of  storage type : DISK and capacity : 1482555576320
2019-10-07 16:31:29,109 [main] INFO  volume.VolumeSet (VolumeSet.java:initializeVolumeSet(170)) - Added Volume : /workdir/hadoop-ozone/integration-test/target/test-dir/MiniOzoneClusterImpl-282ca255-90b9-400f-9396-be8b440faf89/datanode-4/data/containers/hdds to VolumeSet
2019-10-07 16:31:29,110 [main] INFO  volume.ThrottledAsyncChecker (ThrottledAsyncChecker.java:schedule(139)) - Scheduling a check for org.apache.hadoop.ozone.container.common.volume.HddsVolume@4584304
2019-10-07 16:31:29,110 [main] INFO  volume.HddsVolumeChecker (HddsVolumeChecker.java:checkAllVolumes(202)) - Scheduled health check for volume org.apache.hadoop.ozone.container.common.volume.HddsVolume@4584304
2019-10-07 16:31:29,122 [main] INFO  impl.RaftServerProxy (ConfUtils.java:logGet(43)) - raft.rpc.type = GRPC (default)
2019-10-07 16:31:29,123 [main] INFO  grpc.GrpcFactory (GrpcFactory.java:checkPooledByteBufAllocatorUseCacheForAllThreads(45)) - PERFORMANCE WARNING: useCacheForAllThreads is true that may cause Netty to create a lot garbage objects and, as a result, trigger GC.
	It is recommended to disable useCacheForAllThreads by setting -Dorg.apache.ratis.thirdparty.io.netty.allocator.useCacheForAllThreads=false in command line.
2019-10-07 16:31:29,123 [main] INFO  grpc.GrpcConfigKeys$Server (ConfUtils.java:logGet(43)) - raft.grpc.server.port = 0 (default)
2019-10-07 16:31:29,123 [main] INFO  server.GrpcService (ConfUtils.java:logGet(43)) - raft.grpc.message.size.max = 33570816 (custom)
2019-10-07 16:31:29,123 [main] INFO  server.RaftServerConfigKeys (ConfUtils.java:logGet(43)) - raft.server.log.appender.buffer.byte-limit = 33554432 (custom)
2019-10-07 16:31:29,123 [main] INFO  server.GrpcService (ConfUtils.java:logGet(43)) - raft.grpc.flow.control.window = 1MB (=1048576) (default)
2019-10-07 16:31:29,123 [main] INFO  server.RaftServerConfigKeys (ConfUtils.java:logGet(43)) - raft.server.rpc.request.timeout = 3000ms (default)
2019-10-07 16:31:29,124 [main] INFO  server.RaftServerConfigKeys (ConfUtils.java:logGet(43)) - raft.server.storage.dir = [/workdir/hadoop-ozone/integration-test/target/test-dir/MiniOzoneClusterImpl-282ca255-90b9-400f-9396-be8b440faf89/datanode-4/data/ratis] (custom)
2019-10-07 16:31:29,125 [main] INFO  hdfs.DFSUtil (DFSUtil.java:httpServerTemplateForNNAndJN(1641)) - Starting Web-server for hddsDatanode at: http://0.0.0.0:0
2019-10-07 16:31:29,126 [main] INFO  server.AuthenticationFilter (AuthenticationFilter.java:constructSecretProvider(240)) - Unable to initialize FileSignerSecretProvider, falling back to use random secrets.
2019-10-07 16:31:29,126 [main] WARN  http.HttpRequestLog (HttpRequestLog.java:getRequestLog(97)) - Jetty request log can only be enabled using Log4j
2019-10-07 16:31:29,127 [main] INFO  http.HttpServer2 (HttpServer2.java:addGlobalFilter(975)) - Added global filter 'safety' (class=org.apache.hadoop.http.HttpServer2$QuotingInputFilter)
2019-10-07 16:31:29,128 [main] INFO  http.HttpServer2 (HttpServer2.java:addFilter(948)) - Added filter static_user_filter (class=org.apache.hadoop.http.lib.StaticUserWebFilter$StaticUserFilter) to context hddsDatanode
2019-10-07 16:31:29,128 [main] INFO  http.HttpServer2 (HttpServer2.java:addFilter(958)) - Added filter static_user_filter (class=org.apache.hadoop.http.lib.StaticUserWebFilter$StaticUserFilter) to context logs
2019-10-07 16:31:29,128 [main] INFO  http.HttpServer2 (HttpServer2.java:addFilter(958)) - Added filter static_user_filter (class=org.apache.hadoop.http.lib.StaticUserWebFilter$StaticUserFilter) to context static
2019-10-07 16:31:29,128 [main] INFO  http.HttpServer2 (HttpServer2.java:bindListener(1191)) - Jetty bound to port 38534
2019-10-07 16:31:29,129 [main] INFO  server.Server (Server.java:doStart(351)) - jetty-9.3.25.v20180904, build timestamp: 2018-09-04T21:11:46Z, git hash: 3ce520221d0240229c862b122d2b06c12a625732
2019-10-07 16:31:29,130 [main] INFO  handler.ContextHandler (ContextHandler.java:doStart(781)) - Started o.e.j.s.ServletContextHandler@10d18696{/logs,file:///workdir/hadoop-ozone/integration-test/target/log,AVAILABLE}
2019-10-07 16:31:29,131 [main] INFO  handler.ContextHandler (ContextHandler.java:doStart(781)) - Started o.e.j.s.ServletContextHandler@7d37ee0c{/static,jar:file:/home/user/.m2/repository/org/apache/hadoop/hadoop-hdds-container-service/0.5.0-SNAPSHOT/hadoop-hdds-container-service-0.5.0-SNAPSHOT.jar!/webapps/static,AVAILABLE}
2019-10-07 16:31:29,158 [main] INFO  handler.ContextHandler (ContextHandler.java:doStart(781)) - Started o.e.j.w.WebAppContext@5b8853{/,file:///tmp/jetty-0.0.0.0-38534-hddsDatanode-_-any-2822409598541175165.dir/webapp/,AVAILABLE}{/hddsDatanode}
2019-10-07 16:31:29,158 [main] INFO  server.AbstractConnector (AbstractConnector.java:doStart(278)) - Started ServerConnector@1b8aaeab{HTTP/1.1,[http/1.1]}{0.0.0.0:38534}
2019-10-07 16:31:29,160 [main] INFO  server.Server (Server.java:doStart(419)) - Started @237200ms
2019-10-07 16:31:29,160 [main] WARN  impl.MetricsSystemImpl (MetricsSystemImpl.java:register(276)) - Sink prometheus already exists!
2019-10-07 16:31:29,161 [main] INFO  server.BaseHttpServer (BaseHttpServer.java:updateConnectorAddress(215)) - HTTP server of HDDSDATANODE is listening at http://0.0.0.0:38534
2019-10-07 16:31:29,161 [main] INFO  impl.MetricsSystemImpl (MetricsSystemImpl.java:init(158)) - HddsDatanode metrics system started (again)
2019-10-07 16:31:29,165 [org.apache.hadoop.util.JvmPauseMonitor$Monitor@4f3c331e] INFO  util.JvmPauseMonitor (JvmPauseMonitor.java:run(188)) - Starting JVM pause monitor
2019-10-07 16:31:29,166 [main] INFO  ozone.HddsDatanodeService (HddsDatanodeService.java:start(184)) - HddsDatanodeService host:pr-hdds-1737-qktq7-3079564033 ip:192.168.164.193
2019-10-07 16:31:29,166 [Datanode State Machine Thread - 0] INFO  datanode.InitDatanodeState (InitDatanodeState.java:persistContainerDatanodeDetails(140)) - DatanodeDetails is persisted to /workdir/hadoop-ozone/integration-test/target/test-dir/MiniOzoneClusterImpl-282ca255-90b9-400f-9396-be8b440faf89/datanode-4/meta/datanode.id
2019-10-07 16:31:29,171 [main] INFO  volume.HddsVolume (HddsVolume.java:<init>(176)) - Creating Volume: /workdir/hadoop-ozone/integration-test/target/test-dir/MiniOzoneClusterImpl-282ca255-90b9-400f-9396-be8b440faf89/datanode-5/data/containers/hdds of  storage type : DISK and capacity : 1482555576320
2019-10-07 16:31:29,171 [main] INFO  volume.VolumeSet (VolumeSet.java:initializeVolumeSet(170)) - Added Volume : /workdir/hadoop-ozone/integration-test/target/test-dir/MiniOzoneClusterImpl-282ca255-90b9-400f-9396-be8b440faf89/datanode-5/data/containers/hdds to VolumeSet
2019-10-07 16:31:29,172 [main] INFO  volume.ThrottledAsyncChecker (ThrottledAsyncChecker.java:schedule(139)) - Scheduling a check for org.apache.hadoop.ozone.container.common.volume.HddsVolume@66e341e9
2019-10-07 16:31:29,172 [main] INFO  volume.HddsVolumeChecker (HddsVolumeChecker.java:checkAllVolumes(202)) - Scheduled health check for volume org.apache.hadoop.ozone.container.common.volume.HddsVolume@66e341e9
2019-10-07 16:31:29,184 [main] INFO  impl.RaftServerProxy (ConfUtils.java:logGet(43)) - raft.rpc.type = GRPC (default)
2019-10-07 16:31:29,184 [main] INFO  grpc.GrpcFactory (GrpcFactory.java:checkPooledByteBufAllocatorUseCacheForAllThreads(45)) - PERFORMANCE WARNING: useCacheForAllThreads is true that may cause Netty to create a lot garbage objects and, as a result, trigger GC.
	It is recommended to disable useCacheForAllThreads by setting -Dorg.apache.ratis.thirdparty.io.netty.allocator.useCacheForAllThreads=false in command line.
2019-10-07 16:31:29,184 [main] INFO  grpc.GrpcConfigKeys$Server (ConfUtils.java:logGet(43)) - raft.grpc.server.port = 0 (default)
2019-10-07 16:31:29,184 [main] INFO  server.GrpcService (ConfUtils.java:logGet(43)) - raft.grpc.message.size.max = 33570816 (custom)
2019-10-07 16:31:29,184 [main] INFO  server.RaftServerConfigKeys (ConfUtils.java:logGet(43)) - raft.server.log.appender.buffer.byte-limit = 33554432 (custom)
2019-10-07 16:31:29,184 [main] INFO  server.GrpcService (ConfUtils.java:logGet(43)) - raft.grpc.flow.control.window = 1MB (=1048576) (default)
2019-10-07 16:31:29,185 [main] INFO  server.RaftServerConfigKeys (ConfUtils.java:logGet(43)) - raft.server.rpc.request.timeout = 3000ms (default)
2019-10-07 16:31:29,185 [main] INFO  server.RaftServerConfigKeys (ConfUtils.java:logGet(43)) - raft.server.storage.dir = [/workdir/hadoop-ozone/integration-test/target/test-dir/MiniOzoneClusterImpl-282ca255-90b9-400f-9396-be8b440faf89/datanode-5/data/ratis] (custom)
2019-10-07 16:31:29,186 [main] INFO  hdfs.DFSUtil (DFSUtil.java:httpServerTemplateForNNAndJN(1641)) - Starting Web-server for hddsDatanode at: http://0.0.0.0:0
2019-10-07 16:31:29,187 [main] INFO  server.AuthenticationFilter (AuthenticationFilter.java:constructSecretProvider(240)) - Unable to initialize FileSignerSecretProvider, falling back to use random secrets.
2019-10-07 16:31:29,187 [main] WARN  http.HttpRequestLog (HttpRequestLog.java:getRequestLog(97)) - Jetty request log can only be enabled using Log4j
2019-10-07 16:31:29,188 [main] INFO  http.HttpServer2 (HttpServer2.java:addGlobalFilter(975)) - Added global filter 'safety' (class=org.apache.hadoop.http.HttpServer2$QuotingInputFilter)
2019-10-07 16:31:29,189 [main] INFO  http.HttpServer2 (HttpServer2.java:addFilter(948)) - Added filter static_user_filter (class=org.apache.hadoop.http.lib.StaticUserWebFilter$StaticUserFilter) to context hddsDatanode
2019-10-07 16:31:29,189 [main] INFO  http.HttpServer2 (HttpServer2.java:addFilter(958)) - Added filter static_user_filter (class=org.apache.hadoop.http.lib.StaticUserWebFilter$StaticUserFilter) to context static
2019-10-07 16:31:29,189 [main] INFO  http.HttpServer2 (HttpServer2.java:addFilter(958)) - Added filter static_user_filter (class=org.apache.hadoop.http.lib.StaticUserWebFilter$StaticUserFilter) to context logs
2019-10-07 16:31:29,190 [main] INFO  http.HttpServer2 (HttpServer2.java:bindListener(1191)) - Jetty bound to port 37442
2019-10-07 16:31:29,190 [main] INFO  server.Server (Server.java:doStart(351)) - jetty-9.3.25.v20180904, build timestamp: 2018-09-04T21:11:46Z, git hash: 3ce520221d0240229c862b122d2b06c12a625732
2019-10-07 16:31:29,191 [main] INFO  handler.ContextHandler (ContextHandler.java:doStart(781)) - Started o.e.j.s.ServletContextHandler@28768e25{/logs,file:///workdir/hadoop-ozone/integration-test/target/log,AVAILABLE}
2019-10-07 16:31:29,192 [main] INFO  handler.ContextHandler (ContextHandler.java:doStart(781)) - Started o.e.j.s.ServletContextHandler@143fefaf{/static,jar:file:/home/user/.m2/repository/org/apache/hadoop/hadoop-hdds-container-service/0.5.0-SNAPSHOT/hadoop-hdds-container-service-0.5.0-SNAPSHOT.jar!/webapps/static,AVAILABLE}
2019-10-07 16:31:29,219 [main] INFO  handler.ContextHandler (ContextHandler.java:doStart(781)) - Started o.e.j.w.WebAppContext@36478bce{/,file:///tmp/jetty-0.0.0.0-37442-hddsDatanode-_-any-5132150481671467485.dir/webapp/,AVAILABLE}{/hddsDatanode}
2019-10-07 16:31:29,219 [main] INFO  server.AbstractConnector (AbstractConnector.java:doStart(278)) - Started ServerConnector@c48b543{HTTP/1.1,[http/1.1]}{0.0.0.0:37442}
2019-10-07 16:31:29,221 [main] INFO  server.Server (Server.java:doStart(419)) - Started @237261ms
2019-10-07 16:31:29,221 [main] WARN  impl.MetricsSystemImpl (MetricsSystemImpl.java:register(276)) - Sink prometheus already exists!
2019-10-07 16:31:29,221 [main] INFO  server.BaseHttpServer (BaseHttpServer.java:updateConnectorAddress(215)) - HTTP server of HDDSDATANODE is listening at http://0.0.0.0:37442
2019-10-07 16:31:29,222 [main] INFO  impl.MetricsSystemImpl (MetricsSystemImpl.java:init(158)) - HddsDatanode metrics system started (again)
2019-10-07 16:31:29,227 [org.apache.hadoop.util.JvmPauseMonitor$Monitor@592ac304] INFO  util.JvmPauseMonitor (JvmPauseMonitor.java:run(188)) - Starting JVM pause monitor
2019-10-07 16:31:29,227 [main] INFO  ozone.HddsDatanodeService (HddsDatanodeService.java:start(184)) - HddsDatanodeService host:pr-hdds-1737-qktq7-3079564033 ip:192.168.164.193
2019-10-07 16:31:29,228 [Datanode State Machine Thread - 0] INFO  datanode.InitDatanodeState (InitDatanodeState.java:persistContainerDatanodeDetails(140)) - DatanodeDetails is persisted to /workdir/hadoop-ozone/integration-test/target/test-dir/MiniOzoneClusterImpl-282ca255-90b9-400f-9396-be8b440faf89/datanode-5/meta/datanode.id
2019-10-07 16:31:29,233 [main] INFO  volume.HddsVolume (HddsVolume.java:<init>(176)) - Creating Volume: /workdir/hadoop-ozone/integration-test/target/test-dir/MiniOzoneClusterImpl-282ca255-90b9-400f-9396-be8b440faf89/datanode-6/data/containers/hdds of  storage type : DISK and capacity : 1482555576320
2019-10-07 16:31:29,234 [main] INFO  volume.VolumeSet (VolumeSet.java:initializeVolumeSet(170)) - Added Volume : /workdir/hadoop-ozone/integration-test/target/test-dir/MiniOzoneClusterImpl-282ca255-90b9-400f-9396-be8b440faf89/datanode-6/data/containers/hdds to VolumeSet
2019-10-07 16:31:29,234 [main] INFO  volume.ThrottledAsyncChecker (ThrottledAsyncChecker.java:schedule(139)) - Scheduling a check for org.apache.hadoop.ozone.container.common.volume.HddsVolume@743c3520
2019-10-07 16:31:29,234 [main] INFO  volume.HddsVolumeChecker (HddsVolumeChecker.java:checkAllVolumes(202)) - Scheduled health check for volume org.apache.hadoop.ozone.container.common.volume.HddsVolume@743c3520
2019-10-07 16:31:29,247 [main] INFO  impl.RaftServerProxy (ConfUtils.java:logGet(43)) - raft.rpc.type = GRPC (default)
2019-10-07 16:31:29,247 [main] INFO  grpc.GrpcFactory (GrpcFactory.java:checkPooledByteBufAllocatorUseCacheForAllThreads(45)) - PERFORMANCE WARNING: useCacheForAllThreads is true that may cause Netty to create a lot garbage objects and, as a result, trigger GC.
	It is recommended to disable useCacheForAllThreads by setting -Dorg.apache.ratis.thirdparty.io.netty.allocator.useCacheForAllThreads=false in command line.
2019-10-07 16:31:29,248 [main] INFO  grpc.GrpcConfigKeys$Server (ConfUtils.java:logGet(43)) - raft.grpc.server.port = 0 (default)
2019-10-07 16:31:29,248 [main] INFO  server.GrpcService (ConfUtils.java:logGet(43)) - raft.grpc.message.size.max = 33570816 (custom)
2019-10-07 16:31:29,248 [main] INFO  server.RaftServerConfigKeys (ConfUtils.java:logGet(43)) - raft.server.log.appender.buffer.byte-limit = 33554432 (custom)
2019-10-07 16:31:29,248 [main] INFO  server.GrpcService (ConfUtils.java:logGet(43)) - raft.grpc.flow.control.window = 1MB (=1048576) (default)
2019-10-07 16:31:29,248 [main] INFO  server.RaftServerConfigKeys (ConfUtils.java:logGet(43)) - raft.server.rpc.request.timeout = 3000ms (default)
2019-10-07 16:31:29,249 [main] INFO  server.RaftServerConfigKeys (ConfUtils.java:logGet(43)) - raft.server.storage.dir = [/workdir/hadoop-ozone/integration-test/target/test-dir/MiniOzoneClusterImpl-282ca255-90b9-400f-9396-be8b440faf89/datanode-6/data/ratis] (custom)
2019-10-07 16:31:29,249 [main] INFO  hdfs.DFSUtil (DFSUtil.java:httpServerTemplateForNNAndJN(1641)) - Starting Web-server for hddsDatanode at: http://0.0.0.0:0
2019-10-07 16:31:29,250 [main] INFO  server.AuthenticationFilter (AuthenticationFilter.java:constructSecretProvider(240)) - Unable to initialize FileSignerSecretProvider, falling back to use random secrets.
2019-10-07 16:31:29,251 [main] WARN  http.HttpRequestLog (HttpRequestLog.java:getRequestLog(97)) - Jetty request log can only be enabled using Log4j
2019-10-07 16:31:29,252 [main] INFO  http.HttpServer2 (HttpServer2.java:addGlobalFilter(975)) - Added global filter 'safety' (class=org.apache.hadoop.http.HttpServer2$QuotingInputFilter)
2019-10-07 16:31:29,252 [main] INFO  http.HttpServer2 (HttpServer2.java:addFilter(948)) - Added filter static_user_filter (class=org.apache.hadoop.http.lib.StaticUserWebFilter$StaticUserFilter) to context hddsDatanode
2019-10-07 16:31:29,252 [main] INFO  http.HttpServer2 (HttpServer2.java:addFilter(958)) - Added filter static_user_filter (class=org.apache.hadoop.http.lib.StaticUserWebFilter$StaticUserFilter) to context static
2019-10-07 16:31:29,253 [main] INFO  http.HttpServer2 (HttpServer2.java:addFilter(958)) - Added filter static_user_filter (class=org.apache.hadoop.http.lib.StaticUserWebFilter$StaticUserFilter) to context logs
2019-10-07 16:31:29,253 [main] INFO  http.HttpServer2 (HttpServer2.java:bindListener(1191)) - Jetty bound to port 42115
2019-10-07 16:31:29,253 [main] INFO  server.Server (Server.java:doStart(351)) - jetty-9.3.25.v20180904, build timestamp: 2018-09-04T21:11:46Z, git hash: 3ce520221d0240229c862b122d2b06c12a625732
2019-10-07 16:31:29,255 [main] INFO  handler.ContextHandler (ContextHandler.java:doStart(781)) - Started o.e.j.s.ServletContextHandler@497ed877{/logs,file:///workdir/hadoop-ozone/integration-test/target/log,AVAILABLE}
2019-10-07 16:31:29,255 [main] INFO  handler.ContextHandler (ContextHandler.java:doStart(781)) - Started o.e.j.s.ServletContextHandler@7b6141f0{/static,jar:file:/home/user/.m2/repository/org/apache/hadoop/hadoop-hdds-container-service/0.5.0-SNAPSHOT/hadoop-hdds-container-service-0.5.0-SNAPSHOT.jar!/webapps/static,AVAILABLE}
2019-10-07 16:31:29,283 [main] INFO  handler.ContextHandler (ContextHandler.java:doStart(781)) - Started o.e.j.w.WebAppContext@7f4a1cac{/,file:///tmp/jetty-0.0.0.0-42115-hddsDatanode-_-any-5959710151938482200.dir/webapp/,AVAILABLE}{/hddsDatanode}
2019-10-07 16:31:29,283 [main] INFO  server.AbstractConnector (AbstractConnector.java:doStart(278)) - Started ServerConnector@4a1a412e{HTTP/1.1,[http/1.1]}{0.0.0.0:42115}
2019-10-07 16:31:29,284 [main] INFO  server.Server (Server.java:doStart(419)) - Started @237325ms
2019-10-07 16:31:29,285 [main] WARN  impl.MetricsSystemImpl (MetricsSystemImpl.java:register(276)) - Sink prometheus already exists!
2019-10-07 16:31:29,285 [main] INFO  server.BaseHttpServer (BaseHttpServer.java:updateConnectorAddress(215)) - HTTP server of HDDSDATANODE is listening at http://0.0.0.0:42115
2019-10-07 16:31:29,285 [main] INFO  ozone.MiniOzoneClusterImpl (MiniOzoneClusterImpl.java:lambda$waitForClusterToBeReady$0(147)) - Waiting for cluster to be ready. Got 0 of 7 DN Heartbeats.
2019-10-07 16:31:29,287 [org.apache.hadoop.util.JvmPauseMonitor$Monitor@4ec23a68] INFO  util.JvmPauseMonitor (JvmPauseMonitor.java:run(188)) - Starting JVM pause monitor
2019-10-07 16:31:29,288 [Datanode State Machine Thread - 0] INFO  datanode.InitDatanodeState (InitDatanodeState.java:persistContainerDatanodeDetails(140)) - DatanodeDetails is persisted to /workdir/hadoop-ozone/integration-test/target/test-dir/MiniOzoneClusterImpl-282ca255-90b9-400f-9396-be8b440faf89/datanode-6/meta/datanode.id
2019-10-07 16:31:30,286 [main] INFO  ozone.MiniOzoneClusterImpl (MiniOzoneClusterImpl.java:lambda$waitForClusterToBeReady$0(147)) - Waiting for cluster to be ready. Got 0 of 7 DN Heartbeats.
2019-10-07 16:31:30,966 [Datanode State Machine Thread - 0] INFO  ozoneimpl.OzoneContainer (OzoneContainer.java:start(217)) - Attempting to start container services.
2019-10-07 16:31:30,967 [Datanode State Machine Thread - 0] INFO  ozoneimpl.OzoneContainer (OzoneContainer.java:startContainerScrub(179)) - Background container scanner has been disabled.
2019-10-07 16:31:30,967 [Datanode State Machine Thread - 0] INFO  ratis.XceiverServerRatis (XceiverServerRatis.java:start(418)) - Starting XceiverServerRatis eacbd12f-3dc1-4d15-8836-2a69dd1ab512 at port 0
2019-10-07 16:31:30,973 [Datanode State Machine Thread - 0] INFO  impl.RaftServerProxy (RaftServerProxy.java:lambda$start$3(299)) - eacbd12f-3dc1-4d15-8836-2a69dd1ab512: start RPC server
2019-10-07 16:31:30,975 [Datanode State Machine Thread - 0] INFO  server.GrpcService (GrpcService.java:startImpl(158)) - eacbd12f-3dc1-4d15-8836-2a69dd1ab512: GrpcService started, listening on 0.0.0.0/0.0.0.0:35381
2019-10-07 16:31:30,975 [Datanode State Machine Thread - 0] INFO  ratis.XceiverServerRatis (XceiverServerRatis.java:start(428)) - XceiverServerRatis eacbd12f-3dc1-4d15-8836-2a69dd1ab512 is started using port 35381
2019-10-07 16:31:30,975 [Datanode State Machine Thread - 0] INFO  server.XceiverServerGrpc (XceiverServerGrpc.java:start(149)) - XceiverServerGrpc eacbd12f-3dc1-4d15-8836-2a69dd1ab512 is started using port 46814
2019-10-07 16:31:30,993 [Datanode State Machine Thread - 0] INFO  ozoneimpl.OzoneContainer (OzoneContainer.java:start(217)) - Attempting to start container services.
2019-10-07 16:31:30,993 [Datanode State Machine Thread - 0] INFO  ozoneimpl.OzoneContainer (OzoneContainer.java:startContainerScrub(179)) - Background container scanner has been disabled.
2019-10-07 16:31:30,993 [Datanode State Machine Thread - 0] INFO  ratis.XceiverServerRatis (XceiverServerRatis.java:start(418)) - Starting XceiverServerRatis 99220c91-04f1-4f6c-ba1f-ea25e99228f1 at port 0
2019-10-07 16:31:31,001 [Datanode State Machine Thread - 0] INFO  impl.RaftServerProxy (RaftServerProxy.java:lambda$start$3(299)) - 99220c91-04f1-4f6c-ba1f-ea25e99228f1: start RPC server
2019-10-07 16:31:31,003 [Datanode State Machine Thread - 0] INFO  server.GrpcService (GrpcService.java:startImpl(158)) - 99220c91-04f1-4f6c-ba1f-ea25e99228f1: GrpcService started, listening on 0.0.0.0/0.0.0.0:35534
2019-10-07 16:31:31,003 [Datanode State Machine Thread - 0] INFO  ratis.XceiverServerRatis (XceiverServerRatis.java:start(428)) - XceiverServerRatis 99220c91-04f1-4f6c-ba1f-ea25e99228f1 is started using port 35534
2019-10-07 16:31:31,003 [Datanode State Machine Thread - 0] INFO  server.XceiverServerGrpc (XceiverServerGrpc.java:start(149)) - XceiverServerGrpc 99220c91-04f1-4f6c-ba1f-ea25e99228f1 is started using port 42965
2019-10-07 16:31:31,054 [Datanode State Machine Thread - 0] INFO  ozoneimpl.OzoneContainer (OzoneContainer.java:start(217)) - Attempting to start container services.
2019-10-07 16:31:31,055 [Datanode State Machine Thread - 0] INFO  ozoneimpl.OzoneContainer (OzoneContainer.java:startContainerScrub(179)) - Background container scanner has been disabled.
2019-10-07 16:31:31,055 [Datanode State Machine Thread - 0] INFO  ratis.XceiverServerRatis (XceiverServerRatis.java:start(418)) - Starting XceiverServerRatis 81d468c2-b3b1-4678-ad7f-631d279e93f2 at port 0
2019-10-07 16:31:31,062 [Datanode State Machine Thread - 0] INFO  impl.RaftServerProxy (RaftServerProxy.java:lambda$start$3(299)) - 81d468c2-b3b1-4678-ad7f-631d279e93f2: start RPC server
2019-10-07 16:31:31,063 [Datanode State Machine Thread - 0] INFO  server.GrpcService (GrpcService.java:startImpl(158)) - 81d468c2-b3b1-4678-ad7f-631d279e93f2: GrpcService started, listening on 0.0.0.0/0.0.0.0:46060
2019-10-07 16:31:31,063 [Datanode State Machine Thread - 0] INFO  ratis.XceiverServerRatis (XceiverServerRatis.java:start(428)) - XceiverServerRatis 81d468c2-b3b1-4678-ad7f-631d279e93f2 is started using port 46060
2019-10-07 16:31:31,065 [Datanode State Machine Thread - 0] INFO  server.XceiverServerGrpc (XceiverServerGrpc.java:start(149)) - XceiverServerGrpc 81d468c2-b3b1-4678-ad7f-631d279e93f2 is started using port 43202
2019-10-07 16:31:31,117 [Datanode State Machine Thread - 0] INFO  ozoneimpl.OzoneContainer (OzoneContainer.java:start(217)) - Attempting to start container services.
2019-10-07 16:31:31,117 [Datanode State Machine Thread - 0] INFO  ozoneimpl.OzoneContainer (OzoneContainer.java:startContainerScrub(179)) - Background container scanner has been disabled.
2019-10-07 16:31:31,117 [Datanode State Machine Thread - 0] INFO  ratis.XceiverServerRatis (XceiverServerRatis.java:start(418)) - Starting XceiverServerRatis 05c8f4f6-3789-4a42-8e33-a3ac943b7408 at port 0
2019-10-07 16:31:31,124 [Datanode State Machine Thread - 0] INFO  impl.RaftServerProxy (RaftServerProxy.java:lambda$start$3(299)) - 05c8f4f6-3789-4a42-8e33-a3ac943b7408: start RPC server
2019-10-07 16:31:31,124 [Datanode State Machine Thread - 0] INFO  server.GrpcService (GrpcService.java:startImpl(158)) - 05c8f4f6-3789-4a42-8e33-a3ac943b7408: GrpcService started, listening on 0.0.0.0/0.0.0.0:37038
2019-10-07 16:31:31,124 [Datanode State Machine Thread - 0] INFO  ratis.XceiverServerRatis (XceiverServerRatis.java:start(428)) - XceiverServerRatis 05c8f4f6-3789-4a42-8e33-a3ac943b7408 is started using port 37038
2019-10-07 16:31:31,125 [Datanode State Machine Thread - 0] INFO  server.XceiverServerGrpc (XceiverServerGrpc.java:start(149)) - XceiverServerGrpc 05c8f4f6-3789-4a42-8e33-a3ac943b7408 is started using port 39250
2019-10-07 16:31:31,178 [Datanode State Machine Thread - 0] INFO  ozoneimpl.OzoneContainer (OzoneContainer.java:start(217)) - Attempting to start container services.
2019-10-07 16:31:31,178 [Datanode State Machine Thread - 0] INFO  ozoneimpl.OzoneContainer (OzoneContainer.java:startContainerScrub(179)) - Background container scanner has been disabled.
2019-10-07 16:31:31,179 [Datanode State Machine Thread - 0] INFO  ratis.XceiverServerRatis (XceiverServerRatis.java:start(418)) - Starting XceiverServerRatis 768c20c9-c7cd-4076-acb2-468c5f336818 at port 0
2019-10-07 16:31:31,186 [Datanode State Machine Thread - 0] INFO  impl.RaftServerProxy (RaftServerProxy.java:lambda$start$3(299)) - 768c20c9-c7cd-4076-acb2-468c5f336818: start RPC server
2019-10-07 16:31:31,189 [Datanode State Machine Thread - 0] INFO  server.GrpcService (GrpcService.java:startImpl(158)) - 768c20c9-c7cd-4076-acb2-468c5f336818: GrpcService started, listening on 0.0.0.0/0.0.0.0:34778
2019-10-07 16:31:31,189 [Datanode State Machine Thread - 0] INFO  ratis.XceiverServerRatis (XceiverServerRatis.java:start(428)) - XceiverServerRatis 768c20c9-c7cd-4076-acb2-468c5f336818 is started using port 34778
2019-10-07 16:31:31,192 [Datanode State Machine Thread - 0] INFO  server.XceiverServerGrpc (XceiverServerGrpc.java:start(149)) - XceiverServerGrpc 768c20c9-c7cd-4076-acb2-468c5f336818 is started using port 36660
2019-10-07 16:31:31,238 [Datanode State Machine Thread - 0] INFO  ozoneimpl.OzoneContainer (OzoneContainer.java:start(217)) - Attempting to start container services.
2019-10-07 16:31:31,239 [Datanode State Machine Thread - 0] INFO  ozoneimpl.OzoneContainer (OzoneContainer.java:startContainerScrub(179)) - Background container scanner has been disabled.
2019-10-07 16:31:31,239 [Datanode State Machine Thread - 0] INFO  ratis.XceiverServerRatis (XceiverServerRatis.java:start(418)) - Starting XceiverServerRatis 6c37230c-264c-4d92-bd89-3437c7e9fb14 at port 0
2019-10-07 16:31:31,245 [Datanode State Machine Thread - 0] INFO  impl.RaftServerProxy (RaftServerProxy.java:lambda$start$3(299)) - 6c37230c-264c-4d92-bd89-3437c7e9fb14: start RPC server
2019-10-07 16:31:31,245 [Datanode State Machine Thread - 0] INFO  server.GrpcService (GrpcService.java:startImpl(158)) - 6c37230c-264c-4d92-bd89-3437c7e9fb14: GrpcService started, listening on 0.0.0.0/0.0.0.0:36192
2019-10-07 16:31:31,245 [Datanode State Machine Thread - 0] INFO  ratis.XceiverServerRatis (XceiverServerRatis.java:start(428)) - XceiverServerRatis 6c37230c-264c-4d92-bd89-3437c7e9fb14 is started using port 36192
2019-10-07 16:31:31,248 [Datanode State Machine Thread - 0] INFO  server.XceiverServerGrpc (XceiverServerGrpc.java:start(149)) - XceiverServerGrpc 6c37230c-264c-4d92-bd89-3437c7e9fb14 is started using port 41109
2019-10-07 16:31:31,287 [main] INFO  ozone.MiniOzoneClusterImpl (MiniOzoneClusterImpl.java:lambda$waitForClusterToBeReady$0(147)) - Waiting for cluster to be ready. Got 0 of 7 DN Heartbeats.
2019-10-07 16:31:31,301 [Datanode State Machine Thread - 0] INFO  ozoneimpl.OzoneContainer (OzoneContainer.java:start(217)) - Attempting to start container services.
2019-10-07 16:31:31,301 [Datanode State Machine Thread - 0] INFO  ozoneimpl.OzoneContainer (OzoneContainer.java:startContainerScrub(179)) - Background container scanner has been disabled.
2019-10-07 16:31:31,301 [Datanode State Machine Thread - 0] INFO  ratis.XceiverServerRatis (XceiverServerRatis.java:start(418)) - Starting XceiverServerRatis 49bc73f1-d7aa-4cbb-8d7b-df111d92bf34 at port 0
2019-10-07 16:31:31,307 [Datanode State Machine Thread - 0] INFO  impl.RaftServerProxy (RaftServerProxy.java:lambda$start$3(299)) - 49bc73f1-d7aa-4cbb-8d7b-df111d92bf34: start RPC server
2019-10-07 16:31:31,320 [Datanode State Machine Thread - 0] INFO  server.GrpcService (GrpcService.java:startImpl(158)) - 49bc73f1-d7aa-4cbb-8d7b-df111d92bf34: GrpcService started, listening on 0.0.0.0/0.0.0.0:46395
2019-10-07 16:31:31,320 [Datanode State Machine Thread - 0] INFO  ratis.XceiverServerRatis (XceiverServerRatis.java:start(428)) - XceiverServerRatis 49bc73f1-d7aa-4cbb-8d7b-df111d92bf34 is started using port 46395
2019-10-07 16:31:31,320 [Datanode State Machine Thread - 0] INFO  server.XceiverServerGrpc (XceiverServerGrpc.java:start(149)) - XceiverServerGrpc 49bc73f1-d7aa-4cbb-8d7b-df111d92bf34 is started using port 35008
2019-10-07 16:31:32,288 [main] INFO  ozone.MiniOzoneClusterImpl (MiniOzoneClusterImpl.java:lambda$waitForClusterToBeReady$0(147)) - Waiting for cluster to be ready. Got 0 of 7 DN Heartbeats.
2019-10-07 16:31:32,929 [IPC Server handler 3 on 38263] INFO  net.NetworkTopology (NetworkTopologyImpl.java:add(111)) - Added a new node: /default-rack/eacbd12f-3dc1-4d15-8836-2a69dd1ab512
2019-10-07 16:31:32,932 [IPC Server handler 3 on 38263] INFO  node.SCMNodeManager (SCMNodeManager.java:register(268)) - Registered Data node : eacbd12f-3dc1-4d15-8836-2a69dd1ab512{ip: 192.168.164.193, host: pr-hdds-1737-qktq7-3079564033, networkLocation: /default-rack, certSerialId: null}
2019-10-07 16:31:32,933 [EventQueue-NodeRegistrationContainerReportForDataNodeSafeModeRule] INFO  safemode.SCMSafeModeManager (DataNodeSafeModeRule.java:process(71)) - SCM in safe mode. 1 DataNodes registered, 1 required.
2019-10-07 16:31:32,936 [EventQueue-NodeRegistrationContainerReportForContainerSafeModeRule] INFO  safemode.SCMSafeModeManager (SCMSafeModeManager.java:validateSafeModeExitRules(177)) - ScmSafeModeManager, all rules are successfully validated
2019-10-07 16:31:32,936 [EventQueue-NodeRegistrationContainerReportForContainerSafeModeRule] INFO  safemode.SCMSafeModeManager (SCMSafeModeManager.java:exitSafeMode(193)) - SCM exiting safe mode.
2019-10-07 16:31:32,950 [grpc-default-executor-5] INFO  impl.RaftServerProxy (RaftServerProxy.java:addNew(89)) - eacbd12f-3dc1-4d15-8836-2a69dd1ab512: addNew group-14FAC3BB97CE:[eacbd12f-3dc1-4d15-8836-2a69dd1ab512:192.168.164.193:35381] returns group-14FAC3BB97CE:java.util.concurrent.CompletableFuture@4df303ee[Not completed]
2019-10-07 16:31:32,954 [pool-383-thread-1] INFO  impl.RaftServerImpl (RaftServerImpl.java:<init>(95)) - eacbd12f-3dc1-4d15-8836-2a69dd1ab512: new RaftServerImpl for group-14FAC3BB97CE:[eacbd12f-3dc1-4d15-8836-2a69dd1ab512:192.168.164.193:35381] with ContainerStateMachine:uninitialized
2019-10-07 16:31:32,954 [pool-383-thread-1] INFO  server.RaftServerConfigKeys (ConfUtils.java:logGet(43)) - raft.server.rpc.timeout.min = 5s (custom)
2019-10-07 16:31:32,954 [pool-383-thread-1] INFO  server.RaftServerConfigKeys (ConfUtils.java:logGet(43)) - raft.server.rpc.timeout.max = 5200ms (custom)
2019-10-07 16:31:32,954 [pool-383-thread-1] INFO  server.RaftServerConfigKeys (ConfUtils.java:logGet(43)) - raft.server.rpcslowness.timeout = 120s (custom)
2019-10-07 16:31:32,955 [pool-383-thread-1] INFO  server.RaftServerConfigKeys (ConfUtils.java:logGet(43)) - raft.server.sleep.deviation.threshold = 300 (default)
2019-10-07 16:31:32,955 [pool-383-thread-1] INFO  server.RaftServerConfigKeys (ConfUtils.java:logGet(43)) - raft.server.log.appender.install.snapshot.enabled = false (custom)
2019-10-07 16:31:32,955 [pool-383-thread-1] INFO  impl.RaftServerImpl (ServerState.java:<init>(103)) - eacbd12f-3dc1-4d15-8836-2a69dd1ab512@group-14FAC3BB97CE: ConfigurationManager, init=-1: [eacbd12f-3dc1-4d15-8836-2a69dd1ab512:192.168.164.193:35381], old=null, confs=<EMPTY_MAP>
2019-10-07 16:31:32,955 [pool-383-thread-1] INFO  server.RaftServerConfigKeys (ConfUtils.java:logGet(43)) - raft.server.storage.dir = [/workdir/hadoop-ozone/integration-test/target/test-dir/MiniOzoneClusterImpl-282ca255-90b9-400f-9396-be8b440faf89/datanode-0/data/ratis] (custom)
2019-10-07 16:31:32,956 [pool-383-thread-1] INFO  server.RaftServerConfigKeys (ConfUtils.java:logGet(43)) - raft.server.log.corruption.policy = EXCEPTION (default)
2019-10-07 16:31:32,956 [pool-383-thread-1] INFO  storage.RaftStorageDirectory (RaftStorageDirectory.java:analyzeStorage(246)) - The storage directory /workdir/hadoop-ozone/integration-test/target/test-dir/MiniOzoneClusterImpl-282ca255-90b9-400f-9396-be8b440faf89/datanode-0/data/ratis/7d9e9ac2-022c-4694-8fa3-14fac3bb97ce does not exist. Creating ...
2019-10-07 16:31:32,970 [pool-383-thread-1] INFO  storage.RaftStorageDirectory (RaftStorageDirectory.java:tryLock(328)) - Lock on /workdir/hadoop-ozone/integration-test/target/test-dir/MiniOzoneClusterImpl-282ca255-90b9-400f-9396-be8b440faf89/datanode-0/data/ratis/7d9e9ac2-022c-4694-8fa3-14fac3bb97ce/in_use.lock acquired by nodename 13983@pr-hdds-1737-qktq7-3079564033
2019-10-07 16:31:32,980 [IPC Server handler 4 on 38263] INFO  net.NetworkTopology (NetworkTopologyImpl.java:add(111)) - Added a new node: /default-rack/99220c91-04f1-4f6c-ba1f-ea25e99228f1
2019-10-07 16:31:32,980 [IPC Server handler 4 on 38263] INFO  node.SCMNodeManager (SCMNodeManager.java:register(268)) - Registered Data node : 99220c91-04f1-4f6c-ba1f-ea25e99228f1{ip: 192.168.164.193, host: pr-hdds-1737-qktq7-3079564033, networkLocation: /default-rack, certSerialId: null}
2019-10-07 16:31:32,983 [pool-383-thread-1] INFO  storage.RaftStorage (RaftStorage.java:format(84)) - Storage directory /workdir/hadoop-ozone/integration-test/target/test-dir/MiniOzoneClusterImpl-282ca255-90b9-400f-9396-be8b440faf89/datanode-0/data/ratis/7d9e9ac2-022c-4694-8fa3-14fac3bb97ce has been successfully formatted.
2019-10-07 16:31:32,983 [pool-383-thread-1] INFO  ratis.ContainerStateMachine (ContainerStateMachine.java:loadSnapshot(231)) - group-14FAC3BB97CE: The snapshot info is null. Setting the last applied indexto:(t:0, i:~)
2019-10-07 16:31:32,983 [pool-383-thread-1] INFO  server.RaftServerConfigKeys (ConfUtils.java:logGet(43)) - raft.server.notification.no-leader.timeout = 120s (custom)
2019-10-07 16:31:32,984 [pool-383-thread-1] INFO  server.RaftServerConfigKeys (ConfUtils.java:logGet(43)) - raft.server.log.use.memory = false (default)
2019-10-07 16:31:32,984 [pool-383-thread-1] INFO  server.RaftServerConfigKeys (ConfUtils.java:logGet(43)) - raft.server.log.purge.gap = 1000000 (custom)
2019-10-07 16:31:32,984 [pool-383-thread-1] INFO  server.RaftServerConfigKeys (ConfUtils.java:logGet(43)) - raft.server.log.appender.buffer.byte-limit = 33554432 (custom)
2019-10-07 16:31:32,984 [pool-383-thread-1] INFO  server.RaftServerConfigKeys (ConfUtils.java:logGet(43)) - raft.server.log.segment.size.max = 1048576 (custom)
2019-10-07 16:31:32,986 [pool-383-thread-1] INFO  server.RaftServerConfigKeys (ConfUtils.java:logGet(43)) - raft.server.log.segment.cache.num.max = 2 (custom)
2019-10-07 16:31:32,986 [pool-383-thread-1] INFO  segmented.SegmentedRaftLogWorker (SegmentedRaftLogWorker.java:<init>(173)) - new eacbd12f-3dc1-4d15-8836-2a69dd1ab512@group-14FAC3BB97CE-SegmentedRaftLogWorker for RaftStorage:Storage Directory /workdir/hadoop-ozone/integration-test/target/test-dir/MiniOzoneClusterImpl-282ca255-90b9-400f-9396-be8b440faf89/datanode-0/data/ratis/7d9e9ac2-022c-4694-8fa3-14fac3bb97ce
2019-10-07 16:31:32,986 [pool-383-thread-1] INFO  server.RaftServerConfigKeys (ConfUtils.java:logGet(43)) - raft.server.log.queue.byte-limit = 2147483647 (custom)
2019-10-07 16:31:32,986 [pool-383-thread-1] INFO  server.RaftServerConfigKeys (ConfUtils.java:logGet(43)) - raft.server.log.queue.element-limit = 1024 (custom)
2019-10-07 16:31:32,986 [pool-383-thread-1] INFO  server.RaftServerConfigKeys (ConfUtils.java:logGet(43)) - raft.server.log.segment.size.max = 1048576 (custom)
2019-10-07 16:31:32,987 [pool-383-thread-1] INFO  server.RaftServerConfigKeys (ConfUtils.java:logGet(43)) - raft.server.log.preallocated.size = 16384 (custom)
2019-10-07 16:31:32,987 [pool-383-thread-1] INFO  server.RaftServerConfigKeys (ConfUtils.java:logGet(43)) - raft.server.log.write.buffer.size = 33554432 (custom)
2019-10-07 16:31:32,987 [pool-383-thread-1] INFO  server.RaftServerConfigKeys (ConfUtils.java:logGet(43)) - raft.server.log.force.sync.num = 128 (default)
2019-10-07 16:31:32,987 [pool-383-thread-1] INFO  server.RaftServerConfigKeys (ConfUtils.java:logGet(43)) - raft.server.log.statemachine.data.sync = true (default)
2019-10-07 16:31:32,987 [pool-383-thread-1] INFO  server.RaftServerConfigKeys (ConfUtils.java:logGet(43)) - raft.server.log.statemachine.data.sync.timeout = 10s (default)
2019-10-07 16:31:32,987 [pool-383-thread-1] INFO  server.RaftServerConfigKeys (ConfUtils.java:logGet(43)) - raft.server.log.statemachine.data.sync.timeout.retry = -1 (default)
2019-10-07 16:31:32,988 [pool-383-thread-1] INFO  server.RaftServerConfigKeys (ConfUtils.java:logGet(43)) - raft.server.log.statemachine.data.caching.enabled = true (custom)
2019-10-07 16:31:32,988 [pool-383-thread-1] INFO  segmented.SegmentedRaftLogWorker (SegmentedRaftLogWorker.java:lambda$new$0(128)) - eacbd12f-3dc1-4d15-8836-2a69dd1ab512@group-14FAC3BB97CE-SegmentedRaftLogWorker: flushIndex: setUnconditionally 0 -> -1
2019-10-07 16:31:32,988 [pool-383-thread-1] INFO  server.RaftServerConfigKeys (ConfUtils.java:logGet(43)) - raft.server.snapshot.auto.trigger.enabled = true (custom)
2019-10-07 16:31:32,988 [pool-383-thread-1] INFO  server.RaftServerConfigKeys (ConfUtils.java:logGet(43)) - raft.server.snapshot.auto.trigger.threshold = 10000 (custom)
2019-10-07 16:31:32,988 [pool-383-thread-1] INFO  server.RaftServerConfigKeys (ConfUtils.java:logGet(43)) - raft.server.snapshot.retention.file.num = 5 (custom)
2019-10-07 16:31:32,989 [pool-383-thread-1] INFO  server.RaftServerConfigKeys (ConfUtils.java:logGet(43)) - raft.server.retrycache.expirytime = 600000ms (custom)
2019-10-07 16:31:32,990 [pool-383-thread-1] INFO  impl.RaftServerImpl (RaftServerImpl.java:start(181)) - eacbd12f-3dc1-4d15-8836-2a69dd1ab512@group-14FAC3BB97CE: start as a follower, conf=-1: [eacbd12f-3dc1-4d15-8836-2a69dd1ab512:192.168.164.193:35381], old=null
2019-10-07 16:31:32,990 [pool-383-thread-1] INFO  impl.RaftServerImpl (RaftServerImpl.java:setRole(170)) - eacbd12f-3dc1-4d15-8836-2a69dd1ab512@group-14FAC3BB97CE: changes role from      null to FOLLOWER at term 0 for startAsFollower
2019-10-07 16:31:32,990 [pool-383-thread-1] INFO  impl.RoleInfo (RoleInfo.java:updateAndGet(143)) - eacbd12f-3dc1-4d15-8836-2a69dd1ab512: start FollowerState
2019-10-07 16:31:32,991 [pool-383-thread-1] INFO  util.JmxRegister (JmxRegister.java:tryRegister(44)) - Successfully registered JMX Bean with object name Ratis:service=RaftServer,group=group-14FAC3BB97CE,id=eacbd12f-3dc1-4d15-8836-2a69dd1ab512
2019-10-07 16:31:32,996 [RatisPipelineUtilsThread] INFO  pipeline.PipelineStateManager (PipelineStateManager.java:addPipeline(56)) - Created pipeline Pipeline[ Id: 7d9e9ac2-022c-4694-8fa3-14fac3bb97ce, Nodes: eacbd12f-3dc1-4d15-8836-2a69dd1ab512{ip: 192.168.164.193, host: pr-hdds-1737-qktq7-3079564033, networkLocation: /default-rack, certSerialId: null}, Type:RATIS, Factor:ONE, State:OPEN]
2019-10-07 16:31:33,003 [grpc-default-executor-5] INFO  impl.RaftServerProxy (RaftServerProxy.java:addNew(89)) - 99220c91-04f1-4f6c-ba1f-ea25e99228f1: addNew group-0DE344CFFE81:[99220c91-04f1-4f6c-ba1f-ea25e99228f1:192.168.164.193:35534] returns group-0DE344CFFE81:java.util.concurrent.CompletableFuture@7ef960a0[Not completed]
2019-10-07 16:31:33,004 [pool-393-thread-1] INFO  impl.RaftServerImpl (RaftServerImpl.java:<init>(95)) - 99220c91-04f1-4f6c-ba1f-ea25e99228f1: new RaftServerImpl for group-0DE344CFFE81:[99220c91-04f1-4f6c-ba1f-ea25e99228f1:192.168.164.193:35534] with ContainerStateMachine:uninitialized
2019-10-07 16:31:33,004 [pool-393-thread-1] INFO  server.RaftServerConfigKeys (ConfUtils.java:logGet(43)) - raft.server.rpc.timeout.min = 5s (custom)
2019-10-07 16:31:33,004 [pool-393-thread-1] INFO  server.RaftServerConfigKeys (ConfUtils.java:logGet(43)) - raft.server.rpc.timeout.max = 5200ms (custom)
2019-10-07 16:31:33,004 [pool-393-thread-1] INFO  server.RaftServerConfigKeys (ConfUtils.java:logGet(43)) - raft.server.rpcslowness.timeout = 120s (custom)
2019-10-07 16:31:33,005 [pool-393-thread-1] INFO  server.RaftServerConfigKeys (ConfUtils.java:logGet(43)) - raft.server.sleep.deviation.threshold = 300 (default)
2019-10-07 16:31:33,005 [pool-393-thread-1] INFO  server.RaftServerConfigKeys (ConfUtils.java:logGet(43)) - raft.server.log.appender.install.snapshot.enabled = false (custom)
2019-10-07 16:31:33,005 [pool-393-thread-1] INFO  impl.RaftServerImpl (ServerState.java:<init>(103)) - 99220c91-04f1-4f6c-ba1f-ea25e99228f1@group-0DE344CFFE81: ConfigurationManager, init=-1: [99220c91-04f1-4f6c-ba1f-ea25e99228f1:192.168.164.193:35534], old=null, confs=<EMPTY_MAP>
2019-10-07 16:31:33,005 [pool-393-thread-1] INFO  server.RaftServerConfigKeys (ConfUtils.java:logGet(43)) - raft.server.storage.dir = [/workdir/hadoop-ozone/integration-test/target/test-dir/MiniOzoneClusterImpl-282ca255-90b9-400f-9396-be8b440faf89/datanode-1/data/ratis] (custom)
2019-10-07 16:31:33,005 [pool-393-thread-1] INFO  server.RaftServerConfigKeys (ConfUtils.java:logGet(43)) - raft.server.log.corruption.policy = EXCEPTION (default)
2019-10-07 16:31:33,005 [pool-393-thread-1] INFO  storage.RaftStorageDirectory (RaftStorageDirectory.java:analyzeStorage(246)) - The storage directory /workdir/hadoop-ozone/integration-test/target/test-dir/MiniOzoneClusterImpl-282ca255-90b9-400f-9396-be8b440faf89/datanode-1/data/ratis/a8118814-e4ae-4397-8c87-0de344cffe81 does not exist. Creating ...
2019-10-07 16:31:33,018 [pool-393-thread-1] INFO  storage.RaftStorageDirectory (RaftStorageDirectory.java:tryLock(328)) - Lock on /workdir/hadoop-ozone/integration-test/target/test-dir/MiniOzoneClusterImpl-282ca255-90b9-400f-9396-be8b440faf89/datanode-1/data/ratis/a8118814-e4ae-4397-8c87-0de344cffe81/in_use.lock acquired by nodename 13983@pr-hdds-1737-qktq7-3079564033
2019-10-07 16:31:33,030 [pool-393-thread-1] INFO  storage.RaftStorage (RaftStorage.java:format(84)) - Storage directory /workdir/hadoop-ozone/integration-test/target/test-dir/MiniOzoneClusterImpl-282ca255-90b9-400f-9396-be8b440faf89/datanode-1/data/ratis/a8118814-e4ae-4397-8c87-0de344cffe81 has been successfully formatted.
2019-10-07 16:31:33,030 [pool-393-thread-1] INFO  ratis.ContainerStateMachine (ContainerStateMachine.java:loadSnapshot(231)) - group-0DE344CFFE81: The snapshot info is null. Setting the last applied indexto:(t:0, i:~)
2019-10-07 16:31:33,031 [pool-393-thread-1] INFO  server.RaftServerConfigKeys (ConfUtils.java:logGet(43)) - raft.server.notification.no-leader.timeout = 120s (custom)
2019-10-07 16:31:33,031 [pool-393-thread-1] INFO  server.RaftServerConfigKeys (ConfUtils.java:logGet(43)) - raft.server.log.use.memory = false (default)
2019-10-07 16:31:33,031 [pool-393-thread-1] INFO  server.RaftServerConfigKeys (ConfUtils.java:logGet(43)) - raft.server.log.purge.gap = 1000000 (custom)
2019-10-07 16:31:33,031 [pool-393-thread-1] INFO  server.RaftServerConfigKeys (ConfUtils.java:logGet(43)) - raft.server.log.appender.buffer.byte-limit = 33554432 (custom)
2019-10-07 16:31:33,031 [pool-393-thread-1] INFO  server.RaftServerConfigKeys (ConfUtils.java:logGet(43)) - raft.server.log.segment.size.max = 1048576 (custom)
2019-10-07 16:31:33,032 [pool-393-thread-1] INFO  server.RaftServerConfigKeys (ConfUtils.java:logGet(43)) - raft.server.log.segment.cache.num.max = 2 (custom)
2019-10-07 16:31:33,032 [pool-393-thread-1] INFO  segmented.SegmentedRaftLogWorker (SegmentedRaftLogWorker.java:<init>(173)) - new 99220c91-04f1-4f6c-ba1f-ea25e99228f1@group-0DE344CFFE81-SegmentedRaftLogWorker for RaftStorage:Storage Directory /workdir/hadoop-ozone/integration-test/target/test-dir/MiniOzoneClusterImpl-282ca255-90b9-400f-9396-be8b440faf89/datanode-1/data/ratis/a8118814-e4ae-4397-8c87-0de344cffe81
2019-10-07 16:31:33,032 [pool-393-thread-1] INFO  server.RaftServerConfigKeys (ConfUtils.java:logGet(43)) - raft.server.log.queue.byte-limit = 2147483647 (custom)
2019-10-07 16:31:33,032 [pool-393-thread-1] INFO  server.RaftServerConfigKeys (ConfUtils.java:logGet(43)) - raft.server.log.queue.element-limit = 1024 (custom)
2019-10-07 16:31:33,032 [pool-393-thread-1] INFO  server.RaftServerConfigKeys (ConfUtils.java:logGet(43)) - raft.server.log.segment.size.max = 1048576 (custom)
2019-10-07 16:31:33,032 [pool-393-thread-1] INFO  server.RaftServerConfigKeys (ConfUtils.java:logGet(43)) - raft.server.log.preallocated.size = 16384 (custom)
2019-10-07 16:31:33,033 [pool-393-thread-1] INFO  server.RaftServerConfigKeys (ConfUtils.java:logGet(43)) - raft.server.log.write.buffer.size = 33554432 (custom)
2019-10-07 16:31:33,033 [pool-393-thread-1] INFO  server.RaftServerConfigKeys (ConfUtils.java:logGet(43)) - raft.server.log.force.sync.num = 128 (default)
2019-10-07 16:31:33,034 [pool-393-thread-1] INFO  server.RaftServerConfigKeys (ConfUtils.java:logGet(43)) - raft.server.log.statemachine.data.sync = true (default)
2019-10-07 16:31:33,034 [pool-393-thread-1] INFO  server.RaftServerConfigKeys (ConfUtils.java:logGet(43)) - raft.server.log.statemachine.data.sync.timeout = 10s (default)
2019-10-07 16:31:33,034 [pool-393-thread-1] INFO  server.RaftServerConfigKeys (ConfUtils.java:logGet(43)) - raft.server.log.statemachine.data.sync.timeout.retry = -1 (default)
2019-10-07 16:31:33,034 [pool-393-thread-1] INFO  server.RaftServerConfigKeys (ConfUtils.java:logGet(43)) - raft.server.log.statemachine.data.caching.enabled = true (custom)
2019-10-07 16:31:33,034 [pool-393-thread-1] INFO  segmented.SegmentedRaftLogWorker (SegmentedRaftLogWorker.java:lambda$new$0(128)) - 99220c91-04f1-4f6c-ba1f-ea25e99228f1@group-0DE344CFFE81-SegmentedRaftLogWorker: flushIndex: setUnconditionally 0 -> -1
2019-10-07 16:31:33,034 [pool-393-thread-1] INFO  server.RaftServerConfigKeys (ConfUtils.java:logGet(43)) - raft.server.snapshot.auto.trigger.enabled = true (custom)
2019-10-07 16:31:33,035 [pool-393-thread-1] INFO  server.RaftServerConfigKeys (ConfUtils.java:logGet(43)) - raft.server.snapshot.auto.trigger.threshold = 10000 (custom)
2019-10-07 16:31:33,035 [pool-393-thread-1] INFO  server.RaftServerConfigKeys (ConfUtils.java:logGet(43)) - raft.server.snapshot.retention.file.num = 5 (custom)
2019-10-07 16:31:33,035 [pool-393-thread-1] INFO  server.RaftServerConfigKeys (ConfUtils.java:logGet(43)) - raft.server.retrycache.expirytime = 600000ms (custom)
2019-10-07 16:31:33,036 [pool-393-thread-1] INFO  impl.RaftServerImpl (RaftServerImpl.java:start(181)) - 99220c91-04f1-4f6c-ba1f-ea25e99228f1@group-0DE344CFFE81: start as a follower, conf=-1: [99220c91-04f1-4f6c-ba1f-ea25e99228f1:192.168.164.193:35534], old=null
2019-10-07 16:31:33,036 [pool-393-thread-1] INFO  impl.RaftServerImpl (RaftServerImpl.java:setRole(170)) - 99220c91-04f1-4f6c-ba1f-ea25e99228f1@group-0DE344CFFE81: changes role from      null to FOLLOWER at term 0 for startAsFollower
2019-10-07 16:31:33,036 [pool-393-thread-1] INFO  impl.RoleInfo (RoleInfo.java:updateAndGet(143)) - 99220c91-04f1-4f6c-ba1f-ea25e99228f1: start FollowerState
2019-10-07 16:31:33,036 [pool-393-thread-1] INFO  util.JmxRegister (JmxRegister.java:tryRegister(44)) - Successfully registered JMX Bean with object name Ratis:service=RaftServer,group=group-0DE344CFFE81,id=99220c91-04f1-4f6c-ba1f-ea25e99228f1
2019-10-07 16:31:33,039 [RatisPipelineUtilsThread] INFO  pipeline.PipelineStateManager (PipelineStateManager.java:addPipeline(56)) - Created pipeline Pipeline[ Id: a8118814-e4ae-4397-8c87-0de344cffe81, Nodes: 99220c91-04f1-4f6c-ba1f-ea25e99228f1{ip: 192.168.164.193, host: pr-hdds-1737-qktq7-3079564033, networkLocation: /default-rack, certSerialId: null}, Type:RATIS, Factor:ONE, State:OPEN]
2019-10-07 16:31:33,063 [IPC Server handler 5 on 38263] INFO  net.NetworkTopology (NetworkTopologyImpl.java:add(111)) - Added a new node: /default-rack/81d468c2-b3b1-4678-ad7f-631d279e93f2
2019-10-07 16:31:33,063 [IPC Server handler 5 on 38263] INFO  node.SCMNodeManager (SCMNodeManager.java:register(268)) - Registered Data node : 81d468c2-b3b1-4678-ad7f-631d279e93f2{ip: 192.168.164.193, host: pr-hdds-1737-qktq7-3079564033, networkLocation: /default-rack, certSerialId: null}
2019-10-07 16:31:33,072 [grpc-default-executor-5] INFO  impl.RaftServerProxy (RaftServerProxy.java:addNew(89)) - 81d468c2-b3b1-4678-ad7f-631d279e93f2: addNew group-1806836F5742:[81d468c2-b3b1-4678-ad7f-631d279e93f2:192.168.164.193:46060] returns group-1806836F5742:java.util.concurrent.CompletableFuture@3c0eb7d9[Not completed]
2019-10-07 16:31:33,074 [pool-403-thread-1] INFO  impl.RaftServerImpl (RaftServerImpl.java:<init>(95)) - 81d468c2-b3b1-4678-ad7f-631d279e93f2: new RaftServerImpl for group-1806836F5742:[81d468c2-b3b1-4678-ad7f-631d279e93f2:192.168.164.193:46060] with ContainerStateMachine:uninitialized
2019-10-07 16:31:33,074 [pool-403-thread-1] INFO  server.RaftServerConfigKeys (ConfUtils.java:logGet(43)) - raft.server.rpc.timeout.min = 5s (custom)
2019-10-07 16:31:33,074 [pool-403-thread-1] INFO  server.RaftServerConfigKeys (ConfUtils.java:logGet(43)) - raft.server.rpc.timeout.max = 5200ms (custom)
2019-10-07 16:31:33,074 [pool-403-thread-1] INFO  server.RaftServerConfigKeys (ConfUtils.java:logGet(43)) - raft.server.rpcslowness.timeout = 120s (custom)
2019-10-07 16:31:33,074 [pool-403-thread-1] INFO  server.RaftServerConfigKeys (ConfUtils.java:logGet(43)) - raft.server.sleep.deviation.threshold = 300 (default)
2019-10-07 16:31:33,075 [pool-403-thread-1] INFO  server.RaftServerConfigKeys (ConfUtils.java:logGet(43)) - raft.server.log.appender.install.snapshot.enabled = false (custom)
2019-10-07 16:31:33,075 [pool-403-thread-1] INFO  impl.RaftServerImpl (ServerState.java:<init>(103)) - 81d468c2-b3b1-4678-ad7f-631d279e93f2@group-1806836F5742: ConfigurationManager, init=-1: [81d468c2-b3b1-4678-ad7f-631d279e93f2:192.168.164.193:46060], old=null, confs=<EMPTY_MAP>
2019-10-07 16:31:33,075 [pool-403-thread-1] INFO  server.RaftServerConfigKeys (ConfUtils.java:logGet(43)) - raft.server.storage.dir = [/workdir/hadoop-ozone/integration-test/target/test-dir/MiniOzoneClusterImpl-282ca255-90b9-400f-9396-be8b440faf89/datanode-2/data/ratis] (custom)
2019-10-07 16:31:33,075 [pool-403-thread-1] INFO  server.RaftServerConfigKeys (ConfUtils.java:logGet(43)) - raft.server.log.corruption.policy = EXCEPTION (default)
2019-10-07 16:31:33,076 [pool-403-thread-1] INFO  storage.RaftStorageDirectory (RaftStorageDirectory.java:analyzeStorage(246)) - The storage directory /workdir/hadoop-ozone/integration-test/target/test-dir/MiniOzoneClusterImpl-282ca255-90b9-400f-9396-be8b440faf89/datanode-2/data/ratis/06540d5c-6fd0-4999-80fd-1806836f5742 does not exist. Creating ...
2019-10-07 16:31:33,089 [pool-403-thread-1] INFO  storage.RaftStorageDirectory (RaftStorageDirectory.java:tryLock(328)) - Lock on /workdir/hadoop-ozone/integration-test/target/test-dir/MiniOzoneClusterImpl-282ca255-90b9-400f-9396-be8b440faf89/datanode-2/data/ratis/06540d5c-6fd0-4999-80fd-1806836f5742/in_use.lock acquired by nodename 13983@pr-hdds-1737-qktq7-3079564033
2019-10-07 16:31:33,102 [pool-403-thread-1] INFO  storage.RaftStorage (RaftStorage.java:format(84)) - Storage directory /workdir/hadoop-ozone/integration-test/target/test-dir/MiniOzoneClusterImpl-282ca255-90b9-400f-9396-be8b440faf89/datanode-2/data/ratis/06540d5c-6fd0-4999-80fd-1806836f5742 has been successfully formatted.
2019-10-07 16:31:33,102 [pool-403-thread-1] INFO  ratis.ContainerStateMachine (ContainerStateMachine.java:loadSnapshot(231)) - group-1806836F5742: The snapshot info is null. Setting the last applied indexto:(t:0, i:~)
2019-10-07 16:31:33,102 [pool-403-thread-1] INFO  server.RaftServerConfigKeys (ConfUtils.java:logGet(43)) - raft.server.notification.no-leader.timeout = 120s (custom)
2019-10-07 16:31:33,103 [pool-403-thread-1] INFO  server.RaftServerConfigKeys (ConfUtils.java:logGet(43)) - raft.server.log.use.memory = false (default)
2019-10-07 16:31:33,103 [pool-403-thread-1] INFO  server.RaftServerConfigKeys (ConfUtils.java:logGet(43)) - raft.server.log.purge.gap = 1000000 (custom)
2019-10-07 16:31:33,103 [pool-403-thread-1] INFO  server.RaftServerConfigKeys (ConfUtils.java:logGet(43)) - raft.server.log.appender.buffer.byte-limit = 33554432 (custom)
2019-10-07 16:31:33,103 [pool-403-thread-1] INFO  server.RaftServerConfigKeys (ConfUtils.java:logGet(43)) - raft.server.log.segment.size.max = 1048576 (custom)
2019-10-07 16:31:33,104 [IPC Server handler 19 on 38263] INFO  net.NetworkTopology (NetworkTopologyImpl.java:add(111)) - Added a new node: /default-rack/05c8f4f6-3789-4a42-8e33-a3ac943b7408
2019-10-07 16:31:33,105 [IPC Server handler 19 on 38263] INFO  node.SCMNodeManager (SCMNodeManager.java:register(268)) - Registered Data node : 05c8f4f6-3789-4a42-8e33-a3ac943b7408{ip: 192.168.164.193, host: pr-hdds-1737-qktq7-3079564033, networkLocation: /default-rack, certSerialId: null}
2019-10-07 16:31:33,105 [pool-403-thread-1] INFO  server.RaftServerConfigKeys (ConfUtils.java:logGet(43)) - raft.server.log.segment.cache.num.max = 2 (custom)
2019-10-07 16:31:33,105 [pool-403-thread-1] INFO  segmented.SegmentedRaftLogWorker (SegmentedRaftLogWorker.java:<init>(173)) - new 81d468c2-b3b1-4678-ad7f-631d279e93f2@group-1806836F5742-SegmentedRaftLogWorker for RaftStorage:Storage Directory /workdir/hadoop-ozone/integration-test/target/test-dir/MiniOzoneClusterImpl-282ca255-90b9-400f-9396-be8b440faf89/datanode-2/data/ratis/06540d5c-6fd0-4999-80fd-1806836f5742
2019-10-07 16:31:33,105 [pool-403-thread-1] INFO  server.RaftServerConfigKeys (ConfUtils.java:logGet(43)) - raft.server.log.queue.byte-limit = 2147483647 (custom)
2019-10-07 16:31:33,105 [pool-403-thread-1] INFO  server.RaftServerConfigKeys (ConfUtils.java:logGet(43)) - raft.server.log.queue.element-limit = 1024 (custom)
2019-10-07 16:31:33,106 [pool-403-thread-1] INFO  server.RaftServerConfigKeys (ConfUtils.java:logGet(43)) - raft.server.log.segment.size.max = 1048576 (custom)
2019-10-07 16:31:33,106 [pool-403-thread-1] INFO  server.RaftServerConfigKeys (ConfUtils.java:logGet(43)) - raft.server.log.preallocated.size = 16384 (custom)
2019-10-07 16:31:33,106 [pool-403-thread-1] INFO  server.RaftServerConfigKeys (ConfUtils.java:logGet(43)) - raft.server.log.write.buffer.size = 33554432 (custom)
2019-10-07 16:31:33,106 [pool-403-thread-1] INFO  server.RaftServerConfigKeys (ConfUtils.java:logGet(43)) - raft.server.log.force.sync.num = 128 (default)
2019-10-07 16:31:33,106 [pool-403-thread-1] INFO  server.RaftServerConfigKeys (ConfUtils.java:logGet(43)) - raft.server.log.statemachine.data.sync = true (default)
2019-10-07 16:31:33,106 [pool-403-thread-1] INFO  server.RaftServerConfigKeys (ConfUtils.java:logGet(43)) - raft.server.log.statemachine.data.sync.timeout = 10s (default)
2019-10-07 16:31:33,107 [pool-403-thread-1] INFO  server.RaftServerConfigKeys (ConfUtils.java:logGet(43)) - raft.server.log.statemachine.data.sync.timeout.retry = -1 (default)
2019-10-07 16:31:33,107 [pool-403-thread-1] INFO  server.RaftServerConfigKeys (ConfUtils.java:logGet(43)) - raft.server.log.statemachine.data.caching.enabled = true (custom)
2019-10-07 16:31:33,107 [pool-403-thread-1] INFO  segmented.SegmentedRaftLogWorker (SegmentedRaftLogWorker.java:lambda$new$0(128)) - 81d468c2-b3b1-4678-ad7f-631d279e93f2@group-1806836F5742-SegmentedRaftLogWorker: flushIndex: setUnconditionally 0 -> -1
2019-10-07 16:31:33,108 [pool-403-thread-1] INFO  server.RaftServerConfigKeys (ConfUtils.java:logGet(43)) - raft.server.snapshot.auto.trigger.enabled = true (custom)
2019-10-07 16:31:33,108 [pool-403-thread-1] INFO  server.RaftServerConfigKeys (ConfUtils.java:logGet(43)) - raft.server.snapshot.auto.trigger.threshold = 10000 (custom)
2019-10-07 16:31:33,108 [pool-403-thread-1] INFO  server.RaftServerConfigKeys (ConfUtils.java:logGet(43)) - raft.server.snapshot.retention.file.num = 5 (custom)
2019-10-07 16:31:33,108 [pool-403-thread-1] INFO  server.RaftServerConfigKeys (ConfUtils.java:logGet(43)) - raft.server.retrycache.expirytime = 600000ms (custom)
2019-10-07 16:31:33,110 [pool-403-thread-1] INFO  impl.RaftServerImpl (RaftServerImpl.java:start(181)) - 81d468c2-b3b1-4678-ad7f-631d279e93f2@group-1806836F5742: start as a follower, conf=-1: [81d468c2-b3b1-4678-ad7f-631d279e93f2:192.168.164.193:46060], old=null
2019-10-07 16:31:33,110 [pool-403-thread-1] INFO  impl.RaftServerImpl (RaftServerImpl.java:setRole(170)) - 81d468c2-b3b1-4678-ad7f-631d279e93f2@group-1806836F5742: changes role from      null to FOLLOWER at term 0 for startAsFollower
2019-10-07 16:31:33,110 [pool-403-thread-1] INFO  impl.RoleInfo (RoleInfo.java:updateAndGet(143)) - 81d468c2-b3b1-4678-ad7f-631d279e93f2: start FollowerState
2019-10-07 16:31:33,111 [pool-403-thread-1] INFO  util.JmxRegister (JmxRegister.java:tryRegister(44)) - Successfully registered JMX Bean with object name Ratis:service=RaftServer,group=group-1806836F5742,id=81d468c2-b3b1-4678-ad7f-631d279e93f2
2019-10-07 16:31:33,115 [RatisPipelineUtilsThread] INFO  pipeline.PipelineStateManager (PipelineStateManager.java:addPipeline(56)) - Created pipeline Pipeline[ Id: 06540d5c-6fd0-4999-80fd-1806836f5742, Nodes: 81d468c2-b3b1-4678-ad7f-631d279e93f2{ip: 192.168.164.193, host: pr-hdds-1737-qktq7-3079564033, networkLocation: /default-rack, certSerialId: null}, Type:RATIS, Factor:ONE, State:OPEN]
2019-10-07 16:31:33,124 [grpc-default-executor-5] INFO  impl.RaftServerProxy (RaftServerProxy.java:addNew(89)) - 05c8f4f6-3789-4a42-8e33-a3ac943b7408: addNew group-E6D001414C08:[05c8f4f6-3789-4a42-8e33-a3ac943b7408:192.168.164.193:37038] returns group-E6D001414C08:java.util.concurrent.CompletableFuture@61f70648[Not completed]
2019-10-07 16:31:33,125 [pool-413-thread-1] INFO  impl.RaftServerImpl (RaftServerImpl.java:<init>(95)) - 05c8f4f6-3789-4a42-8e33-a3ac943b7408: new RaftServerImpl for group-E6D001414C08:[05c8f4f6-3789-4a42-8e33-a3ac943b7408:192.168.164.193:37038] with ContainerStateMachine:uninitialized
2019-10-07 16:31:33,125 [pool-413-thread-1] INFO  server.RaftServerConfigKeys (ConfUtils.java:logGet(43)) - raft.server.rpc.timeout.min = 5s (custom)
2019-10-07 16:31:33,125 [pool-413-thread-1] INFO  server.RaftServerConfigKeys (ConfUtils.java:logGet(43)) - raft.server.rpc.timeout.max = 5200ms (custom)
2019-10-07 16:31:33,125 [pool-413-thread-1] INFO  server.RaftServerConfigKeys (ConfUtils.java:logGet(43)) - raft.server.rpcslowness.timeout = 120s (custom)
2019-10-07 16:31:33,126 [pool-413-thread-1] INFO  server.RaftServerConfigKeys (ConfUtils.java:logGet(43)) - raft.server.sleep.deviation.threshold = 300 (default)
2019-10-07 16:31:33,126 [pool-413-thread-1] INFO  server.RaftServerConfigKeys (ConfUtils.java:logGet(43)) - raft.server.log.appender.install.snapshot.enabled = false (custom)
2019-10-07 16:31:33,126 [pool-413-thread-1] INFO  impl.RaftServerImpl (ServerState.java:<init>(103)) - 05c8f4f6-3789-4a42-8e33-a3ac943b7408@group-E6D001414C08: ConfigurationManager, init=-1: [05c8f4f6-3789-4a42-8e33-a3ac943b7408:192.168.164.193:37038], old=null, confs=<EMPTY_MAP>
2019-10-07 16:31:33,126 [pool-413-thread-1] INFO  server.RaftServerConfigKeys (ConfUtils.java:logGet(43)) - raft.server.storage.dir = [/workdir/hadoop-ozone/integration-test/target/test-dir/MiniOzoneClusterImpl-282ca255-90b9-400f-9396-be8b440faf89/datanode-3/data/ratis] (custom)
2019-10-07 16:31:33,126 [pool-413-thread-1] INFO  server.RaftServerConfigKeys (ConfUtils.java:logGet(43)) - raft.server.log.corruption.policy = EXCEPTION (default)
2019-10-07 16:31:33,126 [pool-413-thread-1] INFO  storage.RaftStorageDirectory (RaftStorageDirectory.java:analyzeStorage(246)) - The storage directory /workdir/hadoop-ozone/integration-test/target/test-dir/MiniOzoneClusterImpl-282ca255-90b9-400f-9396-be8b440faf89/datanode-3/data/ratis/ebd89ee8-91a7-458c-a67b-e6d001414c08 does not exist. Creating ...
2019-10-07 16:31:33,139 [pool-413-thread-1] INFO  storage.RaftStorageDirectory (RaftStorageDirectory.java:tryLock(328)) - Lock on /workdir/hadoop-ozone/integration-test/target/test-dir/MiniOzoneClusterImpl-282ca255-90b9-400f-9396-be8b440faf89/datanode-3/data/ratis/ebd89ee8-91a7-458c-a67b-e6d001414c08/in_use.lock acquired by nodename 13983@pr-hdds-1737-qktq7-3079564033
2019-10-07 16:31:33,151 [pool-413-thread-1] INFO  storage.RaftStorage (RaftStorage.java:format(84)) - Storage directory /workdir/hadoop-ozone/integration-test/target/test-dir/MiniOzoneClusterImpl-282ca255-90b9-400f-9396-be8b440faf89/datanode-3/data/ratis/ebd89ee8-91a7-458c-a67b-e6d001414c08 has been successfully formatted.
2019-10-07 16:31:33,152 [pool-413-thread-1] INFO  ratis.ContainerStateMachine (ContainerStateMachine.java:loadSnapshot(231)) - group-E6D001414C08: The snapshot info is null. Setting the last applied indexto:(t:0, i:~)
2019-10-07 16:31:33,152 [pool-413-thread-1] INFO  server.RaftServerConfigKeys (ConfUtils.java:logGet(43)) - raft.server.notification.no-leader.timeout = 120s (custom)
2019-10-07 16:31:33,152 [pool-413-thread-1] INFO  server.RaftServerConfigKeys (ConfUtils.java:logGet(43)) - raft.server.log.use.memory = false (default)
2019-10-07 16:31:33,152 [pool-413-thread-1] INFO  server.RaftServerConfigKeys (ConfUtils.java:logGet(43)) - raft.server.log.purge.gap = 1000000 (custom)
2019-10-07 16:31:33,152 [pool-413-thread-1] INFO  server.RaftServerConfigKeys (ConfUtils.java:logGet(43)) - raft.server.log.appender.buffer.byte-limit = 33554432 (custom)
2019-10-07 16:31:33,152 [pool-413-thread-1] INFO  server.RaftServerConfigKeys (ConfUtils.java:logGet(43)) - raft.server.log.segment.size.max = 1048576 (custom)
2019-10-07 16:31:33,154 [pool-413-thread-1] INFO  server.RaftServerConfigKeys (ConfUtils.java:logGet(43)) - raft.server.log.segment.cache.num.max = 2 (custom)
2019-10-07 16:31:33,154 [pool-413-thread-1] INFO  segmented.SegmentedRaftLogWorker (SegmentedRaftLogWorker.java:<init>(173)) - new 05c8f4f6-3789-4a42-8e33-a3ac943b7408@group-E6D001414C08-SegmentedRaftLogWorker for RaftStorage:Storage Directory /workdir/hadoop-ozone/integration-test/target/test-dir/MiniOzoneClusterImpl-282ca255-90b9-400f-9396-be8b440faf89/datanode-3/data/ratis/ebd89ee8-91a7-458c-a67b-e6d001414c08
2019-10-07 16:31:33,154 [pool-413-thread-1] INFO  server.RaftServerConfigKeys (ConfUtils.java:logGet(43)) - raft.server.log.queue.byte-limit = 2147483647 (custom)
2019-10-07 16:31:33,154 [pool-413-thread-1] INFO  server.RaftServerConfigKeys (ConfUtils.java:logGet(43)) - raft.server.log.queue.element-limit = 1024 (custom)
2019-10-07 16:31:33,154 [pool-413-thread-1] INFO  server.RaftServerConfigKeys (ConfUtils.java:logGet(43)) - raft.server.log.segment.size.max = 1048576 (custom)
2019-10-07 16:31:33,154 [pool-413-thread-1] INFO  server.RaftServerConfigKeys (ConfUtils.java:logGet(43)) - raft.server.log.preallocated.size = 16384 (custom)
2019-10-07 16:31:33,154 [pool-413-thread-1] INFO  server.RaftServerConfigKeys (ConfUtils.java:logGet(43)) - raft.server.log.write.buffer.size = 33554432 (custom)
2019-10-07 16:31:33,154 [pool-413-thread-1] INFO  server.RaftServerConfigKeys (ConfUtils.java:logGet(43)) - raft.server.log.force.sync.num = 128 (default)
2019-10-07 16:31:33,154 [pool-413-thread-1] INFO  server.RaftServerConfigKeys (ConfUtils.java:logGet(43)) - raft.server.log.statemachine.data.sync = true (default)
2019-10-07 16:31:33,154 [pool-413-thread-1] INFO  server.RaftServerConfigKeys (ConfUtils.java:logGet(43)) - raft.server.log.statemachine.data.sync.timeout = 10s (default)
2019-10-07 16:31:33,155 [pool-413-thread-1] INFO  server.RaftServerConfigKeys (ConfUtils.java:logGet(43)) - raft.server.log.statemachine.data.sync.timeout.retry = -1 (default)
2019-10-07 16:31:33,155 [pool-413-thread-1] INFO  server.RaftServerConfigKeys (ConfUtils.java:logGet(43)) - raft.server.log.statemachine.data.caching.enabled = true (custom)
2019-10-07 16:31:33,155 [pool-413-thread-1] INFO  segmented.SegmentedRaftLogWorker (SegmentedRaftLogWorker.java:lambda$new$0(128)) - 05c8f4f6-3789-4a42-8e33-a3ac943b7408@group-E6D001414C08-SegmentedRaftLogWorker: flushIndex: setUnconditionally 0 -> -1
2019-10-07 16:31:33,155 [pool-413-thread-1] INFO  server.RaftServerConfigKeys (ConfUtils.java:logGet(43)) - raft.server.snapshot.auto.trigger.enabled = true (custom)
2019-10-07 16:31:33,155 [pool-413-thread-1] INFO  server.RaftServerConfigKeys (ConfUtils.java:logGet(43)) - raft.server.snapshot.auto.trigger.threshold = 10000 (custom)
2019-10-07 16:31:33,155 [pool-413-thread-1] INFO  server.RaftServerConfigKeys (ConfUtils.java:logGet(43)) - raft.server.snapshot.retention.file.num = 5 (custom)
2019-10-07 16:31:33,156 [pool-413-thread-1] INFO  server.RaftServerConfigKeys (ConfUtils.java:logGet(43)) - raft.server.retrycache.expirytime = 600000ms (custom)
2019-10-07 16:31:33,157 [pool-413-thread-1] INFO  impl.RaftServerImpl (RaftServerImpl.java:start(181)) - 05c8f4f6-3789-4a42-8e33-a3ac943b7408@group-E6D001414C08: start as a follower, conf=-1: [05c8f4f6-3789-4a42-8e33-a3ac943b7408:192.168.164.193:37038], old=null
2019-10-07 16:31:33,157 [pool-413-thread-1] INFO  impl.RaftServerImpl (RaftServerImpl.java:setRole(170)) - 05c8f4f6-3789-4a42-8e33-a3ac943b7408@group-E6D001414C08: changes role from      null to FOLLOWER at term 0 for startAsFollower
2019-10-07 16:31:33,157 [pool-413-thread-1] INFO  impl.RoleInfo (RoleInfo.java:updateAndGet(143)) - 05c8f4f6-3789-4a42-8e33-a3ac943b7408: start FollowerState
2019-10-07 16:31:33,157 [pool-413-thread-1] INFO  util.JmxRegister (JmxRegister.java:tryRegister(44)) - Successfully registered JMX Bean with object name Ratis:service=RaftServer,group=group-E6D001414C08,id=05c8f4f6-3789-4a42-8e33-a3ac943b7408
2019-10-07 16:31:33,160 [RatisPipelineUtilsThread] INFO  pipeline.PipelineStateManager (PipelineStateManager.java:addPipeline(56)) - Created pipeline Pipeline[ Id: ebd89ee8-91a7-458c-a67b-e6d001414c08, Nodes: 05c8f4f6-3789-4a42-8e33-a3ac943b7408{ip: 192.168.164.193, host: pr-hdds-1737-qktq7-3079564033, networkLocation: /default-rack, certSerialId: null}, Type:RATIS, Factor:ONE, State:OPEN]
2019-10-07 16:31:33,169 [IPC Server handler 1 on 38263] INFO  net.NetworkTopology (NetworkTopologyImpl.java:add(111)) - Added a new node: /default-rack/768c20c9-c7cd-4076-acb2-468c5f336818
2019-10-07 16:31:33,169 [IPC Server handler 1 on 38263] INFO  node.SCMNodeManager (SCMNodeManager.java:register(268)) - Registered Data node : 768c20c9-c7cd-4076-acb2-468c5f336818{ip: 192.168.164.193, host: pr-hdds-1737-qktq7-3079564033, networkLocation: /default-rack, certSerialId: null}
2019-10-07 16:31:33,170 [grpc-default-executor-2] INFO  impl.RaftServerProxy (RaftServerProxy.java:addNew(89)) - eacbd12f-3dc1-4d15-8836-2a69dd1ab512: addNew group-DE2322A94E4A:[99220c91-04f1-4f6c-ba1f-ea25e99228f1:192.168.164.193:35534, eacbd12f-3dc1-4d15-8836-2a69dd1ab512:192.168.164.193:35381, 81d468c2-b3b1-4678-ad7f-631d279e93f2:192.168.164.193:46060] returns group-DE2322A94E4A:java.util.concurrent.CompletableFuture@91f7509[Not completed]
2019-10-07 16:31:33,171 [grpc-default-executor-5] INFO  impl.RaftServerProxy (RaftServerProxy.java:addNew(89)) - 99220c91-04f1-4f6c-ba1f-ea25e99228f1: addNew group-DE2322A94E4A:[99220c91-04f1-4f6c-ba1f-ea25e99228f1:192.168.164.193:35534, eacbd12f-3dc1-4d15-8836-2a69dd1ab512:192.168.164.193:35381, 81d468c2-b3b1-4678-ad7f-631d279e93f2:192.168.164.193:46060] returns group-DE2322A94E4A:java.util.concurrent.CompletableFuture@181d8fa5[Not completed]
2019-10-07 16:31:33,171 [grpc-default-executor-2] INFO  impl.RaftServerProxy (RaftServerProxy.java:addNew(89)) - 81d468c2-b3b1-4678-ad7f-631d279e93f2: addNew group-DE2322A94E4A:[99220c91-04f1-4f6c-ba1f-ea25e99228f1:192.168.164.193:35534, eacbd12f-3dc1-4d15-8836-2a69dd1ab512:192.168.164.193:35381, 81d468c2-b3b1-4678-ad7f-631d279e93f2:192.168.164.193:46060] returns group-DE2322A94E4A:java.util.concurrent.CompletableFuture@18bf7e6d[Not completed]
2019-10-07 16:31:33,171 [pool-383-thread-1] INFO  impl.RaftServerImpl (RaftServerImpl.java:<init>(95)) - eacbd12f-3dc1-4d15-8836-2a69dd1ab512: new RaftServerImpl for group-DE2322A94E4A:[99220c91-04f1-4f6c-ba1f-ea25e99228f1:192.168.164.193:35534, eacbd12f-3dc1-4d15-8836-2a69dd1ab512:192.168.164.193:35381, 81d468c2-b3b1-4678-ad7f-631d279e93f2:192.168.164.193:46060] with ContainerStateMachine:uninitialized
2019-10-07 16:31:33,171 [pool-383-thread-1] INFO  server.RaftServerConfigKeys (ConfUtils.java:logGet(43)) - raft.server.rpc.timeout.min = 5s (custom)
2019-10-07 16:31:33,171 [pool-383-thread-1] INFO  server.RaftServerConfigKeys (ConfUtils.java:logGet(43)) - raft.server.rpc.timeout.max = 5200ms (custom)
2019-10-07 16:31:33,172 [pool-383-thread-1] INFO  server.RaftServerConfigKeys (ConfUtils.java:logGet(43)) - raft.server.rpcslowness.timeout = 120s (custom)
2019-10-07 16:31:33,172 [pool-383-thread-1] INFO  server.RaftServerConfigKeys (ConfUtils.java:logGet(43)) - raft.server.sleep.deviation.threshold = 300 (default)
2019-10-07 16:31:33,172 [pool-383-thread-1] INFO  server.RaftServerConfigKeys (ConfUtils.java:logGet(43)) - raft.server.log.appender.install.snapshot.enabled = false (custom)
2019-10-07 16:31:33,172 [pool-383-thread-1] INFO  impl.RaftServerImpl (ServerState.java:<init>(103)) - eacbd12f-3dc1-4d15-8836-2a69dd1ab512@group-DE2322A94E4A: ConfigurationManager, init=-1: [99220c91-04f1-4f6c-ba1f-ea25e99228f1:192.168.164.193:35534, eacbd12f-3dc1-4d15-8836-2a69dd1ab512:192.168.164.193:35381, 81d468c2-b3b1-4678-ad7f-631d279e93f2:192.168.164.193:46060], old=null, confs=<EMPTY_MAP>
2019-10-07 16:31:33,172 [pool-383-thread-1] INFO  server.RaftServerConfigKeys (ConfUtils.java:logGet(43)) - raft.server.storage.dir = [/workdir/hadoop-ozone/integration-test/target/test-dir/MiniOzoneClusterImpl-282ca255-90b9-400f-9396-be8b440faf89/datanode-0/data/ratis] (custom)
2019-10-07 16:31:33,172 [pool-393-thread-1] INFO  impl.RaftServerImpl (RaftServerImpl.java:<init>(95)) - 99220c91-04f1-4f6c-ba1f-ea25e99228f1: new RaftServerImpl for group-DE2322A94E4A:[99220c91-04f1-4f6c-ba1f-ea25e99228f1:192.168.164.193:35534, eacbd12f-3dc1-4d15-8836-2a69dd1ab512:192.168.164.193:35381, 81d468c2-b3b1-4678-ad7f-631d279e93f2:192.168.164.193:46060] with ContainerStateMachine:uninitialized
2019-10-07 16:31:33,173 [pool-393-thread-1] INFO  server.RaftServerConfigKeys (ConfUtils.java:logGet(43)) - raft.server.rpc.timeout.min = 5s (custom)
2019-10-07 16:31:33,173 [pool-383-thread-1] INFO  server.RaftServerConfigKeys (ConfUtils.java:logGet(43)) - raft.server.log.corruption.policy = EXCEPTION (default)
2019-10-07 16:31:33,173 [pool-393-thread-1] INFO  server.RaftServerConfigKeys (ConfUtils.java:logGet(43)) - raft.server.rpc.timeout.max = 5200ms (custom)
2019-10-07 16:31:33,173 [pool-383-thread-1] INFO  storage.RaftStorageDirectory (RaftStorageDirectory.java:analyzeStorage(246)) - The storage directory /workdir/hadoop-ozone/integration-test/target/test-dir/MiniOzoneClusterImpl-282ca255-90b9-400f-9396-be8b440faf89/datanode-0/data/ratis/f02f57e4-7dd1-4184-85e4-de2322a94e4a does not exist. Creating ...
2019-10-07 16:31:33,173 [pool-403-thread-1] INFO  impl.RaftServerImpl (RaftServerImpl.java:<init>(95)) - 81d468c2-b3b1-4678-ad7f-631d279e93f2: new RaftServerImpl for group-DE2322A94E4A:[99220c91-04f1-4f6c-ba1f-ea25e99228f1:192.168.164.193:35534, eacbd12f-3dc1-4d15-8836-2a69dd1ab512:192.168.164.193:35381, 81d468c2-b3b1-4678-ad7f-631d279e93f2:192.168.164.193:46060] with ContainerStateMachine:uninitialized
2019-10-07 16:31:33,173 [pool-393-thread-1] INFO  server.RaftServerConfigKeys (ConfUtils.java:logGet(43)) - raft.server.rpcslowness.timeout = 120s (custom)
2019-10-07 16:31:33,173 [pool-403-thread-1] INFO  server.RaftServerConfigKeys (ConfUtils.java:logGet(43)) - raft.server.rpc.timeout.min = 5s (custom)
2019-10-07 16:31:33,173 [pool-393-thread-1] INFO  server.RaftServerConfigKeys (ConfUtils.java:logGet(43)) - raft.server.sleep.deviation.threshold = 300 (default)
2019-10-07 16:31:33,173 [pool-403-thread-1] INFO  server.RaftServerConfigKeys (ConfUtils.java:logGet(43)) - raft.server.rpc.timeout.max = 5200ms (custom)
2019-10-07 16:31:33,174 [pool-393-thread-1] INFO  server.RaftServerConfigKeys (ConfUtils.java:logGet(43)) - raft.server.log.appender.install.snapshot.enabled = false (custom)
2019-10-07 16:31:33,174 [pool-403-thread-1] INFO  server.RaftServerConfigKeys (ConfUtils.java:logGet(43)) - raft.server.rpcslowness.timeout = 120s (custom)
2019-10-07 16:31:33,174 [pool-393-thread-1] INFO  impl.RaftServerImpl (ServerState.java:<init>(103)) - 99220c91-04f1-4f6c-ba1f-ea25e99228f1@group-DE2322A94E4A: ConfigurationManager, init=-1: [99220c91-04f1-4f6c-ba1f-ea25e99228f1:192.168.164.193:35534, eacbd12f-3dc1-4d15-8836-2a69dd1ab512:192.168.164.193:35381, 81d468c2-b3b1-4678-ad7f-631d279e93f2:192.168.164.193:46060], old=null, confs=<EMPTY_MAP>
2019-10-07 16:31:33,174 [pool-403-thread-1] INFO  server.RaftServerConfigKeys (ConfUtils.java:logGet(43)) - raft.server.sleep.deviation.threshold = 300 (default)
2019-10-07 16:31:33,174 [pool-393-thread-1] INFO  server.RaftServerConfigKeys (ConfUtils.java:logGet(43)) - raft.server.storage.dir = [/workdir/hadoop-ozone/integration-test/target/test-dir/MiniOzoneClusterImpl-282ca255-90b9-400f-9396-be8b440faf89/datanode-1/data/ratis] (custom)
2019-10-07 16:31:33,174 [pool-403-thread-1] INFO  server.RaftServerConfigKeys (ConfUtils.java:logGet(43)) - raft.server.log.appender.install.snapshot.enabled = false (custom)
2019-10-07 16:31:33,175 [pool-403-thread-1] INFO  impl.RaftServerImpl (ServerState.java:<init>(103)) - 81d468c2-b3b1-4678-ad7f-631d279e93f2@group-DE2322A94E4A: ConfigurationManager, init=-1: [99220c91-04f1-4f6c-ba1f-ea25e99228f1:192.168.164.193:35534, eacbd12f-3dc1-4d15-8836-2a69dd1ab512:192.168.164.193:35381, 81d468c2-b3b1-4678-ad7f-631d279e93f2:192.168.164.193:46060], old=null, confs=<EMPTY_MAP>
2019-10-07 16:31:33,175 [pool-393-thread-1] INFO  server.RaftServerConfigKeys (ConfUtils.java:logGet(43)) - raft.server.log.corruption.policy = EXCEPTION (default)
2019-10-07 16:31:33,175 [pool-403-thread-1] INFO  server.RaftServerConfigKeys (ConfUtils.java:logGet(43)) - raft.server.storage.dir = [/workdir/hadoop-ozone/integration-test/target/test-dir/MiniOzoneClusterImpl-282ca255-90b9-400f-9396-be8b440faf89/datanode-2/data/ratis] (custom)
2019-10-07 16:31:33,175 [pool-393-thread-1] INFO  storage.RaftStorageDirectory (RaftStorageDirectory.java:analyzeStorage(246)) - The storage directory /workdir/hadoop-ozone/integration-test/target/test-dir/MiniOzoneClusterImpl-282ca255-90b9-400f-9396-be8b440faf89/datanode-1/data/ratis/f02f57e4-7dd1-4184-85e4-de2322a94e4a does not exist. Creating ...
2019-10-07 16:31:33,175 [pool-403-thread-1] INFO  server.RaftServerConfigKeys (ConfUtils.java:logGet(43)) - raft.server.log.corruption.policy = EXCEPTION (default)
2019-10-07 16:31:33,175 [pool-403-thread-1] INFO  storage.RaftStorageDirectory (RaftStorageDirectory.java:analyzeStorage(246)) - The storage directory /workdir/hadoop-ozone/integration-test/target/test-dir/MiniOzoneClusterImpl-282ca255-90b9-400f-9396-be8b440faf89/datanode-2/data/ratis/f02f57e4-7dd1-4184-85e4-de2322a94e4a does not exist. Creating ...
2019-10-07 16:31:33,187 [pool-393-thread-1] INFO  storage.RaftStorageDirectory (RaftStorageDirectory.java:tryLock(328)) - Lock on /workdir/hadoop-ozone/integration-test/target/test-dir/MiniOzoneClusterImpl-282ca255-90b9-400f-9396-be8b440faf89/datanode-1/data/ratis/f02f57e4-7dd1-4184-85e4-de2322a94e4a/in_use.lock acquired by nodename 13983@pr-hdds-1737-qktq7-3079564033
2019-10-07 16:31:33,187 [pool-383-thread-1] INFO  storage.RaftStorageDirectory (RaftStorageDirectory.java:tryLock(328)) - Lock on /workdir/hadoop-ozone/integration-test/target/test-dir/MiniOzoneClusterImpl-282ca255-90b9-400f-9396-be8b440faf89/datanode-0/data/ratis/f02f57e4-7dd1-4184-85e4-de2322a94e4a/in_use.lock acquired by nodename 13983@pr-hdds-1737-qktq7-3079564033
2019-10-07 16:31:33,187 [pool-403-thread-1] INFO  storage.RaftStorageDirectory (RaftStorageDirectory.java:tryLock(328)) - Lock on /workdir/hadoop-ozone/integration-test/target/test-dir/MiniOzoneClusterImpl-282ca255-90b9-400f-9396-be8b440faf89/datanode-2/data/ratis/f02f57e4-7dd1-4184-85e4-de2322a94e4a/in_use.lock acquired by nodename 13983@pr-hdds-1737-qktq7-3079564033
2019-10-07 16:31:33,200 [pool-383-thread-1] INFO  storage.RaftStorage (RaftStorage.java:format(84)) - Storage directory /workdir/hadoop-ozone/integration-test/target/test-dir/MiniOzoneClusterImpl-282ca255-90b9-400f-9396-be8b440faf89/datanode-0/data/ratis/f02f57e4-7dd1-4184-85e4-de2322a94e4a has been successfully formatted.
2019-10-07 16:31:33,200 [pool-393-thread-1] INFO  storage.RaftStorage (RaftStorage.java:format(84)) - Storage directory /workdir/hadoop-ozone/integration-test/target/test-dir/MiniOzoneClusterImpl-282ca255-90b9-400f-9396-be8b440faf89/datanode-1/data/ratis/f02f57e4-7dd1-4184-85e4-de2322a94e4a has been successfully formatted.
2019-10-07 16:31:33,200 [pool-403-thread-1] INFO  storage.RaftStorage (RaftStorage.java:format(84)) - Storage directory /workdir/hadoop-ozone/integration-test/target/test-dir/MiniOzoneClusterImpl-282ca255-90b9-400f-9396-be8b440faf89/datanode-2/data/ratis/f02f57e4-7dd1-4184-85e4-de2322a94e4a has been successfully formatted.
2019-10-07 16:31:33,201 [pool-393-thread-1] INFO  ratis.ContainerStateMachine (ContainerStateMachine.java:loadSnapshot(231)) - group-DE2322A94E4A: The snapshot info is null. Setting the last applied indexto:(t:0, i:~)
2019-10-07 16:31:33,201 [pool-383-thread-1] INFO  ratis.ContainerStateMachine (ContainerStateMachine.java:loadSnapshot(231)) - group-DE2322A94E4A: The snapshot info is null. Setting the last applied indexto:(t:0, i:~)
2019-10-07 16:31:33,201 [pool-403-thread-1] INFO  ratis.ContainerStateMachine (ContainerStateMachine.java:loadSnapshot(231)) - group-DE2322A94E4A: The snapshot info is null. Setting the last applied indexto:(t:0, i:~)
2019-10-07 16:31:33,201 [pool-393-thread-1] INFO  server.RaftServerConfigKeys (ConfUtils.java:logGet(43)) - raft.server.notification.no-leader.timeout = 120s (custom)
2019-10-07 16:31:33,201 [pool-403-thread-1] INFO  server.RaftServerConfigKeys (ConfUtils.java:logGet(43)) - raft.server.notification.no-leader.timeout = 120s (custom)
2019-10-07 16:31:33,201 [pool-383-thread-1] INFO  server.RaftServerConfigKeys (ConfUtils.java:logGet(43)) - raft.server.notification.no-leader.timeout = 120s (custom)
2019-10-07 16:31:33,202 [pool-403-thread-1] INFO  server.RaftServerConfigKeys (ConfUtils.java:logGet(43)) - raft.server.log.use.memory = false (default)
2019-10-07 16:31:33,202 [pool-393-thread-1] INFO  server.RaftServerConfigKeys (ConfUtils.java:logGet(43)) - raft.server.log.use.memory = false (default)
2019-10-07 16:31:33,202 [pool-403-thread-1] INFO  server.RaftServerConfigKeys (ConfUtils.java:logGet(43)) - raft.server.log.purge.gap = 1000000 (custom)
2019-10-07 16:31:33,202 [pool-383-thread-1] INFO  server.RaftServerConfigKeys (ConfUtils.java:logGet(43)) - raft.server.log.use.memory = false (default)
2019-10-07 16:31:33,202 [pool-403-thread-1] INFO  server.RaftServerConfigKeys (ConfUtils.java:logGet(43)) - raft.server.log.appender.buffer.byte-limit = 33554432 (custom)
2019-10-07 16:31:33,202 [pool-393-thread-1] INFO  server.RaftServerConfigKeys (ConfUtils.java:logGet(43)) - raft.server.log.purge.gap = 1000000 (custom)
2019-10-07 16:31:33,202 [pool-403-thread-1] INFO  server.RaftServerConfigKeys (ConfUtils.java:logGet(43)) - raft.server.log.segment.size.max = 1048576 (custom)
2019-10-07 16:31:33,202 [pool-383-thread-1] INFO  server.RaftServerConfigKeys (ConfUtils.java:logGet(43)) - raft.server.log.purge.gap = 1000000 (custom)
2019-10-07 16:31:33,202 [pool-403-thread-1] INFO  server.RaftServerConfigKeys (ConfUtils.java:logGet(43)) - raft.server.log.segment.cache.num.max = 2 (custom)
2019-10-07 16:31:33,202 [pool-393-thread-1] INFO  server.RaftServerConfigKeys (ConfUtils.java:logGet(43)) - raft.server.log.appender.buffer.byte-limit = 33554432 (custom)
2019-10-07 16:31:33,203 [pool-403-thread-1] INFO  segmented.SegmentedRaftLogWorker (SegmentedRaftLogWorker.java:<init>(173)) - new 81d468c2-b3b1-4678-ad7f-631d279e93f2@group-DE2322A94E4A-SegmentedRaftLogWorker for RaftStorage:Storage Directory /workdir/hadoop-ozone/integration-test/target/test-dir/MiniOzoneClusterImpl-282ca255-90b9-400f-9396-be8b440faf89/datanode-2/data/ratis/f02f57e4-7dd1-4184-85e4-de2322a94e4a
2019-10-07 16:31:33,203 [pool-383-thread-1] INFO  server.RaftServerConfigKeys (ConfUtils.java:logGet(43)) - raft.server.log.appender.buffer.byte-limit = 33554432 (custom)
2019-10-07 16:31:33,203 [pool-403-thread-1] INFO  server.RaftServerConfigKeys (ConfUtils.java:logGet(43)) - raft.server.log.queue.byte-limit = 2147483647 (custom)
2019-10-07 16:31:33,203 [pool-393-thread-1] INFO  server.RaftServerConfigKeys (ConfUtils.java:logGet(43)) - raft.server.log.segment.size.max = 1048576 (custom)
2019-10-07 16:31:33,203 [pool-403-thread-1] INFO  server.RaftServerConfigKeys (ConfUtils.java:logGet(43)) - raft.server.log.queue.element-limit = 1024 (custom)
2019-10-07 16:31:33,203 [pool-383-thread-1] INFO  server.RaftServerConfigKeys (ConfUtils.java:logGet(43)) - raft.server.log.segment.size.max = 1048576 (custom)
2019-10-07 16:31:33,203 [pool-403-thread-1] INFO  server.RaftServerConfigKeys (ConfUtils.java:logGet(43)) - raft.server.log.segment.size.max = 1048576 (custom)
2019-10-07 16:31:33,203 [pool-393-thread-1] INFO  server.RaftServerConfigKeys (ConfUtils.java:logGet(43)) - raft.server.log.segment.cache.num.max = 2 (custom)
2019-10-07 16:31:33,203 [pool-403-thread-1] INFO  server.RaftServerConfigKeys (ConfUtils.java:logGet(43)) - raft.server.log.preallocated.size = 16384 (custom)
2019-10-07 16:31:33,203 [pool-383-thread-1] INFO  server.RaftServerConfigKeys (ConfUtils.java:logGet(43)) - raft.server.log.segment.cache.num.max = 2 (custom)
2019-10-07 16:31:33,204 [pool-403-thread-1] INFO  server.RaftServerConfigKeys (ConfUtils.java:logGet(43)) - raft.server.log.write.buffer.size = 33554432 (custom)
2019-10-07 16:31:33,204 [pool-393-thread-1] INFO  segmented.SegmentedRaftLogWorker (SegmentedRaftLogWorker.java:<init>(173)) - new 99220c91-04f1-4f6c-ba1f-ea25e99228f1@group-DE2322A94E4A-SegmentedRaftLogWorker for RaftStorage:Storage Directory /workdir/hadoop-ozone/integration-test/target/test-dir/MiniOzoneClusterImpl-282ca255-90b9-400f-9396-be8b440faf89/datanode-1/data/ratis/f02f57e4-7dd1-4184-85e4-de2322a94e4a
2019-10-07 16:31:33,204 [pool-403-thread-1] INFO  server.RaftServerConfigKeys (ConfUtils.java:logGet(43)) - raft.server.log.force.sync.num = 128 (default)
2019-10-07 16:31:33,204 [pool-383-thread-1] INFO  segmented.SegmentedRaftLogWorker (SegmentedRaftLogWorker.java:<init>(173)) - new eacbd12f-3dc1-4d15-8836-2a69dd1ab512@group-DE2322A94E4A-SegmentedRaftLogWorker for RaftStorage:Storage Directory /workdir/hadoop-ozone/integration-test/target/test-dir/MiniOzoneClusterImpl-282ca255-90b9-400f-9396-be8b440faf89/datanode-0/data/ratis/f02f57e4-7dd1-4184-85e4-de2322a94e4a
2019-10-07 16:31:33,204 [pool-403-thread-1] INFO  server.RaftServerConfigKeys (ConfUtils.java:logGet(43)) - raft.server.log.statemachine.data.sync = true (default)
2019-10-07 16:31:33,204 [pool-393-thread-1] INFO  server.RaftServerConfigKeys (ConfUtils.java:logGet(43)) - raft.server.log.queue.byte-limit = 2147483647 (custom)
2019-10-07 16:31:33,204 [pool-403-thread-1] INFO  server.RaftServerConfigKeys (ConfUtils.java:logGet(43)) - raft.server.log.statemachine.data.sync.timeout = 10s (default)
2019-10-07 16:31:33,204 [pool-383-thread-1] INFO  server.RaftServerConfigKeys (ConfUtils.java:logGet(43)) - raft.server.log.queue.byte-limit = 2147483647 (custom)
2019-10-07 16:31:33,204 [pool-403-thread-1] INFO  server.RaftServerConfigKeys (ConfUtils.java:logGet(43)) - raft.server.log.statemachine.data.sync.timeout.retry = -1 (default)
2019-10-07 16:31:33,204 [pool-393-thread-1] INFO  server.RaftServerConfigKeys (ConfUtils.java:logGet(43)) - raft.server.log.queue.element-limit = 1024 (custom)
2019-10-07 16:31:33,205 [pool-403-thread-1] INFO  server.RaftServerConfigKeys (ConfUtils.java:logGet(43)) - raft.server.log.statemachine.data.caching.enabled = true (custom)
2019-10-07 16:31:33,205 [pool-383-thread-1] INFO  server.RaftServerConfigKeys (ConfUtils.java:logGet(43)) - raft.server.log.queue.element-limit = 1024 (custom)
2019-10-07 16:31:33,205 [pool-393-thread-1] INFO  server.RaftServerConfigKeys (ConfUtils.java:logGet(43)) - raft.server.log.segment.size.max = 1048576 (custom)
2019-10-07 16:31:33,205 [pool-383-thread-1] INFO  server.RaftServerConfigKeys (ConfUtils.java:logGet(43)) - raft.server.log.segment.size.max = 1048576 (custom)
2019-10-07 16:31:33,205 [pool-403-thread-1] INFO  segmented.SegmentedRaftLogWorker (SegmentedRaftLogWorker.java:lambda$new$0(128)) - 81d468c2-b3b1-4678-ad7f-631d279e93f2@group-DE2322A94E4A-SegmentedRaftLogWorker: flushIndex: setUnconditionally 0 -> -1
2019-10-07 16:31:33,205 [pool-383-thread-1] INFO  server.RaftServerConfigKeys (ConfUtils.java:logGet(43)) - raft.server.log.preallocated.size = 16384 (custom)
2019-10-07 16:31:33,205 [pool-393-thread-1] INFO  server.RaftServerConfigKeys (ConfUtils.java:logGet(43)) - raft.server.log.preallocated.size = 16384 (custom)
2019-10-07 16:31:33,205 [pool-403-thread-1] INFO  server.RaftServerConfigKeys (ConfUtils.java:logGet(43)) - raft.server.snapshot.auto.trigger.enabled = true (custom)
2019-10-07 16:31:33,205 [pool-383-thread-1] INFO  server.RaftServerConfigKeys (ConfUtils.java:logGet(43)) - raft.server.log.write.buffer.size = 33554432 (custom)
2019-10-07 16:31:33,206 [pool-403-thread-1] INFO  server.RaftServerConfigKeys (ConfUtils.java:logGet(43)) - raft.server.snapshot.auto.trigger.threshold = 10000 (custom)
2019-10-07 16:31:33,206 [pool-403-thread-1] INFO  server.RaftServerConfigKeys (ConfUtils.java:logGet(43)) - raft.server.snapshot.retention.file.num = 5 (custom)
2019-10-07 16:31:33,206 [pool-393-thread-1] INFO  server.RaftServerConfigKeys (ConfUtils.java:logGet(43)) - raft.server.log.write.buffer.size = 33554432 (custom)
2019-10-07 16:31:33,206 [pool-403-thread-1] INFO  server.RaftServerConfigKeys (ConfUtils.java:logGet(43)) - raft.server.retrycache.expirytime = 600000ms (custom)
2019-10-07 16:31:33,206 [pool-383-thread-1] INFO  server.RaftServerConfigKeys (ConfUtils.java:logGet(43)) - raft.server.log.force.sync.num = 128 (default)
2019-10-07 16:31:33,206 [pool-393-thread-1] INFO  server.RaftServerConfigKeys (ConfUtils.java:logGet(43)) - raft.server.log.force.sync.num = 128 (default)
2019-10-07 16:31:33,206 [pool-383-thread-1] INFO  server.RaftServerConfigKeys (ConfUtils.java:logGet(43)) - raft.server.log.statemachine.data.sync = true (default)
2019-10-07 16:31:33,206 [pool-393-thread-1] INFO  server.RaftServerConfigKeys (ConfUtils.java:logGet(43)) - raft.server.log.statemachine.data.sync = true (default)
2019-10-07 16:31:33,207 [pool-383-thread-1] INFO  server.RaftServerConfigKeys (ConfUtils.java:logGet(43)) - raft.server.log.statemachine.data.sync.timeout = 10s (default)
2019-10-07 16:31:33,207 [pool-393-thread-1] INFO  server.RaftServerConfigKeys (ConfUtils.java:logGet(43)) - raft.server.log.statemachine.data.sync.timeout = 10s (default)
2019-10-07 16:31:33,207 [pool-383-thread-1] INFO  server.RaftServerConfigKeys (ConfUtils.java:logGet(43)) - raft.server.log.statemachine.data.sync.timeout.retry = -1 (default)
2019-10-07 16:31:33,207 [pool-393-thread-1] INFO  server.RaftServerConfigKeys (ConfUtils.java:logGet(43)) - raft.server.log.statemachine.data.sync.timeout.retry = -1 (default)
2019-10-07 16:31:33,207 [pool-383-thread-1] INFO  server.RaftServerConfigKeys (ConfUtils.java:logGet(43)) - raft.server.log.statemachine.data.caching.enabled = true (custom)
2019-10-07 16:31:33,207 [pool-393-thread-1] INFO  server.RaftServerConfigKeys (ConfUtils.java:logGet(43)) - raft.server.log.statemachine.data.caching.enabled = true (custom)
2019-10-07 16:31:33,207 [pool-403-thread-1] INFO  impl.RaftServerImpl (RaftServerImpl.java:start(181)) - 81d468c2-b3b1-4678-ad7f-631d279e93f2@group-DE2322A94E4A: start as a follower, conf=-1: [99220c91-04f1-4f6c-ba1f-ea25e99228f1:192.168.164.193:35534, eacbd12f-3dc1-4d15-8836-2a69dd1ab512:192.168.164.193:35381, 81d468c2-b3b1-4678-ad7f-631d279e93f2:192.168.164.193:46060], old=null
2019-10-07 16:31:33,207 [pool-383-thread-1] INFO  segmented.SegmentedRaftLogWorker (SegmentedRaftLogWorker.java:lambda$new$0(128)) - eacbd12f-3dc1-4d15-8836-2a69dd1ab512@group-DE2322A94E4A-SegmentedRaftLogWorker: flushIndex: setUnconditionally 0 -> -1
2019-10-07 16:31:33,207 [pool-393-thread-1] INFO  segmented.SegmentedRaftLogWorker (SegmentedRaftLogWorker.java:lambda$new$0(128)) - 99220c91-04f1-4f6c-ba1f-ea25e99228f1@group-DE2322A94E4A-SegmentedRaftLogWorker: flushIndex: setUnconditionally 0 -> -1
2019-10-07 16:31:33,207 [pool-403-thread-1] INFO  impl.RaftServerImpl (RaftServerImpl.java:setRole(170)) - 81d468c2-b3b1-4678-ad7f-631d279e93f2@group-DE2322A94E4A: changes role from      null to FOLLOWER at term 0 for startAsFollower
2019-10-07 16:31:33,208 [pool-383-thread-1] INFO  server.RaftServerConfigKeys (ConfUtils.java:logGet(43)) - raft.server.snapshot.auto.trigger.enabled = true (custom)
2019-10-07 16:31:33,208 [pool-393-thread-1] INFO  server.RaftServerConfigKeys (ConfUtils.java:logGet(43)) - raft.server.snapshot.auto.trigger.enabled = true (custom)
2019-10-07 16:31:33,208 [pool-403-thread-1] INFO  impl.RoleInfo (RoleInfo.java:updateAndGet(143)) - 81d468c2-b3b1-4678-ad7f-631d279e93f2: start FollowerState
2019-10-07 16:31:33,208 [pool-393-thread-1] INFO  server.RaftServerConfigKeys (ConfUtils.java:logGet(43)) - raft.server.snapshot.auto.trigger.threshold = 10000 (custom)
2019-10-07 16:31:33,208 [pool-383-thread-1] INFO  server.RaftServerConfigKeys (ConfUtils.java:logGet(43)) - raft.server.snapshot.auto.trigger.threshold = 10000 (custom)
2019-10-07 16:31:33,208 [pool-403-thread-1] INFO  util.JmxRegister (JmxRegister.java:tryRegister(44)) - Successfully registered JMX Bean with object name Ratis:service=RaftServer,group=group-DE2322A94E4A,id=81d468c2-b3b1-4678-ad7f-631d279e93f2
2019-10-07 16:31:33,208 [pool-393-thread-1] INFO  server.RaftServerConfigKeys (ConfUtils.java:logGet(43)) - raft.server.snapshot.retention.file.num = 5 (custom)
2019-10-07 16:31:33,208 [pool-383-thread-1] INFO  server.RaftServerConfigKeys (ConfUtils.java:logGet(43)) - raft.server.snapshot.retention.file.num = 5 (custom)
2019-10-07 16:31:33,209 [pool-393-thread-1] INFO  server.RaftServerConfigKeys (ConfUtils.java:logGet(43)) - raft.server.retrycache.expirytime = 600000ms (custom)
2019-10-07 16:31:33,209 [pool-383-thread-1] INFO  server.RaftServerConfigKeys (ConfUtils.java:logGet(43)) - raft.server.retrycache.expirytime = 600000ms (custom)
2019-10-07 16:31:33,211 [pool-393-thread-1] INFO  impl.RaftServerImpl (RaftServerImpl.java:start(181)) - 99220c91-04f1-4f6c-ba1f-ea25e99228f1@group-DE2322A94E4A: start as a follower, conf=-1: [99220c91-04f1-4f6c-ba1f-ea25e99228f1:192.168.164.193:35534, eacbd12f-3dc1-4d15-8836-2a69dd1ab512:192.168.164.193:35381, 81d468c2-b3b1-4678-ad7f-631d279e93f2:192.168.164.193:46060], old=null
2019-10-07 16:31:33,211 [pool-383-thread-1] INFO  impl.RaftServerImpl (RaftServerImpl.java:start(181)) - eacbd12f-3dc1-4d15-8836-2a69dd1ab512@group-DE2322A94E4A: start as a follower, conf=-1: [99220c91-04f1-4f6c-ba1f-ea25e99228f1:192.168.164.193:35534, eacbd12f-3dc1-4d15-8836-2a69dd1ab512:192.168.164.193:35381, 81d468c2-b3b1-4678-ad7f-631d279e93f2:192.168.164.193:46060], old=null
2019-10-07 16:31:33,211 [pool-393-thread-1] INFO  impl.RaftServerImpl (RaftServerImpl.java:setRole(170)) - 99220c91-04f1-4f6c-ba1f-ea25e99228f1@group-DE2322A94E4A: changes role from      null to FOLLOWER at term 0 for startAsFollower
2019-10-07 16:31:33,211 [pool-383-thread-1] INFO  impl.RaftServerImpl (RaftServerImpl.java:setRole(170)) - eacbd12f-3dc1-4d15-8836-2a69dd1ab512@group-DE2322A94E4A: changes role from      null to FOLLOWER at term 0 for startAsFollower
2019-10-07 16:31:33,212 [pool-393-thread-1] INFO  impl.RoleInfo (RoleInfo.java:updateAndGet(143)) - 99220c91-04f1-4f6c-ba1f-ea25e99228f1: start FollowerState
2019-10-07 16:31:33,212 [pool-383-thread-1] INFO  impl.RoleInfo (RoleInfo.java:updateAndGet(143)) - eacbd12f-3dc1-4d15-8836-2a69dd1ab512: start FollowerState
2019-10-07 16:31:33,212 [pool-393-thread-1] INFO  util.JmxRegister (JmxRegister.java:tryRegister(44)) - Successfully registered JMX Bean with object name Ratis:service=RaftServer,group=group-DE2322A94E4A,id=99220c91-04f1-4f6c-ba1f-ea25e99228f1
2019-10-07 16:31:33,212 [pool-383-thread-1] INFO  util.JmxRegister (JmxRegister.java:tryRegister(44)) - Successfully registered JMX Bean with object name Ratis:service=RaftServer,group=group-DE2322A94E4A,id=eacbd12f-3dc1-4d15-8836-2a69dd1ab512
2019-10-07 16:31:33,216 [RatisPipelineUtilsThread] INFO  pipeline.PipelineStateManager (PipelineStateManager.java:addPipeline(56)) - Created pipeline Pipeline[ Id: f02f57e4-7dd1-4184-85e4-de2322a94e4a, Nodes: 81d468c2-b3b1-4678-ad7f-631d279e93f2{ip: 192.168.164.193, host: pr-hdds-1737-qktq7-3079564033, networkLocation: /default-rack, certSerialId: null}eacbd12f-3dc1-4d15-8836-2a69dd1ab512{ip: 192.168.164.193, host: pr-hdds-1737-qktq7-3079564033, networkLocation: /default-rack, certSerialId: null}99220c91-04f1-4f6c-ba1f-ea25e99228f1{ip: 192.168.164.193, host: pr-hdds-1737-qktq7-3079564033, networkLocation: /default-rack, certSerialId: null}, Type:RATIS, Factor:THREE, State:OPEN]
2019-10-07 16:31:33,227 [IPC Server handler 2 on 38263] INFO  net.NetworkTopology (NetworkTopologyImpl.java:add(111)) - Added a new node: /default-rack/6c37230c-264c-4d92-bd89-3437c7e9fb14
2019-10-07 16:31:33,227 [IPC Server handler 2 on 38263] INFO  node.SCMNodeManager (SCMNodeManager.java:register(268)) - Registered Data node : 6c37230c-264c-4d92-bd89-3437c7e9fb14{ip: 192.168.164.193, host: pr-hdds-1737-qktq7-3079564033, networkLocation: /default-rack, certSerialId: null}
2019-10-07 16:31:33,236 [grpc-default-executor-2] INFO  impl.RaftServerProxy (RaftServerProxy.java:addNew(89)) - 6c37230c-264c-4d92-bd89-3437c7e9fb14: addNew group-11C37C4ACBE8:[6c37230c-264c-4d92-bd89-3437c7e9fb14:192.168.164.193:36192] returns group-11C37C4ACBE8:java.util.concurrent.CompletableFuture@633ef1b9[Not completed]
2019-10-07 16:31:33,239 [pool-433-thread-1] INFO  impl.RaftServerImpl (RaftServerImpl.java:<init>(95)) - 6c37230c-264c-4d92-bd89-3437c7e9fb14: new RaftServerImpl for group-11C37C4ACBE8:[6c37230c-264c-4d92-bd89-3437c7e9fb14:192.168.164.193:36192] with ContainerStateMachine:uninitialized
2019-10-07 16:31:33,239 [pool-433-thread-1] INFO  server.RaftServerConfigKeys (ConfUtils.java:logGet(43)) - raft.server.rpc.timeout.min = 5s (custom)
2019-10-07 16:31:33,239 [pool-433-thread-1] INFO  server.RaftServerConfigKeys (ConfUtils.java:logGet(43)) - raft.server.rpc.timeout.max = 5200ms (custom)
2019-10-07 16:31:33,239 [pool-433-thread-1] INFO  server.RaftServerConfigKeys (ConfUtils.java:logGet(43)) - raft.server.rpcslowness.timeout = 120s (custom)
2019-10-07 16:31:33,239 [pool-433-thread-1] INFO  server.RaftServerConfigKeys (ConfUtils.java:logGet(43)) - raft.server.sleep.deviation.threshold = 300 (default)
2019-10-07 16:31:33,240 [pool-433-thread-1] INFO  server.RaftServerConfigKeys (ConfUtils.java:logGet(43)) - raft.server.log.appender.install.snapshot.enabled = false (custom)
2019-10-07 16:31:33,240 [pool-433-thread-1] INFO  impl.RaftServerImpl (ServerState.java:<init>(103)) - 6c37230c-264c-4d92-bd89-3437c7e9fb14@group-11C37C4ACBE8: ConfigurationManager, init=-1: [6c37230c-264c-4d92-bd89-3437c7e9fb14:192.168.164.193:36192], old=null, confs=<EMPTY_MAP>
2019-10-07 16:31:33,240 [pool-433-thread-1] INFO  server.RaftServerConfigKeys (ConfUtils.java:logGet(43)) - raft.server.storage.dir = [/workdir/hadoop-ozone/integration-test/target/test-dir/MiniOzoneClusterImpl-282ca255-90b9-400f-9396-be8b440faf89/datanode-5/data/ratis] (custom)
2019-10-07 16:31:33,240 [pool-433-thread-1] INFO  server.RaftServerConfigKeys (ConfUtils.java:logGet(43)) - raft.server.log.corruption.policy = EXCEPTION (default)
2019-10-07 16:31:33,240 [pool-433-thread-1] INFO  storage.RaftStorageDirectory (RaftStorageDirectory.java:analyzeStorage(246)) - The storage directory /workdir/hadoop-ozone/integration-test/target/test-dir/MiniOzoneClusterImpl-282ca255-90b9-400f-9396-be8b440faf89/datanode-5/data/ratis/e3be7762-4b8a-480e-a54a-11c37c4acbe8 does not exist. Creating ...
2019-10-07 16:31:33,265 [pool-433-thread-1] INFO  storage.RaftStorageDirectory (RaftStorageDirectory.java:tryLock(328)) - Lock on /workdir/hadoop-ozone/integration-test/target/test-dir/MiniOzoneClusterImpl-282ca255-90b9-400f-9396-be8b440faf89/datanode-5/data/ratis/e3be7762-4b8a-480e-a54a-11c37c4acbe8/in_use.lock acquired by nodename 13983@pr-hdds-1737-qktq7-3079564033
2019-10-07 16:31:33,279 [pool-433-thread-1] INFO  storage.RaftStorage (RaftStorage.java:format(84)) - Storage directory /workdir/hadoop-ozone/integration-test/target/test-dir/MiniOzoneClusterImpl-282ca255-90b9-400f-9396-be8b440faf89/datanode-5/data/ratis/e3be7762-4b8a-480e-a54a-11c37c4acbe8 has been successfully formatted.
2019-10-07 16:31:33,279 [pool-433-thread-1] INFO  ratis.ContainerStateMachine (ContainerStateMachine.java:loadSnapshot(231)) - group-11C37C4ACBE8: The snapshot info is null. Setting the last applied indexto:(t:0, i:~)
2019-10-07 16:31:33,279 [pool-433-thread-1] INFO  server.RaftServerConfigKeys (ConfUtils.java:logGet(43)) - raft.server.notification.no-leader.timeout = 120s (custom)
2019-10-07 16:31:33,279 [pool-433-thread-1] INFO  server.RaftServerConfigKeys (ConfUtils.java:logGet(43)) - raft.server.log.use.memory = false (default)
2019-10-07 16:31:33,279 [pool-433-thread-1] INFO  server.RaftServerConfigKeys (ConfUtils.java:logGet(43)) - raft.server.log.purge.gap = 1000000 (custom)
2019-10-07 16:31:33,279 [pool-433-thread-1] INFO  server.RaftServerConfigKeys (ConfUtils.java:logGet(43)) - raft.server.log.appender.buffer.byte-limit = 33554432 (custom)
2019-10-07 16:31:33,280 [pool-433-thread-1] INFO  server.RaftServerConfigKeys (ConfUtils.java:logGet(43)) - raft.server.log.segment.size.max = 1048576 (custom)
2019-10-07 16:31:33,282 [pool-433-thread-1] INFO  server.RaftServerConfigKeys (ConfUtils.java:logGet(43)) - raft.server.log.segment.cache.num.max = 2 (custom)
2019-10-07 16:31:33,282 [pool-433-thread-1] INFO  segmented.SegmentedRaftLogWorker (SegmentedRaftLogWorker.java:<init>(173)) - new 6c37230c-264c-4d92-bd89-3437c7e9fb14@group-11C37C4ACBE8-SegmentedRaftLogWorker for RaftStorage:Storage Directory /workdir/hadoop-ozone/integration-test/target/test-dir/MiniOzoneClusterImpl-282ca255-90b9-400f-9396-be8b440faf89/datanode-5/data/ratis/e3be7762-4b8a-480e-a54a-11c37c4acbe8
2019-10-07 16:31:33,283 [pool-433-thread-1] INFO  server.RaftServerConfigKeys (ConfUtils.java:logGet(43)) - raft.server.log.queue.byte-limit = 2147483647 (custom)
2019-10-07 16:31:33,283 [pool-433-thread-1] INFO  server.RaftServerConfigKeys (ConfUtils.java:logGet(43)) - raft.server.log.queue.element-limit = 1024 (custom)
2019-10-07 16:31:33,283 [pool-433-thread-1] INFO  server.RaftServerConfigKeys (ConfUtils.java:logGet(43)) - raft.server.log.segment.size.max = 1048576 (custom)
2019-10-07 16:31:33,283 [pool-433-thread-1] INFO  server.RaftServerConfigKeys (ConfUtils.java:logGet(43)) - raft.server.log.preallocated.size = 16384 (custom)
2019-10-07 16:31:33,283 [pool-433-thread-1] INFO  server.RaftServerConfigKeys (ConfUtils.java:logGet(43)) - raft.server.log.write.buffer.size = 33554432 (custom)
2019-10-07 16:31:33,283 [pool-433-thread-1] INFO  server.RaftServerConfigKeys (ConfUtils.java:logGet(43)) - raft.server.log.force.sync.num = 128 (default)
2019-10-07 16:31:33,283 [pool-433-thread-1] INFO  server.RaftServerConfigKeys (ConfUtils.java:logGet(43)) - raft.server.log.statemachine.data.sync = true (default)
2019-10-07 16:31:33,284 [pool-433-thread-1] INFO  server.RaftServerConfigKeys (ConfUtils.java:logGet(43)) - raft.server.log.statemachine.data.sync.timeout = 10s (default)
2019-10-07 16:31:33,284 [pool-433-thread-1] INFO  server.RaftServerConfigKeys (ConfUtils.java:logGet(43)) - raft.server.log.statemachine.data.sync.timeout.retry = -1 (default)
2019-10-07 16:31:33,284 [pool-433-thread-1] INFO  server.RaftServerConfigKeys (ConfUtils.java:logGet(43)) - raft.server.log.statemachine.data.caching.enabled = true (custom)
2019-10-07 16:31:33,284 [pool-433-thread-1] INFO  segmented.SegmentedRaftLogWorker (SegmentedRaftLogWorker.java:lambda$new$0(128)) - 6c37230c-264c-4d92-bd89-3437c7e9fb14@group-11C37C4ACBE8-SegmentedRaftLogWorker: flushIndex: setUnconditionally 0 -> -1
2019-10-07 16:31:33,285 [pool-433-thread-1] INFO  server.RaftServerConfigKeys (ConfUtils.java:logGet(43)) - raft.server.snapshot.auto.trigger.enabled = true (custom)
2019-10-07 16:31:33,285 [pool-433-thread-1] INFO  server.RaftServerConfigKeys (ConfUtils.java:logGet(43)) - raft.server.snapshot.auto.trigger.threshold = 10000 (custom)
2019-10-07 16:31:33,285 [pool-433-thread-1] INFO  server.RaftServerConfigKeys (ConfUtils.java:logGet(43)) - raft.server.snapshot.retention.file.num = 5 (custom)
2019-10-07 16:31:33,285 [pool-433-thread-1] INFO  server.RaftServerConfigKeys (ConfUtils.java:logGet(43)) - raft.server.retrycache.expirytime = 600000ms (custom)
2019-10-07 16:31:33,287 [pool-433-thread-1] INFO  impl.RaftServerImpl (RaftServerImpl.java:start(181)) - 6c37230c-264c-4d92-bd89-3437c7e9fb14@group-11C37C4ACBE8: start as a follower, conf=-1: [6c37230c-264c-4d92-bd89-3437c7e9fb14:192.168.164.193:36192], old=null
2019-10-07 16:31:33,287 [pool-433-thread-1] INFO  impl.RaftServerImpl (RaftServerImpl.java:setRole(170)) - 6c37230c-264c-4d92-bd89-3437c7e9fb14@group-11C37C4ACBE8: changes role from      null to FOLLOWER at term 0 for startAsFollower
2019-10-07 16:31:33,287 [pool-433-thread-1] INFO  impl.RoleInfo (RoleInfo.java:updateAndGet(143)) - 6c37230c-264c-4d92-bd89-3437c7e9fb14: start FollowerState
2019-10-07 16:31:33,287 [pool-433-thread-1] INFO  util.JmxRegister (JmxRegister.java:tryRegister(44)) - Successfully registered JMX Bean with object name Ratis:service=RaftServer,group=group-11C37C4ACBE8,id=6c37230c-264c-4d92-bd89-3437c7e9fb14
2019-10-07 16:31:33,288 [IPC Server handler 3 on 38263] INFO  net.NetworkTopology (NetworkTopologyImpl.java:add(111)) - Added a new node: /default-rack/49bc73f1-d7aa-4cbb-8d7b-df111d92bf34
2019-10-07 16:31:33,288 [IPC Server handler 3 on 38263] INFO  node.SCMNodeManager (SCMNodeManager.java:register(268)) - Registered Data node : 49bc73f1-d7aa-4cbb-8d7b-df111d92bf34{ip: 192.168.164.193, host: pr-hdds-1737-qktq7-3079564033, networkLocation: /default-rack, certSerialId: null}
2019-10-07 16:31:33,288 [main] INFO  ozone.MiniOzoneClusterImpl (MiniOzoneClusterImpl.java:lambda$waitForClusterToBeReady$0(147)) - Cluster is ready. Got 7 of 7 DN Heartbeats.
2019-10-07 16:31:33,291 [RatisPipelineUtilsThread] INFO  pipeline.PipelineStateManager (PipelineStateManager.java:addPipeline(56)) - Created pipeline Pipeline[ Id: e3be7762-4b8a-480e-a54a-11c37c4acbe8, Nodes: 6c37230c-264c-4d92-bd89-3437c7e9fb14{ip: 192.168.164.193, host: pr-hdds-1737-qktq7-3079564033, networkLocation: /default-rack, certSerialId: null}, Type:RATIS, Factor:ONE, State:OPEN]
2019-10-07 16:31:33,308 [grpc-default-executor-2] INFO  impl.RaftServerProxy (RaftServerProxy.java:addNew(89)) - 49bc73f1-d7aa-4cbb-8d7b-df111d92bf34: addNew group-2CAC1692AE86:[49bc73f1-d7aa-4cbb-8d7b-df111d92bf34:192.168.164.193:46395] returns group-2CAC1692AE86:java.util.concurrent.CompletableFuture@122ea30a[Not completed]
2019-10-07 16:31:33,326 [pool-443-thread-1] INFO  impl.RaftServerImpl (RaftServerImpl.java:<init>(95)) - 49bc73f1-d7aa-4cbb-8d7b-df111d92bf34: new RaftServerImpl for group-2CAC1692AE86:[49bc73f1-d7aa-4cbb-8d7b-df111d92bf34:192.168.164.193:46395] with ContainerStateMachine:uninitialized
2019-10-07 16:31:33,326 [pool-443-thread-1] INFO  server.RaftServerConfigKeys (ConfUtils.java:logGet(43)) - raft.server.rpc.timeout.min = 5s (custom)
2019-10-07 16:31:33,326 [pool-443-thread-1] INFO  server.RaftServerConfigKeys (ConfUtils.java:logGet(43)) - raft.server.rpc.timeout.max = 5200ms (custom)
2019-10-07 16:31:33,331 [pool-443-thread-1] INFO  server.RaftServerConfigKeys (ConfUtils.java:logGet(43)) - raft.server.rpcslowness.timeout = 120s (custom)
2019-10-07 16:31:33,331 [pool-443-thread-1] INFO  server.RaftServerConfigKeys (ConfUtils.java:logGet(43)) - raft.server.sleep.deviation.threshold = 300 (default)
2019-10-07 16:31:33,331 [pool-443-thread-1] INFO  server.RaftServerConfigKeys (ConfUtils.java:logGet(43)) - raft.server.log.appender.install.snapshot.enabled = false (custom)
2019-10-07 16:31:33,331 [pool-443-thread-1] INFO  impl.RaftServerImpl (ServerState.java:<init>(103)) - 49bc73f1-d7aa-4cbb-8d7b-df111d92bf34@group-2CAC1692AE86: ConfigurationManager, init=-1: [49bc73f1-d7aa-4cbb-8d7b-df111d92bf34:192.168.164.193:46395], old=null, confs=<EMPTY_MAP>
2019-10-07 16:31:33,331 [pool-443-thread-1] INFO  server.RaftServerConfigKeys (ConfUtils.java:logGet(43)) - raft.server.storage.dir = [/workdir/hadoop-ozone/integration-test/target/test-dir/MiniOzoneClusterImpl-282ca255-90b9-400f-9396-be8b440faf89/datanode-6/data/ratis] (custom)
2019-10-07 16:31:33,332 [pool-443-thread-1] INFO  server.RaftServerConfigKeys (ConfUtils.java:logGet(43)) - raft.server.log.corruption.policy = EXCEPTION (default)
2019-10-07 16:31:33,332 [pool-443-thread-1] INFO  storage.RaftStorageDirectory (RaftStorageDirectory.java:analyzeStorage(246)) - The storage directory /workdir/hadoop-ozone/integration-test/target/test-dir/MiniOzoneClusterImpl-282ca255-90b9-400f-9396-be8b440faf89/datanode-6/data/ratis/3cd3e5b7-2abc-4df6-83ba-2cac1692ae86 does not exist. Creating ...
2019-10-07 16:31:33,342 [main] INFO  rpc.RpcClient (RpcClient.java:createVolume(277)) - Creating Volume: watchforcommithandlingtest, with jenkins1000 as owner.
2019-10-07 16:31:33,344 [pool-443-thread-1] INFO  storage.RaftStorageDirectory (RaftStorageDirectory.java:tryLock(328)) - Lock on /workdir/hadoop-ozone/integration-test/target/test-dir/MiniOzoneClusterImpl-282ca255-90b9-400f-9396-be8b440faf89/datanode-6/data/ratis/3cd3e5b7-2abc-4df6-83ba-2cac1692ae86/in_use.lock acquired by nodename 13983@pr-hdds-1737-qktq7-3079564033
2019-10-07 16:31:33,346 [IPC Server handler 4 on 38131] INFO  volume.OMVolumeCreateRequest (OMVolumeCreateRequest.java:validateAndUpdateCache(193)) - created volume:watchforcommithandlingtest for user:jenkins1000
2019-10-07 16:31:33,360 [pool-443-thread-1] INFO  storage.RaftStorage (RaftStorage.java:format(84)) - Storage directory /workdir/hadoop-ozone/integration-test/target/test-dir/MiniOzoneClusterImpl-282ca255-90b9-400f-9396-be8b440faf89/datanode-6/data/ratis/3cd3e5b7-2abc-4df6-83ba-2cac1692ae86 has been successfully formatted.
2019-10-07 16:31:33,361 [pool-443-thread-1] INFO  ratis.ContainerStateMachine (ContainerStateMachine.java:loadSnapshot(231)) - group-2CAC1692AE86: The snapshot info is null. Setting the last applied indexto:(t:0, i:~)
2019-10-07 16:31:33,361 [pool-443-thread-1] INFO  server.RaftServerConfigKeys (ConfUtils.java:logGet(43)) - raft.server.notification.no-leader.timeout = 120s (custom)
2019-10-07 16:31:33,361 [pool-443-thread-1] INFO  server.RaftServerConfigKeys (ConfUtils.java:logGet(43)) - raft.server.log.use.memory = false (default)
2019-10-07 16:31:33,361 [pool-443-thread-1] INFO  server.RaftServerConfigKeys (ConfUtils.java:logGet(43)) - raft.server.log.purge.gap = 1000000 (custom)
2019-10-07 16:31:33,361 [pool-443-thread-1] INFO  server.RaftServerConfigKeys (ConfUtils.java:logGet(43)) - raft.server.log.appender.buffer.byte-limit = 33554432 (custom)
2019-10-07 16:31:33,361 [main] INFO  rpc.RpcClient (RpcClient.java:createBucket(416)) - Creating Bucket: watchforcommithandlingtest/watchforcommithandlingtest, with Versioning false and Storage Type set to DISK and Encryption set to false 
2019-10-07 16:31:33,361 [pool-443-thread-1] INFO  server.RaftServerConfigKeys (ConfUtils.java:logGet(43)) - raft.server.log.segment.size.max = 1048576 (custom)
2019-10-07 16:31:33,363 [pool-443-thread-1] INFO  server.RaftServerConfigKeys (ConfUtils.java:logGet(43)) - raft.server.log.segment.cache.num.max = 2 (custom)
2019-10-07 16:31:33,365 [pool-443-thread-1] INFO  segmented.SegmentedRaftLogWorker (SegmentedRaftLogWorker.java:<init>(173)) - new 49bc73f1-d7aa-4cbb-8d7b-df111d92bf34@group-2CAC1692AE86-SegmentedRaftLogWorker for RaftStorage:Storage Directory /workdir/hadoop-ozone/integration-test/target/test-dir/MiniOzoneClusterImpl-282ca255-90b9-400f-9396-be8b440faf89/datanode-6/data/ratis/3cd3e5b7-2abc-4df6-83ba-2cac1692ae86
2019-10-07 16:31:33,365 [pool-443-thread-1] INFO  server.RaftServerConfigKeys (ConfUtils.java:logGet(43)) - raft.server.log.queue.byte-limit = 2147483647 (custom)
2019-10-07 16:31:33,366 [pool-443-thread-1] INFO  server.RaftServerConfigKeys (ConfUtils.java:logGet(43)) - raft.server.log.queue.element-limit = 1024 (custom)
2019-10-07 16:31:33,366 [pool-443-thread-1] INFO  server.RaftServerConfigKeys (ConfUtils.java:logGet(43)) - raft.server.log.segment.size.max = 1048576 (custom)
2019-10-07 16:31:33,366 [pool-443-thread-1] INFO  server.RaftServerConfigKeys (ConfUtils.java:logGet(43)) - raft.server.log.preallocated.size = 16384 (custom)
2019-10-07 16:31:33,366 [pool-443-thread-1] INFO  server.RaftServerConfigKeys (ConfUtils.java:logGet(43)) - raft.server.log.write.buffer.size = 33554432 (custom)
2019-10-07 16:31:33,366 [main] INFO  ozone.MiniOzoneClusterImpl (MiniOzoneClusterImpl.java:getStorageContainerLocationClient(234)) - Creating StorageContainerLocationProtocol RPC client with address /0.0.0.0:37187
2019-10-07 16:31:33,366 [pool-443-thread-1] INFO  server.RaftServerConfigKeys (ConfUtils.java:logGet(43)) - raft.server.log.force.sync.num = 128 (default)
2019-10-07 16:31:33,366 [pool-443-thread-1] INFO  server.RaftServerConfigKeys (ConfUtils.java:logGet(43)) - raft.server.log.statemachine.data.sync = true (default)
2019-10-07 16:31:33,366 [pool-443-thread-1] INFO  server.RaftServerConfigKeys (ConfUtils.java:logGet(43)) - raft.server.log.statemachine.data.sync.timeout = 10s (default)
2019-10-07 16:31:33,366 [pool-443-thread-1] INFO  server.RaftServerConfigKeys (ConfUtils.java:logGet(43)) - raft.server.log.statemachine.data.sync.timeout.retry = -1 (default)
2019-10-07 16:31:33,367 [pool-443-thread-1] INFO  server.RaftServerConfigKeys (ConfUtils.java:logGet(43)) - raft.server.log.statemachine.data.caching.enabled = true (custom)
2019-10-07 16:31:33,367 [pool-443-thread-1] INFO  segmented.SegmentedRaftLogWorker (SegmentedRaftLogWorker.java:lambda$new$0(128)) - 49bc73f1-d7aa-4cbb-8d7b-df111d92bf34@group-2CAC1692AE86-SegmentedRaftLogWorker: flushIndex: setUnconditionally 0 -> -1
2019-10-07 16:31:33,367 [pool-443-thread-1] INFO  server.RaftServerConfigKeys (ConfUtils.java:logGet(43)) - raft.server.snapshot.auto.trigger.enabled = true (custom)
2019-10-07 16:31:33,368 [pool-443-thread-1] INFO  server.RaftServerConfigKeys (ConfUtils.java:logGet(43)) - raft.server.snapshot.auto.trigger.threshold = 10000 (custom)
2019-10-07 16:31:33,368 [pool-443-thread-1] INFO  server.RaftServerConfigKeys (ConfUtils.java:logGet(43)) - raft.server.snapshot.retention.file.num = 5 (custom)
2019-10-07 16:31:33,368 [pool-443-thread-1] INFO  server.RaftServerConfigKeys (ConfUtils.java:logGet(43)) - raft.server.retrycache.expirytime = 600000ms (custom)
2019-10-07 16:31:33,369 [pool-443-thread-1] INFO  impl.RaftServerImpl (RaftServerImpl.java:start(181)) - 49bc73f1-d7aa-4cbb-8d7b-df111d92bf34@group-2CAC1692AE86: start as a follower, conf=-1: [49bc73f1-d7aa-4cbb-8d7b-df111d92bf34:192.168.164.193:46395], old=null
2019-10-07 16:31:33,369 [pool-443-thread-1] INFO  impl.RaftServerImpl (RaftServerImpl.java:setRole(170)) - 49bc73f1-d7aa-4cbb-8d7b-df111d92bf34@group-2CAC1692AE86: changes role from      null to FOLLOWER at term 0 for startAsFollower
2019-10-07 16:31:33,369 [pool-443-thread-1] INFO  impl.RoleInfo (RoleInfo.java:updateAndGet(143)) - 49bc73f1-d7aa-4cbb-8d7b-df111d92bf34: start FollowerState
2019-10-07 16:31:33,370 [pool-443-thread-1] INFO  util.JmxRegister (JmxRegister.java:tryRegister(44)) - Successfully registered JMX Bean with object name Ratis:service=RaftServer,group=group-2CAC1692AE86,id=49bc73f1-d7aa-4cbb-8d7b-df111d92bf34
2019-10-07 16:31:33,373 [RatisPipelineUtilsThread] INFO  pipeline.PipelineStateManager (PipelineStateManager.java:addPipeline(56)) - Created pipeline Pipeline[ Id: 3cd3e5b7-2abc-4df6-83ba-2cac1692ae86, Nodes: 49bc73f1-d7aa-4cbb-8d7b-df111d92bf34{ip: 192.168.164.193, host: pr-hdds-1737-qktq7-3079564033, networkLocation: /default-rack, certSerialId: null}, Type:RATIS, Factor:ONE, State:OPEN]
2019-10-07 16:31:33,381 [grpc-default-executor-2] INFO  impl.RaftServerProxy (RaftServerProxy.java:addNew(89)) - 768c20c9-c7cd-4076-acb2-468c5f336818: addNew group-E144F9CF8AEB:[768c20c9-c7cd-4076-acb2-468c5f336818:192.168.164.193:34778] returns group-E144F9CF8AEB:java.util.concurrent.CompletableFuture@400bde25[Not completed]
2019-10-07 16:31:33,383 [pool-423-thread-1] INFO  impl.RaftServerImpl (RaftServerImpl.java:<init>(95)) - 768c20c9-c7cd-4076-acb2-468c5f336818: new RaftServerImpl for group-E144F9CF8AEB:[768c20c9-c7cd-4076-acb2-468c5f336818:192.168.164.193:34778] with ContainerStateMachine:uninitialized
2019-10-07 16:31:33,383 [pool-423-thread-1] INFO  server.RaftServerConfigKeys (ConfUtils.java:logGet(43)) - raft.server.rpc.timeout.min = 5s (custom)
2019-10-07 16:31:33,383 [pool-423-thread-1] INFO  server.RaftServerConfigKeys (ConfUtils.java:logGet(43)) - raft.server.rpc.timeout.max = 5200ms (custom)
2019-10-07 16:31:33,383 [pool-423-thread-1] INFO  server.RaftServerConfigKeys (ConfUtils.java:logGet(43)) - raft.server.rpcslowness.timeout = 120s (custom)
2019-10-07 16:31:33,383 [pool-423-thread-1] INFO  server.RaftServerConfigKeys (ConfUtils.java:logGet(43)) - raft.server.sleep.deviation.threshold = 300 (default)
2019-10-07 16:31:33,383 [pool-423-thread-1] INFO  server.RaftServerConfigKeys (ConfUtils.java:logGet(43)) - raft.server.log.appender.install.snapshot.enabled = false (custom)
2019-10-07 16:31:33,383 [pool-423-thread-1] INFO  impl.RaftServerImpl (ServerState.java:<init>(103)) - 768c20c9-c7cd-4076-acb2-468c5f336818@group-E144F9CF8AEB: ConfigurationManager, init=-1: [768c20c9-c7cd-4076-acb2-468c5f336818:192.168.164.193:34778], old=null, confs=<EMPTY_MAP>
2019-10-07 16:31:33,384 [pool-423-thread-1] INFO  server.RaftServerConfigKeys (ConfUtils.java:logGet(43)) - raft.server.storage.dir = [/workdir/hadoop-ozone/integration-test/target/test-dir/MiniOzoneClusterImpl-282ca255-90b9-400f-9396-be8b440faf89/datanode-4/data/ratis] (custom)
2019-10-07 16:31:33,384 [pool-423-thread-1] INFO  server.RaftServerConfigKeys (ConfUtils.java:logGet(43)) - raft.server.log.corruption.policy = EXCEPTION (default)
2019-10-07 16:31:33,384 [pool-423-thread-1] INFO  storage.RaftStorageDirectory (RaftStorageDirectory.java:analyzeStorage(246)) - The storage directory /workdir/hadoop-ozone/integration-test/target/test-dir/MiniOzoneClusterImpl-282ca255-90b9-400f-9396-be8b440faf89/datanode-4/data/ratis/d8a3eb40-3033-4adc-b967-e144f9cf8aeb does not exist. Creating ...
2019-10-07 16:31:33,397 [pool-423-thread-1] INFO  storage.RaftStorageDirectory (RaftStorageDirectory.java:tryLock(328)) - Lock on /workdir/hadoop-ozone/integration-test/target/test-dir/MiniOzoneClusterImpl-282ca255-90b9-400f-9396-be8b440faf89/datanode-4/data/ratis/d8a3eb40-3033-4adc-b967-e144f9cf8aeb/in_use.lock acquired by nodename 13983@pr-hdds-1737-qktq7-3079564033
2019-10-07 16:31:33,411 [pool-423-thread-1] INFO  storage.RaftStorage (RaftStorage.java:format(84)) - Storage directory /workdir/hadoop-ozone/integration-test/target/test-dir/MiniOzoneClusterImpl-282ca255-90b9-400f-9396-be8b440faf89/datanode-4/data/ratis/d8a3eb40-3033-4adc-b967-e144f9cf8aeb has been successfully formatted.
2019-10-07 16:31:33,411 [pool-423-thread-1] INFO  ratis.ContainerStateMachine (ContainerStateMachine.java:loadSnapshot(231)) - group-E144F9CF8AEB: The snapshot info is null. Setting the last applied indexto:(t:0, i:~)
2019-10-07 16:31:33,411 [pool-423-thread-1] INFO  server.RaftServerConfigKeys (ConfUtils.java:logGet(43)) - raft.server.notification.no-leader.timeout = 120s (custom)
2019-10-07 16:31:33,411 [pool-423-thread-1] INFO  server.RaftServerConfigKeys (ConfUtils.java:logGet(43)) - raft.server.log.use.memory = false (default)
2019-10-07 16:31:33,411 [pool-423-thread-1] INFO  server.RaftServerConfigKeys (ConfUtils.java:logGet(43)) - raft.server.log.purge.gap = 1000000 (custom)
2019-10-07 16:31:33,412 [pool-423-thread-1] INFO  server.RaftServerConfigKeys (ConfUtils.java:logGet(43)) - raft.server.log.appender.buffer.byte-limit = 33554432 (custom)
2019-10-07 16:31:33,412 [pool-423-thread-1] INFO  server.RaftServerConfigKeys (ConfUtils.java:logGet(43)) - raft.server.log.segment.size.max = 1048576 (custom)
2019-10-07 16:31:33,413 [pool-423-thread-1] INFO  server.RaftServerConfigKeys (ConfUtils.java:logGet(43)) - raft.server.log.segment.cache.num.max = 2 (custom)
2019-10-07 16:31:33,413 [pool-423-thread-1] INFO  segmented.SegmentedRaftLogWorker (SegmentedRaftLogWorker.java:<init>(173)) - new 768c20c9-c7cd-4076-acb2-468c5f336818@group-E144F9CF8AEB-SegmentedRaftLogWorker for RaftStorage:Storage Directory /workdir/hadoop-ozone/integration-test/target/test-dir/MiniOzoneClusterImpl-282ca255-90b9-400f-9396-be8b440faf89/datanode-4/data/ratis/d8a3eb40-3033-4adc-b967-e144f9cf8aeb
2019-10-07 16:31:33,414 [pool-423-thread-1] INFO  server.RaftServerConfigKeys (ConfUtils.java:logGet(43)) - raft.server.log.queue.byte-limit = 2147483647 (custom)
2019-10-07 16:31:33,414 [pool-423-thread-1] INFO  server.RaftServerConfigKeys (ConfUtils.java:logGet(43)) - raft.server.log.queue.element-limit = 1024 (custom)
2019-10-07 16:31:33,414 [pool-423-thread-1] INFO  server.RaftServerConfigKeys (ConfUtils.java:logGet(43)) - raft.server.log.segment.size.max = 1048576 (custom)
2019-10-07 16:31:33,414 [pool-423-thread-1] INFO  server.RaftServerConfigKeys (ConfUtils.java:logGet(43)) - raft.server.log.preallocated.size = 16384 (custom)
2019-10-07 16:31:33,414 [pool-423-thread-1] INFO  server.RaftServerConfigKeys (ConfUtils.java:logGet(43)) - raft.server.log.write.buffer.size = 33554432 (custom)
2019-10-07 16:31:33,414 [pool-423-thread-1] INFO  server.RaftServerConfigKeys (ConfUtils.java:logGet(43)) - raft.server.log.force.sync.num = 128 (default)
2019-10-07 16:31:33,414 [pool-423-thread-1] INFO  server.RaftServerConfigKeys (ConfUtils.java:logGet(43)) - raft.server.log.statemachine.data.sync = true (default)
2019-10-07 16:31:33,415 [pool-423-thread-1] INFO  server.RaftServerConfigKeys (ConfUtils.java:logGet(43)) - raft.server.log.statemachine.data.sync.timeout = 10s (default)
2019-10-07 16:31:33,415 [pool-423-thread-1] INFO  server.RaftServerConfigKeys (ConfUtils.java:logGet(43)) - raft.server.log.statemachine.data.sync.timeout.retry = -1 (default)
2019-10-07 16:31:33,415 [pool-423-thread-1] INFO  server.RaftServerConfigKeys (ConfUtils.java:logGet(43)) - raft.server.log.statemachine.data.caching.enabled = true (custom)
2019-10-07 16:31:33,415 [pool-423-thread-1] INFO  segmented.SegmentedRaftLogWorker (SegmentedRaftLogWorker.java:lambda$new$0(128)) - 768c20c9-c7cd-4076-acb2-468c5f336818@group-E144F9CF8AEB-SegmentedRaftLogWorker: flushIndex: setUnconditionally 0 -> -1
2019-10-07 16:31:33,416 [pool-423-thread-1] INFO  server.RaftServerConfigKeys (ConfUtils.java:logGet(43)) - raft.server.snapshot.auto.trigger.enabled = true (custom)
2019-10-07 16:31:33,416 [pool-423-thread-1] INFO  server.RaftServerConfigKeys (ConfUtils.java:logGet(43)) - raft.server.snapshot.auto.trigger.threshold = 10000 (custom)
2019-10-07 16:31:33,416 [pool-423-thread-1] INFO  server.RaftServerConfigKeys (ConfUtils.java:logGet(43)) - raft.server.snapshot.retention.file.num = 5 (custom)
2019-10-07 16:31:33,416 [pool-423-thread-1] INFO  server.RaftServerConfigKeys (ConfUtils.java:logGet(43)) - raft.server.retrycache.expirytime = 600000ms (custom)
2019-10-07 16:31:33,418 [pool-423-thread-1] INFO  impl.RaftServerImpl (RaftServerImpl.java:start(181)) - 768c20c9-c7cd-4076-acb2-468c5f336818@group-E144F9CF8AEB: start as a follower, conf=-1: [768c20c9-c7cd-4076-acb2-468c5f336818:192.168.164.193:34778], old=null
2019-10-07 16:31:33,418 [pool-423-thread-1] INFO  impl.RaftServerImpl (RaftServerImpl.java:setRole(170)) - 768c20c9-c7cd-4076-acb2-468c5f336818@group-E144F9CF8AEB: changes role from      null to FOLLOWER at term 0 for startAsFollower
2019-10-07 16:31:33,418 [pool-423-thread-1] INFO  impl.RoleInfo (RoleInfo.java:updateAndGet(143)) - 768c20c9-c7cd-4076-acb2-468c5f336818: start FollowerState
2019-10-07 16:31:33,418 [pool-423-thread-1] INFO  util.JmxRegister (JmxRegister.java:tryRegister(44)) - Successfully registered JMX Bean with object name Ratis:service=RaftServer,group=group-E144F9CF8AEB,id=768c20c9-c7cd-4076-acb2-468c5f336818
2019-10-07 16:31:33,422 [RatisPipelineUtilsThread] INFO  pipeline.PipelineStateManager (PipelineStateManager.java:addPipeline(56)) - Created pipeline Pipeline[ Id: d8a3eb40-3033-4adc-b967-e144f9cf8aeb, Nodes: 768c20c9-c7cd-4076-acb2-468c5f336818{ip: 192.168.164.193, host: pr-hdds-1737-qktq7-3079564033, networkLocation: /default-rack, certSerialId: null}, Type:RATIS, Factor:ONE, State:OPEN]
2019-10-07 16:31:33,437 [grpc-default-executor-2] INFO  impl.RaftServerProxy (RaftServerProxy.java:addNew(89)) - 6c37230c-264c-4d92-bd89-3437c7e9fb14: addNew group-6A2B1856CF56:[05c8f4f6-3789-4a42-8e33-a3ac943b7408:192.168.164.193:37038, 6c37230c-264c-4d92-bd89-3437c7e9fb14:192.168.164.193:36192, 49bc73f1-d7aa-4cbb-8d7b-df111d92bf34:192.168.164.193:46395] returns group-6A2B1856CF56:java.util.concurrent.CompletableFuture@68c213aa[Not completed]
2019-10-07 16:31:33,437 [grpc-default-executor-1] INFO  impl.RaftServerProxy (RaftServerProxy.java:addNew(89)) - 49bc73f1-d7aa-4cbb-8d7b-df111d92bf34: addNew group-6A2B1856CF56:[05c8f4f6-3789-4a42-8e33-a3ac943b7408:192.168.164.193:37038, 6c37230c-264c-4d92-bd89-3437c7e9fb14:192.168.164.193:36192, 49bc73f1-d7aa-4cbb-8d7b-df111d92bf34:192.168.164.193:46395] returns group-6A2B1856CF56:java.util.concurrent.CompletableFuture@43b87bae[Not completed]
2019-10-07 16:31:33,437 [grpc-default-executor-5] INFO  impl.RaftServerProxy (RaftServerProxy.java:addNew(89)) - 05c8f4f6-3789-4a42-8e33-a3ac943b7408: addNew group-6A2B1856CF56:[05c8f4f6-3789-4a42-8e33-a3ac943b7408:192.168.164.193:37038, 6c37230c-264c-4d92-bd89-3437c7e9fb14:192.168.164.193:36192, 49bc73f1-d7aa-4cbb-8d7b-df111d92bf34:192.168.164.193:46395] returns group-6A2B1856CF56:java.util.concurrent.CompletableFuture@b96724[Not completed]
2019-10-07 16:31:33,438 [pool-443-thread-1] INFO  impl.RaftServerImpl (RaftServerImpl.java:<init>(95)) - 49bc73f1-d7aa-4cbb-8d7b-df111d92bf34: new RaftServerImpl for group-6A2B1856CF56:[05c8f4f6-3789-4a42-8e33-a3ac943b7408:192.168.164.193:37038, 6c37230c-264c-4d92-bd89-3437c7e9fb14:192.168.164.193:36192, 49bc73f1-d7aa-4cbb-8d7b-df111d92bf34:192.168.164.193:46395] with ContainerStateMachine:uninitialized
2019-10-07 16:31:33,438 [pool-443-thread-1] INFO  server.RaftServerConfigKeys (ConfUtils.java:logGet(43)) - raft.server.rpc.timeout.min = 5s (custom)
2019-10-07 16:31:33,438 [pool-443-thread-1] INFO  server.RaftServerConfigKeys (ConfUtils.java:logGet(43)) - raft.server.rpc.timeout.max = 5200ms (custom)
2019-10-07 16:31:33,438 [pool-443-thread-1] INFO  server.RaftServerConfigKeys (ConfUtils.java:logGet(43)) - raft.server.rpcslowness.timeout = 120s (custom)
2019-10-07 16:31:33,439 [pool-443-thread-1] INFO  server.RaftServerConfigKeys (ConfUtils.java:logGet(43)) - raft.server.sleep.deviation.threshold = 300 (default)
2019-10-07 16:31:33,439 [pool-443-thread-1] INFO  server.RaftServerConfigKeys (ConfUtils.java:logGet(43)) - raft.server.log.appender.install.snapshot.enabled = false (custom)
2019-10-07 16:31:33,439 [pool-433-thread-1] INFO  impl.RaftServerImpl (RaftServerImpl.java:<init>(95)) - 6c37230c-264c-4d92-bd89-3437c7e9fb14: new RaftServerImpl for group-6A2B1856CF56:[05c8f4f6-3789-4a42-8e33-a3ac943b7408:192.168.164.193:37038, 6c37230c-264c-4d92-bd89-3437c7e9fb14:192.168.164.193:36192, 49bc73f1-d7aa-4cbb-8d7b-df111d92bf34:192.168.164.193:46395] with ContainerStateMachine:uninitialized
2019-10-07 16:31:33,439 [pool-443-thread-1] INFO  impl.RaftServerImpl (ServerState.java:<init>(103)) - 49bc73f1-d7aa-4cbb-8d7b-df111d92bf34@group-6A2B1856CF56: ConfigurationManager, init=-1: [05c8f4f6-3789-4a42-8e33-a3ac943b7408:192.168.164.193:37038, 6c37230c-264c-4d92-bd89-3437c7e9fb14:192.168.164.193:36192, 49bc73f1-d7aa-4cbb-8d7b-df111d92bf34:192.168.164.193:46395], old=null, confs=<EMPTY_MAP>
2019-10-07 16:31:33,439 [pool-433-thread-1] INFO  server.RaftServerConfigKeys (ConfUtils.java:logGet(43)) - raft.server.rpc.timeout.min = 5s (custom)
2019-10-07 16:31:33,439 [pool-413-thread-1] INFO  impl.RaftServerImpl (RaftServerImpl.java:<init>(95)) - 05c8f4f6-3789-4a42-8e33-a3ac943b7408: new RaftServerImpl for group-6A2B1856CF56:[05c8f4f6-3789-4a42-8e33-a3ac943b7408:192.168.164.193:37038, 6c37230c-264c-4d92-bd89-3437c7e9fb14:192.168.164.193:36192, 49bc73f1-d7aa-4cbb-8d7b-df111d92bf34:192.168.164.193:46395] with ContainerStateMachine:uninitialized
2019-10-07 16:31:33,439 [pool-433-thread-1] INFO  server.RaftServerConfigKeys (ConfUtils.java:logGet(43)) - raft.server.rpc.timeout.max = 5200ms (custom)
2019-10-07 16:31:33,440 [pool-433-thread-1] INFO  server.RaftServerConfigKeys (ConfUtils.java:logGet(43)) - raft.server.rpcslowness.timeout = 120s (custom)
2019-10-07 16:31:33,439 [pool-443-thread-1] INFO  server.RaftServerConfigKeys (ConfUtils.java:logGet(43)) - raft.server.storage.dir = [/workdir/hadoop-ozone/integration-test/target/test-dir/MiniOzoneClusterImpl-282ca255-90b9-400f-9396-be8b440faf89/datanode-6/data/ratis] (custom)
2019-10-07 16:31:33,440 [pool-433-thread-1] INFO  server.RaftServerConfigKeys (ConfUtils.java:logGet(43)) - raft.server.sleep.deviation.threshold = 300 (default)
2019-10-07 16:31:33,439 [pool-413-thread-1] INFO  server.RaftServerConfigKeys (ConfUtils.java:logGet(43)) - raft.server.rpc.timeout.min = 5s (custom)
2019-10-07 16:31:33,440 [pool-433-thread-1] INFO  server.RaftServerConfigKeys (ConfUtils.java:logGet(43)) - raft.server.log.appender.install.snapshot.enabled = false (custom)
2019-10-07 16:31:33,440 [pool-443-thread-1] INFO  server.RaftServerConfigKeys (ConfUtils.java:logGet(43)) - raft.server.log.corruption.policy = EXCEPTION (default)
2019-10-07 16:31:33,441 [pool-433-thread-1] INFO  impl.RaftServerImpl (ServerState.java:<init>(103)) - 6c37230c-264c-4d92-bd89-3437c7e9fb14@group-6A2B1856CF56: ConfigurationManager, init=-1: [05c8f4f6-3789-4a42-8e33-a3ac943b7408:192.168.164.193:37038, 6c37230c-264c-4d92-bd89-3437c7e9fb14:192.168.164.193:36192, 49bc73f1-d7aa-4cbb-8d7b-df111d92bf34:192.168.164.193:46395], old=null, confs=<EMPTY_MAP>
2019-10-07 16:31:33,441 [pool-443-thread-1] INFO  storage.RaftStorageDirectory (RaftStorageDirectory.java:analyzeStorage(246)) - The storage directory /workdir/hadoop-ozone/integration-test/target/test-dir/MiniOzoneClusterImpl-282ca255-90b9-400f-9396-be8b440faf89/datanode-6/data/ratis/8ff4e509-ec1d-4b2f-a47c-6a2b1856cf56 does not exist. Creating ...
2019-10-07 16:31:33,440 [pool-413-thread-1] INFO  server.RaftServerConfigKeys (ConfUtils.java:logGet(43)) - raft.server.rpc.timeout.max = 5200ms (custom)
2019-10-07 16:31:33,441 [pool-433-thread-1] INFO  server.RaftServerConfigKeys (ConfUtils.java:logGet(43)) - raft.server.storage.dir = [/workdir/hadoop-ozone/integration-test/target/test-dir/MiniOzoneClusterImpl-282ca255-90b9-400f-9396-be8b440faf89/datanode-5/data/ratis] (custom)
2019-10-07 16:31:33,441 [pool-413-thread-1] INFO  server.RaftServerConfigKeys (ConfUtils.java:logGet(43)) - raft.server.rpcslowness.timeout = 120s (custom)
2019-10-07 16:31:33,441 [pool-413-thread-1] INFO  server.RaftServerConfigKeys (ConfUtils.java:logGet(43)) - raft.server.sleep.deviation.threshold = 300 (default)
2019-10-07 16:31:33,441 [pool-433-thread-1] INFO  server.RaftServerConfigKeys (ConfUtils.java:logGet(43)) - raft.server.log.corruption.policy = EXCEPTION (default)
2019-10-07 16:31:33,442 [pool-413-thread-1] INFO  server.RaftServerConfigKeys (ConfUtils.java:logGet(43)) - raft.server.log.appender.install.snapshot.enabled = false (custom)
2019-10-07 16:31:33,442 [pool-413-thread-1] INFO  impl.RaftServerImpl (ServerState.java:<init>(103)) - 05c8f4f6-3789-4a42-8e33-a3ac943b7408@group-6A2B1856CF56: ConfigurationManager, init=-1: [05c8f4f6-3789-4a42-8e33-a3ac943b7408:192.168.164.193:37038, 6c37230c-264c-4d92-bd89-3437c7e9fb14:192.168.164.193:36192, 49bc73f1-d7aa-4cbb-8d7b-df111d92bf34:192.168.164.193:46395], old=null, confs=<EMPTY_MAP>
2019-10-07 16:31:33,442 [pool-413-thread-1] INFO  server.RaftServerConfigKeys (ConfUtils.java:logGet(43)) - raft.server.storage.dir = [/workdir/hadoop-ozone/integration-test/target/test-dir/MiniOzoneClusterImpl-282ca255-90b9-400f-9396-be8b440faf89/datanode-3/data/ratis] (custom)
2019-10-07 16:31:33,455 [pool-413-thread-1] INFO  server.RaftServerConfigKeys (ConfUtils.java:logGet(43)) - raft.server.log.corruption.policy = EXCEPTION (default)
2019-10-07 16:31:33,466 [pool-433-thread-1] INFO  storage.RaftStorageDirectory (RaftStorageDirectory.java:analyzeStorage(246)) - The storage directory /workdir/hadoop-ozone/integration-test/target/test-dir/MiniOzoneClusterImpl-282ca255-90b9-400f-9396-be8b440faf89/datanode-5/data/ratis/8ff4e509-ec1d-4b2f-a47c-6a2b1856cf56 does not exist. Creating ...
2019-10-07 16:31:33,466 [pool-413-thread-1] INFO  storage.RaftStorageDirectory (RaftStorageDirectory.java:analyzeStorage(246)) - The storage directory /workdir/hadoop-ozone/integration-test/target/test-dir/MiniOzoneClusterImpl-282ca255-90b9-400f-9396-be8b440faf89/datanode-3/data/ratis/8ff4e509-ec1d-4b2f-a47c-6a2b1856cf56 does not exist. Creating ...
2019-10-07 16:31:33,475 [pool-443-thread-1] INFO  storage.RaftStorageDirectory (RaftStorageDirectory.java:tryLock(328)) - Lock on /workdir/hadoop-ozone/integration-test/target/test-dir/MiniOzoneClusterImpl-282ca255-90b9-400f-9396-be8b440faf89/datanode-6/data/ratis/8ff4e509-ec1d-4b2f-a47c-6a2b1856cf56/in_use.lock acquired by nodename 13983@pr-hdds-1737-qktq7-3079564033
2019-10-07 16:31:33,478 [pool-413-thread-1] INFO  storage.RaftStorageDirectory (RaftStorageDirectory.java:tryLock(328)) - Lock on /workdir/hadoop-ozone/integration-test/target/test-dir/MiniOzoneClusterImpl-282ca255-90b9-400f-9396-be8b440faf89/datanode-3/data/ratis/8ff4e509-ec1d-4b2f-a47c-6a2b1856cf56/in_use.lock acquired by nodename 13983@pr-hdds-1737-qktq7-3079564033
2019-10-07 16:31:33,478 [pool-433-thread-1] INFO  storage.RaftStorageDirectory (RaftStorageDirectory.java:tryLock(328)) - Lock on /workdir/hadoop-ozone/integration-test/target/test-dir/MiniOzoneClusterImpl-282ca255-90b9-400f-9396-be8b440faf89/datanode-5/data/ratis/8ff4e509-ec1d-4b2f-a47c-6a2b1856cf56/in_use.lock acquired by nodename 13983@pr-hdds-1737-qktq7-3079564033
2019-10-07 16:31:33,480 [pool-443-thread-1] INFO  storage.RaftStorage (RaftStorage.java:format(84)) - Storage directory /workdir/hadoop-ozone/integration-test/target/test-dir/MiniOzoneClusterImpl-282ca255-90b9-400f-9396-be8b440faf89/datanode-6/data/ratis/8ff4e509-ec1d-4b2f-a47c-6a2b1856cf56 has been successfully formatted.
2019-10-07 16:31:33,480 [pool-443-thread-1] INFO  ratis.ContainerStateMachine (ContainerStateMachine.java:loadSnapshot(231)) - group-6A2B1856CF56: The snapshot info is null. Setting the last applied indexto:(t:0, i:~)
2019-10-07 16:31:33,480 [pool-443-thread-1] INFO  server.RaftServerConfigKeys (ConfUtils.java:logGet(43)) - raft.server.notification.no-leader.timeout = 120s (custom)
2019-10-07 16:31:33,480 [pool-443-thread-1] INFO  server.RaftServerConfigKeys (ConfUtils.java:logGet(43)) - raft.server.log.use.memory = false (default)
2019-10-07 16:31:33,481 [pool-443-thread-1] INFO  server.RaftServerConfigKeys (ConfUtils.java:logGet(43)) - raft.server.log.purge.gap = 1000000 (custom)
2019-10-07 16:31:33,481 [pool-443-thread-1] INFO  server.RaftServerConfigKeys (ConfUtils.java:logGet(43)) - raft.server.log.appender.buffer.byte-limit = 33554432 (custom)
2019-10-07 16:31:33,481 [pool-443-thread-1] INFO  server.RaftServerConfigKeys (ConfUtils.java:logGet(43)) - raft.server.log.segment.size.max = 1048576 (custom)
2019-10-07 16:31:33,481 [pool-443-thread-1] INFO  server.RaftServerConfigKeys (ConfUtils.java:logGet(43)) - raft.server.log.segment.cache.num.max = 2 (custom)
2019-10-07 16:31:33,481 [pool-443-thread-1] INFO  segmented.SegmentedRaftLogWorker (SegmentedRaftLogWorker.java:<init>(173)) - new 49bc73f1-d7aa-4cbb-8d7b-df111d92bf34@group-6A2B1856CF56-SegmentedRaftLogWorker for RaftStorage:Storage Directory /workdir/hadoop-ozone/integration-test/target/test-dir/MiniOzoneClusterImpl-282ca255-90b9-400f-9396-be8b440faf89/datanode-6/data/ratis/8ff4e509-ec1d-4b2f-a47c-6a2b1856cf56
2019-10-07 16:31:33,481 [pool-443-thread-1] INFO  server.RaftServerConfigKeys (ConfUtils.java:logGet(43)) - raft.server.log.queue.byte-limit = 2147483647 (custom)
2019-10-07 16:31:33,481 [pool-443-thread-1] INFO  server.RaftServerConfigKeys (ConfUtils.java:logGet(43)) - raft.server.log.queue.element-limit = 1024 (custom)
2019-10-07 16:31:33,481 [pool-443-thread-1] INFO  server.RaftServerConfigKeys (ConfUtils.java:logGet(43)) - raft.server.log.segment.size.max = 1048576 (custom)
2019-10-07 16:31:33,482 [pool-443-thread-1] INFO  server.RaftServerConfigKeys (ConfUtils.java:logGet(43)) - raft.server.log.preallocated.size = 16384 (custom)
2019-10-07 16:31:33,482 [pool-443-thread-1] INFO  server.RaftServerConfigKeys (ConfUtils.java:logGet(43)) - raft.server.log.write.buffer.size = 33554432 (custom)
2019-10-07 16:31:33,482 [pool-443-thread-1] INFO  server.RaftServerConfigKeys (ConfUtils.java:logGet(43)) - raft.server.log.force.sync.num = 128 (default)
2019-10-07 16:31:33,482 [pool-443-thread-1] INFO  server.RaftServerConfigKeys (ConfUtils.java:logGet(43)) - raft.server.log.statemachine.data.sync = true (default)
2019-10-07 16:31:33,482 [pool-413-thread-1] INFO  storage.RaftStorage (RaftStorage.java:format(84)) - Storage directory /workdir/hadoop-ozone/integration-test/target/test-dir/MiniOzoneClusterImpl-282ca255-90b9-400f-9396-be8b440faf89/datanode-3/data/ratis/8ff4e509-ec1d-4b2f-a47c-6a2b1856cf56 has been successfully formatted.
2019-10-07 16:31:33,482 [pool-433-thread-1] INFO  storage.RaftStorage (RaftStorage.java:format(84)) - Storage directory /workdir/hadoop-ozone/integration-test/target/test-dir/MiniOzoneClusterImpl-282ca255-90b9-400f-9396-be8b440faf89/datanode-5/data/ratis/8ff4e509-ec1d-4b2f-a47c-6a2b1856cf56 has been successfully formatted.
2019-10-07 16:31:33,482 [pool-413-thread-1] INFO  ratis.ContainerStateMachine (ContainerStateMachine.java:loadSnapshot(231)) - group-6A2B1856CF56: The snapshot info is null. Setting the last applied indexto:(t:0, i:~)
2019-10-07 16:31:33,482 [pool-443-thread-1] INFO  server.RaftServerConfigKeys (ConfUtils.java:logGet(43)) - raft.server.log.statemachine.data.sync.timeout = 10s (default)
2019-10-07 16:31:33,483 [pool-413-thread-1] INFO  server.RaftServerConfigKeys (ConfUtils.java:logGet(43)) - raft.server.notification.no-leader.timeout = 120s (custom)
2019-10-07 16:31:33,483 [pool-433-thread-1] INFO  ratis.ContainerStateMachine (ContainerStateMachine.java:loadSnapshot(231)) - group-6A2B1856CF56: The snapshot info is null. Setting the last applied indexto:(t:0, i:~)
2019-10-07 16:31:33,483 [pool-413-thread-1] INFO  server.RaftServerConfigKeys (ConfUtils.java:logGet(43)) - raft.server.log.use.memory = false (default)
2019-10-07 16:31:33,483 [pool-443-thread-1] INFO  server.RaftServerConfigKeys (ConfUtils.java:logGet(43)) - raft.server.log.statemachine.data.sync.timeout.retry = -1 (default)
2019-10-07 16:31:33,483 [pool-413-thread-1] INFO  server.RaftServerConfigKeys (ConfUtils.java:logGet(43)) - raft.server.log.purge.gap = 1000000 (custom)
2019-10-07 16:31:33,483 [pool-433-thread-1] INFO  server.RaftServerConfigKeys (ConfUtils.java:logGet(43)) - raft.server.notification.no-leader.timeout = 120s (custom)
2019-10-07 16:31:33,483 [pool-413-thread-1] INFO  server.RaftServerConfigKeys (ConfUtils.java:logGet(43)) - raft.server.log.appender.buffer.byte-limit = 33554432 (custom)
2019-10-07 16:31:33,483 [pool-443-thread-1] INFO  server.RaftServerConfigKeys (ConfUtils.java:logGet(43)) - raft.server.log.statemachine.data.caching.enabled = true (custom)
2019-10-07 16:31:33,484 [pool-413-thread-1] INFO  server.RaftServerConfigKeys (ConfUtils.java:logGet(43)) - raft.server.log.segment.size.max = 1048576 (custom)
2019-10-07 16:31:33,484 [pool-443-thread-1] INFO  segmented.SegmentedRaftLogWorker (SegmentedRaftLogWorker.java:lambda$new$0(128)) - 49bc73f1-d7aa-4cbb-8d7b-df111d92bf34@group-6A2B1856CF56-SegmentedRaftLogWorker: flushIndex: setUnconditionally 0 -> -1
2019-10-07 16:31:33,484 [pool-433-thread-1] INFO  server.RaftServerConfigKeys (ConfUtils.java:logGet(43)) - raft.server.log.use.memory = false (default)
2019-10-07 16:31:33,484 [pool-413-thread-1] INFO  server.RaftServerConfigKeys (ConfUtils.java:logGet(43)) - raft.server.log.segment.cache.num.max = 2 (custom)
2019-10-07 16:31:33,484 [pool-433-thread-1] INFO  server.RaftServerConfigKeys (ConfUtils.java:logGet(43)) - raft.server.log.purge.gap = 1000000 (custom)
2019-10-07 16:31:33,484 [pool-443-thread-1] INFO  server.RaftServerConfigKeys (ConfUtils.java:logGet(43)) - raft.server.snapshot.auto.trigger.enabled = true (custom)
2019-10-07 16:31:33,485 [pool-433-thread-1] INFO  server.RaftServerConfigKeys (ConfUtils.java:logGet(43)) - raft.server.log.appender.buffer.byte-limit = 33554432 (custom)
2019-10-07 16:31:33,484 [pool-413-thread-1] INFO  segmented.SegmentedRaftLogWorker (SegmentedRaftLogWorker.java:<init>(173)) - new 05c8f4f6-3789-4a42-8e33-a3ac943b7408@group-6A2B1856CF56-SegmentedRaftLogWorker for RaftStorage:Storage Directory /workdir/hadoop-ozone/integration-test/target/test-dir/MiniOzoneClusterImpl-282ca255-90b9-400f-9396-be8b440faf89/datanode-3/data/ratis/8ff4e509-ec1d-4b2f-a47c-6a2b1856cf56
2019-10-07 16:31:33,485 [pool-433-thread-1] INFO  server.RaftServerConfigKeys (ConfUtils.java:logGet(43)) - raft.server.log.segment.size.max = 1048576 (custom)
2019-10-07 16:31:33,485 [pool-443-thread-1] INFO  server.RaftServerConfigKeys (ConfUtils.java:logGet(43)) - raft.server.snapshot.auto.trigger.threshold = 10000 (custom)
2019-10-07 16:31:33,485 [pool-433-thread-1] INFO  server.RaftServerConfigKeys (ConfUtils.java:logGet(43)) - raft.server.log.segment.cache.num.max = 2 (custom)
2019-10-07 16:31:33,485 [pool-413-thread-1] INFO  server.RaftServerConfigKeys (ConfUtils.java:logGet(43)) - raft.server.log.queue.byte-limit = 2147483647 (custom)
2019-10-07 16:31:33,485 [pool-433-thread-1] INFO  segmented.SegmentedRaftLogWorker (SegmentedRaftLogWorker.java:<init>(173)) - new 6c37230c-264c-4d92-bd89-3437c7e9fb14@group-6A2B1856CF56-SegmentedRaftLogWorker for RaftStorage:Storage Directory /workdir/hadoop-ozone/integration-test/target/test-dir/MiniOzoneClusterImpl-282ca255-90b9-400f-9396-be8b440faf89/datanode-5/data/ratis/8ff4e509-ec1d-4b2f-a47c-6a2b1856cf56
2019-10-07 16:31:33,485 [pool-443-thread-1] INFO  server.RaftServerConfigKeys (ConfUtils.java:logGet(43)) - raft.server.snapshot.retention.file.num = 5 (custom)
2019-10-07 16:31:33,486 [pool-433-thread-1] INFO  server.RaftServerConfigKeys (ConfUtils.java:logGet(43)) - raft.server.log.queue.byte-limit = 2147483647 (custom)
2019-10-07 16:31:33,486 [pool-413-thread-1] INFO  server.RaftServerConfigKeys (ConfUtils.java:logGet(43)) - raft.server.log.queue.element-limit = 1024 (custom)
2019-10-07 16:31:33,486 [pool-433-thread-1] INFO  server.RaftServerConfigKeys (ConfUtils.java:logGet(43)) - raft.server.log.queue.element-limit = 1024 (custom)
2019-10-07 16:31:33,486 [pool-443-thread-1] INFO  server.RaftServerConfigKeys (ConfUtils.java:logGet(43)) - raft.server.retrycache.expirytime = 600000ms (custom)
2019-10-07 16:31:33,486 [pool-433-thread-1] INFO  server.RaftServerConfigKeys (ConfUtils.java:logGet(43)) - raft.server.log.segment.size.max = 1048576 (custom)
2019-10-07 16:31:33,487 [pool-433-thread-1] INFO  server.RaftServerConfigKeys (ConfUtils.java:logGet(43)) - raft.server.log.preallocated.size = 16384 (custom)
2019-10-07 16:31:33,486 [pool-413-thread-1] INFO  server.RaftServerConfigKeys (ConfUtils.java:logGet(43)) - raft.server.log.segment.size.max = 1048576 (custom)
2019-10-07 16:31:33,487 [pool-433-thread-1] INFO  server.RaftServerConfigKeys (ConfUtils.java:logGet(43)) - raft.server.log.write.buffer.size = 33554432 (custom)
2019-10-07 16:31:33,487 [pool-413-thread-1] INFO  server.RaftServerConfigKeys (ConfUtils.java:logGet(43)) - raft.server.log.preallocated.size = 16384 (custom)
2019-10-07 16:31:33,487 [pool-433-thread-1] INFO  server.RaftServerConfigKeys (ConfUtils.java:logGet(43)) - raft.server.log.force.sync.num = 128 (default)
2019-10-07 16:31:33,487 [pool-413-thread-1] INFO  server.RaftServerConfigKeys (ConfUtils.java:logGet(43)) - raft.server.log.write.buffer.size = 33554432 (custom)
2019-10-07 16:31:33,487 [pool-433-thread-1] INFO  server.RaftServerConfigKeys (ConfUtils.java:logGet(43)) - raft.server.log.statemachine.data.sync = true (default)
2019-10-07 16:31:33,487 [pool-413-thread-1] INFO  server.RaftServerConfigKeys (ConfUtils.java:logGet(43)) - raft.server.log.force.sync.num = 128 (default)
2019-10-07 16:31:33,488 [pool-433-thread-1] INFO  server.RaftServerConfigKeys (ConfUtils.java:logGet(43)) - raft.server.log.statemachine.data.sync.timeout = 10s (default)
2019-10-07 16:31:33,488 [pool-413-thread-1] INFO  server.RaftServerConfigKeys (ConfUtils.java:logGet(43)) - raft.server.log.statemachine.data.sync = true (default)
2019-10-07 16:31:33,488 [pool-443-thread-1] INFO  impl.RaftServerImpl (RaftServerImpl.java:start(181)) - 49bc73f1-d7aa-4cbb-8d7b-df111d92bf34@group-6A2B1856CF56: start as a follower, conf=-1: [05c8f4f6-3789-4a42-8e33-a3ac943b7408:192.168.164.193:37038, 6c37230c-264c-4d92-bd89-3437c7e9fb14:192.168.164.193:36192, 49bc73f1-d7aa-4cbb-8d7b-df111d92bf34:192.168.164.193:46395], old=null
2019-10-07 16:31:33,488 [pool-433-thread-1] INFO  server.RaftServerConfigKeys (ConfUtils.java:logGet(43)) - raft.server.log.statemachine.data.sync.timeout.retry = -1 (default)
2019-10-07 16:31:33,488 [pool-443-thread-1] INFO  impl.RaftServerImpl (RaftServerImpl.java:setRole(170)) - 49bc73f1-d7aa-4cbb-8d7b-df111d92bf34@group-6A2B1856CF56: changes role from      null to FOLLOWER at term 0 for startAsFollower
2019-10-07 16:31:33,488 [pool-413-thread-1] INFO  server.RaftServerConfigKeys (ConfUtils.java:logGet(43)) - raft.server.log.statemachine.data.sync.timeout = 10s (default)
2019-10-07 16:31:33,488 [pool-443-thread-1] INFO  impl.RoleInfo (RoleInfo.java:updateAndGet(143)) - 49bc73f1-d7aa-4cbb-8d7b-df111d92bf34: start FollowerState
2019-10-07 16:31:33,488 [pool-433-thread-1] INFO  server.RaftServerConfigKeys (ConfUtils.java:logGet(43)) - raft.server.log.statemachine.data.caching.enabled = true (custom)
2019-10-07 16:31:33,488 [pool-413-thread-1] INFO  server.RaftServerConfigKeys (ConfUtils.java:logGet(43)) - raft.server.log.statemachine.data.sync.timeout.retry = -1 (default)
2019-10-07 16:31:33,489 [pool-443-thread-1] INFO  util.JmxRegister (JmxRegister.java:tryRegister(44)) - Successfully registered JMX Bean with object name Ratis:service=RaftServer,group=group-6A2B1856CF56,id=49bc73f1-d7aa-4cbb-8d7b-df111d92bf34
2019-10-07 16:31:33,489 [pool-413-thread-1] INFO  server.RaftServerConfigKeys (ConfUtils.java:logGet(43)) - raft.server.log.statemachine.data.caching.enabled = true (custom)
2019-10-07 16:31:33,489 [pool-433-thread-1] INFO  segmented.SegmentedRaftLogWorker (SegmentedRaftLogWorker.java:lambda$new$0(128)) - 6c37230c-264c-4d92-bd89-3437c7e9fb14@group-6A2B1856CF56-SegmentedRaftLogWorker: flushIndex: setUnconditionally 0 -> -1
2019-10-07 16:31:33,489 [pool-413-thread-1] INFO  segmented.SegmentedRaftLogWorker (SegmentedRaftLogWorker.java:lambda$new$0(128)) - 05c8f4f6-3789-4a42-8e33-a3ac943b7408@group-6A2B1856CF56-SegmentedRaftLogWorker: flushIndex: setUnconditionally 0 -> -1
2019-10-07 16:31:33,490 [pool-433-thread-1] INFO  server.RaftServerConfigKeys (ConfUtils.java:logGet(43)) - raft.server.snapshot.auto.trigger.enabled = true (custom)
2019-10-07 16:31:33,490 [pool-413-thread-1] INFO  server.RaftServerConfigKeys (ConfUtils.java:logGet(43)) - raft.server.snapshot.auto.trigger.enabled = true (custom)
2019-10-07 16:31:33,490 [pool-433-thread-1] INFO  server.RaftServerConfigKeys (ConfUtils.java:logGet(43)) - raft.server.snapshot.auto.trigger.threshold = 10000 (custom)
2019-10-07 16:31:33,490 [pool-413-thread-1] INFO  server.RaftServerConfigKeys (ConfUtils.java:logGet(43)) - raft.server.snapshot.auto.trigger.threshold = 10000 (custom)
2019-10-07 16:31:33,490 [pool-433-thread-1] INFO  server.RaftServerConfigKeys (ConfUtils.java:logGet(43)) - raft.server.snapshot.retention.file.num = 5 (custom)
2019-10-07 16:31:33,490 [pool-413-thread-1] INFO  server.RaftServerConfigKeys (ConfUtils.java:logGet(43)) - raft.server.snapshot.retention.file.num = 5 (custom)
2019-10-07 16:31:33,490 [pool-433-thread-1] INFO  server.RaftServerConfigKeys (ConfUtils.java:logGet(43)) - raft.server.retrycache.expirytime = 600000ms (custom)
2019-10-07 16:31:33,490 [pool-413-thread-1] INFO  server.RaftServerConfigKeys (ConfUtils.java:logGet(43)) - raft.server.retrycache.expirytime = 600000ms (custom)
2019-10-07 16:31:33,493 [pool-433-thread-1] INFO  impl.RaftServerImpl (RaftServerImpl.java:start(181)) - 6c37230c-264c-4d92-bd89-3437c7e9fb14@group-6A2B1856CF56: start as a follower, conf=-1: [05c8f4f6-3789-4a42-8e33-a3ac943b7408:192.168.164.193:37038, 6c37230c-264c-4d92-bd89-3437c7e9fb14:192.168.164.193:36192, 49bc73f1-d7aa-4cbb-8d7b-df111d92bf34:192.168.164.193:46395], old=null
2019-10-07 16:31:33,493 [pool-413-thread-1] INFO  impl.RaftServerImpl (RaftServerImpl.java:start(181)) - 05c8f4f6-3789-4a42-8e33-a3ac943b7408@group-6A2B1856CF56: start as a follower, conf=-1: [05c8f4f6-3789-4a42-8e33-a3ac943b7408:192.168.164.193:37038, 6c37230c-264c-4d92-bd89-3437c7e9fb14:192.168.164.193:36192, 49bc73f1-d7aa-4cbb-8d7b-df111d92bf34:192.168.164.193:46395], old=null
2019-10-07 16:31:33,493 [pool-433-thread-1] INFO  impl.RaftServerImpl (RaftServerImpl.java:setRole(170)) - 6c37230c-264c-4d92-bd89-3437c7e9fb14@group-6A2B1856CF56: changes role from      null to FOLLOWER at term 0 for startAsFollower
2019-10-07 16:31:33,493 [pool-413-thread-1] INFO  impl.RaftServerImpl (RaftServerImpl.java:setRole(170)) - 05c8f4f6-3789-4a42-8e33-a3ac943b7408@group-6A2B1856CF56: changes role from      null to FOLLOWER at term 0 for startAsFollower
2019-10-07 16:31:33,493 [pool-433-thread-1] INFO  impl.RoleInfo (RoleInfo.java:updateAndGet(143)) - 6c37230c-264c-4d92-bd89-3437c7e9fb14: start FollowerState
2019-10-07 16:31:33,493 [pool-413-thread-1] INFO  impl.RoleInfo (RoleInfo.java:updateAndGet(143)) - 05c8f4f6-3789-4a42-8e33-a3ac943b7408: start FollowerState
2019-10-07 16:31:33,494 [pool-433-thread-1] INFO  util.JmxRegister (JmxRegister.java:tryRegister(44)) - Successfully registered JMX Bean with object name Ratis:service=RaftServer,group=group-6A2B1856CF56,id=6c37230c-264c-4d92-bd89-3437c7e9fb14
2019-10-07 16:31:33,494 [pool-413-thread-1] INFO  util.JmxRegister (JmxRegister.java:tryRegister(44)) - Successfully registered JMX Bean with object name Ratis:service=RaftServer,group=group-6A2B1856CF56,id=05c8f4f6-3789-4a42-8e33-a3ac943b7408
2019-10-07 16:31:33,499 [RatisPipelineUtilsThread] INFO  pipeline.PipelineStateManager (PipelineStateManager.java:addPipeline(56)) - Created pipeline Pipeline[ Id: 8ff4e509-ec1d-4b2f-a47c-6a2b1856cf56, Nodes: 49bc73f1-d7aa-4cbb-8d7b-df111d92bf34{ip: 192.168.164.193, host: pr-hdds-1737-qktq7-3079564033, networkLocation: /default-rack, certSerialId: null}6c37230c-264c-4d92-bd89-3437c7e9fb14{ip: 192.168.164.193, host: pr-hdds-1737-qktq7-3079564033, networkLocation: /default-rack, certSerialId: null}05c8f4f6-3789-4a42-8e33-a3ac943b7408{ip: 192.168.164.193, host: pr-hdds-1737-qktq7-3079564033, networkLocation: /default-rack, certSerialId: null}, Type:RATIS, Factor:THREE, State:OPEN]
2019-10-07 16:31:35,938 [Thread-2352] INFO  container.ReplicationManager (ReplicationManager.java:start(162)) - Starting Replication Monitor Thread.
2019-10-07 16:31:35,944 [ReplicationMonitor] INFO  container.ReplicationManager (ReplicationManager.java:run(225)) - Replication Monitor Thread took 0 milliseconds for processing 1 containers.
2019-10-07 16:31:38,043 [Thread-2357] INFO  impl.FollowerState (FollowerState.java:run(108)) - 99220c91-04f1-4f6c-ba1f-ea25e99228f1@group-0DE344CFFE81-FollowerState: change to CANDIDATE, lastRpcTime:5006ms, electionTimeout:5006ms
2019-10-07 16:31:38,044 [Thread-2357] INFO  impl.RoleInfo (RoleInfo.java:shutdownFollowerState(121)) - 99220c91-04f1-4f6c-ba1f-ea25e99228f1: shutdown FollowerState
2019-10-07 16:31:38,044 [Thread-2357] INFO  impl.RaftServerImpl (RaftServerImpl.java:setRole(170)) - 99220c91-04f1-4f6c-ba1f-ea25e99228f1@group-0DE344CFFE81: changes role from  FOLLOWER to CANDIDATE at term 0 for changeToCandidate
2019-10-07 16:31:38,044 [Thread-2357] INFO  impl.RoleInfo (RoleInfo.java:updateAndGet(143)) - 99220c91-04f1-4f6c-ba1f-ea25e99228f1: start LeaderElection
2019-10-07 16:31:38,128 [Thread-2360] INFO  impl.FollowerState (FollowerState.java:run(108)) - 81d468c2-b3b1-4678-ad7f-631d279e93f2@group-1806836F5742-FollowerState: change to CANDIDATE, lastRpcTime:5017ms, electionTimeout:5017ms
2019-10-07 16:31:38,128 [Thread-2360] INFO  impl.RoleInfo (RoleInfo.java:shutdownFollowerState(121)) - 81d468c2-b3b1-4678-ad7f-631d279e93f2: shutdown FollowerState
2019-10-07 16:31:38,128 [Thread-2360] INFO  impl.RaftServerImpl (RaftServerImpl.java:setRole(170)) - 81d468c2-b3b1-4678-ad7f-631d279e93f2@group-1806836F5742: changes role from  FOLLOWER to CANDIDATE at term 0 for changeToCandidate
2019-10-07 16:31:38,128 [Thread-2360] INFO  impl.RoleInfo (RoleInfo.java:updateAndGet(143)) - 81d468c2-b3b1-4678-ad7f-631d279e93f2: start LeaderElection
2019-10-07 16:31:38,135 [Thread-2354] INFO  impl.FollowerState (FollowerState.java:run(108)) - eacbd12f-3dc1-4d15-8836-2a69dd1ab512@group-14FAC3BB97CE-FollowerState: change to CANDIDATE, lastRpcTime:5144ms, electionTimeout:5139ms
2019-10-07 16:31:38,135 [Thread-2354] INFO  impl.RoleInfo (RoleInfo.java:shutdownFollowerState(121)) - eacbd12f-3dc1-4d15-8836-2a69dd1ab512: shutdown FollowerState
2019-10-07 16:31:38,135 [Thread-2354] INFO  impl.RaftServerImpl (RaftServerImpl.java:setRole(170)) - eacbd12f-3dc1-4d15-8836-2a69dd1ab512@group-14FAC3BB97CE: changes role from  FOLLOWER to CANDIDATE at term 0 for changeToCandidate
2019-10-07 16:31:38,136 [Thread-2354] INFO  impl.RoleInfo (RoleInfo.java:updateAndGet(143)) - eacbd12f-3dc1-4d15-8836-2a69dd1ab512: start LeaderElection
2019-10-07 16:31:38,144 [81d468c2-b3b1-4678-ad7f-631d279e93f2@group-1806836F5742-LeaderElection70] INFO  impl.LeaderElection (LeaderElection.java:askForVotes(178)) - 81d468c2-b3b1-4678-ad7f-631d279e93f2@group-1806836F5742-LeaderElection70: begin an election at term 1 for -1: [81d468c2-b3b1-4678-ad7f-631d279e93f2:192.168.164.193:46060], old=null
2019-10-07 16:31:38,144 [99220c91-04f1-4f6c-ba1f-ea25e99228f1@group-0DE344CFFE81-LeaderElection69] INFO  impl.LeaderElection (LeaderElection.java:askForVotes(178)) - 99220c91-04f1-4f6c-ba1f-ea25e99228f1@group-0DE344CFFE81-LeaderElection69: begin an election at term 1 for -1: [99220c91-04f1-4f6c-ba1f-ea25e99228f1:192.168.164.193:35534], old=null
2019-10-07 16:31:38,144 [81d468c2-b3b1-4678-ad7f-631d279e93f2@group-1806836F5742-LeaderElection70] INFO  impl.RoleInfo (RoleInfo.java:shutdownLeaderElection(134)) - 81d468c2-b3b1-4678-ad7f-631d279e93f2: shutdown LeaderElection
2019-10-07 16:31:38,144 [99220c91-04f1-4f6c-ba1f-ea25e99228f1@group-0DE344CFFE81-LeaderElection69] INFO  impl.RoleInfo (RoleInfo.java:shutdownLeaderElection(134)) - 99220c91-04f1-4f6c-ba1f-ea25e99228f1: shutdown LeaderElection
2019-10-07 16:31:38,144 [81d468c2-b3b1-4678-ad7f-631d279e93f2@group-1806836F5742-LeaderElection70] INFO  impl.RaftServerImpl (RaftServerImpl.java:setRole(170)) - 81d468c2-b3b1-4678-ad7f-631d279e93f2@group-1806836F5742: changes role from CANDIDATE to LEADER at term 1 for changeToLeader
2019-10-07 16:31:38,144 [99220c91-04f1-4f6c-ba1f-ea25e99228f1@group-0DE344CFFE81-LeaderElection69] INFO  impl.RaftServerImpl (RaftServerImpl.java:setRole(170)) - 99220c91-04f1-4f6c-ba1f-ea25e99228f1@group-0DE344CFFE81: changes role from CANDIDATE to LEADER at term 1 for changeToLeader
2019-10-07 16:31:38,144 [81d468c2-b3b1-4678-ad7f-631d279e93f2@group-1806836F5742-LeaderElection70] INFO  impl.RaftServerImpl (ServerState.java:setLeader(255)) - 81d468c2-b3b1-4678-ad7f-631d279e93f2@group-1806836F5742: change Leader from null to 81d468c2-b3b1-4678-ad7f-631d279e93f2 at term 1 for becomeLeader, leader elected after 5041ms
2019-10-07 16:31:38,144 [99220c91-04f1-4f6c-ba1f-ea25e99228f1@group-0DE344CFFE81-LeaderElection69] INFO  impl.RaftServerImpl (ServerState.java:setLeader(255)) - 99220c91-04f1-4f6c-ba1f-ea25e99228f1@group-0DE344CFFE81: change Leader from null to 99220c91-04f1-4f6c-ba1f-ea25e99228f1 at term 1 for becomeLeader, leader elected after 5113ms
2019-10-07 16:31:38,145 [99220c91-04f1-4f6c-ba1f-ea25e99228f1@group-0DE344CFFE81-LeaderElection69] INFO  server.RaftServerConfigKeys (ConfUtils.java:logGet(43)) - raft.server.staging.catchup.gap = 1000 (default)
2019-10-07 16:31:38,145 [81d468c2-b3b1-4678-ad7f-631d279e93f2@group-1806836F5742-LeaderElection70] INFO  server.RaftServerConfigKeys (ConfUtils.java:logGet(43)) - raft.server.staging.catchup.gap = 1000 (default)
2019-10-07 16:31:38,145 [99220c91-04f1-4f6c-ba1f-ea25e99228f1@group-0DE344CFFE81-LeaderElection69] INFO  server.RaftServerConfigKeys (ConfUtils.java:logGet(43)) - raft.server.rpc.sleep.time = 25ms (default)
2019-10-07 16:31:38,145 [81d468c2-b3b1-4678-ad7f-631d279e93f2@group-1806836F5742-LeaderElection70] INFO  server.RaftServerConfigKeys (ConfUtils.java:logGet(43)) - raft.server.rpc.sleep.time = 25ms (default)
2019-10-07 16:31:38,145 [81d468c2-b3b1-4678-ad7f-631d279e93f2@group-1806836F5742-LeaderElection70] INFO  server.RaftServerConfigKeys (ConfUtils.java:logGet(43)) - raft.server.write.element-limit = 4096 (default)
2019-10-07 16:31:38,145 [99220c91-04f1-4f6c-ba1f-ea25e99228f1@group-0DE344CFFE81-LeaderElection69] INFO  server.RaftServerConfigKeys (ConfUtils.java:logGet(43)) - raft.server.write.element-limit = 4096 (default)
2019-10-07 16:31:38,145 [81d468c2-b3b1-4678-ad7f-631d279e93f2@group-1806836F5742-LeaderElection70] INFO  server.RaftServerConfigKeys (ConfUtils.java:logGet(43)) - raft.server.watch.timeout = 10s (default)
2019-10-07 16:31:38,145 [99220c91-04f1-4f6c-ba1f-ea25e99228f1@group-0DE344CFFE81-LeaderElection69] INFO  server.RaftServerConfigKeys (ConfUtils.java:logGet(43)) - raft.server.watch.timeout = 10s (default)
2019-10-07 16:31:38,146 [81d468c2-b3b1-4678-ad7f-631d279e93f2@group-1806836F5742-LeaderElection70] INFO  server.RaftServerConfigKeys (ConfUtils.java:logGet(43)) - raft.server.watch.timeout.denomination = 1s (default)
2019-10-07 16:31:38,146 [99220c91-04f1-4f6c-ba1f-ea25e99228f1@group-0DE344CFFE81-LeaderElection69] INFO  server.RaftServerConfigKeys (ConfUtils.java:logGet(43)) - raft.server.watch.timeout.denomination = 1s (default)
2019-10-07 16:31:38,146 [81d468c2-b3b1-4678-ad7f-631d279e93f2@group-1806836F5742-LeaderElection70] INFO  server.RaftServerConfigKeys (ConfUtils.java:logGet(43)) - raft.server.watch.element-limit = 65536 (default)
2019-10-07 16:31:38,146 [99220c91-04f1-4f6c-ba1f-ea25e99228f1@group-0DE344CFFE81-LeaderElection69] INFO  server.RaftServerConfigKeys (ConfUtils.java:logGet(43)) - raft.server.watch.element-limit = 65536 (default)
2019-10-07 16:31:38,146 [eacbd12f-3dc1-4d15-8836-2a69dd1ab512@group-14FAC3BB97CE-LeaderElection71] INFO  impl.LeaderElection (LeaderElection.java:askForVotes(178)) - eacbd12f-3dc1-4d15-8836-2a69dd1ab512@group-14FAC3BB97CE-LeaderElection71: begin an election at term 1 for -1: [eacbd12f-3dc1-4d15-8836-2a69dd1ab512:192.168.164.193:35381], old=null
2019-10-07 16:31:38,146 [eacbd12f-3dc1-4d15-8836-2a69dd1ab512@group-14FAC3BB97CE-LeaderElection71] INFO  impl.RoleInfo (RoleInfo.java:shutdownLeaderElection(134)) - eacbd12f-3dc1-4d15-8836-2a69dd1ab512: shutdown LeaderElection
2019-10-07 16:31:38,146 [eacbd12f-3dc1-4d15-8836-2a69dd1ab512@group-14FAC3BB97CE-LeaderElection71] INFO  impl.RaftServerImpl (RaftServerImpl.java:setRole(170)) - eacbd12f-3dc1-4d15-8836-2a69dd1ab512@group-14FAC3BB97CE: changes role from CANDIDATE to LEADER at term 1 for changeToLeader
2019-10-07 16:31:38,146 [eacbd12f-3dc1-4d15-8836-2a69dd1ab512@group-14FAC3BB97CE-LeaderElection71] INFO  impl.RaftServerImpl (ServerState.java:setLeader(255)) - eacbd12f-3dc1-4d15-8836-2a69dd1ab512@group-14FAC3BB97CE: change Leader from null to eacbd12f-3dc1-4d15-8836-2a69dd1ab512 at term 1 for becomeLeader, leader elected after 5163ms
2019-10-07 16:31:38,147 [eacbd12f-3dc1-4d15-8836-2a69dd1ab512@group-14FAC3BB97CE-LeaderElection71] INFO  server.RaftServerConfigKeys (ConfUtils.java:logGet(43)) - raft.server.staging.catchup.gap = 1000 (default)
2019-10-07 16:31:38,147 [eacbd12f-3dc1-4d15-8836-2a69dd1ab512@group-14FAC3BB97CE-LeaderElection71] INFO  server.RaftServerConfigKeys (ConfUtils.java:logGet(43)) - raft.server.rpc.sleep.time = 25ms (default)
2019-10-07 16:31:38,147 [eacbd12f-3dc1-4d15-8836-2a69dd1ab512@group-14FAC3BB97CE-LeaderElection71] INFO  server.RaftServerConfigKeys (ConfUtils.java:logGet(43)) - raft.server.write.element-limit = 4096 (default)
2019-10-07 16:31:38,147 [eacbd12f-3dc1-4d15-8836-2a69dd1ab512@group-14FAC3BB97CE-LeaderElection71] INFO  server.RaftServerConfigKeys (ConfUtils.java:logGet(43)) - raft.server.watch.timeout = 10s (default)
2019-10-07 16:31:38,147 [eacbd12f-3dc1-4d15-8836-2a69dd1ab512@group-14FAC3BB97CE-LeaderElection71] INFO  server.RaftServerConfigKeys (ConfUtils.java:logGet(43)) - raft.server.watch.timeout.denomination = 1s (default)
2019-10-07 16:31:38,147 [eacbd12f-3dc1-4d15-8836-2a69dd1ab512@group-14FAC3BB97CE-LeaderElection71] INFO  server.RaftServerConfigKeys (ConfUtils.java:logGet(43)) - raft.server.watch.element-limit = 65536 (default)
2019-10-07 16:31:38,150 [81d468c2-b3b1-4678-ad7f-631d279e93f2@group-1806836F5742-LeaderElection70] INFO  impl.RoleInfo (RoleInfo.java:updateAndGet(143)) - 81d468c2-b3b1-4678-ad7f-631d279e93f2: start LeaderState
2019-10-07 16:31:38,150 [99220c91-04f1-4f6c-ba1f-ea25e99228f1@group-0DE344CFFE81-LeaderElection69] INFO  impl.RoleInfo (RoleInfo.java:updateAndGet(143)) - 99220c91-04f1-4f6c-ba1f-ea25e99228f1: start LeaderState
2019-10-07 16:31:38,150 [eacbd12f-3dc1-4d15-8836-2a69dd1ab512@group-14FAC3BB97CE-LeaderElection71] INFO  impl.RoleInfo (RoleInfo.java:updateAndGet(143)) - eacbd12f-3dc1-4d15-8836-2a69dd1ab512: start LeaderState
2019-10-07 16:31:38,150 [99220c91-04f1-4f6c-ba1f-ea25e99228f1@group-0DE344CFFE81-LeaderElection69] INFO  segmented.SegmentedRaftLogWorker (SegmentedRaftLogWorker.java:startLogSegment(385)) - 99220c91-04f1-4f6c-ba1f-ea25e99228f1@group-0DE344CFFE81-SegmentedRaftLogWorker: Starting segment from index:0
2019-10-07 16:31:38,151 [eacbd12f-3dc1-4d15-8836-2a69dd1ab512@group-14FAC3BB97CE-LeaderElection71] INFO  segmented.SegmentedRaftLogWorker (SegmentedRaftLogWorker.java:startLogSegment(385)) - eacbd12f-3dc1-4d15-8836-2a69dd1ab512@group-14FAC3BB97CE-SegmentedRaftLogWorker: Starting segment from index:0
2019-10-07 16:31:38,150 [81d468c2-b3b1-4678-ad7f-631d279e93f2@group-1806836F5742-LeaderElection70] INFO  segmented.SegmentedRaftLogWorker (SegmentedRaftLogWorker.java:startLogSegment(385)) - 81d468c2-b3b1-4678-ad7f-631d279e93f2@group-1806836F5742-SegmentedRaftLogWorker: Starting segment from index:0
2019-10-07 16:31:38,151 [99220c91-04f1-4f6c-ba1f-ea25e99228f1@group-0DE344CFFE81-LeaderElection69] INFO  impl.RaftServerImpl (ServerState.java:setRaftConf(356)) - 99220c91-04f1-4f6c-ba1f-ea25e99228f1@group-0DE344CFFE81: set configuration 0: [99220c91-04f1-4f6c-ba1f-ea25e99228f1:192.168.164.193:35534], old=null at 0
2019-10-07 16:31:38,151 [81d468c2-b3b1-4678-ad7f-631d279e93f2@group-1806836F5742-LeaderElection70] INFO  impl.RaftServerImpl (ServerState.java:setRaftConf(356)) - 81d468c2-b3b1-4678-ad7f-631d279e93f2@group-1806836F5742: set configuration 0: [81d468c2-b3b1-4678-ad7f-631d279e93f2:192.168.164.193:46060], old=null at 0
2019-10-07 16:31:38,152 [eacbd12f-3dc1-4d15-8836-2a69dd1ab512@group-14FAC3BB97CE-LeaderElection71] INFO  impl.RaftServerImpl (ServerState.java:setRaftConf(356)) - eacbd12f-3dc1-4d15-8836-2a69dd1ab512@group-14FAC3BB97CE: set configuration 0: [eacbd12f-3dc1-4d15-8836-2a69dd1ab512:192.168.164.193:35381], old=null at 0
2019-10-07 16:31:38,182 [99220c91-04f1-4f6c-ba1f-ea25e99228f1@group-0DE344CFFE81-SegmentedRaftLogWorker] INFO  segmented.SegmentedRaftLogWorker (SegmentedRaftLogWorker.java:execute(574)) - 99220c91-04f1-4f6c-ba1f-ea25e99228f1@group-0DE344CFFE81-SegmentedRaftLogWorker: created new log segment /workdir/hadoop-ozone/integration-test/target/test-dir/MiniOzoneClusterImpl-282ca255-90b9-400f-9396-be8b440faf89/datanode-1/data/ratis/a8118814-e4ae-4397-8c87-0de344cffe81/current/log_inprogress_0
2019-10-07 16:31:38,182 [81d468c2-b3b1-4678-ad7f-631d279e93f2@group-1806836F5742-SegmentedRaftLogWorker] INFO  segmented.SegmentedRaftLogWorker (SegmentedRaftLogWorker.java:execute(574)) - 81d468c2-b3b1-4678-ad7f-631d279e93f2@group-1806836F5742-SegmentedRaftLogWorker: created new log segment /workdir/hadoop-ozone/integration-test/target/test-dir/MiniOzoneClusterImpl-282ca255-90b9-400f-9396-be8b440faf89/datanode-2/data/ratis/06540d5c-6fd0-4999-80fd-1806836f5742/current/log_inprogress_0
2019-10-07 16:31:38,200 [eacbd12f-3dc1-4d15-8836-2a69dd1ab512@group-14FAC3BB97CE-SegmentedRaftLogWorker] INFO  segmented.SegmentedRaftLogWorker (SegmentedRaftLogWorker.java:execute(574)) - eacbd12f-3dc1-4d15-8836-2a69dd1ab512@group-14FAC3BB97CE-SegmentedRaftLogWorker: created new log segment /workdir/hadoop-ozone/integration-test/target/test-dir/MiniOzoneClusterImpl-282ca255-90b9-400f-9396-be8b440faf89/datanode-0/data/ratis/7d9e9ac2-022c-4694-8fa3-14fac3bb97ce/current/log_inprogress_0
2019-10-07 16:31:38,282 [Thread-2363] INFO  impl.FollowerState (FollowerState.java:run(108)) - 05c8f4f6-3789-4a42-8e33-a3ac943b7408@group-E6D001414C08-FollowerState: change to CANDIDATE, lastRpcTime:5125ms, electionTimeout:5125ms
2019-10-07 16:31:38,283 [Thread-2363] INFO  impl.RoleInfo (RoleInfo.java:shutdownFollowerState(121)) - 05c8f4f6-3789-4a42-8e33-a3ac943b7408: shutdown FollowerState
2019-10-07 16:31:38,283 [Thread-2363] INFO  impl.RaftServerImpl (RaftServerImpl.java:setRole(170)) - 05c8f4f6-3789-4a42-8e33-a3ac943b7408@group-E6D001414C08: changes role from  FOLLOWER to CANDIDATE at term 0 for changeToCandidate
2019-10-07 16:31:38,283 [Thread-2363] INFO  impl.RoleInfo (RoleInfo.java:updateAndGet(143)) - 05c8f4f6-3789-4a42-8e33-a3ac943b7408: start LeaderElection
2019-10-07 16:31:38,291 [Thread-2371] INFO  impl.FollowerState (FollowerState.java:run(108)) - eacbd12f-3dc1-4d15-8836-2a69dd1ab512@group-DE2322A94E4A-FollowerState: change to CANDIDATE, lastRpcTime:5079ms, electionTimeout:5077ms
2019-10-07 16:31:38,291 [Thread-2371] INFO  impl.RoleInfo (RoleInfo.java:shutdownFollowerState(121)) - eacbd12f-3dc1-4d15-8836-2a69dd1ab512: shutdown FollowerState
2019-10-07 16:31:38,291 [Thread-2371] INFO  impl.RaftServerImpl (RaftServerImpl.java:setRole(170)) - eacbd12f-3dc1-4d15-8836-2a69dd1ab512@group-DE2322A94E4A: changes role from  FOLLOWER to CANDIDATE at term 0 for changeToCandidate
2019-10-07 16:31:38,292 [Thread-2371] INFO  impl.RoleInfo (RoleInfo.java:updateAndGet(143)) - eacbd12f-3dc1-4d15-8836-2a69dd1ab512: start LeaderElection
2019-10-07 16:31:38,304 [05c8f4f6-3789-4a42-8e33-a3ac943b7408@group-E6D001414C08-LeaderElection72] INFO  impl.LeaderElection (LeaderElection.java:askForVotes(178)) - 05c8f4f6-3789-4a42-8e33-a3ac943b7408@group-E6D001414C08-LeaderElection72: begin an election at term 1 for -1: [05c8f4f6-3789-4a42-8e33-a3ac943b7408:192.168.164.193:37038], old=null
2019-10-07 16:31:38,304 [eacbd12f-3dc1-4d15-8836-2a69dd1ab512@group-DE2322A94E4A-LeaderElection73] INFO  impl.LeaderElection (LeaderElection.java:askForVotes(178)) - eacbd12f-3dc1-4d15-8836-2a69dd1ab512@group-DE2322A94E4A-LeaderElection73: begin an election at term 1 for -1: [99220c91-04f1-4f6c-ba1f-ea25e99228f1:192.168.164.193:35534, eacbd12f-3dc1-4d15-8836-2a69dd1ab512:192.168.164.193:35381, 81d468c2-b3b1-4678-ad7f-631d279e93f2:192.168.164.193:46060], old=null
2019-10-07 16:31:38,304 [05c8f4f6-3789-4a42-8e33-a3ac943b7408@group-E6D001414C08-LeaderElection72] INFO  impl.RoleInfo (RoleInfo.java:shutdownLeaderElection(134)) - 05c8f4f6-3789-4a42-8e33-a3ac943b7408: shutdown LeaderElection
2019-10-07 16:31:38,304 [05c8f4f6-3789-4a42-8e33-a3ac943b7408@group-E6D001414C08-LeaderElection72] INFO  impl.RaftServerImpl (RaftServerImpl.java:setRole(170)) - 05c8f4f6-3789-4a42-8e33-a3ac943b7408@group-E6D001414C08: changes role from CANDIDATE to LEADER at term 1 for changeToLeader
2019-10-07 16:31:38,304 [05c8f4f6-3789-4a42-8e33-a3ac943b7408@group-E6D001414C08-LeaderElection72] INFO  impl.RaftServerImpl (ServerState.java:setLeader(255)) - 05c8f4f6-3789-4a42-8e33-a3ac943b7408@group-E6D001414C08: change Leader from null to 05c8f4f6-3789-4a42-8e33-a3ac943b7408 at term 1 for becomeLeader, leader elected after 5152ms
2019-10-07 16:31:38,304 [05c8f4f6-3789-4a42-8e33-a3ac943b7408@group-E6D001414C08-LeaderElection72] INFO  server.RaftServerConfigKeys (ConfUtils.java:logGet(43)) - raft.server.staging.catchup.gap = 1000 (default)
2019-10-07 16:31:38,304 [05c8f4f6-3789-4a42-8e33-a3ac943b7408@group-E6D001414C08-LeaderElection72] INFO  server.RaftServerConfigKeys (ConfUtils.java:logGet(43)) - raft.server.rpc.sleep.time = 25ms (default)
2019-10-07 16:31:38,304 [05c8f4f6-3789-4a42-8e33-a3ac943b7408@group-E6D001414C08-LeaderElection72] INFO  server.RaftServerConfigKeys (ConfUtils.java:logGet(43)) - raft.server.write.element-limit = 4096 (default)
2019-10-07 16:31:38,305 [05c8f4f6-3789-4a42-8e33-a3ac943b7408@group-E6D001414C08-LeaderElection72] INFO  server.RaftServerConfigKeys (ConfUtils.java:logGet(43)) - raft.server.watch.timeout = 10s (default)
2019-10-07 16:31:38,305 [05c8f4f6-3789-4a42-8e33-a3ac943b7408@group-E6D001414C08-LeaderElection72] INFO  server.RaftServerConfigKeys (ConfUtils.java:logGet(43)) - raft.server.watch.timeout.denomination = 1s (default)
2019-10-07 16:31:38,305 [05c8f4f6-3789-4a42-8e33-a3ac943b7408@group-E6D001414C08-LeaderElection72] INFO  server.RaftServerConfigKeys (ConfUtils.java:logGet(43)) - raft.server.watch.element-limit = 65536 (default)
2019-10-07 16:31:38,306 [05c8f4f6-3789-4a42-8e33-a3ac943b7408@group-E6D001414C08-LeaderElection72] INFO  impl.RoleInfo (RoleInfo.java:updateAndGet(143)) - 05c8f4f6-3789-4a42-8e33-a3ac943b7408: start LeaderState
2019-10-07 16:31:38,307 [05c8f4f6-3789-4a42-8e33-a3ac943b7408@group-E6D001414C08-LeaderElection72] INFO  segmented.SegmentedRaftLogWorker (SegmentedRaftLogWorker.java:startLogSegment(385)) - 05c8f4f6-3789-4a42-8e33-a3ac943b7408@group-E6D001414C08-SegmentedRaftLogWorker: Starting segment from index:0
2019-10-07 16:31:38,307 [05c8f4f6-3789-4a42-8e33-a3ac943b7408@group-E6D001414C08-LeaderElection72] INFO  impl.RaftServerImpl (ServerState.java:setRaftConf(356)) - 05c8f4f6-3789-4a42-8e33-a3ac943b7408@group-E6D001414C08: set configuration 0: [05c8f4f6-3789-4a42-8e33-a3ac943b7408:192.168.164.193:37038], old=null at 0
2019-10-07 16:31:38,309 [grpc-default-executor-1] INFO  impl.RaftServerImpl (RaftServerImpl.java:setRole(170)) - 81d468c2-b3b1-4678-ad7f-631d279e93f2@group-DE2322A94E4A: changes role from  FOLLOWER to FOLLOWER at term 1 for recognizeCandidate:eacbd12f-3dc1-4d15-8836-2a69dd1ab512
2019-10-07 16:31:38,309 [grpc-default-executor-5] INFO  impl.RaftServerImpl (RaftServerImpl.java:setRole(170)) - 99220c91-04f1-4f6c-ba1f-ea25e99228f1@group-DE2322A94E4A: changes role from  FOLLOWER to FOLLOWER at term 1 for recognizeCandidate:eacbd12f-3dc1-4d15-8836-2a69dd1ab512
2019-10-07 16:31:38,310 [grpc-default-executor-1] INFO  impl.RoleInfo (RoleInfo.java:shutdownFollowerState(121)) - 81d468c2-b3b1-4678-ad7f-631d279e93f2: shutdown FollowerState
2019-10-07 16:31:38,310 [grpc-default-executor-5] INFO  impl.RoleInfo (RoleInfo.java:shutdownFollowerState(121)) - 99220c91-04f1-4f6c-ba1f-ea25e99228f1: shutdown FollowerState
2019-10-07 16:31:38,310 [Thread-2366] INFO  impl.FollowerState (FollowerState.java:run(117)) - 81d468c2-b3b1-4678-ad7f-631d279e93f2@group-DE2322A94E4A-FollowerState was interrupted: java.lang.InterruptedException: sleep interrupted
2019-10-07 16:31:38,310 [grpc-default-executor-1] INFO  impl.RoleInfo (RoleInfo.java:updateAndGet(143)) - 81d468c2-b3b1-4678-ad7f-631d279e93f2: start FollowerState
2019-10-07 16:31:38,310 [Thread-2370] INFO  impl.FollowerState (FollowerState.java:run(117)) - 99220c91-04f1-4f6c-ba1f-ea25e99228f1@group-DE2322A94E4A-FollowerState was interrupted: java.lang.InterruptedException: sleep interrupted
2019-10-07 16:31:38,310 [grpc-default-executor-5] INFO  impl.RoleInfo (RoleInfo.java:updateAndGet(143)) - 99220c91-04f1-4f6c-ba1f-ea25e99228f1: start FollowerState
2019-10-07 16:31:38,317 [eacbd12f-3dc1-4d15-8836-2a69dd1ab512@group-DE2322A94E4A-LeaderElection73] INFO  impl.LeaderElection (LeaderElection.java:logAndReturn(56)) - eacbd12f-3dc1-4d15-8836-2a69dd1ab512@group-DE2322A94E4A-LeaderElection73: Election PASSED; received 1 response(s) [eacbd12f-3dc1-4d15-8836-2a69dd1ab512<-99220c91-04f1-4f6c-ba1f-ea25e99228f1#0:OK-t1] and 0 exception(s); eacbd12f-3dc1-4d15-8836-2a69dd1ab512@group-DE2322A94E4A:t1, leader=null, voted=eacbd12f-3dc1-4d15-8836-2a69dd1ab512, raftlog=eacbd12f-3dc1-4d15-8836-2a69dd1ab512@group-DE2322A94E4A-SegmentedRaftLog:OPENED:c-1,f-1,i0, conf=-1: [99220c91-04f1-4f6c-ba1f-ea25e99228f1:192.168.164.193:35534, eacbd12f-3dc1-4d15-8836-2a69dd1ab512:192.168.164.193:35381, 81d468c2-b3b1-4678-ad7f-631d279e93f2:192.168.164.193:46060], old=null
2019-10-07 16:31:38,317 [eacbd12f-3dc1-4d15-8836-2a69dd1ab512@group-DE2322A94E4A-LeaderElection73] INFO  impl.RoleInfo (RoleInfo.java:shutdownLeaderElection(134)) - eacbd12f-3dc1-4d15-8836-2a69dd1ab512: shutdown LeaderElection
2019-10-07 16:31:38,317 [eacbd12f-3dc1-4d15-8836-2a69dd1ab512@group-DE2322A94E4A-LeaderElection73] INFO  impl.RaftServerImpl (RaftServerImpl.java:setRole(170)) - eacbd12f-3dc1-4d15-8836-2a69dd1ab512@group-DE2322A94E4A: changes role from CANDIDATE to LEADER at term 1 for changeToLeader
2019-10-07 16:31:38,317 [eacbd12f-3dc1-4d15-8836-2a69dd1ab512@group-DE2322A94E4A-LeaderElection73] INFO  impl.RaftServerImpl (ServerState.java:setLeader(255)) - eacbd12f-3dc1-4d15-8836-2a69dd1ab512@group-DE2322A94E4A: change Leader from null to eacbd12f-3dc1-4d15-8836-2a69dd1ab512 at term 1 for becomeLeader, leader elected after 5115ms
2019-10-07 16:31:38,317 [eacbd12f-3dc1-4d15-8836-2a69dd1ab512@group-DE2322A94E4A-LeaderElection73] INFO  server.RaftServerConfigKeys (ConfUtils.java:logGet(43)) - raft.server.staging.catchup.gap = 1000 (default)
2019-10-07 16:31:38,317 [eacbd12f-3dc1-4d15-8836-2a69dd1ab512@group-DE2322A94E4A-LeaderElection73] INFO  server.RaftServerConfigKeys (ConfUtils.java:logGet(43)) - raft.server.rpc.sleep.time = 25ms (default)
2019-10-07 16:31:38,317 [eacbd12f-3dc1-4d15-8836-2a69dd1ab512@group-DE2322A94E4A-LeaderElection73] INFO  server.RaftServerConfigKeys (ConfUtils.java:logGet(43)) - raft.server.write.element-limit = 4096 (default)
2019-10-07 16:31:38,317 [eacbd12f-3dc1-4d15-8836-2a69dd1ab512@group-DE2322A94E4A-LeaderElection73] INFO  server.RaftServerConfigKeys (ConfUtils.java:logGet(43)) - raft.server.watch.timeout = 10s (default)
2019-10-07 16:31:38,318 [eacbd12f-3dc1-4d15-8836-2a69dd1ab512@group-DE2322A94E4A-LeaderElection73] INFO  server.RaftServerConfigKeys (ConfUtils.java:logGet(43)) - raft.server.watch.timeout.denomination = 1s (default)
2019-10-07 16:31:38,318 [eacbd12f-3dc1-4d15-8836-2a69dd1ab512@group-DE2322A94E4A-LeaderElection73] INFO  server.RaftServerConfigKeys (ConfUtils.java:logGet(43)) - raft.server.watch.element-limit = 65536 (default)
2019-10-07 16:31:38,319 [eacbd12f-3dc1-4d15-8836-2a69dd1ab512@group-DE2322A94E4A-LeaderElection73] INFO  server.RaftServerConfigKeys (ConfUtils.java:logGet(43)) - raft.server.log.appender.snapshot.chunk.size.max = 16MB (=16777216) (default)
2019-10-07 16:31:38,319 [eacbd12f-3dc1-4d15-8836-2a69dd1ab512@group-DE2322A94E4A-LeaderElection73] INFO  server.RaftServerConfigKeys (ConfUtils.java:logGet(43)) - raft.server.log.appender.buffer.byte-limit = 33554432 (custom)
2019-10-07 16:31:38,319 [eacbd12f-3dc1-4d15-8836-2a69dd1ab512@group-DE2322A94E4A-LeaderElection73] INFO  server.RaftServerConfigKeys (ConfUtils.java:logGet(43)) - raft.server.log.appender.buffer.element-limit = 1 (custom)
2019-10-07 16:31:38,320 [eacbd12f-3dc1-4d15-8836-2a69dd1ab512@group-DE2322A94E4A-LeaderElection73] INFO  grpc.GrpcConfigKeys$Server (ConfUtils.java:logGet(43)) - raft.grpc.server.leader.outstanding.appends.max = 128 (default)
2019-10-07 16:31:38,320 [eacbd12f-3dc1-4d15-8836-2a69dd1ab512@group-DE2322A94E4A-LeaderElection73] INFO  server.RaftServerConfigKeys (ConfUtils.java:logGet(43)) - raft.server.rpc.request.timeout = 3000ms (default)
2019-10-07 16:31:38,320 [eacbd12f-3dc1-4d15-8836-2a69dd1ab512@group-DE2322A94E4A-LeaderElection73] INFO  server.RaftServerConfigKeys (ConfUtils.java:logGet(43)) - raft.server.log.appender.install.snapshot.enabled = false (custom)
2019-10-07 16:31:38,320 [eacbd12f-3dc1-4d15-8836-2a69dd1ab512@group-DE2322A94E4A-LeaderElection73] INFO  server.RaftServerConfigKeys (ConfUtils.java:logGet(43)) - raft.server.log.appender.snapshot.chunk.size.max = 16MB (=16777216) (default)
2019-10-07 16:31:38,320 [eacbd12f-3dc1-4d15-8836-2a69dd1ab512@group-DE2322A94E4A-LeaderElection73] INFO  server.RaftServerConfigKeys (ConfUtils.java:logGet(43)) - raft.server.log.appender.buffer.byte-limit = 33554432 (custom)
2019-10-07 16:31:38,320 [eacbd12f-3dc1-4d15-8836-2a69dd1ab512@group-DE2322A94E4A-LeaderElection73] INFO  server.RaftServerConfigKeys (ConfUtils.java:logGet(43)) - raft.server.log.appender.buffer.element-limit = 1 (custom)
2019-10-07 16:31:38,320 [eacbd12f-3dc1-4d15-8836-2a69dd1ab512@group-DE2322A94E4A-LeaderElection73] INFO  grpc.GrpcConfigKeys$Server (ConfUtils.java:logGet(43)) - raft.grpc.server.leader.outstanding.appends.max = 128 (default)
2019-10-07 16:31:38,321 [eacbd12f-3dc1-4d15-8836-2a69dd1ab512@group-DE2322A94E4A-LeaderElection73] INFO  server.RaftServerConfigKeys (ConfUtils.java:logGet(43)) - raft.server.rpc.request.timeout = 3000ms (default)
2019-10-07 16:31:38,321 [eacbd12f-3dc1-4d15-8836-2a69dd1ab512@group-DE2322A94E4A-LeaderElection73] INFO  server.RaftServerConfigKeys (ConfUtils.java:logGet(43)) - raft.server.log.appender.install.snapshot.enabled = false (custom)
2019-10-07 16:31:38,321 [eacbd12f-3dc1-4d15-8836-2a69dd1ab512@group-DE2322A94E4A-LeaderElection73] INFO  impl.RoleInfo (RoleInfo.java:updateAndGet(143)) - eacbd12f-3dc1-4d15-8836-2a69dd1ab512: start LeaderState
2019-10-07 16:31:38,321 [eacbd12f-3dc1-4d15-8836-2a69dd1ab512@group-DE2322A94E4A-LeaderElection73] INFO  segmented.SegmentedRaftLogWorker (SegmentedRaftLogWorker.java:startLogSegment(385)) - eacbd12f-3dc1-4d15-8836-2a69dd1ab512@group-DE2322A94E4A-SegmentedRaftLogWorker: Starting segment from index:0
2019-10-07 16:31:38,322 [eacbd12f-3dc1-4d15-8836-2a69dd1ab512@group-DE2322A94E4A-LeaderElection73] INFO  impl.RaftServerImpl (ServerState.java:setRaftConf(356)) - eacbd12f-3dc1-4d15-8836-2a69dd1ab512@group-DE2322A94E4A: set configuration 0: [99220c91-04f1-4f6c-ba1f-ea25e99228f1:192.168.164.193:35534, eacbd12f-3dc1-4d15-8836-2a69dd1ab512:192.168.164.193:35381, 81d468c2-b3b1-4678-ad7f-631d279e93f2:192.168.164.193:46060], old=null at 0
2019-10-07 16:31:38,356 [grpc-default-executor-5] INFO  impl.RaftServerImpl (ServerState.java:setLeader(255)) - 81d468c2-b3b1-4678-ad7f-631d279e93f2@group-DE2322A94E4A: change Leader from null to eacbd12f-3dc1-4d15-8836-2a69dd1ab512 at term 1 for appendEntries, leader elected after 5154ms
2019-10-07 16:31:38,358 [grpc-default-executor-1] INFO  impl.RaftServerImpl (ServerState.java:setLeader(255)) - 99220c91-04f1-4f6c-ba1f-ea25e99228f1@group-DE2322A94E4A: change Leader from null to eacbd12f-3dc1-4d15-8836-2a69dd1ab512 at term 1 for appendEntries, leader elected after 5155ms
2019-10-07 16:31:38,358 [eacbd12f-3dc1-4d15-8836-2a69dd1ab512@group-DE2322A94E4A-SegmentedRaftLogWorker] INFO  segmented.SegmentedRaftLogWorker (SegmentedRaftLogWorker.java:execute(574)) - eacbd12f-3dc1-4d15-8836-2a69dd1ab512@group-DE2322A94E4A-SegmentedRaftLogWorker: created new log segment /workdir/hadoop-ozone/integration-test/target/test-dir/MiniOzoneClusterImpl-282ca255-90b9-400f-9396-be8b440faf89/datanode-0/data/ratis/f02f57e4-7dd1-4184-85e4-de2322a94e4a/current/log_inprogress_0
2019-10-07 16:31:38,358 [05c8f4f6-3789-4a42-8e33-a3ac943b7408@group-E6D001414C08-SegmentedRaftLogWorker] INFO  segmented.SegmentedRaftLogWorker (SegmentedRaftLogWorker.java:execute(574)) - 05c8f4f6-3789-4a42-8e33-a3ac943b7408@group-E6D001414C08-SegmentedRaftLogWorker: created new log segment /workdir/hadoop-ozone/integration-test/target/test-dir/MiniOzoneClusterImpl-282ca255-90b9-400f-9396-be8b440faf89/datanode-3/data/ratis/ebd89ee8-91a7-458c-a67b-e6d001414c08/current/log_inprogress_0
2019-10-07 16:31:38,360 [grpc-default-executor-5] INFO  impl.RaftServerImpl (ServerState.java:setRaftConf(356)) - 99220c91-04f1-4f6c-ba1f-ea25e99228f1@group-DE2322A94E4A: set configuration 0: [99220c91-04f1-4f6c-ba1f-ea25e99228f1:192.168.164.193:35534, eacbd12f-3dc1-4d15-8836-2a69dd1ab512:192.168.164.193:35381, 81d468c2-b3b1-4678-ad7f-631d279e93f2:192.168.164.193:46060], old=null at 0
2019-10-07 16:31:38,360 [grpc-default-executor-1] INFO  impl.RaftServerImpl (ServerState.java:setRaftConf(356)) - 81d468c2-b3b1-4678-ad7f-631d279e93f2@group-DE2322A94E4A: set configuration 0: [99220c91-04f1-4f6c-ba1f-ea25e99228f1:192.168.164.193:35534, eacbd12f-3dc1-4d15-8836-2a69dd1ab512:192.168.164.193:35381, 81d468c2-b3b1-4678-ad7f-631d279e93f2:192.168.164.193:46060], old=null at 0
2019-10-07 16:31:38,360 [grpc-default-executor-5] INFO  segmented.SegmentedRaftLogWorker (SegmentedRaftLogWorker.java:startLogSegment(385)) - 99220c91-04f1-4f6c-ba1f-ea25e99228f1@group-DE2322A94E4A-SegmentedRaftLogWorker: Starting segment from index:0
2019-10-07 16:31:38,361 [grpc-default-executor-1] INFO  segmented.SegmentedRaftLogWorker (SegmentedRaftLogWorker.java:startLogSegment(385)) - 81d468c2-b3b1-4678-ad7f-631d279e93f2@group-DE2322A94E4A-SegmentedRaftLogWorker: Starting segment from index:0
2019-10-07 16:31:38,386 [81d468c2-b3b1-4678-ad7f-631d279e93f2@group-DE2322A94E4A-SegmentedRaftLogWorker] INFO  segmented.SegmentedRaftLogWorker (SegmentedRaftLogWorker.java:execute(574)) - 81d468c2-b3b1-4678-ad7f-631d279e93f2@group-DE2322A94E4A-SegmentedRaftLogWorker: created new log segment /workdir/hadoop-ozone/integration-test/target/test-dir/MiniOzoneClusterImpl-282ca255-90b9-400f-9396-be8b440faf89/datanode-2/data/ratis/f02f57e4-7dd1-4184-85e4-de2322a94e4a/current/log_inprogress_0
2019-10-07 16:31:38,401 [99220c91-04f1-4f6c-ba1f-ea25e99228f1@group-DE2322A94E4A-SegmentedRaftLogWorker] INFO  segmented.SegmentedRaftLogWorker (SegmentedRaftLogWorker.java:execute(574)) - 99220c91-04f1-4f6c-ba1f-ea25e99228f1@group-DE2322A94E4A-SegmentedRaftLogWorker: created new log segment /workdir/hadoop-ozone/integration-test/target/test-dir/MiniOzoneClusterImpl-282ca255-90b9-400f-9396-be8b440faf89/datanode-1/data/ratis/f02f57e4-7dd1-4184-85e4-de2322a94e4a/current/log_inprogress_0
2019-10-07 16:31:38,407 [Thread-2375] INFO  impl.FollowerState (FollowerState.java:run(108)) - 6c37230c-264c-4d92-bd89-3437c7e9fb14@group-11C37C4ACBE8-FollowerState: change to CANDIDATE, lastRpcTime:5119ms, electionTimeout:5119ms
2019-10-07 16:31:38,407 [Thread-2375] INFO  impl.RoleInfo (RoleInfo.java:shutdownFollowerState(121)) - 6c37230c-264c-4d92-bd89-3437c7e9fb14: shutdown FollowerState
2019-10-07 16:31:38,407 [Thread-2375] INFO  impl.RaftServerImpl (RaftServerImpl.java:setRole(170)) - 6c37230c-264c-4d92-bd89-3437c7e9fb14@group-11C37C4ACBE8: changes role from  FOLLOWER to CANDIDATE at term 0 for changeToCandidate
2019-10-07 16:31:38,407 [Thread-2375] INFO  impl.RoleInfo (RoleInfo.java:updateAndGet(143)) - 6c37230c-264c-4d92-bd89-3437c7e9fb14: start LeaderElection
2019-10-07 16:31:38,424 [6c37230c-264c-4d92-bd89-3437c7e9fb14@group-11C37C4ACBE8-LeaderElection74] INFO  impl.LeaderElection (LeaderElection.java:askForVotes(178)) - 6c37230c-264c-4d92-bd89-3437c7e9fb14@group-11C37C4ACBE8-LeaderElection74: begin an election at term 1 for -1: [6c37230c-264c-4d92-bd89-3437c7e9fb14:192.168.164.193:36192], old=null
2019-10-07 16:31:38,425 [6c37230c-264c-4d92-bd89-3437c7e9fb14@group-11C37C4ACBE8-LeaderElection74] INFO  impl.RoleInfo (RoleInfo.java:shutdownLeaderElection(134)) - 6c37230c-264c-4d92-bd89-3437c7e9fb14: shutdown LeaderElection
2019-10-07 16:31:38,425 [6c37230c-264c-4d92-bd89-3437c7e9fb14@group-11C37C4ACBE8-LeaderElection74] INFO  impl.RaftServerImpl (RaftServerImpl.java:setRole(170)) - 6c37230c-264c-4d92-bd89-3437c7e9fb14@group-11C37C4ACBE8: changes role from CANDIDATE to LEADER at term 1 for changeToLeader
2019-10-07 16:31:38,425 [6c37230c-264c-4d92-bd89-3437c7e9fb14@group-11C37C4ACBE8-LeaderElection74] INFO  impl.RaftServerImpl (ServerState.java:setLeader(255)) - 6c37230c-264c-4d92-bd89-3437c7e9fb14@group-11C37C4ACBE8: change Leader from null to 6c37230c-264c-4d92-bd89-3437c7e9fb14 at term 1 for becomeLeader, leader elected after 5145ms
2019-10-07 16:31:38,425 [6c37230c-264c-4d92-bd89-3437c7e9fb14@group-11C37C4ACBE8-LeaderElection74] INFO  server.RaftServerConfigKeys (ConfUtils.java:logGet(43)) - raft.server.staging.catchup.gap = 1000 (default)
2019-10-07 16:31:38,425 [6c37230c-264c-4d92-bd89-3437c7e9fb14@group-11C37C4ACBE8-LeaderElection74] INFO  server.RaftServerConfigKeys (ConfUtils.java:logGet(43)) - raft.server.rpc.sleep.time = 25ms (default)
2019-10-07 16:31:38,425 [6c37230c-264c-4d92-bd89-3437c7e9fb14@group-11C37C4ACBE8-LeaderElection74] INFO  server.RaftServerConfigKeys (ConfUtils.java:logGet(43)) - raft.server.write.element-limit = 4096 (default)
2019-10-07 16:31:38,425 [6c37230c-264c-4d92-bd89-3437c7e9fb14@group-11C37C4ACBE8-LeaderElection74] INFO  server.RaftServerConfigKeys (ConfUtils.java:logGet(43)) - raft.server.watch.timeout = 10s (default)
2019-10-07 16:31:38,425 [6c37230c-264c-4d92-bd89-3437c7e9fb14@group-11C37C4ACBE8-LeaderElection74] INFO  server.RaftServerConfigKeys (ConfUtils.java:logGet(43)) - raft.server.watch.timeout.denomination = 1s (default)
2019-10-07 16:31:38,425 [6c37230c-264c-4d92-bd89-3437c7e9fb14@group-11C37C4ACBE8-LeaderElection74] INFO  server.RaftServerConfigKeys (ConfUtils.java:logGet(43)) - raft.server.watch.element-limit = 65536 (default)
2019-10-07 16:31:38,427 [6c37230c-264c-4d92-bd89-3437c7e9fb14@group-11C37C4ACBE8-LeaderElection74] INFO  impl.RoleInfo (RoleInfo.java:updateAndGet(143)) - 6c37230c-264c-4d92-bd89-3437c7e9fb14: start LeaderState
2019-10-07 16:31:38,427 [6c37230c-264c-4d92-bd89-3437c7e9fb14@group-11C37C4ACBE8-LeaderElection74] INFO  segmented.SegmentedRaftLogWorker (SegmentedRaftLogWorker.java:startLogSegment(385)) - 6c37230c-264c-4d92-bd89-3437c7e9fb14@group-11C37C4ACBE8-SegmentedRaftLogWorker: Starting segment from index:0
2019-10-07 16:31:38,428 [6c37230c-264c-4d92-bd89-3437c7e9fb14@group-11C37C4ACBE8-LeaderElection74] INFO  impl.RaftServerImpl (ServerState.java:setRaftConf(356)) - 6c37230c-264c-4d92-bd89-3437c7e9fb14@group-11C37C4ACBE8: set configuration 0: [6c37230c-264c-4d92-bd89-3437c7e9fb14:192.168.164.193:36192], old=null at 0
2019-10-07 16:31:38,471 [6c37230c-264c-4d92-bd89-3437c7e9fb14@group-11C37C4ACBE8-SegmentedRaftLogWorker] INFO  segmented.SegmentedRaftLogWorker (SegmentedRaftLogWorker.java:execute(574)) - 6c37230c-264c-4d92-bd89-3437c7e9fb14@group-11C37C4ACBE8-SegmentedRaftLogWorker: created new log segment /workdir/hadoop-ozone/integration-test/target/test-dir/MiniOzoneClusterImpl-282ca255-90b9-400f-9396-be8b440faf89/datanode-5/data/ratis/e3be7762-4b8a-480e-a54a-11c37c4acbe8/current/log_inprogress_0
2019-10-07 16:31:38,490 [Thread-2386] INFO  impl.FollowerState (FollowerState.java:run(108)) - 49bc73f1-d7aa-4cbb-8d7b-df111d92bf34@group-6A2B1856CF56-FollowerState: change to CANDIDATE, lastRpcTime:5001ms, electionTimeout:5001ms
2019-10-07 16:31:38,490 [Thread-2386] INFO  impl.RoleInfo (RoleInfo.java:shutdownFollowerState(121)) - 49bc73f1-d7aa-4cbb-8d7b-df111d92bf34: shutdown FollowerState
2019-10-07 16:31:38,490 [Thread-2386] INFO  impl.RaftServerImpl (RaftServerImpl.java:setRole(170)) - 49bc73f1-d7aa-4cbb-8d7b-df111d92bf34@group-6A2B1856CF56: changes role from  FOLLOWER to CANDIDATE at term 0 for changeToCandidate
2019-10-07 16:31:38,490 [Thread-2386] INFO  impl.RoleInfo (RoleInfo.java:updateAndGet(143)) - 49bc73f1-d7aa-4cbb-8d7b-df111d92bf34: start LeaderElection
2019-10-07 16:31:38,508 [49bc73f1-d7aa-4cbb-8d7b-df111d92bf34@group-6A2B1856CF56-LeaderElection75] INFO  impl.LeaderElection (LeaderElection.java:askForVotes(178)) - 49bc73f1-d7aa-4cbb-8d7b-df111d92bf34@group-6A2B1856CF56-LeaderElection75: begin an election at term 1 for -1: [05c8f4f6-3789-4a42-8e33-a3ac943b7408:192.168.164.193:37038, 6c37230c-264c-4d92-bd89-3437c7e9fb14:192.168.164.193:36192, 49bc73f1-d7aa-4cbb-8d7b-df111d92bf34:192.168.164.193:46395], old=null
2019-10-07 16:31:38,515 [grpc-default-executor-1] INFO  impl.RaftServerImpl (RaftServerImpl.java:setRole(170)) - 05c8f4f6-3789-4a42-8e33-a3ac943b7408@group-6A2B1856CF56: changes role from  FOLLOWER to FOLLOWER at term 1 for recognizeCandidate:49bc73f1-d7aa-4cbb-8d7b-df111d92bf34
2019-10-07 16:31:38,515 [grpc-default-executor-5] INFO  impl.RaftServerImpl (RaftServerImpl.java:setRole(170)) - 6c37230c-264c-4d92-bd89-3437c7e9fb14@group-6A2B1856CF56: changes role from  FOLLOWER to FOLLOWER at term 1 for recognizeCandidate:49bc73f1-d7aa-4cbb-8d7b-df111d92bf34
2019-10-07 16:31:38,515 [grpc-default-executor-1] INFO  impl.RoleInfo (RoleInfo.java:shutdownFollowerState(121)) - 05c8f4f6-3789-4a42-8e33-a3ac943b7408: shutdown FollowerState
2019-10-07 16:31:38,515 [Thread-2380] INFO  impl.FollowerState (FollowerState.java:run(108)) - 49bc73f1-d7aa-4cbb-8d7b-df111d92bf34@group-2CAC1692AE86-FollowerState: change to CANDIDATE, lastRpcTime:5145ms, electionTimeout:5145ms
2019-10-07 16:31:38,516 [grpc-default-executor-1] INFO  impl.RoleInfo (RoleInfo.java:updateAndGet(143)) - 05c8f4f6-3789-4a42-8e33-a3ac943b7408: start FollowerState
2019-10-07 16:31:38,515 [grpc-default-executor-5] INFO  impl.RoleInfo (RoleInfo.java:shutdownFollowerState(121)) - 6c37230c-264c-4d92-bd89-3437c7e9fb14: shutdown FollowerState
2019-10-07 16:31:38,516 [Thread-2391] INFO  impl.FollowerState (FollowerState.java:run(117)) - 05c8f4f6-3789-4a42-8e33-a3ac943b7408@group-6A2B1856CF56-FollowerState was interrupted: java.lang.InterruptedException: sleep interrupted
2019-10-07 16:31:38,516 [Thread-2380] INFO  impl.RoleInfo (RoleInfo.java:shutdownFollowerState(121)) - 49bc73f1-d7aa-4cbb-8d7b-df111d92bf34: shutdown FollowerState
2019-10-07 16:31:38,516 [Thread-2390] INFO  impl.FollowerState (FollowerState.java:run(117)) - 6c37230c-264c-4d92-bd89-3437c7e9fb14@group-6A2B1856CF56-FollowerState was interrupted: java.lang.InterruptedException: sleep interrupted
2019-10-07 16:31:38,516 [grpc-default-executor-5] INFO  impl.RoleInfo (RoleInfo.java:updateAndGet(143)) - 6c37230c-264c-4d92-bd89-3437c7e9fb14: start FollowerState
2019-10-07 16:31:38,516 [Thread-2380] INFO  impl.RaftServerImpl (RaftServerImpl.java:setRole(170)) - 49bc73f1-d7aa-4cbb-8d7b-df111d92bf34@group-2CAC1692AE86: changes role from  FOLLOWER to CANDIDATE at term 0 for changeToCandidate
2019-10-07 16:31:38,517 [Thread-2380] INFO  impl.RoleInfo (RoleInfo.java:updateAndGet(143)) - 49bc73f1-d7aa-4cbb-8d7b-df111d92bf34: start LeaderElection
2019-10-07 16:31:38,530 [49bc73f1-d7aa-4cbb-8d7b-df111d92bf34@group-2CAC1692AE86-LeaderElection76] INFO  impl.LeaderElection (LeaderElection.java:askForVotes(178)) - 49bc73f1-d7aa-4cbb-8d7b-df111d92bf34@group-2CAC1692AE86-LeaderElection76: begin an election at term 1 for -1: [49bc73f1-d7aa-4cbb-8d7b-df111d92bf34:192.168.164.193:46395], old=null
2019-10-07 16:31:38,530 [49bc73f1-d7aa-4cbb-8d7b-df111d92bf34@group-2CAC1692AE86-LeaderElection76] INFO  impl.RoleInfo (RoleInfo.java:shutdownLeaderElection(134)) - 49bc73f1-d7aa-4cbb-8d7b-df111d92bf34: shutdown LeaderElection
2019-10-07 16:31:38,530 [49bc73f1-d7aa-4cbb-8d7b-df111d92bf34@group-2CAC1692AE86-LeaderElection76] INFO  impl.RaftServerImpl (RaftServerImpl.java:setRole(170)) - 49bc73f1-d7aa-4cbb-8d7b-df111d92bf34@group-2CAC1692AE86: changes role from CANDIDATE to LEADER at term 1 for changeToLeader
2019-10-07 16:31:38,530 [49bc73f1-d7aa-4cbb-8d7b-df111d92bf34@group-2CAC1692AE86-LeaderElection76] INFO  impl.RaftServerImpl (ServerState.java:setLeader(255)) - 49bc73f1-d7aa-4cbb-8d7b-df111d92bf34@group-2CAC1692AE86: change Leader from null to 49bc73f1-d7aa-4cbb-8d7b-df111d92bf34 at term 1 for becomeLeader, leader elected after 5169ms
2019-10-07 16:31:38,530 [49bc73f1-d7aa-4cbb-8d7b-df111d92bf34@group-2CAC1692AE86-LeaderElection76] INFO  server.RaftServerConfigKeys (ConfUtils.java:logGet(43)) - raft.server.staging.catchup.gap = 1000 (default)
2019-10-07 16:31:38,530 [49bc73f1-d7aa-4cbb-8d7b-df111d92bf34@group-2CAC1692AE86-LeaderElection76] INFO  server.RaftServerConfigKeys (ConfUtils.java:logGet(43)) - raft.server.rpc.sleep.time = 25ms (default)
2019-10-07 16:31:38,530 [49bc73f1-d7aa-4cbb-8d7b-df111d92bf34@group-2CAC1692AE86-LeaderElection76] INFO  server.RaftServerConfigKeys (ConfUtils.java:logGet(43)) - raft.server.write.element-limit = 4096 (default)
2019-10-07 16:31:38,530 [49bc73f1-d7aa-4cbb-8d7b-df111d92bf34@group-2CAC1692AE86-LeaderElection76] INFO  server.RaftServerConfigKeys (ConfUtils.java:logGet(43)) - raft.server.watch.timeout = 10s (default)
2019-10-07 16:31:38,531 [49bc73f1-d7aa-4cbb-8d7b-df111d92bf34@group-6A2B1856CF56-LeaderElection75] INFO  impl.LeaderElection (LeaderElection.java:logAndReturn(56)) - 49bc73f1-d7aa-4cbb-8d7b-df111d92bf34@group-6A2B1856CF56-LeaderElection75: Election PASSED; received 1 response(s) [49bc73f1-d7aa-4cbb-8d7b-df111d92bf34<-05c8f4f6-3789-4a42-8e33-a3ac943b7408#0:OK-t1] and 0 exception(s); 49bc73f1-d7aa-4cbb-8d7b-df111d92bf34@group-6A2B1856CF56:t1, leader=null, voted=49bc73f1-d7aa-4cbb-8d7b-df111d92bf34, raftlog=49bc73f1-d7aa-4cbb-8d7b-df111d92bf34@group-6A2B1856CF56-SegmentedRaftLog:OPENED:c-1,f-1,i0, conf=-1: [05c8f4f6-3789-4a42-8e33-a3ac943b7408:192.168.164.193:37038, 6c37230c-264c-4d92-bd89-3437c7e9fb14:192.168.164.193:36192, 49bc73f1-d7aa-4cbb-8d7b-df111d92bf34:192.168.164.193:46395], old=null
2019-10-07 16:31:38,531 [49bc73f1-d7aa-4cbb-8d7b-df111d92bf34@group-2CAC1692AE86-LeaderElection76] INFO  server.RaftServerConfigKeys (ConfUtils.java:logGet(43)) - raft.server.watch.timeout.denomination = 1s (default)
2019-10-07 16:31:38,531 [49bc73f1-d7aa-4cbb-8d7b-df111d92bf34@group-6A2B1856CF56-LeaderElection75] INFO  impl.RoleInfo (RoleInfo.java:shutdownLeaderElection(134)) - 49bc73f1-d7aa-4cbb-8d7b-df111d92bf34: shutdown LeaderElection
2019-10-07 16:31:38,531 [49bc73f1-d7aa-4cbb-8d7b-df111d92bf34@group-2CAC1692AE86-LeaderElection76] INFO  server.RaftServerConfigKeys (ConfUtils.java:logGet(43)) - raft.server.watch.element-limit = 65536 (default)
2019-10-07 16:31:38,532 [49bc73f1-d7aa-4cbb-8d7b-df111d92bf34@group-6A2B1856CF56-LeaderElection75] INFO  impl.RaftServerImpl (RaftServerImpl.java:setRole(170)) - 49bc73f1-d7aa-4cbb-8d7b-df111d92bf34@group-6A2B1856CF56: changes role from CANDIDATE to LEADER at term 1 for changeToLeader
2019-10-07 16:31:38,533 [49bc73f1-d7aa-4cbb-8d7b-df111d92bf34@group-6A2B1856CF56-LeaderElection75] INFO  impl.RaftServerImpl (ServerState.java:setLeader(255)) - 49bc73f1-d7aa-4cbb-8d7b-df111d92bf34@group-6A2B1856CF56: change Leader from null to 49bc73f1-d7aa-4cbb-8d7b-df111d92bf34 at term 1 for becomeLeader, leader elected after 5052ms
2019-10-07 16:31:38,533 [49bc73f1-d7aa-4cbb-8d7b-df111d92bf34@group-6A2B1856CF56-LeaderElection75] INFO  server.RaftServerConfigKeys (ConfUtils.java:logGet(43)) - raft.server.staging.catchup.gap = 1000 (default)
2019-10-07 16:31:38,533 [49bc73f1-d7aa-4cbb-8d7b-df111d92bf34@group-6A2B1856CF56-LeaderElection75] INFO  server.RaftServerConfigKeys (ConfUtils.java:logGet(43)) - raft.server.rpc.sleep.time = 25ms (default)
2019-10-07 16:31:38,533 [49bc73f1-d7aa-4cbb-8d7b-df111d92bf34@group-6A2B1856CF56-LeaderElection75] INFO  server.RaftServerConfigKeys (ConfUtils.java:logGet(43)) - raft.server.write.element-limit = 4096 (default)
2019-10-07 16:31:38,533 [49bc73f1-d7aa-4cbb-8d7b-df111d92bf34@group-6A2B1856CF56-LeaderElection75] INFO  server.RaftServerConfigKeys (ConfUtils.java:logGet(43)) - raft.server.watch.timeout = 10s (default)
2019-10-07 16:31:38,533 [49bc73f1-d7aa-4cbb-8d7b-df111d92bf34@group-6A2B1856CF56-LeaderElection75] INFO  server.RaftServerConfigKeys (ConfUtils.java:logGet(43)) - raft.server.watch.timeout.denomination = 1s (default)
2019-10-07 16:31:38,533 [49bc73f1-d7aa-4cbb-8d7b-df111d92bf34@group-6A2B1856CF56-LeaderElection75] INFO  server.RaftServerConfigKeys (ConfUtils.java:logGet(43)) - raft.server.watch.element-limit = 65536 (default)
2019-10-07 16:31:38,534 [49bc73f1-d7aa-4cbb-8d7b-df111d92bf34@group-2CAC1692AE86-LeaderElection76] INFO  impl.RoleInfo (RoleInfo.java:updateAndGet(143)) - 49bc73f1-d7aa-4cbb-8d7b-df111d92bf34: start LeaderState
2019-10-07 16:31:38,534 [49bc73f1-d7aa-4cbb-8d7b-df111d92bf34@group-2CAC1692AE86-LeaderElection76] INFO  segmented.SegmentedRaftLogWorker (SegmentedRaftLogWorker.java:startLogSegment(385)) - 49bc73f1-d7aa-4cbb-8d7b-df111d92bf34@group-2CAC1692AE86-SegmentedRaftLogWorker: Starting segment from index:0
2019-10-07 16:31:38,534 [49bc73f1-d7aa-4cbb-8d7b-df111d92bf34@group-2CAC1692AE86-LeaderElection76] INFO  impl.RaftServerImpl (ServerState.java:setRaftConf(356)) - 49bc73f1-d7aa-4cbb-8d7b-df111d92bf34@group-2CAC1692AE86: set configuration 0: [49bc73f1-d7aa-4cbb-8d7b-df111d92bf34:192.168.164.193:46395], old=null at 0
2019-10-07 16:31:38,534 [49bc73f1-d7aa-4cbb-8d7b-df111d92bf34@group-6A2B1856CF56-LeaderElection75] INFO  server.RaftServerConfigKeys (ConfUtils.java:logGet(43)) - raft.server.log.appender.snapshot.chunk.size.max = 16MB (=16777216) (default)
2019-10-07 16:31:38,534 [49bc73f1-d7aa-4cbb-8d7b-df111d92bf34@group-6A2B1856CF56-LeaderElection75] INFO  server.RaftServerConfigKeys (ConfUtils.java:logGet(43)) - raft.server.log.appender.buffer.byte-limit = 33554432 (custom)
2019-10-07 16:31:38,535 [49bc73f1-d7aa-4cbb-8d7b-df111d92bf34@group-6A2B1856CF56-LeaderElection75] INFO  server.RaftServerConfigKeys (ConfUtils.java:logGet(43)) - raft.server.log.appender.buffer.element-limit = 1 (custom)
2019-10-07 16:31:38,535 [49bc73f1-d7aa-4cbb-8d7b-df111d92bf34@group-6A2B1856CF56-LeaderElection75] INFO  grpc.GrpcConfigKeys$Server (ConfUtils.java:logGet(43)) - raft.grpc.server.leader.outstanding.appends.max = 128 (default)
2019-10-07 16:31:38,535 [49bc73f1-d7aa-4cbb-8d7b-df111d92bf34@group-6A2B1856CF56-LeaderElection75] INFO  server.RaftServerConfigKeys (ConfUtils.java:logGet(43)) - raft.server.rpc.request.timeout = 3000ms (default)
2019-10-07 16:31:38,535 [49bc73f1-d7aa-4cbb-8d7b-df111d92bf34@group-6A2B1856CF56-LeaderElection75] INFO  server.RaftServerConfigKeys (ConfUtils.java:logGet(43)) - raft.server.log.appender.install.snapshot.enabled = false (custom)
2019-10-07 16:31:38,535 [49bc73f1-d7aa-4cbb-8d7b-df111d92bf34@group-6A2B1856CF56-LeaderElection75] INFO  server.RaftServerConfigKeys (ConfUtils.java:logGet(43)) - raft.server.log.appender.snapshot.chunk.size.max = 16MB (=16777216) (default)
2019-10-07 16:31:38,535 [49bc73f1-d7aa-4cbb-8d7b-df111d92bf34@group-6A2B1856CF56-LeaderElection75] INFO  server.RaftServerConfigKeys (ConfUtils.java:logGet(43)) - raft.server.log.appender.buffer.byte-limit = 33554432 (custom)
2019-10-07 16:31:38,535 [49bc73f1-d7aa-4cbb-8d7b-df111d92bf34@group-6A2B1856CF56-LeaderElection75] INFO  server.RaftServerConfigKeys (ConfUtils.java:logGet(43)) - raft.server.log.appender.buffer.element-limit = 1 (custom)
2019-10-07 16:31:38,535 [Thread-2383] INFO  impl.FollowerState (FollowerState.java:run(108)) - 768c20c9-c7cd-4076-acb2-468c5f336818@group-E144F9CF8AEB-FollowerState: change to CANDIDATE, lastRpcTime:5117ms, electionTimeout:5117ms
2019-10-07 16:31:38,535 [49bc73f1-d7aa-4cbb-8d7b-df111d92bf34@group-6A2B1856CF56-LeaderElection75] INFO  grpc.GrpcConfigKeys$Server (ConfUtils.java:logGet(43)) - raft.grpc.server.leader.outstanding.appends.max = 128 (default)
2019-10-07 16:31:38,536 [Thread-2383] INFO  impl.RoleInfo (RoleInfo.java:shutdownFollowerState(121)) - 768c20c9-c7cd-4076-acb2-468c5f336818: shutdown FollowerState
2019-10-07 16:31:38,536 [49bc73f1-d7aa-4cbb-8d7b-df111d92bf34@group-6A2B1856CF56-LeaderElection75] INFO  server.RaftServerConfigKeys (ConfUtils.java:logGet(43)) - raft.server.rpc.request.timeout = 3000ms (default)
2019-10-07 16:31:38,536 [Thread-2383] INFO  impl.RaftServerImpl (RaftServerImpl.java:setRole(170)) - 768c20c9-c7cd-4076-acb2-468c5f336818@group-E144F9CF8AEB: changes role from  FOLLOWER to CANDIDATE at term 0 for changeToCandidate
2019-10-07 16:31:38,536 [49bc73f1-d7aa-4cbb-8d7b-df111d92bf34@group-6A2B1856CF56-LeaderElection75] INFO  server.RaftServerConfigKeys (ConfUtils.java:logGet(43)) - raft.server.log.appender.install.snapshot.enabled = false (custom)
2019-10-07 16:31:38,536 [Thread-2383] INFO  impl.RoleInfo (RoleInfo.java:updateAndGet(143)) - 768c20c9-c7cd-4076-acb2-468c5f336818: start LeaderElection
2019-10-07 16:31:38,536 [49bc73f1-d7aa-4cbb-8d7b-df111d92bf34@group-6A2B1856CF56-LeaderElection75] INFO  impl.RoleInfo (RoleInfo.java:updateAndGet(143)) - 49bc73f1-d7aa-4cbb-8d7b-df111d92bf34: start LeaderState
2019-10-07 16:31:38,536 [49bc73f1-d7aa-4cbb-8d7b-df111d92bf34@group-6A2B1856CF56-LeaderElection75] INFO  segmented.SegmentedRaftLogWorker (SegmentedRaftLogWorker.java:startLogSegment(385)) - 49bc73f1-d7aa-4cbb-8d7b-df111d92bf34@group-6A2B1856CF56-SegmentedRaftLogWorker: Starting segment from index:0
2019-10-07 16:31:38,567 [49bc73f1-d7aa-4cbb-8d7b-df111d92bf34@group-6A2B1856CF56-LeaderElection75] INFO  impl.RaftServerImpl (ServerState.java:setRaftConf(356)) - 49bc73f1-d7aa-4cbb-8d7b-df111d92bf34@group-6A2B1856CF56: set configuration 0: [05c8f4f6-3789-4a42-8e33-a3ac943b7408:192.168.164.193:37038, 6c37230c-264c-4d92-bd89-3437c7e9fb14:192.168.164.193:36192, 49bc73f1-d7aa-4cbb-8d7b-df111d92bf34:192.168.164.193:46395], old=null at 0
2019-10-07 16:31:38,592 [49bc73f1-d7aa-4cbb-8d7b-df111d92bf34@group-2CAC1692AE86-SegmentedRaftLogWorker] INFO  segmented.SegmentedRaftLogWorker (SegmentedRaftLogWorker.java:execute(574)) - 49bc73f1-d7aa-4cbb-8d7b-df111d92bf34@group-2CAC1692AE86-SegmentedRaftLogWorker: created new log segment /workdir/hadoop-ozone/integration-test/target/test-dir/MiniOzoneClusterImpl-282ca255-90b9-400f-9396-be8b440faf89/datanode-6/data/ratis/3cd3e5b7-2abc-4df6-83ba-2cac1692ae86/current/log_inprogress_0
2019-10-07 16:31:38,592 [768c20c9-c7cd-4076-acb2-468c5f336818@group-E144F9CF8AEB-LeaderElection77] INFO  impl.LeaderElection (LeaderElection.java:askForVotes(178)) - 768c20c9-c7cd-4076-acb2-468c5f336818@group-E144F9CF8AEB-LeaderElection77: begin an election at term 1 for -1: [768c20c9-c7cd-4076-acb2-468c5f336818:192.168.164.193:34778], old=null
2019-10-07 16:31:38,593 [768c20c9-c7cd-4076-acb2-468c5f336818@group-E144F9CF8AEB-LeaderElection77] INFO  impl.RoleInfo (RoleInfo.java:shutdownLeaderElection(134)) - 768c20c9-c7cd-4076-acb2-468c5f336818: shutdown LeaderElection
2019-10-07 16:31:38,593 [768c20c9-c7cd-4076-acb2-468c5f336818@group-E144F9CF8AEB-LeaderElection77] INFO  impl.RaftServerImpl (RaftServerImpl.java:setRole(170)) - 768c20c9-c7cd-4076-acb2-468c5f336818@group-E144F9CF8AEB: changes role from CANDIDATE to LEADER at term 1 for changeToLeader
2019-10-07 16:31:38,614 [grpc-default-executor-5] INFO  impl.RaftServerImpl (ServerState.java:setLeader(255)) - 6c37230c-264c-4d92-bd89-3437c7e9fb14@group-6A2B1856CF56: change Leader from null to 49bc73f1-d7aa-4cbb-8d7b-df111d92bf34 at term 1 for appendEntries, leader elected after 5109ms
2019-10-07 16:31:38,614 [49bc73f1-d7aa-4cbb-8d7b-df111d92bf34@group-6A2B1856CF56-SegmentedRaftLogWorker] INFO  segmented.SegmentedRaftLogWorker (SegmentedRaftLogWorker.java:execute(574)) - 49bc73f1-d7aa-4cbb-8d7b-df111d92bf34@group-6A2B1856CF56-SegmentedRaftLogWorker: created new log segment /workdir/hadoop-ozone/integration-test/target/test-dir/MiniOzoneClusterImpl-282ca255-90b9-400f-9396-be8b440faf89/datanode-6/data/ratis/8ff4e509-ec1d-4b2f-a47c-6a2b1856cf56/current/log_inprogress_0
2019-10-07 16:31:38,614 [grpc-default-executor-1] INFO  impl.RaftServerImpl (ServerState.java:setLeader(255)) - 05c8f4f6-3789-4a42-8e33-a3ac943b7408@group-6A2B1856CF56: change Leader from null to 49bc73f1-d7aa-4cbb-8d7b-df111d92bf34 at term 1 for appendEntries, leader elected after 5131ms
2019-10-07 16:31:38,614 [768c20c9-c7cd-4076-acb2-468c5f336818@group-E144F9CF8AEB-LeaderElection77] INFO  impl.RaftServerImpl (ServerState.java:setLeader(255)) - 768c20c9-c7cd-4076-acb2-468c5f336818@group-E144F9CF8AEB: change Leader from null to 768c20c9-c7cd-4076-acb2-468c5f336818 at term 1 for becomeLeader, leader elected after 5203ms
2019-10-07 16:31:38,615 [768c20c9-c7cd-4076-acb2-468c5f336818@group-E144F9CF8AEB-LeaderElection77] INFO  server.RaftServerConfigKeys (ConfUtils.java:logGet(43)) - raft.server.staging.catchup.gap = 1000 (default)
2019-10-07 16:31:38,622 [768c20c9-c7cd-4076-acb2-468c5f336818@group-E144F9CF8AEB-LeaderElection77] INFO  server.RaftServerConfigKeys (ConfUtils.java:logGet(43)) - raft.server.rpc.sleep.time = 25ms (default)
2019-10-07 16:31:38,622 [768c20c9-c7cd-4076-acb2-468c5f336818@group-E144F9CF8AEB-LeaderElection77] INFO  server.RaftServerConfigKeys (ConfUtils.java:logGet(43)) - raft.server.write.element-limit = 4096 (default)
2019-10-07 16:31:38,622 [768c20c9-c7cd-4076-acb2-468c5f336818@group-E144F9CF8AEB-LeaderElection77] INFO  server.RaftServerConfigKeys (ConfUtils.java:logGet(43)) - raft.server.watch.timeout = 10s (default)
2019-10-07 16:31:38,622 [768c20c9-c7cd-4076-acb2-468c5f336818@group-E144F9CF8AEB-LeaderElection77] INFO  server.RaftServerConfigKeys (ConfUtils.java:logGet(43)) - raft.server.watch.timeout.denomination = 1s (default)
2019-10-07 16:31:38,622 [768c20c9-c7cd-4076-acb2-468c5f336818@group-E144F9CF8AEB-LeaderElection77] INFO  server.RaftServerConfigKeys (ConfUtils.java:logGet(43)) - raft.server.watch.element-limit = 65536 (default)
2019-10-07 16:31:38,623 [grpc-default-executor-1] INFO  impl.RaftServerImpl (ServerState.java:setRaftConf(356)) - 6c37230c-264c-4d92-bd89-3437c7e9fb14@group-6A2B1856CF56: set configuration 0: [05c8f4f6-3789-4a42-8e33-a3ac943b7408:192.168.164.193:37038, 6c37230c-264c-4d92-bd89-3437c7e9fb14:192.168.164.193:36192, 49bc73f1-d7aa-4cbb-8d7b-df111d92bf34:192.168.164.193:46395], old=null at 0
2019-10-07 16:31:38,623 [grpc-default-executor-2] INFO  impl.RaftServerImpl (ServerState.java:setRaftConf(356)) - 05c8f4f6-3789-4a42-8e33-a3ac943b7408@group-6A2B1856CF56: set configuration 0: [05c8f4f6-3789-4a42-8e33-a3ac943b7408:192.168.164.193:37038, 6c37230c-264c-4d92-bd89-3437c7e9fb14:192.168.164.193:36192, 49bc73f1-d7aa-4cbb-8d7b-df111d92bf34:192.168.164.193:46395], old=null at 0
2019-10-07 16:31:38,623 [grpc-default-executor-1] INFO  segmented.SegmentedRaftLogWorker (SegmentedRaftLogWorker.java:startLogSegment(385)) - 6c37230c-264c-4d92-bd89-3437c7e9fb14@group-6A2B1856CF56-SegmentedRaftLogWorker: Starting segment from index:0
2019-10-07 16:31:38,623 [grpc-default-executor-2] INFO  segmented.SegmentedRaftLogWorker (SegmentedRaftLogWorker.java:startLogSegment(385)) - 05c8f4f6-3789-4a42-8e33-a3ac943b7408@group-6A2B1856CF56-SegmentedRaftLogWorker: Starting segment from index:0
2019-10-07 16:31:38,627 [768c20c9-c7cd-4076-acb2-468c5f336818@group-E144F9CF8AEB-LeaderElection77] INFO  impl.RoleInfo (RoleInfo.java:updateAndGet(143)) - 768c20c9-c7cd-4076-acb2-468c5f336818: start LeaderState
2019-10-07 16:31:38,628 [768c20c9-c7cd-4076-acb2-468c5f336818@group-E144F9CF8AEB-LeaderElection77] INFO  segmented.SegmentedRaftLogWorker (SegmentedRaftLogWorker.java:startLogSegment(385)) - 768c20c9-c7cd-4076-acb2-468c5f336818@group-E144F9CF8AEB-SegmentedRaftLogWorker: Starting segment from index:0
2019-10-07 16:31:38,665 [768c20c9-c7cd-4076-acb2-468c5f336818@group-E144F9CF8AEB-LeaderElection77] INFO  impl.RaftServerImpl (ServerState.java:setRaftConf(356)) - 768c20c9-c7cd-4076-acb2-468c5f336818@group-E144F9CF8AEB: set configuration 0: [768c20c9-c7cd-4076-acb2-468c5f336818:192.168.164.193:34778], old=null at 0
2019-10-07 16:31:38,677 [05c8f4f6-3789-4a42-8e33-a3ac943b7408@group-6A2B1856CF56-SegmentedRaftLogWorker] INFO  segmented.SegmentedRaftLogWorker (SegmentedRaftLogWorker.java:execute(574)) - 05c8f4f6-3789-4a42-8e33-a3ac943b7408@group-6A2B1856CF56-SegmentedRaftLogWorker: created new log segment /workdir/hadoop-ozone/integration-test/target/test-dir/MiniOzoneClusterImpl-282ca255-90b9-400f-9396-be8b440faf89/datanode-3/data/ratis/8ff4e509-ec1d-4b2f-a47c-6a2b1856cf56/current/log_inprogress_0
2019-10-07 16:31:38,677 [6c37230c-264c-4d92-bd89-3437c7e9fb14@group-6A2B1856CF56-SegmentedRaftLogWorker] INFO  segmented.SegmentedRaftLogWorker (SegmentedRaftLogWorker.java:execute(574)) - 6c37230c-264c-4d92-bd89-3437c7e9fb14@group-6A2B1856CF56-SegmentedRaftLogWorker: created new log segment /workdir/hadoop-ozone/integration-test/target/test-dir/MiniOzoneClusterImpl-282ca255-90b9-400f-9396-be8b440faf89/datanode-5/data/ratis/8ff4e509-ec1d-4b2f-a47c-6a2b1856cf56/current/log_inprogress_0
2019-10-07 16:31:38,723 [768c20c9-c7cd-4076-acb2-468c5f336818@group-E144F9CF8AEB-SegmentedRaftLogWorker] INFO  segmented.SegmentedRaftLogWorker (SegmentedRaftLogWorker.java:execute(574)) - 768c20c9-c7cd-4076-acb2-468c5f336818@group-E144F9CF8AEB-SegmentedRaftLogWorker: created new log segment /workdir/hadoop-ozone/integration-test/target/test-dir/MiniOzoneClusterImpl-282ca255-90b9-400f-9396-be8b440faf89/datanode-4/data/ratis/d8a3eb40-3033-4adc-b967-e144f9cf8aeb/current/log_inprogress_0
2019-10-07 16:31:39,806 [Datanode State Machine Thread - 0] INFO  statemachine.DatanodeStateMachine (DatanodeStateMachine.java:lambda$startDaemon$0(350)) - Ozone container server started.
2019-10-07 16:31:43,831 [main] INFO  ozoneimpl.OzoneContainer (OzoneContainer.java:stop(231)) - Attempting to stop container services.
2019-10-07 16:31:43,833 [main] INFO  impl.RaftServerProxy (RaftServerProxy.java:lambda$close$4(314)) - 81d468c2-b3b1-4678-ad7f-631d279e93f2: close
2019-10-07 16:31:43,833 [main] INFO  impl.RaftServerImpl (RaftServerImpl.java:lambda$shutdown$3(247)) - 81d468c2-b3b1-4678-ad7f-631d279e93f2@group-1806836F5742: shutdown
2019-10-07 16:31:43,834 [ForkJoinPool.commonPool-worker-1] INFO  impl.RaftServerImpl (RaftServerImpl.java:lambda$shutdown$3(247)) - 81d468c2-b3b1-4678-ad7f-631d279e93f2@group-DE2322A94E4A: shutdown
2019-10-07 16:31:43,834 [main] INFO  util.JmxRegister (JmxRegister.java:unregister(73)) - Successfully un-registered JMX Bean with object name Ratis:service=RaftServer,group=group-1806836F5742,id=81d468c2-b3b1-4678-ad7f-631d279e93f2
2019-10-07 16:31:43,834 [ForkJoinPool.commonPool-worker-1] INFO  util.JmxRegister (JmxRegister.java:unregister(73)) - Successfully un-registered JMX Bean with object name Ratis:service=RaftServer,group=group-DE2322A94E4A,id=81d468c2-b3b1-4678-ad7f-631d279e93f2
2019-10-07 16:31:43,835 [main] INFO  impl.RoleInfo (RoleInfo.java:shutdownLeaderState(104)) - 81d468c2-b3b1-4678-ad7f-631d279e93f2: shutdown LeaderState
2019-10-07 16:31:43,835 [ForkJoinPool.commonPool-worker-1] INFO  impl.RoleInfo (RoleInfo.java:shutdownFollowerState(121)) - 81d468c2-b3b1-4678-ad7f-631d279e93f2: shutdown FollowerState
2019-10-07 16:31:43,835 [main] INFO  impl.PendingRequests (PendingRequests.java:sendNotLeaderResponses(202)) - 81d468c2-b3b1-4678-ad7f-631d279e93f2@group-1806836F5742-PendingRequests: sendNotLeaderResponses
2019-10-07 16:31:43,835 [Thread-2417] INFO  impl.FollowerState (FollowerState.java:run(117)) - 81d468c2-b3b1-4678-ad7f-631d279e93f2@group-DE2322A94E4A-FollowerState was interrupted: java.lang.InterruptedException: sleep interrupted
2019-10-07 16:31:43,835 [ForkJoinPool.commonPool-worker-1] INFO  impl.StateMachineUpdater (StateMachineUpdater.java:stopAndJoin(136)) - 81d468c2-b3b1-4678-ad7f-631d279e93f2@group-DE2322A94E4A-StateMachineUpdater: set stopIndex = 2
2019-10-07 16:31:43,836 [main] INFO  impl.StateMachineUpdater (StateMachineUpdater.java:stopAndJoin(136)) - 81d468c2-b3b1-4678-ad7f-631d279e93f2@group-1806836F5742-StateMachineUpdater: set stopIndex = 0
2019-10-07 16:31:43,836 [81d468c2-b3b1-4678-ad7f-631d279e93f2@group-DE2322A94E4A-StateMachineUpdater] INFO  ratis.ContainerStateMachine (ContainerStateMachine.java:takeSnapshot(294)) - group-DE2322A94E4A: Taking a snapshot at:(t:1, i:1) file /workdir/hadoop-ozone/integration-test/target/test-dir/MiniOzoneClusterImpl-282ca255-90b9-400f-9396-be8b440faf89/datanode-2/data/ratis/f02f57e4-7dd1-4184-85e4-de2322a94e4a/sm/snapshot.1_1
2019-10-07 16:31:43,837 [main] INFO  impl.RaftServerImpl (ServerState.java:close(387)) - 81d468c2-b3b1-4678-ad7f-631d279e93f2@group-1806836F5742: closes. applyIndex: 0
2019-10-07 16:31:43,838 [81d468c2-b3b1-4678-ad7f-631d279e93f2@group-1806836F5742-SegmentedRaftLogWorker] INFO  segmented.SegmentedRaftLogWorker (SegmentedRaftLogWorker.java:run(316)) - 81d468c2-b3b1-4678-ad7f-631d279e93f2@group-1806836F5742-SegmentedRaftLogWorker was interrupted, exiting. There are 0 tasks remaining in the queue.
2019-10-07 16:31:43,848 [main] INFO  segmented.SegmentedRaftLogWorker (SegmentedRaftLogWorker.java:close(224)) - 81d468c2-b3b1-4678-ad7f-631d279e93f2@group-1806836F5742-SegmentedRaftLogWorker close()
2019-10-07 16:31:43,855 [81d468c2-b3b1-4678-ad7f-631d279e93f2@group-DE2322A94E4A-StateMachineUpdater] INFO  ratis.ContainerStateMachine (ContainerStateMachine.java:takeSnapshot(305)) - group-DE2322A94E4A: Finished taking a snapshot at:(t:1, i:1) file:/workdir/hadoop-ozone/integration-test/target/test-dir/MiniOzoneClusterImpl-282ca255-90b9-400f-9396-be8b440faf89/datanode-2/data/ratis/f02f57e4-7dd1-4184-85e4-de2322a94e4a/sm/snapshot.1_1 time:16
2019-10-07 16:31:43,856 [81d468c2-b3b1-4678-ad7f-631d279e93f2@group-DE2322A94E4A-StateMachineUpdater] INFO  impl.StateMachineUpdater (StateMachineUpdater.java:takeSnapshot(269)) - 81d468c2-b3b1-4678-ad7f-631d279e93f2@group-DE2322A94E4A-StateMachineUpdater: Took a snapshot at index 1
2019-10-07 16:31:43,856 [81d468c2-b3b1-4678-ad7f-631d279e93f2@group-DE2322A94E4A-StateMachineUpdater] INFO  impl.StateMachineUpdater (StateMachineUpdater.java:lambda$new$0(84)) - 81d468c2-b3b1-4678-ad7f-631d279e93f2@group-DE2322A94E4A-StateMachineUpdater: snapshotIndex: updateIncreasingly -1 -> 1
2019-10-07 16:31:43,857 [81d468c2-b3b1-4678-ad7f-631d279e93f2@group-DE2322A94E4A-StateMachineUpdater] INFO  ratis.ContainerStateMachine (ContainerStateMachine.java:takeSnapshot(294)) - group-DE2322A94E4A: Taking a snapshot at:(t:1, i:1) file /workdir/hadoop-ozone/integration-test/target/test-dir/MiniOzoneClusterImpl-282ca255-90b9-400f-9396-be8b440faf89/datanode-2/data/ratis/f02f57e4-7dd1-4184-85e4-de2322a94e4a/sm/snapshot.1_1
2019-10-07 16:31:43,869 [81d468c2-b3b1-4678-ad7f-631d279e93f2@group-DE2322A94E4A-StateMachineUpdater] INFO  ratis.ContainerStateMachine (ContainerStateMachine.java:takeSnapshot(305)) - group-DE2322A94E4A: Finished taking a snapshot at:(t:1, i:1) file:/workdir/hadoop-ozone/integration-test/target/test-dir/MiniOzoneClusterImpl-282ca255-90b9-400f-9396-be8b440faf89/datanode-2/data/ratis/f02f57e4-7dd1-4184-85e4-de2322a94e4a/sm/snapshot.1_1 time:13
2019-10-07 16:31:43,870 [81d468c2-b3b1-4678-ad7f-631d279e93f2@group-DE2322A94E4A-StateMachineUpdater] INFO  impl.StateMachineUpdater (StateMachineUpdater.java:takeSnapshot(269)) - 81d468c2-b3b1-4678-ad7f-631d279e93f2@group-DE2322A94E4A-StateMachineUpdater: Took a snapshot at index 1
2019-10-07 16:31:43,870 [81d468c2-b3b1-4678-ad7f-631d279e93f2@group-DE2322A94E4A-StateMachineUpdater] INFO  impl.StateMachineUpdater (StateMachineUpdater.java:lambda$new$0(84)) - 81d468c2-b3b1-4678-ad7f-631d279e93f2@group-DE2322A94E4A-StateMachineUpdater: snapshotIndex: updateIncreasingly 1 -> 1
2019-10-07 16:31:43,870 [ForkJoinPool.commonPool-worker-1] INFO  impl.RaftServerImpl (ServerState.java:close(387)) - 81d468c2-b3b1-4678-ad7f-631d279e93f2@group-DE2322A94E4A: closes. applyIndex: 2
2019-10-07 16:31:43,871 [81d468c2-b3b1-4678-ad7f-631d279e93f2@group-DE2322A94E4A-SegmentedRaftLogWorker] INFO  segmented.SegmentedRaftLogWorker (SegmentedRaftLogWorker.java:run(316)) - 81d468c2-b3b1-4678-ad7f-631d279e93f2@group-DE2322A94E4A-SegmentedRaftLogWorker was interrupted, exiting. There are 0 tasks remaining in the queue.
2019-10-07 16:31:43,874 [ForkJoinPool.commonPool-worker-1] INFO  segmented.SegmentedRaftLogWorker (SegmentedRaftLogWorker.java:close(224)) - 81d468c2-b3b1-4678-ad7f-631d279e93f2@group-DE2322A94E4A-SegmentedRaftLogWorker close()
2019-10-07 16:31:43,879 [main] INFO  server.GrpcService (GrpcService.java:closeImpl(164)) - 81d468c2-b3b1-4678-ad7f-631d279e93f2: shutdown server with port 46060 now
2019-10-07 16:31:43,880 [grpc-default-executor-2] WARN  server.GrpcServerProtocolService (LogUtils.java:warn(134)) - 81d468c2-b3b1-4678-ad7f-631d279e93f2: installSnapshot onError, lastRequest: eacbd12f-3dc1-4d15-8836-2a69dd1ab512->81d468c2-b3b1-4678-ad7f-631d279e93f2#5-t1, previous=(t:1, i:2), leaderCommit=2, initializing? false, entries: <empty>: org.apache.ratis.thirdparty.io.grpc.StatusRuntimeException: CANCELLED: cancelled before receiving half close
2019-10-07 16:31:43,880 [grpc-default-executor-5] WARN  server.GrpcLogAppender (LogUtils.java:warn(134)) - eacbd12f-3dc1-4d15-8836-2a69dd1ab512@group-DE2322A94E4A->81d468c2-b3b1-4678-ad7f-631d279e93f2-AppendLogResponseHandler: Failed appendEntries: org.apache.ratis.thirdparty.io.grpc.StatusRuntimeException: CANCELLED: HTTP/2 error code: CANCEL
Received Rst Stream
2019-10-07 16:31:43,880 [main] INFO  server.GrpcService (GrpcService.java:closeImpl(172)) - 81d468c2-b3b1-4678-ad7f-631d279e93f2: shutdown server with port 46060 successfully
2019-10-07 16:31:43,881 [grpc-default-executor-5] INFO  impl.FollowerInfo (FollowerInfo.java:lambda$new$0(51)) - eacbd12f-3dc1-4d15-8836-2a69dd1ab512@group-DE2322A94E4A->81d468c2-b3b1-4678-ad7f-631d279e93f2: nextIndex: updateUnconditionally 3 -> 2
2019-10-07 16:31:43,884 [refreshUsed-/workdir/hadoop-ozone/integration-test/target/test-dir/MiniOzoneClusterImpl-282ca255-90b9-400f-9396-be8b440faf89/datanode-2/data/containers] WARN  fs.CachingGetSpaceUsed (CachingGetSpaceUsed.java:run(183)) - Thread Interrupted waiting to refresh disk information: sleep interrupted
2019-10-07 16:31:43,902 [main] INFO  utils.BackgroundService (BackgroundService.java:shutdown(148)) - Shutting down service BlockDeletingService
2019-10-07 16:31:43,908 [main] INFO  statemachine.DatanodeStateMachine (DatanodeStateMachine.java:stopDaemon(395)) - Ozone container server stopped.
2019-10-07 16:31:43,910 [main] INFO  handler.ContextHandler (ContextHandler.java:doStop(910)) - Stopped o.e.j.w.WebAppContext@69a40b3c{/,null,UNAVAILABLE}{/hddsDatanode}
2019-10-07 16:31:43,911 [main] INFO  server.AbstractConnector (AbstractConnector.java:doStop(318)) - Stopped ServerConnector@251c90f{HTTP/1.1,[http/1.1]}{0.0.0.0:0}
2019-10-07 16:31:43,912 [main] INFO  handler.ContextHandler (ContextHandler.java:doStop(910)) - Stopped o.e.j.s.ServletContextHandler@42c12b3e{/static,jar:file:/home/user/.m2/repository/org/apache/hadoop/hadoop-hdds-container-service/0.5.0-SNAPSHOT/hadoop-hdds-container-service-0.5.0-SNAPSHOT.jar!/webapps/static,UNAVAILABLE}
2019-10-07 16:31:43,912 [main] INFO  handler.ContextHandler (ContextHandler.java:doStop(910)) - Stopped o.e.j.s.ServletContextHandler@51e7589f{/logs,file:///workdir/hadoop-ozone/integration-test/target/log,UNAVAILABLE}
2019-10-07 16:31:43,921 [grpc-default-executor-2] WARN  server.GrpcLogAppender (LogUtils.java:warn(134)) - eacbd12f-3dc1-4d15-8836-2a69dd1ab512@group-DE2322A94E4A->81d468c2-b3b1-4678-ad7f-631d279e93f2-AppendLogResponseHandler: Failed appendEntries: org.apache.ratis.thirdparty.io.grpc.StatusRuntimeException: UNAVAILABLE: io exception
2019-10-07 16:31:43,921 [grpc-default-executor-2] INFO  impl.FollowerInfo (FollowerInfo.java:lambda$new$0(51)) - eacbd12f-3dc1-4d15-8836-2a69dd1ab512@group-DE2322A94E4A->81d468c2-b3b1-4678-ad7f-631d279e93f2: nextIndex: updateUnconditionally 3 -> 2
2019-10-07 16:31:43,932 [grpc-default-executor-1] WARN  server.GrpcLogAppender (LogUtils.java:warn(134)) - eacbd12f-3dc1-4d15-8836-2a69dd1ab512@group-DE2322A94E4A->81d468c2-b3b1-4678-ad7f-631d279e93f2-AppendLogResponseHandler: Failed appendEntries: org.apache.ratis.thirdparty.io.grpc.StatusRuntimeException: UNAVAILABLE: io exception
2019-10-07 16:31:43,932 [grpc-default-executor-1] INFO  impl.FollowerInfo (FollowerInfo.java:lambda$new$0(51)) - eacbd12f-3dc1-4d15-8836-2a69dd1ab512@group-DE2322A94E4A->81d468c2-b3b1-4678-ad7f-631d279e93f2: nextIndex: updateUnconditionally 3 -> 2
2019-10-07 16:31:43,943 [grpc-default-executor-2] WARN  server.GrpcLogAppender (LogUtils.java:warn(134)) - eacbd12f-3dc1-4d15-8836-2a69dd1ab512@group-DE2322A94E4A->81d468c2-b3b1-4678-ad7f-631d279e93f2-AppendLogResponseHandler: Failed appendEntries: org.apache.ratis.thirdparty.io.grpc.StatusRuntimeException: UNAVAILABLE: io exception
2019-10-07 16:31:43,944 [grpc-default-executor-2] INFO  impl.FollowerInfo (FollowerInfo.java:lambda$new$0(51)) - eacbd12f-3dc1-4d15-8836-2a69dd1ab512@group-DE2322A94E4A->81d468c2-b3b1-4678-ad7f-631d279e93f2: nextIndex: updateUnconditionally 3 -> 2
2019-10-07 16:31:43,945 [EventQueue-IncrementalContainerReportForIncrementalContainerReportHandler] WARN  container.IncrementalContainerReportHandler (AbstractContainerReportHandler.java:updateContainerState(143)) - Container #1 is in OPEN state, but the datanode eacbd12f-3dc1-4d15-8836-2a69dd1ab512{ip: 192.168.164.193, host: pr-hdds-1737-qktq7-3079564033, networkLocation: /default-rack, certSerialId: null} reports an CLOSING replica.
2019-10-07 16:31:43,946 [EventQueue-IncrementalContainerReportForIncrementalContainerReportHandler] WARN  container.IncrementalContainerReportHandler (AbstractContainerReportHandler.java:updateContainerState(143)) - Container #1 is in OPEN state, but the datanode 99220c91-04f1-4f6c-ba1f-ea25e99228f1{ip: 192.168.164.193, host: pr-hdds-1737-qktq7-3079564033, networkLocation: /default-rack, certSerialId: null} reports an CLOSING replica.
2019-10-07 16:31:44,011 [RatisApplyTransactionExecutor 1] INFO  interfaces.Container (KeyValueContainer.java:flushAndSyncDB(386)) - Container 1 is synced with bcsId 0.
2019-10-07 16:31:44,065 [RatisApplyTransactionExecutor 1] INFO  interfaces.Container (KeyValueContainer.java:flushAndSyncDB(386)) - Container 1 is synced with bcsId 0.
2019-10-07 16:31:44,076 [RatisApplyTransactionExecutor 1] INFO  interfaces.Container (KeyValueContainer.java:flushAndSyncDB(386)) - Container 1 is synced with bcsId 0.
2019-10-07 16:31:44,077 [RatisApplyTransactionExecutor 1] INFO  interfaces.Container (KeyValueContainer.java:flushAndSyncDB(386)) - Container 1 is synced with bcsId 0.
2019-10-07 16:31:44,091 [RatisApplyTransactionExecutor 1] INFO  interfaces.Container (KeyValueContainer.java:close(335)) - Container 1 is closed with bcsId 0.
2019-10-07 16:31:44,091 [RatisApplyTransactionExecutor 1] INFO  interfaces.Container (KeyValueContainer.java:close(335)) - Container 1 is closed with bcsId 0.
2019-10-07 16:31:44,100 [EventQueue-IncrementalContainerReportForIncrementalContainerReportHandler] WARN  container.IncrementalContainerReportHandler (AbstractContainerReportHandler.java:updateContainerState(143)) - Container #1 is in OPEN state, but the datanode 99220c91-04f1-4f6c-ba1f-ea25e99228f1{ip: 192.168.164.193, host: pr-hdds-1737-qktq7-3079564033, networkLocation: /default-rack, certSerialId: null} reports an CLOSED replica.
2019-10-07 16:31:44,100 [EventQueue-IncrementalContainerReportForIncrementalContainerReportHandler] WARN  container.IncrementalContainerReportHandler (AbstractContainerReportHandler.java:updateContainerState(143)) - Container #1 is in OPEN state, but the datanode eacbd12f-3dc1-4d15-8836-2a69dd1ab512{ip: 192.168.164.193, host: pr-hdds-1737-qktq7-3079564033, networkLocation: /default-rack, certSerialId: null} reports an CLOSED replica.
2019-10-07 16:31:46,448 [grpc-default-executor-4] WARN  server.GrpcLogAppender (LogUtils.java:warn(134)) - eacbd12f-3dc1-4d15-8836-2a69dd1ab512@group-DE2322A94E4A->81d468c2-b3b1-4678-ad7f-631d279e93f2-AppendLogResponseHandler: Failed appendEntries: org.apache.ratis.thirdparty.io.grpc.StatusRuntimeException: UNAVAILABLE: io exception
2019-10-07 16:31:46,449 [grpc-default-executor-4] INFO  impl.FollowerInfo (FollowerInfo.java:lambda$new$0(51)) - eacbd12f-3dc1-4d15-8836-2a69dd1ab512@group-DE2322A94E4A->81d468c2-b3b1-4678-ad7f-631d279e93f2: nextIndex: updateUnconditionally 2 -> 1
2019-10-07 16:31:47,120 [main] WARN  scm.XceiverClientRatis (XceiverClientRatis.java:watchForCommit(269)) - 3 way commit failed on pipeline Pipeline[ Id: f02f57e4-7dd1-4184-85e4-de2322a94e4a, Nodes: 81d468c2-b3b1-4678-ad7f-631d279e93f2{ip: 192.168.164.193, host: pr-hdds-1737-qktq7-3079564033, networkLocation: /default-rack, certSerialId: null}eacbd12f-3dc1-4d15-8836-2a69dd1ab512{ip: 192.168.164.193, host: pr-hdds-1737-qktq7-3079564033, networkLocation: /default-rack, certSerialId: null}99220c91-04f1-4f6c-ba1f-ea25e99228f1{ip: 192.168.164.193, host: pr-hdds-1737-qktq7-3079564033, networkLocation: /default-rack, certSerialId: null}, Type:RATIS, Factor:THREE, State:OPEN]
java.util.concurrent.TimeoutException
	at java.util.concurrent.CompletableFuture.timedGet(CompletableFuture.java:1771)
	at java.util.concurrent.CompletableFuture.get(CompletableFuture.java:1915)
	at org.apache.hadoop.hdds.scm.XceiverClientRatis.watchForCommit(XceiverClientRatis.java:266)
	at org.apache.hadoop.ozone.client.rpc.TestWatchForCommit.test2WayCommitForTimeoutException(TestWatchForCommit.java:391)
	at sun.reflect.NativeMethodAccessorImpl.invoke0(Native Method)
	at sun.reflect.NativeMethodAccessorImpl.invoke(NativeMethodAccessorImpl.java:62)
	at sun.reflect.DelegatingMethodAccessorImpl.invoke(DelegatingMethodAccessorImpl.java:43)
	at java.lang.reflect.Method.invoke(Method.java:498)
	at org.junit.runners.model.FrameworkMethod$1.runReflectiveCall(FrameworkMethod.java:47)
	at org.junit.internal.runners.model.ReflectiveCallable.run(ReflectiveCallable.java:12)
	at org.junit.runners.model.FrameworkMethod.invokeExplosively(FrameworkMethod.java:44)
	at org.junit.internal.runners.statements.InvokeMethod.evaluate(InvokeMethod.java:17)
	at org.junit.runners.ParentRunner.runLeaf(ParentRunner.java:271)
	at org.junit.runners.BlockJUnit4ClassRunner.runChild(BlockJUnit4ClassRunner.java:70)
	at org.junit.runners.BlockJUnit4ClassRunner.runChild(BlockJUnit4ClassRunner.java:50)
	at org.junit.runners.ParentRunner$3.run(ParentRunner.java:238)
	at org.junit.runners.ParentRunner$1.schedule(ParentRunner.java:63)
	at org.junit.runners.ParentRunner.runChildren(ParentRunner.java:236)
	at org.junit.runners.ParentRunner.access$000(ParentRunner.java:53)
	at org.junit.runners.ParentRunner$2.evaluate(ParentRunner.java:229)
	at org.junit.runners.ParentRunner.run(ParentRunner.java:309)
	at org.apache.maven.surefire.junit4.JUnit4Provider.execute(JUnit4Provider.java:365)
	at org.apache.maven.surefire.junit4.JUnit4Provider.executeWithRerun(JUnit4Provider.java:273)
	at org.apache.maven.surefire.junit4.JUnit4Provider.executeTestSet(JUnit4Provider.java:238)
	at org.apache.maven.surefire.junit4.JUnit4Provider.invoke(JUnit4Provider.java:159)
	at org.apache.maven.surefire.booter.ForkedBooter.invokeProviderInSameClassLoader(ForkedBooter.java:384)
	at org.apache.maven.surefire.booter.ForkedBooter.runSuitesInProcess(ForkedBooter.java:345)
	at org.apache.maven.surefire.booter.ForkedBooter.execute(ForkedBooter.java:126)
	at org.apache.maven.surefire.booter.ForkedBooter.main(ForkedBooter.java:418)
2019-10-07 16:31:47,134 [Thread-2477] INFO  client.GrpcClientProtocolService (GrpcClientProtocolService.java:lambda$processClientRequest$0(278)) - Failed RaftClientRequest:client-FAD200BEAEA8->99220c91-04f1-4f6c-ba1f-ea25e99228f1@group-DE2322A94E4A, cid=106, seq=0, Watch-MAJORITY_COMMITTED(3), Message:<EMPTY>, reply=RaftClientReply:client-FAD200BEAEA8->99220c91-04f1-4f6c-ba1f-ea25e99228f1@group-DE2322A94E4A, cid=106, FAILED org.apache.ratis.protocol.NotLeaderException: Server 99220c91-04f1-4f6c-ba1f-ea25e99228f1@group-DE2322A94E4A is not the leader eacbd12f-3dc1-4d15-8836-2a69dd1ab512:192.168.164.193:35381, logIndex=0, commits[99220c91-04f1-4f6c-ba1f-ea25e99228f1:c4, eacbd12f-3dc1-4d15-8836-2a69dd1ab512:c4, 81d468c2-b3b1-4678-ad7f-631d279e93f2:c2]
2019-10-07 16:31:48,947 [grpc-default-executor-1] WARN  server.GrpcLogAppender (LogUtils.java:warn(134)) - eacbd12f-3dc1-4d15-8836-2a69dd1ab512@group-DE2322A94E4A->81d468c2-b3b1-4678-ad7f-631d279e93f2-AppendLogResponseHandler: Failed appendEntries: org.apache.ratis.thirdparty.io.grpc.StatusRuntimeException: UNAVAILABLE: io exception
2019-10-07 16:31:48,952 [grpc-default-executor-1] INFO  impl.FollowerInfo (FollowerInfo.java:lambda$new$0(51)) - eacbd12f-3dc1-4d15-8836-2a69dd1ab512@group-DE2322A94E4A->81d468c2-b3b1-4678-ad7f-631d279e93f2: nextIndex: updateUnconditionally 1 -> 0
]]></system-out>
    <system-err><![CDATA[Oct 07, 2019 4:31:43 PM org.apache.ratis.thirdparty.io.grpc.internal.SerializingExecutor run
SEVERE: Exception while executing runnable org.apache.ratis.thirdparty.io.grpc.internal.ServerImpl$JumpToApplicationThreadServerStreamListener$1Closed@3210ea28
org.apache.ratis.thirdparty.io.grpc.StatusRuntimeException: CANCELLED: call already cancelled
	at org.apache.ratis.thirdparty.io.grpc.Status.asRuntimeException(Status.java:517)
	at org.apache.ratis.thirdparty.io.grpc.stub.ServerCalls$ServerCallStreamObserverImpl.onCompleted(ServerCalls.java:356)
	at org.apache.ratis.grpc.server.GrpcServerProtocolService$ServerRequestStreamObserver.onError(GrpcServerProtocolService.java:121)
	at org.apache.ratis.thirdparty.io.grpc.stub.ServerCalls$StreamingServerCallHandler$StreamingServerCallListener.onCancel(ServerCalls.java:269)
	at org.apache.ratis.thirdparty.io.grpc.internal.ServerCallImpl$ServerStreamListenerImpl.closed(ServerCallImpl.java:293)
	at org.apache.ratis.thirdparty.io.grpc.internal.ServerImpl$JumpToApplicationThreadServerStreamListener$1Closed.runInContext(ServerImpl.java:741)
	at org.apache.ratis.thirdparty.io.grpc.internal.ContextRunnable.run(ContextRunnable.java:37)
	at org.apache.ratis.thirdparty.io.grpc.internal.SerializingExecutor.run(SerializingExecutor.java:123)
	at java.util.concurrent.ThreadPoolExecutor.runWorker(ThreadPoolExecutor.java:1149)
	at java.util.concurrent.ThreadPoolExecutor$Worker.run(ThreadPoolExecutor.java:624)
	at java.lang.Thread.run(Thread.java:748)

]]></system-err>
  </testcase>
</testsuite>