<?xml version="1.0" encoding="UTF-8"?>
<testsuite xmlns:xsi="http://www.w3.org/2001/XMLSchema-instance" xsi:noNamespaceSchemaLocation="https://maven.apache.org/surefire/maven-surefire-plugin/xsd/surefire-test-report.xsd" name="org.apache.hadoop.ozone.client.rpc.TestWatchForCommit" time="257.078" tests="5" errors="1" skipped="0" failures="0">
  <properties>
    <property name="awt.toolkit" value="sun.awt.X11.XToolkit"/>
    <property name="file.encoding.pkg" value="sun.io"/>
    <property name="java.specification.version" value="1.8"/>
    <property name="sun.cpu.isalist" value=""/>
    <property name="sun.jnu.encoding" value="UTF-8"/>
    <property name="java.class.path" value="/workdir/hadoop-ozone/integration-test/target/test-classes:/workdir/hadoop-ozone/integration-test/target/classes:/home/user/.m2/repository/org/apache/hadoop/hadoop-ozone-common/0.5.0-SNAPSHOT/hadoop-ozone-common-0.5.0-SNAPSHOT.jar:/home/user/.m2/repository/org/apache/commons/commons-compress/1.4.1/commons-compress-1.4.1.jar:/home/user/.m2/repository/org/tukaani/xz/1.0/xz-1.0.jar:/home/user/.m2/repository/org/apache/hadoop/hadoop-common/3.2.0/hadoop-common-3.2.0.jar:/home/user/.m2/repository/org/apache/hadoop/hadoop-hdfs/3.2.0/hadoop-hdfs-3.2.0.jar:/home/user/.m2/repository/org/apache/hadoop/hadoop-hdfs-client/3.2.0/hadoop-hdfs-client-3.2.0.jar:/home/user/.m2/repository/com/fasterxml/jackson/core/jackson-annotations/2.9.9/jackson-annotations-2.9.9.jar:/home/user/.m2/repository/org/apache/hadoop/hadoop-hdds-common/0.5.0-SNAPSHOT/hadoop-hdds-common-0.5.0-SNAPSHOT.jar:/home/user/.m2/repository/javax/annotation/javax.annotation-api/1.2/javax.annotation-api-1.2.jar:/home/user/.m2/repository/org/apache/ratis/ratis-server/0.5.0-201fc85-SNAPSHOT/ratis-server-0.5.0-201fc85-SNAPSHOT.jar:/home/user/.m2/repository/org/apache/ratis/ratis-thirdparty-misc/0.2.0/ratis-thirdparty-misc-0.2.0.jar:/home/user/.m2/repository/org/apache/ratis/ratis-proto/0.5.0-201fc85-SNAPSHOT/ratis-proto-0.5.0-201fc85-SNAPSHOT.jar:/home/user/.m2/repository/org/apache/ratis/ratis-common/0.5.0-201fc85-SNAPSHOT/ratis-common-0.5.0-201fc85-SNAPSHOT.jar:/home/user/.m2/repository/org/apache/ratis/ratis-client/0.5.0-201fc85-SNAPSHOT/ratis-client-0.5.0-201fc85-SNAPSHOT.jar:/home/user/.m2/repository/org/apache/ratis/ratis-metrics/0.5.0-201fc85-SNAPSHOT/ratis-metrics-0.5.0-201fc85-SNAPSHOT.jar:/home/user/.m2/repository/com/github/joshelser/dropwizard-metrics-hadoop-metrics2-reporter/0.1.2/dropwizard-metrics-hadoop-metrics2-reporter-0.1.2.jar:/home/user/.m2/repository/io/dropwizard/metrics/metrics-jvm/3.2.5/metrics-jvm-3.2.5.jar:/home/user/.m2/repository/io/dropwizard/metrics/metrics-ganglia/3.2.5/metrics-ganglia-3.2.5.jar:/home/user/.m2/repository/info/ganglia/gmetric4j/gmetric4j/1.0.7/gmetric4j-1.0.7.jar:/home/user/.m2/repository/org/apache/ratis/ratis-netty/0.5.0-201fc85-SNAPSHOT/ratis-netty-0.5.0-201fc85-SNAPSHOT.jar:/home/user/.m2/repository/org/apache/ratis/ratis-grpc/0.5.0-201fc85-SNAPSHOT/ratis-grpc-0.5.0-201fc85-SNAPSHOT.jar:/home/user/.m2/repository/org/rocksdb/rocksdbjni/6.0.1/rocksdbjni-6.0.1.jar:/home/user/.m2/repository/org/apache/logging/log4j/log4j-api/2.11.0/log4j-api-2.11.0.jar:/home/user/.m2/repository/org/apache/logging/log4j/log4j-core/2.11.0/log4j-core-2.11.0.jar:/home/user/.m2/repository/com/lmax/disruptor/3.4.2/disruptor-3.4.2.jar:/home/user/.m2/repository/org/apache/commons/commons-pool2/2.6.0/commons-pool2-2.6.0.jar:/home/user/.m2/repository/org/bouncycastle/bcpkix-jdk15on/1.60/bcpkix-jdk15on-1.60.jar:/home/user/.m2/repository/commons-validator/commons-validator/1.6/commons-validator-1.6.jar:/home/user/.m2/repository/commons-digester/commons-digester/1.8.1/commons-digester-1.8.1.jar:/home/user/.m2/repository/io/jaegertracing/jaeger-client/0.34.0/jaeger-client-0.34.0.jar:/home/user/.m2/repository/io/jaegertracing/jaeger-thrift/0.34.0/jaeger-thrift-0.34.0.jar:/home/user/.m2/repository/org/apache/thrift/libthrift/0.12.0/libthrift-0.12.0.jar:/home/user/.m2/repository/com/squareup/okhttp3/okhttp/3.9.0/okhttp-3.9.0.jar:/home/user/.m2/repository/com/squareup/okio/okio/1.13.0/okio-1.13.0.jar:/home/user/.m2/repository/io/jaegertracing/jaeger-core/0.34.0/jaeger-core-0.34.0.jar:/home/user/.m2/repository/io/jaegertracing/jaeger-tracerresolver/0.34.0/jaeger-tracerresolver-0.34.0.jar:/home/user/.m2/repository/io/opentracing/contrib/opentracing-tracerresolver/0.1.5/opentracing-tracerresolver-0.1.5.jar:/home/user/.m2/repository/io/opentracing/opentracing-util/0.31.0/opentracing-util-0.31.0.jar:/home/user/.m2/repository/io/opentracing/opentracing-api/0.31.0/opentracing-api-0.31.0.jar:/home/user/.m2/repository/io/opentracing/opentracing-noop/0.31.0/opentracing-noop-0.31.0.jar:/home/user/.m2/repository/org/apache/hadoop/hadoop-hdds-server-framework/0.5.0-SNAPSHOT/hadoop-hdds-server-framework-0.5.0-SNAPSHOT.jar:/home/user/.m2/repository/org/apache/hadoop/hadoop-hdds-container-service/0.5.0-SNAPSHOT/hadoop-hdds-container-service-0.5.0-SNAPSHOT.jar:/home/user/.m2/repository/org/apache/hadoop/hadoop-hdds-client/0.5.0-SNAPSHOT/hadoop-hdds-client-0.5.0-SNAPSHOT.jar:/home/user/.m2/repository/org/apache/hadoop/hadoop-hdds-tools/0.5.0-SNAPSHOT/hadoop-hdds-tools-0.5.0-SNAPSHOT.jar:/home/user/.m2/repository/org/apache/hadoop/hadoop-hdds-server-scm/0.5.0-SNAPSHOT/hadoop-hdds-server-scm-0.5.0-SNAPSHOT.jar:/home/user/.m2/repository/org/apache/hadoop/hadoop-hdds-docs/0.5.0-SNAPSHOT/hadoop-hdds-docs-0.5.0-SNAPSHOT.jar:/home/user/.m2/repository/io/dropwizard/metrics/metrics-core/3.2.4/metrics-core-3.2.4.jar:/home/user/.m2/repository/org/hamcrest/hamcrest-all/1.3/hamcrest-all-1.3.jar:/home/user/.m2/repository/org/bouncycastle/bcprov-jdk15on/1.60/bcprov-jdk15on-1.60.jar:/home/user/.m2/repository/info/picocli/picocli/3.9.6/picocli-3.9.6.jar:/home/user/.m2/repository/com/google/protobuf/protobuf-java/2.5.0/protobuf-java-2.5.0.jar:/home/user/.m2/repository/com/google/guava/guava/11.0.2/guava-11.0.2.jar:/home/user/.m2/repository/org/apache/hadoop/hadoop-ozone-ozone-manager/0.5.0-SNAPSHOT/hadoop-ozone-ozone-manager-0.5.0-SNAPSHOT.jar:/home/user/.m2/repository/org/apache/hadoop/hadoop-minikdc/3.2.0/hadoop-minikdc-3.2.0.jar:/home/user/.m2/repository/commons-io/commons-io/2.5/commons-io-2.5.jar:/home/user/.m2/repository/org/apache/kerby/kerb-simplekdc/1.0.1/kerb-simplekdc-1.0.1.jar:/home/user/.m2/repository/org/apache/kerby/kerb-client/1.0.1/kerb-client-1.0.1.jar:/home/user/.m2/repository/org/apache/kerby/kerby-config/1.0.1/kerby-config-1.0.1.jar:/home/user/.m2/repository/org/apache/kerby/kerb-core/1.0.1/kerb-core-1.0.1.jar:/home/user/.m2/repository/org/apache/kerby/kerby-pkix/1.0.1/kerby-pkix-1.0.1.jar:/home/user/.m2/repository/org/apache/kerby/kerby-asn1/1.0.1/kerby-asn1-1.0.1.jar:/home/user/.m2/repository/org/apache/kerby/kerby-util/1.0.1/kerby-util-1.0.1.jar:/home/user/.m2/repository/org/apache/kerby/kerb-common/1.0.1/kerb-common-1.0.1.jar:/home/user/.m2/repository/org/apache/kerby/kerb-crypto/1.0.1/kerb-crypto-1.0.1.jar:/home/user/.m2/repository/org/apache/kerby/kerb-util/1.0.1/kerb-util-1.0.1.jar:/home/user/.m2/repository/org/apache/kerby/token-provider/1.0.1/token-provider-1.0.1.jar:/home/user/.m2/repository/org/apache/kerby/kerb-admin/1.0.1/kerb-admin-1.0.1.jar:/home/user/.m2/repository/org/apache/kerby/kerb-server/1.0.1/kerb-server-1.0.1.jar:/home/user/.m2/repository/org/apache/kerby/kerb-identity/1.0.1/kerb-identity-1.0.1.jar:/home/user/.m2/repository/org/apache/kerby/kerby-xdr/1.0.1/kerby-xdr-1.0.1.jar:/home/user/.m2/repository/org/slf4j/slf4j-log4j12/1.7.25/slf4j-log4j12-1.7.25.jar:/home/user/.m2/repository/org/apache/hadoop/hadoop-ozone-s3gateway/0.5.0-SNAPSHOT/hadoop-ozone-s3gateway-0.5.0-SNAPSHOT.jar:/home/user/.m2/repository/org/jboss/weld/servlet/weld-servlet/2.4.7.Final/weld-servlet-2.4.7.Final.jar:/home/user/.m2/repository/org/glassfish/jersey/containers/jersey-container-servlet-core/2.27/jersey-container-servlet-core-2.27.jar:/home/user/.m2/repository/org/glassfish/hk2/external/javax.inject/2.5.0-b42/javax.inject-2.5.0-b42.jar:/home/user/.m2/repository/org/glassfish/jersey/core/jersey-common/2.27/jersey-common-2.27.jar:/home/user/.m2/repository/org/glassfish/hk2/osgi-resource-locator/1.0.1/osgi-resource-locator-1.0.1.jar:/home/user/.m2/repository/javax/ws/rs/javax.ws.rs-api/2.1/javax.ws.rs-api-2.1.jar:/home/user/.m2/repository/org/glassfish/jersey/ext/cdi/jersey-cdi1x/2.27/jersey-cdi1x-2.27.jar:/home/user/.m2/repository/org/glassfish/jersey/inject/jersey-hk2/2.27/jersey-hk2-2.27.jar:/home/user/.m2/repository/org/glassfish/hk2/hk2-locator/2.5.0-b42/hk2-locator-2.5.0-b42.jar:/home/user/.m2/repository/org/javassist/javassist/3.22.0-CR2/javassist-3.22.0-CR2.jar:/home/user/.m2/repository/org/glassfish/hk2/hk2-api/2.5.0/hk2-api-2.5.0.jar:/home/user/.m2/repository/org/glassfish/hk2/external/jakarta.inject/2.5.0/jakarta.inject-2.5.0.jar:/home/user/.m2/repository/org/glassfish/hk2/hk2-utils/2.5.0/hk2-utils-2.5.0.jar:/home/user/.m2/repository/jakarta/annotation/jakarta.annotation-api/1.3.4/jakarta.annotation-api-1.3.4.jar:/home/user/.m2/repository/org/glassfish/hk2/external/aopalliance-repackaged/2.5.0/aopalliance-repackaged-2.5.0.jar:/home/user/.m2/repository/com/fasterxml/jackson/dataformat/jackson-dataformat-xml/2.9.0/jackson-dataformat-xml-2.9.0.jar:/home/user/.m2/repository/com/fasterxml/jackson/core/jackson-core/2.9.9/jackson-core-2.9.9.jar:/home/user/.m2/repository/com/fasterxml/jackson/module/jackson-module-jaxb-annotations/2.9.9/jackson-module-jaxb-annotations-2.9.9.jar:/home/user/.m2/repository/javax/enterprise/cdi-api/1.2/cdi-api-1.2.jar:/home/user/.m2/repository/javax/el/javax.el-api/3.0.0/javax.el-api-3.0.0.jar:/home/user/.m2/repository/javax/interceptor/javax.interceptor-api/1.2/javax.interceptor-api-1.2.jar:/home/user/.m2/repository/javax/inject/javax.inject/1/javax.inject-1.jar:/home/user/.m2/repository/com/sun/xml/bind/jaxb-impl/2.3.0.1/jaxb-impl-2.3.0.1.jar:/home/user/.m2/repository/com/sun/xml/bind/jaxb-core/2.3.0.1/jaxb-core-2.3.0.1.jar:/home/user/.m2/repository/javax/xml/bind/jaxb-api/2.3.0/jaxb-api-2.3.0.jar:/home/user/.m2/repository/javax/activation/activation/1.1.1/activation-1.1.1.jar:/home/user/.m2/repository/org/apache/hadoop/hadoop-ozone-csi/0.5.0-SNAPSHOT/hadoop-ozone-csi-0.5.0-SNAPSHOT.jar:/home/user/.m2/repository/com/google/protobuf/protobuf-java-util/3.5.1/protobuf-java-util-3.5.1.jar:/home/user/.m2/repository/org/apache/hadoop/hadoop-hdds-config/0.5.0-SNAPSHOT/hadoop-hdds-config-0.5.0-SNAPSHOT.jar:/home/user/.m2/repository/io/grpc/grpc-netty/1.17.1/grpc-netty-1.17.1.jar:/home/user/.m2/repository/io/grpc/grpc-core/1.17.1/grpc-core-1.17.1.jar:/home/user/.m2/repository/io/grpc/grpc-context/1.17.1/grpc-context-1.17.1.jar:/home/user/.m2/repository/com/google/errorprone/error_prone_annotations/2.2.0/error_prone_annotations-2.2.0.jar:/home/user/.m2/repository/org/codehaus/mojo/animal-sniffer-annotations/1.17/animal-sniffer-annotations-1.17.jar:/home/user/.m2/repository/io/opencensus/opencensus-api/0.17.0/opencensus-api-0.17.0.jar:/home/user/.m2/repository/io/opencensus/opencensus-contrib-grpc-metrics/0.17.0/opencensus-contrib-grpc-metrics-0.17.0.jar:/home/user/.m2/repository/io/netty/netty-codec-http2/4.1.30.Final/netty-codec-http2-4.1.30.Final.jar:/home/user/.m2/repository/io/netty/netty-codec-http/4.1.30.Final/netty-codec-http-4.1.30.Final.jar:/home/user/.m2/repository/io/netty/netty-codec/4.1.30.Final/netty-codec-4.1.30.Final.jar:/home/user/.m2/repository/io/netty/netty-handler/4.1.30.Final/netty-handler-4.1.30.Final.jar:/home/user/.m2/repository/io/netty/netty-handler-proxy/4.1.30.Final/netty-handler-proxy-4.1.30.Final.jar:/home/user/.m2/repository/io/netty/netty-codec-socks/4.1.30.Final/netty-codec-socks-4.1.30.Final.jar:/home/user/.m2/repository/io/netty/netty-transport-native-epoll/4.1.30.Final/netty-transport-native-epoll-4.1.30.Final.jar:/home/user/.m2/repository/io/netty/netty-common/4.1.30.Final/netty-common-4.1.30.Final.jar:/home/user/.m2/repository/io/netty/netty-buffer/4.1.30.Final/netty-buffer-4.1.30.Final.jar:/home/user/.m2/repository/io/netty/netty-transport/4.1.30.Final/netty-transport-4.1.30.Final.jar:/home/user/.m2/repository/io/netty/netty-resolver/4.1.30.Final/netty-resolver-4.1.30.Final.jar:/home/user/.m2/repository/io/netty/netty-transport-native-unix-common/4.1.30.Final/netty-transport-native-unix-common-4.1.30.Final.jar:/home/user/.m2/repository/io/grpc/grpc-protobuf/1.17.1/grpc-protobuf-1.17.1.jar:/home/user/.m2/repository/com/google/api/grpc/proto-google-common-protos/1.0.0/proto-google-common-protos-1.0.0.jar:/home/user/.m2/repository/io/grpc/grpc-protobuf-lite/1.17.1/grpc-protobuf-lite-1.17.1.jar:/home/user/.m2/repository/io/grpc/grpc-stub/1.17.1/grpc-stub-1.17.1.jar:/home/user/.m2/repository/org/apache/hadoop/hadoop-ozone-recon/0.5.0-SNAPSHOT/hadoop-ozone-recon-0.5.0-SNAPSHOT.jar:/home/user/.m2/repository/org/apache/hadoop/hadoop-ozone-reconcodegen/0.5.0-SNAPSHOT/hadoop-ozone-reconcodegen-0.5.0-SNAPSHOT.jar:/home/user/.m2/repository/com/google/inject/extensions/guice-multibindings/4.0/guice-multibindings-4.0.jar:/home/user/.m2/repository/com/google/inject/guice/4.0/guice-4.0.jar:/home/user/.m2/repository/aopalliance/aopalliance/1.0/aopalliance-1.0.jar:/home/user/.m2/repository/com/google/inject/extensions/guice-servlet/4.0/guice-servlet-4.0.jar:/home/user/.m2/repository/org/glassfish/jersey/containers/jersey-container-servlet/2.27/jersey-container-servlet-2.27.jar:/home/user/.m2/repository/org/glassfish/hk2/guice-bridge/2.5.0/guice-bridge-2.5.0.jar:/home/user/.m2/repository/org/glassfish/jersey/core/jersey-server/2.27/jersey-server-2.27.jar:/home/user/.m2/repository/org/glassfish/jersey/core/jersey-client/2.27/jersey-client-2.27.jar:/home/user/.m2/repository/org/glassfish/jersey/media/jersey-media-jaxb/2.27/jersey-media-jaxb-2.27.jar:/home/user/.m2/repository/javax/validation/validation-api/1.1.0.Final/validation-api-1.1.0.Final.jar:/home/user/.m2/repository/org/glassfish/jersey/media/jersey-media-json-jackson/2.27/jersey-media-json-jackson-2.27.jar:/home/user/.m2/repository/org/glassfish/jersey/ext/jersey-entity-filtering/2.27/jersey-entity-filtering-2.27.jar:/home/user/.m2/repository/com/google/inject/extensions/guice-assistedinject/4.0/guice-assistedinject-4.0.jar:/home/user/.m2/repository/org/jooq/jooq/3.11.10/jooq-3.11.10.jar:/home/user/.m2/repository/org/jooq/jooq-meta/3.11.10/jooq-meta-3.11.10.jar:/home/user/.m2/repository/org/jooq/jooq-codegen/3.11.10/jooq-codegen-3.11.10.jar:/home/user/.m2/repository/com/jolbox/bonecp/0.8.0.RELEASE/bonecp-0.8.0.RELEASE.jar:/home/user/.m2/repository/org/xerial/sqlite-jdbc/3.25.2/sqlite-jdbc-3.25.2.jar:/home/user/.m2/repository/org/springframework/spring-jdbc/5.1.3.RELEASE/spring-jdbc-5.1.3.RELEASE.jar:/home/user/.m2/repository/org/springframework/spring-beans/5.1.3.RELEASE/spring-beans-5.1.3.RELEASE.jar:/home/user/.m2/repository/org/springframework/spring-core/5.1.3.RELEASE/spring-core-5.1.3.RELEASE.jar:/home/user/.m2/repository/org/springframework/spring-jcl/5.1.3.RELEASE/spring-jcl-5.1.3.RELEASE.jar:/home/user/.m2/repository/org/springframework/spring-tx/5.1.3.RELEASE/spring-tx-5.1.3.RELEASE.jar:/home/user/.m2/repository/org/apache/hadoop/hadoop-ozone-client/0.5.0-SNAPSHOT/hadoop-ozone-client-0.5.0-SNAPSHOT.jar:/home/user/.m2/repository/commons-lang/commons-lang/2.6/commons-lang-2.6.jar:/home/user/.m2/repository/org/apache/hadoop/hadoop-ozone-ozone-manager/0.5.0-SNAPSHOT/hadoop-ozone-ozone-manager-0.5.0-SNAPSHOT-tests.jar:/home/user/.m2/repository/junit/junit/4.11/junit-4.11.jar:/home/user/.m2/repository/org/hamcrest/hamcrest-core/1.3/hamcrest-core-1.3.jar:/home/user/.m2/repository/org/openjdk/jmh/jmh-core/1.19/jmh-core-1.19.jar:/home/user/.m2/repository/net/sf/jopt-simple/jopt-simple/4.6/jopt-simple-4.6.jar:/home/user/.m2/repository/org/apache/commons/commons-math3/3.1.1/commons-math3-3.1.1.jar:/home/user/.m2/repository/org/openjdk/jmh/jmh-generator-annprocess/1.19/jmh-generator-annprocess-1.19.jar:/home/user/.m2/repository/org/mockito/mockito-all/1.8.5/mockito-all-1.8.5.jar:/home/user/.m2/repository/org/apache/hadoop/hadoop-kms/3.2.0/hadoop-kms-3.2.0.jar:/home/user/.m2/repository/org/apache/hadoop/hadoop-auth/3.2.0/hadoop-auth-3.2.0.jar:/home/user/.m2/repository/com/nimbusds/nimbus-jose-jwt/4.41.1/nimbus-jose-jwt-4.41.1.jar:/home/user/.m2/repository/com/github/stephenc/jcip/jcip-annotations/1.0-1/jcip-annotations-1.0-1.jar:/home/user/.m2/repository/net/minidev/json-smart/2.3/json-smart-2.3.jar:/home/user/.m2/repository/net/minidev/accessors-smart/1.2/accessors-smart-1.2.jar:/home/user/.m2/repository/org/ow2/asm/asm/5.0.4/asm-5.0.4.jar:/home/user/.m2/repository/org/apache/curator/curator-framework/2.12.0/curator-framework-2.12.0.jar:/home/user/.m2/repository/com/sun/jersey/jersey-core/1.19/jersey-core-1.19.jar:/home/user/.m2/repository/javax/ws/rs/jsr311-api/1.1.1/jsr311-api-1.1.1.jar:/home/user/.m2/repository/com/sun/jersey/jersey-server/1.19/jersey-server-1.19.jar:/home/user/.m2/repository/javax/servlet/javax.servlet-api/3.1.0/javax.servlet-api-3.1.0.jar:/home/user/.m2/repository/org/eclipse/jetty/jetty-server/9.3.25.v20180904/jetty-server-9.3.25.v20180904.jar:/home/user/.m2/repository/org/eclipse/jetty/jetty-http/9.3.25.v20180904/jetty-http-9.3.25.v20180904.jar:/home/user/.m2/repository/org/eclipse/jetty/jetty-io/9.3.25.v20180904/jetty-io-9.3.25.v20180904.jar:/home/user/.m2/repository/org/eclipse/jetty/jetty-webapp/9.3.25.v20180904/jetty-webapp-9.3.25.v20180904.jar:/home/user/.m2/repository/org/eclipse/jetty/jetty-xml/9.3.25.v20180904/jetty-xml-9.3.25.v20180904.jar:/home/user/.m2/repository/log4j/log4j/1.2.17/log4j-1.2.17.jar:/home/user/.m2/repository/org/slf4j/slf4j-api/1.7.25/slf4j-api-1.7.25.jar:/home/user/.m2/repository/org/slf4j/jul-to-slf4j/1.7.25/jul-to-slf4j-1.7.25.jar:/home/user/.m2/repository/org/eclipse/jetty/jetty-util/9.3.25.v20180904/jetty-util-9.3.25.v20180904.jar:/home/user/.m2/repository/com/fasterxml/jackson/core/jackson-databind/2.9.9/jackson-databind-2.9.9.jar:/home/user/.m2/repository/org/apache/hadoop/hadoop-kms/3.2.0/hadoop-kms-3.2.0-tests.jar:/home/user/.m2/repository/org/apache/hadoop/hadoop-hdds-server-scm/0.5.0-SNAPSHOT/hadoop-hdds-server-scm-0.5.0-SNAPSHOT-tests.jar:/home/user/.m2/repository/org/apache/hadoop/hadoop-hdds-container-service/0.5.0-SNAPSHOT/hadoop-hdds-container-service-0.5.0-SNAPSHOT-tests.jar:/home/user/.m2/repository/org/yaml/snakeyaml/1.16/snakeyaml-1.16.jar:/home/user/.m2/repository/org/apache/hadoop/hadoop-common/3.2.0/hadoop-common-3.2.0-tests.jar:/home/user/.m2/repository/org/apache/hadoop/hadoop-annotations/3.2.0/hadoop-annotations-3.2.0.jar:/usr/lib/jvm/java-1.8-openjdk/jre/../lib/tools.jar:/home/user/.m2/repository/commons-cli/commons-cli/1.2/commons-cli-1.2.jar:/home/user/.m2/repository/org/apache/httpcomponents/httpclient/4.5.2/httpclient-4.5.2.jar:/home/user/.m2/repository/org/apache/httpcomponents/httpcore/4.4.4/httpcore-4.4.4.jar:/home/user/.m2/repository/commons-codec/commons-codec/1.11/commons-codec-1.11.jar:/home/user/.m2/repository/commons-net/commons-net/3.6/commons-net-3.6.jar:/home/user/.m2/repository/commons-collections/commons-collections/3.2.2/commons-collections-3.2.2.jar:/home/user/.m2/repository/org/eclipse/jetty/jetty-servlet/9.3.25.v20180904/jetty-servlet-9.3.25.v20180904.jar:/home/user/.m2/repository/org/eclipse/jetty/jetty-security/9.3.25.v20180904/jetty-security-9.3.25.v20180904.jar:/home/user/.m2/repository/javax/servlet/jsp/jsp-api/2.1/jsp-api-2.1.jar:/home/user/.m2/repository/com/sun/jersey/jersey-servlet/1.19/jersey-servlet-1.19.jar:/home/user/.m2/repository/com/sun/jersey/jersey-json/1.19/jersey-json-1.19.jar:/home/user/.m2/repository/org/codehaus/jettison/jettison/1.1/jettison-1.1.jar:/home/user/.m2/repository/org/codehaus/jackson/jackson-core-asl/1.9.13/jackson-core-asl-1.9.13.jar:/home/user/.m2/repository/org/codehaus/jackson/jackson-mapper-asl/1.9.13/jackson-mapper-asl-1.9.13.jar:/home/user/.m2/repository/org/codehaus/jackson/jackson-jaxrs/1.9.13/jackson-jaxrs-1.9.13.jar:/home/user/.m2/repository/org/codehaus/jackson/jackson-xc/1.9.13/jackson-xc-1.9.13.jar:/home/user/.m2/repository/commons-logging/commons-logging/1.1.3/commons-logging-1.1.3.jar:/home/user/.m2/repository/commons-beanutils/commons-beanutils/1.9.4/commons-beanutils-1.9.4.jar:/home/user/.m2/repository/org/apache/commons/commons-configuration2/2.1.1/commons-configuration2-2.1.1.jar:/home/user/.m2/repository/org/apache/commons/commons-lang3/3.7/commons-lang3-3.7.jar:/home/user/.m2/repository/org/apache/commons/commons-text/1.4/commons-text-1.4.jar:/home/user/.m2/repository/org/apache/avro/avro/1.7.7/avro-1.7.7.jar:/home/user/.m2/repository/com/thoughtworks/paranamer/paranamer/2.3/paranamer-2.3.jar:/home/user/.m2/repository/org/xerial/snappy/snappy-java/1.0.5/snappy-java-1.0.5.jar:/home/user/.m2/repository/com/google/re2j/re2j/1.1/re2j-1.1.jar:/home/user/.m2/repository/com/google/code/gson/gson/2.2.4/gson-2.2.4.jar:/home/user/.m2/repository/com/jcraft/jsch/0.1.54/jsch-0.1.54.jar:/home/user/.m2/repository/org/apache/curator/curator-client/2.12.0/curator-client-2.12.0.jar:/home/user/.m2/repository/org/apache/curator/curator-recipes/2.12.0/curator-recipes-2.12.0.jar:/home/user/.m2/repository/com/google/code/findbugs/jsr305/3.0.0/jsr305-3.0.0.jar:/home/user/.m2/repository/org/apache/htrace/htrace-core4/4.1.0-incubating/htrace-core4-4.1.0-incubating.jar:/home/user/.m2/repository/org/apache/zookeeper/zookeeper/3.4.13/zookeeper-3.4.13.jar:/home/user/.m2/repository/jline/jline/0.9.94/jline-0.9.94.jar:/home/user/.m2/repository/org/apache/yetus/audience-annotations/0.5.0/audience-annotations-0.5.0.jar:/home/user/.m2/repository/org/codehaus/woodstox/stax2-api/3.1.4/stax2-api-3.1.4.jar:/home/user/.m2/repository/com/fasterxml/woodstox/woodstox-core/5.0.3/woodstox-core-5.0.3.jar:/home/user/.m2/repository/dnsjava/dnsjava/2.1.7/dnsjava-2.1.7.jar:/home/user/.m2/repository/org/apache/hadoop/hadoop-hdfs/3.2.0/hadoop-hdfs-3.2.0-tests.jar:/home/user/.m2/repository/org/eclipse/jetty/jetty-util-ajax/9.3.25.v20180904/jetty-util-ajax-9.3.25.v20180904.jar:/home/user/.m2/repository/commons-daemon/commons-daemon/1.0.13/commons-daemon-1.0.13.jar:/home/user/.m2/repository/io/netty/netty/3.10.5.Final/netty-3.10.5.Final.jar:/home/user/.m2/repository/io/netty/netty-all/4.0.52.Final/netty-all-4.0.52.Final.jar:/home/user/.m2/repository/org/fusesource/leveldbjni/leveldbjni-all/1.8/leveldbjni-all-1.8.jar:"/>
    <property name="java.vm.vendor" value="IcedTea"/>
    <property name="sun.arch.data.model" value="64"/>
    <property name="test.build.dir" value="/workdir/hadoop-ozone/integration-test/target/test-dir"/>
    <property name="test.cache.data" value=""/>
    <property name="java.vendor.url" value="https://icedtea.classpath.org"/>
    <property name="user.timezone" value=""/>
    <property name="java.vm.specification.version" value="1.8"/>
    <property name="os.name" value="Linux"/>
    <property name="test.build.data" value="/workdir/hadoop-ozone/integration-test/target/test-dir"/>
    <property name="user.country" value="US"/>
    <property name="sun.java.launcher" value="SUN_STANDARD"/>
    <property name="sun.boot.library.path" value="/usr/lib/jvm/java-1.8-openjdk/jre/lib/amd64"/>
    <property name="sun.java.command" value="/workdir/hadoop-ozone/integration-test/target/surefire/surefirebooter8302779003013417572.jar /workdir/hadoop-ozone/integration-test/target/surefire 2019-10-02T20-21-39_418-jvmRun1 surefire7896878297440760605tmp surefire_755554995781864611424tmp"/>
    <property name="test" value="!TestMiniChaosOzoneCluster"/>
    <property name="surefire.test.class.path" value="/workdir/hadoop-ozone/integration-test/target/test-classes:/workdir/hadoop-ozone/integration-test/target/classes:/home/user/.m2/repository/org/apache/hadoop/hadoop-ozone-common/0.5.0-SNAPSHOT/hadoop-ozone-common-0.5.0-SNAPSHOT.jar:/home/user/.m2/repository/org/apache/commons/commons-compress/1.4.1/commons-compress-1.4.1.jar:/home/user/.m2/repository/org/tukaani/xz/1.0/xz-1.0.jar:/home/user/.m2/repository/org/apache/hadoop/hadoop-common/3.2.0/hadoop-common-3.2.0.jar:/home/user/.m2/repository/org/apache/hadoop/hadoop-hdfs/3.2.0/hadoop-hdfs-3.2.0.jar:/home/user/.m2/repository/org/apache/hadoop/hadoop-hdfs-client/3.2.0/hadoop-hdfs-client-3.2.0.jar:/home/user/.m2/repository/com/fasterxml/jackson/core/jackson-annotations/2.9.9/jackson-annotations-2.9.9.jar:/home/user/.m2/repository/org/apache/hadoop/hadoop-hdds-common/0.5.0-SNAPSHOT/hadoop-hdds-common-0.5.0-SNAPSHOT.jar:/home/user/.m2/repository/javax/annotation/javax.annotation-api/1.2/javax.annotation-api-1.2.jar:/home/user/.m2/repository/org/apache/ratis/ratis-server/0.5.0-201fc85-SNAPSHOT/ratis-server-0.5.0-201fc85-SNAPSHOT.jar:/home/user/.m2/repository/org/apache/ratis/ratis-thirdparty-misc/0.2.0/ratis-thirdparty-misc-0.2.0.jar:/home/user/.m2/repository/org/apache/ratis/ratis-proto/0.5.0-201fc85-SNAPSHOT/ratis-proto-0.5.0-201fc85-SNAPSHOT.jar:/home/user/.m2/repository/org/apache/ratis/ratis-common/0.5.0-201fc85-SNAPSHOT/ratis-common-0.5.0-201fc85-SNAPSHOT.jar:/home/user/.m2/repository/org/apache/ratis/ratis-client/0.5.0-201fc85-SNAPSHOT/ratis-client-0.5.0-201fc85-SNAPSHOT.jar:/home/user/.m2/repository/org/apache/ratis/ratis-metrics/0.5.0-201fc85-SNAPSHOT/ratis-metrics-0.5.0-201fc85-SNAPSHOT.jar:/home/user/.m2/repository/com/github/joshelser/dropwizard-metrics-hadoop-metrics2-reporter/0.1.2/dropwizard-metrics-hadoop-metrics2-reporter-0.1.2.jar:/home/user/.m2/repository/io/dropwizard/metrics/metrics-jvm/3.2.5/metrics-jvm-3.2.5.jar:/home/user/.m2/repository/io/dropwizard/metrics/metrics-ganglia/3.2.5/metrics-ganglia-3.2.5.jar:/home/user/.m2/repository/info/ganglia/gmetric4j/gmetric4j/1.0.7/gmetric4j-1.0.7.jar:/home/user/.m2/repository/org/apache/ratis/ratis-netty/0.5.0-201fc85-SNAPSHOT/ratis-netty-0.5.0-201fc85-SNAPSHOT.jar:/home/user/.m2/repository/org/apache/ratis/ratis-grpc/0.5.0-201fc85-SNAPSHOT/ratis-grpc-0.5.0-201fc85-SNAPSHOT.jar:/home/user/.m2/repository/org/rocksdb/rocksdbjni/6.0.1/rocksdbjni-6.0.1.jar:/home/user/.m2/repository/org/apache/logging/log4j/log4j-api/2.11.0/log4j-api-2.11.0.jar:/home/user/.m2/repository/org/apache/logging/log4j/log4j-core/2.11.0/log4j-core-2.11.0.jar:/home/user/.m2/repository/com/lmax/disruptor/3.4.2/disruptor-3.4.2.jar:/home/user/.m2/repository/org/apache/commons/commons-pool2/2.6.0/commons-pool2-2.6.0.jar:/home/user/.m2/repository/org/bouncycastle/bcpkix-jdk15on/1.60/bcpkix-jdk15on-1.60.jar:/home/user/.m2/repository/commons-validator/commons-validator/1.6/commons-validator-1.6.jar:/home/user/.m2/repository/commons-digester/commons-digester/1.8.1/commons-digester-1.8.1.jar:/home/user/.m2/repository/io/jaegertracing/jaeger-client/0.34.0/jaeger-client-0.34.0.jar:/home/user/.m2/repository/io/jaegertracing/jaeger-thrift/0.34.0/jaeger-thrift-0.34.0.jar:/home/user/.m2/repository/org/apache/thrift/libthrift/0.12.0/libthrift-0.12.0.jar:/home/user/.m2/repository/com/squareup/okhttp3/okhttp/3.9.0/okhttp-3.9.0.jar:/home/user/.m2/repository/com/squareup/okio/okio/1.13.0/okio-1.13.0.jar:/home/user/.m2/repository/io/jaegertracing/jaeger-core/0.34.0/jaeger-core-0.34.0.jar:/home/user/.m2/repository/io/jaegertracing/jaeger-tracerresolver/0.34.0/jaeger-tracerresolver-0.34.0.jar:/home/user/.m2/repository/io/opentracing/contrib/opentracing-tracerresolver/0.1.5/opentracing-tracerresolver-0.1.5.jar:/home/user/.m2/repository/io/opentracing/opentracing-util/0.31.0/opentracing-util-0.31.0.jar:/home/user/.m2/repository/io/opentracing/opentracing-api/0.31.0/opentracing-api-0.31.0.jar:/home/user/.m2/repository/io/opentracing/opentracing-noop/0.31.0/opentracing-noop-0.31.0.jar:/home/user/.m2/repository/org/apache/hadoop/hadoop-hdds-server-framework/0.5.0-SNAPSHOT/hadoop-hdds-server-framework-0.5.0-SNAPSHOT.jar:/home/user/.m2/repository/org/apache/hadoop/hadoop-hdds-container-service/0.5.0-SNAPSHOT/hadoop-hdds-container-service-0.5.0-SNAPSHOT.jar:/home/user/.m2/repository/org/apache/hadoop/hadoop-hdds-client/0.5.0-SNAPSHOT/hadoop-hdds-client-0.5.0-SNAPSHOT.jar:/home/user/.m2/repository/org/apache/hadoop/hadoop-hdds-tools/0.5.0-SNAPSHOT/hadoop-hdds-tools-0.5.0-SNAPSHOT.jar:/home/user/.m2/repository/org/apache/hadoop/hadoop-hdds-server-scm/0.5.0-SNAPSHOT/hadoop-hdds-server-scm-0.5.0-SNAPSHOT.jar:/home/user/.m2/repository/org/apache/hadoop/hadoop-hdds-docs/0.5.0-SNAPSHOT/hadoop-hdds-docs-0.5.0-SNAPSHOT.jar:/home/user/.m2/repository/io/dropwizard/metrics/metrics-core/3.2.4/metrics-core-3.2.4.jar:/home/user/.m2/repository/org/hamcrest/hamcrest-all/1.3/hamcrest-all-1.3.jar:/home/user/.m2/repository/org/bouncycastle/bcprov-jdk15on/1.60/bcprov-jdk15on-1.60.jar:/home/user/.m2/repository/info/picocli/picocli/3.9.6/picocli-3.9.6.jar:/home/user/.m2/repository/com/google/protobuf/protobuf-java/2.5.0/protobuf-java-2.5.0.jar:/home/user/.m2/repository/com/google/guava/guava/11.0.2/guava-11.0.2.jar:/home/user/.m2/repository/org/apache/hadoop/hadoop-ozone-ozone-manager/0.5.0-SNAPSHOT/hadoop-ozone-ozone-manager-0.5.0-SNAPSHOT.jar:/home/user/.m2/repository/org/apache/hadoop/hadoop-minikdc/3.2.0/hadoop-minikdc-3.2.0.jar:/home/user/.m2/repository/commons-io/commons-io/2.5/commons-io-2.5.jar:/home/user/.m2/repository/org/apache/kerby/kerb-simplekdc/1.0.1/kerb-simplekdc-1.0.1.jar:/home/user/.m2/repository/org/apache/kerby/kerb-client/1.0.1/kerb-client-1.0.1.jar:/home/user/.m2/repository/org/apache/kerby/kerby-config/1.0.1/kerby-config-1.0.1.jar:/home/user/.m2/repository/org/apache/kerby/kerb-core/1.0.1/kerb-core-1.0.1.jar:/home/user/.m2/repository/org/apache/kerby/kerby-pkix/1.0.1/kerby-pkix-1.0.1.jar:/home/user/.m2/repository/org/apache/kerby/kerby-asn1/1.0.1/kerby-asn1-1.0.1.jar:/home/user/.m2/repository/org/apache/kerby/kerby-util/1.0.1/kerby-util-1.0.1.jar:/home/user/.m2/repository/org/apache/kerby/kerb-common/1.0.1/kerb-common-1.0.1.jar:/home/user/.m2/repository/org/apache/kerby/kerb-crypto/1.0.1/kerb-crypto-1.0.1.jar:/home/user/.m2/repository/org/apache/kerby/kerb-util/1.0.1/kerb-util-1.0.1.jar:/home/user/.m2/repository/org/apache/kerby/token-provider/1.0.1/token-provider-1.0.1.jar:/home/user/.m2/repository/org/apache/kerby/kerb-admin/1.0.1/kerb-admin-1.0.1.jar:/home/user/.m2/repository/org/apache/kerby/kerb-server/1.0.1/kerb-server-1.0.1.jar:/home/user/.m2/repository/org/apache/kerby/kerb-identity/1.0.1/kerb-identity-1.0.1.jar:/home/user/.m2/repository/org/apache/kerby/kerby-xdr/1.0.1/kerby-xdr-1.0.1.jar:/home/user/.m2/repository/org/slf4j/slf4j-log4j12/1.7.25/slf4j-log4j12-1.7.25.jar:/home/user/.m2/repository/org/apache/hadoop/hadoop-ozone-s3gateway/0.5.0-SNAPSHOT/hadoop-ozone-s3gateway-0.5.0-SNAPSHOT.jar:/home/user/.m2/repository/org/jboss/weld/servlet/weld-servlet/2.4.7.Final/weld-servlet-2.4.7.Final.jar:/home/user/.m2/repository/org/glassfish/jersey/containers/jersey-container-servlet-core/2.27/jersey-container-servlet-core-2.27.jar:/home/user/.m2/repository/org/glassfish/hk2/external/javax.inject/2.5.0-b42/javax.inject-2.5.0-b42.jar:/home/user/.m2/repository/org/glassfish/jersey/core/jersey-common/2.27/jersey-common-2.27.jar:/home/user/.m2/repository/org/glassfish/hk2/osgi-resource-locator/1.0.1/osgi-resource-locator-1.0.1.jar:/home/user/.m2/repository/javax/ws/rs/javax.ws.rs-api/2.1/javax.ws.rs-api-2.1.jar:/home/user/.m2/repository/org/glassfish/jersey/ext/cdi/jersey-cdi1x/2.27/jersey-cdi1x-2.27.jar:/home/user/.m2/repository/org/glassfish/jersey/inject/jersey-hk2/2.27/jersey-hk2-2.27.jar:/home/user/.m2/repository/org/glassfish/hk2/hk2-locator/2.5.0-b42/hk2-locator-2.5.0-b42.jar:/home/user/.m2/repository/org/javassist/javassist/3.22.0-CR2/javassist-3.22.0-CR2.jar:/home/user/.m2/repository/org/glassfish/hk2/hk2-api/2.5.0/hk2-api-2.5.0.jar:/home/user/.m2/repository/org/glassfish/hk2/external/jakarta.inject/2.5.0/jakarta.inject-2.5.0.jar:/home/user/.m2/repository/org/glassfish/hk2/hk2-utils/2.5.0/hk2-utils-2.5.0.jar:/home/user/.m2/repository/jakarta/annotation/jakarta.annotation-api/1.3.4/jakarta.annotation-api-1.3.4.jar:/home/user/.m2/repository/org/glassfish/hk2/external/aopalliance-repackaged/2.5.0/aopalliance-repackaged-2.5.0.jar:/home/user/.m2/repository/com/fasterxml/jackson/dataformat/jackson-dataformat-xml/2.9.0/jackson-dataformat-xml-2.9.0.jar:/home/user/.m2/repository/com/fasterxml/jackson/core/jackson-core/2.9.9/jackson-core-2.9.9.jar:/home/user/.m2/repository/com/fasterxml/jackson/module/jackson-module-jaxb-annotations/2.9.9/jackson-module-jaxb-annotations-2.9.9.jar:/home/user/.m2/repository/javax/enterprise/cdi-api/1.2/cdi-api-1.2.jar:/home/user/.m2/repository/javax/el/javax.el-api/3.0.0/javax.el-api-3.0.0.jar:/home/user/.m2/repository/javax/interceptor/javax.interceptor-api/1.2/javax.interceptor-api-1.2.jar:/home/user/.m2/repository/javax/inject/javax.inject/1/javax.inject-1.jar:/home/user/.m2/repository/com/sun/xml/bind/jaxb-impl/2.3.0.1/jaxb-impl-2.3.0.1.jar:/home/user/.m2/repository/com/sun/xml/bind/jaxb-core/2.3.0.1/jaxb-core-2.3.0.1.jar:/home/user/.m2/repository/javax/xml/bind/jaxb-api/2.3.0/jaxb-api-2.3.0.jar:/home/user/.m2/repository/javax/activation/activation/1.1.1/activation-1.1.1.jar:/home/user/.m2/repository/org/apache/hadoop/hadoop-ozone-csi/0.5.0-SNAPSHOT/hadoop-ozone-csi-0.5.0-SNAPSHOT.jar:/home/user/.m2/repository/com/google/protobuf/protobuf-java-util/3.5.1/protobuf-java-util-3.5.1.jar:/home/user/.m2/repository/org/apache/hadoop/hadoop-hdds-config/0.5.0-SNAPSHOT/hadoop-hdds-config-0.5.0-SNAPSHOT.jar:/home/user/.m2/repository/io/grpc/grpc-netty/1.17.1/grpc-netty-1.17.1.jar:/home/user/.m2/repository/io/grpc/grpc-core/1.17.1/grpc-core-1.17.1.jar:/home/user/.m2/repository/io/grpc/grpc-context/1.17.1/grpc-context-1.17.1.jar:/home/user/.m2/repository/com/google/errorprone/error_prone_annotations/2.2.0/error_prone_annotations-2.2.0.jar:/home/user/.m2/repository/org/codehaus/mojo/animal-sniffer-annotations/1.17/animal-sniffer-annotations-1.17.jar:/home/user/.m2/repository/io/opencensus/opencensus-api/0.17.0/opencensus-api-0.17.0.jar:/home/user/.m2/repository/io/opencensus/opencensus-contrib-grpc-metrics/0.17.0/opencensus-contrib-grpc-metrics-0.17.0.jar:/home/user/.m2/repository/io/netty/netty-codec-http2/4.1.30.Final/netty-codec-http2-4.1.30.Final.jar:/home/user/.m2/repository/io/netty/netty-codec-http/4.1.30.Final/netty-codec-http-4.1.30.Final.jar:/home/user/.m2/repository/io/netty/netty-codec/4.1.30.Final/netty-codec-4.1.30.Final.jar:/home/user/.m2/repository/io/netty/netty-handler/4.1.30.Final/netty-handler-4.1.30.Final.jar:/home/user/.m2/repository/io/netty/netty-handler-proxy/4.1.30.Final/netty-handler-proxy-4.1.30.Final.jar:/home/user/.m2/repository/io/netty/netty-codec-socks/4.1.30.Final/netty-codec-socks-4.1.30.Final.jar:/home/user/.m2/repository/io/netty/netty-transport-native-epoll/4.1.30.Final/netty-transport-native-epoll-4.1.30.Final.jar:/home/user/.m2/repository/io/netty/netty-common/4.1.30.Final/netty-common-4.1.30.Final.jar:/home/user/.m2/repository/io/netty/netty-buffer/4.1.30.Final/netty-buffer-4.1.30.Final.jar:/home/user/.m2/repository/io/netty/netty-transport/4.1.30.Final/netty-transport-4.1.30.Final.jar:/home/user/.m2/repository/io/netty/netty-resolver/4.1.30.Final/netty-resolver-4.1.30.Final.jar:/home/user/.m2/repository/io/netty/netty-transport-native-unix-common/4.1.30.Final/netty-transport-native-unix-common-4.1.30.Final.jar:/home/user/.m2/repository/io/grpc/grpc-protobuf/1.17.1/grpc-protobuf-1.17.1.jar:/home/user/.m2/repository/com/google/api/grpc/proto-google-common-protos/1.0.0/proto-google-common-protos-1.0.0.jar:/home/user/.m2/repository/io/grpc/grpc-protobuf-lite/1.17.1/grpc-protobuf-lite-1.17.1.jar:/home/user/.m2/repository/io/grpc/grpc-stub/1.17.1/grpc-stub-1.17.1.jar:/home/user/.m2/repository/org/apache/hadoop/hadoop-ozone-recon/0.5.0-SNAPSHOT/hadoop-ozone-recon-0.5.0-SNAPSHOT.jar:/home/user/.m2/repository/org/apache/hadoop/hadoop-ozone-reconcodegen/0.5.0-SNAPSHOT/hadoop-ozone-reconcodegen-0.5.0-SNAPSHOT.jar:/home/user/.m2/repository/com/google/inject/extensions/guice-multibindings/4.0/guice-multibindings-4.0.jar:/home/user/.m2/repository/com/google/inject/guice/4.0/guice-4.0.jar:/home/user/.m2/repository/aopalliance/aopalliance/1.0/aopalliance-1.0.jar:/home/user/.m2/repository/com/google/inject/extensions/guice-servlet/4.0/guice-servlet-4.0.jar:/home/user/.m2/repository/org/glassfish/jersey/containers/jersey-container-servlet/2.27/jersey-container-servlet-2.27.jar:/home/user/.m2/repository/org/glassfish/hk2/guice-bridge/2.5.0/guice-bridge-2.5.0.jar:/home/user/.m2/repository/org/glassfish/jersey/core/jersey-server/2.27/jersey-server-2.27.jar:/home/user/.m2/repository/org/glassfish/jersey/core/jersey-client/2.27/jersey-client-2.27.jar:/home/user/.m2/repository/org/glassfish/jersey/media/jersey-media-jaxb/2.27/jersey-media-jaxb-2.27.jar:/home/user/.m2/repository/javax/validation/validation-api/1.1.0.Final/validation-api-1.1.0.Final.jar:/home/user/.m2/repository/org/glassfish/jersey/media/jersey-media-json-jackson/2.27/jersey-media-json-jackson-2.27.jar:/home/user/.m2/repository/org/glassfish/jersey/ext/jersey-entity-filtering/2.27/jersey-entity-filtering-2.27.jar:/home/user/.m2/repository/com/google/inject/extensions/guice-assistedinject/4.0/guice-assistedinject-4.0.jar:/home/user/.m2/repository/org/jooq/jooq/3.11.10/jooq-3.11.10.jar:/home/user/.m2/repository/org/jooq/jooq-meta/3.11.10/jooq-meta-3.11.10.jar:/home/user/.m2/repository/org/jooq/jooq-codegen/3.11.10/jooq-codegen-3.11.10.jar:/home/user/.m2/repository/com/jolbox/bonecp/0.8.0.RELEASE/bonecp-0.8.0.RELEASE.jar:/home/user/.m2/repository/org/xerial/sqlite-jdbc/3.25.2/sqlite-jdbc-3.25.2.jar:/home/user/.m2/repository/org/springframework/spring-jdbc/5.1.3.RELEASE/spring-jdbc-5.1.3.RELEASE.jar:/home/user/.m2/repository/org/springframework/spring-beans/5.1.3.RELEASE/spring-beans-5.1.3.RELEASE.jar:/home/user/.m2/repository/org/springframework/spring-core/5.1.3.RELEASE/spring-core-5.1.3.RELEASE.jar:/home/user/.m2/repository/org/springframework/spring-jcl/5.1.3.RELEASE/spring-jcl-5.1.3.RELEASE.jar:/home/user/.m2/repository/org/springframework/spring-tx/5.1.3.RELEASE/spring-tx-5.1.3.RELEASE.jar:/home/user/.m2/repository/org/apache/hadoop/hadoop-ozone-client/0.5.0-SNAPSHOT/hadoop-ozone-client-0.5.0-SNAPSHOT.jar:/home/user/.m2/repository/commons-lang/commons-lang/2.6/commons-lang-2.6.jar:/home/user/.m2/repository/org/apache/hadoop/hadoop-ozone-ozone-manager/0.5.0-SNAPSHOT/hadoop-ozone-ozone-manager-0.5.0-SNAPSHOT-tests.jar:/home/user/.m2/repository/junit/junit/4.11/junit-4.11.jar:/home/user/.m2/repository/org/hamcrest/hamcrest-core/1.3/hamcrest-core-1.3.jar:/home/user/.m2/repository/org/openjdk/jmh/jmh-core/1.19/jmh-core-1.19.jar:/home/user/.m2/repository/net/sf/jopt-simple/jopt-simple/4.6/jopt-simple-4.6.jar:/home/user/.m2/repository/org/apache/commons/commons-math3/3.1.1/commons-math3-3.1.1.jar:/home/user/.m2/repository/org/openjdk/jmh/jmh-generator-annprocess/1.19/jmh-generator-annprocess-1.19.jar:/home/user/.m2/repository/org/mockito/mockito-all/1.8.5/mockito-all-1.8.5.jar:/home/user/.m2/repository/org/apache/hadoop/hadoop-kms/3.2.0/hadoop-kms-3.2.0.jar:/home/user/.m2/repository/org/apache/hadoop/hadoop-auth/3.2.0/hadoop-auth-3.2.0.jar:/home/user/.m2/repository/com/nimbusds/nimbus-jose-jwt/4.41.1/nimbus-jose-jwt-4.41.1.jar:/home/user/.m2/repository/com/github/stephenc/jcip/jcip-annotations/1.0-1/jcip-annotations-1.0-1.jar:/home/user/.m2/repository/net/minidev/json-smart/2.3/json-smart-2.3.jar:/home/user/.m2/repository/net/minidev/accessors-smart/1.2/accessors-smart-1.2.jar:/home/user/.m2/repository/org/ow2/asm/asm/5.0.4/asm-5.0.4.jar:/home/user/.m2/repository/org/apache/curator/curator-framework/2.12.0/curator-framework-2.12.0.jar:/home/user/.m2/repository/com/sun/jersey/jersey-core/1.19/jersey-core-1.19.jar:/home/user/.m2/repository/javax/ws/rs/jsr311-api/1.1.1/jsr311-api-1.1.1.jar:/home/user/.m2/repository/com/sun/jersey/jersey-server/1.19/jersey-server-1.19.jar:/home/user/.m2/repository/javax/servlet/javax.servlet-api/3.1.0/javax.servlet-api-3.1.0.jar:/home/user/.m2/repository/org/eclipse/jetty/jetty-server/9.3.25.v20180904/jetty-server-9.3.25.v20180904.jar:/home/user/.m2/repository/org/eclipse/jetty/jetty-http/9.3.25.v20180904/jetty-http-9.3.25.v20180904.jar:/home/user/.m2/repository/org/eclipse/jetty/jetty-io/9.3.25.v20180904/jetty-io-9.3.25.v20180904.jar:/home/user/.m2/repository/org/eclipse/jetty/jetty-webapp/9.3.25.v20180904/jetty-webapp-9.3.25.v20180904.jar:/home/user/.m2/repository/org/eclipse/jetty/jetty-xml/9.3.25.v20180904/jetty-xml-9.3.25.v20180904.jar:/home/user/.m2/repository/log4j/log4j/1.2.17/log4j-1.2.17.jar:/home/user/.m2/repository/org/slf4j/slf4j-api/1.7.25/slf4j-api-1.7.25.jar:/home/user/.m2/repository/org/slf4j/jul-to-slf4j/1.7.25/jul-to-slf4j-1.7.25.jar:/home/user/.m2/repository/org/eclipse/jetty/jetty-util/9.3.25.v20180904/jetty-util-9.3.25.v20180904.jar:/home/user/.m2/repository/com/fasterxml/jackson/core/jackson-databind/2.9.9/jackson-databind-2.9.9.jar:/home/user/.m2/repository/org/apache/hadoop/hadoop-kms/3.2.0/hadoop-kms-3.2.0-tests.jar:/home/user/.m2/repository/org/apache/hadoop/hadoop-hdds-server-scm/0.5.0-SNAPSHOT/hadoop-hdds-server-scm-0.5.0-SNAPSHOT-tests.jar:/home/user/.m2/repository/org/apache/hadoop/hadoop-hdds-container-service/0.5.0-SNAPSHOT/hadoop-hdds-container-service-0.5.0-SNAPSHOT-tests.jar:/home/user/.m2/repository/org/yaml/snakeyaml/1.16/snakeyaml-1.16.jar:/home/user/.m2/repository/org/apache/hadoop/hadoop-common/3.2.0/hadoop-common-3.2.0-tests.jar:/home/user/.m2/repository/org/apache/hadoop/hadoop-annotations/3.2.0/hadoop-annotations-3.2.0.jar:/usr/lib/jvm/java-1.8-openjdk/jre/../lib/tools.jar:/home/user/.m2/repository/commons-cli/commons-cli/1.2/commons-cli-1.2.jar:/home/user/.m2/repository/org/apache/httpcomponents/httpclient/4.5.2/httpclient-4.5.2.jar:/home/user/.m2/repository/org/apache/httpcomponents/httpcore/4.4.4/httpcore-4.4.4.jar:/home/user/.m2/repository/commons-codec/commons-codec/1.11/commons-codec-1.11.jar:/home/user/.m2/repository/commons-net/commons-net/3.6/commons-net-3.6.jar:/home/user/.m2/repository/commons-collections/commons-collections/3.2.2/commons-collections-3.2.2.jar:/home/user/.m2/repository/org/eclipse/jetty/jetty-servlet/9.3.25.v20180904/jetty-servlet-9.3.25.v20180904.jar:/home/user/.m2/repository/org/eclipse/jetty/jetty-security/9.3.25.v20180904/jetty-security-9.3.25.v20180904.jar:/home/user/.m2/repository/javax/servlet/jsp/jsp-api/2.1/jsp-api-2.1.jar:/home/user/.m2/repository/com/sun/jersey/jersey-servlet/1.19/jersey-servlet-1.19.jar:/home/user/.m2/repository/com/sun/jersey/jersey-json/1.19/jersey-json-1.19.jar:/home/user/.m2/repository/org/codehaus/jettison/jettison/1.1/jettison-1.1.jar:/home/user/.m2/repository/org/codehaus/jackson/jackson-core-asl/1.9.13/jackson-core-asl-1.9.13.jar:/home/user/.m2/repository/org/codehaus/jackson/jackson-mapper-asl/1.9.13/jackson-mapper-asl-1.9.13.jar:/home/user/.m2/repository/org/codehaus/jackson/jackson-jaxrs/1.9.13/jackson-jaxrs-1.9.13.jar:/home/user/.m2/repository/org/codehaus/jackson/jackson-xc/1.9.13/jackson-xc-1.9.13.jar:/home/user/.m2/repository/commons-logging/commons-logging/1.1.3/commons-logging-1.1.3.jar:/home/user/.m2/repository/commons-beanutils/commons-beanutils/1.9.4/commons-beanutils-1.9.4.jar:/home/user/.m2/repository/org/apache/commons/commons-configuration2/2.1.1/commons-configuration2-2.1.1.jar:/home/user/.m2/repository/org/apache/commons/commons-lang3/3.7/commons-lang3-3.7.jar:/home/user/.m2/repository/org/apache/commons/commons-text/1.4/commons-text-1.4.jar:/home/user/.m2/repository/org/apache/avro/avro/1.7.7/avro-1.7.7.jar:/home/user/.m2/repository/com/thoughtworks/paranamer/paranamer/2.3/paranamer-2.3.jar:/home/user/.m2/repository/org/xerial/snappy/snappy-java/1.0.5/snappy-java-1.0.5.jar:/home/user/.m2/repository/com/google/re2j/re2j/1.1/re2j-1.1.jar:/home/user/.m2/repository/com/google/code/gson/gson/2.2.4/gson-2.2.4.jar:/home/user/.m2/repository/com/jcraft/jsch/0.1.54/jsch-0.1.54.jar:/home/user/.m2/repository/org/apache/curator/curator-client/2.12.0/curator-client-2.12.0.jar:/home/user/.m2/repository/org/apache/curator/curator-recipes/2.12.0/curator-recipes-2.12.0.jar:/home/user/.m2/repository/com/google/code/findbugs/jsr305/3.0.0/jsr305-3.0.0.jar:/home/user/.m2/repository/org/apache/htrace/htrace-core4/4.1.0-incubating/htrace-core4-4.1.0-incubating.jar:/home/user/.m2/repository/org/apache/zookeeper/zookeeper/3.4.13/zookeeper-3.4.13.jar:/home/user/.m2/repository/jline/jline/0.9.94/jline-0.9.94.jar:/home/user/.m2/repository/org/apache/yetus/audience-annotations/0.5.0/audience-annotations-0.5.0.jar:/home/user/.m2/repository/org/codehaus/woodstox/stax2-api/3.1.4/stax2-api-3.1.4.jar:/home/user/.m2/repository/com/fasterxml/woodstox/woodstox-core/5.0.3/woodstox-core-5.0.3.jar:/home/user/.m2/repository/dnsjava/dnsjava/2.1.7/dnsjava-2.1.7.jar:/home/user/.m2/repository/org/apache/hadoop/hadoop-hdfs/3.2.0/hadoop-hdfs-3.2.0-tests.jar:/home/user/.m2/repository/org/eclipse/jetty/jetty-util-ajax/9.3.25.v20180904/jetty-util-ajax-9.3.25.v20180904.jar:/home/user/.m2/repository/commons-daemon/commons-daemon/1.0.13/commons-daemon-1.0.13.jar:/home/user/.m2/repository/io/netty/netty/3.10.5.Final/netty-3.10.5.Final.jar:/home/user/.m2/repository/io/netty/netty-all/4.0.52.Final/netty-all-4.0.52.Final.jar:/home/user/.m2/repository/org/fusesource/leveldbjni/leveldbjni-all/1.8/leveldbjni-all-1.8.jar:"/>
    <property name="sun.cpu.endian" value="little"/>
    <property name="user.home" value="/home/user"/>
    <property name="user.language" value="en"/>
    <property name="java.specification.vendor" value="Oracle Corporation"/>
    <property name="java.home" value="/usr/lib/jvm/java-1.8-openjdk/jre"/>
    <property name="java.security.krb5.conf" value="/workdir/hadoop-ozone/integration-test/target/test-classes/krb5.conf"/>
    <property name="basedir" value="/workdir/hadoop-ozone/integration-test"/>
    <property name="file.separator" value="/"/>
    <property name="line.separator" value="&#10;"/>
    <property name="java.vm.specification.vendor" value="Oracle Corporation"/>
    <property name="java.specification.name" value="Java Platform API Specification"/>
    <property name="java.awt.graphicsenv" value="sun.awt.X11GraphicsEnvironment"/>
    <property name="surefire.real.class.path" value="/workdir/hadoop-ozone/integration-test/target/surefire/surefirebooter8302779003013417572.jar"/>
    <property name="hadoop.log.dir" value="/workdir/hadoop-ozone/integration-test/target/log"/>
    <property name="sun.boot.class.path" value="/usr/lib/jvm/java-1.8-openjdk/jre/lib/resources.jar:/usr/lib/jvm/java-1.8-openjdk/jre/lib/rt.jar:/usr/lib/jvm/java-1.8-openjdk/jre/lib/sunrsasign.jar:/usr/lib/jvm/java-1.8-openjdk/jre/lib/jsse.jar:/usr/lib/jvm/java-1.8-openjdk/jre/lib/jce.jar:/usr/lib/jvm/java-1.8-openjdk/jre/lib/charsets.jar:/usr/lib/jvm/java-1.8-openjdk/jre/lib/jfr.jar:/usr/lib/jvm/java-1.8-openjdk/jre/classes"/>
    <property name="sun.management.compiler" value="HotSpot 64-Bit Tiered Compilers"/>
    <property name="java.runtime.version" value="1.8.0_212-b04"/>
    <property name="java.net.preferIPv4Stack" value="true"/>
    <property name="user.name" value="jenkins1000"/>
    <property name="path.separator" value=":"/>
    <property name="java.security.egd" value="file:///dev/urandom"/>
    <property name="os.version" value="3.10.0-957.12.2.el7.x86_64"/>
    <property name="java.endorsed.dirs" value="/usr/lib/jvm/java-1.8-openjdk/jre/lib/endorsed"/>
    <property name="java.runtime.name" value="OpenJDK Runtime Environment"/>
    <property name="file.encoding" value="UTF-8"/>
    <property name="java.vm.name" value="OpenJDK 64-Bit Server VM"/>
    <property name="test.build.webapps" value=""/>
    <property name="localRepository" value="/home/user/.m2/repository"/>
    <property name="java.vendor.url.bug" value="https://icedtea.classpath.org/bugzilla"/>
    <property name="java.io.tmpdir" value="/tmp"/>
    <property name="require.test.libhadoop" value=""/>
    <property name="java.version" value="1.8.0_212"/>
    <property name="user.dir" value="/workdir/hadoop-ozone/integration-test"/>
    <property name="os.arch" value="amd64"/>
    <property name="java.vm.specification.name" value="Java Virtual Machine Specification"/>
    <property name="test.build.classes" value="/workdir/hadoop-ozone/integration-test/target/test-classes"/>
    <property name="java.awt.printerjob" value="sun.print.PSPrinterJob"/>
    <property name="sun.os.patch.level" value="unknown"/>
    <property name="hadoop.tmp.dir" value="/workdir/hadoop-ozone/integration-test/target/tmp"/>
    <property name="java.library.path" value="/usr/lib/jvm/java-1.8-openjdk/jre/lib/amd64/server:/usr/lib/jvm/java-1.8-openjdk/jre/lib/amd64:/usr/lib/jvm/java-1.8-openjdk/jre/../lib/amd64:/workdir/hadoop-ozone/integration-test/target/native/target/usr/local/lib:/workdir/hadoop-ozone/integration-test/../../hadoop-common-project/hadoop-common/target/native/target/usr/local/lib:/usr/java/packages/lib/amd64:/usr/lib64:/lib64:/lib:/usr/lib"/>
    <property name="java.vm.info" value="mixed mode"/>
    <property name="java.vendor" value="IcedTea"/>
    <property name="java.vm.version" value="25.212-b04"/>
    <property name="java.ext.dirs" value="/usr/lib/jvm/java-1.8-openjdk/jre/lib/ext:/usr/java/packages/lib/ext"/>
    <property name="sun.io.unicode.encoding" value="UnicodeLittle"/>
    <property name="java.class.version" value="52.0"/>
  </properties>
  <testcase name="testWatchForCommitWithKeyWrite" classname="org.apache.hadoop.ozone.client.rpc.TestWatchForCommit" time="86.906"/>
  <testcase name="testWatchForCommitWithSmallerTimeoutValue" classname="org.apache.hadoop.ozone.client.rpc.TestWatchForCommit" time="43.207"/>
  <testcase name="testWatchForCommitForRetryfailure" classname="org.apache.hadoop.ozone.client.rpc.TestWatchForCommit" time="72.682"/>
  <testcase name="testWatchForCommitForGroupMismatchException" classname="org.apache.hadoop.ozone.client.rpc.TestWatchForCommit" time="32.064"/>
  <testcase name="test2WayCommitForTimeoutException" classname="org.apache.hadoop.ozone.client.rpc.TestWatchForCommit" time="22.155">
    <error type="java.util.concurrent.TimeoutException">java.util.concurrent.TimeoutException
	at java.util.concurrent.CompletableFuture.timedGet(CompletableFuture.java:1771)
	at java.util.concurrent.CompletableFuture.get(CompletableFuture.java:1915)
	at org.apache.hadoop.hdds.scm.XceiverClientRatis.watchForCommit(XceiverClientRatis.java:298)
	at org.apache.hadoop.ozone.client.rpc.TestWatchForCommit.test2WayCommitForTimeoutException(TestWatchForCommit.java:391)
	at sun.reflect.NativeMethodAccessorImpl.invoke0(Native Method)
	at sun.reflect.NativeMethodAccessorImpl.invoke(NativeMethodAccessorImpl.java:62)
	at sun.reflect.DelegatingMethodAccessorImpl.invoke(DelegatingMethodAccessorImpl.java:43)
	at java.lang.reflect.Method.invoke(Method.java:498)
	at org.junit.runners.model.FrameworkMethod$1.runReflectiveCall(FrameworkMethod.java:47)
	at org.junit.internal.runners.model.ReflectiveCallable.run(ReflectiveCallable.java:12)
	at org.junit.runners.model.FrameworkMethod.invokeExplosively(FrameworkMethod.java:44)
	at org.junit.internal.runners.statements.InvokeMethod.evaluate(InvokeMethod.java:17)
	at org.junit.runners.ParentRunner.runLeaf(ParentRunner.java:271)
	at org.junit.runners.BlockJUnit4ClassRunner.runChild(BlockJUnit4ClassRunner.java:70)
	at org.junit.runners.BlockJUnit4ClassRunner.runChild(BlockJUnit4ClassRunner.java:50)
	at org.junit.runners.ParentRunner$3.run(ParentRunner.java:238)
	at org.junit.runners.ParentRunner$1.schedule(ParentRunner.java:63)
	at org.junit.runners.ParentRunner.runChildren(ParentRunner.java:236)
	at org.junit.runners.ParentRunner.access$000(ParentRunner.java:53)
	at org.junit.runners.ParentRunner$2.evaluate(ParentRunner.java:229)
	at org.junit.runners.ParentRunner.run(ParentRunner.java:309)
	at org.apache.maven.surefire.junit4.JUnit4Provider.execute(JUnit4Provider.java:365)
	at org.apache.maven.surefire.junit4.JUnit4Provider.executeWithRerun(JUnit4Provider.java:273)
	at org.apache.maven.surefire.junit4.JUnit4Provider.executeTestSet(JUnit4Provider.java:238)
	at org.apache.maven.surefire.junit4.JUnit4Provider.invoke(JUnit4Provider.java:159)
	at org.apache.maven.surefire.booter.ForkedBooter.invokeProviderInSameClassLoader(ForkedBooter.java:384)
	at org.apache.maven.surefire.booter.ForkedBooter.runSuitesInProcess(ForkedBooter.java:345)
	at org.apache.maven.surefire.booter.ForkedBooter.execute(ForkedBooter.java:126)
	at org.apache.maven.surefire.booter.ForkedBooter.main(ForkedBooter.java:418)
</error>
    <system-out><![CDATA[2019-10-02 21:36:47,870 [main] WARN  server.ServerUtils (ServerUtils.java:getScmDbDir(145)) - ozone.scm.db.dirs is not configured. We recommend adding this setting. Falling back to ozone.metadata.dirs instead.
2019-10-02 21:36:47,884 [main] WARN  server.ServerUtils (ServerUtils.java:getScmDbDir(145)) - ozone.scm.db.dirs is not configured. We recommend adding this setting. Falling back to ozone.metadata.dirs instead.
2019-10-02 21:36:47,885 [main] WARN  server.ServerUtils (ServerUtils.java:getScmDbDir(145)) - ozone.scm.db.dirs is not configured. We recommend adding this setting. Falling back to ozone.metadata.dirs instead.
2019-10-02 21:36:47,885 [main] INFO  db.DBStoreBuilder (DBStoreBuilder.java:addTable(110)) - using custom profile for table: deletedBlocks
2019-10-02 21:36:47,885 [main] INFO  db.DBStoreBuilder (DBStoreBuilder.java:processTables(161)) - Using default column profile:DBProfile.DISK for Table:deletedBlocks
2019-10-02 21:36:47,885 [main] INFO  db.DBStoreBuilder (DBStoreBuilder.java:addTable(110)) - using custom profile for table: validCerts
2019-10-02 21:36:47,885 [main] INFO  db.DBStoreBuilder (DBStoreBuilder.java:processTables(161)) - Using default column profile:DBProfile.DISK for Table:validCerts
2019-10-02 21:36:47,886 [main] INFO  db.DBStoreBuilder (DBStoreBuilder.java:addTable(110)) - using custom profile for table: revokedCerts
2019-10-02 21:36:47,886 [main] INFO  db.DBStoreBuilder (DBStoreBuilder.java:processTables(161)) - Using default column profile:DBProfile.DISK for Table:revokedCerts
2019-10-02 21:36:47,886 [main] INFO  db.DBStoreBuilder (DBStoreBuilder.java:addTable(110)) - using custom profile for table: default
2019-10-02 21:36:47,886 [main] INFO  db.DBStoreBuilder (DBStoreBuilder.java:processTables(167)) - Using default column profile:DBProfile.DISK for Table:default
2019-10-02 21:36:47,886 [main] INFO  db.DBStoreBuilder (DBStoreBuilder.java:getDbProfile(198)) - Using default options. DBProfile.DISK
2019-10-02 21:36:48,037 [main] INFO  net.NodeSchemaLoader (NodeSchemaLoader.java:loadSchemaFromFile(125)) - Loading file from sun.misc.CompoundEnumeration@2f9b21d6
2019-10-02 21:36:48,037 [main] INFO  net.NodeSchemaLoader (NodeSchemaLoader.java:loadSchema(171)) - Loading network topology layer schema file
2019-10-02 21:36:48,041 [main] WARN  server.ServerUtils (ServerUtils.java:sanitizeUserArgs(70)) - ozone.scm.stale.node.interval value = 300000 is larger than max = 100000 based on the key value of ozone.scm.heartbeat.thread.interval, reset to the max value 100000.
2019-10-02 21:36:48,041 [main] WARN  server.ServerUtils (ServerUtils.java:sanitizeUserArgs(70)) - ozone.scm.stale.node.interval value = 300000 is larger than max = 100000 based on the key value of ozone.scm.heartbeat.thread.interval, reset to the max value 100000.
2019-10-02 21:36:48,041 [main] INFO  node.SCMNodeManager (SCMNodeManager.java:<init>(114)) - Entering startup safe mode.
2019-10-02 21:36:48,042 [main] INFO  algorithms.ContainerPlacementPolicyFactory (ContainerPlacementPolicyFactory.java:getPolicy(57)) - Create container placement policy of type org.apache.hadoop.hdds.scm.container.placement.algorithms.SCMContainerPlacementRandom
2019-10-02 21:36:48,042 [main] WARN  server.ServerUtils (ServerUtils.java:getScmDbDir(145)) - ozone.scm.db.dirs is not configured. We recommend adding this setting. Falling back to ozone.metadata.dirs instead.
2019-10-02 21:36:48,090 [main] INFO  pipeline.SCMPipelineManager (SCMPipelineManager.java:initializePipelineState(132)) - No pipeline exists in current db
2019-10-02 21:36:48,090 [main] WARN  server.ServerUtils (ServerUtils.java:getScmDbDir(145)) - ozone.scm.db.dirs is not configured. We recommend adding this setting. Falling back to ozone.metadata.dirs instead.
2019-10-02 21:36:48,121 [main] WARN  events.EventQueue (EventQueue.java:fireEvent(183)) - No event handler registered for event TypedEvent{payloadType=SafeModeStatus, name='SafeModeStatus'}
2019-10-02 21:36:48,122 [main] INFO  ipc.CallQueueManager (CallQueueManager.java:<init>(84)) - Using callQueue: class java.util.concurrent.LinkedBlockingQueue, queueCapacity: 2000, scheduler: class org.apache.hadoop.ipc.DefaultRpcScheduler, ipcBackoff: false.
2019-10-02 21:36:48,123 [Socket Reader #1 for port 35993] INFO  ipc.Server (Server.java:run(1074)) - Starting Socket Reader #1 for port 35993
2019-10-02 21:36:48,125 [main] INFO  ipc.CallQueueManager (CallQueueManager.java:<init>(84)) - Using callQueue: class java.util.concurrent.LinkedBlockingQueue, queueCapacity: 2000, scheduler: class org.apache.hadoop.ipc.DefaultRpcScheduler, ipcBackoff: false.
2019-10-02 21:36:48,125 [Socket Reader #1 for port 33936] INFO  ipc.Server (Server.java:run(1074)) - Starting Socket Reader #1 for port 33936
2019-10-02 21:36:48,127 [main] INFO  ipc.CallQueueManager (CallQueueManager.java:<init>(84)) - Using callQueue: class java.util.concurrent.LinkedBlockingQueue, queueCapacity: 2000, scheduler: class org.apache.hadoop.ipc.DefaultRpcScheduler, ipcBackoff: false.
2019-10-02 21:36:48,128 [Socket Reader #1 for port 36033] INFO  ipc.Server (Server.java:run(1074)) - Starting Socket Reader #1 for port 36033
2019-10-02 21:36:48,130 [main] INFO  hdfs.DFSUtil (DFSUtil.java:httpServerTemplateForNNAndJN(1641)) - Starting Web-server for scm at: http://0.0.0.0:0
2019-10-02 21:36:48,131 [main] INFO  server.AuthenticationFilter (AuthenticationFilter.java:constructSecretProvider(240)) - Unable to initialize FileSignerSecretProvider, falling back to use random secrets.
2019-10-02 21:36:48,132 [main] WARN  http.HttpRequestLog (HttpRequestLog.java:getRequestLog(97)) - Jetty request log can only be enabled using Log4j
2019-10-02 21:36:48,133 [main] INFO  http.HttpServer2 (HttpServer2.java:addGlobalFilter(975)) - Added global filter 'safety' (class=org.apache.hadoop.http.HttpServer2$QuotingInputFilter)
2019-10-02 21:36:48,134 [main] INFO  http.HttpServer2 (HttpServer2.java:addFilter(948)) - Added filter static_user_filter (class=org.apache.hadoop.http.lib.StaticUserWebFilter$StaticUserFilter) to context scm
2019-10-02 21:36:48,134 [main] INFO  http.HttpServer2 (HttpServer2.java:addFilter(958)) - Added filter static_user_filter (class=org.apache.hadoop.http.lib.StaticUserWebFilter$StaticUserFilter) to context logs
2019-10-02 21:36:48,134 [main] INFO  http.HttpServer2 (HttpServer2.java:addFilter(958)) - Added filter static_user_filter (class=org.apache.hadoop.http.lib.StaticUserWebFilter$StaticUserFilter) to context static
2019-10-02 21:36:48,135 [main] INFO  server.StorageContainerManager (StorageContainerManager.java:start(770)) - StorageContainerLocationProtocol RPC server is listening at /0.0.0.0:36033
2019-10-02 21:36:48,137 [main] WARN  impl.MetricsConfig (MetricsConfig.java:loadFirst(134)) - Cannot locate configuration: tried hadoop-metrics2-storagecontainermanager.properties,hadoop-metrics2.properties
2019-10-02 21:36:48,138 [main] INFO  impl.MetricsSystemImpl (MetricsSystemImpl.java:startTimer(374)) - Scheduled Metric snapshot period at 10 second(s).
2019-10-02 21:36:48,138 [main] INFO  impl.MetricsSystemImpl (MetricsSystemImpl.java:start(191)) - StorageContainerManager metrics system started
2019-10-02 21:36:48,216 [main] WARN  impl.MetricsSystemImpl (MetricsSystemImpl.java:register(276)) - Sink prometheus already exists!
2019-10-02 21:36:48,303 [main] INFO  server.SCMClientProtocolServer (SCMClientProtocolServer.java:start(150)) - RPC server for Client  is listening at /0.0.0.0:36033
2019-10-02 21:36:48,303 [IPC Server Responder] INFO  ipc.Server (Server.java:run(1314)) - IPC Server Responder: starting
2019-10-02 21:36:48,304 [IPC Server listener on 36033] INFO  ipc.Server (Server.java:run(1153)) - IPC Server listener on 36033: starting
2019-10-02 21:36:48,312 [main] INFO  server.StorageContainerManager (StorageContainerManager.java:start(780)) - ScmBlockLocationProtocol RPC server is listening at /0.0.0.0:33936
2019-10-02 21:36:48,312 [main] INFO  server.SCMBlockProtocolServer (SCMBlockProtocolServer.java:start(146)) - RPC server for Block Protocol is listening at /0.0.0.0:33936
2019-10-02 21:36:48,313 [IPC Server Responder] INFO  ipc.Server (Server.java:run(1314)) - IPC Server Responder: starting
2019-10-02 21:36:48,313 [IPC Server listener on 33936] INFO  ipc.Server (Server.java:run(1153)) - IPC Server listener on 33936: starting
2019-10-02 21:36:48,317 [main] INFO  server.StorageContainerManager (StorageContainerManager.java:start(784)) - ScmDatanodeProtocl RPC server is listening at /0.0.0.0:35993
2019-10-02 21:36:48,317 [main] INFO  server.SCMDatanodeProtocolServer (SCMDatanodeProtocolServer.java:start(191)) - RPC server for DataNodes is listening at /0.0.0.0:35993
2019-10-02 21:36:48,317 [IPC Server Responder] INFO  ipc.Server (Server.java:run(1314)) - IPC Server Responder: starting
2019-10-02 21:36:48,317 [IPC Server listener on 35993] INFO  ipc.Server (Server.java:run(1153)) - IPC Server listener on 35993: starting
2019-10-02 21:36:48,321 [main] INFO  http.HttpServer2 (HttpServer2.java:bindListener(1191)) - Jetty bound to port 36361
2019-10-02 21:36:48,322 [main] INFO  server.Server (Server.java:doStart(351)) - jetty-9.3.25.v20180904, build timestamp: 2018-09-04T21:11:46Z, git hash: 3ce520221d0240229c862b122d2b06c12a625732
2019-10-02 21:36:48,323 [main] INFO  handler.ContextHandler (ContextHandler.java:doStart(781)) - Started o.e.j.s.ServletContextHandler@450f0235{/logs,file:///workdir/hadoop-ozone/integration-test/target/log,AVAILABLE}
2019-10-02 21:36:48,324 [main] INFO  handler.ContextHandler (ContextHandler.java:doStart(781)) - Started o.e.j.s.ServletContextHandler@7d2c9361{/static,file:///workdir/hadoop-ozone/integration-test/target/test-classes/webapps/static,AVAILABLE}
2019-10-02 21:36:48,327 [main] INFO  handler.ContextHandler (ContextHandler.java:doStart(781)) - Started o.e.j.w.WebAppContext@b379bc6{/,file:///workdir/hadoop-ozone/integration-test/target/test-classes/webapps/scm/,AVAILABLE}{/scm}
2019-10-02 21:36:48,327 [main] INFO  server.AbstractConnector (AbstractConnector.java:doStart(278)) - Started ServerConnector@374c40ba{HTTP/1.1,[http/1.1]}{0.0.0.0:36361}
2019-10-02 21:36:48,329 [main] INFO  server.Server (Server.java:doStart(419)) - Started @235746ms
2019-10-02 21:36:48,329 [main] WARN  impl.MetricsSystemImpl (MetricsSystemImpl.java:register(276)) - Sink prometheus already exists!
2019-10-02 21:36:48,330 [main] INFO  server.BaseHttpServer (BaseHttpServer.java:updateConnectorAddress(215)) - HTTP server of SCM is listening at http://0.0.0.0:36361
2019-10-02 21:36:48,331 [main] WARN  server.ServerUtils (ServerUtils.java:getDBPath(222)) - ozone.om.db.dirs is not configured. We recommend adding this setting. Falling back to ozone.metadata.dirs instead.
2019-10-02 21:36:48,331 [org.apache.hadoop.util.JvmPauseMonitor$Monitor@6dcab9d9] INFO  util.JvmPauseMonitor (JvmPauseMonitor.java:run(188)) - Starting JVM pause monitor
2019-10-02 21:36:48,346 [main] WARN  server.ServerUtils (ServerUtils.java:getDBPath(222)) - ozone.om.db.dirs is not configured. We recommend adding this setting. Falling back to ozone.metadata.dirs instead.
2019-10-02 21:36:48,346 [main] WARN  server.ServerUtils (ServerUtils.java:getDBPath(222)) - ozone.om.db.dirs is not configured. We recommend adding this setting. Falling back to ozone.metadata.dirs instead.
2019-10-02 21:36:48,346 [main] INFO  om.OzoneManager (OzoneManager.java:setOMNodeDetails(652)) - OM Service ID is not set. Setting it to the default ID: omServiceIdDefault
2019-10-02 21:36:48,347 [main] INFO  om.OzoneManager (OzoneManager.java:setOMNodeDetails(658)) - OM Node ID is not set. Setting it to the OmStorage's OmID: 14478bb9-3a1c-49ec-b6c0-ad6ba7d48cf9
2019-10-02 21:36:48,347 [main] INFO  om.OzoneManager (OzoneManager.java:loadOMHAConfigs(609)) - Found matching OM address with OMServiceId: null, OMNodeId: null, RPC Address: localhost:0 and Ratis port: 9872
2019-10-02 21:36:48,355 [main] WARN  server.ServerUtils (ServerUtils.java:getDBPath(222)) - ozone.om.db.dirs is not configured. We recommend adding this setting. Falling back to ozone.metadata.dirs instead.
2019-10-02 21:36:48,355 [main] INFO  db.DBStoreBuilder (DBStoreBuilder.java:addTable(110)) - using custom profile for table: userTable
2019-10-02 21:36:48,355 [main] INFO  db.DBStoreBuilder (DBStoreBuilder.java:processTables(161)) - Using default column profile:DBProfile.DISK for Table:userTable
2019-10-02 21:36:48,356 [main] INFO  db.DBStoreBuilder (DBStoreBuilder.java:addTable(110)) - using custom profile for table: volumeTable
2019-10-02 21:36:48,356 [main] INFO  db.DBStoreBuilder (DBStoreBuilder.java:processTables(161)) - Using default column profile:DBProfile.DISK for Table:volumeTable
2019-10-02 21:36:48,356 [main] INFO  db.DBStoreBuilder (DBStoreBuilder.java:addTable(110)) - using custom profile for table: bucketTable
2019-10-02 21:36:48,356 [main] INFO  db.DBStoreBuilder (DBStoreBuilder.java:processTables(161)) - Using default column profile:DBProfile.DISK for Table:bucketTable
2019-10-02 21:36:48,357 [main] INFO  db.DBStoreBuilder (DBStoreBuilder.java:addTable(110)) - using custom profile for table: keyTable
2019-10-02 21:36:48,357 [main] INFO  db.DBStoreBuilder (DBStoreBuilder.java:processTables(161)) - Using default column profile:DBProfile.DISK for Table:keyTable
2019-10-02 21:36:48,357 [main] INFO  db.DBStoreBuilder (DBStoreBuilder.java:addTable(110)) - using custom profile for table: deletedTable
2019-10-02 21:36:48,357 [main] INFO  db.DBStoreBuilder (DBStoreBuilder.java:processTables(161)) - Using default column profile:DBProfile.DISK for Table:deletedTable
2019-10-02 21:36:48,358 [main] INFO  db.DBStoreBuilder (DBStoreBuilder.java:addTable(110)) - using custom profile for table: openKeyTable
2019-10-02 21:36:48,358 [main] INFO  db.DBStoreBuilder (DBStoreBuilder.java:processTables(161)) - Using default column profile:DBProfile.DISK for Table:openKeyTable
2019-10-02 21:36:48,358 [main] INFO  db.DBStoreBuilder (DBStoreBuilder.java:addTable(110)) - using custom profile for table: s3Table
2019-10-02 21:36:48,358 [main] INFO  db.DBStoreBuilder (DBStoreBuilder.java:processTables(161)) - Using default column profile:DBProfile.DISK for Table:s3Table
2019-10-02 21:36:48,359 [main] INFO  db.DBStoreBuilder (DBStoreBuilder.java:addTable(110)) - using custom profile for table: multipartInfoTable
2019-10-02 21:36:48,359 [main] INFO  db.DBStoreBuilder (DBStoreBuilder.java:processTables(161)) - Using default column profile:DBProfile.DISK for Table:multipartInfoTable
2019-10-02 21:36:48,359 [main] INFO  db.DBStoreBuilder (DBStoreBuilder.java:addTable(110)) - using custom profile for table: dTokenTable
2019-10-02 21:36:48,359 [main] INFO  db.DBStoreBuilder (DBStoreBuilder.java:processTables(161)) - Using default column profile:DBProfile.DISK for Table:dTokenTable
2019-10-02 21:36:48,360 [main] INFO  db.DBStoreBuilder (DBStoreBuilder.java:addTable(110)) - using custom profile for table: s3SecretTable
2019-10-02 21:36:48,360 [main] INFO  db.DBStoreBuilder (DBStoreBuilder.java:processTables(161)) - Using default column profile:DBProfile.DISK for Table:s3SecretTable
2019-10-02 21:36:48,360 [main] INFO  db.DBStoreBuilder (DBStoreBuilder.java:addTable(110)) - using custom profile for table: prefixTable
2019-10-02 21:36:48,361 [main] INFO  db.DBStoreBuilder (DBStoreBuilder.java:processTables(161)) - Using default column profile:DBProfile.DISK for Table:prefixTable
2019-10-02 21:36:48,361 [main] INFO  db.DBStoreBuilder (DBStoreBuilder.java:addTable(110)) - using custom profile for table: default
2019-10-02 21:36:48,361 [main] INFO  db.DBStoreBuilder (DBStoreBuilder.java:processTables(167)) - Using default column profile:DBProfile.DISK for Table:default
2019-10-02 21:36:48,361 [main] INFO  db.DBStoreBuilder (DBStoreBuilder.java:getDbProfile(198)) - Using default options. DBProfile.DISK
2019-10-02 21:36:48,851 [main] INFO  ipc.CallQueueManager (CallQueueManager.java:<init>(84)) - Using callQueue: class java.util.concurrent.LinkedBlockingQueue, queueCapacity: 2000, scheduler: class org.apache.hadoop.ipc.DefaultRpcScheduler, ipcBackoff: false.
2019-10-02 21:36:48,852 [Socket Reader #1 for port 34817] INFO  ipc.Server (Server.java:run(1074)) - Starting Socket Reader #1 for port 34817
2019-10-02 21:36:48,867 [main] INFO  om.OzoneManager (OzoneManager.java:start(1243)) - OzoneManager RPC server is listening at localhost/127.0.0.1:34817
2019-10-02 21:36:48,867 [main] INFO  impl.MetricsSystemImpl (MetricsSystemImpl.java:init(158)) - OzoneManager metrics system started (again)
2019-10-02 21:36:48,868 [IPC Server Responder] INFO  ipc.Server (Server.java:run(1314)) - IPC Server Responder: starting
2019-10-02 21:36:48,868 [IPC Server listener on 34817] INFO  ipc.Server (Server.java:run(1153)) - IPC Server listener on 34817: starting
2019-10-02 21:36:48,875 [main] INFO  hdfs.DFSUtil (DFSUtil.java:httpServerTemplateForNNAndJN(1641)) - Starting Web-server for ozoneManager at: http://0.0.0.0:0
2019-10-02 21:36:48,877 [main] INFO  server.AuthenticationFilter (AuthenticationFilter.java:constructSecretProvider(240)) - Unable to initialize FileSignerSecretProvider, falling back to use random secrets.
2019-10-02 21:36:48,877 [main] WARN  http.HttpRequestLog (HttpRequestLog.java:getRequestLog(97)) - Jetty request log can only be enabled using Log4j
2019-10-02 21:36:48,879 [main] INFO  http.HttpServer2 (HttpServer2.java:addGlobalFilter(975)) - Added global filter 'safety' (class=org.apache.hadoop.http.HttpServer2$QuotingInputFilter)
2019-10-02 21:36:48,880 [main] INFO  http.HttpServer2 (HttpServer2.java:addFilter(948)) - Added filter static_user_filter (class=org.apache.hadoop.http.lib.StaticUserWebFilter$StaticUserFilter) to context ozoneManager
2019-10-02 21:36:48,880 [main] INFO  http.HttpServer2 (HttpServer2.java:addFilter(958)) - Added filter static_user_filter (class=org.apache.hadoop.http.lib.StaticUserWebFilter$StaticUserFilter) to context static
2019-10-02 21:36:48,880 [main] INFO  http.HttpServer2 (HttpServer2.java:addFilter(958)) - Added filter static_user_filter (class=org.apache.hadoop.http.lib.StaticUserWebFilter$StaticUserFilter) to context logs
2019-10-02 21:36:48,881 [main] INFO  http.HttpServer2 (HttpServer2.java:bindListener(1191)) - Jetty bound to port 40195
2019-10-02 21:36:48,881 [main] INFO  server.Server (Server.java:doStart(351)) - jetty-9.3.25.v20180904, build timestamp: 2018-09-04T21:11:46Z, git hash: 3ce520221d0240229c862b122d2b06c12a625732
2019-10-02 21:36:48,883 [main] INFO  handler.ContextHandler (ContextHandler.java:doStart(781)) - Started o.e.j.s.ServletContextHandler@582e9152{/logs,file:///workdir/hadoop-ozone/integration-test/target/log,AVAILABLE}
2019-10-02 21:36:48,884 [main] INFO  handler.ContextHandler (ContextHandler.java:doStart(781)) - Started o.e.j.s.ServletContextHandler@349c4d1c{/static,file:///workdir/hadoop-ozone/integration-test/target/test-classes/webapps/static,AVAILABLE}
2019-10-02 21:36:48,889 [main] INFO  handler.ContextHandler (ContextHandler.java:doStart(781)) - Started o.e.j.w.WebAppContext@240f350a{/,file:///workdir/hadoop-ozone/integration-test/target/test-classes/webapps/ozoneManager/,AVAILABLE}{/ozoneManager}
2019-10-02 21:36:48,889 [main] INFO  server.AbstractConnector (AbstractConnector.java:doStart(278)) - Started ServerConnector@706f6d26{HTTP/1.1,[http/1.1]}{0.0.0.0:40195}
2019-10-02 21:36:48,891 [main] INFO  server.Server (Server.java:doStart(419)) - Started @236308ms
2019-10-02 21:36:48,891 [main] WARN  impl.MetricsSystemImpl (MetricsSystemImpl.java:register(276)) - Sink prometheus already exists!
2019-10-02 21:36:48,892 [main] INFO  server.BaseHttpServer (BaseHttpServer.java:updateConnectorAddress(215)) - HTTP server of OZONEMANAGER is listening at http://0.0.0.0:40195
2019-10-02 21:36:48,911 [main] INFO  impl.MetricsSystemImpl (MetricsSystemImpl.java:init(158)) - HddsDatanode metrics system started (again)
2019-10-02 21:36:48,915 [main] INFO  ozone.HddsDatanodeService (HddsDatanodeService.java:start(184)) - HddsDatanodeService host:pr-hdds-2200-trunk-mgnwx-192523005 ip:192.168.151.122
2019-10-02 21:36:48,922 [main] INFO  volume.HddsVolume (HddsVolume.java:<init>(176)) - Creating Volume: /workdir/hadoop-ozone/integration-test/target/test-dir/MiniOzoneClusterImpl-573e4976-09fd-4d64-ae71-6260f4b2230a/datanode-0/data/containers/hdds of  storage type : DISK and capacity : 1482555576320
2019-10-02 21:36:48,922 [main] INFO  volume.VolumeSet (VolumeSet.java:initializeVolumeSet(170)) - Added Volume : /workdir/hadoop-ozone/integration-test/target/test-dir/MiniOzoneClusterImpl-573e4976-09fd-4d64-ae71-6260f4b2230a/datanode-0/data/containers/hdds to VolumeSet
2019-10-02 21:36:48,922 [main] INFO  volume.ThrottledAsyncChecker (ThrottledAsyncChecker.java:schedule(139)) - Scheduling a check for org.apache.hadoop.ozone.container.common.volume.HddsVolume@19fec3d6
2019-10-02 21:36:48,923 [main] INFO  volume.HddsVolumeChecker (HddsVolumeChecker.java:checkAllVolumes(202)) - Scheduled health check for volume org.apache.hadoop.ozone.container.common.volume.HddsVolume@19fec3d6
2019-10-02 21:36:48,941 [main] INFO  impl.RaftServerProxy (ConfUtils.java:logGet(43)) - raft.rpc.type = GRPC (default)
2019-10-02 21:36:48,941 [main] INFO  grpc.GrpcFactory (GrpcFactory.java:checkPooledByteBufAllocatorUseCacheForAllThreads(45)) - PERFORMANCE WARNING: useCacheForAllThreads is true that may cause Netty to create a lot garbage objects and, as a result, trigger GC.
	It is recommended to disable useCacheForAllThreads by setting -Dorg.apache.ratis.thirdparty.io.netty.allocator.useCacheForAllThreads=false in command line.
2019-10-02 21:36:48,941 [main] INFO  grpc.GrpcConfigKeys$Server (ConfUtils.java:logGet(43)) - raft.grpc.server.port = 0 (default)
2019-10-02 21:36:48,942 [main] INFO  server.GrpcService (ConfUtils.java:logGet(43)) - raft.grpc.message.size.max = 33570816 (custom)
2019-10-02 21:36:48,942 [main] INFO  server.RaftServerConfigKeys (ConfUtils.java:logGet(43)) - raft.server.log.appender.buffer.byte-limit = 33554432 (custom)
2019-10-02 21:36:48,942 [main] INFO  server.GrpcService (ConfUtils.java:logGet(43)) - raft.grpc.flow.control.window = 1MB (=1048576) (default)
2019-10-02 21:36:48,942 [main] INFO  server.RaftServerConfigKeys (ConfUtils.java:logGet(43)) - raft.server.rpc.request.timeout = 3000ms (default)
2019-10-02 21:36:48,943 [main] INFO  server.RaftServerConfigKeys (ConfUtils.java:logGet(43)) - raft.server.storage.dir = [/workdir/hadoop-ozone/integration-test/target/test-dir/MiniOzoneClusterImpl-573e4976-09fd-4d64-ae71-6260f4b2230a/datanode-0/data/ratis] (custom)
2019-10-02 21:36:48,945 [main] INFO  hdfs.DFSUtil (DFSUtil.java:httpServerTemplateForNNAndJN(1641)) - Starting Web-server for hddsDatanode at: http://0.0.0.0:0
2019-10-02 21:36:48,946 [main] INFO  server.AuthenticationFilter (AuthenticationFilter.java:constructSecretProvider(240)) - Unable to initialize FileSignerSecretProvider, falling back to use random secrets.
2019-10-02 21:36:48,947 [main] WARN  http.HttpRequestLog (HttpRequestLog.java:getRequestLog(97)) - Jetty request log can only be enabled using Log4j
2019-10-02 21:36:48,948 [main] INFO  http.HttpServer2 (HttpServer2.java:addGlobalFilter(975)) - Added global filter 'safety' (class=org.apache.hadoop.http.HttpServer2$QuotingInputFilter)
2019-10-02 21:36:48,949 [main] INFO  http.HttpServer2 (HttpServer2.java:addFilter(948)) - Added filter static_user_filter (class=org.apache.hadoop.http.lib.StaticUserWebFilter$StaticUserFilter) to context hddsDatanode
2019-10-02 21:36:48,949 [main] INFO  http.HttpServer2 (HttpServer2.java:addFilter(958)) - Added filter static_user_filter (class=org.apache.hadoop.http.lib.StaticUserWebFilter$StaticUserFilter) to context static
2019-10-02 21:36:48,949 [main] INFO  http.HttpServer2 (HttpServer2.java:addFilter(958)) - Added filter static_user_filter (class=org.apache.hadoop.http.lib.StaticUserWebFilter$StaticUserFilter) to context logs
2019-10-02 21:36:48,950 [main] INFO  http.HttpServer2 (HttpServer2.java:bindListener(1191)) - Jetty bound to port 39653
2019-10-02 21:36:48,950 [main] INFO  server.Server (Server.java:doStart(351)) - jetty-9.3.25.v20180904, build timestamp: 2018-09-04T21:11:46Z, git hash: 3ce520221d0240229c862b122d2b06c12a625732
2019-10-02 21:36:48,952 [main] INFO  handler.ContextHandler (ContextHandler.java:doStart(781)) - Started o.e.j.s.ServletContextHandler@a0c5be{/logs,file:///workdir/hadoop-ozone/integration-test/target/log,AVAILABLE}
2019-10-02 21:36:48,953 [main] INFO  handler.ContextHandler (ContextHandler.java:doStart(781)) - Started o.e.j.s.ServletContextHandler@14efa279{/static,jar:file:/home/user/.m2/repository/org/apache/hadoop/hadoop-hdds-container-service/0.5.0-SNAPSHOT/hadoop-hdds-container-service-0.5.0-SNAPSHOT.jar!/webapps/static,AVAILABLE}
2019-10-02 21:36:48,997 [main] INFO  handler.ContextHandler (ContextHandler.java:doStart(781)) - Started o.e.j.w.WebAppContext@5a4d4f9c{/,file:///tmp/jetty-0.0.0.0-39653-hddsDatanode-_-any-7990849561144904779.dir/webapp/,AVAILABLE}{/hddsDatanode}
2019-10-02 21:36:48,998 [main] INFO  server.AbstractConnector (AbstractConnector.java:doStart(278)) - Started ServerConnector@153d6d74{HTTP/1.1,[http/1.1]}{0.0.0.0:39653}
2019-10-02 21:36:48,999 [main] INFO  server.Server (Server.java:doStart(419)) - Started @236417ms
2019-10-02 21:36:49,000 [main] WARN  impl.MetricsSystemImpl (MetricsSystemImpl.java:register(276)) - Sink prometheus already exists!
2019-10-02 21:36:49,001 [main] INFO  server.BaseHttpServer (BaseHttpServer.java:updateConnectorAddress(215)) - HTTP server of HDDSDATANODE is listening at http://0.0.0.0:39653
2019-10-02 21:36:49,001 [main] INFO  impl.MetricsSystemImpl (MetricsSystemImpl.java:init(158)) - HddsDatanode metrics system started (again)
2019-10-02 21:36:49,006 [org.apache.hadoop.util.JvmPauseMonitor$Monitor@d4465b0] INFO  util.JvmPauseMonitor (JvmPauseMonitor.java:run(188)) - Starting JVM pause monitor
2019-10-02 21:36:49,007 [main] INFO  ozone.HddsDatanodeService (HddsDatanodeService.java:start(184)) - HddsDatanodeService host:pr-hdds-2200-trunk-mgnwx-192523005 ip:192.168.151.122
2019-10-02 21:36:49,008 [Datanode State Machine Thread - 0] INFO  datanode.InitDatanodeState (InitDatanodeState.java:persistContainerDatanodeDetails(140)) - DatanodeDetails is persisted to /workdir/hadoop-ozone/integration-test/target/test-dir/MiniOzoneClusterImpl-573e4976-09fd-4d64-ae71-6260f4b2230a/datanode-0/meta/datanode.id
2019-10-02 21:36:49,014 [main] INFO  volume.HddsVolume (HddsVolume.java:<init>(176)) - Creating Volume: /workdir/hadoop-ozone/integration-test/target/test-dir/MiniOzoneClusterImpl-573e4976-09fd-4d64-ae71-6260f4b2230a/datanode-1/data/containers/hdds of  storage type : DISK and capacity : 1482555576320
2019-10-02 21:36:49,014 [main] INFO  volume.VolumeSet (VolumeSet.java:initializeVolumeSet(170)) - Added Volume : /workdir/hadoop-ozone/integration-test/target/test-dir/MiniOzoneClusterImpl-573e4976-09fd-4d64-ae71-6260f4b2230a/datanode-1/data/containers/hdds to VolumeSet
2019-10-02 21:36:49,015 [main] INFO  volume.ThrottledAsyncChecker (ThrottledAsyncChecker.java:schedule(139)) - Scheduling a check for org.apache.hadoop.ozone.container.common.volume.HddsVolume@39023dbf
2019-10-02 21:36:49,015 [main] INFO  volume.HddsVolumeChecker (HddsVolumeChecker.java:checkAllVolumes(202)) - Scheduled health check for volume org.apache.hadoop.ozone.container.common.volume.HddsVolume@39023dbf
2019-10-02 21:36:49,032 [main] INFO  impl.RaftServerProxy (ConfUtils.java:logGet(43)) - raft.rpc.type = GRPC (default)
2019-10-02 21:36:49,033 [main] INFO  grpc.GrpcFactory (GrpcFactory.java:checkPooledByteBufAllocatorUseCacheForAllThreads(45)) - PERFORMANCE WARNING: useCacheForAllThreads is true that may cause Netty to create a lot garbage objects and, as a result, trigger GC.
	It is recommended to disable useCacheForAllThreads by setting -Dorg.apache.ratis.thirdparty.io.netty.allocator.useCacheForAllThreads=false in command line.
2019-10-02 21:36:49,033 [main] INFO  grpc.GrpcConfigKeys$Server (ConfUtils.java:logGet(43)) - raft.grpc.server.port = 0 (default)
2019-10-02 21:36:49,033 [main] INFO  server.GrpcService (ConfUtils.java:logGet(43)) - raft.grpc.message.size.max = 33570816 (custom)
2019-10-02 21:36:49,033 [main] INFO  server.RaftServerConfigKeys (ConfUtils.java:logGet(43)) - raft.server.log.appender.buffer.byte-limit = 33554432 (custom)
2019-10-02 21:36:49,034 [main] INFO  server.GrpcService (ConfUtils.java:logGet(43)) - raft.grpc.flow.control.window = 1MB (=1048576) (default)
2019-10-02 21:36:49,034 [main] INFO  server.RaftServerConfigKeys (ConfUtils.java:logGet(43)) - raft.server.rpc.request.timeout = 3000ms (default)
2019-10-02 21:36:49,034 [main] INFO  server.RaftServerConfigKeys (ConfUtils.java:logGet(43)) - raft.server.storage.dir = [/workdir/hadoop-ozone/integration-test/target/test-dir/MiniOzoneClusterImpl-573e4976-09fd-4d64-ae71-6260f4b2230a/datanode-1/data/ratis] (custom)
2019-10-02 21:36:49,036 [main] INFO  hdfs.DFSUtil (DFSUtil.java:httpServerTemplateForNNAndJN(1641)) - Starting Web-server for hddsDatanode at: http://0.0.0.0:0
2019-10-02 21:36:49,037 [main] INFO  server.AuthenticationFilter (AuthenticationFilter.java:constructSecretProvider(240)) - Unable to initialize FileSignerSecretProvider, falling back to use random secrets.
2019-10-02 21:36:49,038 [main] WARN  http.HttpRequestLog (HttpRequestLog.java:getRequestLog(97)) - Jetty request log can only be enabled using Log4j
2019-10-02 21:36:49,039 [main] INFO  http.HttpServer2 (HttpServer2.java:addGlobalFilter(975)) - Added global filter 'safety' (class=org.apache.hadoop.http.HttpServer2$QuotingInputFilter)
2019-10-02 21:36:49,040 [main] INFO  http.HttpServer2 (HttpServer2.java:addFilter(948)) - Added filter static_user_filter (class=org.apache.hadoop.http.lib.StaticUserWebFilter$StaticUserFilter) to context hddsDatanode
2019-10-02 21:36:49,040 [main] INFO  http.HttpServer2 (HttpServer2.java:addFilter(958)) - Added filter static_user_filter (class=org.apache.hadoop.http.lib.StaticUserWebFilter$StaticUserFilter) to context static
2019-10-02 21:36:49,040 [main] INFO  http.HttpServer2 (HttpServer2.java:addFilter(958)) - Added filter static_user_filter (class=org.apache.hadoop.http.lib.StaticUserWebFilter$StaticUserFilter) to context logs
2019-10-02 21:36:49,041 [main] INFO  http.HttpServer2 (HttpServer2.java:bindListener(1191)) - Jetty bound to port 45594
2019-10-02 21:36:49,041 [main] INFO  server.Server (Server.java:doStart(351)) - jetty-9.3.25.v20180904, build timestamp: 2018-09-04T21:11:46Z, git hash: 3ce520221d0240229c862b122d2b06c12a625732
2019-10-02 21:36:49,043 [main] INFO  handler.ContextHandler (ContextHandler.java:doStart(781)) - Started o.e.j.s.ServletContextHandler@492be039{/logs,file:///workdir/hadoop-ozone/integration-test/target/log,AVAILABLE}
2019-10-02 21:36:49,043 [main] INFO  handler.ContextHandler (ContextHandler.java:doStart(781)) - Started o.e.j.s.ServletContextHandler@1118d539{/static,jar:file:/home/user/.m2/repository/org/apache/hadoop/hadoop-hdds-container-service/0.5.0-SNAPSHOT/hadoop-hdds-container-service-0.5.0-SNAPSHOT.jar!/webapps/static,AVAILABLE}
2019-10-02 21:36:49,078 [main] INFO  handler.ContextHandler (ContextHandler.java:doStart(781)) - Started o.e.j.w.WebAppContext@4ef18604{/,file:///tmp/jetty-0.0.0.0-45594-hddsDatanode-_-any-7186002363909292553.dir/webapp/,AVAILABLE}{/hddsDatanode}
2019-10-02 21:36:49,078 [main] INFO  server.AbstractConnector (AbstractConnector.java:doStart(278)) - Started ServerConnector@372f0a99{HTTP/1.1,[http/1.1]}{0.0.0.0:45594}
2019-10-02 21:36:49,080 [main] INFO  server.Server (Server.java:doStart(419)) - Started @236497ms
2019-10-02 21:36:49,080 [main] WARN  impl.MetricsSystemImpl (MetricsSystemImpl.java:register(276)) - Sink prometheus already exists!
2019-10-02 21:36:49,081 [main] INFO  server.BaseHttpServer (BaseHttpServer.java:updateConnectorAddress(215)) - HTTP server of HDDSDATANODE is listening at http://0.0.0.0:45594
2019-10-02 21:36:49,081 [main] INFO  impl.MetricsSystemImpl (MetricsSystemImpl.java:init(158)) - HddsDatanode metrics system started (again)
2019-10-02 21:36:49,085 [main] INFO  ozone.HddsDatanodeService (HddsDatanodeService.java:start(184)) - HddsDatanodeService host:pr-hdds-2200-trunk-mgnwx-192523005 ip:192.168.151.122
2019-10-02 21:36:49,085 [org.apache.hadoop.util.JvmPauseMonitor$Monitor@42533ca2] INFO  util.JvmPauseMonitor (JvmPauseMonitor.java:run(188)) - Starting JVM pause monitor
2019-10-02 21:36:49,087 [Datanode State Machine Thread - 0] INFO  datanode.InitDatanodeState (InitDatanodeState.java:persistContainerDatanodeDetails(140)) - DatanodeDetails is persisted to /workdir/hadoop-ozone/integration-test/target/test-dir/MiniOzoneClusterImpl-573e4976-09fd-4d64-ae71-6260f4b2230a/datanode-1/meta/datanode.id
2019-10-02 21:36:49,092 [main] INFO  volume.HddsVolume (HddsVolume.java:<init>(176)) - Creating Volume: /workdir/hadoop-ozone/integration-test/target/test-dir/MiniOzoneClusterImpl-573e4976-09fd-4d64-ae71-6260f4b2230a/datanode-2/data/containers/hdds of  storage type : DISK and capacity : 1482555576320
2019-10-02 21:36:49,092 [main] INFO  volume.VolumeSet (VolumeSet.java:initializeVolumeSet(170)) - Added Volume : /workdir/hadoop-ozone/integration-test/target/test-dir/MiniOzoneClusterImpl-573e4976-09fd-4d64-ae71-6260f4b2230a/datanode-2/data/containers/hdds to VolumeSet
2019-10-02 21:36:49,092 [main] INFO  volume.ThrottledAsyncChecker (ThrottledAsyncChecker.java:schedule(139)) - Scheduling a check for org.apache.hadoop.ozone.container.common.volume.HddsVolume@4c18516
2019-10-02 21:36:49,093 [main] INFO  volume.HddsVolumeChecker (HddsVolumeChecker.java:checkAllVolumes(202)) - Scheduled health check for volume org.apache.hadoop.ozone.container.common.volume.HddsVolume@4c18516
2019-10-02 21:36:49,108 [main] INFO  impl.RaftServerProxy (ConfUtils.java:logGet(43)) - raft.rpc.type = GRPC (default)
2019-10-02 21:36:49,108 [main] INFO  grpc.GrpcFactory (GrpcFactory.java:checkPooledByteBufAllocatorUseCacheForAllThreads(45)) - PERFORMANCE WARNING: useCacheForAllThreads is true that may cause Netty to create a lot garbage objects and, as a result, trigger GC.
	It is recommended to disable useCacheForAllThreads by setting -Dorg.apache.ratis.thirdparty.io.netty.allocator.useCacheForAllThreads=false in command line.
2019-10-02 21:36:49,108 [main] INFO  grpc.GrpcConfigKeys$Server (ConfUtils.java:logGet(43)) - raft.grpc.server.port = 0 (default)
2019-10-02 21:36:49,108 [main] INFO  server.GrpcService (ConfUtils.java:logGet(43)) - raft.grpc.message.size.max = 33570816 (custom)
2019-10-02 21:36:49,109 [main] INFO  server.RaftServerConfigKeys (ConfUtils.java:logGet(43)) - raft.server.log.appender.buffer.byte-limit = 33554432 (custom)
2019-10-02 21:36:49,109 [main] INFO  server.GrpcService (ConfUtils.java:logGet(43)) - raft.grpc.flow.control.window = 1MB (=1048576) (default)
2019-10-02 21:36:49,109 [main] INFO  server.RaftServerConfigKeys (ConfUtils.java:logGet(43)) - raft.server.rpc.request.timeout = 3000ms (default)
2019-10-02 21:36:49,109 [main] INFO  server.RaftServerConfigKeys (ConfUtils.java:logGet(43)) - raft.server.storage.dir = [/workdir/hadoop-ozone/integration-test/target/test-dir/MiniOzoneClusterImpl-573e4976-09fd-4d64-ae71-6260f4b2230a/datanode-2/data/ratis] (custom)
2019-10-02 21:36:49,111 [main] INFO  hdfs.DFSUtil (DFSUtil.java:httpServerTemplateForNNAndJN(1641)) - Starting Web-server for hddsDatanode at: http://0.0.0.0:0
2019-10-02 21:36:49,112 [main] INFO  server.AuthenticationFilter (AuthenticationFilter.java:constructSecretProvider(240)) - Unable to initialize FileSignerSecretProvider, falling back to use random secrets.
2019-10-02 21:36:49,112 [main] WARN  http.HttpRequestLog (HttpRequestLog.java:getRequestLog(97)) - Jetty request log can only be enabled using Log4j
2019-10-02 21:36:49,113 [main] INFO  http.HttpServer2 (HttpServer2.java:addGlobalFilter(975)) - Added global filter 'safety' (class=org.apache.hadoop.http.HttpServer2$QuotingInputFilter)
2019-10-02 21:36:49,114 [main] INFO  http.HttpServer2 (HttpServer2.java:addFilter(948)) - Added filter static_user_filter (class=org.apache.hadoop.http.lib.StaticUserWebFilter$StaticUserFilter) to context hddsDatanode
2019-10-02 21:36:49,114 [main] INFO  http.HttpServer2 (HttpServer2.java:addFilter(958)) - Added filter static_user_filter (class=org.apache.hadoop.http.lib.StaticUserWebFilter$StaticUserFilter) to context logs
2019-10-02 21:36:49,114 [main] INFO  http.HttpServer2 (HttpServer2.java:addFilter(958)) - Added filter static_user_filter (class=org.apache.hadoop.http.lib.StaticUserWebFilter$StaticUserFilter) to context static
2019-10-02 21:36:49,115 [main] INFO  http.HttpServer2 (HttpServer2.java:bindListener(1191)) - Jetty bound to port 37053
2019-10-02 21:36:49,115 [main] INFO  server.Server (Server.java:doStart(351)) - jetty-9.3.25.v20180904, build timestamp: 2018-09-04T21:11:46Z, git hash: 3ce520221d0240229c862b122d2b06c12a625732
2019-10-02 21:36:49,116 [main] INFO  handler.ContextHandler (ContextHandler.java:doStart(781)) - Started o.e.j.s.ServletContextHandler@7b96de8d{/logs,file:///workdir/hadoop-ozone/integration-test/target/log,AVAILABLE}
2019-10-02 21:36:49,117 [main] INFO  handler.ContextHandler (ContextHandler.java:doStart(781)) - Started o.e.j.s.ServletContextHandler@4dc52559{/static,jar:file:/home/user/.m2/repository/org/apache/hadoop/hadoop-hdds-container-service/0.5.0-SNAPSHOT/hadoop-hdds-container-service-0.5.0-SNAPSHOT.jar!/webapps/static,AVAILABLE}
2019-10-02 21:36:49,145 [main] INFO  handler.ContextHandler (ContextHandler.java:doStart(781)) - Started o.e.j.w.WebAppContext@50598a1a{/,file:///tmp/jetty-0.0.0.0-37053-hddsDatanode-_-any-8148235924798602610.dir/webapp/,AVAILABLE}{/hddsDatanode}
2019-10-02 21:36:49,145 [main] INFO  server.AbstractConnector (AbstractConnector.java:doStart(278)) - Started ServerConnector@14de1901{HTTP/1.1,[http/1.1]}{0.0.0.0:37053}
2019-10-02 21:36:49,147 [main] INFO  server.Server (Server.java:doStart(419)) - Started @236565ms
2019-10-02 21:36:49,147 [main] WARN  impl.MetricsSystemImpl (MetricsSystemImpl.java:register(276)) - Sink prometheus already exists!
2019-10-02 21:36:49,148 [main] INFO  server.BaseHttpServer (BaseHttpServer.java:updateConnectorAddress(215)) - HTTP server of HDDSDATANODE is listening at http://0.0.0.0:37053
2019-10-02 21:36:49,148 [main] INFO  impl.MetricsSystemImpl (MetricsSystemImpl.java:init(158)) - HddsDatanode metrics system started (again)
2019-10-02 21:36:49,152 [org.apache.hadoop.util.JvmPauseMonitor$Monitor@38a8d137] INFO  util.JvmPauseMonitor (JvmPauseMonitor.java:run(188)) - Starting JVM pause monitor
2019-10-02 21:36:49,153 [main] INFO  ozone.HddsDatanodeService (HddsDatanodeService.java:start(184)) - HddsDatanodeService host:pr-hdds-2200-trunk-mgnwx-192523005 ip:192.168.151.122
2019-10-02 21:36:49,154 [Datanode State Machine Thread - 0] INFO  datanode.InitDatanodeState (InitDatanodeState.java:persistContainerDatanodeDetails(140)) - DatanodeDetails is persisted to /workdir/hadoop-ozone/integration-test/target/test-dir/MiniOzoneClusterImpl-573e4976-09fd-4d64-ae71-6260f4b2230a/datanode-2/meta/datanode.id
2019-10-02 21:36:49,160 [main] INFO  volume.HddsVolume (HddsVolume.java:<init>(176)) - Creating Volume: /workdir/hadoop-ozone/integration-test/target/test-dir/MiniOzoneClusterImpl-573e4976-09fd-4d64-ae71-6260f4b2230a/datanode-3/data/containers/hdds of  storage type : DISK and capacity : 1482555576320
2019-10-02 21:36:49,161 [main] INFO  volume.VolumeSet (VolumeSet.java:initializeVolumeSet(170)) - Added Volume : /workdir/hadoop-ozone/integration-test/target/test-dir/MiniOzoneClusterImpl-573e4976-09fd-4d64-ae71-6260f4b2230a/datanode-3/data/containers/hdds to VolumeSet
2019-10-02 21:36:49,161 [main] INFO  volume.ThrottledAsyncChecker (ThrottledAsyncChecker.java:schedule(139)) - Scheduling a check for org.apache.hadoop.ozone.container.common.volume.HddsVolume@6a09484c
2019-10-02 21:36:49,162 [main] INFO  volume.HddsVolumeChecker (HddsVolumeChecker.java:checkAllVolumes(202)) - Scheduled health check for volume org.apache.hadoop.ozone.container.common.volume.HddsVolume@6a09484c
2019-10-02 21:36:49,181 [main] INFO  impl.RaftServerProxy (ConfUtils.java:logGet(43)) - raft.rpc.type = GRPC (default)
2019-10-02 21:36:49,181 [main] INFO  grpc.GrpcFactory (GrpcFactory.java:checkPooledByteBufAllocatorUseCacheForAllThreads(45)) - PERFORMANCE WARNING: useCacheForAllThreads is true that may cause Netty to create a lot garbage objects and, as a result, trigger GC.
	It is recommended to disable useCacheForAllThreads by setting -Dorg.apache.ratis.thirdparty.io.netty.allocator.useCacheForAllThreads=false in command line.
2019-10-02 21:36:49,182 [main] INFO  grpc.GrpcConfigKeys$Server (ConfUtils.java:logGet(43)) - raft.grpc.server.port = 0 (default)
2019-10-02 21:36:49,182 [main] INFO  server.GrpcService (ConfUtils.java:logGet(43)) - raft.grpc.message.size.max = 33570816 (custom)
2019-10-02 21:36:49,182 [main] INFO  server.RaftServerConfigKeys (ConfUtils.java:logGet(43)) - raft.server.log.appender.buffer.byte-limit = 33554432 (custom)
2019-10-02 21:36:49,183 [main] INFO  server.GrpcService (ConfUtils.java:logGet(43)) - raft.grpc.flow.control.window = 1MB (=1048576) (default)
2019-10-02 21:36:49,183 [main] INFO  server.RaftServerConfigKeys (ConfUtils.java:logGet(43)) - raft.server.rpc.request.timeout = 3000ms (default)
2019-10-02 21:36:49,183 [main] INFO  server.RaftServerConfigKeys (ConfUtils.java:logGet(43)) - raft.server.storage.dir = [/workdir/hadoop-ozone/integration-test/target/test-dir/MiniOzoneClusterImpl-573e4976-09fd-4d64-ae71-6260f4b2230a/datanode-3/data/ratis] (custom)
2019-10-02 21:36:49,185 [main] INFO  hdfs.DFSUtil (DFSUtil.java:httpServerTemplateForNNAndJN(1641)) - Starting Web-server for hddsDatanode at: http://0.0.0.0:0
2019-10-02 21:36:49,186 [main] INFO  server.AuthenticationFilter (AuthenticationFilter.java:constructSecretProvider(240)) - Unable to initialize FileSignerSecretProvider, falling back to use random secrets.
2019-10-02 21:36:49,187 [main] WARN  http.HttpRequestLog (HttpRequestLog.java:getRequestLog(97)) - Jetty request log can only be enabled using Log4j
2019-10-02 21:36:49,188 [main] INFO  http.HttpServer2 (HttpServer2.java:addGlobalFilter(975)) - Added global filter 'safety' (class=org.apache.hadoop.http.HttpServer2$QuotingInputFilter)
2019-10-02 21:36:49,188 [main] INFO  http.HttpServer2 (HttpServer2.java:addFilter(948)) - Added filter static_user_filter (class=org.apache.hadoop.http.lib.StaticUserWebFilter$StaticUserFilter) to context hddsDatanode
2019-10-02 21:36:49,189 [main] INFO  http.HttpServer2 (HttpServer2.java:addFilter(958)) - Added filter static_user_filter (class=org.apache.hadoop.http.lib.StaticUserWebFilter$StaticUserFilter) to context logs
2019-10-02 21:36:49,189 [main] INFO  http.HttpServer2 (HttpServer2.java:addFilter(958)) - Added filter static_user_filter (class=org.apache.hadoop.http.lib.StaticUserWebFilter$StaticUserFilter) to context static
2019-10-02 21:36:49,189 [main] INFO  http.HttpServer2 (HttpServer2.java:bindListener(1191)) - Jetty bound to port 36809
2019-10-02 21:36:49,189 [main] INFO  server.Server (Server.java:doStart(351)) - jetty-9.3.25.v20180904, build timestamp: 2018-09-04T21:11:46Z, git hash: 3ce520221d0240229c862b122d2b06c12a625732
2019-10-02 21:36:49,191 [main] INFO  handler.ContextHandler (ContextHandler.java:doStart(781)) - Started o.e.j.s.ServletContextHandler@61359e87{/logs,file:///workdir/hadoop-ozone/integration-test/target/log,AVAILABLE}
2019-10-02 21:36:49,191 [main] INFO  handler.ContextHandler (ContextHandler.java:doStart(781)) - Started o.e.j.s.ServletContextHandler@45037e16{/static,jar:file:/home/user/.m2/repository/org/apache/hadoop/hadoop-hdds-container-service/0.5.0-SNAPSHOT/hadoop-hdds-container-service-0.5.0-SNAPSHOT.jar!/webapps/static,AVAILABLE}
2019-10-02 21:36:49,219 [main] INFO  handler.ContextHandler (ContextHandler.java:doStart(781)) - Started o.e.j.w.WebAppContext@34279b8a{/,file:///tmp/jetty-0.0.0.0-36809-hddsDatanode-_-any-9135842313506247165.dir/webapp/,AVAILABLE}{/hddsDatanode}
2019-10-02 21:36:49,220 [main] INFO  server.AbstractConnector (AbstractConnector.java:doStart(278)) - Started ServerConnector@687389a6{HTTP/1.1,[http/1.1]}{0.0.0.0:36809}
2019-10-02 21:36:49,222 [main] INFO  server.Server (Server.java:doStart(419)) - Started @236640ms
2019-10-02 21:36:49,222 [main] WARN  impl.MetricsSystemImpl (MetricsSystemImpl.java:register(276)) - Sink prometheus already exists!
2019-10-02 21:36:49,223 [main] INFO  server.BaseHttpServer (BaseHttpServer.java:updateConnectorAddress(215)) - HTTP server of HDDSDATANODE is listening at http://0.0.0.0:36809
2019-10-02 21:36:49,224 [main] INFO  impl.MetricsSystemImpl (MetricsSystemImpl.java:init(158)) - HddsDatanode metrics system started (again)
2019-10-02 21:36:49,225 [org.apache.hadoop.util.JvmPauseMonitor$Monitor@3a86d483] INFO  util.JvmPauseMonitor (JvmPauseMonitor.java:run(188)) - Starting JVM pause monitor
2019-10-02 21:36:49,227 [Datanode State Machine Thread - 0] INFO  datanode.InitDatanodeState (InitDatanodeState.java:persistContainerDatanodeDetails(140)) - DatanodeDetails is persisted to /workdir/hadoop-ozone/integration-test/target/test-dir/MiniOzoneClusterImpl-573e4976-09fd-4d64-ae71-6260f4b2230a/datanode-3/meta/datanode.id
2019-10-02 21:36:49,231 [main] INFO  ozone.HddsDatanodeService (HddsDatanodeService.java:start(184)) - HddsDatanodeService host:pr-hdds-2200-trunk-mgnwx-192523005 ip:192.168.151.122
2019-10-02 21:36:49,238 [main] INFO  volume.HddsVolume (HddsVolume.java:<init>(176)) - Creating Volume: /workdir/hadoop-ozone/integration-test/target/test-dir/MiniOzoneClusterImpl-573e4976-09fd-4d64-ae71-6260f4b2230a/datanode-4/data/containers/hdds of  storage type : DISK and capacity : 1482555576320
2019-10-02 21:36:49,239 [main] INFO  volume.VolumeSet (VolumeSet.java:initializeVolumeSet(170)) - Added Volume : /workdir/hadoop-ozone/integration-test/target/test-dir/MiniOzoneClusterImpl-573e4976-09fd-4d64-ae71-6260f4b2230a/datanode-4/data/containers/hdds to VolumeSet
2019-10-02 21:36:49,239 [main] INFO  volume.ThrottledAsyncChecker (ThrottledAsyncChecker.java:schedule(139)) - Scheduling a check for org.apache.hadoop.ozone.container.common.volume.HddsVolume@53d6e959
2019-10-02 21:36:49,239 [main] INFO  volume.HddsVolumeChecker (HddsVolumeChecker.java:checkAllVolumes(202)) - Scheduled health check for volume org.apache.hadoop.ozone.container.common.volume.HddsVolume@53d6e959
2019-10-02 21:36:49,252 [main] INFO  impl.RaftServerProxy (ConfUtils.java:logGet(43)) - raft.rpc.type = GRPC (default)
2019-10-02 21:36:49,252 [main] INFO  grpc.GrpcFactory (GrpcFactory.java:checkPooledByteBufAllocatorUseCacheForAllThreads(45)) - PERFORMANCE WARNING: useCacheForAllThreads is true that may cause Netty to create a lot garbage objects and, as a result, trigger GC.
	It is recommended to disable useCacheForAllThreads by setting -Dorg.apache.ratis.thirdparty.io.netty.allocator.useCacheForAllThreads=false in command line.
2019-10-02 21:36:49,252 [main] INFO  grpc.GrpcConfigKeys$Server (ConfUtils.java:logGet(43)) - raft.grpc.server.port = 0 (default)
2019-10-02 21:36:49,252 [main] INFO  server.GrpcService (ConfUtils.java:logGet(43)) - raft.grpc.message.size.max = 33570816 (custom)
2019-10-02 21:36:49,253 [main] INFO  server.RaftServerConfigKeys (ConfUtils.java:logGet(43)) - raft.server.log.appender.buffer.byte-limit = 33554432 (custom)
2019-10-02 21:36:49,253 [main] INFO  server.GrpcService (ConfUtils.java:logGet(43)) - raft.grpc.flow.control.window = 1MB (=1048576) (default)
2019-10-02 21:36:49,253 [main] INFO  server.RaftServerConfigKeys (ConfUtils.java:logGet(43)) - raft.server.rpc.request.timeout = 3000ms (default)
2019-10-02 21:36:49,253 [main] INFO  server.RaftServerConfigKeys (ConfUtils.java:logGet(43)) - raft.server.storage.dir = [/workdir/hadoop-ozone/integration-test/target/test-dir/MiniOzoneClusterImpl-573e4976-09fd-4d64-ae71-6260f4b2230a/datanode-4/data/ratis] (custom)
2019-10-02 21:36:49,255 [main] INFO  hdfs.DFSUtil (DFSUtil.java:httpServerTemplateForNNAndJN(1641)) - Starting Web-server for hddsDatanode at: http://0.0.0.0:0
2019-10-02 21:36:49,257 [main] INFO  server.AuthenticationFilter (AuthenticationFilter.java:constructSecretProvider(240)) - Unable to initialize FileSignerSecretProvider, falling back to use random secrets.
2019-10-02 21:36:49,257 [main] WARN  http.HttpRequestLog (HttpRequestLog.java:getRequestLog(97)) - Jetty request log can only be enabled using Log4j
2019-10-02 21:36:49,258 [main] INFO  http.HttpServer2 (HttpServer2.java:addGlobalFilter(975)) - Added global filter 'safety' (class=org.apache.hadoop.http.HttpServer2$QuotingInputFilter)
2019-10-02 21:36:49,259 [main] INFO  http.HttpServer2 (HttpServer2.java:addFilter(948)) - Added filter static_user_filter (class=org.apache.hadoop.http.lib.StaticUserWebFilter$StaticUserFilter) to context hddsDatanode
2019-10-02 21:36:49,259 [main] INFO  http.HttpServer2 (HttpServer2.java:addFilter(958)) - Added filter static_user_filter (class=org.apache.hadoop.http.lib.StaticUserWebFilter$StaticUserFilter) to context static
2019-10-02 21:36:49,259 [main] INFO  http.HttpServer2 (HttpServer2.java:addFilter(958)) - Added filter static_user_filter (class=org.apache.hadoop.http.lib.StaticUserWebFilter$StaticUserFilter) to context logs
2019-10-02 21:36:49,260 [main] INFO  http.HttpServer2 (HttpServer2.java:bindListener(1191)) - Jetty bound to port 34680
2019-10-02 21:36:49,260 [main] INFO  server.Server (Server.java:doStart(351)) - jetty-9.3.25.v20180904, build timestamp: 2018-09-04T21:11:46Z, git hash: 3ce520221d0240229c862b122d2b06c12a625732
2019-10-02 21:36:49,261 [main] INFO  handler.ContextHandler (ContextHandler.java:doStart(781)) - Started o.e.j.s.ServletContextHandler@22791b75{/logs,file:///workdir/hadoop-ozone/integration-test/target/log,AVAILABLE}
2019-10-02 21:36:49,262 [main] INFO  handler.ContextHandler (ContextHandler.java:doStart(781)) - Started o.e.j.s.ServletContextHandler@37d28938{/static,jar:file:/home/user/.m2/repository/org/apache/hadoop/hadoop-hdds-container-service/0.5.0-SNAPSHOT/hadoop-hdds-container-service-0.5.0-SNAPSHOT.jar!/webapps/static,AVAILABLE}
2019-10-02 21:36:49,289 [main] INFO  handler.ContextHandler (ContextHandler.java:doStart(781)) - Started o.e.j.w.WebAppContext@12192604{/,file:///tmp/jetty-0.0.0.0-34680-hddsDatanode-_-any-923692180282949219.dir/webapp/,AVAILABLE}{/hddsDatanode}
2019-10-02 21:36:49,289 [main] INFO  server.AbstractConnector (AbstractConnector.java:doStart(278)) - Started ServerConnector@6075b369{HTTP/1.1,[http/1.1]}{0.0.0.0:34680}
2019-10-02 21:36:49,291 [main] INFO  server.Server (Server.java:doStart(419)) - Started @236708ms
2019-10-02 21:36:49,291 [main] WARN  impl.MetricsSystemImpl (MetricsSystemImpl.java:register(276)) - Sink prometheus already exists!
2019-10-02 21:36:49,292 [main] INFO  server.BaseHttpServer (BaseHttpServer.java:updateConnectorAddress(215)) - HTTP server of HDDSDATANODE is listening at http://0.0.0.0:34680
2019-10-02 21:36:49,292 [main] INFO  impl.MetricsSystemImpl (MetricsSystemImpl.java:init(158)) - HddsDatanode metrics system started (again)
2019-10-02 21:36:49,297 [org.apache.hadoop.util.JvmPauseMonitor$Monitor@7906f223] INFO  util.JvmPauseMonitor (JvmPauseMonitor.java:run(188)) - Starting JVM pause monitor
2019-10-02 21:36:49,297 [main] INFO  ozone.HddsDatanodeService (HddsDatanodeService.java:start(184)) - HddsDatanodeService host:pr-hdds-2200-trunk-mgnwx-192523005 ip:192.168.151.122
2019-10-02 21:36:49,298 [Datanode State Machine Thread - 0] INFO  datanode.InitDatanodeState (InitDatanodeState.java:persistContainerDatanodeDetails(140)) - DatanodeDetails is persisted to /workdir/hadoop-ozone/integration-test/target/test-dir/MiniOzoneClusterImpl-573e4976-09fd-4d64-ae71-6260f4b2230a/datanode-4/meta/datanode.id
2019-10-02 21:36:49,302 [main] INFO  volume.HddsVolume (HddsVolume.java:<init>(176)) - Creating Volume: /workdir/hadoop-ozone/integration-test/target/test-dir/MiniOzoneClusterImpl-573e4976-09fd-4d64-ae71-6260f4b2230a/datanode-5/data/containers/hdds of  storage type : DISK and capacity : 1482555576320
2019-10-02 21:36:49,303 [main] INFO  volume.VolumeSet (VolumeSet.java:initializeVolumeSet(170)) - Added Volume : /workdir/hadoop-ozone/integration-test/target/test-dir/MiniOzoneClusterImpl-573e4976-09fd-4d64-ae71-6260f4b2230a/datanode-5/data/containers/hdds to VolumeSet
2019-10-02 21:36:49,303 [main] INFO  volume.ThrottledAsyncChecker (ThrottledAsyncChecker.java:schedule(139)) - Scheduling a check for org.apache.hadoop.ozone.container.common.volume.HddsVolume@5a2ae1ab
2019-10-02 21:36:49,303 [main] INFO  volume.HddsVolumeChecker (HddsVolumeChecker.java:checkAllVolumes(202)) - Scheduled health check for volume org.apache.hadoop.ozone.container.common.volume.HddsVolume@5a2ae1ab
2019-10-02 21:36:49,315 [main] INFO  impl.RaftServerProxy (ConfUtils.java:logGet(43)) - raft.rpc.type = GRPC (default)
2019-10-02 21:36:49,316 [main] INFO  grpc.GrpcFactory (GrpcFactory.java:checkPooledByteBufAllocatorUseCacheForAllThreads(45)) - PERFORMANCE WARNING: useCacheForAllThreads is true that may cause Netty to create a lot garbage objects and, as a result, trigger GC.
	It is recommended to disable useCacheForAllThreads by setting -Dorg.apache.ratis.thirdparty.io.netty.allocator.useCacheForAllThreads=false in command line.
2019-10-02 21:36:49,316 [main] INFO  grpc.GrpcConfigKeys$Server (ConfUtils.java:logGet(43)) - raft.grpc.server.port = 0 (default)
2019-10-02 21:36:49,316 [main] INFO  server.GrpcService (ConfUtils.java:logGet(43)) - raft.grpc.message.size.max = 33570816 (custom)
2019-10-02 21:36:49,316 [main] INFO  server.RaftServerConfigKeys (ConfUtils.java:logGet(43)) - raft.server.log.appender.buffer.byte-limit = 33554432 (custom)
2019-10-02 21:36:49,316 [main] INFO  server.GrpcService (ConfUtils.java:logGet(43)) - raft.grpc.flow.control.window = 1MB (=1048576) (default)
2019-10-02 21:36:49,316 [main] INFO  server.RaftServerConfigKeys (ConfUtils.java:logGet(43)) - raft.server.rpc.request.timeout = 3000ms (default)
2019-10-02 21:36:49,317 [main] INFO  server.RaftServerConfigKeys (ConfUtils.java:logGet(43)) - raft.server.storage.dir = [/workdir/hadoop-ozone/integration-test/target/test-dir/MiniOzoneClusterImpl-573e4976-09fd-4d64-ae71-6260f4b2230a/datanode-5/data/ratis] (custom)
2019-10-02 21:36:49,318 [main] INFO  hdfs.DFSUtil (DFSUtil.java:httpServerTemplateForNNAndJN(1641)) - Starting Web-server for hddsDatanode at: http://0.0.0.0:0
2019-10-02 21:36:49,319 [main] INFO  server.AuthenticationFilter (AuthenticationFilter.java:constructSecretProvider(240)) - Unable to initialize FileSignerSecretProvider, falling back to use random secrets.
2019-10-02 21:36:49,319 [main] WARN  http.HttpRequestLog (HttpRequestLog.java:getRequestLog(97)) - Jetty request log can only be enabled using Log4j
2019-10-02 21:36:49,320 [main] INFO  http.HttpServer2 (HttpServer2.java:addGlobalFilter(975)) - Added global filter 'safety' (class=org.apache.hadoop.http.HttpServer2$QuotingInputFilter)
2019-10-02 21:36:49,321 [main] INFO  http.HttpServer2 (HttpServer2.java:addFilter(948)) - Added filter static_user_filter (class=org.apache.hadoop.http.lib.StaticUserWebFilter$StaticUserFilter) to context hddsDatanode
2019-10-02 21:36:49,321 [main] INFO  http.HttpServer2 (HttpServer2.java:addFilter(958)) - Added filter static_user_filter (class=org.apache.hadoop.http.lib.StaticUserWebFilter$StaticUserFilter) to context logs
2019-10-02 21:36:49,321 [main] INFO  http.HttpServer2 (HttpServer2.java:addFilter(958)) - Added filter static_user_filter (class=org.apache.hadoop.http.lib.StaticUserWebFilter$StaticUserFilter) to context static
2019-10-02 21:36:49,322 [main] INFO  http.HttpServer2 (HttpServer2.java:bindListener(1191)) - Jetty bound to port 45352
2019-10-02 21:36:49,322 [main] INFO  server.Server (Server.java:doStart(351)) - jetty-9.3.25.v20180904, build timestamp: 2018-09-04T21:11:46Z, git hash: 3ce520221d0240229c862b122d2b06c12a625732
2019-10-02 21:36:49,323 [main] INFO  handler.ContextHandler (ContextHandler.java:doStart(781)) - Started o.e.j.s.ServletContextHandler@51888019{/logs,file:///workdir/hadoop-ozone/integration-test/target/log,AVAILABLE}
2019-10-02 21:36:49,324 [main] INFO  handler.ContextHandler (ContextHandler.java:doStart(781)) - Started o.e.j.s.ServletContextHandler@19b5214b{/static,jar:file:/home/user/.m2/repository/org/apache/hadoop/hadoop-hdds-container-service/0.5.0-SNAPSHOT/hadoop-hdds-container-service-0.5.0-SNAPSHOT.jar!/webapps/static,AVAILABLE}
2019-10-02 21:36:49,350 [main] INFO  handler.ContextHandler (ContextHandler.java:doStart(781)) - Started o.e.j.w.WebAppContext@2b999ee8{/,file:///tmp/jetty-0.0.0.0-45352-hddsDatanode-_-any-1556085689625798120.dir/webapp/,AVAILABLE}{/hddsDatanode}
2019-10-02 21:36:49,350 [main] INFO  server.AbstractConnector (AbstractConnector.java:doStart(278)) - Started ServerConnector@31ab1e67{HTTP/1.1,[http/1.1]}{0.0.0.0:45352}
2019-10-02 21:36:49,352 [main] INFO  server.Server (Server.java:doStart(419)) - Started @236770ms
2019-10-02 21:36:49,353 [main] WARN  impl.MetricsSystemImpl (MetricsSystemImpl.java:register(276)) - Sink prometheus already exists!
2019-10-02 21:36:49,353 [main] INFO  server.BaseHttpServer (BaseHttpServer.java:updateConnectorAddress(215)) - HTTP server of HDDSDATANODE is listening at http://0.0.0.0:45352
2019-10-02 21:36:49,354 [main] INFO  impl.MetricsSystemImpl (MetricsSystemImpl.java:init(158)) - HddsDatanode metrics system started (again)
2019-10-02 21:36:49,359 [org.apache.hadoop.util.JvmPauseMonitor$Monitor@15f65c2b] INFO  util.JvmPauseMonitor (JvmPauseMonitor.java:run(188)) - Starting JVM pause monitor
2019-10-02 21:36:49,360 [main] INFO  ozone.HddsDatanodeService (HddsDatanodeService.java:start(184)) - HddsDatanodeService host:pr-hdds-2200-trunk-mgnwx-192523005 ip:192.168.151.122
2019-10-02 21:36:49,360 [Datanode State Machine Thread - 0] INFO  datanode.InitDatanodeState (InitDatanodeState.java:persistContainerDatanodeDetails(140)) - DatanodeDetails is persisted to /workdir/hadoop-ozone/integration-test/target/test-dir/MiniOzoneClusterImpl-573e4976-09fd-4d64-ae71-6260f4b2230a/datanode-5/meta/datanode.id
2019-10-02 21:36:49,366 [main] INFO  volume.HddsVolume (HddsVolume.java:<init>(176)) - Creating Volume: /workdir/hadoop-ozone/integration-test/target/test-dir/MiniOzoneClusterImpl-573e4976-09fd-4d64-ae71-6260f4b2230a/datanode-6/data/containers/hdds of  storage type : DISK and capacity : 1482555576320
2019-10-02 21:36:49,366 [main] INFO  volume.VolumeSet (VolumeSet.java:initializeVolumeSet(170)) - Added Volume : /workdir/hadoop-ozone/integration-test/target/test-dir/MiniOzoneClusterImpl-573e4976-09fd-4d64-ae71-6260f4b2230a/datanode-6/data/containers/hdds to VolumeSet
2019-10-02 21:36:49,367 [main] INFO  volume.ThrottledAsyncChecker (ThrottledAsyncChecker.java:schedule(139)) - Scheduling a check for org.apache.hadoop.ozone.container.common.volume.HddsVolume@32ae8f27
2019-10-02 21:36:49,367 [main] INFO  volume.HddsVolumeChecker (HddsVolumeChecker.java:checkAllVolumes(202)) - Scheduled health check for volume org.apache.hadoop.ozone.container.common.volume.HddsVolume@32ae8f27
2019-10-02 21:36:49,382 [main] INFO  impl.RaftServerProxy (ConfUtils.java:logGet(43)) - raft.rpc.type = GRPC (default)
2019-10-02 21:36:49,382 [main] INFO  grpc.GrpcFactory (GrpcFactory.java:checkPooledByteBufAllocatorUseCacheForAllThreads(45)) - PERFORMANCE WARNING: useCacheForAllThreads is true that may cause Netty to create a lot garbage objects and, as a result, trigger GC.
	It is recommended to disable useCacheForAllThreads by setting -Dorg.apache.ratis.thirdparty.io.netty.allocator.useCacheForAllThreads=false in command line.
2019-10-02 21:36:49,383 [main] INFO  grpc.GrpcConfigKeys$Server (ConfUtils.java:logGet(43)) - raft.grpc.server.port = 0 (default)
2019-10-02 21:36:49,383 [main] INFO  server.GrpcService (ConfUtils.java:logGet(43)) - raft.grpc.message.size.max = 33570816 (custom)
2019-10-02 21:36:49,383 [main] INFO  server.RaftServerConfigKeys (ConfUtils.java:logGet(43)) - raft.server.log.appender.buffer.byte-limit = 33554432 (custom)
2019-10-02 21:36:49,383 [main] INFO  server.GrpcService (ConfUtils.java:logGet(43)) - raft.grpc.flow.control.window = 1MB (=1048576) (default)
2019-10-02 21:36:49,383 [main] INFO  server.RaftServerConfigKeys (ConfUtils.java:logGet(43)) - raft.server.rpc.request.timeout = 3000ms (default)
2019-10-02 21:36:49,384 [main] INFO  server.RaftServerConfigKeys (ConfUtils.java:logGet(43)) - raft.server.storage.dir = [/workdir/hadoop-ozone/integration-test/target/test-dir/MiniOzoneClusterImpl-573e4976-09fd-4d64-ae71-6260f4b2230a/datanode-6/data/ratis] (custom)
2019-10-02 21:36:49,385 [main] INFO  hdfs.DFSUtil (DFSUtil.java:httpServerTemplateForNNAndJN(1641)) - Starting Web-server for hddsDatanode at: http://0.0.0.0:0
2019-10-02 21:36:49,387 [main] INFO  server.AuthenticationFilter (AuthenticationFilter.java:constructSecretProvider(240)) - Unable to initialize FileSignerSecretProvider, falling back to use random secrets.
2019-10-02 21:36:49,387 [main] WARN  http.HttpRequestLog (HttpRequestLog.java:getRequestLog(97)) - Jetty request log can only be enabled using Log4j
2019-10-02 21:36:49,388 [main] INFO  http.HttpServer2 (HttpServer2.java:addGlobalFilter(975)) - Added global filter 'safety' (class=org.apache.hadoop.http.HttpServer2$QuotingInputFilter)
2019-10-02 21:36:49,389 [main] INFO  http.HttpServer2 (HttpServer2.java:addFilter(948)) - Added filter static_user_filter (class=org.apache.hadoop.http.lib.StaticUserWebFilter$StaticUserFilter) to context hddsDatanode
2019-10-02 21:36:49,389 [main] INFO  http.HttpServer2 (HttpServer2.java:addFilter(958)) - Added filter static_user_filter (class=org.apache.hadoop.http.lib.StaticUserWebFilter$StaticUserFilter) to context static
2019-10-02 21:36:49,389 [main] INFO  http.HttpServer2 (HttpServer2.java:addFilter(958)) - Added filter static_user_filter (class=org.apache.hadoop.http.lib.StaticUserWebFilter$StaticUserFilter) to context logs
2019-10-02 21:36:49,389 [main] INFO  http.HttpServer2 (HttpServer2.java:bindListener(1191)) - Jetty bound to port 46017
2019-10-02 21:36:49,390 [main] INFO  server.Server (Server.java:doStart(351)) - jetty-9.3.25.v20180904, build timestamp: 2018-09-04T21:11:46Z, git hash: 3ce520221d0240229c862b122d2b06c12a625732
2019-10-02 21:36:49,391 [main] INFO  handler.ContextHandler (ContextHandler.java:doStart(781)) - Started o.e.j.s.ServletContextHandler@5b48f0f4{/logs,file:///workdir/hadoop-ozone/integration-test/target/log,AVAILABLE}
2019-10-02 21:36:49,391 [main] INFO  handler.ContextHandler (ContextHandler.java:doStart(781)) - Started o.e.j.s.ServletContextHandler@5bfc79cb{/static,jar:file:/home/user/.m2/repository/org/apache/hadoop/hadoop-hdds-container-service/0.5.0-SNAPSHOT/hadoop-hdds-container-service-0.5.0-SNAPSHOT.jar!/webapps/static,AVAILABLE}
2019-10-02 21:36:49,418 [main] INFO  handler.ContextHandler (ContextHandler.java:doStart(781)) - Started o.e.j.w.WebAppContext@4645679e{/,file:///tmp/jetty-0.0.0.0-46017-hddsDatanode-_-any-861147412224362320.dir/webapp/,AVAILABLE}{/hddsDatanode}
2019-10-02 21:36:49,419 [main] INFO  server.AbstractConnector (AbstractConnector.java:doStart(278)) - Started ServerConnector@3a0b6a{HTTP/1.1,[http/1.1]}{0.0.0.0:46017}
2019-10-02 21:36:49,420 [main] INFO  server.Server (Server.java:doStart(419)) - Started @236838ms
2019-10-02 21:36:49,420 [main] WARN  impl.MetricsSystemImpl (MetricsSystemImpl.java:register(276)) - Sink prometheus already exists!
2019-10-02 21:36:49,421 [main] INFO  server.BaseHttpServer (BaseHttpServer.java:updateConnectorAddress(215)) - HTTP server of HDDSDATANODE is listening at http://0.0.0.0:46017
2019-10-02 21:36:49,421 [main] INFO  ozone.MiniOzoneClusterImpl (MiniOzoneClusterImpl.java:lambda$waitForClusterToBeReady$0(147)) - Waiting for cluster to be ready. Got 0 of 7 DN Heartbeats.
2019-10-02 21:36:49,422 [org.apache.hadoop.util.JvmPauseMonitor$Monitor@28e61894] INFO  util.JvmPauseMonitor (JvmPauseMonitor.java:run(188)) - Starting JVM pause monitor
2019-10-02 21:36:49,424 [Datanode State Machine Thread - 0] INFO  datanode.InitDatanodeState (InitDatanodeState.java:persistContainerDatanodeDetails(140)) - DatanodeDetails is persisted to /workdir/hadoop-ozone/integration-test/target/test-dir/MiniOzoneClusterImpl-573e4976-09fd-4d64-ae71-6260f4b2230a/datanode-6/meta/datanode.id
2019-10-02 21:36:50,422 [main] INFO  ozone.MiniOzoneClusterImpl (MiniOzoneClusterImpl.java:lambda$waitForClusterToBeReady$0(147)) - Waiting for cluster to be ready. Got 0 of 7 DN Heartbeats.
2019-10-02 21:36:51,051 [Datanode State Machine Thread - 0] INFO  ozoneimpl.OzoneContainer (OzoneContainer.java:start(217)) - Attempting to start container services.
2019-10-02 21:36:51,052 [Datanode State Machine Thread - 0] INFO  ozoneimpl.OzoneContainer (OzoneContainer.java:startContainerScrub(179)) - Background container scanner has been disabled.
2019-10-02 21:36:51,052 [Datanode State Machine Thread - 0] INFO  ratis.XceiverServerRatis (XceiverServerRatis.java:start(417)) - Starting XceiverServerRatis 6fd077a9-6924-41f2-a83b-f0d566d92e38 at port 0
2019-10-02 21:36:51,059 [Datanode State Machine Thread - 0] INFO  impl.RaftServerProxy (RaftServerProxy.java:lambda$start$3(299)) - 6fd077a9-6924-41f2-a83b-f0d566d92e38: start RPC server
2019-10-02 21:36:51,061 [Datanode State Machine Thread - 0] INFO  server.GrpcService (GrpcService.java:startImpl(158)) - 6fd077a9-6924-41f2-a83b-f0d566d92e38: GrpcService started, listening on 0.0.0.0/0.0.0.0:44719
2019-10-02 21:36:51,061 [Datanode State Machine Thread - 0] INFO  ratis.XceiverServerRatis (XceiverServerRatis.java:start(427)) - XceiverServerRatis 6fd077a9-6924-41f2-a83b-f0d566d92e38 is started using port 44719
2019-10-02 21:36:51,063 [Datanode State Machine Thread - 0] INFO  server.XceiverServerGrpc (XceiverServerGrpc.java:start(149)) - XceiverServerGrpc 6fd077a9-6924-41f2-a83b-f0d566d92e38 is started using port 46694
2019-10-02 21:36:51,102 [Datanode State Machine Thread - 0] INFO  ozoneimpl.OzoneContainer (OzoneContainer.java:start(217)) - Attempting to start container services.
2019-10-02 21:36:51,103 [Datanode State Machine Thread - 0] INFO  ozoneimpl.OzoneContainer (OzoneContainer.java:startContainerScrub(179)) - Background container scanner has been disabled.
2019-10-02 21:36:51,103 [Datanode State Machine Thread - 0] INFO  ratis.XceiverServerRatis (XceiverServerRatis.java:start(417)) - Starting XceiverServerRatis d71813ab-2f0e-4e31-8f82-cd75b730b7d9 at port 0
2019-10-02 21:36:51,111 [Datanode State Machine Thread - 0] INFO  impl.RaftServerProxy (RaftServerProxy.java:lambda$start$3(299)) - d71813ab-2f0e-4e31-8f82-cd75b730b7d9: start RPC server
2019-10-02 21:36:51,113 [Datanode State Machine Thread - 0] INFO  server.GrpcService (GrpcService.java:startImpl(158)) - d71813ab-2f0e-4e31-8f82-cd75b730b7d9: GrpcService started, listening on 0.0.0.0/0.0.0.0:38776
2019-10-02 21:36:51,113 [Datanode State Machine Thread - 0] INFO  ratis.XceiverServerRatis (XceiverServerRatis.java:start(427)) - XceiverServerRatis d71813ab-2f0e-4e31-8f82-cd75b730b7d9 is started using port 38776
2019-10-02 21:36:51,114 [Datanode State Machine Thread - 0] INFO  server.XceiverServerGrpc (XceiverServerGrpc.java:start(149)) - XceiverServerGrpc d71813ab-2f0e-4e31-8f82-cd75b730b7d9 is started using port 37029
2019-10-02 21:36:51,167 [Datanode State Machine Thread - 0] INFO  ozoneimpl.OzoneContainer (OzoneContainer.java:start(217)) - Attempting to start container services.
2019-10-02 21:36:51,167 [Datanode State Machine Thread - 0] INFO  ozoneimpl.OzoneContainer (OzoneContainer.java:startContainerScrub(179)) - Background container scanner has been disabled.
2019-10-02 21:36:51,167 [Datanode State Machine Thread - 0] INFO  ratis.XceiverServerRatis (XceiverServerRatis.java:start(417)) - Starting XceiverServerRatis f2d7c526-219d-40fa-820e-93dba8d29c66 at port 0
2019-10-02 21:36:51,175 [Datanode State Machine Thread - 0] INFO  impl.RaftServerProxy (RaftServerProxy.java:lambda$start$3(299)) - f2d7c526-219d-40fa-820e-93dba8d29c66: start RPC server
2019-10-02 21:36:51,176 [Datanode State Machine Thread - 0] INFO  server.GrpcService (GrpcService.java:startImpl(158)) - f2d7c526-219d-40fa-820e-93dba8d29c66: GrpcService started, listening on 0.0.0.0/0.0.0.0:41937
2019-10-02 21:36:51,176 [Datanode State Machine Thread - 0] INFO  ratis.XceiverServerRatis (XceiverServerRatis.java:start(427)) - XceiverServerRatis f2d7c526-219d-40fa-820e-93dba8d29c66 is started using port 41937
2019-10-02 21:36:51,176 [Datanode State Machine Thread - 0] INFO  server.XceiverServerGrpc (XceiverServerGrpc.java:start(149)) - XceiverServerGrpc f2d7c526-219d-40fa-820e-93dba8d29c66 is started using port 33851
2019-10-02 21:36:51,239 [Datanode State Machine Thread - 0] INFO  ozoneimpl.OzoneContainer (OzoneContainer.java:start(217)) - Attempting to start container services.
2019-10-02 21:36:51,240 [Datanode State Machine Thread - 0] INFO  ozoneimpl.OzoneContainer (OzoneContainer.java:startContainerScrub(179)) - Background container scanner has been disabled.
2019-10-02 21:36:51,240 [Datanode State Machine Thread - 0] INFO  ratis.XceiverServerRatis (XceiverServerRatis.java:start(417)) - Starting XceiverServerRatis 361044e5-82bf-42c5-923f-1eaa64ca5e87 at port 0
2019-10-02 21:36:51,248 [Datanode State Machine Thread - 0] INFO  impl.RaftServerProxy (RaftServerProxy.java:lambda$start$3(299)) - 361044e5-82bf-42c5-923f-1eaa64ca5e87: start RPC server
2019-10-02 21:36:51,251 [Datanode State Machine Thread - 0] INFO  server.GrpcService (GrpcService.java:startImpl(158)) - 361044e5-82bf-42c5-923f-1eaa64ca5e87: GrpcService started, listening on 0.0.0.0/0.0.0.0:38517
2019-10-02 21:36:51,251 [Datanode State Machine Thread - 0] INFO  ratis.XceiverServerRatis (XceiverServerRatis.java:start(427)) - XceiverServerRatis 361044e5-82bf-42c5-923f-1eaa64ca5e87 is started using port 38517
2019-10-02 21:36:51,252 [Datanode State Machine Thread - 0] INFO  server.XceiverServerGrpc (XceiverServerGrpc.java:start(149)) - XceiverServerGrpc 361044e5-82bf-42c5-923f-1eaa64ca5e87 is started using port 41943
2019-10-02 21:36:51,311 [Datanode State Machine Thread - 0] INFO  ozoneimpl.OzoneContainer (OzoneContainer.java:start(217)) - Attempting to start container services.
2019-10-02 21:36:51,311 [Datanode State Machine Thread - 0] INFO  ozoneimpl.OzoneContainer (OzoneContainer.java:startContainerScrub(179)) - Background container scanner has been disabled.
2019-10-02 21:36:51,311 [Datanode State Machine Thread - 0] INFO  ratis.XceiverServerRatis (XceiverServerRatis.java:start(417)) - Starting XceiverServerRatis 3cadedad-da2e-4b21-bf4e-bd5ba3341f2d at port 0
2019-10-02 21:36:51,319 [Datanode State Machine Thread - 0] INFO  impl.RaftServerProxy (RaftServerProxy.java:lambda$start$3(299)) - 3cadedad-da2e-4b21-bf4e-bd5ba3341f2d: start RPC server
2019-10-02 21:36:51,319 [Datanode State Machine Thread - 0] INFO  server.GrpcService (GrpcService.java:startImpl(158)) - 3cadedad-da2e-4b21-bf4e-bd5ba3341f2d: GrpcService started, listening on 0.0.0.0/0.0.0.0:42094
2019-10-02 21:36:51,319 [Datanode State Machine Thread - 0] INFO  ratis.XceiverServerRatis (XceiverServerRatis.java:start(427)) - XceiverServerRatis 3cadedad-da2e-4b21-bf4e-bd5ba3341f2d is started using port 42094
2019-10-02 21:36:51,320 [Datanode State Machine Thread - 0] INFO  server.XceiverServerGrpc (XceiverServerGrpc.java:start(149)) - XceiverServerGrpc 3cadedad-da2e-4b21-bf4e-bd5ba3341f2d is started using port 38687
2019-10-02 21:36:51,373 [Datanode State Machine Thread - 0] INFO  ozoneimpl.OzoneContainer (OzoneContainer.java:start(217)) - Attempting to start container services.
2019-10-02 21:36:51,373 [Datanode State Machine Thread - 0] INFO  ozoneimpl.OzoneContainer (OzoneContainer.java:startContainerScrub(179)) - Background container scanner has been disabled.
2019-10-02 21:36:51,373 [Datanode State Machine Thread - 0] INFO  ratis.XceiverServerRatis (XceiverServerRatis.java:start(417)) - Starting XceiverServerRatis ef6367c2-484c-44a1-b67f-85ba30b24d71 at port 0
2019-10-02 21:36:51,381 [Datanode State Machine Thread - 0] INFO  impl.RaftServerProxy (RaftServerProxy.java:lambda$start$3(299)) - ef6367c2-484c-44a1-b67f-85ba30b24d71: start RPC server
2019-10-02 21:36:51,384 [Datanode State Machine Thread - 0] INFO  server.GrpcService (GrpcService.java:startImpl(158)) - ef6367c2-484c-44a1-b67f-85ba30b24d71: GrpcService started, listening on 0.0.0.0/0.0.0.0:40923
2019-10-02 21:36:51,384 [Datanode State Machine Thread - 0] INFO  ratis.XceiverServerRatis (XceiverServerRatis.java:start(427)) - XceiverServerRatis ef6367c2-484c-44a1-b67f-85ba30b24d71 is started using port 40923
2019-10-02 21:36:51,384 [Datanode State Machine Thread - 0] INFO  server.XceiverServerGrpc (XceiverServerGrpc.java:start(149)) - XceiverServerGrpc ef6367c2-484c-44a1-b67f-85ba30b24d71 is started using port 39554
2019-10-02 21:36:51,422 [main] INFO  ozone.MiniOzoneClusterImpl (MiniOzoneClusterImpl.java:lambda$waitForClusterToBeReady$0(147)) - Waiting for cluster to be ready. Got 0 of 7 DN Heartbeats.
2019-10-02 21:36:51,435 [Datanode State Machine Thread - 0] INFO  ozoneimpl.OzoneContainer (OzoneContainer.java:start(217)) - Attempting to start container services.
2019-10-02 21:36:51,436 [Datanode State Machine Thread - 0] INFO  ozoneimpl.OzoneContainer (OzoneContainer.java:startContainerScrub(179)) - Background container scanner has been disabled.
2019-10-02 21:36:51,436 [Datanode State Machine Thread - 0] INFO  ratis.XceiverServerRatis (XceiverServerRatis.java:start(417)) - Starting XceiverServerRatis 71c6fb51-40e8-4aad-bc66-a2a965effbf5 at port 0
2019-10-02 21:36:51,444 [Datanode State Machine Thread - 0] INFO  impl.RaftServerProxy (RaftServerProxy.java:lambda$start$3(299)) - 71c6fb51-40e8-4aad-bc66-a2a965effbf5: start RPC server
2019-10-02 21:36:51,444 [Datanode State Machine Thread - 0] INFO  server.GrpcService (GrpcService.java:startImpl(158)) - 71c6fb51-40e8-4aad-bc66-a2a965effbf5: GrpcService started, listening on 0.0.0.0/0.0.0.0:34480
2019-10-02 21:36:51,445 [Datanode State Machine Thread - 0] INFO  ratis.XceiverServerRatis (XceiverServerRatis.java:start(427)) - XceiverServerRatis 71c6fb51-40e8-4aad-bc66-a2a965effbf5 is started using port 34480
2019-10-02 21:36:51,445 [Datanode State Machine Thread - 0] INFO  server.XceiverServerGrpc (XceiverServerGrpc.java:start(149)) - XceiverServerGrpc 71c6fb51-40e8-4aad-bc66-a2a965effbf5 is started using port 44071
2019-10-02 21:36:52,423 [main] INFO  ozone.MiniOzoneClusterImpl (MiniOzoneClusterImpl.java:lambda$waitForClusterToBeReady$0(147)) - Waiting for cluster to be ready. Got 0 of 7 DN Heartbeats.
2019-10-02 21:36:53,016 [IPC Server handler 3 on 35993] INFO  net.NetworkTopology (NetworkTopologyImpl.java:add(111)) - Added a new node: /default-rack/6fd077a9-6924-41f2-a83b-f0d566d92e38
2019-10-02 21:36:53,019 [IPC Server handler 3 on 35993] INFO  node.SCMNodeManager (SCMNodeManager.java:register(266)) - Registered Data node : 6fd077a9-6924-41f2-a83b-f0d566d92e38{ip: 192.168.151.122, host: pr-hdds-2200-trunk-mgnwx-192523005, networkLocation: /default-rack, certSerialId: null}
2019-10-02 21:36:53,021 [EventQueue-NodeRegistrationContainerReportForDataNodeSafeModeRule] INFO  safemode.SCMSafeModeManager (DataNodeSafeModeRule.java:process(71)) - SCM in safe mode. 1 DataNodes registered, 1 required.
2019-10-02 21:36:53,023 [EventQueue-NodeRegistrationContainerReportForDataNodeSafeModeRule] INFO  safemode.SCMSafeModeManager (SCMSafeModeManager.java:validateSafeModeExitRules(177)) - ScmSafeModeManager, all rules are successfully validated
2019-10-02 21:36:53,024 [EventQueue-NodeRegistrationContainerReportForDataNodeSafeModeRule] INFO  safemode.SCMSafeModeManager (SCMSafeModeManager.java:exitSafeMode(193)) - SCM exiting safe mode.
2019-10-02 21:36:53,041 [grpc-default-executor-0] INFO  impl.RaftServerProxy (RaftServerProxy.java:addNew(89)) - 6fd077a9-6924-41f2-a83b-f0d566d92e38: addNew group-D364D242ADDB:[6fd077a9-6924-41f2-a83b-f0d566d92e38:192.168.151.122:44719] returns group-D364D242ADDB:java.util.concurrent.CompletableFuture@aeb18d0[Not completed]
2019-10-02 21:36:53,045 [pool-383-thread-1] INFO  impl.RaftServerImpl (RaftServerImpl.java:<init>(95)) - 6fd077a9-6924-41f2-a83b-f0d566d92e38: new RaftServerImpl for group-D364D242ADDB:[6fd077a9-6924-41f2-a83b-f0d566d92e38:192.168.151.122:44719] with ContainerStateMachine:uninitialized
2019-10-02 21:36:53,045 [pool-383-thread-1] INFO  server.RaftServerConfigKeys (ConfUtils.java:logGet(43)) - raft.server.rpc.timeout.min = 5s (custom)
2019-10-02 21:36:53,045 [pool-383-thread-1] INFO  server.RaftServerConfigKeys (ConfUtils.java:logGet(43)) - raft.server.rpc.timeout.max = 5200ms (custom)
2019-10-02 21:36:53,045 [pool-383-thread-1] INFO  server.RaftServerConfigKeys (ConfUtils.java:logGet(43)) - raft.server.rpcslowness.timeout = 120s (custom)
2019-10-02 21:36:53,046 [pool-383-thread-1] INFO  server.RaftServerConfigKeys (ConfUtils.java:logGet(43)) - raft.server.sleep.deviation.threshold = 300 (default)
2019-10-02 21:36:53,046 [pool-383-thread-1] INFO  server.RaftServerConfigKeys (ConfUtils.java:logGet(43)) - raft.server.log.appender.install.snapshot.enabled = false (custom)
2019-10-02 21:36:53,046 [pool-383-thread-1] INFO  impl.RaftServerImpl (ServerState.java:<init>(103)) - 6fd077a9-6924-41f2-a83b-f0d566d92e38@group-D364D242ADDB: ConfigurationManager, init=-1: [6fd077a9-6924-41f2-a83b-f0d566d92e38:192.168.151.122:44719], old=null, confs=<EMPTY_MAP>
2019-10-02 21:36:53,046 [pool-383-thread-1] INFO  server.RaftServerConfigKeys (ConfUtils.java:logGet(43)) - raft.server.storage.dir = [/workdir/hadoop-ozone/integration-test/target/test-dir/MiniOzoneClusterImpl-573e4976-09fd-4d64-ae71-6260f4b2230a/datanode-0/data/ratis] (custom)
2019-10-02 21:36:53,047 [pool-383-thread-1] INFO  server.RaftServerConfigKeys (ConfUtils.java:logGet(43)) - raft.server.log.corruption.policy = EXCEPTION (default)
2019-10-02 21:36:53,047 [pool-383-thread-1] INFO  storage.RaftStorageDirectory (RaftStorageDirectory.java:analyzeStorage(246)) - The storage directory /workdir/hadoop-ozone/integration-test/target/test-dir/MiniOzoneClusterImpl-573e4976-09fd-4d64-ae71-6260f4b2230a/datanode-0/data/ratis/1427be71-ac7c-4a18-8e01-d364d242addb does not exist. Creating ...
2019-10-02 21:36:53,060 [pool-383-thread-1] INFO  storage.RaftStorageDirectory (RaftStorageDirectory.java:tryLock(328)) - Lock on /workdir/hadoop-ozone/integration-test/target/test-dir/MiniOzoneClusterImpl-573e4976-09fd-4d64-ae71-6260f4b2230a/datanode-0/data/ratis/1427be71-ac7c-4a18-8e01-d364d242addb/in_use.lock acquired by nodename 23114@pr-hdds-2200-trunk-mgnwx-192523005
2019-10-02 21:36:53,064 [pool-383-thread-1] INFO  storage.RaftStorage (RaftStorage.java:format(84)) - Storage directory /workdir/hadoop-ozone/integration-test/target/test-dir/MiniOzoneClusterImpl-573e4976-09fd-4d64-ae71-6260f4b2230a/datanode-0/data/ratis/1427be71-ac7c-4a18-8e01-d364d242addb has been successfully formatted.
2019-10-02 21:36:53,064 [pool-383-thread-1] INFO  ratis.ContainerStateMachine (ContainerStateMachine.java:loadSnapshot(230)) - group-D364D242ADDB: The snapshot info is null. Setting the last applied indexto:(t:0, i:~)
2019-10-02 21:36:53,064 [pool-383-thread-1] INFO  server.RaftServerConfigKeys (ConfUtils.java:logGet(43)) - raft.server.notification.no-leader.timeout = 120s (custom)
2019-10-02 21:36:53,064 [pool-383-thread-1] INFO  server.RaftServerConfigKeys (ConfUtils.java:logGet(43)) - raft.server.log.use.memory = false (default)
2019-10-02 21:36:53,065 [pool-383-thread-1] INFO  server.RaftServerConfigKeys (ConfUtils.java:logGet(43)) - raft.server.log.purge.gap = 1000000 (custom)
2019-10-02 21:36:53,065 [pool-383-thread-1] INFO  server.RaftServerConfigKeys (ConfUtils.java:logGet(43)) - raft.server.log.appender.buffer.byte-limit = 33554432 (custom)
2019-10-02 21:36:53,065 [pool-383-thread-1] INFO  server.RaftServerConfigKeys (ConfUtils.java:logGet(43)) - raft.server.log.segment.size.max = 1048576 (custom)
2019-10-02 21:36:53,067 [pool-383-thread-1] INFO  server.RaftServerConfigKeys (ConfUtils.java:logGet(43)) - raft.server.log.segment.cache.num.max = 2 (custom)
2019-10-02 21:36:53,068 [pool-383-thread-1] INFO  segmented.SegmentedRaftLogWorker (SegmentedRaftLogWorker.java:<init>(173)) - new 6fd077a9-6924-41f2-a83b-f0d566d92e38@group-D364D242ADDB-SegmentedRaftLogWorker for RaftStorage:Storage Directory /workdir/hadoop-ozone/integration-test/target/test-dir/MiniOzoneClusterImpl-573e4976-09fd-4d64-ae71-6260f4b2230a/datanode-0/data/ratis/1427be71-ac7c-4a18-8e01-d364d242addb
2019-10-02 21:36:53,068 [pool-383-thread-1] INFO  server.RaftServerConfigKeys (ConfUtils.java:logGet(43)) - raft.server.log.queue.byte-limit = 2147483647 (custom)
2019-10-02 21:36:53,068 [pool-383-thread-1] INFO  server.RaftServerConfigKeys (ConfUtils.java:logGet(43)) - raft.server.log.queue.element-limit = 1024 (custom)
2019-10-02 21:36:53,068 [pool-383-thread-1] INFO  server.RaftServerConfigKeys (ConfUtils.java:logGet(43)) - raft.server.log.segment.size.max = 1048576 (custom)
2019-10-02 21:36:53,068 [pool-383-thread-1] INFO  server.RaftServerConfigKeys (ConfUtils.java:logGet(43)) - raft.server.log.preallocated.size = 16384 (custom)
2019-10-02 21:36:53,068 [pool-383-thread-1] INFO  server.RaftServerConfigKeys (ConfUtils.java:logGet(43)) - raft.server.log.write.buffer.size = 33554432 (custom)
2019-10-02 21:36:53,069 [pool-383-thread-1] INFO  server.RaftServerConfigKeys (ConfUtils.java:logGet(43)) - raft.server.log.force.sync.num = 128 (default)
2019-10-02 21:36:53,069 [pool-383-thread-1] INFO  server.RaftServerConfigKeys (ConfUtils.java:logGet(43)) - raft.server.log.statemachine.data.sync = true (default)
2019-10-02 21:36:53,069 [pool-383-thread-1] INFO  server.RaftServerConfigKeys (ConfUtils.java:logGet(43)) - raft.server.log.statemachine.data.sync.timeout = 10s (default)
2019-10-02 21:36:53,069 [pool-383-thread-1] INFO  server.RaftServerConfigKeys (ConfUtils.java:logGet(43)) - raft.server.log.statemachine.data.sync.timeout.retry = -1 (default)
2019-10-02 21:36:53,069 [pool-383-thread-1] INFO  server.RaftServerConfigKeys (ConfUtils.java:logGet(43)) - raft.server.log.statemachine.data.caching.enabled = true (custom)
2019-10-02 21:36:53,070 [pool-383-thread-1] INFO  segmented.SegmentedRaftLogWorker (SegmentedRaftLogWorker.java:lambda$new$0(128)) - 6fd077a9-6924-41f2-a83b-f0d566d92e38@group-D364D242ADDB-SegmentedRaftLogWorker: flushIndex: setUnconditionally 0 -> -1
2019-10-02 21:36:53,070 [pool-383-thread-1] INFO  server.RaftServerConfigKeys (ConfUtils.java:logGet(43)) - raft.server.snapshot.auto.trigger.enabled = true (custom)
2019-10-02 21:36:53,070 [pool-383-thread-1] INFO  server.RaftServerConfigKeys (ConfUtils.java:logGet(43)) - raft.server.snapshot.auto.trigger.threshold = 10000 (custom)
2019-10-02 21:36:53,070 [pool-383-thread-1] INFO  server.RaftServerConfigKeys (ConfUtils.java:logGet(43)) - raft.server.snapshot.retention.file.num = 5 (custom)
2019-10-02 21:36:53,070 [pool-383-thread-1] INFO  server.RaftServerConfigKeys (ConfUtils.java:logGet(43)) - raft.server.retrycache.expirytime = 600000ms (custom)
2019-10-02 21:36:53,072 [pool-383-thread-1] INFO  impl.RaftServerImpl (RaftServerImpl.java:start(181)) - 6fd077a9-6924-41f2-a83b-f0d566d92e38@group-D364D242ADDB: start as a follower, conf=-1: [6fd077a9-6924-41f2-a83b-f0d566d92e38:192.168.151.122:44719], old=null
2019-10-02 21:36:53,072 [pool-383-thread-1] INFO  impl.RaftServerImpl (RaftServerImpl.java:setRole(170)) - 6fd077a9-6924-41f2-a83b-f0d566d92e38@group-D364D242ADDB: changes role from      null to FOLLOWER at term 0 for startAsFollower
2019-10-02 21:36:53,072 [pool-383-thread-1] INFO  impl.RoleInfo (RoleInfo.java:updateAndGet(143)) - 6fd077a9-6924-41f2-a83b-f0d566d92e38: start FollowerState
2019-10-02 21:36:53,073 [pool-383-thread-1] INFO  util.JmxRegister (JmxRegister.java:tryRegister(44)) - Successfully registered JMX Bean with object name Ratis:service=RaftServer,group=group-D364D242ADDB,id=6fd077a9-6924-41f2-a83b-f0d566d92e38
2019-10-02 21:36:53,079 [RatisPipelineUtilsThread] INFO  pipeline.PipelineStateManager (PipelineStateManager.java:addPipeline(56)) - Created pipeline Pipeline[ Id: 1427be71-ac7c-4a18-8e01-d364d242addb, Nodes: 6fd077a9-6924-41f2-a83b-f0d566d92e38{ip: 192.168.151.122, host: pr-hdds-2200-trunk-mgnwx-192523005, networkLocation: /default-rack, certSerialId: null}, Type:RATIS, Factor:ONE, State:OPEN]
2019-10-02 21:36:53,086 [IPC Server handler 2 on 35993] INFO  net.NetworkTopology (NetworkTopologyImpl.java:add(111)) - Added a new node: /default-rack/d71813ab-2f0e-4e31-8f82-cd75b730b7d9
2019-10-02 21:36:53,087 [IPC Server handler 2 on 35993] INFO  node.SCMNodeManager (SCMNodeManager.java:register(266)) - Registered Data node : d71813ab-2f0e-4e31-8f82-cd75b730b7d9{ip: 192.168.151.122, host: pr-hdds-2200-trunk-mgnwx-192523005, networkLocation: /default-rack, certSerialId: null}
2019-10-02 21:36:53,094 [grpc-default-executor-0] INFO  impl.RaftServerProxy (RaftServerProxy.java:addNew(89)) - d71813ab-2f0e-4e31-8f82-cd75b730b7d9: addNew group-296AB6FC7464:[d71813ab-2f0e-4e31-8f82-cd75b730b7d9:192.168.151.122:38776] returns group-296AB6FC7464:java.util.concurrent.CompletableFuture@5614dab5[Not completed]
2019-10-02 21:36:53,095 [pool-393-thread-1] INFO  impl.RaftServerImpl (RaftServerImpl.java:<init>(95)) - d71813ab-2f0e-4e31-8f82-cd75b730b7d9: new RaftServerImpl for group-296AB6FC7464:[d71813ab-2f0e-4e31-8f82-cd75b730b7d9:192.168.151.122:38776] with ContainerStateMachine:uninitialized
2019-10-02 21:36:53,096 [pool-393-thread-1] INFO  server.RaftServerConfigKeys (ConfUtils.java:logGet(43)) - raft.server.rpc.timeout.min = 5s (custom)
2019-10-02 21:36:53,096 [pool-393-thread-1] INFO  server.RaftServerConfigKeys (ConfUtils.java:logGet(43)) - raft.server.rpc.timeout.max = 5200ms (custom)
2019-10-02 21:36:53,096 [pool-393-thread-1] INFO  server.RaftServerConfigKeys (ConfUtils.java:logGet(43)) - raft.server.rpcslowness.timeout = 120s (custom)
2019-10-02 21:36:53,096 [pool-393-thread-1] INFO  server.RaftServerConfigKeys (ConfUtils.java:logGet(43)) - raft.server.sleep.deviation.threshold = 300 (default)
2019-10-02 21:36:53,096 [pool-393-thread-1] INFO  server.RaftServerConfigKeys (ConfUtils.java:logGet(43)) - raft.server.log.appender.install.snapshot.enabled = false (custom)
2019-10-02 21:36:53,096 [pool-393-thread-1] INFO  impl.RaftServerImpl (ServerState.java:<init>(103)) - d71813ab-2f0e-4e31-8f82-cd75b730b7d9@group-296AB6FC7464: ConfigurationManager, init=-1: [d71813ab-2f0e-4e31-8f82-cd75b730b7d9:192.168.151.122:38776], old=null, confs=<EMPTY_MAP>
2019-10-02 21:36:53,097 [pool-393-thread-1] INFO  server.RaftServerConfigKeys (ConfUtils.java:logGet(43)) - raft.server.storage.dir = [/workdir/hadoop-ozone/integration-test/target/test-dir/MiniOzoneClusterImpl-573e4976-09fd-4d64-ae71-6260f4b2230a/datanode-1/data/ratis] (custom)
2019-10-02 21:36:53,097 [pool-393-thread-1] INFO  server.RaftServerConfigKeys (ConfUtils.java:logGet(43)) - raft.server.log.corruption.policy = EXCEPTION (default)
2019-10-02 21:36:53,097 [pool-393-thread-1] INFO  storage.RaftStorageDirectory (RaftStorageDirectory.java:analyzeStorage(246)) - The storage directory /workdir/hadoop-ozone/integration-test/target/test-dir/MiniOzoneClusterImpl-573e4976-09fd-4d64-ae71-6260f4b2230a/datanode-1/data/ratis/b08ceb6a-b713-45d3-80a4-296ab6fc7464 does not exist. Creating ...
2019-10-02 21:36:53,100 [pool-393-thread-1] INFO  storage.RaftStorageDirectory (RaftStorageDirectory.java:tryLock(328)) - Lock on /workdir/hadoop-ozone/integration-test/target/test-dir/MiniOzoneClusterImpl-573e4976-09fd-4d64-ae71-6260f4b2230a/datanode-1/data/ratis/b08ceb6a-b713-45d3-80a4-296ab6fc7464/in_use.lock acquired by nodename 23114@pr-hdds-2200-trunk-mgnwx-192523005
2019-10-02 21:36:53,104 [pool-393-thread-1] INFO  storage.RaftStorage (RaftStorage.java:format(84)) - Storage directory /workdir/hadoop-ozone/integration-test/target/test-dir/MiniOzoneClusterImpl-573e4976-09fd-4d64-ae71-6260f4b2230a/datanode-1/data/ratis/b08ceb6a-b713-45d3-80a4-296ab6fc7464 has been successfully formatted.
2019-10-02 21:36:53,104 [pool-393-thread-1] INFO  ratis.ContainerStateMachine (ContainerStateMachine.java:loadSnapshot(230)) - group-296AB6FC7464: The snapshot info is null. Setting the last applied indexto:(t:0, i:~)
2019-10-02 21:36:53,104 [pool-393-thread-1] INFO  server.RaftServerConfigKeys (ConfUtils.java:logGet(43)) - raft.server.notification.no-leader.timeout = 120s (custom)
2019-10-02 21:36:53,104 [pool-393-thread-1] INFO  server.RaftServerConfigKeys (ConfUtils.java:logGet(43)) - raft.server.log.use.memory = false (default)
2019-10-02 21:36:53,105 [pool-393-thread-1] INFO  server.RaftServerConfigKeys (ConfUtils.java:logGet(43)) - raft.server.log.purge.gap = 1000000 (custom)
2019-10-02 21:36:53,105 [pool-393-thread-1] INFO  server.RaftServerConfigKeys (ConfUtils.java:logGet(43)) - raft.server.log.appender.buffer.byte-limit = 33554432 (custom)
2019-10-02 21:36:53,105 [pool-393-thread-1] INFO  server.RaftServerConfigKeys (ConfUtils.java:logGet(43)) - raft.server.log.segment.size.max = 1048576 (custom)
2019-10-02 21:36:53,107 [pool-393-thread-1] INFO  server.RaftServerConfigKeys (ConfUtils.java:logGet(43)) - raft.server.log.segment.cache.num.max = 2 (custom)
2019-10-02 21:36:53,107 [pool-393-thread-1] INFO  segmented.SegmentedRaftLogWorker (SegmentedRaftLogWorker.java:<init>(173)) - new d71813ab-2f0e-4e31-8f82-cd75b730b7d9@group-296AB6FC7464-SegmentedRaftLogWorker for RaftStorage:Storage Directory /workdir/hadoop-ozone/integration-test/target/test-dir/MiniOzoneClusterImpl-573e4976-09fd-4d64-ae71-6260f4b2230a/datanode-1/data/ratis/b08ceb6a-b713-45d3-80a4-296ab6fc7464
2019-10-02 21:36:53,107 [pool-393-thread-1] INFO  server.RaftServerConfigKeys (ConfUtils.java:logGet(43)) - raft.server.log.queue.byte-limit = 2147483647 (custom)
2019-10-02 21:36:53,108 [pool-393-thread-1] INFO  server.RaftServerConfigKeys (ConfUtils.java:logGet(43)) - raft.server.log.queue.element-limit = 1024 (custom)
2019-10-02 21:36:53,108 [pool-393-thread-1] INFO  server.RaftServerConfigKeys (ConfUtils.java:logGet(43)) - raft.server.log.segment.size.max = 1048576 (custom)
2019-10-02 21:36:53,108 [pool-393-thread-1] INFO  server.RaftServerConfigKeys (ConfUtils.java:logGet(43)) - raft.server.log.preallocated.size = 16384 (custom)
2019-10-02 21:36:53,108 [pool-393-thread-1] INFO  server.RaftServerConfigKeys (ConfUtils.java:logGet(43)) - raft.server.log.write.buffer.size = 33554432 (custom)
2019-10-02 21:36:53,108 [pool-393-thread-1] INFO  server.RaftServerConfigKeys (ConfUtils.java:logGet(43)) - raft.server.log.force.sync.num = 128 (default)
2019-10-02 21:36:53,108 [pool-393-thread-1] INFO  server.RaftServerConfigKeys (ConfUtils.java:logGet(43)) - raft.server.log.statemachine.data.sync = true (default)
2019-10-02 21:36:53,109 [pool-393-thread-1] INFO  server.RaftServerConfigKeys (ConfUtils.java:logGet(43)) - raft.server.log.statemachine.data.sync.timeout = 10s (default)
2019-10-02 21:36:53,109 [pool-393-thread-1] INFO  server.RaftServerConfigKeys (ConfUtils.java:logGet(43)) - raft.server.log.statemachine.data.sync.timeout.retry = -1 (default)
2019-10-02 21:36:53,109 [pool-393-thread-1] INFO  server.RaftServerConfigKeys (ConfUtils.java:logGet(43)) - raft.server.log.statemachine.data.caching.enabled = true (custom)
2019-10-02 21:36:53,110 [pool-393-thread-1] INFO  segmented.SegmentedRaftLogWorker (SegmentedRaftLogWorker.java:lambda$new$0(128)) - d71813ab-2f0e-4e31-8f82-cd75b730b7d9@group-296AB6FC7464-SegmentedRaftLogWorker: flushIndex: setUnconditionally 0 -> -1
2019-10-02 21:36:53,110 [pool-393-thread-1] INFO  server.RaftServerConfigKeys (ConfUtils.java:logGet(43)) - raft.server.snapshot.auto.trigger.enabled = true (custom)
2019-10-02 21:36:53,110 [pool-393-thread-1] INFO  server.RaftServerConfigKeys (ConfUtils.java:logGet(43)) - raft.server.snapshot.auto.trigger.threshold = 10000 (custom)
2019-10-02 21:36:53,110 [pool-393-thread-1] INFO  server.RaftServerConfigKeys (ConfUtils.java:logGet(43)) - raft.server.snapshot.retention.file.num = 5 (custom)
2019-10-02 21:36:53,111 [pool-393-thread-1] INFO  server.RaftServerConfigKeys (ConfUtils.java:logGet(43)) - raft.server.retrycache.expirytime = 600000ms (custom)
2019-10-02 21:36:53,113 [pool-393-thread-1] INFO  impl.RaftServerImpl (RaftServerImpl.java:start(181)) - d71813ab-2f0e-4e31-8f82-cd75b730b7d9@group-296AB6FC7464: start as a follower, conf=-1: [d71813ab-2f0e-4e31-8f82-cd75b730b7d9:192.168.151.122:38776], old=null
2019-10-02 21:36:53,113 [pool-393-thread-1] INFO  impl.RaftServerImpl (RaftServerImpl.java:setRole(170)) - d71813ab-2f0e-4e31-8f82-cd75b730b7d9@group-296AB6FC7464: changes role from      null to FOLLOWER at term 0 for startAsFollower
2019-10-02 21:36:53,113 [pool-393-thread-1] INFO  impl.RoleInfo (RoleInfo.java:updateAndGet(143)) - d71813ab-2f0e-4e31-8f82-cd75b730b7d9: start FollowerState
2019-10-02 21:36:53,113 [pool-393-thread-1] INFO  util.JmxRegister (JmxRegister.java:tryRegister(44)) - Successfully registered JMX Bean with object name Ratis:service=RaftServer,group=group-296AB6FC7464,id=d71813ab-2f0e-4e31-8f82-cd75b730b7d9
2019-10-02 21:36:53,118 [RatisPipelineUtilsThread] INFO  pipeline.PipelineStateManager (PipelineStateManager.java:addPipeline(56)) - Created pipeline Pipeline[ Id: b08ceb6a-b713-45d3-80a4-296ab6fc7464, Nodes: d71813ab-2f0e-4e31-8f82-cd75b730b7d9{ip: 192.168.151.122, host: pr-hdds-2200-trunk-mgnwx-192523005, networkLocation: /default-rack, certSerialId: null}, Type:RATIS, Factor:ONE, State:OPEN]
2019-10-02 21:36:53,154 [IPC Server handler 4 on 35993] INFO  net.NetworkTopology (NetworkTopologyImpl.java:add(111)) - Added a new node: /default-rack/f2d7c526-219d-40fa-820e-93dba8d29c66
2019-10-02 21:36:53,154 [IPC Server handler 4 on 35993] INFO  node.SCMNodeManager (SCMNodeManager.java:register(266)) - Registered Data node : f2d7c526-219d-40fa-820e-93dba8d29c66{ip: 192.168.151.122, host: pr-hdds-2200-trunk-mgnwx-192523005, networkLocation: /default-rack, certSerialId: null}
2019-10-02 21:36:53,164 [grpc-default-executor-0] INFO  impl.RaftServerProxy (RaftServerProxy.java:addNew(89)) - f2d7c526-219d-40fa-820e-93dba8d29c66: addNew group-3CB3B4DD07F2:[f2d7c526-219d-40fa-820e-93dba8d29c66:192.168.151.122:41937] returns group-3CB3B4DD07F2:java.util.concurrent.CompletableFuture@1e12f4d8[Not completed]
2019-10-02 21:36:53,165 [pool-403-thread-1] INFO  impl.RaftServerImpl (RaftServerImpl.java:<init>(95)) - f2d7c526-219d-40fa-820e-93dba8d29c66: new RaftServerImpl for group-3CB3B4DD07F2:[f2d7c526-219d-40fa-820e-93dba8d29c66:192.168.151.122:41937] with ContainerStateMachine:uninitialized
2019-10-02 21:36:53,166 [pool-403-thread-1] INFO  server.RaftServerConfigKeys (ConfUtils.java:logGet(43)) - raft.server.rpc.timeout.min = 5s (custom)
2019-10-02 21:36:53,166 [pool-403-thread-1] INFO  server.RaftServerConfigKeys (ConfUtils.java:logGet(43)) - raft.server.rpc.timeout.max = 5200ms (custom)
2019-10-02 21:36:53,166 [pool-403-thread-1] INFO  server.RaftServerConfigKeys (ConfUtils.java:logGet(43)) - raft.server.rpcslowness.timeout = 120s (custom)
2019-10-02 21:36:53,166 [pool-403-thread-1] INFO  server.RaftServerConfigKeys (ConfUtils.java:logGet(43)) - raft.server.sleep.deviation.threshold = 300 (default)
2019-10-02 21:36:53,166 [pool-403-thread-1] INFO  server.RaftServerConfigKeys (ConfUtils.java:logGet(43)) - raft.server.log.appender.install.snapshot.enabled = false (custom)
2019-10-02 21:36:53,166 [pool-403-thread-1] INFO  impl.RaftServerImpl (ServerState.java:<init>(103)) - f2d7c526-219d-40fa-820e-93dba8d29c66@group-3CB3B4DD07F2: ConfigurationManager, init=-1: [f2d7c526-219d-40fa-820e-93dba8d29c66:192.168.151.122:41937], old=null, confs=<EMPTY_MAP>
2019-10-02 21:36:53,166 [pool-403-thread-1] INFO  server.RaftServerConfigKeys (ConfUtils.java:logGet(43)) - raft.server.storage.dir = [/workdir/hadoop-ozone/integration-test/target/test-dir/MiniOzoneClusterImpl-573e4976-09fd-4d64-ae71-6260f4b2230a/datanode-2/data/ratis] (custom)
2019-10-02 21:36:53,167 [pool-403-thread-1] INFO  server.RaftServerConfigKeys (ConfUtils.java:logGet(43)) - raft.server.log.corruption.policy = EXCEPTION (default)
2019-10-02 21:36:53,167 [pool-403-thread-1] INFO  storage.RaftStorageDirectory (RaftStorageDirectory.java:analyzeStorage(246)) - The storage directory /workdir/hadoop-ozone/integration-test/target/test-dir/MiniOzoneClusterImpl-573e4976-09fd-4d64-ae71-6260f4b2230a/datanode-2/data/ratis/249e7dc6-b250-4d17-8421-3cb3b4dd07f2 does not exist. Creating ...
2019-10-02 21:36:53,179 [pool-403-thread-1] INFO  storage.RaftStorageDirectory (RaftStorageDirectory.java:tryLock(328)) - Lock on /workdir/hadoop-ozone/integration-test/target/test-dir/MiniOzoneClusterImpl-573e4976-09fd-4d64-ae71-6260f4b2230a/datanode-2/data/ratis/249e7dc6-b250-4d17-8421-3cb3b4dd07f2/in_use.lock acquired by nodename 23114@pr-hdds-2200-trunk-mgnwx-192523005
2019-10-02 21:36:53,184 [pool-403-thread-1] INFO  storage.RaftStorage (RaftStorage.java:format(84)) - Storage directory /workdir/hadoop-ozone/integration-test/target/test-dir/MiniOzoneClusterImpl-573e4976-09fd-4d64-ae71-6260f4b2230a/datanode-2/data/ratis/249e7dc6-b250-4d17-8421-3cb3b4dd07f2 has been successfully formatted.
2019-10-02 21:36:53,184 [pool-403-thread-1] INFO  ratis.ContainerStateMachine (ContainerStateMachine.java:loadSnapshot(230)) - group-3CB3B4DD07F2: The snapshot info is null. Setting the last applied indexto:(t:0, i:~)
2019-10-02 21:36:53,184 [pool-403-thread-1] INFO  server.RaftServerConfigKeys (ConfUtils.java:logGet(43)) - raft.server.notification.no-leader.timeout = 120s (custom)
2019-10-02 21:36:53,184 [pool-403-thread-1] INFO  server.RaftServerConfigKeys (ConfUtils.java:logGet(43)) - raft.server.log.use.memory = false (default)
2019-10-02 21:36:53,184 [pool-403-thread-1] INFO  server.RaftServerConfigKeys (ConfUtils.java:logGet(43)) - raft.server.log.purge.gap = 1000000 (custom)
2019-10-02 21:36:53,184 [pool-403-thread-1] INFO  server.RaftServerConfigKeys (ConfUtils.java:logGet(43)) - raft.server.log.appender.buffer.byte-limit = 33554432 (custom)
2019-10-02 21:36:53,184 [pool-403-thread-1] INFO  server.RaftServerConfigKeys (ConfUtils.java:logGet(43)) - raft.server.log.segment.size.max = 1048576 (custom)
2019-10-02 21:36:53,186 [pool-403-thread-1] INFO  server.RaftServerConfigKeys (ConfUtils.java:logGet(43)) - raft.server.log.segment.cache.num.max = 2 (custom)
2019-10-02 21:36:53,186 [pool-403-thread-1] INFO  segmented.SegmentedRaftLogWorker (SegmentedRaftLogWorker.java:<init>(173)) - new f2d7c526-219d-40fa-820e-93dba8d29c66@group-3CB3B4DD07F2-SegmentedRaftLogWorker for RaftStorage:Storage Directory /workdir/hadoop-ozone/integration-test/target/test-dir/MiniOzoneClusterImpl-573e4976-09fd-4d64-ae71-6260f4b2230a/datanode-2/data/ratis/249e7dc6-b250-4d17-8421-3cb3b4dd07f2
2019-10-02 21:36:53,186 [pool-403-thread-1] INFO  server.RaftServerConfigKeys (ConfUtils.java:logGet(43)) - raft.server.log.queue.byte-limit = 2147483647 (custom)
2019-10-02 21:36:53,186 [pool-403-thread-1] INFO  server.RaftServerConfigKeys (ConfUtils.java:logGet(43)) - raft.server.log.queue.element-limit = 1024 (custom)
2019-10-02 21:36:53,186 [pool-403-thread-1] INFO  server.RaftServerConfigKeys (ConfUtils.java:logGet(43)) - raft.server.log.segment.size.max = 1048576 (custom)
2019-10-02 21:36:53,186 [pool-403-thread-1] INFO  server.RaftServerConfigKeys (ConfUtils.java:logGet(43)) - raft.server.log.preallocated.size = 16384 (custom)
2019-10-02 21:36:53,186 [pool-403-thread-1] INFO  server.RaftServerConfigKeys (ConfUtils.java:logGet(43)) - raft.server.log.write.buffer.size = 33554432 (custom)
2019-10-02 21:36:53,186 [pool-403-thread-1] INFO  server.RaftServerConfigKeys (ConfUtils.java:logGet(43)) - raft.server.log.force.sync.num = 128 (default)
2019-10-02 21:36:53,187 [pool-403-thread-1] INFO  server.RaftServerConfigKeys (ConfUtils.java:logGet(43)) - raft.server.log.statemachine.data.sync = true (default)
2019-10-02 21:36:53,187 [pool-403-thread-1] INFO  server.RaftServerConfigKeys (ConfUtils.java:logGet(43)) - raft.server.log.statemachine.data.sync.timeout = 10s (default)
2019-10-02 21:36:53,187 [pool-403-thread-1] INFO  server.RaftServerConfigKeys (ConfUtils.java:logGet(43)) - raft.server.log.statemachine.data.sync.timeout.retry = -1 (default)
2019-10-02 21:36:53,187 [pool-403-thread-1] INFO  server.RaftServerConfigKeys (ConfUtils.java:logGet(43)) - raft.server.log.statemachine.data.caching.enabled = true (custom)
2019-10-02 21:36:53,187 [pool-403-thread-1] INFO  segmented.SegmentedRaftLogWorker (SegmentedRaftLogWorker.java:lambda$new$0(128)) - f2d7c526-219d-40fa-820e-93dba8d29c66@group-3CB3B4DD07F2-SegmentedRaftLogWorker: flushIndex: setUnconditionally 0 -> -1
2019-10-02 21:36:53,188 [pool-403-thread-1] INFO  server.RaftServerConfigKeys (ConfUtils.java:logGet(43)) - raft.server.snapshot.auto.trigger.enabled = true (custom)
2019-10-02 21:36:53,188 [pool-403-thread-1] INFO  server.RaftServerConfigKeys (ConfUtils.java:logGet(43)) - raft.server.snapshot.auto.trigger.threshold = 10000 (custom)
2019-10-02 21:36:53,188 [pool-403-thread-1] INFO  server.RaftServerConfigKeys (ConfUtils.java:logGet(43)) - raft.server.snapshot.retention.file.num = 5 (custom)
2019-10-02 21:36:53,188 [pool-403-thread-1] INFO  server.RaftServerConfigKeys (ConfUtils.java:logGet(43)) - raft.server.retrycache.expirytime = 600000ms (custom)
2019-10-02 21:36:53,189 [pool-403-thread-1] INFO  impl.RaftServerImpl (RaftServerImpl.java:start(181)) - f2d7c526-219d-40fa-820e-93dba8d29c66@group-3CB3B4DD07F2: start as a follower, conf=-1: [f2d7c526-219d-40fa-820e-93dba8d29c66:192.168.151.122:41937], old=null
2019-10-02 21:36:53,189 [pool-403-thread-1] INFO  impl.RaftServerImpl (RaftServerImpl.java:setRole(170)) - f2d7c526-219d-40fa-820e-93dba8d29c66@group-3CB3B4DD07F2: changes role from      null to FOLLOWER at term 0 for startAsFollower
2019-10-02 21:36:53,189 [pool-403-thread-1] INFO  impl.RoleInfo (RoleInfo.java:updateAndGet(143)) - f2d7c526-219d-40fa-820e-93dba8d29c66: start FollowerState
2019-10-02 21:36:53,190 [pool-403-thread-1] INFO  util.JmxRegister (JmxRegister.java:tryRegister(44)) - Successfully registered JMX Bean with object name Ratis:service=RaftServer,group=group-3CB3B4DD07F2,id=f2d7c526-219d-40fa-820e-93dba8d29c66
2019-10-02 21:36:53,193 [RatisPipelineUtilsThread] INFO  pipeline.PipelineStateManager (PipelineStateManager.java:addPipeline(56)) - Created pipeline Pipeline[ Id: 249e7dc6-b250-4d17-8421-3cb3b4dd07f2, Nodes: f2d7c526-219d-40fa-820e-93dba8d29c66{ip: 192.168.151.122, host: pr-hdds-2200-trunk-mgnwx-192523005, networkLocation: /default-rack, certSerialId: null}, Type:RATIS, Factor:ONE, State:OPEN]
2019-10-02 21:36:53,214 [grpc-default-executor-1] INFO  impl.RaftServerProxy (RaftServerProxy.java:addNew(89)) - d71813ab-2f0e-4e31-8f82-cd75b730b7d9: addNew group-D00564C10F22:[d71813ab-2f0e-4e31-8f82-cd75b730b7d9:192.168.151.122:38776, f2d7c526-219d-40fa-820e-93dba8d29c66:192.168.151.122:41937, 6fd077a9-6924-41f2-a83b-f0d566d92e38:192.168.151.122:44719] returns group-D00564C10F22:java.util.concurrent.CompletableFuture@43dcb0f8[Not completed]
2019-10-02 21:36:53,215 [grpc-default-executor-1] INFO  impl.RaftServerProxy (RaftServerProxy.java:addNew(89)) - f2d7c526-219d-40fa-820e-93dba8d29c66: addNew group-D00564C10F22:[d71813ab-2f0e-4e31-8f82-cd75b730b7d9:192.168.151.122:38776, f2d7c526-219d-40fa-820e-93dba8d29c66:192.168.151.122:41937, 6fd077a9-6924-41f2-a83b-f0d566d92e38:192.168.151.122:44719] returns group-D00564C10F22:java.util.concurrent.CompletableFuture@c211bcf[Not completed]
2019-10-02 21:36:53,215 [pool-393-thread-1] INFO  impl.RaftServerImpl (RaftServerImpl.java:<init>(95)) - d71813ab-2f0e-4e31-8f82-cd75b730b7d9: new RaftServerImpl for group-D00564C10F22:[d71813ab-2f0e-4e31-8f82-cd75b730b7d9:192.168.151.122:38776, f2d7c526-219d-40fa-820e-93dba8d29c66:192.168.151.122:41937, 6fd077a9-6924-41f2-a83b-f0d566d92e38:192.168.151.122:44719] with ContainerStateMachine:uninitialized
2019-10-02 21:36:53,216 [pool-393-thread-1] INFO  server.RaftServerConfigKeys (ConfUtils.java:logGet(43)) - raft.server.rpc.timeout.min = 5s (custom)
2019-10-02 21:36:53,216 [pool-393-thread-1] INFO  server.RaftServerConfigKeys (ConfUtils.java:logGet(43)) - raft.server.rpc.timeout.max = 5200ms (custom)
2019-10-02 21:36:53,216 [pool-393-thread-1] INFO  server.RaftServerConfigKeys (ConfUtils.java:logGet(43)) - raft.server.rpcslowness.timeout = 120s (custom)
2019-10-02 21:36:53,216 [grpc-default-executor-1] INFO  impl.RaftServerProxy (RaftServerProxy.java:addNew(89)) - 6fd077a9-6924-41f2-a83b-f0d566d92e38: addNew group-D00564C10F22:[d71813ab-2f0e-4e31-8f82-cd75b730b7d9:192.168.151.122:38776, f2d7c526-219d-40fa-820e-93dba8d29c66:192.168.151.122:41937, 6fd077a9-6924-41f2-a83b-f0d566d92e38:192.168.151.122:44719] returns group-D00564C10F22:java.util.concurrent.CompletableFuture@280ef90d[Not completed]
2019-10-02 21:36:53,216 [pool-393-thread-1] INFO  server.RaftServerConfigKeys (ConfUtils.java:logGet(43)) - raft.server.sleep.deviation.threshold = 300 (default)
2019-10-02 21:36:53,216 [pool-393-thread-1] INFO  server.RaftServerConfigKeys (ConfUtils.java:logGet(43)) - raft.server.log.appender.install.snapshot.enabled = false (custom)
2019-10-02 21:36:53,216 [pool-393-thread-1] INFO  impl.RaftServerImpl (ServerState.java:<init>(103)) - d71813ab-2f0e-4e31-8f82-cd75b730b7d9@group-D00564C10F22: ConfigurationManager, init=-1: [d71813ab-2f0e-4e31-8f82-cd75b730b7d9:192.168.151.122:38776, f2d7c526-219d-40fa-820e-93dba8d29c66:192.168.151.122:41937, 6fd077a9-6924-41f2-a83b-f0d566d92e38:192.168.151.122:44719], old=null, confs=<EMPTY_MAP>
2019-10-02 21:36:53,216 [pool-393-thread-1] INFO  server.RaftServerConfigKeys (ConfUtils.java:logGet(43)) - raft.server.storage.dir = [/workdir/hadoop-ozone/integration-test/target/test-dir/MiniOzoneClusterImpl-573e4976-09fd-4d64-ae71-6260f4b2230a/datanode-1/data/ratis] (custom)
2019-10-02 21:36:53,216 [pool-393-thread-1] INFO  server.RaftServerConfigKeys (ConfUtils.java:logGet(43)) - raft.server.log.corruption.policy = EXCEPTION (default)
2019-10-02 21:36:53,216 [pool-403-thread-1] INFO  impl.RaftServerImpl (RaftServerImpl.java:<init>(95)) - f2d7c526-219d-40fa-820e-93dba8d29c66: new RaftServerImpl for group-D00564C10F22:[d71813ab-2f0e-4e31-8f82-cd75b730b7d9:192.168.151.122:38776, f2d7c526-219d-40fa-820e-93dba8d29c66:192.168.151.122:41937, 6fd077a9-6924-41f2-a83b-f0d566d92e38:192.168.151.122:44719] with ContainerStateMachine:uninitialized
2019-10-02 21:36:53,217 [pool-393-thread-1] INFO  storage.RaftStorageDirectory (RaftStorageDirectory.java:analyzeStorage(246)) - The storage directory /workdir/hadoop-ozone/integration-test/target/test-dir/MiniOzoneClusterImpl-573e4976-09fd-4d64-ae71-6260f4b2230a/datanode-1/data/ratis/26024e19-e370-44fa-8d5d-d00564c10f22 does not exist. Creating ...
2019-10-02 21:36:53,217 [pool-403-thread-1] INFO  server.RaftServerConfigKeys (ConfUtils.java:logGet(43)) - raft.server.rpc.timeout.min = 5s (custom)
2019-10-02 21:36:53,217 [pool-403-thread-1] INFO  server.RaftServerConfigKeys (ConfUtils.java:logGet(43)) - raft.server.rpc.timeout.max = 5200ms (custom)
2019-10-02 21:36:53,217 [pool-383-thread-1] INFO  impl.RaftServerImpl (RaftServerImpl.java:<init>(95)) - 6fd077a9-6924-41f2-a83b-f0d566d92e38: new RaftServerImpl for group-D00564C10F22:[d71813ab-2f0e-4e31-8f82-cd75b730b7d9:192.168.151.122:38776, f2d7c526-219d-40fa-820e-93dba8d29c66:192.168.151.122:41937, 6fd077a9-6924-41f2-a83b-f0d566d92e38:192.168.151.122:44719] with ContainerStateMachine:uninitialized
2019-10-02 21:36:53,217 [pool-403-thread-1] INFO  server.RaftServerConfigKeys (ConfUtils.java:logGet(43)) - raft.server.rpcslowness.timeout = 120s (custom)
2019-10-02 21:36:53,217 [pool-383-thread-1] INFO  server.RaftServerConfigKeys (ConfUtils.java:logGet(43)) - raft.server.rpc.timeout.min = 5s (custom)
2019-10-02 21:36:53,218 [pool-403-thread-1] INFO  server.RaftServerConfigKeys (ConfUtils.java:logGet(43)) - raft.server.sleep.deviation.threshold = 300 (default)
2019-10-02 21:36:53,218 [pool-383-thread-1] INFO  server.RaftServerConfigKeys (ConfUtils.java:logGet(43)) - raft.server.rpc.timeout.max = 5200ms (custom)
2019-10-02 21:36:53,218 [pool-403-thread-1] INFO  server.RaftServerConfigKeys (ConfUtils.java:logGet(43)) - raft.server.log.appender.install.snapshot.enabled = false (custom)
2019-10-02 21:36:53,218 [pool-383-thread-1] INFO  server.RaftServerConfigKeys (ConfUtils.java:logGet(43)) - raft.server.rpcslowness.timeout = 120s (custom)
2019-10-02 21:36:53,218 [pool-403-thread-1] INFO  impl.RaftServerImpl (ServerState.java:<init>(103)) - f2d7c526-219d-40fa-820e-93dba8d29c66@group-D00564C10F22: ConfigurationManager, init=-1: [d71813ab-2f0e-4e31-8f82-cd75b730b7d9:192.168.151.122:38776, f2d7c526-219d-40fa-820e-93dba8d29c66:192.168.151.122:41937, 6fd077a9-6924-41f2-a83b-f0d566d92e38:192.168.151.122:44719], old=null, confs=<EMPTY_MAP>
2019-10-02 21:36:53,218 [pool-383-thread-1] INFO  server.RaftServerConfigKeys (ConfUtils.java:logGet(43)) - raft.server.sleep.deviation.threshold = 300 (default)
2019-10-02 21:36:53,218 [pool-403-thread-1] INFO  server.RaftServerConfigKeys (ConfUtils.java:logGet(43)) - raft.server.storage.dir = [/workdir/hadoop-ozone/integration-test/target/test-dir/MiniOzoneClusterImpl-573e4976-09fd-4d64-ae71-6260f4b2230a/datanode-2/data/ratis] (custom)
2019-10-02 21:36:53,219 [pool-383-thread-1] INFO  server.RaftServerConfigKeys (ConfUtils.java:logGet(43)) - raft.server.log.appender.install.snapshot.enabled = false (custom)
2019-10-02 21:36:53,219 [pool-383-thread-1] INFO  impl.RaftServerImpl (ServerState.java:<init>(103)) - 6fd077a9-6924-41f2-a83b-f0d566d92e38@group-D00564C10F22: ConfigurationManager, init=-1: [d71813ab-2f0e-4e31-8f82-cd75b730b7d9:192.168.151.122:38776, f2d7c526-219d-40fa-820e-93dba8d29c66:192.168.151.122:41937, 6fd077a9-6924-41f2-a83b-f0d566d92e38:192.168.151.122:44719], old=null, confs=<EMPTY_MAP>
2019-10-02 21:36:53,219 [pool-383-thread-1] INFO  server.RaftServerConfigKeys (ConfUtils.java:logGet(43)) - raft.server.storage.dir = [/workdir/hadoop-ozone/integration-test/target/test-dir/MiniOzoneClusterImpl-573e4976-09fd-4d64-ae71-6260f4b2230a/datanode-0/data/ratis] (custom)
2019-10-02 21:36:53,219 [pool-403-thread-1] INFO  server.RaftServerConfigKeys (ConfUtils.java:logGet(43)) - raft.server.log.corruption.policy = EXCEPTION (default)
2019-10-02 21:36:53,219 [pool-383-thread-1] INFO  server.RaftServerConfigKeys (ConfUtils.java:logGet(43)) - raft.server.log.corruption.policy = EXCEPTION (default)
2019-10-02 21:36:53,220 [pool-403-thread-1] INFO  storage.RaftStorageDirectory (RaftStorageDirectory.java:analyzeStorage(246)) - The storage directory /workdir/hadoop-ozone/integration-test/target/test-dir/MiniOzoneClusterImpl-573e4976-09fd-4d64-ae71-6260f4b2230a/datanode-2/data/ratis/26024e19-e370-44fa-8d5d-d00564c10f22 does not exist. Creating ...
2019-10-02 21:36:53,220 [pool-383-thread-1] INFO  storage.RaftStorageDirectory (RaftStorageDirectory.java:analyzeStorage(246)) - The storage directory /workdir/hadoop-ozone/integration-test/target/test-dir/MiniOzoneClusterImpl-573e4976-09fd-4d64-ae71-6260f4b2230a/datanode-0/data/ratis/26024e19-e370-44fa-8d5d-d00564c10f22 does not exist. Creating ...
2019-10-02 21:36:53,220 [pool-393-thread-1] INFO  storage.RaftStorageDirectory (RaftStorageDirectory.java:tryLock(328)) - Lock on /workdir/hadoop-ozone/integration-test/target/test-dir/MiniOzoneClusterImpl-573e4976-09fd-4d64-ae71-6260f4b2230a/datanode-1/data/ratis/26024e19-e370-44fa-8d5d-d00564c10f22/in_use.lock acquired by nodename 23114@pr-hdds-2200-trunk-mgnwx-192523005
2019-10-02 21:36:53,223 [pool-383-thread-1] INFO  storage.RaftStorageDirectory (RaftStorageDirectory.java:tryLock(328)) - Lock on /workdir/hadoop-ozone/integration-test/target/test-dir/MiniOzoneClusterImpl-573e4976-09fd-4d64-ae71-6260f4b2230a/datanode-0/data/ratis/26024e19-e370-44fa-8d5d-d00564c10f22/in_use.lock acquired by nodename 23114@pr-hdds-2200-trunk-mgnwx-192523005
2019-10-02 21:36:53,223 [pool-393-thread-1] INFO  storage.RaftStorage (RaftStorage.java:format(84)) - Storage directory /workdir/hadoop-ozone/integration-test/target/test-dir/MiniOzoneClusterImpl-573e4976-09fd-4d64-ae71-6260f4b2230a/datanode-1/data/ratis/26024e19-e370-44fa-8d5d-d00564c10f22 has been successfully formatted.
2019-10-02 21:36:53,223 [pool-403-thread-1] INFO  storage.RaftStorageDirectory (RaftStorageDirectory.java:tryLock(328)) - Lock on /workdir/hadoop-ozone/integration-test/target/test-dir/MiniOzoneClusterImpl-573e4976-09fd-4d64-ae71-6260f4b2230a/datanode-2/data/ratis/26024e19-e370-44fa-8d5d-d00564c10f22/in_use.lock acquired by nodename 23114@pr-hdds-2200-trunk-mgnwx-192523005
2019-10-02 21:36:53,223 [pool-393-thread-1] INFO  ratis.ContainerStateMachine (ContainerStateMachine.java:loadSnapshot(230)) - group-D00564C10F22: The snapshot info is null. Setting the last applied indexto:(t:0, i:~)
2019-10-02 21:36:53,224 [pool-393-thread-1] INFO  server.RaftServerConfigKeys (ConfUtils.java:logGet(43)) - raft.server.notification.no-leader.timeout = 120s (custom)
2019-10-02 21:36:53,224 [pool-393-thread-1] INFO  server.RaftServerConfigKeys (ConfUtils.java:logGet(43)) - raft.server.log.use.memory = false (default)
2019-10-02 21:36:53,224 [pool-393-thread-1] INFO  server.RaftServerConfigKeys (ConfUtils.java:logGet(43)) - raft.server.log.purge.gap = 1000000 (custom)
2019-10-02 21:36:53,224 [pool-393-thread-1] INFO  server.RaftServerConfigKeys (ConfUtils.java:logGet(43)) - raft.server.log.appender.buffer.byte-limit = 33554432 (custom)
2019-10-02 21:36:53,224 [pool-393-thread-1] INFO  server.RaftServerConfigKeys (ConfUtils.java:logGet(43)) - raft.server.log.segment.size.max = 1048576 (custom)
2019-10-02 21:36:53,224 [pool-393-thread-1] INFO  server.RaftServerConfigKeys (ConfUtils.java:logGet(43)) - raft.server.log.segment.cache.num.max = 2 (custom)
2019-10-02 21:36:53,224 [pool-393-thread-1] INFO  segmented.SegmentedRaftLogWorker (SegmentedRaftLogWorker.java:<init>(173)) - new d71813ab-2f0e-4e31-8f82-cd75b730b7d9@group-D00564C10F22-SegmentedRaftLogWorker for RaftStorage:Storage Directory /workdir/hadoop-ozone/integration-test/target/test-dir/MiniOzoneClusterImpl-573e4976-09fd-4d64-ae71-6260f4b2230a/datanode-1/data/ratis/26024e19-e370-44fa-8d5d-d00564c10f22
2019-10-02 21:36:53,225 [pool-393-thread-1] INFO  server.RaftServerConfigKeys (ConfUtils.java:logGet(43)) - raft.server.log.queue.byte-limit = 2147483647 (custom)
2019-10-02 21:36:53,225 [pool-393-thread-1] INFO  server.RaftServerConfigKeys (ConfUtils.java:logGet(43)) - raft.server.log.queue.element-limit = 1024 (custom)
2019-10-02 21:36:53,225 [pool-393-thread-1] INFO  server.RaftServerConfigKeys (ConfUtils.java:logGet(43)) - raft.server.log.segment.size.max = 1048576 (custom)
2019-10-02 21:36:53,225 [pool-393-thread-1] INFO  server.RaftServerConfigKeys (ConfUtils.java:logGet(43)) - raft.server.log.preallocated.size = 16384 (custom)
2019-10-02 21:36:53,225 [pool-393-thread-1] INFO  server.RaftServerConfigKeys (ConfUtils.java:logGet(43)) - raft.server.log.write.buffer.size = 33554432 (custom)
2019-10-02 21:36:53,225 [pool-393-thread-1] INFO  server.RaftServerConfigKeys (ConfUtils.java:logGet(43)) - raft.server.log.force.sync.num = 128 (default)
2019-10-02 21:36:53,225 [pool-393-thread-1] INFO  server.RaftServerConfigKeys (ConfUtils.java:logGet(43)) - raft.server.log.statemachine.data.sync = true (default)
2019-10-02 21:36:53,225 [pool-393-thread-1] INFO  server.RaftServerConfigKeys (ConfUtils.java:logGet(43)) - raft.server.log.statemachine.data.sync.timeout = 10s (default)
2019-10-02 21:36:53,226 [pool-393-thread-1] INFO  server.RaftServerConfigKeys (ConfUtils.java:logGet(43)) - raft.server.log.statemachine.data.sync.timeout.retry = -1 (default)
2019-10-02 21:36:53,226 [pool-393-thread-1] INFO  server.RaftServerConfigKeys (ConfUtils.java:logGet(43)) - raft.server.log.statemachine.data.caching.enabled = true (custom)
2019-10-02 21:36:53,226 [IPC Server handler 19 on 35993] INFO  net.NetworkTopology (NetworkTopologyImpl.java:add(111)) - Added a new node: /default-rack/361044e5-82bf-42c5-923f-1eaa64ca5e87
2019-10-02 21:36:53,226 [IPC Server handler 19 on 35993] INFO  node.SCMNodeManager (SCMNodeManager.java:register(266)) - Registered Data node : 361044e5-82bf-42c5-923f-1eaa64ca5e87{ip: 192.168.151.122, host: pr-hdds-2200-trunk-mgnwx-192523005, networkLocation: /default-rack, certSerialId: null}
2019-10-02 21:36:53,227 [pool-393-thread-1] INFO  segmented.SegmentedRaftLogWorker (SegmentedRaftLogWorker.java:lambda$new$0(128)) - d71813ab-2f0e-4e31-8f82-cd75b730b7d9@group-D00564C10F22-SegmentedRaftLogWorker: flushIndex: setUnconditionally 0 -> -1
2019-10-02 21:36:53,227 [pool-383-thread-1] INFO  storage.RaftStorage (RaftStorage.java:format(84)) - Storage directory /workdir/hadoop-ozone/integration-test/target/test-dir/MiniOzoneClusterImpl-573e4976-09fd-4d64-ae71-6260f4b2230a/datanode-0/data/ratis/26024e19-e370-44fa-8d5d-d00564c10f22 has been successfully formatted.
2019-10-02 21:36:53,227 [pool-393-thread-1] INFO  server.RaftServerConfigKeys (ConfUtils.java:logGet(43)) - raft.server.snapshot.auto.trigger.enabled = true (custom)
2019-10-02 21:36:53,227 [pool-403-thread-1] INFO  storage.RaftStorage (RaftStorage.java:format(84)) - Storage directory /workdir/hadoop-ozone/integration-test/target/test-dir/MiniOzoneClusterImpl-573e4976-09fd-4d64-ae71-6260f4b2230a/datanode-2/data/ratis/26024e19-e370-44fa-8d5d-d00564c10f22 has been successfully formatted.
2019-10-02 21:36:53,227 [pool-393-thread-1] INFO  server.RaftServerConfigKeys (ConfUtils.java:logGet(43)) - raft.server.snapshot.auto.trigger.threshold = 10000 (custom)
2019-10-02 21:36:53,227 [pool-383-thread-1] INFO  ratis.ContainerStateMachine (ContainerStateMachine.java:loadSnapshot(230)) - group-D00564C10F22: The snapshot info is null. Setting the last applied indexto:(t:0, i:~)
2019-10-02 21:36:53,228 [pool-393-thread-1] INFO  server.RaftServerConfigKeys (ConfUtils.java:logGet(43)) - raft.server.snapshot.retention.file.num = 5 (custom)
2019-10-02 21:36:53,228 [pool-403-thread-1] INFO  ratis.ContainerStateMachine (ContainerStateMachine.java:loadSnapshot(230)) - group-D00564C10F22: The snapshot info is null. Setting the last applied indexto:(t:0, i:~)
2019-10-02 21:36:53,228 [pool-393-thread-1] INFO  server.RaftServerConfigKeys (ConfUtils.java:logGet(43)) - raft.server.retrycache.expirytime = 600000ms (custom)
2019-10-02 21:36:53,228 [pool-383-thread-1] INFO  server.RaftServerConfigKeys (ConfUtils.java:logGet(43)) - raft.server.notification.no-leader.timeout = 120s (custom)
2019-10-02 21:36:53,228 [pool-403-thread-1] INFO  server.RaftServerConfigKeys (ConfUtils.java:logGet(43)) - raft.server.notification.no-leader.timeout = 120s (custom)
2019-10-02 21:36:53,228 [pool-383-thread-1] INFO  server.RaftServerConfigKeys (ConfUtils.java:logGet(43)) - raft.server.log.use.memory = false (default)
2019-10-02 21:36:53,228 [pool-403-thread-1] INFO  server.RaftServerConfigKeys (ConfUtils.java:logGet(43)) - raft.server.log.use.memory = false (default)
2019-10-02 21:36:53,228 [pool-383-thread-1] INFO  server.RaftServerConfigKeys (ConfUtils.java:logGet(43)) - raft.server.log.purge.gap = 1000000 (custom)
2019-10-02 21:36:53,229 [pool-403-thread-1] INFO  server.RaftServerConfigKeys (ConfUtils.java:logGet(43)) - raft.server.log.purge.gap = 1000000 (custom)
2019-10-02 21:36:53,229 [pool-383-thread-1] INFO  server.RaftServerConfigKeys (ConfUtils.java:logGet(43)) - raft.server.log.appender.buffer.byte-limit = 33554432 (custom)
2019-10-02 21:36:53,229 [pool-403-thread-1] INFO  server.RaftServerConfigKeys (ConfUtils.java:logGet(43)) - raft.server.log.appender.buffer.byte-limit = 33554432 (custom)
2019-10-02 21:36:53,229 [pool-383-thread-1] INFO  server.RaftServerConfigKeys (ConfUtils.java:logGet(43)) - raft.server.log.segment.size.max = 1048576 (custom)
2019-10-02 21:36:53,229 [pool-403-thread-1] INFO  server.RaftServerConfigKeys (ConfUtils.java:logGet(43)) - raft.server.log.segment.size.max = 1048576 (custom)
2019-10-02 21:36:53,229 [pool-383-thread-1] INFO  server.RaftServerConfigKeys (ConfUtils.java:logGet(43)) - raft.server.log.segment.cache.num.max = 2 (custom)
2019-10-02 21:36:53,229 [pool-403-thread-1] INFO  server.RaftServerConfigKeys (ConfUtils.java:logGet(43)) - raft.server.log.segment.cache.num.max = 2 (custom)
2019-10-02 21:36:53,229 [pool-383-thread-1] INFO  segmented.SegmentedRaftLogWorker (SegmentedRaftLogWorker.java:<init>(173)) - new 6fd077a9-6924-41f2-a83b-f0d566d92e38@group-D00564C10F22-SegmentedRaftLogWorker for RaftStorage:Storage Directory /workdir/hadoop-ozone/integration-test/target/test-dir/MiniOzoneClusterImpl-573e4976-09fd-4d64-ae71-6260f4b2230a/datanode-0/data/ratis/26024e19-e370-44fa-8d5d-d00564c10f22
2019-10-02 21:36:53,229 [pool-403-thread-1] INFO  segmented.SegmentedRaftLogWorker (SegmentedRaftLogWorker.java:<init>(173)) - new f2d7c526-219d-40fa-820e-93dba8d29c66@group-D00564C10F22-SegmentedRaftLogWorker for RaftStorage:Storage Directory /workdir/hadoop-ozone/integration-test/target/test-dir/MiniOzoneClusterImpl-573e4976-09fd-4d64-ae71-6260f4b2230a/datanode-2/data/ratis/26024e19-e370-44fa-8d5d-d00564c10f22
2019-10-02 21:36:53,230 [pool-383-thread-1] INFO  server.RaftServerConfigKeys (ConfUtils.java:logGet(43)) - raft.server.log.queue.byte-limit = 2147483647 (custom)
2019-10-02 21:36:53,230 [pool-393-thread-1] INFO  impl.RaftServerImpl (RaftServerImpl.java:start(181)) - d71813ab-2f0e-4e31-8f82-cd75b730b7d9@group-D00564C10F22: start as a follower, conf=-1: [d71813ab-2f0e-4e31-8f82-cd75b730b7d9:192.168.151.122:38776, f2d7c526-219d-40fa-820e-93dba8d29c66:192.168.151.122:41937, 6fd077a9-6924-41f2-a83b-f0d566d92e38:192.168.151.122:44719], old=null
2019-10-02 21:36:53,230 [pool-403-thread-1] INFO  server.RaftServerConfigKeys (ConfUtils.java:logGet(43)) - raft.server.log.queue.byte-limit = 2147483647 (custom)
2019-10-02 21:36:53,230 [pool-393-thread-1] INFO  impl.RaftServerImpl (RaftServerImpl.java:setRole(170)) - d71813ab-2f0e-4e31-8f82-cd75b730b7d9@group-D00564C10F22: changes role from      null to FOLLOWER at term 0 for startAsFollower
2019-10-02 21:36:53,230 [pool-383-thread-1] INFO  server.RaftServerConfigKeys (ConfUtils.java:logGet(43)) - raft.server.log.queue.element-limit = 1024 (custom)
2019-10-02 21:36:53,230 [pool-393-thread-1] INFO  impl.RoleInfo (RoleInfo.java:updateAndGet(143)) - d71813ab-2f0e-4e31-8f82-cd75b730b7d9: start FollowerState
2019-10-02 21:36:53,230 [pool-403-thread-1] INFO  server.RaftServerConfigKeys (ConfUtils.java:logGet(43)) - raft.server.log.queue.element-limit = 1024 (custom)
2019-10-02 21:36:53,230 [pool-383-thread-1] INFO  server.RaftServerConfigKeys (ConfUtils.java:logGet(43)) - raft.server.log.segment.size.max = 1048576 (custom)
2019-10-02 21:36:53,230 [pool-403-thread-1] INFO  server.RaftServerConfigKeys (ConfUtils.java:logGet(43)) - raft.server.log.segment.size.max = 1048576 (custom)
2019-10-02 21:36:53,231 [pool-383-thread-1] INFO  server.RaftServerConfigKeys (ConfUtils.java:logGet(43)) - raft.server.log.preallocated.size = 16384 (custom)
2019-10-02 21:36:53,231 [pool-393-thread-1] INFO  util.JmxRegister (JmxRegister.java:tryRegister(44)) - Successfully registered JMX Bean with object name Ratis:service=RaftServer,group=group-D00564C10F22,id=d71813ab-2f0e-4e31-8f82-cd75b730b7d9
2019-10-02 21:36:53,231 [pool-383-thread-1] INFO  server.RaftServerConfigKeys (ConfUtils.java:logGet(43)) - raft.server.log.write.buffer.size = 33554432 (custom)
2019-10-02 21:36:53,231 [pool-383-thread-1] INFO  server.RaftServerConfigKeys (ConfUtils.java:logGet(43)) - raft.server.log.force.sync.num = 128 (default)
2019-10-02 21:36:53,231 [pool-403-thread-1] INFO  server.RaftServerConfigKeys (ConfUtils.java:logGet(43)) - raft.server.log.preallocated.size = 16384 (custom)
2019-10-02 21:36:53,231 [pool-383-thread-1] INFO  server.RaftServerConfigKeys (ConfUtils.java:logGet(43)) - raft.server.log.statemachine.data.sync = true (default)
2019-10-02 21:36:53,231 [pool-403-thread-1] INFO  server.RaftServerConfigKeys (ConfUtils.java:logGet(43)) - raft.server.log.write.buffer.size = 33554432 (custom)
2019-10-02 21:36:53,232 [pool-383-thread-1] INFO  server.RaftServerConfigKeys (ConfUtils.java:logGet(43)) - raft.server.log.statemachine.data.sync.timeout = 10s (default)
2019-10-02 21:36:53,232 [pool-403-thread-1] INFO  server.RaftServerConfigKeys (ConfUtils.java:logGet(43)) - raft.server.log.force.sync.num = 128 (default)
2019-10-02 21:36:53,232 [pool-383-thread-1] INFO  server.RaftServerConfigKeys (ConfUtils.java:logGet(43)) - raft.server.log.statemachine.data.sync.timeout.retry = -1 (default)
2019-10-02 21:36:53,232 [pool-403-thread-1] INFO  server.RaftServerConfigKeys (ConfUtils.java:logGet(43)) - raft.server.log.statemachine.data.sync = true (default)
2019-10-02 21:36:53,232 [pool-383-thread-1] INFO  server.RaftServerConfigKeys (ConfUtils.java:logGet(43)) - raft.server.log.statemachine.data.caching.enabled = true (custom)
2019-10-02 21:36:53,232 [pool-403-thread-1] INFO  server.RaftServerConfigKeys (ConfUtils.java:logGet(43)) - raft.server.log.statemachine.data.sync.timeout = 10s (default)
2019-10-02 21:36:53,232 [pool-403-thread-1] INFO  server.RaftServerConfigKeys (ConfUtils.java:logGet(43)) - raft.server.log.statemachine.data.sync.timeout.retry = -1 (default)
2019-10-02 21:36:53,232 [pool-383-thread-1] INFO  segmented.SegmentedRaftLogWorker (SegmentedRaftLogWorker.java:lambda$new$0(128)) - 6fd077a9-6924-41f2-a83b-f0d566d92e38@group-D00564C10F22-SegmentedRaftLogWorker: flushIndex: setUnconditionally 0 -> -1
2019-10-02 21:36:53,232 [pool-403-thread-1] INFO  server.RaftServerConfigKeys (ConfUtils.java:logGet(43)) - raft.server.log.statemachine.data.caching.enabled = true (custom)
2019-10-02 21:36:53,233 [pool-383-thread-1] INFO  server.RaftServerConfigKeys (ConfUtils.java:logGet(43)) - raft.server.snapshot.auto.trigger.enabled = true (custom)
2019-10-02 21:36:53,233 [pool-403-thread-1] INFO  segmented.SegmentedRaftLogWorker (SegmentedRaftLogWorker.java:lambda$new$0(128)) - f2d7c526-219d-40fa-820e-93dba8d29c66@group-D00564C10F22-SegmentedRaftLogWorker: flushIndex: setUnconditionally 0 -> -1
2019-10-02 21:36:53,233 [pool-383-thread-1] INFO  server.RaftServerConfigKeys (ConfUtils.java:logGet(43)) - raft.server.snapshot.auto.trigger.threshold = 10000 (custom)
2019-10-02 21:36:53,233 [pool-383-thread-1] INFO  server.RaftServerConfigKeys (ConfUtils.java:logGet(43)) - raft.server.snapshot.retention.file.num = 5 (custom)
2019-10-02 21:36:53,233 [pool-403-thread-1] INFO  server.RaftServerConfigKeys (ConfUtils.java:logGet(43)) - raft.server.snapshot.auto.trigger.enabled = true (custom)
2019-10-02 21:36:53,233 [pool-383-thread-1] INFO  server.RaftServerConfigKeys (ConfUtils.java:logGet(43)) - raft.server.retrycache.expirytime = 600000ms (custom)
2019-10-02 21:36:53,233 [pool-403-thread-1] INFO  server.RaftServerConfigKeys (ConfUtils.java:logGet(43)) - raft.server.snapshot.auto.trigger.threshold = 10000 (custom)
2019-10-02 21:36:53,233 [pool-403-thread-1] INFO  server.RaftServerConfigKeys (ConfUtils.java:logGet(43)) - raft.server.snapshot.retention.file.num = 5 (custom)
2019-10-02 21:36:53,233 [pool-403-thread-1] INFO  server.RaftServerConfigKeys (ConfUtils.java:logGet(43)) - raft.server.retrycache.expirytime = 600000ms (custom)
2019-10-02 21:36:53,235 [pool-383-thread-1] INFO  impl.RaftServerImpl (RaftServerImpl.java:start(181)) - 6fd077a9-6924-41f2-a83b-f0d566d92e38@group-D00564C10F22: start as a follower, conf=-1: [d71813ab-2f0e-4e31-8f82-cd75b730b7d9:192.168.151.122:38776, f2d7c526-219d-40fa-820e-93dba8d29c66:192.168.151.122:41937, 6fd077a9-6924-41f2-a83b-f0d566d92e38:192.168.151.122:44719], old=null
2019-10-02 21:36:53,235 [pool-403-thread-1] INFO  impl.RaftServerImpl (RaftServerImpl.java:start(181)) - f2d7c526-219d-40fa-820e-93dba8d29c66@group-D00564C10F22: start as a follower, conf=-1: [d71813ab-2f0e-4e31-8f82-cd75b730b7d9:192.168.151.122:38776, f2d7c526-219d-40fa-820e-93dba8d29c66:192.168.151.122:41937, 6fd077a9-6924-41f2-a83b-f0d566d92e38:192.168.151.122:44719], old=null
2019-10-02 21:36:53,235 [pool-383-thread-1] INFO  impl.RaftServerImpl (RaftServerImpl.java:setRole(170)) - 6fd077a9-6924-41f2-a83b-f0d566d92e38@group-D00564C10F22: changes role from      null to FOLLOWER at term 0 for startAsFollower
2019-10-02 21:36:53,236 [pool-403-thread-1] INFO  impl.RaftServerImpl (RaftServerImpl.java:setRole(170)) - f2d7c526-219d-40fa-820e-93dba8d29c66@group-D00564C10F22: changes role from      null to FOLLOWER at term 0 for startAsFollower
2019-10-02 21:36:53,236 [pool-383-thread-1] INFO  impl.RoleInfo (RoleInfo.java:updateAndGet(143)) - 6fd077a9-6924-41f2-a83b-f0d566d92e38: start FollowerState
2019-10-02 21:36:53,236 [pool-403-thread-1] INFO  impl.RoleInfo (RoleInfo.java:updateAndGet(143)) - f2d7c526-219d-40fa-820e-93dba8d29c66: start FollowerState
2019-10-02 21:36:53,236 [pool-383-thread-1] INFO  util.JmxRegister (JmxRegister.java:tryRegister(44)) - Successfully registered JMX Bean with object name Ratis:service=RaftServer,group=group-D00564C10F22,id=6fd077a9-6924-41f2-a83b-f0d566d92e38
2019-10-02 21:36:53,236 [pool-403-thread-1] INFO  util.JmxRegister (JmxRegister.java:tryRegister(44)) - Successfully registered JMX Bean with object name Ratis:service=RaftServer,group=group-D00564C10F22,id=f2d7c526-219d-40fa-820e-93dba8d29c66
2019-10-02 21:36:53,241 [RatisPipelineUtilsThread] INFO  pipeline.PipelineStateManager (PipelineStateManager.java:addPipeline(56)) - Created pipeline Pipeline[ Id: 26024e19-e370-44fa-8d5d-d00564c10f22, Nodes: 6fd077a9-6924-41f2-a83b-f0d566d92e38{ip: 192.168.151.122, host: pr-hdds-2200-trunk-mgnwx-192523005, networkLocation: /default-rack, certSerialId: null}d71813ab-2f0e-4e31-8f82-cd75b730b7d9{ip: 192.168.151.122, host: pr-hdds-2200-trunk-mgnwx-192523005, networkLocation: /default-rack, certSerialId: null}f2d7c526-219d-40fa-820e-93dba8d29c66{ip: 192.168.151.122, host: pr-hdds-2200-trunk-mgnwx-192523005, networkLocation: /default-rack, certSerialId: null}, Type:RATIS, Factor:THREE, State:OPEN]
2019-10-02 21:36:53,297 [IPC Server handler 18 on 35993] INFO  net.NetworkTopology (NetworkTopologyImpl.java:add(111)) - Added a new node: /default-rack/3cadedad-da2e-4b21-bf4e-bd5ba3341f2d
2019-10-02 21:36:53,297 [IPC Server handler 18 on 35993] INFO  node.SCMNodeManager (SCMNodeManager.java:register(266)) - Registered Data node : 3cadedad-da2e-4b21-bf4e-bd5ba3341f2d{ip: 192.168.151.122, host: pr-hdds-2200-trunk-mgnwx-192523005, networkLocation: /default-rack, certSerialId: null}
2019-10-02 21:36:53,308 [grpc-default-executor-1] INFO  impl.RaftServerProxy (RaftServerProxy.java:addNew(89)) - 3cadedad-da2e-4b21-bf4e-bd5ba3341f2d: addNew group-9E96B5782B15:[3cadedad-da2e-4b21-bf4e-bd5ba3341f2d:192.168.151.122:42094] returns group-9E96B5782B15:java.util.concurrent.CompletableFuture@464718ad[Not completed]
2019-10-02 21:36:53,312 [pool-423-thread-1] INFO  impl.RaftServerImpl (RaftServerImpl.java:<init>(95)) - 3cadedad-da2e-4b21-bf4e-bd5ba3341f2d: new RaftServerImpl for group-9E96B5782B15:[3cadedad-da2e-4b21-bf4e-bd5ba3341f2d:192.168.151.122:42094] with ContainerStateMachine:uninitialized
2019-10-02 21:36:53,312 [pool-423-thread-1] INFO  server.RaftServerConfigKeys (ConfUtils.java:logGet(43)) - raft.server.rpc.timeout.min = 5s (custom)
2019-10-02 21:36:53,313 [pool-423-thread-1] INFO  server.RaftServerConfigKeys (ConfUtils.java:logGet(43)) - raft.server.rpc.timeout.max = 5200ms (custom)
2019-10-02 21:36:53,313 [pool-423-thread-1] INFO  server.RaftServerConfigKeys (ConfUtils.java:logGet(43)) - raft.server.rpcslowness.timeout = 120s (custom)
2019-10-02 21:36:53,313 [pool-423-thread-1] INFO  server.RaftServerConfigKeys (ConfUtils.java:logGet(43)) - raft.server.sleep.deviation.threshold = 300 (default)
2019-10-02 21:36:53,313 [pool-423-thread-1] INFO  server.RaftServerConfigKeys (ConfUtils.java:logGet(43)) - raft.server.log.appender.install.snapshot.enabled = false (custom)
2019-10-02 21:36:53,313 [pool-423-thread-1] INFO  impl.RaftServerImpl (ServerState.java:<init>(103)) - 3cadedad-da2e-4b21-bf4e-bd5ba3341f2d@group-9E96B5782B15: ConfigurationManager, init=-1: [3cadedad-da2e-4b21-bf4e-bd5ba3341f2d:192.168.151.122:42094], old=null, confs=<EMPTY_MAP>
2019-10-02 21:36:53,313 [pool-423-thread-1] INFO  server.RaftServerConfigKeys (ConfUtils.java:logGet(43)) - raft.server.storage.dir = [/workdir/hadoop-ozone/integration-test/target/test-dir/MiniOzoneClusterImpl-573e4976-09fd-4d64-ae71-6260f4b2230a/datanode-4/data/ratis] (custom)
2019-10-02 21:36:53,314 [pool-423-thread-1] INFO  server.RaftServerConfigKeys (ConfUtils.java:logGet(43)) - raft.server.log.corruption.policy = EXCEPTION (default)
2019-10-02 21:36:53,314 [pool-423-thread-1] INFO  storage.RaftStorageDirectory (RaftStorageDirectory.java:analyzeStorage(246)) - The storage directory /workdir/hadoop-ozone/integration-test/target/test-dir/MiniOzoneClusterImpl-573e4976-09fd-4d64-ae71-6260f4b2230a/datanode-4/data/ratis/237be067-8009-45a5-aa9a-9e96b5782b15 does not exist. Creating ...
2019-10-02 21:36:53,326 [pool-423-thread-1] INFO  storage.RaftStorageDirectory (RaftStorageDirectory.java:tryLock(328)) - Lock on /workdir/hadoop-ozone/integration-test/target/test-dir/MiniOzoneClusterImpl-573e4976-09fd-4d64-ae71-6260f4b2230a/datanode-4/data/ratis/237be067-8009-45a5-aa9a-9e96b5782b15/in_use.lock acquired by nodename 23114@pr-hdds-2200-trunk-mgnwx-192523005
2019-10-02 21:36:53,345 [pool-423-thread-1] INFO  storage.RaftStorage (RaftStorage.java:format(84)) - Storage directory /workdir/hadoop-ozone/integration-test/target/test-dir/MiniOzoneClusterImpl-573e4976-09fd-4d64-ae71-6260f4b2230a/datanode-4/data/ratis/237be067-8009-45a5-aa9a-9e96b5782b15 has been successfully formatted.
2019-10-02 21:36:53,345 [pool-423-thread-1] INFO  ratis.ContainerStateMachine (ContainerStateMachine.java:loadSnapshot(230)) - group-9E96B5782B15: The snapshot info is null. Setting the last applied indexto:(t:0, i:~)
2019-10-02 21:36:53,346 [pool-423-thread-1] INFO  server.RaftServerConfigKeys (ConfUtils.java:logGet(43)) - raft.server.notification.no-leader.timeout = 120s (custom)
2019-10-02 21:36:53,346 [pool-423-thread-1] INFO  server.RaftServerConfigKeys (ConfUtils.java:logGet(43)) - raft.server.log.use.memory = false (default)
2019-10-02 21:36:53,346 [pool-423-thread-1] INFO  server.RaftServerConfigKeys (ConfUtils.java:logGet(43)) - raft.server.log.purge.gap = 1000000 (custom)
2019-10-02 21:36:53,346 [pool-423-thread-1] INFO  server.RaftServerConfigKeys (ConfUtils.java:logGet(43)) - raft.server.log.appender.buffer.byte-limit = 33554432 (custom)
2019-10-02 21:36:53,346 [pool-423-thread-1] INFO  server.RaftServerConfigKeys (ConfUtils.java:logGet(43)) - raft.server.log.segment.size.max = 1048576 (custom)
2019-10-02 21:36:53,348 [pool-423-thread-1] INFO  server.RaftServerConfigKeys (ConfUtils.java:logGet(43)) - raft.server.log.segment.cache.num.max = 2 (custom)
2019-10-02 21:36:53,348 [pool-423-thread-1] INFO  segmented.SegmentedRaftLogWorker (SegmentedRaftLogWorker.java:<init>(173)) - new 3cadedad-da2e-4b21-bf4e-bd5ba3341f2d@group-9E96B5782B15-SegmentedRaftLogWorker for RaftStorage:Storage Directory /workdir/hadoop-ozone/integration-test/target/test-dir/MiniOzoneClusterImpl-573e4976-09fd-4d64-ae71-6260f4b2230a/datanode-4/data/ratis/237be067-8009-45a5-aa9a-9e96b5782b15
2019-10-02 21:36:53,348 [pool-423-thread-1] INFO  server.RaftServerConfigKeys (ConfUtils.java:logGet(43)) - raft.server.log.queue.byte-limit = 2147483647 (custom)
2019-10-02 21:36:53,348 [pool-423-thread-1] INFO  server.RaftServerConfigKeys (ConfUtils.java:logGet(43)) - raft.server.log.queue.element-limit = 1024 (custom)
2019-10-02 21:36:53,348 [pool-423-thread-1] INFO  server.RaftServerConfigKeys (ConfUtils.java:logGet(43)) - raft.server.log.segment.size.max = 1048576 (custom)
2019-10-02 21:36:53,348 [pool-423-thread-1] INFO  server.RaftServerConfigKeys (ConfUtils.java:logGet(43)) - raft.server.log.preallocated.size = 16384 (custom)
2019-10-02 21:36:53,348 [pool-423-thread-1] INFO  server.RaftServerConfigKeys (ConfUtils.java:logGet(43)) - raft.server.log.write.buffer.size = 33554432 (custom)
2019-10-02 21:36:53,349 [pool-423-thread-1] INFO  server.RaftServerConfigKeys (ConfUtils.java:logGet(43)) - raft.server.log.force.sync.num = 128 (default)
2019-10-02 21:36:53,349 [pool-423-thread-1] INFO  server.RaftServerConfigKeys (ConfUtils.java:logGet(43)) - raft.server.log.statemachine.data.sync = true (default)
2019-10-02 21:36:53,349 [pool-423-thread-1] INFO  server.RaftServerConfigKeys (ConfUtils.java:logGet(43)) - raft.server.log.statemachine.data.sync.timeout = 10s (default)
2019-10-02 21:36:53,349 [pool-423-thread-1] INFO  server.RaftServerConfigKeys (ConfUtils.java:logGet(43)) - raft.server.log.statemachine.data.sync.timeout.retry = -1 (default)
2019-10-02 21:36:53,349 [pool-423-thread-1] INFO  server.RaftServerConfigKeys (ConfUtils.java:logGet(43)) - raft.server.log.statemachine.data.caching.enabled = true (custom)
2019-10-02 21:36:53,350 [pool-423-thread-1] INFO  segmented.SegmentedRaftLogWorker (SegmentedRaftLogWorker.java:lambda$new$0(128)) - 3cadedad-da2e-4b21-bf4e-bd5ba3341f2d@group-9E96B5782B15-SegmentedRaftLogWorker: flushIndex: setUnconditionally 0 -> -1
2019-10-02 21:36:53,350 [pool-423-thread-1] INFO  server.RaftServerConfigKeys (ConfUtils.java:logGet(43)) - raft.server.snapshot.auto.trigger.enabled = true (custom)
2019-10-02 21:36:53,350 [pool-423-thread-1] INFO  server.RaftServerConfigKeys (ConfUtils.java:logGet(43)) - raft.server.snapshot.auto.trigger.threshold = 10000 (custom)
2019-10-02 21:36:53,350 [pool-423-thread-1] INFO  server.RaftServerConfigKeys (ConfUtils.java:logGet(43)) - raft.server.snapshot.retention.file.num = 5 (custom)
2019-10-02 21:36:53,350 [pool-423-thread-1] INFO  server.RaftServerConfigKeys (ConfUtils.java:logGet(43)) - raft.server.retrycache.expirytime = 600000ms (custom)
2019-10-02 21:36:53,352 [pool-423-thread-1] INFO  impl.RaftServerImpl (RaftServerImpl.java:start(181)) - 3cadedad-da2e-4b21-bf4e-bd5ba3341f2d@group-9E96B5782B15: start as a follower, conf=-1: [3cadedad-da2e-4b21-bf4e-bd5ba3341f2d:192.168.151.122:42094], old=null
2019-10-02 21:36:53,352 [pool-423-thread-1] INFO  impl.RaftServerImpl (RaftServerImpl.java:setRole(170)) - 3cadedad-da2e-4b21-bf4e-bd5ba3341f2d@group-9E96B5782B15: changes role from      null to FOLLOWER at term 0 for startAsFollower
2019-10-02 21:36:53,352 [pool-423-thread-1] INFO  impl.RoleInfo (RoleInfo.java:updateAndGet(143)) - 3cadedad-da2e-4b21-bf4e-bd5ba3341f2d: start FollowerState
2019-10-02 21:36:53,353 [pool-423-thread-1] INFO  util.JmxRegister (JmxRegister.java:tryRegister(44)) - Successfully registered JMX Bean with object name Ratis:service=RaftServer,group=group-9E96B5782B15,id=3cadedad-da2e-4b21-bf4e-bd5ba3341f2d
2019-10-02 21:36:53,357 [RatisPipelineUtilsThread] INFO  pipeline.PipelineStateManager (PipelineStateManager.java:addPipeline(56)) - Created pipeline Pipeline[ Id: 237be067-8009-45a5-aa9a-9e96b5782b15, Nodes: 3cadedad-da2e-4b21-bf4e-bd5ba3341f2d{ip: 192.168.151.122, host: pr-hdds-2200-trunk-mgnwx-192523005, networkLocation: /default-rack, certSerialId: null}, Type:RATIS, Factor:ONE, State:OPEN]
2019-10-02 21:36:53,360 [IPC Server handler 0 on 35993] INFO  net.NetworkTopology (NetworkTopologyImpl.java:add(111)) - Added a new node: /default-rack/ef6367c2-484c-44a1-b67f-85ba30b24d71
2019-10-02 21:36:53,360 [IPC Server handler 0 on 35993] INFO  node.SCMNodeManager (SCMNodeManager.java:register(266)) - Registered Data node : ef6367c2-484c-44a1-b67f-85ba30b24d71{ip: 192.168.151.122, host: pr-hdds-2200-trunk-mgnwx-192523005, networkLocation: /default-rack, certSerialId: null}
2019-10-02 21:36:53,364 [grpc-default-executor-1] INFO  impl.RaftServerProxy (RaftServerProxy.java:addNew(89)) - 361044e5-82bf-42c5-923f-1eaa64ca5e87: addNew group-EC418672BC55:[361044e5-82bf-42c5-923f-1eaa64ca5e87:192.168.151.122:38517] returns group-EC418672BC55:java.util.concurrent.CompletableFuture@56542860[Not completed]
2019-10-02 21:36:53,365 [pool-413-thread-1] INFO  impl.RaftServerImpl (RaftServerImpl.java:<init>(95)) - 361044e5-82bf-42c5-923f-1eaa64ca5e87: new RaftServerImpl for group-EC418672BC55:[361044e5-82bf-42c5-923f-1eaa64ca5e87:192.168.151.122:38517] with ContainerStateMachine:uninitialized
2019-10-02 21:36:53,365 [pool-413-thread-1] INFO  server.RaftServerConfigKeys (ConfUtils.java:logGet(43)) - raft.server.rpc.timeout.min = 5s (custom)
2019-10-02 21:36:53,365 [pool-413-thread-1] INFO  server.RaftServerConfigKeys (ConfUtils.java:logGet(43)) - raft.server.rpc.timeout.max = 5200ms (custom)
2019-10-02 21:36:53,365 [pool-413-thread-1] INFO  server.RaftServerConfigKeys (ConfUtils.java:logGet(43)) - raft.server.rpcslowness.timeout = 120s (custom)
2019-10-02 21:36:53,365 [pool-413-thread-1] INFO  server.RaftServerConfigKeys (ConfUtils.java:logGet(43)) - raft.server.sleep.deviation.threshold = 300 (default)
2019-10-02 21:36:53,365 [pool-413-thread-1] INFO  server.RaftServerConfigKeys (ConfUtils.java:logGet(43)) - raft.server.log.appender.install.snapshot.enabled = false (custom)
2019-10-02 21:36:53,365 [pool-413-thread-1] INFO  impl.RaftServerImpl (ServerState.java:<init>(103)) - 361044e5-82bf-42c5-923f-1eaa64ca5e87@group-EC418672BC55: ConfigurationManager, init=-1: [361044e5-82bf-42c5-923f-1eaa64ca5e87:192.168.151.122:38517], old=null, confs=<EMPTY_MAP>
2019-10-02 21:36:53,365 [pool-413-thread-1] INFO  server.RaftServerConfigKeys (ConfUtils.java:logGet(43)) - raft.server.storage.dir = [/workdir/hadoop-ozone/integration-test/target/test-dir/MiniOzoneClusterImpl-573e4976-09fd-4d64-ae71-6260f4b2230a/datanode-3/data/ratis] (custom)
2019-10-02 21:36:53,366 [pool-413-thread-1] INFO  server.RaftServerConfigKeys (ConfUtils.java:logGet(43)) - raft.server.log.corruption.policy = EXCEPTION (default)
2019-10-02 21:36:53,366 [pool-413-thread-1] INFO  storage.RaftStorageDirectory (RaftStorageDirectory.java:analyzeStorage(246)) - The storage directory /workdir/hadoop-ozone/integration-test/target/test-dir/MiniOzoneClusterImpl-573e4976-09fd-4d64-ae71-6260f4b2230a/datanode-3/data/ratis/1ae91c78-2ad5-4af9-b843-ec418672bc55 does not exist. Creating ...
2019-10-02 21:36:53,379 [pool-413-thread-1] INFO  storage.RaftStorageDirectory (RaftStorageDirectory.java:tryLock(328)) - Lock on /workdir/hadoop-ozone/integration-test/target/test-dir/MiniOzoneClusterImpl-573e4976-09fd-4d64-ae71-6260f4b2230a/datanode-3/data/ratis/1ae91c78-2ad5-4af9-b843-ec418672bc55/in_use.lock acquired by nodename 23114@pr-hdds-2200-trunk-mgnwx-192523005
2019-10-02 21:36:53,392 [pool-413-thread-1] INFO  storage.RaftStorage (RaftStorage.java:format(84)) - Storage directory /workdir/hadoop-ozone/integration-test/target/test-dir/MiniOzoneClusterImpl-573e4976-09fd-4d64-ae71-6260f4b2230a/datanode-3/data/ratis/1ae91c78-2ad5-4af9-b843-ec418672bc55 has been successfully formatted.
2019-10-02 21:36:53,392 [pool-413-thread-1] INFO  ratis.ContainerStateMachine (ContainerStateMachine.java:loadSnapshot(230)) - group-EC418672BC55: The snapshot info is null. Setting the last applied indexto:(t:0, i:~)
2019-10-02 21:36:53,392 [pool-413-thread-1] INFO  server.RaftServerConfigKeys (ConfUtils.java:logGet(43)) - raft.server.notification.no-leader.timeout = 120s (custom)
2019-10-02 21:36:53,392 [pool-413-thread-1] INFO  server.RaftServerConfigKeys (ConfUtils.java:logGet(43)) - raft.server.log.use.memory = false (default)
2019-10-02 21:36:53,392 [pool-413-thread-1] INFO  server.RaftServerConfigKeys (ConfUtils.java:logGet(43)) - raft.server.log.purge.gap = 1000000 (custom)
2019-10-02 21:36:53,392 [pool-413-thread-1] INFO  server.RaftServerConfigKeys (ConfUtils.java:logGet(43)) - raft.server.log.appender.buffer.byte-limit = 33554432 (custom)
2019-10-02 21:36:53,392 [pool-413-thread-1] INFO  server.RaftServerConfigKeys (ConfUtils.java:logGet(43)) - raft.server.log.segment.size.max = 1048576 (custom)
2019-10-02 21:36:53,394 [pool-413-thread-1] INFO  server.RaftServerConfigKeys (ConfUtils.java:logGet(43)) - raft.server.log.segment.cache.num.max = 2 (custom)
2019-10-02 21:36:53,394 [pool-413-thread-1] INFO  segmented.SegmentedRaftLogWorker (SegmentedRaftLogWorker.java:<init>(173)) - new 361044e5-82bf-42c5-923f-1eaa64ca5e87@group-EC418672BC55-SegmentedRaftLogWorker for RaftStorage:Storage Directory /workdir/hadoop-ozone/integration-test/target/test-dir/MiniOzoneClusterImpl-573e4976-09fd-4d64-ae71-6260f4b2230a/datanode-3/data/ratis/1ae91c78-2ad5-4af9-b843-ec418672bc55
2019-10-02 21:36:53,394 [pool-413-thread-1] INFO  server.RaftServerConfigKeys (ConfUtils.java:logGet(43)) - raft.server.log.queue.byte-limit = 2147483647 (custom)
2019-10-02 21:36:53,394 [pool-413-thread-1] INFO  server.RaftServerConfigKeys (ConfUtils.java:logGet(43)) - raft.server.log.queue.element-limit = 1024 (custom)
2019-10-02 21:36:53,394 [pool-413-thread-1] INFO  server.RaftServerConfigKeys (ConfUtils.java:logGet(43)) - raft.server.log.segment.size.max = 1048576 (custom)
2019-10-02 21:36:53,394 [pool-413-thread-1] INFO  server.RaftServerConfigKeys (ConfUtils.java:logGet(43)) - raft.server.log.preallocated.size = 16384 (custom)
2019-10-02 21:36:53,394 [pool-413-thread-1] INFO  server.RaftServerConfigKeys (ConfUtils.java:logGet(43)) - raft.server.log.write.buffer.size = 33554432 (custom)
2019-10-02 21:36:53,394 [pool-413-thread-1] INFO  server.RaftServerConfigKeys (ConfUtils.java:logGet(43)) - raft.server.log.force.sync.num = 128 (default)
2019-10-02 21:36:53,394 [pool-413-thread-1] INFO  server.RaftServerConfigKeys (ConfUtils.java:logGet(43)) - raft.server.log.statemachine.data.sync = true (default)
2019-10-02 21:36:53,394 [pool-413-thread-1] INFO  server.RaftServerConfigKeys (ConfUtils.java:logGet(43)) - raft.server.log.statemachine.data.sync.timeout = 10s (default)
2019-10-02 21:36:53,395 [pool-413-thread-1] INFO  server.RaftServerConfigKeys (ConfUtils.java:logGet(43)) - raft.server.log.statemachine.data.sync.timeout.retry = -1 (default)
2019-10-02 21:36:53,395 [pool-413-thread-1] INFO  server.RaftServerConfigKeys (ConfUtils.java:logGet(43)) - raft.server.log.statemachine.data.caching.enabled = true (custom)
2019-10-02 21:36:53,395 [pool-413-thread-1] INFO  segmented.SegmentedRaftLogWorker (SegmentedRaftLogWorker.java:lambda$new$0(128)) - 361044e5-82bf-42c5-923f-1eaa64ca5e87@group-EC418672BC55-SegmentedRaftLogWorker: flushIndex: setUnconditionally 0 -> -1
2019-10-02 21:36:53,395 [pool-413-thread-1] INFO  server.RaftServerConfigKeys (ConfUtils.java:logGet(43)) - raft.server.snapshot.auto.trigger.enabled = true (custom)
2019-10-02 21:36:53,395 [pool-413-thread-1] INFO  server.RaftServerConfigKeys (ConfUtils.java:logGet(43)) - raft.server.snapshot.auto.trigger.threshold = 10000 (custom)
2019-10-02 21:36:53,396 [pool-413-thread-1] INFO  server.RaftServerConfigKeys (ConfUtils.java:logGet(43)) - raft.server.snapshot.retention.file.num = 5 (custom)
2019-10-02 21:36:53,396 [pool-413-thread-1] INFO  server.RaftServerConfigKeys (ConfUtils.java:logGet(43)) - raft.server.retrycache.expirytime = 600000ms (custom)
2019-10-02 21:36:53,397 [pool-413-thread-1] INFO  impl.RaftServerImpl (RaftServerImpl.java:start(181)) - 361044e5-82bf-42c5-923f-1eaa64ca5e87@group-EC418672BC55: start as a follower, conf=-1: [361044e5-82bf-42c5-923f-1eaa64ca5e87:192.168.151.122:38517], old=null
2019-10-02 21:36:53,397 [pool-413-thread-1] INFO  impl.RaftServerImpl (RaftServerImpl.java:setRole(170)) - 361044e5-82bf-42c5-923f-1eaa64ca5e87@group-EC418672BC55: changes role from      null to FOLLOWER at term 0 for startAsFollower
2019-10-02 21:36:53,397 [pool-413-thread-1] INFO  impl.RoleInfo (RoleInfo.java:updateAndGet(143)) - 361044e5-82bf-42c5-923f-1eaa64ca5e87: start FollowerState
2019-10-02 21:36:53,397 [pool-413-thread-1] INFO  util.JmxRegister (JmxRegister.java:tryRegister(44)) - Successfully registered JMX Bean with object name Ratis:service=RaftServer,group=group-EC418672BC55,id=361044e5-82bf-42c5-923f-1eaa64ca5e87
2019-10-02 21:36:53,401 [RatisPipelineUtilsThread] INFO  pipeline.PipelineStateManager (PipelineStateManager.java:addPipeline(56)) - Created pipeline Pipeline[ Id: 1ae91c78-2ad5-4af9-b843-ec418672bc55, Nodes: 361044e5-82bf-42c5-923f-1eaa64ca5e87{ip: 192.168.151.122, host: pr-hdds-2200-trunk-mgnwx-192523005, networkLocation: /default-rack, certSerialId: null}, Type:RATIS, Factor:ONE, State:OPEN]
2019-10-02 21:36:53,412 [grpc-default-executor-1] INFO  impl.RaftServerProxy (RaftServerProxy.java:addNew(89)) - ef6367c2-484c-44a1-b67f-85ba30b24d71: addNew group-82CE644D913E:[ef6367c2-484c-44a1-b67f-85ba30b24d71:192.168.151.122:40923] returns group-82CE644D913E:java.util.concurrent.CompletableFuture@51b80753[Not completed]
2019-10-02 21:36:53,413 [pool-433-thread-1] INFO  impl.RaftServerImpl (RaftServerImpl.java:<init>(95)) - ef6367c2-484c-44a1-b67f-85ba30b24d71: new RaftServerImpl for group-82CE644D913E:[ef6367c2-484c-44a1-b67f-85ba30b24d71:192.168.151.122:40923] with ContainerStateMachine:uninitialized
2019-10-02 21:36:53,413 [pool-433-thread-1] INFO  server.RaftServerConfigKeys (ConfUtils.java:logGet(43)) - raft.server.rpc.timeout.min = 5s (custom)
2019-10-02 21:36:53,413 [pool-433-thread-1] INFO  server.RaftServerConfigKeys (ConfUtils.java:logGet(43)) - raft.server.rpc.timeout.max = 5200ms (custom)
2019-10-02 21:36:53,413 [pool-433-thread-1] INFO  server.RaftServerConfigKeys (ConfUtils.java:logGet(43)) - raft.server.rpcslowness.timeout = 120s (custom)
2019-10-02 21:36:53,413 [pool-433-thread-1] INFO  server.RaftServerConfigKeys (ConfUtils.java:logGet(43)) - raft.server.sleep.deviation.threshold = 300 (default)
2019-10-02 21:36:53,414 [pool-433-thread-1] INFO  server.RaftServerConfigKeys (ConfUtils.java:logGet(43)) - raft.server.log.appender.install.snapshot.enabled = false (custom)
2019-10-02 21:36:53,414 [pool-433-thread-1] INFO  impl.RaftServerImpl (ServerState.java:<init>(103)) - ef6367c2-484c-44a1-b67f-85ba30b24d71@group-82CE644D913E: ConfigurationManager, init=-1: [ef6367c2-484c-44a1-b67f-85ba30b24d71:192.168.151.122:40923], old=null, confs=<EMPTY_MAP>
2019-10-02 21:36:53,414 [pool-433-thread-1] INFO  server.RaftServerConfigKeys (ConfUtils.java:logGet(43)) - raft.server.storage.dir = [/workdir/hadoop-ozone/integration-test/target/test-dir/MiniOzoneClusterImpl-573e4976-09fd-4d64-ae71-6260f4b2230a/datanode-5/data/ratis] (custom)
2019-10-02 21:36:53,414 [pool-433-thread-1] INFO  server.RaftServerConfigKeys (ConfUtils.java:logGet(43)) - raft.server.log.corruption.policy = EXCEPTION (default)
2019-10-02 21:36:53,414 [pool-433-thread-1] INFO  storage.RaftStorageDirectory (RaftStorageDirectory.java:analyzeStorage(246)) - The storage directory /workdir/hadoop-ozone/integration-test/target/test-dir/MiniOzoneClusterImpl-573e4976-09fd-4d64-ae71-6260f4b2230a/datanode-5/data/ratis/7172112f-282d-45cc-92ab-82ce644d913e does not exist. Creating ...
2019-10-02 21:36:53,424 [IPC Server handler 3 on 35993] INFO  net.NetworkTopology (NetworkTopologyImpl.java:add(111)) - Added a new node: /default-rack/71c6fb51-40e8-4aad-bc66-a2a965effbf5
2019-10-02 21:36:53,424 [IPC Server handler 3 on 35993] INFO  node.SCMNodeManager (SCMNodeManager.java:register(266)) - Registered Data node : 71c6fb51-40e8-4aad-bc66-a2a965effbf5{ip: 192.168.151.122, host: pr-hdds-2200-trunk-mgnwx-192523005, networkLocation: /default-rack, certSerialId: null}
2019-10-02 21:36:53,424 [main] INFO  ozone.MiniOzoneClusterImpl (MiniOzoneClusterImpl.java:lambda$waitForClusterToBeReady$0(147)) - Cluster is ready. Got 7 of 7 DN Heartbeats.
2019-10-02 21:36:53,427 [pool-433-thread-1] INFO  storage.RaftStorageDirectory (RaftStorageDirectory.java:tryLock(328)) - Lock on /workdir/hadoop-ozone/integration-test/target/test-dir/MiniOzoneClusterImpl-573e4976-09fd-4d64-ae71-6260f4b2230a/datanode-5/data/ratis/7172112f-282d-45cc-92ab-82ce644d913e/in_use.lock acquired by nodename 23114@pr-hdds-2200-trunk-mgnwx-192523005
2019-10-02 21:36:53,440 [pool-433-thread-1] INFO  storage.RaftStorage (RaftStorage.java:format(84)) - Storage directory /workdir/hadoop-ozone/integration-test/target/test-dir/MiniOzoneClusterImpl-573e4976-09fd-4d64-ae71-6260f4b2230a/datanode-5/data/ratis/7172112f-282d-45cc-92ab-82ce644d913e has been successfully formatted.
2019-10-02 21:36:53,440 [pool-433-thread-1] INFO  ratis.ContainerStateMachine (ContainerStateMachine.java:loadSnapshot(230)) - group-82CE644D913E: The snapshot info is null. Setting the last applied indexto:(t:0, i:~)
2019-10-02 21:36:53,441 [pool-433-thread-1] INFO  server.RaftServerConfigKeys (ConfUtils.java:logGet(43)) - raft.server.notification.no-leader.timeout = 120s (custom)
2019-10-02 21:36:53,441 [pool-433-thread-1] INFO  server.RaftServerConfigKeys (ConfUtils.java:logGet(43)) - raft.server.log.use.memory = false (default)
2019-10-02 21:36:53,459 [pool-433-thread-1] INFO  server.RaftServerConfigKeys (ConfUtils.java:logGet(43)) - raft.server.log.purge.gap = 1000000 (custom)
2019-10-02 21:36:53,459 [pool-433-thread-1] INFO  server.RaftServerConfigKeys (ConfUtils.java:logGet(43)) - raft.server.log.appender.buffer.byte-limit = 33554432 (custom)
2019-10-02 21:36:53,459 [pool-433-thread-1] INFO  server.RaftServerConfigKeys (ConfUtils.java:logGet(43)) - raft.server.log.segment.size.max = 1048576 (custom)
2019-10-02 21:36:53,460 [pool-433-thread-1] INFO  server.RaftServerConfigKeys (ConfUtils.java:logGet(43)) - raft.server.log.segment.cache.num.max = 2 (custom)
2019-10-02 21:36:53,460 [pool-433-thread-1] INFO  segmented.SegmentedRaftLogWorker (SegmentedRaftLogWorker.java:<init>(173)) - new ef6367c2-484c-44a1-b67f-85ba30b24d71@group-82CE644D913E-SegmentedRaftLogWorker for RaftStorage:Storage Directory /workdir/hadoop-ozone/integration-test/target/test-dir/MiniOzoneClusterImpl-573e4976-09fd-4d64-ae71-6260f4b2230a/datanode-5/data/ratis/7172112f-282d-45cc-92ab-82ce644d913e
2019-10-02 21:36:53,460 [pool-433-thread-1] INFO  server.RaftServerConfigKeys (ConfUtils.java:logGet(43)) - raft.server.log.queue.byte-limit = 2147483647 (custom)
2019-10-02 21:36:53,460 [pool-433-thread-1] INFO  server.RaftServerConfigKeys (ConfUtils.java:logGet(43)) - raft.server.log.queue.element-limit = 1024 (custom)
2019-10-02 21:36:53,460 [pool-433-thread-1] INFO  server.RaftServerConfigKeys (ConfUtils.java:logGet(43)) - raft.server.log.segment.size.max = 1048576 (custom)
2019-10-02 21:36:53,460 [pool-433-thread-1] INFO  server.RaftServerConfigKeys (ConfUtils.java:logGet(43)) - raft.server.log.preallocated.size = 16384 (custom)
2019-10-02 21:36:53,460 [pool-433-thread-1] INFO  server.RaftServerConfigKeys (ConfUtils.java:logGet(43)) - raft.server.log.write.buffer.size = 33554432 (custom)
2019-10-02 21:36:53,460 [pool-433-thread-1] INFO  server.RaftServerConfigKeys (ConfUtils.java:logGet(43)) - raft.server.log.force.sync.num = 128 (default)
2019-10-02 21:36:53,461 [pool-433-thread-1] INFO  server.RaftServerConfigKeys (ConfUtils.java:logGet(43)) - raft.server.log.statemachine.data.sync = true (default)
2019-10-02 21:36:53,461 [pool-433-thread-1] INFO  server.RaftServerConfigKeys (ConfUtils.java:logGet(43)) - raft.server.log.statemachine.data.sync.timeout = 10s (default)
2019-10-02 21:36:53,461 [pool-433-thread-1] INFO  server.RaftServerConfigKeys (ConfUtils.java:logGet(43)) - raft.server.log.statemachine.data.sync.timeout.retry = -1 (default)
2019-10-02 21:36:53,461 [pool-433-thread-1] INFO  server.RaftServerConfigKeys (ConfUtils.java:logGet(43)) - raft.server.log.statemachine.data.caching.enabled = true (custom)
2019-10-02 21:36:53,461 [pool-433-thread-1] INFO  segmented.SegmentedRaftLogWorker (SegmentedRaftLogWorker.java:lambda$new$0(128)) - ef6367c2-484c-44a1-b67f-85ba30b24d71@group-82CE644D913E-SegmentedRaftLogWorker: flushIndex: setUnconditionally 0 -> -1
2019-10-02 21:36:53,461 [pool-433-thread-1] INFO  server.RaftServerConfigKeys (ConfUtils.java:logGet(43)) - raft.server.snapshot.auto.trigger.enabled = true (custom)
2019-10-02 21:36:53,461 [pool-433-thread-1] INFO  server.RaftServerConfigKeys (ConfUtils.java:logGet(43)) - raft.server.snapshot.auto.trigger.threshold = 10000 (custom)
2019-10-02 21:36:53,462 [pool-433-thread-1] INFO  server.RaftServerConfigKeys (ConfUtils.java:logGet(43)) - raft.server.snapshot.retention.file.num = 5 (custom)
2019-10-02 21:36:53,462 [pool-433-thread-1] INFO  server.RaftServerConfigKeys (ConfUtils.java:logGet(43)) - raft.server.retrycache.expirytime = 600000ms (custom)
2019-10-02 21:36:53,465 [pool-433-thread-1] INFO  impl.RaftServerImpl (RaftServerImpl.java:start(181)) - ef6367c2-484c-44a1-b67f-85ba30b24d71@group-82CE644D913E: start as a follower, conf=-1: [ef6367c2-484c-44a1-b67f-85ba30b24d71:192.168.151.122:40923], old=null
2019-10-02 21:36:53,465 [pool-433-thread-1] INFO  impl.RaftServerImpl (RaftServerImpl.java:setRole(170)) - ef6367c2-484c-44a1-b67f-85ba30b24d71@group-82CE644D913E: changes role from      null to FOLLOWER at term 0 for startAsFollower
2019-10-02 21:36:53,465 [pool-433-thread-1] INFO  impl.RoleInfo (RoleInfo.java:updateAndGet(143)) - ef6367c2-484c-44a1-b67f-85ba30b24d71: start FollowerState
2019-10-02 21:36:53,466 [pool-433-thread-1] INFO  util.JmxRegister (JmxRegister.java:tryRegister(44)) - Successfully registered JMX Bean with object name Ratis:service=RaftServer,group=group-82CE644D913E,id=ef6367c2-484c-44a1-b67f-85ba30b24d71
2019-10-02 21:36:53,467 [main] INFO  rpc.RpcClient (RpcClient.java:createVolume(276)) - Creating Volume: watchforcommithandlingtest, with jenkins1000 as owner.
2019-10-02 21:36:53,469 [RatisPipelineUtilsThread] INFO  pipeline.PipelineStateManager (PipelineStateManager.java:addPipeline(56)) - Created pipeline Pipeline[ Id: 7172112f-282d-45cc-92ab-82ce644d913e, Nodes: ef6367c2-484c-44a1-b67f-85ba30b24d71{ip: 192.168.151.122, host: pr-hdds-2200-trunk-mgnwx-192523005, networkLocation: /default-rack, certSerialId: null}, Type:RATIS, Factor:ONE, State:OPEN]
2019-10-02 21:36:53,471 [IPC Server handler 2 on 34817] INFO  volume.OMVolumeCreateRequest (OMVolumeCreateRequest.java:validateAndUpdateCache(194)) - created volume:watchforcommithandlingtest for user:jenkins1000
2019-10-02 21:36:53,476 [grpc-default-executor-1] INFO  impl.RaftServerProxy (RaftServerProxy.java:addNew(89)) - 71c6fb51-40e8-4aad-bc66-a2a965effbf5: addNew group-86B613F9DC5D:[71c6fb51-40e8-4aad-bc66-a2a965effbf5:192.168.151.122:34480] returns group-86B613F9DC5D:java.util.concurrent.CompletableFuture@1eb10df4[Not completed]
2019-10-02 21:36:53,482 [pool-443-thread-1] INFO  impl.RaftServerImpl (RaftServerImpl.java:<init>(95)) - 71c6fb51-40e8-4aad-bc66-a2a965effbf5: new RaftServerImpl for group-86B613F9DC5D:[71c6fb51-40e8-4aad-bc66-a2a965effbf5:192.168.151.122:34480] with ContainerStateMachine:uninitialized
2019-10-02 21:36:53,489 [pool-443-thread-1] INFO  server.RaftServerConfigKeys (ConfUtils.java:logGet(43)) - raft.server.rpc.timeout.min = 5s (custom)
2019-10-02 21:36:53,489 [pool-443-thread-1] INFO  server.RaftServerConfigKeys (ConfUtils.java:logGet(43)) - raft.server.rpc.timeout.max = 5200ms (custom)
2019-10-02 21:36:53,489 [pool-443-thread-1] INFO  server.RaftServerConfigKeys (ConfUtils.java:logGet(43)) - raft.server.rpcslowness.timeout = 120s (custom)
2019-10-02 21:36:53,489 [pool-443-thread-1] INFO  server.RaftServerConfigKeys (ConfUtils.java:logGet(43)) - raft.server.sleep.deviation.threshold = 300 (default)
2019-10-02 21:36:53,490 [pool-443-thread-1] INFO  server.RaftServerConfigKeys (ConfUtils.java:logGet(43)) - raft.server.log.appender.install.snapshot.enabled = false (custom)
2019-10-02 21:36:53,490 [pool-443-thread-1] INFO  impl.RaftServerImpl (ServerState.java:<init>(103)) - 71c6fb51-40e8-4aad-bc66-a2a965effbf5@group-86B613F9DC5D: ConfigurationManager, init=-1: [71c6fb51-40e8-4aad-bc66-a2a965effbf5:192.168.151.122:34480], old=null, confs=<EMPTY_MAP>
2019-10-02 21:36:53,490 [main] INFO  rpc.RpcClient (RpcClient.java:createBucket(415)) - Creating Bucket: watchforcommithandlingtest/watchforcommithandlingtest, with Versioning false and Storage Type set to DISK and Encryption set to false 
2019-10-02 21:36:53,490 [pool-443-thread-1] INFO  server.RaftServerConfigKeys (ConfUtils.java:logGet(43)) - raft.server.storage.dir = [/workdir/hadoop-ozone/integration-test/target/test-dir/MiniOzoneClusterImpl-573e4976-09fd-4d64-ae71-6260f4b2230a/datanode-6/data/ratis] (custom)
2019-10-02 21:36:53,490 [pool-443-thread-1] INFO  server.RaftServerConfigKeys (ConfUtils.java:logGet(43)) - raft.server.log.corruption.policy = EXCEPTION (default)
2019-10-02 21:36:53,490 [pool-443-thread-1] INFO  storage.RaftStorageDirectory (RaftStorageDirectory.java:analyzeStorage(246)) - The storage directory /workdir/hadoop-ozone/integration-test/target/test-dir/MiniOzoneClusterImpl-573e4976-09fd-4d64-ae71-6260f4b2230a/datanode-6/data/ratis/99e54f8b-1821-469d-85e0-86b613f9dc5d does not exist. Creating ...
2019-10-02 21:36:53,495 [main] INFO  ozone.MiniOzoneClusterImpl (MiniOzoneClusterImpl.java:getStorageContainerLocationClient(234)) - Creating StorageContainerLocationProtocol RPC client with address /0.0.0.0:36033
2019-10-02 21:36:53,504 [pool-443-thread-1] INFO  storage.RaftStorageDirectory (RaftStorageDirectory.java:tryLock(328)) - Lock on /workdir/hadoop-ozone/integration-test/target/test-dir/MiniOzoneClusterImpl-573e4976-09fd-4d64-ae71-6260f4b2230a/datanode-6/data/ratis/99e54f8b-1821-469d-85e0-86b613f9dc5d/in_use.lock acquired by nodename 23114@pr-hdds-2200-trunk-mgnwx-192523005
2019-10-02 21:36:53,516 [pool-443-thread-1] INFO  storage.RaftStorage (RaftStorage.java:format(84)) - Storage directory /workdir/hadoop-ozone/integration-test/target/test-dir/MiniOzoneClusterImpl-573e4976-09fd-4d64-ae71-6260f4b2230a/datanode-6/data/ratis/99e54f8b-1821-469d-85e0-86b613f9dc5d has been successfully formatted.
2019-10-02 21:36:53,517 [pool-443-thread-1] INFO  ratis.ContainerStateMachine (ContainerStateMachine.java:loadSnapshot(230)) - group-86B613F9DC5D: The snapshot info is null. Setting the last applied indexto:(t:0, i:~)
2019-10-02 21:36:53,517 [pool-443-thread-1] INFO  server.RaftServerConfigKeys (ConfUtils.java:logGet(43)) - raft.server.notification.no-leader.timeout = 120s (custom)
2019-10-02 21:36:53,517 [pool-443-thread-1] INFO  server.RaftServerConfigKeys (ConfUtils.java:logGet(43)) - raft.server.log.use.memory = false (default)
2019-10-02 21:36:53,517 [pool-443-thread-1] INFO  server.RaftServerConfigKeys (ConfUtils.java:logGet(43)) - raft.server.log.purge.gap = 1000000 (custom)
2019-10-02 21:36:53,517 [pool-443-thread-1] INFO  server.RaftServerConfigKeys (ConfUtils.java:logGet(43)) - raft.server.log.appender.buffer.byte-limit = 33554432 (custom)
2019-10-02 21:36:53,517 [pool-443-thread-1] INFO  server.RaftServerConfigKeys (ConfUtils.java:logGet(43)) - raft.server.log.segment.size.max = 1048576 (custom)
2019-10-02 21:36:53,519 [pool-443-thread-1] INFO  server.RaftServerConfigKeys (ConfUtils.java:logGet(43)) - raft.server.log.segment.cache.num.max = 2 (custom)
2019-10-02 21:36:53,519 [pool-443-thread-1] INFO  segmented.SegmentedRaftLogWorker (SegmentedRaftLogWorker.java:<init>(173)) - new 71c6fb51-40e8-4aad-bc66-a2a965effbf5@group-86B613F9DC5D-SegmentedRaftLogWorker for RaftStorage:Storage Directory /workdir/hadoop-ozone/integration-test/target/test-dir/MiniOzoneClusterImpl-573e4976-09fd-4d64-ae71-6260f4b2230a/datanode-6/data/ratis/99e54f8b-1821-469d-85e0-86b613f9dc5d
2019-10-02 21:36:53,519 [pool-443-thread-1] INFO  server.RaftServerConfigKeys (ConfUtils.java:logGet(43)) - raft.server.log.queue.byte-limit = 2147483647 (custom)
2019-10-02 21:36:53,519 [pool-443-thread-1] INFO  server.RaftServerConfigKeys (ConfUtils.java:logGet(43)) - raft.server.log.queue.element-limit = 1024 (custom)
2019-10-02 21:36:53,520 [pool-443-thread-1] INFO  server.RaftServerConfigKeys (ConfUtils.java:logGet(43)) - raft.server.log.segment.size.max = 1048576 (custom)
2019-10-02 21:36:53,520 [pool-443-thread-1] INFO  server.RaftServerConfigKeys (ConfUtils.java:logGet(43)) - raft.server.log.preallocated.size = 16384 (custom)
2019-10-02 21:36:53,520 [pool-443-thread-1] INFO  server.RaftServerConfigKeys (ConfUtils.java:logGet(43)) - raft.server.log.write.buffer.size = 33554432 (custom)
2019-10-02 21:36:53,520 [pool-443-thread-1] INFO  server.RaftServerConfigKeys (ConfUtils.java:logGet(43)) - raft.server.log.force.sync.num = 128 (default)
2019-10-02 21:36:53,520 [pool-443-thread-1] INFO  server.RaftServerConfigKeys (ConfUtils.java:logGet(43)) - raft.server.log.statemachine.data.sync = true (default)
2019-10-02 21:36:53,520 [pool-443-thread-1] INFO  server.RaftServerConfigKeys (ConfUtils.java:logGet(43)) - raft.server.log.statemachine.data.sync.timeout = 10s (default)
2019-10-02 21:36:53,520 [pool-443-thread-1] INFO  server.RaftServerConfigKeys (ConfUtils.java:logGet(43)) - raft.server.log.statemachine.data.sync.timeout.retry = -1 (default)
2019-10-02 21:36:53,521 [pool-443-thread-1] INFO  server.RaftServerConfigKeys (ConfUtils.java:logGet(43)) - raft.server.log.statemachine.data.caching.enabled = true (custom)
2019-10-02 21:36:53,521 [pool-443-thread-1] INFO  segmented.SegmentedRaftLogWorker (SegmentedRaftLogWorker.java:lambda$new$0(128)) - 71c6fb51-40e8-4aad-bc66-a2a965effbf5@group-86B613F9DC5D-SegmentedRaftLogWorker: flushIndex: setUnconditionally 0 -> -1
2019-10-02 21:36:53,521 [pool-443-thread-1] INFO  server.RaftServerConfigKeys (ConfUtils.java:logGet(43)) - raft.server.snapshot.auto.trigger.enabled = true (custom)
2019-10-02 21:36:53,522 [pool-443-thread-1] INFO  server.RaftServerConfigKeys (ConfUtils.java:logGet(43)) - raft.server.snapshot.auto.trigger.threshold = 10000 (custom)
2019-10-02 21:36:53,522 [pool-443-thread-1] INFO  server.RaftServerConfigKeys (ConfUtils.java:logGet(43)) - raft.server.snapshot.retention.file.num = 5 (custom)
2019-10-02 21:36:53,522 [pool-443-thread-1] INFO  server.RaftServerConfigKeys (ConfUtils.java:logGet(43)) - raft.server.retrycache.expirytime = 600000ms (custom)
2019-10-02 21:36:53,523 [pool-443-thread-1] INFO  impl.RaftServerImpl (RaftServerImpl.java:start(181)) - 71c6fb51-40e8-4aad-bc66-a2a965effbf5@group-86B613F9DC5D: start as a follower, conf=-1: [71c6fb51-40e8-4aad-bc66-a2a965effbf5:192.168.151.122:34480], old=null
2019-10-02 21:36:53,523 [pool-443-thread-1] INFO  impl.RaftServerImpl (RaftServerImpl.java:setRole(170)) - 71c6fb51-40e8-4aad-bc66-a2a965effbf5@group-86B613F9DC5D: changes role from      null to FOLLOWER at term 0 for startAsFollower
2019-10-02 21:36:53,523 [pool-443-thread-1] INFO  impl.RoleInfo (RoleInfo.java:updateAndGet(143)) - 71c6fb51-40e8-4aad-bc66-a2a965effbf5: start FollowerState
2019-10-02 21:36:53,523 [pool-443-thread-1] INFO  util.JmxRegister (JmxRegister.java:tryRegister(44)) - Successfully registered JMX Bean with object name Ratis:service=RaftServer,group=group-86B613F9DC5D,id=71c6fb51-40e8-4aad-bc66-a2a965effbf5
2019-10-02 21:36:53,527 [RatisPipelineUtilsThread] INFO  pipeline.PipelineStateManager (PipelineStateManager.java:addPipeline(56)) - Created pipeline Pipeline[ Id: 99e54f8b-1821-469d-85e0-86b613f9dc5d, Nodes: 71c6fb51-40e8-4aad-bc66-a2a965effbf5{ip: 192.168.151.122, host: pr-hdds-2200-trunk-mgnwx-192523005, networkLocation: /default-rack, certSerialId: null}, Type:RATIS, Factor:ONE, State:OPEN]
2019-10-02 21:36:53,538 [grpc-default-executor-0] INFO  impl.RaftServerProxy (RaftServerProxy.java:addNew(89)) - 361044e5-82bf-42c5-923f-1eaa64ca5e87: addNew group-E0807A4B1CB2:[3cadedad-da2e-4b21-bf4e-bd5ba3341f2d:192.168.151.122:42094, 71c6fb51-40e8-4aad-bc66-a2a965effbf5:192.168.151.122:34480, 361044e5-82bf-42c5-923f-1eaa64ca5e87:192.168.151.122:38517] returns group-E0807A4B1CB2:java.util.concurrent.CompletableFuture@1e706ff3[Not completed]
2019-10-02 21:36:53,539 [grpc-default-executor-6] INFO  impl.RaftServerProxy (RaftServerProxy.java:addNew(89)) - 3cadedad-da2e-4b21-bf4e-bd5ba3341f2d: addNew group-E0807A4B1CB2:[3cadedad-da2e-4b21-bf4e-bd5ba3341f2d:192.168.151.122:42094, 71c6fb51-40e8-4aad-bc66-a2a965effbf5:192.168.151.122:34480, 361044e5-82bf-42c5-923f-1eaa64ca5e87:192.168.151.122:38517] returns group-E0807A4B1CB2:java.util.concurrent.CompletableFuture@4a6b4e00[Not completed]
2019-10-02 21:36:53,539 [grpc-default-executor-1] INFO  impl.RaftServerProxy (RaftServerProxy.java:addNew(89)) - 71c6fb51-40e8-4aad-bc66-a2a965effbf5: addNew group-E0807A4B1CB2:[3cadedad-da2e-4b21-bf4e-bd5ba3341f2d:192.168.151.122:42094, 71c6fb51-40e8-4aad-bc66-a2a965effbf5:192.168.151.122:34480, 361044e5-82bf-42c5-923f-1eaa64ca5e87:192.168.151.122:38517] returns group-E0807A4B1CB2:java.util.concurrent.CompletableFuture@688c1964[Not completed]
2019-10-02 21:36:53,539 [pool-413-thread-1] INFO  impl.RaftServerImpl (RaftServerImpl.java:<init>(95)) - 361044e5-82bf-42c5-923f-1eaa64ca5e87: new RaftServerImpl for group-E0807A4B1CB2:[3cadedad-da2e-4b21-bf4e-bd5ba3341f2d:192.168.151.122:42094, 71c6fb51-40e8-4aad-bc66-a2a965effbf5:192.168.151.122:34480, 361044e5-82bf-42c5-923f-1eaa64ca5e87:192.168.151.122:38517] with ContainerStateMachine:uninitialized
2019-10-02 21:36:53,539 [pool-413-thread-1] INFO  server.RaftServerConfigKeys (ConfUtils.java:logGet(43)) - raft.server.rpc.timeout.min = 5s (custom)
2019-10-02 21:36:53,539 [pool-413-thread-1] INFO  server.RaftServerConfigKeys (ConfUtils.java:logGet(43)) - raft.server.rpc.timeout.max = 5200ms (custom)
2019-10-02 21:36:53,540 [pool-413-thread-1] INFO  server.RaftServerConfigKeys (ConfUtils.java:logGet(43)) - raft.server.rpcslowness.timeout = 120s (custom)
2019-10-02 21:36:53,540 [pool-413-thread-1] INFO  server.RaftServerConfigKeys (ConfUtils.java:logGet(43)) - raft.server.sleep.deviation.threshold = 300 (default)
2019-10-02 21:36:53,540 [pool-413-thread-1] INFO  server.RaftServerConfigKeys (ConfUtils.java:logGet(43)) - raft.server.log.appender.install.snapshot.enabled = false (custom)
2019-10-02 21:36:53,540 [pool-413-thread-1] INFO  impl.RaftServerImpl (ServerState.java:<init>(103)) - 361044e5-82bf-42c5-923f-1eaa64ca5e87@group-E0807A4B1CB2: ConfigurationManager, init=-1: [3cadedad-da2e-4b21-bf4e-bd5ba3341f2d:192.168.151.122:42094, 71c6fb51-40e8-4aad-bc66-a2a965effbf5:192.168.151.122:34480, 361044e5-82bf-42c5-923f-1eaa64ca5e87:192.168.151.122:38517], old=null, confs=<EMPTY_MAP>
2019-10-02 21:36:53,540 [pool-423-thread-1] INFO  impl.RaftServerImpl (RaftServerImpl.java:<init>(95)) - 3cadedad-da2e-4b21-bf4e-bd5ba3341f2d: new RaftServerImpl for group-E0807A4B1CB2:[3cadedad-da2e-4b21-bf4e-bd5ba3341f2d:192.168.151.122:42094, 71c6fb51-40e8-4aad-bc66-a2a965effbf5:192.168.151.122:34480, 361044e5-82bf-42c5-923f-1eaa64ca5e87:192.168.151.122:38517] with ContainerStateMachine:uninitialized
2019-10-02 21:36:53,540 [pool-413-thread-1] INFO  server.RaftServerConfigKeys (ConfUtils.java:logGet(43)) - raft.server.storage.dir = [/workdir/hadoop-ozone/integration-test/target/test-dir/MiniOzoneClusterImpl-573e4976-09fd-4d64-ae71-6260f4b2230a/datanode-3/data/ratis] (custom)
2019-10-02 21:36:53,540 [pool-423-thread-1] INFO  server.RaftServerConfigKeys (ConfUtils.java:logGet(43)) - raft.server.rpc.timeout.min = 5s (custom)
2019-10-02 21:36:53,540 [pool-423-thread-1] INFO  server.RaftServerConfigKeys (ConfUtils.java:logGet(43)) - raft.server.rpc.timeout.max = 5200ms (custom)
2019-10-02 21:36:53,540 [pool-413-thread-1] INFO  server.RaftServerConfigKeys (ConfUtils.java:logGet(43)) - raft.server.log.corruption.policy = EXCEPTION (default)
2019-10-02 21:36:53,540 [pool-423-thread-1] INFO  server.RaftServerConfigKeys (ConfUtils.java:logGet(43)) - raft.server.rpcslowness.timeout = 120s (custom)
2019-10-02 21:36:53,541 [pool-413-thread-1] INFO  storage.RaftStorageDirectory (RaftStorageDirectory.java:analyzeStorage(246)) - The storage directory /workdir/hadoop-ozone/integration-test/target/test-dir/MiniOzoneClusterImpl-573e4976-09fd-4d64-ae71-6260f4b2230a/datanode-3/data/ratis/fc54886e-2e5a-46ad-9ab2-e0807a4b1cb2 does not exist. Creating ...
2019-10-02 21:36:53,541 [pool-443-thread-1] INFO  impl.RaftServerImpl (RaftServerImpl.java:<init>(95)) - 71c6fb51-40e8-4aad-bc66-a2a965effbf5: new RaftServerImpl for group-E0807A4B1CB2:[3cadedad-da2e-4b21-bf4e-bd5ba3341f2d:192.168.151.122:42094, 71c6fb51-40e8-4aad-bc66-a2a965effbf5:192.168.151.122:34480, 361044e5-82bf-42c5-923f-1eaa64ca5e87:192.168.151.122:38517] with ContainerStateMachine:uninitialized
2019-10-02 21:36:53,541 [pool-423-thread-1] INFO  server.RaftServerConfigKeys (ConfUtils.java:logGet(43)) - raft.server.sleep.deviation.threshold = 300 (default)
2019-10-02 21:36:53,541 [pool-443-thread-1] INFO  server.RaftServerConfigKeys (ConfUtils.java:logGet(43)) - raft.server.rpc.timeout.min = 5s (custom)
2019-10-02 21:36:53,541 [pool-423-thread-1] INFO  server.RaftServerConfigKeys (ConfUtils.java:logGet(43)) - raft.server.log.appender.install.snapshot.enabled = false (custom)
2019-10-02 21:36:53,541 [pool-443-thread-1] INFO  server.RaftServerConfigKeys (ConfUtils.java:logGet(43)) - raft.server.rpc.timeout.max = 5200ms (custom)
2019-10-02 21:36:53,541 [pool-423-thread-1] INFO  impl.RaftServerImpl (ServerState.java:<init>(103)) - 3cadedad-da2e-4b21-bf4e-bd5ba3341f2d@group-E0807A4B1CB2: ConfigurationManager, init=-1: [3cadedad-da2e-4b21-bf4e-bd5ba3341f2d:192.168.151.122:42094, 71c6fb51-40e8-4aad-bc66-a2a965effbf5:192.168.151.122:34480, 361044e5-82bf-42c5-923f-1eaa64ca5e87:192.168.151.122:38517], old=null, confs=<EMPTY_MAP>
2019-10-02 21:36:53,541 [pool-443-thread-1] INFO  server.RaftServerConfigKeys (ConfUtils.java:logGet(43)) - raft.server.rpcslowness.timeout = 120s (custom)
2019-10-02 21:36:53,542 [pool-423-thread-1] INFO  server.RaftServerConfigKeys (ConfUtils.java:logGet(43)) - raft.server.storage.dir = [/workdir/hadoop-ozone/integration-test/target/test-dir/MiniOzoneClusterImpl-573e4976-09fd-4d64-ae71-6260f4b2230a/datanode-4/data/ratis] (custom)
2019-10-02 21:36:53,542 [pool-443-thread-1] INFO  server.RaftServerConfigKeys (ConfUtils.java:logGet(43)) - raft.server.sleep.deviation.threshold = 300 (default)
2019-10-02 21:36:53,542 [pool-443-thread-1] INFO  server.RaftServerConfigKeys (ConfUtils.java:logGet(43)) - raft.server.log.appender.install.snapshot.enabled = false (custom)
2019-10-02 21:36:53,542 [pool-423-thread-1] INFO  server.RaftServerConfigKeys (ConfUtils.java:logGet(43)) - raft.server.log.corruption.policy = EXCEPTION (default)
2019-10-02 21:36:53,542 [pool-443-thread-1] INFO  impl.RaftServerImpl (ServerState.java:<init>(103)) - 71c6fb51-40e8-4aad-bc66-a2a965effbf5@group-E0807A4B1CB2: ConfigurationManager, init=-1: [3cadedad-da2e-4b21-bf4e-bd5ba3341f2d:192.168.151.122:42094, 71c6fb51-40e8-4aad-bc66-a2a965effbf5:192.168.151.122:34480, 361044e5-82bf-42c5-923f-1eaa64ca5e87:192.168.151.122:38517], old=null, confs=<EMPTY_MAP>
2019-10-02 21:36:53,542 [pool-423-thread-1] INFO  storage.RaftStorageDirectory (RaftStorageDirectory.java:analyzeStorage(246)) - The storage directory /workdir/hadoop-ozone/integration-test/target/test-dir/MiniOzoneClusterImpl-573e4976-09fd-4d64-ae71-6260f4b2230a/datanode-4/data/ratis/fc54886e-2e5a-46ad-9ab2-e0807a4b1cb2 does not exist. Creating ...
2019-10-02 21:36:53,543 [pool-443-thread-1] INFO  server.RaftServerConfigKeys (ConfUtils.java:logGet(43)) - raft.server.storage.dir = [/workdir/hadoop-ozone/integration-test/target/test-dir/MiniOzoneClusterImpl-573e4976-09fd-4d64-ae71-6260f4b2230a/datanode-6/data/ratis] (custom)
2019-10-02 21:36:53,543 [pool-443-thread-1] INFO  server.RaftServerConfigKeys (ConfUtils.java:logGet(43)) - raft.server.log.corruption.policy = EXCEPTION (default)
2019-10-02 21:36:53,543 [pool-443-thread-1] INFO  storage.RaftStorageDirectory (RaftStorageDirectory.java:analyzeStorage(246)) - The storage directory /workdir/hadoop-ozone/integration-test/target/test-dir/MiniOzoneClusterImpl-573e4976-09fd-4d64-ae71-6260f4b2230a/datanode-6/data/ratis/fc54886e-2e5a-46ad-9ab2-e0807a4b1cb2 does not exist. Creating ...
2019-10-02 21:36:53,554 [pool-423-thread-1] INFO  storage.RaftStorageDirectory (RaftStorageDirectory.java:tryLock(328)) - Lock on /workdir/hadoop-ozone/integration-test/target/test-dir/MiniOzoneClusterImpl-573e4976-09fd-4d64-ae71-6260f4b2230a/datanode-4/data/ratis/fc54886e-2e5a-46ad-9ab2-e0807a4b1cb2/in_use.lock acquired by nodename 23114@pr-hdds-2200-trunk-mgnwx-192523005
2019-10-02 21:36:53,554 [pool-443-thread-1] INFO  storage.RaftStorageDirectory (RaftStorageDirectory.java:tryLock(328)) - Lock on /workdir/hadoop-ozone/integration-test/target/test-dir/MiniOzoneClusterImpl-573e4976-09fd-4d64-ae71-6260f4b2230a/datanode-6/data/ratis/fc54886e-2e5a-46ad-9ab2-e0807a4b1cb2/in_use.lock acquired by nodename 23114@pr-hdds-2200-trunk-mgnwx-192523005
2019-10-02 21:36:53,554 [pool-413-thread-1] INFO  storage.RaftStorageDirectory (RaftStorageDirectory.java:tryLock(328)) - Lock on /workdir/hadoop-ozone/integration-test/target/test-dir/MiniOzoneClusterImpl-573e4976-09fd-4d64-ae71-6260f4b2230a/datanode-3/data/ratis/fc54886e-2e5a-46ad-9ab2-e0807a4b1cb2/in_use.lock acquired by nodename 23114@pr-hdds-2200-trunk-mgnwx-192523005
2019-10-02 21:36:53,567 [pool-423-thread-1] INFO  storage.RaftStorage (RaftStorage.java:format(84)) - Storage directory /workdir/hadoop-ozone/integration-test/target/test-dir/MiniOzoneClusterImpl-573e4976-09fd-4d64-ae71-6260f4b2230a/datanode-4/data/ratis/fc54886e-2e5a-46ad-9ab2-e0807a4b1cb2 has been successfully formatted.
2019-10-02 21:36:53,567 [pool-413-thread-1] INFO  storage.RaftStorage (RaftStorage.java:format(84)) - Storage directory /workdir/hadoop-ozone/integration-test/target/test-dir/MiniOzoneClusterImpl-573e4976-09fd-4d64-ae71-6260f4b2230a/datanode-3/data/ratis/fc54886e-2e5a-46ad-9ab2-e0807a4b1cb2 has been successfully formatted.
2019-10-02 21:36:53,567 [pool-443-thread-1] INFO  storage.RaftStorage (RaftStorage.java:format(84)) - Storage directory /workdir/hadoop-ozone/integration-test/target/test-dir/MiniOzoneClusterImpl-573e4976-09fd-4d64-ae71-6260f4b2230a/datanode-6/data/ratis/fc54886e-2e5a-46ad-9ab2-e0807a4b1cb2 has been successfully formatted.
2019-10-02 21:36:53,568 [pool-423-thread-1] INFO  ratis.ContainerStateMachine (ContainerStateMachine.java:loadSnapshot(230)) - group-E0807A4B1CB2: The snapshot info is null. Setting the last applied indexto:(t:0, i:~)
2019-10-02 21:36:53,568 [pool-443-thread-1] INFO  ratis.ContainerStateMachine (ContainerStateMachine.java:loadSnapshot(230)) - group-E0807A4B1CB2: The snapshot info is null. Setting the last applied indexto:(t:0, i:~)
2019-10-02 21:36:53,568 [pool-413-thread-1] INFO  ratis.ContainerStateMachine (ContainerStateMachine.java:loadSnapshot(230)) - group-E0807A4B1CB2: The snapshot info is null. Setting the last applied indexto:(t:0, i:~)
2019-10-02 21:36:53,568 [pool-443-thread-1] INFO  server.RaftServerConfigKeys (ConfUtils.java:logGet(43)) - raft.server.notification.no-leader.timeout = 120s (custom)
2019-10-02 21:36:53,568 [pool-423-thread-1] INFO  server.RaftServerConfigKeys (ConfUtils.java:logGet(43)) - raft.server.notification.no-leader.timeout = 120s (custom)
2019-10-02 21:36:53,568 [pool-443-thread-1] INFO  server.RaftServerConfigKeys (ConfUtils.java:logGet(43)) - raft.server.log.use.memory = false (default)
2019-10-02 21:36:53,568 [pool-413-thread-1] INFO  server.RaftServerConfigKeys (ConfUtils.java:logGet(43)) - raft.server.notification.no-leader.timeout = 120s (custom)
2019-10-02 21:36:53,569 [pool-443-thread-1] INFO  server.RaftServerConfigKeys (ConfUtils.java:logGet(43)) - raft.server.log.purge.gap = 1000000 (custom)
2019-10-02 21:36:53,568 [pool-423-thread-1] INFO  server.RaftServerConfigKeys (ConfUtils.java:logGet(43)) - raft.server.log.use.memory = false (default)
2019-10-02 21:36:53,569 [pool-443-thread-1] INFO  server.RaftServerConfigKeys (ConfUtils.java:logGet(43)) - raft.server.log.appender.buffer.byte-limit = 33554432 (custom)
2019-10-02 21:36:53,569 [pool-413-thread-1] INFO  server.RaftServerConfigKeys (ConfUtils.java:logGet(43)) - raft.server.log.use.memory = false (default)
2019-10-02 21:36:53,569 [pool-443-thread-1] INFO  server.RaftServerConfigKeys (ConfUtils.java:logGet(43)) - raft.server.log.segment.size.max = 1048576 (custom)
2019-10-02 21:36:53,569 [pool-423-thread-1] INFO  server.RaftServerConfigKeys (ConfUtils.java:logGet(43)) - raft.server.log.purge.gap = 1000000 (custom)
2019-10-02 21:36:53,569 [pool-443-thread-1] INFO  server.RaftServerConfigKeys (ConfUtils.java:logGet(43)) - raft.server.log.segment.cache.num.max = 2 (custom)
2019-10-02 21:36:53,569 [pool-413-thread-1] INFO  server.RaftServerConfigKeys (ConfUtils.java:logGet(43)) - raft.server.log.purge.gap = 1000000 (custom)
2019-10-02 21:36:53,569 [pool-443-thread-1] INFO  segmented.SegmentedRaftLogWorker (SegmentedRaftLogWorker.java:<init>(173)) - new 71c6fb51-40e8-4aad-bc66-a2a965effbf5@group-E0807A4B1CB2-SegmentedRaftLogWorker for RaftStorage:Storage Directory /workdir/hadoop-ozone/integration-test/target/test-dir/MiniOzoneClusterImpl-573e4976-09fd-4d64-ae71-6260f4b2230a/datanode-6/data/ratis/fc54886e-2e5a-46ad-9ab2-e0807a4b1cb2
2019-10-02 21:36:53,570 [pool-443-thread-1] INFO  server.RaftServerConfigKeys (ConfUtils.java:logGet(43)) - raft.server.log.queue.byte-limit = 2147483647 (custom)
2019-10-02 21:36:53,569 [pool-423-thread-1] INFO  server.RaftServerConfigKeys (ConfUtils.java:logGet(43)) - raft.server.log.appender.buffer.byte-limit = 33554432 (custom)
2019-10-02 21:36:53,570 [pool-443-thread-1] INFO  server.RaftServerConfigKeys (ConfUtils.java:logGet(43)) - raft.server.log.queue.element-limit = 1024 (custom)
2019-10-02 21:36:53,570 [pool-413-thread-1] INFO  server.RaftServerConfigKeys (ConfUtils.java:logGet(43)) - raft.server.log.appender.buffer.byte-limit = 33554432 (custom)
2019-10-02 21:36:53,570 [pool-443-thread-1] INFO  server.RaftServerConfigKeys (ConfUtils.java:logGet(43)) - raft.server.log.segment.size.max = 1048576 (custom)
2019-10-02 21:36:53,570 [pool-423-thread-1] INFO  server.RaftServerConfigKeys (ConfUtils.java:logGet(43)) - raft.server.log.segment.size.max = 1048576 (custom)
2019-10-02 21:36:53,570 [pool-443-thread-1] INFO  server.RaftServerConfigKeys (ConfUtils.java:logGet(43)) - raft.server.log.preallocated.size = 16384 (custom)
2019-10-02 21:36:53,570 [pool-413-thread-1] INFO  server.RaftServerConfigKeys (ConfUtils.java:logGet(43)) - raft.server.log.segment.size.max = 1048576 (custom)
2019-10-02 21:36:53,571 [pool-443-thread-1] INFO  server.RaftServerConfigKeys (ConfUtils.java:logGet(43)) - raft.server.log.write.buffer.size = 33554432 (custom)
2019-10-02 21:36:53,570 [pool-423-thread-1] INFO  server.RaftServerConfigKeys (ConfUtils.java:logGet(43)) - raft.server.log.segment.cache.num.max = 2 (custom)
2019-10-02 21:36:53,571 [pool-443-thread-1] INFO  server.RaftServerConfigKeys (ConfUtils.java:logGet(43)) - raft.server.log.force.sync.num = 128 (default)
2019-10-02 21:36:53,571 [pool-413-thread-1] INFO  server.RaftServerConfigKeys (ConfUtils.java:logGet(43)) - raft.server.log.segment.cache.num.max = 2 (custom)
2019-10-02 21:36:53,571 [pool-443-thread-1] INFO  server.RaftServerConfigKeys (ConfUtils.java:logGet(43)) - raft.server.log.statemachine.data.sync = true (default)
2019-10-02 21:36:53,571 [pool-423-thread-1] INFO  segmented.SegmentedRaftLogWorker (SegmentedRaftLogWorker.java:<init>(173)) - new 3cadedad-da2e-4b21-bf4e-bd5ba3341f2d@group-E0807A4B1CB2-SegmentedRaftLogWorker for RaftStorage:Storage Directory /workdir/hadoop-ozone/integration-test/target/test-dir/MiniOzoneClusterImpl-573e4976-09fd-4d64-ae71-6260f4b2230a/datanode-4/data/ratis/fc54886e-2e5a-46ad-9ab2-e0807a4b1cb2
2019-10-02 21:36:53,571 [pool-443-thread-1] INFO  server.RaftServerConfigKeys (ConfUtils.java:logGet(43)) - raft.server.log.statemachine.data.sync.timeout = 10s (default)
2019-10-02 21:36:53,571 [pool-413-thread-1] INFO  segmented.SegmentedRaftLogWorker (SegmentedRaftLogWorker.java:<init>(173)) - new 361044e5-82bf-42c5-923f-1eaa64ca5e87@group-E0807A4B1CB2-SegmentedRaftLogWorker for RaftStorage:Storage Directory /workdir/hadoop-ozone/integration-test/target/test-dir/MiniOzoneClusterImpl-573e4976-09fd-4d64-ae71-6260f4b2230a/datanode-3/data/ratis/fc54886e-2e5a-46ad-9ab2-e0807a4b1cb2
2019-10-02 21:36:53,571 [pool-443-thread-1] INFO  server.RaftServerConfigKeys (ConfUtils.java:logGet(43)) - raft.server.log.statemachine.data.sync.timeout.retry = -1 (default)
2019-10-02 21:36:53,571 [pool-423-thread-1] INFO  server.RaftServerConfigKeys (ConfUtils.java:logGet(43)) - raft.server.log.queue.byte-limit = 2147483647 (custom)
2019-10-02 21:36:53,572 [pool-443-thread-1] INFO  server.RaftServerConfigKeys (ConfUtils.java:logGet(43)) - raft.server.log.statemachine.data.caching.enabled = true (custom)
2019-10-02 21:36:53,572 [pool-413-thread-1] INFO  server.RaftServerConfigKeys (ConfUtils.java:logGet(43)) - raft.server.log.queue.byte-limit = 2147483647 (custom)
2019-10-02 21:36:53,572 [pool-443-thread-1] INFO  segmented.SegmentedRaftLogWorker (SegmentedRaftLogWorker.java:lambda$new$0(128)) - 71c6fb51-40e8-4aad-bc66-a2a965effbf5@group-E0807A4B1CB2-SegmentedRaftLogWorker: flushIndex: setUnconditionally 0 -> -1
2019-10-02 21:36:53,572 [pool-423-thread-1] INFO  server.RaftServerConfigKeys (ConfUtils.java:logGet(43)) - raft.server.log.queue.element-limit = 1024 (custom)
2019-10-02 21:36:53,572 [pool-413-thread-1] INFO  server.RaftServerConfigKeys (ConfUtils.java:logGet(43)) - raft.server.log.queue.element-limit = 1024 (custom)
2019-10-02 21:36:53,572 [pool-423-thread-1] INFO  server.RaftServerConfigKeys (ConfUtils.java:logGet(43)) - raft.server.log.segment.size.max = 1048576 (custom)
2019-10-02 21:36:53,572 [pool-443-thread-1] INFO  server.RaftServerConfigKeys (ConfUtils.java:logGet(43)) - raft.server.snapshot.auto.trigger.enabled = true (custom)
2019-10-02 21:36:53,573 [pool-423-thread-1] INFO  server.RaftServerConfigKeys (ConfUtils.java:logGet(43)) - raft.server.log.preallocated.size = 16384 (custom)
2019-10-02 21:36:53,573 [pool-413-thread-1] INFO  server.RaftServerConfigKeys (ConfUtils.java:logGet(43)) - raft.server.log.segment.size.max = 1048576 (custom)
2019-10-02 21:36:53,573 [pool-423-thread-1] INFO  server.RaftServerConfigKeys (ConfUtils.java:logGet(43)) - raft.server.log.write.buffer.size = 33554432 (custom)
2019-10-02 21:36:53,573 [pool-443-thread-1] INFO  server.RaftServerConfigKeys (ConfUtils.java:logGet(43)) - raft.server.snapshot.auto.trigger.threshold = 10000 (custom)
2019-10-02 21:36:53,573 [pool-423-thread-1] INFO  server.RaftServerConfigKeys (ConfUtils.java:logGet(43)) - raft.server.log.force.sync.num = 128 (default)
2019-10-02 21:36:53,573 [pool-413-thread-1] INFO  server.RaftServerConfigKeys (ConfUtils.java:logGet(43)) - raft.server.log.preallocated.size = 16384 (custom)
2019-10-02 21:36:53,573 [pool-423-thread-1] INFO  server.RaftServerConfigKeys (ConfUtils.java:logGet(43)) - raft.server.log.statemachine.data.sync = true (default)
2019-10-02 21:36:53,573 [pool-443-thread-1] INFO  server.RaftServerConfigKeys (ConfUtils.java:logGet(43)) - raft.server.snapshot.retention.file.num = 5 (custom)
2019-10-02 21:36:53,574 [pool-423-thread-1] INFO  server.RaftServerConfigKeys (ConfUtils.java:logGet(43)) - raft.server.log.statemachine.data.sync.timeout = 10s (default)
2019-10-02 21:36:53,574 [pool-423-thread-1] INFO  server.RaftServerConfigKeys (ConfUtils.java:logGet(43)) - raft.server.log.statemachine.data.sync.timeout.retry = -1 (default)
2019-10-02 21:36:53,574 [pool-413-thread-1] INFO  server.RaftServerConfigKeys (ConfUtils.java:logGet(43)) - raft.server.log.write.buffer.size = 33554432 (custom)
2019-10-02 21:36:53,574 [pool-423-thread-1] INFO  server.RaftServerConfigKeys (ConfUtils.java:logGet(43)) - raft.server.log.statemachine.data.caching.enabled = true (custom)
2019-10-02 21:36:53,574 [pool-443-thread-1] INFO  server.RaftServerConfigKeys (ConfUtils.java:logGet(43)) - raft.server.retrycache.expirytime = 600000ms (custom)
2019-10-02 21:36:53,574 [pool-413-thread-1] INFO  server.RaftServerConfigKeys (ConfUtils.java:logGet(43)) - raft.server.log.force.sync.num = 128 (default)
2019-10-02 21:36:53,574 [pool-423-thread-1] INFO  segmented.SegmentedRaftLogWorker (SegmentedRaftLogWorker.java:lambda$new$0(128)) - 3cadedad-da2e-4b21-bf4e-bd5ba3341f2d@group-E0807A4B1CB2-SegmentedRaftLogWorker: flushIndex: setUnconditionally 0 -> -1
2019-10-02 21:36:53,575 [pool-413-thread-1] INFO  server.RaftServerConfigKeys (ConfUtils.java:logGet(43)) - raft.server.log.statemachine.data.sync = true (default)
2019-10-02 21:36:53,575 [pool-423-thread-1] INFO  server.RaftServerConfigKeys (ConfUtils.java:logGet(43)) - raft.server.snapshot.auto.trigger.enabled = true (custom)
2019-10-02 21:36:53,575 [pool-413-thread-1] INFO  server.RaftServerConfigKeys (ConfUtils.java:logGet(43)) - raft.server.log.statemachine.data.sync.timeout = 10s (default)
2019-10-02 21:36:53,575 [pool-423-thread-1] INFO  server.RaftServerConfigKeys (ConfUtils.java:logGet(43)) - raft.server.snapshot.auto.trigger.threshold = 10000 (custom)
2019-10-02 21:36:53,575 [pool-413-thread-1] INFO  server.RaftServerConfigKeys (ConfUtils.java:logGet(43)) - raft.server.log.statemachine.data.sync.timeout.retry = -1 (default)
2019-10-02 21:36:53,575 [pool-423-thread-1] INFO  server.RaftServerConfigKeys (ConfUtils.java:logGet(43)) - raft.server.snapshot.retention.file.num = 5 (custom)
2019-10-02 21:36:53,576 [pool-413-thread-1] INFO  server.RaftServerConfigKeys (ConfUtils.java:logGet(43)) - raft.server.log.statemachine.data.caching.enabled = true (custom)
2019-10-02 21:36:53,576 [pool-423-thread-1] INFO  server.RaftServerConfigKeys (ConfUtils.java:logGet(43)) - raft.server.retrycache.expirytime = 600000ms (custom)
2019-10-02 21:36:53,576 [pool-413-thread-1] INFO  segmented.SegmentedRaftLogWorker (SegmentedRaftLogWorker.java:lambda$new$0(128)) - 361044e5-82bf-42c5-923f-1eaa64ca5e87@group-E0807A4B1CB2-SegmentedRaftLogWorker: flushIndex: setUnconditionally 0 -> -1
2019-10-02 21:36:53,576 [pool-443-thread-1] INFO  impl.RaftServerImpl (RaftServerImpl.java:start(181)) - 71c6fb51-40e8-4aad-bc66-a2a965effbf5@group-E0807A4B1CB2: start as a follower, conf=-1: [3cadedad-da2e-4b21-bf4e-bd5ba3341f2d:192.168.151.122:42094, 71c6fb51-40e8-4aad-bc66-a2a965effbf5:192.168.151.122:34480, 361044e5-82bf-42c5-923f-1eaa64ca5e87:192.168.151.122:38517], old=null
2019-10-02 21:36:53,576 [pool-413-thread-1] INFO  server.RaftServerConfigKeys (ConfUtils.java:logGet(43)) - raft.server.snapshot.auto.trigger.enabled = true (custom)
2019-10-02 21:36:53,576 [pool-443-thread-1] INFO  impl.RaftServerImpl (RaftServerImpl.java:setRole(170)) - 71c6fb51-40e8-4aad-bc66-a2a965effbf5@group-E0807A4B1CB2: changes role from      null to FOLLOWER at term 0 for startAsFollower
2019-10-02 21:36:53,577 [pool-413-thread-1] INFO  server.RaftServerConfigKeys (ConfUtils.java:logGet(43)) - raft.server.snapshot.auto.trigger.threshold = 10000 (custom)
2019-10-02 21:36:53,577 [pool-443-thread-1] INFO  impl.RoleInfo (RoleInfo.java:updateAndGet(143)) - 71c6fb51-40e8-4aad-bc66-a2a965effbf5: start FollowerState
2019-10-02 21:36:53,577 [pool-413-thread-1] INFO  server.RaftServerConfigKeys (ConfUtils.java:logGet(43)) - raft.server.snapshot.retention.file.num = 5 (custom)
2019-10-02 21:36:53,577 [pool-413-thread-1] INFO  server.RaftServerConfigKeys (ConfUtils.java:logGet(43)) - raft.server.retrycache.expirytime = 600000ms (custom)
2019-10-02 21:36:53,577 [pool-443-thread-1] INFO  util.JmxRegister (JmxRegister.java:tryRegister(44)) - Successfully registered JMX Bean with object name Ratis:service=RaftServer,group=group-E0807A4B1CB2,id=71c6fb51-40e8-4aad-bc66-a2a965effbf5
2019-10-02 21:36:53,578 [pool-423-thread-1] INFO  impl.RaftServerImpl (RaftServerImpl.java:start(181)) - 3cadedad-da2e-4b21-bf4e-bd5ba3341f2d@group-E0807A4B1CB2: start as a follower, conf=-1: [3cadedad-da2e-4b21-bf4e-bd5ba3341f2d:192.168.151.122:42094, 71c6fb51-40e8-4aad-bc66-a2a965effbf5:192.168.151.122:34480, 361044e5-82bf-42c5-923f-1eaa64ca5e87:192.168.151.122:38517], old=null
2019-10-02 21:36:53,578 [pool-423-thread-1] INFO  impl.RaftServerImpl (RaftServerImpl.java:setRole(170)) - 3cadedad-da2e-4b21-bf4e-bd5ba3341f2d@group-E0807A4B1CB2: changes role from      null to FOLLOWER at term 0 for startAsFollower
2019-10-02 21:36:53,578 [pool-423-thread-1] INFO  impl.RoleInfo (RoleInfo.java:updateAndGet(143)) - 3cadedad-da2e-4b21-bf4e-bd5ba3341f2d: start FollowerState
2019-10-02 21:36:53,579 [pool-423-thread-1] INFO  util.JmxRegister (JmxRegister.java:tryRegister(44)) - Successfully registered JMX Bean with object name Ratis:service=RaftServer,group=group-E0807A4B1CB2,id=3cadedad-da2e-4b21-bf4e-bd5ba3341f2d
2019-10-02 21:36:53,581 [pool-413-thread-1] INFO  impl.RaftServerImpl (RaftServerImpl.java:start(181)) - 361044e5-82bf-42c5-923f-1eaa64ca5e87@group-E0807A4B1CB2: start as a follower, conf=-1: [3cadedad-da2e-4b21-bf4e-bd5ba3341f2d:192.168.151.122:42094, 71c6fb51-40e8-4aad-bc66-a2a965effbf5:192.168.151.122:34480, 361044e5-82bf-42c5-923f-1eaa64ca5e87:192.168.151.122:38517], old=null
2019-10-02 21:36:53,581 [pool-413-thread-1] INFO  impl.RaftServerImpl (RaftServerImpl.java:setRole(170)) - 361044e5-82bf-42c5-923f-1eaa64ca5e87@group-E0807A4B1CB2: changes role from      null to FOLLOWER at term 0 for startAsFollower
2019-10-02 21:36:53,581 [pool-413-thread-1] INFO  impl.RoleInfo (RoleInfo.java:updateAndGet(143)) - 361044e5-82bf-42c5-923f-1eaa64ca5e87: start FollowerState
2019-10-02 21:36:53,581 [pool-413-thread-1] INFO  util.JmxRegister (JmxRegister.java:tryRegister(44)) - Successfully registered JMX Bean with object name Ratis:service=RaftServer,group=group-E0807A4B1CB2,id=361044e5-82bf-42c5-923f-1eaa64ca5e87
2019-10-02 21:36:53,585 [RatisPipelineUtilsThread] INFO  pipeline.PipelineStateManager (PipelineStateManager.java:addPipeline(56)) - Created pipeline Pipeline[ Id: fc54886e-2e5a-46ad-9ab2-e0807a4b1cb2, Nodes: 3cadedad-da2e-4b21-bf4e-bd5ba3341f2d{ip: 192.168.151.122, host: pr-hdds-2200-trunk-mgnwx-192523005, networkLocation: /default-rack, certSerialId: null}361044e5-82bf-42c5-923f-1eaa64ca5e87{ip: 192.168.151.122, host: pr-hdds-2200-trunk-mgnwx-192523005, networkLocation: /default-rack, certSerialId: null}71c6fb51-40e8-4aad-bc66-a2a965effbf5{ip: 192.168.151.122, host: pr-hdds-2200-trunk-mgnwx-192523005, networkLocation: /default-rack, certSerialId: null}, Type:RATIS, Factor:THREE, State:OPEN]
2019-10-02 21:36:56,025 [Thread-2364] INFO  container.ReplicationManager (ReplicationManager.java:start(162)) - Starting Replication Monitor Thread.
2019-10-02 21:36:56,031 [ReplicationMonitor] INFO  container.ReplicationManager (ReplicationManager.java:run(225)) - Replication Monitor Thread took 1 milliseconds for processing 1 containers.
2019-10-02 21:36:58,079 [Thread-2366] INFO  impl.FollowerState (FollowerState.java:run(108)) - 6fd077a9-6924-41f2-a83b-f0d566d92e38@group-D364D242ADDB-FollowerState: change to CANDIDATE, lastRpcTime:5006ms, electionTimeout:5006ms
2019-10-02 21:36:58,084 [Thread-2366] INFO  impl.RoleInfo (RoleInfo.java:shutdownFollowerState(121)) - 6fd077a9-6924-41f2-a83b-f0d566d92e38: shutdown FollowerState
2019-10-02 21:36:58,084 [Thread-2366] INFO  impl.RaftServerImpl (RaftServerImpl.java:setRole(170)) - 6fd077a9-6924-41f2-a83b-f0d566d92e38@group-D364D242ADDB: changes role from  FOLLOWER to CANDIDATE at term 0 for changeToCandidate
2019-10-02 21:36:58,084 [Thread-2366] INFO  impl.RoleInfo (RoleInfo.java:updateAndGet(143)) - 6fd077a9-6924-41f2-a83b-f0d566d92e38: start LeaderElection
2019-10-02 21:36:58,107 [6fd077a9-6924-41f2-a83b-f0d566d92e38@group-D364D242ADDB-LeaderElection62] INFO  impl.LeaderElection (LeaderElection.java:askForVotes(178)) - 6fd077a9-6924-41f2-a83b-f0d566d92e38@group-D364D242ADDB-LeaderElection62: begin an election at term 1 for -1: [6fd077a9-6924-41f2-a83b-f0d566d92e38:192.168.151.122:44719], old=null
2019-10-02 21:36:58,107 [6fd077a9-6924-41f2-a83b-f0d566d92e38@group-D364D242ADDB-LeaderElection62] INFO  impl.RoleInfo (RoleInfo.java:shutdownLeaderElection(134)) - 6fd077a9-6924-41f2-a83b-f0d566d92e38: shutdown LeaderElection
2019-10-02 21:36:58,107 [6fd077a9-6924-41f2-a83b-f0d566d92e38@group-D364D242ADDB-LeaderElection62] INFO  impl.RaftServerImpl (RaftServerImpl.java:setRole(170)) - 6fd077a9-6924-41f2-a83b-f0d566d92e38@group-D364D242ADDB: changes role from CANDIDATE to LEADER at term 1 for changeToLeader
2019-10-02 21:36:58,107 [6fd077a9-6924-41f2-a83b-f0d566d92e38@group-D364D242ADDB-LeaderElection62] INFO  impl.RaftServerImpl (ServerState.java:setLeader(255)) - 6fd077a9-6924-41f2-a83b-f0d566d92e38@group-D364D242ADDB: change Leader from null to 6fd077a9-6924-41f2-a83b-f0d566d92e38 at term 1 for becomeLeader, leader elected after 5042ms
2019-10-02 21:36:58,107 [6fd077a9-6924-41f2-a83b-f0d566d92e38@group-D364D242ADDB-LeaderElection62] INFO  server.RaftServerConfigKeys (ConfUtils.java:logGet(43)) - raft.server.staging.catchup.gap = 1000 (default)
2019-10-02 21:36:58,108 [6fd077a9-6924-41f2-a83b-f0d566d92e38@group-D364D242ADDB-LeaderElection62] INFO  server.RaftServerConfigKeys (ConfUtils.java:logGet(43)) - raft.server.rpc.sleep.time = 25ms (default)
2019-10-02 21:36:58,108 [6fd077a9-6924-41f2-a83b-f0d566d92e38@group-D364D242ADDB-LeaderElection62] INFO  server.RaftServerConfigKeys (ConfUtils.java:logGet(43)) - raft.server.write.element-limit = 4096 (default)
2019-10-02 21:36:58,108 [6fd077a9-6924-41f2-a83b-f0d566d92e38@group-D364D242ADDB-LeaderElection62] INFO  server.RaftServerConfigKeys (ConfUtils.java:logGet(43)) - raft.server.watch.timeout = 10s (default)
2019-10-02 21:36:58,108 [6fd077a9-6924-41f2-a83b-f0d566d92e38@group-D364D242ADDB-LeaderElection62] INFO  server.RaftServerConfigKeys (ConfUtils.java:logGet(43)) - raft.server.watch.timeout.denomination = 1s (default)
2019-10-02 21:36:58,109 [6fd077a9-6924-41f2-a83b-f0d566d92e38@group-D364D242ADDB-LeaderElection62] INFO  server.RaftServerConfigKeys (ConfUtils.java:logGet(43)) - raft.server.watch.element-limit = 65536 (default)
2019-10-02 21:36:58,111 [6fd077a9-6924-41f2-a83b-f0d566d92e38@group-D364D242ADDB-LeaderElection62] INFO  impl.RoleInfo (RoleInfo.java:updateAndGet(143)) - 6fd077a9-6924-41f2-a83b-f0d566d92e38: start LeaderState
2019-10-02 21:36:58,112 [6fd077a9-6924-41f2-a83b-f0d566d92e38@group-D364D242ADDB-LeaderElection62] INFO  segmented.SegmentedRaftLogWorker (SegmentedRaftLogWorker.java:startLogSegment(385)) - 6fd077a9-6924-41f2-a83b-f0d566d92e38@group-D364D242ADDB-SegmentedRaftLogWorker: Starting segment from index:0
2019-10-02 21:36:58,113 [6fd077a9-6924-41f2-a83b-f0d566d92e38@group-D364D242ADDB-LeaderElection62] INFO  impl.RaftServerImpl (ServerState.java:setRaftConf(356)) - 6fd077a9-6924-41f2-a83b-f0d566d92e38@group-D364D242ADDB: set configuration 0: [6fd077a9-6924-41f2-a83b-f0d566d92e38:192.168.151.122:44719], old=null at 0
2019-10-02 21:36:58,149 [6fd077a9-6924-41f2-a83b-f0d566d92e38@group-D364D242ADDB-SegmentedRaftLogWorker] INFO  segmented.SegmentedRaftLogWorker (SegmentedRaftLogWorker.java:execute(574)) - 6fd077a9-6924-41f2-a83b-f0d566d92e38@group-D364D242ADDB-SegmentedRaftLogWorker: created new log segment /workdir/hadoop-ozone/integration-test/target/test-dir/MiniOzoneClusterImpl-573e4976-09fd-4d64-ae71-6260f4b2230a/datanode-0/data/ratis/1427be71-ac7c-4a18-8e01-d364d242addb/current/log_inprogress_0
2019-10-02 21:36:58,229 [Thread-2369] INFO  impl.FollowerState (FollowerState.java:run(108)) - d71813ab-2f0e-4e31-8f82-cd75b730b7d9@group-296AB6FC7464-FollowerState: change to CANDIDATE, lastRpcTime:5116ms, electionTimeout:5116ms
2019-10-02 21:36:58,230 [Thread-2369] INFO  impl.RoleInfo (RoleInfo.java:shutdownFollowerState(121)) - d71813ab-2f0e-4e31-8f82-cd75b730b7d9: shutdown FollowerState
2019-10-02 21:36:58,230 [Thread-2369] INFO  impl.RaftServerImpl (RaftServerImpl.java:setRole(170)) - d71813ab-2f0e-4e31-8f82-cd75b730b7d9@group-296AB6FC7464: changes role from  FOLLOWER to CANDIDATE at term 0 for changeToCandidate
2019-10-02 21:36:58,230 [Thread-2369] INFO  impl.RoleInfo (RoleInfo.java:updateAndGet(143)) - d71813ab-2f0e-4e31-8f82-cd75b730b7d9: start LeaderElection
2019-10-02 21:36:58,244 [Thread-2375] INFO  impl.FollowerState (FollowerState.java:run(108)) - d71813ab-2f0e-4e31-8f82-cd75b730b7d9@group-D00564C10F22-FollowerState: change to CANDIDATE, lastRpcTime:5013ms, electionTimeout:5013ms
2019-10-02 21:36:58,244 [Thread-2375] INFO  impl.RoleInfo (RoleInfo.java:shutdownFollowerState(121)) - d71813ab-2f0e-4e31-8f82-cd75b730b7d9: shutdown FollowerState
2019-10-02 21:36:58,244 [Thread-2375] INFO  impl.RaftServerImpl (RaftServerImpl.java:setRole(170)) - d71813ab-2f0e-4e31-8f82-cd75b730b7d9@group-D00564C10F22: changes role from  FOLLOWER to CANDIDATE at term 0 for changeToCandidate
2019-10-02 21:36:58,244 [Thread-2375] INFO  impl.RoleInfo (RoleInfo.java:updateAndGet(143)) - d71813ab-2f0e-4e31-8f82-cd75b730b7d9: start LeaderElection
2019-10-02 21:36:58,251 [d71813ab-2f0e-4e31-8f82-cd75b730b7d9@group-296AB6FC7464-LeaderElection63] INFO  impl.LeaderElection (LeaderElection.java:askForVotes(178)) - d71813ab-2f0e-4e31-8f82-cd75b730b7d9@group-296AB6FC7464-LeaderElection63: begin an election at term 1 for -1: [d71813ab-2f0e-4e31-8f82-cd75b730b7d9:192.168.151.122:38776], old=null
2019-10-02 21:36:58,251 [d71813ab-2f0e-4e31-8f82-cd75b730b7d9@group-D00564C10F22-LeaderElection64] INFO  impl.LeaderElection (LeaderElection.java:askForVotes(178)) - d71813ab-2f0e-4e31-8f82-cd75b730b7d9@group-D00564C10F22-LeaderElection64: begin an election at term 1 for -1: [d71813ab-2f0e-4e31-8f82-cd75b730b7d9:192.168.151.122:38776, f2d7c526-219d-40fa-820e-93dba8d29c66:192.168.151.122:41937, 6fd077a9-6924-41f2-a83b-f0d566d92e38:192.168.151.122:44719], old=null
2019-10-02 21:36:58,251 [d71813ab-2f0e-4e31-8f82-cd75b730b7d9@group-296AB6FC7464-LeaderElection63] INFO  impl.RoleInfo (RoleInfo.java:shutdownLeaderElection(134)) - d71813ab-2f0e-4e31-8f82-cd75b730b7d9: shutdown LeaderElection
2019-10-02 21:36:58,251 [d71813ab-2f0e-4e31-8f82-cd75b730b7d9@group-296AB6FC7464-LeaderElection63] INFO  impl.RaftServerImpl (RaftServerImpl.java:setRole(170)) - d71813ab-2f0e-4e31-8f82-cd75b730b7d9@group-296AB6FC7464: changes role from CANDIDATE to LEADER at term 1 for changeToLeader
2019-10-02 21:36:58,251 [d71813ab-2f0e-4e31-8f82-cd75b730b7d9@group-296AB6FC7464-LeaderElection63] INFO  impl.RaftServerImpl (ServerState.java:setLeader(255)) - d71813ab-2f0e-4e31-8f82-cd75b730b7d9@group-296AB6FC7464: change Leader from null to d71813ab-2f0e-4e31-8f82-cd75b730b7d9 at term 1 for becomeLeader, leader elected after 5147ms
2019-10-02 21:36:58,251 [d71813ab-2f0e-4e31-8f82-cd75b730b7d9@group-296AB6FC7464-LeaderElection63] INFO  server.RaftServerConfigKeys (ConfUtils.java:logGet(43)) - raft.server.staging.catchup.gap = 1000 (default)
2019-10-02 21:36:58,252 [d71813ab-2f0e-4e31-8f82-cd75b730b7d9@group-296AB6FC7464-LeaderElection63] INFO  server.RaftServerConfigKeys (ConfUtils.java:logGet(43)) - raft.server.rpc.sleep.time = 25ms (default)
2019-10-02 21:36:58,252 [d71813ab-2f0e-4e31-8f82-cd75b730b7d9@group-296AB6FC7464-LeaderElection63] INFO  server.RaftServerConfigKeys (ConfUtils.java:logGet(43)) - raft.server.write.element-limit = 4096 (default)
2019-10-02 21:36:58,252 [d71813ab-2f0e-4e31-8f82-cd75b730b7d9@group-296AB6FC7464-LeaderElection63] INFO  server.RaftServerConfigKeys (ConfUtils.java:logGet(43)) - raft.server.watch.timeout = 10s (default)
2019-10-02 21:36:58,252 [d71813ab-2f0e-4e31-8f82-cd75b730b7d9@group-296AB6FC7464-LeaderElection63] INFO  server.RaftServerConfigKeys (ConfUtils.java:logGet(43)) - raft.server.watch.timeout.denomination = 1s (default)
2019-10-02 21:36:58,252 [d71813ab-2f0e-4e31-8f82-cd75b730b7d9@group-296AB6FC7464-LeaderElection63] INFO  server.RaftServerConfigKeys (ConfUtils.java:logGet(43)) - raft.server.watch.element-limit = 65536 (default)
2019-10-02 21:36:58,255 [d71813ab-2f0e-4e31-8f82-cd75b730b7d9@group-296AB6FC7464-LeaderElection63] INFO  impl.RoleInfo (RoleInfo.java:updateAndGet(143)) - d71813ab-2f0e-4e31-8f82-cd75b730b7d9: start LeaderState
2019-10-02 21:36:58,255 [d71813ab-2f0e-4e31-8f82-cd75b730b7d9@group-296AB6FC7464-LeaderElection63] INFO  segmented.SegmentedRaftLogWorker (SegmentedRaftLogWorker.java:startLogSegment(385)) - d71813ab-2f0e-4e31-8f82-cd75b730b7d9@group-296AB6FC7464-SegmentedRaftLogWorker: Starting segment from index:0
2019-10-02 21:36:58,255 [grpc-default-executor-1] INFO  impl.RaftServerImpl (RaftServerImpl.java:setRole(170)) - 6fd077a9-6924-41f2-a83b-f0d566d92e38@group-D00564C10F22: changes role from  FOLLOWER to FOLLOWER at term 1 for recognizeCandidate:d71813ab-2f0e-4e31-8f82-cd75b730b7d9
2019-10-02 21:36:58,256 [grpc-default-executor-6] INFO  impl.RaftServerImpl (RaftServerImpl.java:setRole(170)) - f2d7c526-219d-40fa-820e-93dba8d29c66@group-D00564C10F22: changes role from  FOLLOWER to FOLLOWER at term 1 for recognizeCandidate:d71813ab-2f0e-4e31-8f82-cd75b730b7d9
2019-10-02 21:36:58,256 [d71813ab-2f0e-4e31-8f82-cd75b730b7d9@group-296AB6FC7464-LeaderElection63] INFO  impl.RaftServerImpl (ServerState.java:setRaftConf(356)) - d71813ab-2f0e-4e31-8f82-cd75b730b7d9@group-296AB6FC7464: set configuration 0: [d71813ab-2f0e-4e31-8f82-cd75b730b7d9:192.168.151.122:38776], old=null at 0
2019-10-02 21:36:58,256 [grpc-default-executor-6] INFO  impl.RoleInfo (RoleInfo.java:shutdownFollowerState(121)) - f2d7c526-219d-40fa-820e-93dba8d29c66: shutdown FollowerState
2019-10-02 21:36:58,256 [grpc-default-executor-1] INFO  impl.RoleInfo (RoleInfo.java:shutdownFollowerState(121)) - 6fd077a9-6924-41f2-a83b-f0d566d92e38: shutdown FollowerState
2019-10-02 21:36:58,256 [grpc-default-executor-6] INFO  impl.RoleInfo (RoleInfo.java:updateAndGet(143)) - f2d7c526-219d-40fa-820e-93dba8d29c66: start FollowerState
2019-10-02 21:36:58,257 [Thread-2380] INFO  impl.FollowerState (FollowerState.java:run(117)) - f2d7c526-219d-40fa-820e-93dba8d29c66@group-D00564C10F22-FollowerState was interrupted: java.lang.InterruptedException: sleep interrupted
2019-10-02 21:36:58,257 [grpc-default-executor-1] INFO  impl.RoleInfo (RoleInfo.java:updateAndGet(143)) - 6fd077a9-6924-41f2-a83b-f0d566d92e38: start FollowerState
2019-10-02 21:36:58,257 [Thread-2379] INFO  impl.FollowerState (FollowerState.java:run(117)) - 6fd077a9-6924-41f2-a83b-f0d566d92e38@group-D00564C10F22-FollowerState was interrupted: java.lang.InterruptedException: sleep interrupted
2019-10-02 21:36:58,290 [Thread-2372] INFO  impl.FollowerState (FollowerState.java:run(108)) - f2d7c526-219d-40fa-820e-93dba8d29c66@group-3CB3B4DD07F2-FollowerState: change to CANDIDATE, lastRpcTime:5100ms, electionTimeout:5072ms
2019-10-02 21:36:58,294 [Thread-2372] INFO  impl.RoleInfo (RoleInfo.java:shutdownFollowerState(121)) - f2d7c526-219d-40fa-820e-93dba8d29c66: shutdown FollowerState
2019-10-02 21:36:58,294 [Thread-2372] INFO  impl.RaftServerImpl (RaftServerImpl.java:setRole(170)) - f2d7c526-219d-40fa-820e-93dba8d29c66@group-3CB3B4DD07F2: changes role from  FOLLOWER to CANDIDATE at term 0 for changeToCandidate
2019-10-02 21:36:58,294 [Thread-2372] INFO  impl.RoleInfo (RoleInfo.java:updateAndGet(143)) - f2d7c526-219d-40fa-820e-93dba8d29c66: start LeaderElection
2019-10-02 21:36:58,303 [d71813ab-2f0e-4e31-8f82-cd75b730b7d9@group-296AB6FC7464-SegmentedRaftLogWorker] INFO  segmented.SegmentedRaftLogWorker (SegmentedRaftLogWorker.java:execute(574)) - d71813ab-2f0e-4e31-8f82-cd75b730b7d9@group-296AB6FC7464-SegmentedRaftLogWorker: created new log segment /workdir/hadoop-ozone/integration-test/target/test-dir/MiniOzoneClusterImpl-573e4976-09fd-4d64-ae71-6260f4b2230a/datanode-1/data/ratis/b08ceb6a-b713-45d3-80a4-296ab6fc7464/current/log_inprogress_0
2019-10-02 21:36:58,305 [d71813ab-2f0e-4e31-8f82-cd75b730b7d9@group-D00564C10F22-LeaderElection64] INFO  impl.LeaderElection (LeaderElection.java:logAndReturn(56)) - d71813ab-2f0e-4e31-8f82-cd75b730b7d9@group-D00564C10F22-LeaderElection64: Election PASSED; received 1 response(s) [d71813ab-2f0e-4e31-8f82-cd75b730b7d9<-6fd077a9-6924-41f2-a83b-f0d566d92e38#0:OK-t1] and 0 exception(s); d71813ab-2f0e-4e31-8f82-cd75b730b7d9@group-D00564C10F22:t1, leader=null, voted=d71813ab-2f0e-4e31-8f82-cd75b730b7d9, raftlog=d71813ab-2f0e-4e31-8f82-cd75b730b7d9@group-D00564C10F22-SegmentedRaftLog:OPENED:c-1,f-1,i0, conf=-1: [d71813ab-2f0e-4e31-8f82-cd75b730b7d9:192.168.151.122:38776, f2d7c526-219d-40fa-820e-93dba8d29c66:192.168.151.122:41937, 6fd077a9-6924-41f2-a83b-f0d566d92e38:192.168.151.122:44719], old=null
2019-10-02 21:36:58,305 [d71813ab-2f0e-4e31-8f82-cd75b730b7d9@group-D00564C10F22-LeaderElection64] INFO  impl.RoleInfo (RoleInfo.java:shutdownLeaderElection(134)) - d71813ab-2f0e-4e31-8f82-cd75b730b7d9: shutdown LeaderElection
2019-10-02 21:36:58,305 [d71813ab-2f0e-4e31-8f82-cd75b730b7d9@group-D00564C10F22-LeaderElection64] INFO  impl.RaftServerImpl (RaftServerImpl.java:setRole(170)) - d71813ab-2f0e-4e31-8f82-cd75b730b7d9@group-D00564C10F22: changes role from CANDIDATE to LEADER at term 1 for changeToLeader
2019-10-02 21:36:58,305 [d71813ab-2f0e-4e31-8f82-cd75b730b7d9@group-D00564C10F22-LeaderElection64] INFO  impl.RaftServerImpl (ServerState.java:setLeader(255)) - d71813ab-2f0e-4e31-8f82-cd75b730b7d9@group-D00564C10F22: change Leader from null to d71813ab-2f0e-4e31-8f82-cd75b730b7d9 at term 1 for becomeLeader, leader elected after 5081ms
2019-10-02 21:36:58,305 [d71813ab-2f0e-4e31-8f82-cd75b730b7d9@group-D00564C10F22-LeaderElection64] INFO  server.RaftServerConfigKeys (ConfUtils.java:logGet(43)) - raft.server.staging.catchup.gap = 1000 (default)
2019-10-02 21:36:58,306 [d71813ab-2f0e-4e31-8f82-cd75b730b7d9@group-D00564C10F22-LeaderElection64] INFO  server.RaftServerConfigKeys (ConfUtils.java:logGet(43)) - raft.server.rpc.sleep.time = 25ms (default)
2019-10-02 21:36:58,306 [d71813ab-2f0e-4e31-8f82-cd75b730b7d9@group-D00564C10F22-LeaderElection64] INFO  server.RaftServerConfigKeys (ConfUtils.java:logGet(43)) - raft.server.write.element-limit = 4096 (default)
2019-10-02 21:36:58,306 [d71813ab-2f0e-4e31-8f82-cd75b730b7d9@group-D00564C10F22-LeaderElection64] INFO  server.RaftServerConfigKeys (ConfUtils.java:logGet(43)) - raft.server.watch.timeout = 10s (default)
2019-10-02 21:36:58,306 [d71813ab-2f0e-4e31-8f82-cd75b730b7d9@group-D00564C10F22-LeaderElection64] INFO  server.RaftServerConfigKeys (ConfUtils.java:logGet(43)) - raft.server.watch.timeout.denomination = 1s (default)
2019-10-02 21:36:58,306 [d71813ab-2f0e-4e31-8f82-cd75b730b7d9@group-D00564C10F22-LeaderElection64] INFO  server.RaftServerConfigKeys (ConfUtils.java:logGet(43)) - raft.server.watch.element-limit = 65536 (default)
2019-10-02 21:36:58,307 [f2d7c526-219d-40fa-820e-93dba8d29c66@group-3CB3B4DD07F2-LeaderElection65] INFO  impl.LeaderElection (LeaderElection.java:askForVotes(178)) - f2d7c526-219d-40fa-820e-93dba8d29c66@group-3CB3B4DD07F2-LeaderElection65: begin an election at term 1 for -1: [f2d7c526-219d-40fa-820e-93dba8d29c66:192.168.151.122:41937], old=null
2019-10-02 21:36:58,310 [f2d7c526-219d-40fa-820e-93dba8d29c66@group-3CB3B4DD07F2-LeaderElection65] INFO  impl.RoleInfo (RoleInfo.java:shutdownLeaderElection(134)) - f2d7c526-219d-40fa-820e-93dba8d29c66: shutdown LeaderElection
2019-10-02 21:36:58,310 [f2d7c526-219d-40fa-820e-93dba8d29c66@group-3CB3B4DD07F2-LeaderElection65] INFO  impl.RaftServerImpl (RaftServerImpl.java:setRole(170)) - f2d7c526-219d-40fa-820e-93dba8d29c66@group-3CB3B4DD07F2: changes role from CANDIDATE to LEADER at term 1 for changeToLeader
2019-10-02 21:36:58,311 [f2d7c526-219d-40fa-820e-93dba8d29c66@group-3CB3B4DD07F2-LeaderElection65] INFO  impl.RaftServerImpl (ServerState.java:setLeader(255)) - f2d7c526-219d-40fa-820e-93dba8d29c66@group-3CB3B4DD07F2: change Leader from null to f2d7c526-219d-40fa-820e-93dba8d29c66 at term 1 for becomeLeader, leader elected after 5126ms
2019-10-02 21:36:58,311 [f2d7c526-219d-40fa-820e-93dba8d29c66@group-3CB3B4DD07F2-LeaderElection65] INFO  server.RaftServerConfigKeys (ConfUtils.java:logGet(43)) - raft.server.staging.catchup.gap = 1000 (default)
2019-10-02 21:36:58,311 [f2d7c526-219d-40fa-820e-93dba8d29c66@group-3CB3B4DD07F2-LeaderElection65] INFO  server.RaftServerConfigKeys (ConfUtils.java:logGet(43)) - raft.server.rpc.sleep.time = 25ms (default)
2019-10-02 21:36:58,311 [f2d7c526-219d-40fa-820e-93dba8d29c66@group-3CB3B4DD07F2-LeaderElection65] INFO  server.RaftServerConfigKeys (ConfUtils.java:logGet(43)) - raft.server.write.element-limit = 4096 (default)
2019-10-02 21:36:58,311 [f2d7c526-219d-40fa-820e-93dba8d29c66@group-3CB3B4DD07F2-LeaderElection65] INFO  server.RaftServerConfigKeys (ConfUtils.java:logGet(43)) - raft.server.watch.timeout = 10s (default)
2019-10-02 21:36:58,312 [d71813ab-2f0e-4e31-8f82-cd75b730b7d9@group-D00564C10F22-LeaderElection64] INFO  server.RaftServerConfigKeys (ConfUtils.java:logGet(43)) - raft.server.log.appender.snapshot.chunk.size.max = 16MB (=16777216) (default)
2019-10-02 21:36:58,312 [f2d7c526-219d-40fa-820e-93dba8d29c66@group-3CB3B4DD07F2-LeaderElection65] INFO  server.RaftServerConfigKeys (ConfUtils.java:logGet(43)) - raft.server.watch.timeout.denomination = 1s (default)
2019-10-02 21:36:58,312 [d71813ab-2f0e-4e31-8f82-cd75b730b7d9@group-D00564C10F22-LeaderElection64] INFO  server.RaftServerConfigKeys (ConfUtils.java:logGet(43)) - raft.server.log.appender.buffer.byte-limit = 33554432 (custom)
2019-10-02 21:36:58,312 [f2d7c526-219d-40fa-820e-93dba8d29c66@group-3CB3B4DD07F2-LeaderElection65] INFO  server.RaftServerConfigKeys (ConfUtils.java:logGet(43)) - raft.server.watch.element-limit = 65536 (default)
2019-10-02 21:36:58,312 [d71813ab-2f0e-4e31-8f82-cd75b730b7d9@group-D00564C10F22-LeaderElection64] INFO  server.RaftServerConfigKeys (ConfUtils.java:logGet(43)) - raft.server.log.appender.buffer.element-limit = 1 (custom)
2019-10-02 21:36:58,313 [d71813ab-2f0e-4e31-8f82-cd75b730b7d9@group-D00564C10F22-LeaderElection64] INFO  grpc.GrpcConfigKeys$Server (ConfUtils.java:logGet(43)) - raft.grpc.server.leader.outstanding.appends.max = 128 (default)
2019-10-02 21:36:58,313 [d71813ab-2f0e-4e31-8f82-cd75b730b7d9@group-D00564C10F22-LeaderElection64] INFO  server.RaftServerConfigKeys (ConfUtils.java:logGet(43)) - raft.server.rpc.request.timeout = 3000ms (default)
2019-10-02 21:36:58,314 [d71813ab-2f0e-4e31-8f82-cd75b730b7d9@group-D00564C10F22-LeaderElection64] INFO  server.RaftServerConfigKeys (ConfUtils.java:logGet(43)) - raft.server.log.appender.install.snapshot.enabled = false (custom)
2019-10-02 21:36:58,314 [d71813ab-2f0e-4e31-8f82-cd75b730b7d9@group-D00564C10F22-LeaderElection64] INFO  server.RaftServerConfigKeys (ConfUtils.java:logGet(43)) - raft.server.log.appender.snapshot.chunk.size.max = 16MB (=16777216) (default)
2019-10-02 21:36:58,314 [d71813ab-2f0e-4e31-8f82-cd75b730b7d9@group-D00564C10F22-LeaderElection64] INFO  server.RaftServerConfigKeys (ConfUtils.java:logGet(43)) - raft.server.log.appender.buffer.byte-limit = 33554432 (custom)
2019-10-02 21:36:58,315 [d71813ab-2f0e-4e31-8f82-cd75b730b7d9@group-D00564C10F22-LeaderElection64] INFO  server.RaftServerConfigKeys (ConfUtils.java:logGet(43)) - raft.server.log.appender.buffer.element-limit = 1 (custom)
2019-10-02 21:36:58,315 [f2d7c526-219d-40fa-820e-93dba8d29c66@group-3CB3B4DD07F2-LeaderElection65] INFO  impl.RoleInfo (RoleInfo.java:updateAndGet(143)) - f2d7c526-219d-40fa-820e-93dba8d29c66: start LeaderState
2019-10-02 21:36:58,315 [d71813ab-2f0e-4e31-8f82-cd75b730b7d9@group-D00564C10F22-LeaderElection64] INFO  grpc.GrpcConfigKeys$Server (ConfUtils.java:logGet(43)) - raft.grpc.server.leader.outstanding.appends.max = 128 (default)
2019-10-02 21:36:58,315 [f2d7c526-219d-40fa-820e-93dba8d29c66@group-3CB3B4DD07F2-LeaderElection65] INFO  segmented.SegmentedRaftLogWorker (SegmentedRaftLogWorker.java:startLogSegment(385)) - f2d7c526-219d-40fa-820e-93dba8d29c66@group-3CB3B4DD07F2-SegmentedRaftLogWorker: Starting segment from index:0
2019-10-02 21:36:58,315 [d71813ab-2f0e-4e31-8f82-cd75b730b7d9@group-D00564C10F22-LeaderElection64] INFO  server.RaftServerConfigKeys (ConfUtils.java:logGet(43)) - raft.server.rpc.request.timeout = 3000ms (default)
2019-10-02 21:36:58,316 [d71813ab-2f0e-4e31-8f82-cd75b730b7d9@group-D00564C10F22-LeaderElection64] INFO  server.RaftServerConfigKeys (ConfUtils.java:logGet(43)) - raft.server.log.appender.install.snapshot.enabled = false (custom)
2019-10-02 21:36:58,316 [f2d7c526-219d-40fa-820e-93dba8d29c66@group-3CB3B4DD07F2-LeaderElection65] INFO  impl.RaftServerImpl (ServerState.java:setRaftConf(356)) - f2d7c526-219d-40fa-820e-93dba8d29c66@group-3CB3B4DD07F2: set configuration 0: [f2d7c526-219d-40fa-820e-93dba8d29c66:192.168.151.122:41937], old=null at 0
2019-10-02 21:36:58,316 [d71813ab-2f0e-4e31-8f82-cd75b730b7d9@group-D00564C10F22-LeaderElection64] INFO  impl.RoleInfo (RoleInfo.java:updateAndGet(143)) - d71813ab-2f0e-4e31-8f82-cd75b730b7d9: start LeaderState
2019-10-02 21:36:58,316 [d71813ab-2f0e-4e31-8f82-cd75b730b7d9@group-D00564C10F22-LeaderElection64] INFO  segmented.SegmentedRaftLogWorker (SegmentedRaftLogWorker.java:startLogSegment(385)) - d71813ab-2f0e-4e31-8f82-cd75b730b7d9@group-D00564C10F22-SegmentedRaftLogWorker: Starting segment from index:0
2019-10-02 21:36:58,317 [d71813ab-2f0e-4e31-8f82-cd75b730b7d9@group-D00564C10F22-LeaderElection64] INFO  impl.RaftServerImpl (ServerState.java:setRaftConf(356)) - d71813ab-2f0e-4e31-8f82-cd75b730b7d9@group-D00564C10F22: set configuration 0: [d71813ab-2f0e-4e31-8f82-cd75b730b7d9:192.168.151.122:38776, f2d7c526-219d-40fa-820e-93dba8d29c66:192.168.151.122:41937, 6fd077a9-6924-41f2-a83b-f0d566d92e38:192.168.151.122:44719], old=null at 0
2019-10-02 21:36:58,319 [grpc-default-executor-6] INFO  impl.RaftServerImpl (ServerState.java:setLeader(255)) - f2d7c526-219d-40fa-820e-93dba8d29c66@group-D00564C10F22: change Leader from null to d71813ab-2f0e-4e31-8f82-cd75b730b7d9 at term 1 for appendEntries, leader elected after 5090ms
2019-10-02 21:36:58,319 [grpc-default-executor-1] INFO  impl.RaftServerImpl (ServerState.java:setLeader(255)) - 6fd077a9-6924-41f2-a83b-f0d566d92e38@group-D00564C10F22: change Leader from null to d71813ab-2f0e-4e31-8f82-cd75b730b7d9 at term 1 for appendEntries, leader elected after 5090ms
2019-10-02 21:36:58,362 [grpc-default-executor-6] INFO  impl.RaftServerImpl (ServerState.java:setRaftConf(356)) - 6fd077a9-6924-41f2-a83b-f0d566d92e38@group-D00564C10F22: set configuration 0: [d71813ab-2f0e-4e31-8f82-cd75b730b7d9:192.168.151.122:38776, f2d7c526-219d-40fa-820e-93dba8d29c66:192.168.151.122:41937, 6fd077a9-6924-41f2-a83b-f0d566d92e38:192.168.151.122:44719], old=null at 0
2019-10-02 21:36:58,362 [grpc-default-executor-1] INFO  impl.RaftServerImpl (ServerState.java:setRaftConf(356)) - f2d7c526-219d-40fa-820e-93dba8d29c66@group-D00564C10F22: set configuration 0: [d71813ab-2f0e-4e31-8f82-cd75b730b7d9:192.168.151.122:38776, f2d7c526-219d-40fa-820e-93dba8d29c66:192.168.151.122:41937, 6fd077a9-6924-41f2-a83b-f0d566d92e38:192.168.151.122:44719], old=null at 0
2019-10-02 21:36:58,363 [grpc-default-executor-6] INFO  segmented.SegmentedRaftLogWorker (SegmentedRaftLogWorker.java:startLogSegment(385)) - 6fd077a9-6924-41f2-a83b-f0d566d92e38@group-D00564C10F22-SegmentedRaftLogWorker: Starting segment from index:0
2019-10-02 21:36:58,363 [grpc-default-executor-1] INFO  segmented.SegmentedRaftLogWorker (SegmentedRaftLogWorker.java:startLogSegment(385)) - f2d7c526-219d-40fa-820e-93dba8d29c66@group-D00564C10F22-SegmentedRaftLogWorker: Starting segment from index:0
2019-10-02 21:36:58,369 [d71813ab-2f0e-4e31-8f82-cd75b730b7d9@group-D00564C10F22-SegmentedRaftLogWorker] INFO  segmented.SegmentedRaftLogWorker (SegmentedRaftLogWorker.java:execute(574)) - d71813ab-2f0e-4e31-8f82-cd75b730b7d9@group-D00564C10F22-SegmentedRaftLogWorker: created new log segment /workdir/hadoop-ozone/integration-test/target/test-dir/MiniOzoneClusterImpl-573e4976-09fd-4d64-ae71-6260f4b2230a/datanode-1/data/ratis/26024e19-e370-44fa-8d5d-d00564c10f22/current/log_inprogress_0
2019-10-02 21:36:58,369 [f2d7c526-219d-40fa-820e-93dba8d29c66@group-3CB3B4DD07F2-SegmentedRaftLogWorker] INFO  segmented.SegmentedRaftLogWorker (SegmentedRaftLogWorker.java:execute(574)) - f2d7c526-219d-40fa-820e-93dba8d29c66@group-3CB3B4DD07F2-SegmentedRaftLogWorker: created new log segment /workdir/hadoop-ozone/integration-test/target/test-dir/MiniOzoneClusterImpl-573e4976-09fd-4d64-ae71-6260f4b2230a/datanode-2/data/ratis/249e7dc6-b250-4d17-8421-3cb3b4dd07f2/current/log_inprogress_0
2019-10-02 21:36:58,406 [6fd077a9-6924-41f2-a83b-f0d566d92e38@group-D00564C10F22-SegmentedRaftLogWorker] INFO  segmented.SegmentedRaftLogWorker (SegmentedRaftLogWorker.java:execute(574)) - 6fd077a9-6924-41f2-a83b-f0d566d92e38@group-D00564C10F22-SegmentedRaftLogWorker: created new log segment /workdir/hadoop-ozone/integration-test/target/test-dir/MiniOzoneClusterImpl-573e4976-09fd-4d64-ae71-6260f4b2230a/datanode-0/data/ratis/26024e19-e370-44fa-8d5d-d00564c10f22/current/log_inprogress_0
2019-10-02 21:36:58,406 [f2d7c526-219d-40fa-820e-93dba8d29c66@group-D00564C10F22-SegmentedRaftLogWorker] INFO  segmented.SegmentedRaftLogWorker (SegmentedRaftLogWorker.java:execute(574)) - f2d7c526-219d-40fa-820e-93dba8d29c66@group-D00564C10F22-SegmentedRaftLogWorker: created new log segment /workdir/hadoop-ozone/integration-test/target/test-dir/MiniOzoneClusterImpl-573e4976-09fd-4d64-ae71-6260f4b2230a/datanode-2/data/ratis/26024e19-e370-44fa-8d5d-d00564c10f22/current/log_inprogress_0
2019-10-02 21:36:58,438 [Thread-2384] INFO  impl.FollowerState (FollowerState.java:run(108)) - 3cadedad-da2e-4b21-bf4e-bd5ba3341f2d@group-9E96B5782B15-FollowerState: change to CANDIDATE, lastRpcTime:5085ms, electionTimeout:5085ms
2019-10-02 21:36:58,438 [Thread-2384] INFO  impl.RoleInfo (RoleInfo.java:shutdownFollowerState(121)) - 3cadedad-da2e-4b21-bf4e-bd5ba3341f2d: shutdown FollowerState
2019-10-02 21:36:58,438 [Thread-2384] INFO  impl.RaftServerImpl (RaftServerImpl.java:setRole(170)) - 3cadedad-da2e-4b21-bf4e-bd5ba3341f2d@group-9E96B5782B15: changes role from  FOLLOWER to CANDIDATE at term 0 for changeToCandidate
2019-10-02 21:36:58,438 [Thread-2384] INFO  impl.RoleInfo (RoleInfo.java:updateAndGet(143)) - 3cadedad-da2e-4b21-bf4e-bd5ba3341f2d: start LeaderElection
2019-10-02 21:36:58,458 [3cadedad-da2e-4b21-bf4e-bd5ba3341f2d@group-9E96B5782B15-LeaderElection66] INFO  impl.LeaderElection (LeaderElection.java:askForVotes(178)) - 3cadedad-da2e-4b21-bf4e-bd5ba3341f2d@group-9E96B5782B15-LeaderElection66: begin an election at term 1 for -1: [3cadedad-da2e-4b21-bf4e-bd5ba3341f2d:192.168.151.122:42094], old=null
2019-10-02 21:36:58,458 [3cadedad-da2e-4b21-bf4e-bd5ba3341f2d@group-9E96B5782B15-LeaderElection66] INFO  impl.RoleInfo (RoleInfo.java:shutdownLeaderElection(134)) - 3cadedad-da2e-4b21-bf4e-bd5ba3341f2d: shutdown LeaderElection
2019-10-02 21:36:58,458 [3cadedad-da2e-4b21-bf4e-bd5ba3341f2d@group-9E96B5782B15-LeaderElection66] INFO  impl.RaftServerImpl (RaftServerImpl.java:setRole(170)) - 3cadedad-da2e-4b21-bf4e-bd5ba3341f2d@group-9E96B5782B15: changes role from CANDIDATE to LEADER at term 1 for changeToLeader
2019-10-02 21:36:58,458 [3cadedad-da2e-4b21-bf4e-bd5ba3341f2d@group-9E96B5782B15-LeaderElection66] INFO  impl.RaftServerImpl (ServerState.java:setLeader(255)) - 3cadedad-da2e-4b21-bf4e-bd5ba3341f2d@group-9E96B5782B15: change Leader from null to 3cadedad-da2e-4b21-bf4e-bd5ba3341f2d at term 1 for becomeLeader, leader elected after 5112ms
2019-10-02 21:36:58,458 [3cadedad-da2e-4b21-bf4e-bd5ba3341f2d@group-9E96B5782B15-LeaderElection66] INFO  server.RaftServerConfigKeys (ConfUtils.java:logGet(43)) - raft.server.staging.catchup.gap = 1000 (default)
2019-10-02 21:36:58,458 [3cadedad-da2e-4b21-bf4e-bd5ba3341f2d@group-9E96B5782B15-LeaderElection66] INFO  server.RaftServerConfigKeys (ConfUtils.java:logGet(43)) - raft.server.rpc.sleep.time = 25ms (default)
2019-10-02 21:36:58,459 [3cadedad-da2e-4b21-bf4e-bd5ba3341f2d@group-9E96B5782B15-LeaderElection66] INFO  server.RaftServerConfigKeys (ConfUtils.java:logGet(43)) - raft.server.write.element-limit = 4096 (default)
2019-10-02 21:36:58,459 [3cadedad-da2e-4b21-bf4e-bd5ba3341f2d@group-9E96B5782B15-LeaderElection66] INFO  server.RaftServerConfigKeys (ConfUtils.java:logGet(43)) - raft.server.watch.timeout = 10s (default)
2019-10-02 21:36:58,459 [3cadedad-da2e-4b21-bf4e-bd5ba3341f2d@group-9E96B5782B15-LeaderElection66] INFO  server.RaftServerConfigKeys (ConfUtils.java:logGet(43)) - raft.server.watch.timeout.denomination = 1s (default)
2019-10-02 21:36:58,459 [3cadedad-da2e-4b21-bf4e-bd5ba3341f2d@group-9E96B5782B15-LeaderElection66] INFO  server.RaftServerConfigKeys (ConfUtils.java:logGet(43)) - raft.server.watch.element-limit = 65536 (default)
2019-10-02 21:36:58,460 [3cadedad-da2e-4b21-bf4e-bd5ba3341f2d@group-9E96B5782B15-LeaderElection66] INFO  impl.RoleInfo (RoleInfo.java:updateAndGet(143)) - 3cadedad-da2e-4b21-bf4e-bd5ba3341f2d: start LeaderState
2019-10-02 21:36:58,461 [3cadedad-da2e-4b21-bf4e-bd5ba3341f2d@group-9E96B5782B15-LeaderElection66] INFO  segmented.SegmentedRaftLogWorker (SegmentedRaftLogWorker.java:startLogSegment(385)) - 3cadedad-da2e-4b21-bf4e-bd5ba3341f2d@group-9E96B5782B15-SegmentedRaftLogWorker: Starting segment from index:0
2019-10-02 21:36:58,461 [3cadedad-da2e-4b21-bf4e-bd5ba3341f2d@group-9E96B5782B15-LeaderElection66] INFO  impl.RaftServerImpl (ServerState.java:setRaftConf(356)) - 3cadedad-da2e-4b21-bf4e-bd5ba3341f2d@group-9E96B5782B15: set configuration 0: [3cadedad-da2e-4b21-bf4e-bd5ba3341f2d:192.168.151.122:42094], old=null at 0
2019-10-02 21:36:58,481 [Thread-2392] INFO  impl.FollowerState (FollowerState.java:run(108)) - ef6367c2-484c-44a1-b67f-85ba30b24d71@group-82CE644D913E-FollowerState: change to CANDIDATE, lastRpcTime:5015ms, electionTimeout:5015ms
2019-10-02 21:36:58,481 [Thread-2392] INFO  impl.RoleInfo (RoleInfo.java:shutdownFollowerState(121)) - ef6367c2-484c-44a1-b67f-85ba30b24d71: shutdown FollowerState
2019-10-02 21:36:58,481 [Thread-2392] INFO  impl.RaftServerImpl (RaftServerImpl.java:setRole(170)) - ef6367c2-484c-44a1-b67f-85ba30b24d71@group-82CE644D913E: changes role from  FOLLOWER to CANDIDATE at term 0 for changeToCandidate
2019-10-02 21:36:58,481 [Thread-2392] INFO  impl.RoleInfo (RoleInfo.java:updateAndGet(143)) - ef6367c2-484c-44a1-b67f-85ba30b24d71: start LeaderElection
2019-10-02 21:36:58,509 [3cadedad-da2e-4b21-bf4e-bd5ba3341f2d@group-9E96B5782B15-SegmentedRaftLogWorker] INFO  segmented.SegmentedRaftLogWorker (SegmentedRaftLogWorker.java:execute(574)) - 3cadedad-da2e-4b21-bf4e-bd5ba3341f2d@group-9E96B5782B15-SegmentedRaftLogWorker: created new log segment /workdir/hadoop-ozone/integration-test/target/test-dir/MiniOzoneClusterImpl-573e4976-09fd-4d64-ae71-6260f4b2230a/datanode-4/data/ratis/237be067-8009-45a5-aa9a-9e96b5782b15/current/log_inprogress_0
2019-10-02 21:36:58,509 [ef6367c2-484c-44a1-b67f-85ba30b24d71@group-82CE644D913E-LeaderElection67] INFO  impl.LeaderElection (LeaderElection.java:askForVotes(178)) - ef6367c2-484c-44a1-b67f-85ba30b24d71@group-82CE644D913E-LeaderElection67: begin an election at term 1 for -1: [ef6367c2-484c-44a1-b67f-85ba30b24d71:192.168.151.122:40923], old=null
2019-10-02 21:36:58,509 [ef6367c2-484c-44a1-b67f-85ba30b24d71@group-82CE644D913E-LeaderElection67] INFO  impl.RoleInfo (RoleInfo.java:shutdownLeaderElection(134)) - ef6367c2-484c-44a1-b67f-85ba30b24d71: shutdown LeaderElection
2019-10-02 21:36:58,509 [ef6367c2-484c-44a1-b67f-85ba30b24d71@group-82CE644D913E-LeaderElection67] INFO  impl.RaftServerImpl (RaftServerImpl.java:setRole(170)) - ef6367c2-484c-44a1-b67f-85ba30b24d71@group-82CE644D913E: changes role from CANDIDATE to LEADER at term 1 for changeToLeader
2019-10-02 21:36:58,509 [ef6367c2-484c-44a1-b67f-85ba30b24d71@group-82CE644D913E-LeaderElection67] INFO  impl.RaftServerImpl (ServerState.java:setLeader(255)) - ef6367c2-484c-44a1-b67f-85ba30b24d71@group-82CE644D913E: change Leader from null to ef6367c2-484c-44a1-b67f-85ba30b24d71 at term 1 for becomeLeader, leader elected after 5068ms
2019-10-02 21:36:58,510 [ef6367c2-484c-44a1-b67f-85ba30b24d71@group-82CE644D913E-LeaderElection67] INFO  server.RaftServerConfigKeys (ConfUtils.java:logGet(43)) - raft.server.staging.catchup.gap = 1000 (default)
2019-10-02 21:36:58,510 [ef6367c2-484c-44a1-b67f-85ba30b24d71@group-82CE644D913E-LeaderElection67] INFO  server.RaftServerConfigKeys (ConfUtils.java:logGet(43)) - raft.server.rpc.sleep.time = 25ms (default)
2019-10-02 21:36:58,510 [ef6367c2-484c-44a1-b67f-85ba30b24d71@group-82CE644D913E-LeaderElection67] INFO  server.RaftServerConfigKeys (ConfUtils.java:logGet(43)) - raft.server.write.element-limit = 4096 (default)
2019-10-02 21:36:58,510 [ef6367c2-484c-44a1-b67f-85ba30b24d71@group-82CE644D913E-LeaderElection67] INFO  server.RaftServerConfigKeys (ConfUtils.java:logGet(43)) - raft.server.watch.timeout = 10s (default)
2019-10-02 21:36:58,510 [ef6367c2-484c-44a1-b67f-85ba30b24d71@group-82CE644D913E-LeaderElection67] INFO  server.RaftServerConfigKeys (ConfUtils.java:logGet(43)) - raft.server.watch.timeout.denomination = 1s (default)
2019-10-02 21:36:58,510 [ef6367c2-484c-44a1-b67f-85ba30b24d71@group-82CE644D913E-LeaderElection67] INFO  server.RaftServerConfigKeys (ConfUtils.java:logGet(43)) - raft.server.watch.element-limit = 65536 (default)
2019-10-02 21:36:58,512 [ef6367c2-484c-44a1-b67f-85ba30b24d71@group-82CE644D913E-LeaderElection67] INFO  impl.RoleInfo (RoleInfo.java:updateAndGet(143)) - ef6367c2-484c-44a1-b67f-85ba30b24d71: start LeaderState
2019-10-02 21:36:58,512 [ef6367c2-484c-44a1-b67f-85ba30b24d71@group-82CE644D913E-LeaderElection67] INFO  segmented.SegmentedRaftLogWorker (SegmentedRaftLogWorker.java:startLogSegment(385)) - ef6367c2-484c-44a1-b67f-85ba30b24d71@group-82CE644D913E-SegmentedRaftLogWorker: Starting segment from index:0
2019-10-02 21:36:58,513 [ef6367c2-484c-44a1-b67f-85ba30b24d71@group-82CE644D913E-LeaderElection67] INFO  impl.RaftServerImpl (ServerState.java:setRaftConf(356)) - ef6367c2-484c-44a1-b67f-85ba30b24d71@group-82CE644D913E: set configuration 0: [ef6367c2-484c-44a1-b67f-85ba30b24d71:192.168.151.122:40923], old=null at 0
2019-10-02 21:36:58,525 [Thread-2387] INFO  impl.FollowerState (FollowerState.java:run(108)) - 361044e5-82bf-42c5-923f-1eaa64ca5e87@group-EC418672BC55-FollowerState: change to CANDIDATE, lastRpcTime:5128ms, electionTimeout:5128ms
2019-10-02 21:36:58,526 [Thread-2387] INFO  impl.RoleInfo (RoleInfo.java:shutdownFollowerState(121)) - 361044e5-82bf-42c5-923f-1eaa64ca5e87: shutdown FollowerState
2019-10-02 21:36:58,526 [Thread-2387] INFO  impl.RaftServerImpl (RaftServerImpl.java:setRole(170)) - 361044e5-82bf-42c5-923f-1eaa64ca5e87@group-EC418672BC55: changes role from  FOLLOWER to CANDIDATE at term 0 for changeToCandidate
2019-10-02 21:36:58,526 [Thread-2387] INFO  impl.RoleInfo (RoleInfo.java:updateAndGet(143)) - 361044e5-82bf-42c5-923f-1eaa64ca5e87: start LeaderElection
2019-10-02 21:36:58,559 [ef6367c2-484c-44a1-b67f-85ba30b24d71@group-82CE644D913E-SegmentedRaftLogWorker] INFO  segmented.SegmentedRaftLogWorker (SegmentedRaftLogWorker.java:execute(574)) - ef6367c2-484c-44a1-b67f-85ba30b24d71@group-82CE644D913E-SegmentedRaftLogWorker: created new log segment /workdir/hadoop-ozone/integration-test/target/test-dir/MiniOzoneClusterImpl-573e4976-09fd-4d64-ae71-6260f4b2230a/datanode-5/data/ratis/7172112f-282d-45cc-92ab-82ce644d913e/current/log_inprogress_0
2019-10-02 21:36:58,559 [361044e5-82bf-42c5-923f-1eaa64ca5e87@group-EC418672BC55-LeaderElection68] INFO  impl.LeaderElection (LeaderElection.java:askForVotes(178)) - 361044e5-82bf-42c5-923f-1eaa64ca5e87@group-EC418672BC55-LeaderElection68: begin an election at term 1 for -1: [361044e5-82bf-42c5-923f-1eaa64ca5e87:192.168.151.122:38517], old=null
2019-10-02 21:36:58,559 [361044e5-82bf-42c5-923f-1eaa64ca5e87@group-EC418672BC55-LeaderElection68] INFO  impl.RoleInfo (RoleInfo.java:shutdownLeaderElection(134)) - 361044e5-82bf-42c5-923f-1eaa64ca5e87: shutdown LeaderElection
2019-10-02 21:36:58,560 [361044e5-82bf-42c5-923f-1eaa64ca5e87@group-EC418672BC55-LeaderElection68] INFO  impl.RaftServerImpl (RaftServerImpl.java:setRole(170)) - 361044e5-82bf-42c5-923f-1eaa64ca5e87@group-EC418672BC55: changes role from CANDIDATE to LEADER at term 1 for changeToLeader
2019-10-02 21:36:58,560 [361044e5-82bf-42c5-923f-1eaa64ca5e87@group-EC418672BC55-LeaderElection68] INFO  impl.RaftServerImpl (ServerState.java:setLeader(255)) - 361044e5-82bf-42c5-923f-1eaa64ca5e87@group-EC418672BC55: change Leader from null to 361044e5-82bf-42c5-923f-1eaa64ca5e87 at term 1 for becomeLeader, leader elected after 5167ms
2019-10-02 21:36:58,560 [361044e5-82bf-42c5-923f-1eaa64ca5e87@group-EC418672BC55-LeaderElection68] INFO  server.RaftServerConfigKeys (ConfUtils.java:logGet(43)) - raft.server.staging.catchup.gap = 1000 (default)
2019-10-02 21:36:58,560 [361044e5-82bf-42c5-923f-1eaa64ca5e87@group-EC418672BC55-LeaderElection68] INFO  server.RaftServerConfigKeys (ConfUtils.java:logGet(43)) - raft.server.rpc.sleep.time = 25ms (default)
2019-10-02 21:36:58,560 [361044e5-82bf-42c5-923f-1eaa64ca5e87@group-EC418672BC55-LeaderElection68] INFO  server.RaftServerConfigKeys (ConfUtils.java:logGet(43)) - raft.server.write.element-limit = 4096 (default)
2019-10-02 21:36:58,560 [361044e5-82bf-42c5-923f-1eaa64ca5e87@group-EC418672BC55-LeaderElection68] INFO  server.RaftServerConfigKeys (ConfUtils.java:logGet(43)) - raft.server.watch.timeout = 10s (default)
2019-10-02 21:36:58,560 [361044e5-82bf-42c5-923f-1eaa64ca5e87@group-EC418672BC55-LeaderElection68] INFO  server.RaftServerConfigKeys (ConfUtils.java:logGet(43)) - raft.server.watch.timeout.denomination = 1s (default)
2019-10-02 21:36:58,561 [361044e5-82bf-42c5-923f-1eaa64ca5e87@group-EC418672BC55-LeaderElection68] INFO  server.RaftServerConfigKeys (ConfUtils.java:logGet(43)) - raft.server.watch.element-limit = 65536 (default)
2019-10-02 21:36:58,562 [361044e5-82bf-42c5-923f-1eaa64ca5e87@group-EC418672BC55-LeaderElection68] INFO  impl.RoleInfo (RoleInfo.java:updateAndGet(143)) - 361044e5-82bf-42c5-923f-1eaa64ca5e87: start LeaderState
2019-10-02 21:36:58,562 [361044e5-82bf-42c5-923f-1eaa64ca5e87@group-EC418672BC55-LeaderElection68] INFO  segmented.SegmentedRaftLogWorker (SegmentedRaftLogWorker.java:startLogSegment(385)) - 361044e5-82bf-42c5-923f-1eaa64ca5e87@group-EC418672BC55-SegmentedRaftLogWorker: Starting segment from index:0
2019-10-02 21:36:58,563 [361044e5-82bf-42c5-923f-1eaa64ca5e87@group-EC418672BC55-LeaderElection68] INFO  impl.RaftServerImpl (ServerState.java:setRaftConf(356)) - 361044e5-82bf-42c5-923f-1eaa64ca5e87@group-EC418672BC55: set configuration 0: [361044e5-82bf-42c5-923f-1eaa64ca5e87:192.168.151.122:38517], old=null at 0
2019-10-02 21:36:58,597 [361044e5-82bf-42c5-923f-1eaa64ca5e87@group-EC418672BC55-SegmentedRaftLogWorker] INFO  segmented.SegmentedRaftLogWorker (SegmentedRaftLogWorker.java:execute(574)) - 361044e5-82bf-42c5-923f-1eaa64ca5e87@group-EC418672BC55-SegmentedRaftLogWorker: created new log segment /workdir/hadoop-ozone/integration-test/target/test-dir/MiniOzoneClusterImpl-573e4976-09fd-4d64-ae71-6260f4b2230a/datanode-3/data/ratis/1ae91c78-2ad5-4af9-b843-ec418672bc55/current/log_inprogress_0
2019-10-02 21:36:58,609 [Thread-2395] INFO  impl.FollowerState (FollowerState.java:run(108)) - 71c6fb51-40e8-4aad-bc66-a2a965effbf5@group-86B613F9DC5D-FollowerState: change to CANDIDATE, lastRpcTime:5085ms, electionTimeout:5085ms
2019-10-02 21:36:58,609 [Thread-2395] INFO  impl.RoleInfo (RoleInfo.java:shutdownFollowerState(121)) - 71c6fb51-40e8-4aad-bc66-a2a965effbf5: shutdown FollowerState
2019-10-02 21:36:58,609 [Thread-2395] INFO  impl.RaftServerImpl (RaftServerImpl.java:setRole(170)) - 71c6fb51-40e8-4aad-bc66-a2a965effbf5@group-86B613F9DC5D: changes role from  FOLLOWER to CANDIDATE at term 0 for changeToCandidate
2019-10-02 21:36:58,609 [Thread-2395] INFO  impl.RoleInfo (RoleInfo.java:updateAndGet(143)) - 71c6fb51-40e8-4aad-bc66-a2a965effbf5: start LeaderElection
2019-10-02 21:36:58,631 [71c6fb51-40e8-4aad-bc66-a2a965effbf5@group-86B613F9DC5D-LeaderElection69] INFO  impl.LeaderElection (LeaderElection.java:askForVotes(178)) - 71c6fb51-40e8-4aad-bc66-a2a965effbf5@group-86B613F9DC5D-LeaderElection69: begin an election at term 1 for -1: [71c6fb51-40e8-4aad-bc66-a2a965effbf5:192.168.151.122:34480], old=null
2019-10-02 21:36:58,631 [71c6fb51-40e8-4aad-bc66-a2a965effbf5@group-86B613F9DC5D-LeaderElection69] INFO  impl.RoleInfo (RoleInfo.java:shutdownLeaderElection(134)) - 71c6fb51-40e8-4aad-bc66-a2a965effbf5: shutdown LeaderElection
2019-10-02 21:36:58,631 [Thread-2401] INFO  impl.FollowerState (FollowerState.java:run(108)) - 3cadedad-da2e-4b21-bf4e-bd5ba3341f2d@group-E0807A4B1CB2-FollowerState: change to CANDIDATE, lastRpcTime:5052ms, electionTimeout:5052ms
2019-10-02 21:36:58,631 [71c6fb51-40e8-4aad-bc66-a2a965effbf5@group-86B613F9DC5D-LeaderElection69] INFO  impl.RaftServerImpl (RaftServerImpl.java:setRole(170)) - 71c6fb51-40e8-4aad-bc66-a2a965effbf5@group-86B613F9DC5D: changes role from CANDIDATE to LEADER at term 1 for changeToLeader
2019-10-02 21:36:58,631 [Thread-2401] INFO  impl.RoleInfo (RoleInfo.java:shutdownFollowerState(121)) - 3cadedad-da2e-4b21-bf4e-bd5ba3341f2d: shutdown FollowerState
2019-10-02 21:36:58,631 [71c6fb51-40e8-4aad-bc66-a2a965effbf5@group-86B613F9DC5D-LeaderElection69] INFO  impl.RaftServerImpl (ServerState.java:setLeader(255)) - 71c6fb51-40e8-4aad-bc66-a2a965effbf5@group-86B613F9DC5D: change Leader from null to 71c6fb51-40e8-4aad-bc66-a2a965effbf5 at term 1 for becomeLeader, leader elected after 5114ms
2019-10-02 21:36:58,631 [Thread-2401] INFO  impl.RaftServerImpl (RaftServerImpl.java:setRole(170)) - 3cadedad-da2e-4b21-bf4e-bd5ba3341f2d@group-E0807A4B1CB2: changes role from  FOLLOWER to CANDIDATE at term 0 for changeToCandidate
2019-10-02 21:36:58,631 [71c6fb51-40e8-4aad-bc66-a2a965effbf5@group-86B613F9DC5D-LeaderElection69] INFO  server.RaftServerConfigKeys (ConfUtils.java:logGet(43)) - raft.server.staging.catchup.gap = 1000 (default)
2019-10-02 21:36:58,632 [Thread-2401] INFO  impl.RoleInfo (RoleInfo.java:updateAndGet(143)) - 3cadedad-da2e-4b21-bf4e-bd5ba3341f2d: start LeaderElection
2019-10-02 21:36:58,632 [71c6fb51-40e8-4aad-bc66-a2a965effbf5@group-86B613F9DC5D-LeaderElection69] INFO  server.RaftServerConfigKeys (ConfUtils.java:logGet(43)) - raft.server.rpc.sleep.time = 25ms (default)
2019-10-02 21:36:58,632 [71c6fb51-40e8-4aad-bc66-a2a965effbf5@group-86B613F9DC5D-LeaderElection69] INFO  server.RaftServerConfigKeys (ConfUtils.java:logGet(43)) - raft.server.write.element-limit = 4096 (default)
2019-10-02 21:36:58,635 [71c6fb51-40e8-4aad-bc66-a2a965effbf5@group-86B613F9DC5D-LeaderElection69] INFO  server.RaftServerConfigKeys (ConfUtils.java:logGet(43)) - raft.server.watch.timeout = 10s (default)
2019-10-02 21:36:58,641 [71c6fb51-40e8-4aad-bc66-a2a965effbf5@group-86B613F9DC5D-LeaderElection69] INFO  server.RaftServerConfigKeys (ConfUtils.java:logGet(43)) - raft.server.watch.timeout.denomination = 1s (default)
2019-10-02 21:36:58,641 [71c6fb51-40e8-4aad-bc66-a2a965effbf5@group-86B613F9DC5D-LeaderElection69] INFO  server.RaftServerConfigKeys (ConfUtils.java:logGet(43)) - raft.server.watch.element-limit = 65536 (default)
2019-10-02 21:36:58,643 [71c6fb51-40e8-4aad-bc66-a2a965effbf5@group-86B613F9DC5D-LeaderElection69] INFO  impl.RoleInfo (RoleInfo.java:updateAndGet(143)) - 71c6fb51-40e8-4aad-bc66-a2a965effbf5: start LeaderState
2019-10-02 21:36:58,643 [71c6fb51-40e8-4aad-bc66-a2a965effbf5@group-86B613F9DC5D-LeaderElection69] INFO  segmented.SegmentedRaftLogWorker (SegmentedRaftLogWorker.java:startLogSegment(385)) - 71c6fb51-40e8-4aad-bc66-a2a965effbf5@group-86B613F9DC5D-SegmentedRaftLogWorker: Starting segment from index:0
2019-10-02 21:36:58,644 [71c6fb51-40e8-4aad-bc66-a2a965effbf5@group-86B613F9DC5D-LeaderElection69] INFO  impl.RaftServerImpl (ServerState.java:setRaftConf(356)) - 71c6fb51-40e8-4aad-bc66-a2a965effbf5@group-86B613F9DC5D: set configuration 0: [71c6fb51-40e8-4aad-bc66-a2a965effbf5:192.168.151.122:34480], old=null at 0
2019-10-02 21:36:58,651 [3cadedad-da2e-4b21-bf4e-bd5ba3341f2d@group-E0807A4B1CB2-LeaderElection70] INFO  impl.LeaderElection (LeaderElection.java:askForVotes(178)) - 3cadedad-da2e-4b21-bf4e-bd5ba3341f2d@group-E0807A4B1CB2-LeaderElection70: begin an election at term 1 for -1: [3cadedad-da2e-4b21-bf4e-bd5ba3341f2d:192.168.151.122:42094, 71c6fb51-40e8-4aad-bc66-a2a965effbf5:192.168.151.122:34480, 361044e5-82bf-42c5-923f-1eaa64ca5e87:192.168.151.122:38517], old=null
2019-10-02 21:36:58,687 [grpc-default-executor-6] INFO  impl.RaftServerImpl (RaftServerImpl.java:setRole(170)) - 71c6fb51-40e8-4aad-bc66-a2a965effbf5@group-E0807A4B1CB2: changes role from  FOLLOWER to FOLLOWER at term 1 for recognizeCandidate:3cadedad-da2e-4b21-bf4e-bd5ba3341f2d
2019-10-02 21:36:58,687 [grpc-default-executor-6] INFO  impl.RoleInfo (RoleInfo.java:shutdownFollowerState(121)) - 71c6fb51-40e8-4aad-bc66-a2a965effbf5: shutdown FollowerState
2019-10-02 21:36:58,690 [grpc-default-executor-1] INFO  impl.RaftServerImpl (RaftServerImpl.java:setRole(170)) - 361044e5-82bf-42c5-923f-1eaa64ca5e87@group-E0807A4B1CB2: changes role from  FOLLOWER to FOLLOWER at term 1 for recognizeCandidate:3cadedad-da2e-4b21-bf4e-bd5ba3341f2d
2019-10-02 21:36:58,690 [Thread-2399] INFO  impl.FollowerState (FollowerState.java:run(117)) - 71c6fb51-40e8-4aad-bc66-a2a965effbf5@group-E0807A4B1CB2-FollowerState was interrupted: java.lang.InterruptedException: sleep interrupted
2019-10-02 21:36:58,690 [grpc-default-executor-6] INFO  impl.RoleInfo (RoleInfo.java:updateAndGet(143)) - 71c6fb51-40e8-4aad-bc66-a2a965effbf5: start FollowerState
2019-10-02 21:36:58,690 [grpc-default-executor-1] INFO  impl.RoleInfo (RoleInfo.java:shutdownFollowerState(121)) - 361044e5-82bf-42c5-923f-1eaa64ca5e87: shutdown FollowerState
2019-10-02 21:36:58,694 [71c6fb51-40e8-4aad-bc66-a2a965effbf5@group-86B613F9DC5D-SegmentedRaftLogWorker] INFO  segmented.SegmentedRaftLogWorker (SegmentedRaftLogWorker.java:execute(574)) - 71c6fb51-40e8-4aad-bc66-a2a965effbf5@group-86B613F9DC5D-SegmentedRaftLogWorker: created new log segment /workdir/hadoop-ozone/integration-test/target/test-dir/MiniOzoneClusterImpl-573e4976-09fd-4d64-ae71-6260f4b2230a/datanode-6/data/ratis/99e54f8b-1821-469d-85e0-86b613f9dc5d/current/log_inprogress_0
2019-10-02 21:36:58,694 [grpc-default-executor-1] INFO  impl.RoleInfo (RoleInfo.java:updateAndGet(143)) - 361044e5-82bf-42c5-923f-1eaa64ca5e87: start FollowerState
2019-10-02 21:36:58,694 [Thread-2403] INFO  impl.FollowerState (FollowerState.java:run(117)) - 361044e5-82bf-42c5-923f-1eaa64ca5e87@group-E0807A4B1CB2-FollowerState was interrupted: java.lang.InterruptedException: sleep interrupted
2019-10-02 21:36:58,713 [3cadedad-da2e-4b21-bf4e-bd5ba3341f2d@group-E0807A4B1CB2-LeaderElection70] INFO  impl.LeaderElection (LeaderElection.java:logAndReturn(56)) - 3cadedad-da2e-4b21-bf4e-bd5ba3341f2d@group-E0807A4B1CB2-LeaderElection70: Election PASSED; received 1 response(s) [3cadedad-da2e-4b21-bf4e-bd5ba3341f2d<-71c6fb51-40e8-4aad-bc66-a2a965effbf5#0:OK-t1] and 0 exception(s); 3cadedad-da2e-4b21-bf4e-bd5ba3341f2d@group-E0807A4B1CB2:t1, leader=null, voted=3cadedad-da2e-4b21-bf4e-bd5ba3341f2d, raftlog=3cadedad-da2e-4b21-bf4e-bd5ba3341f2d@group-E0807A4B1CB2-SegmentedRaftLog:OPENED:c-1,f-1,i0, conf=-1: [3cadedad-da2e-4b21-bf4e-bd5ba3341f2d:192.168.151.122:42094, 71c6fb51-40e8-4aad-bc66-a2a965effbf5:192.168.151.122:34480, 361044e5-82bf-42c5-923f-1eaa64ca5e87:192.168.151.122:38517], old=null
2019-10-02 21:36:58,713 [3cadedad-da2e-4b21-bf4e-bd5ba3341f2d@group-E0807A4B1CB2-LeaderElection70] INFO  impl.RoleInfo (RoleInfo.java:shutdownLeaderElection(134)) - 3cadedad-da2e-4b21-bf4e-bd5ba3341f2d: shutdown LeaderElection
2019-10-02 21:36:58,713 [3cadedad-da2e-4b21-bf4e-bd5ba3341f2d@group-E0807A4B1CB2-LeaderElection70] INFO  impl.RaftServerImpl (RaftServerImpl.java:setRole(170)) - 3cadedad-da2e-4b21-bf4e-bd5ba3341f2d@group-E0807A4B1CB2: changes role from CANDIDATE to LEADER at term 1 for changeToLeader
2019-10-02 21:36:58,713 [3cadedad-da2e-4b21-bf4e-bd5ba3341f2d@group-E0807A4B1CB2-LeaderElection70] INFO  impl.RaftServerImpl (ServerState.java:setLeader(255)) - 3cadedad-da2e-4b21-bf4e-bd5ba3341f2d@group-E0807A4B1CB2: change Leader from null to 3cadedad-da2e-4b21-bf4e-bd5ba3341f2d at term 1 for becomeLeader, leader elected after 5145ms
2019-10-02 21:36:58,714 [3cadedad-da2e-4b21-bf4e-bd5ba3341f2d@group-E0807A4B1CB2-LeaderElection70] INFO  server.RaftServerConfigKeys (ConfUtils.java:logGet(43)) - raft.server.staging.catchup.gap = 1000 (default)
2019-10-02 21:36:58,714 [3cadedad-da2e-4b21-bf4e-bd5ba3341f2d@group-E0807A4B1CB2-LeaderElection70] INFO  server.RaftServerConfigKeys (ConfUtils.java:logGet(43)) - raft.server.rpc.sleep.time = 25ms (default)
2019-10-02 21:36:58,714 [3cadedad-da2e-4b21-bf4e-bd5ba3341f2d@group-E0807A4B1CB2-LeaderElection70] INFO  server.RaftServerConfigKeys (ConfUtils.java:logGet(43)) - raft.server.write.element-limit = 4096 (default)
2019-10-02 21:36:58,714 [3cadedad-da2e-4b21-bf4e-bd5ba3341f2d@group-E0807A4B1CB2-LeaderElection70] INFO  server.RaftServerConfigKeys (ConfUtils.java:logGet(43)) - raft.server.watch.timeout = 10s (default)
2019-10-02 21:36:58,715 [3cadedad-da2e-4b21-bf4e-bd5ba3341f2d@group-E0807A4B1CB2-LeaderElection70] INFO  server.RaftServerConfigKeys (ConfUtils.java:logGet(43)) - raft.server.watch.timeout.denomination = 1s (default)
2019-10-02 21:36:58,715 [3cadedad-da2e-4b21-bf4e-bd5ba3341f2d@group-E0807A4B1CB2-LeaderElection70] INFO  server.RaftServerConfigKeys (ConfUtils.java:logGet(43)) - raft.server.watch.element-limit = 65536 (default)
2019-10-02 21:36:58,718 [3cadedad-da2e-4b21-bf4e-bd5ba3341f2d@group-E0807A4B1CB2-LeaderElection70] INFO  server.RaftServerConfigKeys (ConfUtils.java:logGet(43)) - raft.server.log.appender.snapshot.chunk.size.max = 16MB (=16777216) (default)
2019-10-02 21:36:58,718 [3cadedad-da2e-4b21-bf4e-bd5ba3341f2d@group-E0807A4B1CB2-LeaderElection70] INFO  server.RaftServerConfigKeys (ConfUtils.java:logGet(43)) - raft.server.log.appender.buffer.byte-limit = 33554432 (custom)
2019-10-02 21:36:58,718 [3cadedad-da2e-4b21-bf4e-bd5ba3341f2d@group-E0807A4B1CB2-LeaderElection70] INFO  server.RaftServerConfigKeys (ConfUtils.java:logGet(43)) - raft.server.log.appender.buffer.element-limit = 1 (custom)
2019-10-02 21:36:58,719 [3cadedad-da2e-4b21-bf4e-bd5ba3341f2d@group-E0807A4B1CB2-LeaderElection70] INFO  grpc.GrpcConfigKeys$Server (ConfUtils.java:logGet(43)) - raft.grpc.server.leader.outstanding.appends.max = 128 (default)
2019-10-02 21:36:58,719 [3cadedad-da2e-4b21-bf4e-bd5ba3341f2d@group-E0807A4B1CB2-LeaderElection70] INFO  server.RaftServerConfigKeys (ConfUtils.java:logGet(43)) - raft.server.rpc.request.timeout = 3000ms (default)
2019-10-02 21:36:58,719 [3cadedad-da2e-4b21-bf4e-bd5ba3341f2d@group-E0807A4B1CB2-LeaderElection70] INFO  server.RaftServerConfigKeys (ConfUtils.java:logGet(43)) - raft.server.log.appender.install.snapshot.enabled = false (custom)
2019-10-02 21:36:58,719 [3cadedad-da2e-4b21-bf4e-bd5ba3341f2d@group-E0807A4B1CB2-LeaderElection70] INFO  server.RaftServerConfigKeys (ConfUtils.java:logGet(43)) - raft.server.log.appender.snapshot.chunk.size.max = 16MB (=16777216) (default)
2019-10-02 21:36:58,720 [3cadedad-da2e-4b21-bf4e-bd5ba3341f2d@group-E0807A4B1CB2-LeaderElection70] INFO  server.RaftServerConfigKeys (ConfUtils.java:logGet(43)) - raft.server.log.appender.buffer.byte-limit = 33554432 (custom)
2019-10-02 21:36:58,720 [3cadedad-da2e-4b21-bf4e-bd5ba3341f2d@group-E0807A4B1CB2-LeaderElection70] INFO  server.RaftServerConfigKeys (ConfUtils.java:logGet(43)) - raft.server.log.appender.buffer.element-limit = 1 (custom)
2019-10-02 21:36:58,720 [3cadedad-da2e-4b21-bf4e-bd5ba3341f2d@group-E0807A4B1CB2-LeaderElection70] INFO  grpc.GrpcConfigKeys$Server (ConfUtils.java:logGet(43)) - raft.grpc.server.leader.outstanding.appends.max = 128 (default)
2019-10-02 21:36:58,721 [3cadedad-da2e-4b21-bf4e-bd5ba3341f2d@group-E0807A4B1CB2-LeaderElection70] INFO  server.RaftServerConfigKeys (ConfUtils.java:logGet(43)) - raft.server.rpc.request.timeout = 3000ms (default)
2019-10-02 21:36:58,721 [3cadedad-da2e-4b21-bf4e-bd5ba3341f2d@group-E0807A4B1CB2-LeaderElection70] INFO  server.RaftServerConfigKeys (ConfUtils.java:logGet(43)) - raft.server.log.appender.install.snapshot.enabled = false (custom)
2019-10-02 21:36:58,721 [3cadedad-da2e-4b21-bf4e-bd5ba3341f2d@group-E0807A4B1CB2-LeaderElection70] INFO  impl.RoleInfo (RoleInfo.java:updateAndGet(143)) - 3cadedad-da2e-4b21-bf4e-bd5ba3341f2d: start LeaderState
2019-10-02 21:36:58,722 [3cadedad-da2e-4b21-bf4e-bd5ba3341f2d@group-E0807A4B1CB2-LeaderElection70] INFO  segmented.SegmentedRaftLogWorker (SegmentedRaftLogWorker.java:startLogSegment(385)) - 3cadedad-da2e-4b21-bf4e-bd5ba3341f2d@group-E0807A4B1CB2-SegmentedRaftLogWorker: Starting segment from index:0
2019-10-02 21:36:58,722 [3cadedad-da2e-4b21-bf4e-bd5ba3341f2d@group-E0807A4B1CB2-LeaderElection70] INFO  impl.RaftServerImpl (ServerState.java:setRaftConf(356)) - 3cadedad-da2e-4b21-bf4e-bd5ba3341f2d@group-E0807A4B1CB2: set configuration 0: [3cadedad-da2e-4b21-bf4e-bd5ba3341f2d:192.168.151.122:42094, 71c6fb51-40e8-4aad-bc66-a2a965effbf5:192.168.151.122:34480, 361044e5-82bf-42c5-923f-1eaa64ca5e87:192.168.151.122:38517], old=null at 0
2019-10-02 21:36:58,723 [grpc-default-executor-6] INFO  impl.RaftServerImpl (ServerState.java:setLeader(255)) - 71c6fb51-40e8-4aad-bc66-a2a965effbf5@group-E0807A4B1CB2: change Leader from null to 3cadedad-da2e-4b21-bf4e-bd5ba3341f2d at term 1 for appendEntries, leader elected after 5155ms
2019-10-02 21:36:58,761 [grpc-default-executor-1] INFO  impl.RaftServerImpl (ServerState.java:setLeader(255)) - 361044e5-82bf-42c5-923f-1eaa64ca5e87@group-E0807A4B1CB2: change Leader from null to 3cadedad-da2e-4b21-bf4e-bd5ba3341f2d at term 1 for appendEntries, leader elected after 5192ms
2019-10-02 21:36:58,765 [grpc-default-executor-1] INFO  impl.RaftServerImpl (ServerState.java:setRaftConf(356)) - 71c6fb51-40e8-4aad-bc66-a2a965effbf5@group-E0807A4B1CB2: set configuration 0: [3cadedad-da2e-4b21-bf4e-bd5ba3341f2d:192.168.151.122:42094, 71c6fb51-40e8-4aad-bc66-a2a965effbf5:192.168.151.122:34480, 361044e5-82bf-42c5-923f-1eaa64ca5e87:192.168.151.122:38517], old=null at 0
2019-10-02 21:36:58,765 [grpc-default-executor-1] INFO  segmented.SegmentedRaftLogWorker (SegmentedRaftLogWorker.java:startLogSegment(385)) - 71c6fb51-40e8-4aad-bc66-a2a965effbf5@group-E0807A4B1CB2-SegmentedRaftLogWorker: Starting segment from index:0
2019-10-02 21:36:58,766 [grpc-default-executor-6] INFO  impl.RaftServerImpl (ServerState.java:setRaftConf(356)) - 361044e5-82bf-42c5-923f-1eaa64ca5e87@group-E0807A4B1CB2: set configuration 0: [3cadedad-da2e-4b21-bf4e-bd5ba3341f2d:192.168.151.122:42094, 71c6fb51-40e8-4aad-bc66-a2a965effbf5:192.168.151.122:34480, 361044e5-82bf-42c5-923f-1eaa64ca5e87:192.168.151.122:38517], old=null at 0
2019-10-02 21:36:58,766 [grpc-default-executor-6] INFO  segmented.SegmentedRaftLogWorker (SegmentedRaftLogWorker.java:startLogSegment(385)) - 361044e5-82bf-42c5-923f-1eaa64ca5e87@group-E0807A4B1CB2-SegmentedRaftLogWorker: Starting segment from index:0
2019-10-02 21:36:58,771 [3cadedad-da2e-4b21-bf4e-bd5ba3341f2d@group-E0807A4B1CB2-SegmentedRaftLogWorker] INFO  segmented.SegmentedRaftLogWorker (SegmentedRaftLogWorker.java:execute(574)) - 3cadedad-da2e-4b21-bf4e-bd5ba3341f2d@group-E0807A4B1CB2-SegmentedRaftLogWorker: created new log segment /workdir/hadoop-ozone/integration-test/target/test-dir/MiniOzoneClusterImpl-573e4976-09fd-4d64-ae71-6260f4b2230a/datanode-4/data/ratis/fc54886e-2e5a-46ad-9ab2-e0807a4b1cb2/current/log_inprogress_0
2019-10-02 21:36:58,816 [361044e5-82bf-42c5-923f-1eaa64ca5e87@group-E0807A4B1CB2-SegmentedRaftLogWorker] INFO  segmented.SegmentedRaftLogWorker (SegmentedRaftLogWorker.java:execute(574)) - 361044e5-82bf-42c5-923f-1eaa64ca5e87@group-E0807A4B1CB2-SegmentedRaftLogWorker: created new log segment /workdir/hadoop-ozone/integration-test/target/test-dir/MiniOzoneClusterImpl-573e4976-09fd-4d64-ae71-6260f4b2230a/datanode-3/data/ratis/fc54886e-2e5a-46ad-9ab2-e0807a4b1cb2/current/log_inprogress_0
2019-10-02 21:36:58,816 [71c6fb51-40e8-4aad-bc66-a2a965effbf5@group-E0807A4B1CB2-SegmentedRaftLogWorker] INFO  segmented.SegmentedRaftLogWorker (SegmentedRaftLogWorker.java:execute(574)) - 71c6fb51-40e8-4aad-bc66-a2a965effbf5@group-E0807A4B1CB2-SegmentedRaftLogWorker: created new log segment /workdir/hadoop-ozone/integration-test/target/test-dir/MiniOzoneClusterImpl-573e4976-09fd-4d64-ae71-6260f4b2230a/datanode-6/data/ratis/fc54886e-2e5a-46ad-9ab2-e0807a4b1cb2/current/log_inprogress_0
2019-10-02 21:36:59,804 [Datanode State Machine Thread - 0] INFO  statemachine.DatanodeStateMachine (DatanodeStateMachine.java:lambda$startDaemon$0(350)) - Ozone container server started.
2019-10-02 21:37:03,810 [main] INFO  ozoneimpl.OzoneContainer (OzoneContainer.java:stop(231)) - Attempting to stop container services.
2019-10-02 21:37:03,813 [main] INFO  impl.RaftServerProxy (RaftServerProxy.java:lambda$close$4(314)) - 6fd077a9-6924-41f2-a83b-f0d566d92e38: close
2019-10-02 21:37:03,814 [main] INFO  impl.RaftServerImpl (RaftServerImpl.java:lambda$shutdown$3(247)) - 6fd077a9-6924-41f2-a83b-f0d566d92e38@group-D00564C10F22: shutdown
2019-10-02 21:37:03,815 [main] INFO  util.JmxRegister (JmxRegister.java:unregister(73)) - Successfully un-registered JMX Bean with object name Ratis:service=RaftServer,group=group-D00564C10F22,id=6fd077a9-6924-41f2-a83b-f0d566d92e38
2019-10-02 21:37:03,815 [main] INFO  impl.RoleInfo (RoleInfo.java:shutdownFollowerState(121)) - 6fd077a9-6924-41f2-a83b-f0d566d92e38: shutdown FollowerState
2019-10-02 21:37:03,816 [Thread-2426] INFO  impl.FollowerState (FollowerState.java:run(117)) - 6fd077a9-6924-41f2-a83b-f0d566d92e38@group-D00564C10F22-FollowerState was interrupted: java.lang.InterruptedException: sleep interrupted
2019-10-02 21:37:03,816 [main] INFO  impl.StateMachineUpdater (StateMachineUpdater.java:stopAndJoin(136)) - 6fd077a9-6924-41f2-a83b-f0d566d92e38@group-D00564C10F22-StateMachineUpdater: set stopIndex = 2
2019-10-02 21:37:03,820 [6fd077a9-6924-41f2-a83b-f0d566d92e38@group-D00564C10F22-StateMachineUpdater] INFO  ratis.ContainerStateMachine (ContainerStateMachine.java:takeSnapshot(289)) - group-D00564C10F22: Taking a snapshot at:(t:1, i:1) file /workdir/hadoop-ozone/integration-test/target/test-dir/MiniOzoneClusterImpl-573e4976-09fd-4d64-ae71-6260f4b2230a/datanode-0/data/ratis/26024e19-e370-44fa-8d5d-d00564c10f22/sm/snapshot.1_1
2019-10-02 21:37:03,834 [6fd077a9-6924-41f2-a83b-f0d566d92e38@group-D00564C10F22-StateMachineUpdater] INFO  ratis.ContainerStateMachine (ContainerStateMachine.java:takeSnapshot(300)) - group-D00564C10F22: Finished taking a snapshot at:(t:1, i:1) file:/workdir/hadoop-ozone/integration-test/target/test-dir/MiniOzoneClusterImpl-573e4976-09fd-4d64-ae71-6260f4b2230a/datanode-0/data/ratis/26024e19-e370-44fa-8d5d-d00564c10f22/sm/snapshot.1_1 time:18
2019-10-02 21:37:03,835 [6fd077a9-6924-41f2-a83b-f0d566d92e38@group-D00564C10F22-StateMachineUpdater] INFO  impl.StateMachineUpdater (StateMachineUpdater.java:takeSnapshot(269)) - 6fd077a9-6924-41f2-a83b-f0d566d92e38@group-D00564C10F22-StateMachineUpdater: Took a snapshot at index 1
2019-10-02 21:37:03,835 [6fd077a9-6924-41f2-a83b-f0d566d92e38@group-D00564C10F22-StateMachineUpdater] INFO  impl.StateMachineUpdater (StateMachineUpdater.java:lambda$new$0(84)) - 6fd077a9-6924-41f2-a83b-f0d566d92e38@group-D00564C10F22-StateMachineUpdater: snapshotIndex: updateIncreasingly -1 -> 1
2019-10-02 21:37:03,835 [6fd077a9-6924-41f2-a83b-f0d566d92e38@group-D00564C10F22-StateMachineUpdater] INFO  ratis.ContainerStateMachine (ContainerStateMachine.java:takeSnapshot(289)) - group-D00564C10F22: Taking a snapshot at:(t:1, i:1) file /workdir/hadoop-ozone/integration-test/target/test-dir/MiniOzoneClusterImpl-573e4976-09fd-4d64-ae71-6260f4b2230a/datanode-0/data/ratis/26024e19-e370-44fa-8d5d-d00564c10f22/sm/snapshot.1_1
2019-10-02 21:37:03,838 [6fd077a9-6924-41f2-a83b-f0d566d92e38@group-D00564C10F22-StateMachineUpdater] INFO  ratis.ContainerStateMachine (ContainerStateMachine.java:takeSnapshot(300)) - group-D00564C10F22: Finished taking a snapshot at:(t:1, i:1) file:/workdir/hadoop-ozone/integration-test/target/test-dir/MiniOzoneClusterImpl-573e4976-09fd-4d64-ae71-6260f4b2230a/datanode-0/data/ratis/26024e19-e370-44fa-8d5d-d00564c10f22/sm/snapshot.1_1 time:3
2019-10-02 21:37:03,838 [6fd077a9-6924-41f2-a83b-f0d566d92e38@group-D00564C10F22-StateMachineUpdater] INFO  impl.StateMachineUpdater (StateMachineUpdater.java:takeSnapshot(269)) - 6fd077a9-6924-41f2-a83b-f0d566d92e38@group-D00564C10F22-StateMachineUpdater: Took a snapshot at index 1
2019-10-02 21:37:03,838 [6fd077a9-6924-41f2-a83b-f0d566d92e38@group-D00564C10F22-StateMachineUpdater] INFO  impl.StateMachineUpdater (StateMachineUpdater.java:lambda$new$0(84)) - 6fd077a9-6924-41f2-a83b-f0d566d92e38@group-D00564C10F22-StateMachineUpdater: snapshotIndex: updateIncreasingly 1 -> 1
2019-10-02 21:37:03,839 [main] INFO  impl.RaftServerImpl (ServerState.java:close(387)) - 6fd077a9-6924-41f2-a83b-f0d566d92e38@group-D00564C10F22: closes. applyIndex: 2
2019-10-02 21:37:03,840 [6fd077a9-6924-41f2-a83b-f0d566d92e38@group-D00564C10F22-SegmentedRaftLogWorker] INFO  segmented.SegmentedRaftLogWorker (SegmentedRaftLogWorker.java:run(316)) - 6fd077a9-6924-41f2-a83b-f0d566d92e38@group-D00564C10F22-SegmentedRaftLogWorker was interrupted, exiting. There are 0 tasks remaining in the queue.
2019-10-02 21:37:03,843 [main] INFO  segmented.SegmentedRaftLogWorker (SegmentedRaftLogWorker.java:close(224)) - 6fd077a9-6924-41f2-a83b-f0d566d92e38@group-D00564C10F22-SegmentedRaftLogWorker close()
2019-10-02 21:37:03,853 [main] INFO  impl.RaftServerImpl (RaftServerImpl.java:lambda$shutdown$3(247)) - 6fd077a9-6924-41f2-a83b-f0d566d92e38@group-D364D242ADDB: shutdown
2019-10-02 21:37:03,853 [main] INFO  util.JmxRegister (JmxRegister.java:unregister(73)) - Successfully un-registered JMX Bean with object name Ratis:service=RaftServer,group=group-D364D242ADDB,id=6fd077a9-6924-41f2-a83b-f0d566d92e38
2019-10-02 21:37:03,854 [main] INFO  impl.RoleInfo (RoleInfo.java:shutdownLeaderState(104)) - 6fd077a9-6924-41f2-a83b-f0d566d92e38: shutdown LeaderState
2019-10-02 21:37:03,854 [main] INFO  impl.PendingRequests (PendingRequests.java:sendNotLeaderResponses(202)) - 6fd077a9-6924-41f2-a83b-f0d566d92e38@group-D364D242ADDB-PendingRequests: sendNotLeaderResponses
2019-10-02 21:37:03,855 [main] INFO  impl.StateMachineUpdater (StateMachineUpdater.java:stopAndJoin(136)) - 6fd077a9-6924-41f2-a83b-f0d566d92e38@group-D364D242ADDB-StateMachineUpdater: set stopIndex = 0
2019-10-02 21:37:03,855 [main] INFO  impl.RaftServerImpl (ServerState.java:close(387)) - 6fd077a9-6924-41f2-a83b-f0d566d92e38@group-D364D242ADDB: closes. applyIndex: 0
2019-10-02 21:37:03,856 [6fd077a9-6924-41f2-a83b-f0d566d92e38@group-D364D242ADDB-SegmentedRaftLogWorker] INFO  segmented.SegmentedRaftLogWorker (SegmentedRaftLogWorker.java:run(316)) - 6fd077a9-6924-41f2-a83b-f0d566d92e38@group-D364D242ADDB-SegmentedRaftLogWorker was interrupted, exiting. There are 0 tasks remaining in the queue.
2019-10-02 21:37:03,860 [main] INFO  segmented.SegmentedRaftLogWorker (SegmentedRaftLogWorker.java:close(224)) - 6fd077a9-6924-41f2-a83b-f0d566d92e38@group-D364D242ADDB-SegmentedRaftLogWorker close()
2019-10-02 21:37:03,867 [main] INFO  server.GrpcService (GrpcService.java:closeImpl(164)) - 6fd077a9-6924-41f2-a83b-f0d566d92e38: shutdown server with port 44719 now
2019-10-02 21:37:03,869 [grpc-default-executor-1] WARN  server.GrpcServerProtocolService (LogUtils.java:warn(134)) - 6fd077a9-6924-41f2-a83b-f0d566d92e38: installSnapshot onError, lastRequest: d71813ab-2f0e-4e31-8f82-cd75b730b7d9->6fd077a9-6924-41f2-a83b-f0d566d92e38#5-t1, previous=(t:1, i:2), leaderCommit=2, initializing? false, entries: <empty>: org.apache.ratis.thirdparty.io.grpc.StatusRuntimeException: CANCELLED: cancelled before receiving half close
2019-10-02 21:37:03,869 [main] INFO  server.GrpcService (GrpcService.java:closeImpl(172)) - 6fd077a9-6924-41f2-a83b-f0d566d92e38: shutdown server with port 44719 successfully
2019-10-02 21:37:03,870 [grpc-default-executor-0] WARN  server.GrpcLogAppender (LogUtils.java:warn(134)) - d71813ab-2f0e-4e31-8f82-cd75b730b7d9@group-D00564C10F22->6fd077a9-6924-41f2-a83b-f0d566d92e38-AppendLogResponseHandler: Failed appendEntries: org.apache.ratis.thirdparty.io.grpc.StatusRuntimeException: CANCELLED: HTTP/2 error code: CANCEL
Received Rst Stream
2019-10-02 21:37:03,871 [grpc-default-executor-0] INFO  impl.FollowerInfo (FollowerInfo.java:lambda$new$0(51)) - d71813ab-2f0e-4e31-8f82-cd75b730b7d9@group-D00564C10F22->6fd077a9-6924-41f2-a83b-f0d566d92e38: nextIndex: updateUnconditionally 3 -> 2
2019-10-02 21:37:03,872 [refreshUsed-/workdir/hadoop-ozone/integration-test/target/test-dir/MiniOzoneClusterImpl-573e4976-09fd-4d64-ae71-6260f4b2230a/datanode-0/data/containers] WARN  fs.CachingGetSpaceUsed (CachingGetSpaceUsed.java:run(183)) - Thread Interrupted waiting to refresh disk information: sleep interrupted
2019-10-02 21:37:03,892 [main] INFO  utils.BackgroundService (BackgroundService.java:shutdown(148)) - Shutting down service BlockDeletingService
2019-10-02 21:37:03,900 [main] INFO  statemachine.DatanodeStateMachine (DatanodeStateMachine.java:stopDaemon(395)) - Ozone container server stopped.
2019-10-02 21:37:03,901 [main] INFO  handler.ContextHandler (ContextHandler.java:doStop(910)) - Stopped o.e.j.w.WebAppContext@5a4d4f9c{/,null,UNAVAILABLE}{/hddsDatanode}
2019-10-02 21:37:03,902 [main] INFO  server.AbstractConnector (AbstractConnector.java:doStop(318)) - Stopped ServerConnector@153d6d74{HTTP/1.1,[http/1.1]}{0.0.0.0:0}
2019-10-02 21:37:03,902 [main] INFO  handler.ContextHandler (ContextHandler.java:doStop(910)) - Stopped o.e.j.s.ServletContextHandler@14efa279{/static,jar:file:/home/user/.m2/repository/org/apache/hadoop/hadoop-hdds-container-service/0.5.0-SNAPSHOT/hadoop-hdds-container-service-0.5.0-SNAPSHOT.jar!/webapps/static,UNAVAILABLE}
2019-10-02 21:37:03,902 [main] INFO  handler.ContextHandler (ContextHandler.java:doStop(910)) - Stopped o.e.j.s.ServletContextHandler@a0c5be{/logs,file:///workdir/hadoop-ozone/integration-test/target/log,UNAVAILABLE}
2019-10-02 21:37:03,911 [grpc-default-executor-1] WARN  server.GrpcLogAppender (LogUtils.java:warn(134)) - d71813ab-2f0e-4e31-8f82-cd75b730b7d9@group-D00564C10F22->6fd077a9-6924-41f2-a83b-f0d566d92e38-AppendLogResponseHandler: Failed appendEntries: org.apache.ratis.thirdparty.io.grpc.StatusRuntimeException: UNAVAILABLE: io exception
2019-10-02 21:37:03,912 [grpc-default-executor-1] INFO  impl.FollowerInfo (FollowerInfo.java:lambda$new$0(51)) - d71813ab-2f0e-4e31-8f82-cd75b730b7d9@group-D00564C10F22->6fd077a9-6924-41f2-a83b-f0d566d92e38: nextIndex: updateUnconditionally 3 -> 2
2019-10-02 21:37:03,921 [grpc-default-executor-1] WARN  server.GrpcLogAppender (LogUtils.java:warn(134)) - d71813ab-2f0e-4e31-8f82-cd75b730b7d9@group-D00564C10F22->6fd077a9-6924-41f2-a83b-f0d566d92e38-AppendLogResponseHandler: Failed appendEntries: org.apache.ratis.thirdparty.io.grpc.StatusRuntimeException: UNAVAILABLE: io exception
2019-10-02 21:37:03,921 [grpc-default-executor-1] INFO  impl.FollowerInfo (FollowerInfo.java:lambda$new$0(51)) - d71813ab-2f0e-4e31-8f82-cd75b730b7d9@group-D00564C10F22->6fd077a9-6924-41f2-a83b-f0d566d92e38: nextIndex: updateUnconditionally 3 -> 2
2019-10-02 21:37:03,924 [grpc-default-executor-1] WARN  server.GrpcLogAppender (LogUtils.java:warn(134)) - d71813ab-2f0e-4e31-8f82-cd75b730b7d9@group-D00564C10F22->6fd077a9-6924-41f2-a83b-f0d566d92e38-AppendLogResponseHandler: Failed appendEntries: org.apache.ratis.thirdparty.io.grpc.StatusRuntimeException: UNAVAILABLE: io exception
2019-10-02 21:37:03,924 [grpc-default-executor-1] INFO  impl.FollowerInfo (FollowerInfo.java:lambda$new$0(51)) - d71813ab-2f0e-4e31-8f82-cd75b730b7d9@group-D00564C10F22->6fd077a9-6924-41f2-a83b-f0d566d92e38: nextIndex: updateUnconditionally 3 -> 2
2019-10-02 21:37:03,929 [EventQueue-IncrementalContainerReportForIncrementalContainerReportHandler] WARN  container.IncrementalContainerReportHandler (AbstractContainerReportHandler.java:updateContainerState(143)) - Container #1 is in OPEN state, but the datanode d71813ab-2f0e-4e31-8f82-cd75b730b7d9{ip: 192.168.151.122, host: pr-hdds-2200-trunk-mgnwx-192523005, networkLocation: /default-rack, certSerialId: null} reports an CLOSING replica.
2019-10-02 21:37:03,929 [EventQueue-IncrementalContainerReportForIncrementalContainerReportHandler] WARN  container.IncrementalContainerReportHandler (AbstractContainerReportHandler.java:updateContainerState(143)) - Container #1 is in OPEN state, but the datanode f2d7c526-219d-40fa-820e-93dba8d29c66{ip: 192.168.151.122, host: pr-hdds-2200-trunk-mgnwx-192523005, networkLocation: /default-rack, certSerialId: null} reports an CLOSING replica.
2019-10-02 21:37:03,959 [RatisApplyTransactionExecutor 1] INFO  interfaces.Container (KeyValueContainer.java:flushAndSyncDB(386)) - Container 1 is synced with bcsId 0.
2019-10-02 21:37:03,979 [RatisApplyTransactionExecutor 1] INFO  interfaces.Container (KeyValueContainer.java:flushAndSyncDB(386)) - Container 1 is synced with bcsId 0.
2019-10-02 21:37:03,981 [RatisApplyTransactionExecutor 1] INFO  interfaces.Container (KeyValueContainer.java:flushAndSyncDB(386)) - Container 1 is synced with bcsId 0.
2019-10-02 21:37:03,981 [RatisApplyTransactionExecutor 1] INFO  interfaces.Container (KeyValueContainer.java:flushAndSyncDB(386)) - Container 1 is synced with bcsId 0.
2019-10-02 21:37:03,986 [RatisApplyTransactionExecutor 1] INFO  interfaces.Container (KeyValueContainer.java:close(335)) - Container 1 is closed with bcsId 0.
2019-10-02 21:37:03,986 [RatisApplyTransactionExecutor 1] INFO  interfaces.Container (KeyValueContainer.java:close(335)) - Container 1 is closed with bcsId 0.
2019-10-02 21:37:03,991 [EventQueue-IncrementalContainerReportForIncrementalContainerReportHandler] WARN  container.IncrementalContainerReportHandler (AbstractContainerReportHandler.java:updateContainerState(143)) - Container #1 is in OPEN state, but the datanode f2d7c526-219d-40fa-820e-93dba8d29c66{ip: 192.168.151.122, host: pr-hdds-2200-trunk-mgnwx-192523005, networkLocation: /default-rack, certSerialId: null} reports an CLOSED replica.
2019-10-02 21:37:03,992 [EventQueue-IncrementalContainerReportForIncrementalContainerReportHandler] WARN  container.IncrementalContainerReportHandler (AbstractContainerReportHandler.java:updateContainerState(143)) - Container #1 is in OPEN state, but the datanode d71813ab-2f0e-4e31-8f82-cd75b730b7d9{ip: 192.168.151.122, host: pr-hdds-2200-trunk-mgnwx-192523005, networkLocation: /default-rack, certSerialId: null} reports an CLOSED replica.
2019-10-02 21:37:06,426 [grpc-default-executor-6] WARN  server.GrpcLogAppender (LogUtils.java:warn(134)) - d71813ab-2f0e-4e31-8f82-cd75b730b7d9@group-D00564C10F22->6fd077a9-6924-41f2-a83b-f0d566d92e38-AppendLogResponseHandler: Failed appendEntries: org.apache.ratis.thirdparty.io.grpc.StatusRuntimeException: UNAVAILABLE: io exception
2019-10-02 21:37:06,426 [grpc-default-executor-6] INFO  impl.FollowerInfo (FollowerInfo.java:lambda$new$0(51)) - d71813ab-2f0e-4e31-8f82-cd75b730b7d9@group-D00564C10F22->6fd077a9-6924-41f2-a83b-f0d566d92e38: nextIndex: updateUnconditionally 2 -> 1
2019-10-02 21:37:06,993 [main] WARN  scm.XceiverClientRatis (XceiverClientRatis.java:watchForCommit(292)) - 3 way commit failed on pipeline Pipeline[ Id: 26024e19-e370-44fa-8d5d-d00564c10f22, Nodes: 6fd077a9-6924-41f2-a83b-f0d566d92e38{ip: 192.168.151.122, host: pr-hdds-2200-trunk-mgnwx-192523005, networkLocation: /default-rack, certSerialId: null}d71813ab-2f0e-4e31-8f82-cd75b730b7d9{ip: 192.168.151.122, host: pr-hdds-2200-trunk-mgnwx-192523005, networkLocation: /default-rack, certSerialId: null}f2d7c526-219d-40fa-820e-93dba8d29c66{ip: 192.168.151.122, host: pr-hdds-2200-trunk-mgnwx-192523005, networkLocation: /default-rack, certSerialId: null}, Type:RATIS, Factor:THREE, State:OPEN]
java.util.concurrent.TimeoutException
	at java.util.concurrent.CompletableFuture.timedGet(CompletableFuture.java:1771)
	at java.util.concurrent.CompletableFuture.get(CompletableFuture.java:1915)
	at org.apache.hadoop.hdds.scm.XceiverClientRatis.watchForCommit(XceiverClientRatis.java:289)
	at org.apache.hadoop.ozone.client.rpc.TestWatchForCommit.test2WayCommitForTimeoutException(TestWatchForCommit.java:391)
	at sun.reflect.NativeMethodAccessorImpl.invoke0(Native Method)
	at sun.reflect.NativeMethodAccessorImpl.invoke(NativeMethodAccessorImpl.java:62)
	at sun.reflect.DelegatingMethodAccessorImpl.invoke(DelegatingMethodAccessorImpl.java:43)
	at java.lang.reflect.Method.invoke(Method.java:498)
	at org.junit.runners.model.FrameworkMethod$1.runReflectiveCall(FrameworkMethod.java:47)
	at org.junit.internal.runners.model.ReflectiveCallable.run(ReflectiveCallable.java:12)
	at org.junit.runners.model.FrameworkMethod.invokeExplosively(FrameworkMethod.java:44)
	at org.junit.internal.runners.statements.InvokeMethod.evaluate(InvokeMethod.java:17)
	at org.junit.runners.ParentRunner.runLeaf(ParentRunner.java:271)
	at org.junit.runners.BlockJUnit4ClassRunner.runChild(BlockJUnit4ClassRunner.java:70)
	at org.junit.runners.BlockJUnit4ClassRunner.runChild(BlockJUnit4ClassRunner.java:50)
	at org.junit.runners.ParentRunner$3.run(ParentRunner.java:238)
	at org.junit.runners.ParentRunner$1.schedule(ParentRunner.java:63)
	at org.junit.runners.ParentRunner.runChildren(ParentRunner.java:236)
	at org.junit.runners.ParentRunner.access$000(ParentRunner.java:53)
	at org.junit.runners.ParentRunner$2.evaluate(ParentRunner.java:229)
	at org.junit.runners.ParentRunner.run(ParentRunner.java:309)
	at org.apache.maven.surefire.junit4.JUnit4Provider.execute(JUnit4Provider.java:365)
	at org.apache.maven.surefire.junit4.JUnit4Provider.executeWithRerun(JUnit4Provider.java:273)
	at org.apache.maven.surefire.junit4.JUnit4Provider.executeTestSet(JUnit4Provider.java:238)
	at org.apache.maven.surefire.junit4.JUnit4Provider.invoke(JUnit4Provider.java:159)
	at org.apache.maven.surefire.booter.ForkedBooter.invokeProviderInSameClassLoader(ForkedBooter.java:384)
	at org.apache.maven.surefire.booter.ForkedBooter.runSuitesInProcess(ForkedBooter.java:345)
	at org.apache.maven.surefire.booter.ForkedBooter.execute(ForkedBooter.java:126)
	at org.apache.maven.surefire.booter.ForkedBooter.main(ForkedBooter.java:418)
2019-10-02 21:37:07,008 [Thread-2487] INFO  client.GrpcClientProtocolService (GrpcClientProtocolService.java:lambda$processClientRequest$0(278)) - Failed RaftClientRequest:client-762DAB0E9700->f2d7c526-219d-40fa-820e-93dba8d29c66@group-D00564C10F22, cid=106, seq=0, Watch-MAJORITY_COMMITTED(3), Message:<EMPTY>, reply=RaftClientReply:client-762DAB0E9700->f2d7c526-219d-40fa-820e-93dba8d29c66@group-D00564C10F22, cid=106, FAILED org.apache.ratis.protocol.NotLeaderException: Server f2d7c526-219d-40fa-820e-93dba8d29c66@group-D00564C10F22 is not the leader d71813ab-2f0e-4e31-8f82-cd75b730b7d9:192.168.151.122:38776, logIndex=0, commits[f2d7c526-219d-40fa-820e-93dba8d29c66:c4, d71813ab-2f0e-4e31-8f82-cd75b730b7d9:c4, 6fd077a9-6924-41f2-a83b-f0d566d92e38:c2]
2019-10-02 21:37:08,926 [grpc-default-executor-9] WARN  server.GrpcLogAppender (LogUtils.java:warn(134)) - d71813ab-2f0e-4e31-8f82-cd75b730b7d9@group-D00564C10F22->6fd077a9-6924-41f2-a83b-f0d566d92e38-AppendLogResponseHandler: Failed appendEntries: org.apache.ratis.thirdparty.io.grpc.StatusRuntimeException: UNAVAILABLE: io exception
2019-10-02 21:37:08,930 [grpc-default-executor-9] INFO  impl.FollowerInfo (FollowerInfo.java:lambda$new$0(51)) - d71813ab-2f0e-4e31-8f82-cd75b730b7d9@group-D00564C10F22->6fd077a9-6924-41f2-a83b-f0d566d92e38: nextIndex: updateUnconditionally 1 -> 0
]]></system-out>
    <system-err><![CDATA[Oct 02, 2019 9:37:03 PM org.apache.ratis.thirdparty.io.grpc.internal.SerializingExecutor run
SEVERE: Exception while executing runnable org.apache.ratis.thirdparty.io.grpc.internal.ServerImpl$JumpToApplicationThreadServerStreamListener$1Closed@61d4fd82
org.apache.ratis.thirdparty.io.grpc.StatusRuntimeException: CANCELLED: call already cancelled
	at org.apache.ratis.thirdparty.io.grpc.Status.asRuntimeException(Status.java:517)
	at org.apache.ratis.thirdparty.io.grpc.stub.ServerCalls$ServerCallStreamObserverImpl.onCompleted(ServerCalls.java:356)
	at org.apache.ratis.grpc.server.GrpcServerProtocolService$ServerRequestStreamObserver.onError(GrpcServerProtocolService.java:121)
	at org.apache.ratis.thirdparty.io.grpc.stub.ServerCalls$StreamingServerCallHandler$StreamingServerCallListener.onCancel(ServerCalls.java:269)
	at org.apache.ratis.thirdparty.io.grpc.internal.ServerCallImpl$ServerStreamListenerImpl.closed(ServerCallImpl.java:293)
	at org.apache.ratis.thirdparty.io.grpc.internal.ServerImpl$JumpToApplicationThreadServerStreamListener$1Closed.runInContext(ServerImpl.java:741)
	at org.apache.ratis.thirdparty.io.grpc.internal.ContextRunnable.run(ContextRunnable.java:37)
	at org.apache.ratis.thirdparty.io.grpc.internal.SerializingExecutor.run(SerializingExecutor.java:123)
	at java.util.concurrent.ThreadPoolExecutor.runWorker(ThreadPoolExecutor.java:1149)
	at java.util.concurrent.ThreadPoolExecutor$Worker.run(ThreadPoolExecutor.java:624)
	at java.lang.Thread.run(Thread.java:748)

]]></system-err>
  </testcase>
</testsuite>