<?xml version="1.0" encoding="UTF-8"?>
<testsuite xmlns:xsi="http://www.w3.org/2001/XMLSchema-instance" xsi:noNamespaceSchemaLocation="https://maven.apache.org/surefire/maven-surefire-plugin/xsd/surefire-test-report.xsd" name="org.apache.hadoop.ozone.client.rpc.TestBlockOutputStreamWithFailures" time="748.095" tests="8" errors="0" skipped="0" failures="1">
  <properties>
    <property name="awt.toolkit" value="sun.awt.X11.XToolkit"/>
    <property name="file.encoding.pkg" value="sun.io"/>
    <property name="java.specification.version" value="1.8"/>
    <property name="sun.cpu.isalist" value=""/>
    <property name="sun.jnu.encoding" value="UTF-8"/>
    <property name="java.class.path" value="/workdir/hadoop-ozone/integration-test/target/test-classes:/workdir/hadoop-ozone/integration-test/target/classes:/home/user/.m2/repository/org/apache/hadoop/hadoop-ozone-common/0.5.0-SNAPSHOT/hadoop-ozone-common-0.5.0-SNAPSHOT.jar:/home/user/.m2/repository/org/apache/commons/commons-compress/1.4.1/commons-compress-1.4.1.jar:/home/user/.m2/repository/org/tukaani/xz/1.0/xz-1.0.jar:/home/user/.m2/repository/org/apache/hadoop/hadoop-common/3.2.0/hadoop-common-3.2.0.jar:/home/user/.m2/repository/org/apache/hadoop/hadoop-hdfs/3.2.0/hadoop-hdfs-3.2.0.jar:/home/user/.m2/repository/org/apache/hadoop/hadoop-hdfs-client/3.2.0/hadoop-hdfs-client-3.2.0.jar:/home/user/.m2/repository/com/fasterxml/jackson/core/jackson-annotations/2.9.9/jackson-annotations-2.9.9.jar:/home/user/.m2/repository/org/apache/hadoop/hadoop-hdds-common/0.5.0-SNAPSHOT/hadoop-hdds-common-0.5.0-SNAPSHOT.jar:/home/user/.m2/repository/javax/annotation/javax.annotation-api/1.2/javax.annotation-api-1.2.jar:/home/user/.m2/repository/org/apache/ratis/ratis-server/0.5.0-201fc85-SNAPSHOT/ratis-server-0.5.0-201fc85-SNAPSHOT.jar:/home/user/.m2/repository/org/apache/ratis/ratis-thirdparty-misc/0.2.0/ratis-thirdparty-misc-0.2.0.jar:/home/user/.m2/repository/org/apache/ratis/ratis-proto/0.5.0-201fc85-SNAPSHOT/ratis-proto-0.5.0-201fc85-SNAPSHOT.jar:/home/user/.m2/repository/org/apache/ratis/ratis-common/0.5.0-201fc85-SNAPSHOT/ratis-common-0.5.0-201fc85-SNAPSHOT.jar:/home/user/.m2/repository/org/apache/ratis/ratis-client/0.5.0-201fc85-SNAPSHOT/ratis-client-0.5.0-201fc85-SNAPSHOT.jar:/home/user/.m2/repository/org/apache/ratis/ratis-metrics/0.5.0-201fc85-SNAPSHOT/ratis-metrics-0.5.0-201fc85-SNAPSHOT.jar:/home/user/.m2/repository/com/github/joshelser/dropwizard-metrics-hadoop-metrics2-reporter/0.1.2/dropwizard-metrics-hadoop-metrics2-reporter-0.1.2.jar:/home/user/.m2/repository/io/dropwizard/metrics/metrics-jvm/3.2.5/metrics-jvm-3.2.5.jar:/home/user/.m2/repository/io/dropwizard/metrics/metrics-ganglia/3.2.5/metrics-ganglia-3.2.5.jar:/home/user/.m2/repository/info/ganglia/gmetric4j/gmetric4j/1.0.7/gmetric4j-1.0.7.jar:/home/user/.m2/repository/org/apache/ratis/ratis-netty/0.5.0-201fc85-SNAPSHOT/ratis-netty-0.5.0-201fc85-SNAPSHOT.jar:/home/user/.m2/repository/org/apache/ratis/ratis-grpc/0.5.0-201fc85-SNAPSHOT/ratis-grpc-0.5.0-201fc85-SNAPSHOT.jar:/home/user/.m2/repository/org/rocksdb/rocksdbjni/6.0.1/rocksdbjni-6.0.1.jar:/home/user/.m2/repository/org/apache/logging/log4j/log4j-api/2.11.0/log4j-api-2.11.0.jar:/home/user/.m2/repository/org/apache/logging/log4j/log4j-core/2.11.0/log4j-core-2.11.0.jar:/home/user/.m2/repository/com/lmax/disruptor/3.4.2/disruptor-3.4.2.jar:/home/user/.m2/repository/org/apache/commons/commons-pool2/2.6.0/commons-pool2-2.6.0.jar:/home/user/.m2/repository/org/bouncycastle/bcpkix-jdk15on/1.60/bcpkix-jdk15on-1.60.jar:/home/user/.m2/repository/commons-validator/commons-validator/1.6/commons-validator-1.6.jar:/home/user/.m2/repository/commons-digester/commons-digester/1.8.1/commons-digester-1.8.1.jar:/home/user/.m2/repository/io/jaegertracing/jaeger-client/0.34.0/jaeger-client-0.34.0.jar:/home/user/.m2/repository/io/jaegertracing/jaeger-thrift/0.34.0/jaeger-thrift-0.34.0.jar:/home/user/.m2/repository/org/apache/thrift/libthrift/0.12.0/libthrift-0.12.0.jar:/home/user/.m2/repository/com/squareup/okhttp3/okhttp/3.9.0/okhttp-3.9.0.jar:/home/user/.m2/repository/com/squareup/okio/okio/1.13.0/okio-1.13.0.jar:/home/user/.m2/repository/io/jaegertracing/jaeger-core/0.34.0/jaeger-core-0.34.0.jar:/home/user/.m2/repository/io/jaegertracing/jaeger-tracerresolver/0.34.0/jaeger-tracerresolver-0.34.0.jar:/home/user/.m2/repository/io/opentracing/contrib/opentracing-tracerresolver/0.1.5/opentracing-tracerresolver-0.1.5.jar:/home/user/.m2/repository/io/opentracing/opentracing-util/0.31.0/opentracing-util-0.31.0.jar:/home/user/.m2/repository/io/opentracing/opentracing-api/0.31.0/opentracing-api-0.31.0.jar:/home/user/.m2/repository/io/opentracing/opentracing-noop/0.31.0/opentracing-noop-0.31.0.jar:/home/user/.m2/repository/org/apache/hadoop/hadoop-hdds-server-framework/0.5.0-SNAPSHOT/hadoop-hdds-server-framework-0.5.0-SNAPSHOT.jar:/home/user/.m2/repository/org/apache/hadoop/hadoop-hdds-container-service/0.5.0-SNAPSHOT/hadoop-hdds-container-service-0.5.0-SNAPSHOT.jar:/home/user/.m2/repository/org/apache/hadoop/hadoop-hdds-client/0.5.0-SNAPSHOT/hadoop-hdds-client-0.5.0-SNAPSHOT.jar:/home/user/.m2/repository/org/apache/hadoop/hadoop-hdds-tools/0.5.0-SNAPSHOT/hadoop-hdds-tools-0.5.0-SNAPSHOT.jar:/home/user/.m2/repository/org/apache/hadoop/hadoop-hdds-server-scm/0.5.0-SNAPSHOT/hadoop-hdds-server-scm-0.5.0-SNAPSHOT.jar:/home/user/.m2/repository/org/apache/hadoop/hadoop-hdds-docs/0.5.0-SNAPSHOT/hadoop-hdds-docs-0.5.0-SNAPSHOT.jar:/home/user/.m2/repository/io/dropwizard/metrics/metrics-core/3.2.4/metrics-core-3.2.4.jar:/home/user/.m2/repository/org/hamcrest/hamcrest-all/1.3/hamcrest-all-1.3.jar:/home/user/.m2/repository/org/bouncycastle/bcprov-jdk15on/1.60/bcprov-jdk15on-1.60.jar:/home/user/.m2/repository/info/picocli/picocli/3.9.6/picocli-3.9.6.jar:/home/user/.m2/repository/com/google/protobuf/protobuf-java/2.5.0/protobuf-java-2.5.0.jar:/home/user/.m2/repository/com/google/guava/guava/11.0.2/guava-11.0.2.jar:/home/user/.m2/repository/org/apache/hadoop/hadoop-ozone-ozone-manager/0.5.0-SNAPSHOT/hadoop-ozone-ozone-manager-0.5.0-SNAPSHOT.jar:/home/user/.m2/repository/org/apache/hadoop/hadoop-minikdc/3.2.0/hadoop-minikdc-3.2.0.jar:/home/user/.m2/repository/commons-io/commons-io/2.5/commons-io-2.5.jar:/home/user/.m2/repository/org/apache/kerby/kerb-simplekdc/1.0.1/kerb-simplekdc-1.0.1.jar:/home/user/.m2/repository/org/apache/kerby/kerb-client/1.0.1/kerb-client-1.0.1.jar:/home/user/.m2/repository/org/apache/kerby/kerby-config/1.0.1/kerby-config-1.0.1.jar:/home/user/.m2/repository/org/apache/kerby/kerb-core/1.0.1/kerb-core-1.0.1.jar:/home/user/.m2/repository/org/apache/kerby/kerby-pkix/1.0.1/kerby-pkix-1.0.1.jar:/home/user/.m2/repository/org/apache/kerby/kerby-asn1/1.0.1/kerby-asn1-1.0.1.jar:/home/user/.m2/repository/org/apache/kerby/kerby-util/1.0.1/kerby-util-1.0.1.jar:/home/user/.m2/repository/org/apache/kerby/kerb-common/1.0.1/kerb-common-1.0.1.jar:/home/user/.m2/repository/org/apache/kerby/kerb-crypto/1.0.1/kerb-crypto-1.0.1.jar:/home/user/.m2/repository/org/apache/kerby/kerb-util/1.0.1/kerb-util-1.0.1.jar:/home/user/.m2/repository/org/apache/kerby/token-provider/1.0.1/token-provider-1.0.1.jar:/home/user/.m2/repository/org/apache/kerby/kerb-admin/1.0.1/kerb-admin-1.0.1.jar:/home/user/.m2/repository/org/apache/kerby/kerb-server/1.0.1/kerb-server-1.0.1.jar:/home/user/.m2/repository/org/apache/kerby/kerb-identity/1.0.1/kerb-identity-1.0.1.jar:/home/user/.m2/repository/org/apache/kerby/kerby-xdr/1.0.1/kerby-xdr-1.0.1.jar:/home/user/.m2/repository/org/slf4j/slf4j-log4j12/1.7.25/slf4j-log4j12-1.7.25.jar:/home/user/.m2/repository/org/apache/hadoop/hadoop-ozone-s3gateway/0.5.0-SNAPSHOT/hadoop-ozone-s3gateway-0.5.0-SNAPSHOT.jar:/home/user/.m2/repository/org/jboss/weld/servlet/weld-servlet/2.4.7.Final/weld-servlet-2.4.7.Final.jar:/home/user/.m2/repository/org/glassfish/jersey/containers/jersey-container-servlet-core/2.27/jersey-container-servlet-core-2.27.jar:/home/user/.m2/repository/org/glassfish/hk2/external/javax.inject/2.5.0-b42/javax.inject-2.5.0-b42.jar:/home/user/.m2/repository/org/glassfish/jersey/core/jersey-common/2.27/jersey-common-2.27.jar:/home/user/.m2/repository/org/glassfish/hk2/osgi-resource-locator/1.0.1/osgi-resource-locator-1.0.1.jar:/home/user/.m2/repository/javax/ws/rs/javax.ws.rs-api/2.1/javax.ws.rs-api-2.1.jar:/home/user/.m2/repository/org/glassfish/jersey/ext/cdi/jersey-cdi1x/2.27/jersey-cdi1x-2.27.jar:/home/user/.m2/repository/org/glassfish/jersey/inject/jersey-hk2/2.27/jersey-hk2-2.27.jar:/home/user/.m2/repository/org/glassfish/hk2/hk2-locator/2.5.0-b42/hk2-locator-2.5.0-b42.jar:/home/user/.m2/repository/org/javassist/javassist/3.22.0-CR2/javassist-3.22.0-CR2.jar:/home/user/.m2/repository/org/glassfish/hk2/hk2-api/2.5.0/hk2-api-2.5.0.jar:/home/user/.m2/repository/org/glassfish/hk2/external/jakarta.inject/2.5.0/jakarta.inject-2.5.0.jar:/home/user/.m2/repository/org/glassfish/hk2/hk2-utils/2.5.0/hk2-utils-2.5.0.jar:/home/user/.m2/repository/jakarta/annotation/jakarta.annotation-api/1.3.4/jakarta.annotation-api-1.3.4.jar:/home/user/.m2/repository/org/glassfish/hk2/external/aopalliance-repackaged/2.5.0/aopalliance-repackaged-2.5.0.jar:/home/user/.m2/repository/com/fasterxml/jackson/dataformat/jackson-dataformat-xml/2.9.0/jackson-dataformat-xml-2.9.0.jar:/home/user/.m2/repository/com/fasterxml/jackson/core/jackson-core/2.9.9/jackson-core-2.9.9.jar:/home/user/.m2/repository/com/fasterxml/jackson/module/jackson-module-jaxb-annotations/2.9.9/jackson-module-jaxb-annotations-2.9.9.jar:/home/user/.m2/repository/javax/enterprise/cdi-api/1.2/cdi-api-1.2.jar:/home/user/.m2/repository/javax/el/javax.el-api/3.0.0/javax.el-api-3.0.0.jar:/home/user/.m2/repository/javax/interceptor/javax.interceptor-api/1.2/javax.interceptor-api-1.2.jar:/home/user/.m2/repository/javax/inject/javax.inject/1/javax.inject-1.jar:/home/user/.m2/repository/com/sun/xml/bind/jaxb-impl/2.3.0.1/jaxb-impl-2.3.0.1.jar:/home/user/.m2/repository/com/sun/xml/bind/jaxb-core/2.3.0.1/jaxb-core-2.3.0.1.jar:/home/user/.m2/repository/javax/xml/bind/jaxb-api/2.3.0/jaxb-api-2.3.0.jar:/home/user/.m2/repository/javax/activation/activation/1.1.1/activation-1.1.1.jar:/home/user/.m2/repository/org/apache/hadoop/hadoop-ozone-csi/0.5.0-SNAPSHOT/hadoop-ozone-csi-0.5.0-SNAPSHOT.jar:/home/user/.m2/repository/com/google/protobuf/protobuf-java-util/3.5.1/protobuf-java-util-3.5.1.jar:/home/user/.m2/repository/org/apache/hadoop/hadoop-hdds-config/0.5.0-SNAPSHOT/hadoop-hdds-config-0.5.0-SNAPSHOT.jar:/home/user/.m2/repository/io/grpc/grpc-netty/1.17.1/grpc-netty-1.17.1.jar:/home/user/.m2/repository/io/grpc/grpc-core/1.17.1/grpc-core-1.17.1.jar:/home/user/.m2/repository/io/grpc/grpc-context/1.17.1/grpc-context-1.17.1.jar:/home/user/.m2/repository/com/google/errorprone/error_prone_annotations/2.2.0/error_prone_annotations-2.2.0.jar:/home/user/.m2/repository/org/codehaus/mojo/animal-sniffer-annotations/1.17/animal-sniffer-annotations-1.17.jar:/home/user/.m2/repository/io/opencensus/opencensus-api/0.17.0/opencensus-api-0.17.0.jar:/home/user/.m2/repository/io/opencensus/opencensus-contrib-grpc-metrics/0.17.0/opencensus-contrib-grpc-metrics-0.17.0.jar:/home/user/.m2/repository/io/netty/netty-codec-http2/4.1.30.Final/netty-codec-http2-4.1.30.Final.jar:/home/user/.m2/repository/io/netty/netty-codec-http/4.1.30.Final/netty-codec-http-4.1.30.Final.jar:/home/user/.m2/repository/io/netty/netty-codec/4.1.30.Final/netty-codec-4.1.30.Final.jar:/home/user/.m2/repository/io/netty/netty-handler/4.1.30.Final/netty-handler-4.1.30.Final.jar:/home/user/.m2/repository/io/netty/netty-handler-proxy/4.1.30.Final/netty-handler-proxy-4.1.30.Final.jar:/home/user/.m2/repository/io/netty/netty-codec-socks/4.1.30.Final/netty-codec-socks-4.1.30.Final.jar:/home/user/.m2/repository/io/netty/netty-transport-native-epoll/4.1.30.Final/netty-transport-native-epoll-4.1.30.Final.jar:/home/user/.m2/repository/io/netty/netty-common/4.1.30.Final/netty-common-4.1.30.Final.jar:/home/user/.m2/repository/io/netty/netty-buffer/4.1.30.Final/netty-buffer-4.1.30.Final.jar:/home/user/.m2/repository/io/netty/netty-transport/4.1.30.Final/netty-transport-4.1.30.Final.jar:/home/user/.m2/repository/io/netty/netty-resolver/4.1.30.Final/netty-resolver-4.1.30.Final.jar:/home/user/.m2/repository/io/netty/netty-transport-native-unix-common/4.1.30.Final/netty-transport-native-unix-common-4.1.30.Final.jar:/home/user/.m2/repository/io/grpc/grpc-protobuf/1.17.1/grpc-protobuf-1.17.1.jar:/home/user/.m2/repository/com/google/api/grpc/proto-google-common-protos/1.0.0/proto-google-common-protos-1.0.0.jar:/home/user/.m2/repository/io/grpc/grpc-protobuf-lite/1.17.1/grpc-protobuf-lite-1.17.1.jar:/home/user/.m2/repository/io/grpc/grpc-stub/1.17.1/grpc-stub-1.17.1.jar:/home/user/.m2/repository/org/apache/hadoop/hadoop-ozone-recon/0.5.0-SNAPSHOT/hadoop-ozone-recon-0.5.0-SNAPSHOT.jar:/home/user/.m2/repository/org/apache/hadoop/hadoop-ozone-reconcodegen/0.5.0-SNAPSHOT/hadoop-ozone-reconcodegen-0.5.0-SNAPSHOT.jar:/home/user/.m2/repository/com/google/inject/extensions/guice-multibindings/4.0/guice-multibindings-4.0.jar:/home/user/.m2/repository/com/google/inject/guice/4.0/guice-4.0.jar:/home/user/.m2/repository/aopalliance/aopalliance/1.0/aopalliance-1.0.jar:/home/user/.m2/repository/com/google/inject/extensions/guice-servlet/4.0/guice-servlet-4.0.jar:/home/user/.m2/repository/org/glassfish/jersey/containers/jersey-container-servlet/2.27/jersey-container-servlet-2.27.jar:/home/user/.m2/repository/org/glassfish/hk2/guice-bridge/2.5.0/guice-bridge-2.5.0.jar:/home/user/.m2/repository/org/glassfish/jersey/core/jersey-server/2.27/jersey-server-2.27.jar:/home/user/.m2/repository/org/glassfish/jersey/core/jersey-client/2.27/jersey-client-2.27.jar:/home/user/.m2/repository/org/glassfish/jersey/media/jersey-media-jaxb/2.27/jersey-media-jaxb-2.27.jar:/home/user/.m2/repository/javax/validation/validation-api/1.1.0.Final/validation-api-1.1.0.Final.jar:/home/user/.m2/repository/org/glassfish/jersey/media/jersey-media-json-jackson/2.27/jersey-media-json-jackson-2.27.jar:/home/user/.m2/repository/org/glassfish/jersey/ext/jersey-entity-filtering/2.27/jersey-entity-filtering-2.27.jar:/home/user/.m2/repository/com/google/inject/extensions/guice-assistedinject/4.0/guice-assistedinject-4.0.jar:/home/user/.m2/repository/org/jooq/jooq/3.11.10/jooq-3.11.10.jar:/home/user/.m2/repository/org/jooq/jooq-meta/3.11.10/jooq-meta-3.11.10.jar:/home/user/.m2/repository/org/jooq/jooq-codegen/3.11.10/jooq-codegen-3.11.10.jar:/home/user/.m2/repository/com/jolbox/bonecp/0.8.0.RELEASE/bonecp-0.8.0.RELEASE.jar:/home/user/.m2/repository/org/xerial/sqlite-jdbc/3.25.2/sqlite-jdbc-3.25.2.jar:/home/user/.m2/repository/org/springframework/spring-jdbc/5.1.3.RELEASE/spring-jdbc-5.1.3.RELEASE.jar:/home/user/.m2/repository/org/springframework/spring-beans/5.1.3.RELEASE/spring-beans-5.1.3.RELEASE.jar:/home/user/.m2/repository/org/springframework/spring-core/5.1.3.RELEASE/spring-core-5.1.3.RELEASE.jar:/home/user/.m2/repository/org/springframework/spring-jcl/5.1.3.RELEASE/spring-jcl-5.1.3.RELEASE.jar:/home/user/.m2/repository/org/springframework/spring-tx/5.1.3.RELEASE/spring-tx-5.1.3.RELEASE.jar:/home/user/.m2/repository/org/apache/hadoop/hadoop-ozone-client/0.5.0-SNAPSHOT/hadoop-ozone-client-0.5.0-SNAPSHOT.jar:/home/user/.m2/repository/commons-lang/commons-lang/2.6/commons-lang-2.6.jar:/home/user/.m2/repository/org/apache/hadoop/hadoop-ozone-ozone-manager/0.5.0-SNAPSHOT/hadoop-ozone-ozone-manager-0.5.0-SNAPSHOT-tests.jar:/home/user/.m2/repository/junit/junit/4.11/junit-4.11.jar:/home/user/.m2/repository/org/hamcrest/hamcrest-core/1.3/hamcrest-core-1.3.jar:/home/user/.m2/repository/org/openjdk/jmh/jmh-core/1.19/jmh-core-1.19.jar:/home/user/.m2/repository/net/sf/jopt-simple/jopt-simple/4.6/jopt-simple-4.6.jar:/home/user/.m2/repository/org/apache/commons/commons-math3/3.1.1/commons-math3-3.1.1.jar:/home/user/.m2/repository/org/openjdk/jmh/jmh-generator-annprocess/1.19/jmh-generator-annprocess-1.19.jar:/home/user/.m2/repository/org/mockito/mockito-all/1.8.5/mockito-all-1.8.5.jar:/home/user/.m2/repository/org/apache/hadoop/hadoop-kms/3.2.0/hadoop-kms-3.2.0.jar:/home/user/.m2/repository/org/apache/hadoop/hadoop-auth/3.2.0/hadoop-auth-3.2.0.jar:/home/user/.m2/repository/com/nimbusds/nimbus-jose-jwt/4.41.1/nimbus-jose-jwt-4.41.1.jar:/home/user/.m2/repository/com/github/stephenc/jcip/jcip-annotations/1.0-1/jcip-annotations-1.0-1.jar:/home/user/.m2/repository/net/minidev/json-smart/2.3/json-smart-2.3.jar:/home/user/.m2/repository/net/minidev/accessors-smart/1.2/accessors-smart-1.2.jar:/home/user/.m2/repository/org/ow2/asm/asm/5.0.4/asm-5.0.4.jar:/home/user/.m2/repository/org/apache/curator/curator-framework/2.12.0/curator-framework-2.12.0.jar:/home/user/.m2/repository/com/sun/jersey/jersey-core/1.19/jersey-core-1.19.jar:/home/user/.m2/repository/javax/ws/rs/jsr311-api/1.1.1/jsr311-api-1.1.1.jar:/home/user/.m2/repository/com/sun/jersey/jersey-server/1.19/jersey-server-1.19.jar:/home/user/.m2/repository/javax/servlet/javax.servlet-api/3.1.0/javax.servlet-api-3.1.0.jar:/home/user/.m2/repository/org/eclipse/jetty/jetty-server/9.3.25.v20180904/jetty-server-9.3.25.v20180904.jar:/home/user/.m2/repository/org/eclipse/jetty/jetty-http/9.3.25.v20180904/jetty-http-9.3.25.v20180904.jar:/home/user/.m2/repository/org/eclipse/jetty/jetty-io/9.3.25.v20180904/jetty-io-9.3.25.v20180904.jar:/home/user/.m2/repository/org/eclipse/jetty/jetty-webapp/9.3.25.v20180904/jetty-webapp-9.3.25.v20180904.jar:/home/user/.m2/repository/org/eclipse/jetty/jetty-xml/9.3.25.v20180904/jetty-xml-9.3.25.v20180904.jar:/home/user/.m2/repository/log4j/log4j/1.2.17/log4j-1.2.17.jar:/home/user/.m2/repository/org/slf4j/slf4j-api/1.7.25/slf4j-api-1.7.25.jar:/home/user/.m2/repository/org/slf4j/jul-to-slf4j/1.7.25/jul-to-slf4j-1.7.25.jar:/home/user/.m2/repository/org/eclipse/jetty/jetty-util/9.3.25.v20180904/jetty-util-9.3.25.v20180904.jar:/home/user/.m2/repository/com/fasterxml/jackson/core/jackson-databind/2.9.9/jackson-databind-2.9.9.jar:/home/user/.m2/repository/org/apache/hadoop/hadoop-kms/3.2.0/hadoop-kms-3.2.0-tests.jar:/home/user/.m2/repository/org/apache/hadoop/hadoop-hdds-server-scm/0.5.0-SNAPSHOT/hadoop-hdds-server-scm-0.5.0-SNAPSHOT-tests.jar:/home/user/.m2/repository/org/apache/hadoop/hadoop-hdds-container-service/0.5.0-SNAPSHOT/hadoop-hdds-container-service-0.5.0-SNAPSHOT-tests.jar:/home/user/.m2/repository/org/yaml/snakeyaml/1.16/snakeyaml-1.16.jar:/home/user/.m2/repository/org/apache/hadoop/hadoop-common/3.2.0/hadoop-common-3.2.0-tests.jar:/home/user/.m2/repository/org/apache/hadoop/hadoop-annotations/3.2.0/hadoop-annotations-3.2.0.jar:/usr/lib/jvm/java-1.8-openjdk/jre/../lib/tools.jar:/home/user/.m2/repository/commons-cli/commons-cli/1.2/commons-cli-1.2.jar:/home/user/.m2/repository/org/apache/httpcomponents/httpclient/4.5.2/httpclient-4.5.2.jar:/home/user/.m2/repository/org/apache/httpcomponents/httpcore/4.4.4/httpcore-4.4.4.jar:/home/user/.m2/repository/commons-codec/commons-codec/1.11/commons-codec-1.11.jar:/home/user/.m2/repository/commons-net/commons-net/3.6/commons-net-3.6.jar:/home/user/.m2/repository/commons-collections/commons-collections/3.2.2/commons-collections-3.2.2.jar:/home/user/.m2/repository/org/eclipse/jetty/jetty-servlet/9.3.25.v20180904/jetty-servlet-9.3.25.v20180904.jar:/home/user/.m2/repository/org/eclipse/jetty/jetty-security/9.3.25.v20180904/jetty-security-9.3.25.v20180904.jar:/home/user/.m2/repository/javax/servlet/jsp/jsp-api/2.1/jsp-api-2.1.jar:/home/user/.m2/repository/com/sun/jersey/jersey-servlet/1.19/jersey-servlet-1.19.jar:/home/user/.m2/repository/com/sun/jersey/jersey-json/1.19/jersey-json-1.19.jar:/home/user/.m2/repository/org/codehaus/jettison/jettison/1.1/jettison-1.1.jar:/home/user/.m2/repository/org/codehaus/jackson/jackson-core-asl/1.9.13/jackson-core-asl-1.9.13.jar:/home/user/.m2/repository/org/codehaus/jackson/jackson-mapper-asl/1.9.13/jackson-mapper-asl-1.9.13.jar:/home/user/.m2/repository/org/codehaus/jackson/jackson-jaxrs/1.9.13/jackson-jaxrs-1.9.13.jar:/home/user/.m2/repository/org/codehaus/jackson/jackson-xc/1.9.13/jackson-xc-1.9.13.jar:/home/user/.m2/repository/commons-logging/commons-logging/1.1.3/commons-logging-1.1.3.jar:/home/user/.m2/repository/commons-beanutils/commons-beanutils/1.9.4/commons-beanutils-1.9.4.jar:/home/user/.m2/repository/org/apache/commons/commons-configuration2/2.1.1/commons-configuration2-2.1.1.jar:/home/user/.m2/repository/org/apache/commons/commons-lang3/3.7/commons-lang3-3.7.jar:/home/user/.m2/repository/org/apache/commons/commons-text/1.4/commons-text-1.4.jar:/home/user/.m2/repository/org/apache/avro/avro/1.7.7/avro-1.7.7.jar:/home/user/.m2/repository/com/thoughtworks/paranamer/paranamer/2.3/paranamer-2.3.jar:/home/user/.m2/repository/org/xerial/snappy/snappy-java/1.0.5/snappy-java-1.0.5.jar:/home/user/.m2/repository/com/google/re2j/re2j/1.1/re2j-1.1.jar:/home/user/.m2/repository/com/google/code/gson/gson/2.2.4/gson-2.2.4.jar:/home/user/.m2/repository/com/jcraft/jsch/0.1.54/jsch-0.1.54.jar:/home/user/.m2/repository/org/apache/curator/curator-client/2.12.0/curator-client-2.12.0.jar:/home/user/.m2/repository/org/apache/curator/curator-recipes/2.12.0/curator-recipes-2.12.0.jar:/home/user/.m2/repository/com/google/code/findbugs/jsr305/3.0.0/jsr305-3.0.0.jar:/home/user/.m2/repository/org/apache/htrace/htrace-core4/4.1.0-incubating/htrace-core4-4.1.0-incubating.jar:/home/user/.m2/repository/org/apache/zookeeper/zookeeper/3.4.13/zookeeper-3.4.13.jar:/home/user/.m2/repository/jline/jline/0.9.94/jline-0.9.94.jar:/home/user/.m2/repository/org/apache/yetus/audience-annotations/0.5.0/audience-annotations-0.5.0.jar:/home/user/.m2/repository/org/codehaus/woodstox/stax2-api/3.1.4/stax2-api-3.1.4.jar:/home/user/.m2/repository/com/fasterxml/woodstox/woodstox-core/5.0.3/woodstox-core-5.0.3.jar:/home/user/.m2/repository/dnsjava/dnsjava/2.1.7/dnsjava-2.1.7.jar:/home/user/.m2/repository/org/apache/hadoop/hadoop-hdfs/3.2.0/hadoop-hdfs-3.2.0-tests.jar:/home/user/.m2/repository/org/eclipse/jetty/jetty-util-ajax/9.3.25.v20180904/jetty-util-ajax-9.3.25.v20180904.jar:/home/user/.m2/repository/commons-daemon/commons-daemon/1.0.13/commons-daemon-1.0.13.jar:/home/user/.m2/repository/io/netty/netty/3.10.5.Final/netty-3.10.5.Final.jar:/home/user/.m2/repository/io/netty/netty-all/4.0.52.Final/netty-all-4.0.52.Final.jar:/home/user/.m2/repository/org/fusesource/leveldbjni/leveldbjni-all/1.8/leveldbjni-all-1.8.jar:"/>
    <property name="java.vm.vendor" value="IcedTea"/>
    <property name="sun.arch.data.model" value="64"/>
    <property name="test.build.dir" value="/workdir/hadoop-ozone/integration-test/target/test-dir"/>
    <property name="test.cache.data" value=""/>
    <property name="java.vendor.url" value="https://icedtea.classpath.org"/>
    <property name="user.timezone" value=""/>
    <property name="java.vm.specification.version" value="1.8"/>
    <property name="os.name" value="Linux"/>
    <property name="test.build.data" value="/workdir/hadoop-ozone/integration-test/target/test-dir"/>
    <property name="user.country" value="US"/>
    <property name="sun.java.launcher" value="SUN_STANDARD"/>
    <property name="sun.boot.library.path" value="/usr/lib/jvm/java-1.8-openjdk/jre/lib/amd64"/>
    <property name="sun.java.command" value="/workdir/hadoop-ozone/integration-test/target/surefire/surefirebooter7184423708035298393.jar /workdir/hadoop-ozone/integration-test/target/surefire 2019-10-02T20-21-39_418-jvmRun1 surefire3829305479641064841tmp surefire_638941317412944354024tmp"/>
    <property name="test" value="!TestMiniChaosOzoneCluster"/>
    <property name="surefire.test.class.path" value="/workdir/hadoop-ozone/integration-test/target/test-classes:/workdir/hadoop-ozone/integration-test/target/classes:/home/user/.m2/repository/org/apache/hadoop/hadoop-ozone-common/0.5.0-SNAPSHOT/hadoop-ozone-common-0.5.0-SNAPSHOT.jar:/home/user/.m2/repository/org/apache/commons/commons-compress/1.4.1/commons-compress-1.4.1.jar:/home/user/.m2/repository/org/tukaani/xz/1.0/xz-1.0.jar:/home/user/.m2/repository/org/apache/hadoop/hadoop-common/3.2.0/hadoop-common-3.2.0.jar:/home/user/.m2/repository/org/apache/hadoop/hadoop-hdfs/3.2.0/hadoop-hdfs-3.2.0.jar:/home/user/.m2/repository/org/apache/hadoop/hadoop-hdfs-client/3.2.0/hadoop-hdfs-client-3.2.0.jar:/home/user/.m2/repository/com/fasterxml/jackson/core/jackson-annotations/2.9.9/jackson-annotations-2.9.9.jar:/home/user/.m2/repository/org/apache/hadoop/hadoop-hdds-common/0.5.0-SNAPSHOT/hadoop-hdds-common-0.5.0-SNAPSHOT.jar:/home/user/.m2/repository/javax/annotation/javax.annotation-api/1.2/javax.annotation-api-1.2.jar:/home/user/.m2/repository/org/apache/ratis/ratis-server/0.5.0-201fc85-SNAPSHOT/ratis-server-0.5.0-201fc85-SNAPSHOT.jar:/home/user/.m2/repository/org/apache/ratis/ratis-thirdparty-misc/0.2.0/ratis-thirdparty-misc-0.2.0.jar:/home/user/.m2/repository/org/apache/ratis/ratis-proto/0.5.0-201fc85-SNAPSHOT/ratis-proto-0.5.0-201fc85-SNAPSHOT.jar:/home/user/.m2/repository/org/apache/ratis/ratis-common/0.5.0-201fc85-SNAPSHOT/ratis-common-0.5.0-201fc85-SNAPSHOT.jar:/home/user/.m2/repository/org/apache/ratis/ratis-client/0.5.0-201fc85-SNAPSHOT/ratis-client-0.5.0-201fc85-SNAPSHOT.jar:/home/user/.m2/repository/org/apache/ratis/ratis-metrics/0.5.0-201fc85-SNAPSHOT/ratis-metrics-0.5.0-201fc85-SNAPSHOT.jar:/home/user/.m2/repository/com/github/joshelser/dropwizard-metrics-hadoop-metrics2-reporter/0.1.2/dropwizard-metrics-hadoop-metrics2-reporter-0.1.2.jar:/home/user/.m2/repository/io/dropwizard/metrics/metrics-jvm/3.2.5/metrics-jvm-3.2.5.jar:/home/user/.m2/repository/io/dropwizard/metrics/metrics-ganglia/3.2.5/metrics-ganglia-3.2.5.jar:/home/user/.m2/repository/info/ganglia/gmetric4j/gmetric4j/1.0.7/gmetric4j-1.0.7.jar:/home/user/.m2/repository/org/apache/ratis/ratis-netty/0.5.0-201fc85-SNAPSHOT/ratis-netty-0.5.0-201fc85-SNAPSHOT.jar:/home/user/.m2/repository/org/apache/ratis/ratis-grpc/0.5.0-201fc85-SNAPSHOT/ratis-grpc-0.5.0-201fc85-SNAPSHOT.jar:/home/user/.m2/repository/org/rocksdb/rocksdbjni/6.0.1/rocksdbjni-6.0.1.jar:/home/user/.m2/repository/org/apache/logging/log4j/log4j-api/2.11.0/log4j-api-2.11.0.jar:/home/user/.m2/repository/org/apache/logging/log4j/log4j-core/2.11.0/log4j-core-2.11.0.jar:/home/user/.m2/repository/com/lmax/disruptor/3.4.2/disruptor-3.4.2.jar:/home/user/.m2/repository/org/apache/commons/commons-pool2/2.6.0/commons-pool2-2.6.0.jar:/home/user/.m2/repository/org/bouncycastle/bcpkix-jdk15on/1.60/bcpkix-jdk15on-1.60.jar:/home/user/.m2/repository/commons-validator/commons-validator/1.6/commons-validator-1.6.jar:/home/user/.m2/repository/commons-digester/commons-digester/1.8.1/commons-digester-1.8.1.jar:/home/user/.m2/repository/io/jaegertracing/jaeger-client/0.34.0/jaeger-client-0.34.0.jar:/home/user/.m2/repository/io/jaegertracing/jaeger-thrift/0.34.0/jaeger-thrift-0.34.0.jar:/home/user/.m2/repository/org/apache/thrift/libthrift/0.12.0/libthrift-0.12.0.jar:/home/user/.m2/repository/com/squareup/okhttp3/okhttp/3.9.0/okhttp-3.9.0.jar:/home/user/.m2/repository/com/squareup/okio/okio/1.13.0/okio-1.13.0.jar:/home/user/.m2/repository/io/jaegertracing/jaeger-core/0.34.0/jaeger-core-0.34.0.jar:/home/user/.m2/repository/io/jaegertracing/jaeger-tracerresolver/0.34.0/jaeger-tracerresolver-0.34.0.jar:/home/user/.m2/repository/io/opentracing/contrib/opentracing-tracerresolver/0.1.5/opentracing-tracerresolver-0.1.5.jar:/home/user/.m2/repository/io/opentracing/opentracing-util/0.31.0/opentracing-util-0.31.0.jar:/home/user/.m2/repository/io/opentracing/opentracing-api/0.31.0/opentracing-api-0.31.0.jar:/home/user/.m2/repository/io/opentracing/opentracing-noop/0.31.0/opentracing-noop-0.31.0.jar:/home/user/.m2/repository/org/apache/hadoop/hadoop-hdds-server-framework/0.5.0-SNAPSHOT/hadoop-hdds-server-framework-0.5.0-SNAPSHOT.jar:/home/user/.m2/repository/org/apache/hadoop/hadoop-hdds-container-service/0.5.0-SNAPSHOT/hadoop-hdds-container-service-0.5.0-SNAPSHOT.jar:/home/user/.m2/repository/org/apache/hadoop/hadoop-hdds-client/0.5.0-SNAPSHOT/hadoop-hdds-client-0.5.0-SNAPSHOT.jar:/home/user/.m2/repository/org/apache/hadoop/hadoop-hdds-tools/0.5.0-SNAPSHOT/hadoop-hdds-tools-0.5.0-SNAPSHOT.jar:/home/user/.m2/repository/org/apache/hadoop/hadoop-hdds-server-scm/0.5.0-SNAPSHOT/hadoop-hdds-server-scm-0.5.0-SNAPSHOT.jar:/home/user/.m2/repository/org/apache/hadoop/hadoop-hdds-docs/0.5.0-SNAPSHOT/hadoop-hdds-docs-0.5.0-SNAPSHOT.jar:/home/user/.m2/repository/io/dropwizard/metrics/metrics-core/3.2.4/metrics-core-3.2.4.jar:/home/user/.m2/repository/org/hamcrest/hamcrest-all/1.3/hamcrest-all-1.3.jar:/home/user/.m2/repository/org/bouncycastle/bcprov-jdk15on/1.60/bcprov-jdk15on-1.60.jar:/home/user/.m2/repository/info/picocli/picocli/3.9.6/picocli-3.9.6.jar:/home/user/.m2/repository/com/google/protobuf/protobuf-java/2.5.0/protobuf-java-2.5.0.jar:/home/user/.m2/repository/com/google/guava/guava/11.0.2/guava-11.0.2.jar:/home/user/.m2/repository/org/apache/hadoop/hadoop-ozone-ozone-manager/0.5.0-SNAPSHOT/hadoop-ozone-ozone-manager-0.5.0-SNAPSHOT.jar:/home/user/.m2/repository/org/apache/hadoop/hadoop-minikdc/3.2.0/hadoop-minikdc-3.2.0.jar:/home/user/.m2/repository/commons-io/commons-io/2.5/commons-io-2.5.jar:/home/user/.m2/repository/org/apache/kerby/kerb-simplekdc/1.0.1/kerb-simplekdc-1.0.1.jar:/home/user/.m2/repository/org/apache/kerby/kerb-client/1.0.1/kerb-client-1.0.1.jar:/home/user/.m2/repository/org/apache/kerby/kerby-config/1.0.1/kerby-config-1.0.1.jar:/home/user/.m2/repository/org/apache/kerby/kerb-core/1.0.1/kerb-core-1.0.1.jar:/home/user/.m2/repository/org/apache/kerby/kerby-pkix/1.0.1/kerby-pkix-1.0.1.jar:/home/user/.m2/repository/org/apache/kerby/kerby-asn1/1.0.1/kerby-asn1-1.0.1.jar:/home/user/.m2/repository/org/apache/kerby/kerby-util/1.0.1/kerby-util-1.0.1.jar:/home/user/.m2/repository/org/apache/kerby/kerb-common/1.0.1/kerb-common-1.0.1.jar:/home/user/.m2/repository/org/apache/kerby/kerb-crypto/1.0.1/kerb-crypto-1.0.1.jar:/home/user/.m2/repository/org/apache/kerby/kerb-util/1.0.1/kerb-util-1.0.1.jar:/home/user/.m2/repository/org/apache/kerby/token-provider/1.0.1/token-provider-1.0.1.jar:/home/user/.m2/repository/org/apache/kerby/kerb-admin/1.0.1/kerb-admin-1.0.1.jar:/home/user/.m2/repository/org/apache/kerby/kerb-server/1.0.1/kerb-server-1.0.1.jar:/home/user/.m2/repository/org/apache/kerby/kerb-identity/1.0.1/kerb-identity-1.0.1.jar:/home/user/.m2/repository/org/apache/kerby/kerby-xdr/1.0.1/kerby-xdr-1.0.1.jar:/home/user/.m2/repository/org/slf4j/slf4j-log4j12/1.7.25/slf4j-log4j12-1.7.25.jar:/home/user/.m2/repository/org/apache/hadoop/hadoop-ozone-s3gateway/0.5.0-SNAPSHOT/hadoop-ozone-s3gateway-0.5.0-SNAPSHOT.jar:/home/user/.m2/repository/org/jboss/weld/servlet/weld-servlet/2.4.7.Final/weld-servlet-2.4.7.Final.jar:/home/user/.m2/repository/org/glassfish/jersey/containers/jersey-container-servlet-core/2.27/jersey-container-servlet-core-2.27.jar:/home/user/.m2/repository/org/glassfish/hk2/external/javax.inject/2.5.0-b42/javax.inject-2.5.0-b42.jar:/home/user/.m2/repository/org/glassfish/jersey/core/jersey-common/2.27/jersey-common-2.27.jar:/home/user/.m2/repository/org/glassfish/hk2/osgi-resource-locator/1.0.1/osgi-resource-locator-1.0.1.jar:/home/user/.m2/repository/javax/ws/rs/javax.ws.rs-api/2.1/javax.ws.rs-api-2.1.jar:/home/user/.m2/repository/org/glassfish/jersey/ext/cdi/jersey-cdi1x/2.27/jersey-cdi1x-2.27.jar:/home/user/.m2/repository/org/glassfish/jersey/inject/jersey-hk2/2.27/jersey-hk2-2.27.jar:/home/user/.m2/repository/org/glassfish/hk2/hk2-locator/2.5.0-b42/hk2-locator-2.5.0-b42.jar:/home/user/.m2/repository/org/javassist/javassist/3.22.0-CR2/javassist-3.22.0-CR2.jar:/home/user/.m2/repository/org/glassfish/hk2/hk2-api/2.5.0/hk2-api-2.5.0.jar:/home/user/.m2/repository/org/glassfish/hk2/external/jakarta.inject/2.5.0/jakarta.inject-2.5.0.jar:/home/user/.m2/repository/org/glassfish/hk2/hk2-utils/2.5.0/hk2-utils-2.5.0.jar:/home/user/.m2/repository/jakarta/annotation/jakarta.annotation-api/1.3.4/jakarta.annotation-api-1.3.4.jar:/home/user/.m2/repository/org/glassfish/hk2/external/aopalliance-repackaged/2.5.0/aopalliance-repackaged-2.5.0.jar:/home/user/.m2/repository/com/fasterxml/jackson/dataformat/jackson-dataformat-xml/2.9.0/jackson-dataformat-xml-2.9.0.jar:/home/user/.m2/repository/com/fasterxml/jackson/core/jackson-core/2.9.9/jackson-core-2.9.9.jar:/home/user/.m2/repository/com/fasterxml/jackson/module/jackson-module-jaxb-annotations/2.9.9/jackson-module-jaxb-annotations-2.9.9.jar:/home/user/.m2/repository/javax/enterprise/cdi-api/1.2/cdi-api-1.2.jar:/home/user/.m2/repository/javax/el/javax.el-api/3.0.0/javax.el-api-3.0.0.jar:/home/user/.m2/repository/javax/interceptor/javax.interceptor-api/1.2/javax.interceptor-api-1.2.jar:/home/user/.m2/repository/javax/inject/javax.inject/1/javax.inject-1.jar:/home/user/.m2/repository/com/sun/xml/bind/jaxb-impl/2.3.0.1/jaxb-impl-2.3.0.1.jar:/home/user/.m2/repository/com/sun/xml/bind/jaxb-core/2.3.0.1/jaxb-core-2.3.0.1.jar:/home/user/.m2/repository/javax/xml/bind/jaxb-api/2.3.0/jaxb-api-2.3.0.jar:/home/user/.m2/repository/javax/activation/activation/1.1.1/activation-1.1.1.jar:/home/user/.m2/repository/org/apache/hadoop/hadoop-ozone-csi/0.5.0-SNAPSHOT/hadoop-ozone-csi-0.5.0-SNAPSHOT.jar:/home/user/.m2/repository/com/google/protobuf/protobuf-java-util/3.5.1/protobuf-java-util-3.5.1.jar:/home/user/.m2/repository/org/apache/hadoop/hadoop-hdds-config/0.5.0-SNAPSHOT/hadoop-hdds-config-0.5.0-SNAPSHOT.jar:/home/user/.m2/repository/io/grpc/grpc-netty/1.17.1/grpc-netty-1.17.1.jar:/home/user/.m2/repository/io/grpc/grpc-core/1.17.1/grpc-core-1.17.1.jar:/home/user/.m2/repository/io/grpc/grpc-context/1.17.1/grpc-context-1.17.1.jar:/home/user/.m2/repository/com/google/errorprone/error_prone_annotations/2.2.0/error_prone_annotations-2.2.0.jar:/home/user/.m2/repository/org/codehaus/mojo/animal-sniffer-annotations/1.17/animal-sniffer-annotations-1.17.jar:/home/user/.m2/repository/io/opencensus/opencensus-api/0.17.0/opencensus-api-0.17.0.jar:/home/user/.m2/repository/io/opencensus/opencensus-contrib-grpc-metrics/0.17.0/opencensus-contrib-grpc-metrics-0.17.0.jar:/home/user/.m2/repository/io/netty/netty-codec-http2/4.1.30.Final/netty-codec-http2-4.1.30.Final.jar:/home/user/.m2/repository/io/netty/netty-codec-http/4.1.30.Final/netty-codec-http-4.1.30.Final.jar:/home/user/.m2/repository/io/netty/netty-codec/4.1.30.Final/netty-codec-4.1.30.Final.jar:/home/user/.m2/repository/io/netty/netty-handler/4.1.30.Final/netty-handler-4.1.30.Final.jar:/home/user/.m2/repository/io/netty/netty-handler-proxy/4.1.30.Final/netty-handler-proxy-4.1.30.Final.jar:/home/user/.m2/repository/io/netty/netty-codec-socks/4.1.30.Final/netty-codec-socks-4.1.30.Final.jar:/home/user/.m2/repository/io/netty/netty-transport-native-epoll/4.1.30.Final/netty-transport-native-epoll-4.1.30.Final.jar:/home/user/.m2/repository/io/netty/netty-common/4.1.30.Final/netty-common-4.1.30.Final.jar:/home/user/.m2/repository/io/netty/netty-buffer/4.1.30.Final/netty-buffer-4.1.30.Final.jar:/home/user/.m2/repository/io/netty/netty-transport/4.1.30.Final/netty-transport-4.1.30.Final.jar:/home/user/.m2/repository/io/netty/netty-resolver/4.1.30.Final/netty-resolver-4.1.30.Final.jar:/home/user/.m2/repository/io/netty/netty-transport-native-unix-common/4.1.30.Final/netty-transport-native-unix-common-4.1.30.Final.jar:/home/user/.m2/repository/io/grpc/grpc-protobuf/1.17.1/grpc-protobuf-1.17.1.jar:/home/user/.m2/repository/com/google/api/grpc/proto-google-common-protos/1.0.0/proto-google-common-protos-1.0.0.jar:/home/user/.m2/repository/io/grpc/grpc-protobuf-lite/1.17.1/grpc-protobuf-lite-1.17.1.jar:/home/user/.m2/repository/io/grpc/grpc-stub/1.17.1/grpc-stub-1.17.1.jar:/home/user/.m2/repository/org/apache/hadoop/hadoop-ozone-recon/0.5.0-SNAPSHOT/hadoop-ozone-recon-0.5.0-SNAPSHOT.jar:/home/user/.m2/repository/org/apache/hadoop/hadoop-ozone-reconcodegen/0.5.0-SNAPSHOT/hadoop-ozone-reconcodegen-0.5.0-SNAPSHOT.jar:/home/user/.m2/repository/com/google/inject/extensions/guice-multibindings/4.0/guice-multibindings-4.0.jar:/home/user/.m2/repository/com/google/inject/guice/4.0/guice-4.0.jar:/home/user/.m2/repository/aopalliance/aopalliance/1.0/aopalliance-1.0.jar:/home/user/.m2/repository/com/google/inject/extensions/guice-servlet/4.0/guice-servlet-4.0.jar:/home/user/.m2/repository/org/glassfish/jersey/containers/jersey-container-servlet/2.27/jersey-container-servlet-2.27.jar:/home/user/.m2/repository/org/glassfish/hk2/guice-bridge/2.5.0/guice-bridge-2.5.0.jar:/home/user/.m2/repository/org/glassfish/jersey/core/jersey-server/2.27/jersey-server-2.27.jar:/home/user/.m2/repository/org/glassfish/jersey/core/jersey-client/2.27/jersey-client-2.27.jar:/home/user/.m2/repository/org/glassfish/jersey/media/jersey-media-jaxb/2.27/jersey-media-jaxb-2.27.jar:/home/user/.m2/repository/javax/validation/validation-api/1.1.0.Final/validation-api-1.1.0.Final.jar:/home/user/.m2/repository/org/glassfish/jersey/media/jersey-media-json-jackson/2.27/jersey-media-json-jackson-2.27.jar:/home/user/.m2/repository/org/glassfish/jersey/ext/jersey-entity-filtering/2.27/jersey-entity-filtering-2.27.jar:/home/user/.m2/repository/com/google/inject/extensions/guice-assistedinject/4.0/guice-assistedinject-4.0.jar:/home/user/.m2/repository/org/jooq/jooq/3.11.10/jooq-3.11.10.jar:/home/user/.m2/repository/org/jooq/jooq-meta/3.11.10/jooq-meta-3.11.10.jar:/home/user/.m2/repository/org/jooq/jooq-codegen/3.11.10/jooq-codegen-3.11.10.jar:/home/user/.m2/repository/com/jolbox/bonecp/0.8.0.RELEASE/bonecp-0.8.0.RELEASE.jar:/home/user/.m2/repository/org/xerial/sqlite-jdbc/3.25.2/sqlite-jdbc-3.25.2.jar:/home/user/.m2/repository/org/springframework/spring-jdbc/5.1.3.RELEASE/spring-jdbc-5.1.3.RELEASE.jar:/home/user/.m2/repository/org/springframework/spring-beans/5.1.3.RELEASE/spring-beans-5.1.3.RELEASE.jar:/home/user/.m2/repository/org/springframework/spring-core/5.1.3.RELEASE/spring-core-5.1.3.RELEASE.jar:/home/user/.m2/repository/org/springframework/spring-jcl/5.1.3.RELEASE/spring-jcl-5.1.3.RELEASE.jar:/home/user/.m2/repository/org/springframework/spring-tx/5.1.3.RELEASE/spring-tx-5.1.3.RELEASE.jar:/home/user/.m2/repository/org/apache/hadoop/hadoop-ozone-client/0.5.0-SNAPSHOT/hadoop-ozone-client-0.5.0-SNAPSHOT.jar:/home/user/.m2/repository/commons-lang/commons-lang/2.6/commons-lang-2.6.jar:/home/user/.m2/repository/org/apache/hadoop/hadoop-ozone-ozone-manager/0.5.0-SNAPSHOT/hadoop-ozone-ozone-manager-0.5.0-SNAPSHOT-tests.jar:/home/user/.m2/repository/junit/junit/4.11/junit-4.11.jar:/home/user/.m2/repository/org/hamcrest/hamcrest-core/1.3/hamcrest-core-1.3.jar:/home/user/.m2/repository/org/openjdk/jmh/jmh-core/1.19/jmh-core-1.19.jar:/home/user/.m2/repository/net/sf/jopt-simple/jopt-simple/4.6/jopt-simple-4.6.jar:/home/user/.m2/repository/org/apache/commons/commons-math3/3.1.1/commons-math3-3.1.1.jar:/home/user/.m2/repository/org/openjdk/jmh/jmh-generator-annprocess/1.19/jmh-generator-annprocess-1.19.jar:/home/user/.m2/repository/org/mockito/mockito-all/1.8.5/mockito-all-1.8.5.jar:/home/user/.m2/repository/org/apache/hadoop/hadoop-kms/3.2.0/hadoop-kms-3.2.0.jar:/home/user/.m2/repository/org/apache/hadoop/hadoop-auth/3.2.0/hadoop-auth-3.2.0.jar:/home/user/.m2/repository/com/nimbusds/nimbus-jose-jwt/4.41.1/nimbus-jose-jwt-4.41.1.jar:/home/user/.m2/repository/com/github/stephenc/jcip/jcip-annotations/1.0-1/jcip-annotations-1.0-1.jar:/home/user/.m2/repository/net/minidev/json-smart/2.3/json-smart-2.3.jar:/home/user/.m2/repository/net/minidev/accessors-smart/1.2/accessors-smart-1.2.jar:/home/user/.m2/repository/org/ow2/asm/asm/5.0.4/asm-5.0.4.jar:/home/user/.m2/repository/org/apache/curator/curator-framework/2.12.0/curator-framework-2.12.0.jar:/home/user/.m2/repository/com/sun/jersey/jersey-core/1.19/jersey-core-1.19.jar:/home/user/.m2/repository/javax/ws/rs/jsr311-api/1.1.1/jsr311-api-1.1.1.jar:/home/user/.m2/repository/com/sun/jersey/jersey-server/1.19/jersey-server-1.19.jar:/home/user/.m2/repository/javax/servlet/javax.servlet-api/3.1.0/javax.servlet-api-3.1.0.jar:/home/user/.m2/repository/org/eclipse/jetty/jetty-server/9.3.25.v20180904/jetty-server-9.3.25.v20180904.jar:/home/user/.m2/repository/org/eclipse/jetty/jetty-http/9.3.25.v20180904/jetty-http-9.3.25.v20180904.jar:/home/user/.m2/repository/org/eclipse/jetty/jetty-io/9.3.25.v20180904/jetty-io-9.3.25.v20180904.jar:/home/user/.m2/repository/org/eclipse/jetty/jetty-webapp/9.3.25.v20180904/jetty-webapp-9.3.25.v20180904.jar:/home/user/.m2/repository/org/eclipse/jetty/jetty-xml/9.3.25.v20180904/jetty-xml-9.3.25.v20180904.jar:/home/user/.m2/repository/log4j/log4j/1.2.17/log4j-1.2.17.jar:/home/user/.m2/repository/org/slf4j/slf4j-api/1.7.25/slf4j-api-1.7.25.jar:/home/user/.m2/repository/org/slf4j/jul-to-slf4j/1.7.25/jul-to-slf4j-1.7.25.jar:/home/user/.m2/repository/org/eclipse/jetty/jetty-util/9.3.25.v20180904/jetty-util-9.3.25.v20180904.jar:/home/user/.m2/repository/com/fasterxml/jackson/core/jackson-databind/2.9.9/jackson-databind-2.9.9.jar:/home/user/.m2/repository/org/apache/hadoop/hadoop-kms/3.2.0/hadoop-kms-3.2.0-tests.jar:/home/user/.m2/repository/org/apache/hadoop/hadoop-hdds-server-scm/0.5.0-SNAPSHOT/hadoop-hdds-server-scm-0.5.0-SNAPSHOT-tests.jar:/home/user/.m2/repository/org/apache/hadoop/hadoop-hdds-container-service/0.5.0-SNAPSHOT/hadoop-hdds-container-service-0.5.0-SNAPSHOT-tests.jar:/home/user/.m2/repository/org/yaml/snakeyaml/1.16/snakeyaml-1.16.jar:/home/user/.m2/repository/org/apache/hadoop/hadoop-common/3.2.0/hadoop-common-3.2.0-tests.jar:/home/user/.m2/repository/org/apache/hadoop/hadoop-annotations/3.2.0/hadoop-annotations-3.2.0.jar:/usr/lib/jvm/java-1.8-openjdk/jre/../lib/tools.jar:/home/user/.m2/repository/commons-cli/commons-cli/1.2/commons-cli-1.2.jar:/home/user/.m2/repository/org/apache/httpcomponents/httpclient/4.5.2/httpclient-4.5.2.jar:/home/user/.m2/repository/org/apache/httpcomponents/httpcore/4.4.4/httpcore-4.4.4.jar:/home/user/.m2/repository/commons-codec/commons-codec/1.11/commons-codec-1.11.jar:/home/user/.m2/repository/commons-net/commons-net/3.6/commons-net-3.6.jar:/home/user/.m2/repository/commons-collections/commons-collections/3.2.2/commons-collections-3.2.2.jar:/home/user/.m2/repository/org/eclipse/jetty/jetty-servlet/9.3.25.v20180904/jetty-servlet-9.3.25.v20180904.jar:/home/user/.m2/repository/org/eclipse/jetty/jetty-security/9.3.25.v20180904/jetty-security-9.3.25.v20180904.jar:/home/user/.m2/repository/javax/servlet/jsp/jsp-api/2.1/jsp-api-2.1.jar:/home/user/.m2/repository/com/sun/jersey/jersey-servlet/1.19/jersey-servlet-1.19.jar:/home/user/.m2/repository/com/sun/jersey/jersey-json/1.19/jersey-json-1.19.jar:/home/user/.m2/repository/org/codehaus/jettison/jettison/1.1/jettison-1.1.jar:/home/user/.m2/repository/org/codehaus/jackson/jackson-core-asl/1.9.13/jackson-core-asl-1.9.13.jar:/home/user/.m2/repository/org/codehaus/jackson/jackson-mapper-asl/1.9.13/jackson-mapper-asl-1.9.13.jar:/home/user/.m2/repository/org/codehaus/jackson/jackson-jaxrs/1.9.13/jackson-jaxrs-1.9.13.jar:/home/user/.m2/repository/org/codehaus/jackson/jackson-xc/1.9.13/jackson-xc-1.9.13.jar:/home/user/.m2/repository/commons-logging/commons-logging/1.1.3/commons-logging-1.1.3.jar:/home/user/.m2/repository/commons-beanutils/commons-beanutils/1.9.4/commons-beanutils-1.9.4.jar:/home/user/.m2/repository/org/apache/commons/commons-configuration2/2.1.1/commons-configuration2-2.1.1.jar:/home/user/.m2/repository/org/apache/commons/commons-lang3/3.7/commons-lang3-3.7.jar:/home/user/.m2/repository/org/apache/commons/commons-text/1.4/commons-text-1.4.jar:/home/user/.m2/repository/org/apache/avro/avro/1.7.7/avro-1.7.7.jar:/home/user/.m2/repository/com/thoughtworks/paranamer/paranamer/2.3/paranamer-2.3.jar:/home/user/.m2/repository/org/xerial/snappy/snappy-java/1.0.5/snappy-java-1.0.5.jar:/home/user/.m2/repository/com/google/re2j/re2j/1.1/re2j-1.1.jar:/home/user/.m2/repository/com/google/code/gson/gson/2.2.4/gson-2.2.4.jar:/home/user/.m2/repository/com/jcraft/jsch/0.1.54/jsch-0.1.54.jar:/home/user/.m2/repository/org/apache/curator/curator-client/2.12.0/curator-client-2.12.0.jar:/home/user/.m2/repository/org/apache/curator/curator-recipes/2.12.0/curator-recipes-2.12.0.jar:/home/user/.m2/repository/com/google/code/findbugs/jsr305/3.0.0/jsr305-3.0.0.jar:/home/user/.m2/repository/org/apache/htrace/htrace-core4/4.1.0-incubating/htrace-core4-4.1.0-incubating.jar:/home/user/.m2/repository/org/apache/zookeeper/zookeeper/3.4.13/zookeeper-3.4.13.jar:/home/user/.m2/repository/jline/jline/0.9.94/jline-0.9.94.jar:/home/user/.m2/repository/org/apache/yetus/audience-annotations/0.5.0/audience-annotations-0.5.0.jar:/home/user/.m2/repository/org/codehaus/woodstox/stax2-api/3.1.4/stax2-api-3.1.4.jar:/home/user/.m2/repository/com/fasterxml/woodstox/woodstox-core/5.0.3/woodstox-core-5.0.3.jar:/home/user/.m2/repository/dnsjava/dnsjava/2.1.7/dnsjava-2.1.7.jar:/home/user/.m2/repository/org/apache/hadoop/hadoop-hdfs/3.2.0/hadoop-hdfs-3.2.0-tests.jar:/home/user/.m2/repository/org/eclipse/jetty/jetty-util-ajax/9.3.25.v20180904/jetty-util-ajax-9.3.25.v20180904.jar:/home/user/.m2/repository/commons-daemon/commons-daemon/1.0.13/commons-daemon-1.0.13.jar:/home/user/.m2/repository/io/netty/netty/3.10.5.Final/netty-3.10.5.Final.jar:/home/user/.m2/repository/io/netty/netty-all/4.0.52.Final/netty-all-4.0.52.Final.jar:/home/user/.m2/repository/org/fusesource/leveldbjni/leveldbjni-all/1.8/leveldbjni-all-1.8.jar:"/>
    <property name="sun.cpu.endian" value="little"/>
    <property name="user.home" value="/home/user"/>
    <property name="user.language" value="en"/>
    <property name="java.specification.vendor" value="Oracle Corporation"/>
    <property name="java.home" value="/usr/lib/jvm/java-1.8-openjdk/jre"/>
    <property name="java.security.krb5.conf" value="/workdir/hadoop-ozone/integration-test/target/test-classes/krb5.conf"/>
    <property name="basedir" value="/workdir/hadoop-ozone/integration-test"/>
    <property name="file.separator" value="/"/>
    <property name="line.separator" value="&#10;"/>
    <property name="java.vm.specification.vendor" value="Oracle Corporation"/>
    <property name="java.specification.name" value="Java Platform API Specification"/>
    <property name="java.awt.graphicsenv" value="sun.awt.X11GraphicsEnvironment"/>
    <property name="surefire.real.class.path" value="/workdir/hadoop-ozone/integration-test/target/surefire/surefirebooter7184423708035298393.jar"/>
    <property name="hadoop.log.dir" value="/workdir/hadoop-ozone/integration-test/target/log"/>
    <property name="sun.boot.class.path" value="/usr/lib/jvm/java-1.8-openjdk/jre/lib/resources.jar:/usr/lib/jvm/java-1.8-openjdk/jre/lib/rt.jar:/usr/lib/jvm/java-1.8-openjdk/jre/lib/sunrsasign.jar:/usr/lib/jvm/java-1.8-openjdk/jre/lib/jsse.jar:/usr/lib/jvm/java-1.8-openjdk/jre/lib/jce.jar:/usr/lib/jvm/java-1.8-openjdk/jre/lib/charsets.jar:/usr/lib/jvm/java-1.8-openjdk/jre/lib/jfr.jar:/usr/lib/jvm/java-1.8-openjdk/jre/classes"/>
    <property name="sun.management.compiler" value="HotSpot 64-Bit Tiered Compilers"/>
    <property name="java.runtime.version" value="1.8.0_212-b04"/>
    <property name="java.net.preferIPv4Stack" value="true"/>
    <property name="user.name" value="jenkins1000"/>
    <property name="path.separator" value=":"/>
    <property name="java.security.egd" value="file:///dev/urandom"/>
    <property name="os.version" value="3.10.0-957.12.2.el7.x86_64"/>
    <property name="java.endorsed.dirs" value="/usr/lib/jvm/java-1.8-openjdk/jre/lib/endorsed"/>
    <property name="java.runtime.name" value="OpenJDK Runtime Environment"/>
    <property name="file.encoding" value="UTF-8"/>
    <property name="java.vm.name" value="OpenJDK 64-Bit Server VM"/>
    <property name="test.build.webapps" value=""/>
    <property name="localRepository" value="/home/user/.m2/repository"/>
    <property name="java.vendor.url.bug" value="https://icedtea.classpath.org/bugzilla"/>
    <property name="java.io.tmpdir" value="/tmp"/>
    <property name="require.test.libhadoop" value=""/>
    <property name="java.version" value="1.8.0_212"/>
    <property name="user.dir" value="/workdir/hadoop-ozone/integration-test"/>
    <property name="os.arch" value="amd64"/>
    <property name="java.vm.specification.name" value="Java Virtual Machine Specification"/>
    <property name="test.build.classes" value="/workdir/hadoop-ozone/integration-test/target/test-classes"/>
    <property name="java.awt.printerjob" value="sun.print.PSPrinterJob"/>
    <property name="sun.os.patch.level" value="unknown"/>
    <property name="hadoop.tmp.dir" value="/workdir/hadoop-ozone/integration-test/target/tmp"/>
    <property name="java.library.path" value="/usr/lib/jvm/java-1.8-openjdk/jre/lib/amd64/server:/usr/lib/jvm/java-1.8-openjdk/jre/lib/amd64:/usr/lib/jvm/java-1.8-openjdk/jre/../lib/amd64:/workdir/hadoop-ozone/integration-test/target/native/target/usr/local/lib:/workdir/hadoop-ozone/integration-test/../../hadoop-common-project/hadoop-common/target/native/target/usr/local/lib:/usr/java/packages/lib/amd64:/usr/lib64:/lib64:/lib:/usr/lib"/>
    <property name="java.vm.info" value="mixed mode"/>
    <property name="java.vendor" value="IcedTea"/>
    <property name="java.vm.version" value="25.212-b04"/>
    <property name="java.ext.dirs" value="/usr/lib/jvm/java-1.8-openjdk/jre/lib/ext:/usr/java/packages/lib/ext"/>
    <property name="sun.io.unicode.encoding" value="UnicodeLittle"/>
    <property name="java.class.version" value="52.0"/>
  </properties>
  <testcase name="test2DatanodesFailure" classname="org.apache.hadoop.ozone.client.rpc.TestBlockOutputStreamWithFailures" time="106.157"/>
  <testcase name="testDatanodeFailureWithPreAllocation" classname="org.apache.hadoop.ozone.client.rpc.TestBlockOutputStreamWithFailures" time="222.787"/>
  <testcase name="testDatanodeFailureWithSingleNodeRatis" classname="org.apache.hadoop.ozone.client.rpc.TestBlockOutputStreamWithFailures" time="223.014"/>
  <testcase name="testWatchForCommitWithSingleNodeRatis" classname="org.apache.hadoop.ozone.client.rpc.TestBlockOutputStreamWithFailures" time="33.163"/>
  <testcase name="testWatchForCommitDatanodeFailure" classname="org.apache.hadoop.ozone.client.rpc.TestBlockOutputStreamWithFailures" time="50.226">
    <failure message="expected:&lt;2&gt; but was:&lt;3&gt;" type="java.lang.AssertionError"><![CDATA[java.lang.AssertionError: expected:<2> but was:<3>
	at org.junit.Assert.fail(Assert.java:88)
	at org.junit.Assert.failNotEquals(Assert.java:743)
	at org.junit.Assert.assertEquals(Assert.java:118)
	at org.junit.Assert.assertEquals(Assert.java:555)
	at org.junit.Assert.assertEquals(Assert.java:542)
	at org.apache.hadoop.ozone.client.rpc.TestBlockOutputStreamWithFailures.testWatchForCommitDatanodeFailure(TestBlockOutputStreamWithFailures.java:366)
	at sun.reflect.NativeMethodAccessorImpl.invoke0(Native Method)
	at sun.reflect.NativeMethodAccessorImpl.invoke(NativeMethodAccessorImpl.java:62)
	at sun.reflect.DelegatingMethodAccessorImpl.invoke(DelegatingMethodAccessorImpl.java:43)
	at java.lang.reflect.Method.invoke(Method.java:498)
	at org.junit.runners.model.FrameworkMethod$1.runReflectiveCall(FrameworkMethod.java:47)
	at org.junit.internal.runners.model.ReflectiveCallable.run(ReflectiveCallable.java:12)
	at org.junit.runners.model.FrameworkMethod.invokeExplosively(FrameworkMethod.java:44)
	at org.junit.internal.runners.statements.InvokeMethod.evaluate(InvokeMethod.java:17)
	at org.junit.internal.runners.statements.RunBefores.evaluate(RunBefores.java:26)
	at org.junit.internal.runners.statements.RunAfters.evaluate(RunAfters.java:27)
	at org.junit.runners.ParentRunner.runLeaf(ParentRunner.java:271)
	at org.junit.runners.BlockJUnit4ClassRunner.runChild(BlockJUnit4ClassRunner.java:70)
	at org.junit.runners.BlockJUnit4ClassRunner.runChild(BlockJUnit4ClassRunner.java:50)
	at org.junit.runners.ParentRunner$3.run(ParentRunner.java:238)
	at org.junit.runners.ParentRunner$1.schedule(ParentRunner.java:63)
	at org.junit.runners.ParentRunner.runChildren(ParentRunner.java:236)
	at org.junit.runners.ParentRunner.access$000(ParentRunner.java:53)
	at org.junit.runners.ParentRunner$2.evaluate(ParentRunner.java:229)
	at org.junit.runners.ParentRunner.run(ParentRunner.java:309)
	at org.apache.maven.surefire.junit4.JUnit4Provider.execute(JUnit4Provider.java:365)
	at org.apache.maven.surefire.junit4.JUnit4Provider.executeWithRerun(JUnit4Provider.java:273)
	at org.apache.maven.surefire.junit4.JUnit4Provider.executeTestSet(JUnit4Provider.java:238)
	at org.apache.maven.surefire.junit4.JUnit4Provider.invoke(JUnit4Provider.java:159)
	at org.apache.maven.surefire.booter.ForkedBooter.invokeProviderInSameClassLoader(ForkedBooter.java:384)
	at org.apache.maven.surefire.booter.ForkedBooter.runSuitesInProcess(ForkedBooter.java:345)
	at org.apache.maven.surefire.booter.ForkedBooter.execute(ForkedBooter.java:126)
	at org.apache.maven.surefire.booter.ForkedBooter.main(ForkedBooter.java:418)
]]></failure>
    <system-out><![CDATA[2019-10-02 21:18:12,188 [main] WARN  server.ServerUtils (ServerUtils.java:getScmDbDir(145)) - ozone.scm.db.dirs is not configured. We recommend adding this setting. Falling back to ozone.metadata.dirs instead.
2019-10-02 21:18:12,202 [main] WARN  server.ServerUtils (ServerUtils.java:getScmDbDir(145)) - ozone.scm.db.dirs is not configured. We recommend adding this setting. Falling back to ozone.metadata.dirs instead.
2019-10-02 21:18:12,202 [main] WARN  server.ServerUtils (ServerUtils.java:getScmDbDir(145)) - ozone.scm.db.dirs is not configured. We recommend adding this setting. Falling back to ozone.metadata.dirs instead.
2019-10-02 21:18:12,203 [main] INFO  db.DBStoreBuilder (DBStoreBuilder.java:addTable(110)) - using custom profile for table: deletedBlocks
2019-10-02 21:18:12,203 [main] INFO  db.DBStoreBuilder (DBStoreBuilder.java:processTables(161)) - Using default column profile:DBProfile.DISK for Table:deletedBlocks
2019-10-02 21:18:12,203 [main] INFO  db.DBStoreBuilder (DBStoreBuilder.java:addTable(110)) - using custom profile for table: validCerts
2019-10-02 21:18:12,203 [main] INFO  db.DBStoreBuilder (DBStoreBuilder.java:processTables(161)) - Using default column profile:DBProfile.DISK for Table:validCerts
2019-10-02 21:18:12,204 [main] INFO  db.DBStoreBuilder (DBStoreBuilder.java:addTable(110)) - using custom profile for table: revokedCerts
2019-10-02 21:18:12,204 [main] INFO  db.DBStoreBuilder (DBStoreBuilder.java:processTables(161)) - Using default column profile:DBProfile.DISK for Table:revokedCerts
2019-10-02 21:18:12,204 [main] INFO  db.DBStoreBuilder (DBStoreBuilder.java:addTable(110)) - using custom profile for table: default
2019-10-02 21:18:12,204 [main] INFO  db.DBStoreBuilder (DBStoreBuilder.java:processTables(167)) - Using default column profile:DBProfile.DISK for Table:default
2019-10-02 21:18:12,204 [main] INFO  db.DBStoreBuilder (DBStoreBuilder.java:getDbProfile(198)) - Using default options. DBProfile.DISK
2019-10-02 21:18:12,326 [main] INFO  net.NodeSchemaLoader (NodeSchemaLoader.java:loadSchemaFromFile(125)) - Loading file from sun.misc.CompoundEnumeration@3dfd6220
2019-10-02 21:18:12,326 [main] INFO  net.NodeSchemaLoader (NodeSchemaLoader.java:loadSchema(171)) - Loading network topology layer schema file
2019-10-02 21:18:12,332 [main] INFO  node.SCMNodeManager (SCMNodeManager.java:<init>(114)) - Entering startup safe mode.
2019-10-02 21:18:12,332 [main] INFO  algorithms.ContainerPlacementPolicyFactory (ContainerPlacementPolicyFactory.java:getPolicy(57)) - Create container placement policy of type org.apache.hadoop.hdds.scm.container.placement.algorithms.SCMContainerPlacementRandom
2019-10-02 21:18:12,333 [main] WARN  server.ServerUtils (ServerUtils.java:getScmDbDir(145)) - ozone.scm.db.dirs is not configured. We recommend adding this setting. Falling back to ozone.metadata.dirs instead.
2019-10-02 21:18:12,357 [main] INFO  pipeline.SCMPipelineManager (SCMPipelineManager.java:initializePipelineState(132)) - No pipeline exists in current db
2019-10-02 21:18:12,358 [main] WARN  server.ServerUtils (ServerUtils.java:getScmDbDir(145)) - ozone.scm.db.dirs is not configured. We recommend adding this setting. Falling back to ozone.metadata.dirs instead.
2019-10-02 21:18:12,383 [main] WARN  events.EventQueue (EventQueue.java:fireEvent(183)) - No event handler registered for event TypedEvent{payloadType=SafeModeStatus, name='SafeModeStatus'}
2019-10-02 21:18:12,384 [main] INFO  ipc.CallQueueManager (CallQueueManager.java:<init>(84)) - Using callQueue: class java.util.concurrent.LinkedBlockingQueue, queueCapacity: 2000, scheduler: class org.apache.hadoop.ipc.DefaultRpcScheduler, ipcBackoff: false.
2019-10-02 21:18:12,385 [Socket Reader #1 for port 41798] INFO  ipc.Server (Server.java:run(1074)) - Starting Socket Reader #1 for port 41798
2019-10-02 21:18:12,387 [main] INFO  ipc.CallQueueManager (CallQueueManager.java:<init>(84)) - Using callQueue: class java.util.concurrent.LinkedBlockingQueue, queueCapacity: 2000, scheduler: class org.apache.hadoop.ipc.DefaultRpcScheduler, ipcBackoff: false.
2019-10-02 21:18:12,388 [Socket Reader #1 for port 35627] INFO  ipc.Server (Server.java:run(1074)) - Starting Socket Reader #1 for port 35627
2019-10-02 21:18:12,390 [main] INFO  ipc.CallQueueManager (CallQueueManager.java:<init>(84)) - Using callQueue: class java.util.concurrent.LinkedBlockingQueue, queueCapacity: 2000, scheduler: class org.apache.hadoop.ipc.DefaultRpcScheduler, ipcBackoff: false.
2019-10-02 21:18:12,390 [Socket Reader #1 for port 45032] INFO  ipc.Server (Server.java:run(1074)) - Starting Socket Reader #1 for port 45032
2019-10-02 21:18:12,393 [main] INFO  hdfs.DFSUtil (DFSUtil.java:httpServerTemplateForNNAndJN(1641)) - Starting Web-server for scm at: http://0.0.0.0:0
2019-10-02 21:18:12,395 [main] INFO  server.AuthenticationFilter (AuthenticationFilter.java:constructSecretProvider(240)) - Unable to initialize FileSignerSecretProvider, falling back to use random secrets.
2019-10-02 21:18:12,395 [main] WARN  http.HttpRequestLog (HttpRequestLog.java:getRequestLog(97)) - Jetty request log can only be enabled using Log4j
2019-10-02 21:18:12,397 [main] INFO  http.HttpServer2 (HttpServer2.java:addGlobalFilter(975)) - Added global filter 'safety' (class=org.apache.hadoop.http.HttpServer2$QuotingInputFilter)
2019-10-02 21:18:12,398 [main] INFO  http.HttpServer2 (HttpServer2.java:addFilter(948)) - Added filter static_user_filter (class=org.apache.hadoop.http.lib.StaticUserWebFilter$StaticUserFilter) to context scm
2019-10-02 21:18:12,398 [main] INFO  http.HttpServer2 (HttpServer2.java:addFilter(958)) - Added filter static_user_filter (class=org.apache.hadoop.http.lib.StaticUserWebFilter$StaticUserFilter) to context logs
2019-10-02 21:18:12,398 [main] INFO  http.HttpServer2 (HttpServer2.java:addFilter(958)) - Added filter static_user_filter (class=org.apache.hadoop.http.lib.StaticUserWebFilter$StaticUserFilter) to context static
2019-10-02 21:18:12,400 [main] INFO  server.StorageContainerManager (StorageContainerManager.java:start(770)) - StorageContainerLocationProtocol RPC server is listening at /0.0.0.0:45032
2019-10-02 21:18:12,402 [main] WARN  impl.MetricsConfig (MetricsConfig.java:loadFirst(134)) - Cannot locate configuration: tried hadoop-metrics2-storagecontainermanager.properties,hadoop-metrics2.properties
2019-10-02 21:18:12,403 [main] INFO  impl.MetricsSystemImpl (MetricsSystemImpl.java:startTimer(374)) - Scheduled Metric snapshot period at 10 second(s).
2019-10-02 21:18:12,403 [main] INFO  impl.MetricsSystemImpl (MetricsSystemImpl.java:start(191)) - StorageContainerManager metrics system started
2019-10-02 21:18:12,940 [main] WARN  impl.MetricsSystemImpl (MetricsSystemImpl.java:register(276)) - Sink prometheus already exists!
2019-10-02 21:18:12,996 [main] INFO  server.SCMClientProtocolServer (SCMClientProtocolServer.java:start(150)) - RPC server for Client  is listening at /0.0.0.0:45032
2019-10-02 21:18:12,997 [IPC Server Responder] INFO  ipc.Server (Server.java:run(1314)) - IPC Server Responder: starting
2019-10-02 21:18:12,998 [IPC Server listener on 45032] INFO  ipc.Server (Server.java:run(1153)) - IPC Server listener on 45032: starting
2019-10-02 21:18:13,005 [main] INFO  server.StorageContainerManager (StorageContainerManager.java:start(780)) - ScmBlockLocationProtocol RPC server is listening at /0.0.0.0:35627
2019-10-02 21:18:13,006 [main] INFO  server.SCMBlockProtocolServer (SCMBlockProtocolServer.java:start(146)) - RPC server for Block Protocol is listening at /0.0.0.0:35627
2019-10-02 21:18:13,006 [IPC Server Responder] INFO  ipc.Server (Server.java:run(1314)) - IPC Server Responder: starting
2019-10-02 21:18:13,007 [IPC Server listener on 35627] INFO  ipc.Server (Server.java:run(1153)) - IPC Server listener on 35627: starting
2019-10-02 21:18:13,010 [main] INFO  server.StorageContainerManager (StorageContainerManager.java:start(784)) - ScmDatanodeProtocl RPC server is listening at /0.0.0.0:41798
2019-10-02 21:18:13,010 [main] INFO  server.SCMDatanodeProtocolServer (SCMDatanodeProtocolServer.java:start(191)) - RPC server for DataNodes is listening at /0.0.0.0:41798
2019-10-02 21:18:13,011 [IPC Server Responder] INFO  ipc.Server (Server.java:run(1314)) - IPC Server Responder: starting
2019-10-02 21:18:13,011 [IPC Server listener on 41798] INFO  ipc.Server (Server.java:run(1153)) - IPC Server listener on 41798: starting
2019-10-02 21:18:13,015 [main] INFO  http.HttpServer2 (HttpServer2.java:bindListener(1191)) - Jetty bound to port 35080
2019-10-02 21:18:13,015 [main] INFO  server.Server (Server.java:doStart(351)) - jetty-9.3.25.v20180904, build timestamp: 2018-09-04T21:11:46Z, git hash: 3ce520221d0240229c862b122d2b06c12a625732
2019-10-02 21:18:13,017 [main] INFO  handler.ContextHandler (ContextHandler.java:doStart(781)) - Started o.e.j.s.ServletContextHandler@6cbb7a7d{/logs,file:///workdir/hadoop-ozone/integration-test/target/log,AVAILABLE}
2019-10-02 21:18:13,017 [main] INFO  handler.ContextHandler (ContextHandler.java:doStart(781)) - Started o.e.j.s.ServletContextHandler@37606fee{/static,file:///workdir/hadoop-ozone/integration-test/target/test-classes/webapps/static,AVAILABLE}
2019-10-02 21:18:13,021 [main] INFO  handler.ContextHandler (ContextHandler.java:doStart(781)) - Started o.e.j.w.WebAppContext@2b43f314{/,file:///workdir/hadoop-ozone/integration-test/target/test-classes/webapps/scm/,AVAILABLE}{/scm}
2019-10-02 21:18:13,022 [main] INFO  server.AbstractConnector (AbstractConnector.java:doStart(278)) - Started ServerConnector@3a4a5f3c{HTTP/1.1,[http/1.1]}{0.0.0.0:35080}
2019-10-02 21:18:13,023 [main] INFO  server.Server (Server.java:doStart(419)) - Started @586525ms
2019-10-02 21:18:13,023 [main] WARN  impl.MetricsSystemImpl (MetricsSystemImpl.java:register(276)) - Sink prometheus already exists!
2019-10-02 21:18:13,024 [main] INFO  server.BaseHttpServer (BaseHttpServer.java:updateConnectorAddress(215)) - HTTP server of SCM is listening at http://0.0.0.0:35080
2019-10-02 21:18:13,025 [main] WARN  server.ServerUtils (ServerUtils.java:getDBPath(222)) - ozone.om.db.dirs is not configured. We recommend adding this setting. Falling back to ozone.metadata.dirs instead.
2019-10-02 21:18:13,025 [org.apache.hadoop.util.JvmPauseMonitor$Monitor@586cc15d] INFO  util.JvmPauseMonitor (JvmPauseMonitor.java:run(188)) - Starting JVM pause monitor
2019-10-02 21:18:13,039 [main] WARN  server.ServerUtils (ServerUtils.java:getDBPath(222)) - ozone.om.db.dirs is not configured. We recommend adding this setting. Falling back to ozone.metadata.dirs instead.
2019-10-02 21:18:13,040 [main] WARN  server.ServerUtils (ServerUtils.java:getDBPath(222)) - ozone.om.db.dirs is not configured. We recommend adding this setting. Falling back to ozone.metadata.dirs instead.
2019-10-02 21:18:13,040 [main] INFO  om.OzoneManager (OzoneManager.java:setOMNodeDetails(652)) - OM Service ID is not set. Setting it to the default ID: omServiceIdDefault
2019-10-02 21:18:13,040 [main] INFO  om.OzoneManager (OzoneManager.java:setOMNodeDetails(658)) - OM Node ID is not set. Setting it to the OmStorage's OmID: 2a2b53ab-b9d6-46d9-ba3a-8bab20f3c40e
2019-10-02 21:18:13,040 [main] INFO  om.OzoneManager (OzoneManager.java:loadOMHAConfigs(609)) - Found matching OM address with OMServiceId: null, OMNodeId: null, RPC Address: localhost:0 and Ratis port: 9872
2019-10-02 21:18:13,049 [main] WARN  server.ServerUtils (ServerUtils.java:getDBPath(222)) - ozone.om.db.dirs is not configured. We recommend adding this setting. Falling back to ozone.metadata.dirs instead.
2019-10-02 21:18:13,049 [main] INFO  db.DBStoreBuilder (DBStoreBuilder.java:addTable(110)) - using custom profile for table: userTable
2019-10-02 21:18:13,049 [main] INFO  db.DBStoreBuilder (DBStoreBuilder.java:processTables(161)) - Using default column profile:DBProfile.DISK for Table:userTable
2019-10-02 21:18:13,050 [main] INFO  db.DBStoreBuilder (DBStoreBuilder.java:addTable(110)) - using custom profile for table: volumeTable
2019-10-02 21:18:13,050 [main] INFO  db.DBStoreBuilder (DBStoreBuilder.java:processTables(161)) - Using default column profile:DBProfile.DISK for Table:volumeTable
2019-10-02 21:18:13,050 [main] INFO  db.DBStoreBuilder (DBStoreBuilder.java:addTable(110)) - using custom profile for table: bucketTable
2019-10-02 21:18:13,050 [main] INFO  db.DBStoreBuilder (DBStoreBuilder.java:processTables(161)) - Using default column profile:DBProfile.DISK for Table:bucketTable
2019-10-02 21:18:13,050 [main] INFO  db.DBStoreBuilder (DBStoreBuilder.java:addTable(110)) - using custom profile for table: keyTable
2019-10-02 21:18:13,050 [main] INFO  db.DBStoreBuilder (DBStoreBuilder.java:processTables(161)) - Using default column profile:DBProfile.DISK for Table:keyTable
2019-10-02 21:18:13,051 [main] INFO  db.DBStoreBuilder (DBStoreBuilder.java:addTable(110)) - using custom profile for table: deletedTable
2019-10-02 21:18:13,051 [main] INFO  db.DBStoreBuilder (DBStoreBuilder.java:processTables(161)) - Using default column profile:DBProfile.DISK for Table:deletedTable
2019-10-02 21:18:13,051 [main] INFO  db.DBStoreBuilder (DBStoreBuilder.java:addTable(110)) - using custom profile for table: openKeyTable
2019-10-02 21:18:13,051 [main] INFO  db.DBStoreBuilder (DBStoreBuilder.java:processTables(161)) - Using default column profile:DBProfile.DISK for Table:openKeyTable
2019-10-02 21:18:13,051 [main] INFO  db.DBStoreBuilder (DBStoreBuilder.java:addTable(110)) - using custom profile for table: s3Table
2019-10-02 21:18:13,051 [main] INFO  db.DBStoreBuilder (DBStoreBuilder.java:processTables(161)) - Using default column profile:DBProfile.DISK for Table:s3Table
2019-10-02 21:18:13,051 [main] INFO  db.DBStoreBuilder (DBStoreBuilder.java:addTable(110)) - using custom profile for table: multipartInfoTable
2019-10-02 21:18:13,052 [main] INFO  db.DBStoreBuilder (DBStoreBuilder.java:processTables(161)) - Using default column profile:DBProfile.DISK for Table:multipartInfoTable
2019-10-02 21:18:13,052 [main] INFO  db.DBStoreBuilder (DBStoreBuilder.java:addTable(110)) - using custom profile for table: dTokenTable
2019-10-02 21:18:13,052 [main] INFO  db.DBStoreBuilder (DBStoreBuilder.java:processTables(161)) - Using default column profile:DBProfile.DISK for Table:dTokenTable
2019-10-02 21:18:13,052 [main] INFO  db.DBStoreBuilder (DBStoreBuilder.java:addTable(110)) - using custom profile for table: s3SecretTable
2019-10-02 21:18:13,052 [main] INFO  db.DBStoreBuilder (DBStoreBuilder.java:processTables(161)) - Using default column profile:DBProfile.DISK for Table:s3SecretTable
2019-10-02 21:18:13,052 [main] INFO  db.DBStoreBuilder (DBStoreBuilder.java:addTable(110)) - using custom profile for table: prefixTable
2019-10-02 21:18:13,052 [main] INFO  db.DBStoreBuilder (DBStoreBuilder.java:processTables(161)) - Using default column profile:DBProfile.DISK for Table:prefixTable
2019-10-02 21:18:13,053 [main] INFO  db.DBStoreBuilder (DBStoreBuilder.java:addTable(110)) - using custom profile for table: default
2019-10-02 21:18:13,053 [main] INFO  db.DBStoreBuilder (DBStoreBuilder.java:processTables(167)) - Using default column profile:DBProfile.DISK for Table:default
2019-10-02 21:18:13,053 [main] INFO  db.DBStoreBuilder (DBStoreBuilder.java:getDbProfile(198)) - Using default options. DBProfile.DISK
2019-10-02 21:18:13,477 [main] INFO  ipc.CallQueueManager (CallQueueManager.java:<init>(84)) - Using callQueue: class java.util.concurrent.LinkedBlockingQueue, queueCapacity: 2000, scheduler: class org.apache.hadoop.ipc.DefaultRpcScheduler, ipcBackoff: false.
2019-10-02 21:18:13,478 [Socket Reader #1 for port 35230] INFO  ipc.Server (Server.java:run(1074)) - Starting Socket Reader #1 for port 35230
2019-10-02 21:18:13,498 [main] INFO  om.OzoneManager (OzoneManager.java:start(1243)) - OzoneManager RPC server is listening at localhost/127.0.0.1:35230
2019-10-02 21:18:13,498 [main] INFO  impl.MetricsSystemImpl (MetricsSystemImpl.java:init(158)) - OzoneManager metrics system started (again)
2019-10-02 21:18:13,499 [IPC Server Responder] INFO  ipc.Server (Server.java:run(1314)) - IPC Server Responder: starting
2019-10-02 21:18:13,499 [IPC Server listener on 35230] INFO  ipc.Server (Server.java:run(1153)) - IPC Server listener on 35230: starting
2019-10-02 21:18:13,507 [main] INFO  hdfs.DFSUtil (DFSUtil.java:httpServerTemplateForNNAndJN(1641)) - Starting Web-server for ozoneManager at: http://0.0.0.0:0
2019-10-02 21:18:13,508 [main] INFO  server.AuthenticationFilter (AuthenticationFilter.java:constructSecretProvider(240)) - Unable to initialize FileSignerSecretProvider, falling back to use random secrets.
2019-10-02 21:18:13,509 [main] WARN  http.HttpRequestLog (HttpRequestLog.java:getRequestLog(97)) - Jetty request log can only be enabled using Log4j
2019-10-02 21:18:13,510 [main] INFO  http.HttpServer2 (HttpServer2.java:addGlobalFilter(975)) - Added global filter 'safety' (class=org.apache.hadoop.http.HttpServer2$QuotingInputFilter)
2019-10-02 21:18:13,511 [main] INFO  http.HttpServer2 (HttpServer2.java:addFilter(948)) - Added filter static_user_filter (class=org.apache.hadoop.http.lib.StaticUserWebFilter$StaticUserFilter) to context ozoneManager
2019-10-02 21:18:13,511 [main] INFO  http.HttpServer2 (HttpServer2.java:addFilter(958)) - Added filter static_user_filter (class=org.apache.hadoop.http.lib.StaticUserWebFilter$StaticUserFilter) to context logs
2019-10-02 21:18:13,511 [main] INFO  http.HttpServer2 (HttpServer2.java:addFilter(958)) - Added filter static_user_filter (class=org.apache.hadoop.http.lib.StaticUserWebFilter$StaticUserFilter) to context static
2019-10-02 21:18:13,512 [main] INFO  http.HttpServer2 (HttpServer2.java:bindListener(1191)) - Jetty bound to port 33502
2019-10-02 21:18:13,512 [main] INFO  server.Server (Server.java:doStart(351)) - jetty-9.3.25.v20180904, build timestamp: 2018-09-04T21:11:46Z, git hash: 3ce520221d0240229c862b122d2b06c12a625732
2019-10-02 21:18:13,514 [main] INFO  handler.ContextHandler (ContextHandler.java:doStart(781)) - Started o.e.j.s.ServletContextHandler@682e422c{/logs,file:///workdir/hadoop-ozone/integration-test/target/log,AVAILABLE}
2019-10-02 21:18:13,514 [main] INFO  handler.ContextHandler (ContextHandler.java:doStart(781)) - Started o.e.j.s.ServletContextHandler@2726a511{/static,file:///workdir/hadoop-ozone/integration-test/target/test-classes/webapps/static,AVAILABLE}
2019-10-02 21:18:13,518 [main] INFO  handler.ContextHandler (ContextHandler.java:doStart(781)) - Started o.e.j.w.WebAppContext@756808cc{/,file:///workdir/hadoop-ozone/integration-test/target/test-classes/webapps/ozoneManager/,AVAILABLE}{/ozoneManager}
2019-10-02 21:18:13,519 [main] INFO  server.AbstractConnector (AbstractConnector.java:doStart(278)) - Started ServerConnector@52f8a6f4{HTTP/1.1,[http/1.1]}{0.0.0.0:33502}
2019-10-02 21:18:13,519 [main] INFO  server.Server (Server.java:doStart(419)) - Started @587021ms
2019-10-02 21:18:13,521 [main] WARN  impl.MetricsSystemImpl (MetricsSystemImpl.java:register(276)) - Sink prometheus already exists!
2019-10-02 21:18:13,521 [main] INFO  server.BaseHttpServer (BaseHttpServer.java:updateConnectorAddress(215)) - HTTP server of OZONEMANAGER is listening at http://0.0.0.0:33502
2019-10-02 21:18:13,535 [main] INFO  impl.MetricsSystemImpl (MetricsSystemImpl.java:init(158)) - HddsDatanode metrics system started (again)
2019-10-02 21:18:13,540 [main] INFO  ozone.HddsDatanodeService (HddsDatanodeService.java:start(184)) - HddsDatanodeService host:pr-hdds-2200-trunk-mgnwx-192523005 ip:192.168.151.122
2019-10-02 21:18:13,546 [main] INFO  volume.HddsVolume (HddsVolume.java:<init>(176)) - Creating Volume: /workdir/hadoop-ozone/integration-test/target/test-dir/MiniOzoneClusterImpl-25ddea64-d207-408c-b907-17765ca49936/datanode-0/data/containers/hdds of  storage type : DISK and capacity : 1482555576320
2019-10-02 21:18:13,546 [main] INFO  volume.VolumeSet (VolumeSet.java:initializeVolumeSet(170)) - Added Volume : /workdir/hadoop-ozone/integration-test/target/test-dir/MiniOzoneClusterImpl-25ddea64-d207-408c-b907-17765ca49936/datanode-0/data/containers/hdds to VolumeSet
2019-10-02 21:18:13,547 [main] INFO  volume.ThrottledAsyncChecker (ThrottledAsyncChecker.java:schedule(139)) - Scheduling a check for org.apache.hadoop.ozone.container.common.volume.HddsVolume@785ed99c
2019-10-02 21:18:13,547 [main] INFO  volume.HddsVolumeChecker (HddsVolumeChecker.java:checkAllVolumes(202)) - Scheduled health check for volume org.apache.hadoop.ozone.container.common.volume.HddsVolume@785ed99c
2019-10-02 21:18:13,561 [main] INFO  impl.RaftServerProxy (ConfUtils.java:logGet(43)) - raft.rpc.type = GRPC (default)
2019-10-02 21:18:13,561 [main] INFO  grpc.GrpcFactory (GrpcFactory.java:checkPooledByteBufAllocatorUseCacheForAllThreads(45)) - PERFORMANCE WARNING: useCacheForAllThreads is true that may cause Netty to create a lot garbage objects and, as a result, trigger GC.
	It is recommended to disable useCacheForAllThreads by setting -Dorg.apache.ratis.thirdparty.io.netty.allocator.useCacheForAllThreads=false in command line.
2019-10-02 21:18:13,561 [main] INFO  grpc.GrpcConfigKeys$Server (ConfUtils.java:logGet(43)) - raft.grpc.server.port = 0 (default)
2019-10-02 21:18:13,562 [main] INFO  server.GrpcService (ConfUtils.java:logGet(43)) - raft.grpc.message.size.max = 33570816 (custom)
2019-10-02 21:18:13,562 [main] INFO  server.RaftServerConfigKeys (ConfUtils.java:logGet(43)) - raft.server.log.appender.buffer.byte-limit = 33554432 (custom)
2019-10-02 21:18:13,562 [main] INFO  server.GrpcService (ConfUtils.java:logGet(43)) - raft.grpc.flow.control.window = 1MB (=1048576) (default)
2019-10-02 21:18:13,562 [main] INFO  server.RaftServerConfigKeys (ConfUtils.java:logGet(43)) - raft.server.rpc.request.timeout = 3000ms (default)
2019-10-02 21:18:13,563 [main] INFO  server.RaftServerConfigKeys (ConfUtils.java:logGet(43)) - raft.server.storage.dir = [/workdir/hadoop-ozone/integration-test/target/test-dir/MiniOzoneClusterImpl-25ddea64-d207-408c-b907-17765ca49936/datanode-0/data/ratis] (custom)
2019-10-02 21:18:13,564 [main] INFO  hdfs.DFSUtil (DFSUtil.java:httpServerTemplateForNNAndJN(1641)) - Starting Web-server for hddsDatanode at: http://0.0.0.0:0
2019-10-02 21:18:13,566 [main] INFO  server.AuthenticationFilter (AuthenticationFilter.java:constructSecretProvider(240)) - Unable to initialize FileSignerSecretProvider, falling back to use random secrets.
2019-10-02 21:18:13,566 [main] WARN  http.HttpRequestLog (HttpRequestLog.java:getRequestLog(97)) - Jetty request log can only be enabled using Log4j
2019-10-02 21:18:13,567 [main] INFO  http.HttpServer2 (HttpServer2.java:addGlobalFilter(975)) - Added global filter 'safety' (class=org.apache.hadoop.http.HttpServer2$QuotingInputFilter)
2019-10-02 21:18:13,568 [main] INFO  http.HttpServer2 (HttpServer2.java:addFilter(948)) - Added filter static_user_filter (class=org.apache.hadoop.http.lib.StaticUserWebFilter$StaticUserFilter) to context hddsDatanode
2019-10-02 21:18:13,568 [main] INFO  http.HttpServer2 (HttpServer2.java:addFilter(958)) - Added filter static_user_filter (class=org.apache.hadoop.http.lib.StaticUserWebFilter$StaticUserFilter) to context logs
2019-10-02 21:18:13,568 [main] INFO  http.HttpServer2 (HttpServer2.java:addFilter(958)) - Added filter static_user_filter (class=org.apache.hadoop.http.lib.StaticUserWebFilter$StaticUserFilter) to context static
2019-10-02 21:18:13,569 [main] INFO  http.HttpServer2 (HttpServer2.java:bindListener(1191)) - Jetty bound to port 45590
2019-10-02 21:18:13,569 [main] INFO  server.Server (Server.java:doStart(351)) - jetty-9.3.25.v20180904, build timestamp: 2018-09-04T21:11:46Z, git hash: 3ce520221d0240229c862b122d2b06c12a625732
2019-10-02 21:18:13,570 [main] INFO  handler.ContextHandler (ContextHandler.java:doStart(781)) - Started o.e.j.s.ServletContextHandler@571a663c{/logs,file:///workdir/hadoop-ozone/integration-test/target/log,AVAILABLE}
2019-10-02 21:18:13,571 [main] INFO  handler.ContextHandler (ContextHandler.java:doStart(781)) - Started o.e.j.s.ServletContextHandler@430df350{/static,jar:file:/home/user/.m2/repository/org/apache/hadoop/hadoop-hdds-container-service/0.5.0-SNAPSHOT/hadoop-hdds-container-service-0.5.0-SNAPSHOT.jar!/webapps/static,AVAILABLE}
2019-10-02 21:18:13,599 [main] INFO  handler.ContextHandler (ContextHandler.java:doStart(781)) - Started o.e.j.w.WebAppContext@48e41b5d{/,file:///tmp/jetty-0.0.0.0-45590-hddsDatanode-_-any-665745122886333031.dir/webapp/,AVAILABLE}{/hddsDatanode}
2019-10-02 21:18:13,599 [main] INFO  server.AbstractConnector (AbstractConnector.java:doStart(278)) - Started ServerConnector@51e8d066{HTTP/1.1,[http/1.1]}{0.0.0.0:45590}
2019-10-02 21:18:13,599 [main] INFO  server.Server (Server.java:doStart(419)) - Started @587102ms
2019-10-02 21:18:13,601 [main] WARN  impl.MetricsSystemImpl (MetricsSystemImpl.java:register(276)) - Sink prometheus already exists!
2019-10-02 21:18:13,602 [main] INFO  server.BaseHttpServer (BaseHttpServer.java:updateConnectorAddress(215)) - HTTP server of HDDSDATANODE is listening at http://0.0.0.0:45590
2019-10-02 21:18:13,602 [main] INFO  impl.MetricsSystemImpl (MetricsSystemImpl.java:init(158)) - HddsDatanode metrics system started (again)
2019-10-02 21:18:13,606 [main] INFO  ozone.HddsDatanodeService (HddsDatanodeService.java:start(184)) - HddsDatanodeService host:pr-hdds-2200-trunk-mgnwx-192523005 ip:192.168.151.122
2019-10-02 21:18:13,606 [org.apache.hadoop.util.JvmPauseMonitor$Monitor@2e0953ee] INFO  util.JvmPauseMonitor (JvmPauseMonitor.java:run(188)) - Starting JVM pause monitor
2019-10-02 21:18:13,608 [Datanode State Machine Thread - 0] INFO  datanode.InitDatanodeState (InitDatanodeState.java:persistContainerDatanodeDetails(140)) - DatanodeDetails is persisted to /workdir/hadoop-ozone/integration-test/target/test-dir/MiniOzoneClusterImpl-25ddea64-d207-408c-b907-17765ca49936/datanode-0/meta/datanode.id
2019-10-02 21:18:13,613 [main] INFO  volume.HddsVolume (HddsVolume.java:<init>(176)) - Creating Volume: /workdir/hadoop-ozone/integration-test/target/test-dir/MiniOzoneClusterImpl-25ddea64-d207-408c-b907-17765ca49936/datanode-1/data/containers/hdds of  storage type : DISK and capacity : 1482555576320
2019-10-02 21:18:13,614 [main] INFO  volume.VolumeSet (VolumeSet.java:initializeVolumeSet(170)) - Added Volume : /workdir/hadoop-ozone/integration-test/target/test-dir/MiniOzoneClusterImpl-25ddea64-d207-408c-b907-17765ca49936/datanode-1/data/containers/hdds to VolumeSet
2019-10-02 21:18:13,614 [main] INFO  volume.ThrottledAsyncChecker (ThrottledAsyncChecker.java:schedule(139)) - Scheduling a check for org.apache.hadoop.ozone.container.common.volume.HddsVolume@6fbf5db2
2019-10-02 21:18:13,614 [main] INFO  volume.HddsVolumeChecker (HddsVolumeChecker.java:checkAllVolumes(202)) - Scheduled health check for volume org.apache.hadoop.ozone.container.common.volume.HddsVolume@6fbf5db2
2019-10-02 21:18:13,626 [main] INFO  impl.RaftServerProxy (ConfUtils.java:logGet(43)) - raft.rpc.type = GRPC (default)
2019-10-02 21:18:13,626 [main] INFO  grpc.GrpcFactory (GrpcFactory.java:checkPooledByteBufAllocatorUseCacheForAllThreads(45)) - PERFORMANCE WARNING: useCacheForAllThreads is true that may cause Netty to create a lot garbage objects and, as a result, trigger GC.
	It is recommended to disable useCacheForAllThreads by setting -Dorg.apache.ratis.thirdparty.io.netty.allocator.useCacheForAllThreads=false in command line.
2019-10-02 21:18:13,627 [main] INFO  grpc.GrpcConfigKeys$Server (ConfUtils.java:logGet(43)) - raft.grpc.server.port = 0 (default)
2019-10-02 21:18:13,627 [main] INFO  server.GrpcService (ConfUtils.java:logGet(43)) - raft.grpc.message.size.max = 33570816 (custom)
2019-10-02 21:18:13,627 [main] INFO  server.RaftServerConfigKeys (ConfUtils.java:logGet(43)) - raft.server.log.appender.buffer.byte-limit = 33554432 (custom)
2019-10-02 21:18:13,627 [main] INFO  server.GrpcService (ConfUtils.java:logGet(43)) - raft.grpc.flow.control.window = 1MB (=1048576) (default)
2019-10-02 21:18:13,627 [main] INFO  server.RaftServerConfigKeys (ConfUtils.java:logGet(43)) - raft.server.rpc.request.timeout = 3000ms (default)
2019-10-02 21:18:13,628 [main] INFO  server.RaftServerConfigKeys (ConfUtils.java:logGet(43)) - raft.server.storage.dir = [/workdir/hadoop-ozone/integration-test/target/test-dir/MiniOzoneClusterImpl-25ddea64-d207-408c-b907-17765ca49936/datanode-1/data/ratis] (custom)
2019-10-02 21:18:13,629 [main] INFO  hdfs.DFSUtil (DFSUtil.java:httpServerTemplateForNNAndJN(1641)) - Starting Web-server for hddsDatanode at: http://0.0.0.0:0
2019-10-02 21:18:13,630 [main] INFO  server.AuthenticationFilter (AuthenticationFilter.java:constructSecretProvider(240)) - Unable to initialize FileSignerSecretProvider, falling back to use random secrets.
2019-10-02 21:18:13,630 [main] WARN  http.HttpRequestLog (HttpRequestLog.java:getRequestLog(97)) - Jetty request log can only be enabled using Log4j
2019-10-02 21:18:13,631 [main] INFO  http.HttpServer2 (HttpServer2.java:addGlobalFilter(975)) - Added global filter 'safety' (class=org.apache.hadoop.http.HttpServer2$QuotingInputFilter)
2019-10-02 21:18:13,632 [main] INFO  http.HttpServer2 (HttpServer2.java:addFilter(948)) - Added filter static_user_filter (class=org.apache.hadoop.http.lib.StaticUserWebFilter$StaticUserFilter) to context hddsDatanode
2019-10-02 21:18:13,632 [main] INFO  http.HttpServer2 (HttpServer2.java:addFilter(958)) - Added filter static_user_filter (class=org.apache.hadoop.http.lib.StaticUserWebFilter$StaticUserFilter) to context static
2019-10-02 21:18:13,632 [main] INFO  http.HttpServer2 (HttpServer2.java:addFilter(958)) - Added filter static_user_filter (class=org.apache.hadoop.http.lib.StaticUserWebFilter$StaticUserFilter) to context logs
2019-10-02 21:18:13,633 [main] INFO  http.HttpServer2 (HttpServer2.java:bindListener(1191)) - Jetty bound to port 39241
2019-10-02 21:18:13,633 [main] INFO  server.Server (Server.java:doStart(351)) - jetty-9.3.25.v20180904, build timestamp: 2018-09-04T21:11:46Z, git hash: 3ce520221d0240229c862b122d2b06c12a625732
2019-10-02 21:18:13,634 [main] INFO  handler.ContextHandler (ContextHandler.java:doStart(781)) - Started o.e.j.s.ServletContextHandler@584ca390{/logs,file:///workdir/hadoop-ozone/integration-test/target/log,AVAILABLE}
2019-10-02 21:18:13,634 [main] INFO  handler.ContextHandler (ContextHandler.java:doStart(781)) - Started o.e.j.s.ServletContextHandler@37d3e140{/static,jar:file:/home/user/.m2/repository/org/apache/hadoop/hadoop-hdds-container-service/0.5.0-SNAPSHOT/hadoop-hdds-container-service-0.5.0-SNAPSHOT.jar!/webapps/static,AVAILABLE}
2019-10-02 21:18:13,661 [main] INFO  handler.ContextHandler (ContextHandler.java:doStart(781)) - Started o.e.j.w.WebAppContext@37775bb1{/,file:///tmp/jetty-0.0.0.0-39241-hddsDatanode-_-any-454843511369730522.dir/webapp/,AVAILABLE}{/hddsDatanode}
2019-10-02 21:18:13,662 [main] INFO  server.AbstractConnector (AbstractConnector.java:doStart(278)) - Started ServerConnector@7b9e25bd{HTTP/1.1,[http/1.1]}{0.0.0.0:39241}
2019-10-02 21:18:13,662 [main] INFO  server.Server (Server.java:doStart(419)) - Started @587164ms
2019-10-02 21:18:13,664 [main] WARN  impl.MetricsSystemImpl (MetricsSystemImpl.java:register(276)) - Sink prometheus already exists!
2019-10-02 21:18:13,665 [main] INFO  server.BaseHttpServer (BaseHttpServer.java:updateConnectorAddress(215)) - HTTP server of HDDSDATANODE is listening at http://0.0.0.0:39241
2019-10-02 21:18:13,665 [main] INFO  impl.MetricsSystemImpl (MetricsSystemImpl.java:init(158)) - HddsDatanode metrics system started (again)
2019-10-02 21:18:13,670 [org.apache.hadoop.util.JvmPauseMonitor$Monitor@421d1720] INFO  util.JvmPauseMonitor (JvmPauseMonitor.java:run(188)) - Starting JVM pause monitor
2019-10-02 21:18:13,670 [main] INFO  ozone.HddsDatanodeService (HddsDatanodeService.java:start(184)) - HddsDatanodeService host:pr-hdds-2200-trunk-mgnwx-192523005 ip:192.168.151.122
2019-10-02 21:18:13,671 [Datanode State Machine Thread - 0] INFO  datanode.InitDatanodeState (InitDatanodeState.java:persistContainerDatanodeDetails(140)) - DatanodeDetails is persisted to /workdir/hadoop-ozone/integration-test/target/test-dir/MiniOzoneClusterImpl-25ddea64-d207-408c-b907-17765ca49936/datanode-1/meta/datanode.id
2019-10-02 21:18:13,677 [main] INFO  volume.HddsVolume (HddsVolume.java:<init>(176)) - Creating Volume: /workdir/hadoop-ozone/integration-test/target/test-dir/MiniOzoneClusterImpl-25ddea64-d207-408c-b907-17765ca49936/datanode-2/data/containers/hdds of  storage type : DISK and capacity : 1482555576320
2019-10-02 21:18:13,677 [main] INFO  volume.VolumeSet (VolumeSet.java:initializeVolumeSet(170)) - Added Volume : /workdir/hadoop-ozone/integration-test/target/test-dir/MiniOzoneClusterImpl-25ddea64-d207-408c-b907-17765ca49936/datanode-2/data/containers/hdds to VolumeSet
2019-10-02 21:18:13,677 [main] INFO  volume.ThrottledAsyncChecker (ThrottledAsyncChecker.java:schedule(139)) - Scheduling a check for org.apache.hadoop.ozone.container.common.volume.HddsVolume@477523ba
2019-10-02 21:18:13,678 [main] INFO  volume.HddsVolumeChecker (HddsVolumeChecker.java:checkAllVolumes(202)) - Scheduled health check for volume org.apache.hadoop.ozone.container.common.volume.HddsVolume@477523ba
2019-10-02 21:18:13,694 [main] INFO  impl.RaftServerProxy (ConfUtils.java:logGet(43)) - raft.rpc.type = GRPC (default)
2019-10-02 21:18:13,694 [main] INFO  grpc.GrpcFactory (GrpcFactory.java:checkPooledByteBufAllocatorUseCacheForAllThreads(45)) - PERFORMANCE WARNING: useCacheForAllThreads is true that may cause Netty to create a lot garbage objects and, as a result, trigger GC.
	It is recommended to disable useCacheForAllThreads by setting -Dorg.apache.ratis.thirdparty.io.netty.allocator.useCacheForAllThreads=false in command line.
2019-10-02 21:18:13,694 [main] INFO  grpc.GrpcConfigKeys$Server (ConfUtils.java:logGet(43)) - raft.grpc.server.port = 0 (default)
2019-10-02 21:18:13,694 [main] INFO  server.GrpcService (ConfUtils.java:logGet(43)) - raft.grpc.message.size.max = 33570816 (custom)
2019-10-02 21:18:13,695 [main] INFO  server.RaftServerConfigKeys (ConfUtils.java:logGet(43)) - raft.server.log.appender.buffer.byte-limit = 33554432 (custom)
2019-10-02 21:18:13,695 [main] INFO  server.GrpcService (ConfUtils.java:logGet(43)) - raft.grpc.flow.control.window = 1MB (=1048576) (default)
2019-10-02 21:18:13,695 [main] INFO  server.RaftServerConfigKeys (ConfUtils.java:logGet(43)) - raft.server.rpc.request.timeout = 3000ms (default)
2019-10-02 21:18:13,696 [main] INFO  server.RaftServerConfigKeys (ConfUtils.java:logGet(43)) - raft.server.storage.dir = [/workdir/hadoop-ozone/integration-test/target/test-dir/MiniOzoneClusterImpl-25ddea64-d207-408c-b907-17765ca49936/datanode-2/data/ratis] (custom)
2019-10-02 21:18:13,697 [main] INFO  hdfs.DFSUtil (DFSUtil.java:httpServerTemplateForNNAndJN(1641)) - Starting Web-server for hddsDatanode at: http://0.0.0.0:0
2019-10-02 21:18:13,698 [main] INFO  server.AuthenticationFilter (AuthenticationFilter.java:constructSecretProvider(240)) - Unable to initialize FileSignerSecretProvider, falling back to use random secrets.
2019-10-02 21:18:13,699 [main] WARN  http.HttpRequestLog (HttpRequestLog.java:getRequestLog(97)) - Jetty request log can only be enabled using Log4j
2019-10-02 21:18:13,700 [main] INFO  http.HttpServer2 (HttpServer2.java:addGlobalFilter(975)) - Added global filter 'safety' (class=org.apache.hadoop.http.HttpServer2$QuotingInputFilter)
2019-10-02 21:18:13,700 [main] INFO  http.HttpServer2 (HttpServer2.java:addFilter(948)) - Added filter static_user_filter (class=org.apache.hadoop.http.lib.StaticUserWebFilter$StaticUserFilter) to context hddsDatanode
2019-10-02 21:18:13,701 [main] INFO  http.HttpServer2 (HttpServer2.java:addFilter(958)) - Added filter static_user_filter (class=org.apache.hadoop.http.lib.StaticUserWebFilter$StaticUserFilter) to context logs
2019-10-02 21:18:13,701 [main] INFO  http.HttpServer2 (HttpServer2.java:addFilter(958)) - Added filter static_user_filter (class=org.apache.hadoop.http.lib.StaticUserWebFilter$StaticUserFilter) to context static
2019-10-02 21:18:13,701 [main] INFO  http.HttpServer2 (HttpServer2.java:bindListener(1191)) - Jetty bound to port 33931
2019-10-02 21:18:13,702 [main] INFO  server.Server (Server.java:doStart(351)) - jetty-9.3.25.v20180904, build timestamp: 2018-09-04T21:11:46Z, git hash: 3ce520221d0240229c862b122d2b06c12a625732
2019-10-02 21:18:13,703 [main] INFO  handler.ContextHandler (ContextHandler.java:doStart(781)) - Started o.e.j.s.ServletContextHandler@71531dd7{/logs,file:///workdir/hadoop-ozone/integration-test/target/log,AVAILABLE}
2019-10-02 21:18:13,703 [main] INFO  handler.ContextHandler (ContextHandler.java:doStart(781)) - Started o.e.j.s.ServletContextHandler@624b3544{/static,jar:file:/home/user/.m2/repository/org/apache/hadoop/hadoop-hdds-container-service/0.5.0-SNAPSHOT/hadoop-hdds-container-service-0.5.0-SNAPSHOT.jar!/webapps/static,AVAILABLE}
2019-10-02 21:18:13,730 [main] INFO  handler.ContextHandler (ContextHandler.java:doStart(781)) - Started o.e.j.w.WebAppContext@27f71195{/,file:///tmp/jetty-0.0.0.0-33931-hddsDatanode-_-any-9010821509419230675.dir/webapp/,AVAILABLE}{/hddsDatanode}
2019-10-02 21:18:13,730 [main] INFO  server.AbstractConnector (AbstractConnector.java:doStart(278)) - Started ServerConnector@340afaf8{HTTP/1.1,[http/1.1]}{0.0.0.0:33931}
2019-10-02 21:18:13,730 [main] INFO  server.Server (Server.java:doStart(419)) - Started @587232ms
2019-10-02 21:18:13,732 [main] WARN  impl.MetricsSystemImpl (MetricsSystemImpl.java:register(276)) - Sink prometheus already exists!
2019-10-02 21:18:13,733 [main] INFO  server.BaseHttpServer (BaseHttpServer.java:updateConnectorAddress(215)) - HTTP server of HDDSDATANODE is listening at http://0.0.0.0:33931
2019-10-02 21:18:13,733 [main] INFO  impl.MetricsSystemImpl (MetricsSystemImpl.java:init(158)) - HddsDatanode metrics system started (again)
2019-10-02 21:18:13,738 [main] INFO  ozone.HddsDatanodeService (HddsDatanodeService.java:start(184)) - HddsDatanodeService host:pr-hdds-2200-trunk-mgnwx-192523005 ip:192.168.151.122
2019-10-02 21:18:13,738 [org.apache.hadoop.util.JvmPauseMonitor$Monitor@753bd078] INFO  util.JvmPauseMonitor (JvmPauseMonitor.java:run(188)) - Starting JVM pause monitor
2019-10-02 21:18:13,740 [Datanode State Machine Thread - 0] INFO  datanode.InitDatanodeState (InitDatanodeState.java:persistContainerDatanodeDetails(140)) - DatanodeDetails is persisted to /workdir/hadoop-ozone/integration-test/target/test-dir/MiniOzoneClusterImpl-25ddea64-d207-408c-b907-17765ca49936/datanode-2/meta/datanode.id
2019-10-02 21:18:13,746 [main] INFO  volume.HddsVolume (HddsVolume.java:<init>(176)) - Creating Volume: /workdir/hadoop-ozone/integration-test/target/test-dir/MiniOzoneClusterImpl-25ddea64-d207-408c-b907-17765ca49936/datanode-3/data/containers/hdds of  storage type : DISK and capacity : 1482555576320
2019-10-02 21:18:13,746 [main] INFO  volume.VolumeSet (VolumeSet.java:initializeVolumeSet(170)) - Added Volume : /workdir/hadoop-ozone/integration-test/target/test-dir/MiniOzoneClusterImpl-25ddea64-d207-408c-b907-17765ca49936/datanode-3/data/containers/hdds to VolumeSet
2019-10-02 21:18:13,746 [main] INFO  volume.ThrottledAsyncChecker (ThrottledAsyncChecker.java:schedule(139)) - Scheduling a check for org.apache.hadoop.ozone.container.common.volume.HddsVolume@2ce524d2
2019-10-02 21:18:13,747 [main] INFO  volume.HddsVolumeChecker (HddsVolumeChecker.java:checkAllVolumes(202)) - Scheduled health check for volume org.apache.hadoop.ozone.container.common.volume.HddsVolume@2ce524d2
2019-10-02 21:18:13,759 [main] INFO  impl.RaftServerProxy (ConfUtils.java:logGet(43)) - raft.rpc.type = GRPC (default)
2019-10-02 21:18:13,759 [main] INFO  grpc.GrpcFactory (GrpcFactory.java:checkPooledByteBufAllocatorUseCacheForAllThreads(45)) - PERFORMANCE WARNING: useCacheForAllThreads is true that may cause Netty to create a lot garbage objects and, as a result, trigger GC.
	It is recommended to disable useCacheForAllThreads by setting -Dorg.apache.ratis.thirdparty.io.netty.allocator.useCacheForAllThreads=false in command line.
2019-10-02 21:18:13,759 [main] INFO  grpc.GrpcConfigKeys$Server (ConfUtils.java:logGet(43)) - raft.grpc.server.port = 0 (default)
2019-10-02 21:18:13,759 [main] INFO  server.GrpcService (ConfUtils.java:logGet(43)) - raft.grpc.message.size.max = 33570816 (custom)
2019-10-02 21:18:13,759 [main] INFO  server.RaftServerConfigKeys (ConfUtils.java:logGet(43)) - raft.server.log.appender.buffer.byte-limit = 33554432 (custom)
2019-10-02 21:18:13,759 [main] INFO  server.GrpcService (ConfUtils.java:logGet(43)) - raft.grpc.flow.control.window = 1MB (=1048576) (default)
2019-10-02 21:18:13,760 [main] INFO  server.RaftServerConfigKeys (ConfUtils.java:logGet(43)) - raft.server.rpc.request.timeout = 3000ms (default)
2019-10-02 21:18:13,760 [main] INFO  server.RaftServerConfigKeys (ConfUtils.java:logGet(43)) - raft.server.storage.dir = [/workdir/hadoop-ozone/integration-test/target/test-dir/MiniOzoneClusterImpl-25ddea64-d207-408c-b907-17765ca49936/datanode-3/data/ratis] (custom)
2019-10-02 21:18:13,761 [main] INFO  hdfs.DFSUtil (DFSUtil.java:httpServerTemplateForNNAndJN(1641)) - Starting Web-server for hddsDatanode at: http://0.0.0.0:0
2019-10-02 21:18:13,762 [main] INFO  server.AuthenticationFilter (AuthenticationFilter.java:constructSecretProvider(240)) - Unable to initialize FileSignerSecretProvider, falling back to use random secrets.
2019-10-02 21:18:13,763 [main] WARN  http.HttpRequestLog (HttpRequestLog.java:getRequestLog(97)) - Jetty request log can only be enabled using Log4j
2019-10-02 21:18:13,764 [main] INFO  http.HttpServer2 (HttpServer2.java:addGlobalFilter(975)) - Added global filter 'safety' (class=org.apache.hadoop.http.HttpServer2$QuotingInputFilter)
2019-10-02 21:18:13,764 [main] INFO  http.HttpServer2 (HttpServer2.java:addFilter(948)) - Added filter static_user_filter (class=org.apache.hadoop.http.lib.StaticUserWebFilter$StaticUserFilter) to context hddsDatanode
2019-10-02 21:18:13,764 [main] INFO  http.HttpServer2 (HttpServer2.java:addFilter(958)) - Added filter static_user_filter (class=org.apache.hadoop.http.lib.StaticUserWebFilter$StaticUserFilter) to context logs
2019-10-02 21:18:13,764 [main] INFO  http.HttpServer2 (HttpServer2.java:addFilter(958)) - Added filter static_user_filter (class=org.apache.hadoop.http.lib.StaticUserWebFilter$StaticUserFilter) to context static
2019-10-02 21:18:13,765 [main] INFO  http.HttpServer2 (HttpServer2.java:bindListener(1191)) - Jetty bound to port 46246
2019-10-02 21:18:13,765 [main] INFO  server.Server (Server.java:doStart(351)) - jetty-9.3.25.v20180904, build timestamp: 2018-09-04T21:11:46Z, git hash: 3ce520221d0240229c862b122d2b06c12a625732
2019-10-02 21:18:13,766 [main] INFO  handler.ContextHandler (ContextHandler.java:doStart(781)) - Started o.e.j.s.ServletContextHandler@70be89ec{/logs,file:///workdir/hadoop-ozone/integration-test/target/log,AVAILABLE}
2019-10-02 21:18:13,767 [main] INFO  handler.ContextHandler (ContextHandler.java:doStart(781)) - Started o.e.j.s.ServletContextHandler@19a5b637{/static,jar:file:/home/user/.m2/repository/org/apache/hadoop/hadoop-hdds-container-service/0.5.0-SNAPSHOT/hadoop-hdds-container-service-0.5.0-SNAPSHOT.jar!/webapps/static,AVAILABLE}
2019-10-02 21:18:13,793 [main] INFO  handler.ContextHandler (ContextHandler.java:doStart(781)) - Started o.e.j.w.WebAppContext@458031da{/,file:///tmp/jetty-0.0.0.0-46246-hddsDatanode-_-any-4251679813218260878.dir/webapp/,AVAILABLE}{/hddsDatanode}
2019-10-02 21:18:13,793 [main] INFO  server.AbstractConnector (AbstractConnector.java:doStart(278)) - Started ServerConnector@7be94cd6{HTTP/1.1,[http/1.1]}{0.0.0.0:46246}
2019-10-02 21:18:13,794 [main] INFO  server.Server (Server.java:doStart(419)) - Started @587296ms
2019-10-02 21:18:13,796 [main] WARN  impl.MetricsSystemImpl (MetricsSystemImpl.java:register(276)) - Sink prometheus already exists!
2019-10-02 21:18:13,797 [main] INFO  server.BaseHttpServer (BaseHttpServer.java:updateConnectorAddress(215)) - HTTP server of HDDSDATANODE is listening at http://0.0.0.0:46246
2019-10-02 21:18:13,797 [main] INFO  impl.MetricsSystemImpl (MetricsSystemImpl.java:init(158)) - HddsDatanode metrics system started (again)
2019-10-02 21:18:13,802 [main] INFO  ozone.HddsDatanodeService (HddsDatanodeService.java:start(184)) - HddsDatanodeService host:pr-hdds-2200-trunk-mgnwx-192523005 ip:192.168.151.122
2019-10-02 21:18:13,802 [org.apache.hadoop.util.JvmPauseMonitor$Monitor@7028fea] INFO  util.JvmPauseMonitor (JvmPauseMonitor.java:run(188)) - Starting JVM pause monitor
2019-10-02 21:18:13,803 [Datanode State Machine Thread - 0] INFO  datanode.InitDatanodeState (InitDatanodeState.java:persistContainerDatanodeDetails(140)) - DatanodeDetails is persisted to /workdir/hadoop-ozone/integration-test/target/test-dir/MiniOzoneClusterImpl-25ddea64-d207-408c-b907-17765ca49936/datanode-3/meta/datanode.id
2019-10-02 21:18:13,810 [main] INFO  volume.HddsVolume (HddsVolume.java:<init>(176)) - Creating Volume: /workdir/hadoop-ozone/integration-test/target/test-dir/MiniOzoneClusterImpl-25ddea64-d207-408c-b907-17765ca49936/datanode-4/data/containers/hdds of  storage type : DISK and capacity : 1482555576320
2019-10-02 21:18:13,810 [main] INFO  volume.VolumeSet (VolumeSet.java:initializeVolumeSet(170)) - Added Volume : /workdir/hadoop-ozone/integration-test/target/test-dir/MiniOzoneClusterImpl-25ddea64-d207-408c-b907-17765ca49936/datanode-4/data/containers/hdds to VolumeSet
2019-10-02 21:18:13,810 [main] INFO  volume.ThrottledAsyncChecker (ThrottledAsyncChecker.java:schedule(139)) - Scheduling a check for org.apache.hadoop.ozone.container.common.volume.HddsVolume@9408857
2019-10-02 21:18:13,810 [main] INFO  volume.HddsVolumeChecker (HddsVolumeChecker.java:checkAllVolumes(202)) - Scheduled health check for volume org.apache.hadoop.ozone.container.common.volume.HddsVolume@9408857
2019-10-02 21:18:13,823 [main] INFO  impl.RaftServerProxy (ConfUtils.java:logGet(43)) - raft.rpc.type = GRPC (default)
2019-10-02 21:18:13,823 [main] INFO  grpc.GrpcFactory (GrpcFactory.java:checkPooledByteBufAllocatorUseCacheForAllThreads(45)) - PERFORMANCE WARNING: useCacheForAllThreads is true that may cause Netty to create a lot garbage objects and, as a result, trigger GC.
	It is recommended to disable useCacheForAllThreads by setting -Dorg.apache.ratis.thirdparty.io.netty.allocator.useCacheForAllThreads=false in command line.
2019-10-02 21:18:13,824 [main] INFO  grpc.GrpcConfigKeys$Server (ConfUtils.java:logGet(43)) - raft.grpc.server.port = 0 (default)
2019-10-02 21:18:13,824 [main] INFO  server.GrpcService (ConfUtils.java:logGet(43)) - raft.grpc.message.size.max = 33570816 (custom)
2019-10-02 21:18:13,824 [main] INFO  server.RaftServerConfigKeys (ConfUtils.java:logGet(43)) - raft.server.log.appender.buffer.byte-limit = 33554432 (custom)
2019-10-02 21:18:13,824 [main] INFO  server.GrpcService (ConfUtils.java:logGet(43)) - raft.grpc.flow.control.window = 1MB (=1048576) (default)
2019-10-02 21:18:13,824 [main] INFO  server.RaftServerConfigKeys (ConfUtils.java:logGet(43)) - raft.server.rpc.request.timeout = 3000ms (default)
2019-10-02 21:18:13,825 [main] INFO  server.RaftServerConfigKeys (ConfUtils.java:logGet(43)) - raft.server.storage.dir = [/workdir/hadoop-ozone/integration-test/target/test-dir/MiniOzoneClusterImpl-25ddea64-d207-408c-b907-17765ca49936/datanode-4/data/ratis] (custom)
2019-10-02 21:18:13,826 [main] INFO  hdfs.DFSUtil (DFSUtil.java:httpServerTemplateForNNAndJN(1641)) - Starting Web-server for hddsDatanode at: http://0.0.0.0:0
2019-10-02 21:18:13,827 [main] INFO  server.AuthenticationFilter (AuthenticationFilter.java:constructSecretProvider(240)) - Unable to initialize FileSignerSecretProvider, falling back to use random secrets.
2019-10-02 21:18:13,828 [main] WARN  http.HttpRequestLog (HttpRequestLog.java:getRequestLog(97)) - Jetty request log can only be enabled using Log4j
2019-10-02 21:18:13,829 [main] INFO  http.HttpServer2 (HttpServer2.java:addGlobalFilter(975)) - Added global filter 'safety' (class=org.apache.hadoop.http.HttpServer2$QuotingInputFilter)
2019-10-02 21:18:13,829 [main] INFO  http.HttpServer2 (HttpServer2.java:addFilter(948)) - Added filter static_user_filter (class=org.apache.hadoop.http.lib.StaticUserWebFilter$StaticUserFilter) to context hddsDatanode
2019-10-02 21:18:13,829 [main] INFO  http.HttpServer2 (HttpServer2.java:addFilter(958)) - Added filter static_user_filter (class=org.apache.hadoop.http.lib.StaticUserWebFilter$StaticUserFilter) to context logs
2019-10-02 21:18:13,829 [main] INFO  http.HttpServer2 (HttpServer2.java:addFilter(958)) - Added filter static_user_filter (class=org.apache.hadoop.http.lib.StaticUserWebFilter$StaticUserFilter) to context static
2019-10-02 21:18:13,830 [main] INFO  http.HttpServer2 (HttpServer2.java:bindListener(1191)) - Jetty bound to port 38077
2019-10-02 21:18:13,830 [main] INFO  server.Server (Server.java:doStart(351)) - jetty-9.3.25.v20180904, build timestamp: 2018-09-04T21:11:46Z, git hash: 3ce520221d0240229c862b122d2b06c12a625732
2019-10-02 21:18:13,831 [main] INFO  handler.ContextHandler (ContextHandler.java:doStart(781)) - Started o.e.j.s.ServletContextHandler@597d48ca{/logs,file:///workdir/hadoop-ozone/integration-test/target/log,AVAILABLE}
2019-10-02 21:18:13,832 [main] INFO  handler.ContextHandler (ContextHandler.java:doStart(781)) - Started o.e.j.s.ServletContextHandler@2c7c0e36{/static,jar:file:/home/user/.m2/repository/org/apache/hadoop/hadoop-hdds-container-service/0.5.0-SNAPSHOT/hadoop-hdds-container-service-0.5.0-SNAPSHOT.jar!/webapps/static,AVAILABLE}
2019-10-02 21:18:13,858 [main] INFO  handler.ContextHandler (ContextHandler.java:doStart(781)) - Started o.e.j.w.WebAppContext@123307c4{/,file:///tmp/jetty-0.0.0.0-38077-hddsDatanode-_-any-1871527445279960189.dir/webapp/,AVAILABLE}{/hddsDatanode}
2019-10-02 21:18:13,859 [main] INFO  server.AbstractConnector (AbstractConnector.java:doStart(278)) - Started ServerConnector@1693ff90{HTTP/1.1,[http/1.1]}{0.0.0.0:38077}
2019-10-02 21:18:13,859 [main] INFO  server.Server (Server.java:doStart(419)) - Started @587361ms
2019-10-02 21:18:13,862 [main] WARN  impl.MetricsSystemImpl (MetricsSystemImpl.java:register(276)) - Sink prometheus already exists!
2019-10-02 21:18:13,869 [main] INFO  server.BaseHttpServer (BaseHttpServer.java:updateConnectorAddress(215)) - HTTP server of HDDSDATANODE is listening at http://0.0.0.0:38077
2019-10-02 21:18:13,870 [main] INFO  impl.MetricsSystemImpl (MetricsSystemImpl.java:init(158)) - HddsDatanode metrics system started (again)
2019-10-02 21:18:13,875 [org.apache.hadoop.util.JvmPauseMonitor$Monitor@3c4bef22] INFO  util.JvmPauseMonitor (JvmPauseMonitor.java:run(188)) - Starting JVM pause monitor
2019-10-02 21:18:13,876 [main] INFO  ozone.HddsDatanodeService (HddsDatanodeService.java:start(184)) - HddsDatanodeService host:pr-hdds-2200-trunk-mgnwx-192523005 ip:192.168.151.122
2019-10-02 21:18:13,877 [Datanode State Machine Thread - 0] INFO  datanode.InitDatanodeState (InitDatanodeState.java:persistContainerDatanodeDetails(140)) - DatanodeDetails is persisted to /workdir/hadoop-ozone/integration-test/target/test-dir/MiniOzoneClusterImpl-25ddea64-d207-408c-b907-17765ca49936/datanode-4/meta/datanode.id
2019-10-02 21:18:13,883 [main] INFO  volume.HddsVolume (HddsVolume.java:<init>(176)) - Creating Volume: /workdir/hadoop-ozone/integration-test/target/test-dir/MiniOzoneClusterImpl-25ddea64-d207-408c-b907-17765ca49936/datanode-5/data/containers/hdds of  storage type : DISK and capacity : 1482555576320
2019-10-02 21:18:13,883 [main] INFO  volume.VolumeSet (VolumeSet.java:initializeVolumeSet(170)) - Added Volume : /workdir/hadoop-ozone/integration-test/target/test-dir/MiniOzoneClusterImpl-25ddea64-d207-408c-b907-17765ca49936/datanode-5/data/containers/hdds to VolumeSet
2019-10-02 21:18:13,883 [main] INFO  volume.ThrottledAsyncChecker (ThrottledAsyncChecker.java:schedule(139)) - Scheduling a check for org.apache.hadoop.ozone.container.common.volume.HddsVolume@6ce26986
2019-10-02 21:18:13,884 [main] INFO  volume.HddsVolumeChecker (HddsVolumeChecker.java:checkAllVolumes(202)) - Scheduled health check for volume org.apache.hadoop.ozone.container.common.volume.HddsVolume@6ce26986
2019-10-02 21:18:13,896 [main] INFO  impl.RaftServerProxy (ConfUtils.java:logGet(43)) - raft.rpc.type = GRPC (default)
2019-10-02 21:18:13,897 [main] INFO  grpc.GrpcFactory (GrpcFactory.java:checkPooledByteBufAllocatorUseCacheForAllThreads(45)) - PERFORMANCE WARNING: useCacheForAllThreads is true that may cause Netty to create a lot garbage objects and, as a result, trigger GC.
	It is recommended to disable useCacheForAllThreads by setting -Dorg.apache.ratis.thirdparty.io.netty.allocator.useCacheForAllThreads=false in command line.
2019-10-02 21:18:13,897 [main] INFO  grpc.GrpcConfigKeys$Server (ConfUtils.java:logGet(43)) - raft.grpc.server.port = 0 (default)
2019-10-02 21:18:13,897 [main] INFO  server.GrpcService (ConfUtils.java:logGet(43)) - raft.grpc.message.size.max = 33570816 (custom)
2019-10-02 21:18:13,897 [main] INFO  server.RaftServerConfigKeys (ConfUtils.java:logGet(43)) - raft.server.log.appender.buffer.byte-limit = 33554432 (custom)
2019-10-02 21:18:13,897 [main] INFO  server.GrpcService (ConfUtils.java:logGet(43)) - raft.grpc.flow.control.window = 1MB (=1048576) (default)
2019-10-02 21:18:13,898 [main] INFO  server.RaftServerConfigKeys (ConfUtils.java:logGet(43)) - raft.server.rpc.request.timeout = 3000ms (default)
2019-10-02 21:18:13,898 [main] INFO  server.RaftServerConfigKeys (ConfUtils.java:logGet(43)) - raft.server.storage.dir = [/workdir/hadoop-ozone/integration-test/target/test-dir/MiniOzoneClusterImpl-25ddea64-d207-408c-b907-17765ca49936/datanode-5/data/ratis] (custom)
2019-10-02 21:18:13,899 [main] INFO  hdfs.DFSUtil (DFSUtil.java:httpServerTemplateForNNAndJN(1641)) - Starting Web-server for hddsDatanode at: http://0.0.0.0:0
2019-10-02 21:18:13,900 [main] INFO  server.AuthenticationFilter (AuthenticationFilter.java:constructSecretProvider(240)) - Unable to initialize FileSignerSecretProvider, falling back to use random secrets.
2019-10-02 21:18:13,901 [main] WARN  http.HttpRequestLog (HttpRequestLog.java:getRequestLog(97)) - Jetty request log can only be enabled using Log4j
2019-10-02 21:18:13,902 [main] INFO  http.HttpServer2 (HttpServer2.java:addGlobalFilter(975)) - Added global filter 'safety' (class=org.apache.hadoop.http.HttpServer2$QuotingInputFilter)
2019-10-02 21:18:13,902 [main] INFO  http.HttpServer2 (HttpServer2.java:addFilter(948)) - Added filter static_user_filter (class=org.apache.hadoop.http.lib.StaticUserWebFilter$StaticUserFilter) to context hddsDatanode
2019-10-02 21:18:13,902 [main] INFO  http.HttpServer2 (HttpServer2.java:addFilter(958)) - Added filter static_user_filter (class=org.apache.hadoop.http.lib.StaticUserWebFilter$StaticUserFilter) to context logs
2019-10-02 21:18:13,902 [main] INFO  http.HttpServer2 (HttpServer2.java:addFilter(958)) - Added filter static_user_filter (class=org.apache.hadoop.http.lib.StaticUserWebFilter$StaticUserFilter) to context static
2019-10-02 21:18:13,903 [main] INFO  http.HttpServer2 (HttpServer2.java:bindListener(1191)) - Jetty bound to port 45194
2019-10-02 21:18:13,903 [main] INFO  server.Server (Server.java:doStart(351)) - jetty-9.3.25.v20180904, build timestamp: 2018-09-04T21:11:46Z, git hash: 3ce520221d0240229c862b122d2b06c12a625732
2019-10-02 21:18:13,904 [main] INFO  handler.ContextHandler (ContextHandler.java:doStart(781)) - Started o.e.j.s.ServletContextHandler@39f0c343{/logs,file:///workdir/hadoop-ozone/integration-test/target/log,AVAILABLE}
2019-10-02 21:18:13,905 [main] INFO  handler.ContextHandler (ContextHandler.java:doStart(781)) - Started o.e.j.s.ServletContextHandler@2abc55c4{/static,jar:file:/home/user/.m2/repository/org/apache/hadoop/hadoop-hdds-container-service/0.5.0-SNAPSHOT/hadoop-hdds-container-service-0.5.0-SNAPSHOT.jar!/webapps/static,AVAILABLE}
2019-10-02 21:18:13,932 [main] INFO  handler.ContextHandler (ContextHandler.java:doStart(781)) - Started o.e.j.w.WebAppContext@10ed037a{/,file:///tmp/jetty-0.0.0.0-45194-hddsDatanode-_-any-814006790564612073.dir/webapp/,AVAILABLE}{/hddsDatanode}
2019-10-02 21:18:13,932 [main] INFO  server.AbstractConnector (AbstractConnector.java:doStart(278)) - Started ServerConnector@76e4212{HTTP/1.1,[http/1.1]}{0.0.0.0:45194}
2019-10-02 21:18:13,934 [main] INFO  server.Server (Server.java:doStart(419)) - Started @587436ms
2019-10-02 21:18:13,934 [main] WARN  impl.MetricsSystemImpl (MetricsSystemImpl.java:register(276)) - Sink prometheus already exists!
2019-10-02 21:18:13,935 [main] INFO  server.BaseHttpServer (BaseHttpServer.java:updateConnectorAddress(215)) - HTTP server of HDDSDATANODE is listening at http://0.0.0.0:45194
2019-10-02 21:18:13,935 [main] INFO  impl.MetricsSystemImpl (MetricsSystemImpl.java:init(158)) - HddsDatanode metrics system started (again)
2019-10-02 21:18:13,941 [org.apache.hadoop.util.JvmPauseMonitor$Monitor@5078f73e] INFO  util.JvmPauseMonitor (JvmPauseMonitor.java:run(188)) - Starting JVM pause monitor
2019-10-02 21:18:13,941 [main] INFO  ozone.HddsDatanodeService (HddsDatanodeService.java:start(184)) - HddsDatanodeService host:pr-hdds-2200-trunk-mgnwx-192523005 ip:192.168.151.122
2019-10-02 21:18:13,943 [Datanode State Machine Thread - 0] INFO  datanode.InitDatanodeState (InitDatanodeState.java:persistContainerDatanodeDetails(140)) - DatanodeDetails is persisted to /workdir/hadoop-ozone/integration-test/target/test-dir/MiniOzoneClusterImpl-25ddea64-d207-408c-b907-17765ca49936/datanode-5/meta/datanode.id
2019-10-02 21:18:13,948 [main] INFO  volume.HddsVolume (HddsVolume.java:<init>(176)) - Creating Volume: /workdir/hadoop-ozone/integration-test/target/test-dir/MiniOzoneClusterImpl-25ddea64-d207-408c-b907-17765ca49936/datanode-6/data/containers/hdds of  storage type : DISK and capacity : 1482555576320
2019-10-02 21:18:13,948 [main] INFO  volume.VolumeSet (VolumeSet.java:initializeVolumeSet(170)) - Added Volume : /workdir/hadoop-ozone/integration-test/target/test-dir/MiniOzoneClusterImpl-25ddea64-d207-408c-b907-17765ca49936/datanode-6/data/containers/hdds to VolumeSet
2019-10-02 21:18:13,949 [main] INFO  volume.ThrottledAsyncChecker (ThrottledAsyncChecker.java:schedule(139)) - Scheduling a check for org.apache.hadoop.ozone.container.common.volume.HddsVolume@798cf6d2
2019-10-02 21:18:13,949 [main] INFO  volume.HddsVolumeChecker (HddsVolumeChecker.java:checkAllVolumes(202)) - Scheduled health check for volume org.apache.hadoop.ozone.container.common.volume.HddsVolume@798cf6d2
2019-10-02 21:18:13,965 [main] INFO  impl.RaftServerProxy (ConfUtils.java:logGet(43)) - raft.rpc.type = GRPC (default)
2019-10-02 21:18:13,965 [main] INFO  grpc.GrpcFactory (GrpcFactory.java:checkPooledByteBufAllocatorUseCacheForAllThreads(45)) - PERFORMANCE WARNING: useCacheForAllThreads is true that may cause Netty to create a lot garbage objects and, as a result, trigger GC.
	It is recommended to disable useCacheForAllThreads by setting -Dorg.apache.ratis.thirdparty.io.netty.allocator.useCacheForAllThreads=false in command line.
2019-10-02 21:18:13,965 [main] INFO  grpc.GrpcConfigKeys$Server (ConfUtils.java:logGet(43)) - raft.grpc.server.port = 0 (default)
2019-10-02 21:18:13,966 [main] INFO  server.GrpcService (ConfUtils.java:logGet(43)) - raft.grpc.message.size.max = 33570816 (custom)
2019-10-02 21:18:13,966 [main] INFO  server.RaftServerConfigKeys (ConfUtils.java:logGet(43)) - raft.server.log.appender.buffer.byte-limit = 33554432 (custom)
2019-10-02 21:18:13,966 [main] INFO  server.GrpcService (ConfUtils.java:logGet(43)) - raft.grpc.flow.control.window = 1MB (=1048576) (default)
2019-10-02 21:18:13,966 [main] INFO  server.RaftServerConfigKeys (ConfUtils.java:logGet(43)) - raft.server.rpc.request.timeout = 3000ms (default)
2019-10-02 21:18:13,967 [main] INFO  server.RaftServerConfigKeys (ConfUtils.java:logGet(43)) - raft.server.storage.dir = [/workdir/hadoop-ozone/integration-test/target/test-dir/MiniOzoneClusterImpl-25ddea64-d207-408c-b907-17765ca49936/datanode-6/data/ratis] (custom)
2019-10-02 21:18:13,969 [main] INFO  hdfs.DFSUtil (DFSUtil.java:httpServerTemplateForNNAndJN(1641)) - Starting Web-server for hddsDatanode at: http://0.0.0.0:0
2019-10-02 21:18:13,971 [main] INFO  server.AuthenticationFilter (AuthenticationFilter.java:constructSecretProvider(240)) - Unable to initialize FileSignerSecretProvider, falling back to use random secrets.
2019-10-02 21:18:13,972 [main] WARN  http.HttpRequestLog (HttpRequestLog.java:getRequestLog(97)) - Jetty request log can only be enabled using Log4j
2019-10-02 21:18:13,973 [main] INFO  http.HttpServer2 (HttpServer2.java:addGlobalFilter(975)) - Added global filter 'safety' (class=org.apache.hadoop.http.HttpServer2$QuotingInputFilter)
2019-10-02 21:18:13,974 [main] INFO  http.HttpServer2 (HttpServer2.java:addFilter(948)) - Added filter static_user_filter (class=org.apache.hadoop.http.lib.StaticUserWebFilter$StaticUserFilter) to context hddsDatanode
2019-10-02 21:18:13,974 [main] INFO  http.HttpServer2 (HttpServer2.java:addFilter(958)) - Added filter static_user_filter (class=org.apache.hadoop.http.lib.StaticUserWebFilter$StaticUserFilter) to context logs
2019-10-02 21:18:13,974 [main] INFO  http.HttpServer2 (HttpServer2.java:addFilter(958)) - Added filter static_user_filter (class=org.apache.hadoop.http.lib.StaticUserWebFilter$StaticUserFilter) to context static
2019-10-02 21:18:13,977 [main] INFO  http.HttpServer2 (HttpServer2.java:bindListener(1191)) - Jetty bound to port 38146
2019-10-02 21:18:13,978 [main] INFO  server.Server (Server.java:doStart(351)) - jetty-9.3.25.v20180904, build timestamp: 2018-09-04T21:11:46Z, git hash: 3ce520221d0240229c862b122d2b06c12a625732
2019-10-02 21:18:13,979 [main] INFO  handler.ContextHandler (ContextHandler.java:doStart(781)) - Started o.e.j.s.ServletContextHandler@204d9edf{/logs,file:///workdir/hadoop-ozone/integration-test/target/log,AVAILABLE}
2019-10-02 21:18:13,980 [main] INFO  handler.ContextHandler (ContextHandler.java:doStart(781)) - Started o.e.j.s.ServletContextHandler@50cbcca7{/static,jar:file:/home/user/.m2/repository/org/apache/hadoop/hadoop-hdds-container-service/0.5.0-SNAPSHOT/hadoop-hdds-container-service-0.5.0-SNAPSHOT.jar!/webapps/static,AVAILABLE}
2019-10-02 21:18:14,007 [main] INFO  handler.ContextHandler (ContextHandler.java:doStart(781)) - Started o.e.j.w.WebAppContext@625487a6{/,file:///tmp/jetty-0.0.0.0-38146-hddsDatanode-_-any-5337284495538956044.dir/webapp/,AVAILABLE}{/hddsDatanode}
2019-10-02 21:18:14,007 [main] INFO  server.AbstractConnector (AbstractConnector.java:doStart(278)) - Started ServerConnector@682e445e{HTTP/1.1,[http/1.1]}{0.0.0.0:38146}
2019-10-02 21:18:14,016 [main] INFO  server.Server (Server.java:doStart(419)) - Started @587518ms
2019-10-02 21:18:14,016 [main] WARN  impl.MetricsSystemImpl (MetricsSystemImpl.java:register(276)) - Sink prometheus already exists!
2019-10-02 21:18:14,017 [main] INFO  server.BaseHttpServer (BaseHttpServer.java:updateConnectorAddress(215)) - HTTP server of HDDSDATANODE is listening at http://0.0.0.0:38146
2019-10-02 21:18:14,017 [main] INFO  ozone.MiniOzoneClusterImpl (MiniOzoneClusterImpl.java:lambda$waitForClusterToBeReady$0(147)) - Waiting for cluster to be ready. Got 0 of 7 DN Heartbeats.
2019-10-02 21:18:14,018 [org.apache.hadoop.util.JvmPauseMonitor$Monitor@5a377a30] INFO  util.JvmPauseMonitor (JvmPauseMonitor.java:run(188)) - Starting JVM pause monitor
2019-10-02 21:18:14,020 [Datanode State Machine Thread - 0] INFO  datanode.InitDatanodeState (InitDatanodeState.java:persistContainerDatanodeDetails(140)) - DatanodeDetails is persisted to /workdir/hadoop-ozone/integration-test/target/test-dir/MiniOzoneClusterImpl-25ddea64-d207-408c-b907-17765ca49936/datanode-6/meta/datanode.id
2019-10-02 21:18:15,018 [main] INFO  ozone.MiniOzoneClusterImpl (MiniOzoneClusterImpl.java:lambda$waitForClusterToBeReady$0(147)) - Waiting for cluster to be ready. Got 0 of 7 DN Heartbeats.
2019-10-02 21:18:15,638 [Datanode State Machine Thread - 0] INFO  ozoneimpl.OzoneContainer (OzoneContainer.java:start(217)) - Attempting to start container services.
2019-10-02 21:18:15,639 [Datanode State Machine Thread - 0] INFO  ozoneimpl.OzoneContainer (OzoneContainer.java:startContainerScrub(179)) - Background container scanner has been disabled.
2019-10-02 21:18:15,639 [Datanode State Machine Thread - 0] INFO  ratis.XceiverServerRatis (XceiverServerRatis.java:start(417)) - Starting XceiverServerRatis 2e6c7c75-c299-4730-9b1b-71cf3d67f0ed at port 0
2019-10-02 21:18:15,646 [Datanode State Machine Thread - 0] INFO  impl.RaftServerProxy (RaftServerProxy.java:lambda$start$3(299)) - 2e6c7c75-c299-4730-9b1b-71cf3d67f0ed: start RPC server
2019-10-02 21:18:15,649 [Datanode State Machine Thread - 0] INFO  server.GrpcService (GrpcService.java:startImpl(158)) - 2e6c7c75-c299-4730-9b1b-71cf3d67f0ed: GrpcService started, listening on 0.0.0.0/0.0.0.0:45222
2019-10-02 21:18:15,649 [Datanode State Machine Thread - 0] INFO  ratis.XceiverServerRatis (XceiverServerRatis.java:start(427)) - XceiverServerRatis 2e6c7c75-c299-4730-9b1b-71cf3d67f0ed is started using port 45222
2019-10-02 21:18:15,650 [Datanode State Machine Thread - 0] INFO  server.XceiverServerGrpc (XceiverServerGrpc.java:start(149)) - XceiverServerGrpc 2e6c7c75-c299-4730-9b1b-71cf3d67f0ed is started using port 42277
2019-10-02 21:18:15,685 [Datanode State Machine Thread - 0] INFO  ozoneimpl.OzoneContainer (OzoneContainer.java:start(217)) - Attempting to start container services.
2019-10-02 21:18:15,685 [Datanode State Machine Thread - 0] INFO  ozoneimpl.OzoneContainer (OzoneContainer.java:startContainerScrub(179)) - Background container scanner has been disabled.
2019-10-02 21:18:15,685 [Datanode State Machine Thread - 0] INFO  ratis.XceiverServerRatis (XceiverServerRatis.java:start(417)) - Starting XceiverServerRatis 480ea95e-ee97-48dd-ba86-160bad61f78a at port 0
2019-10-02 21:18:15,689 [Datanode State Machine Thread - 0] INFO  impl.RaftServerProxy (RaftServerProxy.java:lambda$start$3(299)) - 480ea95e-ee97-48dd-ba86-160bad61f78a: start RPC server
2019-10-02 21:18:15,691 [Datanode State Machine Thread - 0] INFO  server.GrpcService (GrpcService.java:startImpl(158)) - 480ea95e-ee97-48dd-ba86-160bad61f78a: GrpcService started, listening on 0.0.0.0/0.0.0.0:40548
2019-10-02 21:18:15,699 [Datanode State Machine Thread - 0] INFO  ratis.XceiverServerRatis (XceiverServerRatis.java:start(427)) - XceiverServerRatis 480ea95e-ee97-48dd-ba86-160bad61f78a is started using port 40548
2019-10-02 21:18:15,700 [Datanode State Machine Thread - 0] INFO  server.XceiverServerGrpc (XceiverServerGrpc.java:start(149)) - XceiverServerGrpc 480ea95e-ee97-48dd-ba86-160bad61f78a is started using port 46721
2019-10-02 21:18:15,752 [Datanode State Machine Thread - 0] INFO  ozoneimpl.OzoneContainer (OzoneContainer.java:start(217)) - Attempting to start container services.
2019-10-02 21:18:15,752 [Datanode State Machine Thread - 0] INFO  ozoneimpl.OzoneContainer (OzoneContainer.java:startContainerScrub(179)) - Background container scanner has been disabled.
2019-10-02 21:18:15,752 [Datanode State Machine Thread - 0] INFO  ratis.XceiverServerRatis (XceiverServerRatis.java:start(417)) - Starting XceiverServerRatis 1c893cf2-42ed-44e2-a93b-04c4be59773d at port 0
2019-10-02 21:18:15,759 [Datanode State Machine Thread - 0] INFO  impl.RaftServerProxy (RaftServerProxy.java:lambda$start$3(299)) - 1c893cf2-42ed-44e2-a93b-04c4be59773d: start RPC server
2019-10-02 21:18:15,759 [Datanode State Machine Thread - 0] INFO  server.GrpcService (GrpcService.java:startImpl(158)) - 1c893cf2-42ed-44e2-a93b-04c4be59773d: GrpcService started, listening on 0.0.0.0/0.0.0.0:35490
2019-10-02 21:18:15,759 [Datanode State Machine Thread - 0] INFO  ratis.XceiverServerRatis (XceiverServerRatis.java:start(427)) - XceiverServerRatis 1c893cf2-42ed-44e2-a93b-04c4be59773d is started using port 35490
2019-10-02 21:18:15,762 [Datanode State Machine Thread - 0] INFO  server.XceiverServerGrpc (XceiverServerGrpc.java:start(149)) - XceiverServerGrpc 1c893cf2-42ed-44e2-a93b-04c4be59773d is started using port 38355
2019-10-02 21:18:15,817 [Datanode State Machine Thread - 0] INFO  ozoneimpl.OzoneContainer (OzoneContainer.java:start(217)) - Attempting to start container services.
2019-10-02 21:18:15,817 [Datanode State Machine Thread - 0] INFO  ozoneimpl.OzoneContainer (OzoneContainer.java:startContainerScrub(179)) - Background container scanner has been disabled.
2019-10-02 21:18:15,817 [Datanode State Machine Thread - 0] INFO  ratis.XceiverServerRatis (XceiverServerRatis.java:start(417)) - Starting XceiverServerRatis 90fbc310-f2b2-4398-8aff-5d706c2b3211 at port 0
2019-10-02 21:18:15,824 [Datanode State Machine Thread - 0] INFO  impl.RaftServerProxy (RaftServerProxy.java:lambda$start$3(299)) - 90fbc310-f2b2-4398-8aff-5d706c2b3211: start RPC server
2019-10-02 21:18:15,825 [Datanode State Machine Thread - 0] INFO  server.GrpcService (GrpcService.java:startImpl(158)) - 90fbc310-f2b2-4398-8aff-5d706c2b3211: GrpcService started, listening on 0.0.0.0/0.0.0.0:36547
2019-10-02 21:18:15,825 [Datanode State Machine Thread - 0] INFO  ratis.XceiverServerRatis (XceiverServerRatis.java:start(427)) - XceiverServerRatis 90fbc310-f2b2-4398-8aff-5d706c2b3211 is started using port 36547
2019-10-02 21:18:15,825 [Datanode State Machine Thread - 0] INFO  server.XceiverServerGrpc (XceiverServerGrpc.java:start(149)) - XceiverServerGrpc 90fbc310-f2b2-4398-8aff-5d706c2b3211 is started using port 35117
2019-10-02 21:18:15,889 [Datanode State Machine Thread - 0] INFO  ozoneimpl.OzoneContainer (OzoneContainer.java:start(217)) - Attempting to start container services.
2019-10-02 21:18:15,889 [Datanode State Machine Thread - 0] INFO  ozoneimpl.OzoneContainer (OzoneContainer.java:startContainerScrub(179)) - Background container scanner has been disabled.
2019-10-02 21:18:15,889 [Datanode State Machine Thread - 0] INFO  ratis.XceiverServerRatis (XceiverServerRatis.java:start(417)) - Starting XceiverServerRatis 5216852f-18dc-4290-a94d-0088d3583f0b at port 0
2019-10-02 21:18:15,898 [Datanode State Machine Thread - 0] INFO  impl.RaftServerProxy (RaftServerProxy.java:lambda$start$3(299)) - 5216852f-18dc-4290-a94d-0088d3583f0b: start RPC server
2019-10-02 21:18:15,899 [Datanode State Machine Thread - 0] INFO  server.GrpcService (GrpcService.java:startImpl(158)) - 5216852f-18dc-4290-a94d-0088d3583f0b: GrpcService started, listening on 0.0.0.0/0.0.0.0:40251
2019-10-02 21:18:15,899 [Datanode State Machine Thread - 0] INFO  ratis.XceiverServerRatis (XceiverServerRatis.java:start(427)) - XceiverServerRatis 5216852f-18dc-4290-a94d-0088d3583f0b is started using port 40251
2019-10-02 21:18:15,900 [Datanode State Machine Thread - 0] INFO  server.XceiverServerGrpc (XceiverServerGrpc.java:start(149)) - XceiverServerGrpc 5216852f-18dc-4290-a94d-0088d3583f0b is started using port 45137
2019-10-02 21:18:15,956 [Datanode State Machine Thread - 0] INFO  ozoneimpl.OzoneContainer (OzoneContainer.java:start(217)) - Attempting to start container services.
2019-10-02 21:18:15,957 [Datanode State Machine Thread - 0] INFO  ozoneimpl.OzoneContainer (OzoneContainer.java:startContainerScrub(179)) - Background container scanner has been disabled.
2019-10-02 21:18:15,957 [Datanode State Machine Thread - 0] INFO  ratis.XceiverServerRatis (XceiverServerRatis.java:start(417)) - Starting XceiverServerRatis e6648afa-7a91-4543-9f1c-af23da2cc97c at port 0
2019-10-02 21:18:15,963 [Datanode State Machine Thread - 0] INFO  impl.RaftServerProxy (RaftServerProxy.java:lambda$start$3(299)) - e6648afa-7a91-4543-9f1c-af23da2cc97c: start RPC server
2019-10-02 21:18:15,966 [Datanode State Machine Thread - 0] INFO  server.GrpcService (GrpcService.java:startImpl(158)) - e6648afa-7a91-4543-9f1c-af23da2cc97c: GrpcService started, listening on 0.0.0.0/0.0.0.0:35648
2019-10-02 21:18:15,966 [Datanode State Machine Thread - 0] INFO  ratis.XceiverServerRatis (XceiverServerRatis.java:start(427)) - XceiverServerRatis e6648afa-7a91-4543-9f1c-af23da2cc97c is started using port 35648
2019-10-02 21:18:15,980 [Datanode State Machine Thread - 0] INFO  server.XceiverServerGrpc (XceiverServerGrpc.java:start(149)) - XceiverServerGrpc e6648afa-7a91-4543-9f1c-af23da2cc97c is started using port 38156
2019-10-02 21:18:16,019 [main] INFO  ozone.MiniOzoneClusterImpl (MiniOzoneClusterImpl.java:lambda$waitForClusterToBeReady$0(147)) - Waiting for cluster to be ready. Got 0 of 7 DN Heartbeats.
2019-10-02 21:18:16,033 [Datanode State Machine Thread - 0] INFO  ozoneimpl.OzoneContainer (OzoneContainer.java:start(217)) - Attempting to start container services.
2019-10-02 21:18:16,033 [Datanode State Machine Thread - 0] INFO  ozoneimpl.OzoneContainer (OzoneContainer.java:startContainerScrub(179)) - Background container scanner has been disabled.
2019-10-02 21:18:16,033 [Datanode State Machine Thread - 0] INFO  ratis.XceiverServerRatis (XceiverServerRatis.java:start(417)) - Starting XceiverServerRatis 188d4931-1966-470e-bf45-48f1f3832163 at port 0
2019-10-02 21:18:16,038 [Datanode State Machine Thread - 0] INFO  impl.RaftServerProxy (RaftServerProxy.java:lambda$start$3(299)) - 188d4931-1966-470e-bf45-48f1f3832163: start RPC server
2019-10-02 21:18:16,042 [Datanode State Machine Thread - 0] INFO  server.GrpcService (GrpcService.java:startImpl(158)) - 188d4931-1966-470e-bf45-48f1f3832163: GrpcService started, listening on 0.0.0.0/0.0.0.0:32958
2019-10-02 21:18:16,042 [Datanode State Machine Thread - 0] INFO  ratis.XceiverServerRatis (XceiverServerRatis.java:start(427)) - XceiverServerRatis 188d4931-1966-470e-bf45-48f1f3832163 is started using port 32958
2019-10-02 21:18:16,043 [Datanode State Machine Thread - 0] INFO  server.XceiverServerGrpc (XceiverServerGrpc.java:start(149)) - XceiverServerGrpc 188d4931-1966-470e-bf45-48f1f3832163 is started using port 42251
2019-10-02 21:18:17,019 [main] INFO  ozone.MiniOzoneClusterImpl (MiniOzoneClusterImpl.java:lambda$waitForClusterToBeReady$0(147)) - Waiting for cluster to be ready. Got 0 of 7 DN Heartbeats.
2019-10-02 21:18:17,614 [IPC Server handler 17 on 41798] INFO  net.NetworkTopology (NetworkTopologyImpl.java:add(111)) - Added a new node: /default-rack/2e6c7c75-c299-4730-9b1b-71cf3d67f0ed
2019-10-02 21:18:17,617 [IPC Server handler 17 on 41798] INFO  node.SCMNodeManager (SCMNodeManager.java:register(266)) - Registered Data node : 2e6c7c75-c299-4730-9b1b-71cf3d67f0ed{ip: 192.168.151.122, host: pr-hdds-2200-trunk-mgnwx-192523005, networkLocation: /default-rack, certSerialId: null}
2019-10-02 21:18:17,618 [EventQueue-NodeRegistrationContainerReportForDataNodeSafeModeRule] INFO  safemode.SCMSafeModeManager (DataNodeSafeModeRule.java:process(71)) - SCM in safe mode. 1 DataNodes registered, 1 required.
2019-10-02 21:18:17,621 [EventQueue-NodeRegistrationContainerReportForDataNodeSafeModeRule] INFO  safemode.SCMSafeModeManager (SCMSafeModeManager.java:validateSafeModeExitRules(177)) - ScmSafeModeManager, all rules are successfully validated
2019-10-02 21:18:17,621 [EventQueue-NodeRegistrationContainerReportForDataNodeSafeModeRule] INFO  safemode.SCMSafeModeManager (SCMSafeModeManager.java:exitSafeMode(193)) - SCM exiting safe mode.
2019-10-02 21:18:17,656 [grpc-default-executor-11] INFO  impl.RaftServerProxy (RaftServerProxy.java:addNew(89)) - 2e6c7c75-c299-4730-9b1b-71cf3d67f0ed: addNew group-CCD4DE27B64F:[2e6c7c75-c299-4730-9b1b-71cf3d67f0ed:192.168.151.122:45222] returns group-CCD4DE27B64F:java.util.concurrent.CompletableFuture@21461914[Not completed]
2019-10-02 21:18:17,659 [pool-409-thread-1] INFO  impl.RaftServerImpl (RaftServerImpl.java:<init>(95)) - 2e6c7c75-c299-4730-9b1b-71cf3d67f0ed: new RaftServerImpl for group-CCD4DE27B64F:[2e6c7c75-c299-4730-9b1b-71cf3d67f0ed:192.168.151.122:45222] with ContainerStateMachine:uninitialized
2019-10-02 21:18:17,659 [pool-409-thread-1] INFO  server.RaftServerConfigKeys (ConfUtils.java:logGet(43)) - raft.server.rpc.timeout.min = 5s (custom)
2019-10-02 21:18:17,659 [pool-409-thread-1] INFO  server.RaftServerConfigKeys (ConfUtils.java:logGet(43)) - raft.server.rpc.timeout.max = 5200ms (custom)
2019-10-02 21:18:17,659 [pool-409-thread-1] INFO  server.RaftServerConfigKeys (ConfUtils.java:logGet(43)) - raft.server.rpcslowness.timeout = 120s (custom)
2019-10-02 21:18:17,659 [pool-409-thread-1] INFO  server.RaftServerConfigKeys (ConfUtils.java:logGet(43)) - raft.server.sleep.deviation.threshold = 300 (default)
2019-10-02 21:18:17,659 [pool-409-thread-1] INFO  server.RaftServerConfigKeys (ConfUtils.java:logGet(43)) - raft.server.log.appender.install.snapshot.enabled = false (custom)
2019-10-02 21:18:17,660 [pool-409-thread-1] INFO  impl.RaftServerImpl (ServerState.java:<init>(103)) - 2e6c7c75-c299-4730-9b1b-71cf3d67f0ed@group-CCD4DE27B64F: ConfigurationManager, init=-1: [2e6c7c75-c299-4730-9b1b-71cf3d67f0ed:192.168.151.122:45222], old=null, confs=<EMPTY_MAP>
2019-10-02 21:18:17,660 [pool-409-thread-1] INFO  server.RaftServerConfigKeys (ConfUtils.java:logGet(43)) - raft.server.storage.dir = [/workdir/hadoop-ozone/integration-test/target/test-dir/MiniOzoneClusterImpl-25ddea64-d207-408c-b907-17765ca49936/datanode-0/data/ratis] (custom)
2019-10-02 21:18:17,660 [pool-409-thread-1] INFO  server.RaftServerConfigKeys (ConfUtils.java:logGet(43)) - raft.server.log.corruption.policy = EXCEPTION (default)
2019-10-02 21:18:17,660 [pool-409-thread-1] INFO  storage.RaftStorageDirectory (RaftStorageDirectory.java:analyzeStorage(246)) - The storage directory /workdir/hadoop-ozone/integration-test/target/test-dir/MiniOzoneClusterImpl-25ddea64-d207-408c-b907-17765ca49936/datanode-0/data/ratis/a09a774f-3768-41a5-8551-ccd4de27b64f does not exist. Creating ...
2019-10-02 21:18:17,670 [IPC Server handler 13 on 41798] INFO  net.NetworkTopology (NetworkTopologyImpl.java:add(111)) - Added a new node: /default-rack/480ea95e-ee97-48dd-ba86-160bad61f78a
2019-10-02 21:18:17,670 [IPC Server handler 13 on 41798] INFO  node.SCMNodeManager (SCMNodeManager.java:register(266)) - Registered Data node : 480ea95e-ee97-48dd-ba86-160bad61f78a{ip: 192.168.151.122, host: pr-hdds-2200-trunk-mgnwx-192523005, networkLocation: /default-rack, certSerialId: null}
2019-10-02 21:18:17,674 [pool-409-thread-1] INFO  storage.RaftStorageDirectory (RaftStorageDirectory.java:tryLock(328)) - Lock on /workdir/hadoop-ozone/integration-test/target/test-dir/MiniOzoneClusterImpl-25ddea64-d207-408c-b907-17765ca49936/datanode-0/data/ratis/a09a774f-3768-41a5-8551-ccd4de27b64f/in_use.lock acquired by nodename 20484@pr-hdds-2200-trunk-mgnwx-192523005
2019-10-02 21:18:17,687 [pool-409-thread-1] INFO  storage.RaftStorage (RaftStorage.java:format(84)) - Storage directory /workdir/hadoop-ozone/integration-test/target/test-dir/MiniOzoneClusterImpl-25ddea64-d207-408c-b907-17765ca49936/datanode-0/data/ratis/a09a774f-3768-41a5-8551-ccd4de27b64f has been successfully formatted.
2019-10-02 21:18:17,687 [pool-409-thread-1] INFO  ratis.ContainerStateMachine (ContainerStateMachine.java:loadSnapshot(230)) - group-CCD4DE27B64F: The snapshot info is null. Setting the last applied indexto:(t:0, i:~)
2019-10-02 21:18:17,687 [pool-409-thread-1] INFO  server.RaftServerConfigKeys (ConfUtils.java:logGet(43)) - raft.server.notification.no-leader.timeout = 120s (custom)
2019-10-02 21:18:17,687 [pool-409-thread-1] INFO  server.RaftServerConfigKeys (ConfUtils.java:logGet(43)) - raft.server.log.use.memory = false (default)
2019-10-02 21:18:17,688 [pool-409-thread-1] INFO  server.RaftServerConfigKeys (ConfUtils.java:logGet(43)) - raft.server.log.purge.gap = 1000000 (custom)
2019-10-02 21:18:17,688 [pool-409-thread-1] INFO  server.RaftServerConfigKeys (ConfUtils.java:logGet(43)) - raft.server.log.appender.buffer.byte-limit = 33554432 (custom)
2019-10-02 21:18:17,688 [pool-409-thread-1] INFO  server.RaftServerConfigKeys (ConfUtils.java:logGet(43)) - raft.server.log.segment.size.max = 1048576 (custom)
2019-10-02 21:18:17,690 [pool-409-thread-1] INFO  server.RaftServerConfigKeys (ConfUtils.java:logGet(43)) - raft.server.log.segment.cache.num.max = 2 (custom)
2019-10-02 21:18:17,690 [pool-409-thread-1] INFO  segmented.SegmentedRaftLogWorker (SegmentedRaftLogWorker.java:<init>(173)) - new 2e6c7c75-c299-4730-9b1b-71cf3d67f0ed@group-CCD4DE27B64F-SegmentedRaftLogWorker for RaftStorage:Storage Directory /workdir/hadoop-ozone/integration-test/target/test-dir/MiniOzoneClusterImpl-25ddea64-d207-408c-b907-17765ca49936/datanode-0/data/ratis/a09a774f-3768-41a5-8551-ccd4de27b64f
2019-10-02 21:18:17,690 [pool-409-thread-1] INFO  server.RaftServerConfigKeys (ConfUtils.java:logGet(43)) - raft.server.log.queue.byte-limit = 2147483647 (custom)
2019-10-02 21:18:17,690 [pool-409-thread-1] INFO  server.RaftServerConfigKeys (ConfUtils.java:logGet(43)) - raft.server.log.queue.element-limit = 1024 (custom)
2019-10-02 21:18:17,690 [pool-409-thread-1] INFO  server.RaftServerConfigKeys (ConfUtils.java:logGet(43)) - raft.server.log.segment.size.max = 1048576 (custom)
2019-10-02 21:18:17,690 [pool-409-thread-1] INFO  server.RaftServerConfigKeys (ConfUtils.java:logGet(43)) - raft.server.log.preallocated.size = 16384 (custom)
2019-10-02 21:18:17,691 [pool-409-thread-1] INFO  server.RaftServerConfigKeys (ConfUtils.java:logGet(43)) - raft.server.log.write.buffer.size = 33554432 (custom)
2019-10-02 21:18:17,691 [pool-409-thread-1] INFO  server.RaftServerConfigKeys (ConfUtils.java:logGet(43)) - raft.server.log.force.sync.num = 128 (default)
2019-10-02 21:18:17,691 [pool-409-thread-1] INFO  server.RaftServerConfigKeys (ConfUtils.java:logGet(43)) - raft.server.log.statemachine.data.sync = true (default)
2019-10-02 21:18:17,691 [pool-409-thread-1] INFO  server.RaftServerConfigKeys (ConfUtils.java:logGet(43)) - raft.server.log.statemachine.data.sync.timeout = 10s (default)
2019-10-02 21:18:17,691 [pool-409-thread-1] INFO  server.RaftServerConfigKeys (ConfUtils.java:logGet(43)) - raft.server.log.statemachine.data.sync.timeout.retry = -1 (default)
2019-10-02 21:18:17,691 [pool-409-thread-1] INFO  server.RaftServerConfigKeys (ConfUtils.java:logGet(43)) - raft.server.log.statemachine.data.caching.enabled = true (custom)
2019-10-02 21:18:17,692 [pool-409-thread-1] INFO  segmented.SegmentedRaftLogWorker (SegmentedRaftLogWorker.java:lambda$new$0(128)) - 2e6c7c75-c299-4730-9b1b-71cf3d67f0ed@group-CCD4DE27B64F-SegmentedRaftLogWorker: flushIndex: setUnconditionally 0 -> -1
2019-10-02 21:18:17,692 [pool-409-thread-1] INFO  server.RaftServerConfigKeys (ConfUtils.java:logGet(43)) - raft.server.snapshot.auto.trigger.enabled = true (custom)
2019-10-02 21:18:17,692 [pool-409-thread-1] INFO  server.RaftServerConfigKeys (ConfUtils.java:logGet(43)) - raft.server.snapshot.auto.trigger.threshold = 10000 (custom)
2019-10-02 21:18:17,692 [pool-409-thread-1] INFO  server.RaftServerConfigKeys (ConfUtils.java:logGet(43)) - raft.server.snapshot.retention.file.num = 5 (custom)
2019-10-02 21:18:17,693 [pool-409-thread-1] INFO  server.RaftServerConfigKeys (ConfUtils.java:logGet(43)) - raft.server.retrycache.expirytime = 600000ms (custom)
2019-10-02 21:18:17,694 [pool-409-thread-1] INFO  impl.RaftServerImpl (RaftServerImpl.java:start(181)) - 2e6c7c75-c299-4730-9b1b-71cf3d67f0ed@group-CCD4DE27B64F: start as a follower, conf=-1: [2e6c7c75-c299-4730-9b1b-71cf3d67f0ed:192.168.151.122:45222], old=null
2019-10-02 21:18:17,694 [pool-409-thread-1] INFO  impl.RaftServerImpl (RaftServerImpl.java:setRole(170)) - 2e6c7c75-c299-4730-9b1b-71cf3d67f0ed@group-CCD4DE27B64F: changes role from      null to FOLLOWER at term 0 for startAsFollower
2019-10-02 21:18:17,694 [pool-409-thread-1] INFO  impl.RoleInfo (RoleInfo.java:updateAndGet(143)) - 2e6c7c75-c299-4730-9b1b-71cf3d67f0ed: start FollowerState
2019-10-02 21:18:17,695 [pool-409-thread-1] INFO  util.JmxRegister (JmxRegister.java:tryRegister(44)) - Successfully registered JMX Bean with object name Ratis:service=RaftServer,group=group-CCD4DE27B64F,id=2e6c7c75-c299-4730-9b1b-71cf3d67f0ed
2019-10-02 21:18:17,702 [RatisPipelineUtilsThread] INFO  pipeline.PipelineStateManager (PipelineStateManager.java:addPipeline(56)) - Created pipeline Pipeline[ Id: a09a774f-3768-41a5-8551-ccd4de27b64f, Nodes: 2e6c7c75-c299-4730-9b1b-71cf3d67f0ed{ip: 192.168.151.122, host: pr-hdds-2200-trunk-mgnwx-192523005, networkLocation: /default-rack, certSerialId: null}, Type:RATIS, Factor:ONE, State:OPEN]
2019-10-02 21:18:17,709 [grpc-default-executor-11] INFO  impl.RaftServerProxy (RaftServerProxy.java:addNew(89)) - 480ea95e-ee97-48dd-ba86-160bad61f78a: addNew group-0CF3D032C84F:[480ea95e-ee97-48dd-ba86-160bad61f78a:192.168.151.122:40548] returns group-0CF3D032C84F:java.util.concurrent.CompletableFuture@50f6cbe8[Not completed]
2019-10-02 21:18:17,710 [pool-419-thread-1] INFO  impl.RaftServerImpl (RaftServerImpl.java:<init>(95)) - 480ea95e-ee97-48dd-ba86-160bad61f78a: new RaftServerImpl for group-0CF3D032C84F:[480ea95e-ee97-48dd-ba86-160bad61f78a:192.168.151.122:40548] with ContainerStateMachine:uninitialized
2019-10-02 21:18:17,710 [pool-419-thread-1] INFO  server.RaftServerConfigKeys (ConfUtils.java:logGet(43)) - raft.server.rpc.timeout.min = 5s (custom)
2019-10-02 21:18:17,710 [pool-419-thread-1] INFO  server.RaftServerConfigKeys (ConfUtils.java:logGet(43)) - raft.server.rpc.timeout.max = 5200ms (custom)
2019-10-02 21:18:17,710 [pool-419-thread-1] INFO  server.RaftServerConfigKeys (ConfUtils.java:logGet(43)) - raft.server.rpcslowness.timeout = 120s (custom)
2019-10-02 21:18:17,710 [pool-419-thread-1] INFO  server.RaftServerConfigKeys (ConfUtils.java:logGet(43)) - raft.server.sleep.deviation.threshold = 300 (default)
2019-10-02 21:18:17,710 [pool-419-thread-1] INFO  server.RaftServerConfigKeys (ConfUtils.java:logGet(43)) - raft.server.log.appender.install.snapshot.enabled = false (custom)
2019-10-02 21:18:17,711 [pool-419-thread-1] INFO  impl.RaftServerImpl (ServerState.java:<init>(103)) - 480ea95e-ee97-48dd-ba86-160bad61f78a@group-0CF3D032C84F: ConfigurationManager, init=-1: [480ea95e-ee97-48dd-ba86-160bad61f78a:192.168.151.122:40548], old=null, confs=<EMPTY_MAP>
2019-10-02 21:18:17,711 [pool-419-thread-1] INFO  server.RaftServerConfigKeys (ConfUtils.java:logGet(43)) - raft.server.storage.dir = [/workdir/hadoop-ozone/integration-test/target/test-dir/MiniOzoneClusterImpl-25ddea64-d207-408c-b907-17765ca49936/datanode-1/data/ratis] (custom)
2019-10-02 21:18:17,711 [pool-419-thread-1] INFO  server.RaftServerConfigKeys (ConfUtils.java:logGet(43)) - raft.server.log.corruption.policy = EXCEPTION (default)
2019-10-02 21:18:17,711 [pool-419-thread-1] INFO  storage.RaftStorageDirectory (RaftStorageDirectory.java:analyzeStorage(246)) - The storage directory /workdir/hadoop-ozone/integration-test/target/test-dir/MiniOzoneClusterImpl-25ddea64-d207-408c-b907-17765ca49936/datanode-1/data/ratis/d4f5fb19-58a2-40db-b115-0cf3d032c84f does not exist. Creating ...
2019-10-02 21:18:17,724 [pool-419-thread-1] INFO  storage.RaftStorageDirectory (RaftStorageDirectory.java:tryLock(328)) - Lock on /workdir/hadoop-ozone/integration-test/target/test-dir/MiniOzoneClusterImpl-25ddea64-d207-408c-b907-17765ca49936/datanode-1/data/ratis/d4f5fb19-58a2-40db-b115-0cf3d032c84f/in_use.lock acquired by nodename 20484@pr-hdds-2200-trunk-mgnwx-192523005
2019-10-02 21:18:17,738 [pool-419-thread-1] INFO  storage.RaftStorage (RaftStorage.java:format(84)) - Storage directory /workdir/hadoop-ozone/integration-test/target/test-dir/MiniOzoneClusterImpl-25ddea64-d207-408c-b907-17765ca49936/datanode-1/data/ratis/d4f5fb19-58a2-40db-b115-0cf3d032c84f has been successfully formatted.
2019-10-02 21:18:17,738 [pool-419-thread-1] INFO  ratis.ContainerStateMachine (ContainerStateMachine.java:loadSnapshot(230)) - group-0CF3D032C84F: The snapshot info is null. Setting the last applied indexto:(t:0, i:~)
2019-10-02 21:18:17,738 [pool-419-thread-1] INFO  server.RaftServerConfigKeys (ConfUtils.java:logGet(43)) - raft.server.notification.no-leader.timeout = 120s (custom)
2019-10-02 21:18:17,738 [pool-419-thread-1] INFO  server.RaftServerConfigKeys (ConfUtils.java:logGet(43)) - raft.server.log.use.memory = false (default)
2019-10-02 21:18:17,738 [pool-419-thread-1] INFO  server.RaftServerConfigKeys (ConfUtils.java:logGet(43)) - raft.server.log.purge.gap = 1000000 (custom)
2019-10-02 21:18:17,738 [pool-419-thread-1] INFO  server.RaftServerConfigKeys (ConfUtils.java:logGet(43)) - raft.server.log.appender.buffer.byte-limit = 33554432 (custom)
2019-10-02 21:18:17,739 [pool-419-thread-1] INFO  server.RaftServerConfigKeys (ConfUtils.java:logGet(43)) - raft.server.log.segment.size.max = 1048576 (custom)
2019-10-02 21:18:17,740 [IPC Server handler 18 on 41798] INFO  net.NetworkTopology (NetworkTopologyImpl.java:add(111)) - Added a new node: /default-rack/1c893cf2-42ed-44e2-a93b-04c4be59773d
2019-10-02 21:18:17,740 [IPC Server handler 18 on 41798] INFO  node.SCMNodeManager (SCMNodeManager.java:register(266)) - Registered Data node : 1c893cf2-42ed-44e2-a93b-04c4be59773d{ip: 192.168.151.122, host: pr-hdds-2200-trunk-mgnwx-192523005, networkLocation: /default-rack, certSerialId: null}
2019-10-02 21:18:17,740 [pool-419-thread-1] INFO  server.RaftServerConfigKeys (ConfUtils.java:logGet(43)) - raft.server.log.segment.cache.num.max = 2 (custom)
2019-10-02 21:18:17,740 [pool-419-thread-1] INFO  segmented.SegmentedRaftLogWorker (SegmentedRaftLogWorker.java:<init>(173)) - new 480ea95e-ee97-48dd-ba86-160bad61f78a@group-0CF3D032C84F-SegmentedRaftLogWorker for RaftStorage:Storage Directory /workdir/hadoop-ozone/integration-test/target/test-dir/MiniOzoneClusterImpl-25ddea64-d207-408c-b907-17765ca49936/datanode-1/data/ratis/d4f5fb19-58a2-40db-b115-0cf3d032c84f
2019-10-02 21:18:17,740 [pool-419-thread-1] INFO  server.RaftServerConfigKeys (ConfUtils.java:logGet(43)) - raft.server.log.queue.byte-limit = 2147483647 (custom)
2019-10-02 21:18:17,741 [pool-419-thread-1] INFO  server.RaftServerConfigKeys (ConfUtils.java:logGet(43)) - raft.server.log.queue.element-limit = 1024 (custom)
2019-10-02 21:18:17,741 [pool-419-thread-1] INFO  server.RaftServerConfigKeys (ConfUtils.java:logGet(43)) - raft.server.log.segment.size.max = 1048576 (custom)
2019-10-02 21:18:17,741 [pool-419-thread-1] INFO  server.RaftServerConfigKeys (ConfUtils.java:logGet(43)) - raft.server.log.preallocated.size = 16384 (custom)
2019-10-02 21:18:17,741 [pool-419-thread-1] INFO  server.RaftServerConfigKeys (ConfUtils.java:logGet(43)) - raft.server.log.write.buffer.size = 33554432 (custom)
2019-10-02 21:18:17,741 [pool-419-thread-1] INFO  server.RaftServerConfigKeys (ConfUtils.java:logGet(43)) - raft.server.log.force.sync.num = 128 (default)
2019-10-02 21:18:17,741 [pool-419-thread-1] INFO  server.RaftServerConfigKeys (ConfUtils.java:logGet(43)) - raft.server.log.statemachine.data.sync = true (default)
2019-10-02 21:18:17,741 [pool-419-thread-1] INFO  server.RaftServerConfigKeys (ConfUtils.java:logGet(43)) - raft.server.log.statemachine.data.sync.timeout = 10s (default)
2019-10-02 21:18:17,741 [pool-419-thread-1] INFO  server.RaftServerConfigKeys (ConfUtils.java:logGet(43)) - raft.server.log.statemachine.data.sync.timeout.retry = -1 (default)
2019-10-02 21:18:17,742 [pool-419-thread-1] INFO  server.RaftServerConfigKeys (ConfUtils.java:logGet(43)) - raft.server.log.statemachine.data.caching.enabled = true (custom)
2019-10-02 21:18:17,742 [pool-419-thread-1] INFO  segmented.SegmentedRaftLogWorker (SegmentedRaftLogWorker.java:lambda$new$0(128)) - 480ea95e-ee97-48dd-ba86-160bad61f78a@group-0CF3D032C84F-SegmentedRaftLogWorker: flushIndex: setUnconditionally 0 -> -1
2019-10-02 21:18:17,742 [pool-419-thread-1] INFO  server.RaftServerConfigKeys (ConfUtils.java:logGet(43)) - raft.server.snapshot.auto.trigger.enabled = true (custom)
2019-10-02 21:18:17,742 [pool-419-thread-1] INFO  server.RaftServerConfigKeys (ConfUtils.java:logGet(43)) - raft.server.snapshot.auto.trigger.threshold = 10000 (custom)
2019-10-02 21:18:17,742 [pool-419-thread-1] INFO  server.RaftServerConfigKeys (ConfUtils.java:logGet(43)) - raft.server.snapshot.retention.file.num = 5 (custom)
2019-10-02 21:18:17,743 [pool-419-thread-1] INFO  server.RaftServerConfigKeys (ConfUtils.java:logGet(43)) - raft.server.retrycache.expirytime = 600000ms (custom)
2019-10-02 21:18:17,744 [pool-419-thread-1] INFO  impl.RaftServerImpl (RaftServerImpl.java:start(181)) - 480ea95e-ee97-48dd-ba86-160bad61f78a@group-0CF3D032C84F: start as a follower, conf=-1: [480ea95e-ee97-48dd-ba86-160bad61f78a:192.168.151.122:40548], old=null
2019-10-02 21:18:17,744 [pool-419-thread-1] INFO  impl.RaftServerImpl (RaftServerImpl.java:setRole(170)) - 480ea95e-ee97-48dd-ba86-160bad61f78a@group-0CF3D032C84F: changes role from      null to FOLLOWER at term 0 for startAsFollower
2019-10-02 21:18:17,744 [pool-419-thread-1] INFO  impl.RoleInfo (RoleInfo.java:updateAndGet(143)) - 480ea95e-ee97-48dd-ba86-160bad61f78a: start FollowerState
2019-10-02 21:18:17,744 [pool-419-thread-1] INFO  util.JmxRegister (JmxRegister.java:tryRegister(44)) - Successfully registered JMX Bean with object name Ratis:service=RaftServer,group=group-0CF3D032C84F,id=480ea95e-ee97-48dd-ba86-160bad61f78a
2019-10-02 21:18:17,751 [RatisPipelineUtilsThread] INFO  pipeline.PipelineStateManager (PipelineStateManager.java:addPipeline(56)) - Created pipeline Pipeline[ Id: d4f5fb19-58a2-40db-b115-0cf3d032c84f, Nodes: 480ea95e-ee97-48dd-ba86-160bad61f78a{ip: 192.168.151.122, host: pr-hdds-2200-trunk-mgnwx-192523005, networkLocation: /default-rack, certSerialId: null}, Type:RATIS, Factor:ONE, State:OPEN]
2019-10-02 21:18:17,760 [grpc-default-executor-11] INFO  impl.RaftServerProxy (RaftServerProxy.java:addNew(89)) - 1c893cf2-42ed-44e2-a93b-04c4be59773d: addNew group-0131BA8BE3ED:[1c893cf2-42ed-44e2-a93b-04c4be59773d:192.168.151.122:35490] returns group-0131BA8BE3ED:java.util.concurrent.CompletableFuture@2d3d1044[Not completed]
2019-10-02 21:18:17,761 [pool-429-thread-1] INFO  impl.RaftServerImpl (RaftServerImpl.java:<init>(95)) - 1c893cf2-42ed-44e2-a93b-04c4be59773d: new RaftServerImpl for group-0131BA8BE3ED:[1c893cf2-42ed-44e2-a93b-04c4be59773d:192.168.151.122:35490] with ContainerStateMachine:uninitialized
2019-10-02 21:18:17,761 [pool-429-thread-1] INFO  server.RaftServerConfigKeys (ConfUtils.java:logGet(43)) - raft.server.rpc.timeout.min = 5s (custom)
2019-10-02 21:18:17,761 [pool-429-thread-1] INFO  server.RaftServerConfigKeys (ConfUtils.java:logGet(43)) - raft.server.rpc.timeout.max = 5200ms (custom)
2019-10-02 21:18:17,761 [pool-429-thread-1] INFO  server.RaftServerConfigKeys (ConfUtils.java:logGet(43)) - raft.server.rpcslowness.timeout = 120s (custom)
2019-10-02 21:18:17,761 [pool-429-thread-1] INFO  server.RaftServerConfigKeys (ConfUtils.java:logGet(43)) - raft.server.sleep.deviation.threshold = 300 (default)
2019-10-02 21:18:17,761 [pool-429-thread-1] INFO  server.RaftServerConfigKeys (ConfUtils.java:logGet(43)) - raft.server.log.appender.install.snapshot.enabled = false (custom)
2019-10-02 21:18:17,761 [pool-429-thread-1] INFO  impl.RaftServerImpl (ServerState.java:<init>(103)) - 1c893cf2-42ed-44e2-a93b-04c4be59773d@group-0131BA8BE3ED: ConfigurationManager, init=-1: [1c893cf2-42ed-44e2-a93b-04c4be59773d:192.168.151.122:35490], old=null, confs=<EMPTY_MAP>
2019-10-02 21:18:17,761 [pool-429-thread-1] INFO  server.RaftServerConfigKeys (ConfUtils.java:logGet(43)) - raft.server.storage.dir = [/workdir/hadoop-ozone/integration-test/target/test-dir/MiniOzoneClusterImpl-25ddea64-d207-408c-b907-17765ca49936/datanode-2/data/ratis] (custom)
2019-10-02 21:18:17,762 [pool-429-thread-1] INFO  server.RaftServerConfigKeys (ConfUtils.java:logGet(43)) - raft.server.log.corruption.policy = EXCEPTION (default)
2019-10-02 21:18:17,762 [pool-429-thread-1] INFO  storage.RaftStorageDirectory (RaftStorageDirectory.java:analyzeStorage(246)) - The storage directory /workdir/hadoop-ozone/integration-test/target/test-dir/MiniOzoneClusterImpl-25ddea64-d207-408c-b907-17765ca49936/datanode-2/data/ratis/12139f1f-48c9-4517-9f14-0131ba8be3ed does not exist. Creating ...
2019-10-02 21:18:17,775 [pool-429-thread-1] INFO  storage.RaftStorageDirectory (RaftStorageDirectory.java:tryLock(328)) - Lock on /workdir/hadoop-ozone/integration-test/target/test-dir/MiniOzoneClusterImpl-25ddea64-d207-408c-b907-17765ca49936/datanode-2/data/ratis/12139f1f-48c9-4517-9f14-0131ba8be3ed/in_use.lock acquired by nodename 20484@pr-hdds-2200-trunk-mgnwx-192523005
2019-10-02 21:18:17,788 [pool-429-thread-1] INFO  storage.RaftStorage (RaftStorage.java:format(84)) - Storage directory /workdir/hadoop-ozone/integration-test/target/test-dir/MiniOzoneClusterImpl-25ddea64-d207-408c-b907-17765ca49936/datanode-2/data/ratis/12139f1f-48c9-4517-9f14-0131ba8be3ed has been successfully formatted.
2019-10-02 21:18:17,788 [pool-429-thread-1] INFO  ratis.ContainerStateMachine (ContainerStateMachine.java:loadSnapshot(230)) - group-0131BA8BE3ED: The snapshot info is null. Setting the last applied indexto:(t:0, i:~)
2019-10-02 21:18:17,788 [pool-429-thread-1] INFO  server.RaftServerConfigKeys (ConfUtils.java:logGet(43)) - raft.server.notification.no-leader.timeout = 120s (custom)
2019-10-02 21:18:17,788 [pool-429-thread-1] INFO  server.RaftServerConfigKeys (ConfUtils.java:logGet(43)) - raft.server.log.use.memory = false (default)
2019-10-02 21:18:17,789 [pool-429-thread-1] INFO  server.RaftServerConfigKeys (ConfUtils.java:logGet(43)) - raft.server.log.purge.gap = 1000000 (custom)
2019-10-02 21:18:17,789 [pool-429-thread-1] INFO  server.RaftServerConfigKeys (ConfUtils.java:logGet(43)) - raft.server.log.appender.buffer.byte-limit = 33554432 (custom)
2019-10-02 21:18:17,789 [pool-429-thread-1] INFO  server.RaftServerConfigKeys (ConfUtils.java:logGet(43)) - raft.server.log.segment.size.max = 1048576 (custom)
2019-10-02 21:18:17,790 [pool-429-thread-1] INFO  server.RaftServerConfigKeys (ConfUtils.java:logGet(43)) - raft.server.log.segment.cache.num.max = 2 (custom)
2019-10-02 21:18:17,790 [pool-429-thread-1] INFO  segmented.SegmentedRaftLogWorker (SegmentedRaftLogWorker.java:<init>(173)) - new 1c893cf2-42ed-44e2-a93b-04c4be59773d@group-0131BA8BE3ED-SegmentedRaftLogWorker for RaftStorage:Storage Directory /workdir/hadoop-ozone/integration-test/target/test-dir/MiniOzoneClusterImpl-25ddea64-d207-408c-b907-17765ca49936/datanode-2/data/ratis/12139f1f-48c9-4517-9f14-0131ba8be3ed
2019-10-02 21:18:17,790 [pool-429-thread-1] INFO  server.RaftServerConfigKeys (ConfUtils.java:logGet(43)) - raft.server.log.queue.byte-limit = 2147483647 (custom)
2019-10-02 21:18:17,790 [pool-429-thread-1] INFO  server.RaftServerConfigKeys (ConfUtils.java:logGet(43)) - raft.server.log.queue.element-limit = 1024 (custom)
2019-10-02 21:18:17,790 [pool-429-thread-1] INFO  server.RaftServerConfigKeys (ConfUtils.java:logGet(43)) - raft.server.log.segment.size.max = 1048576 (custom)
2019-10-02 21:18:17,791 [pool-429-thread-1] INFO  server.RaftServerConfigKeys (ConfUtils.java:logGet(43)) - raft.server.log.preallocated.size = 16384 (custom)
2019-10-02 21:18:17,791 [pool-429-thread-1] INFO  server.RaftServerConfigKeys (ConfUtils.java:logGet(43)) - raft.server.log.write.buffer.size = 33554432 (custom)
2019-10-02 21:18:17,791 [pool-429-thread-1] INFO  server.RaftServerConfigKeys (ConfUtils.java:logGet(43)) - raft.server.log.force.sync.num = 128 (default)
2019-10-02 21:18:17,791 [pool-429-thread-1] INFO  server.RaftServerConfigKeys (ConfUtils.java:logGet(43)) - raft.server.log.statemachine.data.sync = true (default)
2019-10-02 21:18:17,791 [pool-429-thread-1] INFO  server.RaftServerConfigKeys (ConfUtils.java:logGet(43)) - raft.server.log.statemachine.data.sync.timeout = 10s (default)
2019-10-02 21:18:17,791 [pool-429-thread-1] INFO  server.RaftServerConfigKeys (ConfUtils.java:logGet(43)) - raft.server.log.statemachine.data.sync.timeout.retry = -1 (default)
2019-10-02 21:18:17,791 [pool-429-thread-1] INFO  server.RaftServerConfigKeys (ConfUtils.java:logGet(43)) - raft.server.log.statemachine.data.caching.enabled = true (custom)
2019-10-02 21:18:17,792 [pool-429-thread-1] INFO  segmented.SegmentedRaftLogWorker (SegmentedRaftLogWorker.java:lambda$new$0(128)) - 1c893cf2-42ed-44e2-a93b-04c4be59773d@group-0131BA8BE3ED-SegmentedRaftLogWorker: flushIndex: setUnconditionally 0 -> -1
2019-10-02 21:18:17,792 [pool-429-thread-1] INFO  server.RaftServerConfigKeys (ConfUtils.java:logGet(43)) - raft.server.snapshot.auto.trigger.enabled = true (custom)
2019-10-02 21:18:17,792 [pool-429-thread-1] INFO  server.RaftServerConfigKeys (ConfUtils.java:logGet(43)) - raft.server.snapshot.auto.trigger.threshold = 10000 (custom)
2019-10-02 21:18:17,792 [pool-429-thread-1] INFO  server.RaftServerConfigKeys (ConfUtils.java:logGet(43)) - raft.server.snapshot.retention.file.num = 5 (custom)
2019-10-02 21:18:17,792 [pool-429-thread-1] INFO  server.RaftServerConfigKeys (ConfUtils.java:logGet(43)) - raft.server.retrycache.expirytime = 600000ms (custom)
2019-10-02 21:18:17,793 [pool-429-thread-1] INFO  impl.RaftServerImpl (RaftServerImpl.java:start(181)) - 1c893cf2-42ed-44e2-a93b-04c4be59773d@group-0131BA8BE3ED: start as a follower, conf=-1: [1c893cf2-42ed-44e2-a93b-04c4be59773d:192.168.151.122:35490], old=null
2019-10-02 21:18:17,793 [pool-429-thread-1] INFO  impl.RaftServerImpl (RaftServerImpl.java:setRole(170)) - 1c893cf2-42ed-44e2-a93b-04c4be59773d@group-0131BA8BE3ED: changes role from      null to FOLLOWER at term 0 for startAsFollower
2019-10-02 21:18:17,794 [pool-429-thread-1] INFO  impl.RoleInfo (RoleInfo.java:updateAndGet(143)) - 1c893cf2-42ed-44e2-a93b-04c4be59773d: start FollowerState
2019-10-02 21:18:17,794 [pool-429-thread-1] INFO  util.JmxRegister (JmxRegister.java:tryRegister(44)) - Successfully registered JMX Bean with object name Ratis:service=RaftServer,group=group-0131BA8BE3ED,id=1c893cf2-42ed-44e2-a93b-04c4be59773d
2019-10-02 21:18:17,801 [RatisPipelineUtilsThread] INFO  pipeline.PipelineStateManager (PipelineStateManager.java:addPipeline(56)) - Created pipeline Pipeline[ Id: 12139f1f-48c9-4517-9f14-0131ba8be3ed, Nodes: 1c893cf2-42ed-44e2-a93b-04c4be59773d{ip: 192.168.151.122, host: pr-hdds-2200-trunk-mgnwx-192523005, networkLocation: /default-rack, certSerialId: null}, Type:RATIS, Factor:ONE, State:OPEN]
2019-10-02 21:18:17,805 [IPC Server handler 15 on 41798] INFO  net.NetworkTopology (NetworkTopologyImpl.java:add(111)) - Added a new node: /default-rack/90fbc310-f2b2-4398-8aff-5d706c2b3211
2019-10-02 21:18:17,805 [IPC Server handler 15 on 41798] INFO  node.SCMNodeManager (SCMNodeManager.java:register(266)) - Registered Data node : 90fbc310-f2b2-4398-8aff-5d706c2b3211{ip: 192.168.151.122, host: pr-hdds-2200-trunk-mgnwx-192523005, networkLocation: /default-rack, certSerialId: null}
2019-10-02 21:18:17,815 [grpc-default-executor-3] INFO  impl.RaftServerProxy (RaftServerProxy.java:addNew(89)) - 480ea95e-ee97-48dd-ba86-160bad61f78a: addNew group-F79942DAF1B7:[1c893cf2-42ed-44e2-a93b-04c4be59773d:192.168.151.122:35490, 480ea95e-ee97-48dd-ba86-160bad61f78a:192.168.151.122:40548, 2e6c7c75-c299-4730-9b1b-71cf3d67f0ed:192.168.151.122:45222] returns group-F79942DAF1B7:java.util.concurrent.CompletableFuture@58b51b41[Not completed]
2019-10-02 21:18:17,815 [grpc-default-executor-11] INFO  impl.RaftServerProxy (RaftServerProxy.java:addNew(89)) - 2e6c7c75-c299-4730-9b1b-71cf3d67f0ed: addNew group-F79942DAF1B7:[1c893cf2-42ed-44e2-a93b-04c4be59773d:192.168.151.122:35490, 480ea95e-ee97-48dd-ba86-160bad61f78a:192.168.151.122:40548, 2e6c7c75-c299-4730-9b1b-71cf3d67f0ed:192.168.151.122:45222] returns group-F79942DAF1B7:java.util.concurrent.CompletableFuture@4e27b54[Not completed]
2019-10-02 21:18:17,815 [grpc-default-executor-6] INFO  impl.RaftServerProxy (RaftServerProxy.java:addNew(89)) - 1c893cf2-42ed-44e2-a93b-04c4be59773d: addNew group-F79942DAF1B7:[1c893cf2-42ed-44e2-a93b-04c4be59773d:192.168.151.122:35490, 480ea95e-ee97-48dd-ba86-160bad61f78a:192.168.151.122:40548, 2e6c7c75-c299-4730-9b1b-71cf3d67f0ed:192.168.151.122:45222] returns group-F79942DAF1B7:java.util.concurrent.CompletableFuture@2b19bbec[Not completed]
2019-10-02 21:18:17,816 [pool-419-thread-1] INFO  impl.RaftServerImpl (RaftServerImpl.java:<init>(95)) - 480ea95e-ee97-48dd-ba86-160bad61f78a: new RaftServerImpl for group-F79942DAF1B7:[1c893cf2-42ed-44e2-a93b-04c4be59773d:192.168.151.122:35490, 480ea95e-ee97-48dd-ba86-160bad61f78a:192.168.151.122:40548, 2e6c7c75-c299-4730-9b1b-71cf3d67f0ed:192.168.151.122:45222] with ContainerStateMachine:uninitialized
2019-10-02 21:18:17,816 [pool-419-thread-1] INFO  server.RaftServerConfigKeys (ConfUtils.java:logGet(43)) - raft.server.rpc.timeout.min = 5s (custom)
2019-10-02 21:18:17,816 [pool-419-thread-1] INFO  server.RaftServerConfigKeys (ConfUtils.java:logGet(43)) - raft.server.rpc.timeout.max = 5200ms (custom)
2019-10-02 21:18:17,816 [pool-429-thread-1] INFO  impl.RaftServerImpl (RaftServerImpl.java:<init>(95)) - 1c893cf2-42ed-44e2-a93b-04c4be59773d: new RaftServerImpl for group-F79942DAF1B7:[1c893cf2-42ed-44e2-a93b-04c4be59773d:192.168.151.122:35490, 480ea95e-ee97-48dd-ba86-160bad61f78a:192.168.151.122:40548, 2e6c7c75-c299-4730-9b1b-71cf3d67f0ed:192.168.151.122:45222] with ContainerStateMachine:uninitialized
2019-10-02 21:18:17,816 [pool-419-thread-1] INFO  server.RaftServerConfigKeys (ConfUtils.java:logGet(43)) - raft.server.rpcslowness.timeout = 120s (custom)
2019-10-02 21:18:17,816 [pool-429-thread-1] INFO  server.RaftServerConfigKeys (ConfUtils.java:logGet(43)) - raft.server.rpc.timeout.min = 5s (custom)
2019-10-02 21:18:17,817 [pool-409-thread-1] INFO  impl.RaftServerImpl (RaftServerImpl.java:<init>(95)) - 2e6c7c75-c299-4730-9b1b-71cf3d67f0ed: new RaftServerImpl for group-F79942DAF1B7:[1c893cf2-42ed-44e2-a93b-04c4be59773d:192.168.151.122:35490, 480ea95e-ee97-48dd-ba86-160bad61f78a:192.168.151.122:40548, 2e6c7c75-c299-4730-9b1b-71cf3d67f0ed:192.168.151.122:45222] with ContainerStateMachine:uninitialized
2019-10-02 21:18:17,817 [pool-419-thread-1] INFO  server.RaftServerConfigKeys (ConfUtils.java:logGet(43)) - raft.server.sleep.deviation.threshold = 300 (default)
2019-10-02 21:18:17,817 [pool-409-thread-1] INFO  server.RaftServerConfigKeys (ConfUtils.java:logGet(43)) - raft.server.rpc.timeout.min = 5s (custom)
2019-10-02 21:18:17,817 [pool-429-thread-1] INFO  server.RaftServerConfigKeys (ConfUtils.java:logGet(43)) - raft.server.rpc.timeout.max = 5200ms (custom)
2019-10-02 21:18:17,817 [pool-409-thread-1] INFO  server.RaftServerConfigKeys (ConfUtils.java:logGet(43)) - raft.server.rpc.timeout.max = 5200ms (custom)
2019-10-02 21:18:17,817 [pool-419-thread-1] INFO  server.RaftServerConfigKeys (ConfUtils.java:logGet(43)) - raft.server.log.appender.install.snapshot.enabled = false (custom)
2019-10-02 21:18:17,817 [pool-409-thread-1] INFO  server.RaftServerConfigKeys (ConfUtils.java:logGet(43)) - raft.server.rpcslowness.timeout = 120s (custom)
2019-10-02 21:18:17,817 [pool-409-thread-1] INFO  server.RaftServerConfigKeys (ConfUtils.java:logGet(43)) - raft.server.sleep.deviation.threshold = 300 (default)
2019-10-02 21:18:17,817 [pool-429-thread-1] INFO  server.RaftServerConfigKeys (ConfUtils.java:logGet(43)) - raft.server.rpcslowness.timeout = 120s (custom)
2019-10-02 21:18:17,817 [pool-409-thread-1] INFO  server.RaftServerConfigKeys (ConfUtils.java:logGet(43)) - raft.server.log.appender.install.snapshot.enabled = false (custom)
2019-10-02 21:18:17,817 [pool-419-thread-1] INFO  impl.RaftServerImpl (ServerState.java:<init>(103)) - 480ea95e-ee97-48dd-ba86-160bad61f78a@group-F79942DAF1B7: ConfigurationManager, init=-1: [1c893cf2-42ed-44e2-a93b-04c4be59773d:192.168.151.122:35490, 480ea95e-ee97-48dd-ba86-160bad61f78a:192.168.151.122:40548, 2e6c7c75-c299-4730-9b1b-71cf3d67f0ed:192.168.151.122:45222], old=null, confs=<EMPTY_MAP>
2019-10-02 21:18:17,818 [pool-409-thread-1] INFO  impl.RaftServerImpl (ServerState.java:<init>(103)) - 2e6c7c75-c299-4730-9b1b-71cf3d67f0ed@group-F79942DAF1B7: ConfigurationManager, init=-1: [1c893cf2-42ed-44e2-a93b-04c4be59773d:192.168.151.122:35490, 480ea95e-ee97-48dd-ba86-160bad61f78a:192.168.151.122:40548, 2e6c7c75-c299-4730-9b1b-71cf3d67f0ed:192.168.151.122:45222], old=null, confs=<EMPTY_MAP>
2019-10-02 21:18:17,817 [pool-429-thread-1] INFO  server.RaftServerConfigKeys (ConfUtils.java:logGet(43)) - raft.server.sleep.deviation.threshold = 300 (default)
2019-10-02 21:18:17,818 [pool-409-thread-1] INFO  server.RaftServerConfigKeys (ConfUtils.java:logGet(43)) - raft.server.storage.dir = [/workdir/hadoop-ozone/integration-test/target/test-dir/MiniOzoneClusterImpl-25ddea64-d207-408c-b907-17765ca49936/datanode-0/data/ratis] (custom)
2019-10-02 21:18:17,818 [pool-419-thread-1] INFO  server.RaftServerConfigKeys (ConfUtils.java:logGet(43)) - raft.server.storage.dir = [/workdir/hadoop-ozone/integration-test/target/test-dir/MiniOzoneClusterImpl-25ddea64-d207-408c-b907-17765ca49936/datanode-1/data/ratis] (custom)
2019-10-02 21:18:17,818 [pool-429-thread-1] INFO  server.RaftServerConfigKeys (ConfUtils.java:logGet(43)) - raft.server.log.appender.install.snapshot.enabled = false (custom)
2019-10-02 21:18:17,818 [pool-429-thread-1] INFO  impl.RaftServerImpl (ServerState.java:<init>(103)) - 1c893cf2-42ed-44e2-a93b-04c4be59773d@group-F79942DAF1B7: ConfigurationManager, init=-1: [1c893cf2-42ed-44e2-a93b-04c4be59773d:192.168.151.122:35490, 480ea95e-ee97-48dd-ba86-160bad61f78a:192.168.151.122:40548, 2e6c7c75-c299-4730-9b1b-71cf3d67f0ed:192.168.151.122:45222], old=null, confs=<EMPTY_MAP>
2019-10-02 21:18:17,818 [pool-419-thread-1] INFO  server.RaftServerConfigKeys (ConfUtils.java:logGet(43)) - raft.server.log.corruption.policy = EXCEPTION (default)
2019-10-02 21:18:17,818 [pool-429-thread-1] INFO  server.RaftServerConfigKeys (ConfUtils.java:logGet(43)) - raft.server.storage.dir = [/workdir/hadoop-ozone/integration-test/target/test-dir/MiniOzoneClusterImpl-25ddea64-d207-408c-b907-17765ca49936/datanode-2/data/ratis] (custom)
2019-10-02 21:18:17,818 [pool-409-thread-1] INFO  server.RaftServerConfigKeys (ConfUtils.java:logGet(43)) - raft.server.log.corruption.policy = EXCEPTION (default)
2019-10-02 21:18:17,818 [pool-429-thread-1] INFO  server.RaftServerConfigKeys (ConfUtils.java:logGet(43)) - raft.server.log.corruption.policy = EXCEPTION (default)
2019-10-02 21:18:17,818 [pool-419-thread-1] INFO  storage.RaftStorageDirectory (RaftStorageDirectory.java:analyzeStorage(246)) - The storage directory /workdir/hadoop-ozone/integration-test/target/test-dir/MiniOzoneClusterImpl-25ddea64-d207-408c-b907-17765ca49936/datanode-1/data/ratis/d42bb959-4708-4b58-aa62-f79942daf1b7 does not exist. Creating ...
2019-10-02 21:18:17,819 [pool-429-thread-1] INFO  storage.RaftStorageDirectory (RaftStorageDirectory.java:analyzeStorage(246)) - The storage directory /workdir/hadoop-ozone/integration-test/target/test-dir/MiniOzoneClusterImpl-25ddea64-d207-408c-b907-17765ca49936/datanode-2/data/ratis/d42bb959-4708-4b58-aa62-f79942daf1b7 does not exist. Creating ...
2019-10-02 21:18:17,818 [pool-409-thread-1] INFO  storage.RaftStorageDirectory (RaftStorageDirectory.java:analyzeStorage(246)) - The storage directory /workdir/hadoop-ozone/integration-test/target/test-dir/MiniOzoneClusterImpl-25ddea64-d207-408c-b907-17765ca49936/datanode-0/data/ratis/d42bb959-4708-4b58-aa62-f79942daf1b7 does not exist. Creating ...
2019-10-02 21:18:17,832 [pool-409-thread-1] INFO  storage.RaftStorageDirectory (RaftStorageDirectory.java:tryLock(328)) - Lock on /workdir/hadoop-ozone/integration-test/target/test-dir/MiniOzoneClusterImpl-25ddea64-d207-408c-b907-17765ca49936/datanode-0/data/ratis/d42bb959-4708-4b58-aa62-f79942daf1b7/in_use.lock acquired by nodename 20484@pr-hdds-2200-trunk-mgnwx-192523005
2019-10-02 21:18:17,832 [pool-429-thread-1] INFO  storage.RaftStorageDirectory (RaftStorageDirectory.java:tryLock(328)) - Lock on /workdir/hadoop-ozone/integration-test/target/test-dir/MiniOzoneClusterImpl-25ddea64-d207-408c-b907-17765ca49936/datanode-2/data/ratis/d42bb959-4708-4b58-aa62-f79942daf1b7/in_use.lock acquired by nodename 20484@pr-hdds-2200-trunk-mgnwx-192523005
2019-10-02 21:18:17,832 [pool-419-thread-1] INFO  storage.RaftStorageDirectory (RaftStorageDirectory.java:tryLock(328)) - Lock on /workdir/hadoop-ozone/integration-test/target/test-dir/MiniOzoneClusterImpl-25ddea64-d207-408c-b907-17765ca49936/datanode-1/data/ratis/d42bb959-4708-4b58-aa62-f79942daf1b7/in_use.lock acquired by nodename 20484@pr-hdds-2200-trunk-mgnwx-192523005
2019-10-02 21:18:17,845 [pool-409-thread-1] INFO  storage.RaftStorage (RaftStorage.java:format(84)) - Storage directory /workdir/hadoop-ozone/integration-test/target/test-dir/MiniOzoneClusterImpl-25ddea64-d207-408c-b907-17765ca49936/datanode-0/data/ratis/d42bb959-4708-4b58-aa62-f79942daf1b7 has been successfully formatted.
2019-10-02 21:18:17,845 [pool-429-thread-1] INFO  storage.RaftStorage (RaftStorage.java:format(84)) - Storage directory /workdir/hadoop-ozone/integration-test/target/test-dir/MiniOzoneClusterImpl-25ddea64-d207-408c-b907-17765ca49936/datanode-2/data/ratis/d42bb959-4708-4b58-aa62-f79942daf1b7 has been successfully formatted.
2019-10-02 21:18:17,845 [pool-419-thread-1] INFO  storage.RaftStorage (RaftStorage.java:format(84)) - Storage directory /workdir/hadoop-ozone/integration-test/target/test-dir/MiniOzoneClusterImpl-25ddea64-d207-408c-b907-17765ca49936/datanode-1/data/ratis/d42bb959-4708-4b58-aa62-f79942daf1b7 has been successfully formatted.
2019-10-02 21:18:17,845 [pool-429-thread-1] INFO  ratis.ContainerStateMachine (ContainerStateMachine.java:loadSnapshot(230)) - group-F79942DAF1B7: The snapshot info is null. Setting the last applied indexto:(t:0, i:~)
2019-10-02 21:18:17,845 [pool-409-thread-1] INFO  ratis.ContainerStateMachine (ContainerStateMachine.java:loadSnapshot(230)) - group-F79942DAF1B7: The snapshot info is null. Setting the last applied indexto:(t:0, i:~)
2019-10-02 21:18:17,846 [pool-429-thread-1] INFO  server.RaftServerConfigKeys (ConfUtils.java:logGet(43)) - raft.server.notification.no-leader.timeout = 120s (custom)
2019-10-02 21:18:17,846 [pool-419-thread-1] INFO  ratis.ContainerStateMachine (ContainerStateMachine.java:loadSnapshot(230)) - group-F79942DAF1B7: The snapshot info is null. Setting the last applied indexto:(t:0, i:~)
2019-10-02 21:18:17,846 [pool-429-thread-1] INFO  server.RaftServerConfigKeys (ConfUtils.java:logGet(43)) - raft.server.log.use.memory = false (default)
2019-10-02 21:18:17,846 [pool-409-thread-1] INFO  server.RaftServerConfigKeys (ConfUtils.java:logGet(43)) - raft.server.notification.no-leader.timeout = 120s (custom)
2019-10-02 21:18:17,846 [pool-429-thread-1] INFO  server.RaftServerConfigKeys (ConfUtils.java:logGet(43)) - raft.server.log.purge.gap = 1000000 (custom)
2019-10-02 21:18:17,846 [pool-419-thread-1] INFO  server.RaftServerConfigKeys (ConfUtils.java:logGet(43)) - raft.server.notification.no-leader.timeout = 120s (custom)
2019-10-02 21:18:17,846 [pool-429-thread-1] INFO  server.RaftServerConfigKeys (ConfUtils.java:logGet(43)) - raft.server.log.appender.buffer.byte-limit = 33554432 (custom)
2019-10-02 21:18:17,846 [pool-409-thread-1] INFO  server.RaftServerConfigKeys (ConfUtils.java:logGet(43)) - raft.server.log.use.memory = false (default)
2019-10-02 21:18:17,846 [pool-429-thread-1] INFO  server.RaftServerConfigKeys (ConfUtils.java:logGet(43)) - raft.server.log.segment.size.max = 1048576 (custom)
2019-10-02 21:18:17,846 [pool-419-thread-1] INFO  server.RaftServerConfigKeys (ConfUtils.java:logGet(43)) - raft.server.log.use.memory = false (default)
2019-10-02 21:18:17,847 [pool-429-thread-1] INFO  server.RaftServerConfigKeys (ConfUtils.java:logGet(43)) - raft.server.log.segment.cache.num.max = 2 (custom)
2019-10-02 21:18:17,847 [pool-409-thread-1] INFO  server.RaftServerConfigKeys (ConfUtils.java:logGet(43)) - raft.server.log.purge.gap = 1000000 (custom)
2019-10-02 21:18:17,847 [pool-429-thread-1] INFO  segmented.SegmentedRaftLogWorker (SegmentedRaftLogWorker.java:<init>(173)) - new 1c893cf2-42ed-44e2-a93b-04c4be59773d@group-F79942DAF1B7-SegmentedRaftLogWorker for RaftStorage:Storage Directory /workdir/hadoop-ozone/integration-test/target/test-dir/MiniOzoneClusterImpl-25ddea64-d207-408c-b907-17765ca49936/datanode-2/data/ratis/d42bb959-4708-4b58-aa62-f79942daf1b7
2019-10-02 21:18:17,847 [pool-419-thread-1] INFO  server.RaftServerConfigKeys (ConfUtils.java:logGet(43)) - raft.server.log.purge.gap = 1000000 (custom)
2019-10-02 21:18:17,847 [pool-429-thread-1] INFO  server.RaftServerConfigKeys (ConfUtils.java:logGet(43)) - raft.server.log.queue.byte-limit = 2147483647 (custom)
2019-10-02 21:18:17,847 [pool-409-thread-1] INFO  server.RaftServerConfigKeys (ConfUtils.java:logGet(43)) - raft.server.log.appender.buffer.byte-limit = 33554432 (custom)
2019-10-02 21:18:17,847 [pool-429-thread-1] INFO  server.RaftServerConfigKeys (ConfUtils.java:logGet(43)) - raft.server.log.queue.element-limit = 1024 (custom)
2019-10-02 21:18:17,847 [pool-419-thread-1] INFO  server.RaftServerConfigKeys (ConfUtils.java:logGet(43)) - raft.server.log.appender.buffer.byte-limit = 33554432 (custom)
2019-10-02 21:18:17,848 [pool-429-thread-1] INFO  server.RaftServerConfigKeys (ConfUtils.java:logGet(43)) - raft.server.log.segment.size.max = 1048576 (custom)
2019-10-02 21:18:17,847 [pool-409-thread-1] INFO  server.RaftServerConfigKeys (ConfUtils.java:logGet(43)) - raft.server.log.segment.size.max = 1048576 (custom)
2019-10-02 21:18:17,848 [pool-429-thread-1] INFO  server.RaftServerConfigKeys (ConfUtils.java:logGet(43)) - raft.server.log.preallocated.size = 16384 (custom)
2019-10-02 21:18:17,848 [pool-419-thread-1] INFO  server.RaftServerConfigKeys (ConfUtils.java:logGet(43)) - raft.server.log.segment.size.max = 1048576 (custom)
2019-10-02 21:18:17,848 [pool-429-thread-1] INFO  server.RaftServerConfigKeys (ConfUtils.java:logGet(43)) - raft.server.log.write.buffer.size = 33554432 (custom)
2019-10-02 21:18:17,848 [pool-409-thread-1] INFO  server.RaftServerConfigKeys (ConfUtils.java:logGet(43)) - raft.server.log.segment.cache.num.max = 2 (custom)
2019-10-02 21:18:17,848 [pool-429-thread-1] INFO  server.RaftServerConfigKeys (ConfUtils.java:logGet(43)) - raft.server.log.force.sync.num = 128 (default)
2019-10-02 21:18:17,848 [pool-419-thread-1] INFO  server.RaftServerConfigKeys (ConfUtils.java:logGet(43)) - raft.server.log.segment.cache.num.max = 2 (custom)
2019-10-02 21:18:17,848 [pool-429-thread-1] INFO  server.RaftServerConfigKeys (ConfUtils.java:logGet(43)) - raft.server.log.statemachine.data.sync = true (default)
2019-10-02 21:18:17,848 [pool-409-thread-1] INFO  segmented.SegmentedRaftLogWorker (SegmentedRaftLogWorker.java:<init>(173)) - new 2e6c7c75-c299-4730-9b1b-71cf3d67f0ed@group-F79942DAF1B7-SegmentedRaftLogWorker for RaftStorage:Storage Directory /workdir/hadoop-ozone/integration-test/target/test-dir/MiniOzoneClusterImpl-25ddea64-d207-408c-b907-17765ca49936/datanode-0/data/ratis/d42bb959-4708-4b58-aa62-f79942daf1b7
2019-10-02 21:18:17,849 [pool-429-thread-1] INFO  server.RaftServerConfigKeys (ConfUtils.java:logGet(43)) - raft.server.log.statemachine.data.sync.timeout = 10s (default)
2019-10-02 21:18:17,848 [pool-419-thread-1] INFO  segmented.SegmentedRaftLogWorker (SegmentedRaftLogWorker.java:<init>(173)) - new 480ea95e-ee97-48dd-ba86-160bad61f78a@group-F79942DAF1B7-SegmentedRaftLogWorker for RaftStorage:Storage Directory /workdir/hadoop-ozone/integration-test/target/test-dir/MiniOzoneClusterImpl-25ddea64-d207-408c-b907-17765ca49936/datanode-1/data/ratis/d42bb959-4708-4b58-aa62-f79942daf1b7
2019-10-02 21:18:17,849 [pool-429-thread-1] INFO  server.RaftServerConfigKeys (ConfUtils.java:logGet(43)) - raft.server.log.statemachine.data.sync.timeout.retry = -1 (default)
2019-10-02 21:18:17,849 [pool-409-thread-1] INFO  server.RaftServerConfigKeys (ConfUtils.java:logGet(43)) - raft.server.log.queue.byte-limit = 2147483647 (custom)
2019-10-02 21:18:17,849 [pool-429-thread-1] INFO  server.RaftServerConfigKeys (ConfUtils.java:logGet(43)) - raft.server.log.statemachine.data.caching.enabled = true (custom)
2019-10-02 21:18:17,849 [pool-419-thread-1] INFO  server.RaftServerConfigKeys (ConfUtils.java:logGet(43)) - raft.server.log.queue.byte-limit = 2147483647 (custom)
2019-10-02 21:18:17,849 [pool-409-thread-1] INFO  server.RaftServerConfigKeys (ConfUtils.java:logGet(43)) - raft.server.log.queue.element-limit = 1024 (custom)
2019-10-02 21:18:17,849 [pool-429-thread-1] INFO  segmented.SegmentedRaftLogWorker (SegmentedRaftLogWorker.java:lambda$new$0(128)) - 1c893cf2-42ed-44e2-a93b-04c4be59773d@group-F79942DAF1B7-SegmentedRaftLogWorker: flushIndex: setUnconditionally 0 -> -1
2019-10-02 21:18:17,849 [pool-419-thread-1] INFO  server.RaftServerConfigKeys (ConfUtils.java:logGet(43)) - raft.server.log.queue.element-limit = 1024 (custom)
2019-10-02 21:18:17,849 [pool-409-thread-1] INFO  server.RaftServerConfigKeys (ConfUtils.java:logGet(43)) - raft.server.log.segment.size.max = 1048576 (custom)
2019-10-02 21:18:17,849 [pool-419-thread-1] INFO  server.RaftServerConfigKeys (ConfUtils.java:logGet(43)) - raft.server.log.segment.size.max = 1048576 (custom)
2019-10-02 21:18:17,850 [pool-429-thread-1] INFO  server.RaftServerConfigKeys (ConfUtils.java:logGet(43)) - raft.server.snapshot.auto.trigger.enabled = true (custom)
2019-10-02 21:18:17,850 [pool-409-thread-1] INFO  server.RaftServerConfigKeys (ConfUtils.java:logGet(43)) - raft.server.log.preallocated.size = 16384 (custom)
2019-10-02 21:18:17,850 [pool-429-thread-1] INFO  server.RaftServerConfigKeys (ConfUtils.java:logGet(43)) - raft.server.snapshot.auto.trigger.threshold = 10000 (custom)
2019-10-02 21:18:17,850 [pool-419-thread-1] INFO  server.RaftServerConfigKeys (ConfUtils.java:logGet(43)) - raft.server.log.preallocated.size = 16384 (custom)
2019-10-02 21:18:17,850 [pool-429-thread-1] INFO  server.RaftServerConfigKeys (ConfUtils.java:logGet(43)) - raft.server.snapshot.retention.file.num = 5 (custom)
2019-10-02 21:18:17,850 [pool-409-thread-1] INFO  server.RaftServerConfigKeys (ConfUtils.java:logGet(43)) - raft.server.log.write.buffer.size = 33554432 (custom)
2019-10-02 21:18:17,850 [pool-429-thread-1] INFO  server.RaftServerConfigKeys (ConfUtils.java:logGet(43)) - raft.server.retrycache.expirytime = 600000ms (custom)
2019-10-02 21:18:17,850 [pool-419-thread-1] INFO  server.RaftServerConfigKeys (ConfUtils.java:logGet(43)) - raft.server.log.write.buffer.size = 33554432 (custom)
2019-10-02 21:18:17,850 [pool-409-thread-1] INFO  server.RaftServerConfigKeys (ConfUtils.java:logGet(43)) - raft.server.log.force.sync.num = 128 (default)
2019-10-02 21:18:17,851 [pool-419-thread-1] INFO  server.RaftServerConfigKeys (ConfUtils.java:logGet(43)) - raft.server.log.force.sync.num = 128 (default)
2019-10-02 21:18:17,851 [pool-409-thread-1] INFO  server.RaftServerConfigKeys (ConfUtils.java:logGet(43)) - raft.server.log.statemachine.data.sync = true (default)
2019-10-02 21:18:17,851 [pool-419-thread-1] INFO  server.RaftServerConfigKeys (ConfUtils.java:logGet(43)) - raft.server.log.statemachine.data.sync = true (default)
2019-10-02 21:18:17,851 [pool-409-thread-1] INFO  server.RaftServerConfigKeys (ConfUtils.java:logGet(43)) - raft.server.log.statemachine.data.sync.timeout = 10s (default)
2019-10-02 21:18:17,851 [pool-419-thread-1] INFO  server.RaftServerConfigKeys (ConfUtils.java:logGet(43)) - raft.server.log.statemachine.data.sync.timeout = 10s (default)
2019-10-02 21:18:17,851 [pool-409-thread-1] INFO  server.RaftServerConfigKeys (ConfUtils.java:logGet(43)) - raft.server.log.statemachine.data.sync.timeout.retry = -1 (default)
2019-10-02 21:18:17,851 [pool-419-thread-1] INFO  server.RaftServerConfigKeys (ConfUtils.java:logGet(43)) - raft.server.log.statemachine.data.sync.timeout.retry = -1 (default)
2019-10-02 21:18:17,851 [pool-409-thread-1] INFO  server.RaftServerConfigKeys (ConfUtils.java:logGet(43)) - raft.server.log.statemachine.data.caching.enabled = true (custom)
2019-10-02 21:18:17,851 [pool-419-thread-1] INFO  server.RaftServerConfigKeys (ConfUtils.java:logGet(43)) - raft.server.log.statemachine.data.caching.enabled = true (custom)
2019-10-02 21:18:17,851 [pool-409-thread-1] INFO  segmented.SegmentedRaftLogWorker (SegmentedRaftLogWorker.java:lambda$new$0(128)) - 2e6c7c75-c299-4730-9b1b-71cf3d67f0ed@group-F79942DAF1B7-SegmentedRaftLogWorker: flushIndex: setUnconditionally 0 -> -1
2019-10-02 21:18:17,851 [pool-419-thread-1] INFO  segmented.SegmentedRaftLogWorker (SegmentedRaftLogWorker.java:lambda$new$0(128)) - 480ea95e-ee97-48dd-ba86-160bad61f78a@group-F79942DAF1B7-SegmentedRaftLogWorker: flushIndex: setUnconditionally 0 -> -1
2019-10-02 21:18:17,852 [pool-409-thread-1] INFO  server.RaftServerConfigKeys (ConfUtils.java:logGet(43)) - raft.server.snapshot.auto.trigger.enabled = true (custom)
2019-10-02 21:18:17,852 [pool-429-thread-1] INFO  impl.RaftServerImpl (RaftServerImpl.java:start(181)) - 1c893cf2-42ed-44e2-a93b-04c4be59773d@group-F79942DAF1B7: start as a follower, conf=-1: [1c893cf2-42ed-44e2-a93b-04c4be59773d:192.168.151.122:35490, 480ea95e-ee97-48dd-ba86-160bad61f78a:192.168.151.122:40548, 2e6c7c75-c299-4730-9b1b-71cf3d67f0ed:192.168.151.122:45222], old=null
2019-10-02 21:18:17,852 [pool-419-thread-1] INFO  server.RaftServerConfigKeys (ConfUtils.java:logGet(43)) - raft.server.snapshot.auto.trigger.enabled = true (custom)
2019-10-02 21:18:17,852 [pool-409-thread-1] INFO  server.RaftServerConfigKeys (ConfUtils.java:logGet(43)) - raft.server.snapshot.auto.trigger.threshold = 10000 (custom)
2019-10-02 21:18:17,852 [pool-419-thread-1] INFO  server.RaftServerConfigKeys (ConfUtils.java:logGet(43)) - raft.server.snapshot.auto.trigger.threshold = 10000 (custom)
2019-10-02 21:18:17,852 [pool-429-thread-1] INFO  impl.RaftServerImpl (RaftServerImpl.java:setRole(170)) - 1c893cf2-42ed-44e2-a93b-04c4be59773d@group-F79942DAF1B7: changes role from      null to FOLLOWER at term 0 for startAsFollower
2019-10-02 21:18:17,852 [pool-419-thread-1] INFO  server.RaftServerConfigKeys (ConfUtils.java:logGet(43)) - raft.server.snapshot.retention.file.num = 5 (custom)
2019-10-02 21:18:17,852 [pool-409-thread-1] INFO  server.RaftServerConfigKeys (ConfUtils.java:logGet(43)) - raft.server.snapshot.retention.file.num = 5 (custom)
2019-10-02 21:18:17,852 [pool-419-thread-1] INFO  server.RaftServerConfigKeys (ConfUtils.java:logGet(43)) - raft.server.retrycache.expirytime = 600000ms (custom)
2019-10-02 21:18:17,852 [pool-429-thread-1] INFO  impl.RoleInfo (RoleInfo.java:updateAndGet(143)) - 1c893cf2-42ed-44e2-a93b-04c4be59773d: start FollowerState
2019-10-02 21:18:17,852 [pool-409-thread-1] INFO  server.RaftServerConfigKeys (ConfUtils.java:logGet(43)) - raft.server.retrycache.expirytime = 600000ms (custom)
2019-10-02 21:18:17,865 [pool-429-thread-1] INFO  util.JmxRegister (JmxRegister.java:tryRegister(44)) - Successfully registered JMX Bean with object name Ratis:service=RaftServer,group=group-F79942DAF1B7,id=1c893cf2-42ed-44e2-a93b-04c4be59773d
2019-10-02 21:18:17,868 [pool-409-thread-1] INFO  impl.RaftServerImpl (RaftServerImpl.java:start(181)) - 2e6c7c75-c299-4730-9b1b-71cf3d67f0ed@group-F79942DAF1B7: start as a follower, conf=-1: [1c893cf2-42ed-44e2-a93b-04c4be59773d:192.168.151.122:35490, 480ea95e-ee97-48dd-ba86-160bad61f78a:192.168.151.122:40548, 2e6c7c75-c299-4730-9b1b-71cf3d67f0ed:192.168.151.122:45222], old=null
2019-10-02 21:18:17,868 [pool-419-thread-1] INFO  impl.RaftServerImpl (RaftServerImpl.java:start(181)) - 480ea95e-ee97-48dd-ba86-160bad61f78a@group-F79942DAF1B7: start as a follower, conf=-1: [1c893cf2-42ed-44e2-a93b-04c4be59773d:192.168.151.122:35490, 480ea95e-ee97-48dd-ba86-160bad61f78a:192.168.151.122:40548, 2e6c7c75-c299-4730-9b1b-71cf3d67f0ed:192.168.151.122:45222], old=null
2019-10-02 21:18:17,868 [pool-409-thread-1] INFO  impl.RaftServerImpl (RaftServerImpl.java:setRole(170)) - 2e6c7c75-c299-4730-9b1b-71cf3d67f0ed@group-F79942DAF1B7: changes role from      null to FOLLOWER at term 0 for startAsFollower
2019-10-02 21:18:17,868 [pool-419-thread-1] INFO  impl.RaftServerImpl (RaftServerImpl.java:setRole(170)) - 480ea95e-ee97-48dd-ba86-160bad61f78a@group-F79942DAF1B7: changes role from      null to FOLLOWER at term 0 for startAsFollower
2019-10-02 21:18:17,868 [pool-409-thread-1] INFO  impl.RoleInfo (RoleInfo.java:updateAndGet(143)) - 2e6c7c75-c299-4730-9b1b-71cf3d67f0ed: start FollowerState
2019-10-02 21:18:17,868 [pool-419-thread-1] INFO  impl.RoleInfo (RoleInfo.java:updateAndGet(143)) - 480ea95e-ee97-48dd-ba86-160bad61f78a: start FollowerState
2019-10-02 21:18:17,878 [pool-409-thread-1] INFO  util.JmxRegister (JmxRegister.java:tryRegister(44)) - Successfully registered JMX Bean with object name Ratis:service=RaftServer,group=group-F79942DAF1B7,id=2e6c7c75-c299-4730-9b1b-71cf3d67f0ed
2019-10-02 21:18:17,885 [pool-419-thread-1] INFO  util.JmxRegister (JmxRegister.java:tryRegister(44)) - Successfully registered JMX Bean with object name Ratis:service=RaftServer,group=group-F79942DAF1B7,id=480ea95e-ee97-48dd-ba86-160bad61f78a
2019-10-02 21:18:17,886 [IPC Server handler 14 on 41798] INFO  net.NetworkTopology (NetworkTopologyImpl.java:add(111)) - Added a new node: /default-rack/5216852f-18dc-4290-a94d-0088d3583f0b
2019-10-02 21:18:17,886 [IPC Server handler 14 on 41798] INFO  node.SCMNodeManager (SCMNodeManager.java:register(266)) - Registered Data node : 5216852f-18dc-4290-a94d-0088d3583f0b{ip: 192.168.151.122, host: pr-hdds-2200-trunk-mgnwx-192523005, networkLocation: /default-rack, certSerialId: null}
2019-10-02 21:18:17,896 [RatisPipelineUtilsThread] INFO  pipeline.PipelineStateManager (PipelineStateManager.java:addPipeline(56)) - Created pipeline Pipeline[ Id: d42bb959-4708-4b58-aa62-f79942daf1b7, Nodes: 480ea95e-ee97-48dd-ba86-160bad61f78a{ip: 192.168.151.122, host: pr-hdds-2200-trunk-mgnwx-192523005, networkLocation: /default-rack, certSerialId: null}2e6c7c75-c299-4730-9b1b-71cf3d67f0ed{ip: 192.168.151.122, host: pr-hdds-2200-trunk-mgnwx-192523005, networkLocation: /default-rack, certSerialId: null}1c893cf2-42ed-44e2-a93b-04c4be59773d{ip: 192.168.151.122, host: pr-hdds-2200-trunk-mgnwx-192523005, networkLocation: /default-rack, certSerialId: null}, Type:RATIS, Factor:THREE, State:OPEN]
2019-10-02 21:18:17,906 [grpc-default-executor-6] INFO  impl.RaftServerProxy (RaftServerProxy.java:addNew(89)) - 5216852f-18dc-4290-a94d-0088d3583f0b: addNew group-69DF24CD116F:[5216852f-18dc-4290-a94d-0088d3583f0b:192.168.151.122:40251] returns group-69DF24CD116F:java.util.concurrent.CompletableFuture@7893ab10[Not completed]
2019-10-02 21:18:17,907 [pool-449-thread-1] INFO  impl.RaftServerImpl (RaftServerImpl.java:<init>(95)) - 5216852f-18dc-4290-a94d-0088d3583f0b: new RaftServerImpl for group-69DF24CD116F:[5216852f-18dc-4290-a94d-0088d3583f0b:192.168.151.122:40251] with ContainerStateMachine:uninitialized
2019-10-02 21:18:17,909 [pool-449-thread-1] INFO  server.RaftServerConfigKeys (ConfUtils.java:logGet(43)) - raft.server.rpc.timeout.min = 5s (custom)
2019-10-02 21:18:17,909 [pool-449-thread-1] INFO  server.RaftServerConfigKeys (ConfUtils.java:logGet(43)) - raft.server.rpc.timeout.max = 5200ms (custom)
2019-10-02 21:18:17,909 [pool-449-thread-1] INFO  server.RaftServerConfigKeys (ConfUtils.java:logGet(43)) - raft.server.rpcslowness.timeout = 120s (custom)
2019-10-02 21:18:17,909 [pool-449-thread-1] INFO  server.RaftServerConfigKeys (ConfUtils.java:logGet(43)) - raft.server.sleep.deviation.threshold = 300 (default)
2019-10-02 21:18:17,909 [pool-449-thread-1] INFO  server.RaftServerConfigKeys (ConfUtils.java:logGet(43)) - raft.server.log.appender.install.snapshot.enabled = false (custom)
2019-10-02 21:18:17,909 [pool-449-thread-1] INFO  impl.RaftServerImpl (ServerState.java:<init>(103)) - 5216852f-18dc-4290-a94d-0088d3583f0b@group-69DF24CD116F: ConfigurationManager, init=-1: [5216852f-18dc-4290-a94d-0088d3583f0b:192.168.151.122:40251], old=null, confs=<EMPTY_MAP>
2019-10-02 21:18:17,909 [pool-449-thread-1] INFO  server.RaftServerConfigKeys (ConfUtils.java:logGet(43)) - raft.server.storage.dir = [/workdir/hadoop-ozone/integration-test/target/test-dir/MiniOzoneClusterImpl-25ddea64-d207-408c-b907-17765ca49936/datanode-4/data/ratis] (custom)
2019-10-02 21:18:17,909 [pool-449-thread-1] INFO  server.RaftServerConfigKeys (ConfUtils.java:logGet(43)) - raft.server.log.corruption.policy = EXCEPTION (default)
2019-10-02 21:18:17,910 [pool-449-thread-1] INFO  storage.RaftStorageDirectory (RaftStorageDirectory.java:analyzeStorage(246)) - The storage directory /workdir/hadoop-ozone/integration-test/target/test-dir/MiniOzoneClusterImpl-25ddea64-d207-408c-b907-17765ca49936/datanode-4/data/ratis/62304980-b28a-469c-9b52-69df24cd116f does not exist. Creating ...
2019-10-02 21:18:17,922 [pool-449-thread-1] INFO  storage.RaftStorageDirectory (RaftStorageDirectory.java:tryLock(328)) - Lock on /workdir/hadoop-ozone/integration-test/target/test-dir/MiniOzoneClusterImpl-25ddea64-d207-408c-b907-17765ca49936/datanode-4/data/ratis/62304980-b28a-469c-9b52-69df24cd116f/in_use.lock acquired by nodename 20484@pr-hdds-2200-trunk-mgnwx-192523005
2019-10-02 21:18:17,935 [pool-449-thread-1] INFO  storage.RaftStorage (RaftStorage.java:format(84)) - Storage directory /workdir/hadoop-ozone/integration-test/target/test-dir/MiniOzoneClusterImpl-25ddea64-d207-408c-b907-17765ca49936/datanode-4/data/ratis/62304980-b28a-469c-9b52-69df24cd116f has been successfully formatted.
2019-10-02 21:18:17,935 [pool-449-thread-1] INFO  ratis.ContainerStateMachine (ContainerStateMachine.java:loadSnapshot(230)) - group-69DF24CD116F: The snapshot info is null. Setting the last applied indexto:(t:0, i:~)
2019-10-02 21:18:17,936 [pool-449-thread-1] INFO  server.RaftServerConfigKeys (ConfUtils.java:logGet(43)) - raft.server.notification.no-leader.timeout = 120s (custom)
2019-10-02 21:18:17,936 [pool-449-thread-1] INFO  server.RaftServerConfigKeys (ConfUtils.java:logGet(43)) - raft.server.log.use.memory = false (default)
2019-10-02 21:18:17,936 [pool-449-thread-1] INFO  server.RaftServerConfigKeys (ConfUtils.java:logGet(43)) - raft.server.log.purge.gap = 1000000 (custom)
2019-10-02 21:18:17,936 [pool-449-thread-1] INFO  server.RaftServerConfigKeys (ConfUtils.java:logGet(43)) - raft.server.log.appender.buffer.byte-limit = 33554432 (custom)
2019-10-02 21:18:17,936 [pool-449-thread-1] INFO  server.RaftServerConfigKeys (ConfUtils.java:logGet(43)) - raft.server.log.segment.size.max = 1048576 (custom)
2019-10-02 21:18:17,937 [pool-449-thread-1] INFO  server.RaftServerConfigKeys (ConfUtils.java:logGet(43)) - raft.server.log.segment.cache.num.max = 2 (custom)
2019-10-02 21:18:17,937 [pool-449-thread-1] INFO  segmented.SegmentedRaftLogWorker (SegmentedRaftLogWorker.java:<init>(173)) - new 5216852f-18dc-4290-a94d-0088d3583f0b@group-69DF24CD116F-SegmentedRaftLogWorker for RaftStorage:Storage Directory /workdir/hadoop-ozone/integration-test/target/test-dir/MiniOzoneClusterImpl-25ddea64-d207-408c-b907-17765ca49936/datanode-4/data/ratis/62304980-b28a-469c-9b52-69df24cd116f
2019-10-02 21:18:17,937 [pool-449-thread-1] INFO  server.RaftServerConfigKeys (ConfUtils.java:logGet(43)) - raft.server.log.queue.byte-limit = 2147483647 (custom)
2019-10-02 21:18:17,937 [pool-449-thread-1] INFO  server.RaftServerConfigKeys (ConfUtils.java:logGet(43)) - raft.server.log.queue.element-limit = 1024 (custom)
2019-10-02 21:18:17,937 [pool-449-thread-1] INFO  server.RaftServerConfigKeys (ConfUtils.java:logGet(43)) - raft.server.log.segment.size.max = 1048576 (custom)
2019-10-02 21:18:17,937 [pool-449-thread-1] INFO  server.RaftServerConfigKeys (ConfUtils.java:logGet(43)) - raft.server.log.preallocated.size = 16384 (custom)
2019-10-02 21:18:17,937 [pool-449-thread-1] INFO  server.RaftServerConfigKeys (ConfUtils.java:logGet(43)) - raft.server.log.write.buffer.size = 33554432 (custom)
2019-10-02 21:18:17,938 [pool-449-thread-1] INFO  server.RaftServerConfigKeys (ConfUtils.java:logGet(43)) - raft.server.log.force.sync.num = 128 (default)
2019-10-02 21:18:17,938 [pool-449-thread-1] INFO  server.RaftServerConfigKeys (ConfUtils.java:logGet(43)) - raft.server.log.statemachine.data.sync = true (default)
2019-10-02 21:18:17,938 [pool-449-thread-1] INFO  server.RaftServerConfigKeys (ConfUtils.java:logGet(43)) - raft.server.log.statemachine.data.sync.timeout = 10s (default)
2019-10-02 21:18:17,938 [pool-449-thread-1] INFO  server.RaftServerConfigKeys (ConfUtils.java:logGet(43)) - raft.server.log.statemachine.data.sync.timeout.retry = -1 (default)
2019-10-02 21:18:17,938 [pool-449-thread-1] INFO  server.RaftServerConfigKeys (ConfUtils.java:logGet(43)) - raft.server.log.statemachine.data.caching.enabled = true (custom)
2019-10-02 21:18:17,938 [pool-449-thread-1] INFO  segmented.SegmentedRaftLogWorker (SegmentedRaftLogWorker.java:lambda$new$0(128)) - 5216852f-18dc-4290-a94d-0088d3583f0b@group-69DF24CD116F-SegmentedRaftLogWorker: flushIndex: setUnconditionally 0 -> -1
2019-10-02 21:18:17,938 [pool-449-thread-1] INFO  server.RaftServerConfigKeys (ConfUtils.java:logGet(43)) - raft.server.snapshot.auto.trigger.enabled = true (custom)
2019-10-02 21:18:17,938 [pool-449-thread-1] INFO  server.RaftServerConfigKeys (ConfUtils.java:logGet(43)) - raft.server.snapshot.auto.trigger.threshold = 10000 (custom)
2019-10-02 21:18:17,939 [pool-449-thread-1] INFO  server.RaftServerConfigKeys (ConfUtils.java:logGet(43)) - raft.server.snapshot.retention.file.num = 5 (custom)
2019-10-02 21:18:17,939 [pool-449-thread-1] INFO  server.RaftServerConfigKeys (ConfUtils.java:logGet(43)) - raft.server.retrycache.expirytime = 600000ms (custom)
2019-10-02 21:18:17,939 [pool-449-thread-1] INFO  impl.RaftServerImpl (RaftServerImpl.java:start(181)) - 5216852f-18dc-4290-a94d-0088d3583f0b@group-69DF24CD116F: start as a follower, conf=-1: [5216852f-18dc-4290-a94d-0088d3583f0b:192.168.151.122:40251], old=null
2019-10-02 21:18:17,940 [pool-449-thread-1] INFO  impl.RaftServerImpl (RaftServerImpl.java:setRole(170)) - 5216852f-18dc-4290-a94d-0088d3583f0b@group-69DF24CD116F: changes role from      null to FOLLOWER at term 0 for startAsFollower
2019-10-02 21:18:17,940 [pool-449-thread-1] INFO  impl.RoleInfo (RoleInfo.java:updateAndGet(143)) - 5216852f-18dc-4290-a94d-0088d3583f0b: start FollowerState
2019-10-02 21:18:17,940 [pool-449-thread-1] INFO  util.JmxRegister (JmxRegister.java:tryRegister(44)) - Successfully registered JMX Bean with object name Ratis:service=RaftServer,group=group-69DF24CD116F,id=5216852f-18dc-4290-a94d-0088d3583f0b
2019-10-02 21:18:17,945 [IPC Server handler 9 on 41798] INFO  net.NetworkTopology (NetworkTopologyImpl.java:add(111)) - Added a new node: /default-rack/e6648afa-7a91-4543-9f1c-af23da2cc97c
2019-10-02 21:18:17,946 [IPC Server handler 9 on 41798] INFO  node.SCMNodeManager (SCMNodeManager.java:register(266)) - Registered Data node : e6648afa-7a91-4543-9f1c-af23da2cc97c{ip: 192.168.151.122, host: pr-hdds-2200-trunk-mgnwx-192523005, networkLocation: /default-rack, certSerialId: null}
2019-10-02 21:18:17,946 [RatisPipelineUtilsThread] INFO  pipeline.PipelineStateManager (PipelineStateManager.java:addPipeline(56)) - Created pipeline Pipeline[ Id: 62304980-b28a-469c-9b52-69df24cd116f, Nodes: 5216852f-18dc-4290-a94d-0088d3583f0b{ip: 192.168.151.122, host: pr-hdds-2200-trunk-mgnwx-192523005, networkLocation: /default-rack, certSerialId: null}, Type:RATIS, Factor:ONE, State:OPEN]
2019-10-02 21:18:17,954 [grpc-default-executor-6] INFO  impl.RaftServerProxy (RaftServerProxy.java:addNew(89)) - e6648afa-7a91-4543-9f1c-af23da2cc97c: addNew group-63358EA4F491:[e6648afa-7a91-4543-9f1c-af23da2cc97c:192.168.151.122:35648] returns group-63358EA4F491:java.util.concurrent.CompletableFuture@788344e[Not completed]
2019-10-02 21:18:17,955 [pool-459-thread-1] INFO  impl.RaftServerImpl (RaftServerImpl.java:<init>(95)) - e6648afa-7a91-4543-9f1c-af23da2cc97c: new RaftServerImpl for group-63358EA4F491:[e6648afa-7a91-4543-9f1c-af23da2cc97c:192.168.151.122:35648] with ContainerStateMachine:uninitialized
2019-10-02 21:18:17,955 [pool-459-thread-1] INFO  server.RaftServerConfigKeys (ConfUtils.java:logGet(43)) - raft.server.rpc.timeout.min = 5s (custom)
2019-10-02 21:18:17,955 [pool-459-thread-1] INFO  server.RaftServerConfigKeys (ConfUtils.java:logGet(43)) - raft.server.rpc.timeout.max = 5200ms (custom)
2019-10-02 21:18:17,955 [pool-459-thread-1] INFO  server.RaftServerConfigKeys (ConfUtils.java:logGet(43)) - raft.server.rpcslowness.timeout = 120s (custom)
2019-10-02 21:18:17,955 [pool-459-thread-1] INFO  server.RaftServerConfigKeys (ConfUtils.java:logGet(43)) - raft.server.sleep.deviation.threshold = 300 (default)
2019-10-02 21:18:17,955 [pool-459-thread-1] INFO  server.RaftServerConfigKeys (ConfUtils.java:logGet(43)) - raft.server.log.appender.install.snapshot.enabled = false (custom)
2019-10-02 21:18:17,955 [pool-459-thread-1] INFO  impl.RaftServerImpl (ServerState.java:<init>(103)) - e6648afa-7a91-4543-9f1c-af23da2cc97c@group-63358EA4F491: ConfigurationManager, init=-1: [e6648afa-7a91-4543-9f1c-af23da2cc97c:192.168.151.122:35648], old=null, confs=<EMPTY_MAP>
2019-10-02 21:18:17,956 [pool-459-thread-1] INFO  server.RaftServerConfigKeys (ConfUtils.java:logGet(43)) - raft.server.storage.dir = [/workdir/hadoop-ozone/integration-test/target/test-dir/MiniOzoneClusterImpl-25ddea64-d207-408c-b907-17765ca49936/datanode-5/data/ratis] (custom)
2019-10-02 21:18:17,956 [pool-459-thread-1] INFO  server.RaftServerConfigKeys (ConfUtils.java:logGet(43)) - raft.server.log.corruption.policy = EXCEPTION (default)
2019-10-02 21:18:17,956 [pool-459-thread-1] INFO  storage.RaftStorageDirectory (RaftStorageDirectory.java:analyzeStorage(246)) - The storage directory /workdir/hadoop-ozone/integration-test/target/test-dir/MiniOzoneClusterImpl-25ddea64-d207-408c-b907-17765ca49936/datanode-5/data/ratis/02d835c0-ad7b-4eec-93b7-63358ea4f491 does not exist. Creating ...
2019-10-02 21:18:17,961 [pool-459-thread-1] INFO  storage.RaftStorageDirectory (RaftStorageDirectory.java:tryLock(328)) - Lock on /workdir/hadoop-ozone/integration-test/target/test-dir/MiniOzoneClusterImpl-25ddea64-d207-408c-b907-17765ca49936/datanode-5/data/ratis/02d835c0-ad7b-4eec-93b7-63358ea4f491/in_use.lock acquired by nodename 20484@pr-hdds-2200-trunk-mgnwx-192523005
2019-10-02 21:18:17,974 [pool-459-thread-1] INFO  storage.RaftStorage (RaftStorage.java:format(84)) - Storage directory /workdir/hadoop-ozone/integration-test/target/test-dir/MiniOzoneClusterImpl-25ddea64-d207-408c-b907-17765ca49936/datanode-5/data/ratis/02d835c0-ad7b-4eec-93b7-63358ea4f491 has been successfully formatted.
2019-10-02 21:18:17,974 [pool-459-thread-1] INFO  ratis.ContainerStateMachine (ContainerStateMachine.java:loadSnapshot(230)) - group-63358EA4F491: The snapshot info is null. Setting the last applied indexto:(t:0, i:~)
2019-10-02 21:18:17,974 [pool-459-thread-1] INFO  server.RaftServerConfigKeys (ConfUtils.java:logGet(43)) - raft.server.notification.no-leader.timeout = 120s (custom)
2019-10-02 21:18:17,974 [pool-459-thread-1] INFO  server.RaftServerConfigKeys (ConfUtils.java:logGet(43)) - raft.server.log.use.memory = false (default)
2019-10-02 21:18:17,974 [pool-459-thread-1] INFO  server.RaftServerConfigKeys (ConfUtils.java:logGet(43)) - raft.server.log.purge.gap = 1000000 (custom)
2019-10-02 21:18:17,974 [pool-459-thread-1] INFO  server.RaftServerConfigKeys (ConfUtils.java:logGet(43)) - raft.server.log.appender.buffer.byte-limit = 33554432 (custom)
2019-10-02 21:18:17,974 [pool-459-thread-1] INFO  server.RaftServerConfigKeys (ConfUtils.java:logGet(43)) - raft.server.log.segment.size.max = 1048576 (custom)
2019-10-02 21:18:17,975 [pool-459-thread-1] INFO  server.RaftServerConfigKeys (ConfUtils.java:logGet(43)) - raft.server.log.segment.cache.num.max = 2 (custom)
2019-10-02 21:18:17,975 [pool-459-thread-1] INFO  segmented.SegmentedRaftLogWorker (SegmentedRaftLogWorker.java:<init>(173)) - new e6648afa-7a91-4543-9f1c-af23da2cc97c@group-63358EA4F491-SegmentedRaftLogWorker for RaftStorage:Storage Directory /workdir/hadoop-ozone/integration-test/target/test-dir/MiniOzoneClusterImpl-25ddea64-d207-408c-b907-17765ca49936/datanode-5/data/ratis/02d835c0-ad7b-4eec-93b7-63358ea4f491
2019-10-02 21:18:17,976 [pool-459-thread-1] INFO  server.RaftServerConfigKeys (ConfUtils.java:logGet(43)) - raft.server.log.queue.byte-limit = 2147483647 (custom)
2019-10-02 21:18:17,976 [pool-459-thread-1] INFO  server.RaftServerConfigKeys (ConfUtils.java:logGet(43)) - raft.server.log.queue.element-limit = 1024 (custom)
2019-10-02 21:18:17,976 [pool-459-thread-1] INFO  server.RaftServerConfigKeys (ConfUtils.java:logGet(43)) - raft.server.log.segment.size.max = 1048576 (custom)
2019-10-02 21:18:17,976 [pool-459-thread-1] INFO  server.RaftServerConfigKeys (ConfUtils.java:logGet(43)) - raft.server.log.preallocated.size = 16384 (custom)
2019-10-02 21:18:17,976 [pool-459-thread-1] INFO  server.RaftServerConfigKeys (ConfUtils.java:logGet(43)) - raft.server.log.write.buffer.size = 33554432 (custom)
2019-10-02 21:18:17,976 [pool-459-thread-1] INFO  server.RaftServerConfigKeys (ConfUtils.java:logGet(43)) - raft.server.log.force.sync.num = 128 (default)
2019-10-02 21:18:17,976 [pool-459-thread-1] INFO  server.RaftServerConfigKeys (ConfUtils.java:logGet(43)) - raft.server.log.statemachine.data.sync = true (default)
2019-10-02 21:18:17,976 [pool-459-thread-1] INFO  server.RaftServerConfigKeys (ConfUtils.java:logGet(43)) - raft.server.log.statemachine.data.sync.timeout = 10s (default)
2019-10-02 21:18:17,976 [pool-459-thread-1] INFO  server.RaftServerConfigKeys (ConfUtils.java:logGet(43)) - raft.server.log.statemachine.data.sync.timeout.retry = -1 (default)
2019-10-02 21:18:17,976 [pool-459-thread-1] INFO  server.RaftServerConfigKeys (ConfUtils.java:logGet(43)) - raft.server.log.statemachine.data.caching.enabled = true (custom)
2019-10-02 21:18:17,977 [pool-459-thread-1] INFO  segmented.SegmentedRaftLogWorker (SegmentedRaftLogWorker.java:lambda$new$0(128)) - e6648afa-7a91-4543-9f1c-af23da2cc97c@group-63358EA4F491-SegmentedRaftLogWorker: flushIndex: setUnconditionally 0 -> -1
2019-10-02 21:18:17,977 [pool-459-thread-1] INFO  server.RaftServerConfigKeys (ConfUtils.java:logGet(43)) - raft.server.snapshot.auto.trigger.enabled = true (custom)
2019-10-02 21:18:17,977 [pool-459-thread-1] INFO  server.RaftServerConfigKeys (ConfUtils.java:logGet(43)) - raft.server.snapshot.auto.trigger.threshold = 10000 (custom)
2019-10-02 21:18:17,977 [pool-459-thread-1] INFO  server.RaftServerConfigKeys (ConfUtils.java:logGet(43)) - raft.server.snapshot.retention.file.num = 5 (custom)
2019-10-02 21:18:17,977 [pool-459-thread-1] INFO  server.RaftServerConfigKeys (ConfUtils.java:logGet(43)) - raft.server.retrycache.expirytime = 600000ms (custom)
2019-10-02 21:18:17,978 [pool-459-thread-1] INFO  impl.RaftServerImpl (RaftServerImpl.java:start(181)) - e6648afa-7a91-4543-9f1c-af23da2cc97c@group-63358EA4F491: start as a follower, conf=-1: [e6648afa-7a91-4543-9f1c-af23da2cc97c:192.168.151.122:35648], old=null
2019-10-02 21:18:17,978 [pool-459-thread-1] INFO  impl.RaftServerImpl (RaftServerImpl.java:setRole(170)) - e6648afa-7a91-4543-9f1c-af23da2cc97c@group-63358EA4F491: changes role from      null to FOLLOWER at term 0 for startAsFollower
2019-10-02 21:18:17,978 [pool-459-thread-1] INFO  impl.RoleInfo (RoleInfo.java:updateAndGet(143)) - e6648afa-7a91-4543-9f1c-af23da2cc97c: start FollowerState
2019-10-02 21:18:17,978 [pool-459-thread-1] INFO  util.JmxRegister (JmxRegister.java:tryRegister(44)) - Successfully registered JMX Bean with object name Ratis:service=RaftServer,group=group-63358EA4F491,id=e6648afa-7a91-4543-9f1c-af23da2cc97c
2019-10-02 21:18:17,984 [RatisPipelineUtilsThread] INFO  pipeline.PipelineStateManager (PipelineStateManager.java:addPipeline(56)) - Created pipeline Pipeline[ Id: 02d835c0-ad7b-4eec-93b7-63358ea4f491, Nodes: e6648afa-7a91-4543-9f1c-af23da2cc97c{ip: 192.168.151.122, host: pr-hdds-2200-trunk-mgnwx-192523005, networkLocation: /default-rack, certSerialId: null}, Type:RATIS, Factor:ONE, State:OPEN]
2019-10-02 21:18:17,990 [grpc-default-executor-6] INFO  impl.RaftServerProxy (RaftServerProxy.java:addNew(89)) - 90fbc310-f2b2-4398-8aff-5d706c2b3211: addNew group-1A8194DE1396:[90fbc310-f2b2-4398-8aff-5d706c2b3211:192.168.151.122:36547] returns group-1A8194DE1396:java.util.concurrent.CompletableFuture@4e2b4f33[Not completed]
2019-10-02 21:18:17,991 [pool-439-thread-1] INFO  impl.RaftServerImpl (RaftServerImpl.java:<init>(95)) - 90fbc310-f2b2-4398-8aff-5d706c2b3211: new RaftServerImpl for group-1A8194DE1396:[90fbc310-f2b2-4398-8aff-5d706c2b3211:192.168.151.122:36547] with ContainerStateMachine:uninitialized
2019-10-02 21:18:17,991 [pool-439-thread-1] INFO  server.RaftServerConfigKeys (ConfUtils.java:logGet(43)) - raft.server.rpc.timeout.min = 5s (custom)
2019-10-02 21:18:17,991 [pool-439-thread-1] INFO  server.RaftServerConfigKeys (ConfUtils.java:logGet(43)) - raft.server.rpc.timeout.max = 5200ms (custom)
2019-10-02 21:18:17,991 [pool-439-thread-1] INFO  server.RaftServerConfigKeys (ConfUtils.java:logGet(43)) - raft.server.rpcslowness.timeout = 120s (custom)
2019-10-02 21:18:17,991 [pool-439-thread-1] INFO  server.RaftServerConfigKeys (ConfUtils.java:logGet(43)) - raft.server.sleep.deviation.threshold = 300 (default)
2019-10-02 21:18:17,991 [pool-439-thread-1] INFO  server.RaftServerConfigKeys (ConfUtils.java:logGet(43)) - raft.server.log.appender.install.snapshot.enabled = false (custom)
2019-10-02 21:18:17,991 [pool-439-thread-1] INFO  impl.RaftServerImpl (ServerState.java:<init>(103)) - 90fbc310-f2b2-4398-8aff-5d706c2b3211@group-1A8194DE1396: ConfigurationManager, init=-1: [90fbc310-f2b2-4398-8aff-5d706c2b3211:192.168.151.122:36547], old=null, confs=<EMPTY_MAP>
2019-10-02 21:18:17,992 [pool-439-thread-1] INFO  server.RaftServerConfigKeys (ConfUtils.java:logGet(43)) - raft.server.storage.dir = [/workdir/hadoop-ozone/integration-test/target/test-dir/MiniOzoneClusterImpl-25ddea64-d207-408c-b907-17765ca49936/datanode-3/data/ratis] (custom)
2019-10-02 21:18:17,992 [pool-439-thread-1] INFO  server.RaftServerConfigKeys (ConfUtils.java:logGet(43)) - raft.server.log.corruption.policy = EXCEPTION (default)
2019-10-02 21:18:17,992 [pool-439-thread-1] INFO  storage.RaftStorageDirectory (RaftStorageDirectory.java:analyzeStorage(246)) - The storage directory /workdir/hadoop-ozone/integration-test/target/test-dir/MiniOzoneClusterImpl-25ddea64-d207-408c-b907-17765ca49936/datanode-3/data/ratis/47ff4ad9-a53d-4623-9744-1a8194de1396 does not exist. Creating ...
2019-10-02 21:18:18,005 [pool-439-thread-1] INFO  storage.RaftStorageDirectory (RaftStorageDirectory.java:tryLock(328)) - Lock on /workdir/hadoop-ozone/integration-test/target/test-dir/MiniOzoneClusterImpl-25ddea64-d207-408c-b907-17765ca49936/datanode-3/data/ratis/47ff4ad9-a53d-4623-9744-1a8194de1396/in_use.lock acquired by nodename 20484@pr-hdds-2200-trunk-mgnwx-192523005
2019-10-02 21:18:18,018 [pool-439-thread-1] INFO  storage.RaftStorage (RaftStorage.java:format(84)) - Storage directory /workdir/hadoop-ozone/integration-test/target/test-dir/MiniOzoneClusterImpl-25ddea64-d207-408c-b907-17765ca49936/datanode-3/data/ratis/47ff4ad9-a53d-4623-9744-1a8194de1396 has been successfully formatted.
2019-10-02 21:18:18,019 [pool-439-thread-1] INFO  ratis.ContainerStateMachine (ContainerStateMachine.java:loadSnapshot(230)) - group-1A8194DE1396: The snapshot info is null. Setting the last applied indexto:(t:0, i:~)
2019-10-02 21:18:18,019 [pool-439-thread-1] INFO  server.RaftServerConfigKeys (ConfUtils.java:logGet(43)) - raft.server.notification.no-leader.timeout = 120s (custom)
2019-10-02 21:18:18,019 [pool-439-thread-1] INFO  server.RaftServerConfigKeys (ConfUtils.java:logGet(43)) - raft.server.log.use.memory = false (default)
2019-10-02 21:18:18,019 [pool-439-thread-1] INFO  server.RaftServerConfigKeys (ConfUtils.java:logGet(43)) - raft.server.log.purge.gap = 1000000 (custom)
2019-10-02 21:18:18,019 [pool-439-thread-1] INFO  server.RaftServerConfigKeys (ConfUtils.java:logGet(43)) - raft.server.log.appender.buffer.byte-limit = 33554432 (custom)
2019-10-02 21:18:18,019 [pool-439-thread-1] INFO  server.RaftServerConfigKeys (ConfUtils.java:logGet(43)) - raft.server.log.segment.size.max = 1048576 (custom)
2019-10-02 21:18:18,019 [IPC Server handler 19 on 41798] INFO  net.NetworkTopology (NetworkTopologyImpl.java:add(111)) - Added a new node: /default-rack/188d4931-1966-470e-bf45-48f1f3832163
2019-10-02 21:18:18,020 [IPC Server handler 19 on 41798] INFO  node.SCMNodeManager (SCMNodeManager.java:register(266)) - Registered Data node : 188d4931-1966-470e-bf45-48f1f3832163{ip: 192.168.151.122, host: pr-hdds-2200-trunk-mgnwx-192523005, networkLocation: /default-rack, certSerialId: null}
2019-10-02 21:18:18,020 [main] INFO  ozone.MiniOzoneClusterImpl (MiniOzoneClusterImpl.java:lambda$waitForClusterToBeReady$0(147)) - Cluster is ready. Got 7 of 7 DN Heartbeats.
2019-10-02 21:18:18,020 [pool-439-thread-1] INFO  server.RaftServerConfigKeys (ConfUtils.java:logGet(43)) - raft.server.log.segment.cache.num.max = 2 (custom)
2019-10-02 21:18:18,020 [pool-439-thread-1] INFO  segmented.SegmentedRaftLogWorker (SegmentedRaftLogWorker.java:<init>(173)) - new 90fbc310-f2b2-4398-8aff-5d706c2b3211@group-1A8194DE1396-SegmentedRaftLogWorker for RaftStorage:Storage Directory /workdir/hadoop-ozone/integration-test/target/test-dir/MiniOzoneClusterImpl-25ddea64-d207-408c-b907-17765ca49936/datanode-3/data/ratis/47ff4ad9-a53d-4623-9744-1a8194de1396
2019-10-02 21:18:18,020 [pool-439-thread-1] INFO  server.RaftServerConfigKeys (ConfUtils.java:logGet(43)) - raft.server.log.queue.byte-limit = 2147483647 (custom)
2019-10-02 21:18:18,020 [pool-439-thread-1] INFO  server.RaftServerConfigKeys (ConfUtils.java:logGet(43)) - raft.server.log.queue.element-limit = 1024 (custom)
2019-10-02 21:18:18,020 [pool-439-thread-1] INFO  server.RaftServerConfigKeys (ConfUtils.java:logGet(43)) - raft.server.log.segment.size.max = 1048576 (custom)
2019-10-02 21:18:18,021 [pool-439-thread-1] INFO  server.RaftServerConfigKeys (ConfUtils.java:logGet(43)) - raft.server.log.preallocated.size = 16384 (custom)
2019-10-02 21:18:18,021 [pool-439-thread-1] INFO  server.RaftServerConfigKeys (ConfUtils.java:logGet(43)) - raft.server.log.write.buffer.size = 33554432 (custom)
2019-10-02 21:18:18,021 [pool-439-thread-1] INFO  server.RaftServerConfigKeys (ConfUtils.java:logGet(43)) - raft.server.log.force.sync.num = 128 (default)
2019-10-02 21:18:18,021 [pool-439-thread-1] INFO  server.RaftServerConfigKeys (ConfUtils.java:logGet(43)) - raft.server.log.statemachine.data.sync = true (default)
2019-10-02 21:18:18,021 [pool-439-thread-1] INFO  server.RaftServerConfigKeys (ConfUtils.java:logGet(43)) - raft.server.log.statemachine.data.sync.timeout = 10s (default)
2019-10-02 21:18:18,021 [pool-439-thread-1] INFO  server.RaftServerConfigKeys (ConfUtils.java:logGet(43)) - raft.server.log.statemachine.data.sync.timeout.retry = -1 (default)
2019-10-02 21:18:18,021 [pool-439-thread-1] INFO  server.RaftServerConfigKeys (ConfUtils.java:logGet(43)) - raft.server.log.statemachine.data.caching.enabled = true (custom)
2019-10-02 21:18:18,021 [pool-439-thread-1] INFO  segmented.SegmentedRaftLogWorker (SegmentedRaftLogWorker.java:lambda$new$0(128)) - 90fbc310-f2b2-4398-8aff-5d706c2b3211@group-1A8194DE1396-SegmentedRaftLogWorker: flushIndex: setUnconditionally 0 -> -1
2019-10-02 21:18:18,022 [pool-439-thread-1] INFO  server.RaftServerConfigKeys (ConfUtils.java:logGet(43)) - raft.server.snapshot.auto.trigger.enabled = true (custom)
2019-10-02 21:18:18,022 [pool-439-thread-1] INFO  server.RaftServerConfigKeys (ConfUtils.java:logGet(43)) - raft.server.snapshot.auto.trigger.threshold = 10000 (custom)
2019-10-02 21:18:18,022 [pool-439-thread-1] INFO  server.RaftServerConfigKeys (ConfUtils.java:logGet(43)) - raft.server.snapshot.retention.file.num = 5 (custom)
2019-10-02 21:18:18,022 [pool-439-thread-1] INFO  server.RaftServerConfigKeys (ConfUtils.java:logGet(43)) - raft.server.retrycache.expirytime = 600000ms (custom)
2019-10-02 21:18:18,032 [pool-439-thread-1] INFO  impl.RaftServerImpl (RaftServerImpl.java:start(181)) - 90fbc310-f2b2-4398-8aff-5d706c2b3211@group-1A8194DE1396: start as a follower, conf=-1: [90fbc310-f2b2-4398-8aff-5d706c2b3211:192.168.151.122:36547], old=null
2019-10-02 21:18:18,032 [pool-439-thread-1] INFO  impl.RaftServerImpl (RaftServerImpl.java:setRole(170)) - 90fbc310-f2b2-4398-8aff-5d706c2b3211@group-1A8194DE1396: changes role from      null to FOLLOWER at term 0 for startAsFollower
2019-10-02 21:18:18,032 [pool-439-thread-1] INFO  impl.RoleInfo (RoleInfo.java:updateAndGet(143)) - 90fbc310-f2b2-4398-8aff-5d706c2b3211: start FollowerState
2019-10-02 21:18:18,032 [pool-439-thread-1] INFO  util.JmxRegister (JmxRegister.java:tryRegister(44)) - Successfully registered JMX Bean with object name Ratis:service=RaftServer,group=group-1A8194DE1396,id=90fbc310-f2b2-4398-8aff-5d706c2b3211
2019-10-02 21:18:18,040 [RatisPipelineUtilsThread] INFO  pipeline.PipelineStateManager (PipelineStateManager.java:addPipeline(56)) - Created pipeline Pipeline[ Id: 47ff4ad9-a53d-4623-9744-1a8194de1396, Nodes: 90fbc310-f2b2-4398-8aff-5d706c2b3211{ip: 192.168.151.122, host: pr-hdds-2200-trunk-mgnwx-192523005, networkLocation: /default-rack, certSerialId: null}, Type:RATIS, Factor:ONE, State:OPEN]
2019-10-02 21:18:18,080 [grpc-default-executor-6] INFO  impl.RaftServerProxy (RaftServerProxy.java:addNew(89)) - 188d4931-1966-470e-bf45-48f1f3832163: addNew group-EB1239F7084F:[188d4931-1966-470e-bf45-48f1f3832163:192.168.151.122:32958] returns group-EB1239F7084F:java.util.concurrent.CompletableFuture@44c98761[Not completed]
2019-10-02 21:18:18,084 [pool-469-thread-1] INFO  impl.RaftServerImpl (RaftServerImpl.java:<init>(95)) - 188d4931-1966-470e-bf45-48f1f3832163: new RaftServerImpl for group-EB1239F7084F:[188d4931-1966-470e-bf45-48f1f3832163:192.168.151.122:32958] with ContainerStateMachine:uninitialized
2019-10-02 21:18:18,084 [pool-469-thread-1] INFO  server.RaftServerConfigKeys (ConfUtils.java:logGet(43)) - raft.server.rpc.timeout.min = 5s (custom)
2019-10-02 21:18:18,084 [pool-469-thread-1] INFO  server.RaftServerConfigKeys (ConfUtils.java:logGet(43)) - raft.server.rpc.timeout.max = 5200ms (custom)
2019-10-02 21:18:18,084 [pool-469-thread-1] INFO  server.RaftServerConfigKeys (ConfUtils.java:logGet(43)) - raft.server.rpcslowness.timeout = 120s (custom)
2019-10-02 21:18:18,084 [pool-469-thread-1] INFO  server.RaftServerConfigKeys (ConfUtils.java:logGet(43)) - raft.server.sleep.deviation.threshold = 300 (default)
2019-10-02 21:18:18,085 [main] INFO  rpc.RpcClient (RpcClient.java:createVolume(276)) - Creating Volume: testblockoutputstream, with jenkins1000 as owner.
2019-10-02 21:18:18,085 [pool-469-thread-1] INFO  server.RaftServerConfigKeys (ConfUtils.java:logGet(43)) - raft.server.log.appender.install.snapshot.enabled = false (custom)
2019-10-02 21:18:18,085 [pool-469-thread-1] INFO  impl.RaftServerImpl (ServerState.java:<init>(103)) - 188d4931-1966-470e-bf45-48f1f3832163@group-EB1239F7084F: ConfigurationManager, init=-1: [188d4931-1966-470e-bf45-48f1f3832163:192.168.151.122:32958], old=null, confs=<EMPTY_MAP>
2019-10-02 21:18:18,085 [pool-469-thread-1] INFO  server.RaftServerConfigKeys (ConfUtils.java:logGet(43)) - raft.server.storage.dir = [/workdir/hadoop-ozone/integration-test/target/test-dir/MiniOzoneClusterImpl-25ddea64-d207-408c-b907-17765ca49936/datanode-6/data/ratis] (custom)
2019-10-02 21:18:18,085 [pool-469-thread-1] INFO  server.RaftServerConfigKeys (ConfUtils.java:logGet(43)) - raft.server.log.corruption.policy = EXCEPTION (default)
2019-10-02 21:18:18,086 [pool-469-thread-1] INFO  storage.RaftStorageDirectory (RaftStorageDirectory.java:analyzeStorage(246)) - The storage directory /workdir/hadoop-ozone/integration-test/target/test-dir/MiniOzoneClusterImpl-25ddea64-d207-408c-b907-17765ca49936/datanode-6/data/ratis/2e47e73d-1838-4731-af11-eb1239f7084f does not exist. Creating ...
2019-10-02 21:18:18,088 [IPC Server handler 1 on 35230] INFO  volume.OMVolumeCreateRequest (OMVolumeCreateRequest.java:validateAndUpdateCache(194)) - created volume:testblockoutputstream for user:jenkins1000
2019-10-02 21:18:18,129 [pool-469-thread-1] INFO  storage.RaftStorageDirectory (RaftStorageDirectory.java:tryLock(328)) - Lock on /workdir/hadoop-ozone/integration-test/target/test-dir/MiniOzoneClusterImpl-25ddea64-d207-408c-b907-17765ca49936/datanode-6/data/ratis/2e47e73d-1838-4731-af11-eb1239f7084f/in_use.lock acquired by nodename 20484@pr-hdds-2200-trunk-mgnwx-192523005
2019-10-02 21:18:18,130 [main] INFO  rpc.RpcClient (RpcClient.java:createBucket(415)) - Creating Bucket: testblockoutputstream/testblockoutputstream, with Versioning false and Storage Type set to DISK and Encryption set to false 
2019-10-02 21:18:18,142 [pool-469-thread-1] INFO  storage.RaftStorage (RaftStorage.java:format(84)) - Storage directory /workdir/hadoop-ozone/integration-test/target/test-dir/MiniOzoneClusterImpl-25ddea64-d207-408c-b907-17765ca49936/datanode-6/data/ratis/2e47e73d-1838-4731-af11-eb1239f7084f has been successfully formatted.
2019-10-02 21:18:18,142 [pool-469-thread-1] INFO  ratis.ContainerStateMachine (ContainerStateMachine.java:loadSnapshot(230)) - group-EB1239F7084F: The snapshot info is null. Setting the last applied indexto:(t:0, i:~)
2019-10-02 21:18:18,142 [pool-469-thread-1] INFO  server.RaftServerConfigKeys (ConfUtils.java:logGet(43)) - raft.server.notification.no-leader.timeout = 120s (custom)
2019-10-02 21:18:18,142 [pool-469-thread-1] INFO  server.RaftServerConfigKeys (ConfUtils.java:logGet(43)) - raft.server.log.use.memory = false (default)
2019-10-02 21:18:18,142 [pool-469-thread-1] INFO  server.RaftServerConfigKeys (ConfUtils.java:logGet(43)) - raft.server.log.purge.gap = 1000000 (custom)
2019-10-02 21:18:18,143 [pool-469-thread-1] INFO  server.RaftServerConfigKeys (ConfUtils.java:logGet(43)) - raft.server.log.appender.buffer.byte-limit = 33554432 (custom)
2019-10-02 21:18:18,143 [pool-469-thread-1] INFO  server.RaftServerConfigKeys (ConfUtils.java:logGet(43)) - raft.server.log.segment.size.max = 1048576 (custom)
2019-10-02 21:18:18,144 [pool-469-thread-1] INFO  server.RaftServerConfigKeys (ConfUtils.java:logGet(43)) - raft.server.log.segment.cache.num.max = 2 (custom)
2019-10-02 21:18:18,144 [pool-469-thread-1] INFO  segmented.SegmentedRaftLogWorker (SegmentedRaftLogWorker.java:<init>(173)) - new 188d4931-1966-470e-bf45-48f1f3832163@group-EB1239F7084F-SegmentedRaftLogWorker for RaftStorage:Storage Directory /workdir/hadoop-ozone/integration-test/target/test-dir/MiniOzoneClusterImpl-25ddea64-d207-408c-b907-17765ca49936/datanode-6/data/ratis/2e47e73d-1838-4731-af11-eb1239f7084f
2019-10-02 21:18:18,144 [pool-469-thread-1] INFO  server.RaftServerConfigKeys (ConfUtils.java:logGet(43)) - raft.server.log.queue.byte-limit = 2147483647 (custom)
2019-10-02 21:18:18,144 [pool-469-thread-1] INFO  server.RaftServerConfigKeys (ConfUtils.java:logGet(43)) - raft.server.log.queue.element-limit = 1024 (custom)
2019-10-02 21:18:18,145 [pool-469-thread-1] INFO  server.RaftServerConfigKeys (ConfUtils.java:logGet(43)) - raft.server.log.segment.size.max = 1048576 (custom)
2019-10-02 21:18:18,145 [pool-469-thread-1] INFO  server.RaftServerConfigKeys (ConfUtils.java:logGet(43)) - raft.server.log.preallocated.size = 16384 (custom)
2019-10-02 21:18:18,145 [pool-469-thread-1] INFO  server.RaftServerConfigKeys (ConfUtils.java:logGet(43)) - raft.server.log.write.buffer.size = 33554432 (custom)
2019-10-02 21:18:18,145 [pool-469-thread-1] INFO  server.RaftServerConfigKeys (ConfUtils.java:logGet(43)) - raft.server.log.force.sync.num = 128 (default)
2019-10-02 21:18:18,145 [pool-469-thread-1] INFO  server.RaftServerConfigKeys (ConfUtils.java:logGet(43)) - raft.server.log.statemachine.data.sync = true (default)
2019-10-02 21:18:18,145 [pool-469-thread-1] INFO  server.RaftServerConfigKeys (ConfUtils.java:logGet(43)) - raft.server.log.statemachine.data.sync.timeout = 10s (default)
2019-10-02 21:18:18,145 [pool-469-thread-1] INFO  server.RaftServerConfigKeys (ConfUtils.java:logGet(43)) - raft.server.log.statemachine.data.sync.timeout.retry = -1 (default)
2019-10-02 21:18:18,146 [pool-469-thread-1] INFO  server.RaftServerConfigKeys (ConfUtils.java:logGet(43)) - raft.server.log.statemachine.data.caching.enabled = true (custom)
2019-10-02 21:18:18,146 [pool-469-thread-1] INFO  segmented.SegmentedRaftLogWorker (SegmentedRaftLogWorker.java:lambda$new$0(128)) - 188d4931-1966-470e-bf45-48f1f3832163@group-EB1239F7084F-SegmentedRaftLogWorker: flushIndex: setUnconditionally 0 -> -1
2019-10-02 21:18:18,146 [pool-469-thread-1] INFO  server.RaftServerConfigKeys (ConfUtils.java:logGet(43)) - raft.server.snapshot.auto.trigger.enabled = true (custom)
2019-10-02 21:18:18,146 [pool-469-thread-1] INFO  server.RaftServerConfigKeys (ConfUtils.java:logGet(43)) - raft.server.snapshot.auto.trigger.threshold = 10000 (custom)
2019-10-02 21:18:18,146 [pool-469-thread-1] INFO  server.RaftServerConfigKeys (ConfUtils.java:logGet(43)) - raft.server.snapshot.retention.file.num = 5 (custom)
2019-10-02 21:18:18,146 [pool-469-thread-1] INFO  server.RaftServerConfigKeys (ConfUtils.java:logGet(43)) - raft.server.retrycache.expirytime = 600000ms (custom)
2019-10-02 21:18:18,148 [pool-469-thread-1] INFO  impl.RaftServerImpl (RaftServerImpl.java:start(181)) - 188d4931-1966-470e-bf45-48f1f3832163@group-EB1239F7084F: start as a follower, conf=-1: [188d4931-1966-470e-bf45-48f1f3832163:192.168.151.122:32958], old=null
2019-10-02 21:18:18,148 [pool-469-thread-1] INFO  impl.RaftServerImpl (RaftServerImpl.java:setRole(170)) - 188d4931-1966-470e-bf45-48f1f3832163@group-EB1239F7084F: changes role from      null to FOLLOWER at term 0 for startAsFollower
2019-10-02 21:18:18,148 [pool-469-thread-1] INFO  impl.RoleInfo (RoleInfo.java:updateAndGet(143)) - 188d4931-1966-470e-bf45-48f1f3832163: start FollowerState
2019-10-02 21:18:18,148 [pool-469-thread-1] INFO  util.JmxRegister (JmxRegister.java:tryRegister(44)) - Successfully registered JMX Bean with object name Ratis:service=RaftServer,group=group-EB1239F7084F,id=188d4931-1966-470e-bf45-48f1f3832163
2019-10-02 21:18:18,153 [RatisPipelineUtilsThread] INFO  pipeline.PipelineStateManager (PipelineStateManager.java:addPipeline(56)) - Created pipeline Pipeline[ Id: 2e47e73d-1838-4731-af11-eb1239f7084f, Nodes: 188d4931-1966-470e-bf45-48f1f3832163{ip: 192.168.151.122, host: pr-hdds-2200-trunk-mgnwx-192523005, networkLocation: /default-rack, certSerialId: null}, Type:RATIS, Factor:ONE, State:OPEN]
2019-10-02 21:18:18,164 [grpc-default-executor-6] INFO  impl.RaftServerProxy (RaftServerProxy.java:addNew(89)) - 188d4931-1966-470e-bf45-48f1f3832163: addNew group-C2CF2753B394:[5216852f-18dc-4290-a94d-0088d3583f0b:192.168.151.122:40251, e6648afa-7a91-4543-9f1c-af23da2cc97c:192.168.151.122:35648, 188d4931-1966-470e-bf45-48f1f3832163:192.168.151.122:32958] returns group-C2CF2753B394:java.util.concurrent.CompletableFuture@61bec839[Not completed]
2019-10-02 21:18:18,165 [grpc-default-executor-11] INFO  impl.RaftServerProxy (RaftServerProxy.java:addNew(89)) - 5216852f-18dc-4290-a94d-0088d3583f0b: addNew group-C2CF2753B394:[5216852f-18dc-4290-a94d-0088d3583f0b:192.168.151.122:40251, e6648afa-7a91-4543-9f1c-af23da2cc97c:192.168.151.122:35648, 188d4931-1966-470e-bf45-48f1f3832163:192.168.151.122:32958] returns group-C2CF2753B394:java.util.concurrent.CompletableFuture@1b8c1538[Not completed]
2019-10-02 21:18:18,165 [grpc-default-executor-6] INFO  impl.RaftServerProxy (RaftServerProxy.java:addNew(89)) - e6648afa-7a91-4543-9f1c-af23da2cc97c: addNew group-C2CF2753B394:[5216852f-18dc-4290-a94d-0088d3583f0b:192.168.151.122:40251, e6648afa-7a91-4543-9f1c-af23da2cc97c:192.168.151.122:35648, 188d4931-1966-470e-bf45-48f1f3832163:192.168.151.122:32958] returns group-C2CF2753B394:java.util.concurrent.CompletableFuture@33815675[Not completed]
2019-10-02 21:18:18,165 [pool-469-thread-1] INFO  impl.RaftServerImpl (RaftServerImpl.java:<init>(95)) - 188d4931-1966-470e-bf45-48f1f3832163: new RaftServerImpl for group-C2CF2753B394:[5216852f-18dc-4290-a94d-0088d3583f0b:192.168.151.122:40251, e6648afa-7a91-4543-9f1c-af23da2cc97c:192.168.151.122:35648, 188d4931-1966-470e-bf45-48f1f3832163:192.168.151.122:32958] with ContainerStateMachine:uninitialized
2019-10-02 21:18:18,165 [pool-469-thread-1] INFO  server.RaftServerConfigKeys (ConfUtils.java:logGet(43)) - raft.server.rpc.timeout.min = 5s (custom)
2019-10-02 21:18:18,166 [pool-469-thread-1] INFO  server.RaftServerConfigKeys (ConfUtils.java:logGet(43)) - raft.server.rpc.timeout.max = 5200ms (custom)
2019-10-02 21:18:18,166 [pool-449-thread-1] INFO  impl.RaftServerImpl (RaftServerImpl.java:<init>(95)) - 5216852f-18dc-4290-a94d-0088d3583f0b: new RaftServerImpl for group-C2CF2753B394:[5216852f-18dc-4290-a94d-0088d3583f0b:192.168.151.122:40251, e6648afa-7a91-4543-9f1c-af23da2cc97c:192.168.151.122:35648, 188d4931-1966-470e-bf45-48f1f3832163:192.168.151.122:32958] with ContainerStateMachine:uninitialized
2019-10-02 21:18:18,166 [pool-469-thread-1] INFO  server.RaftServerConfigKeys (ConfUtils.java:logGet(43)) - raft.server.rpcslowness.timeout = 120s (custom)
2019-10-02 21:18:18,166 [pool-449-thread-1] INFO  server.RaftServerConfigKeys (ConfUtils.java:logGet(43)) - raft.server.rpc.timeout.min = 5s (custom)
2019-10-02 21:18:18,166 [pool-469-thread-1] INFO  server.RaftServerConfigKeys (ConfUtils.java:logGet(43)) - raft.server.sleep.deviation.threshold = 300 (default)
2019-10-02 21:18:18,166 [pool-449-thread-1] INFO  server.RaftServerConfigKeys (ConfUtils.java:logGet(43)) - raft.server.rpc.timeout.max = 5200ms (custom)
2019-10-02 21:18:18,166 [pool-469-thread-1] INFO  server.RaftServerConfigKeys (ConfUtils.java:logGet(43)) - raft.server.log.appender.install.snapshot.enabled = false (custom)
2019-10-02 21:18:18,166 [pool-449-thread-1] INFO  server.RaftServerConfigKeys (ConfUtils.java:logGet(43)) - raft.server.rpcslowness.timeout = 120s (custom)
2019-10-02 21:18:18,166 [pool-469-thread-1] INFO  impl.RaftServerImpl (ServerState.java:<init>(103)) - 188d4931-1966-470e-bf45-48f1f3832163@group-C2CF2753B394: ConfigurationManager, init=-1: [5216852f-18dc-4290-a94d-0088d3583f0b:192.168.151.122:40251, e6648afa-7a91-4543-9f1c-af23da2cc97c:192.168.151.122:35648, 188d4931-1966-470e-bf45-48f1f3832163:192.168.151.122:32958], old=null, confs=<EMPTY_MAP>
2019-10-02 21:18:18,166 [pool-459-thread-1] INFO  impl.RaftServerImpl (RaftServerImpl.java:<init>(95)) - e6648afa-7a91-4543-9f1c-af23da2cc97c: new RaftServerImpl for group-C2CF2753B394:[5216852f-18dc-4290-a94d-0088d3583f0b:192.168.151.122:40251, e6648afa-7a91-4543-9f1c-af23da2cc97c:192.168.151.122:35648, 188d4931-1966-470e-bf45-48f1f3832163:192.168.151.122:32958] with ContainerStateMachine:uninitialized
2019-10-02 21:18:18,166 [pool-449-thread-1] INFO  server.RaftServerConfigKeys (ConfUtils.java:logGet(43)) - raft.server.sleep.deviation.threshold = 300 (default)
2019-10-02 21:18:18,166 [pool-459-thread-1] INFO  server.RaftServerConfigKeys (ConfUtils.java:logGet(43)) - raft.server.rpc.timeout.min = 5s (custom)
2019-10-02 21:18:18,166 [pool-469-thread-1] INFO  server.RaftServerConfigKeys (ConfUtils.java:logGet(43)) - raft.server.storage.dir = [/workdir/hadoop-ozone/integration-test/target/test-dir/MiniOzoneClusterImpl-25ddea64-d207-408c-b907-17765ca49936/datanode-6/data/ratis] (custom)
2019-10-02 21:18:18,167 [pool-459-thread-1] INFO  server.RaftServerConfigKeys (ConfUtils.java:logGet(43)) - raft.server.rpc.timeout.max = 5200ms (custom)
2019-10-02 21:18:18,166 [pool-449-thread-1] INFO  server.RaftServerConfigKeys (ConfUtils.java:logGet(43)) - raft.server.log.appender.install.snapshot.enabled = false (custom)
2019-10-02 21:18:18,167 [pool-469-thread-1] INFO  server.RaftServerConfigKeys (ConfUtils.java:logGet(43)) - raft.server.log.corruption.policy = EXCEPTION (default)
2019-10-02 21:18:18,167 [pool-459-thread-1] INFO  server.RaftServerConfigKeys (ConfUtils.java:logGet(43)) - raft.server.rpcslowness.timeout = 120s (custom)
2019-10-02 21:18:18,167 [pool-469-thread-1] INFO  storage.RaftStorageDirectory (RaftStorageDirectory.java:analyzeStorage(246)) - The storage directory /workdir/hadoop-ozone/integration-test/target/test-dir/MiniOzoneClusterImpl-25ddea64-d207-408c-b907-17765ca49936/datanode-6/data/ratis/3503793f-27b9-4842-8666-c2cf2753b394 does not exist. Creating ...
2019-10-02 21:18:18,167 [pool-449-thread-1] INFO  impl.RaftServerImpl (ServerState.java:<init>(103)) - 5216852f-18dc-4290-a94d-0088d3583f0b@group-C2CF2753B394: ConfigurationManager, init=-1: [5216852f-18dc-4290-a94d-0088d3583f0b:192.168.151.122:40251, e6648afa-7a91-4543-9f1c-af23da2cc97c:192.168.151.122:35648, 188d4931-1966-470e-bf45-48f1f3832163:192.168.151.122:32958], old=null, confs=<EMPTY_MAP>
2019-10-02 21:18:18,167 [pool-459-thread-1] INFO  server.RaftServerConfigKeys (ConfUtils.java:logGet(43)) - raft.server.sleep.deviation.threshold = 300 (default)
2019-10-02 21:18:18,167 [pool-449-thread-1] INFO  server.RaftServerConfigKeys (ConfUtils.java:logGet(43)) - raft.server.storage.dir = [/workdir/hadoop-ozone/integration-test/target/test-dir/MiniOzoneClusterImpl-25ddea64-d207-408c-b907-17765ca49936/datanode-4/data/ratis] (custom)
2019-10-02 21:18:18,167 [pool-459-thread-1] INFO  server.RaftServerConfigKeys (ConfUtils.java:logGet(43)) - raft.server.log.appender.install.snapshot.enabled = false (custom)
2019-10-02 21:18:18,168 [pool-449-thread-1] INFO  server.RaftServerConfigKeys (ConfUtils.java:logGet(43)) - raft.server.log.corruption.policy = EXCEPTION (default)
2019-10-02 21:18:18,168 [pool-459-thread-1] INFO  impl.RaftServerImpl (ServerState.java:<init>(103)) - e6648afa-7a91-4543-9f1c-af23da2cc97c@group-C2CF2753B394: ConfigurationManager, init=-1: [5216852f-18dc-4290-a94d-0088d3583f0b:192.168.151.122:40251, e6648afa-7a91-4543-9f1c-af23da2cc97c:192.168.151.122:35648, 188d4931-1966-470e-bf45-48f1f3832163:192.168.151.122:32958], old=null, confs=<EMPTY_MAP>
2019-10-02 21:18:18,168 [pool-449-thread-1] INFO  storage.RaftStorageDirectory (RaftStorageDirectory.java:analyzeStorage(246)) - The storage directory /workdir/hadoop-ozone/integration-test/target/test-dir/MiniOzoneClusterImpl-25ddea64-d207-408c-b907-17765ca49936/datanode-4/data/ratis/3503793f-27b9-4842-8666-c2cf2753b394 does not exist. Creating ...
2019-10-02 21:18:18,168 [pool-459-thread-1] INFO  server.RaftServerConfigKeys (ConfUtils.java:logGet(43)) - raft.server.storage.dir = [/workdir/hadoop-ozone/integration-test/target/test-dir/MiniOzoneClusterImpl-25ddea64-d207-408c-b907-17765ca49936/datanode-5/data/ratis] (custom)
2019-10-02 21:18:18,168 [pool-459-thread-1] INFO  server.RaftServerConfigKeys (ConfUtils.java:logGet(43)) - raft.server.log.corruption.policy = EXCEPTION (default)
2019-10-02 21:18:18,168 [pool-459-thread-1] INFO  storage.RaftStorageDirectory (RaftStorageDirectory.java:analyzeStorage(246)) - The storage directory /workdir/hadoop-ozone/integration-test/target/test-dir/MiniOzoneClusterImpl-25ddea64-d207-408c-b907-17765ca49936/datanode-5/data/ratis/3503793f-27b9-4842-8666-c2cf2753b394 does not exist. Creating ...
2019-10-02 21:18:18,181 [pool-459-thread-1] INFO  storage.RaftStorageDirectory (RaftStorageDirectory.java:tryLock(328)) - Lock on /workdir/hadoop-ozone/integration-test/target/test-dir/MiniOzoneClusterImpl-25ddea64-d207-408c-b907-17765ca49936/datanode-5/data/ratis/3503793f-27b9-4842-8666-c2cf2753b394/in_use.lock acquired by nodename 20484@pr-hdds-2200-trunk-mgnwx-192523005
2019-10-02 21:18:18,181 [pool-449-thread-1] INFO  storage.RaftStorageDirectory (RaftStorageDirectory.java:tryLock(328)) - Lock on /workdir/hadoop-ozone/integration-test/target/test-dir/MiniOzoneClusterImpl-25ddea64-d207-408c-b907-17765ca49936/datanode-4/data/ratis/3503793f-27b9-4842-8666-c2cf2753b394/in_use.lock acquired by nodename 20484@pr-hdds-2200-trunk-mgnwx-192523005
2019-10-02 21:18:18,181 [pool-469-thread-1] INFO  storage.RaftStorageDirectory (RaftStorageDirectory.java:tryLock(328)) - Lock on /workdir/hadoop-ozone/integration-test/target/test-dir/MiniOzoneClusterImpl-25ddea64-d207-408c-b907-17765ca49936/datanode-6/data/ratis/3503793f-27b9-4842-8666-c2cf2753b394/in_use.lock acquired by nodename 20484@pr-hdds-2200-trunk-mgnwx-192523005
2019-10-02 21:18:18,194 [pool-459-thread-1] INFO  storage.RaftStorage (RaftStorage.java:format(84)) - Storage directory /workdir/hadoop-ozone/integration-test/target/test-dir/MiniOzoneClusterImpl-25ddea64-d207-408c-b907-17765ca49936/datanode-5/data/ratis/3503793f-27b9-4842-8666-c2cf2753b394 has been successfully formatted.
2019-10-02 21:18:18,194 [pool-469-thread-1] INFO  storage.RaftStorage (RaftStorage.java:format(84)) - Storage directory /workdir/hadoop-ozone/integration-test/target/test-dir/MiniOzoneClusterImpl-25ddea64-d207-408c-b907-17765ca49936/datanode-6/data/ratis/3503793f-27b9-4842-8666-c2cf2753b394 has been successfully formatted.
2019-10-02 21:18:18,194 [pool-459-thread-1] INFO  ratis.ContainerStateMachine (ContainerStateMachine.java:loadSnapshot(230)) - group-C2CF2753B394: The snapshot info is null. Setting the last applied indexto:(t:0, i:~)
2019-10-02 21:18:18,194 [pool-449-thread-1] INFO  storage.RaftStorage (RaftStorage.java:format(84)) - Storage directory /workdir/hadoop-ozone/integration-test/target/test-dir/MiniOzoneClusterImpl-25ddea64-d207-408c-b907-17765ca49936/datanode-4/data/ratis/3503793f-27b9-4842-8666-c2cf2753b394 has been successfully formatted.
2019-10-02 21:18:18,194 [pool-459-thread-1] INFO  server.RaftServerConfigKeys (ConfUtils.java:logGet(43)) - raft.server.notification.no-leader.timeout = 120s (custom)
2019-10-02 21:18:18,195 [pool-449-thread-1] INFO  ratis.ContainerStateMachine (ContainerStateMachine.java:loadSnapshot(230)) - group-C2CF2753B394: The snapshot info is null. Setting the last applied indexto:(t:0, i:~)
2019-10-02 21:18:18,194 [pool-469-thread-1] INFO  ratis.ContainerStateMachine (ContainerStateMachine.java:loadSnapshot(230)) - group-C2CF2753B394: The snapshot info is null. Setting the last applied indexto:(t:0, i:~)
2019-10-02 21:18:18,195 [pool-449-thread-1] INFO  server.RaftServerConfigKeys (ConfUtils.java:logGet(43)) - raft.server.notification.no-leader.timeout = 120s (custom)
2019-10-02 21:18:18,195 [pool-459-thread-1] INFO  server.RaftServerConfigKeys (ConfUtils.java:logGet(43)) - raft.server.log.use.memory = false (default)
2019-10-02 21:18:18,195 [pool-449-thread-1] INFO  server.RaftServerConfigKeys (ConfUtils.java:logGet(43)) - raft.server.log.use.memory = false (default)
2019-10-02 21:18:18,195 [pool-469-thread-1] INFO  server.RaftServerConfigKeys (ConfUtils.java:logGet(43)) - raft.server.notification.no-leader.timeout = 120s (custom)
2019-10-02 21:18:18,195 [pool-449-thread-1] INFO  server.RaftServerConfigKeys (ConfUtils.java:logGet(43)) - raft.server.log.purge.gap = 1000000 (custom)
2019-10-02 21:18:18,195 [pool-459-thread-1] INFO  server.RaftServerConfigKeys (ConfUtils.java:logGet(43)) - raft.server.log.purge.gap = 1000000 (custom)
2019-10-02 21:18:18,195 [pool-449-thread-1] INFO  server.RaftServerConfigKeys (ConfUtils.java:logGet(43)) - raft.server.log.appender.buffer.byte-limit = 33554432 (custom)
2019-10-02 21:18:18,195 [pool-469-thread-1] INFO  server.RaftServerConfigKeys (ConfUtils.java:logGet(43)) - raft.server.log.use.memory = false (default)
2019-10-02 21:18:18,195 [pool-449-thread-1] INFO  server.RaftServerConfigKeys (ConfUtils.java:logGet(43)) - raft.server.log.segment.size.max = 1048576 (custom)
2019-10-02 21:18:18,195 [pool-459-thread-1] INFO  server.RaftServerConfigKeys (ConfUtils.java:logGet(43)) - raft.server.log.appender.buffer.byte-limit = 33554432 (custom)
2019-10-02 21:18:18,196 [pool-449-thread-1] INFO  server.RaftServerConfigKeys (ConfUtils.java:logGet(43)) - raft.server.log.segment.cache.num.max = 2 (custom)
2019-10-02 21:18:18,196 [pool-469-thread-1] INFO  server.RaftServerConfigKeys (ConfUtils.java:logGet(43)) - raft.server.log.purge.gap = 1000000 (custom)
2019-10-02 21:18:18,196 [pool-449-thread-1] INFO  segmented.SegmentedRaftLogWorker (SegmentedRaftLogWorker.java:<init>(173)) - new 5216852f-18dc-4290-a94d-0088d3583f0b@group-C2CF2753B394-SegmentedRaftLogWorker for RaftStorage:Storage Directory /workdir/hadoop-ozone/integration-test/target/test-dir/MiniOzoneClusterImpl-25ddea64-d207-408c-b907-17765ca49936/datanode-4/data/ratis/3503793f-27b9-4842-8666-c2cf2753b394
2019-10-02 21:18:18,196 [pool-459-thread-1] INFO  server.RaftServerConfigKeys (ConfUtils.java:logGet(43)) - raft.server.log.segment.size.max = 1048576 (custom)
2019-10-02 21:18:18,196 [pool-449-thread-1] INFO  server.RaftServerConfigKeys (ConfUtils.java:logGet(43)) - raft.server.log.queue.byte-limit = 2147483647 (custom)
2019-10-02 21:18:18,196 [pool-469-thread-1] INFO  server.RaftServerConfigKeys (ConfUtils.java:logGet(43)) - raft.server.log.appender.buffer.byte-limit = 33554432 (custom)
2019-10-02 21:18:18,196 [pool-449-thread-1] INFO  server.RaftServerConfigKeys (ConfUtils.java:logGet(43)) - raft.server.log.queue.element-limit = 1024 (custom)
2019-10-02 21:18:18,196 [pool-459-thread-1] INFO  server.RaftServerConfigKeys (ConfUtils.java:logGet(43)) - raft.server.log.segment.cache.num.max = 2 (custom)
2019-10-02 21:18:18,196 [pool-449-thread-1] INFO  server.RaftServerConfigKeys (ConfUtils.java:logGet(43)) - raft.server.log.segment.size.max = 1048576 (custom)
2019-10-02 21:18:18,196 [pool-469-thread-1] INFO  server.RaftServerConfigKeys (ConfUtils.java:logGet(43)) - raft.server.log.segment.size.max = 1048576 (custom)
2019-10-02 21:18:18,196 [pool-449-thread-1] INFO  server.RaftServerConfigKeys (ConfUtils.java:logGet(43)) - raft.server.log.preallocated.size = 16384 (custom)
2019-10-02 21:18:18,196 [pool-459-thread-1] INFO  segmented.SegmentedRaftLogWorker (SegmentedRaftLogWorker.java:<init>(173)) - new e6648afa-7a91-4543-9f1c-af23da2cc97c@group-C2CF2753B394-SegmentedRaftLogWorker for RaftStorage:Storage Directory /workdir/hadoop-ozone/integration-test/target/test-dir/MiniOzoneClusterImpl-25ddea64-d207-408c-b907-17765ca49936/datanode-5/data/ratis/3503793f-27b9-4842-8666-c2cf2753b394
2019-10-02 21:18:18,197 [pool-449-thread-1] INFO  server.RaftServerConfigKeys (ConfUtils.java:logGet(43)) - raft.server.log.write.buffer.size = 33554432 (custom)
2019-10-02 21:18:18,197 [pool-469-thread-1] INFO  server.RaftServerConfigKeys (ConfUtils.java:logGet(43)) - raft.server.log.segment.cache.num.max = 2 (custom)
2019-10-02 21:18:18,197 [pool-449-thread-1] INFO  server.RaftServerConfigKeys (ConfUtils.java:logGet(43)) - raft.server.log.force.sync.num = 128 (default)
2019-10-02 21:18:18,197 [pool-459-thread-1] INFO  server.RaftServerConfigKeys (ConfUtils.java:logGet(43)) - raft.server.log.queue.byte-limit = 2147483647 (custom)
2019-10-02 21:18:18,197 [pool-449-thread-1] INFO  server.RaftServerConfigKeys (ConfUtils.java:logGet(43)) - raft.server.log.statemachine.data.sync = true (default)
2019-10-02 21:18:18,197 [pool-469-thread-1] INFO  segmented.SegmentedRaftLogWorker (SegmentedRaftLogWorker.java:<init>(173)) - new 188d4931-1966-470e-bf45-48f1f3832163@group-C2CF2753B394-SegmentedRaftLogWorker for RaftStorage:Storage Directory /workdir/hadoop-ozone/integration-test/target/test-dir/MiniOzoneClusterImpl-25ddea64-d207-408c-b907-17765ca49936/datanode-6/data/ratis/3503793f-27b9-4842-8666-c2cf2753b394
2019-10-02 21:18:18,197 [pool-449-thread-1] INFO  server.RaftServerConfigKeys (ConfUtils.java:logGet(43)) - raft.server.log.statemachine.data.sync.timeout = 10s (default)
2019-10-02 21:18:18,197 [pool-459-thread-1] INFO  server.RaftServerConfigKeys (ConfUtils.java:logGet(43)) - raft.server.log.queue.element-limit = 1024 (custom)
2019-10-02 21:18:18,197 [pool-449-thread-1] INFO  server.RaftServerConfigKeys (ConfUtils.java:logGet(43)) - raft.server.log.statemachine.data.sync.timeout.retry = -1 (default)
2019-10-02 21:18:18,197 [pool-469-thread-1] INFO  server.RaftServerConfigKeys (ConfUtils.java:logGet(43)) - raft.server.log.queue.byte-limit = 2147483647 (custom)
2019-10-02 21:18:18,198 [pool-449-thread-1] INFO  server.RaftServerConfigKeys (ConfUtils.java:logGet(43)) - raft.server.log.statemachine.data.caching.enabled = true (custom)
2019-10-02 21:18:18,198 [pool-459-thread-1] INFO  server.RaftServerConfigKeys (ConfUtils.java:logGet(43)) - raft.server.log.segment.size.max = 1048576 (custom)
2019-10-02 21:18:18,198 [pool-469-thread-1] INFO  server.RaftServerConfigKeys (ConfUtils.java:logGet(43)) - raft.server.log.queue.element-limit = 1024 (custom)
2019-10-02 21:18:18,198 [pool-449-thread-1] INFO  segmented.SegmentedRaftLogWorker (SegmentedRaftLogWorker.java:lambda$new$0(128)) - 5216852f-18dc-4290-a94d-0088d3583f0b@group-C2CF2753B394-SegmentedRaftLogWorker: flushIndex: setUnconditionally 0 -> -1
2019-10-02 21:18:18,198 [pool-459-thread-1] INFO  server.RaftServerConfigKeys (ConfUtils.java:logGet(43)) - raft.server.log.preallocated.size = 16384 (custom)
2019-10-02 21:18:18,198 [pool-469-thread-1] INFO  server.RaftServerConfigKeys (ConfUtils.java:logGet(43)) - raft.server.log.segment.size.max = 1048576 (custom)
2019-10-02 21:18:18,198 [pool-449-thread-1] INFO  server.RaftServerConfigKeys (ConfUtils.java:logGet(43)) - raft.server.snapshot.auto.trigger.enabled = true (custom)
2019-10-02 21:18:18,198 [pool-459-thread-1] INFO  server.RaftServerConfigKeys (ConfUtils.java:logGet(43)) - raft.server.log.write.buffer.size = 33554432 (custom)
2019-10-02 21:18:18,198 [pool-449-thread-1] INFO  server.RaftServerConfigKeys (ConfUtils.java:logGet(43)) - raft.server.snapshot.auto.trigger.threshold = 10000 (custom)
2019-10-02 21:18:18,198 [pool-469-thread-1] INFO  server.RaftServerConfigKeys (ConfUtils.java:logGet(43)) - raft.server.log.preallocated.size = 16384 (custom)
2019-10-02 21:18:18,199 [pool-449-thread-1] INFO  server.RaftServerConfigKeys (ConfUtils.java:logGet(43)) - raft.server.snapshot.retention.file.num = 5 (custom)
2019-10-02 21:18:18,199 [pool-459-thread-1] INFO  server.RaftServerConfigKeys (ConfUtils.java:logGet(43)) - raft.server.log.force.sync.num = 128 (default)
2019-10-02 21:18:18,199 [pool-449-thread-1] INFO  server.RaftServerConfigKeys (ConfUtils.java:logGet(43)) - raft.server.retrycache.expirytime = 600000ms (custom)
2019-10-02 21:18:18,199 [pool-469-thread-1] INFO  server.RaftServerConfigKeys (ConfUtils.java:logGet(43)) - raft.server.log.write.buffer.size = 33554432 (custom)
2019-10-02 21:18:18,199 [pool-459-thread-1] INFO  server.RaftServerConfigKeys (ConfUtils.java:logGet(43)) - raft.server.log.statemachine.data.sync = true (default)
2019-10-02 21:18:18,199 [pool-469-thread-1] INFO  server.RaftServerConfigKeys (ConfUtils.java:logGet(43)) - raft.server.log.force.sync.num = 128 (default)
2019-10-02 21:18:18,199 [pool-459-thread-1] INFO  server.RaftServerConfigKeys (ConfUtils.java:logGet(43)) - raft.server.log.statemachine.data.sync.timeout = 10s (default)
2019-10-02 21:18:18,199 [pool-469-thread-1] INFO  server.RaftServerConfigKeys (ConfUtils.java:logGet(43)) - raft.server.log.statemachine.data.sync = true (default)
2019-10-02 21:18:18,199 [pool-459-thread-1] INFO  server.RaftServerConfigKeys (ConfUtils.java:logGet(43)) - raft.server.log.statemachine.data.sync.timeout.retry = -1 (default)
2019-10-02 21:18:18,200 [pool-469-thread-1] INFO  server.RaftServerConfigKeys (ConfUtils.java:logGet(43)) - raft.server.log.statemachine.data.sync.timeout = 10s (default)
2019-10-02 21:18:18,200 [pool-459-thread-1] INFO  server.RaftServerConfigKeys (ConfUtils.java:logGet(43)) - raft.server.log.statemachine.data.caching.enabled = true (custom)
2019-10-02 21:18:18,200 [pool-469-thread-1] INFO  server.RaftServerConfigKeys (ConfUtils.java:logGet(43)) - raft.server.log.statemachine.data.sync.timeout.retry = -1 (default)
2019-10-02 21:18:18,200 [pool-459-thread-1] INFO  segmented.SegmentedRaftLogWorker (SegmentedRaftLogWorker.java:lambda$new$0(128)) - e6648afa-7a91-4543-9f1c-af23da2cc97c@group-C2CF2753B394-SegmentedRaftLogWorker: flushIndex: setUnconditionally 0 -> -1
2019-10-02 21:18:18,200 [pool-449-thread-1] INFO  impl.RaftServerImpl (RaftServerImpl.java:start(181)) - 5216852f-18dc-4290-a94d-0088d3583f0b@group-C2CF2753B394: start as a follower, conf=-1: [5216852f-18dc-4290-a94d-0088d3583f0b:192.168.151.122:40251, e6648afa-7a91-4543-9f1c-af23da2cc97c:192.168.151.122:35648, 188d4931-1966-470e-bf45-48f1f3832163:192.168.151.122:32958], old=null
2019-10-02 21:18:18,200 [pool-469-thread-1] INFO  server.RaftServerConfigKeys (ConfUtils.java:logGet(43)) - raft.server.log.statemachine.data.caching.enabled = true (custom)
2019-10-02 21:18:18,200 [pool-459-thread-1] INFO  server.RaftServerConfigKeys (ConfUtils.java:logGet(43)) - raft.server.snapshot.auto.trigger.enabled = true (custom)
2019-10-02 21:18:18,200 [pool-449-thread-1] INFO  impl.RaftServerImpl (RaftServerImpl.java:setRole(170)) - 5216852f-18dc-4290-a94d-0088d3583f0b@group-C2CF2753B394: changes role from      null to FOLLOWER at term 0 for startAsFollower
2019-10-02 21:18:18,201 [pool-459-thread-1] INFO  server.RaftServerConfigKeys (ConfUtils.java:logGet(43)) - raft.server.snapshot.auto.trigger.threshold = 10000 (custom)
2019-10-02 21:18:18,201 [pool-469-thread-1] INFO  segmented.SegmentedRaftLogWorker (SegmentedRaftLogWorker.java:lambda$new$0(128)) - 188d4931-1966-470e-bf45-48f1f3832163@group-C2CF2753B394-SegmentedRaftLogWorker: flushIndex: setUnconditionally 0 -> -1
2019-10-02 21:18:18,201 [pool-449-thread-1] INFO  impl.RoleInfo (RoleInfo.java:updateAndGet(143)) - 5216852f-18dc-4290-a94d-0088d3583f0b: start FollowerState
2019-10-02 21:18:18,201 [pool-459-thread-1] INFO  server.RaftServerConfigKeys (ConfUtils.java:logGet(43)) - raft.server.snapshot.retention.file.num = 5 (custom)
2019-10-02 21:18:18,201 [pool-469-thread-1] INFO  server.RaftServerConfigKeys (ConfUtils.java:logGet(43)) - raft.server.snapshot.auto.trigger.enabled = true (custom)
2019-10-02 21:18:18,201 [pool-459-thread-1] INFO  server.RaftServerConfigKeys (ConfUtils.java:logGet(43)) - raft.server.retrycache.expirytime = 600000ms (custom)
2019-10-02 21:18:18,201 [pool-449-thread-1] INFO  util.JmxRegister (JmxRegister.java:tryRegister(44)) - Successfully registered JMX Bean with object name Ratis:service=RaftServer,group=group-C2CF2753B394,id=5216852f-18dc-4290-a94d-0088d3583f0b
2019-10-02 21:18:18,201 [pool-469-thread-1] INFO  server.RaftServerConfigKeys (ConfUtils.java:logGet(43)) - raft.server.snapshot.auto.trigger.threshold = 10000 (custom)
2019-10-02 21:18:18,201 [pool-469-thread-1] INFO  server.RaftServerConfigKeys (ConfUtils.java:logGet(43)) - raft.server.snapshot.retention.file.num = 5 (custom)
2019-10-02 21:18:18,202 [pool-469-thread-1] INFO  server.RaftServerConfigKeys (ConfUtils.java:logGet(43)) - raft.server.retrycache.expirytime = 600000ms (custom)
2019-10-02 21:18:18,203 [pool-459-thread-1] INFO  impl.RaftServerImpl (RaftServerImpl.java:start(181)) - e6648afa-7a91-4543-9f1c-af23da2cc97c@group-C2CF2753B394: start as a follower, conf=-1: [5216852f-18dc-4290-a94d-0088d3583f0b:192.168.151.122:40251, e6648afa-7a91-4543-9f1c-af23da2cc97c:192.168.151.122:35648, 188d4931-1966-470e-bf45-48f1f3832163:192.168.151.122:32958], old=null
2019-10-02 21:18:18,203 [pool-459-thread-1] INFO  impl.RaftServerImpl (RaftServerImpl.java:setRole(170)) - e6648afa-7a91-4543-9f1c-af23da2cc97c@group-C2CF2753B394: changes role from      null to FOLLOWER at term 0 for startAsFollower
2019-10-02 21:18:18,204 [pool-459-thread-1] INFO  impl.RoleInfo (RoleInfo.java:updateAndGet(143)) - e6648afa-7a91-4543-9f1c-af23da2cc97c: start FollowerState
2019-10-02 21:18:18,204 [pool-469-thread-1] INFO  impl.RaftServerImpl (RaftServerImpl.java:start(181)) - 188d4931-1966-470e-bf45-48f1f3832163@group-C2CF2753B394: start as a follower, conf=-1: [5216852f-18dc-4290-a94d-0088d3583f0b:192.168.151.122:40251, e6648afa-7a91-4543-9f1c-af23da2cc97c:192.168.151.122:35648, 188d4931-1966-470e-bf45-48f1f3832163:192.168.151.122:32958], old=null
2019-10-02 21:18:18,204 [pool-459-thread-1] INFO  util.JmxRegister (JmxRegister.java:tryRegister(44)) - Successfully registered JMX Bean with object name Ratis:service=RaftServer,group=group-C2CF2753B394,id=e6648afa-7a91-4543-9f1c-af23da2cc97c
2019-10-02 21:18:18,204 [pool-469-thread-1] INFO  impl.RaftServerImpl (RaftServerImpl.java:setRole(170)) - 188d4931-1966-470e-bf45-48f1f3832163@group-C2CF2753B394: changes role from      null to FOLLOWER at term 0 for startAsFollower
2019-10-02 21:18:18,204 [pool-469-thread-1] INFO  impl.RoleInfo (RoleInfo.java:updateAndGet(143)) - 188d4931-1966-470e-bf45-48f1f3832163: start FollowerState
2019-10-02 21:18:18,208 [pool-469-thread-1] INFO  util.JmxRegister (JmxRegister.java:tryRegister(44)) - Successfully registered JMX Bean with object name Ratis:service=RaftServer,group=group-C2CF2753B394,id=188d4931-1966-470e-bf45-48f1f3832163
2019-10-02 21:18:18,217 [RatisPipelineUtilsThread] INFO  pipeline.PipelineStateManager (PipelineStateManager.java:addPipeline(56)) - Created pipeline Pipeline[ Id: 3503793f-27b9-4842-8666-c2cf2753b394, Nodes: 188d4931-1966-470e-bf45-48f1f3832163{ip: 192.168.151.122, host: pr-hdds-2200-trunk-mgnwx-192523005, networkLocation: /default-rack, certSerialId: null}5216852f-18dc-4290-a94d-0088d3583f0b{ip: 192.168.151.122, host: pr-hdds-2200-trunk-mgnwx-192523005, networkLocation: /default-rack, certSerialId: null}e6648afa-7a91-4543-9f1c-af23da2cc97c{ip: 192.168.151.122, host: pr-hdds-2200-trunk-mgnwx-192523005, networkLocation: /default-rack, certSerialId: null}, Type:RATIS, Factor:THREE, State:OPEN]
2019-10-02 21:18:20,623 [Thread-3062] INFO  container.ReplicationManager (ReplicationManager.java:start(162)) - Starting Replication Monitor Thread.
2019-10-02 21:18:20,628 [ReplicationMonitor] INFO  container.ReplicationManager (ReplicationManager.java:run(225)) - Replication Monitor Thread took 0 milliseconds for processing 1 containers.
2019-10-02 21:18:22,762 [Thread-3067] INFO  impl.FollowerState (FollowerState.java:run(108)) - 480ea95e-ee97-48dd-ba86-160bad61f78a@group-0CF3D032C84F-FollowerState: change to CANDIDATE, lastRpcTime:5017ms, electionTimeout:5017ms
2019-10-02 21:18:22,762 [Thread-3064] INFO  impl.FollowerState (FollowerState.java:run(108)) - 2e6c7c75-c299-4730-9b1b-71cf3d67f0ed@group-CCD4DE27B64F-FollowerState: change to CANDIDATE, lastRpcTime:5067ms, electionTimeout:5067ms
2019-10-02 21:18:22,762 [Thread-3064] INFO  impl.RoleInfo (RoleInfo.java:shutdownFollowerState(121)) - 2e6c7c75-c299-4730-9b1b-71cf3d67f0ed: shutdown FollowerState
2019-10-02 21:18:22,762 [Thread-3067] INFO  impl.RoleInfo (RoleInfo.java:shutdownFollowerState(121)) - 480ea95e-ee97-48dd-ba86-160bad61f78a: shutdown FollowerState
2019-10-02 21:18:22,762 [Thread-3064] INFO  impl.RaftServerImpl (RaftServerImpl.java:setRole(170)) - 2e6c7c75-c299-4730-9b1b-71cf3d67f0ed@group-CCD4DE27B64F: changes role from  FOLLOWER to CANDIDATE at term 0 for changeToCandidate
2019-10-02 21:18:22,762 [Thread-3067] INFO  impl.RaftServerImpl (RaftServerImpl.java:setRole(170)) - 480ea95e-ee97-48dd-ba86-160bad61f78a@group-0CF3D032C84F: changes role from  FOLLOWER to CANDIDATE at term 0 for changeToCandidate
2019-10-02 21:18:22,762 [Thread-3064] INFO  impl.RoleInfo (RoleInfo.java:updateAndGet(143)) - 2e6c7c75-c299-4730-9b1b-71cf3d67f0ed: start LeaderElection
2019-10-02 21:18:22,763 [Thread-3067] INFO  impl.RoleInfo (RoleInfo.java:updateAndGet(143)) - 480ea95e-ee97-48dd-ba86-160bad61f78a: start LeaderElection
2019-10-02 21:18:22,796 [2e6c7c75-c299-4730-9b1b-71cf3d67f0ed@group-CCD4DE27B64F-LeaderElection66] INFO  impl.LeaderElection (LeaderElection.java:askForVotes(178)) - 2e6c7c75-c299-4730-9b1b-71cf3d67f0ed@group-CCD4DE27B64F-LeaderElection66: begin an election at term 1 for -1: [2e6c7c75-c299-4730-9b1b-71cf3d67f0ed:192.168.151.122:45222], old=null
2019-10-02 21:18:22,796 [480ea95e-ee97-48dd-ba86-160bad61f78a@group-0CF3D032C84F-LeaderElection67] INFO  impl.LeaderElection (LeaderElection.java:askForVotes(178)) - 480ea95e-ee97-48dd-ba86-160bad61f78a@group-0CF3D032C84F-LeaderElection67: begin an election at term 1 for -1: [480ea95e-ee97-48dd-ba86-160bad61f78a:192.168.151.122:40548], old=null
2019-10-02 21:18:22,796 [2e6c7c75-c299-4730-9b1b-71cf3d67f0ed@group-CCD4DE27B64F-LeaderElection66] INFO  impl.RoleInfo (RoleInfo.java:shutdownLeaderElection(134)) - 2e6c7c75-c299-4730-9b1b-71cf3d67f0ed: shutdown LeaderElection
2019-10-02 21:18:22,796 [480ea95e-ee97-48dd-ba86-160bad61f78a@group-0CF3D032C84F-LeaderElection67] INFO  impl.RoleInfo (RoleInfo.java:shutdownLeaderElection(134)) - 480ea95e-ee97-48dd-ba86-160bad61f78a: shutdown LeaderElection
2019-10-02 21:18:22,796 [2e6c7c75-c299-4730-9b1b-71cf3d67f0ed@group-CCD4DE27B64F-LeaderElection66] INFO  impl.RaftServerImpl (RaftServerImpl.java:setRole(170)) - 2e6c7c75-c299-4730-9b1b-71cf3d67f0ed@group-CCD4DE27B64F: changes role from CANDIDATE to LEADER at term 1 for changeToLeader
2019-10-02 21:18:22,796 [480ea95e-ee97-48dd-ba86-160bad61f78a@group-0CF3D032C84F-LeaderElection67] INFO  impl.RaftServerImpl (RaftServerImpl.java:setRole(170)) - 480ea95e-ee97-48dd-ba86-160bad61f78a@group-0CF3D032C84F: changes role from CANDIDATE to LEADER at term 1 for changeToLeader
2019-10-02 21:18:22,796 [2e6c7c75-c299-4730-9b1b-71cf3d67f0ed@group-CCD4DE27B64F-LeaderElection66] INFO  impl.RaftServerImpl (ServerState.java:setLeader(255)) - 2e6c7c75-c299-4730-9b1b-71cf3d67f0ed@group-CCD4DE27B64F: change Leader from null to 2e6c7c75-c299-4730-9b1b-71cf3d67f0ed at term 1 for becomeLeader, leader elected after 5109ms
2019-10-02 21:18:22,797 [480ea95e-ee97-48dd-ba86-160bad61f78a@group-0CF3D032C84F-LeaderElection67] INFO  impl.RaftServerImpl (ServerState.java:setLeader(255)) - 480ea95e-ee97-48dd-ba86-160bad61f78a@group-0CF3D032C84F: change Leader from null to 480ea95e-ee97-48dd-ba86-160bad61f78a at term 1 for becomeLeader, leader elected after 5058ms
2019-10-02 21:18:22,797 [2e6c7c75-c299-4730-9b1b-71cf3d67f0ed@group-CCD4DE27B64F-LeaderElection66] INFO  server.RaftServerConfigKeys (ConfUtils.java:logGet(43)) - raft.server.staging.catchup.gap = 1000 (default)
2019-10-02 21:18:22,797 [480ea95e-ee97-48dd-ba86-160bad61f78a@group-0CF3D032C84F-LeaderElection67] INFO  server.RaftServerConfigKeys (ConfUtils.java:logGet(43)) - raft.server.staging.catchup.gap = 1000 (default)
2019-10-02 21:18:22,797 [2e6c7c75-c299-4730-9b1b-71cf3d67f0ed@group-CCD4DE27B64F-LeaderElection66] INFO  server.RaftServerConfigKeys (ConfUtils.java:logGet(43)) - raft.server.rpc.sleep.time = 25ms (default)
2019-10-02 21:18:22,797 [480ea95e-ee97-48dd-ba86-160bad61f78a@group-0CF3D032C84F-LeaderElection67] INFO  server.RaftServerConfigKeys (ConfUtils.java:logGet(43)) - raft.server.rpc.sleep.time = 25ms (default)
2019-10-02 21:18:22,797 [2e6c7c75-c299-4730-9b1b-71cf3d67f0ed@group-CCD4DE27B64F-LeaderElection66] INFO  server.RaftServerConfigKeys (ConfUtils.java:logGet(43)) - raft.server.write.element-limit = 4096 (default)
2019-10-02 21:18:22,797 [480ea95e-ee97-48dd-ba86-160bad61f78a@group-0CF3D032C84F-LeaderElection67] INFO  server.RaftServerConfigKeys (ConfUtils.java:logGet(43)) - raft.server.write.element-limit = 4096 (default)
2019-10-02 21:18:22,797 [2e6c7c75-c299-4730-9b1b-71cf3d67f0ed@group-CCD4DE27B64F-LeaderElection66] INFO  server.RaftServerConfigKeys (ConfUtils.java:logGet(43)) - raft.server.watch.timeout = 10s (default)
2019-10-02 21:18:22,798 [480ea95e-ee97-48dd-ba86-160bad61f78a@group-0CF3D032C84F-LeaderElection67] INFO  server.RaftServerConfigKeys (ConfUtils.java:logGet(43)) - raft.server.watch.timeout = 10s (default)
2019-10-02 21:18:22,798 [2e6c7c75-c299-4730-9b1b-71cf3d67f0ed@group-CCD4DE27B64F-LeaderElection66] INFO  server.RaftServerConfigKeys (ConfUtils.java:logGet(43)) - raft.server.watch.timeout.denomination = 1s (default)
2019-10-02 21:18:22,798 [480ea95e-ee97-48dd-ba86-160bad61f78a@group-0CF3D032C84F-LeaderElection67] INFO  server.RaftServerConfigKeys (ConfUtils.java:logGet(43)) - raft.server.watch.timeout.denomination = 1s (default)
2019-10-02 21:18:22,798 [2e6c7c75-c299-4730-9b1b-71cf3d67f0ed@group-CCD4DE27B64F-LeaderElection66] INFO  server.RaftServerConfigKeys (ConfUtils.java:logGet(43)) - raft.server.watch.element-limit = 65536 (default)
2019-10-02 21:18:22,798 [480ea95e-ee97-48dd-ba86-160bad61f78a@group-0CF3D032C84F-LeaderElection67] INFO  server.RaftServerConfigKeys (ConfUtils.java:logGet(43)) - raft.server.watch.element-limit = 65536 (default)
2019-10-02 21:18:22,802 [2e6c7c75-c299-4730-9b1b-71cf3d67f0ed@group-CCD4DE27B64F-LeaderElection66] INFO  impl.RoleInfo (RoleInfo.java:updateAndGet(143)) - 2e6c7c75-c299-4730-9b1b-71cf3d67f0ed: start LeaderState
2019-10-02 21:18:22,802 [480ea95e-ee97-48dd-ba86-160bad61f78a@group-0CF3D032C84F-LeaderElection67] INFO  impl.RoleInfo (RoleInfo.java:updateAndGet(143)) - 480ea95e-ee97-48dd-ba86-160bad61f78a: start LeaderState
2019-10-02 21:18:22,802 [2e6c7c75-c299-4730-9b1b-71cf3d67f0ed@group-CCD4DE27B64F-LeaderElection66] INFO  segmented.SegmentedRaftLogWorker (SegmentedRaftLogWorker.java:startLogSegment(385)) - 2e6c7c75-c299-4730-9b1b-71cf3d67f0ed@group-CCD4DE27B64F-SegmentedRaftLogWorker: Starting segment from index:0
2019-10-02 21:18:22,802 [480ea95e-ee97-48dd-ba86-160bad61f78a@group-0CF3D032C84F-LeaderElection67] INFO  segmented.SegmentedRaftLogWorker (SegmentedRaftLogWorker.java:startLogSegment(385)) - 480ea95e-ee97-48dd-ba86-160bad61f78a@group-0CF3D032C84F-SegmentedRaftLogWorker: Starting segment from index:0
2019-10-02 21:18:22,803 [2e6c7c75-c299-4730-9b1b-71cf3d67f0ed@group-CCD4DE27B64F-LeaderElection66] INFO  impl.RaftServerImpl (ServerState.java:setRaftConf(356)) - 2e6c7c75-c299-4730-9b1b-71cf3d67f0ed@group-CCD4DE27B64F: set configuration 0: [2e6c7c75-c299-4730-9b1b-71cf3d67f0ed:192.168.151.122:45222], old=null at 0
2019-10-02 21:18:22,803 [480ea95e-ee97-48dd-ba86-160bad61f78a@group-0CF3D032C84F-LeaderElection67] INFO  impl.RaftServerImpl (ServerState.java:setRaftConf(356)) - 480ea95e-ee97-48dd-ba86-160bad61f78a@group-0CF3D032C84F: set configuration 0: [480ea95e-ee97-48dd-ba86-160bad61f78a:192.168.151.122:40548], old=null at 0
2019-10-02 21:18:22,824 [2e6c7c75-c299-4730-9b1b-71cf3d67f0ed@group-CCD4DE27B64F-SegmentedRaftLogWorker] INFO  segmented.SegmentedRaftLogWorker (SegmentedRaftLogWorker.java:execute(574)) - 2e6c7c75-c299-4730-9b1b-71cf3d67f0ed@group-CCD4DE27B64F-SegmentedRaftLogWorker: created new log segment /workdir/hadoop-ozone/integration-test/target/test-dir/MiniOzoneClusterImpl-25ddea64-d207-408c-b907-17765ca49936/datanode-0/data/ratis/a09a774f-3768-41a5-8551-ccd4de27b64f/current/log_inprogress_0
2019-10-02 21:18:22,824 [480ea95e-ee97-48dd-ba86-160bad61f78a@group-0CF3D032C84F-SegmentedRaftLogWorker] INFO  segmented.SegmentedRaftLogWorker (SegmentedRaftLogWorker.java:execute(574)) - 480ea95e-ee97-48dd-ba86-160bad61f78a@group-0CF3D032C84F-SegmentedRaftLogWorker: created new log segment /workdir/hadoop-ozone/integration-test/target/test-dir/MiniOzoneClusterImpl-25ddea64-d207-408c-b907-17765ca49936/datanode-1/data/ratis/d4f5fb19-58a2-40db-b115-0cf3d032c84f/current/log_inprogress_0
2019-10-02 21:18:22,900 [Thread-3077] INFO  impl.FollowerState (FollowerState.java:run(108)) - 480ea95e-ee97-48dd-ba86-160bad61f78a@group-F79942DAF1B7-FollowerState: change to CANDIDATE, lastRpcTime:5031ms, electionTimeout:5014ms
2019-10-02 21:18:22,900 [Thread-3077] INFO  impl.RoleInfo (RoleInfo.java:shutdownFollowerState(121)) - 480ea95e-ee97-48dd-ba86-160bad61f78a: shutdown FollowerState
2019-10-02 21:18:22,900 [Thread-3077] INFO  impl.RaftServerImpl (RaftServerImpl.java:setRole(170)) - 480ea95e-ee97-48dd-ba86-160bad61f78a@group-F79942DAF1B7: changes role from  FOLLOWER to CANDIDATE at term 0 for changeToCandidate
2019-10-02 21:18:22,900 [Thread-3077] INFO  impl.RoleInfo (RoleInfo.java:updateAndGet(143)) - 480ea95e-ee97-48dd-ba86-160bad61f78a: start LeaderElection
2019-10-02 21:18:22,920 [480ea95e-ee97-48dd-ba86-160bad61f78a@group-F79942DAF1B7-LeaderElection68] INFO  impl.LeaderElection (LeaderElection.java:askForVotes(178)) - 480ea95e-ee97-48dd-ba86-160bad61f78a@group-F79942DAF1B7-LeaderElection68: begin an election at term 1 for -1: [1c893cf2-42ed-44e2-a93b-04c4be59773d:192.168.151.122:35490, 480ea95e-ee97-48dd-ba86-160bad61f78a:192.168.151.122:40548, 2e6c7c75-c299-4730-9b1b-71cf3d67f0ed:192.168.151.122:45222], old=null
2019-10-02 21:18:22,924 [grpc-default-executor-11] INFO  impl.RaftServerImpl (RaftServerImpl.java:setRole(170)) - 2e6c7c75-c299-4730-9b1b-71cf3d67f0ed@group-F79942DAF1B7: changes role from  FOLLOWER to FOLLOWER at term 1 for recognizeCandidate:480ea95e-ee97-48dd-ba86-160bad61f78a
2019-10-02 21:18:22,924 [grpc-default-executor-6] INFO  impl.RaftServerImpl (RaftServerImpl.java:setRole(170)) - 1c893cf2-42ed-44e2-a93b-04c4be59773d@group-F79942DAF1B7: changes role from  FOLLOWER to FOLLOWER at term 1 for recognizeCandidate:480ea95e-ee97-48dd-ba86-160bad61f78a
2019-10-02 21:18:22,924 [grpc-default-executor-11] INFO  impl.RoleInfo (RoleInfo.java:shutdownFollowerState(121)) - 2e6c7c75-c299-4730-9b1b-71cf3d67f0ed: shutdown FollowerState
2019-10-02 21:18:22,924 [grpc-default-executor-6] INFO  impl.RoleInfo (RoleInfo.java:shutdownFollowerState(121)) - 1c893cf2-42ed-44e2-a93b-04c4be59773d: shutdown FollowerState
2019-10-02 21:18:22,924 [Thread-3076] INFO  impl.FollowerState (FollowerState.java:run(117)) - 2e6c7c75-c299-4730-9b1b-71cf3d67f0ed@group-F79942DAF1B7-FollowerState was interrupted: java.lang.InterruptedException: sleep interrupted
2019-10-02 21:18:22,924 [grpc-default-executor-11] INFO  impl.RoleInfo (RoleInfo.java:updateAndGet(143)) - 2e6c7c75-c299-4730-9b1b-71cf3d67f0ed: start FollowerState
2019-10-02 21:18:22,924 [Thread-3073] INFO  impl.FollowerState (FollowerState.java:run(117)) - 1c893cf2-42ed-44e2-a93b-04c4be59773d@group-F79942DAF1B7-FollowerState was interrupted: java.lang.InterruptedException: sleep interrupted
2019-10-02 21:18:22,924 [grpc-default-executor-6] INFO  impl.RoleInfo (RoleInfo.java:updateAndGet(143)) - 1c893cf2-42ed-44e2-a93b-04c4be59773d: start FollowerState
2019-10-02 21:18:22,958 [480ea95e-ee97-48dd-ba86-160bad61f78a@group-F79942DAF1B7-LeaderElection68] INFO  impl.LeaderElection (LeaderElection.java:logAndReturn(56)) - 480ea95e-ee97-48dd-ba86-160bad61f78a@group-F79942DAF1B7-LeaderElection68: Election PASSED; received 1 response(s) [480ea95e-ee97-48dd-ba86-160bad61f78a<-1c893cf2-42ed-44e2-a93b-04c4be59773d#0:OK-t1] and 0 exception(s); 480ea95e-ee97-48dd-ba86-160bad61f78a@group-F79942DAF1B7:t1, leader=null, voted=480ea95e-ee97-48dd-ba86-160bad61f78a, raftlog=480ea95e-ee97-48dd-ba86-160bad61f78a@group-F79942DAF1B7-SegmentedRaftLog:OPENED:c-1,f-1,i0, conf=-1: [1c893cf2-42ed-44e2-a93b-04c4be59773d:192.168.151.122:35490, 480ea95e-ee97-48dd-ba86-160bad61f78a:192.168.151.122:40548, 2e6c7c75-c299-4730-9b1b-71cf3d67f0ed:192.168.151.122:45222], old=null
2019-10-02 21:18:22,959 [480ea95e-ee97-48dd-ba86-160bad61f78a@group-F79942DAF1B7-LeaderElection68] INFO  impl.RoleInfo (RoleInfo.java:shutdownLeaderElection(134)) - 480ea95e-ee97-48dd-ba86-160bad61f78a: shutdown LeaderElection
2019-10-02 21:18:22,959 [480ea95e-ee97-48dd-ba86-160bad61f78a@group-F79942DAF1B7-LeaderElection68] INFO  impl.RaftServerImpl (RaftServerImpl.java:setRole(170)) - 480ea95e-ee97-48dd-ba86-160bad61f78a@group-F79942DAF1B7: changes role from CANDIDATE to LEADER at term 1 for changeToLeader
2019-10-02 21:18:22,959 [480ea95e-ee97-48dd-ba86-160bad61f78a@group-F79942DAF1B7-LeaderElection68] INFO  impl.RaftServerImpl (ServerState.java:setLeader(255)) - 480ea95e-ee97-48dd-ba86-160bad61f78a@group-F79942DAF1B7: change Leader from null to 480ea95e-ee97-48dd-ba86-160bad61f78a at term 1 for becomeLeader, leader elected after 5112ms
2019-10-02 21:18:22,959 [480ea95e-ee97-48dd-ba86-160bad61f78a@group-F79942DAF1B7-LeaderElection68] INFO  server.RaftServerConfigKeys (ConfUtils.java:logGet(43)) - raft.server.staging.catchup.gap = 1000 (default)
2019-10-02 21:18:22,959 [480ea95e-ee97-48dd-ba86-160bad61f78a@group-F79942DAF1B7-LeaderElection68] INFO  server.RaftServerConfigKeys (ConfUtils.java:logGet(43)) - raft.server.rpc.sleep.time = 25ms (default)
2019-10-02 21:18:22,959 [480ea95e-ee97-48dd-ba86-160bad61f78a@group-F79942DAF1B7-LeaderElection68] INFO  server.RaftServerConfigKeys (ConfUtils.java:logGet(43)) - raft.server.write.element-limit = 4096 (default)
2019-10-02 21:18:22,959 [480ea95e-ee97-48dd-ba86-160bad61f78a@group-F79942DAF1B7-LeaderElection68] INFO  server.RaftServerConfigKeys (ConfUtils.java:logGet(43)) - raft.server.watch.timeout = 10s (default)
2019-10-02 21:18:22,960 [480ea95e-ee97-48dd-ba86-160bad61f78a@group-F79942DAF1B7-LeaderElection68] INFO  server.RaftServerConfigKeys (ConfUtils.java:logGet(43)) - raft.server.watch.timeout.denomination = 1s (default)
2019-10-02 21:18:22,960 [480ea95e-ee97-48dd-ba86-160bad61f78a@group-F79942DAF1B7-LeaderElection68] INFO  server.RaftServerConfigKeys (ConfUtils.java:logGet(43)) - raft.server.watch.element-limit = 65536 (default)
2019-10-02 21:18:22,961 [480ea95e-ee97-48dd-ba86-160bad61f78a@group-F79942DAF1B7-LeaderElection68] INFO  server.RaftServerConfigKeys (ConfUtils.java:logGet(43)) - raft.server.log.appender.snapshot.chunk.size.max = 16MB (=16777216) (default)
2019-10-02 21:18:22,961 [480ea95e-ee97-48dd-ba86-160bad61f78a@group-F79942DAF1B7-LeaderElection68] INFO  server.RaftServerConfigKeys (ConfUtils.java:logGet(43)) - raft.server.log.appender.buffer.byte-limit = 33554432 (custom)
2019-10-02 21:18:22,961 [480ea95e-ee97-48dd-ba86-160bad61f78a@group-F79942DAF1B7-LeaderElection68] INFO  server.RaftServerConfigKeys (ConfUtils.java:logGet(43)) - raft.server.log.appender.buffer.element-limit = 1 (custom)
2019-10-02 21:18:22,962 [480ea95e-ee97-48dd-ba86-160bad61f78a@group-F79942DAF1B7-LeaderElection68] INFO  grpc.GrpcConfigKeys$Server (ConfUtils.java:logGet(43)) - raft.grpc.server.leader.outstanding.appends.max = 128 (default)
2019-10-02 21:18:22,962 [480ea95e-ee97-48dd-ba86-160bad61f78a@group-F79942DAF1B7-LeaderElection68] INFO  server.RaftServerConfigKeys (ConfUtils.java:logGet(43)) - raft.server.rpc.request.timeout = 3000ms (default)
2019-10-02 21:18:22,962 [480ea95e-ee97-48dd-ba86-160bad61f78a@group-F79942DAF1B7-LeaderElection68] INFO  server.RaftServerConfigKeys (ConfUtils.java:logGet(43)) - raft.server.log.appender.install.snapshot.enabled = false (custom)
2019-10-02 21:18:22,962 [480ea95e-ee97-48dd-ba86-160bad61f78a@group-F79942DAF1B7-LeaderElection68] INFO  server.RaftServerConfigKeys (ConfUtils.java:logGet(43)) - raft.server.log.appender.snapshot.chunk.size.max = 16MB (=16777216) (default)
2019-10-02 21:18:22,962 [480ea95e-ee97-48dd-ba86-160bad61f78a@group-F79942DAF1B7-LeaderElection68] INFO  server.RaftServerConfigKeys (ConfUtils.java:logGet(43)) - raft.server.log.appender.buffer.byte-limit = 33554432 (custom)
2019-10-02 21:18:22,962 [480ea95e-ee97-48dd-ba86-160bad61f78a@group-F79942DAF1B7-LeaderElection68] INFO  server.RaftServerConfigKeys (ConfUtils.java:logGet(43)) - raft.server.log.appender.buffer.element-limit = 1 (custom)
2019-10-02 21:18:22,962 [480ea95e-ee97-48dd-ba86-160bad61f78a@group-F79942DAF1B7-LeaderElection68] INFO  grpc.GrpcConfigKeys$Server (ConfUtils.java:logGet(43)) - raft.grpc.server.leader.outstanding.appends.max = 128 (default)
2019-10-02 21:18:22,963 [480ea95e-ee97-48dd-ba86-160bad61f78a@group-F79942DAF1B7-LeaderElection68] INFO  server.RaftServerConfigKeys (ConfUtils.java:logGet(43)) - raft.server.rpc.request.timeout = 3000ms (default)
2019-10-02 21:18:22,963 [480ea95e-ee97-48dd-ba86-160bad61f78a@group-F79942DAF1B7-LeaderElection68] INFO  server.RaftServerConfigKeys (ConfUtils.java:logGet(43)) - raft.server.log.appender.install.snapshot.enabled = false (custom)
2019-10-02 21:18:22,963 [480ea95e-ee97-48dd-ba86-160bad61f78a@group-F79942DAF1B7-LeaderElection68] INFO  impl.RoleInfo (RoleInfo.java:updateAndGet(143)) - 480ea95e-ee97-48dd-ba86-160bad61f78a: start LeaderState
2019-10-02 21:18:22,963 [480ea95e-ee97-48dd-ba86-160bad61f78a@group-F79942DAF1B7-LeaderElection68] INFO  segmented.SegmentedRaftLogWorker (SegmentedRaftLogWorker.java:startLogSegment(385)) - 480ea95e-ee97-48dd-ba86-160bad61f78a@group-F79942DAF1B7-SegmentedRaftLogWorker: Starting segment from index:0
2019-10-02 21:18:22,964 [480ea95e-ee97-48dd-ba86-160bad61f78a@group-F79942DAF1B7-LeaderElection68] INFO  impl.RaftServerImpl (ServerState.java:setRaftConf(356)) - 480ea95e-ee97-48dd-ba86-160bad61f78a@group-F79942DAF1B7: set configuration 0: [1c893cf2-42ed-44e2-a93b-04c4be59773d:192.168.151.122:35490, 480ea95e-ee97-48dd-ba86-160bad61f78a:192.168.151.122:40548, 2e6c7c75-c299-4730-9b1b-71cf3d67f0ed:192.168.151.122:45222], old=null at 0
2019-10-02 21:18:22,983 [grpc-default-executor-11] INFO  impl.RaftServerImpl (ServerState.java:setLeader(255)) - 1c893cf2-42ed-44e2-a93b-04c4be59773d@group-F79942DAF1B7: change Leader from null to 480ea95e-ee97-48dd-ba86-160bad61f78a at term 1 for appendEntries, leader elected after 5136ms
2019-10-02 21:18:22,983 [grpc-default-executor-6] INFO  impl.RaftServerImpl (ServerState.java:setLeader(255)) - 2e6c7c75-c299-4730-9b1b-71cf3d67f0ed@group-F79942DAF1B7: change Leader from null to 480ea95e-ee97-48dd-ba86-160bad61f78a at term 1 for appendEntries, leader elected after 5136ms
2019-10-02 21:18:22,987 [grpc-default-executor-6] INFO  impl.RaftServerImpl (ServerState.java:setRaftConf(356)) - 2e6c7c75-c299-4730-9b1b-71cf3d67f0ed@group-F79942DAF1B7: set configuration 0: [1c893cf2-42ed-44e2-a93b-04c4be59773d:192.168.151.122:35490, 480ea95e-ee97-48dd-ba86-160bad61f78a:192.168.151.122:40548, 2e6c7c75-c299-4730-9b1b-71cf3d67f0ed:192.168.151.122:45222], old=null at 0
2019-10-02 21:18:22,987 [grpc-default-executor-11] INFO  impl.RaftServerImpl (ServerState.java:setRaftConf(356)) - 1c893cf2-42ed-44e2-a93b-04c4be59773d@group-F79942DAF1B7: set configuration 0: [1c893cf2-42ed-44e2-a93b-04c4be59773d:192.168.151.122:35490, 480ea95e-ee97-48dd-ba86-160bad61f78a:192.168.151.122:40548, 2e6c7c75-c299-4730-9b1b-71cf3d67f0ed:192.168.151.122:45222], old=null at 0
2019-10-02 21:18:22,987 [grpc-default-executor-6] INFO  segmented.SegmentedRaftLogWorker (SegmentedRaftLogWorker.java:startLogSegment(385)) - 2e6c7c75-c299-4730-9b1b-71cf3d67f0ed@group-F79942DAF1B7-SegmentedRaftLogWorker: Starting segment from index:0
2019-10-02 21:18:22,987 [grpc-default-executor-11] INFO  segmented.SegmentedRaftLogWorker (SegmentedRaftLogWorker.java:startLogSegment(385)) - 1c893cf2-42ed-44e2-a93b-04c4be59773d@group-F79942DAF1B7-SegmentedRaftLogWorker: Starting segment from index:0
2019-10-02 21:18:22,988 [Thread-3070] INFO  impl.FollowerState (FollowerState.java:run(108)) - 1c893cf2-42ed-44e2-a93b-04c4be59773d@group-0131BA8BE3ED-FollowerState: change to CANDIDATE, lastRpcTime:5194ms, electionTimeout:5194ms
2019-10-02 21:18:22,988 [Thread-3070] INFO  impl.RoleInfo (RoleInfo.java:shutdownFollowerState(121)) - 1c893cf2-42ed-44e2-a93b-04c4be59773d: shutdown FollowerState
2019-10-02 21:18:22,988 [Thread-3070] INFO  impl.RaftServerImpl (RaftServerImpl.java:setRole(170)) - 1c893cf2-42ed-44e2-a93b-04c4be59773d@group-0131BA8BE3ED: changes role from  FOLLOWER to CANDIDATE at term 0 for changeToCandidate
2019-10-02 21:18:22,988 [Thread-3070] INFO  impl.RoleInfo (RoleInfo.java:updateAndGet(143)) - 1c893cf2-42ed-44e2-a93b-04c4be59773d: start LeaderElection
2019-10-02 21:18:23,006 [480ea95e-ee97-48dd-ba86-160bad61f78a@group-F79942DAF1B7-SegmentedRaftLogWorker] INFO  segmented.SegmentedRaftLogWorker (SegmentedRaftLogWorker.java:execute(574)) - 480ea95e-ee97-48dd-ba86-160bad61f78a@group-F79942DAF1B7-SegmentedRaftLogWorker: created new log segment /workdir/hadoop-ozone/integration-test/target/test-dir/MiniOzoneClusterImpl-25ddea64-d207-408c-b907-17765ca49936/datanode-1/data/ratis/d42bb959-4708-4b58-aa62-f79942daf1b7/current/log_inprogress_0
2019-10-02 21:18:23,015 [1c893cf2-42ed-44e2-a93b-04c4be59773d@group-F79942DAF1B7-SegmentedRaftLogWorker] INFO  segmented.SegmentedRaftLogWorker (SegmentedRaftLogWorker.java:execute(574)) - 1c893cf2-42ed-44e2-a93b-04c4be59773d@group-F79942DAF1B7-SegmentedRaftLogWorker: created new log segment /workdir/hadoop-ozone/integration-test/target/test-dir/MiniOzoneClusterImpl-25ddea64-d207-408c-b907-17765ca49936/datanode-2/data/ratis/d42bb959-4708-4b58-aa62-f79942daf1b7/current/log_inprogress_0
2019-10-02 21:18:23,015 [2e6c7c75-c299-4730-9b1b-71cf3d67f0ed@group-F79942DAF1B7-SegmentedRaftLogWorker] INFO  segmented.SegmentedRaftLogWorker (SegmentedRaftLogWorker.java:execute(574)) - 2e6c7c75-c299-4730-9b1b-71cf3d67f0ed@group-F79942DAF1B7-SegmentedRaftLogWorker: created new log segment /workdir/hadoop-ozone/integration-test/target/test-dir/MiniOzoneClusterImpl-25ddea64-d207-408c-b907-17765ca49936/datanode-0/data/ratis/d42bb959-4708-4b58-aa62-f79942daf1b7/current/log_inprogress_0
2019-10-02 21:18:23,018 [Thread-3085] INFO  impl.FollowerState (FollowerState.java:run(108)) - e6648afa-7a91-4543-9f1c-af23da2cc97c@group-63358EA4F491-FollowerState: change to CANDIDATE, lastRpcTime:5039ms, electionTimeout:5039ms
2019-10-02 21:18:23,018 [Thread-3085] INFO  impl.RoleInfo (RoleInfo.java:shutdownFollowerState(121)) - e6648afa-7a91-4543-9f1c-af23da2cc97c: shutdown FollowerState
2019-10-02 21:18:23,018 [Thread-3085] INFO  impl.RaftServerImpl (RaftServerImpl.java:setRole(170)) - e6648afa-7a91-4543-9f1c-af23da2cc97c@group-63358EA4F491: changes role from  FOLLOWER to CANDIDATE at term 0 for changeToCandidate
2019-10-02 21:18:23,018 [Thread-3085] INFO  impl.RoleInfo (RoleInfo.java:updateAndGet(143)) - e6648afa-7a91-4543-9f1c-af23da2cc97c: start LeaderElection
2019-10-02 21:18:23,021 [1c893cf2-42ed-44e2-a93b-04c4be59773d@group-0131BA8BE3ED-LeaderElection69] INFO  impl.LeaderElection (LeaderElection.java:askForVotes(178)) - 1c893cf2-42ed-44e2-a93b-04c4be59773d@group-0131BA8BE3ED-LeaderElection69: begin an election at term 1 for -1: [1c893cf2-42ed-44e2-a93b-04c4be59773d:192.168.151.122:35490], old=null
2019-10-02 21:18:23,021 [1c893cf2-42ed-44e2-a93b-04c4be59773d@group-0131BA8BE3ED-LeaderElection69] INFO  impl.RoleInfo (RoleInfo.java:shutdownLeaderElection(134)) - 1c893cf2-42ed-44e2-a93b-04c4be59773d: shutdown LeaderElection
2019-10-02 21:18:23,023 [1c893cf2-42ed-44e2-a93b-04c4be59773d@group-0131BA8BE3ED-LeaderElection69] INFO  impl.RaftServerImpl (RaftServerImpl.java:setRole(170)) - 1c893cf2-42ed-44e2-a93b-04c4be59773d@group-0131BA8BE3ED: changes role from CANDIDATE to LEADER at term 1 for changeToLeader
2019-10-02 21:18:23,023 [1c893cf2-42ed-44e2-a93b-04c4be59773d@group-0131BA8BE3ED-LeaderElection69] INFO  impl.RaftServerImpl (ServerState.java:setLeader(255)) - 1c893cf2-42ed-44e2-a93b-04c4be59773d@group-0131BA8BE3ED: change Leader from null to 1c893cf2-42ed-44e2-a93b-04c4be59773d at term 1 for becomeLeader, leader elected after 5234ms
2019-10-02 21:18:23,023 [1c893cf2-42ed-44e2-a93b-04c4be59773d@group-0131BA8BE3ED-LeaderElection69] INFO  server.RaftServerConfigKeys (ConfUtils.java:logGet(43)) - raft.server.staging.catchup.gap = 1000 (default)
2019-10-02 21:18:23,023 [1c893cf2-42ed-44e2-a93b-04c4be59773d@group-0131BA8BE3ED-LeaderElection69] INFO  server.RaftServerConfigKeys (ConfUtils.java:logGet(43)) - raft.server.rpc.sleep.time = 25ms (default)
2019-10-02 21:18:23,024 [1c893cf2-42ed-44e2-a93b-04c4be59773d@group-0131BA8BE3ED-LeaderElection69] INFO  server.RaftServerConfigKeys (ConfUtils.java:logGet(43)) - raft.server.write.element-limit = 4096 (default)
2019-10-02 21:18:23,024 [1c893cf2-42ed-44e2-a93b-04c4be59773d@group-0131BA8BE3ED-LeaderElection69] INFO  server.RaftServerConfigKeys (ConfUtils.java:logGet(43)) - raft.server.watch.timeout = 10s (default)
2019-10-02 21:18:23,024 [1c893cf2-42ed-44e2-a93b-04c4be59773d@group-0131BA8BE3ED-LeaderElection69] INFO  server.RaftServerConfigKeys (ConfUtils.java:logGet(43)) - raft.server.watch.timeout.denomination = 1s (default)
2019-10-02 21:18:23,024 [1c893cf2-42ed-44e2-a93b-04c4be59773d@group-0131BA8BE3ED-LeaderElection69] INFO  server.RaftServerConfigKeys (ConfUtils.java:logGet(43)) - raft.server.watch.element-limit = 65536 (default)
2019-10-02 21:18:23,025 [1c893cf2-42ed-44e2-a93b-04c4be59773d@group-0131BA8BE3ED-LeaderElection69] INFO  impl.RoleInfo (RoleInfo.java:updateAndGet(143)) - 1c893cf2-42ed-44e2-a93b-04c4be59773d: start LeaderState
2019-10-02 21:18:23,025 [1c893cf2-42ed-44e2-a93b-04c4be59773d@group-0131BA8BE3ED-LeaderElection69] INFO  segmented.SegmentedRaftLogWorker (SegmentedRaftLogWorker.java:startLogSegment(385)) - 1c893cf2-42ed-44e2-a93b-04c4be59773d@group-0131BA8BE3ED-SegmentedRaftLogWorker: Starting segment from index:0
2019-10-02 21:18:23,026 [1c893cf2-42ed-44e2-a93b-04c4be59773d@group-0131BA8BE3ED-LeaderElection69] INFO  impl.RaftServerImpl (ServerState.java:setRaftConf(356)) - 1c893cf2-42ed-44e2-a93b-04c4be59773d@group-0131BA8BE3ED: set configuration 0: [1c893cf2-42ed-44e2-a93b-04c4be59773d:192.168.151.122:35490], old=null at 0
2019-10-02 21:18:23,030 [e6648afa-7a91-4543-9f1c-af23da2cc97c@group-63358EA4F491-LeaderElection70] INFO  impl.LeaderElection (LeaderElection.java:askForVotes(178)) - e6648afa-7a91-4543-9f1c-af23da2cc97c@group-63358EA4F491-LeaderElection70: begin an election at term 1 for -1: [e6648afa-7a91-4543-9f1c-af23da2cc97c:192.168.151.122:35648], old=null
2019-10-02 21:18:23,030 [e6648afa-7a91-4543-9f1c-af23da2cc97c@group-63358EA4F491-LeaderElection70] INFO  impl.RoleInfo (RoleInfo.java:shutdownLeaderElection(134)) - e6648afa-7a91-4543-9f1c-af23da2cc97c: shutdown LeaderElection
2019-10-02 21:18:23,030 [e6648afa-7a91-4543-9f1c-af23da2cc97c@group-63358EA4F491-LeaderElection70] INFO  impl.RaftServerImpl (RaftServerImpl.java:setRole(170)) - e6648afa-7a91-4543-9f1c-af23da2cc97c@group-63358EA4F491: changes role from CANDIDATE to LEADER at term 1 for changeToLeader
2019-10-02 21:18:23,030 [e6648afa-7a91-4543-9f1c-af23da2cc97c@group-63358EA4F491-LeaderElection70] INFO  impl.RaftServerImpl (ServerState.java:setLeader(255)) - e6648afa-7a91-4543-9f1c-af23da2cc97c@group-63358EA4F491: change Leader from null to e6648afa-7a91-4543-9f1c-af23da2cc97c at term 1 for becomeLeader, leader elected after 5055ms
2019-10-02 21:18:23,030 [e6648afa-7a91-4543-9f1c-af23da2cc97c@group-63358EA4F491-LeaderElection70] INFO  server.RaftServerConfigKeys (ConfUtils.java:logGet(43)) - raft.server.staging.catchup.gap = 1000 (default)
2019-10-02 21:18:23,030 [e6648afa-7a91-4543-9f1c-af23da2cc97c@group-63358EA4F491-LeaderElection70] INFO  server.RaftServerConfigKeys (ConfUtils.java:logGet(43)) - raft.server.rpc.sleep.time = 25ms (default)
2019-10-02 21:18:23,030 [e6648afa-7a91-4543-9f1c-af23da2cc97c@group-63358EA4F491-LeaderElection70] INFO  server.RaftServerConfigKeys (ConfUtils.java:logGet(43)) - raft.server.write.element-limit = 4096 (default)
2019-10-02 21:18:23,030 [e6648afa-7a91-4543-9f1c-af23da2cc97c@group-63358EA4F491-LeaderElection70] INFO  server.RaftServerConfigKeys (ConfUtils.java:logGet(43)) - raft.server.watch.timeout = 10s (default)
2019-10-02 21:18:23,030 [e6648afa-7a91-4543-9f1c-af23da2cc97c@group-63358EA4F491-LeaderElection70] INFO  server.RaftServerConfigKeys (ConfUtils.java:logGet(43)) - raft.server.watch.timeout.denomination = 1s (default)
2019-10-02 21:18:23,030 [e6648afa-7a91-4543-9f1c-af23da2cc97c@group-63358EA4F491-LeaderElection70] INFO  server.RaftServerConfigKeys (ConfUtils.java:logGet(43)) - raft.server.watch.element-limit = 65536 (default)
2019-10-02 21:18:23,032 [e6648afa-7a91-4543-9f1c-af23da2cc97c@group-63358EA4F491-LeaderElection70] INFO  impl.RoleInfo (RoleInfo.java:updateAndGet(143)) - e6648afa-7a91-4543-9f1c-af23da2cc97c: start LeaderState
2019-10-02 21:18:23,032 [e6648afa-7a91-4543-9f1c-af23da2cc97c@group-63358EA4F491-LeaderElection70] INFO  segmented.SegmentedRaftLogWorker (SegmentedRaftLogWorker.java:startLogSegment(385)) - e6648afa-7a91-4543-9f1c-af23da2cc97c@group-63358EA4F491-SegmentedRaftLogWorker: Starting segment from index:0
2019-10-02 21:18:23,032 [e6648afa-7a91-4543-9f1c-af23da2cc97c@group-63358EA4F491-LeaderElection70] INFO  impl.RaftServerImpl (ServerState.java:setRaftConf(356)) - e6648afa-7a91-4543-9f1c-af23da2cc97c@group-63358EA4F491: set configuration 0: [e6648afa-7a91-4543-9f1c-af23da2cc97c:192.168.151.122:35648], old=null at 0
2019-10-02 21:18:23,065 [Thread-3089] INFO  impl.FollowerState (FollowerState.java:run(108)) - 90fbc310-f2b2-4398-8aff-5d706c2b3211@group-1A8194DE1396-FollowerState: change to CANDIDATE, lastRpcTime:5033ms, electionTimeout:5026ms
2019-10-02 21:18:23,066 [Thread-3089] INFO  impl.RoleInfo (RoleInfo.java:shutdownFollowerState(121)) - 90fbc310-f2b2-4398-8aff-5d706c2b3211: shutdown FollowerState
2019-10-02 21:18:23,066 [Thread-3089] INFO  impl.RaftServerImpl (RaftServerImpl.java:setRole(170)) - 90fbc310-f2b2-4398-8aff-5d706c2b3211@group-1A8194DE1396: changes role from  FOLLOWER to CANDIDATE at term 0 for changeToCandidate
2019-10-02 21:18:23,066 [Thread-3089] INFO  impl.RoleInfo (RoleInfo.java:updateAndGet(143)) - 90fbc310-f2b2-4398-8aff-5d706c2b3211: start LeaderElection
2019-10-02 21:18:23,069 [1c893cf2-42ed-44e2-a93b-04c4be59773d@group-0131BA8BE3ED-SegmentedRaftLogWorker] INFO  segmented.SegmentedRaftLogWorker (SegmentedRaftLogWorker.java:execute(574)) - 1c893cf2-42ed-44e2-a93b-04c4be59773d@group-0131BA8BE3ED-SegmentedRaftLogWorker: created new log segment /workdir/hadoop-ozone/integration-test/target/test-dir/MiniOzoneClusterImpl-25ddea64-d207-408c-b907-17765ca49936/datanode-2/data/ratis/12139f1f-48c9-4517-9f14-0131ba8be3ed/current/log_inprogress_0
2019-10-02 21:18:23,069 [e6648afa-7a91-4543-9f1c-af23da2cc97c@group-63358EA4F491-SegmentedRaftLogWorker] INFO  segmented.SegmentedRaftLogWorker (SegmentedRaftLogWorker.java:execute(574)) - e6648afa-7a91-4543-9f1c-af23da2cc97c@group-63358EA4F491-SegmentedRaftLogWorker: created new log segment /workdir/hadoop-ozone/integration-test/target/test-dir/MiniOzoneClusterImpl-25ddea64-d207-408c-b907-17765ca49936/datanode-5/data/ratis/02d835c0-ad7b-4eec-93b7-63358ea4f491/current/log_inprogress_0
2019-10-02 21:18:23,072 [90fbc310-f2b2-4398-8aff-5d706c2b3211@group-1A8194DE1396-LeaderElection71] INFO  impl.LeaderElection (LeaderElection.java:askForVotes(178)) - 90fbc310-f2b2-4398-8aff-5d706c2b3211@group-1A8194DE1396-LeaderElection71: begin an election at term 1 for -1: [90fbc310-f2b2-4398-8aff-5d706c2b3211:192.168.151.122:36547], old=null
2019-10-02 21:18:23,073 [90fbc310-f2b2-4398-8aff-5d706c2b3211@group-1A8194DE1396-LeaderElection71] INFO  impl.RoleInfo (RoleInfo.java:shutdownLeaderElection(134)) - 90fbc310-f2b2-4398-8aff-5d706c2b3211: shutdown LeaderElection
2019-10-02 21:18:23,073 [90fbc310-f2b2-4398-8aff-5d706c2b3211@group-1A8194DE1396-LeaderElection71] INFO  impl.RaftServerImpl (RaftServerImpl.java:setRole(170)) - 90fbc310-f2b2-4398-8aff-5d706c2b3211@group-1A8194DE1396: changes role from CANDIDATE to LEADER at term 1 for changeToLeader
2019-10-02 21:18:23,073 [90fbc310-f2b2-4398-8aff-5d706c2b3211@group-1A8194DE1396-LeaderElection71] INFO  impl.RaftServerImpl (ServerState.java:setLeader(255)) - 90fbc310-f2b2-4398-8aff-5d706c2b3211@group-1A8194DE1396: change Leader from null to 90fbc310-f2b2-4398-8aff-5d706c2b3211 at term 1 for becomeLeader, leader elected after 5053ms
2019-10-02 21:18:23,073 [90fbc310-f2b2-4398-8aff-5d706c2b3211@group-1A8194DE1396-LeaderElection71] INFO  server.RaftServerConfigKeys (ConfUtils.java:logGet(43)) - raft.server.staging.catchup.gap = 1000 (default)
2019-10-02 21:18:23,073 [90fbc310-f2b2-4398-8aff-5d706c2b3211@group-1A8194DE1396-LeaderElection71] INFO  server.RaftServerConfigKeys (ConfUtils.java:logGet(43)) - raft.server.rpc.sleep.time = 25ms (default)
2019-10-02 21:18:23,073 [90fbc310-f2b2-4398-8aff-5d706c2b3211@group-1A8194DE1396-LeaderElection71] INFO  server.RaftServerConfigKeys (ConfUtils.java:logGet(43)) - raft.server.write.element-limit = 4096 (default)
2019-10-02 21:18:23,073 [90fbc310-f2b2-4398-8aff-5d706c2b3211@group-1A8194DE1396-LeaderElection71] INFO  server.RaftServerConfigKeys (ConfUtils.java:logGet(43)) - raft.server.watch.timeout = 10s (default)
2019-10-02 21:18:23,073 [90fbc310-f2b2-4398-8aff-5d706c2b3211@group-1A8194DE1396-LeaderElection71] INFO  server.RaftServerConfigKeys (ConfUtils.java:logGet(43)) - raft.server.watch.timeout.denomination = 1s (default)
2019-10-02 21:18:23,074 [90fbc310-f2b2-4398-8aff-5d706c2b3211@group-1A8194DE1396-LeaderElection71] INFO  server.RaftServerConfigKeys (ConfUtils.java:logGet(43)) - raft.server.watch.element-limit = 65536 (default)
2019-10-02 21:18:23,075 [90fbc310-f2b2-4398-8aff-5d706c2b3211@group-1A8194DE1396-LeaderElection71] INFO  impl.RoleInfo (RoleInfo.java:updateAndGet(143)) - 90fbc310-f2b2-4398-8aff-5d706c2b3211: start LeaderState
2019-10-02 21:18:23,075 [90fbc310-f2b2-4398-8aff-5d706c2b3211@group-1A8194DE1396-LeaderElection71] INFO  segmented.SegmentedRaftLogWorker (SegmentedRaftLogWorker.java:startLogSegment(385)) - 90fbc310-f2b2-4398-8aff-5d706c2b3211@group-1A8194DE1396-SegmentedRaftLogWorker: Starting segment from index:0
2019-10-02 21:18:23,076 [90fbc310-f2b2-4398-8aff-5d706c2b3211@group-1A8194DE1396-LeaderElection71] INFO  impl.RaftServerImpl (ServerState.java:setRaftConf(356)) - 90fbc310-f2b2-4398-8aff-5d706c2b3211@group-1A8194DE1396: set configuration 0: [90fbc310-f2b2-4398-8aff-5d706c2b3211:192.168.151.122:36547], old=null at 0
2019-10-02 21:18:23,111 [Thread-3082] INFO  impl.FollowerState (FollowerState.java:run(108)) - 5216852f-18dc-4290-a94d-0088d3583f0b@group-69DF24CD116F-FollowerState: change to CANDIDATE, lastRpcTime:5171ms, electionTimeout:5142ms
2019-10-02 21:18:23,111 [Thread-3082] INFO  impl.RoleInfo (RoleInfo.java:shutdownFollowerState(121)) - 5216852f-18dc-4290-a94d-0088d3583f0b: shutdown FollowerState
2019-10-02 21:18:23,111 [Thread-3082] INFO  impl.RaftServerImpl (RaftServerImpl.java:setRole(170)) - 5216852f-18dc-4290-a94d-0088d3583f0b@group-69DF24CD116F: changes role from  FOLLOWER to CANDIDATE at term 0 for changeToCandidate
2019-10-02 21:18:23,112 [Thread-3082] INFO  impl.RoleInfo (RoleInfo.java:updateAndGet(143)) - 5216852f-18dc-4290-a94d-0088d3583f0b: start LeaderElection
2019-10-02 21:18:23,124 [90fbc310-f2b2-4398-8aff-5d706c2b3211@group-1A8194DE1396-SegmentedRaftLogWorker] INFO  segmented.SegmentedRaftLogWorker (SegmentedRaftLogWorker.java:execute(574)) - 90fbc310-f2b2-4398-8aff-5d706c2b3211@group-1A8194DE1396-SegmentedRaftLogWorker: created new log segment /workdir/hadoop-ozone/integration-test/target/test-dir/MiniOzoneClusterImpl-25ddea64-d207-408c-b907-17765ca49936/datanode-3/data/ratis/47ff4ad9-a53d-4623-9744-1a8194de1396/current/log_inprogress_0
2019-10-02 21:18:23,124 [5216852f-18dc-4290-a94d-0088d3583f0b@group-69DF24CD116F-LeaderElection72] INFO  impl.LeaderElection (LeaderElection.java:askForVotes(178)) - 5216852f-18dc-4290-a94d-0088d3583f0b@group-69DF24CD116F-LeaderElection72: begin an election at term 1 for -1: [5216852f-18dc-4290-a94d-0088d3583f0b:192.168.151.122:40251], old=null
2019-10-02 21:18:23,124 [5216852f-18dc-4290-a94d-0088d3583f0b@group-69DF24CD116F-LeaderElection72] INFO  impl.RoleInfo (RoleInfo.java:shutdownLeaderElection(134)) - 5216852f-18dc-4290-a94d-0088d3583f0b: shutdown LeaderElection
2019-10-02 21:18:23,124 [5216852f-18dc-4290-a94d-0088d3583f0b@group-69DF24CD116F-LeaderElection72] INFO  impl.RaftServerImpl (RaftServerImpl.java:setRole(170)) - 5216852f-18dc-4290-a94d-0088d3583f0b@group-69DF24CD116F: changes role from CANDIDATE to LEADER at term 1 for changeToLeader
2019-10-02 21:18:23,124 [5216852f-18dc-4290-a94d-0088d3583f0b@group-69DF24CD116F-LeaderElection72] INFO  impl.RaftServerImpl (ServerState.java:setLeader(255)) - 5216852f-18dc-4290-a94d-0088d3583f0b@group-69DF24CD116F: change Leader from null to 5216852f-18dc-4290-a94d-0088d3583f0b at term 1 for becomeLeader, leader elected after 5188ms
2019-10-02 21:18:23,124 [5216852f-18dc-4290-a94d-0088d3583f0b@group-69DF24CD116F-LeaderElection72] INFO  server.RaftServerConfigKeys (ConfUtils.java:logGet(43)) - raft.server.staging.catchup.gap = 1000 (default)
2019-10-02 21:18:23,125 [5216852f-18dc-4290-a94d-0088d3583f0b@group-69DF24CD116F-LeaderElection72] INFO  server.RaftServerConfigKeys (ConfUtils.java:logGet(43)) - raft.server.rpc.sleep.time = 25ms (default)
2019-10-02 21:18:23,125 [5216852f-18dc-4290-a94d-0088d3583f0b@group-69DF24CD116F-LeaderElection72] INFO  server.RaftServerConfigKeys (ConfUtils.java:logGet(43)) - raft.server.write.element-limit = 4096 (default)
2019-10-02 21:18:23,125 [5216852f-18dc-4290-a94d-0088d3583f0b@group-69DF24CD116F-LeaderElection72] INFO  server.RaftServerConfigKeys (ConfUtils.java:logGet(43)) - raft.server.watch.timeout = 10s (default)
2019-10-02 21:18:23,125 [5216852f-18dc-4290-a94d-0088d3583f0b@group-69DF24CD116F-LeaderElection72] INFO  server.RaftServerConfigKeys (ConfUtils.java:logGet(43)) - raft.server.watch.timeout.denomination = 1s (default)
2019-10-02 21:18:23,125 [5216852f-18dc-4290-a94d-0088d3583f0b@group-69DF24CD116F-LeaderElection72] INFO  server.RaftServerConfigKeys (ConfUtils.java:logGet(43)) - raft.server.watch.element-limit = 65536 (default)
2019-10-02 21:18:23,127 [5216852f-18dc-4290-a94d-0088d3583f0b@group-69DF24CD116F-LeaderElection72] INFO  impl.RoleInfo (RoleInfo.java:updateAndGet(143)) - 5216852f-18dc-4290-a94d-0088d3583f0b: start LeaderState
2019-10-02 21:18:23,127 [5216852f-18dc-4290-a94d-0088d3583f0b@group-69DF24CD116F-LeaderElection72] INFO  segmented.SegmentedRaftLogWorker (SegmentedRaftLogWorker.java:startLogSegment(385)) - 5216852f-18dc-4290-a94d-0088d3583f0b@group-69DF24CD116F-SegmentedRaftLogWorker: Starting segment from index:0
2019-10-02 21:18:23,127 [5216852f-18dc-4290-a94d-0088d3583f0b@group-69DF24CD116F-LeaderElection72] INFO  impl.RaftServerImpl (ServerState.java:setRaftConf(356)) - 5216852f-18dc-4290-a94d-0088d3583f0b@group-69DF24CD116F: set configuration 0: [5216852f-18dc-4290-a94d-0088d3583f0b:192.168.151.122:40251], old=null at 0
2019-10-02 21:18:23,170 [5216852f-18dc-4290-a94d-0088d3583f0b@group-69DF24CD116F-SegmentedRaftLogWorker] INFO  segmented.SegmentedRaftLogWorker (SegmentedRaftLogWorker.java:execute(574)) - 5216852f-18dc-4290-a94d-0088d3583f0b@group-69DF24CD116F-SegmentedRaftLogWorker: created new log segment /workdir/hadoop-ozone/integration-test/target/test-dir/MiniOzoneClusterImpl-25ddea64-d207-408c-b907-17765ca49936/datanode-4/data/ratis/62304980-b28a-469c-9b52-69df24cd116f/current/log_inprogress_0
2019-10-02 21:18:23,214 [Thread-3099] INFO  impl.FollowerState (FollowerState.java:run(108)) - e6648afa-7a91-4543-9f1c-af23da2cc97c@group-C2CF2753B394-FollowerState: change to CANDIDATE, lastRpcTime:5010ms, electionTimeout:5010ms
2019-10-02 21:18:23,214 [Thread-3099] INFO  impl.RoleInfo (RoleInfo.java:shutdownFollowerState(121)) - e6648afa-7a91-4543-9f1c-af23da2cc97c: shutdown FollowerState
2019-10-02 21:18:23,214 [Thread-3099] INFO  impl.RaftServerImpl (RaftServerImpl.java:setRole(170)) - e6648afa-7a91-4543-9f1c-af23da2cc97c@group-C2CF2753B394: changes role from  FOLLOWER to CANDIDATE at term 0 for changeToCandidate
2019-10-02 21:18:23,215 [Thread-3099] INFO  impl.RoleInfo (RoleInfo.java:updateAndGet(143)) - e6648afa-7a91-4543-9f1c-af23da2cc97c: start LeaderElection
2019-10-02 21:18:23,232 [Thread-3093] INFO  impl.FollowerState (FollowerState.java:run(108)) - 188d4931-1966-470e-bf45-48f1f3832163@group-EB1239F7084F-FollowerState: change to CANDIDATE, lastRpcTime:5084ms, electionTimeout:5084ms
2019-10-02 21:18:23,233 [Thread-3093] INFO  impl.RoleInfo (RoleInfo.java:shutdownFollowerState(121)) - 188d4931-1966-470e-bf45-48f1f3832163: shutdown FollowerState
2019-10-02 21:18:23,233 [Thread-3093] INFO  impl.RaftServerImpl (RaftServerImpl.java:setRole(170)) - 188d4931-1966-470e-bf45-48f1f3832163@group-EB1239F7084F: changes role from  FOLLOWER to CANDIDATE at term 0 for changeToCandidate
2019-10-02 21:18:23,233 [Thread-3093] INFO  impl.RoleInfo (RoleInfo.java:updateAndGet(143)) - 188d4931-1966-470e-bf45-48f1f3832163: start LeaderElection
2019-10-02 21:18:23,239 [e6648afa-7a91-4543-9f1c-af23da2cc97c@group-C2CF2753B394-LeaderElection73] INFO  impl.LeaderElection (LeaderElection.java:askForVotes(178)) - e6648afa-7a91-4543-9f1c-af23da2cc97c@group-C2CF2753B394-LeaderElection73: begin an election at term 1 for -1: [5216852f-18dc-4290-a94d-0088d3583f0b:192.168.151.122:40251, e6648afa-7a91-4543-9f1c-af23da2cc97c:192.168.151.122:35648, 188d4931-1966-470e-bf45-48f1f3832163:192.168.151.122:32958], old=null
2019-10-02 21:18:23,246 [grpc-default-executor-6] INFO  impl.RaftServerImpl (RaftServerImpl.java:setRole(170)) - 188d4931-1966-470e-bf45-48f1f3832163@group-C2CF2753B394: changes role from  FOLLOWER to FOLLOWER at term 1 for recognizeCandidate:e6648afa-7a91-4543-9f1c-af23da2cc97c
2019-10-02 21:18:23,246 [grpc-default-executor-11] INFO  impl.RaftServerImpl (RaftServerImpl.java:setRole(170)) - 5216852f-18dc-4290-a94d-0088d3583f0b@group-C2CF2753B394: changes role from  FOLLOWER to FOLLOWER at term 1 for recognizeCandidate:e6648afa-7a91-4543-9f1c-af23da2cc97c
2019-10-02 21:18:23,249 [grpc-default-executor-11] INFO  impl.RoleInfo (RoleInfo.java:shutdownFollowerState(121)) - 5216852f-18dc-4290-a94d-0088d3583f0b: shutdown FollowerState
2019-10-02 21:18:23,246 [grpc-default-executor-6] INFO  impl.RoleInfo (RoleInfo.java:shutdownFollowerState(121)) - 188d4931-1966-470e-bf45-48f1f3832163: shutdown FollowerState
2019-10-02 21:18:23,249 [Thread-3096] INFO  impl.FollowerState (FollowerState.java:run(117)) - 5216852f-18dc-4290-a94d-0088d3583f0b@group-C2CF2753B394-FollowerState was interrupted: java.lang.InterruptedException: sleep interrupted
2019-10-02 21:18:23,249 [grpc-default-executor-11] INFO  impl.RoleInfo (RoleInfo.java:updateAndGet(143)) - 5216852f-18dc-4290-a94d-0088d3583f0b: start FollowerState
2019-10-02 21:18:23,250 [grpc-default-executor-6] INFO  impl.RoleInfo (RoleInfo.java:updateAndGet(143)) - 188d4931-1966-470e-bf45-48f1f3832163: start FollowerState
2019-10-02 21:18:23,253 [188d4931-1966-470e-bf45-48f1f3832163@group-EB1239F7084F-LeaderElection74] INFO  impl.LeaderElection (LeaderElection.java:askForVotes(178)) - 188d4931-1966-470e-bf45-48f1f3832163@group-EB1239F7084F-LeaderElection74: begin an election at term 1 for -1: [188d4931-1966-470e-bf45-48f1f3832163:192.168.151.122:32958], old=null
2019-10-02 21:18:23,253 [188d4931-1966-470e-bf45-48f1f3832163@group-EB1239F7084F-LeaderElection74] INFO  impl.RoleInfo (RoleInfo.java:shutdownLeaderElection(134)) - 188d4931-1966-470e-bf45-48f1f3832163: shutdown LeaderElection
2019-10-02 21:18:23,253 [188d4931-1966-470e-bf45-48f1f3832163@group-EB1239F7084F-LeaderElection74] INFO  impl.RaftServerImpl (RaftServerImpl.java:setRole(170)) - 188d4931-1966-470e-bf45-48f1f3832163@group-EB1239F7084F: changes role from CANDIDATE to LEADER at term 1 for changeToLeader
2019-10-02 21:18:23,253 [188d4931-1966-470e-bf45-48f1f3832163@group-EB1239F7084F-LeaderElection74] INFO  impl.RaftServerImpl (ServerState.java:setLeader(255)) - 188d4931-1966-470e-bf45-48f1f3832163@group-EB1239F7084F: change Leader from null to 188d4931-1966-470e-bf45-48f1f3832163 at term 1 for becomeLeader, leader elected after 5111ms
2019-10-02 21:18:23,253 [188d4931-1966-470e-bf45-48f1f3832163@group-EB1239F7084F-LeaderElection74] INFO  server.RaftServerConfigKeys (ConfUtils.java:logGet(43)) - raft.server.staging.catchup.gap = 1000 (default)
2019-10-02 21:18:23,253 [188d4931-1966-470e-bf45-48f1f3832163@group-EB1239F7084F-LeaderElection74] INFO  server.RaftServerConfigKeys (ConfUtils.java:logGet(43)) - raft.server.rpc.sleep.time = 25ms (default)
2019-10-02 21:18:23,254 [188d4931-1966-470e-bf45-48f1f3832163@group-EB1239F7084F-LeaderElection74] INFO  server.RaftServerConfigKeys (ConfUtils.java:logGet(43)) - raft.server.write.element-limit = 4096 (default)
2019-10-02 21:18:23,254 [188d4931-1966-470e-bf45-48f1f3832163@group-EB1239F7084F-LeaderElection74] INFO  server.RaftServerConfigKeys (ConfUtils.java:logGet(43)) - raft.server.watch.timeout = 10s (default)
2019-10-02 21:18:23,254 [188d4931-1966-470e-bf45-48f1f3832163@group-EB1239F7084F-LeaderElection74] INFO  server.RaftServerConfigKeys (ConfUtils.java:logGet(43)) - raft.server.watch.timeout.denomination = 1s (default)
2019-10-02 21:18:23,254 [188d4931-1966-470e-bf45-48f1f3832163@group-EB1239F7084F-LeaderElection74] INFO  server.RaftServerConfigKeys (ConfUtils.java:logGet(43)) - raft.server.watch.element-limit = 65536 (default)
2019-10-02 21:18:23,255 [188d4931-1966-470e-bf45-48f1f3832163@group-EB1239F7084F-LeaderElection74] INFO  impl.RoleInfo (RoleInfo.java:updateAndGet(143)) - 188d4931-1966-470e-bf45-48f1f3832163: start LeaderState
2019-10-02 21:18:23,256 [188d4931-1966-470e-bf45-48f1f3832163@group-EB1239F7084F-LeaderElection74] INFO  segmented.SegmentedRaftLogWorker (SegmentedRaftLogWorker.java:startLogSegment(385)) - 188d4931-1966-470e-bf45-48f1f3832163@group-EB1239F7084F-SegmentedRaftLogWorker: Starting segment from index:0
2019-10-02 21:18:23,256 [188d4931-1966-470e-bf45-48f1f3832163@group-EB1239F7084F-LeaderElection74] INFO  impl.RaftServerImpl (ServerState.java:setRaftConf(356)) - 188d4931-1966-470e-bf45-48f1f3832163@group-EB1239F7084F: set configuration 0: [188d4931-1966-470e-bf45-48f1f3832163:192.168.151.122:32958], old=null at 0
2019-10-02 21:18:23,301 [e6648afa-7a91-4543-9f1c-af23da2cc97c@group-C2CF2753B394-LeaderElection73] INFO  impl.LeaderElection (LeaderElection.java:logAndReturn(56)) - e6648afa-7a91-4543-9f1c-af23da2cc97c@group-C2CF2753B394-LeaderElection73: Election PASSED; received 1 response(s) [e6648afa-7a91-4543-9f1c-af23da2cc97c<-188d4931-1966-470e-bf45-48f1f3832163#0:OK-t1] and 0 exception(s); e6648afa-7a91-4543-9f1c-af23da2cc97c@group-C2CF2753B394:t1, leader=null, voted=e6648afa-7a91-4543-9f1c-af23da2cc97c, raftlog=e6648afa-7a91-4543-9f1c-af23da2cc97c@group-C2CF2753B394-SegmentedRaftLog:OPENED:c-1,f-1,i0, conf=-1: [5216852f-18dc-4290-a94d-0088d3583f0b:192.168.151.122:40251, e6648afa-7a91-4543-9f1c-af23da2cc97c:192.168.151.122:35648, 188d4931-1966-470e-bf45-48f1f3832163:192.168.151.122:32958], old=null
2019-10-02 21:18:23,302 [e6648afa-7a91-4543-9f1c-af23da2cc97c@group-C2CF2753B394-LeaderElection73] INFO  impl.RoleInfo (RoleInfo.java:shutdownLeaderElection(134)) - e6648afa-7a91-4543-9f1c-af23da2cc97c: shutdown LeaderElection
2019-10-02 21:18:23,302 [e6648afa-7a91-4543-9f1c-af23da2cc97c@group-C2CF2753B394-LeaderElection73] INFO  impl.RaftServerImpl (RaftServerImpl.java:setRole(170)) - e6648afa-7a91-4543-9f1c-af23da2cc97c@group-C2CF2753B394: changes role from CANDIDATE to LEADER at term 1 for changeToLeader
2019-10-02 21:18:23,302 [e6648afa-7a91-4543-9f1c-af23da2cc97c@group-C2CF2753B394-LeaderElection73] INFO  impl.RaftServerImpl (ServerState.java:setLeader(255)) - e6648afa-7a91-4543-9f1c-af23da2cc97c@group-C2CF2753B394: change Leader from null to e6648afa-7a91-4543-9f1c-af23da2cc97c at term 1 for becomeLeader, leader elected after 5107ms
2019-10-02 21:18:23,302 [e6648afa-7a91-4543-9f1c-af23da2cc97c@group-C2CF2753B394-LeaderElection73] INFO  server.RaftServerConfigKeys (ConfUtils.java:logGet(43)) - raft.server.staging.catchup.gap = 1000 (default)
2019-10-02 21:18:23,302 [e6648afa-7a91-4543-9f1c-af23da2cc97c@group-C2CF2753B394-LeaderElection73] INFO  server.RaftServerConfigKeys (ConfUtils.java:logGet(43)) - raft.server.rpc.sleep.time = 25ms (default)
2019-10-02 21:18:23,302 [e6648afa-7a91-4543-9f1c-af23da2cc97c@group-C2CF2753B394-LeaderElection73] INFO  server.RaftServerConfigKeys (ConfUtils.java:logGet(43)) - raft.server.write.element-limit = 4096 (default)
2019-10-02 21:18:23,303 [e6648afa-7a91-4543-9f1c-af23da2cc97c@group-C2CF2753B394-LeaderElection73] INFO  server.RaftServerConfigKeys (ConfUtils.java:logGet(43)) - raft.server.watch.timeout = 10s (default)
2019-10-02 21:18:23,303 [e6648afa-7a91-4543-9f1c-af23da2cc97c@group-C2CF2753B394-LeaderElection73] INFO  server.RaftServerConfigKeys (ConfUtils.java:logGet(43)) - raft.server.watch.timeout.denomination = 1s (default)
2019-10-02 21:18:23,303 [e6648afa-7a91-4543-9f1c-af23da2cc97c@group-C2CF2753B394-LeaderElection73] INFO  server.RaftServerConfigKeys (ConfUtils.java:logGet(43)) - raft.server.watch.element-limit = 65536 (default)
2019-10-02 21:18:23,304 [e6648afa-7a91-4543-9f1c-af23da2cc97c@group-C2CF2753B394-LeaderElection73] INFO  server.RaftServerConfigKeys (ConfUtils.java:logGet(43)) - raft.server.log.appender.snapshot.chunk.size.max = 16MB (=16777216) (default)
2019-10-02 21:18:23,305 [e6648afa-7a91-4543-9f1c-af23da2cc97c@group-C2CF2753B394-LeaderElection73] INFO  server.RaftServerConfigKeys (ConfUtils.java:logGet(43)) - raft.server.log.appender.buffer.byte-limit = 33554432 (custom)
2019-10-02 21:18:23,305 [e6648afa-7a91-4543-9f1c-af23da2cc97c@group-C2CF2753B394-LeaderElection73] INFO  server.RaftServerConfigKeys (ConfUtils.java:logGet(43)) - raft.server.log.appender.buffer.element-limit = 1 (custom)
2019-10-02 21:18:23,305 [e6648afa-7a91-4543-9f1c-af23da2cc97c@group-C2CF2753B394-LeaderElection73] INFO  grpc.GrpcConfigKeys$Server (ConfUtils.java:logGet(43)) - raft.grpc.server.leader.outstanding.appends.max = 128 (default)
2019-10-02 21:18:23,305 [e6648afa-7a91-4543-9f1c-af23da2cc97c@group-C2CF2753B394-LeaderElection73] INFO  server.RaftServerConfigKeys (ConfUtils.java:logGet(43)) - raft.server.rpc.request.timeout = 3000ms (default)
2019-10-02 21:18:23,305 [e6648afa-7a91-4543-9f1c-af23da2cc97c@group-C2CF2753B394-LeaderElection73] INFO  server.RaftServerConfigKeys (ConfUtils.java:logGet(43)) - raft.server.log.appender.install.snapshot.enabled = false (custom)
2019-10-02 21:18:23,306 [e6648afa-7a91-4543-9f1c-af23da2cc97c@group-C2CF2753B394-LeaderElection73] INFO  server.RaftServerConfigKeys (ConfUtils.java:logGet(43)) - raft.server.log.appender.snapshot.chunk.size.max = 16MB (=16777216) (default)
2019-10-02 21:18:23,306 [e6648afa-7a91-4543-9f1c-af23da2cc97c@group-C2CF2753B394-LeaderElection73] INFO  server.RaftServerConfigKeys (ConfUtils.java:logGet(43)) - raft.server.log.appender.buffer.byte-limit = 33554432 (custom)
2019-10-02 21:18:23,306 [e6648afa-7a91-4543-9f1c-af23da2cc97c@group-C2CF2753B394-LeaderElection73] INFO  server.RaftServerConfigKeys (ConfUtils.java:logGet(43)) - raft.server.log.appender.buffer.element-limit = 1 (custom)
2019-10-02 21:18:23,306 [e6648afa-7a91-4543-9f1c-af23da2cc97c@group-C2CF2753B394-LeaderElection73] INFO  grpc.GrpcConfigKeys$Server (ConfUtils.java:logGet(43)) - raft.grpc.server.leader.outstanding.appends.max = 128 (default)
2019-10-02 21:18:23,306 [e6648afa-7a91-4543-9f1c-af23da2cc97c@group-C2CF2753B394-LeaderElection73] INFO  server.RaftServerConfigKeys (ConfUtils.java:logGet(43)) - raft.server.rpc.request.timeout = 3000ms (default)
2019-10-02 21:18:23,306 [e6648afa-7a91-4543-9f1c-af23da2cc97c@group-C2CF2753B394-LeaderElection73] INFO  server.RaftServerConfigKeys (ConfUtils.java:logGet(43)) - raft.server.log.appender.install.snapshot.enabled = false (custom)
2019-10-02 21:18:23,307 [e6648afa-7a91-4543-9f1c-af23da2cc97c@group-C2CF2753B394-LeaderElection73] INFO  impl.RoleInfo (RoleInfo.java:updateAndGet(143)) - e6648afa-7a91-4543-9f1c-af23da2cc97c: start LeaderState
2019-10-02 21:18:23,307 [188d4931-1966-470e-bf45-48f1f3832163@group-EB1239F7084F-SegmentedRaftLogWorker] INFO  segmented.SegmentedRaftLogWorker (SegmentedRaftLogWorker.java:execute(574)) - 188d4931-1966-470e-bf45-48f1f3832163@group-EB1239F7084F-SegmentedRaftLogWorker: created new log segment /workdir/hadoop-ozone/integration-test/target/test-dir/MiniOzoneClusterImpl-25ddea64-d207-408c-b907-17765ca49936/datanode-6/data/ratis/2e47e73d-1838-4731-af11-eb1239f7084f/current/log_inprogress_0
2019-10-02 21:18:23,307 [e6648afa-7a91-4543-9f1c-af23da2cc97c@group-C2CF2753B394-LeaderElection73] INFO  segmented.SegmentedRaftLogWorker (SegmentedRaftLogWorker.java:startLogSegment(385)) - e6648afa-7a91-4543-9f1c-af23da2cc97c@group-C2CF2753B394-SegmentedRaftLogWorker: Starting segment from index:0
2019-10-02 21:18:23,310 [e6648afa-7a91-4543-9f1c-af23da2cc97c@group-C2CF2753B394-LeaderElection73] INFO  impl.RaftServerImpl (ServerState.java:setRaftConf(356)) - e6648afa-7a91-4543-9f1c-af23da2cc97c@group-C2CF2753B394: set configuration 0: [5216852f-18dc-4290-a94d-0088d3583f0b:192.168.151.122:40251, e6648afa-7a91-4543-9f1c-af23da2cc97c:192.168.151.122:35648, 188d4931-1966-470e-bf45-48f1f3832163:192.168.151.122:32958], old=null at 0
2019-10-02 21:18:23,350 [grpc-default-executor-11] INFO  impl.RaftServerImpl (ServerState.java:setLeader(255)) - 5216852f-18dc-4290-a94d-0088d3583f0b@group-C2CF2753B394: change Leader from null to e6648afa-7a91-4543-9f1c-af23da2cc97c at term 1 for appendEntries, leader elected after 5154ms
2019-10-02 21:18:23,350 [grpc-default-executor-6] INFO  impl.RaftServerImpl (ServerState.java:setLeader(255)) - 188d4931-1966-470e-bf45-48f1f3832163@group-C2CF2753B394: change Leader from null to e6648afa-7a91-4543-9f1c-af23da2cc97c at term 1 for appendEntries, leader elected after 5154ms
2019-10-02 21:18:23,356 [grpc-default-executor-11] INFO  impl.RaftServerImpl (ServerState.java:setRaftConf(356)) - 5216852f-18dc-4290-a94d-0088d3583f0b@group-C2CF2753B394: set configuration 0: [5216852f-18dc-4290-a94d-0088d3583f0b:192.168.151.122:40251, e6648afa-7a91-4543-9f1c-af23da2cc97c:192.168.151.122:35648, 188d4931-1966-470e-bf45-48f1f3832163:192.168.151.122:32958], old=null at 0
2019-10-02 21:18:23,356 [grpc-default-executor-6] INFO  impl.RaftServerImpl (ServerState.java:setRaftConf(356)) - 188d4931-1966-470e-bf45-48f1f3832163@group-C2CF2753B394: set configuration 0: [5216852f-18dc-4290-a94d-0088d3583f0b:192.168.151.122:40251, e6648afa-7a91-4543-9f1c-af23da2cc97c:192.168.151.122:35648, 188d4931-1966-470e-bf45-48f1f3832163:192.168.151.122:32958], old=null at 0
2019-10-02 21:18:23,363 [grpc-default-executor-11] INFO  segmented.SegmentedRaftLogWorker (SegmentedRaftLogWorker.java:startLogSegment(385)) - 5216852f-18dc-4290-a94d-0088d3583f0b@group-C2CF2753B394-SegmentedRaftLogWorker: Starting segment from index:0
2019-10-02 21:18:23,363 [e6648afa-7a91-4543-9f1c-af23da2cc97c@group-C2CF2753B394-SegmentedRaftLogWorker] INFO  segmented.SegmentedRaftLogWorker (SegmentedRaftLogWorker.java:execute(574)) - e6648afa-7a91-4543-9f1c-af23da2cc97c@group-C2CF2753B394-SegmentedRaftLogWorker: created new log segment /workdir/hadoop-ozone/integration-test/target/test-dir/MiniOzoneClusterImpl-25ddea64-d207-408c-b907-17765ca49936/datanode-5/data/ratis/3503793f-27b9-4842-8666-c2cf2753b394/current/log_inprogress_0
2019-10-02 21:18:23,363 [grpc-default-executor-6] INFO  segmented.SegmentedRaftLogWorker (SegmentedRaftLogWorker.java:startLogSegment(385)) - 188d4931-1966-470e-bf45-48f1f3832163@group-C2CF2753B394-SegmentedRaftLogWorker: Starting segment from index:0
2019-10-02 21:18:23,418 [5216852f-18dc-4290-a94d-0088d3583f0b@group-C2CF2753B394-SegmentedRaftLogWorker] INFO  segmented.SegmentedRaftLogWorker (SegmentedRaftLogWorker.java:execute(574)) - 5216852f-18dc-4290-a94d-0088d3583f0b@group-C2CF2753B394-SegmentedRaftLogWorker: created new log segment /workdir/hadoop-ozone/integration-test/target/test-dir/MiniOzoneClusterImpl-25ddea64-d207-408c-b907-17765ca49936/datanode-4/data/ratis/3503793f-27b9-4842-8666-c2cf2753b394/current/log_inprogress_0
2019-10-02 21:18:23,455 [188d4931-1966-470e-bf45-48f1f3832163@group-C2CF2753B394-SegmentedRaftLogWorker] INFO  segmented.SegmentedRaftLogWorker (SegmentedRaftLogWorker.java:execute(574)) - 188d4931-1966-470e-bf45-48f1f3832163@group-C2CF2753B394-SegmentedRaftLogWorker: created new log segment /workdir/hadoop-ozone/integration-test/target/test-dir/MiniOzoneClusterImpl-25ddea64-d207-408c-b907-17765ca49936/datanode-6/data/ratis/3503793f-27b9-4842-8666-c2cf2753b394/current/log_inprogress_0
2019-10-02 21:18:24,541 [Datanode State Machine Thread - 0] INFO  statemachine.DatanodeStateMachine (DatanodeStateMachine.java:lambda$startDaemon$0(350)) - Ozone container server started.
2019-10-02 21:18:28,562 [EventQueue-StaleNodeForStaleNodeHandler] INFO  node.StaleNodeHandler (StaleNodeHandler.java:onMessage(58)) - Datanode 480ea95e-ee97-48dd-ba86-160bad61f78a{ip: 192.168.151.122, host: pr-hdds-2200-trunk-mgnwx-192523005, networkLocation: /default-rack, certSerialId: null} moved to stale state. Finalizing its pipelines [PipelineID=d42bb959-4708-4b58-aa62-f79942daf1b7, PipelineID=d4f5fb19-58a2-40db-b115-0cf3d032c84f]
2019-10-02 21:18:28,563 [EventQueue-StaleNodeForStaleNodeHandler] INFO  pipeline.SCMPipelineManager (SCMPipelineManager.java:finalizeAndDestroyPipeline(315)) - destroying pipeline:Pipeline[ Id: d42bb959-4708-4b58-aa62-f79942daf1b7, Nodes: 480ea95e-ee97-48dd-ba86-160bad61f78a{ip: 192.168.151.122, host: pr-hdds-2200-trunk-mgnwx-192523005, networkLocation: /default-rack, certSerialId: null}2e6c7c75-c299-4730-9b1b-71cf3d67f0ed{ip: 192.168.151.122, host: pr-hdds-2200-trunk-mgnwx-192523005, networkLocation: /default-rack, certSerialId: null}1c893cf2-42ed-44e2-a93b-04c4be59773d{ip: 192.168.151.122, host: pr-hdds-2200-trunk-mgnwx-192523005, networkLocation: /default-rack, certSerialId: null}, Type:RATIS, Factor:THREE, State:OPEN]
2019-10-02 21:18:28,563 [EventQueue-StaleNodeForStaleNodeHandler] INFO  pipeline.PipelineStateManager (PipelineStateManager.java:finalizePipeline(123)) - Pipeline Pipeline[ Id: d42bb959-4708-4b58-aa62-f79942daf1b7, Nodes: 480ea95e-ee97-48dd-ba86-160bad61f78a{ip: 192.168.151.122, host: pr-hdds-2200-trunk-mgnwx-192523005, networkLocation: /default-rack, certSerialId: null}2e6c7c75-c299-4730-9b1b-71cf3d67f0ed{ip: 192.168.151.122, host: pr-hdds-2200-trunk-mgnwx-192523005, networkLocation: /default-rack, certSerialId: null}1c893cf2-42ed-44e2-a93b-04c4be59773d{ip: 192.168.151.122, host: pr-hdds-2200-trunk-mgnwx-192523005, networkLocation: /default-rack, certSerialId: null}, Type:RATIS, Factor:THREE, State:CLOSED] moved to CLOSED state
2019-10-02 21:18:28,564 [EventQueue-CloseContainerForCloseContainerEventHandler] INFO  container.CloseContainerEventHandler (CloseContainerEventHandler.java:onMessage(61)) - Close container Event triggered for container : #1
2019-10-02 21:18:28,571 [EventQueue-StaleNodeForStaleNodeHandler] INFO  pipeline.SCMPipelineManager (SCMPipelineManager.java:finalizeAndDestroyPipeline(315)) - destroying pipeline:Pipeline[ Id: d4f5fb19-58a2-40db-b115-0cf3d032c84f, Nodes: 480ea95e-ee97-48dd-ba86-160bad61f78a{ip: 192.168.151.122, host: pr-hdds-2200-trunk-mgnwx-192523005, networkLocation: /default-rack, certSerialId: null}, Type:RATIS, Factor:ONE, State:OPEN]
2019-10-02 21:18:28,575 [EventQueue-StaleNodeForStaleNodeHandler] INFO  pipeline.PipelineStateManager (PipelineStateManager.java:finalizePipeline(123)) - Pipeline Pipeline[ Id: d4f5fb19-58a2-40db-b115-0cf3d032c84f, Nodes: 480ea95e-ee97-48dd-ba86-160bad61f78a{ip: 192.168.151.122, host: pr-hdds-2200-trunk-mgnwx-192523005, networkLocation: /default-rack, certSerialId: null}, Type:RATIS, Factor:ONE, State:CLOSED] moved to CLOSED state
2019-10-02 21:18:28,785 [main] INFO  ozoneimpl.OzoneContainer (OzoneContainer.java:stop(231)) - Attempting to stop container services.
2019-10-02 21:18:28,786 [main] INFO  impl.RaftServerProxy (RaftServerProxy.java:lambda$close$4(314)) - 480ea95e-ee97-48dd-ba86-160bad61f78a: close
2019-10-02 21:18:28,787 [main] INFO  impl.RaftServerImpl (RaftServerImpl.java:lambda$shutdown$3(247)) - 480ea95e-ee97-48dd-ba86-160bad61f78a@group-F79942DAF1B7: shutdown
2019-10-02 21:18:28,787 [ForkJoinPool.commonPool-worker-0] INFO  impl.RaftServerImpl (RaftServerImpl.java:lambda$shutdown$3(247)) - 480ea95e-ee97-48dd-ba86-160bad61f78a@group-0CF3D032C84F: shutdown
2019-10-02 21:18:28,789 [main] INFO  util.JmxRegister (JmxRegister.java:unregister(73)) - Successfully un-registered JMX Bean with object name Ratis:service=RaftServer,group=group-F79942DAF1B7,id=480ea95e-ee97-48dd-ba86-160bad61f78a
2019-10-02 21:18:28,789 [ForkJoinPool.commonPool-worker-0] INFO  util.JmxRegister (JmxRegister.java:unregister(73)) - Successfully un-registered JMX Bean with object name Ratis:service=RaftServer,group=group-0CF3D032C84F,id=480ea95e-ee97-48dd-ba86-160bad61f78a
2019-10-02 21:18:28,789 [main] INFO  impl.RoleInfo (RoleInfo.java:shutdownLeaderState(104)) - 480ea95e-ee97-48dd-ba86-160bad61f78a: shutdown LeaderState
2019-10-02 21:18:28,789 [ForkJoinPool.commonPool-worker-0] INFO  impl.RoleInfo (RoleInfo.java:shutdownLeaderState(104)) - 480ea95e-ee97-48dd-ba86-160bad61f78a: shutdown LeaderState
2019-10-02 21:18:28,796 [main] INFO  impl.PendingRequests (PendingRequests.java:sendNotLeaderResponses(202)) - 480ea95e-ee97-48dd-ba86-160bad61f78a@group-F79942DAF1B7-PendingRequests: sendNotLeaderResponses
2019-10-02 21:18:28,796 [org.apache.ratis.server.impl.LogAppender$AppenderDaemon$$Lambda$503/1132485710@2f36d245] WARN  server.GrpcLogAppender (GrpcLogAppender.java:mayWait(143)) - 480ea95e-ee97-48dd-ba86-160bad61f78a@group-F79942DAF1B7->1c893cf2-42ed-44e2-a93b-04c4be59773d-GrpcLogAppender: Wait interrupted by java.lang.InterruptedException
2019-10-02 21:18:28,796 [ForkJoinPool.commonPool-worker-0] INFO  impl.PendingRequests (PendingRequests.java:sendNotLeaderResponses(202)) - 480ea95e-ee97-48dd-ba86-160bad61f78a@group-0CF3D032C84F-PendingRequests: sendNotLeaderResponses
2019-10-02 21:18:28,796 [org.apache.ratis.server.impl.LogAppender$AppenderDaemon$$Lambda$503/1132485710@2eabc926] WARN  server.GrpcLogAppender (GrpcLogAppender.java:mayWait(143)) - 480ea95e-ee97-48dd-ba86-160bad61f78a@group-F79942DAF1B7->2e6c7c75-c299-4730-9b1b-71cf3d67f0ed-GrpcLogAppender: Wait interrupted by java.lang.InterruptedException
2019-10-02 21:18:28,803 [ForkJoinPool.commonPool-worker-0] INFO  impl.StateMachineUpdater (StateMachineUpdater.java:stopAndJoin(136)) - 480ea95e-ee97-48dd-ba86-160bad61f78a@group-0CF3D032C84F-StateMachineUpdater: set stopIndex = 0
2019-10-02 21:18:28,803 [grpc-default-executor-11] INFO  server.GrpcServerProtocolService (GrpcServerProtocolService.java:onCompleted(113)) - 1c893cf2-42ed-44e2-a93b-04c4be59773d: Completed APPEND_ENTRIES, lastRequest: 480ea95e-ee97-48dd-ba86-160bad61f78a->1c893cf2-42ed-44e2-a93b-04c4be59773d#18-t1, previous=(t:1, i:15), leaderCommit=15, initializing? false, entries: <empty>
2019-10-02 21:18:28,803 [480ea95e-ee97-48dd-ba86-160bad61f78a@group-F79942DAF1B7-StateMachineUpdater] INFO  ratis.ContainerStateMachine (ContainerStateMachine.java:takeSnapshot(289)) - group-F79942DAF1B7: Taking a snapshot at:(t:1, i:13) file /workdir/hadoop-ozone/integration-test/target/test-dir/MiniOzoneClusterImpl-25ddea64-d207-408c-b907-17765ca49936/datanode-1/data/ratis/d42bb959-4708-4b58-aa62-f79942daf1b7/sm/snapshot.1_13
2019-10-02 21:18:28,803 [main] INFO  impl.StateMachineUpdater (StateMachineUpdater.java:stopAndJoin(136)) - 480ea95e-ee97-48dd-ba86-160bad61f78a@group-F79942DAF1B7-StateMachineUpdater: set stopIndex = 15
2019-10-02 21:18:28,803 [grpc-default-executor-3] INFO  server.GrpcServerProtocolService (GrpcServerProtocolService.java:onCompleted(113)) - 2e6c7c75-c299-4730-9b1b-71cf3d67f0ed: Completed APPEND_ENTRIES, lastRequest: 480ea95e-ee97-48dd-ba86-160bad61f78a->2e6c7c75-c299-4730-9b1b-71cf3d67f0ed#18-t1, previous=(t:1, i:15), leaderCommit=15, initializing? false, entries: <empty>
2019-10-02 21:18:28,804 [grpc-default-executor-11] INFO  server.GrpcLogAppender (GrpcLogAppender.java:onCompleted(293)) - 480ea95e-ee97-48dd-ba86-160bad61f78a@group-F79942DAF1B7->1c893cf2-42ed-44e2-a93b-04c4be59773d-AppendLogResponseHandler: follower responses appendEntries COMPLETED
2019-10-02 21:18:28,803 [ForkJoinPool.commonPool-worker-0] INFO  impl.RaftServerImpl (ServerState.java:close(387)) - 480ea95e-ee97-48dd-ba86-160bad61f78a@group-0CF3D032C84F: closes. applyIndex: 0
2019-10-02 21:18:28,804 [grpc-default-executor-3] INFO  server.GrpcLogAppender (GrpcLogAppender.java:onCompleted(293)) - 480ea95e-ee97-48dd-ba86-160bad61f78a@group-F79942DAF1B7->2e6c7c75-c299-4730-9b1b-71cf3d67f0ed-AppendLogResponseHandler: follower responses appendEntries COMPLETED
2019-10-02 21:18:28,805 [480ea95e-ee97-48dd-ba86-160bad61f78a@group-0CF3D032C84F-SegmentedRaftLogWorker] INFO  segmented.SegmentedRaftLogWorker (SegmentedRaftLogWorker.java:run(316)) - 480ea95e-ee97-48dd-ba86-160bad61f78a@group-0CF3D032C84F-SegmentedRaftLogWorker was interrupted, exiting. There are 0 tasks remaining in the queue.
2019-10-02 21:18:28,805 [grpc-default-executor-11] INFO  impl.FollowerInfo (FollowerInfo.java:lambda$new$0(51)) - 480ea95e-ee97-48dd-ba86-160bad61f78a@group-F79942DAF1B7->1c893cf2-42ed-44e2-a93b-04c4be59773d: nextIndex: updateUnconditionally 16 -> 15
2019-10-02 21:18:28,808 [ForkJoinPool.commonPool-worker-0] INFO  segmented.SegmentedRaftLogWorker (SegmentedRaftLogWorker.java:close(224)) - 480ea95e-ee97-48dd-ba86-160bad61f78a@group-0CF3D032C84F-SegmentedRaftLogWorker close()
2019-10-02 21:18:28,808 [grpc-default-executor-3] INFO  impl.FollowerInfo (FollowerInfo.java:lambda$new$0(51)) - 480ea95e-ee97-48dd-ba86-160bad61f78a@group-F79942DAF1B7->2e6c7c75-c299-4730-9b1b-71cf3d67f0ed: nextIndex: updateUnconditionally 16 -> 15
2019-10-02 21:18:28,814 [480ea95e-ee97-48dd-ba86-160bad61f78a@group-F79942DAF1B7-StateMachineUpdater] INFO  ratis.ContainerStateMachine (ContainerStateMachine.java:takeSnapshot(300)) - group-F79942DAF1B7: Finished taking a snapshot at:(t:1, i:13) file:/workdir/hadoop-ozone/integration-test/target/test-dir/MiniOzoneClusterImpl-25ddea64-d207-408c-b907-17765ca49936/datanode-1/data/ratis/d42bb959-4708-4b58-aa62-f79942daf1b7/sm/snapshot.1_13 time:11
2019-10-02 21:18:28,814 [480ea95e-ee97-48dd-ba86-160bad61f78a@group-F79942DAF1B7-StateMachineUpdater] INFO  impl.StateMachineUpdater (StateMachineUpdater.java:takeSnapshot(269)) - 480ea95e-ee97-48dd-ba86-160bad61f78a@group-F79942DAF1B7-StateMachineUpdater: Took a snapshot at index 13
2019-10-02 21:18:28,814 [480ea95e-ee97-48dd-ba86-160bad61f78a@group-F79942DAF1B7-StateMachineUpdater] INFO  impl.StateMachineUpdater (StateMachineUpdater.java:lambda$new$0(84)) - 480ea95e-ee97-48dd-ba86-160bad61f78a@group-F79942DAF1B7-StateMachineUpdater: snapshotIndex: updateIncreasingly -1 -> 13
2019-10-02 21:18:28,815 [480ea95e-ee97-48dd-ba86-160bad61f78a@group-F79942DAF1B7-StateMachineUpdater] INFO  ratis.ContainerStateMachine (ContainerStateMachine.java:takeSnapshot(289)) - group-F79942DAF1B7: Taking a snapshot at:(t:1, i:13) file /workdir/hadoop-ozone/integration-test/target/test-dir/MiniOzoneClusterImpl-25ddea64-d207-408c-b907-17765ca49936/datanode-1/data/ratis/d42bb959-4708-4b58-aa62-f79942daf1b7/sm/snapshot.1_13
2019-10-02 21:18:28,827 [480ea95e-ee97-48dd-ba86-160bad61f78a@group-F79942DAF1B7-StateMachineUpdater] INFO  ratis.ContainerStateMachine (ContainerStateMachine.java:takeSnapshot(300)) - group-F79942DAF1B7: Finished taking a snapshot at:(t:1, i:13) file:/workdir/hadoop-ozone/integration-test/target/test-dir/MiniOzoneClusterImpl-25ddea64-d207-408c-b907-17765ca49936/datanode-1/data/ratis/d42bb959-4708-4b58-aa62-f79942daf1b7/sm/snapshot.1_13 time:13
2019-10-02 21:18:28,827 [480ea95e-ee97-48dd-ba86-160bad61f78a@group-F79942DAF1B7-StateMachineUpdater] INFO  impl.StateMachineUpdater (StateMachineUpdater.java:takeSnapshot(269)) - 480ea95e-ee97-48dd-ba86-160bad61f78a@group-F79942DAF1B7-StateMachineUpdater: Took a snapshot at index 13
2019-10-02 21:18:28,828 [480ea95e-ee97-48dd-ba86-160bad61f78a@group-F79942DAF1B7-StateMachineUpdater] INFO  impl.StateMachineUpdater (StateMachineUpdater.java:lambda$new$0(84)) - 480ea95e-ee97-48dd-ba86-160bad61f78a@group-F79942DAF1B7-StateMachineUpdater: snapshotIndex: updateIncreasingly 13 -> 13
2019-10-02 21:18:28,828 [main] INFO  impl.RaftServerImpl (ServerState.java:close(387)) - 480ea95e-ee97-48dd-ba86-160bad61f78a@group-F79942DAF1B7: closes. applyIndex: 15
2019-10-02 21:18:28,828 [480ea95e-ee97-48dd-ba86-160bad61f78a@group-F79942DAF1B7-SegmentedRaftLogWorker] INFO  segmented.SegmentedRaftLogWorker (SegmentedRaftLogWorker.java:run(316)) - 480ea95e-ee97-48dd-ba86-160bad61f78a@group-F79942DAF1B7-SegmentedRaftLogWorker was interrupted, exiting. There are 0 tasks remaining in the queue.
2019-10-02 21:18:28,831 [main] INFO  segmented.SegmentedRaftLogWorker (SegmentedRaftLogWorker.java:close(224)) - 480ea95e-ee97-48dd-ba86-160bad61f78a@group-F79942DAF1B7-SegmentedRaftLogWorker close()
2019-10-02 21:18:28,837 [main] INFO  server.GrpcService (GrpcService.java:closeImpl(164)) - 480ea95e-ee97-48dd-ba86-160bad61f78a: shutdown server with port 40548 now
2019-10-02 21:18:28,838 [grpc-default-executor-11] WARN  client.GrpcClientProtocolService (LogUtils.java:warn(134)) - 2-UnorderedRequestStreamObserver2: onError: org.apache.ratis.thirdparty.io.grpc.StatusRuntimeException: CANCELLED: cancelled before receiving half close
2019-10-02 21:18:28,838 [main] INFO  server.GrpcService (GrpcService.java:closeImpl(172)) - 480ea95e-ee97-48dd-ba86-160bad61f78a: shutdown server with port 40548 successfully
2019-10-02 21:18:28,840 [refreshUsed-/workdir/hadoop-ozone/integration-test/target/test-dir/MiniOzoneClusterImpl-25ddea64-d207-408c-b907-17765ca49936/datanode-1/data/containers] WARN  fs.CachingGetSpaceUsed (CachingGetSpaceUsed.java:run(183)) - Thread Interrupted waiting to refresh disk information: sleep interrupted
2019-10-02 21:18:28,858 [main] INFO  utils.BackgroundService (BackgroundService.java:shutdown(148)) - Shutting down service BlockDeletingService
2019-10-02 21:18:28,866 [main] INFO  statemachine.DatanodeStateMachine (DatanodeStateMachine.java:stopDaemon(395)) - Ozone container server stopped.
2019-10-02 21:18:28,869 [main] INFO  handler.ContextHandler (ContextHandler.java:doStop(910)) - Stopped o.e.j.w.WebAppContext@37775bb1{/,null,UNAVAILABLE}{/hddsDatanode}
2019-10-02 21:18:28,870 [main] INFO  server.AbstractConnector (AbstractConnector.java:doStop(318)) - Stopped ServerConnector@7b9e25bd{HTTP/1.1,[http/1.1]}{0.0.0.0:0}
2019-10-02 21:18:28,870 [main] INFO  handler.ContextHandler (ContextHandler.java:doStop(910)) - Stopped o.e.j.s.ServletContextHandler@37d3e140{/static,jar:file:/home/user/.m2/repository/org/apache/hadoop/hadoop-hdds-container-service/0.5.0-SNAPSHOT/hadoop-hdds-container-service-0.5.0-SNAPSHOT.jar!/webapps/static,UNAVAILABLE}
2019-10-02 21:18:28,871 [main] INFO  handler.ContextHandler (ContextHandler.java:doStop(910)) - Stopped o.e.j.s.ServletContextHandler@584ca390{/logs,file:///workdir/hadoop-ozone/integration-test/target/log,UNAVAILABLE}
2019-10-02 21:18:38,067 [Thread-3124] INFO  impl.FollowerState (FollowerState.java:run(108)) - 1c893cf2-42ed-44e2-a93b-04c4be59773d@group-F79942DAF1B7-FollowerState: change to CANDIDATE, lastRpcTime:9279ms, electionTimeout:5048ms
2019-10-02 21:18:38,068 [Thread-3124] INFO  impl.RoleInfo (RoleInfo.java:shutdownFollowerState(121)) - 1c893cf2-42ed-44e2-a93b-04c4be59773d: shutdown FollowerState
2019-10-02 21:18:38,068 [Thread-3124] INFO  impl.RaftServerImpl (RaftServerImpl.java:setRole(170)) - 1c893cf2-42ed-44e2-a93b-04c4be59773d@group-F79942DAF1B7: changes role from  FOLLOWER to CANDIDATE at term 1 for changeToCandidate
2019-10-02 21:18:38,069 [Thread-3124] INFO  impl.RoleInfo (RoleInfo.java:updateAndGet(143)) - 1c893cf2-42ed-44e2-a93b-04c4be59773d: start LeaderElection
2019-10-02 21:18:38,073 [1c893cf2-42ed-44e2-a93b-04c4be59773d@group-F79942DAF1B7-LeaderElection75] INFO  impl.RaftServerImpl (ServerState.java:setLeader(255)) - 1c893cf2-42ed-44e2-a93b-04c4be59773d@group-F79942DAF1B7: change Leader from 480ea95e-ee97-48dd-ba86-160bad61f78a to null at term 1 for initElection
2019-10-02 21:18:38,086 [1c893cf2-42ed-44e2-a93b-04c4be59773d@group-F79942DAF1B7-LeaderElection75] INFO  impl.LeaderElection (LeaderElection.java:askForVotes(178)) - 1c893cf2-42ed-44e2-a93b-04c4be59773d@group-F79942DAF1B7-LeaderElection75: begin an election at term 2 for 0: [1c893cf2-42ed-44e2-a93b-04c4be59773d:192.168.151.122:35490, 480ea95e-ee97-48dd-ba86-160bad61f78a:192.168.151.122:40548, 2e6c7c75-c299-4730-9b1b-71cf3d67f0ed:192.168.151.122:45222], old=null
2019-10-02 21:18:38,088 [1c893cf2-42ed-44e2-a93b-04c4be59773d@group-F79942DAF1B7-LeaderElection75] INFO  impl.LeaderElection (LogUtils.java:infoOrTrace(149)) - 1c893cf2-42ed-44e2-a93b-04c4be59773d@group-F79942DAF1B7-LeaderElection75 got exception when requesting votes: {}
java.util.concurrent.ExecutionException: org.apache.ratis.thirdparty.io.grpc.StatusRuntimeException: UNAVAILABLE: io exception
	at java.util.concurrent.FutureTask.report(FutureTask.java:122)
	at java.util.concurrent.FutureTask.get(FutureTask.java:192)
	at org.apache.ratis.server.impl.LeaderElection.waitForResults(LeaderElection.java:259)
	at org.apache.ratis.server.impl.LeaderElection.askForVotes(LeaderElection.java:197)
	at org.apache.ratis.server.impl.LeaderElection.run(LeaderElection.java:133)
	at java.lang.Thread.run(Thread.java:748)
Caused by: org.apache.ratis.thirdparty.io.grpc.StatusRuntimeException: UNAVAILABLE: io exception
	at org.apache.ratis.thirdparty.io.grpc.stub.ClientCalls.toStatusRuntimeException(ClientCalls.java:233)
	at org.apache.ratis.thirdparty.io.grpc.stub.ClientCalls.getUnchecked(ClientCalls.java:214)
	at org.apache.ratis.thirdparty.io.grpc.stub.ClientCalls.blockingUnaryCall(ClientCalls.java:139)
	at org.apache.ratis.proto.grpc.RaftServerProtocolServiceGrpc$RaftServerProtocolServiceBlockingStub.requestVote(RaftServerProtocolServiceGrpc.java:265)
	at org.apache.ratis.grpc.server.GrpcServerProtocolClient.requestVote(GrpcServerProtocolClient.java:99)
	at org.apache.ratis.grpc.server.GrpcService.requestVote(GrpcService.java:204)
	at org.apache.ratis.server.impl.LeaderElection.lambda$submitRequests$1(LeaderElection.java:234)
	at java.util.concurrent.FutureTask.run(FutureTask.java:266)
	at java.util.concurrent.Executors$RunnableAdapter.call(Executors.java:511)
	at java.util.concurrent.FutureTask.run(FutureTask.java:266)
	at java.util.concurrent.ThreadPoolExecutor.runWorker(ThreadPoolExecutor.java:1149)
	at java.util.concurrent.ThreadPoolExecutor$Worker.run(ThreadPoolExecutor.java:624)
	... 1 more
Caused by: org.apache.ratis.thirdparty.io.netty.channel.AbstractChannel$AnnotatedConnectException: Connection refused: /192.168.151.122:40548
	at sun.nio.ch.SocketChannelImpl.checkConnect(Native Method)
	at sun.nio.ch.SocketChannelImpl.finishConnect(SocketChannelImpl.java:717)
	at org.apache.ratis.thirdparty.io.netty.channel.socket.nio.NioSocketChannel.doFinishConnect(NioSocketChannel.java:327)
	at org.apache.ratis.thirdparty.io.netty.channel.nio.AbstractNioChannel$AbstractNioUnsafe.finishConnect(AbstractNioChannel.java:340)
	at org.apache.ratis.thirdparty.io.netty.channel.nio.NioEventLoop.processSelectedKey(NioEventLoop.java:632)
	at org.apache.ratis.thirdparty.io.netty.channel.nio.NioEventLoop.processSelectedKeysOptimized(NioEventLoop.java:579)
	at org.apache.ratis.thirdparty.io.netty.channel.nio.NioEventLoop.processSelectedKeys(NioEventLoop.java:496)
	at org.apache.ratis.thirdparty.io.netty.channel.nio.NioEventLoop.run(NioEventLoop.java:458)
	at org.apache.ratis.thirdparty.io.netty.util.concurrent.SingleThreadEventExecutor$5.run(SingleThreadEventExecutor.java:897)
	at org.apache.ratis.thirdparty.io.netty.util.concurrent.FastThreadLocalRunnable.run(FastThreadLocalRunnable.java:30)
	... 1 more
Caused by: java.net.ConnectException: Connection refused
	... 11 more
2019-10-02 21:18:38,093 [grpc-default-executor-11] INFO  impl.RaftServerImpl (ServerState.java:setLeader(255)) - 2e6c7c75-c299-4730-9b1b-71cf3d67f0ed@group-F79942DAF1B7: change Leader from 480ea95e-ee97-48dd-ba86-160bad61f78a to null at term 2 for updateCurrentTerm
2019-10-02 21:18:38,093 [grpc-default-executor-11] INFO  impl.RaftServerImpl (RaftServerImpl.java:setRole(170)) - 2e6c7c75-c299-4730-9b1b-71cf3d67f0ed@group-F79942DAF1B7: changes role from  FOLLOWER to FOLLOWER at term 2 for recognizeCandidate:1c893cf2-42ed-44e2-a93b-04c4be59773d
2019-10-02 21:18:38,094 [grpc-default-executor-11] INFO  impl.RoleInfo (RoleInfo.java:shutdownFollowerState(121)) - 2e6c7c75-c299-4730-9b1b-71cf3d67f0ed: shutdown FollowerState
2019-10-02 21:18:38,094 [grpc-default-executor-11] INFO  impl.RoleInfo (RoleInfo.java:updateAndGet(143)) - 2e6c7c75-c299-4730-9b1b-71cf3d67f0ed: start FollowerState
2019-10-02 21:18:38,094 [Thread-3123] INFO  impl.FollowerState (FollowerState.java:run(117)) - 2e6c7c75-c299-4730-9b1b-71cf3d67f0ed@group-F79942DAF1B7-FollowerState was interrupted: java.lang.InterruptedException: sleep interrupted
2019-10-02 21:18:38,114 [1c893cf2-42ed-44e2-a93b-04c4be59773d@group-F79942DAF1B7-LeaderElection75] INFO  impl.LeaderElection (LeaderElection.java:logAndReturn(56)) - 1c893cf2-42ed-44e2-a93b-04c4be59773d@group-F79942DAF1B7-LeaderElection75: Election PASSED; received 1 response(s) [1c893cf2-42ed-44e2-a93b-04c4be59773d<-2e6c7c75-c299-4730-9b1b-71cf3d67f0ed#0:OK-t2] and 1 exception(s); 1c893cf2-42ed-44e2-a93b-04c4be59773d@group-F79942DAF1B7:t2, leader=null, voted=1c893cf2-42ed-44e2-a93b-04c4be59773d, raftlog=1c893cf2-42ed-44e2-a93b-04c4be59773d@group-F79942DAF1B7-SegmentedRaftLog:OPENED:c15,f15,i15, conf=0: [1c893cf2-42ed-44e2-a93b-04c4be59773d:192.168.151.122:35490, 480ea95e-ee97-48dd-ba86-160bad61f78a:192.168.151.122:40548, 2e6c7c75-c299-4730-9b1b-71cf3d67f0ed:192.168.151.122:45222], old=null
2019-10-02 21:18:38,114 [1c893cf2-42ed-44e2-a93b-04c4be59773d@group-F79942DAF1B7-LeaderElection75] INFO  impl.LeaderElection (LogUtils.java:infoOrTrace(149)) -   Exception 0: {}
java.util.concurrent.ExecutionException: org.apache.ratis.thirdparty.io.grpc.StatusRuntimeException: UNAVAILABLE: io exception
	at java.util.concurrent.FutureTask.report(FutureTask.java:122)
	at java.util.concurrent.FutureTask.get(FutureTask.java:192)
	at org.apache.ratis.server.impl.LeaderElection.waitForResults(LeaderElection.java:259)
	at org.apache.ratis.server.impl.LeaderElection.askForVotes(LeaderElection.java:197)
	at org.apache.ratis.server.impl.LeaderElection.run(LeaderElection.java:133)
	at java.lang.Thread.run(Thread.java:748)
Caused by: org.apache.ratis.thirdparty.io.grpc.StatusRuntimeException: UNAVAILABLE: io exception
	at org.apache.ratis.thirdparty.io.grpc.stub.ClientCalls.toStatusRuntimeException(ClientCalls.java:233)
	at org.apache.ratis.thirdparty.io.grpc.stub.ClientCalls.getUnchecked(ClientCalls.java:214)
	at org.apache.ratis.thirdparty.io.grpc.stub.ClientCalls.blockingUnaryCall(ClientCalls.java:139)
	at org.apache.ratis.proto.grpc.RaftServerProtocolServiceGrpc$RaftServerProtocolServiceBlockingStub.requestVote(RaftServerProtocolServiceGrpc.java:265)
	at org.apache.ratis.grpc.server.GrpcServerProtocolClient.requestVote(GrpcServerProtocolClient.java:99)
	at org.apache.ratis.grpc.server.GrpcService.requestVote(GrpcService.java:204)
	at org.apache.ratis.server.impl.LeaderElection.lambda$submitRequests$1(LeaderElection.java:234)
	at java.util.concurrent.FutureTask.run(FutureTask.java:266)
	at java.util.concurrent.Executors$RunnableAdapter.call(Executors.java:511)
	at java.util.concurrent.FutureTask.run(FutureTask.java:266)
	at java.util.concurrent.ThreadPoolExecutor.runWorker(ThreadPoolExecutor.java:1149)
	at java.util.concurrent.ThreadPoolExecutor$Worker.run(ThreadPoolExecutor.java:624)
	... 1 more
Caused by: org.apache.ratis.thirdparty.io.netty.channel.AbstractChannel$AnnotatedConnectException: Connection refused: /192.168.151.122:40548
	at sun.nio.ch.SocketChannelImpl.checkConnect(Native Method)
	at sun.nio.ch.SocketChannelImpl.finishConnect(SocketChannelImpl.java:717)
	at org.apache.ratis.thirdparty.io.netty.channel.socket.nio.NioSocketChannel.doFinishConnect(NioSocketChannel.java:327)
	at org.apache.ratis.thirdparty.io.netty.channel.nio.AbstractNioChannel$AbstractNioUnsafe.finishConnect(AbstractNioChannel.java:340)
	at org.apache.ratis.thirdparty.io.netty.channel.nio.NioEventLoop.processSelectedKey(NioEventLoop.java:632)
	at org.apache.ratis.thirdparty.io.netty.channel.nio.NioEventLoop.processSelectedKeysOptimized(NioEventLoop.java:579)
	at org.apache.ratis.thirdparty.io.netty.channel.nio.NioEventLoop.processSelectedKeys(NioEventLoop.java:496)
	at org.apache.ratis.thirdparty.io.netty.channel.nio.NioEventLoop.run(NioEventLoop.java:458)
	at org.apache.ratis.thirdparty.io.netty.util.concurrent.SingleThreadEventExecutor$5.run(SingleThreadEventExecutor.java:897)
	at org.apache.ratis.thirdparty.io.netty.util.concurrent.FastThreadLocalRunnable.run(FastThreadLocalRunnable.java:30)
	... 1 more
Caused by: java.net.ConnectException: Connection refused
	... 11 more
2019-10-02 21:18:38,114 [1c893cf2-42ed-44e2-a93b-04c4be59773d@group-F79942DAF1B7-LeaderElection75] INFO  impl.RoleInfo (RoleInfo.java:shutdownLeaderElection(134)) - 1c893cf2-42ed-44e2-a93b-04c4be59773d: shutdown LeaderElection
2019-10-02 21:18:38,114 [1c893cf2-42ed-44e2-a93b-04c4be59773d@group-F79942DAF1B7-LeaderElection75] INFO  impl.RaftServerImpl (RaftServerImpl.java:setRole(170)) - 1c893cf2-42ed-44e2-a93b-04c4be59773d@group-F79942DAF1B7: changes role from CANDIDATE to LEADER at term 2 for changeToLeader
2019-10-02 21:18:38,114 [1c893cf2-42ed-44e2-a93b-04c4be59773d@group-F79942DAF1B7-LeaderElection75] INFO  impl.RaftServerImpl (ServerState.java:setLeader(255)) - 1c893cf2-42ed-44e2-a93b-04c4be59773d@group-F79942DAF1B7: change Leader from null to 1c893cf2-42ed-44e2-a93b-04c4be59773d at term 2 for becomeLeader, leader elected after 41ms
2019-10-02 21:18:38,115 [1c893cf2-42ed-44e2-a93b-04c4be59773d@group-F79942DAF1B7-LeaderElection75] INFO  server.RaftServerConfigKeys (ConfUtils.java:logGet(43)) - raft.server.staging.catchup.gap = 1000 (default)
2019-10-02 21:18:38,115 [1c893cf2-42ed-44e2-a93b-04c4be59773d@group-F79942DAF1B7-LeaderElection75] INFO  server.RaftServerConfigKeys (ConfUtils.java:logGet(43)) - raft.server.rpc.sleep.time = 25ms (default)
2019-10-02 21:18:38,115 [1c893cf2-42ed-44e2-a93b-04c4be59773d@group-F79942DAF1B7-LeaderElection75] INFO  server.RaftServerConfigKeys (ConfUtils.java:logGet(43)) - raft.server.write.element-limit = 4096 (default)
2019-10-02 21:18:38,116 [1c893cf2-42ed-44e2-a93b-04c4be59773d@group-F79942DAF1B7-LeaderElection75] INFO  server.RaftServerConfigKeys (ConfUtils.java:logGet(43)) - raft.server.watch.timeout = 10s (default)
2019-10-02 21:18:38,116 [1c893cf2-42ed-44e2-a93b-04c4be59773d@group-F79942DAF1B7-LeaderElection75] INFO  server.RaftServerConfigKeys (ConfUtils.java:logGet(43)) - raft.server.watch.timeout.denomination = 1s (default)
2019-10-02 21:18:38,116 [1c893cf2-42ed-44e2-a93b-04c4be59773d@group-F79942DAF1B7-LeaderElection75] INFO  server.RaftServerConfigKeys (ConfUtils.java:logGet(43)) - raft.server.watch.element-limit = 65536 (default)
2019-10-02 21:18:38,121 [1c893cf2-42ed-44e2-a93b-04c4be59773d@group-F79942DAF1B7-LeaderElection75] INFO  server.RaftServerConfigKeys (ConfUtils.java:logGet(43)) - raft.server.log.appender.snapshot.chunk.size.max = 16MB (=16777216) (default)
2019-10-02 21:18:38,121 [1c893cf2-42ed-44e2-a93b-04c4be59773d@group-F79942DAF1B7-LeaderElection75] INFO  server.RaftServerConfigKeys (ConfUtils.java:logGet(43)) - raft.server.log.appender.buffer.byte-limit = 33554432 (custom)
2019-10-02 21:18:38,121 [1c893cf2-42ed-44e2-a93b-04c4be59773d@group-F79942DAF1B7-LeaderElection75] INFO  server.RaftServerConfigKeys (ConfUtils.java:logGet(43)) - raft.server.log.appender.buffer.element-limit = 1 (custom)
2019-10-02 21:18:38,122 [1c893cf2-42ed-44e2-a93b-04c4be59773d@group-F79942DAF1B7-LeaderElection75] INFO  grpc.GrpcConfigKeys$Server (ConfUtils.java:logGet(43)) - raft.grpc.server.leader.outstanding.appends.max = 128 (default)
2019-10-02 21:18:38,122 [1c893cf2-42ed-44e2-a93b-04c4be59773d@group-F79942DAF1B7-LeaderElection75] INFO  server.RaftServerConfigKeys (ConfUtils.java:logGet(43)) - raft.server.rpc.request.timeout = 3000ms (default)
2019-10-02 21:18:38,122 [1c893cf2-42ed-44e2-a93b-04c4be59773d@group-F79942DAF1B7-LeaderElection75] INFO  server.RaftServerConfigKeys (ConfUtils.java:logGet(43)) - raft.server.log.appender.install.snapshot.enabled = false (custom)
2019-10-02 21:18:38,122 [1c893cf2-42ed-44e2-a93b-04c4be59773d@group-F79942DAF1B7-LeaderElection75] INFO  server.RaftServerConfigKeys (ConfUtils.java:logGet(43)) - raft.server.log.appender.snapshot.chunk.size.max = 16MB (=16777216) (default)
2019-10-02 21:18:38,123 [1c893cf2-42ed-44e2-a93b-04c4be59773d@group-F79942DAF1B7-LeaderElection75] INFO  server.RaftServerConfigKeys (ConfUtils.java:logGet(43)) - raft.server.log.appender.buffer.byte-limit = 33554432 (custom)
2019-10-02 21:18:38,123 [1c893cf2-42ed-44e2-a93b-04c4be59773d@group-F79942DAF1B7-LeaderElection75] INFO  server.RaftServerConfigKeys (ConfUtils.java:logGet(43)) - raft.server.log.appender.buffer.element-limit = 1 (custom)
2019-10-02 21:18:38,123 [1c893cf2-42ed-44e2-a93b-04c4be59773d@group-F79942DAF1B7-LeaderElection75] INFO  grpc.GrpcConfigKeys$Server (ConfUtils.java:logGet(43)) - raft.grpc.server.leader.outstanding.appends.max = 128 (default)
2019-10-02 21:18:38,123 [1c893cf2-42ed-44e2-a93b-04c4be59773d@group-F79942DAF1B7-LeaderElection75] INFO  server.RaftServerConfigKeys (ConfUtils.java:logGet(43)) - raft.server.rpc.request.timeout = 3000ms (default)
2019-10-02 21:18:38,123 [1c893cf2-42ed-44e2-a93b-04c4be59773d@group-F79942DAF1B7-LeaderElection75] INFO  server.RaftServerConfigKeys (ConfUtils.java:logGet(43)) - raft.server.log.appender.install.snapshot.enabled = false (custom)
2019-10-02 21:18:38,124 [1c893cf2-42ed-44e2-a93b-04c4be59773d@group-F79942DAF1B7-LeaderElection75] INFO  impl.RoleInfo (RoleInfo.java:updateAndGet(143)) - 1c893cf2-42ed-44e2-a93b-04c4be59773d: start LeaderState
2019-10-02 21:18:38,124 [1c893cf2-42ed-44e2-a93b-04c4be59773d@group-F79942DAF1B7-LeaderElection75] INFO  segmented.SegmentedRaftLogWorker (SegmentedRaftLogWorker.java:rollLogSegment(390)) - 1c893cf2-42ed-44e2-a93b-04c4be59773d@group-F79942DAF1B7-SegmentedRaftLogWorker: Rolling segment log-0_15 to index:15
2019-10-02 21:18:38,126 [1c893cf2-42ed-44e2-a93b-04c4be59773d@group-F79942DAF1B7-SegmentedRaftLogWorker] INFO  segmented.SegmentedRaftLogWorker (SegmentedRaftLogWorker.java:execute(531)) - 1c893cf2-42ed-44e2-a93b-04c4be59773d@group-F79942DAF1B7-SegmentedRaftLogWorker: Rolled log segment from /workdir/hadoop-ozone/integration-test/target/test-dir/MiniOzoneClusterImpl-25ddea64-d207-408c-b907-17765ca49936/datanode-2/data/ratis/d42bb959-4708-4b58-aa62-f79942daf1b7/current/log_inprogress_0 to /workdir/hadoop-ozone/integration-test/target/test-dir/MiniOzoneClusterImpl-25ddea64-d207-408c-b907-17765ca49936/datanode-2/data/ratis/d42bb959-4708-4b58-aa62-f79942daf1b7/current/log_0-15
2019-10-02 21:18:38,129 [1c893cf2-42ed-44e2-a93b-04c4be59773d@group-F79942DAF1B7-LeaderElection75] INFO  impl.RaftServerImpl (ServerState.java:setRaftConf(356)) - 1c893cf2-42ed-44e2-a93b-04c4be59773d@group-F79942DAF1B7: set configuration 16: [1c893cf2-42ed-44e2-a93b-04c4be59773d:192.168.151.122:35490, 480ea95e-ee97-48dd-ba86-160bad61f78a:192.168.151.122:40548, 2e6c7c75-c299-4730-9b1b-71cf3d67f0ed:192.168.151.122:45222], old=null at 16
2019-10-02 21:18:38,129 [grpc-default-executor-11] WARN  server.GrpcLogAppender (LogUtils.java:warn(134)) - 1c893cf2-42ed-44e2-a93b-04c4be59773d@group-F79942DAF1B7->480ea95e-ee97-48dd-ba86-160bad61f78a-AppendLogResponseHandler: Failed appendEntries: org.apache.ratis.thirdparty.io.grpc.StatusRuntimeException: UNAVAILABLE: io exception
2019-10-02 21:18:38,159 [grpc-default-executor-11] INFO  impl.FollowerInfo (FollowerInfo.java:lambda$new$0(51)) - 1c893cf2-42ed-44e2-a93b-04c4be59773d@group-F79942DAF1B7->480ea95e-ee97-48dd-ba86-160bad61f78a: nextIndex: updateUnconditionally 16 -> 1
2019-10-02 21:18:38,160 [grpc-default-executor-11] INFO  impl.RaftServerImpl (ServerState.java:setLeader(255)) - 2e6c7c75-c299-4730-9b1b-71cf3d67f0ed@group-F79942DAF1B7: change Leader from null to 1c893cf2-42ed-44e2-a93b-04c4be59773d at term 2 for appendEntries, leader elected after 67ms
2019-10-02 21:18:38,163 [grpc-default-executor-10] INFO  impl.RaftServerImpl (ServerState.java:setRaftConf(356)) - 2e6c7c75-c299-4730-9b1b-71cf3d67f0ed@group-F79942DAF1B7: set configuration 16: [1c893cf2-42ed-44e2-a93b-04c4be59773d:192.168.151.122:35490, 480ea95e-ee97-48dd-ba86-160bad61f78a:192.168.151.122:40548, 2e6c7c75-c299-4730-9b1b-71cf3d67f0ed:192.168.151.122:45222], old=null at 16
2019-10-02 21:18:38,163 [grpc-default-executor-10] INFO  segmented.SegmentedRaftLogWorker (SegmentedRaftLogWorker.java:rollLogSegment(390)) - 2e6c7c75-c299-4730-9b1b-71cf3d67f0ed@group-F79942DAF1B7-SegmentedRaftLogWorker: Rolling segment log-0_15 to index:15
2019-10-02 21:18:38,164 [2e6c7c75-c299-4730-9b1b-71cf3d67f0ed@group-F79942DAF1B7-SegmentedRaftLogWorker] INFO  segmented.SegmentedRaftLogWorker (SegmentedRaftLogWorker.java:execute(531)) - 2e6c7c75-c299-4730-9b1b-71cf3d67f0ed@group-F79942DAF1B7-SegmentedRaftLogWorker: Rolled log segment from /workdir/hadoop-ozone/integration-test/target/test-dir/MiniOzoneClusterImpl-25ddea64-d207-408c-b907-17765ca49936/datanode-0/data/ratis/d42bb959-4708-4b58-aa62-f79942daf1b7/current/log_inprogress_0 to /workdir/hadoop-ozone/integration-test/target/test-dir/MiniOzoneClusterImpl-25ddea64-d207-408c-b907-17765ca49936/datanode-0/data/ratis/d42bb959-4708-4b58-aa62-f79942daf1b7/current/log_0-15
2019-10-02 21:18:38,170 [1c893cf2-42ed-44e2-a93b-04c4be59773d@group-F79942DAF1B7-SegmentedRaftLogWorker] INFO  segmented.SegmentedRaftLogWorker (SegmentedRaftLogWorker.java:execute(574)) - 1c893cf2-42ed-44e2-a93b-04c4be59773d@group-F79942DAF1B7-SegmentedRaftLogWorker: created new log segment /workdir/hadoop-ozone/integration-test/target/test-dir/MiniOzoneClusterImpl-25ddea64-d207-408c-b907-17765ca49936/datanode-2/data/ratis/d42bb959-4708-4b58-aa62-f79942daf1b7/current/log_inprogress_16
2019-10-02 21:18:38,210 [2e6c7c75-c299-4730-9b1b-71cf3d67f0ed@group-F79942DAF1B7-SegmentedRaftLogWorker] INFO  segmented.SegmentedRaftLogWorker (SegmentedRaftLogWorker.java:execute(574)) - 2e6c7c75-c299-4730-9b1b-71cf3d67f0ed@group-F79942DAF1B7-SegmentedRaftLogWorker: created new log segment /workdir/hadoop-ozone/integration-test/target/test-dir/MiniOzoneClusterImpl-25ddea64-d207-408c-b907-17765ca49936/datanode-0/data/ratis/d42bb959-4708-4b58-aa62-f79942daf1b7/current/log_inprogress_16
2019-10-02 21:18:38,235 [grpc-default-executor-10] WARN  server.GrpcLogAppender (LogUtils.java:warn(134)) - 1c893cf2-42ed-44e2-a93b-04c4be59773d@group-F79942DAF1B7->480ea95e-ee97-48dd-ba86-160bad61f78a-AppendLogResponseHandler: Failed appendEntries: org.apache.ratis.thirdparty.io.grpc.StatusRuntimeException: UNAVAILABLE: io exception
2019-10-02 21:18:38,235 [grpc-default-executor-10] INFO  impl.FollowerInfo (FollowerInfo.java:lambda$new$0(51)) - 1c893cf2-42ed-44e2-a93b-04c4be59773d@group-F79942DAF1B7->480ea95e-ee97-48dd-ba86-160bad61f78a: nextIndex: updateUnconditionally 2 -> 1
2019-10-02 21:18:38,244 [grpc-default-executor-3] WARN  server.GrpcLogAppender (LogUtils.java:warn(134)) - 1c893cf2-42ed-44e2-a93b-04c4be59773d@group-F79942DAF1B7->480ea95e-ee97-48dd-ba86-160bad61f78a-AppendLogResponseHandler: Failed appendEntries: org.apache.ratis.thirdparty.io.grpc.StatusRuntimeException: UNAVAILABLE: io exception
2019-10-02 21:18:38,244 [grpc-default-executor-3] INFO  impl.FollowerInfo (FollowerInfo.java:lambda$new$0(51)) - 1c893cf2-42ed-44e2-a93b-04c4be59773d@group-F79942DAF1B7->480ea95e-ee97-48dd-ba86-160bad61f78a: nextIndex: updateUnconditionally 2 -> 1
21:18:39.068 [grpc-default-executor-3] ERROR DNAudit - user=null | ip=null | op=WRITE_CHUNK {blockData=conID: 1 locID: 102894868772814861 bcsId: 13} | ret=FAILURE
org.apache.hadoop.hdds.scm.container.common.helpers.ContainerNotOpenException: Container 1 in CLOSING state
	at org.apache.hadoop.ozone.container.common.impl.HddsDispatcher.validateContainerCommand(HddsDispatcher.java:434) ~[hadoop-hdds-container-service-0.5.0-SNAPSHOT.jar:?]
	at org.apache.hadoop.ozone.container.common.transport.server.ratis.ContainerStateMachine.startTransaction(ContainerStateMachine.java:315) ~[hadoop-hdds-container-service-0.5.0-SNAPSHOT.jar:?]
	at org.apache.ratis.server.impl.RaftServerImpl.submitClientRequestAsync(RaftServerImpl.java:569) ~[ratis-server-0.5.0-201fc85-SNAPSHOT.jar:0.5.0-201fc85-SNAPSHOT]
	at org.apache.ratis.server.impl.RaftServerProxy.lambda$submitClientRequestAsync$7(RaftServerProxy.java:333) ~[ratis-server-0.5.0-201fc85-SNAPSHOT.jar:0.5.0-201fc85-SNAPSHOT]
	at org.apache.ratis.server.impl.RaftServerProxy.lambda$null$5(RaftServerProxy.java:328) ~[ratis-server-0.5.0-201fc85-SNAPSHOT.jar:0.5.0-201fc85-SNAPSHOT]
	at org.apache.ratis.util.JavaUtils.callAsUnchecked(JavaUtils.java:109) ~[ratis-common-0.5.0-201fc85-SNAPSHOT.jar:0.5.0-201fc85-SNAPSHOT]
	at org.apache.ratis.server.impl.RaftServerProxy.lambda$submitRequest$6(RaftServerProxy.java:328) ~[ratis-server-0.5.0-201fc85-SNAPSHOT.jar:0.5.0-201fc85-SNAPSHOT]
	at java.util.concurrent.CompletableFuture.uniComposeStage(CompletableFuture.java:981) ~[?:1.8.0_212]
	at java.util.concurrent.CompletableFuture.thenCompose(CompletableFuture.java:2124) ~[?:1.8.0_212]
	at org.apache.ratis.server.impl.RaftServerProxy.submitRequest(RaftServerProxy.java:327) ~[ratis-server-0.5.0-201fc85-SNAPSHOT.jar:0.5.0-201fc85-SNAPSHOT]
	at org.apache.ratis.server.impl.RaftServerProxy.submitClientRequestAsync(RaftServerProxy.java:333) ~[ratis-server-0.5.0-201fc85-SNAPSHOT.jar:0.5.0-201fc85-SNAPSHOT]
	at org.apache.ratis.grpc.client.GrpcClientProtocolService$RequestStreamObserver.processClientRequest(GrpcClientProtocolService.java:220) ~[ratis-grpc-0.5.0-201fc85-SNAPSHOT.jar:0.5.0-201fc85-SNAPSHOT]
	at org.apache.ratis.grpc.client.GrpcClientProtocolService$OrderedRequestStreamObserver.processClientRequest(GrpcClientProtocolService.java:326) ~[ratis-grpc-0.5.0-201fc85-SNAPSHOT.jar:0.5.0-201fc85-SNAPSHOT]
	at org.apache.ratis.util.SlidingWindow$Server.processRequestsFromHead(SlidingWindow.java:429) [ratis-common-0.5.0-201fc85-SNAPSHOT.jar:0.5.0-201fc85-SNAPSHOT]
	at org.apache.ratis.util.SlidingWindow$Server.receivedRequest(SlidingWindow.java:421) [ratis-common-0.5.0-201fc85-SNAPSHOT.jar:0.5.0-201fc85-SNAPSHOT]
	at org.apache.ratis.grpc.client.GrpcClientProtocolService$OrderedRequestStreamObserver.processClientRequest(GrpcClientProtocolService.java:345) [ratis-grpc-0.5.0-201fc85-SNAPSHOT.jar:0.5.0-201fc85-SNAPSHOT]
	at org.apache.ratis.grpc.client.GrpcClientProtocolService$RequestStreamObserver.onNext(GrpcClientProtocolService.java:240) [ratis-grpc-0.5.0-201fc85-SNAPSHOT.jar:0.5.0-201fc85-SNAPSHOT]
	at org.apache.ratis.grpc.client.GrpcClientProtocolService$RequestStreamObserver.onNext(GrpcClientProtocolService.java:168) [ratis-grpc-0.5.0-201fc85-SNAPSHOT.jar:0.5.0-201fc85-SNAPSHOT]
	at org.apache.ratis.thirdparty.io.grpc.stub.ServerCalls$StreamingServerCallHandler$StreamingServerCallListener.onMessage(ServerCalls.java:248) [ratis-thirdparty-misc-0.2.0.jar:0.2.0]
	at org.apache.ratis.thirdparty.io.grpc.internal.ServerCallImpl$ServerStreamListenerImpl.messagesAvailable(ServerCallImpl.java:263) [ratis-thirdparty-misc-0.2.0.jar:0.2.0]
	at org.apache.ratis.thirdparty.io.grpc.internal.ServerImpl$JumpToApplicationThreadServerStreamListener$1MessagesAvailable.runInContext(ServerImpl.java:686) [ratis-thirdparty-misc-0.2.0.jar:0.2.0]
	at org.apache.ratis.thirdparty.io.grpc.internal.ContextRunnable.run(ContextRunnable.java:37) [ratis-thirdparty-misc-0.2.0.jar:0.2.0]
	at org.apache.ratis.thirdparty.io.grpc.internal.SerializingExecutor.run(SerializingExecutor.java:123) [ratis-thirdparty-misc-0.2.0.jar:0.2.0]
	at java.util.concurrent.ThreadPoolExecutor.runWorker(ThreadPoolExecutor.java:1149) [?:1.8.0_212]
	at java.util.concurrent.ThreadPoolExecutor$Worker.run(ThreadPoolExecutor.java:624) [?:1.8.0_212]
	at java.lang.Thread.run(Thread.java:748) [?:1.8.0_212]
21:18:39.087 [grpc-default-executor-10] ERROR DNAudit - user=null | ip=null | op=WRITE_CHUNK {blockData=conID: 1 locID: 102894868772814861 bcsId: 13} | ret=FAILURE
org.apache.hadoop.hdds.scm.container.common.helpers.ContainerNotOpenException: Container 1 in CLOSING state
	at org.apache.hadoop.ozone.container.common.impl.HddsDispatcher.validateContainerCommand(HddsDispatcher.java:434) ~[hadoop-hdds-container-service-0.5.0-SNAPSHOT.jar:?]
	at org.apache.hadoop.ozone.container.common.transport.server.ratis.ContainerStateMachine.startTransaction(ContainerStateMachine.java:315) ~[hadoop-hdds-container-service-0.5.0-SNAPSHOT.jar:?]
	at org.apache.ratis.server.impl.RaftServerImpl.submitClientRequestAsync(RaftServerImpl.java:569) ~[ratis-server-0.5.0-201fc85-SNAPSHOT.jar:0.5.0-201fc85-SNAPSHOT]
	at org.apache.ratis.server.impl.RaftServerProxy.lambda$submitClientRequestAsync$7(RaftServerProxy.java:333) ~[ratis-server-0.5.0-201fc85-SNAPSHOT.jar:0.5.0-201fc85-SNAPSHOT]
	at org.apache.ratis.server.impl.RaftServerProxy.lambda$null$5(RaftServerProxy.java:328) ~[ratis-server-0.5.0-201fc85-SNAPSHOT.jar:0.5.0-201fc85-SNAPSHOT]
	at org.apache.ratis.util.JavaUtils.callAsUnchecked(JavaUtils.java:109) ~[ratis-common-0.5.0-201fc85-SNAPSHOT.jar:0.5.0-201fc85-SNAPSHOT]
	at org.apache.ratis.server.impl.RaftServerProxy.lambda$submitRequest$6(RaftServerProxy.java:328) ~[ratis-server-0.5.0-201fc85-SNAPSHOT.jar:0.5.0-201fc85-SNAPSHOT]
	at java.util.concurrent.CompletableFuture.uniComposeStage(CompletableFuture.java:981) ~[?:1.8.0_212]
	at java.util.concurrent.CompletableFuture.thenCompose(CompletableFuture.java:2124) ~[?:1.8.0_212]
	at org.apache.ratis.server.impl.RaftServerProxy.submitRequest(RaftServerProxy.java:327) ~[ratis-server-0.5.0-201fc85-SNAPSHOT.jar:0.5.0-201fc85-SNAPSHOT]
	at org.apache.ratis.server.impl.RaftServerProxy.submitClientRequestAsync(RaftServerProxy.java:333) ~[ratis-server-0.5.0-201fc85-SNAPSHOT.jar:0.5.0-201fc85-SNAPSHOT]
	at org.apache.ratis.grpc.client.GrpcClientProtocolService$RequestStreamObserver.processClientRequest(GrpcClientProtocolService.java:220) ~[ratis-grpc-0.5.0-201fc85-SNAPSHOT.jar:0.5.0-201fc85-SNAPSHOT]
	at org.apache.ratis.grpc.client.GrpcClientProtocolService$OrderedRequestStreamObserver.processClientRequest(GrpcClientProtocolService.java:326) ~[ratis-grpc-0.5.0-201fc85-SNAPSHOT.jar:0.5.0-201fc85-SNAPSHOT]
	at org.apache.ratis.util.SlidingWindow$Server.processRequestsFromHead(SlidingWindow.java:429) [ratis-common-0.5.0-201fc85-SNAPSHOT.jar:0.5.0-201fc85-SNAPSHOT]
	at org.apache.ratis.util.SlidingWindow$Server.receivedRequest(SlidingWindow.java:421) [ratis-common-0.5.0-201fc85-SNAPSHOT.jar:0.5.0-201fc85-SNAPSHOT]
	at org.apache.ratis.grpc.client.GrpcClientProtocolService$OrderedRequestStreamObserver.processClientRequest(GrpcClientProtocolService.java:345) [ratis-grpc-0.5.0-201fc85-SNAPSHOT.jar:0.5.0-201fc85-SNAPSHOT]
	at org.apache.ratis.grpc.client.GrpcClientProtocolService$RequestStreamObserver.onNext(GrpcClientProtocolService.java:240) [ratis-grpc-0.5.0-201fc85-SNAPSHOT.jar:0.5.0-201fc85-SNAPSHOT]
	at org.apache.ratis.grpc.client.GrpcClientProtocolService$RequestStreamObserver.onNext(GrpcClientProtocolService.java:168) [ratis-grpc-0.5.0-201fc85-SNAPSHOT.jar:0.5.0-201fc85-SNAPSHOT]
	at org.apache.ratis.thirdparty.io.grpc.stub.ServerCalls$StreamingServerCallHandler$StreamingServerCallListener.onMessage(ServerCalls.java:248) [ratis-thirdparty-misc-0.2.0.jar:0.2.0]
	at org.apache.ratis.thirdparty.io.grpc.internal.ServerCallImpl$ServerStreamListenerImpl.messagesAvailable(ServerCallImpl.java:263) [ratis-thirdparty-misc-0.2.0.jar:0.2.0]
	at org.apache.ratis.thirdparty.io.grpc.internal.ServerImpl$JumpToApplicationThreadServerStreamListener$1MessagesAvailable.runInContext(ServerImpl.java:686) [ratis-thirdparty-misc-0.2.0.jar:0.2.0]
	at org.apache.ratis.thirdparty.io.grpc.internal.ContextRunnable.run(ContextRunnable.java:37) [ratis-thirdparty-misc-0.2.0.jar:0.2.0]
	at org.apache.ratis.thirdparty.io.grpc.internal.SerializingExecutor.run(SerializingExecutor.java:123) [ratis-thirdparty-misc-0.2.0.jar:0.2.0]
	at java.util.concurrent.ThreadPoolExecutor.runWorker(ThreadPoolExecutor.java:1149) [?:1.8.0_212]
	at java.util.concurrent.ThreadPoolExecutor$Worker.run(ThreadPoolExecutor.java:624) [?:1.8.0_212]
	at java.lang.Thread.run(Thread.java:748) [?:1.8.0_212]
21:18:39.095 [grpc-default-executor-10] ERROR DNAudit - user=null | ip=null | op=PUT_BLOCK {blockData=[blockId=conID: 1 locID: 102894868772814861 bcsId: 0,size=650]} | ret=FAILURE
org.apache.hadoop.hdds.scm.container.common.helpers.ContainerNotOpenException: Container 1 in CLOSING state
	at org.apache.hadoop.ozone.container.common.impl.HddsDispatcher.validateContainerCommand(HddsDispatcher.java:434) ~[hadoop-hdds-container-service-0.5.0-SNAPSHOT.jar:?]
	at org.apache.hadoop.ozone.container.common.transport.server.ratis.ContainerStateMachine.startTransaction(ContainerStateMachine.java:315) ~[hadoop-hdds-container-service-0.5.0-SNAPSHOT.jar:?]
	at org.apache.ratis.server.impl.RaftServerImpl.submitClientRequestAsync(RaftServerImpl.java:569) ~[ratis-server-0.5.0-201fc85-SNAPSHOT.jar:0.5.0-201fc85-SNAPSHOT]
	at org.apache.ratis.server.impl.RaftServerProxy.lambda$submitClientRequestAsync$7(RaftServerProxy.java:333) ~[ratis-server-0.5.0-201fc85-SNAPSHOT.jar:0.5.0-201fc85-SNAPSHOT]
	at org.apache.ratis.server.impl.RaftServerProxy.lambda$null$5(RaftServerProxy.java:328) ~[ratis-server-0.5.0-201fc85-SNAPSHOT.jar:0.5.0-201fc85-SNAPSHOT]
	at org.apache.ratis.util.JavaUtils.callAsUnchecked(JavaUtils.java:109) ~[ratis-common-0.5.0-201fc85-SNAPSHOT.jar:0.5.0-201fc85-SNAPSHOT]
	at org.apache.ratis.server.impl.RaftServerProxy.lambda$submitRequest$6(RaftServerProxy.java:328) ~[ratis-server-0.5.0-201fc85-SNAPSHOT.jar:0.5.0-201fc85-SNAPSHOT]
	at java.util.concurrent.CompletableFuture.uniComposeStage(CompletableFuture.java:981) ~[?:1.8.0_212]
	at java.util.concurrent.CompletableFuture.thenCompose(CompletableFuture.java:2124) ~[?:1.8.0_212]
	at org.apache.ratis.server.impl.RaftServerProxy.submitRequest(RaftServerProxy.java:327) ~[ratis-server-0.5.0-201fc85-SNAPSHOT.jar:0.5.0-201fc85-SNAPSHOT]
	at org.apache.ratis.server.impl.RaftServerProxy.submitClientRequestAsync(RaftServerProxy.java:333) ~[ratis-server-0.5.0-201fc85-SNAPSHOT.jar:0.5.0-201fc85-SNAPSHOT]
	at org.apache.ratis.grpc.client.GrpcClientProtocolService$RequestStreamObserver.processClientRequest(GrpcClientProtocolService.java:220) ~[ratis-grpc-0.5.0-201fc85-SNAPSHOT.jar:0.5.0-201fc85-SNAPSHOT]
	at org.apache.ratis.grpc.client.GrpcClientProtocolService$OrderedRequestStreamObserver.processClientRequest(GrpcClientProtocolService.java:326) ~[ratis-grpc-0.5.0-201fc85-SNAPSHOT.jar:0.5.0-201fc85-SNAPSHOT]
	at org.apache.ratis.util.SlidingWindow$Server.processRequestsFromHead(SlidingWindow.java:429) [ratis-common-0.5.0-201fc85-SNAPSHOT.jar:0.5.0-201fc85-SNAPSHOT]
	at org.apache.ratis.util.SlidingWindow$Server.receivedRequest(SlidingWindow.java:421) [ratis-common-0.5.0-201fc85-SNAPSHOT.jar:0.5.0-201fc85-SNAPSHOT]
	at org.apache.ratis.grpc.client.GrpcClientProtocolService$OrderedRequestStreamObserver.processClientRequest(GrpcClientProtocolService.java:345) [ratis-grpc-0.5.0-201fc85-SNAPSHOT.jar:0.5.0-201fc85-SNAPSHOT]
	at org.apache.ratis.grpc.client.GrpcClientProtocolService$RequestStreamObserver.onNext(GrpcClientProtocolService.java:240) [ratis-grpc-0.5.0-201fc85-SNAPSHOT.jar:0.5.0-201fc85-SNAPSHOT]
	at org.apache.ratis.grpc.client.GrpcClientProtocolService$RequestStreamObserver.onNext(GrpcClientProtocolService.java:168) [ratis-grpc-0.5.0-201fc85-SNAPSHOT.jar:0.5.0-201fc85-SNAPSHOT]
	at org.apache.ratis.thirdparty.io.grpc.stub.ServerCalls$StreamingServerCallHandler$StreamingServerCallListener.onMessage(ServerCalls.java:248) [ratis-thirdparty-misc-0.2.0.jar:0.2.0]
	at org.apache.ratis.thirdparty.io.grpc.internal.ServerCallImpl$ServerStreamListenerImpl.messagesAvailable(ServerCallImpl.java:263) [ratis-thirdparty-misc-0.2.0.jar:0.2.0]
	at org.apache.ratis.thirdparty.io.grpc.internal.ServerImpl$JumpToApplicationThreadServerStreamListener$1MessagesAvailable.runInContext(ServerImpl.java:686) [ratis-thirdparty-misc-0.2.0.jar:0.2.0]
	at org.apache.ratis.thirdparty.io.grpc.internal.ContextRunnable.run(ContextRunnable.java:37) [ratis-thirdparty-misc-0.2.0.jar:0.2.0]
	at org.apache.ratis.thirdparty.io.grpc.internal.SerializingExecutor.run(SerializingExecutor.java:123) [ratis-thirdparty-misc-0.2.0.jar:0.2.0]
	at java.util.concurrent.ThreadPoolExecutor.runWorker(ThreadPoolExecutor.java:1149) [?:1.8.0_212]
	at java.util.concurrent.ThreadPoolExecutor$Worker.run(ThreadPoolExecutor.java:624) [?:1.8.0_212]
	at java.lang.Thread.run(Thread.java:748) [?:1.8.0_212]
21:18:39.104 [grpc-default-executor-10] ERROR DNAudit - user=null | ip=null | op=WRITE_CHUNK {blockData=conID: 1 locID: 102894868772814861 bcsId: 13} | ret=FAILURE
org.apache.hadoop.hdds.scm.container.common.helpers.ContainerNotOpenException: Container 1 in CLOSING state
	at org.apache.hadoop.ozone.container.common.impl.HddsDispatcher.validateContainerCommand(HddsDispatcher.java:434) ~[hadoop-hdds-container-service-0.5.0-SNAPSHOT.jar:?]
	at org.apache.hadoop.ozone.container.common.transport.server.ratis.ContainerStateMachine.startTransaction(ContainerStateMachine.java:315) ~[hadoop-hdds-container-service-0.5.0-SNAPSHOT.jar:?]
	at org.apache.ratis.server.impl.RaftServerImpl.submitClientRequestAsync(RaftServerImpl.java:569) ~[ratis-server-0.5.0-201fc85-SNAPSHOT.jar:0.5.0-201fc85-SNAPSHOT]
	at org.apache.ratis.server.impl.RaftServerProxy.lambda$submitClientRequestAsync$7(RaftServerProxy.java:333) ~[ratis-server-0.5.0-201fc85-SNAPSHOT.jar:0.5.0-201fc85-SNAPSHOT]
	at org.apache.ratis.server.impl.RaftServerProxy.lambda$null$5(RaftServerProxy.java:328) ~[ratis-server-0.5.0-201fc85-SNAPSHOT.jar:0.5.0-201fc85-SNAPSHOT]
	at org.apache.ratis.util.JavaUtils.callAsUnchecked(JavaUtils.java:109) ~[ratis-common-0.5.0-201fc85-SNAPSHOT.jar:0.5.0-201fc85-SNAPSHOT]
	at org.apache.ratis.server.impl.RaftServerProxy.lambda$submitRequest$6(RaftServerProxy.java:328) ~[ratis-server-0.5.0-201fc85-SNAPSHOT.jar:0.5.0-201fc85-SNAPSHOT]
	at java.util.concurrent.CompletableFuture.uniComposeStage(CompletableFuture.java:981) ~[?:1.8.0_212]
	at java.util.concurrent.CompletableFuture.thenCompose(CompletableFuture.java:2124) ~[?:1.8.0_212]
	at org.apache.ratis.server.impl.RaftServerProxy.submitRequest(RaftServerProxy.java:327) ~[ratis-server-0.5.0-201fc85-SNAPSHOT.jar:0.5.0-201fc85-SNAPSHOT]
	at org.apache.ratis.server.impl.RaftServerProxy.submitClientRequestAsync(RaftServerProxy.java:333) ~[ratis-server-0.5.0-201fc85-SNAPSHOT.jar:0.5.0-201fc85-SNAPSHOT]
	at org.apache.ratis.grpc.client.GrpcClientProtocolService$RequestStreamObserver.processClientRequest(GrpcClientProtocolService.java:220) ~[ratis-grpc-0.5.0-201fc85-SNAPSHOT.jar:0.5.0-201fc85-SNAPSHOT]
	at org.apache.ratis.grpc.client.GrpcClientProtocolService$OrderedRequestStreamObserver.processClientRequest(GrpcClientProtocolService.java:326) ~[ratis-grpc-0.5.0-201fc85-SNAPSHOT.jar:0.5.0-201fc85-SNAPSHOT]
	at org.apache.ratis.util.SlidingWindow$Server.processRequestsFromHead(SlidingWindow.java:429) [ratis-common-0.5.0-201fc85-SNAPSHOT.jar:0.5.0-201fc85-SNAPSHOT]
	at org.apache.ratis.util.SlidingWindow$Server.receivedRequest(SlidingWindow.java:421) [ratis-common-0.5.0-201fc85-SNAPSHOT.jar:0.5.0-201fc85-SNAPSHOT]
	at org.apache.ratis.grpc.client.GrpcClientProtocolService$OrderedRequestStreamObserver.processClientRequest(GrpcClientProtocolService.java:345) [ratis-grpc-0.5.0-201fc85-SNAPSHOT.jar:0.5.0-201fc85-SNAPSHOT]
	at org.apache.ratis.grpc.client.GrpcClientProtocolService$RequestStreamObserver.onNext(GrpcClientProtocolService.java:240) [ratis-grpc-0.5.0-201fc85-SNAPSHOT.jar:0.5.0-201fc85-SNAPSHOT]
	at org.apache.ratis.grpc.client.GrpcClientProtocolService$RequestStreamObserver.onNext(GrpcClientProtocolService.java:168) [ratis-grpc-0.5.0-201fc85-SNAPSHOT.jar:0.5.0-201fc85-SNAPSHOT]
	at org.apache.ratis.thirdparty.io.grpc.stub.ServerCalls$StreamingServerCallHandler$StreamingServerCallListener.onMessage(ServerCalls.java:248) [ratis-thirdparty-misc-0.2.0.jar:0.2.0]
	at org.apache.ratis.thirdparty.io.grpc.internal.ServerCallImpl$ServerStreamListenerImpl.messagesAvailable(ServerCallImpl.java:263) [ratis-thirdparty-misc-0.2.0.jar:0.2.0]
	at org.apache.ratis.thirdparty.io.grpc.internal.ServerImpl$JumpToApplicationThreadServerStreamListener$1MessagesAvailable.runInContext(ServerImpl.java:686) [ratis-thirdparty-misc-0.2.0.jar:0.2.0]
	at org.apache.ratis.thirdparty.io.grpc.internal.ContextRunnable.run(ContextRunnable.java:37) [ratis-thirdparty-misc-0.2.0.jar:0.2.0]
	at org.apache.ratis.thirdparty.io.grpc.internal.SerializingExecutor.run(SerializingExecutor.java:123) [ratis-thirdparty-misc-0.2.0.jar:0.2.0]
	at java.util.concurrent.ThreadPoolExecutor.runWorker(ThreadPoolExecutor.java:1149) [?:1.8.0_212]
	at java.util.concurrent.ThreadPoolExecutor$Worker.run(ThreadPoolExecutor.java:624) [?:1.8.0_212]
	at java.lang.Thread.run(Thread.java:748) [?:1.8.0_212]
21:18:39.106 [grpc-default-executor-10] ERROR DNAudit - user=null | ip=null | op=WRITE_CHUNK {blockData=conID: 1 locID: 102894868772814861 bcsId: 13} | ret=FAILURE
org.apache.hadoop.hdds.scm.container.common.helpers.ContainerNotOpenException: Container 1 in CLOSING state
	at org.apache.hadoop.ozone.container.common.impl.HddsDispatcher.validateContainerCommand(HddsDispatcher.java:434) ~[hadoop-hdds-container-service-0.5.0-SNAPSHOT.jar:?]
	at org.apache.hadoop.ozone.container.common.transport.server.ratis.ContainerStateMachine.startTransaction(ContainerStateMachine.java:315) ~[hadoop-hdds-container-service-0.5.0-SNAPSHOT.jar:?]
	at org.apache.ratis.server.impl.RaftServerImpl.submitClientRequestAsync(RaftServerImpl.java:569) ~[ratis-server-0.5.0-201fc85-SNAPSHOT.jar:0.5.0-201fc85-SNAPSHOT]
	at org.apache.ratis.server.impl.RaftServerProxy.lambda$submitClientRequestAsync$7(RaftServerProxy.java:333) ~[ratis-server-0.5.0-201fc85-SNAPSHOT.jar:0.5.0-201fc85-SNAPSHOT]
	at org.apache.ratis.server.impl.RaftServerProxy.lambda$null$5(RaftServerProxy.java:328) ~[ratis-server-0.5.0-201fc85-SNAPSHOT.jar:0.5.0-201fc85-SNAPSHOT]
	at org.apache.ratis.util.JavaUtils.callAsUnchecked(JavaUtils.java:109) ~[ratis-common-0.5.0-201fc85-SNAPSHOT.jar:0.5.0-201fc85-SNAPSHOT]
	at org.apache.ratis.server.impl.RaftServerProxy.lambda$submitRequest$6(RaftServerProxy.java:328) ~[ratis-server-0.5.0-201fc85-SNAPSHOT.jar:0.5.0-201fc85-SNAPSHOT]
	at java.util.concurrent.CompletableFuture.uniComposeStage(CompletableFuture.java:981) ~[?:1.8.0_212]
	at java.util.concurrent.CompletableFuture.thenCompose(CompletableFuture.java:2124) ~[?:1.8.0_212]
	at org.apache.ratis.server.impl.RaftServerProxy.submitRequest(RaftServerProxy.java:327) ~[ratis-server-0.5.0-201fc85-SNAPSHOT.jar:0.5.0-201fc85-SNAPSHOT]
	at org.apache.ratis.server.impl.RaftServerProxy.submitClientRequestAsync(RaftServerProxy.java:333) ~[ratis-server-0.5.0-201fc85-SNAPSHOT.jar:0.5.0-201fc85-SNAPSHOT]
	at org.apache.ratis.grpc.client.GrpcClientProtocolService$RequestStreamObserver.processClientRequest(GrpcClientProtocolService.java:220) ~[ratis-grpc-0.5.0-201fc85-SNAPSHOT.jar:0.5.0-201fc85-SNAPSHOT]
	at org.apache.ratis.grpc.client.GrpcClientProtocolService$OrderedRequestStreamObserver.processClientRequest(GrpcClientProtocolService.java:326) ~[ratis-grpc-0.5.0-201fc85-SNAPSHOT.jar:0.5.0-201fc85-SNAPSHOT]
	at org.apache.ratis.util.SlidingWindow$Server.processRequestsFromHead(SlidingWindow.java:429) [ratis-common-0.5.0-201fc85-SNAPSHOT.jar:0.5.0-201fc85-SNAPSHOT]
	at org.apache.ratis.util.SlidingWindow$Server.receivedRequest(SlidingWindow.java:421) [ratis-common-0.5.0-201fc85-SNAPSHOT.jar:0.5.0-201fc85-SNAPSHOT]
	at org.apache.ratis.grpc.client.GrpcClientProtocolService$OrderedRequestStreamObserver.processClientRequest(GrpcClientProtocolService.java:345) [ratis-grpc-0.5.0-201fc85-SNAPSHOT.jar:0.5.0-201fc85-SNAPSHOT]
	at org.apache.ratis.grpc.client.GrpcClientProtocolService$RequestStreamObserver.onNext(GrpcClientProtocolService.java:240) [ratis-grpc-0.5.0-201fc85-SNAPSHOT.jar:0.5.0-201fc85-SNAPSHOT]
	at org.apache.ratis.grpc.client.GrpcClientProtocolService$RequestStreamObserver.onNext(GrpcClientProtocolService.java:168) [ratis-grpc-0.5.0-201fc85-SNAPSHOT.jar:0.5.0-201fc85-SNAPSHOT]
	at org.apache.ratis.thirdparty.io.grpc.stub.ServerCalls$StreamingServerCallHandler$StreamingServerCallListener.onMessage(ServerCalls.java:248) [ratis-thirdparty-misc-0.2.0.jar:0.2.0]
	at org.apache.ratis.thirdparty.io.grpc.internal.ServerCallImpl$ServerStreamListenerImpl.messagesAvailable(ServerCallImpl.java:263) [ratis-thirdparty-misc-0.2.0.jar:0.2.0]
	at org.apache.ratis.thirdparty.io.grpc.internal.ServerImpl$JumpToApplicationThreadServerStreamListener$1MessagesAvailable.runInContext(ServerImpl.java:686) [ratis-thirdparty-misc-0.2.0.jar:0.2.0]
	at org.apache.ratis.thirdparty.io.grpc.internal.ContextRunnable.run(ContextRunnable.java:37) [ratis-thirdparty-misc-0.2.0.jar:0.2.0]
	at org.apache.ratis.thirdparty.io.grpc.internal.SerializingExecutor.run(SerializingExecutor.java:123) [ratis-thirdparty-misc-0.2.0.jar:0.2.0]
	at java.util.concurrent.ThreadPoolExecutor.runWorker(ThreadPoolExecutor.java:1149) [?:1.8.0_212]
	at java.util.concurrent.ThreadPoolExecutor$Worker.run(ThreadPoolExecutor.java:624) [?:1.8.0_212]
	at java.lang.Thread.run(Thread.java:748) [?:1.8.0_212]
21:18:39.113 [grpc-default-executor-10] ERROR DNAudit - user=null | ip=null | op=PUT_BLOCK {blockData=[blockId=conID: 1 locID: 102894868772814861 bcsId: 0,size=800]} | ret=FAILURE
org.apache.hadoop.hdds.scm.container.common.helpers.ContainerNotOpenException: Container 1 in CLOSING state
	at org.apache.hadoop.ozone.container.common.impl.HddsDispatcher.validateContainerCommand(HddsDispatcher.java:434) ~[hadoop-hdds-container-service-0.5.0-SNAPSHOT.jar:?]
	at org.apache.hadoop.ozone.container.common.transport.server.ratis.ContainerStateMachine.startTransaction(ContainerStateMachine.java:315) ~[hadoop-hdds-container-service-0.5.0-SNAPSHOT.jar:?]
	at org.apache.ratis.server.impl.RaftServerImpl.submitClientRequestAsync(RaftServerImpl.java:569) ~[ratis-server-0.5.0-201fc85-SNAPSHOT.jar:0.5.0-201fc85-SNAPSHOT]
	at org.apache.ratis.server.impl.RaftServerProxy.lambda$submitClientRequestAsync$7(RaftServerProxy.java:333) ~[ratis-server-0.5.0-201fc85-SNAPSHOT.jar:0.5.0-201fc85-SNAPSHOT]
	at org.apache.ratis.server.impl.RaftServerProxy.lambda$null$5(RaftServerProxy.java:328) ~[ratis-server-0.5.0-201fc85-SNAPSHOT.jar:0.5.0-201fc85-SNAPSHOT]
	at org.apache.ratis.util.JavaUtils.callAsUnchecked(JavaUtils.java:109) ~[ratis-common-0.5.0-201fc85-SNAPSHOT.jar:0.5.0-201fc85-SNAPSHOT]
	at org.apache.ratis.server.impl.RaftServerProxy.lambda$submitRequest$6(RaftServerProxy.java:328) ~[ratis-server-0.5.0-201fc85-SNAPSHOT.jar:0.5.0-201fc85-SNAPSHOT]
	at java.util.concurrent.CompletableFuture.uniComposeStage(CompletableFuture.java:981) ~[?:1.8.0_212]
	at java.util.concurrent.CompletableFuture.thenCompose(CompletableFuture.java:2124) ~[?:1.8.0_212]
	at org.apache.ratis.server.impl.RaftServerProxy.submitRequest(RaftServerProxy.java:327) ~[ratis-server-0.5.0-201fc85-SNAPSHOT.jar:0.5.0-201fc85-SNAPSHOT]
	at org.apache.ratis.server.impl.RaftServerProxy.submitClientRequestAsync(RaftServerProxy.java:333) ~[ratis-server-0.5.0-201fc85-SNAPSHOT.jar:0.5.0-201fc85-SNAPSHOT]
	at org.apache.ratis.grpc.client.GrpcClientProtocolService$RequestStreamObserver.processClientRequest(GrpcClientProtocolService.java:220) ~[ratis-grpc-0.5.0-201fc85-SNAPSHOT.jar:0.5.0-201fc85-SNAPSHOT]
	at org.apache.ratis.grpc.client.GrpcClientProtocolService$OrderedRequestStreamObserver.processClientRequest(GrpcClientProtocolService.java:326) ~[ratis-grpc-0.5.0-201fc85-SNAPSHOT.jar:0.5.0-201fc85-SNAPSHOT]
	at org.apache.ratis.util.SlidingWindow$Server.processRequestsFromHead(SlidingWindow.java:429) [ratis-common-0.5.0-201fc85-SNAPSHOT.jar:0.5.0-201fc85-SNAPSHOT]
	at org.apache.ratis.util.SlidingWindow$Server.receivedRequest(SlidingWindow.java:421) [ratis-common-0.5.0-201fc85-SNAPSHOT.jar:0.5.0-201fc85-SNAPSHOT]
	at org.apache.ratis.grpc.client.GrpcClientProtocolService$OrderedRequestStreamObserver.processClientRequest(GrpcClientProtocolService.java:345) [ratis-grpc-0.5.0-201fc85-SNAPSHOT.jar:0.5.0-201fc85-SNAPSHOT]
	at org.apache.ratis.grpc.client.GrpcClientProtocolService$RequestStreamObserver.onNext(GrpcClientProtocolService.java:240) [ratis-grpc-0.5.0-201fc85-SNAPSHOT.jar:0.5.0-201fc85-SNAPSHOT]
	at org.apache.ratis.grpc.client.GrpcClientProtocolService$RequestStreamObserver.onNext(GrpcClientProtocolService.java:168) [ratis-grpc-0.5.0-201fc85-SNAPSHOT.jar:0.5.0-201fc85-SNAPSHOT]
	at org.apache.ratis.thirdparty.io.grpc.stub.ServerCalls$StreamingServerCallHandler$StreamingServerCallListener.onMessage(ServerCalls.java:248) [ratis-thirdparty-misc-0.2.0.jar:0.2.0]
	at org.apache.ratis.thirdparty.io.grpc.internal.ServerCallImpl$ServerStreamListenerImpl.messagesAvailable(ServerCallImpl.java:263) [ratis-thirdparty-misc-0.2.0.jar:0.2.0]
	at org.apache.ratis.thirdparty.io.grpc.internal.ServerImpl$JumpToApplicationThreadServerStreamListener$1MessagesAvailable.runInContext(ServerImpl.java:686) [ratis-thirdparty-misc-0.2.0.jar:0.2.0]
	at org.apache.ratis.thirdparty.io.grpc.internal.ContextRunnable.run(ContextRunnable.java:37) [ratis-thirdparty-misc-0.2.0.jar:0.2.0]
	at org.apache.ratis.thirdparty.io.grpc.internal.SerializingExecutor.run(SerializingExecutor.java:123) [ratis-thirdparty-misc-0.2.0.jar:0.2.0]
	at java.util.concurrent.ThreadPoolExecutor.runWorker(ThreadPoolExecutor.java:1149) [?:1.8.0_212]
	at java.util.concurrent.ThreadPoolExecutor$Worker.run(ThreadPoolExecutor.java:624) [?:1.8.0_212]
	at java.lang.Thread.run(Thread.java:748) [?:1.8.0_212]
2019-10-02 21:18:40,465 [main] WARN  scm.XceiverClientRatis (XceiverClientRatis.java:watchForCommit(292)) - 3 way commit failed on pipeline Pipeline[ Id: 3503793f-27b9-4842-8666-c2cf2753b394, Nodes: 188d4931-1966-470e-bf45-48f1f3832163{ip: 192.168.151.122, host: pr-hdds-2200-trunk-mgnwx-192523005, networkLocation: /default-rack, certSerialId: null}5216852f-18dc-4290-a94d-0088d3583f0b{ip: 192.168.151.122, host: pr-hdds-2200-trunk-mgnwx-192523005, networkLocation: /default-rack, certSerialId: null}e6648afa-7a91-4543-9f1c-af23da2cc97c{ip: 192.168.151.122, host: pr-hdds-2200-trunk-mgnwx-192523005, networkLocation: /default-rack, certSerialId: null}, Type:RATIS, Factor:THREE, State:OPEN]
java.util.concurrent.TimeoutException
	at java.util.concurrent.CompletableFuture.timedGet(CompletableFuture.java:1771)
	at java.util.concurrent.CompletableFuture.get(CompletableFuture.java:1915)
	at org.apache.hadoop.hdds.scm.XceiverClientRatis.watchForCommit(XceiverClientRatis.java:289)
	at org.apache.hadoop.hdds.scm.storage.CommitWatcher.watchForCommit(CommitWatcher.java:194)
	at org.apache.hadoop.hdds.scm.storage.CommitWatcher.watchOnLastIndex(CommitWatcher.java:157)
	at org.apache.hadoop.hdds.scm.storage.BlockOutputStream.watchForCommit(BlockOutputStream.java:347)
	at org.apache.hadoop.hdds.scm.storage.BlockOutputStream.handleFlush(BlockOutputStream.java:479)
	at org.apache.hadoop.hdds.scm.storage.BlockOutputStream.flush(BlockOutputStream.java:428)
	at org.apache.hadoop.ozone.client.io.BlockOutputStreamEntry.flush(BlockOutputStreamEntry.java:136)
	at org.apache.hadoop.ozone.client.io.KeyOutputStream.handleFlushOrClose(KeyOutputStream.java:443)
	at org.apache.hadoop.ozone.client.io.KeyOutputStream.flush(KeyOutputStream.java:397)
	at org.apache.hadoop.ozone.client.io.OzoneOutputStream.flush(OzoneOutputStream.java:54)
	at org.apache.hadoop.ozone.client.rpc.TestBlockOutputStreamWithFailures.testWatchForCommitDatanodeFailure(TestBlockOutputStreamWithFailures.java:365)
	at sun.reflect.NativeMethodAccessorImpl.invoke0(Native Method)
	at sun.reflect.NativeMethodAccessorImpl.invoke(NativeMethodAccessorImpl.java:62)
	at sun.reflect.DelegatingMethodAccessorImpl.invoke(DelegatingMethodAccessorImpl.java:43)
	at java.lang.reflect.Method.invoke(Method.java:498)
	at org.junit.runners.model.FrameworkMethod$1.runReflectiveCall(FrameworkMethod.java:47)
	at org.junit.internal.runners.model.ReflectiveCallable.run(ReflectiveCallable.java:12)
	at org.junit.runners.model.FrameworkMethod.invokeExplosively(FrameworkMethod.java:44)
	at org.junit.internal.runners.statements.InvokeMethod.evaluate(InvokeMethod.java:17)
	at org.junit.internal.runners.statements.RunBefores.evaluate(RunBefores.java:26)
	at org.junit.internal.runners.statements.RunAfters.evaluate(RunAfters.java:27)
	at org.junit.runners.ParentRunner.runLeaf(ParentRunner.java:271)
	at org.junit.runners.BlockJUnit4ClassRunner.runChild(BlockJUnit4ClassRunner.java:70)
	at org.junit.runners.BlockJUnit4ClassRunner.runChild(BlockJUnit4ClassRunner.java:50)
	at org.junit.runners.ParentRunner$3.run(ParentRunner.java:238)
	at org.junit.runners.ParentRunner$1.schedule(ParentRunner.java:63)
	at org.junit.runners.ParentRunner.runChildren(ParentRunner.java:236)
	at org.junit.runners.ParentRunner.access$000(ParentRunner.java:53)
	at org.junit.runners.ParentRunner$2.evaluate(ParentRunner.java:229)
	at org.junit.runners.ParentRunner.run(ParentRunner.java:309)
	at org.apache.maven.surefire.junit4.JUnit4Provider.execute(JUnit4Provider.java:365)
	at org.apache.maven.surefire.junit4.JUnit4Provider.executeWithRerun(JUnit4Provider.java:273)
	at org.apache.maven.surefire.junit4.JUnit4Provider.executeTestSet(JUnit4Provider.java:238)
	at org.apache.maven.surefire.junit4.JUnit4Provider.invoke(JUnit4Provider.java:159)
	at org.apache.maven.surefire.booter.ForkedBooter.invokeProviderInSameClassLoader(ForkedBooter.java:384)
	at org.apache.maven.surefire.booter.ForkedBooter.runSuitesInProcess(ForkedBooter.java:345)
	at org.apache.maven.surefire.booter.ForkedBooter.execute(ForkedBooter.java:126)
	at org.apache.maven.surefire.booter.ForkedBooter.main(ForkedBooter.java:418)
2019-10-02 21:18:40,748 [grpc-default-executor-11] WARN  server.GrpcLogAppender (LogUtils.java:warn(134)) - 1c893cf2-42ed-44e2-a93b-04c4be59773d@group-F79942DAF1B7->480ea95e-ee97-48dd-ba86-160bad61f78a-AppendLogResponseHandler: Failed appendEntries: org.apache.ratis.thirdparty.io.grpc.StatusRuntimeException: UNAVAILABLE: io exception
2019-10-02 21:18:40,749 [grpc-default-executor-11] INFO  impl.FollowerInfo (FollowerInfo.java:lambda$new$0(51)) - 1c893cf2-42ed-44e2-a93b-04c4be59773d@group-F79942DAF1B7->480ea95e-ee97-48dd-ba86-160bad61f78a: nextIndex: updateUnconditionally 1 -> 0
2019-10-02 21:18:41,469 [main] WARN  storage.CommitWatcher (CommitWatcher.java:watchForCommit(203)) - watchForCommit failed for index 14
java.util.concurrent.TimeoutException
	at java.util.concurrent.CompletableFuture.timedGet(CompletableFuture.java:1771)
	at java.util.concurrent.CompletableFuture.get(CompletableFuture.java:1915)
	at org.apache.hadoop.hdds.scm.XceiverClientRatis.watchForCommit(XceiverClientRatis.java:298)
	at org.apache.hadoop.hdds.scm.storage.CommitWatcher.watchForCommit(CommitWatcher.java:194)
	at org.apache.hadoop.hdds.scm.storage.CommitWatcher.watchOnLastIndex(CommitWatcher.java:157)
	at org.apache.hadoop.hdds.scm.storage.BlockOutputStream.watchForCommit(BlockOutputStream.java:347)
	at org.apache.hadoop.hdds.scm.storage.BlockOutputStream.handleFlush(BlockOutputStream.java:479)
	at org.apache.hadoop.hdds.scm.storage.BlockOutputStream.flush(BlockOutputStream.java:428)
	at org.apache.hadoop.ozone.client.io.BlockOutputStreamEntry.flush(BlockOutputStreamEntry.java:136)
	at org.apache.hadoop.ozone.client.io.KeyOutputStream.handleFlushOrClose(KeyOutputStream.java:443)
	at org.apache.hadoop.ozone.client.io.KeyOutputStream.flush(KeyOutputStream.java:397)
	at org.apache.hadoop.ozone.client.io.OzoneOutputStream.flush(OzoneOutputStream.java:54)
	at org.apache.hadoop.ozone.client.rpc.TestBlockOutputStreamWithFailures.testWatchForCommitDatanodeFailure(TestBlockOutputStreamWithFailures.java:365)
	at sun.reflect.NativeMethodAccessorImpl.invoke0(Native Method)
	at sun.reflect.NativeMethodAccessorImpl.invoke(NativeMethodAccessorImpl.java:62)
	at sun.reflect.DelegatingMethodAccessorImpl.invoke(DelegatingMethodAccessorImpl.java:43)
	at java.lang.reflect.Method.invoke(Method.java:498)
	at org.junit.runners.model.FrameworkMethod$1.runReflectiveCall(FrameworkMethod.java:47)
	at org.junit.internal.runners.model.ReflectiveCallable.run(ReflectiveCallable.java:12)
	at org.junit.runners.model.FrameworkMethod.invokeExplosively(FrameworkMethod.java:44)
	at org.junit.internal.runners.statements.InvokeMethod.evaluate(InvokeMethod.java:17)
	at org.junit.internal.runners.statements.RunBefores.evaluate(RunBefores.java:26)
	at org.junit.internal.runners.statements.RunAfters.evaluate(RunAfters.java:27)
	at org.junit.runners.ParentRunner.runLeaf(ParentRunner.java:271)
	at org.junit.runners.BlockJUnit4ClassRunner.runChild(BlockJUnit4ClassRunner.java:70)
	at org.junit.runners.BlockJUnit4ClassRunner.runChild(BlockJUnit4ClassRunner.java:50)
	at org.junit.runners.ParentRunner$3.run(ParentRunner.java:238)
	at org.junit.runners.ParentRunner$1.schedule(ParentRunner.java:63)
	at org.junit.runners.ParentRunner.runChildren(ParentRunner.java:236)
	at org.junit.runners.ParentRunner.access$000(ParentRunner.java:53)
	at org.junit.runners.ParentRunner$2.evaluate(ParentRunner.java:229)
	at org.junit.runners.ParentRunner.run(ParentRunner.java:309)
	at org.apache.maven.surefire.junit4.JUnit4Provider.execute(JUnit4Provider.java:365)
	at org.apache.maven.surefire.junit4.JUnit4Provider.executeWithRerun(JUnit4Provider.java:273)
	at org.apache.maven.surefire.junit4.JUnit4Provider.executeTestSet(JUnit4Provider.java:238)
	at org.apache.maven.surefire.junit4.JUnit4Provider.invoke(JUnit4Provider.java:159)
	at org.apache.maven.surefire.booter.ForkedBooter.invokeProviderInSameClassLoader(ForkedBooter.java:384)
	at org.apache.maven.surefire.booter.ForkedBooter.runSuitesInProcess(ForkedBooter.java:345)
	at org.apache.maven.surefire.booter.ForkedBooter.execute(ForkedBooter.java:126)
	at org.apache.maven.surefire.booter.ForkedBooter.main(ForkedBooter.java:418)
2019-10-02 21:18:41,472 [main] WARN  io.KeyOutputStream (KeyOutputStream.java:handleException(274)) - Encountered exception java.io.IOException: Unexpected Storage Container Exception: java.io.IOException: Unexpected Storage Container Exception: java.util.concurrent.TimeoutException on the pipeline Pipeline[ Id: 3503793f-27b9-4842-8666-c2cf2753b394, Nodes: 188d4931-1966-470e-bf45-48f1f3832163{ip: 192.168.151.122, host: pr-hdds-2200-trunk-mgnwx-192523005, networkLocation: /default-rack, certSerialId: null}5216852f-18dc-4290-a94d-0088d3583f0b{ip: 192.168.151.122, host: pr-hdds-2200-trunk-mgnwx-192523005, networkLocation: /default-rack, certSerialId: null}e6648afa-7a91-4543-9f1c-af23da2cc97c{ip: 192.168.151.122, host: pr-hdds-2200-trunk-mgnwx-192523005, networkLocation: /default-rack, certSerialId: null}, Type:RATIS, Factor:THREE, State:OPEN]. The last committed block length is 400, uncommitted data length is 50 retry count 0
2019-10-02 21:18:41,489 [grpc-default-executor-6] INFO  impl.RaftServerProxy (RaftServerProxy.java:addNew(89)) - 90fbc310-f2b2-4398-8aff-5d706c2b3211: addNew group-D5C80B802425:[90fbc310-f2b2-4398-8aff-5d706c2b3211:192.168.151.122:36547, 1c893cf2-42ed-44e2-a93b-04c4be59773d:192.168.151.122:35490, 2e6c7c75-c299-4730-9b1b-71cf3d67f0ed:192.168.151.122:45222] returns group-D5C80B802425:java.util.concurrent.CompletableFuture@329a00e6[Not completed]
2019-10-02 21:18:41,489 [grpc-default-executor-3] INFO  impl.RaftServerProxy (RaftServerProxy.java:addNew(89)) - 1c893cf2-42ed-44e2-a93b-04c4be59773d: addNew group-D5C80B802425:[90fbc310-f2b2-4398-8aff-5d706c2b3211:192.168.151.122:36547, 1c893cf2-42ed-44e2-a93b-04c4be59773d:192.168.151.122:35490, 2e6c7c75-c299-4730-9b1b-71cf3d67f0ed:192.168.151.122:45222] returns group-D5C80B802425:java.util.concurrent.CompletableFuture@72ed114d[Not completed]
2019-10-02 21:18:41,492 [grpc-default-executor-6] INFO  impl.RaftServerProxy (RaftServerProxy.java:addNew(89)) - 2e6c7c75-c299-4730-9b1b-71cf3d67f0ed: addNew group-D5C80B802425:[90fbc310-f2b2-4398-8aff-5d706c2b3211:192.168.151.122:36547, 1c893cf2-42ed-44e2-a93b-04c4be59773d:192.168.151.122:35490, 2e6c7c75-c299-4730-9b1b-71cf3d67f0ed:192.168.151.122:45222] returns group-D5C80B802425:java.util.concurrent.CompletableFuture@1df65309[Not completed]
2019-10-02 21:18:41,493 [pool-429-thread-1] INFO  impl.RaftServerImpl (RaftServerImpl.java:<init>(95)) - 1c893cf2-42ed-44e2-a93b-04c4be59773d: new RaftServerImpl for group-D5C80B802425:[90fbc310-f2b2-4398-8aff-5d706c2b3211:192.168.151.122:36547, 1c893cf2-42ed-44e2-a93b-04c4be59773d:192.168.151.122:35490, 2e6c7c75-c299-4730-9b1b-71cf3d67f0ed:192.168.151.122:45222] with ContainerStateMachine:uninitialized
2019-10-02 21:18:41,493 [pool-429-thread-1] INFO  server.RaftServerConfigKeys (ConfUtils.java:logGet(43)) - raft.server.rpc.timeout.min = 5s (custom)
2019-10-02 21:18:41,493 [pool-429-thread-1] INFO  server.RaftServerConfigKeys (ConfUtils.java:logGet(43)) - raft.server.rpc.timeout.max = 5200ms (custom)
2019-10-02 21:18:41,493 [pool-429-thread-1] INFO  server.RaftServerConfigKeys (ConfUtils.java:logGet(43)) - raft.server.rpcslowness.timeout = 120s (custom)
2019-10-02 21:18:41,493 [pool-429-thread-1] INFO  server.RaftServerConfigKeys (ConfUtils.java:logGet(43)) - raft.server.sleep.deviation.threshold = 300 (default)
2019-10-02 21:18:41,493 [pool-409-thread-1] INFO  impl.RaftServerImpl (RaftServerImpl.java:<init>(95)) - 2e6c7c75-c299-4730-9b1b-71cf3d67f0ed: new RaftServerImpl for group-D5C80B802425:[90fbc310-f2b2-4398-8aff-5d706c2b3211:192.168.151.122:36547, 1c893cf2-42ed-44e2-a93b-04c4be59773d:192.168.151.122:35490, 2e6c7c75-c299-4730-9b1b-71cf3d67f0ed:192.168.151.122:45222] with ContainerStateMachine:uninitialized
2019-10-02 21:18:41,493 [pool-429-thread-1] INFO  server.RaftServerConfigKeys (ConfUtils.java:logGet(43)) - raft.server.log.appender.install.snapshot.enabled = false (custom)
2019-10-02 21:18:41,494 [pool-439-thread-1] INFO  impl.RaftServerImpl (RaftServerImpl.java:<init>(95)) - 90fbc310-f2b2-4398-8aff-5d706c2b3211: new RaftServerImpl for group-D5C80B802425:[90fbc310-f2b2-4398-8aff-5d706c2b3211:192.168.151.122:36547, 1c893cf2-42ed-44e2-a93b-04c4be59773d:192.168.151.122:35490, 2e6c7c75-c299-4730-9b1b-71cf3d67f0ed:192.168.151.122:45222] with ContainerStateMachine:uninitialized
2019-10-02 21:18:41,493 [pool-409-thread-1] INFO  server.RaftServerConfigKeys (ConfUtils.java:logGet(43)) - raft.server.rpc.timeout.min = 5s (custom)
2019-10-02 21:18:41,494 [pool-439-thread-1] INFO  server.RaftServerConfigKeys (ConfUtils.java:logGet(43)) - raft.server.rpc.timeout.min = 5s (custom)
2019-10-02 21:18:41,494 [pool-429-thread-1] INFO  impl.RaftServerImpl (ServerState.java:<init>(103)) - 1c893cf2-42ed-44e2-a93b-04c4be59773d@group-D5C80B802425: ConfigurationManager, init=-1: [90fbc310-f2b2-4398-8aff-5d706c2b3211:192.168.151.122:36547, 1c893cf2-42ed-44e2-a93b-04c4be59773d:192.168.151.122:35490, 2e6c7c75-c299-4730-9b1b-71cf3d67f0ed:192.168.151.122:45222], old=null, confs=<EMPTY_MAP>
2019-10-02 21:18:41,494 [pool-439-thread-1] INFO  server.RaftServerConfigKeys (ConfUtils.java:logGet(43)) - raft.server.rpc.timeout.max = 5200ms (custom)
2019-10-02 21:18:41,494 [pool-409-thread-1] INFO  server.RaftServerConfigKeys (ConfUtils.java:logGet(43)) - raft.server.rpc.timeout.max = 5200ms (custom)
2019-10-02 21:18:41,494 [pool-439-thread-1] INFO  server.RaftServerConfigKeys (ConfUtils.java:logGet(43)) - raft.server.rpcslowness.timeout = 120s (custom)
2019-10-02 21:18:41,494 [pool-429-thread-1] INFO  server.RaftServerConfigKeys (ConfUtils.java:logGet(43)) - raft.server.storage.dir = [/workdir/hadoop-ozone/integration-test/target/test-dir/MiniOzoneClusterImpl-25ddea64-d207-408c-b907-17765ca49936/datanode-2/data/ratis] (custom)
2019-10-02 21:18:41,494 [pool-439-thread-1] INFO  server.RaftServerConfigKeys (ConfUtils.java:logGet(43)) - raft.server.sleep.deviation.threshold = 300 (default)
2019-10-02 21:18:41,494 [pool-409-thread-1] INFO  server.RaftServerConfigKeys (ConfUtils.java:logGet(43)) - raft.server.rpcslowness.timeout = 120s (custom)
2019-10-02 21:18:41,494 [pool-439-thread-1] INFO  server.RaftServerConfigKeys (ConfUtils.java:logGet(43)) - raft.server.log.appender.install.snapshot.enabled = false (custom)
2019-10-02 21:18:41,495 [pool-429-thread-1] INFO  server.RaftServerConfigKeys (ConfUtils.java:logGet(43)) - raft.server.log.corruption.policy = EXCEPTION (default)
2019-10-02 21:18:41,495 [pool-409-thread-1] INFO  server.RaftServerConfigKeys (ConfUtils.java:logGet(43)) - raft.server.sleep.deviation.threshold = 300 (default)
2019-10-02 21:18:41,495 [pool-429-thread-1] INFO  storage.RaftStorageDirectory (RaftStorageDirectory.java:analyzeStorage(246)) - The storage directory /workdir/hadoop-ozone/integration-test/target/test-dir/MiniOzoneClusterImpl-25ddea64-d207-408c-b907-17765ca49936/datanode-2/data/ratis/f251233d-591d-4f11-a887-d5c80b802425 does not exist. Creating ...
2019-10-02 21:18:41,495 [pool-439-thread-1] INFO  impl.RaftServerImpl (ServerState.java:<init>(103)) - 90fbc310-f2b2-4398-8aff-5d706c2b3211@group-D5C80B802425: ConfigurationManager, init=-1: [90fbc310-f2b2-4398-8aff-5d706c2b3211:192.168.151.122:36547, 1c893cf2-42ed-44e2-a93b-04c4be59773d:192.168.151.122:35490, 2e6c7c75-c299-4730-9b1b-71cf3d67f0ed:192.168.151.122:45222], old=null, confs=<EMPTY_MAP>
2019-10-02 21:18:41,495 [pool-409-thread-1] INFO  server.RaftServerConfigKeys (ConfUtils.java:logGet(43)) - raft.server.log.appender.install.snapshot.enabled = false (custom)
2019-10-02 21:18:41,495 [pool-439-thread-1] INFO  server.RaftServerConfigKeys (ConfUtils.java:logGet(43)) - raft.server.storage.dir = [/workdir/hadoop-ozone/integration-test/target/test-dir/MiniOzoneClusterImpl-25ddea64-d207-408c-b907-17765ca49936/datanode-3/data/ratis] (custom)
2019-10-02 21:18:41,495 [pool-409-thread-1] INFO  impl.RaftServerImpl (ServerState.java:<init>(103)) - 2e6c7c75-c299-4730-9b1b-71cf3d67f0ed@group-D5C80B802425: ConfigurationManager, init=-1: [90fbc310-f2b2-4398-8aff-5d706c2b3211:192.168.151.122:36547, 1c893cf2-42ed-44e2-a93b-04c4be59773d:192.168.151.122:35490, 2e6c7c75-c299-4730-9b1b-71cf3d67f0ed:192.168.151.122:45222], old=null, confs=<EMPTY_MAP>
2019-10-02 21:18:41,496 [pool-439-thread-1] INFO  server.RaftServerConfigKeys (ConfUtils.java:logGet(43)) - raft.server.log.corruption.policy = EXCEPTION (default)
2019-10-02 21:18:41,496 [pool-409-thread-1] INFO  server.RaftServerConfigKeys (ConfUtils.java:logGet(43)) - raft.server.storage.dir = [/workdir/hadoop-ozone/integration-test/target/test-dir/MiniOzoneClusterImpl-25ddea64-d207-408c-b907-17765ca49936/datanode-0/data/ratis] (custom)
2019-10-02 21:18:41,496 [pool-439-thread-1] INFO  storage.RaftStorageDirectory (RaftStorageDirectory.java:analyzeStorage(246)) - The storage directory /workdir/hadoop-ozone/integration-test/target/test-dir/MiniOzoneClusterImpl-25ddea64-d207-408c-b907-17765ca49936/datanode-3/data/ratis/f251233d-591d-4f11-a887-d5c80b802425 does not exist. Creating ...
2019-10-02 21:18:41,496 [pool-409-thread-1] INFO  server.RaftServerConfigKeys (ConfUtils.java:logGet(43)) - raft.server.log.corruption.policy = EXCEPTION (default)
2019-10-02 21:18:41,496 [pool-409-thread-1] INFO  storage.RaftStorageDirectory (RaftStorageDirectory.java:analyzeStorage(246)) - The storage directory /workdir/hadoop-ozone/integration-test/target/test-dir/MiniOzoneClusterImpl-25ddea64-d207-408c-b907-17765ca49936/datanode-0/data/ratis/f251233d-591d-4f11-a887-d5c80b802425 does not exist. Creating ...
2019-10-02 21:18:41,509 [pool-429-thread-1] INFO  storage.RaftStorageDirectory (RaftStorageDirectory.java:tryLock(328)) - Lock on /workdir/hadoop-ozone/integration-test/target/test-dir/MiniOzoneClusterImpl-25ddea64-d207-408c-b907-17765ca49936/datanode-2/data/ratis/f251233d-591d-4f11-a887-d5c80b802425/in_use.lock acquired by nodename 20484@pr-hdds-2200-trunk-mgnwx-192523005
2019-10-02 21:18:41,509 [pool-409-thread-1] INFO  storage.RaftStorageDirectory (RaftStorageDirectory.java:tryLock(328)) - Lock on /workdir/hadoop-ozone/integration-test/target/test-dir/MiniOzoneClusterImpl-25ddea64-d207-408c-b907-17765ca49936/datanode-0/data/ratis/f251233d-591d-4f11-a887-d5c80b802425/in_use.lock acquired by nodename 20484@pr-hdds-2200-trunk-mgnwx-192523005
2019-10-02 21:18:41,509 [pool-439-thread-1] INFO  storage.RaftStorageDirectory (RaftStorageDirectory.java:tryLock(328)) - Lock on /workdir/hadoop-ozone/integration-test/target/test-dir/MiniOzoneClusterImpl-25ddea64-d207-408c-b907-17765ca49936/datanode-3/data/ratis/f251233d-591d-4f11-a887-d5c80b802425/in_use.lock acquired by nodename 20484@pr-hdds-2200-trunk-mgnwx-192523005
2019-10-02 21:18:41,522 [pool-429-thread-1] INFO  storage.RaftStorage (RaftStorage.java:format(84)) - Storage directory /workdir/hadoop-ozone/integration-test/target/test-dir/MiniOzoneClusterImpl-25ddea64-d207-408c-b907-17765ca49936/datanode-2/data/ratis/f251233d-591d-4f11-a887-d5c80b802425 has been successfully formatted.
2019-10-02 21:18:41,522 [pool-409-thread-1] INFO  storage.RaftStorage (RaftStorage.java:format(84)) - Storage directory /workdir/hadoop-ozone/integration-test/target/test-dir/MiniOzoneClusterImpl-25ddea64-d207-408c-b907-17765ca49936/datanode-0/data/ratis/f251233d-591d-4f11-a887-d5c80b802425 has been successfully formatted.
2019-10-02 21:18:41,522 [pool-439-thread-1] INFO  storage.RaftStorage (RaftStorage.java:format(84)) - Storage directory /workdir/hadoop-ozone/integration-test/target/test-dir/MiniOzoneClusterImpl-25ddea64-d207-408c-b907-17765ca49936/datanode-3/data/ratis/f251233d-591d-4f11-a887-d5c80b802425 has been successfully formatted.
2019-10-02 21:18:41,523 [pool-409-thread-1] INFO  ratis.ContainerStateMachine (ContainerStateMachine.java:loadSnapshot(230)) - group-D5C80B802425: The snapshot info is null. Setting the last applied indexto:(t:0, i:~)
2019-10-02 21:18:41,523 [pool-429-thread-1] INFO  ratis.ContainerStateMachine (ContainerStateMachine.java:loadSnapshot(230)) - group-D5C80B802425: The snapshot info is null. Setting the last applied indexto:(t:0, i:~)
2019-10-02 21:18:41,523 [pool-409-thread-1] INFO  server.RaftServerConfigKeys (ConfUtils.java:logGet(43)) - raft.server.notification.no-leader.timeout = 120s (custom)
2019-10-02 21:18:41,523 [pool-439-thread-1] INFO  ratis.ContainerStateMachine (ContainerStateMachine.java:loadSnapshot(230)) - group-D5C80B802425: The snapshot info is null. Setting the last applied indexto:(t:0, i:~)
2019-10-02 21:18:41,523 [pool-409-thread-1] INFO  server.RaftServerConfigKeys (ConfUtils.java:logGet(43)) - raft.server.log.use.memory = false (default)
2019-10-02 21:18:41,523 [pool-429-thread-1] INFO  server.RaftServerConfigKeys (ConfUtils.java:logGet(43)) - raft.server.notification.no-leader.timeout = 120s (custom)
2019-10-02 21:18:41,523 [pool-439-thread-1] INFO  server.RaftServerConfigKeys (ConfUtils.java:logGet(43)) - raft.server.notification.no-leader.timeout = 120s (custom)
2019-10-02 21:18:41,523 [pool-409-thread-1] INFO  server.RaftServerConfigKeys (ConfUtils.java:logGet(43)) - raft.server.log.purge.gap = 1000000 (custom)
2019-10-02 21:18:41,523 [pool-429-thread-1] INFO  server.RaftServerConfigKeys (ConfUtils.java:logGet(43)) - raft.server.log.use.memory = false (default)
2019-10-02 21:18:41,524 [pool-409-thread-1] INFO  server.RaftServerConfigKeys (ConfUtils.java:logGet(43)) - raft.server.log.appender.buffer.byte-limit = 33554432 (custom)
2019-10-02 21:18:41,523 [pool-439-thread-1] INFO  server.RaftServerConfigKeys (ConfUtils.java:logGet(43)) - raft.server.log.use.memory = false (default)
2019-10-02 21:18:41,524 [pool-409-thread-1] INFO  server.RaftServerConfigKeys (ConfUtils.java:logGet(43)) - raft.server.log.segment.size.max = 1048576 (custom)
2019-10-02 21:18:41,524 [pool-429-thread-1] INFO  server.RaftServerConfigKeys (ConfUtils.java:logGet(43)) - raft.server.log.purge.gap = 1000000 (custom)
2019-10-02 21:18:41,524 [pool-439-thread-1] INFO  server.RaftServerConfigKeys (ConfUtils.java:logGet(43)) - raft.server.log.purge.gap = 1000000 (custom)
2019-10-02 21:18:41,524 [pool-409-thread-1] INFO  server.RaftServerConfigKeys (ConfUtils.java:logGet(43)) - raft.server.log.segment.cache.num.max = 2 (custom)
2019-10-02 21:18:41,524 [pool-429-thread-1] INFO  server.RaftServerConfigKeys (ConfUtils.java:logGet(43)) - raft.server.log.appender.buffer.byte-limit = 33554432 (custom)
2019-10-02 21:18:41,524 [pool-439-thread-1] INFO  server.RaftServerConfigKeys (ConfUtils.java:logGet(43)) - raft.server.log.appender.buffer.byte-limit = 33554432 (custom)
2019-10-02 21:18:41,525 [pool-409-thread-1] INFO  segmented.SegmentedRaftLogWorker (SegmentedRaftLogWorker.java:<init>(173)) - new 2e6c7c75-c299-4730-9b1b-71cf3d67f0ed@group-D5C80B802425-SegmentedRaftLogWorker for RaftStorage:Storage Directory /workdir/hadoop-ozone/integration-test/target/test-dir/MiniOzoneClusterImpl-25ddea64-d207-408c-b907-17765ca49936/datanode-0/data/ratis/f251233d-591d-4f11-a887-d5c80b802425
2019-10-02 21:18:41,525 [pool-429-thread-1] INFO  server.RaftServerConfigKeys (ConfUtils.java:logGet(43)) - raft.server.log.segment.size.max = 1048576 (custom)
2019-10-02 21:18:41,525 [pool-409-thread-1] INFO  server.RaftServerConfigKeys (ConfUtils.java:logGet(43)) - raft.server.log.queue.byte-limit = 2147483647 (custom)
2019-10-02 21:18:41,525 [pool-409-thread-1] INFO  server.RaftServerConfigKeys (ConfUtils.java:logGet(43)) - raft.server.log.queue.element-limit = 1024 (custom)
2019-10-02 21:18:41,525 [pool-439-thread-1] INFO  server.RaftServerConfigKeys (ConfUtils.java:logGet(43)) - raft.server.log.segment.size.max = 1048576 (custom)
2019-10-02 21:18:41,525 [pool-409-thread-1] INFO  server.RaftServerConfigKeys (ConfUtils.java:logGet(43)) - raft.server.log.segment.size.max = 1048576 (custom)
2019-10-02 21:18:41,525 [pool-429-thread-1] INFO  server.RaftServerConfigKeys (ConfUtils.java:logGet(43)) - raft.server.log.segment.cache.num.max = 2 (custom)
2019-10-02 21:18:41,526 [pool-409-thread-1] INFO  server.RaftServerConfigKeys (ConfUtils.java:logGet(43)) - raft.server.log.preallocated.size = 16384 (custom)
2019-10-02 21:18:41,525 [pool-439-thread-1] INFO  server.RaftServerConfigKeys (ConfUtils.java:logGet(43)) - raft.server.log.segment.cache.num.max = 2 (custom)
2019-10-02 21:18:41,526 [pool-409-thread-1] INFO  server.RaftServerConfigKeys (ConfUtils.java:logGet(43)) - raft.server.log.write.buffer.size = 33554432 (custom)
2019-10-02 21:18:41,526 [pool-429-thread-1] INFO  segmented.SegmentedRaftLogWorker (SegmentedRaftLogWorker.java:<init>(173)) - new 1c893cf2-42ed-44e2-a93b-04c4be59773d@group-D5C80B802425-SegmentedRaftLogWorker for RaftStorage:Storage Directory /workdir/hadoop-ozone/integration-test/target/test-dir/MiniOzoneClusterImpl-25ddea64-d207-408c-b907-17765ca49936/datanode-2/data/ratis/f251233d-591d-4f11-a887-d5c80b802425
2019-10-02 21:18:41,526 [pool-409-thread-1] INFO  server.RaftServerConfigKeys (ConfUtils.java:logGet(43)) - raft.server.log.force.sync.num = 128 (default)
2019-10-02 21:18:41,526 [pool-439-thread-1] INFO  segmented.SegmentedRaftLogWorker (SegmentedRaftLogWorker.java:<init>(173)) - new 90fbc310-f2b2-4398-8aff-5d706c2b3211@group-D5C80B802425-SegmentedRaftLogWorker for RaftStorage:Storage Directory /workdir/hadoop-ozone/integration-test/target/test-dir/MiniOzoneClusterImpl-25ddea64-d207-408c-b907-17765ca49936/datanode-3/data/ratis/f251233d-591d-4f11-a887-d5c80b802425
2019-10-02 21:18:41,526 [pool-409-thread-1] INFO  server.RaftServerConfigKeys (ConfUtils.java:logGet(43)) - raft.server.log.statemachine.data.sync = true (default)
2019-10-02 21:18:41,526 [pool-429-thread-1] INFO  server.RaftServerConfigKeys (ConfUtils.java:logGet(43)) - raft.server.log.queue.byte-limit = 2147483647 (custom)
2019-10-02 21:18:41,526 [pool-409-thread-1] INFO  server.RaftServerConfigKeys (ConfUtils.java:logGet(43)) - raft.server.log.statemachine.data.sync.timeout = 10s (default)
2019-10-02 21:18:41,526 [pool-439-thread-1] INFO  server.RaftServerConfigKeys (ConfUtils.java:logGet(43)) - raft.server.log.queue.byte-limit = 2147483647 (custom)
2019-10-02 21:18:41,527 [pool-409-thread-1] INFO  server.RaftServerConfigKeys (ConfUtils.java:logGet(43)) - raft.server.log.statemachine.data.sync.timeout.retry = -1 (default)
2019-10-02 21:18:41,527 [pool-429-thread-1] INFO  server.RaftServerConfigKeys (ConfUtils.java:logGet(43)) - raft.server.log.queue.element-limit = 1024 (custom)
2019-10-02 21:18:41,527 [pool-439-thread-1] INFO  server.RaftServerConfigKeys (ConfUtils.java:logGet(43)) - raft.server.log.queue.element-limit = 1024 (custom)
2019-10-02 21:18:41,527 [pool-429-thread-1] INFO  server.RaftServerConfigKeys (ConfUtils.java:logGet(43)) - raft.server.log.segment.size.max = 1048576 (custom)
2019-10-02 21:18:41,527 [pool-439-thread-1] INFO  server.RaftServerConfigKeys (ConfUtils.java:logGet(43)) - raft.server.log.segment.size.max = 1048576 (custom)
2019-10-02 21:18:41,527 [pool-409-thread-1] INFO  server.RaftServerConfigKeys (ConfUtils.java:logGet(43)) - raft.server.log.statemachine.data.caching.enabled = true (custom)
2019-10-02 21:18:41,527 [pool-439-thread-1] INFO  server.RaftServerConfigKeys (ConfUtils.java:logGet(43)) - raft.server.log.preallocated.size = 16384 (custom)
2019-10-02 21:18:41,527 [pool-429-thread-1] INFO  server.RaftServerConfigKeys (ConfUtils.java:logGet(43)) - raft.server.log.preallocated.size = 16384 (custom)
2019-10-02 21:18:41,528 [pool-429-thread-1] INFO  server.RaftServerConfigKeys (ConfUtils.java:logGet(43)) - raft.server.log.write.buffer.size = 33554432 (custom)
2019-10-02 21:18:41,528 [pool-439-thread-1] INFO  server.RaftServerConfigKeys (ConfUtils.java:logGet(43)) - raft.server.log.write.buffer.size = 33554432 (custom)
2019-10-02 21:18:41,528 [pool-409-thread-1] INFO  segmented.SegmentedRaftLogWorker (SegmentedRaftLogWorker.java:lambda$new$0(128)) - 2e6c7c75-c299-4730-9b1b-71cf3d67f0ed@group-D5C80B802425-SegmentedRaftLogWorker: flushIndex: setUnconditionally 0 -> -1
2019-10-02 21:18:41,528 [pool-429-thread-1] INFO  server.RaftServerConfigKeys (ConfUtils.java:logGet(43)) - raft.server.log.force.sync.num = 128 (default)
2019-10-02 21:18:41,528 [pool-439-thread-1] INFO  server.RaftServerConfigKeys (ConfUtils.java:logGet(43)) - raft.server.log.force.sync.num = 128 (default)
2019-10-02 21:18:41,528 [pool-429-thread-1] INFO  server.RaftServerConfigKeys (ConfUtils.java:logGet(43)) - raft.server.log.statemachine.data.sync = true (default)
2019-10-02 21:18:41,528 [pool-439-thread-1] INFO  server.RaftServerConfigKeys (ConfUtils.java:logGet(43)) - raft.server.log.statemachine.data.sync = true (default)
2019-10-02 21:18:41,528 [pool-409-thread-1] INFO  server.RaftServerConfigKeys (ConfUtils.java:logGet(43)) - raft.server.snapshot.auto.trigger.enabled = true (custom)
2019-10-02 21:18:41,528 [pool-429-thread-1] INFO  server.RaftServerConfigKeys (ConfUtils.java:logGet(43)) - raft.server.log.statemachine.data.sync.timeout = 10s (default)
2019-10-02 21:18:41,529 [pool-409-thread-1] INFO  server.RaftServerConfigKeys (ConfUtils.java:logGet(43)) - raft.server.snapshot.auto.trigger.threshold = 10000 (custom)
2019-10-02 21:18:41,529 [pool-439-thread-1] INFO  server.RaftServerConfigKeys (ConfUtils.java:logGet(43)) - raft.server.log.statemachine.data.sync.timeout = 10s (default)
2019-10-02 21:18:41,529 [pool-409-thread-1] INFO  server.RaftServerConfigKeys (ConfUtils.java:logGet(43)) - raft.server.snapshot.retention.file.num = 5 (custom)
2019-10-02 21:18:41,529 [pool-429-thread-1] INFO  server.RaftServerConfigKeys (ConfUtils.java:logGet(43)) - raft.server.log.statemachine.data.sync.timeout.retry = -1 (default)
2019-10-02 21:18:41,529 [pool-409-thread-1] INFO  server.RaftServerConfigKeys (ConfUtils.java:logGet(43)) - raft.server.retrycache.expirytime = 600000ms (custom)
2019-10-02 21:18:41,529 [pool-439-thread-1] INFO  server.RaftServerConfigKeys (ConfUtils.java:logGet(43)) - raft.server.log.statemachine.data.sync.timeout.retry = -1 (default)
2019-10-02 21:18:41,529 [pool-429-thread-1] INFO  server.RaftServerConfigKeys (ConfUtils.java:logGet(43)) - raft.server.log.statemachine.data.caching.enabled = true (custom)
2019-10-02 21:18:41,530 [pool-439-thread-1] INFO  server.RaftServerConfigKeys (ConfUtils.java:logGet(43)) - raft.server.log.statemachine.data.caching.enabled = true (custom)
2019-10-02 21:18:41,530 [pool-429-thread-1] INFO  segmented.SegmentedRaftLogWorker (SegmentedRaftLogWorker.java:lambda$new$0(128)) - 1c893cf2-42ed-44e2-a93b-04c4be59773d@group-D5C80B802425-SegmentedRaftLogWorker: flushIndex: setUnconditionally 0 -> -1
2019-10-02 21:18:41,530 [pool-439-thread-1] INFO  segmented.SegmentedRaftLogWorker (SegmentedRaftLogWorker.java:lambda$new$0(128)) - 90fbc310-f2b2-4398-8aff-5d706c2b3211@group-D5C80B802425-SegmentedRaftLogWorker: flushIndex: setUnconditionally 0 -> -1
2019-10-02 21:18:41,530 [pool-429-thread-1] INFO  server.RaftServerConfigKeys (ConfUtils.java:logGet(43)) - raft.server.snapshot.auto.trigger.enabled = true (custom)
2019-10-02 21:18:41,530 [pool-429-thread-1] INFO  server.RaftServerConfigKeys (ConfUtils.java:logGet(43)) - raft.server.snapshot.auto.trigger.threshold = 10000 (custom)
2019-10-02 21:18:41,530 [pool-429-thread-1] INFO  server.RaftServerConfigKeys (ConfUtils.java:logGet(43)) - raft.server.snapshot.retention.file.num = 5 (custom)
2019-10-02 21:18:41,530 [pool-439-thread-1] INFO  server.RaftServerConfigKeys (ConfUtils.java:logGet(43)) - raft.server.snapshot.auto.trigger.enabled = true (custom)
2019-10-02 21:18:41,530 [pool-429-thread-1] INFO  server.RaftServerConfigKeys (ConfUtils.java:logGet(43)) - raft.server.retrycache.expirytime = 600000ms (custom)
2019-10-02 21:18:41,530 [pool-439-thread-1] INFO  server.RaftServerConfigKeys (ConfUtils.java:logGet(43)) - raft.server.snapshot.auto.trigger.threshold = 10000 (custom)
2019-10-02 21:18:41,531 [pool-439-thread-1] INFO  server.RaftServerConfigKeys (ConfUtils.java:logGet(43)) - raft.server.snapshot.retention.file.num = 5 (custom)
2019-10-02 21:18:41,531 [pool-439-thread-1] INFO  server.RaftServerConfigKeys (ConfUtils.java:logGet(43)) - raft.server.retrycache.expirytime = 600000ms (custom)
2019-10-02 21:18:41,533 [pool-429-thread-1] INFO  impl.RaftServerImpl (RaftServerImpl.java:start(181)) - 1c893cf2-42ed-44e2-a93b-04c4be59773d@group-D5C80B802425: start as a follower, conf=-1: [90fbc310-f2b2-4398-8aff-5d706c2b3211:192.168.151.122:36547, 1c893cf2-42ed-44e2-a93b-04c4be59773d:192.168.151.122:35490, 2e6c7c75-c299-4730-9b1b-71cf3d67f0ed:192.168.151.122:45222], old=null
2019-10-02 21:18:41,533 [pool-409-thread-1] INFO  impl.RaftServerImpl (RaftServerImpl.java:start(181)) - 2e6c7c75-c299-4730-9b1b-71cf3d67f0ed@group-D5C80B802425: start as a follower, conf=-1: [90fbc310-f2b2-4398-8aff-5d706c2b3211:192.168.151.122:36547, 1c893cf2-42ed-44e2-a93b-04c4be59773d:192.168.151.122:35490, 2e6c7c75-c299-4730-9b1b-71cf3d67f0ed:192.168.151.122:45222], old=null
2019-10-02 21:18:41,533 [pool-429-thread-1] INFO  impl.RaftServerImpl (RaftServerImpl.java:setRole(170)) - 1c893cf2-42ed-44e2-a93b-04c4be59773d@group-D5C80B802425: changes role from      null to FOLLOWER at term 0 for startAsFollower
2019-10-02 21:18:41,533 [pool-409-thread-1] INFO  impl.RaftServerImpl (RaftServerImpl.java:setRole(170)) - 2e6c7c75-c299-4730-9b1b-71cf3d67f0ed@group-D5C80B802425: changes role from      null to FOLLOWER at term 0 for startAsFollower
2019-10-02 21:18:41,533 [pool-429-thread-1] INFO  impl.RoleInfo (RoleInfo.java:updateAndGet(143)) - 1c893cf2-42ed-44e2-a93b-04c4be59773d: start FollowerState
2019-10-02 21:18:41,533 [pool-439-thread-1] INFO  impl.RaftServerImpl (RaftServerImpl.java:start(181)) - 90fbc310-f2b2-4398-8aff-5d706c2b3211@group-D5C80B802425: start as a follower, conf=-1: [90fbc310-f2b2-4398-8aff-5d706c2b3211:192.168.151.122:36547, 1c893cf2-42ed-44e2-a93b-04c4be59773d:192.168.151.122:35490, 2e6c7c75-c299-4730-9b1b-71cf3d67f0ed:192.168.151.122:45222], old=null
2019-10-02 21:18:41,533 [pool-409-thread-1] INFO  impl.RoleInfo (RoleInfo.java:updateAndGet(143)) - 2e6c7c75-c299-4730-9b1b-71cf3d67f0ed: start FollowerState
2019-10-02 21:18:41,533 [pool-439-thread-1] INFO  impl.RaftServerImpl (RaftServerImpl.java:setRole(170)) - 90fbc310-f2b2-4398-8aff-5d706c2b3211@group-D5C80B802425: changes role from      null to FOLLOWER at term 0 for startAsFollower
2019-10-02 21:18:41,534 [pool-429-thread-1] INFO  util.JmxRegister (JmxRegister.java:tryRegister(44)) - Successfully registered JMX Bean with object name Ratis:service=RaftServer,group=group-D5C80B802425,id=1c893cf2-42ed-44e2-a93b-04c4be59773d
2019-10-02 21:18:41,534 [pool-439-thread-1] INFO  impl.RoleInfo (RoleInfo.java:updateAndGet(143)) - 90fbc310-f2b2-4398-8aff-5d706c2b3211: start FollowerState
2019-10-02 21:18:41,534 [pool-409-thread-1] INFO  util.JmxRegister (JmxRegister.java:tryRegister(44)) - Successfully registered JMX Bean with object name Ratis:service=RaftServer,group=group-D5C80B802425,id=2e6c7c75-c299-4730-9b1b-71cf3d67f0ed
2019-10-02 21:18:41,534 [pool-439-thread-1] INFO  util.JmxRegister (JmxRegister.java:tryRegister(44)) - Successfully registered JMX Bean with object name Ratis:service=RaftServer,group=group-D5C80B802425,id=90fbc310-f2b2-4398-8aff-5d706c2b3211
2019-10-02 21:18:41,556 [IPC Server handler 8 on 35627] INFO  pipeline.PipelineStateManager (PipelineStateManager.java:addPipeline(56)) - Created pipeline Pipeline[ Id: f251233d-591d-4f11-a887-d5c80b802425, Nodes: 90fbc310-f2b2-4398-8aff-5d706c2b3211{ip: 192.168.151.122, host: pr-hdds-2200-trunk-mgnwx-192523005, networkLocation: /default-rack, certSerialId: null}2e6c7c75-c299-4730-9b1b-71cf3d67f0ed{ip: 192.168.151.122, host: pr-hdds-2200-trunk-mgnwx-192523005, networkLocation: /default-rack, certSerialId: null}1c893cf2-42ed-44e2-a93b-04c4be59773d{ip: 192.168.151.122, host: pr-hdds-2200-trunk-mgnwx-192523005, networkLocation: /default-rack, certSerialId: null}, Type:RATIS, Factor:THREE, State:OPEN]
2019-10-02 21:18:43,246 [grpc-default-executor-3] WARN  server.GrpcLogAppender (LogUtils.java:warn(134)) - 1c893cf2-42ed-44e2-a93b-04c4be59773d@group-F79942DAF1B7->480ea95e-ee97-48dd-ba86-160bad61f78a-AppendLogResponseHandler: Failed appendEntries: org.apache.ratis.thirdparty.io.grpc.StatusRuntimeException: UNAVAILABLE: io exception
2019-10-02 21:18:43,246 [grpc-default-executor-3] INFO  impl.FollowerInfo (FollowerInfo.java:lambda$new$0(51)) - 1c893cf2-42ed-44e2-a93b-04c4be59773d@group-F79942DAF1B7->480ea95e-ee97-48dd-ba86-160bad61f78a: nextIndex: updateUnconditionally 0 -> 0
2019-10-02 21:18:45,751 [grpc-default-executor-11] WARN  server.GrpcLogAppender (LogUtils.java:warn(134)) - 1c893cf2-42ed-44e2-a93b-04c4be59773d@group-F79942DAF1B7->480ea95e-ee97-48dd-ba86-160bad61f78a-AppendLogResponseHandler: Failed appendEntries: org.apache.ratis.thirdparty.io.grpc.StatusRuntimeException: UNAVAILABLE: io exception
2019-10-02 21:18:45,758 [grpc-default-executor-11] INFO  impl.FollowerInfo (FollowerInfo.java:lambda$new$0(51)) - 1c893cf2-42ed-44e2-a93b-04c4be59773d@group-F79942DAF1B7->480ea95e-ee97-48dd-ba86-160bad61f78a: nextIndex: updateUnconditionally 0 -> 0
2019-10-02 21:18:46,538 [Thread-3327] INFO  impl.FollowerState (FollowerState.java:run(108)) - 90fbc310-f2b2-4398-8aff-5d706c2b3211@group-D5C80B802425-FollowerState: change to CANDIDATE, lastRpcTime:5003ms, electionTimeout:5003ms
2019-10-02 21:18:46,538 [Thread-3327] INFO  impl.RoleInfo (RoleInfo.java:shutdownFollowerState(121)) - 90fbc310-f2b2-4398-8aff-5d706c2b3211: shutdown FollowerState
2019-10-02 21:18:46,538 [Thread-3327] INFO  impl.RaftServerImpl (RaftServerImpl.java:setRole(170)) - 90fbc310-f2b2-4398-8aff-5d706c2b3211@group-D5C80B802425: changes role from  FOLLOWER to CANDIDATE at term 0 for changeToCandidate
2019-10-02 21:18:46,538 [Thread-3327] INFO  impl.RoleInfo (RoleInfo.java:updateAndGet(143)) - 90fbc310-f2b2-4398-8aff-5d706c2b3211: start LeaderElection
2019-10-02 21:18:46,560 [90fbc310-f2b2-4398-8aff-5d706c2b3211@group-D5C80B802425-LeaderElection76] INFO  impl.LeaderElection (LeaderElection.java:askForVotes(178)) - 90fbc310-f2b2-4398-8aff-5d706c2b3211@group-D5C80B802425-LeaderElection76: begin an election at term 1 for -1: [90fbc310-f2b2-4398-8aff-5d706c2b3211:192.168.151.122:36547, 1c893cf2-42ed-44e2-a93b-04c4be59773d:192.168.151.122:35490, 2e6c7c75-c299-4730-9b1b-71cf3d67f0ed:192.168.151.122:45222], old=null
2019-10-02 21:18:46,564 [grpc-default-executor-3] INFO  impl.RaftServerImpl (RaftServerImpl.java:setRole(170)) - 1c893cf2-42ed-44e2-a93b-04c4be59773d@group-D5C80B802425: changes role from  FOLLOWER to FOLLOWER at term 1 for recognizeCandidate:90fbc310-f2b2-4398-8aff-5d706c2b3211
2019-10-02 21:18:46,567 [grpc-default-executor-11] INFO  impl.RaftServerImpl (RaftServerImpl.java:setRole(170)) - 2e6c7c75-c299-4730-9b1b-71cf3d67f0ed@group-D5C80B802425: changes role from  FOLLOWER to FOLLOWER at term 1 for recognizeCandidate:90fbc310-f2b2-4398-8aff-5d706c2b3211
2019-10-02 21:18:46,567 [grpc-default-executor-3] INFO  impl.RoleInfo (RoleInfo.java:shutdownFollowerState(121)) - 1c893cf2-42ed-44e2-a93b-04c4be59773d: shutdown FollowerState
2019-10-02 21:18:46,568 [grpc-default-executor-11] INFO  impl.RoleInfo (RoleInfo.java:shutdownFollowerState(121)) - 2e6c7c75-c299-4730-9b1b-71cf3d67f0ed: shutdown FollowerState
2019-10-02 21:18:46,568 [grpc-default-executor-3] INFO  impl.RoleInfo (RoleInfo.java:updateAndGet(143)) - 1c893cf2-42ed-44e2-a93b-04c4be59773d: start FollowerState
2019-10-02 21:18:46,568 [Thread-3325] INFO  impl.FollowerState (FollowerState.java:run(117)) - 1c893cf2-42ed-44e2-a93b-04c4be59773d@group-D5C80B802425-FollowerState was interrupted: java.lang.InterruptedException: sleep interrupted
2019-10-02 21:18:46,568 [grpc-default-executor-11] INFO  impl.RoleInfo (RoleInfo.java:updateAndGet(143)) - 2e6c7c75-c299-4730-9b1b-71cf3d67f0ed: start FollowerState
2019-10-02 21:18:46,568 [Thread-3326] INFO  impl.FollowerState (FollowerState.java:run(117)) - 2e6c7c75-c299-4730-9b1b-71cf3d67f0ed@group-D5C80B802425-FollowerState was interrupted: java.lang.InterruptedException: sleep interrupted
2019-10-02 21:18:46,589 [90fbc310-f2b2-4398-8aff-5d706c2b3211@group-D5C80B802425-LeaderElection76] INFO  impl.LeaderElection (LeaderElection.java:logAndReturn(56)) - 90fbc310-f2b2-4398-8aff-5d706c2b3211@group-D5C80B802425-LeaderElection76: Election PASSED; received 1 response(s) [90fbc310-f2b2-4398-8aff-5d706c2b3211<-2e6c7c75-c299-4730-9b1b-71cf3d67f0ed#0:OK-t1] and 0 exception(s); 90fbc310-f2b2-4398-8aff-5d706c2b3211@group-D5C80B802425:t1, leader=null, voted=90fbc310-f2b2-4398-8aff-5d706c2b3211, raftlog=90fbc310-f2b2-4398-8aff-5d706c2b3211@group-D5C80B802425-SegmentedRaftLog:OPENED:c-1,f-1,i0, conf=-1: [90fbc310-f2b2-4398-8aff-5d706c2b3211:192.168.151.122:36547, 1c893cf2-42ed-44e2-a93b-04c4be59773d:192.168.151.122:35490, 2e6c7c75-c299-4730-9b1b-71cf3d67f0ed:192.168.151.122:45222], old=null
2019-10-02 21:18:46,589 [90fbc310-f2b2-4398-8aff-5d706c2b3211@group-D5C80B802425-LeaderElection76] INFO  impl.RoleInfo (RoleInfo.java:shutdownLeaderElection(134)) - 90fbc310-f2b2-4398-8aff-5d706c2b3211: shutdown LeaderElection
2019-10-02 21:18:46,589 [90fbc310-f2b2-4398-8aff-5d706c2b3211@group-D5C80B802425-LeaderElection76] INFO  impl.RaftServerImpl (RaftServerImpl.java:setRole(170)) - 90fbc310-f2b2-4398-8aff-5d706c2b3211@group-D5C80B802425: changes role from CANDIDATE to LEADER at term 1 for changeToLeader
2019-10-02 21:18:46,589 [90fbc310-f2b2-4398-8aff-5d706c2b3211@group-D5C80B802425-LeaderElection76] INFO  impl.RaftServerImpl (ServerState.java:setLeader(255)) - 90fbc310-f2b2-4398-8aff-5d706c2b3211@group-D5C80B802425: change Leader from null to 90fbc310-f2b2-4398-8aff-5d706c2b3211 at term 1 for becomeLeader, leader elected after 5065ms
2019-10-02 21:18:46,589 [90fbc310-f2b2-4398-8aff-5d706c2b3211@group-D5C80B802425-LeaderElection76] INFO  server.RaftServerConfigKeys (ConfUtils.java:logGet(43)) - raft.server.staging.catchup.gap = 1000 (default)
2019-10-02 21:18:46,590 [90fbc310-f2b2-4398-8aff-5d706c2b3211@group-D5C80B802425-LeaderElection76] INFO  server.RaftServerConfigKeys (ConfUtils.java:logGet(43)) - raft.server.rpc.sleep.time = 25ms (default)
2019-10-02 21:18:46,590 [90fbc310-f2b2-4398-8aff-5d706c2b3211@group-D5C80B802425-LeaderElection76] INFO  server.RaftServerConfigKeys (ConfUtils.java:logGet(43)) - raft.server.write.element-limit = 4096 (default)
2019-10-02 21:18:46,590 [90fbc310-f2b2-4398-8aff-5d706c2b3211@group-D5C80B802425-LeaderElection76] INFO  server.RaftServerConfigKeys (ConfUtils.java:logGet(43)) - raft.server.watch.timeout = 10s (default)
2019-10-02 21:18:46,590 [90fbc310-f2b2-4398-8aff-5d706c2b3211@group-D5C80B802425-LeaderElection76] INFO  server.RaftServerConfigKeys (ConfUtils.java:logGet(43)) - raft.server.watch.timeout.denomination = 1s (default)
2019-10-02 21:18:46,590 [90fbc310-f2b2-4398-8aff-5d706c2b3211@group-D5C80B802425-LeaderElection76] INFO  server.RaftServerConfigKeys (ConfUtils.java:logGet(43)) - raft.server.watch.element-limit = 65536 (default)
2019-10-02 21:18:46,593 [90fbc310-f2b2-4398-8aff-5d706c2b3211@group-D5C80B802425-LeaderElection76] INFO  server.RaftServerConfigKeys (ConfUtils.java:logGet(43)) - raft.server.log.appender.snapshot.chunk.size.max = 16MB (=16777216) (default)
2019-10-02 21:18:46,593 [90fbc310-f2b2-4398-8aff-5d706c2b3211@group-D5C80B802425-LeaderElection76] INFO  server.RaftServerConfigKeys (ConfUtils.java:logGet(43)) - raft.server.log.appender.buffer.byte-limit = 33554432 (custom)
2019-10-02 21:18:46,594 [90fbc310-f2b2-4398-8aff-5d706c2b3211@group-D5C80B802425-LeaderElection76] INFO  server.RaftServerConfigKeys (ConfUtils.java:logGet(43)) - raft.server.log.appender.buffer.element-limit = 1 (custom)
2019-10-02 21:18:46,594 [90fbc310-f2b2-4398-8aff-5d706c2b3211@group-D5C80B802425-LeaderElection76] INFO  grpc.GrpcConfigKeys$Server (ConfUtils.java:logGet(43)) - raft.grpc.server.leader.outstanding.appends.max = 128 (default)
2019-10-02 21:18:46,594 [90fbc310-f2b2-4398-8aff-5d706c2b3211@group-D5C80B802425-LeaderElection76] INFO  server.RaftServerConfigKeys (ConfUtils.java:logGet(43)) - raft.server.rpc.request.timeout = 3000ms (default)
2019-10-02 21:18:46,594 [90fbc310-f2b2-4398-8aff-5d706c2b3211@group-D5C80B802425-LeaderElection76] INFO  server.RaftServerConfigKeys (ConfUtils.java:logGet(43)) - raft.server.log.appender.install.snapshot.enabled = false (custom)
2019-10-02 21:18:46,595 [90fbc310-f2b2-4398-8aff-5d706c2b3211@group-D5C80B802425-LeaderElection76] INFO  server.RaftServerConfigKeys (ConfUtils.java:logGet(43)) - raft.server.log.appender.snapshot.chunk.size.max = 16MB (=16777216) (default)
2019-10-02 21:18:46,595 [90fbc310-f2b2-4398-8aff-5d706c2b3211@group-D5C80B802425-LeaderElection76] INFO  server.RaftServerConfigKeys (ConfUtils.java:logGet(43)) - raft.server.log.appender.buffer.byte-limit = 33554432 (custom)
2019-10-02 21:18:46,595 [90fbc310-f2b2-4398-8aff-5d706c2b3211@group-D5C80B802425-LeaderElection76] INFO  server.RaftServerConfigKeys (ConfUtils.java:logGet(43)) - raft.server.log.appender.buffer.element-limit = 1 (custom)
2019-10-02 21:18:46,595 [90fbc310-f2b2-4398-8aff-5d706c2b3211@group-D5C80B802425-LeaderElection76] INFO  grpc.GrpcConfigKeys$Server (ConfUtils.java:logGet(43)) - raft.grpc.server.leader.outstanding.appends.max = 128 (default)
2019-10-02 21:18:46,595 [90fbc310-f2b2-4398-8aff-5d706c2b3211@group-D5C80B802425-LeaderElection76] INFO  server.RaftServerConfigKeys (ConfUtils.java:logGet(43)) - raft.server.rpc.request.timeout = 3000ms (default)
2019-10-02 21:18:46,595 [90fbc310-f2b2-4398-8aff-5d706c2b3211@group-D5C80B802425-LeaderElection76] INFO  server.RaftServerConfigKeys (ConfUtils.java:logGet(43)) - raft.server.log.appender.install.snapshot.enabled = false (custom)
2019-10-02 21:18:46,596 [90fbc310-f2b2-4398-8aff-5d706c2b3211@group-D5C80B802425-LeaderElection76] INFO  impl.RoleInfo (RoleInfo.java:updateAndGet(143)) - 90fbc310-f2b2-4398-8aff-5d706c2b3211: start LeaderState
2019-10-02 21:18:46,596 [90fbc310-f2b2-4398-8aff-5d706c2b3211@group-D5C80B802425-LeaderElection76] INFO  segmented.SegmentedRaftLogWorker (SegmentedRaftLogWorker.java:startLogSegment(385)) - 90fbc310-f2b2-4398-8aff-5d706c2b3211@group-D5C80B802425-SegmentedRaftLogWorker: Starting segment from index:0
2019-10-02 21:18:46,597 [90fbc310-f2b2-4398-8aff-5d706c2b3211@group-D5C80B802425-LeaderElection76] INFO  impl.RaftServerImpl (ServerState.java:setRaftConf(356)) - 90fbc310-f2b2-4398-8aff-5d706c2b3211@group-D5C80B802425: set configuration 0: [90fbc310-f2b2-4398-8aff-5d706c2b3211:192.168.151.122:36547, 1c893cf2-42ed-44e2-a93b-04c4be59773d:192.168.151.122:35490, 2e6c7c75-c299-4730-9b1b-71cf3d67f0ed:192.168.151.122:45222], old=null at 0
2019-10-02 21:18:46,598 [grpc-default-executor-3] INFO  impl.RaftServerImpl (ServerState.java:setLeader(255)) - 1c893cf2-42ed-44e2-a93b-04c4be59773d@group-D5C80B802425: change Leader from null to 90fbc310-f2b2-4398-8aff-5d706c2b3211 at term 1 for appendEntries, leader elected after 5074ms
2019-10-02 21:18:46,635 [grpc-default-executor-11] INFO  impl.RaftServerImpl (ServerState.java:setLeader(255)) - 2e6c7c75-c299-4730-9b1b-71cf3d67f0ed@group-D5C80B802425: change Leader from null to 90fbc310-f2b2-4398-8aff-5d706c2b3211 at term 1 for appendEntries, leader elected after 5112ms
2019-10-02 21:18:46,640 [grpc-default-executor-11] INFO  impl.RaftServerImpl (ServerState.java:setRaftConf(356)) - 1c893cf2-42ed-44e2-a93b-04c4be59773d@group-D5C80B802425: set configuration 0: [90fbc310-f2b2-4398-8aff-5d706c2b3211:192.168.151.122:36547, 1c893cf2-42ed-44e2-a93b-04c4be59773d:192.168.151.122:35490, 2e6c7c75-c299-4730-9b1b-71cf3d67f0ed:192.168.151.122:45222], old=null at 0
2019-10-02 21:18:46,640 [grpc-default-executor-3] INFO  impl.RaftServerImpl (ServerState.java:setRaftConf(356)) - 2e6c7c75-c299-4730-9b1b-71cf3d67f0ed@group-D5C80B802425: set configuration 0: [90fbc310-f2b2-4398-8aff-5d706c2b3211:192.168.151.122:36547, 1c893cf2-42ed-44e2-a93b-04c4be59773d:192.168.151.122:35490, 2e6c7c75-c299-4730-9b1b-71cf3d67f0ed:192.168.151.122:45222], old=null at 0
2019-10-02 21:18:46,640 [grpc-default-executor-11] INFO  segmented.SegmentedRaftLogWorker (SegmentedRaftLogWorker.java:startLogSegment(385)) - 1c893cf2-42ed-44e2-a93b-04c4be59773d@group-D5C80B802425-SegmentedRaftLogWorker: Starting segment from index:0
2019-10-02 21:18:46,640 [grpc-default-executor-3] INFO  segmented.SegmentedRaftLogWorker (SegmentedRaftLogWorker.java:startLogSegment(385)) - 2e6c7c75-c299-4730-9b1b-71cf3d67f0ed@group-D5C80B802425-SegmentedRaftLogWorker: Starting segment from index:0
2019-10-02 21:18:46,644 [90fbc310-f2b2-4398-8aff-5d706c2b3211@group-D5C80B802425-SegmentedRaftLogWorker] INFO  segmented.SegmentedRaftLogWorker (SegmentedRaftLogWorker.java:execute(574)) - 90fbc310-f2b2-4398-8aff-5d706c2b3211@group-D5C80B802425-SegmentedRaftLogWorker: created new log segment /workdir/hadoop-ozone/integration-test/target/test-dir/MiniOzoneClusterImpl-25ddea64-d207-408c-b907-17765ca49936/datanode-3/data/ratis/f251233d-591d-4f11-a887-d5c80b802425/current/log_inprogress_0
2019-10-02 21:18:46,686 [1c893cf2-42ed-44e2-a93b-04c4be59773d@group-D5C80B802425-SegmentedRaftLogWorker] INFO  segmented.SegmentedRaftLogWorker (SegmentedRaftLogWorker.java:execute(574)) - 1c893cf2-42ed-44e2-a93b-04c4be59773d@group-D5C80B802425-SegmentedRaftLogWorker: created new log segment /workdir/hadoop-ozone/integration-test/target/test-dir/MiniOzoneClusterImpl-25ddea64-d207-408c-b907-17765ca49936/datanode-2/data/ratis/f251233d-591d-4f11-a887-d5c80b802425/current/log_inprogress_0
2019-10-02 21:18:46,689 [2e6c7c75-c299-4730-9b1b-71cf3d67f0ed@group-D5C80B802425-SegmentedRaftLogWorker] INFO  segmented.SegmentedRaftLogWorker (SegmentedRaftLogWorker.java:execute(574)) - 2e6c7c75-c299-4730-9b1b-71cf3d67f0ed@group-D5C80B802425-SegmentedRaftLogWorker: created new log segment /workdir/hadoop-ozone/integration-test/target/test-dir/MiniOzoneClusterImpl-25ddea64-d207-408c-b907-17765ca49936/datanode-0/data/ratis/f251233d-591d-4f11-a887-d5c80b802425/current/log_inprogress_0
2019-10-02 21:18:46,850 [main] INFO  ozone.MiniOzoneClusterImpl (MiniOzoneClusterImpl.java:shutdown(314)) - Shutting down the Mini Ozone Cluster
2019-10-02 21:18:46,850 [main] INFO  ozone.MiniOzoneClusterImpl (MiniOzoneClusterImpl.java:stop(330)) - Stopping the Mini Ozone Cluster
2019-10-02 21:18:46,850 [main] INFO  ozone.MiniOzoneClusterImpl (MiniOzoneClusterImpl.java:stopOM(400)) - Stopping the OzoneManager
2019-10-02 21:18:46,850 [main] INFO  ipc.Server (Server.java:stop(3082)) - Stopping server on 35230
2019-10-02 21:18:46,864 [IPC Server listener on 35230] INFO  ipc.Server (Server.java:run(1185)) - Stopping IPC Server listener on 35230
2019-10-02 21:18:46,864 [main] INFO  ratis.OzoneManagerDoubleBuffer (OzoneManagerDoubleBuffer.java:stop(248)) - Stopping OMDoubleBuffer flush thread
2019-10-02 21:18:46,864 [IPC Server Responder] INFO  ipc.Server (Server.java:run(1319)) - Stopping IPC Server Responder
2019-10-02 21:18:46,867 [OMDoubleBufferFlushThread] INFO  ratis.OzoneManagerDoubleBuffer (OzoneManagerDoubleBuffer.java:flushTransactions(191)) - OMDoubleBuffer flush thread OMDoubleBufferFlushThread is interrupted and will exit. OMDoubleBufferFlushThread
2019-10-02 21:18:46,880 [main] INFO  utils.BackgroundService (BackgroundService.java:shutdown(148)) - Shutting down service KeyDeletingService
2019-10-02 21:18:46,890 [main] INFO  handler.ContextHandler (ContextHandler.java:doStop(910)) - Stopped o.e.j.w.WebAppContext@756808cc{/,null,UNAVAILABLE}{/ozoneManager}
2019-10-02 21:18:46,891 [main] INFO  server.AbstractConnector (AbstractConnector.java:doStop(318)) - Stopped ServerConnector@52f8a6f4{HTTP/1.1,[http/1.1]}{0.0.0.0:0}
2019-10-02 21:18:46,891 [main] INFO  handler.ContextHandler (ContextHandler.java:doStop(910)) - Stopped o.e.j.s.ServletContextHandler@2726a511{/static,file:///workdir/hadoop-ozone/integration-test/target/test-classes/webapps/static,UNAVAILABLE}
2019-10-02 21:18:46,891 [main] INFO  handler.ContextHandler (ContextHandler.java:doStop(910)) - Stopped o.e.j.s.ServletContextHandler@682e422c{/logs,file:///workdir/hadoop-ozone/integration-test/target/log,UNAVAILABLE}
2019-10-02 21:18:46,893 [main] INFO  ozone.MiniOzoneClusterImpl (MiniOzoneClusterImpl.java:stopDatanodes(377)) - Stopping the HddsDatanodes
2019-10-02 21:18:47,304 [Datanode State Machine Thread - 0] INFO  statemachine.DatanodeStateMachine (DatanodeStateMachine.java:lambda$startDaemon$0(350)) - Ozone container server started.
2019-10-02 21:18:47,778 [Datanode State Machine Thread - 0] INFO  statemachine.DatanodeStateMachine (DatanodeStateMachine.java:lambda$startDaemon$0(350)) - Ozone container server started.
2019-10-02 21:18:48,252 [grpc-default-executor-6] WARN  server.GrpcLogAppender (LogUtils.java:warn(134)) - 1c893cf2-42ed-44e2-a93b-04c4be59773d@group-F79942DAF1B7->480ea95e-ee97-48dd-ba86-160bad61f78a-AppendLogResponseHandler: Failed appendEntries: org.apache.ratis.thirdparty.io.grpc.StatusRuntimeException: UNAVAILABLE: io exception
2019-10-02 21:18:48,252 [grpc-default-executor-6] INFO  impl.FollowerInfo (FollowerInfo.java:lambda$new$0(51)) - 1c893cf2-42ed-44e2-a93b-04c4be59773d@group-F79942DAF1B7->480ea95e-ee97-48dd-ba86-160bad61f78a: nextIndex: updateUnconditionally 0 -> 0
2019-10-02 21:18:50,753 [grpc-default-executor-3] WARN  server.GrpcLogAppender (LogUtils.java:warn(134)) - 1c893cf2-42ed-44e2-a93b-04c4be59773d@group-F79942DAF1B7->480ea95e-ee97-48dd-ba86-160bad61f78a-AppendLogResponseHandler: Failed appendEntries: org.apache.ratis.thirdparty.io.grpc.StatusRuntimeException: UNAVAILABLE: io exception
2019-10-02 21:18:50,754 [grpc-default-executor-3] INFO  impl.FollowerInfo (FollowerInfo.java:lambda$new$0(51)) - 1c893cf2-42ed-44e2-a93b-04c4be59773d@group-F79942DAF1B7->480ea95e-ee97-48dd-ba86-160bad61f78a: nextIndex: updateUnconditionally 0 -> 0
2019-10-02 21:18:51,397 [EventQueue-StaleNodeForStaleNodeHandler] INFO  node.StaleNodeHandler (StaleNodeHandler.java:onMessage(58)) - Datanode 5216852f-18dc-4290-a94d-0088d3583f0b{ip: 192.168.151.122, host: pr-hdds-2200-trunk-mgnwx-192523005, networkLocation: /default-rack, certSerialId: null} moved to stale state. Finalizing its pipelines [PipelineID=62304980-b28a-469c-9b52-69df24cd116f, PipelineID=3503793f-27b9-4842-8666-c2cf2753b394]
2019-10-02 21:18:51,397 [EventQueue-StaleNodeForStaleNodeHandler] INFO  pipeline.SCMPipelineManager (SCMPipelineManager.java:finalizeAndDestroyPipeline(315)) - destroying pipeline:Pipeline[ Id: 62304980-b28a-469c-9b52-69df24cd116f, Nodes: 5216852f-18dc-4290-a94d-0088d3583f0b{ip: 192.168.151.122, host: pr-hdds-2200-trunk-mgnwx-192523005, networkLocation: /default-rack, certSerialId: null}, Type:RATIS, Factor:ONE, State:OPEN]
2019-10-02 21:18:51,397 [EventQueue-StaleNodeForStaleNodeHandler] INFO  pipeline.PipelineStateManager (PipelineStateManager.java:finalizePipeline(123)) - Pipeline Pipeline[ Id: 62304980-b28a-469c-9b52-69df24cd116f, Nodes: 5216852f-18dc-4290-a94d-0088d3583f0b{ip: 192.168.151.122, host: pr-hdds-2200-trunk-mgnwx-192523005, networkLocation: /default-rack, certSerialId: null}, Type:RATIS, Factor:ONE, State:CLOSED] moved to CLOSED state
2019-10-02 21:18:51,398 [EventQueue-StaleNodeForStaleNodeHandler] INFO  pipeline.SCMPipelineManager (SCMPipelineManager.java:finalizeAndDestroyPipeline(315)) - destroying pipeline:Pipeline[ Id: 3503793f-27b9-4842-8666-c2cf2753b394, Nodes: 188d4931-1966-470e-bf45-48f1f3832163{ip: 192.168.151.122, host: pr-hdds-2200-trunk-mgnwx-192523005, networkLocation: /default-rack, certSerialId: null}5216852f-18dc-4290-a94d-0088d3583f0b{ip: 192.168.151.122, host: pr-hdds-2200-trunk-mgnwx-192523005, networkLocation: /default-rack, certSerialId: null}e6648afa-7a91-4543-9f1c-af23da2cc97c{ip: 192.168.151.122, host: pr-hdds-2200-trunk-mgnwx-192523005, networkLocation: /default-rack, certSerialId: null}, Type:RATIS, Factor:THREE, State:OPEN]
2019-10-02 21:18:51,398 [EventQueue-StaleNodeForStaleNodeHandler] INFO  pipeline.PipelineStateManager (PipelineStateManager.java:finalizePipeline(123)) - Pipeline Pipeline[ Id: 3503793f-27b9-4842-8666-c2cf2753b394, Nodes: 188d4931-1966-470e-bf45-48f1f3832163{ip: 192.168.151.122, host: pr-hdds-2200-trunk-mgnwx-192523005, networkLocation: /default-rack, certSerialId: null}5216852f-18dc-4290-a94d-0088d3583f0b{ip: 192.168.151.122, host: pr-hdds-2200-trunk-mgnwx-192523005, networkLocation: /default-rack, certSerialId: null}e6648afa-7a91-4543-9f1c-af23da2cc97c{ip: 192.168.151.122, host: pr-hdds-2200-trunk-mgnwx-192523005, networkLocation: /default-rack, certSerialId: null}, Type:RATIS, Factor:THREE, State:CLOSED] moved to CLOSED state
2019-10-02 21:18:51,398 [EventQueue-CloseContainerForCloseContainerEventHandler] INFO  container.CloseContainerEventHandler (CloseContainerEventHandler.java:onMessage(61)) - Close container Event triggered for container : #2
2019-10-02 21:18:51,797 [EventQueue-StaleNodeForStaleNodeHandler] INFO  node.StaleNodeHandler (StaleNodeHandler.java:onMessage(58)) - Datanode 1c893cf2-42ed-44e2-a93b-04c4be59773d{ip: 192.168.151.122, host: pr-hdds-2200-trunk-mgnwx-192523005, networkLocation: /default-rack, certSerialId: null} moved to stale state. Finalizing its pipelines [PipelineID=12139f1f-48c9-4517-9f14-0131ba8be3ed, PipelineID=d42bb959-4708-4b58-aa62-f79942daf1b7, PipelineID=f251233d-591d-4f11-a887-d5c80b802425]
2019-10-02 21:18:51,799 [EventQueue-StaleNodeForStaleNodeHandler] INFO  pipeline.SCMPipelineManager (SCMPipelineManager.java:finalizeAndDestroyPipeline(315)) - destroying pipeline:Pipeline[ Id: 12139f1f-48c9-4517-9f14-0131ba8be3ed, Nodes: 1c893cf2-42ed-44e2-a93b-04c4be59773d{ip: 192.168.151.122, host: pr-hdds-2200-trunk-mgnwx-192523005, networkLocation: /default-rack, certSerialId: null}, Type:RATIS, Factor:ONE, State:OPEN]
2019-10-02 21:18:51,799 [EventQueue-StaleNodeForStaleNodeHandler] INFO  pipeline.PipelineStateManager (PipelineStateManager.java:finalizePipeline(123)) - Pipeline Pipeline[ Id: 12139f1f-48c9-4517-9f14-0131ba8be3ed, Nodes: 1c893cf2-42ed-44e2-a93b-04c4be59773d{ip: 192.168.151.122, host: pr-hdds-2200-trunk-mgnwx-192523005, networkLocation: /default-rack, certSerialId: null}, Type:RATIS, Factor:ONE, State:CLOSED] moved to CLOSED state
2019-10-02 21:18:51,799 [EventQueue-StaleNodeForStaleNodeHandler] INFO  pipeline.SCMPipelineManager (SCMPipelineManager.java:finalizeAndDestroyPipeline(315)) - destroying pipeline:Pipeline[ Id: d42bb959-4708-4b58-aa62-f79942daf1b7, Nodes: 480ea95e-ee97-48dd-ba86-160bad61f78a{ip: 192.168.151.122, host: pr-hdds-2200-trunk-mgnwx-192523005, networkLocation: /default-rack, certSerialId: null}2e6c7c75-c299-4730-9b1b-71cf3d67f0ed{ip: 192.168.151.122, host: pr-hdds-2200-trunk-mgnwx-192523005, networkLocation: /default-rack, certSerialId: null}1c893cf2-42ed-44e2-a93b-04c4be59773d{ip: 192.168.151.122, host: pr-hdds-2200-trunk-mgnwx-192523005, networkLocation: /default-rack, certSerialId: null}, Type:RATIS, Factor:THREE, State:CLOSED]
2019-10-02 21:18:51,799 [EventQueue-StaleNodeForStaleNodeHandler] INFO  pipeline.SCMPipelineManager (SCMPipelineManager.java:finalizeAndDestroyPipeline(315)) - destroying pipeline:Pipeline[ Id: f251233d-591d-4f11-a887-d5c80b802425, Nodes: 90fbc310-f2b2-4398-8aff-5d706c2b3211{ip: 192.168.151.122, host: pr-hdds-2200-trunk-mgnwx-192523005, networkLocation: /default-rack, certSerialId: null}2e6c7c75-c299-4730-9b1b-71cf3d67f0ed{ip: 192.168.151.122, host: pr-hdds-2200-trunk-mgnwx-192523005, networkLocation: /default-rack, certSerialId: null}1c893cf2-42ed-44e2-a93b-04c4be59773d{ip: 192.168.151.122, host: pr-hdds-2200-trunk-mgnwx-192523005, networkLocation: /default-rack, certSerialId: null}, Type:RATIS, Factor:THREE, State:OPEN]
2019-10-02 21:18:51,799 [EventQueue-StaleNodeForStaleNodeHandler] INFO  pipeline.PipelineStateManager (PipelineStateManager.java:finalizePipeline(123)) - Pipeline Pipeline[ Id: f251233d-591d-4f11-a887-d5c80b802425, Nodes: 90fbc310-f2b2-4398-8aff-5d706c2b3211{ip: 192.168.151.122, host: pr-hdds-2200-trunk-mgnwx-192523005, networkLocation: /default-rack, certSerialId: null}2e6c7c75-c299-4730-9b1b-71cf3d67f0ed{ip: 192.168.151.122, host: pr-hdds-2200-trunk-mgnwx-192523005, networkLocation: /default-rack, certSerialId: null}1c893cf2-42ed-44e2-a93b-04c4be59773d{ip: 192.168.151.122, host: pr-hdds-2200-trunk-mgnwx-192523005, networkLocation: /default-rack, certSerialId: null}, Type:RATIS, Factor:THREE, State:CLOSED] moved to CLOSED state
2019-10-02 21:18:51,799 [EventQueue-CloseContainerForCloseContainerEventHandler] INFO  container.CloseContainerEventHandler (CloseContainerEventHandler.java:onMessage(61)) - Close container Event triggered for container : #3
2019-10-02 21:18:51,894 [ForkJoinPool.commonPool-worker-1] INFO  ozoneimpl.OzoneContainer (OzoneContainer.java:stop(231)) - Attempting to stop container services.
2019-10-02 21:18:51,894 [main] INFO  ozoneimpl.OzoneContainer (OzoneContainer.java:stop(231)) - Attempting to stop container services.
2019-10-02 21:18:51,898 [ForkJoinPool.commonPool-worker-1] INFO  impl.RaftServerProxy (RaftServerProxy.java:lambda$close$4(314)) - 1c893cf2-42ed-44e2-a93b-04c4be59773d: close
2019-10-02 21:18:51,898 [main] INFO  impl.RaftServerProxy (RaftServerProxy.java:lambda$close$4(314)) - 5216852f-18dc-4290-a94d-0088d3583f0b: close
2019-10-02 21:18:51,899 [ForkJoinPool.commonPool-worker-1] INFO  impl.RaftServerImpl (RaftServerImpl.java:lambda$shutdown$3(247)) - 1c893cf2-42ed-44e2-a93b-04c4be59773d@group-0131BA8BE3ED: shutdown
2019-10-02 21:18:51,899 [main] INFO  impl.RaftServerImpl (RaftServerImpl.java:lambda$shutdown$3(247)) - 5216852f-18dc-4290-a94d-0088d3583f0b@group-69DF24CD116F: shutdown
2019-10-02 21:18:51,899 [ForkJoinPool.commonPool-worker-1] INFO  util.JmxRegister (JmxRegister.java:unregister(73)) - Successfully un-registered JMX Bean with object name Ratis:service=RaftServer,group=group-0131BA8BE3ED,id=1c893cf2-42ed-44e2-a93b-04c4be59773d
2019-10-02 21:18:51,899 [main] INFO  util.JmxRegister (JmxRegister.java:unregister(73)) - Successfully un-registered JMX Bean with object name Ratis:service=RaftServer,group=group-69DF24CD116F,id=5216852f-18dc-4290-a94d-0088d3583f0b
2019-10-02 21:18:51,900 [ForkJoinPool.commonPool-worker-1] INFO  impl.RoleInfo (RoleInfo.java:shutdownLeaderState(104)) - 1c893cf2-42ed-44e2-a93b-04c4be59773d: shutdown LeaderState
2019-10-02 21:18:51,900 [main] INFO  impl.RoleInfo (RoleInfo.java:shutdownLeaderState(104)) - 5216852f-18dc-4290-a94d-0088d3583f0b: shutdown LeaderState
2019-10-02 21:18:51,900 [ForkJoinPool.commonPool-worker-1] INFO  impl.PendingRequests (PendingRequests.java:sendNotLeaderResponses(202)) - 1c893cf2-42ed-44e2-a93b-04c4be59773d@group-0131BA8BE3ED-PendingRequests: sendNotLeaderResponses
2019-10-02 21:18:51,901 [main] INFO  impl.PendingRequests (PendingRequests.java:sendNotLeaderResponses(202)) - 5216852f-18dc-4290-a94d-0088d3583f0b@group-69DF24CD116F-PendingRequests: sendNotLeaderResponses
2019-10-02 21:18:51,901 [ForkJoinPool.commonPool-worker-1] INFO  impl.StateMachineUpdater (StateMachineUpdater.java:stopAndJoin(136)) - 1c893cf2-42ed-44e2-a93b-04c4be59773d@group-0131BA8BE3ED-StateMachineUpdater: set stopIndex = 0
2019-10-02 21:18:51,902 [main] INFO  impl.StateMachineUpdater (StateMachineUpdater.java:stopAndJoin(136)) - 5216852f-18dc-4290-a94d-0088d3583f0b@group-69DF24CD116F-StateMachineUpdater: set stopIndex = 0
2019-10-02 21:18:51,902 [ForkJoinPool.commonPool-worker-1] INFO  impl.RaftServerImpl (ServerState.java:close(387)) - 1c893cf2-42ed-44e2-a93b-04c4be59773d@group-0131BA8BE3ED: closes. applyIndex: 0
2019-10-02 21:18:51,902 [main] INFO  impl.RaftServerImpl (ServerState.java:close(387)) - 5216852f-18dc-4290-a94d-0088d3583f0b@group-69DF24CD116F: closes. applyIndex: 0
2019-10-02 21:18:51,903 [1c893cf2-42ed-44e2-a93b-04c4be59773d@group-0131BA8BE3ED-SegmentedRaftLogWorker] INFO  segmented.SegmentedRaftLogWorker (SegmentedRaftLogWorker.java:run(316)) - 1c893cf2-42ed-44e2-a93b-04c4be59773d@group-0131BA8BE3ED-SegmentedRaftLogWorker was interrupted, exiting. There are 0 tasks remaining in the queue.
2019-10-02 21:18:51,903 [5216852f-18dc-4290-a94d-0088d3583f0b@group-69DF24CD116F-SegmentedRaftLogWorker] INFO  segmented.SegmentedRaftLogWorker (SegmentedRaftLogWorker.java:run(316)) - 5216852f-18dc-4290-a94d-0088d3583f0b@group-69DF24CD116F-SegmentedRaftLogWorker was interrupted, exiting. There are 0 tasks remaining in the queue.
2019-10-02 21:18:51,905 [ForkJoinPool.commonPool-worker-1] INFO  segmented.SegmentedRaftLogWorker (SegmentedRaftLogWorker.java:close(224)) - 1c893cf2-42ed-44e2-a93b-04c4be59773d@group-0131BA8BE3ED-SegmentedRaftLogWorker close()
2019-10-02 21:18:51,908 [main] INFO  segmented.SegmentedRaftLogWorker (SegmentedRaftLogWorker.java:close(224)) - 5216852f-18dc-4290-a94d-0088d3583f0b@group-69DF24CD116F-SegmentedRaftLogWorker close()
2019-10-02 21:18:51,912 [ForkJoinPool.commonPool-worker-1] INFO  impl.RaftServerImpl (RaftServerImpl.java:lambda$shutdown$3(247)) - 1c893cf2-42ed-44e2-a93b-04c4be59773d@group-F79942DAF1B7: shutdown
2019-10-02 21:18:51,918 [main] INFO  impl.RaftServerImpl (RaftServerImpl.java:lambda$shutdown$3(247)) - 5216852f-18dc-4290-a94d-0088d3583f0b@group-C2CF2753B394: shutdown
2019-10-02 21:18:51,918 [ForkJoinPool.commonPool-worker-1] INFO  util.JmxRegister (JmxRegister.java:unregister(73)) - Successfully un-registered JMX Bean with object name Ratis:service=RaftServer,group=group-F79942DAF1B7,id=1c893cf2-42ed-44e2-a93b-04c4be59773d
2019-10-02 21:18:51,918 [main] INFO  util.JmxRegister (JmxRegister.java:unregister(73)) - Successfully un-registered JMX Bean with object name Ratis:service=RaftServer,group=group-C2CF2753B394,id=5216852f-18dc-4290-a94d-0088d3583f0b
2019-10-02 21:18:51,919 [ForkJoinPool.commonPool-worker-1] INFO  impl.RoleInfo (RoleInfo.java:shutdownLeaderState(104)) - 1c893cf2-42ed-44e2-a93b-04c4be59773d: shutdown LeaderState
2019-10-02 21:18:51,919 [main] INFO  impl.RoleInfo (RoleInfo.java:shutdownFollowerState(121)) - 5216852f-18dc-4290-a94d-0088d3583f0b: shutdown FollowerState
2019-10-02 21:18:51,925 [org.apache.ratis.server.impl.LogAppender$AppenderDaemon$$Lambda$503/1132485710@7c32bbab] WARN  server.GrpcLogAppender (GrpcLogAppender.java:mayWait(143)) - 1c893cf2-42ed-44e2-a93b-04c4be59773d@group-F79942DAF1B7->480ea95e-ee97-48dd-ba86-160bad61f78a-GrpcLogAppender: Wait interrupted by java.lang.InterruptedException
2019-10-02 21:18:51,925 [org.apache.ratis.server.impl.LogAppender$AppenderDaemon$$Lambda$503/1132485710@4d6ef2c6] WARN  server.GrpcLogAppender (GrpcLogAppender.java:mayWait(143)) - 1c893cf2-42ed-44e2-a93b-04c4be59773d@group-F79942DAF1B7->2e6c7c75-c299-4730-9b1b-71cf3d67f0ed-GrpcLogAppender: Wait interrupted by java.lang.InterruptedException
2019-10-02 21:18:51,925 [5216852f-18dc-4290-a94d-0088d3583f0b@group-C2CF2753B394-StateMachineUpdater] INFO  ratis.ContainerStateMachine (ContainerStateMachine.java:takeSnapshot(289)) - group-C2CF2753B394: Taking a snapshot at:(t:1, i:16) file /workdir/hadoop-ozone/integration-test/target/test-dir/MiniOzoneClusterImpl-25ddea64-d207-408c-b907-17765ca49936/datanode-4/data/ratis/3503793f-27b9-4842-8666-c2cf2753b394/sm/snapshot.1_16
2019-10-02 21:18:51,925 [ForkJoinPool.commonPool-worker-1] INFO  impl.PendingRequests (PendingRequests.java:sendNotLeaderResponses(202)) - 1c893cf2-42ed-44e2-a93b-04c4be59773d@group-F79942DAF1B7-PendingRequests: sendNotLeaderResponses
2019-10-02 21:18:51,925 [Thread-3146] INFO  impl.FollowerState (FollowerState.java:run(117)) - 5216852f-18dc-4290-a94d-0088d3583f0b@group-C2CF2753B394-FollowerState was interrupted: java.lang.InterruptedException: sleep interrupted
2019-10-02 21:18:51,925 [main] INFO  impl.StateMachineUpdater (StateMachineUpdater.java:stopAndJoin(136)) - 5216852f-18dc-4290-a94d-0088d3583f0b@group-C2CF2753B394-StateMachineUpdater: set stopIndex = 16
2019-10-02 21:18:51,929 [1c893cf2-42ed-44e2-a93b-04c4be59773d@group-F79942DAF1B7-StateMachineUpdater] INFO  ratis.ContainerStateMachine (ContainerStateMachine.java:takeSnapshot(289)) - group-F79942DAF1B7: Taking a snapshot at:(t:1, i:13) file /workdir/hadoop-ozone/integration-test/target/test-dir/MiniOzoneClusterImpl-25ddea64-d207-408c-b907-17765ca49936/datanode-2/data/ratis/d42bb959-4708-4b58-aa62-f79942daf1b7/sm/snapshot.1_13
2019-10-02 21:18:51,926 [grpc-default-executor-3] INFO  server.GrpcServerProtocolService (GrpcServerProtocolService.java:onCompleted(113)) - 2e6c7c75-c299-4730-9b1b-71cf3d67f0ed: Completed APPEND_ENTRIES, lastRequest: 1c893cf2-42ed-44e2-a93b-04c4be59773d->2e6c7c75-c299-4730-9b1b-71cf3d67f0ed#7-t2, previous=(t:2, i:17), leaderCommit=17, initializing? false, entries: <empty>
2019-10-02 21:18:51,926 [ForkJoinPool.commonPool-worker-1] INFO  impl.StateMachineUpdater (StateMachineUpdater.java:stopAndJoin(136)) - 1c893cf2-42ed-44e2-a93b-04c4be59773d@group-F79942DAF1B7-StateMachineUpdater: set stopIndex = 17
2019-10-02 21:18:51,930 [grpc-default-executor-3] INFO  server.GrpcLogAppender (GrpcLogAppender.java:onCompleted(293)) - 1c893cf2-42ed-44e2-a93b-04c4be59773d@group-F79942DAF1B7->2e6c7c75-c299-4730-9b1b-71cf3d67f0ed-AppendLogResponseHandler: follower responses appendEntries COMPLETED
2019-10-02 21:18:51,931 [grpc-default-executor-3] INFO  impl.FollowerInfo (FollowerInfo.java:lambda$new$0(51)) - 1c893cf2-42ed-44e2-a93b-04c4be59773d@group-F79942DAF1B7->2e6c7c75-c299-4730-9b1b-71cf3d67f0ed: nextIndex: updateUnconditionally 18 -> 17
2019-10-02 21:18:51,944 [5216852f-18dc-4290-a94d-0088d3583f0b@group-C2CF2753B394-StateMachineUpdater] INFO  ratis.ContainerStateMachine (ContainerStateMachine.java:takeSnapshot(300)) - group-C2CF2753B394: Finished taking a snapshot at:(t:1, i:16) file:/workdir/hadoop-ozone/integration-test/target/test-dir/MiniOzoneClusterImpl-25ddea64-d207-408c-b907-17765ca49936/datanode-4/data/ratis/3503793f-27b9-4842-8666-c2cf2753b394/sm/snapshot.1_16 time:18
2019-10-02 21:18:51,944 [1c893cf2-42ed-44e2-a93b-04c4be59773d@group-F79942DAF1B7-StateMachineUpdater] INFO  ratis.ContainerStateMachine (ContainerStateMachine.java:takeSnapshot(300)) - group-F79942DAF1B7: Finished taking a snapshot at:(t:1, i:13) file:/workdir/hadoop-ozone/integration-test/target/test-dir/MiniOzoneClusterImpl-25ddea64-d207-408c-b907-17765ca49936/datanode-2/data/ratis/d42bb959-4708-4b58-aa62-f79942daf1b7/sm/snapshot.1_13 time:14
2019-10-02 21:18:51,944 [5216852f-18dc-4290-a94d-0088d3583f0b@group-C2CF2753B394-StateMachineUpdater] INFO  impl.StateMachineUpdater (StateMachineUpdater.java:takeSnapshot(269)) - 5216852f-18dc-4290-a94d-0088d3583f0b@group-C2CF2753B394-StateMachineUpdater: Took a snapshot at index 16
2019-10-02 21:18:51,944 [1c893cf2-42ed-44e2-a93b-04c4be59773d@group-F79942DAF1B7-StateMachineUpdater] INFO  impl.StateMachineUpdater (StateMachineUpdater.java:takeSnapshot(269)) - 1c893cf2-42ed-44e2-a93b-04c4be59773d@group-F79942DAF1B7-StateMachineUpdater: Took a snapshot at index 13
2019-10-02 21:18:51,944 [5216852f-18dc-4290-a94d-0088d3583f0b@group-C2CF2753B394-StateMachineUpdater] INFO  impl.StateMachineUpdater (StateMachineUpdater.java:lambda$new$0(84)) - 5216852f-18dc-4290-a94d-0088d3583f0b@group-C2CF2753B394-StateMachineUpdater: snapshotIndex: updateIncreasingly -1 -> 16
2019-10-02 21:18:51,944 [1c893cf2-42ed-44e2-a93b-04c4be59773d@group-F79942DAF1B7-StateMachineUpdater] INFO  impl.StateMachineUpdater (StateMachineUpdater.java:lambda$new$0(84)) - 1c893cf2-42ed-44e2-a93b-04c4be59773d@group-F79942DAF1B7-StateMachineUpdater: snapshotIndex: updateIncreasingly -1 -> 13
2019-10-02 21:18:51,945 [1c893cf2-42ed-44e2-a93b-04c4be59773d@group-F79942DAF1B7-StateMachineUpdater] INFO  ratis.ContainerStateMachine (ContainerStateMachine.java:takeSnapshot(289)) - group-F79942DAF1B7: Taking a snapshot at:(t:1, i:13) file /workdir/hadoop-ozone/integration-test/target/test-dir/MiniOzoneClusterImpl-25ddea64-d207-408c-b907-17765ca49936/datanode-2/data/ratis/d42bb959-4708-4b58-aa62-f79942daf1b7/sm/snapshot.1_13
2019-10-02 21:18:51,945 [main] INFO  impl.RaftServerImpl (ServerState.java:close(387)) - 5216852f-18dc-4290-a94d-0088d3583f0b@group-C2CF2753B394: closes. applyIndex: 16
2019-10-02 21:18:51,945 [5216852f-18dc-4290-a94d-0088d3583f0b@group-C2CF2753B394-SegmentedRaftLogWorker] INFO  segmented.SegmentedRaftLogWorker (SegmentedRaftLogWorker.java:run(316)) - 5216852f-18dc-4290-a94d-0088d3583f0b@group-C2CF2753B394-SegmentedRaftLogWorker was interrupted, exiting. There are 0 tasks remaining in the queue.
2019-10-02 21:18:51,948 [main] INFO  segmented.SegmentedRaftLogWorker (SegmentedRaftLogWorker.java:close(224)) - 5216852f-18dc-4290-a94d-0088d3583f0b@group-C2CF2753B394-SegmentedRaftLogWorker close()
2019-10-02 21:18:51,954 [main] INFO  server.GrpcService (GrpcService.java:closeImpl(164)) - 5216852f-18dc-4290-a94d-0088d3583f0b: shutdown server with port 40251 now
2019-10-02 21:18:51,955 [grpc-default-executor-6] WARN  server.GrpcServerProtocolService (LogUtils.java:warn(134)) - 5216852f-18dc-4290-a94d-0088d3583f0b: installSnapshot onError, lastRequest: e6648afa-7a91-4543-9f1c-af23da2cc97c->5216852f-18dc-4290-a94d-0088d3583f0b#27-t1, previous=(t:1, i:16), leaderCommit=16, initializing? false, entries: <empty>: org.apache.ratis.thirdparty.io.grpc.StatusRuntimeException: CANCELLED: cancelled before receiving half close
2019-10-02 21:18:51,955 [main] INFO  server.GrpcService (GrpcService.java:closeImpl(172)) - 5216852f-18dc-4290-a94d-0088d3583f0b: shutdown server with port 40251 successfully
2019-10-02 21:18:51,955 [grpc-default-executor-3] WARN  server.GrpcLogAppender (LogUtils.java:warn(134)) - e6648afa-7a91-4543-9f1c-af23da2cc97c@group-C2CF2753B394->5216852f-18dc-4290-a94d-0088d3583f0b-AppendLogResponseHandler: Failed appendEntries: org.apache.ratis.thirdparty.io.grpc.StatusRuntimeException: CANCELLED: HTTP/2 error code: CANCEL
Received Rst Stream
2019-10-02 21:18:51,956 [grpc-default-executor-3] INFO  impl.FollowerInfo (FollowerInfo.java:lambda$new$0(51)) - e6648afa-7a91-4543-9f1c-af23da2cc97c@group-C2CF2753B394->5216852f-18dc-4290-a94d-0088d3583f0b: nextIndex: updateUnconditionally 17 -> 16
2019-10-02 21:18:51,957 [1c893cf2-42ed-44e2-a93b-04c4be59773d@group-F79942DAF1B7-StateMachineUpdater] INFO  ratis.ContainerStateMachine (ContainerStateMachine.java:takeSnapshot(300)) - group-F79942DAF1B7: Finished taking a snapshot at:(t:1, i:13) file:/workdir/hadoop-ozone/integration-test/target/test-dir/MiniOzoneClusterImpl-25ddea64-d207-408c-b907-17765ca49936/datanode-2/data/ratis/d42bb959-4708-4b58-aa62-f79942daf1b7/sm/snapshot.1_13 time:13
2019-10-02 21:18:51,958 [1c893cf2-42ed-44e2-a93b-04c4be59773d@group-F79942DAF1B7-StateMachineUpdater] INFO  impl.StateMachineUpdater (StateMachineUpdater.java:takeSnapshot(269)) - 1c893cf2-42ed-44e2-a93b-04c4be59773d@group-F79942DAF1B7-StateMachineUpdater: Took a snapshot at index 13
2019-10-02 21:18:51,958 [1c893cf2-42ed-44e2-a93b-04c4be59773d@group-F79942DAF1B7-StateMachineUpdater] INFO  impl.StateMachineUpdater (StateMachineUpdater.java:lambda$new$0(84)) - 1c893cf2-42ed-44e2-a93b-04c4be59773d@group-F79942DAF1B7-StateMachineUpdater: snapshotIndex: updateIncreasingly 13 -> 13
2019-10-02 21:18:51,959 [refreshUsed-/workdir/hadoop-ozone/integration-test/target/test-dir/MiniOzoneClusterImpl-25ddea64-d207-408c-b907-17765ca49936/datanode-4/data/containers] WARN  fs.CachingGetSpaceUsed (CachingGetSpaceUsed.java:run(183)) - Thread Interrupted waiting to refresh disk information: sleep interrupted
2019-10-02 21:18:51,960 [ForkJoinPool.commonPool-worker-1] INFO  impl.RaftServerImpl (ServerState.java:close(387)) - 1c893cf2-42ed-44e2-a93b-04c4be59773d@group-F79942DAF1B7: closes. applyIndex: 17
2019-10-02 21:18:51,961 [1c893cf2-42ed-44e2-a93b-04c4be59773d@group-F79942DAF1B7-SegmentedRaftLogWorker] INFO  segmented.SegmentedRaftLogWorker (SegmentedRaftLogWorker.java:run(316)) - 1c893cf2-42ed-44e2-a93b-04c4be59773d@group-F79942DAF1B7-SegmentedRaftLogWorker was interrupted, exiting. There are 0 tasks remaining in the queue.
2019-10-02 21:18:51,963 [ForkJoinPool.commonPool-worker-1] INFO  segmented.SegmentedRaftLogWorker (SegmentedRaftLogWorker.java:close(224)) - 1c893cf2-42ed-44e2-a93b-04c4be59773d@group-F79942DAF1B7-SegmentedRaftLogWorker close()
2019-10-02 21:18:51,968 [ForkJoinPool.commonPool-worker-1] INFO  impl.RaftServerImpl (RaftServerImpl.java:lambda$shutdown$3(247)) - 1c893cf2-42ed-44e2-a93b-04c4be59773d@group-D5C80B802425: shutdown
2019-10-02 21:18:51,969 [ForkJoinPool.commonPool-worker-1] INFO  util.JmxRegister (JmxRegister.java:unregister(73)) - Successfully un-registered JMX Bean with object name Ratis:service=RaftServer,group=group-D5C80B802425,id=1c893cf2-42ed-44e2-a93b-04c4be59773d
2019-10-02 21:18:51,969 [ForkJoinPool.commonPool-worker-1] INFO  impl.RoleInfo (RoleInfo.java:shutdownFollowerState(121)) - 1c893cf2-42ed-44e2-a93b-04c4be59773d: shutdown FollowerState
2019-10-02 21:18:51,969 [ForkJoinPool.commonPool-worker-1] INFO  impl.StateMachineUpdater (StateMachineUpdater.java:stopAndJoin(136)) - 1c893cf2-42ed-44e2-a93b-04c4be59773d@group-D5C80B802425-StateMachineUpdater: set stopIndex = 4
2019-10-02 21:18:51,969 [1c893cf2-42ed-44e2-a93b-04c4be59773d@group-D5C80B802425-StateMachineUpdater] INFO  ratis.ContainerStateMachine (ContainerStateMachine.java:takeSnapshot(289)) - group-D5C80B802425: Taking a snapshot at:(t:1, i:3) file /workdir/hadoop-ozone/integration-test/target/test-dir/MiniOzoneClusterImpl-25ddea64-d207-408c-b907-17765ca49936/datanode-2/data/ratis/f251233d-591d-4f11-a887-d5c80b802425/sm/snapshot.1_3
2019-10-02 21:18:51,969 [Thread-3355] INFO  impl.FollowerState (FollowerState.java:run(117)) - 1c893cf2-42ed-44e2-a93b-04c4be59773d@group-D5C80B802425-FollowerState was interrupted: java.lang.InterruptedException: sleep interrupted
2019-10-02 21:18:51,979 [grpc-default-executor-11] WARN  server.GrpcLogAppender (LogUtils.java:warn(134)) - e6648afa-7a91-4543-9f1c-af23da2cc97c@group-C2CF2753B394->5216852f-18dc-4290-a94d-0088d3583f0b-AppendLogResponseHandler: Failed appendEntries: org.apache.ratis.thirdparty.io.grpc.StatusRuntimeException: UNAVAILABLE: io exception
2019-10-02 21:18:51,980 [grpc-default-executor-11] INFO  impl.FollowerInfo (FollowerInfo.java:lambda$new$0(51)) - e6648afa-7a91-4543-9f1c-af23da2cc97c@group-C2CF2753B394->5216852f-18dc-4290-a94d-0088d3583f0b: nextIndex: updateUnconditionally 16 -> 15
2019-10-02 21:18:51,991 [1c893cf2-42ed-44e2-a93b-04c4be59773d@group-D5C80B802425-StateMachineUpdater] INFO  ratis.ContainerStateMachine (ContainerStateMachine.java:takeSnapshot(300)) - group-D5C80B802425: Finished taking a snapshot at:(t:1, i:3) file:/workdir/hadoop-ozone/integration-test/target/test-dir/MiniOzoneClusterImpl-25ddea64-d207-408c-b907-17765ca49936/datanode-2/data/ratis/f251233d-591d-4f11-a887-d5c80b802425/sm/snapshot.1_3 time:22
2019-10-02 21:18:51,991 [1c893cf2-42ed-44e2-a93b-04c4be59773d@group-D5C80B802425-StateMachineUpdater] INFO  impl.StateMachineUpdater (StateMachineUpdater.java:takeSnapshot(269)) - 1c893cf2-42ed-44e2-a93b-04c4be59773d@group-D5C80B802425-StateMachineUpdater: Took a snapshot at index 3
2019-10-02 21:18:51,992 [1c893cf2-42ed-44e2-a93b-04c4be59773d@group-D5C80B802425-StateMachineUpdater] INFO  impl.StateMachineUpdater (StateMachineUpdater.java:lambda$new$0(84)) - 1c893cf2-42ed-44e2-a93b-04c4be59773d@group-D5C80B802425-StateMachineUpdater: snapshotIndex: updateIncreasingly -1 -> 3
2019-10-02 21:18:51,992 [main] INFO  utils.BackgroundService (BackgroundService.java:shutdown(148)) - Shutting down service BlockDeletingService
2019-10-02 21:18:51,992 [1c893cf2-42ed-44e2-a93b-04c4be59773d@group-D5C80B802425-StateMachineUpdater] INFO  ratis.ContainerStateMachine (ContainerStateMachine.java:takeSnapshot(289)) - group-D5C80B802425: Taking a snapshot at:(t:1, i:3) file /workdir/hadoop-ozone/integration-test/target/test-dir/MiniOzoneClusterImpl-25ddea64-d207-408c-b907-17765ca49936/datanode-2/data/ratis/f251233d-591d-4f11-a887-d5c80b802425/sm/snapshot.1_3
2019-10-02 21:18:51,999 [main] INFO  statemachine.DatanodeStateMachine (DatanodeStateMachine.java:stopDaemon(395)) - Ozone container server stopped.
2019-10-02 21:18:52,000 [main] INFO  handler.ContextHandler (ContextHandler.java:doStop(910)) - Stopped o.e.j.w.WebAppContext@123307c4{/,null,UNAVAILABLE}{/hddsDatanode}
2019-10-02 21:18:52,000 [main] INFO  server.AbstractConnector (AbstractConnector.java:doStop(318)) - Stopped ServerConnector@1693ff90{HTTP/1.1,[http/1.1]}{0.0.0.0:0}
2019-10-02 21:18:52,001 [main] INFO  handler.ContextHandler (ContextHandler.java:doStop(910)) - Stopped o.e.j.s.ServletContextHandler@2c7c0e36{/static,jar:file:/home/user/.m2/repository/org/apache/hadoop/hadoop-hdds-container-service/0.5.0-SNAPSHOT/hadoop-hdds-container-service-0.5.0-SNAPSHOT.jar!/webapps/static,UNAVAILABLE}
2019-10-02 21:18:52,001 [main] INFO  handler.ContextHandler (ContextHandler.java:doStop(910)) - Stopped o.e.j.s.ServletContextHandler@597d48ca{/logs,file:///workdir/hadoop-ozone/integration-test/target/log,UNAVAILABLE}
2019-10-02 21:18:52,004 [1c893cf2-42ed-44e2-a93b-04c4be59773d@group-D5C80B802425-StateMachineUpdater] INFO  ratis.ContainerStateMachine (ContainerStateMachine.java:takeSnapshot(300)) - group-D5C80B802425: Finished taking a snapshot at:(t:1, i:3) file:/workdir/hadoop-ozone/integration-test/target/test-dir/MiniOzoneClusterImpl-25ddea64-d207-408c-b907-17765ca49936/datanode-2/data/ratis/f251233d-591d-4f11-a887-d5c80b802425/sm/snapshot.1_3 time:12
2019-10-02 21:18:52,004 [1c893cf2-42ed-44e2-a93b-04c4be59773d@group-D5C80B802425-StateMachineUpdater] INFO  impl.StateMachineUpdater (StateMachineUpdater.java:takeSnapshot(269)) - 1c893cf2-42ed-44e2-a93b-04c4be59773d@group-D5C80B802425-StateMachineUpdater: Took a snapshot at index 3
2019-10-02 21:18:52,004 [1c893cf2-42ed-44e2-a93b-04c4be59773d@group-D5C80B802425-StateMachineUpdater] INFO  impl.StateMachineUpdater (StateMachineUpdater.java:lambda$new$0(84)) - 1c893cf2-42ed-44e2-a93b-04c4be59773d@group-D5C80B802425-StateMachineUpdater: snapshotIndex: updateIncreasingly 3 -> 3
2019-10-02 21:18:52,004 [ForkJoinPool.commonPool-worker-1] INFO  impl.RaftServerImpl (ServerState.java:close(387)) - 1c893cf2-42ed-44e2-a93b-04c4be59773d@group-D5C80B802425: closes. applyIndex: 4
2019-10-02 21:18:52,005 [1c893cf2-42ed-44e2-a93b-04c4be59773d@group-D5C80B802425-SegmentedRaftLogWorker] INFO  segmented.SegmentedRaftLogWorker (SegmentedRaftLogWorker.java:run(316)) - 1c893cf2-42ed-44e2-a93b-04c4be59773d@group-D5C80B802425-SegmentedRaftLogWorker was interrupted, exiting. There are 0 tasks remaining in the queue.
2019-10-02 21:18:52,007 [ForkJoinPool.commonPool-worker-1] INFO  segmented.SegmentedRaftLogWorker (SegmentedRaftLogWorker.java:close(224)) - 1c893cf2-42ed-44e2-a93b-04c4be59773d@group-D5C80B802425-SegmentedRaftLogWorker close()
2019-10-02 21:18:52,011 [ForkJoinPool.commonPool-worker-1] INFO  server.GrpcService (GrpcService.java:closeImpl(164)) - 1c893cf2-42ed-44e2-a93b-04c4be59773d: shutdown server with port 35490 now
2019-10-02 21:18:52,011 [grpc-default-executor-3] WARN  server.GrpcServerProtocolService (LogUtils.java:warn(134)) - 1c893cf2-42ed-44e2-a93b-04c4be59773d: installSnapshot onError, lastRequest: 90fbc310-f2b2-4398-8aff-5d706c2b3211->1c893cf2-42ed-44e2-a93b-04c4be59773d#7-t1, previous=(t:1, i:4), leaderCommit=4, initializing? false, entries: <empty>: org.apache.ratis.thirdparty.io.grpc.StatusRuntimeException: CANCELLED: cancelled before receiving half close
2019-10-02 21:18:52,011 [ForkJoinPool.commonPool-worker-1] INFO  server.GrpcService (GrpcService.java:closeImpl(172)) - 1c893cf2-42ed-44e2-a93b-04c4be59773d: shutdown server with port 35490 successfully
2019-10-02 21:18:52,011 [grpc-default-executor-11] WARN  server.GrpcLogAppender (LogUtils.java:warn(134)) - 90fbc310-f2b2-4398-8aff-5d706c2b3211@group-D5C80B802425->1c893cf2-42ed-44e2-a93b-04c4be59773d-AppendLogResponseHandler: Failed appendEntries: org.apache.ratis.thirdparty.io.grpc.StatusRuntimeException: CANCELLED: HTTP/2 error code: CANCEL
Received Rst Stream
2019-10-02 21:18:52,020 [grpc-default-executor-11] INFO  impl.FollowerInfo (FollowerInfo.java:lambda$new$0(51)) - 90fbc310-f2b2-4398-8aff-5d706c2b3211@group-D5C80B802425->1c893cf2-42ed-44e2-a93b-04c4be59773d: nextIndex: updateUnconditionally 5 -> 4
2019-10-02 21:18:52,021 [refreshUsed-/workdir/hadoop-ozone/integration-test/target/test-dir/MiniOzoneClusterImpl-25ddea64-d207-408c-b907-17765ca49936/datanode-2/data/containers] WARN  fs.CachingGetSpaceUsed (CachingGetSpaceUsed.java:run(183)) - Thread Interrupted waiting to refresh disk information: sleep interrupted
2019-10-02 21:18:52,034 [ForkJoinPool.commonPool-worker-1] INFO  utils.BackgroundService (BackgroundService.java:shutdown(148)) - Shutting down service BlockDeletingService
2019-10-02 21:18:52,039 [ForkJoinPool.commonPool-worker-1] INFO  statemachine.DatanodeStateMachine (DatanodeStateMachine.java:stopDaemon(395)) - Ozone container server stopped.
2019-10-02 21:18:52,043 [ForkJoinPool.commonPool-worker-1] INFO  handler.ContextHandler (ContextHandler.java:doStop(910)) - Stopped o.e.j.w.WebAppContext@27f71195{/,null,UNAVAILABLE}{/hddsDatanode}
2019-10-02 21:18:52,044 [ForkJoinPool.commonPool-worker-1] INFO  server.AbstractConnector (AbstractConnector.java:doStop(318)) - Stopped ServerConnector@340afaf8{HTTP/1.1,[http/1.1]}{0.0.0.0:0}
2019-10-02 21:18:52,045 [ForkJoinPool.commonPool-worker-1] INFO  handler.ContextHandler (ContextHandler.java:doStop(910)) - Stopped o.e.j.s.ServletContextHandler@624b3544{/static,jar:file:/home/user/.m2/repository/org/apache/hadoop/hadoop-hdds-container-service/0.5.0-SNAPSHOT/hadoop-hdds-container-service-0.5.0-SNAPSHOT.jar!/webapps/static,UNAVAILABLE}
2019-10-02 21:18:52,047 [ForkJoinPool.commonPool-worker-1] INFO  handler.ContextHandler (ContextHandler.java:doStop(910)) - Stopped o.e.j.s.ServletContextHandler@71531dd7{/logs,file:///workdir/hadoop-ozone/integration-test/target/log,UNAVAILABLE}
2019-10-02 21:18:52,767 [Datanode State Machine Thread - 0] INFO  statemachine.DatanodeStateMachine (DatanodeStateMachine.java:lambda$startDaemon$0(350)) - Ozone container server started.
2019-10-02 21:18:52,780 [Datanode State Machine Thread - 0] INFO  statemachine.DatanodeStateMachine (DatanodeStateMachine.java:lambda$startDaemon$0(350)) - Ozone container server started.
2019-10-02 21:18:53,343 [grpc-default-executor-6] WARN  server.GrpcLogAppender (LogUtils.java:warn(134)) - e6648afa-7a91-4543-9f1c-af23da2cc97c@group-C2CF2753B394->5216852f-18dc-4290-a94d-0088d3583f0b-AppendLogResponseHandler: Failed appendEntries: org.apache.ratis.thirdparty.io.grpc.StatusRuntimeException: UNAVAILABLE: io exception
2019-10-02 21:18:53,344 [grpc-default-executor-6] INFO  impl.FollowerInfo (FollowerInfo.java:lambda$new$0(51)) - e6648afa-7a91-4543-9f1c-af23da2cc97c@group-C2CF2753B394->5216852f-18dc-4290-a94d-0088d3583f0b: nextIndex: updateUnconditionally 16 -> 15
2019-10-02 21:18:53,355 [grpc-default-executor-11] WARN  server.GrpcLogAppender (LogUtils.java:warn(134)) - e6648afa-7a91-4543-9f1c-af23da2cc97c@group-C2CF2753B394->5216852f-18dc-4290-a94d-0088d3583f0b-AppendLogResponseHandler: Failed appendEntries: org.apache.ratis.thirdparty.io.grpc.StatusRuntimeException: UNAVAILABLE: io exception
2019-10-02 21:18:53,355 [grpc-default-executor-11] INFO  impl.FollowerInfo (FollowerInfo.java:lambda$new$0(51)) - e6648afa-7a91-4543-9f1c-af23da2cc97c@group-C2CF2753B394->5216852f-18dc-4290-a94d-0088d3583f0b: nextIndex: updateUnconditionally 16 -> 15
2019-10-02 21:18:53,371 [grpc-default-executor-3] WARN  server.GrpcLogAppender (LogUtils.java:warn(134)) - e6648afa-7a91-4543-9f1c-af23da2cc97c@group-C2CF2753B394->5216852f-18dc-4290-a94d-0088d3583f0b-AppendLogResponseHandler: Failed appendEntries: org.apache.ratis.thirdparty.io.grpc.StatusRuntimeException: UNAVAILABLE: io exception
2019-10-02 21:18:53,371 [grpc-default-executor-3] INFO  impl.FollowerInfo (FollowerInfo.java:lambda$new$0(51)) - e6648afa-7a91-4543-9f1c-af23da2cc97c@group-C2CF2753B394->5216852f-18dc-4290-a94d-0088d3583f0b: nextIndex: updateUnconditionally 16 -> 15
2019-10-02 21:18:53,379 [RatisApplyTransactionExecutor 2] INFO  interfaces.Container (KeyValueContainer.java:flushAndSyncDB(386)) - Container 2 is synced with bcsId 14.
2019-10-02 21:18:53,379 [RatisApplyTransactionExecutor 2] INFO  interfaces.Container (KeyValueContainer.java:flushAndSyncDB(386)) - Container 2 is synced with bcsId 14.
2019-10-02 21:18:53,379 [RatisApplyTransactionExecutor 2] INFO  interfaces.Container (KeyValueContainer.java:flushAndSyncDB(386)) - Container 2 is synced with bcsId 14.
2019-10-02 21:18:53,379 [RatisApplyTransactionExecutor 2] INFO  interfaces.Container (KeyValueContainer.java:flushAndSyncDB(386)) - Container 2 is synced with bcsId 14.
2019-10-02 21:18:53,402 [RatisApplyTransactionExecutor 2] INFO  interfaces.Container (KeyValueContainer.java:close(335)) - Container 2 is closed with bcsId 14.
2019-10-02 21:18:53,402 [RatisApplyTransactionExecutor 2] INFO  interfaces.Container (KeyValueContainer.java:close(335)) - Container 2 is closed with bcsId 14.
2019-10-02 21:18:53,403 [EventQueue-IncrementalContainerReportForIncrementalContainerReportHandler] INFO  container.IncrementalContainerReportHandler (AbstractContainerReportHandler.java:updateContainerState(176)) - Moving container #2 to CLOSED state, datanode e6648afa-7a91-4543-9f1c-af23da2cc97c{ip: 192.168.151.122, host: pr-hdds-2200-trunk-mgnwx-192523005, networkLocation: /default-rack, certSerialId: null} reported CLOSED replica.
2019-10-02 21:18:54,307 [grpc-default-executor-6] WARN  server.GrpcLogAppender (LogUtils.java:warn(134)) - 90fbc310-f2b2-4398-8aff-5d706c2b3211@group-D5C80B802425->1c893cf2-42ed-44e2-a93b-04c4be59773d-AppendLogResponseHandler: Failed appendEntries: org.apache.ratis.thirdparty.io.grpc.StatusRuntimeException: UNAVAILABLE: io exception
2019-10-02 21:18:54,308 [grpc-default-executor-6] INFO  impl.FollowerInfo (FollowerInfo.java:lambda$new$0(51)) - 90fbc310-f2b2-4398-8aff-5d706c2b3211@group-D5C80B802425->1c893cf2-42ed-44e2-a93b-04c4be59773d: nextIndex: updateUnconditionally 4 -> 3
2019-10-02 21:18:55,877 [grpc-default-executor-6] WARN  server.GrpcLogAppender (LogUtils.java:warn(134)) - e6648afa-7a91-4543-9f1c-af23da2cc97c@group-C2CF2753B394->5216852f-18dc-4290-a94d-0088d3583f0b-AppendLogResponseHandler: Failed appendEntries: org.apache.ratis.thirdparty.io.grpc.StatusRuntimeException: UNAVAILABLE: io exception
2019-10-02 21:18:55,878 [grpc-default-executor-6] INFO  impl.FollowerInfo (FollowerInfo.java:lambda$new$0(51)) - e6648afa-7a91-4543-9f1c-af23da2cc97c@group-C2CF2753B394->5216852f-18dc-4290-a94d-0088d3583f0b: nextIndex: updateUnconditionally 15 -> 14
2019-10-02 21:18:56,804 [EventQueue-StaleNodeForStaleNodeHandler] INFO  node.StaleNodeHandler (StaleNodeHandler.java:onMessage(58)) - Datanode 90fbc310-f2b2-4398-8aff-5d706c2b3211{ip: 192.168.151.122, host: pr-hdds-2200-trunk-mgnwx-192523005, networkLocation: /default-rack, certSerialId: null} moved to stale state. Finalizing its pipelines [PipelineID=47ff4ad9-a53d-4623-9744-1a8194de1396, PipelineID=f251233d-591d-4f11-a887-d5c80b802425]
2019-10-02 21:18:56,805 [EventQueue-StaleNodeForStaleNodeHandler] INFO  pipeline.SCMPipelineManager (SCMPipelineManager.java:finalizeAndDestroyPipeline(315)) - destroying pipeline:Pipeline[ Id: 47ff4ad9-a53d-4623-9744-1a8194de1396, Nodes: 90fbc310-f2b2-4398-8aff-5d706c2b3211{ip: 192.168.151.122, host: pr-hdds-2200-trunk-mgnwx-192523005, networkLocation: /default-rack, certSerialId: null}, Type:RATIS, Factor:ONE, State:OPEN]
2019-10-02 21:18:56,806 [EventQueue-StaleNodeForStaleNodeHandler] INFO  pipeline.PipelineStateManager (PipelineStateManager.java:finalizePipeline(123)) - Pipeline Pipeline[ Id: 47ff4ad9-a53d-4623-9744-1a8194de1396, Nodes: 90fbc310-f2b2-4398-8aff-5d706c2b3211{ip: 192.168.151.122, host: pr-hdds-2200-trunk-mgnwx-192523005, networkLocation: /default-rack, certSerialId: null}, Type:RATIS, Factor:ONE, State:CLOSED] moved to CLOSED state
2019-10-02 21:18:56,807 [EventQueue-StaleNodeForStaleNodeHandler] INFO  pipeline.SCMPipelineManager (SCMPipelineManager.java:finalizeAndDestroyPipeline(315)) - destroying pipeline:Pipeline[ Id: f251233d-591d-4f11-a887-d5c80b802425, Nodes: 90fbc310-f2b2-4398-8aff-5d706c2b3211{ip: 192.168.151.122, host: pr-hdds-2200-trunk-mgnwx-192523005, networkLocation: /default-rack, certSerialId: null}2e6c7c75-c299-4730-9b1b-71cf3d67f0ed{ip: 192.168.151.122, host: pr-hdds-2200-trunk-mgnwx-192523005, networkLocation: /default-rack, certSerialId: null}1c893cf2-42ed-44e2-a93b-04c4be59773d{ip: 192.168.151.122, host: pr-hdds-2200-trunk-mgnwx-192523005, networkLocation: /default-rack, certSerialId: null}, Type:RATIS, Factor:THREE, State:CLOSED]
2019-10-02 21:18:56,807 [EventQueue-StaleNodeForStaleNodeHandler] INFO  node.StaleNodeHandler (StaleNodeHandler.java:onMessage(58)) - Datanode 2e6c7c75-c299-4730-9b1b-71cf3d67f0ed{ip: 192.168.151.122, host: pr-hdds-2200-trunk-mgnwx-192523005, networkLocation: /default-rack, certSerialId: null} moved to stale state. Finalizing its pipelines [PipelineID=d42bb959-4708-4b58-aa62-f79942daf1b7, PipelineID=a09a774f-3768-41a5-8551-ccd4de27b64f, PipelineID=f251233d-591d-4f11-a887-d5c80b802425]
2019-10-02 21:18:56,807 [EventQueue-StaleNodeForStaleNodeHandler] INFO  pipeline.SCMPipelineManager (SCMPipelineManager.java:finalizeAndDestroyPipeline(315)) - destroying pipeline:Pipeline[ Id: d42bb959-4708-4b58-aa62-f79942daf1b7, Nodes: 480ea95e-ee97-48dd-ba86-160bad61f78a{ip: 192.168.151.122, host: pr-hdds-2200-trunk-mgnwx-192523005, networkLocation: /default-rack, certSerialId: null}2e6c7c75-c299-4730-9b1b-71cf3d67f0ed{ip: 192.168.151.122, host: pr-hdds-2200-trunk-mgnwx-192523005, networkLocation: /default-rack, certSerialId: null}1c893cf2-42ed-44e2-a93b-04c4be59773d{ip: 192.168.151.122, host: pr-hdds-2200-trunk-mgnwx-192523005, networkLocation: /default-rack, certSerialId: null}, Type:RATIS, Factor:THREE, State:CLOSED]
2019-10-02 21:18:56,807 [EventQueue-StaleNodeForStaleNodeHandler] INFO  pipeline.SCMPipelineManager (SCMPipelineManager.java:finalizeAndDestroyPipeline(315)) - destroying pipeline:Pipeline[ Id: a09a774f-3768-41a5-8551-ccd4de27b64f, Nodes: 2e6c7c75-c299-4730-9b1b-71cf3d67f0ed{ip: 192.168.151.122, host: pr-hdds-2200-trunk-mgnwx-192523005, networkLocation: /default-rack, certSerialId: null}, Type:RATIS, Factor:ONE, State:OPEN]
2019-10-02 21:18:56,808 [EventQueue-StaleNodeForStaleNodeHandler] INFO  pipeline.PipelineStateManager (PipelineStateManager.java:finalizePipeline(123)) - Pipeline Pipeline[ Id: a09a774f-3768-41a5-8551-ccd4de27b64f, Nodes: 2e6c7c75-c299-4730-9b1b-71cf3d67f0ed{ip: 192.168.151.122, host: pr-hdds-2200-trunk-mgnwx-192523005, networkLocation: /default-rack, certSerialId: null}, Type:RATIS, Factor:ONE, State:CLOSED] moved to CLOSED state
2019-10-02 21:18:56,808 [EventQueue-StaleNodeForStaleNodeHandler] INFO  pipeline.SCMPipelineManager (SCMPipelineManager.java:finalizeAndDestroyPipeline(315)) - destroying pipeline:Pipeline[ Id: f251233d-591d-4f11-a887-d5c80b802425, Nodes: 90fbc310-f2b2-4398-8aff-5d706c2b3211{ip: 192.168.151.122, host: pr-hdds-2200-trunk-mgnwx-192523005, networkLocation: /default-rack, certSerialId: null}2e6c7c75-c299-4730-9b1b-71cf3d67f0ed{ip: 192.168.151.122, host: pr-hdds-2200-trunk-mgnwx-192523005, networkLocation: /default-rack, certSerialId: null}1c893cf2-42ed-44e2-a93b-04c4be59773d{ip: 192.168.151.122, host: pr-hdds-2200-trunk-mgnwx-192523005, networkLocation: /default-rack, certSerialId: null}, Type:RATIS, Factor:THREE, State:CLOSED]
2019-10-02 21:18:56,811 [grpc-default-executor-6] WARN  server.GrpcLogAppender (LogUtils.java:warn(134)) - 90fbc310-f2b2-4398-8aff-5d706c2b3211@group-D5C80B802425->1c893cf2-42ed-44e2-a93b-04c4be59773d-AppendLogResponseHandler: Failed appendEntries: org.apache.ratis.thirdparty.io.grpc.StatusRuntimeException: UNAVAILABLE: io exception
2019-10-02 21:18:56,836 [grpc-default-executor-6] INFO  impl.FollowerInfo (FollowerInfo.java:lambda$new$0(51)) - 90fbc310-f2b2-4398-8aff-5d706c2b3211@group-D5C80B802425->1c893cf2-42ed-44e2-a93b-04c4be59773d: nextIndex: updateUnconditionally 3 -> 2
2019-10-02 21:18:57,004 [main] INFO  ozoneimpl.OzoneContainer (OzoneContainer.java:stop(231)) - Attempting to stop container services.
2019-10-02 21:18:57,009 [main] INFO  impl.RaftServerProxy (RaftServerProxy.java:lambda$close$4(314)) - 90fbc310-f2b2-4398-8aff-5d706c2b3211: close
2019-10-02 21:18:57,010 [main] INFO  impl.RaftServerImpl (RaftServerImpl.java:lambda$shutdown$3(247)) - 90fbc310-f2b2-4398-8aff-5d706c2b3211@group-1A8194DE1396: shutdown
2019-10-02 21:18:57,010 [main] INFO  util.JmxRegister (JmxRegister.java:unregister(73)) - Successfully un-registered JMX Bean with object name Ratis:service=RaftServer,group=group-1A8194DE1396,id=90fbc310-f2b2-4398-8aff-5d706c2b3211
2019-10-02 21:18:57,011 [main] INFO  impl.RoleInfo (RoleInfo.java:shutdownLeaderState(104)) - 90fbc310-f2b2-4398-8aff-5d706c2b3211: shutdown LeaderState
2019-10-02 21:18:57,011 [main] INFO  impl.PendingRequests (PendingRequests.java:sendNotLeaderResponses(202)) - 90fbc310-f2b2-4398-8aff-5d706c2b3211@group-1A8194DE1396-PendingRequests: sendNotLeaderResponses
2019-10-02 21:18:57,012 [main] INFO  impl.StateMachineUpdater (StateMachineUpdater.java:stopAndJoin(136)) - 90fbc310-f2b2-4398-8aff-5d706c2b3211@group-1A8194DE1396-StateMachineUpdater: set stopIndex = 0
2019-10-02 21:18:57,013 [main] INFO  impl.RaftServerImpl (ServerState.java:close(387)) - 90fbc310-f2b2-4398-8aff-5d706c2b3211@group-1A8194DE1396: closes. applyIndex: 0
2019-10-02 21:18:57,014 [90fbc310-f2b2-4398-8aff-5d706c2b3211@group-1A8194DE1396-SegmentedRaftLogWorker] INFO  segmented.SegmentedRaftLogWorker (SegmentedRaftLogWorker.java:run(316)) - 90fbc310-f2b2-4398-8aff-5d706c2b3211@group-1A8194DE1396-SegmentedRaftLogWorker was interrupted, exiting. There are 0 tasks remaining in the queue.
2019-10-02 21:18:57,017 [main] INFO  segmented.SegmentedRaftLogWorker (SegmentedRaftLogWorker.java:close(224)) - 90fbc310-f2b2-4398-8aff-5d706c2b3211@group-1A8194DE1396-SegmentedRaftLogWorker close()
2019-10-02 21:18:57,022 [main] INFO  impl.RaftServerImpl (RaftServerImpl.java:lambda$shutdown$3(247)) - 90fbc310-f2b2-4398-8aff-5d706c2b3211@group-D5C80B802425: shutdown
2019-10-02 21:18:57,022 [main] INFO  util.JmxRegister (JmxRegister.java:unregister(73)) - Successfully un-registered JMX Bean with object name Ratis:service=RaftServer,group=group-D5C80B802425,id=90fbc310-f2b2-4398-8aff-5d706c2b3211
2019-10-02 21:18:57,023 [main] INFO  impl.RoleInfo (RoleInfo.java:shutdownLeaderState(104)) - 90fbc310-f2b2-4398-8aff-5d706c2b3211: shutdown LeaderState
2019-10-02 21:18:57,028 [main] INFO  impl.PendingRequests (PendingRequests.java:sendNotLeaderResponses(202)) - 90fbc310-f2b2-4398-8aff-5d706c2b3211@group-D5C80B802425-PendingRequests: sendNotLeaderResponses
2019-10-02 21:18:57,028 [org.apache.ratis.server.impl.LogAppender$AppenderDaemon$$Lambda$503/1132485710@3f098720] WARN  server.GrpcLogAppender (GrpcLogAppender.java:mayWait(143)) - 90fbc310-f2b2-4398-8aff-5d706c2b3211@group-D5C80B802425->1c893cf2-42ed-44e2-a93b-04c4be59773d-GrpcLogAppender: Wait interrupted by java.lang.InterruptedException
2019-10-02 21:18:57,028 [org.apache.ratis.server.impl.LogAppender$AppenderDaemon$$Lambda$503/1132485710@54fa5d61] WARN  server.GrpcLogAppender (GrpcLogAppender.java:mayWait(143)) - 90fbc310-f2b2-4398-8aff-5d706c2b3211@group-D5C80B802425->2e6c7c75-c299-4730-9b1b-71cf3d67f0ed-GrpcLogAppender: Wait interrupted by java.lang.InterruptedException
2019-10-02 21:18:57,033 [main] INFO  impl.StateMachineUpdater (StateMachineUpdater.java:stopAndJoin(136)) - 90fbc310-f2b2-4398-8aff-5d706c2b3211@group-D5C80B802425-StateMachineUpdater: set stopIndex = 4
2019-10-02 21:18:57,034 [90fbc310-f2b2-4398-8aff-5d706c2b3211@group-D5C80B802425-StateMachineUpdater] INFO  ratis.ContainerStateMachine (ContainerStateMachine.java:takeSnapshot(289)) - group-D5C80B802425: Taking a snapshot at:(t:1, i:4) file /workdir/hadoop-ozone/integration-test/target/test-dir/MiniOzoneClusterImpl-25ddea64-d207-408c-b907-17765ca49936/datanode-3/data/ratis/f251233d-591d-4f11-a887-d5c80b802425/sm/snapshot.1_4
2019-10-02 21:18:57,035 [grpc-default-executor-11] INFO  server.GrpcServerProtocolService (GrpcServerProtocolService.java:onCompleted(113)) - 2e6c7c75-c299-4730-9b1b-71cf3d67f0ed: Completed APPEND_ENTRIES, lastRequest: 90fbc310-f2b2-4398-8aff-5d706c2b3211->2e6c7c75-c299-4730-9b1b-71cf3d67f0ed#9-t1, previous=(t:1, i:4), leaderCommit=4, initializing? false, entries: <empty>
2019-10-02 21:18:57,036 [grpc-default-executor-11] INFO  server.GrpcLogAppender (GrpcLogAppender.java:onCompleted(293)) - 90fbc310-f2b2-4398-8aff-5d706c2b3211@group-D5C80B802425->2e6c7c75-c299-4730-9b1b-71cf3d67f0ed-AppendLogResponseHandler: follower responses appendEntries COMPLETED
2019-10-02 21:18:57,036 [grpc-default-executor-11] INFO  impl.FollowerInfo (FollowerInfo.java:lambda$new$0(51)) - 90fbc310-f2b2-4398-8aff-5d706c2b3211@group-D5C80B802425->2e6c7c75-c299-4730-9b1b-71cf3d67f0ed: nextIndex: updateUnconditionally 5 -> 4
2019-10-02 21:18:57,049 [90fbc310-f2b2-4398-8aff-5d706c2b3211@group-D5C80B802425-StateMachineUpdater] INFO  ratis.ContainerStateMachine (ContainerStateMachine.java:takeSnapshot(300)) - group-D5C80B802425: Finished taking a snapshot at:(t:1, i:4) file:/workdir/hadoop-ozone/integration-test/target/test-dir/MiniOzoneClusterImpl-25ddea64-d207-408c-b907-17765ca49936/datanode-3/data/ratis/f251233d-591d-4f11-a887-d5c80b802425/sm/snapshot.1_4 time:15
2019-10-02 21:18:57,049 [ForkJoinPool.commonPool-worker-1] INFO  ozoneimpl.OzoneContainer (OzoneContainer.java:stop(231)) - Attempting to stop container services.
2019-10-02 21:18:57,049 [ForkJoinPool.commonPool-worker-1] INFO  impl.RaftServerProxy (RaftServerProxy.java:lambda$close$4(314)) - 2e6c7c75-c299-4730-9b1b-71cf3d67f0ed: close
2019-10-02 21:18:57,049 [90fbc310-f2b2-4398-8aff-5d706c2b3211@group-D5C80B802425-StateMachineUpdater] INFO  impl.StateMachineUpdater (StateMachineUpdater.java:takeSnapshot(269)) - 90fbc310-f2b2-4398-8aff-5d706c2b3211@group-D5C80B802425-StateMachineUpdater: Took a snapshot at index 4
2019-10-02 21:18:57,049 [ForkJoinPool.commonPool-worker-1] INFO  impl.RaftServerImpl (RaftServerImpl.java:lambda$shutdown$3(247)) - 2e6c7c75-c299-4730-9b1b-71cf3d67f0ed@group-F79942DAF1B7: shutdown
2019-10-02 21:18:57,050 [90fbc310-f2b2-4398-8aff-5d706c2b3211@group-D5C80B802425-StateMachineUpdater] INFO  impl.StateMachineUpdater (StateMachineUpdater.java:lambda$new$0(84)) - 90fbc310-f2b2-4398-8aff-5d706c2b3211@group-D5C80B802425-StateMachineUpdater: snapshotIndex: updateIncreasingly -1 -> 4
2019-10-02 21:18:57,050 [ForkJoinPool.commonPool-worker-1] INFO  util.JmxRegister (JmxRegister.java:unregister(73)) - Successfully un-registered JMX Bean with object name Ratis:service=RaftServer,group=group-F79942DAF1B7,id=2e6c7c75-c299-4730-9b1b-71cf3d67f0ed
2019-10-02 21:18:57,050 [ForkJoinPool.commonPool-worker-1] INFO  impl.RoleInfo (RoleInfo.java:shutdownFollowerState(121)) - 2e6c7c75-c299-4730-9b1b-71cf3d67f0ed: shutdown FollowerState
2019-10-02 21:18:57,050 [main] INFO  impl.RaftServerImpl (ServerState.java:close(387)) - 90fbc310-f2b2-4398-8aff-5d706c2b3211@group-D5C80B802425: closes. applyIndex: 4
2019-10-02 21:18:57,051 [2e6c7c75-c299-4730-9b1b-71cf3d67f0ed@group-F79942DAF1B7-StateMachineUpdater] INFO  ratis.ContainerStateMachine (ContainerStateMachine.java:takeSnapshot(289)) - group-F79942DAF1B7: Taking a snapshot at:(t:1, i:13) file /workdir/hadoop-ozone/integration-test/target/test-dir/MiniOzoneClusterImpl-25ddea64-d207-408c-b907-17765ca49936/datanode-0/data/ratis/d42bb959-4708-4b58-aa62-f79942daf1b7/sm/snapshot.1_13
2019-10-02 21:18:57,051 [Thread-3253] INFO  impl.FollowerState (FollowerState.java:run(117)) - 2e6c7c75-c299-4730-9b1b-71cf3d67f0ed@group-F79942DAF1B7-FollowerState was interrupted: java.lang.InterruptedException: sleep interrupted
2019-10-02 21:18:57,051 [ForkJoinPool.commonPool-worker-1] INFO  impl.StateMachineUpdater (StateMachineUpdater.java:stopAndJoin(136)) - 2e6c7c75-c299-4730-9b1b-71cf3d67f0ed@group-F79942DAF1B7-StateMachineUpdater: set stopIndex = 17
2019-10-02 21:18:57,051 [90fbc310-f2b2-4398-8aff-5d706c2b3211@group-D5C80B802425-SegmentedRaftLogWorker] INFO  segmented.SegmentedRaftLogWorker (SegmentedRaftLogWorker.java:run(316)) - 90fbc310-f2b2-4398-8aff-5d706c2b3211@group-D5C80B802425-SegmentedRaftLogWorker was interrupted, exiting. There are 0 tasks remaining in the queue.
2019-10-02 21:18:57,054 [2e6c7c75-c299-4730-9b1b-71cf3d67f0ed@group-F79942DAF1B7-StateMachineUpdater] INFO  ratis.ContainerStateMachine (ContainerStateMachine.java:takeSnapshot(300)) - group-F79942DAF1B7: Finished taking a snapshot at:(t:1, i:13) file:/workdir/hadoop-ozone/integration-test/target/test-dir/MiniOzoneClusterImpl-25ddea64-d207-408c-b907-17765ca49936/datanode-0/data/ratis/d42bb959-4708-4b58-aa62-f79942daf1b7/sm/snapshot.1_13 time:3
2019-10-02 21:18:57,054 [main] INFO  segmented.SegmentedRaftLogWorker (SegmentedRaftLogWorker.java:close(224)) - 90fbc310-f2b2-4398-8aff-5d706c2b3211@group-D5C80B802425-SegmentedRaftLogWorker close()
2019-10-02 21:18:57,054 [2e6c7c75-c299-4730-9b1b-71cf3d67f0ed@group-F79942DAF1B7-StateMachineUpdater] INFO  impl.StateMachineUpdater (StateMachineUpdater.java:takeSnapshot(269)) - 2e6c7c75-c299-4730-9b1b-71cf3d67f0ed@group-F79942DAF1B7-StateMachineUpdater: Took a snapshot at index 13
2019-10-02 21:18:57,059 [main] INFO  server.GrpcService (GrpcService.java:closeImpl(164)) - 90fbc310-f2b2-4398-8aff-5d706c2b3211: shutdown server with port 36547 now
2019-10-02 21:18:57,059 [2e6c7c75-c299-4730-9b1b-71cf3d67f0ed@group-F79942DAF1B7-StateMachineUpdater] INFO  impl.StateMachineUpdater (StateMachineUpdater.java:lambda$new$0(84)) - 2e6c7c75-c299-4730-9b1b-71cf3d67f0ed@group-F79942DAF1B7-StateMachineUpdater: snapshotIndex: updateIncreasingly -1 -> 13
2019-10-02 21:18:57,060 [2e6c7c75-c299-4730-9b1b-71cf3d67f0ed@group-F79942DAF1B7-StateMachineUpdater] INFO  ratis.ContainerStateMachine (ContainerStateMachine.java:takeSnapshot(289)) - group-F79942DAF1B7: Taking a snapshot at:(t:1, i:13) file /workdir/hadoop-ozone/integration-test/target/test-dir/MiniOzoneClusterImpl-25ddea64-d207-408c-b907-17765ca49936/datanode-0/data/ratis/d42bb959-4708-4b58-aa62-f79942daf1b7/sm/snapshot.1_13
2019-10-02 21:18:57,060 [main] INFO  server.GrpcService (GrpcService.java:closeImpl(172)) - 90fbc310-f2b2-4398-8aff-5d706c2b3211: shutdown server with port 36547 successfully
2019-10-02 21:18:57,063 [2e6c7c75-c299-4730-9b1b-71cf3d67f0ed@group-F79942DAF1B7-StateMachineUpdater] INFO  ratis.ContainerStateMachine (ContainerStateMachine.java:takeSnapshot(300)) - group-F79942DAF1B7: Finished taking a snapshot at:(t:1, i:13) file:/workdir/hadoop-ozone/integration-test/target/test-dir/MiniOzoneClusterImpl-25ddea64-d207-408c-b907-17765ca49936/datanode-0/data/ratis/d42bb959-4708-4b58-aa62-f79942daf1b7/sm/snapshot.1_13 time:2
2019-10-02 21:18:57,063 [2e6c7c75-c299-4730-9b1b-71cf3d67f0ed@group-F79942DAF1B7-StateMachineUpdater] INFO  impl.StateMachineUpdater (StateMachineUpdater.java:takeSnapshot(269)) - 2e6c7c75-c299-4730-9b1b-71cf3d67f0ed@group-F79942DAF1B7-StateMachineUpdater: Took a snapshot at index 13
2019-10-02 21:18:57,063 [2e6c7c75-c299-4730-9b1b-71cf3d67f0ed@group-F79942DAF1B7-StateMachineUpdater] INFO  impl.StateMachineUpdater (StateMachineUpdater.java:lambda$new$0(84)) - 2e6c7c75-c299-4730-9b1b-71cf3d67f0ed@group-F79942DAF1B7-StateMachineUpdater: snapshotIndex: updateIncreasingly 13 -> 13
2019-10-02 21:18:57,064 [ForkJoinPool.commonPool-worker-1] INFO  impl.RaftServerImpl (ServerState.java:close(387)) - 2e6c7c75-c299-4730-9b1b-71cf3d67f0ed@group-F79942DAF1B7: closes. applyIndex: 17
2019-10-02 21:18:57,066 [refreshUsed-/workdir/hadoop-ozone/integration-test/target/test-dir/MiniOzoneClusterImpl-25ddea64-d207-408c-b907-17765ca49936/datanode-3/data/containers] WARN  fs.CachingGetSpaceUsed (CachingGetSpaceUsed.java:run(183)) - Thread Interrupted waiting to refresh disk information: sleep interrupted
2019-10-02 21:18:57,066 [2e6c7c75-c299-4730-9b1b-71cf3d67f0ed@group-F79942DAF1B7-SegmentedRaftLogWorker] INFO  segmented.SegmentedRaftLogWorker (SegmentedRaftLogWorker.java:run(316)) - 2e6c7c75-c299-4730-9b1b-71cf3d67f0ed@group-F79942DAF1B7-SegmentedRaftLogWorker was interrupted, exiting. There are 0 tasks remaining in the queue.
2019-10-02 21:18:57,069 [ForkJoinPool.commonPool-worker-1] INFO  segmented.SegmentedRaftLogWorker (SegmentedRaftLogWorker.java:close(224)) - 2e6c7c75-c299-4730-9b1b-71cf3d67f0ed@group-F79942DAF1B7-SegmentedRaftLogWorker close()
2019-10-02 21:18:57,073 [ForkJoinPool.commonPool-worker-1] INFO  impl.RaftServerImpl (RaftServerImpl.java:lambda$shutdown$3(247)) - 2e6c7c75-c299-4730-9b1b-71cf3d67f0ed@group-CCD4DE27B64F: shutdown
2019-10-02 21:18:57,073 [ForkJoinPool.commonPool-worker-1] INFO  util.JmxRegister (JmxRegister.java:unregister(73)) - Successfully un-registered JMX Bean with object name Ratis:service=RaftServer,group=group-CCD4DE27B64F,id=2e6c7c75-c299-4730-9b1b-71cf3d67f0ed
2019-10-02 21:18:57,074 [ForkJoinPool.commonPool-worker-1] INFO  impl.RoleInfo (RoleInfo.java:shutdownLeaderState(104)) - 2e6c7c75-c299-4730-9b1b-71cf3d67f0ed: shutdown LeaderState
2019-10-02 21:18:57,074 [ForkJoinPool.commonPool-worker-1] INFO  impl.PendingRequests (PendingRequests.java:sendNotLeaderResponses(202)) - 2e6c7c75-c299-4730-9b1b-71cf3d67f0ed@group-CCD4DE27B64F-PendingRequests: sendNotLeaderResponses
2019-10-02 21:18:57,074 [ForkJoinPool.commonPool-worker-1] INFO  impl.StateMachineUpdater (StateMachineUpdater.java:stopAndJoin(136)) - 2e6c7c75-c299-4730-9b1b-71cf3d67f0ed@group-CCD4DE27B64F-StateMachineUpdater: set stopIndex = 0
2019-10-02 21:18:57,075 [ForkJoinPool.commonPool-worker-1] INFO  impl.RaftServerImpl (ServerState.java:close(387)) - 2e6c7c75-c299-4730-9b1b-71cf3d67f0ed@group-CCD4DE27B64F: closes. applyIndex: 0
2019-10-02 21:18:57,075 [2e6c7c75-c299-4730-9b1b-71cf3d67f0ed@group-CCD4DE27B64F-SegmentedRaftLogWorker] INFO  segmented.SegmentedRaftLogWorker (SegmentedRaftLogWorker.java:run(316)) - 2e6c7c75-c299-4730-9b1b-71cf3d67f0ed@group-CCD4DE27B64F-SegmentedRaftLogWorker was interrupted, exiting. There are 0 tasks remaining in the queue.
2019-10-02 21:18:57,077 [ForkJoinPool.commonPool-worker-1] INFO  segmented.SegmentedRaftLogWorker (SegmentedRaftLogWorker.java:close(224)) - 2e6c7c75-c299-4730-9b1b-71cf3d67f0ed@group-CCD4DE27B64F-SegmentedRaftLogWorker close()
2019-10-02 21:18:57,081 [ForkJoinPool.commonPool-worker-1] INFO  impl.RaftServerImpl (RaftServerImpl.java:lambda$shutdown$3(247)) - 2e6c7c75-c299-4730-9b1b-71cf3d67f0ed@group-D5C80B802425: shutdown
2019-10-02 21:18:57,082 [ForkJoinPool.commonPool-worker-1] INFO  util.JmxRegister (JmxRegister.java:unregister(73)) - Successfully un-registered JMX Bean with object name Ratis:service=RaftServer,group=group-D5C80B802425,id=2e6c7c75-c299-4730-9b1b-71cf3d67f0ed
2019-10-02 21:18:57,082 [ForkJoinPool.commonPool-worker-1] INFO  impl.RoleInfo (RoleInfo.java:shutdownFollowerState(121)) - 2e6c7c75-c299-4730-9b1b-71cf3d67f0ed: shutdown FollowerState
2019-10-02 21:18:57,082 [ForkJoinPool.commonPool-worker-1] INFO  impl.StateMachineUpdater (StateMachineUpdater.java:stopAndJoin(136)) - 2e6c7c75-c299-4730-9b1b-71cf3d67f0ed@group-D5C80B802425-StateMachineUpdater: set stopIndex = 4
2019-10-02 21:18:57,082 [Thread-3356] INFO  impl.FollowerState (FollowerState.java:run(117)) - 2e6c7c75-c299-4730-9b1b-71cf3d67f0ed@group-D5C80B802425-FollowerState was interrupted: java.lang.InterruptedException: sleep interrupted
2019-10-02 21:18:57,082 [2e6c7c75-c299-4730-9b1b-71cf3d67f0ed@group-D5C80B802425-StateMachineUpdater] INFO  ratis.ContainerStateMachine (ContainerStateMachine.java:takeSnapshot(289)) - group-D5C80B802425: Taking a snapshot at:(t:1, i:3) file /workdir/hadoop-ozone/integration-test/target/test-dir/MiniOzoneClusterImpl-25ddea64-d207-408c-b907-17765ca49936/datanode-0/data/ratis/f251233d-591d-4f11-a887-d5c80b802425/sm/snapshot.1_3
2019-10-02 21:18:57,086 [2e6c7c75-c299-4730-9b1b-71cf3d67f0ed@group-D5C80B802425-StateMachineUpdater] INFO  ratis.ContainerStateMachine (ContainerStateMachine.java:takeSnapshot(300)) - group-D5C80B802425: Finished taking a snapshot at:(t:1, i:3) file:/workdir/hadoop-ozone/integration-test/target/test-dir/MiniOzoneClusterImpl-25ddea64-d207-408c-b907-17765ca49936/datanode-0/data/ratis/f251233d-591d-4f11-a887-d5c80b802425/sm/snapshot.1_3 time:3
2019-10-02 21:18:57,086 [2e6c7c75-c299-4730-9b1b-71cf3d67f0ed@group-D5C80B802425-StateMachineUpdater] INFO  impl.StateMachineUpdater (StateMachineUpdater.java:takeSnapshot(269)) - 2e6c7c75-c299-4730-9b1b-71cf3d67f0ed@group-D5C80B802425-StateMachineUpdater: Took a snapshot at index 3
2019-10-02 21:18:57,086 [2e6c7c75-c299-4730-9b1b-71cf3d67f0ed@group-D5C80B802425-StateMachineUpdater] INFO  impl.StateMachineUpdater (StateMachineUpdater.java:lambda$new$0(84)) - 2e6c7c75-c299-4730-9b1b-71cf3d67f0ed@group-D5C80B802425-StateMachineUpdater: snapshotIndex: updateIncreasingly -1 -> 3
2019-10-02 21:18:57,086 [2e6c7c75-c299-4730-9b1b-71cf3d67f0ed@group-D5C80B802425-StateMachineUpdater] INFO  ratis.ContainerStateMachine (ContainerStateMachine.java:takeSnapshot(289)) - group-D5C80B802425: Taking a snapshot at:(t:1, i:3) file /workdir/hadoop-ozone/integration-test/target/test-dir/MiniOzoneClusterImpl-25ddea64-d207-408c-b907-17765ca49936/datanode-0/data/ratis/f251233d-591d-4f11-a887-d5c80b802425/sm/snapshot.1_3
2019-10-02 21:18:57,090 [2e6c7c75-c299-4730-9b1b-71cf3d67f0ed@group-D5C80B802425-StateMachineUpdater] INFO  ratis.ContainerStateMachine (ContainerStateMachine.java:takeSnapshot(300)) - group-D5C80B802425: Finished taking a snapshot at:(t:1, i:3) file:/workdir/hadoop-ozone/integration-test/target/test-dir/MiniOzoneClusterImpl-25ddea64-d207-408c-b907-17765ca49936/datanode-0/data/ratis/f251233d-591d-4f11-a887-d5c80b802425/sm/snapshot.1_3 time:4
2019-10-02 21:18:57,090 [2e6c7c75-c299-4730-9b1b-71cf3d67f0ed@group-D5C80B802425-StateMachineUpdater] INFO  impl.StateMachineUpdater (StateMachineUpdater.java:takeSnapshot(269)) - 2e6c7c75-c299-4730-9b1b-71cf3d67f0ed@group-D5C80B802425-StateMachineUpdater: Took a snapshot at index 3
2019-10-02 21:18:57,090 [2e6c7c75-c299-4730-9b1b-71cf3d67f0ed@group-D5C80B802425-StateMachineUpdater] INFO  impl.StateMachineUpdater (StateMachineUpdater.java:lambda$new$0(84)) - 2e6c7c75-c299-4730-9b1b-71cf3d67f0ed@group-D5C80B802425-StateMachineUpdater: snapshotIndex: updateIncreasingly 3 -> 3
2019-10-02 21:18:57,091 [ForkJoinPool.commonPool-worker-1] INFO  impl.RaftServerImpl (ServerState.java:close(387)) - 2e6c7c75-c299-4730-9b1b-71cf3d67f0ed@group-D5C80B802425: closes. applyIndex: 4
2019-10-02 21:18:57,091 [2e6c7c75-c299-4730-9b1b-71cf3d67f0ed@group-D5C80B802425-SegmentedRaftLogWorker] INFO  segmented.SegmentedRaftLogWorker (SegmentedRaftLogWorker.java:run(316)) - 2e6c7c75-c299-4730-9b1b-71cf3d67f0ed@group-D5C80B802425-SegmentedRaftLogWorker was interrupted, exiting. There are 0 tasks remaining in the queue.
2019-10-02 21:18:57,093 [ForkJoinPool.commonPool-worker-1] INFO  segmented.SegmentedRaftLogWorker (SegmentedRaftLogWorker.java:close(224)) - 2e6c7c75-c299-4730-9b1b-71cf3d67f0ed@group-D5C80B802425-SegmentedRaftLogWorker close()
2019-10-02 21:18:57,101 [ForkJoinPool.commonPool-worker-1] INFO  server.GrpcService (GrpcService.java:closeImpl(164)) - 2e6c7c75-c299-4730-9b1b-71cf3d67f0ed: shutdown server with port 45222 now
2019-10-02 21:18:57,102 [ForkJoinPool.commonPool-worker-1] INFO  server.GrpcService (GrpcService.java:closeImpl(172)) - 2e6c7c75-c299-4730-9b1b-71cf3d67f0ed: shutdown server with port 45222 successfully
2019-10-02 21:18:57,104 [refreshUsed-/workdir/hadoop-ozone/integration-test/target/test-dir/MiniOzoneClusterImpl-25ddea64-d207-408c-b907-17765ca49936/datanode-0/data/containers] WARN  fs.CachingGetSpaceUsed (CachingGetSpaceUsed.java:run(183)) - Thread Interrupted waiting to refresh disk information: sleep interrupted
2019-10-02 21:18:57,107 [main] INFO  utils.BackgroundService (BackgroundService.java:shutdown(148)) - Shutting down service BlockDeletingService
2019-10-02 21:18:57,113 [main] INFO  statemachine.DatanodeStateMachine (DatanodeStateMachine.java:stopDaemon(395)) - Ozone container server stopped.
2019-10-02 21:18:57,115 [main] INFO  handler.ContextHandler (ContextHandler.java:doStop(910)) - Stopped o.e.j.w.WebAppContext@458031da{/,null,UNAVAILABLE}{/hddsDatanode}
2019-10-02 21:18:57,117 [main] INFO  server.AbstractConnector (AbstractConnector.java:doStop(318)) - Stopped ServerConnector@7be94cd6{HTTP/1.1,[http/1.1]}{0.0.0.0:0}
2019-10-02 21:18:57,117 [main] INFO  handler.ContextHandler (ContextHandler.java:doStop(910)) - Stopped o.e.j.s.ServletContextHandler@19a5b637{/static,jar:file:/home/user/.m2/repository/org/apache/hadoop/hadoop-hdds-container-service/0.5.0-SNAPSHOT/hadoop-hdds-container-service-0.5.0-SNAPSHOT.jar!/webapps/static,UNAVAILABLE}
2019-10-02 21:18:57,118 [main] INFO  handler.ContextHandler (ContextHandler.java:doStop(910)) - Stopped o.e.j.s.ServletContextHandler@70be89ec{/logs,file:///workdir/hadoop-ozone/integration-test/target/log,UNAVAILABLE}
2019-10-02 21:18:57,127 [ForkJoinPool.commonPool-worker-1] INFO  utils.BackgroundService (BackgroundService.java:shutdown(148)) - Shutting down service BlockDeletingService
2019-10-02 21:18:57,131 [ForkJoinPool.commonPool-worker-1] INFO  statemachine.DatanodeStateMachine (DatanodeStateMachine.java:stopDaemon(395)) - Ozone container server stopped.
2019-10-02 21:18:57,135 [ForkJoinPool.commonPool-worker-1] INFO  handler.ContextHandler (ContextHandler.java:doStop(910)) - Stopped o.e.j.w.WebAppContext@48e41b5d{/,null,UNAVAILABLE}{/hddsDatanode}
2019-10-02 21:18:57,136 [ForkJoinPool.commonPool-worker-1] INFO  server.AbstractConnector (AbstractConnector.java:doStop(318)) - Stopped ServerConnector@51e8d066{HTTP/1.1,[http/1.1]}{0.0.0.0:0}
2019-10-02 21:18:57,137 [ForkJoinPool.commonPool-worker-1] INFO  handler.ContextHandler (ContextHandler.java:doStop(910)) - Stopped o.e.j.s.ServletContextHandler@430df350{/static,jar:file:/home/user/.m2/repository/org/apache/hadoop/hadoop-hdds-container-service/0.5.0-SNAPSHOT/hadoop-hdds-container-service-0.5.0-SNAPSHOT.jar!/webapps/static,UNAVAILABLE}
2019-10-02 21:18:57,139 [ForkJoinPool.commonPool-worker-1] INFO  handler.ContextHandler (ContextHandler.java:doStop(910)) - Stopped o.e.j.s.ServletContextHandler@571a663c{/logs,file:///workdir/hadoop-ozone/integration-test/target/log,UNAVAILABLE}
2019-10-02 21:18:57,402 [Datanode State Machine Thread - 0] INFO  statemachine.DatanodeStateMachine (DatanodeStateMachine.java:lambda$startDaemon$0(350)) - Ozone container server started.
2019-10-02 21:18:57,402 [Datanode State Machine Thread - 0] INFO  statemachine.DatanodeStateMachine (DatanodeStateMachine.java:lambda$startDaemon$0(350)) - Ozone container server started.
2019-10-02 21:18:58,377 [grpc-default-executor-3] WARN  server.GrpcLogAppender (LogUtils.java:warn(134)) - e6648afa-7a91-4543-9f1c-af23da2cc97c@group-C2CF2753B394->5216852f-18dc-4290-a94d-0088d3583f0b-AppendLogResponseHandler: Failed appendEntries: org.apache.ratis.thirdparty.io.grpc.StatusRuntimeException: UNAVAILABLE: io exception
2019-10-02 21:18:58,378 [grpc-default-executor-3] INFO  impl.FollowerInfo (FollowerInfo.java:lambda$new$0(51)) - e6648afa-7a91-4543-9f1c-af23da2cc97c@group-C2CF2753B394->5216852f-18dc-4290-a94d-0088d3583f0b: nextIndex: updateUnconditionally 14 -> 13
2019-10-02 21:19:00,879 [grpc-default-executor-11] WARN  server.GrpcLogAppender (LogUtils.java:warn(134)) - e6648afa-7a91-4543-9f1c-af23da2cc97c@group-C2CF2753B394->5216852f-18dc-4290-a94d-0088d3583f0b-AppendLogResponseHandler: Failed appendEntries: org.apache.ratis.thirdparty.io.grpc.StatusRuntimeException: UNAVAILABLE: io exception
2019-10-02 21:19:00,880 [grpc-default-executor-11] INFO  impl.FollowerInfo (FollowerInfo.java:lambda$new$0(51)) - e6648afa-7a91-4543-9f1c-af23da2cc97c@group-C2CF2753B394->5216852f-18dc-4290-a94d-0088d3583f0b: nextIndex: updateUnconditionally 13 -> 12
2019-10-02 21:19:01,409 [EventQueue-StaleNodeForStaleNodeHandler] INFO  node.StaleNodeHandler (StaleNodeHandler.java:onMessage(58)) - Datanode 188d4931-1966-470e-bf45-48f1f3832163{ip: 192.168.151.122, host: pr-hdds-2200-trunk-mgnwx-192523005, networkLocation: /default-rack, certSerialId: null} moved to stale state. Finalizing its pipelines [PipelineID=2e47e73d-1838-4731-af11-eb1239f7084f, PipelineID=3503793f-27b9-4842-8666-c2cf2753b394]
2019-10-02 21:19:01,410 [EventQueue-StaleNodeForStaleNodeHandler] INFO  pipeline.SCMPipelineManager (SCMPipelineManager.java:finalizeAndDestroyPipeline(315)) - destroying pipeline:Pipeline[ Id: 2e47e73d-1838-4731-af11-eb1239f7084f, Nodes: 188d4931-1966-470e-bf45-48f1f3832163{ip: 192.168.151.122, host: pr-hdds-2200-trunk-mgnwx-192523005, networkLocation: /default-rack, certSerialId: null}, Type:RATIS, Factor:ONE, State:OPEN]
2019-10-02 21:19:01,411 [EventQueue-StaleNodeForStaleNodeHandler] INFO  pipeline.PipelineStateManager (PipelineStateManager.java:finalizePipeline(123)) - Pipeline Pipeline[ Id: 2e47e73d-1838-4731-af11-eb1239f7084f, Nodes: 188d4931-1966-470e-bf45-48f1f3832163{ip: 192.168.151.122, host: pr-hdds-2200-trunk-mgnwx-192523005, networkLocation: /default-rack, certSerialId: null}, Type:RATIS, Factor:ONE, State:CLOSED] moved to CLOSED state
2019-10-02 21:19:01,411 [EventQueue-StaleNodeForStaleNodeHandler] INFO  pipeline.SCMPipelineManager (SCMPipelineManager.java:finalizeAndDestroyPipeline(315)) - destroying pipeline:Pipeline[ Id: 3503793f-27b9-4842-8666-c2cf2753b394, Nodes: 188d4931-1966-470e-bf45-48f1f3832163{ip: 192.168.151.122, host: pr-hdds-2200-trunk-mgnwx-192523005, networkLocation: /default-rack, certSerialId: null}5216852f-18dc-4290-a94d-0088d3583f0b{ip: 192.168.151.122, host: pr-hdds-2200-trunk-mgnwx-192523005, networkLocation: /default-rack, certSerialId: null}e6648afa-7a91-4543-9f1c-af23da2cc97c{ip: 192.168.151.122, host: pr-hdds-2200-trunk-mgnwx-192523005, networkLocation: /default-rack, certSerialId: null}, Type:RATIS, Factor:THREE, State:CLOSED]
2019-10-02 21:19:01,412 [EventQueue-StaleNodeForStaleNodeHandler] INFO  node.StaleNodeHandler (StaleNodeHandler.java:onMessage(58)) - Datanode e6648afa-7a91-4543-9f1c-af23da2cc97c{ip: 192.168.151.122, host: pr-hdds-2200-trunk-mgnwx-192523005, networkLocation: /default-rack, certSerialId: null} moved to stale state. Finalizing its pipelines [PipelineID=02d835c0-ad7b-4eec-93b7-63358ea4f491, PipelineID=3503793f-27b9-4842-8666-c2cf2753b394]
2019-10-02 21:19:01,412 [EventQueue-StaleNodeForStaleNodeHandler] INFO  pipeline.SCMPipelineManager (SCMPipelineManager.java:finalizeAndDestroyPipeline(315)) - destroying pipeline:Pipeline[ Id: 02d835c0-ad7b-4eec-93b7-63358ea4f491, Nodes: e6648afa-7a91-4543-9f1c-af23da2cc97c{ip: 192.168.151.122, host: pr-hdds-2200-trunk-mgnwx-192523005, networkLocation: /default-rack, certSerialId: null}, Type:RATIS, Factor:ONE, State:OPEN]
2019-10-02 21:19:01,412 [EventQueue-StaleNodeForStaleNodeHandler] INFO  pipeline.PipelineStateManager (PipelineStateManager.java:finalizePipeline(123)) - Pipeline Pipeline[ Id: 02d835c0-ad7b-4eec-93b7-63358ea4f491, Nodes: e6648afa-7a91-4543-9f1c-af23da2cc97c{ip: 192.168.151.122, host: pr-hdds-2200-trunk-mgnwx-192523005, networkLocation: /default-rack, certSerialId: null}, Type:RATIS, Factor:ONE, State:CLOSED] moved to CLOSED state
2019-10-02 21:19:01,412 [EventQueue-StaleNodeForStaleNodeHandler] INFO  pipeline.SCMPipelineManager (SCMPipelineManager.java:finalizeAndDestroyPipeline(315)) - destroying pipeline:Pipeline[ Id: 3503793f-27b9-4842-8666-c2cf2753b394, Nodes: 188d4931-1966-470e-bf45-48f1f3832163{ip: 192.168.151.122, host: pr-hdds-2200-trunk-mgnwx-192523005, networkLocation: /default-rack, certSerialId: null}5216852f-18dc-4290-a94d-0088d3583f0b{ip: 192.168.151.122, host: pr-hdds-2200-trunk-mgnwx-192523005, networkLocation: /default-rack, certSerialId: null}e6648afa-7a91-4543-9f1c-af23da2cc97c{ip: 192.168.151.122, host: pr-hdds-2200-trunk-mgnwx-192523005, networkLocation: /default-rack, certSerialId: null}, Type:RATIS, Factor:THREE, State:CLOSED]
2019-10-02 21:19:02,120 [main] INFO  ozoneimpl.OzoneContainer (OzoneContainer.java:stop(231)) - Attempting to stop container services.
2019-10-02 21:19:02,127 [main] INFO  impl.RaftServerProxy (RaftServerProxy.java:lambda$close$4(314)) - 188d4931-1966-470e-bf45-48f1f3832163: close
2019-10-02 21:19:02,128 [main] INFO  impl.RaftServerImpl (RaftServerImpl.java:lambda$shutdown$3(247)) - 188d4931-1966-470e-bf45-48f1f3832163@group-EB1239F7084F: shutdown
2019-10-02 21:19:02,129 [main] INFO  util.JmxRegister (JmxRegister.java:unregister(73)) - Successfully un-registered JMX Bean with object name Ratis:service=RaftServer,group=group-EB1239F7084F,id=188d4931-1966-470e-bf45-48f1f3832163
2019-10-02 21:19:02,129 [main] INFO  impl.RoleInfo (RoleInfo.java:shutdownLeaderState(104)) - 188d4931-1966-470e-bf45-48f1f3832163: shutdown LeaderState
2019-10-02 21:19:02,130 [main] INFO  impl.PendingRequests (PendingRequests.java:sendNotLeaderResponses(202)) - 188d4931-1966-470e-bf45-48f1f3832163@group-EB1239F7084F-PendingRequests: sendNotLeaderResponses
2019-10-02 21:19:02,131 [main] INFO  impl.StateMachineUpdater (StateMachineUpdater.java:stopAndJoin(136)) - 188d4931-1966-470e-bf45-48f1f3832163@group-EB1239F7084F-StateMachineUpdater: set stopIndex = 0
2019-10-02 21:19:02,133 [main] INFO  impl.RaftServerImpl (ServerState.java:close(387)) - 188d4931-1966-470e-bf45-48f1f3832163@group-EB1239F7084F: closes. applyIndex: 0
2019-10-02 21:19:02,134 [188d4931-1966-470e-bf45-48f1f3832163@group-EB1239F7084F-SegmentedRaftLogWorker] INFO  segmented.SegmentedRaftLogWorker (SegmentedRaftLogWorker.java:run(316)) - 188d4931-1966-470e-bf45-48f1f3832163@group-EB1239F7084F-SegmentedRaftLogWorker was interrupted, exiting. There are 0 tasks remaining in the queue.
2019-10-02 21:19:02,137 [main] INFO  segmented.SegmentedRaftLogWorker (SegmentedRaftLogWorker.java:close(224)) - 188d4931-1966-470e-bf45-48f1f3832163@group-EB1239F7084F-SegmentedRaftLogWorker close()
2019-10-02 21:19:02,139 [main] INFO  impl.RaftServerImpl (RaftServerImpl.java:lambda$shutdown$3(247)) - 188d4931-1966-470e-bf45-48f1f3832163@group-C2CF2753B394: shutdown
2019-10-02 21:19:02,140 [main] INFO  util.JmxRegister (JmxRegister.java:unregister(73)) - Successfully un-registered JMX Bean with object name Ratis:service=RaftServer,group=group-C2CF2753B394,id=188d4931-1966-470e-bf45-48f1f3832163
2019-10-02 21:19:02,140 [main] INFO  impl.RoleInfo (RoleInfo.java:shutdownFollowerState(121)) - 188d4931-1966-470e-bf45-48f1f3832163: shutdown FollowerState
2019-10-02 21:19:02,140 [ForkJoinPool.commonPool-worker-1] INFO  ozoneimpl.OzoneContainer (OzoneContainer.java:stop(231)) - Attempting to stop container services.
2019-10-02 21:19:02,141 [main] INFO  impl.StateMachineUpdater (StateMachineUpdater.java:stopAndJoin(136)) - 188d4931-1966-470e-bf45-48f1f3832163@group-C2CF2753B394-StateMachineUpdater: set stopIndex = 18
2019-10-02 21:19:02,141 [ForkJoinPool.commonPool-worker-1] INFO  impl.RaftServerProxy (RaftServerProxy.java:lambda$close$4(314)) - e6648afa-7a91-4543-9f1c-af23da2cc97c: close
2019-10-02 21:19:02,141 [188d4931-1966-470e-bf45-48f1f3832163@group-C2CF2753B394-StateMachineUpdater] INFO  ratis.ContainerStateMachine (ContainerStateMachine.java:takeSnapshot(289)) - group-C2CF2753B394: Taking a snapshot at:(t:1, i:17) file /workdir/hadoop-ozone/integration-test/target/test-dir/MiniOzoneClusterImpl-25ddea64-d207-408c-b907-17765ca49936/datanode-6/data/ratis/3503793f-27b9-4842-8666-c2cf2753b394/sm/snapshot.1_17
2019-10-02 21:19:02,141 [Thread-3147] INFO  impl.FollowerState (FollowerState.java:run(117)) - 188d4931-1966-470e-bf45-48f1f3832163@group-C2CF2753B394-FollowerState was interrupted: java.lang.InterruptedException: sleep interrupted
2019-10-02 21:19:02,142 [ForkJoinPool.commonPool-worker-1] INFO  impl.RaftServerImpl (RaftServerImpl.java:lambda$shutdown$3(247)) - e6648afa-7a91-4543-9f1c-af23da2cc97c@group-63358EA4F491: shutdown
2019-10-02 21:19:02,142 [ForkJoinPool.commonPool-worker-1] INFO  util.JmxRegister (JmxRegister.java:unregister(73)) - Successfully un-registered JMX Bean with object name Ratis:service=RaftServer,group=group-63358EA4F491,id=e6648afa-7a91-4543-9f1c-af23da2cc97c
2019-10-02 21:19:02,143 [ForkJoinPool.commonPool-worker-1] INFO  impl.RoleInfo (RoleInfo.java:shutdownLeaderState(104)) - e6648afa-7a91-4543-9f1c-af23da2cc97c: shutdown LeaderState
2019-10-02 21:19:02,143 [ForkJoinPool.commonPool-worker-1] INFO  impl.PendingRequests (PendingRequests.java:sendNotLeaderResponses(202)) - e6648afa-7a91-4543-9f1c-af23da2cc97c@group-63358EA4F491-PendingRequests: sendNotLeaderResponses
2019-10-02 21:19:02,143 [ForkJoinPool.commonPool-worker-1] INFO  impl.StateMachineUpdater (StateMachineUpdater.java:stopAndJoin(136)) - e6648afa-7a91-4543-9f1c-af23da2cc97c@group-63358EA4F491-StateMachineUpdater: set stopIndex = 0
2019-10-02 21:19:02,144 [ForkJoinPool.commonPool-worker-1] INFO  impl.RaftServerImpl (ServerState.java:close(387)) - e6648afa-7a91-4543-9f1c-af23da2cc97c@group-63358EA4F491: closes. applyIndex: 0
2019-10-02 21:19:02,144 [e6648afa-7a91-4543-9f1c-af23da2cc97c@group-63358EA4F491-SegmentedRaftLogWorker] INFO  segmented.SegmentedRaftLogWorker (SegmentedRaftLogWorker.java:run(316)) - e6648afa-7a91-4543-9f1c-af23da2cc97c@group-63358EA4F491-SegmentedRaftLogWorker was interrupted, exiting. There are 0 tasks remaining in the queue.
2019-10-02 21:19:02,149 [ForkJoinPool.commonPool-worker-1] INFO  segmented.SegmentedRaftLogWorker (SegmentedRaftLogWorker.java:close(224)) - e6648afa-7a91-4543-9f1c-af23da2cc97c@group-63358EA4F491-SegmentedRaftLogWorker close()
2019-10-02 21:19:02,151 [ForkJoinPool.commonPool-worker-1] INFO  impl.RaftServerImpl (RaftServerImpl.java:lambda$shutdown$3(247)) - e6648afa-7a91-4543-9f1c-af23da2cc97c@group-C2CF2753B394: shutdown
2019-10-02 21:19:02,151 [ForkJoinPool.commonPool-worker-1] INFO  util.JmxRegister (JmxRegister.java:unregister(73)) - Successfully un-registered JMX Bean with object name Ratis:service=RaftServer,group=group-C2CF2753B394,id=e6648afa-7a91-4543-9f1c-af23da2cc97c
2019-10-02 21:19:02,152 [ForkJoinPool.commonPool-worker-1] INFO  impl.RoleInfo (RoleInfo.java:shutdownLeaderState(104)) - e6648afa-7a91-4543-9f1c-af23da2cc97c: shutdown LeaderState
2019-10-02 21:19:02,156 [ForkJoinPool.commonPool-worker-1] INFO  impl.PendingRequests (PendingRequests.java:sendNotLeaderResponses(202)) - e6648afa-7a91-4543-9f1c-af23da2cc97c@group-C2CF2753B394-PendingRequests: sendNotLeaderResponses
2019-10-02 21:19:02,156 [org.apache.ratis.server.impl.LogAppender$AppenderDaemon$$Lambda$503/1132485710@403c2aeb] WARN  server.GrpcLogAppender (GrpcLogAppender.java:mayWait(143)) - e6648afa-7a91-4543-9f1c-af23da2cc97c@group-C2CF2753B394->5216852f-18dc-4290-a94d-0088d3583f0b-GrpcLogAppender: Wait interrupted by java.lang.InterruptedException
2019-10-02 21:19:02,156 [org.apache.ratis.server.impl.LogAppender$AppenderDaemon$$Lambda$503/1132485710@793911ab] WARN  server.GrpcLogAppender (GrpcLogAppender.java:mayWait(143)) - e6648afa-7a91-4543-9f1c-af23da2cc97c@group-C2CF2753B394->188d4931-1966-470e-bf45-48f1f3832163-GrpcLogAppender: Wait interrupted by java.lang.InterruptedException
2019-10-02 21:19:02,157 [ForkJoinPool.commonPool-worker-1] INFO  impl.StateMachineUpdater (StateMachineUpdater.java:stopAndJoin(136)) - e6648afa-7a91-4543-9f1c-af23da2cc97c@group-C2CF2753B394-StateMachineUpdater: set stopIndex = 18
2019-10-02 21:19:02,157 [e6648afa-7a91-4543-9f1c-af23da2cc97c@group-C2CF2753B394-StateMachineUpdater] INFO  ratis.ContainerStateMachine (ContainerStateMachine.java:takeSnapshot(289)) - group-C2CF2753B394: Taking a snapshot at:(t:1, i:18) file /workdir/hadoop-ozone/integration-test/target/test-dir/MiniOzoneClusterImpl-25ddea64-d207-408c-b907-17765ca49936/datanode-5/data/ratis/3503793f-27b9-4842-8666-c2cf2753b394/sm/snapshot.1_18
2019-10-02 21:19:02,158 [grpc-default-executor-11] INFO  server.GrpcServerProtocolService (GrpcServerProtocolService.java:onCompleted(113)) - 188d4931-1966-470e-bf45-48f1f3832163: Completed APPEND_ENTRIES, lastRequest: e6648afa-7a91-4543-9f1c-af23da2cc97c->188d4931-1966-470e-bf45-48f1f3832163#33-t1, previous=(t:1, i:18), leaderCommit=18, initializing? false, entries: <empty>
2019-10-02 21:19:02,159 [grpc-default-executor-11] INFO  server.GrpcLogAppender (GrpcLogAppender.java:onCompleted(293)) - e6648afa-7a91-4543-9f1c-af23da2cc97c@group-C2CF2753B394->188d4931-1966-470e-bf45-48f1f3832163-AppendLogResponseHandler: follower responses appendEntries COMPLETED
2019-10-02 21:19:02,160 [grpc-default-executor-11] INFO  impl.FollowerInfo (FollowerInfo.java:lambda$new$0(51)) - e6648afa-7a91-4543-9f1c-af23da2cc97c@group-C2CF2753B394->188d4931-1966-470e-bf45-48f1f3832163: nextIndex: updateUnconditionally 19 -> 18
2019-10-02 21:19:02,164 [e6648afa-7a91-4543-9f1c-af23da2cc97c@group-C2CF2753B394-StateMachineUpdater] INFO  ratis.ContainerStateMachine (ContainerStateMachine.java:takeSnapshot(300)) - group-C2CF2753B394: Finished taking a snapshot at:(t:1, i:18) file:/workdir/hadoop-ozone/integration-test/target/test-dir/MiniOzoneClusterImpl-25ddea64-d207-408c-b907-17765ca49936/datanode-5/data/ratis/3503793f-27b9-4842-8666-c2cf2753b394/sm/snapshot.1_18 time:7
2019-10-02 21:19:02,164 [188d4931-1966-470e-bf45-48f1f3832163@group-C2CF2753B394-StateMachineUpdater] INFO  ratis.ContainerStateMachine (ContainerStateMachine.java:takeSnapshot(300)) - group-C2CF2753B394: Finished taking a snapshot at:(t:1, i:17) file:/workdir/hadoop-ozone/integration-test/target/test-dir/MiniOzoneClusterImpl-25ddea64-d207-408c-b907-17765ca49936/datanode-6/data/ratis/3503793f-27b9-4842-8666-c2cf2753b394/sm/snapshot.1_17 time:23
2019-10-02 21:19:02,165 [e6648afa-7a91-4543-9f1c-af23da2cc97c@group-C2CF2753B394-StateMachineUpdater] INFO  impl.StateMachineUpdater (StateMachineUpdater.java:takeSnapshot(269)) - e6648afa-7a91-4543-9f1c-af23da2cc97c@group-C2CF2753B394-StateMachineUpdater: Took a snapshot at index 18
2019-10-02 21:19:02,165 [188d4931-1966-470e-bf45-48f1f3832163@group-C2CF2753B394-StateMachineUpdater] INFO  impl.StateMachineUpdater (StateMachineUpdater.java:takeSnapshot(269)) - 188d4931-1966-470e-bf45-48f1f3832163@group-C2CF2753B394-StateMachineUpdater: Took a snapshot at index 17
2019-10-02 21:19:02,165 [e6648afa-7a91-4543-9f1c-af23da2cc97c@group-C2CF2753B394-StateMachineUpdater] INFO  impl.StateMachineUpdater (StateMachineUpdater.java:lambda$new$0(84)) - e6648afa-7a91-4543-9f1c-af23da2cc97c@group-C2CF2753B394-StateMachineUpdater: snapshotIndex: updateIncreasingly -1 -> 18
2019-10-02 21:19:02,165 [188d4931-1966-470e-bf45-48f1f3832163@group-C2CF2753B394-StateMachineUpdater] INFO  impl.StateMachineUpdater (StateMachineUpdater.java:lambda$new$0(84)) - 188d4931-1966-470e-bf45-48f1f3832163@group-C2CF2753B394-StateMachineUpdater: snapshotIndex: updateIncreasingly -1 -> 17
2019-10-02 21:19:02,165 [188d4931-1966-470e-bf45-48f1f3832163@group-C2CF2753B394-StateMachineUpdater] INFO  ratis.ContainerStateMachine (ContainerStateMachine.java:takeSnapshot(289)) - group-C2CF2753B394: Taking a snapshot at:(t:1, i:17) file /workdir/hadoop-ozone/integration-test/target/test-dir/MiniOzoneClusterImpl-25ddea64-d207-408c-b907-17765ca49936/datanode-6/data/ratis/3503793f-27b9-4842-8666-c2cf2753b394/sm/snapshot.1_17
2019-10-02 21:19:02,165 [ForkJoinPool.commonPool-worker-1] INFO  impl.RaftServerImpl (ServerState.java:close(387)) - e6648afa-7a91-4543-9f1c-af23da2cc97c@group-C2CF2753B394: closes. applyIndex: 18
2019-10-02 21:19:02,166 [e6648afa-7a91-4543-9f1c-af23da2cc97c@group-C2CF2753B394-SegmentedRaftLogWorker] INFO  segmented.SegmentedRaftLogWorker (SegmentedRaftLogWorker.java:run(316)) - e6648afa-7a91-4543-9f1c-af23da2cc97c@group-C2CF2753B394-SegmentedRaftLogWorker was interrupted, exiting. There are 0 tasks remaining in the queue.
2019-10-02 21:19:02,166 [ForkJoinPool.commonPool-worker-1] INFO  segmented.SegmentedRaftLogWorker (SegmentedRaftLogWorker.java:close(224)) - e6648afa-7a91-4543-9f1c-af23da2cc97c@group-C2CF2753B394-SegmentedRaftLogWorker close()
2019-10-02 21:19:02,168 [ForkJoinPool.commonPool-worker-1] INFO  server.GrpcService (GrpcService.java:closeImpl(164)) - e6648afa-7a91-4543-9f1c-af23da2cc97c: shutdown server with port 35648 now
2019-10-02 21:19:02,169 [grpc-default-executor-3] WARN  client.GrpcClientProtocolService (LogUtils.java:warn(134)) - 1-UnorderedRequestStreamObserver1: onError: org.apache.ratis.thirdparty.io.grpc.StatusRuntimeException: CANCELLED: cancelled before receiving half close
2019-10-02 21:19:02,170 [ForkJoinPool.commonPool-worker-1] INFO  server.GrpcService (GrpcService.java:closeImpl(172)) - e6648afa-7a91-4543-9f1c-af23da2cc97c: shutdown server with port 35648 successfully
2019-10-02 21:19:02,174 [refreshUsed-/workdir/hadoop-ozone/integration-test/target/test-dir/MiniOzoneClusterImpl-25ddea64-d207-408c-b907-17765ca49936/datanode-5/data/containers] WARN  fs.CachingGetSpaceUsed (CachingGetSpaceUsed.java:run(183)) - Thread Interrupted waiting to refresh disk information: sleep interrupted
2019-10-02 21:19:02,178 [188d4931-1966-470e-bf45-48f1f3832163@group-C2CF2753B394-StateMachineUpdater] INFO  ratis.ContainerStateMachine (ContainerStateMachine.java:takeSnapshot(300)) - group-C2CF2753B394: Finished taking a snapshot at:(t:1, i:17) file:/workdir/hadoop-ozone/integration-test/target/test-dir/MiniOzoneClusterImpl-25ddea64-d207-408c-b907-17765ca49936/datanode-6/data/ratis/3503793f-27b9-4842-8666-c2cf2753b394/sm/snapshot.1_17 time:13
2019-10-02 21:19:02,179 [188d4931-1966-470e-bf45-48f1f3832163@group-C2CF2753B394-StateMachineUpdater] INFO  impl.StateMachineUpdater (StateMachineUpdater.java:takeSnapshot(269)) - 188d4931-1966-470e-bf45-48f1f3832163@group-C2CF2753B394-StateMachineUpdater: Took a snapshot at index 17
2019-10-02 21:19:02,179 [188d4931-1966-470e-bf45-48f1f3832163@group-C2CF2753B394-StateMachineUpdater] INFO  impl.StateMachineUpdater (StateMachineUpdater.java:lambda$new$0(84)) - 188d4931-1966-470e-bf45-48f1f3832163@group-C2CF2753B394-StateMachineUpdater: snapshotIndex: updateIncreasingly 17 -> 17
2019-10-02 21:19:02,179 [main] INFO  impl.RaftServerImpl (ServerState.java:close(387)) - 188d4931-1966-470e-bf45-48f1f3832163@group-C2CF2753B394: closes. applyIndex: 18
2019-10-02 21:19:02,180 [188d4931-1966-470e-bf45-48f1f3832163@group-C2CF2753B394-SegmentedRaftLogWorker] INFO  segmented.SegmentedRaftLogWorker (SegmentedRaftLogWorker.java:run(316)) - 188d4931-1966-470e-bf45-48f1f3832163@group-C2CF2753B394-SegmentedRaftLogWorker was interrupted, exiting. There are 0 tasks remaining in the queue.
2019-10-02 21:19:02,180 [main] INFO  segmented.SegmentedRaftLogWorker (SegmentedRaftLogWorker.java:close(224)) - 188d4931-1966-470e-bf45-48f1f3832163@group-C2CF2753B394-SegmentedRaftLogWorker close()
2019-10-02 21:19:02,182 [main] INFO  server.GrpcService (GrpcService.java:closeImpl(164)) - 188d4931-1966-470e-bf45-48f1f3832163: shutdown server with port 32958 now
2019-10-02 21:19:02,182 [main] INFO  server.GrpcService (GrpcService.java:closeImpl(172)) - 188d4931-1966-470e-bf45-48f1f3832163: shutdown server with port 32958 successfully
2019-10-02 21:19:02,185 [refreshUsed-/workdir/hadoop-ozone/integration-test/target/test-dir/MiniOzoneClusterImpl-25ddea64-d207-408c-b907-17765ca49936/datanode-6/data/containers] WARN  fs.CachingGetSpaceUsed (CachingGetSpaceUsed.java:run(183)) - Thread Interrupted waiting to refresh disk information: sleep interrupted
2019-10-02 21:19:02,195 [ForkJoinPool.commonPool-worker-1] INFO  utils.BackgroundService (BackgroundService.java:shutdown(148)) - Shutting down service BlockDeletingService
2019-10-02 21:19:02,200 [ForkJoinPool.commonPool-worker-1] INFO  statemachine.DatanodeStateMachine (DatanodeStateMachine.java:stopDaemon(395)) - Ozone container server stopped.
2019-10-02 21:19:02,205 [ForkJoinPool.commonPool-worker-1] INFO  handler.ContextHandler (ContextHandler.java:doStop(910)) - Stopped o.e.j.w.WebAppContext@10ed037a{/,null,UNAVAILABLE}{/hddsDatanode}
2019-10-02 21:19:02,206 [ForkJoinPool.commonPool-worker-1] INFO  server.AbstractConnector (AbstractConnector.java:doStop(318)) - Stopped ServerConnector@76e4212{HTTP/1.1,[http/1.1]}{0.0.0.0:0}
2019-10-02 21:19:02,208 [ForkJoinPool.commonPool-worker-1] INFO  handler.ContextHandler (ContextHandler.java:doStop(910)) - Stopped o.e.j.s.ServletContextHandler@2abc55c4{/static,jar:file:/home/user/.m2/repository/org/apache/hadoop/hadoop-hdds-container-service/0.5.0-SNAPSHOT/hadoop-hdds-container-service-0.5.0-SNAPSHOT.jar!/webapps/static,UNAVAILABLE}
2019-10-02 21:19:02,210 [ForkJoinPool.commonPool-worker-1] INFO  handler.ContextHandler (ContextHandler.java:doStop(910)) - Stopped o.e.j.s.ServletContextHandler@39f0c343{/logs,file:///workdir/hadoop-ozone/integration-test/target/log,UNAVAILABLE}
2019-10-02 21:19:02,213 [main] INFO  utils.BackgroundService (BackgroundService.java:shutdown(148)) - Shutting down service BlockDeletingService
2019-10-02 21:19:02,220 [main] INFO  statemachine.DatanodeStateMachine (DatanodeStateMachine.java:stopDaemon(395)) - Ozone container server stopped.
2019-10-02 21:19:02,221 [main] INFO  handler.ContextHandler (ContextHandler.java:doStop(910)) - Stopped o.e.j.w.WebAppContext@625487a6{/,null,UNAVAILABLE}{/hddsDatanode}
2019-10-02 21:19:02,223 [main] INFO  server.AbstractConnector (AbstractConnector.java:doStop(318)) - Stopped ServerConnector@682e445e{HTTP/1.1,[http/1.1]}{0.0.0.0:0}
2019-10-02 21:19:02,223 [main] INFO  handler.ContextHandler (ContextHandler.java:doStop(910)) - Stopped o.e.j.s.ServletContextHandler@50cbcca7{/static,jar:file:/home/user/.m2/repository/org/apache/hadoop/hadoop-hdds-container-service/0.5.0-SNAPSHOT/hadoop-hdds-container-service-0.5.0-SNAPSHOT.jar!/webapps/static,UNAVAILABLE}
2019-10-02 21:19:02,224 [main] INFO  handler.ContextHandler (ContextHandler.java:doStop(910)) - Stopped o.e.j.s.ServletContextHandler@204d9edf{/logs,file:///workdir/hadoop-ozone/integration-test/target/log,UNAVAILABLE}
2019-10-02 21:19:02,225 [main] INFO  ozone.MiniOzoneClusterImpl (MiniOzoneClusterImpl.java:stopSCM(392)) - Stopping the StorageContainerManager
2019-10-02 21:19:02,225 [main] INFO  server.StorageContainerManager (StorageContainerManager.java:stop(808)) - Stopping Replication Manager Service.
2019-10-02 21:19:02,225 [main] INFO  container.ReplicationManager (ReplicationManager.java:stop(203)) - Stopping Replication Monitor Thread.
2019-10-02 21:19:02,225 [main] INFO  server.StorageContainerManager (StorageContainerManager.java:stop(815)) - Stopping Lease Manager of the command watchers
2019-10-02 21:19:02,225 [main] INFO  server.StorageContainerManager (StorageContainerManager.java:stop(822)) - Stopping datanode service RPC server
2019-10-02 21:19:02,226 [main] INFO  server.SCMDatanodeProtocolServer (SCMDatanodeProtocolServer.java:stop(367)) - Stopping the RPC server for DataNodes
2019-10-02 21:19:02,226 [main] INFO  ipc.Server (Server.java:stop(3082)) - Stopping server on 41798
2019-10-02 21:19:02,229 [IPC Server listener on 41798] INFO  ipc.Server (Server.java:run(1185)) - Stopping IPC Server listener on 41798
2019-10-02 21:19:02,229 [IPC Server Responder] INFO  ipc.Server (Server.java:run(1319)) - Stopping IPC Server Responder
2019-10-02 21:19:02,310 [SCM Heartbeat Processing Thread - 0] WARN  node.NodeStateManager (NodeStateManager.java:scheduleNextHealthCheck(646)) - Current Thread is interrupted, shutting down HB processing thread for Node Manager.
2019-10-02 21:19:02,310 [main] INFO  server.StorageContainerManager (StorageContainerManager.java:stop(830)) - Stopping block service RPC server
2019-10-02 21:19:02,310 [main] INFO  server.SCMBlockProtocolServer (SCMBlockProtocolServer.java:stop(155)) - Stopping the RPC server for Block Protocol
2019-10-02 21:19:02,311 [main] INFO  ipc.Server (Server.java:stop(3082)) - Stopping server on 35627
2019-10-02 21:19:02,313 [IPC Server listener on 35627] INFO  ipc.Server (Server.java:run(1185)) - Stopping IPC Server listener on 35627
2019-10-02 21:19:02,313 [main] INFO  server.StorageContainerManager (StorageContainerManager.java:stop(837)) - Stopping the StorageContainerLocationProtocol RPC server
2019-10-02 21:19:02,313 [IPC Server Responder] INFO  ipc.Server (Server.java:run(1319)) - Stopping IPC Server Responder
2019-10-02 21:19:02,314 [main] INFO  server.SCMClientProtocolServer (SCMClientProtocolServer.java:stop(158)) - Stopping the RPC server for Client Protocol
2019-10-02 21:19:02,314 [main] INFO  ipc.Server (Server.java:stop(3082)) - Stopping server on 45032
2019-10-02 21:19:02,316 [IPC Server listener on 45032] INFO  ipc.Server (Server.java:run(1185)) - Stopping IPC Server listener on 45032
2019-10-02 21:19:02,317 [main] INFO  server.StorageContainerManager (StorageContainerManager.java:stop(844)) - Stopping Storage Container Manager HTTP server.
2019-10-02 21:19:02,317 [IPC Server Responder] INFO  ipc.Server (Server.java:run(1319)) - Stopping IPC Server Responder
2019-10-02 21:19:02,317 [main] INFO  handler.ContextHandler (ContextHandler.java:doStop(910)) - Stopped o.e.j.w.WebAppContext@2b43f314{/,null,UNAVAILABLE}{/scm}
2019-10-02 21:19:02,318 [main] INFO  server.AbstractConnector (AbstractConnector.java:doStop(318)) - Stopped ServerConnector@3a4a5f3c{HTTP/1.1,[http/1.1]}{0.0.0.0:0}
2019-10-02 21:19:02,318 [main] INFO  handler.ContextHandler (ContextHandler.java:doStop(910)) - Stopped o.e.j.s.ServletContextHandler@37606fee{/static,file:///workdir/hadoop-ozone/integration-test/target/test-classes/webapps/static,UNAVAILABLE}
2019-10-02 21:19:02,319 [main] INFO  handler.ContextHandler (ContextHandler.java:doStop(910)) - Stopped o.e.j.s.ServletContextHandler@6cbb7a7d{/logs,file:///workdir/hadoop-ozone/integration-test/target/log,UNAVAILABLE}
2019-10-02 21:19:02,320 [main] INFO  server.StorageContainerManager (StorageContainerManager.java:stop(855)) - Stopping Block Manager Service.
2019-10-02 21:19:02,320 [main] INFO  utils.BackgroundService (BackgroundService.java:shutdown(148)) - Shutting down service SCMBlockDeletingService
2019-10-02 21:19:02,320 [main] INFO  utils.BackgroundService (BackgroundService.java:shutdown(148)) - Shutting down service SCMBlockDeletingService
2019-10-02 21:19:02,321 [main] INFO  server.StorageContainerManager (StorageContainerManager.java:stop(877)) - Stopping SCM Event Queue.
2019-10-02 21:19:02,326 [main] INFO  impl.MetricsSystemImpl (MetricsSystemImpl.java:stop(210)) - Stopping HddsDatanode metrics system...
2019-10-02 21:19:02,349 [main] INFO  impl.MetricsSystemImpl (MetricsSystemImpl.java:stop(216)) - HddsDatanode metrics system stopped.
]]></system-out>
    <system-err><![CDATA[Oct 02, 2019 9:18:17 PM org.apache.ratis.thirdparty.io.grpc.internal.ManagedChannelOrphanWrapper$ManagedChannelReference cleanQueue
SEVERE: *~*~*~ Channel ManagedChannelImpl{logId=2740, target=192.168.151.122:35904} was not shutdown properly!!! ~*~*~*
    Make sure to call shutdown()/shutdownNow() and wait until awaitTermination() returns true.
java.lang.RuntimeException: ManagedChannel allocation site
	at org.apache.ratis.thirdparty.io.grpc.internal.ManagedChannelOrphanWrapper$ManagedChannelReference.<init>(ManagedChannelOrphanWrapper.java:103)
	at org.apache.ratis.thirdparty.io.grpc.internal.ManagedChannelOrphanWrapper.<init>(ManagedChannelOrphanWrapper.java:53)
	at org.apache.ratis.thirdparty.io.grpc.internal.ManagedChannelOrphanWrapper.<init>(ManagedChannelOrphanWrapper.java:44)
	at org.apache.ratis.thirdparty.io.grpc.internal.AbstractManagedChannelImplBuilder.build(AbstractManagedChannelImplBuilder.java:411)
	at org.apache.hadoop.hdds.scm.XceiverClientGrpc.connectToDatanode(XceiverClientGrpc.java:181)
	at org.apache.hadoop.hdds.scm.XceiverClientGrpc.reconnect(XceiverClientGrpc.java:429)
	at org.apache.hadoop.hdds.scm.XceiverClientGrpc.sendCommandAsync(XceiverClientGrpc.java:378)
	at org.apache.hadoop.hdds.scm.XceiverClientGrpc.sendCommandWithRetry(XceiverClientGrpc.java:291)
	at org.apache.hadoop.hdds.scm.XceiverClientGrpc.sendCommandWithTraceIDAndRetry(XceiverClientGrpc.java:257)
	at org.apache.hadoop.hdds.scm.XceiverClientGrpc.sendCommand(XceiverClientGrpc.java:240)
	at org.apache.hadoop.hdds.scm.storage.ContainerProtocolCalls.getBlock(ContainerProtocolCalls.java:118)
	at org.apache.hadoop.hdds.scm.storage.BlockInputStream.getChunkInfos(BlockInputStream.java:167)
	at org.apache.hadoop.hdds.scm.storage.BlockInputStream.initialize(BlockInputStream.java:118)
	at org.apache.hadoop.hdds.scm.storage.BlockInputStream.read(BlockInputStream.java:222)
	at org.apache.hadoop.ozone.client.io.KeyInputStream.read(KeyInputStream.java:171)
	at org.apache.hadoop.ozone.client.io.OzoneInputStream.read(OzoneInputStream.java:47)
	at java.io.InputStream.read(InputStream.java:101)
	at org.apache.hadoop.ozone.container.ContainerTestHelper.validateData(ContainerTestHelper.java:714)
	at org.apache.hadoop.ozone.client.rpc.TestBlockOutputStreamWithFailures.validateData(TestBlockOutputStreamWithFailures.java:1216)
	at org.apache.hadoop.ozone.client.rpc.TestBlockOutputStreamWithFailures.testDatanodeFailureWithSingleNodeRatis(TestBlockOutputStreamWithFailures.java:1058)
	at sun.reflect.NativeMethodAccessorImpl.invoke0(Native Method)
	at sun.reflect.NativeMethodAccessorImpl.invoke(NativeMethodAccessorImpl.java:62)
	at sun.reflect.DelegatingMethodAccessorImpl.invoke(DelegatingMethodAccessorImpl.java:43)
	at java.lang.reflect.Method.invoke(Method.java:498)
	at org.junit.runners.model.FrameworkMethod$1.runReflectiveCall(FrameworkMethod.java:47)
	at org.junit.internal.runners.model.ReflectiveCallable.run(ReflectiveCallable.java:12)
	at org.junit.runners.model.FrameworkMethod.invokeExplosively(FrameworkMethod.java:44)
	at org.junit.internal.runners.statements.InvokeMethod.evaluate(InvokeMethod.java:17)
	at org.junit.internal.runners.statements.RunBefores.evaluate(RunBefores.java:26)
	at org.junit.internal.runners.statements.RunAfters.evaluate(RunAfters.java:27)
	at org.junit.runners.ParentRunner.runLeaf(ParentRunner.java:271)
	at org.junit.runners.BlockJUnit4ClassRunner.runChild(BlockJUnit4ClassRunner.java:70)
	at org.junit.runners.BlockJUnit4ClassRunner.runChild(BlockJUnit4ClassRunner.java:50)
	at org.junit.runners.ParentRunner$3.run(ParentRunner.java:238)
	at org.junit.runners.ParentRunner$1.schedule(ParentRunner.java:63)
	at org.junit.runners.ParentRunner.runChildren(ParentRunner.java:236)
	at org.junit.runners.ParentRunner.access$000(ParentRunner.java:53)
	at org.junit.runners.ParentRunner$2.evaluate(ParentRunner.java:229)
	at org.junit.runners.ParentRunner.run(ParentRunner.java:309)
	at org.apache.maven.surefire.junit4.JUnit4Provider.execute(JUnit4Provider.java:365)
	at org.apache.maven.surefire.junit4.JUnit4Provider.executeWithRerun(JUnit4Provider.java:273)
	at org.apache.maven.surefire.junit4.JUnit4Provider.executeTestSet(JUnit4Provider.java:238)
	at org.apache.maven.surefire.junit4.JUnit4Provider.invoke(JUnit4Provider.java:159)
	at org.apache.maven.surefire.booter.ForkedBooter.invokeProviderInSameClassLoader(ForkedBooter.java:384)
	at org.apache.maven.surefire.booter.ForkedBooter.runSuitesInProcess(ForkedBooter.java:345)
	at org.apache.maven.surefire.booter.ForkedBooter.execute(ForkedBooter.java:126)
	at org.apache.maven.surefire.booter.ForkedBooter.main(ForkedBooter.java:418)

Oct 02, 2019 9:18:17 PM org.apache.ratis.thirdparty.io.grpc.internal.ManagedChannelOrphanWrapper$ManagedChannelReference cleanQueue
SEVERE: *~*~*~ Channel ManagedChannelImpl{logId=2932, target=192.168.151.122:38598} was not shutdown properly!!! ~*~*~*
    Make sure to call shutdown()/shutdownNow() and wait until awaitTermination() returns true.
java.lang.RuntimeException: ManagedChannel allocation site
	at org.apache.ratis.thirdparty.io.grpc.internal.ManagedChannelOrphanWrapper$ManagedChannelReference.<init>(ManagedChannelOrphanWrapper.java:103)
	at org.apache.ratis.thirdparty.io.grpc.internal.ManagedChannelOrphanWrapper.<init>(ManagedChannelOrphanWrapper.java:53)
	at org.apache.ratis.thirdparty.io.grpc.internal.ManagedChannelOrphanWrapper.<init>(ManagedChannelOrphanWrapper.java:44)
	at org.apache.ratis.thirdparty.io.grpc.internal.AbstractManagedChannelImplBuilder.build(AbstractManagedChannelImplBuilder.java:411)
	at org.apache.ratis.grpc.client.GrpcClientProtocolClient.<init>(GrpcClientProtocolClient.java:128)
	at org.apache.ratis.grpc.client.GrpcClientRpc.lambda$new$0(GrpcClientRpc.java:55)
	at org.apache.ratis.util.PeerProxyMap$PeerAndProxy.lambda$getProxy$0(PeerProxyMap.java:61)
	at org.apache.ratis.util.LifeCycle.startAndTransition(LifeCycle.java:202)
	at org.apache.ratis.util.PeerProxyMap$PeerAndProxy.getProxy(PeerProxyMap.java:60)
	at org.apache.ratis.util.PeerProxyMap.getProxy(PeerProxyMap.java:108)
	at org.apache.ratis.grpc.client.GrpcClientRpc.sendRequestAsync(GrpcClientRpc.java:66)
	at org.apache.ratis.client.impl.OrderedAsync.sendRequest(OrderedAsync.java:208)
	at org.apache.ratis.client.impl.OrderedAsync.sendRequestWithRetry(OrderedAsync.java:169)
	at org.apache.ratis.util.SlidingWindow$Client.sendOrDelayRequest(SlidingWindow.java:278)
	at org.apache.ratis.util.SlidingWindow$Client.retry(SlidingWindow.java:294)
	at org.apache.ratis.client.impl.OrderedAsync.lambda$scheduleWithTimeout$7(OrderedAsync.java:195)
	at org.apache.ratis.util.TimeoutScheduler.lambda$onTimeout$0(TimeoutScheduler.java:113)
	at org.apache.ratis.util.TimeoutScheduler.lambda$onTimeout$1(TimeoutScheduler.java:133)
	at org.apache.ratis.util.LogUtils.runAndLog(LogUtils.java:50)
	at org.apache.ratis.util.LogUtils$1.run(LogUtils.java:91)
	at java.util.concurrent.Executors$RunnableAdapter.call(Executors.java:511)
	at java.util.concurrent.FutureTask.run(FutureTask.java:266)
	at java.util.concurrent.ScheduledThreadPoolExecutor$ScheduledFutureTask.access$201(ScheduledThreadPoolExecutor.java:180)
	at java.util.concurrent.ScheduledThreadPoolExecutor$ScheduledFutureTask.run(ScheduledThreadPoolExecutor.java:293)
	at java.util.concurrent.ThreadPoolExecutor.runWorker(ThreadPoolExecutor.java:1149)
	at java.util.concurrent.ThreadPoolExecutor$Worker.run(ThreadPoolExecutor.java:624)
	at java.lang.Thread.run(Thread.java:748)

Oct 02, 2019 9:18:17 PM org.apache.ratis.thirdparty.io.grpc.internal.ManagedChannelOrphanWrapper$ManagedChannelReference cleanQueue
SEVERE: *~*~*~ Channel ManagedChannelImpl{logId=2702, target=192.168.151.122:37903} was not shutdown properly!!! ~*~*~*
    Make sure to call shutdown()/shutdownNow() and wait until awaitTermination() returns true.
java.lang.RuntimeException: ManagedChannel allocation site
	at org.apache.ratis.thirdparty.io.grpc.internal.ManagedChannelOrphanWrapper$ManagedChannelReference.<init>(ManagedChannelOrphanWrapper.java:103)
	at org.apache.ratis.thirdparty.io.grpc.internal.ManagedChannelOrphanWrapper.<init>(ManagedChannelOrphanWrapper.java:53)
	at org.apache.ratis.thirdparty.io.grpc.internal.ManagedChannelOrphanWrapper.<init>(ManagedChannelOrphanWrapper.java:44)
	at org.apache.ratis.thirdparty.io.grpc.internal.AbstractManagedChannelImplBuilder.build(AbstractManagedChannelImplBuilder.java:411)
	at org.apache.ratis.grpc.client.GrpcClientProtocolClient.<init>(GrpcClientProtocolClient.java:128)
	at org.apache.ratis.grpc.client.GrpcClientRpc.lambda$new$0(GrpcClientRpc.java:55)
	at org.apache.ratis.util.PeerProxyMap$PeerAndProxy.lambda$getProxy$0(PeerProxyMap.java:61)
	at org.apache.ratis.util.LifeCycle.startAndTransition(LifeCycle.java:202)
	at org.apache.ratis.util.PeerProxyMap$PeerAndProxy.getProxy(PeerProxyMap.java:60)
	at org.apache.ratis.util.PeerProxyMap.getProxy(PeerProxyMap.java:108)
	at org.apache.ratis.grpc.client.GrpcClientRpc.sendRequestAsync(GrpcClientRpc.java:66)
	at org.apache.ratis.client.impl.OrderedAsync.sendRequest(OrderedAsync.java:208)
	at org.apache.ratis.client.impl.OrderedAsync.sendRequestWithRetry(OrderedAsync.java:169)
	at org.apache.ratis.util.SlidingWindow$Client.sendOrDelayRequest(SlidingWindow.java:278)
	at org.apache.ratis.util.SlidingWindow$Client.retry(SlidingWindow.java:294)
	at org.apache.ratis.client.impl.OrderedAsync.lambda$scheduleWithTimeout$7(OrderedAsync.java:195)
	at org.apache.ratis.util.TimeoutScheduler.lambda$onTimeout$0(TimeoutScheduler.java:113)
	at org.apache.ratis.util.TimeoutScheduler.lambda$onTimeout$1(TimeoutScheduler.java:133)
	at org.apache.ratis.util.LogUtils.runAndLog(LogUtils.java:50)
	at org.apache.ratis.util.LogUtils$1.run(LogUtils.java:91)
	at java.util.concurrent.Executors$RunnableAdapter.call(Executors.java:511)
	at java.util.concurrent.FutureTask.run(FutureTask.java:266)
	at java.util.concurrent.ScheduledThreadPoolExecutor$ScheduledFutureTask.access$201(ScheduledThreadPoolExecutor.java:180)
	at java.util.concurrent.ScheduledThreadPoolExecutor$ScheduledFutureTask.run(ScheduledThreadPoolExecutor.java:293)
	at java.util.concurrent.ThreadPoolExecutor.runWorker(ThreadPoolExecutor.java:1149)
	at java.util.concurrent.ThreadPoolExecutor$Worker.run(ThreadPoolExecutor.java:624)
	at java.lang.Thread.run(Thread.java:748)

Oct 02, 2019 9:18:17 PM org.apache.ratis.thirdparty.io.grpc.internal.ManagedChannelOrphanWrapper$ManagedChannelReference cleanQueue
SEVERE: *~*~*~ Channel ManagedChannelImpl{logId=2706, target=192.168.151.122:44588} was not shutdown properly!!! ~*~*~*
    Make sure to call shutdown()/shutdownNow() and wait until awaitTermination() returns true.
java.lang.RuntimeException: ManagedChannel allocation site
	at org.apache.ratis.thirdparty.io.grpc.internal.ManagedChannelOrphanWrapper$ManagedChannelReference.<init>(ManagedChannelOrphanWrapper.java:103)
	at org.apache.ratis.thirdparty.io.grpc.internal.ManagedChannelOrphanWrapper.<init>(ManagedChannelOrphanWrapper.java:53)
	at org.apache.ratis.thirdparty.io.grpc.internal.ManagedChannelOrphanWrapper.<init>(ManagedChannelOrphanWrapper.java:44)
	at org.apache.ratis.thirdparty.io.grpc.internal.AbstractManagedChannelImplBuilder.build(AbstractManagedChannelImplBuilder.java:411)
	at org.apache.ratis.grpc.client.GrpcClientProtocolClient.<init>(GrpcClientProtocolClient.java:128)
	at org.apache.ratis.grpc.client.GrpcClientRpc.lambda$new$0(GrpcClientRpc.java:55)
	at org.apache.ratis.util.PeerProxyMap$PeerAndProxy.lambda$getProxy$0(PeerProxyMap.java:61)
	at org.apache.ratis.util.LifeCycle.startAndTransition(LifeCycle.java:202)
	at org.apache.ratis.util.PeerProxyMap$PeerAndProxy.getProxy(PeerProxyMap.java:60)
	at org.apache.ratis.util.PeerProxyMap.getProxy(PeerProxyMap.java:108)
	at org.apache.ratis.grpc.client.GrpcClientRpc.sendRequestAsync(GrpcClientRpc.java:66)
	at org.apache.ratis.client.impl.OrderedAsync.sendRequest(OrderedAsync.java:208)
	at org.apache.ratis.client.impl.OrderedAsync.sendRequestWithRetry(OrderedAsync.java:169)
	at org.apache.ratis.util.SlidingWindow$Client.sendOrDelayRequest(SlidingWindow.java:278)
	at org.apache.ratis.util.SlidingWindow$Client.submitNewRequest(SlidingWindow.java:257)
	at org.apache.ratis.client.impl.OrderedAsync.send(OrderedAsync.java:155)
	at org.apache.ratis.client.impl.RaftClientImpl.sendAsync(RaftClientImpl.java:144)
	at org.apache.ratis.client.impl.RaftClientImpl.sendAsync(RaftClientImpl.java:124)
	at org.apache.hadoop.hdds.scm.XceiverClientRatis.sendRequestAsync(XceiverClientRatis.java:234)
	at org.apache.hadoop.hdds.scm.XceiverClientRatis.sendCommandAsync(XceiverClientRatis.java:332)
	at org.apache.hadoop.hdds.scm.storage.ContainerProtocolCalls.writeChunkAsync(ContainerProtocolCalls.java:310)
	at org.apache.hadoop.hdds.scm.storage.BlockOutputStream.writeChunkToContainer(BlockOutputStream.java:601)
	at org.apache.hadoop.hdds.scm.storage.BlockOutputStream.writeChunk(BlockOutputStream.java:459)
	at org.apache.hadoop.hdds.scm.storage.BlockOutputStream.writeOnRetry(BlockOutputStream.java:285)
	at org.apache.hadoop.ozone.client.io.BlockOutputStreamEntry.writeOnRetry(BlockOutputStreamEntry.java:200)
	at org.apache.hadoop.ozone.client.io.KeyOutputStream.handleWrite(KeyOutputStream.java:206)
	at org.apache.hadoop.ozone.client.io.KeyOutputStream.handleRetry(KeyOutputStream.java:375)
	at org.apache.hadoop.ozone.client.io.KeyOutputStream.handleException(KeyOutputStream.java:324)
	at org.apache.hadoop.ozone.client.io.KeyOutputStream.handleFlushOrClose(KeyOutputStream.java:449)
	at org.apache.hadoop.ozone.client.io.KeyOutputStream.handleWrite(KeyOutputStream.java:232)
	at org.apache.hadoop.ozone.client.io.KeyOutputStream.write(KeyOutputStream.java:190)
	at org.apache.hadoop.ozone.client.io.OzoneOutputStream.write(OzoneOutputStream.java:49)
	at java.io.OutputStream.write(OutputStream.java:75)
	at org.apache.hadoop.ozone.client.rpc.TestBlockOutputStreamWithFailures.testDatanodeFailureWithSingleNodeRatis(TestBlockOutputStreamWithFailures.java:1021)
	at sun.reflect.NativeMethodAccessorImpl.invoke0(Native Method)
	at sun.reflect.NativeMethodAccessorImpl.invoke(NativeMethodAccessorImpl.java:62)
	at sun.reflect.DelegatingMethodAccessorImpl.invoke(DelegatingMethodAccessorImpl.java:43)
	at java.lang.reflect.Method.invoke(Method.java:498)
	at org.junit.runners.model.FrameworkMethod$1.runReflectiveCall(FrameworkMethod.java:47)
	at org.junit.internal.runners.model.ReflectiveCallable.run(ReflectiveCallable.java:12)
	at org.junit.runners.model.FrameworkMethod.invokeExplosively(FrameworkMethod.java:44)
	at org.junit.internal.runners.statements.InvokeMethod.evaluate(InvokeMethod.java:17)
	at org.junit.internal.runners.statements.RunBefores.evaluate(RunBefores.java:26)
	at org.junit.internal.runners.statements.RunAfters.evaluate(RunAfters.java:27)
	at org.junit.runners.ParentRunner.runLeaf(ParentRunner.java:271)
	at org.junit.runners.BlockJUnit4ClassRunner.runChild(BlockJUnit4ClassRunner.java:70)
	at org.junit.runners.BlockJUnit4ClassRunner.runChild(BlockJUnit4ClassRunner.java:50)
	at org.junit.runners.ParentRunner$3.run(ParentRunner.java:238)
	at org.junit.runners.ParentRunner$1.schedule(ParentRunner.java:63)
	at org.junit.runners.ParentRunner.runChildren(ParentRunner.java:236)
	at org.junit.runners.ParentRunner.access$000(ParentRunner.java:53)
	at org.junit.runners.ParentRunner$2.evaluate(ParentRunner.java:229)
	at org.junit.runners.ParentRunner.run(ParentRunner.java:309)
	at org.apache.maven.surefire.junit4.JUnit4Provider.execute(JUnit4Provider.java:365)
	at org.apache.maven.surefire.junit4.JUnit4Provider.executeWithRerun(JUnit4Provider.java:273)
	at org.apache.maven.surefire.junit4.JUnit4Provider.executeTestSet(JUnit4Provider.java:238)
	at org.apache.maven.surefire.junit4.JUnit4Provider.invoke(JUnit4Provider.java:159)
	at org.apache.maven.surefire.booter.ForkedBooter.invokeProviderInSameClassLoader(ForkedBooter.java:384)
	at org.apache.maven.surefire.booter.ForkedBooter.runSuitesInProcess(ForkedBooter.java:345)
	at org.apache.maven.surefire.booter.ForkedBooter.execute(ForkedBooter.java:126)
	at org.apache.maven.surefire.booter.ForkedBooter.main(ForkedBooter.java:418)

Oct 02, 2019 9:18:17 PM org.apache.ratis.thirdparty.io.grpc.internal.ManagedChannelOrphanWrapper$ManagedChannelReference cleanQueue
SEVERE: *~*~*~ Channel ManagedChannelImpl{logId=2952, target=192.168.151.122:44670} was not shutdown properly!!! ~*~*~*
    Make sure to call shutdown()/shutdownNow() and wait until awaitTermination() returns true.
java.lang.RuntimeException: ManagedChannel allocation site
	at org.apache.ratis.thirdparty.io.grpc.internal.ManagedChannelOrphanWrapper$ManagedChannelReference.<init>(ManagedChannelOrphanWrapper.java:103)
	at org.apache.ratis.thirdparty.io.grpc.internal.ManagedChannelOrphanWrapper.<init>(ManagedChannelOrphanWrapper.java:53)
	at org.apache.ratis.thirdparty.io.grpc.internal.ManagedChannelOrphanWrapper.<init>(ManagedChannelOrphanWrapper.java:44)
	at org.apache.ratis.thirdparty.io.grpc.internal.AbstractManagedChannelImplBuilder.build(AbstractManagedChannelImplBuilder.java:411)
	at org.apache.hadoop.hdds.scm.XceiverClientGrpc.connectToDatanode(XceiverClientGrpc.java:181)
	at org.apache.hadoop.hdds.scm.XceiverClientGrpc.reconnect(XceiverClientGrpc.java:429)
	at org.apache.hadoop.hdds.scm.XceiverClientGrpc.sendCommandAsync(XceiverClientGrpc.java:378)
	at org.apache.hadoop.hdds.scm.XceiverClientGrpc.sendCommandWithRetry(XceiverClientGrpc.java:291)
	at org.apache.hadoop.hdds.scm.XceiverClientGrpc.sendCommandWithTraceIDAndRetry(XceiverClientGrpc.java:257)
	at org.apache.hadoop.hdds.scm.XceiverClientGrpc.sendCommand(XceiverClientGrpc.java:240)
	at org.apache.hadoop.hdds.scm.storage.ContainerProtocolCalls.getBlock(ContainerProtocolCalls.java:118)
	at org.apache.hadoop.hdds.scm.storage.BlockInputStream.getChunkInfos(BlockInputStream.java:167)
	at org.apache.hadoop.hdds.scm.storage.BlockInputStream.initialize(BlockInputStream.java:118)
	at org.apache.hadoop.hdds.scm.storage.BlockInputStream.read(BlockInputStream.java:222)
	at org.apache.hadoop.ozone.client.io.KeyInputStream.read(KeyInputStream.java:171)
	at org.apache.hadoop.ozone.client.io.OzoneInputStream.read(OzoneInputStream.java:47)
	at java.io.InputStream.read(InputStream.java:101)
	at org.apache.hadoop.ozone.container.ContainerTestHelper.validateData(ContainerTestHelper.java:714)
	at org.apache.hadoop.ozone.client.rpc.TestBlockOutputStreamWithFailures.validateData(TestBlockOutputStreamWithFailures.java:1216)
	at org.apache.hadoop.ozone.client.rpc.TestBlockOutputStreamWithFailures.testWatchForCommitWithSingleNodeRatis(TestBlockOutputStreamWithFailures.java:918)
	at sun.reflect.NativeMethodAccessorImpl.invoke0(Native Method)
	at sun.reflect.NativeMethodAccessorImpl.invoke(NativeMethodAccessorImpl.java:62)
	at sun.reflect.DelegatingMethodAccessorImpl.invoke(DelegatingMethodAccessorImpl.java:43)
	at java.lang.reflect.Method.invoke(Method.java:498)
	at org.junit.runners.model.FrameworkMethod$1.runReflectiveCall(FrameworkMethod.java:47)
	at org.junit.internal.runners.model.ReflectiveCallable.run(ReflectiveCallable.java:12)
	at org.junit.runners.model.FrameworkMethod.invokeExplosively(FrameworkMethod.java:44)
	at org.junit.internal.runners.statements.InvokeMethod.evaluate(InvokeMethod.java:17)
	at org.junit.internal.runners.statements.RunBefores.evaluate(RunBefores.java:26)
	at org.junit.internal.runners.statements.RunAfters.evaluate(RunAfters.java:27)
	at org.junit.runners.ParentRunner.runLeaf(ParentRunner.java:271)
	at org.junit.runners.BlockJUnit4ClassRunner.runChild(BlockJUnit4ClassRunner.java:70)
	at org.junit.runners.BlockJUnit4ClassRunner.runChild(BlockJUnit4ClassRunner.java:50)
	at org.junit.runners.ParentRunner$3.run(ParentRunner.java:238)
	at org.junit.runners.ParentRunner$1.schedule(ParentRunner.java:63)
	at org.junit.runners.ParentRunner.runChildren(ParentRunner.java:236)
	at org.junit.runners.ParentRunner.access$000(ParentRunner.java:53)
	at org.junit.runners.ParentRunner$2.evaluate(ParentRunner.java:229)
	at org.junit.runners.ParentRunner.run(ParentRunner.java:309)
	at org.apache.maven.surefire.junit4.JUnit4Provider.execute(JUnit4Provider.java:365)
	at org.apache.maven.surefire.junit4.JUnit4Provider.executeWithRerun(JUnit4Provider.java:273)
	at org.apache.maven.surefire.junit4.JUnit4Provider.executeTestSet(JUnit4Provider.java:238)
	at org.apache.maven.surefire.junit4.JUnit4Provider.invoke(JUnit4Provider.java:159)
	at org.apache.maven.surefire.booter.ForkedBooter.invokeProviderInSameClassLoader(ForkedBooter.java:384)
	at org.apache.maven.surefire.booter.ForkedBooter.runSuitesInProcess(ForkedBooter.java:345)
	at org.apache.maven.surefire.booter.ForkedBooter.execute(ForkedBooter.java:126)
	at org.apache.maven.surefire.booter.ForkedBooter.main(ForkedBooter.java:418)

Oct 02, 2019 9:18:17 PM org.apache.ratis.thirdparty.io.grpc.internal.ManagedChannelOrphanWrapper$ManagedChannelReference cleanQueue
SEVERE: *~*~*~ Channel ManagedChannelImpl{logId=2947, target=192.168.151.122:44670} was not shutdown properly!!! ~*~*~*
    Make sure to call shutdown()/shutdownNow() and wait until awaitTermination() returns true.
java.lang.RuntimeException: ManagedChannel allocation site
	at org.apache.ratis.thirdparty.io.grpc.internal.ManagedChannelOrphanWrapper$ManagedChannelReference.<init>(ManagedChannelOrphanWrapper.java:103)
	at org.apache.ratis.thirdparty.io.grpc.internal.ManagedChannelOrphanWrapper.<init>(ManagedChannelOrphanWrapper.java:53)
	at org.apache.ratis.thirdparty.io.grpc.internal.ManagedChannelOrphanWrapper.<init>(ManagedChannelOrphanWrapper.java:44)
	at org.apache.ratis.thirdparty.io.grpc.internal.AbstractManagedChannelImplBuilder.build(AbstractManagedChannelImplBuilder.java:411)
	at org.apache.hadoop.hdds.scm.XceiverClientGrpc.connectToDatanode(XceiverClientGrpc.java:181)
	at org.apache.hadoop.hdds.scm.XceiverClientGrpc.reconnect(XceiverClientGrpc.java:429)
	at org.apache.hadoop.hdds.scm.XceiverClientGrpc.sendCommandAsync(XceiverClientGrpc.java:378)
	at org.apache.hadoop.hdds.scm.XceiverClientGrpc.sendCommandWithRetry(XceiverClientGrpc.java:291)
	at org.apache.hadoop.hdds.scm.XceiverClientGrpc.sendCommandWithTraceIDAndRetry(XceiverClientGrpc.java:257)
	at org.apache.hadoop.hdds.scm.XceiverClientGrpc.sendCommand(XceiverClientGrpc.java:240)
	at org.apache.hadoop.hdds.scm.storage.ContainerProtocolCalls.getBlock(ContainerProtocolCalls.java:118)
	at org.apache.hadoop.hdds.scm.storage.BlockInputStream.getChunkInfos(BlockInputStream.java:167)
	at org.apache.hadoop.hdds.scm.storage.BlockInputStream.initialize(BlockInputStream.java:118)
	at org.apache.hadoop.hdds.scm.storage.BlockInputStream.read(BlockInputStream.java:222)
	at org.apache.hadoop.ozone.client.io.KeyInputStream.read(KeyInputStream.java:171)
	at org.apache.hadoop.ozone.client.io.OzoneInputStream.read(OzoneInputStream.java:47)
	at java.io.InputStream.read(InputStream.java:101)
	at org.apache.hadoop.ozone.container.ContainerTestHelper.validateData(ContainerTestHelper.java:714)
	at org.apache.hadoop.ozone.client.rpc.TestBlockOutputStreamWithFailures.validateData(TestBlockOutputStreamWithFailures.java:1216)
	at org.apache.hadoop.ozone.client.rpc.TestBlockOutputStreamWithFailures.testWatchForCommitWithSingleNodeRatis(TestBlockOutputStreamWithFailures.java:918)
	at sun.reflect.NativeMethodAccessorImpl.invoke0(Native Method)
	at sun.reflect.NativeMethodAccessorImpl.invoke(NativeMethodAccessorImpl.java:62)
	at sun.reflect.DelegatingMethodAccessorImpl.invoke(DelegatingMethodAccessorImpl.java:43)
	at java.lang.reflect.Method.invoke(Method.java:498)
	at org.junit.runners.model.FrameworkMethod$1.runReflectiveCall(FrameworkMethod.java:47)
	at org.junit.internal.runners.model.ReflectiveCallable.run(ReflectiveCallable.java:12)
	at org.junit.runners.model.FrameworkMethod.invokeExplosively(FrameworkMethod.java:44)
	at org.junit.internal.runners.statements.InvokeMethod.evaluate(InvokeMethod.java:17)
	at org.junit.internal.runners.statements.RunBefores.evaluate(RunBefores.java:26)
	at org.junit.internal.runners.statements.RunAfters.evaluate(RunAfters.java:27)
	at org.junit.runners.ParentRunner.runLeaf(ParentRunner.java:271)
	at org.junit.runners.BlockJUnit4ClassRunner.runChild(BlockJUnit4ClassRunner.java:70)
	at org.junit.runners.BlockJUnit4ClassRunner.runChild(BlockJUnit4ClassRunner.java:50)
	at org.junit.runners.ParentRunner$3.run(ParentRunner.java:238)
	at org.junit.runners.ParentRunner$1.schedule(ParentRunner.java:63)
	at org.junit.runners.ParentRunner.runChildren(ParentRunner.java:236)
	at org.junit.runners.ParentRunner.access$000(ParentRunner.java:53)
	at org.junit.runners.ParentRunner$2.evaluate(ParentRunner.java:229)
	at org.junit.runners.ParentRunner.run(ParentRunner.java:309)
	at org.apache.maven.surefire.junit4.JUnit4Provider.execute(JUnit4Provider.java:365)
	at org.apache.maven.surefire.junit4.JUnit4Provider.executeWithRerun(JUnit4Provider.java:273)
	at org.apache.maven.surefire.junit4.JUnit4Provider.executeTestSet(JUnit4Provider.java:238)
	at org.apache.maven.surefire.junit4.JUnit4Provider.invoke(JUnit4Provider.java:159)
	at org.apache.maven.surefire.booter.ForkedBooter.invokeProviderInSameClassLoader(ForkedBooter.java:384)
	at org.apache.maven.surefire.booter.ForkedBooter.runSuitesInProcess(ForkedBooter.java:345)
	at org.apache.maven.surefire.booter.ForkedBooter.execute(ForkedBooter.java:126)
	at org.apache.maven.surefire.booter.ForkedBooter.main(ForkedBooter.java:418)

Oct 02, 2019 9:18:17 PM org.apache.ratis.thirdparty.io.grpc.internal.ManagedChannelOrphanWrapper$ManagedChannelReference cleanQueue
SEVERE: *~*~*~ Channel ManagedChannelImpl{logId=2735, target=192.168.151.122:36529} was not shutdown properly!!! ~*~*~*
    Make sure to call shutdown()/shutdownNow() and wait until awaitTermination() returns true.
java.lang.RuntimeException: ManagedChannel allocation site
	at org.apache.ratis.thirdparty.io.grpc.internal.ManagedChannelOrphanWrapper$ManagedChannelReference.<init>(ManagedChannelOrphanWrapper.java:103)
	at org.apache.ratis.thirdparty.io.grpc.internal.ManagedChannelOrphanWrapper.<init>(ManagedChannelOrphanWrapper.java:53)
	at org.apache.ratis.thirdparty.io.grpc.internal.ManagedChannelOrphanWrapper.<init>(ManagedChannelOrphanWrapper.java:44)
	at org.apache.ratis.thirdparty.io.grpc.internal.AbstractManagedChannelImplBuilder.build(AbstractManagedChannelImplBuilder.java:411)
	at org.apache.hadoop.hdds.scm.XceiverClientGrpc.connectToDatanode(XceiverClientGrpc.java:181)
	at org.apache.hadoop.hdds.scm.XceiverClientGrpc.reconnect(XceiverClientGrpc.java:429)
	at org.apache.hadoop.hdds.scm.XceiverClientGrpc.sendCommandAsync(XceiverClientGrpc.java:378)
	at org.apache.hadoop.hdds.scm.XceiverClientGrpc.sendCommandWithRetry(XceiverClientGrpc.java:291)
	at org.apache.hadoop.hdds.scm.XceiverClientGrpc.sendCommandWithTraceIDAndRetry(XceiverClientGrpc.java:257)
	at org.apache.hadoop.hdds.scm.XceiverClientGrpc.sendCommand(XceiverClientGrpc.java:240)
	at org.apache.hadoop.hdds.scm.storage.ContainerProtocolCalls.getBlock(ContainerProtocolCalls.java:118)
	at org.apache.hadoop.hdds.scm.storage.BlockInputStream.getChunkInfos(BlockInputStream.java:167)
	at org.apache.hadoop.hdds.scm.storage.BlockInputStream.initialize(BlockInputStream.java:118)
	at org.apache.hadoop.hdds.scm.storage.BlockInputStream.read(BlockInputStream.java:222)
	at org.apache.hadoop.ozone.client.io.KeyInputStream.read(KeyInputStream.java:171)
	at org.apache.hadoop.ozone.client.io.OzoneInputStream.read(OzoneInputStream.java:47)
	at java.io.InputStream.read(InputStream.java:101)
	at org.apache.hadoop.ozone.container.ContainerTestHelper.validateData(ContainerTestHelper.java:714)
	at org.apache.hadoop.ozone.client.rpc.TestBlockOutputStreamWithFailures.validateData(TestBlockOutputStreamWithFailures.java:1216)
	at org.apache.hadoop.ozone.client.rpc.TestBlockOutputStreamWithFailures.testDatanodeFailureWithSingleNodeRatis(TestBlockOutputStreamWithFailures.java:1058)
	at sun.reflect.NativeMethodAccessorImpl.invoke0(Native Method)
	at sun.reflect.NativeMethodAccessorImpl.invoke(NativeMethodAccessorImpl.java:62)
	at sun.reflect.DelegatingMethodAccessorImpl.invoke(DelegatingMethodAccessorImpl.java:43)
	at java.lang.reflect.Method.invoke(Method.java:498)
	at org.junit.runners.model.FrameworkMethod$1.runReflectiveCall(FrameworkMethod.java:47)
	at org.junit.internal.runners.model.ReflectiveCallable.run(ReflectiveCallable.java:12)
	at org.junit.runners.model.FrameworkMethod.invokeExplosively(FrameworkMethod.java:44)
	at org.junit.internal.runners.statements.InvokeMethod.evaluate(InvokeMethod.java:17)
	at org.junit.internal.runners.statements.RunBefores.evaluate(RunBefores.java:26)
	at org.junit.internal.runners.statements.RunAfters.evaluate(RunAfters.java:27)
	at org.junit.runners.ParentRunner.runLeaf(ParentRunner.java:271)
	at org.junit.runners.BlockJUnit4ClassRunner.runChild(BlockJUnit4ClassRunner.java:70)
	at org.junit.runners.BlockJUnit4ClassRunner.runChild(BlockJUnit4ClassRunner.java:50)
	at org.junit.runners.ParentRunner$3.run(ParentRunner.java:238)
	at org.junit.runners.ParentRunner$1.schedule(ParentRunner.java:63)
	at org.junit.runners.ParentRunner.runChildren(ParentRunner.java:236)
	at org.junit.runners.ParentRunner.access$000(ParentRunner.java:53)
	at org.junit.runners.ParentRunner$2.evaluate(ParentRunner.java:229)
	at org.junit.runners.ParentRunner.run(ParentRunner.java:309)
	at org.apache.maven.surefire.junit4.JUnit4Provider.execute(JUnit4Provider.java:365)
	at org.apache.maven.surefire.junit4.JUnit4Provider.executeWithRerun(JUnit4Provider.java:273)
	at org.apache.maven.surefire.junit4.JUnit4Provider.executeTestSet(JUnit4Provider.java:238)
	at org.apache.maven.surefire.junit4.JUnit4Provider.invoke(JUnit4Provider.java:159)
	at org.apache.maven.surefire.booter.ForkedBooter.invokeProviderInSameClassLoader(ForkedBooter.java:384)
	at org.apache.maven.surefire.booter.ForkedBooter.runSuitesInProcess(ForkedBooter.java:345)
	at org.apache.maven.surefire.booter.ForkedBooter.execute(ForkedBooter.java:126)
	at org.apache.maven.surefire.booter.ForkedBooter.main(ForkedBooter.java:418)

Oct 02, 2019 9:18:51 PM org.apache.ratis.thirdparty.io.grpc.internal.SerializingExecutor run
SEVERE: Exception while executing runnable org.apache.ratis.thirdparty.io.grpc.internal.ServerImpl$JumpToApplicationThreadServerStreamListener$1Closed@2d67298f
org.apache.ratis.thirdparty.io.grpc.StatusRuntimeException: CANCELLED: call already cancelled
	at org.apache.ratis.thirdparty.io.grpc.Status.asRuntimeException(Status.java:517)
	at org.apache.ratis.thirdparty.io.grpc.stub.ServerCalls$ServerCallStreamObserverImpl.onCompleted(ServerCalls.java:356)
	at org.apache.ratis.grpc.server.GrpcServerProtocolService$ServerRequestStreamObserver.onError(GrpcServerProtocolService.java:121)
	at org.apache.ratis.thirdparty.io.grpc.stub.ServerCalls$StreamingServerCallHandler$StreamingServerCallListener.onCancel(ServerCalls.java:269)
	at org.apache.ratis.thirdparty.io.grpc.internal.ServerCallImpl$ServerStreamListenerImpl.closed(ServerCallImpl.java:293)
	at org.apache.ratis.thirdparty.io.grpc.internal.ServerImpl$JumpToApplicationThreadServerStreamListener$1Closed.runInContext(ServerImpl.java:741)
	at org.apache.ratis.thirdparty.io.grpc.internal.ContextRunnable.run(ContextRunnable.java:37)
	at org.apache.ratis.thirdparty.io.grpc.internal.SerializingExecutor.run(SerializingExecutor.java:123)
	at java.util.concurrent.ThreadPoolExecutor.runWorker(ThreadPoolExecutor.java:1149)
	at java.util.concurrent.ThreadPoolExecutor$Worker.run(ThreadPoolExecutor.java:624)
	at java.lang.Thread.run(Thread.java:748)

Oct 02, 2019 9:18:52 PM org.apache.ratis.thirdparty.io.grpc.internal.SerializingExecutor run
SEVERE: Exception while executing runnable org.apache.ratis.thirdparty.io.grpc.internal.ServerImpl$JumpToApplicationThreadServerStreamListener$1Closed@19813bc8
org.apache.ratis.thirdparty.io.grpc.StatusRuntimeException: CANCELLED: call already cancelled
	at org.apache.ratis.thirdparty.io.grpc.Status.asRuntimeException(Status.java:517)
	at org.apache.ratis.thirdparty.io.grpc.stub.ServerCalls$ServerCallStreamObserverImpl.onCompleted(ServerCalls.java:356)
	at org.apache.ratis.grpc.server.GrpcServerProtocolService$ServerRequestStreamObserver.onError(GrpcServerProtocolService.java:121)
	at org.apache.ratis.thirdparty.io.grpc.stub.ServerCalls$StreamingServerCallHandler$StreamingServerCallListener.onCancel(ServerCalls.java:269)
	at org.apache.ratis.thirdparty.io.grpc.internal.ServerCallImpl$ServerStreamListenerImpl.closed(ServerCallImpl.java:293)
	at org.apache.ratis.thirdparty.io.grpc.internal.ServerImpl$JumpToApplicationThreadServerStreamListener$1Closed.runInContext(ServerImpl.java:741)
	at org.apache.ratis.thirdparty.io.grpc.internal.ContextRunnable.run(ContextRunnable.java:37)
	at org.apache.ratis.thirdparty.io.grpc.internal.SerializingExecutor.run(SerializingExecutor.java:123)
	at java.util.concurrent.ThreadPoolExecutor.runWorker(ThreadPoolExecutor.java:1149)
	at java.util.concurrent.ThreadPoolExecutor$Worker.run(ThreadPoolExecutor.java:624)
	at java.lang.Thread.run(Thread.java:748)

]]></system-err>
  </testcase>
  <testcase name="testFailureWithPrimeSizedData" classname="org.apache.hadoop.ozone.client.rpc.TestBlockOutputStreamWithFailures" time="33.158"/>
  <testcase name="testWatchForCommitWithCloseContainerException" classname="org.apache.hadoop.ozone.client.rpc.TestBlockOutputStreamWithFailures" time="44.052"/>
  <testcase name="testExceptionDuringClose" classname="org.apache.hadoop.ozone.client.rpc.TestBlockOutputStreamWithFailures" time="35.309"/>
</testsuite>