<?xml version="1.0" encoding="UTF-8"?>
<testsuite xmlns:xsi="http://www.w3.org/2001/XMLSchema-instance" xsi:noNamespaceSchemaLocation="https://maven.apache.org/surefire/maven-surefire-plugin/xsd/surefire-test-report.xsd" name="org.apache.hadoop.ozone.client.rpc.TestWatchForCommit" time="249.903" tests="5" errors="2" skipped="0" failures="1">
  <properties>
    <property name="awt.toolkit" value="sun.awt.X11.XToolkit"/>
    <property name="file.encoding.pkg" value="sun.io"/>
    <property name="java.specification.version" value="1.8"/>
    <property name="sun.cpu.isalist" value=""/>
    <property name="sun.jnu.encoding" value="UTF-8"/>
    <property name="java.class.path" value="/workdir/hadoop-ozone/integration-test/target/test-classes:/workdir/hadoop-ozone/integration-test/target/classes:/home/user/.m2/repository/org/apache/hadoop/hadoop-ozone-common/0.5.0-SNAPSHOT/hadoop-ozone-common-0.5.0-SNAPSHOT.jar:/home/user/.m2/repository/org/apache/commons/commons-compress/1.4.1/commons-compress-1.4.1.jar:/home/user/.m2/repository/org/tukaani/xz/1.0/xz-1.0.jar:/home/user/.m2/repository/org/apache/hadoop/hadoop-common/3.2.0/hadoop-common-3.2.0.jar:/home/user/.m2/repository/org/apache/hadoop/hadoop-hdfs/3.2.0/hadoop-hdfs-3.2.0.jar:/home/user/.m2/repository/org/apache/hadoop/hadoop-hdfs-client/3.2.0/hadoop-hdfs-client-3.2.0.jar:/home/user/.m2/repository/com/fasterxml/jackson/core/jackson-annotations/2.9.9/jackson-annotations-2.9.9.jar:/home/user/.m2/repository/org/apache/hadoop/hadoop-hdds-common/0.5.0-SNAPSHOT/hadoop-hdds-common-0.5.0-SNAPSHOT.jar:/home/user/.m2/repository/javax/annotation/javax.annotation-api/1.2/javax.annotation-api-1.2.jar:/home/user/.m2/repository/org/apache/ratis/ratis-server/0.5.0-201fc85-SNAPSHOT/ratis-server-0.5.0-201fc85-SNAPSHOT.jar:/home/user/.m2/repository/org/apache/ratis/ratis-thirdparty-misc/0.2.0/ratis-thirdparty-misc-0.2.0.jar:/home/user/.m2/repository/org/apache/ratis/ratis-proto/0.5.0-201fc85-SNAPSHOT/ratis-proto-0.5.0-201fc85-SNAPSHOT.jar:/home/user/.m2/repository/org/apache/ratis/ratis-common/0.5.0-201fc85-SNAPSHOT/ratis-common-0.5.0-201fc85-SNAPSHOT.jar:/home/user/.m2/repository/org/apache/ratis/ratis-client/0.5.0-201fc85-SNAPSHOT/ratis-client-0.5.0-201fc85-SNAPSHOT.jar:/home/user/.m2/repository/org/apache/ratis/ratis-metrics/0.5.0-201fc85-SNAPSHOT/ratis-metrics-0.5.0-201fc85-SNAPSHOT.jar:/home/user/.m2/repository/com/github/joshelser/dropwizard-metrics-hadoop-metrics2-reporter/0.1.2/dropwizard-metrics-hadoop-metrics2-reporter-0.1.2.jar:/home/user/.m2/repository/io/dropwizard/metrics/metrics-jvm/3.2.5/metrics-jvm-3.2.5.jar:/home/user/.m2/repository/io/dropwizard/metrics/metrics-ganglia/3.2.5/metrics-ganglia-3.2.5.jar:/home/user/.m2/repository/info/ganglia/gmetric4j/gmetric4j/1.0.7/gmetric4j-1.0.7.jar:/home/user/.m2/repository/org/apache/ratis/ratis-netty/0.5.0-201fc85-SNAPSHOT/ratis-netty-0.5.0-201fc85-SNAPSHOT.jar:/home/user/.m2/repository/org/apache/ratis/ratis-grpc/0.5.0-201fc85-SNAPSHOT/ratis-grpc-0.5.0-201fc85-SNAPSHOT.jar:/home/user/.m2/repository/org/rocksdb/rocksdbjni/6.0.1/rocksdbjni-6.0.1.jar:/home/user/.m2/repository/org/apache/logging/log4j/log4j-api/2.11.0/log4j-api-2.11.0.jar:/home/user/.m2/repository/org/apache/logging/log4j/log4j-core/2.11.0/log4j-core-2.11.0.jar:/home/user/.m2/repository/com/lmax/disruptor/3.4.2/disruptor-3.4.2.jar:/home/user/.m2/repository/org/apache/commons/commons-pool2/2.6.0/commons-pool2-2.6.0.jar:/home/user/.m2/repository/org/bouncycastle/bcpkix-jdk15on/1.60/bcpkix-jdk15on-1.60.jar:/home/user/.m2/repository/commons-validator/commons-validator/1.6/commons-validator-1.6.jar:/home/user/.m2/repository/commons-digester/commons-digester/1.8.1/commons-digester-1.8.1.jar:/home/user/.m2/repository/io/jaegertracing/jaeger-client/0.34.0/jaeger-client-0.34.0.jar:/home/user/.m2/repository/io/jaegertracing/jaeger-thrift/0.34.0/jaeger-thrift-0.34.0.jar:/home/user/.m2/repository/org/apache/thrift/libthrift/0.12.0/libthrift-0.12.0.jar:/home/user/.m2/repository/com/squareup/okhttp3/okhttp/3.9.0/okhttp-3.9.0.jar:/home/user/.m2/repository/com/squareup/okio/okio/1.13.0/okio-1.13.0.jar:/home/user/.m2/repository/io/jaegertracing/jaeger-core/0.34.0/jaeger-core-0.34.0.jar:/home/user/.m2/repository/io/jaegertracing/jaeger-tracerresolver/0.34.0/jaeger-tracerresolver-0.34.0.jar:/home/user/.m2/repository/io/opentracing/contrib/opentracing-tracerresolver/0.1.5/opentracing-tracerresolver-0.1.5.jar:/home/user/.m2/repository/io/opentracing/opentracing-util/0.31.0/opentracing-util-0.31.0.jar:/home/user/.m2/repository/io/opentracing/opentracing-api/0.31.0/opentracing-api-0.31.0.jar:/home/user/.m2/repository/io/opentracing/opentracing-noop/0.31.0/opentracing-noop-0.31.0.jar:/home/user/.m2/repository/org/apache/hadoop/hadoop-hdds-server-framework/0.5.0-SNAPSHOT/hadoop-hdds-server-framework-0.5.0-SNAPSHOT.jar:/home/user/.m2/repository/org/apache/hadoop/hadoop-hdds-container-service/0.5.0-SNAPSHOT/hadoop-hdds-container-service-0.5.0-SNAPSHOT.jar:/home/user/.m2/repository/org/apache/hadoop/hadoop-hdds-client/0.5.0-SNAPSHOT/hadoop-hdds-client-0.5.0-SNAPSHOT.jar:/home/user/.m2/repository/org/apache/hadoop/hadoop-hdds-tools/0.5.0-SNAPSHOT/hadoop-hdds-tools-0.5.0-SNAPSHOT.jar:/home/user/.m2/repository/org/apache/hadoop/hadoop-hdds-server-scm/0.5.0-SNAPSHOT/hadoop-hdds-server-scm-0.5.0-SNAPSHOT.jar:/home/user/.m2/repository/org/apache/hadoop/hadoop-hdds-docs/0.5.0-SNAPSHOT/hadoop-hdds-docs-0.5.0-SNAPSHOT.jar:/home/user/.m2/repository/io/dropwizard/metrics/metrics-core/3.2.4/metrics-core-3.2.4.jar:/home/user/.m2/repository/org/hamcrest/hamcrest-all/1.3/hamcrest-all-1.3.jar:/home/user/.m2/repository/org/bouncycastle/bcprov-jdk15on/1.60/bcprov-jdk15on-1.60.jar:/home/user/.m2/repository/info/picocli/picocli/3.9.6/picocli-3.9.6.jar:/home/user/.m2/repository/com/google/protobuf/protobuf-java/2.5.0/protobuf-java-2.5.0.jar:/home/user/.m2/repository/com/google/guava/guava/11.0.2/guava-11.0.2.jar:/home/user/.m2/repository/org/apache/hadoop/hadoop-ozone-ozone-manager/0.5.0-SNAPSHOT/hadoop-ozone-ozone-manager-0.5.0-SNAPSHOT.jar:/home/user/.m2/repository/org/apache/hadoop/hadoop-minikdc/3.2.0/hadoop-minikdc-3.2.0.jar:/home/user/.m2/repository/commons-io/commons-io/2.5/commons-io-2.5.jar:/home/user/.m2/repository/org/apache/kerby/kerb-simplekdc/1.0.1/kerb-simplekdc-1.0.1.jar:/home/user/.m2/repository/org/apache/kerby/kerb-client/1.0.1/kerb-client-1.0.1.jar:/home/user/.m2/repository/org/apache/kerby/kerby-config/1.0.1/kerby-config-1.0.1.jar:/home/user/.m2/repository/org/apache/kerby/kerb-core/1.0.1/kerb-core-1.0.1.jar:/home/user/.m2/repository/org/apache/kerby/kerby-pkix/1.0.1/kerby-pkix-1.0.1.jar:/home/user/.m2/repository/org/apache/kerby/kerby-asn1/1.0.1/kerby-asn1-1.0.1.jar:/home/user/.m2/repository/org/apache/kerby/kerby-util/1.0.1/kerby-util-1.0.1.jar:/home/user/.m2/repository/org/apache/kerby/kerb-common/1.0.1/kerb-common-1.0.1.jar:/home/user/.m2/repository/org/apache/kerby/kerb-crypto/1.0.1/kerb-crypto-1.0.1.jar:/home/user/.m2/repository/org/apache/kerby/kerb-util/1.0.1/kerb-util-1.0.1.jar:/home/user/.m2/repository/org/apache/kerby/token-provider/1.0.1/token-provider-1.0.1.jar:/home/user/.m2/repository/org/apache/kerby/kerb-admin/1.0.1/kerb-admin-1.0.1.jar:/home/user/.m2/repository/org/apache/kerby/kerb-server/1.0.1/kerb-server-1.0.1.jar:/home/user/.m2/repository/org/apache/kerby/kerb-identity/1.0.1/kerb-identity-1.0.1.jar:/home/user/.m2/repository/org/apache/kerby/kerby-xdr/1.0.1/kerby-xdr-1.0.1.jar:/home/user/.m2/repository/org/slf4j/slf4j-log4j12/1.7.25/slf4j-log4j12-1.7.25.jar:/home/user/.m2/repository/org/apache/hadoop/hadoop-ozone-s3gateway/0.5.0-SNAPSHOT/hadoop-ozone-s3gateway-0.5.0-SNAPSHOT.jar:/home/user/.m2/repository/org/jboss/weld/servlet/weld-servlet/2.4.7.Final/weld-servlet-2.4.7.Final.jar:/home/user/.m2/repository/org/glassfish/jersey/containers/jersey-container-servlet-core/2.27/jersey-container-servlet-core-2.27.jar:/home/user/.m2/repository/org/glassfish/hk2/external/javax.inject/2.5.0-b42/javax.inject-2.5.0-b42.jar:/home/user/.m2/repository/org/glassfish/jersey/core/jersey-common/2.27/jersey-common-2.27.jar:/home/user/.m2/repository/org/glassfish/hk2/osgi-resource-locator/1.0.1/osgi-resource-locator-1.0.1.jar:/home/user/.m2/repository/javax/ws/rs/javax.ws.rs-api/2.1/javax.ws.rs-api-2.1.jar:/home/user/.m2/repository/org/glassfish/jersey/ext/cdi/jersey-cdi1x/2.27/jersey-cdi1x-2.27.jar:/home/user/.m2/repository/org/glassfish/jersey/inject/jersey-hk2/2.27/jersey-hk2-2.27.jar:/home/user/.m2/repository/org/glassfish/hk2/hk2-locator/2.5.0-b42/hk2-locator-2.5.0-b42.jar:/home/user/.m2/repository/org/javassist/javassist/3.22.0-CR2/javassist-3.22.0-CR2.jar:/home/user/.m2/repository/org/glassfish/hk2/hk2-api/2.5.0/hk2-api-2.5.0.jar:/home/user/.m2/repository/org/glassfish/hk2/external/jakarta.inject/2.5.0/jakarta.inject-2.5.0.jar:/home/user/.m2/repository/org/glassfish/hk2/hk2-utils/2.5.0/hk2-utils-2.5.0.jar:/home/user/.m2/repository/jakarta/annotation/jakarta.annotation-api/1.3.4/jakarta.annotation-api-1.3.4.jar:/home/user/.m2/repository/org/glassfish/hk2/external/aopalliance-repackaged/2.5.0/aopalliance-repackaged-2.5.0.jar:/home/user/.m2/repository/com/fasterxml/jackson/dataformat/jackson-dataformat-xml/2.9.0/jackson-dataformat-xml-2.9.0.jar:/home/user/.m2/repository/com/fasterxml/jackson/core/jackson-core/2.9.9/jackson-core-2.9.9.jar:/home/user/.m2/repository/com/fasterxml/jackson/module/jackson-module-jaxb-annotations/2.9.9/jackson-module-jaxb-annotations-2.9.9.jar:/home/user/.m2/repository/javax/enterprise/cdi-api/1.2/cdi-api-1.2.jar:/home/user/.m2/repository/javax/el/javax.el-api/3.0.0/javax.el-api-3.0.0.jar:/home/user/.m2/repository/javax/interceptor/javax.interceptor-api/1.2/javax.interceptor-api-1.2.jar:/home/user/.m2/repository/javax/inject/javax.inject/1/javax.inject-1.jar:/home/user/.m2/repository/com/sun/xml/bind/jaxb-impl/2.3.0.1/jaxb-impl-2.3.0.1.jar:/home/user/.m2/repository/com/sun/xml/bind/jaxb-core/2.3.0.1/jaxb-core-2.3.0.1.jar:/home/user/.m2/repository/javax/xml/bind/jaxb-api/2.3.0/jaxb-api-2.3.0.jar:/home/user/.m2/repository/javax/activation/activation/1.1.1/activation-1.1.1.jar:/home/user/.m2/repository/org/apache/hadoop/hadoop-ozone-csi/0.5.0-SNAPSHOT/hadoop-ozone-csi-0.5.0-SNAPSHOT.jar:/home/user/.m2/repository/com/google/protobuf/protobuf-java-util/3.5.1/protobuf-java-util-3.5.1.jar:/home/user/.m2/repository/org/apache/hadoop/hadoop-hdds-config/0.5.0-SNAPSHOT/hadoop-hdds-config-0.5.0-SNAPSHOT.jar:/home/user/.m2/repository/io/grpc/grpc-netty/1.17.1/grpc-netty-1.17.1.jar:/home/user/.m2/repository/io/grpc/grpc-core/1.17.1/grpc-core-1.17.1.jar:/home/user/.m2/repository/io/grpc/grpc-context/1.17.1/grpc-context-1.17.1.jar:/home/user/.m2/repository/com/google/errorprone/error_prone_annotations/2.2.0/error_prone_annotations-2.2.0.jar:/home/user/.m2/repository/org/codehaus/mojo/animal-sniffer-annotations/1.17/animal-sniffer-annotations-1.17.jar:/home/user/.m2/repository/io/opencensus/opencensus-api/0.17.0/opencensus-api-0.17.0.jar:/home/user/.m2/repository/io/opencensus/opencensus-contrib-grpc-metrics/0.17.0/opencensus-contrib-grpc-metrics-0.17.0.jar:/home/user/.m2/repository/io/netty/netty-codec-http2/4.1.30.Final/netty-codec-http2-4.1.30.Final.jar:/home/user/.m2/repository/io/netty/netty-codec-http/4.1.30.Final/netty-codec-http-4.1.30.Final.jar:/home/user/.m2/repository/io/netty/netty-codec/4.1.30.Final/netty-codec-4.1.30.Final.jar:/home/user/.m2/repository/io/netty/netty-handler/4.1.30.Final/netty-handler-4.1.30.Final.jar:/home/user/.m2/repository/io/netty/netty-handler-proxy/4.1.30.Final/netty-handler-proxy-4.1.30.Final.jar:/home/user/.m2/repository/io/netty/netty-codec-socks/4.1.30.Final/netty-codec-socks-4.1.30.Final.jar:/home/user/.m2/repository/io/netty/netty-transport-native-epoll/4.1.30.Final/netty-transport-native-epoll-4.1.30.Final.jar:/home/user/.m2/repository/io/netty/netty-common/4.1.30.Final/netty-common-4.1.30.Final.jar:/home/user/.m2/repository/io/netty/netty-buffer/4.1.30.Final/netty-buffer-4.1.30.Final.jar:/home/user/.m2/repository/io/netty/netty-transport/4.1.30.Final/netty-transport-4.1.30.Final.jar:/home/user/.m2/repository/io/netty/netty-resolver/4.1.30.Final/netty-resolver-4.1.30.Final.jar:/home/user/.m2/repository/io/netty/netty-transport-native-unix-common/4.1.30.Final/netty-transport-native-unix-common-4.1.30.Final.jar:/home/user/.m2/repository/io/grpc/grpc-protobuf/1.17.1/grpc-protobuf-1.17.1.jar:/home/user/.m2/repository/com/google/api/grpc/proto-google-common-protos/1.0.0/proto-google-common-protos-1.0.0.jar:/home/user/.m2/repository/io/grpc/grpc-protobuf-lite/1.17.1/grpc-protobuf-lite-1.17.1.jar:/home/user/.m2/repository/io/grpc/grpc-stub/1.17.1/grpc-stub-1.17.1.jar:/home/user/.m2/repository/org/apache/hadoop/hadoop-ozone-recon/0.5.0-SNAPSHOT/hadoop-ozone-recon-0.5.0-SNAPSHOT.jar:/home/user/.m2/repository/org/apache/hadoop/hadoop-ozone-reconcodegen/0.5.0-SNAPSHOT/hadoop-ozone-reconcodegen-0.5.0-SNAPSHOT.jar:/home/user/.m2/repository/com/google/inject/extensions/guice-multibindings/4.0/guice-multibindings-4.0.jar:/home/user/.m2/repository/com/google/inject/guice/4.0/guice-4.0.jar:/home/user/.m2/repository/aopalliance/aopalliance/1.0/aopalliance-1.0.jar:/home/user/.m2/repository/com/google/inject/extensions/guice-servlet/4.0/guice-servlet-4.0.jar:/home/user/.m2/repository/org/glassfish/jersey/containers/jersey-container-servlet/2.27/jersey-container-servlet-2.27.jar:/home/user/.m2/repository/org/glassfish/hk2/guice-bridge/2.5.0/guice-bridge-2.5.0.jar:/home/user/.m2/repository/org/glassfish/jersey/core/jersey-server/2.27/jersey-server-2.27.jar:/home/user/.m2/repository/org/glassfish/jersey/core/jersey-client/2.27/jersey-client-2.27.jar:/home/user/.m2/repository/org/glassfish/jersey/media/jersey-media-jaxb/2.27/jersey-media-jaxb-2.27.jar:/home/user/.m2/repository/javax/validation/validation-api/1.1.0.Final/validation-api-1.1.0.Final.jar:/home/user/.m2/repository/org/glassfish/jersey/media/jersey-media-json-jackson/2.27/jersey-media-json-jackson-2.27.jar:/home/user/.m2/repository/org/glassfish/jersey/ext/jersey-entity-filtering/2.27/jersey-entity-filtering-2.27.jar:/home/user/.m2/repository/com/google/inject/extensions/guice-assistedinject/4.0/guice-assistedinject-4.0.jar:/home/user/.m2/repository/org/jooq/jooq/3.11.10/jooq-3.11.10.jar:/home/user/.m2/repository/org/jooq/jooq-meta/3.11.10/jooq-meta-3.11.10.jar:/home/user/.m2/repository/org/jooq/jooq-codegen/3.11.10/jooq-codegen-3.11.10.jar:/home/user/.m2/repository/com/jolbox/bonecp/0.8.0.RELEASE/bonecp-0.8.0.RELEASE.jar:/home/user/.m2/repository/org/xerial/sqlite-jdbc/3.25.2/sqlite-jdbc-3.25.2.jar:/home/user/.m2/repository/org/springframework/spring-jdbc/5.1.3.RELEASE/spring-jdbc-5.1.3.RELEASE.jar:/home/user/.m2/repository/org/springframework/spring-beans/5.1.3.RELEASE/spring-beans-5.1.3.RELEASE.jar:/home/user/.m2/repository/org/springframework/spring-core/5.1.3.RELEASE/spring-core-5.1.3.RELEASE.jar:/home/user/.m2/repository/org/springframework/spring-jcl/5.1.3.RELEASE/spring-jcl-5.1.3.RELEASE.jar:/home/user/.m2/repository/org/springframework/spring-tx/5.1.3.RELEASE/spring-tx-5.1.3.RELEASE.jar:/home/user/.m2/repository/org/apache/hadoop/hadoop-ozone-client/0.5.0-SNAPSHOT/hadoop-ozone-client-0.5.0-SNAPSHOT.jar:/home/user/.m2/repository/commons-lang/commons-lang/2.6/commons-lang-2.6.jar:/home/user/.m2/repository/org/apache/hadoop/hadoop-ozone-ozone-manager/0.5.0-SNAPSHOT/hadoop-ozone-ozone-manager-0.5.0-SNAPSHOT-tests.jar:/home/user/.m2/repository/junit/junit/4.11/junit-4.11.jar:/home/user/.m2/repository/org/hamcrest/hamcrest-core/1.3/hamcrest-core-1.3.jar:/home/user/.m2/repository/org/openjdk/jmh/jmh-core/1.19/jmh-core-1.19.jar:/home/user/.m2/repository/net/sf/jopt-simple/jopt-simple/4.6/jopt-simple-4.6.jar:/home/user/.m2/repository/org/apache/commons/commons-math3/3.1.1/commons-math3-3.1.1.jar:/home/user/.m2/repository/org/openjdk/jmh/jmh-generator-annprocess/1.19/jmh-generator-annprocess-1.19.jar:/home/user/.m2/repository/org/mockito/mockito-all/1.8.5/mockito-all-1.8.5.jar:/home/user/.m2/repository/org/apache/hadoop/hadoop-kms/3.2.0/hadoop-kms-3.2.0.jar:/home/user/.m2/repository/org/apache/hadoop/hadoop-auth/3.2.0/hadoop-auth-3.2.0.jar:/home/user/.m2/repository/com/nimbusds/nimbus-jose-jwt/4.41.1/nimbus-jose-jwt-4.41.1.jar:/home/user/.m2/repository/com/github/stephenc/jcip/jcip-annotations/1.0-1/jcip-annotations-1.0-1.jar:/home/user/.m2/repository/net/minidev/json-smart/2.3/json-smart-2.3.jar:/home/user/.m2/repository/net/minidev/accessors-smart/1.2/accessors-smart-1.2.jar:/home/user/.m2/repository/org/ow2/asm/asm/5.0.4/asm-5.0.4.jar:/home/user/.m2/repository/org/apache/curator/curator-framework/2.12.0/curator-framework-2.12.0.jar:/home/user/.m2/repository/com/sun/jersey/jersey-core/1.19/jersey-core-1.19.jar:/home/user/.m2/repository/javax/ws/rs/jsr311-api/1.1.1/jsr311-api-1.1.1.jar:/home/user/.m2/repository/com/sun/jersey/jersey-server/1.19/jersey-server-1.19.jar:/home/user/.m2/repository/javax/servlet/javax.servlet-api/3.1.0/javax.servlet-api-3.1.0.jar:/home/user/.m2/repository/org/eclipse/jetty/jetty-server/9.3.25.v20180904/jetty-server-9.3.25.v20180904.jar:/home/user/.m2/repository/org/eclipse/jetty/jetty-http/9.3.25.v20180904/jetty-http-9.3.25.v20180904.jar:/home/user/.m2/repository/org/eclipse/jetty/jetty-io/9.3.25.v20180904/jetty-io-9.3.25.v20180904.jar:/home/user/.m2/repository/org/eclipse/jetty/jetty-webapp/9.3.25.v20180904/jetty-webapp-9.3.25.v20180904.jar:/home/user/.m2/repository/org/eclipse/jetty/jetty-xml/9.3.25.v20180904/jetty-xml-9.3.25.v20180904.jar:/home/user/.m2/repository/log4j/log4j/1.2.17/log4j-1.2.17.jar:/home/user/.m2/repository/org/slf4j/slf4j-api/1.7.25/slf4j-api-1.7.25.jar:/home/user/.m2/repository/org/slf4j/jul-to-slf4j/1.7.25/jul-to-slf4j-1.7.25.jar:/home/user/.m2/repository/org/eclipse/jetty/jetty-util/9.3.25.v20180904/jetty-util-9.3.25.v20180904.jar:/home/user/.m2/repository/com/fasterxml/jackson/core/jackson-databind/2.9.9/jackson-databind-2.9.9.jar:/home/user/.m2/repository/org/apache/hadoop/hadoop-kms/3.2.0/hadoop-kms-3.2.0-tests.jar:/home/user/.m2/repository/org/apache/hadoop/hadoop-hdds-server-scm/0.5.0-SNAPSHOT/hadoop-hdds-server-scm-0.5.0-SNAPSHOT-tests.jar:/home/user/.m2/repository/org/apache/hadoop/hadoop-hdds-container-service/0.5.0-SNAPSHOT/hadoop-hdds-container-service-0.5.0-SNAPSHOT-tests.jar:/home/user/.m2/repository/org/yaml/snakeyaml/1.16/snakeyaml-1.16.jar:/home/user/.m2/repository/org/apache/hadoop/hadoop-common/3.2.0/hadoop-common-3.2.0-tests.jar:/home/user/.m2/repository/org/apache/hadoop/hadoop-annotations/3.2.0/hadoop-annotations-3.2.0.jar:/usr/lib/jvm/java-1.8-openjdk/jre/../lib/tools.jar:/home/user/.m2/repository/commons-cli/commons-cli/1.2/commons-cli-1.2.jar:/home/user/.m2/repository/org/apache/httpcomponents/httpclient/4.5.2/httpclient-4.5.2.jar:/home/user/.m2/repository/org/apache/httpcomponents/httpcore/4.4.4/httpcore-4.4.4.jar:/home/user/.m2/repository/commons-codec/commons-codec/1.11/commons-codec-1.11.jar:/home/user/.m2/repository/commons-net/commons-net/3.6/commons-net-3.6.jar:/home/user/.m2/repository/commons-collections/commons-collections/3.2.2/commons-collections-3.2.2.jar:/home/user/.m2/repository/org/eclipse/jetty/jetty-servlet/9.3.25.v20180904/jetty-servlet-9.3.25.v20180904.jar:/home/user/.m2/repository/org/eclipse/jetty/jetty-security/9.3.25.v20180904/jetty-security-9.3.25.v20180904.jar:/home/user/.m2/repository/javax/servlet/jsp/jsp-api/2.1/jsp-api-2.1.jar:/home/user/.m2/repository/com/sun/jersey/jersey-servlet/1.19/jersey-servlet-1.19.jar:/home/user/.m2/repository/com/sun/jersey/jersey-json/1.19/jersey-json-1.19.jar:/home/user/.m2/repository/org/codehaus/jettison/jettison/1.1/jettison-1.1.jar:/home/user/.m2/repository/org/codehaus/jackson/jackson-core-asl/1.9.13/jackson-core-asl-1.9.13.jar:/home/user/.m2/repository/org/codehaus/jackson/jackson-mapper-asl/1.9.13/jackson-mapper-asl-1.9.13.jar:/home/user/.m2/repository/org/codehaus/jackson/jackson-jaxrs/1.9.13/jackson-jaxrs-1.9.13.jar:/home/user/.m2/repository/org/codehaus/jackson/jackson-xc/1.9.13/jackson-xc-1.9.13.jar:/home/user/.m2/repository/commons-logging/commons-logging/1.1.3/commons-logging-1.1.3.jar:/home/user/.m2/repository/commons-beanutils/commons-beanutils/1.9.4/commons-beanutils-1.9.4.jar:/home/user/.m2/repository/org/apache/commons/commons-configuration2/2.1.1/commons-configuration2-2.1.1.jar:/home/user/.m2/repository/org/apache/commons/commons-lang3/3.7/commons-lang3-3.7.jar:/home/user/.m2/repository/org/apache/commons/commons-text/1.4/commons-text-1.4.jar:/home/user/.m2/repository/org/apache/avro/avro/1.7.7/avro-1.7.7.jar:/home/user/.m2/repository/com/thoughtworks/paranamer/paranamer/2.3/paranamer-2.3.jar:/home/user/.m2/repository/org/xerial/snappy/snappy-java/1.0.5/snappy-java-1.0.5.jar:/home/user/.m2/repository/com/google/re2j/re2j/1.1/re2j-1.1.jar:/home/user/.m2/repository/com/google/code/gson/gson/2.2.4/gson-2.2.4.jar:/home/user/.m2/repository/com/jcraft/jsch/0.1.54/jsch-0.1.54.jar:/home/user/.m2/repository/org/apache/curator/curator-client/2.12.0/curator-client-2.12.0.jar:/home/user/.m2/repository/org/apache/curator/curator-recipes/2.12.0/curator-recipes-2.12.0.jar:/home/user/.m2/repository/com/google/code/findbugs/jsr305/3.0.0/jsr305-3.0.0.jar:/home/user/.m2/repository/org/apache/htrace/htrace-core4/4.1.0-incubating/htrace-core4-4.1.0-incubating.jar:/home/user/.m2/repository/org/apache/zookeeper/zookeeper/3.4.13/zookeeper-3.4.13.jar:/home/user/.m2/repository/jline/jline/0.9.94/jline-0.9.94.jar:/home/user/.m2/repository/org/apache/yetus/audience-annotations/0.5.0/audience-annotations-0.5.0.jar:/home/user/.m2/repository/org/codehaus/woodstox/stax2-api/3.1.4/stax2-api-3.1.4.jar:/home/user/.m2/repository/com/fasterxml/woodstox/woodstox-core/5.0.3/woodstox-core-5.0.3.jar:/home/user/.m2/repository/dnsjava/dnsjava/2.1.7/dnsjava-2.1.7.jar:/home/user/.m2/repository/org/apache/hadoop/hadoop-hdfs/3.2.0/hadoop-hdfs-3.2.0-tests.jar:/home/user/.m2/repository/org/eclipse/jetty/jetty-util-ajax/9.3.25.v20180904/jetty-util-ajax-9.3.25.v20180904.jar:/home/user/.m2/repository/commons-daemon/commons-daemon/1.0.13/commons-daemon-1.0.13.jar:/home/user/.m2/repository/io/netty/netty/3.10.5.Final/netty-3.10.5.Final.jar:/home/user/.m2/repository/io/netty/netty-all/4.0.52.Final/netty-all-4.0.52.Final.jar:/home/user/.m2/repository/org/fusesource/leveldbjni/leveldbjni-all/1.8/leveldbjni-all-1.8.jar:"/>
    <property name="java.vm.vendor" value="IcedTea"/>
    <property name="sun.arch.data.model" value="64"/>
    <property name="test.build.dir" value="/workdir/hadoop-ozone/integration-test/target/test-dir"/>
    <property name="test.cache.data" value=""/>
    <property name="java.vendor.url" value="https://icedtea.classpath.org"/>
    <property name="user.timezone" value=""/>
    <property name="java.vm.specification.version" value="1.8"/>
    <property name="os.name" value="Linux"/>
    <property name="test.build.data" value="/workdir/hadoop-ozone/integration-test/target/test-dir"/>
    <property name="user.country" value="US"/>
    <property name="sun.java.launcher" value="SUN_STANDARD"/>
    <property name="sun.boot.library.path" value="/usr/lib/jvm/java-1.8-openjdk/jre/lib/amd64"/>
    <property name="sun.java.command" value="/workdir/hadoop-ozone/integration-test/target/surefire/surefirebooter2926509756249849791.jar /workdir/hadoop-ozone/integration-test/target/surefire 2019-10-02T05-11-16_688-jvmRun1 surefire4548172191406429942tmp surefire_541082461593745907248tmp"/>
    <property name="test" value="!TestMiniChaosOzoneCluster"/>
    <property name="surefire.test.class.path" value="/workdir/hadoop-ozone/integration-test/target/test-classes:/workdir/hadoop-ozone/integration-test/target/classes:/home/user/.m2/repository/org/apache/hadoop/hadoop-ozone-common/0.5.0-SNAPSHOT/hadoop-ozone-common-0.5.0-SNAPSHOT.jar:/home/user/.m2/repository/org/apache/commons/commons-compress/1.4.1/commons-compress-1.4.1.jar:/home/user/.m2/repository/org/tukaani/xz/1.0/xz-1.0.jar:/home/user/.m2/repository/org/apache/hadoop/hadoop-common/3.2.0/hadoop-common-3.2.0.jar:/home/user/.m2/repository/org/apache/hadoop/hadoop-hdfs/3.2.0/hadoop-hdfs-3.2.0.jar:/home/user/.m2/repository/org/apache/hadoop/hadoop-hdfs-client/3.2.0/hadoop-hdfs-client-3.2.0.jar:/home/user/.m2/repository/com/fasterxml/jackson/core/jackson-annotations/2.9.9/jackson-annotations-2.9.9.jar:/home/user/.m2/repository/org/apache/hadoop/hadoop-hdds-common/0.5.0-SNAPSHOT/hadoop-hdds-common-0.5.0-SNAPSHOT.jar:/home/user/.m2/repository/javax/annotation/javax.annotation-api/1.2/javax.annotation-api-1.2.jar:/home/user/.m2/repository/org/apache/ratis/ratis-server/0.5.0-201fc85-SNAPSHOT/ratis-server-0.5.0-201fc85-SNAPSHOT.jar:/home/user/.m2/repository/org/apache/ratis/ratis-thirdparty-misc/0.2.0/ratis-thirdparty-misc-0.2.0.jar:/home/user/.m2/repository/org/apache/ratis/ratis-proto/0.5.0-201fc85-SNAPSHOT/ratis-proto-0.5.0-201fc85-SNAPSHOT.jar:/home/user/.m2/repository/org/apache/ratis/ratis-common/0.5.0-201fc85-SNAPSHOT/ratis-common-0.5.0-201fc85-SNAPSHOT.jar:/home/user/.m2/repository/org/apache/ratis/ratis-client/0.5.0-201fc85-SNAPSHOT/ratis-client-0.5.0-201fc85-SNAPSHOT.jar:/home/user/.m2/repository/org/apache/ratis/ratis-metrics/0.5.0-201fc85-SNAPSHOT/ratis-metrics-0.5.0-201fc85-SNAPSHOT.jar:/home/user/.m2/repository/com/github/joshelser/dropwizard-metrics-hadoop-metrics2-reporter/0.1.2/dropwizard-metrics-hadoop-metrics2-reporter-0.1.2.jar:/home/user/.m2/repository/io/dropwizard/metrics/metrics-jvm/3.2.5/metrics-jvm-3.2.5.jar:/home/user/.m2/repository/io/dropwizard/metrics/metrics-ganglia/3.2.5/metrics-ganglia-3.2.5.jar:/home/user/.m2/repository/info/ganglia/gmetric4j/gmetric4j/1.0.7/gmetric4j-1.0.7.jar:/home/user/.m2/repository/org/apache/ratis/ratis-netty/0.5.0-201fc85-SNAPSHOT/ratis-netty-0.5.0-201fc85-SNAPSHOT.jar:/home/user/.m2/repository/org/apache/ratis/ratis-grpc/0.5.0-201fc85-SNAPSHOT/ratis-grpc-0.5.0-201fc85-SNAPSHOT.jar:/home/user/.m2/repository/org/rocksdb/rocksdbjni/6.0.1/rocksdbjni-6.0.1.jar:/home/user/.m2/repository/org/apache/logging/log4j/log4j-api/2.11.0/log4j-api-2.11.0.jar:/home/user/.m2/repository/org/apache/logging/log4j/log4j-core/2.11.0/log4j-core-2.11.0.jar:/home/user/.m2/repository/com/lmax/disruptor/3.4.2/disruptor-3.4.2.jar:/home/user/.m2/repository/org/apache/commons/commons-pool2/2.6.0/commons-pool2-2.6.0.jar:/home/user/.m2/repository/org/bouncycastle/bcpkix-jdk15on/1.60/bcpkix-jdk15on-1.60.jar:/home/user/.m2/repository/commons-validator/commons-validator/1.6/commons-validator-1.6.jar:/home/user/.m2/repository/commons-digester/commons-digester/1.8.1/commons-digester-1.8.1.jar:/home/user/.m2/repository/io/jaegertracing/jaeger-client/0.34.0/jaeger-client-0.34.0.jar:/home/user/.m2/repository/io/jaegertracing/jaeger-thrift/0.34.0/jaeger-thrift-0.34.0.jar:/home/user/.m2/repository/org/apache/thrift/libthrift/0.12.0/libthrift-0.12.0.jar:/home/user/.m2/repository/com/squareup/okhttp3/okhttp/3.9.0/okhttp-3.9.0.jar:/home/user/.m2/repository/com/squareup/okio/okio/1.13.0/okio-1.13.0.jar:/home/user/.m2/repository/io/jaegertracing/jaeger-core/0.34.0/jaeger-core-0.34.0.jar:/home/user/.m2/repository/io/jaegertracing/jaeger-tracerresolver/0.34.0/jaeger-tracerresolver-0.34.0.jar:/home/user/.m2/repository/io/opentracing/contrib/opentracing-tracerresolver/0.1.5/opentracing-tracerresolver-0.1.5.jar:/home/user/.m2/repository/io/opentracing/opentracing-util/0.31.0/opentracing-util-0.31.0.jar:/home/user/.m2/repository/io/opentracing/opentracing-api/0.31.0/opentracing-api-0.31.0.jar:/home/user/.m2/repository/io/opentracing/opentracing-noop/0.31.0/opentracing-noop-0.31.0.jar:/home/user/.m2/repository/org/apache/hadoop/hadoop-hdds-server-framework/0.5.0-SNAPSHOT/hadoop-hdds-server-framework-0.5.0-SNAPSHOT.jar:/home/user/.m2/repository/org/apache/hadoop/hadoop-hdds-container-service/0.5.0-SNAPSHOT/hadoop-hdds-container-service-0.5.0-SNAPSHOT.jar:/home/user/.m2/repository/org/apache/hadoop/hadoop-hdds-client/0.5.0-SNAPSHOT/hadoop-hdds-client-0.5.0-SNAPSHOT.jar:/home/user/.m2/repository/org/apache/hadoop/hadoop-hdds-tools/0.5.0-SNAPSHOT/hadoop-hdds-tools-0.5.0-SNAPSHOT.jar:/home/user/.m2/repository/org/apache/hadoop/hadoop-hdds-server-scm/0.5.0-SNAPSHOT/hadoop-hdds-server-scm-0.5.0-SNAPSHOT.jar:/home/user/.m2/repository/org/apache/hadoop/hadoop-hdds-docs/0.5.0-SNAPSHOT/hadoop-hdds-docs-0.5.0-SNAPSHOT.jar:/home/user/.m2/repository/io/dropwizard/metrics/metrics-core/3.2.4/metrics-core-3.2.4.jar:/home/user/.m2/repository/org/hamcrest/hamcrest-all/1.3/hamcrest-all-1.3.jar:/home/user/.m2/repository/org/bouncycastle/bcprov-jdk15on/1.60/bcprov-jdk15on-1.60.jar:/home/user/.m2/repository/info/picocli/picocli/3.9.6/picocli-3.9.6.jar:/home/user/.m2/repository/com/google/protobuf/protobuf-java/2.5.0/protobuf-java-2.5.0.jar:/home/user/.m2/repository/com/google/guava/guava/11.0.2/guava-11.0.2.jar:/home/user/.m2/repository/org/apache/hadoop/hadoop-ozone-ozone-manager/0.5.0-SNAPSHOT/hadoop-ozone-ozone-manager-0.5.0-SNAPSHOT.jar:/home/user/.m2/repository/org/apache/hadoop/hadoop-minikdc/3.2.0/hadoop-minikdc-3.2.0.jar:/home/user/.m2/repository/commons-io/commons-io/2.5/commons-io-2.5.jar:/home/user/.m2/repository/org/apache/kerby/kerb-simplekdc/1.0.1/kerb-simplekdc-1.0.1.jar:/home/user/.m2/repository/org/apache/kerby/kerb-client/1.0.1/kerb-client-1.0.1.jar:/home/user/.m2/repository/org/apache/kerby/kerby-config/1.0.1/kerby-config-1.0.1.jar:/home/user/.m2/repository/org/apache/kerby/kerb-core/1.0.1/kerb-core-1.0.1.jar:/home/user/.m2/repository/org/apache/kerby/kerby-pkix/1.0.1/kerby-pkix-1.0.1.jar:/home/user/.m2/repository/org/apache/kerby/kerby-asn1/1.0.1/kerby-asn1-1.0.1.jar:/home/user/.m2/repository/org/apache/kerby/kerby-util/1.0.1/kerby-util-1.0.1.jar:/home/user/.m2/repository/org/apache/kerby/kerb-common/1.0.1/kerb-common-1.0.1.jar:/home/user/.m2/repository/org/apache/kerby/kerb-crypto/1.0.1/kerb-crypto-1.0.1.jar:/home/user/.m2/repository/org/apache/kerby/kerb-util/1.0.1/kerb-util-1.0.1.jar:/home/user/.m2/repository/org/apache/kerby/token-provider/1.0.1/token-provider-1.0.1.jar:/home/user/.m2/repository/org/apache/kerby/kerb-admin/1.0.1/kerb-admin-1.0.1.jar:/home/user/.m2/repository/org/apache/kerby/kerb-server/1.0.1/kerb-server-1.0.1.jar:/home/user/.m2/repository/org/apache/kerby/kerb-identity/1.0.1/kerb-identity-1.0.1.jar:/home/user/.m2/repository/org/apache/kerby/kerby-xdr/1.0.1/kerby-xdr-1.0.1.jar:/home/user/.m2/repository/org/slf4j/slf4j-log4j12/1.7.25/slf4j-log4j12-1.7.25.jar:/home/user/.m2/repository/org/apache/hadoop/hadoop-ozone-s3gateway/0.5.0-SNAPSHOT/hadoop-ozone-s3gateway-0.5.0-SNAPSHOT.jar:/home/user/.m2/repository/org/jboss/weld/servlet/weld-servlet/2.4.7.Final/weld-servlet-2.4.7.Final.jar:/home/user/.m2/repository/org/glassfish/jersey/containers/jersey-container-servlet-core/2.27/jersey-container-servlet-core-2.27.jar:/home/user/.m2/repository/org/glassfish/hk2/external/javax.inject/2.5.0-b42/javax.inject-2.5.0-b42.jar:/home/user/.m2/repository/org/glassfish/jersey/core/jersey-common/2.27/jersey-common-2.27.jar:/home/user/.m2/repository/org/glassfish/hk2/osgi-resource-locator/1.0.1/osgi-resource-locator-1.0.1.jar:/home/user/.m2/repository/javax/ws/rs/javax.ws.rs-api/2.1/javax.ws.rs-api-2.1.jar:/home/user/.m2/repository/org/glassfish/jersey/ext/cdi/jersey-cdi1x/2.27/jersey-cdi1x-2.27.jar:/home/user/.m2/repository/org/glassfish/jersey/inject/jersey-hk2/2.27/jersey-hk2-2.27.jar:/home/user/.m2/repository/org/glassfish/hk2/hk2-locator/2.5.0-b42/hk2-locator-2.5.0-b42.jar:/home/user/.m2/repository/org/javassist/javassist/3.22.0-CR2/javassist-3.22.0-CR2.jar:/home/user/.m2/repository/org/glassfish/hk2/hk2-api/2.5.0/hk2-api-2.5.0.jar:/home/user/.m2/repository/org/glassfish/hk2/external/jakarta.inject/2.5.0/jakarta.inject-2.5.0.jar:/home/user/.m2/repository/org/glassfish/hk2/hk2-utils/2.5.0/hk2-utils-2.5.0.jar:/home/user/.m2/repository/jakarta/annotation/jakarta.annotation-api/1.3.4/jakarta.annotation-api-1.3.4.jar:/home/user/.m2/repository/org/glassfish/hk2/external/aopalliance-repackaged/2.5.0/aopalliance-repackaged-2.5.0.jar:/home/user/.m2/repository/com/fasterxml/jackson/dataformat/jackson-dataformat-xml/2.9.0/jackson-dataformat-xml-2.9.0.jar:/home/user/.m2/repository/com/fasterxml/jackson/core/jackson-core/2.9.9/jackson-core-2.9.9.jar:/home/user/.m2/repository/com/fasterxml/jackson/module/jackson-module-jaxb-annotations/2.9.9/jackson-module-jaxb-annotations-2.9.9.jar:/home/user/.m2/repository/javax/enterprise/cdi-api/1.2/cdi-api-1.2.jar:/home/user/.m2/repository/javax/el/javax.el-api/3.0.0/javax.el-api-3.0.0.jar:/home/user/.m2/repository/javax/interceptor/javax.interceptor-api/1.2/javax.interceptor-api-1.2.jar:/home/user/.m2/repository/javax/inject/javax.inject/1/javax.inject-1.jar:/home/user/.m2/repository/com/sun/xml/bind/jaxb-impl/2.3.0.1/jaxb-impl-2.3.0.1.jar:/home/user/.m2/repository/com/sun/xml/bind/jaxb-core/2.3.0.1/jaxb-core-2.3.0.1.jar:/home/user/.m2/repository/javax/xml/bind/jaxb-api/2.3.0/jaxb-api-2.3.0.jar:/home/user/.m2/repository/javax/activation/activation/1.1.1/activation-1.1.1.jar:/home/user/.m2/repository/org/apache/hadoop/hadoop-ozone-csi/0.5.0-SNAPSHOT/hadoop-ozone-csi-0.5.0-SNAPSHOT.jar:/home/user/.m2/repository/com/google/protobuf/protobuf-java-util/3.5.1/protobuf-java-util-3.5.1.jar:/home/user/.m2/repository/org/apache/hadoop/hadoop-hdds-config/0.5.0-SNAPSHOT/hadoop-hdds-config-0.5.0-SNAPSHOT.jar:/home/user/.m2/repository/io/grpc/grpc-netty/1.17.1/grpc-netty-1.17.1.jar:/home/user/.m2/repository/io/grpc/grpc-core/1.17.1/grpc-core-1.17.1.jar:/home/user/.m2/repository/io/grpc/grpc-context/1.17.1/grpc-context-1.17.1.jar:/home/user/.m2/repository/com/google/errorprone/error_prone_annotations/2.2.0/error_prone_annotations-2.2.0.jar:/home/user/.m2/repository/org/codehaus/mojo/animal-sniffer-annotations/1.17/animal-sniffer-annotations-1.17.jar:/home/user/.m2/repository/io/opencensus/opencensus-api/0.17.0/opencensus-api-0.17.0.jar:/home/user/.m2/repository/io/opencensus/opencensus-contrib-grpc-metrics/0.17.0/opencensus-contrib-grpc-metrics-0.17.0.jar:/home/user/.m2/repository/io/netty/netty-codec-http2/4.1.30.Final/netty-codec-http2-4.1.30.Final.jar:/home/user/.m2/repository/io/netty/netty-codec-http/4.1.30.Final/netty-codec-http-4.1.30.Final.jar:/home/user/.m2/repository/io/netty/netty-codec/4.1.30.Final/netty-codec-4.1.30.Final.jar:/home/user/.m2/repository/io/netty/netty-handler/4.1.30.Final/netty-handler-4.1.30.Final.jar:/home/user/.m2/repository/io/netty/netty-handler-proxy/4.1.30.Final/netty-handler-proxy-4.1.30.Final.jar:/home/user/.m2/repository/io/netty/netty-codec-socks/4.1.30.Final/netty-codec-socks-4.1.30.Final.jar:/home/user/.m2/repository/io/netty/netty-transport-native-epoll/4.1.30.Final/netty-transport-native-epoll-4.1.30.Final.jar:/home/user/.m2/repository/io/netty/netty-common/4.1.30.Final/netty-common-4.1.30.Final.jar:/home/user/.m2/repository/io/netty/netty-buffer/4.1.30.Final/netty-buffer-4.1.30.Final.jar:/home/user/.m2/repository/io/netty/netty-transport/4.1.30.Final/netty-transport-4.1.30.Final.jar:/home/user/.m2/repository/io/netty/netty-resolver/4.1.30.Final/netty-resolver-4.1.30.Final.jar:/home/user/.m2/repository/io/netty/netty-transport-native-unix-common/4.1.30.Final/netty-transport-native-unix-common-4.1.30.Final.jar:/home/user/.m2/repository/io/grpc/grpc-protobuf/1.17.1/grpc-protobuf-1.17.1.jar:/home/user/.m2/repository/com/google/api/grpc/proto-google-common-protos/1.0.0/proto-google-common-protos-1.0.0.jar:/home/user/.m2/repository/io/grpc/grpc-protobuf-lite/1.17.1/grpc-protobuf-lite-1.17.1.jar:/home/user/.m2/repository/io/grpc/grpc-stub/1.17.1/grpc-stub-1.17.1.jar:/home/user/.m2/repository/org/apache/hadoop/hadoop-ozone-recon/0.5.0-SNAPSHOT/hadoop-ozone-recon-0.5.0-SNAPSHOT.jar:/home/user/.m2/repository/org/apache/hadoop/hadoop-ozone-reconcodegen/0.5.0-SNAPSHOT/hadoop-ozone-reconcodegen-0.5.0-SNAPSHOT.jar:/home/user/.m2/repository/com/google/inject/extensions/guice-multibindings/4.0/guice-multibindings-4.0.jar:/home/user/.m2/repository/com/google/inject/guice/4.0/guice-4.0.jar:/home/user/.m2/repository/aopalliance/aopalliance/1.0/aopalliance-1.0.jar:/home/user/.m2/repository/com/google/inject/extensions/guice-servlet/4.0/guice-servlet-4.0.jar:/home/user/.m2/repository/org/glassfish/jersey/containers/jersey-container-servlet/2.27/jersey-container-servlet-2.27.jar:/home/user/.m2/repository/org/glassfish/hk2/guice-bridge/2.5.0/guice-bridge-2.5.0.jar:/home/user/.m2/repository/org/glassfish/jersey/core/jersey-server/2.27/jersey-server-2.27.jar:/home/user/.m2/repository/org/glassfish/jersey/core/jersey-client/2.27/jersey-client-2.27.jar:/home/user/.m2/repository/org/glassfish/jersey/media/jersey-media-jaxb/2.27/jersey-media-jaxb-2.27.jar:/home/user/.m2/repository/javax/validation/validation-api/1.1.0.Final/validation-api-1.1.0.Final.jar:/home/user/.m2/repository/org/glassfish/jersey/media/jersey-media-json-jackson/2.27/jersey-media-json-jackson-2.27.jar:/home/user/.m2/repository/org/glassfish/jersey/ext/jersey-entity-filtering/2.27/jersey-entity-filtering-2.27.jar:/home/user/.m2/repository/com/google/inject/extensions/guice-assistedinject/4.0/guice-assistedinject-4.0.jar:/home/user/.m2/repository/org/jooq/jooq/3.11.10/jooq-3.11.10.jar:/home/user/.m2/repository/org/jooq/jooq-meta/3.11.10/jooq-meta-3.11.10.jar:/home/user/.m2/repository/org/jooq/jooq-codegen/3.11.10/jooq-codegen-3.11.10.jar:/home/user/.m2/repository/com/jolbox/bonecp/0.8.0.RELEASE/bonecp-0.8.0.RELEASE.jar:/home/user/.m2/repository/org/xerial/sqlite-jdbc/3.25.2/sqlite-jdbc-3.25.2.jar:/home/user/.m2/repository/org/springframework/spring-jdbc/5.1.3.RELEASE/spring-jdbc-5.1.3.RELEASE.jar:/home/user/.m2/repository/org/springframework/spring-beans/5.1.3.RELEASE/spring-beans-5.1.3.RELEASE.jar:/home/user/.m2/repository/org/springframework/spring-core/5.1.3.RELEASE/spring-core-5.1.3.RELEASE.jar:/home/user/.m2/repository/org/springframework/spring-jcl/5.1.3.RELEASE/spring-jcl-5.1.3.RELEASE.jar:/home/user/.m2/repository/org/springframework/spring-tx/5.1.3.RELEASE/spring-tx-5.1.3.RELEASE.jar:/home/user/.m2/repository/org/apache/hadoop/hadoop-ozone-client/0.5.0-SNAPSHOT/hadoop-ozone-client-0.5.0-SNAPSHOT.jar:/home/user/.m2/repository/commons-lang/commons-lang/2.6/commons-lang-2.6.jar:/home/user/.m2/repository/org/apache/hadoop/hadoop-ozone-ozone-manager/0.5.0-SNAPSHOT/hadoop-ozone-ozone-manager-0.5.0-SNAPSHOT-tests.jar:/home/user/.m2/repository/junit/junit/4.11/junit-4.11.jar:/home/user/.m2/repository/org/hamcrest/hamcrest-core/1.3/hamcrest-core-1.3.jar:/home/user/.m2/repository/org/openjdk/jmh/jmh-core/1.19/jmh-core-1.19.jar:/home/user/.m2/repository/net/sf/jopt-simple/jopt-simple/4.6/jopt-simple-4.6.jar:/home/user/.m2/repository/org/apache/commons/commons-math3/3.1.1/commons-math3-3.1.1.jar:/home/user/.m2/repository/org/openjdk/jmh/jmh-generator-annprocess/1.19/jmh-generator-annprocess-1.19.jar:/home/user/.m2/repository/org/mockito/mockito-all/1.8.5/mockito-all-1.8.5.jar:/home/user/.m2/repository/org/apache/hadoop/hadoop-kms/3.2.0/hadoop-kms-3.2.0.jar:/home/user/.m2/repository/org/apache/hadoop/hadoop-auth/3.2.0/hadoop-auth-3.2.0.jar:/home/user/.m2/repository/com/nimbusds/nimbus-jose-jwt/4.41.1/nimbus-jose-jwt-4.41.1.jar:/home/user/.m2/repository/com/github/stephenc/jcip/jcip-annotations/1.0-1/jcip-annotations-1.0-1.jar:/home/user/.m2/repository/net/minidev/json-smart/2.3/json-smart-2.3.jar:/home/user/.m2/repository/net/minidev/accessors-smart/1.2/accessors-smart-1.2.jar:/home/user/.m2/repository/org/ow2/asm/asm/5.0.4/asm-5.0.4.jar:/home/user/.m2/repository/org/apache/curator/curator-framework/2.12.0/curator-framework-2.12.0.jar:/home/user/.m2/repository/com/sun/jersey/jersey-core/1.19/jersey-core-1.19.jar:/home/user/.m2/repository/javax/ws/rs/jsr311-api/1.1.1/jsr311-api-1.1.1.jar:/home/user/.m2/repository/com/sun/jersey/jersey-server/1.19/jersey-server-1.19.jar:/home/user/.m2/repository/javax/servlet/javax.servlet-api/3.1.0/javax.servlet-api-3.1.0.jar:/home/user/.m2/repository/org/eclipse/jetty/jetty-server/9.3.25.v20180904/jetty-server-9.3.25.v20180904.jar:/home/user/.m2/repository/org/eclipse/jetty/jetty-http/9.3.25.v20180904/jetty-http-9.3.25.v20180904.jar:/home/user/.m2/repository/org/eclipse/jetty/jetty-io/9.3.25.v20180904/jetty-io-9.3.25.v20180904.jar:/home/user/.m2/repository/org/eclipse/jetty/jetty-webapp/9.3.25.v20180904/jetty-webapp-9.3.25.v20180904.jar:/home/user/.m2/repository/org/eclipse/jetty/jetty-xml/9.3.25.v20180904/jetty-xml-9.3.25.v20180904.jar:/home/user/.m2/repository/log4j/log4j/1.2.17/log4j-1.2.17.jar:/home/user/.m2/repository/org/slf4j/slf4j-api/1.7.25/slf4j-api-1.7.25.jar:/home/user/.m2/repository/org/slf4j/jul-to-slf4j/1.7.25/jul-to-slf4j-1.7.25.jar:/home/user/.m2/repository/org/eclipse/jetty/jetty-util/9.3.25.v20180904/jetty-util-9.3.25.v20180904.jar:/home/user/.m2/repository/com/fasterxml/jackson/core/jackson-databind/2.9.9/jackson-databind-2.9.9.jar:/home/user/.m2/repository/org/apache/hadoop/hadoop-kms/3.2.0/hadoop-kms-3.2.0-tests.jar:/home/user/.m2/repository/org/apache/hadoop/hadoop-hdds-server-scm/0.5.0-SNAPSHOT/hadoop-hdds-server-scm-0.5.0-SNAPSHOT-tests.jar:/home/user/.m2/repository/org/apache/hadoop/hadoop-hdds-container-service/0.5.0-SNAPSHOT/hadoop-hdds-container-service-0.5.0-SNAPSHOT-tests.jar:/home/user/.m2/repository/org/yaml/snakeyaml/1.16/snakeyaml-1.16.jar:/home/user/.m2/repository/org/apache/hadoop/hadoop-common/3.2.0/hadoop-common-3.2.0-tests.jar:/home/user/.m2/repository/org/apache/hadoop/hadoop-annotations/3.2.0/hadoop-annotations-3.2.0.jar:/usr/lib/jvm/java-1.8-openjdk/jre/../lib/tools.jar:/home/user/.m2/repository/commons-cli/commons-cli/1.2/commons-cli-1.2.jar:/home/user/.m2/repository/org/apache/httpcomponents/httpclient/4.5.2/httpclient-4.5.2.jar:/home/user/.m2/repository/org/apache/httpcomponents/httpcore/4.4.4/httpcore-4.4.4.jar:/home/user/.m2/repository/commons-codec/commons-codec/1.11/commons-codec-1.11.jar:/home/user/.m2/repository/commons-net/commons-net/3.6/commons-net-3.6.jar:/home/user/.m2/repository/commons-collections/commons-collections/3.2.2/commons-collections-3.2.2.jar:/home/user/.m2/repository/org/eclipse/jetty/jetty-servlet/9.3.25.v20180904/jetty-servlet-9.3.25.v20180904.jar:/home/user/.m2/repository/org/eclipse/jetty/jetty-security/9.3.25.v20180904/jetty-security-9.3.25.v20180904.jar:/home/user/.m2/repository/javax/servlet/jsp/jsp-api/2.1/jsp-api-2.1.jar:/home/user/.m2/repository/com/sun/jersey/jersey-servlet/1.19/jersey-servlet-1.19.jar:/home/user/.m2/repository/com/sun/jersey/jersey-json/1.19/jersey-json-1.19.jar:/home/user/.m2/repository/org/codehaus/jettison/jettison/1.1/jettison-1.1.jar:/home/user/.m2/repository/org/codehaus/jackson/jackson-core-asl/1.9.13/jackson-core-asl-1.9.13.jar:/home/user/.m2/repository/org/codehaus/jackson/jackson-mapper-asl/1.9.13/jackson-mapper-asl-1.9.13.jar:/home/user/.m2/repository/org/codehaus/jackson/jackson-jaxrs/1.9.13/jackson-jaxrs-1.9.13.jar:/home/user/.m2/repository/org/codehaus/jackson/jackson-xc/1.9.13/jackson-xc-1.9.13.jar:/home/user/.m2/repository/commons-logging/commons-logging/1.1.3/commons-logging-1.1.3.jar:/home/user/.m2/repository/commons-beanutils/commons-beanutils/1.9.4/commons-beanutils-1.9.4.jar:/home/user/.m2/repository/org/apache/commons/commons-configuration2/2.1.1/commons-configuration2-2.1.1.jar:/home/user/.m2/repository/org/apache/commons/commons-lang3/3.7/commons-lang3-3.7.jar:/home/user/.m2/repository/org/apache/commons/commons-text/1.4/commons-text-1.4.jar:/home/user/.m2/repository/org/apache/avro/avro/1.7.7/avro-1.7.7.jar:/home/user/.m2/repository/com/thoughtworks/paranamer/paranamer/2.3/paranamer-2.3.jar:/home/user/.m2/repository/org/xerial/snappy/snappy-java/1.0.5/snappy-java-1.0.5.jar:/home/user/.m2/repository/com/google/re2j/re2j/1.1/re2j-1.1.jar:/home/user/.m2/repository/com/google/code/gson/gson/2.2.4/gson-2.2.4.jar:/home/user/.m2/repository/com/jcraft/jsch/0.1.54/jsch-0.1.54.jar:/home/user/.m2/repository/org/apache/curator/curator-client/2.12.0/curator-client-2.12.0.jar:/home/user/.m2/repository/org/apache/curator/curator-recipes/2.12.0/curator-recipes-2.12.0.jar:/home/user/.m2/repository/com/google/code/findbugs/jsr305/3.0.0/jsr305-3.0.0.jar:/home/user/.m2/repository/org/apache/htrace/htrace-core4/4.1.0-incubating/htrace-core4-4.1.0-incubating.jar:/home/user/.m2/repository/org/apache/zookeeper/zookeeper/3.4.13/zookeeper-3.4.13.jar:/home/user/.m2/repository/jline/jline/0.9.94/jline-0.9.94.jar:/home/user/.m2/repository/org/apache/yetus/audience-annotations/0.5.0/audience-annotations-0.5.0.jar:/home/user/.m2/repository/org/codehaus/woodstox/stax2-api/3.1.4/stax2-api-3.1.4.jar:/home/user/.m2/repository/com/fasterxml/woodstox/woodstox-core/5.0.3/woodstox-core-5.0.3.jar:/home/user/.m2/repository/dnsjava/dnsjava/2.1.7/dnsjava-2.1.7.jar:/home/user/.m2/repository/org/apache/hadoop/hadoop-hdfs/3.2.0/hadoop-hdfs-3.2.0-tests.jar:/home/user/.m2/repository/org/eclipse/jetty/jetty-util-ajax/9.3.25.v20180904/jetty-util-ajax-9.3.25.v20180904.jar:/home/user/.m2/repository/commons-daemon/commons-daemon/1.0.13/commons-daemon-1.0.13.jar:/home/user/.m2/repository/io/netty/netty/3.10.5.Final/netty-3.10.5.Final.jar:/home/user/.m2/repository/io/netty/netty-all/4.0.52.Final/netty-all-4.0.52.Final.jar:/home/user/.m2/repository/org/fusesource/leveldbjni/leveldbjni-all/1.8/leveldbjni-all-1.8.jar:"/>
    <property name="sun.cpu.endian" value="little"/>
    <property name="user.home" value="/home/user"/>
    <property name="user.language" value="en"/>
    <property name="java.specification.vendor" value="Oracle Corporation"/>
    <property name="java.home" value="/usr/lib/jvm/java-1.8-openjdk/jre"/>
    <property name="java.security.krb5.conf" value="/workdir/hadoop-ozone/integration-test/target/test-classes/krb5.conf"/>
    <property name="basedir" value="/workdir/hadoop-ozone/integration-test"/>
    <property name="file.separator" value="/"/>
    <property name="line.separator" value="&#10;"/>
    <property name="java.vm.specification.vendor" value="Oracle Corporation"/>
    <property name="java.specification.name" value="Java Platform API Specification"/>
    <property name="java.awt.graphicsenv" value="sun.awt.X11GraphicsEnvironment"/>
    <property name="surefire.real.class.path" value="/workdir/hadoop-ozone/integration-test/target/surefire/surefirebooter2926509756249849791.jar"/>
    <property name="hadoop.log.dir" value="/workdir/hadoop-ozone/integration-test/target/log"/>
    <property name="sun.boot.class.path" value="/usr/lib/jvm/java-1.8-openjdk/jre/lib/resources.jar:/usr/lib/jvm/java-1.8-openjdk/jre/lib/rt.jar:/usr/lib/jvm/java-1.8-openjdk/jre/lib/sunrsasign.jar:/usr/lib/jvm/java-1.8-openjdk/jre/lib/jsse.jar:/usr/lib/jvm/java-1.8-openjdk/jre/lib/jce.jar:/usr/lib/jvm/java-1.8-openjdk/jre/lib/charsets.jar:/usr/lib/jvm/java-1.8-openjdk/jre/lib/jfr.jar:/usr/lib/jvm/java-1.8-openjdk/jre/classes"/>
    <property name="sun.management.compiler" value="HotSpot 64-Bit Tiered Compilers"/>
    <property name="java.runtime.version" value="1.8.0_212-b04"/>
    <property name="java.net.preferIPv4Stack" value="true"/>
    <property name="user.name" value="jenkins1000"/>
    <property name="path.separator" value=":"/>
    <property name="java.security.egd" value="file:///dev/urandom"/>
    <property name="os.version" value="3.10.0-957.12.2.el7.x86_64"/>
    <property name="java.endorsed.dirs" value="/usr/lib/jvm/java-1.8-openjdk/jre/lib/endorsed"/>
    <property name="java.runtime.name" value="OpenJDK Runtime Environment"/>
    <property name="file.encoding" value="UTF-8"/>
    <property name="java.vm.name" value="OpenJDK 64-Bit Server VM"/>
    <property name="test.build.webapps" value=""/>
    <property name="localRepository" value="/home/user/.m2/repository"/>
    <property name="java.vendor.url.bug" value="https://icedtea.classpath.org/bugzilla"/>
    <property name="java.io.tmpdir" value="/tmp"/>
    <property name="require.test.libhadoop" value=""/>
    <property name="java.version" value="1.8.0_212"/>
    <property name="user.dir" value="/workdir/hadoop-ozone/integration-test"/>
    <property name="os.arch" value="amd64"/>
    <property name="java.vm.specification.name" value="Java Virtual Machine Specification"/>
    <property name="test.build.classes" value="/workdir/hadoop-ozone/integration-test/target/test-classes"/>
    <property name="java.awt.printerjob" value="sun.print.PSPrinterJob"/>
    <property name="sun.os.patch.level" value="unknown"/>
    <property name="hadoop.tmp.dir" value="/workdir/hadoop-ozone/integration-test/target/tmp"/>
    <property name="java.library.path" value="/usr/lib/jvm/java-1.8-openjdk/jre/lib/amd64/server:/usr/lib/jvm/java-1.8-openjdk/jre/lib/amd64:/usr/lib/jvm/java-1.8-openjdk/jre/../lib/amd64:/workdir/hadoop-ozone/integration-test/target/native/target/usr/local/lib:/workdir/hadoop-ozone/integration-test/../../hadoop-common-project/hadoop-common/target/native/target/usr/local/lib:/usr/java/packages/lib/amd64:/usr/lib64:/lib64:/lib:/usr/lib"/>
    <property name="java.vm.info" value="mixed mode"/>
    <property name="java.vendor" value="IcedTea"/>
    <property name="java.vm.version" value="25.212-b04"/>
    <property name="java.ext.dirs" value="/usr/lib/jvm/java-1.8-openjdk/jre/lib/ext:/usr/java/packages/lib/ext"/>
    <property name="sun.io.unicode.encoding" value="UnicodeLittle"/>
    <property name="java.class.version" value="52.0"/>
  </properties>
  <testcase name="testWatchForCommitWithKeyWrite" classname="org.apache.hadoop.ozone.client.rpc.TestWatchForCommit" time="76.367"/>
  <testcase name="testWatchForCommitWithSmallerTimeoutValue" classname="org.apache.hadoop.ozone.client.rpc.TestWatchForCommit" time="26.359">
    <error message="org.apache.ratis.protocol.RaftRetryFailureException: Failed RaftClientRequest:client-491C43554069-&gt;17973fa0-ca4b-4c8f-aca3-d8dca3028241@group-A0F3659C1B16, cid=50, seq=1*, RW, org.apache.hadoop.hdds.scm.XceiverClientRatis$$Lambda$701/1701798620@b42b82e for 20 attempts with RetryLimited(maxAttempts=20, sleepTime=1000ms)" type="java.util.concurrent.ExecutionException">java.util.concurrent.ExecutionException: org.apache.ratis.protocol.RaftRetryFailureException: Failed RaftClientRequest:client-491C43554069->17973fa0-ca4b-4c8f-aca3-d8dca3028241@group-A0F3659C1B16, cid=50, seq=1*, RW, org.apache.hadoop.hdds.scm.XceiverClientRatis$$Lambda$701/1701798620@b42b82e for 20 attempts with RetryLimited(maxAttempts=20, sleepTime=1000ms)
	at java.util.concurrent.CompletableFuture.reportGet(CompletableFuture.java:357)
	at java.util.concurrent.CompletableFuture.get(CompletableFuture.java:1895)
	at org.apache.hadoop.ozone.client.rpc.TestWatchForCommit.testWatchForCommitWithSmallerTimeoutValue(TestWatchForCommit.java:293)
	at sun.reflect.NativeMethodAccessorImpl.invoke0(Native Method)
	at sun.reflect.NativeMethodAccessorImpl.invoke(NativeMethodAccessorImpl.java:62)
	at sun.reflect.DelegatingMethodAccessorImpl.invoke(DelegatingMethodAccessorImpl.java:43)
	at java.lang.reflect.Method.invoke(Method.java:498)
	at org.junit.runners.model.FrameworkMethod$1.runReflectiveCall(FrameworkMethod.java:47)
	at org.junit.internal.runners.model.ReflectiveCallable.run(ReflectiveCallable.java:12)
	at org.junit.runners.model.FrameworkMethod.invokeExplosively(FrameworkMethod.java:44)
	at org.junit.internal.runners.statements.InvokeMethod.evaluate(InvokeMethod.java:17)
	at org.junit.runners.ParentRunner.runLeaf(ParentRunner.java:271)
	at org.junit.runners.BlockJUnit4ClassRunner.runChild(BlockJUnit4ClassRunner.java:70)
	at org.junit.runners.BlockJUnit4ClassRunner.runChild(BlockJUnit4ClassRunner.java:50)
	at org.junit.runners.ParentRunner$3.run(ParentRunner.java:238)
	at org.junit.runners.ParentRunner$1.schedule(ParentRunner.java:63)
	at org.junit.runners.ParentRunner.runChildren(ParentRunner.java:236)
	at org.junit.runners.ParentRunner.access$000(ParentRunner.java:53)
	at org.junit.runners.ParentRunner$2.evaluate(ParentRunner.java:229)
	at org.junit.runners.ParentRunner.run(ParentRunner.java:309)
	at org.apache.maven.surefire.junit4.JUnit4Provider.execute(JUnit4Provider.java:365)
	at org.apache.maven.surefire.junit4.JUnit4Provider.executeWithRerun(JUnit4Provider.java:273)
	at org.apache.maven.surefire.junit4.JUnit4Provider.executeTestSet(JUnit4Provider.java:238)
	at org.apache.maven.surefire.junit4.JUnit4Provider.invoke(JUnit4Provider.java:159)
	at org.apache.maven.surefire.booter.ForkedBooter.invokeProviderInSameClassLoader(ForkedBooter.java:384)
	at org.apache.maven.surefire.booter.ForkedBooter.runSuitesInProcess(ForkedBooter.java:345)
	at org.apache.maven.surefire.booter.ForkedBooter.execute(ForkedBooter.java:126)
	at org.apache.maven.surefire.booter.ForkedBooter.main(ForkedBooter.java:418)
Caused by: org.apache.ratis.protocol.RaftRetryFailureException: Failed RaftClientRequest:client-491C43554069->17973fa0-ca4b-4c8f-aca3-d8dca3028241@group-A0F3659C1B16, cid=50, seq=1*, RW, org.apache.hadoop.hdds.scm.XceiverClientRatis$$Lambda$701/1701798620@b42b82e for 20 attempts with RetryLimited(maxAttempts=20, sleepTime=1000ms)
	at org.apache.ratis.client.impl.RaftClientImpl.noMoreRetries(RaftClientImpl.java:271)
	at org.apache.ratis.client.impl.OrderedAsync.handleAsyncRetryFailure(OrderedAsync.java:138)
	at org.apache.ratis.client.impl.OrderedAsync.lambda$sendRequest$10(OrderedAsync.java:230)
	at java.util.concurrent.CompletableFuture.uniExceptionally(CompletableFuture.java:870)
	at java.util.concurrent.CompletableFuture$UniExceptionally.tryFire(CompletableFuture.java:852)
	at java.util.concurrent.CompletableFuture.postComplete(CompletableFuture.java:474)
	at java.util.concurrent.CompletableFuture.completeExceptionally(CompletableFuture.java:1977)
	at org.apache.ratis.grpc.client.GrpcClientProtocolClient$AsyncStreamObservers.completeReplyExceptionally(GrpcClientProtocolClient.java:345)
	at org.apache.ratis.grpc.client.GrpcClientProtocolClient$AsyncStreamObservers.access$000(GrpcClientProtocolClient.java:261)
	at org.apache.ratis.grpc.client.GrpcClientProtocolClient$AsyncStreamObservers$1.onNext(GrpcClientProtocolClient.java:273)
	at org.apache.ratis.grpc.client.GrpcClientProtocolClient$AsyncStreamObservers$1.onNext(GrpcClientProtocolClient.java:264)
	at org.apache.ratis.thirdparty.io.grpc.stub.ClientCalls$StreamObserverToCallListenerAdapter.onMessage(ClientCalls.java:421)
	at org.apache.ratis.thirdparty.io.grpc.ForwardingClientCallListener.onMessage(ForwardingClientCallListener.java:33)
	at org.apache.ratis.thirdparty.io.grpc.ForwardingClientCallListener.onMessage(ForwardingClientCallListener.java:33)
	at org.apache.ratis.thirdparty.io.grpc.internal.ClientCallImpl$ClientStreamListenerImpl$1MessagesAvailable.runInContext(ClientCallImpl.java:519)
	at org.apache.ratis.thirdparty.io.grpc.internal.ContextRunnable.run(ContextRunnable.java:37)
	at org.apache.ratis.thirdparty.io.grpc.internal.SerializingExecutor.run(SerializingExecutor.java:123)
	at java.util.concurrent.ThreadPoolExecutor.runWorker(ThreadPoolExecutor.java:1149)
	at java.util.concurrent.ThreadPoolExecutor$Worker.run(ThreadPoolExecutor.java:624)
	at java.lang.Thread.run(Thread.java:748)
Caused by: org.apache.ratis.protocol.NotLeaderException: Server 17973fa0-ca4b-4c8f-aca3-d8dca3028241@group-A0F3659C1B16 is not the leader
	at org.apache.ratis.client.impl.ClientProtoUtils.toRaftClientReply(ClientProtoUtils.java:243)
	at org.apache.ratis.grpc.client.GrpcClientProtocolClient$AsyncStreamObservers$1.onNext(GrpcClientProtocolClient.java:269)
	... 10 more
</error>
    <system-out><![CDATA[2019-10-02 05:59:00,903 [main] WARN  server.ServerUtils (ServerUtils.java:getScmDbDir(145)) - ozone.scm.db.dirs is not configured. We recommend adding this setting. Falling back to ozone.metadata.dirs instead.
2019-10-02 05:59:00,946 [main] WARN  server.ServerUtils (ServerUtils.java:getScmDbDir(145)) - ozone.scm.db.dirs is not configured. We recommend adding this setting. Falling back to ozone.metadata.dirs instead.
2019-10-02 05:59:00,946 [main] WARN  server.ServerUtils (ServerUtils.java:getScmDbDir(145)) - ozone.scm.db.dirs is not configured. We recommend adding this setting. Falling back to ozone.metadata.dirs instead.
2019-10-02 05:59:00,947 [main] INFO  db.DBStoreBuilder (DBStoreBuilder.java:addTable(110)) - using custom profile for table: deletedBlocks
2019-10-02 05:59:00,947 [main] INFO  db.DBStoreBuilder (DBStoreBuilder.java:processTables(161)) - Using default column profile:DBProfile.DISK for Table:deletedBlocks
2019-10-02 05:59:00,947 [main] INFO  db.DBStoreBuilder (DBStoreBuilder.java:addTable(110)) - using custom profile for table: validCerts
2019-10-02 05:59:00,947 [main] INFO  db.DBStoreBuilder (DBStoreBuilder.java:processTables(161)) - Using default column profile:DBProfile.DISK for Table:validCerts
2019-10-02 05:59:00,948 [main] INFO  db.DBStoreBuilder (DBStoreBuilder.java:addTable(110)) - using custom profile for table: revokedCerts
2019-10-02 05:59:00,948 [main] INFO  db.DBStoreBuilder (DBStoreBuilder.java:processTables(161)) - Using default column profile:DBProfile.DISK for Table:revokedCerts
2019-10-02 05:59:00,948 [main] INFO  db.DBStoreBuilder (DBStoreBuilder.java:addTable(110)) - using custom profile for table: default
2019-10-02 05:59:00,948 [main] INFO  db.DBStoreBuilder (DBStoreBuilder.java:processTables(167)) - Using default column profile:DBProfile.DISK for Table:default
2019-10-02 05:59:00,949 [main] INFO  db.DBStoreBuilder (DBStoreBuilder.java:getDbProfile(198)) - Using default options. DBProfile.DISK
2019-10-02 05:59:01,165 [main] INFO  net.NodeSchemaLoader (NodeSchemaLoader.java:loadSchemaFromFile(125)) - Loading file from sun.misc.CompoundEnumeration@1756f7cc
2019-10-02 05:59:01,165 [main] INFO  net.NodeSchemaLoader (NodeSchemaLoader.java:loadSchema(171)) - Loading network topology layer schema file
2019-10-02 05:59:01,170 [main] WARN  server.ServerUtils (ServerUtils.java:sanitizeUserArgs(70)) - ozone.scm.stale.node.interval value = 300000 is larger than max = 100000 based on the key value of ozone.scm.heartbeat.thread.interval, reset to the max value 100000.
2019-10-02 05:59:01,171 [main] WARN  server.ServerUtils (ServerUtils.java:sanitizeUserArgs(70)) - ozone.scm.stale.node.interval value = 300000 is larger than max = 100000 based on the key value of ozone.scm.heartbeat.thread.interval, reset to the max value 100000.
2019-10-02 05:59:01,171 [main] INFO  node.SCMNodeManager (SCMNodeManager.java:<init>(114)) - Entering startup safe mode.
2019-10-02 05:59:01,172 [main] INFO  algorithms.ContainerPlacementPolicyFactory (ContainerPlacementPolicyFactory.java:getPolicy(57)) - Create container placement policy of type org.apache.hadoop.hdds.scm.container.placement.algorithms.SCMContainerPlacementRandom
2019-10-02 05:59:01,173 [main] WARN  server.ServerUtils (ServerUtils.java:getScmDbDir(145)) - ozone.scm.db.dirs is not configured. We recommend adding this setting. Falling back to ozone.metadata.dirs instead.
2019-10-02 05:59:01,412 [main] INFO  pipeline.SCMPipelineManager (SCMPipelineManager.java:initializePipelineState(132)) - No pipeline exists in current db
2019-10-02 05:59:01,412 [main] WARN  server.ServerUtils (ServerUtils.java:getScmDbDir(145)) - ozone.scm.db.dirs is not configured. We recommend adding this setting. Falling back to ozone.metadata.dirs instead.
2019-10-02 05:59:01,480 [main] WARN  events.EventQueue (EventQueue.java:fireEvent(183)) - No event handler registered for event TypedEvent{payloadType=SafeModeStatus, name='SafeModeStatus'}
2019-10-02 05:59:01,481 [main] INFO  ipc.CallQueueManager (CallQueueManager.java:<init>(84)) - Using callQueue: class java.util.concurrent.LinkedBlockingQueue, queueCapacity: 2000, scheduler: class org.apache.hadoop.ipc.DefaultRpcScheduler, ipcBackoff: false.
2019-10-02 05:59:01,482 [Socket Reader #1 for port 33545] INFO  ipc.Server (Server.java:run(1074)) - Starting Socket Reader #1 for port 33545
2019-10-02 05:59:01,484 [main] INFO  ipc.CallQueueManager (CallQueueManager.java:<init>(84)) - Using callQueue: class java.util.concurrent.LinkedBlockingQueue, queueCapacity: 2000, scheduler: class org.apache.hadoop.ipc.DefaultRpcScheduler, ipcBackoff: false.
2019-10-02 05:59:01,485 [Socket Reader #1 for port 38317] INFO  ipc.Server (Server.java:run(1074)) - Starting Socket Reader #1 for port 38317
2019-10-02 05:59:01,487 [main] INFO  ipc.CallQueueManager (CallQueueManager.java:<init>(84)) - Using callQueue: class java.util.concurrent.LinkedBlockingQueue, queueCapacity: 2000, scheduler: class org.apache.hadoop.ipc.DefaultRpcScheduler, ipcBackoff: false.
2019-10-02 05:59:01,488 [Socket Reader #1 for port 36218] INFO  ipc.Server (Server.java:run(1074)) - Starting Socket Reader #1 for port 36218
2019-10-02 05:59:01,490 [main] INFO  hdfs.DFSUtil (DFSUtil.java:httpServerTemplateForNNAndJN(1641)) - Starting Web-server for scm at: http://0.0.0.0:0
2019-10-02 05:59:01,493 [main] INFO  server.AuthenticationFilter (AuthenticationFilter.java:constructSecretProvider(240)) - Unable to initialize FileSignerSecretProvider, falling back to use random secrets.
2019-10-02 05:59:01,494 [main] WARN  http.HttpRequestLog (HttpRequestLog.java:getRequestLog(97)) - Jetty request log can only be enabled using Log4j
2019-10-02 05:59:01,497 [main] INFO  http.HttpServer2 (HttpServer2.java:addGlobalFilter(975)) - Added global filter 'safety' (class=org.apache.hadoop.http.HttpServer2$QuotingInputFilter)
2019-10-02 05:59:01,498 [main] INFO  http.HttpServer2 (HttpServer2.java:addFilter(948)) - Added filter static_user_filter (class=org.apache.hadoop.http.lib.StaticUserWebFilter$StaticUserFilter) to context scm
2019-10-02 05:59:01,498 [main] INFO  http.HttpServer2 (HttpServer2.java:addFilter(958)) - Added filter static_user_filter (class=org.apache.hadoop.http.lib.StaticUserWebFilter$StaticUserFilter) to context static
2019-10-02 05:59:01,498 [main] INFO  http.HttpServer2 (HttpServer2.java:addFilter(958)) - Added filter static_user_filter (class=org.apache.hadoop.http.lib.StaticUserWebFilter$StaticUserFilter) to context logs
2019-10-02 05:59:01,501 [main] INFO  server.StorageContainerManager (StorageContainerManager.java:start(770)) - StorageContainerLocationProtocol RPC server is listening at /0.0.0.0:36218
2019-10-02 05:59:01,504 [main] WARN  impl.MetricsConfig (MetricsConfig.java:loadFirst(134)) - Cannot locate configuration: tried hadoop-metrics2-storagecontainermanager.properties,hadoop-metrics2.properties
2019-10-02 05:59:01,505 [main] INFO  impl.MetricsSystemImpl (MetricsSystemImpl.java:startTimer(374)) - Scheduled Metric snapshot period at 10 second(s).
2019-10-02 05:59:01,505 [main] INFO  impl.MetricsSystemImpl (MetricsSystemImpl.java:start(191)) - StorageContainerManager metrics system started
2019-10-02 05:59:01,565 [main] WARN  impl.MetricsSystemImpl (MetricsSystemImpl.java:register(276)) - Sink prometheus already exists!
2019-10-02 05:59:01,572 [main] INFO  server.SCMClientProtocolServer (SCMClientProtocolServer.java:start(150)) - RPC server for Client  is listening at /0.0.0.0:36218
2019-10-02 05:59:01,572 [IPC Server Responder] INFO  ipc.Server (Server.java:run(1314)) - IPC Server Responder: starting
2019-10-02 05:59:01,573 [IPC Server listener on 36218] INFO  ipc.Server (Server.java:run(1153)) - IPC Server listener on 36218: starting
2019-10-02 05:59:01,576 [main] INFO  server.StorageContainerManager (StorageContainerManager.java:start(780)) - ScmBlockLocationProtocol RPC server is listening at /0.0.0.0:38317
2019-10-02 05:59:01,576 [main] INFO  server.SCMBlockProtocolServer (SCMBlockProtocolServer.java:start(146)) - RPC server for Block Protocol is listening at /0.0.0.0:38317
2019-10-02 05:59:01,577 [IPC Server Responder] INFO  ipc.Server (Server.java:run(1314)) - IPC Server Responder: starting
2019-10-02 05:59:01,577 [IPC Server listener on 38317] INFO  ipc.Server (Server.java:run(1153)) - IPC Server listener on 38317: starting
2019-10-02 05:59:01,580 [main] INFO  server.StorageContainerManager (StorageContainerManager.java:start(784)) - ScmDatanodeProtocl RPC server is listening at /0.0.0.0:33545
2019-10-02 05:59:01,580 [main] INFO  server.SCMDatanodeProtocolServer (SCMDatanodeProtocolServer.java:start(191)) - RPC server for DataNodes is listening at /0.0.0.0:33545
2019-10-02 05:59:01,581 [IPC Server Responder] INFO  ipc.Server (Server.java:run(1314)) - IPC Server Responder: starting
2019-10-02 05:59:01,581 [IPC Server listener on 33545] INFO  ipc.Server (Server.java:run(1153)) - IPC Server listener on 33545: starting
2019-10-02 05:59:01,585 [main] INFO  http.HttpServer2 (HttpServer2.java:bindListener(1191)) - Jetty bound to port 42738
2019-10-02 05:59:01,585 [main] INFO  server.Server (Server.java:doStart(351)) - jetty-9.3.25.v20180904, build timestamp: 2018-09-04T21:11:46Z, git hash: 3ce520221d0240229c862b122d2b06c12a625732
2019-10-02 05:59:01,587 [main] INFO  handler.ContextHandler (ContextHandler.java:doStart(781)) - Started o.e.j.s.ServletContextHandler@74f827ad{/logs,file:///workdir/hadoop-ozone/integration-test/target/log,AVAILABLE}
2019-10-02 05:59:01,587 [main] INFO  handler.ContextHandler (ContextHandler.java:doStart(781)) - Started o.e.j.s.ServletContextHandler@4a8a0099{/static,file:///workdir/hadoop-ozone/integration-test/target/test-classes/webapps/static,AVAILABLE}
2019-10-02 05:59:01,592 [main] INFO  handler.ContextHandler (ContextHandler.java:doStart(781)) - Started o.e.j.w.WebAppContext@784223e9{/,file:///workdir/hadoop-ozone/integration-test/target/test-classes/webapps/scm/,AVAILABLE}{/scm}
2019-10-02 05:59:01,592 [main] INFO  server.AbstractConnector (AbstractConnector.java:doStart(278)) - Started ServerConnector@7316523a{HTTP/1.1,[http/1.1]}{0.0.0.0:42738}
2019-10-02 05:59:01,593 [main] INFO  server.Server (Server.java:doStart(419)) - Started @77457ms
2019-10-02 05:59:01,593 [main] WARN  impl.MetricsSystemImpl (MetricsSystemImpl.java:register(276)) - Sink prometheus already exists!
2019-10-02 05:59:01,594 [main] INFO  server.BaseHttpServer (BaseHttpServer.java:updateConnectorAddress(215)) - HTTP server of SCM is listening at http://0.0.0.0:42738
2019-10-02 05:59:01,595 [main] WARN  server.ServerUtils (ServerUtils.java:getDBPath(222)) - ozone.om.db.dirs is not configured. We recommend adding this setting. Falling back to ozone.metadata.dirs instead.
2019-10-02 05:59:01,595 [org.apache.hadoop.util.JvmPauseMonitor$Monitor@73a8e994] INFO  util.JvmPauseMonitor (JvmPauseMonitor.java:run(188)) - Starting JVM pause monitor
2019-10-02 05:59:01,621 [main] WARN  server.ServerUtils (ServerUtils.java:getDBPath(222)) - ozone.om.db.dirs is not configured. We recommend adding this setting. Falling back to ozone.metadata.dirs instead.
2019-10-02 05:59:01,621 [main] WARN  server.ServerUtils (ServerUtils.java:getDBPath(222)) - ozone.om.db.dirs is not configured. We recommend adding this setting. Falling back to ozone.metadata.dirs instead.
2019-10-02 05:59:01,622 [main] INFO  om.OzoneManager (OzoneManager.java:setOMNodeDetails(652)) - OM Service ID is not set. Setting it to the default ID: omServiceIdDefault
2019-10-02 05:59:01,622 [main] INFO  om.OzoneManager (OzoneManager.java:setOMNodeDetails(658)) - OM Node ID is not set. Setting it to the OmStorage's OmID: 9331c5b2-977d-4cf5-a8d6-8da8d1b9ad5f
2019-10-02 05:59:01,622 [main] INFO  om.OzoneManager (OzoneManager.java:loadOMHAConfigs(609)) - Found matching OM address with OMServiceId: null, OMNodeId: null, RPC Address: localhost:0 and Ratis port: 9872
2019-10-02 05:59:01,630 [main] WARN  server.ServerUtils (ServerUtils.java:getDBPath(222)) - ozone.om.db.dirs is not configured. We recommend adding this setting. Falling back to ozone.metadata.dirs instead.
2019-10-02 05:59:01,631 [main] INFO  db.DBStoreBuilder (DBStoreBuilder.java:addTable(110)) - using custom profile for table: userTable
2019-10-02 05:59:01,631 [main] INFO  db.DBStoreBuilder (DBStoreBuilder.java:processTables(161)) - Using default column profile:DBProfile.DISK for Table:userTable
2019-10-02 05:59:01,631 [main] INFO  db.DBStoreBuilder (DBStoreBuilder.java:addTable(110)) - using custom profile for table: volumeTable
2019-10-02 05:59:01,632 [main] INFO  db.DBStoreBuilder (DBStoreBuilder.java:processTables(161)) - Using default column profile:DBProfile.DISK for Table:volumeTable
2019-10-02 05:59:01,632 [main] INFO  db.DBStoreBuilder (DBStoreBuilder.java:addTable(110)) - using custom profile for table: bucketTable
2019-10-02 05:59:01,632 [main] INFO  db.DBStoreBuilder (DBStoreBuilder.java:processTables(161)) - Using default column profile:DBProfile.DISK for Table:bucketTable
2019-10-02 05:59:01,632 [main] INFO  db.DBStoreBuilder (DBStoreBuilder.java:addTable(110)) - using custom profile for table: keyTable
2019-10-02 05:59:01,633 [main] INFO  db.DBStoreBuilder (DBStoreBuilder.java:processTables(161)) - Using default column profile:DBProfile.DISK for Table:keyTable
2019-10-02 05:59:01,633 [main] INFO  db.DBStoreBuilder (DBStoreBuilder.java:addTable(110)) - using custom profile for table: deletedTable
2019-10-02 05:59:01,633 [main] INFO  db.DBStoreBuilder (DBStoreBuilder.java:processTables(161)) - Using default column profile:DBProfile.DISK for Table:deletedTable
2019-10-02 05:59:01,633 [main] INFO  db.DBStoreBuilder (DBStoreBuilder.java:addTable(110)) - using custom profile for table: openKeyTable
2019-10-02 05:59:01,634 [main] INFO  db.DBStoreBuilder (DBStoreBuilder.java:processTables(161)) - Using default column profile:DBProfile.DISK for Table:openKeyTable
2019-10-02 05:59:01,634 [main] INFO  db.DBStoreBuilder (DBStoreBuilder.java:addTable(110)) - using custom profile for table: s3Table
2019-10-02 05:59:01,634 [main] INFO  db.DBStoreBuilder (DBStoreBuilder.java:processTables(161)) - Using default column profile:DBProfile.DISK for Table:s3Table
2019-10-02 05:59:01,634 [main] INFO  db.DBStoreBuilder (DBStoreBuilder.java:addTable(110)) - using custom profile for table: multipartInfoTable
2019-10-02 05:59:01,634 [main] INFO  db.DBStoreBuilder (DBStoreBuilder.java:processTables(161)) - Using default column profile:DBProfile.DISK for Table:multipartInfoTable
2019-10-02 05:59:01,635 [main] INFO  db.DBStoreBuilder (DBStoreBuilder.java:addTable(110)) - using custom profile for table: dTokenTable
2019-10-02 05:59:01,635 [main] INFO  db.DBStoreBuilder (DBStoreBuilder.java:processTables(161)) - Using default column profile:DBProfile.DISK for Table:dTokenTable
2019-10-02 05:59:01,635 [main] INFO  db.DBStoreBuilder (DBStoreBuilder.java:addTable(110)) - using custom profile for table: s3SecretTable
2019-10-02 05:59:01,635 [main] INFO  db.DBStoreBuilder (DBStoreBuilder.java:processTables(161)) - Using default column profile:DBProfile.DISK for Table:s3SecretTable
2019-10-02 05:59:01,636 [main] INFO  db.DBStoreBuilder (DBStoreBuilder.java:addTable(110)) - using custom profile for table: prefixTable
2019-10-02 05:59:01,636 [main] INFO  db.DBStoreBuilder (DBStoreBuilder.java:processTables(161)) - Using default column profile:DBProfile.DISK for Table:prefixTable
2019-10-02 05:59:01,636 [main] INFO  db.DBStoreBuilder (DBStoreBuilder.java:addTable(110)) - using custom profile for table: default
2019-10-02 05:59:01,636 [main] INFO  db.DBStoreBuilder (DBStoreBuilder.java:processTables(167)) - Using default column profile:DBProfile.DISK for Table:default
2019-10-02 05:59:01,636 [main] INFO  db.DBStoreBuilder (DBStoreBuilder.java:getDbProfile(198)) - Using default options. DBProfile.DISK
2019-10-02 05:59:02,070 [main] INFO  ipc.CallQueueManager (CallQueueManager.java:<init>(84)) - Using callQueue: class java.util.concurrent.LinkedBlockingQueue, queueCapacity: 2000, scheduler: class org.apache.hadoop.ipc.DefaultRpcScheduler, ipcBackoff: false.
2019-10-02 05:59:02,071 [Socket Reader #1 for port 43666] INFO  ipc.Server (Server.java:run(1074)) - Starting Socket Reader #1 for port 43666
2019-10-02 05:59:02,084 [main] INFO  om.OzoneManager (OzoneManager.java:start(1243)) - OzoneManager RPC server is listening at localhost/127.0.0.1:43666
2019-10-02 05:59:02,084 [main] INFO  impl.MetricsSystemImpl (MetricsSystemImpl.java:init(158)) - OzoneManager metrics system started (again)
2019-10-02 05:59:02,084 [IPC Server Responder] INFO  ipc.Server (Server.java:run(1314)) - IPC Server Responder: starting
2019-10-02 05:59:02,084 [IPC Server listener on 43666] INFO  ipc.Server (Server.java:run(1153)) - IPC Server listener on 43666: starting
2019-10-02 05:59:02,089 [main] INFO  hdfs.DFSUtil (DFSUtil.java:httpServerTemplateForNNAndJN(1641)) - Starting Web-server for ozoneManager at: http://0.0.0.0:0
2019-10-02 05:59:02,090 [main] INFO  server.AuthenticationFilter (AuthenticationFilter.java:constructSecretProvider(240)) - Unable to initialize FileSignerSecretProvider, falling back to use random secrets.
2019-10-02 05:59:02,091 [main] WARN  http.HttpRequestLog (HttpRequestLog.java:getRequestLog(97)) - Jetty request log can only be enabled using Log4j
2019-10-02 05:59:02,092 [main] INFO  http.HttpServer2 (HttpServer2.java:addGlobalFilter(975)) - Added global filter 'safety' (class=org.apache.hadoop.http.HttpServer2$QuotingInputFilter)
2019-10-02 05:59:02,093 [main] INFO  http.HttpServer2 (HttpServer2.java:addFilter(948)) - Added filter static_user_filter (class=org.apache.hadoop.http.lib.StaticUserWebFilter$StaticUserFilter) to context ozoneManager
2019-10-02 05:59:02,093 [main] INFO  http.HttpServer2 (HttpServer2.java:addFilter(958)) - Added filter static_user_filter (class=org.apache.hadoop.http.lib.StaticUserWebFilter$StaticUserFilter) to context logs
2019-10-02 05:59:02,093 [main] INFO  http.HttpServer2 (HttpServer2.java:addFilter(958)) - Added filter static_user_filter (class=org.apache.hadoop.http.lib.StaticUserWebFilter$StaticUserFilter) to context static
2019-10-02 05:59:02,094 [main] INFO  http.HttpServer2 (HttpServer2.java:bindListener(1191)) - Jetty bound to port 38730
2019-10-02 05:59:02,094 [main] INFO  server.Server (Server.java:doStart(351)) - jetty-9.3.25.v20180904, build timestamp: 2018-09-04T21:11:46Z, git hash: 3ce520221d0240229c862b122d2b06c12a625732
2019-10-02 05:59:02,096 [main] INFO  handler.ContextHandler (ContextHandler.java:doStart(781)) - Started o.e.j.s.ServletContextHandler@6c8dbf56{/logs,file:///workdir/hadoop-ozone/integration-test/target/log,AVAILABLE}
2019-10-02 05:59:02,096 [main] INFO  handler.ContextHandler (ContextHandler.java:doStart(781)) - Started o.e.j.s.ServletContextHandler@36c2d629{/static,file:///workdir/hadoop-ozone/integration-test/target/test-classes/webapps/static,AVAILABLE}
2019-10-02 05:59:02,100 [main] INFO  handler.ContextHandler (ContextHandler.java:doStart(781)) - Started o.e.j.w.WebAppContext@76fe6cdc{/,file:///workdir/hadoop-ozone/integration-test/target/test-classes/webapps/ozoneManager/,AVAILABLE}{/ozoneManager}
2019-10-02 05:59:02,101 [main] INFO  server.AbstractConnector (AbstractConnector.java:doStart(278)) - Started ServerConnector@2ffb3aec{HTTP/1.1,[http/1.1]}{0.0.0.0:38730}
2019-10-02 05:59:02,102 [main] INFO  server.Server (Server.java:doStart(419)) - Started @77966ms
2019-10-02 05:59:02,102 [main] WARN  impl.MetricsSystemImpl (MetricsSystemImpl.java:register(276)) - Sink prometheus already exists!
2019-10-02 05:59:02,103 [main] INFO  server.BaseHttpServer (BaseHttpServer.java:updateConnectorAddress(215)) - HTTP server of OZONEMANAGER is listening at http://0.0.0.0:38730
2019-10-02 05:59:02,130 [main] INFO  impl.MetricsSystemImpl (MetricsSystemImpl.java:init(158)) - HddsDatanode metrics system started (again)
2019-10-02 05:59:02,133 [main] INFO  ozone.HddsDatanodeService (HddsDatanodeService.java:start(184)) - HddsDatanodeService host:trunk-nightly-20191002-p7fms-2058464235 ip:192.168.164.241
2019-10-02 05:59:02,139 [main] INFO  volume.HddsVolume (HddsVolume.java:<init>(176)) - Creating Volume: /workdir/hadoop-ozone/integration-test/target/test-dir/MiniOzoneClusterImpl-9bd87f02-f7a5-4629-95ca-511ace651d20/datanode-0/data/containers/hdds of  storage type : DISK and capacity : 1482555576320
2019-10-02 05:59:02,139 [main] INFO  volume.VolumeSet (VolumeSet.java:initializeVolumeSet(170)) - Added Volume : /workdir/hadoop-ozone/integration-test/target/test-dir/MiniOzoneClusterImpl-9bd87f02-f7a5-4629-95ca-511ace651d20/datanode-0/data/containers/hdds to VolumeSet
2019-10-02 05:59:02,140 [main] INFO  volume.ThrottledAsyncChecker (ThrottledAsyncChecker.java:schedule(139)) - Scheduling a check for org.apache.hadoop.ozone.container.common.volume.HddsVolume@63300c4b
2019-10-02 05:59:02,140 [main] INFO  volume.HddsVolumeChecker (HddsVolumeChecker.java:checkAllVolumes(202)) - Scheduled health check for volume org.apache.hadoop.ozone.container.common.volume.HddsVolume@63300c4b
2019-10-02 05:59:02,157 [main] INFO  impl.RaftServerProxy (ConfUtils.java:logGet(43)) - raft.rpc.type = GRPC (default)
2019-10-02 05:59:02,157 [main] INFO  grpc.GrpcFactory (GrpcFactory.java:checkPooledByteBufAllocatorUseCacheForAllThreads(45)) - PERFORMANCE WARNING: useCacheForAllThreads is true that may cause Netty to create a lot garbage objects and, as a result, trigger GC.
	It is recommended to disable useCacheForAllThreads by setting -Dorg.apache.ratis.thirdparty.io.netty.allocator.useCacheForAllThreads=false in command line.
2019-10-02 05:59:02,157 [main] INFO  grpc.GrpcConfigKeys$Server (ConfUtils.java:logGet(43)) - raft.grpc.server.port = 0 (default)
2019-10-02 05:59:02,158 [main] INFO  server.GrpcService (ConfUtils.java:logGet(43)) - raft.grpc.message.size.max = 33570816 (custom)
2019-10-02 05:59:02,158 [main] INFO  server.RaftServerConfigKeys (ConfUtils.java:logGet(43)) - raft.server.log.appender.buffer.byte-limit = 33554432 (custom)
2019-10-02 05:59:02,158 [main] INFO  server.GrpcService (ConfUtils.java:logGet(43)) - raft.grpc.flow.control.window = 1MB (=1048576) (default)
2019-10-02 05:59:02,158 [main] INFO  server.RaftServerConfigKeys (ConfUtils.java:logGet(43)) - raft.server.rpc.request.timeout = 3000ms (default)
2019-10-02 05:59:02,159 [main] INFO  server.RaftServerConfigKeys (ConfUtils.java:logGet(43)) - raft.server.storage.dir = [/workdir/hadoop-ozone/integration-test/target/test-dir/MiniOzoneClusterImpl-9bd87f02-f7a5-4629-95ca-511ace651d20/datanode-0/data/ratis] (custom)
2019-10-02 05:59:02,161 [main] INFO  hdfs.DFSUtil (DFSUtil.java:httpServerTemplateForNNAndJN(1641)) - Starting Web-server for hddsDatanode at: http://0.0.0.0:0
2019-10-02 05:59:02,162 [main] INFO  server.AuthenticationFilter (AuthenticationFilter.java:constructSecretProvider(240)) - Unable to initialize FileSignerSecretProvider, falling back to use random secrets.
2019-10-02 05:59:02,162 [main] WARN  http.HttpRequestLog (HttpRequestLog.java:getRequestLog(97)) - Jetty request log can only be enabled using Log4j
2019-10-02 05:59:02,164 [main] INFO  http.HttpServer2 (HttpServer2.java:addGlobalFilter(975)) - Added global filter 'safety' (class=org.apache.hadoop.http.HttpServer2$QuotingInputFilter)
2019-10-02 05:59:02,165 [main] INFO  http.HttpServer2 (HttpServer2.java:addFilter(948)) - Added filter static_user_filter (class=org.apache.hadoop.http.lib.StaticUserWebFilter$StaticUserFilter) to context hddsDatanode
2019-10-02 05:59:02,165 [main] INFO  http.HttpServer2 (HttpServer2.java:addFilter(958)) - Added filter static_user_filter (class=org.apache.hadoop.http.lib.StaticUserWebFilter$StaticUserFilter) to context logs
2019-10-02 05:59:02,165 [main] INFO  http.HttpServer2 (HttpServer2.java:addFilter(958)) - Added filter static_user_filter (class=org.apache.hadoop.http.lib.StaticUserWebFilter$StaticUserFilter) to context static
2019-10-02 05:59:02,166 [main] INFO  http.HttpServer2 (HttpServer2.java:bindListener(1191)) - Jetty bound to port 43311
2019-10-02 05:59:02,166 [main] INFO  server.Server (Server.java:doStart(351)) - jetty-9.3.25.v20180904, build timestamp: 2018-09-04T21:11:46Z, git hash: 3ce520221d0240229c862b122d2b06c12a625732
2019-10-02 05:59:02,168 [main] INFO  handler.ContextHandler (ContextHandler.java:doStart(781)) - Started o.e.j.s.ServletContextHandler@2fe74516{/logs,file:///workdir/hadoop-ozone/integration-test/target/log,AVAILABLE}
2019-10-02 05:59:02,169 [main] INFO  handler.ContextHandler (ContextHandler.java:doStart(781)) - Started o.e.j.s.ServletContextHandler@217bf99e{/static,jar:file:/home/user/.m2/repository/org/apache/hadoop/hadoop-hdds-container-service/0.5.0-SNAPSHOT/hadoop-hdds-container-service-0.5.0-SNAPSHOT.jar!/webapps/static,AVAILABLE}
2019-10-02 05:59:02,201 [main] INFO  handler.ContextHandler (ContextHandler.java:doStart(781)) - Started o.e.j.w.WebAppContext@748ac6f3{/,file:///tmp/jetty-0.0.0.0-43311-hddsDatanode-_-any-8419343262369983686.dir/webapp/,AVAILABLE}{/hddsDatanode}
2019-10-02 05:59:02,202 [main] INFO  server.AbstractConnector (AbstractConnector.java:doStart(278)) - Started ServerConnector@68f6e55d{HTTP/1.1,[http/1.1]}{0.0.0.0:43311}
2019-10-02 05:59:02,203 [main] INFO  server.Server (Server.java:doStart(419)) - Started @78067ms
2019-10-02 05:59:02,203 [main] WARN  impl.MetricsSystemImpl (MetricsSystemImpl.java:register(276)) - Sink prometheus already exists!
2019-10-02 05:59:02,204 [main] INFO  server.BaseHttpServer (BaseHttpServer.java:updateConnectorAddress(215)) - HTTP server of HDDSDATANODE is listening at http://0.0.0.0:43311
2019-10-02 05:59:02,205 [main] INFO  impl.MetricsSystemImpl (MetricsSystemImpl.java:init(158)) - HddsDatanode metrics system started (again)
2019-10-02 05:59:02,208 [main] INFO  ozone.HddsDatanodeService (HddsDatanodeService.java:start(184)) - HddsDatanodeService host:trunk-nightly-20191002-p7fms-2058464235 ip:192.168.164.241
2019-10-02 05:59:02,208 [org.apache.hadoop.util.JvmPauseMonitor$Monitor@47fda15c] INFO  util.JvmPauseMonitor (JvmPauseMonitor.java:run(188)) - Starting JVM pause monitor
2019-10-02 05:59:02,210 [Datanode State Machine Thread - 0] INFO  datanode.InitDatanodeState (InitDatanodeState.java:persistContainerDatanodeDetails(140)) - DatanodeDetails is persisted to /workdir/hadoop-ozone/integration-test/target/test-dir/MiniOzoneClusterImpl-9bd87f02-f7a5-4629-95ca-511ace651d20/datanode-0/meta/datanode.id
2019-10-02 05:59:02,212 [main] INFO  volume.HddsVolume (HddsVolume.java:<init>(176)) - Creating Volume: /workdir/hadoop-ozone/integration-test/target/test-dir/MiniOzoneClusterImpl-9bd87f02-f7a5-4629-95ca-511ace651d20/datanode-1/data/containers/hdds of  storage type : DISK and capacity : 1482555576320
2019-10-02 05:59:02,213 [main] INFO  volume.VolumeSet (VolumeSet.java:initializeVolumeSet(170)) - Added Volume : /workdir/hadoop-ozone/integration-test/target/test-dir/MiniOzoneClusterImpl-9bd87f02-f7a5-4629-95ca-511ace651d20/datanode-1/data/containers/hdds to VolumeSet
2019-10-02 05:59:02,213 [main] INFO  volume.ThrottledAsyncChecker (ThrottledAsyncChecker.java:schedule(139)) - Scheduling a check for org.apache.hadoop.ozone.container.common.volume.HddsVolume@60990e5c
2019-10-02 05:59:02,213 [main] INFO  volume.HddsVolumeChecker (HddsVolumeChecker.java:checkAllVolumes(202)) - Scheduled health check for volume org.apache.hadoop.ozone.container.common.volume.HddsVolume@60990e5c
2019-10-02 05:59:02,226 [main] INFO  impl.RaftServerProxy (ConfUtils.java:logGet(43)) - raft.rpc.type = GRPC (default)
2019-10-02 05:59:02,226 [main] INFO  grpc.GrpcFactory (GrpcFactory.java:checkPooledByteBufAllocatorUseCacheForAllThreads(45)) - PERFORMANCE WARNING: useCacheForAllThreads is true that may cause Netty to create a lot garbage objects and, as a result, trigger GC.
	It is recommended to disable useCacheForAllThreads by setting -Dorg.apache.ratis.thirdparty.io.netty.allocator.useCacheForAllThreads=false in command line.
2019-10-02 05:59:02,226 [main] INFO  grpc.GrpcConfigKeys$Server (ConfUtils.java:logGet(43)) - raft.grpc.server.port = 0 (default)
2019-10-02 05:59:02,226 [main] INFO  server.GrpcService (ConfUtils.java:logGet(43)) - raft.grpc.message.size.max = 33570816 (custom)
2019-10-02 05:59:02,227 [main] INFO  server.RaftServerConfigKeys (ConfUtils.java:logGet(43)) - raft.server.log.appender.buffer.byte-limit = 33554432 (custom)
2019-10-02 05:59:02,227 [main] INFO  server.GrpcService (ConfUtils.java:logGet(43)) - raft.grpc.flow.control.window = 1MB (=1048576) (default)
2019-10-02 05:59:02,227 [main] INFO  server.RaftServerConfigKeys (ConfUtils.java:logGet(43)) - raft.server.rpc.request.timeout = 3000ms (default)
2019-10-02 05:59:02,228 [main] INFO  server.RaftServerConfigKeys (ConfUtils.java:logGet(43)) - raft.server.storage.dir = [/workdir/hadoop-ozone/integration-test/target/test-dir/MiniOzoneClusterImpl-9bd87f02-f7a5-4629-95ca-511ace651d20/datanode-1/data/ratis] (custom)
2019-10-02 05:59:02,229 [main] INFO  hdfs.DFSUtil (DFSUtil.java:httpServerTemplateForNNAndJN(1641)) - Starting Web-server for hddsDatanode at: http://0.0.0.0:0
2019-10-02 05:59:02,230 [main] INFO  server.AuthenticationFilter (AuthenticationFilter.java:constructSecretProvider(240)) - Unable to initialize FileSignerSecretProvider, falling back to use random secrets.
2019-10-02 05:59:02,231 [main] WARN  http.HttpRequestLog (HttpRequestLog.java:getRequestLog(97)) - Jetty request log can only be enabled using Log4j
2019-10-02 05:59:02,232 [main] INFO  http.HttpServer2 (HttpServer2.java:addGlobalFilter(975)) - Added global filter 'safety' (class=org.apache.hadoop.http.HttpServer2$QuotingInputFilter)
2019-10-02 05:59:02,233 [main] INFO  http.HttpServer2 (HttpServer2.java:addFilter(948)) - Added filter static_user_filter (class=org.apache.hadoop.http.lib.StaticUserWebFilter$StaticUserFilter) to context hddsDatanode
2019-10-02 05:59:02,233 [main] INFO  http.HttpServer2 (HttpServer2.java:addFilter(958)) - Added filter static_user_filter (class=org.apache.hadoop.http.lib.StaticUserWebFilter$StaticUserFilter) to context logs
2019-10-02 05:59:02,233 [main] INFO  http.HttpServer2 (HttpServer2.java:addFilter(958)) - Added filter static_user_filter (class=org.apache.hadoop.http.lib.StaticUserWebFilter$StaticUserFilter) to context static
2019-10-02 05:59:02,234 [main] INFO  http.HttpServer2 (HttpServer2.java:bindListener(1191)) - Jetty bound to port 39391
2019-10-02 05:59:02,234 [main] INFO  server.Server (Server.java:doStart(351)) - jetty-9.3.25.v20180904, build timestamp: 2018-09-04T21:11:46Z, git hash: 3ce520221d0240229c862b122d2b06c12a625732
2019-10-02 05:59:02,235 [main] INFO  handler.ContextHandler (ContextHandler.java:doStart(781)) - Started o.e.j.s.ServletContextHandler@315105f{/logs,file:///workdir/hadoop-ozone/integration-test/target/log,AVAILABLE}
2019-10-02 05:59:02,236 [main] INFO  handler.ContextHandler (ContextHandler.java:doStart(781)) - Started o.e.j.s.ServletContextHandler@40247d48{/static,jar:file:/home/user/.m2/repository/org/apache/hadoop/hadoop-hdds-container-service/0.5.0-SNAPSHOT/hadoop-hdds-container-service-0.5.0-SNAPSHOT.jar!/webapps/static,AVAILABLE}
2019-10-02 05:59:02,267 [main] INFO  handler.ContextHandler (ContextHandler.java:doStart(781)) - Started o.e.j.w.WebAppContext@6ff0b1cc{/,file:///tmp/jetty-0.0.0.0-39391-hddsDatanode-_-any-7004259089450823199.dir/webapp/,AVAILABLE}{/hddsDatanode}
2019-10-02 05:59:02,267 [main] INFO  server.AbstractConnector (AbstractConnector.java:doStart(278)) - Started ServerConnector@3b55dd15{HTTP/1.1,[http/1.1]}{0.0.0.0:39391}
2019-10-02 05:59:02,268 [main] INFO  server.Server (Server.java:doStart(419)) - Started @78132ms
2019-10-02 05:59:02,269 [main] WARN  impl.MetricsSystemImpl (MetricsSystemImpl.java:register(276)) - Sink prometheus already exists!
2019-10-02 05:59:02,269 [main] INFO  server.BaseHttpServer (BaseHttpServer.java:updateConnectorAddress(215)) - HTTP server of HDDSDATANODE is listening at http://0.0.0.0:39391
2019-10-02 05:59:02,270 [main] INFO  impl.MetricsSystemImpl (MetricsSystemImpl.java:init(158)) - HddsDatanode metrics system started (again)
2019-10-02 05:59:02,273 [main] INFO  ozone.HddsDatanodeService (HddsDatanodeService.java:start(184)) - HddsDatanodeService host:trunk-nightly-20191002-p7fms-2058464235 ip:192.168.164.241
2019-10-02 05:59:02,273 [org.apache.hadoop.util.JvmPauseMonitor$Monitor@4267cce8] INFO  util.JvmPauseMonitor (JvmPauseMonitor.java:run(188)) - Starting JVM pause monitor
2019-10-02 05:59:02,275 [Datanode State Machine Thread - 0] INFO  datanode.InitDatanodeState (InitDatanodeState.java:persistContainerDatanodeDetails(140)) - DatanodeDetails is persisted to /workdir/hadoop-ozone/integration-test/target/test-dir/MiniOzoneClusterImpl-9bd87f02-f7a5-4629-95ca-511ace651d20/datanode-1/meta/datanode.id
2019-10-02 05:59:02,277 [main] INFO  volume.HddsVolume (HddsVolume.java:<init>(176)) - Creating Volume: /workdir/hadoop-ozone/integration-test/target/test-dir/MiniOzoneClusterImpl-9bd87f02-f7a5-4629-95ca-511ace651d20/datanode-2/data/containers/hdds of  storage type : DISK and capacity : 1482555576320
2019-10-02 05:59:02,278 [main] INFO  volume.VolumeSet (VolumeSet.java:initializeVolumeSet(170)) - Added Volume : /workdir/hadoop-ozone/integration-test/target/test-dir/MiniOzoneClusterImpl-9bd87f02-f7a5-4629-95ca-511ace651d20/datanode-2/data/containers/hdds to VolumeSet
2019-10-02 05:59:02,278 [main] INFO  volume.ThrottledAsyncChecker (ThrottledAsyncChecker.java:schedule(139)) - Scheduling a check for org.apache.hadoop.ozone.container.common.volume.HddsVolume@5416f8db
2019-10-02 05:59:02,279 [main] INFO  volume.HddsVolumeChecker (HddsVolumeChecker.java:checkAllVolumes(202)) - Scheduled health check for volume org.apache.hadoop.ozone.container.common.volume.HddsVolume@5416f8db
2019-10-02 05:59:02,292 [main] INFO  impl.RaftServerProxy (ConfUtils.java:logGet(43)) - raft.rpc.type = GRPC (default)
2019-10-02 05:59:02,293 [main] INFO  grpc.GrpcFactory (GrpcFactory.java:checkPooledByteBufAllocatorUseCacheForAllThreads(45)) - PERFORMANCE WARNING: useCacheForAllThreads is true that may cause Netty to create a lot garbage objects and, as a result, trigger GC.
	It is recommended to disable useCacheForAllThreads by setting -Dorg.apache.ratis.thirdparty.io.netty.allocator.useCacheForAllThreads=false in command line.
2019-10-02 05:59:02,293 [main] INFO  grpc.GrpcConfigKeys$Server (ConfUtils.java:logGet(43)) - raft.grpc.server.port = 0 (default)
2019-10-02 05:59:02,293 [main] INFO  server.GrpcService (ConfUtils.java:logGet(43)) - raft.grpc.message.size.max = 33570816 (custom)
2019-10-02 05:59:02,293 [main] INFO  server.RaftServerConfigKeys (ConfUtils.java:logGet(43)) - raft.server.log.appender.buffer.byte-limit = 33554432 (custom)
2019-10-02 05:59:02,293 [main] INFO  server.GrpcService (ConfUtils.java:logGet(43)) - raft.grpc.flow.control.window = 1MB (=1048576) (default)
2019-10-02 05:59:02,294 [main] INFO  server.RaftServerConfigKeys (ConfUtils.java:logGet(43)) - raft.server.rpc.request.timeout = 3000ms (default)
2019-10-02 05:59:02,294 [main] INFO  server.RaftServerConfigKeys (ConfUtils.java:logGet(43)) - raft.server.storage.dir = [/workdir/hadoop-ozone/integration-test/target/test-dir/MiniOzoneClusterImpl-9bd87f02-f7a5-4629-95ca-511ace651d20/datanode-2/data/ratis] (custom)
2019-10-02 05:59:02,295 [main] INFO  hdfs.DFSUtil (DFSUtil.java:httpServerTemplateForNNAndJN(1641)) - Starting Web-server for hddsDatanode at: http://0.0.0.0:0
2019-10-02 05:59:02,296 [main] INFO  server.AuthenticationFilter (AuthenticationFilter.java:constructSecretProvider(240)) - Unable to initialize FileSignerSecretProvider, falling back to use random secrets.
2019-10-02 05:59:02,297 [main] WARN  http.HttpRequestLog (HttpRequestLog.java:getRequestLog(97)) - Jetty request log can only be enabled using Log4j
2019-10-02 05:59:02,298 [main] INFO  http.HttpServer2 (HttpServer2.java:addGlobalFilter(975)) - Added global filter 'safety' (class=org.apache.hadoop.http.HttpServer2$QuotingInputFilter)
2019-10-02 05:59:02,299 [main] INFO  http.HttpServer2 (HttpServer2.java:addFilter(948)) - Added filter static_user_filter (class=org.apache.hadoop.http.lib.StaticUserWebFilter$StaticUserFilter) to context hddsDatanode
2019-10-02 05:59:02,299 [main] INFO  http.HttpServer2 (HttpServer2.java:addFilter(958)) - Added filter static_user_filter (class=org.apache.hadoop.http.lib.StaticUserWebFilter$StaticUserFilter) to context static
2019-10-02 05:59:02,299 [main] INFO  http.HttpServer2 (HttpServer2.java:addFilter(958)) - Added filter static_user_filter (class=org.apache.hadoop.http.lib.StaticUserWebFilter$StaticUserFilter) to context logs
2019-10-02 05:59:02,300 [main] INFO  http.HttpServer2 (HttpServer2.java:bindListener(1191)) - Jetty bound to port 44979
2019-10-02 05:59:02,300 [main] INFO  server.Server (Server.java:doStart(351)) - jetty-9.3.25.v20180904, build timestamp: 2018-09-04T21:11:46Z, git hash: 3ce520221d0240229c862b122d2b06c12a625732
2019-10-02 05:59:02,302 [main] INFO  handler.ContextHandler (ContextHandler.java:doStart(781)) - Started o.e.j.s.ServletContextHandler@5568c66f{/logs,file:///workdir/hadoop-ozone/integration-test/target/log,AVAILABLE}
2019-10-02 05:59:02,303 [main] INFO  handler.ContextHandler (ContextHandler.java:doStart(781)) - Started o.e.j.s.ServletContextHandler@3f6bf8aa{/static,jar:file:/home/user/.m2/repository/org/apache/hadoop/hadoop-hdds-container-service/0.5.0-SNAPSHOT/hadoop-hdds-container-service-0.5.0-SNAPSHOT.jar!/webapps/static,AVAILABLE}
2019-10-02 05:59:02,330 [main] INFO  handler.ContextHandler (ContextHandler.java:doStart(781)) - Started o.e.j.w.WebAppContext@27a09971{/,file:///tmp/jetty-0.0.0.0-44979-hddsDatanode-_-any-6290890807655026171.dir/webapp/,AVAILABLE}{/hddsDatanode}
2019-10-02 05:59:02,331 [main] INFO  server.AbstractConnector (AbstractConnector.java:doStart(278)) - Started ServerConnector@6215366a{HTTP/1.1,[http/1.1]}{0.0.0.0:44979}
2019-10-02 05:59:02,332 [main] INFO  server.Server (Server.java:doStart(419)) - Started @78196ms
2019-10-02 05:59:02,332 [main] WARN  impl.MetricsSystemImpl (MetricsSystemImpl.java:register(276)) - Sink prometheus already exists!
2019-10-02 05:59:02,333 [main] INFO  server.BaseHttpServer (BaseHttpServer.java:updateConnectorAddress(215)) - HTTP server of HDDSDATANODE is listening at http://0.0.0.0:44979
2019-10-02 05:59:02,333 [main] INFO  impl.MetricsSystemImpl (MetricsSystemImpl.java:init(158)) - HddsDatanode metrics system started (again)
2019-10-02 05:59:02,336 [org.apache.hadoop.util.JvmPauseMonitor$Monitor@5df2fbf9] INFO  util.JvmPauseMonitor (JvmPauseMonitor.java:run(188)) - Starting JVM pause monitor
2019-10-02 05:59:02,337 [main] INFO  ozone.HddsDatanodeService (HddsDatanodeService.java:start(184)) - HddsDatanodeService host:trunk-nightly-20191002-p7fms-2058464235 ip:192.168.164.241
2019-10-02 05:59:02,339 [Datanode State Machine Thread - 0] INFO  datanode.InitDatanodeState (InitDatanodeState.java:persistContainerDatanodeDetails(140)) - DatanodeDetails is persisted to /workdir/hadoop-ozone/integration-test/target/test-dir/MiniOzoneClusterImpl-9bd87f02-f7a5-4629-95ca-511ace651d20/datanode-2/meta/datanode.id
2019-10-02 05:59:02,342 [main] INFO  volume.HddsVolume (HddsVolume.java:<init>(176)) - Creating Volume: /workdir/hadoop-ozone/integration-test/target/test-dir/MiniOzoneClusterImpl-9bd87f02-f7a5-4629-95ca-511ace651d20/datanode-3/data/containers/hdds of  storage type : DISK and capacity : 1482555576320
2019-10-02 05:59:02,343 [main] INFO  volume.VolumeSet (VolumeSet.java:initializeVolumeSet(170)) - Added Volume : /workdir/hadoop-ozone/integration-test/target/test-dir/MiniOzoneClusterImpl-9bd87f02-f7a5-4629-95ca-511ace651d20/datanode-3/data/containers/hdds to VolumeSet
2019-10-02 05:59:02,343 [main] INFO  volume.ThrottledAsyncChecker (ThrottledAsyncChecker.java:schedule(139)) - Scheduling a check for org.apache.hadoop.ozone.container.common.volume.HddsVolume@f9cab00
2019-10-02 05:59:02,344 [main] INFO  volume.HddsVolumeChecker (HddsVolumeChecker.java:checkAllVolumes(202)) - Scheduled health check for volume org.apache.hadoop.ozone.container.common.volume.HddsVolume@f9cab00
2019-10-02 05:59:02,356 [main] INFO  impl.RaftServerProxy (ConfUtils.java:logGet(43)) - raft.rpc.type = GRPC (default)
2019-10-02 05:59:02,357 [main] INFO  grpc.GrpcFactory (GrpcFactory.java:checkPooledByteBufAllocatorUseCacheForAllThreads(45)) - PERFORMANCE WARNING: useCacheForAllThreads is true that may cause Netty to create a lot garbage objects and, as a result, trigger GC.
	It is recommended to disable useCacheForAllThreads by setting -Dorg.apache.ratis.thirdparty.io.netty.allocator.useCacheForAllThreads=false in command line.
2019-10-02 05:59:02,357 [main] INFO  grpc.GrpcConfigKeys$Server (ConfUtils.java:logGet(43)) - raft.grpc.server.port = 0 (default)
2019-10-02 05:59:02,357 [main] INFO  server.GrpcService (ConfUtils.java:logGet(43)) - raft.grpc.message.size.max = 33570816 (custom)
2019-10-02 05:59:02,357 [main] INFO  server.RaftServerConfigKeys (ConfUtils.java:logGet(43)) - raft.server.log.appender.buffer.byte-limit = 33554432 (custom)
2019-10-02 05:59:02,358 [main] INFO  server.GrpcService (ConfUtils.java:logGet(43)) - raft.grpc.flow.control.window = 1MB (=1048576) (default)
2019-10-02 05:59:02,358 [main] INFO  server.RaftServerConfigKeys (ConfUtils.java:logGet(43)) - raft.server.rpc.request.timeout = 3000ms (default)
2019-10-02 05:59:02,358 [main] INFO  server.RaftServerConfigKeys (ConfUtils.java:logGet(43)) - raft.server.storage.dir = [/workdir/hadoop-ozone/integration-test/target/test-dir/MiniOzoneClusterImpl-9bd87f02-f7a5-4629-95ca-511ace651d20/datanode-3/data/ratis] (custom)
2019-10-02 05:59:02,360 [main] INFO  hdfs.DFSUtil (DFSUtil.java:httpServerTemplateForNNAndJN(1641)) - Starting Web-server for hddsDatanode at: http://0.0.0.0:0
2019-10-02 05:59:02,361 [main] INFO  server.AuthenticationFilter (AuthenticationFilter.java:constructSecretProvider(240)) - Unable to initialize FileSignerSecretProvider, falling back to use random secrets.
2019-10-02 05:59:02,361 [main] WARN  http.HttpRequestLog (HttpRequestLog.java:getRequestLog(97)) - Jetty request log can only be enabled using Log4j
2019-10-02 05:59:02,363 [main] INFO  http.HttpServer2 (HttpServer2.java:addGlobalFilter(975)) - Added global filter 'safety' (class=org.apache.hadoop.http.HttpServer2$QuotingInputFilter)
2019-10-02 05:59:02,363 [main] INFO  http.HttpServer2 (HttpServer2.java:addFilter(948)) - Added filter static_user_filter (class=org.apache.hadoop.http.lib.StaticUserWebFilter$StaticUserFilter) to context hddsDatanode
2019-10-02 05:59:02,363 [main] INFO  http.HttpServer2 (HttpServer2.java:addFilter(958)) - Added filter static_user_filter (class=org.apache.hadoop.http.lib.StaticUserWebFilter$StaticUserFilter) to context static
2019-10-02 05:59:02,363 [main] INFO  http.HttpServer2 (HttpServer2.java:addFilter(958)) - Added filter static_user_filter (class=org.apache.hadoop.http.lib.StaticUserWebFilter$StaticUserFilter) to context logs
2019-10-02 05:59:02,364 [main] INFO  http.HttpServer2 (HttpServer2.java:bindListener(1191)) - Jetty bound to port 45497
2019-10-02 05:59:02,364 [main] INFO  server.Server (Server.java:doStart(351)) - jetty-9.3.25.v20180904, build timestamp: 2018-09-04T21:11:46Z, git hash: 3ce520221d0240229c862b122d2b06c12a625732
2019-10-02 05:59:02,366 [main] INFO  handler.ContextHandler (ContextHandler.java:doStart(781)) - Started o.e.j.s.ServletContextHandler@60e06f7d{/logs,file:///workdir/hadoop-ozone/integration-test/target/log,AVAILABLE}
2019-10-02 05:59:02,366 [main] INFO  handler.ContextHandler (ContextHandler.java:doStart(781)) - Started o.e.j.s.ServletContextHandler@771a7d53{/static,jar:file:/home/user/.m2/repository/org/apache/hadoop/hadoop-hdds-container-service/0.5.0-SNAPSHOT/hadoop-hdds-container-service-0.5.0-SNAPSHOT.jar!/webapps/static,AVAILABLE}
2019-10-02 05:59:02,394 [main] INFO  handler.ContextHandler (ContextHandler.java:doStart(781)) - Started o.e.j.w.WebAppContext@2b6a0ea9{/,file:///tmp/jetty-0.0.0.0-45497-hddsDatanode-_-any-5119908650876834634.dir/webapp/,AVAILABLE}{/hddsDatanode}
2019-10-02 05:59:02,395 [main] INFO  server.AbstractConnector (AbstractConnector.java:doStart(278)) - Started ServerConnector@4dde8976{HTTP/1.1,[http/1.1]}{0.0.0.0:45497}
2019-10-02 05:59:02,396 [main] INFO  server.Server (Server.java:doStart(419)) - Started @78260ms
2019-10-02 05:59:02,396 [main] WARN  impl.MetricsSystemImpl (MetricsSystemImpl.java:register(276)) - Sink prometheus already exists!
2019-10-02 05:59:02,397 [main] INFO  server.BaseHttpServer (BaseHttpServer.java:updateConnectorAddress(215)) - HTTP server of HDDSDATANODE is listening at http://0.0.0.0:45497
2019-10-02 05:59:02,397 [main] INFO  impl.MetricsSystemImpl (MetricsSystemImpl.java:init(158)) - HddsDatanode metrics system started (again)
2019-10-02 05:59:02,401 [org.apache.hadoop.util.JvmPauseMonitor$Monitor@44e97f86] INFO  util.JvmPauseMonitor (JvmPauseMonitor.java:run(188)) - Starting JVM pause monitor
2019-10-02 05:59:02,402 [main] INFO  ozone.HddsDatanodeService (HddsDatanodeService.java:start(184)) - HddsDatanodeService host:trunk-nightly-20191002-p7fms-2058464235 ip:192.168.164.241
2019-10-02 05:59:02,403 [Datanode State Machine Thread - 0] INFO  datanode.InitDatanodeState (InitDatanodeState.java:persistContainerDatanodeDetails(140)) - DatanodeDetails is persisted to /workdir/hadoop-ozone/integration-test/target/test-dir/MiniOzoneClusterImpl-9bd87f02-f7a5-4629-95ca-511ace651d20/datanode-3/meta/datanode.id
2019-10-02 05:59:02,407 [main] INFO  volume.HddsVolume (HddsVolume.java:<init>(176)) - Creating Volume: /workdir/hadoop-ozone/integration-test/target/test-dir/MiniOzoneClusterImpl-9bd87f02-f7a5-4629-95ca-511ace651d20/datanode-4/data/containers/hdds of  storage type : DISK and capacity : 1482555576320
2019-10-02 05:59:02,408 [main] INFO  volume.VolumeSet (VolumeSet.java:initializeVolumeSet(170)) - Added Volume : /workdir/hadoop-ozone/integration-test/target/test-dir/MiniOzoneClusterImpl-9bd87f02-f7a5-4629-95ca-511ace651d20/datanode-4/data/containers/hdds to VolumeSet
2019-10-02 05:59:02,408 [main] INFO  volume.ThrottledAsyncChecker (ThrottledAsyncChecker.java:schedule(139)) - Scheduling a check for org.apache.hadoop.ozone.container.common.volume.HddsVolume@682abca7
2019-10-02 05:59:02,408 [main] INFO  volume.HddsVolumeChecker (HddsVolumeChecker.java:checkAllVolumes(202)) - Scheduled health check for volume org.apache.hadoop.ozone.container.common.volume.HddsVolume@682abca7
2019-10-02 05:59:02,425 [main] INFO  impl.RaftServerProxy (ConfUtils.java:logGet(43)) - raft.rpc.type = GRPC (default)
2019-10-02 05:59:02,425 [main] INFO  grpc.GrpcFactory (GrpcFactory.java:checkPooledByteBufAllocatorUseCacheForAllThreads(45)) - PERFORMANCE WARNING: useCacheForAllThreads is true that may cause Netty to create a lot garbage objects and, as a result, trigger GC.
	It is recommended to disable useCacheForAllThreads by setting -Dorg.apache.ratis.thirdparty.io.netty.allocator.useCacheForAllThreads=false in command line.
2019-10-02 05:59:02,426 [main] INFO  grpc.GrpcConfigKeys$Server (ConfUtils.java:logGet(43)) - raft.grpc.server.port = 0 (default)
2019-10-02 05:59:02,426 [main] INFO  server.GrpcService (ConfUtils.java:logGet(43)) - raft.grpc.message.size.max = 33570816 (custom)
2019-10-02 05:59:02,426 [main] INFO  server.RaftServerConfigKeys (ConfUtils.java:logGet(43)) - raft.server.log.appender.buffer.byte-limit = 33554432 (custom)
2019-10-02 05:59:02,426 [main] INFO  server.GrpcService (ConfUtils.java:logGet(43)) - raft.grpc.flow.control.window = 1MB (=1048576) (default)
2019-10-02 05:59:02,426 [main] INFO  server.RaftServerConfigKeys (ConfUtils.java:logGet(43)) - raft.server.rpc.request.timeout = 3000ms (default)
2019-10-02 05:59:02,427 [main] INFO  server.RaftServerConfigKeys (ConfUtils.java:logGet(43)) - raft.server.storage.dir = [/workdir/hadoop-ozone/integration-test/target/test-dir/MiniOzoneClusterImpl-9bd87f02-f7a5-4629-95ca-511ace651d20/datanode-4/data/ratis] (custom)
2019-10-02 05:59:02,428 [main] INFO  hdfs.DFSUtil (DFSUtil.java:httpServerTemplateForNNAndJN(1641)) - Starting Web-server for hddsDatanode at: http://0.0.0.0:0
2019-10-02 05:59:02,429 [main] INFO  server.AuthenticationFilter (AuthenticationFilter.java:constructSecretProvider(240)) - Unable to initialize FileSignerSecretProvider, falling back to use random secrets.
2019-10-02 05:59:02,430 [main] WARN  http.HttpRequestLog (HttpRequestLog.java:getRequestLog(97)) - Jetty request log can only be enabled using Log4j
2019-10-02 05:59:02,431 [main] INFO  http.HttpServer2 (HttpServer2.java:addGlobalFilter(975)) - Added global filter 'safety' (class=org.apache.hadoop.http.HttpServer2$QuotingInputFilter)
2019-10-02 05:59:02,432 [main] INFO  http.HttpServer2 (HttpServer2.java:addFilter(948)) - Added filter static_user_filter (class=org.apache.hadoop.http.lib.StaticUserWebFilter$StaticUserFilter) to context hddsDatanode
2019-10-02 05:59:02,432 [main] INFO  http.HttpServer2 (HttpServer2.java:addFilter(958)) - Added filter static_user_filter (class=org.apache.hadoop.http.lib.StaticUserWebFilter$StaticUserFilter) to context logs
2019-10-02 05:59:02,432 [main] INFO  http.HttpServer2 (HttpServer2.java:addFilter(958)) - Added filter static_user_filter (class=org.apache.hadoop.http.lib.StaticUserWebFilter$StaticUserFilter) to context static
2019-10-02 05:59:02,433 [main] INFO  http.HttpServer2 (HttpServer2.java:bindListener(1191)) - Jetty bound to port 32859
2019-10-02 05:59:02,433 [main] INFO  server.Server (Server.java:doStart(351)) - jetty-9.3.25.v20180904, build timestamp: 2018-09-04T21:11:46Z, git hash: 3ce520221d0240229c862b122d2b06c12a625732
2019-10-02 05:59:02,435 [main] INFO  handler.ContextHandler (ContextHandler.java:doStart(781)) - Started o.e.j.s.ServletContextHandler@77c1e611{/logs,file:///workdir/hadoop-ozone/integration-test/target/log,AVAILABLE}
2019-10-02 05:59:02,435 [main] INFO  handler.ContextHandler (ContextHandler.java:doStart(781)) - Started o.e.j.s.ServletContextHandler@5a97b17c{/static,jar:file:/home/user/.m2/repository/org/apache/hadoop/hadoop-hdds-container-service/0.5.0-SNAPSHOT/hadoop-hdds-container-service-0.5.0-SNAPSHOT.jar!/webapps/static,AVAILABLE}
2019-10-02 05:59:02,464 [main] INFO  handler.ContextHandler (ContextHandler.java:doStart(781)) - Started o.e.j.w.WebAppContext@65f40689{/,file:///tmp/jetty-0.0.0.0-32859-hddsDatanode-_-any-8210595096370988724.dir/webapp/,AVAILABLE}{/hddsDatanode}
2019-10-02 05:59:02,464 [main] INFO  server.AbstractConnector (AbstractConnector.java:doStart(278)) - Started ServerConnector@29be997f{HTTP/1.1,[http/1.1]}{0.0.0.0:32859}
2019-10-02 05:59:02,466 [main] INFO  server.Server (Server.java:doStart(419)) - Started @78329ms
2019-10-02 05:59:02,466 [main] WARN  impl.MetricsSystemImpl (MetricsSystemImpl.java:register(276)) - Sink prometheus already exists!
2019-10-02 05:59:02,466 [main] INFO  server.BaseHttpServer (BaseHttpServer.java:updateConnectorAddress(215)) - HTTP server of HDDSDATANODE is listening at http://0.0.0.0:32859
2019-10-02 05:59:02,467 [main] INFO  impl.MetricsSystemImpl (MetricsSystemImpl.java:init(158)) - HddsDatanode metrics system started (again)
2019-10-02 05:59:02,471 [org.apache.hadoop.util.JvmPauseMonitor$Monitor@549e2cab] INFO  util.JvmPauseMonitor (JvmPauseMonitor.java:run(188)) - Starting JVM pause monitor
2019-10-02 05:59:02,471 [main] INFO  ozone.HddsDatanodeService (HddsDatanodeService.java:start(184)) - HddsDatanodeService host:trunk-nightly-20191002-p7fms-2058464235 ip:192.168.164.241
2019-10-02 05:59:02,473 [Datanode State Machine Thread - 0] INFO  datanode.InitDatanodeState (InitDatanodeState.java:persistContainerDatanodeDetails(140)) - DatanodeDetails is persisted to /workdir/hadoop-ozone/integration-test/target/test-dir/MiniOzoneClusterImpl-9bd87f02-f7a5-4629-95ca-511ace651d20/datanode-4/meta/datanode.id
2019-10-02 05:59:02,477 [main] INFO  volume.HddsVolume (HddsVolume.java:<init>(176)) - Creating Volume: /workdir/hadoop-ozone/integration-test/target/test-dir/MiniOzoneClusterImpl-9bd87f02-f7a5-4629-95ca-511ace651d20/datanode-5/data/containers/hdds of  storage type : DISK and capacity : 1482555576320
2019-10-02 05:59:02,477 [main] INFO  volume.VolumeSet (VolumeSet.java:initializeVolumeSet(170)) - Added Volume : /workdir/hadoop-ozone/integration-test/target/test-dir/MiniOzoneClusterImpl-9bd87f02-f7a5-4629-95ca-511ace651d20/datanode-5/data/containers/hdds to VolumeSet
2019-10-02 05:59:02,478 [main] INFO  volume.ThrottledAsyncChecker (ThrottledAsyncChecker.java:schedule(139)) - Scheduling a check for org.apache.hadoop.ozone.container.common.volume.HddsVolume@46e190ed
2019-10-02 05:59:02,478 [main] INFO  volume.HddsVolumeChecker (HddsVolumeChecker.java:checkAllVolumes(202)) - Scheduled health check for volume org.apache.hadoop.ozone.container.common.volume.HddsVolume@46e190ed
2019-10-02 05:59:02,491 [main] INFO  impl.RaftServerProxy (ConfUtils.java:logGet(43)) - raft.rpc.type = GRPC (default)
2019-10-02 05:59:02,491 [main] INFO  grpc.GrpcFactory (GrpcFactory.java:checkPooledByteBufAllocatorUseCacheForAllThreads(45)) - PERFORMANCE WARNING: useCacheForAllThreads is true that may cause Netty to create a lot garbage objects and, as a result, trigger GC.
	It is recommended to disable useCacheForAllThreads by setting -Dorg.apache.ratis.thirdparty.io.netty.allocator.useCacheForAllThreads=false in command line.
2019-10-02 05:59:02,491 [main] INFO  grpc.GrpcConfigKeys$Server (ConfUtils.java:logGet(43)) - raft.grpc.server.port = 0 (default)
2019-10-02 05:59:02,491 [main] INFO  server.GrpcService (ConfUtils.java:logGet(43)) - raft.grpc.message.size.max = 33570816 (custom)
2019-10-02 05:59:02,491 [main] INFO  server.RaftServerConfigKeys (ConfUtils.java:logGet(43)) - raft.server.log.appender.buffer.byte-limit = 33554432 (custom)
2019-10-02 05:59:02,492 [main] INFO  server.GrpcService (ConfUtils.java:logGet(43)) - raft.grpc.flow.control.window = 1MB (=1048576) (default)
2019-10-02 05:59:02,492 [main] INFO  server.RaftServerConfigKeys (ConfUtils.java:logGet(43)) - raft.server.rpc.request.timeout = 3000ms (default)
2019-10-02 05:59:02,492 [main] INFO  server.RaftServerConfigKeys (ConfUtils.java:logGet(43)) - raft.server.storage.dir = [/workdir/hadoop-ozone/integration-test/target/test-dir/MiniOzoneClusterImpl-9bd87f02-f7a5-4629-95ca-511ace651d20/datanode-5/data/ratis] (custom)
2019-10-02 05:59:02,493 [main] INFO  hdfs.DFSUtil (DFSUtil.java:httpServerTemplateForNNAndJN(1641)) - Starting Web-server for hddsDatanode at: http://0.0.0.0:0
2019-10-02 05:59:02,495 [main] INFO  server.AuthenticationFilter (AuthenticationFilter.java:constructSecretProvider(240)) - Unable to initialize FileSignerSecretProvider, falling back to use random secrets.
2019-10-02 05:59:02,495 [main] WARN  http.HttpRequestLog (HttpRequestLog.java:getRequestLog(97)) - Jetty request log can only be enabled using Log4j
2019-10-02 05:59:02,496 [main] INFO  http.HttpServer2 (HttpServer2.java:addGlobalFilter(975)) - Added global filter 'safety' (class=org.apache.hadoop.http.HttpServer2$QuotingInputFilter)
2019-10-02 05:59:02,497 [main] INFO  http.HttpServer2 (HttpServer2.java:addFilter(948)) - Added filter static_user_filter (class=org.apache.hadoop.http.lib.StaticUserWebFilter$StaticUserFilter) to context hddsDatanode
2019-10-02 05:59:02,497 [main] INFO  http.HttpServer2 (HttpServer2.java:addFilter(958)) - Added filter static_user_filter (class=org.apache.hadoop.http.lib.StaticUserWebFilter$StaticUserFilter) to context static
2019-10-02 05:59:02,497 [main] INFO  http.HttpServer2 (HttpServer2.java:addFilter(958)) - Added filter static_user_filter (class=org.apache.hadoop.http.lib.StaticUserWebFilter$StaticUserFilter) to context logs
2019-10-02 05:59:02,498 [main] INFO  http.HttpServer2 (HttpServer2.java:bindListener(1191)) - Jetty bound to port 40282
2019-10-02 05:59:02,498 [main] INFO  server.Server (Server.java:doStart(351)) - jetty-9.3.25.v20180904, build timestamp: 2018-09-04T21:11:46Z, git hash: 3ce520221d0240229c862b122d2b06c12a625732
2019-10-02 05:59:02,499 [main] INFO  handler.ContextHandler (ContextHandler.java:doStart(781)) - Started o.e.j.s.ServletContextHandler@310ed6b4{/logs,file:///workdir/hadoop-ozone/integration-test/target/log,AVAILABLE}
2019-10-02 05:59:02,500 [main] INFO  handler.ContextHandler (ContextHandler.java:doStart(781)) - Started o.e.j.s.ServletContextHandler@630bf683{/static,jar:file:/home/user/.m2/repository/org/apache/hadoop/hadoop-hdds-container-service/0.5.0-SNAPSHOT/hadoop-hdds-container-service-0.5.0-SNAPSHOT.jar!/webapps/static,AVAILABLE}
2019-10-02 05:59:02,528 [main] INFO  handler.ContextHandler (ContextHandler.java:doStart(781)) - Started o.e.j.w.WebAppContext@57ddd45b{/,file:///tmp/jetty-0.0.0.0-40282-hddsDatanode-_-any-1551795747682290186.dir/webapp/,AVAILABLE}{/hddsDatanode}
2019-10-02 05:59:02,528 [main] INFO  server.AbstractConnector (AbstractConnector.java:doStart(278)) - Started ServerConnector@2e7bf7b7{HTTP/1.1,[http/1.1]}{0.0.0.0:40282}
2019-10-02 05:59:02,529 [main] INFO  server.Server (Server.java:doStart(419)) - Started @78393ms
2019-10-02 05:59:02,529 [main] WARN  impl.MetricsSystemImpl (MetricsSystemImpl.java:register(276)) - Sink prometheus already exists!
2019-10-02 05:59:02,530 [main] INFO  server.BaseHttpServer (BaseHttpServer.java:updateConnectorAddress(215)) - HTTP server of HDDSDATANODE is listening at http://0.0.0.0:40282
2019-10-02 05:59:02,530 [main] INFO  impl.MetricsSystemImpl (MetricsSystemImpl.java:init(158)) - HddsDatanode metrics system started (again)
2019-10-02 05:59:02,534 [org.apache.hadoop.util.JvmPauseMonitor$Monitor@e1f8bdf] INFO  util.JvmPauseMonitor (JvmPauseMonitor.java:run(188)) - Starting JVM pause monitor
2019-10-02 05:59:02,535 [main] INFO  ozone.HddsDatanodeService (HddsDatanodeService.java:start(184)) - HddsDatanodeService host:trunk-nightly-20191002-p7fms-2058464235 ip:192.168.164.241
2019-10-02 05:59:02,536 [Datanode State Machine Thread - 0] INFO  datanode.InitDatanodeState (InitDatanodeState.java:persistContainerDatanodeDetails(140)) - DatanodeDetails is persisted to /workdir/hadoop-ozone/integration-test/target/test-dir/MiniOzoneClusterImpl-9bd87f02-f7a5-4629-95ca-511ace651d20/datanode-5/meta/datanode.id
2019-10-02 05:59:02,540 [main] INFO  volume.HddsVolume (HddsVolume.java:<init>(176)) - Creating Volume: /workdir/hadoop-ozone/integration-test/target/test-dir/MiniOzoneClusterImpl-9bd87f02-f7a5-4629-95ca-511ace651d20/datanode-6/data/containers/hdds of  storage type : DISK and capacity : 1482555576320
2019-10-02 05:59:02,540 [main] INFO  volume.VolumeSet (VolumeSet.java:initializeVolumeSet(170)) - Added Volume : /workdir/hadoop-ozone/integration-test/target/test-dir/MiniOzoneClusterImpl-9bd87f02-f7a5-4629-95ca-511ace651d20/datanode-6/data/containers/hdds to VolumeSet
2019-10-02 05:59:02,540 [main] INFO  volume.ThrottledAsyncChecker (ThrottledAsyncChecker.java:schedule(139)) - Scheduling a check for org.apache.hadoop.ozone.container.common.volume.HddsVolume@5f5827d0
2019-10-02 05:59:02,541 [main] INFO  volume.HddsVolumeChecker (HddsVolumeChecker.java:checkAllVolumes(202)) - Scheduled health check for volume org.apache.hadoop.ozone.container.common.volume.HddsVolume@5f5827d0
2019-10-02 05:59:02,554 [main] INFO  impl.RaftServerProxy (ConfUtils.java:logGet(43)) - raft.rpc.type = GRPC (default)
2019-10-02 05:59:02,554 [main] INFO  grpc.GrpcFactory (GrpcFactory.java:checkPooledByteBufAllocatorUseCacheForAllThreads(45)) - PERFORMANCE WARNING: useCacheForAllThreads is true that may cause Netty to create a lot garbage objects and, as a result, trigger GC.
	It is recommended to disable useCacheForAllThreads by setting -Dorg.apache.ratis.thirdparty.io.netty.allocator.useCacheForAllThreads=false in command line.
2019-10-02 05:59:02,554 [main] INFO  grpc.GrpcConfigKeys$Server (ConfUtils.java:logGet(43)) - raft.grpc.server.port = 0 (default)
2019-10-02 05:59:02,554 [main] INFO  server.GrpcService (ConfUtils.java:logGet(43)) - raft.grpc.message.size.max = 33570816 (custom)
2019-10-02 05:59:02,554 [main] INFO  server.RaftServerConfigKeys (ConfUtils.java:logGet(43)) - raft.server.log.appender.buffer.byte-limit = 33554432 (custom)
2019-10-02 05:59:02,555 [main] INFO  server.GrpcService (ConfUtils.java:logGet(43)) - raft.grpc.flow.control.window = 1MB (=1048576) (default)
2019-10-02 05:59:02,555 [main] INFO  server.RaftServerConfigKeys (ConfUtils.java:logGet(43)) - raft.server.rpc.request.timeout = 3000ms (default)
2019-10-02 05:59:02,555 [main] INFO  server.RaftServerConfigKeys (ConfUtils.java:logGet(43)) - raft.server.storage.dir = [/workdir/hadoop-ozone/integration-test/target/test-dir/MiniOzoneClusterImpl-9bd87f02-f7a5-4629-95ca-511ace651d20/datanode-6/data/ratis] (custom)
2019-10-02 05:59:02,556 [main] INFO  hdfs.DFSUtil (DFSUtil.java:httpServerTemplateForNNAndJN(1641)) - Starting Web-server for hddsDatanode at: http://0.0.0.0:0
2019-10-02 05:59:02,557 [main] INFO  server.AuthenticationFilter (AuthenticationFilter.java:constructSecretProvider(240)) - Unable to initialize FileSignerSecretProvider, falling back to use random secrets.
2019-10-02 05:59:02,558 [main] WARN  http.HttpRequestLog (HttpRequestLog.java:getRequestLog(97)) - Jetty request log can only be enabled using Log4j
2019-10-02 05:59:02,559 [main] INFO  http.HttpServer2 (HttpServer2.java:addGlobalFilter(975)) - Added global filter 'safety' (class=org.apache.hadoop.http.HttpServer2$QuotingInputFilter)
2019-10-02 05:59:02,559 [main] INFO  http.HttpServer2 (HttpServer2.java:addFilter(948)) - Added filter static_user_filter (class=org.apache.hadoop.http.lib.StaticUserWebFilter$StaticUserFilter) to context hddsDatanode
2019-10-02 05:59:02,559 [main] INFO  http.HttpServer2 (HttpServer2.java:addFilter(958)) - Added filter static_user_filter (class=org.apache.hadoop.http.lib.StaticUserWebFilter$StaticUserFilter) to context static
2019-10-02 05:59:02,560 [main] INFO  http.HttpServer2 (HttpServer2.java:addFilter(958)) - Added filter static_user_filter (class=org.apache.hadoop.http.lib.StaticUserWebFilter$StaticUserFilter) to context logs
2019-10-02 05:59:02,560 [main] INFO  http.HttpServer2 (HttpServer2.java:bindListener(1191)) - Jetty bound to port 43095
2019-10-02 05:59:02,560 [main] INFO  server.Server (Server.java:doStart(351)) - jetty-9.3.25.v20180904, build timestamp: 2018-09-04T21:11:46Z, git hash: 3ce520221d0240229c862b122d2b06c12a625732
2019-10-02 05:59:02,562 [main] INFO  handler.ContextHandler (ContextHandler.java:doStart(781)) - Started o.e.j.s.ServletContextHandler@67b355c8{/logs,file:///workdir/hadoop-ozone/integration-test/target/log,AVAILABLE}
2019-10-02 05:59:02,562 [main] INFO  handler.ContextHandler (ContextHandler.java:doStart(781)) - Started o.e.j.s.ServletContextHandler@91f565d{/static,jar:file:/home/user/.m2/repository/org/apache/hadoop/hadoop-hdds-container-service/0.5.0-SNAPSHOT/hadoop-hdds-container-service-0.5.0-SNAPSHOT.jar!/webapps/static,AVAILABLE}
2019-10-02 05:59:02,589 [main] INFO  handler.ContextHandler (ContextHandler.java:doStart(781)) - Started o.e.j.w.WebAppContext@78fe204a{/,file:///tmp/jetty-0.0.0.0-43095-hddsDatanode-_-any-419262728123017696.dir/webapp/,AVAILABLE}{/hddsDatanode}
2019-10-02 05:59:02,590 [main] INFO  server.AbstractConnector (AbstractConnector.java:doStart(278)) - Started ServerConnector@1290ed28{HTTP/1.1,[http/1.1]}{0.0.0.0:43095}
2019-10-02 05:59:02,591 [main] INFO  server.Server (Server.java:doStart(419)) - Started @78455ms
2019-10-02 05:59:02,591 [main] WARN  impl.MetricsSystemImpl (MetricsSystemImpl.java:register(276)) - Sink prometheus already exists!
2019-10-02 05:59:02,592 [main] INFO  server.BaseHttpServer (BaseHttpServer.java:updateConnectorAddress(215)) - HTTP server of HDDSDATANODE is listening at http://0.0.0.0:43095
2019-10-02 05:59:02,592 [main] INFO  ozone.MiniOzoneClusterImpl (MiniOzoneClusterImpl.java:lambda$waitForClusterToBeReady$0(147)) - Waiting for cluster to be ready. Got 0 of 7 DN Heartbeats.
2019-10-02 05:59:02,595 [org.apache.hadoop.util.JvmPauseMonitor$Monitor@605ab61b] INFO  util.JvmPauseMonitor (JvmPauseMonitor.java:run(188)) - Starting JVM pause monitor
2019-10-02 05:59:02,596 [Datanode State Machine Thread - 0] INFO  datanode.InitDatanodeState (InitDatanodeState.java:persistContainerDatanodeDetails(140)) - DatanodeDetails is persisted to /workdir/hadoop-ozone/integration-test/target/test-dir/MiniOzoneClusterImpl-9bd87f02-f7a5-4629-95ca-511ace651d20/datanode-6/meta/datanode.id
2019-10-02 05:59:03,595 [main] INFO  ozone.MiniOzoneClusterImpl (MiniOzoneClusterImpl.java:lambda$waitForClusterToBeReady$0(147)) - Waiting for cluster to be ready. Got 0 of 7 DN Heartbeats.
2019-10-02 05:59:04,263 [Datanode State Machine Thread - 0] INFO  ozoneimpl.OzoneContainer (OzoneContainer.java:start(217)) - Attempting to start container services.
2019-10-02 05:59:04,265 [Datanode State Machine Thread - 0] INFO  ozoneimpl.OzoneContainer (OzoneContainer.java:startContainerScrub(179)) - Background container scanner has been disabled.
2019-10-02 05:59:04,266 [Datanode State Machine Thread - 0] INFO  ratis.XceiverServerRatis (XceiverServerRatis.java:start(417)) - Starting XceiverServerRatis 4dc07db9-938b-48ea-815e-ae23a535f1bb at port 0
2019-10-02 05:59:04,271 [Datanode State Machine Thread - 0] INFO  impl.RaftServerProxy (RaftServerProxy.java:lambda$start$3(299)) - 4dc07db9-938b-48ea-815e-ae23a535f1bb: start RPC server
2019-10-02 05:59:04,274 [Datanode State Machine Thread - 0] INFO  server.GrpcService (GrpcService.java:startImpl(158)) - 4dc07db9-938b-48ea-815e-ae23a535f1bb: GrpcService started, listening on 0.0.0.0/0.0.0.0:44125
2019-10-02 05:59:04,274 [Datanode State Machine Thread - 0] INFO  ratis.XceiverServerRatis (XceiverServerRatis.java:start(427)) - XceiverServerRatis 4dc07db9-938b-48ea-815e-ae23a535f1bb is started using port 44125
2019-10-02 05:59:04,276 [Datanode State Machine Thread - 0] INFO  server.XceiverServerGrpc (XceiverServerGrpc.java:start(149)) - XceiverServerGrpc 4dc07db9-938b-48ea-815e-ae23a535f1bb is started using port 41997
2019-10-02 05:59:04,289 [Datanode State Machine Thread - 0] INFO  ozoneimpl.OzoneContainer (OzoneContainer.java:start(217)) - Attempting to start container services.
2019-10-02 05:59:04,291 [Datanode State Machine Thread - 0] INFO  ozoneimpl.OzoneContainer (OzoneContainer.java:startContainerScrub(179)) - Background container scanner has been disabled.
2019-10-02 05:59:04,291 [Datanode State Machine Thread - 0] INFO  ratis.XceiverServerRatis (XceiverServerRatis.java:start(417)) - Starting XceiverServerRatis 665fa38a-9537-47ed-bb4f-28280fb495a6 at port 0
2019-10-02 05:59:04,296 [Datanode State Machine Thread - 0] INFO  impl.RaftServerProxy (RaftServerProxy.java:lambda$start$3(299)) - 665fa38a-9537-47ed-bb4f-28280fb495a6: start RPC server
2019-10-02 05:59:04,297 [Datanode State Machine Thread - 0] INFO  server.GrpcService (GrpcService.java:startImpl(158)) - 665fa38a-9537-47ed-bb4f-28280fb495a6: GrpcService started, listening on 0.0.0.0/0.0.0.0:42397
2019-10-02 05:59:04,297 [Datanode State Machine Thread - 0] INFO  ratis.XceiverServerRatis (XceiverServerRatis.java:start(427)) - XceiverServerRatis 665fa38a-9537-47ed-bb4f-28280fb495a6 is started using port 42397
2019-10-02 05:59:04,302 [Datanode State Machine Thread - 0] INFO  server.XceiverServerGrpc (XceiverServerGrpc.java:start(149)) - XceiverServerGrpc 665fa38a-9537-47ed-bb4f-28280fb495a6 is started using port 43977
2019-10-02 05:59:04,351 [Datanode State Machine Thread - 0] INFO  ozoneimpl.OzoneContainer (OzoneContainer.java:start(217)) - Attempting to start container services.
2019-10-02 05:59:04,355 [Datanode State Machine Thread - 0] INFO  ozoneimpl.OzoneContainer (OzoneContainer.java:startContainerScrub(179)) - Background container scanner has been disabled.
2019-10-02 05:59:04,355 [Datanode State Machine Thread - 0] INFO  ratis.XceiverServerRatis (XceiverServerRatis.java:start(417)) - Starting XceiverServerRatis 17973fa0-ca4b-4c8f-aca3-d8dca3028241 at port 0
2019-10-02 05:59:04,358 [Datanode State Machine Thread - 0] INFO  impl.RaftServerProxy (RaftServerProxy.java:lambda$start$3(299)) - 17973fa0-ca4b-4c8f-aca3-d8dca3028241: start RPC server
2019-10-02 05:59:04,359 [Datanode State Machine Thread - 0] INFO  server.GrpcService (GrpcService.java:startImpl(158)) - 17973fa0-ca4b-4c8f-aca3-d8dca3028241: GrpcService started, listening on 0.0.0.0/0.0.0.0:33566
2019-10-02 05:59:04,359 [Datanode State Machine Thread - 0] INFO  ratis.XceiverServerRatis (XceiverServerRatis.java:start(427)) - XceiverServerRatis 17973fa0-ca4b-4c8f-aca3-d8dca3028241 is started using port 33566
2019-10-02 05:59:04,364 [Datanode State Machine Thread - 0] INFO  server.XceiverServerGrpc (XceiverServerGrpc.java:start(149)) - XceiverServerGrpc 17973fa0-ca4b-4c8f-aca3-d8dca3028241 is started using port 43627
2019-10-02 05:59:04,416 [Datanode State Machine Thread - 0] INFO  ozoneimpl.OzoneContainer (OzoneContainer.java:start(217)) - Attempting to start container services.
2019-10-02 05:59:04,416 [Datanode State Machine Thread - 0] INFO  ozoneimpl.OzoneContainer (OzoneContainer.java:startContainerScrub(179)) - Background container scanner has been disabled.
2019-10-02 05:59:04,417 [Datanode State Machine Thread - 0] INFO  ratis.XceiverServerRatis (XceiverServerRatis.java:start(417)) - Starting XceiverServerRatis 98deb3f5-0e5e-4c88-9e80-87735dc2d52d at port 0
2019-10-02 05:59:04,421 [Datanode State Machine Thread - 0] INFO  impl.RaftServerProxy (RaftServerProxy.java:lambda$start$3(299)) - 98deb3f5-0e5e-4c88-9e80-87735dc2d52d: start RPC server
2019-10-02 05:59:04,422 [Datanode State Machine Thread - 0] INFO  server.GrpcService (GrpcService.java:startImpl(158)) - 98deb3f5-0e5e-4c88-9e80-87735dc2d52d: GrpcService started, listening on 0.0.0.0/0.0.0.0:36654
2019-10-02 05:59:04,423 [Datanode State Machine Thread - 0] INFO  ratis.XceiverServerRatis (XceiverServerRatis.java:start(427)) - XceiverServerRatis 98deb3f5-0e5e-4c88-9e80-87735dc2d52d is started using port 36654
2019-10-02 05:59:04,425 [Datanode State Machine Thread - 0] INFO  server.XceiverServerGrpc (XceiverServerGrpc.java:start(149)) - XceiverServerGrpc 98deb3f5-0e5e-4c88-9e80-87735dc2d52d is started using port 36067
2019-10-02 05:59:04,486 [Datanode State Machine Thread - 0] INFO  ozoneimpl.OzoneContainer (OzoneContainer.java:start(217)) - Attempting to start container services.
2019-10-02 05:59:04,487 [Datanode State Machine Thread - 0] INFO  ozoneimpl.OzoneContainer (OzoneContainer.java:startContainerScrub(179)) - Background container scanner has been disabled.
2019-10-02 05:59:04,487 [Datanode State Machine Thread - 0] INFO  ratis.XceiverServerRatis (XceiverServerRatis.java:start(417)) - Starting XceiverServerRatis 1a104173-8766-4821-8d3b-b5b33cc05046 at port 0
2019-10-02 05:59:04,492 [Datanode State Machine Thread - 0] INFO  impl.RaftServerProxy (RaftServerProxy.java:lambda$start$3(299)) - 1a104173-8766-4821-8d3b-b5b33cc05046: start RPC server
2019-10-02 05:59:04,494 [Datanode State Machine Thread - 0] INFO  server.GrpcService (GrpcService.java:startImpl(158)) - 1a104173-8766-4821-8d3b-b5b33cc05046: GrpcService started, listening on 0.0.0.0/0.0.0.0:42807
2019-10-02 05:59:04,494 [Datanode State Machine Thread - 0] INFO  ratis.XceiverServerRatis (XceiverServerRatis.java:start(427)) - XceiverServerRatis 1a104173-8766-4821-8d3b-b5b33cc05046 is started using port 42807
2019-10-02 05:59:04,496 [Datanode State Machine Thread - 0] INFO  server.XceiverServerGrpc (XceiverServerGrpc.java:start(149)) - XceiverServerGrpc 1a104173-8766-4821-8d3b-b5b33cc05046 is started using port 42728
2019-10-02 05:59:04,548 [Datanode State Machine Thread - 0] INFO  ozoneimpl.OzoneContainer (OzoneContainer.java:start(217)) - Attempting to start container services.
2019-10-02 05:59:04,549 [Datanode State Machine Thread - 0] INFO  ozoneimpl.OzoneContainer (OzoneContainer.java:startContainerScrub(179)) - Background container scanner has been disabled.
2019-10-02 05:59:04,549 [Datanode State Machine Thread - 0] INFO  ratis.XceiverServerRatis (XceiverServerRatis.java:start(417)) - Starting XceiverServerRatis 222008bf-c101-4150-9611-50929e98545a at port 0
2019-10-02 05:59:04,554 [Datanode State Machine Thread - 0] INFO  impl.RaftServerProxy (RaftServerProxy.java:lambda$start$3(299)) - 222008bf-c101-4150-9611-50929e98545a: start RPC server
2019-10-02 05:59:04,555 [Datanode State Machine Thread - 0] INFO  server.GrpcService (GrpcService.java:startImpl(158)) - 222008bf-c101-4150-9611-50929e98545a: GrpcService started, listening on 0.0.0.0/0.0.0.0:43880
2019-10-02 05:59:04,555 [Datanode State Machine Thread - 0] INFO  ratis.XceiverServerRatis (XceiverServerRatis.java:start(427)) - XceiverServerRatis 222008bf-c101-4150-9611-50929e98545a is started using port 43880
2019-10-02 05:59:04,555 [Datanode State Machine Thread - 0] INFO  server.XceiverServerGrpc (XceiverServerGrpc.java:start(149)) - XceiverServerGrpc 222008bf-c101-4150-9611-50929e98545a is started using port 33003
2019-10-02 05:59:04,596 [main] INFO  ozone.MiniOzoneClusterImpl (MiniOzoneClusterImpl.java:lambda$waitForClusterToBeReady$0(147)) - Waiting for cluster to be ready. Got 0 of 7 DN Heartbeats.
2019-10-02 05:59:04,608 [Datanode State Machine Thread - 0] INFO  ozoneimpl.OzoneContainer (OzoneContainer.java:start(217)) - Attempting to start container services.
2019-10-02 05:59:04,609 [Datanode State Machine Thread - 0] INFO  ozoneimpl.OzoneContainer (OzoneContainer.java:startContainerScrub(179)) - Background container scanner has been disabled.
2019-10-02 05:59:04,609 [Datanode State Machine Thread - 0] INFO  ratis.XceiverServerRatis (XceiverServerRatis.java:start(417)) - Starting XceiverServerRatis 48606941-d0e7-458c-8671-720c89e9f6da at port 0
2019-10-02 05:59:04,614 [Datanode State Machine Thread - 0] INFO  impl.RaftServerProxy (RaftServerProxy.java:lambda$start$3(299)) - 48606941-d0e7-458c-8671-720c89e9f6da: start RPC server
2019-10-02 05:59:04,617 [Datanode State Machine Thread - 0] INFO  server.GrpcService (GrpcService.java:startImpl(158)) - 48606941-d0e7-458c-8671-720c89e9f6da: GrpcService started, listening on 0.0.0.0/0.0.0.0:35807
2019-10-02 05:59:04,617 [Datanode State Machine Thread - 0] INFO  ratis.XceiverServerRatis (XceiverServerRatis.java:start(427)) - XceiverServerRatis 48606941-d0e7-458c-8671-720c89e9f6da is started using port 35807
2019-10-02 05:59:04,618 [Datanode State Machine Thread - 0] INFO  server.XceiverServerGrpc (XceiverServerGrpc.java:start(149)) - XceiverServerGrpc 48606941-d0e7-458c-8671-720c89e9f6da is started using port 33233
2019-10-02 05:59:05,596 [main] INFO  ozone.MiniOzoneClusterImpl (MiniOzoneClusterImpl.java:lambda$waitForClusterToBeReady$0(147)) - Waiting for cluster to be ready. Got 0 of 7 DN Heartbeats.
2019-10-02 05:59:06,212 [IPC Server handler 2 on 33545] INFO  net.NetworkTopology (NetworkTopologyImpl.java:add(111)) - Added a new node: /default-rack/4dc07db9-938b-48ea-815e-ae23a535f1bb
2019-10-02 05:59:06,213 [IPC Server handler 2 on 33545] INFO  node.SCMNodeManager (SCMNodeManager.java:register(266)) - Registered Data node : 4dc07db9-938b-48ea-815e-ae23a535f1bb{ip: 192.168.164.241, host: trunk-nightly-20191002-p7fms-2058464235, networkLocation: /default-rack, certSerialId: null}
2019-10-02 05:59:06,214 [EventQueue-NodeRegistrationContainerReportForDataNodeSafeModeRule] INFO  safemode.SCMSafeModeManager (DataNodeSafeModeRule.java:process(71)) - SCM in safe mode. 1 DataNodes registered, 1 required.
2019-10-02 05:59:06,215 [EventQueue-NodeRegistrationContainerReportForDataNodeSafeModeRule] INFO  safemode.SCMSafeModeManager (SCMSafeModeManager.java:validateSafeModeExitRules(177)) - ScmSafeModeManager, all rules are successfully validated
2019-10-02 05:59:06,216 [EventQueue-NodeRegistrationContainerReportForDataNodeSafeModeRule] INFO  safemode.SCMSafeModeManager (SCMSafeModeManager.java:exitSafeMode(193)) - SCM exiting safe mode.
2019-10-02 05:59:06,227 [grpc-default-executor-4] INFO  impl.RaftServerProxy (RaftServerProxy.java:addNew(89)) - 4dc07db9-938b-48ea-815e-ae23a535f1bb: addNew group-B3BB04C37B51:[4dc07db9-938b-48ea-815e-ae23a535f1bb:192.168.164.241:44125] returns group-B3BB04C37B51:java.util.concurrent.CompletableFuture@ad6d703[Not completed]
2019-10-02 05:59:06,229 [pool-119-thread-1] INFO  impl.RaftServerImpl (RaftServerImpl.java:<init>(95)) - 4dc07db9-938b-48ea-815e-ae23a535f1bb: new RaftServerImpl for group-B3BB04C37B51:[4dc07db9-938b-48ea-815e-ae23a535f1bb:192.168.164.241:44125] with ContainerStateMachine:uninitialized
2019-10-02 05:59:06,229 [pool-119-thread-1] INFO  server.RaftServerConfigKeys (ConfUtils.java:logGet(43)) - raft.server.rpc.timeout.min = 5s (custom)
2019-10-02 05:59:06,229 [pool-119-thread-1] INFO  server.RaftServerConfigKeys (ConfUtils.java:logGet(43)) - raft.server.rpc.timeout.max = 5200ms (custom)
2019-10-02 05:59:06,229 [pool-119-thread-1] INFO  server.RaftServerConfigKeys (ConfUtils.java:logGet(43)) - raft.server.rpcslowness.timeout = 120s (custom)
2019-10-02 05:59:06,230 [pool-119-thread-1] INFO  server.RaftServerConfigKeys (ConfUtils.java:logGet(43)) - raft.server.sleep.deviation.threshold = 300 (default)
2019-10-02 05:59:06,230 [pool-119-thread-1] INFO  server.RaftServerConfigKeys (ConfUtils.java:logGet(43)) - raft.server.log.appender.install.snapshot.enabled = false (custom)
2019-10-02 05:59:06,230 [pool-119-thread-1] INFO  impl.RaftServerImpl (ServerState.java:<init>(103)) - 4dc07db9-938b-48ea-815e-ae23a535f1bb@group-B3BB04C37B51: ConfigurationManager, init=-1: [4dc07db9-938b-48ea-815e-ae23a535f1bb:192.168.164.241:44125], old=null, confs=<EMPTY_MAP>
2019-10-02 05:59:06,230 [pool-119-thread-1] INFO  server.RaftServerConfigKeys (ConfUtils.java:logGet(43)) - raft.server.storage.dir = [/workdir/hadoop-ozone/integration-test/target/test-dir/MiniOzoneClusterImpl-9bd87f02-f7a5-4629-95ca-511ace651d20/datanode-0/data/ratis] (custom)
2019-10-02 05:59:06,230 [pool-119-thread-1] INFO  server.RaftServerConfigKeys (ConfUtils.java:logGet(43)) - raft.server.log.corruption.policy = EXCEPTION (default)
2019-10-02 05:59:06,231 [pool-119-thread-1] INFO  storage.RaftStorageDirectory (RaftStorageDirectory.java:analyzeStorage(246)) - The storage directory /workdir/hadoop-ozone/integration-test/target/test-dir/MiniOzoneClusterImpl-9bd87f02-f7a5-4629-95ca-511ace651d20/datanode-0/data/ratis/6ad531ca-9ef1-4c4f-b189-b3bb04c37b51 does not exist. Creating ...
2019-10-02 05:59:06,250 [pool-119-thread-1] INFO  storage.RaftStorageDirectory (RaftStorageDirectory.java:tryLock(328)) - Lock on /workdir/hadoop-ozone/integration-test/target/test-dir/MiniOzoneClusterImpl-9bd87f02-f7a5-4629-95ca-511ace651d20/datanode-0/data/ratis/6ad531ca-9ef1-4c4f-b189-b3bb04c37b51/in_use.lock acquired by nodename 15596@trunk-nightly-20191002-p7fms-2058464235
2019-10-02 05:59:06,266 [pool-119-thread-1] INFO  storage.RaftStorage (RaftStorage.java:format(84)) - Storage directory /workdir/hadoop-ozone/integration-test/target/test-dir/MiniOzoneClusterImpl-9bd87f02-f7a5-4629-95ca-511ace651d20/datanode-0/data/ratis/6ad531ca-9ef1-4c4f-b189-b3bb04c37b51 has been successfully formatted.
2019-10-02 05:59:06,266 [pool-119-thread-1] INFO  ratis.ContainerStateMachine (ContainerStateMachine.java:loadSnapshot(230)) - group-B3BB04C37B51: The snapshot info is null. Setting the last applied indexto:(t:0, i:~)
2019-10-02 05:59:06,266 [pool-119-thread-1] INFO  server.RaftServerConfigKeys (ConfUtils.java:logGet(43)) - raft.server.notification.no-leader.timeout = 120s (custom)
2019-10-02 05:59:06,266 [pool-119-thread-1] INFO  server.RaftServerConfigKeys (ConfUtils.java:logGet(43)) - raft.server.log.use.memory = false (default)
2019-10-02 05:59:06,267 [pool-119-thread-1] INFO  server.RaftServerConfigKeys (ConfUtils.java:logGet(43)) - raft.server.log.purge.gap = 1000000 (custom)
2019-10-02 05:59:06,267 [pool-119-thread-1] INFO  server.RaftServerConfigKeys (ConfUtils.java:logGet(43)) - raft.server.log.appender.buffer.byte-limit = 33554432 (custom)
2019-10-02 05:59:06,267 [pool-119-thread-1] INFO  server.RaftServerConfigKeys (ConfUtils.java:logGet(43)) - raft.server.log.segment.size.max = 1048576 (custom)
2019-10-02 05:59:06,269 [pool-119-thread-1] INFO  server.RaftServerConfigKeys (ConfUtils.java:logGet(43)) - raft.server.log.segment.cache.num.max = 2 (custom)
2019-10-02 05:59:06,269 [pool-119-thread-1] INFO  segmented.SegmentedRaftLogWorker (SegmentedRaftLogWorker.java:<init>(173)) - new 4dc07db9-938b-48ea-815e-ae23a535f1bb@group-B3BB04C37B51-SegmentedRaftLogWorker for RaftStorage:Storage Directory /workdir/hadoop-ozone/integration-test/target/test-dir/MiniOzoneClusterImpl-9bd87f02-f7a5-4629-95ca-511ace651d20/datanode-0/data/ratis/6ad531ca-9ef1-4c4f-b189-b3bb04c37b51
2019-10-02 05:59:06,269 [pool-119-thread-1] INFO  server.RaftServerConfigKeys (ConfUtils.java:logGet(43)) - raft.server.log.queue.byte-limit = 2147483647 (custom)
2019-10-02 05:59:06,270 [pool-119-thread-1] INFO  server.RaftServerConfigKeys (ConfUtils.java:logGet(43)) - raft.server.log.queue.element-limit = 1024 (custom)
2019-10-02 05:59:06,270 [pool-119-thread-1] INFO  server.RaftServerConfigKeys (ConfUtils.java:logGet(43)) - raft.server.log.segment.size.max = 1048576 (custom)
2019-10-02 05:59:06,270 [pool-119-thread-1] INFO  server.RaftServerConfigKeys (ConfUtils.java:logGet(43)) - raft.server.log.preallocated.size = 16384 (custom)
2019-10-02 05:59:06,270 [pool-119-thread-1] INFO  server.RaftServerConfigKeys (ConfUtils.java:logGet(43)) - raft.server.log.write.buffer.size = 33554432 (custom)
2019-10-02 05:59:06,270 [pool-119-thread-1] INFO  server.RaftServerConfigKeys (ConfUtils.java:logGet(43)) - raft.server.log.force.sync.num = 128 (default)
2019-10-02 05:59:06,270 [pool-119-thread-1] INFO  server.RaftServerConfigKeys (ConfUtils.java:logGet(43)) - raft.server.log.statemachine.data.sync = true (default)
2019-10-02 05:59:06,271 [pool-119-thread-1] INFO  server.RaftServerConfigKeys (ConfUtils.java:logGet(43)) - raft.server.log.statemachine.data.sync.timeout = 10s (default)
2019-10-02 05:59:06,271 [pool-119-thread-1] INFO  server.RaftServerConfigKeys (ConfUtils.java:logGet(43)) - raft.server.log.statemachine.data.sync.timeout.retry = -1 (default)
2019-10-02 05:59:06,271 [pool-119-thread-1] INFO  server.RaftServerConfigKeys (ConfUtils.java:logGet(43)) - raft.server.log.statemachine.data.caching.enabled = true (custom)
2019-10-02 05:59:06,271 [pool-119-thread-1] INFO  segmented.SegmentedRaftLogWorker (SegmentedRaftLogWorker.java:lambda$new$0(128)) - 4dc07db9-938b-48ea-815e-ae23a535f1bb@group-B3BB04C37B51-SegmentedRaftLogWorker: flushIndex: setUnconditionally 0 -> -1
2019-10-02 05:59:06,272 [pool-119-thread-1] INFO  server.RaftServerConfigKeys (ConfUtils.java:logGet(43)) - raft.server.snapshot.auto.trigger.enabled = true (custom)
2019-10-02 05:59:06,272 [pool-119-thread-1] INFO  server.RaftServerConfigKeys (ConfUtils.java:logGet(43)) - raft.server.snapshot.auto.trigger.threshold = 10000 (custom)
2019-10-02 05:59:06,272 [pool-119-thread-1] INFO  server.RaftServerConfigKeys (ConfUtils.java:logGet(43)) - raft.server.snapshot.retention.file.num = 5 (custom)
2019-10-02 05:59:06,272 [pool-119-thread-1] INFO  server.RaftServerConfigKeys (ConfUtils.java:logGet(43)) - raft.server.retrycache.expirytime = 600000ms (custom)
2019-10-02 05:59:06,274 [IPC Server handler 4 on 33545] INFO  net.NetworkTopology (NetworkTopologyImpl.java:add(111)) - Added a new node: /default-rack/665fa38a-9537-47ed-bb4f-28280fb495a6
2019-10-02 05:59:06,274 [IPC Server handler 4 on 33545] INFO  node.SCMNodeManager (SCMNodeManager.java:register(266)) - Registered Data node : 665fa38a-9537-47ed-bb4f-28280fb495a6{ip: 192.168.164.241, host: trunk-nightly-20191002-p7fms-2058464235, networkLocation: /default-rack, certSerialId: null}
2019-10-02 05:59:06,275 [pool-119-thread-1] INFO  impl.RaftServerImpl (RaftServerImpl.java:start(181)) - 4dc07db9-938b-48ea-815e-ae23a535f1bb@group-B3BB04C37B51: start as a follower, conf=-1: [4dc07db9-938b-48ea-815e-ae23a535f1bb:192.168.164.241:44125], old=null
2019-10-02 05:59:06,275 [pool-119-thread-1] INFO  impl.RaftServerImpl (RaftServerImpl.java:setRole(170)) - 4dc07db9-938b-48ea-815e-ae23a535f1bb@group-B3BB04C37B51: changes role from      null to FOLLOWER at term 0 for startAsFollower
2019-10-02 05:59:06,275 [pool-119-thread-1] INFO  impl.RoleInfo (RoleInfo.java:updateAndGet(143)) - 4dc07db9-938b-48ea-815e-ae23a535f1bb: start FollowerState
2019-10-02 05:59:06,276 [pool-119-thread-1] INFO  util.JmxRegister (JmxRegister.java:tryRegister(44)) - Successfully registered JMX Bean with object name Ratis:service=RaftServer,group=group-B3BB04C37B51,id=4dc07db9-938b-48ea-815e-ae23a535f1bb
2019-10-02 05:59:06,283 [RatisPipelineUtilsThread] INFO  pipeline.PipelineStateManager (PipelineStateManager.java:addPipeline(56)) - Created pipeline Pipeline[ Id: 6ad531ca-9ef1-4c4f-b189-b3bb04c37b51, Nodes: 4dc07db9-938b-48ea-815e-ae23a535f1bb{ip: 192.168.164.241, host: trunk-nightly-20191002-p7fms-2058464235, networkLocation: /default-rack, certSerialId: null}, Type:RATIS, Factor:ONE, State:OPEN]
2019-10-02 05:59:06,289 [grpc-default-executor-4] INFO  impl.RaftServerProxy (RaftServerProxy.java:addNew(89)) - 665fa38a-9537-47ed-bb4f-28280fb495a6: addNew group-2C8CF22078AC:[665fa38a-9537-47ed-bb4f-28280fb495a6:192.168.164.241:42397] returns group-2C8CF22078AC:java.util.concurrent.CompletableFuture@4b392693[Not completed]
2019-10-02 05:59:06,290 [pool-129-thread-1] INFO  impl.RaftServerImpl (RaftServerImpl.java:<init>(95)) - 665fa38a-9537-47ed-bb4f-28280fb495a6: new RaftServerImpl for group-2C8CF22078AC:[665fa38a-9537-47ed-bb4f-28280fb495a6:192.168.164.241:42397] with ContainerStateMachine:uninitialized
2019-10-02 05:59:06,290 [pool-129-thread-1] INFO  server.RaftServerConfigKeys (ConfUtils.java:logGet(43)) - raft.server.rpc.timeout.min = 5s (custom)
2019-10-02 05:59:06,290 [pool-129-thread-1] INFO  server.RaftServerConfigKeys (ConfUtils.java:logGet(43)) - raft.server.rpc.timeout.max = 5200ms (custom)
2019-10-02 05:59:06,290 [pool-129-thread-1] INFO  server.RaftServerConfigKeys (ConfUtils.java:logGet(43)) - raft.server.rpcslowness.timeout = 120s (custom)
2019-10-02 05:59:06,291 [pool-129-thread-1] INFO  server.RaftServerConfigKeys (ConfUtils.java:logGet(43)) - raft.server.sleep.deviation.threshold = 300 (default)
2019-10-02 05:59:06,291 [pool-129-thread-1] INFO  server.RaftServerConfigKeys (ConfUtils.java:logGet(43)) - raft.server.log.appender.install.snapshot.enabled = false (custom)
2019-10-02 05:59:06,291 [pool-129-thread-1] INFO  impl.RaftServerImpl (ServerState.java:<init>(103)) - 665fa38a-9537-47ed-bb4f-28280fb495a6@group-2C8CF22078AC: ConfigurationManager, init=-1: [665fa38a-9537-47ed-bb4f-28280fb495a6:192.168.164.241:42397], old=null, confs=<EMPTY_MAP>
2019-10-02 05:59:06,291 [pool-129-thread-1] INFO  server.RaftServerConfigKeys (ConfUtils.java:logGet(43)) - raft.server.storage.dir = [/workdir/hadoop-ozone/integration-test/target/test-dir/MiniOzoneClusterImpl-9bd87f02-f7a5-4629-95ca-511ace651d20/datanode-1/data/ratis] (custom)
2019-10-02 05:59:06,291 [pool-129-thread-1] INFO  server.RaftServerConfigKeys (ConfUtils.java:logGet(43)) - raft.server.log.corruption.policy = EXCEPTION (default)
2019-10-02 05:59:06,291 [pool-129-thread-1] INFO  storage.RaftStorageDirectory (RaftStorageDirectory.java:analyzeStorage(246)) - The storage directory /workdir/hadoop-ozone/integration-test/target/test-dir/MiniOzoneClusterImpl-9bd87f02-f7a5-4629-95ca-511ace651d20/datanode-1/data/ratis/d7f74900-ed3c-4388-a617-2c8cf22078ac does not exist. Creating ...
2019-10-02 05:59:06,304 [pool-129-thread-1] INFO  storage.RaftStorageDirectory (RaftStorageDirectory.java:tryLock(328)) - Lock on /workdir/hadoop-ozone/integration-test/target/test-dir/MiniOzoneClusterImpl-9bd87f02-f7a5-4629-95ca-511ace651d20/datanode-1/data/ratis/d7f74900-ed3c-4388-a617-2c8cf22078ac/in_use.lock acquired by nodename 15596@trunk-nightly-20191002-p7fms-2058464235
2019-10-02 05:59:06,317 [pool-129-thread-1] INFO  storage.RaftStorage (RaftStorage.java:format(84)) - Storage directory /workdir/hadoop-ozone/integration-test/target/test-dir/MiniOzoneClusterImpl-9bd87f02-f7a5-4629-95ca-511ace651d20/datanode-1/data/ratis/d7f74900-ed3c-4388-a617-2c8cf22078ac has been successfully formatted.
2019-10-02 05:59:06,317 [pool-129-thread-1] INFO  ratis.ContainerStateMachine (ContainerStateMachine.java:loadSnapshot(230)) - group-2C8CF22078AC: The snapshot info is null. Setting the last applied indexto:(t:0, i:~)
2019-10-02 05:59:06,317 [pool-129-thread-1] INFO  server.RaftServerConfigKeys (ConfUtils.java:logGet(43)) - raft.server.notification.no-leader.timeout = 120s (custom)
2019-10-02 05:59:06,317 [pool-129-thread-1] INFO  server.RaftServerConfigKeys (ConfUtils.java:logGet(43)) - raft.server.log.use.memory = false (default)
2019-10-02 05:59:06,318 [pool-129-thread-1] INFO  server.RaftServerConfigKeys (ConfUtils.java:logGet(43)) - raft.server.log.purge.gap = 1000000 (custom)
2019-10-02 05:59:06,318 [pool-129-thread-1] INFO  server.RaftServerConfigKeys (ConfUtils.java:logGet(43)) - raft.server.log.appender.buffer.byte-limit = 33554432 (custom)
2019-10-02 05:59:06,318 [pool-129-thread-1] INFO  server.RaftServerConfigKeys (ConfUtils.java:logGet(43)) - raft.server.log.segment.size.max = 1048576 (custom)
2019-10-02 05:59:06,320 [pool-129-thread-1] INFO  server.RaftServerConfigKeys (ConfUtils.java:logGet(43)) - raft.server.log.segment.cache.num.max = 2 (custom)
2019-10-02 05:59:06,320 [pool-129-thread-1] INFO  segmented.SegmentedRaftLogWorker (SegmentedRaftLogWorker.java:<init>(173)) - new 665fa38a-9537-47ed-bb4f-28280fb495a6@group-2C8CF22078AC-SegmentedRaftLogWorker for RaftStorage:Storage Directory /workdir/hadoop-ozone/integration-test/target/test-dir/MiniOzoneClusterImpl-9bd87f02-f7a5-4629-95ca-511ace651d20/datanode-1/data/ratis/d7f74900-ed3c-4388-a617-2c8cf22078ac
2019-10-02 05:59:06,320 [pool-129-thread-1] INFO  server.RaftServerConfigKeys (ConfUtils.java:logGet(43)) - raft.server.log.queue.byte-limit = 2147483647 (custom)
2019-10-02 05:59:06,320 [pool-129-thread-1] INFO  server.RaftServerConfigKeys (ConfUtils.java:logGet(43)) - raft.server.log.queue.element-limit = 1024 (custom)
2019-10-02 05:59:06,320 [pool-129-thread-1] INFO  server.RaftServerConfigKeys (ConfUtils.java:logGet(43)) - raft.server.log.segment.size.max = 1048576 (custom)
2019-10-02 05:59:06,320 [pool-129-thread-1] INFO  server.RaftServerConfigKeys (ConfUtils.java:logGet(43)) - raft.server.log.preallocated.size = 16384 (custom)
2019-10-02 05:59:06,321 [pool-129-thread-1] INFO  server.RaftServerConfigKeys (ConfUtils.java:logGet(43)) - raft.server.log.write.buffer.size = 33554432 (custom)
2019-10-02 05:59:06,321 [pool-129-thread-1] INFO  server.RaftServerConfigKeys (ConfUtils.java:logGet(43)) - raft.server.log.force.sync.num = 128 (default)
2019-10-02 05:59:06,321 [pool-129-thread-1] INFO  server.RaftServerConfigKeys (ConfUtils.java:logGet(43)) - raft.server.log.statemachine.data.sync = true (default)
2019-10-02 05:59:06,321 [pool-129-thread-1] INFO  server.RaftServerConfigKeys (ConfUtils.java:logGet(43)) - raft.server.log.statemachine.data.sync.timeout = 10s (default)
2019-10-02 05:59:06,321 [pool-129-thread-1] INFO  server.RaftServerConfigKeys (ConfUtils.java:logGet(43)) - raft.server.log.statemachine.data.sync.timeout.retry = -1 (default)
2019-10-02 05:59:06,321 [pool-129-thread-1] INFO  server.RaftServerConfigKeys (ConfUtils.java:logGet(43)) - raft.server.log.statemachine.data.caching.enabled = true (custom)
2019-10-02 05:59:06,322 [pool-129-thread-1] INFO  segmented.SegmentedRaftLogWorker (SegmentedRaftLogWorker.java:lambda$new$0(128)) - 665fa38a-9537-47ed-bb4f-28280fb495a6@group-2C8CF22078AC-SegmentedRaftLogWorker: flushIndex: setUnconditionally 0 -> -1
2019-10-02 05:59:06,322 [pool-129-thread-1] INFO  server.RaftServerConfigKeys (ConfUtils.java:logGet(43)) - raft.server.snapshot.auto.trigger.enabled = true (custom)
2019-10-02 05:59:06,322 [pool-129-thread-1] INFO  server.RaftServerConfigKeys (ConfUtils.java:logGet(43)) - raft.server.snapshot.auto.trigger.threshold = 10000 (custom)
2019-10-02 05:59:06,322 [pool-129-thread-1] INFO  server.RaftServerConfigKeys (ConfUtils.java:logGet(43)) - raft.server.snapshot.retention.file.num = 5 (custom)
2019-10-02 05:59:06,322 [pool-129-thread-1] INFO  server.RaftServerConfigKeys (ConfUtils.java:logGet(43)) - raft.server.retrycache.expirytime = 600000ms (custom)
2019-10-02 05:59:06,324 [pool-129-thread-1] INFO  impl.RaftServerImpl (RaftServerImpl.java:start(181)) - 665fa38a-9537-47ed-bb4f-28280fb495a6@group-2C8CF22078AC: start as a follower, conf=-1: [665fa38a-9537-47ed-bb4f-28280fb495a6:192.168.164.241:42397], old=null
2019-10-02 05:59:06,324 [pool-129-thread-1] INFO  impl.RaftServerImpl (RaftServerImpl.java:setRole(170)) - 665fa38a-9537-47ed-bb4f-28280fb495a6@group-2C8CF22078AC: changes role from      null to FOLLOWER at term 0 for startAsFollower
2019-10-02 05:59:06,324 [pool-129-thread-1] INFO  impl.RoleInfo (RoleInfo.java:updateAndGet(143)) - 665fa38a-9537-47ed-bb4f-28280fb495a6: start FollowerState
2019-10-02 05:59:06,325 [pool-129-thread-1] INFO  util.JmxRegister (JmxRegister.java:tryRegister(44)) - Successfully registered JMX Bean with object name Ratis:service=RaftServer,group=group-2C8CF22078AC,id=665fa38a-9537-47ed-bb4f-28280fb495a6
2019-10-02 05:59:06,330 [RatisPipelineUtilsThread] INFO  pipeline.PipelineStateManager (PipelineStateManager.java:addPipeline(56)) - Created pipeline Pipeline[ Id: d7f74900-ed3c-4388-a617-2c8cf22078ac, Nodes: 665fa38a-9537-47ed-bb4f-28280fb495a6{ip: 192.168.164.241, host: trunk-nightly-20191002-p7fms-2058464235, networkLocation: /default-rack, certSerialId: null}, Type:RATIS, Factor:ONE, State:OPEN]
2019-10-02 05:59:06,342 [IPC Server handler 1 on 33545] INFO  net.NetworkTopology (NetworkTopologyImpl.java:add(111)) - Added a new node: /default-rack/17973fa0-ca4b-4c8f-aca3-d8dca3028241
2019-10-02 05:59:06,342 [IPC Server handler 1 on 33545] INFO  node.SCMNodeManager (SCMNodeManager.java:register(266)) - Registered Data node : 17973fa0-ca4b-4c8f-aca3-d8dca3028241{ip: 192.168.164.241, host: trunk-nightly-20191002-p7fms-2058464235, networkLocation: /default-rack, certSerialId: null}
2019-10-02 05:59:06,351 [grpc-default-executor-4] INFO  impl.RaftServerProxy (RaftServerProxy.java:addNew(89)) - 17973fa0-ca4b-4c8f-aca3-d8dca3028241: addNew group-294BEBE2862C:[17973fa0-ca4b-4c8f-aca3-d8dca3028241:192.168.164.241:33566] returns group-294BEBE2862C:java.util.concurrent.CompletableFuture@7df3fec1[Not completed]
2019-10-02 05:59:06,355 [pool-139-thread-1] INFO  impl.RaftServerImpl (RaftServerImpl.java:<init>(95)) - 17973fa0-ca4b-4c8f-aca3-d8dca3028241: new RaftServerImpl for group-294BEBE2862C:[17973fa0-ca4b-4c8f-aca3-d8dca3028241:192.168.164.241:33566] with ContainerStateMachine:uninitialized
2019-10-02 05:59:06,355 [pool-139-thread-1] INFO  server.RaftServerConfigKeys (ConfUtils.java:logGet(43)) - raft.server.rpc.timeout.min = 5s (custom)
2019-10-02 05:59:06,355 [pool-139-thread-1] INFO  server.RaftServerConfigKeys (ConfUtils.java:logGet(43)) - raft.server.rpc.timeout.max = 5200ms (custom)
2019-10-02 05:59:06,355 [pool-139-thread-1] INFO  server.RaftServerConfigKeys (ConfUtils.java:logGet(43)) - raft.server.rpcslowness.timeout = 120s (custom)
2019-10-02 05:59:06,355 [pool-139-thread-1] INFO  server.RaftServerConfigKeys (ConfUtils.java:logGet(43)) - raft.server.sleep.deviation.threshold = 300 (default)
2019-10-02 05:59:06,355 [pool-139-thread-1] INFO  server.RaftServerConfigKeys (ConfUtils.java:logGet(43)) - raft.server.log.appender.install.snapshot.enabled = false (custom)
2019-10-02 05:59:06,356 [pool-139-thread-1] INFO  impl.RaftServerImpl (ServerState.java:<init>(103)) - 17973fa0-ca4b-4c8f-aca3-d8dca3028241@group-294BEBE2862C: ConfigurationManager, init=-1: [17973fa0-ca4b-4c8f-aca3-d8dca3028241:192.168.164.241:33566], old=null, confs=<EMPTY_MAP>
2019-10-02 05:59:06,356 [pool-139-thread-1] INFO  server.RaftServerConfigKeys (ConfUtils.java:logGet(43)) - raft.server.storage.dir = [/workdir/hadoop-ozone/integration-test/target/test-dir/MiniOzoneClusterImpl-9bd87f02-f7a5-4629-95ca-511ace651d20/datanode-2/data/ratis] (custom)
2019-10-02 05:59:06,356 [pool-139-thread-1] INFO  server.RaftServerConfigKeys (ConfUtils.java:logGet(43)) - raft.server.log.corruption.policy = EXCEPTION (default)
2019-10-02 05:59:06,356 [pool-139-thread-1] INFO  storage.RaftStorageDirectory (RaftStorageDirectory.java:analyzeStorage(246)) - The storage directory /workdir/hadoop-ozone/integration-test/target/test-dir/MiniOzoneClusterImpl-9bd87f02-f7a5-4629-95ca-511ace651d20/datanode-2/data/ratis/0d528432-88ff-4048-b2b2-294bebe2862c does not exist. Creating ...
2019-10-02 05:59:06,369 [pool-139-thread-1] INFO  storage.RaftStorageDirectory (RaftStorageDirectory.java:tryLock(328)) - Lock on /workdir/hadoop-ozone/integration-test/target/test-dir/MiniOzoneClusterImpl-9bd87f02-f7a5-4629-95ca-511ace651d20/datanode-2/data/ratis/0d528432-88ff-4048-b2b2-294bebe2862c/in_use.lock acquired by nodename 15596@trunk-nightly-20191002-p7fms-2058464235
2019-10-02 05:59:06,383 [pool-139-thread-1] INFO  storage.RaftStorage (RaftStorage.java:format(84)) - Storage directory /workdir/hadoop-ozone/integration-test/target/test-dir/MiniOzoneClusterImpl-9bd87f02-f7a5-4629-95ca-511ace651d20/datanode-2/data/ratis/0d528432-88ff-4048-b2b2-294bebe2862c has been successfully formatted.
2019-10-02 05:59:06,383 [pool-139-thread-1] INFO  ratis.ContainerStateMachine (ContainerStateMachine.java:loadSnapshot(230)) - group-294BEBE2862C: The snapshot info is null. Setting the last applied indexto:(t:0, i:~)
2019-10-02 05:59:06,383 [pool-139-thread-1] INFO  server.RaftServerConfigKeys (ConfUtils.java:logGet(43)) - raft.server.notification.no-leader.timeout = 120s (custom)
2019-10-02 05:59:06,383 [pool-139-thread-1] INFO  server.RaftServerConfigKeys (ConfUtils.java:logGet(43)) - raft.server.log.use.memory = false (default)
2019-10-02 05:59:06,383 [pool-139-thread-1] INFO  server.RaftServerConfigKeys (ConfUtils.java:logGet(43)) - raft.server.log.purge.gap = 1000000 (custom)
2019-10-02 05:59:06,384 [pool-139-thread-1] INFO  server.RaftServerConfigKeys (ConfUtils.java:logGet(43)) - raft.server.log.appender.buffer.byte-limit = 33554432 (custom)
2019-10-02 05:59:06,384 [pool-139-thread-1] INFO  server.RaftServerConfigKeys (ConfUtils.java:logGet(43)) - raft.server.log.segment.size.max = 1048576 (custom)
2019-10-02 05:59:06,385 [pool-139-thread-1] INFO  server.RaftServerConfigKeys (ConfUtils.java:logGet(43)) - raft.server.log.segment.cache.num.max = 2 (custom)
2019-10-02 05:59:06,385 [pool-139-thread-1] INFO  segmented.SegmentedRaftLogWorker (SegmentedRaftLogWorker.java:<init>(173)) - new 17973fa0-ca4b-4c8f-aca3-d8dca3028241@group-294BEBE2862C-SegmentedRaftLogWorker for RaftStorage:Storage Directory /workdir/hadoop-ozone/integration-test/target/test-dir/MiniOzoneClusterImpl-9bd87f02-f7a5-4629-95ca-511ace651d20/datanode-2/data/ratis/0d528432-88ff-4048-b2b2-294bebe2862c
2019-10-02 05:59:06,386 [pool-139-thread-1] INFO  server.RaftServerConfigKeys (ConfUtils.java:logGet(43)) - raft.server.log.queue.byte-limit = 2147483647 (custom)
2019-10-02 05:59:06,386 [pool-139-thread-1] INFO  server.RaftServerConfigKeys (ConfUtils.java:logGet(43)) - raft.server.log.queue.element-limit = 1024 (custom)
2019-10-02 05:59:06,386 [pool-139-thread-1] INFO  server.RaftServerConfigKeys (ConfUtils.java:logGet(43)) - raft.server.log.segment.size.max = 1048576 (custom)
2019-10-02 05:59:06,386 [pool-139-thread-1] INFO  server.RaftServerConfigKeys (ConfUtils.java:logGet(43)) - raft.server.log.preallocated.size = 16384 (custom)
2019-10-02 05:59:06,386 [pool-139-thread-1] INFO  server.RaftServerConfigKeys (ConfUtils.java:logGet(43)) - raft.server.log.write.buffer.size = 33554432 (custom)
2019-10-02 05:59:06,386 [pool-139-thread-1] INFO  server.RaftServerConfigKeys (ConfUtils.java:logGet(43)) - raft.server.log.force.sync.num = 128 (default)
2019-10-02 05:59:06,386 [pool-139-thread-1] INFO  server.RaftServerConfigKeys (ConfUtils.java:logGet(43)) - raft.server.log.statemachine.data.sync = true (default)
2019-10-02 05:59:06,386 [pool-139-thread-1] INFO  server.RaftServerConfigKeys (ConfUtils.java:logGet(43)) - raft.server.log.statemachine.data.sync.timeout = 10s (default)
2019-10-02 05:59:06,386 [pool-139-thread-1] INFO  server.RaftServerConfigKeys (ConfUtils.java:logGet(43)) - raft.server.log.statemachine.data.sync.timeout.retry = -1 (default)
2019-10-02 05:59:06,387 [pool-139-thread-1] INFO  server.RaftServerConfigKeys (ConfUtils.java:logGet(43)) - raft.server.log.statemachine.data.caching.enabled = true (custom)
2019-10-02 05:59:06,387 [pool-139-thread-1] INFO  segmented.SegmentedRaftLogWorker (SegmentedRaftLogWorker.java:lambda$new$0(128)) - 17973fa0-ca4b-4c8f-aca3-d8dca3028241@group-294BEBE2862C-SegmentedRaftLogWorker: flushIndex: setUnconditionally 0 -> -1
2019-10-02 05:59:06,387 [pool-139-thread-1] INFO  server.RaftServerConfigKeys (ConfUtils.java:logGet(43)) - raft.server.snapshot.auto.trigger.enabled = true (custom)
2019-10-02 05:59:06,387 [pool-139-thread-1] INFO  server.RaftServerConfigKeys (ConfUtils.java:logGet(43)) - raft.server.snapshot.auto.trigger.threshold = 10000 (custom)
2019-10-02 05:59:06,388 [pool-139-thread-1] INFO  server.RaftServerConfigKeys (ConfUtils.java:logGet(43)) - raft.server.snapshot.retention.file.num = 5 (custom)
2019-10-02 05:59:06,388 [pool-139-thread-1] INFO  server.RaftServerConfigKeys (ConfUtils.java:logGet(43)) - raft.server.retrycache.expirytime = 600000ms (custom)
2019-10-02 05:59:06,389 [pool-139-thread-1] INFO  impl.RaftServerImpl (RaftServerImpl.java:start(181)) - 17973fa0-ca4b-4c8f-aca3-d8dca3028241@group-294BEBE2862C: start as a follower, conf=-1: [17973fa0-ca4b-4c8f-aca3-d8dca3028241:192.168.164.241:33566], old=null
2019-10-02 05:59:06,389 [pool-139-thread-1] INFO  impl.RaftServerImpl (RaftServerImpl.java:setRole(170)) - 17973fa0-ca4b-4c8f-aca3-d8dca3028241@group-294BEBE2862C: changes role from      null to FOLLOWER at term 0 for startAsFollower
2019-10-02 05:59:06,390 [pool-139-thread-1] INFO  impl.RoleInfo (RoleInfo.java:updateAndGet(143)) - 17973fa0-ca4b-4c8f-aca3-d8dca3028241: start FollowerState
2019-10-02 05:59:06,390 [pool-139-thread-1] INFO  util.JmxRegister (JmxRegister.java:tryRegister(44)) - Successfully registered JMX Bean with object name Ratis:service=RaftServer,group=group-294BEBE2862C,id=17973fa0-ca4b-4c8f-aca3-d8dca3028241
2019-10-02 05:59:06,396 [RatisPipelineUtilsThread] INFO  pipeline.PipelineStateManager (PipelineStateManager.java:addPipeline(56)) - Created pipeline Pipeline[ Id: 0d528432-88ff-4048-b2b2-294bebe2862c, Nodes: 17973fa0-ca4b-4c8f-aca3-d8dca3028241{ip: 192.168.164.241, host: trunk-nightly-20191002-p7fms-2058464235, networkLocation: /default-rack, certSerialId: null}, Type:RATIS, Factor:ONE, State:OPEN]
2019-10-02 05:59:06,403 [IPC Server handler 3 on 33545] INFO  net.NetworkTopology (NetworkTopologyImpl.java:add(111)) - Added a new node: /default-rack/98deb3f5-0e5e-4c88-9e80-87735dc2d52d
2019-10-02 05:59:06,403 [IPC Server handler 3 on 33545] INFO  node.SCMNodeManager (SCMNodeManager.java:register(266)) - Registered Data node : 98deb3f5-0e5e-4c88-9e80-87735dc2d52d{ip: 192.168.164.241, host: trunk-nightly-20191002-p7fms-2058464235, networkLocation: /default-rack, certSerialId: null}
2019-10-02 05:59:06,412 [grpc-default-executor-1] INFO  impl.RaftServerProxy (RaftServerProxy.java:addNew(89)) - 665fa38a-9537-47ed-bb4f-28280fb495a6: addNew group-A0F3659C1B16:[17973fa0-ca4b-4c8f-aca3-d8dca3028241:192.168.164.241:33566, 4dc07db9-938b-48ea-815e-ae23a535f1bb:192.168.164.241:44125, 665fa38a-9537-47ed-bb4f-28280fb495a6:192.168.164.241:42397] returns group-A0F3659C1B16:java.util.concurrent.CompletableFuture@4dd969d[Not completed]
2019-10-02 05:59:06,414 [grpc-default-executor-3] INFO  impl.RaftServerProxy (RaftServerProxy.java:addNew(89)) - 4dc07db9-938b-48ea-815e-ae23a535f1bb: addNew group-A0F3659C1B16:[17973fa0-ca4b-4c8f-aca3-d8dca3028241:192.168.164.241:33566, 4dc07db9-938b-48ea-815e-ae23a535f1bb:192.168.164.241:44125, 665fa38a-9537-47ed-bb4f-28280fb495a6:192.168.164.241:42397] returns group-A0F3659C1B16:java.util.concurrent.CompletableFuture@e43e073[Not completed]
2019-10-02 05:59:06,414 [grpc-default-executor-4] INFO  impl.RaftServerProxy (RaftServerProxy.java:addNew(89)) - 17973fa0-ca4b-4c8f-aca3-d8dca3028241: addNew group-A0F3659C1B16:[17973fa0-ca4b-4c8f-aca3-d8dca3028241:192.168.164.241:33566, 4dc07db9-938b-48ea-815e-ae23a535f1bb:192.168.164.241:44125, 665fa38a-9537-47ed-bb4f-28280fb495a6:192.168.164.241:42397] returns group-A0F3659C1B16:java.util.concurrent.CompletableFuture@54cd09cb[Not completed]
2019-10-02 05:59:06,415 [pool-129-thread-1] INFO  impl.RaftServerImpl (RaftServerImpl.java:<init>(95)) - 665fa38a-9537-47ed-bb4f-28280fb495a6: new RaftServerImpl for group-A0F3659C1B16:[17973fa0-ca4b-4c8f-aca3-d8dca3028241:192.168.164.241:33566, 4dc07db9-938b-48ea-815e-ae23a535f1bb:192.168.164.241:44125, 665fa38a-9537-47ed-bb4f-28280fb495a6:192.168.164.241:42397] with ContainerStateMachine:uninitialized
2019-10-02 05:59:06,415 [pool-129-thread-1] INFO  server.RaftServerConfigKeys (ConfUtils.java:logGet(43)) - raft.server.rpc.timeout.min = 5s (custom)
2019-10-02 05:59:06,415 [pool-129-thread-1] INFO  server.RaftServerConfigKeys (ConfUtils.java:logGet(43)) - raft.server.rpc.timeout.max = 5200ms (custom)
2019-10-02 05:59:06,415 [pool-129-thread-1] INFO  server.RaftServerConfigKeys (ConfUtils.java:logGet(43)) - raft.server.rpcslowness.timeout = 120s (custom)
2019-10-02 05:59:06,416 [pool-129-thread-1] INFO  server.RaftServerConfigKeys (ConfUtils.java:logGet(43)) - raft.server.sleep.deviation.threshold = 300 (default)
2019-10-02 05:59:06,416 [pool-129-thread-1] INFO  server.RaftServerConfigKeys (ConfUtils.java:logGet(43)) - raft.server.log.appender.install.snapshot.enabled = false (custom)
2019-10-02 05:59:06,416 [pool-129-thread-1] INFO  impl.RaftServerImpl (ServerState.java:<init>(103)) - 665fa38a-9537-47ed-bb4f-28280fb495a6@group-A0F3659C1B16: ConfigurationManager, init=-1: [17973fa0-ca4b-4c8f-aca3-d8dca3028241:192.168.164.241:33566, 4dc07db9-938b-48ea-815e-ae23a535f1bb:192.168.164.241:44125, 665fa38a-9537-47ed-bb4f-28280fb495a6:192.168.164.241:42397], old=null, confs=<EMPTY_MAP>
2019-10-02 05:59:06,416 [pool-129-thread-1] INFO  server.RaftServerConfigKeys (ConfUtils.java:logGet(43)) - raft.server.storage.dir = [/workdir/hadoop-ozone/integration-test/target/test-dir/MiniOzoneClusterImpl-9bd87f02-f7a5-4629-95ca-511ace651d20/datanode-1/data/ratis] (custom)
2019-10-02 05:59:06,416 [pool-119-thread-1] INFO  impl.RaftServerImpl (RaftServerImpl.java:<init>(95)) - 4dc07db9-938b-48ea-815e-ae23a535f1bb: new RaftServerImpl for group-A0F3659C1B16:[17973fa0-ca4b-4c8f-aca3-d8dca3028241:192.168.164.241:33566, 4dc07db9-938b-48ea-815e-ae23a535f1bb:192.168.164.241:44125, 665fa38a-9537-47ed-bb4f-28280fb495a6:192.168.164.241:42397] with ContainerStateMachine:uninitialized
2019-10-02 05:59:06,416 [pool-129-thread-1] INFO  server.RaftServerConfigKeys (ConfUtils.java:logGet(43)) - raft.server.log.corruption.policy = EXCEPTION (default)
2019-10-02 05:59:06,416 [pool-119-thread-1] INFO  server.RaftServerConfigKeys (ConfUtils.java:logGet(43)) - raft.server.rpc.timeout.min = 5s (custom)
2019-10-02 05:59:06,416 [pool-129-thread-1] INFO  storage.RaftStorageDirectory (RaftStorageDirectory.java:analyzeStorage(246)) - The storage directory /workdir/hadoop-ozone/integration-test/target/test-dir/MiniOzoneClusterImpl-9bd87f02-f7a5-4629-95ca-511ace651d20/datanode-1/data/ratis/ac96f5ad-5fea-4bfe-82c9-a0f3659c1b16 does not exist. Creating ...
2019-10-02 05:59:06,417 [pool-119-thread-1] INFO  server.RaftServerConfigKeys (ConfUtils.java:logGet(43)) - raft.server.rpc.timeout.max = 5200ms (custom)
2019-10-02 05:59:06,417 [pool-139-thread-1] INFO  impl.RaftServerImpl (RaftServerImpl.java:<init>(95)) - 17973fa0-ca4b-4c8f-aca3-d8dca3028241: new RaftServerImpl for group-A0F3659C1B16:[17973fa0-ca4b-4c8f-aca3-d8dca3028241:192.168.164.241:33566, 4dc07db9-938b-48ea-815e-ae23a535f1bb:192.168.164.241:44125, 665fa38a-9537-47ed-bb4f-28280fb495a6:192.168.164.241:42397] with ContainerStateMachine:uninitialized
2019-10-02 05:59:06,417 [pool-119-thread-1] INFO  server.RaftServerConfigKeys (ConfUtils.java:logGet(43)) - raft.server.rpcslowness.timeout = 120s (custom)
2019-10-02 05:59:06,417 [pool-139-thread-1] INFO  server.RaftServerConfigKeys (ConfUtils.java:logGet(43)) - raft.server.rpc.timeout.min = 5s (custom)
2019-10-02 05:59:06,417 [pool-119-thread-1] INFO  server.RaftServerConfigKeys (ConfUtils.java:logGet(43)) - raft.server.sleep.deviation.threshold = 300 (default)
2019-10-02 05:59:06,417 [pool-139-thread-1] INFO  server.RaftServerConfigKeys (ConfUtils.java:logGet(43)) - raft.server.rpc.timeout.max = 5200ms (custom)
2019-10-02 05:59:06,417 [pool-119-thread-1] INFO  server.RaftServerConfigKeys (ConfUtils.java:logGet(43)) - raft.server.log.appender.install.snapshot.enabled = false (custom)
2019-10-02 05:59:06,417 [pool-139-thread-1] INFO  server.RaftServerConfigKeys (ConfUtils.java:logGet(43)) - raft.server.rpcslowness.timeout = 120s (custom)
2019-10-02 05:59:06,417 [pool-119-thread-1] INFO  impl.RaftServerImpl (ServerState.java:<init>(103)) - 4dc07db9-938b-48ea-815e-ae23a535f1bb@group-A0F3659C1B16: ConfigurationManager, init=-1: [17973fa0-ca4b-4c8f-aca3-d8dca3028241:192.168.164.241:33566, 4dc07db9-938b-48ea-815e-ae23a535f1bb:192.168.164.241:44125, 665fa38a-9537-47ed-bb4f-28280fb495a6:192.168.164.241:42397], old=null, confs=<EMPTY_MAP>
2019-10-02 05:59:06,417 [pool-139-thread-1] INFO  server.RaftServerConfigKeys (ConfUtils.java:logGet(43)) - raft.server.sleep.deviation.threshold = 300 (default)
2019-10-02 05:59:06,418 [pool-119-thread-1] INFO  server.RaftServerConfigKeys (ConfUtils.java:logGet(43)) - raft.server.storage.dir = [/workdir/hadoop-ozone/integration-test/target/test-dir/MiniOzoneClusterImpl-9bd87f02-f7a5-4629-95ca-511ace651d20/datanode-0/data/ratis] (custom)
2019-10-02 05:59:06,418 [pool-139-thread-1] INFO  server.RaftServerConfigKeys (ConfUtils.java:logGet(43)) - raft.server.log.appender.install.snapshot.enabled = false (custom)
2019-10-02 05:59:06,418 [pool-139-thread-1] INFO  impl.RaftServerImpl (ServerState.java:<init>(103)) - 17973fa0-ca4b-4c8f-aca3-d8dca3028241@group-A0F3659C1B16: ConfigurationManager, init=-1: [17973fa0-ca4b-4c8f-aca3-d8dca3028241:192.168.164.241:33566, 4dc07db9-938b-48ea-815e-ae23a535f1bb:192.168.164.241:44125, 665fa38a-9537-47ed-bb4f-28280fb495a6:192.168.164.241:42397], old=null, confs=<EMPTY_MAP>
2019-10-02 05:59:06,418 [pool-119-thread-1] INFO  server.RaftServerConfigKeys (ConfUtils.java:logGet(43)) - raft.server.log.corruption.policy = EXCEPTION (default)
2019-10-02 05:59:06,418 [pool-139-thread-1] INFO  server.RaftServerConfigKeys (ConfUtils.java:logGet(43)) - raft.server.storage.dir = [/workdir/hadoop-ozone/integration-test/target/test-dir/MiniOzoneClusterImpl-9bd87f02-f7a5-4629-95ca-511ace651d20/datanode-2/data/ratis] (custom)
2019-10-02 05:59:06,418 [pool-119-thread-1] INFO  storage.RaftStorageDirectory (RaftStorageDirectory.java:analyzeStorage(246)) - The storage directory /workdir/hadoop-ozone/integration-test/target/test-dir/MiniOzoneClusterImpl-9bd87f02-f7a5-4629-95ca-511ace651d20/datanode-0/data/ratis/ac96f5ad-5fea-4bfe-82c9-a0f3659c1b16 does not exist. Creating ...
2019-10-02 05:59:06,418 [pool-139-thread-1] INFO  server.RaftServerConfigKeys (ConfUtils.java:logGet(43)) - raft.server.log.corruption.policy = EXCEPTION (default)
2019-10-02 05:59:06,419 [pool-139-thread-1] INFO  storage.RaftStorageDirectory (RaftStorageDirectory.java:analyzeStorage(246)) - The storage directory /workdir/hadoop-ozone/integration-test/target/test-dir/MiniOzoneClusterImpl-9bd87f02-f7a5-4629-95ca-511ace651d20/datanode-2/data/ratis/ac96f5ad-5fea-4bfe-82c9-a0f3659c1b16 does not exist. Creating ...
2019-10-02 05:59:06,429 [pool-129-thread-1] INFO  storage.RaftStorageDirectory (RaftStorageDirectory.java:tryLock(328)) - Lock on /workdir/hadoop-ozone/integration-test/target/test-dir/MiniOzoneClusterImpl-9bd87f02-f7a5-4629-95ca-511ace651d20/datanode-1/data/ratis/ac96f5ad-5fea-4bfe-82c9-a0f3659c1b16/in_use.lock acquired by nodename 15596@trunk-nightly-20191002-p7fms-2058464235
2019-10-02 05:59:06,430 [pool-139-thread-1] INFO  storage.RaftStorageDirectory (RaftStorageDirectory.java:tryLock(328)) - Lock on /workdir/hadoop-ozone/integration-test/target/test-dir/MiniOzoneClusterImpl-9bd87f02-f7a5-4629-95ca-511ace651d20/datanode-2/data/ratis/ac96f5ad-5fea-4bfe-82c9-a0f3659c1b16/in_use.lock acquired by nodename 15596@trunk-nightly-20191002-p7fms-2058464235
2019-10-02 05:59:06,429 [pool-119-thread-1] INFO  storage.RaftStorageDirectory (RaftStorageDirectory.java:tryLock(328)) - Lock on /workdir/hadoop-ozone/integration-test/target/test-dir/MiniOzoneClusterImpl-9bd87f02-f7a5-4629-95ca-511ace651d20/datanode-0/data/ratis/ac96f5ad-5fea-4bfe-82c9-a0f3659c1b16/in_use.lock acquired by nodename 15596@trunk-nightly-20191002-p7fms-2058464235
2019-10-02 05:59:06,443 [pool-129-thread-1] INFO  storage.RaftStorage (RaftStorage.java:format(84)) - Storage directory /workdir/hadoop-ozone/integration-test/target/test-dir/MiniOzoneClusterImpl-9bd87f02-f7a5-4629-95ca-511ace651d20/datanode-1/data/ratis/ac96f5ad-5fea-4bfe-82c9-a0f3659c1b16 has been successfully formatted.
2019-10-02 05:59:06,443 [pool-139-thread-1] INFO  storage.RaftStorage (RaftStorage.java:format(84)) - Storage directory /workdir/hadoop-ozone/integration-test/target/test-dir/MiniOzoneClusterImpl-9bd87f02-f7a5-4629-95ca-511ace651d20/datanode-2/data/ratis/ac96f5ad-5fea-4bfe-82c9-a0f3659c1b16 has been successfully formatted.
2019-10-02 05:59:06,443 [pool-119-thread-1] INFO  storage.RaftStorage (RaftStorage.java:format(84)) - Storage directory /workdir/hadoop-ozone/integration-test/target/test-dir/MiniOzoneClusterImpl-9bd87f02-f7a5-4629-95ca-511ace651d20/datanode-0/data/ratis/ac96f5ad-5fea-4bfe-82c9-a0f3659c1b16 has been successfully formatted.
2019-10-02 05:59:06,443 [pool-129-thread-1] INFO  ratis.ContainerStateMachine (ContainerStateMachine.java:loadSnapshot(230)) - group-A0F3659C1B16: The snapshot info is null. Setting the last applied indexto:(t:0, i:~)
2019-10-02 05:59:06,444 [pool-119-thread-1] INFO  ratis.ContainerStateMachine (ContainerStateMachine.java:loadSnapshot(230)) - group-A0F3659C1B16: The snapshot info is null. Setting the last applied indexto:(t:0, i:~)
2019-10-02 05:59:06,444 [pool-139-thread-1] INFO  ratis.ContainerStateMachine (ContainerStateMachine.java:loadSnapshot(230)) - group-A0F3659C1B16: The snapshot info is null. Setting the last applied indexto:(t:0, i:~)
2019-10-02 05:59:06,444 [pool-119-thread-1] INFO  server.RaftServerConfigKeys (ConfUtils.java:logGet(43)) - raft.server.notification.no-leader.timeout = 120s (custom)
2019-10-02 05:59:06,444 [pool-129-thread-1] INFO  server.RaftServerConfigKeys (ConfUtils.java:logGet(43)) - raft.server.notification.no-leader.timeout = 120s (custom)
2019-10-02 05:59:06,444 [pool-119-thread-1] INFO  server.RaftServerConfigKeys (ConfUtils.java:logGet(43)) - raft.server.log.use.memory = false (default)
2019-10-02 05:59:06,444 [pool-139-thread-1] INFO  server.RaftServerConfigKeys (ConfUtils.java:logGet(43)) - raft.server.notification.no-leader.timeout = 120s (custom)
2019-10-02 05:59:06,444 [pool-119-thread-1] INFO  server.RaftServerConfigKeys (ConfUtils.java:logGet(43)) - raft.server.log.purge.gap = 1000000 (custom)
2019-10-02 05:59:06,444 [pool-129-thread-1] INFO  server.RaftServerConfigKeys (ConfUtils.java:logGet(43)) - raft.server.log.use.memory = false (default)
2019-10-02 05:59:06,444 [pool-119-thread-1] INFO  server.RaftServerConfigKeys (ConfUtils.java:logGet(43)) - raft.server.log.appender.buffer.byte-limit = 33554432 (custom)
2019-10-02 05:59:06,444 [pool-139-thread-1] INFO  server.RaftServerConfigKeys (ConfUtils.java:logGet(43)) - raft.server.log.use.memory = false (default)
2019-10-02 05:59:06,445 [pool-119-thread-1] INFO  server.RaftServerConfigKeys (ConfUtils.java:logGet(43)) - raft.server.log.segment.size.max = 1048576 (custom)
2019-10-02 05:59:06,445 [pool-129-thread-1] INFO  server.RaftServerConfigKeys (ConfUtils.java:logGet(43)) - raft.server.log.purge.gap = 1000000 (custom)
2019-10-02 05:59:06,445 [pool-119-thread-1] INFO  server.RaftServerConfigKeys (ConfUtils.java:logGet(43)) - raft.server.log.segment.cache.num.max = 2 (custom)
2019-10-02 05:59:06,445 [pool-139-thread-1] INFO  server.RaftServerConfigKeys (ConfUtils.java:logGet(43)) - raft.server.log.purge.gap = 1000000 (custom)
2019-10-02 05:59:06,445 [pool-119-thread-1] INFO  segmented.SegmentedRaftLogWorker (SegmentedRaftLogWorker.java:<init>(173)) - new 4dc07db9-938b-48ea-815e-ae23a535f1bb@group-A0F3659C1B16-SegmentedRaftLogWorker for RaftStorage:Storage Directory /workdir/hadoop-ozone/integration-test/target/test-dir/MiniOzoneClusterImpl-9bd87f02-f7a5-4629-95ca-511ace651d20/datanode-0/data/ratis/ac96f5ad-5fea-4bfe-82c9-a0f3659c1b16
2019-10-02 05:59:06,445 [pool-129-thread-1] INFO  server.RaftServerConfigKeys (ConfUtils.java:logGet(43)) - raft.server.log.appender.buffer.byte-limit = 33554432 (custom)
2019-10-02 05:59:06,445 [pool-119-thread-1] INFO  server.RaftServerConfigKeys (ConfUtils.java:logGet(43)) - raft.server.log.queue.byte-limit = 2147483647 (custom)
2019-10-02 05:59:06,445 [pool-139-thread-1] INFO  server.RaftServerConfigKeys (ConfUtils.java:logGet(43)) - raft.server.log.appender.buffer.byte-limit = 33554432 (custom)
2019-10-02 05:59:06,446 [pool-119-thread-1] INFO  server.RaftServerConfigKeys (ConfUtils.java:logGet(43)) - raft.server.log.queue.element-limit = 1024 (custom)
2019-10-02 05:59:06,446 [pool-129-thread-1] INFO  server.RaftServerConfigKeys (ConfUtils.java:logGet(43)) - raft.server.log.segment.size.max = 1048576 (custom)
2019-10-02 05:59:06,446 [pool-119-thread-1] INFO  server.RaftServerConfigKeys (ConfUtils.java:logGet(43)) - raft.server.log.segment.size.max = 1048576 (custom)
2019-10-02 05:59:06,446 [pool-139-thread-1] INFO  server.RaftServerConfigKeys (ConfUtils.java:logGet(43)) - raft.server.log.segment.size.max = 1048576 (custom)
2019-10-02 05:59:06,446 [pool-119-thread-1] INFO  server.RaftServerConfigKeys (ConfUtils.java:logGet(43)) - raft.server.log.preallocated.size = 16384 (custom)
2019-10-02 05:59:06,446 [pool-129-thread-1] INFO  server.RaftServerConfigKeys (ConfUtils.java:logGet(43)) - raft.server.log.segment.cache.num.max = 2 (custom)
2019-10-02 05:59:06,446 [pool-119-thread-1] INFO  server.RaftServerConfigKeys (ConfUtils.java:logGet(43)) - raft.server.log.write.buffer.size = 33554432 (custom)
2019-10-02 05:59:06,446 [pool-139-thread-1] INFO  server.RaftServerConfigKeys (ConfUtils.java:logGet(43)) - raft.server.log.segment.cache.num.max = 2 (custom)
2019-10-02 05:59:06,447 [pool-119-thread-1] INFO  server.RaftServerConfigKeys (ConfUtils.java:logGet(43)) - raft.server.log.force.sync.num = 128 (default)
2019-10-02 05:59:06,447 [pool-129-thread-1] INFO  segmented.SegmentedRaftLogWorker (SegmentedRaftLogWorker.java:<init>(173)) - new 665fa38a-9537-47ed-bb4f-28280fb495a6@group-A0F3659C1B16-SegmentedRaftLogWorker for RaftStorage:Storage Directory /workdir/hadoop-ozone/integration-test/target/test-dir/MiniOzoneClusterImpl-9bd87f02-f7a5-4629-95ca-511ace651d20/datanode-1/data/ratis/ac96f5ad-5fea-4bfe-82c9-a0f3659c1b16
2019-10-02 05:59:06,447 [pool-119-thread-1] INFO  server.RaftServerConfigKeys (ConfUtils.java:logGet(43)) - raft.server.log.statemachine.data.sync = true (default)
2019-10-02 05:59:06,447 [pool-139-thread-1] INFO  segmented.SegmentedRaftLogWorker (SegmentedRaftLogWorker.java:<init>(173)) - new 17973fa0-ca4b-4c8f-aca3-d8dca3028241@group-A0F3659C1B16-SegmentedRaftLogWorker for RaftStorage:Storage Directory /workdir/hadoop-ozone/integration-test/target/test-dir/MiniOzoneClusterImpl-9bd87f02-f7a5-4629-95ca-511ace651d20/datanode-2/data/ratis/ac96f5ad-5fea-4bfe-82c9-a0f3659c1b16
2019-10-02 05:59:06,447 [pool-119-thread-1] INFO  server.RaftServerConfigKeys (ConfUtils.java:logGet(43)) - raft.server.log.statemachine.data.sync.timeout = 10s (default)
2019-10-02 05:59:06,447 [pool-129-thread-1] INFO  server.RaftServerConfigKeys (ConfUtils.java:logGet(43)) - raft.server.log.queue.byte-limit = 2147483647 (custom)
2019-10-02 05:59:06,448 [pool-119-thread-1] INFO  server.RaftServerConfigKeys (ConfUtils.java:logGet(43)) - raft.server.log.statemachine.data.sync.timeout.retry = -1 (default)
2019-10-02 05:59:06,448 [pool-139-thread-1] INFO  server.RaftServerConfigKeys (ConfUtils.java:logGet(43)) - raft.server.log.queue.byte-limit = 2147483647 (custom)
2019-10-02 05:59:06,448 [pool-119-thread-1] INFO  server.RaftServerConfigKeys (ConfUtils.java:logGet(43)) - raft.server.log.statemachine.data.caching.enabled = true (custom)
2019-10-02 05:59:06,448 [pool-129-thread-1] INFO  server.RaftServerConfigKeys (ConfUtils.java:logGet(43)) - raft.server.log.queue.element-limit = 1024 (custom)
2019-10-02 05:59:06,448 [pool-139-thread-1] INFO  server.RaftServerConfigKeys (ConfUtils.java:logGet(43)) - raft.server.log.queue.element-limit = 1024 (custom)
2019-10-02 05:59:06,448 [pool-119-thread-1] INFO  segmented.SegmentedRaftLogWorker (SegmentedRaftLogWorker.java:lambda$new$0(128)) - 4dc07db9-938b-48ea-815e-ae23a535f1bb@group-A0F3659C1B16-SegmentedRaftLogWorker: flushIndex: setUnconditionally 0 -> -1
2019-10-02 05:59:06,448 [pool-129-thread-1] INFO  server.RaftServerConfigKeys (ConfUtils.java:logGet(43)) - raft.server.log.segment.size.max = 1048576 (custom)
2019-10-02 05:59:06,449 [pool-139-thread-1] INFO  server.RaftServerConfigKeys (ConfUtils.java:logGet(43)) - raft.server.log.segment.size.max = 1048576 (custom)
2019-10-02 05:59:06,449 [pool-119-thread-1] INFO  server.RaftServerConfigKeys (ConfUtils.java:logGet(43)) - raft.server.snapshot.auto.trigger.enabled = true (custom)
2019-10-02 05:59:06,449 [pool-129-thread-1] INFO  server.RaftServerConfigKeys (ConfUtils.java:logGet(43)) - raft.server.log.preallocated.size = 16384 (custom)
2019-10-02 05:59:06,449 [pool-119-thread-1] INFO  server.RaftServerConfigKeys (ConfUtils.java:logGet(43)) - raft.server.snapshot.auto.trigger.threshold = 10000 (custom)
2019-10-02 05:59:06,449 [pool-139-thread-1] INFO  server.RaftServerConfigKeys (ConfUtils.java:logGet(43)) - raft.server.log.preallocated.size = 16384 (custom)
2019-10-02 05:59:06,449 [pool-119-thread-1] INFO  server.RaftServerConfigKeys (ConfUtils.java:logGet(43)) - raft.server.snapshot.retention.file.num = 5 (custom)
2019-10-02 05:59:06,449 [pool-129-thread-1] INFO  server.RaftServerConfigKeys (ConfUtils.java:logGet(43)) - raft.server.log.write.buffer.size = 33554432 (custom)
2019-10-02 05:59:06,450 [pool-119-thread-1] INFO  server.RaftServerConfigKeys (ConfUtils.java:logGet(43)) - raft.server.retrycache.expirytime = 600000ms (custom)
2019-10-02 05:59:06,450 [pool-139-thread-1] INFO  server.RaftServerConfigKeys (ConfUtils.java:logGet(43)) - raft.server.log.write.buffer.size = 33554432 (custom)
2019-10-02 05:59:06,450 [pool-129-thread-1] INFO  server.RaftServerConfigKeys (ConfUtils.java:logGet(43)) - raft.server.log.force.sync.num = 128 (default)
2019-10-02 05:59:06,450 [pool-139-thread-1] INFO  server.RaftServerConfigKeys (ConfUtils.java:logGet(43)) - raft.server.log.force.sync.num = 128 (default)
2019-10-02 05:59:06,450 [pool-129-thread-1] INFO  server.RaftServerConfigKeys (ConfUtils.java:logGet(43)) - raft.server.log.statemachine.data.sync = true (default)
2019-10-02 05:59:06,450 [pool-139-thread-1] INFO  server.RaftServerConfigKeys (ConfUtils.java:logGet(43)) - raft.server.log.statemachine.data.sync = true (default)
2019-10-02 05:59:06,451 [pool-129-thread-1] INFO  server.RaftServerConfigKeys (ConfUtils.java:logGet(43)) - raft.server.log.statemachine.data.sync.timeout = 10s (default)
2019-10-02 05:59:06,451 [pool-139-thread-1] INFO  server.RaftServerConfigKeys (ConfUtils.java:logGet(43)) - raft.server.log.statemachine.data.sync.timeout = 10s (default)
2019-10-02 05:59:06,451 [pool-129-thread-1] INFO  server.RaftServerConfigKeys (ConfUtils.java:logGet(43)) - raft.server.log.statemachine.data.sync.timeout.retry = -1 (default)
2019-10-02 05:59:06,451 [pool-139-thread-1] INFO  server.RaftServerConfigKeys (ConfUtils.java:logGet(43)) - raft.server.log.statemachine.data.sync.timeout.retry = -1 (default)
2019-10-02 05:59:06,451 [pool-129-thread-1] INFO  server.RaftServerConfigKeys (ConfUtils.java:logGet(43)) - raft.server.log.statemachine.data.caching.enabled = true (custom)
2019-10-02 05:59:06,451 [pool-139-thread-1] INFO  server.RaftServerConfigKeys (ConfUtils.java:logGet(43)) - raft.server.log.statemachine.data.caching.enabled = true (custom)
2019-10-02 05:59:06,452 [pool-129-thread-1] INFO  segmented.SegmentedRaftLogWorker (SegmentedRaftLogWorker.java:lambda$new$0(128)) - 665fa38a-9537-47ed-bb4f-28280fb495a6@group-A0F3659C1B16-SegmentedRaftLogWorker: flushIndex: setUnconditionally 0 -> -1
2019-10-02 05:59:06,452 [pool-139-thread-1] INFO  segmented.SegmentedRaftLogWorker (SegmentedRaftLogWorker.java:lambda$new$0(128)) - 17973fa0-ca4b-4c8f-aca3-d8dca3028241@group-A0F3659C1B16-SegmentedRaftLogWorker: flushIndex: setUnconditionally 0 -> -1
2019-10-02 05:59:06,452 [pool-129-thread-1] INFO  server.RaftServerConfigKeys (ConfUtils.java:logGet(43)) - raft.server.snapshot.auto.trigger.enabled = true (custom)
2019-10-02 05:59:06,452 [pool-129-thread-1] INFO  server.RaftServerConfigKeys (ConfUtils.java:logGet(43)) - raft.server.snapshot.auto.trigger.threshold = 10000 (custom)
2019-10-02 05:59:06,452 [pool-139-thread-1] INFO  server.RaftServerConfigKeys (ConfUtils.java:logGet(43)) - raft.server.snapshot.auto.trigger.enabled = true (custom)
2019-10-02 05:59:06,452 [pool-119-thread-1] INFO  impl.RaftServerImpl (RaftServerImpl.java:start(181)) - 4dc07db9-938b-48ea-815e-ae23a535f1bb@group-A0F3659C1B16: start as a follower, conf=-1: [17973fa0-ca4b-4c8f-aca3-d8dca3028241:192.168.164.241:33566, 4dc07db9-938b-48ea-815e-ae23a535f1bb:192.168.164.241:44125, 665fa38a-9537-47ed-bb4f-28280fb495a6:192.168.164.241:42397], old=null
2019-10-02 05:59:06,452 [pool-129-thread-1] INFO  server.RaftServerConfigKeys (ConfUtils.java:logGet(43)) - raft.server.snapshot.retention.file.num = 5 (custom)
2019-10-02 05:59:06,452 [pool-119-thread-1] INFO  impl.RaftServerImpl (RaftServerImpl.java:setRole(170)) - 4dc07db9-938b-48ea-815e-ae23a535f1bb@group-A0F3659C1B16: changes role from      null to FOLLOWER at term 0 for startAsFollower
2019-10-02 05:59:06,452 [pool-139-thread-1] INFO  server.RaftServerConfigKeys (ConfUtils.java:logGet(43)) - raft.server.snapshot.auto.trigger.threshold = 10000 (custom)
2019-10-02 05:59:06,453 [pool-119-thread-1] INFO  impl.RoleInfo (RoleInfo.java:updateAndGet(143)) - 4dc07db9-938b-48ea-815e-ae23a535f1bb: start FollowerState
2019-10-02 05:59:06,453 [pool-129-thread-1] INFO  server.RaftServerConfigKeys (ConfUtils.java:logGet(43)) - raft.server.retrycache.expirytime = 600000ms (custom)
2019-10-02 05:59:06,453 [pool-139-thread-1] INFO  server.RaftServerConfigKeys (ConfUtils.java:logGet(43)) - raft.server.snapshot.retention.file.num = 5 (custom)
2019-10-02 05:59:06,453 [pool-119-thread-1] INFO  util.JmxRegister (JmxRegister.java:tryRegister(44)) - Successfully registered JMX Bean with object name Ratis:service=RaftServer,group=group-A0F3659C1B16,id=4dc07db9-938b-48ea-815e-ae23a535f1bb
2019-10-02 05:59:06,453 [pool-139-thread-1] INFO  server.RaftServerConfigKeys (ConfUtils.java:logGet(43)) - raft.server.retrycache.expirytime = 600000ms (custom)
2019-10-02 05:59:06,457 [pool-129-thread-1] INFO  impl.RaftServerImpl (RaftServerImpl.java:start(181)) - 665fa38a-9537-47ed-bb4f-28280fb495a6@group-A0F3659C1B16: start as a follower, conf=-1: [17973fa0-ca4b-4c8f-aca3-d8dca3028241:192.168.164.241:33566, 4dc07db9-938b-48ea-815e-ae23a535f1bb:192.168.164.241:44125, 665fa38a-9537-47ed-bb4f-28280fb495a6:192.168.164.241:42397], old=null
2019-10-02 05:59:06,457 [pool-129-thread-1] INFO  impl.RaftServerImpl (RaftServerImpl.java:setRole(170)) - 665fa38a-9537-47ed-bb4f-28280fb495a6@group-A0F3659C1B16: changes role from      null to FOLLOWER at term 0 for startAsFollower
2019-10-02 05:59:06,457 [pool-129-thread-1] INFO  impl.RoleInfo (RoleInfo.java:updateAndGet(143)) - 665fa38a-9537-47ed-bb4f-28280fb495a6: start FollowerState
2019-10-02 05:59:06,457 [pool-129-thread-1] INFO  util.JmxRegister (JmxRegister.java:tryRegister(44)) - Successfully registered JMX Bean with object name Ratis:service=RaftServer,group=group-A0F3659C1B16,id=665fa38a-9537-47ed-bb4f-28280fb495a6
2019-10-02 05:59:06,458 [pool-139-thread-1] INFO  impl.RaftServerImpl (RaftServerImpl.java:start(181)) - 17973fa0-ca4b-4c8f-aca3-d8dca3028241@group-A0F3659C1B16: start as a follower, conf=-1: [17973fa0-ca4b-4c8f-aca3-d8dca3028241:192.168.164.241:33566, 4dc07db9-938b-48ea-815e-ae23a535f1bb:192.168.164.241:44125, 665fa38a-9537-47ed-bb4f-28280fb495a6:192.168.164.241:42397], old=null
2019-10-02 05:59:06,458 [pool-139-thread-1] INFO  impl.RaftServerImpl (RaftServerImpl.java:setRole(170)) - 17973fa0-ca4b-4c8f-aca3-d8dca3028241@group-A0F3659C1B16: changes role from      null to FOLLOWER at term 0 for startAsFollower
2019-10-02 05:59:06,458 [pool-139-thread-1] INFO  impl.RoleInfo (RoleInfo.java:updateAndGet(143)) - 17973fa0-ca4b-4c8f-aca3-d8dca3028241: start FollowerState
2019-10-02 05:59:06,459 [pool-139-thread-1] INFO  util.JmxRegister (JmxRegister.java:tryRegister(44)) - Successfully registered JMX Bean with object name Ratis:service=RaftServer,group=group-A0F3659C1B16,id=17973fa0-ca4b-4c8f-aca3-d8dca3028241
2019-10-02 05:59:06,468 [RatisPipelineUtilsThread] INFO  pipeline.PipelineStateManager (PipelineStateManager.java:addPipeline(56)) - Created pipeline Pipeline[ Id: ac96f5ad-5fea-4bfe-82c9-a0f3659c1b16, Nodes: 665fa38a-9537-47ed-bb4f-28280fb495a6{ip: 192.168.164.241, host: trunk-nightly-20191002-p7fms-2058464235, networkLocation: /default-rack, certSerialId: null}4dc07db9-938b-48ea-815e-ae23a535f1bb{ip: 192.168.164.241, host: trunk-nightly-20191002-p7fms-2058464235, networkLocation: /default-rack, certSerialId: null}17973fa0-ca4b-4c8f-aca3-d8dca3028241{ip: 192.168.164.241, host: trunk-nightly-20191002-p7fms-2058464235, networkLocation: /default-rack, certSerialId: null}, Type:RATIS, Factor:THREE, State:OPEN]
2019-10-02 05:59:06,472 [IPC Server handler 7 on 33545] INFO  net.NetworkTopology (NetworkTopologyImpl.java:add(111)) - Added a new node: /default-rack/1a104173-8766-4821-8d3b-b5b33cc05046
2019-10-02 05:59:06,472 [IPC Server handler 7 on 33545] INFO  node.SCMNodeManager (SCMNodeManager.java:register(266)) - Registered Data node : 1a104173-8766-4821-8d3b-b5b33cc05046{ip: 192.168.164.241, host: trunk-nightly-20191002-p7fms-2058464235, networkLocation: /default-rack, certSerialId: null}
2019-10-02 05:59:06,479 [grpc-default-executor-4] INFO  impl.RaftServerProxy (RaftServerProxy.java:addNew(89)) - 98deb3f5-0e5e-4c88-9e80-87735dc2d52d: addNew group-52AD764FA53B:[98deb3f5-0e5e-4c88-9e80-87735dc2d52d:192.168.164.241:36654] returns group-52AD764FA53B:java.util.concurrent.CompletableFuture@5b1fd5f8[Not completed]
2019-10-02 05:59:06,485 [pool-149-thread-1] INFO  impl.RaftServerImpl (RaftServerImpl.java:<init>(95)) - 98deb3f5-0e5e-4c88-9e80-87735dc2d52d: new RaftServerImpl for group-52AD764FA53B:[98deb3f5-0e5e-4c88-9e80-87735dc2d52d:192.168.164.241:36654] with ContainerStateMachine:uninitialized
2019-10-02 05:59:06,485 [pool-149-thread-1] INFO  server.RaftServerConfigKeys (ConfUtils.java:logGet(43)) - raft.server.rpc.timeout.min = 5s (custom)
2019-10-02 05:59:06,485 [pool-149-thread-1] INFO  server.RaftServerConfigKeys (ConfUtils.java:logGet(43)) - raft.server.rpc.timeout.max = 5200ms (custom)
2019-10-02 05:59:06,485 [pool-149-thread-1] INFO  server.RaftServerConfigKeys (ConfUtils.java:logGet(43)) - raft.server.rpcslowness.timeout = 120s (custom)
2019-10-02 05:59:06,485 [pool-149-thread-1] INFO  server.RaftServerConfigKeys (ConfUtils.java:logGet(43)) - raft.server.sleep.deviation.threshold = 300 (default)
2019-10-02 05:59:06,486 [pool-149-thread-1] INFO  server.RaftServerConfigKeys (ConfUtils.java:logGet(43)) - raft.server.log.appender.install.snapshot.enabled = false (custom)
2019-10-02 05:59:06,486 [pool-149-thread-1] INFO  impl.RaftServerImpl (ServerState.java:<init>(103)) - 98deb3f5-0e5e-4c88-9e80-87735dc2d52d@group-52AD764FA53B: ConfigurationManager, init=-1: [98deb3f5-0e5e-4c88-9e80-87735dc2d52d:192.168.164.241:36654], old=null, confs=<EMPTY_MAP>
2019-10-02 05:59:06,486 [pool-149-thread-1] INFO  server.RaftServerConfigKeys (ConfUtils.java:logGet(43)) - raft.server.storage.dir = [/workdir/hadoop-ozone/integration-test/target/test-dir/MiniOzoneClusterImpl-9bd87f02-f7a5-4629-95ca-511ace651d20/datanode-3/data/ratis] (custom)
2019-10-02 05:59:06,486 [pool-149-thread-1] INFO  server.RaftServerConfigKeys (ConfUtils.java:logGet(43)) - raft.server.log.corruption.policy = EXCEPTION (default)
2019-10-02 05:59:06,486 [pool-149-thread-1] INFO  storage.RaftStorageDirectory (RaftStorageDirectory.java:analyzeStorage(246)) - The storage directory /workdir/hadoop-ozone/integration-test/target/test-dir/MiniOzoneClusterImpl-9bd87f02-f7a5-4629-95ca-511ace651d20/datanode-3/data/ratis/d8be6d0d-a46b-4148-8273-52ad764fa53b does not exist. Creating ...
2019-10-02 05:59:06,499 [pool-149-thread-1] INFO  storage.RaftStorageDirectory (RaftStorageDirectory.java:tryLock(328)) - Lock on /workdir/hadoop-ozone/integration-test/target/test-dir/MiniOzoneClusterImpl-9bd87f02-f7a5-4629-95ca-511ace651d20/datanode-3/data/ratis/d8be6d0d-a46b-4148-8273-52ad764fa53b/in_use.lock acquired by nodename 15596@trunk-nightly-20191002-p7fms-2058464235
2019-10-02 05:59:06,509 [pool-149-thread-1] INFO  storage.RaftStorage (RaftStorage.java:format(84)) - Storage directory /workdir/hadoop-ozone/integration-test/target/test-dir/MiniOzoneClusterImpl-9bd87f02-f7a5-4629-95ca-511ace651d20/datanode-3/data/ratis/d8be6d0d-a46b-4148-8273-52ad764fa53b has been successfully formatted.
2019-10-02 05:59:06,509 [pool-149-thread-1] INFO  ratis.ContainerStateMachine (ContainerStateMachine.java:loadSnapshot(230)) - group-52AD764FA53B: The snapshot info is null. Setting the last applied indexto:(t:0, i:~)
2019-10-02 05:59:06,510 [pool-149-thread-1] INFO  server.RaftServerConfigKeys (ConfUtils.java:logGet(43)) - raft.server.notification.no-leader.timeout = 120s (custom)
2019-10-02 05:59:06,510 [pool-149-thread-1] INFO  server.RaftServerConfigKeys (ConfUtils.java:logGet(43)) - raft.server.log.use.memory = false (default)
2019-10-02 05:59:06,510 [pool-149-thread-1] INFO  server.RaftServerConfigKeys (ConfUtils.java:logGet(43)) - raft.server.log.purge.gap = 1000000 (custom)
2019-10-02 05:59:06,510 [pool-149-thread-1] INFO  server.RaftServerConfigKeys (ConfUtils.java:logGet(43)) - raft.server.log.appender.buffer.byte-limit = 33554432 (custom)
2019-10-02 05:59:06,510 [pool-149-thread-1] INFO  server.RaftServerConfigKeys (ConfUtils.java:logGet(43)) - raft.server.log.segment.size.max = 1048576 (custom)
2019-10-02 05:59:06,512 [pool-149-thread-1] INFO  server.RaftServerConfigKeys (ConfUtils.java:logGet(43)) - raft.server.log.segment.cache.num.max = 2 (custom)
2019-10-02 05:59:06,513 [pool-149-thread-1] INFO  segmented.SegmentedRaftLogWorker (SegmentedRaftLogWorker.java:<init>(173)) - new 98deb3f5-0e5e-4c88-9e80-87735dc2d52d@group-52AD764FA53B-SegmentedRaftLogWorker for RaftStorage:Storage Directory /workdir/hadoop-ozone/integration-test/target/test-dir/MiniOzoneClusterImpl-9bd87f02-f7a5-4629-95ca-511ace651d20/datanode-3/data/ratis/d8be6d0d-a46b-4148-8273-52ad764fa53b
2019-10-02 05:59:06,513 [pool-149-thread-1] INFO  server.RaftServerConfigKeys (ConfUtils.java:logGet(43)) - raft.server.log.queue.byte-limit = 2147483647 (custom)
2019-10-02 05:59:06,513 [pool-149-thread-1] INFO  server.RaftServerConfigKeys (ConfUtils.java:logGet(43)) - raft.server.log.queue.element-limit = 1024 (custom)
2019-10-02 05:59:06,513 [pool-149-thread-1] INFO  server.RaftServerConfigKeys (ConfUtils.java:logGet(43)) - raft.server.log.segment.size.max = 1048576 (custom)
2019-10-02 05:59:06,513 [pool-149-thread-1] INFO  server.RaftServerConfigKeys (ConfUtils.java:logGet(43)) - raft.server.log.preallocated.size = 16384 (custom)
2019-10-02 05:59:06,513 [pool-149-thread-1] INFO  server.RaftServerConfigKeys (ConfUtils.java:logGet(43)) - raft.server.log.write.buffer.size = 33554432 (custom)
2019-10-02 05:59:06,513 [pool-149-thread-1] INFO  server.RaftServerConfigKeys (ConfUtils.java:logGet(43)) - raft.server.log.force.sync.num = 128 (default)
2019-10-02 05:59:06,514 [pool-149-thread-1] INFO  server.RaftServerConfigKeys (ConfUtils.java:logGet(43)) - raft.server.log.statemachine.data.sync = true (default)
2019-10-02 05:59:06,514 [pool-149-thread-1] INFO  server.RaftServerConfigKeys (ConfUtils.java:logGet(43)) - raft.server.log.statemachine.data.sync.timeout = 10s (default)
2019-10-02 05:59:06,514 [pool-149-thread-1] INFO  server.RaftServerConfigKeys (ConfUtils.java:logGet(43)) - raft.server.log.statemachine.data.sync.timeout.retry = -1 (default)
2019-10-02 05:59:06,514 [pool-149-thread-1] INFO  server.RaftServerConfigKeys (ConfUtils.java:logGet(43)) - raft.server.log.statemachine.data.caching.enabled = true (custom)
2019-10-02 05:59:06,514 [pool-149-thread-1] INFO  segmented.SegmentedRaftLogWorker (SegmentedRaftLogWorker.java:lambda$new$0(128)) - 98deb3f5-0e5e-4c88-9e80-87735dc2d52d@group-52AD764FA53B-SegmentedRaftLogWorker: flushIndex: setUnconditionally 0 -> -1
2019-10-02 05:59:06,515 [pool-149-thread-1] INFO  server.RaftServerConfigKeys (ConfUtils.java:logGet(43)) - raft.server.snapshot.auto.trigger.enabled = true (custom)
2019-10-02 05:59:06,515 [pool-149-thread-1] INFO  server.RaftServerConfigKeys (ConfUtils.java:logGet(43)) - raft.server.snapshot.auto.trigger.threshold = 10000 (custom)
2019-10-02 05:59:06,515 [pool-149-thread-1] INFO  server.RaftServerConfigKeys (ConfUtils.java:logGet(43)) - raft.server.snapshot.retention.file.num = 5 (custom)
2019-10-02 05:59:06,515 [pool-149-thread-1] INFO  server.RaftServerConfigKeys (ConfUtils.java:logGet(43)) - raft.server.retrycache.expirytime = 600000ms (custom)
2019-10-02 05:59:06,517 [pool-149-thread-1] INFO  impl.RaftServerImpl (RaftServerImpl.java:start(181)) - 98deb3f5-0e5e-4c88-9e80-87735dc2d52d@group-52AD764FA53B: start as a follower, conf=-1: [98deb3f5-0e5e-4c88-9e80-87735dc2d52d:192.168.164.241:36654], old=null
2019-10-02 05:59:06,517 [pool-149-thread-1] INFO  impl.RaftServerImpl (RaftServerImpl.java:setRole(170)) - 98deb3f5-0e5e-4c88-9e80-87735dc2d52d@group-52AD764FA53B: changes role from      null to FOLLOWER at term 0 for startAsFollower
2019-10-02 05:59:06,517 [pool-149-thread-1] INFO  impl.RoleInfo (RoleInfo.java:updateAndGet(143)) - 98deb3f5-0e5e-4c88-9e80-87735dc2d52d: start FollowerState
2019-10-02 05:59:06,529 [pool-149-thread-1] INFO  util.JmxRegister (JmxRegister.java:tryRegister(44)) - Successfully registered JMX Bean with object name Ratis:service=RaftServer,group=group-52AD764FA53B,id=98deb3f5-0e5e-4c88-9e80-87735dc2d52d
2019-10-02 05:59:06,543 [IPC Server handler 5 on 33545] INFO  net.NetworkTopology (NetworkTopologyImpl.java:add(111)) - Added a new node: /default-rack/222008bf-c101-4150-9611-50929e98545a
2019-10-02 05:59:06,543 [IPC Server handler 5 on 33545] INFO  node.SCMNodeManager (SCMNodeManager.java:register(266)) - Registered Data node : 222008bf-c101-4150-9611-50929e98545a{ip: 192.168.164.241, host: trunk-nightly-20191002-p7fms-2058464235, networkLocation: /default-rack, certSerialId: null}
2019-10-02 05:59:06,543 [RatisPipelineUtilsThread] INFO  pipeline.PipelineStateManager (PipelineStateManager.java:addPipeline(56)) - Created pipeline Pipeline[ Id: d8be6d0d-a46b-4148-8273-52ad764fa53b, Nodes: 98deb3f5-0e5e-4c88-9e80-87735dc2d52d{ip: 192.168.164.241, host: trunk-nightly-20191002-p7fms-2058464235, networkLocation: /default-rack, certSerialId: null}, Type:RATIS, Factor:ONE, State:OPEN]
2019-10-02 05:59:06,551 [grpc-default-executor-4] INFO  impl.RaftServerProxy (RaftServerProxy.java:addNew(89)) - 1a104173-8766-4821-8d3b-b5b33cc05046: addNew group-1006BA092D03:[1a104173-8766-4821-8d3b-b5b33cc05046:192.168.164.241:42807] returns group-1006BA092D03:java.util.concurrent.CompletableFuture@3a270ef8[Not completed]
2019-10-02 05:59:06,554 [pool-159-thread-1] INFO  impl.RaftServerImpl (RaftServerImpl.java:<init>(95)) - 1a104173-8766-4821-8d3b-b5b33cc05046: new RaftServerImpl for group-1006BA092D03:[1a104173-8766-4821-8d3b-b5b33cc05046:192.168.164.241:42807] with ContainerStateMachine:uninitialized
2019-10-02 05:59:06,554 [pool-159-thread-1] INFO  server.RaftServerConfigKeys (ConfUtils.java:logGet(43)) - raft.server.rpc.timeout.min = 5s (custom)
2019-10-02 05:59:06,554 [pool-159-thread-1] INFO  server.RaftServerConfigKeys (ConfUtils.java:logGet(43)) - raft.server.rpc.timeout.max = 5200ms (custom)
2019-10-02 05:59:06,555 [pool-159-thread-1] INFO  server.RaftServerConfigKeys (ConfUtils.java:logGet(43)) - raft.server.rpcslowness.timeout = 120s (custom)
2019-10-02 05:59:06,555 [pool-159-thread-1] INFO  server.RaftServerConfigKeys (ConfUtils.java:logGet(43)) - raft.server.sleep.deviation.threshold = 300 (default)
2019-10-02 05:59:06,555 [pool-159-thread-1] INFO  server.RaftServerConfigKeys (ConfUtils.java:logGet(43)) - raft.server.log.appender.install.snapshot.enabled = false (custom)
2019-10-02 05:59:06,555 [pool-159-thread-1] INFO  impl.RaftServerImpl (ServerState.java:<init>(103)) - 1a104173-8766-4821-8d3b-b5b33cc05046@group-1006BA092D03: ConfigurationManager, init=-1: [1a104173-8766-4821-8d3b-b5b33cc05046:192.168.164.241:42807], old=null, confs=<EMPTY_MAP>
2019-10-02 05:59:06,555 [pool-159-thread-1] INFO  server.RaftServerConfigKeys (ConfUtils.java:logGet(43)) - raft.server.storage.dir = [/workdir/hadoop-ozone/integration-test/target/test-dir/MiniOzoneClusterImpl-9bd87f02-f7a5-4629-95ca-511ace651d20/datanode-4/data/ratis] (custom)
2019-10-02 05:59:06,555 [pool-159-thread-1] INFO  server.RaftServerConfigKeys (ConfUtils.java:logGet(43)) - raft.server.log.corruption.policy = EXCEPTION (default)
2019-10-02 05:59:06,555 [pool-159-thread-1] INFO  storage.RaftStorageDirectory (RaftStorageDirectory.java:analyzeStorage(246)) - The storage directory /workdir/hadoop-ozone/integration-test/target/test-dir/MiniOzoneClusterImpl-9bd87f02-f7a5-4629-95ca-511ace651d20/datanode-4/data/ratis/ccec3034-086e-4e86-8458-1006ba092d03 does not exist. Creating ...
2019-10-02 05:59:06,564 [pool-159-thread-1] INFO  storage.RaftStorageDirectory (RaftStorageDirectory.java:tryLock(328)) - Lock on /workdir/hadoop-ozone/integration-test/target/test-dir/MiniOzoneClusterImpl-9bd87f02-f7a5-4629-95ca-511ace651d20/datanode-4/data/ratis/ccec3034-086e-4e86-8458-1006ba092d03/in_use.lock acquired by nodename 15596@trunk-nightly-20191002-p7fms-2058464235
2019-10-02 05:59:06,577 [pool-159-thread-1] INFO  storage.RaftStorage (RaftStorage.java:format(84)) - Storage directory /workdir/hadoop-ozone/integration-test/target/test-dir/MiniOzoneClusterImpl-9bd87f02-f7a5-4629-95ca-511ace651d20/datanode-4/data/ratis/ccec3034-086e-4e86-8458-1006ba092d03 has been successfully formatted.
2019-10-02 05:59:06,577 [pool-159-thread-1] INFO  ratis.ContainerStateMachine (ContainerStateMachine.java:loadSnapshot(230)) - group-1006BA092D03: The snapshot info is null. Setting the last applied indexto:(t:0, i:~)
2019-10-02 05:59:06,578 [pool-159-thread-1] INFO  server.RaftServerConfigKeys (ConfUtils.java:logGet(43)) - raft.server.notification.no-leader.timeout = 120s (custom)
2019-10-02 05:59:06,578 [pool-159-thread-1] INFO  server.RaftServerConfigKeys (ConfUtils.java:logGet(43)) - raft.server.log.use.memory = false (default)
2019-10-02 05:59:06,578 [pool-159-thread-1] INFO  server.RaftServerConfigKeys (ConfUtils.java:logGet(43)) - raft.server.log.purge.gap = 1000000 (custom)
2019-10-02 05:59:06,578 [pool-159-thread-1] INFO  server.RaftServerConfigKeys (ConfUtils.java:logGet(43)) - raft.server.log.appender.buffer.byte-limit = 33554432 (custom)
2019-10-02 05:59:06,578 [pool-159-thread-1] INFO  server.RaftServerConfigKeys (ConfUtils.java:logGet(43)) - raft.server.log.segment.size.max = 1048576 (custom)
2019-10-02 05:59:06,579 [pool-159-thread-1] INFO  server.RaftServerConfigKeys (ConfUtils.java:logGet(43)) - raft.server.log.segment.cache.num.max = 2 (custom)
2019-10-02 05:59:06,580 [pool-159-thread-1] INFO  segmented.SegmentedRaftLogWorker (SegmentedRaftLogWorker.java:<init>(173)) - new 1a104173-8766-4821-8d3b-b5b33cc05046@group-1006BA092D03-SegmentedRaftLogWorker for RaftStorage:Storage Directory /workdir/hadoop-ozone/integration-test/target/test-dir/MiniOzoneClusterImpl-9bd87f02-f7a5-4629-95ca-511ace651d20/datanode-4/data/ratis/ccec3034-086e-4e86-8458-1006ba092d03
2019-10-02 05:59:06,580 [pool-159-thread-1] INFO  server.RaftServerConfigKeys (ConfUtils.java:logGet(43)) - raft.server.log.queue.byte-limit = 2147483647 (custom)
2019-10-02 05:59:06,580 [pool-159-thread-1] INFO  server.RaftServerConfigKeys (ConfUtils.java:logGet(43)) - raft.server.log.queue.element-limit = 1024 (custom)
2019-10-02 05:59:06,580 [pool-159-thread-1] INFO  server.RaftServerConfigKeys (ConfUtils.java:logGet(43)) - raft.server.log.segment.size.max = 1048576 (custom)
2019-10-02 05:59:06,580 [pool-159-thread-1] INFO  server.RaftServerConfigKeys (ConfUtils.java:logGet(43)) - raft.server.log.preallocated.size = 16384 (custom)
2019-10-02 05:59:06,580 [pool-159-thread-1] INFO  server.RaftServerConfigKeys (ConfUtils.java:logGet(43)) - raft.server.log.write.buffer.size = 33554432 (custom)
2019-10-02 05:59:06,580 [pool-159-thread-1] INFO  server.RaftServerConfigKeys (ConfUtils.java:logGet(43)) - raft.server.log.force.sync.num = 128 (default)
2019-10-02 05:59:06,580 [pool-159-thread-1] INFO  server.RaftServerConfigKeys (ConfUtils.java:logGet(43)) - raft.server.log.statemachine.data.sync = true (default)
2019-10-02 05:59:06,580 [pool-159-thread-1] INFO  server.RaftServerConfigKeys (ConfUtils.java:logGet(43)) - raft.server.log.statemachine.data.sync.timeout = 10s (default)
2019-10-02 05:59:06,580 [pool-159-thread-1] INFO  server.RaftServerConfigKeys (ConfUtils.java:logGet(43)) - raft.server.log.statemachine.data.sync.timeout.retry = -1 (default)
2019-10-02 05:59:06,581 [pool-159-thread-1] INFO  server.RaftServerConfigKeys (ConfUtils.java:logGet(43)) - raft.server.log.statemachine.data.caching.enabled = true (custom)
2019-10-02 05:59:06,581 [pool-159-thread-1] INFO  segmented.SegmentedRaftLogWorker (SegmentedRaftLogWorker.java:lambda$new$0(128)) - 1a104173-8766-4821-8d3b-b5b33cc05046@group-1006BA092D03-SegmentedRaftLogWorker: flushIndex: setUnconditionally 0 -> -1
2019-10-02 05:59:06,581 [pool-159-thread-1] INFO  server.RaftServerConfigKeys (ConfUtils.java:logGet(43)) - raft.server.snapshot.auto.trigger.enabled = true (custom)
2019-10-02 05:59:06,581 [pool-159-thread-1] INFO  server.RaftServerConfigKeys (ConfUtils.java:logGet(43)) - raft.server.snapshot.auto.trigger.threshold = 10000 (custom)
2019-10-02 05:59:06,581 [pool-159-thread-1] INFO  server.RaftServerConfigKeys (ConfUtils.java:logGet(43)) - raft.server.snapshot.retention.file.num = 5 (custom)
2019-10-02 05:59:06,581 [pool-159-thread-1] INFO  server.RaftServerConfigKeys (ConfUtils.java:logGet(43)) - raft.server.retrycache.expirytime = 600000ms (custom)
2019-10-02 05:59:06,583 [pool-159-thread-1] INFO  impl.RaftServerImpl (RaftServerImpl.java:start(181)) - 1a104173-8766-4821-8d3b-b5b33cc05046@group-1006BA092D03: start as a follower, conf=-1: [1a104173-8766-4821-8d3b-b5b33cc05046:192.168.164.241:42807], old=null
2019-10-02 05:59:06,583 [pool-159-thread-1] INFO  impl.RaftServerImpl (RaftServerImpl.java:setRole(170)) - 1a104173-8766-4821-8d3b-b5b33cc05046@group-1006BA092D03: changes role from      null to FOLLOWER at term 0 for startAsFollower
2019-10-02 05:59:06,583 [pool-159-thread-1] INFO  impl.RoleInfo (RoleInfo.java:updateAndGet(143)) - 1a104173-8766-4821-8d3b-b5b33cc05046: start FollowerState
2019-10-02 05:59:06,583 [pool-159-thread-1] INFO  util.JmxRegister (JmxRegister.java:tryRegister(44)) - Successfully registered JMX Bean with object name Ratis:service=RaftServer,group=group-1006BA092D03,id=1a104173-8766-4821-8d3b-b5b33cc05046
2019-10-02 05:59:06,589 [RatisPipelineUtilsThread] INFO  pipeline.PipelineStateManager (PipelineStateManager.java:addPipeline(56)) - Created pipeline Pipeline[ Id: ccec3034-086e-4e86-8458-1006ba092d03, Nodes: 1a104173-8766-4821-8d3b-b5b33cc05046{ip: 192.168.164.241, host: trunk-nightly-20191002-p7fms-2058464235, networkLocation: /default-rack, certSerialId: null}, Type:RATIS, Factor:ONE, State:OPEN]
2019-10-02 05:59:06,599 [main] INFO  ozone.MiniOzoneClusterImpl (MiniOzoneClusterImpl.java:lambda$waitForClusterToBeReady$0(147)) - Waiting for cluster to be ready. Got 6 of 7 DN Heartbeats.
2019-10-02 05:59:06,599 [grpc-default-executor-4] INFO  impl.RaftServerProxy (RaftServerProxy.java:addNew(89)) - 222008bf-c101-4150-9611-50929e98545a: addNew group-A6906E0D36CC:[222008bf-c101-4150-9611-50929e98545a:192.168.164.241:43880] returns group-A6906E0D36CC:java.util.concurrent.CompletableFuture@7edf4d2d[Not completed]
2019-10-02 05:59:06,600 [IPC Server handler 2 on 33545] INFO  net.NetworkTopology (NetworkTopologyImpl.java:add(111)) - Added a new node: /default-rack/48606941-d0e7-458c-8671-720c89e9f6da
2019-10-02 05:59:06,600 [IPC Server handler 2 on 33545] INFO  node.SCMNodeManager (SCMNodeManager.java:register(266)) - Registered Data node : 48606941-d0e7-458c-8671-720c89e9f6da{ip: 192.168.164.241, host: trunk-nightly-20191002-p7fms-2058464235, networkLocation: /default-rack, certSerialId: null}
2019-10-02 05:59:06,605 [pool-169-thread-1] INFO  impl.RaftServerImpl (RaftServerImpl.java:<init>(95)) - 222008bf-c101-4150-9611-50929e98545a: new RaftServerImpl for group-A6906E0D36CC:[222008bf-c101-4150-9611-50929e98545a:192.168.164.241:43880] with ContainerStateMachine:uninitialized
2019-10-02 05:59:06,605 [pool-169-thread-1] INFO  server.RaftServerConfigKeys (ConfUtils.java:logGet(43)) - raft.server.rpc.timeout.min = 5s (custom)
2019-10-02 05:59:06,605 [pool-169-thread-1] INFO  server.RaftServerConfigKeys (ConfUtils.java:logGet(43)) - raft.server.rpc.timeout.max = 5200ms (custom)
2019-10-02 05:59:06,606 [pool-169-thread-1] INFO  server.RaftServerConfigKeys (ConfUtils.java:logGet(43)) - raft.server.rpcslowness.timeout = 120s (custom)
2019-10-02 05:59:06,606 [pool-169-thread-1] INFO  server.RaftServerConfigKeys (ConfUtils.java:logGet(43)) - raft.server.sleep.deviation.threshold = 300 (default)
2019-10-02 05:59:06,606 [pool-169-thread-1] INFO  server.RaftServerConfigKeys (ConfUtils.java:logGet(43)) - raft.server.log.appender.install.snapshot.enabled = false (custom)
2019-10-02 05:59:06,606 [pool-169-thread-1] INFO  impl.RaftServerImpl (ServerState.java:<init>(103)) - 222008bf-c101-4150-9611-50929e98545a@group-A6906E0D36CC: ConfigurationManager, init=-1: [222008bf-c101-4150-9611-50929e98545a:192.168.164.241:43880], old=null, confs=<EMPTY_MAP>
2019-10-02 05:59:06,606 [pool-169-thread-1] INFO  server.RaftServerConfigKeys (ConfUtils.java:logGet(43)) - raft.server.storage.dir = [/workdir/hadoop-ozone/integration-test/target/test-dir/MiniOzoneClusterImpl-9bd87f02-f7a5-4629-95ca-511ace651d20/datanode-5/data/ratis] (custom)
2019-10-02 05:59:06,607 [pool-169-thread-1] INFO  server.RaftServerConfigKeys (ConfUtils.java:logGet(43)) - raft.server.log.corruption.policy = EXCEPTION (default)
2019-10-02 05:59:06,607 [pool-169-thread-1] INFO  storage.RaftStorageDirectory (RaftStorageDirectory.java:analyzeStorage(246)) - The storage directory /workdir/hadoop-ozone/integration-test/target/test-dir/MiniOzoneClusterImpl-9bd87f02-f7a5-4629-95ca-511ace651d20/datanode-5/data/ratis/5c96f7d0-3a43-40cb-bf14-a6906e0d36cc does not exist. Creating ...
2019-10-02 05:59:06,612 [pool-169-thread-1] INFO  storage.RaftStorageDirectory (RaftStorageDirectory.java:tryLock(328)) - Lock on /workdir/hadoop-ozone/integration-test/target/test-dir/MiniOzoneClusterImpl-9bd87f02-f7a5-4629-95ca-511ace651d20/datanode-5/data/ratis/5c96f7d0-3a43-40cb-bf14-a6906e0d36cc/in_use.lock acquired by nodename 15596@trunk-nightly-20191002-p7fms-2058464235
2019-10-02 05:59:06,615 [pool-169-thread-1] INFO  storage.RaftStorage (RaftStorage.java:format(84)) - Storage directory /workdir/hadoop-ozone/integration-test/target/test-dir/MiniOzoneClusterImpl-9bd87f02-f7a5-4629-95ca-511ace651d20/datanode-5/data/ratis/5c96f7d0-3a43-40cb-bf14-a6906e0d36cc has been successfully formatted.
2019-10-02 05:59:06,616 [pool-169-thread-1] INFO  ratis.ContainerStateMachine (ContainerStateMachine.java:loadSnapshot(230)) - group-A6906E0D36CC: The snapshot info is null. Setting the last applied indexto:(t:0, i:~)
2019-10-02 05:59:06,616 [pool-169-thread-1] INFO  server.RaftServerConfigKeys (ConfUtils.java:logGet(43)) - raft.server.notification.no-leader.timeout = 120s (custom)
2019-10-02 05:59:06,616 [pool-169-thread-1] INFO  server.RaftServerConfigKeys (ConfUtils.java:logGet(43)) - raft.server.log.use.memory = false (default)
2019-10-02 05:59:06,616 [pool-169-thread-1] INFO  server.RaftServerConfigKeys (ConfUtils.java:logGet(43)) - raft.server.log.purge.gap = 1000000 (custom)
2019-10-02 05:59:06,616 [pool-169-thread-1] INFO  server.RaftServerConfigKeys (ConfUtils.java:logGet(43)) - raft.server.log.appender.buffer.byte-limit = 33554432 (custom)
2019-10-02 05:59:06,617 [pool-169-thread-1] INFO  server.RaftServerConfigKeys (ConfUtils.java:logGet(43)) - raft.server.log.segment.size.max = 1048576 (custom)
2019-10-02 05:59:06,619 [pool-169-thread-1] INFO  server.RaftServerConfigKeys (ConfUtils.java:logGet(43)) - raft.server.log.segment.cache.num.max = 2 (custom)
2019-10-02 05:59:06,619 [pool-169-thread-1] INFO  segmented.SegmentedRaftLogWorker (SegmentedRaftLogWorker.java:<init>(173)) - new 222008bf-c101-4150-9611-50929e98545a@group-A6906E0D36CC-SegmentedRaftLogWorker for RaftStorage:Storage Directory /workdir/hadoop-ozone/integration-test/target/test-dir/MiniOzoneClusterImpl-9bd87f02-f7a5-4629-95ca-511ace651d20/datanode-5/data/ratis/5c96f7d0-3a43-40cb-bf14-a6906e0d36cc
2019-10-02 05:59:06,619 [pool-169-thread-1] INFO  server.RaftServerConfigKeys (ConfUtils.java:logGet(43)) - raft.server.log.queue.byte-limit = 2147483647 (custom)
2019-10-02 05:59:06,619 [pool-169-thread-1] INFO  server.RaftServerConfigKeys (ConfUtils.java:logGet(43)) - raft.server.log.queue.element-limit = 1024 (custom)
2019-10-02 05:59:06,620 [pool-169-thread-1] INFO  server.RaftServerConfigKeys (ConfUtils.java:logGet(43)) - raft.server.log.segment.size.max = 1048576 (custom)
2019-10-02 05:59:06,620 [pool-169-thread-1] INFO  server.RaftServerConfigKeys (ConfUtils.java:logGet(43)) - raft.server.log.preallocated.size = 16384 (custom)
2019-10-02 05:59:06,620 [pool-169-thread-1] INFO  server.RaftServerConfigKeys (ConfUtils.java:logGet(43)) - raft.server.log.write.buffer.size = 33554432 (custom)
2019-10-02 05:59:06,620 [pool-169-thread-1] INFO  server.RaftServerConfigKeys (ConfUtils.java:logGet(43)) - raft.server.log.force.sync.num = 128 (default)
2019-10-02 05:59:06,620 [pool-169-thread-1] INFO  server.RaftServerConfigKeys (ConfUtils.java:logGet(43)) - raft.server.log.statemachine.data.sync = true (default)
2019-10-02 05:59:06,620 [pool-169-thread-1] INFO  server.RaftServerConfigKeys (ConfUtils.java:logGet(43)) - raft.server.log.statemachine.data.sync.timeout = 10s (default)
2019-10-02 05:59:06,620 [pool-169-thread-1] INFO  server.RaftServerConfigKeys (ConfUtils.java:logGet(43)) - raft.server.log.statemachine.data.sync.timeout.retry = -1 (default)
2019-10-02 05:59:06,621 [pool-169-thread-1] INFO  server.RaftServerConfigKeys (ConfUtils.java:logGet(43)) - raft.server.log.statemachine.data.caching.enabled = true (custom)
2019-10-02 05:59:06,621 [pool-169-thread-1] INFO  segmented.SegmentedRaftLogWorker (SegmentedRaftLogWorker.java:lambda$new$0(128)) - 222008bf-c101-4150-9611-50929e98545a@group-A6906E0D36CC-SegmentedRaftLogWorker: flushIndex: setUnconditionally 0 -> -1
2019-10-02 05:59:06,622 [pool-169-thread-1] INFO  server.RaftServerConfigKeys (ConfUtils.java:logGet(43)) - raft.server.snapshot.auto.trigger.enabled = true (custom)
2019-10-02 05:59:06,622 [pool-169-thread-1] INFO  server.RaftServerConfigKeys (ConfUtils.java:logGet(43)) - raft.server.snapshot.auto.trigger.threshold = 10000 (custom)
2019-10-02 05:59:06,622 [pool-169-thread-1] INFO  server.RaftServerConfigKeys (ConfUtils.java:logGet(43)) - raft.server.snapshot.retention.file.num = 5 (custom)
2019-10-02 05:59:06,622 [pool-169-thread-1] INFO  server.RaftServerConfigKeys (ConfUtils.java:logGet(43)) - raft.server.retrycache.expirytime = 600000ms (custom)
2019-10-02 05:59:06,625 [pool-169-thread-1] INFO  impl.RaftServerImpl (RaftServerImpl.java:start(181)) - 222008bf-c101-4150-9611-50929e98545a@group-A6906E0D36CC: start as a follower, conf=-1: [222008bf-c101-4150-9611-50929e98545a:192.168.164.241:43880], old=null
2019-10-02 05:59:06,625 [pool-169-thread-1] INFO  impl.RaftServerImpl (RaftServerImpl.java:setRole(170)) - 222008bf-c101-4150-9611-50929e98545a@group-A6906E0D36CC: changes role from      null to FOLLOWER at term 0 for startAsFollower
2019-10-02 05:59:06,625 [pool-169-thread-1] INFO  impl.RoleInfo (RoleInfo.java:updateAndGet(143)) - 222008bf-c101-4150-9611-50929e98545a: start FollowerState
2019-10-02 05:59:06,625 [pool-169-thread-1] INFO  util.JmxRegister (JmxRegister.java:tryRegister(44)) - Successfully registered JMX Bean with object name Ratis:service=RaftServer,group=group-A6906E0D36CC,id=222008bf-c101-4150-9611-50929e98545a
2019-10-02 05:59:06,632 [RatisPipelineUtilsThread] INFO  pipeline.PipelineStateManager (PipelineStateManager.java:addPipeline(56)) - Created pipeline Pipeline[ Id: 5c96f7d0-3a43-40cb-bf14-a6906e0d36cc, Nodes: 222008bf-c101-4150-9611-50929e98545a{ip: 192.168.164.241, host: trunk-nightly-20191002-p7fms-2058464235, networkLocation: /default-rack, certSerialId: null}, Type:RATIS, Factor:ONE, State:OPEN]
2019-10-02 05:59:06,642 [grpc-default-executor-4] INFO  impl.RaftServerProxy (RaftServerProxy.java:addNew(89)) - 48606941-d0e7-458c-8671-720c89e9f6da: addNew group-89743BB7E3B5:[48606941-d0e7-458c-8671-720c89e9f6da:192.168.164.241:35807] returns group-89743BB7E3B5:java.util.concurrent.CompletableFuture@25cc0aa7[Not completed]
2019-10-02 05:59:06,645 [pool-179-thread-1] INFO  impl.RaftServerImpl (RaftServerImpl.java:<init>(95)) - 48606941-d0e7-458c-8671-720c89e9f6da: new RaftServerImpl for group-89743BB7E3B5:[48606941-d0e7-458c-8671-720c89e9f6da:192.168.164.241:35807] with ContainerStateMachine:uninitialized
2019-10-02 05:59:06,645 [pool-179-thread-1] INFO  server.RaftServerConfigKeys (ConfUtils.java:logGet(43)) - raft.server.rpc.timeout.min = 5s (custom)
2019-10-02 05:59:06,645 [pool-179-thread-1] INFO  server.RaftServerConfigKeys (ConfUtils.java:logGet(43)) - raft.server.rpc.timeout.max = 5200ms (custom)
2019-10-02 05:59:06,645 [pool-179-thread-1] INFO  server.RaftServerConfigKeys (ConfUtils.java:logGet(43)) - raft.server.rpcslowness.timeout = 120s (custom)
2019-10-02 05:59:06,645 [pool-179-thread-1] INFO  server.RaftServerConfigKeys (ConfUtils.java:logGet(43)) - raft.server.sleep.deviation.threshold = 300 (default)
2019-10-02 05:59:06,645 [pool-179-thread-1] INFO  server.RaftServerConfigKeys (ConfUtils.java:logGet(43)) - raft.server.log.appender.install.snapshot.enabled = false (custom)
2019-10-02 05:59:06,646 [pool-179-thread-1] INFO  impl.RaftServerImpl (ServerState.java:<init>(103)) - 48606941-d0e7-458c-8671-720c89e9f6da@group-89743BB7E3B5: ConfigurationManager, init=-1: [48606941-d0e7-458c-8671-720c89e9f6da:192.168.164.241:35807], old=null, confs=<EMPTY_MAP>
2019-10-02 05:59:06,646 [pool-179-thread-1] INFO  server.RaftServerConfigKeys (ConfUtils.java:logGet(43)) - raft.server.storage.dir = [/workdir/hadoop-ozone/integration-test/target/test-dir/MiniOzoneClusterImpl-9bd87f02-f7a5-4629-95ca-511ace651d20/datanode-6/data/ratis] (custom)
2019-10-02 05:59:06,646 [pool-179-thread-1] INFO  server.RaftServerConfigKeys (ConfUtils.java:logGet(43)) - raft.server.log.corruption.policy = EXCEPTION (default)
2019-10-02 05:59:06,646 [pool-179-thread-1] INFO  storage.RaftStorageDirectory (RaftStorageDirectory.java:analyzeStorage(246)) - The storage directory /workdir/hadoop-ozone/integration-test/target/test-dir/MiniOzoneClusterImpl-9bd87f02-f7a5-4629-95ca-511ace651d20/datanode-6/data/ratis/89740e88-525a-49d4-8ee3-89743bb7e3b5 does not exist. Creating ...
2019-10-02 05:59:06,649 [pool-179-thread-1] INFO  storage.RaftStorageDirectory (RaftStorageDirectory.java:tryLock(328)) - Lock on /workdir/hadoop-ozone/integration-test/target/test-dir/MiniOzoneClusterImpl-9bd87f02-f7a5-4629-95ca-511ace651d20/datanode-6/data/ratis/89740e88-525a-49d4-8ee3-89743bb7e3b5/in_use.lock acquired by nodename 15596@trunk-nightly-20191002-p7fms-2058464235
2019-10-02 05:59:06,655 [pool-179-thread-1] INFO  storage.RaftStorage (RaftStorage.java:format(84)) - Storage directory /workdir/hadoop-ozone/integration-test/target/test-dir/MiniOzoneClusterImpl-9bd87f02-f7a5-4629-95ca-511ace651d20/datanode-6/data/ratis/89740e88-525a-49d4-8ee3-89743bb7e3b5 has been successfully formatted.
2019-10-02 05:59:06,655 [pool-179-thread-1] INFO  ratis.ContainerStateMachine (ContainerStateMachine.java:loadSnapshot(230)) - group-89743BB7E3B5: The snapshot info is null. Setting the last applied indexto:(t:0, i:~)
2019-10-02 05:59:06,655 [pool-179-thread-1] INFO  server.RaftServerConfigKeys (ConfUtils.java:logGet(43)) - raft.server.notification.no-leader.timeout = 120s (custom)
2019-10-02 05:59:06,655 [pool-179-thread-1] INFO  server.RaftServerConfigKeys (ConfUtils.java:logGet(43)) - raft.server.log.use.memory = false (default)
2019-10-02 05:59:06,655 [pool-179-thread-1] INFO  server.RaftServerConfigKeys (ConfUtils.java:logGet(43)) - raft.server.log.purge.gap = 1000000 (custom)
2019-10-02 05:59:06,655 [pool-179-thread-1] INFO  server.RaftServerConfigKeys (ConfUtils.java:logGet(43)) - raft.server.log.appender.buffer.byte-limit = 33554432 (custom)
2019-10-02 05:59:06,656 [pool-179-thread-1] INFO  server.RaftServerConfigKeys (ConfUtils.java:logGet(43)) - raft.server.log.segment.size.max = 1048576 (custom)
2019-10-02 05:59:06,657 [pool-179-thread-1] INFO  server.RaftServerConfigKeys (ConfUtils.java:logGet(43)) - raft.server.log.segment.cache.num.max = 2 (custom)
2019-10-02 05:59:06,657 [pool-179-thread-1] INFO  segmented.SegmentedRaftLogWorker (SegmentedRaftLogWorker.java:<init>(173)) - new 48606941-d0e7-458c-8671-720c89e9f6da@group-89743BB7E3B5-SegmentedRaftLogWorker for RaftStorage:Storage Directory /workdir/hadoop-ozone/integration-test/target/test-dir/MiniOzoneClusterImpl-9bd87f02-f7a5-4629-95ca-511ace651d20/datanode-6/data/ratis/89740e88-525a-49d4-8ee3-89743bb7e3b5
2019-10-02 05:59:06,657 [pool-179-thread-1] INFO  server.RaftServerConfigKeys (ConfUtils.java:logGet(43)) - raft.server.log.queue.byte-limit = 2147483647 (custom)
2019-10-02 05:59:06,657 [pool-179-thread-1] INFO  server.RaftServerConfigKeys (ConfUtils.java:logGet(43)) - raft.server.log.queue.element-limit = 1024 (custom)
2019-10-02 05:59:06,657 [pool-179-thread-1] INFO  server.RaftServerConfigKeys (ConfUtils.java:logGet(43)) - raft.server.log.segment.size.max = 1048576 (custom)
2019-10-02 05:59:06,657 [pool-179-thread-1] INFO  server.RaftServerConfigKeys (ConfUtils.java:logGet(43)) - raft.server.log.preallocated.size = 16384 (custom)
2019-10-02 05:59:06,657 [pool-179-thread-1] INFO  server.RaftServerConfigKeys (ConfUtils.java:logGet(43)) - raft.server.log.write.buffer.size = 33554432 (custom)
2019-10-02 05:59:06,658 [pool-179-thread-1] INFO  server.RaftServerConfigKeys (ConfUtils.java:logGet(43)) - raft.server.log.force.sync.num = 128 (default)
2019-10-02 05:59:06,658 [pool-179-thread-1] INFO  server.RaftServerConfigKeys (ConfUtils.java:logGet(43)) - raft.server.log.statemachine.data.sync = true (default)
2019-10-02 05:59:06,658 [pool-179-thread-1] INFO  server.RaftServerConfigKeys (ConfUtils.java:logGet(43)) - raft.server.log.statemachine.data.sync.timeout = 10s (default)
2019-10-02 05:59:06,658 [pool-179-thread-1] INFO  server.RaftServerConfigKeys (ConfUtils.java:logGet(43)) - raft.server.log.statemachine.data.sync.timeout.retry = -1 (default)
2019-10-02 05:59:06,658 [pool-179-thread-1] INFO  server.RaftServerConfigKeys (ConfUtils.java:logGet(43)) - raft.server.log.statemachine.data.caching.enabled = true (custom)
2019-10-02 05:59:06,658 [pool-179-thread-1] INFO  segmented.SegmentedRaftLogWorker (SegmentedRaftLogWorker.java:lambda$new$0(128)) - 48606941-d0e7-458c-8671-720c89e9f6da@group-89743BB7E3B5-SegmentedRaftLogWorker: flushIndex: setUnconditionally 0 -> -1
2019-10-02 05:59:06,658 [pool-179-thread-1] INFO  server.RaftServerConfigKeys (ConfUtils.java:logGet(43)) - raft.server.snapshot.auto.trigger.enabled = true (custom)
2019-10-02 05:59:06,659 [pool-179-thread-1] INFO  server.RaftServerConfigKeys (ConfUtils.java:logGet(43)) - raft.server.snapshot.auto.trigger.threshold = 10000 (custom)
2019-10-02 05:59:06,659 [pool-179-thread-1] INFO  server.RaftServerConfigKeys (ConfUtils.java:logGet(43)) - raft.server.snapshot.retention.file.num = 5 (custom)
2019-10-02 05:59:06,659 [pool-179-thread-1] INFO  server.RaftServerConfigKeys (ConfUtils.java:logGet(43)) - raft.server.retrycache.expirytime = 600000ms (custom)
2019-10-02 05:59:06,660 [pool-179-thread-1] INFO  impl.RaftServerImpl (RaftServerImpl.java:start(181)) - 48606941-d0e7-458c-8671-720c89e9f6da@group-89743BB7E3B5: start as a follower, conf=-1: [48606941-d0e7-458c-8671-720c89e9f6da:192.168.164.241:35807], old=null
2019-10-02 05:59:06,660 [pool-179-thread-1] INFO  impl.RaftServerImpl (RaftServerImpl.java:setRole(170)) - 48606941-d0e7-458c-8671-720c89e9f6da@group-89743BB7E3B5: changes role from      null to FOLLOWER at term 0 for startAsFollower
2019-10-02 05:59:06,660 [pool-179-thread-1] INFO  impl.RoleInfo (RoleInfo.java:updateAndGet(143)) - 48606941-d0e7-458c-8671-720c89e9f6da: start FollowerState
2019-10-02 05:59:06,661 [pool-179-thread-1] INFO  util.JmxRegister (JmxRegister.java:tryRegister(44)) - Successfully registered JMX Bean with object name Ratis:service=RaftServer,group=group-89743BB7E3B5,id=48606941-d0e7-458c-8671-720c89e9f6da
2019-10-02 05:59:06,667 [RatisPipelineUtilsThread] INFO  pipeline.PipelineStateManager (PipelineStateManager.java:addPipeline(56)) - Created pipeline Pipeline[ Id: 89740e88-525a-49d4-8ee3-89743bb7e3b5, Nodes: 48606941-d0e7-458c-8671-720c89e9f6da{ip: 192.168.164.241, host: trunk-nightly-20191002-p7fms-2058464235, networkLocation: /default-rack, certSerialId: null}, Type:RATIS, Factor:ONE, State:OPEN]
2019-10-02 05:59:06,677 [grpc-default-executor-1] INFO  impl.RaftServerProxy (RaftServerProxy.java:addNew(89)) - 48606941-d0e7-458c-8671-720c89e9f6da: addNew group-91BCE5B55630:[1a104173-8766-4821-8d3b-b5b33cc05046:192.168.164.241:42807, 98deb3f5-0e5e-4c88-9e80-87735dc2d52d:192.168.164.241:36654, 48606941-d0e7-458c-8671-720c89e9f6da:192.168.164.241:35807] returns group-91BCE5B55630:java.util.concurrent.CompletableFuture@cb76be3[Not completed]
2019-10-02 05:59:06,679 [grpc-default-executor-3] INFO  impl.RaftServerProxy (RaftServerProxy.java:addNew(89)) - 1a104173-8766-4821-8d3b-b5b33cc05046: addNew group-91BCE5B55630:[1a104173-8766-4821-8d3b-b5b33cc05046:192.168.164.241:42807, 98deb3f5-0e5e-4c88-9e80-87735dc2d52d:192.168.164.241:36654, 48606941-d0e7-458c-8671-720c89e9f6da:192.168.164.241:35807] returns group-91BCE5B55630:java.util.concurrent.CompletableFuture@67e57f62[Not completed]
2019-10-02 05:59:06,685 [grpc-default-executor-1] INFO  impl.RaftServerProxy (RaftServerProxy.java:addNew(89)) - 98deb3f5-0e5e-4c88-9e80-87735dc2d52d: addNew group-91BCE5B55630:[1a104173-8766-4821-8d3b-b5b33cc05046:192.168.164.241:42807, 98deb3f5-0e5e-4c88-9e80-87735dc2d52d:192.168.164.241:36654, 48606941-d0e7-458c-8671-720c89e9f6da:192.168.164.241:35807] returns group-91BCE5B55630:java.util.concurrent.CompletableFuture@3806eaae[Not completed]
2019-10-02 05:59:06,685 [pool-179-thread-1] INFO  impl.RaftServerImpl (RaftServerImpl.java:<init>(95)) - 48606941-d0e7-458c-8671-720c89e9f6da: new RaftServerImpl for group-91BCE5B55630:[1a104173-8766-4821-8d3b-b5b33cc05046:192.168.164.241:42807, 98deb3f5-0e5e-4c88-9e80-87735dc2d52d:192.168.164.241:36654, 48606941-d0e7-458c-8671-720c89e9f6da:192.168.164.241:35807] with ContainerStateMachine:uninitialized
2019-10-02 05:59:06,685 [pool-179-thread-1] INFO  server.RaftServerConfigKeys (ConfUtils.java:logGet(43)) - raft.server.rpc.timeout.min = 5s (custom)
2019-10-02 05:59:06,685 [pool-179-thread-1] INFO  server.RaftServerConfigKeys (ConfUtils.java:logGet(43)) - raft.server.rpc.timeout.max = 5200ms (custom)
2019-10-02 05:59:06,686 [pool-179-thread-1] INFO  server.RaftServerConfigKeys (ConfUtils.java:logGet(43)) - raft.server.rpcslowness.timeout = 120s (custom)
2019-10-02 05:59:06,686 [pool-179-thread-1] INFO  server.RaftServerConfigKeys (ConfUtils.java:logGet(43)) - raft.server.sleep.deviation.threshold = 300 (default)
2019-10-02 05:59:06,686 [pool-179-thread-1] INFO  server.RaftServerConfigKeys (ConfUtils.java:logGet(43)) - raft.server.log.appender.install.snapshot.enabled = false (custom)
2019-10-02 05:59:06,686 [pool-179-thread-1] INFO  impl.RaftServerImpl (ServerState.java:<init>(103)) - 48606941-d0e7-458c-8671-720c89e9f6da@group-91BCE5B55630: ConfigurationManager, init=-1: [1a104173-8766-4821-8d3b-b5b33cc05046:192.168.164.241:42807, 98deb3f5-0e5e-4c88-9e80-87735dc2d52d:192.168.164.241:36654, 48606941-d0e7-458c-8671-720c89e9f6da:192.168.164.241:35807], old=null, confs=<EMPTY_MAP>
2019-10-02 05:59:06,686 [pool-179-thread-1] INFO  server.RaftServerConfigKeys (ConfUtils.java:logGet(43)) - raft.server.storage.dir = [/workdir/hadoop-ozone/integration-test/target/test-dir/MiniOzoneClusterImpl-9bd87f02-f7a5-4629-95ca-511ace651d20/datanode-6/data/ratis] (custom)
2019-10-02 05:59:06,686 [pool-159-thread-1] INFO  impl.RaftServerImpl (RaftServerImpl.java:<init>(95)) - 1a104173-8766-4821-8d3b-b5b33cc05046: new RaftServerImpl for group-91BCE5B55630:[1a104173-8766-4821-8d3b-b5b33cc05046:192.168.164.241:42807, 98deb3f5-0e5e-4c88-9e80-87735dc2d52d:192.168.164.241:36654, 48606941-d0e7-458c-8671-720c89e9f6da:192.168.164.241:35807] with ContainerStateMachine:uninitialized
2019-10-02 05:59:06,686 [pool-179-thread-1] INFO  server.RaftServerConfigKeys (ConfUtils.java:logGet(43)) - raft.server.log.corruption.policy = EXCEPTION (default)
2019-10-02 05:59:06,686 [pool-159-thread-1] INFO  server.RaftServerConfigKeys (ConfUtils.java:logGet(43)) - raft.server.rpc.timeout.min = 5s (custom)
2019-10-02 05:59:06,686 [pool-179-thread-1] INFO  storage.RaftStorageDirectory (RaftStorageDirectory.java:analyzeStorage(246)) - The storage directory /workdir/hadoop-ozone/integration-test/target/test-dir/MiniOzoneClusterImpl-9bd87f02-f7a5-4629-95ca-511ace651d20/datanode-6/data/ratis/7b629243-c2da-4f51-9f6f-91bce5b55630 does not exist. Creating ...
2019-10-02 05:59:06,686 [pool-159-thread-1] INFO  server.RaftServerConfigKeys (ConfUtils.java:logGet(43)) - raft.server.rpc.timeout.max = 5200ms (custom)
2019-10-02 05:59:06,687 [pool-159-thread-1] INFO  server.RaftServerConfigKeys (ConfUtils.java:logGet(43)) - raft.server.rpcslowness.timeout = 120s (custom)
2019-10-02 05:59:06,687 [pool-159-thread-1] INFO  server.RaftServerConfigKeys (ConfUtils.java:logGet(43)) - raft.server.sleep.deviation.threshold = 300 (default)
2019-10-02 05:59:06,687 [pool-159-thread-1] INFO  server.RaftServerConfigKeys (ConfUtils.java:logGet(43)) - raft.server.log.appender.install.snapshot.enabled = false (custom)
2019-10-02 05:59:06,687 [pool-149-thread-1] INFO  impl.RaftServerImpl (RaftServerImpl.java:<init>(95)) - 98deb3f5-0e5e-4c88-9e80-87735dc2d52d: new RaftServerImpl for group-91BCE5B55630:[1a104173-8766-4821-8d3b-b5b33cc05046:192.168.164.241:42807, 98deb3f5-0e5e-4c88-9e80-87735dc2d52d:192.168.164.241:36654, 48606941-d0e7-458c-8671-720c89e9f6da:192.168.164.241:35807] with ContainerStateMachine:uninitialized
2019-10-02 05:59:06,687 [pool-159-thread-1] INFO  impl.RaftServerImpl (ServerState.java:<init>(103)) - 1a104173-8766-4821-8d3b-b5b33cc05046@group-91BCE5B55630: ConfigurationManager, init=-1: [1a104173-8766-4821-8d3b-b5b33cc05046:192.168.164.241:42807, 98deb3f5-0e5e-4c88-9e80-87735dc2d52d:192.168.164.241:36654, 48606941-d0e7-458c-8671-720c89e9f6da:192.168.164.241:35807], old=null, confs=<EMPTY_MAP>
2019-10-02 05:59:06,687 [pool-149-thread-1] INFO  server.RaftServerConfigKeys (ConfUtils.java:logGet(43)) - raft.server.rpc.timeout.min = 5s (custom)
2019-10-02 05:59:06,688 [pool-159-thread-1] INFO  server.RaftServerConfigKeys (ConfUtils.java:logGet(43)) - raft.server.storage.dir = [/workdir/hadoop-ozone/integration-test/target/test-dir/MiniOzoneClusterImpl-9bd87f02-f7a5-4629-95ca-511ace651d20/datanode-4/data/ratis] (custom)
2019-10-02 05:59:06,688 [pool-149-thread-1] INFO  server.RaftServerConfigKeys (ConfUtils.java:logGet(43)) - raft.server.rpc.timeout.max = 5200ms (custom)
2019-10-02 05:59:06,688 [pool-159-thread-1] INFO  server.RaftServerConfigKeys (ConfUtils.java:logGet(43)) - raft.server.log.corruption.policy = EXCEPTION (default)
2019-10-02 05:59:06,688 [pool-149-thread-1] INFO  server.RaftServerConfigKeys (ConfUtils.java:logGet(43)) - raft.server.rpcslowness.timeout = 120s (custom)
2019-10-02 05:59:06,688 [pool-159-thread-1] INFO  storage.RaftStorageDirectory (RaftStorageDirectory.java:analyzeStorage(246)) - The storage directory /workdir/hadoop-ozone/integration-test/target/test-dir/MiniOzoneClusterImpl-9bd87f02-f7a5-4629-95ca-511ace651d20/datanode-4/data/ratis/7b629243-c2da-4f51-9f6f-91bce5b55630 does not exist. Creating ...
2019-10-02 05:59:06,688 [pool-149-thread-1] INFO  server.RaftServerConfigKeys (ConfUtils.java:logGet(43)) - raft.server.sleep.deviation.threshold = 300 (default)
2019-10-02 05:59:06,689 [pool-149-thread-1] INFO  server.RaftServerConfigKeys (ConfUtils.java:logGet(43)) - raft.server.log.appender.install.snapshot.enabled = false (custom)
2019-10-02 05:59:06,689 [pool-149-thread-1] INFO  impl.RaftServerImpl (ServerState.java:<init>(103)) - 98deb3f5-0e5e-4c88-9e80-87735dc2d52d@group-91BCE5B55630: ConfigurationManager, init=-1: [1a104173-8766-4821-8d3b-b5b33cc05046:192.168.164.241:42807, 98deb3f5-0e5e-4c88-9e80-87735dc2d52d:192.168.164.241:36654, 48606941-d0e7-458c-8671-720c89e9f6da:192.168.164.241:35807], old=null, confs=<EMPTY_MAP>
2019-10-02 05:59:06,689 [pool-149-thread-1] INFO  server.RaftServerConfigKeys (ConfUtils.java:logGet(43)) - raft.server.storage.dir = [/workdir/hadoop-ozone/integration-test/target/test-dir/MiniOzoneClusterImpl-9bd87f02-f7a5-4629-95ca-511ace651d20/datanode-3/data/ratis] (custom)
2019-10-02 05:59:06,689 [pool-149-thread-1] INFO  server.RaftServerConfigKeys (ConfUtils.java:logGet(43)) - raft.server.log.corruption.policy = EXCEPTION (default)
2019-10-02 05:59:06,689 [pool-179-thread-1] INFO  storage.RaftStorageDirectory (RaftStorageDirectory.java:tryLock(328)) - Lock on /workdir/hadoop-ozone/integration-test/target/test-dir/MiniOzoneClusterImpl-9bd87f02-f7a5-4629-95ca-511ace651d20/datanode-6/data/ratis/7b629243-c2da-4f51-9f6f-91bce5b55630/in_use.lock acquired by nodename 15596@trunk-nightly-20191002-p7fms-2058464235
2019-10-02 05:59:06,690 [pool-149-thread-1] INFO  storage.RaftStorageDirectory (RaftStorageDirectory.java:analyzeStorage(246)) - The storage directory /workdir/hadoop-ozone/integration-test/target/test-dir/MiniOzoneClusterImpl-9bd87f02-f7a5-4629-95ca-511ace651d20/datanode-3/data/ratis/7b629243-c2da-4f51-9f6f-91bce5b55630 does not exist. Creating ...
2019-10-02 05:59:06,692 [pool-159-thread-1] INFO  storage.RaftStorageDirectory (RaftStorageDirectory.java:tryLock(328)) - Lock on /workdir/hadoop-ozone/integration-test/target/test-dir/MiniOzoneClusterImpl-9bd87f02-f7a5-4629-95ca-511ace651d20/datanode-4/data/ratis/7b629243-c2da-4f51-9f6f-91bce5b55630/in_use.lock acquired by nodename 15596@trunk-nightly-20191002-p7fms-2058464235
2019-10-02 05:59:06,743 [pool-149-thread-1] INFO  storage.RaftStorageDirectory (RaftStorageDirectory.java:tryLock(328)) - Lock on /workdir/hadoop-ozone/integration-test/target/test-dir/MiniOzoneClusterImpl-9bd87f02-f7a5-4629-95ca-511ace651d20/datanode-3/data/ratis/7b629243-c2da-4f51-9f6f-91bce5b55630/in_use.lock acquired by nodename 15596@trunk-nightly-20191002-p7fms-2058464235
2019-10-02 05:59:06,743 [pool-179-thread-1] INFO  storage.RaftStorage (RaftStorage.java:format(84)) - Storage directory /workdir/hadoop-ozone/integration-test/target/test-dir/MiniOzoneClusterImpl-9bd87f02-f7a5-4629-95ca-511ace651d20/datanode-6/data/ratis/7b629243-c2da-4f51-9f6f-91bce5b55630 has been successfully formatted.
2019-10-02 05:59:06,744 [pool-179-thread-1] INFO  ratis.ContainerStateMachine (ContainerStateMachine.java:loadSnapshot(230)) - group-91BCE5B55630: The snapshot info is null. Setting the last applied indexto:(t:0, i:~)
2019-10-02 05:59:06,744 [pool-179-thread-1] INFO  server.RaftServerConfigKeys (ConfUtils.java:logGet(43)) - raft.server.notification.no-leader.timeout = 120s (custom)
2019-10-02 05:59:06,744 [pool-179-thread-1] INFO  server.RaftServerConfigKeys (ConfUtils.java:logGet(43)) - raft.server.log.use.memory = false (default)
2019-10-02 05:59:06,744 [pool-179-thread-1] INFO  server.RaftServerConfigKeys (ConfUtils.java:logGet(43)) - raft.server.log.purge.gap = 1000000 (custom)
2019-10-02 05:59:06,744 [pool-179-thread-1] INFO  server.RaftServerConfigKeys (ConfUtils.java:logGet(43)) - raft.server.log.appender.buffer.byte-limit = 33554432 (custom)
2019-10-02 05:59:06,745 [pool-179-thread-1] INFO  server.RaftServerConfigKeys (ConfUtils.java:logGet(43)) - raft.server.log.segment.size.max = 1048576 (custom)
2019-10-02 05:59:06,745 [pool-179-thread-1] INFO  server.RaftServerConfigKeys (ConfUtils.java:logGet(43)) - raft.server.log.segment.cache.num.max = 2 (custom)
2019-10-02 05:59:06,745 [pool-179-thread-1] INFO  segmented.SegmentedRaftLogWorker (SegmentedRaftLogWorker.java:<init>(173)) - new 48606941-d0e7-458c-8671-720c89e9f6da@group-91BCE5B55630-SegmentedRaftLogWorker for RaftStorage:Storage Directory /workdir/hadoop-ozone/integration-test/target/test-dir/MiniOzoneClusterImpl-9bd87f02-f7a5-4629-95ca-511ace651d20/datanode-6/data/ratis/7b629243-c2da-4f51-9f6f-91bce5b55630
2019-10-02 05:59:06,745 [pool-179-thread-1] INFO  server.RaftServerConfigKeys (ConfUtils.java:logGet(43)) - raft.server.log.queue.byte-limit = 2147483647 (custom)
2019-10-02 05:59:06,745 [pool-179-thread-1] INFO  server.RaftServerConfigKeys (ConfUtils.java:logGet(43)) - raft.server.log.queue.element-limit = 1024 (custom)
2019-10-02 05:59:06,746 [pool-179-thread-1] INFO  server.RaftServerConfigKeys (ConfUtils.java:logGet(43)) - raft.server.log.segment.size.max = 1048576 (custom)
2019-10-02 05:59:06,746 [pool-179-thread-1] INFO  server.RaftServerConfigKeys (ConfUtils.java:logGet(43)) - raft.server.log.preallocated.size = 16384 (custom)
2019-10-02 05:59:06,746 [pool-179-thread-1] INFO  server.RaftServerConfigKeys (ConfUtils.java:logGet(43)) - raft.server.log.write.buffer.size = 33554432 (custom)
2019-10-02 05:59:06,746 [pool-179-thread-1] INFO  server.RaftServerConfigKeys (ConfUtils.java:logGet(43)) - raft.server.log.force.sync.num = 128 (default)
2019-10-02 05:59:06,746 [pool-179-thread-1] INFO  server.RaftServerConfigKeys (ConfUtils.java:logGet(43)) - raft.server.log.statemachine.data.sync = true (default)
2019-10-02 05:59:06,746 [pool-179-thread-1] INFO  server.RaftServerConfigKeys (ConfUtils.java:logGet(43)) - raft.server.log.statemachine.data.sync.timeout = 10s (default)
2019-10-02 05:59:06,747 [pool-179-thread-1] INFO  server.RaftServerConfigKeys (ConfUtils.java:logGet(43)) - raft.server.log.statemachine.data.sync.timeout.retry = -1 (default)
2019-10-02 05:59:06,747 [pool-179-thread-1] INFO  server.RaftServerConfigKeys (ConfUtils.java:logGet(43)) - raft.server.log.statemachine.data.caching.enabled = true (custom)
2019-10-02 05:59:06,747 [pool-179-thread-1] INFO  segmented.SegmentedRaftLogWorker (SegmentedRaftLogWorker.java:lambda$new$0(128)) - 48606941-d0e7-458c-8671-720c89e9f6da@group-91BCE5B55630-SegmentedRaftLogWorker: flushIndex: setUnconditionally 0 -> -1
2019-10-02 05:59:06,748 [pool-179-thread-1] INFO  server.RaftServerConfigKeys (ConfUtils.java:logGet(43)) - raft.server.snapshot.auto.trigger.enabled = true (custom)
2019-10-02 05:59:06,748 [pool-179-thread-1] INFO  server.RaftServerConfigKeys (ConfUtils.java:logGet(43)) - raft.server.snapshot.auto.trigger.threshold = 10000 (custom)
2019-10-02 05:59:06,748 [pool-179-thread-1] INFO  server.RaftServerConfigKeys (ConfUtils.java:logGet(43)) - raft.server.snapshot.retention.file.num = 5 (custom)
2019-10-02 05:59:06,748 [pool-179-thread-1] INFO  server.RaftServerConfigKeys (ConfUtils.java:logGet(43)) - raft.server.retrycache.expirytime = 600000ms (custom)
2019-10-02 05:59:06,750 [pool-179-thread-1] INFO  impl.RaftServerImpl (RaftServerImpl.java:start(181)) - 48606941-d0e7-458c-8671-720c89e9f6da@group-91BCE5B55630: start as a follower, conf=-1: [1a104173-8766-4821-8d3b-b5b33cc05046:192.168.164.241:42807, 98deb3f5-0e5e-4c88-9e80-87735dc2d52d:192.168.164.241:36654, 48606941-d0e7-458c-8671-720c89e9f6da:192.168.164.241:35807], old=null
2019-10-02 05:59:06,751 [pool-179-thread-1] INFO  impl.RaftServerImpl (RaftServerImpl.java:setRole(170)) - 48606941-d0e7-458c-8671-720c89e9f6da@group-91BCE5B55630: changes role from      null to FOLLOWER at term 0 for startAsFollower
2019-10-02 05:59:06,751 [pool-179-thread-1] INFO  impl.RoleInfo (RoleInfo.java:updateAndGet(143)) - 48606941-d0e7-458c-8671-720c89e9f6da: start FollowerState
2019-10-02 05:59:06,751 [pool-179-thread-1] INFO  util.JmxRegister (JmxRegister.java:tryRegister(44)) - Successfully registered JMX Bean with object name Ratis:service=RaftServer,group=group-91BCE5B55630,id=48606941-d0e7-458c-8671-720c89e9f6da
2019-10-02 05:59:06,826 [pool-159-thread-1] INFO  storage.RaftStorage (RaftStorage.java:format(84)) - Storage directory /workdir/hadoop-ozone/integration-test/target/test-dir/MiniOzoneClusterImpl-9bd87f02-f7a5-4629-95ca-511ace651d20/datanode-4/data/ratis/7b629243-c2da-4f51-9f6f-91bce5b55630 has been successfully formatted.
2019-10-02 05:59:06,826 [pool-149-thread-1] INFO  storage.RaftStorage (RaftStorage.java:format(84)) - Storage directory /workdir/hadoop-ozone/integration-test/target/test-dir/MiniOzoneClusterImpl-9bd87f02-f7a5-4629-95ca-511ace651d20/datanode-3/data/ratis/7b629243-c2da-4f51-9f6f-91bce5b55630 has been successfully formatted.
2019-10-02 05:59:06,826 [pool-159-thread-1] INFO  ratis.ContainerStateMachine (ContainerStateMachine.java:loadSnapshot(230)) - group-91BCE5B55630: The snapshot info is null. Setting the last applied indexto:(t:0, i:~)
2019-10-02 05:59:06,826 [pool-149-thread-1] INFO  ratis.ContainerStateMachine (ContainerStateMachine.java:loadSnapshot(230)) - group-91BCE5B55630: The snapshot info is null. Setting the last applied indexto:(t:0, i:~)
2019-10-02 05:59:06,826 [pool-159-thread-1] INFO  server.RaftServerConfigKeys (ConfUtils.java:logGet(43)) - raft.server.notification.no-leader.timeout = 120s (custom)
2019-10-02 05:59:06,827 [pool-149-thread-1] INFO  server.RaftServerConfigKeys (ConfUtils.java:logGet(43)) - raft.server.notification.no-leader.timeout = 120s (custom)
2019-10-02 05:59:06,827 [pool-159-thread-1] INFO  server.RaftServerConfigKeys (ConfUtils.java:logGet(43)) - raft.server.log.use.memory = false (default)
2019-10-02 05:59:06,827 [pool-149-thread-1] INFO  server.RaftServerConfigKeys (ConfUtils.java:logGet(43)) - raft.server.log.use.memory = false (default)
2019-10-02 05:59:06,827 [pool-159-thread-1] INFO  server.RaftServerConfigKeys (ConfUtils.java:logGet(43)) - raft.server.log.purge.gap = 1000000 (custom)
2019-10-02 05:59:06,827 [pool-149-thread-1] INFO  server.RaftServerConfigKeys (ConfUtils.java:logGet(43)) - raft.server.log.purge.gap = 1000000 (custom)
2019-10-02 05:59:06,827 [pool-159-thread-1] INFO  server.RaftServerConfigKeys (ConfUtils.java:logGet(43)) - raft.server.log.appender.buffer.byte-limit = 33554432 (custom)
2019-10-02 05:59:06,827 [pool-149-thread-1] INFO  server.RaftServerConfigKeys (ConfUtils.java:logGet(43)) - raft.server.log.appender.buffer.byte-limit = 33554432 (custom)
2019-10-02 05:59:06,828 [pool-159-thread-1] INFO  server.RaftServerConfigKeys (ConfUtils.java:logGet(43)) - raft.server.log.segment.size.max = 1048576 (custom)
2019-10-02 05:59:06,828 [pool-149-thread-1] INFO  server.RaftServerConfigKeys (ConfUtils.java:logGet(43)) - raft.server.log.segment.size.max = 1048576 (custom)
2019-10-02 05:59:06,828 [pool-159-thread-1] INFO  server.RaftServerConfigKeys (ConfUtils.java:logGet(43)) - raft.server.log.segment.cache.num.max = 2 (custom)
2019-10-02 05:59:06,828 [pool-149-thread-1] INFO  server.RaftServerConfigKeys (ConfUtils.java:logGet(43)) - raft.server.log.segment.cache.num.max = 2 (custom)
2019-10-02 05:59:06,828 [pool-159-thread-1] INFO  segmented.SegmentedRaftLogWorker (SegmentedRaftLogWorker.java:<init>(173)) - new 1a104173-8766-4821-8d3b-b5b33cc05046@group-91BCE5B55630-SegmentedRaftLogWorker for RaftStorage:Storage Directory /workdir/hadoop-ozone/integration-test/target/test-dir/MiniOzoneClusterImpl-9bd87f02-f7a5-4629-95ca-511ace651d20/datanode-4/data/ratis/7b629243-c2da-4f51-9f6f-91bce5b55630
2019-10-02 05:59:06,828 [pool-149-thread-1] INFO  segmented.SegmentedRaftLogWorker (SegmentedRaftLogWorker.java:<init>(173)) - new 98deb3f5-0e5e-4c88-9e80-87735dc2d52d@group-91BCE5B55630-SegmentedRaftLogWorker for RaftStorage:Storage Directory /workdir/hadoop-ozone/integration-test/target/test-dir/MiniOzoneClusterImpl-9bd87f02-f7a5-4629-95ca-511ace651d20/datanode-3/data/ratis/7b629243-c2da-4f51-9f6f-91bce5b55630
2019-10-02 05:59:06,829 [pool-159-thread-1] INFO  server.RaftServerConfigKeys (ConfUtils.java:logGet(43)) - raft.server.log.queue.byte-limit = 2147483647 (custom)
2019-10-02 05:59:06,829 [pool-149-thread-1] INFO  server.RaftServerConfigKeys (ConfUtils.java:logGet(43)) - raft.server.log.queue.byte-limit = 2147483647 (custom)
2019-10-02 05:59:06,829 [pool-159-thread-1] INFO  server.RaftServerConfigKeys (ConfUtils.java:logGet(43)) - raft.server.log.queue.element-limit = 1024 (custom)
2019-10-02 05:59:06,829 [pool-149-thread-1] INFO  server.RaftServerConfigKeys (ConfUtils.java:logGet(43)) - raft.server.log.queue.element-limit = 1024 (custom)
2019-10-02 05:59:06,829 [pool-159-thread-1] INFO  server.RaftServerConfigKeys (ConfUtils.java:logGet(43)) - raft.server.log.segment.size.max = 1048576 (custom)
2019-10-02 05:59:06,829 [pool-149-thread-1] INFO  server.RaftServerConfigKeys (ConfUtils.java:logGet(43)) - raft.server.log.segment.size.max = 1048576 (custom)
2019-10-02 05:59:06,829 [pool-159-thread-1] INFO  server.RaftServerConfigKeys (ConfUtils.java:logGet(43)) - raft.server.log.preallocated.size = 16384 (custom)
2019-10-02 05:59:06,830 [pool-149-thread-1] INFO  server.RaftServerConfigKeys (ConfUtils.java:logGet(43)) - raft.server.log.preallocated.size = 16384 (custom)
2019-10-02 05:59:06,830 [pool-159-thread-1] INFO  server.RaftServerConfigKeys (ConfUtils.java:logGet(43)) - raft.server.log.write.buffer.size = 33554432 (custom)
2019-10-02 05:59:06,830 [pool-149-thread-1] INFO  server.RaftServerConfigKeys (ConfUtils.java:logGet(43)) - raft.server.log.write.buffer.size = 33554432 (custom)
2019-10-02 05:59:06,830 [pool-159-thread-1] INFO  server.RaftServerConfigKeys (ConfUtils.java:logGet(43)) - raft.server.log.force.sync.num = 128 (default)
2019-10-02 05:59:06,830 [pool-149-thread-1] INFO  server.RaftServerConfigKeys (ConfUtils.java:logGet(43)) - raft.server.log.force.sync.num = 128 (default)
2019-10-02 05:59:06,830 [pool-159-thread-1] INFO  server.RaftServerConfigKeys (ConfUtils.java:logGet(43)) - raft.server.log.statemachine.data.sync = true (default)
2019-10-02 05:59:06,831 [pool-149-thread-1] INFO  server.RaftServerConfigKeys (ConfUtils.java:logGet(43)) - raft.server.log.statemachine.data.sync = true (default)
2019-10-02 05:59:06,831 [pool-159-thread-1] INFO  server.RaftServerConfigKeys (ConfUtils.java:logGet(43)) - raft.server.log.statemachine.data.sync.timeout = 10s (default)
2019-10-02 05:59:06,831 [pool-149-thread-1] INFO  server.RaftServerConfigKeys (ConfUtils.java:logGet(43)) - raft.server.log.statemachine.data.sync.timeout = 10s (default)
2019-10-02 05:59:06,831 [pool-159-thread-1] INFO  server.RaftServerConfigKeys (ConfUtils.java:logGet(43)) - raft.server.log.statemachine.data.sync.timeout.retry = -1 (default)
2019-10-02 05:59:06,831 [pool-149-thread-1] INFO  server.RaftServerConfigKeys (ConfUtils.java:logGet(43)) - raft.server.log.statemachine.data.sync.timeout.retry = -1 (default)
2019-10-02 05:59:06,832 [pool-159-thread-1] INFO  server.RaftServerConfigKeys (ConfUtils.java:logGet(43)) - raft.server.log.statemachine.data.caching.enabled = true (custom)
2019-10-02 05:59:06,832 [pool-149-thread-1] INFO  server.RaftServerConfigKeys (ConfUtils.java:logGet(43)) - raft.server.log.statemachine.data.caching.enabled = true (custom)
2019-10-02 05:59:06,832 [pool-159-thread-1] INFO  segmented.SegmentedRaftLogWorker (SegmentedRaftLogWorker.java:lambda$new$0(128)) - 1a104173-8766-4821-8d3b-b5b33cc05046@group-91BCE5B55630-SegmentedRaftLogWorker: flushIndex: setUnconditionally 0 -> -1
2019-10-02 05:59:06,832 [pool-149-thread-1] INFO  segmented.SegmentedRaftLogWorker (SegmentedRaftLogWorker.java:lambda$new$0(128)) - 98deb3f5-0e5e-4c88-9e80-87735dc2d52d@group-91BCE5B55630-SegmentedRaftLogWorker: flushIndex: setUnconditionally 0 -> -1
2019-10-02 05:59:06,832 [pool-159-thread-1] INFO  server.RaftServerConfigKeys (ConfUtils.java:logGet(43)) - raft.server.snapshot.auto.trigger.enabled = true (custom)
2019-10-02 05:59:06,833 [pool-149-thread-1] INFO  server.RaftServerConfigKeys (ConfUtils.java:logGet(43)) - raft.server.snapshot.auto.trigger.enabled = true (custom)
2019-10-02 05:59:06,833 [pool-159-thread-1] INFO  server.RaftServerConfigKeys (ConfUtils.java:logGet(43)) - raft.server.snapshot.auto.trigger.threshold = 10000 (custom)
2019-10-02 05:59:06,833 [pool-149-thread-1] INFO  server.RaftServerConfigKeys (ConfUtils.java:logGet(43)) - raft.server.snapshot.auto.trigger.threshold = 10000 (custom)
2019-10-02 05:59:06,833 [pool-159-thread-1] INFO  server.RaftServerConfigKeys (ConfUtils.java:logGet(43)) - raft.server.snapshot.retention.file.num = 5 (custom)
2019-10-02 05:59:06,834 [pool-159-thread-1] INFO  server.RaftServerConfigKeys (ConfUtils.java:logGet(43)) - raft.server.retrycache.expirytime = 600000ms (custom)
2019-10-02 05:59:06,833 [pool-149-thread-1] INFO  server.RaftServerConfigKeys (ConfUtils.java:logGet(43)) - raft.server.snapshot.retention.file.num = 5 (custom)
2019-10-02 05:59:06,834 [pool-149-thread-1] INFO  server.RaftServerConfigKeys (ConfUtils.java:logGet(43)) - raft.server.retrycache.expirytime = 600000ms (custom)
2019-10-02 05:59:06,837 [pool-159-thread-1] INFO  impl.RaftServerImpl (RaftServerImpl.java:start(181)) - 1a104173-8766-4821-8d3b-b5b33cc05046@group-91BCE5B55630: start as a follower, conf=-1: [1a104173-8766-4821-8d3b-b5b33cc05046:192.168.164.241:42807, 98deb3f5-0e5e-4c88-9e80-87735dc2d52d:192.168.164.241:36654, 48606941-d0e7-458c-8671-720c89e9f6da:192.168.164.241:35807], old=null
2019-10-02 05:59:06,838 [pool-159-thread-1] INFO  impl.RaftServerImpl (RaftServerImpl.java:setRole(170)) - 1a104173-8766-4821-8d3b-b5b33cc05046@group-91BCE5B55630: changes role from      null to FOLLOWER at term 0 for startAsFollower
2019-10-02 05:59:06,838 [pool-149-thread-1] INFO  impl.RaftServerImpl (RaftServerImpl.java:start(181)) - 98deb3f5-0e5e-4c88-9e80-87735dc2d52d@group-91BCE5B55630: start as a follower, conf=-1: [1a104173-8766-4821-8d3b-b5b33cc05046:192.168.164.241:42807, 98deb3f5-0e5e-4c88-9e80-87735dc2d52d:192.168.164.241:36654, 48606941-d0e7-458c-8671-720c89e9f6da:192.168.164.241:35807], old=null
2019-10-02 05:59:06,838 [pool-159-thread-1] INFO  impl.RoleInfo (RoleInfo.java:updateAndGet(143)) - 1a104173-8766-4821-8d3b-b5b33cc05046: start FollowerState
2019-10-02 05:59:06,838 [pool-149-thread-1] INFO  impl.RaftServerImpl (RaftServerImpl.java:setRole(170)) - 98deb3f5-0e5e-4c88-9e80-87735dc2d52d@group-91BCE5B55630: changes role from      null to FOLLOWER at term 0 for startAsFollower
2019-10-02 05:59:06,838 [pool-149-thread-1] INFO  impl.RoleInfo (RoleInfo.java:updateAndGet(143)) - 98deb3f5-0e5e-4c88-9e80-87735dc2d52d: start FollowerState
2019-10-02 05:59:06,838 [pool-159-thread-1] INFO  util.JmxRegister (JmxRegister.java:tryRegister(44)) - Successfully registered JMX Bean with object name Ratis:service=RaftServer,group=group-91BCE5B55630,id=1a104173-8766-4821-8d3b-b5b33cc05046
2019-10-02 05:59:06,838 [pool-149-thread-1] INFO  util.JmxRegister (JmxRegister.java:tryRegister(44)) - Successfully registered JMX Bean with object name Ratis:service=RaftServer,group=group-91BCE5B55630,id=98deb3f5-0e5e-4c88-9e80-87735dc2d52d
2019-10-02 05:59:06,854 [RatisPipelineUtilsThread] INFO  pipeline.PipelineStateManager (PipelineStateManager.java:addPipeline(56)) - Created pipeline Pipeline[ Id: 7b629243-c2da-4f51-9f6f-91bce5b55630, Nodes: 98deb3f5-0e5e-4c88-9e80-87735dc2d52d{ip: 192.168.164.241, host: trunk-nightly-20191002-p7fms-2058464235, networkLocation: /default-rack, certSerialId: null}48606941-d0e7-458c-8671-720c89e9f6da{ip: 192.168.164.241, host: trunk-nightly-20191002-p7fms-2058464235, networkLocation: /default-rack, certSerialId: null}1a104173-8766-4821-8d3b-b5b33cc05046{ip: 192.168.164.241, host: trunk-nightly-20191002-p7fms-2058464235, networkLocation: /default-rack, certSerialId: null}, Type:RATIS, Factor:THREE, State:OPEN]
2019-10-02 05:59:07,600 [main] INFO  ozone.MiniOzoneClusterImpl (MiniOzoneClusterImpl.java:lambda$waitForClusterToBeReady$0(147)) - Cluster is ready. Got 7 of 7 DN Heartbeats.
2019-10-02 05:59:07,645 [main] INFO  rpc.RpcClient (RpcClient.java:createVolume(276)) - Creating Volume: watchforcommithandlingtest, with jenkins1000 as owner.
2019-10-02 05:59:07,648 [IPC Server handler 1 on 43666] INFO  volume.OMVolumeCreateRequest (OMVolumeCreateRequest.java:validateAndUpdateCache(194)) - created volume:watchforcommithandlingtest for user:jenkins1000
2019-10-02 05:59:07,665 [main] INFO  rpc.RpcClient (RpcClient.java:createBucket(415)) - Creating Bucket: watchforcommithandlingtest/watchforcommithandlingtest, with Versioning false and Storage Type set to DISK and Encryption set to false 
2019-10-02 05:59:07,670 [main] INFO  ozone.MiniOzoneClusterImpl (MiniOzoneClusterImpl.java:getStorageContainerLocationClient(234)) - Creating StorageContainerLocationProtocol RPC client with address /0.0.0.0:36218
2019-10-02 05:59:09,219 [Thread-961] INFO  container.ReplicationManager (ReplicationManager.java:start(162)) - Starting Replication Monitor Thread.
2019-10-02 05:59:09,223 [ReplicationMonitor] INFO  container.ReplicationManager (ReplicationManager.java:run(225)) - Replication Monitor Thread took 0 milliseconds for processing 1 containers.
2019-10-02 05:59:11,396 [Thread-963] INFO  impl.FollowerState (FollowerState.java:run(108)) - 4dc07db9-938b-48ea-815e-ae23a535f1bb@group-B3BB04C37B51-FollowerState: change to CANDIDATE, lastRpcTime:5120ms, electionTimeout:5120ms
2019-10-02 05:59:11,396 [Thread-963] INFO  impl.RoleInfo (RoleInfo.java:shutdownFollowerState(121)) - 4dc07db9-938b-48ea-815e-ae23a535f1bb: shutdown FollowerState
2019-10-02 05:59:11,396 [Thread-963] INFO  impl.RaftServerImpl (RaftServerImpl.java:setRole(170)) - 4dc07db9-938b-48ea-815e-ae23a535f1bb@group-B3BB04C37B51: changes role from  FOLLOWER to CANDIDATE at term 0 for changeToCandidate
2019-10-02 05:59:11,396 [Thread-963] INFO  impl.RoleInfo (RoleInfo.java:updateAndGet(143)) - 4dc07db9-938b-48ea-815e-ae23a535f1bb: start LeaderElection
2019-10-02 05:59:11,421 [Thread-969] INFO  impl.FollowerState (FollowerState.java:run(108)) - 17973fa0-ca4b-4c8f-aca3-d8dca3028241@group-294BEBE2862C-FollowerState: change to CANDIDATE, lastRpcTime:5031ms, electionTimeout:5031ms
2019-10-02 05:59:11,421 [Thread-969] INFO  impl.RoleInfo (RoleInfo.java:shutdownFollowerState(121)) - 17973fa0-ca4b-4c8f-aca3-d8dca3028241: shutdown FollowerState
2019-10-02 05:59:11,421 [Thread-969] INFO  impl.RaftServerImpl (RaftServerImpl.java:setRole(170)) - 17973fa0-ca4b-4c8f-aca3-d8dca3028241@group-294BEBE2862C: changes role from  FOLLOWER to CANDIDATE at term 0 for changeToCandidate
2019-10-02 05:59:11,421 [Thread-969] INFO  impl.RoleInfo (RoleInfo.java:updateAndGet(143)) - 17973fa0-ca4b-4c8f-aca3-d8dca3028241: start LeaderElection
2019-10-02 05:59:11,512 [Thread-966] INFO  impl.FollowerState (FollowerState.java:run(108)) - 665fa38a-9537-47ed-bb4f-28280fb495a6@group-2C8CF22078AC-FollowerState: change to CANDIDATE, lastRpcTime:5187ms, electionTimeout:5187ms
2019-10-02 05:59:11,512 [Thread-966] INFO  impl.RoleInfo (RoleInfo.java:shutdownFollowerState(121)) - 665fa38a-9537-47ed-bb4f-28280fb495a6: shutdown FollowerState
2019-10-02 05:59:11,512 [Thread-966] INFO  impl.RaftServerImpl (RaftServerImpl.java:setRole(170)) - 665fa38a-9537-47ed-bb4f-28280fb495a6@group-2C8CF22078AC: changes role from  FOLLOWER to CANDIDATE at term 0 for changeToCandidate
2019-10-02 05:59:11,512 [Thread-966] INFO  impl.RoleInfo (RoleInfo.java:updateAndGet(143)) - 665fa38a-9537-47ed-bb4f-28280fb495a6: start LeaderElection
2019-10-02 05:59:11,566 [Thread-977] INFO  impl.FollowerState (FollowerState.java:run(108)) - 17973fa0-ca4b-4c8f-aca3-d8dca3028241@group-A0F3659C1B16-FollowerState: change to CANDIDATE, lastRpcTime:5107ms, electionTimeout:5107ms
2019-10-02 05:59:11,566 [Thread-977] INFO  impl.RoleInfo (RoleInfo.java:shutdownFollowerState(121)) - 17973fa0-ca4b-4c8f-aca3-d8dca3028241: shutdown FollowerState
2019-10-02 05:59:11,566 [Thread-977] INFO  impl.RaftServerImpl (RaftServerImpl.java:setRole(170)) - 17973fa0-ca4b-4c8f-aca3-d8dca3028241@group-A0F3659C1B16: changes role from  FOLLOWER to CANDIDATE at term 0 for changeToCandidate
2019-10-02 05:59:11,566 [Thread-977] INFO  impl.RoleInfo (RoleInfo.java:updateAndGet(143)) - 17973fa0-ca4b-4c8f-aca3-d8dca3028241: start LeaderElection
2019-10-02 05:59:11,582 [Thread-973] INFO  impl.FollowerState (FollowerState.java:run(108)) - 4dc07db9-938b-48ea-815e-ae23a535f1bb@group-A0F3659C1B16-FollowerState: change to CANDIDATE, lastRpcTime:5129ms, electionTimeout:5129ms
2019-10-02 05:59:11,582 [Thread-973] INFO  impl.RoleInfo (RoleInfo.java:shutdownFollowerState(121)) - 4dc07db9-938b-48ea-815e-ae23a535f1bb: shutdown FollowerState
2019-10-02 05:59:11,583 [Thread-973] INFO  impl.RaftServerImpl (RaftServerImpl.java:setRole(170)) - 4dc07db9-938b-48ea-815e-ae23a535f1bb@group-A0F3659C1B16: changes role from  FOLLOWER to CANDIDATE at term 0 for changeToCandidate
2019-10-02 05:59:11,583 [Thread-973] INFO  impl.RoleInfo (RoleInfo.java:updateAndGet(143)) - 4dc07db9-938b-48ea-815e-ae23a535f1bb: start LeaderElection
2019-10-02 05:59:11,607 [Thread-981] INFO  impl.FollowerState (FollowerState.java:run(108)) - 98deb3f5-0e5e-4c88-9e80-87735dc2d52d@group-52AD764FA53B-FollowerState: change to CANDIDATE, lastRpcTime:5089ms, electionTimeout:5089ms
2019-10-02 05:59:11,607 [Thread-981] INFO  impl.RoleInfo (RoleInfo.java:shutdownFollowerState(121)) - 98deb3f5-0e5e-4c88-9e80-87735dc2d52d: shutdown FollowerState
2019-10-02 05:59:11,607 [Thread-981] INFO  impl.RaftServerImpl (RaftServerImpl.java:setRole(170)) - 98deb3f5-0e5e-4c88-9e80-87735dc2d52d@group-52AD764FA53B: changes role from  FOLLOWER to CANDIDATE at term 0 for changeToCandidate
2019-10-02 05:59:11,607 [Thread-981] INFO  impl.RoleInfo (RoleInfo.java:updateAndGet(143)) - 98deb3f5-0e5e-4c88-9e80-87735dc2d52d: start LeaderElection
2019-10-02 05:59:11,624 [Thread-975] INFO  impl.FollowerState (FollowerState.java:run(108)) - 665fa38a-9537-47ed-bb4f-28280fb495a6@group-A0F3659C1B16-FollowerState: change to CANDIDATE, lastRpcTime:5167ms, electionTimeout:5158ms
2019-10-02 05:59:11,624 [Thread-975] INFO  impl.RoleInfo (RoleInfo.java:shutdownFollowerState(121)) - 665fa38a-9537-47ed-bb4f-28280fb495a6: shutdown FollowerState
2019-10-02 05:59:11,625 [Thread-975] INFO  impl.RaftServerImpl (RaftServerImpl.java:setRole(170)) - 665fa38a-9537-47ed-bb4f-28280fb495a6@group-A0F3659C1B16: changes role from  FOLLOWER to CANDIDATE at term 0 for changeToCandidate
2019-10-02 05:59:11,625 [Thread-975] INFO  impl.RoleInfo (RoleInfo.java:updateAndGet(143)) - 665fa38a-9537-47ed-bb4f-28280fb495a6: start LeaderElection
2019-10-02 05:59:11,738 [Thread-984] INFO  impl.FollowerState (FollowerState.java:run(108)) - 1a104173-8766-4821-8d3b-b5b33cc05046@group-1006BA092D03-FollowerState: change to CANDIDATE, lastRpcTime:5155ms, electionTimeout:5155ms
2019-10-02 05:59:11,739 [Thread-984] INFO  impl.RoleInfo (RoleInfo.java:shutdownFollowerState(121)) - 1a104173-8766-4821-8d3b-b5b33cc05046: shutdown FollowerState
2019-10-02 05:59:11,739 [Thread-984] INFO  impl.RaftServerImpl (RaftServerImpl.java:setRole(170)) - 1a104173-8766-4821-8d3b-b5b33cc05046@group-1006BA092D03: changes role from  FOLLOWER to CANDIDATE at term 0 for changeToCandidate
2019-10-02 05:59:11,739 [Thread-984] INFO  impl.RoleInfo (RoleInfo.java:updateAndGet(143)) - 1a104173-8766-4821-8d3b-b5b33cc05046: start LeaderElection
2019-10-02 05:59:11,798 [Thread-987] INFO  impl.FollowerState (FollowerState.java:run(108)) - 222008bf-c101-4150-9611-50929e98545a@group-A6906E0D36CC-FollowerState: change to CANDIDATE, lastRpcTime:5173ms, electionTimeout:5171ms
2019-10-02 05:59:11,799 [Thread-987] INFO  impl.RoleInfo (RoleInfo.java:shutdownFollowerState(121)) - 222008bf-c101-4150-9611-50929e98545a: shutdown FollowerState
2019-10-02 05:59:11,799 [Thread-987] INFO  impl.RaftServerImpl (RaftServerImpl.java:setRole(170)) - 222008bf-c101-4150-9611-50929e98545a@group-A6906E0D36CC: changes role from  FOLLOWER to CANDIDATE at term 0 for changeToCandidate
2019-10-02 05:59:11,799 [Thread-987] INFO  impl.RoleInfo (RoleInfo.java:updateAndGet(143)) - 222008bf-c101-4150-9611-50929e98545a: start LeaderElection
2019-10-02 05:59:11,860 [Thread-990] INFO  impl.FollowerState (FollowerState.java:run(108)) - 48606941-d0e7-458c-8671-720c89e9f6da@group-89743BB7E3B5-FollowerState: change to CANDIDATE, lastRpcTime:5199ms, electionTimeout:5199ms
2019-10-02 05:59:11,860 [Thread-990] INFO  impl.RoleInfo (RoleInfo.java:shutdownFollowerState(121)) - 48606941-d0e7-458c-8671-720c89e9f6da: shutdown FollowerState
2019-10-02 05:59:11,860 [Thread-990] INFO  impl.RaftServerImpl (RaftServerImpl.java:setRole(170)) - 48606941-d0e7-458c-8671-720c89e9f6da@group-89743BB7E3B5: changes role from  FOLLOWER to CANDIDATE at term 0 for changeToCandidate
2019-10-02 05:59:11,860 [Thread-990] INFO  impl.RoleInfo (RoleInfo.java:updateAndGet(143)) - 48606941-d0e7-458c-8671-720c89e9f6da: start LeaderElection
2019-10-02 05:59:11,868 [Thread-993] INFO  impl.FollowerState (FollowerState.java:run(108)) - 48606941-d0e7-458c-8671-720c89e9f6da@group-91BCE5B55630-FollowerState: change to CANDIDATE, lastRpcTime:5117ms, electionTimeout:5117ms
2019-10-02 05:59:11,868 [Thread-993] INFO  impl.RoleInfo (RoleInfo.java:shutdownFollowerState(121)) - 48606941-d0e7-458c-8671-720c89e9f6da: shutdown FollowerState
2019-10-02 05:59:11,868 [Thread-993] INFO  impl.RaftServerImpl (RaftServerImpl.java:setRole(170)) - 48606941-d0e7-458c-8671-720c89e9f6da@group-91BCE5B55630: changes role from  FOLLOWER to CANDIDATE at term 0 for changeToCandidate
2019-10-02 05:59:11,869 [Thread-993] INFO  impl.RoleInfo (RoleInfo.java:updateAndGet(143)) - 48606941-d0e7-458c-8671-720c89e9f6da: start LeaderElection
2019-10-02 05:59:11,970 [Thread-998] INFO  impl.FollowerState (FollowerState.java:run(108)) - 98deb3f5-0e5e-4c88-9e80-87735dc2d52d@group-91BCE5B55630-FollowerState: change to CANDIDATE, lastRpcTime:5131ms, electionTimeout:5131ms
2019-10-02 05:59:11,970 [Thread-998] INFO  impl.RoleInfo (RoleInfo.java:shutdownFollowerState(121)) - 98deb3f5-0e5e-4c88-9e80-87735dc2d52d: shutdown FollowerState
2019-10-02 05:59:11,970 [Thread-998] INFO  impl.RaftServerImpl (RaftServerImpl.java:setRole(170)) - 98deb3f5-0e5e-4c88-9e80-87735dc2d52d@group-91BCE5B55630: changes role from  FOLLOWER to CANDIDATE at term 0 for changeToCandidate
2019-10-02 05:59:11,970 [Thread-998] INFO  impl.RoleInfo (RoleInfo.java:updateAndGet(143)) - 98deb3f5-0e5e-4c88-9e80-87735dc2d52d: start LeaderElection
2019-10-02 05:59:12,004 [Thread-997] INFO  impl.FollowerState (FollowerState.java:run(108)) - 1a104173-8766-4821-8d3b-b5b33cc05046@group-91BCE5B55630-FollowerState: change to CANDIDATE, lastRpcTime:5166ms, electionTimeout:5166ms
2019-10-02 05:59:12,005 [Thread-997] INFO  impl.RoleInfo (RoleInfo.java:shutdownFollowerState(121)) - 1a104173-8766-4821-8d3b-b5b33cc05046: shutdown FollowerState
2019-10-02 05:59:12,005 [Thread-997] INFO  impl.RaftServerImpl (RaftServerImpl.java:setRole(170)) - 1a104173-8766-4821-8d3b-b5b33cc05046@group-91BCE5B55630: changes role from  FOLLOWER to CANDIDATE at term 0 for changeToCandidate
2019-10-02 05:59:12,005 [Thread-997] INFO  impl.RoleInfo (RoleInfo.java:updateAndGet(143)) - 1a104173-8766-4821-8d3b-b5b33cc05046: start LeaderElection
2019-10-02 05:59:17,938 [48606941-d0e7-458c-8671-720c89e9f6da@group-91BCE5B55630-LeaderElection24] INFO  impl.LeaderElection (LeaderElection.java:askForVotes(178)) - 48606941-d0e7-458c-8671-720c89e9f6da@group-91BCE5B55630-LeaderElection24: begin an election at term 1 for -1: [1a104173-8766-4821-8d3b-b5b33cc05046:192.168.164.241:42807, 98deb3f5-0e5e-4c88-9e80-87735dc2d52d:192.168.164.241:36654, 48606941-d0e7-458c-8671-720c89e9f6da:192.168.164.241:35807], old=null
2019-10-02 05:59:17,938 [17973fa0-ca4b-4c8f-aca3-d8dca3028241@group-294BEBE2862C-LeaderElection15] INFO  impl.LeaderElection (LeaderElection.java:askForVotes(178)) - 17973fa0-ca4b-4c8f-aca3-d8dca3028241@group-294BEBE2862C-LeaderElection15: begin an election at term 1 for -1: [17973fa0-ca4b-4c8f-aca3-d8dca3028241:192.168.164.241:33566], old=null
2019-10-02 05:59:17,938 [1a104173-8766-4821-8d3b-b5b33cc05046@group-91BCE5B55630-LeaderElection26] INFO  impl.LeaderElection (LeaderElection.java:askForVotes(178)) - 1a104173-8766-4821-8d3b-b5b33cc05046@group-91BCE5B55630-LeaderElection26: begin an election at term 1 for -1: [1a104173-8766-4821-8d3b-b5b33cc05046:192.168.164.241:42807, 98deb3f5-0e5e-4c88-9e80-87735dc2d52d:192.168.164.241:36654, 48606941-d0e7-458c-8671-720c89e9f6da:192.168.164.241:35807], old=null
2019-10-02 05:59:17,939 [17973fa0-ca4b-4c8f-aca3-d8dca3028241@group-294BEBE2862C-LeaderElection15] INFO  impl.RoleInfo (RoleInfo.java:shutdownLeaderElection(134)) - 17973fa0-ca4b-4c8f-aca3-d8dca3028241: shutdown LeaderElection
2019-10-02 05:59:17,938 [98deb3f5-0e5e-4c88-9e80-87735dc2d52d@group-91BCE5B55630-LeaderElection25] INFO  impl.LeaderElection (LeaderElection.java:askForVotes(178)) - 98deb3f5-0e5e-4c88-9e80-87735dc2d52d@group-91BCE5B55630-LeaderElection25: begin an election at term 1 for -1: [1a104173-8766-4821-8d3b-b5b33cc05046:192.168.164.241:42807, 98deb3f5-0e5e-4c88-9e80-87735dc2d52d:192.168.164.241:36654, 48606941-d0e7-458c-8671-720c89e9f6da:192.168.164.241:35807], old=null
2019-10-02 05:59:17,938 [665fa38a-9537-47ed-bb4f-28280fb495a6@group-2C8CF22078AC-LeaderElection16] INFO  impl.LeaderElection (LeaderElection.java:askForVotes(178)) - 665fa38a-9537-47ed-bb4f-28280fb495a6@group-2C8CF22078AC-LeaderElection16: begin an election at term 1 for -1: [665fa38a-9537-47ed-bb4f-28280fb495a6:192.168.164.241:42397], old=null
2019-10-02 05:59:17,938 [17973fa0-ca4b-4c8f-aca3-d8dca3028241@group-A0F3659C1B16-LeaderElection17] INFO  impl.LeaderElection (LeaderElection.java:askForVotes(178)) - 17973fa0-ca4b-4c8f-aca3-d8dca3028241@group-A0F3659C1B16-LeaderElection17: begin an election at term 1 for -1: [17973fa0-ca4b-4c8f-aca3-d8dca3028241:192.168.164.241:33566, 4dc07db9-938b-48ea-815e-ae23a535f1bb:192.168.164.241:44125, 665fa38a-9537-47ed-bb4f-28280fb495a6:192.168.164.241:42397], old=null
2019-10-02 05:59:17,938 [4dc07db9-938b-48ea-815e-ae23a535f1bb@group-A0F3659C1B16-LeaderElection18] INFO  impl.LeaderElection (LeaderElection.java:askForVotes(178)) - 4dc07db9-938b-48ea-815e-ae23a535f1bb@group-A0F3659C1B16-LeaderElection18: begin an election at term 1 for -1: [17973fa0-ca4b-4c8f-aca3-d8dca3028241:192.168.164.241:33566, 4dc07db9-938b-48ea-815e-ae23a535f1bb:192.168.164.241:44125, 665fa38a-9537-47ed-bb4f-28280fb495a6:192.168.164.241:42397], old=null
2019-10-02 05:59:17,938 [98deb3f5-0e5e-4c88-9e80-87735dc2d52d@group-52AD764FA53B-LeaderElection19] INFO  impl.LeaderElection (LeaderElection.java:askForVotes(178)) - 98deb3f5-0e5e-4c88-9e80-87735dc2d52d@group-52AD764FA53B-LeaderElection19: begin an election at term 1 for -1: [98deb3f5-0e5e-4c88-9e80-87735dc2d52d:192.168.164.241:36654], old=null
2019-10-02 05:59:17,938 [4dc07db9-938b-48ea-815e-ae23a535f1bb@group-B3BB04C37B51-LeaderElection14] INFO  impl.LeaderElection (LeaderElection.java:askForVotes(178)) - 4dc07db9-938b-48ea-815e-ae23a535f1bb@group-B3BB04C37B51-LeaderElection14: begin an election at term 1 for -1: [4dc07db9-938b-48ea-815e-ae23a535f1bb:192.168.164.241:44125], old=null
2019-10-02 05:59:17,938 [222008bf-c101-4150-9611-50929e98545a@group-A6906E0D36CC-LeaderElection22] INFO  impl.LeaderElection (LeaderElection.java:askForVotes(178)) - 222008bf-c101-4150-9611-50929e98545a@group-A6906E0D36CC-LeaderElection22: begin an election at term 1 for -1: [222008bf-c101-4150-9611-50929e98545a:192.168.164.241:43880], old=null
2019-10-02 05:59:17,938 [665fa38a-9537-47ed-bb4f-28280fb495a6@group-A0F3659C1B16-LeaderElection20] INFO  impl.LeaderElection (LeaderElection.java:askForVotes(178)) - 665fa38a-9537-47ed-bb4f-28280fb495a6@group-A0F3659C1B16-LeaderElection20: begin an election at term 1 for -1: [17973fa0-ca4b-4c8f-aca3-d8dca3028241:192.168.164.241:33566, 4dc07db9-938b-48ea-815e-ae23a535f1bb:192.168.164.241:44125, 665fa38a-9537-47ed-bb4f-28280fb495a6:192.168.164.241:42397], old=null
2019-10-02 05:59:17,938 [1a104173-8766-4821-8d3b-b5b33cc05046@group-1006BA092D03-LeaderElection21] INFO  impl.LeaderElection (LeaderElection.java:askForVotes(178)) - 1a104173-8766-4821-8d3b-b5b33cc05046@group-1006BA092D03-LeaderElection21: begin an election at term 1 for -1: [1a104173-8766-4821-8d3b-b5b33cc05046:192.168.164.241:42807], old=null
2019-10-02 05:59:17,938 [48606941-d0e7-458c-8671-720c89e9f6da@group-89743BB7E3B5-LeaderElection23] INFO  impl.LeaderElection (LeaderElection.java:askForVotes(178)) - 48606941-d0e7-458c-8671-720c89e9f6da@group-89743BB7E3B5-LeaderElection23: begin an election at term 1 for -1: [48606941-d0e7-458c-8671-720c89e9f6da:192.168.164.241:35807], old=null
2019-10-02 05:59:17,946 [1a104173-8766-4821-8d3b-b5b33cc05046@group-1006BA092D03-LeaderElection21] INFO  impl.RoleInfo (RoleInfo.java:shutdownLeaderElection(134)) - 1a104173-8766-4821-8d3b-b5b33cc05046: shutdown LeaderElection
2019-10-02 05:59:17,945 [222008bf-c101-4150-9611-50929e98545a@group-A6906E0D36CC-LeaderElection22] INFO  impl.RoleInfo (RoleInfo.java:shutdownLeaderElection(134)) - 222008bf-c101-4150-9611-50929e98545a: shutdown LeaderElection
2019-10-02 05:59:17,945 [4dc07db9-938b-48ea-815e-ae23a535f1bb@group-B3BB04C37B51-LeaderElection14] INFO  impl.RoleInfo (RoleInfo.java:shutdownLeaderElection(134)) - 4dc07db9-938b-48ea-815e-ae23a535f1bb: shutdown LeaderElection
2019-10-02 05:59:17,945 [98deb3f5-0e5e-4c88-9e80-87735dc2d52d@group-52AD764FA53B-LeaderElection19] INFO  impl.RoleInfo (RoleInfo.java:shutdownLeaderElection(134)) - 98deb3f5-0e5e-4c88-9e80-87735dc2d52d: shutdown LeaderElection
2019-10-02 05:59:17,942 [665fa38a-9537-47ed-bb4f-28280fb495a6@group-2C8CF22078AC-LeaderElection16] INFO  impl.RoleInfo (RoleInfo.java:shutdownLeaderElection(134)) - 665fa38a-9537-47ed-bb4f-28280fb495a6: shutdown LeaderElection
2019-10-02 05:59:17,941 [17973fa0-ca4b-4c8f-aca3-d8dca3028241@group-294BEBE2862C-LeaderElection15] INFO  impl.RaftServerImpl (RaftServerImpl.java:setRole(170)) - 17973fa0-ca4b-4c8f-aca3-d8dca3028241@group-294BEBE2862C: changes role from CANDIDATE to LEADER at term 1 for changeToLeader
2019-10-02 05:59:17,960 [665fa38a-9537-47ed-bb4f-28280fb495a6@group-2C8CF22078AC-LeaderElection16] INFO  impl.RaftServerImpl (RaftServerImpl.java:setRole(170)) - 665fa38a-9537-47ed-bb4f-28280fb495a6@group-2C8CF22078AC: changes role from CANDIDATE to LEADER at term 1 for changeToLeader
2019-10-02 05:59:17,960 [665fa38a-9537-47ed-bb4f-28280fb495a6@group-2C8CF22078AC-LeaderElection16] INFO  impl.RaftServerImpl (ServerState.java:setLeader(255)) - 665fa38a-9537-47ed-bb4f-28280fb495a6@group-2C8CF22078AC: change Leader from null to 665fa38a-9537-47ed-bb4f-28280fb495a6 at term 1 for becomeLeader, leader elected after 11642ms
2019-10-02 05:59:17,958 [98deb3f5-0e5e-4c88-9e80-87735dc2d52d@group-52AD764FA53B-LeaderElection19] INFO  impl.RaftServerImpl (RaftServerImpl.java:setRole(170)) - 98deb3f5-0e5e-4c88-9e80-87735dc2d52d@group-52AD764FA53B: changes role from CANDIDATE to LEADER at term 1 for changeToLeader
2019-10-02 05:59:17,958 [4dc07db9-938b-48ea-815e-ae23a535f1bb@group-B3BB04C37B51-LeaderElection14] INFO  impl.RaftServerImpl (RaftServerImpl.java:setRole(170)) - 4dc07db9-938b-48ea-815e-ae23a535f1bb@group-B3BB04C37B51: changes role from CANDIDATE to LEADER at term 1 for changeToLeader
2019-10-02 05:59:17,952 [222008bf-c101-4150-9611-50929e98545a@group-A6906E0D36CC-LeaderElection22] INFO  impl.RaftServerImpl (RaftServerImpl.java:setRole(170)) - 222008bf-c101-4150-9611-50929e98545a@group-A6906E0D36CC: changes role from CANDIDATE to LEADER at term 1 for changeToLeader
2019-10-02 05:59:17,952 [1a104173-8766-4821-8d3b-b5b33cc05046@group-1006BA092D03-LeaderElection21] INFO  impl.RaftServerImpl (RaftServerImpl.java:setRole(170)) - 1a104173-8766-4821-8d3b-b5b33cc05046@group-1006BA092D03: changes role from CANDIDATE to LEADER at term 1 for changeToLeader
2019-10-02 05:59:17,946 [48606941-d0e7-458c-8671-720c89e9f6da@group-89743BB7E3B5-LeaderElection23] INFO  impl.RoleInfo (RoleInfo.java:shutdownLeaderElection(134)) - 48606941-d0e7-458c-8671-720c89e9f6da: shutdown LeaderElection
2019-10-02 05:59:17,964 [1a104173-8766-4821-8d3b-b5b33cc05046@group-1006BA092D03-LeaderElection21] INFO  impl.RaftServerImpl (ServerState.java:setLeader(255)) - 1a104173-8766-4821-8d3b-b5b33cc05046@group-1006BA092D03: change Leader from null to 1a104173-8766-4821-8d3b-b5b33cc05046 at term 1 for becomeLeader, leader elected after 11386ms
2019-10-02 05:59:17,964 [222008bf-c101-4150-9611-50929e98545a@group-A6906E0D36CC-LeaderElection22] INFO  impl.RaftServerImpl (ServerState.java:setLeader(255)) - 222008bf-c101-4150-9611-50929e98545a@group-A6906E0D36CC: change Leader from null to 222008bf-c101-4150-9611-50929e98545a at term 1 for becomeLeader, leader elected after 11348ms
2019-10-02 05:59:17,964 [4dc07db9-938b-48ea-815e-ae23a535f1bb@group-B3BB04C37B51-LeaderElection14] INFO  impl.RaftServerImpl (ServerState.java:setLeader(255)) - 4dc07db9-938b-48ea-815e-ae23a535f1bb@group-B3BB04C37B51: change Leader from null to 4dc07db9-938b-48ea-815e-ae23a535f1bb at term 1 for becomeLeader, leader elected after 11697ms
2019-10-02 05:59:17,964 [98deb3f5-0e5e-4c88-9e80-87735dc2d52d@group-52AD764FA53B-LeaderElection19] INFO  impl.RaftServerImpl (ServerState.java:setLeader(255)) - 98deb3f5-0e5e-4c88-9e80-87735dc2d52d@group-52AD764FA53B: change Leader from null to 98deb3f5-0e5e-4c88-9e80-87735dc2d52d at term 1 for becomeLeader, leader elected after 11454ms
2019-10-02 05:59:17,964 [665fa38a-9537-47ed-bb4f-28280fb495a6@group-2C8CF22078AC-LeaderElection16] INFO  server.RaftServerConfigKeys (ConfUtils.java:logGet(43)) - raft.server.staging.catchup.gap = 1000 (default)
2019-10-02 05:59:17,960 [17973fa0-ca4b-4c8f-aca3-d8dca3028241@group-294BEBE2862C-LeaderElection15] INFO  impl.RaftServerImpl (ServerState.java:setLeader(255)) - 17973fa0-ca4b-4c8f-aca3-d8dca3028241@group-294BEBE2862C: change Leader from null to 17973fa0-ca4b-4c8f-aca3-d8dca3028241 at term 1 for becomeLeader, leader elected after 11576ms
2019-10-02 05:59:17,975 [665fa38a-9537-47ed-bb4f-28280fb495a6@group-2C8CF22078AC-LeaderElection16] INFO  server.RaftServerConfigKeys (ConfUtils.java:logGet(43)) - raft.server.rpc.sleep.time = 25ms (default)
2019-10-02 05:59:17,978 [17973fa0-ca4b-4c8f-aca3-d8dca3028241@group-294BEBE2862C-LeaderElection15] INFO  server.RaftServerConfigKeys (ConfUtils.java:logGet(43)) - raft.server.staging.catchup.gap = 1000 (default)
2019-10-02 05:59:17,978 [665fa38a-9537-47ed-bb4f-28280fb495a6@group-2C8CF22078AC-LeaderElection16] INFO  server.RaftServerConfigKeys (ConfUtils.java:logGet(43)) - raft.server.write.element-limit = 4096 (default)
2019-10-02 05:59:17,975 [98deb3f5-0e5e-4c88-9e80-87735dc2d52d@group-52AD764FA53B-LeaderElection19] INFO  server.RaftServerConfigKeys (ConfUtils.java:logGet(43)) - raft.server.staging.catchup.gap = 1000 (default)
2019-10-02 05:59:17,972 [4dc07db9-938b-48ea-815e-ae23a535f1bb@group-B3BB04C37B51-LeaderElection14] INFO  server.RaftServerConfigKeys (ConfUtils.java:logGet(43)) - raft.server.staging.catchup.gap = 1000 (default)
2019-10-02 05:59:17,969 [222008bf-c101-4150-9611-50929e98545a@group-A6906E0D36CC-LeaderElection22] INFO  server.RaftServerConfigKeys (ConfUtils.java:logGet(43)) - raft.server.staging.catchup.gap = 1000 (default)
2019-10-02 05:59:17,967 [1a104173-8766-4821-8d3b-b5b33cc05046@group-1006BA092D03-LeaderElection21] INFO  server.RaftServerConfigKeys (ConfUtils.java:logGet(43)) - raft.server.staging.catchup.gap = 1000 (default)
2019-10-02 05:59:17,979 [1a104173-8766-4821-8d3b-b5b33cc05046@group-1006BA092D03-LeaderElection21] INFO  server.RaftServerConfigKeys (ConfUtils.java:logGet(43)) - raft.server.rpc.sleep.time = 25ms (default)
2019-10-02 05:59:17,964 [48606941-d0e7-458c-8671-720c89e9f6da@group-89743BB7E3B5-LeaderElection23] INFO  impl.RaftServerImpl (RaftServerImpl.java:setRole(170)) - 48606941-d0e7-458c-8671-720c89e9f6da@group-89743BB7E3B5: changes role from CANDIDATE to LEADER at term 1 for changeToLeader
2019-10-02 05:59:17,979 [1a104173-8766-4821-8d3b-b5b33cc05046@group-1006BA092D03-LeaderElection21] INFO  server.RaftServerConfigKeys (ConfUtils.java:logGet(43)) - raft.server.write.element-limit = 4096 (default)
2019-10-02 05:59:17,979 [222008bf-c101-4150-9611-50929e98545a@group-A6906E0D36CC-LeaderElection22] INFO  server.RaftServerConfigKeys (ConfUtils.java:logGet(43)) - raft.server.rpc.sleep.time = 25ms (default)
2019-10-02 05:59:17,979 [4dc07db9-938b-48ea-815e-ae23a535f1bb@group-B3BB04C37B51-LeaderElection14] INFO  server.RaftServerConfigKeys (ConfUtils.java:logGet(43)) - raft.server.rpc.sleep.time = 25ms (default)
2019-10-02 05:59:17,979 [98deb3f5-0e5e-4c88-9e80-87735dc2d52d@group-52AD764FA53B-LeaderElection19] INFO  server.RaftServerConfigKeys (ConfUtils.java:logGet(43)) - raft.server.rpc.sleep.time = 25ms (default)
2019-10-02 05:59:17,979 [665fa38a-9537-47ed-bb4f-28280fb495a6@group-2C8CF22078AC-LeaderElection16] INFO  server.RaftServerConfigKeys (ConfUtils.java:logGet(43)) - raft.server.watch.timeout = 10s (default)
2019-10-02 05:59:17,979 [17973fa0-ca4b-4c8f-aca3-d8dca3028241@group-294BEBE2862C-LeaderElection15] INFO  server.RaftServerConfigKeys (ConfUtils.java:logGet(43)) - raft.server.rpc.sleep.time = 25ms (default)
2019-10-02 05:59:17,983 [665fa38a-9537-47ed-bb4f-28280fb495a6@group-2C8CF22078AC-LeaderElection16] INFO  server.RaftServerConfigKeys (ConfUtils.java:logGet(43)) - raft.server.watch.timeout.denomination = 1s (default)
2019-10-02 05:59:17,983 [17973fa0-ca4b-4c8f-aca3-d8dca3028241@group-294BEBE2862C-LeaderElection15] INFO  server.RaftServerConfigKeys (ConfUtils.java:logGet(43)) - raft.server.write.element-limit = 4096 (default)
2019-10-02 05:59:17,985 [17973fa0-ca4b-4c8f-aca3-d8dca3028241@group-294BEBE2862C-LeaderElection15] INFO  server.RaftServerConfigKeys (ConfUtils.java:logGet(43)) - raft.server.watch.timeout = 10s (default)
2019-10-02 05:59:17,982 [98deb3f5-0e5e-4c88-9e80-87735dc2d52d@group-52AD764FA53B-LeaderElection19] INFO  server.RaftServerConfigKeys (ConfUtils.java:logGet(43)) - raft.server.write.element-limit = 4096 (default)
2019-10-02 05:59:17,980 [4dc07db9-938b-48ea-815e-ae23a535f1bb@group-B3BB04C37B51-LeaderElection14] INFO  server.RaftServerConfigKeys (ConfUtils.java:logGet(43)) - raft.server.write.element-limit = 4096 (default)
2019-10-02 05:59:17,980 [222008bf-c101-4150-9611-50929e98545a@group-A6906E0D36CC-LeaderElection22] INFO  server.RaftServerConfigKeys (ConfUtils.java:logGet(43)) - raft.server.write.element-limit = 4096 (default)
2019-10-02 05:59:17,989 [222008bf-c101-4150-9611-50929e98545a@group-A6906E0D36CC-LeaderElection22] INFO  server.RaftServerConfigKeys (ConfUtils.java:logGet(43)) - raft.server.watch.timeout = 10s (default)
2019-10-02 05:59:17,980 [1a104173-8766-4821-8d3b-b5b33cc05046@group-1006BA092D03-LeaderElection21] INFO  server.RaftServerConfigKeys (ConfUtils.java:logGet(43)) - raft.server.watch.timeout = 10s (default)
2019-10-02 05:59:17,980 [48606941-d0e7-458c-8671-720c89e9f6da@group-89743BB7E3B5-LeaderElection23] INFO  impl.RaftServerImpl (ServerState.java:setLeader(255)) - 48606941-d0e7-458c-8671-720c89e9f6da@group-89743BB7E3B5: change Leader from null to 48606941-d0e7-458c-8671-720c89e9f6da at term 1 for becomeLeader, leader elected after 11324ms
2019-10-02 05:59:17,992 [1a104173-8766-4821-8d3b-b5b33cc05046@group-1006BA092D03-LeaderElection21] INFO  server.RaftServerConfigKeys (ConfUtils.java:logGet(43)) - raft.server.watch.timeout.denomination = 1s (default)
2019-10-02 05:59:17,989 [222008bf-c101-4150-9611-50929e98545a@group-A6906E0D36CC-LeaderElection22] INFO  server.RaftServerConfigKeys (ConfUtils.java:logGet(43)) - raft.server.watch.timeout.denomination = 1s (default)
2019-10-02 05:59:17,987 [4dc07db9-938b-48ea-815e-ae23a535f1bb@group-B3BB04C37B51-LeaderElection14] INFO  server.RaftServerConfigKeys (ConfUtils.java:logGet(43)) - raft.server.watch.timeout = 10s (default)
2019-10-02 05:59:17,985 [98deb3f5-0e5e-4c88-9e80-87735dc2d52d@group-52AD764FA53B-LeaderElection19] INFO  server.RaftServerConfigKeys (ConfUtils.java:logGet(43)) - raft.server.watch.timeout = 10s (default)
2019-10-02 05:59:17,985 [17973fa0-ca4b-4c8f-aca3-d8dca3028241@group-294BEBE2862C-LeaderElection15] INFO  server.RaftServerConfigKeys (ConfUtils.java:logGet(43)) - raft.server.watch.timeout.denomination = 1s (default)
2019-10-02 05:59:17,983 [665fa38a-9537-47ed-bb4f-28280fb495a6@group-2C8CF22078AC-LeaderElection16] INFO  server.RaftServerConfigKeys (ConfUtils.java:logGet(43)) - raft.server.watch.element-limit = 65536 (default)
2019-10-02 05:59:18,006 [17973fa0-ca4b-4c8f-aca3-d8dca3028241@group-294BEBE2862C-LeaderElection15] INFO  server.RaftServerConfigKeys (ConfUtils.java:logGet(43)) - raft.server.watch.element-limit = 65536 (default)
2019-10-02 05:59:18,006 [98deb3f5-0e5e-4c88-9e80-87735dc2d52d@group-52AD764FA53B-LeaderElection19] INFO  server.RaftServerConfigKeys (ConfUtils.java:logGet(43)) - raft.server.watch.timeout.denomination = 1s (default)
2019-10-02 05:59:18,006 [4dc07db9-938b-48ea-815e-ae23a535f1bb@group-B3BB04C37B51-LeaderElection14] INFO  server.RaftServerConfigKeys (ConfUtils.java:logGet(43)) - raft.server.watch.timeout.denomination = 1s (default)
2019-10-02 05:59:18,031 [4dc07db9-938b-48ea-815e-ae23a535f1bb@group-B3BB04C37B51-LeaderElection14] INFO  server.RaftServerConfigKeys (ConfUtils.java:logGet(43)) - raft.server.watch.element-limit = 65536 (default)
2019-10-02 05:59:18,006 [222008bf-c101-4150-9611-50929e98545a@group-A6906E0D36CC-LeaderElection22] INFO  server.RaftServerConfigKeys (ConfUtils.java:logGet(43)) - raft.server.watch.element-limit = 65536 (default)
2019-10-02 05:59:18,006 [1a104173-8766-4821-8d3b-b5b33cc05046@group-1006BA092D03-LeaderElection21] INFO  server.RaftServerConfigKeys (ConfUtils.java:logGet(43)) - raft.server.watch.element-limit = 65536 (default)
2019-10-02 05:59:18,006 [48606941-d0e7-458c-8671-720c89e9f6da@group-89743BB7E3B5-LeaderElection23] INFO  server.RaftServerConfigKeys (ConfUtils.java:logGet(43)) - raft.server.staging.catchup.gap = 1000 (default)
2019-10-02 05:59:18,030 [98deb3f5-0e5e-4c88-9e80-87735dc2d52d@group-52AD764FA53B-LeaderElection19] INFO  server.RaftServerConfigKeys (ConfUtils.java:logGet(43)) - raft.server.watch.element-limit = 65536 (default)
2019-10-02 05:59:18,034 [48606941-d0e7-458c-8671-720c89e9f6da@group-89743BB7E3B5-LeaderElection23] INFO  server.RaftServerConfigKeys (ConfUtils.java:logGet(43)) - raft.server.rpc.sleep.time = 25ms (default)
2019-10-02 05:59:18,037 [48606941-d0e7-458c-8671-720c89e9f6da@group-89743BB7E3B5-LeaderElection23] INFO  server.RaftServerConfigKeys (ConfUtils.java:logGet(43)) - raft.server.write.element-limit = 4096 (default)
2019-10-02 05:59:18,037 [17973fa0-ca4b-4c8f-aca3-d8dca3028241@group-A0F3659C1B16-LeaderElection17] INFO  impl.LeaderElection (LeaderElection.java:logAndReturn(56)) - 17973fa0-ca4b-4c8f-aca3-d8dca3028241@group-A0F3659C1B16-LeaderElection17: Election REJECTED; received 2 response(s) [17973fa0-ca4b-4c8f-aca3-d8dca3028241<-4dc07db9-938b-48ea-815e-ae23a535f1bb#0:FAIL-t1, 17973fa0-ca4b-4c8f-aca3-d8dca3028241<-665fa38a-9537-47ed-bb4f-28280fb495a6#0:FAIL-t1] and 0 exception(s); 17973fa0-ca4b-4c8f-aca3-d8dca3028241@group-A0F3659C1B16:t1, leader=null, voted=17973fa0-ca4b-4c8f-aca3-d8dca3028241, raftlog=17973fa0-ca4b-4c8f-aca3-d8dca3028241@group-A0F3659C1B16-SegmentedRaftLog:OPENED:c-1,f-1,i0, conf=-1: [17973fa0-ca4b-4c8f-aca3-d8dca3028241:192.168.164.241:33566, 4dc07db9-938b-48ea-815e-ae23a535f1bb:192.168.164.241:44125, 665fa38a-9537-47ed-bb4f-28280fb495a6:192.168.164.241:42397], old=null
2019-10-02 05:59:18,038 [48606941-d0e7-458c-8671-720c89e9f6da@group-89743BB7E3B5-LeaderElection23] INFO  server.RaftServerConfigKeys (ConfUtils.java:logGet(43)) - raft.server.watch.timeout = 10s (default)
2019-10-02 05:59:18,037 [4dc07db9-938b-48ea-815e-ae23a535f1bb@group-A0F3659C1B16-LeaderElection18] INFO  impl.LeaderElection (LeaderElection.java:logAndReturn(56)) - 4dc07db9-938b-48ea-815e-ae23a535f1bb@group-A0F3659C1B16-LeaderElection18: Election REJECTED; received 2 response(s) [4dc07db9-938b-48ea-815e-ae23a535f1bb<-17973fa0-ca4b-4c8f-aca3-d8dca3028241#0:FAIL-t1, 4dc07db9-938b-48ea-815e-ae23a535f1bb<-665fa38a-9537-47ed-bb4f-28280fb495a6#0:FAIL-t1] and 0 exception(s); 4dc07db9-938b-48ea-815e-ae23a535f1bb@group-A0F3659C1B16:t1, leader=null, voted=4dc07db9-938b-48ea-815e-ae23a535f1bb, raftlog=4dc07db9-938b-48ea-815e-ae23a535f1bb@group-A0F3659C1B16-SegmentedRaftLog:OPENED:c-1,f-1,i0, conf=-1: [17973fa0-ca4b-4c8f-aca3-d8dca3028241:192.168.164.241:33566, 4dc07db9-938b-48ea-815e-ae23a535f1bb:192.168.164.241:44125, 665fa38a-9537-47ed-bb4f-28280fb495a6:192.168.164.241:42397], old=null
2019-10-02 05:59:18,042 [48606941-d0e7-458c-8671-720c89e9f6da@group-89743BB7E3B5-LeaderElection23] INFO  server.RaftServerConfigKeys (ConfUtils.java:logGet(43)) - raft.server.watch.timeout.denomination = 1s (default)
2019-10-02 05:59:18,040 [17973fa0-ca4b-4c8f-aca3-d8dca3028241@group-A0F3659C1B16-LeaderElection17] INFO  impl.RaftServerImpl (RaftServerImpl.java:setRole(170)) - 17973fa0-ca4b-4c8f-aca3-d8dca3028241@group-A0F3659C1B16: changes role from CANDIDATE to FOLLOWER at term 1 for DISCOVERED_A_NEW_TERM
2019-10-02 05:59:18,046 [48606941-d0e7-458c-8671-720c89e9f6da@group-89743BB7E3B5-LeaderElection23] INFO  server.RaftServerConfigKeys (ConfUtils.java:logGet(43)) - raft.server.watch.element-limit = 65536 (default)
2019-10-02 05:59:18,044 [4dc07db9-938b-48ea-815e-ae23a535f1bb@group-A0F3659C1B16-LeaderElection18] INFO  impl.RaftServerImpl (RaftServerImpl.java:setRole(170)) - 4dc07db9-938b-48ea-815e-ae23a535f1bb@group-A0F3659C1B16: changes role from CANDIDATE to FOLLOWER at term 1 for DISCOVERED_A_NEW_TERM
2019-10-02 05:59:18,048 [48606941-d0e7-458c-8671-720c89e9f6da@group-91BCE5B55630-LeaderElection24] INFO  impl.LeaderElection (LeaderElection.java:logAndReturn(56)) - 48606941-d0e7-458c-8671-720c89e9f6da@group-91BCE5B55630-LeaderElection24: Election REJECTED; received 2 response(s) [48606941-d0e7-458c-8671-720c89e9f6da<-1a104173-8766-4821-8d3b-b5b33cc05046#0:FAIL-t1, 48606941-d0e7-458c-8671-720c89e9f6da<-98deb3f5-0e5e-4c88-9e80-87735dc2d52d#0:FAIL-t1] and 0 exception(s); 48606941-d0e7-458c-8671-720c89e9f6da@group-91BCE5B55630:t1, leader=null, voted=48606941-d0e7-458c-8671-720c89e9f6da, raftlog=48606941-d0e7-458c-8671-720c89e9f6da@group-91BCE5B55630-SegmentedRaftLog:OPENED:c-1,f-1,i0, conf=-1: [1a104173-8766-4821-8d3b-b5b33cc05046:192.168.164.241:42807, 98deb3f5-0e5e-4c88-9e80-87735dc2d52d:192.168.164.241:36654, 48606941-d0e7-458c-8671-720c89e9f6da:192.168.164.241:35807], old=null
2019-10-02 05:59:18,048 [17973fa0-ca4b-4c8f-aca3-d8dca3028241@group-A0F3659C1B16-LeaderElection17] INFO  impl.RoleInfo (RoleInfo.java:shutdownLeaderElection(134)) - 17973fa0-ca4b-4c8f-aca3-d8dca3028241: shutdown LeaderElection
2019-10-02 05:59:18,048 [4dc07db9-938b-48ea-815e-ae23a535f1bb@group-A0F3659C1B16-LeaderElection18] INFO  impl.RoleInfo (RoleInfo.java:shutdownLeaderElection(134)) - 4dc07db9-938b-48ea-815e-ae23a535f1bb: shutdown LeaderElection
2019-10-02 05:59:18,060 [17973fa0-ca4b-4c8f-aca3-d8dca3028241@group-A0F3659C1B16-LeaderElection17] INFO  impl.RoleInfo (RoleInfo.java:updateAndGet(143)) - 17973fa0-ca4b-4c8f-aca3-d8dca3028241: start FollowerState
2019-10-02 05:59:18,054 [48606941-d0e7-458c-8671-720c89e9f6da@group-91BCE5B55630-LeaderElection24] INFO  impl.RaftServerImpl (RaftServerImpl.java:setRole(170)) - 48606941-d0e7-458c-8671-720c89e9f6da@group-91BCE5B55630: changes role from CANDIDATE to FOLLOWER at term 1 for DISCOVERED_A_NEW_TERM
2019-10-02 05:59:18,062 [4dc07db9-938b-48ea-815e-ae23a535f1bb@group-A0F3659C1B16-LeaderElection18] INFO  impl.RoleInfo (RoleInfo.java:updateAndGet(143)) - 4dc07db9-938b-48ea-815e-ae23a535f1bb: start FollowerState
2019-10-02 05:59:18,062 [48606941-d0e7-458c-8671-720c89e9f6da@group-91BCE5B55630-LeaderElection24] INFO  impl.RoleInfo (RoleInfo.java:shutdownLeaderElection(134)) - 48606941-d0e7-458c-8671-720c89e9f6da: shutdown LeaderElection
2019-10-02 05:59:18,062 [48606941-d0e7-458c-8671-720c89e9f6da@group-91BCE5B55630-LeaderElection24] INFO  impl.RoleInfo (RoleInfo.java:updateAndGet(143)) - 48606941-d0e7-458c-8671-720c89e9f6da: start FollowerState
2019-10-02 05:59:18,063 [665fa38a-9537-47ed-bb4f-28280fb495a6@group-A0F3659C1B16-LeaderElection20] INFO  impl.LeaderElection (LeaderElection.java:logAndReturn(56)) - 665fa38a-9537-47ed-bb4f-28280fb495a6@group-A0F3659C1B16-LeaderElection20: Election REJECTED; received 2 response(s) [665fa38a-9537-47ed-bb4f-28280fb495a6<-17973fa0-ca4b-4c8f-aca3-d8dca3028241#0:FAIL-t1, 665fa38a-9537-47ed-bb4f-28280fb495a6<-4dc07db9-938b-48ea-815e-ae23a535f1bb#0:FAIL-t1] and 0 exception(s); 665fa38a-9537-47ed-bb4f-28280fb495a6@group-A0F3659C1B16:t1, leader=null, voted=665fa38a-9537-47ed-bb4f-28280fb495a6, raftlog=665fa38a-9537-47ed-bb4f-28280fb495a6@group-A0F3659C1B16-SegmentedRaftLog:OPENED:c-1,f-1,i0, conf=-1: [17973fa0-ca4b-4c8f-aca3-d8dca3028241:192.168.164.241:33566, 4dc07db9-938b-48ea-815e-ae23a535f1bb:192.168.164.241:44125, 665fa38a-9537-47ed-bb4f-28280fb495a6:192.168.164.241:42397], old=null
2019-10-02 05:59:18,063 [1a104173-8766-4821-8d3b-b5b33cc05046@group-91BCE5B55630-LeaderElection26] INFO  impl.LeaderElection (LeaderElection.java:logAndReturn(56)) - 1a104173-8766-4821-8d3b-b5b33cc05046@group-91BCE5B55630-LeaderElection26: Election REJECTED; received 2 response(s) [1a104173-8766-4821-8d3b-b5b33cc05046<-98deb3f5-0e5e-4c88-9e80-87735dc2d52d#0:FAIL-t1, 1a104173-8766-4821-8d3b-b5b33cc05046<-48606941-d0e7-458c-8671-720c89e9f6da#0:FAIL-t1] and 0 exception(s); 1a104173-8766-4821-8d3b-b5b33cc05046@group-91BCE5B55630:t1, leader=null, voted=1a104173-8766-4821-8d3b-b5b33cc05046, raftlog=1a104173-8766-4821-8d3b-b5b33cc05046@group-91BCE5B55630-SegmentedRaftLog:OPENED:c-1,f-1,i0, conf=-1: [1a104173-8766-4821-8d3b-b5b33cc05046:192.168.164.241:42807, 98deb3f5-0e5e-4c88-9e80-87735dc2d52d:192.168.164.241:36654, 48606941-d0e7-458c-8671-720c89e9f6da:192.168.164.241:35807], old=null
2019-10-02 05:59:18,064 [665fa38a-9537-47ed-bb4f-28280fb495a6@group-A0F3659C1B16-LeaderElection20] INFO  impl.RaftServerImpl (RaftServerImpl.java:setRole(170)) - 665fa38a-9537-47ed-bb4f-28280fb495a6@group-A0F3659C1B16: changes role from CANDIDATE to FOLLOWER at term 1 for DISCOVERED_A_NEW_TERM
2019-10-02 05:59:18,065 [665fa38a-9537-47ed-bb4f-28280fb495a6@group-A0F3659C1B16-LeaderElection20] INFO  impl.RoleInfo (RoleInfo.java:shutdownLeaderElection(134)) - 665fa38a-9537-47ed-bb4f-28280fb495a6: shutdown LeaderElection
2019-10-02 05:59:18,065 [1a104173-8766-4821-8d3b-b5b33cc05046@group-91BCE5B55630-LeaderElection26] INFO  impl.RaftServerImpl (RaftServerImpl.java:setRole(170)) - 1a104173-8766-4821-8d3b-b5b33cc05046@group-91BCE5B55630: changes role from CANDIDATE to FOLLOWER at term 1 for DISCOVERED_A_NEW_TERM
2019-10-02 05:59:18,067 [98deb3f5-0e5e-4c88-9e80-87735dc2d52d@group-91BCE5B55630-LeaderElection25] INFO  impl.LeaderElection (LeaderElection.java:logAndReturn(56)) - 98deb3f5-0e5e-4c88-9e80-87735dc2d52d@group-91BCE5B55630-LeaderElection25: Election REJECTED; received 2 response(s) [98deb3f5-0e5e-4c88-9e80-87735dc2d52d<-1a104173-8766-4821-8d3b-b5b33cc05046#0:FAIL-t1, 98deb3f5-0e5e-4c88-9e80-87735dc2d52d<-48606941-d0e7-458c-8671-720c89e9f6da#0:FAIL-t1] and 0 exception(s); 98deb3f5-0e5e-4c88-9e80-87735dc2d52d@group-91BCE5B55630:t1, leader=null, voted=98deb3f5-0e5e-4c88-9e80-87735dc2d52d, raftlog=98deb3f5-0e5e-4c88-9e80-87735dc2d52d@group-91BCE5B55630-SegmentedRaftLog:OPENED:c-1,f-1,i0, conf=-1: [1a104173-8766-4821-8d3b-b5b33cc05046:192.168.164.241:42807, 98deb3f5-0e5e-4c88-9e80-87735dc2d52d:192.168.164.241:36654, 48606941-d0e7-458c-8671-720c89e9f6da:192.168.164.241:35807], old=null
2019-10-02 05:59:18,067 [665fa38a-9537-47ed-bb4f-28280fb495a6@group-A0F3659C1B16-LeaderElection20] INFO  impl.RoleInfo (RoleInfo.java:updateAndGet(143)) - 665fa38a-9537-47ed-bb4f-28280fb495a6: start FollowerState
2019-10-02 05:59:18,067 [1a104173-8766-4821-8d3b-b5b33cc05046@group-91BCE5B55630-LeaderElection26] INFO  impl.RoleInfo (RoleInfo.java:shutdownLeaderElection(134)) - 1a104173-8766-4821-8d3b-b5b33cc05046: shutdown LeaderElection
2019-10-02 05:59:18,067 [98deb3f5-0e5e-4c88-9e80-87735dc2d52d@group-91BCE5B55630-LeaderElection25] INFO  impl.RaftServerImpl (RaftServerImpl.java:setRole(170)) - 98deb3f5-0e5e-4c88-9e80-87735dc2d52d@group-91BCE5B55630: changes role from CANDIDATE to FOLLOWER at term 1 for DISCOVERED_A_NEW_TERM
2019-10-02 05:59:18,069 [1a104173-8766-4821-8d3b-b5b33cc05046@group-91BCE5B55630-LeaderElection26] INFO  impl.RoleInfo (RoleInfo.java:updateAndGet(143)) - 1a104173-8766-4821-8d3b-b5b33cc05046: start FollowerState
2019-10-02 05:59:18,069 [98deb3f5-0e5e-4c88-9e80-87735dc2d52d@group-91BCE5B55630-LeaderElection25] INFO  impl.RoleInfo (RoleInfo.java:shutdownLeaderElection(134)) - 98deb3f5-0e5e-4c88-9e80-87735dc2d52d: shutdown LeaderElection
2019-10-02 05:59:18,069 [98deb3f5-0e5e-4c88-9e80-87735dc2d52d@group-91BCE5B55630-LeaderElection25] INFO  impl.RoleInfo (RoleInfo.java:updateAndGet(143)) - 98deb3f5-0e5e-4c88-9e80-87735dc2d52d: start FollowerState
2019-10-02 05:59:18,072 [17973fa0-ca4b-4c8f-aca3-d8dca3028241@group-294BEBE2862C-LeaderElection15] INFO  impl.RoleInfo (RoleInfo.java:updateAndGet(143)) - 17973fa0-ca4b-4c8f-aca3-d8dca3028241: start LeaderState
2019-10-02 05:59:18,073 [17973fa0-ca4b-4c8f-aca3-d8dca3028241@group-294BEBE2862C-LeaderElection15] INFO  segmented.SegmentedRaftLogWorker (SegmentedRaftLogWorker.java:startLogSegment(385)) - 17973fa0-ca4b-4c8f-aca3-d8dca3028241@group-294BEBE2862C-SegmentedRaftLogWorker: Starting segment from index:0
2019-10-02 05:59:18,073 [17973fa0-ca4b-4c8f-aca3-d8dca3028241@group-294BEBE2862C-LeaderElection15] INFO  impl.RaftServerImpl (ServerState.java:setRaftConf(356)) - 17973fa0-ca4b-4c8f-aca3-d8dca3028241@group-294BEBE2862C: set configuration 0: [17973fa0-ca4b-4c8f-aca3-d8dca3028241:192.168.164.241:33566], old=null at 0
2019-10-02 05:59:18,075 [222008bf-c101-4150-9611-50929e98545a@group-A6906E0D36CC-LeaderElection22] INFO  impl.RoleInfo (RoleInfo.java:updateAndGet(143)) - 222008bf-c101-4150-9611-50929e98545a: start LeaderState
2019-10-02 05:59:18,075 [665fa38a-9537-47ed-bb4f-28280fb495a6@group-2C8CF22078AC-LeaderElection16] INFO  impl.RoleInfo (RoleInfo.java:updateAndGet(143)) - 665fa38a-9537-47ed-bb4f-28280fb495a6: start LeaderState
2019-10-02 05:59:18,075 [222008bf-c101-4150-9611-50929e98545a@group-A6906E0D36CC-LeaderElection22] INFO  segmented.SegmentedRaftLogWorker (SegmentedRaftLogWorker.java:startLogSegment(385)) - 222008bf-c101-4150-9611-50929e98545a@group-A6906E0D36CC-SegmentedRaftLogWorker: Starting segment from index:0
2019-10-02 05:59:18,076 [4dc07db9-938b-48ea-815e-ae23a535f1bb@group-B3BB04C37B51-LeaderElection14] INFO  impl.RoleInfo (RoleInfo.java:updateAndGet(143)) - 4dc07db9-938b-48ea-815e-ae23a535f1bb: start LeaderState
2019-10-02 05:59:18,076 [665fa38a-9537-47ed-bb4f-28280fb495a6@group-2C8CF22078AC-LeaderElection16] INFO  segmented.SegmentedRaftLogWorker (SegmentedRaftLogWorker.java:startLogSegment(385)) - 665fa38a-9537-47ed-bb4f-28280fb495a6@group-2C8CF22078AC-SegmentedRaftLogWorker: Starting segment from index:0
2019-10-02 05:59:18,076 [4dc07db9-938b-48ea-815e-ae23a535f1bb@group-B3BB04C37B51-LeaderElection14] INFO  segmented.SegmentedRaftLogWorker (SegmentedRaftLogWorker.java:startLogSegment(385)) - 4dc07db9-938b-48ea-815e-ae23a535f1bb@group-B3BB04C37B51-SegmentedRaftLogWorker: Starting segment from index:0
2019-10-02 05:59:18,076 [222008bf-c101-4150-9611-50929e98545a@group-A6906E0D36CC-LeaderElection22] INFO  impl.RaftServerImpl (ServerState.java:setRaftConf(356)) - 222008bf-c101-4150-9611-50929e98545a@group-A6906E0D36CC: set configuration 0: [222008bf-c101-4150-9611-50929e98545a:192.168.164.241:43880], old=null at 0
2019-10-02 05:59:18,076 [98deb3f5-0e5e-4c88-9e80-87735dc2d52d@group-52AD764FA53B-LeaderElection19] INFO  impl.RoleInfo (RoleInfo.java:updateAndGet(143)) - 98deb3f5-0e5e-4c88-9e80-87735dc2d52d: start LeaderState
2019-10-02 05:59:18,076 [1a104173-8766-4821-8d3b-b5b33cc05046@group-1006BA092D03-LeaderElection21] INFO  impl.RoleInfo (RoleInfo.java:updateAndGet(143)) - 1a104173-8766-4821-8d3b-b5b33cc05046: start LeaderState
2019-10-02 05:59:18,076 [98deb3f5-0e5e-4c88-9e80-87735dc2d52d@group-52AD764FA53B-LeaderElection19] INFO  segmented.SegmentedRaftLogWorker (SegmentedRaftLogWorker.java:startLogSegment(385)) - 98deb3f5-0e5e-4c88-9e80-87735dc2d52d@group-52AD764FA53B-SegmentedRaftLogWorker: Starting segment from index:0
2019-10-02 05:59:18,076 [48606941-d0e7-458c-8671-720c89e9f6da@group-89743BB7E3B5-LeaderElection23] INFO  impl.RoleInfo (RoleInfo.java:updateAndGet(143)) - 48606941-d0e7-458c-8671-720c89e9f6da: start LeaderState
2019-10-02 05:59:18,076 [4dc07db9-938b-48ea-815e-ae23a535f1bb@group-B3BB04C37B51-LeaderElection14] INFO  impl.RaftServerImpl (ServerState.java:setRaftConf(356)) - 4dc07db9-938b-48ea-815e-ae23a535f1bb@group-B3BB04C37B51: set configuration 0: [4dc07db9-938b-48ea-815e-ae23a535f1bb:192.168.164.241:44125], old=null at 0
2019-10-02 05:59:18,104 [98deb3f5-0e5e-4c88-9e80-87735dc2d52d@group-52AD764FA53B-LeaderElection19] INFO  impl.RaftServerImpl (ServerState.java:setRaftConf(356)) - 98deb3f5-0e5e-4c88-9e80-87735dc2d52d@group-52AD764FA53B: set configuration 0: [98deb3f5-0e5e-4c88-9e80-87735dc2d52d:192.168.164.241:36654], old=null at 0
2019-10-02 05:59:18,104 [48606941-d0e7-458c-8671-720c89e9f6da@group-89743BB7E3B5-LeaderElection23] INFO  segmented.SegmentedRaftLogWorker (SegmentedRaftLogWorker.java:startLogSegment(385)) - 48606941-d0e7-458c-8671-720c89e9f6da@group-89743BB7E3B5-SegmentedRaftLogWorker: Starting segment from index:0
2019-10-02 05:59:18,104 [1a104173-8766-4821-8d3b-b5b33cc05046@group-1006BA092D03-LeaderElection21] INFO  segmented.SegmentedRaftLogWorker (SegmentedRaftLogWorker.java:startLogSegment(385)) - 1a104173-8766-4821-8d3b-b5b33cc05046@group-1006BA092D03-SegmentedRaftLogWorker: Starting segment from index:0
2019-10-02 05:59:18,104 [665fa38a-9537-47ed-bb4f-28280fb495a6@group-2C8CF22078AC-LeaderElection16] INFO  impl.RaftServerImpl (ServerState.java:setRaftConf(356)) - 665fa38a-9537-47ed-bb4f-28280fb495a6@group-2C8CF22078AC: set configuration 0: [665fa38a-9537-47ed-bb4f-28280fb495a6:192.168.164.241:42397], old=null at 0
2019-10-02 05:59:18,132 [48606941-d0e7-458c-8671-720c89e9f6da@group-89743BB7E3B5-LeaderElection23] INFO  impl.RaftServerImpl (ServerState.java:setRaftConf(356)) - 48606941-d0e7-458c-8671-720c89e9f6da@group-89743BB7E3B5: set configuration 0: [48606941-d0e7-458c-8671-720c89e9f6da:192.168.164.241:35807], old=null at 0
2019-10-02 05:59:18,132 [1a104173-8766-4821-8d3b-b5b33cc05046@group-1006BA092D03-LeaderElection21] INFO  impl.RaftServerImpl (ServerState.java:setRaftConf(356)) - 1a104173-8766-4821-8d3b-b5b33cc05046@group-1006BA092D03: set configuration 0: [1a104173-8766-4821-8d3b-b5b33cc05046:192.168.164.241:42807], old=null at 0
2019-10-02 05:59:23,064 [Thread-1061] INFO  impl.FollowerState (FollowerState.java:run(108)) - 48606941-d0e7-458c-8671-720c89e9f6da@group-91BCE5B55630-FollowerState: change to CANDIDATE, lastRpcTime:5001ms, electionTimeout:5001ms
2019-10-02 05:59:23,065 [Thread-1061] INFO  impl.RoleInfo (RoleInfo.java:shutdownFollowerState(121)) - 48606941-d0e7-458c-8671-720c89e9f6da: shutdown FollowerState
2019-10-02 05:59:23,065 [Thread-1061] INFO  impl.RaftServerImpl (RaftServerImpl.java:setRole(170)) - 48606941-d0e7-458c-8671-720c89e9f6da@group-91BCE5B55630: changes role from  FOLLOWER to CANDIDATE at term 1 for changeToCandidate
2019-10-02 05:59:23,065 [Thread-1061] INFO  impl.RoleInfo (RoleInfo.java:updateAndGet(143)) - 48606941-d0e7-458c-8671-720c89e9f6da: start LeaderElection
2019-10-02 05:59:23,119 [Thread-1059] INFO  impl.FollowerState (FollowerState.java:run(108)) - 17973fa0-ca4b-4c8f-aca3-d8dca3028241@group-A0F3659C1B16-FollowerState: change to CANDIDATE, lastRpcTime:5059ms, electionTimeout:5057ms
2019-10-02 05:59:23,120 [Thread-1059] INFO  impl.RoleInfo (RoleInfo.java:shutdownFollowerState(121)) - 17973fa0-ca4b-4c8f-aca3-d8dca3028241: shutdown FollowerState
2019-10-02 05:59:23,120 [Thread-1059] INFO  impl.RaftServerImpl (RaftServerImpl.java:setRole(170)) - 17973fa0-ca4b-4c8f-aca3-d8dca3028241@group-A0F3659C1B16: changes role from  FOLLOWER to CANDIDATE at term 1 for changeToCandidate
2019-10-02 05:59:23,120 [Thread-1059] INFO  impl.RoleInfo (RoleInfo.java:updateAndGet(143)) - 17973fa0-ca4b-4c8f-aca3-d8dca3028241: start LeaderElection
2019-10-02 05:59:23,123 [Thread-1060] INFO  impl.FollowerState (FollowerState.java:run(108)) - 4dc07db9-938b-48ea-815e-ae23a535f1bb@group-A0F3659C1B16-FollowerState: change to CANDIDATE, lastRpcTime:5061ms, electionTimeout:5058ms
2019-10-02 05:59:23,123 [Thread-1060] INFO  impl.RoleInfo (RoleInfo.java:shutdownFollowerState(121)) - 4dc07db9-938b-48ea-815e-ae23a535f1bb: shutdown FollowerState
2019-10-02 05:59:23,123 [Thread-1060] INFO  impl.RaftServerImpl (RaftServerImpl.java:setRole(170)) - 4dc07db9-938b-48ea-815e-ae23a535f1bb@group-A0F3659C1B16: changes role from  FOLLOWER to CANDIDATE at term 1 for changeToCandidate
2019-10-02 05:59:23,123 [Thread-1060] INFO  impl.RoleInfo (RoleInfo.java:updateAndGet(143)) - 4dc07db9-938b-48ea-815e-ae23a535f1bb: start LeaderElection
2019-10-02 05:59:23,208 [Thread-1064] INFO  impl.FollowerState (FollowerState.java:run(108)) - 98deb3f5-0e5e-4c88-9e80-87735dc2d52d@group-91BCE5B55630-FollowerState: change to CANDIDATE, lastRpcTime:5138ms, electionTimeout:5138ms
2019-10-02 05:59:23,208 [Thread-1064] INFO  impl.RoleInfo (RoleInfo.java:shutdownFollowerState(121)) - 98deb3f5-0e5e-4c88-9e80-87735dc2d52d: shutdown FollowerState
2019-10-02 05:59:23,208 [Thread-1064] INFO  impl.RaftServerImpl (RaftServerImpl.java:setRole(170)) - 98deb3f5-0e5e-4c88-9e80-87735dc2d52d@group-91BCE5B55630: changes role from  FOLLOWER to CANDIDATE at term 1 for changeToCandidate
2019-10-02 05:59:23,208 [Thread-1064] INFO  impl.RoleInfo (RoleInfo.java:updateAndGet(143)) - 98deb3f5-0e5e-4c88-9e80-87735dc2d52d: start LeaderElection
2019-10-02 05:59:23,264 [Thread-1062] INFO  impl.FollowerState (FollowerState.java:run(108)) - 665fa38a-9537-47ed-bb4f-28280fb495a6@group-A0F3659C1B16-FollowerState: change to CANDIDATE, lastRpcTime:5196ms, electionTimeout:5195ms
2019-10-02 05:59:23,264 [Thread-1062] INFO  impl.RoleInfo (RoleInfo.java:shutdownFollowerState(121)) - 665fa38a-9537-47ed-bb4f-28280fb495a6: shutdown FollowerState
2019-10-02 05:59:23,264 [Thread-1062] INFO  impl.RaftServerImpl (RaftServerImpl.java:setRole(170)) - 665fa38a-9537-47ed-bb4f-28280fb495a6@group-A0F3659C1B16: changes role from  FOLLOWER to CANDIDATE at term 1 for changeToCandidate
2019-10-02 05:59:23,264 [Thread-1063] INFO  impl.FollowerState (FollowerState.java:run(108)) - 1a104173-8766-4821-8d3b-b5b33cc05046@group-91BCE5B55630-FollowerState: change to CANDIDATE, lastRpcTime:5195ms, electionTimeout:5195ms
2019-10-02 05:59:23,264 [Thread-1063] INFO  impl.RoleInfo (RoleInfo.java:shutdownFollowerState(121)) - 1a104173-8766-4821-8d3b-b5b33cc05046: shutdown FollowerState
2019-10-02 05:59:23,264 [Thread-1062] INFO  impl.RoleInfo (RoleInfo.java:updateAndGet(143)) - 665fa38a-9537-47ed-bb4f-28280fb495a6: start LeaderElection
2019-10-02 05:59:23,265 [Thread-1063] INFO  impl.RaftServerImpl (RaftServerImpl.java:setRole(170)) - 1a104173-8766-4821-8d3b-b5b33cc05046@group-91BCE5B55630: changes role from  FOLLOWER to CANDIDATE at term 1 for changeToCandidate
2019-10-02 05:59:23,265 [Thread-1063] INFO  impl.RoleInfo (RoleInfo.java:updateAndGet(143)) - 1a104173-8766-4821-8d3b-b5b33cc05046: start LeaderElection
2019-10-02 05:59:23,723 [4dc07db9-938b-48ea-815e-ae23a535f1bb@group-B3BB04C37B51-SegmentedRaftLogWorker] INFO  segmented.SegmentedRaftLogWorker (SegmentedRaftLogWorker.java:execute(574)) - 4dc07db9-938b-48ea-815e-ae23a535f1bb@group-B3BB04C37B51-SegmentedRaftLogWorker: created new log segment /workdir/hadoop-ozone/integration-test/target/test-dir/MiniOzoneClusterImpl-9bd87f02-f7a5-4629-95ca-511ace651d20/datanode-0/data/ratis/6ad531ca-9ef1-4c4f-b189-b3bb04c37b51/current/log_inprogress_0
2019-10-02 05:59:23,723 [222008bf-c101-4150-9611-50929e98545a@group-A6906E0D36CC-SegmentedRaftLogWorker] INFO  segmented.SegmentedRaftLogWorker (SegmentedRaftLogWorker.java:execute(574)) - 222008bf-c101-4150-9611-50929e98545a@group-A6906E0D36CC-SegmentedRaftLogWorker: created new log segment /workdir/hadoop-ozone/integration-test/target/test-dir/MiniOzoneClusterImpl-9bd87f02-f7a5-4629-95ca-511ace651d20/datanode-5/data/ratis/5c96f7d0-3a43-40cb-bf14-a6906e0d36cc/current/log_inprogress_0
2019-10-02 05:59:23,723 [98deb3f5-0e5e-4c88-9e80-87735dc2d52d@group-52AD764FA53B-SegmentedRaftLogWorker] INFO  segmented.SegmentedRaftLogWorker (SegmentedRaftLogWorker.java:execute(574)) - 98deb3f5-0e5e-4c88-9e80-87735dc2d52d@group-52AD764FA53B-SegmentedRaftLogWorker: created new log segment /workdir/hadoop-ozone/integration-test/target/test-dir/MiniOzoneClusterImpl-9bd87f02-f7a5-4629-95ca-511ace651d20/datanode-3/data/ratis/d8be6d0d-a46b-4148-8273-52ad764fa53b/current/log_inprogress_0
2019-10-02 05:59:23,723 [17973fa0-ca4b-4c8f-aca3-d8dca3028241@group-294BEBE2862C-SegmentedRaftLogWorker] INFO  segmented.SegmentedRaftLogWorker (SegmentedRaftLogWorker.java:execute(574)) - 17973fa0-ca4b-4c8f-aca3-d8dca3028241@group-294BEBE2862C-SegmentedRaftLogWorker: created new log segment /workdir/hadoop-ozone/integration-test/target/test-dir/MiniOzoneClusterImpl-9bd87f02-f7a5-4629-95ca-511ace651d20/datanode-2/data/ratis/0d528432-88ff-4048-b2b2-294bebe2862c/current/log_inprogress_0
2019-10-02 05:59:23,723 [665fa38a-9537-47ed-bb4f-28280fb495a6@group-2C8CF22078AC-SegmentedRaftLogWorker] INFO  segmented.SegmentedRaftLogWorker (SegmentedRaftLogWorker.java:execute(574)) - 665fa38a-9537-47ed-bb4f-28280fb495a6@group-2C8CF22078AC-SegmentedRaftLogWorker: created new log segment /workdir/hadoop-ozone/integration-test/target/test-dir/MiniOzoneClusterImpl-9bd87f02-f7a5-4629-95ca-511ace651d20/datanode-1/data/ratis/d7f74900-ed3c-4388-a617-2c8cf22078ac/current/log_inprogress_0
2019-10-02 05:59:23,723 [1a104173-8766-4821-8d3b-b5b33cc05046@group-1006BA092D03-SegmentedRaftLogWorker] INFO  segmented.SegmentedRaftLogWorker (SegmentedRaftLogWorker.java:execute(574)) - 1a104173-8766-4821-8d3b-b5b33cc05046@group-1006BA092D03-SegmentedRaftLogWorker: created new log segment /workdir/hadoop-ozone/integration-test/target/test-dir/MiniOzoneClusterImpl-9bd87f02-f7a5-4629-95ca-511ace651d20/datanode-4/data/ratis/ccec3034-086e-4e86-8458-1006ba092d03/current/log_inprogress_0
2019-10-02 05:59:23,723 [48606941-d0e7-458c-8671-720c89e9f6da@group-89743BB7E3B5-SegmentedRaftLogWorker] INFO  segmented.SegmentedRaftLogWorker (SegmentedRaftLogWorker.java:execute(574)) - 48606941-d0e7-458c-8671-720c89e9f6da@group-89743BB7E3B5-SegmentedRaftLogWorker: created new log segment /workdir/hadoop-ozone/integration-test/target/test-dir/MiniOzoneClusterImpl-9bd87f02-f7a5-4629-95ca-511ace651d20/datanode-6/data/ratis/89740e88-525a-49d4-8ee3-89743bb7e3b5/current/log_inprogress_0
2019-10-02 05:59:23,752 [17973fa0-ca4b-4c8f-aca3-d8dca3028241@group-A0F3659C1B16-LeaderElection28] INFO  impl.LeaderElection (LeaderElection.java:askForVotes(178)) - 17973fa0-ca4b-4c8f-aca3-d8dca3028241@group-A0F3659C1B16-LeaderElection28: begin an election at term 2 for -1: [17973fa0-ca4b-4c8f-aca3-d8dca3028241:192.168.164.241:33566, 4dc07db9-938b-48ea-815e-ae23a535f1bb:192.168.164.241:44125, 665fa38a-9537-47ed-bb4f-28280fb495a6:192.168.164.241:42397], old=null
2019-10-02 05:59:23,752 [1a104173-8766-4821-8d3b-b5b33cc05046@group-91BCE5B55630-LeaderElection32] INFO  impl.LeaderElection (LeaderElection.java:askForVotes(178)) - 1a104173-8766-4821-8d3b-b5b33cc05046@group-91BCE5B55630-LeaderElection32: begin an election at term 2 for -1: [1a104173-8766-4821-8d3b-b5b33cc05046:192.168.164.241:42807, 98deb3f5-0e5e-4c88-9e80-87735dc2d52d:192.168.164.241:36654, 48606941-d0e7-458c-8671-720c89e9f6da:192.168.164.241:35807], old=null
2019-10-02 05:59:23,752 [48606941-d0e7-458c-8671-720c89e9f6da@group-91BCE5B55630-LeaderElection27] INFO  impl.LeaderElection (LeaderElection.java:askForVotes(178)) - 48606941-d0e7-458c-8671-720c89e9f6da@group-91BCE5B55630-LeaderElection27: begin an election at term 2 for -1: [1a104173-8766-4821-8d3b-b5b33cc05046:192.168.164.241:42807, 98deb3f5-0e5e-4c88-9e80-87735dc2d52d:192.168.164.241:36654, 48606941-d0e7-458c-8671-720c89e9f6da:192.168.164.241:35807], old=null
2019-10-02 05:59:23,752 [98deb3f5-0e5e-4c88-9e80-87735dc2d52d@group-91BCE5B55630-LeaderElection30] INFO  impl.LeaderElection (LeaderElection.java:askForVotes(178)) - 98deb3f5-0e5e-4c88-9e80-87735dc2d52d@group-91BCE5B55630-LeaderElection30: begin an election at term 2 for -1: [1a104173-8766-4821-8d3b-b5b33cc05046:192.168.164.241:42807, 98deb3f5-0e5e-4c88-9e80-87735dc2d52d:192.168.164.241:36654, 48606941-d0e7-458c-8671-720c89e9f6da:192.168.164.241:35807], old=null
2019-10-02 05:59:23,752 [4dc07db9-938b-48ea-815e-ae23a535f1bb@group-A0F3659C1B16-LeaderElection29] INFO  impl.LeaderElection (LeaderElection.java:askForVotes(178)) - 4dc07db9-938b-48ea-815e-ae23a535f1bb@group-A0F3659C1B16-LeaderElection29: begin an election at term 2 for -1: [17973fa0-ca4b-4c8f-aca3-d8dca3028241:192.168.164.241:33566, 4dc07db9-938b-48ea-815e-ae23a535f1bb:192.168.164.241:44125, 665fa38a-9537-47ed-bb4f-28280fb495a6:192.168.164.241:42397], old=null
2019-10-02 05:59:23,752 [665fa38a-9537-47ed-bb4f-28280fb495a6@group-A0F3659C1B16-LeaderElection31] INFO  impl.LeaderElection (LeaderElection.java:askForVotes(178)) - 665fa38a-9537-47ed-bb4f-28280fb495a6@group-A0F3659C1B16-LeaderElection31: begin an election at term 2 for -1: [17973fa0-ca4b-4c8f-aca3-d8dca3028241:192.168.164.241:33566, 4dc07db9-938b-48ea-815e-ae23a535f1bb:192.168.164.241:44125, 665fa38a-9537-47ed-bb4f-28280fb495a6:192.168.164.241:42397], old=null
2019-10-02 05:59:23,759 [665fa38a-9537-47ed-bb4f-28280fb495a6@group-A0F3659C1B16-LeaderElection31] INFO  impl.LeaderElection (LeaderElection.java:logAndReturn(56)) - 665fa38a-9537-47ed-bb4f-28280fb495a6@group-A0F3659C1B16-LeaderElection31: Election REJECTED; received 2 response(s) [665fa38a-9537-47ed-bb4f-28280fb495a6<-17973fa0-ca4b-4c8f-aca3-d8dca3028241#0:FAIL-t2, 665fa38a-9537-47ed-bb4f-28280fb495a6<-4dc07db9-938b-48ea-815e-ae23a535f1bb#0:FAIL-t2] and 0 exception(s); 665fa38a-9537-47ed-bb4f-28280fb495a6@group-A0F3659C1B16:t2, leader=null, voted=665fa38a-9537-47ed-bb4f-28280fb495a6, raftlog=665fa38a-9537-47ed-bb4f-28280fb495a6@group-A0F3659C1B16-SegmentedRaftLog:OPENED:c-1,f-1,i0, conf=-1: [17973fa0-ca4b-4c8f-aca3-d8dca3028241:192.168.164.241:33566, 4dc07db9-938b-48ea-815e-ae23a535f1bb:192.168.164.241:44125, 665fa38a-9537-47ed-bb4f-28280fb495a6:192.168.164.241:42397], old=null
2019-10-02 05:59:23,759 [665fa38a-9537-47ed-bb4f-28280fb495a6@group-A0F3659C1B16-LeaderElection31] INFO  impl.RaftServerImpl (RaftServerImpl.java:setRole(170)) - 665fa38a-9537-47ed-bb4f-28280fb495a6@group-A0F3659C1B16: changes role from CANDIDATE to FOLLOWER at term 2 for DISCOVERED_A_NEW_TERM
2019-10-02 05:59:23,760 [665fa38a-9537-47ed-bb4f-28280fb495a6@group-A0F3659C1B16-LeaderElection31] INFO  impl.RoleInfo (RoleInfo.java:shutdownLeaderElection(134)) - 665fa38a-9537-47ed-bb4f-28280fb495a6: shutdown LeaderElection
2019-10-02 05:59:23,760 [665fa38a-9537-47ed-bb4f-28280fb495a6@group-A0F3659C1B16-LeaderElection31] INFO  impl.RoleInfo (RoleInfo.java:updateAndGet(143)) - 665fa38a-9537-47ed-bb4f-28280fb495a6: start FollowerState
2019-10-02 05:59:23,760 [48606941-d0e7-458c-8671-720c89e9f6da@group-91BCE5B55630-LeaderElection27] INFO  impl.LeaderElection (LeaderElection.java:logAndReturn(56)) - 48606941-d0e7-458c-8671-720c89e9f6da@group-91BCE5B55630-LeaderElection27: Election REJECTED; received 2 response(s) [48606941-d0e7-458c-8671-720c89e9f6da<-1a104173-8766-4821-8d3b-b5b33cc05046#0:FAIL-t2, 48606941-d0e7-458c-8671-720c89e9f6da<-98deb3f5-0e5e-4c88-9e80-87735dc2d52d#0:FAIL-t2] and 0 exception(s); 48606941-d0e7-458c-8671-720c89e9f6da@group-91BCE5B55630:t2, leader=null, voted=48606941-d0e7-458c-8671-720c89e9f6da, raftlog=48606941-d0e7-458c-8671-720c89e9f6da@group-91BCE5B55630-SegmentedRaftLog:OPENED:c-1,f-1,i0, conf=-1: [1a104173-8766-4821-8d3b-b5b33cc05046:192.168.164.241:42807, 98deb3f5-0e5e-4c88-9e80-87735dc2d52d:192.168.164.241:36654, 48606941-d0e7-458c-8671-720c89e9f6da:192.168.164.241:35807], old=null
2019-10-02 05:59:23,760 [4dc07db9-938b-48ea-815e-ae23a535f1bb@group-A0F3659C1B16-LeaderElection29] INFO  impl.LeaderElection (LeaderElection.java:logAndReturn(56)) - 4dc07db9-938b-48ea-815e-ae23a535f1bb@group-A0F3659C1B16-LeaderElection29: Election REJECTED; received 2 response(s) [4dc07db9-938b-48ea-815e-ae23a535f1bb<-17973fa0-ca4b-4c8f-aca3-d8dca3028241#0:FAIL-t2, 4dc07db9-938b-48ea-815e-ae23a535f1bb<-665fa38a-9537-47ed-bb4f-28280fb495a6#0:FAIL-t2] and 0 exception(s); 4dc07db9-938b-48ea-815e-ae23a535f1bb@group-A0F3659C1B16:t2, leader=null, voted=4dc07db9-938b-48ea-815e-ae23a535f1bb, raftlog=4dc07db9-938b-48ea-815e-ae23a535f1bb@group-A0F3659C1B16-SegmentedRaftLog:OPENED:c-1,f-1,i0, conf=-1: [17973fa0-ca4b-4c8f-aca3-d8dca3028241:192.168.164.241:33566, 4dc07db9-938b-48ea-815e-ae23a535f1bb:192.168.164.241:44125, 665fa38a-9537-47ed-bb4f-28280fb495a6:192.168.164.241:42397], old=null
2019-10-02 05:59:23,764 [1a104173-8766-4821-8d3b-b5b33cc05046@group-91BCE5B55630-LeaderElection32] INFO  impl.LeaderElection (LeaderElection.java:logAndReturn(56)) - 1a104173-8766-4821-8d3b-b5b33cc05046@group-91BCE5B55630-LeaderElection32: Election REJECTED; received 2 response(s) [1a104173-8766-4821-8d3b-b5b33cc05046<-98deb3f5-0e5e-4c88-9e80-87735dc2d52d#0:FAIL-t2, 1a104173-8766-4821-8d3b-b5b33cc05046<-48606941-d0e7-458c-8671-720c89e9f6da#0:FAIL-t2] and 0 exception(s); 1a104173-8766-4821-8d3b-b5b33cc05046@group-91BCE5B55630:t2, leader=null, voted=1a104173-8766-4821-8d3b-b5b33cc05046, raftlog=1a104173-8766-4821-8d3b-b5b33cc05046@group-91BCE5B55630-SegmentedRaftLog:OPENED:c-1,f-1,i0, conf=-1: [1a104173-8766-4821-8d3b-b5b33cc05046:192.168.164.241:42807, 98deb3f5-0e5e-4c88-9e80-87735dc2d52d:192.168.164.241:36654, 48606941-d0e7-458c-8671-720c89e9f6da:192.168.164.241:35807], old=null
2019-10-02 05:59:23,764 [48606941-d0e7-458c-8671-720c89e9f6da@group-91BCE5B55630-LeaderElection27] INFO  impl.RaftServerImpl (RaftServerImpl.java:setRole(170)) - 48606941-d0e7-458c-8671-720c89e9f6da@group-91BCE5B55630: changes role from CANDIDATE to FOLLOWER at term 2 for DISCOVERED_A_NEW_TERM
2019-10-02 05:59:23,764 [98deb3f5-0e5e-4c88-9e80-87735dc2d52d@group-91BCE5B55630-LeaderElection30] INFO  impl.LeaderElection (LeaderElection.java:logAndReturn(56)) - 98deb3f5-0e5e-4c88-9e80-87735dc2d52d@group-91BCE5B55630-LeaderElection30: Election REJECTED; received 2 response(s) [98deb3f5-0e5e-4c88-9e80-87735dc2d52d<-1a104173-8766-4821-8d3b-b5b33cc05046#0:FAIL-t2, 98deb3f5-0e5e-4c88-9e80-87735dc2d52d<-48606941-d0e7-458c-8671-720c89e9f6da#0:FAIL-t2] and 0 exception(s); 98deb3f5-0e5e-4c88-9e80-87735dc2d52d@group-91BCE5B55630:t2, leader=null, voted=98deb3f5-0e5e-4c88-9e80-87735dc2d52d, raftlog=98deb3f5-0e5e-4c88-9e80-87735dc2d52d@group-91BCE5B55630-SegmentedRaftLog:OPENED:c-1,f-1,i0, conf=-1: [1a104173-8766-4821-8d3b-b5b33cc05046:192.168.164.241:42807, 98deb3f5-0e5e-4c88-9e80-87735dc2d52d:192.168.164.241:36654, 48606941-d0e7-458c-8671-720c89e9f6da:192.168.164.241:35807], old=null
2019-10-02 05:59:23,775 [48606941-d0e7-458c-8671-720c89e9f6da@group-91BCE5B55630-LeaderElection27] INFO  impl.RoleInfo (RoleInfo.java:shutdownLeaderElection(134)) - 48606941-d0e7-458c-8671-720c89e9f6da: shutdown LeaderElection
2019-10-02 05:59:23,775 [1a104173-8766-4821-8d3b-b5b33cc05046@group-91BCE5B55630-LeaderElection32] INFO  impl.RaftServerImpl (RaftServerImpl.java:setRole(170)) - 1a104173-8766-4821-8d3b-b5b33cc05046@group-91BCE5B55630: changes role from CANDIDATE to FOLLOWER at term 2 for DISCOVERED_A_NEW_TERM
2019-10-02 05:59:23,773 [4dc07db9-938b-48ea-815e-ae23a535f1bb@group-A0F3659C1B16-LeaderElection29] INFO  impl.RaftServerImpl (RaftServerImpl.java:setRole(170)) - 4dc07db9-938b-48ea-815e-ae23a535f1bb@group-A0F3659C1B16: changes role from CANDIDATE to FOLLOWER at term 2 for DISCOVERED_A_NEW_TERM
2019-10-02 05:59:23,780 [48606941-d0e7-458c-8671-720c89e9f6da@group-91BCE5B55630-LeaderElection27] INFO  impl.RoleInfo (RoleInfo.java:updateAndGet(143)) - 48606941-d0e7-458c-8671-720c89e9f6da: start FollowerState
2019-10-02 05:59:23,780 [17973fa0-ca4b-4c8f-aca3-d8dca3028241@group-A0F3659C1B16-LeaderElection28] INFO  impl.LeaderElection (LeaderElection.java:logAndReturn(56)) - 17973fa0-ca4b-4c8f-aca3-d8dca3028241@group-A0F3659C1B16-LeaderElection28: Election REJECTED; received 2 response(s) [17973fa0-ca4b-4c8f-aca3-d8dca3028241<-4dc07db9-938b-48ea-815e-ae23a535f1bb#0:FAIL-t2, 17973fa0-ca4b-4c8f-aca3-d8dca3028241<-665fa38a-9537-47ed-bb4f-28280fb495a6#0:FAIL-t2] and 0 exception(s); 17973fa0-ca4b-4c8f-aca3-d8dca3028241@group-A0F3659C1B16:t2, leader=null, voted=17973fa0-ca4b-4c8f-aca3-d8dca3028241, raftlog=17973fa0-ca4b-4c8f-aca3-d8dca3028241@group-A0F3659C1B16-SegmentedRaftLog:OPENED:c-1,f-1,i0, conf=-1: [17973fa0-ca4b-4c8f-aca3-d8dca3028241:192.168.164.241:33566, 4dc07db9-938b-48ea-815e-ae23a535f1bb:192.168.164.241:44125, 665fa38a-9537-47ed-bb4f-28280fb495a6:192.168.164.241:42397], old=null
2019-10-02 05:59:23,780 [1a104173-8766-4821-8d3b-b5b33cc05046@group-91BCE5B55630-LeaderElection32] INFO  impl.RoleInfo (RoleInfo.java:shutdownLeaderElection(134)) - 1a104173-8766-4821-8d3b-b5b33cc05046: shutdown LeaderElection
2019-10-02 05:59:23,778 [98deb3f5-0e5e-4c88-9e80-87735dc2d52d@group-91BCE5B55630-LeaderElection30] INFO  impl.RaftServerImpl (RaftServerImpl.java:setRole(170)) - 98deb3f5-0e5e-4c88-9e80-87735dc2d52d@group-91BCE5B55630: changes role from CANDIDATE to FOLLOWER at term 2 for DISCOVERED_A_NEW_TERM
2019-10-02 05:59:23,783 [1a104173-8766-4821-8d3b-b5b33cc05046@group-91BCE5B55630-LeaderElection32] INFO  impl.RoleInfo (RoleInfo.java:updateAndGet(143)) - 1a104173-8766-4821-8d3b-b5b33cc05046: start FollowerState
2019-10-02 05:59:23,780 [17973fa0-ca4b-4c8f-aca3-d8dca3028241@group-A0F3659C1B16-LeaderElection28] INFO  impl.RaftServerImpl (RaftServerImpl.java:setRole(170)) - 17973fa0-ca4b-4c8f-aca3-d8dca3028241@group-A0F3659C1B16: changes role from CANDIDATE to FOLLOWER at term 2 for DISCOVERED_A_NEW_TERM
2019-10-02 05:59:23,780 [4dc07db9-938b-48ea-815e-ae23a535f1bb@group-A0F3659C1B16-LeaderElection29] INFO  impl.RoleInfo (RoleInfo.java:shutdownLeaderElection(134)) - 4dc07db9-938b-48ea-815e-ae23a535f1bb: shutdown LeaderElection
2019-10-02 05:59:23,783 [17973fa0-ca4b-4c8f-aca3-d8dca3028241@group-A0F3659C1B16-LeaderElection28] INFO  impl.RoleInfo (RoleInfo.java:shutdownLeaderElection(134)) - 17973fa0-ca4b-4c8f-aca3-d8dca3028241: shutdown LeaderElection
2019-10-02 05:59:23,783 [98deb3f5-0e5e-4c88-9e80-87735dc2d52d@group-91BCE5B55630-LeaderElection30] INFO  impl.RoleInfo (RoleInfo.java:shutdownLeaderElection(134)) - 98deb3f5-0e5e-4c88-9e80-87735dc2d52d: shutdown LeaderElection
2019-10-02 05:59:23,783 [17973fa0-ca4b-4c8f-aca3-d8dca3028241@group-A0F3659C1B16-LeaderElection28] INFO  impl.RoleInfo (RoleInfo.java:updateAndGet(143)) - 17973fa0-ca4b-4c8f-aca3-d8dca3028241: start FollowerState
2019-10-02 05:59:23,783 [4dc07db9-938b-48ea-815e-ae23a535f1bb@group-A0F3659C1B16-LeaderElection29] INFO  impl.RoleInfo (RoleInfo.java:updateAndGet(143)) - 4dc07db9-938b-48ea-815e-ae23a535f1bb: start FollowerState
2019-10-02 05:59:23,783 [98deb3f5-0e5e-4c88-9e80-87735dc2d52d@group-91BCE5B55630-LeaderElection30] INFO  impl.RoleInfo (RoleInfo.java:updateAndGet(143)) - 98deb3f5-0e5e-4c88-9e80-87735dc2d52d: start FollowerState
]]></system-out>
  </testcase>
  <testcase name="testWatchForCommitForRetryfailure" classname="org.apache.hadoop.ozone.client.rpc.TestWatchForCommit" time="61.871">
    <failure type="java.lang.AssertionError">java.lang.AssertionError
	at org.junit.Assert.fail(Assert.java:86)
	at org.junit.Assert.assertTrue(Assert.java:41)
	at org.junit.Assert.assertTrue(Assert.java:52)
	at org.apache.hadoop.ozone.client.rpc.TestWatchForCommit.testWatchForCommitForRetryfailure(TestWatchForCommit.java:348)
	at sun.reflect.NativeMethodAccessorImpl.invoke0(Native Method)
	at sun.reflect.NativeMethodAccessorImpl.invoke(NativeMethodAccessorImpl.java:62)
	at sun.reflect.DelegatingMethodAccessorImpl.invoke(DelegatingMethodAccessorImpl.java:43)
	at java.lang.reflect.Method.invoke(Method.java:498)
	at org.junit.runners.model.FrameworkMethod$1.runReflectiveCall(FrameworkMethod.java:47)
	at org.junit.internal.runners.model.ReflectiveCallable.run(ReflectiveCallable.java:12)
	at org.junit.runners.model.FrameworkMethod.invokeExplosively(FrameworkMethod.java:44)
	at org.junit.internal.runners.statements.InvokeMethod.evaluate(InvokeMethod.java:17)
	at org.junit.runners.ParentRunner.runLeaf(ParentRunner.java:271)
	at org.junit.runners.BlockJUnit4ClassRunner.runChild(BlockJUnit4ClassRunner.java:70)
	at org.junit.runners.BlockJUnit4ClassRunner.runChild(BlockJUnit4ClassRunner.java:50)
	at org.junit.runners.ParentRunner$3.run(ParentRunner.java:238)
	at org.junit.runners.ParentRunner$1.schedule(ParentRunner.java:63)
	at org.junit.runners.ParentRunner.runChildren(ParentRunner.java:236)
	at org.junit.runners.ParentRunner.access$000(ParentRunner.java:53)
	at org.junit.runners.ParentRunner$2.evaluate(ParentRunner.java:229)
	at org.junit.runners.ParentRunner.run(ParentRunner.java:309)
	at org.apache.maven.surefire.junit4.JUnit4Provider.execute(JUnit4Provider.java:365)
	at org.apache.maven.surefire.junit4.JUnit4Provider.executeWithRerun(JUnit4Provider.java:273)
	at org.apache.maven.surefire.junit4.JUnit4Provider.executeTestSet(JUnit4Provider.java:238)
	at org.apache.maven.surefire.junit4.JUnit4Provider.invoke(JUnit4Provider.java:159)
	at org.apache.maven.surefire.booter.ForkedBooter.invokeProviderInSameClassLoader(ForkedBooter.java:384)
	at org.apache.maven.surefire.booter.ForkedBooter.runSuitesInProcess(ForkedBooter.java:345)
	at org.apache.maven.surefire.booter.ForkedBooter.execute(ForkedBooter.java:126)
	at org.apache.maven.surefire.booter.ForkedBooter.main(ForkedBooter.java:418)
</failure>
    <system-out><![CDATA[2019-10-02 05:59:27,260 [main] WARN  server.ServerUtils (ServerUtils.java:getScmDbDir(145)) - ozone.scm.db.dirs is not configured. We recommend adding this setting. Falling back to ozone.metadata.dirs instead.
2019-10-02 05:59:27,276 [main] WARN  server.ServerUtils (ServerUtils.java:getScmDbDir(145)) - ozone.scm.db.dirs is not configured. We recommend adding this setting. Falling back to ozone.metadata.dirs instead.
2019-10-02 05:59:27,276 [main] WARN  server.ServerUtils (ServerUtils.java:getScmDbDir(145)) - ozone.scm.db.dirs is not configured. We recommend adding this setting. Falling back to ozone.metadata.dirs instead.
2019-10-02 05:59:27,277 [main] INFO  db.DBStoreBuilder (DBStoreBuilder.java:addTable(110)) - using custom profile for table: deletedBlocks
2019-10-02 05:59:27,277 [main] INFO  db.DBStoreBuilder (DBStoreBuilder.java:processTables(161)) - Using default column profile:DBProfile.DISK for Table:deletedBlocks
2019-10-02 05:59:27,277 [main] INFO  db.DBStoreBuilder (DBStoreBuilder.java:addTable(110)) - using custom profile for table: validCerts
2019-10-02 05:59:27,277 [main] INFO  db.DBStoreBuilder (DBStoreBuilder.java:processTables(161)) - Using default column profile:DBProfile.DISK for Table:validCerts
2019-10-02 05:59:27,277 [main] INFO  db.DBStoreBuilder (DBStoreBuilder.java:addTable(110)) - using custom profile for table: revokedCerts
2019-10-02 05:59:27,277 [main] INFO  db.DBStoreBuilder (DBStoreBuilder.java:processTables(161)) - Using default column profile:DBProfile.DISK for Table:revokedCerts
2019-10-02 05:59:27,278 [main] INFO  db.DBStoreBuilder (DBStoreBuilder.java:addTable(110)) - using custom profile for table: default
2019-10-02 05:59:27,278 [main] INFO  db.DBStoreBuilder (DBStoreBuilder.java:processTables(167)) - Using default column profile:DBProfile.DISK for Table:default
2019-10-02 05:59:27,278 [main] INFO  db.DBStoreBuilder (DBStoreBuilder.java:getDbProfile(198)) - Using default options. DBProfile.DISK
2019-10-02 05:59:27,472 [main] INFO  net.NodeSchemaLoader (NodeSchemaLoader.java:loadSchemaFromFile(125)) - Loading file from sun.misc.CompoundEnumeration@9f86dc3
2019-10-02 05:59:27,472 [main] INFO  net.NodeSchemaLoader (NodeSchemaLoader.java:loadSchema(171)) - Loading network topology layer schema file
2019-10-02 05:59:27,476 [main] WARN  server.ServerUtils (ServerUtils.java:sanitizeUserArgs(70)) - ozone.scm.stale.node.interval value = 300000 is larger than max = 100000 based on the key value of ozone.scm.heartbeat.thread.interval, reset to the max value 100000.
2019-10-02 05:59:27,476 [main] WARN  server.ServerUtils (ServerUtils.java:sanitizeUserArgs(70)) - ozone.scm.stale.node.interval value = 300000 is larger than max = 100000 based on the key value of ozone.scm.heartbeat.thread.interval, reset to the max value 100000.
2019-10-02 05:59:27,477 [main] INFO  node.SCMNodeManager (SCMNodeManager.java:<init>(114)) - Entering startup safe mode.
2019-10-02 05:59:27,478 [main] INFO  algorithms.ContainerPlacementPolicyFactory (ContainerPlacementPolicyFactory.java:getPolicy(57)) - Create container placement policy of type org.apache.hadoop.hdds.scm.container.placement.algorithms.SCMContainerPlacementRandom
2019-10-02 05:59:27,479 [main] WARN  server.ServerUtils (ServerUtils.java:getScmDbDir(145)) - ozone.scm.db.dirs is not configured. We recommend adding this setting. Falling back to ozone.metadata.dirs instead.
2019-10-02 05:59:27,545 [main] INFO  pipeline.SCMPipelineManager (SCMPipelineManager.java:initializePipelineState(132)) - No pipeline exists in current db
2019-10-02 05:59:27,546 [main] WARN  server.ServerUtils (ServerUtils.java:getScmDbDir(145)) - ozone.scm.db.dirs is not configured. We recommend adding this setting. Falling back to ozone.metadata.dirs instead.
2019-10-02 05:59:27,640 [main] WARN  events.EventQueue (EventQueue.java:fireEvent(183)) - No event handler registered for event TypedEvent{payloadType=SafeModeStatus, name='SafeModeStatus'}
2019-10-02 05:59:27,641 [main] INFO  ipc.CallQueueManager (CallQueueManager.java:<init>(84)) - Using callQueue: class java.util.concurrent.LinkedBlockingQueue, queueCapacity: 2000, scheduler: class org.apache.hadoop.ipc.DefaultRpcScheduler, ipcBackoff: false.
2019-10-02 05:59:27,642 [Socket Reader #1 for port 37106] INFO  ipc.Server (Server.java:run(1074)) - Starting Socket Reader #1 for port 37106
2019-10-02 05:59:27,647 [main] INFO  ipc.CallQueueManager (CallQueueManager.java:<init>(84)) - Using callQueue: class java.util.concurrent.LinkedBlockingQueue, queueCapacity: 2000, scheduler: class org.apache.hadoop.ipc.DefaultRpcScheduler, ipcBackoff: false.
2019-10-02 05:59:27,647 [Socket Reader #1 for port 33651] INFO  ipc.Server (Server.java:run(1074)) - Starting Socket Reader #1 for port 33651
2019-10-02 05:59:27,650 [main] INFO  ipc.CallQueueManager (CallQueueManager.java:<init>(84)) - Using callQueue: class java.util.concurrent.LinkedBlockingQueue, queueCapacity: 2000, scheduler: class org.apache.hadoop.ipc.DefaultRpcScheduler, ipcBackoff: false.
2019-10-02 05:59:27,651 [Socket Reader #1 for port 41067] INFO  ipc.Server (Server.java:run(1074)) - Starting Socket Reader #1 for port 41067
2019-10-02 05:59:27,663 [main] INFO  hdfs.DFSUtil (DFSUtil.java:httpServerTemplateForNNAndJN(1641)) - Starting Web-server for scm at: http://0.0.0.0:0
2019-10-02 05:59:27,665 [main] INFO  server.AuthenticationFilter (AuthenticationFilter.java:constructSecretProvider(240)) - Unable to initialize FileSignerSecretProvider, falling back to use random secrets.
2019-10-02 05:59:27,665 [main] WARN  http.HttpRequestLog (HttpRequestLog.java:getRequestLog(97)) - Jetty request log can only be enabled using Log4j
2019-10-02 05:59:27,667 [main] INFO  http.HttpServer2 (HttpServer2.java:addGlobalFilter(975)) - Added global filter 'safety' (class=org.apache.hadoop.http.HttpServer2$QuotingInputFilter)
2019-10-02 05:59:27,668 [main] INFO  http.HttpServer2 (HttpServer2.java:addFilter(948)) - Added filter static_user_filter (class=org.apache.hadoop.http.lib.StaticUserWebFilter$StaticUserFilter) to context scm
2019-10-02 05:59:27,668 [main] INFO  http.HttpServer2 (HttpServer2.java:addFilter(958)) - Added filter static_user_filter (class=org.apache.hadoop.http.lib.StaticUserWebFilter$StaticUserFilter) to context static
2019-10-02 05:59:27,668 [main] INFO  http.HttpServer2 (HttpServer2.java:addFilter(958)) - Added filter static_user_filter (class=org.apache.hadoop.http.lib.StaticUserWebFilter$StaticUserFilter) to context logs
2019-10-02 05:59:27,672 [main] INFO  server.StorageContainerManager (StorageContainerManager.java:start(770)) - StorageContainerLocationProtocol RPC server is listening at /0.0.0.0:41067
2019-10-02 05:59:27,672 [main] INFO  impl.MetricsSystemImpl (MetricsSystemImpl.java:init(158)) - StorageContainerManager metrics system started (again)
2019-10-02 05:59:27,687 [main] INFO  server.SCMClientProtocolServer (SCMClientProtocolServer.java:start(150)) - RPC server for Client  is listening at /0.0.0.0:41067
2019-10-02 05:59:27,687 [IPC Server Responder] INFO  ipc.Server (Server.java:run(1314)) - IPC Server Responder: starting
2019-10-02 05:59:27,688 [IPC Server listener on 41067] INFO  ipc.Server (Server.java:run(1153)) - IPC Server listener on 41067: starting
2019-10-02 05:59:27,694 [main] INFO  server.StorageContainerManager (StorageContainerManager.java:start(780)) - ScmBlockLocationProtocol RPC server is listening at /0.0.0.0:33651
2019-10-02 05:59:27,694 [main] INFO  server.SCMBlockProtocolServer (SCMBlockProtocolServer.java:start(146)) - RPC server for Block Protocol is listening at /0.0.0.0:33651
2019-10-02 05:59:27,694 [IPC Server Responder] INFO  ipc.Server (Server.java:run(1314)) - IPC Server Responder: starting
2019-10-02 05:59:27,695 [IPC Server listener on 33651] INFO  ipc.Server (Server.java:run(1153)) - IPC Server listener on 33651: starting
2019-10-02 05:59:27,700 [main] INFO  server.StorageContainerManager (StorageContainerManager.java:start(784)) - ScmDatanodeProtocl RPC server is listening at /0.0.0.0:37106
2019-10-02 05:59:27,700 [main] INFO  server.SCMDatanodeProtocolServer (SCMDatanodeProtocolServer.java:start(191)) - RPC server for DataNodes is listening at /0.0.0.0:37106
2019-10-02 05:59:27,701 [IPC Server Responder] INFO  ipc.Server (Server.java:run(1314)) - IPC Server Responder: starting
2019-10-02 05:59:27,701 [IPC Server listener on 37106] INFO  ipc.Server (Server.java:run(1153)) - IPC Server listener on 37106: starting
2019-10-02 05:59:27,707 [main] INFO  http.HttpServer2 (HttpServer2.java:bindListener(1191)) - Jetty bound to port 35873
2019-10-02 05:59:27,707 [main] INFO  server.Server (Server.java:doStart(351)) - jetty-9.3.25.v20180904, build timestamp: 2018-09-04T21:11:46Z, git hash: 3ce520221d0240229c862b122d2b06c12a625732
2019-10-02 05:59:27,709 [main] INFO  handler.ContextHandler (ContextHandler.java:doStart(781)) - Started o.e.j.s.ServletContextHandler@2f80cb79{/logs,file:///workdir/hadoop-ozone/integration-test/target/log,AVAILABLE}
2019-10-02 05:59:27,709 [main] INFO  handler.ContextHandler (ContextHandler.java:doStart(781)) - Started o.e.j.s.ServletContextHandler@20d33ea{/static,file:///workdir/hadoop-ozone/integration-test/target/test-classes/webapps/static,AVAILABLE}
2019-10-02 05:59:27,713 [main] INFO  handler.ContextHandler (ContextHandler.java:doStart(781)) - Started o.e.j.w.WebAppContext@115ca7de{/,file:///workdir/hadoop-ozone/integration-test/target/test-classes/webapps/scm/,AVAILABLE}{/scm}
2019-10-02 05:59:27,714 [main] INFO  server.AbstractConnector (AbstractConnector.java:doStart(278)) - Started ServerConnector@29fe4840{HTTP/1.1,[http/1.1]}{0.0.0.0:35873}
2019-10-02 05:59:27,716 [main] INFO  server.Server (Server.java:doStart(419)) - Started @103580ms
2019-10-02 05:59:27,716 [main] WARN  impl.MetricsSystemImpl (MetricsSystemImpl.java:register(276)) - Sink prometheus already exists!
2019-10-02 05:59:27,716 [main] INFO  server.BaseHttpServer (BaseHttpServer.java:updateConnectorAddress(215)) - HTTP server of SCM is listening at http://0.0.0.0:35873
2019-10-02 05:59:27,718 [main] WARN  server.ServerUtils (ServerUtils.java:getDBPath(222)) - ozone.om.db.dirs is not configured. We recommend adding this setting. Falling back to ozone.metadata.dirs instead.
2019-10-02 05:59:27,719 [org.apache.hadoop.util.JvmPauseMonitor$Monitor@4684240f] INFO  util.JvmPauseMonitor (JvmPauseMonitor.java:run(188)) - Starting JVM pause monitor
2019-10-02 05:59:27,731 [main] WARN  server.ServerUtils (ServerUtils.java:getDBPath(222)) - ozone.om.db.dirs is not configured. We recommend adding this setting. Falling back to ozone.metadata.dirs instead.
2019-10-02 05:59:27,732 [main] WARN  server.ServerUtils (ServerUtils.java:getDBPath(222)) - ozone.om.db.dirs is not configured. We recommend adding this setting. Falling back to ozone.metadata.dirs instead.
2019-10-02 05:59:27,732 [main] INFO  om.OzoneManager (OzoneManager.java:setOMNodeDetails(652)) - OM Service ID is not set. Setting it to the default ID: omServiceIdDefault
2019-10-02 05:59:27,732 [main] INFO  om.OzoneManager (OzoneManager.java:setOMNodeDetails(658)) - OM Node ID is not set. Setting it to the OmStorage's OmID: b75a8b5c-434d-40bb-88c2-3608185a3d5d
2019-10-02 05:59:27,733 [main] INFO  om.OzoneManager (OzoneManager.java:loadOMHAConfigs(609)) - Found matching OM address with OMServiceId: null, OMNodeId: null, RPC Address: localhost:0 and Ratis port: 9872
2019-10-02 05:59:27,744 [main] WARN  server.ServerUtils (ServerUtils.java:getDBPath(222)) - ozone.om.db.dirs is not configured. We recommend adding this setting. Falling back to ozone.metadata.dirs instead.
2019-10-02 05:59:27,744 [main] INFO  db.DBStoreBuilder (DBStoreBuilder.java:addTable(110)) - using custom profile for table: userTable
2019-10-02 05:59:27,744 [main] INFO  db.DBStoreBuilder (DBStoreBuilder.java:processTables(161)) - Using default column profile:DBProfile.DISK for Table:userTable
2019-10-02 05:59:27,745 [main] INFO  db.DBStoreBuilder (DBStoreBuilder.java:addTable(110)) - using custom profile for table: volumeTable
2019-10-02 05:59:27,745 [main] INFO  db.DBStoreBuilder (DBStoreBuilder.java:processTables(161)) - Using default column profile:DBProfile.DISK for Table:volumeTable
2019-10-02 05:59:27,745 [main] INFO  db.DBStoreBuilder (DBStoreBuilder.java:addTable(110)) - using custom profile for table: bucketTable
2019-10-02 05:59:27,745 [main] INFO  db.DBStoreBuilder (DBStoreBuilder.java:processTables(161)) - Using default column profile:DBProfile.DISK for Table:bucketTable
2019-10-02 05:59:27,746 [main] INFO  db.DBStoreBuilder (DBStoreBuilder.java:addTable(110)) - using custom profile for table: keyTable
2019-10-02 05:59:27,746 [main] INFO  db.DBStoreBuilder (DBStoreBuilder.java:processTables(161)) - Using default column profile:DBProfile.DISK for Table:keyTable
2019-10-02 05:59:27,746 [main] INFO  db.DBStoreBuilder (DBStoreBuilder.java:addTable(110)) - using custom profile for table: deletedTable
2019-10-02 05:59:27,746 [main] INFO  db.DBStoreBuilder (DBStoreBuilder.java:processTables(161)) - Using default column profile:DBProfile.DISK for Table:deletedTable
2019-10-02 05:59:27,747 [main] INFO  db.DBStoreBuilder (DBStoreBuilder.java:addTable(110)) - using custom profile for table: openKeyTable
2019-10-02 05:59:27,747 [main] INFO  db.DBStoreBuilder (DBStoreBuilder.java:processTables(161)) - Using default column profile:DBProfile.DISK for Table:openKeyTable
2019-10-02 05:59:27,747 [main] INFO  db.DBStoreBuilder (DBStoreBuilder.java:addTable(110)) - using custom profile for table: s3Table
2019-10-02 05:59:27,747 [main] INFO  db.DBStoreBuilder (DBStoreBuilder.java:processTables(161)) - Using default column profile:DBProfile.DISK for Table:s3Table
2019-10-02 05:59:27,748 [main] INFO  db.DBStoreBuilder (DBStoreBuilder.java:addTable(110)) - using custom profile for table: multipartInfoTable
2019-10-02 05:59:27,748 [main] INFO  db.DBStoreBuilder (DBStoreBuilder.java:processTables(161)) - Using default column profile:DBProfile.DISK for Table:multipartInfoTable
2019-10-02 05:59:27,748 [main] INFO  db.DBStoreBuilder (DBStoreBuilder.java:addTable(110)) - using custom profile for table: dTokenTable
2019-10-02 05:59:27,748 [main] INFO  db.DBStoreBuilder (DBStoreBuilder.java:processTables(161)) - Using default column profile:DBProfile.DISK for Table:dTokenTable
2019-10-02 05:59:27,749 [main] INFO  db.DBStoreBuilder (DBStoreBuilder.java:addTable(110)) - using custom profile for table: s3SecretTable
2019-10-02 05:59:27,749 [main] INFO  db.DBStoreBuilder (DBStoreBuilder.java:processTables(161)) - Using default column profile:DBProfile.DISK for Table:s3SecretTable
2019-10-02 05:59:27,749 [main] INFO  db.DBStoreBuilder (DBStoreBuilder.java:addTable(110)) - using custom profile for table: prefixTable
2019-10-02 05:59:27,749 [main] INFO  db.DBStoreBuilder (DBStoreBuilder.java:processTables(161)) - Using default column profile:DBProfile.DISK for Table:prefixTable
2019-10-02 05:59:27,750 [main] INFO  db.DBStoreBuilder (DBStoreBuilder.java:addTable(110)) - using custom profile for table: default
2019-10-02 05:59:27,750 [main] INFO  db.DBStoreBuilder (DBStoreBuilder.java:processTables(167)) - Using default column profile:DBProfile.DISK for Table:default
2019-10-02 05:59:27,750 [main] INFO  db.DBStoreBuilder (DBStoreBuilder.java:getDbProfile(198)) - Using default options. DBProfile.DISK
2019-10-02 05:59:28,367 [main] INFO  ipc.CallQueueManager (CallQueueManager.java:<init>(84)) - Using callQueue: class java.util.concurrent.LinkedBlockingQueue, queueCapacity: 2000, scheduler: class org.apache.hadoop.ipc.DefaultRpcScheduler, ipcBackoff: false.
2019-10-02 05:59:28,368 [Socket Reader #1 for port 44067] INFO  ipc.Server (Server.java:run(1074)) - Starting Socket Reader #1 for port 44067
2019-10-02 05:59:28,380 [main] INFO  om.OzoneManager (OzoneManager.java:start(1243)) - OzoneManager RPC server is listening at localhost/127.0.0.1:44067
2019-10-02 05:59:28,380 [main] INFO  impl.MetricsSystemImpl (MetricsSystemImpl.java:init(158)) - OzoneManager metrics system started (again)
2019-10-02 05:59:28,381 [IPC Server Responder] INFO  ipc.Server (Server.java:run(1314)) - IPC Server Responder: starting
2019-10-02 05:59:28,383 [IPC Server listener on 44067] INFO  ipc.Server (Server.java:run(1153)) - IPC Server listener on 44067: starting
2019-10-02 05:59:28,389 [main] INFO  hdfs.DFSUtil (DFSUtil.java:httpServerTemplateForNNAndJN(1641)) - Starting Web-server for ozoneManager at: http://0.0.0.0:0
2019-10-02 05:59:28,390 [main] INFO  server.AuthenticationFilter (AuthenticationFilter.java:constructSecretProvider(240)) - Unable to initialize FileSignerSecretProvider, falling back to use random secrets.
2019-10-02 05:59:28,390 [main] WARN  http.HttpRequestLog (HttpRequestLog.java:getRequestLog(97)) - Jetty request log can only be enabled using Log4j
2019-10-02 05:59:28,392 [main] INFO  http.HttpServer2 (HttpServer2.java:addGlobalFilter(975)) - Added global filter 'safety' (class=org.apache.hadoop.http.HttpServer2$QuotingInputFilter)
2019-10-02 05:59:28,393 [main] INFO  http.HttpServer2 (HttpServer2.java:addFilter(948)) - Added filter static_user_filter (class=org.apache.hadoop.http.lib.StaticUserWebFilter$StaticUserFilter) to context ozoneManager
2019-10-02 05:59:28,393 [main] INFO  http.HttpServer2 (HttpServer2.java:addFilter(958)) - Added filter static_user_filter (class=org.apache.hadoop.http.lib.StaticUserWebFilter$StaticUserFilter) to context logs
2019-10-02 05:59:28,393 [main] INFO  http.HttpServer2 (HttpServer2.java:addFilter(958)) - Added filter static_user_filter (class=org.apache.hadoop.http.lib.StaticUserWebFilter$StaticUserFilter) to context static
2019-10-02 05:59:28,394 [main] INFO  http.HttpServer2 (HttpServer2.java:bindListener(1191)) - Jetty bound to port 46209
2019-10-02 05:59:28,394 [main] INFO  server.Server (Server.java:doStart(351)) - jetty-9.3.25.v20180904, build timestamp: 2018-09-04T21:11:46Z, git hash: 3ce520221d0240229c862b122d2b06c12a625732
2019-10-02 05:59:28,396 [main] INFO  handler.ContextHandler (ContextHandler.java:doStart(781)) - Started o.e.j.s.ServletContextHandler@77d381e6{/logs,file:///workdir/hadoop-ozone/integration-test/target/log,AVAILABLE}
2019-10-02 05:59:28,397 [main] INFO  handler.ContextHandler (ContextHandler.java:doStart(781)) - Started o.e.j.s.ServletContextHandler@3f6f3cc{/static,file:///workdir/hadoop-ozone/integration-test/target/test-classes/webapps/static,AVAILABLE}
2019-10-02 05:59:28,402 [main] INFO  handler.ContextHandler (ContextHandler.java:doStart(781)) - Started o.e.j.w.WebAppContext@7e15f4d4{/,file:///workdir/hadoop-ozone/integration-test/target/test-classes/webapps/ozoneManager/,AVAILABLE}{/ozoneManager}
2019-10-02 05:59:28,402 [main] INFO  server.AbstractConnector (AbstractConnector.java:doStart(278)) - Started ServerConnector@5a058be5{HTTP/1.1,[http/1.1]}{0.0.0.0:46209}
2019-10-02 05:59:28,405 [main] INFO  server.Server (Server.java:doStart(419)) - Started @104269ms
2019-10-02 05:59:28,405 [main] WARN  impl.MetricsSystemImpl (MetricsSystemImpl.java:register(276)) - Sink prometheus already exists!
2019-10-02 05:59:28,406 [main] INFO  server.BaseHttpServer (BaseHttpServer.java:updateConnectorAddress(215)) - HTTP server of OZONEMANAGER is listening at http://0.0.0.0:46209
2019-10-02 05:59:28,425 [main] INFO  impl.MetricsSystemImpl (MetricsSystemImpl.java:init(158)) - HddsDatanode metrics system started (again)
2019-10-02 05:59:28,444 [main] INFO  ozone.HddsDatanodeService (HddsDatanodeService.java:start(184)) - HddsDatanodeService host:trunk-nightly-20191002-p7fms-2058464235 ip:192.168.164.241
2019-10-02 05:59:28,453 [main] INFO  volume.HddsVolume (HddsVolume.java:<init>(176)) - Creating Volume: /workdir/hadoop-ozone/integration-test/target/test-dir/MiniOzoneClusterImpl-6d54b700-d8a9-4c41-8dd0-ed0139d9985f/datanode-0/data/containers/hdds of  storage type : DISK and capacity : 1482555576320
2019-10-02 05:59:28,453 [main] INFO  volume.VolumeSet (VolumeSet.java:initializeVolumeSet(170)) - Added Volume : /workdir/hadoop-ozone/integration-test/target/test-dir/MiniOzoneClusterImpl-6d54b700-d8a9-4c41-8dd0-ed0139d9985f/datanode-0/data/containers/hdds to VolumeSet
2019-10-02 05:59:28,453 [main] INFO  volume.ThrottledAsyncChecker (ThrottledAsyncChecker.java:schedule(139)) - Scheduling a check for org.apache.hadoop.ozone.container.common.volume.HddsVolume@4b515eab
2019-10-02 05:59:28,455 [main] INFO  volume.HddsVolumeChecker (HddsVolumeChecker.java:checkAllVolumes(202)) - Scheduled health check for volume org.apache.hadoop.ozone.container.common.volume.HddsVolume@4b515eab
2019-10-02 05:59:28,472 [main] INFO  impl.RaftServerProxy (ConfUtils.java:logGet(43)) - raft.rpc.type = GRPC (default)
2019-10-02 05:59:28,472 [main] INFO  grpc.GrpcFactory (GrpcFactory.java:checkPooledByteBufAllocatorUseCacheForAllThreads(45)) - PERFORMANCE WARNING: useCacheForAllThreads is true that may cause Netty to create a lot garbage objects and, as a result, trigger GC.
	It is recommended to disable useCacheForAllThreads by setting -Dorg.apache.ratis.thirdparty.io.netty.allocator.useCacheForAllThreads=false in command line.
2019-10-02 05:59:28,472 [main] INFO  grpc.GrpcConfigKeys$Server (ConfUtils.java:logGet(43)) - raft.grpc.server.port = 0 (default)
2019-10-02 05:59:28,473 [main] INFO  server.GrpcService (ConfUtils.java:logGet(43)) - raft.grpc.message.size.max = 33570816 (custom)
2019-10-02 05:59:28,473 [main] INFO  server.RaftServerConfigKeys (ConfUtils.java:logGet(43)) - raft.server.log.appender.buffer.byte-limit = 33554432 (custom)
2019-10-02 05:59:28,473 [main] INFO  server.GrpcService (ConfUtils.java:logGet(43)) - raft.grpc.flow.control.window = 1MB (=1048576) (default)
2019-10-02 05:59:28,473 [main] INFO  server.RaftServerConfigKeys (ConfUtils.java:logGet(43)) - raft.server.rpc.request.timeout = 3000ms (default)
2019-10-02 05:59:28,474 [main] INFO  server.RaftServerConfigKeys (ConfUtils.java:logGet(43)) - raft.server.storage.dir = [/workdir/hadoop-ozone/integration-test/target/test-dir/MiniOzoneClusterImpl-6d54b700-d8a9-4c41-8dd0-ed0139d9985f/datanode-0/data/ratis] (custom)
2019-10-02 05:59:28,475 [main] INFO  hdfs.DFSUtil (DFSUtil.java:httpServerTemplateForNNAndJN(1641)) - Starting Web-server for hddsDatanode at: http://0.0.0.0:0
2019-10-02 05:59:28,486 [main] INFO  server.AuthenticationFilter (AuthenticationFilter.java:constructSecretProvider(240)) - Unable to initialize FileSignerSecretProvider, falling back to use random secrets.
2019-10-02 05:59:28,486 [main] WARN  http.HttpRequestLog (HttpRequestLog.java:getRequestLog(97)) - Jetty request log can only be enabled using Log4j
2019-10-02 05:59:28,488 [main] INFO  http.HttpServer2 (HttpServer2.java:addGlobalFilter(975)) - Added global filter 'safety' (class=org.apache.hadoop.http.HttpServer2$QuotingInputFilter)
2019-10-02 05:59:28,489 [main] INFO  http.HttpServer2 (HttpServer2.java:addFilter(948)) - Added filter static_user_filter (class=org.apache.hadoop.http.lib.StaticUserWebFilter$StaticUserFilter) to context hddsDatanode
2019-10-02 05:59:28,489 [main] INFO  http.HttpServer2 (HttpServer2.java:addFilter(958)) - Added filter static_user_filter (class=org.apache.hadoop.http.lib.StaticUserWebFilter$StaticUserFilter) to context logs
2019-10-02 05:59:28,489 [main] INFO  http.HttpServer2 (HttpServer2.java:addFilter(958)) - Added filter static_user_filter (class=org.apache.hadoop.http.lib.StaticUserWebFilter$StaticUserFilter) to context static
2019-10-02 05:59:28,490 [main] INFO  http.HttpServer2 (HttpServer2.java:bindListener(1191)) - Jetty bound to port 44012
2019-10-02 05:59:28,490 [main] INFO  server.Server (Server.java:doStart(351)) - jetty-9.3.25.v20180904, build timestamp: 2018-09-04T21:11:46Z, git hash: 3ce520221d0240229c862b122d2b06c12a625732
2019-10-02 05:59:28,492 [main] INFO  handler.ContextHandler (ContextHandler.java:doStart(781)) - Started o.e.j.s.ServletContextHandler@73c31181{/logs,file:///workdir/hadoop-ozone/integration-test/target/log,AVAILABLE}
2019-10-02 05:59:28,492 [main] INFO  handler.ContextHandler (ContextHandler.java:doStart(781)) - Started o.e.j.s.ServletContextHandler@4f486211{/static,jar:file:/home/user/.m2/repository/org/apache/hadoop/hadoop-hdds-container-service/0.5.0-SNAPSHOT/hadoop-hdds-container-service-0.5.0-SNAPSHOT.jar!/webapps/static,AVAILABLE}
2019-10-02 05:59:28,528 [main] INFO  handler.ContextHandler (ContextHandler.java:doStart(781)) - Started o.e.j.w.WebAppContext@6e829e50{/,file:///tmp/jetty-0.0.0.0-44012-hddsDatanode-_-any-6203590051944165340.dir/webapp/,AVAILABLE}{/hddsDatanode}
2019-10-02 05:59:28,528 [main] INFO  server.AbstractConnector (AbstractConnector.java:doStart(278)) - Started ServerConnector@4aa2877c{HTTP/1.1,[http/1.1]}{0.0.0.0:44012}
2019-10-02 05:59:28,537 [main] INFO  server.Server (Server.java:doStart(419)) - Started @104400ms
2019-10-02 05:59:28,537 [main] WARN  impl.MetricsSystemImpl (MetricsSystemImpl.java:register(276)) - Sink prometheus already exists!
2019-10-02 05:59:28,538 [main] INFO  server.BaseHttpServer (BaseHttpServer.java:updateConnectorAddress(215)) - HTTP server of HDDSDATANODE is listening at http://0.0.0.0:44012
2019-10-02 05:59:28,538 [main] INFO  impl.MetricsSystemImpl (MetricsSystemImpl.java:init(158)) - HddsDatanode metrics system started (again)
2019-10-02 05:59:28,555 [org.apache.hadoop.util.JvmPauseMonitor$Monitor@26a426a7] INFO  util.JvmPauseMonitor (JvmPauseMonitor.java:run(188)) - Starting JVM pause monitor
2019-10-02 05:59:28,556 [main] INFO  ozone.HddsDatanodeService (HddsDatanodeService.java:start(184)) - HddsDatanodeService host:trunk-nightly-20191002-p7fms-2058464235 ip:192.168.164.241
2019-10-02 05:59:28,558 [Datanode State Machine Thread - 0] INFO  datanode.InitDatanodeState (InitDatanodeState.java:persistContainerDatanodeDetails(140)) - DatanodeDetails is persisted to /workdir/hadoop-ozone/integration-test/target/test-dir/MiniOzoneClusterImpl-6d54b700-d8a9-4c41-8dd0-ed0139d9985f/datanode-0/meta/datanode.id
2019-10-02 05:59:28,565 [main] INFO  volume.HddsVolume (HddsVolume.java:<init>(176)) - Creating Volume: /workdir/hadoop-ozone/integration-test/target/test-dir/MiniOzoneClusterImpl-6d54b700-d8a9-4c41-8dd0-ed0139d9985f/datanode-1/data/containers/hdds of  storage type : DISK and capacity : 1482555576320
2019-10-02 05:59:28,565 [main] INFO  volume.VolumeSet (VolumeSet.java:initializeVolumeSet(170)) - Added Volume : /workdir/hadoop-ozone/integration-test/target/test-dir/MiniOzoneClusterImpl-6d54b700-d8a9-4c41-8dd0-ed0139d9985f/datanode-1/data/containers/hdds to VolumeSet
2019-10-02 05:59:28,565 [main] INFO  volume.ThrottledAsyncChecker (ThrottledAsyncChecker.java:schedule(139)) - Scheduling a check for org.apache.hadoop.ozone.container.common.volume.HddsVolume@7412a438
2019-10-02 05:59:28,565 [main] INFO  volume.HddsVolumeChecker (HddsVolumeChecker.java:checkAllVolumes(202)) - Scheduled health check for volume org.apache.hadoop.ozone.container.common.volume.HddsVolume@7412a438
2019-10-02 05:59:28,579 [main] INFO  impl.RaftServerProxy (ConfUtils.java:logGet(43)) - raft.rpc.type = GRPC (default)
2019-10-02 05:59:28,579 [main] INFO  grpc.GrpcFactory (GrpcFactory.java:checkPooledByteBufAllocatorUseCacheForAllThreads(45)) - PERFORMANCE WARNING: useCacheForAllThreads is true that may cause Netty to create a lot garbage objects and, as a result, trigger GC.
	It is recommended to disable useCacheForAllThreads by setting -Dorg.apache.ratis.thirdparty.io.netty.allocator.useCacheForAllThreads=false in command line.
2019-10-02 05:59:28,580 [main] INFO  grpc.GrpcConfigKeys$Server (ConfUtils.java:logGet(43)) - raft.grpc.server.port = 0 (default)
2019-10-02 05:59:28,580 [main] INFO  server.GrpcService (ConfUtils.java:logGet(43)) - raft.grpc.message.size.max = 33570816 (custom)
2019-10-02 05:59:28,580 [main] INFO  server.RaftServerConfigKeys (ConfUtils.java:logGet(43)) - raft.server.log.appender.buffer.byte-limit = 33554432 (custom)
2019-10-02 05:59:28,580 [main] INFO  server.GrpcService (ConfUtils.java:logGet(43)) - raft.grpc.flow.control.window = 1MB (=1048576) (default)
2019-10-02 05:59:28,580 [main] INFO  server.RaftServerConfigKeys (ConfUtils.java:logGet(43)) - raft.server.rpc.request.timeout = 3000ms (default)
2019-10-02 05:59:28,581 [main] INFO  server.RaftServerConfigKeys (ConfUtils.java:logGet(43)) - raft.server.storage.dir = [/workdir/hadoop-ozone/integration-test/target/test-dir/MiniOzoneClusterImpl-6d54b700-d8a9-4c41-8dd0-ed0139d9985f/datanode-1/data/ratis] (custom)
2019-10-02 05:59:28,583 [main] INFO  hdfs.DFSUtil (DFSUtil.java:httpServerTemplateForNNAndJN(1641)) - Starting Web-server for hddsDatanode at: http://0.0.0.0:0
2019-10-02 05:59:28,584 [main] INFO  server.AuthenticationFilter (AuthenticationFilter.java:constructSecretProvider(240)) - Unable to initialize FileSignerSecretProvider, falling back to use random secrets.
2019-10-02 05:59:28,584 [main] WARN  http.HttpRequestLog (HttpRequestLog.java:getRequestLog(97)) - Jetty request log can only be enabled using Log4j
2019-10-02 05:59:28,586 [main] INFO  http.HttpServer2 (HttpServer2.java:addGlobalFilter(975)) - Added global filter 'safety' (class=org.apache.hadoop.http.HttpServer2$QuotingInputFilter)
2019-10-02 05:59:28,586 [main] INFO  http.HttpServer2 (HttpServer2.java:addFilter(948)) - Added filter static_user_filter (class=org.apache.hadoop.http.lib.StaticUserWebFilter$StaticUserFilter) to context hddsDatanode
2019-10-02 05:59:28,586 [main] INFO  http.HttpServer2 (HttpServer2.java:addFilter(958)) - Added filter static_user_filter (class=org.apache.hadoop.http.lib.StaticUserWebFilter$StaticUserFilter) to context static
2019-10-02 05:59:28,586 [main] INFO  http.HttpServer2 (HttpServer2.java:addFilter(958)) - Added filter static_user_filter (class=org.apache.hadoop.http.lib.StaticUserWebFilter$StaticUserFilter) to context logs
2019-10-02 05:59:28,587 [main] INFO  http.HttpServer2 (HttpServer2.java:bindListener(1191)) - Jetty bound to port 34355
2019-10-02 05:59:28,587 [main] INFO  server.Server (Server.java:doStart(351)) - jetty-9.3.25.v20180904, build timestamp: 2018-09-04T21:11:46Z, git hash: 3ce520221d0240229c862b122d2b06c12a625732
2019-10-02 05:59:28,589 [main] INFO  handler.ContextHandler (ContextHandler.java:doStart(781)) - Started o.e.j.s.ServletContextHandler@1e957e2f{/logs,file:///workdir/hadoop-ozone/integration-test/target/log,AVAILABLE}
2019-10-02 05:59:28,589 [main] INFO  handler.ContextHandler (ContextHandler.java:doStart(781)) - Started o.e.j.s.ServletContextHandler@3db432c2{/static,jar:file:/home/user/.m2/repository/org/apache/hadoop/hadoop-hdds-container-service/0.5.0-SNAPSHOT/hadoop-hdds-container-service-0.5.0-SNAPSHOT.jar!/webapps/static,AVAILABLE}
2019-10-02 05:59:28,616 [main] INFO  handler.ContextHandler (ContextHandler.java:doStart(781)) - Started o.e.j.w.WebAppContext@208205ed{/,file:///tmp/jetty-0.0.0.0-34355-hddsDatanode-_-any-8797110483750434617.dir/webapp/,AVAILABLE}{/hddsDatanode}
2019-10-02 05:59:28,617 [main] INFO  server.AbstractConnector (AbstractConnector.java:doStart(278)) - Started ServerConnector@73afe2b7{HTTP/1.1,[http/1.1]}{0.0.0.0:34355}
2019-10-02 05:59:28,619 [main] INFO  server.Server (Server.java:doStart(419)) - Started @104483ms
2019-10-02 05:59:28,619 [main] WARN  impl.MetricsSystemImpl (MetricsSystemImpl.java:register(276)) - Sink prometheus already exists!
2019-10-02 05:59:28,621 [main] INFO  server.BaseHttpServer (BaseHttpServer.java:updateConnectorAddress(215)) - HTTP server of HDDSDATANODE is listening at http://0.0.0.0:34355
2019-10-02 05:59:28,621 [main] INFO  impl.MetricsSystemImpl (MetricsSystemImpl.java:init(158)) - HddsDatanode metrics system started (again)
2019-10-02 05:59:28,639 [org.apache.hadoop.util.JvmPauseMonitor$Monitor@61141e36] INFO  util.JvmPauseMonitor (JvmPauseMonitor.java:run(188)) - Starting JVM pause monitor
2019-10-02 05:59:28,640 [main] INFO  ozone.HddsDatanodeService (HddsDatanodeService.java:start(184)) - HddsDatanodeService host:trunk-nightly-20191002-p7fms-2058464235 ip:192.168.164.241
2019-10-02 05:59:28,642 [Datanode State Machine Thread - 0] INFO  datanode.InitDatanodeState (InitDatanodeState.java:persistContainerDatanodeDetails(140)) - DatanodeDetails is persisted to /workdir/hadoop-ozone/integration-test/target/test-dir/MiniOzoneClusterImpl-6d54b700-d8a9-4c41-8dd0-ed0139d9985f/datanode-1/meta/datanode.id
2019-10-02 05:59:28,649 [main] INFO  volume.HddsVolume (HddsVolume.java:<init>(176)) - Creating Volume: /workdir/hadoop-ozone/integration-test/target/test-dir/MiniOzoneClusterImpl-6d54b700-d8a9-4c41-8dd0-ed0139d9985f/datanode-2/data/containers/hdds of  storage type : DISK and capacity : 1482555576320
2019-10-02 05:59:28,649 [main] INFO  volume.VolumeSet (VolumeSet.java:initializeVolumeSet(170)) - Added Volume : /workdir/hadoop-ozone/integration-test/target/test-dir/MiniOzoneClusterImpl-6d54b700-d8a9-4c41-8dd0-ed0139d9985f/datanode-2/data/containers/hdds to VolumeSet
2019-10-02 05:59:28,649 [main] INFO  volume.ThrottledAsyncChecker (ThrottledAsyncChecker.java:schedule(139)) - Scheduling a check for org.apache.hadoop.ozone.container.common.volume.HddsVolume@e29f4f6
2019-10-02 05:59:28,650 [main] INFO  volume.HddsVolumeChecker (HddsVolumeChecker.java:checkAllVolumes(202)) - Scheduled health check for volume org.apache.hadoop.ozone.container.common.volume.HddsVolume@e29f4f6
2019-10-02 05:59:28,665 [main] INFO  impl.RaftServerProxy (ConfUtils.java:logGet(43)) - raft.rpc.type = GRPC (default)
2019-10-02 05:59:28,665 [main] INFO  grpc.GrpcFactory (GrpcFactory.java:checkPooledByteBufAllocatorUseCacheForAllThreads(45)) - PERFORMANCE WARNING: useCacheForAllThreads is true that may cause Netty to create a lot garbage objects and, as a result, trigger GC.
	It is recommended to disable useCacheForAllThreads by setting -Dorg.apache.ratis.thirdparty.io.netty.allocator.useCacheForAllThreads=false in command line.
2019-10-02 05:59:28,665 [main] INFO  grpc.GrpcConfigKeys$Server (ConfUtils.java:logGet(43)) - raft.grpc.server.port = 0 (default)
2019-10-02 05:59:28,666 [main] INFO  server.GrpcService (ConfUtils.java:logGet(43)) - raft.grpc.message.size.max = 33570816 (custom)
2019-10-02 05:59:28,666 [main] INFO  server.RaftServerConfigKeys (ConfUtils.java:logGet(43)) - raft.server.log.appender.buffer.byte-limit = 33554432 (custom)
2019-10-02 05:59:28,666 [main] INFO  server.GrpcService (ConfUtils.java:logGet(43)) - raft.grpc.flow.control.window = 1MB (=1048576) (default)
2019-10-02 05:59:28,666 [main] INFO  server.RaftServerConfigKeys (ConfUtils.java:logGet(43)) - raft.server.rpc.request.timeout = 3000ms (default)
2019-10-02 05:59:28,667 [main] INFO  server.RaftServerConfigKeys (ConfUtils.java:logGet(43)) - raft.server.storage.dir = [/workdir/hadoop-ozone/integration-test/target/test-dir/MiniOzoneClusterImpl-6d54b700-d8a9-4c41-8dd0-ed0139d9985f/datanode-2/data/ratis] (custom)
2019-10-02 05:59:28,668 [main] INFO  hdfs.DFSUtil (DFSUtil.java:httpServerTemplateForNNAndJN(1641)) - Starting Web-server for hddsDatanode at: http://0.0.0.0:0
2019-10-02 05:59:28,669 [main] INFO  server.AuthenticationFilter (AuthenticationFilter.java:constructSecretProvider(240)) - Unable to initialize FileSignerSecretProvider, falling back to use random secrets.
2019-10-02 05:59:28,669 [main] WARN  http.HttpRequestLog (HttpRequestLog.java:getRequestLog(97)) - Jetty request log can only be enabled using Log4j
2019-10-02 05:59:28,670 [main] INFO  http.HttpServer2 (HttpServer2.java:addGlobalFilter(975)) - Added global filter 'safety' (class=org.apache.hadoop.http.HttpServer2$QuotingInputFilter)
2019-10-02 05:59:28,670 [main] INFO  http.HttpServer2 (HttpServer2.java:addFilter(948)) - Added filter static_user_filter (class=org.apache.hadoop.http.lib.StaticUserWebFilter$StaticUserFilter) to context hddsDatanode
2019-10-02 05:59:28,671 [main] INFO  http.HttpServer2 (HttpServer2.java:addFilter(958)) - Added filter static_user_filter (class=org.apache.hadoop.http.lib.StaticUserWebFilter$StaticUserFilter) to context static
2019-10-02 05:59:28,671 [main] INFO  http.HttpServer2 (HttpServer2.java:addFilter(958)) - Added filter static_user_filter (class=org.apache.hadoop.http.lib.StaticUserWebFilter$StaticUserFilter) to context logs
2019-10-02 05:59:28,671 [main] INFO  http.HttpServer2 (HttpServer2.java:bindListener(1191)) - Jetty bound to port 40479
2019-10-02 05:59:28,672 [main] INFO  server.Server (Server.java:doStart(351)) - jetty-9.3.25.v20180904, build timestamp: 2018-09-04T21:11:46Z, git hash: 3ce520221d0240229c862b122d2b06c12a625732
2019-10-02 05:59:28,673 [main] INFO  handler.ContextHandler (ContextHandler.java:doStart(781)) - Started o.e.j.s.ServletContextHandler@c1050f2{/logs,file:///workdir/hadoop-ozone/integration-test/target/log,AVAILABLE}
2019-10-02 05:59:28,674 [main] INFO  handler.ContextHandler (ContextHandler.java:doStart(781)) - Started o.e.j.s.ServletContextHandler@738d37fc{/static,jar:file:/home/user/.m2/repository/org/apache/hadoop/hadoop-hdds-container-service/0.5.0-SNAPSHOT/hadoop-hdds-container-service-0.5.0-SNAPSHOT.jar!/webapps/static,AVAILABLE}
2019-10-02 05:59:28,699 [main] INFO  handler.ContextHandler (ContextHandler.java:doStart(781)) - Started o.e.j.w.WebAppContext@604d23fa{/,file:///tmp/jetty-0.0.0.0-40479-hddsDatanode-_-any-1154877999112706481.dir/webapp/,AVAILABLE}{/hddsDatanode}
2019-10-02 05:59:28,699 [main] INFO  server.AbstractConnector (AbstractConnector.java:doStart(278)) - Started ServerConnector@1cc8416a{HTTP/1.1,[http/1.1]}{0.0.0.0:40479}
2019-10-02 05:59:28,702 [main] INFO  server.Server (Server.java:doStart(419)) - Started @104566ms
2019-10-02 05:59:28,703 [main] WARN  impl.MetricsSystemImpl (MetricsSystemImpl.java:register(276)) - Sink prometheus already exists!
2019-10-02 05:59:28,703 [main] INFO  server.BaseHttpServer (BaseHttpServer.java:updateConnectorAddress(215)) - HTTP server of HDDSDATANODE is listening at http://0.0.0.0:40479
2019-10-02 05:59:28,703 [main] INFO  impl.MetricsSystemImpl (MetricsSystemImpl.java:init(158)) - HddsDatanode metrics system started (again)
2019-10-02 05:59:28,721 [org.apache.hadoop.util.JvmPauseMonitor$Monitor@5073ba09] INFO  util.JvmPauseMonitor (JvmPauseMonitor.java:run(188)) - Starting JVM pause monitor
2019-10-02 05:59:28,722 [Datanode State Machine Thread - 0] INFO  datanode.InitDatanodeState (InitDatanodeState.java:persistContainerDatanodeDetails(140)) - DatanodeDetails is persisted to /workdir/hadoop-ozone/integration-test/target/test-dir/MiniOzoneClusterImpl-6d54b700-d8a9-4c41-8dd0-ed0139d9985f/datanode-2/meta/datanode.id
2019-10-02 05:59:28,723 [main] INFO  ozone.HddsDatanodeService (HddsDatanodeService.java:start(184)) - HddsDatanodeService host:trunk-nightly-20191002-p7fms-2058464235 ip:192.168.164.241
2019-10-02 05:59:28,731 [main] INFO  volume.HddsVolume (HddsVolume.java:<init>(176)) - Creating Volume: /workdir/hadoop-ozone/integration-test/target/test-dir/MiniOzoneClusterImpl-6d54b700-d8a9-4c41-8dd0-ed0139d9985f/datanode-3/data/containers/hdds of  storage type : DISK and capacity : 1482555576320
2019-10-02 05:59:28,731 [main] INFO  volume.VolumeSet (VolumeSet.java:initializeVolumeSet(170)) - Added Volume : /workdir/hadoop-ozone/integration-test/target/test-dir/MiniOzoneClusterImpl-6d54b700-d8a9-4c41-8dd0-ed0139d9985f/datanode-3/data/containers/hdds to VolumeSet
2019-10-02 05:59:28,732 [main] INFO  volume.ThrottledAsyncChecker (ThrottledAsyncChecker.java:schedule(139)) - Scheduling a check for org.apache.hadoop.ozone.container.common.volume.HddsVolume@4dfe8b37
2019-10-02 05:59:28,732 [main] INFO  volume.HddsVolumeChecker (HddsVolumeChecker.java:checkAllVolumes(202)) - Scheduled health check for volume org.apache.hadoop.ozone.container.common.volume.HddsVolume@4dfe8b37
2019-10-02 05:59:28,746 [main] INFO  impl.RaftServerProxy (ConfUtils.java:logGet(43)) - raft.rpc.type = GRPC (default)
2019-10-02 05:59:28,747 [main] INFO  grpc.GrpcFactory (GrpcFactory.java:checkPooledByteBufAllocatorUseCacheForAllThreads(45)) - PERFORMANCE WARNING: useCacheForAllThreads is true that may cause Netty to create a lot garbage objects and, as a result, trigger GC.
	It is recommended to disable useCacheForAllThreads by setting -Dorg.apache.ratis.thirdparty.io.netty.allocator.useCacheForAllThreads=false in command line.
2019-10-02 05:59:28,747 [main] INFO  grpc.GrpcConfigKeys$Server (ConfUtils.java:logGet(43)) - raft.grpc.server.port = 0 (default)
2019-10-02 05:59:28,747 [main] INFO  server.GrpcService (ConfUtils.java:logGet(43)) - raft.grpc.message.size.max = 33570816 (custom)
2019-10-02 05:59:28,747 [main] INFO  server.RaftServerConfigKeys (ConfUtils.java:logGet(43)) - raft.server.log.appender.buffer.byte-limit = 33554432 (custom)
2019-10-02 05:59:28,747 [main] INFO  server.GrpcService (ConfUtils.java:logGet(43)) - raft.grpc.flow.control.window = 1MB (=1048576) (default)
2019-10-02 05:59:28,747 [main] INFO  server.RaftServerConfigKeys (ConfUtils.java:logGet(43)) - raft.server.rpc.request.timeout = 3000ms (default)
2019-10-02 05:59:28,748 [main] INFO  server.RaftServerConfigKeys (ConfUtils.java:logGet(43)) - raft.server.storage.dir = [/workdir/hadoop-ozone/integration-test/target/test-dir/MiniOzoneClusterImpl-6d54b700-d8a9-4c41-8dd0-ed0139d9985f/datanode-3/data/ratis] (custom)
2019-10-02 05:59:28,752 [main] INFO  hdfs.DFSUtil (DFSUtil.java:httpServerTemplateForNNAndJN(1641)) - Starting Web-server for hddsDatanode at: http://0.0.0.0:0
2019-10-02 05:59:28,754 [main] INFO  server.AuthenticationFilter (AuthenticationFilter.java:constructSecretProvider(240)) - Unable to initialize FileSignerSecretProvider, falling back to use random secrets.
2019-10-02 05:59:28,754 [main] WARN  http.HttpRequestLog (HttpRequestLog.java:getRequestLog(97)) - Jetty request log can only be enabled using Log4j
2019-10-02 05:59:28,756 [main] INFO  http.HttpServer2 (HttpServer2.java:addGlobalFilter(975)) - Added global filter 'safety' (class=org.apache.hadoop.http.HttpServer2$QuotingInputFilter)
2019-10-02 05:59:28,757 [main] INFO  http.HttpServer2 (HttpServer2.java:addFilter(948)) - Added filter static_user_filter (class=org.apache.hadoop.http.lib.StaticUserWebFilter$StaticUserFilter) to context hddsDatanode
2019-10-02 05:59:28,757 [main] INFO  http.HttpServer2 (HttpServer2.java:addFilter(958)) - Added filter static_user_filter (class=org.apache.hadoop.http.lib.StaticUserWebFilter$StaticUserFilter) to context logs
2019-10-02 05:59:28,757 [main] INFO  http.HttpServer2 (HttpServer2.java:addFilter(958)) - Added filter static_user_filter (class=org.apache.hadoop.http.lib.StaticUserWebFilter$StaticUserFilter) to context static
2019-10-02 05:59:28,758 [main] INFO  http.HttpServer2 (HttpServer2.java:bindListener(1191)) - Jetty bound to port 40073
2019-10-02 05:59:28,758 [main] INFO  server.Server (Server.java:doStart(351)) - jetty-9.3.25.v20180904, build timestamp: 2018-09-04T21:11:46Z, git hash: 3ce520221d0240229c862b122d2b06c12a625732
2019-10-02 05:59:28,760 [main] INFO  handler.ContextHandler (ContextHandler.java:doStart(781)) - Started o.e.j.s.ServletContextHandler@11c713b7{/logs,file:///workdir/hadoop-ozone/integration-test/target/log,AVAILABLE}
2019-10-02 05:59:28,760 [main] INFO  handler.ContextHandler (ContextHandler.java:doStart(781)) - Started o.e.j.s.ServletContextHandler@3fbe503c{/static,jar:file:/home/user/.m2/repository/org/apache/hadoop/hadoop-hdds-container-service/0.5.0-SNAPSHOT/hadoop-hdds-container-service-0.5.0-SNAPSHOT.jar!/webapps/static,AVAILABLE}
2019-10-02 05:59:28,790 [main] INFO  handler.ContextHandler (ContextHandler.java:doStart(781)) - Started o.e.j.w.WebAppContext@1980a3f{/,file:///tmp/jetty-0.0.0.0-40073-hddsDatanode-_-any-618866631300779639.dir/webapp/,AVAILABLE}{/hddsDatanode}
2019-10-02 05:59:28,790 [main] INFO  server.AbstractConnector (AbstractConnector.java:doStart(278)) - Started ServerConnector@67f63d26{HTTP/1.1,[http/1.1]}{0.0.0.0:40073}
2019-10-02 05:59:28,793 [main] INFO  server.Server (Server.java:doStart(419)) - Started @104657ms
2019-10-02 05:59:28,793 [main] WARN  impl.MetricsSystemImpl (MetricsSystemImpl.java:register(276)) - Sink prometheus already exists!
2019-10-02 05:59:28,794 [main] INFO  server.BaseHttpServer (BaseHttpServer.java:updateConnectorAddress(215)) - HTTP server of HDDSDATANODE is listening at http://0.0.0.0:40073
2019-10-02 05:59:28,794 [main] INFO  impl.MetricsSystemImpl (MetricsSystemImpl.java:init(158)) - HddsDatanode metrics system started (again)
2019-10-02 05:59:28,814 [org.apache.hadoop.util.JvmPauseMonitor$Monitor@27f8458e] INFO  util.JvmPauseMonitor (JvmPauseMonitor.java:run(188)) - Starting JVM pause monitor
2019-10-02 05:59:28,815 [main] INFO  ozone.HddsDatanodeService (HddsDatanodeService.java:start(184)) - HddsDatanodeService host:trunk-nightly-20191002-p7fms-2058464235 ip:192.168.164.241
2019-10-02 05:59:28,816 [Datanode State Machine Thread - 0] INFO  datanode.InitDatanodeState (InitDatanodeState.java:persistContainerDatanodeDetails(140)) - DatanodeDetails is persisted to /workdir/hadoop-ozone/integration-test/target/test-dir/MiniOzoneClusterImpl-6d54b700-d8a9-4c41-8dd0-ed0139d9985f/datanode-3/meta/datanode.id
2019-10-02 05:59:28,833 [main] INFO  volume.HddsVolume (HddsVolume.java:<init>(176)) - Creating Volume: /workdir/hadoop-ozone/integration-test/target/test-dir/MiniOzoneClusterImpl-6d54b700-d8a9-4c41-8dd0-ed0139d9985f/datanode-4/data/containers/hdds of  storage type : DISK and capacity : 1482555576320
2019-10-02 05:59:28,834 [main] INFO  volume.VolumeSet (VolumeSet.java:initializeVolumeSet(170)) - Added Volume : /workdir/hadoop-ozone/integration-test/target/test-dir/MiniOzoneClusterImpl-6d54b700-d8a9-4c41-8dd0-ed0139d9985f/datanode-4/data/containers/hdds to VolumeSet
2019-10-02 05:59:28,834 [main] INFO  volume.ThrottledAsyncChecker (ThrottledAsyncChecker.java:schedule(139)) - Scheduling a check for org.apache.hadoop.ozone.container.common.volume.HddsVolume@ac91282
2019-10-02 05:59:28,834 [main] INFO  volume.HddsVolumeChecker (HddsVolumeChecker.java:checkAllVolumes(202)) - Scheduled health check for volume org.apache.hadoop.ozone.container.common.volume.HddsVolume@ac91282
2019-10-02 05:59:28,848 [main] INFO  impl.RaftServerProxy (ConfUtils.java:logGet(43)) - raft.rpc.type = GRPC (default)
2019-10-02 05:59:28,848 [main] INFO  grpc.GrpcFactory (GrpcFactory.java:checkPooledByteBufAllocatorUseCacheForAllThreads(45)) - PERFORMANCE WARNING: useCacheForAllThreads is true that may cause Netty to create a lot garbage objects and, as a result, trigger GC.
	It is recommended to disable useCacheForAllThreads by setting -Dorg.apache.ratis.thirdparty.io.netty.allocator.useCacheForAllThreads=false in command line.
2019-10-02 05:59:28,848 [main] INFO  grpc.GrpcConfigKeys$Server (ConfUtils.java:logGet(43)) - raft.grpc.server.port = 0 (default)
2019-10-02 05:59:28,848 [main] INFO  server.GrpcService (ConfUtils.java:logGet(43)) - raft.grpc.message.size.max = 33570816 (custom)
2019-10-02 05:59:28,849 [main] INFO  server.RaftServerConfigKeys (ConfUtils.java:logGet(43)) - raft.server.log.appender.buffer.byte-limit = 33554432 (custom)
2019-10-02 05:59:28,849 [main] INFO  server.GrpcService (ConfUtils.java:logGet(43)) - raft.grpc.flow.control.window = 1MB (=1048576) (default)
2019-10-02 05:59:28,849 [main] INFO  server.RaftServerConfigKeys (ConfUtils.java:logGet(43)) - raft.server.rpc.request.timeout = 3000ms (default)
2019-10-02 05:59:28,850 [main] INFO  server.RaftServerConfigKeys (ConfUtils.java:logGet(43)) - raft.server.storage.dir = [/workdir/hadoop-ozone/integration-test/target/test-dir/MiniOzoneClusterImpl-6d54b700-d8a9-4c41-8dd0-ed0139d9985f/datanode-4/data/ratis] (custom)
2019-10-02 05:59:28,851 [main] INFO  hdfs.DFSUtil (DFSUtil.java:httpServerTemplateForNNAndJN(1641)) - Starting Web-server for hddsDatanode at: http://0.0.0.0:0
2019-10-02 05:59:28,853 [main] INFO  server.AuthenticationFilter (AuthenticationFilter.java:constructSecretProvider(240)) - Unable to initialize FileSignerSecretProvider, falling back to use random secrets.
2019-10-02 05:59:28,853 [main] WARN  http.HttpRequestLog (HttpRequestLog.java:getRequestLog(97)) - Jetty request log can only be enabled using Log4j
2019-10-02 05:59:28,855 [main] INFO  http.HttpServer2 (HttpServer2.java:addGlobalFilter(975)) - Added global filter 'safety' (class=org.apache.hadoop.http.HttpServer2$QuotingInputFilter)
2019-10-02 05:59:28,856 [Thread-1094] INFO  impl.FollowerState (FollowerState.java:run(108)) - 48606941-d0e7-458c-8671-720c89e9f6da@group-91BCE5B55630-FollowerState: change to CANDIDATE, lastRpcTime:5075ms, electionTimeout:5073ms
2019-10-02 05:59:28,856 [Thread-1094] INFO  impl.RoleInfo (RoleInfo.java:shutdownFollowerState(121)) - 48606941-d0e7-458c-8671-720c89e9f6da: shutdown FollowerState
2019-10-02 05:59:28,856 [Thread-1094] INFO  impl.RaftServerImpl (RaftServerImpl.java:setRole(170)) - 48606941-d0e7-458c-8671-720c89e9f6da@group-91BCE5B55630: changes role from  FOLLOWER to CANDIDATE at term 2 for changeToCandidate
2019-10-02 05:59:28,856 [main] INFO  http.HttpServer2 (HttpServer2.java:addFilter(948)) - Added filter static_user_filter (class=org.apache.hadoop.http.lib.StaticUserWebFilter$StaticUserFilter) to context hddsDatanode
2019-10-02 05:59:28,856 [Thread-1094] INFO  impl.RoleInfo (RoleInfo.java:updateAndGet(143)) - 48606941-d0e7-458c-8671-720c89e9f6da: start LeaderElection
2019-10-02 05:59:28,856 [main] INFO  http.HttpServer2 (HttpServer2.java:addFilter(958)) - Added filter static_user_filter (class=org.apache.hadoop.http.lib.StaticUserWebFilter$StaticUserFilter) to context static
2019-10-02 05:59:28,858 [main] INFO  http.HttpServer2 (HttpServer2.java:addFilter(958)) - Added filter static_user_filter (class=org.apache.hadoop.http.lib.StaticUserWebFilter$StaticUserFilter) to context logs
2019-10-02 05:59:28,859 [main] INFO  http.HttpServer2 (HttpServer2.java:bindListener(1191)) - Jetty bound to port 36127
2019-10-02 05:59:28,859 [main] INFO  server.Server (Server.java:doStart(351)) - jetty-9.3.25.v20180904, build timestamp: 2018-09-04T21:11:46Z, git hash: 3ce520221d0240229c862b122d2b06c12a625732
2019-10-02 05:59:28,861 [main] INFO  handler.ContextHandler (ContextHandler.java:doStart(781)) - Started o.e.j.s.ServletContextHandler@b791a81{/logs,file:///workdir/hadoop-ozone/integration-test/target/log,AVAILABLE}
2019-10-02 05:59:28,861 [main] INFO  handler.ContextHandler (ContextHandler.java:doStart(781)) - Started o.e.j.s.ServletContextHandler@47b269c4{/static,jar:file:/home/user/.m2/repository/org/apache/hadoop/hadoop-hdds-container-service/0.5.0-SNAPSHOT/hadoop-hdds-container-service-0.5.0-SNAPSHOT.jar!/webapps/static,AVAILABLE}
2019-10-02 05:59:28,875 [Thread-1093] INFO  impl.FollowerState (FollowerState.java:run(108)) - 665fa38a-9537-47ed-bb4f-28280fb495a6@group-A0F3659C1B16-FollowerState: change to CANDIDATE, lastRpcTime:5114ms, electionTimeout:5111ms
2019-10-02 05:59:28,875 [Thread-1093] INFO  impl.RoleInfo (RoleInfo.java:shutdownFollowerState(121)) - 665fa38a-9537-47ed-bb4f-28280fb495a6: shutdown FollowerState
2019-10-02 05:59:28,875 [Thread-1093] INFO  impl.RaftServerImpl (RaftServerImpl.java:setRole(170)) - 665fa38a-9537-47ed-bb4f-28280fb495a6@group-A0F3659C1B16: changes role from  FOLLOWER to CANDIDATE at term 2 for changeToCandidate
2019-10-02 05:59:28,875 [Thread-1093] INFO  impl.RoleInfo (RoleInfo.java:updateAndGet(143)) - 665fa38a-9537-47ed-bb4f-28280fb495a6: start LeaderElection
2019-10-02 05:59:28,880 [Thread-1095] INFO  impl.FollowerState (FollowerState.java:run(108)) - 1a104173-8766-4821-8d3b-b5b33cc05046@group-91BCE5B55630-FollowerState: change to CANDIDATE, lastRpcTime:5097ms, electionTimeout:5097ms
2019-10-02 05:59:28,880 [Thread-1095] INFO  impl.RoleInfo (RoleInfo.java:shutdownFollowerState(121)) - 1a104173-8766-4821-8d3b-b5b33cc05046: shutdown FollowerState
2019-10-02 05:59:28,880 [Thread-1095] INFO  impl.RaftServerImpl (RaftServerImpl.java:setRole(170)) - 1a104173-8766-4821-8d3b-b5b33cc05046@group-91BCE5B55630: changes role from  FOLLOWER to CANDIDATE at term 2 for changeToCandidate
2019-10-02 05:59:28,880 [Thread-1095] INFO  impl.RoleInfo (RoleInfo.java:updateAndGet(143)) - 1a104173-8766-4821-8d3b-b5b33cc05046: start LeaderElection
2019-10-02 05:59:28,894 [main] INFO  handler.ContextHandler (ContextHandler.java:doStart(781)) - Started o.e.j.w.WebAppContext@7b2bf745{/,file:///tmp/jetty-0.0.0.0-36127-hddsDatanode-_-any-4795093255658193477.dir/webapp/,AVAILABLE}{/hddsDatanode}
2019-10-02 05:59:28,894 [main] INFO  server.AbstractConnector (AbstractConnector.java:doStart(278)) - Started ServerConnector@6fe595dc{HTTP/1.1,[http/1.1]}{0.0.0.0:36127}
2019-10-02 05:59:28,896 [main] INFO  server.Server (Server.java:doStart(419)) - Started @104760ms
2019-10-02 05:59:28,896 [main] WARN  impl.MetricsSystemImpl (MetricsSystemImpl.java:register(276)) - Sink prometheus already exists!
2019-10-02 05:59:28,897 [main] INFO  server.BaseHttpServer (BaseHttpServer.java:updateConnectorAddress(215)) - HTTP server of HDDSDATANODE is listening at http://0.0.0.0:36127
2019-10-02 05:59:28,897 [main] INFO  impl.MetricsSystemImpl (MetricsSystemImpl.java:init(158)) - HddsDatanode metrics system started (again)
2019-10-02 05:59:28,916 [Thread-1098] INFO  impl.FollowerState (FollowerState.java:run(108)) - 98deb3f5-0e5e-4c88-9e80-87735dc2d52d@group-91BCE5B55630-FollowerState: change to CANDIDATE, lastRpcTime:5132ms, electionTimeout:5132ms
2019-10-02 05:59:28,916 [Thread-1098] INFO  impl.RoleInfo (RoleInfo.java:shutdownFollowerState(121)) - 98deb3f5-0e5e-4c88-9e80-87735dc2d52d: shutdown FollowerState
2019-10-02 05:59:28,916 [Thread-1098] INFO  impl.RaftServerImpl (RaftServerImpl.java:setRole(170)) - 98deb3f5-0e5e-4c88-9e80-87735dc2d52d@group-91BCE5B55630: changes role from  FOLLOWER to CANDIDATE at term 2 for changeToCandidate
2019-10-02 05:59:28,917 [Thread-1098] INFO  impl.RoleInfo (RoleInfo.java:updateAndGet(143)) - 98deb3f5-0e5e-4c88-9e80-87735dc2d52d: start LeaderElection
2019-10-02 05:59:28,919 [org.apache.hadoop.util.JvmPauseMonitor$Monitor@51389f3d] INFO  util.JvmPauseMonitor (JvmPauseMonitor.java:run(188)) - Starting JVM pause monitor
2019-10-02 05:59:28,920 [main] INFO  ozone.HddsDatanodeService (HddsDatanodeService.java:start(184)) - HddsDatanodeService host:trunk-nightly-20191002-p7fms-2058464235 ip:192.168.164.241
2019-10-02 05:59:28,921 [Datanode State Machine Thread - 0] INFO  datanode.InitDatanodeState (InitDatanodeState.java:persistContainerDatanodeDetails(140)) - DatanodeDetails is persisted to /workdir/hadoop-ozone/integration-test/target/test-dir/MiniOzoneClusterImpl-6d54b700-d8a9-4c41-8dd0-ed0139d9985f/datanode-4/meta/datanode.id
2019-10-02 05:59:28,928 [main] INFO  volume.HddsVolume (HddsVolume.java:<init>(176)) - Creating Volume: /workdir/hadoop-ozone/integration-test/target/test-dir/MiniOzoneClusterImpl-6d54b700-d8a9-4c41-8dd0-ed0139d9985f/datanode-5/data/containers/hdds of  storage type : DISK and capacity : 1482555576320
2019-10-02 05:59:28,928 [main] INFO  volume.VolumeSet (VolumeSet.java:initializeVolumeSet(170)) - Added Volume : /workdir/hadoop-ozone/integration-test/target/test-dir/MiniOzoneClusterImpl-6d54b700-d8a9-4c41-8dd0-ed0139d9985f/datanode-5/data/containers/hdds to VolumeSet
2019-10-02 05:59:28,928 [main] INFO  volume.ThrottledAsyncChecker (ThrottledAsyncChecker.java:schedule(139)) - Scheduling a check for org.apache.hadoop.ozone.container.common.volume.HddsVolume@337a6d30
2019-10-02 05:59:28,929 [main] INFO  volume.HddsVolumeChecker (HddsVolumeChecker.java:checkAllVolumes(202)) - Scheduled health check for volume org.apache.hadoop.ozone.container.common.volume.HddsVolume@337a6d30
2019-10-02 05:59:28,941 [main] INFO  impl.RaftServerProxy (ConfUtils.java:logGet(43)) - raft.rpc.type = GRPC (default)
2019-10-02 05:59:28,941 [main] INFO  grpc.GrpcFactory (GrpcFactory.java:checkPooledByteBufAllocatorUseCacheForAllThreads(45)) - PERFORMANCE WARNING: useCacheForAllThreads is true that may cause Netty to create a lot garbage objects and, as a result, trigger GC.
	It is recommended to disable useCacheForAllThreads by setting -Dorg.apache.ratis.thirdparty.io.netty.allocator.useCacheForAllThreads=false in command line.
2019-10-02 05:59:28,941 [main] INFO  grpc.GrpcConfigKeys$Server (ConfUtils.java:logGet(43)) - raft.grpc.server.port = 0 (default)
2019-10-02 05:59:28,941 [main] INFO  server.GrpcService (ConfUtils.java:logGet(43)) - raft.grpc.message.size.max = 33570816 (custom)
2019-10-02 05:59:28,941 [main] INFO  server.RaftServerConfigKeys (ConfUtils.java:logGet(43)) - raft.server.log.appender.buffer.byte-limit = 33554432 (custom)
2019-10-02 05:59:28,942 [main] INFO  server.GrpcService (ConfUtils.java:logGet(43)) - raft.grpc.flow.control.window = 1MB (=1048576) (default)
2019-10-02 05:59:28,942 [main] INFO  server.RaftServerConfigKeys (ConfUtils.java:logGet(43)) - raft.server.rpc.request.timeout = 3000ms (default)
2019-10-02 05:59:28,942 [main] INFO  server.RaftServerConfigKeys (ConfUtils.java:logGet(43)) - raft.server.storage.dir = [/workdir/hadoop-ozone/integration-test/target/test-dir/MiniOzoneClusterImpl-6d54b700-d8a9-4c41-8dd0-ed0139d9985f/datanode-5/data/ratis] (custom)
2019-10-02 05:59:28,943 [main] INFO  hdfs.DFSUtil (DFSUtil.java:httpServerTemplateForNNAndJN(1641)) - Starting Web-server for hddsDatanode at: http://0.0.0.0:0
2019-10-02 05:59:28,944 [main] INFO  server.AuthenticationFilter (AuthenticationFilter.java:constructSecretProvider(240)) - Unable to initialize FileSignerSecretProvider, falling back to use random secrets.
2019-10-02 05:59:28,944 [main] WARN  http.HttpRequestLog (HttpRequestLog.java:getRequestLog(97)) - Jetty request log can only be enabled using Log4j
2019-10-02 05:59:28,945 [main] INFO  http.HttpServer2 (HttpServer2.java:addGlobalFilter(975)) - Added global filter 'safety' (class=org.apache.hadoop.http.HttpServer2$QuotingInputFilter)
2019-10-02 05:59:28,946 [main] INFO  http.HttpServer2 (HttpServer2.java:addFilter(948)) - Added filter static_user_filter (class=org.apache.hadoop.http.lib.StaticUserWebFilter$StaticUserFilter) to context hddsDatanode
2019-10-02 05:59:28,946 [main] INFO  http.HttpServer2 (HttpServer2.java:addFilter(958)) - Added filter static_user_filter (class=org.apache.hadoop.http.lib.StaticUserWebFilter$StaticUserFilter) to context static
2019-10-02 05:59:28,946 [main] INFO  http.HttpServer2 (HttpServer2.java:addFilter(958)) - Added filter static_user_filter (class=org.apache.hadoop.http.lib.StaticUserWebFilter$StaticUserFilter) to context logs
2019-10-02 05:59:28,947 [main] INFO  http.HttpServer2 (HttpServer2.java:bindListener(1191)) - Jetty bound to port 35778
2019-10-02 05:59:28,947 [main] INFO  server.Server (Server.java:doStart(351)) - jetty-9.3.25.v20180904, build timestamp: 2018-09-04T21:11:46Z, git hash: 3ce520221d0240229c862b122d2b06c12a625732
2019-10-02 05:59:28,948 [main] INFO  handler.ContextHandler (ContextHandler.java:doStart(781)) - Started o.e.j.s.ServletContextHandler@261bd7b{/logs,file:///workdir/hadoop-ozone/integration-test/target/log,AVAILABLE}
2019-10-02 05:59:28,949 [main] INFO  handler.ContextHandler (ContextHandler.java:doStart(781)) - Started o.e.j.s.ServletContextHandler@390037e7{/static,jar:file:/home/user/.m2/repository/org/apache/hadoop/hadoop-hdds-container-service/0.5.0-SNAPSHOT/hadoop-hdds-container-service-0.5.0-SNAPSHOT.jar!/webapps/static,AVAILABLE}
2019-10-02 05:59:28,951 [Thread-1096] INFO  impl.FollowerState (FollowerState.java:run(108)) - 4dc07db9-938b-48ea-815e-ae23a535f1bb@group-A0F3659C1B16-FollowerState: change to CANDIDATE, lastRpcTime:5168ms, electionTimeout:5167ms
2019-10-02 05:59:28,951 [Thread-1096] INFO  impl.RoleInfo (RoleInfo.java:shutdownFollowerState(121)) - 4dc07db9-938b-48ea-815e-ae23a535f1bb: shutdown FollowerState
2019-10-02 05:59:28,951 [Thread-1096] INFO  impl.RaftServerImpl (RaftServerImpl.java:setRole(170)) - 4dc07db9-938b-48ea-815e-ae23a535f1bb@group-A0F3659C1B16: changes role from  FOLLOWER to CANDIDATE at term 2 for changeToCandidate
2019-10-02 05:59:28,952 [Thread-1096] INFO  impl.RoleInfo (RoleInfo.java:updateAndGet(143)) - 4dc07db9-938b-48ea-815e-ae23a535f1bb: start LeaderElection
2019-10-02 05:59:28,972 [Thread-1097] INFO  impl.FollowerState (FollowerState.java:run(108)) - 17973fa0-ca4b-4c8f-aca3-d8dca3028241@group-A0F3659C1B16-FollowerState: change to CANDIDATE, lastRpcTime:5188ms, electionTimeout:5188ms
2019-10-02 05:59:28,972 [Thread-1097] INFO  impl.RoleInfo (RoleInfo.java:shutdownFollowerState(121)) - 17973fa0-ca4b-4c8f-aca3-d8dca3028241: shutdown FollowerState
2019-10-02 05:59:28,972 [Thread-1097] INFO  impl.RaftServerImpl (RaftServerImpl.java:setRole(170)) - 17973fa0-ca4b-4c8f-aca3-d8dca3028241@group-A0F3659C1B16: changes role from  FOLLOWER to CANDIDATE at term 2 for changeToCandidate
2019-10-02 05:59:28,972 [Thread-1097] INFO  impl.RoleInfo (RoleInfo.java:updateAndGet(143)) - 17973fa0-ca4b-4c8f-aca3-d8dca3028241: start LeaderElection
2019-10-02 05:59:28,978 [main] INFO  handler.ContextHandler (ContextHandler.java:doStart(781)) - Started o.e.j.w.WebAppContext@422ab737{/,file:///tmp/jetty-0.0.0.0-35778-hddsDatanode-_-any-5550305624316985276.dir/webapp/,AVAILABLE}{/hddsDatanode}
2019-10-02 05:59:28,979 [main] INFO  server.AbstractConnector (AbstractConnector.java:doStart(278)) - Started ServerConnector@3fe512d2{HTTP/1.1,[http/1.1]}{0.0.0.0:35778}
2019-10-02 05:59:28,981 [main] INFO  server.Server (Server.java:doStart(419)) - Started @104845ms
2019-10-02 05:59:28,981 [main] WARN  impl.MetricsSystemImpl (MetricsSystemImpl.java:register(276)) - Sink prometheus already exists!
2019-10-02 05:59:28,982 [main] INFO  server.BaseHttpServer (BaseHttpServer.java:updateConnectorAddress(215)) - HTTP server of HDDSDATANODE is listening at http://0.0.0.0:35778
2019-10-02 05:59:28,982 [main] INFO  impl.MetricsSystemImpl (MetricsSystemImpl.java:init(158)) - HddsDatanode metrics system started (again)
2019-10-02 05:59:29,003 [org.apache.hadoop.util.JvmPauseMonitor$Monitor@4de28cbc] INFO  util.JvmPauseMonitor (JvmPauseMonitor.java:run(188)) - Starting JVM pause monitor
2019-10-02 05:59:29,005 [Datanode State Machine Thread - 0] INFO  datanode.InitDatanodeState (InitDatanodeState.java:persistContainerDatanodeDetails(140)) - DatanodeDetails is persisted to /workdir/hadoop-ozone/integration-test/target/test-dir/MiniOzoneClusterImpl-6d54b700-d8a9-4c41-8dd0-ed0139d9985f/datanode-5/meta/datanode.id
2019-10-02 05:59:29,005 [main] INFO  ozone.HddsDatanodeService (HddsDatanodeService.java:start(184)) - HddsDatanodeService host:trunk-nightly-20191002-p7fms-2058464235 ip:192.168.164.241
2019-10-02 05:59:29,013 [main] INFO  volume.HddsVolume (HddsVolume.java:<init>(176)) - Creating Volume: /workdir/hadoop-ozone/integration-test/target/test-dir/MiniOzoneClusterImpl-6d54b700-d8a9-4c41-8dd0-ed0139d9985f/datanode-6/data/containers/hdds of  storage type : DISK and capacity : 1482555576320
2019-10-02 05:59:29,013 [main] INFO  volume.VolumeSet (VolumeSet.java:initializeVolumeSet(170)) - Added Volume : /workdir/hadoop-ozone/integration-test/target/test-dir/MiniOzoneClusterImpl-6d54b700-d8a9-4c41-8dd0-ed0139d9985f/datanode-6/data/containers/hdds to VolumeSet
2019-10-02 05:59:29,014 [main] INFO  volume.ThrottledAsyncChecker (ThrottledAsyncChecker.java:schedule(139)) - Scheduling a check for org.apache.hadoop.ozone.container.common.volume.HddsVolume@3946075
2019-10-02 05:59:29,014 [main] INFO  volume.HddsVolumeChecker (HddsVolumeChecker.java:checkAllVolumes(202)) - Scheduled health check for volume org.apache.hadoop.ozone.container.common.volume.HddsVolume@3946075
2019-10-02 05:59:29,027 [main] INFO  impl.RaftServerProxy (ConfUtils.java:logGet(43)) - raft.rpc.type = GRPC (default)
2019-10-02 05:59:29,027 [main] INFO  grpc.GrpcFactory (GrpcFactory.java:checkPooledByteBufAllocatorUseCacheForAllThreads(45)) - PERFORMANCE WARNING: useCacheForAllThreads is true that may cause Netty to create a lot garbage objects and, as a result, trigger GC.
	It is recommended to disable useCacheForAllThreads by setting -Dorg.apache.ratis.thirdparty.io.netty.allocator.useCacheForAllThreads=false in command line.
2019-10-02 05:59:29,027 [main] INFO  grpc.GrpcConfigKeys$Server (ConfUtils.java:logGet(43)) - raft.grpc.server.port = 0 (default)
2019-10-02 05:59:29,027 [main] INFO  server.GrpcService (ConfUtils.java:logGet(43)) - raft.grpc.message.size.max = 33570816 (custom)
2019-10-02 05:59:29,028 [main] INFO  server.RaftServerConfigKeys (ConfUtils.java:logGet(43)) - raft.server.log.appender.buffer.byte-limit = 33554432 (custom)
2019-10-02 05:59:29,028 [main] INFO  server.GrpcService (ConfUtils.java:logGet(43)) - raft.grpc.flow.control.window = 1MB (=1048576) (default)
2019-10-02 05:59:29,028 [main] INFO  server.RaftServerConfigKeys (ConfUtils.java:logGet(43)) - raft.server.rpc.request.timeout = 3000ms (default)
2019-10-02 05:59:29,028 [main] INFO  server.RaftServerConfigKeys (ConfUtils.java:logGet(43)) - raft.server.storage.dir = [/workdir/hadoop-ozone/integration-test/target/test-dir/MiniOzoneClusterImpl-6d54b700-d8a9-4c41-8dd0-ed0139d9985f/datanode-6/data/ratis] (custom)
2019-10-02 05:59:29,029 [main] INFO  hdfs.DFSUtil (DFSUtil.java:httpServerTemplateForNNAndJN(1641)) - Starting Web-server for hddsDatanode at: http://0.0.0.0:0
2019-10-02 05:59:29,030 [main] INFO  server.AuthenticationFilter (AuthenticationFilter.java:constructSecretProvider(240)) - Unable to initialize FileSignerSecretProvider, falling back to use random secrets.
2019-10-02 05:59:29,031 [main] WARN  http.HttpRequestLog (HttpRequestLog.java:getRequestLog(97)) - Jetty request log can only be enabled using Log4j
2019-10-02 05:59:29,032 [main] INFO  http.HttpServer2 (HttpServer2.java:addGlobalFilter(975)) - Added global filter 'safety' (class=org.apache.hadoop.http.HttpServer2$QuotingInputFilter)
2019-10-02 05:59:29,032 [main] INFO  http.HttpServer2 (HttpServer2.java:addFilter(948)) - Added filter static_user_filter (class=org.apache.hadoop.http.lib.StaticUserWebFilter$StaticUserFilter) to context hddsDatanode
2019-10-02 05:59:29,033 [main] INFO  http.HttpServer2 (HttpServer2.java:addFilter(958)) - Added filter static_user_filter (class=org.apache.hadoop.http.lib.StaticUserWebFilter$StaticUserFilter) to context logs
2019-10-02 05:59:29,033 [main] INFO  http.HttpServer2 (HttpServer2.java:addFilter(958)) - Added filter static_user_filter (class=org.apache.hadoop.http.lib.StaticUserWebFilter$StaticUserFilter) to context static
2019-10-02 05:59:29,033 [main] INFO  http.HttpServer2 (HttpServer2.java:bindListener(1191)) - Jetty bound to port 38841
2019-10-02 05:59:29,033 [main] INFO  server.Server (Server.java:doStart(351)) - jetty-9.3.25.v20180904, build timestamp: 2018-09-04T21:11:46Z, git hash: 3ce520221d0240229c862b122d2b06c12a625732
2019-10-02 05:59:29,035 [main] INFO  handler.ContextHandler (ContextHandler.java:doStart(781)) - Started o.e.j.s.ServletContextHandler@68ef01a5{/logs,file:///workdir/hadoop-ozone/integration-test/target/log,AVAILABLE}
2019-10-02 05:59:29,035 [main] INFO  handler.ContextHandler (ContextHandler.java:doStart(781)) - Started o.e.j.s.ServletContextHandler@186d8a71{/static,jar:file:/home/user/.m2/repository/org/apache/hadoop/hadoop-hdds-container-service/0.5.0-SNAPSHOT/hadoop-hdds-container-service-0.5.0-SNAPSHOT.jar!/webapps/static,AVAILABLE}
2019-10-02 05:59:29,060 [main] INFO  handler.ContextHandler (ContextHandler.java:doStart(781)) - Started o.e.j.w.WebAppContext@64763e49{/,file:///tmp/jetty-0.0.0.0-38841-hddsDatanode-_-any-3364070057376540579.dir/webapp/,AVAILABLE}{/hddsDatanode}
2019-10-02 05:59:29,061 [main] INFO  server.AbstractConnector (AbstractConnector.java:doStart(278)) - Started ServerConnector@23468512{HTTP/1.1,[http/1.1]}{0.0.0.0:38841}
2019-10-02 05:59:29,063 [main] INFO  server.Server (Server.java:doStart(419)) - Started @104927ms
2019-10-02 05:59:29,064 [main] WARN  impl.MetricsSystemImpl (MetricsSystemImpl.java:register(276)) - Sink prometheus already exists!
2019-10-02 05:59:29,064 [main] INFO  server.BaseHttpServer (BaseHttpServer.java:updateConnectorAddress(215)) - HTTP server of HDDSDATANODE is listening at http://0.0.0.0:38841
2019-10-02 05:59:29,065 [main] INFO  ozone.MiniOzoneClusterImpl (MiniOzoneClusterImpl.java:lambda$waitForClusterToBeReady$0(147)) - Waiting for cluster to be ready. Got 0 of 7 DN Heartbeats.
2019-10-02 05:59:29,066 [org.apache.hadoop.util.JvmPauseMonitor$Monitor@60a9184d] INFO  util.JvmPauseMonitor (JvmPauseMonitor.java:run(188)) - Starting JVM pause monitor
2019-10-02 05:59:29,067 [Datanode State Machine Thread - 0] INFO  datanode.InitDatanodeState (InitDatanodeState.java:persistContainerDatanodeDetails(140)) - DatanodeDetails is persisted to /workdir/hadoop-ozone/integration-test/target/test-dir/MiniOzoneClusterImpl-6d54b700-d8a9-4c41-8dd0-ed0139d9985f/datanode-6/meta/datanode.id
2019-10-02 05:59:29,269 [1a104173-8766-4821-8d3b-b5b33cc05046@group-91BCE5B55630-LeaderElection35] INFO  impl.LeaderElection (LeaderElection.java:askForVotes(178)) - 1a104173-8766-4821-8d3b-b5b33cc05046@group-91BCE5B55630-LeaderElection35: begin an election at term 3 for -1: [1a104173-8766-4821-8d3b-b5b33cc05046:192.168.164.241:42807, 98deb3f5-0e5e-4c88-9e80-87735dc2d52d:192.168.164.241:36654, 48606941-d0e7-458c-8671-720c89e9f6da:192.168.164.241:35807], old=null
2019-10-02 05:59:29,269 [665fa38a-9537-47ed-bb4f-28280fb495a6@group-A0F3659C1B16-LeaderElection34] INFO  impl.LeaderElection (LeaderElection.java:askForVotes(178)) - 665fa38a-9537-47ed-bb4f-28280fb495a6@group-A0F3659C1B16-LeaderElection34: begin an election at term 3 for -1: [17973fa0-ca4b-4c8f-aca3-d8dca3028241:192.168.164.241:33566, 4dc07db9-938b-48ea-815e-ae23a535f1bb:192.168.164.241:44125, 665fa38a-9537-47ed-bb4f-28280fb495a6:192.168.164.241:42397], old=null
2019-10-02 05:59:29,269 [4dc07db9-938b-48ea-815e-ae23a535f1bb@group-A0F3659C1B16-LeaderElection37] INFO  impl.LeaderElection (LeaderElection.java:askForVotes(178)) - 4dc07db9-938b-48ea-815e-ae23a535f1bb@group-A0F3659C1B16-LeaderElection37: begin an election at term 3 for -1: [17973fa0-ca4b-4c8f-aca3-d8dca3028241:192.168.164.241:33566, 4dc07db9-938b-48ea-815e-ae23a535f1bb:192.168.164.241:44125, 665fa38a-9537-47ed-bb4f-28280fb495a6:192.168.164.241:42397], old=null
2019-10-02 05:59:29,269 [98deb3f5-0e5e-4c88-9e80-87735dc2d52d@group-91BCE5B55630-LeaderElection36] INFO  impl.LeaderElection (LeaderElection.java:askForVotes(178)) - 98deb3f5-0e5e-4c88-9e80-87735dc2d52d@group-91BCE5B55630-LeaderElection36: begin an election at term 3 for -1: [1a104173-8766-4821-8d3b-b5b33cc05046:192.168.164.241:42807, 98deb3f5-0e5e-4c88-9e80-87735dc2d52d:192.168.164.241:36654, 48606941-d0e7-458c-8671-720c89e9f6da:192.168.164.241:35807], old=null
2019-10-02 05:59:29,269 [48606941-d0e7-458c-8671-720c89e9f6da@group-91BCE5B55630-LeaderElection33] INFO  impl.LeaderElection (LeaderElection.java:askForVotes(178)) - 48606941-d0e7-458c-8671-720c89e9f6da@group-91BCE5B55630-LeaderElection33: begin an election at term 3 for -1: [1a104173-8766-4821-8d3b-b5b33cc05046:192.168.164.241:42807, 98deb3f5-0e5e-4c88-9e80-87735dc2d52d:192.168.164.241:36654, 48606941-d0e7-458c-8671-720c89e9f6da:192.168.164.241:35807], old=null
2019-10-02 05:59:29,269 [17973fa0-ca4b-4c8f-aca3-d8dca3028241@group-A0F3659C1B16-LeaderElection38] INFO  impl.LeaderElection (LeaderElection.java:askForVotes(178)) - 17973fa0-ca4b-4c8f-aca3-d8dca3028241@group-A0F3659C1B16-LeaderElection38: begin an election at term 3 for -1: [17973fa0-ca4b-4c8f-aca3-d8dca3028241:192.168.164.241:33566, 4dc07db9-938b-48ea-815e-ae23a535f1bb:192.168.164.241:44125, 665fa38a-9537-47ed-bb4f-28280fb495a6:192.168.164.241:42397], old=null
2019-10-02 05:59:29,275 [665fa38a-9537-47ed-bb4f-28280fb495a6@group-A0F3659C1B16-LeaderElection34] INFO  impl.LeaderElection (LeaderElection.java:logAndReturn(56)) - 665fa38a-9537-47ed-bb4f-28280fb495a6@group-A0F3659C1B16-LeaderElection34: Election REJECTED; received 2 response(s) [665fa38a-9537-47ed-bb4f-28280fb495a6<-17973fa0-ca4b-4c8f-aca3-d8dca3028241#0:FAIL-t3, 665fa38a-9537-47ed-bb4f-28280fb495a6<-4dc07db9-938b-48ea-815e-ae23a535f1bb#0:FAIL-t3] and 0 exception(s); 665fa38a-9537-47ed-bb4f-28280fb495a6@group-A0F3659C1B16:t3, leader=null, voted=665fa38a-9537-47ed-bb4f-28280fb495a6, raftlog=665fa38a-9537-47ed-bb4f-28280fb495a6@group-A0F3659C1B16-SegmentedRaftLog:OPENED:c-1,f-1,i0, conf=-1: [17973fa0-ca4b-4c8f-aca3-d8dca3028241:192.168.164.241:33566, 4dc07db9-938b-48ea-815e-ae23a535f1bb:192.168.164.241:44125, 665fa38a-9537-47ed-bb4f-28280fb495a6:192.168.164.241:42397], old=null
2019-10-02 05:59:29,275 [665fa38a-9537-47ed-bb4f-28280fb495a6@group-A0F3659C1B16-LeaderElection34] INFO  impl.RaftServerImpl (RaftServerImpl.java:setRole(170)) - 665fa38a-9537-47ed-bb4f-28280fb495a6@group-A0F3659C1B16: changes role from CANDIDATE to FOLLOWER at term 3 for DISCOVERED_A_NEW_TERM
2019-10-02 05:59:29,275 [665fa38a-9537-47ed-bb4f-28280fb495a6@group-A0F3659C1B16-LeaderElection34] INFO  impl.RoleInfo (RoleInfo.java:shutdownLeaderElection(134)) - 665fa38a-9537-47ed-bb4f-28280fb495a6: shutdown LeaderElection
2019-10-02 05:59:29,275 [665fa38a-9537-47ed-bb4f-28280fb495a6@group-A0F3659C1B16-LeaderElection34] INFO  impl.RoleInfo (RoleInfo.java:updateAndGet(143)) - 665fa38a-9537-47ed-bb4f-28280fb495a6: start FollowerState
2019-10-02 05:59:29,275 [4dc07db9-938b-48ea-815e-ae23a535f1bb@group-A0F3659C1B16-LeaderElection37] INFO  impl.LeaderElection (LeaderElection.java:logAndReturn(56)) - 4dc07db9-938b-48ea-815e-ae23a535f1bb@group-A0F3659C1B16-LeaderElection37: Election REJECTED; received 2 response(s) [4dc07db9-938b-48ea-815e-ae23a535f1bb<-17973fa0-ca4b-4c8f-aca3-d8dca3028241#0:FAIL-t3, 4dc07db9-938b-48ea-815e-ae23a535f1bb<-665fa38a-9537-47ed-bb4f-28280fb495a6#0:FAIL-t3] and 0 exception(s); 4dc07db9-938b-48ea-815e-ae23a535f1bb@group-A0F3659C1B16:t3, leader=null, voted=4dc07db9-938b-48ea-815e-ae23a535f1bb, raftlog=4dc07db9-938b-48ea-815e-ae23a535f1bb@group-A0F3659C1B16-SegmentedRaftLog:OPENED:c-1,f-1,i0, conf=-1: [17973fa0-ca4b-4c8f-aca3-d8dca3028241:192.168.164.241:33566, 4dc07db9-938b-48ea-815e-ae23a535f1bb:192.168.164.241:44125, 665fa38a-9537-47ed-bb4f-28280fb495a6:192.168.164.241:42397], old=null
2019-10-02 05:59:29,279 [4dc07db9-938b-48ea-815e-ae23a535f1bb@group-A0F3659C1B16-LeaderElection37] INFO  impl.RaftServerImpl (RaftServerImpl.java:setRole(170)) - 4dc07db9-938b-48ea-815e-ae23a535f1bb@group-A0F3659C1B16: changes role from CANDIDATE to FOLLOWER at term 3 for DISCOVERED_A_NEW_TERM
2019-10-02 05:59:29,279 [4dc07db9-938b-48ea-815e-ae23a535f1bb@group-A0F3659C1B16-LeaderElection37] INFO  impl.RoleInfo (RoleInfo.java:shutdownLeaderElection(134)) - 4dc07db9-938b-48ea-815e-ae23a535f1bb: shutdown LeaderElection
2019-10-02 05:59:29,279 [4dc07db9-938b-48ea-815e-ae23a535f1bb@group-A0F3659C1B16-LeaderElection37] INFO  impl.RoleInfo (RoleInfo.java:updateAndGet(143)) - 4dc07db9-938b-48ea-815e-ae23a535f1bb: start FollowerState
2019-10-02 05:59:29,280 [17973fa0-ca4b-4c8f-aca3-d8dca3028241@group-A0F3659C1B16-LeaderElection38] INFO  impl.LeaderElection (LeaderElection.java:logAndReturn(56)) - 17973fa0-ca4b-4c8f-aca3-d8dca3028241@group-A0F3659C1B16-LeaderElection38: Election REJECTED; received 2 response(s) [17973fa0-ca4b-4c8f-aca3-d8dca3028241<-4dc07db9-938b-48ea-815e-ae23a535f1bb#0:FAIL-t3, 17973fa0-ca4b-4c8f-aca3-d8dca3028241<-665fa38a-9537-47ed-bb4f-28280fb495a6#0:FAIL-t3] and 0 exception(s); 17973fa0-ca4b-4c8f-aca3-d8dca3028241@group-A0F3659C1B16:t3, leader=null, voted=17973fa0-ca4b-4c8f-aca3-d8dca3028241, raftlog=17973fa0-ca4b-4c8f-aca3-d8dca3028241@group-A0F3659C1B16-SegmentedRaftLog:OPENED:c-1,f-1,i0, conf=-1: [17973fa0-ca4b-4c8f-aca3-d8dca3028241:192.168.164.241:33566, 4dc07db9-938b-48ea-815e-ae23a535f1bb:192.168.164.241:44125, 665fa38a-9537-47ed-bb4f-28280fb495a6:192.168.164.241:42397], old=null
2019-10-02 05:59:29,282 [1a104173-8766-4821-8d3b-b5b33cc05046@group-91BCE5B55630-LeaderElection35] INFO  impl.LeaderElection (LeaderElection.java:logAndReturn(56)) - 1a104173-8766-4821-8d3b-b5b33cc05046@group-91BCE5B55630-LeaderElection35: Election REJECTED; received 2 response(s) [1a104173-8766-4821-8d3b-b5b33cc05046<-98deb3f5-0e5e-4c88-9e80-87735dc2d52d#0:FAIL-t3, 1a104173-8766-4821-8d3b-b5b33cc05046<-48606941-d0e7-458c-8671-720c89e9f6da#0:FAIL-t3] and 0 exception(s); 1a104173-8766-4821-8d3b-b5b33cc05046@group-91BCE5B55630:t3, leader=null, voted=1a104173-8766-4821-8d3b-b5b33cc05046, raftlog=1a104173-8766-4821-8d3b-b5b33cc05046@group-91BCE5B55630-SegmentedRaftLog:OPENED:c-1,f-1,i0, conf=-1: [1a104173-8766-4821-8d3b-b5b33cc05046:192.168.164.241:42807, 98deb3f5-0e5e-4c88-9e80-87735dc2d52d:192.168.164.241:36654, 48606941-d0e7-458c-8671-720c89e9f6da:192.168.164.241:35807], old=null
2019-10-02 05:59:29,282 [17973fa0-ca4b-4c8f-aca3-d8dca3028241@group-A0F3659C1B16-LeaderElection38] INFO  impl.RaftServerImpl (RaftServerImpl.java:setRole(170)) - 17973fa0-ca4b-4c8f-aca3-d8dca3028241@group-A0F3659C1B16: changes role from CANDIDATE to FOLLOWER at term 3 for DISCOVERED_A_NEW_TERM
2019-10-02 05:59:29,284 [17973fa0-ca4b-4c8f-aca3-d8dca3028241@group-A0F3659C1B16-LeaderElection38] INFO  impl.RoleInfo (RoleInfo.java:shutdownLeaderElection(134)) - 17973fa0-ca4b-4c8f-aca3-d8dca3028241: shutdown LeaderElection
2019-10-02 05:59:29,284 [1a104173-8766-4821-8d3b-b5b33cc05046@group-91BCE5B55630-LeaderElection35] INFO  impl.RaftServerImpl (RaftServerImpl.java:setRole(170)) - 1a104173-8766-4821-8d3b-b5b33cc05046@group-91BCE5B55630: changes role from CANDIDATE to FOLLOWER at term 3 for DISCOVERED_A_NEW_TERM
2019-10-02 05:59:29,284 [17973fa0-ca4b-4c8f-aca3-d8dca3028241@group-A0F3659C1B16-LeaderElection38] INFO  impl.RoleInfo (RoleInfo.java:updateAndGet(143)) - 17973fa0-ca4b-4c8f-aca3-d8dca3028241: start FollowerState
2019-10-02 05:59:29,286 [1a104173-8766-4821-8d3b-b5b33cc05046@group-91BCE5B55630-LeaderElection35] INFO  impl.RoleInfo (RoleInfo.java:shutdownLeaderElection(134)) - 1a104173-8766-4821-8d3b-b5b33cc05046: shutdown LeaderElection
2019-10-02 05:59:29,286 [1a104173-8766-4821-8d3b-b5b33cc05046@group-91BCE5B55630-LeaderElection35] INFO  impl.RoleInfo (RoleInfo.java:updateAndGet(143)) - 1a104173-8766-4821-8d3b-b5b33cc05046: start FollowerState
2019-10-02 05:59:29,286 [98deb3f5-0e5e-4c88-9e80-87735dc2d52d@group-91BCE5B55630-LeaderElection36] INFO  impl.LeaderElection (LeaderElection.java:logAndReturn(56)) - 98deb3f5-0e5e-4c88-9e80-87735dc2d52d@group-91BCE5B55630-LeaderElection36: Election REJECTED; received 2 response(s) [98deb3f5-0e5e-4c88-9e80-87735dc2d52d<-1a104173-8766-4821-8d3b-b5b33cc05046#0:FAIL-t3, 98deb3f5-0e5e-4c88-9e80-87735dc2d52d<-48606941-d0e7-458c-8671-720c89e9f6da#0:FAIL-t3] and 0 exception(s); 98deb3f5-0e5e-4c88-9e80-87735dc2d52d@group-91BCE5B55630:t3, leader=null, voted=98deb3f5-0e5e-4c88-9e80-87735dc2d52d, raftlog=98deb3f5-0e5e-4c88-9e80-87735dc2d52d@group-91BCE5B55630-SegmentedRaftLog:OPENED:c-1,f-1,i0, conf=-1: [1a104173-8766-4821-8d3b-b5b33cc05046:192.168.164.241:42807, 98deb3f5-0e5e-4c88-9e80-87735dc2d52d:192.168.164.241:36654, 48606941-d0e7-458c-8671-720c89e9f6da:192.168.164.241:35807], old=null
2019-10-02 05:59:29,287 [98deb3f5-0e5e-4c88-9e80-87735dc2d52d@group-91BCE5B55630-LeaderElection36] INFO  impl.RaftServerImpl (RaftServerImpl.java:setRole(170)) - 98deb3f5-0e5e-4c88-9e80-87735dc2d52d@group-91BCE5B55630: changes role from CANDIDATE to FOLLOWER at term 3 for DISCOVERED_A_NEW_TERM
2019-10-02 05:59:29,287 [98deb3f5-0e5e-4c88-9e80-87735dc2d52d@group-91BCE5B55630-LeaderElection36] INFO  impl.RoleInfo (RoleInfo.java:shutdownLeaderElection(134)) - 98deb3f5-0e5e-4c88-9e80-87735dc2d52d: shutdown LeaderElection
2019-10-02 05:59:29,287 [98deb3f5-0e5e-4c88-9e80-87735dc2d52d@group-91BCE5B55630-LeaderElection36] INFO  impl.RoleInfo (RoleInfo.java:updateAndGet(143)) - 98deb3f5-0e5e-4c88-9e80-87735dc2d52d: start FollowerState
2019-10-02 05:59:29,287 [48606941-d0e7-458c-8671-720c89e9f6da@group-91BCE5B55630-LeaderElection33] INFO  impl.LeaderElection (LeaderElection.java:logAndReturn(56)) - 48606941-d0e7-458c-8671-720c89e9f6da@group-91BCE5B55630-LeaderElection33: Election REJECTED; received 2 response(s) [48606941-d0e7-458c-8671-720c89e9f6da<-1a104173-8766-4821-8d3b-b5b33cc05046#0:FAIL-t3, 48606941-d0e7-458c-8671-720c89e9f6da<-98deb3f5-0e5e-4c88-9e80-87735dc2d52d#0:FAIL-t3] and 0 exception(s); 48606941-d0e7-458c-8671-720c89e9f6da@group-91BCE5B55630:t3, leader=null, voted=48606941-d0e7-458c-8671-720c89e9f6da, raftlog=48606941-d0e7-458c-8671-720c89e9f6da@group-91BCE5B55630-SegmentedRaftLog:OPENED:c-1,f-1,i0, conf=-1: [1a104173-8766-4821-8d3b-b5b33cc05046:192.168.164.241:42807, 98deb3f5-0e5e-4c88-9e80-87735dc2d52d:192.168.164.241:36654, 48606941-d0e7-458c-8671-720c89e9f6da:192.168.164.241:35807], old=null
2019-10-02 05:59:29,289 [48606941-d0e7-458c-8671-720c89e9f6da@group-91BCE5B55630-LeaderElection33] INFO  impl.RaftServerImpl (RaftServerImpl.java:setRole(170)) - 48606941-d0e7-458c-8671-720c89e9f6da@group-91BCE5B55630: changes role from CANDIDATE to FOLLOWER at term 3 for DISCOVERED_A_NEW_TERM
2019-10-02 05:59:29,289 [48606941-d0e7-458c-8671-720c89e9f6da@group-91BCE5B55630-LeaderElection33] INFO  impl.RoleInfo (RoleInfo.java:shutdownLeaderElection(134)) - 48606941-d0e7-458c-8671-720c89e9f6da: shutdown LeaderElection
2019-10-02 05:59:29,289 [48606941-d0e7-458c-8671-720c89e9f6da@group-91BCE5B55630-LeaderElection33] INFO  impl.RoleInfo (RoleInfo.java:updateAndGet(143)) - 48606941-d0e7-458c-8671-720c89e9f6da: start FollowerState
2019-10-02 05:59:30,065 [main] INFO  ozone.MiniOzoneClusterImpl (MiniOzoneClusterImpl.java:lambda$waitForClusterToBeReady$0(147)) - Waiting for cluster to be ready. Got 0 of 7 DN Heartbeats.
2019-10-02 05:59:30,584 [Datanode State Machine Thread - 0] INFO  ozoneimpl.OzoneContainer (OzoneContainer.java:start(217)) - Attempting to start container services.
2019-10-02 05:59:30,585 [Datanode State Machine Thread - 0] INFO  ozoneimpl.OzoneContainer (OzoneContainer.java:startContainerScrub(179)) - Background container scanner has been disabled.
2019-10-02 05:59:30,585 [Datanode State Machine Thread - 0] INFO  ratis.XceiverServerRatis (XceiverServerRatis.java:start(417)) - Starting XceiverServerRatis 02183d65-95ec-4dfc-9f0a-d3560127e420 at port 0
2019-10-02 05:59:30,593 [Datanode State Machine Thread - 0] INFO  impl.RaftServerProxy (RaftServerProxy.java:lambda$start$3(299)) - 02183d65-95ec-4dfc-9f0a-d3560127e420: start RPC server
2019-10-02 05:59:30,594 [Datanode State Machine Thread - 0] INFO  server.GrpcService (GrpcService.java:startImpl(158)) - 02183d65-95ec-4dfc-9f0a-d3560127e420: GrpcService started, listening on 0.0.0.0/0.0.0.0:35863
2019-10-02 05:59:30,594 [Datanode State Machine Thread - 0] INFO  ratis.XceiverServerRatis (XceiverServerRatis.java:start(427)) - XceiverServerRatis 02183d65-95ec-4dfc-9f0a-d3560127e420 is started using port 35863
2019-10-02 05:59:30,597 [Datanode State Machine Thread - 0] INFO  server.XceiverServerGrpc (XceiverServerGrpc.java:start(149)) - XceiverServerGrpc 02183d65-95ec-4dfc-9f0a-d3560127e420 is started using port 39135
2019-10-02 05:59:30,656 [Datanode State Machine Thread - 0] INFO  ozoneimpl.OzoneContainer (OzoneContainer.java:start(217)) - Attempting to start container services.
2019-10-02 05:59:30,657 [Datanode State Machine Thread - 0] INFO  ozoneimpl.OzoneContainer (OzoneContainer.java:startContainerScrub(179)) - Background container scanner has been disabled.
2019-10-02 05:59:30,657 [Datanode State Machine Thread - 0] INFO  ratis.XceiverServerRatis (XceiverServerRatis.java:start(417)) - Starting XceiverServerRatis 7c17948c-1cd0-4417-ab99-6c36b2a081be at port 0
2019-10-02 05:59:30,663 [Datanode State Machine Thread - 0] INFO  impl.RaftServerProxy (RaftServerProxy.java:lambda$start$3(299)) - 7c17948c-1cd0-4417-ab99-6c36b2a081be: start RPC server
2019-10-02 05:59:30,663 [Datanode State Machine Thread - 0] INFO  server.GrpcService (GrpcService.java:startImpl(158)) - 7c17948c-1cd0-4417-ab99-6c36b2a081be: GrpcService started, listening on 0.0.0.0/0.0.0.0:42293
2019-10-02 05:59:30,663 [Datanode State Machine Thread - 0] INFO  ratis.XceiverServerRatis (XceiverServerRatis.java:start(427)) - XceiverServerRatis 7c17948c-1cd0-4417-ab99-6c36b2a081be is started using port 42293
2019-10-02 05:59:30,664 [Datanode State Machine Thread - 0] INFO  server.XceiverServerGrpc (XceiverServerGrpc.java:start(149)) - XceiverServerGrpc 7c17948c-1cd0-4417-ab99-6c36b2a081be is started using port 40563
2019-10-02 05:59:30,734 [Datanode State Machine Thread - 0] INFO  ozoneimpl.OzoneContainer (OzoneContainer.java:start(217)) - Attempting to start container services.
2019-10-02 05:59:30,734 [Datanode State Machine Thread - 0] INFO  ozoneimpl.OzoneContainer (OzoneContainer.java:startContainerScrub(179)) - Background container scanner has been disabled.
2019-10-02 05:59:30,735 [Datanode State Machine Thread - 0] INFO  ratis.XceiverServerRatis (XceiverServerRatis.java:start(417)) - Starting XceiverServerRatis dad25ee9-8ea5-4f1c-9f33-3809fe7bf507 at port 0
2019-10-02 05:59:30,741 [Datanode State Machine Thread - 0] INFO  impl.RaftServerProxy (RaftServerProxy.java:lambda$start$3(299)) - dad25ee9-8ea5-4f1c-9f33-3809fe7bf507: start RPC server
2019-10-02 05:59:30,742 [Datanode State Machine Thread - 0] INFO  server.GrpcService (GrpcService.java:startImpl(158)) - dad25ee9-8ea5-4f1c-9f33-3809fe7bf507: GrpcService started, listening on 0.0.0.0/0.0.0.0:39128
2019-10-02 05:59:30,742 [Datanode State Machine Thread - 0] INFO  ratis.XceiverServerRatis (XceiverServerRatis.java:start(427)) - XceiverServerRatis dad25ee9-8ea5-4f1c-9f33-3809fe7bf507 is started using port 39128
2019-10-02 05:59:30,742 [Datanode State Machine Thread - 0] INFO  server.XceiverServerGrpc (XceiverServerGrpc.java:start(149)) - XceiverServerGrpc dad25ee9-8ea5-4f1c-9f33-3809fe7bf507 is started using port 42396
2019-10-02 05:59:30,828 [Datanode State Machine Thread - 0] INFO  ozoneimpl.OzoneContainer (OzoneContainer.java:start(217)) - Attempting to start container services.
2019-10-02 05:59:30,828 [Datanode State Machine Thread - 0] INFO  ozoneimpl.OzoneContainer (OzoneContainer.java:startContainerScrub(179)) - Background container scanner has been disabled.
2019-10-02 05:59:30,828 [Datanode State Machine Thread - 0] INFO  ratis.XceiverServerRatis (XceiverServerRatis.java:start(417)) - Starting XceiverServerRatis a4e4bb75-b37e-4058-bf3c-4811fa34078a at port 0
2019-10-02 05:59:30,835 [Datanode State Machine Thread - 0] INFO  impl.RaftServerProxy (RaftServerProxy.java:lambda$start$3(299)) - a4e4bb75-b37e-4058-bf3c-4811fa34078a: start RPC server
2019-10-02 05:59:30,838 [Datanode State Machine Thread - 0] INFO  server.GrpcService (GrpcService.java:startImpl(158)) - a4e4bb75-b37e-4058-bf3c-4811fa34078a: GrpcService started, listening on 0.0.0.0/0.0.0.0:44547
2019-10-02 05:59:30,838 [Datanode State Machine Thread - 0] INFO  ratis.XceiverServerRatis (XceiverServerRatis.java:start(427)) - XceiverServerRatis a4e4bb75-b37e-4058-bf3c-4811fa34078a is started using port 44547
2019-10-02 05:59:30,839 [Datanode State Machine Thread - 0] INFO  server.XceiverServerGrpc (XceiverServerGrpc.java:start(149)) - XceiverServerGrpc a4e4bb75-b37e-4058-bf3c-4811fa34078a is started using port 44512
2019-10-02 05:59:30,934 [Datanode State Machine Thread - 0] INFO  ozoneimpl.OzoneContainer (OzoneContainer.java:start(217)) - Attempting to start container services.
2019-10-02 05:59:30,934 [Datanode State Machine Thread - 0] INFO  ozoneimpl.OzoneContainer (OzoneContainer.java:startContainerScrub(179)) - Background container scanner has been disabled.
2019-10-02 05:59:30,934 [Datanode State Machine Thread - 0] INFO  ratis.XceiverServerRatis (XceiverServerRatis.java:start(417)) - Starting XceiverServerRatis 171d1809-9781-4cd7-8ce4-b2a50abad472 at port 0
2019-10-02 05:59:30,941 [Datanode State Machine Thread - 0] INFO  impl.RaftServerProxy (RaftServerProxy.java:lambda$start$3(299)) - 171d1809-9781-4cd7-8ce4-b2a50abad472: start RPC server
2019-10-02 05:59:30,942 [Datanode State Machine Thread - 0] INFO  server.GrpcService (GrpcService.java:startImpl(158)) - 171d1809-9781-4cd7-8ce4-b2a50abad472: GrpcService started, listening on 0.0.0.0/0.0.0.0:35505
2019-10-02 05:59:30,942 [Datanode State Machine Thread - 0] INFO  ratis.XceiverServerRatis (XceiverServerRatis.java:start(427)) - XceiverServerRatis 171d1809-9781-4cd7-8ce4-b2a50abad472 is started using port 35505
2019-10-02 05:59:30,943 [Datanode State Machine Thread - 0] INFO  server.XceiverServerGrpc (XceiverServerGrpc.java:start(149)) - XceiverServerGrpc 171d1809-9781-4cd7-8ce4-b2a50abad472 is started using port 35747
2019-10-02 05:59:31,016 [Datanode State Machine Thread - 0] INFO  ozoneimpl.OzoneContainer (OzoneContainer.java:start(217)) - Attempting to start container services.
2019-10-02 05:59:31,017 [Datanode State Machine Thread - 0] INFO  ozoneimpl.OzoneContainer (OzoneContainer.java:startContainerScrub(179)) - Background container scanner has been disabled.
2019-10-02 05:59:31,017 [Datanode State Machine Thread - 0] INFO  ratis.XceiverServerRatis (XceiverServerRatis.java:start(417)) - Starting XceiverServerRatis 9691bb96-fe0f-42bf-9b38-42602fd905c5 at port 0
2019-10-02 05:59:31,023 [Datanode State Machine Thread - 0] INFO  impl.RaftServerProxy (RaftServerProxy.java:lambda$start$3(299)) - 9691bb96-fe0f-42bf-9b38-42602fd905c5: start RPC server
2019-10-02 05:59:31,024 [Datanode State Machine Thread - 0] INFO  server.GrpcService (GrpcService.java:startImpl(158)) - 9691bb96-fe0f-42bf-9b38-42602fd905c5: GrpcService started, listening on 0.0.0.0/0.0.0.0:36822
2019-10-02 05:59:31,024 [Datanode State Machine Thread - 0] INFO  ratis.XceiverServerRatis (XceiverServerRatis.java:start(427)) - XceiverServerRatis 9691bb96-fe0f-42bf-9b38-42602fd905c5 is started using port 36822
2019-10-02 05:59:31,025 [Datanode State Machine Thread - 0] INFO  server.XceiverServerGrpc (XceiverServerGrpc.java:start(149)) - XceiverServerGrpc 9691bb96-fe0f-42bf-9b38-42602fd905c5 is started using port 35225
2019-10-02 05:59:31,072 [main] INFO  ozone.MiniOzoneClusterImpl (MiniOzoneClusterImpl.java:lambda$waitForClusterToBeReady$0(147)) - Waiting for cluster to be ready. Got 0 of 7 DN Heartbeats.
2019-10-02 05:59:31,079 [Datanode State Machine Thread - 0] INFO  ozoneimpl.OzoneContainer (OzoneContainer.java:start(217)) - Attempting to start container services.
2019-10-02 05:59:31,080 [Datanode State Machine Thread - 0] INFO  ozoneimpl.OzoneContainer (OzoneContainer.java:startContainerScrub(179)) - Background container scanner has been disabled.
2019-10-02 05:59:31,080 [Datanode State Machine Thread - 0] INFO  ratis.XceiverServerRatis (XceiverServerRatis.java:start(417)) - Starting XceiverServerRatis 2cc1da74-cc4a-4b71-acb8-7c5b6c8e0a3d at port 0
2019-10-02 05:59:31,087 [Datanode State Machine Thread - 0] INFO  impl.RaftServerProxy (RaftServerProxy.java:lambda$start$3(299)) - 2cc1da74-cc4a-4b71-acb8-7c5b6c8e0a3d: start RPC server
2019-10-02 05:59:31,091 [Datanode State Machine Thread - 0] INFO  server.GrpcService (GrpcService.java:startImpl(158)) - 2cc1da74-cc4a-4b71-acb8-7c5b6c8e0a3d: GrpcService started, listening on 0.0.0.0/0.0.0.0:34842
2019-10-02 05:59:31,091 [Datanode State Machine Thread - 0] INFO  ratis.XceiverServerRatis (XceiverServerRatis.java:start(427)) - XceiverServerRatis 2cc1da74-cc4a-4b71-acb8-7c5b6c8e0a3d is started using port 34842
2019-10-02 05:59:31,091 [Datanode State Machine Thread - 0] INFO  server.XceiverServerGrpc (XceiverServerGrpc.java:start(149)) - XceiverServerGrpc 2cc1da74-cc4a-4b71-acb8-7c5b6c8e0a3d is started using port 46270
2019-10-02 05:59:32,072 [main] INFO  ozone.MiniOzoneClusterImpl (MiniOzoneClusterImpl.java:lambda$waitForClusterToBeReady$0(147)) - Waiting for cluster to be ready. Got 0 of 7 DN Heartbeats.
2019-10-02 05:59:32,562 [IPC Server handler 8 on 37106] INFO  net.NetworkTopology (NetworkTopologyImpl.java:add(111)) - Added a new node: /default-rack/02183d65-95ec-4dfc-9f0a-d3560127e420
2019-10-02 05:59:32,564 [IPC Server handler 8 on 37106] INFO  node.SCMNodeManager (SCMNodeManager.java:register(266)) - Registered Data node : 02183d65-95ec-4dfc-9f0a-d3560127e420{ip: 192.168.164.241, host: trunk-nightly-20191002-p7fms-2058464235, networkLocation: /default-rack, certSerialId: null}
2019-10-02 05:59:32,565 [EventQueue-NodeRegistrationContainerReportForDataNodeSafeModeRule] INFO  safemode.SCMSafeModeManager (DataNodeSafeModeRule.java:process(71)) - SCM in safe mode. 1 DataNodes registered, 1 required.
2019-10-02 05:59:32,568 [EventQueue-NodeRegistrationContainerReportForContainerSafeModeRule] INFO  safemode.SCMSafeModeManager (SCMSafeModeManager.java:validateSafeModeExitRules(177)) - ScmSafeModeManager, all rules are successfully validated
2019-10-02 05:59:32,568 [EventQueue-NodeRegistrationContainerReportForContainerSafeModeRule] INFO  safemode.SCMSafeModeManager (SCMSafeModeManager.java:exitSafeMode(193)) - SCM exiting safe mode.
2019-10-02 05:59:32,582 [grpc-default-executor-0] INFO  impl.RaftServerProxy (RaftServerProxy.java:addNew(89)) - 02183d65-95ec-4dfc-9f0a-d3560127e420: addNew group-4AD3B69F653C:[02183d65-95ec-4dfc-9f0a-d3560127e420:192.168.164.241:35863] returns group-4AD3B69F653C:java.util.concurrent.CompletableFuture@3176e3c0[Not completed]
2019-10-02 05:59:32,584 [pool-207-thread-1] INFO  impl.RaftServerImpl (RaftServerImpl.java:<init>(95)) - 02183d65-95ec-4dfc-9f0a-d3560127e420: new RaftServerImpl for group-4AD3B69F653C:[02183d65-95ec-4dfc-9f0a-d3560127e420:192.168.164.241:35863] with ContainerStateMachine:uninitialized
2019-10-02 05:59:32,584 [pool-207-thread-1] INFO  server.RaftServerConfigKeys (ConfUtils.java:logGet(43)) - raft.server.rpc.timeout.min = 5s (custom)
2019-10-02 05:59:32,584 [pool-207-thread-1] INFO  server.RaftServerConfigKeys (ConfUtils.java:logGet(43)) - raft.server.rpc.timeout.max = 5200ms (custom)
2019-10-02 05:59:32,584 [pool-207-thread-1] INFO  server.RaftServerConfigKeys (ConfUtils.java:logGet(43)) - raft.server.rpcslowness.timeout = 120s (custom)
2019-10-02 05:59:32,584 [pool-207-thread-1] INFO  server.RaftServerConfigKeys (ConfUtils.java:logGet(43)) - raft.server.sleep.deviation.threshold = 300 (default)
2019-10-02 05:59:32,585 [pool-207-thread-1] INFO  server.RaftServerConfigKeys (ConfUtils.java:logGet(43)) - raft.server.log.appender.install.snapshot.enabled = false (custom)
2019-10-02 05:59:32,585 [pool-207-thread-1] INFO  impl.RaftServerImpl (ServerState.java:<init>(103)) - 02183d65-95ec-4dfc-9f0a-d3560127e420@group-4AD3B69F653C: ConfigurationManager, init=-1: [02183d65-95ec-4dfc-9f0a-d3560127e420:192.168.164.241:35863], old=null, confs=<EMPTY_MAP>
2019-10-02 05:59:32,585 [pool-207-thread-1] INFO  server.RaftServerConfigKeys (ConfUtils.java:logGet(43)) - raft.server.storage.dir = [/workdir/hadoop-ozone/integration-test/target/test-dir/MiniOzoneClusterImpl-6d54b700-d8a9-4c41-8dd0-ed0139d9985f/datanode-0/data/ratis] (custom)
2019-10-02 05:59:32,585 [pool-207-thread-1] INFO  server.RaftServerConfigKeys (ConfUtils.java:logGet(43)) - raft.server.log.corruption.policy = EXCEPTION (default)
2019-10-02 05:59:32,585 [pool-207-thread-1] INFO  storage.RaftStorageDirectory (RaftStorageDirectory.java:analyzeStorage(246)) - The storage directory /workdir/hadoop-ozone/integration-test/target/test-dir/MiniOzoneClusterImpl-6d54b700-d8a9-4c41-8dd0-ed0139d9985f/datanode-0/data/ratis/886047be-67c7-4912-b0a6-4ad3b69f653c does not exist. Creating ...
2019-10-02 05:59:32,599 [pool-207-thread-1] INFO  storage.RaftStorageDirectory (RaftStorageDirectory.java:tryLock(328)) - Lock on /workdir/hadoop-ozone/integration-test/target/test-dir/MiniOzoneClusterImpl-6d54b700-d8a9-4c41-8dd0-ed0139d9985f/datanode-0/data/ratis/886047be-67c7-4912-b0a6-4ad3b69f653c/in_use.lock acquired by nodename 15596@trunk-nightly-20191002-p7fms-2058464235
2019-10-02 05:59:32,611 [pool-207-thread-1] INFO  storage.RaftStorage (RaftStorage.java:format(84)) - Storage directory /workdir/hadoop-ozone/integration-test/target/test-dir/MiniOzoneClusterImpl-6d54b700-d8a9-4c41-8dd0-ed0139d9985f/datanode-0/data/ratis/886047be-67c7-4912-b0a6-4ad3b69f653c has been successfully formatted.
2019-10-02 05:59:32,612 [pool-207-thread-1] INFO  ratis.ContainerStateMachine (ContainerStateMachine.java:loadSnapshot(230)) - group-4AD3B69F653C: The snapshot info is null. Setting the last applied indexto:(t:0, i:~)
2019-10-02 05:59:32,612 [pool-207-thread-1] INFO  server.RaftServerConfigKeys (ConfUtils.java:logGet(43)) - raft.server.notification.no-leader.timeout = 120s (custom)
2019-10-02 05:59:32,612 [pool-207-thread-1] INFO  server.RaftServerConfigKeys (ConfUtils.java:logGet(43)) - raft.server.log.use.memory = false (default)
2019-10-02 05:59:32,612 [pool-207-thread-1] INFO  server.RaftServerConfigKeys (ConfUtils.java:logGet(43)) - raft.server.log.purge.gap = 1000000 (custom)
2019-10-02 05:59:32,612 [pool-207-thread-1] INFO  server.RaftServerConfigKeys (ConfUtils.java:logGet(43)) - raft.server.log.appender.buffer.byte-limit = 33554432 (custom)
2019-10-02 05:59:32,612 [pool-207-thread-1] INFO  server.RaftServerConfigKeys (ConfUtils.java:logGet(43)) - raft.server.log.segment.size.max = 1048576 (custom)
2019-10-02 05:59:32,615 [pool-207-thread-1] INFO  server.RaftServerConfigKeys (ConfUtils.java:logGet(43)) - raft.server.log.segment.cache.num.max = 2 (custom)
2019-10-02 05:59:32,615 [pool-207-thread-1] INFO  segmented.SegmentedRaftLogWorker (SegmentedRaftLogWorker.java:<init>(173)) - new 02183d65-95ec-4dfc-9f0a-d3560127e420@group-4AD3B69F653C-SegmentedRaftLogWorker for RaftStorage:Storage Directory /workdir/hadoop-ozone/integration-test/target/test-dir/MiniOzoneClusterImpl-6d54b700-d8a9-4c41-8dd0-ed0139d9985f/datanode-0/data/ratis/886047be-67c7-4912-b0a6-4ad3b69f653c
2019-10-02 05:59:32,615 [pool-207-thread-1] INFO  server.RaftServerConfigKeys (ConfUtils.java:logGet(43)) - raft.server.log.queue.byte-limit = 2147483647 (custom)
2019-10-02 05:59:32,615 [pool-207-thread-1] INFO  server.RaftServerConfigKeys (ConfUtils.java:logGet(43)) - raft.server.log.queue.element-limit = 1024 (custom)
2019-10-02 05:59:32,615 [pool-207-thread-1] INFO  server.RaftServerConfigKeys (ConfUtils.java:logGet(43)) - raft.server.log.segment.size.max = 1048576 (custom)
2019-10-02 05:59:32,615 [pool-207-thread-1] INFO  server.RaftServerConfigKeys (ConfUtils.java:logGet(43)) - raft.server.log.preallocated.size = 16384 (custom)
2019-10-02 05:59:32,616 [pool-207-thread-1] INFO  server.RaftServerConfigKeys (ConfUtils.java:logGet(43)) - raft.server.log.write.buffer.size = 33554432 (custom)
2019-10-02 05:59:32,616 [pool-207-thread-1] INFO  server.RaftServerConfigKeys (ConfUtils.java:logGet(43)) - raft.server.log.force.sync.num = 128 (default)
2019-10-02 05:59:32,616 [pool-207-thread-1] INFO  server.RaftServerConfigKeys (ConfUtils.java:logGet(43)) - raft.server.log.statemachine.data.sync = true (default)
2019-10-02 05:59:32,616 [pool-207-thread-1] INFO  server.RaftServerConfigKeys (ConfUtils.java:logGet(43)) - raft.server.log.statemachine.data.sync.timeout = 10s (default)
2019-10-02 05:59:32,616 [pool-207-thread-1] INFO  server.RaftServerConfigKeys (ConfUtils.java:logGet(43)) - raft.server.log.statemachine.data.sync.timeout.retry = -1 (default)
2019-10-02 05:59:32,617 [pool-207-thread-1] INFO  server.RaftServerConfigKeys (ConfUtils.java:logGet(43)) - raft.server.log.statemachine.data.caching.enabled = true (custom)
2019-10-02 05:59:32,617 [pool-207-thread-1] INFO  segmented.SegmentedRaftLogWorker (SegmentedRaftLogWorker.java:lambda$new$0(128)) - 02183d65-95ec-4dfc-9f0a-d3560127e420@group-4AD3B69F653C-SegmentedRaftLogWorker: flushIndex: setUnconditionally 0 -> -1
2019-10-02 05:59:32,617 [pool-207-thread-1] INFO  server.RaftServerConfigKeys (ConfUtils.java:logGet(43)) - raft.server.snapshot.auto.trigger.enabled = true (custom)
2019-10-02 05:59:32,617 [pool-207-thread-1] INFO  server.RaftServerConfigKeys (ConfUtils.java:logGet(43)) - raft.server.snapshot.auto.trigger.threshold = 10000 (custom)
2019-10-02 05:59:32,617 [pool-207-thread-1] INFO  server.RaftServerConfigKeys (ConfUtils.java:logGet(43)) - raft.server.snapshot.retention.file.num = 5 (custom)
2019-10-02 05:59:32,618 [pool-207-thread-1] INFO  server.RaftServerConfigKeys (ConfUtils.java:logGet(43)) - raft.server.retrycache.expirytime = 600000ms (custom)
2019-10-02 05:59:32,619 [pool-207-thread-1] INFO  impl.RaftServerImpl (RaftServerImpl.java:start(181)) - 02183d65-95ec-4dfc-9f0a-d3560127e420@group-4AD3B69F653C: start as a follower, conf=-1: [02183d65-95ec-4dfc-9f0a-d3560127e420:192.168.164.241:35863], old=null
2019-10-02 05:59:32,619 [pool-207-thread-1] INFO  impl.RaftServerImpl (RaftServerImpl.java:setRole(170)) - 02183d65-95ec-4dfc-9f0a-d3560127e420@group-4AD3B69F653C: changes role from      null to FOLLOWER at term 0 for startAsFollower
2019-10-02 05:59:32,620 [pool-207-thread-1] INFO  impl.RoleInfo (RoleInfo.java:updateAndGet(143)) - 02183d65-95ec-4dfc-9f0a-d3560127e420: start FollowerState
2019-10-02 05:59:32,620 [pool-207-thread-1] INFO  util.JmxRegister (JmxRegister.java:tryRegister(44)) - Successfully registered JMX Bean with object name Ratis:service=RaftServer,group=group-4AD3B69F653C,id=02183d65-95ec-4dfc-9f0a-d3560127e420
2019-10-02 05:59:32,626 [RatisPipelineUtilsThread] INFO  pipeline.PipelineStateManager (PipelineStateManager.java:addPipeline(56)) - Created pipeline Pipeline[ Id: 886047be-67c7-4912-b0a6-4ad3b69f653c, Nodes: 02183d65-95ec-4dfc-9f0a-d3560127e420{ip: 192.168.164.241, host: trunk-nightly-20191002-p7fms-2058464235, networkLocation: /default-rack, certSerialId: null}, Type:RATIS, Factor:ONE, State:OPEN]
2019-10-02 05:59:32,640 [IPC Server handler 7 on 37106] INFO  net.NetworkTopology (NetworkTopologyImpl.java:add(111)) - Added a new node: /default-rack/7c17948c-1cd0-4417-ab99-6c36b2a081be
2019-10-02 05:59:32,640 [IPC Server handler 7 on 37106] INFO  node.SCMNodeManager (SCMNodeManager.java:register(266)) - Registered Data node : 7c17948c-1cd0-4417-ab99-6c36b2a081be{ip: 192.168.164.241, host: trunk-nightly-20191002-p7fms-2058464235, networkLocation: /default-rack, certSerialId: null}
2019-10-02 05:59:32,663 [grpc-default-executor-0] INFO  impl.RaftServerProxy (RaftServerProxy.java:addNew(89)) - 7c17948c-1cd0-4417-ab99-6c36b2a081be: addNew group-494DCBDCC6BC:[7c17948c-1cd0-4417-ab99-6c36b2a081be:192.168.164.241:42293] returns group-494DCBDCC6BC:java.util.concurrent.CompletableFuture@43927f10[Not completed]
2019-10-02 05:59:32,665 [pool-217-thread-1] INFO  impl.RaftServerImpl (RaftServerImpl.java:<init>(95)) - 7c17948c-1cd0-4417-ab99-6c36b2a081be: new RaftServerImpl for group-494DCBDCC6BC:[7c17948c-1cd0-4417-ab99-6c36b2a081be:192.168.164.241:42293] with ContainerStateMachine:uninitialized
2019-10-02 05:59:32,665 [pool-217-thread-1] INFO  server.RaftServerConfigKeys (ConfUtils.java:logGet(43)) - raft.server.rpc.timeout.min = 5s (custom)
2019-10-02 05:59:32,666 [pool-217-thread-1] INFO  server.RaftServerConfigKeys (ConfUtils.java:logGet(43)) - raft.server.rpc.timeout.max = 5200ms (custom)
2019-10-02 05:59:32,666 [pool-217-thread-1] INFO  server.RaftServerConfigKeys (ConfUtils.java:logGet(43)) - raft.server.rpcslowness.timeout = 120s (custom)
2019-10-02 05:59:32,666 [pool-217-thread-1] INFO  server.RaftServerConfigKeys (ConfUtils.java:logGet(43)) - raft.server.sleep.deviation.threshold = 300 (default)
2019-10-02 05:59:32,666 [pool-217-thread-1] INFO  server.RaftServerConfigKeys (ConfUtils.java:logGet(43)) - raft.server.log.appender.install.snapshot.enabled = false (custom)
2019-10-02 05:59:32,666 [pool-217-thread-1] INFO  impl.RaftServerImpl (ServerState.java:<init>(103)) - 7c17948c-1cd0-4417-ab99-6c36b2a081be@group-494DCBDCC6BC: ConfigurationManager, init=-1: [7c17948c-1cd0-4417-ab99-6c36b2a081be:192.168.164.241:42293], old=null, confs=<EMPTY_MAP>
2019-10-02 05:59:32,666 [pool-217-thread-1] INFO  server.RaftServerConfigKeys (ConfUtils.java:logGet(43)) - raft.server.storage.dir = [/workdir/hadoop-ozone/integration-test/target/test-dir/MiniOzoneClusterImpl-6d54b700-d8a9-4c41-8dd0-ed0139d9985f/datanode-1/data/ratis] (custom)
2019-10-02 05:59:32,666 [pool-217-thread-1] INFO  server.RaftServerConfigKeys (ConfUtils.java:logGet(43)) - raft.server.log.corruption.policy = EXCEPTION (default)
2019-10-02 05:59:32,667 [pool-217-thread-1] INFO  storage.RaftStorageDirectory (RaftStorageDirectory.java:analyzeStorage(246)) - The storage directory /workdir/hadoop-ozone/integration-test/target/test-dir/MiniOzoneClusterImpl-6d54b700-d8a9-4c41-8dd0-ed0139d9985f/datanode-1/data/ratis/75971242-016a-428c-906c-494dcbdcc6bc does not exist. Creating ...
2019-10-02 05:59:32,679 [pool-217-thread-1] INFO  storage.RaftStorageDirectory (RaftStorageDirectory.java:tryLock(328)) - Lock on /workdir/hadoop-ozone/integration-test/target/test-dir/MiniOzoneClusterImpl-6d54b700-d8a9-4c41-8dd0-ed0139d9985f/datanode-1/data/ratis/75971242-016a-428c-906c-494dcbdcc6bc/in_use.lock acquired by nodename 15596@trunk-nightly-20191002-p7fms-2058464235
2019-10-02 05:59:32,692 [pool-217-thread-1] INFO  storage.RaftStorage (RaftStorage.java:format(84)) - Storage directory /workdir/hadoop-ozone/integration-test/target/test-dir/MiniOzoneClusterImpl-6d54b700-d8a9-4c41-8dd0-ed0139d9985f/datanode-1/data/ratis/75971242-016a-428c-906c-494dcbdcc6bc has been successfully formatted.
2019-10-02 05:59:32,692 [pool-217-thread-1] INFO  ratis.ContainerStateMachine (ContainerStateMachine.java:loadSnapshot(230)) - group-494DCBDCC6BC: The snapshot info is null. Setting the last applied indexto:(t:0, i:~)
2019-10-02 05:59:32,692 [pool-217-thread-1] INFO  server.RaftServerConfigKeys (ConfUtils.java:logGet(43)) - raft.server.notification.no-leader.timeout = 120s (custom)
2019-10-02 05:59:32,692 [pool-217-thread-1] INFO  server.RaftServerConfigKeys (ConfUtils.java:logGet(43)) - raft.server.log.use.memory = false (default)
2019-10-02 05:59:32,692 [pool-217-thread-1] INFO  server.RaftServerConfigKeys (ConfUtils.java:logGet(43)) - raft.server.log.purge.gap = 1000000 (custom)
2019-10-02 05:59:32,692 [pool-217-thread-1] INFO  server.RaftServerConfigKeys (ConfUtils.java:logGet(43)) - raft.server.log.appender.buffer.byte-limit = 33554432 (custom)
2019-10-02 05:59:32,692 [pool-217-thread-1] INFO  server.RaftServerConfigKeys (ConfUtils.java:logGet(43)) - raft.server.log.segment.size.max = 1048576 (custom)
2019-10-02 05:59:32,694 [pool-217-thread-1] INFO  server.RaftServerConfigKeys (ConfUtils.java:logGet(43)) - raft.server.log.segment.cache.num.max = 2 (custom)
2019-10-02 05:59:32,694 [pool-217-thread-1] INFO  segmented.SegmentedRaftLogWorker (SegmentedRaftLogWorker.java:<init>(173)) - new 7c17948c-1cd0-4417-ab99-6c36b2a081be@group-494DCBDCC6BC-SegmentedRaftLogWorker for RaftStorage:Storage Directory /workdir/hadoop-ozone/integration-test/target/test-dir/MiniOzoneClusterImpl-6d54b700-d8a9-4c41-8dd0-ed0139d9985f/datanode-1/data/ratis/75971242-016a-428c-906c-494dcbdcc6bc
2019-10-02 05:59:32,694 [pool-217-thread-1] INFO  server.RaftServerConfigKeys (ConfUtils.java:logGet(43)) - raft.server.log.queue.byte-limit = 2147483647 (custom)
2019-10-02 05:59:32,694 [pool-217-thread-1] INFO  server.RaftServerConfigKeys (ConfUtils.java:logGet(43)) - raft.server.log.queue.element-limit = 1024 (custom)
2019-10-02 05:59:32,694 [pool-217-thread-1] INFO  server.RaftServerConfigKeys (ConfUtils.java:logGet(43)) - raft.server.log.segment.size.max = 1048576 (custom)
2019-10-02 05:59:32,695 [pool-217-thread-1] INFO  server.RaftServerConfigKeys (ConfUtils.java:logGet(43)) - raft.server.log.preallocated.size = 16384 (custom)
2019-10-02 05:59:32,695 [pool-217-thread-1] INFO  server.RaftServerConfigKeys (ConfUtils.java:logGet(43)) - raft.server.log.write.buffer.size = 33554432 (custom)
2019-10-02 05:59:32,695 [pool-217-thread-1] INFO  server.RaftServerConfigKeys (ConfUtils.java:logGet(43)) - raft.server.log.force.sync.num = 128 (default)
2019-10-02 05:59:32,695 [pool-217-thread-1] INFO  server.RaftServerConfigKeys (ConfUtils.java:logGet(43)) - raft.server.log.statemachine.data.sync = true (default)
2019-10-02 05:59:32,695 [pool-217-thread-1] INFO  server.RaftServerConfigKeys (ConfUtils.java:logGet(43)) - raft.server.log.statemachine.data.sync.timeout = 10s (default)
2019-10-02 05:59:32,695 [pool-217-thread-1] INFO  server.RaftServerConfigKeys (ConfUtils.java:logGet(43)) - raft.server.log.statemachine.data.sync.timeout.retry = -1 (default)
2019-10-02 05:59:32,695 [pool-217-thread-1] INFO  server.RaftServerConfigKeys (ConfUtils.java:logGet(43)) - raft.server.log.statemachine.data.caching.enabled = true (custom)
2019-10-02 05:59:32,696 [pool-217-thread-1] INFO  segmented.SegmentedRaftLogWorker (SegmentedRaftLogWorker.java:lambda$new$0(128)) - 7c17948c-1cd0-4417-ab99-6c36b2a081be@group-494DCBDCC6BC-SegmentedRaftLogWorker: flushIndex: setUnconditionally 0 -> -1
2019-10-02 05:59:32,696 [pool-217-thread-1] INFO  server.RaftServerConfigKeys (ConfUtils.java:logGet(43)) - raft.server.snapshot.auto.trigger.enabled = true (custom)
2019-10-02 05:59:32,696 [pool-217-thread-1] INFO  server.RaftServerConfigKeys (ConfUtils.java:logGet(43)) - raft.server.snapshot.auto.trigger.threshold = 10000 (custom)
2019-10-02 05:59:32,696 [pool-217-thread-1] INFO  server.RaftServerConfigKeys (ConfUtils.java:logGet(43)) - raft.server.snapshot.retention.file.num = 5 (custom)
2019-10-02 05:59:32,696 [pool-217-thread-1] INFO  server.RaftServerConfigKeys (ConfUtils.java:logGet(43)) - raft.server.retrycache.expirytime = 600000ms (custom)
2019-10-02 05:59:32,698 [pool-217-thread-1] INFO  impl.RaftServerImpl (RaftServerImpl.java:start(181)) - 7c17948c-1cd0-4417-ab99-6c36b2a081be@group-494DCBDCC6BC: start as a follower, conf=-1: [7c17948c-1cd0-4417-ab99-6c36b2a081be:192.168.164.241:42293], old=null
2019-10-02 05:59:32,698 [pool-217-thread-1] INFO  impl.RaftServerImpl (RaftServerImpl.java:setRole(170)) - 7c17948c-1cd0-4417-ab99-6c36b2a081be@group-494DCBDCC6BC: changes role from      null to FOLLOWER at term 0 for startAsFollower
2019-10-02 05:59:32,698 [pool-217-thread-1] INFO  impl.RoleInfo (RoleInfo.java:updateAndGet(143)) - 7c17948c-1cd0-4417-ab99-6c36b2a081be: start FollowerState
2019-10-02 05:59:32,698 [pool-217-thread-1] INFO  util.JmxRegister (JmxRegister.java:tryRegister(44)) - Successfully registered JMX Bean with object name Ratis:service=RaftServer,group=group-494DCBDCC6BC,id=7c17948c-1cd0-4417-ab99-6c36b2a081be
2019-10-02 05:59:32,701 [RatisPipelineUtilsThread] INFO  pipeline.PipelineStateManager (PipelineStateManager.java:addPipeline(56)) - Created pipeline Pipeline[ Id: 75971242-016a-428c-906c-494dcbdcc6bc, Nodes: 7c17948c-1cd0-4417-ab99-6c36b2a081be{ip: 192.168.164.241, host: trunk-nightly-20191002-p7fms-2058464235, networkLocation: /default-rack, certSerialId: null}, Type:RATIS, Factor:ONE, State:OPEN]
2019-10-02 05:59:32,722 [IPC Server handler 0 on 37106] INFO  net.NetworkTopology (NetworkTopologyImpl.java:add(111)) - Added a new node: /default-rack/dad25ee9-8ea5-4f1c-9f33-3809fe7bf507
2019-10-02 05:59:32,722 [IPC Server handler 0 on 37106] INFO  node.SCMNodeManager (SCMNodeManager.java:register(266)) - Registered Data node : dad25ee9-8ea5-4f1c-9f33-3809fe7bf507{ip: 192.168.164.241, host: trunk-nightly-20191002-p7fms-2058464235, networkLocation: /default-rack, certSerialId: null}
2019-10-02 05:59:32,729 [grpc-default-executor-0] INFO  impl.RaftServerProxy (RaftServerProxy.java:addNew(89)) - dad25ee9-8ea5-4f1c-9f33-3809fe7bf507: addNew group-8514A3249CD0:[dad25ee9-8ea5-4f1c-9f33-3809fe7bf507:192.168.164.241:39128] returns group-8514A3249CD0:java.util.concurrent.CompletableFuture@269a3f3e[Not completed]
2019-10-02 05:59:32,731 [pool-227-thread-1] INFO  impl.RaftServerImpl (RaftServerImpl.java:<init>(95)) - dad25ee9-8ea5-4f1c-9f33-3809fe7bf507: new RaftServerImpl for group-8514A3249CD0:[dad25ee9-8ea5-4f1c-9f33-3809fe7bf507:192.168.164.241:39128] with ContainerStateMachine:uninitialized
2019-10-02 05:59:32,731 [pool-227-thread-1] INFO  server.RaftServerConfigKeys (ConfUtils.java:logGet(43)) - raft.server.rpc.timeout.min = 5s (custom)
2019-10-02 05:59:32,731 [pool-227-thread-1] INFO  server.RaftServerConfigKeys (ConfUtils.java:logGet(43)) - raft.server.rpc.timeout.max = 5200ms (custom)
2019-10-02 05:59:32,731 [pool-227-thread-1] INFO  server.RaftServerConfigKeys (ConfUtils.java:logGet(43)) - raft.server.rpcslowness.timeout = 120s (custom)
2019-10-02 05:59:32,731 [pool-227-thread-1] INFO  server.RaftServerConfigKeys (ConfUtils.java:logGet(43)) - raft.server.sleep.deviation.threshold = 300 (default)
2019-10-02 05:59:32,731 [pool-227-thread-1] INFO  server.RaftServerConfigKeys (ConfUtils.java:logGet(43)) - raft.server.log.appender.install.snapshot.enabled = false (custom)
2019-10-02 05:59:32,732 [pool-227-thread-1] INFO  impl.RaftServerImpl (ServerState.java:<init>(103)) - dad25ee9-8ea5-4f1c-9f33-3809fe7bf507@group-8514A3249CD0: ConfigurationManager, init=-1: [dad25ee9-8ea5-4f1c-9f33-3809fe7bf507:192.168.164.241:39128], old=null, confs=<EMPTY_MAP>
2019-10-02 05:59:32,732 [pool-227-thread-1] INFO  server.RaftServerConfigKeys (ConfUtils.java:logGet(43)) - raft.server.storage.dir = [/workdir/hadoop-ozone/integration-test/target/test-dir/MiniOzoneClusterImpl-6d54b700-d8a9-4c41-8dd0-ed0139d9985f/datanode-2/data/ratis] (custom)
2019-10-02 05:59:32,732 [pool-227-thread-1] INFO  server.RaftServerConfigKeys (ConfUtils.java:logGet(43)) - raft.server.log.corruption.policy = EXCEPTION (default)
2019-10-02 05:59:32,732 [pool-227-thread-1] INFO  storage.RaftStorageDirectory (RaftStorageDirectory.java:analyzeStorage(246)) - The storage directory /workdir/hadoop-ozone/integration-test/target/test-dir/MiniOzoneClusterImpl-6d54b700-d8a9-4c41-8dd0-ed0139d9985f/datanode-2/data/ratis/efb17877-ce70-459f-a241-8514a3249cd0 does not exist. Creating ...
2019-10-02 05:59:32,743 [pool-227-thread-1] INFO  storage.RaftStorageDirectory (RaftStorageDirectory.java:tryLock(328)) - Lock on /workdir/hadoop-ozone/integration-test/target/test-dir/MiniOzoneClusterImpl-6d54b700-d8a9-4c41-8dd0-ed0139d9985f/datanode-2/data/ratis/efb17877-ce70-459f-a241-8514a3249cd0/in_use.lock acquired by nodename 15596@trunk-nightly-20191002-p7fms-2058464235
2019-10-02 05:59:32,746 [pool-227-thread-1] INFO  storage.RaftStorage (RaftStorage.java:format(84)) - Storage directory /workdir/hadoop-ozone/integration-test/target/test-dir/MiniOzoneClusterImpl-6d54b700-d8a9-4c41-8dd0-ed0139d9985f/datanode-2/data/ratis/efb17877-ce70-459f-a241-8514a3249cd0 has been successfully formatted.
2019-10-02 05:59:32,746 [pool-227-thread-1] INFO  ratis.ContainerStateMachine (ContainerStateMachine.java:loadSnapshot(230)) - group-8514A3249CD0: The snapshot info is null. Setting the last applied indexto:(t:0, i:~)
2019-10-02 05:59:32,746 [pool-227-thread-1] INFO  server.RaftServerConfigKeys (ConfUtils.java:logGet(43)) - raft.server.notification.no-leader.timeout = 120s (custom)
2019-10-02 05:59:32,747 [pool-227-thread-1] INFO  server.RaftServerConfigKeys (ConfUtils.java:logGet(43)) - raft.server.log.use.memory = false (default)
2019-10-02 05:59:32,747 [pool-227-thread-1] INFO  server.RaftServerConfigKeys (ConfUtils.java:logGet(43)) - raft.server.log.purge.gap = 1000000 (custom)
2019-10-02 05:59:32,747 [pool-227-thread-1] INFO  server.RaftServerConfigKeys (ConfUtils.java:logGet(43)) - raft.server.log.appender.buffer.byte-limit = 33554432 (custom)
2019-10-02 05:59:32,747 [pool-227-thread-1] INFO  server.RaftServerConfigKeys (ConfUtils.java:logGet(43)) - raft.server.log.segment.size.max = 1048576 (custom)
2019-10-02 05:59:32,749 [pool-227-thread-1] INFO  server.RaftServerConfigKeys (ConfUtils.java:logGet(43)) - raft.server.log.segment.cache.num.max = 2 (custom)
2019-10-02 05:59:32,749 [pool-227-thread-1] INFO  segmented.SegmentedRaftLogWorker (SegmentedRaftLogWorker.java:<init>(173)) - new dad25ee9-8ea5-4f1c-9f33-3809fe7bf507@group-8514A3249CD0-SegmentedRaftLogWorker for RaftStorage:Storage Directory /workdir/hadoop-ozone/integration-test/target/test-dir/MiniOzoneClusterImpl-6d54b700-d8a9-4c41-8dd0-ed0139d9985f/datanode-2/data/ratis/efb17877-ce70-459f-a241-8514a3249cd0
2019-10-02 05:59:32,749 [pool-227-thread-1] INFO  server.RaftServerConfigKeys (ConfUtils.java:logGet(43)) - raft.server.log.queue.byte-limit = 2147483647 (custom)
2019-10-02 05:59:32,749 [pool-227-thread-1] INFO  server.RaftServerConfigKeys (ConfUtils.java:logGet(43)) - raft.server.log.queue.element-limit = 1024 (custom)
2019-10-02 05:59:32,749 [pool-227-thread-1] INFO  server.RaftServerConfigKeys (ConfUtils.java:logGet(43)) - raft.server.log.segment.size.max = 1048576 (custom)
2019-10-02 05:59:32,749 [pool-227-thread-1] INFO  server.RaftServerConfigKeys (ConfUtils.java:logGet(43)) - raft.server.log.preallocated.size = 16384 (custom)
2019-10-02 05:59:32,749 [pool-227-thread-1] INFO  server.RaftServerConfigKeys (ConfUtils.java:logGet(43)) - raft.server.log.write.buffer.size = 33554432 (custom)
2019-10-02 05:59:32,750 [pool-227-thread-1] INFO  server.RaftServerConfigKeys (ConfUtils.java:logGet(43)) - raft.server.log.force.sync.num = 128 (default)
2019-10-02 05:59:32,750 [pool-227-thread-1] INFO  server.RaftServerConfigKeys (ConfUtils.java:logGet(43)) - raft.server.log.statemachine.data.sync = true (default)
2019-10-02 05:59:32,750 [pool-227-thread-1] INFO  server.RaftServerConfigKeys (ConfUtils.java:logGet(43)) - raft.server.log.statemachine.data.sync.timeout = 10s (default)
2019-10-02 05:59:32,750 [pool-227-thread-1] INFO  server.RaftServerConfigKeys (ConfUtils.java:logGet(43)) - raft.server.log.statemachine.data.sync.timeout.retry = -1 (default)
2019-10-02 05:59:32,750 [pool-227-thread-1] INFO  server.RaftServerConfigKeys (ConfUtils.java:logGet(43)) - raft.server.log.statemachine.data.caching.enabled = true (custom)
2019-10-02 05:59:32,751 [pool-227-thread-1] INFO  segmented.SegmentedRaftLogWorker (SegmentedRaftLogWorker.java:lambda$new$0(128)) - dad25ee9-8ea5-4f1c-9f33-3809fe7bf507@group-8514A3249CD0-SegmentedRaftLogWorker: flushIndex: setUnconditionally 0 -> -1
2019-10-02 05:59:32,751 [pool-227-thread-1] INFO  server.RaftServerConfigKeys (ConfUtils.java:logGet(43)) - raft.server.snapshot.auto.trigger.enabled = true (custom)
2019-10-02 05:59:32,751 [pool-227-thread-1] INFO  server.RaftServerConfigKeys (ConfUtils.java:logGet(43)) - raft.server.snapshot.auto.trigger.threshold = 10000 (custom)
2019-10-02 05:59:32,751 [pool-227-thread-1] INFO  server.RaftServerConfigKeys (ConfUtils.java:logGet(43)) - raft.server.snapshot.retention.file.num = 5 (custom)
2019-10-02 05:59:32,751 [pool-227-thread-1] INFO  server.RaftServerConfigKeys (ConfUtils.java:logGet(43)) - raft.server.retrycache.expirytime = 600000ms (custom)
2019-10-02 05:59:32,753 [pool-227-thread-1] INFO  impl.RaftServerImpl (RaftServerImpl.java:start(181)) - dad25ee9-8ea5-4f1c-9f33-3809fe7bf507@group-8514A3249CD0: start as a follower, conf=-1: [dad25ee9-8ea5-4f1c-9f33-3809fe7bf507:192.168.164.241:39128], old=null
2019-10-02 05:59:32,753 [pool-227-thread-1] INFO  impl.RaftServerImpl (RaftServerImpl.java:setRole(170)) - dad25ee9-8ea5-4f1c-9f33-3809fe7bf507@group-8514A3249CD0: changes role from      null to FOLLOWER at term 0 for startAsFollower
2019-10-02 05:59:32,753 [pool-227-thread-1] INFO  impl.RoleInfo (RoleInfo.java:updateAndGet(143)) - dad25ee9-8ea5-4f1c-9f33-3809fe7bf507: start FollowerState
2019-10-02 05:59:32,754 [pool-227-thread-1] INFO  util.JmxRegister (JmxRegister.java:tryRegister(44)) - Successfully registered JMX Bean with object name Ratis:service=RaftServer,group=group-8514A3249CD0,id=dad25ee9-8ea5-4f1c-9f33-3809fe7bf507
2019-10-02 05:59:32,758 [RatisPipelineUtilsThread] INFO  pipeline.PipelineStateManager (PipelineStateManager.java:addPipeline(56)) - Created pipeline Pipeline[ Id: efb17877-ce70-459f-a241-8514a3249cd0, Nodes: dad25ee9-8ea5-4f1c-9f33-3809fe7bf507{ip: 192.168.164.241, host: trunk-nightly-20191002-p7fms-2058464235, networkLocation: /default-rack, certSerialId: null}, Type:RATIS, Factor:ONE, State:OPEN]
2019-10-02 05:59:32,776 [grpc-default-executor-3] INFO  impl.RaftServerProxy (RaftServerProxy.java:addNew(89)) - dad25ee9-8ea5-4f1c-9f33-3809fe7bf507: addNew group-2113BBD44459:[dad25ee9-8ea5-4f1c-9f33-3809fe7bf507:192.168.164.241:39128, 7c17948c-1cd0-4417-ab99-6c36b2a081be:192.168.164.241:42293, 02183d65-95ec-4dfc-9f0a-d3560127e420:192.168.164.241:35863] returns group-2113BBD44459:java.util.concurrent.CompletableFuture@1cde3751[Not completed]
2019-10-02 05:59:32,776 [grpc-default-executor-0] INFO  impl.RaftServerProxy (RaftServerProxy.java:addNew(89)) - 02183d65-95ec-4dfc-9f0a-d3560127e420: addNew group-2113BBD44459:[dad25ee9-8ea5-4f1c-9f33-3809fe7bf507:192.168.164.241:39128, 7c17948c-1cd0-4417-ab99-6c36b2a081be:192.168.164.241:42293, 02183d65-95ec-4dfc-9f0a-d3560127e420:192.168.164.241:35863] returns group-2113BBD44459:java.util.concurrent.CompletableFuture@541c5a73[Not completed]
2019-10-02 05:59:32,776 [grpc-default-executor-1] INFO  impl.RaftServerProxy (RaftServerProxy.java:addNew(89)) - 7c17948c-1cd0-4417-ab99-6c36b2a081be: addNew group-2113BBD44459:[dad25ee9-8ea5-4f1c-9f33-3809fe7bf507:192.168.164.241:39128, 7c17948c-1cd0-4417-ab99-6c36b2a081be:192.168.164.241:42293, 02183d65-95ec-4dfc-9f0a-d3560127e420:192.168.164.241:35863] returns group-2113BBD44459:java.util.concurrent.CompletableFuture@6c1a1be4[Not completed]
2019-10-02 05:59:32,777 [pool-227-thread-1] INFO  impl.RaftServerImpl (RaftServerImpl.java:<init>(95)) - dad25ee9-8ea5-4f1c-9f33-3809fe7bf507: new RaftServerImpl for group-2113BBD44459:[dad25ee9-8ea5-4f1c-9f33-3809fe7bf507:192.168.164.241:39128, 7c17948c-1cd0-4417-ab99-6c36b2a081be:192.168.164.241:42293, 02183d65-95ec-4dfc-9f0a-d3560127e420:192.168.164.241:35863] with ContainerStateMachine:uninitialized
2019-10-02 05:59:32,777 [pool-227-thread-1] INFO  server.RaftServerConfigKeys (ConfUtils.java:logGet(43)) - raft.server.rpc.timeout.min = 5s (custom)
2019-10-02 05:59:32,777 [pool-227-thread-1] INFO  server.RaftServerConfigKeys (ConfUtils.java:logGet(43)) - raft.server.rpc.timeout.max = 5200ms (custom)
2019-10-02 05:59:32,777 [pool-227-thread-1] INFO  server.RaftServerConfigKeys (ConfUtils.java:logGet(43)) - raft.server.rpcslowness.timeout = 120s (custom)
2019-10-02 05:59:32,777 [pool-227-thread-1] INFO  server.RaftServerConfigKeys (ConfUtils.java:logGet(43)) - raft.server.sleep.deviation.threshold = 300 (default)
2019-10-02 05:59:32,777 [pool-217-thread-1] INFO  impl.RaftServerImpl (RaftServerImpl.java:<init>(95)) - 7c17948c-1cd0-4417-ab99-6c36b2a081be: new RaftServerImpl for group-2113BBD44459:[dad25ee9-8ea5-4f1c-9f33-3809fe7bf507:192.168.164.241:39128, 7c17948c-1cd0-4417-ab99-6c36b2a081be:192.168.164.241:42293, 02183d65-95ec-4dfc-9f0a-d3560127e420:192.168.164.241:35863] with ContainerStateMachine:uninitialized
2019-10-02 05:59:32,777 [pool-227-thread-1] INFO  server.RaftServerConfigKeys (ConfUtils.java:logGet(43)) - raft.server.log.appender.install.snapshot.enabled = false (custom)
2019-10-02 05:59:32,777 [pool-217-thread-1] INFO  server.RaftServerConfigKeys (ConfUtils.java:logGet(43)) - raft.server.rpc.timeout.min = 5s (custom)
2019-10-02 05:59:32,777 [pool-227-thread-1] INFO  impl.RaftServerImpl (ServerState.java:<init>(103)) - dad25ee9-8ea5-4f1c-9f33-3809fe7bf507@group-2113BBD44459: ConfigurationManager, init=-1: [dad25ee9-8ea5-4f1c-9f33-3809fe7bf507:192.168.164.241:39128, 7c17948c-1cd0-4417-ab99-6c36b2a081be:192.168.164.241:42293, 02183d65-95ec-4dfc-9f0a-d3560127e420:192.168.164.241:35863], old=null, confs=<EMPTY_MAP>
2019-10-02 05:59:32,777 [pool-207-thread-1] INFO  impl.RaftServerImpl (RaftServerImpl.java:<init>(95)) - 02183d65-95ec-4dfc-9f0a-d3560127e420: new RaftServerImpl for group-2113BBD44459:[dad25ee9-8ea5-4f1c-9f33-3809fe7bf507:192.168.164.241:39128, 7c17948c-1cd0-4417-ab99-6c36b2a081be:192.168.164.241:42293, 02183d65-95ec-4dfc-9f0a-d3560127e420:192.168.164.241:35863] with ContainerStateMachine:uninitialized
2019-10-02 05:59:32,777 [pool-217-thread-1] INFO  server.RaftServerConfigKeys (ConfUtils.java:logGet(43)) - raft.server.rpc.timeout.max = 5200ms (custom)
2019-10-02 05:59:32,778 [pool-207-thread-1] INFO  server.RaftServerConfigKeys (ConfUtils.java:logGet(43)) - raft.server.rpc.timeout.min = 5s (custom)
2019-10-02 05:59:32,778 [pool-227-thread-1] INFO  server.RaftServerConfigKeys (ConfUtils.java:logGet(43)) - raft.server.storage.dir = [/workdir/hadoop-ozone/integration-test/target/test-dir/MiniOzoneClusterImpl-6d54b700-d8a9-4c41-8dd0-ed0139d9985f/datanode-2/data/ratis] (custom)
2019-10-02 05:59:32,778 [pool-207-thread-1] INFO  server.RaftServerConfigKeys (ConfUtils.java:logGet(43)) - raft.server.rpc.timeout.max = 5200ms (custom)
2019-10-02 05:59:32,778 [pool-217-thread-1] INFO  server.RaftServerConfigKeys (ConfUtils.java:logGet(43)) - raft.server.rpcslowness.timeout = 120s (custom)
2019-10-02 05:59:32,778 [pool-227-thread-1] INFO  server.RaftServerConfigKeys (ConfUtils.java:logGet(43)) - raft.server.log.corruption.policy = EXCEPTION (default)
2019-10-02 05:59:32,778 [pool-207-thread-1] INFO  server.RaftServerConfigKeys (ConfUtils.java:logGet(43)) - raft.server.rpcslowness.timeout = 120s (custom)
2019-10-02 05:59:32,778 [pool-217-thread-1] INFO  server.RaftServerConfigKeys (ConfUtils.java:logGet(43)) - raft.server.sleep.deviation.threshold = 300 (default)
2019-10-02 05:59:32,778 [pool-207-thread-1] INFO  server.RaftServerConfigKeys (ConfUtils.java:logGet(43)) - raft.server.sleep.deviation.threshold = 300 (default)
2019-10-02 05:59:32,778 [pool-227-thread-1] INFO  storage.RaftStorageDirectory (RaftStorageDirectory.java:analyzeStorage(246)) - The storage directory /workdir/hadoop-ozone/integration-test/target/test-dir/MiniOzoneClusterImpl-6d54b700-d8a9-4c41-8dd0-ed0139d9985f/datanode-2/data/ratis/685c3351-04e3-4386-8a9a-2113bbd44459 does not exist. Creating ...
2019-10-02 05:59:32,778 [pool-207-thread-1] INFO  server.RaftServerConfigKeys (ConfUtils.java:logGet(43)) - raft.server.log.appender.install.snapshot.enabled = false (custom)
2019-10-02 05:59:32,778 [pool-217-thread-1] INFO  server.RaftServerConfigKeys (ConfUtils.java:logGet(43)) - raft.server.log.appender.install.snapshot.enabled = false (custom)
2019-10-02 05:59:32,778 [pool-207-thread-1] INFO  impl.RaftServerImpl (ServerState.java:<init>(103)) - 02183d65-95ec-4dfc-9f0a-d3560127e420@group-2113BBD44459: ConfigurationManager, init=-1: [dad25ee9-8ea5-4f1c-9f33-3809fe7bf507:192.168.164.241:39128, 7c17948c-1cd0-4417-ab99-6c36b2a081be:192.168.164.241:42293, 02183d65-95ec-4dfc-9f0a-d3560127e420:192.168.164.241:35863], old=null, confs=<EMPTY_MAP>
2019-10-02 05:59:32,778 [pool-217-thread-1] INFO  impl.RaftServerImpl (ServerState.java:<init>(103)) - 7c17948c-1cd0-4417-ab99-6c36b2a081be@group-2113BBD44459: ConfigurationManager, init=-1: [dad25ee9-8ea5-4f1c-9f33-3809fe7bf507:192.168.164.241:39128, 7c17948c-1cd0-4417-ab99-6c36b2a081be:192.168.164.241:42293, 02183d65-95ec-4dfc-9f0a-d3560127e420:192.168.164.241:35863], old=null, confs=<EMPTY_MAP>
2019-10-02 05:59:32,779 [pool-207-thread-1] INFO  server.RaftServerConfigKeys (ConfUtils.java:logGet(43)) - raft.server.storage.dir = [/workdir/hadoop-ozone/integration-test/target/test-dir/MiniOzoneClusterImpl-6d54b700-d8a9-4c41-8dd0-ed0139d9985f/datanode-0/data/ratis] (custom)
2019-10-02 05:59:32,779 [pool-217-thread-1] INFO  server.RaftServerConfigKeys (ConfUtils.java:logGet(43)) - raft.server.storage.dir = [/workdir/hadoop-ozone/integration-test/target/test-dir/MiniOzoneClusterImpl-6d54b700-d8a9-4c41-8dd0-ed0139d9985f/datanode-1/data/ratis] (custom)
2019-10-02 05:59:32,779 [pool-207-thread-1] INFO  server.RaftServerConfigKeys (ConfUtils.java:logGet(43)) - raft.server.log.corruption.policy = EXCEPTION (default)
2019-10-02 05:59:32,779 [pool-217-thread-1] INFO  server.RaftServerConfigKeys (ConfUtils.java:logGet(43)) - raft.server.log.corruption.policy = EXCEPTION (default)
2019-10-02 05:59:32,779 [pool-207-thread-1] INFO  storage.RaftStorageDirectory (RaftStorageDirectory.java:analyzeStorage(246)) - The storage directory /workdir/hadoop-ozone/integration-test/target/test-dir/MiniOzoneClusterImpl-6d54b700-d8a9-4c41-8dd0-ed0139d9985f/datanode-0/data/ratis/685c3351-04e3-4386-8a9a-2113bbd44459 does not exist. Creating ...
2019-10-02 05:59:32,779 [pool-217-thread-1] INFO  storage.RaftStorageDirectory (RaftStorageDirectory.java:analyzeStorage(246)) - The storage directory /workdir/hadoop-ozone/integration-test/target/test-dir/MiniOzoneClusterImpl-6d54b700-d8a9-4c41-8dd0-ed0139d9985f/datanode-1/data/ratis/685c3351-04e3-4386-8a9a-2113bbd44459 does not exist. Creating ...
2019-10-02 05:59:32,804 [pool-217-thread-1] INFO  storage.RaftStorageDirectory (RaftStorageDirectory.java:tryLock(328)) - Lock on /workdir/hadoop-ozone/integration-test/target/test-dir/MiniOzoneClusterImpl-6d54b700-d8a9-4c41-8dd0-ed0139d9985f/datanode-1/data/ratis/685c3351-04e3-4386-8a9a-2113bbd44459/in_use.lock acquired by nodename 15596@trunk-nightly-20191002-p7fms-2058464235
2019-10-02 05:59:32,804 [pool-227-thread-1] INFO  storage.RaftStorageDirectory (RaftStorageDirectory.java:tryLock(328)) - Lock on /workdir/hadoop-ozone/integration-test/target/test-dir/MiniOzoneClusterImpl-6d54b700-d8a9-4c41-8dd0-ed0139d9985f/datanode-2/data/ratis/685c3351-04e3-4386-8a9a-2113bbd44459/in_use.lock acquired by nodename 15596@trunk-nightly-20191002-p7fms-2058464235
2019-10-02 05:59:32,804 [pool-207-thread-1] INFO  storage.RaftStorageDirectory (RaftStorageDirectory.java:tryLock(328)) - Lock on /workdir/hadoop-ozone/integration-test/target/test-dir/MiniOzoneClusterImpl-6d54b700-d8a9-4c41-8dd0-ed0139d9985f/datanode-0/data/ratis/685c3351-04e3-4386-8a9a-2113bbd44459/in_use.lock acquired by nodename 15596@trunk-nightly-20191002-p7fms-2058464235
2019-10-02 05:59:32,815 [IPC Server handler 1 on 37106] INFO  net.NetworkTopology (NetworkTopologyImpl.java:add(111)) - Added a new node: /default-rack/a4e4bb75-b37e-4058-bf3c-4811fa34078a
2019-10-02 05:59:32,815 [IPC Server handler 1 on 37106] INFO  node.SCMNodeManager (SCMNodeManager.java:register(266)) - Registered Data node : a4e4bb75-b37e-4058-bf3c-4811fa34078a{ip: 192.168.164.241, host: trunk-nightly-20191002-p7fms-2058464235, networkLocation: /default-rack, certSerialId: null}
2019-10-02 05:59:32,818 [pool-217-thread-1] INFO  storage.RaftStorage (RaftStorage.java:format(84)) - Storage directory /workdir/hadoop-ozone/integration-test/target/test-dir/MiniOzoneClusterImpl-6d54b700-d8a9-4c41-8dd0-ed0139d9985f/datanode-1/data/ratis/685c3351-04e3-4386-8a9a-2113bbd44459 has been successfully formatted.
2019-10-02 05:59:32,819 [pool-227-thread-1] INFO  storage.RaftStorage (RaftStorage.java:format(84)) - Storage directory /workdir/hadoop-ozone/integration-test/target/test-dir/MiniOzoneClusterImpl-6d54b700-d8a9-4c41-8dd0-ed0139d9985f/datanode-2/data/ratis/685c3351-04e3-4386-8a9a-2113bbd44459 has been successfully formatted.
2019-10-02 05:59:32,818 [pool-207-thread-1] INFO  storage.RaftStorage (RaftStorage.java:format(84)) - Storage directory /workdir/hadoop-ozone/integration-test/target/test-dir/MiniOzoneClusterImpl-6d54b700-d8a9-4c41-8dd0-ed0139d9985f/datanode-0/data/ratis/685c3351-04e3-4386-8a9a-2113bbd44459 has been successfully formatted.
2019-10-02 05:59:32,819 [pool-227-thread-1] INFO  ratis.ContainerStateMachine (ContainerStateMachine.java:loadSnapshot(230)) - group-2113BBD44459: The snapshot info is null. Setting the last applied indexto:(t:0, i:~)
2019-10-02 05:59:32,819 [pool-207-thread-1] INFO  ratis.ContainerStateMachine (ContainerStateMachine.java:loadSnapshot(230)) - group-2113BBD44459: The snapshot info is null. Setting the last applied indexto:(t:0, i:~)
2019-10-02 05:59:32,819 [pool-217-thread-1] INFO  ratis.ContainerStateMachine (ContainerStateMachine.java:loadSnapshot(230)) - group-2113BBD44459: The snapshot info is null. Setting the last applied indexto:(t:0, i:~)
2019-10-02 05:59:32,819 [pool-207-thread-1] INFO  server.RaftServerConfigKeys (ConfUtils.java:logGet(43)) - raft.server.notification.no-leader.timeout = 120s (custom)
2019-10-02 05:59:32,819 [pool-227-thread-1] INFO  server.RaftServerConfigKeys (ConfUtils.java:logGet(43)) - raft.server.notification.no-leader.timeout = 120s (custom)
2019-10-02 05:59:32,819 [pool-207-thread-1] INFO  server.RaftServerConfigKeys (ConfUtils.java:logGet(43)) - raft.server.log.use.memory = false (default)
2019-10-02 05:59:32,819 [pool-217-thread-1] INFO  server.RaftServerConfigKeys (ConfUtils.java:logGet(43)) - raft.server.notification.no-leader.timeout = 120s (custom)
2019-10-02 05:59:32,820 [pool-207-thread-1] INFO  server.RaftServerConfigKeys (ConfUtils.java:logGet(43)) - raft.server.log.purge.gap = 1000000 (custom)
2019-10-02 05:59:32,820 [pool-207-thread-1] INFO  server.RaftServerConfigKeys (ConfUtils.java:logGet(43)) - raft.server.log.appender.buffer.byte-limit = 33554432 (custom)
2019-10-02 05:59:32,819 [pool-227-thread-1] INFO  server.RaftServerConfigKeys (ConfUtils.java:logGet(43)) - raft.server.log.use.memory = false (default)
2019-10-02 05:59:32,820 [pool-207-thread-1] INFO  server.RaftServerConfigKeys (ConfUtils.java:logGet(43)) - raft.server.log.segment.size.max = 1048576 (custom)
2019-10-02 05:59:32,820 [pool-217-thread-1] INFO  server.RaftServerConfigKeys (ConfUtils.java:logGet(43)) - raft.server.log.use.memory = false (default)
2019-10-02 05:59:32,820 [pool-207-thread-1] INFO  server.RaftServerConfigKeys (ConfUtils.java:logGet(43)) - raft.server.log.segment.cache.num.max = 2 (custom)
2019-10-02 05:59:32,820 [pool-227-thread-1] INFO  server.RaftServerConfigKeys (ConfUtils.java:logGet(43)) - raft.server.log.purge.gap = 1000000 (custom)
2019-10-02 05:59:32,820 [pool-207-thread-1] INFO  segmented.SegmentedRaftLogWorker (SegmentedRaftLogWorker.java:<init>(173)) - new 02183d65-95ec-4dfc-9f0a-d3560127e420@group-2113BBD44459-SegmentedRaftLogWorker for RaftStorage:Storage Directory /workdir/hadoop-ozone/integration-test/target/test-dir/MiniOzoneClusterImpl-6d54b700-d8a9-4c41-8dd0-ed0139d9985f/datanode-0/data/ratis/685c3351-04e3-4386-8a9a-2113bbd44459
2019-10-02 05:59:32,820 [pool-217-thread-1] INFO  server.RaftServerConfigKeys (ConfUtils.java:logGet(43)) - raft.server.log.purge.gap = 1000000 (custom)
2019-10-02 05:59:32,821 [pool-207-thread-1] INFO  server.RaftServerConfigKeys (ConfUtils.java:logGet(43)) - raft.server.log.queue.byte-limit = 2147483647 (custom)
2019-10-02 05:59:32,821 [pool-227-thread-1] INFO  server.RaftServerConfigKeys (ConfUtils.java:logGet(43)) - raft.server.log.appender.buffer.byte-limit = 33554432 (custom)
2019-10-02 05:59:32,821 [pool-207-thread-1] INFO  server.RaftServerConfigKeys (ConfUtils.java:logGet(43)) - raft.server.log.queue.element-limit = 1024 (custom)
2019-10-02 05:59:32,821 [pool-217-thread-1] INFO  server.RaftServerConfigKeys (ConfUtils.java:logGet(43)) - raft.server.log.appender.buffer.byte-limit = 33554432 (custom)
2019-10-02 05:59:32,821 [pool-207-thread-1] INFO  server.RaftServerConfigKeys (ConfUtils.java:logGet(43)) - raft.server.log.segment.size.max = 1048576 (custom)
2019-10-02 05:59:32,821 [pool-227-thread-1] INFO  server.RaftServerConfigKeys (ConfUtils.java:logGet(43)) - raft.server.log.segment.size.max = 1048576 (custom)
2019-10-02 05:59:32,821 [pool-207-thread-1] INFO  server.RaftServerConfigKeys (ConfUtils.java:logGet(43)) - raft.server.log.preallocated.size = 16384 (custom)
2019-10-02 05:59:32,822 [pool-207-thread-1] INFO  server.RaftServerConfigKeys (ConfUtils.java:logGet(43)) - raft.server.log.write.buffer.size = 33554432 (custom)
2019-10-02 05:59:32,821 [pool-217-thread-1] INFO  server.RaftServerConfigKeys (ConfUtils.java:logGet(43)) - raft.server.log.segment.size.max = 1048576 (custom)
2019-10-02 05:59:32,822 [pool-207-thread-1] INFO  server.RaftServerConfigKeys (ConfUtils.java:logGet(43)) - raft.server.log.force.sync.num = 128 (default)
2019-10-02 05:59:32,821 [pool-227-thread-1] INFO  server.RaftServerConfigKeys (ConfUtils.java:logGet(43)) - raft.server.log.segment.cache.num.max = 2 (custom)
2019-10-02 05:59:32,822 [pool-207-thread-1] INFO  server.RaftServerConfigKeys (ConfUtils.java:logGet(43)) - raft.server.log.statemachine.data.sync = true (default)
2019-10-02 05:59:32,822 [pool-217-thread-1] INFO  server.RaftServerConfigKeys (ConfUtils.java:logGet(43)) - raft.server.log.segment.cache.num.max = 2 (custom)
2019-10-02 05:59:32,822 [pool-207-thread-1] INFO  server.RaftServerConfigKeys (ConfUtils.java:logGet(43)) - raft.server.log.statemachine.data.sync.timeout = 10s (default)
2019-10-02 05:59:32,822 [pool-227-thread-1] INFO  segmented.SegmentedRaftLogWorker (SegmentedRaftLogWorker.java:<init>(173)) - new dad25ee9-8ea5-4f1c-9f33-3809fe7bf507@group-2113BBD44459-SegmentedRaftLogWorker for RaftStorage:Storage Directory /workdir/hadoop-ozone/integration-test/target/test-dir/MiniOzoneClusterImpl-6d54b700-d8a9-4c41-8dd0-ed0139d9985f/datanode-2/data/ratis/685c3351-04e3-4386-8a9a-2113bbd44459
2019-10-02 05:59:32,822 [pool-207-thread-1] INFO  server.RaftServerConfigKeys (ConfUtils.java:logGet(43)) - raft.server.log.statemachine.data.sync.timeout.retry = -1 (default)
2019-10-02 05:59:32,822 [pool-217-thread-1] INFO  segmented.SegmentedRaftLogWorker (SegmentedRaftLogWorker.java:<init>(173)) - new 7c17948c-1cd0-4417-ab99-6c36b2a081be@group-2113BBD44459-SegmentedRaftLogWorker for RaftStorage:Storage Directory /workdir/hadoop-ozone/integration-test/target/test-dir/MiniOzoneClusterImpl-6d54b700-d8a9-4c41-8dd0-ed0139d9985f/datanode-1/data/ratis/685c3351-04e3-4386-8a9a-2113bbd44459
2019-10-02 05:59:32,823 [pool-227-thread-1] INFO  server.RaftServerConfigKeys (ConfUtils.java:logGet(43)) - raft.server.log.queue.byte-limit = 2147483647 (custom)
2019-10-02 05:59:32,823 [pool-207-thread-1] INFO  server.RaftServerConfigKeys (ConfUtils.java:logGet(43)) - raft.server.log.statemachine.data.caching.enabled = true (custom)
2019-10-02 05:59:32,823 [pool-217-thread-1] INFO  server.RaftServerConfigKeys (ConfUtils.java:logGet(43)) - raft.server.log.queue.byte-limit = 2147483647 (custom)
2019-10-02 05:59:32,823 [pool-227-thread-1] INFO  server.RaftServerConfigKeys (ConfUtils.java:logGet(43)) - raft.server.log.queue.element-limit = 1024 (custom)
2019-10-02 05:59:32,823 [pool-207-thread-1] INFO  segmented.SegmentedRaftLogWorker (SegmentedRaftLogWorker.java:lambda$new$0(128)) - 02183d65-95ec-4dfc-9f0a-d3560127e420@group-2113BBD44459-SegmentedRaftLogWorker: flushIndex: setUnconditionally 0 -> -1
2019-10-02 05:59:32,823 [pool-217-thread-1] INFO  server.RaftServerConfigKeys (ConfUtils.java:logGet(43)) - raft.server.log.queue.element-limit = 1024 (custom)
2019-10-02 05:59:32,823 [pool-227-thread-1] INFO  server.RaftServerConfigKeys (ConfUtils.java:logGet(43)) - raft.server.log.segment.size.max = 1048576 (custom)
2019-10-02 05:59:32,823 [pool-207-thread-1] INFO  server.RaftServerConfigKeys (ConfUtils.java:logGet(43)) - raft.server.snapshot.auto.trigger.enabled = true (custom)
2019-10-02 05:59:32,823 [pool-217-thread-1] INFO  server.RaftServerConfigKeys (ConfUtils.java:logGet(43)) - raft.server.log.segment.size.max = 1048576 (custom)
2019-10-02 05:59:32,824 [pool-207-thread-1] INFO  server.RaftServerConfigKeys (ConfUtils.java:logGet(43)) - raft.server.snapshot.auto.trigger.threshold = 10000 (custom)
2019-10-02 05:59:32,823 [pool-227-thread-1] INFO  server.RaftServerConfigKeys (ConfUtils.java:logGet(43)) - raft.server.log.preallocated.size = 16384 (custom)
2019-10-02 05:59:32,824 [pool-207-thread-1] INFO  server.RaftServerConfigKeys (ConfUtils.java:logGet(43)) - raft.server.snapshot.retention.file.num = 5 (custom)
2019-10-02 05:59:32,824 [pool-217-thread-1] INFO  server.RaftServerConfigKeys (ConfUtils.java:logGet(43)) - raft.server.log.preallocated.size = 16384 (custom)
2019-10-02 05:59:32,824 [pool-207-thread-1] INFO  server.RaftServerConfigKeys (ConfUtils.java:logGet(43)) - raft.server.retrycache.expirytime = 600000ms (custom)
2019-10-02 05:59:32,824 [pool-227-thread-1] INFO  server.RaftServerConfigKeys (ConfUtils.java:logGet(43)) - raft.server.log.write.buffer.size = 33554432 (custom)
2019-10-02 05:59:32,824 [pool-217-thread-1] INFO  server.RaftServerConfigKeys (ConfUtils.java:logGet(43)) - raft.server.log.write.buffer.size = 33554432 (custom)
2019-10-02 05:59:32,824 [pool-227-thread-1] INFO  server.RaftServerConfigKeys (ConfUtils.java:logGet(43)) - raft.server.log.force.sync.num = 128 (default)
2019-10-02 05:59:32,824 [pool-217-thread-1] INFO  server.RaftServerConfigKeys (ConfUtils.java:logGet(43)) - raft.server.log.force.sync.num = 128 (default)
2019-10-02 05:59:32,824 [pool-227-thread-1] INFO  server.RaftServerConfigKeys (ConfUtils.java:logGet(43)) - raft.server.log.statemachine.data.sync = true (default)
2019-10-02 05:59:32,824 [pool-217-thread-1] INFO  server.RaftServerConfigKeys (ConfUtils.java:logGet(43)) - raft.server.log.statemachine.data.sync = true (default)
2019-10-02 05:59:32,825 [pool-227-thread-1] INFO  server.RaftServerConfigKeys (ConfUtils.java:logGet(43)) - raft.server.log.statemachine.data.sync.timeout = 10s (default)
2019-10-02 05:59:32,825 [pool-217-thread-1] INFO  server.RaftServerConfigKeys (ConfUtils.java:logGet(43)) - raft.server.log.statemachine.data.sync.timeout = 10s (default)
2019-10-02 05:59:32,825 [pool-227-thread-1] INFO  server.RaftServerConfigKeys (ConfUtils.java:logGet(43)) - raft.server.log.statemachine.data.sync.timeout.retry = -1 (default)
2019-10-02 05:59:32,825 [pool-217-thread-1] INFO  server.RaftServerConfigKeys (ConfUtils.java:logGet(43)) - raft.server.log.statemachine.data.sync.timeout.retry = -1 (default)
2019-10-02 05:59:32,825 [pool-227-thread-1] INFO  server.RaftServerConfigKeys (ConfUtils.java:logGet(43)) - raft.server.log.statemachine.data.caching.enabled = true (custom)
2019-10-02 05:59:32,825 [pool-217-thread-1] INFO  server.RaftServerConfigKeys (ConfUtils.java:logGet(43)) - raft.server.log.statemachine.data.caching.enabled = true (custom)
2019-10-02 05:59:32,825 [pool-227-thread-1] INFO  segmented.SegmentedRaftLogWorker (SegmentedRaftLogWorker.java:lambda$new$0(128)) - dad25ee9-8ea5-4f1c-9f33-3809fe7bf507@group-2113BBD44459-SegmentedRaftLogWorker: flushIndex: setUnconditionally 0 -> -1
2019-10-02 05:59:32,825 [pool-217-thread-1] INFO  segmented.SegmentedRaftLogWorker (SegmentedRaftLogWorker.java:lambda$new$0(128)) - 7c17948c-1cd0-4417-ab99-6c36b2a081be@group-2113BBD44459-SegmentedRaftLogWorker: flushIndex: setUnconditionally 0 -> -1
2019-10-02 05:59:32,825 [pool-227-thread-1] INFO  server.RaftServerConfigKeys (ConfUtils.java:logGet(43)) - raft.server.snapshot.auto.trigger.enabled = true (custom)
2019-10-02 05:59:32,825 [pool-227-thread-1] INFO  server.RaftServerConfigKeys (ConfUtils.java:logGet(43)) - raft.server.snapshot.auto.trigger.threshold = 10000 (custom)
2019-10-02 05:59:32,825 [pool-217-thread-1] INFO  server.RaftServerConfigKeys (ConfUtils.java:logGet(43)) - raft.server.snapshot.auto.trigger.enabled = true (custom)
2019-10-02 05:59:32,826 [pool-227-thread-1] INFO  server.RaftServerConfigKeys (ConfUtils.java:logGet(43)) - raft.server.snapshot.retention.file.num = 5 (custom)
2019-10-02 05:59:32,826 [pool-217-thread-1] INFO  server.RaftServerConfigKeys (ConfUtils.java:logGet(43)) - raft.server.snapshot.auto.trigger.threshold = 10000 (custom)
2019-10-02 05:59:32,826 [pool-227-thread-1] INFO  server.RaftServerConfigKeys (ConfUtils.java:logGet(43)) - raft.server.retrycache.expirytime = 600000ms (custom)
2019-10-02 05:59:32,826 [pool-207-thread-1] INFO  impl.RaftServerImpl (RaftServerImpl.java:start(181)) - 02183d65-95ec-4dfc-9f0a-d3560127e420@group-2113BBD44459: start as a follower, conf=-1: [dad25ee9-8ea5-4f1c-9f33-3809fe7bf507:192.168.164.241:39128, 7c17948c-1cd0-4417-ab99-6c36b2a081be:192.168.164.241:42293, 02183d65-95ec-4dfc-9f0a-d3560127e420:192.168.164.241:35863], old=null
2019-10-02 05:59:32,826 [pool-217-thread-1] INFO  server.RaftServerConfigKeys (ConfUtils.java:logGet(43)) - raft.server.snapshot.retention.file.num = 5 (custom)
2019-10-02 05:59:32,826 [pool-207-thread-1] INFO  impl.RaftServerImpl (RaftServerImpl.java:setRole(170)) - 02183d65-95ec-4dfc-9f0a-d3560127e420@group-2113BBD44459: changes role from      null to FOLLOWER at term 0 for startAsFollower
2019-10-02 05:59:32,826 [pool-217-thread-1] INFO  server.RaftServerConfigKeys (ConfUtils.java:logGet(43)) - raft.server.retrycache.expirytime = 600000ms (custom)
2019-10-02 05:59:32,826 [pool-207-thread-1] INFO  impl.RoleInfo (RoleInfo.java:updateAndGet(143)) - 02183d65-95ec-4dfc-9f0a-d3560127e420: start FollowerState
2019-10-02 05:59:32,826 [pool-207-thread-1] INFO  util.JmxRegister (JmxRegister.java:tryRegister(44)) - Successfully registered JMX Bean with object name Ratis:service=RaftServer,group=group-2113BBD44459,id=02183d65-95ec-4dfc-9f0a-d3560127e420
2019-10-02 05:59:32,828 [pool-227-thread-1] INFO  impl.RaftServerImpl (RaftServerImpl.java:start(181)) - dad25ee9-8ea5-4f1c-9f33-3809fe7bf507@group-2113BBD44459: start as a follower, conf=-1: [dad25ee9-8ea5-4f1c-9f33-3809fe7bf507:192.168.164.241:39128, 7c17948c-1cd0-4417-ab99-6c36b2a081be:192.168.164.241:42293, 02183d65-95ec-4dfc-9f0a-d3560127e420:192.168.164.241:35863], old=null
2019-10-02 05:59:32,828 [pool-227-thread-1] INFO  impl.RaftServerImpl (RaftServerImpl.java:setRole(170)) - dad25ee9-8ea5-4f1c-9f33-3809fe7bf507@group-2113BBD44459: changes role from      null to FOLLOWER at term 0 for startAsFollower
2019-10-02 05:59:32,828 [pool-227-thread-1] INFO  impl.RoleInfo (RoleInfo.java:updateAndGet(143)) - dad25ee9-8ea5-4f1c-9f33-3809fe7bf507: start FollowerState
2019-10-02 05:59:32,828 [pool-227-thread-1] INFO  util.JmxRegister (JmxRegister.java:tryRegister(44)) - Successfully registered JMX Bean with object name Ratis:service=RaftServer,group=group-2113BBD44459,id=dad25ee9-8ea5-4f1c-9f33-3809fe7bf507
2019-10-02 05:59:32,828 [pool-217-thread-1] INFO  impl.RaftServerImpl (RaftServerImpl.java:start(181)) - 7c17948c-1cd0-4417-ab99-6c36b2a081be@group-2113BBD44459: start as a follower, conf=-1: [dad25ee9-8ea5-4f1c-9f33-3809fe7bf507:192.168.164.241:39128, 7c17948c-1cd0-4417-ab99-6c36b2a081be:192.168.164.241:42293, 02183d65-95ec-4dfc-9f0a-d3560127e420:192.168.164.241:35863], old=null
2019-10-02 05:59:32,828 [pool-217-thread-1] INFO  impl.RaftServerImpl (RaftServerImpl.java:setRole(170)) - 7c17948c-1cd0-4417-ab99-6c36b2a081be@group-2113BBD44459: changes role from      null to FOLLOWER at term 0 for startAsFollower
2019-10-02 05:59:32,828 [pool-217-thread-1] INFO  impl.RoleInfo (RoleInfo.java:updateAndGet(143)) - 7c17948c-1cd0-4417-ab99-6c36b2a081be: start FollowerState
2019-10-02 05:59:32,829 [pool-217-thread-1] INFO  util.JmxRegister (JmxRegister.java:tryRegister(44)) - Successfully registered JMX Bean with object name Ratis:service=RaftServer,group=group-2113BBD44459,id=7c17948c-1cd0-4417-ab99-6c36b2a081be
2019-10-02 05:59:32,832 [RatisPipelineUtilsThread] INFO  pipeline.PipelineStateManager (PipelineStateManager.java:addPipeline(56)) - Created pipeline Pipeline[ Id: 685c3351-04e3-4386-8a9a-2113bbd44459, Nodes: dad25ee9-8ea5-4f1c-9f33-3809fe7bf507{ip: 192.168.164.241, host: trunk-nightly-20191002-p7fms-2058464235, networkLocation: /default-rack, certSerialId: null}02183d65-95ec-4dfc-9f0a-d3560127e420{ip: 192.168.164.241, host: trunk-nightly-20191002-p7fms-2058464235, networkLocation: /default-rack, certSerialId: null}7c17948c-1cd0-4417-ab99-6c36b2a081be{ip: 192.168.164.241, host: trunk-nightly-20191002-p7fms-2058464235, networkLocation: /default-rack, certSerialId: null}, Type:RATIS, Factor:THREE, State:OPEN]
2019-10-02 05:59:32,920 [IPC Server handler 2 on 37106] INFO  net.NetworkTopology (NetworkTopologyImpl.java:add(111)) - Added a new node: /default-rack/171d1809-9781-4cd7-8ce4-b2a50abad472
2019-10-02 05:59:32,920 [IPC Server handler 2 on 37106] INFO  node.SCMNodeManager (SCMNodeManager.java:register(266)) - Registered Data node : 171d1809-9781-4cd7-8ce4-b2a50abad472{ip: 192.168.164.241, host: trunk-nightly-20191002-p7fms-2058464235, networkLocation: /default-rack, certSerialId: null}
2019-10-02 05:59:32,929 [grpc-default-executor-1] INFO  impl.RaftServerProxy (RaftServerProxy.java:addNew(89)) - a4e4bb75-b37e-4058-bf3c-4811fa34078a: addNew group-655F8714D436:[a4e4bb75-b37e-4058-bf3c-4811fa34078a:192.168.164.241:44547] returns group-655F8714D436:java.util.concurrent.CompletableFuture@4913b3cf[Not completed]
2019-10-02 05:59:32,934 [pool-237-thread-1] INFO  impl.RaftServerImpl (RaftServerImpl.java:<init>(95)) - a4e4bb75-b37e-4058-bf3c-4811fa34078a: new RaftServerImpl for group-655F8714D436:[a4e4bb75-b37e-4058-bf3c-4811fa34078a:192.168.164.241:44547] with ContainerStateMachine:uninitialized
2019-10-02 05:59:32,935 [pool-237-thread-1] INFO  server.RaftServerConfigKeys (ConfUtils.java:logGet(43)) - raft.server.rpc.timeout.min = 5s (custom)
2019-10-02 05:59:32,935 [pool-237-thread-1] INFO  server.RaftServerConfigKeys (ConfUtils.java:logGet(43)) - raft.server.rpc.timeout.max = 5200ms (custom)
2019-10-02 05:59:32,935 [pool-237-thread-1] INFO  server.RaftServerConfigKeys (ConfUtils.java:logGet(43)) - raft.server.rpcslowness.timeout = 120s (custom)
2019-10-02 05:59:32,935 [pool-237-thread-1] INFO  server.RaftServerConfigKeys (ConfUtils.java:logGet(43)) - raft.server.sleep.deviation.threshold = 300 (default)
2019-10-02 05:59:32,936 [pool-237-thread-1] INFO  server.RaftServerConfigKeys (ConfUtils.java:logGet(43)) - raft.server.log.appender.install.snapshot.enabled = false (custom)
2019-10-02 05:59:32,936 [pool-237-thread-1] INFO  impl.RaftServerImpl (ServerState.java:<init>(103)) - a4e4bb75-b37e-4058-bf3c-4811fa34078a@group-655F8714D436: ConfigurationManager, init=-1: [a4e4bb75-b37e-4058-bf3c-4811fa34078a:192.168.164.241:44547], old=null, confs=<EMPTY_MAP>
2019-10-02 05:59:32,936 [pool-237-thread-1] INFO  server.RaftServerConfigKeys (ConfUtils.java:logGet(43)) - raft.server.storage.dir = [/workdir/hadoop-ozone/integration-test/target/test-dir/MiniOzoneClusterImpl-6d54b700-d8a9-4c41-8dd0-ed0139d9985f/datanode-3/data/ratis] (custom)
2019-10-02 05:59:32,937 [pool-237-thread-1] INFO  server.RaftServerConfigKeys (ConfUtils.java:logGet(43)) - raft.server.log.corruption.policy = EXCEPTION (default)
2019-10-02 05:59:32,937 [pool-237-thread-1] INFO  storage.RaftStorageDirectory (RaftStorageDirectory.java:analyzeStorage(246)) - The storage directory /workdir/hadoop-ozone/integration-test/target/test-dir/MiniOzoneClusterImpl-6d54b700-d8a9-4c41-8dd0-ed0139d9985f/datanode-3/data/ratis/251175e6-a4e7-48e0-9ae0-655f8714d436 does not exist. Creating ...
2019-10-02 05:59:32,941 [pool-237-thread-1] INFO  storage.RaftStorageDirectory (RaftStorageDirectory.java:tryLock(328)) - Lock on /workdir/hadoop-ozone/integration-test/target/test-dir/MiniOzoneClusterImpl-6d54b700-d8a9-4c41-8dd0-ed0139d9985f/datanode-3/data/ratis/251175e6-a4e7-48e0-9ae0-655f8714d436/in_use.lock acquired by nodename 15596@trunk-nightly-20191002-p7fms-2058464235
2019-10-02 05:59:32,945 [pool-237-thread-1] INFO  storage.RaftStorage (RaftStorage.java:format(84)) - Storage directory /workdir/hadoop-ozone/integration-test/target/test-dir/MiniOzoneClusterImpl-6d54b700-d8a9-4c41-8dd0-ed0139d9985f/datanode-3/data/ratis/251175e6-a4e7-48e0-9ae0-655f8714d436 has been successfully formatted.
2019-10-02 05:59:32,945 [pool-237-thread-1] INFO  ratis.ContainerStateMachine (ContainerStateMachine.java:loadSnapshot(230)) - group-655F8714D436: The snapshot info is null. Setting the last applied indexto:(t:0, i:~)
2019-10-02 05:59:32,945 [pool-237-thread-1] INFO  server.RaftServerConfigKeys (ConfUtils.java:logGet(43)) - raft.server.notification.no-leader.timeout = 120s (custom)
2019-10-02 05:59:32,945 [pool-237-thread-1] INFO  server.RaftServerConfigKeys (ConfUtils.java:logGet(43)) - raft.server.log.use.memory = false (default)
2019-10-02 05:59:32,945 [pool-237-thread-1] INFO  server.RaftServerConfigKeys (ConfUtils.java:logGet(43)) - raft.server.log.purge.gap = 1000000 (custom)
2019-10-02 05:59:32,945 [pool-237-thread-1] INFO  server.RaftServerConfigKeys (ConfUtils.java:logGet(43)) - raft.server.log.appender.buffer.byte-limit = 33554432 (custom)
2019-10-02 05:59:32,946 [pool-237-thread-1] INFO  server.RaftServerConfigKeys (ConfUtils.java:logGet(43)) - raft.server.log.segment.size.max = 1048576 (custom)
2019-10-02 05:59:32,948 [pool-237-thread-1] INFO  server.RaftServerConfigKeys (ConfUtils.java:logGet(43)) - raft.server.log.segment.cache.num.max = 2 (custom)
2019-10-02 05:59:32,948 [pool-237-thread-1] INFO  segmented.SegmentedRaftLogWorker (SegmentedRaftLogWorker.java:<init>(173)) - new a4e4bb75-b37e-4058-bf3c-4811fa34078a@group-655F8714D436-SegmentedRaftLogWorker for RaftStorage:Storage Directory /workdir/hadoop-ozone/integration-test/target/test-dir/MiniOzoneClusterImpl-6d54b700-d8a9-4c41-8dd0-ed0139d9985f/datanode-3/data/ratis/251175e6-a4e7-48e0-9ae0-655f8714d436
2019-10-02 05:59:32,948 [pool-237-thread-1] INFO  server.RaftServerConfigKeys (ConfUtils.java:logGet(43)) - raft.server.log.queue.byte-limit = 2147483647 (custom)
2019-10-02 05:59:32,948 [pool-237-thread-1] INFO  server.RaftServerConfigKeys (ConfUtils.java:logGet(43)) - raft.server.log.queue.element-limit = 1024 (custom)
2019-10-02 05:59:32,948 [pool-237-thread-1] INFO  server.RaftServerConfigKeys (ConfUtils.java:logGet(43)) - raft.server.log.segment.size.max = 1048576 (custom)
2019-10-02 05:59:32,948 [pool-237-thread-1] INFO  server.RaftServerConfigKeys (ConfUtils.java:logGet(43)) - raft.server.log.preallocated.size = 16384 (custom)
2019-10-02 05:59:32,949 [pool-237-thread-1] INFO  server.RaftServerConfigKeys (ConfUtils.java:logGet(43)) - raft.server.log.write.buffer.size = 33554432 (custom)
2019-10-02 05:59:32,949 [pool-237-thread-1] INFO  server.RaftServerConfigKeys (ConfUtils.java:logGet(43)) - raft.server.log.force.sync.num = 128 (default)
2019-10-02 05:59:32,949 [pool-237-thread-1] INFO  server.RaftServerConfigKeys (ConfUtils.java:logGet(43)) - raft.server.log.statemachine.data.sync = true (default)
2019-10-02 05:59:32,949 [pool-237-thread-1] INFO  server.RaftServerConfigKeys (ConfUtils.java:logGet(43)) - raft.server.log.statemachine.data.sync.timeout = 10s (default)
2019-10-02 05:59:32,949 [pool-237-thread-1] INFO  server.RaftServerConfigKeys (ConfUtils.java:logGet(43)) - raft.server.log.statemachine.data.sync.timeout.retry = -1 (default)
2019-10-02 05:59:32,950 [pool-237-thread-1] INFO  server.RaftServerConfigKeys (ConfUtils.java:logGet(43)) - raft.server.log.statemachine.data.caching.enabled = true (custom)
2019-10-02 05:59:32,950 [pool-237-thread-1] INFO  segmented.SegmentedRaftLogWorker (SegmentedRaftLogWorker.java:lambda$new$0(128)) - a4e4bb75-b37e-4058-bf3c-4811fa34078a@group-655F8714D436-SegmentedRaftLogWorker: flushIndex: setUnconditionally 0 -> -1
2019-10-02 05:59:32,950 [pool-237-thread-1] INFO  server.RaftServerConfigKeys (ConfUtils.java:logGet(43)) - raft.server.snapshot.auto.trigger.enabled = true (custom)
2019-10-02 05:59:32,951 [pool-237-thread-1] INFO  server.RaftServerConfigKeys (ConfUtils.java:logGet(43)) - raft.server.snapshot.auto.trigger.threshold = 10000 (custom)
2019-10-02 05:59:32,951 [pool-237-thread-1] INFO  server.RaftServerConfigKeys (ConfUtils.java:logGet(43)) - raft.server.snapshot.retention.file.num = 5 (custom)
2019-10-02 05:59:32,951 [pool-237-thread-1] INFO  server.RaftServerConfigKeys (ConfUtils.java:logGet(43)) - raft.server.retrycache.expirytime = 600000ms (custom)
2019-10-02 05:59:32,954 [pool-237-thread-1] INFO  impl.RaftServerImpl (RaftServerImpl.java:start(181)) - a4e4bb75-b37e-4058-bf3c-4811fa34078a@group-655F8714D436: start as a follower, conf=-1: [a4e4bb75-b37e-4058-bf3c-4811fa34078a:192.168.164.241:44547], old=null
2019-10-02 05:59:32,954 [pool-237-thread-1] INFO  impl.RaftServerImpl (RaftServerImpl.java:setRole(170)) - a4e4bb75-b37e-4058-bf3c-4811fa34078a@group-655F8714D436: changes role from      null to FOLLOWER at term 0 for startAsFollower
2019-10-02 05:59:32,954 [pool-237-thread-1] INFO  impl.RoleInfo (RoleInfo.java:updateAndGet(143)) - a4e4bb75-b37e-4058-bf3c-4811fa34078a: start FollowerState
2019-10-02 05:59:32,955 [pool-237-thread-1] INFO  util.JmxRegister (JmxRegister.java:tryRegister(44)) - Successfully registered JMX Bean with object name Ratis:service=RaftServer,group=group-655F8714D436,id=a4e4bb75-b37e-4058-bf3c-4811fa34078a
2019-10-02 05:59:32,959 [RatisPipelineUtilsThread] INFO  pipeline.PipelineStateManager (PipelineStateManager.java:addPipeline(56)) - Created pipeline Pipeline[ Id: 251175e6-a4e7-48e0-9ae0-655f8714d436, Nodes: a4e4bb75-b37e-4058-bf3c-4811fa34078a{ip: 192.168.164.241, host: trunk-nightly-20191002-p7fms-2058464235, networkLocation: /default-rack, certSerialId: null}, Type:RATIS, Factor:ONE, State:OPEN]
2019-10-02 05:59:32,969 [grpc-default-executor-1] INFO  impl.RaftServerProxy (RaftServerProxy.java:addNew(89)) - 171d1809-9781-4cd7-8ce4-b2a50abad472: addNew group-24DA0DB73453:[171d1809-9781-4cd7-8ce4-b2a50abad472:192.168.164.241:35505] returns group-24DA0DB73453:java.util.concurrent.CompletableFuture@3eb5b330[Not completed]
2019-10-02 05:59:32,971 [pool-247-thread-1] INFO  impl.RaftServerImpl (RaftServerImpl.java:<init>(95)) - 171d1809-9781-4cd7-8ce4-b2a50abad472: new RaftServerImpl for group-24DA0DB73453:[171d1809-9781-4cd7-8ce4-b2a50abad472:192.168.164.241:35505] with ContainerStateMachine:uninitialized
2019-10-02 05:59:32,971 [pool-247-thread-1] INFO  server.RaftServerConfigKeys (ConfUtils.java:logGet(43)) - raft.server.rpc.timeout.min = 5s (custom)
2019-10-02 05:59:32,971 [pool-247-thread-1] INFO  server.RaftServerConfigKeys (ConfUtils.java:logGet(43)) - raft.server.rpc.timeout.max = 5200ms (custom)
2019-10-02 05:59:32,971 [pool-247-thread-1] INFO  server.RaftServerConfigKeys (ConfUtils.java:logGet(43)) - raft.server.rpcslowness.timeout = 120s (custom)
2019-10-02 05:59:32,971 [pool-247-thread-1] INFO  server.RaftServerConfigKeys (ConfUtils.java:logGet(43)) - raft.server.sleep.deviation.threshold = 300 (default)
2019-10-02 05:59:32,971 [pool-247-thread-1] INFO  server.RaftServerConfigKeys (ConfUtils.java:logGet(43)) - raft.server.log.appender.install.snapshot.enabled = false (custom)
2019-10-02 05:59:32,972 [pool-247-thread-1] INFO  impl.RaftServerImpl (ServerState.java:<init>(103)) - 171d1809-9781-4cd7-8ce4-b2a50abad472@group-24DA0DB73453: ConfigurationManager, init=-1: [171d1809-9781-4cd7-8ce4-b2a50abad472:192.168.164.241:35505], old=null, confs=<EMPTY_MAP>
2019-10-02 05:59:32,972 [pool-247-thread-1] INFO  server.RaftServerConfigKeys (ConfUtils.java:logGet(43)) - raft.server.storage.dir = [/workdir/hadoop-ozone/integration-test/target/test-dir/MiniOzoneClusterImpl-6d54b700-d8a9-4c41-8dd0-ed0139d9985f/datanode-4/data/ratis] (custom)
2019-10-02 05:59:32,972 [pool-247-thread-1] INFO  server.RaftServerConfigKeys (ConfUtils.java:logGet(43)) - raft.server.log.corruption.policy = EXCEPTION (default)
2019-10-02 05:59:32,972 [pool-247-thread-1] INFO  storage.RaftStorageDirectory (RaftStorageDirectory.java:analyzeStorage(246)) - The storage directory /workdir/hadoop-ozone/integration-test/target/test-dir/MiniOzoneClusterImpl-6d54b700-d8a9-4c41-8dd0-ed0139d9985f/datanode-4/data/ratis/ccc6e937-f2fd-4739-9b06-24da0db73453 does not exist. Creating ...
2019-10-02 05:59:32,975 [pool-247-thread-1] INFO  storage.RaftStorageDirectory (RaftStorageDirectory.java:tryLock(328)) - Lock on /workdir/hadoop-ozone/integration-test/target/test-dir/MiniOzoneClusterImpl-6d54b700-d8a9-4c41-8dd0-ed0139d9985f/datanode-4/data/ratis/ccc6e937-f2fd-4739-9b06-24da0db73453/in_use.lock acquired by nodename 15596@trunk-nightly-20191002-p7fms-2058464235
2019-10-02 05:59:32,981 [pool-247-thread-1] INFO  storage.RaftStorage (RaftStorage.java:format(84)) - Storage directory /workdir/hadoop-ozone/integration-test/target/test-dir/MiniOzoneClusterImpl-6d54b700-d8a9-4c41-8dd0-ed0139d9985f/datanode-4/data/ratis/ccc6e937-f2fd-4739-9b06-24da0db73453 has been successfully formatted.
2019-10-02 05:59:32,981 [pool-247-thread-1] INFO  ratis.ContainerStateMachine (ContainerStateMachine.java:loadSnapshot(230)) - group-24DA0DB73453: The snapshot info is null. Setting the last applied indexto:(t:0, i:~)
2019-10-02 05:59:32,982 [pool-247-thread-1] INFO  server.RaftServerConfigKeys (ConfUtils.java:logGet(43)) - raft.server.notification.no-leader.timeout = 120s (custom)
2019-10-02 05:59:32,982 [pool-247-thread-1] INFO  server.RaftServerConfigKeys (ConfUtils.java:logGet(43)) - raft.server.log.use.memory = false (default)
2019-10-02 05:59:32,982 [pool-247-thread-1] INFO  server.RaftServerConfigKeys (ConfUtils.java:logGet(43)) - raft.server.log.purge.gap = 1000000 (custom)
2019-10-02 05:59:32,982 [pool-247-thread-1] INFO  server.RaftServerConfigKeys (ConfUtils.java:logGet(43)) - raft.server.log.appender.buffer.byte-limit = 33554432 (custom)
2019-10-02 05:59:32,982 [pool-247-thread-1] INFO  server.RaftServerConfigKeys (ConfUtils.java:logGet(43)) - raft.server.log.segment.size.max = 1048576 (custom)
2019-10-02 05:59:32,984 [pool-247-thread-1] INFO  server.RaftServerConfigKeys (ConfUtils.java:logGet(43)) - raft.server.log.segment.cache.num.max = 2 (custom)
2019-10-02 05:59:32,984 [pool-247-thread-1] INFO  segmented.SegmentedRaftLogWorker (SegmentedRaftLogWorker.java:<init>(173)) - new 171d1809-9781-4cd7-8ce4-b2a50abad472@group-24DA0DB73453-SegmentedRaftLogWorker for RaftStorage:Storage Directory /workdir/hadoop-ozone/integration-test/target/test-dir/MiniOzoneClusterImpl-6d54b700-d8a9-4c41-8dd0-ed0139d9985f/datanode-4/data/ratis/ccc6e937-f2fd-4739-9b06-24da0db73453
2019-10-02 05:59:32,984 [pool-247-thread-1] INFO  server.RaftServerConfigKeys (ConfUtils.java:logGet(43)) - raft.server.log.queue.byte-limit = 2147483647 (custom)
2019-10-02 05:59:32,985 [pool-247-thread-1] INFO  server.RaftServerConfigKeys (ConfUtils.java:logGet(43)) - raft.server.log.queue.element-limit = 1024 (custom)
2019-10-02 05:59:32,985 [pool-247-thread-1] INFO  server.RaftServerConfigKeys (ConfUtils.java:logGet(43)) - raft.server.log.segment.size.max = 1048576 (custom)
2019-10-02 05:59:32,985 [pool-247-thread-1] INFO  server.RaftServerConfigKeys (ConfUtils.java:logGet(43)) - raft.server.log.preallocated.size = 16384 (custom)
2019-10-02 05:59:32,985 [pool-247-thread-1] INFO  server.RaftServerConfigKeys (ConfUtils.java:logGet(43)) - raft.server.log.write.buffer.size = 33554432 (custom)
2019-10-02 05:59:32,985 [pool-247-thread-1] INFO  server.RaftServerConfigKeys (ConfUtils.java:logGet(43)) - raft.server.log.force.sync.num = 128 (default)
2019-10-02 05:59:32,985 [pool-247-thread-1] INFO  server.RaftServerConfigKeys (ConfUtils.java:logGet(43)) - raft.server.log.statemachine.data.sync = true (default)
2019-10-02 05:59:32,985 [pool-247-thread-1] INFO  server.RaftServerConfigKeys (ConfUtils.java:logGet(43)) - raft.server.log.statemachine.data.sync.timeout = 10s (default)
2019-10-02 05:59:32,986 [pool-247-thread-1] INFO  server.RaftServerConfigKeys (ConfUtils.java:logGet(43)) - raft.server.log.statemachine.data.sync.timeout.retry = -1 (default)
2019-10-02 05:59:32,986 [pool-247-thread-1] INFO  server.RaftServerConfigKeys (ConfUtils.java:logGet(43)) - raft.server.log.statemachine.data.caching.enabled = true (custom)
2019-10-02 05:59:32,986 [pool-247-thread-1] INFO  segmented.SegmentedRaftLogWorker (SegmentedRaftLogWorker.java:lambda$new$0(128)) - 171d1809-9781-4cd7-8ce4-b2a50abad472@group-24DA0DB73453-SegmentedRaftLogWorker: flushIndex: setUnconditionally 0 -> -1
2019-10-02 05:59:32,987 [pool-247-thread-1] INFO  server.RaftServerConfigKeys (ConfUtils.java:logGet(43)) - raft.server.snapshot.auto.trigger.enabled = true (custom)
2019-10-02 05:59:32,987 [pool-247-thread-1] INFO  server.RaftServerConfigKeys (ConfUtils.java:logGet(43)) - raft.server.snapshot.auto.trigger.threshold = 10000 (custom)
2019-10-02 05:59:32,987 [pool-247-thread-1] INFO  server.RaftServerConfigKeys (ConfUtils.java:logGet(43)) - raft.server.snapshot.retention.file.num = 5 (custom)
2019-10-02 05:59:32,987 [pool-247-thread-1] INFO  server.RaftServerConfigKeys (ConfUtils.java:logGet(43)) - raft.server.retrycache.expirytime = 600000ms (custom)
2019-10-02 05:59:32,989 [pool-247-thread-1] INFO  impl.RaftServerImpl (RaftServerImpl.java:start(181)) - 171d1809-9781-4cd7-8ce4-b2a50abad472@group-24DA0DB73453: start as a follower, conf=-1: [171d1809-9781-4cd7-8ce4-b2a50abad472:192.168.164.241:35505], old=null
2019-10-02 05:59:32,989 [pool-247-thread-1] INFO  impl.RaftServerImpl (RaftServerImpl.java:setRole(170)) - 171d1809-9781-4cd7-8ce4-b2a50abad472@group-24DA0DB73453: changes role from      null to FOLLOWER at term 0 for startAsFollower
2019-10-02 05:59:32,989 [pool-247-thread-1] INFO  impl.RoleInfo (RoleInfo.java:updateAndGet(143)) - 171d1809-9781-4cd7-8ce4-b2a50abad472: start FollowerState
2019-10-02 05:59:32,990 [pool-247-thread-1] INFO  util.JmxRegister (JmxRegister.java:tryRegister(44)) - Successfully registered JMX Bean with object name Ratis:service=RaftServer,group=group-24DA0DB73453,id=171d1809-9781-4cd7-8ce4-b2a50abad472
2019-10-02 05:59:32,995 [RatisPipelineUtilsThread] INFO  pipeline.PipelineStateManager (PipelineStateManager.java:addPipeline(56)) - Created pipeline Pipeline[ Id: ccc6e937-f2fd-4739-9b06-24da0db73453, Nodes: 171d1809-9781-4cd7-8ce4-b2a50abad472{ip: 192.168.164.241, host: trunk-nightly-20191002-p7fms-2058464235, networkLocation: /default-rack, certSerialId: null}, Type:RATIS, Factor:ONE, State:OPEN]
2019-10-02 05:59:33,004 [IPC Server handler 3 on 37106] INFO  net.NetworkTopology (NetworkTopologyImpl.java:add(111)) - Added a new node: /default-rack/9691bb96-fe0f-42bf-9b38-42602fd905c5
2019-10-02 05:59:33,004 [IPC Server handler 3 on 37106] INFO  node.SCMNodeManager (SCMNodeManager.java:register(266)) - Registered Data node : 9691bb96-fe0f-42bf-9b38-42602fd905c5{ip: 192.168.164.241, host: trunk-nightly-20191002-p7fms-2058464235, networkLocation: /default-rack, certSerialId: null}
2019-10-02 05:59:33,024 [grpc-default-executor-1] INFO  impl.RaftServerProxy (RaftServerProxy.java:addNew(89)) - 9691bb96-fe0f-42bf-9b38-42602fd905c5: addNew group-F53890D006F7:[9691bb96-fe0f-42bf-9b38-42602fd905c5:192.168.164.241:36822] returns group-F53890D006F7:java.util.concurrent.CompletableFuture@99db379[Not completed]
2019-10-02 05:59:33,025 [pool-257-thread-1] INFO  impl.RaftServerImpl (RaftServerImpl.java:<init>(95)) - 9691bb96-fe0f-42bf-9b38-42602fd905c5: new RaftServerImpl for group-F53890D006F7:[9691bb96-fe0f-42bf-9b38-42602fd905c5:192.168.164.241:36822] with ContainerStateMachine:uninitialized
2019-10-02 05:59:33,025 [pool-257-thread-1] INFO  server.RaftServerConfigKeys (ConfUtils.java:logGet(43)) - raft.server.rpc.timeout.min = 5s (custom)
2019-10-02 05:59:33,025 [pool-257-thread-1] INFO  server.RaftServerConfigKeys (ConfUtils.java:logGet(43)) - raft.server.rpc.timeout.max = 5200ms (custom)
2019-10-02 05:59:33,026 [pool-257-thread-1] INFO  server.RaftServerConfigKeys (ConfUtils.java:logGet(43)) - raft.server.rpcslowness.timeout = 120s (custom)
2019-10-02 05:59:33,026 [pool-257-thread-1] INFO  server.RaftServerConfigKeys (ConfUtils.java:logGet(43)) - raft.server.sleep.deviation.threshold = 300 (default)
2019-10-02 05:59:33,026 [pool-257-thread-1] INFO  server.RaftServerConfigKeys (ConfUtils.java:logGet(43)) - raft.server.log.appender.install.snapshot.enabled = false (custom)
2019-10-02 05:59:33,026 [pool-257-thread-1] INFO  impl.RaftServerImpl (ServerState.java:<init>(103)) - 9691bb96-fe0f-42bf-9b38-42602fd905c5@group-F53890D006F7: ConfigurationManager, init=-1: [9691bb96-fe0f-42bf-9b38-42602fd905c5:192.168.164.241:36822], old=null, confs=<EMPTY_MAP>
2019-10-02 05:59:33,026 [pool-257-thread-1] INFO  server.RaftServerConfigKeys (ConfUtils.java:logGet(43)) - raft.server.storage.dir = [/workdir/hadoop-ozone/integration-test/target/test-dir/MiniOzoneClusterImpl-6d54b700-d8a9-4c41-8dd0-ed0139d9985f/datanode-5/data/ratis] (custom)
2019-10-02 05:59:33,027 [pool-257-thread-1] INFO  server.RaftServerConfigKeys (ConfUtils.java:logGet(43)) - raft.server.log.corruption.policy = EXCEPTION (default)
2019-10-02 05:59:33,027 [pool-257-thread-1] INFO  storage.RaftStorageDirectory (RaftStorageDirectory.java:analyzeStorage(246)) - The storage directory /workdir/hadoop-ozone/integration-test/target/test-dir/MiniOzoneClusterImpl-6d54b700-d8a9-4c41-8dd0-ed0139d9985f/datanode-5/data/ratis/94fe0e90-1dc0-4765-8f2f-f53890d006f7 does not exist. Creating ...
2019-10-02 05:59:33,040 [pool-257-thread-1] INFO  storage.RaftStorageDirectory (RaftStorageDirectory.java:tryLock(328)) - Lock on /workdir/hadoop-ozone/integration-test/target/test-dir/MiniOzoneClusterImpl-6d54b700-d8a9-4c41-8dd0-ed0139d9985f/datanode-5/data/ratis/94fe0e90-1dc0-4765-8f2f-f53890d006f7/in_use.lock acquired by nodename 15596@trunk-nightly-20191002-p7fms-2058464235
2019-10-02 05:59:33,051 [pool-257-thread-1] INFO  storage.RaftStorage (RaftStorage.java:format(84)) - Storage directory /workdir/hadoop-ozone/integration-test/target/test-dir/MiniOzoneClusterImpl-6d54b700-d8a9-4c41-8dd0-ed0139d9985f/datanode-5/data/ratis/94fe0e90-1dc0-4765-8f2f-f53890d006f7 has been successfully formatted.
2019-10-02 05:59:33,051 [pool-257-thread-1] INFO  ratis.ContainerStateMachine (ContainerStateMachine.java:loadSnapshot(230)) - group-F53890D006F7: The snapshot info is null. Setting the last applied indexto:(t:0, i:~)
2019-10-02 05:59:33,051 [pool-257-thread-1] INFO  server.RaftServerConfigKeys (ConfUtils.java:logGet(43)) - raft.server.notification.no-leader.timeout = 120s (custom)
2019-10-02 05:59:33,051 [pool-257-thread-1] INFO  server.RaftServerConfigKeys (ConfUtils.java:logGet(43)) - raft.server.log.use.memory = false (default)
2019-10-02 05:59:33,051 [pool-257-thread-1] INFO  server.RaftServerConfigKeys (ConfUtils.java:logGet(43)) - raft.server.log.purge.gap = 1000000 (custom)
2019-10-02 05:59:33,052 [pool-257-thread-1] INFO  server.RaftServerConfigKeys (ConfUtils.java:logGet(43)) - raft.server.log.appender.buffer.byte-limit = 33554432 (custom)
2019-10-02 05:59:33,052 [pool-257-thread-1] INFO  server.RaftServerConfigKeys (ConfUtils.java:logGet(43)) - raft.server.log.segment.size.max = 1048576 (custom)
2019-10-02 05:59:33,053 [pool-257-thread-1] INFO  server.RaftServerConfigKeys (ConfUtils.java:logGet(43)) - raft.server.log.segment.cache.num.max = 2 (custom)
2019-10-02 05:59:33,054 [pool-257-thread-1] INFO  segmented.SegmentedRaftLogWorker (SegmentedRaftLogWorker.java:<init>(173)) - new 9691bb96-fe0f-42bf-9b38-42602fd905c5@group-F53890D006F7-SegmentedRaftLogWorker for RaftStorage:Storage Directory /workdir/hadoop-ozone/integration-test/target/test-dir/MiniOzoneClusterImpl-6d54b700-d8a9-4c41-8dd0-ed0139d9985f/datanode-5/data/ratis/94fe0e90-1dc0-4765-8f2f-f53890d006f7
2019-10-02 05:59:33,054 [pool-257-thread-1] INFO  server.RaftServerConfigKeys (ConfUtils.java:logGet(43)) - raft.server.log.queue.byte-limit = 2147483647 (custom)
2019-10-02 05:59:33,054 [pool-257-thread-1] INFO  server.RaftServerConfigKeys (ConfUtils.java:logGet(43)) - raft.server.log.queue.element-limit = 1024 (custom)
2019-10-02 05:59:33,054 [pool-257-thread-1] INFO  server.RaftServerConfigKeys (ConfUtils.java:logGet(43)) - raft.server.log.segment.size.max = 1048576 (custom)
2019-10-02 05:59:33,054 [pool-257-thread-1] INFO  server.RaftServerConfigKeys (ConfUtils.java:logGet(43)) - raft.server.log.preallocated.size = 16384 (custom)
2019-10-02 05:59:33,054 [pool-257-thread-1] INFO  server.RaftServerConfigKeys (ConfUtils.java:logGet(43)) - raft.server.log.write.buffer.size = 33554432 (custom)
2019-10-02 05:59:33,054 [pool-257-thread-1] INFO  server.RaftServerConfigKeys (ConfUtils.java:logGet(43)) - raft.server.log.force.sync.num = 128 (default)
2019-10-02 05:59:33,055 [pool-257-thread-1] INFO  server.RaftServerConfigKeys (ConfUtils.java:logGet(43)) - raft.server.log.statemachine.data.sync = true (default)
2019-10-02 05:59:33,055 [pool-257-thread-1] INFO  server.RaftServerConfigKeys (ConfUtils.java:logGet(43)) - raft.server.log.statemachine.data.sync.timeout = 10s (default)
2019-10-02 05:59:33,055 [pool-257-thread-1] INFO  server.RaftServerConfigKeys (ConfUtils.java:logGet(43)) - raft.server.log.statemachine.data.sync.timeout.retry = -1 (default)
2019-10-02 05:59:33,055 [pool-257-thread-1] INFO  server.RaftServerConfigKeys (ConfUtils.java:logGet(43)) - raft.server.log.statemachine.data.caching.enabled = true (custom)
2019-10-02 05:59:33,055 [pool-257-thread-1] INFO  segmented.SegmentedRaftLogWorker (SegmentedRaftLogWorker.java:lambda$new$0(128)) - 9691bb96-fe0f-42bf-9b38-42602fd905c5@group-F53890D006F7-SegmentedRaftLogWorker: flushIndex: setUnconditionally 0 -> -1
2019-10-02 05:59:33,056 [pool-257-thread-1] INFO  server.RaftServerConfigKeys (ConfUtils.java:logGet(43)) - raft.server.snapshot.auto.trigger.enabled = true (custom)
2019-10-02 05:59:33,056 [pool-257-thread-1] INFO  server.RaftServerConfigKeys (ConfUtils.java:logGet(43)) - raft.server.snapshot.auto.trigger.threshold = 10000 (custom)
2019-10-02 05:59:33,056 [pool-257-thread-1] INFO  server.RaftServerConfigKeys (ConfUtils.java:logGet(43)) - raft.server.snapshot.retention.file.num = 5 (custom)
2019-10-02 05:59:33,056 [pool-257-thread-1] INFO  server.RaftServerConfigKeys (ConfUtils.java:logGet(43)) - raft.server.retrycache.expirytime = 600000ms (custom)
2019-10-02 05:59:33,058 [pool-257-thread-1] INFO  impl.RaftServerImpl (RaftServerImpl.java:start(181)) - 9691bb96-fe0f-42bf-9b38-42602fd905c5@group-F53890D006F7: start as a follower, conf=-1: [9691bb96-fe0f-42bf-9b38-42602fd905c5:192.168.164.241:36822], old=null
2019-10-02 05:59:33,058 [pool-257-thread-1] INFO  impl.RaftServerImpl (RaftServerImpl.java:setRole(170)) - 9691bb96-fe0f-42bf-9b38-42602fd905c5@group-F53890D006F7: changes role from      null to FOLLOWER at term 0 for startAsFollower
2019-10-02 05:59:33,058 [pool-257-thread-1] INFO  impl.RoleInfo (RoleInfo.java:updateAndGet(143)) - 9691bb96-fe0f-42bf-9b38-42602fd905c5: start FollowerState
2019-10-02 05:59:33,059 [pool-257-thread-1] INFO  util.JmxRegister (JmxRegister.java:tryRegister(44)) - Successfully registered JMX Bean with object name Ratis:service=RaftServer,group=group-F53890D006F7,id=9691bb96-fe0f-42bf-9b38-42602fd905c5
2019-10-02 05:59:33,062 [RatisPipelineUtilsThread] INFO  pipeline.PipelineStateManager (PipelineStateManager.java:addPipeline(56)) - Created pipeline Pipeline[ Id: 94fe0e90-1dc0-4765-8f2f-f53890d006f7, Nodes: 9691bb96-fe0f-42bf-9b38-42602fd905c5{ip: 192.168.164.241, host: trunk-nightly-20191002-p7fms-2058464235, networkLocation: /default-rack, certSerialId: null}, Type:RATIS, Factor:ONE, State:OPEN]
2019-10-02 05:59:33,072 [IPC Server handler 8 on 37106] INFO  net.NetworkTopology (NetworkTopologyImpl.java:add(111)) - Added a new node: /default-rack/2cc1da74-cc4a-4b71-acb8-7c5b6c8e0a3d
2019-10-02 05:59:33,073 [IPC Server handler 8 on 37106] INFO  node.SCMNodeManager (SCMNodeManager.java:register(266)) - Registered Data node : 2cc1da74-cc4a-4b71-acb8-7c5b6c8e0a3d{ip: 192.168.164.241, host: trunk-nightly-20191002-p7fms-2058464235, networkLocation: /default-rack, certSerialId: null}
2019-10-02 05:59:33,076 [main] INFO  ozone.MiniOzoneClusterImpl (MiniOzoneClusterImpl.java:lambda$waitForClusterToBeReady$0(147)) - Cluster is ready. Got 7 of 7 DN Heartbeats.
2019-10-02 05:59:33,095 [grpc-default-executor-3] INFO  impl.RaftServerProxy (RaftServerProxy.java:addNew(89)) - a4e4bb75-b37e-4058-bf3c-4811fa34078a: addNew group-2272E170DB9D:[a4e4bb75-b37e-4058-bf3c-4811fa34078a:192.168.164.241:44547, 9691bb96-fe0f-42bf-9b38-42602fd905c5:192.168.164.241:36822, 171d1809-9781-4cd7-8ce4-b2a50abad472:192.168.164.241:35505] returns group-2272E170DB9D:java.util.concurrent.CompletableFuture@4396a0f[Not completed]
2019-10-02 05:59:33,095 [grpc-default-executor-0] INFO  impl.RaftServerProxy (RaftServerProxy.java:addNew(89)) - 171d1809-9781-4cd7-8ce4-b2a50abad472: addNew group-2272E170DB9D:[a4e4bb75-b37e-4058-bf3c-4811fa34078a:192.168.164.241:44547, 9691bb96-fe0f-42bf-9b38-42602fd905c5:192.168.164.241:36822, 171d1809-9781-4cd7-8ce4-b2a50abad472:192.168.164.241:35505] returns group-2272E170DB9D:java.util.concurrent.CompletableFuture@75871c18[Not completed]
2019-10-02 05:59:33,095 [grpc-default-executor-1] INFO  impl.RaftServerProxy (RaftServerProxy.java:addNew(89)) - 9691bb96-fe0f-42bf-9b38-42602fd905c5: addNew group-2272E170DB9D:[a4e4bb75-b37e-4058-bf3c-4811fa34078a:192.168.164.241:44547, 9691bb96-fe0f-42bf-9b38-42602fd905c5:192.168.164.241:36822, 171d1809-9781-4cd7-8ce4-b2a50abad472:192.168.164.241:35505] returns group-2272E170DB9D:java.util.concurrent.CompletableFuture@1754270d[Not completed]
2019-10-02 05:59:33,097 [pool-247-thread-1] INFO  impl.RaftServerImpl (RaftServerImpl.java:<init>(95)) - 171d1809-9781-4cd7-8ce4-b2a50abad472: new RaftServerImpl for group-2272E170DB9D:[a4e4bb75-b37e-4058-bf3c-4811fa34078a:192.168.164.241:44547, 9691bb96-fe0f-42bf-9b38-42602fd905c5:192.168.164.241:36822, 171d1809-9781-4cd7-8ce4-b2a50abad472:192.168.164.241:35505] with ContainerStateMachine:uninitialized
2019-10-02 05:59:33,097 [pool-247-thread-1] INFO  server.RaftServerConfigKeys (ConfUtils.java:logGet(43)) - raft.server.rpc.timeout.min = 5s (custom)
2019-10-02 05:59:33,097 [pool-247-thread-1] INFO  server.RaftServerConfigKeys (ConfUtils.java:logGet(43)) - raft.server.rpc.timeout.max = 5200ms (custom)
2019-10-02 05:59:33,097 [pool-257-thread-1] INFO  impl.RaftServerImpl (RaftServerImpl.java:<init>(95)) - 9691bb96-fe0f-42bf-9b38-42602fd905c5: new RaftServerImpl for group-2272E170DB9D:[a4e4bb75-b37e-4058-bf3c-4811fa34078a:192.168.164.241:44547, 9691bb96-fe0f-42bf-9b38-42602fd905c5:192.168.164.241:36822, 171d1809-9781-4cd7-8ce4-b2a50abad472:192.168.164.241:35505] with ContainerStateMachine:uninitialized
2019-10-02 05:59:33,100 [pool-247-thread-1] INFO  server.RaftServerConfigKeys (ConfUtils.java:logGet(43)) - raft.server.rpcslowness.timeout = 120s (custom)
2019-10-02 05:59:33,100 [pool-257-thread-1] INFO  server.RaftServerConfigKeys (ConfUtils.java:logGet(43)) - raft.server.rpc.timeout.min = 5s (custom)
2019-10-02 05:59:33,100 [pool-247-thread-1] INFO  server.RaftServerConfigKeys (ConfUtils.java:logGet(43)) - raft.server.sleep.deviation.threshold = 300 (default)
2019-10-02 05:59:33,101 [pool-257-thread-1] INFO  server.RaftServerConfigKeys (ConfUtils.java:logGet(43)) - raft.server.rpc.timeout.max = 5200ms (custom)
2019-10-02 05:59:33,101 [pool-247-thread-1] INFO  server.RaftServerConfigKeys (ConfUtils.java:logGet(43)) - raft.server.log.appender.install.snapshot.enabled = false (custom)
2019-10-02 05:59:33,101 [pool-237-thread-1] INFO  impl.RaftServerImpl (RaftServerImpl.java:<init>(95)) - a4e4bb75-b37e-4058-bf3c-4811fa34078a: new RaftServerImpl for group-2272E170DB9D:[a4e4bb75-b37e-4058-bf3c-4811fa34078a:192.168.164.241:44547, 9691bb96-fe0f-42bf-9b38-42602fd905c5:192.168.164.241:36822, 171d1809-9781-4cd7-8ce4-b2a50abad472:192.168.164.241:35505] with ContainerStateMachine:uninitialized
2019-10-02 05:59:33,101 [pool-257-thread-1] INFO  server.RaftServerConfigKeys (ConfUtils.java:logGet(43)) - raft.server.rpcslowness.timeout = 120s (custom)
2019-10-02 05:59:33,111 [pool-237-thread-1] INFO  server.RaftServerConfigKeys (ConfUtils.java:logGet(43)) - raft.server.rpc.timeout.min = 5s (custom)
2019-10-02 05:59:33,101 [pool-247-thread-1] INFO  impl.RaftServerImpl (ServerState.java:<init>(103)) - 171d1809-9781-4cd7-8ce4-b2a50abad472@group-2272E170DB9D: ConfigurationManager, init=-1: [a4e4bb75-b37e-4058-bf3c-4811fa34078a:192.168.164.241:44547, 9691bb96-fe0f-42bf-9b38-42602fd905c5:192.168.164.241:36822, 171d1809-9781-4cd7-8ce4-b2a50abad472:192.168.164.241:35505], old=null, confs=<EMPTY_MAP>
2019-10-02 05:59:33,120 [pool-237-thread-1] INFO  server.RaftServerConfigKeys (ConfUtils.java:logGet(43)) - raft.server.rpc.timeout.max = 5200ms (custom)
2019-10-02 05:59:33,120 [pool-257-thread-1] INFO  server.RaftServerConfigKeys (ConfUtils.java:logGet(43)) - raft.server.sleep.deviation.threshold = 300 (default)
2019-10-02 05:59:33,121 [pool-237-thread-1] INFO  server.RaftServerConfigKeys (ConfUtils.java:logGet(43)) - raft.server.rpcslowness.timeout = 120s (custom)
2019-10-02 05:59:33,120 [pool-247-thread-1] INFO  server.RaftServerConfigKeys (ConfUtils.java:logGet(43)) - raft.server.storage.dir = [/workdir/hadoop-ozone/integration-test/target/test-dir/MiniOzoneClusterImpl-6d54b700-d8a9-4c41-8dd0-ed0139d9985f/datanode-4/data/ratis] (custom)
2019-10-02 05:59:33,125 [pool-237-thread-1] INFO  server.RaftServerConfigKeys (ConfUtils.java:logGet(43)) - raft.server.sleep.deviation.threshold = 300 (default)
2019-10-02 05:59:33,126 [pool-247-thread-1] INFO  server.RaftServerConfigKeys (ConfUtils.java:logGet(43)) - raft.server.log.corruption.policy = EXCEPTION (default)
2019-10-02 05:59:33,121 [pool-257-thread-1] INFO  server.RaftServerConfigKeys (ConfUtils.java:logGet(43)) - raft.server.log.appender.install.snapshot.enabled = false (custom)
2019-10-02 05:59:33,126 [pool-247-thread-1] INFO  storage.RaftStorageDirectory (RaftStorageDirectory.java:analyzeStorage(246)) - The storage directory /workdir/hadoop-ozone/integration-test/target/test-dir/MiniOzoneClusterImpl-6d54b700-d8a9-4c41-8dd0-ed0139d9985f/datanode-4/data/ratis/a7609643-b12e-4256-ae68-2272e170db9d does not exist. Creating ...
2019-10-02 05:59:33,126 [pool-237-thread-1] INFO  server.RaftServerConfigKeys (ConfUtils.java:logGet(43)) - raft.server.log.appender.install.snapshot.enabled = false (custom)
2019-10-02 05:59:33,126 [pool-257-thread-1] INFO  impl.RaftServerImpl (ServerState.java:<init>(103)) - 9691bb96-fe0f-42bf-9b38-42602fd905c5@group-2272E170DB9D: ConfigurationManager, init=-1: [a4e4bb75-b37e-4058-bf3c-4811fa34078a:192.168.164.241:44547, 9691bb96-fe0f-42bf-9b38-42602fd905c5:192.168.164.241:36822, 171d1809-9781-4cd7-8ce4-b2a50abad472:192.168.164.241:35505], old=null, confs=<EMPTY_MAP>
2019-10-02 05:59:33,126 [pool-237-thread-1] INFO  impl.RaftServerImpl (ServerState.java:<init>(103)) - a4e4bb75-b37e-4058-bf3c-4811fa34078a@group-2272E170DB9D: ConfigurationManager, init=-1: [a4e4bb75-b37e-4058-bf3c-4811fa34078a:192.168.164.241:44547, 9691bb96-fe0f-42bf-9b38-42602fd905c5:192.168.164.241:36822, 171d1809-9781-4cd7-8ce4-b2a50abad472:192.168.164.241:35505], old=null, confs=<EMPTY_MAP>
2019-10-02 05:59:33,126 [pool-257-thread-1] INFO  server.RaftServerConfigKeys (ConfUtils.java:logGet(43)) - raft.server.storage.dir = [/workdir/hadoop-ozone/integration-test/target/test-dir/MiniOzoneClusterImpl-6d54b700-d8a9-4c41-8dd0-ed0139d9985f/datanode-5/data/ratis] (custom)
2019-10-02 05:59:33,126 [pool-237-thread-1] INFO  server.RaftServerConfigKeys (ConfUtils.java:logGet(43)) - raft.server.storage.dir = [/workdir/hadoop-ozone/integration-test/target/test-dir/MiniOzoneClusterImpl-6d54b700-d8a9-4c41-8dd0-ed0139d9985f/datanode-3/data/ratis] (custom)
2019-10-02 05:59:33,126 [pool-257-thread-1] INFO  server.RaftServerConfigKeys (ConfUtils.java:logGet(43)) - raft.server.log.corruption.policy = EXCEPTION (default)
2019-10-02 05:59:33,127 [pool-237-thread-1] INFO  server.RaftServerConfigKeys (ConfUtils.java:logGet(43)) - raft.server.log.corruption.policy = EXCEPTION (default)
2019-10-02 05:59:33,127 [pool-257-thread-1] INFO  storage.RaftStorageDirectory (RaftStorageDirectory.java:analyzeStorage(246)) - The storage directory /workdir/hadoop-ozone/integration-test/target/test-dir/MiniOzoneClusterImpl-6d54b700-d8a9-4c41-8dd0-ed0139d9985f/datanode-5/data/ratis/a7609643-b12e-4256-ae68-2272e170db9d does not exist. Creating ...
2019-10-02 05:59:33,127 [pool-237-thread-1] INFO  storage.RaftStorageDirectory (RaftStorageDirectory.java:analyzeStorage(246)) - The storage directory /workdir/hadoop-ozone/integration-test/target/test-dir/MiniOzoneClusterImpl-6d54b700-d8a9-4c41-8dd0-ed0139d9985f/datanode-3/data/ratis/a7609643-b12e-4256-ae68-2272e170db9d does not exist. Creating ...
2019-10-02 05:59:33,137 [main] INFO  rpc.RpcClient (RpcClient.java:createVolume(276)) - Creating Volume: watchforcommithandlingtest, with jenkins1000 as owner.
2019-10-02 05:59:33,139 [IPC Server handler 0 on 44067] INFO  volume.OMVolumeCreateRequest (OMVolumeCreateRequest.java:validateAndUpdateCache(194)) - created volume:watchforcommithandlingtest for user:jenkins1000
2019-10-02 05:59:33,154 [pool-257-thread-1] INFO  storage.RaftStorageDirectory (RaftStorageDirectory.java:tryLock(328)) - Lock on /workdir/hadoop-ozone/integration-test/target/test-dir/MiniOzoneClusterImpl-6d54b700-d8a9-4c41-8dd0-ed0139d9985f/datanode-5/data/ratis/a7609643-b12e-4256-ae68-2272e170db9d/in_use.lock acquired by nodename 15596@trunk-nightly-20191002-p7fms-2058464235
2019-10-02 05:59:33,155 [pool-247-thread-1] INFO  storage.RaftStorageDirectory (RaftStorageDirectory.java:tryLock(328)) - Lock on /workdir/hadoop-ozone/integration-test/target/test-dir/MiniOzoneClusterImpl-6d54b700-d8a9-4c41-8dd0-ed0139d9985f/datanode-4/data/ratis/a7609643-b12e-4256-ae68-2272e170db9d/in_use.lock acquired by nodename 15596@trunk-nightly-20191002-p7fms-2058464235
2019-10-02 05:59:33,155 [pool-237-thread-1] INFO  storage.RaftStorageDirectory (RaftStorageDirectory.java:tryLock(328)) - Lock on /workdir/hadoop-ozone/integration-test/target/test-dir/MiniOzoneClusterImpl-6d54b700-d8a9-4c41-8dd0-ed0139d9985f/datanode-3/data/ratis/a7609643-b12e-4256-ae68-2272e170db9d/in_use.lock acquired by nodename 15596@trunk-nightly-20191002-p7fms-2058464235
2019-10-02 05:59:33,166 [main] INFO  rpc.RpcClient (RpcClient.java:createBucket(415)) - Creating Bucket: watchforcommithandlingtest/watchforcommithandlingtest, with Versioning false and Storage Type set to DISK and Encryption set to false 
2019-10-02 05:59:33,171 [main] INFO  ozone.MiniOzoneClusterImpl (MiniOzoneClusterImpl.java:getStorageContainerLocationClient(234)) - Creating StorageContainerLocationProtocol RPC client with address /0.0.0.0:41067
2019-10-02 05:59:33,190 [pool-247-thread-1] INFO  storage.RaftStorage (RaftStorage.java:format(84)) - Storage directory /workdir/hadoop-ozone/integration-test/target/test-dir/MiniOzoneClusterImpl-6d54b700-d8a9-4c41-8dd0-ed0139d9985f/datanode-4/data/ratis/a7609643-b12e-4256-ae68-2272e170db9d has been successfully formatted.
2019-10-02 05:59:33,190 [pool-237-thread-1] INFO  storage.RaftStorage (RaftStorage.java:format(84)) - Storage directory /workdir/hadoop-ozone/integration-test/target/test-dir/MiniOzoneClusterImpl-6d54b700-d8a9-4c41-8dd0-ed0139d9985f/datanode-3/data/ratis/a7609643-b12e-4256-ae68-2272e170db9d has been successfully formatted.
2019-10-02 05:59:33,190 [pool-257-thread-1] INFO  storage.RaftStorage (RaftStorage.java:format(84)) - Storage directory /workdir/hadoop-ozone/integration-test/target/test-dir/MiniOzoneClusterImpl-6d54b700-d8a9-4c41-8dd0-ed0139d9985f/datanode-5/data/ratis/a7609643-b12e-4256-ae68-2272e170db9d has been successfully formatted.
2019-10-02 05:59:33,190 [pool-237-thread-1] INFO  ratis.ContainerStateMachine (ContainerStateMachine.java:loadSnapshot(230)) - group-2272E170DB9D: The snapshot info is null. Setting the last applied indexto:(t:0, i:~)
2019-10-02 05:59:33,190 [pool-247-thread-1] INFO  ratis.ContainerStateMachine (ContainerStateMachine.java:loadSnapshot(230)) - group-2272E170DB9D: The snapshot info is null. Setting the last applied indexto:(t:0, i:~)
2019-10-02 05:59:33,190 [pool-237-thread-1] INFO  server.RaftServerConfigKeys (ConfUtils.java:logGet(43)) - raft.server.notification.no-leader.timeout = 120s (custom)
2019-10-02 05:59:33,190 [pool-247-thread-1] INFO  server.RaftServerConfigKeys (ConfUtils.java:logGet(43)) - raft.server.notification.no-leader.timeout = 120s (custom)
2019-10-02 05:59:33,190 [pool-257-thread-1] INFO  ratis.ContainerStateMachine (ContainerStateMachine.java:loadSnapshot(230)) - group-2272E170DB9D: The snapshot info is null. Setting the last applied indexto:(t:0, i:~)
2019-10-02 05:59:33,191 [pool-247-thread-1] INFO  server.RaftServerConfigKeys (ConfUtils.java:logGet(43)) - raft.server.log.use.memory = false (default)
2019-10-02 05:59:33,191 [pool-237-thread-1] INFO  server.RaftServerConfigKeys (ConfUtils.java:logGet(43)) - raft.server.log.use.memory = false (default)
2019-10-02 05:59:33,191 [pool-247-thread-1] INFO  server.RaftServerConfigKeys (ConfUtils.java:logGet(43)) - raft.server.log.purge.gap = 1000000 (custom)
2019-10-02 05:59:33,191 [pool-257-thread-1] INFO  server.RaftServerConfigKeys (ConfUtils.java:logGet(43)) - raft.server.notification.no-leader.timeout = 120s (custom)
2019-10-02 05:59:33,191 [pool-247-thread-1] INFO  server.RaftServerConfigKeys (ConfUtils.java:logGet(43)) - raft.server.log.appender.buffer.byte-limit = 33554432 (custom)
2019-10-02 05:59:33,191 [pool-237-thread-1] INFO  server.RaftServerConfigKeys (ConfUtils.java:logGet(43)) - raft.server.log.purge.gap = 1000000 (custom)
2019-10-02 05:59:33,191 [pool-247-thread-1] INFO  server.RaftServerConfigKeys (ConfUtils.java:logGet(43)) - raft.server.log.segment.size.max = 1048576 (custom)
2019-10-02 05:59:33,191 [pool-257-thread-1] INFO  server.RaftServerConfigKeys (ConfUtils.java:logGet(43)) - raft.server.log.use.memory = false (default)
2019-10-02 05:59:33,192 [pool-247-thread-1] INFO  server.RaftServerConfigKeys (ConfUtils.java:logGet(43)) - raft.server.log.segment.cache.num.max = 2 (custom)
2019-10-02 05:59:33,191 [pool-237-thread-1] INFO  server.RaftServerConfigKeys (ConfUtils.java:logGet(43)) - raft.server.log.appender.buffer.byte-limit = 33554432 (custom)
2019-10-02 05:59:33,192 [pool-247-thread-1] INFO  segmented.SegmentedRaftLogWorker (SegmentedRaftLogWorker.java:<init>(173)) - new 171d1809-9781-4cd7-8ce4-b2a50abad472@group-2272E170DB9D-SegmentedRaftLogWorker for RaftStorage:Storage Directory /workdir/hadoop-ozone/integration-test/target/test-dir/MiniOzoneClusterImpl-6d54b700-d8a9-4c41-8dd0-ed0139d9985f/datanode-4/data/ratis/a7609643-b12e-4256-ae68-2272e170db9d
2019-10-02 05:59:33,192 [pool-257-thread-1] INFO  server.RaftServerConfigKeys (ConfUtils.java:logGet(43)) - raft.server.log.purge.gap = 1000000 (custom)
2019-10-02 05:59:33,192 [pool-247-thread-1] INFO  server.RaftServerConfigKeys (ConfUtils.java:logGet(43)) - raft.server.log.queue.byte-limit = 2147483647 (custom)
2019-10-02 05:59:33,192 [pool-237-thread-1] INFO  server.RaftServerConfigKeys (ConfUtils.java:logGet(43)) - raft.server.log.segment.size.max = 1048576 (custom)
2019-10-02 05:59:33,192 [pool-247-thread-1] INFO  server.RaftServerConfigKeys (ConfUtils.java:logGet(43)) - raft.server.log.queue.element-limit = 1024 (custom)
2019-10-02 05:59:33,192 [pool-257-thread-1] INFO  server.RaftServerConfigKeys (ConfUtils.java:logGet(43)) - raft.server.log.appender.buffer.byte-limit = 33554432 (custom)
2019-10-02 05:59:33,192 [pool-247-thread-1] INFO  server.RaftServerConfigKeys (ConfUtils.java:logGet(43)) - raft.server.log.segment.size.max = 1048576 (custom)
2019-10-02 05:59:33,192 [pool-237-thread-1] INFO  server.RaftServerConfigKeys (ConfUtils.java:logGet(43)) - raft.server.log.segment.cache.num.max = 2 (custom)
2019-10-02 05:59:33,193 [pool-247-thread-1] INFO  server.RaftServerConfigKeys (ConfUtils.java:logGet(43)) - raft.server.log.preallocated.size = 16384 (custom)
2019-10-02 05:59:33,193 [pool-257-thread-1] INFO  server.RaftServerConfigKeys (ConfUtils.java:logGet(43)) - raft.server.log.segment.size.max = 1048576 (custom)
2019-10-02 05:59:33,193 [pool-247-thread-1] INFO  server.RaftServerConfigKeys (ConfUtils.java:logGet(43)) - raft.server.log.write.buffer.size = 33554432 (custom)
2019-10-02 05:59:33,193 [pool-237-thread-1] INFO  segmented.SegmentedRaftLogWorker (SegmentedRaftLogWorker.java:<init>(173)) - new a4e4bb75-b37e-4058-bf3c-4811fa34078a@group-2272E170DB9D-SegmentedRaftLogWorker for RaftStorage:Storage Directory /workdir/hadoop-ozone/integration-test/target/test-dir/MiniOzoneClusterImpl-6d54b700-d8a9-4c41-8dd0-ed0139d9985f/datanode-3/data/ratis/a7609643-b12e-4256-ae68-2272e170db9d
2019-10-02 05:59:33,193 [pool-247-thread-1] INFO  server.RaftServerConfigKeys (ConfUtils.java:logGet(43)) - raft.server.log.force.sync.num = 128 (default)
2019-10-02 05:59:33,193 [pool-257-thread-1] INFO  server.RaftServerConfigKeys (ConfUtils.java:logGet(43)) - raft.server.log.segment.cache.num.max = 2 (custom)
2019-10-02 05:59:33,193 [pool-247-thread-1] INFO  server.RaftServerConfigKeys (ConfUtils.java:logGet(43)) - raft.server.log.statemachine.data.sync = true (default)
2019-10-02 05:59:33,193 [pool-237-thread-1] INFO  server.RaftServerConfigKeys (ConfUtils.java:logGet(43)) - raft.server.log.queue.byte-limit = 2147483647 (custom)
2019-10-02 05:59:33,194 [pool-247-thread-1] INFO  server.RaftServerConfigKeys (ConfUtils.java:logGet(43)) - raft.server.log.statemachine.data.sync.timeout = 10s (default)
2019-10-02 05:59:33,194 [pool-247-thread-1] INFO  server.RaftServerConfigKeys (ConfUtils.java:logGet(43)) - raft.server.log.statemachine.data.sync.timeout.retry = -1 (default)
2019-10-02 05:59:33,194 [pool-257-thread-1] INFO  segmented.SegmentedRaftLogWorker (SegmentedRaftLogWorker.java:<init>(173)) - new 9691bb96-fe0f-42bf-9b38-42602fd905c5@group-2272E170DB9D-SegmentedRaftLogWorker for RaftStorage:Storage Directory /workdir/hadoop-ozone/integration-test/target/test-dir/MiniOzoneClusterImpl-6d54b700-d8a9-4c41-8dd0-ed0139d9985f/datanode-5/data/ratis/a7609643-b12e-4256-ae68-2272e170db9d
2019-10-02 05:59:33,194 [pool-247-thread-1] INFO  server.RaftServerConfigKeys (ConfUtils.java:logGet(43)) - raft.server.log.statemachine.data.caching.enabled = true (custom)
2019-10-02 05:59:33,194 [pool-237-thread-1] INFO  server.RaftServerConfigKeys (ConfUtils.java:logGet(43)) - raft.server.log.queue.element-limit = 1024 (custom)
2019-10-02 05:59:33,194 [pool-257-thread-1] INFO  server.RaftServerConfigKeys (ConfUtils.java:logGet(43)) - raft.server.log.queue.byte-limit = 2147483647 (custom)
2019-10-02 05:59:33,194 [pool-247-thread-1] INFO  segmented.SegmentedRaftLogWorker (SegmentedRaftLogWorker.java:lambda$new$0(128)) - 171d1809-9781-4cd7-8ce4-b2a50abad472@group-2272E170DB9D-SegmentedRaftLogWorker: flushIndex: setUnconditionally 0 -> -1
2019-10-02 05:59:33,194 [pool-237-thread-1] INFO  server.RaftServerConfigKeys (ConfUtils.java:logGet(43)) - raft.server.log.segment.size.max = 1048576 (custom)
2019-10-02 05:59:33,194 [pool-257-thread-1] INFO  server.RaftServerConfigKeys (ConfUtils.java:logGet(43)) - raft.server.log.queue.element-limit = 1024 (custom)
2019-10-02 05:59:33,195 [pool-247-thread-1] INFO  server.RaftServerConfigKeys (ConfUtils.java:logGet(43)) - raft.server.snapshot.auto.trigger.enabled = true (custom)
2019-10-02 05:59:33,195 [pool-237-thread-1] INFO  server.RaftServerConfigKeys (ConfUtils.java:logGet(43)) - raft.server.log.preallocated.size = 16384 (custom)
2019-10-02 05:59:33,195 [pool-247-thread-1] INFO  server.RaftServerConfigKeys (ConfUtils.java:logGet(43)) - raft.server.snapshot.auto.trigger.threshold = 10000 (custom)
2019-10-02 05:59:33,195 [pool-257-thread-1] INFO  server.RaftServerConfigKeys (ConfUtils.java:logGet(43)) - raft.server.log.segment.size.max = 1048576 (custom)
2019-10-02 05:59:33,195 [pool-247-thread-1] INFO  server.RaftServerConfigKeys (ConfUtils.java:logGet(43)) - raft.server.snapshot.retention.file.num = 5 (custom)
2019-10-02 05:59:33,195 [pool-237-thread-1] INFO  server.RaftServerConfigKeys (ConfUtils.java:logGet(43)) - raft.server.log.write.buffer.size = 33554432 (custom)
2019-10-02 05:59:33,195 [pool-247-thread-1] INFO  server.RaftServerConfigKeys (ConfUtils.java:logGet(43)) - raft.server.retrycache.expirytime = 600000ms (custom)
2019-10-02 05:59:33,195 [pool-257-thread-1] INFO  server.RaftServerConfigKeys (ConfUtils.java:logGet(43)) - raft.server.log.preallocated.size = 16384 (custom)
2019-10-02 05:59:33,195 [pool-237-thread-1] INFO  server.RaftServerConfigKeys (ConfUtils.java:logGet(43)) - raft.server.log.force.sync.num = 128 (default)
2019-10-02 05:59:33,196 [pool-257-thread-1] INFO  server.RaftServerConfigKeys (ConfUtils.java:logGet(43)) - raft.server.log.write.buffer.size = 33554432 (custom)
2019-10-02 05:59:33,196 [pool-237-thread-1] INFO  server.RaftServerConfigKeys (ConfUtils.java:logGet(43)) - raft.server.log.statemachine.data.sync = true (default)
2019-10-02 05:59:33,196 [pool-257-thread-1] INFO  server.RaftServerConfigKeys (ConfUtils.java:logGet(43)) - raft.server.log.force.sync.num = 128 (default)
2019-10-02 05:59:33,196 [pool-237-thread-1] INFO  server.RaftServerConfigKeys (ConfUtils.java:logGet(43)) - raft.server.log.statemachine.data.sync.timeout = 10s (default)
2019-10-02 05:59:33,196 [pool-257-thread-1] INFO  server.RaftServerConfigKeys (ConfUtils.java:logGet(43)) - raft.server.log.statemachine.data.sync = true (default)
2019-10-02 05:59:33,196 [pool-237-thread-1] INFO  server.RaftServerConfigKeys (ConfUtils.java:logGet(43)) - raft.server.log.statemachine.data.sync.timeout.retry = -1 (default)
2019-10-02 05:59:33,197 [pool-257-thread-1] INFO  server.RaftServerConfigKeys (ConfUtils.java:logGet(43)) - raft.server.log.statemachine.data.sync.timeout = 10s (default)
2019-10-02 05:59:33,197 [pool-237-thread-1] INFO  server.RaftServerConfigKeys (ConfUtils.java:logGet(43)) - raft.server.log.statemachine.data.caching.enabled = true (custom)
2019-10-02 05:59:33,197 [pool-247-thread-1] INFO  impl.RaftServerImpl (RaftServerImpl.java:start(181)) - 171d1809-9781-4cd7-8ce4-b2a50abad472@group-2272E170DB9D: start as a follower, conf=-1: [a4e4bb75-b37e-4058-bf3c-4811fa34078a:192.168.164.241:44547, 9691bb96-fe0f-42bf-9b38-42602fd905c5:192.168.164.241:36822, 171d1809-9781-4cd7-8ce4-b2a50abad472:192.168.164.241:35505], old=null
2019-10-02 05:59:33,197 [pool-257-thread-1] INFO  server.RaftServerConfigKeys (ConfUtils.java:logGet(43)) - raft.server.log.statemachine.data.sync.timeout.retry = -1 (default)
2019-10-02 05:59:33,197 [pool-237-thread-1] INFO  segmented.SegmentedRaftLogWorker (SegmentedRaftLogWorker.java:lambda$new$0(128)) - a4e4bb75-b37e-4058-bf3c-4811fa34078a@group-2272E170DB9D-SegmentedRaftLogWorker: flushIndex: setUnconditionally 0 -> -1
2019-10-02 05:59:33,197 [pool-247-thread-1] INFO  impl.RaftServerImpl (RaftServerImpl.java:setRole(170)) - 171d1809-9781-4cd7-8ce4-b2a50abad472@group-2272E170DB9D: changes role from      null to FOLLOWER at term 0 for startAsFollower
2019-10-02 05:59:33,197 [pool-257-thread-1] INFO  server.RaftServerConfigKeys (ConfUtils.java:logGet(43)) - raft.server.log.statemachine.data.caching.enabled = true (custom)
2019-10-02 05:59:33,197 [pool-247-thread-1] INFO  impl.RoleInfo (RoleInfo.java:updateAndGet(143)) - 171d1809-9781-4cd7-8ce4-b2a50abad472: start FollowerState
2019-10-02 05:59:33,197 [pool-237-thread-1] INFO  server.RaftServerConfigKeys (ConfUtils.java:logGet(43)) - raft.server.snapshot.auto.trigger.enabled = true (custom)
2019-10-02 05:59:33,198 [pool-257-thread-1] INFO  segmented.SegmentedRaftLogWorker (SegmentedRaftLogWorker.java:lambda$new$0(128)) - 9691bb96-fe0f-42bf-9b38-42602fd905c5@group-2272E170DB9D-SegmentedRaftLogWorker: flushIndex: setUnconditionally 0 -> -1
2019-10-02 05:59:33,198 [pool-247-thread-1] INFO  util.JmxRegister (JmxRegister.java:tryRegister(44)) - Successfully registered JMX Bean with object name Ratis:service=RaftServer,group=group-2272E170DB9D,id=171d1809-9781-4cd7-8ce4-b2a50abad472
2019-10-02 05:59:33,198 [pool-237-thread-1] INFO  server.RaftServerConfigKeys (ConfUtils.java:logGet(43)) - raft.server.snapshot.auto.trigger.threshold = 10000 (custom)
2019-10-02 05:59:33,198 [pool-257-thread-1] INFO  server.RaftServerConfigKeys (ConfUtils.java:logGet(43)) - raft.server.snapshot.auto.trigger.enabled = true (custom)
2019-10-02 05:59:33,198 [pool-237-thread-1] INFO  server.RaftServerConfigKeys (ConfUtils.java:logGet(43)) - raft.server.snapshot.retention.file.num = 5 (custom)
2019-10-02 05:59:33,198 [pool-257-thread-1] INFO  server.RaftServerConfigKeys (ConfUtils.java:logGet(43)) - raft.server.snapshot.auto.trigger.threshold = 10000 (custom)
2019-10-02 05:59:33,198 [pool-237-thread-1] INFO  server.RaftServerConfigKeys (ConfUtils.java:logGet(43)) - raft.server.retrycache.expirytime = 600000ms (custom)
2019-10-02 05:59:33,199 [pool-257-thread-1] INFO  server.RaftServerConfigKeys (ConfUtils.java:logGet(43)) - raft.server.snapshot.retention.file.num = 5 (custom)
2019-10-02 05:59:33,199 [pool-257-thread-1] INFO  server.RaftServerConfigKeys (ConfUtils.java:logGet(43)) - raft.server.retrycache.expirytime = 600000ms (custom)
2019-10-02 05:59:33,201 [pool-237-thread-1] INFO  impl.RaftServerImpl (RaftServerImpl.java:start(181)) - a4e4bb75-b37e-4058-bf3c-4811fa34078a@group-2272E170DB9D: start as a follower, conf=-1: [a4e4bb75-b37e-4058-bf3c-4811fa34078a:192.168.164.241:44547, 9691bb96-fe0f-42bf-9b38-42602fd905c5:192.168.164.241:36822, 171d1809-9781-4cd7-8ce4-b2a50abad472:192.168.164.241:35505], old=null
2019-10-02 05:59:33,201 [pool-237-thread-1] INFO  impl.RaftServerImpl (RaftServerImpl.java:setRole(170)) - a4e4bb75-b37e-4058-bf3c-4811fa34078a@group-2272E170DB9D: changes role from      null to FOLLOWER at term 0 for startAsFollower
2019-10-02 05:59:33,201 [pool-237-thread-1] INFO  impl.RoleInfo (RoleInfo.java:updateAndGet(143)) - a4e4bb75-b37e-4058-bf3c-4811fa34078a: start FollowerState
2019-10-02 05:59:33,201 [pool-237-thread-1] INFO  util.JmxRegister (JmxRegister.java:tryRegister(44)) - Successfully registered JMX Bean with object name Ratis:service=RaftServer,group=group-2272E170DB9D,id=a4e4bb75-b37e-4058-bf3c-4811fa34078a
2019-10-02 05:59:33,202 [pool-257-thread-1] INFO  impl.RaftServerImpl (RaftServerImpl.java:start(181)) - 9691bb96-fe0f-42bf-9b38-42602fd905c5@group-2272E170DB9D: start as a follower, conf=-1: [a4e4bb75-b37e-4058-bf3c-4811fa34078a:192.168.164.241:44547, 9691bb96-fe0f-42bf-9b38-42602fd905c5:192.168.164.241:36822, 171d1809-9781-4cd7-8ce4-b2a50abad472:192.168.164.241:35505], old=null
2019-10-02 05:59:33,202 [pool-257-thread-1] INFO  impl.RaftServerImpl (RaftServerImpl.java:setRole(170)) - 9691bb96-fe0f-42bf-9b38-42602fd905c5@group-2272E170DB9D: changes role from      null to FOLLOWER at term 0 for startAsFollower
2019-10-02 05:59:33,202 [pool-257-thread-1] INFO  impl.RoleInfo (RoleInfo.java:updateAndGet(143)) - 9691bb96-fe0f-42bf-9b38-42602fd905c5: start FollowerState
2019-10-02 05:59:33,202 [pool-257-thread-1] INFO  util.JmxRegister (JmxRegister.java:tryRegister(44)) - Successfully registered JMX Bean with object name Ratis:service=RaftServer,group=group-2272E170DB9D,id=9691bb96-fe0f-42bf-9b38-42602fd905c5
2019-10-02 05:59:33,206 [RatisPipelineUtilsThread] INFO  pipeline.PipelineStateManager (PipelineStateManager.java:addPipeline(56)) - Created pipeline Pipeline[ Id: a7609643-b12e-4256-ae68-2272e170db9d, Nodes: 9691bb96-fe0f-42bf-9b38-42602fd905c5{ip: 192.168.164.241, host: trunk-nightly-20191002-p7fms-2058464235, networkLocation: /default-rack, certSerialId: null}a4e4bb75-b37e-4058-bf3c-4811fa34078a{ip: 192.168.164.241, host: trunk-nightly-20191002-p7fms-2058464235, networkLocation: /default-rack, certSerialId: null}171d1809-9781-4cd7-8ce4-b2a50abad472{ip: 192.168.164.241, host: trunk-nightly-20191002-p7fms-2058464235, networkLocation: /default-rack, certSerialId: null}, Type:RATIS, Factor:THREE, State:OPEN]
2019-10-02 05:59:34,311 [Thread-1333] INFO  impl.FollowerState (FollowerState.java:run(108)) - 665fa38a-9537-47ed-bb4f-28280fb495a6@group-A0F3659C1B16-FollowerState: change to CANDIDATE, lastRpcTime:5035ms, electionTimeout:5032ms
2019-10-02 05:59:34,311 [Thread-1333] INFO  impl.RoleInfo (RoleInfo.java:shutdownFollowerState(121)) - 665fa38a-9537-47ed-bb4f-28280fb495a6: shutdown FollowerState
2019-10-02 05:59:34,311 [Thread-1333] INFO  impl.RaftServerImpl (RaftServerImpl.java:setRole(170)) - 665fa38a-9537-47ed-bb4f-28280fb495a6@group-A0F3659C1B16: changes role from  FOLLOWER to CANDIDATE at term 3 for changeToCandidate
2019-10-02 05:59:34,311 [Thread-1333] INFO  impl.RoleInfo (RoleInfo.java:updateAndGet(143)) - 665fa38a-9537-47ed-bb4f-28280fb495a6: start LeaderElection
2019-10-02 05:59:34,351 [Thread-1338] INFO  impl.FollowerState (FollowerState.java:run(108)) - 48606941-d0e7-458c-8671-720c89e9f6da@group-91BCE5B55630-FollowerState: change to CANDIDATE, lastRpcTime:5061ms, electionTimeout:5061ms
2019-10-02 05:59:34,355 [Thread-1338] INFO  impl.RoleInfo (RoleInfo.java:shutdownFollowerState(121)) - 48606941-d0e7-458c-8671-720c89e9f6da: shutdown FollowerState
2019-10-02 05:59:34,355 [Thread-1338] INFO  impl.RaftServerImpl (RaftServerImpl.java:setRole(170)) - 48606941-d0e7-458c-8671-720c89e9f6da@group-91BCE5B55630: changes role from  FOLLOWER to CANDIDATE at term 3 for changeToCandidate
2019-10-02 05:59:34,355 [Thread-1338] INFO  impl.RoleInfo (RoleInfo.java:updateAndGet(143)) - 48606941-d0e7-458c-8671-720c89e9f6da: start LeaderElection
2019-10-02 05:59:34,380 [Thread-1336] INFO  impl.FollowerState (FollowerState.java:run(108)) - 1a104173-8766-4821-8d3b-b5b33cc05046@group-91BCE5B55630-FollowerState: change to CANDIDATE, lastRpcTime:5093ms, electionTimeout:5093ms
2019-10-02 05:59:34,380 [Thread-1336] INFO  impl.RoleInfo (RoleInfo.java:shutdownFollowerState(121)) - 1a104173-8766-4821-8d3b-b5b33cc05046: shutdown FollowerState
2019-10-02 05:59:34,380 [Thread-1336] INFO  impl.RaftServerImpl (RaftServerImpl.java:setRole(170)) - 1a104173-8766-4821-8d3b-b5b33cc05046@group-91BCE5B55630: changes role from  FOLLOWER to CANDIDATE at term 3 for changeToCandidate
2019-10-02 05:59:34,380 [Thread-1336] INFO  impl.RoleInfo (RoleInfo.java:updateAndGet(143)) - 1a104173-8766-4821-8d3b-b5b33cc05046: start LeaderElection
2019-10-02 05:59:34,413 [Thread-1334] INFO  impl.FollowerState (FollowerState.java:run(108)) - 4dc07db9-938b-48ea-815e-ae23a535f1bb@group-A0F3659C1B16-FollowerState: change to CANDIDATE, lastRpcTime:5133ms, electionTimeout:5133ms
2019-10-02 05:59:34,413 [Thread-1334] INFO  impl.RoleInfo (RoleInfo.java:shutdownFollowerState(121)) - 4dc07db9-938b-48ea-815e-ae23a535f1bb: shutdown FollowerState
2019-10-02 05:59:34,413 [Thread-1334] INFO  impl.RaftServerImpl (RaftServerImpl.java:setRole(170)) - 4dc07db9-938b-48ea-815e-ae23a535f1bb@group-A0F3659C1B16: changes role from  FOLLOWER to CANDIDATE at term 3 for changeToCandidate
2019-10-02 05:59:34,413 [Thread-1334] INFO  impl.RoleInfo (RoleInfo.java:updateAndGet(143)) - 4dc07db9-938b-48ea-815e-ae23a535f1bb: start LeaderElection
2019-10-02 05:59:34,439 [Thread-1337] INFO  impl.FollowerState (FollowerState.java:run(108)) - 98deb3f5-0e5e-4c88-9e80-87735dc2d52d@group-91BCE5B55630-FollowerState: change to CANDIDATE, lastRpcTime:5152ms, electionTimeout:5150ms
2019-10-02 05:59:34,439 [Thread-1337] INFO  impl.RoleInfo (RoleInfo.java:shutdownFollowerState(121)) - 98deb3f5-0e5e-4c88-9e80-87735dc2d52d: shutdown FollowerState
2019-10-02 05:59:34,440 [Thread-1337] INFO  impl.RaftServerImpl (RaftServerImpl.java:setRole(170)) - 98deb3f5-0e5e-4c88-9e80-87735dc2d52d@group-91BCE5B55630: changes role from  FOLLOWER to CANDIDATE at term 3 for changeToCandidate
2019-10-02 05:59:34,440 [Thread-1337] INFO  impl.RoleInfo (RoleInfo.java:updateAndGet(143)) - 98deb3f5-0e5e-4c88-9e80-87735dc2d52d: start LeaderElection
2019-10-02 05:59:34,444 [Thread-1335] INFO  impl.FollowerState (FollowerState.java:run(108)) - 17973fa0-ca4b-4c8f-aca3-d8dca3028241@group-A0F3659C1B16-FollowerState: change to CANDIDATE, lastRpcTime:5159ms, electionTimeout:5155ms
2019-10-02 05:59:34,444 [Thread-1335] INFO  impl.RoleInfo (RoleInfo.java:shutdownFollowerState(121)) - 17973fa0-ca4b-4c8f-aca3-d8dca3028241: shutdown FollowerState
2019-10-02 05:59:34,444 [Thread-1335] INFO  impl.RaftServerImpl (RaftServerImpl.java:setRole(170)) - 17973fa0-ca4b-4c8f-aca3-d8dca3028241@group-A0F3659C1B16: changes role from  FOLLOWER to CANDIDATE at term 3 for changeToCandidate
2019-10-02 05:59:34,444 [Thread-1335] INFO  impl.RoleInfo (RoleInfo.java:updateAndGet(143)) - 17973fa0-ca4b-4c8f-aca3-d8dca3028241: start LeaderElection
2019-10-02 05:59:35,569 [Thread-1361] INFO  container.ReplicationManager (ReplicationManager.java:start(162)) - Starting Replication Monitor Thread.
2019-10-02 05:59:35,575 [ReplicationMonitor] INFO  container.ReplicationManager (ReplicationManager.java:run(225)) - Replication Monitor Thread took 0 milliseconds for processing 1 containers.
2019-10-02 05:59:35,724 [48606941-d0e7-458c-8671-720c89e9f6da@group-91BCE5B55630-LeaderElection40] INFO  impl.LeaderElection (LeaderElection.java:askForVotes(178)) - 48606941-d0e7-458c-8671-720c89e9f6da@group-91BCE5B55630-LeaderElection40: begin an election at term 4 for -1: [1a104173-8766-4821-8d3b-b5b33cc05046:192.168.164.241:42807, 98deb3f5-0e5e-4c88-9e80-87735dc2d52d:192.168.164.241:36654, 48606941-d0e7-458c-8671-720c89e9f6da:192.168.164.241:35807], old=null
2019-10-02 05:59:35,724 [17973fa0-ca4b-4c8f-aca3-d8dca3028241@group-A0F3659C1B16-LeaderElection44] INFO  impl.LeaderElection (LeaderElection.java:askForVotes(178)) - 17973fa0-ca4b-4c8f-aca3-d8dca3028241@group-A0F3659C1B16-LeaderElection44: begin an election at term 4 for -1: [17973fa0-ca4b-4c8f-aca3-d8dca3028241:192.168.164.241:33566, 4dc07db9-938b-48ea-815e-ae23a535f1bb:192.168.164.241:44125, 665fa38a-9537-47ed-bb4f-28280fb495a6:192.168.164.241:42397], old=null
2019-10-02 05:59:35,724 [665fa38a-9537-47ed-bb4f-28280fb495a6@group-A0F3659C1B16-LeaderElection39] INFO  impl.LeaderElection (LeaderElection.java:askForVotes(178)) - 665fa38a-9537-47ed-bb4f-28280fb495a6@group-A0F3659C1B16-LeaderElection39: begin an election at term 4 for -1: [17973fa0-ca4b-4c8f-aca3-d8dca3028241:192.168.164.241:33566, 4dc07db9-938b-48ea-815e-ae23a535f1bb:192.168.164.241:44125, 665fa38a-9537-47ed-bb4f-28280fb495a6:192.168.164.241:42397], old=null
2019-10-02 05:59:35,724 [4dc07db9-938b-48ea-815e-ae23a535f1bb@group-A0F3659C1B16-LeaderElection42] INFO  impl.LeaderElection (LeaderElection.java:askForVotes(178)) - 4dc07db9-938b-48ea-815e-ae23a535f1bb@group-A0F3659C1B16-LeaderElection42: begin an election at term 4 for -1: [17973fa0-ca4b-4c8f-aca3-d8dca3028241:192.168.164.241:33566, 4dc07db9-938b-48ea-815e-ae23a535f1bb:192.168.164.241:44125, 665fa38a-9537-47ed-bb4f-28280fb495a6:192.168.164.241:42397], old=null
2019-10-02 05:59:35,724 [98deb3f5-0e5e-4c88-9e80-87735dc2d52d@group-91BCE5B55630-LeaderElection43] INFO  impl.LeaderElection (LeaderElection.java:askForVotes(178)) - 98deb3f5-0e5e-4c88-9e80-87735dc2d52d@group-91BCE5B55630-LeaderElection43: begin an election at term 4 for -1: [1a104173-8766-4821-8d3b-b5b33cc05046:192.168.164.241:42807, 98deb3f5-0e5e-4c88-9e80-87735dc2d52d:192.168.164.241:36654, 48606941-d0e7-458c-8671-720c89e9f6da:192.168.164.241:35807], old=null
2019-10-02 05:59:35,724 [1a104173-8766-4821-8d3b-b5b33cc05046@group-91BCE5B55630-LeaderElection41] INFO  impl.LeaderElection (LeaderElection.java:askForVotes(178)) - 1a104173-8766-4821-8d3b-b5b33cc05046@group-91BCE5B55630-LeaderElection41: begin an election at term 4 for -1: [1a104173-8766-4821-8d3b-b5b33cc05046:192.168.164.241:42807, 98deb3f5-0e5e-4c88-9e80-87735dc2d52d:192.168.164.241:36654, 48606941-d0e7-458c-8671-720c89e9f6da:192.168.164.241:35807], old=null
2019-10-02 05:59:35,731 [4dc07db9-938b-48ea-815e-ae23a535f1bb@group-A0F3659C1B16-LeaderElection42] INFO  impl.LeaderElection (LeaderElection.java:logAndReturn(56)) - 4dc07db9-938b-48ea-815e-ae23a535f1bb@group-A0F3659C1B16-LeaderElection42: Election REJECTED; received 2 response(s) [4dc07db9-938b-48ea-815e-ae23a535f1bb<-17973fa0-ca4b-4c8f-aca3-d8dca3028241#0:FAIL-t4, 4dc07db9-938b-48ea-815e-ae23a535f1bb<-665fa38a-9537-47ed-bb4f-28280fb495a6#0:FAIL-t4] and 0 exception(s); 4dc07db9-938b-48ea-815e-ae23a535f1bb@group-A0F3659C1B16:t4, leader=null, voted=4dc07db9-938b-48ea-815e-ae23a535f1bb, raftlog=4dc07db9-938b-48ea-815e-ae23a535f1bb@group-A0F3659C1B16-SegmentedRaftLog:OPENED:c-1,f-1,i0, conf=-1: [17973fa0-ca4b-4c8f-aca3-d8dca3028241:192.168.164.241:33566, 4dc07db9-938b-48ea-815e-ae23a535f1bb:192.168.164.241:44125, 665fa38a-9537-47ed-bb4f-28280fb495a6:192.168.164.241:42397], old=null
2019-10-02 05:59:35,732 [1a104173-8766-4821-8d3b-b5b33cc05046@group-91BCE5B55630-LeaderElection41] INFO  impl.LeaderElection (LeaderElection.java:logAndReturn(56)) - 1a104173-8766-4821-8d3b-b5b33cc05046@group-91BCE5B55630-LeaderElection41: Election REJECTED; received 2 response(s) [1a104173-8766-4821-8d3b-b5b33cc05046<-98deb3f5-0e5e-4c88-9e80-87735dc2d52d#0:FAIL-t4, 1a104173-8766-4821-8d3b-b5b33cc05046<-48606941-d0e7-458c-8671-720c89e9f6da#0:FAIL-t4] and 0 exception(s); 1a104173-8766-4821-8d3b-b5b33cc05046@group-91BCE5B55630:t4, leader=null, voted=1a104173-8766-4821-8d3b-b5b33cc05046, raftlog=1a104173-8766-4821-8d3b-b5b33cc05046@group-91BCE5B55630-SegmentedRaftLog:OPENED:c-1,f-1,i0, conf=-1: [1a104173-8766-4821-8d3b-b5b33cc05046:192.168.164.241:42807, 98deb3f5-0e5e-4c88-9e80-87735dc2d52d:192.168.164.241:36654, 48606941-d0e7-458c-8671-720c89e9f6da:192.168.164.241:35807], old=null
2019-10-02 05:59:35,732 [1a104173-8766-4821-8d3b-b5b33cc05046@group-91BCE5B55630-LeaderElection41] INFO  impl.RaftServerImpl (RaftServerImpl.java:setRole(170)) - 1a104173-8766-4821-8d3b-b5b33cc05046@group-91BCE5B55630: changes role from CANDIDATE to FOLLOWER at term 4 for DISCOVERED_A_NEW_TERM
2019-10-02 05:59:35,732 [1a104173-8766-4821-8d3b-b5b33cc05046@group-91BCE5B55630-LeaderElection41] INFO  impl.RoleInfo (RoleInfo.java:shutdownLeaderElection(134)) - 1a104173-8766-4821-8d3b-b5b33cc05046: shutdown LeaderElection
2019-10-02 05:59:35,733 [1a104173-8766-4821-8d3b-b5b33cc05046@group-91BCE5B55630-LeaderElection41] INFO  impl.RoleInfo (RoleInfo.java:updateAndGet(143)) - 1a104173-8766-4821-8d3b-b5b33cc05046: start FollowerState
2019-10-02 05:59:35,732 [4dc07db9-938b-48ea-815e-ae23a535f1bb@group-A0F3659C1B16-LeaderElection42] INFO  impl.RaftServerImpl (RaftServerImpl.java:setRole(170)) - 4dc07db9-938b-48ea-815e-ae23a535f1bb@group-A0F3659C1B16: changes role from CANDIDATE to FOLLOWER at term 4 for DISCOVERED_A_NEW_TERM
2019-10-02 05:59:35,733 [48606941-d0e7-458c-8671-720c89e9f6da@group-91BCE5B55630-LeaderElection40] INFO  impl.LeaderElection (LeaderElection.java:logAndReturn(56)) - 48606941-d0e7-458c-8671-720c89e9f6da@group-91BCE5B55630-LeaderElection40: Election REJECTED; received 2 response(s) [48606941-d0e7-458c-8671-720c89e9f6da<-1a104173-8766-4821-8d3b-b5b33cc05046#0:FAIL-t4, 48606941-d0e7-458c-8671-720c89e9f6da<-98deb3f5-0e5e-4c88-9e80-87735dc2d52d#0:FAIL-t4] and 0 exception(s); 48606941-d0e7-458c-8671-720c89e9f6da@group-91BCE5B55630:t4, leader=null, voted=48606941-d0e7-458c-8671-720c89e9f6da, raftlog=48606941-d0e7-458c-8671-720c89e9f6da@group-91BCE5B55630-SegmentedRaftLog:OPENED:c-1,f-1,i0, conf=-1: [1a104173-8766-4821-8d3b-b5b33cc05046:192.168.164.241:42807, 98deb3f5-0e5e-4c88-9e80-87735dc2d52d:192.168.164.241:36654, 48606941-d0e7-458c-8671-720c89e9f6da:192.168.164.241:35807], old=null
2019-10-02 05:59:35,732 [665fa38a-9537-47ed-bb4f-28280fb495a6@group-A0F3659C1B16-LeaderElection39] INFO  impl.LeaderElection (LeaderElection.java:logAndReturn(56)) - 665fa38a-9537-47ed-bb4f-28280fb495a6@group-A0F3659C1B16-LeaderElection39: Election REJECTED; received 2 response(s) [665fa38a-9537-47ed-bb4f-28280fb495a6<-17973fa0-ca4b-4c8f-aca3-d8dca3028241#0:FAIL-t4, 665fa38a-9537-47ed-bb4f-28280fb495a6<-4dc07db9-938b-48ea-815e-ae23a535f1bb#0:FAIL-t4] and 0 exception(s); 665fa38a-9537-47ed-bb4f-28280fb495a6@group-A0F3659C1B16:t4, leader=null, voted=665fa38a-9537-47ed-bb4f-28280fb495a6, raftlog=665fa38a-9537-47ed-bb4f-28280fb495a6@group-A0F3659C1B16-SegmentedRaftLog:OPENED:c-1,f-1,i0, conf=-1: [17973fa0-ca4b-4c8f-aca3-d8dca3028241:192.168.164.241:33566, 4dc07db9-938b-48ea-815e-ae23a535f1bb:192.168.164.241:44125, 665fa38a-9537-47ed-bb4f-28280fb495a6:192.168.164.241:42397], old=null
2019-10-02 05:59:35,732 [17973fa0-ca4b-4c8f-aca3-d8dca3028241@group-A0F3659C1B16-LeaderElection44] INFO  impl.LeaderElection (LeaderElection.java:logAndReturn(56)) - 17973fa0-ca4b-4c8f-aca3-d8dca3028241@group-A0F3659C1B16-LeaderElection44: Election REJECTED; received 2 response(s) [17973fa0-ca4b-4c8f-aca3-d8dca3028241<-4dc07db9-938b-48ea-815e-ae23a535f1bb#0:FAIL-t4, 17973fa0-ca4b-4c8f-aca3-d8dca3028241<-665fa38a-9537-47ed-bb4f-28280fb495a6#0:FAIL-t4] and 0 exception(s); 17973fa0-ca4b-4c8f-aca3-d8dca3028241@group-A0F3659C1B16:t4, leader=null, voted=17973fa0-ca4b-4c8f-aca3-d8dca3028241, raftlog=17973fa0-ca4b-4c8f-aca3-d8dca3028241@group-A0F3659C1B16-SegmentedRaftLog:OPENED:c-1,f-1,i0, conf=-1: [17973fa0-ca4b-4c8f-aca3-d8dca3028241:192.168.164.241:33566, 4dc07db9-938b-48ea-815e-ae23a535f1bb:192.168.164.241:44125, 665fa38a-9537-47ed-bb4f-28280fb495a6:192.168.164.241:42397], old=null
2019-10-02 05:59:35,738 [48606941-d0e7-458c-8671-720c89e9f6da@group-91BCE5B55630-LeaderElection40] INFO  impl.RaftServerImpl (RaftServerImpl.java:setRole(170)) - 48606941-d0e7-458c-8671-720c89e9f6da@group-91BCE5B55630: changes role from CANDIDATE to FOLLOWER at term 4 for DISCOVERED_A_NEW_TERM
2019-10-02 05:59:35,738 [4dc07db9-938b-48ea-815e-ae23a535f1bb@group-A0F3659C1B16-LeaderElection42] INFO  impl.RoleInfo (RoleInfo.java:shutdownLeaderElection(134)) - 4dc07db9-938b-48ea-815e-ae23a535f1bb: shutdown LeaderElection
2019-10-02 05:59:35,745 [48606941-d0e7-458c-8671-720c89e9f6da@group-91BCE5B55630-LeaderElection40] INFO  impl.RoleInfo (RoleInfo.java:shutdownLeaderElection(134)) - 48606941-d0e7-458c-8671-720c89e9f6da: shutdown LeaderElection
2019-10-02 05:59:35,742 [665fa38a-9537-47ed-bb4f-28280fb495a6@group-A0F3659C1B16-LeaderElection39] INFO  impl.RaftServerImpl (RaftServerImpl.java:setRole(170)) - 665fa38a-9537-47ed-bb4f-28280fb495a6@group-A0F3659C1B16: changes role from CANDIDATE to FOLLOWER at term 4 for DISCOVERED_A_NEW_TERM
2019-10-02 05:59:35,742 [17973fa0-ca4b-4c8f-aca3-d8dca3028241@group-A0F3659C1B16-LeaderElection44] INFO  impl.RaftServerImpl (RaftServerImpl.java:setRole(170)) - 17973fa0-ca4b-4c8f-aca3-d8dca3028241@group-A0F3659C1B16: changes role from CANDIDATE to FOLLOWER at term 4 for DISCOVERED_A_NEW_TERM
2019-10-02 05:59:35,748 [665fa38a-9537-47ed-bb4f-28280fb495a6@group-A0F3659C1B16-LeaderElection39] INFO  impl.RoleInfo (RoleInfo.java:shutdownLeaderElection(134)) - 665fa38a-9537-47ed-bb4f-28280fb495a6: shutdown LeaderElection
2019-10-02 05:59:35,748 [48606941-d0e7-458c-8671-720c89e9f6da@group-91BCE5B55630-LeaderElection40] INFO  impl.RoleInfo (RoleInfo.java:updateAndGet(143)) - 48606941-d0e7-458c-8671-720c89e9f6da: start FollowerState
2019-10-02 05:59:35,748 [4dc07db9-938b-48ea-815e-ae23a535f1bb@group-A0F3659C1B16-LeaderElection42] INFO  impl.RoleInfo (RoleInfo.java:updateAndGet(143)) - 4dc07db9-938b-48ea-815e-ae23a535f1bb: start FollowerState
2019-10-02 05:59:35,749 [665fa38a-9537-47ed-bb4f-28280fb495a6@group-A0F3659C1B16-LeaderElection39] INFO  impl.RoleInfo (RoleInfo.java:updateAndGet(143)) - 665fa38a-9537-47ed-bb4f-28280fb495a6: start FollowerState
2019-10-02 05:59:35,748 [17973fa0-ca4b-4c8f-aca3-d8dca3028241@group-A0F3659C1B16-LeaderElection44] INFO  impl.RoleInfo (RoleInfo.java:shutdownLeaderElection(134)) - 17973fa0-ca4b-4c8f-aca3-d8dca3028241: shutdown LeaderElection
2019-10-02 05:59:35,749 [17973fa0-ca4b-4c8f-aca3-d8dca3028241@group-A0F3659C1B16-LeaderElection44] INFO  impl.RoleInfo (RoleInfo.java:updateAndGet(143)) - 17973fa0-ca4b-4c8f-aca3-d8dca3028241: start FollowerState
2019-10-02 05:59:35,750 [98deb3f5-0e5e-4c88-9e80-87735dc2d52d@group-91BCE5B55630-LeaderElection43] INFO  impl.LeaderElection (LeaderElection.java:logAndReturn(56)) - 98deb3f5-0e5e-4c88-9e80-87735dc2d52d@group-91BCE5B55630-LeaderElection43: Election REJECTED; received 2 response(s) [98deb3f5-0e5e-4c88-9e80-87735dc2d52d<-1a104173-8766-4821-8d3b-b5b33cc05046#0:FAIL-t4, 98deb3f5-0e5e-4c88-9e80-87735dc2d52d<-48606941-d0e7-458c-8671-720c89e9f6da#0:FAIL-t4] and 0 exception(s); 98deb3f5-0e5e-4c88-9e80-87735dc2d52d@group-91BCE5B55630:t4, leader=null, voted=98deb3f5-0e5e-4c88-9e80-87735dc2d52d, raftlog=98deb3f5-0e5e-4c88-9e80-87735dc2d52d@group-91BCE5B55630-SegmentedRaftLog:OPENED:c-1,f-1,i0, conf=-1: [1a104173-8766-4821-8d3b-b5b33cc05046:192.168.164.241:42807, 98deb3f5-0e5e-4c88-9e80-87735dc2d52d:192.168.164.241:36654, 48606941-d0e7-458c-8671-720c89e9f6da:192.168.164.241:35807], old=null
2019-10-02 05:59:35,750 [98deb3f5-0e5e-4c88-9e80-87735dc2d52d@group-91BCE5B55630-LeaderElection43] INFO  impl.RaftServerImpl (RaftServerImpl.java:setRole(170)) - 98deb3f5-0e5e-4c88-9e80-87735dc2d52d@group-91BCE5B55630: changes role from CANDIDATE to FOLLOWER at term 4 for DISCOVERED_A_NEW_TERM
2019-10-02 05:59:35,750 [98deb3f5-0e5e-4c88-9e80-87735dc2d52d@group-91BCE5B55630-LeaderElection43] INFO  impl.RoleInfo (RoleInfo.java:shutdownLeaderElection(134)) - 98deb3f5-0e5e-4c88-9e80-87735dc2d52d: shutdown LeaderElection
2019-10-02 05:59:35,750 [98deb3f5-0e5e-4c88-9e80-87735dc2d52d@group-91BCE5B55630-LeaderElection43] INFO  impl.RoleInfo (RoleInfo.java:updateAndGet(143)) - 98deb3f5-0e5e-4c88-9e80-87735dc2d52d: start FollowerState
2019-10-02 05:59:37,758 [Thread-1363] INFO  impl.FollowerState (FollowerState.java:run(108)) - 02183d65-95ec-4dfc-9f0a-d3560127e420@group-4AD3B69F653C-FollowerState: change to CANDIDATE, lastRpcTime:5138ms, electionTimeout:5138ms
2019-10-02 05:59:37,768 [Thread-1363] INFO  impl.RoleInfo (RoleInfo.java:shutdownFollowerState(121)) - 02183d65-95ec-4dfc-9f0a-d3560127e420: shutdown FollowerState
2019-10-02 05:59:37,768 [Thread-1363] INFO  impl.RaftServerImpl (RaftServerImpl.java:setRole(170)) - 02183d65-95ec-4dfc-9f0a-d3560127e420@group-4AD3B69F653C: changes role from  FOLLOWER to CANDIDATE at term 0 for changeToCandidate
2019-10-02 05:59:37,768 [Thread-1363] INFO  impl.RoleInfo (RoleInfo.java:updateAndGet(143)) - 02183d65-95ec-4dfc-9f0a-d3560127e420: start LeaderElection
2019-10-02 05:59:37,797 [02183d65-95ec-4dfc-9f0a-d3560127e420@group-4AD3B69F653C-LeaderElection45] INFO  impl.LeaderElection (LeaderElection.java:askForVotes(178)) - 02183d65-95ec-4dfc-9f0a-d3560127e420@group-4AD3B69F653C-LeaderElection45: begin an election at term 1 for -1: [02183d65-95ec-4dfc-9f0a-d3560127e420:192.168.164.241:35863], old=null
2019-10-02 05:59:37,798 [02183d65-95ec-4dfc-9f0a-d3560127e420@group-4AD3B69F653C-LeaderElection45] INFO  impl.RoleInfo (RoleInfo.java:shutdownLeaderElection(134)) - 02183d65-95ec-4dfc-9f0a-d3560127e420: shutdown LeaderElection
2019-10-02 05:59:37,798 [02183d65-95ec-4dfc-9f0a-d3560127e420@group-4AD3B69F653C-LeaderElection45] INFO  impl.RaftServerImpl (RaftServerImpl.java:setRole(170)) - 02183d65-95ec-4dfc-9f0a-d3560127e420@group-4AD3B69F653C: changes role from CANDIDATE to LEADER at term 1 for changeToLeader
2019-10-02 05:59:37,798 [02183d65-95ec-4dfc-9f0a-d3560127e420@group-4AD3B69F653C-LeaderElection45] INFO  impl.RaftServerImpl (ServerState.java:setLeader(255)) - 02183d65-95ec-4dfc-9f0a-d3560127e420@group-4AD3B69F653C: change Leader from null to 02183d65-95ec-4dfc-9f0a-d3560127e420 at term 1 for becomeLeader, leader elected after 5186ms
2019-10-02 05:59:37,798 [02183d65-95ec-4dfc-9f0a-d3560127e420@group-4AD3B69F653C-LeaderElection45] INFO  server.RaftServerConfigKeys (ConfUtils.java:logGet(43)) - raft.server.staging.catchup.gap = 1000 (default)
2019-10-02 05:59:37,798 [02183d65-95ec-4dfc-9f0a-d3560127e420@group-4AD3B69F653C-LeaderElection45] INFO  server.RaftServerConfigKeys (ConfUtils.java:logGet(43)) - raft.server.rpc.sleep.time = 25ms (default)
2019-10-02 05:59:37,799 [02183d65-95ec-4dfc-9f0a-d3560127e420@group-4AD3B69F653C-LeaderElection45] INFO  server.RaftServerConfigKeys (ConfUtils.java:logGet(43)) - raft.server.write.element-limit = 4096 (default)
2019-10-02 05:59:37,799 [02183d65-95ec-4dfc-9f0a-d3560127e420@group-4AD3B69F653C-LeaderElection45] INFO  server.RaftServerConfigKeys (ConfUtils.java:logGet(43)) - raft.server.watch.timeout = 10s (default)
2019-10-02 05:59:37,799 [02183d65-95ec-4dfc-9f0a-d3560127e420@group-4AD3B69F653C-LeaderElection45] INFO  server.RaftServerConfigKeys (ConfUtils.java:logGet(43)) - raft.server.watch.timeout.denomination = 1s (default)
2019-10-02 05:59:37,799 [02183d65-95ec-4dfc-9f0a-d3560127e420@group-4AD3B69F653C-LeaderElection45] INFO  server.RaftServerConfigKeys (ConfUtils.java:logGet(43)) - raft.server.watch.element-limit = 65536 (default)
2019-10-02 05:59:37,802 [02183d65-95ec-4dfc-9f0a-d3560127e420@group-4AD3B69F653C-LeaderElection45] INFO  impl.RoleInfo (RoleInfo.java:updateAndGet(143)) - 02183d65-95ec-4dfc-9f0a-d3560127e420: start LeaderState
2019-10-02 05:59:37,802 [02183d65-95ec-4dfc-9f0a-d3560127e420@group-4AD3B69F653C-LeaderElection45] INFO  segmented.SegmentedRaftLogWorker (SegmentedRaftLogWorker.java:startLogSegment(385)) - 02183d65-95ec-4dfc-9f0a-d3560127e420@group-4AD3B69F653C-SegmentedRaftLogWorker: Starting segment from index:0
2019-10-02 05:59:37,803 [02183d65-95ec-4dfc-9f0a-d3560127e420@group-4AD3B69F653C-LeaderElection45] INFO  impl.RaftServerImpl (ServerState.java:setRaftConf(356)) - 02183d65-95ec-4dfc-9f0a-d3560127e420@group-4AD3B69F653C: set configuration 0: [02183d65-95ec-4dfc-9f0a-d3560127e420:192.168.164.241:35863], old=null at 0
2019-10-02 05:59:37,835 [02183d65-95ec-4dfc-9f0a-d3560127e420@group-4AD3B69F653C-SegmentedRaftLogWorker] INFO  segmented.SegmentedRaftLogWorker (SegmentedRaftLogWorker.java:execute(574)) - 02183d65-95ec-4dfc-9f0a-d3560127e420@group-4AD3B69F653C-SegmentedRaftLogWorker: created new log segment /workdir/hadoop-ozone/integration-test/target/test-dir/MiniOzoneClusterImpl-6d54b700-d8a9-4c41-8dd0-ed0139d9985f/datanode-0/data/ratis/886047be-67c7-4912-b0a6-4ad3b69f653c/current/log_inprogress_0
2019-10-02 05:59:37,842 [Thread-1376] INFO  impl.FollowerState (FollowerState.java:run(108)) - 7c17948c-1cd0-4417-ab99-6c36b2a081be@group-2113BBD44459-FollowerState: change to CANDIDATE, lastRpcTime:5013ms, electionTimeout:5013ms
2019-10-02 05:59:37,842 [Thread-1376] INFO  impl.RoleInfo (RoleInfo.java:shutdownFollowerState(121)) - 7c17948c-1cd0-4417-ab99-6c36b2a081be: shutdown FollowerState
2019-10-02 05:59:37,842 [Thread-1376] INFO  impl.RaftServerImpl (RaftServerImpl.java:setRole(170)) - 7c17948c-1cd0-4417-ab99-6c36b2a081be@group-2113BBD44459: changes role from  FOLLOWER to CANDIDATE at term 0 for changeToCandidate
2019-10-02 05:59:37,842 [Thread-1376] INFO  impl.RoleInfo (RoleInfo.java:updateAndGet(143)) - 7c17948c-1cd0-4417-ab99-6c36b2a081be: start LeaderElection
2019-10-02 05:59:37,848 [Thread-1366] INFO  impl.FollowerState (FollowerState.java:run(108)) - 7c17948c-1cd0-4417-ab99-6c36b2a081be@group-494DCBDCC6BC-FollowerState: change to CANDIDATE, lastRpcTime:5150ms, electionTimeout:5146ms
2019-10-02 05:59:37,848 [Thread-1366] INFO  impl.RoleInfo (RoleInfo.java:shutdownFollowerState(121)) - 7c17948c-1cd0-4417-ab99-6c36b2a081be: shutdown FollowerState
2019-10-02 05:59:37,848 [Thread-1366] INFO  impl.RaftServerImpl (RaftServerImpl.java:setRole(170)) - 7c17948c-1cd0-4417-ab99-6c36b2a081be@group-494DCBDCC6BC: changes role from  FOLLOWER to CANDIDATE at term 0 for changeToCandidate
2019-10-02 05:59:37,851 [Thread-1366] INFO  impl.RoleInfo (RoleInfo.java:updateAndGet(143)) - 7c17948c-1cd0-4417-ab99-6c36b2a081be: start LeaderElection
2019-10-02 05:59:37,864 [7c17948c-1cd0-4417-ab99-6c36b2a081be@group-494DCBDCC6BC-LeaderElection47] INFO  impl.LeaderElection (LeaderElection.java:askForVotes(178)) - 7c17948c-1cd0-4417-ab99-6c36b2a081be@group-494DCBDCC6BC-LeaderElection47: begin an election at term 1 for -1: [7c17948c-1cd0-4417-ab99-6c36b2a081be:192.168.164.241:42293], old=null
2019-10-02 05:59:37,864 [7c17948c-1cd0-4417-ab99-6c36b2a081be@group-2113BBD44459-LeaderElection46] INFO  impl.LeaderElection (LeaderElection.java:askForVotes(178)) - 7c17948c-1cd0-4417-ab99-6c36b2a081be@group-2113BBD44459-LeaderElection46: begin an election at term 1 for -1: [dad25ee9-8ea5-4f1c-9f33-3809fe7bf507:192.168.164.241:39128, 7c17948c-1cd0-4417-ab99-6c36b2a081be:192.168.164.241:42293, 02183d65-95ec-4dfc-9f0a-d3560127e420:192.168.164.241:35863], old=null
2019-10-02 05:59:37,864 [7c17948c-1cd0-4417-ab99-6c36b2a081be@group-494DCBDCC6BC-LeaderElection47] INFO  impl.RoleInfo (RoleInfo.java:shutdownLeaderElection(134)) - 7c17948c-1cd0-4417-ab99-6c36b2a081be: shutdown LeaderElection
2019-10-02 05:59:37,864 [7c17948c-1cd0-4417-ab99-6c36b2a081be@group-494DCBDCC6BC-LeaderElection47] INFO  impl.RaftServerImpl (RaftServerImpl.java:setRole(170)) - 7c17948c-1cd0-4417-ab99-6c36b2a081be@group-494DCBDCC6BC: changes role from CANDIDATE to LEADER at term 1 for changeToLeader
2019-10-02 05:59:37,864 [7c17948c-1cd0-4417-ab99-6c36b2a081be@group-494DCBDCC6BC-LeaderElection47] INFO  impl.RaftServerImpl (ServerState.java:setLeader(255)) - 7c17948c-1cd0-4417-ab99-6c36b2a081be@group-494DCBDCC6BC: change Leader from null to 7c17948c-1cd0-4417-ab99-6c36b2a081be at term 1 for becomeLeader, leader elected after 5172ms
2019-10-02 05:59:37,864 [7c17948c-1cd0-4417-ab99-6c36b2a081be@group-494DCBDCC6BC-LeaderElection47] INFO  server.RaftServerConfigKeys (ConfUtils.java:logGet(43)) - raft.server.staging.catchup.gap = 1000 (default)
2019-10-02 05:59:37,864 [7c17948c-1cd0-4417-ab99-6c36b2a081be@group-494DCBDCC6BC-LeaderElection47] INFO  server.RaftServerConfigKeys (ConfUtils.java:logGet(43)) - raft.server.rpc.sleep.time = 25ms (default)
2019-10-02 05:59:37,865 [7c17948c-1cd0-4417-ab99-6c36b2a081be@group-494DCBDCC6BC-LeaderElection47] INFO  server.RaftServerConfigKeys (ConfUtils.java:logGet(43)) - raft.server.write.element-limit = 4096 (default)
2019-10-02 05:59:37,865 [7c17948c-1cd0-4417-ab99-6c36b2a081be@group-494DCBDCC6BC-LeaderElection47] INFO  server.RaftServerConfigKeys (ConfUtils.java:logGet(43)) - raft.server.watch.timeout = 10s (default)
2019-10-02 05:59:37,865 [7c17948c-1cd0-4417-ab99-6c36b2a081be@group-494DCBDCC6BC-LeaderElection47] INFO  server.RaftServerConfigKeys (ConfUtils.java:logGet(43)) - raft.server.watch.timeout.denomination = 1s (default)
2019-10-02 05:59:37,865 [7c17948c-1cd0-4417-ab99-6c36b2a081be@group-494DCBDCC6BC-LeaderElection47] INFO  server.RaftServerConfigKeys (ConfUtils.java:logGet(43)) - raft.server.watch.element-limit = 65536 (default)
2019-10-02 05:59:37,871 [7c17948c-1cd0-4417-ab99-6c36b2a081be@group-494DCBDCC6BC-LeaderElection47] INFO  impl.RoleInfo (RoleInfo.java:updateAndGet(143)) - 7c17948c-1cd0-4417-ab99-6c36b2a081be: start LeaderState
2019-10-02 05:59:37,871 [7c17948c-1cd0-4417-ab99-6c36b2a081be@group-494DCBDCC6BC-LeaderElection47] INFO  segmented.SegmentedRaftLogWorker (SegmentedRaftLogWorker.java:startLogSegment(385)) - 7c17948c-1cd0-4417-ab99-6c36b2a081be@group-494DCBDCC6BC-SegmentedRaftLogWorker: Starting segment from index:0
2019-10-02 05:59:37,872 [7c17948c-1cd0-4417-ab99-6c36b2a081be@group-494DCBDCC6BC-LeaderElection47] INFO  impl.RaftServerImpl (ServerState.java:setRaftConf(356)) - 7c17948c-1cd0-4417-ab99-6c36b2a081be@group-494DCBDCC6BC: set configuration 0: [7c17948c-1cd0-4417-ab99-6c36b2a081be:192.168.164.241:42293], old=null at 0
2019-10-02 05:59:37,872 [grpc-default-executor-2] INFO  impl.RaftServerImpl (RaftServerImpl.java:setRole(170)) - dad25ee9-8ea5-4f1c-9f33-3809fe7bf507@group-2113BBD44459: changes role from  FOLLOWER to FOLLOWER at term 1 for recognizeCandidate:7c17948c-1cd0-4417-ab99-6c36b2a081be
2019-10-02 05:59:37,872 [grpc-default-executor-2] INFO  impl.RoleInfo (RoleInfo.java:shutdownFollowerState(121)) - dad25ee9-8ea5-4f1c-9f33-3809fe7bf507: shutdown FollowerState
2019-10-02 05:59:37,873 [grpc-default-executor-2] INFO  impl.RoleInfo (RoleInfo.java:updateAndGet(143)) - dad25ee9-8ea5-4f1c-9f33-3809fe7bf507: start FollowerState
2019-10-02 05:59:37,873 [Thread-1375] INFO  impl.FollowerState (FollowerState.java:run(117)) - dad25ee9-8ea5-4f1c-9f33-3809fe7bf507@group-2113BBD44459-FollowerState was interrupted: java.lang.InterruptedException: sleep interrupted
2019-10-02 05:59:37,896 [grpc-default-executor-3] INFO  impl.RaftServerImpl (RaftServerImpl.java:setRole(170)) - 02183d65-95ec-4dfc-9f0a-d3560127e420@group-2113BBD44459: changes role from  FOLLOWER to FOLLOWER at term 1 for recognizeCandidate:7c17948c-1cd0-4417-ab99-6c36b2a081be
2019-10-02 05:59:37,896 [Thread-1369] INFO  impl.FollowerState (FollowerState.java:run(108)) - dad25ee9-8ea5-4f1c-9f33-3809fe7bf507@group-8514A3249CD0-FollowerState: change to CANDIDATE, lastRpcTime:5142ms, electionTimeout:5139ms
2019-10-02 05:59:37,900 [grpc-default-executor-3] INFO  impl.RoleInfo (RoleInfo.java:shutdownFollowerState(121)) - 02183d65-95ec-4dfc-9f0a-d3560127e420: shutdown FollowerState
2019-10-02 05:59:37,900 [Thread-1369] INFO  impl.RoleInfo (RoleInfo.java:shutdownFollowerState(121)) - dad25ee9-8ea5-4f1c-9f33-3809fe7bf507: shutdown FollowerState
2019-10-02 05:59:37,900 [grpc-default-executor-3] INFO  impl.RoleInfo (RoleInfo.java:updateAndGet(143)) - 02183d65-95ec-4dfc-9f0a-d3560127e420: start FollowerState
2019-10-02 05:59:37,900 [Thread-1369] INFO  impl.RaftServerImpl (RaftServerImpl.java:setRole(170)) - dad25ee9-8ea5-4f1c-9f33-3809fe7bf507@group-8514A3249CD0: changes role from  FOLLOWER to CANDIDATE at term 0 for changeToCandidate
2019-10-02 05:59:37,900 [Thread-1374] INFO  impl.FollowerState (FollowerState.java:run(117)) - 02183d65-95ec-4dfc-9f0a-d3560127e420@group-2113BBD44459-FollowerState was interrupted: java.lang.InterruptedException: sleep interrupted
2019-10-02 05:59:37,900 [Thread-1369] INFO  impl.RoleInfo (RoleInfo.java:updateAndGet(143)) - dad25ee9-8ea5-4f1c-9f33-3809fe7bf507: start LeaderElection
2019-10-02 05:59:37,922 [7c17948c-1cd0-4417-ab99-6c36b2a081be@group-494DCBDCC6BC-SegmentedRaftLogWorker] INFO  segmented.SegmentedRaftLogWorker (SegmentedRaftLogWorker.java:execute(574)) - 7c17948c-1cd0-4417-ab99-6c36b2a081be@group-494DCBDCC6BC-SegmentedRaftLogWorker: created new log segment /workdir/hadoop-ozone/integration-test/target/test-dir/MiniOzoneClusterImpl-6d54b700-d8a9-4c41-8dd0-ed0139d9985f/datanode-1/data/ratis/75971242-016a-428c-906c-494dcbdcc6bc/current/log_inprogress_0
2019-10-02 05:59:37,922 [dad25ee9-8ea5-4f1c-9f33-3809fe7bf507@group-8514A3249CD0-LeaderElection48] INFO  impl.LeaderElection (LeaderElection.java:askForVotes(178)) - dad25ee9-8ea5-4f1c-9f33-3809fe7bf507@group-8514A3249CD0-LeaderElection48: begin an election at term 1 for -1: [dad25ee9-8ea5-4f1c-9f33-3809fe7bf507:192.168.164.241:39128], old=null
2019-10-02 05:59:37,922 [dad25ee9-8ea5-4f1c-9f33-3809fe7bf507@group-8514A3249CD0-LeaderElection48] INFO  impl.RoleInfo (RoleInfo.java:shutdownLeaderElection(134)) - dad25ee9-8ea5-4f1c-9f33-3809fe7bf507: shutdown LeaderElection
2019-10-02 05:59:37,922 [dad25ee9-8ea5-4f1c-9f33-3809fe7bf507@group-8514A3249CD0-LeaderElection48] INFO  impl.RaftServerImpl (RaftServerImpl.java:setRole(170)) - dad25ee9-8ea5-4f1c-9f33-3809fe7bf507@group-8514A3249CD0: changes role from CANDIDATE to LEADER at term 1 for changeToLeader
2019-10-02 05:59:37,922 [dad25ee9-8ea5-4f1c-9f33-3809fe7bf507@group-8514A3249CD0-LeaderElection48] INFO  impl.RaftServerImpl (ServerState.java:setLeader(255)) - dad25ee9-8ea5-4f1c-9f33-3809fe7bf507@group-8514A3249CD0: change Leader from null to dad25ee9-8ea5-4f1c-9f33-3809fe7bf507 at term 1 for becomeLeader, leader elected after 5175ms
2019-10-02 05:59:37,922 [dad25ee9-8ea5-4f1c-9f33-3809fe7bf507@group-8514A3249CD0-LeaderElection48] INFO  server.RaftServerConfigKeys (ConfUtils.java:logGet(43)) - raft.server.staging.catchup.gap = 1000 (default)
2019-10-02 05:59:37,922 [dad25ee9-8ea5-4f1c-9f33-3809fe7bf507@group-8514A3249CD0-LeaderElection48] INFO  server.RaftServerConfigKeys (ConfUtils.java:logGet(43)) - raft.server.rpc.sleep.time = 25ms (default)
2019-10-02 05:59:37,923 [dad25ee9-8ea5-4f1c-9f33-3809fe7bf507@group-8514A3249CD0-LeaderElection48] INFO  server.RaftServerConfigKeys (ConfUtils.java:logGet(43)) - raft.server.write.element-limit = 4096 (default)
2019-10-02 05:59:37,923 [dad25ee9-8ea5-4f1c-9f33-3809fe7bf507@group-8514A3249CD0-LeaderElection48] INFO  server.RaftServerConfigKeys (ConfUtils.java:logGet(43)) - raft.server.watch.timeout = 10s (default)
2019-10-02 05:59:37,923 [7c17948c-1cd0-4417-ab99-6c36b2a081be@group-2113BBD44459-LeaderElection46] INFO  impl.LeaderElection (LeaderElection.java:logAndReturn(56)) - 7c17948c-1cd0-4417-ab99-6c36b2a081be@group-2113BBD44459-LeaderElection46: Election PASSED; received 1 response(s) [7c17948c-1cd0-4417-ab99-6c36b2a081be<-dad25ee9-8ea5-4f1c-9f33-3809fe7bf507#0:OK-t1] and 0 exception(s); 7c17948c-1cd0-4417-ab99-6c36b2a081be@group-2113BBD44459:t1, leader=null, voted=7c17948c-1cd0-4417-ab99-6c36b2a081be, raftlog=7c17948c-1cd0-4417-ab99-6c36b2a081be@group-2113BBD44459-SegmentedRaftLog:OPENED:c-1,f-1,i0, conf=-1: [dad25ee9-8ea5-4f1c-9f33-3809fe7bf507:192.168.164.241:39128, 7c17948c-1cd0-4417-ab99-6c36b2a081be:192.168.164.241:42293, 02183d65-95ec-4dfc-9f0a-d3560127e420:192.168.164.241:35863], old=null
2019-10-02 05:59:37,923 [dad25ee9-8ea5-4f1c-9f33-3809fe7bf507@group-8514A3249CD0-LeaderElection48] INFO  server.RaftServerConfigKeys (ConfUtils.java:logGet(43)) - raft.server.watch.timeout.denomination = 1s (default)
2019-10-02 05:59:37,923 [7c17948c-1cd0-4417-ab99-6c36b2a081be@group-2113BBD44459-LeaderElection46] INFO  impl.RoleInfo (RoleInfo.java:shutdownLeaderElection(134)) - 7c17948c-1cd0-4417-ab99-6c36b2a081be: shutdown LeaderElection
2019-10-02 05:59:37,923 [dad25ee9-8ea5-4f1c-9f33-3809fe7bf507@group-8514A3249CD0-LeaderElection48] INFO  server.RaftServerConfigKeys (ConfUtils.java:logGet(43)) - raft.server.watch.element-limit = 65536 (default)
2019-10-02 05:59:37,926 [7c17948c-1cd0-4417-ab99-6c36b2a081be@group-2113BBD44459-LeaderElection46] INFO  impl.RaftServerImpl (RaftServerImpl.java:setRole(170)) - 7c17948c-1cd0-4417-ab99-6c36b2a081be@group-2113BBD44459: changes role from CANDIDATE to LEADER at term 1 for changeToLeader
2019-10-02 05:59:37,927 [7c17948c-1cd0-4417-ab99-6c36b2a081be@group-2113BBD44459-LeaderElection46] INFO  impl.RaftServerImpl (ServerState.java:setLeader(255)) - 7c17948c-1cd0-4417-ab99-6c36b2a081be@group-2113BBD44459: change Leader from null to 7c17948c-1cd0-4417-ab99-6c36b2a081be at term 1 for becomeLeader, leader elected after 5107ms
2019-10-02 05:59:37,927 [7c17948c-1cd0-4417-ab99-6c36b2a081be@group-2113BBD44459-LeaderElection46] INFO  server.RaftServerConfigKeys (ConfUtils.java:logGet(43)) - raft.server.staging.catchup.gap = 1000 (default)
2019-10-02 05:59:37,927 [7c17948c-1cd0-4417-ab99-6c36b2a081be@group-2113BBD44459-LeaderElection46] INFO  server.RaftServerConfigKeys (ConfUtils.java:logGet(43)) - raft.server.rpc.sleep.time = 25ms (default)
2019-10-02 05:59:37,927 [7c17948c-1cd0-4417-ab99-6c36b2a081be@group-2113BBD44459-LeaderElection46] INFO  server.RaftServerConfigKeys (ConfUtils.java:logGet(43)) - raft.server.write.element-limit = 4096 (default)
2019-10-02 05:59:37,927 [7c17948c-1cd0-4417-ab99-6c36b2a081be@group-2113BBD44459-LeaderElection46] INFO  server.RaftServerConfigKeys (ConfUtils.java:logGet(43)) - raft.server.watch.timeout = 10s (default)
2019-10-02 05:59:37,927 [7c17948c-1cd0-4417-ab99-6c36b2a081be@group-2113BBD44459-LeaderElection46] INFO  server.RaftServerConfigKeys (ConfUtils.java:logGet(43)) - raft.server.watch.timeout.denomination = 1s (default)
2019-10-02 05:59:37,928 [7c17948c-1cd0-4417-ab99-6c36b2a081be@group-2113BBD44459-LeaderElection46] INFO  server.RaftServerConfigKeys (ConfUtils.java:logGet(43)) - raft.server.watch.element-limit = 65536 (default)
2019-10-02 05:59:37,928 [dad25ee9-8ea5-4f1c-9f33-3809fe7bf507@group-8514A3249CD0-LeaderElection48] INFO  impl.RoleInfo (RoleInfo.java:updateAndGet(143)) - dad25ee9-8ea5-4f1c-9f33-3809fe7bf507: start LeaderState
2019-10-02 05:59:37,929 [dad25ee9-8ea5-4f1c-9f33-3809fe7bf507@group-8514A3249CD0-LeaderElection48] INFO  segmented.SegmentedRaftLogWorker (SegmentedRaftLogWorker.java:startLogSegment(385)) - dad25ee9-8ea5-4f1c-9f33-3809fe7bf507@group-8514A3249CD0-SegmentedRaftLogWorker: Starting segment from index:0
2019-10-02 05:59:37,929 [dad25ee9-8ea5-4f1c-9f33-3809fe7bf507@group-8514A3249CD0-LeaderElection48] INFO  impl.RaftServerImpl (ServerState.java:setRaftConf(356)) - dad25ee9-8ea5-4f1c-9f33-3809fe7bf507@group-8514A3249CD0: set configuration 0: [dad25ee9-8ea5-4f1c-9f33-3809fe7bf507:192.168.164.241:39128], old=null at 0
2019-10-02 05:59:37,931 [7c17948c-1cd0-4417-ab99-6c36b2a081be@group-2113BBD44459-LeaderElection46] INFO  server.RaftServerConfigKeys (ConfUtils.java:logGet(43)) - raft.server.log.appender.snapshot.chunk.size.max = 16MB (=16777216) (default)
2019-10-02 05:59:37,931 [7c17948c-1cd0-4417-ab99-6c36b2a081be@group-2113BBD44459-LeaderElection46] INFO  server.RaftServerConfigKeys (ConfUtils.java:logGet(43)) - raft.server.log.appender.buffer.byte-limit = 33554432 (custom)
2019-10-02 05:59:37,931 [7c17948c-1cd0-4417-ab99-6c36b2a081be@group-2113BBD44459-LeaderElection46] INFO  server.RaftServerConfigKeys (ConfUtils.java:logGet(43)) - raft.server.log.appender.buffer.element-limit = 1 (custom)
2019-10-02 05:59:37,931 [7c17948c-1cd0-4417-ab99-6c36b2a081be@group-2113BBD44459-LeaderElection46] INFO  grpc.GrpcConfigKeys$Server (ConfUtils.java:logGet(43)) - raft.grpc.server.leader.outstanding.appends.max = 128 (default)
2019-10-02 05:59:37,932 [7c17948c-1cd0-4417-ab99-6c36b2a081be@group-2113BBD44459-LeaderElection46] INFO  server.RaftServerConfigKeys (ConfUtils.java:logGet(43)) - raft.server.rpc.request.timeout = 3000ms (default)
2019-10-02 05:59:37,932 [7c17948c-1cd0-4417-ab99-6c36b2a081be@group-2113BBD44459-LeaderElection46] INFO  server.RaftServerConfigKeys (ConfUtils.java:logGet(43)) - raft.server.log.appender.install.snapshot.enabled = false (custom)
2019-10-02 05:59:37,932 [7c17948c-1cd0-4417-ab99-6c36b2a081be@group-2113BBD44459-LeaderElection46] INFO  server.RaftServerConfigKeys (ConfUtils.java:logGet(43)) - raft.server.log.appender.snapshot.chunk.size.max = 16MB (=16777216) (default)
2019-10-02 05:59:37,933 [7c17948c-1cd0-4417-ab99-6c36b2a081be@group-2113BBD44459-LeaderElection46] INFO  server.RaftServerConfigKeys (ConfUtils.java:logGet(43)) - raft.server.log.appender.buffer.byte-limit = 33554432 (custom)
2019-10-02 05:59:37,933 [7c17948c-1cd0-4417-ab99-6c36b2a081be@group-2113BBD44459-LeaderElection46] INFO  server.RaftServerConfigKeys (ConfUtils.java:logGet(43)) - raft.server.log.appender.buffer.element-limit = 1 (custom)
2019-10-02 05:59:37,933 [7c17948c-1cd0-4417-ab99-6c36b2a081be@group-2113BBD44459-LeaderElection46] INFO  grpc.GrpcConfigKeys$Server (ConfUtils.java:logGet(43)) - raft.grpc.server.leader.outstanding.appends.max = 128 (default)
2019-10-02 05:59:37,933 [7c17948c-1cd0-4417-ab99-6c36b2a081be@group-2113BBD44459-LeaderElection46] INFO  server.RaftServerConfigKeys (ConfUtils.java:logGet(43)) - raft.server.rpc.request.timeout = 3000ms (default)
2019-10-02 05:59:37,933 [7c17948c-1cd0-4417-ab99-6c36b2a081be@group-2113BBD44459-LeaderElection46] INFO  server.RaftServerConfigKeys (ConfUtils.java:logGet(43)) - raft.server.log.appender.install.snapshot.enabled = false (custom)
2019-10-02 05:59:37,934 [7c17948c-1cd0-4417-ab99-6c36b2a081be@group-2113BBD44459-LeaderElection46] INFO  impl.RoleInfo (RoleInfo.java:updateAndGet(143)) - 7c17948c-1cd0-4417-ab99-6c36b2a081be: start LeaderState
2019-10-02 05:59:37,934 [7c17948c-1cd0-4417-ab99-6c36b2a081be@group-2113BBD44459-LeaderElection46] INFO  segmented.SegmentedRaftLogWorker (SegmentedRaftLogWorker.java:startLogSegment(385)) - 7c17948c-1cd0-4417-ab99-6c36b2a081be@group-2113BBD44459-SegmentedRaftLogWorker: Starting segment from index:0
2019-10-02 05:59:37,935 [7c17948c-1cd0-4417-ab99-6c36b2a081be@group-2113BBD44459-LeaderElection46] INFO  impl.RaftServerImpl (ServerState.java:setRaftConf(356)) - 7c17948c-1cd0-4417-ab99-6c36b2a081be@group-2113BBD44459: set configuration 0: [dad25ee9-8ea5-4f1c-9f33-3809fe7bf507:192.168.164.241:39128, 7c17948c-1cd0-4417-ab99-6c36b2a081be:192.168.164.241:42293, 02183d65-95ec-4dfc-9f0a-d3560127e420:192.168.164.241:35863], old=null at 0
2019-10-02 05:59:37,965 [grpc-default-executor-3] INFO  impl.RaftServerImpl (ServerState.java:setLeader(255)) - dad25ee9-8ea5-4f1c-9f33-3809fe7bf507@group-2113BBD44459: change Leader from null to 7c17948c-1cd0-4417-ab99-6c36b2a081be at term 1 for appendEntries, leader elected after 5145ms
2019-10-02 05:59:37,966 [grpc-default-executor-3] INFO  impl.RaftServerImpl (ServerState.java:setLeader(255)) - 02183d65-95ec-4dfc-9f0a-d3560127e420@group-2113BBD44459: change Leader from null to 7c17948c-1cd0-4417-ab99-6c36b2a081be at term 1 for appendEntries, leader elected after 5146ms
2019-10-02 05:59:37,971 [grpc-default-executor-3] INFO  impl.RaftServerImpl (ServerState.java:setRaftConf(356)) - dad25ee9-8ea5-4f1c-9f33-3809fe7bf507@group-2113BBD44459: set configuration 0: [dad25ee9-8ea5-4f1c-9f33-3809fe7bf507:192.168.164.241:39128, 7c17948c-1cd0-4417-ab99-6c36b2a081be:192.168.164.241:42293, 02183d65-95ec-4dfc-9f0a-d3560127e420:192.168.164.241:35863], old=null at 0
2019-10-02 05:59:37,971 [grpc-default-executor-2] INFO  impl.RaftServerImpl (ServerState.java:setRaftConf(356)) - 02183d65-95ec-4dfc-9f0a-d3560127e420@group-2113BBD44459: set configuration 0: [dad25ee9-8ea5-4f1c-9f33-3809fe7bf507:192.168.164.241:39128, 7c17948c-1cd0-4417-ab99-6c36b2a081be:192.168.164.241:42293, 02183d65-95ec-4dfc-9f0a-d3560127e420:192.168.164.241:35863], old=null at 0
2019-10-02 05:59:37,971 [grpc-default-executor-3] INFO  segmented.SegmentedRaftLogWorker (SegmentedRaftLogWorker.java:startLogSegment(385)) - dad25ee9-8ea5-4f1c-9f33-3809fe7bf507@group-2113BBD44459-SegmentedRaftLogWorker: Starting segment from index:0
2019-10-02 05:59:37,971 [grpc-default-executor-2] INFO  segmented.SegmentedRaftLogWorker (SegmentedRaftLogWorker.java:startLogSegment(385)) - 02183d65-95ec-4dfc-9f0a-d3560127e420@group-2113BBD44459-SegmentedRaftLogWorker: Starting segment from index:0
2019-10-02 05:59:37,977 [7c17948c-1cd0-4417-ab99-6c36b2a081be@group-2113BBD44459-SegmentedRaftLogWorker] INFO  segmented.SegmentedRaftLogWorker (SegmentedRaftLogWorker.java:execute(574)) - 7c17948c-1cd0-4417-ab99-6c36b2a081be@group-2113BBD44459-SegmentedRaftLogWorker: created new log segment /workdir/hadoop-ozone/integration-test/target/test-dir/MiniOzoneClusterImpl-6d54b700-d8a9-4c41-8dd0-ed0139d9985f/datanode-1/data/ratis/685c3351-04e3-4386-8a9a-2113bbd44459/current/log_inprogress_0
2019-10-02 05:59:37,977 [dad25ee9-8ea5-4f1c-9f33-3809fe7bf507@group-8514A3249CD0-SegmentedRaftLogWorker] INFO  segmented.SegmentedRaftLogWorker (SegmentedRaftLogWorker.java:execute(574)) - dad25ee9-8ea5-4f1c-9f33-3809fe7bf507@group-8514A3249CD0-SegmentedRaftLogWorker: created new log segment /workdir/hadoop-ozone/integration-test/target/test-dir/MiniOzoneClusterImpl-6d54b700-d8a9-4c41-8dd0-ed0139d9985f/datanode-2/data/ratis/efb17877-ce70-459f-a241-8514a3249cd0/current/log_inprogress_0
2019-10-02 05:59:38,009 [dad25ee9-8ea5-4f1c-9f33-3809fe7bf507@group-2113BBD44459-SegmentedRaftLogWorker] INFO  segmented.SegmentedRaftLogWorker (SegmentedRaftLogWorker.java:execute(574)) - dad25ee9-8ea5-4f1c-9f33-3809fe7bf507@group-2113BBD44459-SegmentedRaftLogWorker: created new log segment /workdir/hadoop-ozone/integration-test/target/test-dir/MiniOzoneClusterImpl-6d54b700-d8a9-4c41-8dd0-ed0139d9985f/datanode-2/data/ratis/685c3351-04e3-4386-8a9a-2113bbd44459/current/log_inprogress_0
2019-10-02 05:59:38,009 [02183d65-95ec-4dfc-9f0a-d3560127e420@group-2113BBD44459-SegmentedRaftLogWorker] INFO  segmented.SegmentedRaftLogWorker (SegmentedRaftLogWorker.java:execute(574)) - 02183d65-95ec-4dfc-9f0a-d3560127e420@group-2113BBD44459-SegmentedRaftLogWorker: created new log segment /workdir/hadoop-ozone/integration-test/target/test-dir/MiniOzoneClusterImpl-6d54b700-d8a9-4c41-8dd0-ed0139d9985f/datanode-0/data/ratis/685c3351-04e3-4386-8a9a-2113bbd44459/current/log_inprogress_0
2019-10-02 05:59:38,081 [Thread-1384] INFO  impl.FollowerState (FollowerState.java:run(108)) - 171d1809-9781-4cd7-8ce4-b2a50abad472@group-24DA0DB73453-FollowerState: change to CANDIDATE, lastRpcTime:5091ms, electionTimeout:5091ms
2019-10-02 05:59:38,081 [Thread-1384] INFO  impl.RoleInfo (RoleInfo.java:shutdownFollowerState(121)) - 171d1809-9781-4cd7-8ce4-b2a50abad472: shutdown FollowerState
2019-10-02 05:59:38,081 [Thread-1384] INFO  impl.RaftServerImpl (RaftServerImpl.java:setRole(170)) - 171d1809-9781-4cd7-8ce4-b2a50abad472@group-24DA0DB73453: changes role from  FOLLOWER to CANDIDATE at term 0 for changeToCandidate
2019-10-02 05:59:38,081 [Thread-1384] INFO  impl.RoleInfo (RoleInfo.java:updateAndGet(143)) - 171d1809-9781-4cd7-8ce4-b2a50abad472: start LeaderElection
2019-10-02 05:59:38,103 [171d1809-9781-4cd7-8ce4-b2a50abad472@group-24DA0DB73453-LeaderElection49] INFO  impl.LeaderElection (LeaderElection.java:askForVotes(178)) - 171d1809-9781-4cd7-8ce4-b2a50abad472@group-24DA0DB73453-LeaderElection49: begin an election at term 1 for -1: [171d1809-9781-4cd7-8ce4-b2a50abad472:192.168.164.241:35505], old=null
2019-10-02 05:59:38,103 [171d1809-9781-4cd7-8ce4-b2a50abad472@group-24DA0DB73453-LeaderElection49] INFO  impl.RoleInfo (RoleInfo.java:shutdownLeaderElection(134)) - 171d1809-9781-4cd7-8ce4-b2a50abad472: shutdown LeaderElection
2019-10-02 05:59:38,103 [171d1809-9781-4cd7-8ce4-b2a50abad472@group-24DA0DB73453-LeaderElection49] INFO  impl.RaftServerImpl (RaftServerImpl.java:setRole(170)) - 171d1809-9781-4cd7-8ce4-b2a50abad472@group-24DA0DB73453: changes role from CANDIDATE to LEADER at term 1 for changeToLeader
2019-10-02 05:59:38,103 [171d1809-9781-4cd7-8ce4-b2a50abad472@group-24DA0DB73453-LeaderElection49] INFO  impl.RaftServerImpl (ServerState.java:setLeader(255)) - 171d1809-9781-4cd7-8ce4-b2a50abad472@group-24DA0DB73453: change Leader from null to 171d1809-9781-4cd7-8ce4-b2a50abad472 at term 1 for becomeLeader, leader elected after 5121ms
2019-10-02 05:59:38,103 [171d1809-9781-4cd7-8ce4-b2a50abad472@group-24DA0DB73453-LeaderElection49] INFO  server.RaftServerConfigKeys (ConfUtils.java:logGet(43)) - raft.server.staging.catchup.gap = 1000 (default)
2019-10-02 05:59:38,104 [171d1809-9781-4cd7-8ce4-b2a50abad472@group-24DA0DB73453-LeaderElection49] INFO  server.RaftServerConfigKeys (ConfUtils.java:logGet(43)) - raft.server.rpc.sleep.time = 25ms (default)
2019-10-02 05:59:38,104 [171d1809-9781-4cd7-8ce4-b2a50abad472@group-24DA0DB73453-LeaderElection49] INFO  server.RaftServerConfigKeys (ConfUtils.java:logGet(43)) - raft.server.write.element-limit = 4096 (default)
2019-10-02 05:59:38,104 [171d1809-9781-4cd7-8ce4-b2a50abad472@group-24DA0DB73453-LeaderElection49] INFO  server.RaftServerConfigKeys (ConfUtils.java:logGet(43)) - raft.server.watch.timeout = 10s (default)
2019-10-02 05:59:38,104 [171d1809-9781-4cd7-8ce4-b2a50abad472@group-24DA0DB73453-LeaderElection49] INFO  server.RaftServerConfigKeys (ConfUtils.java:logGet(43)) - raft.server.watch.timeout.denomination = 1s (default)
2019-10-02 05:59:38,104 [171d1809-9781-4cd7-8ce4-b2a50abad472@group-24DA0DB73453-LeaderElection49] INFO  server.RaftServerConfigKeys (ConfUtils.java:logGet(43)) - raft.server.watch.element-limit = 65536 (default)
2019-10-02 05:59:38,106 [171d1809-9781-4cd7-8ce4-b2a50abad472@group-24DA0DB73453-LeaderElection49] INFO  impl.RoleInfo (RoleInfo.java:updateAndGet(143)) - 171d1809-9781-4cd7-8ce4-b2a50abad472: start LeaderState
2019-10-02 05:59:38,107 [171d1809-9781-4cd7-8ce4-b2a50abad472@group-24DA0DB73453-LeaderElection49] INFO  segmented.SegmentedRaftLogWorker (SegmentedRaftLogWorker.java:startLogSegment(385)) - 171d1809-9781-4cd7-8ce4-b2a50abad472@group-24DA0DB73453-SegmentedRaftLogWorker: Starting segment from index:0
2019-10-02 05:59:38,107 [171d1809-9781-4cd7-8ce4-b2a50abad472@group-24DA0DB73453-LeaderElection49] INFO  impl.RaftServerImpl (ServerState.java:setRaftConf(356)) - 171d1809-9781-4cd7-8ce4-b2a50abad472@group-24DA0DB73453: set configuration 0: [171d1809-9781-4cd7-8ce4-b2a50abad472:192.168.164.241:35505], old=null at 0
2019-10-02 05:59:38,123 [Thread-1381] INFO  impl.FollowerState (FollowerState.java:run(108)) - a4e4bb75-b37e-4058-bf3c-4811fa34078a@group-655F8714D436-FollowerState: change to CANDIDATE, lastRpcTime:5168ms, electionTimeout:5168ms
2019-10-02 05:59:38,123 [Thread-1381] INFO  impl.RoleInfo (RoleInfo.java:shutdownFollowerState(121)) - a4e4bb75-b37e-4058-bf3c-4811fa34078a: shutdown FollowerState
2019-10-02 05:59:38,123 [Thread-1381] INFO  impl.RaftServerImpl (RaftServerImpl.java:setRole(170)) - a4e4bb75-b37e-4058-bf3c-4811fa34078a@group-655F8714D436: changes role from  FOLLOWER to CANDIDATE at term 0 for changeToCandidate
2019-10-02 05:59:38,123 [Thread-1381] INFO  impl.RoleInfo (RoleInfo.java:updateAndGet(143)) - a4e4bb75-b37e-4058-bf3c-4811fa34078a: start LeaderElection
2019-10-02 05:59:38,171 [171d1809-9781-4cd7-8ce4-b2a50abad472@group-24DA0DB73453-SegmentedRaftLogWorker] INFO  segmented.SegmentedRaftLogWorker (SegmentedRaftLogWorker.java:execute(574)) - 171d1809-9781-4cd7-8ce4-b2a50abad472@group-24DA0DB73453-SegmentedRaftLogWorker: created new log segment /workdir/hadoop-ozone/integration-test/target/test-dir/MiniOzoneClusterImpl-6d54b700-d8a9-4c41-8dd0-ed0139d9985f/datanode-4/data/ratis/ccc6e937-f2fd-4739-9b06-24da0db73453/current/log_inprogress_0
2019-10-02 05:59:38,171 [a4e4bb75-b37e-4058-bf3c-4811fa34078a@group-655F8714D436-LeaderElection50] INFO  impl.LeaderElection (LeaderElection.java:askForVotes(178)) - a4e4bb75-b37e-4058-bf3c-4811fa34078a@group-655F8714D436-LeaderElection50: begin an election at term 1 for -1: [a4e4bb75-b37e-4058-bf3c-4811fa34078a:192.168.164.241:44547], old=null
2019-10-02 05:59:38,171 [a4e4bb75-b37e-4058-bf3c-4811fa34078a@group-655F8714D436-LeaderElection50] INFO  impl.RoleInfo (RoleInfo.java:shutdownLeaderElection(134)) - a4e4bb75-b37e-4058-bf3c-4811fa34078a: shutdown LeaderElection
2019-10-02 05:59:38,172 [a4e4bb75-b37e-4058-bf3c-4811fa34078a@group-655F8714D436-LeaderElection50] INFO  impl.RaftServerImpl (RaftServerImpl.java:setRole(170)) - a4e4bb75-b37e-4058-bf3c-4811fa34078a@group-655F8714D436: changes role from CANDIDATE to LEADER at term 1 for changeToLeader
2019-10-02 05:59:38,172 [a4e4bb75-b37e-4058-bf3c-4811fa34078a@group-655F8714D436-LeaderElection50] INFO  impl.RaftServerImpl (ServerState.java:setLeader(255)) - a4e4bb75-b37e-4058-bf3c-4811fa34078a@group-655F8714D436: change Leader from null to a4e4bb75-b37e-4058-bf3c-4811fa34078a at term 1 for becomeLeader, leader elected after 5226ms
2019-10-02 05:59:38,172 [a4e4bb75-b37e-4058-bf3c-4811fa34078a@group-655F8714D436-LeaderElection50] INFO  server.RaftServerConfigKeys (ConfUtils.java:logGet(43)) - raft.server.staging.catchup.gap = 1000 (default)
2019-10-02 05:59:38,172 [a4e4bb75-b37e-4058-bf3c-4811fa34078a@group-655F8714D436-LeaderElection50] INFO  server.RaftServerConfigKeys (ConfUtils.java:logGet(43)) - raft.server.rpc.sleep.time = 25ms (default)
2019-10-02 05:59:38,172 [a4e4bb75-b37e-4058-bf3c-4811fa34078a@group-655F8714D436-LeaderElection50] INFO  server.RaftServerConfigKeys (ConfUtils.java:logGet(43)) - raft.server.write.element-limit = 4096 (default)
2019-10-02 05:59:38,172 [a4e4bb75-b37e-4058-bf3c-4811fa34078a@group-655F8714D436-LeaderElection50] INFO  server.RaftServerConfigKeys (ConfUtils.java:logGet(43)) - raft.server.watch.timeout = 10s (default)
2019-10-02 05:59:38,172 [a4e4bb75-b37e-4058-bf3c-4811fa34078a@group-655F8714D436-LeaderElection50] INFO  server.RaftServerConfigKeys (ConfUtils.java:logGet(43)) - raft.server.watch.timeout.denomination = 1s (default)
2019-10-02 05:59:38,172 [a4e4bb75-b37e-4058-bf3c-4811fa34078a@group-655F8714D436-LeaderElection50] INFO  server.RaftServerConfigKeys (ConfUtils.java:logGet(43)) - raft.server.watch.element-limit = 65536 (default)
2019-10-02 05:59:38,174 [a4e4bb75-b37e-4058-bf3c-4811fa34078a@group-655F8714D436-LeaderElection50] INFO  impl.RoleInfo (RoleInfo.java:updateAndGet(143)) - a4e4bb75-b37e-4058-bf3c-4811fa34078a: start LeaderState
2019-10-02 05:59:38,174 [a4e4bb75-b37e-4058-bf3c-4811fa34078a@group-655F8714D436-LeaderElection50] INFO  segmented.SegmentedRaftLogWorker (SegmentedRaftLogWorker.java:startLogSegment(385)) - a4e4bb75-b37e-4058-bf3c-4811fa34078a@group-655F8714D436-SegmentedRaftLogWorker: Starting segment from index:0
2019-10-02 05:59:38,175 [a4e4bb75-b37e-4058-bf3c-4811fa34078a@group-655F8714D436-LeaderElection50] INFO  impl.RaftServerImpl (ServerState.java:setRaftConf(356)) - a4e4bb75-b37e-4058-bf3c-4811fa34078a@group-655F8714D436: set configuration 0: [a4e4bb75-b37e-4058-bf3c-4811fa34078a:192.168.164.241:44547], old=null at 0
2019-10-02 05:59:38,207 [a4e4bb75-b37e-4058-bf3c-4811fa34078a@group-655F8714D436-SegmentedRaftLogWorker] INFO  segmented.SegmentedRaftLogWorker (SegmentedRaftLogWorker.java:execute(574)) - a4e4bb75-b37e-4058-bf3c-4811fa34078a@group-655F8714D436-SegmentedRaftLogWorker: created new log segment /workdir/hadoop-ozone/integration-test/target/test-dir/MiniOzoneClusterImpl-6d54b700-d8a9-4c41-8dd0-ed0139d9985f/datanode-3/data/ratis/251175e6-a4e7-48e0-9ae0-655f8714d436/current/log_inprogress_0
2019-10-02 05:59:38,208 [Thread-1387] INFO  impl.FollowerState (FollowerState.java:run(108)) - 9691bb96-fe0f-42bf-9b38-42602fd905c5@group-F53890D006F7-FollowerState: change to CANDIDATE, lastRpcTime:5149ms, electionTimeout:5149ms
2019-10-02 05:59:38,208 [Thread-1387] INFO  impl.RoleInfo (RoleInfo.java:shutdownFollowerState(121)) - 9691bb96-fe0f-42bf-9b38-42602fd905c5: shutdown FollowerState
2019-10-02 05:59:38,208 [Thread-1387] INFO  impl.RaftServerImpl (RaftServerImpl.java:setRole(170)) - 9691bb96-fe0f-42bf-9b38-42602fd905c5@group-F53890D006F7: changes role from  FOLLOWER to CANDIDATE at term 0 for changeToCandidate
2019-10-02 05:59:38,208 [Thread-1387] INFO  impl.RoleInfo (RoleInfo.java:updateAndGet(143)) - 9691bb96-fe0f-42bf-9b38-42602fd905c5: start LeaderElection
2019-10-02 05:59:38,221 [9691bb96-fe0f-42bf-9b38-42602fd905c5@group-F53890D006F7-LeaderElection51] INFO  impl.LeaderElection (LeaderElection.java:askForVotes(178)) - 9691bb96-fe0f-42bf-9b38-42602fd905c5@group-F53890D006F7-LeaderElection51: begin an election at term 1 for -1: [9691bb96-fe0f-42bf-9b38-42602fd905c5:192.168.164.241:36822], old=null
2019-10-02 05:59:38,221 [9691bb96-fe0f-42bf-9b38-42602fd905c5@group-F53890D006F7-LeaderElection51] INFO  impl.RoleInfo (RoleInfo.java:shutdownLeaderElection(134)) - 9691bb96-fe0f-42bf-9b38-42602fd905c5: shutdown LeaderElection
2019-10-02 05:59:38,221 [9691bb96-fe0f-42bf-9b38-42602fd905c5@group-F53890D006F7-LeaderElection51] INFO  impl.RaftServerImpl (RaftServerImpl.java:setRole(170)) - 9691bb96-fe0f-42bf-9b38-42602fd905c5@group-F53890D006F7: changes role from CANDIDATE to LEADER at term 1 for changeToLeader
2019-10-02 05:59:38,221 [9691bb96-fe0f-42bf-9b38-42602fd905c5@group-F53890D006F7-LeaderElection51] INFO  impl.RaftServerImpl (ServerState.java:setLeader(255)) - 9691bb96-fe0f-42bf-9b38-42602fd905c5@group-F53890D006F7: change Leader from null to 9691bb96-fe0f-42bf-9b38-42602fd905c5 at term 1 for becomeLeader, leader elected after 5169ms
2019-10-02 05:59:38,221 [9691bb96-fe0f-42bf-9b38-42602fd905c5@group-F53890D006F7-LeaderElection51] INFO  server.RaftServerConfigKeys (ConfUtils.java:logGet(43)) - raft.server.staging.catchup.gap = 1000 (default)
2019-10-02 05:59:38,221 [9691bb96-fe0f-42bf-9b38-42602fd905c5@group-F53890D006F7-LeaderElection51] INFO  server.RaftServerConfigKeys (ConfUtils.java:logGet(43)) - raft.server.rpc.sleep.time = 25ms (default)
2019-10-02 05:59:38,221 [9691bb96-fe0f-42bf-9b38-42602fd905c5@group-F53890D006F7-LeaderElection51] INFO  server.RaftServerConfigKeys (ConfUtils.java:logGet(43)) - raft.server.write.element-limit = 4096 (default)
2019-10-02 05:59:38,221 [9691bb96-fe0f-42bf-9b38-42602fd905c5@group-F53890D006F7-LeaderElection51] INFO  server.RaftServerConfigKeys (ConfUtils.java:logGet(43)) - raft.server.watch.timeout = 10s (default)
2019-10-02 05:59:38,222 [9691bb96-fe0f-42bf-9b38-42602fd905c5@group-F53890D006F7-LeaderElection51] INFO  server.RaftServerConfigKeys (ConfUtils.java:logGet(43)) - raft.server.watch.timeout.denomination = 1s (default)
2019-10-02 05:59:38,222 [9691bb96-fe0f-42bf-9b38-42602fd905c5@group-F53890D006F7-LeaderElection51] INFO  server.RaftServerConfigKeys (ConfUtils.java:logGet(43)) - raft.server.watch.element-limit = 65536 (default)
2019-10-02 05:59:38,223 [9691bb96-fe0f-42bf-9b38-42602fd905c5@group-F53890D006F7-LeaderElection51] INFO  impl.RoleInfo (RoleInfo.java:updateAndGet(143)) - 9691bb96-fe0f-42bf-9b38-42602fd905c5: start LeaderState
2019-10-02 05:59:38,223 [9691bb96-fe0f-42bf-9b38-42602fd905c5@group-F53890D006F7-LeaderElection51] INFO  segmented.SegmentedRaftLogWorker (SegmentedRaftLogWorker.java:startLogSegment(385)) - 9691bb96-fe0f-42bf-9b38-42602fd905c5@group-F53890D006F7-SegmentedRaftLogWorker: Starting segment from index:0
2019-10-02 05:59:38,224 [9691bb96-fe0f-42bf-9b38-42602fd905c5@group-F53890D006F7-LeaderElection51] INFO  impl.RaftServerImpl (ServerState.java:setRaftConf(356)) - 9691bb96-fe0f-42bf-9b38-42602fd905c5@group-F53890D006F7: set configuration 0: [9691bb96-fe0f-42bf-9b38-42602fd905c5:192.168.164.241:36822], old=null at 0
2019-10-02 05:59:38,247 [Thread-1397] INFO  impl.FollowerState (FollowerState.java:run(108)) - 9691bb96-fe0f-42bf-9b38-42602fd905c5@group-2272E170DB9D-FollowerState: change to CANDIDATE, lastRpcTime:5045ms, electionTimeout:5045ms
2019-10-02 05:59:38,248 [Thread-1397] INFO  impl.RoleInfo (RoleInfo.java:shutdownFollowerState(121)) - 9691bb96-fe0f-42bf-9b38-42602fd905c5: shutdown FollowerState
2019-10-02 05:59:38,248 [Thread-1397] INFO  impl.RaftServerImpl (RaftServerImpl.java:setRole(170)) - 9691bb96-fe0f-42bf-9b38-42602fd905c5@group-2272E170DB9D: changes role from  FOLLOWER to CANDIDATE at term 0 for changeToCandidate
2019-10-02 05:59:38,248 [Thread-1397] INFO  impl.RoleInfo (RoleInfo.java:updateAndGet(143)) - 9691bb96-fe0f-42bf-9b38-42602fd905c5: start LeaderElection
2019-10-02 05:59:38,283 [9691bb96-fe0f-42bf-9b38-42602fd905c5@group-F53890D006F7-SegmentedRaftLogWorker] INFO  segmented.SegmentedRaftLogWorker (SegmentedRaftLogWorker.java:execute(574)) - 9691bb96-fe0f-42bf-9b38-42602fd905c5@group-F53890D006F7-SegmentedRaftLogWorker: created new log segment /workdir/hadoop-ozone/integration-test/target/test-dir/MiniOzoneClusterImpl-6d54b700-d8a9-4c41-8dd0-ed0139d9985f/datanode-5/data/ratis/94fe0e90-1dc0-4765-8f2f-f53890d006f7/current/log_inprogress_0
2019-10-02 05:59:38,283 [9691bb96-fe0f-42bf-9b38-42602fd905c5@group-2272E170DB9D-LeaderElection52] INFO  impl.LeaderElection (LeaderElection.java:askForVotes(178)) - 9691bb96-fe0f-42bf-9b38-42602fd905c5@group-2272E170DB9D-LeaderElection52: begin an election at term 1 for -1: [a4e4bb75-b37e-4058-bf3c-4811fa34078a:192.168.164.241:44547, 9691bb96-fe0f-42bf-9b38-42602fd905c5:192.168.164.241:36822, 171d1809-9781-4cd7-8ce4-b2a50abad472:192.168.164.241:35505], old=null
2019-10-02 05:59:38,295 [grpc-default-executor-3] INFO  impl.RaftServerImpl (RaftServerImpl.java:setRole(170)) - 171d1809-9781-4cd7-8ce4-b2a50abad472@group-2272E170DB9D: changes role from  FOLLOWER to FOLLOWER at term 1 for recognizeCandidate:9691bb96-fe0f-42bf-9b38-42602fd905c5
2019-10-02 05:59:38,295 [grpc-default-executor-2] INFO  impl.RaftServerImpl (RaftServerImpl.java:setRole(170)) - a4e4bb75-b37e-4058-bf3c-4811fa34078a@group-2272E170DB9D: changes role from  FOLLOWER to FOLLOWER at term 1 for recognizeCandidate:9691bb96-fe0f-42bf-9b38-42602fd905c5
2019-10-02 05:59:38,295 [grpc-default-executor-3] INFO  impl.RoleInfo (RoleInfo.java:shutdownFollowerState(121)) - 171d1809-9781-4cd7-8ce4-b2a50abad472: shutdown FollowerState
2019-10-02 05:59:38,295 [grpc-default-executor-2] INFO  impl.RoleInfo (RoleInfo.java:shutdownFollowerState(121)) - a4e4bb75-b37e-4058-bf3c-4811fa34078a: shutdown FollowerState
2019-10-02 05:59:38,295 [Thread-1392] INFO  impl.FollowerState (FollowerState.java:run(117)) - 171d1809-9781-4cd7-8ce4-b2a50abad472@group-2272E170DB9D-FollowerState was interrupted: java.lang.InterruptedException: sleep interrupted
2019-10-02 05:59:38,295 [grpc-default-executor-3] INFO  impl.RoleInfo (RoleInfo.java:updateAndGet(143)) - 171d1809-9781-4cd7-8ce4-b2a50abad472: start FollowerState
2019-10-02 05:59:38,295 [Thread-1396] INFO  impl.FollowerState (FollowerState.java:run(117)) - a4e4bb75-b37e-4058-bf3c-4811fa34078a@group-2272E170DB9D-FollowerState was interrupted: java.lang.InterruptedException: sleep interrupted
2019-10-02 05:59:38,295 [grpc-default-executor-2] INFO  impl.RoleInfo (RoleInfo.java:updateAndGet(143)) - a4e4bb75-b37e-4058-bf3c-4811fa34078a: start FollowerState
2019-10-02 05:59:38,304 [9691bb96-fe0f-42bf-9b38-42602fd905c5@group-2272E170DB9D-LeaderElection52] INFO  impl.LeaderElection (LeaderElection.java:logAndReturn(56)) - 9691bb96-fe0f-42bf-9b38-42602fd905c5@group-2272E170DB9D-LeaderElection52: Election PASSED; received 1 response(s) [9691bb96-fe0f-42bf-9b38-42602fd905c5<-171d1809-9781-4cd7-8ce4-b2a50abad472#0:OK-t1] and 0 exception(s); 9691bb96-fe0f-42bf-9b38-42602fd905c5@group-2272E170DB9D:t1, leader=null, voted=9691bb96-fe0f-42bf-9b38-42602fd905c5, raftlog=9691bb96-fe0f-42bf-9b38-42602fd905c5@group-2272E170DB9D-SegmentedRaftLog:OPENED:c-1,f-1,i0, conf=-1: [a4e4bb75-b37e-4058-bf3c-4811fa34078a:192.168.164.241:44547, 9691bb96-fe0f-42bf-9b38-42602fd905c5:192.168.164.241:36822, 171d1809-9781-4cd7-8ce4-b2a50abad472:192.168.164.241:35505], old=null
2019-10-02 05:59:38,304 [9691bb96-fe0f-42bf-9b38-42602fd905c5@group-2272E170DB9D-LeaderElection52] INFO  impl.RoleInfo (RoleInfo.java:shutdownLeaderElection(134)) - 9691bb96-fe0f-42bf-9b38-42602fd905c5: shutdown LeaderElection
2019-10-02 05:59:38,304 [9691bb96-fe0f-42bf-9b38-42602fd905c5@group-2272E170DB9D-LeaderElection52] INFO  impl.RaftServerImpl (RaftServerImpl.java:setRole(170)) - 9691bb96-fe0f-42bf-9b38-42602fd905c5@group-2272E170DB9D: changes role from CANDIDATE to LEADER at term 1 for changeToLeader
2019-10-02 05:59:38,304 [9691bb96-fe0f-42bf-9b38-42602fd905c5@group-2272E170DB9D-LeaderElection52] INFO  impl.RaftServerImpl (ServerState.java:setLeader(255)) - 9691bb96-fe0f-42bf-9b38-42602fd905c5@group-2272E170DB9D: change Leader from null to 9691bb96-fe0f-42bf-9b38-42602fd905c5 at term 1 for becomeLeader, leader elected after 5113ms
2019-10-02 05:59:38,304 [9691bb96-fe0f-42bf-9b38-42602fd905c5@group-2272E170DB9D-LeaderElection52] INFO  server.RaftServerConfigKeys (ConfUtils.java:logGet(43)) - raft.server.staging.catchup.gap = 1000 (default)
2019-10-02 05:59:38,305 [9691bb96-fe0f-42bf-9b38-42602fd905c5@group-2272E170DB9D-LeaderElection52] INFO  server.RaftServerConfigKeys (ConfUtils.java:logGet(43)) - raft.server.rpc.sleep.time = 25ms (default)
2019-10-02 05:59:38,305 [9691bb96-fe0f-42bf-9b38-42602fd905c5@group-2272E170DB9D-LeaderElection52] INFO  server.RaftServerConfigKeys (ConfUtils.java:logGet(43)) - raft.server.write.element-limit = 4096 (default)
2019-10-02 05:59:38,305 [9691bb96-fe0f-42bf-9b38-42602fd905c5@group-2272E170DB9D-LeaderElection52] INFO  server.RaftServerConfigKeys (ConfUtils.java:logGet(43)) - raft.server.watch.timeout = 10s (default)
2019-10-02 05:59:38,305 [9691bb96-fe0f-42bf-9b38-42602fd905c5@group-2272E170DB9D-LeaderElection52] INFO  server.RaftServerConfigKeys (ConfUtils.java:logGet(43)) - raft.server.watch.timeout.denomination = 1s (default)
2019-10-02 05:59:38,305 [9691bb96-fe0f-42bf-9b38-42602fd905c5@group-2272E170DB9D-LeaderElection52] INFO  server.RaftServerConfigKeys (ConfUtils.java:logGet(43)) - raft.server.watch.element-limit = 65536 (default)
2019-10-02 05:59:38,307 [9691bb96-fe0f-42bf-9b38-42602fd905c5@group-2272E170DB9D-LeaderElection52] INFO  server.RaftServerConfigKeys (ConfUtils.java:logGet(43)) - raft.server.log.appender.snapshot.chunk.size.max = 16MB (=16777216) (default)
2019-10-02 05:59:38,307 [9691bb96-fe0f-42bf-9b38-42602fd905c5@group-2272E170DB9D-LeaderElection52] INFO  server.RaftServerConfigKeys (ConfUtils.java:logGet(43)) - raft.server.log.appender.buffer.byte-limit = 33554432 (custom)
2019-10-02 05:59:38,308 [9691bb96-fe0f-42bf-9b38-42602fd905c5@group-2272E170DB9D-LeaderElection52] INFO  server.RaftServerConfigKeys (ConfUtils.java:logGet(43)) - raft.server.log.appender.buffer.element-limit = 1 (custom)
2019-10-02 05:59:38,308 [9691bb96-fe0f-42bf-9b38-42602fd905c5@group-2272E170DB9D-LeaderElection52] INFO  grpc.GrpcConfigKeys$Server (ConfUtils.java:logGet(43)) - raft.grpc.server.leader.outstanding.appends.max = 128 (default)
2019-10-02 05:59:38,308 [9691bb96-fe0f-42bf-9b38-42602fd905c5@group-2272E170DB9D-LeaderElection52] INFO  server.RaftServerConfigKeys (ConfUtils.java:logGet(43)) - raft.server.rpc.request.timeout = 3000ms (default)
2019-10-02 05:59:38,308 [9691bb96-fe0f-42bf-9b38-42602fd905c5@group-2272E170DB9D-LeaderElection52] INFO  server.RaftServerConfigKeys (ConfUtils.java:logGet(43)) - raft.server.log.appender.install.snapshot.enabled = false (custom)
2019-10-02 05:59:38,308 [9691bb96-fe0f-42bf-9b38-42602fd905c5@group-2272E170DB9D-LeaderElection52] INFO  server.RaftServerConfigKeys (ConfUtils.java:logGet(43)) - raft.server.log.appender.snapshot.chunk.size.max = 16MB (=16777216) (default)
2019-10-02 05:59:38,308 [9691bb96-fe0f-42bf-9b38-42602fd905c5@group-2272E170DB9D-LeaderElection52] INFO  server.RaftServerConfigKeys (ConfUtils.java:logGet(43)) - raft.server.log.appender.buffer.byte-limit = 33554432 (custom)
2019-10-02 05:59:38,308 [9691bb96-fe0f-42bf-9b38-42602fd905c5@group-2272E170DB9D-LeaderElection52] INFO  server.RaftServerConfigKeys (ConfUtils.java:logGet(43)) - raft.server.log.appender.buffer.element-limit = 1 (custom)
2019-10-02 05:59:38,309 [9691bb96-fe0f-42bf-9b38-42602fd905c5@group-2272E170DB9D-LeaderElection52] INFO  grpc.GrpcConfigKeys$Server (ConfUtils.java:logGet(43)) - raft.grpc.server.leader.outstanding.appends.max = 128 (default)
2019-10-02 05:59:38,309 [9691bb96-fe0f-42bf-9b38-42602fd905c5@group-2272E170DB9D-LeaderElection52] INFO  server.RaftServerConfigKeys (ConfUtils.java:logGet(43)) - raft.server.rpc.request.timeout = 3000ms (default)
2019-10-02 05:59:38,309 [9691bb96-fe0f-42bf-9b38-42602fd905c5@group-2272E170DB9D-LeaderElection52] INFO  server.RaftServerConfigKeys (ConfUtils.java:logGet(43)) - raft.server.log.appender.install.snapshot.enabled = false (custom)
2019-10-02 05:59:38,309 [9691bb96-fe0f-42bf-9b38-42602fd905c5@group-2272E170DB9D-LeaderElection52] INFO  impl.RoleInfo (RoleInfo.java:updateAndGet(143)) - 9691bb96-fe0f-42bf-9b38-42602fd905c5: start LeaderState
2019-10-02 05:59:38,309 [9691bb96-fe0f-42bf-9b38-42602fd905c5@group-2272E170DB9D-LeaderElection52] INFO  segmented.SegmentedRaftLogWorker (SegmentedRaftLogWorker.java:startLogSegment(385)) - 9691bb96-fe0f-42bf-9b38-42602fd905c5@group-2272E170DB9D-SegmentedRaftLogWorker: Starting segment from index:0
2019-10-02 05:59:38,310 [9691bb96-fe0f-42bf-9b38-42602fd905c5@group-2272E170DB9D-LeaderElection52] INFO  impl.RaftServerImpl (ServerState.java:setRaftConf(356)) - 9691bb96-fe0f-42bf-9b38-42602fd905c5@group-2272E170DB9D: set configuration 0: [a4e4bb75-b37e-4058-bf3c-4811fa34078a:192.168.164.241:44547, 9691bb96-fe0f-42bf-9b38-42602fd905c5:192.168.164.241:36822, 171d1809-9781-4cd7-8ce4-b2a50abad472:192.168.164.241:35505], old=null at 0
2019-10-02 05:59:38,336 [grpc-default-executor-3] INFO  impl.RaftServerImpl (ServerState.java:setLeader(255)) - a4e4bb75-b37e-4058-bf3c-4811fa34078a@group-2272E170DB9D: change Leader from null to 9691bb96-fe0f-42bf-9b38-42602fd905c5 at term 1 for appendEntries, leader elected after 5145ms
2019-10-02 05:59:38,342 [grpc-default-executor-2] INFO  impl.RaftServerImpl (ServerState.java:setLeader(255)) - 171d1809-9781-4cd7-8ce4-b2a50abad472@group-2272E170DB9D: change Leader from null to 9691bb96-fe0f-42bf-9b38-42602fd905c5 at term 1 for appendEntries, leader elected after 5151ms
2019-10-02 05:59:38,344 [grpc-default-executor-2] INFO  impl.RaftServerImpl (ServerState.java:setRaftConf(356)) - a4e4bb75-b37e-4058-bf3c-4811fa34078a@group-2272E170DB9D: set configuration 0: [a4e4bb75-b37e-4058-bf3c-4811fa34078a:192.168.164.241:44547, 9691bb96-fe0f-42bf-9b38-42602fd905c5:192.168.164.241:36822, 171d1809-9781-4cd7-8ce4-b2a50abad472:192.168.164.241:35505], old=null at 0
2019-10-02 05:59:38,344 [grpc-default-executor-2] INFO  segmented.SegmentedRaftLogWorker (SegmentedRaftLogWorker.java:startLogSegment(385)) - a4e4bb75-b37e-4058-bf3c-4811fa34078a@group-2272E170DB9D-SegmentedRaftLogWorker: Starting segment from index:0
2019-10-02 05:59:38,344 [grpc-default-executor-3] INFO  impl.RaftServerImpl (ServerState.java:setRaftConf(356)) - 171d1809-9781-4cd7-8ce4-b2a50abad472@group-2272E170DB9D: set configuration 0: [a4e4bb75-b37e-4058-bf3c-4811fa34078a:192.168.164.241:44547, 9691bb96-fe0f-42bf-9b38-42602fd905c5:192.168.164.241:36822, 171d1809-9781-4cd7-8ce4-b2a50abad472:192.168.164.241:35505], old=null at 0
2019-10-02 05:59:38,344 [9691bb96-fe0f-42bf-9b38-42602fd905c5@group-2272E170DB9D-SegmentedRaftLogWorker] INFO  segmented.SegmentedRaftLogWorker (SegmentedRaftLogWorker.java:execute(574)) - 9691bb96-fe0f-42bf-9b38-42602fd905c5@group-2272E170DB9D-SegmentedRaftLogWorker: created new log segment /workdir/hadoop-ozone/integration-test/target/test-dir/MiniOzoneClusterImpl-6d54b700-d8a9-4c41-8dd0-ed0139d9985f/datanode-5/data/ratis/a7609643-b12e-4256-ae68-2272e170db9d/current/log_inprogress_0
2019-10-02 05:59:38,344 [grpc-default-executor-3] INFO  segmented.SegmentedRaftLogWorker (SegmentedRaftLogWorker.java:startLogSegment(385)) - 171d1809-9781-4cd7-8ce4-b2a50abad472@group-2272E170DB9D-SegmentedRaftLogWorker: Starting segment from index:0
2019-10-02 05:59:38,394 [171d1809-9781-4cd7-8ce4-b2a50abad472@group-2272E170DB9D-SegmentedRaftLogWorker] INFO  segmented.SegmentedRaftLogWorker (SegmentedRaftLogWorker.java:execute(574)) - 171d1809-9781-4cd7-8ce4-b2a50abad472@group-2272E170DB9D-SegmentedRaftLogWorker: created new log segment /workdir/hadoop-ozone/integration-test/target/test-dir/MiniOzoneClusterImpl-6d54b700-d8a9-4c41-8dd0-ed0139d9985f/datanode-4/data/ratis/a7609643-b12e-4256-ae68-2272e170db9d/current/log_inprogress_0
2019-10-02 05:59:38,394 [a4e4bb75-b37e-4058-bf3c-4811fa34078a@group-2272E170DB9D-SegmentedRaftLogWorker] INFO  segmented.SegmentedRaftLogWorker (SegmentedRaftLogWorker.java:execute(574)) - a4e4bb75-b37e-4058-bf3c-4811fa34078a@group-2272E170DB9D-SegmentedRaftLogWorker: created new log segment /workdir/hadoop-ozone/integration-test/target/test-dir/MiniOzoneClusterImpl-6d54b700-d8a9-4c41-8dd0-ed0139d9985f/datanode-3/data/ratis/a7609643-b12e-4256-ae68-2272e170db9d/current/log_inprogress_0
2019-10-02 05:59:39,917 [Datanode State Machine Thread - 0] INFO  statemachine.DatanodeStateMachine (DatanodeStateMachine.java:lambda$startDaemon$0(350)) - Ozone container server started.
2019-10-02 05:59:40,763 [Thread-1426] INFO  impl.FollowerState (FollowerState.java:run(108)) - 1a104173-8766-4821-8d3b-b5b33cc05046@group-91BCE5B55630-FollowerState: change to CANDIDATE, lastRpcTime:5030ms, electionTimeout:5025ms
2019-10-02 05:59:40,763 [Thread-1426] INFO  impl.RoleInfo (RoleInfo.java:shutdownFollowerState(121)) - 1a104173-8766-4821-8d3b-b5b33cc05046: shutdown FollowerState
2019-10-02 05:59:40,763 [Thread-1426] INFO  impl.RaftServerImpl (RaftServerImpl.java:setRole(170)) - 1a104173-8766-4821-8d3b-b5b33cc05046@group-91BCE5B55630: changes role from  FOLLOWER to CANDIDATE at term 4 for changeToCandidate
2019-10-02 05:59:40,764 [Thread-1426] INFO  impl.RoleInfo (RoleInfo.java:updateAndGet(143)) - 1a104173-8766-4821-8d3b-b5b33cc05046: start LeaderElection
2019-10-02 05:59:40,783 [1a104173-8766-4821-8d3b-b5b33cc05046@group-91BCE5B55630-LeaderElection53] INFO  impl.LeaderElection (LeaderElection.java:askForVotes(178)) - 1a104173-8766-4821-8d3b-b5b33cc05046@group-91BCE5B55630-LeaderElection53: begin an election at term 5 for -1: [1a104173-8766-4821-8d3b-b5b33cc05046:192.168.164.241:42807, 98deb3f5-0e5e-4c88-9e80-87735dc2d52d:192.168.164.241:36654, 48606941-d0e7-458c-8671-720c89e9f6da:192.168.164.241:35807], old=null
2019-10-02 05:59:40,786 [grpc-default-executor-3] INFO  impl.RaftServerImpl (RaftServerImpl.java:setRole(170)) - 48606941-d0e7-458c-8671-720c89e9f6da@group-91BCE5B55630: changes role from  FOLLOWER to FOLLOWER at term 5 for recognizeCandidate:1a104173-8766-4821-8d3b-b5b33cc05046
2019-10-02 05:59:40,786 [grpc-default-executor-2] INFO  impl.RaftServerImpl (RaftServerImpl.java:setRole(170)) - 98deb3f5-0e5e-4c88-9e80-87735dc2d52d@group-91BCE5B55630: changes role from  FOLLOWER to FOLLOWER at term 5 for recognizeCandidate:1a104173-8766-4821-8d3b-b5b33cc05046
2019-10-02 05:59:40,786 [grpc-default-executor-3] INFO  impl.RoleInfo (RoleInfo.java:shutdownFollowerState(121)) - 48606941-d0e7-458c-8671-720c89e9f6da: shutdown FollowerState
2019-10-02 05:59:40,786 [grpc-default-executor-2] INFO  impl.RoleInfo (RoleInfo.java:shutdownFollowerState(121)) - 98deb3f5-0e5e-4c88-9e80-87735dc2d52d: shutdown FollowerState
2019-10-02 05:59:40,787 [grpc-default-executor-3] INFO  impl.RoleInfo (RoleInfo.java:updateAndGet(143)) - 48606941-d0e7-458c-8671-720c89e9f6da: start FollowerState
2019-10-02 05:59:40,787 [Thread-1428] INFO  impl.FollowerState (FollowerState.java:run(117)) - 48606941-d0e7-458c-8671-720c89e9f6da@group-91BCE5B55630-FollowerState was interrupted: java.lang.InterruptedException: sleep interrupted
2019-10-02 05:59:40,787 [grpc-default-executor-2] INFO  impl.RoleInfo (RoleInfo.java:updateAndGet(143)) - 98deb3f5-0e5e-4c88-9e80-87735dc2d52d: start FollowerState
2019-10-02 05:59:40,787 [Thread-1431] INFO  impl.FollowerState (FollowerState.java:run(117)) - 98deb3f5-0e5e-4c88-9e80-87735dc2d52d@group-91BCE5B55630-FollowerState was interrupted: java.lang.InterruptedException: sleep interrupted
2019-10-02 05:59:40,793 [Thread-1427] INFO  impl.FollowerState (FollowerState.java:run(108)) - 4dc07db9-938b-48ea-815e-ae23a535f1bb@group-A0F3659C1B16-FollowerState: change to CANDIDATE, lastRpcTime:5045ms, electionTimeout:5044ms
2019-10-02 05:59:40,793 [Thread-1427] INFO  impl.RoleInfo (RoleInfo.java:shutdownFollowerState(121)) - 4dc07db9-938b-48ea-815e-ae23a535f1bb: shutdown FollowerState
2019-10-02 05:59:40,793 [Thread-1427] INFO  impl.RaftServerImpl (RaftServerImpl.java:setRole(170)) - 4dc07db9-938b-48ea-815e-ae23a535f1bb@group-A0F3659C1B16: changes role from  FOLLOWER to CANDIDATE at term 4 for changeToCandidate
2019-10-02 05:59:40,794 [Thread-1427] INFO  impl.RoleInfo (RoleInfo.java:updateAndGet(143)) - 4dc07db9-938b-48ea-815e-ae23a535f1bb: start LeaderElection
2019-10-02 05:59:40,796 [1a104173-8766-4821-8d3b-b5b33cc05046@group-91BCE5B55630-LeaderElection53] INFO  impl.LeaderElection (LeaderElection.java:logAndReturn(56)) - 1a104173-8766-4821-8d3b-b5b33cc05046@group-91BCE5B55630-LeaderElection53: Election PASSED; received 1 response(s) [1a104173-8766-4821-8d3b-b5b33cc05046<-98deb3f5-0e5e-4c88-9e80-87735dc2d52d#0:OK-t5] and 0 exception(s); 1a104173-8766-4821-8d3b-b5b33cc05046@group-91BCE5B55630:t5, leader=null, voted=1a104173-8766-4821-8d3b-b5b33cc05046, raftlog=1a104173-8766-4821-8d3b-b5b33cc05046@group-91BCE5B55630-SegmentedRaftLog:OPENED:c-1,f-1,i0, conf=-1: [1a104173-8766-4821-8d3b-b5b33cc05046:192.168.164.241:42807, 98deb3f5-0e5e-4c88-9e80-87735dc2d52d:192.168.164.241:36654, 48606941-d0e7-458c-8671-720c89e9f6da:192.168.164.241:35807], old=null
2019-10-02 05:59:40,796 [1a104173-8766-4821-8d3b-b5b33cc05046@group-91BCE5B55630-LeaderElection53] INFO  impl.RoleInfo (RoleInfo.java:shutdownLeaderElection(134)) - 1a104173-8766-4821-8d3b-b5b33cc05046: shutdown LeaderElection
2019-10-02 05:59:40,796 [1a104173-8766-4821-8d3b-b5b33cc05046@group-91BCE5B55630-LeaderElection53] INFO  impl.RaftServerImpl (RaftServerImpl.java:setRole(170)) - 1a104173-8766-4821-8d3b-b5b33cc05046@group-91BCE5B55630: changes role from CANDIDATE to LEADER at term 5 for changeToLeader
2019-10-02 05:59:40,797 [1a104173-8766-4821-8d3b-b5b33cc05046@group-91BCE5B55630-LeaderElection53] INFO  impl.RaftServerImpl (ServerState.java:setLeader(255)) - 1a104173-8766-4821-8d3b-b5b33cc05046@group-91BCE5B55630: change Leader from null to 1a104173-8766-4821-8d3b-b5b33cc05046 at term 5 for becomeLeader, leader elected after 33970ms
2019-10-02 05:59:40,797 [1a104173-8766-4821-8d3b-b5b33cc05046@group-91BCE5B55630-LeaderElection53] INFO  server.RaftServerConfigKeys (ConfUtils.java:logGet(43)) - raft.server.staging.catchup.gap = 1000 (default)
2019-10-02 05:59:40,797 [1a104173-8766-4821-8d3b-b5b33cc05046@group-91BCE5B55630-LeaderElection53] INFO  server.RaftServerConfigKeys (ConfUtils.java:logGet(43)) - raft.server.rpc.sleep.time = 25ms (default)
2019-10-02 05:59:40,797 [1a104173-8766-4821-8d3b-b5b33cc05046@group-91BCE5B55630-LeaderElection53] INFO  server.RaftServerConfigKeys (ConfUtils.java:logGet(43)) - raft.server.write.element-limit = 4096 (default)
2019-10-02 05:59:40,797 [1a104173-8766-4821-8d3b-b5b33cc05046@group-91BCE5B55630-LeaderElection53] INFO  server.RaftServerConfigKeys (ConfUtils.java:logGet(43)) - raft.server.watch.timeout = 10s (default)
2019-10-02 05:59:40,797 [1a104173-8766-4821-8d3b-b5b33cc05046@group-91BCE5B55630-LeaderElection53] INFO  server.RaftServerConfigKeys (ConfUtils.java:logGet(43)) - raft.server.watch.timeout.denomination = 1s (default)
2019-10-02 05:59:40,798 [1a104173-8766-4821-8d3b-b5b33cc05046@group-91BCE5B55630-LeaderElection53] INFO  server.RaftServerConfigKeys (ConfUtils.java:logGet(43)) - raft.server.watch.element-limit = 65536 (default)
2019-10-02 05:59:40,800 [1a104173-8766-4821-8d3b-b5b33cc05046@group-91BCE5B55630-LeaderElection53] INFO  server.RaftServerConfigKeys (ConfUtils.java:logGet(43)) - raft.server.log.appender.snapshot.chunk.size.max = 16MB (=16777216) (default)
2019-10-02 05:59:40,800 [1a104173-8766-4821-8d3b-b5b33cc05046@group-91BCE5B55630-LeaderElection53] INFO  server.RaftServerConfigKeys (ConfUtils.java:logGet(43)) - raft.server.log.appender.buffer.byte-limit = 33554432 (custom)
2019-10-02 05:59:40,800 [1a104173-8766-4821-8d3b-b5b33cc05046@group-91BCE5B55630-LeaderElection53] INFO  server.RaftServerConfigKeys (ConfUtils.java:logGet(43)) - raft.server.log.appender.buffer.element-limit = 1 (custom)
2019-10-02 05:59:40,801 [1a104173-8766-4821-8d3b-b5b33cc05046@group-91BCE5B55630-LeaderElection53] INFO  grpc.GrpcConfigKeys$Server (ConfUtils.java:logGet(43)) - raft.grpc.server.leader.outstanding.appends.max = 128 (default)
2019-10-02 05:59:40,801 [1a104173-8766-4821-8d3b-b5b33cc05046@group-91BCE5B55630-LeaderElection53] INFO  server.RaftServerConfigKeys (ConfUtils.java:logGet(43)) - raft.server.rpc.request.timeout = 3000ms (default)
2019-10-02 05:59:40,801 [1a104173-8766-4821-8d3b-b5b33cc05046@group-91BCE5B55630-LeaderElection53] INFO  server.RaftServerConfigKeys (ConfUtils.java:logGet(43)) - raft.server.log.appender.install.snapshot.enabled = false (custom)
2019-10-02 05:59:40,801 [1a104173-8766-4821-8d3b-b5b33cc05046@group-91BCE5B55630-LeaderElection53] INFO  server.RaftServerConfigKeys (ConfUtils.java:logGet(43)) - raft.server.log.appender.snapshot.chunk.size.max = 16MB (=16777216) (default)
2019-10-02 05:59:40,801 [1a104173-8766-4821-8d3b-b5b33cc05046@group-91BCE5B55630-LeaderElection53] INFO  server.RaftServerConfigKeys (ConfUtils.java:logGet(43)) - raft.server.log.appender.buffer.byte-limit = 33554432 (custom)
2019-10-02 05:59:40,802 [1a104173-8766-4821-8d3b-b5b33cc05046@group-91BCE5B55630-LeaderElection53] INFO  server.RaftServerConfigKeys (ConfUtils.java:logGet(43)) - raft.server.log.appender.buffer.element-limit = 1 (custom)
2019-10-02 05:59:40,802 [1a104173-8766-4821-8d3b-b5b33cc05046@group-91BCE5B55630-LeaderElection53] INFO  grpc.GrpcConfigKeys$Server (ConfUtils.java:logGet(43)) - raft.grpc.server.leader.outstanding.appends.max = 128 (default)
2019-10-02 05:59:40,802 [1a104173-8766-4821-8d3b-b5b33cc05046@group-91BCE5B55630-LeaderElection53] INFO  server.RaftServerConfigKeys (ConfUtils.java:logGet(43)) - raft.server.rpc.request.timeout = 3000ms (default)
2019-10-02 05:59:40,802 [1a104173-8766-4821-8d3b-b5b33cc05046@group-91BCE5B55630-LeaderElection53] INFO  server.RaftServerConfigKeys (ConfUtils.java:logGet(43)) - raft.server.log.appender.install.snapshot.enabled = false (custom)
2019-10-02 05:59:40,802 [1a104173-8766-4821-8d3b-b5b33cc05046@group-91BCE5B55630-LeaderElection53] INFO  impl.RoleInfo (RoleInfo.java:updateAndGet(143)) - 1a104173-8766-4821-8d3b-b5b33cc05046: start LeaderState
2019-10-02 05:59:40,803 [1a104173-8766-4821-8d3b-b5b33cc05046@group-91BCE5B55630-LeaderElection53] INFO  segmented.SegmentedRaftLogWorker (SegmentedRaftLogWorker.java:startLogSegment(385)) - 1a104173-8766-4821-8d3b-b5b33cc05046@group-91BCE5B55630-SegmentedRaftLogWorker: Starting segment from index:0
2019-10-02 05:59:40,804 [1a104173-8766-4821-8d3b-b5b33cc05046@group-91BCE5B55630-LeaderElection53] INFO  impl.RaftServerImpl (ServerState.java:setRaftConf(356)) - 1a104173-8766-4821-8d3b-b5b33cc05046@group-91BCE5B55630: set configuration 0: [1a104173-8766-4821-8d3b-b5b33cc05046:192.168.164.241:42807, 98deb3f5-0e5e-4c88-9e80-87735dc2d52d:192.168.164.241:36654, 48606941-d0e7-458c-8671-720c89e9f6da:192.168.164.241:35807], old=null at 0
2019-10-02 05:59:40,805 [grpc-default-executor-3] INFO  impl.RaftServerImpl (ServerState.java:setLeader(255)) - 48606941-d0e7-458c-8671-720c89e9f6da@group-91BCE5B55630: change Leader from null to 1a104173-8766-4821-8d3b-b5b33cc05046 at term 5 for appendEntries, leader elected after 34061ms
2019-10-02 05:59:40,805 [grpc-default-executor-2] INFO  impl.RaftServerImpl (ServerState.java:setLeader(255)) - 98deb3f5-0e5e-4c88-9e80-87735dc2d52d@group-91BCE5B55630: change Leader from null to 1a104173-8766-4821-8d3b-b5b33cc05046 at term 5 for appendEntries, leader elected after 33978ms
2019-10-02 05:59:40,850 [4dc07db9-938b-48ea-815e-ae23a535f1bb@group-A0F3659C1B16-LeaderElection54] INFO  impl.LeaderElection (LeaderElection.java:askForVotes(178)) - 4dc07db9-938b-48ea-815e-ae23a535f1bb@group-A0F3659C1B16-LeaderElection54: begin an election at term 5 for -1: [17973fa0-ca4b-4c8f-aca3-d8dca3028241:192.168.164.241:33566, 4dc07db9-938b-48ea-815e-ae23a535f1bb:192.168.164.241:44125, 665fa38a-9537-47ed-bb4f-28280fb495a6:192.168.164.241:42397], old=null
2019-10-02 05:59:40,852 [grpc-default-executor-2] INFO  impl.RaftServerImpl (ServerState.java:setRaftConf(356)) - 48606941-d0e7-458c-8671-720c89e9f6da@group-91BCE5B55630: set configuration 0: [1a104173-8766-4821-8d3b-b5b33cc05046:192.168.164.241:42807, 98deb3f5-0e5e-4c88-9e80-87735dc2d52d:192.168.164.241:36654, 48606941-d0e7-458c-8671-720c89e9f6da:192.168.164.241:35807], old=null at 0
2019-10-02 05:59:40,852 [grpc-default-executor-3] INFO  impl.RaftServerImpl (ServerState.java:setRaftConf(356)) - 98deb3f5-0e5e-4c88-9e80-87735dc2d52d@group-91BCE5B55630: set configuration 0: [1a104173-8766-4821-8d3b-b5b33cc05046:192.168.164.241:42807, 98deb3f5-0e5e-4c88-9e80-87735dc2d52d:192.168.164.241:36654, 48606941-d0e7-458c-8671-720c89e9f6da:192.168.164.241:35807], old=null at 0
2019-10-02 05:59:40,852 [grpc-default-executor-2] INFO  segmented.SegmentedRaftLogWorker (SegmentedRaftLogWorker.java:startLogSegment(385)) - 48606941-d0e7-458c-8671-720c89e9f6da@group-91BCE5B55630-SegmentedRaftLogWorker: Starting segment from index:0
2019-10-02 05:59:40,853 [grpc-default-executor-0] INFO  impl.RaftServerImpl (RaftServerImpl.java:setRole(170)) - 17973fa0-ca4b-4c8f-aca3-d8dca3028241@group-A0F3659C1B16: changes role from  FOLLOWER to FOLLOWER at term 5 for recognizeCandidate:4dc07db9-938b-48ea-815e-ae23a535f1bb
2019-10-02 05:59:40,852 [grpc-default-executor-3] INFO  segmented.SegmentedRaftLogWorker (SegmentedRaftLogWorker.java:startLogSegment(385)) - 98deb3f5-0e5e-4c88-9e80-87735dc2d52d@group-91BCE5B55630-SegmentedRaftLogWorker: Starting segment from index:0
2019-10-02 05:59:40,853 [grpc-default-executor-0] INFO  impl.RoleInfo (RoleInfo.java:shutdownFollowerState(121)) - 17973fa0-ca4b-4c8f-aca3-d8dca3028241: shutdown FollowerState
2019-10-02 05:59:40,853 [grpc-default-executor-4] INFO  impl.RaftServerImpl (RaftServerImpl.java:setRole(170)) - 665fa38a-9537-47ed-bb4f-28280fb495a6@group-A0F3659C1B16: changes role from  FOLLOWER to FOLLOWER at term 5 for recognizeCandidate:4dc07db9-938b-48ea-815e-ae23a535f1bb
2019-10-02 05:59:40,854 [grpc-default-executor-4] INFO  impl.RoleInfo (RoleInfo.java:shutdownFollowerState(121)) - 665fa38a-9537-47ed-bb4f-28280fb495a6: shutdown FollowerState
2019-10-02 05:59:40,854 [grpc-default-executor-4] INFO  impl.RoleInfo (RoleInfo.java:updateAndGet(143)) - 665fa38a-9537-47ed-bb4f-28280fb495a6: start FollowerState
2019-10-02 05:59:40,854 [grpc-default-executor-0] INFO  impl.RoleInfo (RoleInfo.java:updateAndGet(143)) - 17973fa0-ca4b-4c8f-aca3-d8dca3028241: start FollowerState
2019-10-02 05:59:40,854 [Thread-1429] INFO  impl.FollowerState (FollowerState.java:run(117)) - 665fa38a-9537-47ed-bb4f-28280fb495a6@group-A0F3659C1B16-FollowerState was interrupted: java.lang.InterruptedException: sleep interrupted
2019-10-02 05:59:40,854 [Thread-1430] INFO  impl.FollowerState (FollowerState.java:run(117)) - 17973fa0-ca4b-4c8f-aca3-d8dca3028241@group-A0F3659C1B16-FollowerState was interrupted: java.lang.InterruptedException: sleep interrupted
2019-10-02 05:59:40,855 [1a104173-8766-4821-8d3b-b5b33cc05046@group-91BCE5B55630-SegmentedRaftLogWorker] INFO  segmented.SegmentedRaftLogWorker (SegmentedRaftLogWorker.java:execute(574)) - 1a104173-8766-4821-8d3b-b5b33cc05046@group-91BCE5B55630-SegmentedRaftLogWorker: created new log segment /workdir/hadoop-ozone/integration-test/target/test-dir/MiniOzoneClusterImpl-9bd87f02-f7a5-4629-95ca-511ace651d20/datanode-4/data/ratis/7b629243-c2da-4f51-9f6f-91bce5b55630/current/log_inprogress_0
2019-10-02 05:59:40,871 [4dc07db9-938b-48ea-815e-ae23a535f1bb@group-A0F3659C1B16-LeaderElection54] INFO  impl.LeaderElection (LeaderElection.java:logAndReturn(56)) - 4dc07db9-938b-48ea-815e-ae23a535f1bb@group-A0F3659C1B16-LeaderElection54: Election PASSED; received 1 response(s) [4dc07db9-938b-48ea-815e-ae23a535f1bb<-665fa38a-9537-47ed-bb4f-28280fb495a6#0:OK-t5] and 0 exception(s); 4dc07db9-938b-48ea-815e-ae23a535f1bb@group-A0F3659C1B16:t5, leader=null, voted=4dc07db9-938b-48ea-815e-ae23a535f1bb, raftlog=4dc07db9-938b-48ea-815e-ae23a535f1bb@group-A0F3659C1B16-SegmentedRaftLog:OPENED:c-1,f-1,i0, conf=-1: [17973fa0-ca4b-4c8f-aca3-d8dca3028241:192.168.164.241:33566, 4dc07db9-938b-48ea-815e-ae23a535f1bb:192.168.164.241:44125, 665fa38a-9537-47ed-bb4f-28280fb495a6:192.168.164.241:42397], old=null
2019-10-02 05:59:40,871 [4dc07db9-938b-48ea-815e-ae23a535f1bb@group-A0F3659C1B16-LeaderElection54] INFO  impl.RoleInfo (RoleInfo.java:shutdownLeaderElection(134)) - 4dc07db9-938b-48ea-815e-ae23a535f1bb: shutdown LeaderElection
2019-10-02 05:59:40,872 [4dc07db9-938b-48ea-815e-ae23a535f1bb@group-A0F3659C1B16-LeaderElection54] INFO  impl.RaftServerImpl (RaftServerImpl.java:setRole(170)) - 4dc07db9-938b-48ea-815e-ae23a535f1bb@group-A0F3659C1B16: changes role from CANDIDATE to LEADER at term 5 for changeToLeader
2019-10-02 05:59:40,872 [4dc07db9-938b-48ea-815e-ae23a535f1bb@group-A0F3659C1B16-LeaderElection54] INFO  impl.RaftServerImpl (ServerState.java:setLeader(255)) - 4dc07db9-938b-48ea-815e-ae23a535f1bb@group-A0F3659C1B16: change Leader from null to 4dc07db9-938b-48ea-815e-ae23a535f1bb at term 5 for becomeLeader, leader elected after 34427ms
2019-10-02 05:59:40,872 [4dc07db9-938b-48ea-815e-ae23a535f1bb@group-A0F3659C1B16-LeaderElection54] INFO  server.RaftServerConfigKeys (ConfUtils.java:logGet(43)) - raft.server.staging.catchup.gap = 1000 (default)
2019-10-02 05:59:40,872 [4dc07db9-938b-48ea-815e-ae23a535f1bb@group-A0F3659C1B16-LeaderElection54] INFO  server.RaftServerConfigKeys (ConfUtils.java:logGet(43)) - raft.server.rpc.sleep.time = 25ms (default)
2019-10-02 05:59:40,872 [4dc07db9-938b-48ea-815e-ae23a535f1bb@group-A0F3659C1B16-LeaderElection54] INFO  server.RaftServerConfigKeys (ConfUtils.java:logGet(43)) - raft.server.write.element-limit = 4096 (default)
2019-10-02 05:59:40,872 [4dc07db9-938b-48ea-815e-ae23a535f1bb@group-A0F3659C1B16-LeaderElection54] INFO  server.RaftServerConfigKeys (ConfUtils.java:logGet(43)) - raft.server.watch.timeout = 10s (default)
2019-10-02 05:59:40,873 [4dc07db9-938b-48ea-815e-ae23a535f1bb@group-A0F3659C1B16-LeaderElection54] INFO  server.RaftServerConfigKeys (ConfUtils.java:logGet(43)) - raft.server.watch.timeout.denomination = 1s (default)
2019-10-02 05:59:40,873 [4dc07db9-938b-48ea-815e-ae23a535f1bb@group-A0F3659C1B16-LeaderElection54] INFO  server.RaftServerConfigKeys (ConfUtils.java:logGet(43)) - raft.server.watch.element-limit = 65536 (default)
2019-10-02 05:59:40,874 [4dc07db9-938b-48ea-815e-ae23a535f1bb@group-A0F3659C1B16-LeaderElection54] INFO  server.RaftServerConfigKeys (ConfUtils.java:logGet(43)) - raft.server.log.appender.snapshot.chunk.size.max = 16MB (=16777216) (default)
2019-10-02 05:59:40,875 [4dc07db9-938b-48ea-815e-ae23a535f1bb@group-A0F3659C1B16-LeaderElection54] INFO  server.RaftServerConfigKeys (ConfUtils.java:logGet(43)) - raft.server.log.appender.buffer.byte-limit = 33554432 (custom)
2019-10-02 05:59:40,875 [4dc07db9-938b-48ea-815e-ae23a535f1bb@group-A0F3659C1B16-LeaderElection54] INFO  server.RaftServerConfigKeys (ConfUtils.java:logGet(43)) - raft.server.log.appender.buffer.element-limit = 1 (custom)
2019-10-02 05:59:40,875 [4dc07db9-938b-48ea-815e-ae23a535f1bb@group-A0F3659C1B16-LeaderElection54] INFO  grpc.GrpcConfigKeys$Server (ConfUtils.java:logGet(43)) - raft.grpc.server.leader.outstanding.appends.max = 128 (default)
2019-10-02 05:59:40,875 [4dc07db9-938b-48ea-815e-ae23a535f1bb@group-A0F3659C1B16-LeaderElection54] INFO  server.RaftServerConfigKeys (ConfUtils.java:logGet(43)) - raft.server.rpc.request.timeout = 3000ms (default)
2019-10-02 05:59:40,875 [4dc07db9-938b-48ea-815e-ae23a535f1bb@group-A0F3659C1B16-LeaderElection54] INFO  server.RaftServerConfigKeys (ConfUtils.java:logGet(43)) - raft.server.log.appender.install.snapshot.enabled = false (custom)
2019-10-02 05:59:40,876 [4dc07db9-938b-48ea-815e-ae23a535f1bb@group-A0F3659C1B16-LeaderElection54] INFO  server.RaftServerConfigKeys (ConfUtils.java:logGet(43)) - raft.server.log.appender.snapshot.chunk.size.max = 16MB (=16777216) (default)
2019-10-02 05:59:40,876 [4dc07db9-938b-48ea-815e-ae23a535f1bb@group-A0F3659C1B16-LeaderElection54] INFO  server.RaftServerConfigKeys (ConfUtils.java:logGet(43)) - raft.server.log.appender.buffer.byte-limit = 33554432 (custom)
2019-10-02 05:59:40,876 [4dc07db9-938b-48ea-815e-ae23a535f1bb@group-A0F3659C1B16-LeaderElection54] INFO  server.RaftServerConfigKeys (ConfUtils.java:logGet(43)) - raft.server.log.appender.buffer.element-limit = 1 (custom)
2019-10-02 05:59:40,876 [4dc07db9-938b-48ea-815e-ae23a535f1bb@group-A0F3659C1B16-LeaderElection54] INFO  grpc.GrpcConfigKeys$Server (ConfUtils.java:logGet(43)) - raft.grpc.server.leader.outstanding.appends.max = 128 (default)
2019-10-02 05:59:40,876 [4dc07db9-938b-48ea-815e-ae23a535f1bb@group-A0F3659C1B16-LeaderElection54] INFO  server.RaftServerConfigKeys (ConfUtils.java:logGet(43)) - raft.server.rpc.request.timeout = 3000ms (default)
2019-10-02 05:59:40,876 [4dc07db9-938b-48ea-815e-ae23a535f1bb@group-A0F3659C1B16-LeaderElection54] INFO  server.RaftServerConfigKeys (ConfUtils.java:logGet(43)) - raft.server.log.appender.install.snapshot.enabled = false (custom)
2019-10-02 05:59:40,877 [4dc07db9-938b-48ea-815e-ae23a535f1bb@group-A0F3659C1B16-LeaderElection54] INFO  impl.RoleInfo (RoleInfo.java:updateAndGet(143)) - 4dc07db9-938b-48ea-815e-ae23a535f1bb: start LeaderState
2019-10-02 05:59:40,877 [4dc07db9-938b-48ea-815e-ae23a535f1bb@group-A0F3659C1B16-LeaderElection54] INFO  segmented.SegmentedRaftLogWorker (SegmentedRaftLogWorker.java:startLogSegment(385)) - 4dc07db9-938b-48ea-815e-ae23a535f1bb@group-A0F3659C1B16-SegmentedRaftLogWorker: Starting segment from index:0
2019-10-02 05:59:40,878 [4dc07db9-938b-48ea-815e-ae23a535f1bb@group-A0F3659C1B16-LeaderElection54] INFO  impl.RaftServerImpl (ServerState.java:setRaftConf(356)) - 4dc07db9-938b-48ea-815e-ae23a535f1bb@group-A0F3659C1B16: set configuration 0: [17973fa0-ca4b-4c8f-aca3-d8dca3028241:192.168.164.241:33566, 4dc07db9-938b-48ea-815e-ae23a535f1bb:192.168.164.241:44125, 665fa38a-9537-47ed-bb4f-28280fb495a6:192.168.164.241:42397], old=null at 0
2019-10-02 05:59:40,879 [grpc-default-executor-0] INFO  impl.RaftServerImpl (ServerState.java:setLeader(255)) - 665fa38a-9537-47ed-bb4f-28280fb495a6@group-A0F3659C1B16: change Leader from null to 4dc07db9-938b-48ea-815e-ae23a535f1bb at term 5 for appendEntries, leader elected after 34435ms
2019-10-02 05:59:40,880 [grpc-default-executor-4] INFO  impl.RaftServerImpl (ServerState.java:setLeader(255)) - 17973fa0-ca4b-4c8f-aca3-d8dca3028241@group-A0F3659C1B16: change Leader from null to 4dc07db9-938b-48ea-815e-ae23a535f1bb at term 5 for appendEntries, leader elected after 34436ms
2019-10-02 05:59:40,882 [grpc-default-executor-4] INFO  impl.RaftServerImpl (ServerState.java:setRaftConf(356)) - 17973fa0-ca4b-4c8f-aca3-d8dca3028241@group-A0F3659C1B16: set configuration 0: [17973fa0-ca4b-4c8f-aca3-d8dca3028241:192.168.164.241:33566, 4dc07db9-938b-48ea-815e-ae23a535f1bb:192.168.164.241:44125, 665fa38a-9537-47ed-bb4f-28280fb495a6:192.168.164.241:42397], old=null at 0
2019-10-02 05:59:40,882 [grpc-default-executor-4] INFO  segmented.SegmentedRaftLogWorker (SegmentedRaftLogWorker.java:startLogSegment(385)) - 17973fa0-ca4b-4c8f-aca3-d8dca3028241@group-A0F3659C1B16-SegmentedRaftLogWorker: Starting segment from index:0
2019-10-02 05:59:40,882 [grpc-default-executor-0] INFO  impl.RaftServerImpl (ServerState.java:setRaftConf(356)) - 665fa38a-9537-47ed-bb4f-28280fb495a6@group-A0F3659C1B16: set configuration 0: [17973fa0-ca4b-4c8f-aca3-d8dca3028241:192.168.164.241:33566, 4dc07db9-938b-48ea-815e-ae23a535f1bb:192.168.164.241:44125, 665fa38a-9537-47ed-bb4f-28280fb495a6:192.168.164.241:42397], old=null at 0
2019-10-02 05:59:40,883 [grpc-default-executor-0] INFO  segmented.SegmentedRaftLogWorker (SegmentedRaftLogWorker.java:startLogSegment(385)) - 665fa38a-9537-47ed-bb4f-28280fb495a6@group-A0F3659C1B16-SegmentedRaftLogWorker: Starting segment from index:0
2019-10-02 05:59:40,887 [98deb3f5-0e5e-4c88-9e80-87735dc2d52d@group-91BCE5B55630-SegmentedRaftLogWorker] INFO  segmented.SegmentedRaftLogWorker (SegmentedRaftLogWorker.java:execute(574)) - 98deb3f5-0e5e-4c88-9e80-87735dc2d52d@group-91BCE5B55630-SegmentedRaftLogWorker: created new log segment /workdir/hadoop-ozone/integration-test/target/test-dir/MiniOzoneClusterImpl-9bd87f02-f7a5-4629-95ca-511ace651d20/datanode-3/data/ratis/7b629243-c2da-4f51-9f6f-91bce5b55630/current/log_inprogress_0
2019-10-02 05:59:40,903 [48606941-d0e7-458c-8671-720c89e9f6da@group-91BCE5B55630-SegmentedRaftLogWorker] INFO  segmented.SegmentedRaftLogWorker (SegmentedRaftLogWorker.java:execute(574)) - 48606941-d0e7-458c-8671-720c89e9f6da@group-91BCE5B55630-SegmentedRaftLogWorker: created new log segment /workdir/hadoop-ozone/integration-test/target/test-dir/MiniOzoneClusterImpl-9bd87f02-f7a5-4629-95ca-511ace651d20/datanode-6/data/ratis/7b629243-c2da-4f51-9f6f-91bce5b55630/current/log_inprogress_0
2019-10-02 05:59:40,916 [4dc07db9-938b-48ea-815e-ae23a535f1bb@group-A0F3659C1B16-SegmentedRaftLogWorker] INFO  segmented.SegmentedRaftLogWorker (SegmentedRaftLogWorker.java:execute(574)) - 4dc07db9-938b-48ea-815e-ae23a535f1bb@group-A0F3659C1B16-SegmentedRaftLogWorker: created new log segment /workdir/hadoop-ozone/integration-test/target/test-dir/MiniOzoneClusterImpl-9bd87f02-f7a5-4629-95ca-511ace651d20/datanode-0/data/ratis/ac96f5ad-5fea-4bfe-82c9-a0f3659c1b16/current/log_inprogress_0
2019-10-02 05:59:40,918 [17973fa0-ca4b-4c8f-aca3-d8dca3028241@group-A0F3659C1B16-SegmentedRaftLogWorker] INFO  segmented.SegmentedRaftLogWorker (SegmentedRaftLogWorker.java:execute(574)) - 17973fa0-ca4b-4c8f-aca3-d8dca3028241@group-A0F3659C1B16-SegmentedRaftLogWorker: created new log segment /workdir/hadoop-ozone/integration-test/target/test-dir/MiniOzoneClusterImpl-9bd87f02-f7a5-4629-95ca-511ace651d20/datanode-2/data/ratis/ac96f5ad-5fea-4bfe-82c9-a0f3659c1b16/current/log_inprogress_0
2019-10-02 05:59:40,925 [665fa38a-9537-47ed-bb4f-28280fb495a6@group-A0F3659C1B16-SegmentedRaftLogWorker] INFO  segmented.SegmentedRaftLogWorker (SegmentedRaftLogWorker.java:execute(574)) - 665fa38a-9537-47ed-bb4f-28280fb495a6@group-A0F3659C1B16-SegmentedRaftLogWorker: created new log segment /workdir/hadoop-ozone/integration-test/target/test-dir/MiniOzoneClusterImpl-9bd87f02-f7a5-4629-95ca-511ace651d20/datanode-1/data/ratis/ac96f5ad-5fea-4bfe-82c9-a0f3659c1b16/current/log_inprogress_0
2019-10-02 05:59:43,937 [main] INFO  ozoneimpl.OzoneContainer (OzoneContainer.java:stop(231)) - Attempting to stop container services.
2019-10-02 05:59:43,937 [main] INFO  impl.RaftServerProxy (RaftServerProxy.java:lambda$close$4(314)) - dad25ee9-8ea5-4f1c-9f33-3809fe7bf507: close
2019-10-02 05:59:43,938 [main] INFO  impl.RaftServerImpl (RaftServerImpl.java:lambda$shutdown$3(247)) - dad25ee9-8ea5-4f1c-9f33-3809fe7bf507@group-8514A3249CD0: shutdown
2019-10-02 05:59:43,938 [main] INFO  util.JmxRegister (JmxRegister.java:unregister(73)) - Successfully un-registered JMX Bean with object name Ratis:service=RaftServer,group=group-8514A3249CD0,id=dad25ee9-8ea5-4f1c-9f33-3809fe7bf507
2019-10-02 05:59:43,938 [main] INFO  impl.RoleInfo (RoleInfo.java:shutdownLeaderState(104)) - dad25ee9-8ea5-4f1c-9f33-3809fe7bf507: shutdown LeaderState
2019-10-02 05:59:43,939 [main] INFO  impl.PendingRequests (PendingRequests.java:sendNotLeaderResponses(202)) - dad25ee9-8ea5-4f1c-9f33-3809fe7bf507@group-8514A3249CD0-PendingRequests: sendNotLeaderResponses
2019-10-02 05:59:43,939 [main] INFO  impl.StateMachineUpdater (StateMachineUpdater.java:stopAndJoin(136)) - dad25ee9-8ea5-4f1c-9f33-3809fe7bf507@group-8514A3249CD0-StateMachineUpdater: set stopIndex = 0
2019-10-02 05:59:43,939 [main] INFO  impl.RaftServerImpl (ServerState.java:close(387)) - dad25ee9-8ea5-4f1c-9f33-3809fe7bf507@group-8514A3249CD0: closes. applyIndex: 0
2019-10-02 05:59:43,940 [dad25ee9-8ea5-4f1c-9f33-3809fe7bf507@group-8514A3249CD0-SegmentedRaftLogWorker] INFO  segmented.SegmentedRaftLogWorker (SegmentedRaftLogWorker.java:run(316)) - dad25ee9-8ea5-4f1c-9f33-3809fe7bf507@group-8514A3249CD0-SegmentedRaftLogWorker was interrupted, exiting. There are 0 tasks remaining in the queue.
2019-10-02 05:59:43,946 [main] INFO  segmented.SegmentedRaftLogWorker (SegmentedRaftLogWorker.java:close(224)) - dad25ee9-8ea5-4f1c-9f33-3809fe7bf507@group-8514A3249CD0-SegmentedRaftLogWorker close()
2019-10-02 05:59:43,953 [main] INFO  impl.RaftServerImpl (RaftServerImpl.java:lambda$shutdown$3(247)) - dad25ee9-8ea5-4f1c-9f33-3809fe7bf507@group-2113BBD44459: shutdown
2019-10-02 05:59:43,953 [main] INFO  util.JmxRegister (JmxRegister.java:unregister(73)) - Successfully un-registered JMX Bean with object name Ratis:service=RaftServer,group=group-2113BBD44459,id=dad25ee9-8ea5-4f1c-9f33-3809fe7bf507
2019-10-02 05:59:43,953 [main] INFO  impl.RoleInfo (RoleInfo.java:shutdownFollowerState(121)) - dad25ee9-8ea5-4f1c-9f33-3809fe7bf507: shutdown FollowerState
2019-10-02 05:59:43,954 [main] INFO  impl.StateMachineUpdater (StateMachineUpdater.java:stopAndJoin(136)) - dad25ee9-8ea5-4f1c-9f33-3809fe7bf507@group-2113BBD44459-StateMachineUpdater: set stopIndex = 2
2019-10-02 05:59:43,954 [dad25ee9-8ea5-4f1c-9f33-3809fe7bf507@group-2113BBD44459-StateMachineUpdater] INFO  ratis.ContainerStateMachine (ContainerStateMachine.java:takeSnapshot(293)) - group-2113BBD44459: Taking a snapshot at:(t:1, i:1) file /workdir/hadoop-ozone/integration-test/target/test-dir/MiniOzoneClusterImpl-6d54b700-d8a9-4c41-8dd0-ed0139d9985f/datanode-2/data/ratis/685c3351-04e3-4386-8a9a-2113bbd44459/sm/snapshot.1_1
2019-10-02 05:59:43,954 [Thread-1443] INFO  impl.FollowerState (FollowerState.java:run(117)) - dad25ee9-8ea5-4f1c-9f33-3809fe7bf507@group-2113BBD44459-FollowerState was interrupted: java.lang.InterruptedException: sleep interrupted
2019-10-02 05:59:43,960 [dad25ee9-8ea5-4f1c-9f33-3809fe7bf507@group-2113BBD44459-StateMachineUpdater] INFO  ratis.ContainerStateMachine (ContainerStateMachine.java:takeSnapshot(304)) - group-2113BBD44459: Finished taking a snapshot at:(t:1, i:1) file:/workdir/hadoop-ozone/integration-test/target/test-dir/MiniOzoneClusterImpl-6d54b700-d8a9-4c41-8dd0-ed0139d9985f/datanode-2/data/ratis/685c3351-04e3-4386-8a9a-2113bbd44459/sm/snapshot.1_1 time:6
2019-10-02 05:59:43,960 [dad25ee9-8ea5-4f1c-9f33-3809fe7bf507@group-2113BBD44459-StateMachineUpdater] INFO  impl.StateMachineUpdater (StateMachineUpdater.java:takeSnapshot(269)) - dad25ee9-8ea5-4f1c-9f33-3809fe7bf507@group-2113BBD44459-StateMachineUpdater: Took a snapshot at index 1
2019-10-02 05:59:43,960 [dad25ee9-8ea5-4f1c-9f33-3809fe7bf507@group-2113BBD44459-StateMachineUpdater] INFO  impl.StateMachineUpdater (StateMachineUpdater.java:lambda$new$0(84)) - dad25ee9-8ea5-4f1c-9f33-3809fe7bf507@group-2113BBD44459-StateMachineUpdater: snapshotIndex: updateIncreasingly -1 -> 1
2019-10-02 05:59:43,961 [dad25ee9-8ea5-4f1c-9f33-3809fe7bf507@group-2113BBD44459-StateMachineUpdater] INFO  ratis.ContainerStateMachine (ContainerStateMachine.java:takeSnapshot(293)) - group-2113BBD44459: Taking a snapshot at:(t:1, i:1) file /workdir/hadoop-ozone/integration-test/target/test-dir/MiniOzoneClusterImpl-6d54b700-d8a9-4c41-8dd0-ed0139d9985f/datanode-2/data/ratis/685c3351-04e3-4386-8a9a-2113bbd44459/sm/snapshot.1_1
2019-10-02 05:59:43,973 [dad25ee9-8ea5-4f1c-9f33-3809fe7bf507@group-2113BBD44459-StateMachineUpdater] INFO  ratis.ContainerStateMachine (ContainerStateMachine.java:takeSnapshot(304)) - group-2113BBD44459: Finished taking a snapshot at:(t:1, i:1) file:/workdir/hadoop-ozone/integration-test/target/test-dir/MiniOzoneClusterImpl-6d54b700-d8a9-4c41-8dd0-ed0139d9985f/datanode-2/data/ratis/685c3351-04e3-4386-8a9a-2113bbd44459/sm/snapshot.1_1 time:12
2019-10-02 05:59:43,973 [dad25ee9-8ea5-4f1c-9f33-3809fe7bf507@group-2113BBD44459-StateMachineUpdater] INFO  impl.StateMachineUpdater (StateMachineUpdater.java:takeSnapshot(269)) - dad25ee9-8ea5-4f1c-9f33-3809fe7bf507@group-2113BBD44459-StateMachineUpdater: Took a snapshot at index 1
2019-10-02 05:59:43,973 [dad25ee9-8ea5-4f1c-9f33-3809fe7bf507@group-2113BBD44459-StateMachineUpdater] INFO  impl.StateMachineUpdater (StateMachineUpdater.java:lambda$new$0(84)) - dad25ee9-8ea5-4f1c-9f33-3809fe7bf507@group-2113BBD44459-StateMachineUpdater: snapshotIndex: updateIncreasingly 1 -> 1
2019-10-02 05:59:43,974 [main] INFO  impl.RaftServerImpl (ServerState.java:close(387)) - dad25ee9-8ea5-4f1c-9f33-3809fe7bf507@group-2113BBD44459: closes. applyIndex: 2
2019-10-02 05:59:43,974 [dad25ee9-8ea5-4f1c-9f33-3809fe7bf507@group-2113BBD44459-SegmentedRaftLogWorker] INFO  segmented.SegmentedRaftLogWorker (SegmentedRaftLogWorker.java:run(316)) - dad25ee9-8ea5-4f1c-9f33-3809fe7bf507@group-2113BBD44459-SegmentedRaftLogWorker was interrupted, exiting. There are 0 tasks remaining in the queue.
2019-10-02 05:59:43,978 [main] INFO  segmented.SegmentedRaftLogWorker (SegmentedRaftLogWorker.java:close(224)) - dad25ee9-8ea5-4f1c-9f33-3809fe7bf507@group-2113BBD44459-SegmentedRaftLogWorker close()
2019-10-02 05:59:43,984 [main] INFO  server.GrpcService (GrpcService.java:closeImpl(164)) - dad25ee9-8ea5-4f1c-9f33-3809fe7bf507: shutdown server with port 39128 now
2019-10-02 05:59:43,985 [grpc-default-executor-4] WARN  server.GrpcServerProtocolService (LogUtils.java:warn(134)) - dad25ee9-8ea5-4f1c-9f33-3809fe7bf507: installSnapshot onError, lastRequest: 7c17948c-1cd0-4417-ab99-6c36b2a081be->dad25ee9-8ea5-4f1c-9f33-3809fe7bf507#5-t1, previous=(t:1, i:2), leaderCommit=2, initializing? false, entries: <empty>: org.apache.ratis.thirdparty.io.grpc.StatusRuntimeException: CANCELLED: cancelled before receiving half close
2019-10-02 05:59:43,985 [main] INFO  server.GrpcService (GrpcService.java:closeImpl(172)) - dad25ee9-8ea5-4f1c-9f33-3809fe7bf507: shutdown server with port 39128 successfully
2019-10-02 05:59:43,985 [grpc-default-executor-3] WARN  server.GrpcLogAppender (LogUtils.java:warn(134)) - 7c17948c-1cd0-4417-ab99-6c36b2a081be@group-2113BBD44459->dad25ee9-8ea5-4f1c-9f33-3809fe7bf507-AppendLogResponseHandler: Failed appendEntries: org.apache.ratis.thirdparty.io.grpc.StatusRuntimeException: CANCELLED: HTTP/2 error code: CANCEL
Received Rst Stream
2019-10-02 05:59:43,986 [grpc-default-executor-3] INFO  impl.FollowerInfo (FollowerInfo.java:lambda$new$0(51)) - 7c17948c-1cd0-4417-ab99-6c36b2a081be@group-2113BBD44459->dad25ee9-8ea5-4f1c-9f33-3809fe7bf507: nextIndex: updateUnconditionally 3 -> 2
2019-10-02 05:59:43,986 [refreshUsed-/workdir/hadoop-ozone/integration-test/target/test-dir/MiniOzoneClusterImpl-6d54b700-d8a9-4c41-8dd0-ed0139d9985f/datanode-2/data/containers] WARN  fs.CachingGetSpaceUsed (CachingGetSpaceUsed.java:run(183)) - Thread Interrupted waiting to refresh disk information: sleep interrupted
2019-10-02 05:59:43,998 [main] INFO  utils.BackgroundService (BackgroundService.java:shutdown(148)) - Shutting down service BlockDeletingService
2019-10-02 05:59:44,008 [main] INFO  statemachine.DatanodeStateMachine (DatanodeStateMachine.java:stopDaemon(395)) - Ozone container server stopped.
2019-10-02 05:59:44,009 [main] INFO  handler.ContextHandler (ContextHandler.java:doStop(910)) - Stopped o.e.j.w.WebAppContext@604d23fa{/,null,UNAVAILABLE}{/hddsDatanode}
2019-10-02 05:59:44,010 [main] INFO  server.AbstractConnector (AbstractConnector.java:doStop(318)) - Stopped ServerConnector@1cc8416a{HTTP/1.1,[http/1.1]}{0.0.0.0:0}
2019-10-02 05:59:44,010 [main] INFO  handler.ContextHandler (ContextHandler.java:doStop(910)) - Stopped o.e.j.s.ServletContextHandler@738d37fc{/static,jar:file:/home/user/.m2/repository/org/apache/hadoop/hadoop-hdds-container-service/0.5.0-SNAPSHOT/hadoop-hdds-container-service-0.5.0-SNAPSHOT.jar!/webapps/static,UNAVAILABLE}
2019-10-02 05:59:44,010 [main] INFO  handler.ContextHandler (ContextHandler.java:doStop(910)) - Stopped o.e.j.s.ServletContextHandler@c1050f2{/logs,file:///workdir/hadoop-ozone/integration-test/target/log,UNAVAILABLE}
2019-10-02 05:59:44,958 [Datanode State Machine Thread - 0] INFO  statemachine.DatanodeStateMachine (DatanodeStateMachine.java:lambda$startDaemon$0(350)) - Ozone container server started.
2019-10-02 05:59:46,301 [grpc-default-executor-3] WARN  server.GrpcLogAppender (LogUtils.java:warn(134)) - 7c17948c-1cd0-4417-ab99-6c36b2a081be@group-2113BBD44459->dad25ee9-8ea5-4f1c-9f33-3809fe7bf507-AppendLogResponseHandler: Failed appendEntries: org.apache.ratis.thirdparty.io.grpc.StatusRuntimeException: UNAVAILABLE: io exception
2019-10-02 05:59:46,302 [grpc-default-executor-3] INFO  impl.FollowerInfo (FollowerInfo.java:lambda$new$0(51)) - 7c17948c-1cd0-4417-ab99-6c36b2a081be@group-2113BBD44459->dad25ee9-8ea5-4f1c-9f33-3809fe7bf507: nextIndex: updateUnconditionally 2 -> 1
2019-10-02 05:59:48,802 [grpc-default-executor-0] WARN  server.GrpcLogAppender (LogUtils.java:warn(134)) - 7c17948c-1cd0-4417-ab99-6c36b2a081be@group-2113BBD44459->dad25ee9-8ea5-4f1c-9f33-3809fe7bf507-AppendLogResponseHandler: Failed appendEntries: org.apache.ratis.thirdparty.io.grpc.StatusRuntimeException: UNAVAILABLE: io exception
2019-10-02 05:59:48,803 [grpc-default-executor-0] INFO  impl.FollowerInfo (FollowerInfo.java:lambda$new$0(51)) - 7c17948c-1cd0-4417-ab99-6c36b2a081be@group-2113BBD44459->dad25ee9-8ea5-4f1c-9f33-3809fe7bf507: nextIndex: updateUnconditionally 1 -> 0
2019-10-02 05:59:49,012 [main] INFO  ozoneimpl.OzoneContainer (OzoneContainer.java:stop(231)) - Attempting to stop container services.
2019-10-02 05:59:49,012 [main] INFO  impl.RaftServerProxy (RaftServerProxy.java:lambda$close$4(314)) - 02183d65-95ec-4dfc-9f0a-d3560127e420: close
2019-10-02 05:59:49,013 [main] INFO  impl.RaftServerImpl (RaftServerImpl.java:lambda$shutdown$3(247)) - 02183d65-95ec-4dfc-9f0a-d3560127e420@group-2113BBD44459: shutdown
2019-10-02 05:59:49,013 [main] INFO  util.JmxRegister (JmxRegister.java:unregister(73)) - Successfully un-registered JMX Bean with object name Ratis:service=RaftServer,group=group-2113BBD44459,id=02183d65-95ec-4dfc-9f0a-d3560127e420
2019-10-02 05:59:49,014 [main] INFO  impl.RoleInfo (RoleInfo.java:shutdownFollowerState(121)) - 02183d65-95ec-4dfc-9f0a-d3560127e420: shutdown FollowerState
2019-10-02 05:59:49,014 [main] INFO  impl.StateMachineUpdater (StateMachineUpdater.java:stopAndJoin(136)) - 02183d65-95ec-4dfc-9f0a-d3560127e420@group-2113BBD44459-StateMachineUpdater: set stopIndex = 2
2019-10-02 05:59:49,014 [02183d65-95ec-4dfc-9f0a-d3560127e420@group-2113BBD44459-StateMachineUpdater] INFO  ratis.ContainerStateMachine (ContainerStateMachine.java:takeSnapshot(293)) - group-2113BBD44459: Taking a snapshot at:(t:1, i:1) file /workdir/hadoop-ozone/integration-test/target/test-dir/MiniOzoneClusterImpl-6d54b700-d8a9-4c41-8dd0-ed0139d9985f/datanode-0/data/ratis/685c3351-04e3-4386-8a9a-2113bbd44459/sm/snapshot.1_1
2019-10-02 05:59:49,014 [Thread-1444] INFO  impl.FollowerState (FollowerState.java:run(117)) - 02183d65-95ec-4dfc-9f0a-d3560127e420@group-2113BBD44459-FollowerState was interrupted: java.lang.InterruptedException: sleep interrupted
2019-10-02 05:59:49,028 [02183d65-95ec-4dfc-9f0a-d3560127e420@group-2113BBD44459-StateMachineUpdater] INFO  ratis.ContainerStateMachine (ContainerStateMachine.java:takeSnapshot(304)) - group-2113BBD44459: Finished taking a snapshot at:(t:1, i:1) file:/workdir/hadoop-ozone/integration-test/target/test-dir/MiniOzoneClusterImpl-6d54b700-d8a9-4c41-8dd0-ed0139d9985f/datanode-0/data/ratis/685c3351-04e3-4386-8a9a-2113bbd44459/sm/snapshot.1_1 time:14
2019-10-02 05:59:49,028 [02183d65-95ec-4dfc-9f0a-d3560127e420@group-2113BBD44459-StateMachineUpdater] INFO  impl.StateMachineUpdater (StateMachineUpdater.java:takeSnapshot(269)) - 02183d65-95ec-4dfc-9f0a-d3560127e420@group-2113BBD44459-StateMachineUpdater: Took a snapshot at index 1
2019-10-02 05:59:49,028 [02183d65-95ec-4dfc-9f0a-d3560127e420@group-2113BBD44459-StateMachineUpdater] INFO  impl.StateMachineUpdater (StateMachineUpdater.java:lambda$new$0(84)) - 02183d65-95ec-4dfc-9f0a-d3560127e420@group-2113BBD44459-StateMachineUpdater: snapshotIndex: updateIncreasingly -1 -> 1
2019-10-02 05:59:49,029 [02183d65-95ec-4dfc-9f0a-d3560127e420@group-2113BBD44459-StateMachineUpdater] INFO  ratis.ContainerStateMachine (ContainerStateMachine.java:takeSnapshot(293)) - group-2113BBD44459: Taking a snapshot at:(t:1, i:1) file /workdir/hadoop-ozone/integration-test/target/test-dir/MiniOzoneClusterImpl-6d54b700-d8a9-4c41-8dd0-ed0139d9985f/datanode-0/data/ratis/685c3351-04e3-4386-8a9a-2113bbd44459/sm/snapshot.1_1
2019-10-02 05:59:49,040 [02183d65-95ec-4dfc-9f0a-d3560127e420@group-2113BBD44459-StateMachineUpdater] INFO  ratis.ContainerStateMachine (ContainerStateMachine.java:takeSnapshot(304)) - group-2113BBD44459: Finished taking a snapshot at:(t:1, i:1) file:/workdir/hadoop-ozone/integration-test/target/test-dir/MiniOzoneClusterImpl-6d54b700-d8a9-4c41-8dd0-ed0139d9985f/datanode-0/data/ratis/685c3351-04e3-4386-8a9a-2113bbd44459/sm/snapshot.1_1 time:12
2019-10-02 05:59:49,041 [02183d65-95ec-4dfc-9f0a-d3560127e420@group-2113BBD44459-StateMachineUpdater] INFO  impl.StateMachineUpdater (StateMachineUpdater.java:takeSnapshot(269)) - 02183d65-95ec-4dfc-9f0a-d3560127e420@group-2113BBD44459-StateMachineUpdater: Took a snapshot at index 1
2019-10-02 05:59:49,041 [02183d65-95ec-4dfc-9f0a-d3560127e420@group-2113BBD44459-StateMachineUpdater] INFO  impl.StateMachineUpdater (StateMachineUpdater.java:lambda$new$0(84)) - 02183d65-95ec-4dfc-9f0a-d3560127e420@group-2113BBD44459-StateMachineUpdater: snapshotIndex: updateIncreasingly 1 -> 1
2019-10-02 05:59:49,041 [main] INFO  impl.RaftServerImpl (ServerState.java:close(387)) - 02183d65-95ec-4dfc-9f0a-d3560127e420@group-2113BBD44459: closes. applyIndex: 2
2019-10-02 05:59:49,042 [02183d65-95ec-4dfc-9f0a-d3560127e420@group-2113BBD44459-SegmentedRaftLogWorker] INFO  segmented.SegmentedRaftLogWorker (SegmentedRaftLogWorker.java:run(316)) - 02183d65-95ec-4dfc-9f0a-d3560127e420@group-2113BBD44459-SegmentedRaftLogWorker was interrupted, exiting. There are 0 tasks remaining in the queue.
2019-10-02 05:59:49,047 [main] INFO  segmented.SegmentedRaftLogWorker (SegmentedRaftLogWorker.java:close(224)) - 02183d65-95ec-4dfc-9f0a-d3560127e420@group-2113BBD44459-SegmentedRaftLogWorker close()
2019-10-02 05:59:49,053 [main] INFO  impl.RaftServerImpl (RaftServerImpl.java:lambda$shutdown$3(247)) - 02183d65-95ec-4dfc-9f0a-d3560127e420@group-4AD3B69F653C: shutdown
2019-10-02 05:59:49,053 [main] INFO  util.JmxRegister (JmxRegister.java:unregister(73)) - Successfully un-registered JMX Bean with object name Ratis:service=RaftServer,group=group-4AD3B69F653C,id=02183d65-95ec-4dfc-9f0a-d3560127e420
2019-10-02 05:59:49,053 [main] INFO  impl.RoleInfo (RoleInfo.java:shutdownLeaderState(104)) - 02183d65-95ec-4dfc-9f0a-d3560127e420: shutdown LeaderState
2019-10-02 05:59:49,053 [main] INFO  impl.PendingRequests (PendingRequests.java:sendNotLeaderResponses(202)) - 02183d65-95ec-4dfc-9f0a-d3560127e420@group-4AD3B69F653C-PendingRequests: sendNotLeaderResponses
2019-10-02 05:59:49,054 [main] INFO  impl.StateMachineUpdater (StateMachineUpdater.java:stopAndJoin(136)) - 02183d65-95ec-4dfc-9f0a-d3560127e420@group-4AD3B69F653C-StateMachineUpdater: set stopIndex = 0
2019-10-02 05:59:49,054 [main] INFO  impl.RaftServerImpl (ServerState.java:close(387)) - 02183d65-95ec-4dfc-9f0a-d3560127e420@group-4AD3B69F653C: closes. applyIndex: 0
2019-10-02 05:59:49,054 [02183d65-95ec-4dfc-9f0a-d3560127e420@group-4AD3B69F653C-SegmentedRaftLogWorker] INFO  segmented.SegmentedRaftLogWorker (SegmentedRaftLogWorker.java:run(316)) - 02183d65-95ec-4dfc-9f0a-d3560127e420@group-4AD3B69F653C-SegmentedRaftLogWorker was interrupted, exiting. There are 0 tasks remaining in the queue.
2019-10-02 05:59:49,057 [main] INFO  segmented.SegmentedRaftLogWorker (SegmentedRaftLogWorker.java:close(224)) - 02183d65-95ec-4dfc-9f0a-d3560127e420@group-4AD3B69F653C-SegmentedRaftLogWorker close()
2019-10-02 05:59:49,062 [main] INFO  server.GrpcService (GrpcService.java:closeImpl(164)) - 02183d65-95ec-4dfc-9f0a-d3560127e420: shutdown server with port 35863 now
2019-10-02 05:59:49,063 [grpc-default-executor-3] WARN  server.GrpcServerProtocolService (LogUtils.java:warn(134)) - 02183d65-95ec-4dfc-9f0a-d3560127e420: installSnapshot onError, lastRequest: 7c17948c-1cd0-4417-ab99-6c36b2a081be->02183d65-95ec-4dfc-9f0a-d3560127e420#7-t1, previous=(t:1, i:2), leaderCommit=2, initializing? false, entries: <empty>: org.apache.ratis.thirdparty.io.grpc.StatusRuntimeException: CANCELLED: cancelled before receiving half close
2019-10-02 05:59:49,064 [grpc-default-executor-0] WARN  server.GrpcLogAppender (LogUtils.java:warn(134)) - 7c17948c-1cd0-4417-ab99-6c36b2a081be@group-2113BBD44459->02183d65-95ec-4dfc-9f0a-d3560127e420-AppendLogResponseHandler: Failed appendEntries: org.apache.ratis.thirdparty.io.grpc.StatusRuntimeException: CANCELLED: HTTP/2 error code: CANCEL
Received Rst Stream
2019-10-02 05:59:49,064 [grpc-default-executor-0] INFO  impl.FollowerInfo (FollowerInfo.java:lambda$new$0(51)) - 7c17948c-1cd0-4417-ab99-6c36b2a081be@group-2113BBD44459->02183d65-95ec-4dfc-9f0a-d3560127e420: nextIndex: updateUnconditionally 3 -> 2
2019-10-02 05:59:49,066 [main] INFO  server.GrpcService (GrpcService.java:closeImpl(172)) - 02183d65-95ec-4dfc-9f0a-d3560127e420: shutdown server with port 35863 successfully
2019-10-02 05:59:49,067 [refreshUsed-/workdir/hadoop-ozone/integration-test/target/test-dir/MiniOzoneClusterImpl-6d54b700-d8a9-4c41-8dd0-ed0139d9985f/datanode-0/data/containers] WARN  fs.CachingGetSpaceUsed (CachingGetSpaceUsed.java:run(183)) - Thread Interrupted waiting to refresh disk information: sleep interrupted
2019-10-02 05:59:49,088 [main] INFO  utils.BackgroundService (BackgroundService.java:shutdown(148)) - Shutting down service BlockDeletingService
2019-10-02 05:59:49,099 [main] INFO  statemachine.DatanodeStateMachine (DatanodeStateMachine.java:stopDaemon(395)) - Ozone container server stopped.
2019-10-02 05:59:49,101 [main] INFO  handler.ContextHandler (ContextHandler.java:doStop(910)) - Stopped o.e.j.w.WebAppContext@6e829e50{/,null,UNAVAILABLE}{/hddsDatanode}
2019-10-02 05:59:49,108 [main] INFO  server.AbstractConnector (AbstractConnector.java:doStop(318)) - Stopped ServerConnector@4aa2877c{HTTP/1.1,[http/1.1]}{0.0.0.0:0}
2019-10-02 05:59:49,108 [main] INFO  handler.ContextHandler (ContextHandler.java:doStop(910)) - Stopped o.e.j.s.ServletContextHandler@4f486211{/static,jar:file:/home/user/.m2/repository/org/apache/hadoop/hadoop-hdds-container-service/0.5.0-SNAPSHOT/hadoop-hdds-container-service-0.5.0-SNAPSHOT.jar!/webapps/static,UNAVAILABLE}
2019-10-02 05:59:49,109 [main] INFO  handler.ContextHandler (ContextHandler.java:doStop(910)) - Stopped o.e.j.s.ServletContextHandler@73c31181{/logs,file:///workdir/hadoop-ozone/integration-test/target/log,UNAVAILABLE}
2019-10-02 05:59:51,303 [grpc-default-executor-3] WARN  server.GrpcLogAppender (LogUtils.java:warn(134)) - 7c17948c-1cd0-4417-ab99-6c36b2a081be@group-2113BBD44459->dad25ee9-8ea5-4f1c-9f33-3809fe7bf507-AppendLogResponseHandler: Failed appendEntries: org.apache.ratis.thirdparty.io.grpc.StatusRuntimeException: UNAVAILABLE: io exception
2019-10-02 05:59:51,303 [grpc-default-executor-3] INFO  impl.FollowerInfo (FollowerInfo.java:lambda$new$0(51)) - 7c17948c-1cd0-4417-ab99-6c36b2a081be@group-2113BBD44459->dad25ee9-8ea5-4f1c-9f33-3809fe7bf507: nextIndex: updateUnconditionally 0 -> 0
2019-10-02 05:59:51,306 [grpc-default-executor-0] WARN  server.GrpcLogAppender (LogUtils.java:warn(134)) - 7c17948c-1cd0-4417-ab99-6c36b2a081be@group-2113BBD44459->02183d65-95ec-4dfc-9f0a-d3560127e420-AppendLogResponseHandler: Failed appendEntries: org.apache.ratis.thirdparty.io.grpc.StatusRuntimeException: UNAVAILABLE: io exception
2019-10-02 05:59:51,306 [grpc-default-executor-0] INFO  impl.FollowerInfo (FollowerInfo.java:lambda$new$0(51)) - 7c17948c-1cd0-4417-ab99-6c36b2a081be@group-2113BBD44459->02183d65-95ec-4dfc-9f0a-d3560127e420: nextIndex: updateUnconditionally 2 -> 1
2019-10-02 05:59:53,805 [grpc-default-executor-4] WARN  server.GrpcLogAppender (LogUtils.java:warn(134)) - 7c17948c-1cd0-4417-ab99-6c36b2a081be@group-2113BBD44459->dad25ee9-8ea5-4f1c-9f33-3809fe7bf507-AppendLogResponseHandler: Failed appendEntries: org.apache.ratis.thirdparty.io.grpc.StatusRuntimeException: UNAVAILABLE: io exception
2019-10-02 05:59:53,806 [grpc-default-executor-4] INFO  impl.FollowerInfo (FollowerInfo.java:lambda$new$0(51)) - 7c17948c-1cd0-4417-ab99-6c36b2a081be@group-2113BBD44459->dad25ee9-8ea5-4f1c-9f33-3809fe7bf507: nextIndex: updateUnconditionally 0 -> 0
2019-10-02 05:59:53,807 [grpc-default-executor-0] WARN  server.GrpcLogAppender (LogUtils.java:warn(134)) - 7c17948c-1cd0-4417-ab99-6c36b2a081be@group-2113BBD44459->02183d65-95ec-4dfc-9f0a-d3560127e420-AppendLogResponseHandler: Failed appendEntries: org.apache.ratis.thirdparty.io.grpc.StatusRuntimeException: UNAVAILABLE: io exception
2019-10-02 05:59:53,807 [grpc-default-executor-0] INFO  impl.FollowerInfo (FollowerInfo.java:lambda$new$0(51)) - 7c17948c-1cd0-4417-ab99-6c36b2a081be@group-2113BBD44459->02183d65-95ec-4dfc-9f0a-d3560127e420: nextIndex: updateUnconditionally 1 -> 0
2019-10-02 05:59:56,305 [grpc-default-executor-2] WARN  server.GrpcLogAppender (LogUtils.java:warn(134)) - 7c17948c-1cd0-4417-ab99-6c36b2a081be@group-2113BBD44459->dad25ee9-8ea5-4f1c-9f33-3809fe7bf507-AppendLogResponseHandler: Failed appendEntries: org.apache.ratis.thirdparty.io.grpc.StatusRuntimeException: UNAVAILABLE: io exception
2019-10-02 05:59:56,305 [grpc-default-executor-2] INFO  impl.FollowerInfo (FollowerInfo.java:lambda$new$0(51)) - 7c17948c-1cd0-4417-ab99-6c36b2a081be@group-2113BBD44459->dad25ee9-8ea5-4f1c-9f33-3809fe7bf507: nextIndex: updateUnconditionally 0 -> 0
2019-10-02 05:59:56,307 [grpc-default-executor-0] WARN  server.GrpcLogAppender (LogUtils.java:warn(134)) - 7c17948c-1cd0-4417-ab99-6c36b2a081be@group-2113BBD44459->02183d65-95ec-4dfc-9f0a-d3560127e420-AppendLogResponseHandler: Failed appendEntries: org.apache.ratis.thirdparty.io.grpc.StatusRuntimeException: UNAVAILABLE: io exception
2019-10-02 05:59:56,307 [grpc-default-executor-0] INFO  impl.FollowerInfo (FollowerInfo.java:lambda$new$0(51)) - 7c17948c-1cd0-4417-ab99-6c36b2a081be@group-2113BBD44459->02183d65-95ec-4dfc-9f0a-d3560127e420: nextIndex: updateUnconditionally 0 -> 0
2019-10-02 05:59:58,806 [grpc-default-executor-0] WARN  server.GrpcLogAppender (LogUtils.java:warn(134)) - 7c17948c-1cd0-4417-ab99-6c36b2a081be@group-2113BBD44459->dad25ee9-8ea5-4f1c-9f33-3809fe7bf507-AppendLogResponseHandler: Failed appendEntries: org.apache.ratis.thirdparty.io.grpc.StatusRuntimeException: UNAVAILABLE: io exception
2019-10-02 05:59:58,807 [grpc-default-executor-0] INFO  impl.FollowerInfo (FollowerInfo.java:lambda$new$0(51)) - 7c17948c-1cd0-4417-ab99-6c36b2a081be@group-2113BBD44459->dad25ee9-8ea5-4f1c-9f33-3809fe7bf507: nextIndex: updateUnconditionally 0 -> 0
2019-10-02 05:59:58,808 [grpc-default-executor-4] WARN  server.GrpcLogAppender (LogUtils.java:warn(134)) - 7c17948c-1cd0-4417-ab99-6c36b2a081be@group-2113BBD44459->02183d65-95ec-4dfc-9f0a-d3560127e420-AppendLogResponseHandler: Failed appendEntries: org.apache.ratis.thirdparty.io.grpc.StatusRuntimeException: UNAVAILABLE: io exception
2019-10-02 05:59:58,808 [grpc-default-executor-4] INFO  impl.FollowerInfo (FollowerInfo.java:lambda$new$0(51)) - 7c17948c-1cd0-4417-ab99-6c36b2a081be@group-2113BBD44459->02183d65-95ec-4dfc-9f0a-d3560127e420: nextIndex: updateUnconditionally 0 -> 0
2019-10-02 05:59:59,688 [Thread-1572] INFO  client.GrpcClientProtocolService (GrpcClientProtocolService.java:lambda$processClientRequest$0(278)) - Failed RaftClientRequest:client-1EC0103A4ADC->7c17948c-1cd0-4417-ab99-6c36b2a081be@group-2113BBD44459, cid=64, seq=0, Watch-ALL_COMMITTED(67), Message:<EMPTY>, reply=RaftClientReply:client-1EC0103A4ADC->7c17948c-1cd0-4417-ab99-6c36b2a081be@group-2113BBD44459, cid=64, FAILED org.apache.ratis.protocol.NotReplicatedException: Request with call Id 64 and log index 67 is not yet replicated to ALL_COMMITTED, logIndex=67, commits[7c17948c-1cd0-4417-ab99-6c36b2a081be:c2, dad25ee9-8ea5-4f1c-9f33-3809fe7bf507:c2, 02183d65-95ec-4dfc-9f0a-d3560127e420:c2]
2019-10-02 06:00:01,308 [grpc-default-executor-2] WARN  server.GrpcLogAppender (LogUtils.java:warn(134)) - 7c17948c-1cd0-4417-ab99-6c36b2a081be@group-2113BBD44459->dad25ee9-8ea5-4f1c-9f33-3809fe7bf507-AppendLogResponseHandler: Failed appendEntries: org.apache.ratis.thirdparty.io.grpc.StatusRuntimeException: UNAVAILABLE: io exception
2019-10-02 06:00:01,308 [grpc-default-executor-3] WARN  server.GrpcLogAppender (LogUtils.java:warn(134)) - 7c17948c-1cd0-4417-ab99-6c36b2a081be@group-2113BBD44459->02183d65-95ec-4dfc-9f0a-d3560127e420-AppendLogResponseHandler: Failed appendEntries: org.apache.ratis.thirdparty.io.grpc.StatusRuntimeException: UNAVAILABLE: io exception
2019-10-02 06:00:01,308 [grpc-default-executor-2] INFO  impl.FollowerInfo (FollowerInfo.java:lambda$new$0(51)) - 7c17948c-1cd0-4417-ab99-6c36b2a081be@group-2113BBD44459->dad25ee9-8ea5-4f1c-9f33-3809fe7bf507: nextIndex: updateUnconditionally 0 -> 0
2019-10-02 06:00:01,308 [grpc-default-executor-3] INFO  impl.FollowerInfo (FollowerInfo.java:lambda$new$0(51)) - 7c17948c-1cd0-4417-ab99-6c36b2a081be@group-2113BBD44459->02183d65-95ec-4dfc-9f0a-d3560127e420: nextIndex: updateUnconditionally 0 -> 0
2019-10-02 06:00:03,808 [grpc-default-executor-3] WARN  server.GrpcLogAppender (LogUtils.java:warn(134)) - 7c17948c-1cd0-4417-ab99-6c36b2a081be@group-2113BBD44459->dad25ee9-8ea5-4f1c-9f33-3809fe7bf507-AppendLogResponseHandler: Failed appendEntries: org.apache.ratis.thirdparty.io.grpc.StatusRuntimeException: UNAVAILABLE: io exception
2019-10-02 06:00:03,808 [grpc-default-executor-3] INFO  impl.FollowerInfo (FollowerInfo.java:lambda$new$0(51)) - 7c17948c-1cd0-4417-ab99-6c36b2a081be@group-2113BBD44459->dad25ee9-8ea5-4f1c-9f33-3809fe7bf507: nextIndex: updateUnconditionally 0 -> 0
2019-10-02 06:00:03,809 [grpc-default-executor-3] WARN  server.GrpcLogAppender (LogUtils.java:warn(134)) - 7c17948c-1cd0-4417-ab99-6c36b2a081be@group-2113BBD44459->02183d65-95ec-4dfc-9f0a-d3560127e420-AppendLogResponseHandler: Failed appendEntries: org.apache.ratis.thirdparty.io.grpc.StatusRuntimeException: UNAVAILABLE: io exception
2019-10-02 06:00:03,809 [grpc-default-executor-3] INFO  impl.FollowerInfo (FollowerInfo.java:lambda$new$0(51)) - 7c17948c-1cd0-4417-ab99-6c36b2a081be@group-2113BBD44459->02183d65-95ec-4dfc-9f0a-d3560127e420: nextIndex: updateUnconditionally 0 -> 0
2019-10-02 06:00:06,308 [grpc-default-executor-0] WARN  server.GrpcLogAppender (LogUtils.java:warn(134)) - 7c17948c-1cd0-4417-ab99-6c36b2a081be@group-2113BBD44459->dad25ee9-8ea5-4f1c-9f33-3809fe7bf507-AppendLogResponseHandler: Failed appendEntries: org.apache.ratis.thirdparty.io.grpc.StatusRuntimeException: UNAVAILABLE: io exception
2019-10-02 06:00:06,308 [grpc-default-executor-0] INFO  impl.FollowerInfo (FollowerInfo.java:lambda$new$0(51)) - 7c17948c-1cd0-4417-ab99-6c36b2a081be@group-2113BBD44459->dad25ee9-8ea5-4f1c-9f33-3809fe7bf507: nextIndex: updateUnconditionally 0 -> 0
2019-10-02 06:00:06,309 [grpc-default-executor-2] WARN  server.GrpcLogAppender (LogUtils.java:warn(134)) - 7c17948c-1cd0-4417-ab99-6c36b2a081be@group-2113BBD44459->02183d65-95ec-4dfc-9f0a-d3560127e420-AppendLogResponseHandler: Failed appendEntries: org.apache.ratis.thirdparty.io.grpc.StatusRuntimeException: UNAVAILABLE: io exception
2019-10-02 06:00:06,309 [grpc-default-executor-2] INFO  impl.FollowerInfo (FollowerInfo.java:lambda$new$0(51)) - 7c17948c-1cd0-4417-ab99-6c36b2a081be@group-2113BBD44459->02183d65-95ec-4dfc-9f0a-d3560127e420: nextIndex: updateUnconditionally 0 -> 0
2019-10-02 06:00:08,811 [grpc-default-executor-3] WARN  server.GrpcLogAppender (LogUtils.java:warn(134)) - 7c17948c-1cd0-4417-ab99-6c36b2a081be@group-2113BBD44459->02183d65-95ec-4dfc-9f0a-d3560127e420-AppendLogResponseHandler: Failed appendEntries: org.apache.ratis.thirdparty.io.grpc.StatusRuntimeException: UNAVAILABLE: io exception
2019-10-02 06:00:08,811 [grpc-default-executor-2] WARN  server.GrpcLogAppender (LogUtils.java:warn(134)) - 7c17948c-1cd0-4417-ab99-6c36b2a081be@group-2113BBD44459->dad25ee9-8ea5-4f1c-9f33-3809fe7bf507-AppendLogResponseHandler: Failed appendEntries: org.apache.ratis.thirdparty.io.grpc.StatusRuntimeException: UNAVAILABLE: io exception
2019-10-02 06:00:08,812 [grpc-default-executor-3] INFO  impl.FollowerInfo (FollowerInfo.java:lambda$new$0(51)) - 7c17948c-1cd0-4417-ab99-6c36b2a081be@group-2113BBD44459->02183d65-95ec-4dfc-9f0a-d3560127e420: nextIndex: updateUnconditionally 0 -> 0
2019-10-02 06:00:08,812 [grpc-default-executor-2] INFO  impl.FollowerInfo (FollowerInfo.java:lambda$new$0(51)) - 7c17948c-1cd0-4417-ab99-6c36b2a081be@group-2113BBD44459->dad25ee9-8ea5-4f1c-9f33-3809fe7bf507: nextIndex: updateUnconditionally 0 -> 0
2019-10-02 06:00:09,112 [main] WARN  scm.XceiverClientRatis (XceiverClientRatis.java:watchForCommit(292)) - 3 way commit failed on pipeline Pipeline[ Id: 685c3351-04e3-4386-8a9a-2113bbd44459, Nodes: dad25ee9-8ea5-4f1c-9f33-3809fe7bf507{ip: 192.168.164.241, host: trunk-nightly-20191002-p7fms-2058464235, networkLocation: /default-rack, certSerialId: null}02183d65-95ec-4dfc-9f0a-d3560127e420{ip: 192.168.164.241, host: trunk-nightly-20191002-p7fms-2058464235, networkLocation: /default-rack, certSerialId: null}7c17948c-1cd0-4417-ab99-6c36b2a081be{ip: 192.168.164.241, host: trunk-nightly-20191002-p7fms-2058464235, networkLocation: /default-rack, certSerialId: null}, Type:RATIS, Factor:THREE, State:OPEN]
java.util.concurrent.TimeoutException
	at java.util.concurrent.CompletableFuture.timedGet(CompletableFuture.java:1771)
	at java.util.concurrent.CompletableFuture.get(CompletableFuture.java:1915)
	at org.apache.hadoop.hdds.scm.XceiverClientRatis.watchForCommit(XceiverClientRatis.java:289)
	at org.apache.hadoop.ozone.client.rpc.TestWatchForCommit.testWatchForCommitForRetryfailure(TestWatchForCommit.java:345)
	at sun.reflect.NativeMethodAccessorImpl.invoke0(Native Method)
	at sun.reflect.NativeMethodAccessorImpl.invoke(NativeMethodAccessorImpl.java:62)
	at sun.reflect.DelegatingMethodAccessorImpl.invoke(DelegatingMethodAccessorImpl.java:43)
	at java.lang.reflect.Method.invoke(Method.java:498)
	at org.junit.runners.model.FrameworkMethod$1.runReflectiveCall(FrameworkMethod.java:47)
	at org.junit.internal.runners.model.ReflectiveCallable.run(ReflectiveCallable.java:12)
	at org.junit.runners.model.FrameworkMethod.invokeExplosively(FrameworkMethod.java:44)
	at org.junit.internal.runners.statements.InvokeMethod.evaluate(InvokeMethod.java:17)
	at org.junit.runners.ParentRunner.runLeaf(ParentRunner.java:271)
	at org.junit.runners.BlockJUnit4ClassRunner.runChild(BlockJUnit4ClassRunner.java:70)
	at org.junit.runners.BlockJUnit4ClassRunner.runChild(BlockJUnit4ClassRunner.java:50)
	at org.junit.runners.ParentRunner$3.run(ParentRunner.java:238)
	at org.junit.runners.ParentRunner$1.schedule(ParentRunner.java:63)
	at org.junit.runners.ParentRunner.runChildren(ParentRunner.java:236)
	at org.junit.runners.ParentRunner.access$000(ParentRunner.java:53)
	at org.junit.runners.ParentRunner$2.evaluate(ParentRunner.java:229)
	at org.junit.runners.ParentRunner.run(ParentRunner.java:309)
	at org.apache.maven.surefire.junit4.JUnit4Provider.execute(JUnit4Provider.java:365)
	at org.apache.maven.surefire.junit4.JUnit4Provider.executeWithRerun(JUnit4Provider.java:273)
	at org.apache.maven.surefire.junit4.JUnit4Provider.executeTestSet(JUnit4Provider.java:238)
	at org.apache.maven.surefire.junit4.JUnit4Provider.invoke(JUnit4Provider.java:159)
	at org.apache.maven.surefire.booter.ForkedBooter.invokeProviderInSameClassLoader(ForkedBooter.java:384)
	at org.apache.maven.surefire.booter.ForkedBooter.runSuitesInProcess(ForkedBooter.java:345)
	at org.apache.maven.surefire.booter.ForkedBooter.execute(ForkedBooter.java:126)
	at org.apache.maven.surefire.booter.ForkedBooter.main(ForkedBooter.java:418)
2019-10-02 06:00:10,683 [Thread-1610] INFO  client.GrpcClientProtocolService (GrpcClientProtocolService.java:lambda$processClientRequest$0(278)) - Failed RaftClientRequest:client-1EC0103A4ADC->7c17948c-1cd0-4417-ab99-6c36b2a081be@group-2113BBD44459, cid=64, seq=0, Watch-ALL_COMMITTED(67), Message:<EMPTY>, reply=RaftClientReply:client-1EC0103A4ADC->7c17948c-1cd0-4417-ab99-6c36b2a081be@group-2113BBD44459, cid=64, FAILED org.apache.ratis.protocol.NotReplicatedException: Request with call Id 64 and log index 67 is not yet replicated to ALL_COMMITTED, logIndex=67, commits[7c17948c-1cd0-4417-ab99-6c36b2a081be:c2, dad25ee9-8ea5-4f1c-9f33-3809fe7bf507:c2, 02183d65-95ec-4dfc-9f0a-d3560127e420:c2]
2019-10-02 06:00:11,311 [grpc-default-executor-1] WARN  server.GrpcLogAppender (LogUtils.java:warn(134)) - 7c17948c-1cd0-4417-ab99-6c36b2a081be@group-2113BBD44459->02183d65-95ec-4dfc-9f0a-d3560127e420-AppendLogResponseHandler: Failed appendEntries: org.apache.ratis.thirdparty.io.grpc.StatusRuntimeException: UNAVAILABLE: io exception
2019-10-02 06:00:11,311 [grpc-default-executor-3] WARN  server.GrpcLogAppender (LogUtils.java:warn(134)) - 7c17948c-1cd0-4417-ab99-6c36b2a081be@group-2113BBD44459->dad25ee9-8ea5-4f1c-9f33-3809fe7bf507-AppendLogResponseHandler: Failed appendEntries: org.apache.ratis.thirdparty.io.grpc.StatusRuntimeException: UNAVAILABLE: io exception
2019-10-02 06:00:11,311 [grpc-default-executor-1] INFO  impl.FollowerInfo (FollowerInfo.java:lambda$new$0(51)) - 7c17948c-1cd0-4417-ab99-6c36b2a081be@group-2113BBD44459->02183d65-95ec-4dfc-9f0a-d3560127e420: nextIndex: updateUnconditionally 0 -> 0
2019-10-02 06:00:11,311 [grpc-default-executor-3] INFO  impl.FollowerInfo (FollowerInfo.java:lambda$new$0(51)) - 7c17948c-1cd0-4417-ab99-6c36b2a081be@group-2113BBD44459->dad25ee9-8ea5-4f1c-9f33-3809fe7bf507: nextIndex: updateUnconditionally 0 -> 0
2019-10-02 06:00:13,813 [grpc-default-executor-1] WARN  server.GrpcLogAppender (LogUtils.java:warn(134)) - 7c17948c-1cd0-4417-ab99-6c36b2a081be@group-2113BBD44459->02183d65-95ec-4dfc-9f0a-d3560127e420-AppendLogResponseHandler: Failed appendEntries: org.apache.ratis.thirdparty.io.grpc.StatusRuntimeException: UNAVAILABLE: io exception
2019-10-02 06:00:13,813 [grpc-default-executor-0] WARN  server.GrpcLogAppender (LogUtils.java:warn(134)) - 7c17948c-1cd0-4417-ab99-6c36b2a081be@group-2113BBD44459->dad25ee9-8ea5-4f1c-9f33-3809fe7bf507-AppendLogResponseHandler: Failed appendEntries: org.apache.ratis.thirdparty.io.grpc.StatusRuntimeException: UNAVAILABLE: io exception
2019-10-02 06:00:13,814 [grpc-default-executor-1] INFO  impl.FollowerInfo (FollowerInfo.java:lambda$new$0(51)) - 7c17948c-1cd0-4417-ab99-6c36b2a081be@group-2113BBD44459->02183d65-95ec-4dfc-9f0a-d3560127e420: nextIndex: updateUnconditionally 0 -> 0
2019-10-02 06:00:13,814 [grpc-default-executor-0] INFO  impl.FollowerInfo (FollowerInfo.java:lambda$new$0(51)) - 7c17948c-1cd0-4417-ab99-6c36b2a081be@group-2113BBD44459->dad25ee9-8ea5-4f1c-9f33-3809fe7bf507: nextIndex: updateUnconditionally 0 -> 0
2019-10-02 06:00:16,313 [grpc-default-executor-4] WARN  server.GrpcLogAppender (LogUtils.java:warn(134)) - 7c17948c-1cd0-4417-ab99-6c36b2a081be@group-2113BBD44459->dad25ee9-8ea5-4f1c-9f33-3809fe7bf507-AppendLogResponseHandler: Failed appendEntries: org.apache.ratis.thirdparty.io.grpc.StatusRuntimeException: UNAVAILABLE: io exception
2019-10-02 06:00:16,313 [grpc-default-executor-0] WARN  server.GrpcLogAppender (LogUtils.java:warn(134)) - 7c17948c-1cd0-4417-ab99-6c36b2a081be@group-2113BBD44459->02183d65-95ec-4dfc-9f0a-d3560127e420-AppendLogResponseHandler: Failed appendEntries: org.apache.ratis.thirdparty.io.grpc.StatusRuntimeException: UNAVAILABLE: io exception
2019-10-02 06:00:16,314 [grpc-default-executor-4] INFO  impl.FollowerInfo (FollowerInfo.java:lambda$new$0(51)) - 7c17948c-1cd0-4417-ab99-6c36b2a081be@group-2113BBD44459->dad25ee9-8ea5-4f1c-9f33-3809fe7bf507: nextIndex: updateUnconditionally 0 -> 0
2019-10-02 06:00:16,314 [grpc-default-executor-0] INFO  impl.FollowerInfo (FollowerInfo.java:lambda$new$0(51)) - 7c17948c-1cd0-4417-ab99-6c36b2a081be@group-2113BBD44459->02183d65-95ec-4dfc-9f0a-d3560127e420: nextIndex: updateUnconditionally 0 -> 0
2019-10-02 06:00:18,813 [grpc-default-executor-4] WARN  server.GrpcLogAppender (LogUtils.java:warn(134)) - 7c17948c-1cd0-4417-ab99-6c36b2a081be@group-2113BBD44459->02183d65-95ec-4dfc-9f0a-d3560127e420-AppendLogResponseHandler: Failed appendEntries: org.apache.ratis.thirdparty.io.grpc.StatusRuntimeException: UNAVAILABLE: io exception
2019-10-02 06:00:18,813 [grpc-default-executor-0] WARN  server.GrpcLogAppender (LogUtils.java:warn(134)) - 7c17948c-1cd0-4417-ab99-6c36b2a081be@group-2113BBD44459->dad25ee9-8ea5-4f1c-9f33-3809fe7bf507-AppendLogResponseHandler: Failed appendEntries: org.apache.ratis.thirdparty.io.grpc.StatusRuntimeException: UNAVAILABLE: io exception
2019-10-02 06:00:18,814 [grpc-default-executor-4] INFO  impl.FollowerInfo (FollowerInfo.java:lambda$new$0(51)) - 7c17948c-1cd0-4417-ab99-6c36b2a081be@group-2113BBD44459->02183d65-95ec-4dfc-9f0a-d3560127e420: nextIndex: updateUnconditionally 0 -> 0
2019-10-02 06:00:18,814 [grpc-default-executor-0] INFO  impl.FollowerInfo (FollowerInfo.java:lambda$new$0(51)) - 7c17948c-1cd0-4417-ab99-6c36b2a081be@group-2113BBD44459->dad25ee9-8ea5-4f1c-9f33-3809fe7bf507: nextIndex: updateUnconditionally 0 -> 0
2019-10-02 06:00:19,683 [Thread-1643] INFO  client.GrpcClientProtocolService (GrpcClientProtocolService.java:lambda$processClientRequest$0(278)) - Failed RaftClientRequest:client-1EC0103A4ADC->7c17948c-1cd0-4417-ab99-6c36b2a081be@group-2113BBD44459, cid=64, seq=0, Watch-ALL_COMMITTED(67), Message:<EMPTY>, reply=RaftClientReply:client-1EC0103A4ADC->7c17948c-1cd0-4417-ab99-6c36b2a081be@group-2113BBD44459, cid=64, FAILED org.apache.ratis.protocol.NotReplicatedException: Request with call Id 64 and log index 67 is not yet replicated to ALL_COMMITTED, logIndex=67, commits[7c17948c-1cd0-4417-ab99-6c36b2a081be:c2, dad25ee9-8ea5-4f1c-9f33-3809fe7bf507:c2, 02183d65-95ec-4dfc-9f0a-d3560127e420:c2]
2019-10-02 06:00:20,682 [Thread-1645] INFO  client.GrpcClientProtocolService (GrpcClientProtocolService.java:lambda$processClientRequest$0(278)) - Failed RaftClientRequest:client-1EC0103A4ADC->7c17948c-1cd0-4417-ab99-6c36b2a081be@group-2113BBD44459, cid=65, seq=0, Watch-MAJORITY_COMMITTED(67), Message:<EMPTY>, reply=RaftClientReply:client-1EC0103A4ADC->7c17948c-1cd0-4417-ab99-6c36b2a081be@group-2113BBD44459, cid=65, FAILED org.apache.ratis.protocol.NotReplicatedException: Request with call Id 65 and log index 67 is not yet replicated to MAJORITY_COMMITTED, logIndex=67, commits[7c17948c-1cd0-4417-ab99-6c36b2a081be:c2, dad25ee9-8ea5-4f1c-9f33-3809fe7bf507:c2, 02183d65-95ec-4dfc-9f0a-d3560127e420:c2]
2019-10-02 06:00:21,314 [grpc-default-executor-3] WARN  server.GrpcLogAppender (LogUtils.java:warn(134)) - 7c17948c-1cd0-4417-ab99-6c36b2a081be@group-2113BBD44459->dad25ee9-8ea5-4f1c-9f33-3809fe7bf507-AppendLogResponseHandler: Failed appendEntries: org.apache.ratis.thirdparty.io.grpc.StatusRuntimeException: UNAVAILABLE: io exception
2019-10-02 06:00:21,314 [grpc-default-executor-1] WARN  server.GrpcLogAppender (LogUtils.java:warn(134)) - 7c17948c-1cd0-4417-ab99-6c36b2a081be@group-2113BBD44459->02183d65-95ec-4dfc-9f0a-d3560127e420-AppendLogResponseHandler: Failed appendEntries: org.apache.ratis.thirdparty.io.grpc.StatusRuntimeException: UNAVAILABLE: io exception
2019-10-02 06:00:21,315 [grpc-default-executor-3] INFO  impl.FollowerInfo (FollowerInfo.java:lambda$new$0(51)) - 7c17948c-1cd0-4417-ab99-6c36b2a081be@group-2113BBD44459->dad25ee9-8ea5-4f1c-9f33-3809fe7bf507: nextIndex: updateUnconditionally 0 -> 0
2019-10-02 06:00:21,315 [grpc-default-executor-1] INFO  impl.FollowerInfo (FollowerInfo.java:lambda$new$0(51)) - 7c17948c-1cd0-4417-ab99-6c36b2a081be@group-2113BBD44459->02183d65-95ec-4dfc-9f0a-d3560127e420: nextIndex: updateUnconditionally 0 -> 0
2019-10-02 06:00:23,815 [grpc-default-executor-1] WARN  server.GrpcLogAppender (LogUtils.java:warn(134)) - 7c17948c-1cd0-4417-ab99-6c36b2a081be@group-2113BBD44459->dad25ee9-8ea5-4f1c-9f33-3809fe7bf507-AppendLogResponseHandler: Failed appendEntries: org.apache.ratis.thirdparty.io.grpc.StatusRuntimeException: UNAVAILABLE: io exception
2019-10-02 06:00:23,816 [grpc-default-executor-0] WARN  server.GrpcLogAppender (LogUtils.java:warn(134)) - 7c17948c-1cd0-4417-ab99-6c36b2a081be@group-2113BBD44459->02183d65-95ec-4dfc-9f0a-d3560127e420-AppendLogResponseHandler: Failed appendEntries: org.apache.ratis.thirdparty.io.grpc.StatusRuntimeException: UNAVAILABLE: io exception
2019-10-02 06:00:23,816 [grpc-default-executor-1] INFO  impl.FollowerInfo (FollowerInfo.java:lambda$new$0(51)) - 7c17948c-1cd0-4417-ab99-6c36b2a081be@group-2113BBD44459->dad25ee9-8ea5-4f1c-9f33-3809fe7bf507: nextIndex: updateUnconditionally 0 -> 0
2019-10-02 06:00:23,816 [grpc-default-executor-0] INFO  impl.FollowerInfo (FollowerInfo.java:lambda$new$0(51)) - 7c17948c-1cd0-4417-ab99-6c36b2a081be@group-2113BBD44459->02183d65-95ec-4dfc-9f0a-d3560127e420: nextIndex: updateUnconditionally 0 -> 0
2019-10-02 06:00:26,318 [grpc-default-executor-0] WARN  server.GrpcLogAppender (LogUtils.java:warn(134)) - 7c17948c-1cd0-4417-ab99-6c36b2a081be@group-2113BBD44459->dad25ee9-8ea5-4f1c-9f33-3809fe7bf507-AppendLogResponseHandler: Failed appendEntries: org.apache.ratis.thirdparty.io.grpc.StatusRuntimeException: UNAVAILABLE: io exception
2019-10-02 06:00:26,318 [grpc-default-executor-3] WARN  server.GrpcLogAppender (LogUtils.java:warn(134)) - 7c17948c-1cd0-4417-ab99-6c36b2a081be@group-2113BBD44459->02183d65-95ec-4dfc-9f0a-d3560127e420-AppendLogResponseHandler: Failed appendEntries: org.apache.ratis.thirdparty.io.grpc.StatusRuntimeException: UNAVAILABLE: io exception
2019-10-02 06:00:26,319 [grpc-default-executor-0] INFO  impl.FollowerInfo (FollowerInfo.java:lambda$new$0(51)) - 7c17948c-1cd0-4417-ab99-6c36b2a081be@group-2113BBD44459->dad25ee9-8ea5-4f1c-9f33-3809fe7bf507: nextIndex: updateUnconditionally 0 -> 0
2019-10-02 06:00:26,319 [grpc-default-executor-3] INFO  impl.FollowerInfo (FollowerInfo.java:lambda$new$0(51)) - 7c17948c-1cd0-4417-ab99-6c36b2a081be@group-2113BBD44459->02183d65-95ec-4dfc-9f0a-d3560127e420: nextIndex: updateUnconditionally 0 -> 0
2019-10-02 06:00:28,821 [grpc-default-executor-0] WARN  server.GrpcLogAppender (LogUtils.java:warn(134)) - 7c17948c-1cd0-4417-ab99-6c36b2a081be@group-2113BBD44459->02183d65-95ec-4dfc-9f0a-d3560127e420-AppendLogResponseHandler: Failed appendEntries: org.apache.ratis.thirdparty.io.grpc.StatusRuntimeException: UNAVAILABLE: io exception
2019-10-02 06:00:28,821 [grpc-default-executor-3] WARN  server.GrpcLogAppender (LogUtils.java:warn(134)) - 7c17948c-1cd0-4417-ab99-6c36b2a081be@group-2113BBD44459->dad25ee9-8ea5-4f1c-9f33-3809fe7bf507-AppendLogResponseHandler: Failed appendEntries: org.apache.ratis.thirdparty.io.grpc.StatusRuntimeException: UNAVAILABLE: io exception
2019-10-02 06:00:28,823 [grpc-default-executor-0] INFO  impl.FollowerInfo (FollowerInfo.java:lambda$new$0(51)) - 7c17948c-1cd0-4417-ab99-6c36b2a081be@group-2113BBD44459->02183d65-95ec-4dfc-9f0a-d3560127e420: nextIndex: updateUnconditionally 0 -> 0
2019-10-02 06:00:28,823 [grpc-default-executor-3] INFO  impl.FollowerInfo (FollowerInfo.java:lambda$new$0(51)) - 7c17948c-1cd0-4417-ab99-6c36b2a081be@group-2113BBD44459->dad25ee9-8ea5-4f1c-9f33-3809fe7bf507: nextIndex: updateUnconditionally 0 -> 0
]]></system-out>
    <system-err><![CDATA[Oct 02, 2019 5:59:43 AM org.apache.ratis.thirdparty.io.grpc.internal.SerializingExecutor run
SEVERE: Exception while executing runnable org.apache.ratis.thirdparty.io.grpc.internal.ServerImpl$JumpToApplicationThreadServerStreamListener$1Closed@397ae567
org.apache.ratis.thirdparty.io.grpc.StatusRuntimeException: CANCELLED: call already cancelled
	at org.apache.ratis.thirdparty.io.grpc.Status.asRuntimeException(Status.java:517)
	at org.apache.ratis.thirdparty.io.grpc.stub.ServerCalls$ServerCallStreamObserverImpl.onCompleted(ServerCalls.java:356)
	at org.apache.ratis.grpc.server.GrpcServerProtocolService$ServerRequestStreamObserver.onError(GrpcServerProtocolService.java:121)
	at org.apache.ratis.thirdparty.io.grpc.stub.ServerCalls$StreamingServerCallHandler$StreamingServerCallListener.onCancel(ServerCalls.java:269)
	at org.apache.ratis.thirdparty.io.grpc.internal.ServerCallImpl$ServerStreamListenerImpl.closed(ServerCallImpl.java:293)
	at org.apache.ratis.thirdparty.io.grpc.internal.ServerImpl$JumpToApplicationThreadServerStreamListener$1Closed.runInContext(ServerImpl.java:741)
	at org.apache.ratis.thirdparty.io.grpc.internal.ContextRunnable.run(ContextRunnable.java:37)
	at org.apache.ratis.thirdparty.io.grpc.internal.SerializingExecutor.run(SerializingExecutor.java:123)
	at java.util.concurrent.ThreadPoolExecutor.runWorker(ThreadPoolExecutor.java:1149)
	at java.util.concurrent.ThreadPoolExecutor$Worker.run(ThreadPoolExecutor.java:624)
	at java.lang.Thread.run(Thread.java:748)

Oct 02, 2019 5:59:49 AM org.apache.ratis.thirdparty.io.grpc.internal.SerializingExecutor run
SEVERE: Exception while executing runnable org.apache.ratis.thirdparty.io.grpc.internal.ServerImpl$JumpToApplicationThreadServerStreamListener$1Closed@5c42c000
org.apache.ratis.thirdparty.io.grpc.StatusRuntimeException: CANCELLED: call already cancelled
	at org.apache.ratis.thirdparty.io.grpc.Status.asRuntimeException(Status.java:517)
	at org.apache.ratis.thirdparty.io.grpc.stub.ServerCalls$ServerCallStreamObserverImpl.onCompleted(ServerCalls.java:356)
	at org.apache.ratis.grpc.server.GrpcServerProtocolService$ServerRequestStreamObserver.onError(GrpcServerProtocolService.java:121)
	at org.apache.ratis.thirdparty.io.grpc.stub.ServerCalls$StreamingServerCallHandler$StreamingServerCallListener.onCancel(ServerCalls.java:269)
	at org.apache.ratis.thirdparty.io.grpc.internal.ServerCallImpl$ServerStreamListenerImpl.closed(ServerCallImpl.java:293)
	at org.apache.ratis.thirdparty.io.grpc.internal.ServerImpl$JumpToApplicationThreadServerStreamListener$1Closed.runInContext(ServerImpl.java:741)
	at org.apache.ratis.thirdparty.io.grpc.internal.ContextRunnable.run(ContextRunnable.java:37)
	at org.apache.ratis.thirdparty.io.grpc.internal.SerializingExecutor.run(SerializingExecutor.java:123)
	at java.util.concurrent.ThreadPoolExecutor.runWorker(ThreadPoolExecutor.java:1149)
	at java.util.concurrent.ThreadPoolExecutor$Worker.run(ThreadPoolExecutor.java:624)
	at java.lang.Thread.run(Thread.java:748)

]]></system-err>
  </testcase>
  <testcase name="testWatchForCommitForGroupMismatchException" classname="org.apache.hadoop.ozone.client.rpc.TestWatchForCommit" time="56.251"/>
  <testcase name="test2WayCommitForTimeoutException" classname="org.apache.hadoop.ozone.client.rpc.TestWatchForCommit" time="28.992">
    <error message="org.apache.ratis.protocol.RaftRetryFailureException: Failed RaftClientRequest:client-283E69B51804-&gt;e42cb2ac-a177-4fa6-8504-5499b822a004@group-94AF2783EC55, cid=110, seq=2*, RW, org.apache.hadoop.hdds.scm.XceiverClientRatis$$Lambda$701/1701798620@1733cb33 for 20 attempts with RetryLimited(maxAttempts=20, sleepTime=1000ms)" type="java.util.concurrent.ExecutionException">java.util.concurrent.ExecutionException: org.apache.ratis.protocol.RaftRetryFailureException: Failed RaftClientRequest:client-283E69B51804->e42cb2ac-a177-4fa6-8504-5499b822a004@group-94AF2783EC55, cid=110, seq=2*, RW, org.apache.hadoop.hdds.scm.XceiverClientRatis$$Lambda$701/1701798620@1733cb33 for 20 attempts with RetryLimited(maxAttempts=20, sleepTime=1000ms)
	at java.util.concurrent.CompletableFuture.reportGet(CompletableFuture.java:357)
	at java.util.concurrent.CompletableFuture.get(CompletableFuture.java:1895)
	at org.apache.hadoop.ozone.client.rpc.TestWatchForCommit.test2WayCommitForTimeoutException(TestWatchForCommit.java:390)
	at sun.reflect.NativeMethodAccessorImpl.invoke0(Native Method)
	at sun.reflect.NativeMethodAccessorImpl.invoke(NativeMethodAccessorImpl.java:62)
	at sun.reflect.DelegatingMethodAccessorImpl.invoke(DelegatingMethodAccessorImpl.java:43)
	at java.lang.reflect.Method.invoke(Method.java:498)
	at org.junit.runners.model.FrameworkMethod$1.runReflectiveCall(FrameworkMethod.java:47)
	at org.junit.internal.runners.model.ReflectiveCallable.run(ReflectiveCallable.java:12)
	at org.junit.runners.model.FrameworkMethod.invokeExplosively(FrameworkMethod.java:44)
	at org.junit.internal.runners.statements.InvokeMethod.evaluate(InvokeMethod.java:17)
	at org.junit.runners.ParentRunner.runLeaf(ParentRunner.java:271)
	at org.junit.runners.BlockJUnit4ClassRunner.runChild(BlockJUnit4ClassRunner.java:70)
	at org.junit.runners.BlockJUnit4ClassRunner.runChild(BlockJUnit4ClassRunner.java:50)
	at org.junit.runners.ParentRunner$3.run(ParentRunner.java:238)
	at org.junit.runners.ParentRunner$1.schedule(ParentRunner.java:63)
	at org.junit.runners.ParentRunner.runChildren(ParentRunner.java:236)
	at org.junit.runners.ParentRunner.access$000(ParentRunner.java:53)
	at org.junit.runners.ParentRunner$2.evaluate(ParentRunner.java:229)
	at org.junit.runners.ParentRunner.run(ParentRunner.java:309)
	at org.apache.maven.surefire.junit4.JUnit4Provider.execute(JUnit4Provider.java:365)
	at org.apache.maven.surefire.junit4.JUnit4Provider.executeWithRerun(JUnit4Provider.java:273)
	at org.apache.maven.surefire.junit4.JUnit4Provider.executeTestSet(JUnit4Provider.java:238)
	at org.apache.maven.surefire.junit4.JUnit4Provider.invoke(JUnit4Provider.java:159)
	at org.apache.maven.surefire.booter.ForkedBooter.invokeProviderInSameClassLoader(ForkedBooter.java:384)
	at org.apache.maven.surefire.booter.ForkedBooter.runSuitesInProcess(ForkedBooter.java:345)
	at org.apache.maven.surefire.booter.ForkedBooter.execute(ForkedBooter.java:126)
	at org.apache.maven.surefire.booter.ForkedBooter.main(ForkedBooter.java:418)
Caused by: org.apache.ratis.protocol.RaftRetryFailureException: Failed RaftClientRequest:client-283E69B51804->e42cb2ac-a177-4fa6-8504-5499b822a004@group-94AF2783EC55, cid=110, seq=2*, RW, org.apache.hadoop.hdds.scm.XceiverClientRatis$$Lambda$701/1701798620@1733cb33 for 20 attempts with RetryLimited(maxAttempts=20, sleepTime=1000ms)
	at org.apache.ratis.client.impl.RaftClientImpl.noMoreRetries(RaftClientImpl.java:271)
	at org.apache.ratis.client.impl.OrderedAsync.handleAsyncRetryFailure(OrderedAsync.java:138)
	at org.apache.ratis.client.impl.OrderedAsync.lambda$sendRequest$10(OrderedAsync.java:230)
	at java.util.concurrent.CompletableFuture.uniExceptionally(CompletableFuture.java:870)
	at java.util.concurrent.CompletableFuture$UniExceptionally.tryFire(CompletableFuture.java:852)
	at java.util.concurrent.CompletableFuture.postComplete(CompletableFuture.java:474)
	at java.util.concurrent.CompletableFuture.completeExceptionally(CompletableFuture.java:1977)
	at org.apache.ratis.grpc.client.GrpcClientProtocolClient$AsyncStreamObservers.completeReplyExceptionally(GrpcClientProtocolClient.java:345)
	at org.apache.ratis.grpc.client.GrpcClientProtocolClient$AsyncStreamObservers.access$000(GrpcClientProtocolClient.java:261)
	at org.apache.ratis.grpc.client.GrpcClientProtocolClient$AsyncStreamObservers$1.onNext(GrpcClientProtocolClient.java:273)
	at org.apache.ratis.grpc.client.GrpcClientProtocolClient$AsyncStreamObservers$1.onNext(GrpcClientProtocolClient.java:264)
	at org.apache.ratis.thirdparty.io.grpc.stub.ClientCalls$StreamObserverToCallListenerAdapter.onMessage(ClientCalls.java:421)
	at org.apache.ratis.thirdparty.io.grpc.ForwardingClientCallListener.onMessage(ForwardingClientCallListener.java:33)
	at org.apache.ratis.thirdparty.io.grpc.ForwardingClientCallListener.onMessage(ForwardingClientCallListener.java:33)
	at org.apache.ratis.thirdparty.io.grpc.internal.ClientCallImpl$ClientStreamListenerImpl$1MessagesAvailable.runInContext(ClientCallImpl.java:519)
	at org.apache.ratis.thirdparty.io.grpc.internal.ContextRunnable.run(ContextRunnable.java:37)
	at org.apache.ratis.thirdparty.io.grpc.internal.SerializingExecutor.run(SerializingExecutor.java:123)
	at java.util.concurrent.ThreadPoolExecutor.runWorker(ThreadPoolExecutor.java:1149)
	at java.util.concurrent.ThreadPoolExecutor$Worker.run(ThreadPoolExecutor.java:624)
	at java.lang.Thread.run(Thread.java:748)
Caused by: org.apache.ratis.protocol.NotLeaderException: Server e42cb2ac-a177-4fa6-8504-5499b822a004@group-94AF2783EC55 is not the leader
	at org.apache.ratis.client.impl.ClientProtoUtils.toRaftClientReply(ClientProtoUtils.java:243)
	at org.apache.ratis.grpc.client.GrpcClientProtocolClient$AsyncStreamObservers$1.onNext(GrpcClientProtocolClient.java:269)
	... 10 more
</error>
    <system-out><![CDATA[2019-10-02 06:01:25,379 [main] WARN  server.ServerUtils (ServerUtils.java:getScmDbDir(145)) - ozone.scm.db.dirs is not configured. We recommend adding this setting. Falling back to ozone.metadata.dirs instead.
2019-10-02 06:01:25,387 [main] WARN  server.ServerUtils (ServerUtils.java:getScmDbDir(145)) - ozone.scm.db.dirs is not configured. We recommend adding this setting. Falling back to ozone.metadata.dirs instead.
2019-10-02 06:01:25,387 [main] WARN  server.ServerUtils (ServerUtils.java:getScmDbDir(145)) - ozone.scm.db.dirs is not configured. We recommend adding this setting. Falling back to ozone.metadata.dirs instead.
2019-10-02 06:01:25,388 [main] INFO  db.DBStoreBuilder (DBStoreBuilder.java:addTable(110)) - using custom profile for table: deletedBlocks
2019-10-02 06:01:25,388 [main] INFO  db.DBStoreBuilder (DBStoreBuilder.java:processTables(161)) - Using default column profile:DBProfile.DISK for Table:deletedBlocks
2019-10-02 06:01:25,388 [main] INFO  db.DBStoreBuilder (DBStoreBuilder.java:addTable(110)) - using custom profile for table: validCerts
2019-10-02 06:01:25,388 [main] INFO  db.DBStoreBuilder (DBStoreBuilder.java:processTables(161)) - Using default column profile:DBProfile.DISK for Table:validCerts
2019-10-02 06:01:25,388 [main] INFO  db.DBStoreBuilder (DBStoreBuilder.java:addTable(110)) - using custom profile for table: revokedCerts
2019-10-02 06:01:25,388 [main] INFO  db.DBStoreBuilder (DBStoreBuilder.java:processTables(161)) - Using default column profile:DBProfile.DISK for Table:revokedCerts
2019-10-02 06:01:25,389 [main] INFO  db.DBStoreBuilder (DBStoreBuilder.java:addTable(110)) - using custom profile for table: default
2019-10-02 06:01:25,389 [main] INFO  db.DBStoreBuilder (DBStoreBuilder.java:processTables(167)) - Using default column profile:DBProfile.DISK for Table:default
2019-10-02 06:01:25,389 [main] INFO  db.DBStoreBuilder (DBStoreBuilder.java:getDbProfile(198)) - Using default options. DBProfile.DISK
2019-10-02 06:01:25,546 [main] INFO  net.NodeSchemaLoader (NodeSchemaLoader.java:loadSchemaFromFile(125)) - Loading file from sun.misc.CompoundEnumeration@551be9f6
2019-10-02 06:01:25,546 [main] INFO  net.NodeSchemaLoader (NodeSchemaLoader.java:loadSchema(171)) - Loading network topology layer schema file
2019-10-02 06:01:25,550 [main] WARN  server.ServerUtils (ServerUtils.java:sanitizeUserArgs(70)) - ozone.scm.stale.node.interval value = 300000 is larger than max = 100000 based on the key value of ozone.scm.heartbeat.thread.interval, reset to the max value 100000.
2019-10-02 06:01:25,550 [main] WARN  server.ServerUtils (ServerUtils.java:sanitizeUserArgs(70)) - ozone.scm.stale.node.interval value = 300000 is larger than max = 100000 based on the key value of ozone.scm.heartbeat.thread.interval, reset to the max value 100000.
2019-10-02 06:01:25,550 [main] INFO  node.SCMNodeManager (SCMNodeManager.java:<init>(114)) - Entering startup safe mode.
2019-10-02 06:01:25,551 [main] INFO  algorithms.ContainerPlacementPolicyFactory (ContainerPlacementPolicyFactory.java:getPolicy(57)) - Create container placement policy of type org.apache.hadoop.hdds.scm.container.placement.algorithms.SCMContainerPlacementRandom
2019-10-02 06:01:25,551 [main] WARN  server.ServerUtils (ServerUtils.java:getScmDbDir(145)) - ozone.scm.db.dirs is not configured. We recommend adding this setting. Falling back to ozone.metadata.dirs instead.
2019-10-02 06:01:25,608 [main] INFO  pipeline.SCMPipelineManager (SCMPipelineManager.java:initializePipelineState(132)) - No pipeline exists in current db
2019-10-02 06:01:25,608 [main] WARN  server.ServerUtils (ServerUtils.java:getScmDbDir(145)) - ozone.scm.db.dirs is not configured. We recommend adding this setting. Falling back to ozone.metadata.dirs instead.
2019-10-02 06:01:25,682 [Thread-2330] INFO  client.GrpcClientProtocolService (GrpcClientProtocolService.java:lambda$processClientRequest$0(278)) - Failed RaftClientRequest:client-1EC0103A4ADC->7c17948c-1cd0-4417-ab99-6c36b2a081be@group-2113BBD44459, cid=65, seq=0, Watch-MAJORITY_COMMITTED(67), Message:<EMPTY>, reply=RaftClientReply:client-1EC0103A4ADC->7c17948c-1cd0-4417-ab99-6c36b2a081be@group-2113BBD44459, cid=65, FAILED org.apache.ratis.protocol.NotReplicatedException: Request with call Id 65 and log index 67 is not yet replicated to MAJORITY_COMMITTED, logIndex=67, commits[7c17948c-1cd0-4417-ab99-6c36b2a081be:c2, dad25ee9-8ea5-4f1c-9f33-3809fe7bf507:c2, 02183d65-95ec-4dfc-9f0a-d3560127e420:c2]
2019-10-02 06:01:25,716 [main] WARN  events.EventQueue (EventQueue.java:fireEvent(183)) - No event handler registered for event TypedEvent{payloadType=SafeModeStatus, name='SafeModeStatus'}
2019-10-02 06:01:25,717 [main] INFO  ipc.CallQueueManager (CallQueueManager.java:<init>(84)) - Using callQueue: class java.util.concurrent.LinkedBlockingQueue, queueCapacity: 2000, scheduler: class org.apache.hadoop.ipc.DefaultRpcScheduler, ipcBackoff: false.
2019-10-02 06:01:25,718 [Socket Reader #1 for port 46363] INFO  ipc.Server (Server.java:run(1074)) - Starting Socket Reader #1 for port 46363
2019-10-02 06:01:25,723 [main] INFO  ipc.CallQueueManager (CallQueueManager.java:<init>(84)) - Using callQueue: class java.util.concurrent.LinkedBlockingQueue, queueCapacity: 2000, scheduler: class org.apache.hadoop.ipc.DefaultRpcScheduler, ipcBackoff: false.
2019-10-02 06:01:25,723 [Socket Reader #1 for port 44275] INFO  ipc.Server (Server.java:run(1074)) - Starting Socket Reader #1 for port 44275
2019-10-02 06:01:25,727 [main] INFO  ipc.CallQueueManager (CallQueueManager.java:<init>(84)) - Using callQueue: class java.util.concurrent.LinkedBlockingQueue, queueCapacity: 2000, scheduler: class org.apache.hadoop.ipc.DefaultRpcScheduler, ipcBackoff: false.
2019-10-02 06:01:25,727 [Socket Reader #1 for port 34054] INFO  ipc.Server (Server.java:run(1074)) - Starting Socket Reader #1 for port 34054
2019-10-02 06:01:25,731 [main] INFO  hdfs.DFSUtil (DFSUtil.java:httpServerTemplateForNNAndJN(1641)) - Starting Web-server for scm at: http://0.0.0.0:0
2019-10-02 06:01:25,732 [main] INFO  server.AuthenticationFilter (AuthenticationFilter.java:constructSecretProvider(240)) - Unable to initialize FileSignerSecretProvider, falling back to use random secrets.
2019-10-02 06:01:25,733 [main] WARN  http.HttpRequestLog (HttpRequestLog.java:getRequestLog(97)) - Jetty request log can only be enabled using Log4j
2019-10-02 06:01:25,734 [main] INFO  http.HttpServer2 (HttpServer2.java:addGlobalFilter(975)) - Added global filter 'safety' (class=org.apache.hadoop.http.HttpServer2$QuotingInputFilter)
2019-10-02 06:01:25,735 [main] INFO  http.HttpServer2 (HttpServer2.java:addFilter(948)) - Added filter static_user_filter (class=org.apache.hadoop.http.lib.StaticUserWebFilter$StaticUserFilter) to context scm
2019-10-02 06:01:25,735 [main] INFO  http.HttpServer2 (HttpServer2.java:addFilter(958)) - Added filter static_user_filter (class=org.apache.hadoop.http.lib.StaticUserWebFilter$StaticUserFilter) to context logs
2019-10-02 06:01:25,735 [main] INFO  http.HttpServer2 (HttpServer2.java:addFilter(958)) - Added filter static_user_filter (class=org.apache.hadoop.http.lib.StaticUserWebFilter$StaticUserFilter) to context static
2019-10-02 06:01:25,736 [main] INFO  server.StorageContainerManager (StorageContainerManager.java:start(770)) - StorageContainerLocationProtocol RPC server is listening at /0.0.0.0:34054
2019-10-02 06:01:25,738 [main] WARN  impl.MetricsConfig (MetricsConfig.java:loadFirst(134)) - Cannot locate configuration: tried hadoop-metrics2-storagecontainermanager.properties,hadoop-metrics2.properties
2019-10-02 06:01:25,739 [main] INFO  impl.MetricsSystemImpl (MetricsSystemImpl.java:startTimer(374)) - Scheduled Metric snapshot period at 10 second(s).
2019-10-02 06:01:25,739 [main] INFO  impl.MetricsSystemImpl (MetricsSystemImpl.java:start(191)) - StorageContainerManager metrics system started
2019-10-02 06:01:25,890 [main] INFO  lib.Interns (Interns.java:removeEldestEntry(50)) - Metrics intern cache overflow at 2011 for MetricsSystem={MetricsSystem=MetricsInfoImpl{name=MetricsSystem, description=MetricsSystem}, MetricsSystem record=MetricsInfoImpl{name=MetricsSystem, description=MetricsSystem record}}
2019-10-02 06:01:26,363 [grpc-default-executor-2] WARN  server.GrpcLogAppender (LogUtils.java:warn(134)) - 7c17948c-1cd0-4417-ab99-6c36b2a081be@group-2113BBD44459->dad25ee9-8ea5-4f1c-9f33-3809fe7bf507-AppendLogResponseHandler: Failed appendEntries: org.apache.ratis.thirdparty.io.grpc.StatusRuntimeException: UNAVAILABLE: io exception
2019-10-02 06:01:26,363 [grpc-default-executor-1] WARN  server.GrpcLogAppender (LogUtils.java:warn(134)) - 7c17948c-1cd0-4417-ab99-6c36b2a081be@group-2113BBD44459->02183d65-95ec-4dfc-9f0a-d3560127e420-AppendLogResponseHandler: Failed appendEntries: org.apache.ratis.thirdparty.io.grpc.StatusRuntimeException: UNAVAILABLE: io exception
2019-10-02 06:01:26,363 [grpc-default-executor-2] INFO  impl.FollowerInfo (FollowerInfo.java:lambda$new$0(51)) - 7c17948c-1cd0-4417-ab99-6c36b2a081be@group-2113BBD44459->dad25ee9-8ea5-4f1c-9f33-3809fe7bf507: nextIndex: updateUnconditionally 0 -> 0
2019-10-02 06:01:26,363 [grpc-default-executor-1] INFO  impl.FollowerInfo (FollowerInfo.java:lambda$new$0(51)) - 7c17948c-1cd0-4417-ab99-6c36b2a081be@group-2113BBD44459->02183d65-95ec-4dfc-9f0a-d3560127e420: nextIndex: updateUnconditionally 0 -> 0
2019-10-02 06:01:26,597 [main] WARN  impl.MetricsSystemImpl (MetricsSystemImpl.java:register(276)) - Sink prometheus already exists!
2019-10-02 06:01:27,657 [main] INFO  server.SCMClientProtocolServer (SCMClientProtocolServer.java:start(150)) - RPC server for Client  is listening at /0.0.0.0:34054
2019-10-02 06:01:27,658 [IPC Server Responder] INFO  ipc.Server (Server.java:run(1314)) - IPC Server Responder: starting
2019-10-02 06:01:27,662 [IPC Server listener on 34054] INFO  ipc.Server (Server.java:run(1153)) - IPC Server listener on 34054: starting
2019-10-02 06:01:27,680 [main] INFO  server.StorageContainerManager (StorageContainerManager.java:start(780)) - ScmBlockLocationProtocol RPC server is listening at /0.0.0.0:44275
2019-10-02 06:01:27,682 [main] INFO  server.SCMBlockProtocolServer (SCMBlockProtocolServer.java:start(146)) - RPC server for Block Protocol is listening at /0.0.0.0:44275
2019-10-02 06:01:27,682 [IPC Server Responder] INFO  ipc.Server (Server.java:run(1314)) - IPC Server Responder: starting
2019-10-02 06:01:27,682 [IPC Server listener on 44275] INFO  ipc.Server (Server.java:run(1153)) - IPC Server listener on 44275: starting
2019-10-02 06:01:27,691 [main] INFO  server.StorageContainerManager (StorageContainerManager.java:start(784)) - ScmDatanodeProtocl RPC server is listening at /0.0.0.0:46363
2019-10-02 06:01:27,691 [main] INFO  server.SCMDatanodeProtocolServer (SCMDatanodeProtocolServer.java:start(191)) - RPC server for DataNodes is listening at /0.0.0.0:46363
2019-10-02 06:01:27,691 [IPC Server Responder] INFO  ipc.Server (Server.java:run(1314)) - IPC Server Responder: starting
2019-10-02 06:01:27,691 [IPC Server listener on 46363] INFO  ipc.Server (Server.java:run(1153)) - IPC Server listener on 46363: starting
2019-10-02 06:01:27,699 [main] INFO  http.HttpServer2 (HttpServer2.java:bindListener(1191)) - Jetty bound to port 44100
2019-10-02 06:01:27,700 [main] INFO  server.Server (Server.java:doStart(351)) - jetty-9.3.25.v20180904, build timestamp: 2018-09-04T21:11:46Z, git hash: 3ce520221d0240229c862b122d2b06c12a625732
2019-10-02 06:01:27,702 [main] INFO  handler.ContextHandler (ContextHandler.java:doStart(781)) - Started o.e.j.s.ServletContextHandler@764a3e5d{/logs,file:///workdir/hadoop-ozone/integration-test/target/log,AVAILABLE}
2019-10-02 06:01:27,703 [main] INFO  handler.ContextHandler (ContextHandler.java:doStart(781)) - Started o.e.j.s.ServletContextHandler@5db3d57c{/static,file:///workdir/hadoop-ozone/integration-test/target/test-classes/webapps/static,AVAILABLE}
2019-10-02 06:01:27,715 [main] INFO  handler.ContextHandler (ContextHandler.java:doStart(781)) - Started o.e.j.w.WebAppContext@353e6389{/,file:///workdir/hadoop-ozone/integration-test/target/test-classes/webapps/scm/,AVAILABLE}{/scm}
2019-10-02 06:01:27,721 [main] INFO  server.AbstractConnector (AbstractConnector.java:doStart(278)) - Started ServerConnector@15e8f9b2{HTTP/1.1,[http/1.1]}{0.0.0.0:44100}
2019-10-02 06:01:27,721 [main] INFO  server.Server (Server.java:doStart(419)) - Started @223585ms
2019-10-02 06:01:27,721 [main] WARN  impl.MetricsSystemImpl (MetricsSystemImpl.java:register(276)) - Sink prometheus already exists!
2019-10-02 06:01:27,722 [main] INFO  server.BaseHttpServer (BaseHttpServer.java:updateConnectorAddress(215)) - HTTP server of SCM is listening at http://0.0.0.0:44100
2019-10-02 06:01:27,726 [org.apache.hadoop.util.JvmPauseMonitor$Monitor@7c950b3b] INFO  util.JvmPauseMonitor (JvmPauseMonitor.java:run(188)) - Starting JVM pause monitor
2019-10-02 06:01:27,726 [main] WARN  server.ServerUtils (ServerUtils.java:getDBPath(222)) - ozone.om.db.dirs is not configured. We recommend adding this setting. Falling back to ozone.metadata.dirs instead.
2019-10-02 06:01:27,731 [main] WARN  server.ServerUtils (ServerUtils.java:getDBPath(222)) - ozone.om.db.dirs is not configured. We recommend adding this setting. Falling back to ozone.metadata.dirs instead.
2019-10-02 06:01:27,732 [main] WARN  server.ServerUtils (ServerUtils.java:getDBPath(222)) - ozone.om.db.dirs is not configured. We recommend adding this setting. Falling back to ozone.metadata.dirs instead.
2019-10-02 06:01:27,732 [main] INFO  om.OzoneManager (OzoneManager.java:setOMNodeDetails(652)) - OM Service ID is not set. Setting it to the default ID: omServiceIdDefault
2019-10-02 06:01:27,732 [main] INFO  om.OzoneManager (OzoneManager.java:setOMNodeDetails(658)) - OM Node ID is not set. Setting it to the OmStorage's OmID: 45c42755-d2da-49ae-8d02-3d77de2da675
2019-10-02 06:01:27,733 [main] INFO  om.OzoneManager (OzoneManager.java:loadOMHAConfigs(609)) - Found matching OM address with OMServiceId: null, OMNodeId: null, RPC Address: localhost:0 and Ratis port: 9872
2019-10-02 06:01:27,752 [main] WARN  server.ServerUtils (ServerUtils.java:getDBPath(222)) - ozone.om.db.dirs is not configured. We recommend adding this setting. Falling back to ozone.metadata.dirs instead.
2019-10-02 06:01:27,753 [main] INFO  db.DBStoreBuilder (DBStoreBuilder.java:addTable(110)) - using custom profile for table: userTable
2019-10-02 06:01:27,753 [main] INFO  db.DBStoreBuilder (DBStoreBuilder.java:processTables(161)) - Using default column profile:DBProfile.DISK for Table:userTable
2019-10-02 06:01:27,753 [main] INFO  db.DBStoreBuilder (DBStoreBuilder.java:addTable(110)) - using custom profile for table: volumeTable
2019-10-02 06:01:27,753 [main] INFO  db.DBStoreBuilder (DBStoreBuilder.java:processTables(161)) - Using default column profile:DBProfile.DISK for Table:volumeTable
2019-10-02 06:01:27,753 [main] INFO  db.DBStoreBuilder (DBStoreBuilder.java:addTable(110)) - using custom profile for table: bucketTable
2019-10-02 06:01:27,753 [main] INFO  db.DBStoreBuilder (DBStoreBuilder.java:processTables(161)) - Using default column profile:DBProfile.DISK for Table:bucketTable
2019-10-02 06:01:27,754 [main] INFO  db.DBStoreBuilder (DBStoreBuilder.java:addTable(110)) - using custom profile for table: keyTable
2019-10-02 06:01:27,754 [main] INFO  db.DBStoreBuilder (DBStoreBuilder.java:processTables(161)) - Using default column profile:DBProfile.DISK for Table:keyTable
2019-10-02 06:01:27,754 [main] INFO  db.DBStoreBuilder (DBStoreBuilder.java:addTable(110)) - using custom profile for table: deletedTable
2019-10-02 06:01:27,754 [main] INFO  db.DBStoreBuilder (DBStoreBuilder.java:processTables(161)) - Using default column profile:DBProfile.DISK for Table:deletedTable
2019-10-02 06:01:27,754 [main] INFO  db.DBStoreBuilder (DBStoreBuilder.java:addTable(110)) - using custom profile for table: openKeyTable
2019-10-02 06:01:27,755 [main] INFO  db.DBStoreBuilder (DBStoreBuilder.java:processTables(161)) - Using default column profile:DBProfile.DISK for Table:openKeyTable
2019-10-02 06:01:27,755 [main] INFO  db.DBStoreBuilder (DBStoreBuilder.java:addTable(110)) - using custom profile for table: s3Table
2019-10-02 06:01:27,755 [main] INFO  db.DBStoreBuilder (DBStoreBuilder.java:processTables(161)) - Using default column profile:DBProfile.DISK for Table:s3Table
2019-10-02 06:01:27,755 [main] INFO  db.DBStoreBuilder (DBStoreBuilder.java:addTable(110)) - using custom profile for table: multipartInfoTable
2019-10-02 06:01:27,755 [main] INFO  db.DBStoreBuilder (DBStoreBuilder.java:processTables(161)) - Using default column profile:DBProfile.DISK for Table:multipartInfoTable
2019-10-02 06:01:27,755 [main] INFO  db.DBStoreBuilder (DBStoreBuilder.java:addTable(110)) - using custom profile for table: dTokenTable
2019-10-02 06:01:27,756 [main] INFO  db.DBStoreBuilder (DBStoreBuilder.java:processTables(161)) - Using default column profile:DBProfile.DISK for Table:dTokenTable
2019-10-02 06:01:27,756 [main] INFO  db.DBStoreBuilder (DBStoreBuilder.java:addTable(110)) - using custom profile for table: s3SecretTable
2019-10-02 06:01:27,756 [main] INFO  db.DBStoreBuilder (DBStoreBuilder.java:processTables(161)) - Using default column profile:DBProfile.DISK for Table:s3SecretTable
2019-10-02 06:01:27,756 [main] INFO  db.DBStoreBuilder (DBStoreBuilder.java:addTable(110)) - using custom profile for table: prefixTable
2019-10-02 06:01:27,756 [main] INFO  db.DBStoreBuilder (DBStoreBuilder.java:processTables(161)) - Using default column profile:DBProfile.DISK for Table:prefixTable
2019-10-02 06:01:27,756 [main] INFO  db.DBStoreBuilder (DBStoreBuilder.java:addTable(110)) - using custom profile for table: default
2019-10-02 06:01:27,756 [main] INFO  db.DBStoreBuilder (DBStoreBuilder.java:processTables(167)) - Using default column profile:DBProfile.DISK for Table:default
2019-10-02 06:01:27,757 [main] INFO  db.DBStoreBuilder (DBStoreBuilder.java:getDbProfile(198)) - Using default options. DBProfile.DISK
2019-10-02 06:01:28,237 [main] INFO  ipc.CallQueueManager (CallQueueManager.java:<init>(84)) - Using callQueue: class java.util.concurrent.LinkedBlockingQueue, queueCapacity: 2000, scheduler: class org.apache.hadoop.ipc.DefaultRpcScheduler, ipcBackoff: false.
2019-10-02 06:01:28,238 [Socket Reader #1 for port 38689] INFO  ipc.Server (Server.java:run(1074)) - Starting Socket Reader #1 for port 38689
2019-10-02 06:01:28,251 [main] INFO  om.OzoneManager (OzoneManager.java:start(1243)) - OzoneManager RPC server is listening at localhost/127.0.0.1:38689
2019-10-02 06:01:28,251 [main] INFO  impl.MetricsSystemImpl (MetricsSystemImpl.java:init(158)) - OzoneManager metrics system started (again)
2019-10-02 06:01:28,252 [IPC Server Responder] INFO  ipc.Server (Server.java:run(1314)) - IPC Server Responder: starting
2019-10-02 06:01:28,252 [IPC Server listener on 38689] INFO  ipc.Server (Server.java:run(1153)) - IPC Server listener on 38689: starting
2019-10-02 06:01:28,262 [main] INFO  hdfs.DFSUtil (DFSUtil.java:httpServerTemplateForNNAndJN(1641)) - Starting Web-server for ozoneManager at: http://0.0.0.0:0
2019-10-02 06:01:28,263 [main] INFO  server.AuthenticationFilter (AuthenticationFilter.java:constructSecretProvider(240)) - Unable to initialize FileSignerSecretProvider, falling back to use random secrets.
2019-10-02 06:01:28,263 [main] WARN  http.HttpRequestLog (HttpRequestLog.java:getRequestLog(97)) - Jetty request log can only be enabled using Log4j
2019-10-02 06:01:28,265 [main] INFO  http.HttpServer2 (HttpServer2.java:addGlobalFilter(975)) - Added global filter 'safety' (class=org.apache.hadoop.http.HttpServer2$QuotingInputFilter)
2019-10-02 06:01:28,265 [main] INFO  http.HttpServer2 (HttpServer2.java:addFilter(948)) - Added filter static_user_filter (class=org.apache.hadoop.http.lib.StaticUserWebFilter$StaticUserFilter) to context ozoneManager
2019-10-02 06:01:28,266 [main] INFO  http.HttpServer2 (HttpServer2.java:addFilter(958)) - Added filter static_user_filter (class=org.apache.hadoop.http.lib.StaticUserWebFilter$StaticUserFilter) to context logs
2019-10-02 06:01:28,266 [main] INFO  http.HttpServer2 (HttpServer2.java:addFilter(958)) - Added filter static_user_filter (class=org.apache.hadoop.http.lib.StaticUserWebFilter$StaticUserFilter) to context static
2019-10-02 06:01:28,266 [main] INFO  http.HttpServer2 (HttpServer2.java:bindListener(1191)) - Jetty bound to port 42729
2019-10-02 06:01:28,267 [main] INFO  server.Server (Server.java:doStart(351)) - jetty-9.3.25.v20180904, build timestamp: 2018-09-04T21:11:46Z, git hash: 3ce520221d0240229c862b122d2b06c12a625732
2019-10-02 06:01:28,268 [main] INFO  handler.ContextHandler (ContextHandler.java:doStart(781)) - Started o.e.j.s.ServletContextHandler@59c43561{/logs,file:///workdir/hadoop-ozone/integration-test/target/log,AVAILABLE}
2019-10-02 06:01:28,268 [main] INFO  handler.ContextHandler (ContextHandler.java:doStart(781)) - Started o.e.j.s.ServletContextHandler@585513a8{/static,file:///workdir/hadoop-ozone/integration-test/target/test-classes/webapps/static,AVAILABLE}
2019-10-02 06:01:28,271 [main] INFO  handler.ContextHandler (ContextHandler.java:doStart(781)) - Started o.e.j.w.WebAppContext@2a8dd942{/,file:///workdir/hadoop-ozone/integration-test/target/test-classes/webapps/ozoneManager/,AVAILABLE}{/ozoneManager}
2019-10-02 06:01:28,272 [main] INFO  server.AbstractConnector (AbstractConnector.java:doStart(278)) - Started ServerConnector@2322e56f{HTTP/1.1,[http/1.1]}{0.0.0.0:42729}
2019-10-02 06:01:28,275 [main] INFO  server.Server (Server.java:doStart(419)) - Started @224139ms
2019-10-02 06:01:28,275 [main] WARN  impl.MetricsSystemImpl (MetricsSystemImpl.java:register(276)) - Sink prometheus already exists!
2019-10-02 06:01:28,275 [main] INFO  server.BaseHttpServer (BaseHttpServer.java:updateConnectorAddress(215)) - HTTP server of OZONEMANAGER is listening at http://0.0.0.0:42729
2019-10-02 06:01:28,301 [main] INFO  impl.MetricsSystemImpl (MetricsSystemImpl.java:init(158)) - HddsDatanode metrics system started (again)
2019-10-02 06:01:28,357 [main] INFO  ozone.HddsDatanodeService (HddsDatanodeService.java:start(184)) - HddsDatanodeService host:trunk-nightly-20191002-p7fms-2058464235 ip:192.168.164.241
2019-10-02 06:01:28,369 [main] INFO  volume.HddsVolume (HddsVolume.java:<init>(176)) - Creating Volume: /workdir/hadoop-ozone/integration-test/target/test-dir/MiniOzoneClusterImpl-d19c4ee3-b928-4c33-bb8a-b56070bebaf7/datanode-0/data/containers/hdds of  storage type : DISK and capacity : 1482555576320
2019-10-02 06:01:28,369 [main] INFO  volume.VolumeSet (VolumeSet.java:initializeVolumeSet(170)) - Added Volume : /workdir/hadoop-ozone/integration-test/target/test-dir/MiniOzoneClusterImpl-d19c4ee3-b928-4c33-bb8a-b56070bebaf7/datanode-0/data/containers/hdds to VolumeSet
2019-10-02 06:01:28,369 [main] INFO  volume.ThrottledAsyncChecker (ThrottledAsyncChecker.java:schedule(139)) - Scheduling a check for org.apache.hadoop.ozone.container.common.volume.HddsVolume@42c0a16e
2019-10-02 06:01:28,373 [main] INFO  volume.HddsVolumeChecker (HddsVolumeChecker.java:checkAllVolumes(202)) - Scheduled health check for volume org.apache.hadoop.ozone.container.common.volume.HddsVolume@42c0a16e
2019-10-02 06:01:28,385 [main] INFO  impl.RaftServerProxy (ConfUtils.java:logGet(43)) - raft.rpc.type = GRPC (default)
2019-10-02 06:01:28,385 [main] INFO  grpc.GrpcFactory (GrpcFactory.java:checkPooledByteBufAllocatorUseCacheForAllThreads(45)) - PERFORMANCE WARNING: useCacheForAllThreads is true that may cause Netty to create a lot garbage objects and, as a result, trigger GC.
	It is recommended to disable useCacheForAllThreads by setting -Dorg.apache.ratis.thirdparty.io.netty.allocator.useCacheForAllThreads=false in command line.
2019-10-02 06:01:28,385 [main] INFO  grpc.GrpcConfigKeys$Server (ConfUtils.java:logGet(43)) - raft.grpc.server.port = 0 (default)
2019-10-02 06:01:28,385 [main] INFO  server.GrpcService (ConfUtils.java:logGet(43)) - raft.grpc.message.size.max = 33570816 (custom)
2019-10-02 06:01:28,386 [main] INFO  server.RaftServerConfigKeys (ConfUtils.java:logGet(43)) - raft.server.log.appender.buffer.byte-limit = 33554432 (custom)
2019-10-02 06:01:28,386 [main] INFO  server.GrpcService (ConfUtils.java:logGet(43)) - raft.grpc.flow.control.window = 1MB (=1048576) (default)
2019-10-02 06:01:28,386 [main] INFO  server.RaftServerConfigKeys (ConfUtils.java:logGet(43)) - raft.server.rpc.request.timeout = 3000ms (default)
2019-10-02 06:01:28,386 [main] INFO  server.RaftServerConfigKeys (ConfUtils.java:logGet(43)) - raft.server.storage.dir = [/workdir/hadoop-ozone/integration-test/target/test-dir/MiniOzoneClusterImpl-d19c4ee3-b928-4c33-bb8a-b56070bebaf7/datanode-0/data/ratis] (custom)
2019-10-02 06:01:28,388 [main] INFO  hdfs.DFSUtil (DFSUtil.java:httpServerTemplateForNNAndJN(1641)) - Starting Web-server for hddsDatanode at: http://0.0.0.0:0
2019-10-02 06:01:28,389 [main] INFO  server.AuthenticationFilter (AuthenticationFilter.java:constructSecretProvider(240)) - Unable to initialize FileSignerSecretProvider, falling back to use random secrets.
2019-10-02 06:01:28,389 [main] WARN  http.HttpRequestLog (HttpRequestLog.java:getRequestLog(97)) - Jetty request log can only be enabled using Log4j
2019-10-02 06:01:28,390 [main] INFO  http.HttpServer2 (HttpServer2.java:addGlobalFilter(975)) - Added global filter 'safety' (class=org.apache.hadoop.http.HttpServer2$QuotingInputFilter)
2019-10-02 06:01:28,391 [main] INFO  http.HttpServer2 (HttpServer2.java:addFilter(948)) - Added filter static_user_filter (class=org.apache.hadoop.http.lib.StaticUserWebFilter$StaticUserFilter) to context hddsDatanode
2019-10-02 06:01:28,391 [main] INFO  http.HttpServer2 (HttpServer2.java:addFilter(958)) - Added filter static_user_filter (class=org.apache.hadoop.http.lib.StaticUserWebFilter$StaticUserFilter) to context static
2019-10-02 06:01:28,391 [main] INFO  http.HttpServer2 (HttpServer2.java:addFilter(958)) - Added filter static_user_filter (class=org.apache.hadoop.http.lib.StaticUserWebFilter$StaticUserFilter) to context logs
2019-10-02 06:01:28,391 [main] INFO  http.HttpServer2 (HttpServer2.java:bindListener(1191)) - Jetty bound to port 33600
2019-10-02 06:01:28,392 [main] INFO  server.Server (Server.java:doStart(351)) - jetty-9.3.25.v20180904, build timestamp: 2018-09-04T21:11:46Z, git hash: 3ce520221d0240229c862b122d2b06c12a625732
2019-10-02 06:01:28,393 [main] INFO  handler.ContextHandler (ContextHandler.java:doStart(781)) - Started o.e.j.s.ServletContextHandler@6d0e45a5{/logs,file:///workdir/hadoop-ozone/integration-test/target/log,AVAILABLE}
2019-10-02 06:01:28,394 [main] INFO  handler.ContextHandler (ContextHandler.java:doStart(781)) - Started o.e.j.s.ServletContextHandler@7aa01bd9{/static,jar:file:/home/user/.m2/repository/org/apache/hadoop/hadoop-hdds-container-service/0.5.0-SNAPSHOT/hadoop-hdds-container-service-0.5.0-SNAPSHOT.jar!/webapps/static,AVAILABLE}
2019-10-02 06:01:28,427 [main] INFO  handler.ContextHandler (ContextHandler.java:doStart(781)) - Started o.e.j.w.WebAppContext@26f0141{/,file:///tmp/jetty-0.0.0.0-33600-hddsDatanode-_-any-5399063955850405936.dir/webapp/,AVAILABLE}{/hddsDatanode}
2019-10-02 06:01:28,427 [main] INFO  server.AbstractConnector (AbstractConnector.java:doStart(278)) - Started ServerConnector@34136bd1{HTTP/1.1,[http/1.1]}{0.0.0.0:33600}
2019-10-02 06:01:28,432 [main] INFO  server.Server (Server.java:doStart(419)) - Started @224296ms
2019-10-02 06:01:28,433 [main] WARN  impl.MetricsSystemImpl (MetricsSystemImpl.java:register(276)) - Sink prometheus already exists!
2019-10-02 06:01:28,433 [main] INFO  server.BaseHttpServer (BaseHttpServer.java:updateConnectorAddress(215)) - HTTP server of HDDSDATANODE is listening at http://0.0.0.0:33600
2019-10-02 06:01:28,434 [main] INFO  impl.MetricsSystemImpl (MetricsSystemImpl.java:init(158)) - HddsDatanode metrics system started (again)
2019-10-02 06:01:28,487 [org.apache.hadoop.util.JvmPauseMonitor$Monitor@5e4b8da8] INFO  util.JvmPauseMonitor (JvmPauseMonitor.java:run(188)) - Starting JVM pause monitor
2019-10-02 06:01:28,489 [Datanode State Machine Thread - 0] INFO  datanode.InitDatanodeState (InitDatanodeState.java:persistContainerDatanodeDetails(140)) - DatanodeDetails is persisted to /workdir/hadoop-ozone/integration-test/target/test-dir/MiniOzoneClusterImpl-d19c4ee3-b928-4c33-bb8a-b56070bebaf7/datanode-0/meta/datanode.id
2019-10-02 06:01:28,490 [main] INFO  ozone.HddsDatanodeService (HddsDatanodeService.java:start(184)) - HddsDatanodeService host:trunk-nightly-20191002-p7fms-2058464235 ip:192.168.164.241
2019-10-02 06:01:28,504 [main] INFO  volume.HddsVolume (HddsVolume.java:<init>(176)) - Creating Volume: /workdir/hadoop-ozone/integration-test/target/test-dir/MiniOzoneClusterImpl-d19c4ee3-b928-4c33-bb8a-b56070bebaf7/datanode-1/data/containers/hdds of  storage type : DISK and capacity : 1482555576320
2019-10-02 06:01:28,504 [main] INFO  volume.VolumeSet (VolumeSet.java:initializeVolumeSet(170)) - Added Volume : /workdir/hadoop-ozone/integration-test/target/test-dir/MiniOzoneClusterImpl-d19c4ee3-b928-4c33-bb8a-b56070bebaf7/datanode-1/data/containers/hdds to VolumeSet
2019-10-02 06:01:28,504 [main] INFO  volume.ThrottledAsyncChecker (ThrottledAsyncChecker.java:schedule(139)) - Scheduling a check for org.apache.hadoop.ozone.container.common.volume.HddsVolume@7558633
2019-10-02 06:01:28,505 [main] INFO  volume.HddsVolumeChecker (HddsVolumeChecker.java:checkAllVolumes(202)) - Scheduled health check for volume org.apache.hadoop.ozone.container.common.volume.HddsVolume@7558633
2019-10-02 06:01:28,519 [main] INFO  impl.RaftServerProxy (ConfUtils.java:logGet(43)) - raft.rpc.type = GRPC (default)
2019-10-02 06:01:28,519 [main] INFO  grpc.GrpcFactory (GrpcFactory.java:checkPooledByteBufAllocatorUseCacheForAllThreads(45)) - PERFORMANCE WARNING: useCacheForAllThreads is true that may cause Netty to create a lot garbage objects and, as a result, trigger GC.
	It is recommended to disable useCacheForAllThreads by setting -Dorg.apache.ratis.thirdparty.io.netty.allocator.useCacheForAllThreads=false in command line.
2019-10-02 06:01:28,519 [main] INFO  grpc.GrpcConfigKeys$Server (ConfUtils.java:logGet(43)) - raft.grpc.server.port = 0 (default)
2019-10-02 06:01:28,520 [main] INFO  server.GrpcService (ConfUtils.java:logGet(43)) - raft.grpc.message.size.max = 33570816 (custom)
2019-10-02 06:01:28,520 [main] INFO  server.RaftServerConfigKeys (ConfUtils.java:logGet(43)) - raft.server.log.appender.buffer.byte-limit = 33554432 (custom)
2019-10-02 06:01:28,520 [main] INFO  server.GrpcService (ConfUtils.java:logGet(43)) - raft.grpc.flow.control.window = 1MB (=1048576) (default)
2019-10-02 06:01:28,520 [main] INFO  server.RaftServerConfigKeys (ConfUtils.java:logGet(43)) - raft.server.rpc.request.timeout = 3000ms (default)
2019-10-02 06:01:28,520 [main] INFO  server.RaftServerConfigKeys (ConfUtils.java:logGet(43)) - raft.server.storage.dir = [/workdir/hadoop-ozone/integration-test/target/test-dir/MiniOzoneClusterImpl-d19c4ee3-b928-4c33-bb8a-b56070bebaf7/datanode-1/data/ratis] (custom)
2019-10-02 06:01:28,521 [main] INFO  hdfs.DFSUtil (DFSUtil.java:httpServerTemplateForNNAndJN(1641)) - Starting Web-server for hddsDatanode at: http://0.0.0.0:0
2019-10-02 06:01:28,522 [main] INFO  server.AuthenticationFilter (AuthenticationFilter.java:constructSecretProvider(240)) - Unable to initialize FileSignerSecretProvider, falling back to use random secrets.
2019-10-02 06:01:28,523 [main] WARN  http.HttpRequestLog (HttpRequestLog.java:getRequestLog(97)) - Jetty request log can only be enabled using Log4j
2019-10-02 06:01:28,524 [main] INFO  http.HttpServer2 (HttpServer2.java:addGlobalFilter(975)) - Added global filter 'safety' (class=org.apache.hadoop.http.HttpServer2$QuotingInputFilter)
2019-10-02 06:01:28,524 [main] INFO  http.HttpServer2 (HttpServer2.java:addFilter(948)) - Added filter static_user_filter (class=org.apache.hadoop.http.lib.StaticUserWebFilter$StaticUserFilter) to context hddsDatanode
2019-10-02 06:01:28,524 [main] INFO  http.HttpServer2 (HttpServer2.java:addFilter(958)) - Added filter static_user_filter (class=org.apache.hadoop.http.lib.StaticUserWebFilter$StaticUserFilter) to context logs
2019-10-02 06:01:28,524 [main] INFO  http.HttpServer2 (HttpServer2.java:addFilter(958)) - Added filter static_user_filter (class=org.apache.hadoop.http.lib.StaticUserWebFilter$StaticUserFilter) to context static
2019-10-02 06:01:28,525 [main] INFO  http.HttpServer2 (HttpServer2.java:bindListener(1191)) - Jetty bound to port 37125
2019-10-02 06:01:28,525 [main] INFO  server.Server (Server.java:doStart(351)) - jetty-9.3.25.v20180904, build timestamp: 2018-09-04T21:11:46Z, git hash: 3ce520221d0240229c862b122d2b06c12a625732
2019-10-02 06:01:28,526 [main] INFO  handler.ContextHandler (ContextHandler.java:doStart(781)) - Started o.e.j.s.ServletContextHandler@216372b7{/logs,file:///workdir/hadoop-ozone/integration-test/target/log,AVAILABLE}
2019-10-02 06:01:28,527 [main] INFO  handler.ContextHandler (ContextHandler.java:doStart(781)) - Started o.e.j.s.ServletContextHandler@12abcd1e{/static,jar:file:/home/user/.m2/repository/org/apache/hadoop/hadoop-hdds-container-service/0.5.0-SNAPSHOT/hadoop-hdds-container-service-0.5.0-SNAPSHOT.jar!/webapps/static,AVAILABLE}
2019-10-02 06:01:28,564 [main] INFO  handler.ContextHandler (ContextHandler.java:doStart(781)) - Started o.e.j.w.WebAppContext@4ffced4e{/,file:///tmp/jetty-0.0.0.0-37125-hddsDatanode-_-any-7336421608713043402.dir/webapp/,AVAILABLE}{/hddsDatanode}
2019-10-02 06:01:28,564 [main] INFO  server.AbstractConnector (AbstractConnector.java:doStart(278)) - Started ServerConnector@6094de13{HTTP/1.1,[http/1.1]}{0.0.0.0:37125}
2019-10-02 06:01:28,569 [main] INFO  server.Server (Server.java:doStart(419)) - Started @224433ms
2019-10-02 06:01:28,569 [main] WARN  impl.MetricsSystemImpl (MetricsSystemImpl.java:register(276)) - Sink prometheus already exists!
2019-10-02 06:01:28,570 [main] INFO  server.BaseHttpServer (BaseHttpServer.java:updateConnectorAddress(215)) - HTTP server of HDDSDATANODE is listening at http://0.0.0.0:37125
2019-10-02 06:01:28,571 [main] INFO  impl.MetricsSystemImpl (MetricsSystemImpl.java:init(158)) - HddsDatanode metrics system started (again)
2019-10-02 06:01:28,571 [org.apache.hadoop.util.JvmPauseMonitor$Monitor@5a5ea634] INFO  util.JvmPauseMonitor (JvmPauseMonitor.java:run(188)) - Starting JVM pause monitor
2019-10-02 06:01:28,628 [Datanode State Machine Thread - 0] INFO  datanode.InitDatanodeState (InitDatanodeState.java:persistContainerDatanodeDetails(140)) - DatanodeDetails is persisted to /workdir/hadoop-ozone/integration-test/target/test-dir/MiniOzoneClusterImpl-d19c4ee3-b928-4c33-bb8a-b56070bebaf7/datanode-1/meta/datanode.id
2019-10-02 06:01:28,630 [main] INFO  ozone.HddsDatanodeService (HddsDatanodeService.java:start(184)) - HddsDatanodeService host:trunk-nightly-20191002-p7fms-2058464235 ip:192.168.164.241
2019-10-02 06:01:28,641 [main] INFO  volume.HddsVolume (HddsVolume.java:<init>(176)) - Creating Volume: /workdir/hadoop-ozone/integration-test/target/test-dir/MiniOzoneClusterImpl-d19c4ee3-b928-4c33-bb8a-b56070bebaf7/datanode-2/data/containers/hdds of  storage type : DISK and capacity : 1482555576320
2019-10-02 06:01:28,642 [main] INFO  volume.VolumeSet (VolumeSet.java:initializeVolumeSet(170)) - Added Volume : /workdir/hadoop-ozone/integration-test/target/test-dir/MiniOzoneClusterImpl-d19c4ee3-b928-4c33-bb8a-b56070bebaf7/datanode-2/data/containers/hdds to VolumeSet
2019-10-02 06:01:28,642 [main] INFO  volume.ThrottledAsyncChecker (ThrottledAsyncChecker.java:schedule(139)) - Scheduling a check for org.apache.hadoop.ozone.container.common.volume.HddsVolume@45554613
2019-10-02 06:01:28,642 [main] INFO  volume.HddsVolumeChecker (HddsVolumeChecker.java:checkAllVolumes(202)) - Scheduled health check for volume org.apache.hadoop.ozone.container.common.volume.HddsVolume@45554613
2019-10-02 06:01:28,666 [main] INFO  impl.RaftServerProxy (ConfUtils.java:logGet(43)) - raft.rpc.type = GRPC (default)
2019-10-02 06:01:28,666 [main] INFO  grpc.GrpcFactory (GrpcFactory.java:checkPooledByteBufAllocatorUseCacheForAllThreads(45)) - PERFORMANCE WARNING: useCacheForAllThreads is true that may cause Netty to create a lot garbage objects and, as a result, trigger GC.
	It is recommended to disable useCacheForAllThreads by setting -Dorg.apache.ratis.thirdparty.io.netty.allocator.useCacheForAllThreads=false in command line.
2019-10-02 06:01:28,666 [main] INFO  grpc.GrpcConfigKeys$Server (ConfUtils.java:logGet(43)) - raft.grpc.server.port = 0 (default)
2019-10-02 06:01:28,666 [main] INFO  server.GrpcService (ConfUtils.java:logGet(43)) - raft.grpc.message.size.max = 33570816 (custom)
2019-10-02 06:01:28,667 [main] INFO  server.RaftServerConfigKeys (ConfUtils.java:logGet(43)) - raft.server.log.appender.buffer.byte-limit = 33554432 (custom)
2019-10-02 06:01:28,667 [main] INFO  server.GrpcService (ConfUtils.java:logGet(43)) - raft.grpc.flow.control.window = 1MB (=1048576) (default)
2019-10-02 06:01:28,667 [main] INFO  server.RaftServerConfigKeys (ConfUtils.java:logGet(43)) - raft.server.rpc.request.timeout = 3000ms (default)
2019-10-02 06:01:28,667 [main] INFO  server.RaftServerConfigKeys (ConfUtils.java:logGet(43)) - raft.server.storage.dir = [/workdir/hadoop-ozone/integration-test/target/test-dir/MiniOzoneClusterImpl-d19c4ee3-b928-4c33-bb8a-b56070bebaf7/datanode-2/data/ratis] (custom)
2019-10-02 06:01:28,668 [main] INFO  hdfs.DFSUtil (DFSUtil.java:httpServerTemplateForNNAndJN(1641)) - Starting Web-server for hddsDatanode at: http://0.0.0.0:0
2019-10-02 06:01:28,670 [main] INFO  server.AuthenticationFilter (AuthenticationFilter.java:constructSecretProvider(240)) - Unable to initialize FileSignerSecretProvider, falling back to use random secrets.
2019-10-02 06:01:28,670 [main] WARN  http.HttpRequestLog (HttpRequestLog.java:getRequestLog(97)) - Jetty request log can only be enabled using Log4j
2019-10-02 06:01:28,672 [main] INFO  http.HttpServer2 (HttpServer2.java:addGlobalFilter(975)) - Added global filter 'safety' (class=org.apache.hadoop.http.HttpServer2$QuotingInputFilter)
2019-10-02 06:01:28,672 [main] INFO  http.HttpServer2 (HttpServer2.java:addFilter(948)) - Added filter static_user_filter (class=org.apache.hadoop.http.lib.StaticUserWebFilter$StaticUserFilter) to context hddsDatanode
2019-10-02 06:01:28,672 [main] INFO  http.HttpServer2 (HttpServer2.java:addFilter(958)) - Added filter static_user_filter (class=org.apache.hadoop.http.lib.StaticUserWebFilter$StaticUserFilter) to context static
2019-10-02 06:01:28,673 [main] INFO  http.HttpServer2 (HttpServer2.java:addFilter(958)) - Added filter static_user_filter (class=org.apache.hadoop.http.lib.StaticUserWebFilter$StaticUserFilter) to context logs
2019-10-02 06:01:28,673 [main] INFO  http.HttpServer2 (HttpServer2.java:bindListener(1191)) - Jetty bound to port 42969
2019-10-02 06:01:28,673 [main] INFO  server.Server (Server.java:doStart(351)) - jetty-9.3.25.v20180904, build timestamp: 2018-09-04T21:11:46Z, git hash: 3ce520221d0240229c862b122d2b06c12a625732
2019-10-02 06:01:28,675 [main] INFO  handler.ContextHandler (ContextHandler.java:doStart(781)) - Started o.e.j.s.ServletContextHandler@62a6674f{/logs,file:///workdir/hadoop-ozone/integration-test/target/log,AVAILABLE}
2019-10-02 06:01:28,675 [main] INFO  handler.ContextHandler (ContextHandler.java:doStart(781)) - Started o.e.j.s.ServletContextHandler@703fa45{/static,jar:file:/home/user/.m2/repository/org/apache/hadoop/hadoop-hdds-container-service/0.5.0-SNAPSHOT/hadoop-hdds-container-service-0.5.0-SNAPSHOT.jar!/webapps/static,AVAILABLE}
2019-10-02 06:01:28,710 [main] INFO  handler.ContextHandler (ContextHandler.java:doStart(781)) - Started o.e.j.w.WebAppContext@723e2d08{/,file:///tmp/jetty-0.0.0.0-42969-hddsDatanode-_-any-4123308760004608375.dir/webapp/,AVAILABLE}{/hddsDatanode}
2019-10-02 06:01:28,711 [main] INFO  server.AbstractConnector (AbstractConnector.java:doStart(278)) - Started ServerConnector@6d4a82{HTTP/1.1,[http/1.1]}{0.0.0.0:42969}
2019-10-02 06:01:28,715 [main] INFO  server.Server (Server.java:doStart(419)) - Started @224579ms
2019-10-02 06:01:28,716 [main] WARN  impl.MetricsSystemImpl (MetricsSystemImpl.java:register(276)) - Sink prometheus already exists!
2019-10-02 06:01:28,716 [main] INFO  server.BaseHttpServer (BaseHttpServer.java:updateConnectorAddress(215)) - HTTP server of HDDSDATANODE is listening at http://0.0.0.0:42969
2019-10-02 06:01:28,717 [main] INFO  impl.MetricsSystemImpl (MetricsSystemImpl.java:init(158)) - HddsDatanode metrics system started (again)
2019-10-02 06:01:28,775 [org.apache.hadoop.util.JvmPauseMonitor$Monitor@488217f1] INFO  util.JvmPauseMonitor (JvmPauseMonitor.java:run(188)) - Starting JVM pause monitor
2019-10-02 06:01:28,777 [Datanode State Machine Thread - 0] INFO  datanode.InitDatanodeState (InitDatanodeState.java:persistContainerDatanodeDetails(140)) - DatanodeDetails is persisted to /workdir/hadoop-ozone/integration-test/target/test-dir/MiniOzoneClusterImpl-d19c4ee3-b928-4c33-bb8a-b56070bebaf7/datanode-2/meta/datanode.id
2019-10-02 06:01:28,778 [main] INFO  ozone.HddsDatanodeService (HddsDatanodeService.java:start(184)) - HddsDatanodeService host:trunk-nightly-20191002-p7fms-2058464235 ip:192.168.164.241
2019-10-02 06:01:28,791 [main] INFO  volume.HddsVolume (HddsVolume.java:<init>(176)) - Creating Volume: /workdir/hadoop-ozone/integration-test/target/test-dir/MiniOzoneClusterImpl-d19c4ee3-b928-4c33-bb8a-b56070bebaf7/datanode-3/data/containers/hdds of  storage type : DISK and capacity : 1482555576320
2019-10-02 06:01:28,791 [main] INFO  volume.VolumeSet (VolumeSet.java:initializeVolumeSet(170)) - Added Volume : /workdir/hadoop-ozone/integration-test/target/test-dir/MiniOzoneClusterImpl-d19c4ee3-b928-4c33-bb8a-b56070bebaf7/datanode-3/data/containers/hdds to VolumeSet
2019-10-02 06:01:28,791 [main] INFO  volume.ThrottledAsyncChecker (ThrottledAsyncChecker.java:schedule(139)) - Scheduling a check for org.apache.hadoop.ozone.container.common.volume.HddsVolume@787988f4
2019-10-02 06:01:28,792 [main] INFO  volume.HddsVolumeChecker (HddsVolumeChecker.java:checkAllVolumes(202)) - Scheduled health check for volume org.apache.hadoop.ozone.container.common.volume.HddsVolume@787988f4
2019-10-02 06:01:28,810 [main] INFO  impl.RaftServerProxy (ConfUtils.java:logGet(43)) - raft.rpc.type = GRPC (default)
2019-10-02 06:01:28,810 [main] INFO  grpc.GrpcFactory (GrpcFactory.java:checkPooledByteBufAllocatorUseCacheForAllThreads(45)) - PERFORMANCE WARNING: useCacheForAllThreads is true that may cause Netty to create a lot garbage objects and, as a result, trigger GC.
	It is recommended to disable useCacheForAllThreads by setting -Dorg.apache.ratis.thirdparty.io.netty.allocator.useCacheForAllThreads=false in command line.
2019-10-02 06:01:28,811 [main] INFO  grpc.GrpcConfigKeys$Server (ConfUtils.java:logGet(43)) - raft.grpc.server.port = 0 (default)
2019-10-02 06:01:28,811 [main] INFO  server.GrpcService (ConfUtils.java:logGet(43)) - raft.grpc.message.size.max = 33570816 (custom)
2019-10-02 06:01:28,811 [main] INFO  server.RaftServerConfigKeys (ConfUtils.java:logGet(43)) - raft.server.log.appender.buffer.byte-limit = 33554432 (custom)
2019-10-02 06:01:28,811 [main] INFO  server.GrpcService (ConfUtils.java:logGet(43)) - raft.grpc.flow.control.window = 1MB (=1048576) (default)
2019-10-02 06:01:28,811 [main] INFO  server.RaftServerConfigKeys (ConfUtils.java:logGet(43)) - raft.server.rpc.request.timeout = 3000ms (default)
2019-10-02 06:01:28,812 [main] INFO  server.RaftServerConfigKeys (ConfUtils.java:logGet(43)) - raft.server.storage.dir = [/workdir/hadoop-ozone/integration-test/target/test-dir/MiniOzoneClusterImpl-d19c4ee3-b928-4c33-bb8a-b56070bebaf7/datanode-3/data/ratis] (custom)
2019-10-02 06:01:28,813 [main] INFO  hdfs.DFSUtil (DFSUtil.java:httpServerTemplateForNNAndJN(1641)) - Starting Web-server for hddsDatanode at: http://0.0.0.0:0
2019-10-02 06:01:28,814 [main] INFO  server.AuthenticationFilter (AuthenticationFilter.java:constructSecretProvider(240)) - Unable to initialize FileSignerSecretProvider, falling back to use random secrets.
2019-10-02 06:01:28,814 [main] WARN  http.HttpRequestLog (HttpRequestLog.java:getRequestLog(97)) - Jetty request log can only be enabled using Log4j
2019-10-02 06:01:28,815 [main] INFO  http.HttpServer2 (HttpServer2.java:addGlobalFilter(975)) - Added global filter 'safety' (class=org.apache.hadoop.http.HttpServer2$QuotingInputFilter)
2019-10-02 06:01:28,816 [main] INFO  http.HttpServer2 (HttpServer2.java:addFilter(948)) - Added filter static_user_filter (class=org.apache.hadoop.http.lib.StaticUserWebFilter$StaticUserFilter) to context hddsDatanode
2019-10-02 06:01:28,816 [main] INFO  http.HttpServer2 (HttpServer2.java:addFilter(958)) - Added filter static_user_filter (class=org.apache.hadoop.http.lib.StaticUserWebFilter$StaticUserFilter) to context logs
2019-10-02 06:01:28,816 [main] INFO  http.HttpServer2 (HttpServer2.java:addFilter(958)) - Added filter static_user_filter (class=org.apache.hadoop.http.lib.StaticUserWebFilter$StaticUserFilter) to context static
2019-10-02 06:01:28,816 [main] INFO  http.HttpServer2 (HttpServer2.java:bindListener(1191)) - Jetty bound to port 40321
2019-10-02 06:01:28,817 [main] INFO  server.Server (Server.java:doStart(351)) - jetty-9.3.25.v20180904, build timestamp: 2018-09-04T21:11:46Z, git hash: 3ce520221d0240229c862b122d2b06c12a625732
2019-10-02 06:01:28,818 [main] INFO  handler.ContextHandler (ContextHandler.java:doStart(781)) - Started o.e.j.s.ServletContextHandler@6889f56f{/logs,file:///workdir/hadoop-ozone/integration-test/target/log,AVAILABLE}
2019-10-02 06:01:28,818 [main] INFO  handler.ContextHandler (ContextHandler.java:doStart(781)) - Started o.e.j.s.ServletContextHandler@26da1ba2{/static,jar:file:/home/user/.m2/repository/org/apache/hadoop/hadoop-hdds-container-service/0.5.0-SNAPSHOT/hadoop-hdds-container-service-0.5.0-SNAPSHOT.jar!/webapps/static,AVAILABLE}
2019-10-02 06:01:28,843 [main] INFO  handler.ContextHandler (ContextHandler.java:doStart(781)) - Started o.e.j.w.WebAppContext@67f946c3{/,file:///tmp/jetty-0.0.0.0-40321-hddsDatanode-_-any-5707700717621146690.dir/webapp/,AVAILABLE}{/hddsDatanode}
2019-10-02 06:01:28,843 [main] INFO  server.AbstractConnector (AbstractConnector.java:doStart(278)) - Started ServerConnector@21b51e59{HTTP/1.1,[http/1.1]}{0.0.0.0:40321}
2019-10-02 06:01:28,847 [main] INFO  server.Server (Server.java:doStart(419)) - Started @224711ms
2019-10-02 06:01:28,847 [main] WARN  impl.MetricsSystemImpl (MetricsSystemImpl.java:register(276)) - Sink prometheus already exists!
2019-10-02 06:01:28,847 [main] INFO  server.BaseHttpServer (BaseHttpServer.java:updateConnectorAddress(215)) - HTTP server of HDDSDATANODE is listening at http://0.0.0.0:40321
2019-10-02 06:01:28,848 [main] INFO  impl.MetricsSystemImpl (MetricsSystemImpl.java:init(158)) - HddsDatanode metrics system started (again)
2019-10-02 06:01:28,864 [grpc-default-executor-2] WARN  server.GrpcLogAppender (LogUtils.java:warn(134)) - 7c17948c-1cd0-4417-ab99-6c36b2a081be@group-2113BBD44459->dad25ee9-8ea5-4f1c-9f33-3809fe7bf507-AppendLogResponseHandler: Failed appendEntries: org.apache.ratis.thirdparty.io.grpc.StatusRuntimeException: UNAVAILABLE: io exception
2019-10-02 06:01:28,864 [grpc-default-executor-2] INFO  impl.FollowerInfo (FollowerInfo.java:lambda$new$0(51)) - 7c17948c-1cd0-4417-ab99-6c36b2a081be@group-2113BBD44459->dad25ee9-8ea5-4f1c-9f33-3809fe7bf507: nextIndex: updateUnconditionally 0 -> 0
2019-10-02 06:01:28,864 [grpc-default-executor-0] WARN  server.GrpcLogAppender (LogUtils.java:warn(134)) - 7c17948c-1cd0-4417-ab99-6c36b2a081be@group-2113BBD44459->02183d65-95ec-4dfc-9f0a-d3560127e420-AppendLogResponseHandler: Failed appendEntries: org.apache.ratis.thirdparty.io.grpc.StatusRuntimeException: UNAVAILABLE: io exception
2019-10-02 06:01:28,864 [grpc-default-executor-0] INFO  impl.FollowerInfo (FollowerInfo.java:lambda$new$0(51)) - 7c17948c-1cd0-4417-ab99-6c36b2a081be@group-2113BBD44459->02183d65-95ec-4dfc-9f0a-d3560127e420: nextIndex: updateUnconditionally 0 -> 0
2019-10-02 06:01:28,908 [org.apache.hadoop.util.JvmPauseMonitor$Monitor@5cb4d094] INFO  util.JvmPauseMonitor (JvmPauseMonitor.java:run(188)) - Starting JVM pause monitor
2019-10-02 06:01:28,909 [Datanode State Machine Thread - 0] INFO  datanode.InitDatanodeState (InitDatanodeState.java:persistContainerDatanodeDetails(140)) - DatanodeDetails is persisted to /workdir/hadoop-ozone/integration-test/target/test-dir/MiniOzoneClusterImpl-d19c4ee3-b928-4c33-bb8a-b56070bebaf7/datanode-3/meta/datanode.id
2019-10-02 06:01:28,910 [main] INFO  ozone.HddsDatanodeService (HddsDatanodeService.java:start(184)) - HddsDatanodeService host:trunk-nightly-20191002-p7fms-2058464235 ip:192.168.164.241
2019-10-02 06:01:28,923 [main] INFO  volume.HddsVolume (HddsVolume.java:<init>(176)) - Creating Volume: /workdir/hadoop-ozone/integration-test/target/test-dir/MiniOzoneClusterImpl-d19c4ee3-b928-4c33-bb8a-b56070bebaf7/datanode-4/data/containers/hdds of  storage type : DISK and capacity : 1482555576320
2019-10-02 06:01:28,923 [main] INFO  volume.VolumeSet (VolumeSet.java:initializeVolumeSet(170)) - Added Volume : /workdir/hadoop-ozone/integration-test/target/test-dir/MiniOzoneClusterImpl-d19c4ee3-b928-4c33-bb8a-b56070bebaf7/datanode-4/data/containers/hdds to VolumeSet
2019-10-02 06:01:28,923 [main] INFO  volume.ThrottledAsyncChecker (ThrottledAsyncChecker.java:schedule(139)) - Scheduling a check for org.apache.hadoop.ozone.container.common.volume.HddsVolume@7994a0d1
2019-10-02 06:01:28,924 [main] INFO  volume.HddsVolumeChecker (HddsVolumeChecker.java:checkAllVolumes(202)) - Scheduled health check for volume org.apache.hadoop.ozone.container.common.volume.HddsVolume@7994a0d1
2019-10-02 06:01:28,941 [main] INFO  impl.RaftServerProxy (ConfUtils.java:logGet(43)) - raft.rpc.type = GRPC (default)
2019-10-02 06:01:28,941 [main] INFO  grpc.GrpcFactory (GrpcFactory.java:checkPooledByteBufAllocatorUseCacheForAllThreads(45)) - PERFORMANCE WARNING: useCacheForAllThreads is true that may cause Netty to create a lot garbage objects and, as a result, trigger GC.
	It is recommended to disable useCacheForAllThreads by setting -Dorg.apache.ratis.thirdparty.io.netty.allocator.useCacheForAllThreads=false in command line.
2019-10-02 06:01:28,941 [main] INFO  grpc.GrpcConfigKeys$Server (ConfUtils.java:logGet(43)) - raft.grpc.server.port = 0 (default)
2019-10-02 06:01:28,942 [main] INFO  server.GrpcService (ConfUtils.java:logGet(43)) - raft.grpc.message.size.max = 33570816 (custom)
2019-10-02 06:01:28,942 [main] INFO  server.RaftServerConfigKeys (ConfUtils.java:logGet(43)) - raft.server.log.appender.buffer.byte-limit = 33554432 (custom)
2019-10-02 06:01:28,942 [main] INFO  server.GrpcService (ConfUtils.java:logGet(43)) - raft.grpc.flow.control.window = 1MB (=1048576) (default)
2019-10-02 06:01:28,942 [main] INFO  server.RaftServerConfigKeys (ConfUtils.java:logGet(43)) - raft.server.rpc.request.timeout = 3000ms (default)
2019-10-02 06:01:28,942 [main] INFO  server.RaftServerConfigKeys (ConfUtils.java:logGet(43)) - raft.server.storage.dir = [/workdir/hadoop-ozone/integration-test/target/test-dir/MiniOzoneClusterImpl-d19c4ee3-b928-4c33-bb8a-b56070bebaf7/datanode-4/data/ratis] (custom)
2019-10-02 06:01:28,944 [main] INFO  hdfs.DFSUtil (DFSUtil.java:httpServerTemplateForNNAndJN(1641)) - Starting Web-server for hddsDatanode at: http://0.0.0.0:0
2019-10-02 06:01:28,945 [main] INFO  server.AuthenticationFilter (AuthenticationFilter.java:constructSecretProvider(240)) - Unable to initialize FileSignerSecretProvider, falling back to use random secrets.
2019-10-02 06:01:28,945 [main] WARN  http.HttpRequestLog (HttpRequestLog.java:getRequestLog(97)) - Jetty request log can only be enabled using Log4j
2019-10-02 06:01:28,947 [main] INFO  http.HttpServer2 (HttpServer2.java:addGlobalFilter(975)) - Added global filter 'safety' (class=org.apache.hadoop.http.HttpServer2$QuotingInputFilter)
2019-10-02 06:01:28,947 [main] INFO  http.HttpServer2 (HttpServer2.java:addFilter(948)) - Added filter static_user_filter (class=org.apache.hadoop.http.lib.StaticUserWebFilter$StaticUserFilter) to context hddsDatanode
2019-10-02 06:01:28,947 [main] INFO  http.HttpServer2 (HttpServer2.java:addFilter(958)) - Added filter static_user_filter (class=org.apache.hadoop.http.lib.StaticUserWebFilter$StaticUserFilter) to context logs
2019-10-02 06:01:28,947 [main] INFO  http.HttpServer2 (HttpServer2.java:addFilter(958)) - Added filter static_user_filter (class=org.apache.hadoop.http.lib.StaticUserWebFilter$StaticUserFilter) to context static
2019-10-02 06:01:28,948 [main] INFO  http.HttpServer2 (HttpServer2.java:bindListener(1191)) - Jetty bound to port 45999
2019-10-02 06:01:28,948 [main] INFO  server.Server (Server.java:doStart(351)) - jetty-9.3.25.v20180904, build timestamp: 2018-09-04T21:11:46Z, git hash: 3ce520221d0240229c862b122d2b06c12a625732
2019-10-02 06:01:28,950 [main] INFO  handler.ContextHandler (ContextHandler.java:doStart(781)) - Started o.e.j.s.ServletContextHandler@21e5f0b6{/logs,file:///workdir/hadoop-ozone/integration-test/target/log,AVAILABLE}
2019-10-02 06:01:28,950 [main] INFO  handler.ContextHandler (ContextHandler.java:doStart(781)) - Started o.e.j.s.ServletContextHandler@4981d95b{/static,jar:file:/home/user/.m2/repository/org/apache/hadoop/hadoop-hdds-container-service/0.5.0-SNAPSHOT/hadoop-hdds-container-service-0.5.0-SNAPSHOT.jar!/webapps/static,AVAILABLE}
2019-10-02 06:01:28,975 [main] INFO  handler.ContextHandler (ContextHandler.java:doStart(781)) - Started o.e.j.w.WebAppContext@2997ddfc{/,file:///tmp/jetty-0.0.0.0-45999-hddsDatanode-_-any-5876839290996946557.dir/webapp/,AVAILABLE}{/hddsDatanode}
2019-10-02 06:01:28,976 [main] INFO  server.AbstractConnector (AbstractConnector.java:doStart(278)) - Started ServerConnector@28ee882c{HTTP/1.1,[http/1.1]}{0.0.0.0:45999}
2019-10-02 06:01:28,980 [main] INFO  server.Server (Server.java:doStart(419)) - Started @224844ms
2019-10-02 06:01:28,981 [main] WARN  impl.MetricsSystemImpl (MetricsSystemImpl.java:register(276)) - Sink prometheus already exists!
2019-10-02 06:01:28,981 [main] INFO  server.BaseHttpServer (BaseHttpServer.java:updateConnectorAddress(215)) - HTTP server of HDDSDATANODE is listening at http://0.0.0.0:45999
2019-10-02 06:01:28,981 [main] INFO  impl.MetricsSystemImpl (MetricsSystemImpl.java:init(158)) - HddsDatanode metrics system started (again)
2019-10-02 06:01:29,042 [org.apache.hadoop.util.JvmPauseMonitor$Monitor@586fd373] INFO  util.JvmPauseMonitor (JvmPauseMonitor.java:run(188)) - Starting JVM pause monitor
2019-10-02 06:01:29,043 [Datanode State Machine Thread - 0] INFO  datanode.InitDatanodeState (InitDatanodeState.java:persistContainerDatanodeDetails(140)) - DatanodeDetails is persisted to /workdir/hadoop-ozone/integration-test/target/test-dir/MiniOzoneClusterImpl-d19c4ee3-b928-4c33-bb8a-b56070bebaf7/datanode-4/meta/datanode.id
2019-10-02 06:01:29,045 [main] INFO  ozone.HddsDatanodeService (HddsDatanodeService.java:start(184)) - HddsDatanodeService host:trunk-nightly-20191002-p7fms-2058464235 ip:192.168.164.241
2019-10-02 06:01:29,055 [main] INFO  volume.HddsVolume (HddsVolume.java:<init>(176)) - Creating Volume: /workdir/hadoop-ozone/integration-test/target/test-dir/MiniOzoneClusterImpl-d19c4ee3-b928-4c33-bb8a-b56070bebaf7/datanode-5/data/containers/hdds of  storage type : DISK and capacity : 1482555576320
2019-10-02 06:01:29,055 [main] INFO  volume.VolumeSet (VolumeSet.java:initializeVolumeSet(170)) - Added Volume : /workdir/hadoop-ozone/integration-test/target/test-dir/MiniOzoneClusterImpl-d19c4ee3-b928-4c33-bb8a-b56070bebaf7/datanode-5/data/containers/hdds to VolumeSet
2019-10-02 06:01:29,055 [main] INFO  volume.ThrottledAsyncChecker (ThrottledAsyncChecker.java:schedule(139)) - Scheduling a check for org.apache.hadoop.ozone.container.common.volume.HddsVolume@39d77de9
2019-10-02 06:01:29,056 [main] INFO  volume.HddsVolumeChecker (HddsVolumeChecker.java:checkAllVolumes(202)) - Scheduled health check for volume org.apache.hadoop.ozone.container.common.volume.HddsVolume@39d77de9
2019-10-02 06:01:29,070 [main] INFO  impl.RaftServerProxy (ConfUtils.java:logGet(43)) - raft.rpc.type = GRPC (default)
2019-10-02 06:01:29,070 [main] INFO  grpc.GrpcFactory (GrpcFactory.java:checkPooledByteBufAllocatorUseCacheForAllThreads(45)) - PERFORMANCE WARNING: useCacheForAllThreads is true that may cause Netty to create a lot garbage objects and, as a result, trigger GC.
	It is recommended to disable useCacheForAllThreads by setting -Dorg.apache.ratis.thirdparty.io.netty.allocator.useCacheForAllThreads=false in command line.
2019-10-02 06:01:29,070 [main] INFO  grpc.GrpcConfigKeys$Server (ConfUtils.java:logGet(43)) - raft.grpc.server.port = 0 (default)
2019-10-02 06:01:29,070 [main] INFO  server.GrpcService (ConfUtils.java:logGet(43)) - raft.grpc.message.size.max = 33570816 (custom)
2019-10-02 06:01:29,070 [main] INFO  server.RaftServerConfigKeys (ConfUtils.java:logGet(43)) - raft.server.log.appender.buffer.byte-limit = 33554432 (custom)
2019-10-02 06:01:29,071 [main] INFO  server.GrpcService (ConfUtils.java:logGet(43)) - raft.grpc.flow.control.window = 1MB (=1048576) (default)
2019-10-02 06:01:29,071 [main] INFO  server.RaftServerConfigKeys (ConfUtils.java:logGet(43)) - raft.server.rpc.request.timeout = 3000ms (default)
2019-10-02 06:01:29,071 [main] INFO  server.RaftServerConfigKeys (ConfUtils.java:logGet(43)) - raft.server.storage.dir = [/workdir/hadoop-ozone/integration-test/target/test-dir/MiniOzoneClusterImpl-d19c4ee3-b928-4c33-bb8a-b56070bebaf7/datanode-5/data/ratis] (custom)
2019-10-02 06:01:29,072 [main] INFO  hdfs.DFSUtil (DFSUtil.java:httpServerTemplateForNNAndJN(1641)) - Starting Web-server for hddsDatanode at: http://0.0.0.0:0
2019-10-02 06:01:29,073 [main] INFO  server.AuthenticationFilter (AuthenticationFilter.java:constructSecretProvider(240)) - Unable to initialize FileSignerSecretProvider, falling back to use random secrets.
2019-10-02 06:01:29,074 [main] WARN  http.HttpRequestLog (HttpRequestLog.java:getRequestLog(97)) - Jetty request log can only be enabled using Log4j
2019-10-02 06:01:29,075 [main] INFO  http.HttpServer2 (HttpServer2.java:addGlobalFilter(975)) - Added global filter 'safety' (class=org.apache.hadoop.http.HttpServer2$QuotingInputFilter)
2019-10-02 06:01:29,076 [main] INFO  http.HttpServer2 (HttpServer2.java:addFilter(948)) - Added filter static_user_filter (class=org.apache.hadoop.http.lib.StaticUserWebFilter$StaticUserFilter) to context hddsDatanode
2019-10-02 06:01:29,076 [main] INFO  http.HttpServer2 (HttpServer2.java:addFilter(958)) - Added filter static_user_filter (class=org.apache.hadoop.http.lib.StaticUserWebFilter$StaticUserFilter) to context logs
2019-10-02 06:01:29,076 [main] INFO  http.HttpServer2 (HttpServer2.java:addFilter(958)) - Added filter static_user_filter (class=org.apache.hadoop.http.lib.StaticUserWebFilter$StaticUserFilter) to context static
2019-10-02 06:01:29,076 [main] INFO  http.HttpServer2 (HttpServer2.java:bindListener(1191)) - Jetty bound to port 42132
2019-10-02 06:01:29,077 [main] INFO  server.Server (Server.java:doStart(351)) - jetty-9.3.25.v20180904, build timestamp: 2018-09-04T21:11:46Z, git hash: 3ce520221d0240229c862b122d2b06c12a625732
2019-10-02 06:01:29,078 [main] INFO  handler.ContextHandler (ContextHandler.java:doStart(781)) - Started o.e.j.s.ServletContextHandler@32ab408e{/logs,file:///workdir/hadoop-ozone/integration-test/target/log,AVAILABLE}
2019-10-02 06:01:29,079 [main] INFO  handler.ContextHandler (ContextHandler.java:doStart(781)) - Started o.e.j.s.ServletContextHandler@78b03788{/static,jar:file:/home/user/.m2/repository/org/apache/hadoop/hadoop-hdds-container-service/0.5.0-SNAPSHOT/hadoop-hdds-container-service-0.5.0-SNAPSHOT.jar!/webapps/static,AVAILABLE}
2019-10-02 06:01:29,105 [main] INFO  handler.ContextHandler (ContextHandler.java:doStart(781)) - Started o.e.j.w.WebAppContext@5a30722c{/,file:///tmp/jetty-0.0.0.0-42132-hddsDatanode-_-any-5471388053716487362.dir/webapp/,AVAILABLE}{/hddsDatanode}
2019-10-02 06:01:29,106 [main] INFO  server.AbstractConnector (AbstractConnector.java:doStart(278)) - Started ServerConnector@4f2ac7e0{HTTP/1.1,[http/1.1]}{0.0.0.0:42132}
2019-10-02 06:01:29,110 [main] INFO  server.Server (Server.java:doStart(419)) - Started @224974ms
2019-10-02 06:01:29,110 [main] WARN  impl.MetricsSystemImpl (MetricsSystemImpl.java:register(276)) - Sink prometheus already exists!
2019-10-02 06:01:29,111 [main] INFO  server.BaseHttpServer (BaseHttpServer.java:updateConnectorAddress(215)) - HTTP server of HDDSDATANODE is listening at http://0.0.0.0:42132
2019-10-02 06:01:29,111 [main] INFO  impl.MetricsSystemImpl (MetricsSystemImpl.java:init(158)) - HddsDatanode metrics system started (again)
2019-10-02 06:01:29,173 [org.apache.hadoop.util.JvmPauseMonitor$Monitor@1e0b103b] INFO  util.JvmPauseMonitor (JvmPauseMonitor.java:run(188)) - Starting JVM pause monitor
2019-10-02 06:01:29,174 [Datanode State Machine Thread - 0] INFO  datanode.InitDatanodeState (InitDatanodeState.java:persistContainerDatanodeDetails(140)) - DatanodeDetails is persisted to /workdir/hadoop-ozone/integration-test/target/test-dir/MiniOzoneClusterImpl-d19c4ee3-b928-4c33-bb8a-b56070bebaf7/datanode-5/meta/datanode.id
2019-10-02 06:01:29,177 [main] INFO  ozone.HddsDatanodeService (HddsDatanodeService.java:start(184)) - HddsDatanodeService host:trunk-nightly-20191002-p7fms-2058464235 ip:192.168.164.241
2019-10-02 06:01:29,187 [main] INFO  volume.HddsVolume (HddsVolume.java:<init>(176)) - Creating Volume: /workdir/hadoop-ozone/integration-test/target/test-dir/MiniOzoneClusterImpl-d19c4ee3-b928-4c33-bb8a-b56070bebaf7/datanode-6/data/containers/hdds of  storage type : DISK and capacity : 1482555576320
2019-10-02 06:01:29,188 [main] INFO  volume.VolumeSet (VolumeSet.java:initializeVolumeSet(170)) - Added Volume : /workdir/hadoop-ozone/integration-test/target/test-dir/MiniOzoneClusterImpl-d19c4ee3-b928-4c33-bb8a-b56070bebaf7/datanode-6/data/containers/hdds to VolumeSet
2019-10-02 06:01:29,188 [main] INFO  volume.ThrottledAsyncChecker (ThrottledAsyncChecker.java:schedule(139)) - Scheduling a check for org.apache.hadoop.ozone.container.common.volume.HddsVolume@50cdfafa
2019-10-02 06:01:29,188 [main] INFO  volume.HddsVolumeChecker (HddsVolumeChecker.java:checkAllVolumes(202)) - Scheduled health check for volume org.apache.hadoop.ozone.container.common.volume.HddsVolume@50cdfafa
2019-10-02 06:01:29,203 [main] INFO  impl.RaftServerProxy (ConfUtils.java:logGet(43)) - raft.rpc.type = GRPC (default)
2019-10-02 06:01:29,203 [main] INFO  grpc.GrpcFactory (GrpcFactory.java:checkPooledByteBufAllocatorUseCacheForAllThreads(45)) - PERFORMANCE WARNING: useCacheForAllThreads is true that may cause Netty to create a lot garbage objects and, as a result, trigger GC.
	It is recommended to disable useCacheForAllThreads by setting -Dorg.apache.ratis.thirdparty.io.netty.allocator.useCacheForAllThreads=false in command line.
2019-10-02 06:01:29,203 [main] INFO  grpc.GrpcConfigKeys$Server (ConfUtils.java:logGet(43)) - raft.grpc.server.port = 0 (default)
2019-10-02 06:01:29,203 [main] INFO  server.GrpcService (ConfUtils.java:logGet(43)) - raft.grpc.message.size.max = 33570816 (custom)
2019-10-02 06:01:29,203 [main] INFO  server.RaftServerConfigKeys (ConfUtils.java:logGet(43)) - raft.server.log.appender.buffer.byte-limit = 33554432 (custom)
2019-10-02 06:01:29,204 [main] INFO  server.GrpcService (ConfUtils.java:logGet(43)) - raft.grpc.flow.control.window = 1MB (=1048576) (default)
2019-10-02 06:01:29,204 [main] INFO  server.RaftServerConfigKeys (ConfUtils.java:logGet(43)) - raft.server.rpc.request.timeout = 3000ms (default)
2019-10-02 06:01:29,204 [main] INFO  server.RaftServerConfigKeys (ConfUtils.java:logGet(43)) - raft.server.storage.dir = [/workdir/hadoop-ozone/integration-test/target/test-dir/MiniOzoneClusterImpl-d19c4ee3-b928-4c33-bb8a-b56070bebaf7/datanode-6/data/ratis] (custom)
2019-10-02 06:01:29,205 [main] INFO  hdfs.DFSUtil (DFSUtil.java:httpServerTemplateForNNAndJN(1641)) - Starting Web-server for hddsDatanode at: http://0.0.0.0:0
2019-10-02 06:01:29,206 [main] INFO  server.AuthenticationFilter (AuthenticationFilter.java:constructSecretProvider(240)) - Unable to initialize FileSignerSecretProvider, falling back to use random secrets.
2019-10-02 06:01:29,206 [main] WARN  http.HttpRequestLog (HttpRequestLog.java:getRequestLog(97)) - Jetty request log can only be enabled using Log4j
2019-10-02 06:01:29,208 [main] INFO  http.HttpServer2 (HttpServer2.java:addGlobalFilter(975)) - Added global filter 'safety' (class=org.apache.hadoop.http.HttpServer2$QuotingInputFilter)
2019-10-02 06:01:29,208 [main] INFO  http.HttpServer2 (HttpServer2.java:addFilter(948)) - Added filter static_user_filter (class=org.apache.hadoop.http.lib.StaticUserWebFilter$StaticUserFilter) to context hddsDatanode
2019-10-02 06:01:29,208 [main] INFO  http.HttpServer2 (HttpServer2.java:addFilter(958)) - Added filter static_user_filter (class=org.apache.hadoop.http.lib.StaticUserWebFilter$StaticUserFilter) to context static
2019-10-02 06:01:29,208 [main] INFO  http.HttpServer2 (HttpServer2.java:addFilter(958)) - Added filter static_user_filter (class=org.apache.hadoop.http.lib.StaticUserWebFilter$StaticUserFilter) to context logs
2019-10-02 06:01:29,209 [main] INFO  http.HttpServer2 (HttpServer2.java:bindListener(1191)) - Jetty bound to port 40460
2019-10-02 06:01:29,209 [main] INFO  server.Server (Server.java:doStart(351)) - jetty-9.3.25.v20180904, build timestamp: 2018-09-04T21:11:46Z, git hash: 3ce520221d0240229c862b122d2b06c12a625732
2019-10-02 06:01:29,211 [main] INFO  handler.ContextHandler (ContextHandler.java:doStart(781)) - Started o.e.j.s.ServletContextHandler@3b5a19ed{/logs,file:///workdir/hadoop-ozone/integration-test/target/log,AVAILABLE}
2019-10-02 06:01:29,211 [main] INFO  handler.ContextHandler (ContextHandler.java:doStart(781)) - Started o.e.j.s.ServletContextHandler@6b9c42bd{/static,jar:file:/home/user/.m2/repository/org/apache/hadoop/hadoop-hdds-container-service/0.5.0-SNAPSHOT/hadoop-hdds-container-service-0.5.0-SNAPSHOT.jar!/webapps/static,AVAILABLE}
2019-10-02 06:01:29,238 [main] INFO  handler.ContextHandler (ContextHandler.java:doStart(781)) - Started o.e.j.w.WebAppContext@d8835af{/,file:///tmp/jetty-0.0.0.0-40460-hddsDatanode-_-any-4472900491434136841.dir/webapp/,AVAILABLE}{/hddsDatanode}
2019-10-02 06:01:29,238 [main] INFO  server.AbstractConnector (AbstractConnector.java:doStart(278)) - Started ServerConnector@16681017{HTTP/1.1,[http/1.1]}{0.0.0.0:40460}
2019-10-02 06:01:29,243 [main] INFO  server.Server (Server.java:doStart(419)) - Started @225107ms
2019-10-02 06:01:29,243 [main] WARN  impl.MetricsSystemImpl (MetricsSystemImpl.java:register(276)) - Sink prometheus already exists!
2019-10-02 06:01:29,244 [main] INFO  server.BaseHttpServer (BaseHttpServer.java:updateConnectorAddress(215)) - HTTP server of HDDSDATANODE is listening at http://0.0.0.0:40460
2019-10-02 06:01:29,244 [main] INFO  ozone.MiniOzoneClusterImpl (MiniOzoneClusterImpl.java:lambda$waitForClusterToBeReady$0(147)) - Waiting for cluster to be ready. Got 0 of 7 DN Heartbeats.
2019-10-02 06:01:29,245 [org.apache.hadoop.util.JvmPauseMonitor$Monitor@687ea299] INFO  util.JvmPauseMonitor (JvmPauseMonitor.java:run(188)) - Starting JVM pause monitor
2019-10-02 06:01:29,246 [Datanode State Machine Thread - 0] INFO  datanode.InitDatanodeState (InitDatanodeState.java:persistContainerDatanodeDetails(140)) - DatanodeDetails is persisted to /workdir/hadoop-ozone/integration-test/target/test-dir/MiniOzoneClusterImpl-d19c4ee3-b928-4c33-bb8a-b56070bebaf7/datanode-6/meta/datanode.id
2019-10-02 06:01:30,245 [main] INFO  ozone.MiniOzoneClusterImpl (MiniOzoneClusterImpl.java:lambda$waitForClusterToBeReady$0(147)) - Waiting for cluster to be ready. Got 0 of 7 DN Heartbeats.
2019-10-02 06:01:30,589 [Datanode State Machine Thread - 0] INFO  ozoneimpl.OzoneContainer (OzoneContainer.java:start(217)) - Attempting to start container services.
2019-10-02 06:01:30,589 [Datanode State Machine Thread - 0] INFO  ozoneimpl.OzoneContainer (OzoneContainer.java:start(217)) - Attempting to start container services.
2019-10-02 06:01:30,589 [Datanode State Machine Thread - 0] INFO  ozoneimpl.OzoneContainer (OzoneContainer.java:startContainerScrub(179)) - Background container scanner has been disabled.
2019-10-02 06:01:30,589 [Datanode State Machine Thread - 0] INFO  ratis.XceiverServerRatis (XceiverServerRatis.java:start(417)) - Starting XceiverServerRatis e42cb2ac-a177-4fa6-8504-5499b822a004 at port 0
2019-10-02 06:01:30,589 [Datanode State Machine Thread - 0] INFO  ozoneimpl.OzoneContainer (OzoneContainer.java:startContainerScrub(179)) - Background container scanner has been disabled.
2019-10-02 06:01:30,589 [Datanode State Machine Thread - 0] INFO  ratis.XceiverServerRatis (XceiverServerRatis.java:start(417)) - Starting XceiverServerRatis 81107746-fc7b-4f7d-bb48-19eaec9a3429 at port 0
2019-10-02 06:01:30,599 [Datanode State Machine Thread - 0] INFO  impl.RaftServerProxy (RaftServerProxy.java:lambda$start$3(299)) - e42cb2ac-a177-4fa6-8504-5499b822a004: start RPC server
2019-10-02 06:01:30,600 [Datanode State Machine Thread - 0] INFO  impl.RaftServerProxy (RaftServerProxy.java:lambda$start$3(299)) - 81107746-fc7b-4f7d-bb48-19eaec9a3429: start RPC server
2019-10-02 06:01:30,600 [Datanode State Machine Thread - 0] INFO  server.GrpcService (GrpcService.java:startImpl(158)) - e42cb2ac-a177-4fa6-8504-5499b822a004: GrpcService started, listening on 0.0.0.0/0.0.0.0:40096
2019-10-02 06:01:30,601 [Datanode State Machine Thread - 0] INFO  ratis.XceiverServerRatis (XceiverServerRatis.java:start(427)) - XceiverServerRatis e42cb2ac-a177-4fa6-8504-5499b822a004 is started using port 40096
2019-10-02 06:01:30,604 [Datanode State Machine Thread - 0] INFO  server.GrpcService (GrpcService.java:startImpl(158)) - 81107746-fc7b-4f7d-bb48-19eaec9a3429: GrpcService started, listening on 0.0.0.0/0.0.0.0:38292
2019-10-02 06:01:30,604 [Datanode State Machine Thread - 0] INFO  server.XceiverServerGrpc (XceiverServerGrpc.java:start(149)) - XceiverServerGrpc e42cb2ac-a177-4fa6-8504-5499b822a004 is started using port 44186
2019-10-02 06:01:30,604 [Datanode State Machine Thread - 0] INFO  ratis.XceiverServerRatis (XceiverServerRatis.java:start(427)) - XceiverServerRatis 81107746-fc7b-4f7d-bb48-19eaec9a3429 is started using port 38292
2019-10-02 06:01:30,622 [Datanode State Machine Thread - 0] INFO  server.XceiverServerGrpc (XceiverServerGrpc.java:start(149)) - XceiverServerGrpc 81107746-fc7b-4f7d-bb48-19eaec9a3429 is started using port 42902
2019-10-02 06:01:30,790 [Datanode State Machine Thread - 0] INFO  ozoneimpl.OzoneContainer (OzoneContainer.java:start(217)) - Attempting to start container services.
2019-10-02 06:01:30,791 [Datanode State Machine Thread - 0] INFO  ozoneimpl.OzoneContainer (OzoneContainer.java:startContainerScrub(179)) - Background container scanner has been disabled.
2019-10-02 06:01:30,791 [Datanode State Machine Thread - 0] INFO  ratis.XceiverServerRatis (XceiverServerRatis.java:start(417)) - Starting XceiverServerRatis 27b60616-8831-445e-96a0-6599c4b1840d at port 0
2019-10-02 06:01:30,796 [Datanode State Machine Thread - 0] INFO  impl.RaftServerProxy (RaftServerProxy.java:lambda$start$3(299)) - 27b60616-8831-445e-96a0-6599c4b1840d: start RPC server
2019-10-02 06:01:30,797 [Datanode State Machine Thread - 0] INFO  server.GrpcService (GrpcService.java:startImpl(158)) - 27b60616-8831-445e-96a0-6599c4b1840d: GrpcService started, listening on 0.0.0.0/0.0.0.0:34766
2019-10-02 06:01:30,797 [Datanode State Machine Thread - 0] INFO  ratis.XceiverServerRatis (XceiverServerRatis.java:start(427)) - XceiverServerRatis 27b60616-8831-445e-96a0-6599c4b1840d is started using port 34766
2019-10-02 06:01:30,804 [Datanode State Machine Thread - 0] INFO  server.XceiverServerGrpc (XceiverServerGrpc.java:start(149)) - XceiverServerGrpc 27b60616-8831-445e-96a0-6599c4b1840d is started using port 36005
2019-10-02 06:01:30,923 [Datanode State Machine Thread - 0] INFO  ozoneimpl.OzoneContainer (OzoneContainer.java:start(217)) - Attempting to start container services.
2019-10-02 06:01:30,923 [Datanode State Machine Thread - 0] INFO  ozoneimpl.OzoneContainer (OzoneContainer.java:startContainerScrub(179)) - Background container scanner has been disabled.
2019-10-02 06:01:30,923 [Datanode State Machine Thread - 0] INFO  ratis.XceiverServerRatis (XceiverServerRatis.java:start(417)) - Starting XceiverServerRatis d6c5910c-2cc3-4ba4-8e81-a30abaf7485a at port 0
2019-10-02 06:01:30,929 [Datanode State Machine Thread - 0] INFO  impl.RaftServerProxy (RaftServerProxy.java:lambda$start$3(299)) - d6c5910c-2cc3-4ba4-8e81-a30abaf7485a: start RPC server
2019-10-02 06:01:30,935 [Datanode State Machine Thread - 0] INFO  server.GrpcService (GrpcService.java:startImpl(158)) - d6c5910c-2cc3-4ba4-8e81-a30abaf7485a: GrpcService started, listening on 0.0.0.0/0.0.0.0:38922
2019-10-02 06:01:30,936 [Datanode State Machine Thread - 0] INFO  ratis.XceiverServerRatis (XceiverServerRatis.java:start(427)) - XceiverServerRatis d6c5910c-2cc3-4ba4-8e81-a30abaf7485a is started using port 38922
2019-10-02 06:01:30,936 [Datanode State Machine Thread - 0] INFO  server.XceiverServerGrpc (XceiverServerGrpc.java:start(149)) - XceiverServerGrpc d6c5910c-2cc3-4ba4-8e81-a30abaf7485a is started using port 44759
2019-10-02 06:01:31,060 [Datanode State Machine Thread - 0] INFO  ozoneimpl.OzoneContainer (OzoneContainer.java:start(217)) - Attempting to start container services.
2019-10-02 06:01:31,061 [Datanode State Machine Thread - 0] INFO  ozoneimpl.OzoneContainer (OzoneContainer.java:startContainerScrub(179)) - Background container scanner has been disabled.
2019-10-02 06:01:31,061 [Datanode State Machine Thread - 0] INFO  ratis.XceiverServerRatis (XceiverServerRatis.java:start(417)) - Starting XceiverServerRatis f194447b-767d-44d3-9b01-9564c45d62df at port 0
2019-10-02 06:01:31,068 [Datanode State Machine Thread - 0] INFO  impl.RaftServerProxy (RaftServerProxy.java:lambda$start$3(299)) - f194447b-767d-44d3-9b01-9564c45d62df: start RPC server
2019-10-02 06:01:31,074 [Datanode State Machine Thread - 0] INFO  server.GrpcService (GrpcService.java:startImpl(158)) - f194447b-767d-44d3-9b01-9564c45d62df: GrpcService started, listening on 0.0.0.0/0.0.0.0:36827
2019-10-02 06:01:31,074 [Datanode State Machine Thread - 0] INFO  ratis.XceiverServerRatis (XceiverServerRatis.java:start(427)) - XceiverServerRatis f194447b-767d-44d3-9b01-9564c45d62df is started using port 36827
2019-10-02 06:01:31,075 [Datanode State Machine Thread - 0] INFO  server.XceiverServerGrpc (XceiverServerGrpc.java:start(149)) - XceiverServerGrpc f194447b-767d-44d3-9b01-9564c45d62df is started using port 34358
2019-10-02 06:01:31,188 [Datanode State Machine Thread - 0] INFO  ozoneimpl.OzoneContainer (OzoneContainer.java:start(217)) - Attempting to start container services.
2019-10-02 06:01:31,188 [Datanode State Machine Thread - 0] INFO  ozoneimpl.OzoneContainer (OzoneContainer.java:startContainerScrub(179)) - Background container scanner has been disabled.
2019-10-02 06:01:31,188 [Datanode State Machine Thread - 0] INFO  ratis.XceiverServerRatis (XceiverServerRatis.java:start(417)) - Starting XceiverServerRatis 90d4a6c3-2b8c-443b-9736-99a4b611d261 at port 0
2019-10-02 06:01:31,193 [Datanode State Machine Thread - 0] INFO  impl.RaftServerProxy (RaftServerProxy.java:lambda$start$3(299)) - 90d4a6c3-2b8c-443b-9736-99a4b611d261: start RPC server
2019-10-02 06:01:31,200 [Datanode State Machine Thread - 0] INFO  server.GrpcService (GrpcService.java:startImpl(158)) - 90d4a6c3-2b8c-443b-9736-99a4b611d261: GrpcService started, listening on 0.0.0.0/0.0.0.0:35207
2019-10-02 06:01:31,200 [Datanode State Machine Thread - 0] INFO  ratis.XceiverServerRatis (XceiverServerRatis.java:start(427)) - XceiverServerRatis 90d4a6c3-2b8c-443b-9736-99a4b611d261 is started using port 35207
2019-10-02 06:01:31,200 [Datanode State Machine Thread - 0] INFO  server.XceiverServerGrpc (XceiverServerGrpc.java:start(149)) - XceiverServerGrpc 90d4a6c3-2b8c-443b-9736-99a4b611d261 is started using port 34159
2019-10-02 06:01:31,245 [main] INFO  ozone.MiniOzoneClusterImpl (MiniOzoneClusterImpl.java:lambda$waitForClusterToBeReady$0(147)) - Waiting for cluster to be ready. Got 0 of 7 DN Heartbeats.
2019-10-02 06:01:31,258 [Datanode State Machine Thread - 0] INFO  ozoneimpl.OzoneContainer (OzoneContainer.java:start(217)) - Attempting to start container services.
2019-10-02 06:01:31,259 [Datanode State Machine Thread - 0] INFO  ozoneimpl.OzoneContainer (OzoneContainer.java:startContainerScrub(179)) - Background container scanner has been disabled.
2019-10-02 06:01:31,259 [Datanode State Machine Thread - 0] INFO  ratis.XceiverServerRatis (XceiverServerRatis.java:start(417)) - Starting XceiverServerRatis cebca715-a441-467b-bb10-f04cfd0d4e71 at port 0
2019-10-02 06:01:31,264 [Datanode State Machine Thread - 0] INFO  impl.RaftServerProxy (RaftServerProxy.java:lambda$start$3(299)) - cebca715-a441-467b-bb10-f04cfd0d4e71: start RPC server
2019-10-02 06:01:31,271 [Datanode State Machine Thread - 0] INFO  server.GrpcService (GrpcService.java:startImpl(158)) - cebca715-a441-467b-bb10-f04cfd0d4e71: GrpcService started, listening on 0.0.0.0/0.0.0.0:41429
2019-10-02 06:01:31,271 [Datanode State Machine Thread - 0] INFO  ratis.XceiverServerRatis (XceiverServerRatis.java:start(427)) - XceiverServerRatis cebca715-a441-467b-bb10-f04cfd0d4e71 is started using port 41429
2019-10-02 06:01:31,277 [Datanode State Machine Thread - 0] INFO  server.XceiverServerGrpc (XceiverServerGrpc.java:start(149)) - XceiverServerGrpc cebca715-a441-467b-bb10-f04cfd0d4e71 is started using port 33212
2019-10-02 06:01:31,364 [grpc-default-executor-2] WARN  server.GrpcLogAppender (LogUtils.java:warn(134)) - 7c17948c-1cd0-4417-ab99-6c36b2a081be@group-2113BBD44459->dad25ee9-8ea5-4f1c-9f33-3809fe7bf507-AppendLogResponseHandler: Failed appendEntries: org.apache.ratis.thirdparty.io.grpc.StatusRuntimeException: UNAVAILABLE: io exception
2019-10-02 06:01:31,364 [grpc-default-executor-6] WARN  server.GrpcLogAppender (LogUtils.java:warn(134)) - 7c17948c-1cd0-4417-ab99-6c36b2a081be@group-2113BBD44459->02183d65-95ec-4dfc-9f0a-d3560127e420-AppendLogResponseHandler: Failed appendEntries: org.apache.ratis.thirdparty.io.grpc.StatusRuntimeException: UNAVAILABLE: io exception
2019-10-02 06:01:31,365 [grpc-default-executor-2] INFO  impl.FollowerInfo (FollowerInfo.java:lambda$new$0(51)) - 7c17948c-1cd0-4417-ab99-6c36b2a081be@group-2113BBD44459->dad25ee9-8ea5-4f1c-9f33-3809fe7bf507: nextIndex: updateUnconditionally 0 -> 0
2019-10-02 06:01:31,365 [grpc-default-executor-6] INFO  impl.FollowerInfo (FollowerInfo.java:lambda$new$0(51)) - 7c17948c-1cd0-4417-ab99-6c36b2a081be@group-2113BBD44459->02183d65-95ec-4dfc-9f0a-d3560127e420: nextIndex: updateUnconditionally 0 -> 0
2019-10-02 06:01:32,246 [main] INFO  ozone.MiniOzoneClusterImpl (MiniOzoneClusterImpl.java:lambda$waitForClusterToBeReady$0(147)) - Waiting for cluster to be ready. Got 0 of 7 DN Heartbeats.
2019-10-02 06:01:32,496 [IPC Server handler 5 on 46363] INFO  net.NetworkTopology (NetworkTopologyImpl.java:add(111)) - Added a new node: /default-rack/81107746-fc7b-4f7d-bb48-19eaec9a3429
2019-10-02 06:01:32,500 [IPC Server handler 5 on 46363] INFO  node.SCMNodeManager (SCMNodeManager.java:register(266)) - Registered Data node : 81107746-fc7b-4f7d-bb48-19eaec9a3429{ip: 192.168.164.241, host: trunk-nightly-20191002-p7fms-2058464235, networkLocation: /default-rack, certSerialId: null}
2019-10-02 06:01:32,501 [EventQueue-NodeRegistrationContainerReportForDataNodeSafeModeRule] INFO  safemode.SCMSafeModeManager (DataNodeSafeModeRule.java:process(71)) - SCM in safe mode. 1 DataNodes registered, 1 required.
2019-10-02 06:01:32,505 [EventQueue-NodeRegistrationContainerReportForContainerSafeModeRule] INFO  safemode.SCMSafeModeManager (SCMSafeModeManager.java:validateSafeModeExitRules(177)) - ScmSafeModeManager, all rules are successfully validated
2019-10-02 06:01:32,505 [EventQueue-NodeRegistrationContainerReportForContainerSafeModeRule] INFO  safemode.SCMSafeModeManager (SCMSafeModeManager.java:exitSafeMode(193)) - SCM exiting safe mode.
2019-10-02 06:01:32,513 [grpc-default-executor-6] INFO  impl.RaftServerProxy (RaftServerProxy.java:addNew(89)) - 81107746-fc7b-4f7d-bb48-19eaec9a3429: addNew group-78C2D17BDE60:[81107746-fc7b-4f7d-bb48-19eaec9a3429:192.168.164.241:38292] returns group-78C2D17BDE60:java.util.concurrent.CompletableFuture@2fcfd29f[Not completed]
2019-10-02 06:01:32,514 [pool-383-thread-1] INFO  impl.RaftServerImpl (RaftServerImpl.java:<init>(95)) - 81107746-fc7b-4f7d-bb48-19eaec9a3429: new RaftServerImpl for group-78C2D17BDE60:[81107746-fc7b-4f7d-bb48-19eaec9a3429:192.168.164.241:38292] with ContainerStateMachine:uninitialized
2019-10-02 06:01:32,514 [pool-383-thread-1] INFO  server.RaftServerConfigKeys (ConfUtils.java:logGet(43)) - raft.server.rpc.timeout.min = 5s (custom)
2019-10-02 06:01:32,514 [pool-383-thread-1] INFO  server.RaftServerConfigKeys (ConfUtils.java:logGet(43)) - raft.server.rpc.timeout.max = 5200ms (custom)
2019-10-02 06:01:32,514 [pool-383-thread-1] INFO  server.RaftServerConfigKeys (ConfUtils.java:logGet(43)) - raft.server.rpcslowness.timeout = 120s (custom)
2019-10-02 06:01:32,515 [pool-383-thread-1] INFO  server.RaftServerConfigKeys (ConfUtils.java:logGet(43)) - raft.server.sleep.deviation.threshold = 300 (default)
2019-10-02 06:01:32,515 [pool-383-thread-1] INFO  server.RaftServerConfigKeys (ConfUtils.java:logGet(43)) - raft.server.log.appender.install.snapshot.enabled = false (custom)
2019-10-02 06:01:32,515 [pool-383-thread-1] INFO  impl.RaftServerImpl (ServerState.java:<init>(103)) - 81107746-fc7b-4f7d-bb48-19eaec9a3429@group-78C2D17BDE60: ConfigurationManager, init=-1: [81107746-fc7b-4f7d-bb48-19eaec9a3429:192.168.164.241:38292], old=null, confs=<EMPTY_MAP>
2019-10-02 06:01:32,515 [pool-383-thread-1] INFO  server.RaftServerConfigKeys (ConfUtils.java:logGet(43)) - raft.server.storage.dir = [/workdir/hadoop-ozone/integration-test/target/test-dir/MiniOzoneClusterImpl-d19c4ee3-b928-4c33-bb8a-b56070bebaf7/datanode-0/data/ratis] (custom)
2019-10-02 06:01:32,515 [pool-383-thread-1] INFO  server.RaftServerConfigKeys (ConfUtils.java:logGet(43)) - raft.server.log.corruption.policy = EXCEPTION (default)
2019-10-02 06:01:32,515 [pool-383-thread-1] INFO  storage.RaftStorageDirectory (RaftStorageDirectory.java:analyzeStorage(246)) - The storage directory /workdir/hadoop-ozone/integration-test/target/test-dir/MiniOzoneClusterImpl-d19c4ee3-b928-4c33-bb8a-b56070bebaf7/datanode-0/data/ratis/4d7829fc-1394-43f3-82e2-78c2d17bde60 does not exist. Creating ...
2019-10-02 06:01:32,574 [IPC Server handler 6 on 46363] INFO  net.NetworkTopology (NetworkTopologyImpl.java:add(111)) - Added a new node: /default-rack/e42cb2ac-a177-4fa6-8504-5499b822a004
2019-10-02 06:01:32,575 [IPC Server handler 6 on 46363] INFO  node.SCMNodeManager (SCMNodeManager.java:register(266)) - Registered Data node : e42cb2ac-a177-4fa6-8504-5499b822a004{ip: 192.168.164.241, host: trunk-nightly-20191002-p7fms-2058464235, networkLocation: /default-rack, certSerialId: null}
2019-10-02 06:01:32,630 [grpc-default-executor-6] INFO  impl.RaftServerProxy (RaftServerProxy.java:addNew(89)) - 2cc1da74-cc4a-4b71-acb8-7c5b6c8e0a3d: addNew group-C334A03DD292:[2cc1da74-cc4a-4b71-acb8-7c5b6c8e0a3d:192.168.164.241:34842] returns group-C334A03DD292:java.util.concurrent.CompletableFuture@43bcf6e0[Not completed]
2019-10-02 06:01:32,632 [pool-267-thread-1] INFO  impl.RaftServerImpl (RaftServerImpl.java:<init>(95)) - 2cc1da74-cc4a-4b71-acb8-7c5b6c8e0a3d: new RaftServerImpl for group-C334A03DD292:[2cc1da74-cc4a-4b71-acb8-7c5b6c8e0a3d:192.168.164.241:34842] with ContainerStateMachine:uninitialized
2019-10-02 06:01:32,632 [pool-267-thread-1] INFO  server.RaftServerConfigKeys (ConfUtils.java:logGet(43)) - raft.server.rpc.timeout.min = 5s (custom)
2019-10-02 06:01:32,632 [pool-267-thread-1] INFO  server.RaftServerConfigKeys (ConfUtils.java:logGet(43)) - raft.server.rpc.timeout.max = 5200ms (custom)
2019-10-02 06:01:32,632 [pool-267-thread-1] INFO  server.RaftServerConfigKeys (ConfUtils.java:logGet(43)) - raft.server.rpcslowness.timeout = 120s (custom)
2019-10-02 06:01:32,632 [pool-267-thread-1] INFO  server.RaftServerConfigKeys (ConfUtils.java:logGet(43)) - raft.server.sleep.deviation.threshold = 300 (default)
2019-10-02 06:01:32,632 [pool-267-thread-1] INFO  server.RaftServerConfigKeys (ConfUtils.java:logGet(43)) - raft.server.log.appender.install.snapshot.enabled = false (custom)
2019-10-02 06:01:32,632 [pool-267-thread-1] INFO  impl.RaftServerImpl (ServerState.java:<init>(103)) - 2cc1da74-cc4a-4b71-acb8-7c5b6c8e0a3d@group-C334A03DD292: ConfigurationManager, init=-1: [2cc1da74-cc4a-4b71-acb8-7c5b6c8e0a3d:192.168.164.241:34842], old=null, confs=<EMPTY_MAP>
2019-10-02 06:01:32,632 [pool-267-thread-1] INFO  server.RaftServerConfigKeys (ConfUtils.java:logGet(43)) - raft.server.storage.dir = [/workdir/hadoop-ozone/integration-test/target/test-dir/MiniOzoneClusterImpl-6d54b700-d8a9-4c41-8dd0-ed0139d9985f/datanode-6/data/ratis] (custom)
2019-10-02 06:01:32,633 [pool-267-thread-1] INFO  server.RaftServerConfigKeys (ConfUtils.java:logGet(43)) - raft.server.log.corruption.policy = EXCEPTION (default)
2019-10-02 06:01:32,633 [pool-267-thread-1] INFO  storage.RaftStorageDirectory (RaftStorageDirectory.java:analyzeStorage(246)) - The storage directory /workdir/hadoop-ozone/integration-test/target/test-dir/MiniOzoneClusterImpl-6d54b700-d8a9-4c41-8dd0-ed0139d9985f/datanode-6/data/ratis/8fe59310-cec7-4dee-a9c0-c334a03dd292 does not exist. Creating ...
2019-10-02 06:01:32,747 [pool-267-thread-1] INFO  storage.RaftStorageDirectory (RaftStorageDirectory.java:tryLock(328)) - Lock on /workdir/hadoop-ozone/integration-test/target/test-dir/MiniOzoneClusterImpl-6d54b700-d8a9-4c41-8dd0-ed0139d9985f/datanode-6/data/ratis/8fe59310-cec7-4dee-a9c0-c334a03dd292/in_use.lock acquired by nodename 15596@trunk-nightly-20191002-p7fms-2058464235
2019-10-02 06:01:32,747 [pool-383-thread-1] INFO  storage.RaftStorageDirectory (RaftStorageDirectory.java:tryLock(328)) - Lock on /workdir/hadoop-ozone/integration-test/target/test-dir/MiniOzoneClusterImpl-d19c4ee3-b928-4c33-bb8a-b56070bebaf7/datanode-0/data/ratis/4d7829fc-1394-43f3-82e2-78c2d17bde60/in_use.lock acquired by nodename 15596@trunk-nightly-20191002-p7fms-2058464235
2019-10-02 06:01:32,763 [pool-267-thread-1] INFO  storage.RaftStorage (RaftStorage.java:format(84)) - Storage directory /workdir/hadoop-ozone/integration-test/target/test-dir/MiniOzoneClusterImpl-6d54b700-d8a9-4c41-8dd0-ed0139d9985f/datanode-6/data/ratis/8fe59310-cec7-4dee-a9c0-c334a03dd292 has been successfully formatted.
2019-10-02 06:01:32,763 [pool-383-thread-1] INFO  storage.RaftStorage (RaftStorage.java:format(84)) - Storage directory /workdir/hadoop-ozone/integration-test/target/test-dir/MiniOzoneClusterImpl-d19c4ee3-b928-4c33-bb8a-b56070bebaf7/datanode-0/data/ratis/4d7829fc-1394-43f3-82e2-78c2d17bde60 has been successfully formatted.
2019-10-02 06:01:32,763 [pool-267-thread-1] INFO  ratis.ContainerStateMachine (ContainerStateMachine.java:loadSnapshot(230)) - group-C334A03DD292: The snapshot info is null. Setting the last applied indexto:(t:0, i:~)
2019-10-02 06:01:32,763 [pool-383-thread-1] INFO  ratis.ContainerStateMachine (ContainerStateMachine.java:loadSnapshot(230)) - group-78C2D17BDE60: The snapshot info is null. Setting the last applied indexto:(t:0, i:~)
2019-10-02 06:01:32,764 [pool-267-thread-1] INFO  server.RaftServerConfigKeys (ConfUtils.java:logGet(43)) - raft.server.notification.no-leader.timeout = 120s (custom)
2019-10-02 06:01:32,764 [pool-383-thread-1] INFO  server.RaftServerConfigKeys (ConfUtils.java:logGet(43)) - raft.server.notification.no-leader.timeout = 120s (custom)
2019-10-02 06:01:32,764 [pool-267-thread-1] INFO  server.RaftServerConfigKeys (ConfUtils.java:logGet(43)) - raft.server.log.use.memory = false (default)
2019-10-02 06:01:32,764 [pool-383-thread-1] INFO  server.RaftServerConfigKeys (ConfUtils.java:logGet(43)) - raft.server.log.use.memory = false (default)
2019-10-02 06:01:32,764 [pool-267-thread-1] INFO  server.RaftServerConfigKeys (ConfUtils.java:logGet(43)) - raft.server.log.purge.gap = 1000000 (custom)
2019-10-02 06:01:32,764 [pool-383-thread-1] INFO  server.RaftServerConfigKeys (ConfUtils.java:logGet(43)) - raft.server.log.purge.gap = 1000000 (custom)
2019-10-02 06:01:32,764 [pool-267-thread-1] INFO  server.RaftServerConfigKeys (ConfUtils.java:logGet(43)) - raft.server.log.appender.buffer.byte-limit = 33554432 (custom)
2019-10-02 06:01:32,764 [pool-383-thread-1] INFO  server.RaftServerConfigKeys (ConfUtils.java:logGet(43)) - raft.server.log.appender.buffer.byte-limit = 33554432 (custom)
2019-10-02 06:01:32,764 [pool-267-thread-1] INFO  server.RaftServerConfigKeys (ConfUtils.java:logGet(43)) - raft.server.log.segment.size.max = 1048576 (custom)
2019-10-02 06:01:32,764 [pool-383-thread-1] INFO  server.RaftServerConfigKeys (ConfUtils.java:logGet(43)) - raft.server.log.segment.size.max = 1048576 (custom)
2019-10-02 06:01:32,767 [pool-383-thread-1] INFO  server.RaftServerConfigKeys (ConfUtils.java:logGet(43)) - raft.server.log.segment.cache.num.max = 2 (custom)
2019-10-02 06:01:32,767 [pool-267-thread-1] INFO  server.RaftServerConfigKeys (ConfUtils.java:logGet(43)) - raft.server.log.segment.cache.num.max = 2 (custom)
2019-10-02 06:01:32,767 [pool-383-thread-1] INFO  segmented.SegmentedRaftLogWorker (SegmentedRaftLogWorker.java:<init>(173)) - new 81107746-fc7b-4f7d-bb48-19eaec9a3429@group-78C2D17BDE60-SegmentedRaftLogWorker for RaftStorage:Storage Directory /workdir/hadoop-ozone/integration-test/target/test-dir/MiniOzoneClusterImpl-d19c4ee3-b928-4c33-bb8a-b56070bebaf7/datanode-0/data/ratis/4d7829fc-1394-43f3-82e2-78c2d17bde60
2019-10-02 06:01:32,767 [pool-267-thread-1] INFO  segmented.SegmentedRaftLogWorker (SegmentedRaftLogWorker.java:<init>(173)) - new 2cc1da74-cc4a-4b71-acb8-7c5b6c8e0a3d@group-C334A03DD292-SegmentedRaftLogWorker for RaftStorage:Storage Directory /workdir/hadoop-ozone/integration-test/target/test-dir/MiniOzoneClusterImpl-6d54b700-d8a9-4c41-8dd0-ed0139d9985f/datanode-6/data/ratis/8fe59310-cec7-4dee-a9c0-c334a03dd292
2019-10-02 06:01:32,767 [pool-383-thread-1] INFO  server.RaftServerConfigKeys (ConfUtils.java:logGet(43)) - raft.server.log.queue.byte-limit = 2147483647 (custom)
2019-10-02 06:01:32,767 [pool-267-thread-1] INFO  server.RaftServerConfigKeys (ConfUtils.java:logGet(43)) - raft.server.log.queue.byte-limit = 2147483647 (custom)
2019-10-02 06:01:32,767 [pool-383-thread-1] INFO  server.RaftServerConfigKeys (ConfUtils.java:logGet(43)) - raft.server.log.queue.element-limit = 1024 (custom)
2019-10-02 06:01:32,768 [pool-267-thread-1] INFO  server.RaftServerConfigKeys (ConfUtils.java:logGet(43)) - raft.server.log.queue.element-limit = 1024 (custom)
2019-10-02 06:01:32,768 [pool-383-thread-1] INFO  server.RaftServerConfigKeys (ConfUtils.java:logGet(43)) - raft.server.log.segment.size.max = 1048576 (custom)
2019-10-02 06:01:32,768 [pool-267-thread-1] INFO  server.RaftServerConfigKeys (ConfUtils.java:logGet(43)) - raft.server.log.segment.size.max = 1048576 (custom)
2019-10-02 06:01:32,768 [pool-383-thread-1] INFO  server.RaftServerConfigKeys (ConfUtils.java:logGet(43)) - raft.server.log.preallocated.size = 16384 (custom)
2019-10-02 06:01:32,768 [pool-267-thread-1] INFO  server.RaftServerConfigKeys (ConfUtils.java:logGet(43)) - raft.server.log.preallocated.size = 16384 (custom)
2019-10-02 06:01:32,768 [pool-383-thread-1] INFO  server.RaftServerConfigKeys (ConfUtils.java:logGet(43)) - raft.server.log.write.buffer.size = 33554432 (custom)
2019-10-02 06:01:32,768 [pool-267-thread-1] INFO  server.RaftServerConfigKeys (ConfUtils.java:logGet(43)) - raft.server.log.write.buffer.size = 33554432 (custom)
2019-10-02 06:01:32,768 [pool-383-thread-1] INFO  server.RaftServerConfigKeys (ConfUtils.java:logGet(43)) - raft.server.log.force.sync.num = 128 (default)
2019-10-02 06:01:32,768 [pool-267-thread-1] INFO  server.RaftServerConfigKeys (ConfUtils.java:logGet(43)) - raft.server.log.force.sync.num = 128 (default)
2019-10-02 06:01:32,769 [pool-383-thread-1] INFO  server.RaftServerConfigKeys (ConfUtils.java:logGet(43)) - raft.server.log.statemachine.data.sync = true (default)
2019-10-02 06:01:32,769 [pool-267-thread-1] INFO  server.RaftServerConfigKeys (ConfUtils.java:logGet(43)) - raft.server.log.statemachine.data.sync = true (default)
2019-10-02 06:01:32,769 [pool-383-thread-1] INFO  server.RaftServerConfigKeys (ConfUtils.java:logGet(43)) - raft.server.log.statemachine.data.sync.timeout = 10s (default)
2019-10-02 06:01:32,769 [pool-267-thread-1] INFO  server.RaftServerConfigKeys (ConfUtils.java:logGet(43)) - raft.server.log.statemachine.data.sync.timeout = 10s (default)
2019-10-02 06:01:32,769 [pool-383-thread-1] INFO  server.RaftServerConfigKeys (ConfUtils.java:logGet(43)) - raft.server.log.statemachine.data.sync.timeout.retry = -1 (default)
2019-10-02 06:01:32,769 [pool-267-thread-1] INFO  server.RaftServerConfigKeys (ConfUtils.java:logGet(43)) - raft.server.log.statemachine.data.sync.timeout.retry = -1 (default)
2019-10-02 06:01:32,769 [pool-383-thread-1] INFO  server.RaftServerConfigKeys (ConfUtils.java:logGet(43)) - raft.server.log.statemachine.data.caching.enabled = true (custom)
2019-10-02 06:01:32,769 [pool-267-thread-1] INFO  server.RaftServerConfigKeys (ConfUtils.java:logGet(43)) - raft.server.log.statemachine.data.caching.enabled = true (custom)
2019-10-02 06:01:32,770 [pool-383-thread-1] INFO  segmented.SegmentedRaftLogWorker (SegmentedRaftLogWorker.java:lambda$new$0(128)) - 81107746-fc7b-4f7d-bb48-19eaec9a3429@group-78C2D17BDE60-SegmentedRaftLogWorker: flushIndex: setUnconditionally 0 -> -1
2019-10-02 06:01:32,770 [pool-267-thread-1] INFO  segmented.SegmentedRaftLogWorker (SegmentedRaftLogWorker.java:lambda$new$0(128)) - 2cc1da74-cc4a-4b71-acb8-7c5b6c8e0a3d@group-C334A03DD292-SegmentedRaftLogWorker: flushIndex: setUnconditionally 0 -> -1
2019-10-02 06:01:32,770 [pool-383-thread-1] INFO  server.RaftServerConfigKeys (ConfUtils.java:logGet(43)) - raft.server.snapshot.auto.trigger.enabled = true (custom)
2019-10-02 06:01:32,770 [pool-267-thread-1] INFO  server.RaftServerConfigKeys (ConfUtils.java:logGet(43)) - raft.server.snapshot.auto.trigger.enabled = true (custom)
2019-10-02 06:01:32,770 [pool-383-thread-1] INFO  server.RaftServerConfigKeys (ConfUtils.java:logGet(43)) - raft.server.snapshot.auto.trigger.threshold = 10000 (custom)
2019-10-02 06:01:32,770 [pool-267-thread-1] INFO  server.RaftServerConfigKeys (ConfUtils.java:logGet(43)) - raft.server.snapshot.auto.trigger.threshold = 10000 (custom)
2019-10-02 06:01:32,770 [pool-383-thread-1] INFO  server.RaftServerConfigKeys (ConfUtils.java:logGet(43)) - raft.server.snapshot.retention.file.num = 5 (custom)
2019-10-02 06:01:32,770 [pool-267-thread-1] INFO  server.RaftServerConfigKeys (ConfUtils.java:logGet(43)) - raft.server.snapshot.retention.file.num = 5 (custom)
2019-10-02 06:01:32,771 [pool-383-thread-1] INFO  server.RaftServerConfigKeys (ConfUtils.java:logGet(43)) - raft.server.retrycache.expirytime = 600000ms (custom)
2019-10-02 06:01:32,771 [pool-267-thread-1] INFO  server.RaftServerConfigKeys (ConfUtils.java:logGet(43)) - raft.server.retrycache.expirytime = 600000ms (custom)
2019-10-02 06:01:32,773 [pool-267-thread-1] INFO  impl.RaftServerImpl (RaftServerImpl.java:start(181)) - 2cc1da74-cc4a-4b71-acb8-7c5b6c8e0a3d@group-C334A03DD292: start as a follower, conf=-1: [2cc1da74-cc4a-4b71-acb8-7c5b6c8e0a3d:192.168.164.241:34842], old=null
2019-10-02 06:01:32,773 [pool-267-thread-1] INFO  impl.RaftServerImpl (RaftServerImpl.java:setRole(170)) - 2cc1da74-cc4a-4b71-acb8-7c5b6c8e0a3d@group-C334A03DD292: changes role from      null to FOLLOWER at term 0 for startAsFollower
2019-10-02 06:01:32,773 [pool-383-thread-1] INFO  impl.RaftServerImpl (RaftServerImpl.java:start(181)) - 81107746-fc7b-4f7d-bb48-19eaec9a3429@group-78C2D17BDE60: start as a follower, conf=-1: [81107746-fc7b-4f7d-bb48-19eaec9a3429:192.168.164.241:38292], old=null
2019-10-02 06:01:32,773 [pool-267-thread-1] INFO  impl.RoleInfo (RoleInfo.java:updateAndGet(143)) - 2cc1da74-cc4a-4b71-acb8-7c5b6c8e0a3d: start FollowerState
2019-10-02 06:01:32,773 [pool-383-thread-1] INFO  impl.RaftServerImpl (RaftServerImpl.java:setRole(170)) - 81107746-fc7b-4f7d-bb48-19eaec9a3429@group-78C2D17BDE60: changes role from      null to FOLLOWER at term 0 for startAsFollower
2019-10-02 06:01:32,773 [pool-383-thread-1] INFO  impl.RoleInfo (RoleInfo.java:updateAndGet(143)) - 81107746-fc7b-4f7d-bb48-19eaec9a3429: start FollowerState
2019-10-02 06:01:32,774 [pool-267-thread-1] INFO  util.JmxRegister (JmxRegister.java:tryRegister(44)) - Successfully registered JMX Bean with object name Ratis:service=RaftServer,group=group-C334A03DD292,id=2cc1da74-cc4a-4b71-acb8-7c5b6c8e0a3d
2019-10-02 06:01:32,774 [pool-383-thread-1] INFO  util.JmxRegister (JmxRegister.java:tryRegister(44)) - Successfully registered JMX Bean with object name Ratis:service=RaftServer,group=group-78C2D17BDE60,id=81107746-fc7b-4f7d-bb48-19eaec9a3429
2019-10-02 06:01:32,777 [IPC Server handler 0 on 46363] INFO  net.NetworkTopology (NetworkTopologyImpl.java:add(111)) - Added a new node: /default-rack/27b60616-8831-445e-96a0-6599c4b1840d
2019-10-02 06:01:32,777 [IPC Server handler 0 on 46363] INFO  node.SCMNodeManager (SCMNodeManager.java:register(266)) - Registered Data node : 27b60616-8831-445e-96a0-6599c4b1840d{ip: 192.168.164.241, host: trunk-nightly-20191002-p7fms-2058464235, networkLocation: /default-rack, certSerialId: null}
2019-10-02 06:01:32,778 [RatisPipelineUtilsThread] INFO  pipeline.PipelineStateManager (PipelineStateManager.java:addPipeline(56)) - Created pipeline Pipeline[ Id: 4d7829fc-1394-43f3-82e2-78c2d17bde60, Nodes: 81107746-fc7b-4f7d-bb48-19eaec9a3429{ip: 192.168.164.241, host: trunk-nightly-20191002-p7fms-2058464235, networkLocation: /default-rack, certSerialId: null}, Type:RATIS, Factor:ONE, State:OPEN]
2019-10-02 06:01:32,778 [RatisPipelineUtilsThread] INFO  pipeline.PipelineStateManager (PipelineStateManager.java:addPipeline(56)) - Created pipeline Pipeline[ Id: 8fe59310-cec7-4dee-a9c0-c334a03dd292, Nodes: 2cc1da74-cc4a-4b71-acb8-7c5b6c8e0a3d{ip: 192.168.164.241, host: trunk-nightly-20191002-p7fms-2058464235, networkLocation: /default-rack, certSerialId: null}, Type:RATIS, Factor:ONE, State:OPEN]
2019-10-02 06:01:32,788 [grpc-default-executor-6] INFO  impl.RaftServerProxy (RaftServerProxy.java:addNew(89)) - e42cb2ac-a177-4fa6-8504-5499b822a004: addNew group-6CB2747E57B8:[e42cb2ac-a177-4fa6-8504-5499b822a004:192.168.164.241:40096] returns group-6CB2747E57B8:java.util.concurrent.CompletableFuture@170e1ec2[Not completed]
2019-10-02 06:01:32,789 [pool-393-thread-1] INFO  impl.RaftServerImpl (RaftServerImpl.java:<init>(95)) - e42cb2ac-a177-4fa6-8504-5499b822a004: new RaftServerImpl for group-6CB2747E57B8:[e42cb2ac-a177-4fa6-8504-5499b822a004:192.168.164.241:40096] with ContainerStateMachine:uninitialized
2019-10-02 06:01:32,789 [pool-393-thread-1] INFO  server.RaftServerConfigKeys (ConfUtils.java:logGet(43)) - raft.server.rpc.timeout.min = 5s (custom)
2019-10-02 06:01:32,789 [pool-393-thread-1] INFO  server.RaftServerConfigKeys (ConfUtils.java:logGet(43)) - raft.server.rpc.timeout.max = 5200ms (custom)
2019-10-02 06:01:32,789 [pool-393-thread-1] INFO  server.RaftServerConfigKeys (ConfUtils.java:logGet(43)) - raft.server.rpcslowness.timeout = 120s (custom)
2019-10-02 06:01:32,789 [pool-393-thread-1] INFO  server.RaftServerConfigKeys (ConfUtils.java:logGet(43)) - raft.server.sleep.deviation.threshold = 300 (default)
2019-10-02 06:01:32,789 [pool-393-thread-1] INFO  server.RaftServerConfigKeys (ConfUtils.java:logGet(43)) - raft.server.log.appender.install.snapshot.enabled = false (custom)
2019-10-02 06:01:32,790 [pool-393-thread-1] INFO  impl.RaftServerImpl (ServerState.java:<init>(103)) - e42cb2ac-a177-4fa6-8504-5499b822a004@group-6CB2747E57B8: ConfigurationManager, init=-1: [e42cb2ac-a177-4fa6-8504-5499b822a004:192.168.164.241:40096], old=null, confs=<EMPTY_MAP>
2019-10-02 06:01:32,790 [pool-393-thread-1] INFO  server.RaftServerConfigKeys (ConfUtils.java:logGet(43)) - raft.server.storage.dir = [/workdir/hadoop-ozone/integration-test/target/test-dir/MiniOzoneClusterImpl-d19c4ee3-b928-4c33-bb8a-b56070bebaf7/datanode-1/data/ratis] (custom)
2019-10-02 06:01:32,790 [pool-393-thread-1] INFO  server.RaftServerConfigKeys (ConfUtils.java:logGet(43)) - raft.server.log.corruption.policy = EXCEPTION (default)
2019-10-02 06:01:32,790 [pool-393-thread-1] INFO  storage.RaftStorageDirectory (RaftStorageDirectory.java:analyzeStorage(246)) - The storage directory /workdir/hadoop-ozone/integration-test/target/test-dir/MiniOzoneClusterImpl-d19c4ee3-b928-4c33-bb8a-b56070bebaf7/datanode-1/data/ratis/baffa31a-2a5e-48d4-9090-6cb2747e57b8 does not exist. Creating ...
2019-10-02 06:01:32,799 [pool-393-thread-1] INFO  storage.RaftStorageDirectory (RaftStorageDirectory.java:tryLock(328)) - Lock on /workdir/hadoop-ozone/integration-test/target/test-dir/MiniOzoneClusterImpl-d19c4ee3-b928-4c33-bb8a-b56070bebaf7/datanode-1/data/ratis/baffa31a-2a5e-48d4-9090-6cb2747e57b8/in_use.lock acquired by nodename 15596@trunk-nightly-20191002-p7fms-2058464235
2019-10-02 06:01:32,812 [pool-393-thread-1] INFO  storage.RaftStorage (RaftStorage.java:format(84)) - Storage directory /workdir/hadoop-ozone/integration-test/target/test-dir/MiniOzoneClusterImpl-d19c4ee3-b928-4c33-bb8a-b56070bebaf7/datanode-1/data/ratis/baffa31a-2a5e-48d4-9090-6cb2747e57b8 has been successfully formatted.
2019-10-02 06:01:32,812 [pool-393-thread-1] INFO  ratis.ContainerStateMachine (ContainerStateMachine.java:loadSnapshot(230)) - group-6CB2747E57B8: The snapshot info is null. Setting the last applied indexto:(t:0, i:~)
2019-10-02 06:01:32,812 [pool-393-thread-1] INFO  server.RaftServerConfigKeys (ConfUtils.java:logGet(43)) - raft.server.notification.no-leader.timeout = 120s (custom)
2019-10-02 06:01:32,813 [pool-393-thread-1] INFO  server.RaftServerConfigKeys (ConfUtils.java:logGet(43)) - raft.server.log.use.memory = false (default)
2019-10-02 06:01:32,813 [pool-393-thread-1] INFO  server.RaftServerConfigKeys (ConfUtils.java:logGet(43)) - raft.server.log.purge.gap = 1000000 (custom)
2019-10-02 06:01:32,813 [pool-393-thread-1] INFO  server.RaftServerConfigKeys (ConfUtils.java:logGet(43)) - raft.server.log.appender.buffer.byte-limit = 33554432 (custom)
2019-10-02 06:01:32,813 [pool-393-thread-1] INFO  server.RaftServerConfigKeys (ConfUtils.java:logGet(43)) - raft.server.log.segment.size.max = 1048576 (custom)
2019-10-02 06:01:32,814 [pool-393-thread-1] INFO  server.RaftServerConfigKeys (ConfUtils.java:logGet(43)) - raft.server.log.segment.cache.num.max = 2 (custom)
2019-10-02 06:01:32,815 [pool-393-thread-1] INFO  segmented.SegmentedRaftLogWorker (SegmentedRaftLogWorker.java:<init>(173)) - new e42cb2ac-a177-4fa6-8504-5499b822a004@group-6CB2747E57B8-SegmentedRaftLogWorker for RaftStorage:Storage Directory /workdir/hadoop-ozone/integration-test/target/test-dir/MiniOzoneClusterImpl-d19c4ee3-b928-4c33-bb8a-b56070bebaf7/datanode-1/data/ratis/baffa31a-2a5e-48d4-9090-6cb2747e57b8
2019-10-02 06:01:32,815 [pool-393-thread-1] INFO  server.RaftServerConfigKeys (ConfUtils.java:logGet(43)) - raft.server.log.queue.byte-limit = 2147483647 (custom)
2019-10-02 06:01:32,815 [pool-393-thread-1] INFO  server.RaftServerConfigKeys (ConfUtils.java:logGet(43)) - raft.server.log.queue.element-limit = 1024 (custom)
2019-10-02 06:01:32,815 [pool-393-thread-1] INFO  server.RaftServerConfigKeys (ConfUtils.java:logGet(43)) - raft.server.log.segment.size.max = 1048576 (custom)
2019-10-02 06:01:32,815 [pool-393-thread-1] INFO  server.RaftServerConfigKeys (ConfUtils.java:logGet(43)) - raft.server.log.preallocated.size = 16384 (custom)
2019-10-02 06:01:32,815 [pool-393-thread-1] INFO  server.RaftServerConfigKeys (ConfUtils.java:logGet(43)) - raft.server.log.write.buffer.size = 33554432 (custom)
2019-10-02 06:01:32,815 [pool-393-thread-1] INFO  server.RaftServerConfigKeys (ConfUtils.java:logGet(43)) - raft.server.log.force.sync.num = 128 (default)
2019-10-02 06:01:32,815 [pool-393-thread-1] INFO  server.RaftServerConfigKeys (ConfUtils.java:logGet(43)) - raft.server.log.statemachine.data.sync = true (default)
2019-10-02 06:01:32,816 [pool-393-thread-1] INFO  server.RaftServerConfigKeys (ConfUtils.java:logGet(43)) - raft.server.log.statemachine.data.sync.timeout = 10s (default)
2019-10-02 06:01:32,816 [pool-393-thread-1] INFO  server.RaftServerConfigKeys (ConfUtils.java:logGet(43)) - raft.server.log.statemachine.data.sync.timeout.retry = -1 (default)
2019-10-02 06:01:32,816 [pool-393-thread-1] INFO  server.RaftServerConfigKeys (ConfUtils.java:logGet(43)) - raft.server.log.statemachine.data.caching.enabled = true (custom)
2019-10-02 06:01:32,816 [pool-393-thread-1] INFO  segmented.SegmentedRaftLogWorker (SegmentedRaftLogWorker.java:lambda$new$0(128)) - e42cb2ac-a177-4fa6-8504-5499b822a004@group-6CB2747E57B8-SegmentedRaftLogWorker: flushIndex: setUnconditionally 0 -> -1
2019-10-02 06:01:32,816 [pool-393-thread-1] INFO  server.RaftServerConfigKeys (ConfUtils.java:logGet(43)) - raft.server.snapshot.auto.trigger.enabled = true (custom)
2019-10-02 06:01:32,817 [pool-393-thread-1] INFO  server.RaftServerConfigKeys (ConfUtils.java:logGet(43)) - raft.server.snapshot.auto.trigger.threshold = 10000 (custom)
2019-10-02 06:01:32,817 [pool-393-thread-1] INFO  server.RaftServerConfigKeys (ConfUtils.java:logGet(43)) - raft.server.snapshot.retention.file.num = 5 (custom)
2019-10-02 06:01:32,817 [pool-393-thread-1] INFO  server.RaftServerConfigKeys (ConfUtils.java:logGet(43)) - raft.server.retrycache.expirytime = 600000ms (custom)
2019-10-02 06:01:32,818 [pool-393-thread-1] INFO  impl.RaftServerImpl (RaftServerImpl.java:start(181)) - e42cb2ac-a177-4fa6-8504-5499b822a004@group-6CB2747E57B8: start as a follower, conf=-1: [e42cb2ac-a177-4fa6-8504-5499b822a004:192.168.164.241:40096], old=null
2019-10-02 06:01:32,818 [pool-393-thread-1] INFO  impl.RaftServerImpl (RaftServerImpl.java:setRole(170)) - e42cb2ac-a177-4fa6-8504-5499b822a004@group-6CB2747E57B8: changes role from      null to FOLLOWER at term 0 for startAsFollower
2019-10-02 06:01:32,818 [pool-393-thread-1] INFO  impl.RoleInfo (RoleInfo.java:updateAndGet(143)) - e42cb2ac-a177-4fa6-8504-5499b822a004: start FollowerState
2019-10-02 06:01:32,819 [pool-393-thread-1] INFO  util.JmxRegister (JmxRegister.java:tryRegister(44)) - Successfully registered JMX Bean with object name Ratis:service=RaftServer,group=group-6CB2747E57B8,id=e42cb2ac-a177-4fa6-8504-5499b822a004
2019-10-02 06:01:32,822 [RatisPipelineUtilsThread] INFO  pipeline.PipelineStateManager (PipelineStateManager.java:addPipeline(56)) - Created pipeline Pipeline[ Id: baffa31a-2a5e-48d4-9090-6cb2747e57b8, Nodes: e42cb2ac-a177-4fa6-8504-5499b822a004{ip: 192.168.164.241, host: trunk-nightly-20191002-p7fms-2058464235, networkLocation: /default-rack, certSerialId: null}, Type:RATIS, Factor:ONE, State:OPEN]
2019-10-02 06:01:32,830 [grpc-default-executor-6] INFO  impl.RaftServerProxy (RaftServerProxy.java:addNew(89)) - 27b60616-8831-445e-96a0-6599c4b1840d: addNew group-2D9879B30857:[27b60616-8831-445e-96a0-6599c4b1840d:192.168.164.241:34766] returns group-2D9879B30857:java.util.concurrent.CompletableFuture@13a97fbc[Not completed]
2019-10-02 06:01:32,831 [pool-403-thread-1] INFO  impl.RaftServerImpl (RaftServerImpl.java:<init>(95)) - 27b60616-8831-445e-96a0-6599c4b1840d: new RaftServerImpl for group-2D9879B30857:[27b60616-8831-445e-96a0-6599c4b1840d:192.168.164.241:34766] with ContainerStateMachine:uninitialized
2019-10-02 06:01:32,831 [pool-403-thread-1] INFO  server.RaftServerConfigKeys (ConfUtils.java:logGet(43)) - raft.server.rpc.timeout.min = 5s (custom)
2019-10-02 06:01:32,832 [pool-403-thread-1] INFO  server.RaftServerConfigKeys (ConfUtils.java:logGet(43)) - raft.server.rpc.timeout.max = 5200ms (custom)
2019-10-02 06:01:32,832 [pool-403-thread-1] INFO  server.RaftServerConfigKeys (ConfUtils.java:logGet(43)) - raft.server.rpcslowness.timeout = 120s (custom)
2019-10-02 06:01:32,832 [pool-403-thread-1] INFO  server.RaftServerConfigKeys (ConfUtils.java:logGet(43)) - raft.server.sleep.deviation.threshold = 300 (default)
2019-10-02 06:01:32,832 [pool-403-thread-1] INFO  server.RaftServerConfigKeys (ConfUtils.java:logGet(43)) - raft.server.log.appender.install.snapshot.enabled = false (custom)
2019-10-02 06:01:32,832 [pool-403-thread-1] INFO  impl.RaftServerImpl (ServerState.java:<init>(103)) - 27b60616-8831-445e-96a0-6599c4b1840d@group-2D9879B30857: ConfigurationManager, init=-1: [27b60616-8831-445e-96a0-6599c4b1840d:192.168.164.241:34766], old=null, confs=<EMPTY_MAP>
2019-10-02 06:01:32,832 [pool-403-thread-1] INFO  server.RaftServerConfigKeys (ConfUtils.java:logGet(43)) - raft.server.storage.dir = [/workdir/hadoop-ozone/integration-test/target/test-dir/MiniOzoneClusterImpl-d19c4ee3-b928-4c33-bb8a-b56070bebaf7/datanode-2/data/ratis] (custom)
2019-10-02 06:01:32,832 [pool-403-thread-1] INFO  server.RaftServerConfigKeys (ConfUtils.java:logGet(43)) - raft.server.log.corruption.policy = EXCEPTION (default)
2019-10-02 06:01:32,832 [pool-403-thread-1] INFO  storage.RaftStorageDirectory (RaftStorageDirectory.java:analyzeStorage(246)) - The storage directory /workdir/hadoop-ozone/integration-test/target/test-dir/MiniOzoneClusterImpl-d19c4ee3-b928-4c33-bb8a-b56070bebaf7/datanode-2/data/ratis/a272e788-2233-4c2e-ac7a-2d9879b30857 does not exist. Creating ...
2019-10-02 06:01:32,845 [pool-403-thread-1] INFO  storage.RaftStorageDirectory (RaftStorageDirectory.java:tryLock(328)) - Lock on /workdir/hadoop-ozone/integration-test/target/test-dir/MiniOzoneClusterImpl-d19c4ee3-b928-4c33-bb8a-b56070bebaf7/datanode-2/data/ratis/a272e788-2233-4c2e-ac7a-2d9879b30857/in_use.lock acquired by nodename 15596@trunk-nightly-20191002-p7fms-2058464235
2019-10-02 06:01:32,859 [pool-403-thread-1] INFO  storage.RaftStorage (RaftStorage.java:format(84)) - Storage directory /workdir/hadoop-ozone/integration-test/target/test-dir/MiniOzoneClusterImpl-d19c4ee3-b928-4c33-bb8a-b56070bebaf7/datanode-2/data/ratis/a272e788-2233-4c2e-ac7a-2d9879b30857 has been successfully formatted.
2019-10-02 06:01:32,859 [pool-403-thread-1] INFO  ratis.ContainerStateMachine (ContainerStateMachine.java:loadSnapshot(230)) - group-2D9879B30857: The snapshot info is null. Setting the last applied indexto:(t:0, i:~)
2019-10-02 06:01:32,859 [pool-403-thread-1] INFO  server.RaftServerConfigKeys (ConfUtils.java:logGet(43)) - raft.server.notification.no-leader.timeout = 120s (custom)
2019-10-02 06:01:32,859 [pool-403-thread-1] INFO  server.RaftServerConfigKeys (ConfUtils.java:logGet(43)) - raft.server.log.use.memory = false (default)
2019-10-02 06:01:32,859 [pool-403-thread-1] INFO  server.RaftServerConfigKeys (ConfUtils.java:logGet(43)) - raft.server.log.purge.gap = 1000000 (custom)
2019-10-02 06:01:32,860 [pool-403-thread-1] INFO  server.RaftServerConfigKeys (ConfUtils.java:logGet(43)) - raft.server.log.appender.buffer.byte-limit = 33554432 (custom)
2019-10-02 06:01:32,860 [pool-403-thread-1] INFO  server.RaftServerConfigKeys (ConfUtils.java:logGet(43)) - raft.server.log.segment.size.max = 1048576 (custom)
2019-10-02 06:01:32,861 [pool-403-thread-1] INFO  server.RaftServerConfigKeys (ConfUtils.java:logGet(43)) - raft.server.log.segment.cache.num.max = 2 (custom)
2019-10-02 06:01:32,861 [pool-403-thread-1] INFO  segmented.SegmentedRaftLogWorker (SegmentedRaftLogWorker.java:<init>(173)) - new 27b60616-8831-445e-96a0-6599c4b1840d@group-2D9879B30857-SegmentedRaftLogWorker for RaftStorage:Storage Directory /workdir/hadoop-ozone/integration-test/target/test-dir/MiniOzoneClusterImpl-d19c4ee3-b928-4c33-bb8a-b56070bebaf7/datanode-2/data/ratis/a272e788-2233-4c2e-ac7a-2d9879b30857
2019-10-02 06:01:32,861 [pool-403-thread-1] INFO  server.RaftServerConfigKeys (ConfUtils.java:logGet(43)) - raft.server.log.queue.byte-limit = 2147483647 (custom)
2019-10-02 06:01:32,861 [pool-403-thread-1] INFO  server.RaftServerConfigKeys (ConfUtils.java:logGet(43)) - raft.server.log.queue.element-limit = 1024 (custom)
2019-10-02 06:01:32,861 [pool-403-thread-1] INFO  server.RaftServerConfigKeys (ConfUtils.java:logGet(43)) - raft.server.log.segment.size.max = 1048576 (custom)
2019-10-02 06:01:32,861 [pool-403-thread-1] INFO  server.RaftServerConfigKeys (ConfUtils.java:logGet(43)) - raft.server.log.preallocated.size = 16384 (custom)
2019-10-02 06:01:32,862 [pool-403-thread-1] INFO  server.RaftServerConfigKeys (ConfUtils.java:logGet(43)) - raft.server.log.write.buffer.size = 33554432 (custom)
2019-10-02 06:01:32,862 [pool-403-thread-1] INFO  server.RaftServerConfigKeys (ConfUtils.java:logGet(43)) - raft.server.log.force.sync.num = 128 (default)
2019-10-02 06:01:32,862 [pool-403-thread-1] INFO  server.RaftServerConfigKeys (ConfUtils.java:logGet(43)) - raft.server.log.statemachine.data.sync = true (default)
2019-10-02 06:01:32,862 [pool-403-thread-1] INFO  server.RaftServerConfigKeys (ConfUtils.java:logGet(43)) - raft.server.log.statemachine.data.sync.timeout = 10s (default)
2019-10-02 06:01:32,862 [pool-403-thread-1] INFO  server.RaftServerConfigKeys (ConfUtils.java:logGet(43)) - raft.server.log.statemachine.data.sync.timeout.retry = -1 (default)
2019-10-02 06:01:32,862 [pool-403-thread-1] INFO  server.RaftServerConfigKeys (ConfUtils.java:logGet(43)) - raft.server.log.statemachine.data.caching.enabled = true (custom)
2019-10-02 06:01:32,862 [pool-403-thread-1] INFO  segmented.SegmentedRaftLogWorker (SegmentedRaftLogWorker.java:lambda$new$0(128)) - 27b60616-8831-445e-96a0-6599c4b1840d@group-2D9879B30857-SegmentedRaftLogWorker: flushIndex: setUnconditionally 0 -> -1
2019-10-02 06:01:32,863 [pool-403-thread-1] INFO  server.RaftServerConfigKeys (ConfUtils.java:logGet(43)) - raft.server.snapshot.auto.trigger.enabled = true (custom)
2019-10-02 06:01:32,863 [pool-403-thread-1] INFO  server.RaftServerConfigKeys (ConfUtils.java:logGet(43)) - raft.server.snapshot.auto.trigger.threshold = 10000 (custom)
2019-10-02 06:01:32,863 [pool-403-thread-1] INFO  server.RaftServerConfigKeys (ConfUtils.java:logGet(43)) - raft.server.snapshot.retention.file.num = 5 (custom)
2019-10-02 06:01:32,863 [pool-403-thread-1] INFO  server.RaftServerConfigKeys (ConfUtils.java:logGet(43)) - raft.server.retrycache.expirytime = 600000ms (custom)
2019-10-02 06:01:32,865 [pool-403-thread-1] INFO  impl.RaftServerImpl (RaftServerImpl.java:start(181)) - 27b60616-8831-445e-96a0-6599c4b1840d@group-2D9879B30857: start as a follower, conf=-1: [27b60616-8831-445e-96a0-6599c4b1840d:192.168.164.241:34766], old=null
2019-10-02 06:01:32,865 [pool-403-thread-1] INFO  impl.RaftServerImpl (RaftServerImpl.java:setRole(170)) - 27b60616-8831-445e-96a0-6599c4b1840d@group-2D9879B30857: changes role from      null to FOLLOWER at term 0 for startAsFollower
2019-10-02 06:01:32,865 [pool-403-thread-1] INFO  impl.RoleInfo (RoleInfo.java:updateAndGet(143)) - 27b60616-8831-445e-96a0-6599c4b1840d: start FollowerState
2019-10-02 06:01:32,865 [pool-403-thread-1] INFO  util.JmxRegister (JmxRegister.java:tryRegister(44)) - Successfully registered JMX Bean with object name Ratis:service=RaftServer,group=group-2D9879B30857,id=27b60616-8831-445e-96a0-6599c4b1840d
2019-10-02 06:01:32,868 [RatisPipelineUtilsThread] INFO  pipeline.PipelineStateManager (PipelineStateManager.java:addPipeline(56)) - Created pipeline Pipeline[ Id: a272e788-2233-4c2e-ac7a-2d9879b30857, Nodes: 27b60616-8831-445e-96a0-6599c4b1840d{ip: 192.168.164.241, host: trunk-nightly-20191002-p7fms-2058464235, networkLocation: /default-rack, certSerialId: null}, Type:RATIS, Factor:ONE, State:OPEN]
2019-10-02 06:01:32,887 [grpc-default-executor-4] INFO  impl.RaftServerProxy (RaftServerProxy.java:addNew(89)) - 81107746-fc7b-4f7d-bb48-19eaec9a3429: addNew group-94AF2783EC55:[e42cb2ac-a177-4fa6-8504-5499b822a004:192.168.164.241:40096, 81107746-fc7b-4f7d-bb48-19eaec9a3429:192.168.164.241:38292, 27b60616-8831-445e-96a0-6599c4b1840d:192.168.164.241:34766] returns group-94AF2783EC55:java.util.concurrent.CompletableFuture@2f56b595[Not completed]
2019-10-02 06:01:32,887 [grpc-default-executor-6] INFO  impl.RaftServerProxy (RaftServerProxy.java:addNew(89)) - e42cb2ac-a177-4fa6-8504-5499b822a004: addNew group-94AF2783EC55:[e42cb2ac-a177-4fa6-8504-5499b822a004:192.168.164.241:40096, 81107746-fc7b-4f7d-bb48-19eaec9a3429:192.168.164.241:38292, 27b60616-8831-445e-96a0-6599c4b1840d:192.168.164.241:34766] returns group-94AF2783EC55:java.util.concurrent.CompletableFuture@48a264ff[Not completed]
2019-10-02 06:01:32,887 [grpc-default-executor-2] INFO  impl.RaftServerProxy (RaftServerProxy.java:addNew(89)) - 27b60616-8831-445e-96a0-6599c4b1840d: addNew group-94AF2783EC55:[e42cb2ac-a177-4fa6-8504-5499b822a004:192.168.164.241:40096, 81107746-fc7b-4f7d-bb48-19eaec9a3429:192.168.164.241:38292, 27b60616-8831-445e-96a0-6599c4b1840d:192.168.164.241:34766] returns group-94AF2783EC55:java.util.concurrent.CompletableFuture@7a69537b[Not completed]
2019-10-02 06:01:32,889 [pool-383-thread-1] INFO  impl.RaftServerImpl (RaftServerImpl.java:<init>(95)) - 81107746-fc7b-4f7d-bb48-19eaec9a3429: new RaftServerImpl for group-94AF2783EC55:[e42cb2ac-a177-4fa6-8504-5499b822a004:192.168.164.241:40096, 81107746-fc7b-4f7d-bb48-19eaec9a3429:192.168.164.241:38292, 27b60616-8831-445e-96a0-6599c4b1840d:192.168.164.241:34766] with ContainerStateMachine:uninitialized
2019-10-02 06:01:32,889 [pool-383-thread-1] INFO  server.RaftServerConfigKeys (ConfUtils.java:logGet(43)) - raft.server.rpc.timeout.min = 5s (custom)
2019-10-02 06:01:32,889 [pool-383-thread-1] INFO  server.RaftServerConfigKeys (ConfUtils.java:logGet(43)) - raft.server.rpc.timeout.max = 5200ms (custom)
2019-10-02 06:01:32,889 [pool-383-thread-1] INFO  server.RaftServerConfigKeys (ConfUtils.java:logGet(43)) - raft.server.rpcslowness.timeout = 120s (custom)
2019-10-02 06:01:32,889 [pool-383-thread-1] INFO  server.RaftServerConfigKeys (ConfUtils.java:logGet(43)) - raft.server.sleep.deviation.threshold = 300 (default)
2019-10-02 06:01:32,889 [pool-383-thread-1] INFO  server.RaftServerConfigKeys (ConfUtils.java:logGet(43)) - raft.server.log.appender.install.snapshot.enabled = false (custom)
2019-10-02 06:01:32,890 [pool-393-thread-1] INFO  impl.RaftServerImpl (RaftServerImpl.java:<init>(95)) - e42cb2ac-a177-4fa6-8504-5499b822a004: new RaftServerImpl for group-94AF2783EC55:[e42cb2ac-a177-4fa6-8504-5499b822a004:192.168.164.241:40096, 81107746-fc7b-4f7d-bb48-19eaec9a3429:192.168.164.241:38292, 27b60616-8831-445e-96a0-6599c4b1840d:192.168.164.241:34766] with ContainerStateMachine:uninitialized
2019-10-02 06:01:32,890 [pool-383-thread-1] INFO  impl.RaftServerImpl (ServerState.java:<init>(103)) - 81107746-fc7b-4f7d-bb48-19eaec9a3429@group-94AF2783EC55: ConfigurationManager, init=-1: [e42cb2ac-a177-4fa6-8504-5499b822a004:192.168.164.241:40096, 81107746-fc7b-4f7d-bb48-19eaec9a3429:192.168.164.241:38292, 27b60616-8831-445e-96a0-6599c4b1840d:192.168.164.241:34766], old=null, confs=<EMPTY_MAP>
2019-10-02 06:01:32,890 [pool-393-thread-1] INFO  server.RaftServerConfigKeys (ConfUtils.java:logGet(43)) - raft.server.rpc.timeout.min = 5s (custom)
2019-10-02 06:01:32,890 [pool-383-thread-1] INFO  server.RaftServerConfigKeys (ConfUtils.java:logGet(43)) - raft.server.storage.dir = [/workdir/hadoop-ozone/integration-test/target/test-dir/MiniOzoneClusterImpl-d19c4ee3-b928-4c33-bb8a-b56070bebaf7/datanode-0/data/ratis] (custom)
2019-10-02 06:01:32,890 [pool-403-thread-1] INFO  impl.RaftServerImpl (RaftServerImpl.java:<init>(95)) - 27b60616-8831-445e-96a0-6599c4b1840d: new RaftServerImpl for group-94AF2783EC55:[e42cb2ac-a177-4fa6-8504-5499b822a004:192.168.164.241:40096, 81107746-fc7b-4f7d-bb48-19eaec9a3429:192.168.164.241:38292, 27b60616-8831-445e-96a0-6599c4b1840d:192.168.164.241:34766] with ContainerStateMachine:uninitialized
2019-10-02 06:01:32,890 [pool-393-thread-1] INFO  server.RaftServerConfigKeys (ConfUtils.java:logGet(43)) - raft.server.rpc.timeout.max = 5200ms (custom)
2019-10-02 06:01:32,890 [pool-383-thread-1] INFO  server.RaftServerConfigKeys (ConfUtils.java:logGet(43)) - raft.server.log.corruption.policy = EXCEPTION (default)
2019-10-02 06:01:32,890 [pool-403-thread-1] INFO  server.RaftServerConfigKeys (ConfUtils.java:logGet(43)) - raft.server.rpc.timeout.min = 5s (custom)
2019-10-02 06:01:32,891 [pool-383-thread-1] INFO  storage.RaftStorageDirectory (RaftStorageDirectory.java:analyzeStorage(246)) - The storage directory /workdir/hadoop-ozone/integration-test/target/test-dir/MiniOzoneClusterImpl-d19c4ee3-b928-4c33-bb8a-b56070bebaf7/datanode-0/data/ratis/9f53a2b3-c3fd-4c93-a826-94af2783ec55 does not exist. Creating ...
2019-10-02 06:01:32,890 [pool-393-thread-1] INFO  server.RaftServerConfigKeys (ConfUtils.java:logGet(43)) - raft.server.rpcslowness.timeout = 120s (custom)
2019-10-02 06:01:32,891 [pool-403-thread-1] INFO  server.RaftServerConfigKeys (ConfUtils.java:logGet(43)) - raft.server.rpc.timeout.max = 5200ms (custom)
2019-10-02 06:01:32,891 [pool-393-thread-1] INFO  server.RaftServerConfigKeys (ConfUtils.java:logGet(43)) - raft.server.sleep.deviation.threshold = 300 (default)
2019-10-02 06:01:32,891 [pool-403-thread-1] INFO  server.RaftServerConfigKeys (ConfUtils.java:logGet(43)) - raft.server.rpcslowness.timeout = 120s (custom)
2019-10-02 06:01:32,891 [pool-393-thread-1] INFO  server.RaftServerConfigKeys (ConfUtils.java:logGet(43)) - raft.server.log.appender.install.snapshot.enabled = false (custom)
2019-10-02 06:01:32,891 [pool-403-thread-1] INFO  server.RaftServerConfigKeys (ConfUtils.java:logGet(43)) - raft.server.sleep.deviation.threshold = 300 (default)
2019-10-02 06:01:32,891 [pool-393-thread-1] INFO  impl.RaftServerImpl (ServerState.java:<init>(103)) - e42cb2ac-a177-4fa6-8504-5499b822a004@group-94AF2783EC55: ConfigurationManager, init=-1: [e42cb2ac-a177-4fa6-8504-5499b822a004:192.168.164.241:40096, 81107746-fc7b-4f7d-bb48-19eaec9a3429:192.168.164.241:38292, 27b60616-8831-445e-96a0-6599c4b1840d:192.168.164.241:34766], old=null, confs=<EMPTY_MAP>
2019-10-02 06:01:32,891 [pool-403-thread-1] INFO  server.RaftServerConfigKeys (ConfUtils.java:logGet(43)) - raft.server.log.appender.install.snapshot.enabled = false (custom)
2019-10-02 06:01:32,892 [pool-393-thread-1] INFO  server.RaftServerConfigKeys (ConfUtils.java:logGet(43)) - raft.server.storage.dir = [/workdir/hadoop-ozone/integration-test/target/test-dir/MiniOzoneClusterImpl-d19c4ee3-b928-4c33-bb8a-b56070bebaf7/datanode-1/data/ratis] (custom)
2019-10-02 06:01:32,892 [pool-403-thread-1] INFO  impl.RaftServerImpl (ServerState.java:<init>(103)) - 27b60616-8831-445e-96a0-6599c4b1840d@group-94AF2783EC55: ConfigurationManager, init=-1: [e42cb2ac-a177-4fa6-8504-5499b822a004:192.168.164.241:40096, 81107746-fc7b-4f7d-bb48-19eaec9a3429:192.168.164.241:38292, 27b60616-8831-445e-96a0-6599c4b1840d:192.168.164.241:34766], old=null, confs=<EMPTY_MAP>
2019-10-02 06:01:32,892 [pool-403-thread-1] INFO  server.RaftServerConfigKeys (ConfUtils.java:logGet(43)) - raft.server.storage.dir = [/workdir/hadoop-ozone/integration-test/target/test-dir/MiniOzoneClusterImpl-d19c4ee3-b928-4c33-bb8a-b56070bebaf7/datanode-2/data/ratis] (custom)
2019-10-02 06:01:32,892 [pool-393-thread-1] INFO  server.RaftServerConfigKeys (ConfUtils.java:logGet(43)) - raft.server.log.corruption.policy = EXCEPTION (default)
2019-10-02 06:01:32,892 [pool-403-thread-1] INFO  server.RaftServerConfigKeys (ConfUtils.java:logGet(43)) - raft.server.log.corruption.policy = EXCEPTION (default)
2019-10-02 06:01:32,892 [pool-393-thread-1] INFO  storage.RaftStorageDirectory (RaftStorageDirectory.java:analyzeStorage(246)) - The storage directory /workdir/hadoop-ozone/integration-test/target/test-dir/MiniOzoneClusterImpl-d19c4ee3-b928-4c33-bb8a-b56070bebaf7/datanode-1/data/ratis/9f53a2b3-c3fd-4c93-a826-94af2783ec55 does not exist. Creating ...
2019-10-02 06:01:32,892 [pool-403-thread-1] INFO  storage.RaftStorageDirectory (RaftStorageDirectory.java:analyzeStorage(246)) - The storage directory /workdir/hadoop-ozone/integration-test/target/test-dir/MiniOzoneClusterImpl-d19c4ee3-b928-4c33-bb8a-b56070bebaf7/datanode-2/data/ratis/9f53a2b3-c3fd-4c93-a826-94af2783ec55 does not exist. Creating ...
2019-10-02 06:01:32,905 [pool-383-thread-1] INFO  storage.RaftStorageDirectory (RaftStorageDirectory.java:tryLock(328)) - Lock on /workdir/hadoop-ozone/integration-test/target/test-dir/MiniOzoneClusterImpl-d19c4ee3-b928-4c33-bb8a-b56070bebaf7/datanode-0/data/ratis/9f53a2b3-c3fd-4c93-a826-94af2783ec55/in_use.lock acquired by nodename 15596@trunk-nightly-20191002-p7fms-2058464235
2019-10-02 06:01:32,905 [pool-403-thread-1] INFO  storage.RaftStorageDirectory (RaftStorageDirectory.java:tryLock(328)) - Lock on /workdir/hadoop-ozone/integration-test/target/test-dir/MiniOzoneClusterImpl-d19c4ee3-b928-4c33-bb8a-b56070bebaf7/datanode-2/data/ratis/9f53a2b3-c3fd-4c93-a826-94af2783ec55/in_use.lock acquired by nodename 15596@trunk-nightly-20191002-p7fms-2058464235
2019-10-02 06:01:32,905 [pool-393-thread-1] INFO  storage.RaftStorageDirectory (RaftStorageDirectory.java:tryLock(328)) - Lock on /workdir/hadoop-ozone/integration-test/target/test-dir/MiniOzoneClusterImpl-d19c4ee3-b928-4c33-bb8a-b56070bebaf7/datanode-1/data/ratis/9f53a2b3-c3fd-4c93-a826-94af2783ec55/in_use.lock acquired by nodename 15596@trunk-nightly-20191002-p7fms-2058464235
2019-10-02 06:01:32,908 [IPC Server handler 2 on 46363] INFO  net.NetworkTopology (NetworkTopologyImpl.java:add(111)) - Added a new node: /default-rack/d6c5910c-2cc3-4ba4-8e81-a30abaf7485a
2019-10-02 06:01:32,908 [IPC Server handler 2 on 46363] INFO  node.SCMNodeManager (SCMNodeManager.java:register(266)) - Registered Data node : d6c5910c-2cc3-4ba4-8e81-a30abaf7485a{ip: 192.168.164.241, host: trunk-nightly-20191002-p7fms-2058464235, networkLocation: /default-rack, certSerialId: null}
2019-10-02 06:01:32,920 [pool-393-thread-1] INFO  storage.RaftStorage (RaftStorage.java:format(84)) - Storage directory /workdir/hadoop-ozone/integration-test/target/test-dir/MiniOzoneClusterImpl-d19c4ee3-b928-4c33-bb8a-b56070bebaf7/datanode-1/data/ratis/9f53a2b3-c3fd-4c93-a826-94af2783ec55 has been successfully formatted.
2019-10-02 06:01:32,920 [pool-403-thread-1] INFO  storage.RaftStorage (RaftStorage.java:format(84)) - Storage directory /workdir/hadoop-ozone/integration-test/target/test-dir/MiniOzoneClusterImpl-d19c4ee3-b928-4c33-bb8a-b56070bebaf7/datanode-2/data/ratis/9f53a2b3-c3fd-4c93-a826-94af2783ec55 has been successfully formatted.
2019-10-02 06:01:32,920 [pool-383-thread-1] INFO  storage.RaftStorage (RaftStorage.java:format(84)) - Storage directory /workdir/hadoop-ozone/integration-test/target/test-dir/MiniOzoneClusterImpl-d19c4ee3-b928-4c33-bb8a-b56070bebaf7/datanode-0/data/ratis/9f53a2b3-c3fd-4c93-a826-94af2783ec55 has been successfully formatted.
2019-10-02 06:01:32,920 [pool-403-thread-1] INFO  ratis.ContainerStateMachine (ContainerStateMachine.java:loadSnapshot(230)) - group-94AF2783EC55: The snapshot info is null. Setting the last applied indexto:(t:0, i:~)
2019-10-02 06:01:32,920 [pool-393-thread-1] INFO  ratis.ContainerStateMachine (ContainerStateMachine.java:loadSnapshot(230)) - group-94AF2783EC55: The snapshot info is null. Setting the last applied indexto:(t:0, i:~)
2019-10-02 06:01:32,920 [pool-403-thread-1] INFO  server.RaftServerConfigKeys (ConfUtils.java:logGet(43)) - raft.server.notification.no-leader.timeout = 120s (custom)
2019-10-02 06:01:32,920 [pool-383-thread-1] INFO  ratis.ContainerStateMachine (ContainerStateMachine.java:loadSnapshot(230)) - group-94AF2783EC55: The snapshot info is null. Setting the last applied indexto:(t:0, i:~)
2019-10-02 06:01:32,920 [pool-403-thread-1] INFO  server.RaftServerConfigKeys (ConfUtils.java:logGet(43)) - raft.server.log.use.memory = false (default)
2019-10-02 06:01:32,920 [pool-393-thread-1] INFO  server.RaftServerConfigKeys (ConfUtils.java:logGet(43)) - raft.server.notification.no-leader.timeout = 120s (custom)
2019-10-02 06:01:32,921 [pool-403-thread-1] INFO  server.RaftServerConfigKeys (ConfUtils.java:logGet(43)) - raft.server.log.purge.gap = 1000000 (custom)
2019-10-02 06:01:32,920 [pool-383-thread-1] INFO  server.RaftServerConfigKeys (ConfUtils.java:logGet(43)) - raft.server.notification.no-leader.timeout = 120s (custom)
2019-10-02 06:01:32,921 [pool-403-thread-1] INFO  server.RaftServerConfigKeys (ConfUtils.java:logGet(43)) - raft.server.log.appender.buffer.byte-limit = 33554432 (custom)
2019-10-02 06:01:32,921 [pool-393-thread-1] INFO  server.RaftServerConfigKeys (ConfUtils.java:logGet(43)) - raft.server.log.use.memory = false (default)
2019-10-02 06:01:32,921 [pool-403-thread-1] INFO  server.RaftServerConfigKeys (ConfUtils.java:logGet(43)) - raft.server.log.segment.size.max = 1048576 (custom)
2019-10-02 06:01:32,921 [pool-383-thread-1] INFO  server.RaftServerConfigKeys (ConfUtils.java:logGet(43)) - raft.server.log.use.memory = false (default)
2019-10-02 06:01:32,921 [pool-403-thread-1] INFO  server.RaftServerConfigKeys (ConfUtils.java:logGet(43)) - raft.server.log.segment.cache.num.max = 2 (custom)
2019-10-02 06:01:32,921 [pool-393-thread-1] INFO  server.RaftServerConfigKeys (ConfUtils.java:logGet(43)) - raft.server.log.purge.gap = 1000000 (custom)
2019-10-02 06:01:32,922 [pool-403-thread-1] INFO  segmented.SegmentedRaftLogWorker (SegmentedRaftLogWorker.java:<init>(173)) - new 27b60616-8831-445e-96a0-6599c4b1840d@group-94AF2783EC55-SegmentedRaftLogWorker for RaftStorage:Storage Directory /workdir/hadoop-ozone/integration-test/target/test-dir/MiniOzoneClusterImpl-d19c4ee3-b928-4c33-bb8a-b56070bebaf7/datanode-2/data/ratis/9f53a2b3-c3fd-4c93-a826-94af2783ec55
2019-10-02 06:01:32,922 [pool-383-thread-1] INFO  server.RaftServerConfigKeys (ConfUtils.java:logGet(43)) - raft.server.log.purge.gap = 1000000 (custom)
2019-10-02 06:01:32,922 [pool-403-thread-1] INFO  server.RaftServerConfigKeys (ConfUtils.java:logGet(43)) - raft.server.log.queue.byte-limit = 2147483647 (custom)
2019-10-02 06:01:32,922 [pool-393-thread-1] INFO  server.RaftServerConfigKeys (ConfUtils.java:logGet(43)) - raft.server.log.appender.buffer.byte-limit = 33554432 (custom)
2019-10-02 06:01:32,922 [pool-403-thread-1] INFO  server.RaftServerConfigKeys (ConfUtils.java:logGet(43)) - raft.server.log.queue.element-limit = 1024 (custom)
2019-10-02 06:01:32,922 [pool-383-thread-1] INFO  server.RaftServerConfigKeys (ConfUtils.java:logGet(43)) - raft.server.log.appender.buffer.byte-limit = 33554432 (custom)
2019-10-02 06:01:32,922 [pool-403-thread-1] INFO  server.RaftServerConfigKeys (ConfUtils.java:logGet(43)) - raft.server.log.segment.size.max = 1048576 (custom)
2019-10-02 06:01:32,922 [pool-393-thread-1] INFO  server.RaftServerConfigKeys (ConfUtils.java:logGet(43)) - raft.server.log.segment.size.max = 1048576 (custom)
2019-10-02 06:01:32,923 [pool-403-thread-1] INFO  server.RaftServerConfigKeys (ConfUtils.java:logGet(43)) - raft.server.log.preallocated.size = 16384 (custom)
2019-10-02 06:01:32,923 [pool-383-thread-1] INFO  server.RaftServerConfigKeys (ConfUtils.java:logGet(43)) - raft.server.log.segment.size.max = 1048576 (custom)
2019-10-02 06:01:32,923 [pool-403-thread-1] INFO  server.RaftServerConfigKeys (ConfUtils.java:logGet(43)) - raft.server.log.write.buffer.size = 33554432 (custom)
2019-10-02 06:01:32,923 [pool-393-thread-1] INFO  server.RaftServerConfigKeys (ConfUtils.java:logGet(43)) - raft.server.log.segment.cache.num.max = 2 (custom)
2019-10-02 06:01:32,923 [pool-403-thread-1] INFO  server.RaftServerConfigKeys (ConfUtils.java:logGet(43)) - raft.server.log.force.sync.num = 128 (default)
2019-10-02 06:01:32,923 [pool-383-thread-1] INFO  server.RaftServerConfigKeys (ConfUtils.java:logGet(43)) - raft.server.log.segment.cache.num.max = 2 (custom)
2019-10-02 06:01:32,924 [pool-403-thread-1] INFO  server.RaftServerConfigKeys (ConfUtils.java:logGet(43)) - raft.server.log.statemachine.data.sync = true (default)
2019-10-02 06:01:32,923 [pool-393-thread-1] INFO  segmented.SegmentedRaftLogWorker (SegmentedRaftLogWorker.java:<init>(173)) - new e42cb2ac-a177-4fa6-8504-5499b822a004@group-94AF2783EC55-SegmentedRaftLogWorker for RaftStorage:Storage Directory /workdir/hadoop-ozone/integration-test/target/test-dir/MiniOzoneClusterImpl-d19c4ee3-b928-4c33-bb8a-b56070bebaf7/datanode-1/data/ratis/9f53a2b3-c3fd-4c93-a826-94af2783ec55
2019-10-02 06:01:32,924 [pool-403-thread-1] INFO  server.RaftServerConfigKeys (ConfUtils.java:logGet(43)) - raft.server.log.statemachine.data.sync.timeout = 10s (default)
2019-10-02 06:01:32,924 [pool-383-thread-1] INFO  segmented.SegmentedRaftLogWorker (SegmentedRaftLogWorker.java:<init>(173)) - new 81107746-fc7b-4f7d-bb48-19eaec9a3429@group-94AF2783EC55-SegmentedRaftLogWorker for RaftStorage:Storage Directory /workdir/hadoop-ozone/integration-test/target/test-dir/MiniOzoneClusterImpl-d19c4ee3-b928-4c33-bb8a-b56070bebaf7/datanode-0/data/ratis/9f53a2b3-c3fd-4c93-a826-94af2783ec55
2019-10-02 06:01:32,924 [pool-403-thread-1] INFO  server.RaftServerConfigKeys (ConfUtils.java:logGet(43)) - raft.server.log.statemachine.data.sync.timeout.retry = -1 (default)
2019-10-02 06:01:32,924 [pool-393-thread-1] INFO  server.RaftServerConfigKeys (ConfUtils.java:logGet(43)) - raft.server.log.queue.byte-limit = 2147483647 (custom)
2019-10-02 06:01:32,924 [pool-403-thread-1] INFO  server.RaftServerConfigKeys (ConfUtils.java:logGet(43)) - raft.server.log.statemachine.data.caching.enabled = true (custom)
2019-10-02 06:01:32,924 [pool-383-thread-1] INFO  server.RaftServerConfigKeys (ConfUtils.java:logGet(43)) - raft.server.log.queue.byte-limit = 2147483647 (custom)
2019-10-02 06:01:32,924 [pool-393-thread-1] INFO  server.RaftServerConfigKeys (ConfUtils.java:logGet(43)) - raft.server.log.queue.element-limit = 1024 (custom)
2019-10-02 06:01:32,925 [pool-403-thread-1] INFO  segmented.SegmentedRaftLogWorker (SegmentedRaftLogWorker.java:lambda$new$0(128)) - 27b60616-8831-445e-96a0-6599c4b1840d@group-94AF2783EC55-SegmentedRaftLogWorker: flushIndex: setUnconditionally 0 -> -1
2019-10-02 06:01:32,925 [pool-383-thread-1] INFO  server.RaftServerConfigKeys (ConfUtils.java:logGet(43)) - raft.server.log.queue.element-limit = 1024 (custom)
2019-10-02 06:01:32,925 [pool-393-thread-1] INFO  server.RaftServerConfigKeys (ConfUtils.java:logGet(43)) - raft.server.log.segment.size.max = 1048576 (custom)
2019-10-02 06:01:32,925 [pool-383-thread-1] INFO  server.RaftServerConfigKeys (ConfUtils.java:logGet(43)) - raft.server.log.segment.size.max = 1048576 (custom)
2019-10-02 06:01:32,925 [pool-403-thread-1] INFO  server.RaftServerConfigKeys (ConfUtils.java:logGet(43)) - raft.server.snapshot.auto.trigger.enabled = true (custom)
2019-10-02 06:01:32,925 [pool-383-thread-1] INFO  server.RaftServerConfigKeys (ConfUtils.java:logGet(43)) - raft.server.log.preallocated.size = 16384 (custom)
2019-10-02 06:01:32,925 [pool-393-thread-1] INFO  server.RaftServerConfigKeys (ConfUtils.java:logGet(43)) - raft.server.log.preallocated.size = 16384 (custom)
2019-10-02 06:01:32,926 [pool-383-thread-1] INFO  server.RaftServerConfigKeys (ConfUtils.java:logGet(43)) - raft.server.log.write.buffer.size = 33554432 (custom)
2019-10-02 06:01:32,925 [pool-403-thread-1] INFO  server.RaftServerConfigKeys (ConfUtils.java:logGet(43)) - raft.server.snapshot.auto.trigger.threshold = 10000 (custom)
2019-10-02 06:01:32,926 [pool-383-thread-1] INFO  server.RaftServerConfigKeys (ConfUtils.java:logGet(43)) - raft.server.log.force.sync.num = 128 (default)
2019-10-02 06:01:32,926 [pool-393-thread-1] INFO  server.RaftServerConfigKeys (ConfUtils.java:logGet(43)) - raft.server.log.write.buffer.size = 33554432 (custom)
2019-10-02 06:01:32,926 [pool-383-thread-1] INFO  server.RaftServerConfigKeys (ConfUtils.java:logGet(43)) - raft.server.log.statemachine.data.sync = true (default)
2019-10-02 06:01:32,926 [pool-403-thread-1] INFO  server.RaftServerConfigKeys (ConfUtils.java:logGet(43)) - raft.server.snapshot.retention.file.num = 5 (custom)
2019-10-02 06:01:32,926 [pool-383-thread-1] INFO  server.RaftServerConfigKeys (ConfUtils.java:logGet(43)) - raft.server.log.statemachine.data.sync.timeout = 10s (default)
2019-10-02 06:01:32,927 [pool-383-thread-1] INFO  server.RaftServerConfigKeys (ConfUtils.java:logGet(43)) - raft.server.log.statemachine.data.sync.timeout.retry = -1 (default)
2019-10-02 06:01:32,926 [pool-393-thread-1] INFO  server.RaftServerConfigKeys (ConfUtils.java:logGet(43)) - raft.server.log.force.sync.num = 128 (default)
2019-10-02 06:01:32,927 [pool-383-thread-1] INFO  server.RaftServerConfigKeys (ConfUtils.java:logGet(43)) - raft.server.log.statemachine.data.caching.enabled = true (custom)
2019-10-02 06:01:32,927 [pool-403-thread-1] INFO  server.RaftServerConfigKeys (ConfUtils.java:logGet(43)) - raft.server.retrycache.expirytime = 600000ms (custom)
2019-10-02 06:01:32,927 [pool-393-thread-1] INFO  server.RaftServerConfigKeys (ConfUtils.java:logGet(43)) - raft.server.log.statemachine.data.sync = true (default)
2019-10-02 06:01:32,927 [pool-383-thread-1] INFO  segmented.SegmentedRaftLogWorker (SegmentedRaftLogWorker.java:lambda$new$0(128)) - 81107746-fc7b-4f7d-bb48-19eaec9a3429@group-94AF2783EC55-SegmentedRaftLogWorker: flushIndex: setUnconditionally 0 -> -1
2019-10-02 06:01:32,927 [pool-393-thread-1] INFO  server.RaftServerConfigKeys (ConfUtils.java:logGet(43)) - raft.server.log.statemachine.data.sync.timeout = 10s (default)
2019-10-02 06:01:32,928 [pool-393-thread-1] INFO  server.RaftServerConfigKeys (ConfUtils.java:logGet(43)) - raft.server.log.statemachine.data.sync.timeout.retry = -1 (default)
2019-10-02 06:01:32,928 [pool-383-thread-1] INFO  server.RaftServerConfigKeys (ConfUtils.java:logGet(43)) - raft.server.snapshot.auto.trigger.enabled = true (custom)
2019-10-02 06:01:32,928 [pool-393-thread-1] INFO  server.RaftServerConfigKeys (ConfUtils.java:logGet(43)) - raft.server.log.statemachine.data.caching.enabled = true (custom)
2019-10-02 06:01:32,928 [pool-383-thread-1] INFO  server.RaftServerConfigKeys (ConfUtils.java:logGet(43)) - raft.server.snapshot.auto.trigger.threshold = 10000 (custom)
2019-10-02 06:01:32,928 [pool-393-thread-1] INFO  segmented.SegmentedRaftLogWorker (SegmentedRaftLogWorker.java:lambda$new$0(128)) - e42cb2ac-a177-4fa6-8504-5499b822a004@group-94AF2783EC55-SegmentedRaftLogWorker: flushIndex: setUnconditionally 0 -> -1
2019-10-02 06:01:32,928 [pool-383-thread-1] INFO  server.RaftServerConfigKeys (ConfUtils.java:logGet(43)) - raft.server.snapshot.retention.file.num = 5 (custom)
2019-10-02 06:01:32,928 [pool-393-thread-1] INFO  server.RaftServerConfigKeys (ConfUtils.java:logGet(43)) - raft.server.snapshot.auto.trigger.enabled = true (custom)
2019-10-02 06:01:32,928 [pool-383-thread-1] INFO  server.RaftServerConfigKeys (ConfUtils.java:logGet(43)) - raft.server.retrycache.expirytime = 600000ms (custom)
2019-10-02 06:01:32,929 [pool-393-thread-1] INFO  server.RaftServerConfigKeys (ConfUtils.java:logGet(43)) - raft.server.snapshot.auto.trigger.threshold = 10000 (custom)
2019-10-02 06:01:32,929 [pool-393-thread-1] INFO  server.RaftServerConfigKeys (ConfUtils.java:logGet(43)) - raft.server.snapshot.retention.file.num = 5 (custom)
2019-10-02 06:01:32,929 [pool-393-thread-1] INFO  server.RaftServerConfigKeys (ConfUtils.java:logGet(43)) - raft.server.retrycache.expirytime = 600000ms (custom)
2019-10-02 06:01:32,929 [pool-403-thread-1] INFO  impl.RaftServerImpl (RaftServerImpl.java:start(181)) - 27b60616-8831-445e-96a0-6599c4b1840d@group-94AF2783EC55: start as a follower, conf=-1: [e42cb2ac-a177-4fa6-8504-5499b822a004:192.168.164.241:40096, 81107746-fc7b-4f7d-bb48-19eaec9a3429:192.168.164.241:38292, 27b60616-8831-445e-96a0-6599c4b1840d:192.168.164.241:34766], old=null
2019-10-02 06:01:32,929 [pool-403-thread-1] INFO  impl.RaftServerImpl (RaftServerImpl.java:setRole(170)) - 27b60616-8831-445e-96a0-6599c4b1840d@group-94AF2783EC55: changes role from      null to FOLLOWER at term 0 for startAsFollower
2019-10-02 06:01:32,929 [pool-403-thread-1] INFO  impl.RoleInfo (RoleInfo.java:updateAndGet(143)) - 27b60616-8831-445e-96a0-6599c4b1840d: start FollowerState
2019-10-02 06:01:32,930 [pool-403-thread-1] INFO  util.JmxRegister (JmxRegister.java:tryRegister(44)) - Successfully registered JMX Bean with object name Ratis:service=RaftServer,group=group-94AF2783EC55,id=27b60616-8831-445e-96a0-6599c4b1840d
2019-10-02 06:01:32,931 [pool-393-thread-1] INFO  impl.RaftServerImpl (RaftServerImpl.java:start(181)) - e42cb2ac-a177-4fa6-8504-5499b822a004@group-94AF2783EC55: start as a follower, conf=-1: [e42cb2ac-a177-4fa6-8504-5499b822a004:192.168.164.241:40096, 81107746-fc7b-4f7d-bb48-19eaec9a3429:192.168.164.241:38292, 27b60616-8831-445e-96a0-6599c4b1840d:192.168.164.241:34766], old=null
2019-10-02 06:01:32,932 [pool-393-thread-1] INFO  impl.RaftServerImpl (RaftServerImpl.java:setRole(170)) - e42cb2ac-a177-4fa6-8504-5499b822a004@group-94AF2783EC55: changes role from      null to FOLLOWER at term 0 for startAsFollower
2019-10-02 06:01:32,932 [pool-383-thread-1] INFO  impl.RaftServerImpl (RaftServerImpl.java:start(181)) - 81107746-fc7b-4f7d-bb48-19eaec9a3429@group-94AF2783EC55: start as a follower, conf=-1: [e42cb2ac-a177-4fa6-8504-5499b822a004:192.168.164.241:40096, 81107746-fc7b-4f7d-bb48-19eaec9a3429:192.168.164.241:38292, 27b60616-8831-445e-96a0-6599c4b1840d:192.168.164.241:34766], old=null
2019-10-02 06:01:32,932 [pool-393-thread-1] INFO  impl.RoleInfo (RoleInfo.java:updateAndGet(143)) - e42cb2ac-a177-4fa6-8504-5499b822a004: start FollowerState
2019-10-02 06:01:32,932 [pool-383-thread-1] INFO  impl.RaftServerImpl (RaftServerImpl.java:setRole(170)) - 81107746-fc7b-4f7d-bb48-19eaec9a3429@group-94AF2783EC55: changes role from      null to FOLLOWER at term 0 for startAsFollower
2019-10-02 06:01:32,932 [pool-383-thread-1] INFO  impl.RoleInfo (RoleInfo.java:updateAndGet(143)) - 81107746-fc7b-4f7d-bb48-19eaec9a3429: start FollowerState
2019-10-02 06:01:32,932 [pool-393-thread-1] INFO  util.JmxRegister (JmxRegister.java:tryRegister(44)) - Successfully registered JMX Bean with object name Ratis:service=RaftServer,group=group-94AF2783EC55,id=e42cb2ac-a177-4fa6-8504-5499b822a004
2019-10-02 06:01:32,932 [pool-383-thread-1] INFO  util.JmxRegister (JmxRegister.java:tryRegister(44)) - Successfully registered JMX Bean with object name Ratis:service=RaftServer,group=group-94AF2783EC55,id=81107746-fc7b-4f7d-bb48-19eaec9a3429
2019-10-02 06:01:32,936 [RatisPipelineUtilsThread] INFO  pipeline.PipelineStateManager (PipelineStateManager.java:addPipeline(56)) - Created pipeline Pipeline[ Id: 9f53a2b3-c3fd-4c93-a826-94af2783ec55, Nodes: 81107746-fc7b-4f7d-bb48-19eaec9a3429{ip: 192.168.164.241, host: trunk-nightly-20191002-p7fms-2058464235, networkLocation: /default-rack, certSerialId: null}e42cb2ac-a177-4fa6-8504-5499b822a004{ip: 192.168.164.241, host: trunk-nightly-20191002-p7fms-2058464235, networkLocation: /default-rack, certSerialId: null}27b60616-8831-445e-96a0-6599c4b1840d{ip: 192.168.164.241, host: trunk-nightly-20191002-p7fms-2058464235, networkLocation: /default-rack, certSerialId: null}, Type:RATIS, Factor:THREE, State:OPEN]
2019-10-02 06:01:32,981 [grpc-default-executor-2] INFO  impl.RaftServerProxy (RaftServerProxy.java:addNew(89)) - d6c5910c-2cc3-4ba4-8e81-a30abaf7485a: addNew group-9E8287BFBF34:[d6c5910c-2cc3-4ba4-8e81-a30abaf7485a:192.168.164.241:38922] returns group-9E8287BFBF34:java.util.concurrent.CompletableFuture@6170e05f[Not completed]
2019-10-02 06:01:32,982 [pool-413-thread-1] INFO  impl.RaftServerImpl (RaftServerImpl.java:<init>(95)) - d6c5910c-2cc3-4ba4-8e81-a30abaf7485a: new RaftServerImpl for group-9E8287BFBF34:[d6c5910c-2cc3-4ba4-8e81-a30abaf7485a:192.168.164.241:38922] with ContainerStateMachine:uninitialized
2019-10-02 06:01:32,983 [pool-413-thread-1] INFO  server.RaftServerConfigKeys (ConfUtils.java:logGet(43)) - raft.server.rpc.timeout.min = 5s (custom)
2019-10-02 06:01:32,983 [pool-413-thread-1] INFO  server.RaftServerConfigKeys (ConfUtils.java:logGet(43)) - raft.server.rpc.timeout.max = 5200ms (custom)
2019-10-02 06:01:32,983 [pool-413-thread-1] INFO  server.RaftServerConfigKeys (ConfUtils.java:logGet(43)) - raft.server.rpcslowness.timeout = 120s (custom)
2019-10-02 06:01:32,983 [pool-413-thread-1] INFO  server.RaftServerConfigKeys (ConfUtils.java:logGet(43)) - raft.server.sleep.deviation.threshold = 300 (default)
2019-10-02 06:01:32,983 [pool-413-thread-1] INFO  server.RaftServerConfigKeys (ConfUtils.java:logGet(43)) - raft.server.log.appender.install.snapshot.enabled = false (custom)
2019-10-02 06:01:32,983 [pool-413-thread-1] INFO  impl.RaftServerImpl (ServerState.java:<init>(103)) - d6c5910c-2cc3-4ba4-8e81-a30abaf7485a@group-9E8287BFBF34: ConfigurationManager, init=-1: [d6c5910c-2cc3-4ba4-8e81-a30abaf7485a:192.168.164.241:38922], old=null, confs=<EMPTY_MAP>
2019-10-02 06:01:32,983 [pool-413-thread-1] INFO  server.RaftServerConfigKeys (ConfUtils.java:logGet(43)) - raft.server.storage.dir = [/workdir/hadoop-ozone/integration-test/target/test-dir/MiniOzoneClusterImpl-d19c4ee3-b928-4c33-bb8a-b56070bebaf7/datanode-3/data/ratis] (custom)
2019-10-02 06:01:32,984 [pool-413-thread-1] INFO  server.RaftServerConfigKeys (ConfUtils.java:logGet(43)) - raft.server.log.corruption.policy = EXCEPTION (default)
2019-10-02 06:01:32,984 [pool-413-thread-1] INFO  storage.RaftStorageDirectory (RaftStorageDirectory.java:analyzeStorage(246)) - The storage directory /workdir/hadoop-ozone/integration-test/target/test-dir/MiniOzoneClusterImpl-d19c4ee3-b928-4c33-bb8a-b56070bebaf7/datanode-3/data/ratis/64df18c8-dbe4-421a-941c-9e8287bfbf34 does not exist. Creating ...
2019-10-02 06:01:32,998 [pool-413-thread-1] INFO  storage.RaftStorageDirectory (RaftStorageDirectory.java:tryLock(328)) - Lock on /workdir/hadoop-ozone/integration-test/target/test-dir/MiniOzoneClusterImpl-d19c4ee3-b928-4c33-bb8a-b56070bebaf7/datanode-3/data/ratis/64df18c8-dbe4-421a-941c-9e8287bfbf34/in_use.lock acquired by nodename 15596@trunk-nightly-20191002-p7fms-2058464235
2019-10-02 06:01:33,001 [pool-413-thread-1] INFO  storage.RaftStorage (RaftStorage.java:format(84)) - Storage directory /workdir/hadoop-ozone/integration-test/target/test-dir/MiniOzoneClusterImpl-d19c4ee3-b928-4c33-bb8a-b56070bebaf7/datanode-3/data/ratis/64df18c8-dbe4-421a-941c-9e8287bfbf34 has been successfully formatted.
2019-10-02 06:01:33,002 [pool-413-thread-1] INFO  ratis.ContainerStateMachine (ContainerStateMachine.java:loadSnapshot(230)) - group-9E8287BFBF34: The snapshot info is null. Setting the last applied indexto:(t:0, i:~)
2019-10-02 06:01:33,002 [pool-413-thread-1] INFO  server.RaftServerConfigKeys (ConfUtils.java:logGet(43)) - raft.server.notification.no-leader.timeout = 120s (custom)
2019-10-02 06:01:33,002 [pool-413-thread-1] INFO  server.RaftServerConfigKeys (ConfUtils.java:logGet(43)) - raft.server.log.use.memory = false (default)
2019-10-02 06:01:33,002 [pool-413-thread-1] INFO  server.RaftServerConfigKeys (ConfUtils.java:logGet(43)) - raft.server.log.purge.gap = 1000000 (custom)
2019-10-02 06:01:33,002 [pool-413-thread-1] INFO  server.RaftServerConfigKeys (ConfUtils.java:logGet(43)) - raft.server.log.appender.buffer.byte-limit = 33554432 (custom)
2019-10-02 06:01:33,003 [pool-413-thread-1] INFO  server.RaftServerConfigKeys (ConfUtils.java:logGet(43)) - raft.server.log.segment.size.max = 1048576 (custom)
2019-10-02 06:01:33,004 [pool-413-thread-1] INFO  server.RaftServerConfigKeys (ConfUtils.java:logGet(43)) - raft.server.log.segment.cache.num.max = 2 (custom)
2019-10-02 06:01:33,004 [pool-413-thread-1] INFO  segmented.SegmentedRaftLogWorker (SegmentedRaftLogWorker.java:<init>(173)) - new d6c5910c-2cc3-4ba4-8e81-a30abaf7485a@group-9E8287BFBF34-SegmentedRaftLogWorker for RaftStorage:Storage Directory /workdir/hadoop-ozone/integration-test/target/test-dir/MiniOzoneClusterImpl-d19c4ee3-b928-4c33-bb8a-b56070bebaf7/datanode-3/data/ratis/64df18c8-dbe4-421a-941c-9e8287bfbf34
2019-10-02 06:01:33,005 [pool-413-thread-1] INFO  server.RaftServerConfigKeys (ConfUtils.java:logGet(43)) - raft.server.log.queue.byte-limit = 2147483647 (custom)
2019-10-02 06:01:33,005 [pool-413-thread-1] INFO  server.RaftServerConfigKeys (ConfUtils.java:logGet(43)) - raft.server.log.queue.element-limit = 1024 (custom)
2019-10-02 06:01:33,005 [pool-413-thread-1] INFO  server.RaftServerConfigKeys (ConfUtils.java:logGet(43)) - raft.server.log.segment.size.max = 1048576 (custom)
2019-10-02 06:01:33,005 [pool-413-thread-1] INFO  server.RaftServerConfigKeys (ConfUtils.java:logGet(43)) - raft.server.log.preallocated.size = 16384 (custom)
2019-10-02 06:01:33,005 [pool-413-thread-1] INFO  server.RaftServerConfigKeys (ConfUtils.java:logGet(43)) - raft.server.log.write.buffer.size = 33554432 (custom)
2019-10-02 06:01:33,005 [pool-413-thread-1] INFO  server.RaftServerConfigKeys (ConfUtils.java:logGet(43)) - raft.server.log.force.sync.num = 128 (default)
2019-10-02 06:01:33,005 [pool-413-thread-1] INFO  server.RaftServerConfigKeys (ConfUtils.java:logGet(43)) - raft.server.log.statemachine.data.sync = true (default)
2019-10-02 06:01:33,006 [pool-413-thread-1] INFO  server.RaftServerConfigKeys (ConfUtils.java:logGet(43)) - raft.server.log.statemachine.data.sync.timeout = 10s (default)
2019-10-02 06:01:33,006 [pool-413-thread-1] INFO  server.RaftServerConfigKeys (ConfUtils.java:logGet(43)) - raft.server.log.statemachine.data.sync.timeout.retry = -1 (default)
2019-10-02 06:01:33,006 [pool-413-thread-1] INFO  server.RaftServerConfigKeys (ConfUtils.java:logGet(43)) - raft.server.log.statemachine.data.caching.enabled = true (custom)
2019-10-02 06:01:33,006 [pool-413-thread-1] INFO  segmented.SegmentedRaftLogWorker (SegmentedRaftLogWorker.java:lambda$new$0(128)) - d6c5910c-2cc3-4ba4-8e81-a30abaf7485a@group-9E8287BFBF34-SegmentedRaftLogWorker: flushIndex: setUnconditionally 0 -> -1
2019-10-02 06:01:33,007 [pool-413-thread-1] INFO  server.RaftServerConfigKeys (ConfUtils.java:logGet(43)) - raft.server.snapshot.auto.trigger.enabled = true (custom)
2019-10-02 06:01:33,007 [pool-413-thread-1] INFO  server.RaftServerConfigKeys (ConfUtils.java:logGet(43)) - raft.server.snapshot.auto.trigger.threshold = 10000 (custom)
2019-10-02 06:01:33,007 [pool-413-thread-1] INFO  server.RaftServerConfigKeys (ConfUtils.java:logGet(43)) - raft.server.snapshot.retention.file.num = 5 (custom)
2019-10-02 06:01:33,007 [pool-413-thread-1] INFO  server.RaftServerConfigKeys (ConfUtils.java:logGet(43)) - raft.server.retrycache.expirytime = 600000ms (custom)
2019-10-02 06:01:33,009 [pool-413-thread-1] INFO  impl.RaftServerImpl (RaftServerImpl.java:start(181)) - d6c5910c-2cc3-4ba4-8e81-a30abaf7485a@group-9E8287BFBF34: start as a follower, conf=-1: [d6c5910c-2cc3-4ba4-8e81-a30abaf7485a:192.168.164.241:38922], old=null
2019-10-02 06:01:33,009 [pool-413-thread-1] INFO  impl.RaftServerImpl (RaftServerImpl.java:setRole(170)) - d6c5910c-2cc3-4ba4-8e81-a30abaf7485a@group-9E8287BFBF34: changes role from      null to FOLLOWER at term 0 for startAsFollower
2019-10-02 06:01:33,009 [pool-413-thread-1] INFO  impl.RoleInfo (RoleInfo.java:updateAndGet(143)) - d6c5910c-2cc3-4ba4-8e81-a30abaf7485a: start FollowerState
2019-10-02 06:01:33,009 [pool-413-thread-1] INFO  util.JmxRegister (JmxRegister.java:tryRegister(44)) - Successfully registered JMX Bean with object name Ratis:service=RaftServer,group=group-9E8287BFBF34,id=d6c5910c-2cc3-4ba4-8e81-a30abaf7485a
2019-10-02 06:01:33,012 [RatisPipelineUtilsThread] INFO  pipeline.PipelineStateManager (PipelineStateManager.java:addPipeline(56)) - Created pipeline Pipeline[ Id: 64df18c8-dbe4-421a-941c-9e8287bfbf34, Nodes: d6c5910c-2cc3-4ba4-8e81-a30abaf7485a{ip: 192.168.164.241, host: trunk-nightly-20191002-p7fms-2058464235, networkLocation: /default-rack, certSerialId: null}, Type:RATIS, Factor:ONE, State:OPEN]
2019-10-02 06:01:33,043 [IPC Server handler 3 on 46363] INFO  net.NetworkTopology (NetworkTopologyImpl.java:add(111)) - Added a new node: /default-rack/f194447b-767d-44d3-9b01-9564c45d62df
2019-10-02 06:01:33,043 [IPC Server handler 3 on 46363] INFO  node.SCMNodeManager (SCMNodeManager.java:register(266)) - Registered Data node : f194447b-767d-44d3-9b01-9564c45d62df{ip: 192.168.164.241, host: trunk-nightly-20191002-p7fms-2058464235, networkLocation: /default-rack, certSerialId: null}
2019-10-02 06:01:33,052 [grpc-default-executor-2] INFO  impl.RaftServerProxy (RaftServerProxy.java:addNew(89)) - f194447b-767d-44d3-9b01-9564c45d62df: addNew group-FE3E8382BE00:[f194447b-767d-44d3-9b01-9564c45d62df:192.168.164.241:36827] returns group-FE3E8382BE00:java.util.concurrent.CompletableFuture@34a89c17[Not completed]
2019-10-02 06:01:33,053 [pool-423-thread-1] INFO  impl.RaftServerImpl (RaftServerImpl.java:<init>(95)) - f194447b-767d-44d3-9b01-9564c45d62df: new RaftServerImpl for group-FE3E8382BE00:[f194447b-767d-44d3-9b01-9564c45d62df:192.168.164.241:36827] with ContainerStateMachine:uninitialized
2019-10-02 06:01:33,053 [pool-423-thread-1] INFO  server.RaftServerConfigKeys (ConfUtils.java:logGet(43)) - raft.server.rpc.timeout.min = 5s (custom)
2019-10-02 06:01:33,053 [pool-423-thread-1] INFO  server.RaftServerConfigKeys (ConfUtils.java:logGet(43)) - raft.server.rpc.timeout.max = 5200ms (custom)
2019-10-02 06:01:33,053 [pool-423-thread-1] INFO  server.RaftServerConfigKeys (ConfUtils.java:logGet(43)) - raft.server.rpcslowness.timeout = 120s (custom)
2019-10-02 06:01:33,053 [pool-423-thread-1] INFO  server.RaftServerConfigKeys (ConfUtils.java:logGet(43)) - raft.server.sleep.deviation.threshold = 300 (default)
2019-10-02 06:01:33,053 [pool-423-thread-1] INFO  server.RaftServerConfigKeys (ConfUtils.java:logGet(43)) - raft.server.log.appender.install.snapshot.enabled = false (custom)
2019-10-02 06:01:33,053 [pool-423-thread-1] INFO  impl.RaftServerImpl (ServerState.java:<init>(103)) - f194447b-767d-44d3-9b01-9564c45d62df@group-FE3E8382BE00: ConfigurationManager, init=-1: [f194447b-767d-44d3-9b01-9564c45d62df:192.168.164.241:36827], old=null, confs=<EMPTY_MAP>
2019-10-02 06:01:33,053 [pool-423-thread-1] INFO  server.RaftServerConfigKeys (ConfUtils.java:logGet(43)) - raft.server.storage.dir = [/workdir/hadoop-ozone/integration-test/target/test-dir/MiniOzoneClusterImpl-d19c4ee3-b928-4c33-bb8a-b56070bebaf7/datanode-4/data/ratis] (custom)
2019-10-02 06:01:33,054 [pool-423-thread-1] INFO  server.RaftServerConfigKeys (ConfUtils.java:logGet(43)) - raft.server.log.corruption.policy = EXCEPTION (default)
2019-10-02 06:01:33,054 [pool-423-thread-1] INFO  storage.RaftStorageDirectory (RaftStorageDirectory.java:analyzeStorage(246)) - The storage directory /workdir/hadoop-ozone/integration-test/target/test-dir/MiniOzoneClusterImpl-d19c4ee3-b928-4c33-bb8a-b56070bebaf7/datanode-4/data/ratis/7d1f0e37-dec4-457e-9d81-fe3e8382be00 does not exist. Creating ...
2019-10-02 06:01:33,154 [pool-423-thread-1] INFO  storage.RaftStorageDirectory (RaftStorageDirectory.java:tryLock(328)) - Lock on /workdir/hadoop-ozone/integration-test/target/test-dir/MiniOzoneClusterImpl-d19c4ee3-b928-4c33-bb8a-b56070bebaf7/datanode-4/data/ratis/7d1f0e37-dec4-457e-9d81-fe3e8382be00/in_use.lock acquired by nodename 15596@trunk-nightly-20191002-p7fms-2058464235
2019-10-02 06:01:33,168 [pool-423-thread-1] INFO  storage.RaftStorage (RaftStorage.java:format(84)) - Storage directory /workdir/hadoop-ozone/integration-test/target/test-dir/MiniOzoneClusterImpl-d19c4ee3-b928-4c33-bb8a-b56070bebaf7/datanode-4/data/ratis/7d1f0e37-dec4-457e-9d81-fe3e8382be00 has been successfully formatted.
2019-10-02 06:01:33,168 [pool-423-thread-1] INFO  ratis.ContainerStateMachine (ContainerStateMachine.java:loadSnapshot(230)) - group-FE3E8382BE00: The snapshot info is null. Setting the last applied indexto:(t:0, i:~)
2019-10-02 06:01:33,168 [pool-423-thread-1] INFO  server.RaftServerConfigKeys (ConfUtils.java:logGet(43)) - raft.server.notification.no-leader.timeout = 120s (custom)
2019-10-02 06:01:33,169 [pool-423-thread-1] INFO  server.RaftServerConfigKeys (ConfUtils.java:logGet(43)) - raft.server.log.use.memory = false (default)
2019-10-02 06:01:33,169 [pool-423-thread-1] INFO  server.RaftServerConfigKeys (ConfUtils.java:logGet(43)) - raft.server.log.purge.gap = 1000000 (custom)
2019-10-02 06:01:33,169 [pool-423-thread-1] INFO  server.RaftServerConfigKeys (ConfUtils.java:logGet(43)) - raft.server.log.appender.buffer.byte-limit = 33554432 (custom)
2019-10-02 06:01:33,169 [pool-423-thread-1] INFO  server.RaftServerConfigKeys (ConfUtils.java:logGet(43)) - raft.server.log.segment.size.max = 1048576 (custom)
2019-10-02 06:01:33,171 [pool-423-thread-1] INFO  server.RaftServerConfigKeys (ConfUtils.java:logGet(43)) - raft.server.log.segment.cache.num.max = 2 (custom)
2019-10-02 06:01:33,171 [pool-423-thread-1] INFO  segmented.SegmentedRaftLogWorker (SegmentedRaftLogWorker.java:<init>(173)) - new f194447b-767d-44d3-9b01-9564c45d62df@group-FE3E8382BE00-SegmentedRaftLogWorker for RaftStorage:Storage Directory /workdir/hadoop-ozone/integration-test/target/test-dir/MiniOzoneClusterImpl-d19c4ee3-b928-4c33-bb8a-b56070bebaf7/datanode-4/data/ratis/7d1f0e37-dec4-457e-9d81-fe3e8382be00
2019-10-02 06:01:33,171 [pool-423-thread-1] INFO  server.RaftServerConfigKeys (ConfUtils.java:logGet(43)) - raft.server.log.queue.byte-limit = 2147483647 (custom)
2019-10-02 06:01:33,172 [pool-423-thread-1] INFO  server.RaftServerConfigKeys (ConfUtils.java:logGet(43)) - raft.server.log.queue.element-limit = 1024 (custom)
2019-10-02 06:01:33,172 [pool-423-thread-1] INFO  server.RaftServerConfigKeys (ConfUtils.java:logGet(43)) - raft.server.log.segment.size.max = 1048576 (custom)
2019-10-02 06:01:33,172 [pool-423-thread-1] INFO  server.RaftServerConfigKeys (ConfUtils.java:logGet(43)) - raft.server.log.preallocated.size = 16384 (custom)
2019-10-02 06:01:33,172 [pool-423-thread-1] INFO  server.RaftServerConfigKeys (ConfUtils.java:logGet(43)) - raft.server.log.write.buffer.size = 33554432 (custom)
2019-10-02 06:01:33,172 [pool-423-thread-1] INFO  server.RaftServerConfigKeys (ConfUtils.java:logGet(43)) - raft.server.log.force.sync.num = 128 (default)
2019-10-02 06:01:33,172 [pool-423-thread-1] INFO  server.RaftServerConfigKeys (ConfUtils.java:logGet(43)) - raft.server.log.statemachine.data.sync = true (default)
2019-10-02 06:01:33,173 [pool-423-thread-1] INFO  server.RaftServerConfigKeys (ConfUtils.java:logGet(43)) - raft.server.log.statemachine.data.sync.timeout = 10s (default)
2019-10-02 06:01:33,173 [pool-423-thread-1] INFO  server.RaftServerConfigKeys (ConfUtils.java:logGet(43)) - raft.server.log.statemachine.data.sync.timeout.retry = -1 (default)
2019-10-02 06:01:33,173 [pool-423-thread-1] INFO  server.RaftServerConfigKeys (ConfUtils.java:logGet(43)) - raft.server.log.statemachine.data.caching.enabled = true (custom)
2019-10-02 06:01:33,174 [pool-423-thread-1] INFO  segmented.SegmentedRaftLogWorker (SegmentedRaftLogWorker.java:lambda$new$0(128)) - f194447b-767d-44d3-9b01-9564c45d62df@group-FE3E8382BE00-SegmentedRaftLogWorker: flushIndex: setUnconditionally 0 -> -1
2019-10-02 06:01:33,174 [IPC Server handler 4 on 46363] INFO  net.NetworkTopology (NetworkTopologyImpl.java:add(111)) - Added a new node: /default-rack/90d4a6c3-2b8c-443b-9736-99a4b611d261
2019-10-02 06:01:33,174 [pool-423-thread-1] INFO  server.RaftServerConfigKeys (ConfUtils.java:logGet(43)) - raft.server.snapshot.auto.trigger.enabled = true (custom)
2019-10-02 06:01:33,174 [IPC Server handler 4 on 46363] INFO  node.SCMNodeManager (SCMNodeManager.java:register(266)) - Registered Data node : 90d4a6c3-2b8c-443b-9736-99a4b611d261{ip: 192.168.164.241, host: trunk-nightly-20191002-p7fms-2058464235, networkLocation: /default-rack, certSerialId: null}
2019-10-02 06:01:33,174 [pool-423-thread-1] INFO  server.RaftServerConfigKeys (ConfUtils.java:logGet(43)) - raft.server.snapshot.auto.trigger.threshold = 10000 (custom)
2019-10-02 06:01:33,175 [pool-423-thread-1] INFO  server.RaftServerConfigKeys (ConfUtils.java:logGet(43)) - raft.server.snapshot.retention.file.num = 5 (custom)
2019-10-02 06:01:33,175 [pool-423-thread-1] INFO  server.RaftServerConfigKeys (ConfUtils.java:logGet(43)) - raft.server.retrycache.expirytime = 600000ms (custom)
2019-10-02 06:01:33,177 [pool-423-thread-1] INFO  impl.RaftServerImpl (RaftServerImpl.java:start(181)) - f194447b-767d-44d3-9b01-9564c45d62df@group-FE3E8382BE00: start as a follower, conf=-1: [f194447b-767d-44d3-9b01-9564c45d62df:192.168.164.241:36827], old=null
2019-10-02 06:01:33,177 [pool-423-thread-1] INFO  impl.RaftServerImpl (RaftServerImpl.java:setRole(170)) - f194447b-767d-44d3-9b01-9564c45d62df@group-FE3E8382BE00: changes role from      null to FOLLOWER at term 0 for startAsFollower
2019-10-02 06:01:33,177 [pool-423-thread-1] INFO  impl.RoleInfo (RoleInfo.java:updateAndGet(143)) - f194447b-767d-44d3-9b01-9564c45d62df: start FollowerState
2019-10-02 06:01:33,177 [pool-423-thread-1] INFO  util.JmxRegister (JmxRegister.java:tryRegister(44)) - Successfully registered JMX Bean with object name Ratis:service=RaftServer,group=group-FE3E8382BE00,id=f194447b-767d-44d3-9b01-9564c45d62df
2019-10-02 06:01:33,181 [RatisPipelineUtilsThread] INFO  pipeline.PipelineStateManager (PipelineStateManager.java:addPipeline(56)) - Created pipeline Pipeline[ Id: 7d1f0e37-dec4-457e-9d81-fe3e8382be00, Nodes: f194447b-767d-44d3-9b01-9564c45d62df{ip: 192.168.164.241, host: trunk-nightly-20191002-p7fms-2058464235, networkLocation: /default-rack, certSerialId: null}, Type:RATIS, Factor:ONE, State:OPEN]
2019-10-02 06:01:33,217 [grpc-default-executor-2] INFO  impl.RaftServerProxy (RaftServerProxy.java:addNew(89)) - 90d4a6c3-2b8c-443b-9736-99a4b611d261: addNew group-80B01F09430F:[90d4a6c3-2b8c-443b-9736-99a4b611d261:192.168.164.241:35207] returns group-80B01F09430F:java.util.concurrent.CompletableFuture@1e3fa56b[Not completed]
2019-10-02 06:01:33,218 [pool-433-thread-1] INFO  impl.RaftServerImpl (RaftServerImpl.java:<init>(95)) - 90d4a6c3-2b8c-443b-9736-99a4b611d261: new RaftServerImpl for group-80B01F09430F:[90d4a6c3-2b8c-443b-9736-99a4b611d261:192.168.164.241:35207] with ContainerStateMachine:uninitialized
2019-10-02 06:01:33,218 [pool-433-thread-1] INFO  server.RaftServerConfigKeys (ConfUtils.java:logGet(43)) - raft.server.rpc.timeout.min = 5s (custom)
2019-10-02 06:01:33,219 [pool-433-thread-1] INFO  server.RaftServerConfigKeys (ConfUtils.java:logGet(43)) - raft.server.rpc.timeout.max = 5200ms (custom)
2019-10-02 06:01:33,219 [pool-433-thread-1] INFO  server.RaftServerConfigKeys (ConfUtils.java:logGet(43)) - raft.server.rpcslowness.timeout = 120s (custom)
2019-10-02 06:01:33,219 [pool-433-thread-1] INFO  server.RaftServerConfigKeys (ConfUtils.java:logGet(43)) - raft.server.sleep.deviation.threshold = 300 (default)
2019-10-02 06:01:33,219 [pool-433-thread-1] INFO  server.RaftServerConfigKeys (ConfUtils.java:logGet(43)) - raft.server.log.appender.install.snapshot.enabled = false (custom)
2019-10-02 06:01:33,219 [pool-433-thread-1] INFO  impl.RaftServerImpl (ServerState.java:<init>(103)) - 90d4a6c3-2b8c-443b-9736-99a4b611d261@group-80B01F09430F: ConfigurationManager, init=-1: [90d4a6c3-2b8c-443b-9736-99a4b611d261:192.168.164.241:35207], old=null, confs=<EMPTY_MAP>
2019-10-02 06:01:33,219 [pool-433-thread-1] INFO  server.RaftServerConfigKeys (ConfUtils.java:logGet(43)) - raft.server.storage.dir = [/workdir/hadoop-ozone/integration-test/target/test-dir/MiniOzoneClusterImpl-d19c4ee3-b928-4c33-bb8a-b56070bebaf7/datanode-5/data/ratis] (custom)
2019-10-02 06:01:33,219 [pool-433-thread-1] INFO  server.RaftServerConfigKeys (ConfUtils.java:logGet(43)) - raft.server.log.corruption.policy = EXCEPTION (default)
2019-10-02 06:01:33,220 [pool-433-thread-1] INFO  storage.RaftStorageDirectory (RaftStorageDirectory.java:analyzeStorage(246)) - The storage directory /workdir/hadoop-ozone/integration-test/target/test-dir/MiniOzoneClusterImpl-d19c4ee3-b928-4c33-bb8a-b56070bebaf7/datanode-5/data/ratis/be8d762c-6932-4c7a-813c-80b01f09430f does not exist. Creating ...
2019-10-02 06:01:33,233 [pool-433-thread-1] INFO  storage.RaftStorageDirectory (RaftStorageDirectory.java:tryLock(328)) - Lock on /workdir/hadoop-ozone/integration-test/target/test-dir/MiniOzoneClusterImpl-d19c4ee3-b928-4c33-bb8a-b56070bebaf7/datanode-5/data/ratis/be8d762c-6932-4c7a-813c-80b01f09430f/in_use.lock acquired by nodename 15596@trunk-nightly-20191002-p7fms-2058464235
2019-10-02 06:01:33,246 [IPC Server handler 5 on 46363] INFO  net.NetworkTopology (NetworkTopologyImpl.java:add(111)) - Added a new node: /default-rack/cebca715-a441-467b-bb10-f04cfd0d4e71
2019-10-02 06:01:33,246 [IPC Server handler 5 on 46363] INFO  node.SCMNodeManager (SCMNodeManager.java:register(266)) - Registered Data node : cebca715-a441-467b-bb10-f04cfd0d4e71{ip: 192.168.164.241, host: trunk-nightly-20191002-p7fms-2058464235, networkLocation: /default-rack, certSerialId: null}
2019-10-02 06:01:33,246 [main] INFO  ozone.MiniOzoneClusterImpl (MiniOzoneClusterImpl.java:lambda$waitForClusterToBeReady$0(147)) - Cluster is ready. Got 7 of 7 DN Heartbeats.
2019-10-02 06:01:33,247 [pool-433-thread-1] INFO  storage.RaftStorage (RaftStorage.java:format(84)) - Storage directory /workdir/hadoop-ozone/integration-test/target/test-dir/MiniOzoneClusterImpl-d19c4ee3-b928-4c33-bb8a-b56070bebaf7/datanode-5/data/ratis/be8d762c-6932-4c7a-813c-80b01f09430f has been successfully formatted.
2019-10-02 06:01:33,247 [pool-433-thread-1] INFO  ratis.ContainerStateMachine (ContainerStateMachine.java:loadSnapshot(230)) - group-80B01F09430F: The snapshot info is null. Setting the last applied indexto:(t:0, i:~)
2019-10-02 06:01:33,247 [pool-433-thread-1] INFO  server.RaftServerConfigKeys (ConfUtils.java:logGet(43)) - raft.server.notification.no-leader.timeout = 120s (custom)
2019-10-02 06:01:33,247 [pool-433-thread-1] INFO  server.RaftServerConfigKeys (ConfUtils.java:logGet(43)) - raft.server.log.use.memory = false (default)
2019-10-02 06:01:33,247 [pool-433-thread-1] INFO  server.RaftServerConfigKeys (ConfUtils.java:logGet(43)) - raft.server.log.purge.gap = 1000000 (custom)
2019-10-02 06:01:33,247 [pool-433-thread-1] INFO  server.RaftServerConfigKeys (ConfUtils.java:logGet(43)) - raft.server.log.appender.buffer.byte-limit = 33554432 (custom)
2019-10-02 06:01:33,248 [pool-433-thread-1] INFO  server.RaftServerConfigKeys (ConfUtils.java:logGet(43)) - raft.server.log.segment.size.max = 1048576 (custom)
2019-10-02 06:01:33,249 [pool-433-thread-1] INFO  server.RaftServerConfigKeys (ConfUtils.java:logGet(43)) - raft.server.log.segment.cache.num.max = 2 (custom)
2019-10-02 06:01:33,249 [pool-433-thread-1] INFO  segmented.SegmentedRaftLogWorker (SegmentedRaftLogWorker.java:<init>(173)) - new 90d4a6c3-2b8c-443b-9736-99a4b611d261@group-80B01F09430F-SegmentedRaftLogWorker for RaftStorage:Storage Directory /workdir/hadoop-ozone/integration-test/target/test-dir/MiniOzoneClusterImpl-d19c4ee3-b928-4c33-bb8a-b56070bebaf7/datanode-5/data/ratis/be8d762c-6932-4c7a-813c-80b01f09430f
2019-10-02 06:01:33,265 [pool-433-thread-1] INFO  server.RaftServerConfigKeys (ConfUtils.java:logGet(43)) - raft.server.log.queue.byte-limit = 2147483647 (custom)
2019-10-02 06:01:33,266 [pool-433-thread-1] INFO  server.RaftServerConfigKeys (ConfUtils.java:logGet(43)) - raft.server.log.queue.element-limit = 1024 (custom)
2019-10-02 06:01:33,266 [pool-433-thread-1] INFO  server.RaftServerConfigKeys (ConfUtils.java:logGet(43)) - raft.server.log.segment.size.max = 1048576 (custom)
2019-10-02 06:01:33,266 [pool-433-thread-1] INFO  server.RaftServerConfigKeys (ConfUtils.java:logGet(43)) - raft.server.log.preallocated.size = 16384 (custom)
2019-10-02 06:01:33,266 [pool-433-thread-1] INFO  server.RaftServerConfigKeys (ConfUtils.java:logGet(43)) - raft.server.log.write.buffer.size = 33554432 (custom)
2019-10-02 06:01:33,266 [pool-433-thread-1] INFO  server.RaftServerConfigKeys (ConfUtils.java:logGet(43)) - raft.server.log.force.sync.num = 128 (default)
2019-10-02 06:01:33,266 [pool-433-thread-1] INFO  server.RaftServerConfigKeys (ConfUtils.java:logGet(43)) - raft.server.log.statemachine.data.sync = true (default)
2019-10-02 06:01:33,266 [pool-433-thread-1] INFO  server.RaftServerConfigKeys (ConfUtils.java:logGet(43)) - raft.server.log.statemachine.data.sync.timeout = 10s (default)
2019-10-02 06:01:33,266 [pool-433-thread-1] INFO  server.RaftServerConfigKeys (ConfUtils.java:logGet(43)) - raft.server.log.statemachine.data.sync.timeout.retry = -1 (default)
2019-10-02 06:01:33,267 [pool-433-thread-1] INFO  server.RaftServerConfigKeys (ConfUtils.java:logGet(43)) - raft.server.log.statemachine.data.caching.enabled = true (custom)
2019-10-02 06:01:33,267 [pool-433-thread-1] INFO  segmented.SegmentedRaftLogWorker (SegmentedRaftLogWorker.java:lambda$new$0(128)) - 90d4a6c3-2b8c-443b-9736-99a4b611d261@group-80B01F09430F-SegmentedRaftLogWorker: flushIndex: setUnconditionally 0 -> -1
2019-10-02 06:01:33,273 [pool-433-thread-1] INFO  server.RaftServerConfigKeys (ConfUtils.java:logGet(43)) - raft.server.snapshot.auto.trigger.enabled = true (custom)
2019-10-02 06:01:33,273 [pool-433-thread-1] INFO  server.RaftServerConfigKeys (ConfUtils.java:logGet(43)) - raft.server.snapshot.auto.trigger.threshold = 10000 (custom)
2019-10-02 06:01:33,285 [pool-433-thread-1] INFO  server.RaftServerConfigKeys (ConfUtils.java:logGet(43)) - raft.server.snapshot.retention.file.num = 5 (custom)
2019-10-02 06:01:33,285 [pool-433-thread-1] INFO  server.RaftServerConfigKeys (ConfUtils.java:logGet(43)) - raft.server.retrycache.expirytime = 600000ms (custom)
2019-10-02 06:01:33,294 [pool-433-thread-1] INFO  impl.RaftServerImpl (RaftServerImpl.java:start(181)) - 90d4a6c3-2b8c-443b-9736-99a4b611d261@group-80B01F09430F: start as a follower, conf=-1: [90d4a6c3-2b8c-443b-9736-99a4b611d261:192.168.164.241:35207], old=null
2019-10-02 06:01:33,294 [pool-433-thread-1] INFO  impl.RaftServerImpl (RaftServerImpl.java:setRole(170)) - 90d4a6c3-2b8c-443b-9736-99a4b611d261@group-80B01F09430F: changes role from      null to FOLLOWER at term 0 for startAsFollower
2019-10-02 06:01:33,294 [pool-433-thread-1] INFO  impl.RoleInfo (RoleInfo.java:updateAndGet(143)) - 90d4a6c3-2b8c-443b-9736-99a4b611d261: start FollowerState
2019-10-02 06:01:33,294 [pool-433-thread-1] INFO  util.JmxRegister (JmxRegister.java:tryRegister(44)) - Successfully registered JMX Bean with object name Ratis:service=RaftServer,group=group-80B01F09430F,id=90d4a6c3-2b8c-443b-9736-99a4b611d261
2019-10-02 06:01:33,309 [main] INFO  rpc.RpcClient (RpcClient.java:createVolume(276)) - Creating Volume: watchforcommithandlingtest, with jenkins1000 as owner.
2019-10-02 06:01:33,311 [RatisPipelineUtilsThread] INFO  pipeline.PipelineStateManager (PipelineStateManager.java:addPipeline(56)) - Created pipeline Pipeline[ Id: be8d762c-6932-4c7a-813c-80b01f09430f, Nodes: 90d4a6c3-2b8c-443b-9736-99a4b611d261{ip: 192.168.164.241, host: trunk-nightly-20191002-p7fms-2058464235, networkLocation: /default-rack, certSerialId: null}, Type:RATIS, Factor:ONE, State:OPEN]
2019-10-02 06:01:33,316 [IPC Server handler 19 on 38689] INFO  volume.OMVolumeCreateRequest (OMVolumeCreateRequest.java:validateAndUpdateCache(194)) - created volume:watchforcommithandlingtest for user:jenkins1000
2019-10-02 06:01:33,342 [grpc-default-executor-2] INFO  impl.RaftServerProxy (RaftServerProxy.java:addNew(89)) - cebca715-a441-467b-bb10-f04cfd0d4e71: addNew group-84D86C9F1786:[cebca715-a441-467b-bb10-f04cfd0d4e71:192.168.164.241:41429] returns group-84D86C9F1786:java.util.concurrent.CompletableFuture@738b0cb4[Not completed]
2019-10-02 06:01:33,343 [main] INFO  rpc.RpcClient (RpcClient.java:createBucket(415)) - Creating Bucket: watchforcommithandlingtest/watchforcommithandlingtest, with Versioning false and Storage Type set to DISK and Encryption set to false 
2019-10-02 06:01:33,348 [pool-443-thread-1] INFO  impl.RaftServerImpl (RaftServerImpl.java:<init>(95)) - cebca715-a441-467b-bb10-f04cfd0d4e71: new RaftServerImpl for group-84D86C9F1786:[cebca715-a441-467b-bb10-f04cfd0d4e71:192.168.164.241:41429] with ContainerStateMachine:uninitialized
2019-10-02 06:01:33,348 [pool-443-thread-1] INFO  server.RaftServerConfigKeys (ConfUtils.java:logGet(43)) - raft.server.rpc.timeout.min = 5s (custom)
2019-10-02 06:01:33,348 [main] INFO  ozone.MiniOzoneClusterImpl (MiniOzoneClusterImpl.java:getStorageContainerLocationClient(234)) - Creating StorageContainerLocationProtocol RPC client with address /0.0.0.0:34054
2019-10-02 06:01:33,348 [pool-443-thread-1] INFO  server.RaftServerConfigKeys (ConfUtils.java:logGet(43)) - raft.server.rpc.timeout.max = 5200ms (custom)
2019-10-02 06:01:33,348 [pool-443-thread-1] INFO  server.RaftServerConfigKeys (ConfUtils.java:logGet(43)) - raft.server.rpcslowness.timeout = 120s (custom)
2019-10-02 06:01:33,348 [pool-443-thread-1] INFO  server.RaftServerConfigKeys (ConfUtils.java:logGet(43)) - raft.server.sleep.deviation.threshold = 300 (default)
2019-10-02 06:01:33,348 [pool-443-thread-1] INFO  server.RaftServerConfigKeys (ConfUtils.java:logGet(43)) - raft.server.log.appender.install.snapshot.enabled = false (custom)
2019-10-02 06:01:33,349 [pool-443-thread-1] INFO  impl.RaftServerImpl (ServerState.java:<init>(103)) - cebca715-a441-467b-bb10-f04cfd0d4e71@group-84D86C9F1786: ConfigurationManager, init=-1: [cebca715-a441-467b-bb10-f04cfd0d4e71:192.168.164.241:41429], old=null, confs=<EMPTY_MAP>
2019-10-02 06:01:33,349 [pool-443-thread-1] INFO  server.RaftServerConfigKeys (ConfUtils.java:logGet(43)) - raft.server.storage.dir = [/workdir/hadoop-ozone/integration-test/target/test-dir/MiniOzoneClusterImpl-d19c4ee3-b928-4c33-bb8a-b56070bebaf7/datanode-6/data/ratis] (custom)
2019-10-02 06:01:33,349 [pool-443-thread-1] INFO  server.RaftServerConfigKeys (ConfUtils.java:logGet(43)) - raft.server.log.corruption.policy = EXCEPTION (default)
2019-10-02 06:01:33,349 [pool-443-thread-1] INFO  storage.RaftStorageDirectory (RaftStorageDirectory.java:analyzeStorage(246)) - The storage directory /workdir/hadoop-ozone/integration-test/target/test-dir/MiniOzoneClusterImpl-d19c4ee3-b928-4c33-bb8a-b56070bebaf7/datanode-6/data/ratis/a0b5349c-cb2e-4bb8-9579-84d86c9f1786 does not exist. Creating ...
2019-10-02 06:01:33,363 [pool-443-thread-1] INFO  storage.RaftStorageDirectory (RaftStorageDirectory.java:tryLock(328)) - Lock on /workdir/hadoop-ozone/integration-test/target/test-dir/MiniOzoneClusterImpl-d19c4ee3-b928-4c33-bb8a-b56070bebaf7/datanode-6/data/ratis/a0b5349c-cb2e-4bb8-9579-84d86c9f1786/in_use.lock acquired by nodename 15596@trunk-nightly-20191002-p7fms-2058464235
2019-10-02 06:01:33,377 [pool-443-thread-1] INFO  storage.RaftStorage (RaftStorage.java:format(84)) - Storage directory /workdir/hadoop-ozone/integration-test/target/test-dir/MiniOzoneClusterImpl-d19c4ee3-b928-4c33-bb8a-b56070bebaf7/datanode-6/data/ratis/a0b5349c-cb2e-4bb8-9579-84d86c9f1786 has been successfully formatted.
2019-10-02 06:01:33,377 [pool-443-thread-1] INFO  ratis.ContainerStateMachine (ContainerStateMachine.java:loadSnapshot(230)) - group-84D86C9F1786: The snapshot info is null. Setting the last applied indexto:(t:0, i:~)
2019-10-02 06:01:33,377 [pool-443-thread-1] INFO  server.RaftServerConfigKeys (ConfUtils.java:logGet(43)) - raft.server.notification.no-leader.timeout = 120s (custom)
2019-10-02 06:01:33,377 [pool-443-thread-1] INFO  server.RaftServerConfigKeys (ConfUtils.java:logGet(43)) - raft.server.log.use.memory = false (default)
2019-10-02 06:01:33,377 [pool-443-thread-1] INFO  server.RaftServerConfigKeys (ConfUtils.java:logGet(43)) - raft.server.log.purge.gap = 1000000 (custom)
2019-10-02 06:01:33,378 [pool-443-thread-1] INFO  server.RaftServerConfigKeys (ConfUtils.java:logGet(43)) - raft.server.log.appender.buffer.byte-limit = 33554432 (custom)
2019-10-02 06:01:33,378 [pool-443-thread-1] INFO  server.RaftServerConfigKeys (ConfUtils.java:logGet(43)) - raft.server.log.segment.size.max = 1048576 (custom)
2019-10-02 06:01:33,379 [pool-443-thread-1] INFO  server.RaftServerConfigKeys (ConfUtils.java:logGet(43)) - raft.server.log.segment.cache.num.max = 2 (custom)
2019-10-02 06:01:33,380 [pool-443-thread-1] INFO  segmented.SegmentedRaftLogWorker (SegmentedRaftLogWorker.java:<init>(173)) - new cebca715-a441-467b-bb10-f04cfd0d4e71@group-84D86C9F1786-SegmentedRaftLogWorker for RaftStorage:Storage Directory /workdir/hadoop-ozone/integration-test/target/test-dir/MiniOzoneClusterImpl-d19c4ee3-b928-4c33-bb8a-b56070bebaf7/datanode-6/data/ratis/a0b5349c-cb2e-4bb8-9579-84d86c9f1786
2019-10-02 06:01:33,380 [pool-443-thread-1] INFO  server.RaftServerConfigKeys (ConfUtils.java:logGet(43)) - raft.server.log.queue.byte-limit = 2147483647 (custom)
2019-10-02 06:01:33,380 [pool-443-thread-1] INFO  server.RaftServerConfigKeys (ConfUtils.java:logGet(43)) - raft.server.log.queue.element-limit = 1024 (custom)
2019-10-02 06:01:33,380 [pool-443-thread-1] INFO  server.RaftServerConfigKeys (ConfUtils.java:logGet(43)) - raft.server.log.segment.size.max = 1048576 (custom)
2019-10-02 06:01:33,380 [pool-443-thread-1] INFO  server.RaftServerConfigKeys (ConfUtils.java:logGet(43)) - raft.server.log.preallocated.size = 16384 (custom)
2019-10-02 06:01:33,380 [pool-443-thread-1] INFO  server.RaftServerConfigKeys (ConfUtils.java:logGet(43)) - raft.server.log.write.buffer.size = 33554432 (custom)
2019-10-02 06:01:33,380 [pool-443-thread-1] INFO  server.RaftServerConfigKeys (ConfUtils.java:logGet(43)) - raft.server.log.force.sync.num = 128 (default)
2019-10-02 06:01:33,380 [pool-443-thread-1] INFO  server.RaftServerConfigKeys (ConfUtils.java:logGet(43)) - raft.server.log.statemachine.data.sync = true (default)
2019-10-02 06:01:33,380 [pool-443-thread-1] INFO  server.RaftServerConfigKeys (ConfUtils.java:logGet(43)) - raft.server.log.statemachine.data.sync.timeout = 10s (default)
2019-10-02 06:01:33,381 [pool-443-thread-1] INFO  server.RaftServerConfigKeys (ConfUtils.java:logGet(43)) - raft.server.log.statemachine.data.sync.timeout.retry = -1 (default)
2019-10-02 06:01:33,381 [pool-443-thread-1] INFO  server.RaftServerConfigKeys (ConfUtils.java:logGet(43)) - raft.server.log.statemachine.data.caching.enabled = true (custom)
2019-10-02 06:01:33,381 [pool-443-thread-1] INFO  segmented.SegmentedRaftLogWorker (SegmentedRaftLogWorker.java:lambda$new$0(128)) - cebca715-a441-467b-bb10-f04cfd0d4e71@group-84D86C9F1786-SegmentedRaftLogWorker: flushIndex: setUnconditionally 0 -> -1
2019-10-02 06:01:33,382 [pool-443-thread-1] INFO  server.RaftServerConfigKeys (ConfUtils.java:logGet(43)) - raft.server.snapshot.auto.trigger.enabled = true (custom)
2019-10-02 06:01:33,382 [pool-443-thread-1] INFO  server.RaftServerConfigKeys (ConfUtils.java:logGet(43)) - raft.server.snapshot.auto.trigger.threshold = 10000 (custom)
2019-10-02 06:01:33,382 [pool-443-thread-1] INFO  server.RaftServerConfigKeys (ConfUtils.java:logGet(43)) - raft.server.snapshot.retention.file.num = 5 (custom)
2019-10-02 06:01:33,382 [pool-443-thread-1] INFO  server.RaftServerConfigKeys (ConfUtils.java:logGet(43)) - raft.server.retrycache.expirytime = 600000ms (custom)
2019-10-02 06:01:33,383 [pool-443-thread-1] INFO  impl.RaftServerImpl (RaftServerImpl.java:start(181)) - cebca715-a441-467b-bb10-f04cfd0d4e71@group-84D86C9F1786: start as a follower, conf=-1: [cebca715-a441-467b-bb10-f04cfd0d4e71:192.168.164.241:41429], old=null
2019-10-02 06:01:33,383 [pool-443-thread-1] INFO  impl.RaftServerImpl (RaftServerImpl.java:setRole(170)) - cebca715-a441-467b-bb10-f04cfd0d4e71@group-84D86C9F1786: changes role from      null to FOLLOWER at term 0 for startAsFollower
2019-10-02 06:01:33,384 [pool-443-thread-1] INFO  impl.RoleInfo (RoleInfo.java:updateAndGet(143)) - cebca715-a441-467b-bb10-f04cfd0d4e71: start FollowerState
2019-10-02 06:01:33,384 [pool-443-thread-1] INFO  util.JmxRegister (JmxRegister.java:tryRegister(44)) - Successfully registered JMX Bean with object name Ratis:service=RaftServer,group=group-84D86C9F1786,id=cebca715-a441-467b-bb10-f04cfd0d4e71
2019-10-02 06:01:33,388 [RatisPipelineUtilsThread] INFO  pipeline.PipelineStateManager (PipelineStateManager.java:addPipeline(56)) - Created pipeline Pipeline[ Id: a0b5349c-cb2e-4bb8-9579-84d86c9f1786, Nodes: cebca715-a441-467b-bb10-f04cfd0d4e71{ip: 192.168.164.241, host: trunk-nightly-20191002-p7fms-2058464235, networkLocation: /default-rack, certSerialId: null}, Type:RATIS, Factor:ONE, State:OPEN]
2019-10-02 06:01:33,406 [grpc-default-executor-2] INFO  impl.RaftServerProxy (RaftServerProxy.java:addNew(89)) - cebca715-a441-467b-bb10-f04cfd0d4e71: addNew group-BFA25014280D:[90d4a6c3-2b8c-443b-9736-99a4b611d261:192.168.164.241:35207, cebca715-a441-467b-bb10-f04cfd0d4e71:192.168.164.241:41429, f194447b-767d-44d3-9b01-9564c45d62df:192.168.164.241:36827] returns group-BFA25014280D:java.util.concurrent.CompletableFuture@407f98f1[Not completed]
2019-10-02 06:01:33,406 [grpc-default-executor-4] INFO  impl.RaftServerProxy (RaftServerProxy.java:addNew(89)) - f194447b-767d-44d3-9b01-9564c45d62df: addNew group-BFA25014280D:[90d4a6c3-2b8c-443b-9736-99a4b611d261:192.168.164.241:35207, cebca715-a441-467b-bb10-f04cfd0d4e71:192.168.164.241:41429, f194447b-767d-44d3-9b01-9564c45d62df:192.168.164.241:36827] returns group-BFA25014280D:java.util.concurrent.CompletableFuture@181f05c4[Not completed]
2019-10-02 06:01:33,406 [grpc-default-executor-6] INFO  impl.RaftServerProxy (RaftServerProxy.java:addNew(89)) - 90d4a6c3-2b8c-443b-9736-99a4b611d261: addNew group-BFA25014280D:[90d4a6c3-2b8c-443b-9736-99a4b611d261:192.168.164.241:35207, cebca715-a441-467b-bb10-f04cfd0d4e71:192.168.164.241:41429, f194447b-767d-44d3-9b01-9564c45d62df:192.168.164.241:36827] returns group-BFA25014280D:java.util.concurrent.CompletableFuture@40099563[Not completed]
2019-10-02 06:01:33,407 [pool-443-thread-1] INFO  impl.RaftServerImpl (RaftServerImpl.java:<init>(95)) - cebca715-a441-467b-bb10-f04cfd0d4e71: new RaftServerImpl for group-BFA25014280D:[90d4a6c3-2b8c-443b-9736-99a4b611d261:192.168.164.241:35207, cebca715-a441-467b-bb10-f04cfd0d4e71:192.168.164.241:41429, f194447b-767d-44d3-9b01-9564c45d62df:192.168.164.241:36827] with ContainerStateMachine:uninitialized
2019-10-02 06:01:33,407 [pool-443-thread-1] INFO  server.RaftServerConfigKeys (ConfUtils.java:logGet(43)) - raft.server.rpc.timeout.min = 5s (custom)
2019-10-02 06:01:33,407 [pool-443-thread-1] INFO  server.RaftServerConfigKeys (ConfUtils.java:logGet(43)) - raft.server.rpc.timeout.max = 5200ms (custom)
2019-10-02 06:01:33,407 [pool-443-thread-1] INFO  server.RaftServerConfigKeys (ConfUtils.java:logGet(43)) - raft.server.rpcslowness.timeout = 120s (custom)
2019-10-02 06:01:33,407 [pool-443-thread-1] INFO  server.RaftServerConfigKeys (ConfUtils.java:logGet(43)) - raft.server.sleep.deviation.threshold = 300 (default)
2019-10-02 06:01:33,407 [pool-423-thread-1] INFO  impl.RaftServerImpl (RaftServerImpl.java:<init>(95)) - f194447b-767d-44d3-9b01-9564c45d62df: new RaftServerImpl for group-BFA25014280D:[90d4a6c3-2b8c-443b-9736-99a4b611d261:192.168.164.241:35207, cebca715-a441-467b-bb10-f04cfd0d4e71:192.168.164.241:41429, f194447b-767d-44d3-9b01-9564c45d62df:192.168.164.241:36827] with ContainerStateMachine:uninitialized
2019-10-02 06:01:33,407 [pool-443-thread-1] INFO  server.RaftServerConfigKeys (ConfUtils.java:logGet(43)) - raft.server.log.appender.install.snapshot.enabled = false (custom)
2019-10-02 06:01:33,407 [pool-423-thread-1] INFO  server.RaftServerConfigKeys (ConfUtils.java:logGet(43)) - raft.server.rpc.timeout.min = 5s (custom)
2019-10-02 06:01:33,408 [pool-443-thread-1] INFO  impl.RaftServerImpl (ServerState.java:<init>(103)) - cebca715-a441-467b-bb10-f04cfd0d4e71@group-BFA25014280D: ConfigurationManager, init=-1: [90d4a6c3-2b8c-443b-9736-99a4b611d261:192.168.164.241:35207, cebca715-a441-467b-bb10-f04cfd0d4e71:192.168.164.241:41429, f194447b-767d-44d3-9b01-9564c45d62df:192.168.164.241:36827], old=null, confs=<EMPTY_MAP>
2019-10-02 06:01:33,408 [pool-423-thread-1] INFO  server.RaftServerConfigKeys (ConfUtils.java:logGet(43)) - raft.server.rpc.timeout.max = 5200ms (custom)
2019-10-02 06:01:33,408 [pool-443-thread-1] INFO  server.RaftServerConfigKeys (ConfUtils.java:logGet(43)) - raft.server.storage.dir = [/workdir/hadoop-ozone/integration-test/target/test-dir/MiniOzoneClusterImpl-d19c4ee3-b928-4c33-bb8a-b56070bebaf7/datanode-6/data/ratis] (custom)
2019-10-02 06:01:33,408 [pool-433-thread-1] INFO  impl.RaftServerImpl (RaftServerImpl.java:<init>(95)) - 90d4a6c3-2b8c-443b-9736-99a4b611d261: new RaftServerImpl for group-BFA25014280D:[90d4a6c3-2b8c-443b-9736-99a4b611d261:192.168.164.241:35207, cebca715-a441-467b-bb10-f04cfd0d4e71:192.168.164.241:41429, f194447b-767d-44d3-9b01-9564c45d62df:192.168.164.241:36827] with ContainerStateMachine:uninitialized
2019-10-02 06:01:33,408 [pool-443-thread-1] INFO  server.RaftServerConfigKeys (ConfUtils.java:logGet(43)) - raft.server.log.corruption.policy = EXCEPTION (default)
2019-10-02 06:01:33,408 [pool-423-thread-1] INFO  server.RaftServerConfigKeys (ConfUtils.java:logGet(43)) - raft.server.rpcslowness.timeout = 120s (custom)
2019-10-02 06:01:33,408 [pool-443-thread-1] INFO  storage.RaftStorageDirectory (RaftStorageDirectory.java:analyzeStorage(246)) - The storage directory /workdir/hadoop-ozone/integration-test/target/test-dir/MiniOzoneClusterImpl-d19c4ee3-b928-4c33-bb8a-b56070bebaf7/datanode-6/data/ratis/0833be13-bbf3-469e-8c25-bfa25014280d does not exist. Creating ...
2019-10-02 06:01:33,408 [pool-433-thread-1] INFO  server.RaftServerConfigKeys (ConfUtils.java:logGet(43)) - raft.server.rpc.timeout.min = 5s (custom)
2019-10-02 06:01:33,408 [pool-423-thread-1] INFO  server.RaftServerConfigKeys (ConfUtils.java:logGet(43)) - raft.server.sleep.deviation.threshold = 300 (default)
2019-10-02 06:01:33,408 [pool-433-thread-1] INFO  server.RaftServerConfigKeys (ConfUtils.java:logGet(43)) - raft.server.rpc.timeout.max = 5200ms (custom)
2019-10-02 06:01:33,409 [pool-423-thread-1] INFO  server.RaftServerConfigKeys (ConfUtils.java:logGet(43)) - raft.server.log.appender.install.snapshot.enabled = false (custom)
2019-10-02 06:01:33,409 [pool-433-thread-1] INFO  server.RaftServerConfigKeys (ConfUtils.java:logGet(43)) - raft.server.rpcslowness.timeout = 120s (custom)
2019-10-02 06:01:33,409 [pool-423-thread-1] INFO  impl.RaftServerImpl (ServerState.java:<init>(103)) - f194447b-767d-44d3-9b01-9564c45d62df@group-BFA25014280D: ConfigurationManager, init=-1: [90d4a6c3-2b8c-443b-9736-99a4b611d261:192.168.164.241:35207, cebca715-a441-467b-bb10-f04cfd0d4e71:192.168.164.241:41429, f194447b-767d-44d3-9b01-9564c45d62df:192.168.164.241:36827], old=null, confs=<EMPTY_MAP>
2019-10-02 06:01:33,409 [pool-433-thread-1] INFO  server.RaftServerConfigKeys (ConfUtils.java:logGet(43)) - raft.server.sleep.deviation.threshold = 300 (default)
2019-10-02 06:01:33,409 [pool-423-thread-1] INFO  server.RaftServerConfigKeys (ConfUtils.java:logGet(43)) - raft.server.storage.dir = [/workdir/hadoop-ozone/integration-test/target/test-dir/MiniOzoneClusterImpl-d19c4ee3-b928-4c33-bb8a-b56070bebaf7/datanode-4/data/ratis] (custom)
2019-10-02 06:01:33,409 [pool-433-thread-1] INFO  server.RaftServerConfigKeys (ConfUtils.java:logGet(43)) - raft.server.log.appender.install.snapshot.enabled = false (custom)
2019-10-02 06:01:33,409 [pool-433-thread-1] INFO  impl.RaftServerImpl (ServerState.java:<init>(103)) - 90d4a6c3-2b8c-443b-9736-99a4b611d261@group-BFA25014280D: ConfigurationManager, init=-1: [90d4a6c3-2b8c-443b-9736-99a4b611d261:192.168.164.241:35207, cebca715-a441-467b-bb10-f04cfd0d4e71:192.168.164.241:41429, f194447b-767d-44d3-9b01-9564c45d62df:192.168.164.241:36827], old=null, confs=<EMPTY_MAP>
2019-10-02 06:01:33,409 [pool-423-thread-1] INFO  server.RaftServerConfigKeys (ConfUtils.java:logGet(43)) - raft.server.log.corruption.policy = EXCEPTION (default)
2019-10-02 06:01:33,409 [pool-433-thread-1] INFO  server.RaftServerConfigKeys (ConfUtils.java:logGet(43)) - raft.server.storage.dir = [/workdir/hadoop-ozone/integration-test/target/test-dir/MiniOzoneClusterImpl-d19c4ee3-b928-4c33-bb8a-b56070bebaf7/datanode-5/data/ratis] (custom)
2019-10-02 06:01:33,409 [pool-423-thread-1] INFO  storage.RaftStorageDirectory (RaftStorageDirectory.java:analyzeStorage(246)) - The storage directory /workdir/hadoop-ozone/integration-test/target/test-dir/MiniOzoneClusterImpl-d19c4ee3-b928-4c33-bb8a-b56070bebaf7/datanode-4/data/ratis/0833be13-bbf3-469e-8c25-bfa25014280d does not exist. Creating ...
2019-10-02 06:01:33,410 [pool-433-thread-1] INFO  server.RaftServerConfigKeys (ConfUtils.java:logGet(43)) - raft.server.log.corruption.policy = EXCEPTION (default)
2019-10-02 06:01:33,410 [pool-433-thread-1] INFO  storage.RaftStorageDirectory (RaftStorageDirectory.java:analyzeStorage(246)) - The storage directory /workdir/hadoop-ozone/integration-test/target/test-dir/MiniOzoneClusterImpl-d19c4ee3-b928-4c33-bb8a-b56070bebaf7/datanode-5/data/ratis/0833be13-bbf3-469e-8c25-bfa25014280d does not exist. Creating ...
2019-10-02 06:01:33,423 [pool-423-thread-1] INFO  storage.RaftStorageDirectory (RaftStorageDirectory.java:tryLock(328)) - Lock on /workdir/hadoop-ozone/integration-test/target/test-dir/MiniOzoneClusterImpl-d19c4ee3-b928-4c33-bb8a-b56070bebaf7/datanode-4/data/ratis/0833be13-bbf3-469e-8c25-bfa25014280d/in_use.lock acquired by nodename 15596@trunk-nightly-20191002-p7fms-2058464235
2019-10-02 06:01:33,423 [pool-443-thread-1] INFO  storage.RaftStorageDirectory (RaftStorageDirectory.java:tryLock(328)) - Lock on /workdir/hadoop-ozone/integration-test/target/test-dir/MiniOzoneClusterImpl-d19c4ee3-b928-4c33-bb8a-b56070bebaf7/datanode-6/data/ratis/0833be13-bbf3-469e-8c25-bfa25014280d/in_use.lock acquired by nodename 15596@trunk-nightly-20191002-p7fms-2058464235
2019-10-02 06:01:33,423 [pool-433-thread-1] INFO  storage.RaftStorageDirectory (RaftStorageDirectory.java:tryLock(328)) - Lock on /workdir/hadoop-ozone/integration-test/target/test-dir/MiniOzoneClusterImpl-d19c4ee3-b928-4c33-bb8a-b56070bebaf7/datanode-5/data/ratis/0833be13-bbf3-469e-8c25-bfa25014280d/in_use.lock acquired by nodename 15596@trunk-nightly-20191002-p7fms-2058464235
2019-10-02 06:01:33,428 [pool-423-thread-1] INFO  storage.RaftStorage (RaftStorage.java:format(84)) - Storage directory /workdir/hadoop-ozone/integration-test/target/test-dir/MiniOzoneClusterImpl-d19c4ee3-b928-4c33-bb8a-b56070bebaf7/datanode-4/data/ratis/0833be13-bbf3-469e-8c25-bfa25014280d has been successfully formatted.
2019-10-02 06:01:33,428 [pool-443-thread-1] INFO  storage.RaftStorage (RaftStorage.java:format(84)) - Storage directory /workdir/hadoop-ozone/integration-test/target/test-dir/MiniOzoneClusterImpl-d19c4ee3-b928-4c33-bb8a-b56070bebaf7/datanode-6/data/ratis/0833be13-bbf3-469e-8c25-bfa25014280d has been successfully formatted.
2019-10-02 06:01:33,428 [pool-433-thread-1] INFO  storage.RaftStorage (RaftStorage.java:format(84)) - Storage directory /workdir/hadoop-ozone/integration-test/target/test-dir/MiniOzoneClusterImpl-d19c4ee3-b928-4c33-bb8a-b56070bebaf7/datanode-5/data/ratis/0833be13-bbf3-469e-8c25-bfa25014280d has been successfully formatted.
2019-10-02 06:01:33,428 [pool-423-thread-1] INFO  ratis.ContainerStateMachine (ContainerStateMachine.java:loadSnapshot(230)) - group-BFA25014280D: The snapshot info is null. Setting the last applied indexto:(t:0, i:~)
2019-10-02 06:01:33,429 [pool-433-thread-1] INFO  ratis.ContainerStateMachine (ContainerStateMachine.java:loadSnapshot(230)) - group-BFA25014280D: The snapshot info is null. Setting the last applied indexto:(t:0, i:~)
2019-10-02 06:01:33,429 [pool-443-thread-1] INFO  ratis.ContainerStateMachine (ContainerStateMachine.java:loadSnapshot(230)) - group-BFA25014280D: The snapshot info is null. Setting the last applied indexto:(t:0, i:~)
2019-10-02 06:01:33,429 [pool-433-thread-1] INFO  server.RaftServerConfigKeys (ConfUtils.java:logGet(43)) - raft.server.notification.no-leader.timeout = 120s (custom)
2019-10-02 06:01:33,429 [pool-423-thread-1] INFO  server.RaftServerConfigKeys (ConfUtils.java:logGet(43)) - raft.server.notification.no-leader.timeout = 120s (custom)
2019-10-02 06:01:33,429 [pool-433-thread-1] INFO  server.RaftServerConfigKeys (ConfUtils.java:logGet(43)) - raft.server.log.use.memory = false (default)
2019-10-02 06:01:33,429 [pool-443-thread-1] INFO  server.RaftServerConfigKeys (ConfUtils.java:logGet(43)) - raft.server.notification.no-leader.timeout = 120s (custom)
2019-10-02 06:01:33,429 [pool-433-thread-1] INFO  server.RaftServerConfigKeys (ConfUtils.java:logGet(43)) - raft.server.log.purge.gap = 1000000 (custom)
2019-10-02 06:01:33,429 [pool-423-thread-1] INFO  server.RaftServerConfigKeys (ConfUtils.java:logGet(43)) - raft.server.log.use.memory = false (default)
2019-10-02 06:01:33,429 [pool-433-thread-1] INFO  server.RaftServerConfigKeys (ConfUtils.java:logGet(43)) - raft.server.log.appender.buffer.byte-limit = 33554432 (custom)
2019-10-02 06:01:33,429 [pool-443-thread-1] INFO  server.RaftServerConfigKeys (ConfUtils.java:logGet(43)) - raft.server.log.use.memory = false (default)
2019-10-02 06:01:33,430 [pool-433-thread-1] INFO  server.RaftServerConfigKeys (ConfUtils.java:logGet(43)) - raft.server.log.segment.size.max = 1048576 (custom)
2019-10-02 06:01:33,430 [pool-423-thread-1] INFO  server.RaftServerConfigKeys (ConfUtils.java:logGet(43)) - raft.server.log.purge.gap = 1000000 (custom)
2019-10-02 06:01:33,430 [pool-433-thread-1] INFO  server.RaftServerConfigKeys (ConfUtils.java:logGet(43)) - raft.server.log.segment.cache.num.max = 2 (custom)
2019-10-02 06:01:33,430 [pool-443-thread-1] INFO  server.RaftServerConfigKeys (ConfUtils.java:logGet(43)) - raft.server.log.purge.gap = 1000000 (custom)
2019-10-02 06:01:33,430 [pool-433-thread-1] INFO  segmented.SegmentedRaftLogWorker (SegmentedRaftLogWorker.java:<init>(173)) - new 90d4a6c3-2b8c-443b-9736-99a4b611d261@group-BFA25014280D-SegmentedRaftLogWorker for RaftStorage:Storage Directory /workdir/hadoop-ozone/integration-test/target/test-dir/MiniOzoneClusterImpl-d19c4ee3-b928-4c33-bb8a-b56070bebaf7/datanode-5/data/ratis/0833be13-bbf3-469e-8c25-bfa25014280d
2019-10-02 06:01:33,430 [pool-423-thread-1] INFO  server.RaftServerConfigKeys (ConfUtils.java:logGet(43)) - raft.server.log.appender.buffer.byte-limit = 33554432 (custom)
2019-10-02 06:01:33,430 [pool-433-thread-1] INFO  server.RaftServerConfigKeys (ConfUtils.java:logGet(43)) - raft.server.log.queue.byte-limit = 2147483647 (custom)
2019-10-02 06:01:33,430 [pool-443-thread-1] INFO  server.RaftServerConfigKeys (ConfUtils.java:logGet(43)) - raft.server.log.appender.buffer.byte-limit = 33554432 (custom)
2019-10-02 06:01:33,430 [pool-433-thread-1] INFO  server.RaftServerConfigKeys (ConfUtils.java:logGet(43)) - raft.server.log.queue.element-limit = 1024 (custom)
2019-10-02 06:01:33,430 [pool-423-thread-1] INFO  server.RaftServerConfigKeys (ConfUtils.java:logGet(43)) - raft.server.log.segment.size.max = 1048576 (custom)
2019-10-02 06:01:33,431 [pool-433-thread-1] INFO  server.RaftServerConfigKeys (ConfUtils.java:logGet(43)) - raft.server.log.segment.size.max = 1048576 (custom)
2019-10-02 06:01:33,431 [pool-443-thread-1] INFO  server.RaftServerConfigKeys (ConfUtils.java:logGet(43)) - raft.server.log.segment.size.max = 1048576 (custom)
2019-10-02 06:01:33,431 [pool-433-thread-1] INFO  server.RaftServerConfigKeys (ConfUtils.java:logGet(43)) - raft.server.log.preallocated.size = 16384 (custom)
2019-10-02 06:01:33,431 [pool-423-thread-1] INFO  server.RaftServerConfigKeys (ConfUtils.java:logGet(43)) - raft.server.log.segment.cache.num.max = 2 (custom)
2019-10-02 06:01:33,431 [pool-433-thread-1] INFO  server.RaftServerConfigKeys (ConfUtils.java:logGet(43)) - raft.server.log.write.buffer.size = 33554432 (custom)
2019-10-02 06:01:33,431 [pool-443-thread-1] INFO  server.RaftServerConfigKeys (ConfUtils.java:logGet(43)) - raft.server.log.segment.cache.num.max = 2 (custom)
2019-10-02 06:01:33,431 [pool-433-thread-1] INFO  server.RaftServerConfigKeys (ConfUtils.java:logGet(43)) - raft.server.log.force.sync.num = 128 (default)
2019-10-02 06:01:33,431 [pool-423-thread-1] INFO  segmented.SegmentedRaftLogWorker (SegmentedRaftLogWorker.java:<init>(173)) - new f194447b-767d-44d3-9b01-9564c45d62df@group-BFA25014280D-SegmentedRaftLogWorker for RaftStorage:Storage Directory /workdir/hadoop-ozone/integration-test/target/test-dir/MiniOzoneClusterImpl-d19c4ee3-b928-4c33-bb8a-b56070bebaf7/datanode-4/data/ratis/0833be13-bbf3-469e-8c25-bfa25014280d
2019-10-02 06:01:33,432 [pool-433-thread-1] INFO  server.RaftServerConfigKeys (ConfUtils.java:logGet(43)) - raft.server.log.statemachine.data.sync = true (default)
2019-10-02 06:01:33,431 [pool-443-thread-1] INFO  segmented.SegmentedRaftLogWorker (SegmentedRaftLogWorker.java:<init>(173)) - new cebca715-a441-467b-bb10-f04cfd0d4e71@group-BFA25014280D-SegmentedRaftLogWorker for RaftStorage:Storage Directory /workdir/hadoop-ozone/integration-test/target/test-dir/MiniOzoneClusterImpl-d19c4ee3-b928-4c33-bb8a-b56070bebaf7/datanode-6/data/ratis/0833be13-bbf3-469e-8c25-bfa25014280d
2019-10-02 06:01:33,432 [pool-433-thread-1] INFO  server.RaftServerConfigKeys (ConfUtils.java:logGet(43)) - raft.server.log.statemachine.data.sync.timeout = 10s (default)
2019-10-02 06:01:33,432 [pool-423-thread-1] INFO  server.RaftServerConfigKeys (ConfUtils.java:logGet(43)) - raft.server.log.queue.byte-limit = 2147483647 (custom)
2019-10-02 06:01:33,432 [pool-433-thread-1] INFO  server.RaftServerConfigKeys (ConfUtils.java:logGet(43)) - raft.server.log.statemachine.data.sync.timeout.retry = -1 (default)
2019-10-02 06:01:33,432 [pool-443-thread-1] INFO  server.RaftServerConfigKeys (ConfUtils.java:logGet(43)) - raft.server.log.queue.byte-limit = 2147483647 (custom)
2019-10-02 06:01:33,432 [pool-433-thread-1] INFO  server.RaftServerConfigKeys (ConfUtils.java:logGet(43)) - raft.server.log.statemachine.data.caching.enabled = true (custom)
2019-10-02 06:01:33,432 [pool-423-thread-1] INFO  server.RaftServerConfigKeys (ConfUtils.java:logGet(43)) - raft.server.log.queue.element-limit = 1024 (custom)
2019-10-02 06:01:33,432 [pool-443-thread-1] INFO  server.RaftServerConfigKeys (ConfUtils.java:logGet(43)) - raft.server.log.queue.element-limit = 1024 (custom)
2019-10-02 06:01:33,433 [pool-423-thread-1] INFO  server.RaftServerConfigKeys (ConfUtils.java:logGet(43)) - raft.server.log.segment.size.max = 1048576 (custom)
2019-10-02 06:01:33,433 [pool-433-thread-1] INFO  segmented.SegmentedRaftLogWorker (SegmentedRaftLogWorker.java:lambda$new$0(128)) - 90d4a6c3-2b8c-443b-9736-99a4b611d261@group-BFA25014280D-SegmentedRaftLogWorker: flushIndex: setUnconditionally 0 -> -1
2019-10-02 06:01:33,433 [pool-423-thread-1] INFO  server.RaftServerConfigKeys (ConfUtils.java:logGet(43)) - raft.server.log.preallocated.size = 16384 (custom)
2019-10-02 06:01:33,433 [pool-443-thread-1] INFO  server.RaftServerConfigKeys (ConfUtils.java:logGet(43)) - raft.server.log.segment.size.max = 1048576 (custom)
2019-10-02 06:01:33,433 [pool-433-thread-1] INFO  server.RaftServerConfigKeys (ConfUtils.java:logGet(43)) - raft.server.snapshot.auto.trigger.enabled = true (custom)
2019-10-02 06:01:33,433 [pool-423-thread-1] INFO  server.RaftServerConfigKeys (ConfUtils.java:logGet(43)) - raft.server.log.write.buffer.size = 33554432 (custom)
2019-10-02 06:01:33,433 [pool-433-thread-1] INFO  server.RaftServerConfigKeys (ConfUtils.java:logGet(43)) - raft.server.snapshot.auto.trigger.threshold = 10000 (custom)
2019-10-02 06:01:33,434 [pool-433-thread-1] INFO  server.RaftServerConfigKeys (ConfUtils.java:logGet(43)) - raft.server.snapshot.retention.file.num = 5 (custom)
2019-10-02 06:01:33,433 [pool-443-thread-1] INFO  server.RaftServerConfigKeys (ConfUtils.java:logGet(43)) - raft.server.log.preallocated.size = 16384 (custom)
2019-10-02 06:01:33,434 [pool-433-thread-1] INFO  server.RaftServerConfigKeys (ConfUtils.java:logGet(43)) - raft.server.retrycache.expirytime = 600000ms (custom)
2019-10-02 06:01:33,433 [pool-423-thread-1] INFO  server.RaftServerConfigKeys (ConfUtils.java:logGet(43)) - raft.server.log.force.sync.num = 128 (default)
2019-10-02 06:01:33,434 [pool-443-thread-1] INFO  server.RaftServerConfigKeys (ConfUtils.java:logGet(43)) - raft.server.log.write.buffer.size = 33554432 (custom)
2019-10-02 06:01:33,434 [pool-423-thread-1] INFO  server.RaftServerConfigKeys (ConfUtils.java:logGet(43)) - raft.server.log.statemachine.data.sync = true (default)
2019-10-02 06:01:33,434 [pool-443-thread-1] INFO  server.RaftServerConfigKeys (ConfUtils.java:logGet(43)) - raft.server.log.force.sync.num = 128 (default)
2019-10-02 06:01:33,434 [pool-423-thread-1] INFO  server.RaftServerConfigKeys (ConfUtils.java:logGet(43)) - raft.server.log.statemachine.data.sync.timeout = 10s (default)
2019-10-02 06:01:33,434 [pool-443-thread-1] INFO  server.RaftServerConfigKeys (ConfUtils.java:logGet(43)) - raft.server.log.statemachine.data.sync = true (default)
2019-10-02 06:01:33,435 [pool-423-thread-1] INFO  server.RaftServerConfigKeys (ConfUtils.java:logGet(43)) - raft.server.log.statemachine.data.sync.timeout.retry = -1 (default)
2019-10-02 06:01:33,435 [pool-443-thread-1] INFO  server.RaftServerConfigKeys (ConfUtils.java:logGet(43)) - raft.server.log.statemachine.data.sync.timeout = 10s (default)
2019-10-02 06:01:33,435 [pool-423-thread-1] INFO  server.RaftServerConfigKeys (ConfUtils.java:logGet(43)) - raft.server.log.statemachine.data.caching.enabled = true (custom)
2019-10-02 06:01:33,435 [pool-443-thread-1] INFO  server.RaftServerConfigKeys (ConfUtils.java:logGet(43)) - raft.server.log.statemachine.data.sync.timeout.retry = -1 (default)
2019-10-02 06:01:33,435 [pool-423-thread-1] INFO  segmented.SegmentedRaftLogWorker (SegmentedRaftLogWorker.java:lambda$new$0(128)) - f194447b-767d-44d3-9b01-9564c45d62df@group-BFA25014280D-SegmentedRaftLogWorker: flushIndex: setUnconditionally 0 -> -1
2019-10-02 06:01:33,435 [pool-443-thread-1] INFO  server.RaftServerConfigKeys (ConfUtils.java:logGet(43)) - raft.server.log.statemachine.data.caching.enabled = true (custom)
2019-10-02 06:01:33,435 [pool-433-thread-1] INFO  impl.RaftServerImpl (RaftServerImpl.java:start(181)) - 90d4a6c3-2b8c-443b-9736-99a4b611d261@group-BFA25014280D: start as a follower, conf=-1: [90d4a6c3-2b8c-443b-9736-99a4b611d261:192.168.164.241:35207, cebca715-a441-467b-bb10-f04cfd0d4e71:192.168.164.241:41429, f194447b-767d-44d3-9b01-9564c45d62df:192.168.164.241:36827], old=null
2019-10-02 06:01:33,435 [pool-423-thread-1] INFO  server.RaftServerConfigKeys (ConfUtils.java:logGet(43)) - raft.server.snapshot.auto.trigger.enabled = true (custom)
2019-10-02 06:01:33,436 [pool-443-thread-1] INFO  segmented.SegmentedRaftLogWorker (SegmentedRaftLogWorker.java:lambda$new$0(128)) - cebca715-a441-467b-bb10-f04cfd0d4e71@group-BFA25014280D-SegmentedRaftLogWorker: flushIndex: setUnconditionally 0 -> -1
2019-10-02 06:01:33,435 [pool-433-thread-1] INFO  impl.RaftServerImpl (RaftServerImpl.java:setRole(170)) - 90d4a6c3-2b8c-443b-9736-99a4b611d261@group-BFA25014280D: changes role from      null to FOLLOWER at term 0 for startAsFollower
2019-10-02 06:01:33,436 [pool-423-thread-1] INFO  server.RaftServerConfigKeys (ConfUtils.java:logGet(43)) - raft.server.snapshot.auto.trigger.threshold = 10000 (custom)
2019-10-02 06:01:33,436 [pool-433-thread-1] INFO  impl.RoleInfo (RoleInfo.java:updateAndGet(143)) - 90d4a6c3-2b8c-443b-9736-99a4b611d261: start FollowerState
2019-10-02 06:01:33,436 [pool-423-thread-1] INFO  server.RaftServerConfigKeys (ConfUtils.java:logGet(43)) - raft.server.snapshot.retention.file.num = 5 (custom)
2019-10-02 06:01:33,436 [pool-443-thread-1] INFO  server.RaftServerConfigKeys (ConfUtils.java:logGet(43)) - raft.server.snapshot.auto.trigger.enabled = true (custom)
2019-10-02 06:01:33,436 [pool-433-thread-1] INFO  util.JmxRegister (JmxRegister.java:tryRegister(44)) - Successfully registered JMX Bean with object name Ratis:service=RaftServer,group=group-BFA25014280D,id=90d4a6c3-2b8c-443b-9736-99a4b611d261
2019-10-02 06:01:33,436 [pool-423-thread-1] INFO  server.RaftServerConfigKeys (ConfUtils.java:logGet(43)) - raft.server.retrycache.expirytime = 600000ms (custom)
2019-10-02 06:01:33,436 [pool-443-thread-1] INFO  server.RaftServerConfigKeys (ConfUtils.java:logGet(43)) - raft.server.snapshot.auto.trigger.threshold = 10000 (custom)
2019-10-02 06:01:33,437 [pool-443-thread-1] INFO  server.RaftServerConfigKeys (ConfUtils.java:logGet(43)) - raft.server.snapshot.retention.file.num = 5 (custom)
2019-10-02 06:01:33,437 [pool-443-thread-1] INFO  server.RaftServerConfigKeys (ConfUtils.java:logGet(43)) - raft.server.retrycache.expirytime = 600000ms (custom)
2019-10-02 06:01:33,439 [pool-423-thread-1] INFO  impl.RaftServerImpl (RaftServerImpl.java:start(181)) - f194447b-767d-44d3-9b01-9564c45d62df@group-BFA25014280D: start as a follower, conf=-1: [90d4a6c3-2b8c-443b-9736-99a4b611d261:192.168.164.241:35207, cebca715-a441-467b-bb10-f04cfd0d4e71:192.168.164.241:41429, f194447b-767d-44d3-9b01-9564c45d62df:192.168.164.241:36827], old=null
2019-10-02 06:01:33,440 [pool-423-thread-1] INFO  impl.RaftServerImpl (RaftServerImpl.java:setRole(170)) - f194447b-767d-44d3-9b01-9564c45d62df@group-BFA25014280D: changes role from      null to FOLLOWER at term 0 for startAsFollower
2019-10-02 06:01:33,440 [pool-423-thread-1] INFO  impl.RoleInfo (RoleInfo.java:updateAndGet(143)) - f194447b-767d-44d3-9b01-9564c45d62df: start FollowerState
2019-10-02 06:01:33,440 [pool-423-thread-1] INFO  util.JmxRegister (JmxRegister.java:tryRegister(44)) - Successfully registered JMX Bean with object name Ratis:service=RaftServer,group=group-BFA25014280D,id=f194447b-767d-44d3-9b01-9564c45d62df
2019-10-02 06:01:33,440 [pool-443-thread-1] INFO  impl.RaftServerImpl (RaftServerImpl.java:start(181)) - cebca715-a441-467b-bb10-f04cfd0d4e71@group-BFA25014280D: start as a follower, conf=-1: [90d4a6c3-2b8c-443b-9736-99a4b611d261:192.168.164.241:35207, cebca715-a441-467b-bb10-f04cfd0d4e71:192.168.164.241:41429, f194447b-767d-44d3-9b01-9564c45d62df:192.168.164.241:36827], old=null
2019-10-02 06:01:33,440 [pool-443-thread-1] INFO  impl.RaftServerImpl (RaftServerImpl.java:setRole(170)) - cebca715-a441-467b-bb10-f04cfd0d4e71@group-BFA25014280D: changes role from      null to FOLLOWER at term 0 for startAsFollower
2019-10-02 06:01:33,440 [pool-443-thread-1] INFO  impl.RoleInfo (RoleInfo.java:updateAndGet(143)) - cebca715-a441-467b-bb10-f04cfd0d4e71: start FollowerState
2019-10-02 06:01:33,441 [pool-443-thread-1] INFO  util.JmxRegister (JmxRegister.java:tryRegister(44)) - Successfully registered JMX Bean with object name Ratis:service=RaftServer,group=group-BFA25014280D,id=cebca715-a441-467b-bb10-f04cfd0d4e71
2019-10-02 06:01:33,444 [RatisPipelineUtilsThread] INFO  pipeline.PipelineStateManager (PipelineStateManager.java:addPipeline(56)) - Created pipeline Pipeline[ Id: 0833be13-bbf3-469e-8c25-bfa25014280d, Nodes: 90d4a6c3-2b8c-443b-9736-99a4b611d261{ip: 192.168.164.241, host: trunk-nightly-20191002-p7fms-2058464235, networkLocation: /default-rack, certSerialId: null}cebca715-a441-467b-bb10-f04cfd0d4e71{ip: 192.168.164.241, host: trunk-nightly-20191002-p7fms-2058464235, networkLocation: /default-rack, certSerialId: null}f194447b-767d-44d3-9b01-9564c45d62df{ip: 192.168.164.241, host: trunk-nightly-20191002-p7fms-2058464235, networkLocation: /default-rack, certSerialId: null}, Type:RATIS, Factor:THREE, State:OPEN]
2019-10-02 06:01:33,865 [grpc-default-executor-3] WARN  server.GrpcLogAppender (LogUtils.java:warn(134)) - 7c17948c-1cd0-4417-ab99-6c36b2a081be@group-2113BBD44459->dad25ee9-8ea5-4f1c-9f33-3809fe7bf507-AppendLogResponseHandler: Failed appendEntries: org.apache.ratis.thirdparty.io.grpc.StatusRuntimeException: UNAVAILABLE: io exception
2019-10-02 06:01:33,865 [grpc-default-executor-1] WARN  server.GrpcLogAppender (LogUtils.java:warn(134)) - 7c17948c-1cd0-4417-ab99-6c36b2a081be@group-2113BBD44459->02183d65-95ec-4dfc-9f0a-d3560127e420-AppendLogResponseHandler: Failed appendEntries: org.apache.ratis.thirdparty.io.grpc.StatusRuntimeException: UNAVAILABLE: io exception
2019-10-02 06:01:33,865 [grpc-default-executor-3] INFO  impl.FollowerInfo (FollowerInfo.java:lambda$new$0(51)) - 7c17948c-1cd0-4417-ab99-6c36b2a081be@group-2113BBD44459->dad25ee9-8ea5-4f1c-9f33-3809fe7bf507: nextIndex: updateUnconditionally 0 -> 0
2019-10-02 06:01:33,865 [grpc-default-executor-1] INFO  impl.FollowerInfo (FollowerInfo.java:lambda$new$0(51)) - 7c17948c-1cd0-4417-ab99-6c36b2a081be@group-2113BBD44459->02183d65-95ec-4dfc-9f0a-d3560127e420: nextIndex: updateUnconditionally 0 -> 0
2019-10-02 06:01:35,507 [Thread-2585] INFO  container.ReplicationManager (ReplicationManager.java:start(162)) - Starting Replication Monitor Thread.
2019-10-02 06:01:35,514 [ReplicationMonitor] INFO  container.ReplicationManager (ReplicationManager.java:run(225)) - Replication Monitor Thread took 0 milliseconds for processing 1 containers.
2019-10-02 06:01:36,366 [grpc-default-executor-0] WARN  server.GrpcLogAppender (LogUtils.java:warn(134)) - 7c17948c-1cd0-4417-ab99-6c36b2a081be@group-2113BBD44459->dad25ee9-8ea5-4f1c-9f33-3809fe7bf507-AppendLogResponseHandler: Failed appendEntries: org.apache.ratis.thirdparty.io.grpc.StatusRuntimeException: UNAVAILABLE: io exception
2019-10-02 06:01:36,366 [grpc-default-executor-6] WARN  server.GrpcLogAppender (LogUtils.java:warn(134)) - 7c17948c-1cd0-4417-ab99-6c36b2a081be@group-2113BBD44459->02183d65-95ec-4dfc-9f0a-d3560127e420-AppendLogResponseHandler: Failed appendEntries: org.apache.ratis.thirdparty.io.grpc.StatusRuntimeException: UNAVAILABLE: io exception
2019-10-02 06:01:36,366 [grpc-default-executor-0] INFO  impl.FollowerInfo (FollowerInfo.java:lambda$new$0(51)) - 7c17948c-1cd0-4417-ab99-6c36b2a081be@group-2113BBD44459->dad25ee9-8ea5-4f1c-9f33-3809fe7bf507: nextIndex: updateUnconditionally 0 -> 0
2019-10-02 06:01:36,366 [grpc-default-executor-6] INFO  impl.FollowerInfo (FollowerInfo.java:lambda$new$0(51)) - 7c17948c-1cd0-4417-ab99-6c36b2a081be@group-2113BBD44459->02183d65-95ec-4dfc-9f0a-d3560127e420: nextIndex: updateUnconditionally 0 -> 0
2019-10-02 06:01:37,850 [Thread-2588] INFO  impl.FollowerState (FollowerState.java:run(108)) - 2cc1da74-cc4a-4b71-acb8-7c5b6c8e0a3d@group-C334A03DD292-FollowerState: change to CANDIDATE, lastRpcTime:5076ms, electionTimeout:5076ms
2019-10-02 06:01:37,850 [Thread-2588] INFO  impl.RoleInfo (RoleInfo.java:shutdownFollowerState(121)) - 2cc1da74-cc4a-4b71-acb8-7c5b6c8e0a3d: shutdown FollowerState
2019-10-02 06:01:37,850 [Thread-2588] INFO  impl.RaftServerImpl (RaftServerImpl.java:setRole(170)) - 2cc1da74-cc4a-4b71-acb8-7c5b6c8e0a3d@group-C334A03DD292: changes role from  FOLLOWER to CANDIDATE at term 0 for changeToCandidate
2019-10-02 06:01:37,850 [Thread-2588] INFO  impl.RoleInfo (RoleInfo.java:updateAndGet(143)) - 2cc1da74-cc4a-4b71-acb8-7c5b6c8e0a3d: start LeaderElection
2019-10-02 06:01:37,876 [Thread-2596] INFO  impl.FollowerState (FollowerState.java:run(108)) - 27b60616-8831-445e-96a0-6599c4b1840d@group-2D9879B30857-FollowerState: change to CANDIDATE, lastRpcTime:5011ms, electionTimeout:5011ms
2019-10-02 06:01:37,877 [Thread-2596] INFO  impl.RoleInfo (RoleInfo.java:shutdownFollowerState(121)) - 27b60616-8831-445e-96a0-6599c4b1840d: shutdown FollowerState
2019-10-02 06:01:37,877 [2cc1da74-cc4a-4b71-acb8-7c5b6c8e0a3d@group-C334A03DD292-LeaderElection80] INFO  impl.LeaderElection (LeaderElection.java:askForVotes(178)) - 2cc1da74-cc4a-4b71-acb8-7c5b6c8e0a3d@group-C334A03DD292-LeaderElection80: begin an election at term 1 for -1: [2cc1da74-cc4a-4b71-acb8-7c5b6c8e0a3d:192.168.164.241:34842], old=null
2019-10-02 06:01:37,877 [Thread-2596] INFO  impl.RaftServerImpl (RaftServerImpl.java:setRole(170)) - 27b60616-8831-445e-96a0-6599c4b1840d@group-2D9879B30857: changes role from  FOLLOWER to CANDIDATE at term 0 for changeToCandidate
2019-10-02 06:01:37,877 [2cc1da74-cc4a-4b71-acb8-7c5b6c8e0a3d@group-C334A03DD292-LeaderElection80] INFO  impl.RoleInfo (RoleInfo.java:shutdownLeaderElection(134)) - 2cc1da74-cc4a-4b71-acb8-7c5b6c8e0a3d: shutdown LeaderElection
2019-10-02 06:01:37,877 [Thread-2596] INFO  impl.RoleInfo (RoleInfo.java:updateAndGet(143)) - 27b60616-8831-445e-96a0-6599c4b1840d: start LeaderElection
2019-10-02 06:01:37,877 [2cc1da74-cc4a-4b71-acb8-7c5b6c8e0a3d@group-C334A03DD292-LeaderElection80] INFO  impl.RaftServerImpl (RaftServerImpl.java:setRole(170)) - 2cc1da74-cc4a-4b71-acb8-7c5b6c8e0a3d@group-C334A03DD292: changes role from CANDIDATE to LEADER at term 1 for changeToLeader
2019-10-02 06:01:37,881 [2cc1da74-cc4a-4b71-acb8-7c5b6c8e0a3d@group-C334A03DD292-LeaderElection80] INFO  impl.RaftServerImpl (ServerState.java:setLeader(255)) - 2cc1da74-cc4a-4b71-acb8-7c5b6c8e0a3d@group-C334A03DD292: change Leader from null to 2cc1da74-cc4a-4b71-acb8-7c5b6c8e0a3d at term 1 for becomeLeader, leader elected after 5113ms
2019-10-02 06:01:37,889 [2cc1da74-cc4a-4b71-acb8-7c5b6c8e0a3d@group-C334A03DD292-LeaderElection80] INFO  server.RaftServerConfigKeys (ConfUtils.java:logGet(43)) - raft.server.staging.catchup.gap = 1000 (default)
2019-10-02 06:01:37,889 [2cc1da74-cc4a-4b71-acb8-7c5b6c8e0a3d@group-C334A03DD292-LeaderElection80] INFO  server.RaftServerConfigKeys (ConfUtils.java:logGet(43)) - raft.server.rpc.sleep.time = 25ms (default)
2019-10-02 06:01:37,889 [2cc1da74-cc4a-4b71-acb8-7c5b6c8e0a3d@group-C334A03DD292-LeaderElection80] INFO  server.RaftServerConfigKeys (ConfUtils.java:logGet(43)) - raft.server.write.element-limit = 4096 (default)
2019-10-02 06:01:37,889 [2cc1da74-cc4a-4b71-acb8-7c5b6c8e0a3d@group-C334A03DD292-LeaderElection80] INFO  server.RaftServerConfigKeys (ConfUtils.java:logGet(43)) - raft.server.watch.timeout = 10s (default)
2019-10-02 06:01:37,890 [2cc1da74-cc4a-4b71-acb8-7c5b6c8e0a3d@group-C334A03DD292-LeaderElection80] INFO  server.RaftServerConfigKeys (ConfUtils.java:logGet(43)) - raft.server.watch.timeout.denomination = 1s (default)
2019-10-02 06:01:37,890 [2cc1da74-cc4a-4b71-acb8-7c5b6c8e0a3d@group-C334A03DD292-LeaderElection80] INFO  server.RaftServerConfigKeys (ConfUtils.java:logGet(43)) - raft.server.watch.element-limit = 65536 (default)
2019-10-02 06:01:37,892 [2cc1da74-cc4a-4b71-acb8-7c5b6c8e0a3d@group-C334A03DD292-LeaderElection80] INFO  impl.RoleInfo (RoleInfo.java:updateAndGet(143)) - 2cc1da74-cc4a-4b71-acb8-7c5b6c8e0a3d: start LeaderState
2019-10-02 06:01:37,892 [2cc1da74-cc4a-4b71-acb8-7c5b6c8e0a3d@group-C334A03DD292-LeaderElection80] INFO  segmented.SegmentedRaftLogWorker (SegmentedRaftLogWorker.java:startLogSegment(385)) - 2cc1da74-cc4a-4b71-acb8-7c5b6c8e0a3d@group-C334A03DD292-SegmentedRaftLogWorker: Starting segment from index:0
2019-10-02 06:01:37,893 [2cc1da74-cc4a-4b71-acb8-7c5b6c8e0a3d@group-C334A03DD292-LeaderElection80] INFO  impl.RaftServerImpl (ServerState.java:setRaftConf(356)) - 2cc1da74-cc4a-4b71-acb8-7c5b6c8e0a3d@group-C334A03DD292: set configuration 0: [2cc1da74-cc4a-4b71-acb8-7c5b6c8e0a3d:192.168.164.241:34842], old=null at 0
2019-10-02 06:01:37,901 [27b60616-8831-445e-96a0-6599c4b1840d@group-2D9879B30857-LeaderElection81] INFO  impl.LeaderElection (LeaderElection.java:askForVotes(178)) - 27b60616-8831-445e-96a0-6599c4b1840d@group-2D9879B30857-LeaderElection81: begin an election at term 1 for -1: [27b60616-8831-445e-96a0-6599c4b1840d:192.168.164.241:34766], old=null
2019-10-02 06:01:37,901 [27b60616-8831-445e-96a0-6599c4b1840d@group-2D9879B30857-LeaderElection81] INFO  impl.RoleInfo (RoleInfo.java:shutdownLeaderElection(134)) - 27b60616-8831-445e-96a0-6599c4b1840d: shutdown LeaderElection
2019-10-02 06:01:37,901 [27b60616-8831-445e-96a0-6599c4b1840d@group-2D9879B30857-LeaderElection81] INFO  impl.RaftServerImpl (RaftServerImpl.java:setRole(170)) - 27b60616-8831-445e-96a0-6599c4b1840d@group-2D9879B30857: changes role from CANDIDATE to LEADER at term 1 for changeToLeader
2019-10-02 06:01:37,901 [27b60616-8831-445e-96a0-6599c4b1840d@group-2D9879B30857-LeaderElection81] INFO  impl.RaftServerImpl (ServerState.java:setLeader(255)) - 27b60616-8831-445e-96a0-6599c4b1840d@group-2D9879B30857: change Leader from null to 27b60616-8831-445e-96a0-6599c4b1840d at term 1 for becomeLeader, leader elected after 5041ms
2019-10-02 06:01:37,901 [27b60616-8831-445e-96a0-6599c4b1840d@group-2D9879B30857-LeaderElection81] INFO  server.RaftServerConfigKeys (ConfUtils.java:logGet(43)) - raft.server.staging.catchup.gap = 1000 (default)
2019-10-02 06:01:37,901 [27b60616-8831-445e-96a0-6599c4b1840d@group-2D9879B30857-LeaderElection81] INFO  server.RaftServerConfigKeys (ConfUtils.java:logGet(43)) - raft.server.rpc.sleep.time = 25ms (default)
2019-10-02 06:01:37,901 [27b60616-8831-445e-96a0-6599c4b1840d@group-2D9879B30857-LeaderElection81] INFO  server.RaftServerConfigKeys (ConfUtils.java:logGet(43)) - raft.server.write.element-limit = 4096 (default)
2019-10-02 06:01:37,902 [27b60616-8831-445e-96a0-6599c4b1840d@group-2D9879B30857-LeaderElection81] INFO  server.RaftServerConfigKeys (ConfUtils.java:logGet(43)) - raft.server.watch.timeout = 10s (default)
2019-10-02 06:01:37,902 [27b60616-8831-445e-96a0-6599c4b1840d@group-2D9879B30857-LeaderElection81] INFO  server.RaftServerConfigKeys (ConfUtils.java:logGet(43)) - raft.server.watch.timeout.denomination = 1s (default)
2019-10-02 06:01:37,902 [27b60616-8831-445e-96a0-6599c4b1840d@group-2D9879B30857-LeaderElection81] INFO  server.RaftServerConfigKeys (ConfUtils.java:logGet(43)) - raft.server.watch.element-limit = 65536 (default)
2019-10-02 06:01:37,903 [27b60616-8831-445e-96a0-6599c4b1840d@group-2D9879B30857-LeaderElection81] INFO  impl.RoleInfo (RoleInfo.java:updateAndGet(143)) - 27b60616-8831-445e-96a0-6599c4b1840d: start LeaderState
2019-10-02 06:01:37,903 [27b60616-8831-445e-96a0-6599c4b1840d@group-2D9879B30857-LeaderElection81] INFO  segmented.SegmentedRaftLogWorker (SegmentedRaftLogWorker.java:startLogSegment(385)) - 27b60616-8831-445e-96a0-6599c4b1840d@group-2D9879B30857-SegmentedRaftLogWorker: Starting segment from index:0
2019-10-02 06:01:37,904 [27b60616-8831-445e-96a0-6599c4b1840d@group-2D9879B30857-LeaderElection81] INFO  impl.RaftServerImpl (ServerState.java:setRaftConf(356)) - 27b60616-8831-445e-96a0-6599c4b1840d@group-2D9879B30857: set configuration 0: [27b60616-8831-445e-96a0-6599c4b1840d:192.168.164.241:34766], old=null at 0
2019-10-02 06:01:37,907 [Thread-2589] INFO  impl.FollowerState (FollowerState.java:run(108)) - 81107746-fc7b-4f7d-bb48-19eaec9a3429@group-78C2D17BDE60-FollowerState: change to CANDIDATE, lastRpcTime:5133ms, electionTimeout:5133ms
2019-10-02 06:01:37,907 [Thread-2589] INFO  impl.RoleInfo (RoleInfo.java:shutdownFollowerState(121)) - 81107746-fc7b-4f7d-bb48-19eaec9a3429: shutdown FollowerState
2019-10-02 06:01:37,907 [Thread-2589] INFO  impl.RaftServerImpl (RaftServerImpl.java:setRole(170)) - 81107746-fc7b-4f7d-bb48-19eaec9a3429@group-78C2D17BDE60: changes role from  FOLLOWER to CANDIDATE at term 0 for changeToCandidate
2019-10-02 06:01:37,907 [Thread-2589] INFO  impl.RoleInfo (RoleInfo.java:updateAndGet(143)) - 81107746-fc7b-4f7d-bb48-19eaec9a3429: start LeaderElection
2019-10-02 06:01:37,944 [Thread-2603] INFO  impl.FollowerState (FollowerState.java:run(108)) - 81107746-fc7b-4f7d-bb48-19eaec9a3429@group-94AF2783EC55-FollowerState: change to CANDIDATE, lastRpcTime:5012ms, electionTimeout:5012ms
2019-10-02 06:01:37,944 [Thread-2593] INFO  impl.FollowerState (FollowerState.java:run(108)) - e42cb2ac-a177-4fa6-8504-5499b822a004@group-6CB2747E57B8-FollowerState: change to CANDIDATE, lastRpcTime:5125ms, electionTimeout:5121ms
2019-10-02 06:01:37,945 [Thread-2603] INFO  impl.RoleInfo (RoleInfo.java:shutdownFollowerState(121)) - 81107746-fc7b-4f7d-bb48-19eaec9a3429: shutdown FollowerState
2019-10-02 06:01:37,945 [Thread-2593] INFO  impl.RoleInfo (RoleInfo.java:shutdownFollowerState(121)) - e42cb2ac-a177-4fa6-8504-5499b822a004: shutdown FollowerState
2019-10-02 06:01:37,945 [Thread-2603] INFO  impl.RaftServerImpl (RaftServerImpl.java:setRole(170)) - 81107746-fc7b-4f7d-bb48-19eaec9a3429@group-94AF2783EC55: changes role from  FOLLOWER to CANDIDATE at term 0 for changeToCandidate
2019-10-02 06:01:37,945 [Thread-2593] INFO  impl.RaftServerImpl (RaftServerImpl.java:setRole(170)) - e42cb2ac-a177-4fa6-8504-5499b822a004@group-6CB2747E57B8: changes role from  FOLLOWER to CANDIDATE at term 0 for changeToCandidate
2019-10-02 06:01:37,945 [Thread-2603] INFO  impl.RoleInfo (RoleInfo.java:updateAndGet(143)) - 81107746-fc7b-4f7d-bb48-19eaec9a3429: start LeaderElection
2019-10-02 06:01:37,945 [Thread-2593] INFO  impl.RoleInfo (RoleInfo.java:updateAndGet(143)) - e42cb2ac-a177-4fa6-8504-5499b822a004: start LeaderElection
2019-10-02 06:01:37,973 [2cc1da74-cc4a-4b71-acb8-7c5b6c8e0a3d@group-C334A03DD292-SegmentedRaftLogWorker] INFO  segmented.SegmentedRaftLogWorker (SegmentedRaftLogWorker.java:execute(574)) - 2cc1da74-cc4a-4b71-acb8-7c5b6c8e0a3d@group-C334A03DD292-SegmentedRaftLogWorker: created new log segment /workdir/hadoop-ozone/integration-test/target/test-dir/MiniOzoneClusterImpl-6d54b700-d8a9-4c41-8dd0-ed0139d9985f/datanode-6/data/ratis/8fe59310-cec7-4dee-a9c0-c334a03dd292/current/log_inprogress_0
2019-10-02 06:01:37,973 [27b60616-8831-445e-96a0-6599c4b1840d@group-2D9879B30857-SegmentedRaftLogWorker] INFO  segmented.SegmentedRaftLogWorker (SegmentedRaftLogWorker.java:execute(574)) - 27b60616-8831-445e-96a0-6599c4b1840d@group-2D9879B30857-SegmentedRaftLogWorker: created new log segment /workdir/hadoop-ozone/integration-test/target/test-dir/MiniOzoneClusterImpl-d19c4ee3-b928-4c33-bb8a-b56070bebaf7/datanode-2/data/ratis/a272e788-2233-4c2e-ac7a-2d9879b30857/current/log_inprogress_0
2019-10-02 06:01:37,973 [81107746-fc7b-4f7d-bb48-19eaec9a3429@group-78C2D17BDE60-LeaderElection82] INFO  impl.LeaderElection (LeaderElection.java:askForVotes(178)) - 81107746-fc7b-4f7d-bb48-19eaec9a3429@group-78C2D17BDE60-LeaderElection82: begin an election at term 1 for -1: [81107746-fc7b-4f7d-bb48-19eaec9a3429:192.168.164.241:38292], old=null
2019-10-02 06:01:37,973 [81107746-fc7b-4f7d-bb48-19eaec9a3429@group-78C2D17BDE60-LeaderElection82] INFO  impl.RoleInfo (RoleInfo.java:shutdownLeaderElection(134)) - 81107746-fc7b-4f7d-bb48-19eaec9a3429: shutdown LeaderElection
2019-10-02 06:01:37,974 [81107746-fc7b-4f7d-bb48-19eaec9a3429@group-78C2D17BDE60-LeaderElection82] INFO  impl.RaftServerImpl (RaftServerImpl.java:setRole(170)) - 81107746-fc7b-4f7d-bb48-19eaec9a3429@group-78C2D17BDE60: changes role from CANDIDATE to LEADER at term 1 for changeToLeader
2019-10-02 06:01:37,974 [81107746-fc7b-4f7d-bb48-19eaec9a3429@group-78C2D17BDE60-LeaderElection82] INFO  impl.RaftServerImpl (ServerState.java:setLeader(255)) - 81107746-fc7b-4f7d-bb48-19eaec9a3429@group-78C2D17BDE60: change Leader from null to 81107746-fc7b-4f7d-bb48-19eaec9a3429 at term 1 for becomeLeader, leader elected after 5210ms
2019-10-02 06:01:37,974 [81107746-fc7b-4f7d-bb48-19eaec9a3429@group-78C2D17BDE60-LeaderElection82] INFO  server.RaftServerConfigKeys (ConfUtils.java:logGet(43)) - raft.server.staging.catchup.gap = 1000 (default)
2019-10-02 06:01:37,974 [81107746-fc7b-4f7d-bb48-19eaec9a3429@group-78C2D17BDE60-LeaderElection82] INFO  server.RaftServerConfigKeys (ConfUtils.java:logGet(43)) - raft.server.rpc.sleep.time = 25ms (default)
2019-10-02 06:01:37,974 [81107746-fc7b-4f7d-bb48-19eaec9a3429@group-78C2D17BDE60-LeaderElection82] INFO  server.RaftServerConfigKeys (ConfUtils.java:logGet(43)) - raft.server.write.element-limit = 4096 (default)
2019-10-02 06:01:37,975 [81107746-fc7b-4f7d-bb48-19eaec9a3429@group-78C2D17BDE60-LeaderElection82] INFO  server.RaftServerConfigKeys (ConfUtils.java:logGet(43)) - raft.server.watch.timeout = 10s (default)
2019-10-02 06:01:37,975 [81107746-fc7b-4f7d-bb48-19eaec9a3429@group-78C2D17BDE60-LeaderElection82] INFO  server.RaftServerConfigKeys (ConfUtils.java:logGet(43)) - raft.server.watch.timeout.denomination = 1s (default)
2019-10-02 06:01:37,975 [81107746-fc7b-4f7d-bb48-19eaec9a3429@group-78C2D17BDE60-LeaderElection82] INFO  server.RaftServerConfigKeys (ConfUtils.java:logGet(43)) - raft.server.watch.element-limit = 65536 (default)
2019-10-02 06:01:37,977 [81107746-fc7b-4f7d-bb48-19eaec9a3429@group-78C2D17BDE60-LeaderElection82] INFO  impl.RoleInfo (RoleInfo.java:updateAndGet(143)) - 81107746-fc7b-4f7d-bb48-19eaec9a3429: start LeaderState
2019-10-02 06:01:37,978 [81107746-fc7b-4f7d-bb48-19eaec9a3429@group-78C2D17BDE60-LeaderElection82] INFO  segmented.SegmentedRaftLogWorker (SegmentedRaftLogWorker.java:startLogSegment(385)) - 81107746-fc7b-4f7d-bb48-19eaec9a3429@group-78C2D17BDE60-SegmentedRaftLogWorker: Starting segment from index:0
2019-10-02 06:01:37,978 [81107746-fc7b-4f7d-bb48-19eaec9a3429@group-78C2D17BDE60-LeaderElection82] INFO  impl.RaftServerImpl (ServerState.java:setRaftConf(356)) - 81107746-fc7b-4f7d-bb48-19eaec9a3429@group-78C2D17BDE60: set configuration 0: [81107746-fc7b-4f7d-bb48-19eaec9a3429:192.168.164.241:38292], old=null at 0
2019-10-02 06:01:37,997 [e42cb2ac-a177-4fa6-8504-5499b822a004@group-6CB2747E57B8-LeaderElection84] INFO  impl.LeaderElection (LeaderElection.java:askForVotes(178)) - e42cb2ac-a177-4fa6-8504-5499b822a004@group-6CB2747E57B8-LeaderElection84: begin an election at term 1 for -1: [e42cb2ac-a177-4fa6-8504-5499b822a004:192.168.164.241:40096], old=null
2019-10-02 06:01:37,997 [81107746-fc7b-4f7d-bb48-19eaec9a3429@group-94AF2783EC55-LeaderElection83] INFO  impl.LeaderElection (LeaderElection.java:askForVotes(178)) - 81107746-fc7b-4f7d-bb48-19eaec9a3429@group-94AF2783EC55-LeaderElection83: begin an election at term 1 for -1: [e42cb2ac-a177-4fa6-8504-5499b822a004:192.168.164.241:40096, 81107746-fc7b-4f7d-bb48-19eaec9a3429:192.168.164.241:38292, 27b60616-8831-445e-96a0-6599c4b1840d:192.168.164.241:34766], old=null
2019-10-02 06:01:37,997 [e42cb2ac-a177-4fa6-8504-5499b822a004@group-6CB2747E57B8-LeaderElection84] INFO  impl.RoleInfo (RoleInfo.java:shutdownLeaderElection(134)) - e42cb2ac-a177-4fa6-8504-5499b822a004: shutdown LeaderElection
2019-10-02 06:01:37,997 [e42cb2ac-a177-4fa6-8504-5499b822a004@group-6CB2747E57B8-LeaderElection84] INFO  impl.RaftServerImpl (RaftServerImpl.java:setRole(170)) - e42cb2ac-a177-4fa6-8504-5499b822a004@group-6CB2747E57B8: changes role from CANDIDATE to LEADER at term 1 for changeToLeader
2019-10-02 06:01:37,998 [e42cb2ac-a177-4fa6-8504-5499b822a004@group-6CB2747E57B8-LeaderElection84] INFO  impl.RaftServerImpl (ServerState.java:setLeader(255)) - e42cb2ac-a177-4fa6-8504-5499b822a004@group-6CB2747E57B8: change Leader from null to e42cb2ac-a177-4fa6-8504-5499b822a004 at term 1 for becomeLeader, leader elected after 5185ms
2019-10-02 06:01:37,998 [e42cb2ac-a177-4fa6-8504-5499b822a004@group-6CB2747E57B8-LeaderElection84] INFO  server.RaftServerConfigKeys (ConfUtils.java:logGet(43)) - raft.server.staging.catchup.gap = 1000 (default)
2019-10-02 06:01:37,998 [e42cb2ac-a177-4fa6-8504-5499b822a004@group-6CB2747E57B8-LeaderElection84] INFO  server.RaftServerConfigKeys (ConfUtils.java:logGet(43)) - raft.server.rpc.sleep.time = 25ms (default)
2019-10-02 06:01:37,998 [e42cb2ac-a177-4fa6-8504-5499b822a004@group-6CB2747E57B8-LeaderElection84] INFO  server.RaftServerConfigKeys (ConfUtils.java:logGet(43)) - raft.server.write.element-limit = 4096 (default)
2019-10-02 06:01:37,998 [e42cb2ac-a177-4fa6-8504-5499b822a004@group-6CB2747E57B8-LeaderElection84] INFO  server.RaftServerConfigKeys (ConfUtils.java:logGet(43)) - raft.server.watch.timeout = 10s (default)
2019-10-02 06:01:37,998 [e42cb2ac-a177-4fa6-8504-5499b822a004@group-6CB2747E57B8-LeaderElection84] INFO  server.RaftServerConfigKeys (ConfUtils.java:logGet(43)) - raft.server.watch.timeout.denomination = 1s (default)
2019-10-02 06:01:37,998 [e42cb2ac-a177-4fa6-8504-5499b822a004@group-6CB2747E57B8-LeaderElection84] INFO  server.RaftServerConfigKeys (ConfUtils.java:logGet(43)) - raft.server.watch.element-limit = 65536 (default)
2019-10-02 06:01:37,999 [e42cb2ac-a177-4fa6-8504-5499b822a004@group-6CB2747E57B8-LeaderElection84] INFO  impl.RoleInfo (RoleInfo.java:updateAndGet(143)) - e42cb2ac-a177-4fa6-8504-5499b822a004: start LeaderState
2019-10-02 06:01:38,000 [e42cb2ac-a177-4fa6-8504-5499b822a004@group-6CB2747E57B8-LeaderElection84] INFO  segmented.SegmentedRaftLogWorker (SegmentedRaftLogWorker.java:startLogSegment(385)) - e42cb2ac-a177-4fa6-8504-5499b822a004@group-6CB2747E57B8-SegmentedRaftLogWorker: Starting segment from index:0
2019-10-02 06:01:38,000 [e42cb2ac-a177-4fa6-8504-5499b822a004@group-6CB2747E57B8-LeaderElection84] INFO  impl.RaftServerImpl (ServerState.java:setRaftConf(356)) - e42cb2ac-a177-4fa6-8504-5499b822a004@group-6CB2747E57B8: set configuration 0: [e42cb2ac-a177-4fa6-8504-5499b822a004:192.168.164.241:40096], old=null at 0
2019-10-02 06:01:38,000 [grpc-default-executor-0] INFO  impl.RaftServerImpl (RaftServerImpl.java:setRole(170)) - e42cb2ac-a177-4fa6-8504-5499b822a004@group-94AF2783EC55: changes role from  FOLLOWER to FOLLOWER at term 1 for recognizeCandidate:81107746-fc7b-4f7d-bb48-19eaec9a3429
2019-10-02 06:01:38,000 [grpc-default-executor-6] INFO  impl.RaftServerImpl (RaftServerImpl.java:setRole(170)) - 27b60616-8831-445e-96a0-6599c4b1840d@group-94AF2783EC55: changes role from  FOLLOWER to FOLLOWER at term 1 for recognizeCandidate:81107746-fc7b-4f7d-bb48-19eaec9a3429
2019-10-02 06:01:38,001 [grpc-default-executor-0] INFO  impl.RoleInfo (RoleInfo.java:shutdownFollowerState(121)) - e42cb2ac-a177-4fa6-8504-5499b822a004: shutdown FollowerState
2019-10-02 06:01:38,001 [grpc-default-executor-6] INFO  impl.RoleInfo (RoleInfo.java:shutdownFollowerState(121)) - 27b60616-8831-445e-96a0-6599c4b1840d: shutdown FollowerState
2019-10-02 06:01:38,001 [Thread-2602] INFO  impl.FollowerState (FollowerState.java:run(117)) - e42cb2ac-a177-4fa6-8504-5499b822a004@group-94AF2783EC55-FollowerState was interrupted: java.lang.InterruptedException: sleep interrupted
2019-10-02 06:01:38,001 [grpc-default-executor-0] INFO  impl.RoleInfo (RoleInfo.java:updateAndGet(143)) - e42cb2ac-a177-4fa6-8504-5499b822a004: start FollowerState
2019-10-02 06:01:38,001 [Thread-2601] INFO  impl.FollowerState (FollowerState.java:run(117)) - 27b60616-8831-445e-96a0-6599c4b1840d@group-94AF2783EC55-FollowerState was interrupted: java.lang.InterruptedException: sleep interrupted
2019-10-02 06:01:38,001 [grpc-default-executor-6] INFO  impl.RoleInfo (RoleInfo.java:updateAndGet(143)) - 27b60616-8831-445e-96a0-6599c4b1840d: start FollowerState
2019-10-02 06:01:38,041 [81107746-fc7b-4f7d-bb48-19eaec9a3429@group-78C2D17BDE60-SegmentedRaftLogWorker] INFO  segmented.SegmentedRaftLogWorker (SegmentedRaftLogWorker.java:execute(574)) - 81107746-fc7b-4f7d-bb48-19eaec9a3429@group-78C2D17BDE60-SegmentedRaftLogWorker: created new log segment /workdir/hadoop-ozone/integration-test/target/test-dir/MiniOzoneClusterImpl-d19c4ee3-b928-4c33-bb8a-b56070bebaf7/datanode-0/data/ratis/4d7829fc-1394-43f3-82e2-78c2d17bde60/current/log_inprogress_0
2019-10-02 06:01:38,041 [e42cb2ac-a177-4fa6-8504-5499b822a004@group-6CB2747E57B8-SegmentedRaftLogWorker] INFO  segmented.SegmentedRaftLogWorker (SegmentedRaftLogWorker.java:execute(574)) - e42cb2ac-a177-4fa6-8504-5499b822a004@group-6CB2747E57B8-SegmentedRaftLogWorker: created new log segment /workdir/hadoop-ozone/integration-test/target/test-dir/MiniOzoneClusterImpl-d19c4ee3-b928-4c33-bb8a-b56070bebaf7/datanode-1/data/ratis/baffa31a-2a5e-48d4-9090-6cb2747e57b8/current/log_inprogress_0
2019-10-02 06:01:38,041 [81107746-fc7b-4f7d-bb48-19eaec9a3429@group-94AF2783EC55-LeaderElection83] INFO  impl.LeaderElection (LeaderElection.java:logAndReturn(56)) - 81107746-fc7b-4f7d-bb48-19eaec9a3429@group-94AF2783EC55-LeaderElection83: Election PASSED; received 1 response(s) [81107746-fc7b-4f7d-bb48-19eaec9a3429<-27b60616-8831-445e-96a0-6599c4b1840d#0:OK-t1] and 0 exception(s); 81107746-fc7b-4f7d-bb48-19eaec9a3429@group-94AF2783EC55:t1, leader=null, voted=81107746-fc7b-4f7d-bb48-19eaec9a3429, raftlog=81107746-fc7b-4f7d-bb48-19eaec9a3429@group-94AF2783EC55-SegmentedRaftLog:OPENED:c-1,f-1,i0, conf=-1: [e42cb2ac-a177-4fa6-8504-5499b822a004:192.168.164.241:40096, 81107746-fc7b-4f7d-bb48-19eaec9a3429:192.168.164.241:38292, 27b60616-8831-445e-96a0-6599c4b1840d:192.168.164.241:34766], old=null
2019-10-02 06:01:38,042 [81107746-fc7b-4f7d-bb48-19eaec9a3429@group-94AF2783EC55-LeaderElection83] INFO  impl.RoleInfo (RoleInfo.java:shutdownLeaderElection(134)) - 81107746-fc7b-4f7d-bb48-19eaec9a3429: shutdown LeaderElection
2019-10-02 06:01:38,042 [81107746-fc7b-4f7d-bb48-19eaec9a3429@group-94AF2783EC55-LeaderElection83] INFO  impl.RaftServerImpl (RaftServerImpl.java:setRole(170)) - 81107746-fc7b-4f7d-bb48-19eaec9a3429@group-94AF2783EC55: changes role from CANDIDATE to LEADER at term 1 for changeToLeader
2019-10-02 06:01:38,042 [81107746-fc7b-4f7d-bb48-19eaec9a3429@group-94AF2783EC55-LeaderElection83] INFO  impl.RaftServerImpl (ServerState.java:setLeader(255)) - 81107746-fc7b-4f7d-bb48-19eaec9a3429@group-94AF2783EC55: change Leader from null to 81107746-fc7b-4f7d-bb48-19eaec9a3429 at term 1 for becomeLeader, leader elected after 5121ms
2019-10-02 06:01:38,042 [81107746-fc7b-4f7d-bb48-19eaec9a3429@group-94AF2783EC55-LeaderElection83] INFO  server.RaftServerConfigKeys (ConfUtils.java:logGet(43)) - raft.server.staging.catchup.gap = 1000 (default)
2019-10-02 06:01:38,042 [81107746-fc7b-4f7d-bb48-19eaec9a3429@group-94AF2783EC55-LeaderElection83] INFO  server.RaftServerConfigKeys (ConfUtils.java:logGet(43)) - raft.server.rpc.sleep.time = 25ms (default)
2019-10-02 06:01:38,042 [81107746-fc7b-4f7d-bb48-19eaec9a3429@group-94AF2783EC55-LeaderElection83] INFO  server.RaftServerConfigKeys (ConfUtils.java:logGet(43)) - raft.server.write.element-limit = 4096 (default)
2019-10-02 06:01:38,042 [81107746-fc7b-4f7d-bb48-19eaec9a3429@group-94AF2783EC55-LeaderElection83] INFO  server.RaftServerConfigKeys (ConfUtils.java:logGet(43)) - raft.server.watch.timeout = 10s (default)
2019-10-02 06:01:38,042 [81107746-fc7b-4f7d-bb48-19eaec9a3429@group-94AF2783EC55-LeaderElection83] INFO  server.RaftServerConfigKeys (ConfUtils.java:logGet(43)) - raft.server.watch.timeout.denomination = 1s (default)
2019-10-02 06:01:38,043 [81107746-fc7b-4f7d-bb48-19eaec9a3429@group-94AF2783EC55-LeaderElection83] INFO  server.RaftServerConfigKeys (ConfUtils.java:logGet(43)) - raft.server.watch.element-limit = 65536 (default)
2019-10-02 06:01:38,044 [81107746-fc7b-4f7d-bb48-19eaec9a3429@group-94AF2783EC55-LeaderElection83] INFO  server.RaftServerConfigKeys (ConfUtils.java:logGet(43)) - raft.server.log.appender.snapshot.chunk.size.max = 16MB (=16777216) (default)
2019-10-02 06:01:38,045 [81107746-fc7b-4f7d-bb48-19eaec9a3429@group-94AF2783EC55-LeaderElection83] INFO  server.RaftServerConfigKeys (ConfUtils.java:logGet(43)) - raft.server.log.appender.buffer.byte-limit = 33554432 (custom)
2019-10-02 06:01:38,045 [81107746-fc7b-4f7d-bb48-19eaec9a3429@group-94AF2783EC55-LeaderElection83] INFO  server.RaftServerConfigKeys (ConfUtils.java:logGet(43)) - raft.server.log.appender.buffer.element-limit = 1 (custom)
2019-10-02 06:01:38,045 [81107746-fc7b-4f7d-bb48-19eaec9a3429@group-94AF2783EC55-LeaderElection83] INFO  grpc.GrpcConfigKeys$Server (ConfUtils.java:logGet(43)) - raft.grpc.server.leader.outstanding.appends.max = 128 (default)
2019-10-02 06:01:38,045 [81107746-fc7b-4f7d-bb48-19eaec9a3429@group-94AF2783EC55-LeaderElection83] INFO  server.RaftServerConfigKeys (ConfUtils.java:logGet(43)) - raft.server.rpc.request.timeout = 3000ms (default)
2019-10-02 06:01:38,045 [81107746-fc7b-4f7d-bb48-19eaec9a3429@group-94AF2783EC55-LeaderElection83] INFO  server.RaftServerConfigKeys (ConfUtils.java:logGet(43)) - raft.server.log.appender.install.snapshot.enabled = false (custom)
2019-10-02 06:01:38,046 [81107746-fc7b-4f7d-bb48-19eaec9a3429@group-94AF2783EC55-LeaderElection83] INFO  server.RaftServerConfigKeys (ConfUtils.java:logGet(43)) - raft.server.log.appender.snapshot.chunk.size.max = 16MB (=16777216) (default)
2019-10-02 06:01:38,046 [81107746-fc7b-4f7d-bb48-19eaec9a3429@group-94AF2783EC55-LeaderElection83] INFO  server.RaftServerConfigKeys (ConfUtils.java:logGet(43)) - raft.server.log.appender.buffer.byte-limit = 33554432 (custom)
2019-10-02 06:01:38,046 [81107746-fc7b-4f7d-bb48-19eaec9a3429@group-94AF2783EC55-LeaderElection83] INFO  server.RaftServerConfigKeys (ConfUtils.java:logGet(43)) - raft.server.log.appender.buffer.element-limit = 1 (custom)
2019-10-02 06:01:38,046 [81107746-fc7b-4f7d-bb48-19eaec9a3429@group-94AF2783EC55-LeaderElection83] INFO  grpc.GrpcConfigKeys$Server (ConfUtils.java:logGet(43)) - raft.grpc.server.leader.outstanding.appends.max = 128 (default)
2019-10-02 06:01:38,046 [81107746-fc7b-4f7d-bb48-19eaec9a3429@group-94AF2783EC55-LeaderElection83] INFO  server.RaftServerConfigKeys (ConfUtils.java:logGet(43)) - raft.server.rpc.request.timeout = 3000ms (default)
2019-10-02 06:01:38,046 [81107746-fc7b-4f7d-bb48-19eaec9a3429@group-94AF2783EC55-LeaderElection83] INFO  server.RaftServerConfigKeys (ConfUtils.java:logGet(43)) - raft.server.log.appender.install.snapshot.enabled = false (custom)
2019-10-02 06:01:38,047 [81107746-fc7b-4f7d-bb48-19eaec9a3429@group-94AF2783EC55-LeaderElection83] INFO  impl.RoleInfo (RoleInfo.java:updateAndGet(143)) - 81107746-fc7b-4f7d-bb48-19eaec9a3429: start LeaderState
2019-10-02 06:01:38,047 [81107746-fc7b-4f7d-bb48-19eaec9a3429@group-94AF2783EC55-LeaderElection83] INFO  segmented.SegmentedRaftLogWorker (SegmentedRaftLogWorker.java:startLogSegment(385)) - 81107746-fc7b-4f7d-bb48-19eaec9a3429@group-94AF2783EC55-SegmentedRaftLogWorker: Starting segment from index:0
2019-10-02 06:01:38,047 [81107746-fc7b-4f7d-bb48-19eaec9a3429@group-94AF2783EC55-LeaderElection83] INFO  impl.RaftServerImpl (ServerState.java:setRaftConf(356)) - 81107746-fc7b-4f7d-bb48-19eaec9a3429@group-94AF2783EC55: set configuration 0: [e42cb2ac-a177-4fa6-8504-5499b822a004:192.168.164.241:40096, 81107746-fc7b-4f7d-bb48-19eaec9a3429:192.168.164.241:38292, 27b60616-8831-445e-96a0-6599c4b1840d:192.168.164.241:34766], old=null at 0
2019-10-02 06:01:38,075 [grpc-default-executor-0] INFO  impl.RaftServerImpl (ServerState.java:setLeader(255)) - 27b60616-8831-445e-96a0-6599c4b1840d@group-94AF2783EC55: change Leader from null to 81107746-fc7b-4f7d-bb48-19eaec9a3429 at term 1 for appendEntries, leader elected after 5154ms
2019-10-02 06:01:38,075 [grpc-default-executor-6] INFO  impl.RaftServerImpl (ServerState.java:setLeader(255)) - e42cb2ac-a177-4fa6-8504-5499b822a004@group-94AF2783EC55: change Leader from null to 81107746-fc7b-4f7d-bb48-19eaec9a3429 at term 1 for appendEntries, leader elected after 5154ms
2019-10-02 06:01:38,077 [grpc-default-executor-0] INFO  impl.RaftServerImpl (ServerState.java:setRaftConf(356)) - 27b60616-8831-445e-96a0-6599c4b1840d@group-94AF2783EC55: set configuration 0: [e42cb2ac-a177-4fa6-8504-5499b822a004:192.168.164.241:40096, 81107746-fc7b-4f7d-bb48-19eaec9a3429:192.168.164.241:38292, 27b60616-8831-445e-96a0-6599c4b1840d:192.168.164.241:34766], old=null at 0
2019-10-02 06:01:38,077 [grpc-default-executor-6] INFO  impl.RaftServerImpl (ServerState.java:setRaftConf(356)) - e42cb2ac-a177-4fa6-8504-5499b822a004@group-94AF2783EC55: set configuration 0: [e42cb2ac-a177-4fa6-8504-5499b822a004:192.168.164.241:40096, 81107746-fc7b-4f7d-bb48-19eaec9a3429:192.168.164.241:38292, 27b60616-8831-445e-96a0-6599c4b1840d:192.168.164.241:34766], old=null at 0
2019-10-02 06:01:38,077 [grpc-default-executor-0] INFO  segmented.SegmentedRaftLogWorker (SegmentedRaftLogWorker.java:startLogSegment(385)) - 27b60616-8831-445e-96a0-6599c4b1840d@group-94AF2783EC55-SegmentedRaftLogWorker: Starting segment from index:0
2019-10-02 06:01:38,077 [grpc-default-executor-6] INFO  segmented.SegmentedRaftLogWorker (SegmentedRaftLogWorker.java:startLogSegment(385)) - e42cb2ac-a177-4fa6-8504-5499b822a004@group-94AF2783EC55-SegmentedRaftLogWorker: Starting segment from index:0
2019-10-02 06:01:38,090 [Thread-2608] INFO  impl.FollowerState (FollowerState.java:run(108)) - d6c5910c-2cc3-4ba4-8e81-a30abaf7485a@group-9E8287BFBF34-FollowerState: change to CANDIDATE, lastRpcTime:5081ms, electionTimeout:5081ms
2019-10-02 06:01:38,090 [Thread-2608] INFO  impl.RoleInfo (RoleInfo.java:shutdownFollowerState(121)) - d6c5910c-2cc3-4ba4-8e81-a30abaf7485a: shutdown FollowerState
2019-10-02 06:01:38,091 [Thread-2608] INFO  impl.RaftServerImpl (RaftServerImpl.java:setRole(170)) - d6c5910c-2cc3-4ba4-8e81-a30abaf7485a@group-9E8287BFBF34: changes role from  FOLLOWER to CANDIDATE at term 0 for changeToCandidate
2019-10-02 06:01:38,091 [Thread-2608] INFO  impl.RoleInfo (RoleInfo.java:updateAndGet(143)) - d6c5910c-2cc3-4ba4-8e81-a30abaf7485a: start LeaderElection
2019-10-02 06:01:38,132 [81107746-fc7b-4f7d-bb48-19eaec9a3429@group-94AF2783EC55-SegmentedRaftLogWorker] INFO  segmented.SegmentedRaftLogWorker (SegmentedRaftLogWorker.java:execute(574)) - 81107746-fc7b-4f7d-bb48-19eaec9a3429@group-94AF2783EC55-SegmentedRaftLogWorker: created new log segment /workdir/hadoop-ozone/integration-test/target/test-dir/MiniOzoneClusterImpl-d19c4ee3-b928-4c33-bb8a-b56070bebaf7/datanode-0/data/ratis/9f53a2b3-c3fd-4c93-a826-94af2783ec55/current/log_inprogress_0
2019-10-02 06:01:38,135 [e42cb2ac-a177-4fa6-8504-5499b822a004@group-94AF2783EC55-SegmentedRaftLogWorker] INFO  segmented.SegmentedRaftLogWorker (SegmentedRaftLogWorker.java:execute(574)) - e42cb2ac-a177-4fa6-8504-5499b822a004@group-94AF2783EC55-SegmentedRaftLogWorker: created new log segment /workdir/hadoop-ozone/integration-test/target/test-dir/MiniOzoneClusterImpl-d19c4ee3-b928-4c33-bb8a-b56070bebaf7/datanode-1/data/ratis/9f53a2b3-c3fd-4c93-a826-94af2783ec55/current/log_inprogress_0
2019-10-02 06:01:38,135 [27b60616-8831-445e-96a0-6599c4b1840d@group-94AF2783EC55-SegmentedRaftLogWorker] INFO  segmented.SegmentedRaftLogWorker (SegmentedRaftLogWorker.java:execute(574)) - 27b60616-8831-445e-96a0-6599c4b1840d@group-94AF2783EC55-SegmentedRaftLogWorker: created new log segment /workdir/hadoop-ozone/integration-test/target/test-dir/MiniOzoneClusterImpl-d19c4ee3-b928-4c33-bb8a-b56070bebaf7/datanode-2/data/ratis/9f53a2b3-c3fd-4c93-a826-94af2783ec55/current/log_inprogress_0
2019-10-02 06:01:38,136 [d6c5910c-2cc3-4ba4-8e81-a30abaf7485a@group-9E8287BFBF34-LeaderElection85] INFO  impl.LeaderElection (LeaderElection.java:askForVotes(178)) - d6c5910c-2cc3-4ba4-8e81-a30abaf7485a@group-9E8287BFBF34-LeaderElection85: begin an election at term 1 for -1: [d6c5910c-2cc3-4ba4-8e81-a30abaf7485a:192.168.164.241:38922], old=null
2019-10-02 06:01:38,136 [d6c5910c-2cc3-4ba4-8e81-a30abaf7485a@group-9E8287BFBF34-LeaderElection85] INFO  impl.RoleInfo (RoleInfo.java:shutdownLeaderElection(134)) - d6c5910c-2cc3-4ba4-8e81-a30abaf7485a: shutdown LeaderElection
2019-10-02 06:01:38,136 [d6c5910c-2cc3-4ba4-8e81-a30abaf7485a@group-9E8287BFBF34-LeaderElection85] INFO  impl.RaftServerImpl (RaftServerImpl.java:setRole(170)) - d6c5910c-2cc3-4ba4-8e81-a30abaf7485a@group-9E8287BFBF34: changes role from CANDIDATE to LEADER at term 1 for changeToLeader
2019-10-02 06:01:38,136 [d6c5910c-2cc3-4ba4-8e81-a30abaf7485a@group-9E8287BFBF34-LeaderElection85] INFO  impl.RaftServerImpl (ServerState.java:setLeader(255)) - d6c5910c-2cc3-4ba4-8e81-a30abaf7485a@group-9E8287BFBF34: change Leader from null to d6c5910c-2cc3-4ba4-8e81-a30abaf7485a at term 1 for becomeLeader, leader elected after 5133ms
2019-10-02 06:01:38,136 [d6c5910c-2cc3-4ba4-8e81-a30abaf7485a@group-9E8287BFBF34-LeaderElection85] INFO  server.RaftServerConfigKeys (ConfUtils.java:logGet(43)) - raft.server.staging.catchup.gap = 1000 (default)
2019-10-02 06:01:38,136 [d6c5910c-2cc3-4ba4-8e81-a30abaf7485a@group-9E8287BFBF34-LeaderElection85] INFO  server.RaftServerConfigKeys (ConfUtils.java:logGet(43)) - raft.server.rpc.sleep.time = 25ms (default)
2019-10-02 06:01:38,136 [d6c5910c-2cc3-4ba4-8e81-a30abaf7485a@group-9E8287BFBF34-LeaderElection85] INFO  server.RaftServerConfigKeys (ConfUtils.java:logGet(43)) - raft.server.write.element-limit = 4096 (default)
2019-10-02 06:01:38,136 [d6c5910c-2cc3-4ba4-8e81-a30abaf7485a@group-9E8287BFBF34-LeaderElection85] INFO  server.RaftServerConfigKeys (ConfUtils.java:logGet(43)) - raft.server.watch.timeout = 10s (default)
2019-10-02 06:01:38,136 [d6c5910c-2cc3-4ba4-8e81-a30abaf7485a@group-9E8287BFBF34-LeaderElection85] INFO  server.RaftServerConfigKeys (ConfUtils.java:logGet(43)) - raft.server.watch.timeout.denomination = 1s (default)
2019-10-02 06:01:38,136 [d6c5910c-2cc3-4ba4-8e81-a30abaf7485a@group-9E8287BFBF34-LeaderElection85] INFO  server.RaftServerConfigKeys (ConfUtils.java:logGet(43)) - raft.server.watch.element-limit = 65536 (default)
2019-10-02 06:01:38,138 [d6c5910c-2cc3-4ba4-8e81-a30abaf7485a@group-9E8287BFBF34-LeaderElection85] INFO  impl.RoleInfo (RoleInfo.java:updateAndGet(143)) - d6c5910c-2cc3-4ba4-8e81-a30abaf7485a: start LeaderState
2019-10-02 06:01:38,138 [d6c5910c-2cc3-4ba4-8e81-a30abaf7485a@group-9E8287BFBF34-LeaderElection85] INFO  segmented.SegmentedRaftLogWorker (SegmentedRaftLogWorker.java:startLogSegment(385)) - d6c5910c-2cc3-4ba4-8e81-a30abaf7485a@group-9E8287BFBF34-SegmentedRaftLogWorker: Starting segment from index:0
2019-10-02 06:01:38,138 [d6c5910c-2cc3-4ba4-8e81-a30abaf7485a@group-9E8287BFBF34-LeaderElection85] INFO  impl.RaftServerImpl (ServerState.java:setRaftConf(356)) - d6c5910c-2cc3-4ba4-8e81-a30abaf7485a@group-9E8287BFBF34: set configuration 0: [d6c5910c-2cc3-4ba4-8e81-a30abaf7485a:192.168.164.241:38922], old=null at 0
2019-10-02 06:01:38,173 [d6c5910c-2cc3-4ba4-8e81-a30abaf7485a@group-9E8287BFBF34-SegmentedRaftLogWorker] INFO  segmented.SegmentedRaftLogWorker (SegmentedRaftLogWorker.java:execute(574)) - d6c5910c-2cc3-4ba4-8e81-a30abaf7485a@group-9E8287BFBF34-SegmentedRaftLogWorker: created new log segment /workdir/hadoop-ozone/integration-test/target/test-dir/MiniOzoneClusterImpl-d19c4ee3-b928-4c33-bb8a-b56070bebaf7/datanode-3/data/ratis/64df18c8-dbe4-421a-941c-9e8287bfbf34/current/log_inprogress_0
2019-10-02 06:01:38,212 [Thread-2611] INFO  impl.FollowerState (FollowerState.java:run(108)) - f194447b-767d-44d3-9b01-9564c45d62df@group-FE3E8382BE00-FollowerState: change to CANDIDATE, lastRpcTime:5035ms, electionTimeout:5035ms
2019-10-02 06:01:38,213 [Thread-2611] INFO  impl.RoleInfo (RoleInfo.java:shutdownFollowerState(121)) - f194447b-767d-44d3-9b01-9564c45d62df: shutdown FollowerState
2019-10-02 06:01:38,213 [Thread-2611] INFO  impl.RaftServerImpl (RaftServerImpl.java:setRole(170)) - f194447b-767d-44d3-9b01-9564c45d62df@group-FE3E8382BE00: changes role from  FOLLOWER to CANDIDATE at term 0 for changeToCandidate
2019-10-02 06:01:38,213 [Thread-2611] INFO  impl.RoleInfo (RoleInfo.java:updateAndGet(143)) - f194447b-767d-44d3-9b01-9564c45d62df: start LeaderElection
2019-10-02 06:01:38,240 [f194447b-767d-44d3-9b01-9564c45d62df@group-FE3E8382BE00-LeaderElection86] INFO  impl.LeaderElection (LeaderElection.java:askForVotes(178)) - f194447b-767d-44d3-9b01-9564c45d62df@group-FE3E8382BE00-LeaderElection86: begin an election at term 1 for -1: [f194447b-767d-44d3-9b01-9564c45d62df:192.168.164.241:36827], old=null
2019-10-02 06:01:38,240 [f194447b-767d-44d3-9b01-9564c45d62df@group-FE3E8382BE00-LeaderElection86] INFO  impl.RoleInfo (RoleInfo.java:shutdownLeaderElection(134)) - f194447b-767d-44d3-9b01-9564c45d62df: shutdown LeaderElection
2019-10-02 06:01:38,240 [f194447b-767d-44d3-9b01-9564c45d62df@group-FE3E8382BE00-LeaderElection86] INFO  impl.RaftServerImpl (RaftServerImpl.java:setRole(170)) - f194447b-767d-44d3-9b01-9564c45d62df@group-FE3E8382BE00: changes role from CANDIDATE to LEADER at term 1 for changeToLeader
2019-10-02 06:01:38,240 [f194447b-767d-44d3-9b01-9564c45d62df@group-FE3E8382BE00-LeaderElection86] INFO  impl.RaftServerImpl (ServerState.java:setLeader(255)) - f194447b-767d-44d3-9b01-9564c45d62df@group-FE3E8382BE00: change Leader from null to f194447b-767d-44d3-9b01-9564c45d62df at term 1 for becomeLeader, leader elected after 5071ms
2019-10-02 06:01:38,241 [f194447b-767d-44d3-9b01-9564c45d62df@group-FE3E8382BE00-LeaderElection86] INFO  server.RaftServerConfigKeys (ConfUtils.java:logGet(43)) - raft.server.staging.catchup.gap = 1000 (default)
2019-10-02 06:01:38,241 [f194447b-767d-44d3-9b01-9564c45d62df@group-FE3E8382BE00-LeaderElection86] INFO  server.RaftServerConfigKeys (ConfUtils.java:logGet(43)) - raft.server.rpc.sleep.time = 25ms (default)
2019-10-02 06:01:38,241 [f194447b-767d-44d3-9b01-9564c45d62df@group-FE3E8382BE00-LeaderElection86] INFO  server.RaftServerConfigKeys (ConfUtils.java:logGet(43)) - raft.server.write.element-limit = 4096 (default)
2019-10-02 06:01:38,241 [f194447b-767d-44d3-9b01-9564c45d62df@group-FE3E8382BE00-LeaderElection86] INFO  server.RaftServerConfigKeys (ConfUtils.java:logGet(43)) - raft.server.watch.timeout = 10s (default)
2019-10-02 06:01:38,241 [f194447b-767d-44d3-9b01-9564c45d62df@group-FE3E8382BE00-LeaderElection86] INFO  server.RaftServerConfigKeys (ConfUtils.java:logGet(43)) - raft.server.watch.timeout.denomination = 1s (default)
2019-10-02 06:01:38,241 [f194447b-767d-44d3-9b01-9564c45d62df@group-FE3E8382BE00-LeaderElection86] INFO  server.RaftServerConfigKeys (ConfUtils.java:logGet(43)) - raft.server.watch.element-limit = 65536 (default)
2019-10-02 06:01:38,242 [f194447b-767d-44d3-9b01-9564c45d62df@group-FE3E8382BE00-LeaderElection86] INFO  impl.RoleInfo (RoleInfo.java:updateAndGet(143)) - f194447b-767d-44d3-9b01-9564c45d62df: start LeaderState
2019-10-02 06:01:38,242 [f194447b-767d-44d3-9b01-9564c45d62df@group-FE3E8382BE00-LeaderElection86] INFO  segmented.SegmentedRaftLogWorker (SegmentedRaftLogWorker.java:startLogSegment(385)) - f194447b-767d-44d3-9b01-9564c45d62df@group-FE3E8382BE00-SegmentedRaftLogWorker: Starting segment from index:0
2019-10-02 06:01:38,243 [f194447b-767d-44d3-9b01-9564c45d62df@group-FE3E8382BE00-LeaderElection86] INFO  impl.RaftServerImpl (ServerState.java:setRaftConf(356)) - f194447b-767d-44d3-9b01-9564c45d62df@group-FE3E8382BE00: set configuration 0: [f194447b-767d-44d3-9b01-9564c45d62df:192.168.164.241:36827], old=null at 0
2019-10-02 06:01:38,267 [f194447b-767d-44d3-9b01-9564c45d62df@group-FE3E8382BE00-SegmentedRaftLogWorker] INFO  segmented.SegmentedRaftLogWorker (SegmentedRaftLogWorker.java:execute(574)) - f194447b-767d-44d3-9b01-9564c45d62df@group-FE3E8382BE00-SegmentedRaftLogWorker: created new log segment /workdir/hadoop-ozone/integration-test/target/test-dir/MiniOzoneClusterImpl-d19c4ee3-b928-4c33-bb8a-b56070bebaf7/datanode-4/data/ratis/7d1f0e37-dec4-457e-9d81-fe3e8382be00/current/log_inprogress_0
2019-10-02 06:01:38,397 [Thread-2616] INFO  impl.FollowerState (FollowerState.java:run(108)) - 90d4a6c3-2b8c-443b-9736-99a4b611d261@group-80B01F09430F-FollowerState: change to CANDIDATE, lastRpcTime:5103ms, electionTimeout:5103ms
2019-10-02 06:01:38,397 [Thread-2616] INFO  impl.RoleInfo (RoleInfo.java:shutdownFollowerState(121)) - 90d4a6c3-2b8c-443b-9736-99a4b611d261: shutdown FollowerState
2019-10-02 06:01:38,397 [Thread-2616] INFO  impl.RaftServerImpl (RaftServerImpl.java:setRole(170)) - 90d4a6c3-2b8c-443b-9736-99a4b611d261@group-80B01F09430F: changes role from  FOLLOWER to CANDIDATE at term 0 for changeToCandidate
2019-10-02 06:01:38,398 [Thread-2616] INFO  impl.RoleInfo (RoleInfo.java:updateAndGet(143)) - 90d4a6c3-2b8c-443b-9736-99a4b611d261: start LeaderElection
2019-10-02 06:01:38,414 [90d4a6c3-2b8c-443b-9736-99a4b611d261@group-80B01F09430F-LeaderElection87] INFO  impl.LeaderElection (LeaderElection.java:askForVotes(178)) - 90d4a6c3-2b8c-443b-9736-99a4b611d261@group-80B01F09430F-LeaderElection87: begin an election at term 1 for -1: [90d4a6c3-2b8c-443b-9736-99a4b611d261:192.168.164.241:35207], old=null
2019-10-02 06:01:38,414 [90d4a6c3-2b8c-443b-9736-99a4b611d261@group-80B01F09430F-LeaderElection87] INFO  impl.RoleInfo (RoleInfo.java:shutdownLeaderElection(134)) - 90d4a6c3-2b8c-443b-9736-99a4b611d261: shutdown LeaderElection
2019-10-02 06:01:38,414 [90d4a6c3-2b8c-443b-9736-99a4b611d261@group-80B01F09430F-LeaderElection87] INFO  impl.RaftServerImpl (RaftServerImpl.java:setRole(170)) - 90d4a6c3-2b8c-443b-9736-99a4b611d261@group-80B01F09430F: changes role from CANDIDATE to LEADER at term 1 for changeToLeader
2019-10-02 06:01:38,414 [90d4a6c3-2b8c-443b-9736-99a4b611d261@group-80B01F09430F-LeaderElection87] INFO  impl.RaftServerImpl (ServerState.java:setLeader(255)) - 90d4a6c3-2b8c-443b-9736-99a4b611d261@group-80B01F09430F: change Leader from null to 90d4a6c3-2b8c-443b-9736-99a4b611d261 at term 1 for becomeLeader, leader elected after 5166ms
2019-10-02 06:01:38,414 [90d4a6c3-2b8c-443b-9736-99a4b611d261@group-80B01F09430F-LeaderElection87] INFO  server.RaftServerConfigKeys (ConfUtils.java:logGet(43)) - raft.server.staging.catchup.gap = 1000 (default)
2019-10-02 06:01:38,414 [90d4a6c3-2b8c-443b-9736-99a4b611d261@group-80B01F09430F-LeaderElection87] INFO  server.RaftServerConfigKeys (ConfUtils.java:logGet(43)) - raft.server.rpc.sleep.time = 25ms (default)
2019-10-02 06:01:38,414 [90d4a6c3-2b8c-443b-9736-99a4b611d261@group-80B01F09430F-LeaderElection87] INFO  server.RaftServerConfigKeys (ConfUtils.java:logGet(43)) - raft.server.write.element-limit = 4096 (default)
2019-10-02 06:01:38,414 [90d4a6c3-2b8c-443b-9736-99a4b611d261@group-80B01F09430F-LeaderElection87] INFO  server.RaftServerConfigKeys (ConfUtils.java:logGet(43)) - raft.server.watch.timeout = 10s (default)
2019-10-02 06:01:38,415 [90d4a6c3-2b8c-443b-9736-99a4b611d261@group-80B01F09430F-LeaderElection87] INFO  server.RaftServerConfigKeys (ConfUtils.java:logGet(43)) - raft.server.watch.timeout.denomination = 1s (default)
2019-10-02 06:01:38,415 [90d4a6c3-2b8c-443b-9736-99a4b611d261@group-80B01F09430F-LeaderElection87] INFO  server.RaftServerConfigKeys (ConfUtils.java:logGet(43)) - raft.server.watch.element-limit = 65536 (default)
2019-10-02 06:01:38,416 [90d4a6c3-2b8c-443b-9736-99a4b611d261@group-80B01F09430F-LeaderElection87] INFO  impl.RoleInfo (RoleInfo.java:updateAndGet(143)) - 90d4a6c3-2b8c-443b-9736-99a4b611d261: start LeaderState
2019-10-02 06:01:38,416 [90d4a6c3-2b8c-443b-9736-99a4b611d261@group-80B01F09430F-LeaderElection87] INFO  segmented.SegmentedRaftLogWorker (SegmentedRaftLogWorker.java:startLogSegment(385)) - 90d4a6c3-2b8c-443b-9736-99a4b611d261@group-80B01F09430F-SegmentedRaftLogWorker: Starting segment from index:0
2019-10-02 06:01:38,417 [90d4a6c3-2b8c-443b-9736-99a4b611d261@group-80B01F09430F-LeaderElection87] INFO  impl.RaftServerImpl (ServerState.java:setRaftConf(356)) - 90d4a6c3-2b8c-443b-9736-99a4b611d261@group-80B01F09430F: set configuration 0: [90d4a6c3-2b8c-443b-9736-99a4b611d261:192.168.164.241:35207], old=null at 0
2019-10-02 06:01:38,453 [Thread-2627] INFO  impl.FollowerState (FollowerState.java:run(108)) - cebca715-a441-467b-bb10-f04cfd0d4e71@group-BFA25014280D-FollowerState: change to CANDIDATE, lastRpcTime:5012ms, electionTimeout:5012ms
2019-10-02 06:01:38,453 [Thread-2627] INFO  impl.RoleInfo (RoleInfo.java:shutdownFollowerState(121)) - cebca715-a441-467b-bb10-f04cfd0d4e71: shutdown FollowerState
2019-10-02 06:01:38,453 [Thread-2627] INFO  impl.RaftServerImpl (RaftServerImpl.java:setRole(170)) - cebca715-a441-467b-bb10-f04cfd0d4e71@group-BFA25014280D: changes role from  FOLLOWER to CANDIDATE at term 0 for changeToCandidate
2019-10-02 06:01:38,453 [Thread-2627] INFO  impl.RoleInfo (RoleInfo.java:updateAndGet(143)) - cebca715-a441-467b-bb10-f04cfd0d4e71: start LeaderElection
2019-10-02 06:01:38,459 [90d4a6c3-2b8c-443b-9736-99a4b611d261@group-80B01F09430F-SegmentedRaftLogWorker] INFO  segmented.SegmentedRaftLogWorker (SegmentedRaftLogWorker.java:execute(574)) - 90d4a6c3-2b8c-443b-9736-99a4b611d261@group-80B01F09430F-SegmentedRaftLogWorker: created new log segment /workdir/hadoop-ozone/integration-test/target/test-dir/MiniOzoneClusterImpl-d19c4ee3-b928-4c33-bb8a-b56070bebaf7/datanode-5/data/ratis/be8d762c-6932-4c7a-813c-80b01f09430f/current/log_inprogress_0
2019-10-02 06:01:38,469 [Thread-2622] INFO  impl.FollowerState (FollowerState.java:run(108)) - 90d4a6c3-2b8c-443b-9736-99a4b611d261@group-BFA25014280D-FollowerState: change to CANDIDATE, lastRpcTime:5033ms, electionTimeout:5033ms
2019-10-02 06:01:38,470 [Thread-2622] INFO  impl.RoleInfo (RoleInfo.java:shutdownFollowerState(121)) - 90d4a6c3-2b8c-443b-9736-99a4b611d261: shutdown FollowerState
2019-10-02 06:01:38,470 [Thread-2622] INFO  impl.RaftServerImpl (RaftServerImpl.java:setRole(170)) - 90d4a6c3-2b8c-443b-9736-99a4b611d261@group-BFA25014280D: changes role from  FOLLOWER to CANDIDATE at term 0 for changeToCandidate
2019-10-02 06:01:38,470 [Thread-2622] INFO  impl.RoleInfo (RoleInfo.java:updateAndGet(143)) - 90d4a6c3-2b8c-443b-9736-99a4b611d261: start LeaderElection
2019-10-02 06:01:38,480 [cebca715-a441-467b-bb10-f04cfd0d4e71@group-BFA25014280D-LeaderElection88] INFO  impl.LeaderElection (LeaderElection.java:askForVotes(178)) - cebca715-a441-467b-bb10-f04cfd0d4e71@group-BFA25014280D-LeaderElection88: begin an election at term 1 for -1: [90d4a6c3-2b8c-443b-9736-99a4b611d261:192.168.164.241:35207, cebca715-a441-467b-bb10-f04cfd0d4e71:192.168.164.241:41429, f194447b-767d-44d3-9b01-9564c45d62df:192.168.164.241:36827], old=null
2019-10-02 06:01:38,494 [grpc-default-executor-0] INFO  impl.RaftServerImpl (RaftServerImpl.java:setRole(170)) - f194447b-767d-44d3-9b01-9564c45d62df@group-BFA25014280D: changes role from  FOLLOWER to FOLLOWER at term 1 for recognizeCandidate:cebca715-a441-467b-bb10-f04cfd0d4e71
2019-10-02 06:01:38,494 [90d4a6c3-2b8c-443b-9736-99a4b611d261@group-BFA25014280D-LeaderElection89] INFO  impl.LeaderElection (LeaderElection.java:askForVotes(178)) - 90d4a6c3-2b8c-443b-9736-99a4b611d261@group-BFA25014280D-LeaderElection89: begin an election at term 1 for -1: [90d4a6c3-2b8c-443b-9736-99a4b611d261:192.168.164.241:35207, cebca715-a441-467b-bb10-f04cfd0d4e71:192.168.164.241:41429, f194447b-767d-44d3-9b01-9564c45d62df:192.168.164.241:36827], old=null
2019-10-02 06:01:38,495 [grpc-default-executor-0] INFO  impl.RoleInfo (RoleInfo.java:shutdownFollowerState(121)) - f194447b-767d-44d3-9b01-9564c45d62df: shutdown FollowerState
2019-10-02 06:01:38,495 [Thread-2626] INFO  impl.FollowerState (FollowerState.java:run(117)) - f194447b-767d-44d3-9b01-9564c45d62df@group-BFA25014280D-FollowerState was interrupted: java.lang.InterruptedException: sleep interrupted
2019-10-02 06:01:38,495 [grpc-default-executor-0] INFO  impl.RoleInfo (RoleInfo.java:updateAndGet(143)) - f194447b-767d-44d3-9b01-9564c45d62df: start FollowerState
2019-10-02 06:01:38,516 [90d4a6c3-2b8c-443b-9736-99a4b611d261@group-BFA25014280D-LeaderElection89] INFO  impl.LeaderElection (LeaderElection.java:logAndReturn(56)) - 90d4a6c3-2b8c-443b-9736-99a4b611d261@group-BFA25014280D-LeaderElection89: Election REJECTED; received 2 response(s) [90d4a6c3-2b8c-443b-9736-99a4b611d261<-cebca715-a441-467b-bb10-f04cfd0d4e71#0:FAIL-t1, 90d4a6c3-2b8c-443b-9736-99a4b611d261<-f194447b-767d-44d3-9b01-9564c45d62df#0:FAIL-t1] and 0 exception(s); 90d4a6c3-2b8c-443b-9736-99a4b611d261@group-BFA25014280D:t1, leader=null, voted=90d4a6c3-2b8c-443b-9736-99a4b611d261, raftlog=90d4a6c3-2b8c-443b-9736-99a4b611d261@group-BFA25014280D-SegmentedRaftLog:OPENED:c-1,f-1,i0, conf=-1: [90d4a6c3-2b8c-443b-9736-99a4b611d261:192.168.164.241:35207, cebca715-a441-467b-bb10-f04cfd0d4e71:192.168.164.241:41429, f194447b-767d-44d3-9b01-9564c45d62df:192.168.164.241:36827], old=null
2019-10-02 06:01:38,516 [cebca715-a441-467b-bb10-f04cfd0d4e71@group-BFA25014280D-LeaderElection88] INFO  impl.LeaderElection (LeaderElection.java:logAndReturn(56)) - cebca715-a441-467b-bb10-f04cfd0d4e71@group-BFA25014280D-LeaderElection88: Election PASSED; received 2 response(s) [cebca715-a441-467b-bb10-f04cfd0d4e71<-90d4a6c3-2b8c-443b-9736-99a4b611d261#0:FAIL-t1, cebca715-a441-467b-bb10-f04cfd0d4e71<-f194447b-767d-44d3-9b01-9564c45d62df#0:OK-t1] and 0 exception(s); cebca715-a441-467b-bb10-f04cfd0d4e71@group-BFA25014280D:t1, leader=null, voted=cebca715-a441-467b-bb10-f04cfd0d4e71, raftlog=cebca715-a441-467b-bb10-f04cfd0d4e71@group-BFA25014280D-SegmentedRaftLog:OPENED:c-1,f-1,i0, conf=-1: [90d4a6c3-2b8c-443b-9736-99a4b611d261:192.168.164.241:35207, cebca715-a441-467b-bb10-f04cfd0d4e71:192.168.164.241:41429, f194447b-767d-44d3-9b01-9564c45d62df:192.168.164.241:36827], old=null
2019-10-02 06:01:38,516 [90d4a6c3-2b8c-443b-9736-99a4b611d261@group-BFA25014280D-LeaderElection89] INFO  impl.RaftServerImpl (RaftServerImpl.java:setRole(170)) - 90d4a6c3-2b8c-443b-9736-99a4b611d261@group-BFA25014280D: changes role from CANDIDATE to FOLLOWER at term 1 for DISCOVERED_A_NEW_TERM
2019-10-02 06:01:38,516 [cebca715-a441-467b-bb10-f04cfd0d4e71@group-BFA25014280D-LeaderElection88] INFO  impl.RoleInfo (RoleInfo.java:shutdownLeaderElection(134)) - cebca715-a441-467b-bb10-f04cfd0d4e71: shutdown LeaderElection
2019-10-02 06:01:38,516 [90d4a6c3-2b8c-443b-9736-99a4b611d261@group-BFA25014280D-LeaderElection89] INFO  impl.RoleInfo (RoleInfo.java:shutdownLeaderElection(134)) - 90d4a6c3-2b8c-443b-9736-99a4b611d261: shutdown LeaderElection
2019-10-02 06:01:38,516 [cebca715-a441-467b-bb10-f04cfd0d4e71@group-BFA25014280D-LeaderElection88] INFO  impl.RaftServerImpl (RaftServerImpl.java:setRole(170)) - cebca715-a441-467b-bb10-f04cfd0d4e71@group-BFA25014280D: changes role from CANDIDATE to LEADER at term 1 for changeToLeader
2019-10-02 06:01:38,516 [90d4a6c3-2b8c-443b-9736-99a4b611d261@group-BFA25014280D-LeaderElection89] INFO  impl.RoleInfo (RoleInfo.java:updateAndGet(143)) - 90d4a6c3-2b8c-443b-9736-99a4b611d261: start FollowerState
2019-10-02 06:01:38,516 [cebca715-a441-467b-bb10-f04cfd0d4e71@group-BFA25014280D-LeaderElection88] INFO  impl.RaftServerImpl (ServerState.java:setLeader(255)) - cebca715-a441-467b-bb10-f04cfd0d4e71@group-BFA25014280D: change Leader from null to cebca715-a441-467b-bb10-f04cfd0d4e71 at term 1 for becomeLeader, leader elected after 5087ms
2019-10-02 06:01:38,517 [cebca715-a441-467b-bb10-f04cfd0d4e71@group-BFA25014280D-LeaderElection88] INFO  server.RaftServerConfigKeys (ConfUtils.java:logGet(43)) - raft.server.staging.catchup.gap = 1000 (default)
2019-10-02 06:01:38,517 [cebca715-a441-467b-bb10-f04cfd0d4e71@group-BFA25014280D-LeaderElection88] INFO  server.RaftServerConfigKeys (ConfUtils.java:logGet(43)) - raft.server.rpc.sleep.time = 25ms (default)
2019-10-02 06:01:38,517 [cebca715-a441-467b-bb10-f04cfd0d4e71@group-BFA25014280D-LeaderElection88] INFO  server.RaftServerConfigKeys (ConfUtils.java:logGet(43)) - raft.server.write.element-limit = 4096 (default)
2019-10-02 06:01:38,517 [cebca715-a441-467b-bb10-f04cfd0d4e71@group-BFA25014280D-LeaderElection88] INFO  server.RaftServerConfigKeys (ConfUtils.java:logGet(43)) - raft.server.watch.timeout = 10s (default)
2019-10-02 06:01:38,517 [cebca715-a441-467b-bb10-f04cfd0d4e71@group-BFA25014280D-LeaderElection88] INFO  server.RaftServerConfigKeys (ConfUtils.java:logGet(43)) - raft.server.watch.timeout.denomination = 1s (default)
2019-10-02 06:01:38,517 [cebca715-a441-467b-bb10-f04cfd0d4e71@group-BFA25014280D-LeaderElection88] INFO  server.RaftServerConfigKeys (ConfUtils.java:logGet(43)) - raft.server.watch.element-limit = 65536 (default)
2019-10-02 06:01:38,519 [cebca715-a441-467b-bb10-f04cfd0d4e71@group-BFA25014280D-LeaderElection88] INFO  server.RaftServerConfigKeys (ConfUtils.java:logGet(43)) - raft.server.log.appender.snapshot.chunk.size.max = 16MB (=16777216) (default)
2019-10-02 06:01:38,519 [cebca715-a441-467b-bb10-f04cfd0d4e71@group-BFA25014280D-LeaderElection88] INFO  server.RaftServerConfigKeys (ConfUtils.java:logGet(43)) - raft.server.log.appender.buffer.byte-limit = 33554432 (custom)
2019-10-02 06:01:38,519 [cebca715-a441-467b-bb10-f04cfd0d4e71@group-BFA25014280D-LeaderElection88] INFO  server.RaftServerConfigKeys (ConfUtils.java:logGet(43)) - raft.server.log.appender.buffer.element-limit = 1 (custom)
2019-10-02 06:01:38,519 [cebca715-a441-467b-bb10-f04cfd0d4e71@group-BFA25014280D-LeaderElection88] INFO  grpc.GrpcConfigKeys$Server (ConfUtils.java:logGet(43)) - raft.grpc.server.leader.outstanding.appends.max = 128 (default)
2019-10-02 06:01:38,519 [cebca715-a441-467b-bb10-f04cfd0d4e71@group-BFA25014280D-LeaderElection88] INFO  server.RaftServerConfigKeys (ConfUtils.java:logGet(43)) - raft.server.rpc.request.timeout = 3000ms (default)
2019-10-02 06:01:38,519 [cebca715-a441-467b-bb10-f04cfd0d4e71@group-BFA25014280D-LeaderElection88] INFO  server.RaftServerConfigKeys (ConfUtils.java:logGet(43)) - raft.server.log.appender.install.snapshot.enabled = false (custom)
2019-10-02 06:01:38,520 [cebca715-a441-467b-bb10-f04cfd0d4e71@group-BFA25014280D-LeaderElection88] INFO  server.RaftServerConfigKeys (ConfUtils.java:logGet(43)) - raft.server.log.appender.snapshot.chunk.size.max = 16MB (=16777216) (default)
2019-10-02 06:01:38,520 [cebca715-a441-467b-bb10-f04cfd0d4e71@group-BFA25014280D-LeaderElection88] INFO  server.RaftServerConfigKeys (ConfUtils.java:logGet(43)) - raft.server.log.appender.buffer.byte-limit = 33554432 (custom)
2019-10-02 06:01:38,520 [cebca715-a441-467b-bb10-f04cfd0d4e71@group-BFA25014280D-LeaderElection88] INFO  server.RaftServerConfigKeys (ConfUtils.java:logGet(43)) - raft.server.log.appender.buffer.element-limit = 1 (custom)
2019-10-02 06:01:38,520 [cebca715-a441-467b-bb10-f04cfd0d4e71@group-BFA25014280D-LeaderElection88] INFO  grpc.GrpcConfigKeys$Server (ConfUtils.java:logGet(43)) - raft.grpc.server.leader.outstanding.appends.max = 128 (default)
2019-10-02 06:01:38,520 [cebca715-a441-467b-bb10-f04cfd0d4e71@group-BFA25014280D-LeaderElection88] INFO  server.RaftServerConfigKeys (ConfUtils.java:logGet(43)) - raft.server.rpc.request.timeout = 3000ms (default)
2019-10-02 06:01:38,520 [cebca715-a441-467b-bb10-f04cfd0d4e71@group-BFA25014280D-LeaderElection88] INFO  server.RaftServerConfigKeys (ConfUtils.java:logGet(43)) - raft.server.log.appender.install.snapshot.enabled = false (custom)
2019-10-02 06:01:38,520 [cebca715-a441-467b-bb10-f04cfd0d4e71@group-BFA25014280D-LeaderElection88] INFO  impl.RoleInfo (RoleInfo.java:updateAndGet(143)) - cebca715-a441-467b-bb10-f04cfd0d4e71: start LeaderState
2019-10-02 06:01:38,521 [cebca715-a441-467b-bb10-f04cfd0d4e71@group-BFA25014280D-LeaderElection88] INFO  segmented.SegmentedRaftLogWorker (SegmentedRaftLogWorker.java:startLogSegment(385)) - cebca715-a441-467b-bb10-f04cfd0d4e71@group-BFA25014280D-SegmentedRaftLogWorker: Starting segment from index:0
2019-10-02 06:01:38,521 [cebca715-a441-467b-bb10-f04cfd0d4e71@group-BFA25014280D-LeaderElection88] INFO  impl.RaftServerImpl (ServerState.java:setRaftConf(356)) - cebca715-a441-467b-bb10-f04cfd0d4e71@group-BFA25014280D: set configuration 0: [90d4a6c3-2b8c-443b-9736-99a4b611d261:192.168.164.241:35207, cebca715-a441-467b-bb10-f04cfd0d4e71:192.168.164.241:41429, f194447b-767d-44d3-9b01-9564c45d62df:192.168.164.241:36827], old=null at 0
2019-10-02 06:01:38,522 [grpc-default-executor-0] INFO  impl.RaftServerImpl (ServerState.java:setLeader(255)) - f194447b-767d-44d3-9b01-9564c45d62df@group-BFA25014280D: change Leader from null to cebca715-a441-467b-bb10-f04cfd0d4e71 at term 1 for appendEntries, leader elected after 5093ms
2019-10-02 06:01:38,522 [grpc-default-executor-4] INFO  impl.RaftServerImpl (ServerState.java:setLeader(255)) - 90d4a6c3-2b8c-443b-9736-99a4b611d261@group-BFA25014280D: change Leader from null to cebca715-a441-467b-bb10-f04cfd0d4e71 at term 1 for appendEntries, leader elected after 5093ms
2019-10-02 06:01:38,524 [grpc-default-executor-4] INFO  impl.RaftServerImpl (ServerState.java:setRaftConf(356)) - f194447b-767d-44d3-9b01-9564c45d62df@group-BFA25014280D: set configuration 0: [90d4a6c3-2b8c-443b-9736-99a4b611d261:192.168.164.241:35207, cebca715-a441-467b-bb10-f04cfd0d4e71:192.168.164.241:41429, f194447b-767d-44d3-9b01-9564c45d62df:192.168.164.241:36827], old=null at 0
2019-10-02 06:01:38,524 [grpc-default-executor-4] INFO  segmented.SegmentedRaftLogWorker (SegmentedRaftLogWorker.java:startLogSegment(385)) - f194447b-767d-44d3-9b01-9564c45d62df@group-BFA25014280D-SegmentedRaftLogWorker: Starting segment from index:0
2019-10-02 06:01:38,524 [grpc-default-executor-0] INFO  impl.RaftServerImpl (ServerState.java:setRaftConf(356)) - 90d4a6c3-2b8c-443b-9736-99a4b611d261@group-BFA25014280D: set configuration 0: [90d4a6c3-2b8c-443b-9736-99a4b611d261:192.168.164.241:35207, cebca715-a441-467b-bb10-f04cfd0d4e71:192.168.164.241:41429, f194447b-767d-44d3-9b01-9564c45d62df:192.168.164.241:36827], old=null at 0
2019-10-02 06:01:38,524 [grpc-default-executor-0] INFO  segmented.SegmentedRaftLogWorker (SegmentedRaftLogWorker.java:startLogSegment(385)) - 90d4a6c3-2b8c-443b-9736-99a4b611d261@group-BFA25014280D-SegmentedRaftLogWorker: Starting segment from index:0
2019-10-02 06:01:38,554 [Thread-2619] INFO  impl.FollowerState (FollowerState.java:run(108)) - cebca715-a441-467b-bb10-f04cfd0d4e71@group-84D86C9F1786-FollowerState: change to CANDIDATE, lastRpcTime:5170ms, electionTimeout:5170ms
2019-10-02 06:01:38,554 [Thread-2619] INFO  impl.RoleInfo (RoleInfo.java:shutdownFollowerState(121)) - cebca715-a441-467b-bb10-f04cfd0d4e71: shutdown FollowerState
2019-10-02 06:01:38,555 [Thread-2619] INFO  impl.RaftServerImpl (RaftServerImpl.java:setRole(170)) - cebca715-a441-467b-bb10-f04cfd0d4e71@group-84D86C9F1786: changes role from  FOLLOWER to CANDIDATE at term 0 for changeToCandidate
2019-10-02 06:01:38,555 [Thread-2619] INFO  impl.RoleInfo (RoleInfo.java:updateAndGet(143)) - cebca715-a441-467b-bb10-f04cfd0d4e71: start LeaderElection
2019-10-02 06:01:38,568 [cebca715-a441-467b-bb10-f04cfd0d4e71@group-BFA25014280D-SegmentedRaftLogWorker] INFO  segmented.SegmentedRaftLogWorker (SegmentedRaftLogWorker.java:execute(574)) - cebca715-a441-467b-bb10-f04cfd0d4e71@group-BFA25014280D-SegmentedRaftLogWorker: created new log segment /workdir/hadoop-ozone/integration-test/target/test-dir/MiniOzoneClusterImpl-d19c4ee3-b928-4c33-bb8a-b56070bebaf7/datanode-6/data/ratis/0833be13-bbf3-469e-8c25-bfa25014280d/current/log_inprogress_0
2019-10-02 06:01:38,568 [90d4a6c3-2b8c-443b-9736-99a4b611d261@group-BFA25014280D-SegmentedRaftLogWorker] INFO  segmented.SegmentedRaftLogWorker (SegmentedRaftLogWorker.java:execute(574)) - 90d4a6c3-2b8c-443b-9736-99a4b611d261@group-BFA25014280D-SegmentedRaftLogWorker: created new log segment /workdir/hadoop-ozone/integration-test/target/test-dir/MiniOzoneClusterImpl-d19c4ee3-b928-4c33-bb8a-b56070bebaf7/datanode-5/data/ratis/0833be13-bbf3-469e-8c25-bfa25014280d/current/log_inprogress_0
2019-10-02 06:01:38,568 [f194447b-767d-44d3-9b01-9564c45d62df@group-BFA25014280D-SegmentedRaftLogWorker] INFO  segmented.SegmentedRaftLogWorker (SegmentedRaftLogWorker.java:execute(574)) - f194447b-767d-44d3-9b01-9564c45d62df@group-BFA25014280D-SegmentedRaftLogWorker: created new log segment /workdir/hadoop-ozone/integration-test/target/test-dir/MiniOzoneClusterImpl-d19c4ee3-b928-4c33-bb8a-b56070bebaf7/datanode-4/data/ratis/0833be13-bbf3-469e-8c25-bfa25014280d/current/log_inprogress_0
2019-10-02 06:01:38,583 [cebca715-a441-467b-bb10-f04cfd0d4e71@group-84D86C9F1786-LeaderElection90] INFO  impl.LeaderElection (LeaderElection.java:askForVotes(178)) - cebca715-a441-467b-bb10-f04cfd0d4e71@group-84D86C9F1786-LeaderElection90: begin an election at term 1 for -1: [cebca715-a441-467b-bb10-f04cfd0d4e71:192.168.164.241:41429], old=null
2019-10-02 06:01:38,583 [cebca715-a441-467b-bb10-f04cfd0d4e71@group-84D86C9F1786-LeaderElection90] INFO  impl.RoleInfo (RoleInfo.java:shutdownLeaderElection(134)) - cebca715-a441-467b-bb10-f04cfd0d4e71: shutdown LeaderElection
2019-10-02 06:01:38,583 [cebca715-a441-467b-bb10-f04cfd0d4e71@group-84D86C9F1786-LeaderElection90] INFO  impl.RaftServerImpl (RaftServerImpl.java:setRole(170)) - cebca715-a441-467b-bb10-f04cfd0d4e71@group-84D86C9F1786: changes role from CANDIDATE to LEADER at term 1 for changeToLeader
2019-10-02 06:01:38,583 [cebca715-a441-467b-bb10-f04cfd0d4e71@group-84D86C9F1786-LeaderElection90] INFO  impl.RaftServerImpl (ServerState.java:setLeader(255)) - cebca715-a441-467b-bb10-f04cfd0d4e71@group-84D86C9F1786: change Leader from null to cebca715-a441-467b-bb10-f04cfd0d4e71 at term 1 for becomeLeader, leader elected after 5205ms
2019-10-02 06:01:38,583 [cebca715-a441-467b-bb10-f04cfd0d4e71@group-84D86C9F1786-LeaderElection90] INFO  server.RaftServerConfigKeys (ConfUtils.java:logGet(43)) - raft.server.staging.catchup.gap = 1000 (default)
2019-10-02 06:01:38,583 [cebca715-a441-467b-bb10-f04cfd0d4e71@group-84D86C9F1786-LeaderElection90] INFO  server.RaftServerConfigKeys (ConfUtils.java:logGet(43)) - raft.server.rpc.sleep.time = 25ms (default)
2019-10-02 06:01:38,583 [cebca715-a441-467b-bb10-f04cfd0d4e71@group-84D86C9F1786-LeaderElection90] INFO  server.RaftServerConfigKeys (ConfUtils.java:logGet(43)) - raft.server.write.element-limit = 4096 (default)
2019-10-02 06:01:38,583 [cebca715-a441-467b-bb10-f04cfd0d4e71@group-84D86C9F1786-LeaderElection90] INFO  server.RaftServerConfigKeys (ConfUtils.java:logGet(43)) - raft.server.watch.timeout = 10s (default)
2019-10-02 06:01:38,583 [cebca715-a441-467b-bb10-f04cfd0d4e71@group-84D86C9F1786-LeaderElection90] INFO  server.RaftServerConfigKeys (ConfUtils.java:logGet(43)) - raft.server.watch.timeout.denomination = 1s (default)
2019-10-02 06:01:38,584 [cebca715-a441-467b-bb10-f04cfd0d4e71@group-84D86C9F1786-LeaderElection90] INFO  server.RaftServerConfigKeys (ConfUtils.java:logGet(43)) - raft.server.watch.element-limit = 65536 (default)
2019-10-02 06:01:38,585 [cebca715-a441-467b-bb10-f04cfd0d4e71@group-84D86C9F1786-LeaderElection90] INFO  impl.RoleInfo (RoleInfo.java:updateAndGet(143)) - cebca715-a441-467b-bb10-f04cfd0d4e71: start LeaderState
2019-10-02 06:01:38,585 [cebca715-a441-467b-bb10-f04cfd0d4e71@group-84D86C9F1786-LeaderElection90] INFO  segmented.SegmentedRaftLogWorker (SegmentedRaftLogWorker.java:startLogSegment(385)) - cebca715-a441-467b-bb10-f04cfd0d4e71@group-84D86C9F1786-SegmentedRaftLogWorker: Starting segment from index:0
2019-10-02 06:01:38,585 [cebca715-a441-467b-bb10-f04cfd0d4e71@group-84D86C9F1786-LeaderElection90] INFO  impl.RaftServerImpl (ServerState.java:setRaftConf(356)) - cebca715-a441-467b-bb10-f04cfd0d4e71@group-84D86C9F1786: set configuration 0: [cebca715-a441-467b-bb10-f04cfd0d4e71:192.168.164.241:41429], old=null at 0
2019-10-02 06:01:38,610 [cebca715-a441-467b-bb10-f04cfd0d4e71@group-84D86C9F1786-SegmentedRaftLogWorker] INFO  segmented.SegmentedRaftLogWorker (SegmentedRaftLogWorker.java:execute(574)) - cebca715-a441-467b-bb10-f04cfd0d4e71@group-84D86C9F1786-SegmentedRaftLogWorker: created new log segment /workdir/hadoop-ozone/integration-test/target/test-dir/MiniOzoneClusterImpl-d19c4ee3-b928-4c33-bb8a-b56070bebaf7/datanode-6/data/ratis/a0b5349c-cb2e-4bb8-9579-84d86c9f1786/current/log_inprogress_0
2019-10-02 06:01:38,866 [grpc-default-executor-6] WARN  server.GrpcLogAppender (LogUtils.java:warn(134)) - 7c17948c-1cd0-4417-ab99-6c36b2a081be@group-2113BBD44459->02183d65-95ec-4dfc-9f0a-d3560127e420-AppendLogResponseHandler: Failed appendEntries: org.apache.ratis.thirdparty.io.grpc.StatusRuntimeException: UNAVAILABLE: io exception
2019-10-02 06:01:38,866 [grpc-default-executor-1] WARN  server.GrpcLogAppender (LogUtils.java:warn(134)) - 7c17948c-1cd0-4417-ab99-6c36b2a081be@group-2113BBD44459->dad25ee9-8ea5-4f1c-9f33-3809fe7bf507-AppendLogResponseHandler: Failed appendEntries: org.apache.ratis.thirdparty.io.grpc.StatusRuntimeException: UNAVAILABLE: io exception
2019-10-02 06:01:38,867 [grpc-default-executor-6] INFO  impl.FollowerInfo (FollowerInfo.java:lambda$new$0(51)) - 7c17948c-1cd0-4417-ab99-6c36b2a081be@group-2113BBD44459->02183d65-95ec-4dfc-9f0a-d3560127e420: nextIndex: updateUnconditionally 0 -> 0
2019-10-02 06:01:38,867 [grpc-default-executor-1] INFO  impl.FollowerInfo (FollowerInfo.java:lambda$new$0(51)) - 7c17948c-1cd0-4417-ab99-6c36b2a081be@group-2113BBD44459->dad25ee9-8ea5-4f1c-9f33-3809fe7bf507: nextIndex: updateUnconditionally 0 -> 0
2019-10-02 06:01:39,750 [Datanode State Machine Thread - 0] INFO  statemachine.DatanodeStateMachine (DatanodeStateMachine.java:lambda$startDaemon$0(350)) - Ozone container server started.
2019-10-02 06:01:41,367 [grpc-default-executor-3] WARN  server.GrpcLogAppender (LogUtils.java:warn(134)) - 7c17948c-1cd0-4417-ab99-6c36b2a081be@group-2113BBD44459->02183d65-95ec-4dfc-9f0a-d3560127e420-AppendLogResponseHandler: Failed appendEntries: org.apache.ratis.thirdparty.io.grpc.StatusRuntimeException: UNAVAILABLE: io exception
2019-10-02 06:01:41,367 [grpc-default-executor-4] WARN  server.GrpcLogAppender (LogUtils.java:warn(134)) - 7c17948c-1cd0-4417-ab99-6c36b2a081be@group-2113BBD44459->dad25ee9-8ea5-4f1c-9f33-3809fe7bf507-AppendLogResponseHandler: Failed appendEntries: org.apache.ratis.thirdparty.io.grpc.StatusRuntimeException: UNAVAILABLE: io exception
2019-10-02 06:01:41,367 [grpc-default-executor-3] INFO  impl.FollowerInfo (FollowerInfo.java:lambda$new$0(51)) - 7c17948c-1cd0-4417-ab99-6c36b2a081be@group-2113BBD44459->02183d65-95ec-4dfc-9f0a-d3560127e420: nextIndex: updateUnconditionally 0 -> 0
2019-10-02 06:01:41,367 [grpc-default-executor-4] INFO  impl.FollowerInfo (FollowerInfo.java:lambda$new$0(51)) - 7c17948c-1cd0-4417-ab99-6c36b2a081be@group-2113BBD44459->dad25ee9-8ea5-4f1c-9f33-3809fe7bf507: nextIndex: updateUnconditionally 0 -> 0
2019-10-02 06:01:43,773 [main] INFO  ozoneimpl.OzoneContainer (OzoneContainer.java:stop(231)) - Attempting to stop container services.
2019-10-02 06:01:43,774 [main] INFO  impl.RaftServerProxy (RaftServerProxy.java:lambda$close$4(314)) - 81107746-fc7b-4f7d-bb48-19eaec9a3429: close
2019-10-02 06:01:43,774 [main] INFO  impl.RaftServerImpl (RaftServerImpl.java:lambda$shutdown$3(247)) - 81107746-fc7b-4f7d-bb48-19eaec9a3429@group-94AF2783EC55: shutdown
2019-10-02 06:01:43,774 [ForkJoinPool.commonPool-worker-0] INFO  impl.RaftServerImpl (RaftServerImpl.java:lambda$shutdown$3(247)) - 81107746-fc7b-4f7d-bb48-19eaec9a3429@group-78C2D17BDE60: shutdown
2019-10-02 06:01:43,774 [main] INFO  util.JmxRegister (JmxRegister.java:unregister(73)) - Successfully un-registered JMX Bean with object name Ratis:service=RaftServer,group=group-94AF2783EC55,id=81107746-fc7b-4f7d-bb48-19eaec9a3429
2019-10-02 06:01:43,774 [ForkJoinPool.commonPool-worker-0] INFO  util.JmxRegister (JmxRegister.java:unregister(73)) - Successfully un-registered JMX Bean with object name Ratis:service=RaftServer,group=group-78C2D17BDE60,id=81107746-fc7b-4f7d-bb48-19eaec9a3429
2019-10-02 06:01:43,775 [main] INFO  impl.RoleInfo (RoleInfo.java:shutdownLeaderState(104)) - 81107746-fc7b-4f7d-bb48-19eaec9a3429: shutdown LeaderState
2019-10-02 06:01:43,775 [ForkJoinPool.commonPool-worker-0] INFO  impl.RoleInfo (RoleInfo.java:shutdownLeaderState(104)) - 81107746-fc7b-4f7d-bb48-19eaec9a3429: shutdown LeaderState
2019-10-02 06:01:43,789 [org.apache.ratis.server.impl.LogAppender$AppenderDaemon$$Lambda$418/1557129686@4082719b] WARN  server.GrpcLogAppender (GrpcLogAppender.java:mayWait(143)) - 81107746-fc7b-4f7d-bb48-19eaec9a3429@group-94AF2783EC55->e42cb2ac-a177-4fa6-8504-5499b822a004-GrpcLogAppender: Wait interrupted by java.lang.InterruptedException
2019-10-02 06:01:43,789 [main] INFO  impl.PendingRequests (PendingRequests.java:sendNotLeaderResponses(202)) - 81107746-fc7b-4f7d-bb48-19eaec9a3429@group-94AF2783EC55-PendingRequests: sendNotLeaderResponses
2019-10-02 06:01:43,789 [org.apache.ratis.server.impl.LogAppender$AppenderDaemon$$Lambda$418/1557129686@b10ccd8] WARN  server.GrpcLogAppender (GrpcLogAppender.java:mayWait(143)) - 81107746-fc7b-4f7d-bb48-19eaec9a3429@group-94AF2783EC55->27b60616-8831-445e-96a0-6599c4b1840d-GrpcLogAppender: Wait interrupted by java.lang.InterruptedException
2019-10-02 06:01:43,805 [grpc-default-executor-3] INFO  server.GrpcServerProtocolService (GrpcServerProtocolService.java:onCompleted(113)) - e42cb2ac-a177-4fa6-8504-5499b822a004: Completed APPEND_ENTRIES, lastRequest: 81107746-fc7b-4f7d-bb48-19eaec9a3429->e42cb2ac-a177-4fa6-8504-5499b822a004#5-t1, previous=(t:1, i:2), leaderCommit=2, initializing? false, entries: <empty>
2019-10-02 06:01:43,805 [81107746-fc7b-4f7d-bb48-19eaec9a3429@group-94AF2783EC55-StateMachineUpdater] INFO  ratis.ContainerStateMachine (ContainerStateMachine.java:takeSnapshot(293)) - group-94AF2783EC55: Taking a snapshot at:(t:1, i:2) file /workdir/hadoop-ozone/integration-test/target/test-dir/MiniOzoneClusterImpl-d19c4ee3-b928-4c33-bb8a-b56070bebaf7/datanode-0/data/ratis/9f53a2b3-c3fd-4c93-a826-94af2783ec55/sm/snapshot.1_2
2019-10-02 06:01:43,805 [main] INFO  impl.StateMachineUpdater (StateMachineUpdater.java:stopAndJoin(136)) - 81107746-fc7b-4f7d-bb48-19eaec9a3429@group-94AF2783EC55-StateMachineUpdater: set stopIndex = 2
2019-10-02 06:01:43,789 [ForkJoinPool.commonPool-worker-0] INFO  impl.PendingRequests (PendingRequests.java:sendNotLeaderResponses(202)) - 81107746-fc7b-4f7d-bb48-19eaec9a3429@group-78C2D17BDE60-PendingRequests: sendNotLeaderResponses
2019-10-02 06:01:43,810 [grpc-default-executor-0] INFO  server.GrpcLogAppender (GrpcLogAppender.java:onCompleted(293)) - 81107746-fc7b-4f7d-bb48-19eaec9a3429@group-94AF2783EC55->e42cb2ac-a177-4fa6-8504-5499b822a004-AppendLogResponseHandler: follower responses appendEntries COMPLETED
2019-10-02 06:01:43,809 [grpc-default-executor-4] INFO  server.GrpcServerProtocolService (GrpcServerProtocolService.java:onCompleted(113)) - 27b60616-8831-445e-96a0-6599c4b1840d: Completed APPEND_ENTRIES, lastRequest: 81107746-fc7b-4f7d-bb48-19eaec9a3429->27b60616-8831-445e-96a0-6599c4b1840d#5-t1, previous=(t:1, i:2), leaderCommit=2, initializing? false, entries: <empty>
2019-10-02 06:01:43,810 [ForkJoinPool.commonPool-worker-0] INFO  impl.StateMachineUpdater (StateMachineUpdater.java:stopAndJoin(136)) - 81107746-fc7b-4f7d-bb48-19eaec9a3429@group-78C2D17BDE60-StateMachineUpdater: set stopIndex = 0
2019-10-02 06:01:43,811 [ForkJoinPool.commonPool-worker-0] INFO  impl.RaftServerImpl (ServerState.java:close(387)) - 81107746-fc7b-4f7d-bb48-19eaec9a3429@group-78C2D17BDE60: closes. applyIndex: 0
2019-10-02 06:01:43,811 [grpc-default-executor-4] INFO  server.GrpcLogAppender (GrpcLogAppender.java:onCompleted(293)) - 81107746-fc7b-4f7d-bb48-19eaec9a3429@group-94AF2783EC55->27b60616-8831-445e-96a0-6599c4b1840d-AppendLogResponseHandler: follower responses appendEntries COMPLETED
2019-10-02 06:01:43,811 [81107746-fc7b-4f7d-bb48-19eaec9a3429@group-78C2D17BDE60-SegmentedRaftLogWorker] INFO  segmented.SegmentedRaftLogWorker (SegmentedRaftLogWorker.java:run(316)) - 81107746-fc7b-4f7d-bb48-19eaec9a3429@group-78C2D17BDE60-SegmentedRaftLogWorker was interrupted, exiting. There are 0 tasks remaining in the queue.
2019-10-02 06:01:43,814 [grpc-default-executor-0] INFO  impl.FollowerInfo (FollowerInfo.java:lambda$new$0(51)) - 81107746-fc7b-4f7d-bb48-19eaec9a3429@group-94AF2783EC55->e42cb2ac-a177-4fa6-8504-5499b822a004: nextIndex: updateUnconditionally 3 -> 2
2019-10-02 06:01:43,815 [grpc-default-executor-4] INFO  impl.FollowerInfo (FollowerInfo.java:lambda$new$0(51)) - 81107746-fc7b-4f7d-bb48-19eaec9a3429@group-94AF2783EC55->27b60616-8831-445e-96a0-6599c4b1840d: nextIndex: updateUnconditionally 3 -> 2
2019-10-02 06:01:43,822 [ForkJoinPool.commonPool-worker-0] INFO  segmented.SegmentedRaftLogWorker (SegmentedRaftLogWorker.java:close(224)) - 81107746-fc7b-4f7d-bb48-19eaec9a3429@group-78C2D17BDE60-SegmentedRaftLogWorker close()
2019-10-02 06:01:43,829 [81107746-fc7b-4f7d-bb48-19eaec9a3429@group-94AF2783EC55-StateMachineUpdater] INFO  ratis.ContainerStateMachine (ContainerStateMachine.java:takeSnapshot(304)) - group-94AF2783EC55: Finished taking a snapshot at:(t:1, i:2) file:/workdir/hadoop-ozone/integration-test/target/test-dir/MiniOzoneClusterImpl-d19c4ee3-b928-4c33-bb8a-b56070bebaf7/datanode-0/data/ratis/9f53a2b3-c3fd-4c93-a826-94af2783ec55/sm/snapshot.1_2 time:24
2019-10-02 06:01:43,830 [81107746-fc7b-4f7d-bb48-19eaec9a3429@group-94AF2783EC55-StateMachineUpdater] INFO  impl.StateMachineUpdater (StateMachineUpdater.java:takeSnapshot(269)) - 81107746-fc7b-4f7d-bb48-19eaec9a3429@group-94AF2783EC55-StateMachineUpdater: Took a snapshot at index 2
2019-10-02 06:01:43,830 [81107746-fc7b-4f7d-bb48-19eaec9a3429@group-94AF2783EC55-StateMachineUpdater] INFO  impl.StateMachineUpdater (StateMachineUpdater.java:lambda$new$0(84)) - 81107746-fc7b-4f7d-bb48-19eaec9a3429@group-94AF2783EC55-StateMachineUpdater: snapshotIndex: updateIncreasingly -1 -> 2
2019-10-02 06:01:43,830 [main] INFO  impl.RaftServerImpl (ServerState.java:close(387)) - 81107746-fc7b-4f7d-bb48-19eaec9a3429@group-94AF2783EC55: closes. applyIndex: 2
2019-10-02 06:01:43,830 [81107746-fc7b-4f7d-bb48-19eaec9a3429@group-94AF2783EC55-SegmentedRaftLogWorker] INFO  segmented.SegmentedRaftLogWorker (SegmentedRaftLogWorker.java:run(316)) - 81107746-fc7b-4f7d-bb48-19eaec9a3429@group-94AF2783EC55-SegmentedRaftLogWorker was interrupted, exiting. There are 0 tasks remaining in the queue.
2019-10-02 06:01:43,834 [main] INFO  segmented.SegmentedRaftLogWorker (SegmentedRaftLogWorker.java:close(224)) - 81107746-fc7b-4f7d-bb48-19eaec9a3429@group-94AF2783EC55-SegmentedRaftLogWorker close()
2019-10-02 06:01:43,842 [main] INFO  server.GrpcService (GrpcService.java:closeImpl(164)) - 81107746-fc7b-4f7d-bb48-19eaec9a3429: shutdown server with port 38292 now
2019-10-02 06:01:43,842 [main] INFO  server.GrpcService (GrpcService.java:closeImpl(172)) - 81107746-fc7b-4f7d-bb48-19eaec9a3429: shutdown server with port 38292 successfully
2019-10-02 06:01:43,845 [refreshUsed-/workdir/hadoop-ozone/integration-test/target/test-dir/MiniOzoneClusterImpl-d19c4ee3-b928-4c33-bb8a-b56070bebaf7/datanode-0/data/containers] WARN  fs.CachingGetSpaceUsed (CachingGetSpaceUsed.java:run(183)) - Thread Interrupted waiting to refresh disk information: sleep interrupted
2019-10-02 06:01:43,863 [main] INFO  utils.BackgroundService (BackgroundService.java:shutdown(148)) - Shutting down service BlockDeletingService
2019-10-02 06:01:43,905 [main] INFO  statemachine.DatanodeStateMachine (DatanodeStateMachine.java:stopDaemon(395)) - Ozone container server stopped.
2019-10-02 06:01:43,906 [grpc-default-executor-4] WARN  server.GrpcLogAppender (LogUtils.java:warn(134)) - 7c17948c-1cd0-4417-ab99-6c36b2a081be@group-2113BBD44459->02183d65-95ec-4dfc-9f0a-d3560127e420-AppendLogResponseHandler: Failed appendEntries: org.apache.ratis.thirdparty.io.grpc.StatusRuntimeException: UNAVAILABLE: io exception
2019-10-02 06:01:43,906 [main] INFO  handler.ContextHandler (ContextHandler.java:doStop(910)) - Stopped o.e.j.w.WebAppContext@26f0141{/,null,UNAVAILABLE}{/hddsDatanode}
2019-10-02 06:01:43,906 [grpc-default-executor-4] INFO  impl.FollowerInfo (FollowerInfo.java:lambda$new$0(51)) - 7c17948c-1cd0-4417-ab99-6c36b2a081be@group-2113BBD44459->02183d65-95ec-4dfc-9f0a-d3560127e420: nextIndex: updateUnconditionally 0 -> 0
2019-10-02 06:01:43,906 [grpc-default-executor-1] WARN  server.GrpcLogAppender (LogUtils.java:warn(134)) - 7c17948c-1cd0-4417-ab99-6c36b2a081be@group-2113BBD44459->dad25ee9-8ea5-4f1c-9f33-3809fe7bf507-AppendLogResponseHandler: Failed appendEntries: org.apache.ratis.thirdparty.io.grpc.StatusRuntimeException: UNAVAILABLE: io exception
2019-10-02 06:01:43,907 [grpc-default-executor-1] INFO  impl.FollowerInfo (FollowerInfo.java:lambda$new$0(51)) - 7c17948c-1cd0-4417-ab99-6c36b2a081be@group-2113BBD44459->dad25ee9-8ea5-4f1c-9f33-3809fe7bf507: nextIndex: updateUnconditionally 0 -> 0
2019-10-02 06:01:43,907 [main] INFO  server.AbstractConnector (AbstractConnector.java:doStop(318)) - Stopped ServerConnector@34136bd1{HTTP/1.1,[http/1.1]}{0.0.0.0:0}
2019-10-02 06:01:43,907 [main] INFO  handler.ContextHandler (ContextHandler.java:doStop(910)) - Stopped o.e.j.s.ServletContextHandler@7aa01bd9{/static,jar:file:/home/user/.m2/repository/org/apache/hadoop/hadoop-hdds-container-service/0.5.0-SNAPSHOT/hadoop-hdds-container-service-0.5.0-SNAPSHOT.jar!/webapps/static,UNAVAILABLE}
2019-10-02 06:01:43,908 [main] INFO  handler.ContextHandler (ContextHandler.java:doStop(910)) - Stopped o.e.j.s.ServletContextHandler@6d0e45a5{/logs,file:///workdir/hadoop-ozone/integration-test/target/log,UNAVAILABLE}
2019-10-02 06:01:43,938 [org.apache.ratis.server.impl.LogAppender$AppenderDaemon$$Lambda$418/1557129686@5e71a79d] ERROR ratis.XceiverServerRatis (XceiverServerRatis.java:triggerPipelineClose(581)) - pipeline Action CLOSE  on pipeline PipelineID=685c3351-04e3-4386-8a9a-2113bbd44459.Reason : 7c17948c-1cd0-4417-ab99-6c36b2a081be has not seen follower/s dad25ee9-8ea5-4f1c-9f33-3809fe7bf507 for 120125ms
2019-10-02 06:01:43,939 [org.apache.ratis.server.impl.LogAppender$AppenderDaemon$$Lambda$418/1557129686@5e71a79d] ERROR ratis.XceiverServerRatis (XceiverServerRatis.java:triggerPipelineClose(581)) - pipeline Action CLOSE  on pipeline PipelineID=685c3351-04e3-4386-8a9a-2113bbd44459.Reason : 7c17948c-1cd0-4417-ab99-6c36b2a081be has not seen follower/s dad25ee9-8ea5-4f1c-9f33-3809fe7bf507 for 120140ms
2019-10-02 06:01:43,940 [grpc-default-executor-3] WARN  server.GrpcLogAppender (LogUtils.java:warn(134)) - 7c17948c-1cd0-4417-ab99-6c36b2a081be@group-2113BBD44459->dad25ee9-8ea5-4f1c-9f33-3809fe7bf507-AppendLogResponseHandler: Failed appendEntries: org.apache.ratis.thirdparty.io.grpc.StatusRuntimeException: UNAVAILABLE: io exception
2019-10-02 06:01:43,940 [grpc-default-executor-3] INFO  impl.FollowerInfo (FollowerInfo.java:lambda$new$0(51)) - 7c17948c-1cd0-4417-ab99-6c36b2a081be@group-2113BBD44459->dad25ee9-8ea5-4f1c-9f33-3809fe7bf507: nextIndex: updateUnconditionally 1 -> 0
2019-10-02 06:01:44,832 [EventQueue-PipelineActionsForPipelineActionHandler] ERROR pipeline.PipelineActionHandler (PipelineActionHandler.java:onMessage(60)) - Received pipeline action CLOSE for Pipeline[ Id: 685c3351-04e3-4386-8a9a-2113bbd44459, Nodes: dad25ee9-8ea5-4f1c-9f33-3809fe7bf507{ip: 192.168.164.241, host: trunk-nightly-20191002-p7fms-2058464235, networkLocation: /default-rack, certSerialId: null}02183d65-95ec-4dfc-9f0a-d3560127e420{ip: 192.168.164.241, host: trunk-nightly-20191002-p7fms-2058464235, networkLocation: /default-rack, certSerialId: null}7c17948c-1cd0-4417-ab99-6c36b2a081be{ip: 192.168.164.241, host: trunk-nightly-20191002-p7fms-2058464235, networkLocation: /default-rack, certSerialId: null}, Type:RATIS, Factor:THREE, State:CLOSED] from datanode 7c17948c-1cd0-4417-ab99-6c36b2a081be{ip: 192.168.164.241, host: trunk-nightly-20191002-p7fms-2058464235, networkLocation: /default-rack, certSerialId: null}. Reason : 7c17948c-1cd0-4417-ab99-6c36b2a081be has not seen follower/s dad25ee9-8ea5-4f1c-9f33-3809fe7bf507 for 120125ms
2019-10-02 06:01:44,832 [EventQueue-PipelineActionsForPipelineActionHandler] INFO  pipeline.SCMPipelineManager (SCMPipelineManager.java:finalizeAndDestroyPipeline(315)) - destroying pipeline:Pipeline[ Id: 685c3351-04e3-4386-8a9a-2113bbd44459, Nodes: dad25ee9-8ea5-4f1c-9f33-3809fe7bf507{ip: 192.168.164.241, host: trunk-nightly-20191002-p7fms-2058464235, networkLocation: /default-rack, certSerialId: null}02183d65-95ec-4dfc-9f0a-d3560127e420{ip: 192.168.164.241, host: trunk-nightly-20191002-p7fms-2058464235, networkLocation: /default-rack, certSerialId: null}7c17948c-1cd0-4417-ab99-6c36b2a081be{ip: 192.168.164.241, host: trunk-nightly-20191002-p7fms-2058464235, networkLocation: /default-rack, certSerialId: null}, Type:RATIS, Factor:THREE, State:CLOSED]
2019-10-02 06:01:46,400 [grpc-default-executor-3] WARN  server.GrpcLogAppender (LogUtils.java:warn(134)) - 7c17948c-1cd0-4417-ab99-6c36b2a081be@group-2113BBD44459->02183d65-95ec-4dfc-9f0a-d3560127e420-AppendLogResponseHandler: Failed appendEntries: org.apache.ratis.thirdparty.io.grpc.StatusRuntimeException: UNAVAILABLE: io exception
2019-10-02 06:01:46,401 [grpc-default-executor-3] INFO  impl.FollowerInfo (FollowerInfo.java:lambda$new$0(51)) - 7c17948c-1cd0-4417-ab99-6c36b2a081be@group-2113BBD44459->02183d65-95ec-4dfc-9f0a-d3560127e420: nextIndex: updateUnconditionally 0 -> 0
2019-10-02 06:01:46,440 [org.apache.ratis.server.impl.LogAppender$AppenderDaemon$$Lambda$418/1557129686@5e71a79d] ERROR ratis.XceiverServerRatis (XceiverServerRatis.java:triggerPipelineClose(581)) - pipeline Action CLOSE  on pipeline PipelineID=685c3351-04e3-4386-8a9a-2113bbd44459.Reason : 7c17948c-1cd0-4417-ab99-6c36b2a081be has not seen follower/s dad25ee9-8ea5-4f1c-9f33-3809fe7bf507 for 122641ms
2019-10-02 06:01:46,440 [grpc-default-executor-1] WARN  server.GrpcLogAppender (LogUtils.java:warn(134)) - 7c17948c-1cd0-4417-ab99-6c36b2a081be@group-2113BBD44459->dad25ee9-8ea5-4f1c-9f33-3809fe7bf507-AppendLogResponseHandler: Failed appendEntries: org.apache.ratis.thirdparty.io.grpc.StatusRuntimeException: UNAVAILABLE: io exception
2019-10-02 06:01:46,441 [grpc-default-executor-1] INFO  impl.FollowerInfo (FollowerInfo.java:lambda$new$0(51)) - 7c17948c-1cd0-4417-ab99-6c36b2a081be@group-2113BBD44459->dad25ee9-8ea5-4f1c-9f33-3809fe7bf507: nextIndex: updateUnconditionally 0 -> 0
2019-10-02 06:01:46,830 [EventQueue-PipelineActionsForPipelineActionHandler] ERROR pipeline.PipelineActionHandler (PipelineActionHandler.java:onMessage(60)) - Received pipeline action CLOSE for Pipeline[ Id: 685c3351-04e3-4386-8a9a-2113bbd44459, Nodes: dad25ee9-8ea5-4f1c-9f33-3809fe7bf507{ip: 192.168.164.241, host: trunk-nightly-20191002-p7fms-2058464235, networkLocation: /default-rack, certSerialId: null}02183d65-95ec-4dfc-9f0a-d3560127e420{ip: 192.168.164.241, host: trunk-nightly-20191002-p7fms-2058464235, networkLocation: /default-rack, certSerialId: null}7c17948c-1cd0-4417-ab99-6c36b2a081be{ip: 192.168.164.241, host: trunk-nightly-20191002-p7fms-2058464235, networkLocation: /default-rack, certSerialId: null}, Type:RATIS, Factor:THREE, State:CLOSED] from datanode 7c17948c-1cd0-4417-ab99-6c36b2a081be{ip: 192.168.164.241, host: trunk-nightly-20191002-p7fms-2058464235, networkLocation: /default-rack, certSerialId: null}. Reason : 7c17948c-1cd0-4417-ab99-6c36b2a081be has not seen follower/s dad25ee9-8ea5-4f1c-9f33-3809fe7bf507 for 122641ms
2019-10-02 06:01:46,830 [EventQueue-PipelineActionsForPipelineActionHandler] INFO  pipeline.SCMPipelineManager (SCMPipelineManager.java:finalizeAndDestroyPipeline(315)) - destroying pipeline:Pipeline[ Id: 685c3351-04e3-4386-8a9a-2113bbd44459, Nodes: dad25ee9-8ea5-4f1c-9f33-3809fe7bf507{ip: 192.168.164.241, host: trunk-nightly-20191002-p7fms-2058464235, networkLocation: /default-rack, certSerialId: null}02183d65-95ec-4dfc-9f0a-d3560127e420{ip: 192.168.164.241, host: trunk-nightly-20191002-p7fms-2058464235, networkLocation: /default-rack, certSerialId: null}7c17948c-1cd0-4417-ab99-6c36b2a081be{ip: 192.168.164.241, host: trunk-nightly-20191002-p7fms-2058464235, networkLocation: /default-rack, certSerialId: null}, Type:RATIS, Factor:THREE, State:CLOSED]
2019-10-02 06:01:48,900 [org.apache.ratis.server.impl.LogAppender$AppenderDaemon$$Lambda$418/1557129686@153e51cd] ERROR ratis.XceiverServerRatis (XceiverServerRatis.java:triggerPipelineClose(581)) - pipeline Action CLOSE  on pipeline PipelineID=685c3351-04e3-4386-8a9a-2113bbd44459.Reason : 7c17948c-1cd0-4417-ab99-6c36b2a081be has not seen follower/s dad25ee9-8ea5-4f1c-9f33-3809fe7bf507 for 125102ms 02183d65-95ec-4dfc-9f0a-d3560127e420 for 120095ms
2019-10-02 06:01:48,901 [grpc-default-executor-3] WARN  server.GrpcLogAppender (LogUtils.java:warn(134)) - 7c17948c-1cd0-4417-ab99-6c36b2a081be@group-2113BBD44459->02183d65-95ec-4dfc-9f0a-d3560127e420-AppendLogResponseHandler: Failed appendEntries: org.apache.ratis.thirdparty.io.grpc.StatusRuntimeException: UNAVAILABLE: io exception
2019-10-02 06:01:48,902 [grpc-default-executor-3] INFO  impl.FollowerInfo (FollowerInfo.java:lambda$new$0(51)) - 7c17948c-1cd0-4417-ab99-6c36b2a081be@group-2113BBD44459->02183d65-95ec-4dfc-9f0a-d3560127e420: nextIndex: updateUnconditionally 0 -> 0
2019-10-02 06:01:48,940 [org.apache.ratis.server.impl.LogAppender$AppenderDaemon$$Lambda$418/1557129686@5e71a79d] ERROR ratis.XceiverServerRatis (XceiverServerRatis.java:triggerPipelineClose(581)) - pipeline Action CLOSE  on pipeline PipelineID=685c3351-04e3-4386-8a9a-2113bbd44459.Reason : 7c17948c-1cd0-4417-ab99-6c36b2a081be has not seen follower/s dad25ee9-8ea5-4f1c-9f33-3809fe7bf507 for 125142ms 02183d65-95ec-4dfc-9f0a-d3560127e420 for 120135ms
2019-10-02 06:01:48,941 [grpc-default-executor-4] WARN  server.GrpcLogAppender (LogUtils.java:warn(134)) - 7c17948c-1cd0-4417-ab99-6c36b2a081be@group-2113BBD44459->dad25ee9-8ea5-4f1c-9f33-3809fe7bf507-AppendLogResponseHandler: Failed appendEntries: org.apache.ratis.thirdparty.io.grpc.StatusRuntimeException: UNAVAILABLE: io exception
2019-10-02 06:01:48,941 [grpc-default-executor-4] INFO  impl.FollowerInfo (FollowerInfo.java:lambda$new$0(51)) - 7c17948c-1cd0-4417-ab99-6c36b2a081be@group-2113BBD44459->dad25ee9-8ea5-4f1c-9f33-3809fe7bf507: nextIndex: updateUnconditionally 0 -> 0
2019-10-02 06:01:49,830 [EventQueue-PipelineActionsForPipelineActionHandler] ERROR pipeline.PipelineActionHandler (PipelineActionHandler.java:onMessage(60)) - Received pipeline action CLOSE for Pipeline[ Id: 685c3351-04e3-4386-8a9a-2113bbd44459, Nodes: dad25ee9-8ea5-4f1c-9f33-3809fe7bf507{ip: 192.168.164.241, host: trunk-nightly-20191002-p7fms-2058464235, networkLocation: /default-rack, certSerialId: null}02183d65-95ec-4dfc-9f0a-d3560127e420{ip: 192.168.164.241, host: trunk-nightly-20191002-p7fms-2058464235, networkLocation: /default-rack, certSerialId: null}7c17948c-1cd0-4417-ab99-6c36b2a081be{ip: 192.168.164.241, host: trunk-nightly-20191002-p7fms-2058464235, networkLocation: /default-rack, certSerialId: null}, Type:RATIS, Factor:THREE, State:CLOSED] from datanode 7c17948c-1cd0-4417-ab99-6c36b2a081be{ip: 192.168.164.241, host: trunk-nightly-20191002-p7fms-2058464235, networkLocation: /default-rack, certSerialId: null}. Reason : 7c17948c-1cd0-4417-ab99-6c36b2a081be has not seen follower/s dad25ee9-8ea5-4f1c-9f33-3809fe7bf507 for 125102ms 02183d65-95ec-4dfc-9f0a-d3560127e420 for 120095ms
2019-10-02 06:01:49,831 [EventQueue-PipelineActionsForPipelineActionHandler] INFO  pipeline.SCMPipelineManager (SCMPipelineManager.java:finalizeAndDestroyPipeline(315)) - destroying pipeline:Pipeline[ Id: 685c3351-04e3-4386-8a9a-2113bbd44459, Nodes: dad25ee9-8ea5-4f1c-9f33-3809fe7bf507{ip: 192.168.164.241, host: trunk-nightly-20191002-p7fms-2058464235, networkLocation: /default-rack, certSerialId: null}02183d65-95ec-4dfc-9f0a-d3560127e420{ip: 192.168.164.241, host: trunk-nightly-20191002-p7fms-2058464235, networkLocation: /default-rack, certSerialId: null}7c17948c-1cd0-4417-ab99-6c36b2a081be{ip: 192.168.164.241, host: trunk-nightly-20191002-p7fms-2058464235, networkLocation: /default-rack, certSerialId: null}, Type:RATIS, Factor:THREE, State:CLOSED]
2019-10-02 06:01:51,401 [org.apache.ratis.server.impl.LogAppender$AppenderDaemon$$Lambda$418/1557129686@153e51cd] ERROR ratis.XceiverServerRatis (XceiverServerRatis.java:triggerPipelineClose(581)) - pipeline Action CLOSE  on pipeline PipelineID=685c3351-04e3-4386-8a9a-2113bbd44459.Reason : 7c17948c-1cd0-4417-ab99-6c36b2a081be has not seen follower/s dad25ee9-8ea5-4f1c-9f33-3809fe7bf507 for 127603ms 02183d65-95ec-4dfc-9f0a-d3560127e420 for 122596ms
2019-10-02 06:01:51,402 [grpc-default-executor-4] WARN  server.GrpcLogAppender (LogUtils.java:warn(134)) - 7c17948c-1cd0-4417-ab99-6c36b2a081be@group-2113BBD44459->02183d65-95ec-4dfc-9f0a-d3560127e420-AppendLogResponseHandler: Failed appendEntries: org.apache.ratis.thirdparty.io.grpc.StatusRuntimeException: UNAVAILABLE: io exception
2019-10-02 06:01:51,403 [grpc-default-executor-4] INFO  impl.FollowerInfo (FollowerInfo.java:lambda$new$0(51)) - 7c17948c-1cd0-4417-ab99-6c36b2a081be@group-2113BBD44459->02183d65-95ec-4dfc-9f0a-d3560127e420: nextIndex: updateUnconditionally 0 -> 0
2019-10-02 06:01:51,441 [org.apache.ratis.server.impl.LogAppender$AppenderDaemon$$Lambda$418/1557129686@5e71a79d] ERROR ratis.XceiverServerRatis (XceiverServerRatis.java:triggerPipelineClose(581)) - pipeline Action CLOSE  on pipeline PipelineID=685c3351-04e3-4386-8a9a-2113bbd44459.Reason : 7c17948c-1cd0-4417-ab99-6c36b2a081be has not seen follower/s dad25ee9-8ea5-4f1c-9f33-3809fe7bf507 for 127643ms 02183d65-95ec-4dfc-9f0a-d3560127e420 for 122635ms
2019-10-02 06:01:51,442 [grpc-default-executor-3] WARN  server.GrpcLogAppender (LogUtils.java:warn(134)) - 7c17948c-1cd0-4417-ab99-6c36b2a081be@group-2113BBD44459->dad25ee9-8ea5-4f1c-9f33-3809fe7bf507-AppendLogResponseHandler: Failed appendEntries: org.apache.ratis.thirdparty.io.grpc.StatusRuntimeException: UNAVAILABLE: io exception
2019-10-02 06:01:51,442 [grpc-default-executor-3] INFO  impl.FollowerInfo (FollowerInfo.java:lambda$new$0(51)) - 7c17948c-1cd0-4417-ab99-6c36b2a081be@group-2113BBD44459->dad25ee9-8ea5-4f1c-9f33-3809fe7bf507: nextIndex: updateUnconditionally 0 -> 0
2019-10-02 06:01:51,831 [EventQueue-PipelineActionsForPipelineActionHandler] ERROR pipeline.PipelineActionHandler (PipelineActionHandler.java:onMessage(60)) - Received pipeline action CLOSE for Pipeline[ Id: 685c3351-04e3-4386-8a9a-2113bbd44459, Nodes: dad25ee9-8ea5-4f1c-9f33-3809fe7bf507{ip: 192.168.164.241, host: trunk-nightly-20191002-p7fms-2058464235, networkLocation: /default-rack, certSerialId: null}02183d65-95ec-4dfc-9f0a-d3560127e420{ip: 192.168.164.241, host: trunk-nightly-20191002-p7fms-2058464235, networkLocation: /default-rack, certSerialId: null}7c17948c-1cd0-4417-ab99-6c36b2a081be{ip: 192.168.164.241, host: trunk-nightly-20191002-p7fms-2058464235, networkLocation: /default-rack, certSerialId: null}, Type:RATIS, Factor:THREE, State:CLOSED] from datanode 7c17948c-1cd0-4417-ab99-6c36b2a081be{ip: 192.168.164.241, host: trunk-nightly-20191002-p7fms-2058464235, networkLocation: /default-rack, certSerialId: null}. Reason : 7c17948c-1cd0-4417-ab99-6c36b2a081be has not seen follower/s dad25ee9-8ea5-4f1c-9f33-3809fe7bf507 for 127603ms 02183d65-95ec-4dfc-9f0a-d3560127e420 for 122596ms
2019-10-02 06:01:51,831 [EventQueue-PipelineActionsForPipelineActionHandler] INFO  pipeline.SCMPipelineManager (SCMPipelineManager.java:finalizeAndDestroyPipeline(315)) - destroying pipeline:Pipeline[ Id: 685c3351-04e3-4386-8a9a-2113bbd44459, Nodes: dad25ee9-8ea5-4f1c-9f33-3809fe7bf507{ip: 192.168.164.241, host: trunk-nightly-20191002-p7fms-2058464235, networkLocation: /default-rack, certSerialId: null}02183d65-95ec-4dfc-9f0a-d3560127e420{ip: 192.168.164.241, host: trunk-nightly-20191002-p7fms-2058464235, networkLocation: /default-rack, certSerialId: null}7c17948c-1cd0-4417-ab99-6c36b2a081be{ip: 192.168.164.241, host: trunk-nightly-20191002-p7fms-2058464235, networkLocation: /default-rack, certSerialId: null}, Type:RATIS, Factor:THREE, State:CLOSED]
2019-10-02 06:01:53,337 [Thread-2665] INFO  impl.FollowerState (FollowerState.java:run(108)) - e42cb2ac-a177-4fa6-8504-5499b822a004@group-94AF2783EC55-FollowerState: change to CANDIDATE, lastRpcTime:9681ms, electionTimeout:5190ms
2019-10-02 06:01:53,338 [Thread-2665] INFO  impl.RoleInfo (RoleInfo.java:shutdownFollowerState(121)) - e42cb2ac-a177-4fa6-8504-5499b822a004: shutdown FollowerState
2019-10-02 06:01:53,338 [Thread-2665] INFO  impl.RaftServerImpl (RaftServerImpl.java:setRole(170)) - e42cb2ac-a177-4fa6-8504-5499b822a004@group-94AF2783EC55: changes role from  FOLLOWER to CANDIDATE at term 1 for changeToCandidate
2019-10-02 06:01:53,338 [Thread-2665] INFO  impl.RoleInfo (RoleInfo.java:updateAndGet(143)) - e42cb2ac-a177-4fa6-8504-5499b822a004: start LeaderElection
2019-10-02 06:01:53,342 [e42cb2ac-a177-4fa6-8504-5499b822a004@group-94AF2783EC55-LeaderElection91] INFO  impl.RaftServerImpl (ServerState.java:setLeader(255)) - e42cb2ac-a177-4fa6-8504-5499b822a004@group-94AF2783EC55: change Leader from 81107746-fc7b-4f7d-bb48-19eaec9a3429 to null at term 1 for initElection
2019-10-02 06:01:53,346 [e42cb2ac-a177-4fa6-8504-5499b822a004@group-94AF2783EC55-LeaderElection91] INFO  impl.LeaderElection (LeaderElection.java:askForVotes(178)) - e42cb2ac-a177-4fa6-8504-5499b822a004@group-94AF2783EC55-LeaderElection91: begin an election at term 2 for 0: [e42cb2ac-a177-4fa6-8504-5499b822a004:192.168.164.241:40096, 81107746-fc7b-4f7d-bb48-19eaec9a3429:192.168.164.241:38292, 27b60616-8831-445e-96a0-6599c4b1840d:192.168.164.241:34766], old=null
2019-10-02 06:01:53,348 [e42cb2ac-a177-4fa6-8504-5499b822a004@group-94AF2783EC55-LeaderElection91] INFO  impl.LeaderElection (LogUtils.java:infoOrTrace(149)) - e42cb2ac-a177-4fa6-8504-5499b822a004@group-94AF2783EC55-LeaderElection91 got exception when requesting votes: {}
java.util.concurrent.ExecutionException: org.apache.ratis.thirdparty.io.grpc.StatusRuntimeException: UNAVAILABLE: io exception
	at java.util.concurrent.FutureTask.report(FutureTask.java:122)
	at java.util.concurrent.FutureTask.get(FutureTask.java:192)
	at org.apache.ratis.server.impl.LeaderElection.waitForResults(LeaderElection.java:259)
	at org.apache.ratis.server.impl.LeaderElection.askForVotes(LeaderElection.java:197)
	at org.apache.ratis.server.impl.LeaderElection.run(LeaderElection.java:133)
	at java.lang.Thread.run(Thread.java:748)
Caused by: org.apache.ratis.thirdparty.io.grpc.StatusRuntimeException: UNAVAILABLE: io exception
	at org.apache.ratis.thirdparty.io.grpc.stub.ClientCalls.toStatusRuntimeException(ClientCalls.java:233)
	at org.apache.ratis.thirdparty.io.grpc.stub.ClientCalls.getUnchecked(ClientCalls.java:214)
	at org.apache.ratis.thirdparty.io.grpc.stub.ClientCalls.blockingUnaryCall(ClientCalls.java:139)
	at org.apache.ratis.proto.grpc.RaftServerProtocolServiceGrpc$RaftServerProtocolServiceBlockingStub.requestVote(RaftServerProtocolServiceGrpc.java:265)
	at org.apache.ratis.grpc.server.GrpcServerProtocolClient.requestVote(GrpcServerProtocolClient.java:99)
	at org.apache.ratis.grpc.server.GrpcService.requestVote(GrpcService.java:204)
	at org.apache.ratis.server.impl.LeaderElection.lambda$submitRequests$1(LeaderElection.java:234)
	at java.util.concurrent.FutureTask.run(FutureTask.java:266)
	at java.util.concurrent.Executors$RunnableAdapter.call(Executors.java:511)
	at java.util.concurrent.FutureTask.run(FutureTask.java:266)
	at java.util.concurrent.ThreadPoolExecutor.runWorker(ThreadPoolExecutor.java:1149)
	at java.util.concurrent.ThreadPoolExecutor$Worker.run(ThreadPoolExecutor.java:624)
	... 1 more
Caused by: org.apache.ratis.thirdparty.io.netty.channel.AbstractChannel$AnnotatedConnectException: Connection refused: /192.168.164.241:38292
	at sun.nio.ch.SocketChannelImpl.checkConnect(Native Method)
	at sun.nio.ch.SocketChannelImpl.finishConnect(SocketChannelImpl.java:717)
	at org.apache.ratis.thirdparty.io.netty.channel.socket.nio.NioSocketChannel.doFinishConnect(NioSocketChannel.java:327)
	at org.apache.ratis.thirdparty.io.netty.channel.nio.AbstractNioChannel$AbstractNioUnsafe.finishConnect(AbstractNioChannel.java:340)
	at org.apache.ratis.thirdparty.io.netty.channel.nio.NioEventLoop.processSelectedKey(NioEventLoop.java:632)
	at org.apache.ratis.thirdparty.io.netty.channel.nio.NioEventLoop.processSelectedKeysOptimized(NioEventLoop.java:579)
	at org.apache.ratis.thirdparty.io.netty.channel.nio.NioEventLoop.processSelectedKeys(NioEventLoop.java:496)
	at org.apache.ratis.thirdparty.io.netty.channel.nio.NioEventLoop.run(NioEventLoop.java:458)
	at org.apache.ratis.thirdparty.io.netty.util.concurrent.SingleThreadEventExecutor$5.run(SingleThreadEventExecutor.java:897)
	at org.apache.ratis.thirdparty.io.netty.util.concurrent.FastThreadLocalRunnable.run(FastThreadLocalRunnable.java:30)
	... 1 more
Caused by: java.net.ConnectException: Connection refused
	... 11 more
2019-10-02 06:01:53,355 [grpc-default-executor-3] INFO  impl.RaftServerImpl (ServerState.java:setLeader(255)) - 27b60616-8831-445e-96a0-6599c4b1840d@group-94AF2783EC55: change Leader from 81107746-fc7b-4f7d-bb48-19eaec9a3429 to null at term 2 for updateCurrentTerm
2019-10-02 06:01:53,355 [grpc-default-executor-3] INFO  impl.RaftServerImpl (RaftServerImpl.java:setRole(170)) - 27b60616-8831-445e-96a0-6599c4b1840d@group-94AF2783EC55: changes role from  FOLLOWER to FOLLOWER at term 2 for recognizeCandidate:e42cb2ac-a177-4fa6-8504-5499b822a004
2019-10-02 06:01:53,355 [grpc-default-executor-3] INFO  impl.RoleInfo (RoleInfo.java:shutdownFollowerState(121)) - 27b60616-8831-445e-96a0-6599c4b1840d: shutdown FollowerState
2019-10-02 06:01:53,355 [grpc-default-executor-3] INFO  impl.RoleInfo (RoleInfo.java:updateAndGet(143)) - 27b60616-8831-445e-96a0-6599c4b1840d: start FollowerState
2019-10-02 06:01:53,355 [Thread-2666] INFO  impl.FollowerState (FollowerState.java:run(117)) - 27b60616-8831-445e-96a0-6599c4b1840d@group-94AF2783EC55-FollowerState was interrupted: java.lang.InterruptedException: sleep interrupted
2019-10-02 06:01:53,903 [org.apache.ratis.server.impl.LogAppender$AppenderDaemon$$Lambda$418/1557129686@153e51cd] ERROR ratis.XceiverServerRatis (XceiverServerRatis.java:triggerPipelineClose(581)) - pipeline Action CLOSE  on pipeline PipelineID=685c3351-04e3-4386-8a9a-2113bbd44459.Reason : 7c17948c-1cd0-4417-ab99-6c36b2a081be has not seen follower/s dad25ee9-8ea5-4f1c-9f33-3809fe7bf507 for 130104ms 02183d65-95ec-4dfc-9f0a-d3560127e420 for 125097ms
2019-10-02 06:01:53,903 [grpc-default-executor-4] WARN  server.GrpcLogAppender (LogUtils.java:warn(134)) - 7c17948c-1cd0-4417-ab99-6c36b2a081be@group-2113BBD44459->02183d65-95ec-4dfc-9f0a-d3560127e420-AppendLogResponseHandler: Failed appendEntries: org.apache.ratis.thirdparty.io.grpc.StatusRuntimeException: UNAVAILABLE: io exception
2019-10-02 06:01:53,904 [grpc-default-executor-4] INFO  impl.FollowerInfo (FollowerInfo.java:lambda$new$0(51)) - 7c17948c-1cd0-4417-ab99-6c36b2a081be@group-2113BBD44459->02183d65-95ec-4dfc-9f0a-d3560127e420: nextIndex: updateUnconditionally 0 -> 0
2019-10-02 06:01:53,942 [org.apache.ratis.server.impl.LogAppender$AppenderDaemon$$Lambda$418/1557129686@5e71a79d] ERROR ratis.XceiverServerRatis (XceiverServerRatis.java:triggerPipelineClose(581)) - pipeline Action CLOSE  on pipeline PipelineID=685c3351-04e3-4386-8a9a-2113bbd44459.Reason : 7c17948c-1cd0-4417-ab99-6c36b2a081be has not seen follower/s dad25ee9-8ea5-4f1c-9f33-3809fe7bf507 for 130143ms 02183d65-95ec-4dfc-9f0a-d3560127e420 for 125136ms
2019-10-02 06:01:53,942 [grpc-default-executor-0] WARN  server.GrpcLogAppender (LogUtils.java:warn(134)) - 7c17948c-1cd0-4417-ab99-6c36b2a081be@group-2113BBD44459->dad25ee9-8ea5-4f1c-9f33-3809fe7bf507-AppendLogResponseHandler: Failed appendEntries: org.apache.ratis.thirdparty.io.grpc.StatusRuntimeException: UNAVAILABLE: io exception
2019-10-02 06:01:53,943 [grpc-default-executor-0] INFO  impl.FollowerInfo (FollowerInfo.java:lambda$new$0(51)) - 7c17948c-1cd0-4417-ab99-6c36b2a081be@group-2113BBD44459->dad25ee9-8ea5-4f1c-9f33-3809fe7bf507: nextIndex: updateUnconditionally 0 -> 0
]]></system-out>
  </testcase>
</testsuite>