<?xml version="1.0" encoding="UTF-8"?>
<testsuite xmlns:xsi="http://www.w3.org/2001/XMLSchema-instance" xsi:noNamespaceSchemaLocation="https://maven.apache.org/surefire/maven-surefire-plugin/xsd/surefire-test-report.xsd" name="org.apache.hadoop.ozone.client.rpc.TestWatchForCommit" time="229.502" tests="5" errors="1" skipped="0" failures="1">
  <properties>
    <property name="awt.toolkit" value="sun.awt.X11.XToolkit"/>
    <property name="file.encoding.pkg" value="sun.io"/>
    <property name="java.specification.version" value="1.8"/>
    <property name="sun.cpu.isalist" value=""/>
    <property name="sun.jnu.encoding" value="UTF-8"/>
    <property name="java.class.path" value="/workdir/hadoop-ozone/integration-test/target/test-classes:/workdir/hadoop-ozone/integration-test/target/classes:/home/user/.m2/repository/org/apache/hadoop/hadoop-ozone-common/0.5.0-SNAPSHOT/hadoop-ozone-common-0.5.0-SNAPSHOT.jar:/home/user/.m2/repository/org/apache/commons/commons-compress/1.4.1/commons-compress-1.4.1.jar:/home/user/.m2/repository/org/tukaani/xz/1.0/xz-1.0.jar:/home/user/.m2/repository/org/apache/hadoop/hadoop-common/3.2.0/hadoop-common-3.2.0.jar:/home/user/.m2/repository/org/apache/hadoop/hadoop-hdfs/3.2.0/hadoop-hdfs-3.2.0.jar:/home/user/.m2/repository/org/apache/hadoop/hadoop-hdfs-client/3.2.0/hadoop-hdfs-client-3.2.0.jar:/home/user/.m2/repository/com/fasterxml/jackson/core/jackson-annotations/2.9.9/jackson-annotations-2.9.9.jar:/home/user/.m2/repository/org/apache/hadoop/hadoop-hdds-common/0.5.0-SNAPSHOT/hadoop-hdds-common-0.5.0-SNAPSHOT.jar:/home/user/.m2/repository/javax/annotation/javax.annotation-api/1.2/javax.annotation-api-1.2.jar:/home/user/.m2/repository/org/apache/ratis/ratis-server/0.5.0-201fc85-SNAPSHOT/ratis-server-0.5.0-201fc85-SNAPSHOT.jar:/home/user/.m2/repository/org/apache/ratis/ratis-thirdparty-misc/0.2.0/ratis-thirdparty-misc-0.2.0.jar:/home/user/.m2/repository/org/apache/ratis/ratis-proto/0.5.0-201fc85-SNAPSHOT/ratis-proto-0.5.0-201fc85-SNAPSHOT.jar:/home/user/.m2/repository/org/apache/ratis/ratis-common/0.5.0-201fc85-SNAPSHOT/ratis-common-0.5.0-201fc85-SNAPSHOT.jar:/home/user/.m2/repository/org/apache/ratis/ratis-client/0.5.0-201fc85-SNAPSHOT/ratis-client-0.5.0-201fc85-SNAPSHOT.jar:/home/user/.m2/repository/org/apache/ratis/ratis-metrics/0.5.0-201fc85-SNAPSHOT/ratis-metrics-0.5.0-201fc85-SNAPSHOT.jar:/home/user/.m2/repository/com/github/joshelser/dropwizard-metrics-hadoop-metrics2-reporter/0.1.2/dropwizard-metrics-hadoop-metrics2-reporter-0.1.2.jar:/home/user/.m2/repository/io/dropwizard/metrics/metrics-jvm/3.2.5/metrics-jvm-3.2.5.jar:/home/user/.m2/repository/io/dropwizard/metrics/metrics-ganglia/3.2.5/metrics-ganglia-3.2.5.jar:/home/user/.m2/repository/info/ganglia/gmetric4j/gmetric4j/1.0.7/gmetric4j-1.0.7.jar:/home/user/.m2/repository/org/apache/ratis/ratis-netty/0.5.0-201fc85-SNAPSHOT/ratis-netty-0.5.0-201fc85-SNAPSHOT.jar:/home/user/.m2/repository/org/apache/ratis/ratis-grpc/0.5.0-201fc85-SNAPSHOT/ratis-grpc-0.5.0-201fc85-SNAPSHOT.jar:/home/user/.m2/repository/org/rocksdb/rocksdbjni/6.0.1/rocksdbjni-6.0.1.jar:/home/user/.m2/repository/org/apache/logging/log4j/log4j-api/2.11.0/log4j-api-2.11.0.jar:/home/user/.m2/repository/org/apache/logging/log4j/log4j-core/2.11.0/log4j-core-2.11.0.jar:/home/user/.m2/repository/com/lmax/disruptor/3.4.2/disruptor-3.4.2.jar:/home/user/.m2/repository/org/apache/commons/commons-pool2/2.6.0/commons-pool2-2.6.0.jar:/home/user/.m2/repository/org/bouncycastle/bcpkix-jdk15on/1.60/bcpkix-jdk15on-1.60.jar:/home/user/.m2/repository/commons-validator/commons-validator/1.6/commons-validator-1.6.jar:/home/user/.m2/repository/commons-digester/commons-digester/1.8.1/commons-digester-1.8.1.jar:/home/user/.m2/repository/io/jaegertracing/jaeger-client/0.34.0/jaeger-client-0.34.0.jar:/home/user/.m2/repository/io/jaegertracing/jaeger-thrift/0.34.0/jaeger-thrift-0.34.0.jar:/home/user/.m2/repository/org/apache/thrift/libthrift/0.12.0/libthrift-0.12.0.jar:/home/user/.m2/repository/com/squareup/okhttp3/okhttp/3.9.0/okhttp-3.9.0.jar:/home/user/.m2/repository/com/squareup/okio/okio/1.13.0/okio-1.13.0.jar:/home/user/.m2/repository/io/jaegertracing/jaeger-core/0.34.0/jaeger-core-0.34.0.jar:/home/user/.m2/repository/io/jaegertracing/jaeger-tracerresolver/0.34.0/jaeger-tracerresolver-0.34.0.jar:/home/user/.m2/repository/io/opentracing/contrib/opentracing-tracerresolver/0.1.5/opentracing-tracerresolver-0.1.5.jar:/home/user/.m2/repository/io/opentracing/opentracing-util/0.31.0/opentracing-util-0.31.0.jar:/home/user/.m2/repository/io/opentracing/opentracing-api/0.31.0/opentracing-api-0.31.0.jar:/home/user/.m2/repository/io/opentracing/opentracing-noop/0.31.0/opentracing-noop-0.31.0.jar:/home/user/.m2/repository/org/apache/hadoop/hadoop-hdds-server-framework/0.5.0-SNAPSHOT/hadoop-hdds-server-framework-0.5.0-SNAPSHOT.jar:/home/user/.m2/repository/org/apache/hadoop/hadoop-hdds-container-service/0.5.0-SNAPSHOT/hadoop-hdds-container-service-0.5.0-SNAPSHOT.jar:/home/user/.m2/repository/org/apache/hadoop/hadoop-hdds-client/0.5.0-SNAPSHOT/hadoop-hdds-client-0.5.0-SNAPSHOT.jar:/home/user/.m2/repository/org/apache/hadoop/hadoop-hdds-tools/0.5.0-SNAPSHOT/hadoop-hdds-tools-0.5.0-SNAPSHOT.jar:/home/user/.m2/repository/org/apache/hadoop/hadoop-hdds-server-scm/0.5.0-SNAPSHOT/hadoop-hdds-server-scm-0.5.0-SNAPSHOT.jar:/home/user/.m2/repository/org/apache/hadoop/hadoop-hdds-docs/0.5.0-SNAPSHOT/hadoop-hdds-docs-0.5.0-SNAPSHOT.jar:/home/user/.m2/repository/io/dropwizard/metrics/metrics-core/3.2.4/metrics-core-3.2.4.jar:/home/user/.m2/repository/org/hamcrest/hamcrest-all/1.3/hamcrest-all-1.3.jar:/home/user/.m2/repository/org/bouncycastle/bcprov-jdk15on/1.60/bcprov-jdk15on-1.60.jar:/home/user/.m2/repository/info/picocli/picocli/3.9.6/picocli-3.9.6.jar:/home/user/.m2/repository/com/google/protobuf/protobuf-java/2.5.0/protobuf-java-2.5.0.jar:/home/user/.m2/repository/com/google/guava/guava/11.0.2/guava-11.0.2.jar:/home/user/.m2/repository/org/apache/hadoop/hadoop-ozone-ozone-manager/0.5.0-SNAPSHOT/hadoop-ozone-ozone-manager-0.5.0-SNAPSHOT.jar:/home/user/.m2/repository/org/apache/hadoop/hadoop-minikdc/3.2.0/hadoop-minikdc-3.2.0.jar:/home/user/.m2/repository/commons-io/commons-io/2.5/commons-io-2.5.jar:/home/user/.m2/repository/org/apache/kerby/kerb-simplekdc/1.0.1/kerb-simplekdc-1.0.1.jar:/home/user/.m2/repository/org/apache/kerby/kerb-client/1.0.1/kerb-client-1.0.1.jar:/home/user/.m2/repository/org/apache/kerby/kerby-config/1.0.1/kerby-config-1.0.1.jar:/home/user/.m2/repository/org/apache/kerby/kerb-core/1.0.1/kerb-core-1.0.1.jar:/home/user/.m2/repository/org/apache/kerby/kerby-pkix/1.0.1/kerby-pkix-1.0.1.jar:/home/user/.m2/repository/org/apache/kerby/kerby-asn1/1.0.1/kerby-asn1-1.0.1.jar:/home/user/.m2/repository/org/apache/kerby/kerby-util/1.0.1/kerby-util-1.0.1.jar:/home/user/.m2/repository/org/apache/kerby/kerb-common/1.0.1/kerb-common-1.0.1.jar:/home/user/.m2/repository/org/apache/kerby/kerb-crypto/1.0.1/kerb-crypto-1.0.1.jar:/home/user/.m2/repository/org/apache/kerby/kerb-util/1.0.1/kerb-util-1.0.1.jar:/home/user/.m2/repository/org/apache/kerby/token-provider/1.0.1/token-provider-1.0.1.jar:/home/user/.m2/repository/org/apache/kerby/kerb-admin/1.0.1/kerb-admin-1.0.1.jar:/home/user/.m2/repository/org/apache/kerby/kerb-server/1.0.1/kerb-server-1.0.1.jar:/home/user/.m2/repository/org/apache/kerby/kerb-identity/1.0.1/kerb-identity-1.0.1.jar:/home/user/.m2/repository/org/apache/kerby/kerby-xdr/1.0.1/kerby-xdr-1.0.1.jar:/home/user/.m2/repository/org/slf4j/slf4j-log4j12/1.7.25/slf4j-log4j12-1.7.25.jar:/home/user/.m2/repository/org/apache/hadoop/hadoop-ozone-s3gateway/0.5.0-SNAPSHOT/hadoop-ozone-s3gateway-0.5.0-SNAPSHOT.jar:/home/user/.m2/repository/org/jboss/weld/servlet/weld-servlet/2.4.7.Final/weld-servlet-2.4.7.Final.jar:/home/user/.m2/repository/org/glassfish/jersey/containers/jersey-container-servlet-core/2.27/jersey-container-servlet-core-2.27.jar:/home/user/.m2/repository/org/glassfish/hk2/external/javax.inject/2.5.0-b42/javax.inject-2.5.0-b42.jar:/home/user/.m2/repository/org/glassfish/jersey/core/jersey-common/2.27/jersey-common-2.27.jar:/home/user/.m2/repository/org/glassfish/hk2/osgi-resource-locator/1.0.1/osgi-resource-locator-1.0.1.jar:/home/user/.m2/repository/javax/ws/rs/javax.ws.rs-api/2.1/javax.ws.rs-api-2.1.jar:/home/user/.m2/repository/org/glassfish/jersey/ext/cdi/jersey-cdi1x/2.27/jersey-cdi1x-2.27.jar:/home/user/.m2/repository/org/glassfish/jersey/inject/jersey-hk2/2.27/jersey-hk2-2.27.jar:/home/user/.m2/repository/org/glassfish/hk2/hk2-locator/2.5.0-b42/hk2-locator-2.5.0-b42.jar:/home/user/.m2/repository/org/javassist/javassist/3.22.0-CR2/javassist-3.22.0-CR2.jar:/home/user/.m2/repository/org/glassfish/hk2/hk2-api/2.5.0/hk2-api-2.5.0.jar:/home/user/.m2/repository/org/glassfish/hk2/external/jakarta.inject/2.5.0/jakarta.inject-2.5.0.jar:/home/user/.m2/repository/org/glassfish/hk2/hk2-utils/2.5.0/hk2-utils-2.5.0.jar:/home/user/.m2/repository/jakarta/annotation/jakarta.annotation-api/1.3.4/jakarta.annotation-api-1.3.4.jar:/home/user/.m2/repository/org/glassfish/hk2/external/aopalliance-repackaged/2.5.0/aopalliance-repackaged-2.5.0.jar:/home/user/.m2/repository/com/fasterxml/jackson/dataformat/jackson-dataformat-xml/2.9.0/jackson-dataformat-xml-2.9.0.jar:/home/user/.m2/repository/com/fasterxml/jackson/core/jackson-core/2.9.9/jackson-core-2.9.9.jar:/home/user/.m2/repository/com/fasterxml/jackson/module/jackson-module-jaxb-annotations/2.9.9/jackson-module-jaxb-annotations-2.9.9.jar:/home/user/.m2/repository/javax/enterprise/cdi-api/1.2/cdi-api-1.2.jar:/home/user/.m2/repository/javax/el/javax.el-api/3.0.0/javax.el-api-3.0.0.jar:/home/user/.m2/repository/javax/interceptor/javax.interceptor-api/1.2/javax.interceptor-api-1.2.jar:/home/user/.m2/repository/javax/inject/javax.inject/1/javax.inject-1.jar:/home/user/.m2/repository/com/sun/xml/bind/jaxb-impl/2.3.0.1/jaxb-impl-2.3.0.1.jar:/home/user/.m2/repository/com/sun/xml/bind/jaxb-core/2.3.0.1/jaxb-core-2.3.0.1.jar:/home/user/.m2/repository/javax/xml/bind/jaxb-api/2.3.0/jaxb-api-2.3.0.jar:/home/user/.m2/repository/javax/activation/activation/1.1.1/activation-1.1.1.jar:/home/user/.m2/repository/org/apache/hadoop/hadoop-ozone-csi/0.5.0-SNAPSHOT/hadoop-ozone-csi-0.5.0-SNAPSHOT.jar:/home/user/.m2/repository/com/google/protobuf/protobuf-java-util/3.5.1/protobuf-java-util-3.5.1.jar:/home/user/.m2/repository/org/apache/hadoop/hadoop-hdds-config/0.5.0-SNAPSHOT/hadoop-hdds-config-0.5.0-SNAPSHOT.jar:/home/user/.m2/repository/io/grpc/grpc-netty/1.17.1/grpc-netty-1.17.1.jar:/home/user/.m2/repository/io/grpc/grpc-core/1.17.1/grpc-core-1.17.1.jar:/home/user/.m2/repository/io/grpc/grpc-context/1.17.1/grpc-context-1.17.1.jar:/home/user/.m2/repository/com/google/errorprone/error_prone_annotations/2.2.0/error_prone_annotations-2.2.0.jar:/home/user/.m2/repository/org/codehaus/mojo/animal-sniffer-annotations/1.17/animal-sniffer-annotations-1.17.jar:/home/user/.m2/repository/io/opencensus/opencensus-api/0.17.0/opencensus-api-0.17.0.jar:/home/user/.m2/repository/io/opencensus/opencensus-contrib-grpc-metrics/0.17.0/opencensus-contrib-grpc-metrics-0.17.0.jar:/home/user/.m2/repository/io/netty/netty-codec-http2/4.1.30.Final/netty-codec-http2-4.1.30.Final.jar:/home/user/.m2/repository/io/netty/netty-codec-http/4.1.30.Final/netty-codec-http-4.1.30.Final.jar:/home/user/.m2/repository/io/netty/netty-codec/4.1.30.Final/netty-codec-4.1.30.Final.jar:/home/user/.m2/repository/io/netty/netty-handler/4.1.30.Final/netty-handler-4.1.30.Final.jar:/home/user/.m2/repository/io/netty/netty-handler-proxy/4.1.30.Final/netty-handler-proxy-4.1.30.Final.jar:/home/user/.m2/repository/io/netty/netty-codec-socks/4.1.30.Final/netty-codec-socks-4.1.30.Final.jar:/home/user/.m2/repository/io/netty/netty-transport-native-epoll/4.1.30.Final/netty-transport-native-epoll-4.1.30.Final.jar:/home/user/.m2/repository/io/netty/netty-common/4.1.30.Final/netty-common-4.1.30.Final.jar:/home/user/.m2/repository/io/netty/netty-buffer/4.1.30.Final/netty-buffer-4.1.30.Final.jar:/home/user/.m2/repository/io/netty/netty-transport/4.1.30.Final/netty-transport-4.1.30.Final.jar:/home/user/.m2/repository/io/netty/netty-resolver/4.1.30.Final/netty-resolver-4.1.30.Final.jar:/home/user/.m2/repository/io/netty/netty-transport-native-unix-common/4.1.30.Final/netty-transport-native-unix-common-4.1.30.Final.jar:/home/user/.m2/repository/io/grpc/grpc-protobuf/1.17.1/grpc-protobuf-1.17.1.jar:/home/user/.m2/repository/com/google/api/grpc/proto-google-common-protos/1.0.0/proto-google-common-protos-1.0.0.jar:/home/user/.m2/repository/io/grpc/grpc-protobuf-lite/1.17.1/grpc-protobuf-lite-1.17.1.jar:/home/user/.m2/repository/io/grpc/grpc-stub/1.17.1/grpc-stub-1.17.1.jar:/home/user/.m2/repository/org/apache/hadoop/hadoop-ozone-recon/0.5.0-SNAPSHOT/hadoop-ozone-recon-0.5.0-SNAPSHOT.jar:/home/user/.m2/repository/org/apache/hadoop/hadoop-ozone-reconcodegen/0.5.0-SNAPSHOT/hadoop-ozone-reconcodegen-0.5.0-SNAPSHOT.jar:/home/user/.m2/repository/com/google/inject/extensions/guice-multibindings/4.0/guice-multibindings-4.0.jar:/home/user/.m2/repository/com/google/inject/guice/4.0/guice-4.0.jar:/home/user/.m2/repository/aopalliance/aopalliance/1.0/aopalliance-1.0.jar:/home/user/.m2/repository/com/google/inject/extensions/guice-servlet/4.0/guice-servlet-4.0.jar:/home/user/.m2/repository/org/glassfish/jersey/containers/jersey-container-servlet/2.27/jersey-container-servlet-2.27.jar:/home/user/.m2/repository/org/glassfish/hk2/guice-bridge/2.5.0/guice-bridge-2.5.0.jar:/home/user/.m2/repository/org/glassfish/jersey/core/jersey-server/2.27/jersey-server-2.27.jar:/home/user/.m2/repository/org/glassfish/jersey/core/jersey-client/2.27/jersey-client-2.27.jar:/home/user/.m2/repository/org/glassfish/jersey/media/jersey-media-jaxb/2.27/jersey-media-jaxb-2.27.jar:/home/user/.m2/repository/javax/validation/validation-api/1.1.0.Final/validation-api-1.1.0.Final.jar:/home/user/.m2/repository/org/glassfish/jersey/media/jersey-media-json-jackson/2.27/jersey-media-json-jackson-2.27.jar:/home/user/.m2/repository/org/glassfish/jersey/ext/jersey-entity-filtering/2.27/jersey-entity-filtering-2.27.jar:/home/user/.m2/repository/com/google/inject/extensions/guice-assistedinject/4.0/guice-assistedinject-4.0.jar:/home/user/.m2/repository/org/jooq/jooq/3.11.10/jooq-3.11.10.jar:/home/user/.m2/repository/org/jooq/jooq-meta/3.11.10/jooq-meta-3.11.10.jar:/home/user/.m2/repository/org/jooq/jooq-codegen/3.11.10/jooq-codegen-3.11.10.jar:/home/user/.m2/repository/com/jolbox/bonecp/0.8.0.RELEASE/bonecp-0.8.0.RELEASE.jar:/home/user/.m2/repository/org/xerial/sqlite-jdbc/3.25.2/sqlite-jdbc-3.25.2.jar:/home/user/.m2/repository/org/springframework/spring-jdbc/5.1.3.RELEASE/spring-jdbc-5.1.3.RELEASE.jar:/home/user/.m2/repository/org/springframework/spring-beans/5.1.3.RELEASE/spring-beans-5.1.3.RELEASE.jar:/home/user/.m2/repository/org/springframework/spring-core/5.1.3.RELEASE/spring-core-5.1.3.RELEASE.jar:/home/user/.m2/repository/org/springframework/spring-jcl/5.1.3.RELEASE/spring-jcl-5.1.3.RELEASE.jar:/home/user/.m2/repository/org/springframework/spring-tx/5.1.3.RELEASE/spring-tx-5.1.3.RELEASE.jar:/home/user/.m2/repository/org/apache/hadoop/hadoop-ozone-client/0.5.0-SNAPSHOT/hadoop-ozone-client-0.5.0-SNAPSHOT.jar:/home/user/.m2/repository/commons-lang/commons-lang/2.6/commons-lang-2.6.jar:/home/user/.m2/repository/org/apache/hadoop/hadoop-ozone-ozone-manager/0.5.0-SNAPSHOT/hadoop-ozone-ozone-manager-0.5.0-SNAPSHOT-tests.jar:/home/user/.m2/repository/junit/junit/4.11/junit-4.11.jar:/home/user/.m2/repository/org/hamcrest/hamcrest-core/1.3/hamcrest-core-1.3.jar:/home/user/.m2/repository/org/openjdk/jmh/jmh-core/1.19/jmh-core-1.19.jar:/home/user/.m2/repository/net/sf/jopt-simple/jopt-simple/4.6/jopt-simple-4.6.jar:/home/user/.m2/repository/org/apache/commons/commons-math3/3.1.1/commons-math3-3.1.1.jar:/home/user/.m2/repository/org/openjdk/jmh/jmh-generator-annprocess/1.19/jmh-generator-annprocess-1.19.jar:/home/user/.m2/repository/org/mockito/mockito-all/1.8.5/mockito-all-1.8.5.jar:/home/user/.m2/repository/org/apache/hadoop/hadoop-kms/3.2.0/hadoop-kms-3.2.0.jar:/home/user/.m2/repository/org/apache/hadoop/hadoop-auth/3.2.0/hadoop-auth-3.2.0.jar:/home/user/.m2/repository/com/nimbusds/nimbus-jose-jwt/4.41.1/nimbus-jose-jwt-4.41.1.jar:/home/user/.m2/repository/com/github/stephenc/jcip/jcip-annotations/1.0-1/jcip-annotations-1.0-1.jar:/home/user/.m2/repository/net/minidev/json-smart/2.3/json-smart-2.3.jar:/home/user/.m2/repository/net/minidev/accessors-smart/1.2/accessors-smart-1.2.jar:/home/user/.m2/repository/org/ow2/asm/asm/5.0.4/asm-5.0.4.jar:/home/user/.m2/repository/org/apache/curator/curator-framework/2.12.0/curator-framework-2.12.0.jar:/home/user/.m2/repository/com/sun/jersey/jersey-core/1.19/jersey-core-1.19.jar:/home/user/.m2/repository/javax/ws/rs/jsr311-api/1.1.1/jsr311-api-1.1.1.jar:/home/user/.m2/repository/com/sun/jersey/jersey-server/1.19/jersey-server-1.19.jar:/home/user/.m2/repository/javax/servlet/javax.servlet-api/3.1.0/javax.servlet-api-3.1.0.jar:/home/user/.m2/repository/org/eclipse/jetty/jetty-server/9.3.25.v20180904/jetty-server-9.3.25.v20180904.jar:/home/user/.m2/repository/org/eclipse/jetty/jetty-http/9.3.25.v20180904/jetty-http-9.3.25.v20180904.jar:/home/user/.m2/repository/org/eclipse/jetty/jetty-io/9.3.25.v20180904/jetty-io-9.3.25.v20180904.jar:/home/user/.m2/repository/org/eclipse/jetty/jetty-webapp/9.3.25.v20180904/jetty-webapp-9.3.25.v20180904.jar:/home/user/.m2/repository/org/eclipse/jetty/jetty-xml/9.3.25.v20180904/jetty-xml-9.3.25.v20180904.jar:/home/user/.m2/repository/log4j/log4j/1.2.17/log4j-1.2.17.jar:/home/user/.m2/repository/org/slf4j/slf4j-api/1.7.25/slf4j-api-1.7.25.jar:/home/user/.m2/repository/org/slf4j/jul-to-slf4j/1.7.25/jul-to-slf4j-1.7.25.jar:/home/user/.m2/repository/org/eclipse/jetty/jetty-util/9.3.25.v20180904/jetty-util-9.3.25.v20180904.jar:/home/user/.m2/repository/com/fasterxml/jackson/core/jackson-databind/2.9.9/jackson-databind-2.9.9.jar:/home/user/.m2/repository/org/apache/hadoop/hadoop-kms/3.2.0/hadoop-kms-3.2.0-tests.jar:/home/user/.m2/repository/org/apache/hadoop/hadoop-hdds-server-scm/0.5.0-SNAPSHOT/hadoop-hdds-server-scm-0.5.0-SNAPSHOT-tests.jar:/home/user/.m2/repository/org/apache/hadoop/hadoop-hdds-container-service/0.5.0-SNAPSHOT/hadoop-hdds-container-service-0.5.0-SNAPSHOT-tests.jar:/home/user/.m2/repository/org/yaml/snakeyaml/1.16/snakeyaml-1.16.jar:/home/user/.m2/repository/org/apache/hadoop/hadoop-common/3.2.0/hadoop-common-3.2.0-tests.jar:/home/user/.m2/repository/org/apache/hadoop/hadoop-annotations/3.2.0/hadoop-annotations-3.2.0.jar:/usr/lib/jvm/java-1.8-openjdk/jre/../lib/tools.jar:/home/user/.m2/repository/commons-cli/commons-cli/1.2/commons-cli-1.2.jar:/home/user/.m2/repository/org/apache/httpcomponents/httpclient/4.5.2/httpclient-4.5.2.jar:/home/user/.m2/repository/org/apache/httpcomponents/httpcore/4.4.4/httpcore-4.4.4.jar:/home/user/.m2/repository/commons-codec/commons-codec/1.11/commons-codec-1.11.jar:/home/user/.m2/repository/commons-net/commons-net/3.6/commons-net-3.6.jar:/home/user/.m2/repository/commons-collections/commons-collections/3.2.2/commons-collections-3.2.2.jar:/home/user/.m2/repository/org/eclipse/jetty/jetty-servlet/9.3.25.v20180904/jetty-servlet-9.3.25.v20180904.jar:/home/user/.m2/repository/org/eclipse/jetty/jetty-security/9.3.25.v20180904/jetty-security-9.3.25.v20180904.jar:/home/user/.m2/repository/javax/servlet/jsp/jsp-api/2.1/jsp-api-2.1.jar:/home/user/.m2/repository/com/sun/jersey/jersey-servlet/1.19/jersey-servlet-1.19.jar:/home/user/.m2/repository/com/sun/jersey/jersey-json/1.19/jersey-json-1.19.jar:/home/user/.m2/repository/org/codehaus/jettison/jettison/1.1/jettison-1.1.jar:/home/user/.m2/repository/org/codehaus/jackson/jackson-core-asl/1.9.13/jackson-core-asl-1.9.13.jar:/home/user/.m2/repository/org/codehaus/jackson/jackson-mapper-asl/1.9.13/jackson-mapper-asl-1.9.13.jar:/home/user/.m2/repository/org/codehaus/jackson/jackson-jaxrs/1.9.13/jackson-jaxrs-1.9.13.jar:/home/user/.m2/repository/org/codehaus/jackson/jackson-xc/1.9.13/jackson-xc-1.9.13.jar:/home/user/.m2/repository/commons-logging/commons-logging/1.1.3/commons-logging-1.1.3.jar:/home/user/.m2/repository/commons-beanutils/commons-beanutils/1.9.4/commons-beanutils-1.9.4.jar:/home/user/.m2/repository/org/apache/commons/commons-configuration2/2.1.1/commons-configuration2-2.1.1.jar:/home/user/.m2/repository/org/apache/commons/commons-lang3/3.7/commons-lang3-3.7.jar:/home/user/.m2/repository/org/apache/commons/commons-text/1.4/commons-text-1.4.jar:/home/user/.m2/repository/org/apache/avro/avro/1.7.7/avro-1.7.7.jar:/home/user/.m2/repository/com/thoughtworks/paranamer/paranamer/2.3/paranamer-2.3.jar:/home/user/.m2/repository/org/xerial/snappy/snappy-java/1.0.5/snappy-java-1.0.5.jar:/home/user/.m2/repository/com/google/re2j/re2j/1.1/re2j-1.1.jar:/home/user/.m2/repository/com/google/code/gson/gson/2.2.4/gson-2.2.4.jar:/home/user/.m2/repository/com/jcraft/jsch/0.1.54/jsch-0.1.54.jar:/home/user/.m2/repository/org/apache/curator/curator-client/2.12.0/curator-client-2.12.0.jar:/home/user/.m2/repository/org/apache/curator/curator-recipes/2.12.0/curator-recipes-2.12.0.jar:/home/user/.m2/repository/com/google/code/findbugs/jsr305/3.0.0/jsr305-3.0.0.jar:/home/user/.m2/repository/org/apache/htrace/htrace-core4/4.1.0-incubating/htrace-core4-4.1.0-incubating.jar:/home/user/.m2/repository/org/apache/zookeeper/zookeeper/3.4.13/zookeeper-3.4.13.jar:/home/user/.m2/repository/jline/jline/0.9.94/jline-0.9.94.jar:/home/user/.m2/repository/org/apache/yetus/audience-annotations/0.5.0/audience-annotations-0.5.0.jar:/home/user/.m2/repository/org/codehaus/woodstox/stax2-api/3.1.4/stax2-api-3.1.4.jar:/home/user/.m2/repository/com/fasterxml/woodstox/woodstox-core/5.0.3/woodstox-core-5.0.3.jar:/home/user/.m2/repository/dnsjava/dnsjava/2.1.7/dnsjava-2.1.7.jar:/home/user/.m2/repository/org/apache/hadoop/hadoop-hdfs/3.2.0/hadoop-hdfs-3.2.0-tests.jar:/home/user/.m2/repository/org/eclipse/jetty/jetty-util-ajax/9.3.25.v20180904/jetty-util-ajax-9.3.25.v20180904.jar:/home/user/.m2/repository/commons-daemon/commons-daemon/1.0.13/commons-daemon-1.0.13.jar:/home/user/.m2/repository/io/netty/netty/3.10.5.Final/netty-3.10.5.Final.jar:/home/user/.m2/repository/io/netty/netty-all/4.0.52.Final/netty-all-4.0.52.Final.jar:/home/user/.m2/repository/org/fusesource/leveldbjni/leveldbjni-all/1.8/leveldbjni-all-1.8.jar:"/>
    <property name="java.vm.vendor" value="IcedTea"/>
    <property name="sun.arch.data.model" value="64"/>
    <property name="test.build.dir" value="/workdir/hadoop-ozone/integration-test/target/test-dir"/>
    <property name="test.cache.data" value=""/>
    <property name="java.vendor.url" value="https://icedtea.classpath.org"/>
    <property name="user.timezone" value=""/>
    <property name="java.vm.specification.version" value="1.8"/>
    <property name="os.name" value="Linux"/>
    <property name="test.build.data" value="/workdir/hadoop-ozone/integration-test/target/test-dir"/>
    <property name="user.country" value="US"/>
    <property name="sun.java.launcher" value="SUN_STANDARD"/>
    <property name="sun.boot.library.path" value="/usr/lib/jvm/java-1.8-openjdk/jre/lib/amd64"/>
    <property name="sun.java.command" value="/workdir/hadoop-ozone/integration-test/target/surefire/surefirebooter8265324489597209107.jar /workdir/hadoop-ozone/integration-test/target/surefire 2019-09-30T20-11-01_649-jvmRun1 surefire1159967821184416915tmp surefire_615906998238292978002tmp"/>
    <property name="test" value="!TestMiniChaosOzoneCluster"/>
    <property name="surefire.test.class.path" value="/workdir/hadoop-ozone/integration-test/target/test-classes:/workdir/hadoop-ozone/integration-test/target/classes:/home/user/.m2/repository/org/apache/hadoop/hadoop-ozone-common/0.5.0-SNAPSHOT/hadoop-ozone-common-0.5.0-SNAPSHOT.jar:/home/user/.m2/repository/org/apache/commons/commons-compress/1.4.1/commons-compress-1.4.1.jar:/home/user/.m2/repository/org/tukaani/xz/1.0/xz-1.0.jar:/home/user/.m2/repository/org/apache/hadoop/hadoop-common/3.2.0/hadoop-common-3.2.0.jar:/home/user/.m2/repository/org/apache/hadoop/hadoop-hdfs/3.2.0/hadoop-hdfs-3.2.0.jar:/home/user/.m2/repository/org/apache/hadoop/hadoop-hdfs-client/3.2.0/hadoop-hdfs-client-3.2.0.jar:/home/user/.m2/repository/com/fasterxml/jackson/core/jackson-annotations/2.9.9/jackson-annotations-2.9.9.jar:/home/user/.m2/repository/org/apache/hadoop/hadoop-hdds-common/0.5.0-SNAPSHOT/hadoop-hdds-common-0.5.0-SNAPSHOT.jar:/home/user/.m2/repository/javax/annotation/javax.annotation-api/1.2/javax.annotation-api-1.2.jar:/home/user/.m2/repository/org/apache/ratis/ratis-server/0.5.0-201fc85-SNAPSHOT/ratis-server-0.5.0-201fc85-SNAPSHOT.jar:/home/user/.m2/repository/org/apache/ratis/ratis-thirdparty-misc/0.2.0/ratis-thirdparty-misc-0.2.0.jar:/home/user/.m2/repository/org/apache/ratis/ratis-proto/0.5.0-201fc85-SNAPSHOT/ratis-proto-0.5.0-201fc85-SNAPSHOT.jar:/home/user/.m2/repository/org/apache/ratis/ratis-common/0.5.0-201fc85-SNAPSHOT/ratis-common-0.5.0-201fc85-SNAPSHOT.jar:/home/user/.m2/repository/org/apache/ratis/ratis-client/0.5.0-201fc85-SNAPSHOT/ratis-client-0.5.0-201fc85-SNAPSHOT.jar:/home/user/.m2/repository/org/apache/ratis/ratis-metrics/0.5.0-201fc85-SNAPSHOT/ratis-metrics-0.5.0-201fc85-SNAPSHOT.jar:/home/user/.m2/repository/com/github/joshelser/dropwizard-metrics-hadoop-metrics2-reporter/0.1.2/dropwizard-metrics-hadoop-metrics2-reporter-0.1.2.jar:/home/user/.m2/repository/io/dropwizard/metrics/metrics-jvm/3.2.5/metrics-jvm-3.2.5.jar:/home/user/.m2/repository/io/dropwizard/metrics/metrics-ganglia/3.2.5/metrics-ganglia-3.2.5.jar:/home/user/.m2/repository/info/ganglia/gmetric4j/gmetric4j/1.0.7/gmetric4j-1.0.7.jar:/home/user/.m2/repository/org/apache/ratis/ratis-netty/0.5.0-201fc85-SNAPSHOT/ratis-netty-0.5.0-201fc85-SNAPSHOT.jar:/home/user/.m2/repository/org/apache/ratis/ratis-grpc/0.5.0-201fc85-SNAPSHOT/ratis-grpc-0.5.0-201fc85-SNAPSHOT.jar:/home/user/.m2/repository/org/rocksdb/rocksdbjni/6.0.1/rocksdbjni-6.0.1.jar:/home/user/.m2/repository/org/apache/logging/log4j/log4j-api/2.11.0/log4j-api-2.11.0.jar:/home/user/.m2/repository/org/apache/logging/log4j/log4j-core/2.11.0/log4j-core-2.11.0.jar:/home/user/.m2/repository/com/lmax/disruptor/3.4.2/disruptor-3.4.2.jar:/home/user/.m2/repository/org/apache/commons/commons-pool2/2.6.0/commons-pool2-2.6.0.jar:/home/user/.m2/repository/org/bouncycastle/bcpkix-jdk15on/1.60/bcpkix-jdk15on-1.60.jar:/home/user/.m2/repository/commons-validator/commons-validator/1.6/commons-validator-1.6.jar:/home/user/.m2/repository/commons-digester/commons-digester/1.8.1/commons-digester-1.8.1.jar:/home/user/.m2/repository/io/jaegertracing/jaeger-client/0.34.0/jaeger-client-0.34.0.jar:/home/user/.m2/repository/io/jaegertracing/jaeger-thrift/0.34.0/jaeger-thrift-0.34.0.jar:/home/user/.m2/repository/org/apache/thrift/libthrift/0.12.0/libthrift-0.12.0.jar:/home/user/.m2/repository/com/squareup/okhttp3/okhttp/3.9.0/okhttp-3.9.0.jar:/home/user/.m2/repository/com/squareup/okio/okio/1.13.0/okio-1.13.0.jar:/home/user/.m2/repository/io/jaegertracing/jaeger-core/0.34.0/jaeger-core-0.34.0.jar:/home/user/.m2/repository/io/jaegertracing/jaeger-tracerresolver/0.34.0/jaeger-tracerresolver-0.34.0.jar:/home/user/.m2/repository/io/opentracing/contrib/opentracing-tracerresolver/0.1.5/opentracing-tracerresolver-0.1.5.jar:/home/user/.m2/repository/io/opentracing/opentracing-util/0.31.0/opentracing-util-0.31.0.jar:/home/user/.m2/repository/io/opentracing/opentracing-api/0.31.0/opentracing-api-0.31.0.jar:/home/user/.m2/repository/io/opentracing/opentracing-noop/0.31.0/opentracing-noop-0.31.0.jar:/home/user/.m2/repository/org/apache/hadoop/hadoop-hdds-server-framework/0.5.0-SNAPSHOT/hadoop-hdds-server-framework-0.5.0-SNAPSHOT.jar:/home/user/.m2/repository/org/apache/hadoop/hadoop-hdds-container-service/0.5.0-SNAPSHOT/hadoop-hdds-container-service-0.5.0-SNAPSHOT.jar:/home/user/.m2/repository/org/apache/hadoop/hadoop-hdds-client/0.5.0-SNAPSHOT/hadoop-hdds-client-0.5.0-SNAPSHOT.jar:/home/user/.m2/repository/org/apache/hadoop/hadoop-hdds-tools/0.5.0-SNAPSHOT/hadoop-hdds-tools-0.5.0-SNAPSHOT.jar:/home/user/.m2/repository/org/apache/hadoop/hadoop-hdds-server-scm/0.5.0-SNAPSHOT/hadoop-hdds-server-scm-0.5.0-SNAPSHOT.jar:/home/user/.m2/repository/org/apache/hadoop/hadoop-hdds-docs/0.5.0-SNAPSHOT/hadoop-hdds-docs-0.5.0-SNAPSHOT.jar:/home/user/.m2/repository/io/dropwizard/metrics/metrics-core/3.2.4/metrics-core-3.2.4.jar:/home/user/.m2/repository/org/hamcrest/hamcrest-all/1.3/hamcrest-all-1.3.jar:/home/user/.m2/repository/org/bouncycastle/bcprov-jdk15on/1.60/bcprov-jdk15on-1.60.jar:/home/user/.m2/repository/info/picocli/picocli/3.9.6/picocli-3.9.6.jar:/home/user/.m2/repository/com/google/protobuf/protobuf-java/2.5.0/protobuf-java-2.5.0.jar:/home/user/.m2/repository/com/google/guava/guava/11.0.2/guava-11.0.2.jar:/home/user/.m2/repository/org/apache/hadoop/hadoop-ozone-ozone-manager/0.5.0-SNAPSHOT/hadoop-ozone-ozone-manager-0.5.0-SNAPSHOT.jar:/home/user/.m2/repository/org/apache/hadoop/hadoop-minikdc/3.2.0/hadoop-minikdc-3.2.0.jar:/home/user/.m2/repository/commons-io/commons-io/2.5/commons-io-2.5.jar:/home/user/.m2/repository/org/apache/kerby/kerb-simplekdc/1.0.1/kerb-simplekdc-1.0.1.jar:/home/user/.m2/repository/org/apache/kerby/kerb-client/1.0.1/kerb-client-1.0.1.jar:/home/user/.m2/repository/org/apache/kerby/kerby-config/1.0.1/kerby-config-1.0.1.jar:/home/user/.m2/repository/org/apache/kerby/kerb-core/1.0.1/kerb-core-1.0.1.jar:/home/user/.m2/repository/org/apache/kerby/kerby-pkix/1.0.1/kerby-pkix-1.0.1.jar:/home/user/.m2/repository/org/apache/kerby/kerby-asn1/1.0.1/kerby-asn1-1.0.1.jar:/home/user/.m2/repository/org/apache/kerby/kerby-util/1.0.1/kerby-util-1.0.1.jar:/home/user/.m2/repository/org/apache/kerby/kerb-common/1.0.1/kerb-common-1.0.1.jar:/home/user/.m2/repository/org/apache/kerby/kerb-crypto/1.0.1/kerb-crypto-1.0.1.jar:/home/user/.m2/repository/org/apache/kerby/kerb-util/1.0.1/kerb-util-1.0.1.jar:/home/user/.m2/repository/org/apache/kerby/token-provider/1.0.1/token-provider-1.0.1.jar:/home/user/.m2/repository/org/apache/kerby/kerb-admin/1.0.1/kerb-admin-1.0.1.jar:/home/user/.m2/repository/org/apache/kerby/kerb-server/1.0.1/kerb-server-1.0.1.jar:/home/user/.m2/repository/org/apache/kerby/kerb-identity/1.0.1/kerb-identity-1.0.1.jar:/home/user/.m2/repository/org/apache/kerby/kerby-xdr/1.0.1/kerby-xdr-1.0.1.jar:/home/user/.m2/repository/org/slf4j/slf4j-log4j12/1.7.25/slf4j-log4j12-1.7.25.jar:/home/user/.m2/repository/org/apache/hadoop/hadoop-ozone-s3gateway/0.5.0-SNAPSHOT/hadoop-ozone-s3gateway-0.5.0-SNAPSHOT.jar:/home/user/.m2/repository/org/jboss/weld/servlet/weld-servlet/2.4.7.Final/weld-servlet-2.4.7.Final.jar:/home/user/.m2/repository/org/glassfish/jersey/containers/jersey-container-servlet-core/2.27/jersey-container-servlet-core-2.27.jar:/home/user/.m2/repository/org/glassfish/hk2/external/javax.inject/2.5.0-b42/javax.inject-2.5.0-b42.jar:/home/user/.m2/repository/org/glassfish/jersey/core/jersey-common/2.27/jersey-common-2.27.jar:/home/user/.m2/repository/org/glassfish/hk2/osgi-resource-locator/1.0.1/osgi-resource-locator-1.0.1.jar:/home/user/.m2/repository/javax/ws/rs/javax.ws.rs-api/2.1/javax.ws.rs-api-2.1.jar:/home/user/.m2/repository/org/glassfish/jersey/ext/cdi/jersey-cdi1x/2.27/jersey-cdi1x-2.27.jar:/home/user/.m2/repository/org/glassfish/jersey/inject/jersey-hk2/2.27/jersey-hk2-2.27.jar:/home/user/.m2/repository/org/glassfish/hk2/hk2-locator/2.5.0-b42/hk2-locator-2.5.0-b42.jar:/home/user/.m2/repository/org/javassist/javassist/3.22.0-CR2/javassist-3.22.0-CR2.jar:/home/user/.m2/repository/org/glassfish/hk2/hk2-api/2.5.0/hk2-api-2.5.0.jar:/home/user/.m2/repository/org/glassfish/hk2/external/jakarta.inject/2.5.0/jakarta.inject-2.5.0.jar:/home/user/.m2/repository/org/glassfish/hk2/hk2-utils/2.5.0/hk2-utils-2.5.0.jar:/home/user/.m2/repository/jakarta/annotation/jakarta.annotation-api/1.3.4/jakarta.annotation-api-1.3.4.jar:/home/user/.m2/repository/org/glassfish/hk2/external/aopalliance-repackaged/2.5.0/aopalliance-repackaged-2.5.0.jar:/home/user/.m2/repository/com/fasterxml/jackson/dataformat/jackson-dataformat-xml/2.9.0/jackson-dataformat-xml-2.9.0.jar:/home/user/.m2/repository/com/fasterxml/jackson/core/jackson-core/2.9.9/jackson-core-2.9.9.jar:/home/user/.m2/repository/com/fasterxml/jackson/module/jackson-module-jaxb-annotations/2.9.9/jackson-module-jaxb-annotations-2.9.9.jar:/home/user/.m2/repository/javax/enterprise/cdi-api/1.2/cdi-api-1.2.jar:/home/user/.m2/repository/javax/el/javax.el-api/3.0.0/javax.el-api-3.0.0.jar:/home/user/.m2/repository/javax/interceptor/javax.interceptor-api/1.2/javax.interceptor-api-1.2.jar:/home/user/.m2/repository/javax/inject/javax.inject/1/javax.inject-1.jar:/home/user/.m2/repository/com/sun/xml/bind/jaxb-impl/2.3.0.1/jaxb-impl-2.3.0.1.jar:/home/user/.m2/repository/com/sun/xml/bind/jaxb-core/2.3.0.1/jaxb-core-2.3.0.1.jar:/home/user/.m2/repository/javax/xml/bind/jaxb-api/2.3.0/jaxb-api-2.3.0.jar:/home/user/.m2/repository/javax/activation/activation/1.1.1/activation-1.1.1.jar:/home/user/.m2/repository/org/apache/hadoop/hadoop-ozone-csi/0.5.0-SNAPSHOT/hadoop-ozone-csi-0.5.0-SNAPSHOT.jar:/home/user/.m2/repository/com/google/protobuf/protobuf-java-util/3.5.1/protobuf-java-util-3.5.1.jar:/home/user/.m2/repository/org/apache/hadoop/hadoop-hdds-config/0.5.0-SNAPSHOT/hadoop-hdds-config-0.5.0-SNAPSHOT.jar:/home/user/.m2/repository/io/grpc/grpc-netty/1.17.1/grpc-netty-1.17.1.jar:/home/user/.m2/repository/io/grpc/grpc-core/1.17.1/grpc-core-1.17.1.jar:/home/user/.m2/repository/io/grpc/grpc-context/1.17.1/grpc-context-1.17.1.jar:/home/user/.m2/repository/com/google/errorprone/error_prone_annotations/2.2.0/error_prone_annotations-2.2.0.jar:/home/user/.m2/repository/org/codehaus/mojo/animal-sniffer-annotations/1.17/animal-sniffer-annotations-1.17.jar:/home/user/.m2/repository/io/opencensus/opencensus-api/0.17.0/opencensus-api-0.17.0.jar:/home/user/.m2/repository/io/opencensus/opencensus-contrib-grpc-metrics/0.17.0/opencensus-contrib-grpc-metrics-0.17.0.jar:/home/user/.m2/repository/io/netty/netty-codec-http2/4.1.30.Final/netty-codec-http2-4.1.30.Final.jar:/home/user/.m2/repository/io/netty/netty-codec-http/4.1.30.Final/netty-codec-http-4.1.30.Final.jar:/home/user/.m2/repository/io/netty/netty-codec/4.1.30.Final/netty-codec-4.1.30.Final.jar:/home/user/.m2/repository/io/netty/netty-handler/4.1.30.Final/netty-handler-4.1.30.Final.jar:/home/user/.m2/repository/io/netty/netty-handler-proxy/4.1.30.Final/netty-handler-proxy-4.1.30.Final.jar:/home/user/.m2/repository/io/netty/netty-codec-socks/4.1.30.Final/netty-codec-socks-4.1.30.Final.jar:/home/user/.m2/repository/io/netty/netty-transport-native-epoll/4.1.30.Final/netty-transport-native-epoll-4.1.30.Final.jar:/home/user/.m2/repository/io/netty/netty-common/4.1.30.Final/netty-common-4.1.30.Final.jar:/home/user/.m2/repository/io/netty/netty-buffer/4.1.30.Final/netty-buffer-4.1.30.Final.jar:/home/user/.m2/repository/io/netty/netty-transport/4.1.30.Final/netty-transport-4.1.30.Final.jar:/home/user/.m2/repository/io/netty/netty-resolver/4.1.30.Final/netty-resolver-4.1.30.Final.jar:/home/user/.m2/repository/io/netty/netty-transport-native-unix-common/4.1.30.Final/netty-transport-native-unix-common-4.1.30.Final.jar:/home/user/.m2/repository/io/grpc/grpc-protobuf/1.17.1/grpc-protobuf-1.17.1.jar:/home/user/.m2/repository/com/google/api/grpc/proto-google-common-protos/1.0.0/proto-google-common-protos-1.0.0.jar:/home/user/.m2/repository/io/grpc/grpc-protobuf-lite/1.17.1/grpc-protobuf-lite-1.17.1.jar:/home/user/.m2/repository/io/grpc/grpc-stub/1.17.1/grpc-stub-1.17.1.jar:/home/user/.m2/repository/org/apache/hadoop/hadoop-ozone-recon/0.5.0-SNAPSHOT/hadoop-ozone-recon-0.5.0-SNAPSHOT.jar:/home/user/.m2/repository/org/apache/hadoop/hadoop-ozone-reconcodegen/0.5.0-SNAPSHOT/hadoop-ozone-reconcodegen-0.5.0-SNAPSHOT.jar:/home/user/.m2/repository/com/google/inject/extensions/guice-multibindings/4.0/guice-multibindings-4.0.jar:/home/user/.m2/repository/com/google/inject/guice/4.0/guice-4.0.jar:/home/user/.m2/repository/aopalliance/aopalliance/1.0/aopalliance-1.0.jar:/home/user/.m2/repository/com/google/inject/extensions/guice-servlet/4.0/guice-servlet-4.0.jar:/home/user/.m2/repository/org/glassfish/jersey/containers/jersey-container-servlet/2.27/jersey-container-servlet-2.27.jar:/home/user/.m2/repository/org/glassfish/hk2/guice-bridge/2.5.0/guice-bridge-2.5.0.jar:/home/user/.m2/repository/org/glassfish/jersey/core/jersey-server/2.27/jersey-server-2.27.jar:/home/user/.m2/repository/org/glassfish/jersey/core/jersey-client/2.27/jersey-client-2.27.jar:/home/user/.m2/repository/org/glassfish/jersey/media/jersey-media-jaxb/2.27/jersey-media-jaxb-2.27.jar:/home/user/.m2/repository/javax/validation/validation-api/1.1.0.Final/validation-api-1.1.0.Final.jar:/home/user/.m2/repository/org/glassfish/jersey/media/jersey-media-json-jackson/2.27/jersey-media-json-jackson-2.27.jar:/home/user/.m2/repository/org/glassfish/jersey/ext/jersey-entity-filtering/2.27/jersey-entity-filtering-2.27.jar:/home/user/.m2/repository/com/google/inject/extensions/guice-assistedinject/4.0/guice-assistedinject-4.0.jar:/home/user/.m2/repository/org/jooq/jooq/3.11.10/jooq-3.11.10.jar:/home/user/.m2/repository/org/jooq/jooq-meta/3.11.10/jooq-meta-3.11.10.jar:/home/user/.m2/repository/org/jooq/jooq-codegen/3.11.10/jooq-codegen-3.11.10.jar:/home/user/.m2/repository/com/jolbox/bonecp/0.8.0.RELEASE/bonecp-0.8.0.RELEASE.jar:/home/user/.m2/repository/org/xerial/sqlite-jdbc/3.25.2/sqlite-jdbc-3.25.2.jar:/home/user/.m2/repository/org/springframework/spring-jdbc/5.1.3.RELEASE/spring-jdbc-5.1.3.RELEASE.jar:/home/user/.m2/repository/org/springframework/spring-beans/5.1.3.RELEASE/spring-beans-5.1.3.RELEASE.jar:/home/user/.m2/repository/org/springframework/spring-core/5.1.3.RELEASE/spring-core-5.1.3.RELEASE.jar:/home/user/.m2/repository/org/springframework/spring-jcl/5.1.3.RELEASE/spring-jcl-5.1.3.RELEASE.jar:/home/user/.m2/repository/org/springframework/spring-tx/5.1.3.RELEASE/spring-tx-5.1.3.RELEASE.jar:/home/user/.m2/repository/org/apache/hadoop/hadoop-ozone-client/0.5.0-SNAPSHOT/hadoop-ozone-client-0.5.0-SNAPSHOT.jar:/home/user/.m2/repository/commons-lang/commons-lang/2.6/commons-lang-2.6.jar:/home/user/.m2/repository/org/apache/hadoop/hadoop-ozone-ozone-manager/0.5.0-SNAPSHOT/hadoop-ozone-ozone-manager-0.5.0-SNAPSHOT-tests.jar:/home/user/.m2/repository/junit/junit/4.11/junit-4.11.jar:/home/user/.m2/repository/org/hamcrest/hamcrest-core/1.3/hamcrest-core-1.3.jar:/home/user/.m2/repository/org/openjdk/jmh/jmh-core/1.19/jmh-core-1.19.jar:/home/user/.m2/repository/net/sf/jopt-simple/jopt-simple/4.6/jopt-simple-4.6.jar:/home/user/.m2/repository/org/apache/commons/commons-math3/3.1.1/commons-math3-3.1.1.jar:/home/user/.m2/repository/org/openjdk/jmh/jmh-generator-annprocess/1.19/jmh-generator-annprocess-1.19.jar:/home/user/.m2/repository/org/mockito/mockito-all/1.8.5/mockito-all-1.8.5.jar:/home/user/.m2/repository/org/apache/hadoop/hadoop-kms/3.2.0/hadoop-kms-3.2.0.jar:/home/user/.m2/repository/org/apache/hadoop/hadoop-auth/3.2.0/hadoop-auth-3.2.0.jar:/home/user/.m2/repository/com/nimbusds/nimbus-jose-jwt/4.41.1/nimbus-jose-jwt-4.41.1.jar:/home/user/.m2/repository/com/github/stephenc/jcip/jcip-annotations/1.0-1/jcip-annotations-1.0-1.jar:/home/user/.m2/repository/net/minidev/json-smart/2.3/json-smart-2.3.jar:/home/user/.m2/repository/net/minidev/accessors-smart/1.2/accessors-smart-1.2.jar:/home/user/.m2/repository/org/ow2/asm/asm/5.0.4/asm-5.0.4.jar:/home/user/.m2/repository/org/apache/curator/curator-framework/2.12.0/curator-framework-2.12.0.jar:/home/user/.m2/repository/com/sun/jersey/jersey-core/1.19/jersey-core-1.19.jar:/home/user/.m2/repository/javax/ws/rs/jsr311-api/1.1.1/jsr311-api-1.1.1.jar:/home/user/.m2/repository/com/sun/jersey/jersey-server/1.19/jersey-server-1.19.jar:/home/user/.m2/repository/javax/servlet/javax.servlet-api/3.1.0/javax.servlet-api-3.1.0.jar:/home/user/.m2/repository/org/eclipse/jetty/jetty-server/9.3.25.v20180904/jetty-server-9.3.25.v20180904.jar:/home/user/.m2/repository/org/eclipse/jetty/jetty-http/9.3.25.v20180904/jetty-http-9.3.25.v20180904.jar:/home/user/.m2/repository/org/eclipse/jetty/jetty-io/9.3.25.v20180904/jetty-io-9.3.25.v20180904.jar:/home/user/.m2/repository/org/eclipse/jetty/jetty-webapp/9.3.25.v20180904/jetty-webapp-9.3.25.v20180904.jar:/home/user/.m2/repository/org/eclipse/jetty/jetty-xml/9.3.25.v20180904/jetty-xml-9.3.25.v20180904.jar:/home/user/.m2/repository/log4j/log4j/1.2.17/log4j-1.2.17.jar:/home/user/.m2/repository/org/slf4j/slf4j-api/1.7.25/slf4j-api-1.7.25.jar:/home/user/.m2/repository/org/slf4j/jul-to-slf4j/1.7.25/jul-to-slf4j-1.7.25.jar:/home/user/.m2/repository/org/eclipse/jetty/jetty-util/9.3.25.v20180904/jetty-util-9.3.25.v20180904.jar:/home/user/.m2/repository/com/fasterxml/jackson/core/jackson-databind/2.9.9/jackson-databind-2.9.9.jar:/home/user/.m2/repository/org/apache/hadoop/hadoop-kms/3.2.0/hadoop-kms-3.2.0-tests.jar:/home/user/.m2/repository/org/apache/hadoop/hadoop-hdds-server-scm/0.5.0-SNAPSHOT/hadoop-hdds-server-scm-0.5.0-SNAPSHOT-tests.jar:/home/user/.m2/repository/org/apache/hadoop/hadoop-hdds-container-service/0.5.0-SNAPSHOT/hadoop-hdds-container-service-0.5.0-SNAPSHOT-tests.jar:/home/user/.m2/repository/org/yaml/snakeyaml/1.16/snakeyaml-1.16.jar:/home/user/.m2/repository/org/apache/hadoop/hadoop-common/3.2.0/hadoop-common-3.2.0-tests.jar:/home/user/.m2/repository/org/apache/hadoop/hadoop-annotations/3.2.0/hadoop-annotations-3.2.0.jar:/usr/lib/jvm/java-1.8-openjdk/jre/../lib/tools.jar:/home/user/.m2/repository/commons-cli/commons-cli/1.2/commons-cli-1.2.jar:/home/user/.m2/repository/org/apache/httpcomponents/httpclient/4.5.2/httpclient-4.5.2.jar:/home/user/.m2/repository/org/apache/httpcomponents/httpcore/4.4.4/httpcore-4.4.4.jar:/home/user/.m2/repository/commons-codec/commons-codec/1.11/commons-codec-1.11.jar:/home/user/.m2/repository/commons-net/commons-net/3.6/commons-net-3.6.jar:/home/user/.m2/repository/commons-collections/commons-collections/3.2.2/commons-collections-3.2.2.jar:/home/user/.m2/repository/org/eclipse/jetty/jetty-servlet/9.3.25.v20180904/jetty-servlet-9.3.25.v20180904.jar:/home/user/.m2/repository/org/eclipse/jetty/jetty-security/9.3.25.v20180904/jetty-security-9.3.25.v20180904.jar:/home/user/.m2/repository/javax/servlet/jsp/jsp-api/2.1/jsp-api-2.1.jar:/home/user/.m2/repository/com/sun/jersey/jersey-servlet/1.19/jersey-servlet-1.19.jar:/home/user/.m2/repository/com/sun/jersey/jersey-json/1.19/jersey-json-1.19.jar:/home/user/.m2/repository/org/codehaus/jettison/jettison/1.1/jettison-1.1.jar:/home/user/.m2/repository/org/codehaus/jackson/jackson-core-asl/1.9.13/jackson-core-asl-1.9.13.jar:/home/user/.m2/repository/org/codehaus/jackson/jackson-mapper-asl/1.9.13/jackson-mapper-asl-1.9.13.jar:/home/user/.m2/repository/org/codehaus/jackson/jackson-jaxrs/1.9.13/jackson-jaxrs-1.9.13.jar:/home/user/.m2/repository/org/codehaus/jackson/jackson-xc/1.9.13/jackson-xc-1.9.13.jar:/home/user/.m2/repository/commons-logging/commons-logging/1.1.3/commons-logging-1.1.3.jar:/home/user/.m2/repository/commons-beanutils/commons-beanutils/1.9.4/commons-beanutils-1.9.4.jar:/home/user/.m2/repository/org/apache/commons/commons-configuration2/2.1.1/commons-configuration2-2.1.1.jar:/home/user/.m2/repository/org/apache/commons/commons-lang3/3.7/commons-lang3-3.7.jar:/home/user/.m2/repository/org/apache/commons/commons-text/1.4/commons-text-1.4.jar:/home/user/.m2/repository/org/apache/avro/avro/1.7.7/avro-1.7.7.jar:/home/user/.m2/repository/com/thoughtworks/paranamer/paranamer/2.3/paranamer-2.3.jar:/home/user/.m2/repository/org/xerial/snappy/snappy-java/1.0.5/snappy-java-1.0.5.jar:/home/user/.m2/repository/com/google/re2j/re2j/1.1/re2j-1.1.jar:/home/user/.m2/repository/com/google/code/gson/gson/2.2.4/gson-2.2.4.jar:/home/user/.m2/repository/com/jcraft/jsch/0.1.54/jsch-0.1.54.jar:/home/user/.m2/repository/org/apache/curator/curator-client/2.12.0/curator-client-2.12.0.jar:/home/user/.m2/repository/org/apache/curator/curator-recipes/2.12.0/curator-recipes-2.12.0.jar:/home/user/.m2/repository/com/google/code/findbugs/jsr305/3.0.0/jsr305-3.0.0.jar:/home/user/.m2/repository/org/apache/htrace/htrace-core4/4.1.0-incubating/htrace-core4-4.1.0-incubating.jar:/home/user/.m2/repository/org/apache/zookeeper/zookeeper/3.4.13/zookeeper-3.4.13.jar:/home/user/.m2/repository/jline/jline/0.9.94/jline-0.9.94.jar:/home/user/.m2/repository/org/apache/yetus/audience-annotations/0.5.0/audience-annotations-0.5.0.jar:/home/user/.m2/repository/org/codehaus/woodstox/stax2-api/3.1.4/stax2-api-3.1.4.jar:/home/user/.m2/repository/com/fasterxml/woodstox/woodstox-core/5.0.3/woodstox-core-5.0.3.jar:/home/user/.m2/repository/dnsjava/dnsjava/2.1.7/dnsjava-2.1.7.jar:/home/user/.m2/repository/org/apache/hadoop/hadoop-hdfs/3.2.0/hadoop-hdfs-3.2.0-tests.jar:/home/user/.m2/repository/org/eclipse/jetty/jetty-util-ajax/9.3.25.v20180904/jetty-util-ajax-9.3.25.v20180904.jar:/home/user/.m2/repository/commons-daemon/commons-daemon/1.0.13/commons-daemon-1.0.13.jar:/home/user/.m2/repository/io/netty/netty/3.10.5.Final/netty-3.10.5.Final.jar:/home/user/.m2/repository/io/netty/netty-all/4.0.52.Final/netty-all-4.0.52.Final.jar:/home/user/.m2/repository/org/fusesource/leveldbjni/leveldbjni-all/1.8/leveldbjni-all-1.8.jar:"/>
    <property name="sun.cpu.endian" value="little"/>
    <property name="user.home" value="/home/user"/>
    <property name="user.language" value="en"/>
    <property name="java.specification.vendor" value="Oracle Corporation"/>
    <property name="java.home" value="/usr/lib/jvm/java-1.8-openjdk/jre"/>
    <property name="java.security.krb5.conf" value="/workdir/hadoop-ozone/integration-test/target/test-classes/krb5.conf"/>
    <property name="basedir" value="/workdir/hadoop-ozone/integration-test"/>
    <property name="file.separator" value="/"/>
    <property name="line.separator" value="&#10;"/>
    <property name="java.vm.specification.vendor" value="Oracle Corporation"/>
    <property name="java.specification.name" value="Java Platform API Specification"/>
    <property name="java.awt.graphicsenv" value="sun.awt.X11GraphicsEnvironment"/>
    <property name="surefire.real.class.path" value="/workdir/hadoop-ozone/integration-test/target/surefire/surefirebooter8265324489597209107.jar"/>
    <property name="hadoop.log.dir" value="/workdir/hadoop-ozone/integration-test/target/log"/>
    <property name="sun.boot.class.path" value="/usr/lib/jvm/java-1.8-openjdk/jre/lib/resources.jar:/usr/lib/jvm/java-1.8-openjdk/jre/lib/rt.jar:/usr/lib/jvm/java-1.8-openjdk/jre/lib/sunrsasign.jar:/usr/lib/jvm/java-1.8-openjdk/jre/lib/jsse.jar:/usr/lib/jvm/java-1.8-openjdk/jre/lib/jce.jar:/usr/lib/jvm/java-1.8-openjdk/jre/lib/charsets.jar:/usr/lib/jvm/java-1.8-openjdk/jre/lib/jfr.jar:/usr/lib/jvm/java-1.8-openjdk/jre/classes"/>
    <property name="sun.management.compiler" value="HotSpot 64-Bit Tiered Compilers"/>
    <property name="java.runtime.version" value="1.8.0_212-b04"/>
    <property name="java.net.preferIPv4Stack" value="true"/>
    <property name="user.name" value="jenkins1000"/>
    <property name="path.separator" value=":"/>
    <property name="java.security.egd" value="file:///dev/urandom"/>
    <property name="os.version" value="3.10.0-957.12.2.el7.x86_64"/>
    <property name="java.endorsed.dirs" value="/usr/lib/jvm/java-1.8-openjdk/jre/lib/endorsed"/>
    <property name="java.runtime.name" value="OpenJDK Runtime Environment"/>
    <property name="file.encoding" value="UTF-8"/>
    <property name="java.vm.name" value="OpenJDK 64-Bit Server VM"/>
    <property name="test.build.webapps" value=""/>
    <property name="localRepository" value="/home/user/.m2/repository"/>
    <property name="java.vendor.url.bug" value="https://icedtea.classpath.org/bugzilla"/>
    <property name="java.io.tmpdir" value="/tmp"/>
    <property name="require.test.libhadoop" value=""/>
    <property name="java.version" value="1.8.0_212"/>
    <property name="user.dir" value="/workdir/hadoop-ozone/integration-test"/>
    <property name="os.arch" value="amd64"/>
    <property name="java.vm.specification.name" value="Java Virtual Machine Specification"/>
    <property name="test.build.classes" value="/workdir/hadoop-ozone/integration-test/target/test-classes"/>
    <property name="java.awt.printerjob" value="sun.print.PSPrinterJob"/>
    <property name="sun.os.patch.level" value="unknown"/>
    <property name="hadoop.tmp.dir" value="/workdir/hadoop-ozone/integration-test/target/tmp"/>
    <property name="java.library.path" value="/usr/lib/jvm/java-1.8-openjdk/jre/lib/amd64/server:/usr/lib/jvm/java-1.8-openjdk/jre/lib/amd64:/usr/lib/jvm/java-1.8-openjdk/jre/../lib/amd64:/workdir/hadoop-ozone/integration-test/target/native/target/usr/local/lib:/workdir/hadoop-ozone/integration-test/../../hadoop-common-project/hadoop-common/target/native/target/usr/local/lib:/usr/java/packages/lib/amd64:/usr/lib64:/lib64:/lib:/usr/lib"/>
    <property name="java.vm.info" value="mixed mode"/>
    <property name="java.vendor" value="IcedTea"/>
    <property name="java.vm.version" value="25.212-b04"/>
    <property name="java.ext.dirs" value="/usr/lib/jvm/java-1.8-openjdk/jre/lib/ext:/usr/java/packages/lib/ext"/>
    <property name="sun.io.unicode.encoding" value="UnicodeLittle"/>
    <property name="java.class.version" value="52.0"/>
  </properties>
  <testcase name="testWatchForCommitWithKeyWrite" classname="org.apache.hadoop.ozone.client.rpc.TestWatchForCommit" time="61"/>
  <testcase name="testWatchForCommitWithSmallerTimeoutValue" classname="org.apache.hadoop.ozone.client.rpc.TestWatchForCommit" time="43.629"/>
  <testcase name="testWatchForCommitForRetryfailure" classname="org.apache.hadoop.ozone.client.rpc.TestWatchForCommit" time="62.594">
    <failure type="java.lang.AssertionError">java.lang.AssertionError
	at org.junit.Assert.fail(Assert.java:86)
	at org.junit.Assert.assertTrue(Assert.java:41)
	at org.junit.Assert.assertTrue(Assert.java:52)
	at org.apache.hadoop.ozone.client.rpc.TestWatchForCommit.testWatchForCommitForRetryfailure(TestWatchForCommit.java:348)
	at sun.reflect.NativeMethodAccessorImpl.invoke0(Native Method)
	at sun.reflect.NativeMethodAccessorImpl.invoke(NativeMethodAccessorImpl.java:62)
	at sun.reflect.DelegatingMethodAccessorImpl.invoke(DelegatingMethodAccessorImpl.java:43)
	at java.lang.reflect.Method.invoke(Method.java:498)
	at org.junit.runners.model.FrameworkMethod$1.runReflectiveCall(FrameworkMethod.java:47)
	at org.junit.internal.runners.model.ReflectiveCallable.run(ReflectiveCallable.java:12)
	at org.junit.runners.model.FrameworkMethod.invokeExplosively(FrameworkMethod.java:44)
	at org.junit.internal.runners.statements.InvokeMethod.evaluate(InvokeMethod.java:17)
	at org.junit.runners.ParentRunner.runLeaf(ParentRunner.java:271)
	at org.junit.runners.BlockJUnit4ClassRunner.runChild(BlockJUnit4ClassRunner.java:70)
	at org.junit.runners.BlockJUnit4ClassRunner.runChild(BlockJUnit4ClassRunner.java:50)
	at org.junit.runners.ParentRunner$3.run(ParentRunner.java:238)
	at org.junit.runners.ParentRunner$1.schedule(ParentRunner.java:63)
	at org.junit.runners.ParentRunner.runChildren(ParentRunner.java:236)
	at org.junit.runners.ParentRunner.access$000(ParentRunner.java:53)
	at org.junit.runners.ParentRunner$2.evaluate(ParentRunner.java:229)
	at org.junit.runners.ParentRunner.run(ParentRunner.java:309)
	at org.apache.maven.surefire.junit4.JUnit4Provider.execute(JUnit4Provider.java:365)
	at org.apache.maven.surefire.junit4.JUnit4Provider.executeWithRerun(JUnit4Provider.java:273)
	at org.apache.maven.surefire.junit4.JUnit4Provider.executeTestSet(JUnit4Provider.java:238)
	at org.apache.maven.surefire.junit4.JUnit4Provider.invoke(JUnit4Provider.java:159)
	at org.apache.maven.surefire.booter.ForkedBooter.invokeProviderInSameClassLoader(ForkedBooter.java:384)
	at org.apache.maven.surefire.booter.ForkedBooter.runSuitesInProcess(ForkedBooter.java:345)
	at org.apache.maven.surefire.booter.ForkedBooter.execute(ForkedBooter.java:126)
	at org.apache.maven.surefire.booter.ForkedBooter.main(ForkedBooter.java:418)
</failure>
    <system-out><![CDATA[2019-09-30 21:20:59,827 [main] WARN  server.ServerUtils (ServerUtils.java:getScmDbDir(145)) - ozone.scm.db.dirs is not configured. We recommend adding this setting. Falling back to ozone.metadata.dirs instead.
2019-09-30 21:20:59,852 [main] WARN  server.ServerUtils (ServerUtils.java:getScmDbDir(145)) - ozone.scm.db.dirs is not configured. We recommend adding this setting. Falling back to ozone.metadata.dirs instead.
2019-09-30 21:20:59,853 [main] WARN  server.ServerUtils (ServerUtils.java:getScmDbDir(145)) - ozone.scm.db.dirs is not configured. We recommend adding this setting. Falling back to ozone.metadata.dirs instead.
2019-09-30 21:20:59,854 [main] INFO  db.DBStoreBuilder (DBStoreBuilder.java:addTable(110)) - using custom profile for table: deletedBlocks
2019-09-30 21:20:59,854 [main] INFO  db.DBStoreBuilder (DBStoreBuilder.java:processTables(161)) - Using default column profile:DBProfile.DISK for Table:deletedBlocks
2019-09-30 21:20:59,854 [main] INFO  db.DBStoreBuilder (DBStoreBuilder.java:addTable(110)) - using custom profile for table: validCerts
2019-09-30 21:20:59,855 [main] INFO  db.DBStoreBuilder (DBStoreBuilder.java:processTables(161)) - Using default column profile:DBProfile.DISK for Table:validCerts
2019-09-30 21:20:59,855 [main] INFO  db.DBStoreBuilder (DBStoreBuilder.java:addTable(110)) - using custom profile for table: revokedCerts
2019-09-30 21:20:59,855 [main] INFO  db.DBStoreBuilder (DBStoreBuilder.java:processTables(161)) - Using default column profile:DBProfile.DISK for Table:revokedCerts
2019-09-30 21:20:59,856 [main] INFO  db.DBStoreBuilder (DBStoreBuilder.java:addTable(110)) - using custom profile for table: default
2019-09-30 21:20:59,856 [main] INFO  db.DBStoreBuilder (DBStoreBuilder.java:processTables(167)) - Using default column profile:DBProfile.DISK for Table:default
2019-09-30 21:20:59,856 [main] INFO  db.DBStoreBuilder (DBStoreBuilder.java:getDbProfile(198)) - Using default options. DBProfile.DISK
2019-09-30 21:21:00,136 [main] INFO  net.NodeSchemaLoader (NodeSchemaLoader.java:loadSchemaFromFile(125)) - Loading file from sun.misc.CompoundEnumeration@1ff15a50
2019-09-30 21:21:00,136 [main] INFO  net.NodeSchemaLoader (NodeSchemaLoader.java:loadSchema(171)) - Loading network topology layer schema file
2019-09-30 21:21:00,143 [main] WARN  server.ServerUtils (ServerUtils.java:sanitizeUserArgs(70)) - ozone.scm.stale.node.interval value = 300000 is larger than max = 100000 based on the key value of ozone.scm.heartbeat.thread.interval, reset to the max value 100000.
2019-09-30 21:21:00,143 [main] WARN  server.ServerUtils (ServerUtils.java:sanitizeUserArgs(70)) - ozone.scm.stale.node.interval value = 300000 is larger than max = 100000 based on the key value of ozone.scm.heartbeat.thread.interval, reset to the max value 100000.
2019-09-30 21:21:00,144 [main] INFO  node.SCMNodeManager (SCMNodeManager.java:<init>(114)) - Entering startup safe mode.
2019-09-30 21:21:00,145 [main] INFO  algorithms.ContainerPlacementPolicyFactory (ContainerPlacementPolicyFactory.java:getPolicy(57)) - Create container placement policy of type org.apache.hadoop.hdds.scm.container.placement.algorithms.SCMContainerPlacementRandom
2019-09-30 21:21:00,145 [main] WARN  server.ServerUtils (ServerUtils.java:getScmDbDir(145)) - ozone.scm.db.dirs is not configured. We recommend adding this setting. Falling back to ozone.metadata.dirs instead.
2019-09-30 21:21:00,251 [main] INFO  pipeline.SCMPipelineManager (SCMPipelineManager.java:initializePipelineState(132)) - No pipeline exists in current db
2019-09-30 21:21:00,252 [main] WARN  server.ServerUtils (ServerUtils.java:getScmDbDir(145)) - ozone.scm.db.dirs is not configured. We recommend adding this setting. Falling back to ozone.metadata.dirs instead.
2019-09-30 21:21:00,350 [main] WARN  events.EventQueue (EventQueue.java:fireEvent(183)) - No event handler registered for event TypedEvent{payloadType=SafeModeStatus, name='SafeModeStatus'}
2019-09-30 21:21:00,351 [main] INFO  ipc.CallQueueManager (CallQueueManager.java:<init>(84)) - Using callQueue: class java.util.concurrent.LinkedBlockingQueue, queueCapacity: 2000, scheduler: class org.apache.hadoop.ipc.DefaultRpcScheduler, ipcBackoff: false.
2019-09-30 21:21:00,352 [Socket Reader #1 for port 46116] INFO  ipc.Server (Server.java:run(1074)) - Starting Socket Reader #1 for port 46116
2019-09-30 21:21:00,354 [main] INFO  ipc.CallQueueManager (CallQueueManager.java:<init>(84)) - Using callQueue: class java.util.concurrent.LinkedBlockingQueue, queueCapacity: 2000, scheduler: class org.apache.hadoop.ipc.DefaultRpcScheduler, ipcBackoff: false.
2019-09-30 21:21:00,355 [Socket Reader #1 for port 37100] INFO  ipc.Server (Server.java:run(1074)) - Starting Socket Reader #1 for port 37100
2019-09-30 21:21:00,356 [main] INFO  ipc.CallQueueManager (CallQueueManager.java:<init>(84)) - Using callQueue: class java.util.concurrent.LinkedBlockingQueue, queueCapacity: 2000, scheduler: class org.apache.hadoop.ipc.DefaultRpcScheduler, ipcBackoff: false.
2019-09-30 21:21:00,357 [Socket Reader #1 for port 44220] INFO  ipc.Server (Server.java:run(1074)) - Starting Socket Reader #1 for port 44220
2019-09-30 21:21:00,359 [main] INFO  hdfs.DFSUtil (DFSUtil.java:httpServerTemplateForNNAndJN(1641)) - Starting Web-server for scm at: http://0.0.0.0:0
2019-09-30 21:21:00,361 [main] INFO  server.AuthenticationFilter (AuthenticationFilter.java:constructSecretProvider(240)) - Unable to initialize FileSignerSecretProvider, falling back to use random secrets.
2019-09-30 21:21:00,362 [main] WARN  http.HttpRequestLog (HttpRequestLog.java:getRequestLog(97)) - Jetty request log can only be enabled using Log4j
2019-09-30 21:21:00,364 [main] INFO  http.HttpServer2 (HttpServer2.java:addGlobalFilter(975)) - Added global filter 'safety' (class=org.apache.hadoop.http.HttpServer2$QuotingInputFilter)
2019-09-30 21:21:00,364 [main] INFO  http.HttpServer2 (HttpServer2.java:addFilter(948)) - Added filter static_user_filter (class=org.apache.hadoop.http.lib.StaticUserWebFilter$StaticUserFilter) to context scm
2019-09-30 21:21:00,364 [main] INFO  http.HttpServer2 (HttpServer2.java:addFilter(958)) - Added filter static_user_filter (class=org.apache.hadoop.http.lib.StaticUserWebFilter$StaticUserFilter) to context logs
2019-09-30 21:21:00,364 [main] INFO  http.HttpServer2 (HttpServer2.java:addFilter(958)) - Added filter static_user_filter (class=org.apache.hadoop.http.lib.StaticUserWebFilter$StaticUserFilter) to context static
2019-09-30 21:21:00,366 [main] INFO  server.StorageContainerManager (StorageContainerManager.java:start(770)) - StorageContainerLocationProtocol RPC server is listening at /0.0.0.0:44220
2019-09-30 21:21:00,368 [main] WARN  impl.MetricsConfig (MetricsConfig.java:loadFirst(134)) - Cannot locate configuration: tried hadoop-metrics2-storagecontainermanager.properties,hadoop-metrics2.properties
2019-09-30 21:21:00,369 [main] INFO  impl.MetricsSystemImpl (MetricsSystemImpl.java:startTimer(374)) - Scheduled Metric snapshot period at 10 second(s).
2019-09-30 21:21:00,369 [main] INFO  impl.MetricsSystemImpl (MetricsSystemImpl.java:start(191)) - StorageContainerManager metrics system started
2019-09-30 21:21:00,389 [main] INFO  lib.Interns (Interns.java:removeEldestEntry(50)) - Metrics intern cache overflow at 2011 for MetricsSystem={MetricsSystem=MetricsInfoImpl{name=MetricsSystem, description=MetricsSystem}, MetricsSystem record=MetricsInfoImpl{name=MetricsSystem, description=MetricsSystem record}}
2019-09-30 21:21:00,395 [main] WARN  impl.MetricsSystemImpl (MetricsSystemImpl.java:register(276)) - Sink prometheus already exists!
2019-09-30 21:21:00,426 [main] INFO  server.SCMClientProtocolServer (SCMClientProtocolServer.java:start(150)) - RPC server for Client  is listening at /0.0.0.0:44220
2019-09-30 21:21:00,427 [IPC Server Responder] INFO  ipc.Server (Server.java:run(1314)) - IPC Server Responder: starting
2019-09-30 21:21:00,427 [IPC Server listener on 44220] INFO  ipc.Server (Server.java:run(1153)) - IPC Server listener on 44220: starting
2019-09-30 21:21:00,431 [main] INFO  server.StorageContainerManager (StorageContainerManager.java:start(780)) - ScmBlockLocationProtocol RPC server is listening at /0.0.0.0:37100
2019-09-30 21:21:00,431 [main] INFO  server.SCMBlockProtocolServer (SCMBlockProtocolServer.java:start(146)) - RPC server for Block Protocol is listening at /0.0.0.0:37100
2019-09-30 21:21:00,432 [IPC Server Responder] INFO  ipc.Server (Server.java:run(1314)) - IPC Server Responder: starting
2019-09-30 21:21:00,432 [IPC Server listener on 37100] INFO  ipc.Server (Server.java:run(1153)) - IPC Server listener on 37100: starting
2019-09-30 21:21:00,435 [main] INFO  server.StorageContainerManager (StorageContainerManager.java:start(784)) - ScmDatanodeProtocl RPC server is listening at /0.0.0.0:46116
2019-09-30 21:21:00,436 [main] INFO  server.SCMDatanodeProtocolServer (SCMDatanodeProtocolServer.java:start(191)) - RPC server for DataNodes is listening at /0.0.0.0:46116
2019-09-30 21:21:00,437 [IPC Server Responder] INFO  ipc.Server (Server.java:run(1314)) - IPC Server Responder: starting
2019-09-30 21:21:00,437 [IPC Server listener on 46116] INFO  ipc.Server (Server.java:run(1153)) - IPC Server listener on 46116: starting
2019-09-30 21:21:00,441 [main] INFO  http.HttpServer2 (HttpServer2.java:bindListener(1191)) - Jetty bound to port 42047
2019-09-30 21:21:00,441 [main] INFO  server.Server (Server.java:doStart(351)) - jetty-9.3.25.v20180904, build timestamp: 2018-09-04T21:11:46Z, git hash: 3ce520221d0240229c862b122d2b06c12a625732
2019-09-30 21:21:00,443 [main] INFO  handler.ContextHandler (ContextHandler.java:doStart(781)) - Started o.e.j.s.ServletContextHandler@49f3ff41{/logs,file:///workdir/hadoop-ozone/integration-test/target/log,AVAILABLE}
2019-09-30 21:21:00,444 [main] INFO  handler.ContextHandler (ContextHandler.java:doStart(781)) - Started o.e.j.s.ServletContextHandler@30db5536{/static,file:///workdir/hadoop-ozone/integration-test/target/test-classes/webapps/static,AVAILABLE}
2019-09-30 21:21:00,447 [main] INFO  handler.ContextHandler (ContextHandler.java:doStart(781)) - Started o.e.j.w.WebAppContext@17e0933c{/,file:///workdir/hadoop-ozone/integration-test/target/test-classes/webapps/scm/,AVAILABLE}{/scm}
2019-09-30 21:21:00,447 [main] INFO  server.AbstractConnector (AbstractConnector.java:doStart(278)) - Started ServerConnector@7edb6fca{HTTP/1.1,[http/1.1]}{0.0.0.0:42047}
2019-09-30 21:21:00,449 [main] INFO  server.Server (Server.java:doStart(419)) - Started @105677ms
2019-09-30 21:21:00,449 [main] WARN  impl.MetricsSystemImpl (MetricsSystemImpl.java:register(276)) - Sink prometheus already exists!
2019-09-30 21:21:00,449 [main] INFO  server.BaseHttpServer (BaseHttpServer.java:updateConnectorAddress(215)) - HTTP server of SCM is listening at http://0.0.0.0:42047
2019-09-30 21:21:00,451 [main] WARN  server.ServerUtils (ServerUtils.java:getDBPath(222)) - ozone.om.db.dirs is not configured. We recommend adding this setting. Falling back to ozone.metadata.dirs instead.
2019-09-30 21:21:00,451 [org.apache.hadoop.util.JvmPauseMonitor$Monitor@716185fe] INFO  util.JvmPauseMonitor (JvmPauseMonitor.java:run(188)) - Starting JVM pause monitor
2019-09-30 21:21:00,474 [main] WARN  server.ServerUtils (ServerUtils.java:getDBPath(222)) - ozone.om.db.dirs is not configured. We recommend adding this setting. Falling back to ozone.metadata.dirs instead.
2019-09-30 21:21:00,474 [main] WARN  server.ServerUtils (ServerUtils.java:getDBPath(222)) - ozone.om.db.dirs is not configured. We recommend adding this setting. Falling back to ozone.metadata.dirs instead.
2019-09-30 21:21:00,475 [main] INFO  om.OzoneManager (OzoneManager.java:setOMNodeDetails(652)) - OM Service ID is not set. Setting it to the default ID: omServiceIdDefault
2019-09-30 21:21:00,475 [main] INFO  om.OzoneManager (OzoneManager.java:setOMNodeDetails(658)) - OM Node ID is not set. Setting it to the OmStorage's OmID: 590fda8e-2cf2-4524-a711-babd79528c05
2019-09-30 21:21:00,475 [main] INFO  om.OzoneManager (OzoneManager.java:loadOMHAConfigs(609)) - Found matching OM address with OMServiceId: null, OMNodeId: null, RPC Address: localhost:0 and Ratis port: 9872
2019-09-30 21:21:00,484 [main] WARN  server.ServerUtils (ServerUtils.java:getDBPath(222)) - ozone.om.db.dirs is not configured. We recommend adding this setting. Falling back to ozone.metadata.dirs instead.
2019-09-30 21:21:00,484 [main] INFO  db.DBStoreBuilder (DBStoreBuilder.java:addTable(110)) - using custom profile for table: userTable
2019-09-30 21:21:00,485 [main] INFO  db.DBStoreBuilder (DBStoreBuilder.java:processTables(161)) - Using default column profile:DBProfile.DISK for Table:userTable
2019-09-30 21:21:00,485 [main] INFO  db.DBStoreBuilder (DBStoreBuilder.java:addTable(110)) - using custom profile for table: volumeTable
2019-09-30 21:21:00,485 [main] INFO  db.DBStoreBuilder (DBStoreBuilder.java:processTables(161)) - Using default column profile:DBProfile.DISK for Table:volumeTable
2019-09-30 21:21:00,486 [main] INFO  db.DBStoreBuilder (DBStoreBuilder.java:addTable(110)) - using custom profile for table: bucketTable
2019-09-30 21:21:00,486 [main] INFO  db.DBStoreBuilder (DBStoreBuilder.java:processTables(161)) - Using default column profile:DBProfile.DISK for Table:bucketTable
2019-09-30 21:21:00,486 [main] INFO  db.DBStoreBuilder (DBStoreBuilder.java:addTable(110)) - using custom profile for table: keyTable
2019-09-30 21:21:00,486 [main] INFO  db.DBStoreBuilder (DBStoreBuilder.java:processTables(161)) - Using default column profile:DBProfile.DISK for Table:keyTable
2019-09-30 21:21:00,487 [main] INFO  db.DBStoreBuilder (DBStoreBuilder.java:addTable(110)) - using custom profile for table: deletedTable
2019-09-30 21:21:00,487 [main] INFO  db.DBStoreBuilder (DBStoreBuilder.java:processTables(161)) - Using default column profile:DBProfile.DISK for Table:deletedTable
2019-09-30 21:21:00,487 [main] INFO  db.DBStoreBuilder (DBStoreBuilder.java:addTable(110)) - using custom profile for table: openKeyTable
2019-09-30 21:21:00,487 [main] INFO  db.DBStoreBuilder (DBStoreBuilder.java:processTables(161)) - Using default column profile:DBProfile.DISK for Table:openKeyTable
2019-09-30 21:21:00,488 [main] INFO  db.DBStoreBuilder (DBStoreBuilder.java:addTable(110)) - using custom profile for table: s3Table
2019-09-30 21:21:00,488 [main] INFO  db.DBStoreBuilder (DBStoreBuilder.java:processTables(161)) - Using default column profile:DBProfile.DISK for Table:s3Table
2019-09-30 21:21:00,488 [main] INFO  db.DBStoreBuilder (DBStoreBuilder.java:addTable(110)) - using custom profile for table: multipartInfoTable
2019-09-30 21:21:00,489 [main] INFO  db.DBStoreBuilder (DBStoreBuilder.java:processTables(161)) - Using default column profile:DBProfile.DISK for Table:multipartInfoTable
2019-09-30 21:21:00,489 [main] INFO  db.DBStoreBuilder (DBStoreBuilder.java:addTable(110)) - using custom profile for table: dTokenTable
2019-09-30 21:21:00,490 [main] INFO  db.DBStoreBuilder (DBStoreBuilder.java:processTables(161)) - Using default column profile:DBProfile.DISK for Table:dTokenTable
2019-09-30 21:21:00,491 [main] INFO  db.DBStoreBuilder (DBStoreBuilder.java:addTable(110)) - using custom profile for table: s3SecretTable
2019-09-30 21:21:00,492 [main] INFO  db.DBStoreBuilder (DBStoreBuilder.java:processTables(161)) - Using default column profile:DBProfile.DISK for Table:s3SecretTable
2019-09-30 21:21:00,492 [main] INFO  db.DBStoreBuilder (DBStoreBuilder.java:addTable(110)) - using custom profile for table: prefixTable
2019-09-30 21:21:00,492 [main] INFO  db.DBStoreBuilder (DBStoreBuilder.java:processTables(161)) - Using default column profile:DBProfile.DISK for Table:prefixTable
2019-09-30 21:21:00,492 [main] INFO  db.DBStoreBuilder (DBStoreBuilder.java:addTable(110)) - using custom profile for table: default
2019-09-30 21:21:00,493 [main] INFO  db.DBStoreBuilder (DBStoreBuilder.java:processTables(167)) - Using default column profile:DBProfile.DISK for Table:default
2019-09-30 21:21:00,493 [main] INFO  db.DBStoreBuilder (DBStoreBuilder.java:getDbProfile(198)) - Using default options. DBProfile.DISK
2019-09-30 21:21:01,203 [main] INFO  ipc.CallQueueManager (CallQueueManager.java:<init>(84)) - Using callQueue: class java.util.concurrent.LinkedBlockingQueue, queueCapacity: 2000, scheduler: class org.apache.hadoop.ipc.DefaultRpcScheduler, ipcBackoff: false.
2019-09-30 21:21:01,204 [Socket Reader #1 for port 44626] INFO  ipc.Server (Server.java:run(1074)) - Starting Socket Reader #1 for port 44626
2019-09-30 21:21:01,226 [main] INFO  om.OzoneManager (OzoneManager.java:start(1243)) - OzoneManager RPC server is listening at localhost/127.0.0.1:44626
2019-09-30 21:21:01,226 [main] INFO  impl.MetricsSystemImpl (MetricsSystemImpl.java:init(158)) - OzoneManager metrics system started (again)
2019-09-30 21:21:01,227 [IPC Server Responder] INFO  ipc.Server (Server.java:run(1314)) - IPC Server Responder: starting
2019-09-30 21:21:01,228 [IPC Server listener on 44626] INFO  ipc.Server (Server.java:run(1153)) - IPC Server listener on 44626: starting
2019-09-30 21:21:01,234 [main] INFO  hdfs.DFSUtil (DFSUtil.java:httpServerTemplateForNNAndJN(1641)) - Starting Web-server for ozoneManager at: http://0.0.0.0:0
2019-09-30 21:21:01,236 [main] INFO  server.AuthenticationFilter (AuthenticationFilter.java:constructSecretProvider(240)) - Unable to initialize FileSignerSecretProvider, falling back to use random secrets.
2019-09-30 21:21:01,237 [main] WARN  http.HttpRequestLog (HttpRequestLog.java:getRequestLog(97)) - Jetty request log can only be enabled using Log4j
2019-09-30 21:21:01,239 [main] INFO  http.HttpServer2 (HttpServer2.java:addGlobalFilter(975)) - Added global filter 'safety' (class=org.apache.hadoop.http.HttpServer2$QuotingInputFilter)
2019-09-30 21:21:01,240 [main] INFO  http.HttpServer2 (HttpServer2.java:addFilter(948)) - Added filter static_user_filter (class=org.apache.hadoop.http.lib.StaticUserWebFilter$StaticUserFilter) to context ozoneManager
2019-09-30 21:21:01,240 [main] INFO  http.HttpServer2 (HttpServer2.java:addFilter(958)) - Added filter static_user_filter (class=org.apache.hadoop.http.lib.StaticUserWebFilter$StaticUserFilter) to context static
2019-09-30 21:21:01,240 [main] INFO  http.HttpServer2 (HttpServer2.java:addFilter(958)) - Added filter static_user_filter (class=org.apache.hadoop.http.lib.StaticUserWebFilter$StaticUserFilter) to context logs
2019-09-30 21:21:01,241 [main] INFO  http.HttpServer2 (HttpServer2.java:bindListener(1191)) - Jetty bound to port 42423
2019-09-30 21:21:01,241 [main] INFO  server.Server (Server.java:doStart(351)) - jetty-9.3.25.v20180904, build timestamp: 2018-09-04T21:11:46Z, git hash: 3ce520221d0240229c862b122d2b06c12a625732
2019-09-30 21:21:01,244 [main] INFO  handler.ContextHandler (ContextHandler.java:doStart(781)) - Started o.e.j.s.ServletContextHandler@5a515e5d{/logs,file:///workdir/hadoop-ozone/integration-test/target/log,AVAILABLE}
2019-09-30 21:21:01,244 [main] INFO  handler.ContextHandler (ContextHandler.java:doStart(781)) - Started o.e.j.s.ServletContextHandler@32f32623{/static,file:///workdir/hadoop-ozone/integration-test/target/test-classes/webapps/static,AVAILABLE}
2019-09-30 21:21:01,249 [main] INFO  handler.ContextHandler (ContextHandler.java:doStart(781)) - Started o.e.j.w.WebAppContext@5b000fe6{/,file:///workdir/hadoop-ozone/integration-test/target/test-classes/webapps/ozoneManager/,AVAILABLE}{/ozoneManager}
2019-09-30 21:21:01,249 [main] INFO  server.AbstractConnector (AbstractConnector.java:doStart(278)) - Started ServerConnector@4751e8b9{HTTP/1.1,[http/1.1]}{0.0.0.0:42423}
2019-09-30 21:21:01,252 [main] INFO  server.Server (Server.java:doStart(419)) - Started @106481ms
2019-09-30 21:21:01,252 [main] WARN  impl.MetricsSystemImpl (MetricsSystemImpl.java:register(276)) - Sink prometheus already exists!
2019-09-30 21:21:01,253 [main] INFO  server.BaseHttpServer (BaseHttpServer.java:updateConnectorAddress(215)) - HTTP server of OZONEMANAGER is listening at http://0.0.0.0:42423
2019-09-30 21:21:01,277 [main] INFO  impl.MetricsSystemImpl (MetricsSystemImpl.java:init(158)) - HddsDatanode metrics system started (again)
2019-09-30 21:21:01,280 [main] INFO  ozone.HddsDatanodeService (HddsDatanodeService.java:start(184)) - HddsDatanodeService host:pr-hdds-2211-2dwkd-795013237 ip:192.168.30.59
2019-09-30 21:21:01,287 [main] INFO  volume.HddsVolume (HddsVolume.java:<init>(176)) - Creating Volume: /workdir/hadoop-ozone/integration-test/target/test-dir/MiniOzoneClusterImpl-38345a03-7505-46b8-890f-c5e34e746fd9/datanode-0/data/containers/hdds of  storage type : DISK and capacity : 1482555576320
2019-09-30 21:21:01,288 [main] INFO  volume.VolumeSet (VolumeSet.java:initializeVolumeSet(170)) - Added Volume : /workdir/hadoop-ozone/integration-test/target/test-dir/MiniOzoneClusterImpl-38345a03-7505-46b8-890f-c5e34e746fd9/datanode-0/data/containers/hdds to VolumeSet
2019-09-30 21:21:01,288 [main] INFO  volume.ThrottledAsyncChecker (ThrottledAsyncChecker.java:schedule(139)) - Scheduling a check for org.apache.hadoop.ozone.container.common.volume.HddsVolume@3a479fda
2019-09-30 21:21:01,289 [main] INFO  volume.HddsVolumeChecker (HddsVolumeChecker.java:checkAllVolumes(202)) - Scheduled health check for volume org.apache.hadoop.ozone.container.common.volume.HddsVolume@3a479fda
2019-09-30 21:21:01,306 [main] INFO  impl.RaftServerProxy (ConfUtils.java:logGet(43)) - raft.rpc.type = GRPC (default)
2019-09-30 21:21:01,307 [main] INFO  grpc.GrpcFactory (GrpcFactory.java:checkPooledByteBufAllocatorUseCacheForAllThreads(45)) - PERFORMANCE WARNING: useCacheForAllThreads is true that may cause Netty to create a lot garbage objects and, as a result, trigger GC.
	It is recommended to disable useCacheForAllThreads by setting -Dorg.apache.ratis.thirdparty.io.netty.allocator.useCacheForAllThreads=false in command line.
2019-09-30 21:21:01,307 [main] INFO  grpc.GrpcConfigKeys$Server (ConfUtils.java:logGet(43)) - raft.grpc.server.port = 0 (default)
2019-09-30 21:21:01,307 [main] INFO  server.GrpcService (ConfUtils.java:logGet(43)) - raft.grpc.message.size.max = 33570816 (custom)
2019-09-30 21:21:01,308 [main] INFO  server.RaftServerConfigKeys (ConfUtils.java:logGet(43)) - raft.server.log.appender.buffer.byte-limit = 33554432 (custom)
2019-09-30 21:21:01,308 [main] INFO  server.GrpcService (ConfUtils.java:logGet(43)) - raft.grpc.flow.control.window = 1MB (=1048576) (default)
2019-09-30 21:21:01,308 [main] INFO  server.RaftServerConfigKeys (ConfUtils.java:logGet(43)) - raft.server.rpc.request.timeout = 3000ms (default)
2019-09-30 21:21:01,309 [main] INFO  server.RaftServerConfigKeys (ConfUtils.java:logGet(43)) - raft.server.storage.dir = [/workdir/hadoop-ozone/integration-test/target/test-dir/MiniOzoneClusterImpl-38345a03-7505-46b8-890f-c5e34e746fd9/datanode-0/data/ratis] (custom)
2019-09-30 21:21:01,311 [main] INFO  hdfs.DFSUtil (DFSUtil.java:httpServerTemplateForNNAndJN(1641)) - Starting Web-server for hddsDatanode at: http://0.0.0.0:0
2019-09-30 21:21:01,314 [main] INFO  server.AuthenticationFilter (AuthenticationFilter.java:constructSecretProvider(240)) - Unable to initialize FileSignerSecretProvider, falling back to use random secrets.
2019-09-30 21:21:01,315 [main] WARN  http.HttpRequestLog (HttpRequestLog.java:getRequestLog(97)) - Jetty request log can only be enabled using Log4j
2019-09-30 21:21:01,316 [main] INFO  http.HttpServer2 (HttpServer2.java:addGlobalFilter(975)) - Added global filter 'safety' (class=org.apache.hadoop.http.HttpServer2$QuotingInputFilter)
2019-09-30 21:21:01,317 [main] INFO  http.HttpServer2 (HttpServer2.java:addFilter(948)) - Added filter static_user_filter (class=org.apache.hadoop.http.lib.StaticUserWebFilter$StaticUserFilter) to context hddsDatanode
2019-09-30 21:21:01,317 [main] INFO  http.HttpServer2 (HttpServer2.java:addFilter(958)) - Added filter static_user_filter (class=org.apache.hadoop.http.lib.StaticUserWebFilter$StaticUserFilter) to context static
2019-09-30 21:21:01,317 [main] INFO  http.HttpServer2 (HttpServer2.java:addFilter(958)) - Added filter static_user_filter (class=org.apache.hadoop.http.lib.StaticUserWebFilter$StaticUserFilter) to context logs
2019-09-30 21:21:01,318 [main] INFO  http.HttpServer2 (HttpServer2.java:bindListener(1191)) - Jetty bound to port 45425
2019-09-30 21:21:01,318 [main] INFO  server.Server (Server.java:doStart(351)) - jetty-9.3.25.v20180904, build timestamp: 2018-09-04T21:11:46Z, git hash: 3ce520221d0240229c862b122d2b06c12a625732
2019-09-30 21:21:01,319 [main] INFO  handler.ContextHandler (ContextHandler.java:doStart(781)) - Started o.e.j.s.ServletContextHandler@76d7881e{/logs,file:///workdir/hadoop-ozone/integration-test/target/log,AVAILABLE}
2019-09-30 21:21:01,320 [main] INFO  handler.ContextHandler (ContextHandler.java:doStart(781)) - Started o.e.j.s.ServletContextHandler@7945b206{/static,jar:file:/home/user/.m2/repository/org/apache/hadoop/hadoop-hdds-container-service/0.5.0-SNAPSHOT/hadoop-hdds-container-service-0.5.0-SNAPSHOT.jar!/webapps/static,AVAILABLE}
2019-09-30 21:21:01,348 [main] INFO  handler.ContextHandler (ContextHandler.java:doStart(781)) - Started o.e.j.w.WebAppContext@14168e1{/,file:///tmp/jetty-0.0.0.0-45425-hddsDatanode-_-any-1837684808883418404.dir/webapp/,AVAILABLE}{/hddsDatanode}
2019-09-30 21:21:01,348 [main] INFO  server.AbstractConnector (AbstractConnector.java:doStart(278)) - Started ServerConnector@16a5c7e4{HTTP/1.1,[http/1.1]}{0.0.0.0:45425}
2019-09-30 21:21:01,351 [main] INFO  server.Server (Server.java:doStart(419)) - Started @106579ms
2019-09-30 21:21:01,351 [main] WARN  impl.MetricsSystemImpl (MetricsSystemImpl.java:register(276)) - Sink prometheus already exists!
2019-09-30 21:21:01,352 [main] INFO  server.BaseHttpServer (BaseHttpServer.java:updateConnectorAddress(215)) - HTTP server of HDDSDATANODE is listening at http://0.0.0.0:45425
2019-09-30 21:21:01,352 [main] INFO  impl.MetricsSystemImpl (MetricsSystemImpl.java:init(158)) - HddsDatanode metrics system started (again)
2019-09-30 21:21:01,355 [org.apache.hadoop.util.JvmPauseMonitor$Monitor@44083b75] INFO  util.JvmPauseMonitor (JvmPauseMonitor.java:run(188)) - Starting JVM pause monitor
2019-09-30 21:21:01,355 [main] INFO  ozone.HddsDatanodeService (HddsDatanodeService.java:start(184)) - HddsDatanodeService host:pr-hdds-2211-2dwkd-795013237 ip:192.168.30.59
2019-09-30 21:21:01,357 [Datanode State Machine Thread - 0] INFO  datanode.InitDatanodeState (InitDatanodeState.java:persistContainerDatanodeDetails(140)) - DatanodeDetails is persisted to /workdir/hadoop-ozone/integration-test/target/test-dir/MiniOzoneClusterImpl-38345a03-7505-46b8-890f-c5e34e746fd9/datanode-0/meta/datanode.id
2019-09-30 21:21:01,361 [main] INFO  volume.HddsVolume (HddsVolume.java:<init>(176)) - Creating Volume: /workdir/hadoop-ozone/integration-test/target/test-dir/MiniOzoneClusterImpl-38345a03-7505-46b8-890f-c5e34e746fd9/datanode-1/data/containers/hdds of  storage type : DISK and capacity : 1482555576320
2019-09-30 21:21:01,362 [main] INFO  volume.VolumeSet (VolumeSet.java:initializeVolumeSet(170)) - Added Volume : /workdir/hadoop-ozone/integration-test/target/test-dir/MiniOzoneClusterImpl-38345a03-7505-46b8-890f-c5e34e746fd9/datanode-1/data/containers/hdds to VolumeSet
2019-09-30 21:21:01,362 [main] INFO  volume.ThrottledAsyncChecker (ThrottledAsyncChecker.java:schedule(139)) - Scheduling a check for org.apache.hadoop.ozone.container.common.volume.HddsVolume@4a9860
2019-09-30 21:21:01,362 [main] INFO  volume.HddsVolumeChecker (HddsVolumeChecker.java:checkAllVolumes(202)) - Scheduled health check for volume org.apache.hadoop.ozone.container.common.volume.HddsVolume@4a9860
2019-09-30 21:21:01,376 [main] INFO  impl.RaftServerProxy (ConfUtils.java:logGet(43)) - raft.rpc.type = GRPC (default)
2019-09-30 21:21:01,376 [main] INFO  grpc.GrpcFactory (GrpcFactory.java:checkPooledByteBufAllocatorUseCacheForAllThreads(45)) - PERFORMANCE WARNING: useCacheForAllThreads is true that may cause Netty to create a lot garbage objects and, as a result, trigger GC.
	It is recommended to disable useCacheForAllThreads by setting -Dorg.apache.ratis.thirdparty.io.netty.allocator.useCacheForAllThreads=false in command line.
2019-09-30 21:21:01,376 [main] INFO  grpc.GrpcConfigKeys$Server (ConfUtils.java:logGet(43)) - raft.grpc.server.port = 0 (default)
2019-09-30 21:21:01,376 [main] INFO  server.GrpcService (ConfUtils.java:logGet(43)) - raft.grpc.message.size.max = 33570816 (custom)
2019-09-30 21:21:01,377 [main] INFO  server.RaftServerConfigKeys (ConfUtils.java:logGet(43)) - raft.server.log.appender.buffer.byte-limit = 33554432 (custom)
2019-09-30 21:21:01,377 [main] INFO  server.GrpcService (ConfUtils.java:logGet(43)) - raft.grpc.flow.control.window = 1MB (=1048576) (default)
2019-09-30 21:21:01,377 [main] INFO  server.RaftServerConfigKeys (ConfUtils.java:logGet(43)) - raft.server.rpc.request.timeout = 3000ms (default)
2019-09-30 21:21:01,377 [main] INFO  server.RaftServerConfigKeys (ConfUtils.java:logGet(43)) - raft.server.storage.dir = [/workdir/hadoop-ozone/integration-test/target/test-dir/MiniOzoneClusterImpl-38345a03-7505-46b8-890f-c5e34e746fd9/datanode-1/data/ratis] (custom)
2019-09-30 21:21:01,380 [main] INFO  hdfs.DFSUtil (DFSUtil.java:httpServerTemplateForNNAndJN(1641)) - Starting Web-server for hddsDatanode at: http://0.0.0.0:0
2019-09-30 21:21:01,381 [main] INFO  server.AuthenticationFilter (AuthenticationFilter.java:constructSecretProvider(240)) - Unable to initialize FileSignerSecretProvider, falling back to use random secrets.
2019-09-30 21:21:01,381 [main] WARN  http.HttpRequestLog (HttpRequestLog.java:getRequestLog(97)) - Jetty request log can only be enabled using Log4j
2019-09-30 21:21:01,382 [main] INFO  http.HttpServer2 (HttpServer2.java:addGlobalFilter(975)) - Added global filter 'safety' (class=org.apache.hadoop.http.HttpServer2$QuotingInputFilter)
2019-09-30 21:21:01,383 [main] INFO  http.HttpServer2 (HttpServer2.java:addFilter(948)) - Added filter static_user_filter (class=org.apache.hadoop.http.lib.StaticUserWebFilter$StaticUserFilter) to context hddsDatanode
2019-09-30 21:21:01,383 [main] INFO  http.HttpServer2 (HttpServer2.java:addFilter(958)) - Added filter static_user_filter (class=org.apache.hadoop.http.lib.StaticUserWebFilter$StaticUserFilter) to context logs
2019-09-30 21:21:01,383 [main] INFO  http.HttpServer2 (HttpServer2.java:addFilter(958)) - Added filter static_user_filter (class=org.apache.hadoop.http.lib.StaticUserWebFilter$StaticUserFilter) to context static
2019-09-30 21:21:01,384 [main] INFO  http.HttpServer2 (HttpServer2.java:bindListener(1191)) - Jetty bound to port 38355
2019-09-30 21:21:01,384 [main] INFO  server.Server (Server.java:doStart(351)) - jetty-9.3.25.v20180904, build timestamp: 2018-09-04T21:11:46Z, git hash: 3ce520221d0240229c862b122d2b06c12a625732
2019-09-30 21:21:01,385 [main] INFO  handler.ContextHandler (ContextHandler.java:doStart(781)) - Started o.e.j.s.ServletContextHandler@6436e181{/logs,file:///workdir/hadoop-ozone/integration-test/target/log,AVAILABLE}
2019-09-30 21:21:01,385 [main] INFO  handler.ContextHandler (ContextHandler.java:doStart(781)) - Started o.e.j.s.ServletContextHandler@6b649efa{/static,jar:file:/home/user/.m2/repository/org/apache/hadoop/hadoop-hdds-container-service/0.5.0-SNAPSHOT/hadoop-hdds-container-service-0.5.0-SNAPSHOT.jar!/webapps/static,AVAILABLE}
2019-09-30 21:21:01,412 [main] INFO  handler.ContextHandler (ContextHandler.java:doStart(781)) - Started o.e.j.w.WebAppContext@3cdc7b09{/,file:///tmp/jetty-0.0.0.0-38355-hddsDatanode-_-any-530618603331009540.dir/webapp/,AVAILABLE}{/hddsDatanode}
2019-09-30 21:21:01,412 [main] INFO  server.AbstractConnector (AbstractConnector.java:doStart(278)) - Started ServerConnector@7364eed1{HTTP/1.1,[http/1.1]}{0.0.0.0:38355}
2019-09-30 21:21:01,414 [main] INFO  server.Server (Server.java:doStart(419)) - Started @106642ms
2019-09-30 21:21:01,414 [main] WARN  impl.MetricsSystemImpl (MetricsSystemImpl.java:register(276)) - Sink prometheus already exists!
2019-09-30 21:21:01,414 [main] INFO  server.BaseHttpServer (BaseHttpServer.java:updateConnectorAddress(215)) - HTTP server of HDDSDATANODE is listening at http://0.0.0.0:38355
2019-09-30 21:21:01,415 [main] INFO  impl.MetricsSystemImpl (MetricsSystemImpl.java:init(158)) - HddsDatanode metrics system started (again)
2019-09-30 21:21:01,417 [org.apache.hadoop.util.JvmPauseMonitor$Monitor@49c2d65b] INFO  util.JvmPauseMonitor (JvmPauseMonitor.java:run(188)) - Starting JVM pause monitor
2019-09-30 21:21:01,417 [main] INFO  ozone.HddsDatanodeService (HddsDatanodeService.java:start(184)) - HddsDatanodeService host:pr-hdds-2211-2dwkd-795013237 ip:192.168.30.59
2019-09-30 21:21:01,420 [Datanode State Machine Thread - 0] INFO  datanode.InitDatanodeState (InitDatanodeState.java:persistContainerDatanodeDetails(140)) - DatanodeDetails is persisted to /workdir/hadoop-ozone/integration-test/target/test-dir/MiniOzoneClusterImpl-38345a03-7505-46b8-890f-c5e34e746fd9/datanode-1/meta/datanode.id
2019-09-30 21:21:01,423 [main] INFO  volume.HddsVolume (HddsVolume.java:<init>(176)) - Creating Volume: /workdir/hadoop-ozone/integration-test/target/test-dir/MiniOzoneClusterImpl-38345a03-7505-46b8-890f-c5e34e746fd9/datanode-2/data/containers/hdds of  storage type : DISK and capacity : 1482555576320
2019-09-30 21:21:01,423 [main] INFO  volume.VolumeSet (VolumeSet.java:initializeVolumeSet(170)) - Added Volume : /workdir/hadoop-ozone/integration-test/target/test-dir/MiniOzoneClusterImpl-38345a03-7505-46b8-890f-c5e34e746fd9/datanode-2/data/containers/hdds to VolumeSet
2019-09-30 21:21:01,423 [main] INFO  volume.ThrottledAsyncChecker (ThrottledAsyncChecker.java:schedule(139)) - Scheduling a check for org.apache.hadoop.ozone.container.common.volume.HddsVolume@61bb1e4d
2019-09-30 21:21:01,424 [main] INFO  volume.HddsVolumeChecker (HddsVolumeChecker.java:checkAllVolumes(202)) - Scheduled health check for volume org.apache.hadoop.ozone.container.common.volume.HddsVolume@61bb1e4d
2019-09-30 21:21:01,439 [main] INFO  impl.RaftServerProxy (ConfUtils.java:logGet(43)) - raft.rpc.type = GRPC (default)
2019-09-30 21:21:01,439 [main] INFO  grpc.GrpcFactory (GrpcFactory.java:checkPooledByteBufAllocatorUseCacheForAllThreads(45)) - PERFORMANCE WARNING: useCacheForAllThreads is true that may cause Netty to create a lot garbage objects and, as a result, trigger GC.
	It is recommended to disable useCacheForAllThreads by setting -Dorg.apache.ratis.thirdparty.io.netty.allocator.useCacheForAllThreads=false in command line.
2019-09-30 21:21:01,440 [main] INFO  grpc.GrpcConfigKeys$Server (ConfUtils.java:logGet(43)) - raft.grpc.server.port = 0 (default)
2019-09-30 21:21:01,440 [main] INFO  server.GrpcService (ConfUtils.java:logGet(43)) - raft.grpc.message.size.max = 33570816 (custom)
2019-09-30 21:21:01,440 [main] INFO  server.RaftServerConfigKeys (ConfUtils.java:logGet(43)) - raft.server.log.appender.buffer.byte-limit = 33554432 (custom)
2019-09-30 21:21:01,441 [main] INFO  server.GrpcService (ConfUtils.java:logGet(43)) - raft.grpc.flow.control.window = 1MB (=1048576) (default)
2019-09-30 21:21:01,441 [main] INFO  server.RaftServerConfigKeys (ConfUtils.java:logGet(43)) - raft.server.rpc.request.timeout = 3000ms (default)
2019-09-30 21:21:01,441 [main] INFO  server.RaftServerConfigKeys (ConfUtils.java:logGet(43)) - raft.server.storage.dir = [/workdir/hadoop-ozone/integration-test/target/test-dir/MiniOzoneClusterImpl-38345a03-7505-46b8-890f-c5e34e746fd9/datanode-2/data/ratis] (custom)
2019-09-30 21:21:01,443 [main] INFO  hdfs.DFSUtil (DFSUtil.java:httpServerTemplateForNNAndJN(1641)) - Starting Web-server for hddsDatanode at: http://0.0.0.0:0
2019-09-30 21:21:01,445 [main] INFO  server.AuthenticationFilter (AuthenticationFilter.java:constructSecretProvider(240)) - Unable to initialize FileSignerSecretProvider, falling back to use random secrets.
2019-09-30 21:21:01,445 [main] WARN  http.HttpRequestLog (HttpRequestLog.java:getRequestLog(97)) - Jetty request log can only be enabled using Log4j
2019-09-30 21:21:01,447 [main] INFO  http.HttpServer2 (HttpServer2.java:addGlobalFilter(975)) - Added global filter 'safety' (class=org.apache.hadoop.http.HttpServer2$QuotingInputFilter)
2019-09-30 21:21:01,448 [main] INFO  http.HttpServer2 (HttpServer2.java:addFilter(948)) - Added filter static_user_filter (class=org.apache.hadoop.http.lib.StaticUserWebFilter$StaticUserFilter) to context hddsDatanode
2019-09-30 21:21:01,448 [main] INFO  http.HttpServer2 (HttpServer2.java:addFilter(958)) - Added filter static_user_filter (class=org.apache.hadoop.http.lib.StaticUserWebFilter$StaticUserFilter) to context logs
2019-09-30 21:21:01,448 [main] INFO  http.HttpServer2 (HttpServer2.java:addFilter(958)) - Added filter static_user_filter (class=org.apache.hadoop.http.lib.StaticUserWebFilter$StaticUserFilter) to context static
2019-09-30 21:21:01,449 [main] INFO  http.HttpServer2 (HttpServer2.java:bindListener(1191)) - Jetty bound to port 33824
2019-09-30 21:21:01,449 [main] INFO  server.Server (Server.java:doStart(351)) - jetty-9.3.25.v20180904, build timestamp: 2018-09-04T21:11:46Z, git hash: 3ce520221d0240229c862b122d2b06c12a625732
2019-09-30 21:21:01,451 [main] INFO  handler.ContextHandler (ContextHandler.java:doStart(781)) - Started o.e.j.s.ServletContextHandler@2c748a15{/logs,file:///workdir/hadoop-ozone/integration-test/target/log,AVAILABLE}
2019-09-30 21:21:01,452 [main] INFO  handler.ContextHandler (ContextHandler.java:doStart(781)) - Started o.e.j.s.ServletContextHandler@115dcaea{/static,jar:file:/home/user/.m2/repository/org/apache/hadoop/hadoop-hdds-container-service/0.5.0-SNAPSHOT/hadoop-hdds-container-service-0.5.0-SNAPSHOT.jar!/webapps/static,AVAILABLE}
2019-09-30 21:21:01,486 [main] INFO  handler.ContextHandler (ContextHandler.java:doStart(781)) - Started o.e.j.w.WebAppContext@5ff6dd3c{/,file:///tmp/jetty-0.0.0.0-33824-hddsDatanode-_-any-8638734689886900699.dir/webapp/,AVAILABLE}{/hddsDatanode}
2019-09-30 21:21:01,486 [main] INFO  server.AbstractConnector (AbstractConnector.java:doStart(278)) - Started ServerConnector@5fcd1f0a{HTTP/1.1,[http/1.1]}{0.0.0.0:33824}
2019-09-30 21:21:01,488 [main] INFO  server.Server (Server.java:doStart(419)) - Started @106716ms
2019-09-30 21:21:01,488 [main] WARN  impl.MetricsSystemImpl (MetricsSystemImpl.java:register(276)) - Sink prometheus already exists!
2019-09-30 21:21:01,489 [main] INFO  server.BaseHttpServer (BaseHttpServer.java:updateConnectorAddress(215)) - HTTP server of HDDSDATANODE is listening at http://0.0.0.0:33824
2019-09-30 21:21:01,489 [main] INFO  impl.MetricsSystemImpl (MetricsSystemImpl.java:init(158)) - HddsDatanode metrics system started (again)
2019-09-30 21:21:01,492 [org.apache.hadoop.util.JvmPauseMonitor$Monitor@764524a5] INFO  util.JvmPauseMonitor (JvmPauseMonitor.java:run(188)) - Starting JVM pause monitor
2019-09-30 21:21:01,492 [main] INFO  ozone.HddsDatanodeService (HddsDatanodeService.java:start(184)) - HddsDatanodeService host:pr-hdds-2211-2dwkd-795013237 ip:192.168.30.59
2019-09-30 21:21:01,494 [Datanode State Machine Thread - 0] INFO  datanode.InitDatanodeState (InitDatanodeState.java:persistContainerDatanodeDetails(140)) - DatanodeDetails is persisted to /workdir/hadoop-ozone/integration-test/target/test-dir/MiniOzoneClusterImpl-38345a03-7505-46b8-890f-c5e34e746fd9/datanode-2/meta/datanode.id
2019-09-30 21:21:01,499 [main] INFO  volume.HddsVolume (HddsVolume.java:<init>(176)) - Creating Volume: /workdir/hadoop-ozone/integration-test/target/test-dir/MiniOzoneClusterImpl-38345a03-7505-46b8-890f-c5e34e746fd9/datanode-3/data/containers/hdds of  storage type : DISK and capacity : 1482555576320
2019-09-30 21:21:01,499 [main] INFO  volume.VolumeSet (VolumeSet.java:initializeVolumeSet(170)) - Added Volume : /workdir/hadoop-ozone/integration-test/target/test-dir/MiniOzoneClusterImpl-38345a03-7505-46b8-890f-c5e34e746fd9/datanode-3/data/containers/hdds to VolumeSet
2019-09-30 21:21:01,499 [main] INFO  volume.ThrottledAsyncChecker (ThrottledAsyncChecker.java:schedule(139)) - Scheduling a check for org.apache.hadoop.ozone.container.common.volume.HddsVolume@15d0d6c9
2019-09-30 21:21:01,500 [main] INFO  volume.HddsVolumeChecker (HddsVolumeChecker.java:checkAllVolumes(202)) - Scheduled health check for volume org.apache.hadoop.ozone.container.common.volume.HddsVolume@15d0d6c9
2019-09-30 21:21:01,512 [main] INFO  impl.RaftServerProxy (ConfUtils.java:logGet(43)) - raft.rpc.type = GRPC (default)
2019-09-30 21:21:01,512 [main] INFO  grpc.GrpcFactory (GrpcFactory.java:checkPooledByteBufAllocatorUseCacheForAllThreads(45)) - PERFORMANCE WARNING: useCacheForAllThreads is true that may cause Netty to create a lot garbage objects and, as a result, trigger GC.
	It is recommended to disable useCacheForAllThreads by setting -Dorg.apache.ratis.thirdparty.io.netty.allocator.useCacheForAllThreads=false in command line.
2019-09-30 21:21:01,513 [main] INFO  grpc.GrpcConfigKeys$Server (ConfUtils.java:logGet(43)) - raft.grpc.server.port = 0 (default)
2019-09-30 21:21:01,513 [main] INFO  server.GrpcService (ConfUtils.java:logGet(43)) - raft.grpc.message.size.max = 33570816 (custom)
2019-09-30 21:21:01,513 [main] INFO  server.RaftServerConfigKeys (ConfUtils.java:logGet(43)) - raft.server.log.appender.buffer.byte-limit = 33554432 (custom)
2019-09-30 21:21:01,513 [main] INFO  server.GrpcService (ConfUtils.java:logGet(43)) - raft.grpc.flow.control.window = 1MB (=1048576) (default)
2019-09-30 21:21:01,513 [main] INFO  server.RaftServerConfigKeys (ConfUtils.java:logGet(43)) - raft.server.rpc.request.timeout = 3000ms (default)
2019-09-30 21:21:01,514 [main] INFO  server.RaftServerConfigKeys (ConfUtils.java:logGet(43)) - raft.server.storage.dir = [/workdir/hadoop-ozone/integration-test/target/test-dir/MiniOzoneClusterImpl-38345a03-7505-46b8-890f-c5e34e746fd9/datanode-3/data/ratis] (custom)
2019-09-30 21:21:01,515 [main] INFO  hdfs.DFSUtil (DFSUtil.java:httpServerTemplateForNNAndJN(1641)) - Starting Web-server for hddsDatanode at: http://0.0.0.0:0
2019-09-30 21:21:01,517 [main] INFO  server.AuthenticationFilter (AuthenticationFilter.java:constructSecretProvider(240)) - Unable to initialize FileSignerSecretProvider, falling back to use random secrets.
2019-09-30 21:21:01,517 [main] WARN  http.HttpRequestLog (HttpRequestLog.java:getRequestLog(97)) - Jetty request log can only be enabled using Log4j
2019-09-30 21:21:01,519 [main] INFO  http.HttpServer2 (HttpServer2.java:addGlobalFilter(975)) - Added global filter 'safety' (class=org.apache.hadoop.http.HttpServer2$QuotingInputFilter)
2019-09-30 21:21:01,520 [main] INFO  http.HttpServer2 (HttpServer2.java:addFilter(948)) - Added filter static_user_filter (class=org.apache.hadoop.http.lib.StaticUserWebFilter$StaticUserFilter) to context hddsDatanode
2019-09-30 21:21:01,520 [main] INFO  http.HttpServer2 (HttpServer2.java:addFilter(958)) - Added filter static_user_filter (class=org.apache.hadoop.http.lib.StaticUserWebFilter$StaticUserFilter) to context static
2019-09-30 21:21:01,520 [main] INFO  http.HttpServer2 (HttpServer2.java:addFilter(958)) - Added filter static_user_filter (class=org.apache.hadoop.http.lib.StaticUserWebFilter$StaticUserFilter) to context logs
2019-09-30 21:21:01,521 [main] INFO  http.HttpServer2 (HttpServer2.java:bindListener(1191)) - Jetty bound to port 41315
2019-09-30 21:21:01,522 [main] INFO  server.Server (Server.java:doStart(351)) - jetty-9.3.25.v20180904, build timestamp: 2018-09-04T21:11:46Z, git hash: 3ce520221d0240229c862b122d2b06c12a625732
2019-09-30 21:21:01,524 [main] INFO  handler.ContextHandler (ContextHandler.java:doStart(781)) - Started o.e.j.s.ServletContextHandler@ee8e7ff{/logs,file:///workdir/hadoop-ozone/integration-test/target/log,AVAILABLE}
2019-09-30 21:21:01,524 [main] INFO  handler.ContextHandler (ContextHandler.java:doStart(781)) - Started o.e.j.s.ServletContextHandler@64b70f41{/static,jar:file:/home/user/.m2/repository/org/apache/hadoop/hadoop-hdds-container-service/0.5.0-SNAPSHOT/hadoop-hdds-container-service-0.5.0-SNAPSHOT.jar!/webapps/static,AVAILABLE}
2019-09-30 21:21:01,567 [main] INFO  handler.ContextHandler (ContextHandler.java:doStart(781)) - Started o.e.j.w.WebAppContext@47829d6d{/,file:///tmp/jetty-0.0.0.0-41315-hddsDatanode-_-any-2549535438220911460.dir/webapp/,AVAILABLE}{/hddsDatanode}
2019-09-30 21:21:01,568 [main] INFO  server.AbstractConnector (AbstractConnector.java:doStart(278)) - Started ServerConnector@2f677247{HTTP/1.1,[http/1.1]}{0.0.0.0:41315}
2019-09-30 21:21:01,569 [main] INFO  server.Server (Server.java:doStart(419)) - Started @106798ms
2019-09-30 21:21:01,569 [main] WARN  impl.MetricsSystemImpl (MetricsSystemImpl.java:register(276)) - Sink prometheus already exists!
2019-09-30 21:21:01,570 [main] INFO  server.BaseHttpServer (BaseHttpServer.java:updateConnectorAddress(215)) - HTTP server of HDDSDATANODE is listening at http://0.0.0.0:41315
2019-09-30 21:21:01,570 [main] INFO  impl.MetricsSystemImpl (MetricsSystemImpl.java:init(158)) - HddsDatanode metrics system started (again)
2019-09-30 21:21:01,574 [org.apache.hadoop.util.JvmPauseMonitor$Monitor@872213a] INFO  util.JvmPauseMonitor (JvmPauseMonitor.java:run(188)) - Starting JVM pause monitor
2019-09-30 21:21:01,574 [main] INFO  ozone.HddsDatanodeService (HddsDatanodeService.java:start(184)) - HddsDatanodeService host:pr-hdds-2211-2dwkd-795013237 ip:192.168.30.59
2019-09-30 21:21:01,575 [Datanode State Machine Thread - 0] INFO  datanode.InitDatanodeState (InitDatanodeState.java:persistContainerDatanodeDetails(140)) - DatanodeDetails is persisted to /workdir/hadoop-ozone/integration-test/target/test-dir/MiniOzoneClusterImpl-38345a03-7505-46b8-890f-c5e34e746fd9/datanode-3/meta/datanode.id
2019-09-30 21:21:01,585 [main] INFO  volume.HddsVolume (HddsVolume.java:<init>(176)) - Creating Volume: /workdir/hadoop-ozone/integration-test/target/test-dir/MiniOzoneClusterImpl-38345a03-7505-46b8-890f-c5e34e746fd9/datanode-4/data/containers/hdds of  storage type : DISK and capacity : 1482555576320
2019-09-30 21:21:01,586 [main] INFO  volume.VolumeSet (VolumeSet.java:initializeVolumeSet(170)) - Added Volume : /workdir/hadoop-ozone/integration-test/target/test-dir/MiniOzoneClusterImpl-38345a03-7505-46b8-890f-c5e34e746fd9/datanode-4/data/containers/hdds to VolumeSet
2019-09-30 21:21:01,586 [main] INFO  volume.ThrottledAsyncChecker (ThrottledAsyncChecker.java:schedule(139)) - Scheduling a check for org.apache.hadoop.ozone.container.common.volume.HddsVolume@32091c14
2019-09-30 21:21:01,586 [main] INFO  volume.HddsVolumeChecker (HddsVolumeChecker.java:checkAllVolumes(202)) - Scheduled health check for volume org.apache.hadoop.ozone.container.common.volume.HddsVolume@32091c14
2019-09-30 21:21:01,603 [main] INFO  impl.RaftServerProxy (ConfUtils.java:logGet(43)) - raft.rpc.type = GRPC (default)
2019-09-30 21:21:01,603 [main] INFO  grpc.GrpcFactory (GrpcFactory.java:checkPooledByteBufAllocatorUseCacheForAllThreads(45)) - PERFORMANCE WARNING: useCacheForAllThreads is true that may cause Netty to create a lot garbage objects and, as a result, trigger GC.
	It is recommended to disable useCacheForAllThreads by setting -Dorg.apache.ratis.thirdparty.io.netty.allocator.useCacheForAllThreads=false in command line.
2019-09-30 21:21:01,603 [main] INFO  grpc.GrpcConfigKeys$Server (ConfUtils.java:logGet(43)) - raft.grpc.server.port = 0 (default)
2019-09-30 21:21:01,604 [main] INFO  server.GrpcService (ConfUtils.java:logGet(43)) - raft.grpc.message.size.max = 33570816 (custom)
2019-09-30 21:21:01,604 [main] INFO  server.RaftServerConfigKeys (ConfUtils.java:logGet(43)) - raft.server.log.appender.buffer.byte-limit = 33554432 (custom)
2019-09-30 21:21:01,604 [main] INFO  server.GrpcService (ConfUtils.java:logGet(43)) - raft.grpc.flow.control.window = 1MB (=1048576) (default)
2019-09-30 21:21:01,604 [main] INFO  server.RaftServerConfigKeys (ConfUtils.java:logGet(43)) - raft.server.rpc.request.timeout = 3000ms (default)
2019-09-30 21:21:01,605 [main] INFO  server.RaftServerConfigKeys (ConfUtils.java:logGet(43)) - raft.server.storage.dir = [/workdir/hadoop-ozone/integration-test/target/test-dir/MiniOzoneClusterImpl-38345a03-7505-46b8-890f-c5e34e746fd9/datanode-4/data/ratis] (custom)
2019-09-30 21:21:01,607 [main] INFO  hdfs.DFSUtil (DFSUtil.java:httpServerTemplateForNNAndJN(1641)) - Starting Web-server for hddsDatanode at: http://0.0.0.0:0
2019-09-30 21:21:01,608 [main] INFO  server.AuthenticationFilter (AuthenticationFilter.java:constructSecretProvider(240)) - Unable to initialize FileSignerSecretProvider, falling back to use random secrets.
2019-09-30 21:21:01,608 [main] WARN  http.HttpRequestLog (HttpRequestLog.java:getRequestLog(97)) - Jetty request log can only be enabled using Log4j
2019-09-30 21:21:01,609 [main] INFO  http.HttpServer2 (HttpServer2.java:addGlobalFilter(975)) - Added global filter 'safety' (class=org.apache.hadoop.http.HttpServer2$QuotingInputFilter)
2019-09-30 21:21:01,610 [main] INFO  http.HttpServer2 (HttpServer2.java:addFilter(948)) - Added filter static_user_filter (class=org.apache.hadoop.http.lib.StaticUserWebFilter$StaticUserFilter) to context hddsDatanode
2019-09-30 21:21:01,610 [main] INFO  http.HttpServer2 (HttpServer2.java:addFilter(958)) - Added filter static_user_filter (class=org.apache.hadoop.http.lib.StaticUserWebFilter$StaticUserFilter) to context logs
2019-09-30 21:21:01,610 [main] INFO  http.HttpServer2 (HttpServer2.java:addFilter(958)) - Added filter static_user_filter (class=org.apache.hadoop.http.lib.StaticUserWebFilter$StaticUserFilter) to context static
2019-09-30 21:21:01,611 [main] INFO  http.HttpServer2 (HttpServer2.java:bindListener(1191)) - Jetty bound to port 42541
2019-09-30 21:21:01,611 [main] INFO  server.Server (Server.java:doStart(351)) - jetty-9.3.25.v20180904, build timestamp: 2018-09-04T21:11:46Z, git hash: 3ce520221d0240229c862b122d2b06c12a625732
2019-09-30 21:21:01,613 [main] INFO  handler.ContextHandler (ContextHandler.java:doStart(781)) - Started o.e.j.s.ServletContextHandler@72443081{/logs,file:///workdir/hadoop-ozone/integration-test/target/log,AVAILABLE}
2019-09-30 21:21:01,613 [main] INFO  handler.ContextHandler (ContextHandler.java:doStart(781)) - Started o.e.j.s.ServletContextHandler@6588b715{/static,jar:file:/home/user/.m2/repository/org/apache/hadoop/hadoop-hdds-container-service/0.5.0-SNAPSHOT/hadoop-hdds-container-service-0.5.0-SNAPSHOT.jar!/webapps/static,AVAILABLE}
2019-09-30 21:21:01,643 [main] INFO  handler.ContextHandler (ContextHandler.java:doStart(781)) - Started o.e.j.w.WebAppContext@1bedc703{/,file:///tmp/jetty-0.0.0.0-42541-hddsDatanode-_-any-138849714355145993.dir/webapp/,AVAILABLE}{/hddsDatanode}
2019-09-30 21:21:01,643 [main] INFO  server.AbstractConnector (AbstractConnector.java:doStart(278)) - Started ServerConnector@18d11527{HTTP/1.1,[http/1.1]}{0.0.0.0:42541}
2019-09-30 21:21:01,645 [main] INFO  server.Server (Server.java:doStart(419)) - Started @106873ms
2019-09-30 21:21:01,645 [main] WARN  impl.MetricsSystemImpl (MetricsSystemImpl.java:register(276)) - Sink prometheus already exists!
2019-09-30 21:21:01,645 [main] INFO  server.BaseHttpServer (BaseHttpServer.java:updateConnectorAddress(215)) - HTTP server of HDDSDATANODE is listening at http://0.0.0.0:42541
2019-09-30 21:21:01,646 [main] INFO  impl.MetricsSystemImpl (MetricsSystemImpl.java:init(158)) - HddsDatanode metrics system started (again)
2019-09-30 21:21:01,649 [main] INFO  ozone.HddsDatanodeService (HddsDatanodeService.java:start(184)) - HddsDatanodeService host:pr-hdds-2211-2dwkd-795013237 ip:192.168.30.59
2019-09-30 21:21:01,649 [org.apache.hadoop.util.JvmPauseMonitor$Monitor@4fd56ed9] INFO  util.JvmPauseMonitor (JvmPauseMonitor.java:run(188)) - Starting JVM pause monitor
2019-09-30 21:21:01,651 [Datanode State Machine Thread - 0] INFO  datanode.InitDatanodeState (InitDatanodeState.java:persistContainerDatanodeDetails(140)) - DatanodeDetails is persisted to /workdir/hadoop-ozone/integration-test/target/test-dir/MiniOzoneClusterImpl-38345a03-7505-46b8-890f-c5e34e746fd9/datanode-4/meta/datanode.id
2019-09-30 21:21:01,656 [main] INFO  volume.HddsVolume (HddsVolume.java:<init>(176)) - Creating Volume: /workdir/hadoop-ozone/integration-test/target/test-dir/MiniOzoneClusterImpl-38345a03-7505-46b8-890f-c5e34e746fd9/datanode-5/data/containers/hdds of  storage type : DISK and capacity : 1482555576320
2019-09-30 21:21:01,656 [main] INFO  volume.VolumeSet (VolumeSet.java:initializeVolumeSet(170)) - Added Volume : /workdir/hadoop-ozone/integration-test/target/test-dir/MiniOzoneClusterImpl-38345a03-7505-46b8-890f-c5e34e746fd9/datanode-5/data/containers/hdds to VolumeSet
2019-09-30 21:21:01,656 [main] INFO  volume.ThrottledAsyncChecker (ThrottledAsyncChecker.java:schedule(139)) - Scheduling a check for org.apache.hadoop.ozone.container.common.volume.HddsVolume@7f4596d0
2019-09-30 21:21:01,656 [main] INFO  volume.HddsVolumeChecker (HddsVolumeChecker.java:checkAllVolumes(202)) - Scheduled health check for volume org.apache.hadoop.ozone.container.common.volume.HddsVolume@7f4596d0
2019-09-30 21:21:01,670 [main] INFO  impl.RaftServerProxy (ConfUtils.java:logGet(43)) - raft.rpc.type = GRPC (default)
2019-09-30 21:21:01,670 [main] INFO  grpc.GrpcFactory (GrpcFactory.java:checkPooledByteBufAllocatorUseCacheForAllThreads(45)) - PERFORMANCE WARNING: useCacheForAllThreads is true that may cause Netty to create a lot garbage objects and, as a result, trigger GC.
	It is recommended to disable useCacheForAllThreads by setting -Dorg.apache.ratis.thirdparty.io.netty.allocator.useCacheForAllThreads=false in command line.
2019-09-30 21:21:01,670 [main] INFO  grpc.GrpcConfigKeys$Server (ConfUtils.java:logGet(43)) - raft.grpc.server.port = 0 (default)
2019-09-30 21:21:01,670 [main] INFO  server.GrpcService (ConfUtils.java:logGet(43)) - raft.grpc.message.size.max = 33570816 (custom)
2019-09-30 21:21:01,670 [main] INFO  server.RaftServerConfigKeys (ConfUtils.java:logGet(43)) - raft.server.log.appender.buffer.byte-limit = 33554432 (custom)
2019-09-30 21:21:01,670 [main] INFO  server.GrpcService (ConfUtils.java:logGet(43)) - raft.grpc.flow.control.window = 1MB (=1048576) (default)
2019-09-30 21:21:01,671 [main] INFO  server.RaftServerConfigKeys (ConfUtils.java:logGet(43)) - raft.server.rpc.request.timeout = 3000ms (default)
2019-09-30 21:21:01,671 [main] INFO  server.RaftServerConfigKeys (ConfUtils.java:logGet(43)) - raft.server.storage.dir = [/workdir/hadoop-ozone/integration-test/target/test-dir/MiniOzoneClusterImpl-38345a03-7505-46b8-890f-c5e34e746fd9/datanode-5/data/ratis] (custom)
2019-09-30 21:21:01,672 [main] INFO  hdfs.DFSUtil (DFSUtil.java:httpServerTemplateForNNAndJN(1641)) - Starting Web-server for hddsDatanode at: http://0.0.0.0:0
2019-09-30 21:21:01,673 [main] INFO  server.AuthenticationFilter (AuthenticationFilter.java:constructSecretProvider(240)) - Unable to initialize FileSignerSecretProvider, falling back to use random secrets.
2019-09-30 21:21:01,674 [main] WARN  http.HttpRequestLog (HttpRequestLog.java:getRequestLog(97)) - Jetty request log can only be enabled using Log4j
2019-09-30 21:21:01,675 [main] INFO  http.HttpServer2 (HttpServer2.java:addGlobalFilter(975)) - Added global filter 'safety' (class=org.apache.hadoop.http.HttpServer2$QuotingInputFilter)
2019-09-30 21:21:01,675 [main] INFO  http.HttpServer2 (HttpServer2.java:addFilter(948)) - Added filter static_user_filter (class=org.apache.hadoop.http.lib.StaticUserWebFilter$StaticUserFilter) to context hddsDatanode
2019-09-30 21:21:01,675 [main] INFO  http.HttpServer2 (HttpServer2.java:addFilter(958)) - Added filter static_user_filter (class=org.apache.hadoop.http.lib.StaticUserWebFilter$StaticUserFilter) to context static
2019-09-30 21:21:01,676 [main] INFO  http.HttpServer2 (HttpServer2.java:addFilter(958)) - Added filter static_user_filter (class=org.apache.hadoop.http.lib.StaticUserWebFilter$StaticUserFilter) to context logs
2019-09-30 21:21:01,676 [main] INFO  http.HttpServer2 (HttpServer2.java:bindListener(1191)) - Jetty bound to port 41861
2019-09-30 21:21:01,676 [main] INFO  server.Server (Server.java:doStart(351)) - jetty-9.3.25.v20180904, build timestamp: 2018-09-04T21:11:46Z, git hash: 3ce520221d0240229c862b122d2b06c12a625732
2019-09-30 21:21:01,678 [main] INFO  handler.ContextHandler (ContextHandler.java:doStart(781)) - Started o.e.j.s.ServletContextHandler@1c34365c{/logs,file:///workdir/hadoop-ozone/integration-test/target/log,AVAILABLE}
2019-09-30 21:21:01,678 [main] INFO  handler.ContextHandler (ContextHandler.java:doStart(781)) - Started o.e.j.s.ServletContextHandler@412c5e8b{/static,jar:file:/home/user/.m2/repository/org/apache/hadoop/hadoop-hdds-container-service/0.5.0-SNAPSHOT/hadoop-hdds-container-service-0.5.0-SNAPSHOT.jar!/webapps/static,AVAILABLE}
2019-09-30 21:21:01,705 [main] INFO  handler.ContextHandler (ContextHandler.java:doStart(781)) - Started o.e.j.w.WebAppContext@1e01b133{/,file:///tmp/jetty-0.0.0.0-41861-hddsDatanode-_-any-4531586853573145410.dir/webapp/,AVAILABLE}{/hddsDatanode}
2019-09-30 21:21:01,706 [main] INFO  server.AbstractConnector (AbstractConnector.java:doStart(278)) - Started ServerConnector@262a1fad{HTTP/1.1,[http/1.1]}{0.0.0.0:41861}
2019-09-30 21:21:01,707 [main] INFO  server.Server (Server.java:doStart(419)) - Started @106936ms
2019-09-30 21:21:01,707 [main] WARN  impl.MetricsSystemImpl (MetricsSystemImpl.java:register(276)) - Sink prometheus already exists!
2019-09-30 21:21:01,708 [main] INFO  server.BaseHttpServer (BaseHttpServer.java:updateConnectorAddress(215)) - HTTP server of HDDSDATANODE is listening at http://0.0.0.0:41861
2019-09-30 21:21:01,708 [main] INFO  impl.MetricsSystemImpl (MetricsSystemImpl.java:init(158)) - HddsDatanode metrics system started (again)
2019-09-30 21:21:01,712 [org.apache.hadoop.util.JvmPauseMonitor$Monitor@2cc32dc9] INFO  util.JvmPauseMonitor (JvmPauseMonitor.java:run(188)) - Starting JVM pause monitor
2019-09-30 21:21:01,712 [main] INFO  ozone.HddsDatanodeService (HddsDatanodeService.java:start(184)) - HddsDatanodeService host:pr-hdds-2211-2dwkd-795013237 ip:192.168.30.59
2019-09-30 21:21:01,713 [Datanode State Machine Thread - 0] INFO  datanode.InitDatanodeState (InitDatanodeState.java:persistContainerDatanodeDetails(140)) - DatanodeDetails is persisted to /workdir/hadoop-ozone/integration-test/target/test-dir/MiniOzoneClusterImpl-38345a03-7505-46b8-890f-c5e34e746fd9/datanode-5/meta/datanode.id
2019-09-30 21:21:01,718 [main] INFO  volume.HddsVolume (HddsVolume.java:<init>(176)) - Creating Volume: /workdir/hadoop-ozone/integration-test/target/test-dir/MiniOzoneClusterImpl-38345a03-7505-46b8-890f-c5e34e746fd9/datanode-6/data/containers/hdds of  storage type : DISK and capacity : 1482555576320
2019-09-30 21:21:01,718 [main] INFO  volume.VolumeSet (VolumeSet.java:initializeVolumeSet(170)) - Added Volume : /workdir/hadoop-ozone/integration-test/target/test-dir/MiniOzoneClusterImpl-38345a03-7505-46b8-890f-c5e34e746fd9/datanode-6/data/containers/hdds to VolumeSet
2019-09-30 21:21:01,719 [main] INFO  volume.ThrottledAsyncChecker (ThrottledAsyncChecker.java:schedule(139)) - Scheduling a check for org.apache.hadoop.ozone.container.common.volume.HddsVolume@2db6d68d
2019-09-30 21:21:01,719 [main] INFO  volume.HddsVolumeChecker (HddsVolumeChecker.java:checkAllVolumes(202)) - Scheduled health check for volume org.apache.hadoop.ozone.container.common.volume.HddsVolume@2db6d68d
2019-09-30 21:21:01,732 [main] INFO  impl.RaftServerProxy (ConfUtils.java:logGet(43)) - raft.rpc.type = GRPC (default)
2019-09-30 21:21:01,732 [main] INFO  grpc.GrpcFactory (GrpcFactory.java:checkPooledByteBufAllocatorUseCacheForAllThreads(45)) - PERFORMANCE WARNING: useCacheForAllThreads is true that may cause Netty to create a lot garbage objects and, as a result, trigger GC.
	It is recommended to disable useCacheForAllThreads by setting -Dorg.apache.ratis.thirdparty.io.netty.allocator.useCacheForAllThreads=false in command line.
2019-09-30 21:21:01,732 [main] INFO  grpc.GrpcConfigKeys$Server (ConfUtils.java:logGet(43)) - raft.grpc.server.port = 0 (default)
2019-09-30 21:21:01,733 [main] INFO  server.GrpcService (ConfUtils.java:logGet(43)) - raft.grpc.message.size.max = 33570816 (custom)
2019-09-30 21:21:01,733 [main] INFO  server.RaftServerConfigKeys (ConfUtils.java:logGet(43)) - raft.server.log.appender.buffer.byte-limit = 33554432 (custom)
2019-09-30 21:21:01,733 [main] INFO  server.GrpcService (ConfUtils.java:logGet(43)) - raft.grpc.flow.control.window = 1MB (=1048576) (default)
2019-09-30 21:21:01,733 [main] INFO  server.RaftServerConfigKeys (ConfUtils.java:logGet(43)) - raft.server.rpc.request.timeout = 3000ms (default)
2019-09-30 21:21:01,734 [main] INFO  server.RaftServerConfigKeys (ConfUtils.java:logGet(43)) - raft.server.storage.dir = [/workdir/hadoop-ozone/integration-test/target/test-dir/MiniOzoneClusterImpl-38345a03-7505-46b8-890f-c5e34e746fd9/datanode-6/data/ratis] (custom)
2019-09-30 21:21:01,735 [main] INFO  hdfs.DFSUtil (DFSUtil.java:httpServerTemplateForNNAndJN(1641)) - Starting Web-server for hddsDatanode at: http://0.0.0.0:0
2019-09-30 21:21:01,736 [main] INFO  server.AuthenticationFilter (AuthenticationFilter.java:constructSecretProvider(240)) - Unable to initialize FileSignerSecretProvider, falling back to use random secrets.
2019-09-30 21:21:01,736 [main] WARN  http.HttpRequestLog (HttpRequestLog.java:getRequestLog(97)) - Jetty request log can only be enabled using Log4j
2019-09-30 21:21:01,737 [main] INFO  http.HttpServer2 (HttpServer2.java:addGlobalFilter(975)) - Added global filter 'safety' (class=org.apache.hadoop.http.HttpServer2$QuotingInputFilter)
2019-09-30 21:21:01,738 [main] INFO  http.HttpServer2 (HttpServer2.java:addFilter(948)) - Added filter static_user_filter (class=org.apache.hadoop.http.lib.StaticUserWebFilter$StaticUserFilter) to context hddsDatanode
2019-09-30 21:21:01,738 [main] INFO  http.HttpServer2 (HttpServer2.java:addFilter(958)) - Added filter static_user_filter (class=org.apache.hadoop.http.lib.StaticUserWebFilter$StaticUserFilter) to context logs
2019-09-30 21:21:01,738 [main] INFO  http.HttpServer2 (HttpServer2.java:addFilter(958)) - Added filter static_user_filter (class=org.apache.hadoop.http.lib.StaticUserWebFilter$StaticUserFilter) to context static
2019-09-30 21:21:01,738 [main] INFO  http.HttpServer2 (HttpServer2.java:bindListener(1191)) - Jetty bound to port 44245
2019-09-30 21:21:01,739 [main] INFO  server.Server (Server.java:doStart(351)) - jetty-9.3.25.v20180904, build timestamp: 2018-09-04T21:11:46Z, git hash: 3ce520221d0240229c862b122d2b06c12a625732
2019-09-30 21:21:01,740 [main] INFO  handler.ContextHandler (ContextHandler.java:doStart(781)) - Started o.e.j.s.ServletContextHandler@193bb809{/logs,file:///workdir/hadoop-ozone/integration-test/target/log,AVAILABLE}
2019-09-30 21:21:01,740 [main] INFO  handler.ContextHandler (ContextHandler.java:doStart(781)) - Started o.e.j.s.ServletContextHandler@20801cbb{/static,jar:file:/home/user/.m2/repository/org/apache/hadoop/hadoop-hdds-container-service/0.5.0-SNAPSHOT/hadoop-hdds-container-service-0.5.0-SNAPSHOT.jar!/webapps/static,AVAILABLE}
2019-09-30 21:21:01,769 [main] INFO  handler.ContextHandler (ContextHandler.java:doStart(781)) - Started o.e.j.w.WebAppContext@523a7801{/,file:///tmp/jetty-0.0.0.0-44245-hddsDatanode-_-any-4970582754012826989.dir/webapp/,AVAILABLE}{/hddsDatanode}
2019-09-30 21:21:01,770 [main] INFO  server.AbstractConnector (AbstractConnector.java:doStart(278)) - Started ServerConnector@718fd7c1{HTTP/1.1,[http/1.1]}{0.0.0.0:44245}
2019-09-30 21:21:01,771 [main] INFO  server.Server (Server.java:doStart(419)) - Started @106999ms
2019-09-30 21:21:01,771 [main] WARN  impl.MetricsSystemImpl (MetricsSystemImpl.java:register(276)) - Sink prometheus already exists!
2019-09-30 21:21:01,771 [main] INFO  server.BaseHttpServer (BaseHttpServer.java:updateConnectorAddress(215)) - HTTP server of HDDSDATANODE is listening at http://0.0.0.0:44245
2019-09-30 21:21:01,772 [main] INFO  ozone.MiniOzoneClusterImpl (MiniOzoneClusterImpl.java:lambda$waitForClusterToBeReady$0(147)) - Waiting for cluster to be ready. Got 0 of 7 DN Heartbeats.
2019-09-30 21:21:01,773 [org.apache.hadoop.util.JvmPauseMonitor$Monitor@2cf5d554] INFO  util.JvmPauseMonitor (JvmPauseMonitor.java:run(188)) - Starting JVM pause monitor
2019-09-30 21:21:01,775 [Datanode State Machine Thread - 0] INFO  datanode.InitDatanodeState (InitDatanodeState.java:persistContainerDatanodeDetails(140)) - DatanodeDetails is persisted to /workdir/hadoop-ozone/integration-test/target/test-dir/MiniOzoneClusterImpl-38345a03-7505-46b8-890f-c5e34e746fd9/datanode-6/meta/datanode.id
2019-09-30 21:21:02,772 [main] INFO  ozone.MiniOzoneClusterImpl (MiniOzoneClusterImpl.java:lambda$waitForClusterToBeReady$0(147)) - Waiting for cluster to be ready. Got 0 of 7 DN Heartbeats.
2019-09-30 21:21:03,399 [Datanode State Machine Thread - 0] INFO  ozoneimpl.OzoneContainer (OzoneContainer.java:start(217)) - Attempting to start container services.
2019-09-30 21:21:03,400 [Datanode State Machine Thread - 0] INFO  ozoneimpl.OzoneContainer (OzoneContainer.java:startContainerScrub(179)) - Background container scanner has been disabled.
2019-09-30 21:21:03,401 [Datanode State Machine Thread - 0] INFO  ratis.XceiverServerRatis (XceiverServerRatis.java:start(417)) - Starting XceiverServerRatis f5e62a19-0973-437d-99a7-8f75ed3d6170 at port 0
2019-09-30 21:21:03,409 [Datanode State Machine Thread - 0] INFO  impl.RaftServerProxy (RaftServerProxy.java:lambda$start$3(299)) - f5e62a19-0973-437d-99a7-8f75ed3d6170: start RPC server
2019-09-30 21:21:03,412 [Datanode State Machine Thread - 0] INFO  server.GrpcService (GrpcService.java:startImpl(158)) - f5e62a19-0973-437d-99a7-8f75ed3d6170: GrpcService started, listening on 0.0.0.0/0.0.0.0:39954
2019-09-30 21:21:03,412 [Datanode State Machine Thread - 0] INFO  ratis.XceiverServerRatis (XceiverServerRatis.java:start(427)) - XceiverServerRatis f5e62a19-0973-437d-99a7-8f75ed3d6170 is started using port 39954
2019-09-30 21:21:03,413 [Datanode State Machine Thread - 0] INFO  server.XceiverServerGrpc (XceiverServerGrpc.java:start(149)) - XceiverServerGrpc f5e62a19-0973-437d-99a7-8f75ed3d6170 is started using port 38650
2019-09-30 21:21:03,436 [Datanode State Machine Thread - 0] INFO  ozoneimpl.OzoneContainer (OzoneContainer.java:start(217)) - Attempting to start container services.
2019-09-30 21:21:03,438 [Datanode State Machine Thread - 0] INFO  ozoneimpl.OzoneContainer (OzoneContainer.java:startContainerScrub(179)) - Background container scanner has been disabled.
2019-09-30 21:21:03,438 [Datanode State Machine Thread - 0] INFO  ratis.XceiverServerRatis (XceiverServerRatis.java:start(417)) - Starting XceiverServerRatis 99573aa8-d5bb-48c2-a623-6999335be6bf at port 0
2019-09-30 21:21:03,447 [Datanode State Machine Thread - 0] INFO  impl.RaftServerProxy (RaftServerProxy.java:lambda$start$3(299)) - 99573aa8-d5bb-48c2-a623-6999335be6bf: start RPC server
2019-09-30 21:21:03,448 [Datanode State Machine Thread - 0] INFO  server.GrpcService (GrpcService.java:startImpl(158)) - 99573aa8-d5bb-48c2-a623-6999335be6bf: GrpcService started, listening on 0.0.0.0/0.0.0.0:39103
2019-09-30 21:21:03,448 [Datanode State Machine Thread - 0] INFO  ratis.XceiverServerRatis (XceiverServerRatis.java:start(427)) - XceiverServerRatis 99573aa8-d5bb-48c2-a623-6999335be6bf is started using port 39103
2019-09-30 21:21:03,449 [Datanode State Machine Thread - 0] INFO  server.XceiverServerGrpc (XceiverServerGrpc.java:start(149)) - XceiverServerGrpc 99573aa8-d5bb-48c2-a623-6999335be6bf is started using port 41762
2019-09-30 21:21:03,516 [Datanode State Machine Thread - 0] INFO  ozoneimpl.OzoneContainer (OzoneContainer.java:start(217)) - Attempting to start container services.
2019-09-30 21:21:03,517 [Datanode State Machine Thread - 0] INFO  ozoneimpl.OzoneContainer (OzoneContainer.java:startContainerScrub(179)) - Background container scanner has been disabled.
2019-09-30 21:21:03,517 [Datanode State Machine Thread - 0] INFO  ratis.XceiverServerRatis (XceiverServerRatis.java:start(417)) - Starting XceiverServerRatis 87c7a9b1-d7b6-4309-99d8-23a8eec06c53 at port 0
2019-09-30 21:21:03,525 [Datanode State Machine Thread - 0] INFO  impl.RaftServerProxy (RaftServerProxy.java:lambda$start$3(299)) - 87c7a9b1-d7b6-4309-99d8-23a8eec06c53: start RPC server
2019-09-30 21:21:03,527 [Datanode State Machine Thread - 0] INFO  server.GrpcService (GrpcService.java:startImpl(158)) - 87c7a9b1-d7b6-4309-99d8-23a8eec06c53: GrpcService started, listening on 0.0.0.0/0.0.0.0:32942
2019-09-30 21:21:03,527 [Datanode State Machine Thread - 0] INFO  ratis.XceiverServerRatis (XceiverServerRatis.java:start(427)) - XceiverServerRatis 87c7a9b1-d7b6-4309-99d8-23a8eec06c53 is started using port 32942
2019-09-30 21:21:03,529 [Datanode State Machine Thread - 0] INFO  server.XceiverServerGrpc (XceiverServerGrpc.java:start(149)) - XceiverServerGrpc 87c7a9b1-d7b6-4309-99d8-23a8eec06c53 is started using port 42720
2019-09-30 21:21:03,599 [Datanode State Machine Thread - 0] INFO  ozoneimpl.OzoneContainer (OzoneContainer.java:start(217)) - Attempting to start container services.
2019-09-30 21:21:03,600 [Datanode State Machine Thread - 0] INFO  ozoneimpl.OzoneContainer (OzoneContainer.java:startContainerScrub(179)) - Background container scanner has been disabled.
2019-09-30 21:21:03,600 [Datanode State Machine Thread - 0] INFO  ratis.XceiverServerRatis (XceiverServerRatis.java:start(417)) - Starting XceiverServerRatis dea903ad-4025-4d6e-95dd-c3cf7ae18738 at port 0
2019-09-30 21:21:03,607 [Datanode State Machine Thread - 0] INFO  impl.RaftServerProxy (RaftServerProxy.java:lambda$start$3(299)) - dea903ad-4025-4d6e-95dd-c3cf7ae18738: start RPC server
2019-09-30 21:21:03,608 [Datanode State Machine Thread - 0] INFO  server.GrpcService (GrpcService.java:startImpl(158)) - dea903ad-4025-4d6e-95dd-c3cf7ae18738: GrpcService started, listening on 0.0.0.0/0.0.0.0:36109
2019-09-30 21:21:03,608 [Datanode State Machine Thread - 0] INFO  ratis.XceiverServerRatis (XceiverServerRatis.java:start(427)) - XceiverServerRatis dea903ad-4025-4d6e-95dd-c3cf7ae18738 is started using port 36109
2019-09-30 21:21:03,609 [Datanode State Machine Thread - 0] INFO  server.XceiverServerGrpc (XceiverServerGrpc.java:start(149)) - XceiverServerGrpc dea903ad-4025-4d6e-95dd-c3cf7ae18738 is started using port 36115
2019-09-30 21:21:03,683 [Datanode State Machine Thread - 0] INFO  ozoneimpl.OzoneContainer (OzoneContainer.java:start(217)) - Attempting to start container services.
2019-09-30 21:21:03,683 [Datanode State Machine Thread - 0] INFO  ozoneimpl.OzoneContainer (OzoneContainer.java:startContainerScrub(179)) - Background container scanner has been disabled.
2019-09-30 21:21:03,683 [Datanode State Machine Thread - 0] INFO  ratis.XceiverServerRatis (XceiverServerRatis.java:start(417)) - Starting XceiverServerRatis d7862da6-7204-4dfe-bc24-740f0a8ff707 at port 0
2019-09-30 21:21:03,690 [Datanode State Machine Thread - 0] INFO  impl.RaftServerProxy (RaftServerProxy.java:lambda$start$3(299)) - d7862da6-7204-4dfe-bc24-740f0a8ff707: start RPC server
2019-09-30 21:21:03,693 [Datanode State Machine Thread - 0] INFO  server.GrpcService (GrpcService.java:startImpl(158)) - d7862da6-7204-4dfe-bc24-740f0a8ff707: GrpcService started, listening on 0.0.0.0/0.0.0.0:45638
2019-09-30 21:21:03,693 [Datanode State Machine Thread - 0] INFO  ratis.XceiverServerRatis (XceiverServerRatis.java:start(427)) - XceiverServerRatis d7862da6-7204-4dfe-bc24-740f0a8ff707 is started using port 45638
2019-09-30 21:21:03,693 [Datanode State Machine Thread - 0] INFO  server.XceiverServerGrpc (XceiverServerGrpc.java:start(149)) - XceiverServerGrpc d7862da6-7204-4dfe-bc24-740f0a8ff707 is started using port 35160
2019-09-30 21:21:03,736 [Datanode State Machine Thread - 0] INFO  ozoneimpl.OzoneContainer (OzoneContainer.java:start(217)) - Attempting to start container services.
2019-09-30 21:21:03,736 [Datanode State Machine Thread - 0] INFO  ozoneimpl.OzoneContainer (OzoneContainer.java:startContainerScrub(179)) - Background container scanner has been disabled.
2019-09-30 21:21:03,737 [Datanode State Machine Thread - 0] INFO  ratis.XceiverServerRatis (XceiverServerRatis.java:start(417)) - Starting XceiverServerRatis 2d3d0176-1917-43ef-bf9f-cb17086b743e at port 0
2019-09-30 21:21:03,744 [Datanode State Machine Thread - 0] INFO  impl.RaftServerProxy (RaftServerProxy.java:lambda$start$3(299)) - 2d3d0176-1917-43ef-bf9f-cb17086b743e: start RPC server
2019-09-30 21:21:03,744 [Datanode State Machine Thread - 0] INFO  server.GrpcService (GrpcService.java:startImpl(158)) - 2d3d0176-1917-43ef-bf9f-cb17086b743e: GrpcService started, listening on 0.0.0.0/0.0.0.0:35433
2019-09-30 21:21:03,744 [Datanode State Machine Thread - 0] INFO  ratis.XceiverServerRatis (XceiverServerRatis.java:start(427)) - XceiverServerRatis 2d3d0176-1917-43ef-bf9f-cb17086b743e is started using port 35433
2019-09-30 21:21:03,747 [Datanode State Machine Thread - 0] INFO  server.XceiverServerGrpc (XceiverServerGrpc.java:start(149)) - XceiverServerGrpc 2d3d0176-1917-43ef-bf9f-cb17086b743e is started using port 37380
2019-09-30 21:21:03,773 [main] INFO  ozone.MiniOzoneClusterImpl (MiniOzoneClusterImpl.java:lambda$waitForClusterToBeReady$0(147)) - Waiting for cluster to be ready. Got 0 of 7 DN Heartbeats.
2019-09-30 21:21:03,798 [Datanode State Machine Thread - 0] INFO  ozoneimpl.OzoneContainer (OzoneContainer.java:start(217)) - Attempting to start container services.
2019-09-30 21:21:03,798 [Datanode State Machine Thread - 0] INFO  ozoneimpl.OzoneContainer (OzoneContainer.java:startContainerScrub(179)) - Background container scanner has been disabled.
2019-09-30 21:21:03,798 [Datanode State Machine Thread - 0] INFO  ratis.XceiverServerRatis (XceiverServerRatis.java:start(417)) - Starting XceiverServerRatis 0d0604b5-9b92-4ef8-b63f-d1bccc1a77bd at port 0
2019-09-30 21:21:03,807 [Datanode State Machine Thread - 0] INFO  impl.RaftServerProxy (RaftServerProxy.java:lambda$start$3(299)) - 0d0604b5-9b92-4ef8-b63f-d1bccc1a77bd: start RPC server
2019-09-30 21:21:03,809 [Datanode State Machine Thread - 0] INFO  server.GrpcService (GrpcService.java:startImpl(158)) - 0d0604b5-9b92-4ef8-b63f-d1bccc1a77bd: GrpcService started, listening on 0.0.0.0/0.0.0.0:35878
2019-09-30 21:21:03,810 [Datanode State Machine Thread - 0] INFO  ratis.XceiverServerRatis (XceiverServerRatis.java:start(427)) - XceiverServerRatis 0d0604b5-9b92-4ef8-b63f-d1bccc1a77bd is started using port 35878
2019-09-30 21:21:03,810 [Datanode State Machine Thread - 0] INFO  server.XceiverServerGrpc (XceiverServerGrpc.java:start(149)) - XceiverServerGrpc 0d0604b5-9b92-4ef8-b63f-d1bccc1a77bd is started using port 44861
2019-09-30 21:21:04,774 [main] INFO  ozone.MiniOzoneClusterImpl (MiniOzoneClusterImpl.java:lambda$waitForClusterToBeReady$0(147)) - Waiting for cluster to be ready. Got 0 of 7 DN Heartbeats.
2019-09-30 21:21:05,362 [IPC Server handler 5 on 46116] INFO  net.NetworkTopology (NetworkTopologyImpl.java:add(111)) - Added a new node: /default-rack/f5e62a19-0973-437d-99a7-8f75ed3d6170
2019-09-30 21:21:05,365 [IPC Server handler 5 on 46116] INFO  node.SCMNodeManager (SCMNodeManager.java:register(266)) - Registered Data node : f5e62a19-0973-437d-99a7-8f75ed3d6170{ip: 192.168.30.59, host: pr-hdds-2211-2dwkd-795013237, networkLocation: /default-rack, certSerialId: null}
2019-09-30 21:21:05,367 [EventQueue-NodeRegistrationContainerReportForDataNodeSafeModeRule] INFO  safemode.SCMSafeModeManager (DataNodeSafeModeRule.java:process(71)) - SCM in safe mode. 1 DataNodes registered, 1 required.
2019-09-30 21:21:05,369 [EventQueue-NodeRegistrationContainerReportForDataNodeSafeModeRule] INFO  safemode.SCMSafeModeManager (SCMSafeModeManager.java:validateSafeModeExitRules(177)) - ScmSafeModeManager, all rules are successfully validated
2019-09-30 21:21:05,369 [EventQueue-NodeRegistrationContainerReportForDataNodeSafeModeRule] INFO  safemode.SCMSafeModeManager (SCMSafeModeManager.java:exitSafeMode(193)) - SCM exiting safe mode.
2019-09-30 21:21:05,383 [grpc-default-executor-4] INFO  impl.RaftServerProxy (RaftServerProxy.java:addNew(89)) - f5e62a19-0973-437d-99a7-8f75ed3d6170: addNew group-C7B9E5EB0394:[f5e62a19-0973-437d-99a7-8f75ed3d6170:192.168.30.59:39954] returns group-C7B9E5EB0394:java.util.concurrent.CompletableFuture@352cf4c2[Not completed]
2019-09-30 21:21:05,385 [pool-207-thread-1] INFO  impl.RaftServerImpl (RaftServerImpl.java:<init>(95)) - f5e62a19-0973-437d-99a7-8f75ed3d6170: new RaftServerImpl for group-C7B9E5EB0394:[f5e62a19-0973-437d-99a7-8f75ed3d6170:192.168.30.59:39954] with ContainerStateMachine:uninitialized
2019-09-30 21:21:05,385 [pool-207-thread-1] INFO  server.RaftServerConfigKeys (ConfUtils.java:logGet(43)) - raft.server.rpc.timeout.min = 5s (custom)
2019-09-30 21:21:05,385 [pool-207-thread-1] INFO  server.RaftServerConfigKeys (ConfUtils.java:logGet(43)) - raft.server.rpc.timeout.max = 5200ms (custom)
2019-09-30 21:21:05,386 [pool-207-thread-1] INFO  server.RaftServerConfigKeys (ConfUtils.java:logGet(43)) - raft.server.rpcslowness.timeout = 120s (custom)
2019-09-30 21:21:05,386 [pool-207-thread-1] INFO  server.RaftServerConfigKeys (ConfUtils.java:logGet(43)) - raft.server.sleep.deviation.threshold = 300 (default)
2019-09-30 21:21:05,386 [pool-207-thread-1] INFO  server.RaftServerConfigKeys (ConfUtils.java:logGet(43)) - raft.server.log.appender.install.snapshot.enabled = false (custom)
2019-09-30 21:21:05,386 [pool-207-thread-1] INFO  impl.RaftServerImpl (ServerState.java:<init>(103)) - f5e62a19-0973-437d-99a7-8f75ed3d6170@group-C7B9E5EB0394: ConfigurationManager, init=-1: [f5e62a19-0973-437d-99a7-8f75ed3d6170:192.168.30.59:39954], old=null, confs=<EMPTY_MAP>
2019-09-30 21:21:05,386 [pool-207-thread-1] INFO  server.RaftServerConfigKeys (ConfUtils.java:logGet(43)) - raft.server.storage.dir = [/workdir/hadoop-ozone/integration-test/target/test-dir/MiniOzoneClusterImpl-38345a03-7505-46b8-890f-c5e34e746fd9/datanode-0/data/ratis] (custom)
2019-09-30 21:21:05,387 [pool-207-thread-1] INFO  server.RaftServerConfigKeys (ConfUtils.java:logGet(43)) - raft.server.log.corruption.policy = EXCEPTION (default)
2019-09-30 21:21:05,387 [pool-207-thread-1] INFO  storage.RaftStorageDirectory (RaftStorageDirectory.java:analyzeStorage(246)) - The storage directory /workdir/hadoop-ozone/integration-test/target/test-dir/MiniOzoneClusterImpl-38345a03-7505-46b8-890f-c5e34e746fd9/datanode-0/data/ratis/73527cbd-9344-4e9f-8caa-c7b9e5eb0394 does not exist. Creating ...
2019-09-30 21:21:05,410 [pool-207-thread-1] INFO  storage.RaftStorageDirectory (RaftStorageDirectory.java:tryLock(328)) - Lock on /workdir/hadoop-ozone/integration-test/target/test-dir/MiniOzoneClusterImpl-38345a03-7505-46b8-890f-c5e34e746fd9/datanode-0/data/ratis/73527cbd-9344-4e9f-8caa-c7b9e5eb0394/in_use.lock acquired by nodename 12236@pr-hdds-2211-2dwkd-795013237
2019-09-30 21:21:05,425 [IPC Server handler 7 on 46116] INFO  net.NetworkTopology (NetworkTopologyImpl.java:add(111)) - Added a new node: /default-rack/99573aa8-d5bb-48c2-a623-6999335be6bf
2019-09-30 21:21:05,425 [IPC Server handler 7 on 46116] INFO  node.SCMNodeManager (SCMNodeManager.java:register(266)) - Registered Data node : 99573aa8-d5bb-48c2-a623-6999335be6bf{ip: 192.168.30.59, host: pr-hdds-2211-2dwkd-795013237, networkLocation: /default-rack, certSerialId: null}
2019-09-30 21:21:05,433 [pool-207-thread-1] INFO  storage.RaftStorage (RaftStorage.java:format(84)) - Storage directory /workdir/hadoop-ozone/integration-test/target/test-dir/MiniOzoneClusterImpl-38345a03-7505-46b8-890f-c5e34e746fd9/datanode-0/data/ratis/73527cbd-9344-4e9f-8caa-c7b9e5eb0394 has been successfully formatted.
2019-09-30 21:21:05,434 [pool-207-thread-1] INFO  ratis.ContainerStateMachine (ContainerStateMachine.java:loadSnapshot(230)) - group-C7B9E5EB0394: The snapshot info is null. Setting the last applied indexto:(t:0, i:~)
2019-09-30 21:21:05,434 [pool-207-thread-1] INFO  server.RaftServerConfigKeys (ConfUtils.java:logGet(43)) - raft.server.notification.no-leader.timeout = 120s (custom)
2019-09-30 21:21:05,434 [pool-207-thread-1] INFO  server.RaftServerConfigKeys (ConfUtils.java:logGet(43)) - raft.server.log.use.memory = false (default)
2019-09-30 21:21:05,434 [pool-207-thread-1] INFO  server.RaftServerConfigKeys (ConfUtils.java:logGet(43)) - raft.server.log.purge.gap = 1000000 (custom)
2019-09-30 21:21:05,434 [pool-207-thread-1] INFO  server.RaftServerConfigKeys (ConfUtils.java:logGet(43)) - raft.server.log.appender.buffer.byte-limit = 33554432 (custom)
2019-09-30 21:21:05,434 [pool-207-thread-1] INFO  server.RaftServerConfigKeys (ConfUtils.java:logGet(43)) - raft.server.log.segment.size.max = 1048576 (custom)
2019-09-30 21:21:05,437 [pool-207-thread-1] INFO  server.RaftServerConfigKeys (ConfUtils.java:logGet(43)) - raft.server.log.segment.cache.num.max = 2 (custom)
2019-09-30 21:21:05,437 [pool-207-thread-1] INFO  segmented.SegmentedRaftLogWorker (SegmentedRaftLogWorker.java:<init>(173)) - new f5e62a19-0973-437d-99a7-8f75ed3d6170@group-C7B9E5EB0394-SegmentedRaftLogWorker for RaftStorage:Storage Directory /workdir/hadoop-ozone/integration-test/target/test-dir/MiniOzoneClusterImpl-38345a03-7505-46b8-890f-c5e34e746fd9/datanode-0/data/ratis/73527cbd-9344-4e9f-8caa-c7b9e5eb0394
2019-09-30 21:21:05,437 [pool-207-thread-1] INFO  server.RaftServerConfigKeys (ConfUtils.java:logGet(43)) - raft.server.log.queue.byte-limit = 2147483647 (custom)
2019-09-30 21:21:05,437 [pool-207-thread-1] INFO  server.RaftServerConfigKeys (ConfUtils.java:logGet(43)) - raft.server.log.queue.element-limit = 1024 (custom)
2019-09-30 21:21:05,437 [pool-207-thread-1] INFO  server.RaftServerConfigKeys (ConfUtils.java:logGet(43)) - raft.server.log.segment.size.max = 1048576 (custom)
2019-09-30 21:21:05,437 [pool-207-thread-1] INFO  server.RaftServerConfigKeys (ConfUtils.java:logGet(43)) - raft.server.log.preallocated.size = 16384 (custom)
2019-09-30 21:21:05,437 [pool-207-thread-1] INFO  server.RaftServerConfigKeys (ConfUtils.java:logGet(43)) - raft.server.log.write.buffer.size = 33554432 (custom)
2019-09-30 21:21:05,437 [pool-207-thread-1] INFO  server.RaftServerConfigKeys (ConfUtils.java:logGet(43)) - raft.server.log.force.sync.num = 128 (default)
2019-09-30 21:21:05,438 [pool-207-thread-1] INFO  server.RaftServerConfigKeys (ConfUtils.java:logGet(43)) - raft.server.log.statemachine.data.sync = true (default)
2019-09-30 21:21:05,438 [pool-207-thread-1] INFO  server.RaftServerConfigKeys (ConfUtils.java:logGet(43)) - raft.server.log.statemachine.data.sync.timeout = 10s (default)
2019-09-30 21:21:05,438 [pool-207-thread-1] INFO  server.RaftServerConfigKeys (ConfUtils.java:logGet(43)) - raft.server.log.statemachine.data.sync.timeout.retry = -1 (default)
2019-09-30 21:21:05,438 [pool-207-thread-1] INFO  server.RaftServerConfigKeys (ConfUtils.java:logGet(43)) - raft.server.log.statemachine.data.caching.enabled = true (custom)
2019-09-30 21:21:05,439 [pool-207-thread-1] INFO  segmented.SegmentedRaftLogWorker (SegmentedRaftLogWorker.java:lambda$new$0(128)) - f5e62a19-0973-437d-99a7-8f75ed3d6170@group-C7B9E5EB0394-SegmentedRaftLogWorker: flushIndex: setUnconditionally 0 -> -1
2019-09-30 21:21:05,439 [pool-207-thread-1] INFO  server.RaftServerConfigKeys (ConfUtils.java:logGet(43)) - raft.server.snapshot.auto.trigger.enabled = true (custom)
2019-09-30 21:21:05,439 [pool-207-thread-1] INFO  server.RaftServerConfigKeys (ConfUtils.java:logGet(43)) - raft.server.snapshot.auto.trigger.threshold = 10000 (custom)
2019-09-30 21:21:05,439 [pool-207-thread-1] INFO  server.RaftServerConfigKeys (ConfUtils.java:logGet(43)) - raft.server.snapshot.retention.file.num = 5 (custom)
2019-09-30 21:21:05,439 [pool-207-thread-1] INFO  server.RaftServerConfigKeys (ConfUtils.java:logGet(43)) - raft.server.retrycache.expirytime = 600000ms (custom)
2019-09-30 21:21:05,441 [pool-207-thread-1] INFO  impl.RaftServerImpl (RaftServerImpl.java:start(181)) - f5e62a19-0973-437d-99a7-8f75ed3d6170@group-C7B9E5EB0394: start as a follower, conf=-1: [f5e62a19-0973-437d-99a7-8f75ed3d6170:192.168.30.59:39954], old=null
2019-09-30 21:21:05,441 [pool-207-thread-1] INFO  impl.RaftServerImpl (RaftServerImpl.java:setRole(170)) - f5e62a19-0973-437d-99a7-8f75ed3d6170@group-C7B9E5EB0394: changes role from      null to FOLLOWER at term 0 for startAsFollower
2019-09-30 21:21:05,441 [pool-207-thread-1] INFO  impl.RoleInfo (RoleInfo.java:updateAndGet(143)) - f5e62a19-0973-437d-99a7-8f75ed3d6170: start FollowerState
2019-09-30 21:21:05,442 [pool-207-thread-1] INFO  util.JmxRegister (JmxRegister.java:tryRegister(44)) - Successfully registered JMX Bean with object name Ratis:service=RaftServer,group=group-C7B9E5EB0394,id=f5e62a19-0973-437d-99a7-8f75ed3d6170
2019-09-30 21:21:05,447 [RatisPipelineUtilsThread] INFO  pipeline.PipelineStateManager (PipelineStateManager.java:addPipeline(56)) - Created pipeline Pipeline[ Id: 73527cbd-9344-4e9f-8caa-c7b9e5eb0394, Nodes: f5e62a19-0973-437d-99a7-8f75ed3d6170{ip: 192.168.30.59, host: pr-hdds-2211-2dwkd-795013237, networkLocation: /default-rack, certSerialId: null}, Type:RATIS, Factor:ONE, State:OPEN]
2019-09-30 21:21:05,471 [grpc-default-executor-4] INFO  impl.RaftServerProxy (RaftServerProxy.java:addNew(89)) - 99573aa8-d5bb-48c2-a623-6999335be6bf: addNew group-05D0AE12432D:[99573aa8-d5bb-48c2-a623-6999335be6bf:192.168.30.59:39103] returns group-05D0AE12432D:java.util.concurrent.CompletableFuture@2f0bebc0[Not completed]
2019-09-30 21:21:05,473 [pool-217-thread-1] INFO  impl.RaftServerImpl (RaftServerImpl.java:<init>(95)) - 99573aa8-d5bb-48c2-a623-6999335be6bf: new RaftServerImpl for group-05D0AE12432D:[99573aa8-d5bb-48c2-a623-6999335be6bf:192.168.30.59:39103] with ContainerStateMachine:uninitialized
2019-09-30 21:21:05,473 [pool-217-thread-1] INFO  server.RaftServerConfigKeys (ConfUtils.java:logGet(43)) - raft.server.rpc.timeout.min = 5s (custom)
2019-09-30 21:21:05,473 [pool-217-thread-1] INFO  server.RaftServerConfigKeys (ConfUtils.java:logGet(43)) - raft.server.rpc.timeout.max = 5200ms (custom)
2019-09-30 21:21:05,473 [pool-217-thread-1] INFO  server.RaftServerConfigKeys (ConfUtils.java:logGet(43)) - raft.server.rpcslowness.timeout = 120s (custom)
2019-09-30 21:21:05,473 [pool-217-thread-1] INFO  server.RaftServerConfigKeys (ConfUtils.java:logGet(43)) - raft.server.sleep.deviation.threshold = 300 (default)
2019-09-30 21:21:05,474 [pool-217-thread-1] INFO  server.RaftServerConfigKeys (ConfUtils.java:logGet(43)) - raft.server.log.appender.install.snapshot.enabled = false (custom)
2019-09-30 21:21:05,474 [pool-217-thread-1] INFO  impl.RaftServerImpl (ServerState.java:<init>(103)) - 99573aa8-d5bb-48c2-a623-6999335be6bf@group-05D0AE12432D: ConfigurationManager, init=-1: [99573aa8-d5bb-48c2-a623-6999335be6bf:192.168.30.59:39103], old=null, confs=<EMPTY_MAP>
2019-09-30 21:21:05,474 [pool-217-thread-1] INFO  server.RaftServerConfigKeys (ConfUtils.java:logGet(43)) - raft.server.storage.dir = [/workdir/hadoop-ozone/integration-test/target/test-dir/MiniOzoneClusterImpl-38345a03-7505-46b8-890f-c5e34e746fd9/datanode-1/data/ratis] (custom)
2019-09-30 21:21:05,474 [pool-217-thread-1] INFO  server.RaftServerConfigKeys (ConfUtils.java:logGet(43)) - raft.server.log.corruption.policy = EXCEPTION (default)
2019-09-30 21:21:05,474 [pool-217-thread-1] INFO  storage.RaftStorageDirectory (RaftStorageDirectory.java:analyzeStorage(246)) - The storage directory /workdir/hadoop-ozone/integration-test/target/test-dir/MiniOzoneClusterImpl-38345a03-7505-46b8-890f-c5e34e746fd9/datanode-1/data/ratis/59a37328-0115-4f7c-a56b-05d0ae12432d does not exist. Creating ...
2019-09-30 21:21:05,493 [IPC Server handler 0 on 46116] INFO  net.NetworkTopology (NetworkTopologyImpl.java:add(111)) - Added a new node: /default-rack/87c7a9b1-d7b6-4309-99d8-23a8eec06c53
2019-09-30 21:21:05,493 [IPC Server handler 0 on 46116] INFO  node.SCMNodeManager (SCMNodeManager.java:register(266)) - Registered Data node : 87c7a9b1-d7b6-4309-99d8-23a8eec06c53{ip: 192.168.30.59, host: pr-hdds-2211-2dwkd-795013237, networkLocation: /default-rack, certSerialId: null}
2019-09-30 21:21:05,497 [pool-217-thread-1] INFO  storage.RaftStorageDirectory (RaftStorageDirectory.java:tryLock(328)) - Lock on /workdir/hadoop-ozone/integration-test/target/test-dir/MiniOzoneClusterImpl-38345a03-7505-46b8-890f-c5e34e746fd9/datanode-1/data/ratis/59a37328-0115-4f7c-a56b-05d0ae12432d/in_use.lock acquired by nodename 12236@pr-hdds-2211-2dwkd-795013237
2019-09-30 21:21:05,521 [pool-217-thread-1] INFO  storage.RaftStorage (RaftStorage.java:format(84)) - Storage directory /workdir/hadoop-ozone/integration-test/target/test-dir/MiniOzoneClusterImpl-38345a03-7505-46b8-890f-c5e34e746fd9/datanode-1/data/ratis/59a37328-0115-4f7c-a56b-05d0ae12432d has been successfully formatted.
2019-09-30 21:21:05,521 [pool-217-thread-1] INFO  ratis.ContainerStateMachine (ContainerStateMachine.java:loadSnapshot(230)) - group-05D0AE12432D: The snapshot info is null. Setting the last applied indexto:(t:0, i:~)
2019-09-30 21:21:05,522 [pool-217-thread-1] INFO  server.RaftServerConfigKeys (ConfUtils.java:logGet(43)) - raft.server.notification.no-leader.timeout = 120s (custom)
2019-09-30 21:21:05,522 [pool-217-thread-1] INFO  server.RaftServerConfigKeys (ConfUtils.java:logGet(43)) - raft.server.log.use.memory = false (default)
2019-09-30 21:21:05,522 [pool-217-thread-1] INFO  server.RaftServerConfigKeys (ConfUtils.java:logGet(43)) - raft.server.log.purge.gap = 1000000 (custom)
2019-09-30 21:21:05,522 [pool-217-thread-1] INFO  server.RaftServerConfigKeys (ConfUtils.java:logGet(43)) - raft.server.log.appender.buffer.byte-limit = 33554432 (custom)
2019-09-30 21:21:05,522 [pool-217-thread-1] INFO  server.RaftServerConfigKeys (ConfUtils.java:logGet(43)) - raft.server.log.segment.size.max = 1048576 (custom)
2019-09-30 21:21:05,525 [pool-217-thread-1] INFO  server.RaftServerConfigKeys (ConfUtils.java:logGet(43)) - raft.server.log.segment.cache.num.max = 2 (custom)
2019-09-30 21:21:05,525 [pool-217-thread-1] INFO  segmented.SegmentedRaftLogWorker (SegmentedRaftLogWorker.java:<init>(173)) - new 99573aa8-d5bb-48c2-a623-6999335be6bf@group-05D0AE12432D-SegmentedRaftLogWorker for RaftStorage:Storage Directory /workdir/hadoop-ozone/integration-test/target/test-dir/MiniOzoneClusterImpl-38345a03-7505-46b8-890f-c5e34e746fd9/datanode-1/data/ratis/59a37328-0115-4f7c-a56b-05d0ae12432d
2019-09-30 21:21:05,526 [pool-217-thread-1] INFO  server.RaftServerConfigKeys (ConfUtils.java:logGet(43)) - raft.server.log.queue.byte-limit = 2147483647 (custom)
2019-09-30 21:21:05,526 [pool-217-thread-1] INFO  server.RaftServerConfigKeys (ConfUtils.java:logGet(43)) - raft.server.log.queue.element-limit = 1024 (custom)
2019-09-30 21:21:05,526 [pool-217-thread-1] INFO  server.RaftServerConfigKeys (ConfUtils.java:logGet(43)) - raft.server.log.segment.size.max = 1048576 (custom)
2019-09-30 21:21:05,526 [pool-217-thread-1] INFO  server.RaftServerConfigKeys (ConfUtils.java:logGet(43)) - raft.server.log.preallocated.size = 16384 (custom)
2019-09-30 21:21:05,526 [pool-217-thread-1] INFO  server.RaftServerConfigKeys (ConfUtils.java:logGet(43)) - raft.server.log.write.buffer.size = 33554432 (custom)
2019-09-30 21:21:05,526 [pool-217-thread-1] INFO  server.RaftServerConfigKeys (ConfUtils.java:logGet(43)) - raft.server.log.force.sync.num = 128 (default)
2019-09-30 21:21:05,527 [pool-217-thread-1] INFO  server.RaftServerConfigKeys (ConfUtils.java:logGet(43)) - raft.server.log.statemachine.data.sync = true (default)
2019-09-30 21:21:05,527 [pool-217-thread-1] INFO  server.RaftServerConfigKeys (ConfUtils.java:logGet(43)) - raft.server.log.statemachine.data.sync.timeout = 10s (default)
2019-09-30 21:21:05,527 [pool-217-thread-1] INFO  server.RaftServerConfigKeys (ConfUtils.java:logGet(43)) - raft.server.log.statemachine.data.sync.timeout.retry = -1 (default)
2019-09-30 21:21:05,527 [pool-217-thread-1] INFO  server.RaftServerConfigKeys (ConfUtils.java:logGet(43)) - raft.server.log.statemachine.data.caching.enabled = true (custom)
2019-09-30 21:21:05,528 [pool-217-thread-1] INFO  segmented.SegmentedRaftLogWorker (SegmentedRaftLogWorker.java:lambda$new$0(128)) - 99573aa8-d5bb-48c2-a623-6999335be6bf@group-05D0AE12432D-SegmentedRaftLogWorker: flushIndex: setUnconditionally 0 -> -1
2019-09-30 21:21:05,528 [pool-217-thread-1] INFO  server.RaftServerConfigKeys (ConfUtils.java:logGet(43)) - raft.server.snapshot.auto.trigger.enabled = true (custom)
2019-09-30 21:21:05,528 [pool-217-thread-1] INFO  server.RaftServerConfigKeys (ConfUtils.java:logGet(43)) - raft.server.snapshot.auto.trigger.threshold = 10000 (custom)
2019-09-30 21:21:05,528 [pool-217-thread-1] INFO  server.RaftServerConfigKeys (ConfUtils.java:logGet(43)) - raft.server.snapshot.retention.file.num = 5 (custom)
2019-09-30 21:21:05,529 [pool-217-thread-1] INFO  server.RaftServerConfigKeys (ConfUtils.java:logGet(43)) - raft.server.retrycache.expirytime = 600000ms (custom)
2019-09-30 21:21:05,531 [pool-217-thread-1] INFO  impl.RaftServerImpl (RaftServerImpl.java:start(181)) - 99573aa8-d5bb-48c2-a623-6999335be6bf@group-05D0AE12432D: start as a follower, conf=-1: [99573aa8-d5bb-48c2-a623-6999335be6bf:192.168.30.59:39103], old=null
2019-09-30 21:21:05,531 [pool-217-thread-1] INFO  impl.RaftServerImpl (RaftServerImpl.java:setRole(170)) - 99573aa8-d5bb-48c2-a623-6999335be6bf@group-05D0AE12432D: changes role from      null to FOLLOWER at term 0 for startAsFollower
2019-09-30 21:21:05,531 [pool-217-thread-1] INFO  impl.RoleInfo (RoleInfo.java:updateAndGet(143)) - 99573aa8-d5bb-48c2-a623-6999335be6bf: start FollowerState
2019-09-30 21:21:05,532 [pool-217-thread-1] INFO  util.JmxRegister (JmxRegister.java:tryRegister(44)) - Successfully registered JMX Bean with object name Ratis:service=RaftServer,group=group-05D0AE12432D,id=99573aa8-d5bb-48c2-a623-6999335be6bf
2019-09-30 21:21:05,537 [RatisPipelineUtilsThread] INFO  pipeline.PipelineStateManager (PipelineStateManager.java:addPipeline(56)) - Created pipeline Pipeline[ Id: 59a37328-0115-4f7c-a56b-05d0ae12432d, Nodes: 99573aa8-d5bb-48c2-a623-6999335be6bf{ip: 192.168.30.59, host: pr-hdds-2211-2dwkd-795013237, networkLocation: /default-rack, certSerialId: null}, Type:RATIS, Factor:ONE, State:OPEN]
2019-09-30 21:21:05,545 [grpc-default-executor-4] INFO  impl.RaftServerProxy (RaftServerProxy.java:addNew(89)) - 87c7a9b1-d7b6-4309-99d8-23a8eec06c53: addNew group-23177345C72E:[87c7a9b1-d7b6-4309-99d8-23a8eec06c53:192.168.30.59:32942] returns group-23177345C72E:java.util.concurrent.CompletableFuture@1ad5a97a[Not completed]
2019-09-30 21:21:05,546 [pool-227-thread-1] INFO  impl.RaftServerImpl (RaftServerImpl.java:<init>(95)) - 87c7a9b1-d7b6-4309-99d8-23a8eec06c53: new RaftServerImpl for group-23177345C72E:[87c7a9b1-d7b6-4309-99d8-23a8eec06c53:192.168.30.59:32942] with ContainerStateMachine:uninitialized
2019-09-30 21:21:05,547 [pool-227-thread-1] INFO  server.RaftServerConfigKeys (ConfUtils.java:logGet(43)) - raft.server.rpc.timeout.min = 5s (custom)
2019-09-30 21:21:05,547 [pool-227-thread-1] INFO  server.RaftServerConfigKeys (ConfUtils.java:logGet(43)) - raft.server.rpc.timeout.max = 5200ms (custom)
2019-09-30 21:21:05,547 [pool-227-thread-1] INFO  server.RaftServerConfigKeys (ConfUtils.java:logGet(43)) - raft.server.rpcslowness.timeout = 120s (custom)
2019-09-30 21:21:05,547 [pool-227-thread-1] INFO  server.RaftServerConfigKeys (ConfUtils.java:logGet(43)) - raft.server.sleep.deviation.threshold = 300 (default)
2019-09-30 21:21:05,547 [pool-227-thread-1] INFO  server.RaftServerConfigKeys (ConfUtils.java:logGet(43)) - raft.server.log.appender.install.snapshot.enabled = false (custom)
2019-09-30 21:21:05,547 [pool-227-thread-1] INFO  impl.RaftServerImpl (ServerState.java:<init>(103)) - 87c7a9b1-d7b6-4309-99d8-23a8eec06c53@group-23177345C72E: ConfigurationManager, init=-1: [87c7a9b1-d7b6-4309-99d8-23a8eec06c53:192.168.30.59:32942], old=null, confs=<EMPTY_MAP>
2019-09-30 21:21:05,547 [pool-227-thread-1] INFO  server.RaftServerConfigKeys (ConfUtils.java:logGet(43)) - raft.server.storage.dir = [/workdir/hadoop-ozone/integration-test/target/test-dir/MiniOzoneClusterImpl-38345a03-7505-46b8-890f-c5e34e746fd9/datanode-2/data/ratis] (custom)
2019-09-30 21:21:05,548 [pool-227-thread-1] INFO  server.RaftServerConfigKeys (ConfUtils.java:logGet(43)) - raft.server.log.corruption.policy = EXCEPTION (default)
2019-09-30 21:21:05,548 [pool-227-thread-1] INFO  storage.RaftStorageDirectory (RaftStorageDirectory.java:analyzeStorage(246)) - The storage directory /workdir/hadoop-ozone/integration-test/target/test-dir/MiniOzoneClusterImpl-38345a03-7505-46b8-890f-c5e34e746fd9/datanode-2/data/ratis/88e35746-2a27-46b2-ad6b-23177345c72e does not exist. Creating ...
2019-09-30 21:21:05,571 [pool-227-thread-1] INFO  storage.RaftStorageDirectory (RaftStorageDirectory.java:tryLock(328)) - Lock on /workdir/hadoop-ozone/integration-test/target/test-dir/MiniOzoneClusterImpl-38345a03-7505-46b8-890f-c5e34e746fd9/datanode-2/data/ratis/88e35746-2a27-46b2-ad6b-23177345c72e/in_use.lock acquired by nodename 12236@pr-hdds-2211-2dwkd-795013237
2019-09-30 21:21:05,575 [IPC Server handler 1 on 46116] INFO  net.NetworkTopology (NetworkTopologyImpl.java:add(111)) - Added a new node: /default-rack/dea903ad-4025-4d6e-95dd-c3cf7ae18738
2019-09-30 21:21:05,575 [IPC Server handler 1 on 46116] INFO  node.SCMNodeManager (SCMNodeManager.java:register(266)) - Registered Data node : dea903ad-4025-4d6e-95dd-c3cf7ae18738{ip: 192.168.30.59, host: pr-hdds-2211-2dwkd-795013237, networkLocation: /default-rack, certSerialId: null}
2019-09-30 21:21:05,593 [pool-227-thread-1] INFO  storage.RaftStorage (RaftStorage.java:format(84)) - Storage directory /workdir/hadoop-ozone/integration-test/target/test-dir/MiniOzoneClusterImpl-38345a03-7505-46b8-890f-c5e34e746fd9/datanode-2/data/ratis/88e35746-2a27-46b2-ad6b-23177345c72e has been successfully formatted.
2019-09-30 21:21:05,593 [pool-227-thread-1] INFO  ratis.ContainerStateMachine (ContainerStateMachine.java:loadSnapshot(230)) - group-23177345C72E: The snapshot info is null. Setting the last applied indexto:(t:0, i:~)
2019-09-30 21:21:05,594 [pool-227-thread-1] INFO  server.RaftServerConfigKeys (ConfUtils.java:logGet(43)) - raft.server.notification.no-leader.timeout = 120s (custom)
2019-09-30 21:21:05,594 [pool-227-thread-1] INFO  server.RaftServerConfigKeys (ConfUtils.java:logGet(43)) - raft.server.log.use.memory = false (default)
2019-09-30 21:21:05,594 [pool-227-thread-1] INFO  server.RaftServerConfigKeys (ConfUtils.java:logGet(43)) - raft.server.log.purge.gap = 1000000 (custom)
2019-09-30 21:21:05,594 [pool-227-thread-1] INFO  server.RaftServerConfigKeys (ConfUtils.java:logGet(43)) - raft.server.log.appender.buffer.byte-limit = 33554432 (custom)
2019-09-30 21:21:05,594 [pool-227-thread-1] INFO  server.RaftServerConfigKeys (ConfUtils.java:logGet(43)) - raft.server.log.segment.size.max = 1048576 (custom)
2019-09-30 21:21:05,596 [pool-227-thread-1] INFO  server.RaftServerConfigKeys (ConfUtils.java:logGet(43)) - raft.server.log.segment.cache.num.max = 2 (custom)
2019-09-30 21:21:05,596 [pool-227-thread-1] INFO  segmented.SegmentedRaftLogWorker (SegmentedRaftLogWorker.java:<init>(173)) - new 87c7a9b1-d7b6-4309-99d8-23a8eec06c53@group-23177345C72E-SegmentedRaftLogWorker for RaftStorage:Storage Directory /workdir/hadoop-ozone/integration-test/target/test-dir/MiniOzoneClusterImpl-38345a03-7505-46b8-890f-c5e34e746fd9/datanode-2/data/ratis/88e35746-2a27-46b2-ad6b-23177345c72e
2019-09-30 21:21:05,596 [pool-227-thread-1] INFO  server.RaftServerConfigKeys (ConfUtils.java:logGet(43)) - raft.server.log.queue.byte-limit = 2147483647 (custom)
2019-09-30 21:21:05,596 [pool-227-thread-1] INFO  server.RaftServerConfigKeys (ConfUtils.java:logGet(43)) - raft.server.log.queue.element-limit = 1024 (custom)
2019-09-30 21:21:05,597 [pool-227-thread-1] INFO  server.RaftServerConfigKeys (ConfUtils.java:logGet(43)) - raft.server.log.segment.size.max = 1048576 (custom)
2019-09-30 21:21:05,597 [pool-227-thread-1] INFO  server.RaftServerConfigKeys (ConfUtils.java:logGet(43)) - raft.server.log.preallocated.size = 16384 (custom)
2019-09-30 21:21:05,597 [pool-227-thread-1] INFO  server.RaftServerConfigKeys (ConfUtils.java:logGet(43)) - raft.server.log.write.buffer.size = 33554432 (custom)
2019-09-30 21:21:05,597 [pool-227-thread-1] INFO  server.RaftServerConfigKeys (ConfUtils.java:logGet(43)) - raft.server.log.force.sync.num = 128 (default)
2019-09-30 21:21:05,597 [pool-227-thread-1] INFO  server.RaftServerConfigKeys (ConfUtils.java:logGet(43)) - raft.server.log.statemachine.data.sync = true (default)
2019-09-30 21:21:05,597 [pool-227-thread-1] INFO  server.RaftServerConfigKeys (ConfUtils.java:logGet(43)) - raft.server.log.statemachine.data.sync.timeout = 10s (default)
2019-09-30 21:21:05,597 [pool-227-thread-1] INFO  server.RaftServerConfigKeys (ConfUtils.java:logGet(43)) - raft.server.log.statemachine.data.sync.timeout.retry = -1 (default)
2019-09-30 21:21:05,598 [pool-227-thread-1] INFO  server.RaftServerConfigKeys (ConfUtils.java:logGet(43)) - raft.server.log.statemachine.data.caching.enabled = true (custom)
2019-09-30 21:21:05,599 [pool-227-thread-1] INFO  segmented.SegmentedRaftLogWorker (SegmentedRaftLogWorker.java:lambda$new$0(128)) - 87c7a9b1-d7b6-4309-99d8-23a8eec06c53@group-23177345C72E-SegmentedRaftLogWorker: flushIndex: setUnconditionally 0 -> -1
2019-09-30 21:21:05,599 [pool-227-thread-1] INFO  server.RaftServerConfigKeys (ConfUtils.java:logGet(43)) - raft.server.snapshot.auto.trigger.enabled = true (custom)
2019-09-30 21:21:05,599 [pool-227-thread-1] INFO  server.RaftServerConfigKeys (ConfUtils.java:logGet(43)) - raft.server.snapshot.auto.trigger.threshold = 10000 (custom)
2019-09-30 21:21:05,599 [pool-227-thread-1] INFO  server.RaftServerConfigKeys (ConfUtils.java:logGet(43)) - raft.server.snapshot.retention.file.num = 5 (custom)
2019-09-30 21:21:05,599 [pool-227-thread-1] INFO  server.RaftServerConfigKeys (ConfUtils.java:logGet(43)) - raft.server.retrycache.expirytime = 600000ms (custom)
2019-09-30 21:21:05,601 [pool-227-thread-1] INFO  impl.RaftServerImpl (RaftServerImpl.java:start(181)) - 87c7a9b1-d7b6-4309-99d8-23a8eec06c53@group-23177345C72E: start as a follower, conf=-1: [87c7a9b1-d7b6-4309-99d8-23a8eec06c53:192.168.30.59:32942], old=null
2019-09-30 21:21:05,601 [pool-227-thread-1] INFO  impl.RaftServerImpl (RaftServerImpl.java:setRole(170)) - 87c7a9b1-d7b6-4309-99d8-23a8eec06c53@group-23177345C72E: changes role from      null to FOLLOWER at term 0 for startAsFollower
2019-09-30 21:21:05,602 [pool-227-thread-1] INFO  impl.RoleInfo (RoleInfo.java:updateAndGet(143)) - 87c7a9b1-d7b6-4309-99d8-23a8eec06c53: start FollowerState
2019-09-30 21:21:05,602 [pool-227-thread-1] INFO  util.JmxRegister (JmxRegister.java:tryRegister(44)) - Successfully registered JMX Bean with object name Ratis:service=RaftServer,group=group-23177345C72E,id=87c7a9b1-d7b6-4309-99d8-23a8eec06c53
2019-09-30 21:21:05,606 [RatisPipelineUtilsThread] INFO  pipeline.PipelineStateManager (PipelineStateManager.java:addPipeline(56)) - Created pipeline Pipeline[ Id: 88e35746-2a27-46b2-ad6b-23177345c72e, Nodes: 87c7a9b1-d7b6-4309-99d8-23a8eec06c53{ip: 192.168.30.59, host: pr-hdds-2211-2dwkd-795013237, networkLocation: /default-rack, certSerialId: null}, Type:RATIS, Factor:ONE, State:OPEN]
2019-09-30 21:21:05,614 [grpc-default-executor-4] INFO  impl.RaftServerProxy (RaftServerProxy.java:addNew(89)) - dea903ad-4025-4d6e-95dd-c3cf7ae18738: addNew group-D720BC3FA03F:[dea903ad-4025-4d6e-95dd-c3cf7ae18738:192.168.30.59:36109] returns group-D720BC3FA03F:java.util.concurrent.CompletableFuture@84c16ae[Not completed]
2019-09-30 21:21:05,615 [pool-237-thread-1] INFO  impl.RaftServerImpl (RaftServerImpl.java:<init>(95)) - dea903ad-4025-4d6e-95dd-c3cf7ae18738: new RaftServerImpl for group-D720BC3FA03F:[dea903ad-4025-4d6e-95dd-c3cf7ae18738:192.168.30.59:36109] with ContainerStateMachine:uninitialized
2019-09-30 21:21:05,615 [pool-237-thread-1] INFO  server.RaftServerConfigKeys (ConfUtils.java:logGet(43)) - raft.server.rpc.timeout.min = 5s (custom)
2019-09-30 21:21:05,616 [pool-237-thread-1] INFO  server.RaftServerConfigKeys (ConfUtils.java:logGet(43)) - raft.server.rpc.timeout.max = 5200ms (custom)
2019-09-30 21:21:05,616 [pool-237-thread-1] INFO  server.RaftServerConfigKeys (ConfUtils.java:logGet(43)) - raft.server.rpcslowness.timeout = 120s (custom)
2019-09-30 21:21:05,616 [pool-237-thread-1] INFO  server.RaftServerConfigKeys (ConfUtils.java:logGet(43)) - raft.server.sleep.deviation.threshold = 300 (default)
2019-09-30 21:21:05,616 [pool-237-thread-1] INFO  server.RaftServerConfigKeys (ConfUtils.java:logGet(43)) - raft.server.log.appender.install.snapshot.enabled = false (custom)
2019-09-30 21:21:05,616 [pool-237-thread-1] INFO  impl.RaftServerImpl (ServerState.java:<init>(103)) - dea903ad-4025-4d6e-95dd-c3cf7ae18738@group-D720BC3FA03F: ConfigurationManager, init=-1: [dea903ad-4025-4d6e-95dd-c3cf7ae18738:192.168.30.59:36109], old=null, confs=<EMPTY_MAP>
2019-09-30 21:21:05,616 [pool-237-thread-1] INFO  server.RaftServerConfigKeys (ConfUtils.java:logGet(43)) - raft.server.storage.dir = [/workdir/hadoop-ozone/integration-test/target/test-dir/MiniOzoneClusterImpl-38345a03-7505-46b8-890f-c5e34e746fd9/datanode-3/data/ratis] (custom)
2019-09-30 21:21:05,617 [pool-237-thread-1] INFO  server.RaftServerConfigKeys (ConfUtils.java:logGet(43)) - raft.server.log.corruption.policy = EXCEPTION (default)
2019-09-30 21:21:05,617 [pool-237-thread-1] INFO  storage.RaftStorageDirectory (RaftStorageDirectory.java:analyzeStorage(246)) - The storage directory /workdir/hadoop-ozone/integration-test/target/test-dir/MiniOzoneClusterImpl-38345a03-7505-46b8-890f-c5e34e746fd9/datanode-3/data/ratis/77c244b9-9ba9-4df1-900f-d720bc3fa03f does not exist. Creating ...
2019-09-30 21:21:05,640 [pool-237-thread-1] INFO  storage.RaftStorageDirectory (RaftStorageDirectory.java:tryLock(328)) - Lock on /workdir/hadoop-ozone/integration-test/target/test-dir/MiniOzoneClusterImpl-38345a03-7505-46b8-890f-c5e34e746fd9/datanode-3/data/ratis/77c244b9-9ba9-4df1-900f-d720bc3fa03f/in_use.lock acquired by nodename 12236@pr-hdds-2211-2dwkd-795013237
2019-09-30 21:21:05,650 [IPC Server handler 3 on 46116] INFO  net.NetworkTopology (NetworkTopologyImpl.java:add(111)) - Added a new node: /default-rack/d7862da6-7204-4dfe-bc24-740f0a8ff707
2019-09-30 21:21:05,650 [IPC Server handler 3 on 46116] INFO  node.SCMNodeManager (SCMNodeManager.java:register(266)) - Registered Data node : d7862da6-7204-4dfe-bc24-740f0a8ff707{ip: 192.168.30.59, host: pr-hdds-2211-2dwkd-795013237, networkLocation: /default-rack, certSerialId: null}
2019-09-30 21:21:05,677 [pool-237-thread-1] INFO  storage.RaftStorage (RaftStorage.java:format(84)) - Storage directory /workdir/hadoop-ozone/integration-test/target/test-dir/MiniOzoneClusterImpl-38345a03-7505-46b8-890f-c5e34e746fd9/datanode-3/data/ratis/77c244b9-9ba9-4df1-900f-d720bc3fa03f has been successfully formatted.
2019-09-30 21:21:05,677 [pool-237-thread-1] INFO  ratis.ContainerStateMachine (ContainerStateMachine.java:loadSnapshot(230)) - group-D720BC3FA03F: The snapshot info is null. Setting the last applied indexto:(t:0, i:~)
2019-09-30 21:21:05,677 [pool-237-thread-1] INFO  server.RaftServerConfigKeys (ConfUtils.java:logGet(43)) - raft.server.notification.no-leader.timeout = 120s (custom)
2019-09-30 21:21:05,677 [pool-237-thread-1] INFO  server.RaftServerConfigKeys (ConfUtils.java:logGet(43)) - raft.server.log.use.memory = false (default)
2019-09-30 21:21:05,677 [pool-237-thread-1] INFO  server.RaftServerConfigKeys (ConfUtils.java:logGet(43)) - raft.server.log.purge.gap = 1000000 (custom)
2019-09-30 21:21:05,678 [pool-237-thread-1] INFO  server.RaftServerConfigKeys (ConfUtils.java:logGet(43)) - raft.server.log.appender.buffer.byte-limit = 33554432 (custom)
2019-09-30 21:21:05,678 [pool-237-thread-1] INFO  server.RaftServerConfigKeys (ConfUtils.java:logGet(43)) - raft.server.log.segment.size.max = 1048576 (custom)
2019-09-30 21:21:05,680 [pool-237-thread-1] INFO  server.RaftServerConfigKeys (ConfUtils.java:logGet(43)) - raft.server.log.segment.cache.num.max = 2 (custom)
2019-09-30 21:21:05,680 [pool-237-thread-1] INFO  segmented.SegmentedRaftLogWorker (SegmentedRaftLogWorker.java:<init>(173)) - new dea903ad-4025-4d6e-95dd-c3cf7ae18738@group-D720BC3FA03F-SegmentedRaftLogWorker for RaftStorage:Storage Directory /workdir/hadoop-ozone/integration-test/target/test-dir/MiniOzoneClusterImpl-38345a03-7505-46b8-890f-c5e34e746fd9/datanode-3/data/ratis/77c244b9-9ba9-4df1-900f-d720bc3fa03f
2019-09-30 21:21:05,680 [pool-237-thread-1] INFO  server.RaftServerConfigKeys (ConfUtils.java:logGet(43)) - raft.server.log.queue.byte-limit = 2147483647 (custom)
2019-09-30 21:21:05,681 [pool-237-thread-1] INFO  server.RaftServerConfigKeys (ConfUtils.java:logGet(43)) - raft.server.log.queue.element-limit = 1024 (custom)
2019-09-30 21:21:05,681 [pool-237-thread-1] INFO  server.RaftServerConfigKeys (ConfUtils.java:logGet(43)) - raft.server.log.segment.size.max = 1048576 (custom)
2019-09-30 21:21:05,681 [pool-237-thread-1] INFO  server.RaftServerConfigKeys (ConfUtils.java:logGet(43)) - raft.server.log.preallocated.size = 16384 (custom)
2019-09-30 21:21:05,681 [pool-237-thread-1] INFO  server.RaftServerConfigKeys (ConfUtils.java:logGet(43)) - raft.server.log.write.buffer.size = 33554432 (custom)
2019-09-30 21:21:05,681 [pool-237-thread-1] INFO  server.RaftServerConfigKeys (ConfUtils.java:logGet(43)) - raft.server.log.force.sync.num = 128 (default)
2019-09-30 21:21:05,682 [pool-237-thread-1] INFO  server.RaftServerConfigKeys (ConfUtils.java:logGet(43)) - raft.server.log.statemachine.data.sync = true (default)
2019-09-30 21:21:05,682 [pool-237-thread-1] INFO  server.RaftServerConfigKeys (ConfUtils.java:logGet(43)) - raft.server.log.statemachine.data.sync.timeout = 10s (default)
2019-09-30 21:21:05,682 [pool-237-thread-1] INFO  server.RaftServerConfigKeys (ConfUtils.java:logGet(43)) - raft.server.log.statemachine.data.sync.timeout.retry = -1 (default)
2019-09-30 21:21:05,683 [pool-237-thread-1] INFO  server.RaftServerConfigKeys (ConfUtils.java:logGet(43)) - raft.server.log.statemachine.data.caching.enabled = true (custom)
2019-09-30 21:21:05,683 [pool-237-thread-1] INFO  segmented.SegmentedRaftLogWorker (SegmentedRaftLogWorker.java:lambda$new$0(128)) - dea903ad-4025-4d6e-95dd-c3cf7ae18738@group-D720BC3FA03F-SegmentedRaftLogWorker: flushIndex: setUnconditionally 0 -> -1
2019-09-30 21:21:05,683 [pool-237-thread-1] INFO  server.RaftServerConfigKeys (ConfUtils.java:logGet(43)) - raft.server.snapshot.auto.trigger.enabled = true (custom)
2019-09-30 21:21:05,684 [pool-237-thread-1] INFO  server.RaftServerConfigKeys (ConfUtils.java:logGet(43)) - raft.server.snapshot.auto.trigger.threshold = 10000 (custom)
2019-09-30 21:21:05,684 [pool-237-thread-1] INFO  server.RaftServerConfigKeys (ConfUtils.java:logGet(43)) - raft.server.snapshot.retention.file.num = 5 (custom)
2019-09-30 21:21:05,684 [pool-237-thread-1] INFO  server.RaftServerConfigKeys (ConfUtils.java:logGet(43)) - raft.server.retrycache.expirytime = 600000ms (custom)
2019-09-30 21:21:05,686 [pool-237-thread-1] INFO  impl.RaftServerImpl (RaftServerImpl.java:start(181)) - dea903ad-4025-4d6e-95dd-c3cf7ae18738@group-D720BC3FA03F: start as a follower, conf=-1: [dea903ad-4025-4d6e-95dd-c3cf7ae18738:192.168.30.59:36109], old=null
2019-09-30 21:21:05,687 [pool-237-thread-1] INFO  impl.RaftServerImpl (RaftServerImpl.java:setRole(170)) - dea903ad-4025-4d6e-95dd-c3cf7ae18738@group-D720BC3FA03F: changes role from      null to FOLLOWER at term 0 for startAsFollower
2019-09-30 21:21:05,687 [pool-237-thread-1] INFO  impl.RoleInfo (RoleInfo.java:updateAndGet(143)) - dea903ad-4025-4d6e-95dd-c3cf7ae18738: start FollowerState
2019-09-30 21:21:05,687 [pool-237-thread-1] INFO  util.JmxRegister (JmxRegister.java:tryRegister(44)) - Successfully registered JMX Bean with object name Ratis:service=RaftServer,group=group-D720BC3FA03F,id=dea903ad-4025-4d6e-95dd-c3cf7ae18738
2019-09-30 21:21:05,693 [RatisPipelineUtilsThread] INFO  pipeline.PipelineStateManager (PipelineStateManager.java:addPipeline(56)) - Created pipeline Pipeline[ Id: 77c244b9-9ba9-4df1-900f-d720bc3fa03f, Nodes: dea903ad-4025-4d6e-95dd-c3cf7ae18738{ip: 192.168.30.59, host: pr-hdds-2211-2dwkd-795013237, networkLocation: /default-rack, certSerialId: null}, Type:RATIS, Factor:ONE, State:OPEN]
2019-09-30 21:21:05,703 [grpc-default-executor-4] INFO  impl.RaftServerProxy (RaftServerProxy.java:addNew(89)) - d7862da6-7204-4dfe-bc24-740f0a8ff707: addNew group-77E92513EEAF:[d7862da6-7204-4dfe-bc24-740f0a8ff707:192.168.30.59:45638] returns group-77E92513EEAF:java.util.concurrent.CompletableFuture@4d12867c[Not completed]
2019-09-30 21:21:05,705 [pool-247-thread-1] INFO  impl.RaftServerImpl (RaftServerImpl.java:<init>(95)) - d7862da6-7204-4dfe-bc24-740f0a8ff707: new RaftServerImpl for group-77E92513EEAF:[d7862da6-7204-4dfe-bc24-740f0a8ff707:192.168.30.59:45638] with ContainerStateMachine:uninitialized
2019-09-30 21:21:05,705 [pool-247-thread-1] INFO  server.RaftServerConfigKeys (ConfUtils.java:logGet(43)) - raft.server.rpc.timeout.min = 5s (custom)
2019-09-30 21:21:05,705 [pool-247-thread-1] INFO  server.RaftServerConfigKeys (ConfUtils.java:logGet(43)) - raft.server.rpc.timeout.max = 5200ms (custom)
2019-09-30 21:21:05,705 [pool-247-thread-1] INFO  server.RaftServerConfigKeys (ConfUtils.java:logGet(43)) - raft.server.rpcslowness.timeout = 120s (custom)
2019-09-30 21:21:05,705 [pool-247-thread-1] INFO  server.RaftServerConfigKeys (ConfUtils.java:logGet(43)) - raft.server.sleep.deviation.threshold = 300 (default)
2019-09-30 21:21:05,706 [pool-247-thread-1] INFO  server.RaftServerConfigKeys (ConfUtils.java:logGet(43)) - raft.server.log.appender.install.snapshot.enabled = false (custom)
2019-09-30 21:21:05,706 [pool-247-thread-1] INFO  impl.RaftServerImpl (ServerState.java:<init>(103)) - d7862da6-7204-4dfe-bc24-740f0a8ff707@group-77E92513EEAF: ConfigurationManager, init=-1: [d7862da6-7204-4dfe-bc24-740f0a8ff707:192.168.30.59:45638], old=null, confs=<EMPTY_MAP>
2019-09-30 21:21:05,706 [pool-247-thread-1] INFO  server.RaftServerConfigKeys (ConfUtils.java:logGet(43)) - raft.server.storage.dir = [/workdir/hadoop-ozone/integration-test/target/test-dir/MiniOzoneClusterImpl-38345a03-7505-46b8-890f-c5e34e746fd9/datanode-4/data/ratis] (custom)
2019-09-30 21:21:05,706 [pool-247-thread-1] INFO  server.RaftServerConfigKeys (ConfUtils.java:logGet(43)) - raft.server.log.corruption.policy = EXCEPTION (default)
2019-09-30 21:21:05,706 [pool-247-thread-1] INFO  storage.RaftStorageDirectory (RaftStorageDirectory.java:analyzeStorage(246)) - The storage directory /workdir/hadoop-ozone/integration-test/target/test-dir/MiniOzoneClusterImpl-38345a03-7505-46b8-890f-c5e34e746fd9/datanode-4/data/ratis/6bfad6d7-fad7-4327-b2bf-77e92513eeaf does not exist. Creating ...
2019-09-30 21:21:05,714 [IPC Server handler 2 on 46116] INFO  net.NetworkTopology (NetworkTopologyImpl.java:add(111)) - Added a new node: /default-rack/2d3d0176-1917-43ef-bf9f-cb17086b743e
2019-09-30 21:21:05,714 [IPC Server handler 2 on 46116] INFO  node.SCMNodeManager (SCMNodeManager.java:register(266)) - Registered Data node : 2d3d0176-1917-43ef-bf9f-cb17086b743e{ip: 192.168.30.59, host: pr-hdds-2211-2dwkd-795013237, networkLocation: /default-rack, certSerialId: null}
2019-09-30 21:21:05,735 [pool-247-thread-1] INFO  storage.RaftStorageDirectory (RaftStorageDirectory.java:tryLock(328)) - Lock on /workdir/hadoop-ozone/integration-test/target/test-dir/MiniOzoneClusterImpl-38345a03-7505-46b8-890f-c5e34e746fd9/datanode-4/data/ratis/6bfad6d7-fad7-4327-b2bf-77e92513eeaf/in_use.lock acquired by nodename 12236@pr-hdds-2211-2dwkd-795013237
2019-09-30 21:21:05,761 [pool-247-thread-1] INFO  storage.RaftStorage (RaftStorage.java:format(84)) - Storage directory /workdir/hadoop-ozone/integration-test/target/test-dir/MiniOzoneClusterImpl-38345a03-7505-46b8-890f-c5e34e746fd9/datanode-4/data/ratis/6bfad6d7-fad7-4327-b2bf-77e92513eeaf has been successfully formatted.
2019-09-30 21:21:05,761 [pool-247-thread-1] INFO  ratis.ContainerStateMachine (ContainerStateMachine.java:loadSnapshot(230)) - group-77E92513EEAF: The snapshot info is null. Setting the last applied indexto:(t:0, i:~)
2019-09-30 21:21:05,761 [pool-247-thread-1] INFO  server.RaftServerConfigKeys (ConfUtils.java:logGet(43)) - raft.server.notification.no-leader.timeout = 120s (custom)
2019-09-30 21:21:05,761 [pool-247-thread-1] INFO  server.RaftServerConfigKeys (ConfUtils.java:logGet(43)) - raft.server.log.use.memory = false (default)
2019-09-30 21:21:05,762 [pool-247-thread-1] INFO  server.RaftServerConfigKeys (ConfUtils.java:logGet(43)) - raft.server.log.purge.gap = 1000000 (custom)
2019-09-30 21:21:05,762 [pool-247-thread-1] INFO  server.RaftServerConfigKeys (ConfUtils.java:logGet(43)) - raft.server.log.appender.buffer.byte-limit = 33554432 (custom)
2019-09-30 21:21:05,762 [pool-247-thread-1] INFO  server.RaftServerConfigKeys (ConfUtils.java:logGet(43)) - raft.server.log.segment.size.max = 1048576 (custom)
2019-09-30 21:21:05,764 [pool-247-thread-1] INFO  server.RaftServerConfigKeys (ConfUtils.java:logGet(43)) - raft.server.log.segment.cache.num.max = 2 (custom)
2019-09-30 21:21:05,764 [pool-247-thread-1] INFO  segmented.SegmentedRaftLogWorker (SegmentedRaftLogWorker.java:<init>(173)) - new d7862da6-7204-4dfe-bc24-740f0a8ff707@group-77E92513EEAF-SegmentedRaftLogWorker for RaftStorage:Storage Directory /workdir/hadoop-ozone/integration-test/target/test-dir/MiniOzoneClusterImpl-38345a03-7505-46b8-890f-c5e34e746fd9/datanode-4/data/ratis/6bfad6d7-fad7-4327-b2bf-77e92513eeaf
2019-09-30 21:21:05,764 [pool-247-thread-1] INFO  server.RaftServerConfigKeys (ConfUtils.java:logGet(43)) - raft.server.log.queue.byte-limit = 2147483647 (custom)
2019-09-30 21:21:05,764 [pool-247-thread-1] INFO  server.RaftServerConfigKeys (ConfUtils.java:logGet(43)) - raft.server.log.queue.element-limit = 1024 (custom)
2019-09-30 21:21:05,765 [pool-247-thread-1] INFO  server.RaftServerConfigKeys (ConfUtils.java:logGet(43)) - raft.server.log.segment.size.max = 1048576 (custom)
2019-09-30 21:21:05,765 [pool-247-thread-1] INFO  server.RaftServerConfigKeys (ConfUtils.java:logGet(43)) - raft.server.log.preallocated.size = 16384 (custom)
2019-09-30 21:21:05,765 [pool-247-thread-1] INFO  server.RaftServerConfigKeys (ConfUtils.java:logGet(43)) - raft.server.log.write.buffer.size = 33554432 (custom)
2019-09-30 21:21:05,765 [pool-247-thread-1] INFO  server.RaftServerConfigKeys (ConfUtils.java:logGet(43)) - raft.server.log.force.sync.num = 128 (default)
2019-09-30 21:21:05,765 [pool-247-thread-1] INFO  server.RaftServerConfigKeys (ConfUtils.java:logGet(43)) - raft.server.log.statemachine.data.sync = true (default)
2019-09-30 21:21:05,765 [pool-247-thread-1] INFO  server.RaftServerConfigKeys (ConfUtils.java:logGet(43)) - raft.server.log.statemachine.data.sync.timeout = 10s (default)
2019-09-30 21:21:05,765 [pool-247-thread-1] INFO  server.RaftServerConfigKeys (ConfUtils.java:logGet(43)) - raft.server.log.statemachine.data.sync.timeout.retry = -1 (default)
2019-09-30 21:21:05,766 [pool-247-thread-1] INFO  server.RaftServerConfigKeys (ConfUtils.java:logGet(43)) - raft.server.log.statemachine.data.caching.enabled = true (custom)
2019-09-30 21:21:05,766 [pool-247-thread-1] INFO  segmented.SegmentedRaftLogWorker (SegmentedRaftLogWorker.java:lambda$new$0(128)) - d7862da6-7204-4dfe-bc24-740f0a8ff707@group-77E92513EEAF-SegmentedRaftLogWorker: flushIndex: setUnconditionally 0 -> -1
2019-09-30 21:21:05,766 [pool-247-thread-1] INFO  server.RaftServerConfigKeys (ConfUtils.java:logGet(43)) - raft.server.snapshot.auto.trigger.enabled = true (custom)
2019-09-30 21:21:05,767 [pool-247-thread-1] INFO  server.RaftServerConfigKeys (ConfUtils.java:logGet(43)) - raft.server.snapshot.auto.trigger.threshold = 10000 (custom)
2019-09-30 21:21:05,767 [pool-247-thread-1] INFO  server.RaftServerConfigKeys (ConfUtils.java:logGet(43)) - raft.server.snapshot.retention.file.num = 5 (custom)
2019-09-30 21:21:05,767 [pool-247-thread-1] INFO  server.RaftServerConfigKeys (ConfUtils.java:logGet(43)) - raft.server.retrycache.expirytime = 600000ms (custom)
2019-09-30 21:21:05,769 [pool-247-thread-1] INFO  impl.RaftServerImpl (RaftServerImpl.java:start(181)) - d7862da6-7204-4dfe-bc24-740f0a8ff707@group-77E92513EEAF: start as a follower, conf=-1: [d7862da6-7204-4dfe-bc24-740f0a8ff707:192.168.30.59:45638], old=null
2019-09-30 21:21:05,769 [pool-247-thread-1] INFO  impl.RaftServerImpl (RaftServerImpl.java:setRole(170)) - d7862da6-7204-4dfe-bc24-740f0a8ff707@group-77E92513EEAF: changes role from      null to FOLLOWER at term 0 for startAsFollower
2019-09-30 21:21:05,769 [pool-247-thread-1] INFO  impl.RoleInfo (RoleInfo.java:updateAndGet(143)) - d7862da6-7204-4dfe-bc24-740f0a8ff707: start FollowerState
2019-09-30 21:21:05,769 [pool-247-thread-1] INFO  util.JmxRegister (JmxRegister.java:tryRegister(44)) - Successfully registered JMX Bean with object name Ratis:service=RaftServer,group=group-77E92513EEAF,id=d7862da6-7204-4dfe-bc24-740f0a8ff707
2019-09-30 21:21:05,774 [main] INFO  ozone.MiniOzoneClusterImpl (MiniOzoneClusterImpl.java:lambda$waitForClusterToBeReady$0(147)) - Waiting for cluster to be ready. Got 6 of 7 DN Heartbeats.
2019-09-30 21:21:05,774 [RatisPipelineUtilsThread] INFO  pipeline.PipelineStateManager (PipelineStateManager.java:addPipeline(56)) - Created pipeline Pipeline[ Id: 6bfad6d7-fad7-4327-b2bf-77e92513eeaf, Nodes: d7862da6-7204-4dfe-bc24-740f0a8ff707{ip: 192.168.30.59, host: pr-hdds-2211-2dwkd-795013237, networkLocation: /default-rack, certSerialId: null}, Type:RATIS, Factor:ONE, State:OPEN]
2019-09-30 21:21:05,774 [IPC Server handler 4 on 46116] INFO  net.NetworkTopology (NetworkTopologyImpl.java:add(111)) - Added a new node: /default-rack/0d0604b5-9b92-4ef8-b63f-d1bccc1a77bd
2019-09-30 21:21:05,775 [IPC Server handler 4 on 46116] INFO  node.SCMNodeManager (SCMNodeManager.java:register(266)) - Registered Data node : 0d0604b5-9b92-4ef8-b63f-d1bccc1a77bd{ip: 192.168.30.59, host: pr-hdds-2211-2dwkd-795013237, networkLocation: /default-rack, certSerialId: null}
2019-09-30 21:21:05,791 [grpc-default-executor-4] INFO  impl.RaftServerProxy (RaftServerProxy.java:addNew(89)) - 0d0604b5-9b92-4ef8-b63f-d1bccc1a77bd: addNew group-BCD508BC2627:[0d0604b5-9b92-4ef8-b63f-d1bccc1a77bd:192.168.30.59:35878] returns group-BCD508BC2627:java.util.concurrent.CompletableFuture@1f5ea6e0[Not completed]
2019-09-30 21:21:05,792 [pool-267-thread-1] INFO  impl.RaftServerImpl (RaftServerImpl.java:<init>(95)) - 0d0604b5-9b92-4ef8-b63f-d1bccc1a77bd: new RaftServerImpl for group-BCD508BC2627:[0d0604b5-9b92-4ef8-b63f-d1bccc1a77bd:192.168.30.59:35878] with ContainerStateMachine:uninitialized
2019-09-30 21:21:05,792 [pool-267-thread-1] INFO  server.RaftServerConfigKeys (ConfUtils.java:logGet(43)) - raft.server.rpc.timeout.min = 5s (custom)
2019-09-30 21:21:05,793 [pool-267-thread-1] INFO  server.RaftServerConfigKeys (ConfUtils.java:logGet(43)) - raft.server.rpc.timeout.max = 5200ms (custom)
2019-09-30 21:21:05,793 [pool-267-thread-1] INFO  server.RaftServerConfigKeys (ConfUtils.java:logGet(43)) - raft.server.rpcslowness.timeout = 120s (custom)
2019-09-30 21:21:05,793 [pool-267-thread-1] INFO  server.RaftServerConfigKeys (ConfUtils.java:logGet(43)) - raft.server.sleep.deviation.threshold = 300 (default)
2019-09-30 21:21:05,793 [pool-267-thread-1] INFO  server.RaftServerConfigKeys (ConfUtils.java:logGet(43)) - raft.server.log.appender.install.snapshot.enabled = false (custom)
2019-09-30 21:21:05,793 [pool-267-thread-1] INFO  impl.RaftServerImpl (ServerState.java:<init>(103)) - 0d0604b5-9b92-4ef8-b63f-d1bccc1a77bd@group-BCD508BC2627: ConfigurationManager, init=-1: [0d0604b5-9b92-4ef8-b63f-d1bccc1a77bd:192.168.30.59:35878], old=null, confs=<EMPTY_MAP>
2019-09-30 21:21:05,793 [pool-267-thread-1] INFO  server.RaftServerConfigKeys (ConfUtils.java:logGet(43)) - raft.server.storage.dir = [/workdir/hadoop-ozone/integration-test/target/test-dir/MiniOzoneClusterImpl-38345a03-7505-46b8-890f-c5e34e746fd9/datanode-6/data/ratis] (custom)
2019-09-30 21:21:05,794 [pool-267-thread-1] INFO  server.RaftServerConfigKeys (ConfUtils.java:logGet(43)) - raft.server.log.corruption.policy = EXCEPTION (default)
2019-09-30 21:21:05,794 [pool-267-thread-1] INFO  storage.RaftStorageDirectory (RaftStorageDirectory.java:analyzeStorage(246)) - The storage directory /workdir/hadoop-ozone/integration-test/target/test-dir/MiniOzoneClusterImpl-38345a03-7505-46b8-890f-c5e34e746fd9/datanode-6/data/ratis/07fa6782-c9ae-42a8-9a5d-bcd508bc2627 does not exist. Creating ...
2019-09-30 21:21:05,853 [pool-267-thread-1] INFO  storage.RaftStorageDirectory (RaftStorageDirectory.java:tryLock(328)) - Lock on /workdir/hadoop-ozone/integration-test/target/test-dir/MiniOzoneClusterImpl-38345a03-7505-46b8-890f-c5e34e746fd9/datanode-6/data/ratis/07fa6782-c9ae-42a8-9a5d-bcd508bc2627/in_use.lock acquired by nodename 12236@pr-hdds-2211-2dwkd-795013237
2019-09-30 21:21:05,878 [pool-267-thread-1] INFO  storage.RaftStorage (RaftStorage.java:format(84)) - Storage directory /workdir/hadoop-ozone/integration-test/target/test-dir/MiniOzoneClusterImpl-38345a03-7505-46b8-890f-c5e34e746fd9/datanode-6/data/ratis/07fa6782-c9ae-42a8-9a5d-bcd508bc2627 has been successfully formatted.
2019-09-30 21:21:05,878 [pool-267-thread-1] INFO  ratis.ContainerStateMachine (ContainerStateMachine.java:loadSnapshot(230)) - group-BCD508BC2627: The snapshot info is null. Setting the last applied indexto:(t:0, i:~)
2019-09-30 21:21:05,879 [pool-267-thread-1] INFO  server.RaftServerConfigKeys (ConfUtils.java:logGet(43)) - raft.server.notification.no-leader.timeout = 120s (custom)
2019-09-30 21:21:05,879 [pool-267-thread-1] INFO  server.RaftServerConfigKeys (ConfUtils.java:logGet(43)) - raft.server.log.use.memory = false (default)
2019-09-30 21:21:05,879 [pool-267-thread-1] INFO  server.RaftServerConfigKeys (ConfUtils.java:logGet(43)) - raft.server.log.purge.gap = 1000000 (custom)
2019-09-30 21:21:05,879 [pool-267-thread-1] INFO  server.RaftServerConfigKeys (ConfUtils.java:logGet(43)) - raft.server.log.appender.buffer.byte-limit = 33554432 (custom)
2019-09-30 21:21:05,879 [pool-267-thread-1] INFO  server.RaftServerConfigKeys (ConfUtils.java:logGet(43)) - raft.server.log.segment.size.max = 1048576 (custom)
2019-09-30 21:21:05,882 [pool-267-thread-1] INFO  server.RaftServerConfigKeys (ConfUtils.java:logGet(43)) - raft.server.log.segment.cache.num.max = 2 (custom)
2019-09-30 21:21:05,882 [pool-267-thread-1] INFO  segmented.SegmentedRaftLogWorker (SegmentedRaftLogWorker.java:<init>(173)) - new 0d0604b5-9b92-4ef8-b63f-d1bccc1a77bd@group-BCD508BC2627-SegmentedRaftLogWorker for RaftStorage:Storage Directory /workdir/hadoop-ozone/integration-test/target/test-dir/MiniOzoneClusterImpl-38345a03-7505-46b8-890f-c5e34e746fd9/datanode-6/data/ratis/07fa6782-c9ae-42a8-9a5d-bcd508bc2627
2019-09-30 21:21:05,882 [pool-267-thread-1] INFO  server.RaftServerConfigKeys (ConfUtils.java:logGet(43)) - raft.server.log.queue.byte-limit = 2147483647 (custom)
2019-09-30 21:21:05,882 [pool-267-thread-1] INFO  server.RaftServerConfigKeys (ConfUtils.java:logGet(43)) - raft.server.log.queue.element-limit = 1024 (custom)
2019-09-30 21:21:05,882 [pool-267-thread-1] INFO  server.RaftServerConfigKeys (ConfUtils.java:logGet(43)) - raft.server.log.segment.size.max = 1048576 (custom)
2019-09-30 21:21:05,882 [pool-267-thread-1] INFO  server.RaftServerConfigKeys (ConfUtils.java:logGet(43)) - raft.server.log.preallocated.size = 16384 (custom)
2019-09-30 21:21:05,883 [pool-267-thread-1] INFO  server.RaftServerConfigKeys (ConfUtils.java:logGet(43)) - raft.server.log.write.buffer.size = 33554432 (custom)
2019-09-30 21:21:05,883 [pool-267-thread-1] INFO  server.RaftServerConfigKeys (ConfUtils.java:logGet(43)) - raft.server.log.force.sync.num = 128 (default)
2019-09-30 21:21:05,883 [pool-267-thread-1] INFO  server.RaftServerConfigKeys (ConfUtils.java:logGet(43)) - raft.server.log.statemachine.data.sync = true (default)
2019-09-30 21:21:05,883 [pool-267-thread-1] INFO  server.RaftServerConfigKeys (ConfUtils.java:logGet(43)) - raft.server.log.statemachine.data.sync.timeout = 10s (default)
2019-09-30 21:21:05,883 [pool-267-thread-1] INFO  server.RaftServerConfigKeys (ConfUtils.java:logGet(43)) - raft.server.log.statemachine.data.sync.timeout.retry = -1 (default)
2019-09-30 21:21:05,884 [pool-267-thread-1] INFO  server.RaftServerConfigKeys (ConfUtils.java:logGet(43)) - raft.server.log.statemachine.data.caching.enabled = true (custom)
2019-09-30 21:21:05,884 [pool-267-thread-1] INFO  segmented.SegmentedRaftLogWorker (SegmentedRaftLogWorker.java:lambda$new$0(128)) - 0d0604b5-9b92-4ef8-b63f-d1bccc1a77bd@group-BCD508BC2627-SegmentedRaftLogWorker: flushIndex: setUnconditionally 0 -> -1
2019-09-30 21:21:05,884 [pool-267-thread-1] INFO  server.RaftServerConfigKeys (ConfUtils.java:logGet(43)) - raft.server.snapshot.auto.trigger.enabled = true (custom)
2019-09-30 21:21:05,885 [pool-267-thread-1] INFO  server.RaftServerConfigKeys (ConfUtils.java:logGet(43)) - raft.server.snapshot.auto.trigger.threshold = 10000 (custom)
2019-09-30 21:21:05,885 [pool-267-thread-1] INFO  server.RaftServerConfigKeys (ConfUtils.java:logGet(43)) - raft.server.snapshot.retention.file.num = 5 (custom)
2019-09-30 21:21:05,885 [pool-267-thread-1] INFO  server.RaftServerConfigKeys (ConfUtils.java:logGet(43)) - raft.server.retrycache.expirytime = 600000ms (custom)
2019-09-30 21:21:05,887 [pool-267-thread-1] INFO  impl.RaftServerImpl (RaftServerImpl.java:start(181)) - 0d0604b5-9b92-4ef8-b63f-d1bccc1a77bd@group-BCD508BC2627: start as a follower, conf=-1: [0d0604b5-9b92-4ef8-b63f-d1bccc1a77bd:192.168.30.59:35878], old=null
2019-09-30 21:21:05,887 [pool-267-thread-1] INFO  impl.RaftServerImpl (RaftServerImpl.java:setRole(170)) - 0d0604b5-9b92-4ef8-b63f-d1bccc1a77bd@group-BCD508BC2627: changes role from      null to FOLLOWER at term 0 for startAsFollower
2019-09-30 21:21:05,888 [pool-267-thread-1] INFO  impl.RoleInfo (RoleInfo.java:updateAndGet(143)) - 0d0604b5-9b92-4ef8-b63f-d1bccc1a77bd: start FollowerState
2019-09-30 21:21:05,888 [pool-267-thread-1] INFO  util.JmxRegister (JmxRegister.java:tryRegister(44)) - Successfully registered JMX Bean with object name Ratis:service=RaftServer,group=group-BCD508BC2627,id=0d0604b5-9b92-4ef8-b63f-d1bccc1a77bd
2019-09-30 21:21:05,892 [RatisPipelineUtilsThread] INFO  pipeline.PipelineStateManager (PipelineStateManager.java:addPipeline(56)) - Created pipeline Pipeline[ Id: 07fa6782-c9ae-42a8-9a5d-bcd508bc2627, Nodes: 0d0604b5-9b92-4ef8-b63f-d1bccc1a77bd{ip: 192.168.30.59, host: pr-hdds-2211-2dwkd-795013237, networkLocation: /default-rack, certSerialId: null}, Type:RATIS, Factor:ONE, State:OPEN]
2019-09-30 21:21:05,898 [grpc-default-executor-4] INFO  impl.RaftServerProxy (RaftServerProxy.java:addNew(89)) - 2d3d0176-1917-43ef-bf9f-cb17086b743e: addNew group-2F8025766C3B:[2d3d0176-1917-43ef-bf9f-cb17086b743e:192.168.30.59:35433] returns group-2F8025766C3B:java.util.concurrent.CompletableFuture@5761b776[Not completed]
2019-09-30 21:21:05,899 [pool-257-thread-1] INFO  impl.RaftServerImpl (RaftServerImpl.java:<init>(95)) - 2d3d0176-1917-43ef-bf9f-cb17086b743e: new RaftServerImpl for group-2F8025766C3B:[2d3d0176-1917-43ef-bf9f-cb17086b743e:192.168.30.59:35433] with ContainerStateMachine:uninitialized
2019-09-30 21:21:05,899 [pool-257-thread-1] INFO  server.RaftServerConfigKeys (ConfUtils.java:logGet(43)) - raft.server.rpc.timeout.min = 5s (custom)
2019-09-30 21:21:05,900 [pool-257-thread-1] INFO  server.RaftServerConfigKeys (ConfUtils.java:logGet(43)) - raft.server.rpc.timeout.max = 5200ms (custom)
2019-09-30 21:21:05,900 [pool-257-thread-1] INFO  server.RaftServerConfigKeys (ConfUtils.java:logGet(43)) - raft.server.rpcslowness.timeout = 120s (custom)
2019-09-30 21:21:05,900 [pool-257-thread-1] INFO  server.RaftServerConfigKeys (ConfUtils.java:logGet(43)) - raft.server.sleep.deviation.threshold = 300 (default)
2019-09-30 21:21:05,900 [pool-257-thread-1] INFO  server.RaftServerConfigKeys (ConfUtils.java:logGet(43)) - raft.server.log.appender.install.snapshot.enabled = false (custom)
2019-09-30 21:21:05,900 [pool-257-thread-1] INFO  impl.RaftServerImpl (ServerState.java:<init>(103)) - 2d3d0176-1917-43ef-bf9f-cb17086b743e@group-2F8025766C3B: ConfigurationManager, init=-1: [2d3d0176-1917-43ef-bf9f-cb17086b743e:192.168.30.59:35433], old=null, confs=<EMPTY_MAP>
2019-09-30 21:21:05,900 [pool-257-thread-1] INFO  server.RaftServerConfigKeys (ConfUtils.java:logGet(43)) - raft.server.storage.dir = [/workdir/hadoop-ozone/integration-test/target/test-dir/MiniOzoneClusterImpl-38345a03-7505-46b8-890f-c5e34e746fd9/datanode-5/data/ratis] (custom)
2019-09-30 21:21:05,901 [pool-257-thread-1] INFO  server.RaftServerConfigKeys (ConfUtils.java:logGet(43)) - raft.server.log.corruption.policy = EXCEPTION (default)
2019-09-30 21:21:05,901 [pool-257-thread-1] INFO  storage.RaftStorageDirectory (RaftStorageDirectory.java:analyzeStorage(246)) - The storage directory /workdir/hadoop-ozone/integration-test/target/test-dir/MiniOzoneClusterImpl-38345a03-7505-46b8-890f-c5e34e746fd9/datanode-5/data/ratis/8afbb865-d8c2-4e8d-a1ad-2f8025766c3b does not exist. Creating ...
2019-09-30 21:21:05,928 [pool-257-thread-1] INFO  storage.RaftStorageDirectory (RaftStorageDirectory.java:tryLock(328)) - Lock on /workdir/hadoop-ozone/integration-test/target/test-dir/MiniOzoneClusterImpl-38345a03-7505-46b8-890f-c5e34e746fd9/datanode-5/data/ratis/8afbb865-d8c2-4e8d-a1ad-2f8025766c3b/in_use.lock acquired by nodename 12236@pr-hdds-2211-2dwkd-795013237
2019-09-30 21:21:05,954 [pool-257-thread-1] INFO  storage.RaftStorage (RaftStorage.java:format(84)) - Storage directory /workdir/hadoop-ozone/integration-test/target/test-dir/MiniOzoneClusterImpl-38345a03-7505-46b8-890f-c5e34e746fd9/datanode-5/data/ratis/8afbb865-d8c2-4e8d-a1ad-2f8025766c3b has been successfully formatted.
2019-09-30 21:21:05,954 [pool-257-thread-1] INFO  ratis.ContainerStateMachine (ContainerStateMachine.java:loadSnapshot(230)) - group-2F8025766C3B: The snapshot info is null. Setting the last applied indexto:(t:0, i:~)
2019-09-30 21:21:05,955 [pool-257-thread-1] INFO  server.RaftServerConfigKeys (ConfUtils.java:logGet(43)) - raft.server.notification.no-leader.timeout = 120s (custom)
2019-09-30 21:21:05,955 [pool-257-thread-1] INFO  server.RaftServerConfigKeys (ConfUtils.java:logGet(43)) - raft.server.log.use.memory = false (default)
2019-09-30 21:21:05,955 [pool-257-thread-1] INFO  server.RaftServerConfigKeys (ConfUtils.java:logGet(43)) - raft.server.log.purge.gap = 1000000 (custom)
2019-09-30 21:21:05,955 [pool-257-thread-1] INFO  server.RaftServerConfigKeys (ConfUtils.java:logGet(43)) - raft.server.log.appender.buffer.byte-limit = 33554432 (custom)
2019-09-30 21:21:05,955 [pool-257-thread-1] INFO  server.RaftServerConfigKeys (ConfUtils.java:logGet(43)) - raft.server.log.segment.size.max = 1048576 (custom)
2019-09-30 21:21:05,957 [pool-257-thread-1] INFO  server.RaftServerConfigKeys (ConfUtils.java:logGet(43)) - raft.server.log.segment.cache.num.max = 2 (custom)
2019-09-30 21:21:05,957 [pool-257-thread-1] INFO  segmented.SegmentedRaftLogWorker (SegmentedRaftLogWorker.java:<init>(173)) - new 2d3d0176-1917-43ef-bf9f-cb17086b743e@group-2F8025766C3B-SegmentedRaftLogWorker for RaftStorage:Storage Directory /workdir/hadoop-ozone/integration-test/target/test-dir/MiniOzoneClusterImpl-38345a03-7505-46b8-890f-c5e34e746fd9/datanode-5/data/ratis/8afbb865-d8c2-4e8d-a1ad-2f8025766c3b
2019-09-30 21:21:05,958 [pool-257-thread-1] INFO  server.RaftServerConfigKeys (ConfUtils.java:logGet(43)) - raft.server.log.queue.byte-limit = 2147483647 (custom)
2019-09-30 21:21:05,958 [pool-257-thread-1] INFO  server.RaftServerConfigKeys (ConfUtils.java:logGet(43)) - raft.server.log.queue.element-limit = 1024 (custom)
2019-09-30 21:21:05,958 [pool-257-thread-1] INFO  server.RaftServerConfigKeys (ConfUtils.java:logGet(43)) - raft.server.log.segment.size.max = 1048576 (custom)
2019-09-30 21:21:05,958 [pool-257-thread-1] INFO  server.RaftServerConfigKeys (ConfUtils.java:logGet(43)) - raft.server.log.preallocated.size = 16384 (custom)
2019-09-30 21:21:05,958 [pool-257-thread-1] INFO  server.RaftServerConfigKeys (ConfUtils.java:logGet(43)) - raft.server.log.write.buffer.size = 33554432 (custom)
2019-09-30 21:21:05,958 [pool-257-thread-1] INFO  server.RaftServerConfigKeys (ConfUtils.java:logGet(43)) - raft.server.log.force.sync.num = 128 (default)
2019-09-30 21:21:05,959 [pool-257-thread-1] INFO  server.RaftServerConfigKeys (ConfUtils.java:logGet(43)) - raft.server.log.statemachine.data.sync = true (default)
2019-09-30 21:21:05,959 [pool-257-thread-1] INFO  server.RaftServerConfigKeys (ConfUtils.java:logGet(43)) - raft.server.log.statemachine.data.sync.timeout = 10s (default)
2019-09-30 21:21:05,959 [pool-257-thread-1] INFO  server.RaftServerConfigKeys (ConfUtils.java:logGet(43)) - raft.server.log.statemachine.data.sync.timeout.retry = -1 (default)
2019-09-30 21:21:05,959 [pool-257-thread-1] INFO  server.RaftServerConfigKeys (ConfUtils.java:logGet(43)) - raft.server.log.statemachine.data.caching.enabled = true (custom)
2019-09-30 21:21:05,960 [pool-257-thread-1] INFO  segmented.SegmentedRaftLogWorker (SegmentedRaftLogWorker.java:lambda$new$0(128)) - 2d3d0176-1917-43ef-bf9f-cb17086b743e@group-2F8025766C3B-SegmentedRaftLogWorker: flushIndex: setUnconditionally 0 -> -1
2019-09-30 21:21:05,960 [pool-257-thread-1] INFO  server.RaftServerConfigKeys (ConfUtils.java:logGet(43)) - raft.server.snapshot.auto.trigger.enabled = true (custom)
2019-09-30 21:21:05,960 [pool-257-thread-1] INFO  server.RaftServerConfigKeys (ConfUtils.java:logGet(43)) - raft.server.snapshot.auto.trigger.threshold = 10000 (custom)
2019-09-30 21:21:05,961 [pool-257-thread-1] INFO  server.RaftServerConfigKeys (ConfUtils.java:logGet(43)) - raft.server.snapshot.retention.file.num = 5 (custom)
2019-09-30 21:21:05,961 [pool-257-thread-1] INFO  server.RaftServerConfigKeys (ConfUtils.java:logGet(43)) - raft.server.retrycache.expirytime = 600000ms (custom)
2019-09-30 21:21:05,963 [pool-257-thread-1] INFO  impl.RaftServerImpl (RaftServerImpl.java:start(181)) - 2d3d0176-1917-43ef-bf9f-cb17086b743e@group-2F8025766C3B: start as a follower, conf=-1: [2d3d0176-1917-43ef-bf9f-cb17086b743e:192.168.30.59:35433], old=null
2019-09-30 21:21:05,963 [pool-257-thread-1] INFO  impl.RaftServerImpl (RaftServerImpl.java:setRole(170)) - 2d3d0176-1917-43ef-bf9f-cb17086b743e@group-2F8025766C3B: changes role from      null to FOLLOWER at term 0 for startAsFollower
2019-09-30 21:21:05,963 [pool-257-thread-1] INFO  impl.RoleInfo (RoleInfo.java:updateAndGet(143)) - 2d3d0176-1917-43ef-bf9f-cb17086b743e: start FollowerState
2019-09-30 21:21:05,964 [pool-257-thread-1] INFO  util.JmxRegister (JmxRegister.java:tryRegister(44)) - Successfully registered JMX Bean with object name Ratis:service=RaftServer,group=group-2F8025766C3B,id=2d3d0176-1917-43ef-bf9f-cb17086b743e
2019-09-30 21:21:05,968 [RatisPipelineUtilsThread] INFO  pipeline.PipelineStateManager (PipelineStateManager.java:addPipeline(56)) - Created pipeline Pipeline[ Id: 8afbb865-d8c2-4e8d-a1ad-2f8025766c3b, Nodes: 2d3d0176-1917-43ef-bf9f-cb17086b743e{ip: 192.168.30.59, host: pr-hdds-2211-2dwkd-795013237, networkLocation: /default-rack, certSerialId: null}, Type:RATIS, Factor:ONE, State:OPEN]
2019-09-30 21:21:05,986 [grpc-default-executor-1] INFO  impl.RaftServerProxy (RaftServerProxy.java:addNew(89)) - 99573aa8-d5bb-48c2-a623-6999335be6bf: addNew group-0E8F1F723127:[dea903ad-4025-4d6e-95dd-c3cf7ae18738:192.168.30.59:36109, 99573aa8-d5bb-48c2-a623-6999335be6bf:192.168.30.59:39103, d7862da6-7204-4dfe-bc24-740f0a8ff707:192.168.30.59:45638] returns group-0E8F1F723127:java.util.concurrent.CompletableFuture@142218b7[Not completed]
2019-09-30 21:21:05,987 [grpc-default-executor-4] INFO  impl.RaftServerProxy (RaftServerProxy.java:addNew(89)) - d7862da6-7204-4dfe-bc24-740f0a8ff707: addNew group-0E8F1F723127:[dea903ad-4025-4d6e-95dd-c3cf7ae18738:192.168.30.59:36109, 99573aa8-d5bb-48c2-a623-6999335be6bf:192.168.30.59:39103, d7862da6-7204-4dfe-bc24-740f0a8ff707:192.168.30.59:45638] returns group-0E8F1F723127:java.util.concurrent.CompletableFuture@4c25b91b[Not completed]
2019-09-30 21:21:05,987 [grpc-default-executor-1] INFO  impl.RaftServerProxy (RaftServerProxy.java:addNew(89)) - dea903ad-4025-4d6e-95dd-c3cf7ae18738: addNew group-0E8F1F723127:[dea903ad-4025-4d6e-95dd-c3cf7ae18738:192.168.30.59:36109, 99573aa8-d5bb-48c2-a623-6999335be6bf:192.168.30.59:39103, d7862da6-7204-4dfe-bc24-740f0a8ff707:192.168.30.59:45638] returns group-0E8F1F723127:java.util.concurrent.CompletableFuture@3ed5d8c0[Not completed]
2019-09-30 21:21:05,988 [pool-217-thread-1] INFO  impl.RaftServerImpl (RaftServerImpl.java:<init>(95)) - 99573aa8-d5bb-48c2-a623-6999335be6bf: new RaftServerImpl for group-0E8F1F723127:[dea903ad-4025-4d6e-95dd-c3cf7ae18738:192.168.30.59:36109, 99573aa8-d5bb-48c2-a623-6999335be6bf:192.168.30.59:39103, d7862da6-7204-4dfe-bc24-740f0a8ff707:192.168.30.59:45638] with ContainerStateMachine:uninitialized
2019-09-30 21:21:05,989 [pool-217-thread-1] INFO  server.RaftServerConfigKeys (ConfUtils.java:logGet(43)) - raft.server.rpc.timeout.min = 5s (custom)
2019-09-30 21:21:05,989 [pool-217-thread-1] INFO  server.RaftServerConfigKeys (ConfUtils.java:logGet(43)) - raft.server.rpc.timeout.max = 5200ms (custom)
2019-09-30 21:21:05,989 [pool-217-thread-1] INFO  server.RaftServerConfigKeys (ConfUtils.java:logGet(43)) - raft.server.rpcslowness.timeout = 120s (custom)
2019-09-30 21:21:05,989 [pool-237-thread-1] INFO  impl.RaftServerImpl (RaftServerImpl.java:<init>(95)) - dea903ad-4025-4d6e-95dd-c3cf7ae18738: new RaftServerImpl for group-0E8F1F723127:[dea903ad-4025-4d6e-95dd-c3cf7ae18738:192.168.30.59:36109, 99573aa8-d5bb-48c2-a623-6999335be6bf:192.168.30.59:39103, d7862da6-7204-4dfe-bc24-740f0a8ff707:192.168.30.59:45638] with ContainerStateMachine:uninitialized
2019-09-30 21:21:05,989 [pool-217-thread-1] INFO  server.RaftServerConfigKeys (ConfUtils.java:logGet(43)) - raft.server.sleep.deviation.threshold = 300 (default)
2019-09-30 21:21:05,989 [pool-237-thread-1] INFO  server.RaftServerConfigKeys (ConfUtils.java:logGet(43)) - raft.server.rpc.timeout.min = 5s (custom)
2019-09-30 21:21:05,989 [pool-217-thread-1] INFO  server.RaftServerConfigKeys (ConfUtils.java:logGet(43)) - raft.server.log.appender.install.snapshot.enabled = false (custom)
2019-09-30 21:21:05,990 [pool-237-thread-1] INFO  server.RaftServerConfigKeys (ConfUtils.java:logGet(43)) - raft.server.rpc.timeout.max = 5200ms (custom)
2019-09-30 21:21:05,990 [pool-247-thread-1] INFO  impl.RaftServerImpl (RaftServerImpl.java:<init>(95)) - d7862da6-7204-4dfe-bc24-740f0a8ff707: new RaftServerImpl for group-0E8F1F723127:[dea903ad-4025-4d6e-95dd-c3cf7ae18738:192.168.30.59:36109, 99573aa8-d5bb-48c2-a623-6999335be6bf:192.168.30.59:39103, d7862da6-7204-4dfe-bc24-740f0a8ff707:192.168.30.59:45638] with ContainerStateMachine:uninitialized
2019-09-30 21:21:05,990 [pool-237-thread-1] INFO  server.RaftServerConfigKeys (ConfUtils.java:logGet(43)) - raft.server.rpcslowness.timeout = 120s (custom)
2019-09-30 21:21:05,990 [pool-237-thread-1] INFO  server.RaftServerConfigKeys (ConfUtils.java:logGet(43)) - raft.server.sleep.deviation.threshold = 300 (default)
2019-09-30 21:21:05,990 [pool-217-thread-1] INFO  impl.RaftServerImpl (ServerState.java:<init>(103)) - 99573aa8-d5bb-48c2-a623-6999335be6bf@group-0E8F1F723127: ConfigurationManager, init=-1: [dea903ad-4025-4d6e-95dd-c3cf7ae18738:192.168.30.59:36109, 99573aa8-d5bb-48c2-a623-6999335be6bf:192.168.30.59:39103, d7862da6-7204-4dfe-bc24-740f0a8ff707:192.168.30.59:45638], old=null, confs=<EMPTY_MAP>
2019-09-30 21:21:05,990 [pool-237-thread-1] INFO  server.RaftServerConfigKeys (ConfUtils.java:logGet(43)) - raft.server.log.appender.install.snapshot.enabled = false (custom)
2019-09-30 21:21:05,990 [pool-247-thread-1] INFO  server.RaftServerConfigKeys (ConfUtils.java:logGet(43)) - raft.server.rpc.timeout.min = 5s (custom)
2019-09-30 21:21:05,991 [pool-237-thread-1] INFO  impl.RaftServerImpl (ServerState.java:<init>(103)) - dea903ad-4025-4d6e-95dd-c3cf7ae18738@group-0E8F1F723127: ConfigurationManager, init=-1: [dea903ad-4025-4d6e-95dd-c3cf7ae18738:192.168.30.59:36109, 99573aa8-d5bb-48c2-a623-6999335be6bf:192.168.30.59:39103, d7862da6-7204-4dfe-bc24-740f0a8ff707:192.168.30.59:45638], old=null, confs=<EMPTY_MAP>
2019-09-30 21:21:05,990 [pool-217-thread-1] INFO  server.RaftServerConfigKeys (ConfUtils.java:logGet(43)) - raft.server.storage.dir = [/workdir/hadoop-ozone/integration-test/target/test-dir/MiniOzoneClusterImpl-38345a03-7505-46b8-890f-c5e34e746fd9/datanode-1/data/ratis] (custom)
2019-09-30 21:21:05,991 [pool-237-thread-1] INFO  server.RaftServerConfigKeys (ConfUtils.java:logGet(43)) - raft.server.storage.dir = [/workdir/hadoop-ozone/integration-test/target/test-dir/MiniOzoneClusterImpl-38345a03-7505-46b8-890f-c5e34e746fd9/datanode-3/data/ratis] (custom)
2019-09-30 21:21:05,991 [pool-247-thread-1] INFO  server.RaftServerConfigKeys (ConfUtils.java:logGet(43)) - raft.server.rpc.timeout.max = 5200ms (custom)
2019-09-30 21:21:05,991 [pool-217-thread-1] INFO  server.RaftServerConfigKeys (ConfUtils.java:logGet(43)) - raft.server.log.corruption.policy = EXCEPTION (default)
2019-09-30 21:21:05,991 [pool-237-thread-1] INFO  server.RaftServerConfigKeys (ConfUtils.java:logGet(43)) - raft.server.log.corruption.policy = EXCEPTION (default)
2019-09-30 21:21:05,991 [pool-247-thread-1] INFO  server.RaftServerConfigKeys (ConfUtils.java:logGet(43)) - raft.server.rpcslowness.timeout = 120s (custom)
2019-09-30 21:21:05,992 [pool-237-thread-1] INFO  storage.RaftStorageDirectory (RaftStorageDirectory.java:analyzeStorage(246)) - The storage directory /workdir/hadoop-ozone/integration-test/target/test-dir/MiniOzoneClusterImpl-38345a03-7505-46b8-890f-c5e34e746fd9/datanode-3/data/ratis/86f3355a-b77b-435f-b307-0e8f1f723127 does not exist. Creating ...
2019-09-30 21:21:05,991 [pool-217-thread-1] INFO  storage.RaftStorageDirectory (RaftStorageDirectory.java:analyzeStorage(246)) - The storage directory /workdir/hadoop-ozone/integration-test/target/test-dir/MiniOzoneClusterImpl-38345a03-7505-46b8-890f-c5e34e746fd9/datanode-1/data/ratis/86f3355a-b77b-435f-b307-0e8f1f723127 does not exist. Creating ...
2019-09-30 21:21:05,992 [pool-247-thread-1] INFO  server.RaftServerConfigKeys (ConfUtils.java:logGet(43)) - raft.server.sleep.deviation.threshold = 300 (default)
2019-09-30 21:21:05,992 [pool-247-thread-1] INFO  server.RaftServerConfigKeys (ConfUtils.java:logGet(43)) - raft.server.log.appender.install.snapshot.enabled = false (custom)
2019-09-30 21:21:05,992 [pool-247-thread-1] INFO  impl.RaftServerImpl (ServerState.java:<init>(103)) - d7862da6-7204-4dfe-bc24-740f0a8ff707@group-0E8F1F723127: ConfigurationManager, init=-1: [dea903ad-4025-4d6e-95dd-c3cf7ae18738:192.168.30.59:36109, 99573aa8-d5bb-48c2-a623-6999335be6bf:192.168.30.59:39103, d7862da6-7204-4dfe-bc24-740f0a8ff707:192.168.30.59:45638], old=null, confs=<EMPTY_MAP>
2019-09-30 21:21:05,992 [pool-247-thread-1] INFO  server.RaftServerConfigKeys (ConfUtils.java:logGet(43)) - raft.server.storage.dir = [/workdir/hadoop-ozone/integration-test/target/test-dir/MiniOzoneClusterImpl-38345a03-7505-46b8-890f-c5e34e746fd9/datanode-4/data/ratis] (custom)
2019-09-30 21:21:05,993 [pool-247-thread-1] INFO  server.RaftServerConfigKeys (ConfUtils.java:logGet(43)) - raft.server.log.corruption.policy = EXCEPTION (default)
2019-09-30 21:21:05,993 [pool-247-thread-1] INFO  storage.RaftStorageDirectory (RaftStorageDirectory.java:analyzeStorage(246)) - The storage directory /workdir/hadoop-ozone/integration-test/target/test-dir/MiniOzoneClusterImpl-38345a03-7505-46b8-890f-c5e34e746fd9/datanode-4/data/ratis/86f3355a-b77b-435f-b307-0e8f1f723127 does not exist. Creating ...
2019-09-30 21:21:06,021 [pool-217-thread-1] INFO  storage.RaftStorageDirectory (RaftStorageDirectory.java:tryLock(328)) - Lock on /workdir/hadoop-ozone/integration-test/target/test-dir/MiniOzoneClusterImpl-38345a03-7505-46b8-890f-c5e34e746fd9/datanode-1/data/ratis/86f3355a-b77b-435f-b307-0e8f1f723127/in_use.lock acquired by nodename 12236@pr-hdds-2211-2dwkd-795013237
2019-09-30 21:21:06,021 [pool-247-thread-1] INFO  storage.RaftStorageDirectory (RaftStorageDirectory.java:tryLock(328)) - Lock on /workdir/hadoop-ozone/integration-test/target/test-dir/MiniOzoneClusterImpl-38345a03-7505-46b8-890f-c5e34e746fd9/datanode-4/data/ratis/86f3355a-b77b-435f-b307-0e8f1f723127/in_use.lock acquired by nodename 12236@pr-hdds-2211-2dwkd-795013237
2019-09-30 21:21:06,021 [pool-237-thread-1] INFO  storage.RaftStorageDirectory (RaftStorageDirectory.java:tryLock(328)) - Lock on /workdir/hadoop-ozone/integration-test/target/test-dir/MiniOzoneClusterImpl-38345a03-7505-46b8-890f-c5e34e746fd9/datanode-3/data/ratis/86f3355a-b77b-435f-b307-0e8f1f723127/in_use.lock acquired by nodename 12236@pr-hdds-2211-2dwkd-795013237
2019-09-30 21:21:06,047 [pool-237-thread-1] INFO  storage.RaftStorage (RaftStorage.java:format(84)) - Storage directory /workdir/hadoop-ozone/integration-test/target/test-dir/MiniOzoneClusterImpl-38345a03-7505-46b8-890f-c5e34e746fd9/datanode-3/data/ratis/86f3355a-b77b-435f-b307-0e8f1f723127 has been successfully formatted.
2019-09-30 21:21:06,047 [pool-247-thread-1] INFO  storage.RaftStorage (RaftStorage.java:format(84)) - Storage directory /workdir/hadoop-ozone/integration-test/target/test-dir/MiniOzoneClusterImpl-38345a03-7505-46b8-890f-c5e34e746fd9/datanode-4/data/ratis/86f3355a-b77b-435f-b307-0e8f1f723127 has been successfully formatted.
2019-09-30 21:21:06,047 [pool-237-thread-1] INFO  ratis.ContainerStateMachine (ContainerStateMachine.java:loadSnapshot(230)) - group-0E8F1F723127: The snapshot info is null. Setting the last applied indexto:(t:0, i:~)
2019-09-30 21:21:06,047 [pool-217-thread-1] INFO  storage.RaftStorage (RaftStorage.java:format(84)) - Storage directory /workdir/hadoop-ozone/integration-test/target/test-dir/MiniOzoneClusterImpl-38345a03-7505-46b8-890f-c5e34e746fd9/datanode-1/data/ratis/86f3355a-b77b-435f-b307-0e8f1f723127 has been successfully formatted.
2019-09-30 21:21:06,048 [pool-237-thread-1] INFO  server.RaftServerConfigKeys (ConfUtils.java:logGet(43)) - raft.server.notification.no-leader.timeout = 120s (custom)
2019-09-30 21:21:06,048 [pool-247-thread-1] INFO  ratis.ContainerStateMachine (ContainerStateMachine.java:loadSnapshot(230)) - group-0E8F1F723127: The snapshot info is null. Setting the last applied indexto:(t:0, i:~)
2019-09-30 21:21:06,048 [pool-217-thread-1] INFO  ratis.ContainerStateMachine (ContainerStateMachine.java:loadSnapshot(230)) - group-0E8F1F723127: The snapshot info is null. Setting the last applied indexto:(t:0, i:~)
2019-09-30 21:21:06,048 [pool-237-thread-1] INFO  server.RaftServerConfigKeys (ConfUtils.java:logGet(43)) - raft.server.log.use.memory = false (default)
2019-09-30 21:21:06,048 [pool-217-thread-1] INFO  server.RaftServerConfigKeys (ConfUtils.java:logGet(43)) - raft.server.notification.no-leader.timeout = 120s (custom)
2019-09-30 21:21:06,048 [pool-247-thread-1] INFO  server.RaftServerConfigKeys (ConfUtils.java:logGet(43)) - raft.server.notification.no-leader.timeout = 120s (custom)
2019-09-30 21:21:06,049 [pool-217-thread-1] INFO  server.RaftServerConfigKeys (ConfUtils.java:logGet(43)) - raft.server.log.use.memory = false (default)
2019-09-30 21:21:06,048 [pool-237-thread-1] INFO  server.RaftServerConfigKeys (ConfUtils.java:logGet(43)) - raft.server.log.purge.gap = 1000000 (custom)
2019-09-30 21:21:06,049 [pool-217-thread-1] INFO  server.RaftServerConfigKeys (ConfUtils.java:logGet(43)) - raft.server.log.purge.gap = 1000000 (custom)
2019-09-30 21:21:06,049 [pool-247-thread-1] INFO  server.RaftServerConfigKeys (ConfUtils.java:logGet(43)) - raft.server.log.use.memory = false (default)
2019-09-30 21:21:06,049 [pool-217-thread-1] INFO  server.RaftServerConfigKeys (ConfUtils.java:logGet(43)) - raft.server.log.appender.buffer.byte-limit = 33554432 (custom)
2019-09-30 21:21:06,049 [pool-237-thread-1] INFO  server.RaftServerConfigKeys (ConfUtils.java:logGet(43)) - raft.server.log.appender.buffer.byte-limit = 33554432 (custom)
2019-09-30 21:21:06,050 [pool-217-thread-1] INFO  server.RaftServerConfigKeys (ConfUtils.java:logGet(43)) - raft.server.log.segment.size.max = 1048576 (custom)
2019-09-30 21:21:06,049 [pool-247-thread-1] INFO  server.RaftServerConfigKeys (ConfUtils.java:logGet(43)) - raft.server.log.purge.gap = 1000000 (custom)
2019-09-30 21:21:06,050 [pool-217-thread-1] INFO  server.RaftServerConfigKeys (ConfUtils.java:logGet(43)) - raft.server.log.segment.cache.num.max = 2 (custom)
2019-09-30 21:21:06,050 [pool-237-thread-1] INFO  server.RaftServerConfigKeys (ConfUtils.java:logGet(43)) - raft.server.log.segment.size.max = 1048576 (custom)
2019-09-30 21:21:06,050 [pool-217-thread-1] INFO  segmented.SegmentedRaftLogWorker (SegmentedRaftLogWorker.java:<init>(173)) - new 99573aa8-d5bb-48c2-a623-6999335be6bf@group-0E8F1F723127-SegmentedRaftLogWorker for RaftStorage:Storage Directory /workdir/hadoop-ozone/integration-test/target/test-dir/MiniOzoneClusterImpl-38345a03-7505-46b8-890f-c5e34e746fd9/datanode-1/data/ratis/86f3355a-b77b-435f-b307-0e8f1f723127
2019-09-30 21:21:06,050 [pool-247-thread-1] INFO  server.RaftServerConfigKeys (ConfUtils.java:logGet(43)) - raft.server.log.appender.buffer.byte-limit = 33554432 (custom)
2019-09-30 21:21:06,051 [pool-217-thread-1] INFO  server.RaftServerConfigKeys (ConfUtils.java:logGet(43)) - raft.server.log.queue.byte-limit = 2147483647 (custom)
2019-09-30 21:21:06,050 [pool-237-thread-1] INFO  server.RaftServerConfigKeys (ConfUtils.java:logGet(43)) - raft.server.log.segment.cache.num.max = 2 (custom)
2019-09-30 21:21:06,051 [pool-217-thread-1] INFO  server.RaftServerConfigKeys (ConfUtils.java:logGet(43)) - raft.server.log.queue.element-limit = 1024 (custom)
2019-09-30 21:21:06,051 [pool-247-thread-1] INFO  server.RaftServerConfigKeys (ConfUtils.java:logGet(43)) - raft.server.log.segment.size.max = 1048576 (custom)
2019-09-30 21:21:06,051 [pool-217-thread-1] INFO  server.RaftServerConfigKeys (ConfUtils.java:logGet(43)) - raft.server.log.segment.size.max = 1048576 (custom)
2019-09-30 21:21:06,051 [pool-237-thread-1] INFO  segmented.SegmentedRaftLogWorker (SegmentedRaftLogWorker.java:<init>(173)) - new dea903ad-4025-4d6e-95dd-c3cf7ae18738@group-0E8F1F723127-SegmentedRaftLogWorker for RaftStorage:Storage Directory /workdir/hadoop-ozone/integration-test/target/test-dir/MiniOzoneClusterImpl-38345a03-7505-46b8-890f-c5e34e746fd9/datanode-3/data/ratis/86f3355a-b77b-435f-b307-0e8f1f723127
2019-09-30 21:21:06,052 [pool-217-thread-1] INFO  server.RaftServerConfigKeys (ConfUtils.java:logGet(43)) - raft.server.log.preallocated.size = 16384 (custom)
2019-09-30 21:21:06,052 [pool-217-thread-1] INFO  server.RaftServerConfigKeys (ConfUtils.java:logGet(43)) - raft.server.log.write.buffer.size = 33554432 (custom)
2019-09-30 21:21:06,051 [pool-247-thread-1] INFO  server.RaftServerConfigKeys (ConfUtils.java:logGet(43)) - raft.server.log.segment.cache.num.max = 2 (custom)
2019-09-30 21:21:06,052 [pool-217-thread-1] INFO  server.RaftServerConfigKeys (ConfUtils.java:logGet(43)) - raft.server.log.force.sync.num = 128 (default)
2019-09-30 21:21:06,052 [pool-237-thread-1] INFO  server.RaftServerConfigKeys (ConfUtils.java:logGet(43)) - raft.server.log.queue.byte-limit = 2147483647 (custom)
2019-09-30 21:21:06,052 [pool-217-thread-1] INFO  server.RaftServerConfigKeys (ConfUtils.java:logGet(43)) - raft.server.log.statemachine.data.sync = true (default)
2019-09-30 21:21:06,052 [pool-247-thread-1] INFO  segmented.SegmentedRaftLogWorker (SegmentedRaftLogWorker.java:<init>(173)) - new d7862da6-7204-4dfe-bc24-740f0a8ff707@group-0E8F1F723127-SegmentedRaftLogWorker for RaftStorage:Storage Directory /workdir/hadoop-ozone/integration-test/target/test-dir/MiniOzoneClusterImpl-38345a03-7505-46b8-890f-c5e34e746fd9/datanode-4/data/ratis/86f3355a-b77b-435f-b307-0e8f1f723127
2019-09-30 21:21:06,053 [pool-217-thread-1] INFO  server.RaftServerConfigKeys (ConfUtils.java:logGet(43)) - raft.server.log.statemachine.data.sync.timeout = 10s (default)
2019-09-30 21:21:06,053 [pool-237-thread-1] INFO  server.RaftServerConfigKeys (ConfUtils.java:logGet(43)) - raft.server.log.queue.element-limit = 1024 (custom)
2019-09-30 21:21:06,053 [pool-217-thread-1] INFO  server.RaftServerConfigKeys (ConfUtils.java:logGet(43)) - raft.server.log.statemachine.data.sync.timeout.retry = -1 (default)
2019-09-30 21:21:06,053 [pool-247-thread-1] INFO  server.RaftServerConfigKeys (ConfUtils.java:logGet(43)) - raft.server.log.queue.byte-limit = 2147483647 (custom)
2019-09-30 21:21:06,053 [pool-217-thread-1] INFO  server.RaftServerConfigKeys (ConfUtils.java:logGet(43)) - raft.server.log.statemachine.data.caching.enabled = true (custom)
2019-09-30 21:21:06,053 [pool-237-thread-1] INFO  server.RaftServerConfigKeys (ConfUtils.java:logGet(43)) - raft.server.log.segment.size.max = 1048576 (custom)
2019-09-30 21:21:06,054 [pool-217-thread-1] INFO  segmented.SegmentedRaftLogWorker (SegmentedRaftLogWorker.java:lambda$new$0(128)) - 99573aa8-d5bb-48c2-a623-6999335be6bf@group-0E8F1F723127-SegmentedRaftLogWorker: flushIndex: setUnconditionally 0 -> -1
2019-09-30 21:21:06,054 [pool-247-thread-1] INFO  server.RaftServerConfigKeys (ConfUtils.java:logGet(43)) - raft.server.log.queue.element-limit = 1024 (custom)
2019-09-30 21:21:06,054 [pool-237-thread-1] INFO  server.RaftServerConfigKeys (ConfUtils.java:logGet(43)) - raft.server.log.preallocated.size = 16384 (custom)
2019-09-30 21:21:06,054 [pool-247-thread-1] INFO  server.RaftServerConfigKeys (ConfUtils.java:logGet(43)) - raft.server.log.segment.size.max = 1048576 (custom)
2019-09-30 21:21:06,054 [pool-217-thread-1] INFO  server.RaftServerConfigKeys (ConfUtils.java:logGet(43)) - raft.server.snapshot.auto.trigger.enabled = true (custom)
2019-09-30 21:21:06,055 [pool-247-thread-1] INFO  server.RaftServerConfigKeys (ConfUtils.java:logGet(43)) - raft.server.log.preallocated.size = 16384 (custom)
2019-09-30 21:21:06,054 [pool-237-thread-1] INFO  server.RaftServerConfigKeys (ConfUtils.java:logGet(43)) - raft.server.log.write.buffer.size = 33554432 (custom)
2019-09-30 21:21:06,055 [pool-217-thread-1] INFO  server.RaftServerConfigKeys (ConfUtils.java:logGet(43)) - raft.server.snapshot.auto.trigger.threshold = 10000 (custom)
2019-09-30 21:21:06,055 [pool-247-thread-1] INFO  server.RaftServerConfigKeys (ConfUtils.java:logGet(43)) - raft.server.log.write.buffer.size = 33554432 (custom)
2019-09-30 21:21:06,055 [pool-217-thread-1] INFO  server.RaftServerConfigKeys (ConfUtils.java:logGet(43)) - raft.server.snapshot.retention.file.num = 5 (custom)
2019-09-30 21:21:06,055 [pool-237-thread-1] INFO  server.RaftServerConfigKeys (ConfUtils.java:logGet(43)) - raft.server.log.force.sync.num = 128 (default)
2019-09-30 21:21:06,056 [pool-217-thread-1] INFO  server.RaftServerConfigKeys (ConfUtils.java:logGet(43)) - raft.server.retrycache.expirytime = 600000ms (custom)
2019-09-30 21:21:06,055 [pool-247-thread-1] INFO  server.RaftServerConfigKeys (ConfUtils.java:logGet(43)) - raft.server.log.force.sync.num = 128 (default)
2019-09-30 21:21:06,056 [pool-237-thread-1] INFO  server.RaftServerConfigKeys (ConfUtils.java:logGet(43)) - raft.server.log.statemachine.data.sync = true (default)
2019-09-30 21:21:06,056 [pool-247-thread-1] INFO  server.RaftServerConfigKeys (ConfUtils.java:logGet(43)) - raft.server.log.statemachine.data.sync = true (default)
2019-09-30 21:21:06,056 [pool-237-thread-1] INFO  server.RaftServerConfigKeys (ConfUtils.java:logGet(43)) - raft.server.log.statemachine.data.sync.timeout = 10s (default)
2019-09-30 21:21:06,056 [pool-247-thread-1] INFO  server.RaftServerConfigKeys (ConfUtils.java:logGet(43)) - raft.server.log.statemachine.data.sync.timeout = 10s (default)
2019-09-30 21:21:06,056 [pool-237-thread-1] INFO  server.RaftServerConfigKeys (ConfUtils.java:logGet(43)) - raft.server.log.statemachine.data.sync.timeout.retry = -1 (default)
2019-09-30 21:21:06,056 [pool-247-thread-1] INFO  server.RaftServerConfigKeys (ConfUtils.java:logGet(43)) - raft.server.log.statemachine.data.sync.timeout.retry = -1 (default)
2019-09-30 21:21:06,057 [pool-237-thread-1] INFO  server.RaftServerConfigKeys (ConfUtils.java:logGet(43)) - raft.server.log.statemachine.data.caching.enabled = true (custom)
2019-09-30 21:21:06,057 [pool-247-thread-1] INFO  server.RaftServerConfigKeys (ConfUtils.java:logGet(43)) - raft.server.log.statemachine.data.caching.enabled = true (custom)
2019-09-30 21:21:06,057 [pool-237-thread-1] INFO  segmented.SegmentedRaftLogWorker (SegmentedRaftLogWorker.java:lambda$new$0(128)) - dea903ad-4025-4d6e-95dd-c3cf7ae18738@group-0E8F1F723127-SegmentedRaftLogWorker: flushIndex: setUnconditionally 0 -> -1
2019-09-30 21:21:06,057 [pool-247-thread-1] INFO  segmented.SegmentedRaftLogWorker (SegmentedRaftLogWorker.java:lambda$new$0(128)) - d7862da6-7204-4dfe-bc24-740f0a8ff707@group-0E8F1F723127-SegmentedRaftLogWorker: flushIndex: setUnconditionally 0 -> -1
2019-09-30 21:21:06,057 [pool-237-thread-1] INFO  server.RaftServerConfigKeys (ConfUtils.java:logGet(43)) - raft.server.snapshot.auto.trigger.enabled = true (custom)
2019-09-30 21:21:06,057 [pool-237-thread-1] INFO  server.RaftServerConfigKeys (ConfUtils.java:logGet(43)) - raft.server.snapshot.auto.trigger.threshold = 10000 (custom)
2019-09-30 21:21:06,058 [pool-247-thread-1] INFO  server.RaftServerConfigKeys (ConfUtils.java:logGet(43)) - raft.server.snapshot.auto.trigger.enabled = true (custom)
2019-09-30 21:21:06,058 [pool-237-thread-1] INFO  server.RaftServerConfigKeys (ConfUtils.java:logGet(43)) - raft.server.snapshot.retention.file.num = 5 (custom)
2019-09-30 21:21:06,058 [pool-247-thread-1] INFO  server.RaftServerConfigKeys (ConfUtils.java:logGet(43)) - raft.server.snapshot.auto.trigger.threshold = 10000 (custom)
2019-09-30 21:21:06,058 [pool-237-thread-1] INFO  server.RaftServerConfigKeys (ConfUtils.java:logGet(43)) - raft.server.retrycache.expirytime = 600000ms (custom)
2019-09-30 21:21:06,058 [pool-217-thread-1] INFO  impl.RaftServerImpl (RaftServerImpl.java:start(181)) - 99573aa8-d5bb-48c2-a623-6999335be6bf@group-0E8F1F723127: start as a follower, conf=-1: [dea903ad-4025-4d6e-95dd-c3cf7ae18738:192.168.30.59:36109, 99573aa8-d5bb-48c2-a623-6999335be6bf:192.168.30.59:39103, d7862da6-7204-4dfe-bc24-740f0a8ff707:192.168.30.59:45638], old=null
2019-09-30 21:21:06,058 [pool-247-thread-1] INFO  server.RaftServerConfigKeys (ConfUtils.java:logGet(43)) - raft.server.snapshot.retention.file.num = 5 (custom)
2019-09-30 21:21:06,058 [pool-217-thread-1] INFO  impl.RaftServerImpl (RaftServerImpl.java:setRole(170)) - 99573aa8-d5bb-48c2-a623-6999335be6bf@group-0E8F1F723127: changes role from      null to FOLLOWER at term 0 for startAsFollower
2019-09-30 21:21:06,058 [pool-247-thread-1] INFO  server.RaftServerConfigKeys (ConfUtils.java:logGet(43)) - raft.server.retrycache.expirytime = 600000ms (custom)
2019-09-30 21:21:06,059 [pool-217-thread-1] INFO  impl.RoleInfo (RoleInfo.java:updateAndGet(143)) - 99573aa8-d5bb-48c2-a623-6999335be6bf: start FollowerState
2019-09-30 21:21:06,059 [pool-217-thread-1] INFO  util.JmxRegister (JmxRegister.java:tryRegister(44)) - Successfully registered JMX Bean with object name Ratis:service=RaftServer,group=group-0E8F1F723127,id=99573aa8-d5bb-48c2-a623-6999335be6bf
2019-09-30 21:21:06,061 [pool-237-thread-1] INFO  impl.RaftServerImpl (RaftServerImpl.java:start(181)) - dea903ad-4025-4d6e-95dd-c3cf7ae18738@group-0E8F1F723127: start as a follower, conf=-1: [dea903ad-4025-4d6e-95dd-c3cf7ae18738:192.168.30.59:36109, 99573aa8-d5bb-48c2-a623-6999335be6bf:192.168.30.59:39103, d7862da6-7204-4dfe-bc24-740f0a8ff707:192.168.30.59:45638], old=null
2019-09-30 21:21:06,061 [pool-237-thread-1] INFO  impl.RaftServerImpl (RaftServerImpl.java:setRole(170)) - dea903ad-4025-4d6e-95dd-c3cf7ae18738@group-0E8F1F723127: changes role from      null to FOLLOWER at term 0 for startAsFollower
2019-09-30 21:21:06,061 [pool-237-thread-1] INFO  impl.RoleInfo (RoleInfo.java:updateAndGet(143)) - dea903ad-4025-4d6e-95dd-c3cf7ae18738: start FollowerState
2019-09-30 21:21:06,062 [pool-237-thread-1] INFO  util.JmxRegister (JmxRegister.java:tryRegister(44)) - Successfully registered JMX Bean with object name Ratis:service=RaftServer,group=group-0E8F1F723127,id=dea903ad-4025-4d6e-95dd-c3cf7ae18738
2019-09-30 21:21:06,063 [pool-247-thread-1] INFO  impl.RaftServerImpl (RaftServerImpl.java:start(181)) - d7862da6-7204-4dfe-bc24-740f0a8ff707@group-0E8F1F723127: start as a follower, conf=-1: [dea903ad-4025-4d6e-95dd-c3cf7ae18738:192.168.30.59:36109, 99573aa8-d5bb-48c2-a623-6999335be6bf:192.168.30.59:39103, d7862da6-7204-4dfe-bc24-740f0a8ff707:192.168.30.59:45638], old=null
2019-09-30 21:21:06,063 [pool-247-thread-1] INFO  impl.RaftServerImpl (RaftServerImpl.java:setRole(170)) - d7862da6-7204-4dfe-bc24-740f0a8ff707@group-0E8F1F723127: changes role from      null to FOLLOWER at term 0 for startAsFollower
2019-09-30 21:21:06,063 [pool-247-thread-1] INFO  impl.RoleInfo (RoleInfo.java:updateAndGet(143)) - d7862da6-7204-4dfe-bc24-740f0a8ff707: start FollowerState
2019-09-30 21:21:06,063 [pool-247-thread-1] INFO  util.JmxRegister (JmxRegister.java:tryRegister(44)) - Successfully registered JMX Bean with object name Ratis:service=RaftServer,group=group-0E8F1F723127,id=d7862da6-7204-4dfe-bc24-740f0a8ff707
2019-09-30 21:21:06,068 [RatisPipelineUtilsThread] INFO  pipeline.PipelineStateManager (PipelineStateManager.java:addPipeline(56)) - Created pipeline Pipeline[ Id: 86f3355a-b77b-435f-b307-0e8f1f723127, Nodes: dea903ad-4025-4d6e-95dd-c3cf7ae18738{ip: 192.168.30.59, host: pr-hdds-2211-2dwkd-795013237, networkLocation: /default-rack, certSerialId: null}99573aa8-d5bb-48c2-a623-6999335be6bf{ip: 192.168.30.59, host: pr-hdds-2211-2dwkd-795013237, networkLocation: /default-rack, certSerialId: null}d7862da6-7204-4dfe-bc24-740f0a8ff707{ip: 192.168.30.59, host: pr-hdds-2211-2dwkd-795013237, networkLocation: /default-rack, certSerialId: null}, Type:RATIS, Factor:THREE, State:OPEN]
2019-09-30 21:21:06,081 [grpc-default-executor-3] INFO  impl.RaftServerProxy (RaftServerProxy.java:addNew(89)) - 0d0604b5-9b92-4ef8-b63f-d1bccc1a77bd: addNew group-5309F5DA16D4:[f5e62a19-0973-437d-99a7-8f75ed3d6170:192.168.30.59:39954, 87c7a9b1-d7b6-4309-99d8-23a8eec06c53:192.168.30.59:32942, 0d0604b5-9b92-4ef8-b63f-d1bccc1a77bd:192.168.30.59:35878] returns group-5309F5DA16D4:java.util.concurrent.CompletableFuture@54929364[Not completed]
2019-09-30 21:21:06,081 [grpc-default-executor-4] INFO  impl.RaftServerProxy (RaftServerProxy.java:addNew(89)) - f5e62a19-0973-437d-99a7-8f75ed3d6170: addNew group-5309F5DA16D4:[f5e62a19-0973-437d-99a7-8f75ed3d6170:192.168.30.59:39954, 87c7a9b1-d7b6-4309-99d8-23a8eec06c53:192.168.30.59:32942, 0d0604b5-9b92-4ef8-b63f-d1bccc1a77bd:192.168.30.59:35878] returns group-5309F5DA16D4:java.util.concurrent.CompletableFuture@2b4be1f5[Not completed]
2019-09-30 21:21:06,082 [grpc-default-executor-4] INFO  impl.RaftServerProxy (RaftServerProxy.java:addNew(89)) - 87c7a9b1-d7b6-4309-99d8-23a8eec06c53: addNew group-5309F5DA16D4:[f5e62a19-0973-437d-99a7-8f75ed3d6170:192.168.30.59:39954, 87c7a9b1-d7b6-4309-99d8-23a8eec06c53:192.168.30.59:32942, 0d0604b5-9b92-4ef8-b63f-d1bccc1a77bd:192.168.30.59:35878] returns group-5309F5DA16D4:java.util.concurrent.CompletableFuture@59112c2[Not completed]
2019-09-30 21:21:06,083 [pool-267-thread-1] INFO  impl.RaftServerImpl (RaftServerImpl.java:<init>(95)) - 0d0604b5-9b92-4ef8-b63f-d1bccc1a77bd: new RaftServerImpl for group-5309F5DA16D4:[f5e62a19-0973-437d-99a7-8f75ed3d6170:192.168.30.59:39954, 87c7a9b1-d7b6-4309-99d8-23a8eec06c53:192.168.30.59:32942, 0d0604b5-9b92-4ef8-b63f-d1bccc1a77bd:192.168.30.59:35878] with ContainerStateMachine:uninitialized
2019-09-30 21:21:06,083 [pool-267-thread-1] INFO  server.RaftServerConfigKeys (ConfUtils.java:logGet(43)) - raft.server.rpc.timeout.min = 5s (custom)
2019-09-30 21:21:06,083 [pool-267-thread-1] INFO  server.RaftServerConfigKeys (ConfUtils.java:logGet(43)) - raft.server.rpc.timeout.max = 5200ms (custom)
2019-09-30 21:21:06,083 [pool-267-thread-1] INFO  server.RaftServerConfigKeys (ConfUtils.java:logGet(43)) - raft.server.rpcslowness.timeout = 120s (custom)
2019-09-30 21:21:06,083 [pool-207-thread-1] INFO  impl.RaftServerImpl (RaftServerImpl.java:<init>(95)) - f5e62a19-0973-437d-99a7-8f75ed3d6170: new RaftServerImpl for group-5309F5DA16D4:[f5e62a19-0973-437d-99a7-8f75ed3d6170:192.168.30.59:39954, 87c7a9b1-d7b6-4309-99d8-23a8eec06c53:192.168.30.59:32942, 0d0604b5-9b92-4ef8-b63f-d1bccc1a77bd:192.168.30.59:35878] with ContainerStateMachine:uninitialized
2019-09-30 21:21:06,083 [pool-267-thread-1] INFO  server.RaftServerConfigKeys (ConfUtils.java:logGet(43)) - raft.server.sleep.deviation.threshold = 300 (default)
2019-09-30 21:21:06,084 [pool-207-thread-1] INFO  server.RaftServerConfigKeys (ConfUtils.java:logGet(43)) - raft.server.rpc.timeout.min = 5s (custom)
2019-09-30 21:21:06,084 [pool-267-thread-1] INFO  server.RaftServerConfigKeys (ConfUtils.java:logGet(43)) - raft.server.log.appender.install.snapshot.enabled = false (custom)
2019-09-30 21:21:06,084 [pool-207-thread-1] INFO  server.RaftServerConfigKeys (ConfUtils.java:logGet(43)) - raft.server.rpc.timeout.max = 5200ms (custom)
2019-09-30 21:21:06,084 [pool-267-thread-1] INFO  impl.RaftServerImpl (ServerState.java:<init>(103)) - 0d0604b5-9b92-4ef8-b63f-d1bccc1a77bd@group-5309F5DA16D4: ConfigurationManager, init=-1: [f5e62a19-0973-437d-99a7-8f75ed3d6170:192.168.30.59:39954, 87c7a9b1-d7b6-4309-99d8-23a8eec06c53:192.168.30.59:32942, 0d0604b5-9b92-4ef8-b63f-d1bccc1a77bd:192.168.30.59:35878], old=null, confs=<EMPTY_MAP>
2019-09-30 21:21:06,084 [pool-207-thread-1] INFO  server.RaftServerConfigKeys (ConfUtils.java:logGet(43)) - raft.server.rpcslowness.timeout = 120s (custom)
2019-09-30 21:21:06,084 [pool-227-thread-1] INFO  impl.RaftServerImpl (RaftServerImpl.java:<init>(95)) - 87c7a9b1-d7b6-4309-99d8-23a8eec06c53: new RaftServerImpl for group-5309F5DA16D4:[f5e62a19-0973-437d-99a7-8f75ed3d6170:192.168.30.59:39954, 87c7a9b1-d7b6-4309-99d8-23a8eec06c53:192.168.30.59:32942, 0d0604b5-9b92-4ef8-b63f-d1bccc1a77bd:192.168.30.59:35878] with ContainerStateMachine:uninitialized
2019-09-30 21:21:06,084 [pool-207-thread-1] INFO  server.RaftServerConfigKeys (ConfUtils.java:logGet(43)) - raft.server.sleep.deviation.threshold = 300 (default)
2019-09-30 21:21:06,084 [pool-267-thread-1] INFO  server.RaftServerConfigKeys (ConfUtils.java:logGet(43)) - raft.server.storage.dir = [/workdir/hadoop-ozone/integration-test/target/test-dir/MiniOzoneClusterImpl-38345a03-7505-46b8-890f-c5e34e746fd9/datanode-6/data/ratis] (custom)
2019-09-30 21:21:06,084 [pool-207-thread-1] INFO  server.RaftServerConfigKeys (ConfUtils.java:logGet(43)) - raft.server.log.appender.install.snapshot.enabled = false (custom)
2019-09-30 21:21:06,084 [pool-227-thread-1] INFO  server.RaftServerConfigKeys (ConfUtils.java:logGet(43)) - raft.server.rpc.timeout.min = 5s (custom)
2019-09-30 21:21:06,085 [pool-267-thread-1] INFO  server.RaftServerConfigKeys (ConfUtils.java:logGet(43)) - raft.server.log.corruption.policy = EXCEPTION (default)
2019-09-30 21:21:06,085 [pool-207-thread-1] INFO  impl.RaftServerImpl (ServerState.java:<init>(103)) - f5e62a19-0973-437d-99a7-8f75ed3d6170@group-5309F5DA16D4: ConfigurationManager, init=-1: [f5e62a19-0973-437d-99a7-8f75ed3d6170:192.168.30.59:39954, 87c7a9b1-d7b6-4309-99d8-23a8eec06c53:192.168.30.59:32942, 0d0604b5-9b92-4ef8-b63f-d1bccc1a77bd:192.168.30.59:35878], old=null, confs=<EMPTY_MAP>
2019-09-30 21:21:06,085 [pool-227-thread-1] INFO  server.RaftServerConfigKeys (ConfUtils.java:logGet(43)) - raft.server.rpc.timeout.max = 5200ms (custom)
2019-09-30 21:21:06,085 [pool-207-thread-1] INFO  server.RaftServerConfigKeys (ConfUtils.java:logGet(43)) - raft.server.storage.dir = [/workdir/hadoop-ozone/integration-test/target/test-dir/MiniOzoneClusterImpl-38345a03-7505-46b8-890f-c5e34e746fd9/datanode-0/data/ratis] (custom)
2019-09-30 21:21:06,085 [pool-267-thread-1] INFO  storage.RaftStorageDirectory (RaftStorageDirectory.java:analyzeStorage(246)) - The storage directory /workdir/hadoop-ozone/integration-test/target/test-dir/MiniOzoneClusterImpl-38345a03-7505-46b8-890f-c5e34e746fd9/datanode-6/data/ratis/31374d63-9cd0-415e-94e0-5309f5da16d4 does not exist. Creating ...
2019-09-30 21:21:06,086 [pool-207-thread-1] INFO  server.RaftServerConfigKeys (ConfUtils.java:logGet(43)) - raft.server.log.corruption.policy = EXCEPTION (default)
2019-09-30 21:21:06,085 [pool-227-thread-1] INFO  server.RaftServerConfigKeys (ConfUtils.java:logGet(43)) - raft.server.rpcslowness.timeout = 120s (custom)
2019-09-30 21:21:06,086 [pool-207-thread-1] INFO  storage.RaftStorageDirectory (RaftStorageDirectory.java:analyzeStorage(246)) - The storage directory /workdir/hadoop-ozone/integration-test/target/test-dir/MiniOzoneClusterImpl-38345a03-7505-46b8-890f-c5e34e746fd9/datanode-0/data/ratis/31374d63-9cd0-415e-94e0-5309f5da16d4 does not exist. Creating ...
2019-09-30 21:21:06,086 [pool-227-thread-1] INFO  server.RaftServerConfigKeys (ConfUtils.java:logGet(43)) - raft.server.sleep.deviation.threshold = 300 (default)
2019-09-30 21:21:06,086 [pool-227-thread-1] INFO  server.RaftServerConfigKeys (ConfUtils.java:logGet(43)) - raft.server.log.appender.install.snapshot.enabled = false (custom)
2019-09-30 21:21:06,086 [pool-227-thread-1] INFO  impl.RaftServerImpl (ServerState.java:<init>(103)) - 87c7a9b1-d7b6-4309-99d8-23a8eec06c53@group-5309F5DA16D4: ConfigurationManager, init=-1: [f5e62a19-0973-437d-99a7-8f75ed3d6170:192.168.30.59:39954, 87c7a9b1-d7b6-4309-99d8-23a8eec06c53:192.168.30.59:32942, 0d0604b5-9b92-4ef8-b63f-d1bccc1a77bd:192.168.30.59:35878], old=null, confs=<EMPTY_MAP>
2019-09-30 21:21:06,086 [pool-227-thread-1] INFO  server.RaftServerConfigKeys (ConfUtils.java:logGet(43)) - raft.server.storage.dir = [/workdir/hadoop-ozone/integration-test/target/test-dir/MiniOzoneClusterImpl-38345a03-7505-46b8-890f-c5e34e746fd9/datanode-2/data/ratis] (custom)
2019-09-30 21:21:06,087 [pool-227-thread-1] INFO  server.RaftServerConfigKeys (ConfUtils.java:logGet(43)) - raft.server.log.corruption.policy = EXCEPTION (default)
2019-09-30 21:21:06,087 [pool-227-thread-1] INFO  storage.RaftStorageDirectory (RaftStorageDirectory.java:analyzeStorage(246)) - The storage directory /workdir/hadoop-ozone/integration-test/target/test-dir/MiniOzoneClusterImpl-38345a03-7505-46b8-890f-c5e34e746fd9/datanode-2/data/ratis/31374d63-9cd0-415e-94e0-5309f5da16d4 does not exist. Creating ...
2019-09-30 21:21:06,114 [pool-207-thread-1] INFO  storage.RaftStorageDirectory (RaftStorageDirectory.java:tryLock(328)) - Lock on /workdir/hadoop-ozone/integration-test/target/test-dir/MiniOzoneClusterImpl-38345a03-7505-46b8-890f-c5e34e746fd9/datanode-0/data/ratis/31374d63-9cd0-415e-94e0-5309f5da16d4/in_use.lock acquired by nodename 12236@pr-hdds-2211-2dwkd-795013237
2019-09-30 21:21:06,114 [pool-227-thread-1] INFO  storage.RaftStorageDirectory (RaftStorageDirectory.java:tryLock(328)) - Lock on /workdir/hadoop-ozone/integration-test/target/test-dir/MiniOzoneClusterImpl-38345a03-7505-46b8-890f-c5e34e746fd9/datanode-2/data/ratis/31374d63-9cd0-415e-94e0-5309f5da16d4/in_use.lock acquired by nodename 12236@pr-hdds-2211-2dwkd-795013237
2019-09-30 21:21:06,114 [pool-267-thread-1] INFO  storage.RaftStorageDirectory (RaftStorageDirectory.java:tryLock(328)) - Lock on /workdir/hadoop-ozone/integration-test/target/test-dir/MiniOzoneClusterImpl-38345a03-7505-46b8-890f-c5e34e746fd9/datanode-6/data/ratis/31374d63-9cd0-415e-94e0-5309f5da16d4/in_use.lock acquired by nodename 12236@pr-hdds-2211-2dwkd-795013237
2019-09-30 21:21:06,132 [pool-267-thread-1] INFO  storage.RaftStorage (RaftStorage.java:format(84)) - Storage directory /workdir/hadoop-ozone/integration-test/target/test-dir/MiniOzoneClusterImpl-38345a03-7505-46b8-890f-c5e34e746fd9/datanode-6/data/ratis/31374d63-9cd0-415e-94e0-5309f5da16d4 has been successfully formatted.
2019-09-30 21:21:06,132 [pool-207-thread-1] INFO  storage.RaftStorage (RaftStorage.java:format(84)) - Storage directory /workdir/hadoop-ozone/integration-test/target/test-dir/MiniOzoneClusterImpl-38345a03-7505-46b8-890f-c5e34e746fd9/datanode-0/data/ratis/31374d63-9cd0-415e-94e0-5309f5da16d4 has been successfully formatted.
2019-09-30 21:21:06,132 [pool-227-thread-1] INFO  storage.RaftStorage (RaftStorage.java:format(84)) - Storage directory /workdir/hadoop-ozone/integration-test/target/test-dir/MiniOzoneClusterImpl-38345a03-7505-46b8-890f-c5e34e746fd9/datanode-2/data/ratis/31374d63-9cd0-415e-94e0-5309f5da16d4 has been successfully formatted.
2019-09-30 21:21:06,132 [pool-207-thread-1] INFO  ratis.ContainerStateMachine (ContainerStateMachine.java:loadSnapshot(230)) - group-5309F5DA16D4: The snapshot info is null. Setting the last applied indexto:(t:0, i:~)
2019-09-30 21:21:06,132 [pool-267-thread-1] INFO  ratis.ContainerStateMachine (ContainerStateMachine.java:loadSnapshot(230)) - group-5309F5DA16D4: The snapshot info is null. Setting the last applied indexto:(t:0, i:~)
2019-09-30 21:21:06,132 [pool-207-thread-1] INFO  server.RaftServerConfigKeys (ConfUtils.java:logGet(43)) - raft.server.notification.no-leader.timeout = 120s (custom)
2019-09-30 21:21:06,132 [pool-227-thread-1] INFO  ratis.ContainerStateMachine (ContainerStateMachine.java:loadSnapshot(230)) - group-5309F5DA16D4: The snapshot info is null. Setting the last applied indexto:(t:0, i:~)
2019-09-30 21:21:06,133 [pool-207-thread-1] INFO  server.RaftServerConfigKeys (ConfUtils.java:logGet(43)) - raft.server.log.use.memory = false (default)
2019-09-30 21:21:06,133 [pool-267-thread-1] INFO  server.RaftServerConfigKeys (ConfUtils.java:logGet(43)) - raft.server.notification.no-leader.timeout = 120s (custom)
2019-09-30 21:21:06,133 [pool-207-thread-1] INFO  server.RaftServerConfigKeys (ConfUtils.java:logGet(43)) - raft.server.log.purge.gap = 1000000 (custom)
2019-09-30 21:21:06,133 [pool-227-thread-1] INFO  server.RaftServerConfigKeys (ConfUtils.java:logGet(43)) - raft.server.notification.no-leader.timeout = 120s (custom)
2019-09-30 21:21:06,133 [pool-207-thread-1] INFO  server.RaftServerConfigKeys (ConfUtils.java:logGet(43)) - raft.server.log.appender.buffer.byte-limit = 33554432 (custom)
2019-09-30 21:21:06,133 [pool-267-thread-1] INFO  server.RaftServerConfigKeys (ConfUtils.java:logGet(43)) - raft.server.log.use.memory = false (default)
2019-09-30 21:21:06,134 [pool-207-thread-1] INFO  server.RaftServerConfigKeys (ConfUtils.java:logGet(43)) - raft.server.log.segment.size.max = 1048576 (custom)
2019-09-30 21:21:06,134 [pool-227-thread-1] INFO  server.RaftServerConfigKeys (ConfUtils.java:logGet(43)) - raft.server.log.use.memory = false (default)
2019-09-30 21:21:06,134 [pool-207-thread-1] INFO  server.RaftServerConfigKeys (ConfUtils.java:logGet(43)) - raft.server.log.segment.cache.num.max = 2 (custom)
2019-09-30 21:21:06,134 [pool-267-thread-1] INFO  server.RaftServerConfigKeys (ConfUtils.java:logGet(43)) - raft.server.log.purge.gap = 1000000 (custom)
2019-09-30 21:21:06,134 [pool-207-thread-1] INFO  segmented.SegmentedRaftLogWorker (SegmentedRaftLogWorker.java:<init>(173)) - new f5e62a19-0973-437d-99a7-8f75ed3d6170@group-5309F5DA16D4-SegmentedRaftLogWorker for RaftStorage:Storage Directory /workdir/hadoop-ozone/integration-test/target/test-dir/MiniOzoneClusterImpl-38345a03-7505-46b8-890f-c5e34e746fd9/datanode-0/data/ratis/31374d63-9cd0-415e-94e0-5309f5da16d4
2019-09-30 21:21:06,134 [pool-227-thread-1] INFO  server.RaftServerConfigKeys (ConfUtils.java:logGet(43)) - raft.server.log.purge.gap = 1000000 (custom)
2019-09-30 21:21:06,135 [pool-207-thread-1] INFO  server.RaftServerConfigKeys (ConfUtils.java:logGet(43)) - raft.server.log.queue.byte-limit = 2147483647 (custom)
2019-09-30 21:21:06,134 [pool-267-thread-1] INFO  server.RaftServerConfigKeys (ConfUtils.java:logGet(43)) - raft.server.log.appender.buffer.byte-limit = 33554432 (custom)
2019-09-30 21:21:06,135 [pool-207-thread-1] INFO  server.RaftServerConfigKeys (ConfUtils.java:logGet(43)) - raft.server.log.queue.element-limit = 1024 (custom)
2019-09-30 21:21:06,135 [pool-227-thread-1] INFO  server.RaftServerConfigKeys (ConfUtils.java:logGet(43)) - raft.server.log.appender.buffer.byte-limit = 33554432 (custom)
2019-09-30 21:21:06,135 [pool-207-thread-1] INFO  server.RaftServerConfigKeys (ConfUtils.java:logGet(43)) - raft.server.log.segment.size.max = 1048576 (custom)
2019-09-30 21:21:06,135 [pool-267-thread-1] INFO  server.RaftServerConfigKeys (ConfUtils.java:logGet(43)) - raft.server.log.segment.size.max = 1048576 (custom)
2019-09-30 21:21:06,136 [pool-207-thread-1] INFO  server.RaftServerConfigKeys (ConfUtils.java:logGet(43)) - raft.server.log.preallocated.size = 16384 (custom)
2019-09-30 21:21:06,135 [pool-227-thread-1] INFO  server.RaftServerConfigKeys (ConfUtils.java:logGet(43)) - raft.server.log.segment.size.max = 1048576 (custom)
2019-09-30 21:21:06,136 [pool-207-thread-1] INFO  server.RaftServerConfigKeys (ConfUtils.java:logGet(43)) - raft.server.log.write.buffer.size = 33554432 (custom)
2019-09-30 21:21:06,136 [pool-267-thread-1] INFO  server.RaftServerConfigKeys (ConfUtils.java:logGet(43)) - raft.server.log.segment.cache.num.max = 2 (custom)
2019-09-30 21:21:06,136 [pool-207-thread-1] INFO  server.RaftServerConfigKeys (ConfUtils.java:logGet(43)) - raft.server.log.force.sync.num = 128 (default)
2019-09-30 21:21:06,136 [pool-227-thread-1] INFO  server.RaftServerConfigKeys (ConfUtils.java:logGet(43)) - raft.server.log.segment.cache.num.max = 2 (custom)
2019-09-30 21:21:06,137 [pool-207-thread-1] INFO  server.RaftServerConfigKeys (ConfUtils.java:logGet(43)) - raft.server.log.statemachine.data.sync = true (default)
2019-09-30 21:21:06,137 [pool-207-thread-1] INFO  server.RaftServerConfigKeys (ConfUtils.java:logGet(43)) - raft.server.log.statemachine.data.sync.timeout = 10s (default)
2019-09-30 21:21:06,136 [pool-267-thread-1] INFO  segmented.SegmentedRaftLogWorker (SegmentedRaftLogWorker.java:<init>(173)) - new 0d0604b5-9b92-4ef8-b63f-d1bccc1a77bd@group-5309F5DA16D4-SegmentedRaftLogWorker for RaftStorage:Storage Directory /workdir/hadoop-ozone/integration-test/target/test-dir/MiniOzoneClusterImpl-38345a03-7505-46b8-890f-c5e34e746fd9/datanode-6/data/ratis/31374d63-9cd0-415e-94e0-5309f5da16d4
2019-09-30 21:21:06,137 [pool-207-thread-1] INFO  server.RaftServerConfigKeys (ConfUtils.java:logGet(43)) - raft.server.log.statemachine.data.sync.timeout.retry = -1 (default)
2019-09-30 21:21:06,137 [pool-227-thread-1] INFO  segmented.SegmentedRaftLogWorker (SegmentedRaftLogWorker.java:<init>(173)) - new 87c7a9b1-d7b6-4309-99d8-23a8eec06c53@group-5309F5DA16D4-SegmentedRaftLogWorker for RaftStorage:Storage Directory /workdir/hadoop-ozone/integration-test/target/test-dir/MiniOzoneClusterImpl-38345a03-7505-46b8-890f-c5e34e746fd9/datanode-2/data/ratis/31374d63-9cd0-415e-94e0-5309f5da16d4
2019-09-30 21:21:06,137 [pool-207-thread-1] INFO  server.RaftServerConfigKeys (ConfUtils.java:logGet(43)) - raft.server.log.statemachine.data.caching.enabled = true (custom)
2019-09-30 21:21:06,137 [pool-267-thread-1] INFO  server.RaftServerConfigKeys (ConfUtils.java:logGet(43)) - raft.server.log.queue.byte-limit = 2147483647 (custom)
2019-09-30 21:21:06,137 [pool-227-thread-1] INFO  server.RaftServerConfigKeys (ConfUtils.java:logGet(43)) - raft.server.log.queue.byte-limit = 2147483647 (custom)
2019-09-30 21:21:06,138 [pool-267-thread-1] INFO  server.RaftServerConfigKeys (ConfUtils.java:logGet(43)) - raft.server.log.queue.element-limit = 1024 (custom)
2019-09-30 21:21:06,138 [pool-207-thread-1] INFO  segmented.SegmentedRaftLogWorker (SegmentedRaftLogWorker.java:lambda$new$0(128)) - f5e62a19-0973-437d-99a7-8f75ed3d6170@group-5309F5DA16D4-SegmentedRaftLogWorker: flushIndex: setUnconditionally 0 -> -1
2019-09-30 21:21:06,138 [pool-227-thread-1] INFO  server.RaftServerConfigKeys (ConfUtils.java:logGet(43)) - raft.server.log.queue.element-limit = 1024 (custom)
2019-09-30 21:21:06,138 [pool-267-thread-1] INFO  server.RaftServerConfigKeys (ConfUtils.java:logGet(43)) - raft.server.log.segment.size.max = 1048576 (custom)
2019-09-30 21:21:06,138 [pool-207-thread-1] INFO  server.RaftServerConfigKeys (ConfUtils.java:logGet(43)) - raft.server.snapshot.auto.trigger.enabled = true (custom)
2019-09-30 21:21:06,138 [pool-227-thread-1] INFO  server.RaftServerConfigKeys (ConfUtils.java:logGet(43)) - raft.server.log.segment.size.max = 1048576 (custom)
2019-09-30 21:21:06,139 [pool-207-thread-1] INFO  server.RaftServerConfigKeys (ConfUtils.java:logGet(43)) - raft.server.snapshot.auto.trigger.threshold = 10000 (custom)
2019-09-30 21:21:06,139 [pool-267-thread-1] INFO  server.RaftServerConfigKeys (ConfUtils.java:logGet(43)) - raft.server.log.preallocated.size = 16384 (custom)
2019-09-30 21:21:06,139 [pool-207-thread-1] INFO  server.RaftServerConfigKeys (ConfUtils.java:logGet(43)) - raft.server.snapshot.retention.file.num = 5 (custom)
2019-09-30 21:21:06,139 [pool-227-thread-1] INFO  server.RaftServerConfigKeys (ConfUtils.java:logGet(43)) - raft.server.log.preallocated.size = 16384 (custom)
2019-09-30 21:21:06,139 [pool-207-thread-1] INFO  server.RaftServerConfigKeys (ConfUtils.java:logGet(43)) - raft.server.retrycache.expirytime = 600000ms (custom)
2019-09-30 21:21:06,139 [pool-267-thread-1] INFO  server.RaftServerConfigKeys (ConfUtils.java:logGet(43)) - raft.server.log.write.buffer.size = 33554432 (custom)
2019-09-30 21:21:06,139 [pool-227-thread-1] INFO  server.RaftServerConfigKeys (ConfUtils.java:logGet(43)) - raft.server.log.write.buffer.size = 33554432 (custom)
2019-09-30 21:21:06,140 [pool-267-thread-1] INFO  server.RaftServerConfigKeys (ConfUtils.java:logGet(43)) - raft.server.log.force.sync.num = 128 (default)
2019-09-30 21:21:06,140 [pool-227-thread-1] INFO  server.RaftServerConfigKeys (ConfUtils.java:logGet(43)) - raft.server.log.force.sync.num = 128 (default)
2019-09-30 21:21:06,140 [pool-267-thread-1] INFO  server.RaftServerConfigKeys (ConfUtils.java:logGet(43)) - raft.server.log.statemachine.data.sync = true (default)
2019-09-30 21:21:06,140 [pool-227-thread-1] INFO  server.RaftServerConfigKeys (ConfUtils.java:logGet(43)) - raft.server.log.statemachine.data.sync = true (default)
2019-09-30 21:21:06,140 [pool-267-thread-1] INFO  server.RaftServerConfigKeys (ConfUtils.java:logGet(43)) - raft.server.log.statemachine.data.sync.timeout = 10s (default)
2019-09-30 21:21:06,140 [pool-227-thread-1] INFO  server.RaftServerConfigKeys (ConfUtils.java:logGet(43)) - raft.server.log.statemachine.data.sync.timeout = 10s (default)
2019-09-30 21:21:06,141 [pool-267-thread-1] INFO  server.RaftServerConfigKeys (ConfUtils.java:logGet(43)) - raft.server.log.statemachine.data.sync.timeout.retry = -1 (default)
2019-09-30 21:21:06,141 [pool-227-thread-1] INFO  server.RaftServerConfigKeys (ConfUtils.java:logGet(43)) - raft.server.log.statemachine.data.sync.timeout.retry = -1 (default)
2019-09-30 21:21:06,141 [pool-267-thread-1] INFO  server.RaftServerConfigKeys (ConfUtils.java:logGet(43)) - raft.server.log.statemachine.data.caching.enabled = true (custom)
2019-09-30 21:21:06,141 [pool-227-thread-1] INFO  server.RaftServerConfigKeys (ConfUtils.java:logGet(43)) - raft.server.log.statemachine.data.caching.enabled = true (custom)
2019-09-30 21:21:06,141 [pool-267-thread-1] INFO  segmented.SegmentedRaftLogWorker (SegmentedRaftLogWorker.java:lambda$new$0(128)) - 0d0604b5-9b92-4ef8-b63f-d1bccc1a77bd@group-5309F5DA16D4-SegmentedRaftLogWorker: flushIndex: setUnconditionally 0 -> -1
2019-09-30 21:21:06,141 [pool-227-thread-1] INFO  segmented.SegmentedRaftLogWorker (SegmentedRaftLogWorker.java:lambda$new$0(128)) - 87c7a9b1-d7b6-4309-99d8-23a8eec06c53@group-5309F5DA16D4-SegmentedRaftLogWorker: flushIndex: setUnconditionally 0 -> -1
2019-09-30 21:21:06,141 [pool-207-thread-1] INFO  impl.RaftServerImpl (RaftServerImpl.java:start(181)) - f5e62a19-0973-437d-99a7-8f75ed3d6170@group-5309F5DA16D4: start as a follower, conf=-1: [f5e62a19-0973-437d-99a7-8f75ed3d6170:192.168.30.59:39954, 87c7a9b1-d7b6-4309-99d8-23a8eec06c53:192.168.30.59:32942, 0d0604b5-9b92-4ef8-b63f-d1bccc1a77bd:192.168.30.59:35878], old=null
2019-09-30 21:21:06,142 [pool-267-thread-1] INFO  server.RaftServerConfigKeys (ConfUtils.java:logGet(43)) - raft.server.snapshot.auto.trigger.enabled = true (custom)
2019-09-30 21:21:06,142 [pool-227-thread-1] INFO  server.RaftServerConfigKeys (ConfUtils.java:logGet(43)) - raft.server.snapshot.auto.trigger.enabled = true (custom)
2019-09-30 21:21:06,142 [pool-207-thread-1] INFO  impl.RaftServerImpl (RaftServerImpl.java:setRole(170)) - f5e62a19-0973-437d-99a7-8f75ed3d6170@group-5309F5DA16D4: changes role from      null to FOLLOWER at term 0 for startAsFollower
2019-09-30 21:21:06,142 [pool-227-thread-1] INFO  server.RaftServerConfigKeys (ConfUtils.java:logGet(43)) - raft.server.snapshot.auto.trigger.threshold = 10000 (custom)
2019-09-30 21:21:06,142 [pool-267-thread-1] INFO  server.RaftServerConfigKeys (ConfUtils.java:logGet(43)) - raft.server.snapshot.auto.trigger.threshold = 10000 (custom)
2019-09-30 21:21:06,142 [pool-227-thread-1] INFO  server.RaftServerConfigKeys (ConfUtils.java:logGet(43)) - raft.server.snapshot.retention.file.num = 5 (custom)
2019-09-30 21:21:06,142 [pool-207-thread-1] INFO  impl.RoleInfo (RoleInfo.java:updateAndGet(143)) - f5e62a19-0973-437d-99a7-8f75ed3d6170: start FollowerState
2019-09-30 21:21:06,143 [pool-227-thread-1] INFO  server.RaftServerConfigKeys (ConfUtils.java:logGet(43)) - raft.server.retrycache.expirytime = 600000ms (custom)
2019-09-30 21:21:06,142 [pool-267-thread-1] INFO  server.RaftServerConfigKeys (ConfUtils.java:logGet(43)) - raft.server.snapshot.retention.file.num = 5 (custom)
2019-09-30 21:21:06,143 [pool-207-thread-1] INFO  util.JmxRegister (JmxRegister.java:tryRegister(44)) - Successfully registered JMX Bean with object name Ratis:service=RaftServer,group=group-5309F5DA16D4,id=f5e62a19-0973-437d-99a7-8f75ed3d6170
2019-09-30 21:21:06,143 [pool-267-thread-1] INFO  server.RaftServerConfigKeys (ConfUtils.java:logGet(43)) - raft.server.retrycache.expirytime = 600000ms (custom)
2019-09-30 21:21:06,147 [pool-227-thread-1] INFO  impl.RaftServerImpl (RaftServerImpl.java:start(181)) - 87c7a9b1-d7b6-4309-99d8-23a8eec06c53@group-5309F5DA16D4: start as a follower, conf=-1: [f5e62a19-0973-437d-99a7-8f75ed3d6170:192.168.30.59:39954, 87c7a9b1-d7b6-4309-99d8-23a8eec06c53:192.168.30.59:32942, 0d0604b5-9b92-4ef8-b63f-d1bccc1a77bd:192.168.30.59:35878], old=null
2019-09-30 21:21:06,147 [pool-227-thread-1] INFO  impl.RaftServerImpl (RaftServerImpl.java:setRole(170)) - 87c7a9b1-d7b6-4309-99d8-23a8eec06c53@group-5309F5DA16D4: changes role from      null to FOLLOWER at term 0 for startAsFollower
2019-09-30 21:21:06,147 [pool-227-thread-1] INFO  impl.RoleInfo (RoleInfo.java:updateAndGet(143)) - 87c7a9b1-d7b6-4309-99d8-23a8eec06c53: start FollowerState
2019-09-30 21:21:06,147 [pool-267-thread-1] INFO  impl.RaftServerImpl (RaftServerImpl.java:start(181)) - 0d0604b5-9b92-4ef8-b63f-d1bccc1a77bd@group-5309F5DA16D4: start as a follower, conf=-1: [f5e62a19-0973-437d-99a7-8f75ed3d6170:192.168.30.59:39954, 87c7a9b1-d7b6-4309-99d8-23a8eec06c53:192.168.30.59:32942, 0d0604b5-9b92-4ef8-b63f-d1bccc1a77bd:192.168.30.59:35878], old=null
2019-09-30 21:21:06,147 [pool-267-thread-1] INFO  impl.RaftServerImpl (RaftServerImpl.java:setRole(170)) - 0d0604b5-9b92-4ef8-b63f-d1bccc1a77bd@group-5309F5DA16D4: changes role from      null to FOLLOWER at term 0 for startAsFollower
2019-09-30 21:21:06,148 [pool-227-thread-1] INFO  util.JmxRegister (JmxRegister.java:tryRegister(44)) - Successfully registered JMX Bean with object name Ratis:service=RaftServer,group=group-5309F5DA16D4,id=87c7a9b1-d7b6-4309-99d8-23a8eec06c53
2019-09-30 21:21:06,148 [pool-267-thread-1] INFO  impl.RoleInfo (RoleInfo.java:updateAndGet(143)) - 0d0604b5-9b92-4ef8-b63f-d1bccc1a77bd: start FollowerState
2019-09-30 21:21:06,148 [pool-267-thread-1] INFO  util.JmxRegister (JmxRegister.java:tryRegister(44)) - Successfully registered JMX Bean with object name Ratis:service=RaftServer,group=group-5309F5DA16D4,id=0d0604b5-9b92-4ef8-b63f-d1bccc1a77bd
2019-09-30 21:21:06,153 [RatisPipelineUtilsThread] INFO  pipeline.PipelineStateManager (PipelineStateManager.java:addPipeline(56)) - Created pipeline Pipeline[ Id: 31374d63-9cd0-415e-94e0-5309f5da16d4, Nodes: 87c7a9b1-d7b6-4309-99d8-23a8eec06c53{ip: 192.168.30.59, host: pr-hdds-2211-2dwkd-795013237, networkLocation: /default-rack, certSerialId: null}0d0604b5-9b92-4ef8-b63f-d1bccc1a77bd{ip: 192.168.30.59, host: pr-hdds-2211-2dwkd-795013237, networkLocation: /default-rack, certSerialId: null}f5e62a19-0973-437d-99a7-8f75ed3d6170{ip: 192.168.30.59, host: pr-hdds-2211-2dwkd-795013237, networkLocation: /default-rack, certSerialId: null}, Type:RATIS, Factor:THREE, State:OPEN]
2019-09-30 21:21:06,775 [main] INFO  ozone.MiniOzoneClusterImpl (MiniOzoneClusterImpl.java:lambda$waitForClusterToBeReady$0(147)) - Cluster is ready. Got 7 of 7 DN Heartbeats.
2019-09-30 21:21:06,815 [main] INFO  rpc.RpcClient (RpcClient.java:createVolume(276)) - Creating Volume: watchforcommithandlingtest, with jenkins1000 as owner.
2019-09-30 21:21:06,819 [IPC Server handler 3 on 44626] INFO  volume.OMVolumeCreateRequest (OMVolumeCreateRequest.java:validateAndUpdateCache(194)) - created volume:watchforcommithandlingtest for user:jenkins1000
2019-09-30 21:21:06,837 [main] INFO  rpc.RpcClient (RpcClient.java:createBucket(415)) - Creating Bucket: watchforcommithandlingtest/watchforcommithandlingtest, with Versioning false and Storage Type set to DISK and Encryption set to false 
2019-09-30 21:21:06,842 [main] INFO  ozone.MiniOzoneClusterImpl (MiniOzoneClusterImpl.java:getStorageContainerLocationClient(234)) - Creating StorageContainerLocationProtocol RPC client with address /0.0.0.0:44220
2019-09-30 21:21:08,371 [Thread-1469] INFO  container.ReplicationManager (ReplicationManager.java:start(162)) - Starting Replication Monitor Thread.
2019-09-30 21:21:08,374 [ReplicationMonitor] INFO  container.ReplicationManager (ReplicationManager.java:run(225)) - Replication Monitor Thread took 0 milliseconds for processing 1 containers.
2019-09-30 21:21:10,543 [Thread-1474] INFO  impl.FollowerState (FollowerState.java:run(108)) - 99573aa8-d5bb-48c2-a623-6999335be6bf@group-05D0AE12432D-FollowerState: change to CANDIDATE, lastRpcTime:5011ms, electionTimeout:5011ms
2019-09-30 21:21:10,544 [Thread-1474] INFO  impl.RoleInfo (RoleInfo.java:shutdownFollowerState(121)) - 99573aa8-d5bb-48c2-a623-6999335be6bf: shutdown FollowerState
2019-09-30 21:21:10,544 [Thread-1474] INFO  impl.RaftServerImpl (RaftServerImpl.java:setRole(170)) - 99573aa8-d5bb-48c2-a623-6999335be6bf@group-05D0AE12432D: changes role from  FOLLOWER to CANDIDATE at term 0 for changeToCandidate
2019-09-30 21:21:10,544 [Thread-1474] INFO  impl.RoleInfo (RoleInfo.java:updateAndGet(143)) - 99573aa8-d5bb-48c2-a623-6999335be6bf: start LeaderElection
2019-09-30 21:21:10,572 [Thread-1471] INFO  impl.FollowerState (FollowerState.java:run(108)) - f5e62a19-0973-437d-99a7-8f75ed3d6170@group-C7B9E5EB0394-FollowerState: change to CANDIDATE, lastRpcTime:5130ms, electionTimeout:5130ms
2019-09-30 21:21:10,572 [Thread-1471] INFO  impl.RoleInfo (RoleInfo.java:shutdownFollowerState(121)) - f5e62a19-0973-437d-99a7-8f75ed3d6170: shutdown FollowerState
2019-09-30 21:21:10,572 [Thread-1471] INFO  impl.RaftServerImpl (RaftServerImpl.java:setRole(170)) - f5e62a19-0973-437d-99a7-8f75ed3d6170@group-C7B9E5EB0394: changes role from  FOLLOWER to CANDIDATE at term 0 for changeToCandidate
2019-09-30 21:21:10,572 [Thread-1471] INFO  impl.RoleInfo (RoleInfo.java:updateAndGet(143)) - f5e62a19-0973-437d-99a7-8f75ed3d6170: start LeaderElection
2019-09-30 21:21:10,591 [99573aa8-d5bb-48c2-a623-6999335be6bf@group-05D0AE12432D-LeaderElection60] INFO  impl.LeaderElection (LeaderElection.java:askForVotes(178)) - 99573aa8-d5bb-48c2-a623-6999335be6bf@group-05D0AE12432D-LeaderElection60: begin an election at term 1 for -1: [99573aa8-d5bb-48c2-a623-6999335be6bf:192.168.30.59:39103], old=null
2019-09-30 21:21:10,591 [99573aa8-d5bb-48c2-a623-6999335be6bf@group-05D0AE12432D-LeaderElection60] INFO  impl.RoleInfo (RoleInfo.java:shutdownLeaderElection(134)) - 99573aa8-d5bb-48c2-a623-6999335be6bf: shutdown LeaderElection
2019-09-30 21:21:10,591 [99573aa8-d5bb-48c2-a623-6999335be6bf@group-05D0AE12432D-LeaderElection60] INFO  impl.RaftServerImpl (RaftServerImpl.java:setRole(170)) - 99573aa8-d5bb-48c2-a623-6999335be6bf@group-05D0AE12432D: changes role from CANDIDATE to LEADER at term 1 for changeToLeader
2019-09-30 21:21:10,591 [99573aa8-d5bb-48c2-a623-6999335be6bf@group-05D0AE12432D-LeaderElection60] INFO  impl.RaftServerImpl (ServerState.java:setLeader(255)) - 99573aa8-d5bb-48c2-a623-6999335be6bf@group-05D0AE12432D: change Leader from null to 99573aa8-d5bb-48c2-a623-6999335be6bf at term 1 for becomeLeader, leader elected after 5069ms
2019-09-30 21:21:10,591 [99573aa8-d5bb-48c2-a623-6999335be6bf@group-05D0AE12432D-LeaderElection60] INFO  server.RaftServerConfigKeys (ConfUtils.java:logGet(43)) - raft.server.staging.catchup.gap = 1000 (default)
2019-09-30 21:21:10,592 [99573aa8-d5bb-48c2-a623-6999335be6bf@group-05D0AE12432D-LeaderElection60] INFO  server.RaftServerConfigKeys (ConfUtils.java:logGet(43)) - raft.server.rpc.sleep.time = 25ms (default)
2019-09-30 21:21:10,592 [99573aa8-d5bb-48c2-a623-6999335be6bf@group-05D0AE12432D-LeaderElection60] INFO  server.RaftServerConfigKeys (ConfUtils.java:logGet(43)) - raft.server.write.element-limit = 4096 (default)
2019-09-30 21:21:10,592 [99573aa8-d5bb-48c2-a623-6999335be6bf@group-05D0AE12432D-LeaderElection60] INFO  server.RaftServerConfigKeys (ConfUtils.java:logGet(43)) - raft.server.watch.timeout = 10s (default)
2019-09-30 21:21:10,592 [99573aa8-d5bb-48c2-a623-6999335be6bf@group-05D0AE12432D-LeaderElection60] INFO  server.RaftServerConfigKeys (ConfUtils.java:logGet(43)) - raft.server.watch.timeout.denomination = 1s (default)
2019-09-30 21:21:10,592 [99573aa8-d5bb-48c2-a623-6999335be6bf@group-05D0AE12432D-LeaderElection60] INFO  server.RaftServerConfigKeys (ConfUtils.java:logGet(43)) - raft.server.watch.element-limit = 65536 (default)
2019-09-30 21:21:10,595 [99573aa8-d5bb-48c2-a623-6999335be6bf@group-05D0AE12432D-LeaderElection60] INFO  impl.RoleInfo (RoleInfo.java:updateAndGet(143)) - 99573aa8-d5bb-48c2-a623-6999335be6bf: start LeaderState
2019-09-30 21:21:10,596 [99573aa8-d5bb-48c2-a623-6999335be6bf@group-05D0AE12432D-LeaderElection60] INFO  segmented.SegmentedRaftLogWorker (SegmentedRaftLogWorker.java:startLogSegment(385)) - 99573aa8-d5bb-48c2-a623-6999335be6bf@group-05D0AE12432D-SegmentedRaftLogWorker: Starting segment from index:0
2019-09-30 21:21:10,597 [99573aa8-d5bb-48c2-a623-6999335be6bf@group-05D0AE12432D-LeaderElection60] INFO  impl.RaftServerImpl (ServerState.java:setRaftConf(356)) - 99573aa8-d5bb-48c2-a623-6999335be6bf@group-05D0AE12432D: set configuration 0: [99573aa8-d5bb-48c2-a623-6999335be6bf:192.168.30.59:39103], old=null at 0
2019-09-30 21:21:10,608 [f5e62a19-0973-437d-99a7-8f75ed3d6170@group-C7B9E5EB0394-LeaderElection61] INFO  impl.LeaderElection (LeaderElection.java:askForVotes(178)) - f5e62a19-0973-437d-99a7-8f75ed3d6170@group-C7B9E5EB0394-LeaderElection61: begin an election at term 1 for -1: [f5e62a19-0973-437d-99a7-8f75ed3d6170:192.168.30.59:39954], old=null
2019-09-30 21:21:10,608 [f5e62a19-0973-437d-99a7-8f75ed3d6170@group-C7B9E5EB0394-LeaderElection61] INFO  impl.RoleInfo (RoleInfo.java:shutdownLeaderElection(134)) - f5e62a19-0973-437d-99a7-8f75ed3d6170: shutdown LeaderElection
2019-09-30 21:21:10,608 [f5e62a19-0973-437d-99a7-8f75ed3d6170@group-C7B9E5EB0394-LeaderElection61] INFO  impl.RaftServerImpl (RaftServerImpl.java:setRole(170)) - f5e62a19-0973-437d-99a7-8f75ed3d6170@group-C7B9E5EB0394: changes role from CANDIDATE to LEADER at term 1 for changeToLeader
2019-09-30 21:21:10,608 [f5e62a19-0973-437d-99a7-8f75ed3d6170@group-C7B9E5EB0394-LeaderElection61] INFO  impl.RaftServerImpl (ServerState.java:setLeader(255)) - f5e62a19-0973-437d-99a7-8f75ed3d6170@group-C7B9E5EB0394: change Leader from null to f5e62a19-0973-437d-99a7-8f75ed3d6170 at term 1 for becomeLeader, leader elected after 5174ms
2019-09-30 21:21:10,609 [f5e62a19-0973-437d-99a7-8f75ed3d6170@group-C7B9E5EB0394-LeaderElection61] INFO  server.RaftServerConfigKeys (ConfUtils.java:logGet(43)) - raft.server.staging.catchup.gap = 1000 (default)
2019-09-30 21:21:10,609 [f5e62a19-0973-437d-99a7-8f75ed3d6170@group-C7B9E5EB0394-LeaderElection61] INFO  server.RaftServerConfigKeys (ConfUtils.java:logGet(43)) - raft.server.rpc.sleep.time = 25ms (default)
2019-09-30 21:21:10,609 [f5e62a19-0973-437d-99a7-8f75ed3d6170@group-C7B9E5EB0394-LeaderElection61] INFO  server.RaftServerConfigKeys (ConfUtils.java:logGet(43)) - raft.server.write.element-limit = 4096 (default)
2019-09-30 21:21:10,609 [f5e62a19-0973-437d-99a7-8f75ed3d6170@group-C7B9E5EB0394-LeaderElection61] INFO  server.RaftServerConfigKeys (ConfUtils.java:logGet(43)) - raft.server.watch.timeout = 10s (default)
2019-09-30 21:21:10,609 [f5e62a19-0973-437d-99a7-8f75ed3d6170@group-C7B9E5EB0394-LeaderElection61] INFO  server.RaftServerConfigKeys (ConfUtils.java:logGet(43)) - raft.server.watch.timeout.denomination = 1s (default)
2019-09-30 21:21:10,609 [f5e62a19-0973-437d-99a7-8f75ed3d6170@group-C7B9E5EB0394-LeaderElection61] INFO  server.RaftServerConfigKeys (ConfUtils.java:logGet(43)) - raft.server.watch.element-limit = 65536 (default)
2019-09-30 21:21:10,612 [f5e62a19-0973-437d-99a7-8f75ed3d6170@group-C7B9E5EB0394-LeaderElection61] INFO  impl.RoleInfo (RoleInfo.java:updateAndGet(143)) - f5e62a19-0973-437d-99a7-8f75ed3d6170: start LeaderState
2019-09-30 21:21:10,612 [f5e62a19-0973-437d-99a7-8f75ed3d6170@group-C7B9E5EB0394-LeaderElection61] INFO  segmented.SegmentedRaftLogWorker (SegmentedRaftLogWorker.java:startLogSegment(385)) - f5e62a19-0973-437d-99a7-8f75ed3d6170@group-C7B9E5EB0394-SegmentedRaftLogWorker: Starting segment from index:0
2019-09-30 21:21:10,613 [f5e62a19-0973-437d-99a7-8f75ed3d6170@group-C7B9E5EB0394-LeaderElection61] INFO  impl.RaftServerImpl (ServerState.java:setRaftConf(356)) - f5e62a19-0973-437d-99a7-8f75ed3d6170@group-C7B9E5EB0394: set configuration 0: [f5e62a19-0973-437d-99a7-8f75ed3d6170:192.168.30.59:39954], old=null at 0
2019-09-30 21:21:10,658 [f5e62a19-0973-437d-99a7-8f75ed3d6170@group-C7B9E5EB0394-SegmentedRaftLogWorker] INFO  segmented.SegmentedRaftLogWorker (SegmentedRaftLogWorker.java:execute(574)) - f5e62a19-0973-437d-99a7-8f75ed3d6170@group-C7B9E5EB0394-SegmentedRaftLogWorker: created new log segment /workdir/hadoop-ozone/integration-test/target/test-dir/MiniOzoneClusterImpl-38345a03-7505-46b8-890f-c5e34e746fd9/datanode-0/data/ratis/73527cbd-9344-4e9f-8caa-c7b9e5eb0394/current/log_inprogress_0
2019-09-30 21:21:10,658 [99573aa8-d5bb-48c2-a623-6999335be6bf@group-05D0AE12432D-SegmentedRaftLogWorker] INFO  segmented.SegmentedRaftLogWorker (SegmentedRaftLogWorker.java:execute(574)) - 99573aa8-d5bb-48c2-a623-6999335be6bf@group-05D0AE12432D-SegmentedRaftLogWorker: created new log segment /workdir/hadoop-ozone/integration-test/target/test-dir/MiniOzoneClusterImpl-38345a03-7505-46b8-890f-c5e34e746fd9/datanode-1/data/ratis/59a37328-0115-4f7c-a56b-05d0ae12432d/current/log_inprogress_0
2019-09-30 21:21:10,782 [Thread-1477] INFO  impl.FollowerState (FollowerState.java:run(108)) - 87c7a9b1-d7b6-4309-99d8-23a8eec06c53@group-23177345C72E-FollowerState: change to CANDIDATE, lastRpcTime:5180ms, electionTimeout:5180ms
2019-09-30 21:21:10,782 [Thread-1477] INFO  impl.RoleInfo (RoleInfo.java:shutdownFollowerState(121)) - 87c7a9b1-d7b6-4309-99d8-23a8eec06c53: shutdown FollowerState
2019-09-30 21:21:10,783 [Thread-1477] INFO  impl.RaftServerImpl (RaftServerImpl.java:setRole(170)) - 87c7a9b1-d7b6-4309-99d8-23a8eec06c53@group-23177345C72E: changes role from  FOLLOWER to CANDIDATE at term 0 for changeToCandidate
2019-09-30 21:21:10,783 [Thread-1477] INFO  impl.RoleInfo (RoleInfo.java:updateAndGet(143)) - 87c7a9b1-d7b6-4309-99d8-23a8eec06c53: start LeaderElection
2019-09-30 21:21:10,817 [87c7a9b1-d7b6-4309-99d8-23a8eec06c53@group-23177345C72E-LeaderElection62] INFO  impl.LeaderElection (LeaderElection.java:askForVotes(178)) - 87c7a9b1-d7b6-4309-99d8-23a8eec06c53@group-23177345C72E-LeaderElection62: begin an election at term 1 for -1: [87c7a9b1-d7b6-4309-99d8-23a8eec06c53:192.168.30.59:32942], old=null
2019-09-30 21:21:10,817 [87c7a9b1-d7b6-4309-99d8-23a8eec06c53@group-23177345C72E-LeaderElection62] INFO  impl.RoleInfo (RoleInfo.java:shutdownLeaderElection(134)) - 87c7a9b1-d7b6-4309-99d8-23a8eec06c53: shutdown LeaderElection
2019-09-30 21:21:10,817 [87c7a9b1-d7b6-4309-99d8-23a8eec06c53@group-23177345C72E-LeaderElection62] INFO  impl.RaftServerImpl (RaftServerImpl.java:setRole(170)) - 87c7a9b1-d7b6-4309-99d8-23a8eec06c53@group-23177345C72E: changes role from CANDIDATE to LEADER at term 1 for changeToLeader
2019-09-30 21:21:10,817 [87c7a9b1-d7b6-4309-99d8-23a8eec06c53@group-23177345C72E-LeaderElection62] INFO  impl.RaftServerImpl (ServerState.java:setLeader(255)) - 87c7a9b1-d7b6-4309-99d8-23a8eec06c53@group-23177345C72E: change Leader from null to 87c7a9b1-d7b6-4309-99d8-23a8eec06c53 at term 1 for becomeLeader, leader elected after 5223ms
2019-09-30 21:21:10,817 [87c7a9b1-d7b6-4309-99d8-23a8eec06c53@group-23177345C72E-LeaderElection62] INFO  server.RaftServerConfigKeys (ConfUtils.java:logGet(43)) - raft.server.staging.catchup.gap = 1000 (default)
2019-09-30 21:21:10,818 [87c7a9b1-d7b6-4309-99d8-23a8eec06c53@group-23177345C72E-LeaderElection62] INFO  server.RaftServerConfigKeys (ConfUtils.java:logGet(43)) - raft.server.rpc.sleep.time = 25ms (default)
2019-09-30 21:21:10,818 [87c7a9b1-d7b6-4309-99d8-23a8eec06c53@group-23177345C72E-LeaderElection62] INFO  server.RaftServerConfigKeys (ConfUtils.java:logGet(43)) - raft.server.write.element-limit = 4096 (default)
2019-09-30 21:21:10,818 [87c7a9b1-d7b6-4309-99d8-23a8eec06c53@group-23177345C72E-LeaderElection62] INFO  server.RaftServerConfigKeys (ConfUtils.java:logGet(43)) - raft.server.watch.timeout = 10s (default)
2019-09-30 21:21:10,818 [87c7a9b1-d7b6-4309-99d8-23a8eec06c53@group-23177345C72E-LeaderElection62] INFO  server.RaftServerConfigKeys (ConfUtils.java:logGet(43)) - raft.server.watch.timeout.denomination = 1s (default)
2019-09-30 21:21:10,818 [87c7a9b1-d7b6-4309-99d8-23a8eec06c53@group-23177345C72E-LeaderElection62] INFO  server.RaftServerConfigKeys (ConfUtils.java:logGet(43)) - raft.server.watch.element-limit = 65536 (default)
2019-09-30 21:21:10,820 [87c7a9b1-d7b6-4309-99d8-23a8eec06c53@group-23177345C72E-LeaderElection62] INFO  impl.RoleInfo (RoleInfo.java:updateAndGet(143)) - 87c7a9b1-d7b6-4309-99d8-23a8eec06c53: start LeaderState
2019-09-30 21:21:10,820 [87c7a9b1-d7b6-4309-99d8-23a8eec06c53@group-23177345C72E-LeaderElection62] INFO  segmented.SegmentedRaftLogWorker (SegmentedRaftLogWorker.java:startLogSegment(385)) - 87c7a9b1-d7b6-4309-99d8-23a8eec06c53@group-23177345C72E-SegmentedRaftLogWorker: Starting segment from index:0
2019-09-30 21:21:10,821 [87c7a9b1-d7b6-4309-99d8-23a8eec06c53@group-23177345C72E-LeaderElection62] INFO  impl.RaftServerImpl (ServerState.java:setRaftConf(356)) - 87c7a9b1-d7b6-4309-99d8-23a8eec06c53@group-23177345C72E: set configuration 0: [87c7a9b1-d7b6-4309-99d8-23a8eec06c53:192.168.30.59:32942], old=null at 0
2019-09-30 21:21:10,857 [Thread-1480] INFO  impl.FollowerState (FollowerState.java:run(108)) - dea903ad-4025-4d6e-95dd-c3cf7ae18738@group-D720BC3FA03F-FollowerState: change to CANDIDATE, lastRpcTime:5170ms, electionTimeout:5170ms
2019-09-30 21:21:10,858 [Thread-1480] INFO  impl.RoleInfo (RoleInfo.java:shutdownFollowerState(121)) - dea903ad-4025-4d6e-95dd-c3cf7ae18738: shutdown FollowerState
2019-09-30 21:21:10,858 [Thread-1480] INFO  impl.RaftServerImpl (RaftServerImpl.java:setRole(170)) - dea903ad-4025-4d6e-95dd-c3cf7ae18738@group-D720BC3FA03F: changes role from  FOLLOWER to CANDIDATE at term 0 for changeToCandidate
2019-09-30 21:21:10,858 [Thread-1480] INFO  impl.RoleInfo (RoleInfo.java:updateAndGet(143)) - dea903ad-4025-4d6e-95dd-c3cf7ae18738: start LeaderElection
2019-09-30 21:21:10,875 [87c7a9b1-d7b6-4309-99d8-23a8eec06c53@group-23177345C72E-SegmentedRaftLogWorker] INFO  segmented.SegmentedRaftLogWorker (SegmentedRaftLogWorker.java:execute(574)) - 87c7a9b1-d7b6-4309-99d8-23a8eec06c53@group-23177345C72E-SegmentedRaftLogWorker: created new log segment /workdir/hadoop-ozone/integration-test/target/test-dir/MiniOzoneClusterImpl-38345a03-7505-46b8-890f-c5e34e746fd9/datanode-2/data/ratis/88e35746-2a27-46b2-ad6b-23177345c72e/current/log_inprogress_0
2019-09-30 21:21:10,892 [dea903ad-4025-4d6e-95dd-c3cf7ae18738@group-D720BC3FA03F-LeaderElection63] INFO  impl.LeaderElection (LeaderElection.java:askForVotes(178)) - dea903ad-4025-4d6e-95dd-c3cf7ae18738@group-D720BC3FA03F-LeaderElection63: begin an election at term 1 for -1: [dea903ad-4025-4d6e-95dd-c3cf7ae18738:192.168.30.59:36109], old=null
2019-09-30 21:21:10,893 [dea903ad-4025-4d6e-95dd-c3cf7ae18738@group-D720BC3FA03F-LeaderElection63] INFO  impl.RoleInfo (RoleInfo.java:shutdownLeaderElection(134)) - dea903ad-4025-4d6e-95dd-c3cf7ae18738: shutdown LeaderElection
2019-09-30 21:21:10,893 [dea903ad-4025-4d6e-95dd-c3cf7ae18738@group-D720BC3FA03F-LeaderElection63] INFO  impl.RaftServerImpl (RaftServerImpl.java:setRole(170)) - dea903ad-4025-4d6e-95dd-c3cf7ae18738@group-D720BC3FA03F: changes role from CANDIDATE to LEADER at term 1 for changeToLeader
2019-09-30 21:21:10,893 [dea903ad-4025-4d6e-95dd-c3cf7ae18738@group-D720BC3FA03F-LeaderElection63] INFO  impl.RaftServerImpl (ServerState.java:setLeader(255)) - dea903ad-4025-4d6e-95dd-c3cf7ae18738@group-D720BC3FA03F: change Leader from null to dea903ad-4025-4d6e-95dd-c3cf7ae18738 at term 1 for becomeLeader, leader elected after 5215ms
2019-09-30 21:21:10,893 [dea903ad-4025-4d6e-95dd-c3cf7ae18738@group-D720BC3FA03F-LeaderElection63] INFO  server.RaftServerConfigKeys (ConfUtils.java:logGet(43)) - raft.server.staging.catchup.gap = 1000 (default)
2019-09-30 21:21:10,893 [dea903ad-4025-4d6e-95dd-c3cf7ae18738@group-D720BC3FA03F-LeaderElection63] INFO  server.RaftServerConfigKeys (ConfUtils.java:logGet(43)) - raft.server.rpc.sleep.time = 25ms (default)
2019-09-30 21:21:10,894 [dea903ad-4025-4d6e-95dd-c3cf7ae18738@group-D720BC3FA03F-LeaderElection63] INFO  server.RaftServerConfigKeys (ConfUtils.java:logGet(43)) - raft.server.write.element-limit = 4096 (default)
2019-09-30 21:21:10,894 [dea903ad-4025-4d6e-95dd-c3cf7ae18738@group-D720BC3FA03F-LeaderElection63] INFO  server.RaftServerConfigKeys (ConfUtils.java:logGet(43)) - raft.server.watch.timeout = 10s (default)
2019-09-30 21:21:10,894 [dea903ad-4025-4d6e-95dd-c3cf7ae18738@group-D720BC3FA03F-LeaderElection63] INFO  server.RaftServerConfigKeys (ConfUtils.java:logGet(43)) - raft.server.watch.timeout.denomination = 1s (default)
2019-09-30 21:21:10,894 [dea903ad-4025-4d6e-95dd-c3cf7ae18738@group-D720BC3FA03F-LeaderElection63] INFO  server.RaftServerConfigKeys (ConfUtils.java:logGet(43)) - raft.server.watch.element-limit = 65536 (default)
2019-09-30 21:21:10,896 [dea903ad-4025-4d6e-95dd-c3cf7ae18738@group-D720BC3FA03F-LeaderElection63] INFO  impl.RoleInfo (RoleInfo.java:updateAndGet(143)) - dea903ad-4025-4d6e-95dd-c3cf7ae18738: start LeaderState
2019-09-30 21:21:10,896 [dea903ad-4025-4d6e-95dd-c3cf7ae18738@group-D720BC3FA03F-LeaderElection63] INFO  segmented.SegmentedRaftLogWorker (SegmentedRaftLogWorker.java:startLogSegment(385)) - dea903ad-4025-4d6e-95dd-c3cf7ae18738@group-D720BC3FA03F-SegmentedRaftLogWorker: Starting segment from index:0
2019-09-30 21:21:10,897 [dea903ad-4025-4d6e-95dd-c3cf7ae18738@group-D720BC3FA03F-LeaderElection63] INFO  impl.RaftServerImpl (ServerState.java:setRaftConf(356)) - dea903ad-4025-4d6e-95dd-c3cf7ae18738@group-D720BC3FA03F: set configuration 0: [dea903ad-4025-4d6e-95dd-c3cf7ae18738:192.168.30.59:36109], old=null at 0
2019-09-30 21:21:10,906 [Thread-1486] INFO  impl.FollowerState (FollowerState.java:run(108)) - 0d0604b5-9b92-4ef8-b63f-d1bccc1a77bd@group-BCD508BC2627-FollowerState: change to CANDIDATE, lastRpcTime:5018ms, electionTimeout:5018ms
2019-09-30 21:21:10,906 [Thread-1486] INFO  impl.RoleInfo (RoleInfo.java:shutdownFollowerState(121)) - 0d0604b5-9b92-4ef8-b63f-d1bccc1a77bd: shutdown FollowerState
2019-09-30 21:21:10,906 [Thread-1486] INFO  impl.RaftServerImpl (RaftServerImpl.java:setRole(170)) - 0d0604b5-9b92-4ef8-b63f-d1bccc1a77bd@group-BCD508BC2627: changes role from  FOLLOWER to CANDIDATE at term 0 for changeToCandidate
2019-09-30 21:21:10,907 [Thread-1486] INFO  impl.RoleInfo (RoleInfo.java:updateAndGet(143)) - 0d0604b5-9b92-4ef8-b63f-d1bccc1a77bd: start LeaderElection
2019-09-30 21:21:10,933 [Thread-1483] INFO  impl.FollowerState (FollowerState.java:run(108)) - d7862da6-7204-4dfe-bc24-740f0a8ff707@group-77E92513EEAF-FollowerState: change to CANDIDATE, lastRpcTime:5159ms, electionTimeout:5146ms
2019-09-30 21:21:10,933 [Thread-1483] INFO  impl.RoleInfo (RoleInfo.java:shutdownFollowerState(121)) - d7862da6-7204-4dfe-bc24-740f0a8ff707: shutdown FollowerState
2019-09-30 21:21:10,933 [Thread-1483] INFO  impl.RaftServerImpl (RaftServerImpl.java:setRole(170)) - d7862da6-7204-4dfe-bc24-740f0a8ff707@group-77E92513EEAF: changes role from  FOLLOWER to CANDIDATE at term 0 for changeToCandidate
2019-09-30 21:21:10,933 [Thread-1483] INFO  impl.RoleInfo (RoleInfo.java:updateAndGet(143)) - d7862da6-7204-4dfe-bc24-740f0a8ff707: start LeaderElection
2019-09-30 21:21:10,951 [dea903ad-4025-4d6e-95dd-c3cf7ae18738@group-D720BC3FA03F-SegmentedRaftLogWorker] INFO  segmented.SegmentedRaftLogWorker (SegmentedRaftLogWorker.java:execute(574)) - dea903ad-4025-4d6e-95dd-c3cf7ae18738@group-D720BC3FA03F-SegmentedRaftLogWorker: created new log segment /workdir/hadoop-ozone/integration-test/target/test-dir/MiniOzoneClusterImpl-38345a03-7505-46b8-890f-c5e34e746fd9/datanode-3/data/ratis/77c244b9-9ba9-4df1-900f-d720bc3fa03f/current/log_inprogress_0
2019-09-30 21:21:10,951 [d7862da6-7204-4dfe-bc24-740f0a8ff707@group-77E92513EEAF-LeaderElection65] INFO  impl.LeaderElection (LeaderElection.java:askForVotes(178)) - d7862da6-7204-4dfe-bc24-740f0a8ff707@group-77E92513EEAF-LeaderElection65: begin an election at term 1 for -1: [d7862da6-7204-4dfe-bc24-740f0a8ff707:192.168.30.59:45638], old=null
2019-09-30 21:21:10,951 [0d0604b5-9b92-4ef8-b63f-d1bccc1a77bd@group-BCD508BC2627-LeaderElection64] INFO  impl.LeaderElection (LeaderElection.java:askForVotes(178)) - 0d0604b5-9b92-4ef8-b63f-d1bccc1a77bd@group-BCD508BC2627-LeaderElection64: begin an election at term 1 for -1: [0d0604b5-9b92-4ef8-b63f-d1bccc1a77bd:192.168.30.59:35878], old=null
2019-09-30 21:21:10,951 [d7862da6-7204-4dfe-bc24-740f0a8ff707@group-77E92513EEAF-LeaderElection65] INFO  impl.RoleInfo (RoleInfo.java:shutdownLeaderElection(134)) - d7862da6-7204-4dfe-bc24-740f0a8ff707: shutdown LeaderElection
2019-09-30 21:21:10,951 [0d0604b5-9b92-4ef8-b63f-d1bccc1a77bd@group-BCD508BC2627-LeaderElection64] INFO  impl.RoleInfo (RoleInfo.java:shutdownLeaderElection(134)) - 0d0604b5-9b92-4ef8-b63f-d1bccc1a77bd: shutdown LeaderElection
2019-09-30 21:21:10,952 [d7862da6-7204-4dfe-bc24-740f0a8ff707@group-77E92513EEAF-LeaderElection65] INFO  impl.RaftServerImpl (RaftServerImpl.java:setRole(170)) - d7862da6-7204-4dfe-bc24-740f0a8ff707@group-77E92513EEAF: changes role from CANDIDATE to LEADER at term 1 for changeToLeader
2019-09-30 21:21:10,952 [0d0604b5-9b92-4ef8-b63f-d1bccc1a77bd@group-BCD508BC2627-LeaderElection64] INFO  impl.RaftServerImpl (RaftServerImpl.java:setRole(170)) - 0d0604b5-9b92-4ef8-b63f-d1bccc1a77bd@group-BCD508BC2627: changes role from CANDIDATE to LEADER at term 1 for changeToLeader
2019-09-30 21:21:10,952 [d7862da6-7204-4dfe-bc24-740f0a8ff707@group-77E92513EEAF-LeaderElection65] INFO  impl.RaftServerImpl (ServerState.java:setLeader(255)) - d7862da6-7204-4dfe-bc24-740f0a8ff707@group-77E92513EEAF: change Leader from null to d7862da6-7204-4dfe-bc24-740f0a8ff707 at term 1 for becomeLeader, leader elected after 5190ms
2019-09-30 21:21:10,952 [0d0604b5-9b92-4ef8-b63f-d1bccc1a77bd@group-BCD508BC2627-LeaderElection64] INFO  impl.RaftServerImpl (ServerState.java:setLeader(255)) - 0d0604b5-9b92-4ef8-b63f-d1bccc1a77bd@group-BCD508BC2627: change Leader from null to 0d0604b5-9b92-4ef8-b63f-d1bccc1a77bd at term 1 for becomeLeader, leader elected after 5073ms
2019-09-30 21:21:10,952 [d7862da6-7204-4dfe-bc24-740f0a8ff707@group-77E92513EEAF-LeaderElection65] INFO  server.RaftServerConfigKeys (ConfUtils.java:logGet(43)) - raft.server.staging.catchup.gap = 1000 (default)
2019-09-30 21:21:10,952 [0d0604b5-9b92-4ef8-b63f-d1bccc1a77bd@group-BCD508BC2627-LeaderElection64] INFO  server.RaftServerConfigKeys (ConfUtils.java:logGet(43)) - raft.server.staging.catchup.gap = 1000 (default)
2019-09-30 21:21:10,952 [d7862da6-7204-4dfe-bc24-740f0a8ff707@group-77E92513EEAF-LeaderElection65] INFO  server.RaftServerConfigKeys (ConfUtils.java:logGet(43)) - raft.server.rpc.sleep.time = 25ms (default)
2019-09-30 21:21:10,952 [0d0604b5-9b92-4ef8-b63f-d1bccc1a77bd@group-BCD508BC2627-LeaderElection64] INFO  server.RaftServerConfigKeys (ConfUtils.java:logGet(43)) - raft.server.rpc.sleep.time = 25ms (default)
2019-09-30 21:21:10,952 [d7862da6-7204-4dfe-bc24-740f0a8ff707@group-77E92513EEAF-LeaderElection65] INFO  server.RaftServerConfigKeys (ConfUtils.java:logGet(43)) - raft.server.write.element-limit = 4096 (default)
2019-09-30 21:21:10,952 [0d0604b5-9b92-4ef8-b63f-d1bccc1a77bd@group-BCD508BC2627-LeaderElection64] INFO  server.RaftServerConfigKeys (ConfUtils.java:logGet(43)) - raft.server.write.element-limit = 4096 (default)
2019-09-30 21:21:10,952 [d7862da6-7204-4dfe-bc24-740f0a8ff707@group-77E92513EEAF-LeaderElection65] INFO  server.RaftServerConfigKeys (ConfUtils.java:logGet(43)) - raft.server.watch.timeout = 10s (default)
2019-09-30 21:21:10,952 [0d0604b5-9b92-4ef8-b63f-d1bccc1a77bd@group-BCD508BC2627-LeaderElection64] INFO  server.RaftServerConfigKeys (ConfUtils.java:logGet(43)) - raft.server.watch.timeout = 10s (default)
2019-09-30 21:21:10,953 [d7862da6-7204-4dfe-bc24-740f0a8ff707@group-77E92513EEAF-LeaderElection65] INFO  server.RaftServerConfigKeys (ConfUtils.java:logGet(43)) - raft.server.watch.timeout.denomination = 1s (default)
2019-09-30 21:21:10,953 [0d0604b5-9b92-4ef8-b63f-d1bccc1a77bd@group-BCD508BC2627-LeaderElection64] INFO  server.RaftServerConfigKeys (ConfUtils.java:logGet(43)) - raft.server.watch.timeout.denomination = 1s (default)
2019-09-30 21:21:10,953 [d7862da6-7204-4dfe-bc24-740f0a8ff707@group-77E92513EEAF-LeaderElection65] INFO  server.RaftServerConfigKeys (ConfUtils.java:logGet(43)) - raft.server.watch.element-limit = 65536 (default)
2019-09-30 21:21:10,953 [0d0604b5-9b92-4ef8-b63f-d1bccc1a77bd@group-BCD508BC2627-LeaderElection64] INFO  server.RaftServerConfigKeys (ConfUtils.java:logGet(43)) - raft.server.watch.element-limit = 65536 (default)
2019-09-30 21:21:10,955 [d7862da6-7204-4dfe-bc24-740f0a8ff707@group-77E92513EEAF-LeaderElection65] INFO  impl.RoleInfo (RoleInfo.java:updateAndGet(143)) - d7862da6-7204-4dfe-bc24-740f0a8ff707: start LeaderState
2019-09-30 21:21:10,955 [0d0604b5-9b92-4ef8-b63f-d1bccc1a77bd@group-BCD508BC2627-LeaderElection64] INFO  impl.RoleInfo (RoleInfo.java:updateAndGet(143)) - 0d0604b5-9b92-4ef8-b63f-d1bccc1a77bd: start LeaderState
2019-09-30 21:21:10,955 [d7862da6-7204-4dfe-bc24-740f0a8ff707@group-77E92513EEAF-LeaderElection65] INFO  segmented.SegmentedRaftLogWorker (SegmentedRaftLogWorker.java:startLogSegment(385)) - d7862da6-7204-4dfe-bc24-740f0a8ff707@group-77E92513EEAF-SegmentedRaftLogWorker: Starting segment from index:0
2019-09-30 21:21:10,955 [0d0604b5-9b92-4ef8-b63f-d1bccc1a77bd@group-BCD508BC2627-LeaderElection64] INFO  segmented.SegmentedRaftLogWorker (SegmentedRaftLogWorker.java:startLogSegment(385)) - 0d0604b5-9b92-4ef8-b63f-d1bccc1a77bd@group-BCD508BC2627-SegmentedRaftLogWorker: Starting segment from index:0
2019-09-30 21:21:10,956 [d7862da6-7204-4dfe-bc24-740f0a8ff707@group-77E92513EEAF-LeaderElection65] INFO  impl.RaftServerImpl (ServerState.java:setRaftConf(356)) - d7862da6-7204-4dfe-bc24-740f0a8ff707@group-77E92513EEAF: set configuration 0: [d7862da6-7204-4dfe-bc24-740f0a8ff707:192.168.30.59:45638], old=null at 0
2019-09-30 21:21:10,956 [0d0604b5-9b92-4ef8-b63f-d1bccc1a77bd@group-BCD508BC2627-LeaderElection64] INFO  impl.RaftServerImpl (ServerState.java:setRaftConf(356)) - 0d0604b5-9b92-4ef8-b63f-d1bccc1a77bd@group-BCD508BC2627: set configuration 0: [0d0604b5-9b92-4ef8-b63f-d1bccc1a77bd:192.168.30.59:35878], old=null at 0
2019-09-30 21:21:10,966 [Thread-1489] INFO  impl.FollowerState (FollowerState.java:run(108)) - 2d3d0176-1917-43ef-bf9f-cb17086b743e@group-2F8025766C3B-FollowerState: change to CANDIDATE, lastRpcTime:5002ms, electionTimeout:5002ms
2019-09-30 21:21:10,987 [Thread-1489] INFO  impl.RoleInfo (RoleInfo.java:shutdownFollowerState(121)) - 2d3d0176-1917-43ef-bf9f-cb17086b743e: shutdown FollowerState
2019-09-30 21:21:10,987 [Thread-1489] INFO  impl.RaftServerImpl (RaftServerImpl.java:setRole(170)) - 2d3d0176-1917-43ef-bf9f-cb17086b743e@group-2F8025766C3B: changes role from  FOLLOWER to CANDIDATE at term 0 for changeToCandidate
2019-09-30 21:21:10,987 [Thread-1489] INFO  impl.RoleInfo (RoleInfo.java:updateAndGet(143)) - 2d3d0176-1917-43ef-bf9f-cb17086b743e: start LeaderElection
2019-09-30 21:21:11,010 [0d0604b5-9b92-4ef8-b63f-d1bccc1a77bd@group-BCD508BC2627-SegmentedRaftLogWorker] INFO  segmented.SegmentedRaftLogWorker (SegmentedRaftLogWorker.java:execute(574)) - 0d0604b5-9b92-4ef8-b63f-d1bccc1a77bd@group-BCD508BC2627-SegmentedRaftLogWorker: created new log segment /workdir/hadoop-ozone/integration-test/target/test-dir/MiniOzoneClusterImpl-38345a03-7505-46b8-890f-c5e34e746fd9/datanode-6/data/ratis/07fa6782-c9ae-42a8-9a5d-bcd508bc2627/current/log_inprogress_0
2019-09-30 21:21:11,010 [d7862da6-7204-4dfe-bc24-740f0a8ff707@group-77E92513EEAF-SegmentedRaftLogWorker] INFO  segmented.SegmentedRaftLogWorker (SegmentedRaftLogWorker.java:execute(574)) - d7862da6-7204-4dfe-bc24-740f0a8ff707@group-77E92513EEAF-SegmentedRaftLogWorker: created new log segment /workdir/hadoop-ozone/integration-test/target/test-dir/MiniOzoneClusterImpl-38345a03-7505-46b8-890f-c5e34e746fd9/datanode-4/data/ratis/6bfad6d7-fad7-4327-b2bf-77e92513eeaf/current/log_inprogress_0
2019-09-30 21:21:11,027 [2d3d0176-1917-43ef-bf9f-cb17086b743e@group-2F8025766C3B-LeaderElection66] INFO  impl.LeaderElection (LeaderElection.java:askForVotes(178)) - 2d3d0176-1917-43ef-bf9f-cb17086b743e@group-2F8025766C3B-LeaderElection66: begin an election at term 1 for -1: [2d3d0176-1917-43ef-bf9f-cb17086b743e:192.168.30.59:35433], old=null
2019-09-30 21:21:11,027 [2d3d0176-1917-43ef-bf9f-cb17086b743e@group-2F8025766C3B-LeaderElection66] INFO  impl.RoleInfo (RoleInfo.java:shutdownLeaderElection(134)) - 2d3d0176-1917-43ef-bf9f-cb17086b743e: shutdown LeaderElection
2019-09-30 21:21:11,027 [2d3d0176-1917-43ef-bf9f-cb17086b743e@group-2F8025766C3B-LeaderElection66] INFO  impl.RaftServerImpl (RaftServerImpl.java:setRole(170)) - 2d3d0176-1917-43ef-bf9f-cb17086b743e@group-2F8025766C3B: changes role from CANDIDATE to LEADER at term 1 for changeToLeader
2019-09-30 21:21:11,027 [2d3d0176-1917-43ef-bf9f-cb17086b743e@group-2F8025766C3B-LeaderElection66] INFO  impl.RaftServerImpl (ServerState.java:setLeader(255)) - 2d3d0176-1917-43ef-bf9f-cb17086b743e@group-2F8025766C3B: change Leader from null to 2d3d0176-1917-43ef-bf9f-cb17086b743e at term 1 for becomeLeader, leader elected after 5072ms
2019-09-30 21:21:11,027 [2d3d0176-1917-43ef-bf9f-cb17086b743e@group-2F8025766C3B-LeaderElection66] INFO  server.RaftServerConfigKeys (ConfUtils.java:logGet(43)) - raft.server.staging.catchup.gap = 1000 (default)
2019-09-30 21:21:11,027 [2d3d0176-1917-43ef-bf9f-cb17086b743e@group-2F8025766C3B-LeaderElection66] INFO  server.RaftServerConfigKeys (ConfUtils.java:logGet(43)) - raft.server.rpc.sleep.time = 25ms (default)
2019-09-30 21:21:11,028 [2d3d0176-1917-43ef-bf9f-cb17086b743e@group-2F8025766C3B-LeaderElection66] INFO  server.RaftServerConfigKeys (ConfUtils.java:logGet(43)) - raft.server.write.element-limit = 4096 (default)
2019-09-30 21:21:11,028 [2d3d0176-1917-43ef-bf9f-cb17086b743e@group-2F8025766C3B-LeaderElection66] INFO  server.RaftServerConfigKeys (ConfUtils.java:logGet(43)) - raft.server.watch.timeout = 10s (default)
2019-09-30 21:21:11,028 [2d3d0176-1917-43ef-bf9f-cb17086b743e@group-2F8025766C3B-LeaderElection66] INFO  server.RaftServerConfigKeys (ConfUtils.java:logGet(43)) - raft.server.watch.timeout.denomination = 1s (default)
2019-09-30 21:21:11,028 [2d3d0176-1917-43ef-bf9f-cb17086b743e@group-2F8025766C3B-LeaderElection66] INFO  server.RaftServerConfigKeys (ConfUtils.java:logGet(43)) - raft.server.watch.element-limit = 65536 (default)
2019-09-30 21:21:11,029 [2d3d0176-1917-43ef-bf9f-cb17086b743e@group-2F8025766C3B-LeaderElection66] INFO  impl.RoleInfo (RoleInfo.java:updateAndGet(143)) - 2d3d0176-1917-43ef-bf9f-cb17086b743e: start LeaderState
2019-09-30 21:21:11,030 [2d3d0176-1917-43ef-bf9f-cb17086b743e@group-2F8025766C3B-LeaderElection66] INFO  segmented.SegmentedRaftLogWorker (SegmentedRaftLogWorker.java:startLogSegment(385)) - 2d3d0176-1917-43ef-bf9f-cb17086b743e@group-2F8025766C3B-SegmentedRaftLogWorker: Starting segment from index:0
2019-09-30 21:21:11,031 [2d3d0176-1917-43ef-bf9f-cb17086b743e@group-2F8025766C3B-LeaderElection66] INFO  impl.RaftServerImpl (ServerState.java:setRaftConf(356)) - 2d3d0176-1917-43ef-bf9f-cb17086b743e@group-2F8025766C3B: set configuration 0: [2d3d0176-1917-43ef-bf9f-cb17086b743e:192.168.30.59:35433], old=null at 0
2019-09-30 21:21:11,085 [2d3d0176-1917-43ef-bf9f-cb17086b743e@group-2F8025766C3B-SegmentedRaftLogWorker] INFO  segmented.SegmentedRaftLogWorker (SegmentedRaftLogWorker.java:execute(574)) - 2d3d0176-1917-43ef-bf9f-cb17086b743e@group-2F8025766C3B-SegmentedRaftLogWorker: created new log segment /workdir/hadoop-ozone/integration-test/target/test-dir/MiniOzoneClusterImpl-38345a03-7505-46b8-890f-c5e34e746fd9/datanode-5/data/ratis/8afbb865-d8c2-4e8d-a1ad-2f8025766c3b/current/log_inprogress_0
2019-09-30 21:21:11,157 [Thread-1496] INFO  impl.FollowerState (FollowerState.java:run(108)) - d7862da6-7204-4dfe-bc24-740f0a8ff707@group-0E8F1F723127-FollowerState: change to CANDIDATE, lastRpcTime:5093ms, electionTimeout:5093ms
2019-09-30 21:21:11,157 [Thread-1496] INFO  impl.RoleInfo (RoleInfo.java:shutdownFollowerState(121)) - d7862da6-7204-4dfe-bc24-740f0a8ff707: shutdown FollowerState
2019-09-30 21:21:11,157 [Thread-1496] INFO  impl.RaftServerImpl (RaftServerImpl.java:setRole(170)) - d7862da6-7204-4dfe-bc24-740f0a8ff707@group-0E8F1F723127: changes role from  FOLLOWER to CANDIDATE at term 0 for changeToCandidate
2019-09-30 21:21:11,157 [Thread-1496] INFO  impl.RoleInfo (RoleInfo.java:updateAndGet(143)) - d7862da6-7204-4dfe-bc24-740f0a8ff707: start LeaderElection
2019-09-30 21:21:11,189 [Thread-1506] INFO  impl.FollowerState (FollowerState.java:run(108)) - 0d0604b5-9b92-4ef8-b63f-d1bccc1a77bd@group-5309F5DA16D4-FollowerState: change to CANDIDATE, lastRpcTime:5041ms, electionTimeout:5041ms
2019-09-30 21:21:11,190 [Thread-1506] INFO  impl.RoleInfo (RoleInfo.java:shutdownFollowerState(121)) - 0d0604b5-9b92-4ef8-b63f-d1bccc1a77bd: shutdown FollowerState
2019-09-30 21:21:11,190 [Thread-1506] INFO  impl.RaftServerImpl (RaftServerImpl.java:setRole(170)) - 0d0604b5-9b92-4ef8-b63f-d1bccc1a77bd@group-5309F5DA16D4: changes role from  FOLLOWER to CANDIDATE at term 0 for changeToCandidate
2019-09-30 21:21:11,190 [Thread-1506] INFO  impl.RoleInfo (RoleInfo.java:updateAndGet(143)) - 0d0604b5-9b92-4ef8-b63f-d1bccc1a77bd: start LeaderElection
2019-09-30 21:21:11,198 [d7862da6-7204-4dfe-bc24-740f0a8ff707@group-0E8F1F723127-LeaderElection67] INFO  impl.LeaderElection (LeaderElection.java:askForVotes(178)) - d7862da6-7204-4dfe-bc24-740f0a8ff707@group-0E8F1F723127-LeaderElection67: begin an election at term 1 for -1: [dea903ad-4025-4d6e-95dd-c3cf7ae18738:192.168.30.59:36109, 99573aa8-d5bb-48c2-a623-6999335be6bf:192.168.30.59:39103, d7862da6-7204-4dfe-bc24-740f0a8ff707:192.168.30.59:45638], old=null
2019-09-30 21:21:11,204 [grpc-default-executor-4] INFO  impl.RaftServerImpl (RaftServerImpl.java:setRole(170)) - 99573aa8-d5bb-48c2-a623-6999335be6bf@group-0E8F1F723127: changes role from  FOLLOWER to FOLLOWER at term 1 for recognizeCandidate:d7862da6-7204-4dfe-bc24-740f0a8ff707
2019-09-30 21:21:11,204 [grpc-default-executor-3] INFO  impl.RaftServerImpl (RaftServerImpl.java:setRole(170)) - dea903ad-4025-4d6e-95dd-c3cf7ae18738@group-0E8F1F723127: changes role from  FOLLOWER to FOLLOWER at term 1 for recognizeCandidate:d7862da6-7204-4dfe-bc24-740f0a8ff707
2019-09-30 21:21:11,204 [grpc-default-executor-4] INFO  impl.RoleInfo (RoleInfo.java:shutdownFollowerState(121)) - 99573aa8-d5bb-48c2-a623-6999335be6bf: shutdown FollowerState
2019-09-30 21:21:11,204 [grpc-default-executor-3] INFO  impl.RoleInfo (RoleInfo.java:shutdownFollowerState(121)) - dea903ad-4025-4d6e-95dd-c3cf7ae18738: shutdown FollowerState
2019-09-30 21:21:11,204 [grpc-default-executor-4] INFO  impl.RoleInfo (RoleInfo.java:updateAndGet(143)) - 99573aa8-d5bb-48c2-a623-6999335be6bf: start FollowerState
2019-09-30 21:21:11,205 [Thread-1495] INFO  impl.FollowerState (FollowerState.java:run(117)) - dea903ad-4025-4d6e-95dd-c3cf7ae18738@group-0E8F1F723127-FollowerState was interrupted: java.lang.InterruptedException: sleep interrupted
2019-09-30 21:21:11,205 [Thread-1494] INFO  impl.FollowerState (FollowerState.java:run(117)) - 99573aa8-d5bb-48c2-a623-6999335be6bf@group-0E8F1F723127-FollowerState was interrupted: java.lang.InterruptedException: sleep interrupted
2019-09-30 21:21:11,205 [grpc-default-executor-3] INFO  impl.RoleInfo (RoleInfo.java:updateAndGet(143)) - dea903ad-4025-4d6e-95dd-c3cf7ae18738: start FollowerState
2019-09-30 21:21:11,220 [0d0604b5-9b92-4ef8-b63f-d1bccc1a77bd@group-5309F5DA16D4-LeaderElection68] INFO  impl.LeaderElection (LeaderElection.java:askForVotes(178)) - 0d0604b5-9b92-4ef8-b63f-d1bccc1a77bd@group-5309F5DA16D4-LeaderElection68: begin an election at term 1 for -1: [f5e62a19-0973-437d-99a7-8f75ed3d6170:192.168.30.59:39954, 87c7a9b1-d7b6-4309-99d8-23a8eec06c53:192.168.30.59:32942, 0d0604b5-9b92-4ef8-b63f-d1bccc1a77bd:192.168.30.59:35878], old=null
2019-09-30 21:21:11,221 [d7862da6-7204-4dfe-bc24-740f0a8ff707@group-0E8F1F723127-LeaderElection67] INFO  impl.LeaderElection (LeaderElection.java:logAndReturn(56)) - d7862da6-7204-4dfe-bc24-740f0a8ff707@group-0E8F1F723127-LeaderElection67: Election PASSED; received 1 response(s) [d7862da6-7204-4dfe-bc24-740f0a8ff707<-dea903ad-4025-4d6e-95dd-c3cf7ae18738#0:OK-t1] and 0 exception(s); d7862da6-7204-4dfe-bc24-740f0a8ff707@group-0E8F1F723127:t1, leader=null, voted=d7862da6-7204-4dfe-bc24-740f0a8ff707, raftlog=d7862da6-7204-4dfe-bc24-740f0a8ff707@group-0E8F1F723127-SegmentedRaftLog:OPENED:c-1,f-1,i0, conf=-1: [dea903ad-4025-4d6e-95dd-c3cf7ae18738:192.168.30.59:36109, 99573aa8-d5bb-48c2-a623-6999335be6bf:192.168.30.59:39103, d7862da6-7204-4dfe-bc24-740f0a8ff707:192.168.30.59:45638], old=null
2019-09-30 21:21:11,221 [d7862da6-7204-4dfe-bc24-740f0a8ff707@group-0E8F1F723127-LeaderElection67] INFO  impl.RoleInfo (RoleInfo.java:shutdownLeaderElection(134)) - d7862da6-7204-4dfe-bc24-740f0a8ff707: shutdown LeaderElection
2019-09-30 21:21:11,221 [d7862da6-7204-4dfe-bc24-740f0a8ff707@group-0E8F1F723127-LeaderElection67] INFO  impl.RaftServerImpl (RaftServerImpl.java:setRole(170)) - d7862da6-7204-4dfe-bc24-740f0a8ff707@group-0E8F1F723127: changes role from CANDIDATE to LEADER at term 1 for changeToLeader
2019-09-30 21:21:11,221 [d7862da6-7204-4dfe-bc24-740f0a8ff707@group-0E8F1F723127-LeaderElection67] INFO  impl.RaftServerImpl (ServerState.java:setLeader(255)) - d7862da6-7204-4dfe-bc24-740f0a8ff707@group-0E8F1F723127: change Leader from null to d7862da6-7204-4dfe-bc24-740f0a8ff707 at term 1 for becomeLeader, leader elected after 5173ms
2019-09-30 21:21:11,221 [d7862da6-7204-4dfe-bc24-740f0a8ff707@group-0E8F1F723127-LeaderElection67] INFO  server.RaftServerConfigKeys (ConfUtils.java:logGet(43)) - raft.server.staging.catchup.gap = 1000 (default)
2019-09-30 21:21:11,222 [d7862da6-7204-4dfe-bc24-740f0a8ff707@group-0E8F1F723127-LeaderElection67] INFO  server.RaftServerConfigKeys (ConfUtils.java:logGet(43)) - raft.server.rpc.sleep.time = 25ms (default)
2019-09-30 21:21:11,222 [d7862da6-7204-4dfe-bc24-740f0a8ff707@group-0E8F1F723127-LeaderElection67] INFO  server.RaftServerConfigKeys (ConfUtils.java:logGet(43)) - raft.server.write.element-limit = 4096 (default)
2019-09-30 21:21:11,222 [d7862da6-7204-4dfe-bc24-740f0a8ff707@group-0E8F1F723127-LeaderElection67] INFO  server.RaftServerConfigKeys (ConfUtils.java:logGet(43)) - raft.server.watch.timeout = 10s (default)
2019-09-30 21:21:11,222 [d7862da6-7204-4dfe-bc24-740f0a8ff707@group-0E8F1F723127-LeaderElection67] INFO  server.RaftServerConfigKeys (ConfUtils.java:logGet(43)) - raft.server.watch.timeout.denomination = 1s (default)
2019-09-30 21:21:11,222 [d7862da6-7204-4dfe-bc24-740f0a8ff707@group-0E8F1F723127-LeaderElection67] INFO  server.RaftServerConfigKeys (ConfUtils.java:logGet(43)) - raft.server.watch.element-limit = 65536 (default)
2019-09-30 21:21:11,226 [grpc-default-executor-4] INFO  impl.RaftServerImpl (RaftServerImpl.java:setRole(170)) - 87c7a9b1-d7b6-4309-99d8-23a8eec06c53@group-5309F5DA16D4: changes role from  FOLLOWER to FOLLOWER at term 1 for recognizeCandidate:0d0604b5-9b92-4ef8-b63f-d1bccc1a77bd
2019-09-30 21:21:11,226 [grpc-default-executor-4] INFO  impl.RoleInfo (RoleInfo.java:shutdownFollowerState(121)) - 87c7a9b1-d7b6-4309-99d8-23a8eec06c53: shutdown FollowerState
2019-09-30 21:21:11,229 [d7862da6-7204-4dfe-bc24-740f0a8ff707@group-0E8F1F723127-LeaderElection67] INFO  server.RaftServerConfigKeys (ConfUtils.java:logGet(43)) - raft.server.log.appender.snapshot.chunk.size.max = 16MB (=16777216) (default)
2019-09-30 21:21:11,229 [Thread-1504] INFO  impl.FollowerState (FollowerState.java:run(117)) - 87c7a9b1-d7b6-4309-99d8-23a8eec06c53@group-5309F5DA16D4-FollowerState was interrupted: java.lang.InterruptedException: sleep interrupted
2019-09-30 21:21:11,229 [grpc-default-executor-4] INFO  impl.RoleInfo (RoleInfo.java:updateAndGet(143)) - 87c7a9b1-d7b6-4309-99d8-23a8eec06c53: start FollowerState
2019-09-30 21:21:11,229 [grpc-default-executor-3] INFO  impl.RaftServerImpl (RaftServerImpl.java:setRole(170)) - f5e62a19-0973-437d-99a7-8f75ed3d6170@group-5309F5DA16D4: changes role from  FOLLOWER to FOLLOWER at term 1 for recognizeCandidate:0d0604b5-9b92-4ef8-b63f-d1bccc1a77bd
2019-09-30 21:21:11,229 [d7862da6-7204-4dfe-bc24-740f0a8ff707@group-0E8F1F723127-LeaderElection67] INFO  server.RaftServerConfigKeys (ConfUtils.java:logGet(43)) - raft.server.log.appender.buffer.byte-limit = 33554432 (custom)
2019-09-30 21:21:11,232 [grpc-default-executor-3] INFO  impl.RoleInfo (RoleInfo.java:shutdownFollowerState(121)) - f5e62a19-0973-437d-99a7-8f75ed3d6170: shutdown FollowerState
2019-09-30 21:21:11,232 [d7862da6-7204-4dfe-bc24-740f0a8ff707@group-0E8F1F723127-LeaderElection67] INFO  server.RaftServerConfigKeys (ConfUtils.java:logGet(43)) - raft.server.log.appender.buffer.element-limit = 1 (custom)
2019-09-30 21:21:11,233 [Thread-1501] INFO  impl.FollowerState (FollowerState.java:run(117)) - f5e62a19-0973-437d-99a7-8f75ed3d6170@group-5309F5DA16D4-FollowerState was interrupted: java.lang.InterruptedException: sleep interrupted
2019-09-30 21:21:11,233 [d7862da6-7204-4dfe-bc24-740f0a8ff707@group-0E8F1F723127-LeaderElection67] INFO  grpc.GrpcConfigKeys$Server (ConfUtils.java:logGet(43)) - raft.grpc.server.leader.outstanding.appends.max = 128 (default)
2019-09-30 21:21:11,233 [grpc-default-executor-3] INFO  impl.RoleInfo (RoleInfo.java:updateAndGet(143)) - f5e62a19-0973-437d-99a7-8f75ed3d6170: start FollowerState
2019-09-30 21:21:11,235 [d7862da6-7204-4dfe-bc24-740f0a8ff707@group-0E8F1F723127-LeaderElection67] INFO  server.RaftServerConfigKeys (ConfUtils.java:logGet(43)) - raft.server.rpc.request.timeout = 3000ms (default)
2019-09-30 21:21:11,236 [d7862da6-7204-4dfe-bc24-740f0a8ff707@group-0E8F1F723127-LeaderElection67] INFO  server.RaftServerConfigKeys (ConfUtils.java:logGet(43)) - raft.server.log.appender.install.snapshot.enabled = false (custom)
2019-09-30 21:21:11,236 [d7862da6-7204-4dfe-bc24-740f0a8ff707@group-0E8F1F723127-LeaderElection67] INFO  server.RaftServerConfigKeys (ConfUtils.java:logGet(43)) - raft.server.log.appender.snapshot.chunk.size.max = 16MB (=16777216) (default)
2019-09-30 21:21:11,236 [d7862da6-7204-4dfe-bc24-740f0a8ff707@group-0E8F1F723127-LeaderElection67] INFO  server.RaftServerConfigKeys (ConfUtils.java:logGet(43)) - raft.server.log.appender.buffer.byte-limit = 33554432 (custom)
2019-09-30 21:21:11,236 [d7862da6-7204-4dfe-bc24-740f0a8ff707@group-0E8F1F723127-LeaderElection67] INFO  server.RaftServerConfigKeys (ConfUtils.java:logGet(43)) - raft.server.log.appender.buffer.element-limit = 1 (custom)
2019-09-30 21:21:11,236 [d7862da6-7204-4dfe-bc24-740f0a8ff707@group-0E8F1F723127-LeaderElection67] INFO  grpc.GrpcConfigKeys$Server (ConfUtils.java:logGet(43)) - raft.grpc.server.leader.outstanding.appends.max = 128 (default)
2019-09-30 21:21:11,237 [d7862da6-7204-4dfe-bc24-740f0a8ff707@group-0E8F1F723127-LeaderElection67] INFO  server.RaftServerConfigKeys (ConfUtils.java:logGet(43)) - raft.server.rpc.request.timeout = 3000ms (default)
2019-09-30 21:21:11,237 [d7862da6-7204-4dfe-bc24-740f0a8ff707@group-0E8F1F723127-LeaderElection67] INFO  server.RaftServerConfigKeys (ConfUtils.java:logGet(43)) - raft.server.log.appender.install.snapshot.enabled = false (custom)
2019-09-30 21:21:11,237 [d7862da6-7204-4dfe-bc24-740f0a8ff707@group-0E8F1F723127-LeaderElection67] INFO  impl.RoleInfo (RoleInfo.java:updateAndGet(143)) - d7862da6-7204-4dfe-bc24-740f0a8ff707: start LeaderState
2019-09-30 21:21:11,237 [d7862da6-7204-4dfe-bc24-740f0a8ff707@group-0E8F1F723127-LeaderElection67] INFO  segmented.SegmentedRaftLogWorker (SegmentedRaftLogWorker.java:startLogSegment(385)) - d7862da6-7204-4dfe-bc24-740f0a8ff707@group-0E8F1F723127-SegmentedRaftLogWorker: Starting segment from index:0
2019-09-30 21:21:11,238 [d7862da6-7204-4dfe-bc24-740f0a8ff707@group-0E8F1F723127-LeaderElection67] INFO  impl.RaftServerImpl (ServerState.java:setRaftConf(356)) - d7862da6-7204-4dfe-bc24-740f0a8ff707@group-0E8F1F723127: set configuration 0: [dea903ad-4025-4d6e-95dd-c3cf7ae18738:192.168.30.59:36109, 99573aa8-d5bb-48c2-a623-6999335be6bf:192.168.30.59:39103, d7862da6-7204-4dfe-bc24-740f0a8ff707:192.168.30.59:45638], old=null at 0
2019-09-30 21:21:11,273 [grpc-default-executor-1] INFO  impl.RaftServerImpl (ServerState.java:setLeader(255)) - 99573aa8-d5bb-48c2-a623-6999335be6bf@group-0E8F1F723127: change Leader from null to d7862da6-7204-4dfe-bc24-740f0a8ff707 at term 1 for appendEntries, leader elected after 5224ms
2019-09-30 21:21:11,273 [grpc-default-executor-2] INFO  impl.RaftServerImpl (ServerState.java:setLeader(255)) - dea903ad-4025-4d6e-95dd-c3cf7ae18738@group-0E8F1F723127: change Leader from null to d7862da6-7204-4dfe-bc24-740f0a8ff707 at term 1 for appendEntries, leader elected after 5225ms
2019-09-30 21:21:11,275 [0d0604b5-9b92-4ef8-b63f-d1bccc1a77bd@group-5309F5DA16D4-LeaderElection68] INFO  impl.LeaderElection (LeaderElection.java:logAndReturn(56)) - 0d0604b5-9b92-4ef8-b63f-d1bccc1a77bd@group-5309F5DA16D4-LeaderElection68: Election PASSED; received 1 response(s) [0d0604b5-9b92-4ef8-b63f-d1bccc1a77bd<-87c7a9b1-d7b6-4309-99d8-23a8eec06c53#0:OK-t1] and 0 exception(s); 0d0604b5-9b92-4ef8-b63f-d1bccc1a77bd@group-5309F5DA16D4:t1, leader=null, voted=0d0604b5-9b92-4ef8-b63f-d1bccc1a77bd, raftlog=0d0604b5-9b92-4ef8-b63f-d1bccc1a77bd@group-5309F5DA16D4-SegmentedRaftLog:OPENED:c-1,f-1,i0, conf=-1: [f5e62a19-0973-437d-99a7-8f75ed3d6170:192.168.30.59:39954, 87c7a9b1-d7b6-4309-99d8-23a8eec06c53:192.168.30.59:32942, 0d0604b5-9b92-4ef8-b63f-d1bccc1a77bd:192.168.30.59:35878], old=null
2019-09-30 21:21:11,275 [0d0604b5-9b92-4ef8-b63f-d1bccc1a77bd@group-5309F5DA16D4-LeaderElection68] INFO  impl.RoleInfo (RoleInfo.java:shutdownLeaderElection(134)) - 0d0604b5-9b92-4ef8-b63f-d1bccc1a77bd: shutdown LeaderElection
2019-09-30 21:21:11,275 [0d0604b5-9b92-4ef8-b63f-d1bccc1a77bd@group-5309F5DA16D4-LeaderElection68] INFO  impl.RaftServerImpl (RaftServerImpl.java:setRole(170)) - 0d0604b5-9b92-4ef8-b63f-d1bccc1a77bd@group-5309F5DA16D4: changes role from CANDIDATE to LEADER at term 1 for changeToLeader
2019-09-30 21:21:11,275 [0d0604b5-9b92-4ef8-b63f-d1bccc1a77bd@group-5309F5DA16D4-LeaderElection68] INFO  impl.RaftServerImpl (ServerState.java:setLeader(255)) - 0d0604b5-9b92-4ef8-b63f-d1bccc1a77bd@group-5309F5DA16D4: change Leader from null to 0d0604b5-9b92-4ef8-b63f-d1bccc1a77bd at term 1 for becomeLeader, leader elected after 5142ms
2019-09-30 21:21:11,275 [0d0604b5-9b92-4ef8-b63f-d1bccc1a77bd@group-5309F5DA16D4-LeaderElection68] INFO  server.RaftServerConfigKeys (ConfUtils.java:logGet(43)) - raft.server.staging.catchup.gap = 1000 (default)
2019-09-30 21:21:11,276 [0d0604b5-9b92-4ef8-b63f-d1bccc1a77bd@group-5309F5DA16D4-LeaderElection68] INFO  server.RaftServerConfigKeys (ConfUtils.java:logGet(43)) - raft.server.rpc.sleep.time = 25ms (default)
2019-09-30 21:21:11,276 [0d0604b5-9b92-4ef8-b63f-d1bccc1a77bd@group-5309F5DA16D4-LeaderElection68] INFO  server.RaftServerConfigKeys (ConfUtils.java:logGet(43)) - raft.server.write.element-limit = 4096 (default)
2019-09-30 21:21:11,276 [0d0604b5-9b92-4ef8-b63f-d1bccc1a77bd@group-5309F5DA16D4-LeaderElection68] INFO  server.RaftServerConfigKeys (ConfUtils.java:logGet(43)) - raft.server.watch.timeout = 10s (default)
2019-09-30 21:21:11,276 [0d0604b5-9b92-4ef8-b63f-d1bccc1a77bd@group-5309F5DA16D4-LeaderElection68] INFO  server.RaftServerConfigKeys (ConfUtils.java:logGet(43)) - raft.server.watch.timeout.denomination = 1s (default)
2019-09-30 21:21:11,276 [0d0604b5-9b92-4ef8-b63f-d1bccc1a77bd@group-5309F5DA16D4-LeaderElection68] INFO  server.RaftServerConfigKeys (ConfUtils.java:logGet(43)) - raft.server.watch.element-limit = 65536 (default)
2019-09-30 21:21:11,276 [grpc-default-executor-2] INFO  impl.RaftServerImpl (ServerState.java:setRaftConf(356)) - 99573aa8-d5bb-48c2-a623-6999335be6bf@group-0E8F1F723127: set configuration 0: [dea903ad-4025-4d6e-95dd-c3cf7ae18738:192.168.30.59:36109, 99573aa8-d5bb-48c2-a623-6999335be6bf:192.168.30.59:39103, d7862da6-7204-4dfe-bc24-740f0a8ff707:192.168.30.59:45638], old=null at 0
2019-09-30 21:21:11,276 [grpc-default-executor-1] INFO  impl.RaftServerImpl (ServerState.java:setRaftConf(356)) - dea903ad-4025-4d6e-95dd-c3cf7ae18738@group-0E8F1F723127: set configuration 0: [dea903ad-4025-4d6e-95dd-c3cf7ae18738:192.168.30.59:36109, 99573aa8-d5bb-48c2-a623-6999335be6bf:192.168.30.59:39103, d7862da6-7204-4dfe-bc24-740f0a8ff707:192.168.30.59:45638], old=null at 0
2019-09-30 21:21:11,277 [grpc-default-executor-2] INFO  segmented.SegmentedRaftLogWorker (SegmentedRaftLogWorker.java:startLogSegment(385)) - 99573aa8-d5bb-48c2-a623-6999335be6bf@group-0E8F1F723127-SegmentedRaftLogWorker: Starting segment from index:0
2019-09-30 21:21:11,277 [grpc-default-executor-1] INFO  segmented.SegmentedRaftLogWorker (SegmentedRaftLogWorker.java:startLogSegment(385)) - dea903ad-4025-4d6e-95dd-c3cf7ae18738@group-0E8F1F723127-SegmentedRaftLogWorker: Starting segment from index:0
2019-09-30 21:21:11,278 [0d0604b5-9b92-4ef8-b63f-d1bccc1a77bd@group-5309F5DA16D4-LeaderElection68] INFO  server.RaftServerConfigKeys (ConfUtils.java:logGet(43)) - raft.server.log.appender.snapshot.chunk.size.max = 16MB (=16777216) (default)
2019-09-30 21:21:11,278 [0d0604b5-9b92-4ef8-b63f-d1bccc1a77bd@group-5309F5DA16D4-LeaderElection68] INFO  server.RaftServerConfigKeys (ConfUtils.java:logGet(43)) - raft.server.log.appender.buffer.byte-limit = 33554432 (custom)
2019-09-30 21:21:11,278 [0d0604b5-9b92-4ef8-b63f-d1bccc1a77bd@group-5309F5DA16D4-LeaderElection68] INFO  server.RaftServerConfigKeys (ConfUtils.java:logGet(43)) - raft.server.log.appender.buffer.element-limit = 1 (custom)
2019-09-30 21:21:11,278 [0d0604b5-9b92-4ef8-b63f-d1bccc1a77bd@group-5309F5DA16D4-LeaderElection68] INFO  grpc.GrpcConfigKeys$Server (ConfUtils.java:logGet(43)) - raft.grpc.server.leader.outstanding.appends.max = 128 (default)
2019-09-30 21:21:11,278 [0d0604b5-9b92-4ef8-b63f-d1bccc1a77bd@group-5309F5DA16D4-LeaderElection68] INFO  server.RaftServerConfigKeys (ConfUtils.java:logGet(43)) - raft.server.rpc.request.timeout = 3000ms (default)
2019-09-30 21:21:11,279 [0d0604b5-9b92-4ef8-b63f-d1bccc1a77bd@group-5309F5DA16D4-LeaderElection68] INFO  server.RaftServerConfigKeys (ConfUtils.java:logGet(43)) - raft.server.log.appender.install.snapshot.enabled = false (custom)
2019-09-30 21:21:11,279 [0d0604b5-9b92-4ef8-b63f-d1bccc1a77bd@group-5309F5DA16D4-LeaderElection68] INFO  server.RaftServerConfigKeys (ConfUtils.java:logGet(43)) - raft.server.log.appender.snapshot.chunk.size.max = 16MB (=16777216) (default)
2019-09-30 21:21:11,279 [0d0604b5-9b92-4ef8-b63f-d1bccc1a77bd@group-5309F5DA16D4-LeaderElection68] INFO  server.RaftServerConfigKeys (ConfUtils.java:logGet(43)) - raft.server.log.appender.buffer.byte-limit = 33554432 (custom)
2019-09-30 21:21:11,279 [0d0604b5-9b92-4ef8-b63f-d1bccc1a77bd@group-5309F5DA16D4-LeaderElection68] INFO  server.RaftServerConfigKeys (ConfUtils.java:logGet(43)) - raft.server.log.appender.buffer.element-limit = 1 (custom)
2019-09-30 21:21:11,279 [0d0604b5-9b92-4ef8-b63f-d1bccc1a77bd@group-5309F5DA16D4-LeaderElection68] INFO  grpc.GrpcConfigKeys$Server (ConfUtils.java:logGet(43)) - raft.grpc.server.leader.outstanding.appends.max = 128 (default)
2019-09-30 21:21:11,279 [0d0604b5-9b92-4ef8-b63f-d1bccc1a77bd@group-5309F5DA16D4-LeaderElection68] INFO  server.RaftServerConfigKeys (ConfUtils.java:logGet(43)) - raft.server.rpc.request.timeout = 3000ms (default)
2019-09-30 21:21:11,279 [0d0604b5-9b92-4ef8-b63f-d1bccc1a77bd@group-5309F5DA16D4-LeaderElection68] INFO  server.RaftServerConfigKeys (ConfUtils.java:logGet(43)) - raft.server.log.appender.install.snapshot.enabled = false (custom)
2019-09-30 21:21:11,280 [0d0604b5-9b92-4ef8-b63f-d1bccc1a77bd@group-5309F5DA16D4-LeaderElection68] INFO  impl.RoleInfo (RoleInfo.java:updateAndGet(143)) - 0d0604b5-9b92-4ef8-b63f-d1bccc1a77bd: start LeaderState
2019-09-30 21:21:11,280 [0d0604b5-9b92-4ef8-b63f-d1bccc1a77bd@group-5309F5DA16D4-LeaderElection68] INFO  segmented.SegmentedRaftLogWorker (SegmentedRaftLogWorker.java:startLogSegment(385)) - 0d0604b5-9b92-4ef8-b63f-d1bccc1a77bd@group-5309F5DA16D4-SegmentedRaftLogWorker: Starting segment from index:0
2019-09-30 21:21:11,281 [0d0604b5-9b92-4ef8-b63f-d1bccc1a77bd@group-5309F5DA16D4-LeaderElection68] INFO  impl.RaftServerImpl (ServerState.java:setRaftConf(356)) - 0d0604b5-9b92-4ef8-b63f-d1bccc1a77bd@group-5309F5DA16D4: set configuration 0: [f5e62a19-0973-437d-99a7-8f75ed3d6170:192.168.30.59:39954, 87c7a9b1-d7b6-4309-99d8-23a8eec06c53:192.168.30.59:32942, 0d0604b5-9b92-4ef8-b63f-d1bccc1a77bd:192.168.30.59:35878], old=null at 0
2019-09-30 21:21:11,317 [grpc-default-executor-2] INFO  impl.RaftServerImpl (ServerState.java:setLeader(255)) - 87c7a9b1-d7b6-4309-99d8-23a8eec06c53@group-5309F5DA16D4: change Leader from null to 0d0604b5-9b92-4ef8-b63f-d1bccc1a77bd at term 1 for appendEntries, leader elected after 5183ms
2019-09-30 21:21:11,317 [d7862da6-7204-4dfe-bc24-740f0a8ff707@group-0E8F1F723127-SegmentedRaftLogWorker] INFO  segmented.SegmentedRaftLogWorker (SegmentedRaftLogWorker.java:execute(574)) - d7862da6-7204-4dfe-bc24-740f0a8ff707@group-0E8F1F723127-SegmentedRaftLogWorker: created new log segment /workdir/hadoop-ozone/integration-test/target/test-dir/MiniOzoneClusterImpl-38345a03-7505-46b8-890f-c5e34e746fd9/datanode-4/data/ratis/86f3355a-b77b-435f-b307-0e8f1f723127/current/log_inprogress_0
2019-09-30 21:21:11,320 [grpc-default-executor-2] INFO  impl.RaftServerImpl (ServerState.java:setLeader(255)) - f5e62a19-0973-437d-99a7-8f75ed3d6170@group-5309F5DA16D4: change Leader from null to 0d0604b5-9b92-4ef8-b63f-d1bccc1a77bd at term 1 for appendEntries, leader elected after 5187ms
2019-09-30 21:21:11,322 [grpc-default-executor-2] INFO  impl.RaftServerImpl (ServerState.java:setRaftConf(356)) - 87c7a9b1-d7b6-4309-99d8-23a8eec06c53@group-5309F5DA16D4: set configuration 0: [f5e62a19-0973-437d-99a7-8f75ed3d6170:192.168.30.59:39954, 87c7a9b1-d7b6-4309-99d8-23a8eec06c53:192.168.30.59:32942, 0d0604b5-9b92-4ef8-b63f-d1bccc1a77bd:192.168.30.59:35878], old=null at 0
2019-09-30 21:21:11,322 [grpc-default-executor-1] INFO  impl.RaftServerImpl (ServerState.java:setRaftConf(356)) - f5e62a19-0973-437d-99a7-8f75ed3d6170@group-5309F5DA16D4: set configuration 0: [f5e62a19-0973-437d-99a7-8f75ed3d6170:192.168.30.59:39954, 87c7a9b1-d7b6-4309-99d8-23a8eec06c53:192.168.30.59:32942, 0d0604b5-9b92-4ef8-b63f-d1bccc1a77bd:192.168.30.59:35878], old=null at 0
2019-09-30 21:21:11,322 [grpc-default-executor-2] INFO  segmented.SegmentedRaftLogWorker (SegmentedRaftLogWorker.java:startLogSegment(385)) - 87c7a9b1-d7b6-4309-99d8-23a8eec06c53@group-5309F5DA16D4-SegmentedRaftLogWorker: Starting segment from index:0
2019-09-30 21:21:11,323 [grpc-default-executor-1] INFO  segmented.SegmentedRaftLogWorker (SegmentedRaftLogWorker.java:startLogSegment(385)) - f5e62a19-0973-437d-99a7-8f75ed3d6170@group-5309F5DA16D4-SegmentedRaftLogWorker: Starting segment from index:0
2019-09-30 21:21:11,338 [99573aa8-d5bb-48c2-a623-6999335be6bf@group-0E8F1F723127-SegmentedRaftLogWorker] INFO  segmented.SegmentedRaftLogWorker (SegmentedRaftLogWorker.java:execute(574)) - 99573aa8-d5bb-48c2-a623-6999335be6bf@group-0E8F1F723127-SegmentedRaftLogWorker: created new log segment /workdir/hadoop-ozone/integration-test/target/test-dir/MiniOzoneClusterImpl-38345a03-7505-46b8-890f-c5e34e746fd9/datanode-1/data/ratis/86f3355a-b77b-435f-b307-0e8f1f723127/current/log_inprogress_0
2019-09-30 21:21:11,338 [dea903ad-4025-4d6e-95dd-c3cf7ae18738@group-0E8F1F723127-SegmentedRaftLogWorker] INFO  segmented.SegmentedRaftLogWorker (SegmentedRaftLogWorker.java:execute(574)) - dea903ad-4025-4d6e-95dd-c3cf7ae18738@group-0E8F1F723127-SegmentedRaftLogWorker: created new log segment /workdir/hadoop-ozone/integration-test/target/test-dir/MiniOzoneClusterImpl-38345a03-7505-46b8-890f-c5e34e746fd9/datanode-3/data/ratis/86f3355a-b77b-435f-b307-0e8f1f723127/current/log_inprogress_0
2019-09-30 21:21:11,338 [0d0604b5-9b92-4ef8-b63f-d1bccc1a77bd@group-5309F5DA16D4-SegmentedRaftLogWorker] INFO  segmented.SegmentedRaftLogWorker (SegmentedRaftLogWorker.java:execute(574)) - 0d0604b5-9b92-4ef8-b63f-d1bccc1a77bd@group-5309F5DA16D4-SegmentedRaftLogWorker: created new log segment /workdir/hadoop-ozone/integration-test/target/test-dir/MiniOzoneClusterImpl-38345a03-7505-46b8-890f-c5e34e746fd9/datanode-6/data/ratis/31374d63-9cd0-415e-94e0-5309f5da16d4/current/log_inprogress_0
2019-09-30 21:21:11,372 [87c7a9b1-d7b6-4309-99d8-23a8eec06c53@group-5309F5DA16D4-SegmentedRaftLogWorker] INFO  segmented.SegmentedRaftLogWorker (SegmentedRaftLogWorker.java:execute(574)) - 87c7a9b1-d7b6-4309-99d8-23a8eec06c53@group-5309F5DA16D4-SegmentedRaftLogWorker: created new log segment /workdir/hadoop-ozone/integration-test/target/test-dir/MiniOzoneClusterImpl-38345a03-7505-46b8-890f-c5e34e746fd9/datanode-2/data/ratis/31374d63-9cd0-415e-94e0-5309f5da16d4/current/log_inprogress_0
2019-09-30 21:21:11,372 [f5e62a19-0973-437d-99a7-8f75ed3d6170@group-5309F5DA16D4-SegmentedRaftLogWorker] INFO  segmented.SegmentedRaftLogWorker (SegmentedRaftLogWorker.java:execute(574)) - f5e62a19-0973-437d-99a7-8f75ed3d6170@group-5309F5DA16D4-SegmentedRaftLogWorker: created new log segment /workdir/hadoop-ozone/integration-test/target/test-dir/MiniOzoneClusterImpl-38345a03-7505-46b8-890f-c5e34e746fd9/datanode-0/data/ratis/31374d63-9cd0-415e-94e0-5309f5da16d4/current/log_inprogress_0
2019-09-30 21:21:12,211 [Datanode State Machine Thread - 0] INFO  statemachine.DatanodeStateMachine (DatanodeStateMachine.java:lambda$startDaemon$0(350)) - Ozone container server started.
2019-09-30 21:21:17,173 [main] INFO  ozoneimpl.OzoneContainer (OzoneContainer.java:stop(231)) - Attempting to stop container services.
2019-09-30 21:21:17,178 [main] INFO  impl.RaftServerProxy (RaftServerProxy.java:lambda$close$4(314)) - dea903ad-4025-4d6e-95dd-c3cf7ae18738: close
2019-09-30 21:21:17,179 [main] INFO  impl.RaftServerImpl (RaftServerImpl.java:lambda$shutdown$3(247)) - dea903ad-4025-4d6e-95dd-c3cf7ae18738@group-0E8F1F723127: shutdown
2019-09-30 21:21:17,179 [ForkJoinPool.commonPool-worker-0] INFO  impl.RaftServerImpl (RaftServerImpl.java:lambda$shutdown$3(247)) - dea903ad-4025-4d6e-95dd-c3cf7ae18738@group-D720BC3FA03F: shutdown
2019-09-30 21:21:17,180 [main] INFO  util.JmxRegister (JmxRegister.java:unregister(73)) - Successfully un-registered JMX Bean with object name Ratis:service=RaftServer,group=group-0E8F1F723127,id=dea903ad-4025-4d6e-95dd-c3cf7ae18738
2019-09-30 21:21:17,180 [ForkJoinPool.commonPool-worker-0] INFO  util.JmxRegister (JmxRegister.java:unregister(73)) - Successfully un-registered JMX Bean with object name Ratis:service=RaftServer,group=group-D720BC3FA03F,id=dea903ad-4025-4d6e-95dd-c3cf7ae18738
2019-09-30 21:21:17,180 [main] INFO  impl.RoleInfo (RoleInfo.java:shutdownFollowerState(121)) - dea903ad-4025-4d6e-95dd-c3cf7ae18738: shutdown FollowerState
2019-09-30 21:21:17,181 [ForkJoinPool.commonPool-worker-0] INFO  impl.RoleInfo (RoleInfo.java:shutdownLeaderState(104)) - dea903ad-4025-4d6e-95dd-c3cf7ae18738: shutdown LeaderState
2019-09-30 21:21:17,181 [main] INFO  impl.StateMachineUpdater (StateMachineUpdater.java:stopAndJoin(136)) - dea903ad-4025-4d6e-95dd-c3cf7ae18738@group-0E8F1F723127-StateMachineUpdater: set stopIndex = 2
2019-09-30 21:21:17,181 [ForkJoinPool.commonPool-worker-0] INFO  impl.PendingRequests (PendingRequests.java:sendNotLeaderResponses(202)) - dea903ad-4025-4d6e-95dd-c3cf7ae18738@group-D720BC3FA03F-PendingRequests: sendNotLeaderResponses
2019-09-30 21:21:17,181 [dea903ad-4025-4d6e-95dd-c3cf7ae18738@group-0E8F1F723127-StateMachineUpdater] INFO  ratis.ContainerStateMachine (ContainerStateMachine.java:takeSnapshot(289)) - group-0E8F1F723127: Taking a snapshot at:(t:1, i:1) file /workdir/hadoop-ozone/integration-test/target/test-dir/MiniOzoneClusterImpl-38345a03-7505-46b8-890f-c5e34e746fd9/datanode-3/data/ratis/86f3355a-b77b-435f-b307-0e8f1f723127/sm/snapshot.1_1
2019-09-30 21:21:17,181 [Thread-1542] INFO  impl.FollowerState (FollowerState.java:run(117)) - dea903ad-4025-4d6e-95dd-c3cf7ae18738@group-0E8F1F723127-FollowerState was interrupted: java.lang.InterruptedException: sleep interrupted
2019-09-30 21:21:17,190 [ForkJoinPool.commonPool-worker-0] INFO  impl.StateMachineUpdater (StateMachineUpdater.java:stopAndJoin(136)) - dea903ad-4025-4d6e-95dd-c3cf7ae18738@group-D720BC3FA03F-StateMachineUpdater: set stopIndex = 0
2019-09-30 21:21:17,190 [ForkJoinPool.commonPool-worker-0] INFO  impl.RaftServerImpl (ServerState.java:close(387)) - dea903ad-4025-4d6e-95dd-c3cf7ae18738@group-D720BC3FA03F: closes. applyIndex: 0
2019-09-30 21:21:17,191 [dea903ad-4025-4d6e-95dd-c3cf7ae18738@group-D720BC3FA03F-SegmentedRaftLogWorker] INFO  segmented.SegmentedRaftLogWorker (SegmentedRaftLogWorker.java:run(316)) - dea903ad-4025-4d6e-95dd-c3cf7ae18738@group-D720BC3FA03F-SegmentedRaftLogWorker was interrupted, exiting. There are 0 tasks remaining in the queue.
2019-09-30 21:21:17,194 [ForkJoinPool.commonPool-worker-0] INFO  segmented.SegmentedRaftLogWorker (SegmentedRaftLogWorker.java:close(224)) - dea903ad-4025-4d6e-95dd-c3cf7ae18738@group-D720BC3FA03F-SegmentedRaftLogWorker close()
2019-09-30 21:21:17,213 [dea903ad-4025-4d6e-95dd-c3cf7ae18738@group-0E8F1F723127-StateMachineUpdater] INFO  ratis.ContainerStateMachine (ContainerStateMachine.java:takeSnapshot(300)) - group-0E8F1F723127: Finished taking a snapshot at:(t:1, i:1) file:/workdir/hadoop-ozone/integration-test/target/test-dir/MiniOzoneClusterImpl-38345a03-7505-46b8-890f-c5e34e746fd9/datanode-3/data/ratis/86f3355a-b77b-435f-b307-0e8f1f723127/sm/snapshot.1_1 time:32
2019-09-30 21:21:17,214 [dea903ad-4025-4d6e-95dd-c3cf7ae18738@group-0E8F1F723127-StateMachineUpdater] INFO  impl.StateMachineUpdater (StateMachineUpdater.java:takeSnapshot(269)) - dea903ad-4025-4d6e-95dd-c3cf7ae18738@group-0E8F1F723127-StateMachineUpdater: Took a snapshot at index 1
2019-09-30 21:21:17,214 [dea903ad-4025-4d6e-95dd-c3cf7ae18738@group-0E8F1F723127-StateMachineUpdater] INFO  impl.StateMachineUpdater (StateMachineUpdater.java:lambda$new$0(84)) - dea903ad-4025-4d6e-95dd-c3cf7ae18738@group-0E8F1F723127-StateMachineUpdater: snapshotIndex: updateIncreasingly -1 -> 1
2019-09-30 21:21:17,214 [dea903ad-4025-4d6e-95dd-c3cf7ae18738@group-0E8F1F723127-StateMachineUpdater] INFO  ratis.ContainerStateMachine (ContainerStateMachine.java:takeSnapshot(289)) - group-0E8F1F723127: Taking a snapshot at:(t:1, i:1) file /workdir/hadoop-ozone/integration-test/target/test-dir/MiniOzoneClusterImpl-38345a03-7505-46b8-890f-c5e34e746fd9/datanode-3/data/ratis/86f3355a-b77b-435f-b307-0e8f1f723127/sm/snapshot.1_1
2019-09-30 21:21:17,237 [dea903ad-4025-4d6e-95dd-c3cf7ae18738@group-0E8F1F723127-StateMachineUpdater] INFO  ratis.ContainerStateMachine (ContainerStateMachine.java:takeSnapshot(300)) - group-0E8F1F723127: Finished taking a snapshot at:(t:1, i:1) file:/workdir/hadoop-ozone/integration-test/target/test-dir/MiniOzoneClusterImpl-38345a03-7505-46b8-890f-c5e34e746fd9/datanode-3/data/ratis/86f3355a-b77b-435f-b307-0e8f1f723127/sm/snapshot.1_1 time:23
2019-09-30 21:21:17,237 [dea903ad-4025-4d6e-95dd-c3cf7ae18738@group-0E8F1F723127-StateMachineUpdater] INFO  impl.StateMachineUpdater (StateMachineUpdater.java:takeSnapshot(269)) - dea903ad-4025-4d6e-95dd-c3cf7ae18738@group-0E8F1F723127-StateMachineUpdater: Took a snapshot at index 1
2019-09-30 21:21:17,238 [dea903ad-4025-4d6e-95dd-c3cf7ae18738@group-0E8F1F723127-StateMachineUpdater] INFO  impl.StateMachineUpdater (StateMachineUpdater.java:lambda$new$0(84)) - dea903ad-4025-4d6e-95dd-c3cf7ae18738@group-0E8F1F723127-StateMachineUpdater: snapshotIndex: updateIncreasingly 1 -> 1
2019-09-30 21:21:17,238 [main] INFO  impl.RaftServerImpl (ServerState.java:close(387)) - dea903ad-4025-4d6e-95dd-c3cf7ae18738@group-0E8F1F723127: closes. applyIndex: 2
2019-09-30 21:21:17,238 [dea903ad-4025-4d6e-95dd-c3cf7ae18738@group-0E8F1F723127-SegmentedRaftLogWorker] INFO  segmented.SegmentedRaftLogWorker (SegmentedRaftLogWorker.java:run(316)) - dea903ad-4025-4d6e-95dd-c3cf7ae18738@group-0E8F1F723127-SegmentedRaftLogWorker was interrupted, exiting. There are 0 tasks remaining in the queue.
2019-09-30 21:21:17,241 [main] INFO  segmented.SegmentedRaftLogWorker (SegmentedRaftLogWorker.java:close(224)) - dea903ad-4025-4d6e-95dd-c3cf7ae18738@group-0E8F1F723127-SegmentedRaftLogWorker close()
2019-09-30 21:21:17,247 [main] INFO  server.GrpcService (GrpcService.java:closeImpl(164)) - dea903ad-4025-4d6e-95dd-c3cf7ae18738: shutdown server with port 36109 now
2019-09-30 21:21:17,249 [grpc-default-executor-1] WARN  server.GrpcServerProtocolService (LogUtils.java:warn(134)) - dea903ad-4025-4d6e-95dd-c3cf7ae18738: installSnapshot onError, lastRequest: d7862da6-7204-4dfe-bc24-740f0a8ff707->dea903ad-4025-4d6e-95dd-c3cf7ae18738#5-t1, previous=(t:1, i:2), leaderCommit=2, initializing? false, entries: <empty>: org.apache.ratis.thirdparty.io.grpc.StatusRuntimeException: CANCELLED: cancelled before receiving half close
2019-09-30 21:21:17,249 [main] INFO  server.GrpcService (GrpcService.java:closeImpl(172)) - dea903ad-4025-4d6e-95dd-c3cf7ae18738: shutdown server with port 36109 successfully
2019-09-30 21:21:17,249 [grpc-default-executor-3] WARN  server.GrpcLogAppender (LogUtils.java:warn(134)) - d7862da6-7204-4dfe-bc24-740f0a8ff707@group-0E8F1F723127->dea903ad-4025-4d6e-95dd-c3cf7ae18738-AppendLogResponseHandler: Failed appendEntries: org.apache.ratis.thirdparty.io.grpc.StatusRuntimeException: CANCELLED: HTTP/2 error code: CANCEL
Received Rst Stream
2019-09-30 21:21:17,250 [grpc-default-executor-3] INFO  impl.FollowerInfo (FollowerInfo.java:lambda$new$0(51)) - d7862da6-7204-4dfe-bc24-740f0a8ff707@group-0E8F1F723127->dea903ad-4025-4d6e-95dd-c3cf7ae18738: nextIndex: updateUnconditionally 3 -> 2
2019-09-30 21:21:17,252 [refreshUsed-/workdir/hadoop-ozone/integration-test/target/test-dir/MiniOzoneClusterImpl-38345a03-7505-46b8-890f-c5e34e746fd9/datanode-3/data/containers] WARN  fs.CachingGetSpaceUsed (CachingGetSpaceUsed.java:run(183)) - Thread Interrupted waiting to refresh disk information: sleep interrupted
2019-09-30 21:21:17,268 [main] INFO  utils.BackgroundService (BackgroundService.java:shutdown(148)) - Shutting down service BlockDeletingService
2019-09-30 21:21:17,275 [main] INFO  statemachine.DatanodeStateMachine (DatanodeStateMachine.java:stopDaemon(395)) - Ozone container server stopped.
2019-09-30 21:21:17,277 [main] INFO  handler.ContextHandler (ContextHandler.java:doStop(910)) - Stopped o.e.j.w.WebAppContext@47829d6d{/,null,UNAVAILABLE}{/hddsDatanode}
2019-09-30 21:21:17,278 [main] INFO  server.AbstractConnector (AbstractConnector.java:doStop(318)) - Stopped ServerConnector@2f677247{HTTP/1.1,[http/1.1]}{0.0.0.0:0}
2019-09-30 21:21:17,279 [main] INFO  handler.ContextHandler (ContextHandler.java:doStop(910)) - Stopped o.e.j.s.ServletContextHandler@64b70f41{/static,jar:file:/home/user/.m2/repository/org/apache/hadoop/hadoop-hdds-container-service/0.5.0-SNAPSHOT/hadoop-hdds-container-service-0.5.0-SNAPSHOT.jar!/webapps/static,UNAVAILABLE}
2019-09-30 21:21:17,279 [main] INFO  handler.ContextHandler (ContextHandler.java:doStop(910)) - Stopped o.e.j.s.ServletContextHandler@ee8e7ff{/logs,file:///workdir/hadoop-ozone/integration-test/target/log,UNAVAILABLE}
2019-09-30 21:21:18,218 [Datanode State Machine Thread - 0] INFO  statemachine.DatanodeStateMachine (DatanodeStateMachine.java:lambda$startDaemon$0(350)) - Ozone container server started.
2019-09-30 21:21:19,552 [grpc-default-executor-2] WARN  server.GrpcLogAppender (LogUtils.java:warn(134)) - d7862da6-7204-4dfe-bc24-740f0a8ff707@group-0E8F1F723127->dea903ad-4025-4d6e-95dd-c3cf7ae18738-AppendLogResponseHandler: Failed appendEntries: org.apache.ratis.thirdparty.io.grpc.StatusRuntimeException: UNAVAILABLE: io exception
2019-09-30 21:21:19,552 [grpc-default-executor-2] INFO  impl.FollowerInfo (FollowerInfo.java:lambda$new$0(51)) - d7862da6-7204-4dfe-bc24-740f0a8ff707@group-0E8F1F723127->dea903ad-4025-4d6e-95dd-c3cf7ae18738: nextIndex: updateUnconditionally 2 -> 1
2019-09-30 21:21:22,057 [grpc-default-executor-3] WARN  server.GrpcLogAppender (LogUtils.java:warn(134)) - d7862da6-7204-4dfe-bc24-740f0a8ff707@group-0E8F1F723127->dea903ad-4025-4d6e-95dd-c3cf7ae18738-AppendLogResponseHandler: Failed appendEntries: org.apache.ratis.thirdparty.io.grpc.StatusRuntimeException: UNAVAILABLE: io exception
2019-09-30 21:21:22,058 [grpc-default-executor-3] INFO  impl.FollowerInfo (FollowerInfo.java:lambda$new$0(51)) - d7862da6-7204-4dfe-bc24-740f0a8ff707@group-0E8F1F723127->dea903ad-4025-4d6e-95dd-c3cf7ae18738: nextIndex: updateUnconditionally 1 -> 0
2019-09-30 21:21:22,283 [main] INFO  ozoneimpl.OzoneContainer (OzoneContainer.java:stop(231)) - Attempting to stop container services.
2019-09-30 21:21:22,284 [main] INFO  impl.RaftServerProxy (RaftServerProxy.java:lambda$close$4(314)) - 99573aa8-d5bb-48c2-a623-6999335be6bf: close
2019-09-30 21:21:22,286 [main] INFO  impl.RaftServerImpl (RaftServerImpl.java:lambda$shutdown$3(247)) - 99573aa8-d5bb-48c2-a623-6999335be6bf@group-0E8F1F723127: shutdown
2019-09-30 21:21:22,287 [main] INFO  util.JmxRegister (JmxRegister.java:unregister(73)) - Successfully un-registered JMX Bean with object name Ratis:service=RaftServer,group=group-0E8F1F723127,id=99573aa8-d5bb-48c2-a623-6999335be6bf
2019-09-30 21:21:22,287 [main] INFO  impl.RoleInfo (RoleInfo.java:shutdownFollowerState(121)) - 99573aa8-d5bb-48c2-a623-6999335be6bf: shutdown FollowerState
2019-09-30 21:21:22,288 [main] INFO  impl.StateMachineUpdater (StateMachineUpdater.java:stopAndJoin(136)) - 99573aa8-d5bb-48c2-a623-6999335be6bf@group-0E8F1F723127-StateMachineUpdater: set stopIndex = 2
2019-09-30 21:21:22,288 [99573aa8-d5bb-48c2-a623-6999335be6bf@group-0E8F1F723127-StateMachineUpdater] INFO  ratis.ContainerStateMachine (ContainerStateMachine.java:takeSnapshot(289)) - group-0E8F1F723127: Taking a snapshot at:(t:1, i:1) file /workdir/hadoop-ozone/integration-test/target/test-dir/MiniOzoneClusterImpl-38345a03-7505-46b8-890f-c5e34e746fd9/datanode-1/data/ratis/86f3355a-b77b-435f-b307-0e8f1f723127/sm/snapshot.1_1
2019-09-30 21:21:22,288 [Thread-1541] INFO  impl.FollowerState (FollowerState.java:run(117)) - 99573aa8-d5bb-48c2-a623-6999335be6bf@group-0E8F1F723127-FollowerState was interrupted: java.lang.InterruptedException: sleep interrupted
2019-09-30 21:21:22,312 [99573aa8-d5bb-48c2-a623-6999335be6bf@group-0E8F1F723127-StateMachineUpdater] INFO  ratis.ContainerStateMachine (ContainerStateMachine.java:takeSnapshot(300)) - group-0E8F1F723127: Finished taking a snapshot at:(t:1, i:1) file:/workdir/hadoop-ozone/integration-test/target/test-dir/MiniOzoneClusterImpl-38345a03-7505-46b8-890f-c5e34e746fd9/datanode-1/data/ratis/86f3355a-b77b-435f-b307-0e8f1f723127/sm/snapshot.1_1 time:24
2019-09-30 21:21:22,313 [99573aa8-d5bb-48c2-a623-6999335be6bf@group-0E8F1F723127-StateMachineUpdater] INFO  impl.StateMachineUpdater (StateMachineUpdater.java:takeSnapshot(269)) - 99573aa8-d5bb-48c2-a623-6999335be6bf@group-0E8F1F723127-StateMachineUpdater: Took a snapshot at index 1
2019-09-30 21:21:22,313 [99573aa8-d5bb-48c2-a623-6999335be6bf@group-0E8F1F723127-StateMachineUpdater] INFO  impl.StateMachineUpdater (StateMachineUpdater.java:lambda$new$0(84)) - 99573aa8-d5bb-48c2-a623-6999335be6bf@group-0E8F1F723127-StateMachineUpdater: snapshotIndex: updateIncreasingly -1 -> 1
2019-09-30 21:21:22,314 [99573aa8-d5bb-48c2-a623-6999335be6bf@group-0E8F1F723127-StateMachineUpdater] INFO  ratis.ContainerStateMachine (ContainerStateMachine.java:takeSnapshot(289)) - group-0E8F1F723127: Taking a snapshot at:(t:1, i:1) file /workdir/hadoop-ozone/integration-test/target/test-dir/MiniOzoneClusterImpl-38345a03-7505-46b8-890f-c5e34e746fd9/datanode-1/data/ratis/86f3355a-b77b-435f-b307-0e8f1f723127/sm/snapshot.1_1
2019-09-30 21:21:22,327 [99573aa8-d5bb-48c2-a623-6999335be6bf@group-0E8F1F723127-StateMachineUpdater] INFO  ratis.ContainerStateMachine (ContainerStateMachine.java:takeSnapshot(300)) - group-0E8F1F723127: Finished taking a snapshot at:(t:1, i:1) file:/workdir/hadoop-ozone/integration-test/target/test-dir/MiniOzoneClusterImpl-38345a03-7505-46b8-890f-c5e34e746fd9/datanode-1/data/ratis/86f3355a-b77b-435f-b307-0e8f1f723127/sm/snapshot.1_1 time:13
2019-09-30 21:21:22,328 [99573aa8-d5bb-48c2-a623-6999335be6bf@group-0E8F1F723127-StateMachineUpdater] INFO  impl.StateMachineUpdater (StateMachineUpdater.java:takeSnapshot(269)) - 99573aa8-d5bb-48c2-a623-6999335be6bf@group-0E8F1F723127-StateMachineUpdater: Took a snapshot at index 1
2019-09-30 21:21:22,328 [99573aa8-d5bb-48c2-a623-6999335be6bf@group-0E8F1F723127-StateMachineUpdater] INFO  impl.StateMachineUpdater (StateMachineUpdater.java:lambda$new$0(84)) - 99573aa8-d5bb-48c2-a623-6999335be6bf@group-0E8F1F723127-StateMachineUpdater: snapshotIndex: updateIncreasingly 1 -> 1
2019-09-30 21:21:22,328 [main] INFO  impl.RaftServerImpl (ServerState.java:close(387)) - 99573aa8-d5bb-48c2-a623-6999335be6bf@group-0E8F1F723127: closes. applyIndex: 2
2019-09-30 21:21:22,329 [99573aa8-d5bb-48c2-a623-6999335be6bf@group-0E8F1F723127-SegmentedRaftLogWorker] INFO  segmented.SegmentedRaftLogWorker (SegmentedRaftLogWorker.java:run(316)) - 99573aa8-d5bb-48c2-a623-6999335be6bf@group-0E8F1F723127-SegmentedRaftLogWorker was interrupted, exiting. There are 0 tasks remaining in the queue.
2019-09-30 21:21:22,334 [main] INFO  segmented.SegmentedRaftLogWorker (SegmentedRaftLogWorker.java:close(224)) - 99573aa8-d5bb-48c2-a623-6999335be6bf@group-0E8F1F723127-SegmentedRaftLogWorker close()
2019-09-30 21:21:22,339 [main] INFO  impl.RaftServerImpl (RaftServerImpl.java:lambda$shutdown$3(247)) - 99573aa8-d5bb-48c2-a623-6999335be6bf@group-05D0AE12432D: shutdown
2019-09-30 21:21:22,339 [main] INFO  util.JmxRegister (JmxRegister.java:unregister(73)) - Successfully un-registered JMX Bean with object name Ratis:service=RaftServer,group=group-05D0AE12432D,id=99573aa8-d5bb-48c2-a623-6999335be6bf
2019-09-30 21:21:22,339 [main] INFO  impl.RoleInfo (RoleInfo.java:shutdownLeaderState(104)) - 99573aa8-d5bb-48c2-a623-6999335be6bf: shutdown LeaderState
2019-09-30 21:21:22,340 [main] INFO  impl.PendingRequests (PendingRequests.java:sendNotLeaderResponses(202)) - 99573aa8-d5bb-48c2-a623-6999335be6bf@group-05D0AE12432D-PendingRequests: sendNotLeaderResponses
2019-09-30 21:21:22,340 [main] INFO  impl.StateMachineUpdater (StateMachineUpdater.java:stopAndJoin(136)) - 99573aa8-d5bb-48c2-a623-6999335be6bf@group-05D0AE12432D-StateMachineUpdater: set stopIndex = 0
2019-09-30 21:21:22,341 [main] INFO  impl.RaftServerImpl (ServerState.java:close(387)) - 99573aa8-d5bb-48c2-a623-6999335be6bf@group-05D0AE12432D: closes. applyIndex: 0
2019-09-30 21:21:22,341 [99573aa8-d5bb-48c2-a623-6999335be6bf@group-05D0AE12432D-SegmentedRaftLogWorker] INFO  segmented.SegmentedRaftLogWorker (SegmentedRaftLogWorker.java:run(316)) - 99573aa8-d5bb-48c2-a623-6999335be6bf@group-05D0AE12432D-SegmentedRaftLogWorker was interrupted, exiting. There are 0 tasks remaining in the queue.
2019-09-30 21:21:22,344 [main] INFO  segmented.SegmentedRaftLogWorker (SegmentedRaftLogWorker.java:close(224)) - 99573aa8-d5bb-48c2-a623-6999335be6bf@group-05D0AE12432D-SegmentedRaftLogWorker close()
2019-09-30 21:21:22,348 [main] INFO  server.GrpcService (GrpcService.java:closeImpl(164)) - 99573aa8-d5bb-48c2-a623-6999335be6bf: shutdown server with port 39103 now
2019-09-30 21:21:22,350 [grpc-default-executor-1] WARN  server.GrpcServerProtocolService (LogUtils.java:warn(134)) - 99573aa8-d5bb-48c2-a623-6999335be6bf: installSnapshot onError, lastRequest: d7862da6-7204-4dfe-bc24-740f0a8ff707->99573aa8-d5bb-48c2-a623-6999335be6bf#7-t1, previous=(t:1, i:2), leaderCommit=2, initializing? false, entries: <empty>: org.apache.ratis.thirdparty.io.grpc.StatusRuntimeException: CANCELLED: cancelled before receiving half close
2019-09-30 21:21:22,350 [main] INFO  server.GrpcService (GrpcService.java:closeImpl(172)) - 99573aa8-d5bb-48c2-a623-6999335be6bf: shutdown server with port 39103 successfully
2019-09-30 21:21:22,351 [grpc-default-executor-2] WARN  server.GrpcLogAppender (LogUtils.java:warn(134)) - d7862da6-7204-4dfe-bc24-740f0a8ff707@group-0E8F1F723127->99573aa8-d5bb-48c2-a623-6999335be6bf-AppendLogResponseHandler: Failed appendEntries: org.apache.ratis.thirdparty.io.grpc.StatusRuntimeException: CANCELLED: HTTP/2 error code: CANCEL
Received Rst Stream
2019-09-30 21:21:22,351 [grpc-default-executor-2] INFO  impl.FollowerInfo (FollowerInfo.java:lambda$new$0(51)) - d7862da6-7204-4dfe-bc24-740f0a8ff707@group-0E8F1F723127->99573aa8-d5bb-48c2-a623-6999335be6bf: nextIndex: updateUnconditionally 3 -> 2
2019-09-30 21:21:22,353 [refreshUsed-/workdir/hadoop-ozone/integration-test/target/test-dir/MiniOzoneClusterImpl-38345a03-7505-46b8-890f-c5e34e746fd9/datanode-1/data/containers] WARN  fs.CachingGetSpaceUsed (CachingGetSpaceUsed.java:run(183)) - Thread Interrupted waiting to refresh disk information: sleep interrupted
2019-09-30 21:21:22,375 [main] INFO  utils.BackgroundService (BackgroundService.java:shutdown(148)) - Shutting down service BlockDeletingService
2019-09-30 21:21:22,381 [main] INFO  statemachine.DatanodeStateMachine (DatanodeStateMachine.java:stopDaemon(395)) - Ozone container server stopped.
2019-09-30 21:21:22,384 [main] INFO  handler.ContextHandler (ContextHandler.java:doStop(910)) - Stopped o.e.j.w.WebAppContext@3cdc7b09{/,null,UNAVAILABLE}{/hddsDatanode}
2019-09-30 21:21:22,385 [main] INFO  server.AbstractConnector (AbstractConnector.java:doStop(318)) - Stopped ServerConnector@7364eed1{HTTP/1.1,[http/1.1]}{0.0.0.0:0}
2019-09-30 21:21:22,386 [main] INFO  handler.ContextHandler (ContextHandler.java:doStop(910)) - Stopped o.e.j.s.ServletContextHandler@6b649efa{/static,jar:file:/home/user/.m2/repository/org/apache/hadoop/hadoop-hdds-container-service/0.5.0-SNAPSHOT/hadoop-hdds-container-service-0.5.0-SNAPSHOT.jar!/webapps/static,UNAVAILABLE}
2019-09-30 21:21:22,386 [main] INFO  handler.ContextHandler (ContextHandler.java:doStop(910)) - Stopped o.e.j.s.ServletContextHandler@6436e181{/logs,file:///workdir/hadoop-ozone/integration-test/target/log,UNAVAILABLE}
2019-09-30 21:21:24,557 [grpc-default-executor-1] WARN  server.GrpcLogAppender (LogUtils.java:warn(134)) - d7862da6-7204-4dfe-bc24-740f0a8ff707@group-0E8F1F723127->dea903ad-4025-4d6e-95dd-c3cf7ae18738-AppendLogResponseHandler: Failed appendEntries: org.apache.ratis.thirdparty.io.grpc.StatusRuntimeException: UNAVAILABLE: io exception
2019-09-30 21:21:24,557 [grpc-default-executor-1] INFO  impl.FollowerInfo (FollowerInfo.java:lambda$new$0(51)) - d7862da6-7204-4dfe-bc24-740f0a8ff707@group-0E8F1F723127->dea903ad-4025-4d6e-95dd-c3cf7ae18738: nextIndex: updateUnconditionally 0 -> 0
2019-09-30 21:21:24,558 [grpc-default-executor-3] WARN  server.GrpcLogAppender (LogUtils.java:warn(134)) - d7862da6-7204-4dfe-bc24-740f0a8ff707@group-0E8F1F723127->99573aa8-d5bb-48c2-a623-6999335be6bf-AppendLogResponseHandler: Failed appendEntries: org.apache.ratis.thirdparty.io.grpc.StatusRuntimeException: UNAVAILABLE: io exception
2019-09-30 21:21:24,558 [grpc-default-executor-3] INFO  impl.FollowerInfo (FollowerInfo.java:lambda$new$0(51)) - d7862da6-7204-4dfe-bc24-740f0a8ff707@group-0E8F1F723127->99573aa8-d5bb-48c2-a623-6999335be6bf: nextIndex: updateUnconditionally 2 -> 1
2019-09-30 21:21:27,063 [grpc-default-executor-1] WARN  server.GrpcLogAppender (LogUtils.java:warn(134)) - d7862da6-7204-4dfe-bc24-740f0a8ff707@group-0E8F1F723127->99573aa8-d5bb-48c2-a623-6999335be6bf-AppendLogResponseHandler: Failed appendEntries: org.apache.ratis.thirdparty.io.grpc.StatusRuntimeException: UNAVAILABLE: io exception
2019-09-30 21:21:27,063 [grpc-default-executor-3] WARN  server.GrpcLogAppender (LogUtils.java:warn(134)) - d7862da6-7204-4dfe-bc24-740f0a8ff707@group-0E8F1F723127->dea903ad-4025-4d6e-95dd-c3cf7ae18738-AppendLogResponseHandler: Failed appendEntries: org.apache.ratis.thirdparty.io.grpc.StatusRuntimeException: UNAVAILABLE: io exception
2019-09-30 21:21:27,064 [grpc-default-executor-1] INFO  impl.FollowerInfo (FollowerInfo.java:lambda$new$0(51)) - d7862da6-7204-4dfe-bc24-740f0a8ff707@group-0E8F1F723127->99573aa8-d5bb-48c2-a623-6999335be6bf: nextIndex: updateUnconditionally 1 -> 0
2019-09-30 21:21:27,064 [grpc-default-executor-3] INFO  impl.FollowerInfo (FollowerInfo.java:lambda$new$0(51)) - d7862da6-7204-4dfe-bc24-740f0a8ff707@group-0E8F1F723127->dea903ad-4025-4d6e-95dd-c3cf7ae18738: nextIndex: updateUnconditionally 0 -> 0
2019-09-30 21:21:29,568 [grpc-default-executor-1] WARN  server.GrpcLogAppender (LogUtils.java:warn(134)) - d7862da6-7204-4dfe-bc24-740f0a8ff707@group-0E8F1F723127->dea903ad-4025-4d6e-95dd-c3cf7ae18738-AppendLogResponseHandler: Failed appendEntries: org.apache.ratis.thirdparty.io.grpc.StatusRuntimeException: UNAVAILABLE: io exception
2019-09-30 21:21:29,568 [grpc-default-executor-3] WARN  server.GrpcLogAppender (LogUtils.java:warn(134)) - d7862da6-7204-4dfe-bc24-740f0a8ff707@group-0E8F1F723127->99573aa8-d5bb-48c2-a623-6999335be6bf-AppendLogResponseHandler: Failed appendEntries: org.apache.ratis.thirdparty.io.grpc.StatusRuntimeException: UNAVAILABLE: io exception
2019-09-30 21:21:29,571 [grpc-default-executor-1] INFO  impl.FollowerInfo (FollowerInfo.java:lambda$new$0(51)) - d7862da6-7204-4dfe-bc24-740f0a8ff707@group-0E8F1F723127->dea903ad-4025-4d6e-95dd-c3cf7ae18738: nextIndex: updateUnconditionally 0 -> 0
2019-09-30 21:21:29,571 [grpc-default-executor-3] INFO  impl.FollowerInfo (FollowerInfo.java:lambda$new$0(51)) - d7862da6-7204-4dfe-bc24-740f0a8ff707@group-0E8F1F723127->99573aa8-d5bb-48c2-a623-6999335be6bf: nextIndex: updateUnconditionally 0 -> 0
2019-09-30 21:21:32,065 [grpc-default-executor-2] WARN  server.GrpcLogAppender (LogUtils.java:warn(134)) - d7862da6-7204-4dfe-bc24-740f0a8ff707@group-0E8F1F723127->dea903ad-4025-4d6e-95dd-c3cf7ae18738-AppendLogResponseHandler: Failed appendEntries: org.apache.ratis.thirdparty.io.grpc.StatusRuntimeException: UNAVAILABLE: io exception
2019-09-30 21:21:32,065 [grpc-default-executor-0] WARN  server.GrpcLogAppender (LogUtils.java:warn(134)) - d7862da6-7204-4dfe-bc24-740f0a8ff707@group-0E8F1F723127->99573aa8-d5bb-48c2-a623-6999335be6bf-AppendLogResponseHandler: Failed appendEntries: org.apache.ratis.thirdparty.io.grpc.StatusRuntimeException: UNAVAILABLE: io exception
2019-09-30 21:21:32,066 [grpc-default-executor-2] INFO  impl.FollowerInfo (FollowerInfo.java:lambda$new$0(51)) - d7862da6-7204-4dfe-bc24-740f0a8ff707@group-0E8F1F723127->dea903ad-4025-4d6e-95dd-c3cf7ae18738: nextIndex: updateUnconditionally 0 -> 0
2019-09-30 21:21:32,066 [grpc-default-executor-0] INFO  impl.FollowerInfo (FollowerInfo.java:lambda$new$0(51)) - d7862da6-7204-4dfe-bc24-740f0a8ff707@group-0E8F1F723127->99573aa8-d5bb-48c2-a623-6999335be6bf: nextIndex: updateUnconditionally 0 -> 0
2019-09-30 21:21:32,570 [Thread-1603] INFO  client.GrpcClientProtocolService (GrpcClientProtocolService.java:lambda$processClientRequest$0(278)) - Failed RaftClientRequest:client-B4133D413B78->d7862da6-7204-4dfe-bc24-740f0a8ff707@group-0E8F1F723127, cid=67, seq=0, Watch-ALL_COMMITTED(107), Message:<EMPTY>, reply=RaftClientReply:client-B4133D413B78->d7862da6-7204-4dfe-bc24-740f0a8ff707@group-0E8F1F723127, cid=67, FAILED org.apache.ratis.protocol.NotReplicatedException: Request with call Id 67 and log index 107 is not yet replicated to ALL_COMMITTED, logIndex=107, commits[d7862da6-7204-4dfe-bc24-740f0a8ff707:c2, dea903ad-4025-4d6e-95dd-c3cf7ae18738:c2, 99573aa8-d5bb-48c2-a623-6999335be6bf:c2]
2019-09-30 21:21:34,566 [grpc-default-executor-2] WARN  server.GrpcLogAppender (LogUtils.java:warn(134)) - d7862da6-7204-4dfe-bc24-740f0a8ff707@group-0E8F1F723127->99573aa8-d5bb-48c2-a623-6999335be6bf-AppendLogResponseHandler: Failed appendEntries: org.apache.ratis.thirdparty.io.grpc.StatusRuntimeException: UNAVAILABLE: io exception
2019-09-30 21:21:34,566 [grpc-default-executor-1] WARN  server.GrpcLogAppender (LogUtils.java:warn(134)) - d7862da6-7204-4dfe-bc24-740f0a8ff707@group-0E8F1F723127->dea903ad-4025-4d6e-95dd-c3cf7ae18738-AppendLogResponseHandler: Failed appendEntries: org.apache.ratis.thirdparty.io.grpc.StatusRuntimeException: UNAVAILABLE: io exception
2019-09-30 21:21:34,566 [grpc-default-executor-2] INFO  impl.FollowerInfo (FollowerInfo.java:lambda$new$0(51)) - d7862da6-7204-4dfe-bc24-740f0a8ff707@group-0E8F1F723127->99573aa8-d5bb-48c2-a623-6999335be6bf: nextIndex: updateUnconditionally 0 -> 0
2019-09-30 21:21:34,566 [grpc-default-executor-1] INFO  impl.FollowerInfo (FollowerInfo.java:lambda$new$0(51)) - d7862da6-7204-4dfe-bc24-740f0a8ff707@group-0E8F1F723127->dea903ad-4025-4d6e-95dd-c3cf7ae18738: nextIndex: updateUnconditionally 0 -> 0
2019-09-30 21:21:37,072 [grpc-default-executor-2] WARN  server.GrpcLogAppender (LogUtils.java:warn(134)) - d7862da6-7204-4dfe-bc24-740f0a8ff707@group-0E8F1F723127->dea903ad-4025-4d6e-95dd-c3cf7ae18738-AppendLogResponseHandler: Failed appendEntries: org.apache.ratis.thirdparty.io.grpc.StatusRuntimeException: UNAVAILABLE: io exception
2019-09-30 21:21:37,072 [grpc-default-executor-1] WARN  server.GrpcLogAppender (LogUtils.java:warn(134)) - d7862da6-7204-4dfe-bc24-740f0a8ff707@group-0E8F1F723127->99573aa8-d5bb-48c2-a623-6999335be6bf-AppendLogResponseHandler: Failed appendEntries: org.apache.ratis.thirdparty.io.grpc.StatusRuntimeException: UNAVAILABLE: io exception
2019-09-30 21:21:37,073 [grpc-default-executor-2] INFO  impl.FollowerInfo (FollowerInfo.java:lambda$new$0(51)) - d7862da6-7204-4dfe-bc24-740f0a8ff707@group-0E8F1F723127->dea903ad-4025-4d6e-95dd-c3cf7ae18738: nextIndex: updateUnconditionally 0 -> 0
2019-09-30 21:21:37,073 [grpc-default-executor-1] INFO  impl.FollowerInfo (FollowerInfo.java:lambda$new$0(51)) - d7862da6-7204-4dfe-bc24-740f0a8ff707@group-0E8F1F723127->99573aa8-d5bb-48c2-a623-6999335be6bf: nextIndex: updateUnconditionally 0 -> 0
2019-09-30 21:21:39,575 [grpc-default-executor-3] WARN  server.GrpcLogAppender (LogUtils.java:warn(134)) - d7862da6-7204-4dfe-bc24-740f0a8ff707@group-0E8F1F723127->99573aa8-d5bb-48c2-a623-6999335be6bf-AppendLogResponseHandler: Failed appendEntries: org.apache.ratis.thirdparty.io.grpc.StatusRuntimeException: UNAVAILABLE: io exception
2019-09-30 21:21:39,575 [grpc-default-executor-1] WARN  server.GrpcLogAppender (LogUtils.java:warn(134)) - d7862da6-7204-4dfe-bc24-740f0a8ff707@group-0E8F1F723127->dea903ad-4025-4d6e-95dd-c3cf7ae18738-AppendLogResponseHandler: Failed appendEntries: org.apache.ratis.thirdparty.io.grpc.StatusRuntimeException: UNAVAILABLE: io exception
2019-09-30 21:21:39,577 [grpc-default-executor-3] INFO  impl.FollowerInfo (FollowerInfo.java:lambda$new$0(51)) - d7862da6-7204-4dfe-bc24-740f0a8ff707@group-0E8F1F723127->99573aa8-d5bb-48c2-a623-6999335be6bf: nextIndex: updateUnconditionally 0 -> 0
2019-09-30 21:21:39,577 [grpc-default-executor-1] INFO  impl.FollowerInfo (FollowerInfo.java:lambda$new$0(51)) - d7862da6-7204-4dfe-bc24-740f0a8ff707@group-0E8F1F723127->dea903ad-4025-4d6e-95dd-c3cf7ae18738: nextIndex: updateUnconditionally 0 -> 0
2019-09-30 21:21:42,080 [grpc-default-executor-4] WARN  server.GrpcLogAppender (LogUtils.java:warn(134)) - d7862da6-7204-4dfe-bc24-740f0a8ff707@group-0E8F1F723127->99573aa8-d5bb-48c2-a623-6999335be6bf-AppendLogResponseHandler: Failed appendEntries: org.apache.ratis.thirdparty.io.grpc.StatusRuntimeException: UNAVAILABLE: io exception
2019-09-30 21:21:42,080 [grpc-default-executor-3] WARN  server.GrpcLogAppender (LogUtils.java:warn(134)) - d7862da6-7204-4dfe-bc24-740f0a8ff707@group-0E8F1F723127->dea903ad-4025-4d6e-95dd-c3cf7ae18738-AppendLogResponseHandler: Failed appendEntries: org.apache.ratis.thirdparty.io.grpc.StatusRuntimeException: UNAVAILABLE: io exception
2019-09-30 21:21:42,081 [grpc-default-executor-4] INFO  impl.FollowerInfo (FollowerInfo.java:lambda$new$0(51)) - d7862da6-7204-4dfe-bc24-740f0a8ff707@group-0E8F1F723127->99573aa8-d5bb-48c2-a623-6999335be6bf: nextIndex: updateUnconditionally 0 -> 0
2019-09-30 21:21:42,082 [grpc-default-executor-3] INFO  impl.FollowerInfo (FollowerInfo.java:lambda$new$0(51)) - d7862da6-7204-4dfe-bc24-740f0a8ff707@group-0E8F1F723127->dea903ad-4025-4d6e-95dd-c3cf7ae18738: nextIndex: updateUnconditionally 0 -> 0
2019-09-30 21:21:42,389 [main] WARN  scm.XceiverClientRatis (XceiverClientRatis.java:watchForCommit(292)) - 3 way commit failed on pipeline Pipeline[ Id: 86f3355a-b77b-435f-b307-0e8f1f723127, Nodes: dea903ad-4025-4d6e-95dd-c3cf7ae18738{ip: 192.168.30.59, host: pr-hdds-2211-2dwkd-795013237, networkLocation: /default-rack, certSerialId: null}99573aa8-d5bb-48c2-a623-6999335be6bf{ip: 192.168.30.59, host: pr-hdds-2211-2dwkd-795013237, networkLocation: /default-rack, certSerialId: null}d7862da6-7204-4dfe-bc24-740f0a8ff707{ip: 192.168.30.59, host: pr-hdds-2211-2dwkd-795013237, networkLocation: /default-rack, certSerialId: null}, Type:RATIS, Factor:THREE, State:OPEN]
java.util.concurrent.TimeoutException
	at java.util.concurrent.CompletableFuture.timedGet(CompletableFuture.java:1771)
	at java.util.concurrent.CompletableFuture.get(CompletableFuture.java:1915)
	at org.apache.hadoop.hdds.scm.XceiverClientRatis.watchForCommit(XceiverClientRatis.java:289)
	at org.apache.hadoop.ozone.client.rpc.TestWatchForCommit.testWatchForCommitForRetryfailure(TestWatchForCommit.java:345)
	at sun.reflect.NativeMethodAccessorImpl.invoke0(Native Method)
	at sun.reflect.NativeMethodAccessorImpl.invoke(NativeMethodAccessorImpl.java:62)
	at sun.reflect.DelegatingMethodAccessorImpl.invoke(DelegatingMethodAccessorImpl.java:43)
	at java.lang.reflect.Method.invoke(Method.java:498)
	at org.junit.runners.model.FrameworkMethod$1.runReflectiveCall(FrameworkMethod.java:47)
	at org.junit.internal.runners.model.ReflectiveCallable.run(ReflectiveCallable.java:12)
	at org.junit.runners.model.FrameworkMethod.invokeExplosively(FrameworkMethod.java:44)
	at org.junit.internal.runners.statements.InvokeMethod.evaluate(InvokeMethod.java:17)
	at org.junit.runners.ParentRunner.runLeaf(ParentRunner.java:271)
	at org.junit.runners.BlockJUnit4ClassRunner.runChild(BlockJUnit4ClassRunner.java:70)
	at org.junit.runners.BlockJUnit4ClassRunner.runChild(BlockJUnit4ClassRunner.java:50)
	at org.junit.runners.ParentRunner$3.run(ParentRunner.java:238)
	at org.junit.runners.ParentRunner$1.schedule(ParentRunner.java:63)
	at org.junit.runners.ParentRunner.runChildren(ParentRunner.java:236)
	at org.junit.runners.ParentRunner.access$000(ParentRunner.java:53)
	at org.junit.runners.ParentRunner$2.evaluate(ParentRunner.java:229)
	at org.junit.runners.ParentRunner.run(ParentRunner.java:309)
	at org.apache.maven.surefire.junit4.JUnit4Provider.execute(JUnit4Provider.java:365)
	at org.apache.maven.surefire.junit4.JUnit4Provider.executeWithRerun(JUnit4Provider.java:273)
	at org.apache.maven.surefire.junit4.JUnit4Provider.executeTestSet(JUnit4Provider.java:238)
	at org.apache.maven.surefire.junit4.JUnit4Provider.invoke(JUnit4Provider.java:159)
	at org.apache.maven.surefire.booter.ForkedBooter.invokeProviderInSameClassLoader(ForkedBooter.java:384)
	at org.apache.maven.surefire.booter.ForkedBooter.runSuitesInProcess(ForkedBooter.java:345)
	at org.apache.maven.surefire.booter.ForkedBooter.execute(ForkedBooter.java:126)
	at org.apache.maven.surefire.booter.ForkedBooter.main(ForkedBooter.java:418)
2019-09-30 21:21:43,564 [Thread-1617] INFO  client.GrpcClientProtocolService (GrpcClientProtocolService.java:lambda$processClientRequest$0(278)) - Failed RaftClientRequest:client-B4133D413B78->d7862da6-7204-4dfe-bc24-740f0a8ff707@group-0E8F1F723127, cid=67, seq=0, Watch-ALL_COMMITTED(107), Message:<EMPTY>, reply=RaftClientReply:client-B4133D413B78->d7862da6-7204-4dfe-bc24-740f0a8ff707@group-0E8F1F723127, cid=67, FAILED org.apache.ratis.protocol.NotReplicatedException: Request with call Id 67 and log index 107 is not yet replicated to ALL_COMMITTED, logIndex=107, commits[d7862da6-7204-4dfe-bc24-740f0a8ff707:c2, dea903ad-4025-4d6e-95dd-c3cf7ae18738:c2, 99573aa8-d5bb-48c2-a623-6999335be6bf:c2]
2019-09-30 21:21:44,580 [grpc-default-executor-2] WARN  server.GrpcLogAppender (LogUtils.java:warn(134)) - d7862da6-7204-4dfe-bc24-740f0a8ff707@group-0E8F1F723127->dea903ad-4025-4d6e-95dd-c3cf7ae18738-AppendLogResponseHandler: Failed appendEntries: org.apache.ratis.thirdparty.io.grpc.StatusRuntimeException: UNAVAILABLE: io exception
2019-09-30 21:21:44,580 [grpc-default-executor-3] WARN  server.GrpcLogAppender (LogUtils.java:warn(134)) - d7862da6-7204-4dfe-bc24-740f0a8ff707@group-0E8F1F723127->99573aa8-d5bb-48c2-a623-6999335be6bf-AppendLogResponseHandler: Failed appendEntries: org.apache.ratis.thirdparty.io.grpc.StatusRuntimeException: UNAVAILABLE: io exception
2019-09-30 21:21:44,581 [grpc-default-executor-2] INFO  impl.FollowerInfo (FollowerInfo.java:lambda$new$0(51)) - d7862da6-7204-4dfe-bc24-740f0a8ff707@group-0E8F1F723127->dea903ad-4025-4d6e-95dd-c3cf7ae18738: nextIndex: updateUnconditionally 0 -> 0
2019-09-30 21:21:44,581 [grpc-default-executor-3] INFO  impl.FollowerInfo (FollowerInfo.java:lambda$new$0(51)) - d7862da6-7204-4dfe-bc24-740f0a8ff707@group-0E8F1F723127->99573aa8-d5bb-48c2-a623-6999335be6bf: nextIndex: updateUnconditionally 0 -> 0
2019-09-30 21:21:47,084 [grpc-default-executor-3] WARN  server.GrpcLogAppender (LogUtils.java:warn(134)) - d7862da6-7204-4dfe-bc24-740f0a8ff707@group-0E8F1F723127->dea903ad-4025-4d6e-95dd-c3cf7ae18738-AppendLogResponseHandler: Failed appendEntries: org.apache.ratis.thirdparty.io.grpc.StatusRuntimeException: UNAVAILABLE: io exception
2019-09-30 21:21:47,084 [grpc-default-executor-4] WARN  server.GrpcLogAppender (LogUtils.java:warn(134)) - d7862da6-7204-4dfe-bc24-740f0a8ff707@group-0E8F1F723127->99573aa8-d5bb-48c2-a623-6999335be6bf-AppendLogResponseHandler: Failed appendEntries: org.apache.ratis.thirdparty.io.grpc.StatusRuntimeException: UNAVAILABLE: io exception
2019-09-30 21:21:47,085 [grpc-default-executor-3] INFO  impl.FollowerInfo (FollowerInfo.java:lambda$new$0(51)) - d7862da6-7204-4dfe-bc24-740f0a8ff707@group-0E8F1F723127->dea903ad-4025-4d6e-95dd-c3cf7ae18738: nextIndex: updateUnconditionally 0 -> 0
2019-09-30 21:21:47,085 [grpc-default-executor-4] INFO  impl.FollowerInfo (FollowerInfo.java:lambda$new$0(51)) - d7862da6-7204-4dfe-bc24-740f0a8ff707@group-0E8F1F723127->99573aa8-d5bb-48c2-a623-6999335be6bf: nextIndex: updateUnconditionally 0 -> 0
2019-09-30 21:21:49,590 [grpc-default-executor-4] WARN  server.GrpcLogAppender (LogUtils.java:warn(134)) - d7862da6-7204-4dfe-bc24-740f0a8ff707@group-0E8F1F723127->dea903ad-4025-4d6e-95dd-c3cf7ae18738-AppendLogResponseHandler: Failed appendEntries: org.apache.ratis.thirdparty.io.grpc.StatusRuntimeException: UNAVAILABLE: io exception
2019-09-30 21:21:49,590 [grpc-default-executor-3] WARN  server.GrpcLogAppender (LogUtils.java:warn(134)) - d7862da6-7204-4dfe-bc24-740f0a8ff707@group-0E8F1F723127->99573aa8-d5bb-48c2-a623-6999335be6bf-AppendLogResponseHandler: Failed appendEntries: org.apache.ratis.thirdparty.io.grpc.StatusRuntimeException: UNAVAILABLE: io exception
2019-09-30 21:21:49,591 [grpc-default-executor-4] INFO  impl.FollowerInfo (FollowerInfo.java:lambda$new$0(51)) - d7862da6-7204-4dfe-bc24-740f0a8ff707@group-0E8F1F723127->dea903ad-4025-4d6e-95dd-c3cf7ae18738: nextIndex: updateUnconditionally 0 -> 0
2019-09-30 21:21:49,591 [grpc-default-executor-3] INFO  impl.FollowerInfo (FollowerInfo.java:lambda$new$0(51)) - d7862da6-7204-4dfe-bc24-740f0a8ff707@group-0E8F1F723127->99573aa8-d5bb-48c2-a623-6999335be6bf: nextIndex: updateUnconditionally 0 -> 0
2019-09-30 21:21:52,089 [grpc-default-executor-1] WARN  server.GrpcLogAppender (LogUtils.java:warn(134)) - d7862da6-7204-4dfe-bc24-740f0a8ff707@group-0E8F1F723127->99573aa8-d5bb-48c2-a623-6999335be6bf-AppendLogResponseHandler: Failed appendEntries: org.apache.ratis.thirdparty.io.grpc.StatusRuntimeException: UNAVAILABLE: io exception
2019-09-30 21:21:52,089 [grpc-default-executor-3] WARN  server.GrpcLogAppender (LogUtils.java:warn(134)) - d7862da6-7204-4dfe-bc24-740f0a8ff707@group-0E8F1F723127->dea903ad-4025-4d6e-95dd-c3cf7ae18738-AppendLogResponseHandler: Failed appendEntries: org.apache.ratis.thirdparty.io.grpc.StatusRuntimeException: UNAVAILABLE: io exception
2019-09-30 21:21:52,090 [grpc-default-executor-1] INFO  impl.FollowerInfo (FollowerInfo.java:lambda$new$0(51)) - d7862da6-7204-4dfe-bc24-740f0a8ff707@group-0E8F1F723127->99573aa8-d5bb-48c2-a623-6999335be6bf: nextIndex: updateUnconditionally 0 -> 0
2019-09-30 21:21:52,090 [grpc-default-executor-3] INFO  impl.FollowerInfo (FollowerInfo.java:lambda$new$0(51)) - d7862da6-7204-4dfe-bc24-740f0a8ff707@group-0E8F1F723127->dea903ad-4025-4d6e-95dd-c3cf7ae18738: nextIndex: updateUnconditionally 0 -> 0
2019-09-30 21:21:52,563 [Thread-1634] INFO  client.GrpcClientProtocolService (GrpcClientProtocolService.java:lambda$processClientRequest$0(278)) - Failed RaftClientRequest:client-B4133D413B78->d7862da6-7204-4dfe-bc24-740f0a8ff707@group-0E8F1F723127, cid=67, seq=0, Watch-ALL_COMMITTED(107), Message:<EMPTY>, reply=RaftClientReply:client-B4133D413B78->d7862da6-7204-4dfe-bc24-740f0a8ff707@group-0E8F1F723127, cid=67, FAILED org.apache.ratis.protocol.NotReplicatedException: Request with call Id 67 and log index 107 is not yet replicated to ALL_COMMITTED, logIndex=107, commits[d7862da6-7204-4dfe-bc24-740f0a8ff707:c2, dea903ad-4025-4d6e-95dd-c3cf7ae18738:c2, 99573aa8-d5bb-48c2-a623-6999335be6bf:c2]
2019-09-30 21:21:53,565 [Thread-1638] INFO  client.GrpcClientProtocolService (GrpcClientProtocolService.java:lambda$processClientRequest$0(278)) - Failed RaftClientRequest:client-B4133D413B78->d7862da6-7204-4dfe-bc24-740f0a8ff707@group-0E8F1F723127, cid=68, seq=0, Watch-MAJORITY_COMMITTED(107), Message:<EMPTY>, reply=RaftClientReply:client-B4133D413B78->d7862da6-7204-4dfe-bc24-740f0a8ff707@group-0E8F1F723127, cid=68, FAILED org.apache.ratis.protocol.NotReplicatedException: Request with call Id 68 and log index 107 is not yet replicated to MAJORITY_COMMITTED, logIndex=107, commits[d7862da6-7204-4dfe-bc24-740f0a8ff707:c2, dea903ad-4025-4d6e-95dd-c3cf7ae18738:c2, 99573aa8-d5bb-48c2-a623-6999335be6bf:c2]
2019-09-30 21:21:54,590 [grpc-default-executor-2] WARN  server.GrpcLogAppender (LogUtils.java:warn(134)) - d7862da6-7204-4dfe-bc24-740f0a8ff707@group-0E8F1F723127->99573aa8-d5bb-48c2-a623-6999335be6bf-AppendLogResponseHandler: Failed appendEntries: org.apache.ratis.thirdparty.io.grpc.StatusRuntimeException: UNAVAILABLE: io exception
2019-09-30 21:21:54,590 [grpc-default-executor-1] WARN  server.GrpcLogAppender (LogUtils.java:warn(134)) - d7862da6-7204-4dfe-bc24-740f0a8ff707@group-0E8F1F723127->dea903ad-4025-4d6e-95dd-c3cf7ae18738-AppendLogResponseHandler: Failed appendEntries: org.apache.ratis.thirdparty.io.grpc.StatusRuntimeException: UNAVAILABLE: io exception
2019-09-30 21:21:54,591 [grpc-default-executor-2] INFO  impl.FollowerInfo (FollowerInfo.java:lambda$new$0(51)) - d7862da6-7204-4dfe-bc24-740f0a8ff707@group-0E8F1F723127->99573aa8-d5bb-48c2-a623-6999335be6bf: nextIndex: updateUnconditionally 0 -> 0
2019-09-30 21:21:54,591 [grpc-default-executor-1] INFO  impl.FollowerInfo (FollowerInfo.java:lambda$new$0(51)) - d7862da6-7204-4dfe-bc24-740f0a8ff707@group-0E8F1F723127->dea903ad-4025-4d6e-95dd-c3cf7ae18738: nextIndex: updateUnconditionally 0 -> 0
2019-09-30 21:21:57,093 [grpc-default-executor-2] WARN  server.GrpcLogAppender (LogUtils.java:warn(134)) - d7862da6-7204-4dfe-bc24-740f0a8ff707@group-0E8F1F723127->dea903ad-4025-4d6e-95dd-c3cf7ae18738-AppendLogResponseHandler: Failed appendEntries: org.apache.ratis.thirdparty.io.grpc.StatusRuntimeException: UNAVAILABLE: io exception
2019-09-30 21:21:57,093 [grpc-default-executor-4] WARN  server.GrpcLogAppender (LogUtils.java:warn(134)) - d7862da6-7204-4dfe-bc24-740f0a8ff707@group-0E8F1F723127->99573aa8-d5bb-48c2-a623-6999335be6bf-AppendLogResponseHandler: Failed appendEntries: org.apache.ratis.thirdparty.io.grpc.StatusRuntimeException: UNAVAILABLE: io exception
2019-09-30 21:21:57,094 [grpc-default-executor-2] INFO  impl.FollowerInfo (FollowerInfo.java:lambda$new$0(51)) - d7862da6-7204-4dfe-bc24-740f0a8ff707@group-0E8F1F723127->dea903ad-4025-4d6e-95dd-c3cf7ae18738: nextIndex: updateUnconditionally 0 -> 0
2019-09-30 21:21:57,094 [grpc-default-executor-4] INFO  impl.FollowerInfo (FollowerInfo.java:lambda$new$0(51)) - d7862da6-7204-4dfe-bc24-740f0a8ff707@group-0E8F1F723127->99573aa8-d5bb-48c2-a623-6999335be6bf: nextIndex: updateUnconditionally 0 -> 0
2019-09-30 21:21:59,596 [grpc-default-executor-2] WARN  server.GrpcLogAppender (LogUtils.java:warn(134)) - d7862da6-7204-4dfe-bc24-740f0a8ff707@group-0E8F1F723127->dea903ad-4025-4d6e-95dd-c3cf7ae18738-AppendLogResponseHandler: Failed appendEntries: org.apache.ratis.thirdparty.io.grpc.StatusRuntimeException: UNAVAILABLE: io exception
2019-09-30 21:21:59,596 [grpc-default-executor-4] WARN  server.GrpcLogAppender (LogUtils.java:warn(134)) - d7862da6-7204-4dfe-bc24-740f0a8ff707@group-0E8F1F723127->99573aa8-d5bb-48c2-a623-6999335be6bf-AppendLogResponseHandler: Failed appendEntries: org.apache.ratis.thirdparty.io.grpc.StatusRuntimeException: UNAVAILABLE: io exception
2019-09-30 21:21:59,597 [grpc-default-executor-2] INFO  impl.FollowerInfo (FollowerInfo.java:lambda$new$0(51)) - d7862da6-7204-4dfe-bc24-740f0a8ff707@group-0E8F1F723127->dea903ad-4025-4d6e-95dd-c3cf7ae18738: nextIndex: updateUnconditionally 0 -> 0
2019-09-30 21:21:59,597 [grpc-default-executor-4] INFO  impl.FollowerInfo (FollowerInfo.java:lambda$new$0(51)) - d7862da6-7204-4dfe-bc24-740f0a8ff707@group-0E8F1F723127->99573aa8-d5bb-48c2-a623-6999335be6bf: nextIndex: updateUnconditionally 0 -> 0
2019-09-30 21:22:02,096 [grpc-default-executor-0] WARN  server.GrpcLogAppender (LogUtils.java:warn(134)) - d7862da6-7204-4dfe-bc24-740f0a8ff707@group-0E8F1F723127->99573aa8-d5bb-48c2-a623-6999335be6bf-AppendLogResponseHandler: Failed appendEntries: org.apache.ratis.thirdparty.io.grpc.StatusRuntimeException: UNAVAILABLE: io exception
2019-09-30 21:22:02,096 [grpc-default-executor-2] WARN  server.GrpcLogAppender (LogUtils.java:warn(134)) - d7862da6-7204-4dfe-bc24-740f0a8ff707@group-0E8F1F723127->dea903ad-4025-4d6e-95dd-c3cf7ae18738-AppendLogResponseHandler: Failed appendEntries: org.apache.ratis.thirdparty.io.grpc.StatusRuntimeException: UNAVAILABLE: io exception
2019-09-30 21:22:02,096 [grpc-default-executor-0] INFO  impl.FollowerInfo (FollowerInfo.java:lambda$new$0(51)) - d7862da6-7204-4dfe-bc24-740f0a8ff707@group-0E8F1F723127->99573aa8-d5bb-48c2-a623-6999335be6bf: nextIndex: updateUnconditionally 0 -> 0
2019-09-30 21:22:02,097 [grpc-default-executor-2] INFO  impl.FollowerInfo (FollowerInfo.java:lambda$new$0(51)) - d7862da6-7204-4dfe-bc24-740f0a8ff707@group-0E8F1F723127->dea903ad-4025-4d6e-95dd-c3cf7ae18738: nextIndex: updateUnconditionally 0 -> 0
]]></system-out>
    <system-err><![CDATA[Sep 30, 2019 9:21:17 PM org.apache.ratis.thirdparty.io.grpc.internal.SerializingExecutor run
SEVERE: Exception while executing runnable org.apache.ratis.thirdparty.io.grpc.internal.ServerImpl$JumpToApplicationThreadServerStreamListener$1Closed@277fe720
org.apache.ratis.thirdparty.io.grpc.StatusRuntimeException: CANCELLED: call already cancelled
	at org.apache.ratis.thirdparty.io.grpc.Status.asRuntimeException(Status.java:517)
	at org.apache.ratis.thirdparty.io.grpc.stub.ServerCalls$ServerCallStreamObserverImpl.onCompleted(ServerCalls.java:356)
	at org.apache.ratis.grpc.server.GrpcServerProtocolService$ServerRequestStreamObserver.onError(GrpcServerProtocolService.java:121)
	at org.apache.ratis.thirdparty.io.grpc.stub.ServerCalls$StreamingServerCallHandler$StreamingServerCallListener.onCancel(ServerCalls.java:269)
	at org.apache.ratis.thirdparty.io.grpc.internal.ServerCallImpl$ServerStreamListenerImpl.closed(ServerCallImpl.java:293)
	at org.apache.ratis.thirdparty.io.grpc.internal.ServerImpl$JumpToApplicationThreadServerStreamListener$1Closed.runInContext(ServerImpl.java:741)
	at org.apache.ratis.thirdparty.io.grpc.internal.ContextRunnable.run(ContextRunnable.java:37)
	at org.apache.ratis.thirdparty.io.grpc.internal.SerializingExecutor.run(SerializingExecutor.java:123)
	at java.util.concurrent.ThreadPoolExecutor.runWorker(ThreadPoolExecutor.java:1149)
	at java.util.concurrent.ThreadPoolExecutor$Worker.run(ThreadPoolExecutor.java:624)
	at java.lang.Thread.run(Thread.java:748)

Sep 30, 2019 9:21:22 PM org.apache.ratis.thirdparty.io.grpc.internal.SerializingExecutor run
SEVERE: Exception while executing runnable org.apache.ratis.thirdparty.io.grpc.internal.ServerImpl$JumpToApplicationThreadServerStreamListener$1Closed@371f1e1d
org.apache.ratis.thirdparty.io.grpc.StatusRuntimeException: CANCELLED: call already cancelled
	at org.apache.ratis.thirdparty.io.grpc.Status.asRuntimeException(Status.java:517)
	at org.apache.ratis.thirdparty.io.grpc.stub.ServerCalls$ServerCallStreamObserverImpl.onCompleted(ServerCalls.java:356)
	at org.apache.ratis.grpc.server.GrpcServerProtocolService$ServerRequestStreamObserver.onError(GrpcServerProtocolService.java:121)
	at org.apache.ratis.thirdparty.io.grpc.stub.ServerCalls$StreamingServerCallHandler$StreamingServerCallListener.onCancel(ServerCalls.java:269)
	at org.apache.ratis.thirdparty.io.grpc.internal.ServerCallImpl$ServerStreamListenerImpl.closed(ServerCallImpl.java:293)
	at org.apache.ratis.thirdparty.io.grpc.internal.ServerImpl$JumpToApplicationThreadServerStreamListener$1Closed.runInContext(ServerImpl.java:741)
	at org.apache.ratis.thirdparty.io.grpc.internal.ContextRunnable.run(ContextRunnable.java:37)
	at org.apache.ratis.thirdparty.io.grpc.internal.SerializingExecutor.run(SerializingExecutor.java:123)
	at java.util.concurrent.ThreadPoolExecutor.runWorker(ThreadPoolExecutor.java:1149)
	at java.util.concurrent.ThreadPoolExecutor$Worker.run(ThreadPoolExecutor.java:624)
	at java.lang.Thread.run(Thread.java:748)

]]></system-err>
  </testcase>
  <testcase name="testWatchForCommitForGroupMismatchException" classname="org.apache.hadoop.ozone.client.rpc.TestWatchForCommit" time="33.093"/>
  <testcase name="test2WayCommitForTimeoutException" classname="org.apache.hadoop.ozone.client.rpc.TestWatchForCommit" time="29.118">
    <error type="java.util.concurrent.TimeoutException">java.util.concurrent.TimeoutException
	at java.util.concurrent.CompletableFuture.timedGet(CompletableFuture.java:1771)
	at java.util.concurrent.CompletableFuture.get(CompletableFuture.java:1915)
	at org.apache.hadoop.hdds.scm.XceiverClientRatis.watchForCommit(XceiverClientRatis.java:298)
	at org.apache.hadoop.ozone.client.rpc.TestWatchForCommit.test2WayCommitForTimeoutException(TestWatchForCommit.java:391)
	at sun.reflect.NativeMethodAccessorImpl.invoke0(Native Method)
	at sun.reflect.NativeMethodAccessorImpl.invoke(NativeMethodAccessorImpl.java:62)
	at sun.reflect.DelegatingMethodAccessorImpl.invoke(DelegatingMethodAccessorImpl.java:43)
	at java.lang.reflect.Method.invoke(Method.java:498)
	at org.junit.runners.model.FrameworkMethod$1.runReflectiveCall(FrameworkMethod.java:47)
	at org.junit.internal.runners.model.ReflectiveCallable.run(ReflectiveCallable.java:12)
	at org.junit.runners.model.FrameworkMethod.invokeExplosively(FrameworkMethod.java:44)
	at org.junit.internal.runners.statements.InvokeMethod.evaluate(InvokeMethod.java:17)
	at org.junit.runners.ParentRunner.runLeaf(ParentRunner.java:271)
	at org.junit.runners.BlockJUnit4ClassRunner.runChild(BlockJUnit4ClassRunner.java:70)
	at org.junit.runners.BlockJUnit4ClassRunner.runChild(BlockJUnit4ClassRunner.java:50)
	at org.junit.runners.ParentRunner$3.run(ParentRunner.java:238)
	at org.junit.runners.ParentRunner$1.schedule(ParentRunner.java:63)
	at org.junit.runners.ParentRunner.runChildren(ParentRunner.java:236)
	at org.junit.runners.ParentRunner.access$000(ParentRunner.java:53)
	at org.junit.runners.ParentRunner$2.evaluate(ParentRunner.java:229)
	at org.junit.runners.ParentRunner.run(ParentRunner.java:309)
	at org.apache.maven.surefire.junit4.JUnit4Provider.execute(JUnit4Provider.java:365)
	at org.apache.maven.surefire.junit4.JUnit4Provider.executeWithRerun(JUnit4Provider.java:273)
	at org.apache.maven.surefire.junit4.JUnit4Provider.executeTestSet(JUnit4Provider.java:238)
	at org.apache.maven.surefire.junit4.JUnit4Provider.invoke(JUnit4Provider.java:159)
	at org.apache.maven.surefire.booter.ForkedBooter.invokeProviderInSameClassLoader(ForkedBooter.java:384)
	at org.apache.maven.surefire.booter.ForkedBooter.runSuitesInProcess(ForkedBooter.java:345)
	at org.apache.maven.surefire.booter.ForkedBooter.execute(ForkedBooter.java:126)
	at org.apache.maven.surefire.booter.ForkedBooter.main(ForkedBooter.java:418)
</error>
    <system-out><![CDATA[2019-09-30 21:22:35,527 [main] WARN  server.ServerUtils (ServerUtils.java:getScmDbDir(145)) - ozone.scm.db.dirs is not configured. We recommend adding this setting. Falling back to ozone.metadata.dirs instead.
2019-09-30 21:22:35,553 [main] WARN  server.ServerUtils (ServerUtils.java:getScmDbDir(145)) - ozone.scm.db.dirs is not configured. We recommend adding this setting. Falling back to ozone.metadata.dirs instead.
2019-09-30 21:22:35,553 [main] WARN  server.ServerUtils (ServerUtils.java:getScmDbDir(145)) - ozone.scm.db.dirs is not configured. We recommend adding this setting. Falling back to ozone.metadata.dirs instead.
2019-09-30 21:22:35,554 [main] INFO  db.DBStoreBuilder (DBStoreBuilder.java:addTable(110)) - using custom profile for table: deletedBlocks
2019-09-30 21:22:35,554 [main] INFO  db.DBStoreBuilder (DBStoreBuilder.java:processTables(161)) - Using default column profile:DBProfile.DISK for Table:deletedBlocks
2019-09-30 21:22:35,555 [main] INFO  db.DBStoreBuilder (DBStoreBuilder.java:addTable(110)) - using custom profile for table: validCerts
2019-09-30 21:22:35,555 [main] INFO  db.DBStoreBuilder (DBStoreBuilder.java:processTables(161)) - Using default column profile:DBProfile.DISK for Table:validCerts
2019-09-30 21:22:35,555 [main] INFO  db.DBStoreBuilder (DBStoreBuilder.java:addTable(110)) - using custom profile for table: revokedCerts
2019-09-30 21:22:35,556 [main] INFO  db.DBStoreBuilder (DBStoreBuilder.java:processTables(161)) - Using default column profile:DBProfile.DISK for Table:revokedCerts
2019-09-30 21:22:35,556 [main] INFO  db.DBStoreBuilder (DBStoreBuilder.java:addTable(110)) - using custom profile for table: default
2019-09-30 21:22:35,556 [main] INFO  db.DBStoreBuilder (DBStoreBuilder.java:processTables(167)) - Using default column profile:DBProfile.DISK for Table:default
2019-09-30 21:22:35,557 [main] INFO  db.DBStoreBuilder (DBStoreBuilder.java:getDbProfile(198)) - Using default options. DBProfile.DISK
2019-09-30 21:22:35,852 [main] INFO  net.NodeSchemaLoader (NodeSchemaLoader.java:loadSchemaFromFile(125)) - Loading file from sun.misc.CompoundEnumeration@3c7279a5
2019-09-30 21:22:35,852 [main] INFO  net.NodeSchemaLoader (NodeSchemaLoader.java:loadSchema(171)) - Loading network topology layer schema file
2019-09-30 21:22:35,861 [main] WARN  server.ServerUtils (ServerUtils.java:sanitizeUserArgs(70)) - ozone.scm.stale.node.interval value = 300000 is larger than max = 100000 based on the key value of ozone.scm.heartbeat.thread.interval, reset to the max value 100000.
2019-09-30 21:22:35,862 [main] WARN  server.ServerUtils (ServerUtils.java:sanitizeUserArgs(70)) - ozone.scm.stale.node.interval value = 300000 is larger than max = 100000 based on the key value of ozone.scm.heartbeat.thread.interval, reset to the max value 100000.
2019-09-30 21:22:35,863 [main] INFO  node.SCMNodeManager (SCMNodeManager.java:<init>(114)) - Entering startup safe mode.
2019-09-30 21:22:35,864 [main] INFO  algorithms.ContainerPlacementPolicyFactory (ContainerPlacementPolicyFactory.java:getPolicy(57)) - Create container placement policy of type org.apache.hadoop.hdds.scm.container.placement.algorithms.SCMContainerPlacementRandom
2019-09-30 21:22:35,864 [main] WARN  server.ServerUtils (ServerUtils.java:getScmDbDir(145)) - ozone.scm.db.dirs is not configured. We recommend adding this setting. Falling back to ozone.metadata.dirs instead.
2019-09-30 21:22:35,966 [main] INFO  pipeline.SCMPipelineManager (SCMPipelineManager.java:initializePipelineState(132)) - No pipeline exists in current db
2019-09-30 21:22:35,966 [main] WARN  server.ServerUtils (ServerUtils.java:getScmDbDir(145)) - ozone.scm.db.dirs is not configured. We recommend adding this setting. Falling back to ozone.metadata.dirs instead.
2019-09-30 21:22:36,068 [main] WARN  events.EventQueue (EventQueue.java:fireEvent(183)) - No event handler registered for event TypedEvent{payloadType=SafeModeStatus, name='SafeModeStatus'}
2019-09-30 21:22:36,069 [main] INFO  ipc.CallQueueManager (CallQueueManager.java:<init>(84)) - Using callQueue: class java.util.concurrent.LinkedBlockingQueue, queueCapacity: 2000, scheduler: class org.apache.hadoop.ipc.DefaultRpcScheduler, ipcBackoff: false.
2019-09-30 21:22:36,071 [Socket Reader #1 for port 36464] INFO  ipc.Server (Server.java:run(1074)) - Starting Socket Reader #1 for port 36464
2019-09-30 21:22:36,075 [main] INFO  ipc.CallQueueManager (CallQueueManager.java:<init>(84)) - Using callQueue: class java.util.concurrent.LinkedBlockingQueue, queueCapacity: 2000, scheduler: class org.apache.hadoop.ipc.DefaultRpcScheduler, ipcBackoff: false.
2019-09-30 21:22:36,076 [Socket Reader #1 for port 32978] INFO  ipc.Server (Server.java:run(1074)) - Starting Socket Reader #1 for port 32978
2019-09-30 21:22:36,079 [main] INFO  ipc.CallQueueManager (CallQueueManager.java:<init>(84)) - Using callQueue: class java.util.concurrent.LinkedBlockingQueue, queueCapacity: 2000, scheduler: class org.apache.hadoop.ipc.DefaultRpcScheduler, ipcBackoff: false.
2019-09-30 21:22:36,080 [Socket Reader #1 for port 41031] INFO  ipc.Server (Server.java:run(1074)) - Starting Socket Reader #1 for port 41031
2019-09-30 21:22:36,085 [main] INFO  hdfs.DFSUtil (DFSUtil.java:httpServerTemplateForNNAndJN(1641)) - Starting Web-server for scm at: http://0.0.0.0:0
2019-09-30 21:22:36,087 [main] INFO  server.AuthenticationFilter (AuthenticationFilter.java:constructSecretProvider(240)) - Unable to initialize FileSignerSecretProvider, falling back to use random secrets.
2019-09-30 21:22:36,088 [main] WARN  http.HttpRequestLog (HttpRequestLog.java:getRequestLog(97)) - Jetty request log can only be enabled using Log4j
2019-09-30 21:22:36,090 [main] INFO  http.HttpServer2 (HttpServer2.java:addGlobalFilter(975)) - Added global filter 'safety' (class=org.apache.hadoop.http.HttpServer2$QuotingInputFilter)
2019-09-30 21:22:36,091 [main] INFO  http.HttpServer2 (HttpServer2.java:addFilter(948)) - Added filter static_user_filter (class=org.apache.hadoop.http.lib.StaticUserWebFilter$StaticUserFilter) to context scm
2019-09-30 21:22:36,091 [main] INFO  http.HttpServer2 (HttpServer2.java:addFilter(958)) - Added filter static_user_filter (class=org.apache.hadoop.http.lib.StaticUserWebFilter$StaticUserFilter) to context static
2019-09-30 21:22:36,091 [main] INFO  http.HttpServer2 (HttpServer2.java:addFilter(958)) - Added filter static_user_filter (class=org.apache.hadoop.http.lib.StaticUserWebFilter$StaticUserFilter) to context logs
2019-09-30 21:22:36,093 [main] INFO  server.StorageContainerManager (StorageContainerManager.java:start(770)) - StorageContainerLocationProtocol RPC server is listening at /0.0.0.0:41031
2019-09-30 21:22:36,096 [main] WARN  impl.MetricsConfig (MetricsConfig.java:loadFirst(134)) - Cannot locate configuration: tried hadoop-metrics2-storagecontainermanager.properties,hadoop-metrics2.properties
2019-09-30 21:22:36,097 [main] INFO  impl.MetricsSystemImpl (MetricsSystemImpl.java:startTimer(374)) - Scheduled Metric snapshot period at 10 second(s).
2019-09-30 21:22:36,097 [main] INFO  impl.MetricsSystemImpl (MetricsSystemImpl.java:start(191)) - StorageContainerManager metrics system started
2019-09-30 21:22:36,804 [main] WARN  impl.MetricsSystemImpl (MetricsSystemImpl.java:register(276)) - Sink prometheus already exists!
2019-09-30 21:22:37,068 [main] INFO  server.SCMClientProtocolServer (SCMClientProtocolServer.java:start(150)) - RPC server for Client  is listening at /0.0.0.0:41031
2019-09-30 21:22:37,069 [IPC Server Responder] INFO  ipc.Server (Server.java:run(1314)) - IPC Server Responder: starting
2019-09-30 21:22:37,069 [IPC Server listener on 41031] INFO  ipc.Server (Server.java:run(1153)) - IPC Server listener on 41031: starting
2019-09-30 21:22:37,079 [main] INFO  server.StorageContainerManager (StorageContainerManager.java:start(780)) - ScmBlockLocationProtocol RPC server is listening at /0.0.0.0:32978
2019-09-30 21:22:37,080 [main] INFO  server.SCMBlockProtocolServer (SCMBlockProtocolServer.java:start(146)) - RPC server for Block Protocol is listening at /0.0.0.0:32978
2019-09-30 21:22:37,080 [IPC Server listener on 32978] INFO  ipc.Server (Server.java:run(1153)) - IPC Server listener on 32978: starting
2019-09-30 21:22:37,080 [IPC Server Responder] INFO  ipc.Server (Server.java:run(1314)) - IPC Server Responder: starting
2019-09-30 21:22:37,089 [main] INFO  server.StorageContainerManager (StorageContainerManager.java:start(784)) - ScmDatanodeProtocl RPC server is listening at /0.0.0.0:36464
2019-09-30 21:22:37,089 [main] INFO  server.SCMDatanodeProtocolServer (SCMDatanodeProtocolServer.java:start(191)) - RPC server for DataNodes is listening at /0.0.0.0:36464
2019-09-30 21:22:37,089 [IPC Server listener on 36464] INFO  ipc.Server (Server.java:run(1153)) - IPC Server listener on 36464: starting
2019-09-30 21:22:37,089 [IPC Server Responder] INFO  ipc.Server (Server.java:run(1314)) - IPC Server Responder: starting
2019-09-30 21:22:37,096 [main] INFO  http.HttpServer2 (HttpServer2.java:bindListener(1191)) - Jetty bound to port 34000
2019-09-30 21:22:37,096 [main] INFO  server.Server (Server.java:doStart(351)) - jetty-9.3.25.v20180904, build timestamp: 2018-09-04T21:11:46Z, git hash: 3ce520221d0240229c862b122d2b06c12a625732
2019-09-30 21:22:37,097 [main] INFO  handler.ContextHandler (ContextHandler.java:doStart(781)) - Started o.e.j.s.ServletContextHandler@6df4af5{/logs,file:///workdir/hadoop-ozone/integration-test/target/log,AVAILABLE}
2019-09-30 21:22:37,098 [main] INFO  handler.ContextHandler (ContextHandler.java:doStart(781)) - Started o.e.j.s.ServletContextHandler@5aa76ad2{/static,file:///workdir/hadoop-ozone/integration-test/target/test-classes/webapps/static,AVAILABLE}
2019-09-30 21:22:37,101 [main] INFO  handler.ContextHandler (ContextHandler.java:doStart(781)) - Started o.e.j.w.WebAppContext@6986f93e{/,file:///workdir/hadoop-ozone/integration-test/target/test-classes/webapps/scm/,AVAILABLE}{/scm}
2019-09-30 21:22:37,102 [main] INFO  server.AbstractConnector (AbstractConnector.java:doStart(278)) - Started ServerConnector@6bce313{HTTP/1.1,[http/1.1]}{0.0.0.0:34000}
2019-09-30 21:22:37,105 [main] INFO  server.Server (Server.java:doStart(419)) - Started @202333ms
2019-09-30 21:22:37,105 [main] WARN  impl.MetricsSystemImpl (MetricsSystemImpl.java:register(276)) - Sink prometheus already exists!
2019-09-30 21:22:37,107 [main] INFO  server.BaseHttpServer (BaseHttpServer.java:updateConnectorAddress(215)) - HTTP server of SCM is listening at http://0.0.0.0:34000
2019-09-30 21:22:37,108 [main] WARN  server.ServerUtils (ServerUtils.java:getDBPath(222)) - ozone.om.db.dirs is not configured. We recommend adding this setting. Falling back to ozone.metadata.dirs instead.
2019-09-30 21:22:37,108 [org.apache.hadoop.util.JvmPauseMonitor$Monitor@74b00247] INFO  util.JvmPauseMonitor (JvmPauseMonitor.java:run(188)) - Starting JVM pause monitor
2019-09-30 21:22:37,121 [grpc-default-executor-2] WARN  server.GrpcLogAppender (LogUtils.java:warn(134)) - d7862da6-7204-4dfe-bc24-740f0a8ff707@group-0E8F1F723127->dea903ad-4025-4d6e-95dd-c3cf7ae18738-AppendLogResponseHandler: Failed appendEntries: org.apache.ratis.thirdparty.io.grpc.StatusRuntimeException: UNAVAILABLE: io exception
2019-09-30 21:22:37,121 [grpc-default-executor-5] WARN  server.GrpcLogAppender (LogUtils.java:warn(134)) - d7862da6-7204-4dfe-bc24-740f0a8ff707@group-0E8F1F723127->99573aa8-d5bb-48c2-a623-6999335be6bf-AppendLogResponseHandler: Failed appendEntries: org.apache.ratis.thirdparty.io.grpc.StatusRuntimeException: UNAVAILABLE: io exception
2019-09-30 21:22:37,122 [grpc-default-executor-5] INFO  impl.FollowerInfo (FollowerInfo.java:lambda$new$0(51)) - d7862da6-7204-4dfe-bc24-740f0a8ff707@group-0E8F1F723127->99573aa8-d5bb-48c2-a623-6999335be6bf: nextIndex: updateUnconditionally 0 -> 0
2019-09-30 21:22:37,122 [grpc-default-executor-2] INFO  impl.FollowerInfo (FollowerInfo.java:lambda$new$0(51)) - d7862da6-7204-4dfe-bc24-740f0a8ff707@group-0E8F1F723127->dea903ad-4025-4d6e-95dd-c3cf7ae18738: nextIndex: updateUnconditionally 0 -> 0
2019-09-30 21:22:37,133 [main] WARN  server.ServerUtils (ServerUtils.java:getDBPath(222)) - ozone.om.db.dirs is not configured. We recommend adding this setting. Falling back to ozone.metadata.dirs instead.
2019-09-30 21:22:37,133 [main] WARN  server.ServerUtils (ServerUtils.java:getDBPath(222)) - ozone.om.db.dirs is not configured. We recommend adding this setting. Falling back to ozone.metadata.dirs instead.
2019-09-30 21:22:37,134 [main] INFO  om.OzoneManager (OzoneManager.java:setOMNodeDetails(652)) - OM Service ID is not set. Setting it to the default ID: omServiceIdDefault
2019-09-30 21:22:37,134 [main] INFO  om.OzoneManager (OzoneManager.java:setOMNodeDetails(658)) - OM Node ID is not set. Setting it to the OmStorage's OmID: efc55000-b021-4324-89d9-e39d8b46540e
2019-09-30 21:22:37,134 [main] INFO  om.OzoneManager (OzoneManager.java:loadOMHAConfigs(609)) - Found matching OM address with OMServiceId: null, OMNodeId: null, RPC Address: localhost:0 and Ratis port: 9872
2019-09-30 21:22:37,142 [main] WARN  server.ServerUtils (ServerUtils.java:getDBPath(222)) - ozone.om.db.dirs is not configured. We recommend adding this setting. Falling back to ozone.metadata.dirs instead.
2019-09-30 21:22:37,143 [main] INFO  db.DBStoreBuilder (DBStoreBuilder.java:addTable(110)) - using custom profile for table: userTable
2019-09-30 21:22:37,143 [main] INFO  db.DBStoreBuilder (DBStoreBuilder.java:processTables(161)) - Using default column profile:DBProfile.DISK for Table:userTable
2019-09-30 21:22:37,144 [main] INFO  db.DBStoreBuilder (DBStoreBuilder.java:addTable(110)) - using custom profile for table: volumeTable
2019-09-30 21:22:37,144 [main] INFO  db.DBStoreBuilder (DBStoreBuilder.java:processTables(161)) - Using default column profile:DBProfile.DISK for Table:volumeTable
2019-09-30 21:22:37,144 [main] INFO  db.DBStoreBuilder (DBStoreBuilder.java:addTable(110)) - using custom profile for table: bucketTable
2019-09-30 21:22:37,144 [main] INFO  db.DBStoreBuilder (DBStoreBuilder.java:processTables(161)) - Using default column profile:DBProfile.DISK for Table:bucketTable
2019-09-30 21:22:37,145 [main] INFO  db.DBStoreBuilder (DBStoreBuilder.java:addTable(110)) - using custom profile for table: keyTable
2019-09-30 21:22:37,145 [main] INFO  db.DBStoreBuilder (DBStoreBuilder.java:processTables(161)) - Using default column profile:DBProfile.DISK for Table:keyTable
2019-09-30 21:22:37,145 [main] INFO  db.DBStoreBuilder (DBStoreBuilder.java:addTable(110)) - using custom profile for table: deletedTable
2019-09-30 21:22:37,145 [main] INFO  db.DBStoreBuilder (DBStoreBuilder.java:processTables(161)) - Using default column profile:DBProfile.DISK for Table:deletedTable
2019-09-30 21:22:37,145 [main] INFO  db.DBStoreBuilder (DBStoreBuilder.java:addTable(110)) - using custom profile for table: openKeyTable
2019-09-30 21:22:37,146 [main] INFO  db.DBStoreBuilder (DBStoreBuilder.java:processTables(161)) - Using default column profile:DBProfile.DISK for Table:openKeyTable
2019-09-30 21:22:37,146 [main] INFO  db.DBStoreBuilder (DBStoreBuilder.java:addTable(110)) - using custom profile for table: s3Table
2019-09-30 21:22:37,146 [main] INFO  db.DBStoreBuilder (DBStoreBuilder.java:processTables(161)) - Using default column profile:DBProfile.DISK for Table:s3Table
2019-09-30 21:22:37,147 [main] INFO  db.DBStoreBuilder (DBStoreBuilder.java:addTable(110)) - using custom profile for table: multipartInfoTable
2019-09-30 21:22:37,147 [main] INFO  db.DBStoreBuilder (DBStoreBuilder.java:processTables(161)) - Using default column profile:DBProfile.DISK for Table:multipartInfoTable
2019-09-30 21:22:37,147 [main] INFO  db.DBStoreBuilder (DBStoreBuilder.java:addTable(110)) - using custom profile for table: dTokenTable
2019-09-30 21:22:37,147 [main] INFO  db.DBStoreBuilder (DBStoreBuilder.java:processTables(161)) - Using default column profile:DBProfile.DISK for Table:dTokenTable
2019-09-30 21:22:37,148 [main] INFO  db.DBStoreBuilder (DBStoreBuilder.java:addTable(110)) - using custom profile for table: s3SecretTable
2019-09-30 21:22:37,148 [main] INFO  db.DBStoreBuilder (DBStoreBuilder.java:processTables(161)) - Using default column profile:DBProfile.DISK for Table:s3SecretTable
2019-09-30 21:22:37,148 [main] INFO  db.DBStoreBuilder (DBStoreBuilder.java:addTable(110)) - using custom profile for table: prefixTable
2019-09-30 21:22:37,148 [main] INFO  db.DBStoreBuilder (DBStoreBuilder.java:processTables(161)) - Using default column profile:DBProfile.DISK for Table:prefixTable
2019-09-30 21:22:37,148 [main] INFO  db.DBStoreBuilder (DBStoreBuilder.java:addTable(110)) - using custom profile for table: default
2019-09-30 21:22:37,149 [main] INFO  db.DBStoreBuilder (DBStoreBuilder.java:processTables(167)) - Using default column profile:DBProfile.DISK for Table:default
2019-09-30 21:22:37,149 [main] INFO  db.DBStoreBuilder (DBStoreBuilder.java:getDbProfile(198)) - Using default options. DBProfile.DISK
2019-09-30 21:22:37,870 [main] INFO  ipc.CallQueueManager (CallQueueManager.java:<init>(84)) - Using callQueue: class java.util.concurrent.LinkedBlockingQueue, queueCapacity: 2000, scheduler: class org.apache.hadoop.ipc.DefaultRpcScheduler, ipcBackoff: false.
2019-09-30 21:22:37,871 [Socket Reader #1 for port 36294] INFO  ipc.Server (Server.java:run(1074)) - Starting Socket Reader #1 for port 36294
2019-09-30 21:22:37,885 [main] INFO  om.OzoneManager (OzoneManager.java:start(1243)) - OzoneManager RPC server is listening at localhost/127.0.0.1:36294
2019-09-30 21:22:37,885 [main] INFO  impl.MetricsSystemImpl (MetricsSystemImpl.java:init(158)) - OzoneManager metrics system started (again)
2019-09-30 21:22:37,886 [IPC Server Responder] INFO  ipc.Server (Server.java:run(1314)) - IPC Server Responder: starting
2019-09-30 21:22:37,886 [IPC Server listener on 36294] INFO  ipc.Server (Server.java:run(1153)) - IPC Server listener on 36294: starting
2019-09-30 21:22:37,898 [main] INFO  hdfs.DFSUtil (DFSUtil.java:httpServerTemplateForNNAndJN(1641)) - Starting Web-server for ozoneManager at: http://0.0.0.0:0
2019-09-30 21:22:37,900 [main] INFO  server.AuthenticationFilter (AuthenticationFilter.java:constructSecretProvider(240)) - Unable to initialize FileSignerSecretProvider, falling back to use random secrets.
2019-09-30 21:22:37,900 [main] WARN  http.HttpRequestLog (HttpRequestLog.java:getRequestLog(97)) - Jetty request log can only be enabled using Log4j
2019-09-30 21:22:37,902 [main] INFO  http.HttpServer2 (HttpServer2.java:addGlobalFilter(975)) - Added global filter 'safety' (class=org.apache.hadoop.http.HttpServer2$QuotingInputFilter)
2019-09-30 21:22:37,903 [main] INFO  http.HttpServer2 (HttpServer2.java:addFilter(948)) - Added filter static_user_filter (class=org.apache.hadoop.http.lib.StaticUserWebFilter$StaticUserFilter) to context ozoneManager
2019-09-30 21:22:37,903 [main] INFO  http.HttpServer2 (HttpServer2.java:addFilter(958)) - Added filter static_user_filter (class=org.apache.hadoop.http.lib.StaticUserWebFilter$StaticUserFilter) to context logs
2019-09-30 21:22:37,903 [main] INFO  http.HttpServer2 (HttpServer2.java:addFilter(958)) - Added filter static_user_filter (class=org.apache.hadoop.http.lib.StaticUserWebFilter$StaticUserFilter) to context static
2019-09-30 21:22:37,904 [main] INFO  http.HttpServer2 (HttpServer2.java:bindListener(1191)) - Jetty bound to port 39749
2019-09-30 21:22:37,904 [main] INFO  server.Server (Server.java:doStart(351)) - jetty-9.3.25.v20180904, build timestamp: 2018-09-04T21:11:46Z, git hash: 3ce520221d0240229c862b122d2b06c12a625732
2019-09-30 21:22:37,906 [main] INFO  handler.ContextHandler (ContextHandler.java:doStart(781)) - Started o.e.j.s.ServletContextHandler@1ee5632d{/logs,file:///workdir/hadoop-ozone/integration-test/target/log,AVAILABLE}
2019-09-30 21:22:37,907 [main] INFO  handler.ContextHandler (ContextHandler.java:doStart(781)) - Started o.e.j.s.ServletContextHandler@563ccd31{/static,file:///workdir/hadoop-ozone/integration-test/target/test-classes/webapps/static,AVAILABLE}
2019-09-30 21:22:37,912 [main] INFO  handler.ContextHandler (ContextHandler.java:doStart(781)) - Started o.e.j.w.WebAppContext@1f916219{/,file:///workdir/hadoop-ozone/integration-test/target/test-classes/webapps/ozoneManager/,AVAILABLE}{/ozoneManager}
2019-09-30 21:22:37,912 [main] INFO  server.AbstractConnector (AbstractConnector.java:doStart(278)) - Started ServerConnector@67acfde9{HTTP/1.1,[http/1.1]}{0.0.0.0:39749}
2019-09-30 21:22:37,915 [main] INFO  server.Server (Server.java:doStart(419)) - Started @203144ms
2019-09-30 21:22:37,915 [main] WARN  impl.MetricsSystemImpl (MetricsSystemImpl.java:register(276)) - Sink prometheus already exists!
2019-09-30 21:22:37,916 [main] INFO  server.BaseHttpServer (BaseHttpServer.java:updateConnectorAddress(215)) - HTTP server of OZONEMANAGER is listening at http://0.0.0.0:39749
2019-09-30 21:22:37,932 [main] INFO  impl.MetricsSystemImpl (MetricsSystemImpl.java:init(158)) - HddsDatanode metrics system started (again)
2019-09-30 21:22:37,951 [main] INFO  ozone.HddsDatanodeService (HddsDatanodeService.java:start(184)) - HddsDatanodeService host:pr-hdds-2211-2dwkd-795013237 ip:192.168.30.59
2019-09-30 21:22:37,962 [main] INFO  volume.HddsVolume (HddsVolume.java:<init>(176)) - Creating Volume: /workdir/hadoop-ozone/integration-test/target/test-dir/MiniOzoneClusterImpl-897f703f-c245-4bad-9249-17030f6f4aae/datanode-0/data/containers/hdds of  storage type : DISK and capacity : 1482555576320
2019-09-30 21:22:37,962 [main] INFO  volume.VolumeSet (VolumeSet.java:initializeVolumeSet(170)) - Added Volume : /workdir/hadoop-ozone/integration-test/target/test-dir/MiniOzoneClusterImpl-897f703f-c245-4bad-9249-17030f6f4aae/datanode-0/data/containers/hdds to VolumeSet
2019-09-30 21:22:37,963 [main] INFO  volume.ThrottledAsyncChecker (ThrottledAsyncChecker.java:schedule(139)) - Scheduling a check for org.apache.hadoop.ozone.container.common.volume.HddsVolume@6544899b
2019-09-30 21:22:37,963 [main] INFO  volume.HddsVolumeChecker (HddsVolumeChecker.java:checkAllVolumes(202)) - Scheduled health check for volume org.apache.hadoop.ozone.container.common.volume.HddsVolume@6544899b
2019-09-30 21:22:37,981 [main] INFO  impl.RaftServerProxy (ConfUtils.java:logGet(43)) - raft.rpc.type = GRPC (default)
2019-09-30 21:22:37,982 [main] INFO  grpc.GrpcFactory (GrpcFactory.java:checkPooledByteBufAllocatorUseCacheForAllThreads(45)) - PERFORMANCE WARNING: useCacheForAllThreads is true that may cause Netty to create a lot garbage objects and, as a result, trigger GC.
	It is recommended to disable useCacheForAllThreads by setting -Dorg.apache.ratis.thirdparty.io.netty.allocator.useCacheForAllThreads=false in command line.
2019-09-30 21:22:37,982 [main] INFO  grpc.GrpcConfigKeys$Server (ConfUtils.java:logGet(43)) - raft.grpc.server.port = 0 (default)
2019-09-30 21:22:37,982 [main] INFO  server.GrpcService (ConfUtils.java:logGet(43)) - raft.grpc.message.size.max = 33570816 (custom)
2019-09-30 21:22:37,982 [main] INFO  server.RaftServerConfigKeys (ConfUtils.java:logGet(43)) - raft.server.log.appender.buffer.byte-limit = 33554432 (custom)
2019-09-30 21:22:37,982 [main] INFO  server.GrpcService (ConfUtils.java:logGet(43)) - raft.grpc.flow.control.window = 1MB (=1048576) (default)
2019-09-30 21:22:37,983 [main] INFO  server.RaftServerConfigKeys (ConfUtils.java:logGet(43)) - raft.server.rpc.request.timeout = 3000ms (default)
2019-09-30 21:22:37,983 [main] INFO  server.RaftServerConfigKeys (ConfUtils.java:logGet(43)) - raft.server.storage.dir = [/workdir/hadoop-ozone/integration-test/target/test-dir/MiniOzoneClusterImpl-897f703f-c245-4bad-9249-17030f6f4aae/datanode-0/data/ratis] (custom)
2019-09-30 21:22:37,985 [main] INFO  hdfs.DFSUtil (DFSUtil.java:httpServerTemplateForNNAndJN(1641)) - Starting Web-server for hddsDatanode at: http://0.0.0.0:0
2019-09-30 21:22:37,986 [main] INFO  server.AuthenticationFilter (AuthenticationFilter.java:constructSecretProvider(240)) - Unable to initialize FileSignerSecretProvider, falling back to use random secrets.
2019-09-30 21:22:37,987 [main] WARN  http.HttpRequestLog (HttpRequestLog.java:getRequestLog(97)) - Jetty request log can only be enabled using Log4j
2019-09-30 21:22:37,988 [main] INFO  http.HttpServer2 (HttpServer2.java:addGlobalFilter(975)) - Added global filter 'safety' (class=org.apache.hadoop.http.HttpServer2$QuotingInputFilter)
2019-09-30 21:22:37,988 [main] INFO  http.HttpServer2 (HttpServer2.java:addFilter(948)) - Added filter static_user_filter (class=org.apache.hadoop.http.lib.StaticUserWebFilter$StaticUserFilter) to context hddsDatanode
2019-09-30 21:22:37,989 [main] INFO  http.HttpServer2 (HttpServer2.java:addFilter(958)) - Added filter static_user_filter (class=org.apache.hadoop.http.lib.StaticUserWebFilter$StaticUserFilter) to context static
2019-09-30 21:22:37,989 [main] INFO  http.HttpServer2 (HttpServer2.java:addFilter(958)) - Added filter static_user_filter (class=org.apache.hadoop.http.lib.StaticUserWebFilter$StaticUserFilter) to context logs
2019-09-30 21:22:37,989 [main] INFO  http.HttpServer2 (HttpServer2.java:bindListener(1191)) - Jetty bound to port 43770
2019-09-30 21:22:37,990 [main] INFO  server.Server (Server.java:doStart(351)) - jetty-9.3.25.v20180904, build timestamp: 2018-09-04T21:11:46Z, git hash: 3ce520221d0240229c862b122d2b06c12a625732
2019-09-30 21:22:37,991 [main] INFO  handler.ContextHandler (ContextHandler.java:doStart(781)) - Started o.e.j.s.ServletContextHandler@5c3d4f05{/logs,file:///workdir/hadoop-ozone/integration-test/target/log,AVAILABLE}
2019-09-30 21:22:37,992 [main] INFO  handler.ContextHandler (ContextHandler.java:doStart(781)) - Started o.e.j.s.ServletContextHandler@640d604{/static,jar:file:/home/user/.m2/repository/org/apache/hadoop/hadoop-hdds-container-service/0.5.0-SNAPSHOT/hadoop-hdds-container-service-0.5.0-SNAPSHOT.jar!/webapps/static,AVAILABLE}
2019-09-30 21:22:38,020 [main] INFO  handler.ContextHandler (ContextHandler.java:doStart(781)) - Started o.e.j.w.WebAppContext@11f23038{/,file:///tmp/jetty-0.0.0.0-43770-hddsDatanode-_-any-8170980737521729616.dir/webapp/,AVAILABLE}{/hddsDatanode}
2019-09-30 21:22:38,021 [main] INFO  server.AbstractConnector (AbstractConnector.java:doStart(278)) - Started ServerConnector@de77146{HTTP/1.1,[http/1.1]}{0.0.0.0:43770}
2019-09-30 21:22:38,024 [main] INFO  server.Server (Server.java:doStart(419)) - Started @203253ms
2019-09-30 21:22:38,024 [main] WARN  impl.MetricsSystemImpl (MetricsSystemImpl.java:register(276)) - Sink prometheus already exists!
2019-09-30 21:22:38,025 [main] INFO  server.BaseHttpServer (BaseHttpServer.java:updateConnectorAddress(215)) - HTTP server of HDDSDATANODE is listening at http://0.0.0.0:43770
2019-09-30 21:22:38,026 [main] INFO  impl.MetricsSystemImpl (MetricsSystemImpl.java:init(158)) - HddsDatanode metrics system started (again)
2019-09-30 21:22:38,046 [org.apache.hadoop.util.JvmPauseMonitor$Monitor@10df8cda] INFO  util.JvmPauseMonitor (JvmPauseMonitor.java:run(188)) - Starting JVM pause monitor
2019-09-30 21:22:38,048 [main] INFO  ozone.HddsDatanodeService (HddsDatanodeService.java:start(184)) - HddsDatanodeService host:pr-hdds-2211-2dwkd-795013237 ip:192.168.30.59
2019-09-30 21:22:38,049 [Datanode State Machine Thread - 0] INFO  datanode.InitDatanodeState (InitDatanodeState.java:persistContainerDatanodeDetails(140)) - DatanodeDetails is persisted to /workdir/hadoop-ozone/integration-test/target/test-dir/MiniOzoneClusterImpl-897f703f-c245-4bad-9249-17030f6f4aae/datanode-0/meta/datanode.id
2019-09-30 21:22:38,061 [main] INFO  volume.HddsVolume (HddsVolume.java:<init>(176)) - Creating Volume: /workdir/hadoop-ozone/integration-test/target/test-dir/MiniOzoneClusterImpl-897f703f-c245-4bad-9249-17030f6f4aae/datanode-1/data/containers/hdds of  storage type : DISK and capacity : 1482555576320
2019-09-30 21:22:38,062 [main] INFO  volume.VolumeSet (VolumeSet.java:initializeVolumeSet(170)) - Added Volume : /workdir/hadoop-ozone/integration-test/target/test-dir/MiniOzoneClusterImpl-897f703f-c245-4bad-9249-17030f6f4aae/datanode-1/data/containers/hdds to VolumeSet
2019-09-30 21:22:38,062 [main] INFO  volume.ThrottledAsyncChecker (ThrottledAsyncChecker.java:schedule(139)) - Scheduling a check for org.apache.hadoop.ozone.container.common.volume.HddsVolume@50ec4bfc
2019-09-30 21:22:38,062 [main] INFO  volume.HddsVolumeChecker (HddsVolumeChecker.java:checkAllVolumes(202)) - Scheduled health check for volume org.apache.hadoop.ozone.container.common.volume.HddsVolume@50ec4bfc
2019-09-30 21:22:38,087 [main] INFO  impl.RaftServerProxy (ConfUtils.java:logGet(43)) - raft.rpc.type = GRPC (default)
2019-09-30 21:22:38,088 [main] INFO  grpc.GrpcFactory (GrpcFactory.java:checkPooledByteBufAllocatorUseCacheForAllThreads(45)) - PERFORMANCE WARNING: useCacheForAllThreads is true that may cause Netty to create a lot garbage objects and, as a result, trigger GC.
	It is recommended to disable useCacheForAllThreads by setting -Dorg.apache.ratis.thirdparty.io.netty.allocator.useCacheForAllThreads=false in command line.
2019-09-30 21:22:38,088 [main] INFO  grpc.GrpcConfigKeys$Server (ConfUtils.java:logGet(43)) - raft.grpc.server.port = 0 (default)
2019-09-30 21:22:38,088 [main] INFO  server.GrpcService (ConfUtils.java:logGet(43)) - raft.grpc.message.size.max = 33570816 (custom)
2019-09-30 21:22:38,089 [main] INFO  server.RaftServerConfigKeys (ConfUtils.java:logGet(43)) - raft.server.log.appender.buffer.byte-limit = 33554432 (custom)
2019-09-30 21:22:38,089 [main] INFO  server.GrpcService (ConfUtils.java:logGet(43)) - raft.grpc.flow.control.window = 1MB (=1048576) (default)
2019-09-30 21:22:38,089 [main] INFO  server.RaftServerConfigKeys (ConfUtils.java:logGet(43)) - raft.server.rpc.request.timeout = 3000ms (default)
2019-09-30 21:22:38,090 [main] INFO  server.RaftServerConfigKeys (ConfUtils.java:logGet(43)) - raft.server.storage.dir = [/workdir/hadoop-ozone/integration-test/target/test-dir/MiniOzoneClusterImpl-897f703f-c245-4bad-9249-17030f6f4aae/datanode-1/data/ratis] (custom)
2019-09-30 21:22:38,091 [main] INFO  hdfs.DFSUtil (DFSUtil.java:httpServerTemplateForNNAndJN(1641)) - Starting Web-server for hddsDatanode at: http://0.0.0.0:0
2019-09-30 21:22:38,093 [main] INFO  server.AuthenticationFilter (AuthenticationFilter.java:constructSecretProvider(240)) - Unable to initialize FileSignerSecretProvider, falling back to use random secrets.
2019-09-30 21:22:38,093 [main] WARN  http.HttpRequestLog (HttpRequestLog.java:getRequestLog(97)) - Jetty request log can only be enabled using Log4j
2019-09-30 21:22:38,095 [main] INFO  http.HttpServer2 (HttpServer2.java:addGlobalFilter(975)) - Added global filter 'safety' (class=org.apache.hadoop.http.HttpServer2$QuotingInputFilter)
2019-09-30 21:22:38,095 [main] INFO  http.HttpServer2 (HttpServer2.java:addFilter(948)) - Added filter static_user_filter (class=org.apache.hadoop.http.lib.StaticUserWebFilter$StaticUserFilter) to context hddsDatanode
2019-09-30 21:22:38,096 [main] INFO  http.HttpServer2 (HttpServer2.java:addFilter(958)) - Added filter static_user_filter (class=org.apache.hadoop.http.lib.StaticUserWebFilter$StaticUserFilter) to context logs
2019-09-30 21:22:38,096 [main] INFO  http.HttpServer2 (HttpServer2.java:addFilter(958)) - Added filter static_user_filter (class=org.apache.hadoop.http.lib.StaticUserWebFilter$StaticUserFilter) to context static
2019-09-30 21:22:38,097 [main] INFO  http.HttpServer2 (HttpServer2.java:bindListener(1191)) - Jetty bound to port 41468
2019-09-30 21:22:38,097 [main] INFO  server.Server (Server.java:doStart(351)) - jetty-9.3.25.v20180904, build timestamp: 2018-09-04T21:11:46Z, git hash: 3ce520221d0240229c862b122d2b06c12a625732
2019-09-30 21:22:38,099 [main] INFO  handler.ContextHandler (ContextHandler.java:doStart(781)) - Started o.e.j.s.ServletContextHandler@45037e16{/logs,file:///workdir/hadoop-ozone/integration-test/target/log,AVAILABLE}
2019-09-30 21:22:38,100 [main] INFO  handler.ContextHandler (ContextHandler.java:doStart(781)) - Started o.e.j.s.ServletContextHandler@6222391a{/static,jar:file:/home/user/.m2/repository/org/apache/hadoop/hadoop-hdds-container-service/0.5.0-SNAPSHOT/hadoop-hdds-container-service-0.5.0-SNAPSHOT.jar!/webapps/static,AVAILABLE}
2019-09-30 21:22:38,130 [main] INFO  handler.ContextHandler (ContextHandler.java:doStart(781)) - Started o.e.j.w.WebAppContext@8641b7d{/,file:///tmp/jetty-0.0.0.0-41468-hddsDatanode-_-any-141627014429423105.dir/webapp/,AVAILABLE}{/hddsDatanode}
2019-09-30 21:22:38,131 [main] INFO  server.AbstractConnector (AbstractConnector.java:doStart(278)) - Started ServerConnector@37c7766e{HTTP/1.1,[http/1.1]}{0.0.0.0:41468}
2019-09-30 21:22:38,134 [main] INFO  server.Server (Server.java:doStart(419)) - Started @203363ms
2019-09-30 21:22:38,134 [main] WARN  impl.MetricsSystemImpl (MetricsSystemImpl.java:register(276)) - Sink prometheus already exists!
2019-09-30 21:22:38,135 [main] INFO  server.BaseHttpServer (BaseHttpServer.java:updateConnectorAddress(215)) - HTTP server of HDDSDATANODE is listening at http://0.0.0.0:41468
2019-09-30 21:22:38,135 [main] INFO  impl.MetricsSystemImpl (MetricsSystemImpl.java:init(158)) - HddsDatanode metrics system started (again)
2019-09-30 21:22:38,152 [org.apache.hadoop.util.JvmPauseMonitor$Monitor@7881abff] INFO  util.JvmPauseMonitor (JvmPauseMonitor.java:run(188)) - Starting JVM pause monitor
2019-09-30 21:22:38,153 [Datanode State Machine Thread - 0] INFO  datanode.InitDatanodeState (InitDatanodeState.java:persistContainerDatanodeDetails(140)) - DatanodeDetails is persisted to /workdir/hadoop-ozone/integration-test/target/test-dir/MiniOzoneClusterImpl-897f703f-c245-4bad-9249-17030f6f4aae/datanode-1/meta/datanode.id
2019-09-30 21:22:38,153 [main] INFO  ozone.HddsDatanodeService (HddsDatanodeService.java:start(184)) - HddsDatanodeService host:pr-hdds-2211-2dwkd-795013237 ip:192.168.30.59
2019-09-30 21:22:38,162 [main] INFO  volume.HddsVolume (HddsVolume.java:<init>(176)) - Creating Volume: /workdir/hadoop-ozone/integration-test/target/test-dir/MiniOzoneClusterImpl-897f703f-c245-4bad-9249-17030f6f4aae/datanode-2/data/containers/hdds of  storage type : DISK and capacity : 1482555576320
2019-09-30 21:22:38,162 [main] INFO  volume.VolumeSet (VolumeSet.java:initializeVolumeSet(170)) - Added Volume : /workdir/hadoop-ozone/integration-test/target/test-dir/MiniOzoneClusterImpl-897f703f-c245-4bad-9249-17030f6f4aae/datanode-2/data/containers/hdds to VolumeSet
2019-09-30 21:22:38,162 [main] INFO  volume.ThrottledAsyncChecker (ThrottledAsyncChecker.java:schedule(139)) - Scheduling a check for org.apache.hadoop.ozone.container.common.volume.HddsVolume@3caee3a8
2019-09-30 21:22:38,162 [main] INFO  volume.HddsVolumeChecker (HddsVolumeChecker.java:checkAllVolumes(202)) - Scheduled health check for volume org.apache.hadoop.ozone.container.common.volume.HddsVolume@3caee3a8
2019-09-30 21:22:38,175 [main] INFO  impl.RaftServerProxy (ConfUtils.java:logGet(43)) - raft.rpc.type = GRPC (default)
2019-09-30 21:22:38,176 [main] INFO  grpc.GrpcFactory (GrpcFactory.java:checkPooledByteBufAllocatorUseCacheForAllThreads(45)) - PERFORMANCE WARNING: useCacheForAllThreads is true that may cause Netty to create a lot garbage objects and, as a result, trigger GC.
	It is recommended to disable useCacheForAllThreads by setting -Dorg.apache.ratis.thirdparty.io.netty.allocator.useCacheForAllThreads=false in command line.
2019-09-30 21:22:38,176 [main] INFO  grpc.GrpcConfigKeys$Server (ConfUtils.java:logGet(43)) - raft.grpc.server.port = 0 (default)
2019-09-30 21:22:38,176 [main] INFO  server.GrpcService (ConfUtils.java:logGet(43)) - raft.grpc.message.size.max = 33570816 (custom)
2019-09-30 21:22:38,176 [main] INFO  server.RaftServerConfigKeys (ConfUtils.java:logGet(43)) - raft.server.log.appender.buffer.byte-limit = 33554432 (custom)
2019-09-30 21:22:38,176 [main] INFO  server.GrpcService (ConfUtils.java:logGet(43)) - raft.grpc.flow.control.window = 1MB (=1048576) (default)
2019-09-30 21:22:38,176 [main] INFO  server.RaftServerConfigKeys (ConfUtils.java:logGet(43)) - raft.server.rpc.request.timeout = 3000ms (default)
2019-09-30 21:22:38,177 [main] INFO  server.RaftServerConfigKeys (ConfUtils.java:logGet(43)) - raft.server.storage.dir = [/workdir/hadoop-ozone/integration-test/target/test-dir/MiniOzoneClusterImpl-897f703f-c245-4bad-9249-17030f6f4aae/datanode-2/data/ratis] (custom)
2019-09-30 21:22:38,178 [main] INFO  hdfs.DFSUtil (DFSUtil.java:httpServerTemplateForNNAndJN(1641)) - Starting Web-server for hddsDatanode at: http://0.0.0.0:0
2019-09-30 21:22:38,179 [main] INFO  server.AuthenticationFilter (AuthenticationFilter.java:constructSecretProvider(240)) - Unable to initialize FileSignerSecretProvider, falling back to use random secrets.
2019-09-30 21:22:38,179 [main] WARN  http.HttpRequestLog (HttpRequestLog.java:getRequestLog(97)) - Jetty request log can only be enabled using Log4j
2019-09-30 21:22:38,180 [main] INFO  http.HttpServer2 (HttpServer2.java:addGlobalFilter(975)) - Added global filter 'safety' (class=org.apache.hadoop.http.HttpServer2$QuotingInputFilter)
2019-09-30 21:22:38,181 [main] INFO  http.HttpServer2 (HttpServer2.java:addFilter(948)) - Added filter static_user_filter (class=org.apache.hadoop.http.lib.StaticUserWebFilter$StaticUserFilter) to context hddsDatanode
2019-09-30 21:22:38,181 [main] INFO  http.HttpServer2 (HttpServer2.java:addFilter(958)) - Added filter static_user_filter (class=org.apache.hadoop.http.lib.StaticUserWebFilter$StaticUserFilter) to context static
2019-09-30 21:22:38,181 [main] INFO  http.HttpServer2 (HttpServer2.java:addFilter(958)) - Added filter static_user_filter (class=org.apache.hadoop.http.lib.StaticUserWebFilter$StaticUserFilter) to context logs
2019-09-30 21:22:38,181 [main] INFO  http.HttpServer2 (HttpServer2.java:bindListener(1191)) - Jetty bound to port 33687
2019-09-30 21:22:38,182 [main] INFO  server.Server (Server.java:doStart(351)) - jetty-9.3.25.v20180904, build timestamp: 2018-09-04T21:11:46Z, git hash: 3ce520221d0240229c862b122d2b06c12a625732
2019-09-30 21:22:38,183 [main] INFO  handler.ContextHandler (ContextHandler.java:doStart(781)) - Started o.e.j.s.ServletContextHandler@64f4f12{/logs,file:///workdir/hadoop-ozone/integration-test/target/log,AVAILABLE}
2019-09-30 21:22:38,184 [main] INFO  handler.ContextHandler (ContextHandler.java:doStart(781)) - Started o.e.j.s.ServletContextHandler@7d0cd23c{/static,jar:file:/home/user/.m2/repository/org/apache/hadoop/hadoop-hdds-container-service/0.5.0-SNAPSHOT/hadoop-hdds-container-service-0.5.0-SNAPSHOT.jar!/webapps/static,AVAILABLE}
2019-09-30 21:22:38,215 [main] INFO  handler.ContextHandler (ContextHandler.java:doStart(781)) - Started o.e.j.w.WebAppContext@6075b369{/,file:///tmp/jetty-0.0.0.0-33687-hddsDatanode-_-any-1822969505612364194.dir/webapp/,AVAILABLE}{/hddsDatanode}
2019-09-30 21:22:38,215 [main] INFO  server.AbstractConnector (AbstractConnector.java:doStart(278)) - Started ServerConnector@231cdda8{HTTP/1.1,[http/1.1]}{0.0.0.0:33687}
2019-09-30 21:22:38,218 [main] INFO  server.Server (Server.java:doStart(419)) - Started @203446ms
2019-09-30 21:22:38,218 [main] WARN  impl.MetricsSystemImpl (MetricsSystemImpl.java:register(276)) - Sink prometheus already exists!
2019-09-30 21:22:38,218 [main] INFO  server.BaseHttpServer (BaseHttpServer.java:updateConnectorAddress(215)) - HTTP server of HDDSDATANODE is listening at http://0.0.0.0:33687
2019-09-30 21:22:38,219 [main] INFO  impl.MetricsSystemImpl (MetricsSystemImpl.java:init(158)) - HddsDatanode metrics system started (again)
2019-09-30 21:22:38,236 [org.apache.hadoop.util.JvmPauseMonitor$Monitor@5a336013] INFO  util.JvmPauseMonitor (JvmPauseMonitor.java:run(188)) - Starting JVM pause monitor
2019-09-30 21:22:38,237 [Datanode State Machine Thread - 0] INFO  datanode.InitDatanodeState (InitDatanodeState.java:persistContainerDatanodeDetails(140)) - DatanodeDetails is persisted to /workdir/hadoop-ozone/integration-test/target/test-dir/MiniOzoneClusterImpl-897f703f-c245-4bad-9249-17030f6f4aae/datanode-2/meta/datanode.id
2019-09-30 21:22:38,237 [main] INFO  ozone.HddsDatanodeService (HddsDatanodeService.java:start(184)) - HddsDatanodeService host:pr-hdds-2211-2dwkd-795013237 ip:192.168.30.59
2019-09-30 21:22:38,247 [main] INFO  volume.HddsVolume (HddsVolume.java:<init>(176)) - Creating Volume: /workdir/hadoop-ozone/integration-test/target/test-dir/MiniOzoneClusterImpl-897f703f-c245-4bad-9249-17030f6f4aae/datanode-3/data/containers/hdds of  storage type : DISK and capacity : 1482555576320
2019-09-30 21:22:38,247 [main] INFO  volume.VolumeSet (VolumeSet.java:initializeVolumeSet(170)) - Added Volume : /workdir/hadoop-ozone/integration-test/target/test-dir/MiniOzoneClusterImpl-897f703f-c245-4bad-9249-17030f6f4aae/datanode-3/data/containers/hdds to VolumeSet
2019-09-30 21:22:38,248 [main] INFO  volume.ThrottledAsyncChecker (ThrottledAsyncChecker.java:schedule(139)) - Scheduling a check for org.apache.hadoop.ozone.container.common.volume.HddsVolume@2bec068b
2019-09-30 21:22:38,248 [main] INFO  volume.HddsVolumeChecker (HddsVolumeChecker.java:checkAllVolumes(202)) - Scheduled health check for volume org.apache.hadoop.ozone.container.common.volume.HddsVolume@2bec068b
2019-09-30 21:22:38,269 [main] INFO  impl.RaftServerProxy (ConfUtils.java:logGet(43)) - raft.rpc.type = GRPC (default)
2019-09-30 21:22:38,269 [main] INFO  grpc.GrpcFactory (GrpcFactory.java:checkPooledByteBufAllocatorUseCacheForAllThreads(45)) - PERFORMANCE WARNING: useCacheForAllThreads is true that may cause Netty to create a lot garbage objects and, as a result, trigger GC.
	It is recommended to disable useCacheForAllThreads by setting -Dorg.apache.ratis.thirdparty.io.netty.allocator.useCacheForAllThreads=false in command line.
2019-09-30 21:22:38,269 [main] INFO  grpc.GrpcConfigKeys$Server (ConfUtils.java:logGet(43)) - raft.grpc.server.port = 0 (default)
2019-09-30 21:22:38,270 [main] INFO  server.GrpcService (ConfUtils.java:logGet(43)) - raft.grpc.message.size.max = 33570816 (custom)
2019-09-30 21:22:38,270 [main] INFO  server.RaftServerConfigKeys (ConfUtils.java:logGet(43)) - raft.server.log.appender.buffer.byte-limit = 33554432 (custom)
2019-09-30 21:22:38,270 [main] INFO  server.GrpcService (ConfUtils.java:logGet(43)) - raft.grpc.flow.control.window = 1MB (=1048576) (default)
2019-09-30 21:22:38,270 [main] INFO  server.RaftServerConfigKeys (ConfUtils.java:logGet(43)) - raft.server.rpc.request.timeout = 3000ms (default)
2019-09-30 21:22:38,271 [main] INFO  server.RaftServerConfigKeys (ConfUtils.java:logGet(43)) - raft.server.storage.dir = [/workdir/hadoop-ozone/integration-test/target/test-dir/MiniOzoneClusterImpl-897f703f-c245-4bad-9249-17030f6f4aae/datanode-3/data/ratis] (custom)
2019-09-30 21:22:38,272 [main] INFO  hdfs.DFSUtil (DFSUtil.java:httpServerTemplateForNNAndJN(1641)) - Starting Web-server for hddsDatanode at: http://0.0.0.0:0
2019-09-30 21:22:38,274 [main] INFO  server.AuthenticationFilter (AuthenticationFilter.java:constructSecretProvider(240)) - Unable to initialize FileSignerSecretProvider, falling back to use random secrets.
2019-09-30 21:22:38,274 [main] WARN  http.HttpRequestLog (HttpRequestLog.java:getRequestLog(97)) - Jetty request log can only be enabled using Log4j
2019-09-30 21:22:38,276 [main] INFO  http.HttpServer2 (HttpServer2.java:addGlobalFilter(975)) - Added global filter 'safety' (class=org.apache.hadoop.http.HttpServer2$QuotingInputFilter)
2019-09-30 21:22:38,277 [main] INFO  http.HttpServer2 (HttpServer2.java:addFilter(948)) - Added filter static_user_filter (class=org.apache.hadoop.http.lib.StaticUserWebFilter$StaticUserFilter) to context hddsDatanode
2019-09-30 21:22:38,277 [main] INFO  http.HttpServer2 (HttpServer2.java:addFilter(958)) - Added filter static_user_filter (class=org.apache.hadoop.http.lib.StaticUserWebFilter$StaticUserFilter) to context static
2019-09-30 21:22:38,277 [main] INFO  http.HttpServer2 (HttpServer2.java:addFilter(958)) - Added filter static_user_filter (class=org.apache.hadoop.http.lib.StaticUserWebFilter$StaticUserFilter) to context logs
2019-09-30 21:22:38,278 [main] INFO  http.HttpServer2 (HttpServer2.java:bindListener(1191)) - Jetty bound to port 41834
2019-09-30 21:22:38,278 [main] INFO  server.Server (Server.java:doStart(351)) - jetty-9.3.25.v20180904, build timestamp: 2018-09-04T21:11:46Z, git hash: 3ce520221d0240229c862b122d2b06c12a625732
2019-09-30 21:22:38,284 [main] INFO  handler.ContextHandler (ContextHandler.java:doStart(781)) - Started o.e.j.s.ServletContextHandler@6f50d55c{/logs,file:///workdir/hadoop-ozone/integration-test/target/log,AVAILABLE}
2019-09-30 21:22:38,285 [main] INFO  handler.ContextHandler (ContextHandler.java:doStart(781)) - Started o.e.j.s.ServletContextHandler@5fb3111a{/static,jar:file:/home/user/.m2/repository/org/apache/hadoop/hadoop-hdds-container-service/0.5.0-SNAPSHOT/hadoop-hdds-container-service-0.5.0-SNAPSHOT.jar!/webapps/static,AVAILABLE}
2019-09-30 21:22:38,319 [main] INFO  handler.ContextHandler (ContextHandler.java:doStart(781)) - Started o.e.j.w.WebAppContext@31ab1e67{/,file:///tmp/jetty-0.0.0.0-41834-hddsDatanode-_-any-2910125291006740868.dir/webapp/,AVAILABLE}{/hddsDatanode}
2019-09-30 21:22:38,320 [main] INFO  server.AbstractConnector (AbstractConnector.java:doStart(278)) - Started ServerConnector@29bbc391{HTTP/1.1,[http/1.1]}{0.0.0.0:41834}
2019-09-30 21:22:38,322 [main] INFO  server.Server (Server.java:doStart(419)) - Started @203551ms
2019-09-30 21:22:38,323 [main] WARN  impl.MetricsSystemImpl (MetricsSystemImpl.java:register(276)) - Sink prometheus already exists!
2019-09-30 21:22:38,323 [main] INFO  server.BaseHttpServer (BaseHttpServer.java:updateConnectorAddress(215)) - HTTP server of HDDSDATANODE is listening at http://0.0.0.0:41834
2019-09-30 21:22:38,323 [main] INFO  impl.MetricsSystemImpl (MetricsSystemImpl.java:init(158)) - HddsDatanode metrics system started (again)
2019-09-30 21:22:38,341 [org.apache.hadoop.util.JvmPauseMonitor$Monitor@7dff591e] INFO  util.JvmPauseMonitor (JvmPauseMonitor.java:run(188)) - Starting JVM pause monitor
2019-09-30 21:22:38,343 [main] INFO  ozone.HddsDatanodeService (HddsDatanodeService.java:start(184)) - HddsDatanodeService host:pr-hdds-2211-2dwkd-795013237 ip:192.168.30.59
2019-09-30 21:22:38,343 [Datanode State Machine Thread - 0] INFO  datanode.InitDatanodeState (InitDatanodeState.java:persistContainerDatanodeDetails(140)) - DatanodeDetails is persisted to /workdir/hadoop-ozone/integration-test/target/test-dir/MiniOzoneClusterImpl-897f703f-c245-4bad-9249-17030f6f4aae/datanode-3/meta/datanode.id
2019-09-30 21:22:38,352 [main] INFO  volume.HddsVolume (HddsVolume.java:<init>(176)) - Creating Volume: /workdir/hadoop-ozone/integration-test/target/test-dir/MiniOzoneClusterImpl-897f703f-c245-4bad-9249-17030f6f4aae/datanode-4/data/containers/hdds of  storage type : DISK and capacity : 1482555576320
2019-09-30 21:22:38,352 [main] INFO  volume.VolumeSet (VolumeSet.java:initializeVolumeSet(170)) - Added Volume : /workdir/hadoop-ozone/integration-test/target/test-dir/MiniOzoneClusterImpl-897f703f-c245-4bad-9249-17030f6f4aae/datanode-4/data/containers/hdds to VolumeSet
2019-09-30 21:22:38,353 [main] INFO  volume.ThrottledAsyncChecker (ThrottledAsyncChecker.java:schedule(139)) - Scheduling a check for org.apache.hadoop.ozone.container.common.volume.HddsVolume@75e80a97
2019-09-30 21:22:38,353 [main] INFO  volume.HddsVolumeChecker (HddsVolumeChecker.java:checkAllVolumes(202)) - Scheduled health check for volume org.apache.hadoop.ozone.container.common.volume.HddsVolume@75e80a97
2019-09-30 21:22:38,367 [main] INFO  impl.RaftServerProxy (ConfUtils.java:logGet(43)) - raft.rpc.type = GRPC (default)
2019-09-30 21:22:38,368 [main] INFO  grpc.GrpcFactory (GrpcFactory.java:checkPooledByteBufAllocatorUseCacheForAllThreads(45)) - PERFORMANCE WARNING: useCacheForAllThreads is true that may cause Netty to create a lot garbage objects and, as a result, trigger GC.
	It is recommended to disable useCacheForAllThreads by setting -Dorg.apache.ratis.thirdparty.io.netty.allocator.useCacheForAllThreads=false in command line.
2019-09-30 21:22:38,368 [main] INFO  grpc.GrpcConfigKeys$Server (ConfUtils.java:logGet(43)) - raft.grpc.server.port = 0 (default)
2019-09-30 21:22:38,368 [main] INFO  server.GrpcService (ConfUtils.java:logGet(43)) - raft.grpc.message.size.max = 33570816 (custom)
2019-09-30 21:22:38,368 [main] INFO  server.RaftServerConfigKeys (ConfUtils.java:logGet(43)) - raft.server.log.appender.buffer.byte-limit = 33554432 (custom)
2019-09-30 21:22:38,368 [main] INFO  server.GrpcService (ConfUtils.java:logGet(43)) - raft.grpc.flow.control.window = 1MB (=1048576) (default)
2019-09-30 21:22:38,368 [main] INFO  server.RaftServerConfigKeys (ConfUtils.java:logGet(43)) - raft.server.rpc.request.timeout = 3000ms (default)
2019-09-30 21:22:38,369 [main] INFO  server.RaftServerConfigKeys (ConfUtils.java:logGet(43)) - raft.server.storage.dir = [/workdir/hadoop-ozone/integration-test/target/test-dir/MiniOzoneClusterImpl-897f703f-c245-4bad-9249-17030f6f4aae/datanode-4/data/ratis] (custom)
2019-09-30 21:22:38,370 [main] INFO  hdfs.DFSUtil (DFSUtil.java:httpServerTemplateForNNAndJN(1641)) - Starting Web-server for hddsDatanode at: http://0.0.0.0:0
2019-09-30 21:22:38,372 [main] INFO  server.AuthenticationFilter (AuthenticationFilter.java:constructSecretProvider(240)) - Unable to initialize FileSignerSecretProvider, falling back to use random secrets.
2019-09-30 21:22:38,372 [main] WARN  http.HttpRequestLog (HttpRequestLog.java:getRequestLog(97)) - Jetty request log can only be enabled using Log4j
2019-09-30 21:22:38,375 [main] INFO  http.HttpServer2 (HttpServer2.java:addGlobalFilter(975)) - Added global filter 'safety' (class=org.apache.hadoop.http.HttpServer2$QuotingInputFilter)
2019-09-30 21:22:38,375 [main] INFO  http.HttpServer2 (HttpServer2.java:addFilter(948)) - Added filter static_user_filter (class=org.apache.hadoop.http.lib.StaticUserWebFilter$StaticUserFilter) to context hddsDatanode
2019-09-30 21:22:38,376 [main] INFO  http.HttpServer2 (HttpServer2.java:addFilter(958)) - Added filter static_user_filter (class=org.apache.hadoop.http.lib.StaticUserWebFilter$StaticUserFilter) to context static
2019-09-30 21:22:38,376 [main] INFO  http.HttpServer2 (HttpServer2.java:addFilter(958)) - Added filter static_user_filter (class=org.apache.hadoop.http.lib.StaticUserWebFilter$StaticUserFilter) to context logs
2019-09-30 21:22:38,377 [main] INFO  http.HttpServer2 (HttpServer2.java:bindListener(1191)) - Jetty bound to port 34412
2019-09-30 21:22:38,377 [main] INFO  server.Server (Server.java:doStart(351)) - jetty-9.3.25.v20180904, build timestamp: 2018-09-04T21:11:46Z, git hash: 3ce520221d0240229c862b122d2b06c12a625732
2019-09-30 21:22:38,379 [main] INFO  handler.ContextHandler (ContextHandler.java:doStart(781)) - Started o.e.j.s.ServletContextHandler@546ed2a0{/logs,file:///workdir/hadoop-ozone/integration-test/target/log,AVAILABLE}
2019-09-30 21:22:38,380 [main] INFO  handler.ContextHandler (ContextHandler.java:doStart(781)) - Started o.e.j.s.ServletContextHandler@27ec8754{/static,jar:file:/home/user/.m2/repository/org/apache/hadoop/hadoop-hdds-container-service/0.5.0-SNAPSHOT/hadoop-hdds-container-service-0.5.0-SNAPSHOT.jar!/webapps/static,AVAILABLE}
2019-09-30 21:22:38,421 [main] INFO  handler.ContextHandler (ContextHandler.java:doStart(781)) - Started o.e.j.w.WebAppContext@3a0b6a{/,file:///tmp/jetty-0.0.0.0-34412-hddsDatanode-_-any-3548750346394294371.dir/webapp/,AVAILABLE}{/hddsDatanode}
2019-09-30 21:22:38,421 [main] INFO  server.AbstractConnector (AbstractConnector.java:doStart(278)) - Started ServerConnector@539c4830{HTTP/1.1,[http/1.1]}{0.0.0.0:34412}
2019-09-30 21:22:38,425 [main] INFO  server.Server (Server.java:doStart(419)) - Started @203653ms
2019-09-30 21:22:38,425 [main] WARN  impl.MetricsSystemImpl (MetricsSystemImpl.java:register(276)) - Sink prometheus already exists!
2019-09-30 21:22:38,425 [main] INFO  server.BaseHttpServer (BaseHttpServer.java:updateConnectorAddress(215)) - HTTP server of HDDSDATANODE is listening at http://0.0.0.0:34412
2019-09-30 21:22:38,426 [main] INFO  impl.MetricsSystemImpl (MetricsSystemImpl.java:init(158)) - HddsDatanode metrics system started (again)
2019-09-30 21:22:38,448 [org.apache.hadoop.util.JvmPauseMonitor$Monitor@57f40aaa] INFO  util.JvmPauseMonitor (JvmPauseMonitor.java:run(188)) - Starting JVM pause monitor
2019-09-30 21:22:38,449 [Datanode State Machine Thread - 0] INFO  datanode.InitDatanodeState (InitDatanodeState.java:persistContainerDatanodeDetails(140)) - DatanodeDetails is persisted to /workdir/hadoop-ozone/integration-test/target/test-dir/MiniOzoneClusterImpl-897f703f-c245-4bad-9249-17030f6f4aae/datanode-4/meta/datanode.id
2019-09-30 21:22:38,449 [main] INFO  ozone.HddsDatanodeService (HddsDatanodeService.java:start(184)) - HddsDatanodeService host:pr-hdds-2211-2dwkd-795013237 ip:192.168.30.59
2019-09-30 21:22:38,458 [main] INFO  volume.HddsVolume (HddsVolume.java:<init>(176)) - Creating Volume: /workdir/hadoop-ozone/integration-test/target/test-dir/MiniOzoneClusterImpl-897f703f-c245-4bad-9249-17030f6f4aae/datanode-5/data/containers/hdds of  storage type : DISK and capacity : 1482555576320
2019-09-30 21:22:38,458 [main] INFO  volume.VolumeSet (VolumeSet.java:initializeVolumeSet(170)) - Added Volume : /workdir/hadoop-ozone/integration-test/target/test-dir/MiniOzoneClusterImpl-897f703f-c245-4bad-9249-17030f6f4aae/datanode-5/data/containers/hdds to VolumeSet
2019-09-30 21:22:38,459 [main] INFO  volume.ThrottledAsyncChecker (ThrottledAsyncChecker.java:schedule(139)) - Scheduling a check for org.apache.hadoop.ozone.container.common.volume.HddsVolume@72a8361b
2019-09-30 21:22:38,459 [main] INFO  volume.HddsVolumeChecker (HddsVolumeChecker.java:checkAllVolumes(202)) - Scheduled health check for volume org.apache.hadoop.ozone.container.common.volume.HddsVolume@72a8361b
2019-09-30 21:22:38,474 [main] INFO  impl.RaftServerProxy (ConfUtils.java:logGet(43)) - raft.rpc.type = GRPC (default)
2019-09-30 21:22:38,474 [main] INFO  grpc.GrpcFactory (GrpcFactory.java:checkPooledByteBufAllocatorUseCacheForAllThreads(45)) - PERFORMANCE WARNING: useCacheForAllThreads is true that may cause Netty to create a lot garbage objects and, as a result, trigger GC.
	It is recommended to disable useCacheForAllThreads by setting -Dorg.apache.ratis.thirdparty.io.netty.allocator.useCacheForAllThreads=false in command line.
2019-09-30 21:22:38,474 [main] INFO  grpc.GrpcConfigKeys$Server (ConfUtils.java:logGet(43)) - raft.grpc.server.port = 0 (default)
2019-09-30 21:22:38,474 [main] INFO  server.GrpcService (ConfUtils.java:logGet(43)) - raft.grpc.message.size.max = 33570816 (custom)
2019-09-30 21:22:38,475 [main] INFO  server.RaftServerConfigKeys (ConfUtils.java:logGet(43)) - raft.server.log.appender.buffer.byte-limit = 33554432 (custom)
2019-09-30 21:22:38,475 [main] INFO  server.GrpcService (ConfUtils.java:logGet(43)) - raft.grpc.flow.control.window = 1MB (=1048576) (default)
2019-09-30 21:22:38,475 [main] INFO  server.RaftServerConfigKeys (ConfUtils.java:logGet(43)) - raft.server.rpc.request.timeout = 3000ms (default)
2019-09-30 21:22:38,475 [main] INFO  server.RaftServerConfigKeys (ConfUtils.java:logGet(43)) - raft.server.storage.dir = [/workdir/hadoop-ozone/integration-test/target/test-dir/MiniOzoneClusterImpl-897f703f-c245-4bad-9249-17030f6f4aae/datanode-5/data/ratis] (custom)
2019-09-30 21:22:38,476 [main] INFO  hdfs.DFSUtil (DFSUtil.java:httpServerTemplateForNNAndJN(1641)) - Starting Web-server for hddsDatanode at: http://0.0.0.0:0
2019-09-30 21:22:38,478 [main] INFO  server.AuthenticationFilter (AuthenticationFilter.java:constructSecretProvider(240)) - Unable to initialize FileSignerSecretProvider, falling back to use random secrets.
2019-09-30 21:22:38,478 [main] WARN  http.HttpRequestLog (HttpRequestLog.java:getRequestLog(97)) - Jetty request log can only be enabled using Log4j
2019-09-30 21:22:38,479 [main] INFO  http.HttpServer2 (HttpServer2.java:addGlobalFilter(975)) - Added global filter 'safety' (class=org.apache.hadoop.http.HttpServer2$QuotingInputFilter)
2019-09-30 21:22:38,479 [main] INFO  http.HttpServer2 (HttpServer2.java:addFilter(948)) - Added filter static_user_filter (class=org.apache.hadoop.http.lib.StaticUserWebFilter$StaticUserFilter) to context hddsDatanode
2019-09-30 21:22:38,480 [main] INFO  http.HttpServer2 (HttpServer2.java:addFilter(958)) - Added filter static_user_filter (class=org.apache.hadoop.http.lib.StaticUserWebFilter$StaticUserFilter) to context logs
2019-09-30 21:22:38,480 [main] INFO  http.HttpServer2 (HttpServer2.java:addFilter(958)) - Added filter static_user_filter (class=org.apache.hadoop.http.lib.StaticUserWebFilter$StaticUserFilter) to context static
2019-09-30 21:22:38,480 [main] INFO  http.HttpServer2 (HttpServer2.java:bindListener(1191)) - Jetty bound to port 42515
2019-09-30 21:22:38,480 [main] INFO  server.Server (Server.java:doStart(351)) - jetty-9.3.25.v20180904, build timestamp: 2018-09-04T21:11:46Z, git hash: 3ce520221d0240229c862b122d2b06c12a625732
2019-09-30 21:22:38,482 [main] INFO  handler.ContextHandler (ContextHandler.java:doStart(781)) - Started o.e.j.s.ServletContextHandler@234cd86c{/logs,file:///workdir/hadoop-ozone/integration-test/target/log,AVAILABLE}
2019-09-30 21:22:38,482 [main] INFO  handler.ContextHandler (ContextHandler.java:doStart(781)) - Started o.e.j.s.ServletContextHandler@39c87b42{/static,jar:file:/home/user/.m2/repository/org/apache/hadoop/hadoop-hdds-container-service/0.5.0-SNAPSHOT/hadoop-hdds-container-service-0.5.0-SNAPSHOT.jar!/webapps/static,AVAILABLE}
2019-09-30 21:22:38,511 [main] INFO  handler.ContextHandler (ContextHandler.java:doStart(781)) - Started o.e.j.w.WebAppContext@29c53c4f{/,file:///tmp/jetty-0.0.0.0-42515-hddsDatanode-_-any-7899660518819177246.dir/webapp/,AVAILABLE}{/hddsDatanode}
2019-09-30 21:22:38,511 [main] INFO  server.AbstractConnector (AbstractConnector.java:doStart(278)) - Started ServerConnector@3009eed7{HTTP/1.1,[http/1.1]}{0.0.0.0:42515}
2019-09-30 21:22:38,515 [main] INFO  server.Server (Server.java:doStart(419)) - Started @203743ms
2019-09-30 21:22:38,515 [main] WARN  impl.MetricsSystemImpl (MetricsSystemImpl.java:register(276)) - Sink prometheus already exists!
2019-09-30 21:22:38,515 [main] INFO  server.BaseHttpServer (BaseHttpServer.java:updateConnectorAddress(215)) - HTTP server of HDDSDATANODE is listening at http://0.0.0.0:42515
2019-09-30 21:22:38,516 [main] INFO  impl.MetricsSystemImpl (MetricsSystemImpl.java:init(158)) - HddsDatanode metrics system started (again)
2019-09-30 21:22:38,535 [org.apache.hadoop.util.JvmPauseMonitor$Monitor@28071541] INFO  util.JvmPauseMonitor (JvmPauseMonitor.java:run(188)) - Starting JVM pause monitor
2019-09-30 21:22:38,536 [main] INFO  ozone.HddsDatanodeService (HddsDatanodeService.java:start(184)) - HddsDatanodeService host:pr-hdds-2211-2dwkd-795013237 ip:192.168.30.59
2019-09-30 21:22:38,536 [Datanode State Machine Thread - 0] INFO  datanode.InitDatanodeState (InitDatanodeState.java:persistContainerDatanodeDetails(140)) - DatanodeDetails is persisted to /workdir/hadoop-ozone/integration-test/target/test-dir/MiniOzoneClusterImpl-897f703f-c245-4bad-9249-17030f6f4aae/datanode-5/meta/datanode.id
2019-09-30 21:22:38,545 [main] INFO  volume.HddsVolume (HddsVolume.java:<init>(176)) - Creating Volume: /workdir/hadoop-ozone/integration-test/target/test-dir/MiniOzoneClusterImpl-897f703f-c245-4bad-9249-17030f6f4aae/datanode-6/data/containers/hdds of  storage type : DISK and capacity : 1482555576320
2019-09-30 21:22:38,545 [main] INFO  volume.VolumeSet (VolumeSet.java:initializeVolumeSet(170)) - Added Volume : /workdir/hadoop-ozone/integration-test/target/test-dir/MiniOzoneClusterImpl-897f703f-c245-4bad-9249-17030f6f4aae/datanode-6/data/containers/hdds to VolumeSet
2019-09-30 21:22:38,546 [main] INFO  volume.ThrottledAsyncChecker (ThrottledAsyncChecker.java:schedule(139)) - Scheduling a check for org.apache.hadoop.ozone.container.common.volume.HddsVolume@14d8e132
2019-09-30 21:22:38,546 [main] INFO  volume.HddsVolumeChecker (HddsVolumeChecker.java:checkAllVolumes(202)) - Scheduled health check for volume org.apache.hadoop.ozone.container.common.volume.HddsVolume@14d8e132
2019-09-30 21:22:38,561 [main] INFO  impl.RaftServerProxy (ConfUtils.java:logGet(43)) - raft.rpc.type = GRPC (default)
2019-09-30 21:22:38,561 [main] INFO  grpc.GrpcFactory (GrpcFactory.java:checkPooledByteBufAllocatorUseCacheForAllThreads(45)) - PERFORMANCE WARNING: useCacheForAllThreads is true that may cause Netty to create a lot garbage objects and, as a result, trigger GC.
	It is recommended to disable useCacheForAllThreads by setting -Dorg.apache.ratis.thirdparty.io.netty.allocator.useCacheForAllThreads=false in command line.
2019-09-30 21:22:38,562 [main] INFO  grpc.GrpcConfigKeys$Server (ConfUtils.java:logGet(43)) - raft.grpc.server.port = 0 (default)
2019-09-30 21:22:38,562 [main] INFO  server.GrpcService (ConfUtils.java:logGet(43)) - raft.grpc.message.size.max = 33570816 (custom)
2019-09-30 21:22:38,562 [main] INFO  server.RaftServerConfigKeys (ConfUtils.java:logGet(43)) - raft.server.log.appender.buffer.byte-limit = 33554432 (custom)
2019-09-30 21:22:38,562 [main] INFO  server.GrpcService (ConfUtils.java:logGet(43)) - raft.grpc.flow.control.window = 1MB (=1048576) (default)
2019-09-30 21:22:38,562 [main] INFO  server.RaftServerConfigKeys (ConfUtils.java:logGet(43)) - raft.server.rpc.request.timeout = 3000ms (default)
2019-09-30 21:22:38,563 [main] INFO  server.RaftServerConfigKeys (ConfUtils.java:logGet(43)) - raft.server.storage.dir = [/workdir/hadoop-ozone/integration-test/target/test-dir/MiniOzoneClusterImpl-897f703f-c245-4bad-9249-17030f6f4aae/datanode-6/data/ratis] (custom)
2019-09-30 21:22:38,564 [main] INFO  hdfs.DFSUtil (DFSUtil.java:httpServerTemplateForNNAndJN(1641)) - Starting Web-server for hddsDatanode at: http://0.0.0.0:0
2019-09-30 21:22:38,565 [main] INFO  server.AuthenticationFilter (AuthenticationFilter.java:constructSecretProvider(240)) - Unable to initialize FileSignerSecretProvider, falling back to use random secrets.
2019-09-30 21:22:38,565 [main] WARN  http.HttpRequestLog (HttpRequestLog.java:getRequestLog(97)) - Jetty request log can only be enabled using Log4j
2019-09-30 21:22:38,566 [main] INFO  http.HttpServer2 (HttpServer2.java:addGlobalFilter(975)) - Added global filter 'safety' (class=org.apache.hadoop.http.HttpServer2$QuotingInputFilter)
2019-09-30 21:22:38,566 [main] INFO  http.HttpServer2 (HttpServer2.java:addFilter(948)) - Added filter static_user_filter (class=org.apache.hadoop.http.lib.StaticUserWebFilter$StaticUserFilter) to context hddsDatanode
2019-09-30 21:22:38,566 [main] INFO  http.HttpServer2 (HttpServer2.java:addFilter(958)) - Added filter static_user_filter (class=org.apache.hadoop.http.lib.StaticUserWebFilter$StaticUserFilter) to context logs
2019-09-30 21:22:38,567 [main] INFO  http.HttpServer2 (HttpServer2.java:addFilter(958)) - Added filter static_user_filter (class=org.apache.hadoop.http.lib.StaticUserWebFilter$StaticUserFilter) to context static
2019-09-30 21:22:38,567 [main] INFO  http.HttpServer2 (HttpServer2.java:bindListener(1191)) - Jetty bound to port 33621
2019-09-30 21:22:38,567 [main] INFO  server.Server (Server.java:doStart(351)) - jetty-9.3.25.v20180904, build timestamp: 2018-09-04T21:11:46Z, git hash: 3ce520221d0240229c862b122d2b06c12a625732
2019-09-30 21:22:38,569 [main] INFO  handler.ContextHandler (ContextHandler.java:doStart(781)) - Started o.e.j.s.ServletContextHandler@cbf1997{/logs,file:///workdir/hadoop-ozone/integration-test/target/log,AVAILABLE}
2019-09-30 21:22:38,569 [main] INFO  handler.ContextHandler (ContextHandler.java:doStart(781)) - Started o.e.j.s.ServletContextHandler@5faeeb56{/static,jar:file:/home/user/.m2/repository/org/apache/hadoop/hadoop-hdds-container-service/0.5.0-SNAPSHOT/hadoop-hdds-container-service-0.5.0-SNAPSHOT.jar!/webapps/static,AVAILABLE}
2019-09-30 21:22:38,595 [main] INFO  handler.ContextHandler (ContextHandler.java:doStart(781)) - Started o.e.j.w.WebAppContext@50e5032c{/,file:///tmp/jetty-0.0.0.0-33621-hddsDatanode-_-any-729079094495067494.dir/webapp/,AVAILABLE}{/hddsDatanode}
2019-09-30 21:22:38,596 [main] INFO  server.AbstractConnector (AbstractConnector.java:doStart(278)) - Started ServerConnector@545d2560{HTTP/1.1,[http/1.1]}{0.0.0.0:33621}
2019-09-30 21:22:38,599 [main] INFO  server.Server (Server.java:doStart(419)) - Started @203827ms
2019-09-30 21:22:38,599 [main] WARN  impl.MetricsSystemImpl (MetricsSystemImpl.java:register(276)) - Sink prometheus already exists!
2019-09-30 21:22:38,600 [main] INFO  server.BaseHttpServer (BaseHttpServer.java:updateConnectorAddress(215)) - HTTP server of HDDSDATANODE is listening at http://0.0.0.0:33621
2019-09-30 21:22:38,600 [main] INFO  ozone.MiniOzoneClusterImpl (MiniOzoneClusterImpl.java:lambda$waitForClusterToBeReady$0(147)) - Waiting for cluster to be ready. Got 0 of 7 DN Heartbeats.
2019-09-30 21:22:38,601 [org.apache.hadoop.util.JvmPauseMonitor$Monitor@151e412a] INFO  util.JvmPauseMonitor (JvmPauseMonitor.java:run(188)) - Starting JVM pause monitor
2019-09-30 21:22:38,602 [Datanode State Machine Thread - 0] INFO  datanode.InitDatanodeState (InitDatanodeState.java:persistContainerDatanodeDetails(140)) - DatanodeDetails is persisted to /workdir/hadoop-ozone/integration-test/target/test-dir/MiniOzoneClusterImpl-897f703f-c245-4bad-9249-17030f6f4aae/datanode-6/meta/datanode.id
2019-09-30 21:22:39,600 [main] INFO  ozone.MiniOzoneClusterImpl (MiniOzoneClusterImpl.java:lambda$waitForClusterToBeReady$0(147)) - Waiting for cluster to be ready. Got 0 of 7 DN Heartbeats.
2019-09-30 21:22:39,623 [grpc-default-executor-0] WARN  server.GrpcLogAppender (LogUtils.java:warn(134)) - d7862da6-7204-4dfe-bc24-740f0a8ff707@group-0E8F1F723127->dea903ad-4025-4d6e-95dd-c3cf7ae18738-AppendLogResponseHandler: Failed appendEntries: org.apache.ratis.thirdparty.io.grpc.StatusRuntimeException: UNAVAILABLE: io exception
2019-09-30 21:22:39,623 [grpc-default-executor-4] WARN  server.GrpcLogAppender (LogUtils.java:warn(134)) - d7862da6-7204-4dfe-bc24-740f0a8ff707@group-0E8F1F723127->99573aa8-d5bb-48c2-a623-6999335be6bf-AppendLogResponseHandler: Failed appendEntries: org.apache.ratis.thirdparty.io.grpc.StatusRuntimeException: UNAVAILABLE: io exception
2019-09-30 21:22:39,623 [grpc-default-executor-0] INFO  impl.FollowerInfo (FollowerInfo.java:lambda$new$0(51)) - d7862da6-7204-4dfe-bc24-740f0a8ff707@group-0E8F1F723127->dea903ad-4025-4d6e-95dd-c3cf7ae18738: nextIndex: updateUnconditionally 0 -> 0
2019-09-30 21:22:39,623 [grpc-default-executor-4] INFO  impl.FollowerInfo (FollowerInfo.java:lambda$new$0(51)) - d7862da6-7204-4dfe-bc24-740f0a8ff707@group-0E8F1F723127->99573aa8-d5bb-48c2-a623-6999335be6bf: nextIndex: updateUnconditionally 0 -> 0
2019-09-30 21:22:40,121 [Datanode State Machine Thread - 0] INFO  ozoneimpl.OzoneContainer (OzoneContainer.java:start(217)) - Attempting to start container services.
2019-09-30 21:22:40,121 [Datanode State Machine Thread - 0] INFO  ozoneimpl.OzoneContainer (OzoneContainer.java:startContainerScrub(179)) - Background container scanner has been disabled.
2019-09-30 21:22:40,121 [Datanode State Machine Thread - 0] INFO  ratis.XceiverServerRatis (XceiverServerRatis.java:start(417)) - Starting XceiverServerRatis 7d885d46-bb12-4055-b1ac-cba6c5fbb84e at port 0
2019-09-30 21:22:40,128 [Datanode State Machine Thread - 0] INFO  impl.RaftServerProxy (RaftServerProxy.java:lambda$start$3(299)) - 7d885d46-bb12-4055-b1ac-cba6c5fbb84e: start RPC server
2019-09-30 21:22:40,129 [Datanode State Machine Thread - 0] INFO  server.GrpcService (GrpcService.java:startImpl(158)) - 7d885d46-bb12-4055-b1ac-cba6c5fbb84e: GrpcService started, listening on 0.0.0.0/0.0.0.0:41425
2019-09-30 21:22:40,129 [Datanode State Machine Thread - 0] INFO  ratis.XceiverServerRatis (XceiverServerRatis.java:start(427)) - XceiverServerRatis 7d885d46-bb12-4055-b1ac-cba6c5fbb84e is started using port 41425
2019-09-30 21:22:40,130 [Datanode State Machine Thread - 0] INFO  server.XceiverServerGrpc (XceiverServerGrpc.java:start(149)) - XceiverServerGrpc 7d885d46-bb12-4055-b1ac-cba6c5fbb84e is started using port 45015
2019-09-30 21:22:40,181 [Datanode State Machine Thread - 0] INFO  ozoneimpl.OzoneContainer (OzoneContainer.java:start(217)) - Attempting to start container services.
2019-09-30 21:22:40,182 [Datanode State Machine Thread - 0] INFO  ozoneimpl.OzoneContainer (OzoneContainer.java:startContainerScrub(179)) - Background container scanner has been disabled.
2019-09-30 21:22:40,182 [Datanode State Machine Thread - 0] INFO  ratis.XceiverServerRatis (XceiverServerRatis.java:start(417)) - Starting XceiverServerRatis cf1267e6-3edb-47f3-9009-3ba32f482c13 at port 0
2019-09-30 21:22:40,188 [Datanode State Machine Thread - 0] INFO  impl.RaftServerProxy (RaftServerProxy.java:lambda$start$3(299)) - cf1267e6-3edb-47f3-9009-3ba32f482c13: start RPC server
2019-09-30 21:22:40,189 [Datanode State Machine Thread - 0] INFO  server.GrpcService (GrpcService.java:startImpl(158)) - cf1267e6-3edb-47f3-9009-3ba32f482c13: GrpcService started, listening on 0.0.0.0/0.0.0.0:36111
2019-09-30 21:22:40,189 [Datanode State Machine Thread - 0] INFO  ratis.XceiverServerRatis (XceiverServerRatis.java:start(427)) - XceiverServerRatis cf1267e6-3edb-47f3-9009-3ba32f482c13 is started using port 36111
2019-09-30 21:22:40,190 [Datanode State Machine Thread - 0] INFO  server.XceiverServerGrpc (XceiverServerGrpc.java:start(149)) - XceiverServerGrpc cf1267e6-3edb-47f3-9009-3ba32f482c13 is started using port 37141
2019-09-30 21:22:40,260 [Datanode State Machine Thread - 0] INFO  ozoneimpl.OzoneContainer (OzoneContainer.java:start(217)) - Attempting to start container services.
2019-09-30 21:22:40,261 [Datanode State Machine Thread - 0] INFO  ozoneimpl.OzoneContainer (OzoneContainer.java:startContainerScrub(179)) - Background container scanner has been disabled.
2019-09-30 21:22:40,261 [Datanode State Machine Thread - 0] INFO  ratis.XceiverServerRatis (XceiverServerRatis.java:start(417)) - Starting XceiverServerRatis f663b933-14fc-4499-8cf3-ca7c9e546181 at port 0
2019-09-30 21:22:40,267 [Datanode State Machine Thread - 0] INFO  impl.RaftServerProxy (RaftServerProxy.java:lambda$start$3(299)) - f663b933-14fc-4499-8cf3-ca7c9e546181: start RPC server
2019-09-30 21:22:40,268 [Datanode State Machine Thread - 0] INFO  server.GrpcService (GrpcService.java:startImpl(158)) - f663b933-14fc-4499-8cf3-ca7c9e546181: GrpcService started, listening on 0.0.0.0/0.0.0.0:37121
2019-09-30 21:22:40,268 [Datanode State Machine Thread - 0] INFO  ratis.XceiverServerRatis (XceiverServerRatis.java:start(427)) - XceiverServerRatis f663b933-14fc-4499-8cf3-ca7c9e546181 is started using port 37121
2019-09-30 21:22:40,272 [Datanode State Machine Thread - 0] INFO  server.XceiverServerGrpc (XceiverServerGrpc.java:start(149)) - XceiverServerGrpc f663b933-14fc-4499-8cf3-ca7c9e546181 is started using port 35788
2019-09-30 21:22:40,365 [Datanode State Machine Thread - 0] INFO  ozoneimpl.OzoneContainer (OzoneContainer.java:start(217)) - Attempting to start container services.
2019-09-30 21:22:40,365 [Datanode State Machine Thread - 0] INFO  ozoneimpl.OzoneContainer (OzoneContainer.java:startContainerScrub(179)) - Background container scanner has been disabled.
2019-09-30 21:22:40,365 [Datanode State Machine Thread - 0] INFO  ratis.XceiverServerRatis (XceiverServerRatis.java:start(417)) - Starting XceiverServerRatis 46eb3679-150a-4e53-bd71-3fc425be5183 at port 0
2019-09-30 21:22:40,372 [Datanode State Machine Thread - 0] INFO  impl.RaftServerProxy (RaftServerProxy.java:lambda$start$3(299)) - 46eb3679-150a-4e53-bd71-3fc425be5183: start RPC server
2019-09-30 21:22:40,376 [Datanode State Machine Thread - 0] INFO  server.GrpcService (GrpcService.java:startImpl(158)) - 46eb3679-150a-4e53-bd71-3fc425be5183: GrpcService started, listening on 0.0.0.0/0.0.0.0:44182
2019-09-30 21:22:40,377 [Datanode State Machine Thread - 0] INFO  ratis.XceiverServerRatis (XceiverServerRatis.java:start(427)) - XceiverServerRatis 46eb3679-150a-4e53-bd71-3fc425be5183 is started using port 44182
2019-09-30 21:22:40,381 [Datanode State Machine Thread - 0] INFO  server.XceiverServerGrpc (XceiverServerGrpc.java:start(149)) - XceiverServerGrpc 46eb3679-150a-4e53-bd71-3fc425be5183 is started using port 38602
2019-09-30 21:22:40,472 [Datanode State Machine Thread - 0] INFO  ozoneimpl.OzoneContainer (OzoneContainer.java:start(217)) - Attempting to start container services.
2019-09-30 21:22:40,472 [Datanode State Machine Thread - 0] INFO  ozoneimpl.OzoneContainer (OzoneContainer.java:startContainerScrub(179)) - Background container scanner has been disabled.
2019-09-30 21:22:40,472 [Datanode State Machine Thread - 0] INFO  ratis.XceiverServerRatis (XceiverServerRatis.java:start(417)) - Starting XceiverServerRatis ff3c03e4-eabb-488a-9aac-d4ae30c6bb8a at port 0
2019-09-30 21:22:40,479 [Datanode State Machine Thread - 0] INFO  impl.RaftServerProxy (RaftServerProxy.java:lambda$start$3(299)) - ff3c03e4-eabb-488a-9aac-d4ae30c6bb8a: start RPC server
2019-09-30 21:22:40,483 [Datanode State Machine Thread - 0] INFO  server.GrpcService (GrpcService.java:startImpl(158)) - ff3c03e4-eabb-488a-9aac-d4ae30c6bb8a: GrpcService started, listening on 0.0.0.0/0.0.0.0:35817
2019-09-30 21:22:40,483 [Datanode State Machine Thread - 0] INFO  ratis.XceiverServerRatis (XceiverServerRatis.java:start(427)) - XceiverServerRatis ff3c03e4-eabb-488a-9aac-d4ae30c6bb8a is started using port 35817
2019-09-30 21:22:40,487 [Datanode State Machine Thread - 0] INFO  server.XceiverServerGrpc (XceiverServerGrpc.java:start(149)) - XceiverServerGrpc ff3c03e4-eabb-488a-9aac-d4ae30c6bb8a is started using port 34788
2019-09-30 21:22:40,559 [Datanode State Machine Thread - 0] INFO  ozoneimpl.OzoneContainer (OzoneContainer.java:start(217)) - Attempting to start container services.
2019-09-30 21:22:40,559 [Datanode State Machine Thread - 0] INFO  ozoneimpl.OzoneContainer (OzoneContainer.java:startContainerScrub(179)) - Background container scanner has been disabled.
2019-09-30 21:22:40,559 [Datanode State Machine Thread - 0] INFO  ratis.XceiverServerRatis (XceiverServerRatis.java:start(417)) - Starting XceiverServerRatis a748b230-209c-4796-adb9-b2bd89778327 at port 0
2019-09-30 21:22:40,567 [Datanode State Machine Thread - 0] INFO  impl.RaftServerProxy (RaftServerProxy.java:lambda$start$3(299)) - a748b230-209c-4796-adb9-b2bd89778327: start RPC server
2019-09-30 21:22:40,571 [Datanode State Machine Thread - 0] INFO  server.GrpcService (GrpcService.java:startImpl(158)) - a748b230-209c-4796-adb9-b2bd89778327: GrpcService started, listening on 0.0.0.0/0.0.0.0:36541
2019-09-30 21:22:40,571 [Datanode State Machine Thread - 0] INFO  ratis.XceiverServerRatis (XceiverServerRatis.java:start(427)) - XceiverServerRatis a748b230-209c-4796-adb9-b2bd89778327 is started using port 36541
2019-09-30 21:22:40,571 [Datanode State Machine Thread - 0] INFO  server.XceiverServerGrpc (XceiverServerGrpc.java:start(149)) - XceiverServerGrpc a748b230-209c-4796-adb9-b2bd89778327 is started using port 45188
2019-09-30 21:22:40,601 [main] INFO  ozone.MiniOzoneClusterImpl (MiniOzoneClusterImpl.java:lambda$waitForClusterToBeReady$0(147)) - Waiting for cluster to be ready. Got 0 of 7 DN Heartbeats.
2019-09-30 21:22:40,625 [Datanode State Machine Thread - 0] INFO  ozoneimpl.OzoneContainer (OzoneContainer.java:start(217)) - Attempting to start container services.
2019-09-30 21:22:40,625 [Datanode State Machine Thread - 0] INFO  ozoneimpl.OzoneContainer (OzoneContainer.java:startContainerScrub(179)) - Background container scanner has been disabled.
2019-09-30 21:22:40,626 [Datanode State Machine Thread - 0] INFO  ratis.XceiverServerRatis (XceiverServerRatis.java:start(417)) - Starting XceiverServerRatis 73709bb0-c865-4aa5-8280-440abca6ddad at port 0
2019-09-30 21:22:40,631 [Datanode State Machine Thread - 0] INFO  impl.RaftServerProxy (RaftServerProxy.java:lambda$start$3(299)) - 73709bb0-c865-4aa5-8280-440abca6ddad: start RPC server
2019-09-30 21:22:40,632 [Datanode State Machine Thread - 0] INFO  server.GrpcService (GrpcService.java:startImpl(158)) - 73709bb0-c865-4aa5-8280-440abca6ddad: GrpcService started, listening on 0.0.0.0/0.0.0.0:45811
2019-09-30 21:22:40,632 [Datanode State Machine Thread - 0] INFO  ratis.XceiverServerRatis (XceiverServerRatis.java:start(427)) - XceiverServerRatis 73709bb0-c865-4aa5-8280-440abca6ddad is started using port 45811
2019-09-30 21:22:40,655 [Datanode State Machine Thread - 0] INFO  server.XceiverServerGrpc (XceiverServerGrpc.java:start(149)) - XceiverServerGrpc 73709bb0-c865-4aa5-8280-440abca6ddad is started using port 38672
2019-09-30 21:22:41,601 [main] INFO  ozone.MiniOzoneClusterImpl (MiniOzoneClusterImpl.java:lambda$waitForClusterToBeReady$0(147)) - Waiting for cluster to be ready. Got 0 of 7 DN Heartbeats.
2019-09-30 21:22:42,053 [IPC Server handler 11 on 36464] INFO  net.NetworkTopology (NetworkTopologyImpl.java:add(111)) - Added a new node: /default-rack/7d885d46-bb12-4055-b1ac-cba6c5fbb84e
2019-09-30 21:22:42,053 [IPC Server handler 11 on 36464] INFO  node.SCMNodeManager (SCMNodeManager.java:register(266)) - Registered Data node : 7d885d46-bb12-4055-b1ac-cba6c5fbb84e{ip: 192.168.30.59, host: pr-hdds-2211-2dwkd-795013237, networkLocation: /default-rack, certSerialId: null}
2019-09-30 21:22:42,059 [EventQueue-NodeRegistrationContainerReportForDataNodeSafeModeRule] INFO  safemode.SCMSafeModeManager (DataNodeSafeModeRule.java:process(71)) - SCM in safe mode. 1 DataNodes registered, 1 required.
2019-09-30 21:22:42,064 [EventQueue-NodeRegistrationContainerReportForDataNodeSafeModeRule] INFO  safemode.SCMSafeModeManager (SCMSafeModeManager.java:validateSafeModeExitRules(177)) - ScmSafeModeManager, all rules are successfully validated
2019-09-30 21:22:42,064 [EventQueue-NodeRegistrationContainerReportForDataNodeSafeModeRule] INFO  safemode.SCMSafeModeManager (SCMSafeModeManager.java:exitSafeMode(193)) - SCM exiting safe mode.
2019-09-30 21:22:42,075 [grpc-default-executor-0] INFO  impl.RaftServerProxy (RaftServerProxy.java:addNew(89)) - 7d885d46-bb12-4055-b1ac-cba6c5fbb84e: addNew group-B0DE016224A9:[7d885d46-bb12-4055-b1ac-cba6c5fbb84e:192.168.30.59:41425] returns group-B0DE016224A9:java.util.concurrent.CompletableFuture@39cb7616[Not completed]
2019-09-30 21:22:42,078 [pool-383-thread-1] INFO  impl.RaftServerImpl (RaftServerImpl.java:<init>(95)) - 7d885d46-bb12-4055-b1ac-cba6c5fbb84e: new RaftServerImpl for group-B0DE016224A9:[7d885d46-bb12-4055-b1ac-cba6c5fbb84e:192.168.30.59:41425] with ContainerStateMachine:uninitialized
2019-09-30 21:22:42,078 [pool-383-thread-1] INFO  server.RaftServerConfigKeys (ConfUtils.java:logGet(43)) - raft.server.rpc.timeout.min = 5s (custom)
2019-09-30 21:22:42,078 [pool-383-thread-1] INFO  server.RaftServerConfigKeys (ConfUtils.java:logGet(43)) - raft.server.rpc.timeout.max = 5200ms (custom)
2019-09-30 21:22:42,078 [pool-383-thread-1] INFO  server.RaftServerConfigKeys (ConfUtils.java:logGet(43)) - raft.server.rpcslowness.timeout = 120s (custom)
2019-09-30 21:22:42,078 [pool-383-thread-1] INFO  server.RaftServerConfigKeys (ConfUtils.java:logGet(43)) - raft.server.sleep.deviation.threshold = 300 (default)
2019-09-30 21:22:42,078 [pool-383-thread-1] INFO  server.RaftServerConfigKeys (ConfUtils.java:logGet(43)) - raft.server.log.appender.install.snapshot.enabled = false (custom)
2019-09-30 21:22:42,079 [pool-383-thread-1] INFO  impl.RaftServerImpl (ServerState.java:<init>(103)) - 7d885d46-bb12-4055-b1ac-cba6c5fbb84e@group-B0DE016224A9: ConfigurationManager, init=-1: [7d885d46-bb12-4055-b1ac-cba6c5fbb84e:192.168.30.59:41425], old=null, confs=<EMPTY_MAP>
2019-09-30 21:22:42,079 [pool-383-thread-1] INFO  server.RaftServerConfigKeys (ConfUtils.java:logGet(43)) - raft.server.storage.dir = [/workdir/hadoop-ozone/integration-test/target/test-dir/MiniOzoneClusterImpl-897f703f-c245-4bad-9249-17030f6f4aae/datanode-0/data/ratis] (custom)
2019-09-30 21:22:42,079 [pool-383-thread-1] INFO  server.RaftServerConfigKeys (ConfUtils.java:logGet(43)) - raft.server.log.corruption.policy = EXCEPTION (default)
2019-09-30 21:22:42,080 [pool-383-thread-1] INFO  storage.RaftStorageDirectory (RaftStorageDirectory.java:analyzeStorage(246)) - The storage directory /workdir/hadoop-ozone/integration-test/target/test-dir/MiniOzoneClusterImpl-897f703f-c245-4bad-9249-17030f6f4aae/datanode-0/data/ratis/ca5928a4-0e0b-487e-aaa4-b0de016224a9 does not exist. Creating ...
2019-09-30 21:22:42,115 [pool-383-thread-1] INFO  storage.RaftStorageDirectory (RaftStorageDirectory.java:tryLock(328)) - Lock on /workdir/hadoop-ozone/integration-test/target/test-dir/MiniOzoneClusterImpl-897f703f-c245-4bad-9249-17030f6f4aae/datanode-0/data/ratis/ca5928a4-0e0b-487e-aaa4-b0de016224a9/in_use.lock acquired by nodename 12236@pr-hdds-2211-2dwkd-795013237
2019-09-30 21:22:42,121 [grpc-default-executor-3] WARN  server.GrpcLogAppender (LogUtils.java:warn(134)) - d7862da6-7204-4dfe-bc24-740f0a8ff707@group-0E8F1F723127->dea903ad-4025-4d6e-95dd-c3cf7ae18738-AppendLogResponseHandler: Failed appendEntries: org.apache.ratis.thirdparty.io.grpc.StatusRuntimeException: UNAVAILABLE: io exception
2019-09-30 21:22:42,121 [grpc-default-executor-1] WARN  server.GrpcLogAppender (LogUtils.java:warn(134)) - d7862da6-7204-4dfe-bc24-740f0a8ff707@group-0E8F1F723127->99573aa8-d5bb-48c2-a623-6999335be6bf-AppendLogResponseHandler: Failed appendEntries: org.apache.ratis.thirdparty.io.grpc.StatusRuntimeException: UNAVAILABLE: io exception
2019-09-30 21:22:42,122 [grpc-default-executor-3] INFO  impl.FollowerInfo (FollowerInfo.java:lambda$new$0(51)) - d7862da6-7204-4dfe-bc24-740f0a8ff707@group-0E8F1F723127->dea903ad-4025-4d6e-95dd-c3cf7ae18738: nextIndex: updateUnconditionally 0 -> 0
2019-09-30 21:22:42,122 [grpc-default-executor-1] INFO  impl.FollowerInfo (FollowerInfo.java:lambda$new$0(51)) - d7862da6-7204-4dfe-bc24-740f0a8ff707@group-0E8F1F723127->99573aa8-d5bb-48c2-a623-6999335be6bf: nextIndex: updateUnconditionally 0 -> 0
2019-09-30 21:22:42,140 [pool-383-thread-1] INFO  storage.RaftStorage (RaftStorage.java:format(84)) - Storage directory /workdir/hadoop-ozone/integration-test/target/test-dir/MiniOzoneClusterImpl-897f703f-c245-4bad-9249-17030f6f4aae/datanode-0/data/ratis/ca5928a4-0e0b-487e-aaa4-b0de016224a9 has been successfully formatted.
2019-09-30 21:22:42,140 [pool-383-thread-1] INFO  ratis.ContainerStateMachine (ContainerStateMachine.java:loadSnapshot(230)) - group-B0DE016224A9: The snapshot info is null. Setting the last applied indexto:(t:0, i:~)
2019-09-30 21:22:42,140 [pool-383-thread-1] INFO  server.RaftServerConfigKeys (ConfUtils.java:logGet(43)) - raft.server.notification.no-leader.timeout = 120s (custom)
2019-09-30 21:22:42,141 [pool-383-thread-1] INFO  server.RaftServerConfigKeys (ConfUtils.java:logGet(43)) - raft.server.log.use.memory = false (default)
2019-09-30 21:22:42,141 [pool-383-thread-1] INFO  server.RaftServerConfigKeys (ConfUtils.java:logGet(43)) - raft.server.log.purge.gap = 1000000 (custom)
2019-09-30 21:22:42,141 [pool-383-thread-1] INFO  server.RaftServerConfigKeys (ConfUtils.java:logGet(43)) - raft.server.log.appender.buffer.byte-limit = 33554432 (custom)
2019-09-30 21:22:42,141 [pool-383-thread-1] INFO  server.RaftServerConfigKeys (ConfUtils.java:logGet(43)) - raft.server.log.segment.size.max = 1048576 (custom)
2019-09-30 21:22:42,143 [pool-383-thread-1] INFO  server.RaftServerConfigKeys (ConfUtils.java:logGet(43)) - raft.server.log.segment.cache.num.max = 2 (custom)
2019-09-30 21:22:42,143 [pool-383-thread-1] INFO  segmented.SegmentedRaftLogWorker (SegmentedRaftLogWorker.java:<init>(173)) - new 7d885d46-bb12-4055-b1ac-cba6c5fbb84e@group-B0DE016224A9-SegmentedRaftLogWorker for RaftStorage:Storage Directory /workdir/hadoop-ozone/integration-test/target/test-dir/MiniOzoneClusterImpl-897f703f-c245-4bad-9249-17030f6f4aae/datanode-0/data/ratis/ca5928a4-0e0b-487e-aaa4-b0de016224a9
2019-09-30 21:22:42,143 [pool-383-thread-1] INFO  server.RaftServerConfigKeys (ConfUtils.java:logGet(43)) - raft.server.log.queue.byte-limit = 2147483647 (custom)
2019-09-30 21:22:42,143 [pool-383-thread-1] INFO  server.RaftServerConfigKeys (ConfUtils.java:logGet(43)) - raft.server.log.queue.element-limit = 1024 (custom)
2019-09-30 21:22:42,143 [pool-383-thread-1] INFO  server.RaftServerConfigKeys (ConfUtils.java:logGet(43)) - raft.server.log.segment.size.max = 1048576 (custom)
2019-09-30 21:22:42,143 [pool-383-thread-1] INFO  server.RaftServerConfigKeys (ConfUtils.java:logGet(43)) - raft.server.log.preallocated.size = 16384 (custom)
2019-09-30 21:22:42,144 [pool-383-thread-1] INFO  server.RaftServerConfigKeys (ConfUtils.java:logGet(43)) - raft.server.log.write.buffer.size = 33554432 (custom)
2019-09-30 21:22:42,144 [pool-383-thread-1] INFO  server.RaftServerConfigKeys (ConfUtils.java:logGet(43)) - raft.server.log.force.sync.num = 128 (default)
2019-09-30 21:22:42,144 [pool-383-thread-1] INFO  server.RaftServerConfigKeys (ConfUtils.java:logGet(43)) - raft.server.log.statemachine.data.sync = true (default)
2019-09-30 21:22:42,144 [pool-383-thread-1] INFO  server.RaftServerConfigKeys (ConfUtils.java:logGet(43)) - raft.server.log.statemachine.data.sync.timeout = 10s (default)
2019-09-30 21:22:42,144 [pool-383-thread-1] INFO  server.RaftServerConfigKeys (ConfUtils.java:logGet(43)) - raft.server.log.statemachine.data.sync.timeout.retry = -1 (default)
2019-09-30 21:22:42,144 [pool-383-thread-1] INFO  server.RaftServerConfigKeys (ConfUtils.java:logGet(43)) - raft.server.log.statemachine.data.caching.enabled = true (custom)
2019-09-30 21:22:42,145 [pool-383-thread-1] INFO  segmented.SegmentedRaftLogWorker (SegmentedRaftLogWorker.java:lambda$new$0(128)) - 7d885d46-bb12-4055-b1ac-cba6c5fbb84e@group-B0DE016224A9-SegmentedRaftLogWorker: flushIndex: setUnconditionally 0 -> -1
2019-09-30 21:22:42,145 [pool-383-thread-1] INFO  server.RaftServerConfigKeys (ConfUtils.java:logGet(43)) - raft.server.snapshot.auto.trigger.enabled = true (custom)
2019-09-30 21:22:42,145 [pool-383-thread-1] INFO  server.RaftServerConfigKeys (ConfUtils.java:logGet(43)) - raft.server.snapshot.auto.trigger.threshold = 10000 (custom)
2019-09-30 21:22:42,145 [pool-383-thread-1] INFO  server.RaftServerConfigKeys (ConfUtils.java:logGet(43)) - raft.server.snapshot.retention.file.num = 5 (custom)
2019-09-30 21:22:42,145 [pool-383-thread-1] INFO  server.RaftServerConfigKeys (ConfUtils.java:logGet(43)) - raft.server.retrycache.expirytime = 600000ms (custom)
2019-09-30 21:22:42,147 [pool-383-thread-1] INFO  impl.RaftServerImpl (RaftServerImpl.java:start(181)) - 7d885d46-bb12-4055-b1ac-cba6c5fbb84e@group-B0DE016224A9: start as a follower, conf=-1: [7d885d46-bb12-4055-b1ac-cba6c5fbb84e:192.168.30.59:41425], old=null
2019-09-30 21:22:42,147 [pool-383-thread-1] INFO  impl.RaftServerImpl (RaftServerImpl.java:setRole(170)) - 7d885d46-bb12-4055-b1ac-cba6c5fbb84e@group-B0DE016224A9: changes role from      null to FOLLOWER at term 0 for startAsFollower
2019-09-30 21:22:42,147 [pool-383-thread-1] INFO  impl.RoleInfo (RoleInfo.java:updateAndGet(143)) - 7d885d46-bb12-4055-b1ac-cba6c5fbb84e: start FollowerState
2019-09-30 21:22:42,148 [pool-383-thread-1] INFO  util.JmxRegister (JmxRegister.java:tryRegister(44)) - Successfully registered JMX Bean with object name Ratis:service=RaftServer,group=group-B0DE016224A9,id=7d885d46-bb12-4055-b1ac-cba6c5fbb84e
2019-09-30 21:22:42,152 [RatisPipelineUtilsThread] INFO  pipeline.PipelineStateManager (PipelineStateManager.java:addPipeline(56)) - Created pipeline Pipeline[ Id: ca5928a4-0e0b-487e-aaa4-b0de016224a9, Nodes: 7d885d46-bb12-4055-b1ac-cba6c5fbb84e{ip: 192.168.30.59, host: pr-hdds-2211-2dwkd-795013237, networkLocation: /default-rack, certSerialId: null}, Type:RATIS, Factor:ONE, State:OPEN]
2019-09-30 21:22:42,153 [IPC Server handler 17 on 36464] INFO  net.NetworkTopology (NetworkTopologyImpl.java:add(111)) - Added a new node: /default-rack/cf1267e6-3edb-47f3-9009-3ba32f482c13
2019-09-30 21:22:42,153 [IPC Server handler 17 on 36464] INFO  node.SCMNodeManager (SCMNodeManager.java:register(266)) - Registered Data node : cf1267e6-3edb-47f3-9009-3ba32f482c13{ip: 192.168.30.59, host: pr-hdds-2211-2dwkd-795013237, networkLocation: /default-rack, certSerialId: null}
2019-09-30 21:22:42,163 [grpc-default-executor-1] INFO  impl.RaftServerProxy (RaftServerProxy.java:addNew(89)) - cf1267e6-3edb-47f3-9009-3ba32f482c13: addNew group-09710593D46C:[cf1267e6-3edb-47f3-9009-3ba32f482c13:192.168.30.59:36111] returns group-09710593D46C:java.util.concurrent.CompletableFuture@65b07e53[Not completed]
2019-09-30 21:22:42,164 [pool-393-thread-1] INFO  impl.RaftServerImpl (RaftServerImpl.java:<init>(95)) - cf1267e6-3edb-47f3-9009-3ba32f482c13: new RaftServerImpl for group-09710593D46C:[cf1267e6-3edb-47f3-9009-3ba32f482c13:192.168.30.59:36111] with ContainerStateMachine:uninitialized
2019-09-30 21:22:42,164 [pool-393-thread-1] INFO  server.RaftServerConfigKeys (ConfUtils.java:logGet(43)) - raft.server.rpc.timeout.min = 5s (custom)
2019-09-30 21:22:42,164 [pool-393-thread-1] INFO  server.RaftServerConfigKeys (ConfUtils.java:logGet(43)) - raft.server.rpc.timeout.max = 5200ms (custom)
2019-09-30 21:22:42,164 [pool-393-thread-1] INFO  server.RaftServerConfigKeys (ConfUtils.java:logGet(43)) - raft.server.rpcslowness.timeout = 120s (custom)
2019-09-30 21:22:42,164 [pool-393-thread-1] INFO  server.RaftServerConfigKeys (ConfUtils.java:logGet(43)) - raft.server.sleep.deviation.threshold = 300 (default)
2019-09-30 21:22:42,165 [pool-393-thread-1] INFO  server.RaftServerConfigKeys (ConfUtils.java:logGet(43)) - raft.server.log.appender.install.snapshot.enabled = false (custom)
2019-09-30 21:22:42,165 [pool-393-thread-1] INFO  impl.RaftServerImpl (ServerState.java:<init>(103)) - cf1267e6-3edb-47f3-9009-3ba32f482c13@group-09710593D46C: ConfigurationManager, init=-1: [cf1267e6-3edb-47f3-9009-3ba32f482c13:192.168.30.59:36111], old=null, confs=<EMPTY_MAP>
2019-09-30 21:22:42,165 [pool-393-thread-1] INFO  server.RaftServerConfigKeys (ConfUtils.java:logGet(43)) - raft.server.storage.dir = [/workdir/hadoop-ozone/integration-test/target/test-dir/MiniOzoneClusterImpl-897f703f-c245-4bad-9249-17030f6f4aae/datanode-1/data/ratis] (custom)
2019-09-30 21:22:42,165 [pool-393-thread-1] INFO  server.RaftServerConfigKeys (ConfUtils.java:logGet(43)) - raft.server.log.corruption.policy = EXCEPTION (default)
2019-09-30 21:22:42,165 [pool-393-thread-1] INFO  storage.RaftStorageDirectory (RaftStorageDirectory.java:analyzeStorage(246)) - The storage directory /workdir/hadoop-ozone/integration-test/target/test-dir/MiniOzoneClusterImpl-897f703f-c245-4bad-9249-17030f6f4aae/datanode-1/data/ratis/aa1586ee-d52c-4952-8eaa-09710593d46c does not exist. Creating ...
2019-09-30 21:22:42,190 [pool-393-thread-1] INFO  storage.RaftStorageDirectory (RaftStorageDirectory.java:tryLock(328)) - Lock on /workdir/hadoop-ozone/integration-test/target/test-dir/MiniOzoneClusterImpl-897f703f-c245-4bad-9249-17030f6f4aae/datanode-1/data/ratis/aa1586ee-d52c-4952-8eaa-09710593d46c/in_use.lock acquired by nodename 12236@pr-hdds-2211-2dwkd-795013237
2019-09-30 21:22:42,216 [pool-393-thread-1] INFO  storage.RaftStorage (RaftStorage.java:format(84)) - Storage directory /workdir/hadoop-ozone/integration-test/target/test-dir/MiniOzoneClusterImpl-897f703f-c245-4bad-9249-17030f6f4aae/datanode-1/data/ratis/aa1586ee-d52c-4952-8eaa-09710593d46c has been successfully formatted.
2019-09-30 21:22:42,216 [pool-393-thread-1] INFO  ratis.ContainerStateMachine (ContainerStateMachine.java:loadSnapshot(230)) - group-09710593D46C: The snapshot info is null. Setting the last applied indexto:(t:0, i:~)
2019-09-30 21:22:42,216 [pool-393-thread-1] INFO  server.RaftServerConfigKeys (ConfUtils.java:logGet(43)) - raft.server.notification.no-leader.timeout = 120s (custom)
2019-09-30 21:22:42,216 [pool-393-thread-1] INFO  server.RaftServerConfigKeys (ConfUtils.java:logGet(43)) - raft.server.log.use.memory = false (default)
2019-09-30 21:22:42,217 [pool-393-thread-1] INFO  server.RaftServerConfigKeys (ConfUtils.java:logGet(43)) - raft.server.log.purge.gap = 1000000 (custom)
2019-09-30 21:22:42,217 [pool-393-thread-1] INFO  server.RaftServerConfigKeys (ConfUtils.java:logGet(43)) - raft.server.log.appender.buffer.byte-limit = 33554432 (custom)
2019-09-30 21:22:42,217 [pool-393-thread-1] INFO  server.RaftServerConfigKeys (ConfUtils.java:logGet(43)) - raft.server.log.segment.size.max = 1048576 (custom)
2019-09-30 21:22:42,219 [pool-393-thread-1] INFO  server.RaftServerConfigKeys (ConfUtils.java:logGet(43)) - raft.server.log.segment.cache.num.max = 2 (custom)
2019-09-30 21:22:42,219 [pool-393-thread-1] INFO  segmented.SegmentedRaftLogWorker (SegmentedRaftLogWorker.java:<init>(173)) - new cf1267e6-3edb-47f3-9009-3ba32f482c13@group-09710593D46C-SegmentedRaftLogWorker for RaftStorage:Storage Directory /workdir/hadoop-ozone/integration-test/target/test-dir/MiniOzoneClusterImpl-897f703f-c245-4bad-9249-17030f6f4aae/datanode-1/data/ratis/aa1586ee-d52c-4952-8eaa-09710593d46c
2019-09-30 21:22:42,219 [pool-393-thread-1] INFO  server.RaftServerConfigKeys (ConfUtils.java:logGet(43)) - raft.server.log.queue.byte-limit = 2147483647 (custom)
2019-09-30 21:22:42,219 [pool-393-thread-1] INFO  server.RaftServerConfigKeys (ConfUtils.java:logGet(43)) - raft.server.log.queue.element-limit = 1024 (custom)
2019-09-30 21:22:42,219 [pool-393-thread-1] INFO  server.RaftServerConfigKeys (ConfUtils.java:logGet(43)) - raft.server.log.segment.size.max = 1048576 (custom)
2019-09-30 21:22:42,220 [pool-393-thread-1] INFO  server.RaftServerConfigKeys (ConfUtils.java:logGet(43)) - raft.server.log.preallocated.size = 16384 (custom)
2019-09-30 21:22:42,220 [pool-393-thread-1] INFO  server.RaftServerConfigKeys (ConfUtils.java:logGet(43)) - raft.server.log.write.buffer.size = 33554432 (custom)
2019-09-30 21:22:42,220 [pool-393-thread-1] INFO  server.RaftServerConfigKeys (ConfUtils.java:logGet(43)) - raft.server.log.force.sync.num = 128 (default)
2019-09-30 21:22:42,220 [pool-393-thread-1] INFO  server.RaftServerConfigKeys (ConfUtils.java:logGet(43)) - raft.server.log.statemachine.data.sync = true (default)
2019-09-30 21:22:42,220 [pool-393-thread-1] INFO  server.RaftServerConfigKeys (ConfUtils.java:logGet(43)) - raft.server.log.statemachine.data.sync.timeout = 10s (default)
2019-09-30 21:22:42,220 [pool-393-thread-1] INFO  server.RaftServerConfigKeys (ConfUtils.java:logGet(43)) - raft.server.log.statemachine.data.sync.timeout.retry = -1 (default)
2019-09-30 21:22:42,221 [pool-393-thread-1] INFO  server.RaftServerConfigKeys (ConfUtils.java:logGet(43)) - raft.server.log.statemachine.data.caching.enabled = true (custom)
2019-09-30 21:22:42,221 [pool-393-thread-1] INFO  segmented.SegmentedRaftLogWorker (SegmentedRaftLogWorker.java:lambda$new$0(128)) - cf1267e6-3edb-47f3-9009-3ba32f482c13@group-09710593D46C-SegmentedRaftLogWorker: flushIndex: setUnconditionally 0 -> -1
2019-09-30 21:22:42,221 [pool-393-thread-1] INFO  server.RaftServerConfigKeys (ConfUtils.java:logGet(43)) - raft.server.snapshot.auto.trigger.enabled = true (custom)
2019-09-30 21:22:42,221 [pool-393-thread-1] INFO  server.RaftServerConfigKeys (ConfUtils.java:logGet(43)) - raft.server.snapshot.auto.trigger.threshold = 10000 (custom)
2019-09-30 21:22:42,222 [pool-393-thread-1] INFO  server.RaftServerConfigKeys (ConfUtils.java:logGet(43)) - raft.server.snapshot.retention.file.num = 5 (custom)
2019-09-30 21:22:42,222 [pool-393-thread-1] INFO  server.RaftServerConfigKeys (ConfUtils.java:logGet(43)) - raft.server.retrycache.expirytime = 600000ms (custom)
2019-09-30 21:22:42,223 [pool-393-thread-1] INFO  impl.RaftServerImpl (RaftServerImpl.java:start(181)) - cf1267e6-3edb-47f3-9009-3ba32f482c13@group-09710593D46C: start as a follower, conf=-1: [cf1267e6-3edb-47f3-9009-3ba32f482c13:192.168.30.59:36111], old=null
2019-09-30 21:22:42,224 [pool-393-thread-1] INFO  impl.RaftServerImpl (RaftServerImpl.java:setRole(170)) - cf1267e6-3edb-47f3-9009-3ba32f482c13@group-09710593D46C: changes role from      null to FOLLOWER at term 0 for startAsFollower
2019-09-30 21:22:42,224 [pool-393-thread-1] INFO  impl.RoleInfo (RoleInfo.java:updateAndGet(143)) - cf1267e6-3edb-47f3-9009-3ba32f482c13: start FollowerState
2019-09-30 21:22:42,224 [pool-393-thread-1] INFO  util.JmxRegister (JmxRegister.java:tryRegister(44)) - Successfully registered JMX Bean with object name Ratis:service=RaftServer,group=group-09710593D46C,id=cf1267e6-3edb-47f3-9009-3ba32f482c13
2019-09-30 21:22:42,228 [RatisPipelineUtilsThread] INFO  pipeline.PipelineStateManager (PipelineStateManager.java:addPipeline(56)) - Created pipeline Pipeline[ Id: aa1586ee-d52c-4952-8eaa-09710593d46c, Nodes: cf1267e6-3edb-47f3-9009-3ba32f482c13{ip: 192.168.30.59, host: pr-hdds-2211-2dwkd-795013237, networkLocation: /default-rack, certSerialId: null}, Type:RATIS, Factor:ONE, State:OPEN]
2019-09-30 21:22:42,236 [IPC Server handler 18 on 36464] INFO  net.NetworkTopology (NetworkTopologyImpl.java:add(111)) - Added a new node: /default-rack/f663b933-14fc-4499-8cf3-ca7c9e546181
2019-09-30 21:22:42,236 [IPC Server handler 18 on 36464] INFO  node.SCMNodeManager (SCMNodeManager.java:register(266)) - Registered Data node : f663b933-14fc-4499-8cf3-ca7c9e546181{ip: 192.168.30.59, host: pr-hdds-2211-2dwkd-795013237, networkLocation: /default-rack, certSerialId: null}
2019-09-30 21:22:42,244 [grpc-default-executor-1] INFO  impl.RaftServerProxy (RaftServerProxy.java:addNew(89)) - f663b933-14fc-4499-8cf3-ca7c9e546181: addNew group-7504712D8F60:[f663b933-14fc-4499-8cf3-ca7c9e546181:192.168.30.59:37121] returns group-7504712D8F60:java.util.concurrent.CompletableFuture@21542ec1[Not completed]
2019-09-30 21:22:42,245 [pool-403-thread-1] INFO  impl.RaftServerImpl (RaftServerImpl.java:<init>(95)) - f663b933-14fc-4499-8cf3-ca7c9e546181: new RaftServerImpl for group-7504712D8F60:[f663b933-14fc-4499-8cf3-ca7c9e546181:192.168.30.59:37121] with ContainerStateMachine:uninitialized
2019-09-30 21:22:42,245 [pool-403-thread-1] INFO  server.RaftServerConfigKeys (ConfUtils.java:logGet(43)) - raft.server.rpc.timeout.min = 5s (custom)
2019-09-30 21:22:42,245 [pool-403-thread-1] INFO  server.RaftServerConfigKeys (ConfUtils.java:logGet(43)) - raft.server.rpc.timeout.max = 5200ms (custom)
2019-09-30 21:22:42,246 [pool-403-thread-1] INFO  server.RaftServerConfigKeys (ConfUtils.java:logGet(43)) - raft.server.rpcslowness.timeout = 120s (custom)
2019-09-30 21:22:42,246 [pool-403-thread-1] INFO  server.RaftServerConfigKeys (ConfUtils.java:logGet(43)) - raft.server.sleep.deviation.threshold = 300 (default)
2019-09-30 21:22:42,246 [pool-403-thread-1] INFO  server.RaftServerConfigKeys (ConfUtils.java:logGet(43)) - raft.server.log.appender.install.snapshot.enabled = false (custom)
2019-09-30 21:22:42,246 [pool-403-thread-1] INFO  impl.RaftServerImpl (ServerState.java:<init>(103)) - f663b933-14fc-4499-8cf3-ca7c9e546181@group-7504712D8F60: ConfigurationManager, init=-1: [f663b933-14fc-4499-8cf3-ca7c9e546181:192.168.30.59:37121], old=null, confs=<EMPTY_MAP>
2019-09-30 21:22:42,246 [pool-403-thread-1] INFO  server.RaftServerConfigKeys (ConfUtils.java:logGet(43)) - raft.server.storage.dir = [/workdir/hadoop-ozone/integration-test/target/test-dir/MiniOzoneClusterImpl-897f703f-c245-4bad-9249-17030f6f4aae/datanode-2/data/ratis] (custom)
2019-09-30 21:22:42,246 [pool-403-thread-1] INFO  server.RaftServerConfigKeys (ConfUtils.java:logGet(43)) - raft.server.log.corruption.policy = EXCEPTION (default)
2019-09-30 21:22:42,247 [pool-403-thread-1] INFO  storage.RaftStorageDirectory (RaftStorageDirectory.java:analyzeStorage(246)) - The storage directory /workdir/hadoop-ozone/integration-test/target/test-dir/MiniOzoneClusterImpl-897f703f-c245-4bad-9249-17030f6f4aae/datanode-2/data/ratis/8802e530-2bab-4530-a852-7504712d8f60 does not exist. Creating ...
2019-09-30 21:22:42,274 [pool-403-thread-1] INFO  storage.RaftStorageDirectory (RaftStorageDirectory.java:tryLock(328)) - Lock on /workdir/hadoop-ozone/integration-test/target/test-dir/MiniOzoneClusterImpl-897f703f-c245-4bad-9249-17030f6f4aae/datanode-2/data/ratis/8802e530-2bab-4530-a852-7504712d8f60/in_use.lock acquired by nodename 12236@pr-hdds-2211-2dwkd-795013237
2019-09-30 21:22:42,300 [pool-403-thread-1] INFO  storage.RaftStorage (RaftStorage.java:format(84)) - Storage directory /workdir/hadoop-ozone/integration-test/target/test-dir/MiniOzoneClusterImpl-897f703f-c245-4bad-9249-17030f6f4aae/datanode-2/data/ratis/8802e530-2bab-4530-a852-7504712d8f60 has been successfully formatted.
2019-09-30 21:22:42,300 [pool-403-thread-1] INFO  ratis.ContainerStateMachine (ContainerStateMachine.java:loadSnapshot(230)) - group-7504712D8F60: The snapshot info is null. Setting the last applied indexto:(t:0, i:~)
2019-09-30 21:22:42,300 [pool-403-thread-1] INFO  server.RaftServerConfigKeys (ConfUtils.java:logGet(43)) - raft.server.notification.no-leader.timeout = 120s (custom)
2019-09-30 21:22:42,300 [pool-403-thread-1] INFO  server.RaftServerConfigKeys (ConfUtils.java:logGet(43)) - raft.server.log.use.memory = false (default)
2019-09-30 21:22:42,300 [pool-403-thread-1] INFO  server.RaftServerConfigKeys (ConfUtils.java:logGet(43)) - raft.server.log.purge.gap = 1000000 (custom)
2019-09-30 21:22:42,300 [pool-403-thread-1] INFO  server.RaftServerConfigKeys (ConfUtils.java:logGet(43)) - raft.server.log.appender.buffer.byte-limit = 33554432 (custom)
2019-09-30 21:22:42,301 [pool-403-thread-1] INFO  server.RaftServerConfigKeys (ConfUtils.java:logGet(43)) - raft.server.log.segment.size.max = 1048576 (custom)
2019-09-30 21:22:42,302 [pool-403-thread-1] INFO  server.RaftServerConfigKeys (ConfUtils.java:logGet(43)) - raft.server.log.segment.cache.num.max = 2 (custom)
2019-09-30 21:22:42,302 [pool-403-thread-1] INFO  segmented.SegmentedRaftLogWorker (SegmentedRaftLogWorker.java:<init>(173)) - new f663b933-14fc-4499-8cf3-ca7c9e546181@group-7504712D8F60-SegmentedRaftLogWorker for RaftStorage:Storage Directory /workdir/hadoop-ozone/integration-test/target/test-dir/MiniOzoneClusterImpl-897f703f-c245-4bad-9249-17030f6f4aae/datanode-2/data/ratis/8802e530-2bab-4530-a852-7504712d8f60
2019-09-30 21:22:42,302 [pool-403-thread-1] INFO  server.RaftServerConfigKeys (ConfUtils.java:logGet(43)) - raft.server.log.queue.byte-limit = 2147483647 (custom)
2019-09-30 21:22:42,302 [pool-403-thread-1] INFO  server.RaftServerConfigKeys (ConfUtils.java:logGet(43)) - raft.server.log.queue.element-limit = 1024 (custom)
2019-09-30 21:22:42,302 [pool-403-thread-1] INFO  server.RaftServerConfigKeys (ConfUtils.java:logGet(43)) - raft.server.log.segment.size.max = 1048576 (custom)
2019-09-30 21:22:42,302 [pool-403-thread-1] INFO  server.RaftServerConfigKeys (ConfUtils.java:logGet(43)) - raft.server.log.preallocated.size = 16384 (custom)
2019-09-30 21:22:42,302 [pool-403-thread-1] INFO  server.RaftServerConfigKeys (ConfUtils.java:logGet(43)) - raft.server.log.write.buffer.size = 33554432 (custom)
2019-09-30 21:22:42,303 [pool-403-thread-1] INFO  server.RaftServerConfigKeys (ConfUtils.java:logGet(43)) - raft.server.log.force.sync.num = 128 (default)
2019-09-30 21:22:42,303 [pool-403-thread-1] INFO  server.RaftServerConfigKeys (ConfUtils.java:logGet(43)) - raft.server.log.statemachine.data.sync = true (default)
2019-09-30 21:22:42,303 [pool-403-thread-1] INFO  server.RaftServerConfigKeys (ConfUtils.java:logGet(43)) - raft.server.log.statemachine.data.sync.timeout = 10s (default)
2019-09-30 21:22:42,303 [pool-403-thread-1] INFO  server.RaftServerConfigKeys (ConfUtils.java:logGet(43)) - raft.server.log.statemachine.data.sync.timeout.retry = -1 (default)
2019-09-30 21:22:42,303 [pool-403-thread-1] INFO  server.RaftServerConfigKeys (ConfUtils.java:logGet(43)) - raft.server.log.statemachine.data.caching.enabled = true (custom)
2019-09-30 21:22:42,303 [pool-403-thread-1] INFO  segmented.SegmentedRaftLogWorker (SegmentedRaftLogWorker.java:lambda$new$0(128)) - f663b933-14fc-4499-8cf3-ca7c9e546181@group-7504712D8F60-SegmentedRaftLogWorker: flushIndex: setUnconditionally 0 -> -1
2019-09-30 21:22:42,304 [pool-403-thread-1] INFO  server.RaftServerConfigKeys (ConfUtils.java:logGet(43)) - raft.server.snapshot.auto.trigger.enabled = true (custom)
2019-09-30 21:22:42,304 [pool-403-thread-1] INFO  server.RaftServerConfigKeys (ConfUtils.java:logGet(43)) - raft.server.snapshot.auto.trigger.threshold = 10000 (custom)
2019-09-30 21:22:42,304 [pool-403-thread-1] INFO  server.RaftServerConfigKeys (ConfUtils.java:logGet(43)) - raft.server.snapshot.retention.file.num = 5 (custom)
2019-09-30 21:22:42,304 [pool-403-thread-1] INFO  server.RaftServerConfigKeys (ConfUtils.java:logGet(43)) - raft.server.retrycache.expirytime = 600000ms (custom)
2019-09-30 21:22:42,305 [pool-403-thread-1] INFO  impl.RaftServerImpl (RaftServerImpl.java:start(181)) - f663b933-14fc-4499-8cf3-ca7c9e546181@group-7504712D8F60: start as a follower, conf=-1: [f663b933-14fc-4499-8cf3-ca7c9e546181:192.168.30.59:37121], old=null
2019-09-30 21:22:42,305 [pool-403-thread-1] INFO  impl.RaftServerImpl (RaftServerImpl.java:setRole(170)) - f663b933-14fc-4499-8cf3-ca7c9e546181@group-7504712D8F60: changes role from      null to FOLLOWER at term 0 for startAsFollower
2019-09-30 21:22:42,305 [pool-403-thread-1] INFO  impl.RoleInfo (RoleInfo.java:updateAndGet(143)) - f663b933-14fc-4499-8cf3-ca7c9e546181: start FollowerState
2019-09-30 21:22:42,306 [pool-403-thread-1] INFO  util.JmxRegister (JmxRegister.java:tryRegister(44)) - Successfully registered JMX Bean with object name Ratis:service=RaftServer,group=group-7504712D8F60,id=f663b933-14fc-4499-8cf3-ca7c9e546181
2019-09-30 21:22:42,309 [RatisPipelineUtilsThread] INFO  pipeline.PipelineStateManager (PipelineStateManager.java:addPipeline(56)) - Created pipeline Pipeline[ Id: 8802e530-2bab-4530-a852-7504712d8f60, Nodes: f663b933-14fc-4499-8cf3-ca7c9e546181{ip: 192.168.30.59, host: pr-hdds-2211-2dwkd-795013237, networkLocation: /default-rack, certSerialId: null}, Type:RATIS, Factor:ONE, State:OPEN]
2019-09-30 21:22:42,329 [grpc-default-executor-1] INFO  impl.RaftServerProxy (RaftServerProxy.java:addNew(89)) - cf1267e6-3edb-47f3-9009-3ba32f482c13: addNew group-F237C78BE0C9:[7d885d46-bb12-4055-b1ac-cba6c5fbb84e:192.168.30.59:41425, f663b933-14fc-4499-8cf3-ca7c9e546181:192.168.30.59:37121, cf1267e6-3edb-47f3-9009-3ba32f482c13:192.168.30.59:36111] returns group-F237C78BE0C9:java.util.concurrent.CompletableFuture@d4fe467[Not completed]
2019-09-30 21:22:42,329 [grpc-default-executor-3] INFO  impl.RaftServerProxy (RaftServerProxy.java:addNew(89)) - 7d885d46-bb12-4055-b1ac-cba6c5fbb84e: addNew group-F237C78BE0C9:[7d885d46-bb12-4055-b1ac-cba6c5fbb84e:192.168.30.59:41425, f663b933-14fc-4499-8cf3-ca7c9e546181:192.168.30.59:37121, cf1267e6-3edb-47f3-9009-3ba32f482c13:192.168.30.59:36111] returns group-F237C78BE0C9:java.util.concurrent.CompletableFuture@1a85440c[Not completed]
2019-09-30 21:22:42,329 [grpc-default-executor-4] INFO  impl.RaftServerProxy (RaftServerProxy.java:addNew(89)) - f663b933-14fc-4499-8cf3-ca7c9e546181: addNew group-F237C78BE0C9:[7d885d46-bb12-4055-b1ac-cba6c5fbb84e:192.168.30.59:41425, f663b933-14fc-4499-8cf3-ca7c9e546181:192.168.30.59:37121, cf1267e6-3edb-47f3-9009-3ba32f482c13:192.168.30.59:36111] returns group-F237C78BE0C9:java.util.concurrent.CompletableFuture@2217eb3d[Not completed]
2019-09-30 21:22:42,330 [pool-393-thread-1] INFO  impl.RaftServerImpl (RaftServerImpl.java:<init>(95)) - cf1267e6-3edb-47f3-9009-3ba32f482c13: new RaftServerImpl for group-F237C78BE0C9:[7d885d46-bb12-4055-b1ac-cba6c5fbb84e:192.168.30.59:41425, f663b933-14fc-4499-8cf3-ca7c9e546181:192.168.30.59:37121, cf1267e6-3edb-47f3-9009-3ba32f482c13:192.168.30.59:36111] with ContainerStateMachine:uninitialized
2019-09-30 21:22:42,330 [pool-393-thread-1] INFO  server.RaftServerConfigKeys (ConfUtils.java:logGet(43)) - raft.server.rpc.timeout.min = 5s (custom)
2019-09-30 21:22:42,330 [pool-393-thread-1] INFO  server.RaftServerConfigKeys (ConfUtils.java:logGet(43)) - raft.server.rpc.timeout.max = 5200ms (custom)
2019-09-30 21:22:42,330 [pool-393-thread-1] INFO  server.RaftServerConfigKeys (ConfUtils.java:logGet(43)) - raft.server.rpcslowness.timeout = 120s (custom)
2019-09-30 21:22:42,330 [pool-393-thread-1] INFO  server.RaftServerConfigKeys (ConfUtils.java:logGet(43)) - raft.server.sleep.deviation.threshold = 300 (default)
2019-09-30 21:22:42,330 [pool-393-thread-1] INFO  server.RaftServerConfigKeys (ConfUtils.java:logGet(43)) - raft.server.log.appender.install.snapshot.enabled = false (custom)
2019-09-30 21:22:42,330 [pool-393-thread-1] INFO  impl.RaftServerImpl (ServerState.java:<init>(103)) - cf1267e6-3edb-47f3-9009-3ba32f482c13@group-F237C78BE0C9: ConfigurationManager, init=-1: [7d885d46-bb12-4055-b1ac-cba6c5fbb84e:192.168.30.59:41425, f663b933-14fc-4499-8cf3-ca7c9e546181:192.168.30.59:37121, cf1267e6-3edb-47f3-9009-3ba32f482c13:192.168.30.59:36111], old=null, confs=<EMPTY_MAP>
2019-09-30 21:22:42,331 [pool-393-thread-1] INFO  server.RaftServerConfigKeys (ConfUtils.java:logGet(43)) - raft.server.storage.dir = [/workdir/hadoop-ozone/integration-test/target/test-dir/MiniOzoneClusterImpl-897f703f-c245-4bad-9249-17030f6f4aae/datanode-1/data/ratis] (custom)
2019-09-30 21:22:42,331 [pool-383-thread-1] INFO  impl.RaftServerImpl (RaftServerImpl.java:<init>(95)) - 7d885d46-bb12-4055-b1ac-cba6c5fbb84e: new RaftServerImpl for group-F237C78BE0C9:[7d885d46-bb12-4055-b1ac-cba6c5fbb84e:192.168.30.59:41425, f663b933-14fc-4499-8cf3-ca7c9e546181:192.168.30.59:37121, cf1267e6-3edb-47f3-9009-3ba32f482c13:192.168.30.59:36111] with ContainerStateMachine:uninitialized
2019-09-30 21:22:42,331 [pool-393-thread-1] INFO  server.RaftServerConfigKeys (ConfUtils.java:logGet(43)) - raft.server.log.corruption.policy = EXCEPTION (default)
2019-09-30 21:22:42,331 [pool-383-thread-1] INFO  server.RaftServerConfigKeys (ConfUtils.java:logGet(43)) - raft.server.rpc.timeout.min = 5s (custom)
2019-09-30 21:22:42,331 [pool-393-thread-1] INFO  storage.RaftStorageDirectory (RaftStorageDirectory.java:analyzeStorage(246)) - The storage directory /workdir/hadoop-ozone/integration-test/target/test-dir/MiniOzoneClusterImpl-897f703f-c245-4bad-9249-17030f6f4aae/datanode-1/data/ratis/d4fe8de8-4b1a-4290-873f-f237c78be0c9 does not exist. Creating ...
2019-09-30 21:22:42,331 [pool-383-thread-1] INFO  server.RaftServerConfigKeys (ConfUtils.java:logGet(43)) - raft.server.rpc.timeout.max = 5200ms (custom)
2019-09-30 21:22:42,331 [pool-383-thread-1] INFO  server.RaftServerConfigKeys (ConfUtils.java:logGet(43)) - raft.server.rpcslowness.timeout = 120s (custom)
2019-09-30 21:22:42,332 [pool-403-thread-1] INFO  impl.RaftServerImpl (RaftServerImpl.java:<init>(95)) - f663b933-14fc-4499-8cf3-ca7c9e546181: new RaftServerImpl for group-F237C78BE0C9:[7d885d46-bb12-4055-b1ac-cba6c5fbb84e:192.168.30.59:41425, f663b933-14fc-4499-8cf3-ca7c9e546181:192.168.30.59:37121, cf1267e6-3edb-47f3-9009-3ba32f482c13:192.168.30.59:36111] with ContainerStateMachine:uninitialized
2019-09-30 21:22:42,332 [pool-383-thread-1] INFO  server.RaftServerConfigKeys (ConfUtils.java:logGet(43)) - raft.server.sleep.deviation.threshold = 300 (default)
2019-09-30 21:22:42,332 [pool-403-thread-1] INFO  server.RaftServerConfigKeys (ConfUtils.java:logGet(43)) - raft.server.rpc.timeout.min = 5s (custom)
2019-09-30 21:22:42,332 [pool-383-thread-1] INFO  server.RaftServerConfigKeys (ConfUtils.java:logGet(43)) - raft.server.log.appender.install.snapshot.enabled = false (custom)
2019-09-30 21:22:42,332 [pool-403-thread-1] INFO  server.RaftServerConfigKeys (ConfUtils.java:logGet(43)) - raft.server.rpc.timeout.max = 5200ms (custom)
2019-09-30 21:22:42,332 [pool-383-thread-1] INFO  impl.RaftServerImpl (ServerState.java:<init>(103)) - 7d885d46-bb12-4055-b1ac-cba6c5fbb84e@group-F237C78BE0C9: ConfigurationManager, init=-1: [7d885d46-bb12-4055-b1ac-cba6c5fbb84e:192.168.30.59:41425, f663b933-14fc-4499-8cf3-ca7c9e546181:192.168.30.59:37121, cf1267e6-3edb-47f3-9009-3ba32f482c13:192.168.30.59:36111], old=null, confs=<EMPTY_MAP>
2019-09-30 21:22:42,332 [pool-403-thread-1] INFO  server.RaftServerConfigKeys (ConfUtils.java:logGet(43)) - raft.server.rpcslowness.timeout = 120s (custom)
2019-09-30 21:22:42,333 [pool-383-thread-1] INFO  server.RaftServerConfigKeys (ConfUtils.java:logGet(43)) - raft.server.storage.dir = [/workdir/hadoop-ozone/integration-test/target/test-dir/MiniOzoneClusterImpl-897f703f-c245-4bad-9249-17030f6f4aae/datanode-0/data/ratis] (custom)
2019-09-30 21:22:42,333 [pool-403-thread-1] INFO  server.RaftServerConfigKeys (ConfUtils.java:logGet(43)) - raft.server.sleep.deviation.threshold = 300 (default)
2019-09-30 21:22:42,333 [pool-403-thread-1] INFO  server.RaftServerConfigKeys (ConfUtils.java:logGet(43)) - raft.server.log.appender.install.snapshot.enabled = false (custom)
2019-09-30 21:22:42,333 [pool-383-thread-1] INFO  server.RaftServerConfigKeys (ConfUtils.java:logGet(43)) - raft.server.log.corruption.policy = EXCEPTION (default)
2019-09-30 21:22:42,333 [pool-403-thread-1] INFO  impl.RaftServerImpl (ServerState.java:<init>(103)) - f663b933-14fc-4499-8cf3-ca7c9e546181@group-F237C78BE0C9: ConfigurationManager, init=-1: [7d885d46-bb12-4055-b1ac-cba6c5fbb84e:192.168.30.59:41425, f663b933-14fc-4499-8cf3-ca7c9e546181:192.168.30.59:37121, cf1267e6-3edb-47f3-9009-3ba32f482c13:192.168.30.59:36111], old=null, confs=<EMPTY_MAP>
2019-09-30 21:22:42,333 [pool-383-thread-1] INFO  storage.RaftStorageDirectory (RaftStorageDirectory.java:analyzeStorage(246)) - The storage directory /workdir/hadoop-ozone/integration-test/target/test-dir/MiniOzoneClusterImpl-897f703f-c245-4bad-9249-17030f6f4aae/datanode-0/data/ratis/d4fe8de8-4b1a-4290-873f-f237c78be0c9 does not exist. Creating ...
2019-09-30 21:22:42,333 [pool-403-thread-1] INFO  server.RaftServerConfigKeys (ConfUtils.java:logGet(43)) - raft.server.storage.dir = [/workdir/hadoop-ozone/integration-test/target/test-dir/MiniOzoneClusterImpl-897f703f-c245-4bad-9249-17030f6f4aae/datanode-2/data/ratis] (custom)
2019-09-30 21:22:42,334 [pool-403-thread-1] INFO  server.RaftServerConfigKeys (ConfUtils.java:logGet(43)) - raft.server.log.corruption.policy = EXCEPTION (default)
2019-09-30 21:22:42,334 [pool-403-thread-1] INFO  storage.RaftStorageDirectory (RaftStorageDirectory.java:analyzeStorage(246)) - The storage directory /workdir/hadoop-ozone/integration-test/target/test-dir/MiniOzoneClusterImpl-897f703f-c245-4bad-9249-17030f6f4aae/datanode-2/data/ratis/d4fe8de8-4b1a-4290-873f-f237c78be0c9 does not exist. Creating ...
2019-09-30 21:22:42,342 [IPC Server handler 16 on 36464] INFO  net.NetworkTopology (NetworkTopologyImpl.java:add(111)) - Added a new node: /default-rack/46eb3679-150a-4e53-bd71-3fc425be5183
2019-09-30 21:22:42,342 [IPC Server handler 16 on 36464] INFO  node.SCMNodeManager (SCMNodeManager.java:register(266)) - Registered Data node : 46eb3679-150a-4e53-bd71-3fc425be5183{ip: 192.168.30.59, host: pr-hdds-2211-2dwkd-795013237, networkLocation: /default-rack, certSerialId: null}
2019-09-30 21:22:42,359 [pool-393-thread-1] INFO  storage.RaftStorageDirectory (RaftStorageDirectory.java:tryLock(328)) - Lock on /workdir/hadoop-ozone/integration-test/target/test-dir/MiniOzoneClusterImpl-897f703f-c245-4bad-9249-17030f6f4aae/datanode-1/data/ratis/d4fe8de8-4b1a-4290-873f-f237c78be0c9/in_use.lock acquired by nodename 12236@pr-hdds-2211-2dwkd-795013237
2019-09-30 21:22:42,359 [pool-403-thread-1] INFO  storage.RaftStorageDirectory (RaftStorageDirectory.java:tryLock(328)) - Lock on /workdir/hadoop-ozone/integration-test/target/test-dir/MiniOzoneClusterImpl-897f703f-c245-4bad-9249-17030f6f4aae/datanode-2/data/ratis/d4fe8de8-4b1a-4290-873f-f237c78be0c9/in_use.lock acquired by nodename 12236@pr-hdds-2211-2dwkd-795013237
2019-09-30 21:22:42,359 [pool-383-thread-1] INFO  storage.RaftStorageDirectory (RaftStorageDirectory.java:tryLock(328)) - Lock on /workdir/hadoop-ozone/integration-test/target/test-dir/MiniOzoneClusterImpl-897f703f-c245-4bad-9249-17030f6f4aae/datanode-0/data/ratis/d4fe8de8-4b1a-4290-873f-f237c78be0c9/in_use.lock acquired by nodename 12236@pr-hdds-2211-2dwkd-795013237
2019-09-30 21:22:42,377 [pool-393-thread-1] INFO  storage.RaftStorage (RaftStorage.java:format(84)) - Storage directory /workdir/hadoop-ozone/integration-test/target/test-dir/MiniOzoneClusterImpl-897f703f-c245-4bad-9249-17030f6f4aae/datanode-1/data/ratis/d4fe8de8-4b1a-4290-873f-f237c78be0c9 has been successfully formatted.
2019-09-30 21:22:42,377 [pool-383-thread-1] INFO  storage.RaftStorage (RaftStorage.java:format(84)) - Storage directory /workdir/hadoop-ozone/integration-test/target/test-dir/MiniOzoneClusterImpl-897f703f-c245-4bad-9249-17030f6f4aae/datanode-0/data/ratis/d4fe8de8-4b1a-4290-873f-f237c78be0c9 has been successfully formatted.
2019-09-30 21:22:42,377 [pool-403-thread-1] INFO  storage.RaftStorage (RaftStorage.java:format(84)) - Storage directory /workdir/hadoop-ozone/integration-test/target/test-dir/MiniOzoneClusterImpl-897f703f-c245-4bad-9249-17030f6f4aae/datanode-2/data/ratis/d4fe8de8-4b1a-4290-873f-f237c78be0c9 has been successfully formatted.
2019-09-30 21:22:42,377 [pool-383-thread-1] INFO  ratis.ContainerStateMachine (ContainerStateMachine.java:loadSnapshot(230)) - group-F237C78BE0C9: The snapshot info is null. Setting the last applied indexto:(t:0, i:~)
2019-09-30 21:22:42,377 [pool-393-thread-1] INFO  ratis.ContainerStateMachine (ContainerStateMachine.java:loadSnapshot(230)) - group-F237C78BE0C9: The snapshot info is null. Setting the last applied indexto:(t:0, i:~)
2019-09-30 21:22:42,377 [pool-383-thread-1] INFO  server.RaftServerConfigKeys (ConfUtils.java:logGet(43)) - raft.server.notification.no-leader.timeout = 120s (custom)
2019-09-30 21:22:42,377 [pool-403-thread-1] INFO  ratis.ContainerStateMachine (ContainerStateMachine.java:loadSnapshot(230)) - group-F237C78BE0C9: The snapshot info is null. Setting the last applied indexto:(t:0, i:~)
2019-09-30 21:22:42,377 [pool-383-thread-1] INFO  server.RaftServerConfigKeys (ConfUtils.java:logGet(43)) - raft.server.log.use.memory = false (default)
2019-09-30 21:22:42,377 [pool-393-thread-1] INFO  server.RaftServerConfigKeys (ConfUtils.java:logGet(43)) - raft.server.notification.no-leader.timeout = 120s (custom)
2019-09-30 21:22:42,378 [pool-383-thread-1] INFO  server.RaftServerConfigKeys (ConfUtils.java:logGet(43)) - raft.server.log.purge.gap = 1000000 (custom)
2019-09-30 21:22:42,378 [pool-403-thread-1] INFO  server.RaftServerConfigKeys (ConfUtils.java:logGet(43)) - raft.server.notification.no-leader.timeout = 120s (custom)
2019-09-30 21:22:42,378 [pool-383-thread-1] INFO  server.RaftServerConfigKeys (ConfUtils.java:logGet(43)) - raft.server.log.appender.buffer.byte-limit = 33554432 (custom)
2019-09-30 21:22:42,378 [pool-393-thread-1] INFO  server.RaftServerConfigKeys (ConfUtils.java:logGet(43)) - raft.server.log.use.memory = false (default)
2019-09-30 21:22:42,378 [pool-383-thread-1] INFO  server.RaftServerConfigKeys (ConfUtils.java:logGet(43)) - raft.server.log.segment.size.max = 1048576 (custom)
2019-09-30 21:22:42,378 [pool-403-thread-1] INFO  server.RaftServerConfigKeys (ConfUtils.java:logGet(43)) - raft.server.log.use.memory = false (default)
2019-09-30 21:22:42,378 [pool-383-thread-1] INFO  server.RaftServerConfigKeys (ConfUtils.java:logGet(43)) - raft.server.log.segment.cache.num.max = 2 (custom)
2019-09-30 21:22:42,378 [pool-393-thread-1] INFO  server.RaftServerConfigKeys (ConfUtils.java:logGet(43)) - raft.server.log.purge.gap = 1000000 (custom)
2019-09-30 21:22:42,379 [pool-383-thread-1] INFO  segmented.SegmentedRaftLogWorker (SegmentedRaftLogWorker.java:<init>(173)) - new 7d885d46-bb12-4055-b1ac-cba6c5fbb84e@group-F237C78BE0C9-SegmentedRaftLogWorker for RaftStorage:Storage Directory /workdir/hadoop-ozone/integration-test/target/test-dir/MiniOzoneClusterImpl-897f703f-c245-4bad-9249-17030f6f4aae/datanode-0/data/ratis/d4fe8de8-4b1a-4290-873f-f237c78be0c9
2019-09-30 21:22:42,379 [pool-403-thread-1] INFO  server.RaftServerConfigKeys (ConfUtils.java:logGet(43)) - raft.server.log.purge.gap = 1000000 (custom)
2019-09-30 21:22:42,379 [pool-383-thread-1] INFO  server.RaftServerConfigKeys (ConfUtils.java:logGet(43)) - raft.server.log.queue.byte-limit = 2147483647 (custom)
2019-09-30 21:22:42,379 [pool-393-thread-1] INFO  server.RaftServerConfigKeys (ConfUtils.java:logGet(43)) - raft.server.log.appender.buffer.byte-limit = 33554432 (custom)
2019-09-30 21:22:42,379 [pool-383-thread-1] INFO  server.RaftServerConfigKeys (ConfUtils.java:logGet(43)) - raft.server.log.queue.element-limit = 1024 (custom)
2019-09-30 21:22:42,379 [pool-403-thread-1] INFO  server.RaftServerConfigKeys (ConfUtils.java:logGet(43)) - raft.server.log.appender.buffer.byte-limit = 33554432 (custom)
2019-09-30 21:22:42,379 [pool-383-thread-1] INFO  server.RaftServerConfigKeys (ConfUtils.java:logGet(43)) - raft.server.log.segment.size.max = 1048576 (custom)
2019-09-30 21:22:42,379 [pool-393-thread-1] INFO  server.RaftServerConfigKeys (ConfUtils.java:logGet(43)) - raft.server.log.segment.size.max = 1048576 (custom)
2019-09-30 21:22:42,380 [pool-383-thread-1] INFO  server.RaftServerConfigKeys (ConfUtils.java:logGet(43)) - raft.server.log.preallocated.size = 16384 (custom)
2019-09-30 21:22:42,380 [pool-403-thread-1] INFO  server.RaftServerConfigKeys (ConfUtils.java:logGet(43)) - raft.server.log.segment.size.max = 1048576 (custom)
2019-09-30 21:22:42,380 [pool-383-thread-1] INFO  server.RaftServerConfigKeys (ConfUtils.java:logGet(43)) - raft.server.log.write.buffer.size = 33554432 (custom)
2019-09-30 21:22:42,380 [pool-393-thread-1] INFO  server.RaftServerConfigKeys (ConfUtils.java:logGet(43)) - raft.server.log.segment.cache.num.max = 2 (custom)
2019-09-30 21:22:42,380 [pool-383-thread-1] INFO  server.RaftServerConfigKeys (ConfUtils.java:logGet(43)) - raft.server.log.force.sync.num = 128 (default)
2019-09-30 21:22:42,380 [pool-403-thread-1] INFO  server.RaftServerConfigKeys (ConfUtils.java:logGet(43)) - raft.server.log.segment.cache.num.max = 2 (custom)
2019-09-30 21:22:42,381 [pool-383-thread-1] INFO  server.RaftServerConfigKeys (ConfUtils.java:logGet(43)) - raft.server.log.statemachine.data.sync = true (default)
2019-09-30 21:22:42,380 [pool-393-thread-1] INFO  segmented.SegmentedRaftLogWorker (SegmentedRaftLogWorker.java:<init>(173)) - new cf1267e6-3edb-47f3-9009-3ba32f482c13@group-F237C78BE0C9-SegmentedRaftLogWorker for RaftStorage:Storage Directory /workdir/hadoop-ozone/integration-test/target/test-dir/MiniOzoneClusterImpl-897f703f-c245-4bad-9249-17030f6f4aae/datanode-1/data/ratis/d4fe8de8-4b1a-4290-873f-f237c78be0c9
2019-09-30 21:22:42,381 [pool-383-thread-1] INFO  server.RaftServerConfigKeys (ConfUtils.java:logGet(43)) - raft.server.log.statemachine.data.sync.timeout = 10s (default)
2019-09-30 21:22:42,381 [pool-383-thread-1] INFO  server.RaftServerConfigKeys (ConfUtils.java:logGet(43)) - raft.server.log.statemachine.data.sync.timeout.retry = -1 (default)
2019-09-30 21:22:42,381 [pool-403-thread-1] INFO  segmented.SegmentedRaftLogWorker (SegmentedRaftLogWorker.java:<init>(173)) - new f663b933-14fc-4499-8cf3-ca7c9e546181@group-F237C78BE0C9-SegmentedRaftLogWorker for RaftStorage:Storage Directory /workdir/hadoop-ozone/integration-test/target/test-dir/MiniOzoneClusterImpl-897f703f-c245-4bad-9249-17030f6f4aae/datanode-2/data/ratis/d4fe8de8-4b1a-4290-873f-f237c78be0c9
2019-09-30 21:22:42,381 [pool-383-thread-1] INFO  server.RaftServerConfigKeys (ConfUtils.java:logGet(43)) - raft.server.log.statemachine.data.caching.enabled = true (custom)
2019-09-30 21:22:42,381 [pool-393-thread-1] INFO  server.RaftServerConfigKeys (ConfUtils.java:logGet(43)) - raft.server.log.queue.byte-limit = 2147483647 (custom)
2019-09-30 21:22:42,381 [pool-403-thread-1] INFO  server.RaftServerConfigKeys (ConfUtils.java:logGet(43)) - raft.server.log.queue.byte-limit = 2147483647 (custom)
2019-09-30 21:22:42,382 [pool-383-thread-1] INFO  segmented.SegmentedRaftLogWorker (SegmentedRaftLogWorker.java:lambda$new$0(128)) - 7d885d46-bb12-4055-b1ac-cba6c5fbb84e@group-F237C78BE0C9-SegmentedRaftLogWorker: flushIndex: setUnconditionally 0 -> -1
2019-09-30 21:22:42,382 [pool-393-thread-1] INFO  server.RaftServerConfigKeys (ConfUtils.java:logGet(43)) - raft.server.log.queue.element-limit = 1024 (custom)
2019-09-30 21:22:42,382 [pool-403-thread-1] INFO  server.RaftServerConfigKeys (ConfUtils.java:logGet(43)) - raft.server.log.queue.element-limit = 1024 (custom)
2019-09-30 21:22:42,382 [pool-383-thread-1] INFO  server.RaftServerConfigKeys (ConfUtils.java:logGet(43)) - raft.server.snapshot.auto.trigger.enabled = true (custom)
2019-09-30 21:22:42,382 [pool-393-thread-1] INFO  server.RaftServerConfigKeys (ConfUtils.java:logGet(43)) - raft.server.log.segment.size.max = 1048576 (custom)
2019-09-30 21:22:42,382 [pool-383-thread-1] INFO  server.RaftServerConfigKeys (ConfUtils.java:logGet(43)) - raft.server.snapshot.auto.trigger.threshold = 10000 (custom)
2019-09-30 21:22:42,382 [pool-403-thread-1] INFO  server.RaftServerConfigKeys (ConfUtils.java:logGet(43)) - raft.server.log.segment.size.max = 1048576 (custom)
2019-09-30 21:22:42,382 [pool-383-thread-1] INFO  server.RaftServerConfigKeys (ConfUtils.java:logGet(43)) - raft.server.snapshot.retention.file.num = 5 (custom)
2019-09-30 21:22:42,382 [pool-393-thread-1] INFO  server.RaftServerConfigKeys (ConfUtils.java:logGet(43)) - raft.server.log.preallocated.size = 16384 (custom)
2019-09-30 21:22:42,383 [pool-383-thread-1] INFO  server.RaftServerConfigKeys (ConfUtils.java:logGet(43)) - raft.server.retrycache.expirytime = 600000ms (custom)
2019-09-30 21:22:42,383 [pool-403-thread-1] INFO  server.RaftServerConfigKeys (ConfUtils.java:logGet(43)) - raft.server.log.preallocated.size = 16384 (custom)
2019-09-30 21:22:42,383 [pool-393-thread-1] INFO  server.RaftServerConfigKeys (ConfUtils.java:logGet(43)) - raft.server.log.write.buffer.size = 33554432 (custom)
2019-09-30 21:22:42,383 [pool-403-thread-1] INFO  server.RaftServerConfigKeys (ConfUtils.java:logGet(43)) - raft.server.log.write.buffer.size = 33554432 (custom)
2019-09-30 21:22:42,383 [pool-393-thread-1] INFO  server.RaftServerConfigKeys (ConfUtils.java:logGet(43)) - raft.server.log.force.sync.num = 128 (default)
2019-09-30 21:22:42,383 [pool-403-thread-1] INFO  server.RaftServerConfigKeys (ConfUtils.java:logGet(43)) - raft.server.log.force.sync.num = 128 (default)
2019-09-30 21:22:42,383 [pool-393-thread-1] INFO  server.RaftServerConfigKeys (ConfUtils.java:logGet(43)) - raft.server.log.statemachine.data.sync = true (default)
2019-09-30 21:22:42,384 [pool-403-thread-1] INFO  server.RaftServerConfigKeys (ConfUtils.java:logGet(43)) - raft.server.log.statemachine.data.sync = true (default)
2019-09-30 21:22:42,384 [pool-393-thread-1] INFO  server.RaftServerConfigKeys (ConfUtils.java:logGet(43)) - raft.server.log.statemachine.data.sync.timeout = 10s (default)
2019-09-30 21:22:42,384 [pool-403-thread-1] INFO  server.RaftServerConfigKeys (ConfUtils.java:logGet(43)) - raft.server.log.statemachine.data.sync.timeout = 10s (default)
2019-09-30 21:22:42,384 [pool-393-thread-1] INFO  server.RaftServerConfigKeys (ConfUtils.java:logGet(43)) - raft.server.log.statemachine.data.sync.timeout.retry = -1 (default)
2019-09-30 21:22:42,384 [pool-403-thread-1] INFO  server.RaftServerConfigKeys (ConfUtils.java:logGet(43)) - raft.server.log.statemachine.data.sync.timeout.retry = -1 (default)
2019-09-30 21:22:42,384 [pool-393-thread-1] INFO  server.RaftServerConfigKeys (ConfUtils.java:logGet(43)) - raft.server.log.statemachine.data.caching.enabled = true (custom)
2019-09-30 21:22:42,384 [pool-403-thread-1] INFO  server.RaftServerConfigKeys (ConfUtils.java:logGet(43)) - raft.server.log.statemachine.data.caching.enabled = true (custom)
2019-09-30 21:22:42,385 [pool-383-thread-1] INFO  impl.RaftServerImpl (RaftServerImpl.java:start(181)) - 7d885d46-bb12-4055-b1ac-cba6c5fbb84e@group-F237C78BE0C9: start as a follower, conf=-1: [7d885d46-bb12-4055-b1ac-cba6c5fbb84e:192.168.30.59:41425, f663b933-14fc-4499-8cf3-ca7c9e546181:192.168.30.59:37121, cf1267e6-3edb-47f3-9009-3ba32f482c13:192.168.30.59:36111], old=null
2019-09-30 21:22:42,385 [pool-393-thread-1] INFO  segmented.SegmentedRaftLogWorker (SegmentedRaftLogWorker.java:lambda$new$0(128)) - cf1267e6-3edb-47f3-9009-3ba32f482c13@group-F237C78BE0C9-SegmentedRaftLogWorker: flushIndex: setUnconditionally 0 -> -1
2019-09-30 21:22:42,385 [pool-403-thread-1] INFO  segmented.SegmentedRaftLogWorker (SegmentedRaftLogWorker.java:lambda$new$0(128)) - f663b933-14fc-4499-8cf3-ca7c9e546181@group-F237C78BE0C9-SegmentedRaftLogWorker: flushIndex: setUnconditionally 0 -> -1
2019-09-30 21:22:42,385 [pool-383-thread-1] INFO  impl.RaftServerImpl (RaftServerImpl.java:setRole(170)) - 7d885d46-bb12-4055-b1ac-cba6c5fbb84e@group-F237C78BE0C9: changes role from      null to FOLLOWER at term 0 for startAsFollower
2019-09-30 21:22:42,385 [pool-393-thread-1] INFO  server.RaftServerConfigKeys (ConfUtils.java:logGet(43)) - raft.server.snapshot.auto.trigger.enabled = true (custom)
2019-09-30 21:22:42,385 [pool-403-thread-1] INFO  server.RaftServerConfigKeys (ConfUtils.java:logGet(43)) - raft.server.snapshot.auto.trigger.enabled = true (custom)
2019-09-30 21:22:42,385 [pool-383-thread-1] INFO  impl.RoleInfo (RoleInfo.java:updateAndGet(143)) - 7d885d46-bb12-4055-b1ac-cba6c5fbb84e: start FollowerState
2019-09-30 21:22:42,385 [pool-403-thread-1] INFO  server.RaftServerConfigKeys (ConfUtils.java:logGet(43)) - raft.server.snapshot.auto.trigger.threshold = 10000 (custom)
2019-09-30 21:22:42,385 [pool-393-thread-1] INFO  server.RaftServerConfigKeys (ConfUtils.java:logGet(43)) - raft.server.snapshot.auto.trigger.threshold = 10000 (custom)
2019-09-30 21:22:42,386 [pool-403-thread-1] INFO  server.RaftServerConfigKeys (ConfUtils.java:logGet(43)) - raft.server.snapshot.retention.file.num = 5 (custom)
2019-09-30 21:22:42,386 [pool-383-thread-1] INFO  util.JmxRegister (JmxRegister.java:tryRegister(44)) - Successfully registered JMX Bean with object name Ratis:service=RaftServer,group=group-F237C78BE0C9,id=7d885d46-bb12-4055-b1ac-cba6c5fbb84e
2019-09-30 21:22:42,386 [pool-393-thread-1] INFO  server.RaftServerConfigKeys (ConfUtils.java:logGet(43)) - raft.server.snapshot.retention.file.num = 5 (custom)
2019-09-30 21:22:42,386 [pool-403-thread-1] INFO  server.RaftServerConfigKeys (ConfUtils.java:logGet(43)) - raft.server.retrycache.expirytime = 600000ms (custom)
2019-09-30 21:22:42,386 [pool-393-thread-1] INFO  server.RaftServerConfigKeys (ConfUtils.java:logGet(43)) - raft.server.retrycache.expirytime = 600000ms (custom)
2019-09-30 21:22:42,390 [pool-393-thread-1] INFO  impl.RaftServerImpl (RaftServerImpl.java:start(181)) - cf1267e6-3edb-47f3-9009-3ba32f482c13@group-F237C78BE0C9: start as a follower, conf=-1: [7d885d46-bb12-4055-b1ac-cba6c5fbb84e:192.168.30.59:41425, f663b933-14fc-4499-8cf3-ca7c9e546181:192.168.30.59:37121, cf1267e6-3edb-47f3-9009-3ba32f482c13:192.168.30.59:36111], old=null
2019-09-30 21:22:42,390 [pool-403-thread-1] INFO  impl.RaftServerImpl (RaftServerImpl.java:start(181)) - f663b933-14fc-4499-8cf3-ca7c9e546181@group-F237C78BE0C9: start as a follower, conf=-1: [7d885d46-bb12-4055-b1ac-cba6c5fbb84e:192.168.30.59:41425, f663b933-14fc-4499-8cf3-ca7c9e546181:192.168.30.59:37121, cf1267e6-3edb-47f3-9009-3ba32f482c13:192.168.30.59:36111], old=null
2019-09-30 21:22:42,390 [pool-393-thread-1] INFO  impl.RaftServerImpl (RaftServerImpl.java:setRole(170)) - cf1267e6-3edb-47f3-9009-3ba32f482c13@group-F237C78BE0C9: changes role from      null to FOLLOWER at term 0 for startAsFollower
2019-09-30 21:22:42,390 [pool-403-thread-1] INFO  impl.RaftServerImpl (RaftServerImpl.java:setRole(170)) - f663b933-14fc-4499-8cf3-ca7c9e546181@group-F237C78BE0C9: changes role from      null to FOLLOWER at term 0 for startAsFollower
2019-09-30 21:22:42,390 [pool-393-thread-1] INFO  impl.RoleInfo (RoleInfo.java:updateAndGet(143)) - cf1267e6-3edb-47f3-9009-3ba32f482c13: start FollowerState
2019-09-30 21:22:42,390 [pool-403-thread-1] INFO  impl.RoleInfo (RoleInfo.java:updateAndGet(143)) - f663b933-14fc-4499-8cf3-ca7c9e546181: start FollowerState
2019-09-30 21:22:42,391 [pool-393-thread-1] INFO  util.JmxRegister (JmxRegister.java:tryRegister(44)) - Successfully registered JMX Bean with object name Ratis:service=RaftServer,group=group-F237C78BE0C9,id=cf1267e6-3edb-47f3-9009-3ba32f482c13
2019-09-30 21:22:42,391 [pool-403-thread-1] INFO  util.JmxRegister (JmxRegister.java:tryRegister(44)) - Successfully registered JMX Bean with object name Ratis:service=RaftServer,group=group-F237C78BE0C9,id=f663b933-14fc-4499-8cf3-ca7c9e546181
2019-09-30 21:22:42,396 [RatisPipelineUtilsThread] INFO  pipeline.PipelineStateManager (PipelineStateManager.java:addPipeline(56)) - Created pipeline Pipeline[ Id: d4fe8de8-4b1a-4290-873f-f237c78be0c9, Nodes: 7d885d46-bb12-4055-b1ac-cba6c5fbb84e{ip: 192.168.30.59, host: pr-hdds-2211-2dwkd-795013237, networkLocation: /default-rack, certSerialId: null}cf1267e6-3edb-47f3-9009-3ba32f482c13{ip: 192.168.30.59, host: pr-hdds-2211-2dwkd-795013237, networkLocation: /default-rack, certSerialId: null}f663b933-14fc-4499-8cf3-ca7c9e546181{ip: 192.168.30.59, host: pr-hdds-2211-2dwkd-795013237, networkLocation: /default-rack, certSerialId: null}, Type:RATIS, Factor:THREE, State:OPEN]
2019-09-30 21:22:42,450 [IPC Server handler 15 on 36464] INFO  net.NetworkTopology (NetworkTopologyImpl.java:add(111)) - Added a new node: /default-rack/ff3c03e4-eabb-488a-9aac-d4ae30c6bb8a
2019-09-30 21:22:42,450 [IPC Server handler 15 on 36464] INFO  node.SCMNodeManager (SCMNodeManager.java:register(266)) - Registered Data node : ff3c03e4-eabb-488a-9aac-d4ae30c6bb8a{ip: 192.168.30.59, host: pr-hdds-2211-2dwkd-795013237, networkLocation: /default-rack, certSerialId: null}
2019-09-30 21:22:42,460 [grpc-default-executor-4] INFO  impl.RaftServerProxy (RaftServerProxy.java:addNew(89)) - 46eb3679-150a-4e53-bd71-3fc425be5183: addNew group-3286783033D6:[46eb3679-150a-4e53-bd71-3fc425be5183:192.168.30.59:44182] returns group-3286783033D6:java.util.concurrent.CompletableFuture@501aaae0[Not completed]
2019-09-30 21:22:42,461 [pool-413-thread-1] INFO  impl.RaftServerImpl (RaftServerImpl.java:<init>(95)) - 46eb3679-150a-4e53-bd71-3fc425be5183: new RaftServerImpl for group-3286783033D6:[46eb3679-150a-4e53-bd71-3fc425be5183:192.168.30.59:44182] with ContainerStateMachine:uninitialized
2019-09-30 21:22:42,462 [pool-413-thread-1] INFO  server.RaftServerConfigKeys (ConfUtils.java:logGet(43)) - raft.server.rpc.timeout.min = 5s (custom)
2019-09-30 21:22:42,462 [pool-413-thread-1] INFO  server.RaftServerConfigKeys (ConfUtils.java:logGet(43)) - raft.server.rpc.timeout.max = 5200ms (custom)
2019-09-30 21:22:42,462 [pool-413-thread-1] INFO  server.RaftServerConfigKeys (ConfUtils.java:logGet(43)) - raft.server.rpcslowness.timeout = 120s (custom)
2019-09-30 21:22:42,462 [pool-413-thread-1] INFO  server.RaftServerConfigKeys (ConfUtils.java:logGet(43)) - raft.server.sleep.deviation.threshold = 300 (default)
2019-09-30 21:22:42,462 [pool-413-thread-1] INFO  server.RaftServerConfigKeys (ConfUtils.java:logGet(43)) - raft.server.log.appender.install.snapshot.enabled = false (custom)
2019-09-30 21:22:42,462 [pool-413-thread-1] INFO  impl.RaftServerImpl (ServerState.java:<init>(103)) - 46eb3679-150a-4e53-bd71-3fc425be5183@group-3286783033D6: ConfigurationManager, init=-1: [46eb3679-150a-4e53-bd71-3fc425be5183:192.168.30.59:44182], old=null, confs=<EMPTY_MAP>
2019-09-30 21:22:42,462 [pool-413-thread-1] INFO  server.RaftServerConfigKeys (ConfUtils.java:logGet(43)) - raft.server.storage.dir = [/workdir/hadoop-ozone/integration-test/target/test-dir/MiniOzoneClusterImpl-897f703f-c245-4bad-9249-17030f6f4aae/datanode-3/data/ratis] (custom)
2019-09-30 21:22:42,463 [pool-413-thread-1] INFO  server.RaftServerConfigKeys (ConfUtils.java:logGet(43)) - raft.server.log.corruption.policy = EXCEPTION (default)
2019-09-30 21:22:42,463 [pool-413-thread-1] INFO  storage.RaftStorageDirectory (RaftStorageDirectory.java:analyzeStorage(246)) - The storage directory /workdir/hadoop-ozone/integration-test/target/test-dir/MiniOzoneClusterImpl-897f703f-c245-4bad-9249-17030f6f4aae/datanode-3/data/ratis/1a46699c-f398-4ce6-bdb6-3286783033d6 does not exist. Creating ...
2019-09-30 21:22:42,485 [pool-413-thread-1] INFO  storage.RaftStorageDirectory (RaftStorageDirectory.java:tryLock(328)) - Lock on /workdir/hadoop-ozone/integration-test/target/test-dir/MiniOzoneClusterImpl-897f703f-c245-4bad-9249-17030f6f4aae/datanode-3/data/ratis/1a46699c-f398-4ce6-bdb6-3286783033d6/in_use.lock acquired by nodename 12236@pr-hdds-2211-2dwkd-795013237
2019-09-30 21:22:42,511 [pool-413-thread-1] INFO  storage.RaftStorage (RaftStorage.java:format(84)) - Storage directory /workdir/hadoop-ozone/integration-test/target/test-dir/MiniOzoneClusterImpl-897f703f-c245-4bad-9249-17030f6f4aae/datanode-3/data/ratis/1a46699c-f398-4ce6-bdb6-3286783033d6 has been successfully formatted.
2019-09-30 21:22:42,511 [pool-413-thread-1] INFO  ratis.ContainerStateMachine (ContainerStateMachine.java:loadSnapshot(230)) - group-3286783033D6: The snapshot info is null. Setting the last applied indexto:(t:0, i:~)
2019-09-30 21:22:42,511 [pool-413-thread-1] INFO  server.RaftServerConfigKeys (ConfUtils.java:logGet(43)) - raft.server.notification.no-leader.timeout = 120s (custom)
2019-09-30 21:22:42,511 [pool-413-thread-1] INFO  server.RaftServerConfigKeys (ConfUtils.java:logGet(43)) - raft.server.log.use.memory = false (default)
2019-09-30 21:22:42,511 [pool-413-thread-1] INFO  server.RaftServerConfigKeys (ConfUtils.java:logGet(43)) - raft.server.log.purge.gap = 1000000 (custom)
2019-09-30 21:22:42,511 [pool-413-thread-1] INFO  server.RaftServerConfigKeys (ConfUtils.java:logGet(43)) - raft.server.log.appender.buffer.byte-limit = 33554432 (custom)
2019-09-30 21:22:42,511 [pool-413-thread-1] INFO  server.RaftServerConfigKeys (ConfUtils.java:logGet(43)) - raft.server.log.segment.size.max = 1048576 (custom)
2019-09-30 21:22:42,513 [pool-413-thread-1] INFO  server.RaftServerConfigKeys (ConfUtils.java:logGet(43)) - raft.server.log.segment.cache.num.max = 2 (custom)
2019-09-30 21:22:42,513 [pool-413-thread-1] INFO  segmented.SegmentedRaftLogWorker (SegmentedRaftLogWorker.java:<init>(173)) - new 46eb3679-150a-4e53-bd71-3fc425be5183@group-3286783033D6-SegmentedRaftLogWorker for RaftStorage:Storage Directory /workdir/hadoop-ozone/integration-test/target/test-dir/MiniOzoneClusterImpl-897f703f-c245-4bad-9249-17030f6f4aae/datanode-3/data/ratis/1a46699c-f398-4ce6-bdb6-3286783033d6
2019-09-30 21:22:42,513 [pool-413-thread-1] INFO  server.RaftServerConfigKeys (ConfUtils.java:logGet(43)) - raft.server.log.queue.byte-limit = 2147483647 (custom)
2019-09-30 21:22:42,513 [pool-413-thread-1] INFO  server.RaftServerConfigKeys (ConfUtils.java:logGet(43)) - raft.server.log.queue.element-limit = 1024 (custom)
2019-09-30 21:22:42,513 [pool-413-thread-1] INFO  server.RaftServerConfigKeys (ConfUtils.java:logGet(43)) - raft.server.log.segment.size.max = 1048576 (custom)
2019-09-30 21:22:42,514 [pool-413-thread-1] INFO  server.RaftServerConfigKeys (ConfUtils.java:logGet(43)) - raft.server.log.preallocated.size = 16384 (custom)
2019-09-30 21:22:42,514 [pool-413-thread-1] INFO  server.RaftServerConfigKeys (ConfUtils.java:logGet(43)) - raft.server.log.write.buffer.size = 33554432 (custom)
2019-09-30 21:22:42,514 [pool-413-thread-1] INFO  server.RaftServerConfigKeys (ConfUtils.java:logGet(43)) - raft.server.log.force.sync.num = 128 (default)
2019-09-30 21:22:42,514 [pool-413-thread-1] INFO  server.RaftServerConfigKeys (ConfUtils.java:logGet(43)) - raft.server.log.statemachine.data.sync = true (default)
2019-09-30 21:22:42,514 [pool-413-thread-1] INFO  server.RaftServerConfigKeys (ConfUtils.java:logGet(43)) - raft.server.log.statemachine.data.sync.timeout = 10s (default)
2019-09-30 21:22:42,514 [pool-413-thread-1] INFO  server.RaftServerConfigKeys (ConfUtils.java:logGet(43)) - raft.server.log.statemachine.data.sync.timeout.retry = -1 (default)
2019-09-30 21:22:42,514 [pool-413-thread-1] INFO  server.RaftServerConfigKeys (ConfUtils.java:logGet(43)) - raft.server.log.statemachine.data.caching.enabled = true (custom)
2019-09-30 21:22:42,515 [pool-413-thread-1] INFO  segmented.SegmentedRaftLogWorker (SegmentedRaftLogWorker.java:lambda$new$0(128)) - 46eb3679-150a-4e53-bd71-3fc425be5183@group-3286783033D6-SegmentedRaftLogWorker: flushIndex: setUnconditionally 0 -> -1
2019-09-30 21:22:42,515 [pool-413-thread-1] INFO  server.RaftServerConfigKeys (ConfUtils.java:logGet(43)) - raft.server.snapshot.auto.trigger.enabled = true (custom)
2019-09-30 21:22:42,515 [pool-413-thread-1] INFO  server.RaftServerConfigKeys (ConfUtils.java:logGet(43)) - raft.server.snapshot.auto.trigger.threshold = 10000 (custom)
2019-09-30 21:22:42,515 [pool-413-thread-1] INFO  server.RaftServerConfigKeys (ConfUtils.java:logGet(43)) - raft.server.snapshot.retention.file.num = 5 (custom)
2019-09-30 21:22:42,515 [pool-413-thread-1] INFO  server.RaftServerConfigKeys (ConfUtils.java:logGet(43)) - raft.server.retrycache.expirytime = 600000ms (custom)
2019-09-30 21:22:42,517 [pool-413-thread-1] INFO  impl.RaftServerImpl (RaftServerImpl.java:start(181)) - 46eb3679-150a-4e53-bd71-3fc425be5183@group-3286783033D6: start as a follower, conf=-1: [46eb3679-150a-4e53-bd71-3fc425be5183:192.168.30.59:44182], old=null
2019-09-30 21:22:42,517 [pool-413-thread-1] INFO  impl.RaftServerImpl (RaftServerImpl.java:setRole(170)) - 46eb3679-150a-4e53-bd71-3fc425be5183@group-3286783033D6: changes role from      null to FOLLOWER at term 0 for startAsFollower
2019-09-30 21:22:42,517 [pool-413-thread-1] INFO  impl.RoleInfo (RoleInfo.java:updateAndGet(143)) - 46eb3679-150a-4e53-bd71-3fc425be5183: start FollowerState
2019-09-30 21:22:42,523 [pool-413-thread-1] INFO  util.JmxRegister (JmxRegister.java:tryRegister(44)) - Successfully registered JMX Bean with object name Ratis:service=RaftServer,group=group-3286783033D6,id=46eb3679-150a-4e53-bd71-3fc425be5183
2019-09-30 21:22:42,527 [RatisPipelineUtilsThread] INFO  pipeline.PipelineStateManager (PipelineStateManager.java:addPipeline(56)) - Created pipeline Pipeline[ Id: 1a46699c-f398-4ce6-bdb6-3286783033d6, Nodes: 46eb3679-150a-4e53-bd71-3fc425be5183{ip: 192.168.30.59, host: pr-hdds-2211-2dwkd-795013237, networkLocation: /default-rack, certSerialId: null}, Type:RATIS, Factor:ONE, State:OPEN]
2019-09-30 21:22:42,539 [grpc-default-executor-4] INFO  impl.RaftServerProxy (RaftServerProxy.java:addNew(89)) - ff3c03e4-eabb-488a-9aac-d4ae30c6bb8a: addNew group-A93E24C9E067:[ff3c03e4-eabb-488a-9aac-d4ae30c6bb8a:192.168.30.59:35817] returns group-A93E24C9E067:java.util.concurrent.CompletableFuture@483ffcec[Not completed]
2019-09-30 21:22:42,540 [IPC Server handler 13 on 36464] INFO  net.NetworkTopology (NetworkTopologyImpl.java:add(111)) - Added a new node: /default-rack/a748b230-209c-4796-adb9-b2bd89778327
2019-09-30 21:22:42,540 [pool-423-thread-1] INFO  impl.RaftServerImpl (RaftServerImpl.java:<init>(95)) - ff3c03e4-eabb-488a-9aac-d4ae30c6bb8a: new RaftServerImpl for group-A93E24C9E067:[ff3c03e4-eabb-488a-9aac-d4ae30c6bb8a:192.168.30.59:35817] with ContainerStateMachine:uninitialized
2019-09-30 21:22:42,540 [IPC Server handler 13 on 36464] INFO  node.SCMNodeManager (SCMNodeManager.java:register(266)) - Registered Data node : a748b230-209c-4796-adb9-b2bd89778327{ip: 192.168.30.59, host: pr-hdds-2211-2dwkd-795013237, networkLocation: /default-rack, certSerialId: null}
2019-09-30 21:22:42,540 [pool-423-thread-1] INFO  server.RaftServerConfigKeys (ConfUtils.java:logGet(43)) - raft.server.rpc.timeout.min = 5s (custom)
2019-09-30 21:22:42,540 [pool-423-thread-1] INFO  server.RaftServerConfigKeys (ConfUtils.java:logGet(43)) - raft.server.rpc.timeout.max = 5200ms (custom)
2019-09-30 21:22:42,540 [pool-423-thread-1] INFO  server.RaftServerConfigKeys (ConfUtils.java:logGet(43)) - raft.server.rpcslowness.timeout = 120s (custom)
2019-09-30 21:22:42,540 [pool-423-thread-1] INFO  server.RaftServerConfigKeys (ConfUtils.java:logGet(43)) - raft.server.sleep.deviation.threshold = 300 (default)
2019-09-30 21:22:42,540 [pool-423-thread-1] INFO  server.RaftServerConfigKeys (ConfUtils.java:logGet(43)) - raft.server.log.appender.install.snapshot.enabled = false (custom)
2019-09-30 21:22:42,541 [pool-423-thread-1] INFO  impl.RaftServerImpl (ServerState.java:<init>(103)) - ff3c03e4-eabb-488a-9aac-d4ae30c6bb8a@group-A93E24C9E067: ConfigurationManager, init=-1: [ff3c03e4-eabb-488a-9aac-d4ae30c6bb8a:192.168.30.59:35817], old=null, confs=<EMPTY_MAP>
2019-09-30 21:22:42,541 [pool-423-thread-1] INFO  server.RaftServerConfigKeys (ConfUtils.java:logGet(43)) - raft.server.storage.dir = [/workdir/hadoop-ozone/integration-test/target/test-dir/MiniOzoneClusterImpl-897f703f-c245-4bad-9249-17030f6f4aae/datanode-4/data/ratis] (custom)
2019-09-30 21:22:42,541 [pool-423-thread-1] INFO  server.RaftServerConfigKeys (ConfUtils.java:logGet(43)) - raft.server.log.corruption.policy = EXCEPTION (default)
2019-09-30 21:22:42,541 [pool-423-thread-1] INFO  storage.RaftStorageDirectory (RaftStorageDirectory.java:analyzeStorage(246)) - The storage directory /workdir/hadoop-ozone/integration-test/target/test-dir/MiniOzoneClusterImpl-897f703f-c245-4bad-9249-17030f6f4aae/datanode-4/data/ratis/532d846d-2173-4668-a203-a93e24c9e067 does not exist. Creating ...
2019-09-30 21:22:42,569 [pool-423-thread-1] INFO  storage.RaftStorageDirectory (RaftStorageDirectory.java:tryLock(328)) - Lock on /workdir/hadoop-ozone/integration-test/target/test-dir/MiniOzoneClusterImpl-897f703f-c245-4bad-9249-17030f6f4aae/datanode-4/data/ratis/532d846d-2173-4668-a203-a93e24c9e067/in_use.lock acquired by nodename 12236@pr-hdds-2211-2dwkd-795013237
2019-09-30 21:22:42,595 [pool-423-thread-1] INFO  storage.RaftStorage (RaftStorage.java:format(84)) - Storage directory /workdir/hadoop-ozone/integration-test/target/test-dir/MiniOzoneClusterImpl-897f703f-c245-4bad-9249-17030f6f4aae/datanode-4/data/ratis/532d846d-2173-4668-a203-a93e24c9e067 has been successfully formatted.
2019-09-30 21:22:42,595 [pool-423-thread-1] INFO  ratis.ContainerStateMachine (ContainerStateMachine.java:loadSnapshot(230)) - group-A93E24C9E067: The snapshot info is null. Setting the last applied indexto:(t:0, i:~)
2019-09-30 21:22:42,595 [pool-423-thread-1] INFO  server.RaftServerConfigKeys (ConfUtils.java:logGet(43)) - raft.server.notification.no-leader.timeout = 120s (custom)
2019-09-30 21:22:42,595 [pool-423-thread-1] INFO  server.RaftServerConfigKeys (ConfUtils.java:logGet(43)) - raft.server.log.use.memory = false (default)
2019-09-30 21:22:42,595 [pool-423-thread-1] INFO  server.RaftServerConfigKeys (ConfUtils.java:logGet(43)) - raft.server.log.purge.gap = 1000000 (custom)
2019-09-30 21:22:42,595 [pool-423-thread-1] INFO  server.RaftServerConfigKeys (ConfUtils.java:logGet(43)) - raft.server.log.appender.buffer.byte-limit = 33554432 (custom)
2019-09-30 21:22:42,596 [pool-423-thread-1] INFO  server.RaftServerConfigKeys (ConfUtils.java:logGet(43)) - raft.server.log.segment.size.max = 1048576 (custom)
2019-09-30 21:22:42,597 [pool-423-thread-1] INFO  server.RaftServerConfigKeys (ConfUtils.java:logGet(43)) - raft.server.log.segment.cache.num.max = 2 (custom)
2019-09-30 21:22:42,597 [pool-423-thread-1] INFO  segmented.SegmentedRaftLogWorker (SegmentedRaftLogWorker.java:<init>(173)) - new ff3c03e4-eabb-488a-9aac-d4ae30c6bb8a@group-A93E24C9E067-SegmentedRaftLogWorker for RaftStorage:Storage Directory /workdir/hadoop-ozone/integration-test/target/test-dir/MiniOzoneClusterImpl-897f703f-c245-4bad-9249-17030f6f4aae/datanode-4/data/ratis/532d846d-2173-4668-a203-a93e24c9e067
2019-09-30 21:22:42,597 [pool-423-thread-1] INFO  server.RaftServerConfigKeys (ConfUtils.java:logGet(43)) - raft.server.log.queue.byte-limit = 2147483647 (custom)
2019-09-30 21:22:42,597 [pool-423-thread-1] INFO  server.RaftServerConfigKeys (ConfUtils.java:logGet(43)) - raft.server.log.queue.element-limit = 1024 (custom)
2019-09-30 21:22:42,597 [pool-423-thread-1] INFO  server.RaftServerConfigKeys (ConfUtils.java:logGet(43)) - raft.server.log.segment.size.max = 1048576 (custom)
2019-09-30 21:22:42,598 [pool-423-thread-1] INFO  server.RaftServerConfigKeys (ConfUtils.java:logGet(43)) - raft.server.log.preallocated.size = 16384 (custom)
2019-09-30 21:22:42,598 [pool-423-thread-1] INFO  server.RaftServerConfigKeys (ConfUtils.java:logGet(43)) - raft.server.log.write.buffer.size = 33554432 (custom)
2019-09-30 21:22:42,598 [pool-423-thread-1] INFO  server.RaftServerConfigKeys (ConfUtils.java:logGet(43)) - raft.server.log.force.sync.num = 128 (default)
2019-09-30 21:22:42,598 [pool-423-thread-1] INFO  server.RaftServerConfigKeys (ConfUtils.java:logGet(43)) - raft.server.log.statemachine.data.sync = true (default)
2019-09-30 21:22:42,598 [pool-423-thread-1] INFO  server.RaftServerConfigKeys (ConfUtils.java:logGet(43)) - raft.server.log.statemachine.data.sync.timeout = 10s (default)
2019-09-30 21:22:42,598 [pool-423-thread-1] INFO  server.RaftServerConfigKeys (ConfUtils.java:logGet(43)) - raft.server.log.statemachine.data.sync.timeout.retry = -1 (default)
2019-09-30 21:22:42,598 [pool-423-thread-1] INFO  server.RaftServerConfigKeys (ConfUtils.java:logGet(43)) - raft.server.log.statemachine.data.caching.enabled = true (custom)
2019-09-30 21:22:42,599 [pool-423-thread-1] INFO  segmented.SegmentedRaftLogWorker (SegmentedRaftLogWorker.java:lambda$new$0(128)) - ff3c03e4-eabb-488a-9aac-d4ae30c6bb8a@group-A93E24C9E067-SegmentedRaftLogWorker: flushIndex: setUnconditionally 0 -> -1
2019-09-30 21:22:42,599 [pool-423-thread-1] INFO  server.RaftServerConfigKeys (ConfUtils.java:logGet(43)) - raft.server.snapshot.auto.trigger.enabled = true (custom)
2019-09-30 21:22:42,599 [pool-423-thread-1] INFO  server.RaftServerConfigKeys (ConfUtils.java:logGet(43)) - raft.server.snapshot.auto.trigger.threshold = 10000 (custom)
2019-09-30 21:22:42,599 [pool-423-thread-1] INFO  server.RaftServerConfigKeys (ConfUtils.java:logGet(43)) - raft.server.snapshot.retention.file.num = 5 (custom)
2019-09-30 21:22:42,599 [pool-423-thread-1] INFO  server.RaftServerConfigKeys (ConfUtils.java:logGet(43)) - raft.server.retrycache.expirytime = 600000ms (custom)
2019-09-30 21:22:42,601 [pool-423-thread-1] INFO  impl.RaftServerImpl (RaftServerImpl.java:start(181)) - ff3c03e4-eabb-488a-9aac-d4ae30c6bb8a@group-A93E24C9E067: start as a follower, conf=-1: [ff3c03e4-eabb-488a-9aac-d4ae30c6bb8a:192.168.30.59:35817], old=null
2019-09-30 21:22:42,601 [pool-423-thread-1] INFO  impl.RaftServerImpl (RaftServerImpl.java:setRole(170)) - ff3c03e4-eabb-488a-9aac-d4ae30c6bb8a@group-A93E24C9E067: changes role from      null to FOLLOWER at term 0 for startAsFollower
2019-09-30 21:22:42,601 [pool-423-thread-1] INFO  impl.RoleInfo (RoleInfo.java:updateAndGet(143)) - ff3c03e4-eabb-488a-9aac-d4ae30c6bb8a: start FollowerState
2019-09-30 21:22:42,601 [pool-423-thread-1] INFO  util.JmxRegister (JmxRegister.java:tryRegister(44)) - Successfully registered JMX Bean with object name Ratis:service=RaftServer,group=group-A93E24C9E067,id=ff3c03e4-eabb-488a-9aac-d4ae30c6bb8a
2019-09-30 21:22:42,602 [main] INFO  ozone.MiniOzoneClusterImpl (MiniOzoneClusterImpl.java:lambda$waitForClusterToBeReady$0(147)) - Waiting for cluster to be ready. Got 6 of 7 DN Heartbeats.
2019-09-30 21:22:42,602 [IPC Server handler 11 on 36464] INFO  net.NetworkTopology (NetworkTopologyImpl.java:add(111)) - Added a new node: /default-rack/73709bb0-c865-4aa5-8280-440abca6ddad
2019-09-30 21:22:42,603 [IPC Server handler 11 on 36464] INFO  node.SCMNodeManager (SCMNodeManager.java:register(266)) - Registered Data node : 73709bb0-c865-4aa5-8280-440abca6ddad{ip: 192.168.30.59, host: pr-hdds-2211-2dwkd-795013237, networkLocation: /default-rack, certSerialId: null}
2019-09-30 21:22:42,605 [RatisPipelineUtilsThread] INFO  pipeline.PipelineStateManager (PipelineStateManager.java:addPipeline(56)) - Created pipeline Pipeline[ Id: 532d846d-2173-4668-a203-a93e24c9e067, Nodes: ff3c03e4-eabb-488a-9aac-d4ae30c6bb8a{ip: 192.168.30.59, host: pr-hdds-2211-2dwkd-795013237, networkLocation: /default-rack, certSerialId: null}, Type:RATIS, Factor:ONE, State:OPEN]
2019-09-30 21:22:42,619 [grpc-default-executor-4] INFO  impl.RaftServerProxy (RaftServerProxy.java:addNew(89)) - 73709bb0-c865-4aa5-8280-440abca6ddad: addNew group-8EB9CC8C254B:[73709bb0-c865-4aa5-8280-440abca6ddad:192.168.30.59:45811] returns group-8EB9CC8C254B:java.util.concurrent.CompletableFuture@54e53b9e[Not completed]
2019-09-30 21:22:42,621 [pool-443-thread-1] INFO  impl.RaftServerImpl (RaftServerImpl.java:<init>(95)) - 73709bb0-c865-4aa5-8280-440abca6ddad: new RaftServerImpl for group-8EB9CC8C254B:[73709bb0-c865-4aa5-8280-440abca6ddad:192.168.30.59:45811] with ContainerStateMachine:uninitialized
2019-09-30 21:22:42,621 [pool-443-thread-1] INFO  server.RaftServerConfigKeys (ConfUtils.java:logGet(43)) - raft.server.rpc.timeout.min = 5s (custom)
2019-09-30 21:22:42,621 [pool-443-thread-1] INFO  server.RaftServerConfigKeys (ConfUtils.java:logGet(43)) - raft.server.rpc.timeout.max = 5200ms (custom)
2019-09-30 21:22:42,621 [pool-443-thread-1] INFO  server.RaftServerConfigKeys (ConfUtils.java:logGet(43)) - raft.server.rpcslowness.timeout = 120s (custom)
2019-09-30 21:22:42,621 [pool-443-thread-1] INFO  server.RaftServerConfigKeys (ConfUtils.java:logGet(43)) - raft.server.sleep.deviation.threshold = 300 (default)
2019-09-30 21:22:42,621 [pool-443-thread-1] INFO  server.RaftServerConfigKeys (ConfUtils.java:logGet(43)) - raft.server.log.appender.install.snapshot.enabled = false (custom)
2019-09-30 21:22:42,622 [pool-443-thread-1] INFO  impl.RaftServerImpl (ServerState.java:<init>(103)) - 73709bb0-c865-4aa5-8280-440abca6ddad@group-8EB9CC8C254B: ConfigurationManager, init=-1: [73709bb0-c865-4aa5-8280-440abca6ddad:192.168.30.59:45811], old=null, confs=<EMPTY_MAP>
2019-09-30 21:22:42,622 [pool-443-thread-1] INFO  server.RaftServerConfigKeys (ConfUtils.java:logGet(43)) - raft.server.storage.dir = [/workdir/hadoop-ozone/integration-test/target/test-dir/MiniOzoneClusterImpl-897f703f-c245-4bad-9249-17030f6f4aae/datanode-6/data/ratis] (custom)
2019-09-30 21:22:42,622 [pool-443-thread-1] INFO  server.RaftServerConfigKeys (ConfUtils.java:logGet(43)) - raft.server.log.corruption.policy = EXCEPTION (default)
2019-09-30 21:22:42,622 [pool-443-thread-1] INFO  storage.RaftStorageDirectory (RaftStorageDirectory.java:analyzeStorage(246)) - The storage directory /workdir/hadoop-ozone/integration-test/target/test-dir/MiniOzoneClusterImpl-897f703f-c245-4bad-9249-17030f6f4aae/datanode-6/data/ratis/b37c2e59-a20f-4464-9a61-8eb9cc8c254b does not exist. Creating ...
2019-09-30 21:22:42,645 [pool-443-thread-1] INFO  storage.RaftStorageDirectory (RaftStorageDirectory.java:tryLock(328)) - Lock on /workdir/hadoop-ozone/integration-test/target/test-dir/MiniOzoneClusterImpl-897f703f-c245-4bad-9249-17030f6f4aae/datanode-6/data/ratis/b37c2e59-a20f-4464-9a61-8eb9cc8c254b/in_use.lock acquired by nodename 12236@pr-hdds-2211-2dwkd-795013237
2019-09-30 21:22:42,662 [pool-443-thread-1] INFO  storage.RaftStorage (RaftStorage.java:format(84)) - Storage directory /workdir/hadoop-ozone/integration-test/target/test-dir/MiniOzoneClusterImpl-897f703f-c245-4bad-9249-17030f6f4aae/datanode-6/data/ratis/b37c2e59-a20f-4464-9a61-8eb9cc8c254b has been successfully formatted.
2019-09-30 21:22:42,663 [pool-443-thread-1] INFO  ratis.ContainerStateMachine (ContainerStateMachine.java:loadSnapshot(230)) - group-8EB9CC8C254B: The snapshot info is null. Setting the last applied indexto:(t:0, i:~)
2019-09-30 21:22:42,663 [pool-443-thread-1] INFO  server.RaftServerConfigKeys (ConfUtils.java:logGet(43)) - raft.server.notification.no-leader.timeout = 120s (custom)
2019-09-30 21:22:42,663 [pool-443-thread-1] INFO  server.RaftServerConfigKeys (ConfUtils.java:logGet(43)) - raft.server.log.use.memory = false (default)
2019-09-30 21:22:42,663 [pool-443-thread-1] INFO  server.RaftServerConfigKeys (ConfUtils.java:logGet(43)) - raft.server.log.purge.gap = 1000000 (custom)
2019-09-30 21:22:42,663 [pool-443-thread-1] INFO  server.RaftServerConfigKeys (ConfUtils.java:logGet(43)) - raft.server.log.appender.buffer.byte-limit = 33554432 (custom)
2019-09-30 21:22:42,663 [pool-443-thread-1] INFO  server.RaftServerConfigKeys (ConfUtils.java:logGet(43)) - raft.server.log.segment.size.max = 1048576 (custom)
2019-09-30 21:22:42,665 [pool-443-thread-1] INFO  server.RaftServerConfigKeys (ConfUtils.java:logGet(43)) - raft.server.log.segment.cache.num.max = 2 (custom)
2019-09-30 21:22:42,665 [pool-443-thread-1] INFO  segmented.SegmentedRaftLogWorker (SegmentedRaftLogWorker.java:<init>(173)) - new 73709bb0-c865-4aa5-8280-440abca6ddad@group-8EB9CC8C254B-SegmentedRaftLogWorker for RaftStorage:Storage Directory /workdir/hadoop-ozone/integration-test/target/test-dir/MiniOzoneClusterImpl-897f703f-c245-4bad-9249-17030f6f4aae/datanode-6/data/ratis/b37c2e59-a20f-4464-9a61-8eb9cc8c254b
2019-09-30 21:22:42,665 [pool-443-thread-1] INFO  server.RaftServerConfigKeys (ConfUtils.java:logGet(43)) - raft.server.log.queue.byte-limit = 2147483647 (custom)
2019-09-30 21:22:42,666 [pool-443-thread-1] INFO  server.RaftServerConfigKeys (ConfUtils.java:logGet(43)) - raft.server.log.queue.element-limit = 1024 (custom)
2019-09-30 21:22:42,666 [pool-443-thread-1] INFO  server.RaftServerConfigKeys (ConfUtils.java:logGet(43)) - raft.server.log.segment.size.max = 1048576 (custom)
2019-09-30 21:22:42,666 [pool-443-thread-1] INFO  server.RaftServerConfigKeys (ConfUtils.java:logGet(43)) - raft.server.log.preallocated.size = 16384 (custom)
2019-09-30 21:22:42,666 [pool-443-thread-1] INFO  server.RaftServerConfigKeys (ConfUtils.java:logGet(43)) - raft.server.log.write.buffer.size = 33554432 (custom)
2019-09-30 21:22:42,666 [pool-443-thread-1] INFO  server.RaftServerConfigKeys (ConfUtils.java:logGet(43)) - raft.server.log.force.sync.num = 128 (default)
2019-09-30 21:22:42,666 [pool-443-thread-1] INFO  server.RaftServerConfigKeys (ConfUtils.java:logGet(43)) - raft.server.log.statemachine.data.sync = true (default)
2019-09-30 21:22:42,666 [pool-443-thread-1] INFO  server.RaftServerConfigKeys (ConfUtils.java:logGet(43)) - raft.server.log.statemachine.data.sync.timeout = 10s (default)
2019-09-30 21:22:42,667 [pool-443-thread-1] INFO  server.RaftServerConfigKeys (ConfUtils.java:logGet(43)) - raft.server.log.statemachine.data.sync.timeout.retry = -1 (default)
2019-09-30 21:22:42,667 [pool-443-thread-1] INFO  server.RaftServerConfigKeys (ConfUtils.java:logGet(43)) - raft.server.log.statemachine.data.caching.enabled = true (custom)
2019-09-30 21:22:42,668 [pool-443-thread-1] INFO  segmented.SegmentedRaftLogWorker (SegmentedRaftLogWorker.java:lambda$new$0(128)) - 73709bb0-c865-4aa5-8280-440abca6ddad@group-8EB9CC8C254B-SegmentedRaftLogWorker: flushIndex: setUnconditionally 0 -> -1
2019-09-30 21:22:42,668 [pool-443-thread-1] INFO  server.RaftServerConfigKeys (ConfUtils.java:logGet(43)) - raft.server.snapshot.auto.trigger.enabled = true (custom)
2019-09-30 21:22:42,668 [pool-443-thread-1] INFO  server.RaftServerConfigKeys (ConfUtils.java:logGet(43)) - raft.server.snapshot.auto.trigger.threshold = 10000 (custom)
2019-09-30 21:22:42,669 [pool-443-thread-1] INFO  server.RaftServerConfigKeys (ConfUtils.java:logGet(43)) - raft.server.snapshot.retention.file.num = 5 (custom)
2019-09-30 21:22:42,669 [pool-443-thread-1] INFO  server.RaftServerConfigKeys (ConfUtils.java:logGet(43)) - raft.server.retrycache.expirytime = 600000ms (custom)
2019-09-30 21:22:42,670 [pool-443-thread-1] INFO  impl.RaftServerImpl (RaftServerImpl.java:start(181)) - 73709bb0-c865-4aa5-8280-440abca6ddad@group-8EB9CC8C254B: start as a follower, conf=-1: [73709bb0-c865-4aa5-8280-440abca6ddad:192.168.30.59:45811], old=null
2019-09-30 21:22:42,671 [pool-443-thread-1] INFO  impl.RaftServerImpl (RaftServerImpl.java:setRole(170)) - 73709bb0-c865-4aa5-8280-440abca6ddad@group-8EB9CC8C254B: changes role from      null to FOLLOWER at term 0 for startAsFollower
2019-09-30 21:22:42,671 [pool-443-thread-1] INFO  impl.RoleInfo (RoleInfo.java:updateAndGet(143)) - 73709bb0-c865-4aa5-8280-440abca6ddad: start FollowerState
2019-09-30 21:22:42,671 [pool-443-thread-1] INFO  util.JmxRegister (JmxRegister.java:tryRegister(44)) - Successfully registered JMX Bean with object name Ratis:service=RaftServer,group=group-8EB9CC8C254B,id=73709bb0-c865-4aa5-8280-440abca6ddad
2019-09-30 21:22:42,675 [RatisPipelineUtilsThread] INFO  pipeline.PipelineStateManager (PipelineStateManager.java:addPipeline(56)) - Created pipeline Pipeline[ Id: b37c2e59-a20f-4464-9a61-8eb9cc8c254b, Nodes: 73709bb0-c865-4aa5-8280-440abca6ddad{ip: 192.168.30.59, host: pr-hdds-2211-2dwkd-795013237, networkLocation: /default-rack, certSerialId: null}, Type:RATIS, Factor:ONE, State:OPEN]
2019-09-30 21:22:42,702 [grpc-default-executor-4] INFO  impl.RaftServerProxy (RaftServerProxy.java:addNew(89)) - a748b230-209c-4796-adb9-b2bd89778327: addNew group-199C89F85374:[a748b230-209c-4796-adb9-b2bd89778327:192.168.30.59:36541] returns group-199C89F85374:java.util.concurrent.CompletableFuture@4cdb0e3d[Not completed]
2019-09-30 21:22:42,703 [pool-433-thread-1] INFO  impl.RaftServerImpl (RaftServerImpl.java:<init>(95)) - a748b230-209c-4796-adb9-b2bd89778327: new RaftServerImpl for group-199C89F85374:[a748b230-209c-4796-adb9-b2bd89778327:192.168.30.59:36541] with ContainerStateMachine:uninitialized
2019-09-30 21:22:42,703 [pool-433-thread-1] INFO  server.RaftServerConfigKeys (ConfUtils.java:logGet(43)) - raft.server.rpc.timeout.min = 5s (custom)
2019-09-30 21:22:42,704 [pool-433-thread-1] INFO  server.RaftServerConfigKeys (ConfUtils.java:logGet(43)) - raft.server.rpc.timeout.max = 5200ms (custom)
2019-09-30 21:22:42,704 [pool-433-thread-1] INFO  server.RaftServerConfigKeys (ConfUtils.java:logGet(43)) - raft.server.rpcslowness.timeout = 120s (custom)
2019-09-30 21:22:42,704 [pool-433-thread-1] INFO  server.RaftServerConfigKeys (ConfUtils.java:logGet(43)) - raft.server.sleep.deviation.threshold = 300 (default)
2019-09-30 21:22:42,704 [pool-433-thread-1] INFO  server.RaftServerConfigKeys (ConfUtils.java:logGet(43)) - raft.server.log.appender.install.snapshot.enabled = false (custom)
2019-09-30 21:22:42,704 [pool-433-thread-1] INFO  impl.RaftServerImpl (ServerState.java:<init>(103)) - a748b230-209c-4796-adb9-b2bd89778327@group-199C89F85374: ConfigurationManager, init=-1: [a748b230-209c-4796-adb9-b2bd89778327:192.168.30.59:36541], old=null, confs=<EMPTY_MAP>
2019-09-30 21:22:42,704 [pool-433-thread-1] INFO  server.RaftServerConfigKeys (ConfUtils.java:logGet(43)) - raft.server.storage.dir = [/workdir/hadoop-ozone/integration-test/target/test-dir/MiniOzoneClusterImpl-897f703f-c245-4bad-9249-17030f6f4aae/datanode-5/data/ratis] (custom)
2019-09-30 21:22:42,704 [pool-433-thread-1] INFO  server.RaftServerConfigKeys (ConfUtils.java:logGet(43)) - raft.server.log.corruption.policy = EXCEPTION (default)
2019-09-30 21:22:42,704 [pool-433-thread-1] INFO  storage.RaftStorageDirectory (RaftStorageDirectory.java:analyzeStorage(246)) - The storage directory /workdir/hadoop-ozone/integration-test/target/test-dir/MiniOzoneClusterImpl-897f703f-c245-4bad-9249-17030f6f4aae/datanode-5/data/ratis/7543cf94-faf8-4941-ab74-199c89f85374 does not exist. Creating ...
2019-09-30 21:22:42,729 [pool-433-thread-1] INFO  storage.RaftStorageDirectory (RaftStorageDirectory.java:tryLock(328)) - Lock on /workdir/hadoop-ozone/integration-test/target/test-dir/MiniOzoneClusterImpl-897f703f-c245-4bad-9249-17030f6f4aae/datanode-5/data/ratis/7543cf94-faf8-4941-ab74-199c89f85374/in_use.lock acquired by nodename 12236@pr-hdds-2211-2dwkd-795013237
2019-09-30 21:22:42,754 [pool-433-thread-1] INFO  storage.RaftStorage (RaftStorage.java:format(84)) - Storage directory /workdir/hadoop-ozone/integration-test/target/test-dir/MiniOzoneClusterImpl-897f703f-c245-4bad-9249-17030f6f4aae/datanode-5/data/ratis/7543cf94-faf8-4941-ab74-199c89f85374 has been successfully formatted.
2019-09-30 21:22:42,755 [pool-433-thread-1] INFO  ratis.ContainerStateMachine (ContainerStateMachine.java:loadSnapshot(230)) - group-199C89F85374: The snapshot info is null. Setting the last applied indexto:(t:0, i:~)
2019-09-30 21:22:42,755 [pool-433-thread-1] INFO  server.RaftServerConfigKeys (ConfUtils.java:logGet(43)) - raft.server.notification.no-leader.timeout = 120s (custom)
2019-09-30 21:22:42,755 [pool-433-thread-1] INFO  server.RaftServerConfigKeys (ConfUtils.java:logGet(43)) - raft.server.log.use.memory = false (default)
2019-09-30 21:22:42,755 [pool-433-thread-1] INFO  server.RaftServerConfigKeys (ConfUtils.java:logGet(43)) - raft.server.log.purge.gap = 1000000 (custom)
2019-09-30 21:22:42,755 [pool-433-thread-1] INFO  server.RaftServerConfigKeys (ConfUtils.java:logGet(43)) - raft.server.log.appender.buffer.byte-limit = 33554432 (custom)
2019-09-30 21:22:42,755 [pool-433-thread-1] INFO  server.RaftServerConfigKeys (ConfUtils.java:logGet(43)) - raft.server.log.segment.size.max = 1048576 (custom)
2019-09-30 21:22:42,757 [pool-433-thread-1] INFO  server.RaftServerConfigKeys (ConfUtils.java:logGet(43)) - raft.server.log.segment.cache.num.max = 2 (custom)
2019-09-30 21:22:42,757 [pool-433-thread-1] INFO  segmented.SegmentedRaftLogWorker (SegmentedRaftLogWorker.java:<init>(173)) - new a748b230-209c-4796-adb9-b2bd89778327@group-199C89F85374-SegmentedRaftLogWorker for RaftStorage:Storage Directory /workdir/hadoop-ozone/integration-test/target/test-dir/MiniOzoneClusterImpl-897f703f-c245-4bad-9249-17030f6f4aae/datanode-5/data/ratis/7543cf94-faf8-4941-ab74-199c89f85374
2019-09-30 21:22:42,758 [pool-433-thread-1] INFO  server.RaftServerConfigKeys (ConfUtils.java:logGet(43)) - raft.server.log.queue.byte-limit = 2147483647 (custom)
2019-09-30 21:22:42,758 [pool-433-thread-1] INFO  server.RaftServerConfigKeys (ConfUtils.java:logGet(43)) - raft.server.log.queue.element-limit = 1024 (custom)
2019-09-30 21:22:42,758 [pool-433-thread-1] INFO  server.RaftServerConfigKeys (ConfUtils.java:logGet(43)) - raft.server.log.segment.size.max = 1048576 (custom)
2019-09-30 21:22:42,758 [pool-433-thread-1] INFO  server.RaftServerConfigKeys (ConfUtils.java:logGet(43)) - raft.server.log.preallocated.size = 16384 (custom)
2019-09-30 21:22:42,758 [pool-433-thread-1] INFO  server.RaftServerConfigKeys (ConfUtils.java:logGet(43)) - raft.server.log.write.buffer.size = 33554432 (custom)
2019-09-30 21:22:42,758 [pool-433-thread-1] INFO  server.RaftServerConfigKeys (ConfUtils.java:logGet(43)) - raft.server.log.force.sync.num = 128 (default)
2019-09-30 21:22:42,758 [pool-433-thread-1] INFO  server.RaftServerConfigKeys (ConfUtils.java:logGet(43)) - raft.server.log.statemachine.data.sync = true (default)
2019-09-30 21:22:42,759 [pool-433-thread-1] INFO  server.RaftServerConfigKeys (ConfUtils.java:logGet(43)) - raft.server.log.statemachine.data.sync.timeout = 10s (default)
2019-09-30 21:22:42,759 [pool-433-thread-1] INFO  server.RaftServerConfigKeys (ConfUtils.java:logGet(43)) - raft.server.log.statemachine.data.sync.timeout.retry = -1 (default)
2019-09-30 21:22:42,759 [pool-433-thread-1] INFO  server.RaftServerConfigKeys (ConfUtils.java:logGet(43)) - raft.server.log.statemachine.data.caching.enabled = true (custom)
2019-09-30 21:22:42,759 [pool-433-thread-1] INFO  segmented.SegmentedRaftLogWorker (SegmentedRaftLogWorker.java:lambda$new$0(128)) - a748b230-209c-4796-adb9-b2bd89778327@group-199C89F85374-SegmentedRaftLogWorker: flushIndex: setUnconditionally 0 -> -1
2019-09-30 21:22:42,760 [pool-433-thread-1] INFO  server.RaftServerConfigKeys (ConfUtils.java:logGet(43)) - raft.server.snapshot.auto.trigger.enabled = true (custom)
2019-09-30 21:22:42,760 [pool-433-thread-1] INFO  server.RaftServerConfigKeys (ConfUtils.java:logGet(43)) - raft.server.snapshot.auto.trigger.threshold = 10000 (custom)
2019-09-30 21:22:42,760 [pool-433-thread-1] INFO  server.RaftServerConfigKeys (ConfUtils.java:logGet(43)) - raft.server.snapshot.retention.file.num = 5 (custom)
2019-09-30 21:22:42,760 [pool-433-thread-1] INFO  server.RaftServerConfigKeys (ConfUtils.java:logGet(43)) - raft.server.retrycache.expirytime = 600000ms (custom)
2019-09-30 21:22:42,762 [pool-433-thread-1] INFO  impl.RaftServerImpl (RaftServerImpl.java:start(181)) - a748b230-209c-4796-adb9-b2bd89778327@group-199C89F85374: start as a follower, conf=-1: [a748b230-209c-4796-adb9-b2bd89778327:192.168.30.59:36541], old=null
2019-09-30 21:22:42,762 [pool-433-thread-1] INFO  impl.RaftServerImpl (RaftServerImpl.java:setRole(170)) - a748b230-209c-4796-adb9-b2bd89778327@group-199C89F85374: changes role from      null to FOLLOWER at term 0 for startAsFollower
2019-09-30 21:22:42,762 [pool-433-thread-1] INFO  impl.RoleInfo (RoleInfo.java:updateAndGet(143)) - a748b230-209c-4796-adb9-b2bd89778327: start FollowerState
2019-09-30 21:22:42,763 [pool-433-thread-1] INFO  util.JmxRegister (JmxRegister.java:tryRegister(44)) - Successfully registered JMX Bean with object name Ratis:service=RaftServer,group=group-199C89F85374,id=a748b230-209c-4796-adb9-b2bd89778327
2019-09-30 21:22:42,767 [RatisPipelineUtilsThread] INFO  pipeline.PipelineStateManager (PipelineStateManager.java:addPipeline(56)) - Created pipeline Pipeline[ Id: 7543cf94-faf8-4941-ab74-199c89f85374, Nodes: a748b230-209c-4796-adb9-b2bd89778327{ip: 192.168.30.59, host: pr-hdds-2211-2dwkd-795013237, networkLocation: /default-rack, certSerialId: null}, Type:RATIS, Factor:ONE, State:OPEN]
2019-09-30 21:22:42,787 [grpc-default-executor-3] INFO  impl.RaftServerProxy (RaftServerProxy.java:addNew(89)) - 73709bb0-c865-4aa5-8280-440abca6ddad: addNew group-76E7B78140D1:[a748b230-209c-4796-adb9-b2bd89778327:192.168.30.59:36541, 46eb3679-150a-4e53-bd71-3fc425be5183:192.168.30.59:44182, 73709bb0-c865-4aa5-8280-440abca6ddad:192.168.30.59:45811] returns group-76E7B78140D1:java.util.concurrent.CompletableFuture@7359edcd[Not completed]
2019-09-30 21:22:42,787 [grpc-default-executor-4] INFO  impl.RaftServerProxy (RaftServerProxy.java:addNew(89)) - 46eb3679-150a-4e53-bd71-3fc425be5183: addNew group-76E7B78140D1:[a748b230-209c-4796-adb9-b2bd89778327:192.168.30.59:36541, 46eb3679-150a-4e53-bd71-3fc425be5183:192.168.30.59:44182, 73709bb0-c865-4aa5-8280-440abca6ddad:192.168.30.59:45811] returns group-76E7B78140D1:java.util.concurrent.CompletableFuture@10e3757[Not completed]
2019-09-30 21:22:42,787 [grpc-default-executor-1] INFO  impl.RaftServerProxy (RaftServerProxy.java:addNew(89)) - a748b230-209c-4796-adb9-b2bd89778327: addNew group-76E7B78140D1:[a748b230-209c-4796-adb9-b2bd89778327:192.168.30.59:36541, 46eb3679-150a-4e53-bd71-3fc425be5183:192.168.30.59:44182, 73709bb0-c865-4aa5-8280-440abca6ddad:192.168.30.59:45811] returns group-76E7B78140D1:java.util.concurrent.CompletableFuture@4e2c8cb4[Not completed]
2019-09-30 21:22:42,789 [pool-413-thread-1] INFO  impl.RaftServerImpl (RaftServerImpl.java:<init>(95)) - 46eb3679-150a-4e53-bd71-3fc425be5183: new RaftServerImpl for group-76E7B78140D1:[a748b230-209c-4796-adb9-b2bd89778327:192.168.30.59:36541, 46eb3679-150a-4e53-bd71-3fc425be5183:192.168.30.59:44182, 73709bb0-c865-4aa5-8280-440abca6ddad:192.168.30.59:45811] with ContainerStateMachine:uninitialized
2019-09-30 21:22:42,789 [pool-413-thread-1] INFO  server.RaftServerConfigKeys (ConfUtils.java:logGet(43)) - raft.server.rpc.timeout.min = 5s (custom)
2019-09-30 21:22:42,789 [pool-443-thread-1] INFO  impl.RaftServerImpl (RaftServerImpl.java:<init>(95)) - 73709bb0-c865-4aa5-8280-440abca6ddad: new RaftServerImpl for group-76E7B78140D1:[a748b230-209c-4796-adb9-b2bd89778327:192.168.30.59:36541, 46eb3679-150a-4e53-bd71-3fc425be5183:192.168.30.59:44182, 73709bb0-c865-4aa5-8280-440abca6ddad:192.168.30.59:45811] with ContainerStateMachine:uninitialized
2019-09-30 21:22:42,789 [pool-413-thread-1] INFO  server.RaftServerConfigKeys (ConfUtils.java:logGet(43)) - raft.server.rpc.timeout.max = 5200ms (custom)
2019-09-30 21:22:42,789 [pool-443-thread-1] INFO  server.RaftServerConfigKeys (ConfUtils.java:logGet(43)) - raft.server.rpc.timeout.min = 5s (custom)
2019-09-30 21:22:42,789 [pool-433-thread-1] INFO  impl.RaftServerImpl (RaftServerImpl.java:<init>(95)) - a748b230-209c-4796-adb9-b2bd89778327: new RaftServerImpl for group-76E7B78140D1:[a748b230-209c-4796-adb9-b2bd89778327:192.168.30.59:36541, 46eb3679-150a-4e53-bd71-3fc425be5183:192.168.30.59:44182, 73709bb0-c865-4aa5-8280-440abca6ddad:192.168.30.59:45811] with ContainerStateMachine:uninitialized
2019-09-30 21:22:42,789 [pool-413-thread-1] INFO  server.RaftServerConfigKeys (ConfUtils.java:logGet(43)) - raft.server.rpcslowness.timeout = 120s (custom)
2019-09-30 21:22:42,790 [pool-433-thread-1] INFO  server.RaftServerConfigKeys (ConfUtils.java:logGet(43)) - raft.server.rpc.timeout.min = 5s (custom)
2019-09-30 21:22:42,790 [pool-443-thread-1] INFO  server.RaftServerConfigKeys (ConfUtils.java:logGet(43)) - raft.server.rpc.timeout.max = 5200ms (custom)
2019-09-30 21:22:42,790 [pool-433-thread-1] INFO  server.RaftServerConfigKeys (ConfUtils.java:logGet(43)) - raft.server.rpc.timeout.max = 5200ms (custom)
2019-09-30 21:22:42,790 [pool-413-thread-1] INFO  server.RaftServerConfigKeys (ConfUtils.java:logGet(43)) - raft.server.sleep.deviation.threshold = 300 (default)
2019-09-30 21:22:42,790 [pool-433-thread-1] INFO  server.RaftServerConfigKeys (ConfUtils.java:logGet(43)) - raft.server.rpcslowness.timeout = 120s (custom)
2019-09-30 21:22:42,790 [pool-443-thread-1] INFO  server.RaftServerConfigKeys (ConfUtils.java:logGet(43)) - raft.server.rpcslowness.timeout = 120s (custom)
2019-09-30 21:22:42,790 [pool-433-thread-1] INFO  server.RaftServerConfigKeys (ConfUtils.java:logGet(43)) - raft.server.sleep.deviation.threshold = 300 (default)
2019-09-30 21:22:42,790 [pool-413-thread-1] INFO  server.RaftServerConfigKeys (ConfUtils.java:logGet(43)) - raft.server.log.appender.install.snapshot.enabled = false (custom)
2019-09-30 21:22:42,791 [pool-433-thread-1] INFO  server.RaftServerConfigKeys (ConfUtils.java:logGet(43)) - raft.server.log.appender.install.snapshot.enabled = false (custom)
2019-09-30 21:22:42,791 [pool-443-thread-1] INFO  server.RaftServerConfigKeys (ConfUtils.java:logGet(43)) - raft.server.sleep.deviation.threshold = 300 (default)
2019-09-30 21:22:42,791 [pool-433-thread-1] INFO  impl.RaftServerImpl (ServerState.java:<init>(103)) - a748b230-209c-4796-adb9-b2bd89778327@group-76E7B78140D1: ConfigurationManager, init=-1: [a748b230-209c-4796-adb9-b2bd89778327:192.168.30.59:36541, 46eb3679-150a-4e53-bd71-3fc425be5183:192.168.30.59:44182, 73709bb0-c865-4aa5-8280-440abca6ddad:192.168.30.59:45811], old=null, confs=<EMPTY_MAP>
2019-09-30 21:22:42,791 [pool-413-thread-1] INFO  impl.RaftServerImpl (ServerState.java:<init>(103)) - 46eb3679-150a-4e53-bd71-3fc425be5183@group-76E7B78140D1: ConfigurationManager, init=-1: [a748b230-209c-4796-adb9-b2bd89778327:192.168.30.59:36541, 46eb3679-150a-4e53-bd71-3fc425be5183:192.168.30.59:44182, 73709bb0-c865-4aa5-8280-440abca6ddad:192.168.30.59:45811], old=null, confs=<EMPTY_MAP>
2019-09-30 21:22:42,791 [pool-433-thread-1] INFO  server.RaftServerConfigKeys (ConfUtils.java:logGet(43)) - raft.server.storage.dir = [/workdir/hadoop-ozone/integration-test/target/test-dir/MiniOzoneClusterImpl-897f703f-c245-4bad-9249-17030f6f4aae/datanode-5/data/ratis] (custom)
2019-09-30 21:22:42,791 [pool-443-thread-1] INFO  server.RaftServerConfigKeys (ConfUtils.java:logGet(43)) - raft.server.log.appender.install.snapshot.enabled = false (custom)
2019-09-30 21:22:42,791 [pool-413-thread-1] INFO  server.RaftServerConfigKeys (ConfUtils.java:logGet(43)) - raft.server.storage.dir = [/workdir/hadoop-ozone/integration-test/target/test-dir/MiniOzoneClusterImpl-897f703f-c245-4bad-9249-17030f6f4aae/datanode-3/data/ratis] (custom)
2019-09-30 21:22:42,792 [pool-433-thread-1] INFO  server.RaftServerConfigKeys (ConfUtils.java:logGet(43)) - raft.server.log.corruption.policy = EXCEPTION (default)
2019-09-30 21:22:42,792 [pool-443-thread-1] INFO  impl.RaftServerImpl (ServerState.java:<init>(103)) - 73709bb0-c865-4aa5-8280-440abca6ddad@group-76E7B78140D1: ConfigurationManager, init=-1: [a748b230-209c-4796-adb9-b2bd89778327:192.168.30.59:36541, 46eb3679-150a-4e53-bd71-3fc425be5183:192.168.30.59:44182, 73709bb0-c865-4aa5-8280-440abca6ddad:192.168.30.59:45811], old=null, confs=<EMPTY_MAP>
2019-09-30 21:22:42,792 [pool-433-thread-1] INFO  storage.RaftStorageDirectory (RaftStorageDirectory.java:analyzeStorage(246)) - The storage directory /workdir/hadoop-ozone/integration-test/target/test-dir/MiniOzoneClusterImpl-897f703f-c245-4bad-9249-17030f6f4aae/datanode-5/data/ratis/eb4d6ec8-08ce-4113-96b5-76e7b78140d1 does not exist. Creating ...
2019-09-30 21:22:42,792 [pool-413-thread-1] INFO  server.RaftServerConfigKeys (ConfUtils.java:logGet(43)) - raft.server.log.corruption.policy = EXCEPTION (default)
2019-09-30 21:22:42,792 [pool-443-thread-1] INFO  server.RaftServerConfigKeys (ConfUtils.java:logGet(43)) - raft.server.storage.dir = [/workdir/hadoop-ozone/integration-test/target/test-dir/MiniOzoneClusterImpl-897f703f-c245-4bad-9249-17030f6f4aae/datanode-6/data/ratis] (custom)
2019-09-30 21:22:42,792 [pool-413-thread-1] INFO  storage.RaftStorageDirectory (RaftStorageDirectory.java:analyzeStorage(246)) - The storage directory /workdir/hadoop-ozone/integration-test/target/test-dir/MiniOzoneClusterImpl-897f703f-c245-4bad-9249-17030f6f4aae/datanode-3/data/ratis/eb4d6ec8-08ce-4113-96b5-76e7b78140d1 does not exist. Creating ...
2019-09-30 21:22:42,792 [pool-443-thread-1] INFO  server.RaftServerConfigKeys (ConfUtils.java:logGet(43)) - raft.server.log.corruption.policy = EXCEPTION (default)
2019-09-30 21:22:42,793 [pool-443-thread-1] INFO  storage.RaftStorageDirectory (RaftStorageDirectory.java:analyzeStorage(246)) - The storage directory /workdir/hadoop-ozone/integration-test/target/test-dir/MiniOzoneClusterImpl-897f703f-c245-4bad-9249-17030f6f4aae/datanode-6/data/ratis/eb4d6ec8-08ce-4113-96b5-76e7b78140d1 does not exist. Creating ...
2019-09-30 21:22:42,822 [pool-413-thread-1] INFO  storage.RaftStorageDirectory (RaftStorageDirectory.java:tryLock(328)) - Lock on /workdir/hadoop-ozone/integration-test/target/test-dir/MiniOzoneClusterImpl-897f703f-c245-4bad-9249-17030f6f4aae/datanode-3/data/ratis/eb4d6ec8-08ce-4113-96b5-76e7b78140d1/in_use.lock acquired by nodename 12236@pr-hdds-2211-2dwkd-795013237
2019-09-30 21:22:42,822 [pool-433-thread-1] INFO  storage.RaftStorageDirectory (RaftStorageDirectory.java:tryLock(328)) - Lock on /workdir/hadoop-ozone/integration-test/target/test-dir/MiniOzoneClusterImpl-897f703f-c245-4bad-9249-17030f6f4aae/datanode-5/data/ratis/eb4d6ec8-08ce-4113-96b5-76e7b78140d1/in_use.lock acquired by nodename 12236@pr-hdds-2211-2dwkd-795013237
2019-09-30 21:22:42,822 [pool-443-thread-1] INFO  storage.RaftStorageDirectory (RaftStorageDirectory.java:tryLock(328)) - Lock on /workdir/hadoop-ozone/integration-test/target/test-dir/MiniOzoneClusterImpl-897f703f-c245-4bad-9249-17030f6f4aae/datanode-6/data/ratis/eb4d6ec8-08ce-4113-96b5-76e7b78140d1/in_use.lock acquired by nodename 12236@pr-hdds-2211-2dwkd-795013237
2019-09-30 21:22:42,847 [pool-433-thread-1] INFO  storage.RaftStorage (RaftStorage.java:format(84)) - Storage directory /workdir/hadoop-ozone/integration-test/target/test-dir/MiniOzoneClusterImpl-897f703f-c245-4bad-9249-17030f6f4aae/datanode-5/data/ratis/eb4d6ec8-08ce-4113-96b5-76e7b78140d1 has been successfully formatted.
2019-09-30 21:22:42,847 [pool-413-thread-1] INFO  storage.RaftStorage (RaftStorage.java:format(84)) - Storage directory /workdir/hadoop-ozone/integration-test/target/test-dir/MiniOzoneClusterImpl-897f703f-c245-4bad-9249-17030f6f4aae/datanode-3/data/ratis/eb4d6ec8-08ce-4113-96b5-76e7b78140d1 has been successfully formatted.
2019-09-30 21:22:42,847 [pool-443-thread-1] INFO  storage.RaftStorage (RaftStorage.java:format(84)) - Storage directory /workdir/hadoop-ozone/integration-test/target/test-dir/MiniOzoneClusterImpl-897f703f-c245-4bad-9249-17030f6f4aae/datanode-6/data/ratis/eb4d6ec8-08ce-4113-96b5-76e7b78140d1 has been successfully formatted.
2019-09-30 21:22:42,848 [pool-433-thread-1] INFO  ratis.ContainerStateMachine (ContainerStateMachine.java:loadSnapshot(230)) - group-76E7B78140D1: The snapshot info is null. Setting the last applied indexto:(t:0, i:~)
2019-09-30 21:22:42,848 [pool-443-thread-1] INFO  ratis.ContainerStateMachine (ContainerStateMachine.java:loadSnapshot(230)) - group-76E7B78140D1: The snapshot info is null. Setting the last applied indexto:(t:0, i:~)
2019-09-30 21:22:42,848 [pool-413-thread-1] INFO  ratis.ContainerStateMachine (ContainerStateMachine.java:loadSnapshot(230)) - group-76E7B78140D1: The snapshot info is null. Setting the last applied indexto:(t:0, i:~)
2019-09-30 21:22:42,848 [pool-443-thread-1] INFO  server.RaftServerConfigKeys (ConfUtils.java:logGet(43)) - raft.server.notification.no-leader.timeout = 120s (custom)
2019-09-30 21:22:42,848 [pool-433-thread-1] INFO  server.RaftServerConfigKeys (ConfUtils.java:logGet(43)) - raft.server.notification.no-leader.timeout = 120s (custom)
2019-09-30 21:22:42,848 [pool-443-thread-1] INFO  server.RaftServerConfigKeys (ConfUtils.java:logGet(43)) - raft.server.log.use.memory = false (default)
2019-09-30 21:22:42,848 [pool-413-thread-1] INFO  server.RaftServerConfigKeys (ConfUtils.java:logGet(43)) - raft.server.notification.no-leader.timeout = 120s (custom)
2019-09-30 21:22:42,849 [pool-443-thread-1] INFO  server.RaftServerConfigKeys (ConfUtils.java:logGet(43)) - raft.server.log.purge.gap = 1000000 (custom)
2019-09-30 21:22:42,849 [pool-433-thread-1] INFO  server.RaftServerConfigKeys (ConfUtils.java:logGet(43)) - raft.server.log.use.memory = false (default)
2019-09-30 21:22:42,849 [pool-443-thread-1] INFO  server.RaftServerConfigKeys (ConfUtils.java:logGet(43)) - raft.server.log.appender.buffer.byte-limit = 33554432 (custom)
2019-09-30 21:22:42,849 [pool-413-thread-1] INFO  server.RaftServerConfigKeys (ConfUtils.java:logGet(43)) - raft.server.log.use.memory = false (default)
2019-09-30 21:22:42,849 [pool-443-thread-1] INFO  server.RaftServerConfigKeys (ConfUtils.java:logGet(43)) - raft.server.log.segment.size.max = 1048576 (custom)
2019-09-30 21:22:42,849 [pool-433-thread-1] INFO  server.RaftServerConfigKeys (ConfUtils.java:logGet(43)) - raft.server.log.purge.gap = 1000000 (custom)
2019-09-30 21:22:42,850 [pool-443-thread-1] INFO  server.RaftServerConfigKeys (ConfUtils.java:logGet(43)) - raft.server.log.segment.cache.num.max = 2 (custom)
2019-09-30 21:22:42,849 [pool-413-thread-1] INFO  server.RaftServerConfigKeys (ConfUtils.java:logGet(43)) - raft.server.log.purge.gap = 1000000 (custom)
2019-09-30 21:22:42,850 [pool-443-thread-1] INFO  segmented.SegmentedRaftLogWorker (SegmentedRaftLogWorker.java:<init>(173)) - new 73709bb0-c865-4aa5-8280-440abca6ddad@group-76E7B78140D1-SegmentedRaftLogWorker for RaftStorage:Storage Directory /workdir/hadoop-ozone/integration-test/target/test-dir/MiniOzoneClusterImpl-897f703f-c245-4bad-9249-17030f6f4aae/datanode-6/data/ratis/eb4d6ec8-08ce-4113-96b5-76e7b78140d1
2019-09-30 21:22:42,850 [pool-443-thread-1] INFO  server.RaftServerConfigKeys (ConfUtils.java:logGet(43)) - raft.server.log.queue.byte-limit = 2147483647 (custom)
2019-09-30 21:22:42,850 [pool-433-thread-1] INFO  server.RaftServerConfigKeys (ConfUtils.java:logGet(43)) - raft.server.log.appender.buffer.byte-limit = 33554432 (custom)
2019-09-30 21:22:42,850 [pool-443-thread-1] INFO  server.RaftServerConfigKeys (ConfUtils.java:logGet(43)) - raft.server.log.queue.element-limit = 1024 (custom)
2019-09-30 21:22:42,850 [pool-413-thread-1] INFO  server.RaftServerConfigKeys (ConfUtils.java:logGet(43)) - raft.server.log.appender.buffer.byte-limit = 33554432 (custom)
2019-09-30 21:22:42,850 [pool-443-thread-1] INFO  server.RaftServerConfigKeys (ConfUtils.java:logGet(43)) - raft.server.log.segment.size.max = 1048576 (custom)
2019-09-30 21:22:42,850 [pool-433-thread-1] INFO  server.RaftServerConfigKeys (ConfUtils.java:logGet(43)) - raft.server.log.segment.size.max = 1048576 (custom)
2019-09-30 21:22:42,851 [pool-443-thread-1] INFO  server.RaftServerConfigKeys (ConfUtils.java:logGet(43)) - raft.server.log.preallocated.size = 16384 (custom)
2019-09-30 21:22:42,851 [pool-413-thread-1] INFO  server.RaftServerConfigKeys (ConfUtils.java:logGet(43)) - raft.server.log.segment.size.max = 1048576 (custom)
2019-09-30 21:22:42,851 [pool-443-thread-1] INFO  server.RaftServerConfigKeys (ConfUtils.java:logGet(43)) - raft.server.log.write.buffer.size = 33554432 (custom)
2019-09-30 21:22:42,851 [pool-443-thread-1] INFO  server.RaftServerConfigKeys (ConfUtils.java:logGet(43)) - raft.server.log.force.sync.num = 128 (default)
2019-09-30 21:22:42,851 [pool-433-thread-1] INFO  server.RaftServerConfigKeys (ConfUtils.java:logGet(43)) - raft.server.log.segment.cache.num.max = 2 (custom)
2019-09-30 21:22:42,851 [pool-443-thread-1] INFO  server.RaftServerConfigKeys (ConfUtils.java:logGet(43)) - raft.server.log.statemachine.data.sync = true (default)
2019-09-30 21:22:42,851 [pool-413-thread-1] INFO  server.RaftServerConfigKeys (ConfUtils.java:logGet(43)) - raft.server.log.segment.cache.num.max = 2 (custom)
2019-09-30 21:22:42,852 [pool-443-thread-1] INFO  server.RaftServerConfigKeys (ConfUtils.java:logGet(43)) - raft.server.log.statemachine.data.sync.timeout = 10s (default)
2019-09-30 21:22:42,852 [pool-433-thread-1] INFO  segmented.SegmentedRaftLogWorker (SegmentedRaftLogWorker.java:<init>(173)) - new a748b230-209c-4796-adb9-b2bd89778327@group-76E7B78140D1-SegmentedRaftLogWorker for RaftStorage:Storage Directory /workdir/hadoop-ozone/integration-test/target/test-dir/MiniOzoneClusterImpl-897f703f-c245-4bad-9249-17030f6f4aae/datanode-5/data/ratis/eb4d6ec8-08ce-4113-96b5-76e7b78140d1
2019-09-30 21:22:42,852 [pool-443-thread-1] INFO  server.RaftServerConfigKeys (ConfUtils.java:logGet(43)) - raft.server.log.statemachine.data.sync.timeout.retry = -1 (default)
2019-09-30 21:22:42,852 [pool-413-thread-1] INFO  segmented.SegmentedRaftLogWorker (SegmentedRaftLogWorker.java:<init>(173)) - new 46eb3679-150a-4e53-bd71-3fc425be5183@group-76E7B78140D1-SegmentedRaftLogWorker for RaftStorage:Storage Directory /workdir/hadoop-ozone/integration-test/target/test-dir/MiniOzoneClusterImpl-897f703f-c245-4bad-9249-17030f6f4aae/datanode-3/data/ratis/eb4d6ec8-08ce-4113-96b5-76e7b78140d1
2019-09-30 21:22:42,852 [pool-443-thread-1] INFO  server.RaftServerConfigKeys (ConfUtils.java:logGet(43)) - raft.server.log.statemachine.data.caching.enabled = true (custom)
2019-09-30 21:22:42,852 [pool-433-thread-1] INFO  server.RaftServerConfigKeys (ConfUtils.java:logGet(43)) - raft.server.log.queue.byte-limit = 2147483647 (custom)
2019-09-30 21:22:42,852 [pool-413-thread-1] INFO  server.RaftServerConfigKeys (ConfUtils.java:logGet(43)) - raft.server.log.queue.byte-limit = 2147483647 (custom)
2019-09-30 21:22:42,853 [pool-443-thread-1] INFO  segmented.SegmentedRaftLogWorker (SegmentedRaftLogWorker.java:lambda$new$0(128)) - 73709bb0-c865-4aa5-8280-440abca6ddad@group-76E7B78140D1-SegmentedRaftLogWorker: flushIndex: setUnconditionally 0 -> -1
2019-09-30 21:22:42,853 [pool-433-thread-1] INFO  server.RaftServerConfigKeys (ConfUtils.java:logGet(43)) - raft.server.log.queue.element-limit = 1024 (custom)
2019-09-30 21:22:42,853 [pool-413-thread-1] INFO  server.RaftServerConfigKeys (ConfUtils.java:logGet(43)) - raft.server.log.queue.element-limit = 1024 (custom)
2019-09-30 21:22:42,853 [pool-443-thread-1] INFO  server.RaftServerConfigKeys (ConfUtils.java:logGet(43)) - raft.server.snapshot.auto.trigger.enabled = true (custom)
2019-09-30 21:22:42,853 [pool-433-thread-1] INFO  server.RaftServerConfigKeys (ConfUtils.java:logGet(43)) - raft.server.log.segment.size.max = 1048576 (custom)
2019-09-30 21:22:42,853 [pool-443-thread-1] INFO  server.RaftServerConfigKeys (ConfUtils.java:logGet(43)) - raft.server.snapshot.auto.trigger.threshold = 10000 (custom)
2019-09-30 21:22:42,853 [pool-413-thread-1] INFO  server.RaftServerConfigKeys (ConfUtils.java:logGet(43)) - raft.server.log.segment.size.max = 1048576 (custom)
2019-09-30 21:22:42,853 [pool-443-thread-1] INFO  server.RaftServerConfigKeys (ConfUtils.java:logGet(43)) - raft.server.snapshot.retention.file.num = 5 (custom)
2019-09-30 21:22:42,853 [pool-433-thread-1] INFO  server.RaftServerConfigKeys (ConfUtils.java:logGet(43)) - raft.server.log.preallocated.size = 16384 (custom)
2019-09-30 21:22:42,854 [pool-443-thread-1] INFO  server.RaftServerConfigKeys (ConfUtils.java:logGet(43)) - raft.server.retrycache.expirytime = 600000ms (custom)
2019-09-30 21:22:42,854 [pool-413-thread-1] INFO  server.RaftServerConfigKeys (ConfUtils.java:logGet(43)) - raft.server.log.preallocated.size = 16384 (custom)
2019-09-30 21:22:42,854 [pool-433-thread-1] INFO  server.RaftServerConfigKeys (ConfUtils.java:logGet(43)) - raft.server.log.write.buffer.size = 33554432 (custom)
2019-09-30 21:22:42,854 [pool-413-thread-1] INFO  server.RaftServerConfigKeys (ConfUtils.java:logGet(43)) - raft.server.log.write.buffer.size = 33554432 (custom)
2019-09-30 21:22:42,854 [pool-433-thread-1] INFO  server.RaftServerConfigKeys (ConfUtils.java:logGet(43)) - raft.server.log.force.sync.num = 128 (default)
2019-09-30 21:22:42,854 [pool-413-thread-1] INFO  server.RaftServerConfigKeys (ConfUtils.java:logGet(43)) - raft.server.log.force.sync.num = 128 (default)
2019-09-30 21:22:42,854 [pool-433-thread-1] INFO  server.RaftServerConfigKeys (ConfUtils.java:logGet(43)) - raft.server.log.statemachine.data.sync = true (default)
2019-09-30 21:22:42,855 [pool-413-thread-1] INFO  server.RaftServerConfigKeys (ConfUtils.java:logGet(43)) - raft.server.log.statemachine.data.sync = true (default)
2019-09-30 21:22:42,855 [pool-433-thread-1] INFO  server.RaftServerConfigKeys (ConfUtils.java:logGet(43)) - raft.server.log.statemachine.data.sync.timeout = 10s (default)
2019-09-30 21:22:42,855 [pool-413-thread-1] INFO  server.RaftServerConfigKeys (ConfUtils.java:logGet(43)) - raft.server.log.statemachine.data.sync.timeout = 10s (default)
2019-09-30 21:22:42,855 [pool-433-thread-1] INFO  server.RaftServerConfigKeys (ConfUtils.java:logGet(43)) - raft.server.log.statemachine.data.sync.timeout.retry = -1 (default)
2019-09-30 21:22:42,855 [pool-413-thread-1] INFO  server.RaftServerConfigKeys (ConfUtils.java:logGet(43)) - raft.server.log.statemachine.data.sync.timeout.retry = -1 (default)
2019-09-30 21:22:42,855 [pool-433-thread-1] INFO  server.RaftServerConfigKeys (ConfUtils.java:logGet(43)) - raft.server.log.statemachine.data.caching.enabled = true (custom)
2019-09-30 21:22:42,855 [pool-443-thread-1] INFO  impl.RaftServerImpl (RaftServerImpl.java:start(181)) - 73709bb0-c865-4aa5-8280-440abca6ddad@group-76E7B78140D1: start as a follower, conf=-1: [a748b230-209c-4796-adb9-b2bd89778327:192.168.30.59:36541, 46eb3679-150a-4e53-bd71-3fc425be5183:192.168.30.59:44182, 73709bb0-c865-4aa5-8280-440abca6ddad:192.168.30.59:45811], old=null
2019-09-30 21:22:42,855 [pool-413-thread-1] INFO  server.RaftServerConfigKeys (ConfUtils.java:logGet(43)) - raft.server.log.statemachine.data.caching.enabled = true (custom)
2019-09-30 21:22:42,856 [pool-443-thread-1] INFO  impl.RaftServerImpl (RaftServerImpl.java:setRole(170)) - 73709bb0-c865-4aa5-8280-440abca6ddad@group-76E7B78140D1: changes role from      null to FOLLOWER at term 0 for startAsFollower
2019-09-30 21:22:42,856 [pool-433-thread-1] INFO  segmented.SegmentedRaftLogWorker (SegmentedRaftLogWorker.java:lambda$new$0(128)) - a748b230-209c-4796-adb9-b2bd89778327@group-76E7B78140D1-SegmentedRaftLogWorker: flushIndex: setUnconditionally 0 -> -1
2019-09-30 21:22:42,856 [pool-413-thread-1] INFO  segmented.SegmentedRaftLogWorker (SegmentedRaftLogWorker.java:lambda$new$0(128)) - 46eb3679-150a-4e53-bd71-3fc425be5183@group-76E7B78140D1-SegmentedRaftLogWorker: flushIndex: setUnconditionally 0 -> -1
2019-09-30 21:22:42,856 [pool-443-thread-1] INFO  impl.RoleInfo (RoleInfo.java:updateAndGet(143)) - 73709bb0-c865-4aa5-8280-440abca6ddad: start FollowerState
2019-09-30 21:22:42,856 [pool-433-thread-1] INFO  server.RaftServerConfigKeys (ConfUtils.java:logGet(43)) - raft.server.snapshot.auto.trigger.enabled = true (custom)
2019-09-30 21:22:42,856 [pool-413-thread-1] INFO  server.RaftServerConfigKeys (ConfUtils.java:logGet(43)) - raft.server.snapshot.auto.trigger.enabled = true (custom)
2019-09-30 21:22:42,856 [pool-433-thread-1] INFO  server.RaftServerConfigKeys (ConfUtils.java:logGet(43)) - raft.server.snapshot.auto.trigger.threshold = 10000 (custom)
2019-09-30 21:22:42,857 [pool-443-thread-1] INFO  util.JmxRegister (JmxRegister.java:tryRegister(44)) - Successfully registered JMX Bean with object name Ratis:service=RaftServer,group=group-76E7B78140D1,id=73709bb0-c865-4aa5-8280-440abca6ddad
2019-09-30 21:22:42,856 [pool-413-thread-1] INFO  server.RaftServerConfigKeys (ConfUtils.java:logGet(43)) - raft.server.snapshot.auto.trigger.threshold = 10000 (custom)
2019-09-30 21:22:42,857 [pool-433-thread-1] INFO  server.RaftServerConfigKeys (ConfUtils.java:logGet(43)) - raft.server.snapshot.retention.file.num = 5 (custom)
2019-09-30 21:22:42,857 [pool-413-thread-1] INFO  server.RaftServerConfigKeys (ConfUtils.java:logGet(43)) - raft.server.snapshot.retention.file.num = 5 (custom)
2019-09-30 21:22:42,857 [pool-433-thread-1] INFO  server.RaftServerConfigKeys (ConfUtils.java:logGet(43)) - raft.server.retrycache.expirytime = 600000ms (custom)
2019-09-30 21:22:42,857 [pool-413-thread-1] INFO  server.RaftServerConfigKeys (ConfUtils.java:logGet(43)) - raft.server.retrycache.expirytime = 600000ms (custom)
2019-09-30 21:22:42,860 [pool-433-thread-1] INFO  impl.RaftServerImpl (RaftServerImpl.java:start(181)) - a748b230-209c-4796-adb9-b2bd89778327@group-76E7B78140D1: start as a follower, conf=-1: [a748b230-209c-4796-adb9-b2bd89778327:192.168.30.59:36541, 46eb3679-150a-4e53-bd71-3fc425be5183:192.168.30.59:44182, 73709bb0-c865-4aa5-8280-440abca6ddad:192.168.30.59:45811], old=null
2019-09-30 21:22:42,861 [pool-413-thread-1] INFO  impl.RaftServerImpl (RaftServerImpl.java:start(181)) - 46eb3679-150a-4e53-bd71-3fc425be5183@group-76E7B78140D1: start as a follower, conf=-1: [a748b230-209c-4796-adb9-b2bd89778327:192.168.30.59:36541, 46eb3679-150a-4e53-bd71-3fc425be5183:192.168.30.59:44182, 73709bb0-c865-4aa5-8280-440abca6ddad:192.168.30.59:45811], old=null
2019-09-30 21:22:42,861 [pool-433-thread-1] INFO  impl.RaftServerImpl (RaftServerImpl.java:setRole(170)) - a748b230-209c-4796-adb9-b2bd89778327@group-76E7B78140D1: changes role from      null to FOLLOWER at term 0 for startAsFollower
2019-09-30 21:22:42,861 [pool-413-thread-1] INFO  impl.RaftServerImpl (RaftServerImpl.java:setRole(170)) - 46eb3679-150a-4e53-bd71-3fc425be5183@group-76E7B78140D1: changes role from      null to FOLLOWER at term 0 for startAsFollower
2019-09-30 21:22:42,861 [pool-433-thread-1] INFO  impl.RoleInfo (RoleInfo.java:updateAndGet(143)) - a748b230-209c-4796-adb9-b2bd89778327: start FollowerState
2019-09-30 21:22:42,861 [pool-413-thread-1] INFO  impl.RoleInfo (RoleInfo.java:updateAndGet(143)) - 46eb3679-150a-4e53-bd71-3fc425be5183: start FollowerState
2019-09-30 21:22:42,861 [pool-433-thread-1] INFO  util.JmxRegister (JmxRegister.java:tryRegister(44)) - Successfully registered JMX Bean with object name Ratis:service=RaftServer,group=group-76E7B78140D1,id=a748b230-209c-4796-adb9-b2bd89778327
2019-09-30 21:22:42,862 [pool-413-thread-1] INFO  util.JmxRegister (JmxRegister.java:tryRegister(44)) - Successfully registered JMX Bean with object name Ratis:service=RaftServer,group=group-76E7B78140D1,id=46eb3679-150a-4e53-bd71-3fc425be5183
2019-09-30 21:22:42,866 [RatisPipelineUtilsThread] INFO  pipeline.PipelineStateManager (PipelineStateManager.java:addPipeline(56)) - Created pipeline Pipeline[ Id: eb4d6ec8-08ce-4113-96b5-76e7b78140d1, Nodes: 73709bb0-c865-4aa5-8280-440abca6ddad{ip: 192.168.30.59, host: pr-hdds-2211-2dwkd-795013237, networkLocation: /default-rack, certSerialId: null}46eb3679-150a-4e53-bd71-3fc425be5183{ip: 192.168.30.59, host: pr-hdds-2211-2dwkd-795013237, networkLocation: /default-rack, certSerialId: null}a748b230-209c-4796-adb9-b2bd89778327{ip: 192.168.30.59, host: pr-hdds-2211-2dwkd-795013237, networkLocation: /default-rack, certSerialId: null}, Type:RATIS, Factor:THREE, State:OPEN]
2019-09-30 21:22:43,563 [Thread-2384] INFO  client.GrpcClientProtocolService (GrpcClientProtocolService.java:lambda$processClientRequest$0(278)) - Failed RaftClientRequest:client-B4133D413B78->d7862da6-7204-4dfe-bc24-740f0a8ff707@group-0E8F1F723127, cid=68, seq=0, Watch-MAJORITY_COMMITTED(107), Message:<EMPTY>, reply=RaftClientReply:client-B4133D413B78->d7862da6-7204-4dfe-bc24-740f0a8ff707@group-0E8F1F723127, cid=68, FAILED org.apache.ratis.protocol.NotReplicatedException: Request with call Id 68 and log index 107 is not yet replicated to MAJORITY_COMMITTED, logIndex=107, commits[d7862da6-7204-4dfe-bc24-740f0a8ff707:c2, dea903ad-4025-4d6e-95dd-c3cf7ae18738:c2, 99573aa8-d5bb-48c2-a623-6999335be6bf:c2]
2019-09-30 21:22:43,602 [main] INFO  ozone.MiniOzoneClusterImpl (MiniOzoneClusterImpl.java:lambda$waitForClusterToBeReady$0(147)) - Cluster is ready. Got 7 of 7 DN Heartbeats.
2019-09-30 21:22:43,653 [main] INFO  rpc.RpcClient (RpcClient.java:createVolume(276)) - Creating Volume: watchforcommithandlingtest, with jenkins1000 as owner.
2019-09-30 21:22:43,657 [IPC Server handler 0 on 36294] INFO  volume.OMVolumeCreateRequest (OMVolumeCreateRequest.java:validateAndUpdateCache(194)) - created volume:watchforcommithandlingtest for user:jenkins1000
2019-09-30 21:22:43,678 [main] INFO  rpc.RpcClient (RpcClient.java:createBucket(415)) - Creating Bucket: watchforcommithandlingtest/watchforcommithandlingtest, with Versioning false and Storage Type set to DISK and Encryption set to false 
2019-09-30 21:22:43,684 [main] INFO  ozone.MiniOzoneClusterImpl (MiniOzoneClusterImpl.java:getStorageContainerLocationClient(234)) - Creating StorageContainerLocationProtocol RPC client with address /0.0.0.0:41031
2019-09-30 21:22:44,622 [grpc-default-executor-5] WARN  server.GrpcLogAppender (LogUtils.java:warn(134)) - d7862da6-7204-4dfe-bc24-740f0a8ff707@group-0E8F1F723127->99573aa8-d5bb-48c2-a623-6999335be6bf-AppendLogResponseHandler: Failed appendEntries: org.apache.ratis.thirdparty.io.grpc.StatusRuntimeException: UNAVAILABLE: io exception
2019-09-30 21:22:44,622 [grpc-default-executor-2] WARN  server.GrpcLogAppender (LogUtils.java:warn(134)) - d7862da6-7204-4dfe-bc24-740f0a8ff707@group-0E8F1F723127->dea903ad-4025-4d6e-95dd-c3cf7ae18738-AppendLogResponseHandler: Failed appendEntries: org.apache.ratis.thirdparty.io.grpc.StatusRuntimeException: UNAVAILABLE: io exception
2019-09-30 21:22:44,623 [grpc-default-executor-5] INFO  impl.FollowerInfo (FollowerInfo.java:lambda$new$0(51)) - d7862da6-7204-4dfe-bc24-740f0a8ff707@group-0E8F1F723127->99573aa8-d5bb-48c2-a623-6999335be6bf: nextIndex: updateUnconditionally 0 -> 0
2019-09-30 21:22:44,623 [grpc-default-executor-2] INFO  impl.FollowerInfo (FollowerInfo.java:lambda$new$0(51)) - d7862da6-7204-4dfe-bc24-740f0a8ff707@group-0E8F1F723127->dea903ad-4025-4d6e-95dd-c3cf7ae18738: nextIndex: updateUnconditionally 0 -> 0
2019-09-30 21:22:45,065 [Thread-2344] INFO  container.ReplicationManager (ReplicationManager.java:start(162)) - Starting Replication Monitor Thread.
2019-09-30 21:22:45,070 [ReplicationMonitor] INFO  container.ReplicationManager (ReplicationManager.java:run(225)) - Replication Monitor Thread took 0 milliseconds for processing 1 containers.
2019-09-30 21:22:47,123 [grpc-default-executor-5] WARN  server.GrpcLogAppender (LogUtils.java:warn(134)) - d7862da6-7204-4dfe-bc24-740f0a8ff707@group-0E8F1F723127->99573aa8-d5bb-48c2-a623-6999335be6bf-AppendLogResponseHandler: Failed appendEntries: org.apache.ratis.thirdparty.io.grpc.StatusRuntimeException: UNAVAILABLE: io exception
2019-09-30 21:22:47,123 [grpc-default-executor-2] WARN  server.GrpcLogAppender (LogUtils.java:warn(134)) - d7862da6-7204-4dfe-bc24-740f0a8ff707@group-0E8F1F723127->dea903ad-4025-4d6e-95dd-c3cf7ae18738-AppendLogResponseHandler: Failed appendEntries: org.apache.ratis.thirdparty.io.grpc.StatusRuntimeException: UNAVAILABLE: io exception
2019-09-30 21:22:47,124 [grpc-default-executor-5] INFO  impl.FollowerInfo (FollowerInfo.java:lambda$new$0(51)) - d7862da6-7204-4dfe-bc24-740f0a8ff707@group-0E8F1F723127->99573aa8-d5bb-48c2-a623-6999335be6bf: nextIndex: updateUnconditionally 0 -> 0
2019-09-30 21:22:47,124 [grpc-default-executor-2] INFO  impl.FollowerInfo (FollowerInfo.java:lambda$new$0(51)) - d7862da6-7204-4dfe-bc24-740f0a8ff707@group-0E8F1F723127->dea903ad-4025-4d6e-95dd-c3cf7ae18738: nextIndex: updateUnconditionally 0 -> 0
2019-09-30 21:22:47,187 [Thread-2346] INFO  impl.FollowerState (FollowerState.java:run(108)) - 7d885d46-bb12-4055-b1ac-cba6c5fbb84e@group-B0DE016224A9-FollowerState: change to CANDIDATE, lastRpcTime:5039ms, electionTimeout:5039ms
2019-09-30 21:22:47,187 [Thread-2346] INFO  impl.RoleInfo (RoleInfo.java:shutdownFollowerState(121)) - 7d885d46-bb12-4055-b1ac-cba6c5fbb84e: shutdown FollowerState
2019-09-30 21:22:47,187 [Thread-2346] INFO  impl.RaftServerImpl (RaftServerImpl.java:setRole(170)) - 7d885d46-bb12-4055-b1ac-cba6c5fbb84e@group-B0DE016224A9: changes role from  FOLLOWER to CANDIDATE at term 0 for changeToCandidate
2019-09-30 21:22:47,187 [Thread-2346] INFO  impl.RoleInfo (RoleInfo.java:updateAndGet(143)) - 7d885d46-bb12-4055-b1ac-cba6c5fbb84e: start LeaderElection
2019-09-30 21:22:47,227 [7d885d46-bb12-4055-b1ac-cba6c5fbb84e@group-B0DE016224A9-LeaderElection83] INFO  impl.LeaderElection (LeaderElection.java:askForVotes(178)) - 7d885d46-bb12-4055-b1ac-cba6c5fbb84e@group-B0DE016224A9-LeaderElection83: begin an election at term 1 for -1: [7d885d46-bb12-4055-b1ac-cba6c5fbb84e:192.168.30.59:41425], old=null
2019-09-30 21:22:47,227 [7d885d46-bb12-4055-b1ac-cba6c5fbb84e@group-B0DE016224A9-LeaderElection83] INFO  impl.RoleInfo (RoleInfo.java:shutdownLeaderElection(134)) - 7d885d46-bb12-4055-b1ac-cba6c5fbb84e: shutdown LeaderElection
2019-09-30 21:22:47,227 [7d885d46-bb12-4055-b1ac-cba6c5fbb84e@group-B0DE016224A9-LeaderElection83] INFO  impl.RaftServerImpl (RaftServerImpl.java:setRole(170)) - 7d885d46-bb12-4055-b1ac-cba6c5fbb84e@group-B0DE016224A9: changes role from CANDIDATE to LEADER at term 1 for changeToLeader
2019-09-30 21:22:47,228 [7d885d46-bb12-4055-b1ac-cba6c5fbb84e@group-B0DE016224A9-LeaderElection83] INFO  impl.RaftServerImpl (ServerState.java:setLeader(255)) - 7d885d46-bb12-4055-b1ac-cba6c5fbb84e@group-B0DE016224A9: change Leader from null to 7d885d46-bb12-4055-b1ac-cba6c5fbb84e at term 1 for becomeLeader, leader elected after 5086ms
2019-09-30 21:22:47,228 [7d885d46-bb12-4055-b1ac-cba6c5fbb84e@group-B0DE016224A9-LeaderElection83] INFO  server.RaftServerConfigKeys (ConfUtils.java:logGet(43)) - raft.server.staging.catchup.gap = 1000 (default)
2019-09-30 21:22:47,228 [7d885d46-bb12-4055-b1ac-cba6c5fbb84e@group-B0DE016224A9-LeaderElection83] INFO  server.RaftServerConfigKeys (ConfUtils.java:logGet(43)) - raft.server.rpc.sleep.time = 25ms (default)
2019-09-30 21:22:47,228 [7d885d46-bb12-4055-b1ac-cba6c5fbb84e@group-B0DE016224A9-LeaderElection83] INFO  server.RaftServerConfigKeys (ConfUtils.java:logGet(43)) - raft.server.write.element-limit = 4096 (default)
2019-09-30 21:22:47,229 [7d885d46-bb12-4055-b1ac-cba6c5fbb84e@group-B0DE016224A9-LeaderElection83] INFO  server.RaftServerConfigKeys (ConfUtils.java:logGet(43)) - raft.server.watch.timeout = 10s (default)
2019-09-30 21:22:47,229 [7d885d46-bb12-4055-b1ac-cba6c5fbb84e@group-B0DE016224A9-LeaderElection83] INFO  server.RaftServerConfigKeys (ConfUtils.java:logGet(43)) - raft.server.watch.timeout.denomination = 1s (default)
2019-09-30 21:22:47,229 [7d885d46-bb12-4055-b1ac-cba6c5fbb84e@group-B0DE016224A9-LeaderElection83] INFO  server.RaftServerConfigKeys (ConfUtils.java:logGet(43)) - raft.server.watch.element-limit = 65536 (default)
2019-09-30 21:22:47,232 [7d885d46-bb12-4055-b1ac-cba6c5fbb84e@group-B0DE016224A9-LeaderElection83] INFO  impl.RoleInfo (RoleInfo.java:updateAndGet(143)) - 7d885d46-bb12-4055-b1ac-cba6c5fbb84e: start LeaderState
2019-09-30 21:22:47,233 [7d885d46-bb12-4055-b1ac-cba6c5fbb84e@group-B0DE016224A9-LeaderElection83] INFO  segmented.SegmentedRaftLogWorker (SegmentedRaftLogWorker.java:startLogSegment(385)) - 7d885d46-bb12-4055-b1ac-cba6c5fbb84e@group-B0DE016224A9-SegmentedRaftLogWorker: Starting segment from index:0
2019-09-30 21:22:47,233 [7d885d46-bb12-4055-b1ac-cba6c5fbb84e@group-B0DE016224A9-LeaderElection83] INFO  impl.RaftServerImpl (ServerState.java:setRaftConf(356)) - 7d885d46-bb12-4055-b1ac-cba6c5fbb84e@group-B0DE016224A9: set configuration 0: [7d885d46-bb12-4055-b1ac-cba6c5fbb84e:192.168.30.59:41425], old=null at 0
2019-09-30 21:22:47,287 [7d885d46-bb12-4055-b1ac-cba6c5fbb84e@group-B0DE016224A9-SegmentedRaftLogWorker] INFO  segmented.SegmentedRaftLogWorker (SegmentedRaftLogWorker.java:execute(574)) - 7d885d46-bb12-4055-b1ac-cba6c5fbb84e@group-B0DE016224A9-SegmentedRaftLogWorker: created new log segment /workdir/hadoop-ozone/integration-test/target/test-dir/MiniOzoneClusterImpl-897f703f-c245-4bad-9249-17030f6f4aae/datanode-0/data/ratis/ca5928a4-0e0b-487e-aaa4-b0de016224a9/current/log_inprogress_0
2019-09-30 21:22:47,349 [Thread-2349] INFO  impl.FollowerState (FollowerState.java:run(108)) - cf1267e6-3edb-47f3-9009-3ba32f482c13@group-09710593D46C-FollowerState: change to CANDIDATE, lastRpcTime:5124ms, electionTimeout:5124ms
2019-09-30 21:22:47,349 [Thread-2349] INFO  impl.RoleInfo (RoleInfo.java:shutdownFollowerState(121)) - cf1267e6-3edb-47f3-9009-3ba32f482c13: shutdown FollowerState
2019-09-30 21:22:47,349 [Thread-2349] INFO  impl.RaftServerImpl (RaftServerImpl.java:setRole(170)) - cf1267e6-3edb-47f3-9009-3ba32f482c13@group-09710593D46C: changes role from  FOLLOWER to CANDIDATE at term 0 for changeToCandidate
2019-09-30 21:22:47,349 [Thread-2349] INFO  impl.RoleInfo (RoleInfo.java:updateAndGet(143)) - cf1267e6-3edb-47f3-9009-3ba32f482c13: start LeaderElection
2019-09-30 21:22:47,385 [cf1267e6-3edb-47f3-9009-3ba32f482c13@group-09710593D46C-LeaderElection84] INFO  impl.LeaderElection (LeaderElection.java:askForVotes(178)) - cf1267e6-3edb-47f3-9009-3ba32f482c13@group-09710593D46C-LeaderElection84: begin an election at term 1 for -1: [cf1267e6-3edb-47f3-9009-3ba32f482c13:192.168.30.59:36111], old=null
2019-09-30 21:22:47,385 [cf1267e6-3edb-47f3-9009-3ba32f482c13@group-09710593D46C-LeaderElection84] INFO  impl.RoleInfo (RoleInfo.java:shutdownLeaderElection(134)) - cf1267e6-3edb-47f3-9009-3ba32f482c13: shutdown LeaderElection
2019-09-30 21:22:47,385 [cf1267e6-3edb-47f3-9009-3ba32f482c13@group-09710593D46C-LeaderElection84] INFO  impl.RaftServerImpl (RaftServerImpl.java:setRole(170)) - cf1267e6-3edb-47f3-9009-3ba32f482c13@group-09710593D46C: changes role from CANDIDATE to LEADER at term 1 for changeToLeader
2019-09-30 21:22:47,385 [cf1267e6-3edb-47f3-9009-3ba32f482c13@group-09710593D46C-LeaderElection84] INFO  impl.RaftServerImpl (ServerState.java:setLeader(255)) - cf1267e6-3edb-47f3-9009-3ba32f482c13@group-09710593D46C: change Leader from null to cf1267e6-3edb-47f3-9009-3ba32f482c13 at term 1 for becomeLeader, leader elected after 5169ms
2019-09-30 21:22:47,385 [cf1267e6-3edb-47f3-9009-3ba32f482c13@group-09710593D46C-LeaderElection84] INFO  server.RaftServerConfigKeys (ConfUtils.java:logGet(43)) - raft.server.staging.catchup.gap = 1000 (default)
2019-09-30 21:22:47,386 [cf1267e6-3edb-47f3-9009-3ba32f482c13@group-09710593D46C-LeaderElection84] INFO  server.RaftServerConfigKeys (ConfUtils.java:logGet(43)) - raft.server.rpc.sleep.time = 25ms (default)
2019-09-30 21:22:47,386 [cf1267e6-3edb-47f3-9009-3ba32f482c13@group-09710593D46C-LeaderElection84] INFO  server.RaftServerConfigKeys (ConfUtils.java:logGet(43)) - raft.server.write.element-limit = 4096 (default)
2019-09-30 21:22:47,386 [cf1267e6-3edb-47f3-9009-3ba32f482c13@group-09710593D46C-LeaderElection84] INFO  server.RaftServerConfigKeys (ConfUtils.java:logGet(43)) - raft.server.watch.timeout = 10s (default)
2019-09-30 21:22:47,386 [cf1267e6-3edb-47f3-9009-3ba32f482c13@group-09710593D46C-LeaderElection84] INFO  server.RaftServerConfigKeys (ConfUtils.java:logGet(43)) - raft.server.watch.timeout.denomination = 1s (default)
2019-09-30 21:22:47,386 [cf1267e6-3edb-47f3-9009-3ba32f482c13@group-09710593D46C-LeaderElection84] INFO  server.RaftServerConfigKeys (ConfUtils.java:logGet(43)) - raft.server.watch.element-limit = 65536 (default)
2019-09-30 21:22:47,388 [cf1267e6-3edb-47f3-9009-3ba32f482c13@group-09710593D46C-LeaderElection84] INFO  impl.RoleInfo (RoleInfo.java:updateAndGet(143)) - cf1267e6-3edb-47f3-9009-3ba32f482c13: start LeaderState
2019-09-30 21:22:47,389 [cf1267e6-3edb-47f3-9009-3ba32f482c13@group-09710593D46C-LeaderElection84] INFO  segmented.SegmentedRaftLogWorker (SegmentedRaftLogWorker.java:startLogSegment(385)) - cf1267e6-3edb-47f3-9009-3ba32f482c13@group-09710593D46C-SegmentedRaftLogWorker: Starting segment from index:0
2019-09-30 21:22:47,389 [cf1267e6-3edb-47f3-9009-3ba32f482c13@group-09710593D46C-LeaderElection84] INFO  impl.RaftServerImpl (ServerState.java:setRaftConf(356)) - cf1267e6-3edb-47f3-9009-3ba32f482c13@group-09710593D46C: set configuration 0: [cf1267e6-3edb-47f3-9009-3ba32f482c13:192.168.30.59:36111], old=null at 0
2019-09-30 21:22:47,397 [Thread-2355] INFO  impl.FollowerState (FollowerState.java:run(108)) - 7d885d46-bb12-4055-b1ac-cba6c5fbb84e@group-F237C78BE0C9-FollowerState: change to CANDIDATE, lastRpcTime:5011ms, electionTimeout:5011ms
2019-09-30 21:22:47,397 [Thread-2355] INFO  impl.RoleInfo (RoleInfo.java:shutdownFollowerState(121)) - 7d885d46-bb12-4055-b1ac-cba6c5fbb84e: shutdown FollowerState
2019-09-30 21:22:47,397 [Thread-2355] INFO  impl.RaftServerImpl (RaftServerImpl.java:setRole(170)) - 7d885d46-bb12-4055-b1ac-cba6c5fbb84e@group-F237C78BE0C9: changes role from  FOLLOWER to CANDIDATE at term 0 for changeToCandidate
2019-09-30 21:22:47,398 [Thread-2355] INFO  impl.RoleInfo (RoleInfo.java:updateAndGet(143)) - 7d885d46-bb12-4055-b1ac-cba6c5fbb84e: start LeaderElection
2019-09-30 21:22:47,423 [Thread-2360] INFO  impl.FollowerState (FollowerState.java:run(108)) - f663b933-14fc-4499-8cf3-ca7c9e546181@group-F237C78BE0C9-FollowerState: change to CANDIDATE, lastRpcTime:5032ms, electionTimeout:5019ms
2019-09-30 21:22:47,423 [Thread-2360] INFO  impl.RoleInfo (RoleInfo.java:shutdownFollowerState(121)) - f663b933-14fc-4499-8cf3-ca7c9e546181: shutdown FollowerState
2019-09-30 21:22:47,423 [Thread-2360] INFO  impl.RaftServerImpl (RaftServerImpl.java:setRole(170)) - f663b933-14fc-4499-8cf3-ca7c9e546181@group-F237C78BE0C9: changes role from  FOLLOWER to CANDIDATE at term 0 for changeToCandidate
2019-09-30 21:22:47,423 [Thread-2360] INFO  impl.RoleInfo (RoleInfo.java:updateAndGet(143)) - f663b933-14fc-4499-8cf3-ca7c9e546181: start LeaderElection
2019-09-30 21:22:47,444 [Thread-2352] INFO  impl.FollowerState (FollowerState.java:run(108)) - f663b933-14fc-4499-8cf3-ca7c9e546181@group-7504712D8F60-FollowerState: change to CANDIDATE, lastRpcTime:5138ms, electionTimeout:5138ms
2019-09-30 21:22:47,444 [Thread-2352] INFO  impl.RoleInfo (RoleInfo.java:shutdownFollowerState(121)) - f663b933-14fc-4499-8cf3-ca7c9e546181: shutdown FollowerState
2019-09-30 21:22:47,444 [Thread-2352] INFO  impl.RaftServerImpl (RaftServerImpl.java:setRole(170)) - f663b933-14fc-4499-8cf3-ca7c9e546181@group-7504712D8F60: changes role from  FOLLOWER to CANDIDATE at term 0 for changeToCandidate
2019-09-30 21:22:47,444 [Thread-2352] INFO  impl.RoleInfo (RoleInfo.java:updateAndGet(143)) - f663b933-14fc-4499-8cf3-ca7c9e546181: start LeaderElection
2019-09-30 21:22:47,449 [cf1267e6-3edb-47f3-9009-3ba32f482c13@group-09710593D46C-SegmentedRaftLogWorker] INFO  segmented.SegmentedRaftLogWorker (SegmentedRaftLogWorker.java:execute(574)) - cf1267e6-3edb-47f3-9009-3ba32f482c13@group-09710593D46C-SegmentedRaftLogWorker: created new log segment /workdir/hadoop-ozone/integration-test/target/test-dir/MiniOzoneClusterImpl-897f703f-c245-4bad-9249-17030f6f4aae/datanode-1/data/ratis/aa1586ee-d52c-4952-8eaa-09710593d46c/current/log_inprogress_0
2019-09-30 21:22:47,453 [Thread-2359] INFO  impl.FollowerState (FollowerState.java:run(108)) - cf1267e6-3edb-47f3-9009-3ba32f482c13@group-F237C78BE0C9-FollowerState: change to CANDIDATE, lastRpcTime:5062ms, electionTimeout:5058ms
2019-09-30 21:22:47,453 [Thread-2359] INFO  impl.RoleInfo (RoleInfo.java:shutdownFollowerState(121)) - cf1267e6-3edb-47f3-9009-3ba32f482c13: shutdown FollowerState
2019-09-30 21:22:47,453 [Thread-2359] INFO  impl.RaftServerImpl (RaftServerImpl.java:setRole(170)) - cf1267e6-3edb-47f3-9009-3ba32f482c13@group-F237C78BE0C9: changes role from  FOLLOWER to CANDIDATE at term 0 for changeToCandidate
2019-09-30 21:22:47,453 [Thread-2359] INFO  impl.RoleInfo (RoleInfo.java:updateAndGet(143)) - cf1267e6-3edb-47f3-9009-3ba32f482c13: start LeaderElection
2019-09-30 21:22:47,467 [f663b933-14fc-4499-8cf3-ca7c9e546181@group-7504712D8F60-LeaderElection87] INFO  impl.LeaderElection (LeaderElection.java:askForVotes(178)) - f663b933-14fc-4499-8cf3-ca7c9e546181@group-7504712D8F60-LeaderElection87: begin an election at term 1 for -1: [f663b933-14fc-4499-8cf3-ca7c9e546181:192.168.30.59:37121], old=null
2019-09-30 21:22:47,467 [7d885d46-bb12-4055-b1ac-cba6c5fbb84e@group-F237C78BE0C9-LeaderElection85] INFO  impl.LeaderElection (LeaderElection.java:askForVotes(178)) - 7d885d46-bb12-4055-b1ac-cba6c5fbb84e@group-F237C78BE0C9-LeaderElection85: begin an election at term 1 for -1: [7d885d46-bb12-4055-b1ac-cba6c5fbb84e:192.168.30.59:41425, f663b933-14fc-4499-8cf3-ca7c9e546181:192.168.30.59:37121, cf1267e6-3edb-47f3-9009-3ba32f482c13:192.168.30.59:36111], old=null
2019-09-30 21:22:47,467 [f663b933-14fc-4499-8cf3-ca7c9e546181@group-7504712D8F60-LeaderElection87] INFO  impl.RoleInfo (RoleInfo.java:shutdownLeaderElection(134)) - f663b933-14fc-4499-8cf3-ca7c9e546181: shutdown LeaderElection
2019-09-30 21:22:47,467 [f663b933-14fc-4499-8cf3-ca7c9e546181@group-F237C78BE0C9-LeaderElection86] INFO  impl.LeaderElection (LeaderElection.java:askForVotes(178)) - f663b933-14fc-4499-8cf3-ca7c9e546181@group-F237C78BE0C9-LeaderElection86: begin an election at term 1 for -1: [7d885d46-bb12-4055-b1ac-cba6c5fbb84e:192.168.30.59:41425, f663b933-14fc-4499-8cf3-ca7c9e546181:192.168.30.59:37121, cf1267e6-3edb-47f3-9009-3ba32f482c13:192.168.30.59:36111], old=null
2019-09-30 21:22:47,467 [f663b933-14fc-4499-8cf3-ca7c9e546181@group-7504712D8F60-LeaderElection87] INFO  impl.RaftServerImpl (RaftServerImpl.java:setRole(170)) - f663b933-14fc-4499-8cf3-ca7c9e546181@group-7504712D8F60: changes role from CANDIDATE to LEADER at term 1 for changeToLeader
2019-09-30 21:22:47,467 [f663b933-14fc-4499-8cf3-ca7c9e546181@group-7504712D8F60-LeaderElection87] INFO  impl.RaftServerImpl (ServerState.java:setLeader(255)) - f663b933-14fc-4499-8cf3-ca7c9e546181@group-7504712D8F60: change Leader from null to f663b933-14fc-4499-8cf3-ca7c9e546181 at term 1 for becomeLeader, leader elected after 5167ms
2019-09-30 21:22:47,467 [f663b933-14fc-4499-8cf3-ca7c9e546181@group-7504712D8F60-LeaderElection87] INFO  server.RaftServerConfigKeys (ConfUtils.java:logGet(43)) - raft.server.staging.catchup.gap = 1000 (default)
2019-09-30 21:22:47,468 [f663b933-14fc-4499-8cf3-ca7c9e546181@group-7504712D8F60-LeaderElection87] INFO  server.RaftServerConfigKeys (ConfUtils.java:logGet(43)) - raft.server.rpc.sleep.time = 25ms (default)
2019-09-30 21:22:47,468 [f663b933-14fc-4499-8cf3-ca7c9e546181@group-7504712D8F60-LeaderElection87] INFO  server.RaftServerConfigKeys (ConfUtils.java:logGet(43)) - raft.server.write.element-limit = 4096 (default)
2019-09-30 21:22:47,468 [f663b933-14fc-4499-8cf3-ca7c9e546181@group-7504712D8F60-LeaderElection87] INFO  server.RaftServerConfigKeys (ConfUtils.java:logGet(43)) - raft.server.watch.timeout = 10s (default)
2019-09-30 21:22:47,468 [f663b933-14fc-4499-8cf3-ca7c9e546181@group-7504712D8F60-LeaderElection87] INFO  server.RaftServerConfigKeys (ConfUtils.java:logGet(43)) - raft.server.watch.timeout.denomination = 1s (default)
2019-09-30 21:22:47,468 [f663b933-14fc-4499-8cf3-ca7c9e546181@group-7504712D8F60-LeaderElection87] INFO  server.RaftServerConfigKeys (ConfUtils.java:logGet(43)) - raft.server.watch.element-limit = 65536 (default)
2019-09-30 21:22:47,469 [f663b933-14fc-4499-8cf3-ca7c9e546181@group-7504712D8F60-LeaderElection87] INFO  impl.RoleInfo (RoleInfo.java:updateAndGet(143)) - f663b933-14fc-4499-8cf3-ca7c9e546181: start LeaderState
2019-09-30 21:22:47,469 [f663b933-14fc-4499-8cf3-ca7c9e546181@group-7504712D8F60-LeaderElection87] INFO  segmented.SegmentedRaftLogWorker (SegmentedRaftLogWorker.java:startLogSegment(385)) - f663b933-14fc-4499-8cf3-ca7c9e546181@group-7504712D8F60-SegmentedRaftLogWorker: Starting segment from index:0
2019-09-30 21:22:47,470 [f663b933-14fc-4499-8cf3-ca7c9e546181@group-7504712D8F60-LeaderElection87] INFO  impl.RaftServerImpl (ServerState.java:setRaftConf(356)) - f663b933-14fc-4499-8cf3-ca7c9e546181@group-7504712D8F60: set configuration 0: [f663b933-14fc-4499-8cf3-ca7c9e546181:192.168.30.59:37121], old=null at 0
2019-09-30 21:22:47,488 [cf1267e6-3edb-47f3-9009-3ba32f482c13@group-F237C78BE0C9-LeaderElection88] INFO  impl.LeaderElection (LeaderElection.java:askForVotes(178)) - cf1267e6-3edb-47f3-9009-3ba32f482c13@group-F237C78BE0C9-LeaderElection88: begin an election at term 1 for -1: [7d885d46-bb12-4055-b1ac-cba6c5fbb84e:192.168.30.59:41425, f663b933-14fc-4499-8cf3-ca7c9e546181:192.168.30.59:37121, cf1267e6-3edb-47f3-9009-3ba32f482c13:192.168.30.59:36111], old=null
2019-09-30 21:22:47,489 [7d885d46-bb12-4055-b1ac-cba6c5fbb84e@group-F237C78BE0C9-LeaderElection85] INFO  impl.LeaderElection (LeaderElection.java:logAndReturn(56)) - 7d885d46-bb12-4055-b1ac-cba6c5fbb84e@group-F237C78BE0C9-LeaderElection85: Election REJECTED; received 2 response(s) [7d885d46-bb12-4055-b1ac-cba6c5fbb84e<-f663b933-14fc-4499-8cf3-ca7c9e546181#0:FAIL-t1, 7d885d46-bb12-4055-b1ac-cba6c5fbb84e<-cf1267e6-3edb-47f3-9009-3ba32f482c13#0:FAIL-t1] and 0 exception(s); 7d885d46-bb12-4055-b1ac-cba6c5fbb84e@group-F237C78BE0C9:t1, leader=null, voted=7d885d46-bb12-4055-b1ac-cba6c5fbb84e, raftlog=7d885d46-bb12-4055-b1ac-cba6c5fbb84e@group-F237C78BE0C9-SegmentedRaftLog:OPENED:c-1,f-1,i0, conf=-1: [7d885d46-bb12-4055-b1ac-cba6c5fbb84e:192.168.30.59:41425, f663b933-14fc-4499-8cf3-ca7c9e546181:192.168.30.59:37121, cf1267e6-3edb-47f3-9009-3ba32f482c13:192.168.30.59:36111], old=null
2019-09-30 21:22:47,489 [f663b933-14fc-4499-8cf3-ca7c9e546181@group-F237C78BE0C9-LeaderElection86] INFO  impl.LeaderElection (LeaderElection.java:logAndReturn(56)) - f663b933-14fc-4499-8cf3-ca7c9e546181@group-F237C78BE0C9-LeaderElection86: Election REJECTED; received 2 response(s) [f663b933-14fc-4499-8cf3-ca7c9e546181<-7d885d46-bb12-4055-b1ac-cba6c5fbb84e#0:FAIL-t1, f663b933-14fc-4499-8cf3-ca7c9e546181<-cf1267e6-3edb-47f3-9009-3ba32f482c13#0:FAIL-t1] and 0 exception(s); f663b933-14fc-4499-8cf3-ca7c9e546181@group-F237C78BE0C9:t1, leader=null, voted=f663b933-14fc-4499-8cf3-ca7c9e546181, raftlog=f663b933-14fc-4499-8cf3-ca7c9e546181@group-F237C78BE0C9-SegmentedRaftLog:OPENED:c-1,f-1,i0, conf=-1: [7d885d46-bb12-4055-b1ac-cba6c5fbb84e:192.168.30.59:41425, f663b933-14fc-4499-8cf3-ca7c9e546181:192.168.30.59:37121, cf1267e6-3edb-47f3-9009-3ba32f482c13:192.168.30.59:36111], old=null
2019-09-30 21:22:47,489 [7d885d46-bb12-4055-b1ac-cba6c5fbb84e@group-F237C78BE0C9-LeaderElection85] INFO  impl.RaftServerImpl (RaftServerImpl.java:setRole(170)) - 7d885d46-bb12-4055-b1ac-cba6c5fbb84e@group-F237C78BE0C9: changes role from CANDIDATE to FOLLOWER at term 1 for DISCOVERED_A_NEW_TERM
2019-09-30 21:22:47,490 [f663b933-14fc-4499-8cf3-ca7c9e546181@group-F237C78BE0C9-LeaderElection86] INFO  impl.RaftServerImpl (RaftServerImpl.java:setRole(170)) - f663b933-14fc-4499-8cf3-ca7c9e546181@group-F237C78BE0C9: changes role from CANDIDATE to FOLLOWER at term 1 for DISCOVERED_A_NEW_TERM
2019-09-30 21:22:47,490 [7d885d46-bb12-4055-b1ac-cba6c5fbb84e@group-F237C78BE0C9-LeaderElection85] INFO  impl.RoleInfo (RoleInfo.java:shutdownLeaderElection(134)) - 7d885d46-bb12-4055-b1ac-cba6c5fbb84e: shutdown LeaderElection
2019-09-30 21:22:47,499 [f663b933-14fc-4499-8cf3-ca7c9e546181@group-F237C78BE0C9-LeaderElection86] INFO  impl.RoleInfo (RoleInfo.java:shutdownLeaderElection(134)) - f663b933-14fc-4499-8cf3-ca7c9e546181: shutdown LeaderElection
2019-09-30 21:22:47,499 [7d885d46-bb12-4055-b1ac-cba6c5fbb84e@group-F237C78BE0C9-LeaderElection85] INFO  impl.RoleInfo (RoleInfo.java:updateAndGet(143)) - 7d885d46-bb12-4055-b1ac-cba6c5fbb84e: start FollowerState
2019-09-30 21:22:47,499 [f663b933-14fc-4499-8cf3-ca7c9e546181@group-F237C78BE0C9-LeaderElection86] INFO  impl.RoleInfo (RoleInfo.java:updateAndGet(143)) - f663b933-14fc-4499-8cf3-ca7c9e546181: start FollowerState
2019-09-30 21:22:47,501 [cf1267e6-3edb-47f3-9009-3ba32f482c13@group-F237C78BE0C9-LeaderElection88] INFO  impl.LeaderElection (LeaderElection.java:logAndReturn(56)) - cf1267e6-3edb-47f3-9009-3ba32f482c13@group-F237C78BE0C9-LeaderElection88: Election REJECTED; received 2 response(s) [cf1267e6-3edb-47f3-9009-3ba32f482c13<-7d885d46-bb12-4055-b1ac-cba6c5fbb84e#0:FAIL-t1, cf1267e6-3edb-47f3-9009-3ba32f482c13<-f663b933-14fc-4499-8cf3-ca7c9e546181#0:FAIL-t1] and 0 exception(s); cf1267e6-3edb-47f3-9009-3ba32f482c13@group-F237C78BE0C9:t1, leader=null, voted=cf1267e6-3edb-47f3-9009-3ba32f482c13, raftlog=cf1267e6-3edb-47f3-9009-3ba32f482c13@group-F237C78BE0C9-SegmentedRaftLog:OPENED:c-1,f-1,i0, conf=-1: [7d885d46-bb12-4055-b1ac-cba6c5fbb84e:192.168.30.59:41425, f663b933-14fc-4499-8cf3-ca7c9e546181:192.168.30.59:37121, cf1267e6-3edb-47f3-9009-3ba32f482c13:192.168.30.59:36111], old=null
2019-09-30 21:22:47,502 [cf1267e6-3edb-47f3-9009-3ba32f482c13@group-F237C78BE0C9-LeaderElection88] INFO  impl.RaftServerImpl (RaftServerImpl.java:setRole(170)) - cf1267e6-3edb-47f3-9009-3ba32f482c13@group-F237C78BE0C9: changes role from CANDIDATE to FOLLOWER at term 1 for DISCOVERED_A_NEW_TERM
2019-09-30 21:22:47,502 [cf1267e6-3edb-47f3-9009-3ba32f482c13@group-F237C78BE0C9-LeaderElection88] INFO  impl.RoleInfo (RoleInfo.java:shutdownLeaderElection(134)) - cf1267e6-3edb-47f3-9009-3ba32f482c13: shutdown LeaderElection
2019-09-30 21:22:47,502 [cf1267e6-3edb-47f3-9009-3ba32f482c13@group-F237C78BE0C9-LeaderElection88] INFO  impl.RoleInfo (RoleInfo.java:updateAndGet(143)) - cf1267e6-3edb-47f3-9009-3ba32f482c13: start FollowerState
2019-09-30 21:22:47,521 [f663b933-14fc-4499-8cf3-ca7c9e546181@group-7504712D8F60-SegmentedRaftLogWorker] INFO  segmented.SegmentedRaftLogWorker (SegmentedRaftLogWorker.java:execute(574)) - f663b933-14fc-4499-8cf3-ca7c9e546181@group-7504712D8F60-SegmentedRaftLogWorker: created new log segment /workdir/hadoop-ozone/integration-test/target/test-dir/MiniOzoneClusterImpl-897f703f-c245-4bad-9249-17030f6f4aae/datanode-2/data/ratis/8802e530-2bab-4530-a852-7504712d8f60/current/log_inprogress_0
2019-09-30 21:22:47,595 [Thread-2364] INFO  impl.FollowerState (FollowerState.java:run(108)) - 46eb3679-150a-4e53-bd71-3fc425be5183@group-3286783033D6-FollowerState: change to CANDIDATE, lastRpcTime:5078ms, electionTimeout:5072ms
2019-09-30 21:22:47,596 [Thread-2364] INFO  impl.RoleInfo (RoleInfo.java:shutdownFollowerState(121)) - 46eb3679-150a-4e53-bd71-3fc425be5183: shutdown FollowerState
2019-09-30 21:22:47,596 [Thread-2364] INFO  impl.RaftServerImpl (RaftServerImpl.java:setRole(170)) - 46eb3679-150a-4e53-bd71-3fc425be5183@group-3286783033D6: changes role from  FOLLOWER to CANDIDATE at term 0 for changeToCandidate
2019-09-30 21:22:47,596 [Thread-2364] INFO  impl.RoleInfo (RoleInfo.java:updateAndGet(143)) - 46eb3679-150a-4e53-bd71-3fc425be5183: start LeaderElection
2019-09-30 21:22:47,642 [46eb3679-150a-4e53-bd71-3fc425be5183@group-3286783033D6-LeaderElection89] INFO  impl.LeaderElection (LeaderElection.java:askForVotes(178)) - 46eb3679-150a-4e53-bd71-3fc425be5183@group-3286783033D6-LeaderElection89: begin an election at term 1 for -1: [46eb3679-150a-4e53-bd71-3fc425be5183:192.168.30.59:44182], old=null
2019-09-30 21:22:47,642 [46eb3679-150a-4e53-bd71-3fc425be5183@group-3286783033D6-LeaderElection89] INFO  impl.RoleInfo (RoleInfo.java:shutdownLeaderElection(134)) - 46eb3679-150a-4e53-bd71-3fc425be5183: shutdown LeaderElection
2019-09-30 21:22:47,643 [46eb3679-150a-4e53-bd71-3fc425be5183@group-3286783033D6-LeaderElection89] INFO  impl.RaftServerImpl (RaftServerImpl.java:setRole(170)) - 46eb3679-150a-4e53-bd71-3fc425be5183@group-3286783033D6: changes role from CANDIDATE to LEADER at term 1 for changeToLeader
2019-09-30 21:22:47,643 [46eb3679-150a-4e53-bd71-3fc425be5183@group-3286783033D6-LeaderElection89] INFO  impl.RaftServerImpl (ServerState.java:setLeader(255)) - 46eb3679-150a-4e53-bd71-3fc425be5183@group-3286783033D6: change Leader from null to 46eb3679-150a-4e53-bd71-3fc425be5183 at term 1 for becomeLeader, leader elected after 5131ms
2019-09-30 21:22:47,643 [46eb3679-150a-4e53-bd71-3fc425be5183@group-3286783033D6-LeaderElection89] INFO  server.RaftServerConfigKeys (ConfUtils.java:logGet(43)) - raft.server.staging.catchup.gap = 1000 (default)
2019-09-30 21:22:47,643 [46eb3679-150a-4e53-bd71-3fc425be5183@group-3286783033D6-LeaderElection89] INFO  server.RaftServerConfigKeys (ConfUtils.java:logGet(43)) - raft.server.rpc.sleep.time = 25ms (default)
2019-09-30 21:22:47,643 [46eb3679-150a-4e53-bd71-3fc425be5183@group-3286783033D6-LeaderElection89] INFO  server.RaftServerConfigKeys (ConfUtils.java:logGet(43)) - raft.server.write.element-limit = 4096 (default)
2019-09-30 21:22:47,643 [46eb3679-150a-4e53-bd71-3fc425be5183@group-3286783033D6-LeaderElection89] INFO  server.RaftServerConfigKeys (ConfUtils.java:logGet(43)) - raft.server.watch.timeout = 10s (default)
2019-09-30 21:22:47,644 [46eb3679-150a-4e53-bd71-3fc425be5183@group-3286783033D6-LeaderElection89] INFO  server.RaftServerConfigKeys (ConfUtils.java:logGet(43)) - raft.server.watch.timeout.denomination = 1s (default)
2019-09-30 21:22:47,644 [46eb3679-150a-4e53-bd71-3fc425be5183@group-3286783033D6-LeaderElection89] INFO  server.RaftServerConfigKeys (ConfUtils.java:logGet(43)) - raft.server.watch.element-limit = 65536 (default)
2019-09-30 21:22:47,646 [46eb3679-150a-4e53-bd71-3fc425be5183@group-3286783033D6-LeaderElection89] INFO  impl.RoleInfo (RoleInfo.java:updateAndGet(143)) - 46eb3679-150a-4e53-bd71-3fc425be5183: start LeaderState
2019-09-30 21:22:47,646 [46eb3679-150a-4e53-bd71-3fc425be5183@group-3286783033D6-LeaderElection89] INFO  segmented.SegmentedRaftLogWorker (SegmentedRaftLogWorker.java:startLogSegment(385)) - 46eb3679-150a-4e53-bd71-3fc425be5183@group-3286783033D6-SegmentedRaftLogWorker: Starting segment from index:0
2019-09-30 21:22:47,646 [Thread-2367] INFO  impl.FollowerState (FollowerState.java:run(108)) - ff3c03e4-eabb-488a-9aac-d4ae30c6bb8a@group-A93E24C9E067-FollowerState: change to CANDIDATE, lastRpcTime:5045ms, electionTimeout:5045ms
2019-09-30 21:22:47,647 [Thread-2367] INFO  impl.RoleInfo (RoleInfo.java:shutdownFollowerState(121)) - ff3c03e4-eabb-488a-9aac-d4ae30c6bb8a: shutdown FollowerState
2019-09-30 21:22:47,647 [Thread-2367] INFO  impl.RaftServerImpl (RaftServerImpl.java:setRole(170)) - ff3c03e4-eabb-488a-9aac-d4ae30c6bb8a@group-A93E24C9E067: changes role from  FOLLOWER to CANDIDATE at term 0 for changeToCandidate
2019-09-30 21:22:47,647 [Thread-2367] INFO  impl.RoleInfo (RoleInfo.java:updateAndGet(143)) - ff3c03e4-eabb-488a-9aac-d4ae30c6bb8a: start LeaderElection
2019-09-30 21:22:47,647 [46eb3679-150a-4e53-bd71-3fc425be5183@group-3286783033D6-LeaderElection89] INFO  impl.RaftServerImpl (ServerState.java:setRaftConf(356)) - 46eb3679-150a-4e53-bd71-3fc425be5183@group-3286783033D6: set configuration 0: [46eb3679-150a-4e53-bd71-3fc425be5183:192.168.30.59:44182], old=null at 0
2019-09-30 21:22:47,709 [46eb3679-150a-4e53-bd71-3fc425be5183@group-3286783033D6-SegmentedRaftLogWorker] INFO  segmented.SegmentedRaftLogWorker (SegmentedRaftLogWorker.java:execute(574)) - 46eb3679-150a-4e53-bd71-3fc425be5183@group-3286783033D6-SegmentedRaftLogWorker: created new log segment /workdir/hadoop-ozone/integration-test/target/test-dir/MiniOzoneClusterImpl-897f703f-c245-4bad-9249-17030f6f4aae/datanode-3/data/ratis/1a46699c-f398-4ce6-bdb6-3286783033d6/current/log_inprogress_0
2019-09-30 21:22:47,709 [ff3c03e4-eabb-488a-9aac-d4ae30c6bb8a@group-A93E24C9E067-LeaderElection90] INFO  impl.LeaderElection (LeaderElection.java:askForVotes(178)) - ff3c03e4-eabb-488a-9aac-d4ae30c6bb8a@group-A93E24C9E067-LeaderElection90: begin an election at term 1 for -1: [ff3c03e4-eabb-488a-9aac-d4ae30c6bb8a:192.168.30.59:35817], old=null
2019-09-30 21:22:47,709 [ff3c03e4-eabb-488a-9aac-d4ae30c6bb8a@group-A93E24C9E067-LeaderElection90] INFO  impl.RoleInfo (RoleInfo.java:shutdownLeaderElection(134)) - ff3c03e4-eabb-488a-9aac-d4ae30c6bb8a: shutdown LeaderElection
2019-09-30 21:22:47,710 [ff3c03e4-eabb-488a-9aac-d4ae30c6bb8a@group-A93E24C9E067-LeaderElection90] INFO  impl.RaftServerImpl (RaftServerImpl.java:setRole(170)) - ff3c03e4-eabb-488a-9aac-d4ae30c6bb8a@group-A93E24C9E067: changes role from CANDIDATE to LEADER at term 1 for changeToLeader
2019-09-30 21:22:47,710 [ff3c03e4-eabb-488a-9aac-d4ae30c6bb8a@group-A93E24C9E067-LeaderElection90] INFO  impl.RaftServerImpl (ServerState.java:setLeader(255)) - ff3c03e4-eabb-488a-9aac-d4ae30c6bb8a@group-A93E24C9E067: change Leader from null to ff3c03e4-eabb-488a-9aac-d4ae30c6bb8a at term 1 for becomeLeader, leader elected after 5114ms
2019-09-30 21:22:47,710 [ff3c03e4-eabb-488a-9aac-d4ae30c6bb8a@group-A93E24C9E067-LeaderElection90] INFO  server.RaftServerConfigKeys (ConfUtils.java:logGet(43)) - raft.server.staging.catchup.gap = 1000 (default)
2019-09-30 21:22:47,710 [ff3c03e4-eabb-488a-9aac-d4ae30c6bb8a@group-A93E24C9E067-LeaderElection90] INFO  server.RaftServerConfigKeys (ConfUtils.java:logGet(43)) - raft.server.rpc.sleep.time = 25ms (default)
2019-09-30 21:22:47,710 [ff3c03e4-eabb-488a-9aac-d4ae30c6bb8a@group-A93E24C9E067-LeaderElection90] INFO  server.RaftServerConfigKeys (ConfUtils.java:logGet(43)) - raft.server.write.element-limit = 4096 (default)
2019-09-30 21:22:47,710 [ff3c03e4-eabb-488a-9aac-d4ae30c6bb8a@group-A93E24C9E067-LeaderElection90] INFO  server.RaftServerConfigKeys (ConfUtils.java:logGet(43)) - raft.server.watch.timeout = 10s (default)
2019-09-30 21:22:47,711 [ff3c03e4-eabb-488a-9aac-d4ae30c6bb8a@group-A93E24C9E067-LeaderElection90] INFO  server.RaftServerConfigKeys (ConfUtils.java:logGet(43)) - raft.server.watch.timeout.denomination = 1s (default)
2019-09-30 21:22:47,711 [ff3c03e4-eabb-488a-9aac-d4ae30c6bb8a@group-A93E24C9E067-LeaderElection90] INFO  server.RaftServerConfigKeys (ConfUtils.java:logGet(43)) - raft.server.watch.element-limit = 65536 (default)
2019-09-30 21:22:47,713 [ff3c03e4-eabb-488a-9aac-d4ae30c6bb8a@group-A93E24C9E067-LeaderElection90] INFO  impl.RoleInfo (RoleInfo.java:updateAndGet(143)) - ff3c03e4-eabb-488a-9aac-d4ae30c6bb8a: start LeaderState
2019-09-30 21:22:47,713 [ff3c03e4-eabb-488a-9aac-d4ae30c6bb8a@group-A93E24C9E067-LeaderElection90] INFO  segmented.SegmentedRaftLogWorker (SegmentedRaftLogWorker.java:startLogSegment(385)) - ff3c03e4-eabb-488a-9aac-d4ae30c6bb8a@group-A93E24C9E067-SegmentedRaftLogWorker: Starting segment from index:0
2019-09-30 21:22:47,714 [ff3c03e4-eabb-488a-9aac-d4ae30c6bb8a@group-A93E24C9E067-LeaderElection90] INFO  impl.RaftServerImpl (ServerState.java:setRaftConf(356)) - ff3c03e4-eabb-488a-9aac-d4ae30c6bb8a@group-A93E24C9E067: set configuration 0: [ff3c03e4-eabb-488a-9aac-d4ae30c6bb8a:192.168.30.59:35817], old=null at 0
2019-09-30 21:22:47,777 [ff3c03e4-eabb-488a-9aac-d4ae30c6bb8a@group-A93E24C9E067-SegmentedRaftLogWorker] INFO  segmented.SegmentedRaftLogWorker (SegmentedRaftLogWorker.java:execute(574)) - ff3c03e4-eabb-488a-9aac-d4ae30c6bb8a@group-A93E24C9E067-SegmentedRaftLogWorker: created new log segment /workdir/hadoop-ozone/integration-test/target/test-dir/MiniOzoneClusterImpl-897f703f-c245-4bad-9249-17030f6f4aae/datanode-4/data/ratis/532d846d-2173-4668-a203-a93e24c9e067/current/log_inprogress_0
2019-09-30 21:22:47,823 [Thread-2370] INFO  impl.FollowerState (FollowerState.java:run(108)) - 73709bb0-c865-4aa5-8280-440abca6ddad@group-8EB9CC8C254B-FollowerState: change to CANDIDATE, lastRpcTime:5152ms, electionTimeout:5152ms
2019-09-30 21:22:47,824 [Thread-2370] INFO  impl.RoleInfo (RoleInfo.java:shutdownFollowerState(121)) - 73709bb0-c865-4aa5-8280-440abca6ddad: shutdown FollowerState
2019-09-30 21:22:47,824 [Thread-2370] INFO  impl.RaftServerImpl (RaftServerImpl.java:setRole(170)) - 73709bb0-c865-4aa5-8280-440abca6ddad@group-8EB9CC8C254B: changes role from  FOLLOWER to CANDIDATE at term 0 for changeToCandidate
2019-09-30 21:22:47,824 [Thread-2370] INFO  impl.RoleInfo (RoleInfo.java:updateAndGet(143)) - 73709bb0-c865-4aa5-8280-440abca6ddad: start LeaderElection
2019-09-30 21:22:47,860 [73709bb0-c865-4aa5-8280-440abca6ddad@group-8EB9CC8C254B-LeaderElection91] INFO  impl.LeaderElection (LeaderElection.java:askForVotes(178)) - 73709bb0-c865-4aa5-8280-440abca6ddad@group-8EB9CC8C254B-LeaderElection91: begin an election at term 1 for -1: [73709bb0-c865-4aa5-8280-440abca6ddad:192.168.30.59:45811], old=null
2019-09-30 21:22:47,866 [73709bb0-c865-4aa5-8280-440abca6ddad@group-8EB9CC8C254B-LeaderElection91] INFO  impl.RoleInfo (RoleInfo.java:shutdownLeaderElection(134)) - 73709bb0-c865-4aa5-8280-440abca6ddad: shutdown LeaderElection
2019-09-30 21:22:47,866 [73709bb0-c865-4aa5-8280-440abca6ddad@group-8EB9CC8C254B-LeaderElection91] INFO  impl.RaftServerImpl (RaftServerImpl.java:setRole(170)) - 73709bb0-c865-4aa5-8280-440abca6ddad@group-8EB9CC8C254B: changes role from CANDIDATE to LEADER at term 1 for changeToLeader
2019-09-30 21:22:47,866 [73709bb0-c865-4aa5-8280-440abca6ddad@group-8EB9CC8C254B-LeaderElection91] INFO  impl.RaftServerImpl (ServerState.java:setLeader(255)) - 73709bb0-c865-4aa5-8280-440abca6ddad@group-8EB9CC8C254B: change Leader from null to 73709bb0-c865-4aa5-8280-440abca6ddad at term 1 for becomeLeader, leader elected after 5203ms
2019-09-30 21:22:47,866 [73709bb0-c865-4aa5-8280-440abca6ddad@group-8EB9CC8C254B-LeaderElection91] INFO  server.RaftServerConfigKeys (ConfUtils.java:logGet(43)) - raft.server.staging.catchup.gap = 1000 (default)
2019-09-30 21:22:47,866 [73709bb0-c865-4aa5-8280-440abca6ddad@group-8EB9CC8C254B-LeaderElection91] INFO  server.RaftServerConfigKeys (ConfUtils.java:logGet(43)) - raft.server.rpc.sleep.time = 25ms (default)
2019-09-30 21:22:47,866 [73709bb0-c865-4aa5-8280-440abca6ddad@group-8EB9CC8C254B-LeaderElection91] INFO  server.RaftServerConfigKeys (ConfUtils.java:logGet(43)) - raft.server.write.element-limit = 4096 (default)
2019-09-30 21:22:47,866 [73709bb0-c865-4aa5-8280-440abca6ddad@group-8EB9CC8C254B-LeaderElection91] INFO  server.RaftServerConfigKeys (ConfUtils.java:logGet(43)) - raft.server.watch.timeout = 10s (default)
2019-09-30 21:22:47,866 [73709bb0-c865-4aa5-8280-440abca6ddad@group-8EB9CC8C254B-LeaderElection91] INFO  server.RaftServerConfigKeys (ConfUtils.java:logGet(43)) - raft.server.watch.timeout.denomination = 1s (default)
2019-09-30 21:22:47,866 [73709bb0-c865-4aa5-8280-440abca6ddad@group-8EB9CC8C254B-LeaderElection91] INFO  server.RaftServerConfigKeys (ConfUtils.java:logGet(43)) - raft.server.watch.element-limit = 65536 (default)
2019-09-30 21:22:47,868 [73709bb0-c865-4aa5-8280-440abca6ddad@group-8EB9CC8C254B-LeaderElection91] INFO  impl.RoleInfo (RoleInfo.java:updateAndGet(143)) - 73709bb0-c865-4aa5-8280-440abca6ddad: start LeaderState
2019-09-30 21:22:47,868 [73709bb0-c865-4aa5-8280-440abca6ddad@group-8EB9CC8C254B-LeaderElection91] INFO  segmented.SegmentedRaftLogWorker (SegmentedRaftLogWorker.java:startLogSegment(385)) - 73709bb0-c865-4aa5-8280-440abca6ddad@group-8EB9CC8C254B-SegmentedRaftLogWorker: Starting segment from index:0
2019-09-30 21:22:47,869 [73709bb0-c865-4aa5-8280-440abca6ddad@group-8EB9CC8C254B-LeaderElection91] INFO  impl.RaftServerImpl (ServerState.java:setRaftConf(356)) - 73709bb0-c865-4aa5-8280-440abca6ddad@group-8EB9CC8C254B: set configuration 0: [73709bb0-c865-4aa5-8280-440abca6ddad:192.168.30.59:45811], old=null at 0
2019-09-30 21:22:47,892 [Thread-2381] INFO  impl.FollowerState (FollowerState.java:run(108)) - 46eb3679-150a-4e53-bd71-3fc425be5183@group-76E7B78140D1-FollowerState: change to CANDIDATE, lastRpcTime:5030ms, electionTimeout:5030ms
2019-09-30 21:22:47,892 [Thread-2381] INFO  impl.RoleInfo (RoleInfo.java:shutdownFollowerState(121)) - 46eb3679-150a-4e53-bd71-3fc425be5183: shutdown FollowerState
2019-09-30 21:22:47,892 [Thread-2381] INFO  impl.RaftServerImpl (RaftServerImpl.java:setRole(170)) - 46eb3679-150a-4e53-bd71-3fc425be5183@group-76E7B78140D1: changes role from  FOLLOWER to CANDIDATE at term 0 for changeToCandidate
2019-09-30 21:22:47,892 [Thread-2381] INFO  impl.RoleInfo (RoleInfo.java:updateAndGet(143)) - 46eb3679-150a-4e53-bd71-3fc425be5183: start LeaderElection
2019-09-30 21:22:47,923 [Thread-2373] INFO  impl.FollowerState (FollowerState.java:run(108)) - a748b230-209c-4796-adb9-b2bd89778327@group-199C89F85374-FollowerState: change to CANDIDATE, lastRpcTime:5160ms, electionTimeout:5160ms
2019-09-30 21:22:47,923 [Thread-2373] INFO  impl.RoleInfo (RoleInfo.java:shutdownFollowerState(121)) - a748b230-209c-4796-adb9-b2bd89778327: shutdown FollowerState
2019-09-30 21:22:47,923 [Thread-2373] INFO  impl.RaftServerImpl (RaftServerImpl.java:setRole(170)) - a748b230-209c-4796-adb9-b2bd89778327@group-199C89F85374: changes role from  FOLLOWER to CANDIDATE at term 0 for changeToCandidate
2019-09-30 21:22:47,923 [Thread-2373] INFO  impl.RoleInfo (RoleInfo.java:updateAndGet(143)) - a748b230-209c-4796-adb9-b2bd89778327: start LeaderElection
2019-09-30 21:22:47,936 [73709bb0-c865-4aa5-8280-440abca6ddad@group-8EB9CC8C254B-SegmentedRaftLogWorker] INFO  segmented.SegmentedRaftLogWorker (SegmentedRaftLogWorker.java:execute(574)) - 73709bb0-c865-4aa5-8280-440abca6ddad@group-8EB9CC8C254B-SegmentedRaftLogWorker: created new log segment /workdir/hadoop-ozone/integration-test/target/test-dir/MiniOzoneClusterImpl-897f703f-c245-4bad-9249-17030f6f4aae/datanode-6/data/ratis/b37c2e59-a20f-4464-9a61-8eb9cc8c254b/current/log_inprogress_0
2019-09-30 21:22:47,936 [46eb3679-150a-4e53-bd71-3fc425be5183@group-76E7B78140D1-LeaderElection92] INFO  impl.LeaderElection (LeaderElection.java:askForVotes(178)) - 46eb3679-150a-4e53-bd71-3fc425be5183@group-76E7B78140D1-LeaderElection92: begin an election at term 1 for -1: [a748b230-209c-4796-adb9-b2bd89778327:192.168.30.59:36541, 46eb3679-150a-4e53-bd71-3fc425be5183:192.168.30.59:44182, 73709bb0-c865-4aa5-8280-440abca6ddad:192.168.30.59:45811], old=null
2019-09-30 21:22:47,945 [grpc-default-executor-2] INFO  impl.RaftServerImpl (RaftServerImpl.java:setRole(170)) - 73709bb0-c865-4aa5-8280-440abca6ddad@group-76E7B78140D1: changes role from  FOLLOWER to FOLLOWER at term 1 for recognizeCandidate:46eb3679-150a-4e53-bd71-3fc425be5183
2019-09-30 21:22:47,945 [grpc-default-executor-2] INFO  impl.RoleInfo (RoleInfo.java:shutdownFollowerState(121)) - 73709bb0-c865-4aa5-8280-440abca6ddad: shutdown FollowerState
2019-09-30 21:22:47,945 [grpc-default-executor-2] INFO  impl.RoleInfo (RoleInfo.java:updateAndGet(143)) - 73709bb0-c865-4aa5-8280-440abca6ddad: start FollowerState
2019-09-30 21:22:47,950 [grpc-default-executor-1] INFO  impl.RaftServerImpl (RaftServerImpl.java:setRole(170)) - a748b230-209c-4796-adb9-b2bd89778327@group-76E7B78140D1: changes role from  FOLLOWER to FOLLOWER at term 1 for recognizeCandidate:46eb3679-150a-4e53-bd71-3fc425be5183
2019-09-30 21:22:47,950 [Thread-2376] INFO  impl.FollowerState (FollowerState.java:run(117)) - 73709bb0-c865-4aa5-8280-440abca6ddad@group-76E7B78140D1-FollowerState was interrupted: java.lang.InterruptedException: sleep interrupted
2019-09-30 21:22:47,950 [grpc-default-executor-1] INFO  impl.RoleInfo (RoleInfo.java:shutdownFollowerState(121)) - a748b230-209c-4796-adb9-b2bd89778327: shutdown FollowerState
2019-09-30 21:22:47,955 [grpc-default-executor-1] INFO  impl.RoleInfo (RoleInfo.java:updateAndGet(143)) - a748b230-209c-4796-adb9-b2bd89778327: start FollowerState
2019-09-30 21:22:47,955 [Thread-2380] INFO  impl.FollowerState (FollowerState.java:run(117)) - a748b230-209c-4796-adb9-b2bd89778327@group-76E7B78140D1-FollowerState was interrupted: java.lang.InterruptedException: sleep interrupted
2019-09-30 21:22:47,961 [a748b230-209c-4796-adb9-b2bd89778327@group-199C89F85374-LeaderElection93] INFO  impl.LeaderElection (LeaderElection.java:askForVotes(178)) - a748b230-209c-4796-adb9-b2bd89778327@group-199C89F85374-LeaderElection93: begin an election at term 1 for -1: [a748b230-209c-4796-adb9-b2bd89778327:192.168.30.59:36541], old=null
2019-09-30 21:22:47,961 [a748b230-209c-4796-adb9-b2bd89778327@group-199C89F85374-LeaderElection93] INFO  impl.RoleInfo (RoleInfo.java:shutdownLeaderElection(134)) - a748b230-209c-4796-adb9-b2bd89778327: shutdown LeaderElection
2019-09-30 21:22:47,961 [a748b230-209c-4796-adb9-b2bd89778327@group-199C89F85374-LeaderElection93] INFO  impl.RaftServerImpl (RaftServerImpl.java:setRole(170)) - a748b230-209c-4796-adb9-b2bd89778327@group-199C89F85374: changes role from CANDIDATE to LEADER at term 1 for changeToLeader
2019-09-30 21:22:47,961 [a748b230-209c-4796-adb9-b2bd89778327@group-199C89F85374-LeaderElection93] INFO  impl.RaftServerImpl (ServerState.java:setLeader(255)) - a748b230-209c-4796-adb9-b2bd89778327@group-199C89F85374: change Leader from null to a748b230-209c-4796-adb9-b2bd89778327 at term 1 for becomeLeader, leader elected after 5206ms
2019-09-30 21:22:47,961 [a748b230-209c-4796-adb9-b2bd89778327@group-199C89F85374-LeaderElection93] INFO  server.RaftServerConfigKeys (ConfUtils.java:logGet(43)) - raft.server.staging.catchup.gap = 1000 (default)
2019-09-30 21:22:47,962 [a748b230-209c-4796-adb9-b2bd89778327@group-199C89F85374-LeaderElection93] INFO  server.RaftServerConfigKeys (ConfUtils.java:logGet(43)) - raft.server.rpc.sleep.time = 25ms (default)
2019-09-30 21:22:47,962 [a748b230-209c-4796-adb9-b2bd89778327@group-199C89F85374-LeaderElection93] INFO  server.RaftServerConfigKeys (ConfUtils.java:logGet(43)) - raft.server.write.element-limit = 4096 (default)
2019-09-30 21:22:47,962 [a748b230-209c-4796-adb9-b2bd89778327@group-199C89F85374-LeaderElection93] INFO  server.RaftServerConfigKeys (ConfUtils.java:logGet(43)) - raft.server.watch.timeout = 10s (default)
2019-09-30 21:22:47,962 [a748b230-209c-4796-adb9-b2bd89778327@group-199C89F85374-LeaderElection93] INFO  server.RaftServerConfigKeys (ConfUtils.java:logGet(43)) - raft.server.watch.timeout.denomination = 1s (default)
2019-09-30 21:22:47,962 [a748b230-209c-4796-adb9-b2bd89778327@group-199C89F85374-LeaderElection93] INFO  server.RaftServerConfigKeys (ConfUtils.java:logGet(43)) - raft.server.watch.element-limit = 65536 (default)
2019-09-30 21:22:47,964 [a748b230-209c-4796-adb9-b2bd89778327@group-199C89F85374-LeaderElection93] INFO  impl.RoleInfo (RoleInfo.java:updateAndGet(143)) - a748b230-209c-4796-adb9-b2bd89778327: start LeaderState
2019-09-30 21:22:47,964 [a748b230-209c-4796-adb9-b2bd89778327@group-199C89F85374-LeaderElection93] INFO  segmented.SegmentedRaftLogWorker (SegmentedRaftLogWorker.java:startLogSegment(385)) - a748b230-209c-4796-adb9-b2bd89778327@group-199C89F85374-SegmentedRaftLogWorker: Starting segment from index:0
2019-09-30 21:22:47,964 [a748b230-209c-4796-adb9-b2bd89778327@group-199C89F85374-LeaderElection93] INFO  impl.RaftServerImpl (ServerState.java:setRaftConf(356)) - a748b230-209c-4796-adb9-b2bd89778327@group-199C89F85374: set configuration 0: [a748b230-209c-4796-adb9-b2bd89778327:192.168.30.59:36541], old=null at 0
2019-09-30 21:22:47,979 [46eb3679-150a-4e53-bd71-3fc425be5183@group-76E7B78140D1-LeaderElection92] INFO  impl.LeaderElection (LeaderElection.java:logAndReturn(56)) - 46eb3679-150a-4e53-bd71-3fc425be5183@group-76E7B78140D1-LeaderElection92: Election PASSED; received 1 response(s) [46eb3679-150a-4e53-bd71-3fc425be5183<-73709bb0-c865-4aa5-8280-440abca6ddad#0:OK-t1] and 0 exception(s); 46eb3679-150a-4e53-bd71-3fc425be5183@group-76E7B78140D1:t1, leader=null, voted=46eb3679-150a-4e53-bd71-3fc425be5183, raftlog=46eb3679-150a-4e53-bd71-3fc425be5183@group-76E7B78140D1-SegmentedRaftLog:OPENED:c-1,f-1,i0, conf=-1: [a748b230-209c-4796-adb9-b2bd89778327:192.168.30.59:36541, 46eb3679-150a-4e53-bd71-3fc425be5183:192.168.30.59:44182, 73709bb0-c865-4aa5-8280-440abca6ddad:192.168.30.59:45811], old=null
2019-09-30 21:22:47,980 [46eb3679-150a-4e53-bd71-3fc425be5183@group-76E7B78140D1-LeaderElection92] INFO  impl.RoleInfo (RoleInfo.java:shutdownLeaderElection(134)) - 46eb3679-150a-4e53-bd71-3fc425be5183: shutdown LeaderElection
2019-09-30 21:22:47,980 [46eb3679-150a-4e53-bd71-3fc425be5183@group-76E7B78140D1-LeaderElection92] INFO  impl.RaftServerImpl (RaftServerImpl.java:setRole(170)) - 46eb3679-150a-4e53-bd71-3fc425be5183@group-76E7B78140D1: changes role from CANDIDATE to LEADER at term 1 for changeToLeader
2019-09-30 21:22:47,980 [46eb3679-150a-4e53-bd71-3fc425be5183@group-76E7B78140D1-LeaderElection92] INFO  impl.RaftServerImpl (ServerState.java:setLeader(255)) - 46eb3679-150a-4e53-bd71-3fc425be5183@group-76E7B78140D1: change Leader from null to 46eb3679-150a-4e53-bd71-3fc425be5183 at term 1 for becomeLeader, leader elected after 5131ms
2019-09-30 21:22:47,980 [46eb3679-150a-4e53-bd71-3fc425be5183@group-76E7B78140D1-LeaderElection92] INFO  server.RaftServerConfigKeys (ConfUtils.java:logGet(43)) - raft.server.staging.catchup.gap = 1000 (default)
2019-09-30 21:22:47,980 [46eb3679-150a-4e53-bd71-3fc425be5183@group-76E7B78140D1-LeaderElection92] INFO  server.RaftServerConfigKeys (ConfUtils.java:logGet(43)) - raft.server.rpc.sleep.time = 25ms (default)
2019-09-30 21:22:47,980 [46eb3679-150a-4e53-bd71-3fc425be5183@group-76E7B78140D1-LeaderElection92] INFO  server.RaftServerConfigKeys (ConfUtils.java:logGet(43)) - raft.server.write.element-limit = 4096 (default)
2019-09-30 21:22:47,980 [46eb3679-150a-4e53-bd71-3fc425be5183@group-76E7B78140D1-LeaderElection92] INFO  server.RaftServerConfigKeys (ConfUtils.java:logGet(43)) - raft.server.watch.timeout = 10s (default)
2019-09-30 21:22:47,981 [46eb3679-150a-4e53-bd71-3fc425be5183@group-76E7B78140D1-LeaderElection92] INFO  server.RaftServerConfigKeys (ConfUtils.java:logGet(43)) - raft.server.watch.timeout.denomination = 1s (default)
2019-09-30 21:22:47,981 [46eb3679-150a-4e53-bd71-3fc425be5183@group-76E7B78140D1-LeaderElection92] INFO  server.RaftServerConfigKeys (ConfUtils.java:logGet(43)) - raft.server.watch.element-limit = 65536 (default)
2019-09-30 21:22:47,983 [46eb3679-150a-4e53-bd71-3fc425be5183@group-76E7B78140D1-LeaderElection92] INFO  server.RaftServerConfigKeys (ConfUtils.java:logGet(43)) - raft.server.log.appender.snapshot.chunk.size.max = 16MB (=16777216) (default)
2019-09-30 21:22:47,983 [46eb3679-150a-4e53-bd71-3fc425be5183@group-76E7B78140D1-LeaderElection92] INFO  server.RaftServerConfigKeys (ConfUtils.java:logGet(43)) - raft.server.log.appender.buffer.byte-limit = 33554432 (custom)
2019-09-30 21:22:47,983 [46eb3679-150a-4e53-bd71-3fc425be5183@group-76E7B78140D1-LeaderElection92] INFO  server.RaftServerConfigKeys (ConfUtils.java:logGet(43)) - raft.server.log.appender.buffer.element-limit = 1 (custom)
2019-09-30 21:22:47,983 [46eb3679-150a-4e53-bd71-3fc425be5183@group-76E7B78140D1-LeaderElection92] INFO  grpc.GrpcConfigKeys$Server (ConfUtils.java:logGet(43)) - raft.grpc.server.leader.outstanding.appends.max = 128 (default)
2019-09-30 21:22:47,984 [46eb3679-150a-4e53-bd71-3fc425be5183@group-76E7B78140D1-LeaderElection92] INFO  server.RaftServerConfigKeys (ConfUtils.java:logGet(43)) - raft.server.rpc.request.timeout = 3000ms (default)
2019-09-30 21:22:47,984 [46eb3679-150a-4e53-bd71-3fc425be5183@group-76E7B78140D1-LeaderElection92] INFO  server.RaftServerConfigKeys (ConfUtils.java:logGet(43)) - raft.server.log.appender.install.snapshot.enabled = false (custom)
2019-09-30 21:22:47,984 [46eb3679-150a-4e53-bd71-3fc425be5183@group-76E7B78140D1-LeaderElection92] INFO  server.RaftServerConfigKeys (ConfUtils.java:logGet(43)) - raft.server.log.appender.snapshot.chunk.size.max = 16MB (=16777216) (default)
2019-09-30 21:22:47,984 [46eb3679-150a-4e53-bd71-3fc425be5183@group-76E7B78140D1-LeaderElection92] INFO  server.RaftServerConfigKeys (ConfUtils.java:logGet(43)) - raft.server.log.appender.buffer.byte-limit = 33554432 (custom)
2019-09-30 21:22:47,984 [46eb3679-150a-4e53-bd71-3fc425be5183@group-76E7B78140D1-LeaderElection92] INFO  server.RaftServerConfigKeys (ConfUtils.java:logGet(43)) - raft.server.log.appender.buffer.element-limit = 1 (custom)
2019-09-30 21:22:47,985 [46eb3679-150a-4e53-bd71-3fc425be5183@group-76E7B78140D1-LeaderElection92] INFO  grpc.GrpcConfigKeys$Server (ConfUtils.java:logGet(43)) - raft.grpc.server.leader.outstanding.appends.max = 128 (default)
2019-09-30 21:22:47,985 [46eb3679-150a-4e53-bd71-3fc425be5183@group-76E7B78140D1-LeaderElection92] INFO  server.RaftServerConfigKeys (ConfUtils.java:logGet(43)) - raft.server.rpc.request.timeout = 3000ms (default)
2019-09-30 21:22:47,985 [46eb3679-150a-4e53-bd71-3fc425be5183@group-76E7B78140D1-LeaderElection92] INFO  server.RaftServerConfigKeys (ConfUtils.java:logGet(43)) - raft.server.log.appender.install.snapshot.enabled = false (custom)
2019-09-30 21:22:47,985 [46eb3679-150a-4e53-bd71-3fc425be5183@group-76E7B78140D1-LeaderElection92] INFO  impl.RoleInfo (RoleInfo.java:updateAndGet(143)) - 46eb3679-150a-4e53-bd71-3fc425be5183: start LeaderState
2019-09-30 21:22:47,986 [46eb3679-150a-4e53-bd71-3fc425be5183@group-76E7B78140D1-LeaderElection92] INFO  segmented.SegmentedRaftLogWorker (SegmentedRaftLogWorker.java:startLogSegment(385)) - 46eb3679-150a-4e53-bd71-3fc425be5183@group-76E7B78140D1-SegmentedRaftLogWorker: Starting segment from index:0
2019-09-30 21:22:47,987 [46eb3679-150a-4e53-bd71-3fc425be5183@group-76E7B78140D1-LeaderElection92] INFO  impl.RaftServerImpl (ServerState.java:setRaftConf(356)) - 46eb3679-150a-4e53-bd71-3fc425be5183@group-76E7B78140D1: set configuration 0: [a748b230-209c-4796-adb9-b2bd89778327:192.168.30.59:36541, 46eb3679-150a-4e53-bd71-3fc425be5183:192.168.30.59:44182, 73709bb0-c865-4aa5-8280-440abca6ddad:192.168.30.59:45811], old=null at 0
2019-09-30 21:22:48,060 [grpc-default-executor-1] INFO  impl.RaftServerImpl (ServerState.java:setLeader(255)) - 73709bb0-c865-4aa5-8280-440abca6ddad@group-76E7B78140D1: change Leader from null to 46eb3679-150a-4e53-bd71-3fc425be5183 at term 1 for appendEntries, leader elected after 5212ms
2019-09-30 21:22:48,060 [grpc-default-executor-2] INFO  impl.RaftServerImpl (ServerState.java:setLeader(255)) - a748b230-209c-4796-adb9-b2bd89778327@group-76E7B78140D1: change Leader from null to 46eb3679-150a-4e53-bd71-3fc425be5183 at term 1 for appendEntries, leader elected after 5212ms
2019-09-30 21:22:48,064 [grpc-default-executor-1] INFO  impl.RaftServerImpl (ServerState.java:setRaftConf(356)) - a748b230-209c-4796-adb9-b2bd89778327@group-76E7B78140D1: set configuration 0: [a748b230-209c-4796-adb9-b2bd89778327:192.168.30.59:36541, 46eb3679-150a-4e53-bd71-3fc425be5183:192.168.30.59:44182, 73709bb0-c865-4aa5-8280-440abca6ddad:192.168.30.59:45811], old=null at 0
2019-09-30 21:22:48,064 [grpc-default-executor-2] INFO  impl.RaftServerImpl (ServerState.java:setRaftConf(356)) - 73709bb0-c865-4aa5-8280-440abca6ddad@group-76E7B78140D1: set configuration 0: [a748b230-209c-4796-adb9-b2bd89778327:192.168.30.59:36541, 46eb3679-150a-4e53-bd71-3fc425be5183:192.168.30.59:44182, 73709bb0-c865-4aa5-8280-440abca6ddad:192.168.30.59:45811], old=null at 0
2019-09-30 21:22:48,064 [grpc-default-executor-1] INFO  segmented.SegmentedRaftLogWorker (SegmentedRaftLogWorker.java:startLogSegment(385)) - a748b230-209c-4796-adb9-b2bd89778327@group-76E7B78140D1-SegmentedRaftLogWorker: Starting segment from index:0
2019-09-30 21:22:48,065 [grpc-default-executor-2] INFO  segmented.SegmentedRaftLogWorker (SegmentedRaftLogWorker.java:startLogSegment(385)) - 73709bb0-c865-4aa5-8280-440abca6ddad@group-76E7B78140D1-SegmentedRaftLogWorker: Starting segment from index:0
2019-09-30 21:22:48,078 [a748b230-209c-4796-adb9-b2bd89778327@group-199C89F85374-SegmentedRaftLogWorker] INFO  segmented.SegmentedRaftLogWorker (SegmentedRaftLogWorker.java:execute(574)) - a748b230-209c-4796-adb9-b2bd89778327@group-199C89F85374-SegmentedRaftLogWorker: created new log segment /workdir/hadoop-ozone/integration-test/target/test-dir/MiniOzoneClusterImpl-897f703f-c245-4bad-9249-17030f6f4aae/datanode-5/data/ratis/7543cf94-faf8-4941-ab74-199c89f85374/current/log_inprogress_0
2019-09-30 21:22:48,079 [46eb3679-150a-4e53-bd71-3fc425be5183@group-76E7B78140D1-SegmentedRaftLogWorker] INFO  segmented.SegmentedRaftLogWorker (SegmentedRaftLogWorker.java:execute(574)) - 46eb3679-150a-4e53-bd71-3fc425be5183@group-76E7B78140D1-SegmentedRaftLogWorker: created new log segment /workdir/hadoop-ozone/integration-test/target/test-dir/MiniOzoneClusterImpl-897f703f-c245-4bad-9249-17030f6f4aae/datanode-3/data/ratis/eb4d6ec8-08ce-4113-96b5-76e7b78140d1/current/log_inprogress_0
2019-09-30 21:22:48,137 [a748b230-209c-4796-adb9-b2bd89778327@group-76E7B78140D1-SegmentedRaftLogWorker] INFO  segmented.SegmentedRaftLogWorker (SegmentedRaftLogWorker.java:execute(574)) - a748b230-209c-4796-adb9-b2bd89778327@group-76E7B78140D1-SegmentedRaftLogWorker: created new log segment /workdir/hadoop-ozone/integration-test/target/test-dir/MiniOzoneClusterImpl-897f703f-c245-4bad-9249-17030f6f4aae/datanode-5/data/ratis/eb4d6ec8-08ce-4113-96b5-76e7b78140d1/current/log_inprogress_0
2019-09-30 21:22:48,137 [73709bb0-c865-4aa5-8280-440abca6ddad@group-76E7B78140D1-SegmentedRaftLogWorker] INFO  segmented.SegmentedRaftLogWorker (SegmentedRaftLogWorker.java:execute(574)) - 73709bb0-c865-4aa5-8280-440abca6ddad@group-76E7B78140D1-SegmentedRaftLogWorker: created new log segment /workdir/hadoop-ozone/integration-test/target/test-dir/MiniOzoneClusterImpl-897f703f-c245-4bad-9249-17030f6f4aae/datanode-6/data/ratis/eb4d6ec8-08ce-4113-96b5-76e7b78140d1/current/log_inprogress_0
2019-09-30 21:22:49,624 [grpc-default-executor-1] WARN  server.GrpcLogAppender (LogUtils.java:warn(134)) - d7862da6-7204-4dfe-bc24-740f0a8ff707@group-0E8F1F723127->dea903ad-4025-4d6e-95dd-c3cf7ae18738-AppendLogResponseHandler: Failed appendEntries: org.apache.ratis.thirdparty.io.grpc.StatusRuntimeException: UNAVAILABLE: io exception
2019-09-30 21:22:49,624 [grpc-default-executor-0] WARN  server.GrpcLogAppender (LogUtils.java:warn(134)) - d7862da6-7204-4dfe-bc24-740f0a8ff707@group-0E8F1F723127->99573aa8-d5bb-48c2-a623-6999335be6bf-AppendLogResponseHandler: Failed appendEntries: org.apache.ratis.thirdparty.io.grpc.StatusRuntimeException: UNAVAILABLE: io exception
2019-09-30 21:22:49,624 [grpc-default-executor-1] INFO  impl.FollowerInfo (FollowerInfo.java:lambda$new$0(51)) - d7862da6-7204-4dfe-bc24-740f0a8ff707@group-0E8F1F723127->dea903ad-4025-4d6e-95dd-c3cf7ae18738: nextIndex: updateUnconditionally 0 -> 0
2019-09-30 21:22:49,624 [grpc-default-executor-0] INFO  impl.FollowerInfo (FollowerInfo.java:lambda$new$0(51)) - d7862da6-7204-4dfe-bc24-740f0a8ff707@group-0E8F1F723127->99573aa8-d5bb-48c2-a623-6999335be6bf: nextIndex: updateUnconditionally 0 -> 0
2019-09-30 21:22:51,665 [EventQueue-StaleNodeForStaleNodeHandler] INFO  node.StaleNodeHandler (StaleNodeHandler.java:onMessage(58)) - Datanode dea903ad-4025-4d6e-95dd-c3cf7ae18738{ip: 192.168.30.59, host: pr-hdds-2211-2dwkd-795013237, networkLocation: /default-rack, certSerialId: null} moved to stale state. Finalizing its pipelines [PipelineID=86f3355a-b77b-435f-b307-0e8f1f723127, PipelineID=77c244b9-9ba9-4df1-900f-d720bc3fa03f]
2019-09-30 21:22:51,666 [EventQueue-StaleNodeForStaleNodeHandler] INFO  pipeline.SCMPipelineManager (SCMPipelineManager.java:finalizeAndDestroyPipeline(315)) - destroying pipeline:Pipeline[ Id: 86f3355a-b77b-435f-b307-0e8f1f723127, Nodes: dea903ad-4025-4d6e-95dd-c3cf7ae18738{ip: 192.168.30.59, host: pr-hdds-2211-2dwkd-795013237, networkLocation: /default-rack, certSerialId: null}99573aa8-d5bb-48c2-a623-6999335be6bf{ip: 192.168.30.59, host: pr-hdds-2211-2dwkd-795013237, networkLocation: /default-rack, certSerialId: null}d7862da6-7204-4dfe-bc24-740f0a8ff707{ip: 192.168.30.59, host: pr-hdds-2211-2dwkd-795013237, networkLocation: /default-rack, certSerialId: null}, Type:RATIS, Factor:THREE, State:OPEN]
2019-09-30 21:22:51,667 [EventQueue-StaleNodeForStaleNodeHandler] INFO  pipeline.PipelineStateManager (PipelineStateManager.java:finalizePipeline(123)) - Pipeline Pipeline[ Id: 86f3355a-b77b-435f-b307-0e8f1f723127, Nodes: dea903ad-4025-4d6e-95dd-c3cf7ae18738{ip: 192.168.30.59, host: pr-hdds-2211-2dwkd-795013237, networkLocation: /default-rack, certSerialId: null}99573aa8-d5bb-48c2-a623-6999335be6bf{ip: 192.168.30.59, host: pr-hdds-2211-2dwkd-795013237, networkLocation: /default-rack, certSerialId: null}d7862da6-7204-4dfe-bc24-740f0a8ff707{ip: 192.168.30.59, host: pr-hdds-2211-2dwkd-795013237, networkLocation: /default-rack, certSerialId: null}, Type:RATIS, Factor:THREE, State:CLOSED] moved to CLOSED state
2019-09-30 21:22:51,668 [EventQueue-CloseContainerForCloseContainerEventHandler] INFO  container.CloseContainerEventHandler (CloseContainerEventHandler.java:onMessage(61)) - Close container Event triggered for container : #1
2019-09-30 21:22:51,668 [EventQueue-StaleNodeForStaleNodeHandler] INFO  pipeline.SCMPipelineManager (SCMPipelineManager.java:finalizeAndDestroyPipeline(315)) - destroying pipeline:Pipeline[ Id: 77c244b9-9ba9-4df1-900f-d720bc3fa03f, Nodes: dea903ad-4025-4d6e-95dd-c3cf7ae18738{ip: 192.168.30.59, host: pr-hdds-2211-2dwkd-795013237, networkLocation: /default-rack, certSerialId: null}, Type:RATIS, Factor:ONE, State:OPEN]
2019-09-30 21:22:51,668 [EventQueue-StaleNodeForStaleNodeHandler] INFO  pipeline.PipelineStateManager (PipelineStateManager.java:finalizePipeline(123)) - Pipeline Pipeline[ Id: 77c244b9-9ba9-4df1-900f-d720bc3fa03f, Nodes: dea903ad-4025-4d6e-95dd-c3cf7ae18738{ip: 192.168.30.59, host: pr-hdds-2211-2dwkd-795013237, networkLocation: /default-rack, certSerialId: null}, Type:RATIS, Factor:ONE, State:CLOSED] moved to CLOSED state
2019-09-30 21:22:52,125 [grpc-default-executor-4] WARN  server.GrpcLogAppender (LogUtils.java:warn(134)) - d7862da6-7204-4dfe-bc24-740f0a8ff707@group-0E8F1F723127->dea903ad-4025-4d6e-95dd-c3cf7ae18738-AppendLogResponseHandler: Failed appendEntries: org.apache.ratis.thirdparty.io.grpc.StatusRuntimeException: UNAVAILABLE: io exception
2019-09-30 21:22:52,125 [grpc-default-executor-0] WARN  server.GrpcLogAppender (LogUtils.java:warn(134)) - d7862da6-7204-4dfe-bc24-740f0a8ff707@group-0E8F1F723127->99573aa8-d5bb-48c2-a623-6999335be6bf-AppendLogResponseHandler: Failed appendEntries: org.apache.ratis.thirdparty.io.grpc.StatusRuntimeException: UNAVAILABLE: io exception
2019-09-30 21:22:52,125 [grpc-default-executor-4] INFO  impl.FollowerInfo (FollowerInfo.java:lambda$new$0(51)) - d7862da6-7204-4dfe-bc24-740f0a8ff707@group-0E8F1F723127->dea903ad-4025-4d6e-95dd-c3cf7ae18738: nextIndex: updateUnconditionally 0 -> 0
2019-09-30 21:22:52,125 [grpc-default-executor-0] INFO  impl.FollowerInfo (FollowerInfo.java:lambda$new$0(51)) - d7862da6-7204-4dfe-bc24-740f0a8ff707@group-0E8F1F723127->99573aa8-d5bb-48c2-a623-6999335be6bf: nextIndex: updateUnconditionally 0 -> 0
2019-09-30 21:22:52,508 [Thread-2417] INFO  impl.FollowerState (FollowerState.java:run(108)) - f663b933-14fc-4499-8cf3-ca7c9e546181@group-F237C78BE0C9-FollowerState: change to CANDIDATE, lastRpcTime:5008ms, electionTimeout:5008ms
2019-09-30 21:22:52,508 [Thread-2417] INFO  impl.RoleInfo (RoleInfo.java:shutdownFollowerState(121)) - f663b933-14fc-4499-8cf3-ca7c9e546181: shutdown FollowerState
2019-09-30 21:22:52,509 [Thread-2417] INFO  impl.RaftServerImpl (RaftServerImpl.java:setRole(170)) - f663b933-14fc-4499-8cf3-ca7c9e546181@group-F237C78BE0C9: changes role from  FOLLOWER to CANDIDATE at term 1 for changeToCandidate
2019-09-30 21:22:52,509 [Thread-2417] INFO  impl.RoleInfo (RoleInfo.java:updateAndGet(143)) - f663b933-14fc-4499-8cf3-ca7c9e546181: start LeaderElection
2019-09-30 21:22:52,552 [f663b933-14fc-4499-8cf3-ca7c9e546181@group-F237C78BE0C9-LeaderElection94] INFO  impl.LeaderElection (LeaderElection.java:askForVotes(178)) - f663b933-14fc-4499-8cf3-ca7c9e546181@group-F237C78BE0C9-LeaderElection94: begin an election at term 2 for -1: [7d885d46-bb12-4055-b1ac-cba6c5fbb84e:192.168.30.59:41425, f663b933-14fc-4499-8cf3-ca7c9e546181:192.168.30.59:37121, cf1267e6-3edb-47f3-9009-3ba32f482c13:192.168.30.59:36111], old=null
2019-09-30 21:22:52,556 [grpc-default-executor-4] INFO  impl.RaftServerImpl (RaftServerImpl.java:setRole(170)) - 7d885d46-bb12-4055-b1ac-cba6c5fbb84e@group-F237C78BE0C9: changes role from  FOLLOWER to FOLLOWER at term 2 for recognizeCandidate:f663b933-14fc-4499-8cf3-ca7c9e546181
2019-09-30 21:22:52,556 [grpc-default-executor-0] INFO  impl.RaftServerImpl (RaftServerImpl.java:setRole(170)) - cf1267e6-3edb-47f3-9009-3ba32f482c13@group-F237C78BE0C9: changes role from  FOLLOWER to FOLLOWER at term 2 for recognizeCandidate:f663b933-14fc-4499-8cf3-ca7c9e546181
2019-09-30 21:22:52,556 [grpc-default-executor-4] INFO  impl.RoleInfo (RoleInfo.java:shutdownFollowerState(121)) - 7d885d46-bb12-4055-b1ac-cba6c5fbb84e: shutdown FollowerState
2019-09-30 21:22:52,556 [grpc-default-executor-0] INFO  impl.RoleInfo (RoleInfo.java:shutdownFollowerState(121)) - cf1267e6-3edb-47f3-9009-3ba32f482c13: shutdown FollowerState
2019-09-30 21:22:52,557 [grpc-default-executor-4] INFO  impl.RoleInfo (RoleInfo.java:updateAndGet(143)) - 7d885d46-bb12-4055-b1ac-cba6c5fbb84e: start FollowerState
2019-09-30 21:22:52,557 [Thread-2416] INFO  impl.FollowerState (FollowerState.java:run(117)) - 7d885d46-bb12-4055-b1ac-cba6c5fbb84e@group-F237C78BE0C9-FollowerState was interrupted: java.lang.InterruptedException: sleep interrupted
2019-09-30 21:22:52,557 [grpc-default-executor-0] INFO  impl.RoleInfo (RoleInfo.java:updateAndGet(143)) - cf1267e6-3edb-47f3-9009-3ba32f482c13: start FollowerState
2019-09-30 21:22:52,557 [Thread-2418] INFO  impl.FollowerState (FollowerState.java:run(117)) - cf1267e6-3edb-47f3-9009-3ba32f482c13@group-F237C78BE0C9-FollowerState was interrupted: java.lang.InterruptedException: sleep interrupted
2019-09-30 21:22:52,591 [f663b933-14fc-4499-8cf3-ca7c9e546181@group-F237C78BE0C9-LeaderElection94] INFO  impl.LeaderElection (LeaderElection.java:logAndReturn(56)) - f663b933-14fc-4499-8cf3-ca7c9e546181@group-F237C78BE0C9-LeaderElection94: Election PASSED; received 1 response(s) [f663b933-14fc-4499-8cf3-ca7c9e546181<-cf1267e6-3edb-47f3-9009-3ba32f482c13#0:OK-t2] and 0 exception(s); f663b933-14fc-4499-8cf3-ca7c9e546181@group-F237C78BE0C9:t2, leader=null, voted=f663b933-14fc-4499-8cf3-ca7c9e546181, raftlog=f663b933-14fc-4499-8cf3-ca7c9e546181@group-F237C78BE0C9-SegmentedRaftLog:OPENED:c-1,f-1,i0, conf=-1: [7d885d46-bb12-4055-b1ac-cba6c5fbb84e:192.168.30.59:41425, f663b933-14fc-4499-8cf3-ca7c9e546181:192.168.30.59:37121, cf1267e6-3edb-47f3-9009-3ba32f482c13:192.168.30.59:36111], old=null
2019-09-30 21:22:52,592 [f663b933-14fc-4499-8cf3-ca7c9e546181@group-F237C78BE0C9-LeaderElection94] INFO  impl.RoleInfo (RoleInfo.java:shutdownLeaderElection(134)) - f663b933-14fc-4499-8cf3-ca7c9e546181: shutdown LeaderElection
2019-09-30 21:22:52,592 [f663b933-14fc-4499-8cf3-ca7c9e546181@group-F237C78BE0C9-LeaderElection94] INFO  impl.RaftServerImpl (RaftServerImpl.java:setRole(170)) - f663b933-14fc-4499-8cf3-ca7c9e546181@group-F237C78BE0C9: changes role from CANDIDATE to LEADER at term 2 for changeToLeader
2019-09-30 21:22:52,592 [f663b933-14fc-4499-8cf3-ca7c9e546181@group-F237C78BE0C9-LeaderElection94] INFO  impl.RaftServerImpl (ServerState.java:setLeader(255)) - f663b933-14fc-4499-8cf3-ca7c9e546181@group-F237C78BE0C9: change Leader from null to f663b933-14fc-4499-8cf3-ca7c9e546181 at term 2 for becomeLeader, leader elected after 10214ms
2019-09-30 21:22:52,592 [f663b933-14fc-4499-8cf3-ca7c9e546181@group-F237C78BE0C9-LeaderElection94] INFO  server.RaftServerConfigKeys (ConfUtils.java:logGet(43)) - raft.server.staging.catchup.gap = 1000 (default)
2019-09-30 21:22:52,593 [f663b933-14fc-4499-8cf3-ca7c9e546181@group-F237C78BE0C9-LeaderElection94] INFO  server.RaftServerConfigKeys (ConfUtils.java:logGet(43)) - raft.server.rpc.sleep.time = 25ms (default)
2019-09-30 21:22:52,593 [f663b933-14fc-4499-8cf3-ca7c9e546181@group-F237C78BE0C9-LeaderElection94] INFO  server.RaftServerConfigKeys (ConfUtils.java:logGet(43)) - raft.server.write.element-limit = 4096 (default)
2019-09-30 21:22:52,593 [f663b933-14fc-4499-8cf3-ca7c9e546181@group-F237C78BE0C9-LeaderElection94] INFO  server.RaftServerConfigKeys (ConfUtils.java:logGet(43)) - raft.server.watch.timeout = 10s (default)
2019-09-30 21:22:52,593 [f663b933-14fc-4499-8cf3-ca7c9e546181@group-F237C78BE0C9-LeaderElection94] INFO  server.RaftServerConfigKeys (ConfUtils.java:logGet(43)) - raft.server.watch.timeout.denomination = 1s (default)
2019-09-30 21:22:52,593 [f663b933-14fc-4499-8cf3-ca7c9e546181@group-F237C78BE0C9-LeaderElection94] INFO  server.RaftServerConfigKeys (ConfUtils.java:logGet(43)) - raft.server.watch.element-limit = 65536 (default)
2019-09-30 21:22:52,596 [f663b933-14fc-4499-8cf3-ca7c9e546181@group-F237C78BE0C9-LeaderElection94] INFO  server.RaftServerConfigKeys (ConfUtils.java:logGet(43)) - raft.server.log.appender.snapshot.chunk.size.max = 16MB (=16777216) (default)
2019-09-30 21:22:52,596 [f663b933-14fc-4499-8cf3-ca7c9e546181@group-F237C78BE0C9-LeaderElection94] INFO  server.RaftServerConfigKeys (ConfUtils.java:logGet(43)) - raft.server.log.appender.buffer.byte-limit = 33554432 (custom)
2019-09-30 21:22:52,597 [f663b933-14fc-4499-8cf3-ca7c9e546181@group-F237C78BE0C9-LeaderElection94] INFO  server.RaftServerConfigKeys (ConfUtils.java:logGet(43)) - raft.server.log.appender.buffer.element-limit = 1 (custom)
2019-09-30 21:22:52,597 [f663b933-14fc-4499-8cf3-ca7c9e546181@group-F237C78BE0C9-LeaderElection94] INFO  grpc.GrpcConfigKeys$Server (ConfUtils.java:logGet(43)) - raft.grpc.server.leader.outstanding.appends.max = 128 (default)
2019-09-30 21:22:52,597 [f663b933-14fc-4499-8cf3-ca7c9e546181@group-F237C78BE0C9-LeaderElection94] INFO  server.RaftServerConfigKeys (ConfUtils.java:logGet(43)) - raft.server.rpc.request.timeout = 3000ms (default)
2019-09-30 21:22:52,597 [f663b933-14fc-4499-8cf3-ca7c9e546181@group-F237C78BE0C9-LeaderElection94] INFO  server.RaftServerConfigKeys (ConfUtils.java:logGet(43)) - raft.server.log.appender.install.snapshot.enabled = false (custom)
2019-09-30 21:22:52,597 [f663b933-14fc-4499-8cf3-ca7c9e546181@group-F237C78BE0C9-LeaderElection94] INFO  server.RaftServerConfigKeys (ConfUtils.java:logGet(43)) - raft.server.log.appender.snapshot.chunk.size.max = 16MB (=16777216) (default)
2019-09-30 21:22:52,598 [f663b933-14fc-4499-8cf3-ca7c9e546181@group-F237C78BE0C9-LeaderElection94] INFO  server.RaftServerConfigKeys (ConfUtils.java:logGet(43)) - raft.server.log.appender.buffer.byte-limit = 33554432 (custom)
2019-09-30 21:22:52,598 [f663b933-14fc-4499-8cf3-ca7c9e546181@group-F237C78BE0C9-LeaderElection94] INFO  server.RaftServerConfigKeys (ConfUtils.java:logGet(43)) - raft.server.log.appender.buffer.element-limit = 1 (custom)
2019-09-30 21:22:52,598 [f663b933-14fc-4499-8cf3-ca7c9e546181@group-F237C78BE0C9-LeaderElection94] INFO  grpc.GrpcConfigKeys$Server (ConfUtils.java:logGet(43)) - raft.grpc.server.leader.outstanding.appends.max = 128 (default)
2019-09-30 21:22:52,598 [f663b933-14fc-4499-8cf3-ca7c9e546181@group-F237C78BE0C9-LeaderElection94] INFO  server.RaftServerConfigKeys (ConfUtils.java:logGet(43)) - raft.server.rpc.request.timeout = 3000ms (default)
2019-09-30 21:22:52,598 [f663b933-14fc-4499-8cf3-ca7c9e546181@group-F237C78BE0C9-LeaderElection94] INFO  server.RaftServerConfigKeys (ConfUtils.java:logGet(43)) - raft.server.log.appender.install.snapshot.enabled = false (custom)
2019-09-30 21:22:52,599 [f663b933-14fc-4499-8cf3-ca7c9e546181@group-F237C78BE0C9-LeaderElection94] INFO  impl.RoleInfo (RoleInfo.java:updateAndGet(143)) - f663b933-14fc-4499-8cf3-ca7c9e546181: start LeaderState
2019-09-30 21:22:52,599 [f663b933-14fc-4499-8cf3-ca7c9e546181@group-F237C78BE0C9-LeaderElection94] INFO  segmented.SegmentedRaftLogWorker (SegmentedRaftLogWorker.java:startLogSegment(385)) - f663b933-14fc-4499-8cf3-ca7c9e546181@group-F237C78BE0C9-SegmentedRaftLogWorker: Starting segment from index:0
2019-09-30 21:22:52,600 [f663b933-14fc-4499-8cf3-ca7c9e546181@group-F237C78BE0C9-LeaderElection94] INFO  impl.RaftServerImpl (ServerState.java:setRaftConf(356)) - f663b933-14fc-4499-8cf3-ca7c9e546181@group-F237C78BE0C9: set configuration 0: [7d885d46-bb12-4055-b1ac-cba6c5fbb84e:192.168.30.59:41425, f663b933-14fc-4499-8cf3-ca7c9e546181:192.168.30.59:37121, cf1267e6-3edb-47f3-9009-3ba32f482c13:192.168.30.59:36111], old=null at 0
2019-09-30 21:22:52,601 [grpc-default-executor-0] INFO  impl.RaftServerImpl (ServerState.java:setLeader(255)) - cf1267e6-3edb-47f3-9009-3ba32f482c13@group-F237C78BE0C9: change Leader from null to f663b933-14fc-4499-8cf3-ca7c9e546181 at term 2 for appendEntries, leader elected after 10223ms
2019-09-30 21:22:52,601 [grpc-default-executor-4] INFO  impl.RaftServerImpl (ServerState.java:setLeader(255)) - 7d885d46-bb12-4055-b1ac-cba6c5fbb84e@group-F237C78BE0C9: change Leader from null to f663b933-14fc-4499-8cf3-ca7c9e546181 at term 2 for appendEntries, leader elected after 10224ms
2019-09-30 21:22:52,604 [grpc-default-executor-0] INFO  impl.RaftServerImpl (ServerState.java:setRaftConf(356)) - 7d885d46-bb12-4055-b1ac-cba6c5fbb84e@group-F237C78BE0C9: set configuration 0: [7d885d46-bb12-4055-b1ac-cba6c5fbb84e:192.168.30.59:41425, f663b933-14fc-4499-8cf3-ca7c9e546181:192.168.30.59:37121, cf1267e6-3edb-47f3-9009-3ba32f482c13:192.168.30.59:36111], old=null at 0
2019-09-30 21:22:52,604 [grpc-default-executor-4] INFO  impl.RaftServerImpl (ServerState.java:setRaftConf(356)) - cf1267e6-3edb-47f3-9009-3ba32f482c13@group-F237C78BE0C9: set configuration 0: [7d885d46-bb12-4055-b1ac-cba6c5fbb84e:192.168.30.59:41425, f663b933-14fc-4499-8cf3-ca7c9e546181:192.168.30.59:37121, cf1267e6-3edb-47f3-9009-3ba32f482c13:192.168.30.59:36111], old=null at 0
2019-09-30 21:22:52,604 [grpc-default-executor-0] INFO  segmented.SegmentedRaftLogWorker (SegmentedRaftLogWorker.java:startLogSegment(385)) - 7d885d46-bb12-4055-b1ac-cba6c5fbb84e@group-F237C78BE0C9-SegmentedRaftLogWorker: Starting segment from index:0
2019-09-30 21:22:52,604 [grpc-default-executor-4] INFO  segmented.SegmentedRaftLogWorker (SegmentedRaftLogWorker.java:startLogSegment(385)) - cf1267e6-3edb-47f3-9009-3ba32f482c13@group-F237C78BE0C9-SegmentedRaftLogWorker: Starting segment from index:0
2019-09-30 21:22:52,657 [f663b933-14fc-4499-8cf3-ca7c9e546181@group-F237C78BE0C9-SegmentedRaftLogWorker] INFO  segmented.SegmentedRaftLogWorker (SegmentedRaftLogWorker.java:execute(574)) - f663b933-14fc-4499-8cf3-ca7c9e546181@group-F237C78BE0C9-SegmentedRaftLogWorker: created new log segment /workdir/hadoop-ozone/integration-test/target/test-dir/MiniOzoneClusterImpl-897f703f-c245-4bad-9249-17030f6f4aae/datanode-2/data/ratis/d4fe8de8-4b1a-4290-873f-f237c78be0c9/current/log_inprogress_0
2019-09-30 21:22:52,657 [cf1267e6-3edb-47f3-9009-3ba32f482c13@group-F237C78BE0C9-SegmentedRaftLogWorker] INFO  segmented.SegmentedRaftLogWorker (SegmentedRaftLogWorker.java:execute(574)) - cf1267e6-3edb-47f3-9009-3ba32f482c13@group-F237C78BE0C9-SegmentedRaftLogWorker: created new log segment /workdir/hadoop-ozone/integration-test/target/test-dir/MiniOzoneClusterImpl-897f703f-c245-4bad-9249-17030f6f4aae/datanode-1/data/ratis/d4fe8de8-4b1a-4290-873f-f237c78be0c9/current/log_inprogress_0
2019-09-30 21:22:52,657 [7d885d46-bb12-4055-b1ac-cba6c5fbb84e@group-F237C78BE0C9-SegmentedRaftLogWorker] INFO  segmented.SegmentedRaftLogWorker (SegmentedRaftLogWorker.java:execute(574)) - 7d885d46-bb12-4055-b1ac-cba6c5fbb84e@group-F237C78BE0C9-SegmentedRaftLogWorker: created new log segment /workdir/hadoop-ozone/integration-test/target/test-dir/MiniOzoneClusterImpl-897f703f-c245-4bad-9249-17030f6f4aae/datanode-0/data/ratis/d4fe8de8-4b1a-4290-873f-f237c78be0c9/current/log_inprogress_0
2019-09-30 21:22:53,255 [grpc-default-executor-4] WARN  server.GrpcLogAppender (LogUtils.java:warn(134)) - d7862da6-7204-4dfe-bc24-740f0a8ff707@group-0E8F1F723127->99573aa8-d5bb-48c2-a623-6999335be6bf-AppendLogResponseHandler: Failed appendEntries: org.apache.ratis.thirdparty.io.grpc.StatusRuntimeException: UNAVAILABLE: io exception
2019-09-30 21:22:53,255 [grpc-default-executor-4] INFO  impl.FollowerInfo (FollowerInfo.java:lambda$new$0(51)) - d7862da6-7204-4dfe-bc24-740f0a8ff707@group-0E8F1F723127->99573aa8-d5bb-48c2-a623-6999335be6bf: nextIndex: updateUnconditionally 1 -> 0
2019-09-30 21:22:53,258 [grpc-default-executor-4] WARN  server.GrpcLogAppender (LogUtils.java:warn(134)) - d7862da6-7204-4dfe-bc24-740f0a8ff707@group-0E8F1F723127->dea903ad-4025-4d6e-95dd-c3cf7ae18738-AppendLogResponseHandler: Failed appendEntries: org.apache.ratis.thirdparty.io.grpc.StatusRuntimeException: UNAVAILABLE: io exception
2019-09-30 21:22:53,258 [grpc-default-executor-4] INFO  impl.FollowerInfo (FollowerInfo.java:lambda$new$0(51)) - d7862da6-7204-4dfe-bc24-740f0a8ff707@group-0E8F1F723127->dea903ad-4025-4d6e-95dd-c3cf7ae18738: nextIndex: updateUnconditionally 1 -> 0
2019-09-30 21:22:53,275 [Datanode State Machine Thread - 0] INFO  statemachine.DatanodeStateMachine (DatanodeStateMachine.java:lambda$startDaemon$0(350)) - Ozone container server started.
2019-09-30 21:22:55,755 [grpc-default-executor-0] WARN  server.GrpcLogAppender (LogUtils.java:warn(134)) - d7862da6-7204-4dfe-bc24-740f0a8ff707@group-0E8F1F723127->dea903ad-4025-4d6e-95dd-c3cf7ae18738-AppendLogResponseHandler: Failed appendEntries: org.apache.ratis.thirdparty.io.grpc.StatusRuntimeException: UNAVAILABLE: io exception
2019-09-30 21:22:55,755 [grpc-default-executor-4] WARN  server.GrpcLogAppender (LogUtils.java:warn(134)) - d7862da6-7204-4dfe-bc24-740f0a8ff707@group-0E8F1F723127->99573aa8-d5bb-48c2-a623-6999335be6bf-AppendLogResponseHandler: Failed appendEntries: org.apache.ratis.thirdparty.io.grpc.StatusRuntimeException: UNAVAILABLE: io exception
2019-09-30 21:22:55,756 [grpc-default-executor-0] INFO  impl.FollowerInfo (FollowerInfo.java:lambda$new$0(51)) - d7862da6-7204-4dfe-bc24-740f0a8ff707@group-0E8F1F723127->dea903ad-4025-4d6e-95dd-c3cf7ae18738: nextIndex: updateUnconditionally 0 -> 0
2019-09-30 21:22:55,756 [grpc-default-executor-4] INFO  impl.FollowerInfo (FollowerInfo.java:lambda$new$0(51)) - d7862da6-7204-4dfe-bc24-740f0a8ff707@group-0E8F1F723127->99573aa8-d5bb-48c2-a623-6999335be6bf: nextIndex: updateUnconditionally 0 -> 0
2019-09-30 21:22:57,274 [EventQueue-StaleNodeForStaleNodeHandler] INFO  node.StaleNodeHandler (StaleNodeHandler.java:onMessage(58)) - Datanode 99573aa8-d5bb-48c2-a623-6999335be6bf{ip: 192.168.30.59, host: pr-hdds-2211-2dwkd-795013237, networkLocation: /default-rack, certSerialId: null} moved to stale state. Finalizing its pipelines [PipelineID=86f3355a-b77b-435f-b307-0e8f1f723127, PipelineID=59a37328-0115-4f7c-a56b-05d0ae12432d]
2019-09-30 21:22:57,275 [EventQueue-StaleNodeForStaleNodeHandler] INFO  pipeline.SCMPipelineManager (SCMPipelineManager.java:finalizeAndDestroyPipeline(315)) - destroying pipeline:Pipeline[ Id: 86f3355a-b77b-435f-b307-0e8f1f723127, Nodes: dea903ad-4025-4d6e-95dd-c3cf7ae18738{ip: 192.168.30.59, host: pr-hdds-2211-2dwkd-795013237, networkLocation: /default-rack, certSerialId: null}99573aa8-d5bb-48c2-a623-6999335be6bf{ip: 192.168.30.59, host: pr-hdds-2211-2dwkd-795013237, networkLocation: /default-rack, certSerialId: null}d7862da6-7204-4dfe-bc24-740f0a8ff707{ip: 192.168.30.59, host: pr-hdds-2211-2dwkd-795013237, networkLocation: /default-rack, certSerialId: null}, Type:RATIS, Factor:THREE, State:CLOSED]
2019-09-30 21:22:57,276 [EventQueue-StaleNodeForStaleNodeHandler] INFO  pipeline.SCMPipelineManager (SCMPipelineManager.java:finalizeAndDestroyPipeline(315)) - destroying pipeline:Pipeline[ Id: 59a37328-0115-4f7c-a56b-05d0ae12432d, Nodes: 99573aa8-d5bb-48c2-a623-6999335be6bf{ip: 192.168.30.59, host: pr-hdds-2211-2dwkd-795013237, networkLocation: /default-rack, certSerialId: null}, Type:RATIS, Factor:ONE, State:OPEN]
2019-09-30 21:22:57,277 [EventQueue-StaleNodeForStaleNodeHandler] INFO  pipeline.PipelineStateManager (PipelineStateManager.java:finalizePipeline(123)) - Pipeline Pipeline[ Id: 59a37328-0115-4f7c-a56b-05d0ae12432d, Nodes: 99573aa8-d5bb-48c2-a623-6999335be6bf{ip: 192.168.30.59, host: pr-hdds-2211-2dwkd-795013237, networkLocation: /default-rack, certSerialId: null}, Type:RATIS, Factor:ONE, State:CLOSED] moved to CLOSED state
2019-09-30 21:22:58,247 [main] INFO  ozoneimpl.OzoneContainer (OzoneContainer.java:stop(231)) - Attempting to stop container services.
2019-09-30 21:22:58,248 [main] INFO  impl.RaftServerProxy (RaftServerProxy.java:lambda$close$4(314)) - 7d885d46-bb12-4055-b1ac-cba6c5fbb84e: close
2019-09-30 21:22:58,249 [main] INFO  impl.RaftServerImpl (RaftServerImpl.java:lambda$shutdown$3(247)) - 7d885d46-bb12-4055-b1ac-cba6c5fbb84e@group-F237C78BE0C9: shutdown
2019-09-30 21:22:58,249 [ForkJoinPool.commonPool-worker-1] INFO  impl.RaftServerImpl (RaftServerImpl.java:lambda$shutdown$3(247)) - 7d885d46-bb12-4055-b1ac-cba6c5fbb84e@group-B0DE016224A9: shutdown
2019-09-30 21:22:58,249 [main] INFO  util.JmxRegister (JmxRegister.java:unregister(73)) - Successfully un-registered JMX Bean with object name Ratis:service=RaftServer,group=group-F237C78BE0C9,id=7d885d46-bb12-4055-b1ac-cba6c5fbb84e
2019-09-30 21:22:58,249 [ForkJoinPool.commonPool-worker-1] INFO  util.JmxRegister (JmxRegister.java:unregister(73)) - Successfully un-registered JMX Bean with object name Ratis:service=RaftServer,group=group-B0DE016224A9,id=7d885d46-bb12-4055-b1ac-cba6c5fbb84e
2019-09-30 21:22:58,249 [main] INFO  impl.RoleInfo (RoleInfo.java:shutdownFollowerState(121)) - 7d885d46-bb12-4055-b1ac-cba6c5fbb84e: shutdown FollowerState
2019-09-30 21:22:58,250 [ForkJoinPool.commonPool-worker-1] INFO  impl.RoleInfo (RoleInfo.java:shutdownLeaderState(104)) - 7d885d46-bb12-4055-b1ac-cba6c5fbb84e: shutdown LeaderState
2019-09-30 21:22:58,250 [Thread-2463] INFO  impl.FollowerState (FollowerState.java:run(117)) - 7d885d46-bb12-4055-b1ac-cba6c5fbb84e@group-F237C78BE0C9-FollowerState was interrupted: java.lang.InterruptedException: sleep interrupted
2019-09-30 21:22:58,250 [ForkJoinPool.commonPool-worker-1] INFO  impl.PendingRequests (PendingRequests.java:sendNotLeaderResponses(202)) - 7d885d46-bb12-4055-b1ac-cba6c5fbb84e@group-B0DE016224A9-PendingRequests: sendNotLeaderResponses
2019-09-30 21:22:58,250 [main] INFO  impl.StateMachineUpdater (StateMachineUpdater.java:stopAndJoin(136)) - 7d885d46-bb12-4055-b1ac-cba6c5fbb84e@group-F237C78BE0C9-StateMachineUpdater: set stopIndex = 2
2019-09-30 21:22:58,250 [7d885d46-bb12-4055-b1ac-cba6c5fbb84e@group-F237C78BE0C9-StateMachineUpdater] INFO  ratis.ContainerStateMachine (ContainerStateMachine.java:takeSnapshot(289)) - group-F237C78BE0C9: Taking a snapshot at:(t:2, i:1) file /workdir/hadoop-ozone/integration-test/target/test-dir/MiniOzoneClusterImpl-897f703f-c245-4bad-9249-17030f6f4aae/datanode-0/data/ratis/d4fe8de8-4b1a-4290-873f-f237c78be0c9/sm/snapshot.2_1
2019-09-30 21:22:58,257 [ForkJoinPool.commonPool-worker-1] INFO  impl.StateMachineUpdater (StateMachineUpdater.java:stopAndJoin(136)) - 7d885d46-bb12-4055-b1ac-cba6c5fbb84e@group-B0DE016224A9-StateMachineUpdater: set stopIndex = 0
2019-09-30 21:22:58,258 [ForkJoinPool.commonPool-worker-1] INFO  impl.RaftServerImpl (ServerState.java:close(387)) - 7d885d46-bb12-4055-b1ac-cba6c5fbb84e@group-B0DE016224A9: closes. applyIndex: 0
2019-09-30 21:22:58,258 [7d885d46-bb12-4055-b1ac-cba6c5fbb84e@group-B0DE016224A9-SegmentedRaftLogWorker] INFO  segmented.SegmentedRaftLogWorker (SegmentedRaftLogWorker.java:run(316)) - 7d885d46-bb12-4055-b1ac-cba6c5fbb84e@group-B0DE016224A9-SegmentedRaftLogWorker was interrupted, exiting. There are 0 tasks remaining in the queue.
2019-09-30 21:22:58,262 [ForkJoinPool.commonPool-worker-1] INFO  segmented.SegmentedRaftLogWorker (SegmentedRaftLogWorker.java:close(224)) - 7d885d46-bb12-4055-b1ac-cba6c5fbb84e@group-B0DE016224A9-SegmentedRaftLogWorker close()
2019-09-30 21:22:58,269 [grpc-default-executor-5] WARN  server.GrpcLogAppender (LogUtils.java:warn(134)) - d7862da6-7204-4dfe-bc24-740f0a8ff707@group-0E8F1F723127->dea903ad-4025-4d6e-95dd-c3cf7ae18738-AppendLogResponseHandler: Failed appendEntries: org.apache.ratis.thirdparty.io.grpc.StatusRuntimeException: UNAVAILABLE: io exception
2019-09-30 21:22:58,269 [grpc-default-executor-4] WARN  server.GrpcLogAppender (LogUtils.java:warn(134)) - d7862da6-7204-4dfe-bc24-740f0a8ff707@group-0E8F1F723127->99573aa8-d5bb-48c2-a623-6999335be6bf-AppendLogResponseHandler: Failed appendEntries: org.apache.ratis.thirdparty.io.grpc.StatusRuntimeException: UNAVAILABLE: io exception
2019-09-30 21:22:58,269 [grpc-default-executor-5] INFO  impl.FollowerInfo (FollowerInfo.java:lambda$new$0(51)) - d7862da6-7204-4dfe-bc24-740f0a8ff707@group-0E8F1F723127->dea903ad-4025-4d6e-95dd-c3cf7ae18738: nextIndex: updateUnconditionally 0 -> 0
2019-09-30 21:22:58,269 [grpc-default-executor-4] INFO  impl.FollowerInfo (FollowerInfo.java:lambda$new$0(51)) - d7862da6-7204-4dfe-bc24-740f0a8ff707@group-0E8F1F723127->99573aa8-d5bb-48c2-a623-6999335be6bf: nextIndex: updateUnconditionally 0 -> 0
2019-09-30 21:22:58,286 [7d885d46-bb12-4055-b1ac-cba6c5fbb84e@group-F237C78BE0C9-StateMachineUpdater] INFO  ratis.ContainerStateMachine (ContainerStateMachine.java:takeSnapshot(300)) - group-F237C78BE0C9: Finished taking a snapshot at:(t:2, i:1) file:/workdir/hadoop-ozone/integration-test/target/test-dir/MiniOzoneClusterImpl-897f703f-c245-4bad-9249-17030f6f4aae/datanode-0/data/ratis/d4fe8de8-4b1a-4290-873f-f237c78be0c9/sm/snapshot.2_1 time:36
2019-09-30 21:22:58,287 [7d885d46-bb12-4055-b1ac-cba6c5fbb84e@group-F237C78BE0C9-StateMachineUpdater] INFO  impl.StateMachineUpdater (StateMachineUpdater.java:takeSnapshot(269)) - 7d885d46-bb12-4055-b1ac-cba6c5fbb84e@group-F237C78BE0C9-StateMachineUpdater: Took a snapshot at index 1
2019-09-30 21:22:58,287 [7d885d46-bb12-4055-b1ac-cba6c5fbb84e@group-F237C78BE0C9-StateMachineUpdater] INFO  impl.StateMachineUpdater (StateMachineUpdater.java:lambda$new$0(84)) - 7d885d46-bb12-4055-b1ac-cba6c5fbb84e@group-F237C78BE0C9-StateMachineUpdater: snapshotIndex: updateIncreasingly -1 -> 1
2019-09-30 21:22:58,287 [7d885d46-bb12-4055-b1ac-cba6c5fbb84e@group-F237C78BE0C9-StateMachineUpdater] INFO  ratis.ContainerStateMachine (ContainerStateMachine.java:takeSnapshot(289)) - group-F237C78BE0C9: Taking a snapshot at:(t:2, i:1) file /workdir/hadoop-ozone/integration-test/target/test-dir/MiniOzoneClusterImpl-897f703f-c245-4bad-9249-17030f6f4aae/datanode-0/data/ratis/d4fe8de8-4b1a-4290-873f-f237c78be0c9/sm/snapshot.2_1
2019-09-30 21:22:58,312 [7d885d46-bb12-4055-b1ac-cba6c5fbb84e@group-F237C78BE0C9-StateMachineUpdater] INFO  ratis.ContainerStateMachine (ContainerStateMachine.java:takeSnapshot(300)) - group-F237C78BE0C9: Finished taking a snapshot at:(t:2, i:1) file:/workdir/hadoop-ozone/integration-test/target/test-dir/MiniOzoneClusterImpl-897f703f-c245-4bad-9249-17030f6f4aae/datanode-0/data/ratis/d4fe8de8-4b1a-4290-873f-f237c78be0c9/sm/snapshot.2_1 time:25
2019-09-30 21:22:58,312 [7d885d46-bb12-4055-b1ac-cba6c5fbb84e@group-F237C78BE0C9-StateMachineUpdater] INFO  impl.StateMachineUpdater (StateMachineUpdater.java:takeSnapshot(269)) - 7d885d46-bb12-4055-b1ac-cba6c5fbb84e@group-F237C78BE0C9-StateMachineUpdater: Took a snapshot at index 1
2019-09-30 21:22:58,312 [7d885d46-bb12-4055-b1ac-cba6c5fbb84e@group-F237C78BE0C9-StateMachineUpdater] INFO  impl.StateMachineUpdater (StateMachineUpdater.java:lambda$new$0(84)) - 7d885d46-bb12-4055-b1ac-cba6c5fbb84e@group-F237C78BE0C9-StateMachineUpdater: snapshotIndex: updateIncreasingly 1 -> 1
2019-09-30 21:22:58,312 [main] INFO  impl.RaftServerImpl (ServerState.java:close(387)) - 7d885d46-bb12-4055-b1ac-cba6c5fbb84e@group-F237C78BE0C9: closes. applyIndex: 2
2019-09-30 21:22:58,313 [7d885d46-bb12-4055-b1ac-cba6c5fbb84e@group-F237C78BE0C9-SegmentedRaftLogWorker] INFO  segmented.SegmentedRaftLogWorker (SegmentedRaftLogWorker.java:run(316)) - 7d885d46-bb12-4055-b1ac-cba6c5fbb84e@group-F237C78BE0C9-SegmentedRaftLogWorker was interrupted, exiting. There are 0 tasks remaining in the queue.
2019-09-30 21:22:58,318 [main] INFO  segmented.SegmentedRaftLogWorker (SegmentedRaftLogWorker.java:close(224)) - 7d885d46-bb12-4055-b1ac-cba6c5fbb84e@group-F237C78BE0C9-SegmentedRaftLogWorker close()
2019-09-30 21:22:58,327 [main] INFO  server.GrpcService (GrpcService.java:closeImpl(164)) - 7d885d46-bb12-4055-b1ac-cba6c5fbb84e: shutdown server with port 41425 now
2019-09-30 21:22:58,328 [grpc-default-executor-5] WARN  server.GrpcServerProtocolService (LogUtils.java:warn(134)) - 7d885d46-bb12-4055-b1ac-cba6c5fbb84e: installSnapshot onError, lastRequest: f663b933-14fc-4499-8cf3-ca7c9e546181->7d885d46-bb12-4055-b1ac-cba6c5fbb84e#5-t2, previous=(t:2, i:2), leaderCommit=2, initializing? false, entries: <empty>: org.apache.ratis.thirdparty.io.grpc.StatusRuntimeException: CANCELLED: cancelled before receiving half close
2019-09-30 21:22:58,328 [main] INFO  server.GrpcService (GrpcService.java:closeImpl(172)) - 7d885d46-bb12-4055-b1ac-cba6c5fbb84e: shutdown server with port 41425 successfully
2019-09-30 21:22:58,329 [grpc-default-executor-4] WARN  server.GrpcLogAppender (LogUtils.java:warn(134)) - f663b933-14fc-4499-8cf3-ca7c9e546181@group-F237C78BE0C9->7d885d46-bb12-4055-b1ac-cba6c5fbb84e-AppendLogResponseHandler: Failed appendEntries: org.apache.ratis.thirdparty.io.grpc.StatusRuntimeException: CANCELLED: HTTP/2 error code: CANCEL
Received Rst Stream
2019-09-30 21:22:58,329 [grpc-default-executor-4] INFO  impl.FollowerInfo (FollowerInfo.java:lambda$new$0(51)) - f663b933-14fc-4499-8cf3-ca7c9e546181@group-F237C78BE0C9->7d885d46-bb12-4055-b1ac-cba6c5fbb84e: nextIndex: updateUnconditionally 3 -> 2
2019-09-30 21:22:58,330 [refreshUsed-/workdir/hadoop-ozone/integration-test/target/test-dir/MiniOzoneClusterImpl-897f703f-c245-4bad-9249-17030f6f4aae/datanode-0/data/containers] WARN  fs.CachingGetSpaceUsed (CachingGetSpaceUsed.java:run(183)) - Thread Interrupted waiting to refresh disk information: sleep interrupted
2019-09-30 21:22:58,344 [main] INFO  utils.BackgroundService (BackgroundService.java:shutdown(148)) - Shutting down service BlockDeletingService
2019-09-30 21:22:58,357 [main] INFO  statemachine.DatanodeStateMachine (DatanodeStateMachine.java:stopDaemon(395)) - Ozone container server stopped.
2019-09-30 21:22:58,358 [main] INFO  handler.ContextHandler (ContextHandler.java:doStop(910)) - Stopped o.e.j.w.WebAppContext@11f23038{/,null,UNAVAILABLE}{/hddsDatanode}
2019-09-30 21:22:58,359 [main] INFO  server.AbstractConnector (AbstractConnector.java:doStop(318)) - Stopped ServerConnector@de77146{HTTP/1.1,[http/1.1]}{0.0.0.0:0}
2019-09-30 21:22:58,359 [main] INFO  handler.ContextHandler (ContextHandler.java:doStop(910)) - Stopped o.e.j.s.ServletContextHandler@640d604{/static,jar:file:/home/user/.m2/repository/org/apache/hadoop/hadoop-hdds-container-service/0.5.0-SNAPSHOT/hadoop-hdds-container-service-0.5.0-SNAPSHOT.jar!/webapps/static,UNAVAILABLE}
2019-09-30 21:22:58,359 [main] INFO  handler.ContextHandler (ContextHandler.java:doStop(910)) - Stopped o.e.j.s.ServletContextHandler@5c3d4f05{/logs,file:///workdir/hadoop-ozone/integration-test/target/log,UNAVAILABLE}
2019-09-30 21:22:58,378 [grpc-default-executor-1] WARN  server.GrpcLogAppender (LogUtils.java:warn(134)) - f663b933-14fc-4499-8cf3-ca7c9e546181@group-F237C78BE0C9->7d885d46-bb12-4055-b1ac-cba6c5fbb84e-AppendLogResponseHandler: Failed appendEntries: org.apache.ratis.thirdparty.io.grpc.StatusRuntimeException: UNAVAILABLE: io exception
2019-09-30 21:22:58,378 [grpc-default-executor-1] INFO  impl.FollowerInfo (FollowerInfo.java:lambda$new$0(51)) - f663b933-14fc-4499-8cf3-ca7c9e546181@group-F237C78BE0C9->7d885d46-bb12-4055-b1ac-cba6c5fbb84e: nextIndex: updateUnconditionally 3 -> 2
2019-09-30 21:22:58,390 [grpc-default-executor-5] WARN  server.GrpcLogAppender (LogUtils.java:warn(134)) - f663b933-14fc-4499-8cf3-ca7c9e546181@group-F237C78BE0C9->7d885d46-bb12-4055-b1ac-cba6c5fbb84e-AppendLogResponseHandler: Failed appendEntries: org.apache.ratis.thirdparty.io.grpc.StatusRuntimeException: UNAVAILABLE: io exception
2019-09-30 21:22:58,391 [grpc-default-executor-5] INFO  impl.FollowerInfo (FollowerInfo.java:lambda$new$0(51)) - f663b933-14fc-4499-8cf3-ca7c9e546181@group-F237C78BE0C9->7d885d46-bb12-4055-b1ac-cba6c5fbb84e: nextIndex: updateUnconditionally 3 -> 2
2019-09-30 21:22:58,415 [grpc-default-executor-1] WARN  server.GrpcLogAppender (LogUtils.java:warn(134)) - f663b933-14fc-4499-8cf3-ca7c9e546181@group-F237C78BE0C9->7d885d46-bb12-4055-b1ac-cba6c5fbb84e-AppendLogResponseHandler: Failed appendEntries: org.apache.ratis.thirdparty.io.grpc.StatusRuntimeException: UNAVAILABLE: io exception
2019-09-30 21:22:58,415 [EventQueue-IncrementalContainerReportForIncrementalContainerReportHandler] WARN  container.IncrementalContainerReportHandler (AbstractContainerReportHandler.java:updateContainerState(143)) - Container #1 is in OPEN state, but the datanode f663b933-14fc-4499-8cf3-ca7c9e546181{ip: 192.168.30.59, host: pr-hdds-2211-2dwkd-795013237, networkLocation: /default-rack, certSerialId: null} reports an CLOSING replica.
2019-09-30 21:22:58,415 [grpc-default-executor-1] INFO  impl.FollowerInfo (FollowerInfo.java:lambda$new$0(51)) - f663b933-14fc-4499-8cf3-ca7c9e546181@group-F237C78BE0C9->7d885d46-bb12-4055-b1ac-cba6c5fbb84e: nextIndex: updateUnconditionally 3 -> 2
2019-09-30 21:22:58,430 [EventQueue-IncrementalContainerReportForIncrementalContainerReportHandler] WARN  container.IncrementalContainerReportHandler (AbstractContainerReportHandler.java:updateContainerState(143)) - Container #1 is in OPEN state, but the datanode cf1267e6-3edb-47f3-9009-3ba32f482c13{ip: 192.168.30.59, host: pr-hdds-2211-2dwkd-795013237, networkLocation: /default-rack, certSerialId: null} reports an CLOSING replica.
2019-09-30 21:22:58,483 [RatisApplyTransactionExecutor 1] INFO  interfaces.Container (KeyValueContainer.java:flushAndSyncDB(386)) - Container 1 is synced with bcsId 0.
2019-09-30 21:22:58,541 [RatisApplyTransactionExecutor 1] INFO  interfaces.Container (KeyValueContainer.java:flushAndSyncDB(386)) - Container 1 is synced with bcsId 0.
2019-09-30 21:22:58,552 [RatisApplyTransactionExecutor 1] INFO  interfaces.Container (KeyValueContainer.java:flushAndSyncDB(386)) - Container 1 is synced with bcsId 0.
2019-09-30 21:22:58,553 [RatisApplyTransactionExecutor 1] INFO  interfaces.Container (KeyValueContainer.java:flushAndSyncDB(386)) - Container 1 is synced with bcsId 0.
2019-09-30 21:22:58,576 [RatisApplyTransactionExecutor 1] INFO  interfaces.Container (KeyValueContainer.java:close(335)) - Container 1 is closed with bcsId 0.
2019-09-30 21:22:58,576 [RatisApplyTransactionExecutor 1] INFO  interfaces.Container (KeyValueContainer.java:close(335)) - Container 1 is closed with bcsId 0.
2019-09-30 21:22:58,577 [EventQueue-IncrementalContainerReportForIncrementalContainerReportHandler] WARN  container.IncrementalContainerReportHandler (AbstractContainerReportHandler.java:updateContainerState(143)) - Container #1 is in OPEN state, but the datanode f663b933-14fc-4499-8cf3-ca7c9e546181{ip: 192.168.30.59, host: pr-hdds-2211-2dwkd-795013237, networkLocation: /default-rack, certSerialId: null} reports an CLOSED replica.
2019-09-30 21:22:58,582 [EventQueue-IncrementalContainerReportForIncrementalContainerReportHandler] WARN  container.IncrementalContainerReportHandler (AbstractContainerReportHandler.java:updateContainerState(143)) - Container #1 is in OPEN state, but the datanode cf1267e6-3edb-47f3-9009-3ba32f482c13{ip: 192.168.30.59, host: pr-hdds-2211-2dwkd-795013237, networkLocation: /default-rack, certSerialId: null} reports an CLOSED replica.
2019-09-30 21:23:00,759 [grpc-default-executor-5] WARN  server.GrpcLogAppender (LogUtils.java:warn(134)) - d7862da6-7204-4dfe-bc24-740f0a8ff707@group-0E8F1F723127->99573aa8-d5bb-48c2-a623-6999335be6bf-AppendLogResponseHandler: Failed appendEntries: org.apache.ratis.thirdparty.io.grpc.StatusRuntimeException: UNAVAILABLE: io exception
2019-09-30 21:23:00,759 [grpc-default-executor-1] WARN  server.GrpcLogAppender (LogUtils.java:warn(134)) - d7862da6-7204-4dfe-bc24-740f0a8ff707@group-0E8F1F723127->dea903ad-4025-4d6e-95dd-c3cf7ae18738-AppendLogResponseHandler: Failed appendEntries: org.apache.ratis.thirdparty.io.grpc.StatusRuntimeException: UNAVAILABLE: io exception
2019-09-30 21:23:00,760 [grpc-default-executor-5] INFO  impl.FollowerInfo (FollowerInfo.java:lambda$new$0(51)) - d7862da6-7204-4dfe-bc24-740f0a8ff707@group-0E8F1F723127->99573aa8-d5bb-48c2-a623-6999335be6bf: nextIndex: updateUnconditionally 0 -> 0
2019-09-30 21:23:00,760 [grpc-default-executor-1] INFO  impl.FollowerInfo (FollowerInfo.java:lambda$new$0(51)) - d7862da6-7204-4dfe-bc24-740f0a8ff707@group-0E8F1F723127->dea903ad-4025-4d6e-95dd-c3cf7ae18738: nextIndex: updateUnconditionally 0 -> 0
2019-09-30 21:23:00,915 [grpc-default-executor-1] WARN  server.GrpcLogAppender (LogUtils.java:warn(134)) - f663b933-14fc-4499-8cf3-ca7c9e546181@group-F237C78BE0C9->7d885d46-bb12-4055-b1ac-cba6c5fbb84e-AppendLogResponseHandler: Failed appendEntries: org.apache.ratis.thirdparty.io.grpc.StatusRuntimeException: UNAVAILABLE: io exception
2019-09-30 21:23:00,916 [grpc-default-executor-1] INFO  impl.FollowerInfo (FollowerInfo.java:lambda$new$0(51)) - f663b933-14fc-4499-8cf3-ca7c9e546181@group-F237C78BE0C9->7d885d46-bb12-4055-b1ac-cba6c5fbb84e: nextIndex: updateUnconditionally 2 -> 1
2019-09-30 21:23:01,590 [main] WARN  scm.XceiverClientRatis (XceiverClientRatis.java:watchForCommit(292)) - 3 way commit failed on pipeline Pipeline[ Id: d4fe8de8-4b1a-4290-873f-f237c78be0c9, Nodes: 7d885d46-bb12-4055-b1ac-cba6c5fbb84e{ip: 192.168.30.59, host: pr-hdds-2211-2dwkd-795013237, networkLocation: /default-rack, certSerialId: null}cf1267e6-3edb-47f3-9009-3ba32f482c13{ip: 192.168.30.59, host: pr-hdds-2211-2dwkd-795013237, networkLocation: /default-rack, certSerialId: null}f663b933-14fc-4499-8cf3-ca7c9e546181{ip: 192.168.30.59, host: pr-hdds-2211-2dwkd-795013237, networkLocation: /default-rack, certSerialId: null}, Type:RATIS, Factor:THREE, State:OPEN]
java.util.concurrent.TimeoutException
	at java.util.concurrent.CompletableFuture.timedGet(CompletableFuture.java:1771)
	at java.util.concurrent.CompletableFuture.get(CompletableFuture.java:1915)
	at org.apache.hadoop.hdds.scm.XceiverClientRatis.watchForCommit(XceiverClientRatis.java:289)
	at org.apache.hadoop.ozone.client.rpc.TestWatchForCommit.test2WayCommitForTimeoutException(TestWatchForCommit.java:391)
	at sun.reflect.NativeMethodAccessorImpl.invoke0(Native Method)
	at sun.reflect.NativeMethodAccessorImpl.invoke(NativeMethodAccessorImpl.java:62)
	at sun.reflect.DelegatingMethodAccessorImpl.invoke(DelegatingMethodAccessorImpl.java:43)
	at java.lang.reflect.Method.invoke(Method.java:498)
	at org.junit.runners.model.FrameworkMethod$1.runReflectiveCall(FrameworkMethod.java:47)
	at org.junit.internal.runners.model.ReflectiveCallable.run(ReflectiveCallable.java:12)
	at org.junit.runners.model.FrameworkMethod.invokeExplosively(FrameworkMethod.java:44)
	at org.junit.internal.runners.statements.InvokeMethod.evaluate(InvokeMethod.java:17)
	at org.junit.runners.ParentRunner.runLeaf(ParentRunner.java:271)
	at org.junit.runners.BlockJUnit4ClassRunner.runChild(BlockJUnit4ClassRunner.java:70)
	at org.junit.runners.BlockJUnit4ClassRunner.runChild(BlockJUnit4ClassRunner.java:50)
	at org.junit.runners.ParentRunner$3.run(ParentRunner.java:238)
	at org.junit.runners.ParentRunner$1.schedule(ParentRunner.java:63)
	at org.junit.runners.ParentRunner.runChildren(ParentRunner.java:236)
	at org.junit.runners.ParentRunner.access$000(ParentRunner.java:53)
	at org.junit.runners.ParentRunner$2.evaluate(ParentRunner.java:229)
	at org.junit.runners.ParentRunner.run(ParentRunner.java:309)
	at org.apache.maven.surefire.junit4.JUnit4Provider.execute(JUnit4Provider.java:365)
	at org.apache.maven.surefire.junit4.JUnit4Provider.executeWithRerun(JUnit4Provider.java:273)
	at org.apache.maven.surefire.junit4.JUnit4Provider.executeTestSet(JUnit4Provider.java:238)
	at org.apache.maven.surefire.junit4.JUnit4Provider.invoke(JUnit4Provider.java:159)
	at org.apache.maven.surefire.booter.ForkedBooter.invokeProviderInSameClassLoader(ForkedBooter.java:384)
	at org.apache.maven.surefire.booter.ForkedBooter.runSuitesInProcess(ForkedBooter.java:345)
	at org.apache.maven.surefire.booter.ForkedBooter.execute(ForkedBooter.java:126)
	at org.apache.maven.surefire.booter.ForkedBooter.main(ForkedBooter.java:418)
2019-09-30 21:23:01,617 [Thread-2511] INFO  client.GrpcClientProtocolService (GrpcClientProtocolService.java:lambda$processClientRequest$0(278)) - Failed RaftClientRequest:client-D99F53F5BBF5->cf1267e6-3edb-47f3-9009-3ba32f482c13@group-F237C78BE0C9, cid=106, seq=0, Watch-MAJORITY_COMMITTED(3), Message:<EMPTY>, reply=RaftClientReply:client-D99F53F5BBF5->cf1267e6-3edb-47f3-9009-3ba32f482c13@group-F237C78BE0C9, cid=106, FAILED org.apache.ratis.protocol.NotLeaderException: Server cf1267e6-3edb-47f3-9009-3ba32f482c13@group-F237C78BE0C9 is not the leader f663b933-14fc-4499-8cf3-ca7c9e546181:192.168.30.59:37121, logIndex=0, commits[cf1267e6-3edb-47f3-9009-3ba32f482c13:c4, 7d885d46-bb12-4055-b1ac-cba6c5fbb84e:c2, f663b933-14fc-4499-8cf3-ca7c9e546181:c4]
2019-09-30 21:23:03,263 [grpc-default-executor-1] WARN  server.GrpcLogAppender (LogUtils.java:warn(134)) - d7862da6-7204-4dfe-bc24-740f0a8ff707@group-0E8F1F723127->99573aa8-d5bb-48c2-a623-6999335be6bf-AppendLogResponseHandler: Failed appendEntries: org.apache.ratis.thirdparty.io.grpc.StatusRuntimeException: UNAVAILABLE: io exception
2019-09-30 21:23:03,263 [grpc-default-executor-5] WARN  server.GrpcLogAppender (LogUtils.java:warn(134)) - d7862da6-7204-4dfe-bc24-740f0a8ff707@group-0E8F1F723127->dea903ad-4025-4d6e-95dd-c3cf7ae18738-AppendLogResponseHandler: Failed appendEntries: org.apache.ratis.thirdparty.io.grpc.StatusRuntimeException: UNAVAILABLE: io exception
2019-09-30 21:23:03,264 [grpc-default-executor-1] INFO  impl.FollowerInfo (FollowerInfo.java:lambda$new$0(51)) - d7862da6-7204-4dfe-bc24-740f0a8ff707@group-0E8F1F723127->99573aa8-d5bb-48c2-a623-6999335be6bf: nextIndex: updateUnconditionally 0 -> 0
2019-09-30 21:23:03,264 [grpc-default-executor-5] INFO  impl.FollowerInfo (FollowerInfo.java:lambda$new$0(51)) - d7862da6-7204-4dfe-bc24-740f0a8ff707@group-0E8F1F723127->dea903ad-4025-4d6e-95dd-c3cf7ae18738: nextIndex: updateUnconditionally 0 -> 0
2019-09-30 21:23:03,425 [grpc-default-executor-0] WARN  server.GrpcLogAppender (LogUtils.java:warn(134)) - f663b933-14fc-4499-8cf3-ca7c9e546181@group-F237C78BE0C9->7d885d46-bb12-4055-b1ac-cba6c5fbb84e-AppendLogResponseHandler: Failed appendEntries: org.apache.ratis.thirdparty.io.grpc.StatusRuntimeException: UNAVAILABLE: io exception
2019-09-30 21:23:03,426 [grpc-default-executor-0] INFO  impl.FollowerInfo (FollowerInfo.java:lambda$new$0(51)) - f663b933-14fc-4499-8cf3-ca7c9e546181@group-F237C78BE0C9->7d885d46-bb12-4055-b1ac-cba6c5fbb84e: nextIndex: updateUnconditionally 1 -> 0
]]></system-out>
    <system-err><![CDATA[Sep 30, 2019 9:22:37 PM org.apache.ratis.thirdparty.io.grpc.internal.ManagedChannelOrphanWrapper$ManagedChannelReference cleanQueue
SEVERE: *~*~*~ Channel ManagedChannelImpl{logId=1392, target=192.168.30.59:33771} was not shutdown properly!!! ~*~*~*
    Make sure to call shutdown()/shutdownNow() and wait until awaitTermination() returns true.
java.lang.RuntimeException: ManagedChannel allocation site
	at org.apache.ratis.thirdparty.io.grpc.internal.ManagedChannelOrphanWrapper$ManagedChannelReference.<init>(ManagedChannelOrphanWrapper.java:103)
	at org.apache.ratis.thirdparty.io.grpc.internal.ManagedChannelOrphanWrapper.<init>(ManagedChannelOrphanWrapper.java:53)
	at org.apache.ratis.thirdparty.io.grpc.internal.ManagedChannelOrphanWrapper.<init>(ManagedChannelOrphanWrapper.java:44)
	at org.apache.ratis.thirdparty.io.grpc.internal.AbstractManagedChannelImplBuilder.build(AbstractManagedChannelImplBuilder.java:411)
	at org.apache.ratis.grpc.client.GrpcClientProtocolClient.<init>(GrpcClientProtocolClient.java:128)
	at org.apache.ratis.grpc.client.GrpcClientRpc.lambda$new$0(GrpcClientRpc.java:55)
	at org.apache.ratis.util.PeerProxyMap$PeerAndProxy.lambda$getProxy$0(PeerProxyMap.java:61)
	at org.apache.ratis.util.LifeCycle.startAndTransition(LifeCycle.java:202)
	at org.apache.ratis.util.PeerProxyMap$PeerAndProxy.getProxy(PeerProxyMap.java:60)
	at org.apache.ratis.util.PeerProxyMap.getProxy(PeerProxyMap.java:108)
	at org.apache.ratis.grpc.client.GrpcClientRpc.sendRequestAsync(GrpcClientRpc.java:66)
	at org.apache.ratis.client.impl.OrderedAsync.sendRequest(OrderedAsync.java:208)
	at org.apache.ratis.client.impl.OrderedAsync.sendRequestWithRetry(OrderedAsync.java:169)
	at org.apache.ratis.util.SlidingWindow$Client.sendOrDelayRequest(SlidingWindow.java:278)
	at org.apache.ratis.util.SlidingWindow$Client.retry(SlidingWindow.java:294)
	at org.apache.ratis.client.impl.OrderedAsync.lambda$scheduleWithTimeout$7(OrderedAsync.java:195)
	at org.apache.ratis.util.TimeoutScheduler.lambda$onTimeout$0(TimeoutScheduler.java:113)
	at org.apache.ratis.util.TimeoutScheduler.lambda$onTimeout$1(TimeoutScheduler.java:133)
	at org.apache.ratis.util.LogUtils.runAndLog(LogUtils.java:50)
	at org.apache.ratis.util.LogUtils$1.run(LogUtils.java:91)
	at java.util.concurrent.Executors$RunnableAdapter.call(Executors.java:511)
	at java.util.concurrent.FutureTask.run(FutureTask.java:266)
	at java.util.concurrent.ScheduledThreadPoolExecutor$ScheduledFutureTask.access$201(ScheduledThreadPoolExecutor.java:180)
	at java.util.concurrent.ScheduledThreadPoolExecutor$ScheduledFutureTask.run(ScheduledThreadPoolExecutor.java:293)
	at java.util.concurrent.ThreadPoolExecutor.runWorker(ThreadPoolExecutor.java:1149)
	at java.util.concurrent.ThreadPoolExecutor$Worker.run(ThreadPoolExecutor.java:624)
	at java.lang.Thread.run(Thread.java:748)

Sep 30, 2019 9:22:37 PM org.apache.ratis.thirdparty.io.grpc.internal.ManagedChannelOrphanWrapper$ManagedChannelReference cleanQueue
SEVERE: *~*~*~ Channel ManagedChannelImpl{logId=807, target=192.168.30.59:42048} was not shutdown properly!!! ~*~*~*
    Make sure to call shutdown()/shutdownNow() and wait until awaitTermination() returns true.
java.lang.RuntimeException: ManagedChannel allocation site
	at org.apache.ratis.thirdparty.io.grpc.internal.ManagedChannelOrphanWrapper$ManagedChannelReference.<init>(ManagedChannelOrphanWrapper.java:103)
	at org.apache.ratis.thirdparty.io.grpc.internal.ManagedChannelOrphanWrapper.<init>(ManagedChannelOrphanWrapper.java:53)
	at org.apache.ratis.thirdparty.io.grpc.internal.ManagedChannelOrphanWrapper.<init>(ManagedChannelOrphanWrapper.java:44)
	at org.apache.ratis.thirdparty.io.grpc.internal.AbstractManagedChannelImplBuilder.build(AbstractManagedChannelImplBuilder.java:411)
	at org.apache.ratis.grpc.client.GrpcClientProtocolClient.<init>(GrpcClientProtocolClient.java:128)
	at org.apache.ratis.grpc.client.GrpcClientRpc.lambda$new$0(GrpcClientRpc.java:55)
	at org.apache.ratis.util.PeerProxyMap$PeerAndProxy.lambda$getProxy$0(PeerProxyMap.java:61)
	at org.apache.ratis.util.LifeCycle.startAndTransition(LifeCycle.java:202)
	at org.apache.ratis.util.PeerProxyMap$PeerAndProxy.getProxy(PeerProxyMap.java:60)
	at org.apache.ratis.util.PeerProxyMap.getProxy(PeerProxyMap.java:108)
	at org.apache.ratis.grpc.client.GrpcClientRpc.sendRequestAsyncUnordered(GrpcClientRpc.java:78)
	at org.apache.ratis.client.impl.UnorderedAsync.sendRequestWithRetry(UnorderedAsync.java:75)
	at org.apache.ratis.client.impl.UnorderedAsync.lambda$null$2(UnorderedAsync.java:120)
	at org.apache.ratis.util.TimeoutScheduler.lambda$onTimeout$0(TimeoutScheduler.java:113)
	at org.apache.ratis.util.TimeoutScheduler.lambda$onTimeout$1(TimeoutScheduler.java:133)
	at org.apache.ratis.util.LogUtils.runAndLog(LogUtils.java:50)
	at org.apache.ratis.util.LogUtils$1.run(LogUtils.java:91)
	at java.util.concurrent.Executors$RunnableAdapter.call(Executors.java:511)
	at java.util.concurrent.FutureTask.run(FutureTask.java:266)
	at java.util.concurrent.ScheduledThreadPoolExecutor$ScheduledFutureTask.access$201(ScheduledThreadPoolExecutor.java:180)
	at java.util.concurrent.ScheduledThreadPoolExecutor$ScheduledFutureTask.run(ScheduledThreadPoolExecutor.java:293)
	at java.util.concurrent.ThreadPoolExecutor.runWorker(ThreadPoolExecutor.java:1149)
	at java.util.concurrent.ThreadPoolExecutor$Worker.run(ThreadPoolExecutor.java:624)
	at java.lang.Thread.run(Thread.java:748)

Sep 30, 2019 9:22:58 PM org.apache.ratis.thirdparty.io.grpc.internal.SerializingExecutor run
SEVERE: Exception while executing runnable org.apache.ratis.thirdparty.io.grpc.internal.ServerImpl$JumpToApplicationThreadServerStreamListener$1Closed@1060810b
org.apache.ratis.thirdparty.io.grpc.StatusRuntimeException: CANCELLED: call already cancelled
	at org.apache.ratis.thirdparty.io.grpc.Status.asRuntimeException(Status.java:517)
	at org.apache.ratis.thirdparty.io.grpc.stub.ServerCalls$ServerCallStreamObserverImpl.onCompleted(ServerCalls.java:356)
	at org.apache.ratis.grpc.server.GrpcServerProtocolService$ServerRequestStreamObserver.onError(GrpcServerProtocolService.java:121)
	at org.apache.ratis.thirdparty.io.grpc.stub.ServerCalls$StreamingServerCallHandler$StreamingServerCallListener.onCancel(ServerCalls.java:269)
	at org.apache.ratis.thirdparty.io.grpc.internal.ServerCallImpl$ServerStreamListenerImpl.closed(ServerCallImpl.java:293)
	at org.apache.ratis.thirdparty.io.grpc.internal.ServerImpl$JumpToApplicationThreadServerStreamListener$1Closed.runInContext(ServerImpl.java:741)
	at org.apache.ratis.thirdparty.io.grpc.internal.ContextRunnable.run(ContextRunnable.java:37)
	at org.apache.ratis.thirdparty.io.grpc.internal.SerializingExecutor.run(SerializingExecutor.java:123)
	at java.util.concurrent.ThreadPoolExecutor.runWorker(ThreadPoolExecutor.java:1149)
	at java.util.concurrent.ThreadPoolExecutor$Worker.run(ThreadPoolExecutor.java:624)
	at java.lang.Thread.run(Thread.java:748)

]]></system-err>
  </testcase>
</testsuite>