<?xml version="1.0" encoding="UTF-8"?>
<testsuite xmlns:xsi="http://www.w3.org/2001/XMLSchema-instance" xsi:noNamespaceSchemaLocation="https://maven.apache.org/surefire/maven-surefire-plugin/xsd/surefire-test-report.xsd" name="org.apache.hadoop.ozone.client.rpc.TestOzoneClientRetriesOnException" time="170.511" tests="2" errors="1" skipped="0" failures="0">
  <properties>
    <property name="awt.toolkit" value="sun.awt.X11.XToolkit"/>
    <property name="file.encoding.pkg" value="sun.io"/>
    <property name="java.specification.version" value="1.8"/>
    <property name="sun.cpu.isalist" value=""/>
    <property name="sun.jnu.encoding" value="UTF-8"/>
    <property name="java.class.path" value="/workdir/hadoop-ozone/integration-test/target/test-classes:/workdir/hadoop-ozone/integration-test/target/classes:/home/user/.m2/repository/org/apache/hadoop/hadoop-ozone-common/0.5.0-SNAPSHOT/hadoop-ozone-common-0.5.0-SNAPSHOT.jar:/home/user/.m2/repository/org/apache/commons/commons-compress/1.4.1/commons-compress-1.4.1.jar:/home/user/.m2/repository/org/tukaani/xz/1.0/xz-1.0.jar:/home/user/.m2/repository/org/apache/hadoop/hadoop-common/3.2.0/hadoop-common-3.2.0.jar:/home/user/.m2/repository/org/apache/hadoop/hadoop-hdfs/3.2.0/hadoop-hdfs-3.2.0.jar:/home/user/.m2/repository/org/apache/hadoop/hadoop-hdfs-client/3.2.0/hadoop-hdfs-client-3.2.0.jar:/home/user/.m2/repository/com/fasterxml/jackson/core/jackson-annotations/2.9.9/jackson-annotations-2.9.9.jar:/home/user/.m2/repository/org/apache/hadoop/hadoop-hdds-common/0.5.0-SNAPSHOT/hadoop-hdds-common-0.5.0-SNAPSHOT.jar:/home/user/.m2/repository/javax/annotation/javax.annotation-api/1.2/javax.annotation-api-1.2.jar:/home/user/.m2/repository/org/apache/ratis/ratis-server/0.5.0-201fc85-SNAPSHOT/ratis-server-0.5.0-201fc85-SNAPSHOT.jar:/home/user/.m2/repository/org/apache/ratis/ratis-thirdparty-misc/0.2.0/ratis-thirdparty-misc-0.2.0.jar:/home/user/.m2/repository/org/apache/ratis/ratis-proto/0.5.0-201fc85-SNAPSHOT/ratis-proto-0.5.0-201fc85-SNAPSHOT.jar:/home/user/.m2/repository/org/apache/ratis/ratis-common/0.5.0-201fc85-SNAPSHOT/ratis-common-0.5.0-201fc85-SNAPSHOT.jar:/home/user/.m2/repository/org/apache/ratis/ratis-client/0.5.0-201fc85-SNAPSHOT/ratis-client-0.5.0-201fc85-SNAPSHOT.jar:/home/user/.m2/repository/org/apache/ratis/ratis-metrics/0.5.0-201fc85-SNAPSHOT/ratis-metrics-0.5.0-201fc85-SNAPSHOT.jar:/home/user/.m2/repository/com/github/joshelser/dropwizard-metrics-hadoop-metrics2-reporter/0.1.2/dropwizard-metrics-hadoop-metrics2-reporter-0.1.2.jar:/home/user/.m2/repository/io/dropwizard/metrics/metrics-jvm/3.2.5/metrics-jvm-3.2.5.jar:/home/user/.m2/repository/io/dropwizard/metrics/metrics-ganglia/3.2.5/metrics-ganglia-3.2.5.jar:/home/user/.m2/repository/info/ganglia/gmetric4j/gmetric4j/1.0.7/gmetric4j-1.0.7.jar:/home/user/.m2/repository/org/apache/ratis/ratis-netty/0.5.0-201fc85-SNAPSHOT/ratis-netty-0.5.0-201fc85-SNAPSHOT.jar:/home/user/.m2/repository/org/apache/ratis/ratis-grpc/0.5.0-201fc85-SNAPSHOT/ratis-grpc-0.5.0-201fc85-SNAPSHOT.jar:/home/user/.m2/repository/org/rocksdb/rocksdbjni/6.0.1/rocksdbjni-6.0.1.jar:/home/user/.m2/repository/org/apache/logging/log4j/log4j-api/2.11.0/log4j-api-2.11.0.jar:/home/user/.m2/repository/org/apache/logging/log4j/log4j-core/2.11.0/log4j-core-2.11.0.jar:/home/user/.m2/repository/com/lmax/disruptor/3.4.2/disruptor-3.4.2.jar:/home/user/.m2/repository/org/apache/commons/commons-pool2/2.6.0/commons-pool2-2.6.0.jar:/home/user/.m2/repository/org/bouncycastle/bcpkix-jdk15on/1.60/bcpkix-jdk15on-1.60.jar:/home/user/.m2/repository/commons-validator/commons-validator/1.6/commons-validator-1.6.jar:/home/user/.m2/repository/commons-digester/commons-digester/1.8.1/commons-digester-1.8.1.jar:/home/user/.m2/repository/io/jaegertracing/jaeger-client/0.34.0/jaeger-client-0.34.0.jar:/home/user/.m2/repository/io/jaegertracing/jaeger-thrift/0.34.0/jaeger-thrift-0.34.0.jar:/home/user/.m2/repository/org/apache/thrift/libthrift/0.12.0/libthrift-0.12.0.jar:/home/user/.m2/repository/com/squareup/okhttp3/okhttp/3.9.0/okhttp-3.9.0.jar:/home/user/.m2/repository/com/squareup/okio/okio/1.13.0/okio-1.13.0.jar:/home/user/.m2/repository/io/jaegertracing/jaeger-core/0.34.0/jaeger-core-0.34.0.jar:/home/user/.m2/repository/io/jaegertracing/jaeger-tracerresolver/0.34.0/jaeger-tracerresolver-0.34.0.jar:/home/user/.m2/repository/io/opentracing/contrib/opentracing-tracerresolver/0.1.5/opentracing-tracerresolver-0.1.5.jar:/home/user/.m2/repository/io/opentracing/opentracing-util/0.31.0/opentracing-util-0.31.0.jar:/home/user/.m2/repository/io/opentracing/opentracing-api/0.31.0/opentracing-api-0.31.0.jar:/home/user/.m2/repository/io/opentracing/opentracing-noop/0.31.0/opentracing-noop-0.31.0.jar:/home/user/.m2/repository/org/apache/hadoop/hadoop-hdds-server-framework/0.5.0-SNAPSHOT/hadoop-hdds-server-framework-0.5.0-SNAPSHOT.jar:/home/user/.m2/repository/org/apache/hadoop/hadoop-hdds-container-service/0.5.0-SNAPSHOT/hadoop-hdds-container-service-0.5.0-SNAPSHOT.jar:/home/user/.m2/repository/org/apache/hadoop/hadoop-hdds-client/0.5.0-SNAPSHOT/hadoop-hdds-client-0.5.0-SNAPSHOT.jar:/home/user/.m2/repository/org/apache/hadoop/hadoop-hdds-tools/0.5.0-SNAPSHOT/hadoop-hdds-tools-0.5.0-SNAPSHOT.jar:/home/user/.m2/repository/org/apache/hadoop/hadoop-hdds-server-scm/0.5.0-SNAPSHOT/hadoop-hdds-server-scm-0.5.0-SNAPSHOT.jar:/home/user/.m2/repository/org/apache/hadoop/hadoop-hdds-docs/0.5.0-SNAPSHOT/hadoop-hdds-docs-0.5.0-SNAPSHOT.jar:/home/user/.m2/repository/io/dropwizard/metrics/metrics-core/3.2.4/metrics-core-3.2.4.jar:/home/user/.m2/repository/org/hamcrest/hamcrest-all/1.3/hamcrest-all-1.3.jar:/home/user/.m2/repository/org/bouncycastle/bcprov-jdk15on/1.60/bcprov-jdk15on-1.60.jar:/home/user/.m2/repository/info/picocli/picocli/3.9.6/picocli-3.9.6.jar:/home/user/.m2/repository/com/google/protobuf/protobuf-java/2.5.0/protobuf-java-2.5.0.jar:/home/user/.m2/repository/com/google/guava/guava/11.0.2/guava-11.0.2.jar:/home/user/.m2/repository/org/apache/hadoop/hadoop-ozone-ozone-manager/0.5.0-SNAPSHOT/hadoop-ozone-ozone-manager-0.5.0-SNAPSHOT.jar:/home/user/.m2/repository/org/apache/hadoop/hadoop-minikdc/3.2.0/hadoop-minikdc-3.2.0.jar:/home/user/.m2/repository/commons-io/commons-io/2.5/commons-io-2.5.jar:/home/user/.m2/repository/org/apache/kerby/kerb-simplekdc/1.0.1/kerb-simplekdc-1.0.1.jar:/home/user/.m2/repository/org/apache/kerby/kerb-client/1.0.1/kerb-client-1.0.1.jar:/home/user/.m2/repository/org/apache/kerby/kerby-config/1.0.1/kerby-config-1.0.1.jar:/home/user/.m2/repository/org/apache/kerby/kerb-core/1.0.1/kerb-core-1.0.1.jar:/home/user/.m2/repository/org/apache/kerby/kerby-pkix/1.0.1/kerby-pkix-1.0.1.jar:/home/user/.m2/repository/org/apache/kerby/kerby-asn1/1.0.1/kerby-asn1-1.0.1.jar:/home/user/.m2/repository/org/apache/kerby/kerby-util/1.0.1/kerby-util-1.0.1.jar:/home/user/.m2/repository/org/apache/kerby/kerb-common/1.0.1/kerb-common-1.0.1.jar:/home/user/.m2/repository/org/apache/kerby/kerb-crypto/1.0.1/kerb-crypto-1.0.1.jar:/home/user/.m2/repository/org/apache/kerby/kerb-util/1.0.1/kerb-util-1.0.1.jar:/home/user/.m2/repository/org/apache/kerby/token-provider/1.0.1/token-provider-1.0.1.jar:/home/user/.m2/repository/org/apache/kerby/kerb-admin/1.0.1/kerb-admin-1.0.1.jar:/home/user/.m2/repository/org/apache/kerby/kerb-server/1.0.1/kerb-server-1.0.1.jar:/home/user/.m2/repository/org/apache/kerby/kerb-identity/1.0.1/kerb-identity-1.0.1.jar:/home/user/.m2/repository/org/apache/kerby/kerby-xdr/1.0.1/kerby-xdr-1.0.1.jar:/home/user/.m2/repository/org/slf4j/slf4j-log4j12/1.7.25/slf4j-log4j12-1.7.25.jar:/home/user/.m2/repository/org/apache/hadoop/hadoop-ozone-s3gateway/0.5.0-SNAPSHOT/hadoop-ozone-s3gateway-0.5.0-SNAPSHOT.jar:/home/user/.m2/repository/org/jboss/weld/servlet/weld-servlet/2.4.7.Final/weld-servlet-2.4.7.Final.jar:/home/user/.m2/repository/org/glassfish/jersey/containers/jersey-container-servlet-core/2.27/jersey-container-servlet-core-2.27.jar:/home/user/.m2/repository/org/glassfish/hk2/external/javax.inject/2.5.0-b42/javax.inject-2.5.0-b42.jar:/home/user/.m2/repository/org/glassfish/jersey/core/jersey-common/2.27/jersey-common-2.27.jar:/home/user/.m2/repository/org/glassfish/hk2/osgi-resource-locator/1.0.1/osgi-resource-locator-1.0.1.jar:/home/user/.m2/repository/javax/ws/rs/javax.ws.rs-api/2.1/javax.ws.rs-api-2.1.jar:/home/user/.m2/repository/org/glassfish/jersey/ext/cdi/jersey-cdi1x/2.27/jersey-cdi1x-2.27.jar:/home/user/.m2/repository/org/glassfish/jersey/inject/jersey-hk2/2.27/jersey-hk2-2.27.jar:/home/user/.m2/repository/org/glassfish/hk2/hk2-locator/2.5.0-b42/hk2-locator-2.5.0-b42.jar:/home/user/.m2/repository/org/javassist/javassist/3.22.0-CR2/javassist-3.22.0-CR2.jar:/home/user/.m2/repository/org/glassfish/hk2/hk2-api/2.5.0/hk2-api-2.5.0.jar:/home/user/.m2/repository/org/glassfish/hk2/external/jakarta.inject/2.5.0/jakarta.inject-2.5.0.jar:/home/user/.m2/repository/org/glassfish/hk2/hk2-utils/2.5.0/hk2-utils-2.5.0.jar:/home/user/.m2/repository/jakarta/annotation/jakarta.annotation-api/1.3.4/jakarta.annotation-api-1.3.4.jar:/home/user/.m2/repository/org/glassfish/hk2/external/aopalliance-repackaged/2.5.0/aopalliance-repackaged-2.5.0.jar:/home/user/.m2/repository/com/fasterxml/jackson/dataformat/jackson-dataformat-xml/2.9.0/jackson-dataformat-xml-2.9.0.jar:/home/user/.m2/repository/com/fasterxml/jackson/core/jackson-core/2.9.9/jackson-core-2.9.9.jar:/home/user/.m2/repository/com/fasterxml/jackson/module/jackson-module-jaxb-annotations/2.9.9/jackson-module-jaxb-annotations-2.9.9.jar:/home/user/.m2/repository/javax/enterprise/cdi-api/1.2/cdi-api-1.2.jar:/home/user/.m2/repository/javax/el/javax.el-api/3.0.0/javax.el-api-3.0.0.jar:/home/user/.m2/repository/javax/interceptor/javax.interceptor-api/1.2/javax.interceptor-api-1.2.jar:/home/user/.m2/repository/javax/inject/javax.inject/1/javax.inject-1.jar:/home/user/.m2/repository/com/sun/xml/bind/jaxb-impl/2.3.0.1/jaxb-impl-2.3.0.1.jar:/home/user/.m2/repository/com/sun/xml/bind/jaxb-core/2.3.0.1/jaxb-core-2.3.0.1.jar:/home/user/.m2/repository/javax/xml/bind/jaxb-api/2.3.0/jaxb-api-2.3.0.jar:/home/user/.m2/repository/javax/activation/activation/1.1.1/activation-1.1.1.jar:/home/user/.m2/repository/org/apache/hadoop/hadoop-ozone-csi/0.5.0-SNAPSHOT/hadoop-ozone-csi-0.5.0-SNAPSHOT.jar:/home/user/.m2/repository/com/google/protobuf/protobuf-java-util/3.5.1/protobuf-java-util-3.5.1.jar:/home/user/.m2/repository/org/apache/hadoop/hadoop-hdds-config/0.5.0-SNAPSHOT/hadoop-hdds-config-0.5.0-SNAPSHOT.jar:/home/user/.m2/repository/io/grpc/grpc-netty/1.17.1/grpc-netty-1.17.1.jar:/home/user/.m2/repository/io/grpc/grpc-core/1.17.1/grpc-core-1.17.1.jar:/home/user/.m2/repository/io/grpc/grpc-context/1.17.1/grpc-context-1.17.1.jar:/home/user/.m2/repository/com/google/errorprone/error_prone_annotations/2.2.0/error_prone_annotations-2.2.0.jar:/home/user/.m2/repository/org/codehaus/mojo/animal-sniffer-annotations/1.17/animal-sniffer-annotations-1.17.jar:/home/user/.m2/repository/io/opencensus/opencensus-api/0.17.0/opencensus-api-0.17.0.jar:/home/user/.m2/repository/io/opencensus/opencensus-contrib-grpc-metrics/0.17.0/opencensus-contrib-grpc-metrics-0.17.0.jar:/home/user/.m2/repository/io/netty/netty-codec-http2/4.1.30.Final/netty-codec-http2-4.1.30.Final.jar:/home/user/.m2/repository/io/netty/netty-codec-http/4.1.30.Final/netty-codec-http-4.1.30.Final.jar:/home/user/.m2/repository/io/netty/netty-codec/4.1.30.Final/netty-codec-4.1.30.Final.jar:/home/user/.m2/repository/io/netty/netty-handler/4.1.30.Final/netty-handler-4.1.30.Final.jar:/home/user/.m2/repository/io/netty/netty-handler-proxy/4.1.30.Final/netty-handler-proxy-4.1.30.Final.jar:/home/user/.m2/repository/io/netty/netty-codec-socks/4.1.30.Final/netty-codec-socks-4.1.30.Final.jar:/home/user/.m2/repository/io/netty/netty-transport-native-epoll/4.1.30.Final/netty-transport-native-epoll-4.1.30.Final.jar:/home/user/.m2/repository/io/netty/netty-common/4.1.30.Final/netty-common-4.1.30.Final.jar:/home/user/.m2/repository/io/netty/netty-buffer/4.1.30.Final/netty-buffer-4.1.30.Final.jar:/home/user/.m2/repository/io/netty/netty-transport/4.1.30.Final/netty-transport-4.1.30.Final.jar:/home/user/.m2/repository/io/netty/netty-resolver/4.1.30.Final/netty-resolver-4.1.30.Final.jar:/home/user/.m2/repository/io/netty/netty-transport-native-unix-common/4.1.30.Final/netty-transport-native-unix-common-4.1.30.Final.jar:/home/user/.m2/repository/io/grpc/grpc-protobuf/1.17.1/grpc-protobuf-1.17.1.jar:/home/user/.m2/repository/com/google/api/grpc/proto-google-common-protos/1.0.0/proto-google-common-protos-1.0.0.jar:/home/user/.m2/repository/io/grpc/grpc-protobuf-lite/1.17.1/grpc-protobuf-lite-1.17.1.jar:/home/user/.m2/repository/io/grpc/grpc-stub/1.17.1/grpc-stub-1.17.1.jar:/home/user/.m2/repository/org/apache/hadoop/hadoop-ozone-recon/0.5.0-SNAPSHOT/hadoop-ozone-recon-0.5.0-SNAPSHOT.jar:/home/user/.m2/repository/org/apache/hadoop/hadoop-ozone-reconcodegen/0.5.0-SNAPSHOT/hadoop-ozone-reconcodegen-0.5.0-SNAPSHOT.jar:/home/user/.m2/repository/com/google/inject/extensions/guice-multibindings/4.0/guice-multibindings-4.0.jar:/home/user/.m2/repository/com/google/inject/guice/4.0/guice-4.0.jar:/home/user/.m2/repository/aopalliance/aopalliance/1.0/aopalliance-1.0.jar:/home/user/.m2/repository/com/google/inject/extensions/guice-servlet/4.0/guice-servlet-4.0.jar:/home/user/.m2/repository/org/glassfish/jersey/containers/jersey-container-servlet/2.27/jersey-container-servlet-2.27.jar:/home/user/.m2/repository/org/glassfish/hk2/guice-bridge/2.5.0/guice-bridge-2.5.0.jar:/home/user/.m2/repository/org/glassfish/jersey/core/jersey-server/2.27/jersey-server-2.27.jar:/home/user/.m2/repository/org/glassfish/jersey/core/jersey-client/2.27/jersey-client-2.27.jar:/home/user/.m2/repository/org/glassfish/jersey/media/jersey-media-jaxb/2.27/jersey-media-jaxb-2.27.jar:/home/user/.m2/repository/javax/validation/validation-api/1.1.0.Final/validation-api-1.1.0.Final.jar:/home/user/.m2/repository/org/glassfish/jersey/media/jersey-media-json-jackson/2.27/jersey-media-json-jackson-2.27.jar:/home/user/.m2/repository/org/glassfish/jersey/ext/jersey-entity-filtering/2.27/jersey-entity-filtering-2.27.jar:/home/user/.m2/repository/com/google/inject/extensions/guice-assistedinject/4.0/guice-assistedinject-4.0.jar:/home/user/.m2/repository/org/jooq/jooq/3.11.10/jooq-3.11.10.jar:/home/user/.m2/repository/org/jooq/jooq-meta/3.11.10/jooq-meta-3.11.10.jar:/home/user/.m2/repository/org/jooq/jooq-codegen/3.11.10/jooq-codegen-3.11.10.jar:/home/user/.m2/repository/com/jolbox/bonecp/0.8.0.RELEASE/bonecp-0.8.0.RELEASE.jar:/home/user/.m2/repository/org/xerial/sqlite-jdbc/3.25.2/sqlite-jdbc-3.25.2.jar:/home/user/.m2/repository/org/springframework/spring-jdbc/5.1.3.RELEASE/spring-jdbc-5.1.3.RELEASE.jar:/home/user/.m2/repository/org/springframework/spring-beans/5.1.3.RELEASE/spring-beans-5.1.3.RELEASE.jar:/home/user/.m2/repository/org/springframework/spring-core/5.1.3.RELEASE/spring-core-5.1.3.RELEASE.jar:/home/user/.m2/repository/org/springframework/spring-jcl/5.1.3.RELEASE/spring-jcl-5.1.3.RELEASE.jar:/home/user/.m2/repository/org/springframework/spring-tx/5.1.3.RELEASE/spring-tx-5.1.3.RELEASE.jar:/home/user/.m2/repository/org/apache/hadoop/hadoop-ozone-client/0.5.0-SNAPSHOT/hadoop-ozone-client-0.5.0-SNAPSHOT.jar:/home/user/.m2/repository/commons-lang/commons-lang/2.6/commons-lang-2.6.jar:/home/user/.m2/repository/org/apache/hadoop/hadoop-ozone-ozone-manager/0.5.0-SNAPSHOT/hadoop-ozone-ozone-manager-0.5.0-SNAPSHOT-tests.jar:/home/user/.m2/repository/junit/junit/4.11/junit-4.11.jar:/home/user/.m2/repository/org/hamcrest/hamcrest-core/1.3/hamcrest-core-1.3.jar:/home/user/.m2/repository/org/openjdk/jmh/jmh-core/1.19/jmh-core-1.19.jar:/home/user/.m2/repository/net/sf/jopt-simple/jopt-simple/4.6/jopt-simple-4.6.jar:/home/user/.m2/repository/org/apache/commons/commons-math3/3.1.1/commons-math3-3.1.1.jar:/home/user/.m2/repository/org/openjdk/jmh/jmh-generator-annprocess/1.19/jmh-generator-annprocess-1.19.jar:/home/user/.m2/repository/org/mockito/mockito-all/1.8.5/mockito-all-1.8.5.jar:/home/user/.m2/repository/org/apache/hadoop/hadoop-kms/3.2.0/hadoop-kms-3.2.0.jar:/home/user/.m2/repository/org/apache/hadoop/hadoop-auth/3.2.0/hadoop-auth-3.2.0.jar:/home/user/.m2/repository/com/nimbusds/nimbus-jose-jwt/4.41.1/nimbus-jose-jwt-4.41.1.jar:/home/user/.m2/repository/com/github/stephenc/jcip/jcip-annotations/1.0-1/jcip-annotations-1.0-1.jar:/home/user/.m2/repository/net/minidev/json-smart/2.3/json-smart-2.3.jar:/home/user/.m2/repository/net/minidev/accessors-smart/1.2/accessors-smart-1.2.jar:/home/user/.m2/repository/org/ow2/asm/asm/5.0.4/asm-5.0.4.jar:/home/user/.m2/repository/org/apache/curator/curator-framework/2.12.0/curator-framework-2.12.0.jar:/home/user/.m2/repository/com/sun/jersey/jersey-core/1.19/jersey-core-1.19.jar:/home/user/.m2/repository/javax/ws/rs/jsr311-api/1.1.1/jsr311-api-1.1.1.jar:/home/user/.m2/repository/com/sun/jersey/jersey-server/1.19/jersey-server-1.19.jar:/home/user/.m2/repository/javax/servlet/javax.servlet-api/3.1.0/javax.servlet-api-3.1.0.jar:/home/user/.m2/repository/org/eclipse/jetty/jetty-server/9.3.25.v20180904/jetty-server-9.3.25.v20180904.jar:/home/user/.m2/repository/org/eclipse/jetty/jetty-http/9.3.25.v20180904/jetty-http-9.3.25.v20180904.jar:/home/user/.m2/repository/org/eclipse/jetty/jetty-io/9.3.25.v20180904/jetty-io-9.3.25.v20180904.jar:/home/user/.m2/repository/org/eclipse/jetty/jetty-webapp/9.3.25.v20180904/jetty-webapp-9.3.25.v20180904.jar:/home/user/.m2/repository/org/eclipse/jetty/jetty-xml/9.3.25.v20180904/jetty-xml-9.3.25.v20180904.jar:/home/user/.m2/repository/log4j/log4j/1.2.17/log4j-1.2.17.jar:/home/user/.m2/repository/org/slf4j/slf4j-api/1.7.25/slf4j-api-1.7.25.jar:/home/user/.m2/repository/org/slf4j/jul-to-slf4j/1.7.25/jul-to-slf4j-1.7.25.jar:/home/user/.m2/repository/org/eclipse/jetty/jetty-util/9.3.25.v20180904/jetty-util-9.3.25.v20180904.jar:/home/user/.m2/repository/com/fasterxml/jackson/core/jackson-databind/2.9.9/jackson-databind-2.9.9.jar:/home/user/.m2/repository/org/apache/hadoop/hadoop-kms/3.2.0/hadoop-kms-3.2.0-tests.jar:/home/user/.m2/repository/org/apache/hadoop/hadoop-hdds-server-scm/0.5.0-SNAPSHOT/hadoop-hdds-server-scm-0.5.0-SNAPSHOT-tests.jar:/home/user/.m2/repository/org/apache/hadoop/hadoop-hdds-container-service/0.5.0-SNAPSHOT/hadoop-hdds-container-service-0.5.0-SNAPSHOT-tests.jar:/home/user/.m2/repository/org/yaml/snakeyaml/1.16/snakeyaml-1.16.jar:/home/user/.m2/repository/org/apache/hadoop/hadoop-common/3.2.0/hadoop-common-3.2.0-tests.jar:/home/user/.m2/repository/org/apache/hadoop/hadoop-annotations/3.2.0/hadoop-annotations-3.2.0.jar:/usr/lib/jvm/java-1.8-openjdk/jre/../lib/tools.jar:/home/user/.m2/repository/commons-cli/commons-cli/1.2/commons-cli-1.2.jar:/home/user/.m2/repository/org/apache/httpcomponents/httpclient/4.5.2/httpclient-4.5.2.jar:/home/user/.m2/repository/org/apache/httpcomponents/httpcore/4.4.4/httpcore-4.4.4.jar:/home/user/.m2/repository/commons-codec/commons-codec/1.11/commons-codec-1.11.jar:/home/user/.m2/repository/commons-net/commons-net/3.6/commons-net-3.6.jar:/home/user/.m2/repository/commons-collections/commons-collections/3.2.2/commons-collections-3.2.2.jar:/home/user/.m2/repository/org/eclipse/jetty/jetty-servlet/9.3.25.v20180904/jetty-servlet-9.3.25.v20180904.jar:/home/user/.m2/repository/org/eclipse/jetty/jetty-security/9.3.25.v20180904/jetty-security-9.3.25.v20180904.jar:/home/user/.m2/repository/javax/servlet/jsp/jsp-api/2.1/jsp-api-2.1.jar:/home/user/.m2/repository/com/sun/jersey/jersey-servlet/1.19/jersey-servlet-1.19.jar:/home/user/.m2/repository/com/sun/jersey/jersey-json/1.19/jersey-json-1.19.jar:/home/user/.m2/repository/org/codehaus/jettison/jettison/1.1/jettison-1.1.jar:/home/user/.m2/repository/org/codehaus/jackson/jackson-core-asl/1.9.13/jackson-core-asl-1.9.13.jar:/home/user/.m2/repository/org/codehaus/jackson/jackson-mapper-asl/1.9.13/jackson-mapper-asl-1.9.13.jar:/home/user/.m2/repository/org/codehaus/jackson/jackson-jaxrs/1.9.13/jackson-jaxrs-1.9.13.jar:/home/user/.m2/repository/org/codehaus/jackson/jackson-xc/1.9.13/jackson-xc-1.9.13.jar:/home/user/.m2/repository/commons-logging/commons-logging/1.1.3/commons-logging-1.1.3.jar:/home/user/.m2/repository/commons-beanutils/commons-beanutils/1.9.4/commons-beanutils-1.9.4.jar:/home/user/.m2/repository/org/apache/commons/commons-configuration2/2.1.1/commons-configuration2-2.1.1.jar:/home/user/.m2/repository/org/apache/commons/commons-lang3/3.7/commons-lang3-3.7.jar:/home/user/.m2/repository/org/apache/commons/commons-text/1.4/commons-text-1.4.jar:/home/user/.m2/repository/org/apache/avro/avro/1.7.7/avro-1.7.7.jar:/home/user/.m2/repository/com/thoughtworks/paranamer/paranamer/2.3/paranamer-2.3.jar:/home/user/.m2/repository/org/xerial/snappy/snappy-java/1.0.5/snappy-java-1.0.5.jar:/home/user/.m2/repository/com/google/re2j/re2j/1.1/re2j-1.1.jar:/home/user/.m2/repository/com/google/code/gson/gson/2.2.4/gson-2.2.4.jar:/home/user/.m2/repository/com/jcraft/jsch/0.1.54/jsch-0.1.54.jar:/home/user/.m2/repository/org/apache/curator/curator-client/2.12.0/curator-client-2.12.0.jar:/home/user/.m2/repository/org/apache/curator/curator-recipes/2.12.0/curator-recipes-2.12.0.jar:/home/user/.m2/repository/com/google/code/findbugs/jsr305/3.0.0/jsr305-3.0.0.jar:/home/user/.m2/repository/org/apache/htrace/htrace-core4/4.1.0-incubating/htrace-core4-4.1.0-incubating.jar:/home/user/.m2/repository/org/apache/zookeeper/zookeeper/3.4.13/zookeeper-3.4.13.jar:/home/user/.m2/repository/jline/jline/0.9.94/jline-0.9.94.jar:/home/user/.m2/repository/org/apache/yetus/audience-annotations/0.5.0/audience-annotations-0.5.0.jar:/home/user/.m2/repository/org/codehaus/woodstox/stax2-api/3.1.4/stax2-api-3.1.4.jar:/home/user/.m2/repository/com/fasterxml/woodstox/woodstox-core/5.0.3/woodstox-core-5.0.3.jar:/home/user/.m2/repository/dnsjava/dnsjava/2.1.7/dnsjava-2.1.7.jar:/home/user/.m2/repository/org/apache/hadoop/hadoop-hdfs/3.2.0/hadoop-hdfs-3.2.0-tests.jar:/home/user/.m2/repository/org/eclipse/jetty/jetty-util-ajax/9.3.25.v20180904/jetty-util-ajax-9.3.25.v20180904.jar:/home/user/.m2/repository/commons-daemon/commons-daemon/1.0.13/commons-daemon-1.0.13.jar:/home/user/.m2/repository/io/netty/netty/3.10.5.Final/netty-3.10.5.Final.jar:/home/user/.m2/repository/io/netty/netty-all/4.0.52.Final/netty-all-4.0.52.Final.jar:/home/user/.m2/repository/org/fusesource/leveldbjni/leveldbjni-all/1.8/leveldbjni-all-1.8.jar:"/>
    <property name="java.vm.vendor" value="IcedTea"/>
    <property name="sun.arch.data.model" value="64"/>
    <property name="test.build.dir" value="/workdir/hadoop-ozone/integration-test/target/test-dir"/>
    <property name="test.cache.data" value=""/>
    <property name="java.vendor.url" value="https://icedtea.classpath.org"/>
    <property name="user.timezone" value=""/>
    <property name="java.vm.specification.version" value="1.8"/>
    <property name="os.name" value="Linux"/>
    <property name="test.build.data" value="/workdir/hadoop-ozone/integration-test/target/test-dir"/>
    <property name="user.country" value="US"/>
    <property name="sun.java.launcher" value="SUN_STANDARD"/>
    <property name="sun.boot.library.path" value="/usr/lib/jvm/java-1.8-openjdk/jre/lib/amd64"/>
    <property name="sun.java.command" value="/workdir/hadoop-ozone/integration-test/target/surefire/surefirebooter2995140341513941284.jar /workdir/hadoop-ozone/integration-test/target/surefire 2019-09-30T20-11-01_649-jvmRun1 surefire7327329362391459006tmp surefire_438229288964741784442tmp"/>
    <property name="test" value="!TestMiniChaosOzoneCluster"/>
    <property name="surefire.test.class.path" value="/workdir/hadoop-ozone/integration-test/target/test-classes:/workdir/hadoop-ozone/integration-test/target/classes:/home/user/.m2/repository/org/apache/hadoop/hadoop-ozone-common/0.5.0-SNAPSHOT/hadoop-ozone-common-0.5.0-SNAPSHOT.jar:/home/user/.m2/repository/org/apache/commons/commons-compress/1.4.1/commons-compress-1.4.1.jar:/home/user/.m2/repository/org/tukaani/xz/1.0/xz-1.0.jar:/home/user/.m2/repository/org/apache/hadoop/hadoop-common/3.2.0/hadoop-common-3.2.0.jar:/home/user/.m2/repository/org/apache/hadoop/hadoop-hdfs/3.2.0/hadoop-hdfs-3.2.0.jar:/home/user/.m2/repository/org/apache/hadoop/hadoop-hdfs-client/3.2.0/hadoop-hdfs-client-3.2.0.jar:/home/user/.m2/repository/com/fasterxml/jackson/core/jackson-annotations/2.9.9/jackson-annotations-2.9.9.jar:/home/user/.m2/repository/org/apache/hadoop/hadoop-hdds-common/0.5.0-SNAPSHOT/hadoop-hdds-common-0.5.0-SNAPSHOT.jar:/home/user/.m2/repository/javax/annotation/javax.annotation-api/1.2/javax.annotation-api-1.2.jar:/home/user/.m2/repository/org/apache/ratis/ratis-server/0.5.0-201fc85-SNAPSHOT/ratis-server-0.5.0-201fc85-SNAPSHOT.jar:/home/user/.m2/repository/org/apache/ratis/ratis-thirdparty-misc/0.2.0/ratis-thirdparty-misc-0.2.0.jar:/home/user/.m2/repository/org/apache/ratis/ratis-proto/0.5.0-201fc85-SNAPSHOT/ratis-proto-0.5.0-201fc85-SNAPSHOT.jar:/home/user/.m2/repository/org/apache/ratis/ratis-common/0.5.0-201fc85-SNAPSHOT/ratis-common-0.5.0-201fc85-SNAPSHOT.jar:/home/user/.m2/repository/org/apache/ratis/ratis-client/0.5.0-201fc85-SNAPSHOT/ratis-client-0.5.0-201fc85-SNAPSHOT.jar:/home/user/.m2/repository/org/apache/ratis/ratis-metrics/0.5.0-201fc85-SNAPSHOT/ratis-metrics-0.5.0-201fc85-SNAPSHOT.jar:/home/user/.m2/repository/com/github/joshelser/dropwizard-metrics-hadoop-metrics2-reporter/0.1.2/dropwizard-metrics-hadoop-metrics2-reporter-0.1.2.jar:/home/user/.m2/repository/io/dropwizard/metrics/metrics-jvm/3.2.5/metrics-jvm-3.2.5.jar:/home/user/.m2/repository/io/dropwizard/metrics/metrics-ganglia/3.2.5/metrics-ganglia-3.2.5.jar:/home/user/.m2/repository/info/ganglia/gmetric4j/gmetric4j/1.0.7/gmetric4j-1.0.7.jar:/home/user/.m2/repository/org/apache/ratis/ratis-netty/0.5.0-201fc85-SNAPSHOT/ratis-netty-0.5.0-201fc85-SNAPSHOT.jar:/home/user/.m2/repository/org/apache/ratis/ratis-grpc/0.5.0-201fc85-SNAPSHOT/ratis-grpc-0.5.0-201fc85-SNAPSHOT.jar:/home/user/.m2/repository/org/rocksdb/rocksdbjni/6.0.1/rocksdbjni-6.0.1.jar:/home/user/.m2/repository/org/apache/logging/log4j/log4j-api/2.11.0/log4j-api-2.11.0.jar:/home/user/.m2/repository/org/apache/logging/log4j/log4j-core/2.11.0/log4j-core-2.11.0.jar:/home/user/.m2/repository/com/lmax/disruptor/3.4.2/disruptor-3.4.2.jar:/home/user/.m2/repository/org/apache/commons/commons-pool2/2.6.0/commons-pool2-2.6.0.jar:/home/user/.m2/repository/org/bouncycastle/bcpkix-jdk15on/1.60/bcpkix-jdk15on-1.60.jar:/home/user/.m2/repository/commons-validator/commons-validator/1.6/commons-validator-1.6.jar:/home/user/.m2/repository/commons-digester/commons-digester/1.8.1/commons-digester-1.8.1.jar:/home/user/.m2/repository/io/jaegertracing/jaeger-client/0.34.0/jaeger-client-0.34.0.jar:/home/user/.m2/repository/io/jaegertracing/jaeger-thrift/0.34.0/jaeger-thrift-0.34.0.jar:/home/user/.m2/repository/org/apache/thrift/libthrift/0.12.0/libthrift-0.12.0.jar:/home/user/.m2/repository/com/squareup/okhttp3/okhttp/3.9.0/okhttp-3.9.0.jar:/home/user/.m2/repository/com/squareup/okio/okio/1.13.0/okio-1.13.0.jar:/home/user/.m2/repository/io/jaegertracing/jaeger-core/0.34.0/jaeger-core-0.34.0.jar:/home/user/.m2/repository/io/jaegertracing/jaeger-tracerresolver/0.34.0/jaeger-tracerresolver-0.34.0.jar:/home/user/.m2/repository/io/opentracing/contrib/opentracing-tracerresolver/0.1.5/opentracing-tracerresolver-0.1.5.jar:/home/user/.m2/repository/io/opentracing/opentracing-util/0.31.0/opentracing-util-0.31.0.jar:/home/user/.m2/repository/io/opentracing/opentracing-api/0.31.0/opentracing-api-0.31.0.jar:/home/user/.m2/repository/io/opentracing/opentracing-noop/0.31.0/opentracing-noop-0.31.0.jar:/home/user/.m2/repository/org/apache/hadoop/hadoop-hdds-server-framework/0.5.0-SNAPSHOT/hadoop-hdds-server-framework-0.5.0-SNAPSHOT.jar:/home/user/.m2/repository/org/apache/hadoop/hadoop-hdds-container-service/0.5.0-SNAPSHOT/hadoop-hdds-container-service-0.5.0-SNAPSHOT.jar:/home/user/.m2/repository/org/apache/hadoop/hadoop-hdds-client/0.5.0-SNAPSHOT/hadoop-hdds-client-0.5.0-SNAPSHOT.jar:/home/user/.m2/repository/org/apache/hadoop/hadoop-hdds-tools/0.5.0-SNAPSHOT/hadoop-hdds-tools-0.5.0-SNAPSHOT.jar:/home/user/.m2/repository/org/apache/hadoop/hadoop-hdds-server-scm/0.5.0-SNAPSHOT/hadoop-hdds-server-scm-0.5.0-SNAPSHOT.jar:/home/user/.m2/repository/org/apache/hadoop/hadoop-hdds-docs/0.5.0-SNAPSHOT/hadoop-hdds-docs-0.5.0-SNAPSHOT.jar:/home/user/.m2/repository/io/dropwizard/metrics/metrics-core/3.2.4/metrics-core-3.2.4.jar:/home/user/.m2/repository/org/hamcrest/hamcrest-all/1.3/hamcrest-all-1.3.jar:/home/user/.m2/repository/org/bouncycastle/bcprov-jdk15on/1.60/bcprov-jdk15on-1.60.jar:/home/user/.m2/repository/info/picocli/picocli/3.9.6/picocli-3.9.6.jar:/home/user/.m2/repository/com/google/protobuf/protobuf-java/2.5.0/protobuf-java-2.5.0.jar:/home/user/.m2/repository/com/google/guava/guava/11.0.2/guava-11.0.2.jar:/home/user/.m2/repository/org/apache/hadoop/hadoop-ozone-ozone-manager/0.5.0-SNAPSHOT/hadoop-ozone-ozone-manager-0.5.0-SNAPSHOT.jar:/home/user/.m2/repository/org/apache/hadoop/hadoop-minikdc/3.2.0/hadoop-minikdc-3.2.0.jar:/home/user/.m2/repository/commons-io/commons-io/2.5/commons-io-2.5.jar:/home/user/.m2/repository/org/apache/kerby/kerb-simplekdc/1.0.1/kerb-simplekdc-1.0.1.jar:/home/user/.m2/repository/org/apache/kerby/kerb-client/1.0.1/kerb-client-1.0.1.jar:/home/user/.m2/repository/org/apache/kerby/kerby-config/1.0.1/kerby-config-1.0.1.jar:/home/user/.m2/repository/org/apache/kerby/kerb-core/1.0.1/kerb-core-1.0.1.jar:/home/user/.m2/repository/org/apache/kerby/kerby-pkix/1.0.1/kerby-pkix-1.0.1.jar:/home/user/.m2/repository/org/apache/kerby/kerby-asn1/1.0.1/kerby-asn1-1.0.1.jar:/home/user/.m2/repository/org/apache/kerby/kerby-util/1.0.1/kerby-util-1.0.1.jar:/home/user/.m2/repository/org/apache/kerby/kerb-common/1.0.1/kerb-common-1.0.1.jar:/home/user/.m2/repository/org/apache/kerby/kerb-crypto/1.0.1/kerb-crypto-1.0.1.jar:/home/user/.m2/repository/org/apache/kerby/kerb-util/1.0.1/kerb-util-1.0.1.jar:/home/user/.m2/repository/org/apache/kerby/token-provider/1.0.1/token-provider-1.0.1.jar:/home/user/.m2/repository/org/apache/kerby/kerb-admin/1.0.1/kerb-admin-1.0.1.jar:/home/user/.m2/repository/org/apache/kerby/kerb-server/1.0.1/kerb-server-1.0.1.jar:/home/user/.m2/repository/org/apache/kerby/kerb-identity/1.0.1/kerb-identity-1.0.1.jar:/home/user/.m2/repository/org/apache/kerby/kerby-xdr/1.0.1/kerby-xdr-1.0.1.jar:/home/user/.m2/repository/org/slf4j/slf4j-log4j12/1.7.25/slf4j-log4j12-1.7.25.jar:/home/user/.m2/repository/org/apache/hadoop/hadoop-ozone-s3gateway/0.5.0-SNAPSHOT/hadoop-ozone-s3gateway-0.5.0-SNAPSHOT.jar:/home/user/.m2/repository/org/jboss/weld/servlet/weld-servlet/2.4.7.Final/weld-servlet-2.4.7.Final.jar:/home/user/.m2/repository/org/glassfish/jersey/containers/jersey-container-servlet-core/2.27/jersey-container-servlet-core-2.27.jar:/home/user/.m2/repository/org/glassfish/hk2/external/javax.inject/2.5.0-b42/javax.inject-2.5.0-b42.jar:/home/user/.m2/repository/org/glassfish/jersey/core/jersey-common/2.27/jersey-common-2.27.jar:/home/user/.m2/repository/org/glassfish/hk2/osgi-resource-locator/1.0.1/osgi-resource-locator-1.0.1.jar:/home/user/.m2/repository/javax/ws/rs/javax.ws.rs-api/2.1/javax.ws.rs-api-2.1.jar:/home/user/.m2/repository/org/glassfish/jersey/ext/cdi/jersey-cdi1x/2.27/jersey-cdi1x-2.27.jar:/home/user/.m2/repository/org/glassfish/jersey/inject/jersey-hk2/2.27/jersey-hk2-2.27.jar:/home/user/.m2/repository/org/glassfish/hk2/hk2-locator/2.5.0-b42/hk2-locator-2.5.0-b42.jar:/home/user/.m2/repository/org/javassist/javassist/3.22.0-CR2/javassist-3.22.0-CR2.jar:/home/user/.m2/repository/org/glassfish/hk2/hk2-api/2.5.0/hk2-api-2.5.0.jar:/home/user/.m2/repository/org/glassfish/hk2/external/jakarta.inject/2.5.0/jakarta.inject-2.5.0.jar:/home/user/.m2/repository/org/glassfish/hk2/hk2-utils/2.5.0/hk2-utils-2.5.0.jar:/home/user/.m2/repository/jakarta/annotation/jakarta.annotation-api/1.3.4/jakarta.annotation-api-1.3.4.jar:/home/user/.m2/repository/org/glassfish/hk2/external/aopalliance-repackaged/2.5.0/aopalliance-repackaged-2.5.0.jar:/home/user/.m2/repository/com/fasterxml/jackson/dataformat/jackson-dataformat-xml/2.9.0/jackson-dataformat-xml-2.9.0.jar:/home/user/.m2/repository/com/fasterxml/jackson/core/jackson-core/2.9.9/jackson-core-2.9.9.jar:/home/user/.m2/repository/com/fasterxml/jackson/module/jackson-module-jaxb-annotations/2.9.9/jackson-module-jaxb-annotations-2.9.9.jar:/home/user/.m2/repository/javax/enterprise/cdi-api/1.2/cdi-api-1.2.jar:/home/user/.m2/repository/javax/el/javax.el-api/3.0.0/javax.el-api-3.0.0.jar:/home/user/.m2/repository/javax/interceptor/javax.interceptor-api/1.2/javax.interceptor-api-1.2.jar:/home/user/.m2/repository/javax/inject/javax.inject/1/javax.inject-1.jar:/home/user/.m2/repository/com/sun/xml/bind/jaxb-impl/2.3.0.1/jaxb-impl-2.3.0.1.jar:/home/user/.m2/repository/com/sun/xml/bind/jaxb-core/2.3.0.1/jaxb-core-2.3.0.1.jar:/home/user/.m2/repository/javax/xml/bind/jaxb-api/2.3.0/jaxb-api-2.3.0.jar:/home/user/.m2/repository/javax/activation/activation/1.1.1/activation-1.1.1.jar:/home/user/.m2/repository/org/apache/hadoop/hadoop-ozone-csi/0.5.0-SNAPSHOT/hadoop-ozone-csi-0.5.0-SNAPSHOT.jar:/home/user/.m2/repository/com/google/protobuf/protobuf-java-util/3.5.1/protobuf-java-util-3.5.1.jar:/home/user/.m2/repository/org/apache/hadoop/hadoop-hdds-config/0.5.0-SNAPSHOT/hadoop-hdds-config-0.5.0-SNAPSHOT.jar:/home/user/.m2/repository/io/grpc/grpc-netty/1.17.1/grpc-netty-1.17.1.jar:/home/user/.m2/repository/io/grpc/grpc-core/1.17.1/grpc-core-1.17.1.jar:/home/user/.m2/repository/io/grpc/grpc-context/1.17.1/grpc-context-1.17.1.jar:/home/user/.m2/repository/com/google/errorprone/error_prone_annotations/2.2.0/error_prone_annotations-2.2.0.jar:/home/user/.m2/repository/org/codehaus/mojo/animal-sniffer-annotations/1.17/animal-sniffer-annotations-1.17.jar:/home/user/.m2/repository/io/opencensus/opencensus-api/0.17.0/opencensus-api-0.17.0.jar:/home/user/.m2/repository/io/opencensus/opencensus-contrib-grpc-metrics/0.17.0/opencensus-contrib-grpc-metrics-0.17.0.jar:/home/user/.m2/repository/io/netty/netty-codec-http2/4.1.30.Final/netty-codec-http2-4.1.30.Final.jar:/home/user/.m2/repository/io/netty/netty-codec-http/4.1.30.Final/netty-codec-http-4.1.30.Final.jar:/home/user/.m2/repository/io/netty/netty-codec/4.1.30.Final/netty-codec-4.1.30.Final.jar:/home/user/.m2/repository/io/netty/netty-handler/4.1.30.Final/netty-handler-4.1.30.Final.jar:/home/user/.m2/repository/io/netty/netty-handler-proxy/4.1.30.Final/netty-handler-proxy-4.1.30.Final.jar:/home/user/.m2/repository/io/netty/netty-codec-socks/4.1.30.Final/netty-codec-socks-4.1.30.Final.jar:/home/user/.m2/repository/io/netty/netty-transport-native-epoll/4.1.30.Final/netty-transport-native-epoll-4.1.30.Final.jar:/home/user/.m2/repository/io/netty/netty-common/4.1.30.Final/netty-common-4.1.30.Final.jar:/home/user/.m2/repository/io/netty/netty-buffer/4.1.30.Final/netty-buffer-4.1.30.Final.jar:/home/user/.m2/repository/io/netty/netty-transport/4.1.30.Final/netty-transport-4.1.30.Final.jar:/home/user/.m2/repository/io/netty/netty-resolver/4.1.30.Final/netty-resolver-4.1.30.Final.jar:/home/user/.m2/repository/io/netty/netty-transport-native-unix-common/4.1.30.Final/netty-transport-native-unix-common-4.1.30.Final.jar:/home/user/.m2/repository/io/grpc/grpc-protobuf/1.17.1/grpc-protobuf-1.17.1.jar:/home/user/.m2/repository/com/google/api/grpc/proto-google-common-protos/1.0.0/proto-google-common-protos-1.0.0.jar:/home/user/.m2/repository/io/grpc/grpc-protobuf-lite/1.17.1/grpc-protobuf-lite-1.17.1.jar:/home/user/.m2/repository/io/grpc/grpc-stub/1.17.1/grpc-stub-1.17.1.jar:/home/user/.m2/repository/org/apache/hadoop/hadoop-ozone-recon/0.5.0-SNAPSHOT/hadoop-ozone-recon-0.5.0-SNAPSHOT.jar:/home/user/.m2/repository/org/apache/hadoop/hadoop-ozone-reconcodegen/0.5.0-SNAPSHOT/hadoop-ozone-reconcodegen-0.5.0-SNAPSHOT.jar:/home/user/.m2/repository/com/google/inject/extensions/guice-multibindings/4.0/guice-multibindings-4.0.jar:/home/user/.m2/repository/com/google/inject/guice/4.0/guice-4.0.jar:/home/user/.m2/repository/aopalliance/aopalliance/1.0/aopalliance-1.0.jar:/home/user/.m2/repository/com/google/inject/extensions/guice-servlet/4.0/guice-servlet-4.0.jar:/home/user/.m2/repository/org/glassfish/jersey/containers/jersey-container-servlet/2.27/jersey-container-servlet-2.27.jar:/home/user/.m2/repository/org/glassfish/hk2/guice-bridge/2.5.0/guice-bridge-2.5.0.jar:/home/user/.m2/repository/org/glassfish/jersey/core/jersey-server/2.27/jersey-server-2.27.jar:/home/user/.m2/repository/org/glassfish/jersey/core/jersey-client/2.27/jersey-client-2.27.jar:/home/user/.m2/repository/org/glassfish/jersey/media/jersey-media-jaxb/2.27/jersey-media-jaxb-2.27.jar:/home/user/.m2/repository/javax/validation/validation-api/1.1.0.Final/validation-api-1.1.0.Final.jar:/home/user/.m2/repository/org/glassfish/jersey/media/jersey-media-json-jackson/2.27/jersey-media-json-jackson-2.27.jar:/home/user/.m2/repository/org/glassfish/jersey/ext/jersey-entity-filtering/2.27/jersey-entity-filtering-2.27.jar:/home/user/.m2/repository/com/google/inject/extensions/guice-assistedinject/4.0/guice-assistedinject-4.0.jar:/home/user/.m2/repository/org/jooq/jooq/3.11.10/jooq-3.11.10.jar:/home/user/.m2/repository/org/jooq/jooq-meta/3.11.10/jooq-meta-3.11.10.jar:/home/user/.m2/repository/org/jooq/jooq-codegen/3.11.10/jooq-codegen-3.11.10.jar:/home/user/.m2/repository/com/jolbox/bonecp/0.8.0.RELEASE/bonecp-0.8.0.RELEASE.jar:/home/user/.m2/repository/org/xerial/sqlite-jdbc/3.25.2/sqlite-jdbc-3.25.2.jar:/home/user/.m2/repository/org/springframework/spring-jdbc/5.1.3.RELEASE/spring-jdbc-5.1.3.RELEASE.jar:/home/user/.m2/repository/org/springframework/spring-beans/5.1.3.RELEASE/spring-beans-5.1.3.RELEASE.jar:/home/user/.m2/repository/org/springframework/spring-core/5.1.3.RELEASE/spring-core-5.1.3.RELEASE.jar:/home/user/.m2/repository/org/springframework/spring-jcl/5.1.3.RELEASE/spring-jcl-5.1.3.RELEASE.jar:/home/user/.m2/repository/org/springframework/spring-tx/5.1.3.RELEASE/spring-tx-5.1.3.RELEASE.jar:/home/user/.m2/repository/org/apache/hadoop/hadoop-ozone-client/0.5.0-SNAPSHOT/hadoop-ozone-client-0.5.0-SNAPSHOT.jar:/home/user/.m2/repository/commons-lang/commons-lang/2.6/commons-lang-2.6.jar:/home/user/.m2/repository/org/apache/hadoop/hadoop-ozone-ozone-manager/0.5.0-SNAPSHOT/hadoop-ozone-ozone-manager-0.5.0-SNAPSHOT-tests.jar:/home/user/.m2/repository/junit/junit/4.11/junit-4.11.jar:/home/user/.m2/repository/org/hamcrest/hamcrest-core/1.3/hamcrest-core-1.3.jar:/home/user/.m2/repository/org/openjdk/jmh/jmh-core/1.19/jmh-core-1.19.jar:/home/user/.m2/repository/net/sf/jopt-simple/jopt-simple/4.6/jopt-simple-4.6.jar:/home/user/.m2/repository/org/apache/commons/commons-math3/3.1.1/commons-math3-3.1.1.jar:/home/user/.m2/repository/org/openjdk/jmh/jmh-generator-annprocess/1.19/jmh-generator-annprocess-1.19.jar:/home/user/.m2/repository/org/mockito/mockito-all/1.8.5/mockito-all-1.8.5.jar:/home/user/.m2/repository/org/apache/hadoop/hadoop-kms/3.2.0/hadoop-kms-3.2.0.jar:/home/user/.m2/repository/org/apache/hadoop/hadoop-auth/3.2.0/hadoop-auth-3.2.0.jar:/home/user/.m2/repository/com/nimbusds/nimbus-jose-jwt/4.41.1/nimbus-jose-jwt-4.41.1.jar:/home/user/.m2/repository/com/github/stephenc/jcip/jcip-annotations/1.0-1/jcip-annotations-1.0-1.jar:/home/user/.m2/repository/net/minidev/json-smart/2.3/json-smart-2.3.jar:/home/user/.m2/repository/net/minidev/accessors-smart/1.2/accessors-smart-1.2.jar:/home/user/.m2/repository/org/ow2/asm/asm/5.0.4/asm-5.0.4.jar:/home/user/.m2/repository/org/apache/curator/curator-framework/2.12.0/curator-framework-2.12.0.jar:/home/user/.m2/repository/com/sun/jersey/jersey-core/1.19/jersey-core-1.19.jar:/home/user/.m2/repository/javax/ws/rs/jsr311-api/1.1.1/jsr311-api-1.1.1.jar:/home/user/.m2/repository/com/sun/jersey/jersey-server/1.19/jersey-server-1.19.jar:/home/user/.m2/repository/javax/servlet/javax.servlet-api/3.1.0/javax.servlet-api-3.1.0.jar:/home/user/.m2/repository/org/eclipse/jetty/jetty-server/9.3.25.v20180904/jetty-server-9.3.25.v20180904.jar:/home/user/.m2/repository/org/eclipse/jetty/jetty-http/9.3.25.v20180904/jetty-http-9.3.25.v20180904.jar:/home/user/.m2/repository/org/eclipse/jetty/jetty-io/9.3.25.v20180904/jetty-io-9.3.25.v20180904.jar:/home/user/.m2/repository/org/eclipse/jetty/jetty-webapp/9.3.25.v20180904/jetty-webapp-9.3.25.v20180904.jar:/home/user/.m2/repository/org/eclipse/jetty/jetty-xml/9.3.25.v20180904/jetty-xml-9.3.25.v20180904.jar:/home/user/.m2/repository/log4j/log4j/1.2.17/log4j-1.2.17.jar:/home/user/.m2/repository/org/slf4j/slf4j-api/1.7.25/slf4j-api-1.7.25.jar:/home/user/.m2/repository/org/slf4j/jul-to-slf4j/1.7.25/jul-to-slf4j-1.7.25.jar:/home/user/.m2/repository/org/eclipse/jetty/jetty-util/9.3.25.v20180904/jetty-util-9.3.25.v20180904.jar:/home/user/.m2/repository/com/fasterxml/jackson/core/jackson-databind/2.9.9/jackson-databind-2.9.9.jar:/home/user/.m2/repository/org/apache/hadoop/hadoop-kms/3.2.0/hadoop-kms-3.2.0-tests.jar:/home/user/.m2/repository/org/apache/hadoop/hadoop-hdds-server-scm/0.5.0-SNAPSHOT/hadoop-hdds-server-scm-0.5.0-SNAPSHOT-tests.jar:/home/user/.m2/repository/org/apache/hadoop/hadoop-hdds-container-service/0.5.0-SNAPSHOT/hadoop-hdds-container-service-0.5.0-SNAPSHOT-tests.jar:/home/user/.m2/repository/org/yaml/snakeyaml/1.16/snakeyaml-1.16.jar:/home/user/.m2/repository/org/apache/hadoop/hadoop-common/3.2.0/hadoop-common-3.2.0-tests.jar:/home/user/.m2/repository/org/apache/hadoop/hadoop-annotations/3.2.0/hadoop-annotations-3.2.0.jar:/usr/lib/jvm/java-1.8-openjdk/jre/../lib/tools.jar:/home/user/.m2/repository/commons-cli/commons-cli/1.2/commons-cli-1.2.jar:/home/user/.m2/repository/org/apache/httpcomponents/httpclient/4.5.2/httpclient-4.5.2.jar:/home/user/.m2/repository/org/apache/httpcomponents/httpcore/4.4.4/httpcore-4.4.4.jar:/home/user/.m2/repository/commons-codec/commons-codec/1.11/commons-codec-1.11.jar:/home/user/.m2/repository/commons-net/commons-net/3.6/commons-net-3.6.jar:/home/user/.m2/repository/commons-collections/commons-collections/3.2.2/commons-collections-3.2.2.jar:/home/user/.m2/repository/org/eclipse/jetty/jetty-servlet/9.3.25.v20180904/jetty-servlet-9.3.25.v20180904.jar:/home/user/.m2/repository/org/eclipse/jetty/jetty-security/9.3.25.v20180904/jetty-security-9.3.25.v20180904.jar:/home/user/.m2/repository/javax/servlet/jsp/jsp-api/2.1/jsp-api-2.1.jar:/home/user/.m2/repository/com/sun/jersey/jersey-servlet/1.19/jersey-servlet-1.19.jar:/home/user/.m2/repository/com/sun/jersey/jersey-json/1.19/jersey-json-1.19.jar:/home/user/.m2/repository/org/codehaus/jettison/jettison/1.1/jettison-1.1.jar:/home/user/.m2/repository/org/codehaus/jackson/jackson-core-asl/1.9.13/jackson-core-asl-1.9.13.jar:/home/user/.m2/repository/org/codehaus/jackson/jackson-mapper-asl/1.9.13/jackson-mapper-asl-1.9.13.jar:/home/user/.m2/repository/org/codehaus/jackson/jackson-jaxrs/1.9.13/jackson-jaxrs-1.9.13.jar:/home/user/.m2/repository/org/codehaus/jackson/jackson-xc/1.9.13/jackson-xc-1.9.13.jar:/home/user/.m2/repository/commons-logging/commons-logging/1.1.3/commons-logging-1.1.3.jar:/home/user/.m2/repository/commons-beanutils/commons-beanutils/1.9.4/commons-beanutils-1.9.4.jar:/home/user/.m2/repository/org/apache/commons/commons-configuration2/2.1.1/commons-configuration2-2.1.1.jar:/home/user/.m2/repository/org/apache/commons/commons-lang3/3.7/commons-lang3-3.7.jar:/home/user/.m2/repository/org/apache/commons/commons-text/1.4/commons-text-1.4.jar:/home/user/.m2/repository/org/apache/avro/avro/1.7.7/avro-1.7.7.jar:/home/user/.m2/repository/com/thoughtworks/paranamer/paranamer/2.3/paranamer-2.3.jar:/home/user/.m2/repository/org/xerial/snappy/snappy-java/1.0.5/snappy-java-1.0.5.jar:/home/user/.m2/repository/com/google/re2j/re2j/1.1/re2j-1.1.jar:/home/user/.m2/repository/com/google/code/gson/gson/2.2.4/gson-2.2.4.jar:/home/user/.m2/repository/com/jcraft/jsch/0.1.54/jsch-0.1.54.jar:/home/user/.m2/repository/org/apache/curator/curator-client/2.12.0/curator-client-2.12.0.jar:/home/user/.m2/repository/org/apache/curator/curator-recipes/2.12.0/curator-recipes-2.12.0.jar:/home/user/.m2/repository/com/google/code/findbugs/jsr305/3.0.0/jsr305-3.0.0.jar:/home/user/.m2/repository/org/apache/htrace/htrace-core4/4.1.0-incubating/htrace-core4-4.1.0-incubating.jar:/home/user/.m2/repository/org/apache/zookeeper/zookeeper/3.4.13/zookeeper-3.4.13.jar:/home/user/.m2/repository/jline/jline/0.9.94/jline-0.9.94.jar:/home/user/.m2/repository/org/apache/yetus/audience-annotations/0.5.0/audience-annotations-0.5.0.jar:/home/user/.m2/repository/org/codehaus/woodstox/stax2-api/3.1.4/stax2-api-3.1.4.jar:/home/user/.m2/repository/com/fasterxml/woodstox/woodstox-core/5.0.3/woodstox-core-5.0.3.jar:/home/user/.m2/repository/dnsjava/dnsjava/2.1.7/dnsjava-2.1.7.jar:/home/user/.m2/repository/org/apache/hadoop/hadoop-hdfs/3.2.0/hadoop-hdfs-3.2.0-tests.jar:/home/user/.m2/repository/org/eclipse/jetty/jetty-util-ajax/9.3.25.v20180904/jetty-util-ajax-9.3.25.v20180904.jar:/home/user/.m2/repository/commons-daemon/commons-daemon/1.0.13/commons-daemon-1.0.13.jar:/home/user/.m2/repository/io/netty/netty/3.10.5.Final/netty-3.10.5.Final.jar:/home/user/.m2/repository/io/netty/netty-all/4.0.52.Final/netty-all-4.0.52.Final.jar:/home/user/.m2/repository/org/fusesource/leveldbjni/leveldbjni-all/1.8/leveldbjni-all-1.8.jar:"/>
    <property name="sun.cpu.endian" value="little"/>
    <property name="user.home" value="/home/user"/>
    <property name="user.language" value="en"/>
    <property name="java.specification.vendor" value="Oracle Corporation"/>
    <property name="java.home" value="/usr/lib/jvm/java-1.8-openjdk/jre"/>
    <property name="java.security.krb5.conf" value="/workdir/hadoop-ozone/integration-test/target/test-classes/krb5.conf"/>
    <property name="basedir" value="/workdir/hadoop-ozone/integration-test"/>
    <property name="file.separator" value="/"/>
    <property name="line.separator" value="&#10;"/>
    <property name="java.vm.specification.vendor" value="Oracle Corporation"/>
    <property name="java.specification.name" value="Java Platform API Specification"/>
    <property name="java.awt.graphicsenv" value="sun.awt.X11GraphicsEnvironment"/>
    <property name="surefire.real.class.path" value="/workdir/hadoop-ozone/integration-test/target/surefire/surefirebooter2995140341513941284.jar"/>
    <property name="hadoop.log.dir" value="/workdir/hadoop-ozone/integration-test/target/log"/>
    <property name="sun.boot.class.path" value="/usr/lib/jvm/java-1.8-openjdk/jre/lib/resources.jar:/usr/lib/jvm/java-1.8-openjdk/jre/lib/rt.jar:/usr/lib/jvm/java-1.8-openjdk/jre/lib/sunrsasign.jar:/usr/lib/jvm/java-1.8-openjdk/jre/lib/jsse.jar:/usr/lib/jvm/java-1.8-openjdk/jre/lib/jce.jar:/usr/lib/jvm/java-1.8-openjdk/jre/lib/charsets.jar:/usr/lib/jvm/java-1.8-openjdk/jre/lib/jfr.jar:/usr/lib/jvm/java-1.8-openjdk/jre/classes"/>
    <property name="sun.management.compiler" value="HotSpot 64-Bit Tiered Compilers"/>
    <property name="java.runtime.version" value="1.8.0_212-b04"/>
    <property name="java.net.preferIPv4Stack" value="true"/>
    <property name="user.name" value="jenkins1000"/>
    <property name="path.separator" value=":"/>
    <property name="java.security.egd" value="file:///dev/urandom"/>
    <property name="os.version" value="3.10.0-957.12.2.el7.x86_64"/>
    <property name="java.endorsed.dirs" value="/usr/lib/jvm/java-1.8-openjdk/jre/lib/endorsed"/>
    <property name="java.runtime.name" value="OpenJDK Runtime Environment"/>
    <property name="file.encoding" value="UTF-8"/>
    <property name="java.vm.name" value="OpenJDK 64-Bit Server VM"/>
    <property name="test.build.webapps" value=""/>
    <property name="localRepository" value="/home/user/.m2/repository"/>
    <property name="java.vendor.url.bug" value="https://icedtea.classpath.org/bugzilla"/>
    <property name="java.io.tmpdir" value="/tmp"/>
    <property name="require.test.libhadoop" value=""/>
    <property name="java.version" value="1.8.0_212"/>
    <property name="user.dir" value="/workdir/hadoop-ozone/integration-test"/>
    <property name="os.arch" value="amd64"/>
    <property name="java.vm.specification.name" value="Java Virtual Machine Specification"/>
    <property name="test.build.classes" value="/workdir/hadoop-ozone/integration-test/target/test-classes"/>
    <property name="java.awt.printerjob" value="sun.print.PSPrinterJob"/>
    <property name="sun.os.patch.level" value="unknown"/>
    <property name="hadoop.tmp.dir" value="/workdir/hadoop-ozone/integration-test/target/tmp"/>
    <property name="java.library.path" value="/usr/lib/jvm/java-1.8-openjdk/jre/lib/amd64/server:/usr/lib/jvm/java-1.8-openjdk/jre/lib/amd64:/usr/lib/jvm/java-1.8-openjdk/jre/../lib/amd64:/workdir/hadoop-ozone/integration-test/target/native/target/usr/local/lib:/workdir/hadoop-ozone/integration-test/../../hadoop-common-project/hadoop-common/target/native/target/usr/local/lib:/usr/java/packages/lib/amd64:/usr/lib64:/lib64:/lib:/usr/lib"/>
    <property name="java.vm.info" value="mixed mode"/>
    <property name="java.vendor" value="IcedTea"/>
    <property name="java.vm.version" value="25.212-b04"/>
    <property name="java.ext.dirs" value="/usr/lib/jvm/java-1.8-openjdk/jre/lib/ext:/usr/java/packages/lib/ext"/>
    <property name="sun.io.unicode.encoding" value="UnicodeLittle"/>
    <property name="java.class.version" value="52.0"/>
  </properties>
  <testcase name="testGroupMismatchExceptionHandling" classname="org.apache.hadoop.ozone.client.rpc.TestOzoneClientRetriesOnException" time="45.306"/>
  <testcase name="testMaxRetriesByOzoneClient" classname="org.apache.hadoop.ozone.client.rpc.TestOzoneClientRetriesOnException" time="124.971">
    <error message="Failed to command cmdType: CreateContainer&#10;containerID: 1&#10;datanodeUuid: &quot;f4aeb726-a0ad-44bf-820c-a69213549e62&quot;&#10;createContainer {&#10;}&#10;" type="java.io.IOException">java.io.IOException: 
Failed to command cmdType: CreateContainer
containerID: 1
datanodeUuid: "f4aeb726-a0ad-44bf-820c-a69213549e62"
createContainer {
}

	at org.apache.hadoop.hdds.scm.XceiverClientSpi.sendCommand(XceiverClientSpi.java:113)
	at org.apache.hadoop.ozone.client.rpc.TestOzoneClientRetriesOnException.testMaxRetriesByOzoneClient(TestOzoneClientRetriesOnException.java:190)
	at sun.reflect.NativeMethodAccessorImpl.invoke0(Native Method)
	at sun.reflect.NativeMethodAccessorImpl.invoke(NativeMethodAccessorImpl.java:62)
	at sun.reflect.DelegatingMethodAccessorImpl.invoke(DelegatingMethodAccessorImpl.java:43)
	at java.lang.reflect.Method.invoke(Method.java:498)
	at org.junit.runners.model.FrameworkMethod$1.runReflectiveCall(FrameworkMethod.java:47)
	at org.junit.internal.runners.model.ReflectiveCallable.run(ReflectiveCallable.java:12)
	at org.junit.runners.model.FrameworkMethod.invokeExplosively(FrameworkMethod.java:44)
	at org.junit.internal.runners.statements.InvokeMethod.evaluate(InvokeMethod.java:17)
	at org.junit.internal.runners.statements.RunBefores.evaluate(RunBefores.java:26)
	at org.junit.internal.runners.statements.RunAfters.evaluate(RunAfters.java:27)
	at org.junit.runners.ParentRunner.runLeaf(ParentRunner.java:271)
	at org.junit.runners.BlockJUnit4ClassRunner.runChild(BlockJUnit4ClassRunner.java:70)
	at org.junit.runners.BlockJUnit4ClassRunner.runChild(BlockJUnit4ClassRunner.java:50)
	at org.junit.runners.ParentRunner$3.run(ParentRunner.java:238)
	at org.junit.runners.ParentRunner$1.schedule(ParentRunner.java:63)
	at org.junit.runners.ParentRunner.runChildren(ParentRunner.java:236)
	at org.junit.runners.ParentRunner.access$000(ParentRunner.java:53)
	at org.junit.runners.ParentRunner$2.evaluate(ParentRunner.java:229)
	at org.junit.runners.ParentRunner.run(ParentRunner.java:309)
	at org.apache.maven.surefire.junit4.JUnit4Provider.execute(JUnit4Provider.java:365)
	at org.apache.maven.surefire.junit4.JUnit4Provider.executeWithRerun(JUnit4Provider.java:273)
	at org.apache.maven.surefire.junit4.JUnit4Provider.executeTestSet(JUnit4Provider.java:238)
	at org.apache.maven.surefire.junit4.JUnit4Provider.invoke(JUnit4Provider.java:159)
	at org.apache.maven.surefire.booter.ForkedBooter.invokeProviderInSameClassLoader(ForkedBooter.java:384)
	at org.apache.maven.surefire.booter.ForkedBooter.runSuitesInProcess(ForkedBooter.java:345)
	at org.apache.maven.surefire.booter.ForkedBooter.execute(ForkedBooter.java:126)
	at org.apache.maven.surefire.booter.ForkedBooter.main(ForkedBooter.java:418)
Caused by: java.util.concurrent.ExecutionException: org.apache.ratis.protocol.RaftRetryFailureException: Failed RaftClientRequest:client-A64C6A299215->5f20aede-face-49ed-b9e8-dbe29547179a@group-329730433CA5, cid=45, seq=4*, RW, org.apache.hadoop.hdds.scm.XceiverClientRatis$$Lambda$361/477319344@3dac7fc9 for 180 attempts with RetryLimited(maxAttempts=180, sleepTime=1000ms)
	at java.util.concurrent.CompletableFuture.reportGet(CompletableFuture.java:357)
	at java.util.concurrent.CompletableFuture.get(CompletableFuture.java:1895)
	at org.apache.hadoop.hdds.scm.XceiverClientSpi.sendCommand(XceiverClientSpi.java:110)
	... 28 more
Caused by: org.apache.ratis.protocol.RaftRetryFailureException: Failed RaftClientRequest:client-A64C6A299215->5f20aede-face-49ed-b9e8-dbe29547179a@group-329730433CA5, cid=45, seq=4*, RW, org.apache.hadoop.hdds.scm.XceiverClientRatis$$Lambda$361/477319344@3dac7fc9 for 180 attempts with RetryLimited(maxAttempts=180, sleepTime=1000ms)
	at org.apache.ratis.client.impl.RaftClientImpl.noMoreRetries(RaftClientImpl.java:271)
	at org.apache.ratis.client.impl.OrderedAsync.handleAsyncRetryFailure(OrderedAsync.java:138)
	at org.apache.ratis.client.impl.OrderedAsync.lambda$sendRequest$10(OrderedAsync.java:230)
	at java.util.concurrent.CompletableFuture.uniExceptionally(CompletableFuture.java:870)
	at java.util.concurrent.CompletableFuture$UniExceptionally.tryFire(CompletableFuture.java:852)
	at java.util.concurrent.CompletableFuture.postComplete(CompletableFuture.java:474)
	at java.util.concurrent.CompletableFuture.completeExceptionally(CompletableFuture.java:1977)
	at org.apache.ratis.grpc.client.GrpcClientProtocolClient$AsyncStreamObservers.completeReplyExceptionally(GrpcClientProtocolClient.java:345)
	at org.apache.ratis.grpc.client.GrpcClientProtocolClient$AsyncStreamObservers.access$000(GrpcClientProtocolClient.java:261)
	at org.apache.ratis.grpc.client.GrpcClientProtocolClient$AsyncStreamObservers$1.onNext(GrpcClientProtocolClient.java:273)
	at org.apache.ratis.grpc.client.GrpcClientProtocolClient$AsyncStreamObservers$1.onNext(GrpcClientProtocolClient.java:264)
	at org.apache.ratis.thirdparty.io.grpc.stub.ClientCalls$StreamObserverToCallListenerAdapter.onMessage(ClientCalls.java:421)
	at org.apache.ratis.thirdparty.io.grpc.ForwardingClientCallListener.onMessage(ForwardingClientCallListener.java:33)
	at org.apache.ratis.thirdparty.io.grpc.ForwardingClientCallListener.onMessage(ForwardingClientCallListener.java:33)
	at org.apache.ratis.thirdparty.io.grpc.internal.ClientCallImpl$ClientStreamListenerImpl$1MessagesAvailable.runInContext(ClientCallImpl.java:519)
	at org.apache.ratis.thirdparty.io.grpc.internal.ContextRunnable.run(ContextRunnable.java:37)
	at org.apache.ratis.thirdparty.io.grpc.internal.SerializingExecutor.run(SerializingExecutor.java:123)
	at java.util.concurrent.ThreadPoolExecutor.runWorker(ThreadPoolExecutor.java:1149)
	at java.util.concurrent.ThreadPoolExecutor$Worker.run(ThreadPoolExecutor.java:624)
	at java.lang.Thread.run(Thread.java:748)
Caused by: org.apache.ratis.protocol.NotLeaderException: Server 5f20aede-face-49ed-b9e8-dbe29547179a@group-329730433CA5 is not the leader 566c5d8e-ae1d-43e7-9848-7b393c045f68:192.168.30.59:41560
	at org.apache.ratis.client.impl.ClientProtoUtils.toRaftClientReply(ClientProtoUtils.java:243)
	at org.apache.ratis.grpc.client.GrpcClientProtocolClient$AsyncStreamObservers$1.onNext(GrpcClientProtocolClient.java:269)
	... 10 more
</error>
    <system-out><![CDATA[2019-09-30 20:45:01,225 [main] WARN  server.ServerUtils (ServerUtils.java:getScmDbDir(145)) - ozone.scm.db.dirs is not configured. We recommend adding this setting. Falling back to ozone.metadata.dirs instead.
2019-09-30 20:45:01,249 [main] WARN  server.ServerUtils (ServerUtils.java:getScmDbDir(145)) - ozone.scm.db.dirs is not configured. We recommend adding this setting. Falling back to ozone.metadata.dirs instead.
2019-09-30 20:45:01,250 [main] WARN  server.ServerUtils (ServerUtils.java:getScmDbDir(145)) - ozone.scm.db.dirs is not configured. We recommend adding this setting. Falling back to ozone.metadata.dirs instead.
2019-09-30 20:45:01,250 [main] INFO  db.DBStoreBuilder (DBStoreBuilder.java:addTable(110)) - using custom profile for table: deletedBlocks
2019-09-30 20:45:01,250 [main] INFO  db.DBStoreBuilder (DBStoreBuilder.java:processTables(161)) - Using default column profile:DBProfile.DISK for Table:deletedBlocks
2019-09-30 20:45:01,250 [main] INFO  db.DBStoreBuilder (DBStoreBuilder.java:addTable(110)) - using custom profile for table: validCerts
2019-09-30 20:45:01,251 [main] INFO  db.DBStoreBuilder (DBStoreBuilder.java:processTables(161)) - Using default column profile:DBProfile.DISK for Table:validCerts
2019-09-30 20:45:01,251 [main] INFO  db.DBStoreBuilder (DBStoreBuilder.java:addTable(110)) - using custom profile for table: revokedCerts
2019-09-30 20:45:01,251 [main] INFO  db.DBStoreBuilder (DBStoreBuilder.java:processTables(161)) - Using default column profile:DBProfile.DISK for Table:revokedCerts
2019-09-30 20:45:01,251 [main] INFO  db.DBStoreBuilder (DBStoreBuilder.java:addTable(110)) - using custom profile for table: default
2019-09-30 20:45:01,252 [main] INFO  db.DBStoreBuilder (DBStoreBuilder.java:processTables(167)) - Using default column profile:DBProfile.DISK for Table:default
2019-09-30 20:45:01,252 [main] INFO  db.DBStoreBuilder (DBStoreBuilder.java:getDbProfile(198)) - Using default options. DBProfile.DISK
2019-09-30 20:45:01,756 [main] INFO  net.NodeSchemaLoader (NodeSchemaLoader.java:loadSchemaFromFile(125)) - Loading file from sun.misc.CompoundEnumeration@7eb200ce
2019-09-30 20:45:01,756 [main] INFO  net.NodeSchemaLoader (NodeSchemaLoader.java:loadSchema(171)) - Loading network topology layer schema file
2019-09-30 20:45:01,764 [main] WARN  server.ServerUtils (ServerUtils.java:sanitizeUserArgs(70)) - ozone.scm.stale.node.interval value = 300000 is larger than max = 100000 based on the key value of ozone.scm.heartbeat.thread.interval, reset to the max value 100000.
2019-09-30 20:45:01,764 [main] WARN  server.ServerUtils (ServerUtils.java:sanitizeUserArgs(70)) - ozone.scm.stale.node.interval value = 300000 is larger than max = 100000 based on the key value of ozone.scm.heartbeat.thread.interval, reset to the max value 100000.
2019-09-30 20:45:01,764 [main] INFO  node.SCMNodeManager (SCMNodeManager.java:<init>(114)) - Entering startup safe mode.
2019-09-30 20:45:01,766 [main] INFO  algorithms.ContainerPlacementPolicyFactory (ContainerPlacementPolicyFactory.java:getPolicy(57)) - Create container placement policy of type org.apache.hadoop.hdds.scm.container.placement.algorithms.SCMContainerPlacementRandom
2019-09-30 20:45:01,766 [main] WARN  server.ServerUtils (ServerUtils.java:getScmDbDir(145)) - ozone.scm.db.dirs is not configured. We recommend adding this setting. Falling back to ozone.metadata.dirs instead.
2019-09-30 20:45:01,865 [main] INFO  pipeline.SCMPipelineManager (SCMPipelineManager.java:initializePipelineState(132)) - No pipeline exists in current db
2019-09-30 20:45:01,865 [main] WARN  server.ServerUtils (ServerUtils.java:getScmDbDir(145)) - ozone.scm.db.dirs is not configured. We recommend adding this setting. Falling back to ozone.metadata.dirs instead.
2019-09-30 20:45:01,969 [main] WARN  events.EventQueue (EventQueue.java:fireEvent(183)) - No event handler registered for event TypedEvent{payloadType=SafeModeStatus, name='SafeModeStatus'}
2019-09-30 20:45:01,970 [main] INFO  ipc.CallQueueManager (CallQueueManager.java:<init>(84)) - Using callQueue: class java.util.concurrent.LinkedBlockingQueue, queueCapacity: 2000, scheduler: class org.apache.hadoop.ipc.DefaultRpcScheduler, ipcBackoff: false.
2019-09-30 20:45:01,972 [Socket Reader #1 for port 39722] INFO  ipc.Server (Server.java:run(1074)) - Starting Socket Reader #1 for port 39722
2019-09-30 20:45:01,974 [main] INFO  ipc.CallQueueManager (CallQueueManager.java:<init>(84)) - Using callQueue: class java.util.concurrent.LinkedBlockingQueue, queueCapacity: 2000, scheduler: class org.apache.hadoop.ipc.DefaultRpcScheduler, ipcBackoff: false.
2019-09-30 20:45:01,975 [Socket Reader #1 for port 39971] INFO  ipc.Server (Server.java:run(1074)) - Starting Socket Reader #1 for port 39971
2019-09-30 20:45:01,977 [main] INFO  ipc.CallQueueManager (CallQueueManager.java:<init>(84)) - Using callQueue: class java.util.concurrent.LinkedBlockingQueue, queueCapacity: 2000, scheduler: class org.apache.hadoop.ipc.DefaultRpcScheduler, ipcBackoff: false.
2019-09-30 20:45:01,978 [Socket Reader #1 for port 41626] INFO  ipc.Server (Server.java:run(1074)) - Starting Socket Reader #1 for port 41626
2019-09-30 20:45:01,980 [main] INFO  hdfs.DFSUtil (DFSUtil.java:httpServerTemplateForNNAndJN(1641)) - Starting Web-server for scm at: http://0.0.0.0:0
2019-09-30 20:45:01,982 [main] INFO  server.AuthenticationFilter (AuthenticationFilter.java:constructSecretProvider(240)) - Unable to initialize FileSignerSecretProvider, falling back to use random secrets.
2019-09-30 20:45:01,983 [main] WARN  http.HttpRequestLog (HttpRequestLog.java:getRequestLog(97)) - Jetty request log can only be enabled using Log4j
2019-09-30 20:45:01,985 [main] INFO  http.HttpServer2 (HttpServer2.java:addGlobalFilter(975)) - Added global filter 'safety' (class=org.apache.hadoop.http.HttpServer2$QuotingInputFilter)
2019-09-30 20:45:01,986 [main] INFO  http.HttpServer2 (HttpServer2.java:addFilter(948)) - Added filter static_user_filter (class=org.apache.hadoop.http.lib.StaticUserWebFilter$StaticUserFilter) to context scm
2019-09-30 20:45:01,986 [main] INFO  http.HttpServer2 (HttpServer2.java:addFilter(958)) - Added filter static_user_filter (class=org.apache.hadoop.http.lib.StaticUserWebFilter$StaticUserFilter) to context logs
2019-09-30 20:45:01,986 [main] INFO  http.HttpServer2 (HttpServer2.java:addFilter(958)) - Added filter static_user_filter (class=org.apache.hadoop.http.lib.StaticUserWebFilter$StaticUserFilter) to context static
2019-09-30 20:45:01,989 [main] INFO  server.StorageContainerManager (StorageContainerManager.java:start(770)) - StorageContainerLocationProtocol RPC server is listening at /0.0.0.0:41626
2019-09-30 20:45:01,991 [main] WARN  impl.MetricsConfig (MetricsConfig.java:loadFirst(134)) - Cannot locate configuration: tried hadoop-metrics2-storagecontainermanager.properties,hadoop-metrics2.properties
2019-09-30 20:45:01,992 [main] INFO  impl.MetricsSystemImpl (MetricsSystemImpl.java:startTimer(374)) - Scheduled Metric snapshot period at 10 second(s).
2019-09-30 20:45:01,992 [main] INFO  impl.MetricsSystemImpl (MetricsSystemImpl.java:start(191)) - StorageContainerManager metrics system started
2019-09-30 20:45:02,059 [main] WARN  impl.MetricsSystemImpl (MetricsSystemImpl.java:register(276)) - Sink prometheus already exists!
2019-09-30 20:45:02,066 [main] INFO  server.SCMClientProtocolServer (SCMClientProtocolServer.java:start(150)) - RPC server for Client  is listening at /0.0.0.0:41626
2019-09-30 20:45:02,066 [IPC Server Responder] INFO  ipc.Server (Server.java:run(1314)) - IPC Server Responder: starting
2019-09-30 20:45:02,066 [IPC Server listener on 41626] INFO  ipc.Server (Server.java:run(1153)) - IPC Server listener on 41626: starting
2019-09-30 20:45:02,070 [main] INFO  server.StorageContainerManager (StorageContainerManager.java:start(780)) - ScmBlockLocationProtocol RPC server is listening at /0.0.0.0:39971
2019-09-30 20:45:02,071 [main] INFO  server.SCMBlockProtocolServer (SCMBlockProtocolServer.java:start(146)) - RPC server for Block Protocol is listening at /0.0.0.0:39971
2019-09-30 20:45:02,071 [IPC Server Responder] INFO  ipc.Server (Server.java:run(1314)) - IPC Server Responder: starting
2019-09-30 20:45:02,071 [IPC Server listener on 39971] INFO  ipc.Server (Server.java:run(1153)) - IPC Server listener on 39971: starting
2019-09-30 20:45:02,074 [main] INFO  server.StorageContainerManager (StorageContainerManager.java:start(784)) - ScmDatanodeProtocl RPC server is listening at /0.0.0.0:39722
2019-09-30 20:45:02,075 [main] INFO  server.SCMDatanodeProtocolServer (SCMDatanodeProtocolServer.java:start(191)) - RPC server for DataNodes is listening at /0.0.0.0:39722
2019-09-30 20:45:02,075 [IPC Server Responder] INFO  ipc.Server (Server.java:run(1314)) - IPC Server Responder: starting
2019-09-30 20:45:02,075 [IPC Server listener on 39722] INFO  ipc.Server (Server.java:run(1153)) - IPC Server listener on 39722: starting
2019-09-30 20:45:02,078 [main] INFO  http.HttpServer2 (HttpServer2.java:bindListener(1191)) - Jetty bound to port 33492
2019-09-30 20:45:02,079 [main] INFO  server.Server (Server.java:doStart(351)) - jetty-9.3.25.v20180904, build timestamp: 2018-09-04T21:11:46Z, git hash: 3ce520221d0240229c862b122d2b06c12a625732
2019-09-30 20:45:02,081 [main] INFO  handler.ContextHandler (ContextHandler.java:doStart(781)) - Started o.e.j.s.ServletContextHandler@49a6f486{/logs,file:///workdir/hadoop-ozone/integration-test/target/log,AVAILABLE}
2019-09-30 20:45:02,081 [main] INFO  handler.ContextHandler (ContextHandler.java:doStart(781)) - Started o.e.j.s.ServletContextHandler@bc6288b{/static,file:///workdir/hadoop-ozone/integration-test/target/test-classes/webapps/static,AVAILABLE}
2019-09-30 20:45:02,086 [main] INFO  handler.ContextHandler (ContextHandler.java:doStart(781)) - Started o.e.j.w.WebAppContext@56e9a474{/,file:///workdir/hadoop-ozone/integration-test/target/test-classes/webapps/scm/,AVAILABLE}{/scm}
2019-09-30 20:45:02,087 [main] INFO  server.AbstractConnector (AbstractConnector.java:doStart(278)) - Started ServerConnector@45b15381{HTTP/1.1,[http/1.1]}{0.0.0.0:33492}
2019-09-30 20:45:02,087 [main] INFO  server.Server (Server.java:doStart(419)) - Started @46775ms
2019-09-30 20:45:02,087 [main] WARN  impl.MetricsSystemImpl (MetricsSystemImpl.java:register(276)) - Sink prometheus already exists!
2019-09-30 20:45:02,088 [main] INFO  server.BaseHttpServer (BaseHttpServer.java:updateConnectorAddress(215)) - HTTP server of SCM is listening at http://0.0.0.0:33492
2019-09-30 20:45:02,089 [main] WARN  server.ServerUtils (ServerUtils.java:getDBPath(222)) - ozone.om.db.dirs is not configured. We recommend adding this setting. Falling back to ozone.metadata.dirs instead.
2019-09-30 20:45:02,089 [org.apache.hadoop.util.JvmPauseMonitor$Monitor@239f017e] INFO  util.JvmPauseMonitor (JvmPauseMonitor.java:run(188)) - Starting JVM pause monitor
2019-09-30 20:45:02,104 [main] WARN  server.ServerUtils (ServerUtils.java:getDBPath(222)) - ozone.om.db.dirs is not configured. We recommend adding this setting. Falling back to ozone.metadata.dirs instead.
2019-09-30 20:45:02,105 [main] WARN  server.ServerUtils (ServerUtils.java:getDBPath(222)) - ozone.om.db.dirs is not configured. We recommend adding this setting. Falling back to ozone.metadata.dirs instead.
2019-09-30 20:45:02,105 [main] INFO  om.OzoneManager (OzoneManager.java:setOMNodeDetails(652)) - OM Service ID is not set. Setting it to the default ID: omServiceIdDefault
2019-09-30 20:45:02,106 [main] INFO  om.OzoneManager (OzoneManager.java:setOMNodeDetails(658)) - OM Node ID is not set. Setting it to the OmStorage's OmID: 7ce81f03-2a85-4ad8-95c1-c48e3a060ad7
2019-09-30 20:45:02,106 [main] INFO  om.OzoneManager (OzoneManager.java:loadOMHAConfigs(609)) - Found matching OM address with OMServiceId: null, OMNodeId: null, RPC Address: localhost:0 and Ratis port: 9872
2019-09-30 20:45:02,113 [main] WARN  server.ServerUtils (ServerUtils.java:getDBPath(222)) - ozone.om.db.dirs is not configured. We recommend adding this setting. Falling back to ozone.metadata.dirs instead.
2019-09-30 20:45:02,114 [main] INFO  db.DBStoreBuilder (DBStoreBuilder.java:addTable(110)) - using custom profile for table: userTable
2019-09-30 20:45:02,114 [main] INFO  db.DBStoreBuilder (DBStoreBuilder.java:processTables(161)) - Using default column profile:DBProfile.DISK for Table:userTable
2019-09-30 20:45:02,114 [main] INFO  db.DBStoreBuilder (DBStoreBuilder.java:addTable(110)) - using custom profile for table: volumeTable
2019-09-30 20:45:02,115 [main] INFO  db.DBStoreBuilder (DBStoreBuilder.java:processTables(161)) - Using default column profile:DBProfile.DISK for Table:volumeTable
2019-09-30 20:45:02,115 [main] INFO  db.DBStoreBuilder (DBStoreBuilder.java:addTable(110)) - using custom profile for table: bucketTable
2019-09-30 20:45:02,115 [main] INFO  db.DBStoreBuilder (DBStoreBuilder.java:processTables(161)) - Using default column profile:DBProfile.DISK for Table:bucketTable
2019-09-30 20:45:02,115 [main] INFO  db.DBStoreBuilder (DBStoreBuilder.java:addTable(110)) - using custom profile for table: keyTable
2019-09-30 20:45:02,116 [main] INFO  db.DBStoreBuilder (DBStoreBuilder.java:processTables(161)) - Using default column profile:DBProfile.DISK for Table:keyTable
2019-09-30 20:45:02,116 [main] INFO  db.DBStoreBuilder (DBStoreBuilder.java:addTable(110)) - using custom profile for table: deletedTable
2019-09-30 20:45:02,116 [main] INFO  db.DBStoreBuilder (DBStoreBuilder.java:processTables(161)) - Using default column profile:DBProfile.DISK for Table:deletedTable
2019-09-30 20:45:02,116 [main] INFO  db.DBStoreBuilder (DBStoreBuilder.java:addTable(110)) - using custom profile for table: openKeyTable
2019-09-30 20:45:02,117 [main] INFO  db.DBStoreBuilder (DBStoreBuilder.java:processTables(161)) - Using default column profile:DBProfile.DISK for Table:openKeyTable
2019-09-30 20:45:02,117 [main] INFO  db.DBStoreBuilder (DBStoreBuilder.java:addTable(110)) - using custom profile for table: s3Table
2019-09-30 20:45:02,117 [main] INFO  db.DBStoreBuilder (DBStoreBuilder.java:processTables(161)) - Using default column profile:DBProfile.DISK for Table:s3Table
2019-09-30 20:45:02,117 [main] INFO  db.DBStoreBuilder (DBStoreBuilder.java:addTable(110)) - using custom profile for table: multipartInfoTable
2019-09-30 20:45:02,118 [main] INFO  db.DBStoreBuilder (DBStoreBuilder.java:processTables(161)) - Using default column profile:DBProfile.DISK for Table:multipartInfoTable
2019-09-30 20:45:02,118 [main] INFO  db.DBStoreBuilder (DBStoreBuilder.java:addTable(110)) - using custom profile for table: dTokenTable
2019-09-30 20:45:02,118 [main] INFO  db.DBStoreBuilder (DBStoreBuilder.java:processTables(161)) - Using default column profile:DBProfile.DISK for Table:dTokenTable
2019-09-30 20:45:02,118 [main] INFO  db.DBStoreBuilder (DBStoreBuilder.java:addTable(110)) - using custom profile for table: s3SecretTable
2019-09-30 20:45:02,118 [main] INFO  db.DBStoreBuilder (DBStoreBuilder.java:processTables(161)) - Using default column profile:DBProfile.DISK for Table:s3SecretTable
2019-09-30 20:45:02,119 [main] INFO  db.DBStoreBuilder (DBStoreBuilder.java:addTable(110)) - using custom profile for table: prefixTable
2019-09-30 20:45:02,119 [main] INFO  db.DBStoreBuilder (DBStoreBuilder.java:processTables(161)) - Using default column profile:DBProfile.DISK for Table:prefixTable
2019-09-30 20:45:02,119 [main] INFO  db.DBStoreBuilder (DBStoreBuilder.java:addTable(110)) - using custom profile for table: default
2019-09-30 20:45:02,119 [main] INFO  db.DBStoreBuilder (DBStoreBuilder.java:processTables(167)) - Using default column profile:DBProfile.DISK for Table:default
2019-09-30 20:45:02,120 [main] INFO  db.DBStoreBuilder (DBStoreBuilder.java:getDbProfile(198)) - Using default options. DBProfile.DISK
2019-09-30 20:45:03,074 [main] INFO  ipc.CallQueueManager (CallQueueManager.java:<init>(84)) - Using callQueue: class java.util.concurrent.LinkedBlockingQueue, queueCapacity: 2000, scheduler: class org.apache.hadoop.ipc.DefaultRpcScheduler, ipcBackoff: false.
2019-09-30 20:45:03,075 [Socket Reader #1 for port 43470] INFO  ipc.Server (Server.java:run(1074)) - Starting Socket Reader #1 for port 43470
2019-09-30 20:45:03,094 [main] INFO  om.OzoneManager (OzoneManager.java:start(1243)) - OzoneManager RPC server is listening at localhost/127.0.0.1:43470
2019-09-30 20:45:03,094 [main] INFO  impl.MetricsSystemImpl (MetricsSystemImpl.java:init(158)) - OzoneManager metrics system started (again)
2019-09-30 20:45:03,094 [IPC Server Responder] INFO  ipc.Server (Server.java:run(1314)) - IPC Server Responder: starting
2019-09-30 20:45:03,096 [IPC Server listener on 43470] INFO  ipc.Server (Server.java:run(1153)) - IPC Server listener on 43470: starting
2019-09-30 20:45:03,100 [main] INFO  hdfs.DFSUtil (DFSUtil.java:httpServerTemplateForNNAndJN(1641)) - Starting Web-server for ozoneManager at: http://0.0.0.0:0
2019-09-30 20:45:03,101 [main] INFO  server.AuthenticationFilter (AuthenticationFilter.java:constructSecretProvider(240)) - Unable to initialize FileSignerSecretProvider, falling back to use random secrets.
2019-09-30 20:45:03,101 [main] WARN  http.HttpRequestLog (HttpRequestLog.java:getRequestLog(97)) - Jetty request log can only be enabled using Log4j
2019-09-30 20:45:03,103 [main] INFO  http.HttpServer2 (HttpServer2.java:addGlobalFilter(975)) - Added global filter 'safety' (class=org.apache.hadoop.http.HttpServer2$QuotingInputFilter)
2019-09-30 20:45:03,104 [main] INFO  http.HttpServer2 (HttpServer2.java:addFilter(948)) - Added filter static_user_filter (class=org.apache.hadoop.http.lib.StaticUserWebFilter$StaticUserFilter) to context ozoneManager
2019-09-30 20:45:03,104 [main] INFO  http.HttpServer2 (HttpServer2.java:addFilter(958)) - Added filter static_user_filter (class=org.apache.hadoop.http.lib.StaticUserWebFilter$StaticUserFilter) to context logs
2019-09-30 20:45:03,104 [main] INFO  http.HttpServer2 (HttpServer2.java:addFilter(958)) - Added filter static_user_filter (class=org.apache.hadoop.http.lib.StaticUserWebFilter$StaticUserFilter) to context static
2019-09-30 20:45:03,105 [main] INFO  http.HttpServer2 (HttpServer2.java:bindListener(1191)) - Jetty bound to port 34214
2019-09-30 20:45:03,105 [main] INFO  server.Server (Server.java:doStart(351)) - jetty-9.3.25.v20180904, build timestamp: 2018-09-04T21:11:46Z, git hash: 3ce520221d0240229c862b122d2b06c12a625732
2019-09-30 20:45:03,106 [main] INFO  handler.ContextHandler (ContextHandler.java:doStart(781)) - Started o.e.j.s.ServletContextHandler@4ace284d{/logs,file:///workdir/hadoop-ozone/integration-test/target/log,AVAILABLE}
2019-09-30 20:45:03,107 [main] INFO  handler.ContextHandler (ContextHandler.java:doStart(781)) - Started o.e.j.s.ServletContextHandler@76d72b5b{/static,file:///workdir/hadoop-ozone/integration-test/target/test-classes/webapps/static,AVAILABLE}
2019-09-30 20:45:03,111 [main] INFO  handler.ContextHandler (ContextHandler.java:doStart(781)) - Started o.e.j.w.WebAppContext@36c2d629{/,file:///workdir/hadoop-ozone/integration-test/target/test-classes/webapps/ozoneManager/,AVAILABLE}{/ozoneManager}
2019-09-30 20:45:03,111 [main] INFO  server.AbstractConnector (AbstractConnector.java:doStart(278)) - Started ServerConnector@55fee662{HTTP/1.1,[http/1.1]}{0.0.0.0:34214}
2019-09-30 20:45:03,112 [main] INFO  server.Server (Server.java:doStart(419)) - Started @47800ms
2019-09-30 20:45:03,112 [main] WARN  impl.MetricsSystemImpl (MetricsSystemImpl.java:register(276)) - Sink prometheus already exists!
2019-09-30 20:45:03,113 [main] INFO  server.BaseHttpServer (BaseHttpServer.java:updateConnectorAddress(215)) - HTTP server of OZONEMANAGER is listening at http://0.0.0.0:34214
2019-09-30 20:45:03,135 [main] INFO  impl.MetricsSystemImpl (MetricsSystemImpl.java:init(158)) - HddsDatanode metrics system started (again)
2019-09-30 20:45:03,138 [main] INFO  ozone.HddsDatanodeService (HddsDatanodeService.java:start(184)) - HddsDatanodeService host:pr-hdds-2211-2dwkd-795013237 ip:192.168.30.59
2019-09-30 20:45:03,143 [main] INFO  volume.HddsVolume (HddsVolume.java:<init>(176)) - Creating Volume: /workdir/hadoop-ozone/integration-test/target/test-dir/MiniOzoneClusterImpl-52fa08f5-cb3a-4744-95c3-64f108980532/datanode-0/data/containers/hdds of  storage type : DISK and capacity : 1482555576320
2019-09-30 20:45:03,144 [main] INFO  volume.VolumeSet (VolumeSet.java:initializeVolumeSet(170)) - Added Volume : /workdir/hadoop-ozone/integration-test/target/test-dir/MiniOzoneClusterImpl-52fa08f5-cb3a-4744-95c3-64f108980532/datanode-0/data/containers/hdds to VolumeSet
2019-09-30 20:45:03,144 [main] INFO  volume.ThrottledAsyncChecker (ThrottledAsyncChecker.java:schedule(139)) - Scheduling a check for org.apache.hadoop.ozone.container.common.volume.HddsVolume@786ff1cb
2019-09-30 20:45:03,145 [main] INFO  volume.HddsVolumeChecker (HddsVolumeChecker.java:checkAllVolumes(202)) - Scheduled health check for volume org.apache.hadoop.ozone.container.common.volume.HddsVolume@786ff1cb
2019-09-30 20:45:03,161 [main] INFO  impl.RaftServerProxy (ConfUtils.java:logGet(43)) - raft.rpc.type = GRPC (default)
2019-09-30 20:45:03,162 [main] INFO  grpc.GrpcFactory (GrpcFactory.java:checkPooledByteBufAllocatorUseCacheForAllThreads(45)) - PERFORMANCE WARNING: useCacheForAllThreads is true that may cause Netty to create a lot garbage objects and, as a result, trigger GC.
	It is recommended to disable useCacheForAllThreads by setting -Dorg.apache.ratis.thirdparty.io.netty.allocator.useCacheForAllThreads=false in command line.
2019-09-30 20:45:03,162 [main] INFO  grpc.GrpcConfigKeys$Server (ConfUtils.java:logGet(43)) - raft.grpc.server.port = 0 (default)
2019-09-30 20:45:03,162 [main] INFO  server.GrpcService (ConfUtils.java:logGet(43)) - raft.grpc.message.size.max = 33570816 (custom)
2019-09-30 20:45:03,163 [main] INFO  server.RaftServerConfigKeys (ConfUtils.java:logGet(43)) - raft.server.log.appender.buffer.byte-limit = 33554432 (custom)
2019-09-30 20:45:03,163 [main] INFO  server.GrpcService (ConfUtils.java:logGet(43)) - raft.grpc.flow.control.window = 1MB (=1048576) (default)
2019-09-30 20:45:03,163 [main] INFO  server.RaftServerConfigKeys (ConfUtils.java:logGet(43)) - raft.server.rpc.request.timeout = 3000ms (default)
2019-09-30 20:45:03,164 [main] INFO  server.RaftServerConfigKeys (ConfUtils.java:logGet(43)) - raft.server.storage.dir = [/workdir/hadoop-ozone/integration-test/target/test-dir/MiniOzoneClusterImpl-52fa08f5-cb3a-4744-95c3-64f108980532/datanode-0/data/ratis] (custom)
2019-09-30 20:45:03,165 [main] INFO  hdfs.DFSUtil (DFSUtil.java:httpServerTemplateForNNAndJN(1641)) - Starting Web-server for hddsDatanode at: http://0.0.0.0:0
2019-09-30 20:45:03,167 [main] INFO  server.AuthenticationFilter (AuthenticationFilter.java:constructSecretProvider(240)) - Unable to initialize FileSignerSecretProvider, falling back to use random secrets.
2019-09-30 20:45:03,167 [main] WARN  http.HttpRequestLog (HttpRequestLog.java:getRequestLog(97)) - Jetty request log can only be enabled using Log4j
2019-09-30 20:45:03,169 [main] INFO  http.HttpServer2 (HttpServer2.java:addGlobalFilter(975)) - Added global filter 'safety' (class=org.apache.hadoop.http.HttpServer2$QuotingInputFilter)
2019-09-30 20:45:03,169 [main] INFO  http.HttpServer2 (HttpServer2.java:addFilter(948)) - Added filter static_user_filter (class=org.apache.hadoop.http.lib.StaticUserWebFilter$StaticUserFilter) to context hddsDatanode
2019-09-30 20:45:03,170 [main] INFO  http.HttpServer2 (HttpServer2.java:addFilter(958)) - Added filter static_user_filter (class=org.apache.hadoop.http.lib.StaticUserWebFilter$StaticUserFilter) to context static
2019-09-30 20:45:03,170 [main] INFO  http.HttpServer2 (HttpServer2.java:addFilter(958)) - Added filter static_user_filter (class=org.apache.hadoop.http.lib.StaticUserWebFilter$StaticUserFilter) to context logs
2019-09-30 20:45:03,171 [main] INFO  http.HttpServer2 (HttpServer2.java:bindListener(1191)) - Jetty bound to port 40382
2019-09-30 20:45:03,171 [main] INFO  server.Server (Server.java:doStart(351)) - jetty-9.3.25.v20180904, build timestamp: 2018-09-04T21:11:46Z, git hash: 3ce520221d0240229c862b122d2b06c12a625732
2019-09-30 20:45:03,173 [main] INFO  handler.ContextHandler (ContextHandler.java:doStart(781)) - Started o.e.j.s.ServletContextHandler@2dd8ff1d{/logs,file:///workdir/hadoop-ozone/integration-test/target/log,AVAILABLE}
2019-09-30 20:45:03,173 [main] INFO  handler.ContextHandler (ContextHandler.java:doStart(781)) - Started o.e.j.s.ServletContextHandler@36b9cb99{/static,jar:file:/home/user/.m2/repository/org/apache/hadoop/hadoop-hdds-container-service/0.5.0-SNAPSHOT/hadoop-hdds-container-service-0.5.0-SNAPSHOT.jar!/webapps/static,AVAILABLE}
2019-09-30 20:45:03,208 [main] INFO  handler.ContextHandler (ContextHandler.java:doStart(781)) - Started o.e.j.w.WebAppContext@2fe74516{/,file:///tmp/jetty-0.0.0.0-40382-hddsDatanode-_-any-365093236548579722.dir/webapp/,AVAILABLE}{/hddsDatanode}
2019-09-30 20:45:03,210 [main] INFO  server.AbstractConnector (AbstractConnector.java:doStart(278)) - Started ServerConnector@1c3259fa{HTTP/1.1,[http/1.1]}{0.0.0.0:40382}
2019-09-30 20:45:03,210 [main] INFO  server.Server (Server.java:doStart(419)) - Started @47898ms
2019-09-30 20:45:03,210 [main] WARN  impl.MetricsSystemImpl (MetricsSystemImpl.java:register(276)) - Sink prometheus already exists!
2019-09-30 20:45:03,211 [main] INFO  server.BaseHttpServer (BaseHttpServer.java:updateConnectorAddress(215)) - HTTP server of HDDSDATANODE is listening at http://0.0.0.0:40382
2019-09-30 20:45:03,212 [main] INFO  impl.MetricsSystemImpl (MetricsSystemImpl.java:init(158)) - HddsDatanode metrics system started (again)
2019-09-30 20:45:03,215 [org.apache.hadoop.util.JvmPauseMonitor$Monitor@7075ae01] INFO  util.JvmPauseMonitor (JvmPauseMonitor.java:run(188)) - Starting JVM pause monitor
2019-09-30 20:45:03,216 [main] INFO  ozone.HddsDatanodeService (HddsDatanodeService.java:start(184)) - HddsDatanodeService host:pr-hdds-2211-2dwkd-795013237 ip:192.168.30.59
2019-09-30 20:45:03,217 [Datanode State Machine Thread - 0] INFO  datanode.InitDatanodeState (InitDatanodeState.java:persistContainerDatanodeDetails(140)) - DatanodeDetails is persisted to /workdir/hadoop-ozone/integration-test/target/test-dir/MiniOzoneClusterImpl-52fa08f5-cb3a-4744-95c3-64f108980532/datanode-0/meta/datanode.id
2019-09-30 20:45:03,221 [main] INFO  volume.HddsVolume (HddsVolume.java:<init>(176)) - Creating Volume: /workdir/hadoop-ozone/integration-test/target/test-dir/MiniOzoneClusterImpl-52fa08f5-cb3a-4744-95c3-64f108980532/datanode-1/data/containers/hdds of  storage type : DISK and capacity : 1482555576320
2019-09-30 20:45:03,222 [main] INFO  volume.VolumeSet (VolumeSet.java:initializeVolumeSet(170)) - Added Volume : /workdir/hadoop-ozone/integration-test/target/test-dir/MiniOzoneClusterImpl-52fa08f5-cb3a-4744-95c3-64f108980532/datanode-1/data/containers/hdds to VolumeSet
2019-09-30 20:45:03,222 [main] INFO  volume.ThrottledAsyncChecker (ThrottledAsyncChecker.java:schedule(139)) - Scheduling a check for org.apache.hadoop.ozone.container.common.volume.HddsVolume@2954f6ab
2019-09-30 20:45:03,222 [main] INFO  volume.HddsVolumeChecker (HddsVolumeChecker.java:checkAllVolumes(202)) - Scheduled health check for volume org.apache.hadoop.ozone.container.common.volume.HddsVolume@2954f6ab
2019-09-30 20:45:03,238 [main] INFO  impl.RaftServerProxy (ConfUtils.java:logGet(43)) - raft.rpc.type = GRPC (default)
2019-09-30 20:45:03,239 [main] INFO  grpc.GrpcFactory (GrpcFactory.java:checkPooledByteBufAllocatorUseCacheForAllThreads(45)) - PERFORMANCE WARNING: useCacheForAllThreads is true that may cause Netty to create a lot garbage objects and, as a result, trigger GC.
	It is recommended to disable useCacheForAllThreads by setting -Dorg.apache.ratis.thirdparty.io.netty.allocator.useCacheForAllThreads=false in command line.
2019-09-30 20:45:03,239 [main] INFO  grpc.GrpcConfigKeys$Server (ConfUtils.java:logGet(43)) - raft.grpc.server.port = 0 (default)
2019-09-30 20:45:03,239 [main] INFO  server.GrpcService (ConfUtils.java:logGet(43)) - raft.grpc.message.size.max = 33570816 (custom)
2019-09-30 20:45:03,240 [main] INFO  server.RaftServerConfigKeys (ConfUtils.java:logGet(43)) - raft.server.log.appender.buffer.byte-limit = 33554432 (custom)
2019-09-30 20:45:03,240 [main] INFO  server.GrpcService (ConfUtils.java:logGet(43)) - raft.grpc.flow.control.window = 1MB (=1048576) (default)
2019-09-30 20:45:03,240 [main] INFO  server.RaftServerConfigKeys (ConfUtils.java:logGet(43)) - raft.server.rpc.request.timeout = 3000ms (default)
2019-09-30 20:45:03,241 [main] INFO  server.RaftServerConfigKeys (ConfUtils.java:logGet(43)) - raft.server.storage.dir = [/workdir/hadoop-ozone/integration-test/target/test-dir/MiniOzoneClusterImpl-52fa08f5-cb3a-4744-95c3-64f108980532/datanode-1/data/ratis] (custom)
2019-09-30 20:45:03,243 [main] INFO  hdfs.DFSUtil (DFSUtil.java:httpServerTemplateForNNAndJN(1641)) - Starting Web-server for hddsDatanode at: http://0.0.0.0:0
2019-09-30 20:45:03,245 [main] INFO  server.AuthenticationFilter (AuthenticationFilter.java:constructSecretProvider(240)) - Unable to initialize FileSignerSecretProvider, falling back to use random secrets.
2019-09-30 20:45:03,245 [main] WARN  http.HttpRequestLog (HttpRequestLog.java:getRequestLog(97)) - Jetty request log can only be enabled using Log4j
2019-09-30 20:45:03,247 [main] INFO  http.HttpServer2 (HttpServer2.java:addGlobalFilter(975)) - Added global filter 'safety' (class=org.apache.hadoop.http.HttpServer2$QuotingInputFilter)
2019-09-30 20:45:03,247 [main] INFO  http.HttpServer2 (HttpServer2.java:addFilter(948)) - Added filter static_user_filter (class=org.apache.hadoop.http.lib.StaticUserWebFilter$StaticUserFilter) to context hddsDatanode
2019-09-30 20:45:03,248 [main] INFO  http.HttpServer2 (HttpServer2.java:addFilter(958)) - Added filter static_user_filter (class=org.apache.hadoop.http.lib.StaticUserWebFilter$StaticUserFilter) to context logs
2019-09-30 20:45:03,248 [main] INFO  http.HttpServer2 (HttpServer2.java:addFilter(958)) - Added filter static_user_filter (class=org.apache.hadoop.http.lib.StaticUserWebFilter$StaticUserFilter) to context static
2019-09-30 20:45:03,249 [main] INFO  http.HttpServer2 (HttpServer2.java:bindListener(1191)) - Jetty bound to port 37973
2019-09-30 20:45:03,249 [main] INFO  server.Server (Server.java:doStart(351)) - jetty-9.3.25.v20180904, build timestamp: 2018-09-04T21:11:46Z, git hash: 3ce520221d0240229c862b122d2b06c12a625732
2019-09-30 20:45:03,250 [main] INFO  handler.ContextHandler (ContextHandler.java:doStart(781)) - Started o.e.j.s.ServletContextHandler@3aaa3c39{/logs,file:///workdir/hadoop-ozone/integration-test/target/log,AVAILABLE}
2019-09-30 20:45:03,251 [main] INFO  handler.ContextHandler (ContextHandler.java:doStart(781)) - Started o.e.j.s.ServletContextHandler@70f68288{/static,jar:file:/home/user/.m2/repository/org/apache/hadoop/hadoop-hdds-container-service/0.5.0-SNAPSHOT/hadoop-hdds-container-service-0.5.0-SNAPSHOT.jar!/webapps/static,AVAILABLE}
2019-09-30 20:45:03,277 [main] INFO  handler.ContextHandler (ContextHandler.java:doStart(781)) - Started o.e.j.w.WebAppContext@315105f{/,file:///tmp/jetty-0.0.0.0-37973-hddsDatanode-_-any-4581417636307696274.dir/webapp/,AVAILABLE}{/hddsDatanode}
2019-09-30 20:45:03,278 [main] INFO  server.AbstractConnector (AbstractConnector.java:doStart(278)) - Started ServerConnector@7b61bf11{HTTP/1.1,[http/1.1]}{0.0.0.0:37973}
2019-09-30 20:45:03,279 [main] INFO  server.Server (Server.java:doStart(419)) - Started @47967ms
2019-09-30 20:45:03,280 [main] WARN  impl.MetricsSystemImpl (MetricsSystemImpl.java:register(276)) - Sink prometheus already exists!
2019-09-30 20:45:03,280 [main] INFO  server.BaseHttpServer (BaseHttpServer.java:updateConnectorAddress(215)) - HTTP server of HDDSDATANODE is listening at http://0.0.0.0:37973
2019-09-30 20:45:03,281 [main] INFO  impl.MetricsSystemImpl (MetricsSystemImpl.java:init(158)) - HddsDatanode metrics system started (again)
2019-09-30 20:45:03,285 [main] INFO  ozone.HddsDatanodeService (HddsDatanodeService.java:start(184)) - HddsDatanodeService host:pr-hdds-2211-2dwkd-795013237 ip:192.168.30.59
2019-09-30 20:45:03,285 [org.apache.hadoop.util.JvmPauseMonitor$Monitor@15d296e7] INFO  util.JvmPauseMonitor (JvmPauseMonitor.java:run(188)) - Starting JVM pause monitor
2019-09-30 20:45:03,287 [Datanode State Machine Thread - 0] INFO  datanode.InitDatanodeState (InitDatanodeState.java:persistContainerDatanodeDetails(140)) - DatanodeDetails is persisted to /workdir/hadoop-ozone/integration-test/target/test-dir/MiniOzoneClusterImpl-52fa08f5-cb3a-4744-95c3-64f108980532/datanode-1/meta/datanode.id
2019-09-30 20:45:03,290 [main] INFO  volume.HddsVolume (HddsVolume.java:<init>(176)) - Creating Volume: /workdir/hadoop-ozone/integration-test/target/test-dir/MiniOzoneClusterImpl-52fa08f5-cb3a-4744-95c3-64f108980532/datanode-2/data/containers/hdds of  storage type : DISK and capacity : 1482555576320
2019-09-30 20:45:03,291 [main] INFO  volume.VolumeSet (VolumeSet.java:initializeVolumeSet(170)) - Added Volume : /workdir/hadoop-ozone/integration-test/target/test-dir/MiniOzoneClusterImpl-52fa08f5-cb3a-4744-95c3-64f108980532/datanode-2/data/containers/hdds to VolumeSet
2019-09-30 20:45:03,291 [main] INFO  volume.ThrottledAsyncChecker (ThrottledAsyncChecker.java:schedule(139)) - Scheduling a check for org.apache.hadoop.ozone.container.common.volume.HddsVolume@111d5c97
2019-09-30 20:45:03,291 [main] INFO  volume.HddsVolumeChecker (HddsVolumeChecker.java:checkAllVolumes(202)) - Scheduled health check for volume org.apache.hadoop.ozone.container.common.volume.HddsVolume@111d5c97
2019-09-30 20:45:03,306 [main] INFO  impl.RaftServerProxy (ConfUtils.java:logGet(43)) - raft.rpc.type = GRPC (default)
2019-09-30 20:45:03,306 [main] INFO  grpc.GrpcFactory (GrpcFactory.java:checkPooledByteBufAllocatorUseCacheForAllThreads(45)) - PERFORMANCE WARNING: useCacheForAllThreads is true that may cause Netty to create a lot garbage objects and, as a result, trigger GC.
	It is recommended to disable useCacheForAllThreads by setting -Dorg.apache.ratis.thirdparty.io.netty.allocator.useCacheForAllThreads=false in command line.
2019-09-30 20:45:03,306 [main] INFO  grpc.GrpcConfigKeys$Server (ConfUtils.java:logGet(43)) - raft.grpc.server.port = 0 (default)
2019-09-30 20:45:03,307 [main] INFO  server.GrpcService (ConfUtils.java:logGet(43)) - raft.grpc.message.size.max = 33570816 (custom)
2019-09-30 20:45:03,307 [main] INFO  server.RaftServerConfigKeys (ConfUtils.java:logGet(43)) - raft.server.log.appender.buffer.byte-limit = 33554432 (custom)
2019-09-30 20:45:03,307 [main] INFO  server.GrpcService (ConfUtils.java:logGet(43)) - raft.grpc.flow.control.window = 1MB (=1048576) (default)
2019-09-30 20:45:03,307 [main] INFO  server.RaftServerConfigKeys (ConfUtils.java:logGet(43)) - raft.server.rpc.request.timeout = 3000ms (default)
2019-09-30 20:45:03,308 [main] INFO  server.RaftServerConfigKeys (ConfUtils.java:logGet(43)) - raft.server.storage.dir = [/workdir/hadoop-ozone/integration-test/target/test-dir/MiniOzoneClusterImpl-52fa08f5-cb3a-4744-95c3-64f108980532/datanode-2/data/ratis] (custom)
2019-09-30 20:45:03,309 [main] INFO  hdfs.DFSUtil (DFSUtil.java:httpServerTemplateForNNAndJN(1641)) - Starting Web-server for hddsDatanode at: http://0.0.0.0:0
2019-09-30 20:45:03,311 [main] INFO  server.AuthenticationFilter (AuthenticationFilter.java:constructSecretProvider(240)) - Unable to initialize FileSignerSecretProvider, falling back to use random secrets.
2019-09-30 20:45:03,311 [main] WARN  http.HttpRequestLog (HttpRequestLog.java:getRequestLog(97)) - Jetty request log can only be enabled using Log4j
2019-09-30 20:45:03,313 [main] INFO  http.HttpServer2 (HttpServer2.java:addGlobalFilter(975)) - Added global filter 'safety' (class=org.apache.hadoop.http.HttpServer2$QuotingInputFilter)
2019-09-30 20:45:03,314 [main] INFO  http.HttpServer2 (HttpServer2.java:addFilter(948)) - Added filter static_user_filter (class=org.apache.hadoop.http.lib.StaticUserWebFilter$StaticUserFilter) to context hddsDatanode
2019-09-30 20:45:03,314 [main] INFO  http.HttpServer2 (HttpServer2.java:addFilter(958)) - Added filter static_user_filter (class=org.apache.hadoop.http.lib.StaticUserWebFilter$StaticUserFilter) to context logs
2019-09-30 20:45:03,315 [main] INFO  http.HttpServer2 (HttpServer2.java:addFilter(958)) - Added filter static_user_filter (class=org.apache.hadoop.http.lib.StaticUserWebFilter$StaticUserFilter) to context static
2019-09-30 20:45:03,316 [main] INFO  http.HttpServer2 (HttpServer2.java:bindListener(1191)) - Jetty bound to port 34506
2019-09-30 20:45:03,316 [main] INFO  server.Server (Server.java:doStart(351)) - jetty-9.3.25.v20180904, build timestamp: 2018-09-04T21:11:46Z, git hash: 3ce520221d0240229c862b122d2b06c12a625732
2019-09-30 20:45:03,318 [main] INFO  handler.ContextHandler (ContextHandler.java:doStart(781)) - Started o.e.j.s.ServletContextHandler@441fbe89{/logs,file:///workdir/hadoop-ozone/integration-test/target/log,AVAILABLE}
2019-09-30 20:45:03,318 [main] INFO  handler.ContextHandler (ContextHandler.java:doStart(781)) - Started o.e.j.s.ServletContextHandler@45ab3bdd{/static,jar:file:/home/user/.m2/repository/org/apache/hadoop/hadoop-hdds-container-service/0.5.0-SNAPSHOT/hadoop-hdds-container-service-0.5.0-SNAPSHOT.jar!/webapps/static,AVAILABLE}
2019-09-30 20:45:03,349 [main] INFO  handler.ContextHandler (ContextHandler.java:doStart(781)) - Started o.e.j.w.WebAppContext@e784320{/,file:///tmp/jetty-0.0.0.0-34506-hddsDatanode-_-any-3112014395123437963.dir/webapp/,AVAILABLE}{/hddsDatanode}
2019-09-30 20:45:03,350 [main] INFO  server.AbstractConnector (AbstractConnector.java:doStart(278)) - Started ServerConnector@3f6bf8aa{HTTP/1.1,[http/1.1]}{0.0.0.0:34506}
2019-09-30 20:45:03,351 [main] INFO  server.Server (Server.java:doStart(419)) - Started @48038ms
2019-09-30 20:45:03,351 [main] WARN  impl.MetricsSystemImpl (MetricsSystemImpl.java:register(276)) - Sink prometheus already exists!
2019-09-30 20:45:03,352 [main] INFO  server.BaseHttpServer (BaseHttpServer.java:updateConnectorAddress(215)) - HTTP server of HDDSDATANODE is listening at http://0.0.0.0:34506
2019-09-30 20:45:03,352 [main] INFO  impl.MetricsSystemImpl (MetricsSystemImpl.java:init(158)) - HddsDatanode metrics system started (again)
2019-09-30 20:45:03,356 [org.apache.hadoop.util.JvmPauseMonitor$Monitor@77fee26f] INFO  util.JvmPauseMonitor (JvmPauseMonitor.java:run(188)) - Starting JVM pause monitor
2019-09-30 20:45:03,356 [main] INFO  ozone.HddsDatanodeService (HddsDatanodeService.java:start(184)) - HddsDatanodeService host:pr-hdds-2211-2dwkd-795013237 ip:192.168.30.59
2019-09-30 20:45:03,357 [Datanode State Machine Thread - 0] INFO  datanode.InitDatanodeState (InitDatanodeState.java:persistContainerDatanodeDetails(140)) - DatanodeDetails is persisted to /workdir/hadoop-ozone/integration-test/target/test-dir/MiniOzoneClusterImpl-52fa08f5-cb3a-4744-95c3-64f108980532/datanode-2/meta/datanode.id
2019-09-30 20:45:03,361 [main] INFO  volume.HddsVolume (HddsVolume.java:<init>(176)) - Creating Volume: /workdir/hadoop-ozone/integration-test/target/test-dir/MiniOzoneClusterImpl-52fa08f5-cb3a-4744-95c3-64f108980532/datanode-3/data/containers/hdds of  storage type : DISK and capacity : 1482555576320
2019-09-30 20:45:03,362 [main] INFO  volume.VolumeSet (VolumeSet.java:initializeVolumeSet(170)) - Added Volume : /workdir/hadoop-ozone/integration-test/target/test-dir/MiniOzoneClusterImpl-52fa08f5-cb3a-4744-95c3-64f108980532/datanode-3/data/containers/hdds to VolumeSet
2019-09-30 20:45:03,362 [main] INFO  volume.ThrottledAsyncChecker (ThrottledAsyncChecker.java:schedule(139)) - Scheduling a check for org.apache.hadoop.ozone.container.common.volume.HddsVolume@7235f92b
2019-09-30 20:45:03,362 [main] INFO  volume.HddsVolumeChecker (HddsVolumeChecker.java:checkAllVolumes(202)) - Scheduled health check for volume org.apache.hadoop.ozone.container.common.volume.HddsVolume@7235f92b
2019-09-30 20:45:03,377 [main] INFO  impl.RaftServerProxy (ConfUtils.java:logGet(43)) - raft.rpc.type = GRPC (default)
2019-09-30 20:45:03,377 [main] INFO  grpc.GrpcFactory (GrpcFactory.java:checkPooledByteBufAllocatorUseCacheForAllThreads(45)) - PERFORMANCE WARNING: useCacheForAllThreads is true that may cause Netty to create a lot garbage objects and, as a result, trigger GC.
	It is recommended to disable useCacheForAllThreads by setting -Dorg.apache.ratis.thirdparty.io.netty.allocator.useCacheForAllThreads=false in command line.
2019-09-30 20:45:03,377 [main] INFO  grpc.GrpcConfigKeys$Server (ConfUtils.java:logGet(43)) - raft.grpc.server.port = 0 (default)
2019-09-30 20:45:03,378 [main] INFO  server.GrpcService (ConfUtils.java:logGet(43)) - raft.grpc.message.size.max = 33570816 (custom)
2019-09-30 20:45:03,378 [main] INFO  server.RaftServerConfigKeys (ConfUtils.java:logGet(43)) - raft.server.log.appender.buffer.byte-limit = 33554432 (custom)
2019-09-30 20:45:03,378 [main] INFO  server.GrpcService (ConfUtils.java:logGet(43)) - raft.grpc.flow.control.window = 1MB (=1048576) (default)
2019-09-30 20:45:03,378 [main] INFO  server.RaftServerConfigKeys (ConfUtils.java:logGet(43)) - raft.server.rpc.request.timeout = 3000ms (default)
2019-09-30 20:45:03,379 [main] INFO  server.RaftServerConfigKeys (ConfUtils.java:logGet(43)) - raft.server.storage.dir = [/workdir/hadoop-ozone/integration-test/target/test-dir/MiniOzoneClusterImpl-52fa08f5-cb3a-4744-95c3-64f108980532/datanode-3/data/ratis] (custom)
2019-09-30 20:45:03,380 [main] INFO  hdfs.DFSUtil (DFSUtil.java:httpServerTemplateForNNAndJN(1641)) - Starting Web-server for hddsDatanode at: http://0.0.0.0:0
2019-09-30 20:45:03,382 [main] INFO  server.AuthenticationFilter (AuthenticationFilter.java:constructSecretProvider(240)) - Unable to initialize FileSignerSecretProvider, falling back to use random secrets.
2019-09-30 20:45:03,382 [main] WARN  http.HttpRequestLog (HttpRequestLog.java:getRequestLog(97)) - Jetty request log can only be enabled using Log4j
2019-09-30 20:45:03,383 [main] INFO  http.HttpServer2 (HttpServer2.java:addGlobalFilter(975)) - Added global filter 'safety' (class=org.apache.hadoop.http.HttpServer2$QuotingInputFilter)
2019-09-30 20:45:03,384 [main] INFO  http.HttpServer2 (HttpServer2.java:addFilter(948)) - Added filter static_user_filter (class=org.apache.hadoop.http.lib.StaticUserWebFilter$StaticUserFilter) to context hddsDatanode
2019-09-30 20:45:03,384 [main] INFO  http.HttpServer2 (HttpServer2.java:addFilter(958)) - Added filter static_user_filter (class=org.apache.hadoop.http.lib.StaticUserWebFilter$StaticUserFilter) to context logs
2019-09-30 20:45:03,384 [main] INFO  http.HttpServer2 (HttpServer2.java:addFilter(958)) - Added filter static_user_filter (class=org.apache.hadoop.http.lib.StaticUserWebFilter$StaticUserFilter) to context static
2019-09-30 20:45:03,385 [main] INFO  http.HttpServer2 (HttpServer2.java:bindListener(1191)) - Jetty bound to port 36355
2019-09-30 20:45:03,385 [main] INFO  server.Server (Server.java:doStart(351)) - jetty-9.3.25.v20180904, build timestamp: 2018-09-04T21:11:46Z, git hash: 3ce520221d0240229c862b122d2b06c12a625732
2019-09-30 20:45:03,387 [main] INFO  handler.ContextHandler (ContextHandler.java:doStart(781)) - Started o.e.j.s.ServletContextHandler@7dcb42a9{/logs,file:///workdir/hadoop-ozone/integration-test/target/log,AVAILABLE}
2019-09-30 20:45:03,387 [main] INFO  handler.ContextHandler (ContextHandler.java:doStart(781)) - Started o.e.j.s.ServletContextHandler@1d06f16f{/static,jar:file:/home/user/.m2/repository/org/apache/hadoop/hadoop-hdds-container-service/0.5.0-SNAPSHOT/hadoop-hdds-container-service-0.5.0-SNAPSHOT.jar!/webapps/static,AVAILABLE}
2019-09-30 20:45:03,415 [main] INFO  handler.ContextHandler (ContextHandler.java:doStart(781)) - Started o.e.j.w.WebAppContext@60e06f7d{/,file:///tmp/jetty-0.0.0.0-36355-hddsDatanode-_-any-1488904461102724366.dir/webapp/,AVAILABLE}{/hddsDatanode}
2019-09-30 20:45:03,416 [main] INFO  server.AbstractConnector (AbstractConnector.java:doStart(278)) - Started ServerConnector@66a5755{HTTP/1.1,[http/1.1]}{0.0.0.0:36355}
2019-09-30 20:45:03,417 [main] INFO  server.Server (Server.java:doStart(419)) - Started @48105ms
2019-09-30 20:45:03,417 [main] WARN  impl.MetricsSystemImpl (MetricsSystemImpl.java:register(276)) - Sink prometheus already exists!
2019-09-30 20:45:03,418 [main] INFO  server.BaseHttpServer (BaseHttpServer.java:updateConnectorAddress(215)) - HTTP server of HDDSDATANODE is listening at http://0.0.0.0:36355
2019-09-30 20:45:03,419 [main] INFO  impl.MetricsSystemImpl (MetricsSystemImpl.java:init(158)) - HddsDatanode metrics system started (again)
2019-09-30 20:45:03,424 [org.apache.hadoop.util.JvmPauseMonitor$Monitor@71aaa4d7] INFO  util.JvmPauseMonitor (JvmPauseMonitor.java:run(188)) - Starting JVM pause monitor
2019-09-30 20:45:03,425 [main] INFO  ozone.HddsDatanodeService (HddsDatanodeService.java:start(184)) - HddsDatanodeService host:pr-hdds-2211-2dwkd-795013237 ip:192.168.30.59
2019-09-30 20:45:03,425 [Datanode State Machine Thread - 0] INFO  datanode.InitDatanodeState (InitDatanodeState.java:persistContainerDatanodeDetails(140)) - DatanodeDetails is persisted to /workdir/hadoop-ozone/integration-test/target/test-dir/MiniOzoneClusterImpl-52fa08f5-cb3a-4744-95c3-64f108980532/datanode-3/meta/datanode.id
2019-09-30 20:45:03,431 [main] INFO  volume.HddsVolume (HddsVolume.java:<init>(176)) - Creating Volume: /workdir/hadoop-ozone/integration-test/target/test-dir/MiniOzoneClusterImpl-52fa08f5-cb3a-4744-95c3-64f108980532/datanode-4/data/containers/hdds of  storage type : DISK and capacity : 1482555576320
2019-09-30 20:45:03,432 [main] INFO  volume.VolumeSet (VolumeSet.java:initializeVolumeSet(170)) - Added Volume : /workdir/hadoop-ozone/integration-test/target/test-dir/MiniOzoneClusterImpl-52fa08f5-cb3a-4744-95c3-64f108980532/datanode-4/data/containers/hdds to VolumeSet
2019-09-30 20:45:03,432 [main] INFO  volume.ThrottledAsyncChecker (ThrottledAsyncChecker.java:schedule(139)) - Scheduling a check for org.apache.hadoop.ozone.container.common.volume.HddsVolume@3d24420b
2019-09-30 20:45:03,433 [main] INFO  volume.HddsVolumeChecker (HddsVolumeChecker.java:checkAllVolumes(202)) - Scheduled health check for volume org.apache.hadoop.ozone.container.common.volume.HddsVolume@3d24420b
2019-09-30 20:45:03,456 [main] INFO  impl.RaftServerProxy (ConfUtils.java:logGet(43)) - raft.rpc.type = GRPC (default)
2019-09-30 20:45:03,457 [main] INFO  grpc.GrpcFactory (GrpcFactory.java:checkPooledByteBufAllocatorUseCacheForAllThreads(45)) - PERFORMANCE WARNING: useCacheForAllThreads is true that may cause Netty to create a lot garbage objects and, as a result, trigger GC.
	It is recommended to disable useCacheForAllThreads by setting -Dorg.apache.ratis.thirdparty.io.netty.allocator.useCacheForAllThreads=false in command line.
2019-09-30 20:45:03,457 [main] INFO  grpc.GrpcConfigKeys$Server (ConfUtils.java:logGet(43)) - raft.grpc.server.port = 0 (default)
2019-09-30 20:45:03,457 [main] INFO  server.GrpcService (ConfUtils.java:logGet(43)) - raft.grpc.message.size.max = 33570816 (custom)
2019-09-30 20:45:03,458 [main] INFO  server.RaftServerConfigKeys (ConfUtils.java:logGet(43)) - raft.server.log.appender.buffer.byte-limit = 33554432 (custom)
2019-09-30 20:45:03,458 [main] INFO  server.GrpcService (ConfUtils.java:logGet(43)) - raft.grpc.flow.control.window = 1MB (=1048576) (default)
2019-09-30 20:45:03,458 [main] INFO  server.RaftServerConfigKeys (ConfUtils.java:logGet(43)) - raft.server.rpc.request.timeout = 3000ms (default)
2019-09-30 20:45:03,459 [main] INFO  server.RaftServerConfigKeys (ConfUtils.java:logGet(43)) - raft.server.storage.dir = [/workdir/hadoop-ozone/integration-test/target/test-dir/MiniOzoneClusterImpl-52fa08f5-cb3a-4744-95c3-64f108980532/datanode-4/data/ratis] (custom)
2019-09-30 20:45:03,460 [main] INFO  hdfs.DFSUtil (DFSUtil.java:httpServerTemplateForNNAndJN(1641)) - Starting Web-server for hddsDatanode at: http://0.0.0.0:0
2019-09-30 20:45:03,462 [main] INFO  server.AuthenticationFilter (AuthenticationFilter.java:constructSecretProvider(240)) - Unable to initialize FileSignerSecretProvider, falling back to use random secrets.
2019-09-30 20:45:03,463 [main] WARN  http.HttpRequestLog (HttpRequestLog.java:getRequestLog(97)) - Jetty request log can only be enabled using Log4j
2019-09-30 20:45:03,464 [main] INFO  http.HttpServer2 (HttpServer2.java:addGlobalFilter(975)) - Added global filter 'safety' (class=org.apache.hadoop.http.HttpServer2$QuotingInputFilter)
2019-09-30 20:45:03,465 [main] INFO  http.HttpServer2 (HttpServer2.java:addFilter(948)) - Added filter static_user_filter (class=org.apache.hadoop.http.lib.StaticUserWebFilter$StaticUserFilter) to context hddsDatanode
2019-09-30 20:45:03,465 [main] INFO  http.HttpServer2 (HttpServer2.java:addFilter(958)) - Added filter static_user_filter (class=org.apache.hadoop.http.lib.StaticUserWebFilter$StaticUserFilter) to context logs
2019-09-30 20:45:03,465 [main] INFO  http.HttpServer2 (HttpServer2.java:addFilter(958)) - Added filter static_user_filter (class=org.apache.hadoop.http.lib.StaticUserWebFilter$StaticUserFilter) to context static
2019-09-30 20:45:03,466 [main] INFO  http.HttpServer2 (HttpServer2.java:bindListener(1191)) - Jetty bound to port 46055
2019-09-30 20:45:03,466 [main] INFO  server.Server (Server.java:doStart(351)) - jetty-9.3.25.v20180904, build timestamp: 2018-09-04T21:11:46Z, git hash: 3ce520221d0240229c862b122d2b06c12a625732
2019-09-30 20:45:03,468 [main] INFO  handler.ContextHandler (ContextHandler.java:doStart(781)) - Started o.e.j.s.ServletContextHandler@759de304{/logs,file:///workdir/hadoop-ozone/integration-test/target/log,AVAILABLE}
2019-09-30 20:45:03,469 [main] INFO  handler.ContextHandler (ContextHandler.java:doStart(781)) - Started o.e.j.s.ServletContextHandler@294f9d50{/static,jar:file:/home/user/.m2/repository/org/apache/hadoop/hadoop-hdds-container-service/0.5.0-SNAPSHOT/hadoop-hdds-container-service-0.5.0-SNAPSHOT.jar!/webapps/static,AVAILABLE}
2019-09-30 20:45:03,499 [main] INFO  handler.ContextHandler (ContextHandler.java:doStart(781)) - Started o.e.j.w.WebAppContext@36ab3814{/,file:///tmp/jetty-0.0.0.0-46055-hddsDatanode-_-any-3060405181041946751.dir/webapp/,AVAILABLE}{/hddsDatanode}
2019-09-30 20:45:03,499 [main] INFO  server.AbstractConnector (AbstractConnector.java:doStart(278)) - Started ServerConnector@2abbd0d9{HTTP/1.1,[http/1.1]}{0.0.0.0:46055}
2019-09-30 20:45:03,501 [main] INFO  server.Server (Server.java:doStart(419)) - Started @48188ms
2019-09-30 20:45:03,501 [main] WARN  impl.MetricsSystemImpl (MetricsSystemImpl.java:register(276)) - Sink prometheus already exists!
2019-09-30 20:45:03,501 [main] INFO  server.BaseHttpServer (BaseHttpServer.java:updateConnectorAddress(215)) - HTTP server of HDDSDATANODE is listening at http://0.0.0.0:46055
2019-09-30 20:45:03,502 [main] INFO  impl.MetricsSystemImpl (MetricsSystemImpl.java:init(158)) - HddsDatanode metrics system started (again)
2019-09-30 20:45:03,506 [main] INFO  ozone.HddsDatanodeService (HddsDatanodeService.java:start(184)) - HddsDatanodeService host:pr-hdds-2211-2dwkd-795013237 ip:192.168.30.59
2019-09-30 20:45:03,506 [org.apache.hadoop.util.JvmPauseMonitor$Monitor@40039efb] INFO  util.JvmPauseMonitor (JvmPauseMonitor.java:run(188)) - Starting JVM pause monitor
2019-09-30 20:45:03,508 [Datanode State Machine Thread - 0] INFO  datanode.InitDatanodeState (InitDatanodeState.java:persistContainerDatanodeDetails(140)) - DatanodeDetails is persisted to /workdir/hadoop-ozone/integration-test/target/test-dir/MiniOzoneClusterImpl-52fa08f5-cb3a-4744-95c3-64f108980532/datanode-4/meta/datanode.id
2019-09-30 20:45:03,512 [main] INFO  volume.HddsVolume (HddsVolume.java:<init>(176)) - Creating Volume: /workdir/hadoop-ozone/integration-test/target/test-dir/MiniOzoneClusterImpl-52fa08f5-cb3a-4744-95c3-64f108980532/datanode-5/data/containers/hdds of  storage type : DISK and capacity : 1482555576320
2019-09-30 20:45:03,513 [main] INFO  volume.VolumeSet (VolumeSet.java:initializeVolumeSet(170)) - Added Volume : /workdir/hadoop-ozone/integration-test/target/test-dir/MiniOzoneClusterImpl-52fa08f5-cb3a-4744-95c3-64f108980532/datanode-5/data/containers/hdds to VolumeSet
2019-09-30 20:45:03,513 [main] INFO  volume.ThrottledAsyncChecker (ThrottledAsyncChecker.java:schedule(139)) - Scheduling a check for org.apache.hadoop.ozone.container.common.volume.HddsVolume@34d713a2
2019-09-30 20:45:03,513 [main] INFO  volume.HddsVolumeChecker (HddsVolumeChecker.java:checkAllVolumes(202)) - Scheduled health check for volume org.apache.hadoop.ozone.container.common.volume.HddsVolume@34d713a2
2019-09-30 20:45:03,527 [main] INFO  impl.RaftServerProxy (ConfUtils.java:logGet(43)) - raft.rpc.type = GRPC (default)
2019-09-30 20:45:03,527 [main] INFO  grpc.GrpcFactory (GrpcFactory.java:checkPooledByteBufAllocatorUseCacheForAllThreads(45)) - PERFORMANCE WARNING: useCacheForAllThreads is true that may cause Netty to create a lot garbage objects and, as a result, trigger GC.
	It is recommended to disable useCacheForAllThreads by setting -Dorg.apache.ratis.thirdparty.io.netty.allocator.useCacheForAllThreads=false in command line.
2019-09-30 20:45:03,527 [main] INFO  grpc.GrpcConfigKeys$Server (ConfUtils.java:logGet(43)) - raft.grpc.server.port = 0 (default)
2019-09-30 20:45:03,527 [main] INFO  server.GrpcService (ConfUtils.java:logGet(43)) - raft.grpc.message.size.max = 33570816 (custom)
2019-09-30 20:45:03,527 [main] INFO  server.RaftServerConfigKeys (ConfUtils.java:logGet(43)) - raft.server.log.appender.buffer.byte-limit = 33554432 (custom)
2019-09-30 20:45:03,528 [main] INFO  server.GrpcService (ConfUtils.java:logGet(43)) - raft.grpc.flow.control.window = 1MB (=1048576) (default)
2019-09-30 20:45:03,528 [main] INFO  server.RaftServerConfigKeys (ConfUtils.java:logGet(43)) - raft.server.rpc.request.timeout = 3000ms (default)
2019-09-30 20:45:03,528 [main] INFO  server.RaftServerConfigKeys (ConfUtils.java:logGet(43)) - raft.server.storage.dir = [/workdir/hadoop-ozone/integration-test/target/test-dir/MiniOzoneClusterImpl-52fa08f5-cb3a-4744-95c3-64f108980532/datanode-5/data/ratis] (custom)
2019-09-30 20:45:03,530 [main] INFO  hdfs.DFSUtil (DFSUtil.java:httpServerTemplateForNNAndJN(1641)) - Starting Web-server for hddsDatanode at: http://0.0.0.0:0
2019-09-30 20:45:03,531 [main] INFO  server.AuthenticationFilter (AuthenticationFilter.java:constructSecretProvider(240)) - Unable to initialize FileSignerSecretProvider, falling back to use random secrets.
2019-09-30 20:45:03,531 [main] WARN  http.HttpRequestLog (HttpRequestLog.java:getRequestLog(97)) - Jetty request log can only be enabled using Log4j
2019-09-30 20:45:03,532 [main] INFO  http.HttpServer2 (HttpServer2.java:addGlobalFilter(975)) - Added global filter 'safety' (class=org.apache.hadoop.http.HttpServer2$QuotingInputFilter)
2019-09-30 20:45:03,533 [main] INFO  http.HttpServer2 (HttpServer2.java:addFilter(948)) - Added filter static_user_filter (class=org.apache.hadoop.http.lib.StaticUserWebFilter$StaticUserFilter) to context hddsDatanode
2019-09-30 20:45:03,533 [main] INFO  http.HttpServer2 (HttpServer2.java:addFilter(958)) - Added filter static_user_filter (class=org.apache.hadoop.http.lib.StaticUserWebFilter$StaticUserFilter) to context logs
2019-09-30 20:45:03,533 [main] INFO  http.HttpServer2 (HttpServer2.java:addFilter(958)) - Added filter static_user_filter (class=org.apache.hadoop.http.lib.StaticUserWebFilter$StaticUserFilter) to context static
2019-09-30 20:45:03,534 [main] INFO  http.HttpServer2 (HttpServer2.java:bindListener(1191)) - Jetty bound to port 36272
2019-09-30 20:45:03,534 [main] INFO  server.Server (Server.java:doStart(351)) - jetty-9.3.25.v20180904, build timestamp: 2018-09-04T21:11:46Z, git hash: 3ce520221d0240229c862b122d2b06c12a625732
2019-09-30 20:45:03,536 [main] INFO  handler.ContextHandler (ContextHandler.java:doStart(781)) - Started o.e.j.s.ServletContextHandler@4a8ffd75{/logs,file:///workdir/hadoop-ozone/integration-test/target/log,AVAILABLE}
2019-09-30 20:45:03,536 [main] INFO  handler.ContextHandler (ContextHandler.java:doStart(781)) - Started o.e.j.s.ServletContextHandler@7f9e8421{/static,jar:file:/home/user/.m2/repository/org/apache/hadoop/hadoop-hdds-container-service/0.5.0-SNAPSHOT/hadoop-hdds-container-service-0.5.0-SNAPSHOT.jar!/webapps/static,AVAILABLE}
2019-09-30 20:45:03,564 [main] INFO  handler.ContextHandler (ContextHandler.java:doStart(781)) - Started o.e.j.w.WebAppContext@5e13f156{/,file:///tmp/jetty-0.0.0.0-36272-hddsDatanode-_-any-4292972453194533382.dir/webapp/,AVAILABLE}{/hddsDatanode}
2019-09-30 20:45:03,564 [main] INFO  server.AbstractConnector (AbstractConnector.java:doStart(278)) - Started ServerConnector@310ed6b4{HTTP/1.1,[http/1.1]}{0.0.0.0:36272}
2019-09-30 20:45:03,566 [main] INFO  server.Server (Server.java:doStart(419)) - Started @48254ms
2019-09-30 20:45:03,566 [main] WARN  impl.MetricsSystemImpl (MetricsSystemImpl.java:register(276)) - Sink prometheus already exists!
2019-09-30 20:45:03,567 [main] INFO  server.BaseHttpServer (BaseHttpServer.java:updateConnectorAddress(215)) - HTTP server of HDDSDATANODE is listening at http://0.0.0.0:36272
2019-09-30 20:45:03,567 [main] INFO  impl.MetricsSystemImpl (MetricsSystemImpl.java:init(158)) - HddsDatanode metrics system started (again)
2019-09-30 20:45:03,572 [org.apache.hadoop.util.JvmPauseMonitor$Monitor@17c28dbf] INFO  util.JvmPauseMonitor (JvmPauseMonitor.java:run(188)) - Starting JVM pause monitor
2019-09-30 20:45:03,572 [main] INFO  ozone.HddsDatanodeService (HddsDatanodeService.java:start(184)) - HddsDatanodeService host:pr-hdds-2211-2dwkd-795013237 ip:192.168.30.59
2019-09-30 20:45:03,574 [Datanode State Machine Thread - 0] INFO  datanode.InitDatanodeState (InitDatanodeState.java:persistContainerDatanodeDetails(140)) - DatanodeDetails is persisted to /workdir/hadoop-ozone/integration-test/target/test-dir/MiniOzoneClusterImpl-52fa08f5-cb3a-4744-95c3-64f108980532/datanode-5/meta/datanode.id
2019-09-30 20:45:03,578 [main] INFO  volume.HddsVolume (HddsVolume.java:<init>(176)) - Creating Volume: /workdir/hadoop-ozone/integration-test/target/test-dir/MiniOzoneClusterImpl-52fa08f5-cb3a-4744-95c3-64f108980532/datanode-6/data/containers/hdds of  storage type : DISK and capacity : 1482555576320
2019-09-30 20:45:03,578 [main] INFO  volume.VolumeSet (VolumeSet.java:initializeVolumeSet(170)) - Added Volume : /workdir/hadoop-ozone/integration-test/target/test-dir/MiniOzoneClusterImpl-52fa08f5-cb3a-4744-95c3-64f108980532/datanode-6/data/containers/hdds to VolumeSet
2019-09-30 20:45:03,579 [main] INFO  volume.ThrottledAsyncChecker (ThrottledAsyncChecker.java:schedule(139)) - Scheduling a check for org.apache.hadoop.ozone.container.common.volume.HddsVolume@2d74c81b
2019-09-30 20:45:03,579 [main] INFO  volume.HddsVolumeChecker (HddsVolumeChecker.java:checkAllVolumes(202)) - Scheduled health check for volume org.apache.hadoop.ozone.container.common.volume.HddsVolume@2d74c81b
2019-09-30 20:45:03,592 [main] INFO  impl.RaftServerProxy (ConfUtils.java:logGet(43)) - raft.rpc.type = GRPC (default)
2019-09-30 20:45:03,593 [main] INFO  grpc.GrpcFactory (GrpcFactory.java:checkPooledByteBufAllocatorUseCacheForAllThreads(45)) - PERFORMANCE WARNING: useCacheForAllThreads is true that may cause Netty to create a lot garbage objects and, as a result, trigger GC.
	It is recommended to disable useCacheForAllThreads by setting -Dorg.apache.ratis.thirdparty.io.netty.allocator.useCacheForAllThreads=false in command line.
2019-09-30 20:45:03,593 [main] INFO  grpc.GrpcConfigKeys$Server (ConfUtils.java:logGet(43)) - raft.grpc.server.port = 0 (default)
2019-09-30 20:45:03,593 [main] INFO  server.GrpcService (ConfUtils.java:logGet(43)) - raft.grpc.message.size.max = 33570816 (custom)
2019-09-30 20:45:03,593 [main] INFO  server.RaftServerConfigKeys (ConfUtils.java:logGet(43)) - raft.server.log.appender.buffer.byte-limit = 33554432 (custom)
2019-09-30 20:45:03,593 [main] INFO  server.GrpcService (ConfUtils.java:logGet(43)) - raft.grpc.flow.control.window = 1MB (=1048576) (default)
2019-09-30 20:45:03,593 [main] INFO  server.RaftServerConfigKeys (ConfUtils.java:logGet(43)) - raft.server.rpc.request.timeout = 3000ms (default)
2019-09-30 20:45:03,594 [main] INFO  server.RaftServerConfigKeys (ConfUtils.java:logGet(43)) - raft.server.storage.dir = [/workdir/hadoop-ozone/integration-test/target/test-dir/MiniOzoneClusterImpl-52fa08f5-cb3a-4744-95c3-64f108980532/datanode-6/data/ratis] (custom)
2019-09-30 20:45:03,595 [main] INFO  hdfs.DFSUtil (DFSUtil.java:httpServerTemplateForNNAndJN(1641)) - Starting Web-server for hddsDatanode at: http://0.0.0.0:0
2019-09-30 20:45:03,597 [main] INFO  server.AuthenticationFilter (AuthenticationFilter.java:constructSecretProvider(240)) - Unable to initialize FileSignerSecretProvider, falling back to use random secrets.
2019-09-30 20:45:03,597 [main] WARN  http.HttpRequestLog (HttpRequestLog.java:getRequestLog(97)) - Jetty request log can only be enabled using Log4j
2019-09-30 20:45:03,599 [main] INFO  http.HttpServer2 (HttpServer2.java:addGlobalFilter(975)) - Added global filter 'safety' (class=org.apache.hadoop.http.HttpServer2$QuotingInputFilter)
2019-09-30 20:45:03,599 [main] INFO  http.HttpServer2 (HttpServer2.java:addFilter(948)) - Added filter static_user_filter (class=org.apache.hadoop.http.lib.StaticUserWebFilter$StaticUserFilter) to context hddsDatanode
2019-09-30 20:45:03,599 [main] INFO  http.HttpServer2 (HttpServer2.java:addFilter(958)) - Added filter static_user_filter (class=org.apache.hadoop.http.lib.StaticUserWebFilter$StaticUserFilter) to context logs
2019-09-30 20:45:03,600 [main] INFO  http.HttpServer2 (HttpServer2.java:addFilter(958)) - Added filter static_user_filter (class=org.apache.hadoop.http.lib.StaticUserWebFilter$StaticUserFilter) to context static
2019-09-30 20:45:03,600 [main] INFO  http.HttpServer2 (HttpServer2.java:bindListener(1191)) - Jetty bound to port 39027
2019-09-30 20:45:03,600 [main] INFO  server.Server (Server.java:doStart(351)) - jetty-9.3.25.v20180904, build timestamp: 2018-09-04T21:11:46Z, git hash: 3ce520221d0240229c862b122d2b06c12a625732
2019-09-30 20:45:03,602 [main] INFO  handler.ContextHandler (ContextHandler.java:doStart(781)) - Started o.e.j.s.ServletContextHandler@4519f676{/logs,file:///workdir/hadoop-ozone/integration-test/target/log,AVAILABLE}
2019-09-30 20:45:03,602 [main] INFO  handler.ContextHandler (ContextHandler.java:doStart(781)) - Started o.e.j.s.ServletContextHandler@3596b249{/static,jar:file:/home/user/.m2/repository/org/apache/hadoop/hadoop-hdds-container-service/0.5.0-SNAPSHOT/hadoop-hdds-container-service-0.5.0-SNAPSHOT.jar!/webapps/static,AVAILABLE}
2019-09-30 20:45:03,631 [main] INFO  handler.ContextHandler (ContextHandler.java:doStart(781)) - Started o.e.j.w.WebAppContext@67b355c8{/,file:///tmp/jetty-0.0.0.0-39027-hddsDatanode-_-any-5649255955588320279.dir/webapp/,AVAILABLE}{/hddsDatanode}
2019-09-30 20:45:03,631 [main] INFO  server.AbstractConnector (AbstractConnector.java:doStart(278)) - Started ServerConnector@388623ad{HTTP/1.1,[http/1.1]}{0.0.0.0:39027}
2019-09-30 20:45:03,633 [main] INFO  server.Server (Server.java:doStart(419)) - Started @48320ms
2019-09-30 20:45:03,633 [main] WARN  impl.MetricsSystemImpl (MetricsSystemImpl.java:register(276)) - Sink prometheus already exists!
2019-09-30 20:45:03,634 [main] INFO  server.BaseHttpServer (BaseHttpServer.java:updateConnectorAddress(215)) - HTTP server of HDDSDATANODE is listening at http://0.0.0.0:39027
2019-09-30 20:45:03,634 [main] INFO  ozone.MiniOzoneClusterImpl (MiniOzoneClusterImpl.java:lambda$waitForClusterToBeReady$0(147)) - Waiting for cluster to be ready. Got 0 of 7 DN Heartbeats.
2019-09-30 20:45:03,637 [org.apache.hadoop.util.JvmPauseMonitor$Monitor@7e308c0f] INFO  util.JvmPauseMonitor (JvmPauseMonitor.java:run(188)) - Starting JVM pause monitor
2019-09-30 20:45:03,638 [Datanode State Machine Thread - 0] INFO  datanode.InitDatanodeState (InitDatanodeState.java:persistContainerDatanodeDetails(140)) - DatanodeDetails is persisted to /workdir/hadoop-ozone/integration-test/target/test-dir/MiniOzoneClusterImpl-52fa08f5-cb3a-4744-95c3-64f108980532/datanode-6/meta/datanode.id
2019-09-30 20:45:04,637 [main] INFO  ozone.MiniOzoneClusterImpl (MiniOzoneClusterImpl.java:lambda$waitForClusterToBeReady$0(147)) - Waiting for cluster to be ready. Got 0 of 7 DN Heartbeats.
2019-09-30 20:45:05,262 [Datanode State Machine Thread - 0] INFO  ozoneimpl.OzoneContainer (OzoneContainer.java:start(217)) - Attempting to start container services.
2019-09-30 20:45:05,265 [Datanode State Machine Thread - 0] INFO  ozoneimpl.OzoneContainer (OzoneContainer.java:startContainerScrub(179)) - Background container scanner has been disabled.
2019-09-30 20:45:05,265 [Datanode State Machine Thread - 0] INFO  ratis.XceiverServerRatis (XceiverServerRatis.java:start(417)) - Starting XceiverServerRatis f4aeb726-a0ad-44bf-820c-a69213549e62 at port 0
2019-09-30 20:45:05,277 [Datanode State Machine Thread - 0] INFO  impl.RaftServerProxy (RaftServerProxy.java:lambda$start$3(299)) - f4aeb726-a0ad-44bf-820c-a69213549e62: start RPC server
2019-09-30 20:45:05,280 [Datanode State Machine Thread - 0] INFO  server.GrpcService (GrpcService.java:startImpl(158)) - f4aeb726-a0ad-44bf-820c-a69213549e62: GrpcService started, listening on 0.0.0.0/0.0.0.0:44327
2019-09-30 20:45:05,280 [Datanode State Machine Thread - 0] INFO  ratis.XceiverServerRatis (XceiverServerRatis.java:start(427)) - XceiverServerRatis f4aeb726-a0ad-44bf-820c-a69213549e62 is started using port 44327
2019-09-30 20:45:05,281 [Datanode State Machine Thread - 0] INFO  server.XceiverServerGrpc (XceiverServerGrpc.java:start(149)) - XceiverServerGrpc f4aeb726-a0ad-44bf-820c-a69213549e62 is started using port 43089
2019-09-30 20:45:05,311 [Datanode State Machine Thread - 0] INFO  ozoneimpl.OzoneContainer (OzoneContainer.java:start(217)) - Attempting to start container services.
2019-09-30 20:45:05,314 [Datanode State Machine Thread - 0] INFO  ozoneimpl.OzoneContainer (OzoneContainer.java:startContainerScrub(179)) - Background container scanner has been disabled.
2019-09-30 20:45:05,314 [Datanode State Machine Thread - 0] INFO  ratis.XceiverServerRatis (XceiverServerRatis.java:start(417)) - Starting XceiverServerRatis d29d20d9-3549-4dc9-aced-052d1fd0fa3f at port 0
2019-09-30 20:45:05,320 [Datanode State Machine Thread - 0] INFO  impl.RaftServerProxy (RaftServerProxy.java:lambda$start$3(299)) - d29d20d9-3549-4dc9-aced-052d1fd0fa3f: start RPC server
2019-09-30 20:45:05,322 [Datanode State Machine Thread - 0] INFO  server.GrpcService (GrpcService.java:startImpl(158)) - d29d20d9-3549-4dc9-aced-052d1fd0fa3f: GrpcService started, listening on 0.0.0.0/0.0.0.0:37644
2019-09-30 20:45:05,322 [Datanode State Machine Thread - 0] INFO  ratis.XceiverServerRatis (XceiverServerRatis.java:start(427)) - XceiverServerRatis d29d20d9-3549-4dc9-aced-052d1fd0fa3f is started using port 37644
2019-09-30 20:45:05,323 [Datanode State Machine Thread - 0] INFO  server.XceiverServerGrpc (XceiverServerGrpc.java:start(149)) - XceiverServerGrpc d29d20d9-3549-4dc9-aced-052d1fd0fa3f is started using port 42686
2019-09-30 20:45:05,380 [Datanode State Machine Thread - 0] INFO  ozoneimpl.OzoneContainer (OzoneContainer.java:start(217)) - Attempting to start container services.
2019-09-30 20:45:05,390 [Datanode State Machine Thread - 0] INFO  ozoneimpl.OzoneContainer (OzoneContainer.java:startContainerScrub(179)) - Background container scanner has been disabled.
2019-09-30 20:45:05,390 [Datanode State Machine Thread - 0] INFO  ratis.XceiverServerRatis (XceiverServerRatis.java:start(417)) - Starting XceiverServerRatis 16a2e74c-6b01-46b8-adac-93835a20fc06 at port 0
2019-09-30 20:45:05,397 [Datanode State Machine Thread - 0] INFO  impl.RaftServerProxy (RaftServerProxy.java:lambda$start$3(299)) - 16a2e74c-6b01-46b8-adac-93835a20fc06: start RPC server
2019-09-30 20:45:05,404 [Datanode State Machine Thread - 0] INFO  server.GrpcService (GrpcService.java:startImpl(158)) - 16a2e74c-6b01-46b8-adac-93835a20fc06: GrpcService started, listening on 0.0.0.0/0.0.0.0:32782
2019-09-30 20:45:05,404 [Datanode State Machine Thread - 0] INFO  ratis.XceiverServerRatis (XceiverServerRatis.java:start(427)) - XceiverServerRatis 16a2e74c-6b01-46b8-adac-93835a20fc06 is started using port 32782
2019-09-30 20:45:05,409 [Datanode State Machine Thread - 0] INFO  server.XceiverServerGrpc (XceiverServerGrpc.java:start(149)) - XceiverServerGrpc 16a2e74c-6b01-46b8-adac-93835a20fc06 is started using port 38650
2019-09-30 20:45:05,447 [Datanode State Machine Thread - 0] INFO  ozoneimpl.OzoneContainer (OzoneContainer.java:start(217)) - Attempting to start container services.
2019-09-30 20:45:05,447 [Datanode State Machine Thread - 0] INFO  ozoneimpl.OzoneContainer (OzoneContainer.java:startContainerScrub(179)) - Background container scanner has been disabled.
2019-09-30 20:45:05,447 [Datanode State Machine Thread - 0] INFO  ratis.XceiverServerRatis (XceiverServerRatis.java:start(417)) - Starting XceiverServerRatis 566c5d8e-ae1d-43e7-9848-7b393c045f68 at port 0
2019-09-30 20:45:05,454 [Datanode State Machine Thread - 0] INFO  impl.RaftServerProxy (RaftServerProxy.java:lambda$start$3(299)) - 566c5d8e-ae1d-43e7-9848-7b393c045f68: start RPC server
2019-09-30 20:45:05,455 [Datanode State Machine Thread - 0] INFO  server.GrpcService (GrpcService.java:startImpl(158)) - 566c5d8e-ae1d-43e7-9848-7b393c045f68: GrpcService started, listening on 0.0.0.0/0.0.0.0:41560
2019-09-30 20:45:05,455 [Datanode State Machine Thread - 0] INFO  ratis.XceiverServerRatis (XceiverServerRatis.java:start(427)) - XceiverServerRatis 566c5d8e-ae1d-43e7-9848-7b393c045f68 is started using port 41560
2019-09-30 20:45:05,455 [Datanode State Machine Thread - 0] INFO  server.XceiverServerGrpc (XceiverServerGrpc.java:start(149)) - XceiverServerGrpc 566c5d8e-ae1d-43e7-9848-7b393c045f68 is started using port 35839
2019-09-30 20:45:05,530 [Datanode State Machine Thread - 0] INFO  ozoneimpl.OzoneContainer (OzoneContainer.java:start(217)) - Attempting to start container services.
2019-09-30 20:45:05,530 [Datanode State Machine Thread - 0] INFO  ozoneimpl.OzoneContainer (OzoneContainer.java:startContainerScrub(179)) - Background container scanner has been disabled.
2019-09-30 20:45:05,531 [Datanode State Machine Thread - 0] INFO  ratis.XceiverServerRatis (XceiverServerRatis.java:start(417)) - Starting XceiverServerRatis 34995412-33a1-409e-9f38-fe1e74ba27b5 at port 0
2019-09-30 20:45:05,539 [Datanode State Machine Thread - 0] INFO  impl.RaftServerProxy (RaftServerProxy.java:lambda$start$3(299)) - 34995412-33a1-409e-9f38-fe1e74ba27b5: start RPC server
2019-09-30 20:45:05,541 [Datanode State Machine Thread - 0] INFO  server.GrpcService (GrpcService.java:startImpl(158)) - 34995412-33a1-409e-9f38-fe1e74ba27b5: GrpcService started, listening on 0.0.0.0/0.0.0.0:42883
2019-09-30 20:45:05,541 [Datanode State Machine Thread - 0] INFO  ratis.XceiverServerRatis (XceiverServerRatis.java:start(427)) - XceiverServerRatis 34995412-33a1-409e-9f38-fe1e74ba27b5 is started using port 42883
2019-09-30 20:45:05,542 [Datanode State Machine Thread - 0] INFO  server.XceiverServerGrpc (XceiverServerGrpc.java:start(149)) - XceiverServerGrpc 34995412-33a1-409e-9f38-fe1e74ba27b5 is started using port 46516
2019-09-30 20:45:05,598 [Datanode State Machine Thread - 0] INFO  ozoneimpl.OzoneContainer (OzoneContainer.java:start(217)) - Attempting to start container services.
2019-09-30 20:45:05,598 [Datanode State Machine Thread - 0] INFO  ozoneimpl.OzoneContainer (OzoneContainer.java:startContainerScrub(179)) - Background container scanner has been disabled.
2019-09-30 20:45:05,598 [Datanode State Machine Thread - 0] INFO  ratis.XceiverServerRatis (XceiverServerRatis.java:start(417)) - Starting XceiverServerRatis 5f20aede-face-49ed-b9e8-dbe29547179a at port 0
2019-09-30 20:45:05,604 [Datanode State Machine Thread - 0] INFO  impl.RaftServerProxy (RaftServerProxy.java:lambda$start$3(299)) - 5f20aede-face-49ed-b9e8-dbe29547179a: start RPC server
2019-09-30 20:45:05,605 [Datanode State Machine Thread - 0] INFO  server.GrpcService (GrpcService.java:startImpl(158)) - 5f20aede-face-49ed-b9e8-dbe29547179a: GrpcService started, listening on 0.0.0.0/0.0.0.0:34973
2019-09-30 20:45:05,605 [Datanode State Machine Thread - 0] INFO  ratis.XceiverServerRatis (XceiverServerRatis.java:start(427)) - XceiverServerRatis 5f20aede-face-49ed-b9e8-dbe29547179a is started using port 34973
2019-09-30 20:45:05,605 [Datanode State Machine Thread - 0] INFO  server.XceiverServerGrpc (XceiverServerGrpc.java:start(149)) - XceiverServerGrpc 5f20aede-face-49ed-b9e8-dbe29547179a is started using port 37359
2019-09-30 20:45:05,638 [main] INFO  ozone.MiniOzoneClusterImpl (MiniOzoneClusterImpl.java:lambda$waitForClusterToBeReady$0(147)) - Waiting for cluster to be ready. Got 0 of 7 DN Heartbeats.
2019-09-30 20:45:05,662 [Datanode State Machine Thread - 0] INFO  ozoneimpl.OzoneContainer (OzoneContainer.java:start(217)) - Attempting to start container services.
2019-09-30 20:45:05,662 [Datanode State Machine Thread - 0] INFO  ozoneimpl.OzoneContainer (OzoneContainer.java:startContainerScrub(179)) - Background container scanner has been disabled.
2019-09-30 20:45:05,662 [Datanode State Machine Thread - 0] INFO  ratis.XceiverServerRatis (XceiverServerRatis.java:start(417)) - Starting XceiverServerRatis c53950f3-8f19-419a-b5b3-1d18492f57d2 at port 0
2019-09-30 20:45:05,668 [Datanode State Machine Thread - 0] INFO  impl.RaftServerProxy (RaftServerProxy.java:lambda$start$3(299)) - c53950f3-8f19-419a-b5b3-1d18492f57d2: start RPC server
2019-09-30 20:45:05,669 [Datanode State Machine Thread - 0] INFO  server.GrpcService (GrpcService.java:startImpl(158)) - c53950f3-8f19-419a-b5b3-1d18492f57d2: GrpcService started, listening on 0.0.0.0/0.0.0.0:40277
2019-09-30 20:45:05,669 [Datanode State Machine Thread - 0] INFO  ratis.XceiverServerRatis (XceiverServerRatis.java:start(427)) - XceiverServerRatis c53950f3-8f19-419a-b5b3-1d18492f57d2 is started using port 40277
2019-09-30 20:45:05,672 [Datanode State Machine Thread - 0] INFO  server.XceiverServerGrpc (XceiverServerGrpc.java:start(149)) - XceiverServerGrpc c53950f3-8f19-419a-b5b3-1d18492f57d2 is started using port 38419
2019-09-30 20:45:06,639 [main] INFO  ozone.MiniOzoneClusterImpl (MiniOzoneClusterImpl.java:lambda$waitForClusterToBeReady$0(147)) - Waiting for cluster to be ready. Got 0 of 7 DN Heartbeats.
2019-09-30 20:45:07,224 [IPC Server handler 3 on 39722] INFO  net.NetworkTopology (NetworkTopologyImpl.java:add(111)) - Added a new node: /default-rack/f4aeb726-a0ad-44bf-820c-a69213549e62
2019-09-30 20:45:07,227 [IPC Server handler 3 on 39722] INFO  node.SCMNodeManager (SCMNodeManager.java:register(266)) - Registered Data node : f4aeb726-a0ad-44bf-820c-a69213549e62{ip: 192.168.30.59, host: pr-hdds-2211-2dwkd-795013237, networkLocation: /default-rack, certSerialId: null}
2019-09-30 20:45:07,228 [EventQueue-NodeRegistrationContainerReportForDataNodeSafeModeRule] INFO  safemode.SCMSafeModeManager (DataNodeSafeModeRule.java:process(71)) - SCM in safe mode. 1 DataNodes registered, 1 required.
2019-09-30 20:45:07,230 [EventQueue-NodeRegistrationContainerReportForDataNodeSafeModeRule] INFO  safemode.SCMSafeModeManager (SCMSafeModeManager.java:validateSafeModeExitRules(177)) - ScmSafeModeManager, all rules are successfully validated
2019-09-30 20:45:07,230 [EventQueue-NodeRegistrationContainerReportForDataNodeSafeModeRule] INFO  safemode.SCMSafeModeManager (SCMSafeModeManager.java:exitSafeMode(193)) - SCM exiting safe mode.
2019-09-30 20:45:07,251 [grpc-default-executor-5] INFO  impl.RaftServerProxy (RaftServerProxy.java:addNew(89)) - f4aeb726-a0ad-44bf-820c-a69213549e62: addNew group-A2293658F018:[f4aeb726-a0ad-44bf-820c-a69213549e62:192.168.30.59:44327] returns group-A2293658F018:java.util.concurrent.CompletableFuture@28fb36fd[Not completed]
2019-09-30 20:45:07,254 [pool-119-thread-1] INFO  impl.RaftServerImpl (RaftServerImpl.java:<init>(95)) - f4aeb726-a0ad-44bf-820c-a69213549e62: new RaftServerImpl for group-A2293658F018:[f4aeb726-a0ad-44bf-820c-a69213549e62:192.168.30.59:44327] with ContainerStateMachine:uninitialized
2019-09-30 20:45:07,255 [pool-119-thread-1] INFO  server.RaftServerConfigKeys (ConfUtils.java:logGet(43)) - raft.server.rpc.timeout.min = 5s (custom)
2019-09-30 20:45:07,255 [pool-119-thread-1] INFO  server.RaftServerConfigKeys (ConfUtils.java:logGet(43)) - raft.server.rpc.timeout.max = 5200ms (custom)
2019-09-30 20:45:07,255 [pool-119-thread-1] INFO  server.RaftServerConfigKeys (ConfUtils.java:logGet(43)) - raft.server.rpcslowness.timeout = 120s (custom)
2019-09-30 20:45:07,255 [pool-119-thread-1] INFO  server.RaftServerConfigKeys (ConfUtils.java:logGet(43)) - raft.server.sleep.deviation.threshold = 300 (default)
2019-09-30 20:45:07,255 [pool-119-thread-1] INFO  server.RaftServerConfigKeys (ConfUtils.java:logGet(43)) - raft.server.log.appender.install.snapshot.enabled = false (custom)
2019-09-30 20:45:07,255 [pool-119-thread-1] INFO  impl.RaftServerImpl (ServerState.java:<init>(103)) - f4aeb726-a0ad-44bf-820c-a69213549e62@group-A2293658F018: ConfigurationManager, init=-1: [f4aeb726-a0ad-44bf-820c-a69213549e62:192.168.30.59:44327], old=null, confs=<EMPTY_MAP>
2019-09-30 20:45:07,256 [pool-119-thread-1] INFO  server.RaftServerConfigKeys (ConfUtils.java:logGet(43)) - raft.server.storage.dir = [/workdir/hadoop-ozone/integration-test/target/test-dir/MiniOzoneClusterImpl-52fa08f5-cb3a-4744-95c3-64f108980532/datanode-0/data/ratis] (custom)
2019-09-30 20:45:07,256 [pool-119-thread-1] INFO  server.RaftServerConfigKeys (ConfUtils.java:logGet(43)) - raft.server.log.corruption.policy = EXCEPTION (default)
2019-09-30 20:45:07,256 [pool-119-thread-1] INFO  storage.RaftStorageDirectory (RaftStorageDirectory.java:analyzeStorage(246)) - The storage directory /workdir/hadoop-ozone/integration-test/target/test-dir/MiniOzoneClusterImpl-52fa08f5-cb3a-4744-95c3-64f108980532/datanode-0/data/ratis/e877edff-73d8-4d0b-b210-a2293658f018 does not exist. Creating ...
2019-09-30 20:45:07,280 [pool-119-thread-1] INFO  storage.RaftStorageDirectory (RaftStorageDirectory.java:tryLock(328)) - Lock on /workdir/hadoop-ozone/integration-test/target/test-dir/MiniOzoneClusterImpl-52fa08f5-cb3a-4744-95c3-64f108980532/datanode-0/data/ratis/e877edff-73d8-4d0b-b210-a2293658f018/in_use.lock acquired by nodename 28903@pr-hdds-2211-2dwkd-795013237
2019-09-30 20:45:07,286 [IPC Server handler 1 on 39722] INFO  net.NetworkTopology (NetworkTopologyImpl.java:add(111)) - Added a new node: /default-rack/d29d20d9-3549-4dc9-aced-052d1fd0fa3f
2019-09-30 20:45:07,287 [IPC Server handler 1 on 39722] INFO  node.SCMNodeManager (SCMNodeManager.java:register(266)) - Registered Data node : d29d20d9-3549-4dc9-aced-052d1fd0fa3f{ip: 192.168.30.59, host: pr-hdds-2211-2dwkd-795013237, networkLocation: /default-rack, certSerialId: null}
2019-09-30 20:45:07,304 [pool-119-thread-1] INFO  storage.RaftStorage (RaftStorage.java:format(84)) - Storage directory /workdir/hadoop-ozone/integration-test/target/test-dir/MiniOzoneClusterImpl-52fa08f5-cb3a-4744-95c3-64f108980532/datanode-0/data/ratis/e877edff-73d8-4d0b-b210-a2293658f018 has been successfully formatted.
2019-09-30 20:45:07,304 [pool-119-thread-1] INFO  ratis.ContainerStateMachine (ContainerStateMachine.java:loadSnapshot(230)) - group-A2293658F018: The snapshot info is null. Setting the last applied indexto:(t:0, i:~)
2019-09-30 20:45:07,305 [pool-119-thread-1] INFO  server.RaftServerConfigKeys (ConfUtils.java:logGet(43)) - raft.server.notification.no-leader.timeout = 120s (custom)
2019-09-30 20:45:07,305 [pool-119-thread-1] INFO  server.RaftServerConfigKeys (ConfUtils.java:logGet(43)) - raft.server.log.use.memory = false (default)
2019-09-30 20:45:07,305 [pool-119-thread-1] INFO  server.RaftServerConfigKeys (ConfUtils.java:logGet(43)) - raft.server.log.purge.gap = 1000000 (custom)
2019-09-30 20:45:07,306 [pool-119-thread-1] INFO  server.RaftServerConfigKeys (ConfUtils.java:logGet(43)) - raft.server.log.appender.buffer.byte-limit = 33554432 (custom)
2019-09-30 20:45:07,306 [pool-119-thread-1] INFO  server.RaftServerConfigKeys (ConfUtils.java:logGet(43)) - raft.server.log.segment.size.max = 1048576 (custom)
2019-09-30 20:45:07,311 [pool-119-thread-1] INFO  server.RaftServerConfigKeys (ConfUtils.java:logGet(43)) - raft.server.log.segment.cache.num.max = 2 (custom)
2019-09-30 20:45:07,311 [pool-119-thread-1] INFO  segmented.SegmentedRaftLogWorker (SegmentedRaftLogWorker.java:<init>(173)) - new f4aeb726-a0ad-44bf-820c-a69213549e62@group-A2293658F018-SegmentedRaftLogWorker for RaftStorage:Storage Directory /workdir/hadoop-ozone/integration-test/target/test-dir/MiniOzoneClusterImpl-52fa08f5-cb3a-4744-95c3-64f108980532/datanode-0/data/ratis/e877edff-73d8-4d0b-b210-a2293658f018
2019-09-30 20:45:07,312 [pool-119-thread-1] INFO  server.RaftServerConfigKeys (ConfUtils.java:logGet(43)) - raft.server.log.queue.byte-limit = 2147483647 (custom)
2019-09-30 20:45:07,312 [pool-119-thread-1] INFO  server.RaftServerConfigKeys (ConfUtils.java:logGet(43)) - raft.server.log.queue.element-limit = 1024 (custom)
2019-09-30 20:45:07,312 [pool-119-thread-1] INFO  server.RaftServerConfigKeys (ConfUtils.java:logGet(43)) - raft.server.log.segment.size.max = 1048576 (custom)
2019-09-30 20:45:07,312 [pool-119-thread-1] INFO  server.RaftServerConfigKeys (ConfUtils.java:logGet(43)) - raft.server.log.preallocated.size = 16384 (custom)
2019-09-30 20:45:07,313 [pool-119-thread-1] INFO  server.RaftServerConfigKeys (ConfUtils.java:logGet(43)) - raft.server.log.write.buffer.size = 33554432 (custom)
2019-09-30 20:45:07,313 [pool-119-thread-1] INFO  server.RaftServerConfigKeys (ConfUtils.java:logGet(43)) - raft.server.log.force.sync.num = 128 (default)
2019-09-30 20:45:07,313 [pool-119-thread-1] INFO  server.RaftServerConfigKeys (ConfUtils.java:logGet(43)) - raft.server.log.statemachine.data.sync = true (default)
2019-09-30 20:45:07,313 [pool-119-thread-1] INFO  server.RaftServerConfigKeys (ConfUtils.java:logGet(43)) - raft.server.log.statemachine.data.sync.timeout = 10s (default)
2019-09-30 20:45:07,314 [pool-119-thread-1] INFO  server.RaftServerConfigKeys (ConfUtils.java:logGet(43)) - raft.server.log.statemachine.data.sync.timeout.retry = -1 (default)
2019-09-30 20:45:07,315 [pool-119-thread-1] INFO  server.RaftServerConfigKeys (ConfUtils.java:logGet(43)) - raft.server.log.statemachine.data.caching.enabled = true (custom)
2019-09-30 20:45:07,315 [pool-119-thread-1] INFO  segmented.SegmentedRaftLogWorker (SegmentedRaftLogWorker.java:lambda$new$0(128)) - f4aeb726-a0ad-44bf-820c-a69213549e62@group-A2293658F018-SegmentedRaftLogWorker: flushIndex: setUnconditionally 0 -> -1
2019-09-30 20:45:07,316 [pool-119-thread-1] INFO  server.RaftServerConfigKeys (ConfUtils.java:logGet(43)) - raft.server.snapshot.auto.trigger.enabled = true (custom)
2019-09-30 20:45:07,316 [pool-119-thread-1] INFO  server.RaftServerConfigKeys (ConfUtils.java:logGet(43)) - raft.server.snapshot.auto.trigger.threshold = 10000 (custom)
2019-09-30 20:45:07,316 [pool-119-thread-1] INFO  server.RaftServerConfigKeys (ConfUtils.java:logGet(43)) - raft.server.snapshot.retention.file.num = 5 (custom)
2019-09-30 20:45:07,316 [pool-119-thread-1] INFO  server.RaftServerConfigKeys (ConfUtils.java:logGet(43)) - raft.server.retrycache.expirytime = 600000ms (custom)
2019-09-30 20:45:07,319 [pool-119-thread-1] INFO  impl.RaftServerImpl (RaftServerImpl.java:start(181)) - f4aeb726-a0ad-44bf-820c-a69213549e62@group-A2293658F018: start as a follower, conf=-1: [f4aeb726-a0ad-44bf-820c-a69213549e62:192.168.30.59:44327], old=null
2019-09-30 20:45:07,320 [pool-119-thread-1] INFO  impl.RaftServerImpl (RaftServerImpl.java:setRole(170)) - f4aeb726-a0ad-44bf-820c-a69213549e62@group-A2293658F018: changes role from      null to FOLLOWER at term 0 for startAsFollower
2019-09-30 20:45:07,320 [pool-119-thread-1] INFO  impl.RoleInfo (RoleInfo.java:updateAndGet(143)) - f4aeb726-a0ad-44bf-820c-a69213549e62: start FollowerState
2019-09-30 20:45:07,321 [pool-119-thread-1] INFO  util.JmxRegister (JmxRegister.java:tryRegister(44)) - Successfully registered JMX Bean with object name Ratis:service=RaftServer,group=group-A2293658F018,id=f4aeb726-a0ad-44bf-820c-a69213549e62
2019-09-30 20:45:07,338 [RatisPipelineUtilsThread] INFO  pipeline.PipelineStateManager (PipelineStateManager.java:addPipeline(56)) - Created pipeline Pipeline[ Id: e877edff-73d8-4d0b-b210-a2293658f018, Nodes: f4aeb726-a0ad-44bf-820c-a69213549e62{ip: 192.168.30.59, host: pr-hdds-2211-2dwkd-795013237, networkLocation: /default-rack, certSerialId: null}, Type:RATIS, Factor:ONE, State:OPEN]
2019-09-30 20:45:07,347 [grpc-default-executor-5] INFO  impl.RaftServerProxy (RaftServerProxy.java:addNew(89)) - d29d20d9-3549-4dc9-aced-052d1fd0fa3f: addNew group-4ACD0639A2C9:[d29d20d9-3549-4dc9-aced-052d1fd0fa3f:192.168.30.59:37644] returns group-4ACD0639A2C9:java.util.concurrent.CompletableFuture@5cde56d6[Not completed]
2019-09-30 20:45:07,349 [pool-129-thread-1] INFO  impl.RaftServerImpl (RaftServerImpl.java:<init>(95)) - d29d20d9-3549-4dc9-aced-052d1fd0fa3f: new RaftServerImpl for group-4ACD0639A2C9:[d29d20d9-3549-4dc9-aced-052d1fd0fa3f:192.168.30.59:37644] with ContainerStateMachine:uninitialized
2019-09-30 20:45:07,349 [pool-129-thread-1] INFO  server.RaftServerConfigKeys (ConfUtils.java:logGet(43)) - raft.server.rpc.timeout.min = 5s (custom)
2019-09-30 20:45:07,349 [pool-129-thread-1] INFO  server.RaftServerConfigKeys (ConfUtils.java:logGet(43)) - raft.server.rpc.timeout.max = 5200ms (custom)
2019-09-30 20:45:07,350 [pool-129-thread-1] INFO  server.RaftServerConfigKeys (ConfUtils.java:logGet(43)) - raft.server.rpcslowness.timeout = 120s (custom)
2019-09-30 20:45:07,350 [pool-129-thread-1] INFO  server.RaftServerConfigKeys (ConfUtils.java:logGet(43)) - raft.server.sleep.deviation.threshold = 300 (default)
2019-09-30 20:45:07,350 [pool-129-thread-1] INFO  server.RaftServerConfigKeys (ConfUtils.java:logGet(43)) - raft.server.log.appender.install.snapshot.enabled = false (custom)
2019-09-30 20:45:07,350 [pool-129-thread-1] INFO  impl.RaftServerImpl (ServerState.java:<init>(103)) - d29d20d9-3549-4dc9-aced-052d1fd0fa3f@group-4ACD0639A2C9: ConfigurationManager, init=-1: [d29d20d9-3549-4dc9-aced-052d1fd0fa3f:192.168.30.59:37644], old=null, confs=<EMPTY_MAP>
2019-09-30 20:45:07,350 [pool-129-thread-1] INFO  server.RaftServerConfigKeys (ConfUtils.java:logGet(43)) - raft.server.storage.dir = [/workdir/hadoop-ozone/integration-test/target/test-dir/MiniOzoneClusterImpl-52fa08f5-cb3a-4744-95c3-64f108980532/datanode-1/data/ratis] (custom)
2019-09-30 20:45:07,351 [pool-129-thread-1] INFO  server.RaftServerConfigKeys (ConfUtils.java:logGet(43)) - raft.server.log.corruption.policy = EXCEPTION (default)
2019-09-30 20:45:07,351 [pool-129-thread-1] INFO  storage.RaftStorageDirectory (RaftStorageDirectory.java:analyzeStorage(246)) - The storage directory /workdir/hadoop-ozone/integration-test/target/test-dir/MiniOzoneClusterImpl-52fa08f5-cb3a-4744-95c3-64f108980532/datanode-1/data/ratis/35e1f497-c303-4e45-9a76-4acd0639a2c9 does not exist. Creating ...
2019-09-30 20:45:07,357 [IPC Server handler 4 on 39722] INFO  net.NetworkTopology (NetworkTopologyImpl.java:add(111)) - Added a new node: /default-rack/16a2e74c-6b01-46b8-adac-93835a20fc06
2019-09-30 20:45:07,358 [IPC Server handler 4 on 39722] INFO  node.SCMNodeManager (SCMNodeManager.java:register(266)) - Registered Data node : 16a2e74c-6b01-46b8-adac-93835a20fc06{ip: 192.168.30.59, host: pr-hdds-2211-2dwkd-795013237, networkLocation: /default-rack, certSerialId: null}
2019-09-30 20:45:07,374 [pool-129-thread-1] INFO  storage.RaftStorageDirectory (RaftStorageDirectory.java:tryLock(328)) - Lock on /workdir/hadoop-ozone/integration-test/target/test-dir/MiniOzoneClusterImpl-52fa08f5-cb3a-4744-95c3-64f108980532/datanode-1/data/ratis/35e1f497-c303-4e45-9a76-4acd0639a2c9/in_use.lock acquired by nodename 28903@pr-hdds-2211-2dwkd-795013237
2019-09-30 20:45:07,398 [pool-129-thread-1] INFO  storage.RaftStorage (RaftStorage.java:format(84)) - Storage directory /workdir/hadoop-ozone/integration-test/target/test-dir/MiniOzoneClusterImpl-52fa08f5-cb3a-4744-95c3-64f108980532/datanode-1/data/ratis/35e1f497-c303-4e45-9a76-4acd0639a2c9 has been successfully formatted.
2019-09-30 20:45:07,398 [pool-129-thread-1] INFO  ratis.ContainerStateMachine (ContainerStateMachine.java:loadSnapshot(230)) - group-4ACD0639A2C9: The snapshot info is null. Setting the last applied indexto:(t:0, i:~)
2019-09-30 20:45:07,398 [pool-129-thread-1] INFO  server.RaftServerConfigKeys (ConfUtils.java:logGet(43)) - raft.server.notification.no-leader.timeout = 120s (custom)
2019-09-30 20:45:07,399 [pool-129-thread-1] INFO  server.RaftServerConfigKeys (ConfUtils.java:logGet(43)) - raft.server.log.use.memory = false (default)
2019-09-30 20:45:07,399 [pool-129-thread-1] INFO  server.RaftServerConfigKeys (ConfUtils.java:logGet(43)) - raft.server.log.purge.gap = 1000000 (custom)
2019-09-30 20:45:07,399 [pool-129-thread-1] INFO  server.RaftServerConfigKeys (ConfUtils.java:logGet(43)) - raft.server.log.appender.buffer.byte-limit = 33554432 (custom)
2019-09-30 20:45:07,399 [pool-129-thread-1] INFO  server.RaftServerConfigKeys (ConfUtils.java:logGet(43)) - raft.server.log.segment.size.max = 1048576 (custom)
2019-09-30 20:45:07,402 [pool-129-thread-1] INFO  server.RaftServerConfigKeys (ConfUtils.java:logGet(43)) - raft.server.log.segment.cache.num.max = 2 (custom)
2019-09-30 20:45:07,402 [pool-129-thread-1] INFO  segmented.SegmentedRaftLogWorker (SegmentedRaftLogWorker.java:<init>(173)) - new d29d20d9-3549-4dc9-aced-052d1fd0fa3f@group-4ACD0639A2C9-SegmentedRaftLogWorker for RaftStorage:Storage Directory /workdir/hadoop-ozone/integration-test/target/test-dir/MiniOzoneClusterImpl-52fa08f5-cb3a-4744-95c3-64f108980532/datanode-1/data/ratis/35e1f497-c303-4e45-9a76-4acd0639a2c9
2019-09-30 20:45:07,402 [pool-129-thread-1] INFO  server.RaftServerConfigKeys (ConfUtils.java:logGet(43)) - raft.server.log.queue.byte-limit = 2147483647 (custom)
2019-09-30 20:45:07,403 [pool-129-thread-1] INFO  server.RaftServerConfigKeys (ConfUtils.java:logGet(43)) - raft.server.log.queue.element-limit = 1024 (custom)
2019-09-30 20:45:07,403 [pool-129-thread-1] INFO  server.RaftServerConfigKeys (ConfUtils.java:logGet(43)) - raft.server.log.segment.size.max = 1048576 (custom)
2019-09-30 20:45:07,403 [pool-129-thread-1] INFO  server.RaftServerConfigKeys (ConfUtils.java:logGet(43)) - raft.server.log.preallocated.size = 16384 (custom)
2019-09-30 20:45:07,403 [pool-129-thread-1] INFO  server.RaftServerConfigKeys (ConfUtils.java:logGet(43)) - raft.server.log.write.buffer.size = 33554432 (custom)
2019-09-30 20:45:07,403 [pool-129-thread-1] INFO  server.RaftServerConfigKeys (ConfUtils.java:logGet(43)) - raft.server.log.force.sync.num = 128 (default)
2019-09-30 20:45:07,404 [pool-129-thread-1] INFO  server.RaftServerConfigKeys (ConfUtils.java:logGet(43)) - raft.server.log.statemachine.data.sync = true (default)
2019-09-30 20:45:07,404 [pool-129-thread-1] INFO  server.RaftServerConfigKeys (ConfUtils.java:logGet(43)) - raft.server.log.statemachine.data.sync.timeout = 10s (default)
2019-09-30 20:45:07,404 [pool-129-thread-1] INFO  server.RaftServerConfigKeys (ConfUtils.java:logGet(43)) - raft.server.log.statemachine.data.sync.timeout.retry = -1 (default)
2019-09-30 20:45:07,405 [pool-129-thread-1] INFO  server.RaftServerConfigKeys (ConfUtils.java:logGet(43)) - raft.server.log.statemachine.data.caching.enabled = true (custom)
2019-09-30 20:45:07,405 [pool-129-thread-1] INFO  segmented.SegmentedRaftLogWorker (SegmentedRaftLogWorker.java:lambda$new$0(128)) - d29d20d9-3549-4dc9-aced-052d1fd0fa3f@group-4ACD0639A2C9-SegmentedRaftLogWorker: flushIndex: setUnconditionally 0 -> -1
2019-09-30 20:45:07,405 [pool-129-thread-1] INFO  server.RaftServerConfigKeys (ConfUtils.java:logGet(43)) - raft.server.snapshot.auto.trigger.enabled = true (custom)
2019-09-30 20:45:07,406 [pool-129-thread-1] INFO  server.RaftServerConfigKeys (ConfUtils.java:logGet(43)) - raft.server.snapshot.auto.trigger.threshold = 10000 (custom)
2019-09-30 20:45:07,406 [pool-129-thread-1] INFO  server.RaftServerConfigKeys (ConfUtils.java:logGet(43)) - raft.server.snapshot.retention.file.num = 5 (custom)
2019-09-30 20:45:07,406 [pool-129-thread-1] INFO  server.RaftServerConfigKeys (ConfUtils.java:logGet(43)) - raft.server.retrycache.expirytime = 600000ms (custom)
2019-09-30 20:45:07,409 [pool-129-thread-1] INFO  impl.RaftServerImpl (RaftServerImpl.java:start(181)) - d29d20d9-3549-4dc9-aced-052d1fd0fa3f@group-4ACD0639A2C9: start as a follower, conf=-1: [d29d20d9-3549-4dc9-aced-052d1fd0fa3f:192.168.30.59:37644], old=null
2019-09-30 20:45:07,409 [pool-129-thread-1] INFO  impl.RaftServerImpl (RaftServerImpl.java:setRole(170)) - d29d20d9-3549-4dc9-aced-052d1fd0fa3f@group-4ACD0639A2C9: changes role from      null to FOLLOWER at term 0 for startAsFollower
2019-09-30 20:45:07,409 [pool-129-thread-1] INFO  impl.RoleInfo (RoleInfo.java:updateAndGet(143)) - d29d20d9-3549-4dc9-aced-052d1fd0fa3f: start FollowerState
2019-09-30 20:45:07,410 [pool-129-thread-1] INFO  util.JmxRegister (JmxRegister.java:tryRegister(44)) - Successfully registered JMX Bean with object name Ratis:service=RaftServer,group=group-4ACD0639A2C9,id=d29d20d9-3549-4dc9-aced-052d1fd0fa3f
2019-09-30 20:45:07,415 [RatisPipelineUtilsThread] INFO  pipeline.PipelineStateManager (PipelineStateManager.java:addPipeline(56)) - Created pipeline Pipeline[ Id: 35e1f497-c303-4e45-9a76-4acd0639a2c9, Nodes: d29d20d9-3549-4dc9-aced-052d1fd0fa3f{ip: 192.168.30.59, host: pr-hdds-2211-2dwkd-795013237, networkLocation: /default-rack, certSerialId: null}, Type:RATIS, Factor:ONE, State:OPEN]
2019-09-30 20:45:07,422 [grpc-default-executor-5] INFO  impl.RaftServerProxy (RaftServerProxy.java:addNew(89)) - 16a2e74c-6b01-46b8-adac-93835a20fc06: addNew group-9E7B970B9597:[16a2e74c-6b01-46b8-adac-93835a20fc06:192.168.30.59:32782] returns group-9E7B970B9597:java.util.concurrent.CompletableFuture@2b8acb90[Not completed]
2019-09-30 20:45:07,426 [pool-139-thread-1] INFO  impl.RaftServerImpl (RaftServerImpl.java:<init>(95)) - 16a2e74c-6b01-46b8-adac-93835a20fc06: new RaftServerImpl for group-9E7B970B9597:[16a2e74c-6b01-46b8-adac-93835a20fc06:192.168.30.59:32782] with ContainerStateMachine:uninitialized
2019-09-30 20:45:07,426 [pool-139-thread-1] INFO  server.RaftServerConfigKeys (ConfUtils.java:logGet(43)) - raft.server.rpc.timeout.min = 5s (custom)
2019-09-30 20:45:07,426 [pool-139-thread-1] INFO  server.RaftServerConfigKeys (ConfUtils.java:logGet(43)) - raft.server.rpc.timeout.max = 5200ms (custom)
2019-09-30 20:45:07,426 [pool-139-thread-1] INFO  server.RaftServerConfigKeys (ConfUtils.java:logGet(43)) - raft.server.rpcslowness.timeout = 120s (custom)
2019-09-30 20:45:07,426 [pool-139-thread-1] INFO  server.RaftServerConfigKeys (ConfUtils.java:logGet(43)) - raft.server.sleep.deviation.threshold = 300 (default)
2019-09-30 20:45:07,427 [IPC Server handler 2 on 39722] INFO  net.NetworkTopology (NetworkTopologyImpl.java:add(111)) - Added a new node: /default-rack/566c5d8e-ae1d-43e7-9848-7b393c045f68
2019-09-30 20:45:07,427 [pool-139-thread-1] INFO  server.RaftServerConfigKeys (ConfUtils.java:logGet(43)) - raft.server.log.appender.install.snapshot.enabled = false (custom)
2019-09-30 20:45:07,427 [IPC Server handler 2 on 39722] INFO  node.SCMNodeManager (SCMNodeManager.java:register(266)) - Registered Data node : 566c5d8e-ae1d-43e7-9848-7b393c045f68{ip: 192.168.30.59, host: pr-hdds-2211-2dwkd-795013237, networkLocation: /default-rack, certSerialId: null}
2019-09-30 20:45:07,427 [pool-139-thread-1] INFO  impl.RaftServerImpl (ServerState.java:<init>(103)) - 16a2e74c-6b01-46b8-adac-93835a20fc06@group-9E7B970B9597: ConfigurationManager, init=-1: [16a2e74c-6b01-46b8-adac-93835a20fc06:192.168.30.59:32782], old=null, confs=<EMPTY_MAP>
2019-09-30 20:45:07,427 [pool-139-thread-1] INFO  server.RaftServerConfigKeys (ConfUtils.java:logGet(43)) - raft.server.storage.dir = [/workdir/hadoop-ozone/integration-test/target/test-dir/MiniOzoneClusterImpl-52fa08f5-cb3a-4744-95c3-64f108980532/datanode-2/data/ratis] (custom)
2019-09-30 20:45:07,427 [pool-139-thread-1] INFO  server.RaftServerConfigKeys (ConfUtils.java:logGet(43)) - raft.server.log.corruption.policy = EXCEPTION (default)
2019-09-30 20:45:07,428 [pool-139-thread-1] INFO  storage.RaftStorageDirectory (RaftStorageDirectory.java:analyzeStorage(246)) - The storage directory /workdir/hadoop-ozone/integration-test/target/test-dir/MiniOzoneClusterImpl-52fa08f5-cb3a-4744-95c3-64f108980532/datanode-2/data/ratis/a45ab3cc-c4cb-4da0-a286-9e7b970b9597 does not exist. Creating ...
2019-09-30 20:45:07,450 [pool-139-thread-1] INFO  storage.RaftStorageDirectory (RaftStorageDirectory.java:tryLock(328)) - Lock on /workdir/hadoop-ozone/integration-test/target/test-dir/MiniOzoneClusterImpl-52fa08f5-cb3a-4744-95c3-64f108980532/datanode-2/data/ratis/a45ab3cc-c4cb-4da0-a286-9e7b970b9597/in_use.lock acquired by nodename 28903@pr-hdds-2211-2dwkd-795013237
2019-09-30 20:45:07,473 [pool-139-thread-1] INFO  storage.RaftStorage (RaftStorage.java:format(84)) - Storage directory /workdir/hadoop-ozone/integration-test/target/test-dir/MiniOzoneClusterImpl-52fa08f5-cb3a-4744-95c3-64f108980532/datanode-2/data/ratis/a45ab3cc-c4cb-4da0-a286-9e7b970b9597 has been successfully formatted.
2019-09-30 20:45:07,473 [pool-139-thread-1] INFO  ratis.ContainerStateMachine (ContainerStateMachine.java:loadSnapshot(230)) - group-9E7B970B9597: The snapshot info is null. Setting the last applied indexto:(t:0, i:~)
2019-09-30 20:45:07,474 [pool-139-thread-1] INFO  server.RaftServerConfigKeys (ConfUtils.java:logGet(43)) - raft.server.notification.no-leader.timeout = 120s (custom)
2019-09-30 20:45:07,474 [pool-139-thread-1] INFO  server.RaftServerConfigKeys (ConfUtils.java:logGet(43)) - raft.server.log.use.memory = false (default)
2019-09-30 20:45:07,474 [pool-139-thread-1] INFO  server.RaftServerConfigKeys (ConfUtils.java:logGet(43)) - raft.server.log.purge.gap = 1000000 (custom)
2019-09-30 20:45:07,474 [pool-139-thread-1] INFO  server.RaftServerConfigKeys (ConfUtils.java:logGet(43)) - raft.server.log.appender.buffer.byte-limit = 33554432 (custom)
2019-09-30 20:45:07,474 [pool-139-thread-1] INFO  server.RaftServerConfigKeys (ConfUtils.java:logGet(43)) - raft.server.log.segment.size.max = 1048576 (custom)
2019-09-30 20:45:07,476 [pool-139-thread-1] INFO  server.RaftServerConfigKeys (ConfUtils.java:logGet(43)) - raft.server.log.segment.cache.num.max = 2 (custom)
2019-09-30 20:45:07,476 [pool-139-thread-1] INFO  segmented.SegmentedRaftLogWorker (SegmentedRaftLogWorker.java:<init>(173)) - new 16a2e74c-6b01-46b8-adac-93835a20fc06@group-9E7B970B9597-SegmentedRaftLogWorker for RaftStorage:Storage Directory /workdir/hadoop-ozone/integration-test/target/test-dir/MiniOzoneClusterImpl-52fa08f5-cb3a-4744-95c3-64f108980532/datanode-2/data/ratis/a45ab3cc-c4cb-4da0-a286-9e7b970b9597
2019-09-30 20:45:07,476 [pool-139-thread-1] INFO  server.RaftServerConfigKeys (ConfUtils.java:logGet(43)) - raft.server.log.queue.byte-limit = 2147483647 (custom)
2019-09-30 20:45:07,476 [pool-139-thread-1] INFO  server.RaftServerConfigKeys (ConfUtils.java:logGet(43)) - raft.server.log.queue.element-limit = 1024 (custom)
2019-09-30 20:45:07,476 [pool-139-thread-1] INFO  server.RaftServerConfigKeys (ConfUtils.java:logGet(43)) - raft.server.log.segment.size.max = 1048576 (custom)
2019-09-30 20:45:07,476 [pool-139-thread-1] INFO  server.RaftServerConfigKeys (ConfUtils.java:logGet(43)) - raft.server.log.preallocated.size = 16384 (custom)
2019-09-30 20:45:07,476 [pool-139-thread-1] INFO  server.RaftServerConfigKeys (ConfUtils.java:logGet(43)) - raft.server.log.write.buffer.size = 33554432 (custom)
2019-09-30 20:45:07,477 [pool-139-thread-1] INFO  server.RaftServerConfigKeys (ConfUtils.java:logGet(43)) - raft.server.log.force.sync.num = 128 (default)
2019-09-30 20:45:07,477 [pool-139-thread-1] INFO  server.RaftServerConfigKeys (ConfUtils.java:logGet(43)) - raft.server.log.statemachine.data.sync = true (default)
2019-09-30 20:45:07,477 [pool-139-thread-1] INFO  server.RaftServerConfigKeys (ConfUtils.java:logGet(43)) - raft.server.log.statemachine.data.sync.timeout = 10s (default)
2019-09-30 20:45:07,477 [pool-139-thread-1] INFO  server.RaftServerConfigKeys (ConfUtils.java:logGet(43)) - raft.server.log.statemachine.data.sync.timeout.retry = -1 (default)
2019-09-30 20:45:07,477 [pool-139-thread-1] INFO  server.RaftServerConfigKeys (ConfUtils.java:logGet(43)) - raft.server.log.statemachine.data.caching.enabled = true (custom)
2019-09-30 20:45:07,478 [pool-139-thread-1] INFO  segmented.SegmentedRaftLogWorker (SegmentedRaftLogWorker.java:lambda$new$0(128)) - 16a2e74c-6b01-46b8-adac-93835a20fc06@group-9E7B970B9597-SegmentedRaftLogWorker: flushIndex: setUnconditionally 0 -> -1
2019-09-30 20:45:07,478 [pool-139-thread-1] INFO  server.RaftServerConfigKeys (ConfUtils.java:logGet(43)) - raft.server.snapshot.auto.trigger.enabled = true (custom)
2019-09-30 20:45:07,478 [pool-139-thread-1] INFO  server.RaftServerConfigKeys (ConfUtils.java:logGet(43)) - raft.server.snapshot.auto.trigger.threshold = 10000 (custom)
2019-09-30 20:45:07,478 [pool-139-thread-1] INFO  server.RaftServerConfigKeys (ConfUtils.java:logGet(43)) - raft.server.snapshot.retention.file.num = 5 (custom)
2019-09-30 20:45:07,478 [pool-139-thread-1] INFO  server.RaftServerConfigKeys (ConfUtils.java:logGet(43)) - raft.server.retrycache.expirytime = 600000ms (custom)
2019-09-30 20:45:07,480 [pool-139-thread-1] INFO  impl.RaftServerImpl (RaftServerImpl.java:start(181)) - 16a2e74c-6b01-46b8-adac-93835a20fc06@group-9E7B970B9597: start as a follower, conf=-1: [16a2e74c-6b01-46b8-adac-93835a20fc06:192.168.30.59:32782], old=null
2019-09-30 20:45:07,480 [pool-139-thread-1] INFO  impl.RaftServerImpl (RaftServerImpl.java:setRole(170)) - 16a2e74c-6b01-46b8-adac-93835a20fc06@group-9E7B970B9597: changes role from      null to FOLLOWER at term 0 for startAsFollower
2019-09-30 20:45:07,480 [pool-139-thread-1] INFO  impl.RoleInfo (RoleInfo.java:updateAndGet(143)) - 16a2e74c-6b01-46b8-adac-93835a20fc06: start FollowerState
2019-09-30 20:45:07,481 [pool-139-thread-1] INFO  util.JmxRegister (JmxRegister.java:tryRegister(44)) - Successfully registered JMX Bean with object name Ratis:service=RaftServer,group=group-9E7B970B9597,id=16a2e74c-6b01-46b8-adac-93835a20fc06
2019-09-30 20:45:07,486 [RatisPipelineUtilsThread] INFO  pipeline.PipelineStateManager (PipelineStateManager.java:addPipeline(56)) - Created pipeline Pipeline[ Id: a45ab3cc-c4cb-4da0-a286-9e7b970b9597, Nodes: 16a2e74c-6b01-46b8-adac-93835a20fc06{ip: 192.168.30.59, host: pr-hdds-2211-2dwkd-795013237, networkLocation: /default-rack, certSerialId: null}, Type:RATIS, Factor:ONE, State:OPEN]
2019-09-30 20:45:07,497 [grpc-default-executor-5] INFO  impl.RaftServerProxy (RaftServerProxy.java:addNew(89)) - 566c5d8e-ae1d-43e7-9848-7b393c045f68: addNew group-FFDDE2EBEB62:[566c5d8e-ae1d-43e7-9848-7b393c045f68:192.168.30.59:41560] returns group-FFDDE2EBEB62:java.util.concurrent.CompletableFuture@998bba6[Not completed]
2019-09-30 20:45:07,503 [pool-149-thread-1] INFO  impl.RaftServerImpl (RaftServerImpl.java:<init>(95)) - 566c5d8e-ae1d-43e7-9848-7b393c045f68: new RaftServerImpl for group-FFDDE2EBEB62:[566c5d8e-ae1d-43e7-9848-7b393c045f68:192.168.30.59:41560] with ContainerStateMachine:uninitialized
2019-09-30 20:45:07,504 [pool-149-thread-1] INFO  server.RaftServerConfigKeys (ConfUtils.java:logGet(43)) - raft.server.rpc.timeout.min = 5s (custom)
2019-09-30 20:45:07,504 [pool-149-thread-1] INFO  server.RaftServerConfigKeys (ConfUtils.java:logGet(43)) - raft.server.rpc.timeout.max = 5200ms (custom)
2019-09-30 20:45:07,504 [pool-149-thread-1] INFO  server.RaftServerConfigKeys (ConfUtils.java:logGet(43)) - raft.server.rpcslowness.timeout = 120s (custom)
2019-09-30 20:45:07,504 [pool-149-thread-1] INFO  server.RaftServerConfigKeys (ConfUtils.java:logGet(43)) - raft.server.sleep.deviation.threshold = 300 (default)
2019-09-30 20:45:07,504 [pool-149-thread-1] INFO  server.RaftServerConfigKeys (ConfUtils.java:logGet(43)) - raft.server.log.appender.install.snapshot.enabled = false (custom)
2019-09-30 20:45:07,504 [pool-149-thread-1] INFO  impl.RaftServerImpl (ServerState.java:<init>(103)) - 566c5d8e-ae1d-43e7-9848-7b393c045f68@group-FFDDE2EBEB62: ConfigurationManager, init=-1: [566c5d8e-ae1d-43e7-9848-7b393c045f68:192.168.30.59:41560], old=null, confs=<EMPTY_MAP>
2019-09-30 20:45:07,504 [pool-149-thread-1] INFO  server.RaftServerConfigKeys (ConfUtils.java:logGet(43)) - raft.server.storage.dir = [/workdir/hadoop-ozone/integration-test/target/test-dir/MiniOzoneClusterImpl-52fa08f5-cb3a-4744-95c3-64f108980532/datanode-3/data/ratis] (custom)
2019-09-30 20:45:07,505 [pool-149-thread-1] INFO  server.RaftServerConfigKeys (ConfUtils.java:logGet(43)) - raft.server.log.corruption.policy = EXCEPTION (default)
2019-09-30 20:45:07,505 [pool-149-thread-1] INFO  storage.RaftStorageDirectory (RaftStorageDirectory.java:analyzeStorage(246)) - The storage directory /workdir/hadoop-ozone/integration-test/target/test-dir/MiniOzoneClusterImpl-52fa08f5-cb3a-4744-95c3-64f108980532/datanode-3/data/ratis/48731a78-d83c-4bf7-9bf4-ffdde2ebeb62 does not exist. Creating ...
2019-09-30 20:45:07,507 [IPC Server handler 5 on 39722] INFO  net.NetworkTopology (NetworkTopologyImpl.java:add(111)) - Added a new node: /default-rack/34995412-33a1-409e-9f38-fe1e74ba27b5
2019-09-30 20:45:07,507 [IPC Server handler 5 on 39722] INFO  node.SCMNodeManager (SCMNodeManager.java:register(266)) - Registered Data node : 34995412-33a1-409e-9f38-fe1e74ba27b5{ip: 192.168.30.59, host: pr-hdds-2211-2dwkd-795013237, networkLocation: /default-rack, certSerialId: null}
2019-09-30 20:45:07,527 [pool-149-thread-1] INFO  storage.RaftStorageDirectory (RaftStorageDirectory.java:tryLock(328)) - Lock on /workdir/hadoop-ozone/integration-test/target/test-dir/MiniOzoneClusterImpl-52fa08f5-cb3a-4744-95c3-64f108980532/datanode-3/data/ratis/48731a78-d83c-4bf7-9bf4-ffdde2ebeb62/in_use.lock acquired by nodename 28903@pr-hdds-2211-2dwkd-795013237
2019-09-30 20:45:07,550 [pool-149-thread-1] INFO  storage.RaftStorage (RaftStorage.java:format(84)) - Storage directory /workdir/hadoop-ozone/integration-test/target/test-dir/MiniOzoneClusterImpl-52fa08f5-cb3a-4744-95c3-64f108980532/datanode-3/data/ratis/48731a78-d83c-4bf7-9bf4-ffdde2ebeb62 has been successfully formatted.
2019-09-30 20:45:07,550 [pool-149-thread-1] INFO  ratis.ContainerStateMachine (ContainerStateMachine.java:loadSnapshot(230)) - group-FFDDE2EBEB62: The snapshot info is null. Setting the last applied indexto:(t:0, i:~)
2019-09-30 20:45:07,550 [pool-149-thread-1] INFO  server.RaftServerConfigKeys (ConfUtils.java:logGet(43)) - raft.server.notification.no-leader.timeout = 120s (custom)
2019-09-30 20:45:07,551 [pool-149-thread-1] INFO  server.RaftServerConfigKeys (ConfUtils.java:logGet(43)) - raft.server.log.use.memory = false (default)
2019-09-30 20:45:07,551 [pool-149-thread-1] INFO  server.RaftServerConfigKeys (ConfUtils.java:logGet(43)) - raft.server.log.purge.gap = 1000000 (custom)
2019-09-30 20:45:07,551 [pool-149-thread-1] INFO  server.RaftServerConfigKeys (ConfUtils.java:logGet(43)) - raft.server.log.appender.buffer.byte-limit = 33554432 (custom)
2019-09-30 20:45:07,551 [pool-149-thread-1] INFO  server.RaftServerConfigKeys (ConfUtils.java:logGet(43)) - raft.server.log.segment.size.max = 1048576 (custom)
2019-09-30 20:45:07,553 [pool-149-thread-1] INFO  server.RaftServerConfigKeys (ConfUtils.java:logGet(43)) - raft.server.log.segment.cache.num.max = 2 (custom)
2019-09-30 20:45:07,553 [pool-149-thread-1] INFO  segmented.SegmentedRaftLogWorker (SegmentedRaftLogWorker.java:<init>(173)) - new 566c5d8e-ae1d-43e7-9848-7b393c045f68@group-FFDDE2EBEB62-SegmentedRaftLogWorker for RaftStorage:Storage Directory /workdir/hadoop-ozone/integration-test/target/test-dir/MiniOzoneClusterImpl-52fa08f5-cb3a-4744-95c3-64f108980532/datanode-3/data/ratis/48731a78-d83c-4bf7-9bf4-ffdde2ebeb62
2019-09-30 20:45:07,553 [pool-149-thread-1] INFO  server.RaftServerConfigKeys (ConfUtils.java:logGet(43)) - raft.server.log.queue.byte-limit = 2147483647 (custom)
2019-09-30 20:45:07,553 [pool-149-thread-1] INFO  server.RaftServerConfigKeys (ConfUtils.java:logGet(43)) - raft.server.log.queue.element-limit = 1024 (custom)
2019-09-30 20:45:07,553 [pool-149-thread-1] INFO  server.RaftServerConfigKeys (ConfUtils.java:logGet(43)) - raft.server.log.segment.size.max = 1048576 (custom)
2019-09-30 20:45:07,554 [pool-149-thread-1] INFO  server.RaftServerConfigKeys (ConfUtils.java:logGet(43)) - raft.server.log.preallocated.size = 16384 (custom)
2019-09-30 20:45:07,554 [pool-149-thread-1] INFO  server.RaftServerConfigKeys (ConfUtils.java:logGet(43)) - raft.server.log.write.buffer.size = 33554432 (custom)
2019-09-30 20:45:07,554 [pool-149-thread-1] INFO  server.RaftServerConfigKeys (ConfUtils.java:logGet(43)) - raft.server.log.force.sync.num = 128 (default)
2019-09-30 20:45:07,554 [pool-149-thread-1] INFO  server.RaftServerConfigKeys (ConfUtils.java:logGet(43)) - raft.server.log.statemachine.data.sync = true (default)
2019-09-30 20:45:07,554 [pool-149-thread-1] INFO  server.RaftServerConfigKeys (ConfUtils.java:logGet(43)) - raft.server.log.statemachine.data.sync.timeout = 10s (default)
2019-09-30 20:45:07,554 [pool-149-thread-1] INFO  server.RaftServerConfigKeys (ConfUtils.java:logGet(43)) - raft.server.log.statemachine.data.sync.timeout.retry = -1 (default)
2019-09-30 20:45:07,555 [pool-149-thread-1] INFO  server.RaftServerConfigKeys (ConfUtils.java:logGet(43)) - raft.server.log.statemachine.data.caching.enabled = true (custom)
2019-09-30 20:45:07,555 [pool-149-thread-1] INFO  segmented.SegmentedRaftLogWorker (SegmentedRaftLogWorker.java:lambda$new$0(128)) - 566c5d8e-ae1d-43e7-9848-7b393c045f68@group-FFDDE2EBEB62-SegmentedRaftLogWorker: flushIndex: setUnconditionally 0 -> -1
2019-09-30 20:45:07,556 [pool-149-thread-1] INFO  server.RaftServerConfigKeys (ConfUtils.java:logGet(43)) - raft.server.snapshot.auto.trigger.enabled = true (custom)
2019-09-30 20:45:07,556 [pool-149-thread-1] INFO  server.RaftServerConfigKeys (ConfUtils.java:logGet(43)) - raft.server.snapshot.auto.trigger.threshold = 10000 (custom)
2019-09-30 20:45:07,556 [pool-149-thread-1] INFO  server.RaftServerConfigKeys (ConfUtils.java:logGet(43)) - raft.server.snapshot.retention.file.num = 5 (custom)
2019-09-30 20:45:07,556 [pool-149-thread-1] INFO  server.RaftServerConfigKeys (ConfUtils.java:logGet(43)) - raft.server.retrycache.expirytime = 600000ms (custom)
2019-09-30 20:45:07,559 [pool-149-thread-1] INFO  impl.RaftServerImpl (RaftServerImpl.java:start(181)) - 566c5d8e-ae1d-43e7-9848-7b393c045f68@group-FFDDE2EBEB62: start as a follower, conf=-1: [566c5d8e-ae1d-43e7-9848-7b393c045f68:192.168.30.59:41560], old=null
2019-09-30 20:45:07,559 [pool-149-thread-1] INFO  impl.RaftServerImpl (RaftServerImpl.java:setRole(170)) - 566c5d8e-ae1d-43e7-9848-7b393c045f68@group-FFDDE2EBEB62: changes role from      null to FOLLOWER at term 0 for startAsFollower
2019-09-30 20:45:07,559 [pool-149-thread-1] INFO  impl.RoleInfo (RoleInfo.java:updateAndGet(143)) - 566c5d8e-ae1d-43e7-9848-7b393c045f68: start FollowerState
2019-09-30 20:45:07,575 [pool-149-thread-1] INFO  util.JmxRegister (JmxRegister.java:tryRegister(44)) - Successfully registered JMX Bean with object name Ratis:service=RaftServer,group=group-FFDDE2EBEB62,id=566c5d8e-ae1d-43e7-9848-7b393c045f68
2019-09-30 20:45:07,577 [IPC Server handler 6 on 39722] INFO  net.NetworkTopology (NetworkTopologyImpl.java:add(111)) - Added a new node: /default-rack/5f20aede-face-49ed-b9e8-dbe29547179a
2019-09-30 20:45:07,577 [IPC Server handler 6 on 39722] INFO  node.SCMNodeManager (SCMNodeManager.java:register(266)) - Registered Data node : 5f20aede-face-49ed-b9e8-dbe29547179a{ip: 192.168.30.59, host: pr-hdds-2211-2dwkd-795013237, networkLocation: /default-rack, certSerialId: null}
2019-09-30 20:45:07,588 [RatisPipelineUtilsThread] INFO  pipeline.PipelineStateManager (PipelineStateManager.java:addPipeline(56)) - Created pipeline Pipeline[ Id: 48731a78-d83c-4bf7-9bf4-ffdde2ebeb62, Nodes: 566c5d8e-ae1d-43e7-9848-7b393c045f68{ip: 192.168.30.59, host: pr-hdds-2211-2dwkd-795013237, networkLocation: /default-rack, certSerialId: null}, Type:RATIS, Factor:ONE, State:OPEN]
2019-09-30 20:45:07,597 [grpc-default-executor-5] INFO  impl.RaftServerProxy (RaftServerProxy.java:addNew(89)) - 5f20aede-face-49ed-b9e8-dbe29547179a: addNew group-383433FEB2A7:[5f20aede-face-49ed-b9e8-dbe29547179a:192.168.30.59:34973] returns group-383433FEB2A7:java.util.concurrent.CompletableFuture@1e49cc34[Not completed]
2019-09-30 20:45:07,602 [pool-169-thread-1] INFO  impl.RaftServerImpl (RaftServerImpl.java:<init>(95)) - 5f20aede-face-49ed-b9e8-dbe29547179a: new RaftServerImpl for group-383433FEB2A7:[5f20aede-face-49ed-b9e8-dbe29547179a:192.168.30.59:34973] with ContainerStateMachine:uninitialized
2019-09-30 20:45:07,603 [pool-169-thread-1] INFO  server.RaftServerConfigKeys (ConfUtils.java:logGet(43)) - raft.server.rpc.timeout.min = 5s (custom)
2019-09-30 20:45:07,603 [pool-169-thread-1] INFO  server.RaftServerConfigKeys (ConfUtils.java:logGet(43)) - raft.server.rpc.timeout.max = 5200ms (custom)
2019-09-30 20:45:07,603 [pool-169-thread-1] INFO  server.RaftServerConfigKeys (ConfUtils.java:logGet(43)) - raft.server.rpcslowness.timeout = 120s (custom)
2019-09-30 20:45:07,603 [pool-169-thread-1] INFO  server.RaftServerConfigKeys (ConfUtils.java:logGet(43)) - raft.server.sleep.deviation.threshold = 300 (default)
2019-09-30 20:45:07,603 [pool-169-thread-1] INFO  server.RaftServerConfigKeys (ConfUtils.java:logGet(43)) - raft.server.log.appender.install.snapshot.enabled = false (custom)
2019-09-30 20:45:07,603 [pool-169-thread-1] INFO  impl.RaftServerImpl (ServerState.java:<init>(103)) - 5f20aede-face-49ed-b9e8-dbe29547179a@group-383433FEB2A7: ConfigurationManager, init=-1: [5f20aede-face-49ed-b9e8-dbe29547179a:192.168.30.59:34973], old=null, confs=<EMPTY_MAP>
2019-09-30 20:45:07,603 [pool-169-thread-1] INFO  server.RaftServerConfigKeys (ConfUtils.java:logGet(43)) - raft.server.storage.dir = [/workdir/hadoop-ozone/integration-test/target/test-dir/MiniOzoneClusterImpl-52fa08f5-cb3a-4744-95c3-64f108980532/datanode-5/data/ratis] (custom)
2019-09-30 20:45:07,603 [pool-169-thread-1] INFO  server.RaftServerConfigKeys (ConfUtils.java:logGet(43)) - raft.server.log.corruption.policy = EXCEPTION (default)
2019-09-30 20:45:07,604 [pool-169-thread-1] INFO  storage.RaftStorageDirectory (RaftStorageDirectory.java:analyzeStorage(246)) - The storage directory /workdir/hadoop-ozone/integration-test/target/test-dir/MiniOzoneClusterImpl-52fa08f5-cb3a-4744-95c3-64f108980532/datanode-5/data/ratis/35c03a52-258c-40cc-a501-383433feb2a7 does not exist. Creating ...
2019-09-30 20:45:07,626 [pool-169-thread-1] INFO  storage.RaftStorageDirectory (RaftStorageDirectory.java:tryLock(328)) - Lock on /workdir/hadoop-ozone/integration-test/target/test-dir/MiniOzoneClusterImpl-52fa08f5-cb3a-4744-95c3-64f108980532/datanode-5/data/ratis/35c03a52-258c-40cc-a501-383433feb2a7/in_use.lock acquired by nodename 28903@pr-hdds-2211-2dwkd-795013237
2019-09-30 20:45:07,638 [IPC Server handler 8 on 39722] INFO  net.NetworkTopology (NetworkTopologyImpl.java:add(111)) - Added a new node: /default-rack/c53950f3-8f19-419a-b5b3-1d18492f57d2
2019-09-30 20:45:07,638 [IPC Server handler 8 on 39722] INFO  node.SCMNodeManager (SCMNodeManager.java:register(266)) - Registered Data node : c53950f3-8f19-419a-b5b3-1d18492f57d2{ip: 192.168.30.59, host: pr-hdds-2211-2dwkd-795013237, networkLocation: /default-rack, certSerialId: null}
2019-09-30 20:45:07,640 [main] INFO  ozone.MiniOzoneClusterImpl (MiniOzoneClusterImpl.java:lambda$waitForClusterToBeReady$0(147)) - Cluster is ready. Got 7 of 7 DN Heartbeats.
2019-09-30 20:45:07,665 [pool-169-thread-1] INFO  storage.RaftStorage (RaftStorage.java:format(84)) - Storage directory /workdir/hadoop-ozone/integration-test/target/test-dir/MiniOzoneClusterImpl-52fa08f5-cb3a-4744-95c3-64f108980532/datanode-5/data/ratis/35c03a52-258c-40cc-a501-383433feb2a7 has been successfully formatted.
2019-09-30 20:45:07,666 [pool-169-thread-1] INFO  ratis.ContainerStateMachine (ContainerStateMachine.java:loadSnapshot(230)) - group-383433FEB2A7: The snapshot info is null. Setting the last applied indexto:(t:0, i:~)
2019-09-30 20:45:07,666 [pool-169-thread-1] INFO  server.RaftServerConfigKeys (ConfUtils.java:logGet(43)) - raft.server.notification.no-leader.timeout = 120s (custom)
2019-09-30 20:45:07,666 [pool-169-thread-1] INFO  server.RaftServerConfigKeys (ConfUtils.java:logGet(43)) - raft.server.log.use.memory = false (default)
2019-09-30 20:45:07,666 [pool-169-thread-1] INFO  server.RaftServerConfigKeys (ConfUtils.java:logGet(43)) - raft.server.log.purge.gap = 1000000 (custom)
2019-09-30 20:45:07,666 [pool-169-thread-1] INFO  server.RaftServerConfigKeys (ConfUtils.java:logGet(43)) - raft.server.log.appender.buffer.byte-limit = 33554432 (custom)
2019-09-30 20:45:07,666 [pool-169-thread-1] INFO  server.RaftServerConfigKeys (ConfUtils.java:logGet(43)) - raft.server.log.segment.size.max = 1048576 (custom)
2019-09-30 20:45:07,669 [pool-169-thread-1] INFO  server.RaftServerConfigKeys (ConfUtils.java:logGet(43)) - raft.server.log.segment.cache.num.max = 2 (custom)
2019-09-30 20:45:07,669 [pool-169-thread-1] INFO  segmented.SegmentedRaftLogWorker (SegmentedRaftLogWorker.java:<init>(173)) - new 5f20aede-face-49ed-b9e8-dbe29547179a@group-383433FEB2A7-SegmentedRaftLogWorker for RaftStorage:Storage Directory /workdir/hadoop-ozone/integration-test/target/test-dir/MiniOzoneClusterImpl-52fa08f5-cb3a-4744-95c3-64f108980532/datanode-5/data/ratis/35c03a52-258c-40cc-a501-383433feb2a7
2019-09-30 20:45:07,670 [pool-169-thread-1] INFO  server.RaftServerConfigKeys (ConfUtils.java:logGet(43)) - raft.server.log.queue.byte-limit = 2147483647 (custom)
2019-09-30 20:45:07,670 [pool-169-thread-1] INFO  server.RaftServerConfigKeys (ConfUtils.java:logGet(43)) - raft.server.log.queue.element-limit = 1024 (custom)
2019-09-30 20:45:07,670 [pool-169-thread-1] INFO  server.RaftServerConfigKeys (ConfUtils.java:logGet(43)) - raft.server.log.segment.size.max = 1048576 (custom)
2019-09-30 20:45:07,670 [pool-169-thread-1] INFO  server.RaftServerConfigKeys (ConfUtils.java:logGet(43)) - raft.server.log.preallocated.size = 16384 (custom)
2019-09-30 20:45:07,670 [pool-169-thread-1] INFO  server.RaftServerConfigKeys (ConfUtils.java:logGet(43)) - raft.server.log.write.buffer.size = 33554432 (custom)
2019-09-30 20:45:07,670 [pool-169-thread-1] INFO  server.RaftServerConfigKeys (ConfUtils.java:logGet(43)) - raft.server.log.force.sync.num = 128 (default)
2019-09-30 20:45:07,670 [pool-169-thread-1] INFO  server.RaftServerConfigKeys (ConfUtils.java:logGet(43)) - raft.server.log.statemachine.data.sync = true (default)
2019-09-30 20:45:07,670 [pool-169-thread-1] INFO  server.RaftServerConfigKeys (ConfUtils.java:logGet(43)) - raft.server.log.statemachine.data.sync.timeout = 10s (default)
2019-09-30 20:45:07,670 [pool-169-thread-1] INFO  server.RaftServerConfigKeys (ConfUtils.java:logGet(43)) - raft.server.log.statemachine.data.sync.timeout.retry = -1 (default)
2019-09-30 20:45:07,671 [pool-169-thread-1] INFO  server.RaftServerConfigKeys (ConfUtils.java:logGet(43)) - raft.server.log.statemachine.data.caching.enabled = true (custom)
2019-09-30 20:45:07,671 [pool-169-thread-1] INFO  segmented.SegmentedRaftLogWorker (SegmentedRaftLogWorker.java:lambda$new$0(128)) - 5f20aede-face-49ed-b9e8-dbe29547179a@group-383433FEB2A7-SegmentedRaftLogWorker: flushIndex: setUnconditionally 0 -> -1
2019-09-30 20:45:07,671 [pool-169-thread-1] INFO  server.RaftServerConfigKeys (ConfUtils.java:logGet(43)) - raft.server.snapshot.auto.trigger.enabled = true (custom)
2019-09-30 20:45:07,671 [pool-169-thread-1] INFO  server.RaftServerConfigKeys (ConfUtils.java:logGet(43)) - raft.server.snapshot.auto.trigger.threshold = 10000 (custom)
2019-09-30 20:45:07,671 [main] INFO  rpc.RpcClient (RpcClient.java:createVolume(276)) - Creating Volume: testblockoutputstreamwithretries, with jenkins1000 as owner.
2019-09-30 20:45:07,671 [pool-169-thread-1] INFO  server.RaftServerConfigKeys (ConfUtils.java:logGet(43)) - raft.server.snapshot.retention.file.num = 5 (custom)
2019-09-30 20:45:07,672 [pool-169-thread-1] INFO  server.RaftServerConfigKeys (ConfUtils.java:logGet(43)) - raft.server.retrycache.expirytime = 600000ms (custom)
2019-09-30 20:45:07,673 [pool-169-thread-1] INFO  impl.RaftServerImpl (RaftServerImpl.java:start(181)) - 5f20aede-face-49ed-b9e8-dbe29547179a@group-383433FEB2A7: start as a follower, conf=-1: [5f20aede-face-49ed-b9e8-dbe29547179a:192.168.30.59:34973], old=null
2019-09-30 20:45:07,673 [pool-169-thread-1] INFO  impl.RaftServerImpl (RaftServerImpl.java:setRole(170)) - 5f20aede-face-49ed-b9e8-dbe29547179a@group-383433FEB2A7: changes role from      null to FOLLOWER at term 0 for startAsFollower
2019-09-30 20:45:07,674 [pool-169-thread-1] INFO  impl.RoleInfo (RoleInfo.java:updateAndGet(143)) - 5f20aede-face-49ed-b9e8-dbe29547179a: start FollowerState
2019-09-30 20:45:07,674 [pool-169-thread-1] INFO  util.JmxRegister (JmxRegister.java:tryRegister(44)) - Successfully registered JMX Bean with object name Ratis:service=RaftServer,group=group-383433FEB2A7,id=5f20aede-face-49ed-b9e8-dbe29547179a
2019-09-30 20:45:07,675 [IPC Server handler 2 on 43470] INFO  volume.OMVolumeCreateRequest (OMVolumeCreateRequest.java:validateAndUpdateCache(194)) - created volume:testblockoutputstreamwithretries for user:jenkins1000
2019-09-30 20:45:07,689 [RatisPipelineUtilsThread] INFO  pipeline.PipelineStateManager (PipelineStateManager.java:addPipeline(56)) - Created pipeline Pipeline[ Id: 35c03a52-258c-40cc-a501-383433feb2a7, Nodes: 5f20aede-face-49ed-b9e8-dbe29547179a{ip: 192.168.30.59, host: pr-hdds-2211-2dwkd-795013237, networkLocation: /default-rack, certSerialId: null}, Type:RATIS, Factor:ONE, State:OPEN]
2019-09-30 20:45:07,689 [main] INFO  rpc.RpcClient (RpcClient.java:createBucket(415)) - Creating Bucket: testblockoutputstreamwithretries/testblockoutputstreamwithretries, with Versioning false and Storage Type set to DISK and Encryption set to false 
2019-09-30 20:45:07,699 [grpc-default-executor-5] INFO  impl.RaftServerProxy (RaftServerProxy.java:addNew(89)) - 34995412-33a1-409e-9f38-fe1e74ba27b5: addNew group-51A860066D86:[34995412-33a1-409e-9f38-fe1e74ba27b5:192.168.30.59:42883] returns group-51A860066D86:java.util.concurrent.CompletableFuture@5d062107[Not completed]
2019-09-30 20:45:07,703 [pool-159-thread-1] INFO  impl.RaftServerImpl (RaftServerImpl.java:<init>(95)) - 34995412-33a1-409e-9f38-fe1e74ba27b5: new RaftServerImpl for group-51A860066D86:[34995412-33a1-409e-9f38-fe1e74ba27b5:192.168.30.59:42883] with ContainerStateMachine:uninitialized
2019-09-30 20:45:07,703 [pool-159-thread-1] INFO  server.RaftServerConfigKeys (ConfUtils.java:logGet(43)) - raft.server.rpc.timeout.min = 5s (custom)
2019-09-30 20:45:07,703 [pool-159-thread-1] INFO  server.RaftServerConfigKeys (ConfUtils.java:logGet(43)) - raft.server.rpc.timeout.max = 5200ms (custom)
2019-09-30 20:45:07,703 [pool-159-thread-1] INFO  server.RaftServerConfigKeys (ConfUtils.java:logGet(43)) - raft.server.rpcslowness.timeout = 120s (custom)
2019-09-30 20:45:07,703 [pool-159-thread-1] INFO  server.RaftServerConfigKeys (ConfUtils.java:logGet(43)) - raft.server.sleep.deviation.threshold = 300 (default)
2019-09-30 20:45:07,704 [pool-159-thread-1] INFO  server.RaftServerConfigKeys (ConfUtils.java:logGet(43)) - raft.server.log.appender.install.snapshot.enabled = false (custom)
2019-09-30 20:45:07,704 [pool-159-thread-1] INFO  impl.RaftServerImpl (ServerState.java:<init>(103)) - 34995412-33a1-409e-9f38-fe1e74ba27b5@group-51A860066D86: ConfigurationManager, init=-1: [34995412-33a1-409e-9f38-fe1e74ba27b5:192.168.30.59:42883], old=null, confs=<EMPTY_MAP>
2019-09-30 20:45:07,704 [pool-159-thread-1] INFO  server.RaftServerConfigKeys (ConfUtils.java:logGet(43)) - raft.server.storage.dir = [/workdir/hadoop-ozone/integration-test/target/test-dir/MiniOzoneClusterImpl-52fa08f5-cb3a-4744-95c3-64f108980532/datanode-4/data/ratis] (custom)
2019-09-30 20:45:07,704 [pool-159-thread-1] INFO  server.RaftServerConfigKeys (ConfUtils.java:logGet(43)) - raft.server.log.corruption.policy = EXCEPTION (default)
2019-09-30 20:45:07,704 [pool-159-thread-1] INFO  storage.RaftStorageDirectory (RaftStorageDirectory.java:analyzeStorage(246)) - The storage directory /workdir/hadoop-ozone/integration-test/target/test-dir/MiniOzoneClusterImpl-52fa08f5-cb3a-4744-95c3-64f108980532/datanode-4/data/ratis/43ef9ef7-37f0-4827-89be-51a860066d86 does not exist. Creating ...
2019-09-30 20:45:07,727 [pool-159-thread-1] INFO  storage.RaftStorageDirectory (RaftStorageDirectory.java:tryLock(328)) - Lock on /workdir/hadoop-ozone/integration-test/target/test-dir/MiniOzoneClusterImpl-52fa08f5-cb3a-4744-95c3-64f108980532/datanode-4/data/ratis/43ef9ef7-37f0-4827-89be-51a860066d86/in_use.lock acquired by nodename 28903@pr-hdds-2211-2dwkd-795013237
2019-09-30 20:45:07,744 [pool-159-thread-1] INFO  storage.RaftStorage (RaftStorage.java:format(84)) - Storage directory /workdir/hadoop-ozone/integration-test/target/test-dir/MiniOzoneClusterImpl-52fa08f5-cb3a-4744-95c3-64f108980532/datanode-4/data/ratis/43ef9ef7-37f0-4827-89be-51a860066d86 has been successfully formatted.
2019-09-30 20:45:07,744 [pool-159-thread-1] INFO  ratis.ContainerStateMachine (ContainerStateMachine.java:loadSnapshot(230)) - group-51A860066D86: The snapshot info is null. Setting the last applied indexto:(t:0, i:~)
2019-09-30 20:45:07,744 [pool-159-thread-1] INFO  server.RaftServerConfigKeys (ConfUtils.java:logGet(43)) - raft.server.notification.no-leader.timeout = 120s (custom)
2019-09-30 20:45:07,744 [pool-159-thread-1] INFO  server.RaftServerConfigKeys (ConfUtils.java:logGet(43)) - raft.server.log.use.memory = false (default)
2019-09-30 20:45:07,744 [pool-159-thread-1] INFO  server.RaftServerConfigKeys (ConfUtils.java:logGet(43)) - raft.server.log.purge.gap = 1000000 (custom)
2019-09-30 20:45:07,744 [pool-159-thread-1] INFO  server.RaftServerConfigKeys (ConfUtils.java:logGet(43)) - raft.server.log.appender.buffer.byte-limit = 33554432 (custom)
2019-09-30 20:45:07,744 [pool-159-thread-1] INFO  server.RaftServerConfigKeys (ConfUtils.java:logGet(43)) - raft.server.log.segment.size.max = 1048576 (custom)
2019-09-30 20:45:07,746 [pool-159-thread-1] INFO  server.RaftServerConfigKeys (ConfUtils.java:logGet(43)) - raft.server.log.segment.cache.num.max = 2 (custom)
2019-09-30 20:45:07,746 [pool-159-thread-1] INFO  segmented.SegmentedRaftLogWorker (SegmentedRaftLogWorker.java:<init>(173)) - new 34995412-33a1-409e-9f38-fe1e74ba27b5@group-51A860066D86-SegmentedRaftLogWorker for RaftStorage:Storage Directory /workdir/hadoop-ozone/integration-test/target/test-dir/MiniOzoneClusterImpl-52fa08f5-cb3a-4744-95c3-64f108980532/datanode-4/data/ratis/43ef9ef7-37f0-4827-89be-51a860066d86
2019-09-30 20:45:07,746 [pool-159-thread-1] INFO  server.RaftServerConfigKeys (ConfUtils.java:logGet(43)) - raft.server.log.queue.byte-limit = 2147483647 (custom)
2019-09-30 20:45:07,746 [pool-159-thread-1] INFO  server.RaftServerConfigKeys (ConfUtils.java:logGet(43)) - raft.server.log.queue.element-limit = 1024 (custom)
2019-09-30 20:45:07,746 [pool-159-thread-1] INFO  server.RaftServerConfigKeys (ConfUtils.java:logGet(43)) - raft.server.log.segment.size.max = 1048576 (custom)
2019-09-30 20:45:07,747 [pool-159-thread-1] INFO  server.RaftServerConfigKeys (ConfUtils.java:logGet(43)) - raft.server.log.preallocated.size = 16384 (custom)
2019-09-30 20:45:07,747 [pool-159-thread-1] INFO  server.RaftServerConfigKeys (ConfUtils.java:logGet(43)) - raft.server.log.write.buffer.size = 33554432 (custom)
2019-09-30 20:45:07,747 [pool-159-thread-1] INFO  server.RaftServerConfigKeys (ConfUtils.java:logGet(43)) - raft.server.log.force.sync.num = 128 (default)
2019-09-30 20:45:07,747 [pool-159-thread-1] INFO  server.RaftServerConfigKeys (ConfUtils.java:logGet(43)) - raft.server.log.statemachine.data.sync = true (default)
2019-09-30 20:45:07,747 [pool-159-thread-1] INFO  server.RaftServerConfigKeys (ConfUtils.java:logGet(43)) - raft.server.log.statemachine.data.sync.timeout = 10s (default)
2019-09-30 20:45:07,747 [pool-159-thread-1] INFO  server.RaftServerConfigKeys (ConfUtils.java:logGet(43)) - raft.server.log.statemachine.data.sync.timeout.retry = -1 (default)
2019-09-30 20:45:07,747 [pool-159-thread-1] INFO  server.RaftServerConfigKeys (ConfUtils.java:logGet(43)) - raft.server.log.statemachine.data.caching.enabled = true (custom)
2019-09-30 20:45:07,748 [pool-159-thread-1] INFO  segmented.SegmentedRaftLogWorker (SegmentedRaftLogWorker.java:lambda$new$0(128)) - 34995412-33a1-409e-9f38-fe1e74ba27b5@group-51A860066D86-SegmentedRaftLogWorker: flushIndex: setUnconditionally 0 -> -1
2019-09-30 20:45:07,748 [pool-159-thread-1] INFO  server.RaftServerConfigKeys (ConfUtils.java:logGet(43)) - raft.server.snapshot.auto.trigger.enabled = true (custom)
2019-09-30 20:45:07,748 [pool-159-thread-1] INFO  server.RaftServerConfigKeys (ConfUtils.java:logGet(43)) - raft.server.snapshot.auto.trigger.threshold = 10000 (custom)
2019-09-30 20:45:07,748 [pool-159-thread-1] INFO  server.RaftServerConfigKeys (ConfUtils.java:logGet(43)) - raft.server.snapshot.retention.file.num = 5 (custom)
2019-09-30 20:45:07,748 [pool-159-thread-1] INFO  server.RaftServerConfigKeys (ConfUtils.java:logGet(43)) - raft.server.retrycache.expirytime = 600000ms (custom)
2019-09-30 20:45:07,750 [pool-159-thread-1] INFO  impl.RaftServerImpl (RaftServerImpl.java:start(181)) - 34995412-33a1-409e-9f38-fe1e74ba27b5@group-51A860066D86: start as a follower, conf=-1: [34995412-33a1-409e-9f38-fe1e74ba27b5:192.168.30.59:42883], old=null
2019-09-30 20:45:07,750 [pool-159-thread-1] INFO  impl.RaftServerImpl (RaftServerImpl.java:setRole(170)) - 34995412-33a1-409e-9f38-fe1e74ba27b5@group-51A860066D86: changes role from      null to FOLLOWER at term 0 for startAsFollower
2019-09-30 20:45:07,750 [pool-159-thread-1] INFO  impl.RoleInfo (RoleInfo.java:updateAndGet(143)) - 34995412-33a1-409e-9f38-fe1e74ba27b5: start FollowerState
2019-09-30 20:45:07,750 [pool-159-thread-1] INFO  util.JmxRegister (JmxRegister.java:tryRegister(44)) - Successfully registered JMX Bean with object name Ratis:service=RaftServer,group=group-51A860066D86,id=34995412-33a1-409e-9f38-fe1e74ba27b5
2019-09-30 20:45:07,754 [RatisPipelineUtilsThread] INFO  pipeline.PipelineStateManager (PipelineStateManager.java:addPipeline(56)) - Created pipeline Pipeline[ Id: 43ef9ef7-37f0-4827-89be-51a860066d86, Nodes: 34995412-33a1-409e-9f38-fe1e74ba27b5{ip: 192.168.30.59, host: pr-hdds-2211-2dwkd-795013237, networkLocation: /default-rack, certSerialId: null}, Type:RATIS, Factor:ONE, State:OPEN]
2019-09-30 20:45:07,763 [grpc-default-executor-5] INFO  impl.RaftServerProxy (RaftServerProxy.java:addNew(89)) - c53950f3-8f19-419a-b5b3-1d18492f57d2: addNew group-EBDCECBE087F:[c53950f3-8f19-419a-b5b3-1d18492f57d2:192.168.30.59:40277] returns group-EBDCECBE087F:java.util.concurrent.CompletableFuture@4277eeb1[Not completed]
2019-09-30 20:45:07,767 [pool-179-thread-1] INFO  impl.RaftServerImpl (RaftServerImpl.java:<init>(95)) - c53950f3-8f19-419a-b5b3-1d18492f57d2: new RaftServerImpl for group-EBDCECBE087F:[c53950f3-8f19-419a-b5b3-1d18492f57d2:192.168.30.59:40277] with ContainerStateMachine:uninitialized
2019-09-30 20:45:07,767 [pool-179-thread-1] INFO  server.RaftServerConfigKeys (ConfUtils.java:logGet(43)) - raft.server.rpc.timeout.min = 5s (custom)
2019-09-30 20:45:07,767 [pool-179-thread-1] INFO  server.RaftServerConfigKeys (ConfUtils.java:logGet(43)) - raft.server.rpc.timeout.max = 5200ms (custom)
2019-09-30 20:45:07,767 [pool-179-thread-1] INFO  server.RaftServerConfigKeys (ConfUtils.java:logGet(43)) - raft.server.rpcslowness.timeout = 120s (custom)
2019-09-30 20:45:07,767 [pool-179-thread-1] INFO  server.RaftServerConfigKeys (ConfUtils.java:logGet(43)) - raft.server.sleep.deviation.threshold = 300 (default)
2019-09-30 20:45:07,767 [pool-179-thread-1] INFO  server.RaftServerConfigKeys (ConfUtils.java:logGet(43)) - raft.server.log.appender.install.snapshot.enabled = false (custom)
2019-09-30 20:45:07,767 [pool-179-thread-1] INFO  impl.RaftServerImpl (ServerState.java:<init>(103)) - c53950f3-8f19-419a-b5b3-1d18492f57d2@group-EBDCECBE087F: ConfigurationManager, init=-1: [c53950f3-8f19-419a-b5b3-1d18492f57d2:192.168.30.59:40277], old=null, confs=<EMPTY_MAP>
2019-09-30 20:45:07,767 [pool-179-thread-1] INFO  server.RaftServerConfigKeys (ConfUtils.java:logGet(43)) - raft.server.storage.dir = [/workdir/hadoop-ozone/integration-test/target/test-dir/MiniOzoneClusterImpl-52fa08f5-cb3a-4744-95c3-64f108980532/datanode-6/data/ratis] (custom)
2019-09-30 20:45:07,768 [pool-179-thread-1] INFO  server.RaftServerConfigKeys (ConfUtils.java:logGet(43)) - raft.server.log.corruption.policy = EXCEPTION (default)
2019-09-30 20:45:07,768 [pool-179-thread-1] INFO  storage.RaftStorageDirectory (RaftStorageDirectory.java:analyzeStorage(246)) - The storage directory /workdir/hadoop-ozone/integration-test/target/test-dir/MiniOzoneClusterImpl-52fa08f5-cb3a-4744-95c3-64f108980532/datanode-6/data/ratis/0737401e-127a-44fd-91d0-ebdcecbe087f does not exist. Creating ...
2019-09-30 20:45:07,791 [pool-179-thread-1] INFO  storage.RaftStorageDirectory (RaftStorageDirectory.java:tryLock(328)) - Lock on /workdir/hadoop-ozone/integration-test/target/test-dir/MiniOzoneClusterImpl-52fa08f5-cb3a-4744-95c3-64f108980532/datanode-6/data/ratis/0737401e-127a-44fd-91d0-ebdcecbe087f/in_use.lock acquired by nodename 28903@pr-hdds-2211-2dwkd-795013237
2019-09-30 20:45:07,810 [pool-179-thread-1] INFO  storage.RaftStorage (RaftStorage.java:format(84)) - Storage directory /workdir/hadoop-ozone/integration-test/target/test-dir/MiniOzoneClusterImpl-52fa08f5-cb3a-4744-95c3-64f108980532/datanode-6/data/ratis/0737401e-127a-44fd-91d0-ebdcecbe087f has been successfully formatted.
2019-09-30 20:45:07,810 [pool-179-thread-1] INFO  ratis.ContainerStateMachine (ContainerStateMachine.java:loadSnapshot(230)) - group-EBDCECBE087F: The snapshot info is null. Setting the last applied indexto:(t:0, i:~)
2019-09-30 20:45:07,810 [pool-179-thread-1] INFO  server.RaftServerConfigKeys (ConfUtils.java:logGet(43)) - raft.server.notification.no-leader.timeout = 120s (custom)
2019-09-30 20:45:07,810 [pool-179-thread-1] INFO  server.RaftServerConfigKeys (ConfUtils.java:logGet(43)) - raft.server.log.use.memory = false (default)
2019-09-30 20:45:07,810 [pool-179-thread-1] INFO  server.RaftServerConfigKeys (ConfUtils.java:logGet(43)) - raft.server.log.purge.gap = 1000000 (custom)
2019-09-30 20:45:07,811 [pool-179-thread-1] INFO  server.RaftServerConfigKeys (ConfUtils.java:logGet(43)) - raft.server.log.appender.buffer.byte-limit = 33554432 (custom)
2019-09-30 20:45:07,811 [pool-179-thread-1] INFO  server.RaftServerConfigKeys (ConfUtils.java:logGet(43)) - raft.server.log.segment.size.max = 1048576 (custom)
2019-09-30 20:45:07,812 [pool-179-thread-1] INFO  server.RaftServerConfigKeys (ConfUtils.java:logGet(43)) - raft.server.log.segment.cache.num.max = 2 (custom)
2019-09-30 20:45:07,812 [pool-179-thread-1] INFO  segmented.SegmentedRaftLogWorker (SegmentedRaftLogWorker.java:<init>(173)) - new c53950f3-8f19-419a-b5b3-1d18492f57d2@group-EBDCECBE087F-SegmentedRaftLogWorker for RaftStorage:Storage Directory /workdir/hadoop-ozone/integration-test/target/test-dir/MiniOzoneClusterImpl-52fa08f5-cb3a-4744-95c3-64f108980532/datanode-6/data/ratis/0737401e-127a-44fd-91d0-ebdcecbe087f
2019-09-30 20:45:07,812 [pool-179-thread-1] INFO  server.RaftServerConfigKeys (ConfUtils.java:logGet(43)) - raft.server.log.queue.byte-limit = 2147483647 (custom)
2019-09-30 20:45:07,812 [pool-179-thread-1] INFO  server.RaftServerConfigKeys (ConfUtils.java:logGet(43)) - raft.server.log.queue.element-limit = 1024 (custom)
2019-09-30 20:45:07,813 [pool-179-thread-1] INFO  server.RaftServerConfigKeys (ConfUtils.java:logGet(43)) - raft.server.log.segment.size.max = 1048576 (custom)
2019-09-30 20:45:07,813 [pool-179-thread-1] INFO  server.RaftServerConfigKeys (ConfUtils.java:logGet(43)) - raft.server.log.preallocated.size = 16384 (custom)
2019-09-30 20:45:07,813 [pool-179-thread-1] INFO  server.RaftServerConfigKeys (ConfUtils.java:logGet(43)) - raft.server.log.write.buffer.size = 33554432 (custom)
2019-09-30 20:45:07,813 [pool-179-thread-1] INFO  server.RaftServerConfigKeys (ConfUtils.java:logGet(43)) - raft.server.log.force.sync.num = 128 (default)
2019-09-30 20:45:07,813 [pool-179-thread-1] INFO  server.RaftServerConfigKeys (ConfUtils.java:logGet(43)) - raft.server.log.statemachine.data.sync = true (default)
2019-09-30 20:45:07,813 [pool-179-thread-1] INFO  server.RaftServerConfigKeys (ConfUtils.java:logGet(43)) - raft.server.log.statemachine.data.sync.timeout = 10s (default)
2019-09-30 20:45:07,813 [pool-179-thread-1] INFO  server.RaftServerConfigKeys (ConfUtils.java:logGet(43)) - raft.server.log.statemachine.data.sync.timeout.retry = -1 (default)
2019-09-30 20:45:07,813 [pool-179-thread-1] INFO  server.RaftServerConfigKeys (ConfUtils.java:logGet(43)) - raft.server.log.statemachine.data.caching.enabled = true (custom)
2019-09-30 20:45:07,814 [pool-179-thread-1] INFO  segmented.SegmentedRaftLogWorker (SegmentedRaftLogWorker.java:lambda$new$0(128)) - c53950f3-8f19-419a-b5b3-1d18492f57d2@group-EBDCECBE087F-SegmentedRaftLogWorker: flushIndex: setUnconditionally 0 -> -1
2019-09-30 20:45:07,814 [pool-179-thread-1] INFO  server.RaftServerConfigKeys (ConfUtils.java:logGet(43)) - raft.server.snapshot.auto.trigger.enabled = true (custom)
2019-09-30 20:45:07,814 [pool-179-thread-1] INFO  server.RaftServerConfigKeys (ConfUtils.java:logGet(43)) - raft.server.snapshot.auto.trigger.threshold = 10000 (custom)
2019-09-30 20:45:07,814 [pool-179-thread-1] INFO  server.RaftServerConfigKeys (ConfUtils.java:logGet(43)) - raft.server.snapshot.retention.file.num = 5 (custom)
2019-09-30 20:45:07,814 [pool-179-thread-1] INFO  server.RaftServerConfigKeys (ConfUtils.java:logGet(43)) - raft.server.retrycache.expirytime = 600000ms (custom)
2019-09-30 20:45:07,816 [pool-179-thread-1] INFO  impl.RaftServerImpl (RaftServerImpl.java:start(181)) - c53950f3-8f19-419a-b5b3-1d18492f57d2@group-EBDCECBE087F: start as a follower, conf=-1: [c53950f3-8f19-419a-b5b3-1d18492f57d2:192.168.30.59:40277], old=null
2019-09-30 20:45:07,816 [pool-179-thread-1] INFO  impl.RaftServerImpl (RaftServerImpl.java:setRole(170)) - c53950f3-8f19-419a-b5b3-1d18492f57d2@group-EBDCECBE087F: changes role from      null to FOLLOWER at term 0 for startAsFollower
2019-09-30 20:45:07,816 [pool-179-thread-1] INFO  impl.RoleInfo (RoleInfo.java:updateAndGet(143)) - c53950f3-8f19-419a-b5b3-1d18492f57d2: start FollowerState
2019-09-30 20:45:07,816 [pool-179-thread-1] INFO  util.JmxRegister (JmxRegister.java:tryRegister(44)) - Successfully registered JMX Bean with object name Ratis:service=RaftServer,group=group-EBDCECBE087F,id=c53950f3-8f19-419a-b5b3-1d18492f57d2
2019-09-30 20:45:07,820 [RatisPipelineUtilsThread] INFO  pipeline.PipelineStateManager (PipelineStateManager.java:addPipeline(56)) - Created pipeline Pipeline[ Id: 0737401e-127a-44fd-91d0-ebdcecbe087f, Nodes: c53950f3-8f19-419a-b5b3-1d18492f57d2{ip: 192.168.30.59, host: pr-hdds-2211-2dwkd-795013237, networkLocation: /default-rack, certSerialId: null}, Type:RATIS, Factor:ONE, State:OPEN]
2019-09-30 20:45:07,841 [grpc-default-executor-5] INFO  impl.RaftServerProxy (RaftServerProxy.java:addNew(89)) - 566c5d8e-ae1d-43e7-9848-7b393c045f68: addNew group-329730433CA5:[f4aeb726-a0ad-44bf-820c-a69213549e62:192.168.30.59:44327, 5f20aede-face-49ed-b9e8-dbe29547179a:192.168.30.59:34973, 566c5d8e-ae1d-43e7-9848-7b393c045f68:192.168.30.59:41560] returns group-329730433CA5:java.util.concurrent.CompletableFuture@5062eb4a[Not completed]
2019-09-30 20:45:07,841 [grpc-default-executor-4] INFO  impl.RaftServerProxy (RaftServerProxy.java:addNew(89)) - 5f20aede-face-49ed-b9e8-dbe29547179a: addNew group-329730433CA5:[f4aeb726-a0ad-44bf-820c-a69213549e62:192.168.30.59:44327, 5f20aede-face-49ed-b9e8-dbe29547179a:192.168.30.59:34973, 566c5d8e-ae1d-43e7-9848-7b393c045f68:192.168.30.59:41560] returns group-329730433CA5:java.util.concurrent.CompletableFuture@40db1ad4[Not completed]
2019-09-30 20:45:07,842 [grpc-default-executor-0] INFO  impl.RaftServerProxy (RaftServerProxy.java:addNew(89)) - f4aeb726-a0ad-44bf-820c-a69213549e62: addNew group-329730433CA5:[f4aeb726-a0ad-44bf-820c-a69213549e62:192.168.30.59:44327, 5f20aede-face-49ed-b9e8-dbe29547179a:192.168.30.59:34973, 566c5d8e-ae1d-43e7-9848-7b393c045f68:192.168.30.59:41560] returns group-329730433CA5:java.util.concurrent.CompletableFuture@40722a4f[Not completed]
2019-09-30 20:45:07,843 [pool-149-thread-1] INFO  impl.RaftServerImpl (RaftServerImpl.java:<init>(95)) - 566c5d8e-ae1d-43e7-9848-7b393c045f68: new RaftServerImpl for group-329730433CA5:[f4aeb726-a0ad-44bf-820c-a69213549e62:192.168.30.59:44327, 5f20aede-face-49ed-b9e8-dbe29547179a:192.168.30.59:34973, 566c5d8e-ae1d-43e7-9848-7b393c045f68:192.168.30.59:41560] with ContainerStateMachine:uninitialized
2019-09-30 20:45:07,843 [pool-149-thread-1] INFO  server.RaftServerConfigKeys (ConfUtils.java:logGet(43)) - raft.server.rpc.timeout.min = 5s (custom)
2019-09-30 20:45:07,843 [pool-149-thread-1] INFO  server.RaftServerConfigKeys (ConfUtils.java:logGet(43)) - raft.server.rpc.timeout.max = 5200ms (custom)
2019-09-30 20:45:07,843 [pool-149-thread-1] INFO  server.RaftServerConfigKeys (ConfUtils.java:logGet(43)) - raft.server.rpcslowness.timeout = 120s (custom)
2019-09-30 20:45:07,843 [pool-119-thread-1] INFO  impl.RaftServerImpl (RaftServerImpl.java:<init>(95)) - f4aeb726-a0ad-44bf-820c-a69213549e62: new RaftServerImpl for group-329730433CA5:[f4aeb726-a0ad-44bf-820c-a69213549e62:192.168.30.59:44327, 5f20aede-face-49ed-b9e8-dbe29547179a:192.168.30.59:34973, 566c5d8e-ae1d-43e7-9848-7b393c045f68:192.168.30.59:41560] with ContainerStateMachine:uninitialized
2019-09-30 20:45:07,843 [pool-149-thread-1] INFO  server.RaftServerConfigKeys (ConfUtils.java:logGet(43)) - raft.server.sleep.deviation.threshold = 300 (default)
2019-09-30 20:45:07,844 [pool-119-thread-1] INFO  server.RaftServerConfigKeys (ConfUtils.java:logGet(43)) - raft.server.rpc.timeout.min = 5s (custom)
2019-09-30 20:45:07,844 [pool-149-thread-1] INFO  server.RaftServerConfigKeys (ConfUtils.java:logGet(43)) - raft.server.log.appender.install.snapshot.enabled = false (custom)
2019-09-30 20:45:07,844 [pool-119-thread-1] INFO  server.RaftServerConfigKeys (ConfUtils.java:logGet(43)) - raft.server.rpc.timeout.max = 5200ms (custom)
2019-09-30 20:45:07,844 [pool-149-thread-1] INFO  impl.RaftServerImpl (ServerState.java:<init>(103)) - 566c5d8e-ae1d-43e7-9848-7b393c045f68@group-329730433CA5: ConfigurationManager, init=-1: [f4aeb726-a0ad-44bf-820c-a69213549e62:192.168.30.59:44327, 5f20aede-face-49ed-b9e8-dbe29547179a:192.168.30.59:34973, 566c5d8e-ae1d-43e7-9848-7b393c045f68:192.168.30.59:41560], old=null, confs=<EMPTY_MAP>
2019-09-30 20:45:07,844 [pool-169-thread-1] INFO  impl.RaftServerImpl (RaftServerImpl.java:<init>(95)) - 5f20aede-face-49ed-b9e8-dbe29547179a: new RaftServerImpl for group-329730433CA5:[f4aeb726-a0ad-44bf-820c-a69213549e62:192.168.30.59:44327, 5f20aede-face-49ed-b9e8-dbe29547179a:192.168.30.59:34973, 566c5d8e-ae1d-43e7-9848-7b393c045f68:192.168.30.59:41560] with ContainerStateMachine:uninitialized
2019-09-30 20:45:07,844 [pool-119-thread-1] INFO  server.RaftServerConfigKeys (ConfUtils.java:logGet(43)) - raft.server.rpcslowness.timeout = 120s (custom)
2019-09-30 20:45:07,844 [pool-169-thread-1] INFO  server.RaftServerConfigKeys (ConfUtils.java:logGet(43)) - raft.server.rpc.timeout.min = 5s (custom)
2019-09-30 20:45:07,844 [pool-149-thread-1] INFO  server.RaftServerConfigKeys (ConfUtils.java:logGet(43)) - raft.server.storage.dir = [/workdir/hadoop-ozone/integration-test/target/test-dir/MiniOzoneClusterImpl-52fa08f5-cb3a-4744-95c3-64f108980532/datanode-3/data/ratis] (custom)
2019-09-30 20:45:07,844 [pool-169-thread-1] INFO  server.RaftServerConfigKeys (ConfUtils.java:logGet(43)) - raft.server.rpc.timeout.max = 5200ms (custom)
2019-09-30 20:45:07,844 [pool-119-thread-1] INFO  server.RaftServerConfigKeys (ConfUtils.java:logGet(43)) - raft.server.sleep.deviation.threshold = 300 (default)
2019-09-30 20:45:07,845 [pool-149-thread-1] INFO  server.RaftServerConfigKeys (ConfUtils.java:logGet(43)) - raft.server.log.corruption.policy = EXCEPTION (default)
2019-09-30 20:45:07,845 [pool-169-thread-1] INFO  server.RaftServerConfigKeys (ConfUtils.java:logGet(43)) - raft.server.rpcslowness.timeout = 120s (custom)
2019-09-30 20:45:07,845 [pool-149-thread-1] INFO  storage.RaftStorageDirectory (RaftStorageDirectory.java:analyzeStorage(246)) - The storage directory /workdir/hadoop-ozone/integration-test/target/test-dir/MiniOzoneClusterImpl-52fa08f5-cb3a-4744-95c3-64f108980532/datanode-3/data/ratis/bcffa281-db1d-4116-9b5e-329730433ca5 does not exist. Creating ...
2019-09-30 20:45:07,845 [pool-119-thread-1] INFO  server.RaftServerConfigKeys (ConfUtils.java:logGet(43)) - raft.server.log.appender.install.snapshot.enabled = false (custom)
2019-09-30 20:45:07,845 [pool-169-thread-1] INFO  server.RaftServerConfigKeys (ConfUtils.java:logGet(43)) - raft.server.sleep.deviation.threshold = 300 (default)
2019-09-30 20:45:07,845 [pool-119-thread-1] INFO  impl.RaftServerImpl (ServerState.java:<init>(103)) - f4aeb726-a0ad-44bf-820c-a69213549e62@group-329730433CA5: ConfigurationManager, init=-1: [f4aeb726-a0ad-44bf-820c-a69213549e62:192.168.30.59:44327, 5f20aede-face-49ed-b9e8-dbe29547179a:192.168.30.59:34973, 566c5d8e-ae1d-43e7-9848-7b393c045f68:192.168.30.59:41560], old=null, confs=<EMPTY_MAP>
2019-09-30 20:45:07,845 [pool-169-thread-1] INFO  server.RaftServerConfigKeys (ConfUtils.java:logGet(43)) - raft.server.log.appender.install.snapshot.enabled = false (custom)
2019-09-30 20:45:07,845 [pool-119-thread-1] INFO  server.RaftServerConfigKeys (ConfUtils.java:logGet(43)) - raft.server.storage.dir = [/workdir/hadoop-ozone/integration-test/target/test-dir/MiniOzoneClusterImpl-52fa08f5-cb3a-4744-95c3-64f108980532/datanode-0/data/ratis] (custom)
2019-09-30 20:45:07,846 [pool-169-thread-1] INFO  impl.RaftServerImpl (ServerState.java:<init>(103)) - 5f20aede-face-49ed-b9e8-dbe29547179a@group-329730433CA5: ConfigurationManager, init=-1: [f4aeb726-a0ad-44bf-820c-a69213549e62:192.168.30.59:44327, 5f20aede-face-49ed-b9e8-dbe29547179a:192.168.30.59:34973, 566c5d8e-ae1d-43e7-9848-7b393c045f68:192.168.30.59:41560], old=null, confs=<EMPTY_MAP>
2019-09-30 20:45:07,846 [pool-119-thread-1] INFO  server.RaftServerConfigKeys (ConfUtils.java:logGet(43)) - raft.server.log.corruption.policy = EXCEPTION (default)
2019-09-30 20:45:07,846 [pool-169-thread-1] INFO  server.RaftServerConfigKeys (ConfUtils.java:logGet(43)) - raft.server.storage.dir = [/workdir/hadoop-ozone/integration-test/target/test-dir/MiniOzoneClusterImpl-52fa08f5-cb3a-4744-95c3-64f108980532/datanode-5/data/ratis] (custom)
2019-09-30 20:45:07,846 [pool-119-thread-1] INFO  storage.RaftStorageDirectory (RaftStorageDirectory.java:analyzeStorage(246)) - The storage directory /workdir/hadoop-ozone/integration-test/target/test-dir/MiniOzoneClusterImpl-52fa08f5-cb3a-4744-95c3-64f108980532/datanode-0/data/ratis/bcffa281-db1d-4116-9b5e-329730433ca5 does not exist. Creating ...
2019-09-30 20:45:07,846 [pool-169-thread-1] INFO  server.RaftServerConfigKeys (ConfUtils.java:logGet(43)) - raft.server.log.corruption.policy = EXCEPTION (default)
2019-09-30 20:45:07,846 [pool-169-thread-1] INFO  storage.RaftStorageDirectory (RaftStorageDirectory.java:analyzeStorage(246)) - The storage directory /workdir/hadoop-ozone/integration-test/target/test-dir/MiniOzoneClusterImpl-52fa08f5-cb3a-4744-95c3-64f108980532/datanode-5/data/ratis/bcffa281-db1d-4116-9b5e-329730433ca5 does not exist. Creating ...
2019-09-30 20:45:07,868 [pool-169-thread-1] INFO  storage.RaftStorageDirectory (RaftStorageDirectory.java:tryLock(328)) - Lock on /workdir/hadoop-ozone/integration-test/target/test-dir/MiniOzoneClusterImpl-52fa08f5-cb3a-4744-95c3-64f108980532/datanode-5/data/ratis/bcffa281-db1d-4116-9b5e-329730433ca5/in_use.lock acquired by nodename 28903@pr-hdds-2211-2dwkd-795013237
2019-09-30 20:45:07,868 [pool-119-thread-1] INFO  storage.RaftStorageDirectory (RaftStorageDirectory.java:tryLock(328)) - Lock on /workdir/hadoop-ozone/integration-test/target/test-dir/MiniOzoneClusterImpl-52fa08f5-cb3a-4744-95c3-64f108980532/datanode-0/data/ratis/bcffa281-db1d-4116-9b5e-329730433ca5/in_use.lock acquired by nodename 28903@pr-hdds-2211-2dwkd-795013237
2019-09-30 20:45:07,868 [pool-149-thread-1] INFO  storage.RaftStorageDirectory (RaftStorageDirectory.java:tryLock(328)) - Lock on /workdir/hadoop-ozone/integration-test/target/test-dir/MiniOzoneClusterImpl-52fa08f5-cb3a-4744-95c3-64f108980532/datanode-3/data/ratis/bcffa281-db1d-4116-9b5e-329730433ca5/in_use.lock acquired by nodename 28903@pr-hdds-2211-2dwkd-795013237
2019-09-30 20:45:07,891 [pool-169-thread-1] INFO  storage.RaftStorage (RaftStorage.java:format(84)) - Storage directory /workdir/hadoop-ozone/integration-test/target/test-dir/MiniOzoneClusterImpl-52fa08f5-cb3a-4744-95c3-64f108980532/datanode-5/data/ratis/bcffa281-db1d-4116-9b5e-329730433ca5 has been successfully formatted.
2019-09-30 20:45:07,891 [pool-149-thread-1] INFO  storage.RaftStorage (RaftStorage.java:format(84)) - Storage directory /workdir/hadoop-ozone/integration-test/target/test-dir/MiniOzoneClusterImpl-52fa08f5-cb3a-4744-95c3-64f108980532/datanode-3/data/ratis/bcffa281-db1d-4116-9b5e-329730433ca5 has been successfully formatted.
2019-09-30 20:45:07,891 [pool-119-thread-1] INFO  storage.RaftStorage (RaftStorage.java:format(84)) - Storage directory /workdir/hadoop-ozone/integration-test/target/test-dir/MiniOzoneClusterImpl-52fa08f5-cb3a-4744-95c3-64f108980532/datanode-0/data/ratis/bcffa281-db1d-4116-9b5e-329730433ca5 has been successfully formatted.
2019-09-30 20:45:07,891 [pool-169-thread-1] INFO  ratis.ContainerStateMachine (ContainerStateMachine.java:loadSnapshot(230)) - group-329730433CA5: The snapshot info is null. Setting the last applied indexto:(t:0, i:~)
2019-09-30 20:45:07,892 [pool-149-thread-1] INFO  ratis.ContainerStateMachine (ContainerStateMachine.java:loadSnapshot(230)) - group-329730433CA5: The snapshot info is null. Setting the last applied indexto:(t:0, i:~)
2019-09-30 20:45:07,892 [pool-119-thread-1] INFO  ratis.ContainerStateMachine (ContainerStateMachine.java:loadSnapshot(230)) - group-329730433CA5: The snapshot info is null. Setting the last applied indexto:(t:0, i:~)
2019-09-30 20:45:07,892 [pool-149-thread-1] INFO  server.RaftServerConfigKeys (ConfUtils.java:logGet(43)) - raft.server.notification.no-leader.timeout = 120s (custom)
2019-09-30 20:45:07,892 [pool-169-thread-1] INFO  server.RaftServerConfigKeys (ConfUtils.java:logGet(43)) - raft.server.notification.no-leader.timeout = 120s (custom)
2019-09-30 20:45:07,892 [pool-149-thread-1] INFO  server.RaftServerConfigKeys (ConfUtils.java:logGet(43)) - raft.server.log.use.memory = false (default)
2019-09-30 20:45:07,892 [pool-119-thread-1] INFO  server.RaftServerConfigKeys (ConfUtils.java:logGet(43)) - raft.server.notification.no-leader.timeout = 120s (custom)
2019-09-30 20:45:07,892 [pool-149-thread-1] INFO  server.RaftServerConfigKeys (ConfUtils.java:logGet(43)) - raft.server.log.purge.gap = 1000000 (custom)
2019-09-30 20:45:07,892 [pool-169-thread-1] INFO  server.RaftServerConfigKeys (ConfUtils.java:logGet(43)) - raft.server.log.use.memory = false (default)
2019-09-30 20:45:07,893 [pool-149-thread-1] INFO  server.RaftServerConfigKeys (ConfUtils.java:logGet(43)) - raft.server.log.appender.buffer.byte-limit = 33554432 (custom)
2019-09-30 20:45:07,892 [pool-119-thread-1] INFO  server.RaftServerConfigKeys (ConfUtils.java:logGet(43)) - raft.server.log.use.memory = false (default)
2019-09-30 20:45:07,893 [pool-149-thread-1] INFO  server.RaftServerConfigKeys (ConfUtils.java:logGet(43)) - raft.server.log.segment.size.max = 1048576 (custom)
2019-09-30 20:45:07,893 [pool-169-thread-1] INFO  server.RaftServerConfigKeys (ConfUtils.java:logGet(43)) - raft.server.log.purge.gap = 1000000 (custom)
2019-09-30 20:45:07,893 [pool-149-thread-1] INFO  server.RaftServerConfigKeys (ConfUtils.java:logGet(43)) - raft.server.log.segment.cache.num.max = 2 (custom)
2019-09-30 20:45:07,893 [pool-119-thread-1] INFO  server.RaftServerConfigKeys (ConfUtils.java:logGet(43)) - raft.server.log.purge.gap = 1000000 (custom)
2019-09-30 20:45:07,893 [pool-149-thread-1] INFO  segmented.SegmentedRaftLogWorker (SegmentedRaftLogWorker.java:<init>(173)) - new 566c5d8e-ae1d-43e7-9848-7b393c045f68@group-329730433CA5-SegmentedRaftLogWorker for RaftStorage:Storage Directory /workdir/hadoop-ozone/integration-test/target/test-dir/MiniOzoneClusterImpl-52fa08f5-cb3a-4744-95c3-64f108980532/datanode-3/data/ratis/bcffa281-db1d-4116-9b5e-329730433ca5
2019-09-30 20:45:07,893 [pool-169-thread-1] INFO  server.RaftServerConfigKeys (ConfUtils.java:logGet(43)) - raft.server.log.appender.buffer.byte-limit = 33554432 (custom)
2019-09-30 20:45:07,894 [pool-149-thread-1] INFO  server.RaftServerConfigKeys (ConfUtils.java:logGet(43)) - raft.server.log.queue.byte-limit = 2147483647 (custom)
2019-09-30 20:45:07,894 [pool-119-thread-1] INFO  server.RaftServerConfigKeys (ConfUtils.java:logGet(43)) - raft.server.log.appender.buffer.byte-limit = 33554432 (custom)
2019-09-30 20:45:07,894 [pool-149-thread-1] INFO  server.RaftServerConfigKeys (ConfUtils.java:logGet(43)) - raft.server.log.queue.element-limit = 1024 (custom)
2019-09-30 20:45:07,894 [pool-169-thread-1] INFO  server.RaftServerConfigKeys (ConfUtils.java:logGet(43)) - raft.server.log.segment.size.max = 1048576 (custom)
2019-09-30 20:45:07,894 [pool-149-thread-1] INFO  server.RaftServerConfigKeys (ConfUtils.java:logGet(43)) - raft.server.log.segment.size.max = 1048576 (custom)
2019-09-30 20:45:07,894 [pool-119-thread-1] INFO  server.RaftServerConfigKeys (ConfUtils.java:logGet(43)) - raft.server.log.segment.size.max = 1048576 (custom)
2019-09-30 20:45:07,894 [pool-169-thread-1] INFO  server.RaftServerConfigKeys (ConfUtils.java:logGet(43)) - raft.server.log.segment.cache.num.max = 2 (custom)
2019-09-30 20:45:07,895 [pool-149-thread-1] INFO  server.RaftServerConfigKeys (ConfUtils.java:logGet(43)) - raft.server.log.preallocated.size = 16384 (custom)
2019-09-30 20:45:07,895 [pool-119-thread-1] INFO  server.RaftServerConfigKeys (ConfUtils.java:logGet(43)) - raft.server.log.segment.cache.num.max = 2 (custom)
2019-09-30 20:45:07,895 [pool-149-thread-1] INFO  server.RaftServerConfigKeys (ConfUtils.java:logGet(43)) - raft.server.log.write.buffer.size = 33554432 (custom)
2019-09-30 20:45:07,895 [pool-169-thread-1] INFO  segmented.SegmentedRaftLogWorker (SegmentedRaftLogWorker.java:<init>(173)) - new 5f20aede-face-49ed-b9e8-dbe29547179a@group-329730433CA5-SegmentedRaftLogWorker for RaftStorage:Storage Directory /workdir/hadoop-ozone/integration-test/target/test-dir/MiniOzoneClusterImpl-52fa08f5-cb3a-4744-95c3-64f108980532/datanode-5/data/ratis/bcffa281-db1d-4116-9b5e-329730433ca5
2019-09-30 20:45:07,895 [pool-149-thread-1] INFO  server.RaftServerConfigKeys (ConfUtils.java:logGet(43)) - raft.server.log.force.sync.num = 128 (default)
2019-09-30 20:45:07,895 [pool-119-thread-1] INFO  segmented.SegmentedRaftLogWorker (SegmentedRaftLogWorker.java:<init>(173)) - new f4aeb726-a0ad-44bf-820c-a69213549e62@group-329730433CA5-SegmentedRaftLogWorker for RaftStorage:Storage Directory /workdir/hadoop-ozone/integration-test/target/test-dir/MiniOzoneClusterImpl-52fa08f5-cb3a-4744-95c3-64f108980532/datanode-0/data/ratis/bcffa281-db1d-4116-9b5e-329730433ca5
2019-09-30 20:45:07,895 [pool-149-thread-1] INFO  server.RaftServerConfigKeys (ConfUtils.java:logGet(43)) - raft.server.log.statemachine.data.sync = true (default)
2019-09-30 20:45:07,895 [pool-169-thread-1] INFO  server.RaftServerConfigKeys (ConfUtils.java:logGet(43)) - raft.server.log.queue.byte-limit = 2147483647 (custom)
2019-09-30 20:45:07,896 [pool-149-thread-1] INFO  server.RaftServerConfigKeys (ConfUtils.java:logGet(43)) - raft.server.log.statemachine.data.sync.timeout = 10s (default)
2019-09-30 20:45:07,896 [pool-119-thread-1] INFO  server.RaftServerConfigKeys (ConfUtils.java:logGet(43)) - raft.server.log.queue.byte-limit = 2147483647 (custom)
2019-09-30 20:45:07,896 [pool-149-thread-1] INFO  server.RaftServerConfigKeys (ConfUtils.java:logGet(43)) - raft.server.log.statemachine.data.sync.timeout.retry = -1 (default)
2019-09-30 20:45:07,896 [pool-169-thread-1] INFO  server.RaftServerConfigKeys (ConfUtils.java:logGet(43)) - raft.server.log.queue.element-limit = 1024 (custom)
2019-09-30 20:45:07,896 [pool-149-thread-1] INFO  server.RaftServerConfigKeys (ConfUtils.java:logGet(43)) - raft.server.log.statemachine.data.caching.enabled = true (custom)
2019-09-30 20:45:07,896 [pool-119-thread-1] INFO  server.RaftServerConfigKeys (ConfUtils.java:logGet(43)) - raft.server.log.queue.element-limit = 1024 (custom)
2019-09-30 20:45:07,896 [pool-169-thread-1] INFO  server.RaftServerConfigKeys (ConfUtils.java:logGet(43)) - raft.server.log.segment.size.max = 1048576 (custom)
2019-09-30 20:45:07,897 [pool-119-thread-1] INFO  server.RaftServerConfigKeys (ConfUtils.java:logGet(43)) - raft.server.log.segment.size.max = 1048576 (custom)
2019-09-30 20:45:07,897 [pool-169-thread-1] INFO  server.RaftServerConfigKeys (ConfUtils.java:logGet(43)) - raft.server.log.preallocated.size = 16384 (custom)
2019-09-30 20:45:07,897 [pool-149-thread-1] INFO  segmented.SegmentedRaftLogWorker (SegmentedRaftLogWorker.java:lambda$new$0(128)) - 566c5d8e-ae1d-43e7-9848-7b393c045f68@group-329730433CA5-SegmentedRaftLogWorker: flushIndex: setUnconditionally 0 -> -1
2019-09-30 20:45:07,897 [pool-169-thread-1] INFO  server.RaftServerConfigKeys (ConfUtils.java:logGet(43)) - raft.server.log.write.buffer.size = 33554432 (custom)
2019-09-30 20:45:07,897 [pool-119-thread-1] INFO  server.RaftServerConfigKeys (ConfUtils.java:logGet(43)) - raft.server.log.preallocated.size = 16384 (custom)
2019-09-30 20:45:07,897 [pool-149-thread-1] INFO  server.RaftServerConfigKeys (ConfUtils.java:logGet(43)) - raft.server.snapshot.auto.trigger.enabled = true (custom)
2019-09-30 20:45:07,897 [pool-169-thread-1] INFO  server.RaftServerConfigKeys (ConfUtils.java:logGet(43)) - raft.server.log.force.sync.num = 128 (default)
2019-09-30 20:45:07,898 [pool-149-thread-1] INFO  server.RaftServerConfigKeys (ConfUtils.java:logGet(43)) - raft.server.snapshot.auto.trigger.threshold = 10000 (custom)
2019-09-30 20:45:07,897 [pool-119-thread-1] INFO  server.RaftServerConfigKeys (ConfUtils.java:logGet(43)) - raft.server.log.write.buffer.size = 33554432 (custom)
2019-09-30 20:45:07,898 [pool-149-thread-1] INFO  server.RaftServerConfigKeys (ConfUtils.java:logGet(43)) - raft.server.snapshot.retention.file.num = 5 (custom)
2019-09-30 20:45:07,898 [pool-169-thread-1] INFO  server.RaftServerConfigKeys (ConfUtils.java:logGet(43)) - raft.server.log.statemachine.data.sync = true (default)
2019-09-30 20:45:07,898 [pool-149-thread-1] INFO  server.RaftServerConfigKeys (ConfUtils.java:logGet(43)) - raft.server.retrycache.expirytime = 600000ms (custom)
2019-09-30 20:45:07,898 [pool-119-thread-1] INFO  server.RaftServerConfigKeys (ConfUtils.java:logGet(43)) - raft.server.log.force.sync.num = 128 (default)
2019-09-30 20:45:07,898 [pool-169-thread-1] INFO  server.RaftServerConfigKeys (ConfUtils.java:logGet(43)) - raft.server.log.statemachine.data.sync.timeout = 10s (default)
2019-09-30 20:45:07,899 [pool-119-thread-1] INFO  server.RaftServerConfigKeys (ConfUtils.java:logGet(43)) - raft.server.log.statemachine.data.sync = true (default)
2019-09-30 20:45:07,899 [pool-169-thread-1] INFO  server.RaftServerConfigKeys (ConfUtils.java:logGet(43)) - raft.server.log.statemachine.data.sync.timeout.retry = -1 (default)
2019-09-30 20:45:07,899 [pool-119-thread-1] INFO  server.RaftServerConfigKeys (ConfUtils.java:logGet(43)) - raft.server.log.statemachine.data.sync.timeout = 10s (default)
2019-09-30 20:45:07,899 [pool-169-thread-1] INFO  server.RaftServerConfigKeys (ConfUtils.java:logGet(43)) - raft.server.log.statemachine.data.caching.enabled = true (custom)
2019-09-30 20:45:07,899 [pool-119-thread-1] INFO  server.RaftServerConfigKeys (ConfUtils.java:logGet(43)) - raft.server.log.statemachine.data.sync.timeout.retry = -1 (default)
2019-09-30 20:45:07,899 [pool-119-thread-1] INFO  server.RaftServerConfigKeys (ConfUtils.java:logGet(43)) - raft.server.log.statemachine.data.caching.enabled = true (custom)
2019-09-30 20:45:07,899 [pool-169-thread-1] INFO  segmented.SegmentedRaftLogWorker (SegmentedRaftLogWorker.java:lambda$new$0(128)) - 5f20aede-face-49ed-b9e8-dbe29547179a@group-329730433CA5-SegmentedRaftLogWorker: flushIndex: setUnconditionally 0 -> -1
2019-09-30 20:45:07,900 [pool-119-thread-1] INFO  segmented.SegmentedRaftLogWorker (SegmentedRaftLogWorker.java:lambda$new$0(128)) - f4aeb726-a0ad-44bf-820c-a69213549e62@group-329730433CA5-SegmentedRaftLogWorker: flushIndex: setUnconditionally 0 -> -1
2019-09-30 20:45:07,900 [pool-169-thread-1] INFO  server.RaftServerConfigKeys (ConfUtils.java:logGet(43)) - raft.server.snapshot.auto.trigger.enabled = true (custom)
2019-09-30 20:45:07,900 [pool-119-thread-1] INFO  server.RaftServerConfigKeys (ConfUtils.java:logGet(43)) - raft.server.snapshot.auto.trigger.enabled = true (custom)
2019-09-30 20:45:07,900 [pool-169-thread-1] INFO  server.RaftServerConfigKeys (ConfUtils.java:logGet(43)) - raft.server.snapshot.auto.trigger.threshold = 10000 (custom)
2019-09-30 20:45:07,900 [pool-119-thread-1] INFO  server.RaftServerConfigKeys (ConfUtils.java:logGet(43)) - raft.server.snapshot.auto.trigger.threshold = 10000 (custom)
2019-09-30 20:45:07,900 [pool-169-thread-1] INFO  server.RaftServerConfigKeys (ConfUtils.java:logGet(43)) - raft.server.snapshot.retention.file.num = 5 (custom)
2019-09-30 20:45:07,900 [pool-119-thread-1] INFO  server.RaftServerConfigKeys (ConfUtils.java:logGet(43)) - raft.server.snapshot.retention.file.num = 5 (custom)
2019-09-30 20:45:07,900 [pool-169-thread-1] INFO  server.RaftServerConfigKeys (ConfUtils.java:logGet(43)) - raft.server.retrycache.expirytime = 600000ms (custom)
2019-09-30 20:45:07,900 [pool-119-thread-1] INFO  server.RaftServerConfigKeys (ConfUtils.java:logGet(43)) - raft.server.retrycache.expirytime = 600000ms (custom)
2019-09-30 20:45:07,901 [pool-149-thread-1] INFO  impl.RaftServerImpl (RaftServerImpl.java:start(181)) - 566c5d8e-ae1d-43e7-9848-7b393c045f68@group-329730433CA5: start as a follower, conf=-1: [f4aeb726-a0ad-44bf-820c-a69213549e62:192.168.30.59:44327, 5f20aede-face-49ed-b9e8-dbe29547179a:192.168.30.59:34973, 566c5d8e-ae1d-43e7-9848-7b393c045f68:192.168.30.59:41560], old=null
2019-09-30 20:45:07,901 [pool-149-thread-1] INFO  impl.RaftServerImpl (RaftServerImpl.java:setRole(170)) - 566c5d8e-ae1d-43e7-9848-7b393c045f68@group-329730433CA5: changes role from      null to FOLLOWER at term 0 for startAsFollower
2019-09-30 20:45:07,901 [pool-149-thread-1] INFO  impl.RoleInfo (RoleInfo.java:updateAndGet(143)) - 566c5d8e-ae1d-43e7-9848-7b393c045f68: start FollowerState
2019-09-30 20:45:07,902 [pool-149-thread-1] INFO  util.JmxRegister (JmxRegister.java:tryRegister(44)) - Successfully registered JMX Bean with object name Ratis:service=RaftServer,group=group-329730433CA5,id=566c5d8e-ae1d-43e7-9848-7b393c045f68
2019-09-30 20:45:07,904 [pool-169-thread-1] INFO  impl.RaftServerImpl (RaftServerImpl.java:start(181)) - 5f20aede-face-49ed-b9e8-dbe29547179a@group-329730433CA5: start as a follower, conf=-1: [f4aeb726-a0ad-44bf-820c-a69213549e62:192.168.30.59:44327, 5f20aede-face-49ed-b9e8-dbe29547179a:192.168.30.59:34973, 566c5d8e-ae1d-43e7-9848-7b393c045f68:192.168.30.59:41560], old=null
2019-09-30 20:45:07,904 [pool-169-thread-1] INFO  impl.RaftServerImpl (RaftServerImpl.java:setRole(170)) - 5f20aede-face-49ed-b9e8-dbe29547179a@group-329730433CA5: changes role from      null to FOLLOWER at term 0 for startAsFollower
2019-09-30 20:45:07,904 [pool-169-thread-1] INFO  impl.RoleInfo (RoleInfo.java:updateAndGet(143)) - 5f20aede-face-49ed-b9e8-dbe29547179a: start FollowerState
2019-09-30 20:45:07,904 [pool-119-thread-1] INFO  impl.RaftServerImpl (RaftServerImpl.java:start(181)) - f4aeb726-a0ad-44bf-820c-a69213549e62@group-329730433CA5: start as a follower, conf=-1: [f4aeb726-a0ad-44bf-820c-a69213549e62:192.168.30.59:44327, 5f20aede-face-49ed-b9e8-dbe29547179a:192.168.30.59:34973, 566c5d8e-ae1d-43e7-9848-7b393c045f68:192.168.30.59:41560], old=null
2019-09-30 20:45:07,904 [pool-119-thread-1] INFO  impl.RaftServerImpl (RaftServerImpl.java:setRole(170)) - f4aeb726-a0ad-44bf-820c-a69213549e62@group-329730433CA5: changes role from      null to FOLLOWER at term 0 for startAsFollower
2019-09-30 20:45:07,905 [pool-169-thread-1] INFO  util.JmxRegister (JmxRegister.java:tryRegister(44)) - Successfully registered JMX Bean with object name Ratis:service=RaftServer,group=group-329730433CA5,id=5f20aede-face-49ed-b9e8-dbe29547179a
2019-09-30 20:45:07,905 [pool-119-thread-1] INFO  impl.RoleInfo (RoleInfo.java:updateAndGet(143)) - f4aeb726-a0ad-44bf-820c-a69213549e62: start FollowerState
2019-09-30 20:45:07,905 [pool-119-thread-1] INFO  util.JmxRegister (JmxRegister.java:tryRegister(44)) - Successfully registered JMX Bean with object name Ratis:service=RaftServer,group=group-329730433CA5,id=f4aeb726-a0ad-44bf-820c-a69213549e62
2019-09-30 20:45:07,909 [RatisPipelineUtilsThread] INFO  pipeline.PipelineStateManager (PipelineStateManager.java:addPipeline(56)) - Created pipeline Pipeline[ Id: bcffa281-db1d-4116-9b5e-329730433ca5, Nodes: f4aeb726-a0ad-44bf-820c-a69213549e62{ip: 192.168.30.59, host: pr-hdds-2211-2dwkd-795013237, networkLocation: /default-rack, certSerialId: null}566c5d8e-ae1d-43e7-9848-7b393c045f68{ip: 192.168.30.59, host: pr-hdds-2211-2dwkd-795013237, networkLocation: /default-rack, certSerialId: null}5f20aede-face-49ed-b9e8-dbe29547179a{ip: 192.168.30.59, host: pr-hdds-2211-2dwkd-795013237, networkLocation: /default-rack, certSerialId: null}, Type:RATIS, Factor:THREE, State:OPEN]
2019-09-30 20:45:07,920 [grpc-default-executor-5] INFO  impl.RaftServerProxy (RaftServerProxy.java:addNew(89)) - 34995412-33a1-409e-9f38-fe1e74ba27b5: addNew group-A3E31928F0CE:[d29d20d9-3549-4dc9-aced-052d1fd0fa3f:192.168.30.59:37644, 34995412-33a1-409e-9f38-fe1e74ba27b5:192.168.30.59:42883, 16a2e74c-6b01-46b8-adac-93835a20fc06:192.168.30.59:32782] returns group-A3E31928F0CE:java.util.concurrent.CompletableFuture@63b1cc71[Not completed]
2019-09-30 20:45:07,920 [grpc-default-executor-0] INFO  impl.RaftServerProxy (RaftServerProxy.java:addNew(89)) - 16a2e74c-6b01-46b8-adac-93835a20fc06: addNew group-A3E31928F0CE:[d29d20d9-3549-4dc9-aced-052d1fd0fa3f:192.168.30.59:37644, 34995412-33a1-409e-9f38-fe1e74ba27b5:192.168.30.59:42883, 16a2e74c-6b01-46b8-adac-93835a20fc06:192.168.30.59:32782] returns group-A3E31928F0CE:java.util.concurrent.CompletableFuture@c3a0e5a[Not completed]
2019-09-30 20:45:07,922 [grpc-default-executor-4] INFO  impl.RaftServerProxy (RaftServerProxy.java:addNew(89)) - d29d20d9-3549-4dc9-aced-052d1fd0fa3f: addNew group-A3E31928F0CE:[d29d20d9-3549-4dc9-aced-052d1fd0fa3f:192.168.30.59:37644, 34995412-33a1-409e-9f38-fe1e74ba27b5:192.168.30.59:42883, 16a2e74c-6b01-46b8-adac-93835a20fc06:192.168.30.59:32782] returns group-A3E31928F0CE:java.util.concurrent.CompletableFuture@54a663e5[Not completed]
2019-09-30 20:45:07,923 [pool-159-thread-1] INFO  impl.RaftServerImpl (RaftServerImpl.java:<init>(95)) - 34995412-33a1-409e-9f38-fe1e74ba27b5: new RaftServerImpl for group-A3E31928F0CE:[d29d20d9-3549-4dc9-aced-052d1fd0fa3f:192.168.30.59:37644, 34995412-33a1-409e-9f38-fe1e74ba27b5:192.168.30.59:42883, 16a2e74c-6b01-46b8-adac-93835a20fc06:192.168.30.59:32782] with ContainerStateMachine:uninitialized
2019-09-30 20:45:07,923 [pool-159-thread-1] INFO  server.RaftServerConfigKeys (ConfUtils.java:logGet(43)) - raft.server.rpc.timeout.min = 5s (custom)
2019-09-30 20:45:07,923 [pool-159-thread-1] INFO  server.RaftServerConfigKeys (ConfUtils.java:logGet(43)) - raft.server.rpc.timeout.max = 5200ms (custom)
2019-09-30 20:45:07,923 [pool-129-thread-1] INFO  impl.RaftServerImpl (RaftServerImpl.java:<init>(95)) - d29d20d9-3549-4dc9-aced-052d1fd0fa3f: new RaftServerImpl for group-A3E31928F0CE:[d29d20d9-3549-4dc9-aced-052d1fd0fa3f:192.168.30.59:37644, 34995412-33a1-409e-9f38-fe1e74ba27b5:192.168.30.59:42883, 16a2e74c-6b01-46b8-adac-93835a20fc06:192.168.30.59:32782] with ContainerStateMachine:uninitialized
2019-09-30 20:45:07,923 [pool-159-thread-1] INFO  server.RaftServerConfigKeys (ConfUtils.java:logGet(43)) - raft.server.rpcslowness.timeout = 120s (custom)
2019-09-30 20:45:07,923 [pool-129-thread-1] INFO  server.RaftServerConfigKeys (ConfUtils.java:logGet(43)) - raft.server.rpc.timeout.min = 5s (custom)
2019-09-30 20:45:07,923 [pool-159-thread-1] INFO  server.RaftServerConfigKeys (ConfUtils.java:logGet(43)) - raft.server.sleep.deviation.threshold = 300 (default)
2019-09-30 20:45:07,923 [pool-129-thread-1] INFO  server.RaftServerConfigKeys (ConfUtils.java:logGet(43)) - raft.server.rpc.timeout.max = 5200ms (custom)
2019-09-30 20:45:07,923 [pool-159-thread-1] INFO  server.RaftServerConfigKeys (ConfUtils.java:logGet(43)) - raft.server.log.appender.install.snapshot.enabled = false (custom)
2019-09-30 20:45:07,924 [pool-129-thread-1] INFO  server.RaftServerConfigKeys (ConfUtils.java:logGet(43)) - raft.server.rpcslowness.timeout = 120s (custom)
2019-09-30 20:45:07,924 [pool-159-thread-1] INFO  impl.RaftServerImpl (ServerState.java:<init>(103)) - 34995412-33a1-409e-9f38-fe1e74ba27b5@group-A3E31928F0CE: ConfigurationManager, init=-1: [d29d20d9-3549-4dc9-aced-052d1fd0fa3f:192.168.30.59:37644, 34995412-33a1-409e-9f38-fe1e74ba27b5:192.168.30.59:42883, 16a2e74c-6b01-46b8-adac-93835a20fc06:192.168.30.59:32782], old=null, confs=<EMPTY_MAP>
2019-09-30 20:45:07,924 [pool-139-thread-1] INFO  impl.RaftServerImpl (RaftServerImpl.java:<init>(95)) - 16a2e74c-6b01-46b8-adac-93835a20fc06: new RaftServerImpl for group-A3E31928F0CE:[d29d20d9-3549-4dc9-aced-052d1fd0fa3f:192.168.30.59:37644, 34995412-33a1-409e-9f38-fe1e74ba27b5:192.168.30.59:42883, 16a2e74c-6b01-46b8-adac-93835a20fc06:192.168.30.59:32782] with ContainerStateMachine:uninitialized
2019-09-30 20:45:07,924 [pool-129-thread-1] INFO  server.RaftServerConfigKeys (ConfUtils.java:logGet(43)) - raft.server.sleep.deviation.threshold = 300 (default)
2019-09-30 20:45:07,924 [pool-139-thread-1] INFO  server.RaftServerConfigKeys (ConfUtils.java:logGet(43)) - raft.server.rpc.timeout.min = 5s (custom)
2019-09-30 20:45:07,924 [pool-159-thread-1] INFO  server.RaftServerConfigKeys (ConfUtils.java:logGet(43)) - raft.server.storage.dir = [/workdir/hadoop-ozone/integration-test/target/test-dir/MiniOzoneClusterImpl-52fa08f5-cb3a-4744-95c3-64f108980532/datanode-4/data/ratis] (custom)
2019-09-30 20:45:07,924 [pool-139-thread-1] INFO  server.RaftServerConfigKeys (ConfUtils.java:logGet(43)) - raft.server.rpc.timeout.max = 5200ms (custom)
2019-09-30 20:45:07,924 [pool-129-thread-1] INFO  server.RaftServerConfigKeys (ConfUtils.java:logGet(43)) - raft.server.log.appender.install.snapshot.enabled = false (custom)
2019-09-30 20:45:07,924 [pool-159-thread-1] INFO  server.RaftServerConfigKeys (ConfUtils.java:logGet(43)) - raft.server.log.corruption.policy = EXCEPTION (default)
2019-09-30 20:45:07,924 [pool-139-thread-1] INFO  server.RaftServerConfigKeys (ConfUtils.java:logGet(43)) - raft.server.rpcslowness.timeout = 120s (custom)
2019-09-30 20:45:07,924 [pool-129-thread-1] INFO  impl.RaftServerImpl (ServerState.java:<init>(103)) - d29d20d9-3549-4dc9-aced-052d1fd0fa3f@group-A3E31928F0CE: ConfigurationManager, init=-1: [d29d20d9-3549-4dc9-aced-052d1fd0fa3f:192.168.30.59:37644, 34995412-33a1-409e-9f38-fe1e74ba27b5:192.168.30.59:42883, 16a2e74c-6b01-46b8-adac-93835a20fc06:192.168.30.59:32782], old=null, confs=<EMPTY_MAP>
2019-09-30 20:45:07,925 [pool-139-thread-1] INFO  server.RaftServerConfigKeys (ConfUtils.java:logGet(43)) - raft.server.sleep.deviation.threshold = 300 (default)
2019-09-30 20:45:07,925 [pool-159-thread-1] INFO  storage.RaftStorageDirectory (RaftStorageDirectory.java:analyzeStorage(246)) - The storage directory /workdir/hadoop-ozone/integration-test/target/test-dir/MiniOzoneClusterImpl-52fa08f5-cb3a-4744-95c3-64f108980532/datanode-4/data/ratis/8c7560d0-f90c-4e8e-996f-a3e31928f0ce does not exist. Creating ...
2019-09-30 20:45:07,925 [pool-139-thread-1] INFO  server.RaftServerConfigKeys (ConfUtils.java:logGet(43)) - raft.server.log.appender.install.snapshot.enabled = false (custom)
2019-09-30 20:45:07,925 [pool-129-thread-1] INFO  server.RaftServerConfigKeys (ConfUtils.java:logGet(43)) - raft.server.storage.dir = [/workdir/hadoop-ozone/integration-test/target/test-dir/MiniOzoneClusterImpl-52fa08f5-cb3a-4744-95c3-64f108980532/datanode-1/data/ratis] (custom)
2019-09-30 20:45:07,925 [pool-139-thread-1] INFO  impl.RaftServerImpl (ServerState.java:<init>(103)) - 16a2e74c-6b01-46b8-adac-93835a20fc06@group-A3E31928F0CE: ConfigurationManager, init=-1: [d29d20d9-3549-4dc9-aced-052d1fd0fa3f:192.168.30.59:37644, 34995412-33a1-409e-9f38-fe1e74ba27b5:192.168.30.59:42883, 16a2e74c-6b01-46b8-adac-93835a20fc06:192.168.30.59:32782], old=null, confs=<EMPTY_MAP>
2019-09-30 20:45:07,925 [pool-129-thread-1] INFO  server.RaftServerConfigKeys (ConfUtils.java:logGet(43)) - raft.server.log.corruption.policy = EXCEPTION (default)
2019-09-30 20:45:07,925 [pool-139-thread-1] INFO  server.RaftServerConfigKeys (ConfUtils.java:logGet(43)) - raft.server.storage.dir = [/workdir/hadoop-ozone/integration-test/target/test-dir/MiniOzoneClusterImpl-52fa08f5-cb3a-4744-95c3-64f108980532/datanode-2/data/ratis] (custom)
2019-09-30 20:45:07,926 [pool-129-thread-1] INFO  storage.RaftStorageDirectory (RaftStorageDirectory.java:analyzeStorage(246)) - The storage directory /workdir/hadoop-ozone/integration-test/target/test-dir/MiniOzoneClusterImpl-52fa08f5-cb3a-4744-95c3-64f108980532/datanode-1/data/ratis/8c7560d0-f90c-4e8e-996f-a3e31928f0ce does not exist. Creating ...
2019-09-30 20:45:07,926 [pool-139-thread-1] INFO  server.RaftServerConfigKeys (ConfUtils.java:logGet(43)) - raft.server.log.corruption.policy = EXCEPTION (default)
2019-09-30 20:45:07,926 [pool-139-thread-1] INFO  storage.RaftStorageDirectory (RaftStorageDirectory.java:analyzeStorage(246)) - The storage directory /workdir/hadoop-ozone/integration-test/target/test-dir/MiniOzoneClusterImpl-52fa08f5-cb3a-4744-95c3-64f108980532/datanode-2/data/ratis/8c7560d0-f90c-4e8e-996f-a3e31928f0ce does not exist. Creating ...
2019-09-30 20:45:07,948 [pool-159-thread-1] INFO  storage.RaftStorageDirectory (RaftStorageDirectory.java:tryLock(328)) - Lock on /workdir/hadoop-ozone/integration-test/target/test-dir/MiniOzoneClusterImpl-52fa08f5-cb3a-4744-95c3-64f108980532/datanode-4/data/ratis/8c7560d0-f90c-4e8e-996f-a3e31928f0ce/in_use.lock acquired by nodename 28903@pr-hdds-2211-2dwkd-795013237
2019-09-30 20:45:07,948 [pool-139-thread-1] INFO  storage.RaftStorageDirectory (RaftStorageDirectory.java:tryLock(328)) - Lock on /workdir/hadoop-ozone/integration-test/target/test-dir/MiniOzoneClusterImpl-52fa08f5-cb3a-4744-95c3-64f108980532/datanode-2/data/ratis/8c7560d0-f90c-4e8e-996f-a3e31928f0ce/in_use.lock acquired by nodename 28903@pr-hdds-2211-2dwkd-795013237
2019-09-30 20:45:07,948 [pool-129-thread-1] INFO  storage.RaftStorageDirectory (RaftStorageDirectory.java:tryLock(328)) - Lock on /workdir/hadoop-ozone/integration-test/target/test-dir/MiniOzoneClusterImpl-52fa08f5-cb3a-4744-95c3-64f108980532/datanode-1/data/ratis/8c7560d0-f90c-4e8e-996f-a3e31928f0ce/in_use.lock acquired by nodename 28903@pr-hdds-2211-2dwkd-795013237
2019-09-30 20:45:07,986 [pool-159-thread-1] INFO  storage.RaftStorage (RaftStorage.java:format(84)) - Storage directory /workdir/hadoop-ozone/integration-test/target/test-dir/MiniOzoneClusterImpl-52fa08f5-cb3a-4744-95c3-64f108980532/datanode-4/data/ratis/8c7560d0-f90c-4e8e-996f-a3e31928f0ce has been successfully formatted.
2019-09-30 20:45:07,986 [pool-129-thread-1] INFO  storage.RaftStorage (RaftStorage.java:format(84)) - Storage directory /workdir/hadoop-ozone/integration-test/target/test-dir/MiniOzoneClusterImpl-52fa08f5-cb3a-4744-95c3-64f108980532/datanode-1/data/ratis/8c7560d0-f90c-4e8e-996f-a3e31928f0ce has been successfully formatted.
2019-09-30 20:45:07,986 [pool-139-thread-1] INFO  storage.RaftStorage (RaftStorage.java:format(84)) - Storage directory /workdir/hadoop-ozone/integration-test/target/test-dir/MiniOzoneClusterImpl-52fa08f5-cb3a-4744-95c3-64f108980532/datanode-2/data/ratis/8c7560d0-f90c-4e8e-996f-a3e31928f0ce has been successfully formatted.
2019-09-30 20:45:07,986 [pool-159-thread-1] INFO  ratis.ContainerStateMachine (ContainerStateMachine.java:loadSnapshot(230)) - group-A3E31928F0CE: The snapshot info is null. Setting the last applied indexto:(t:0, i:~)
2019-09-30 20:45:07,987 [pool-139-thread-1] INFO  ratis.ContainerStateMachine (ContainerStateMachine.java:loadSnapshot(230)) - group-A3E31928F0CE: The snapshot info is null. Setting the last applied indexto:(t:0, i:~)
2019-09-30 20:45:07,986 [pool-129-thread-1] INFO  ratis.ContainerStateMachine (ContainerStateMachine.java:loadSnapshot(230)) - group-A3E31928F0CE: The snapshot info is null. Setting the last applied indexto:(t:0, i:~)
2019-09-30 20:45:07,987 [pool-139-thread-1] INFO  server.RaftServerConfigKeys (ConfUtils.java:logGet(43)) - raft.server.notification.no-leader.timeout = 120s (custom)
2019-09-30 20:45:07,987 [pool-159-thread-1] INFO  server.RaftServerConfigKeys (ConfUtils.java:logGet(43)) - raft.server.notification.no-leader.timeout = 120s (custom)
2019-09-30 20:45:07,987 [pool-139-thread-1] INFO  server.RaftServerConfigKeys (ConfUtils.java:logGet(43)) - raft.server.log.use.memory = false (default)
2019-09-30 20:45:07,987 [pool-129-thread-1] INFO  server.RaftServerConfigKeys (ConfUtils.java:logGet(43)) - raft.server.notification.no-leader.timeout = 120s (custom)
2019-09-30 20:45:07,987 [pool-139-thread-1] INFO  server.RaftServerConfigKeys (ConfUtils.java:logGet(43)) - raft.server.log.purge.gap = 1000000 (custom)
2019-09-30 20:45:07,987 [pool-159-thread-1] INFO  server.RaftServerConfigKeys (ConfUtils.java:logGet(43)) - raft.server.log.use.memory = false (default)
2019-09-30 20:45:07,987 [pool-139-thread-1] INFO  server.RaftServerConfigKeys (ConfUtils.java:logGet(43)) - raft.server.log.appender.buffer.byte-limit = 33554432 (custom)
2019-09-30 20:45:07,987 [pool-129-thread-1] INFO  server.RaftServerConfigKeys (ConfUtils.java:logGet(43)) - raft.server.log.use.memory = false (default)
2019-09-30 20:45:07,987 [pool-139-thread-1] INFO  server.RaftServerConfigKeys (ConfUtils.java:logGet(43)) - raft.server.log.segment.size.max = 1048576 (custom)
2019-09-30 20:45:07,987 [pool-159-thread-1] INFO  server.RaftServerConfigKeys (ConfUtils.java:logGet(43)) - raft.server.log.purge.gap = 1000000 (custom)
2019-09-30 20:45:07,988 [pool-139-thread-1] INFO  server.RaftServerConfigKeys (ConfUtils.java:logGet(43)) - raft.server.log.segment.cache.num.max = 2 (custom)
2019-09-30 20:45:07,988 [pool-129-thread-1] INFO  server.RaftServerConfigKeys (ConfUtils.java:logGet(43)) - raft.server.log.purge.gap = 1000000 (custom)
2019-09-30 20:45:07,988 [pool-139-thread-1] INFO  segmented.SegmentedRaftLogWorker (SegmentedRaftLogWorker.java:<init>(173)) - new 16a2e74c-6b01-46b8-adac-93835a20fc06@group-A3E31928F0CE-SegmentedRaftLogWorker for RaftStorage:Storage Directory /workdir/hadoop-ozone/integration-test/target/test-dir/MiniOzoneClusterImpl-52fa08f5-cb3a-4744-95c3-64f108980532/datanode-2/data/ratis/8c7560d0-f90c-4e8e-996f-a3e31928f0ce
2019-09-30 20:45:07,988 [pool-159-thread-1] INFO  server.RaftServerConfigKeys (ConfUtils.java:logGet(43)) - raft.server.log.appender.buffer.byte-limit = 33554432 (custom)
2019-09-30 20:45:07,988 [pool-139-thread-1] INFO  server.RaftServerConfigKeys (ConfUtils.java:logGet(43)) - raft.server.log.queue.byte-limit = 2147483647 (custom)
2019-09-30 20:45:07,988 [pool-129-thread-1] INFO  server.RaftServerConfigKeys (ConfUtils.java:logGet(43)) - raft.server.log.appender.buffer.byte-limit = 33554432 (custom)
2019-09-30 20:45:07,988 [pool-139-thread-1] INFO  server.RaftServerConfigKeys (ConfUtils.java:logGet(43)) - raft.server.log.queue.element-limit = 1024 (custom)
2019-09-30 20:45:07,988 [pool-159-thread-1] INFO  server.RaftServerConfigKeys (ConfUtils.java:logGet(43)) - raft.server.log.segment.size.max = 1048576 (custom)
2019-09-30 20:45:07,989 [pool-139-thread-1] INFO  server.RaftServerConfigKeys (ConfUtils.java:logGet(43)) - raft.server.log.segment.size.max = 1048576 (custom)
2019-09-30 20:45:07,989 [pool-129-thread-1] INFO  server.RaftServerConfigKeys (ConfUtils.java:logGet(43)) - raft.server.log.segment.size.max = 1048576 (custom)
2019-09-30 20:45:07,989 [pool-139-thread-1] INFO  server.RaftServerConfigKeys (ConfUtils.java:logGet(43)) - raft.server.log.preallocated.size = 16384 (custom)
2019-09-30 20:45:07,989 [pool-139-thread-1] INFO  server.RaftServerConfigKeys (ConfUtils.java:logGet(43)) - raft.server.log.write.buffer.size = 33554432 (custom)
2019-09-30 20:45:07,989 [pool-159-thread-1] INFO  server.RaftServerConfigKeys (ConfUtils.java:logGet(43)) - raft.server.log.segment.cache.num.max = 2 (custom)
2019-09-30 20:45:07,989 [pool-139-thread-1] INFO  server.RaftServerConfigKeys (ConfUtils.java:logGet(43)) - raft.server.log.force.sync.num = 128 (default)
2019-09-30 20:45:07,989 [pool-129-thread-1] INFO  server.RaftServerConfigKeys (ConfUtils.java:logGet(43)) - raft.server.log.segment.cache.num.max = 2 (custom)
2019-09-30 20:45:07,989 [pool-139-thread-1] INFO  server.RaftServerConfigKeys (ConfUtils.java:logGet(43)) - raft.server.log.statemachine.data.sync = true (default)
2019-09-30 20:45:07,990 [pool-139-thread-1] INFO  server.RaftServerConfigKeys (ConfUtils.java:logGet(43)) - raft.server.log.statemachine.data.sync.timeout = 10s (default)
2019-09-30 20:45:07,989 [pool-159-thread-1] INFO  segmented.SegmentedRaftLogWorker (SegmentedRaftLogWorker.java:<init>(173)) - new 34995412-33a1-409e-9f38-fe1e74ba27b5@group-A3E31928F0CE-SegmentedRaftLogWorker for RaftStorage:Storage Directory /workdir/hadoop-ozone/integration-test/target/test-dir/MiniOzoneClusterImpl-52fa08f5-cb3a-4744-95c3-64f108980532/datanode-4/data/ratis/8c7560d0-f90c-4e8e-996f-a3e31928f0ce
2019-09-30 20:45:07,990 [pool-139-thread-1] INFO  server.RaftServerConfigKeys (ConfUtils.java:logGet(43)) - raft.server.log.statemachine.data.sync.timeout.retry = -1 (default)
2019-09-30 20:45:07,990 [pool-129-thread-1] INFO  segmented.SegmentedRaftLogWorker (SegmentedRaftLogWorker.java:<init>(173)) - new d29d20d9-3549-4dc9-aced-052d1fd0fa3f@group-A3E31928F0CE-SegmentedRaftLogWorker for RaftStorage:Storage Directory /workdir/hadoop-ozone/integration-test/target/test-dir/MiniOzoneClusterImpl-52fa08f5-cb3a-4744-95c3-64f108980532/datanode-1/data/ratis/8c7560d0-f90c-4e8e-996f-a3e31928f0ce
2019-09-30 20:45:07,990 [pool-139-thread-1] INFO  server.RaftServerConfigKeys (ConfUtils.java:logGet(43)) - raft.server.log.statemachine.data.caching.enabled = true (custom)
2019-09-30 20:45:07,990 [pool-159-thread-1] INFO  server.RaftServerConfigKeys (ConfUtils.java:logGet(43)) - raft.server.log.queue.byte-limit = 2147483647 (custom)
2019-09-30 20:45:07,990 [pool-129-thread-1] INFO  server.RaftServerConfigKeys (ConfUtils.java:logGet(43)) - raft.server.log.queue.byte-limit = 2147483647 (custom)
2019-09-30 20:45:07,990 [pool-159-thread-1] INFO  server.RaftServerConfigKeys (ConfUtils.java:logGet(43)) - raft.server.log.queue.element-limit = 1024 (custom)
2019-09-30 20:45:07,990 [pool-139-thread-1] INFO  segmented.SegmentedRaftLogWorker (SegmentedRaftLogWorker.java:lambda$new$0(128)) - 16a2e74c-6b01-46b8-adac-93835a20fc06@group-A3E31928F0CE-SegmentedRaftLogWorker: flushIndex: setUnconditionally 0 -> -1
2019-09-30 20:45:07,991 [pool-159-thread-1] INFO  server.RaftServerConfigKeys (ConfUtils.java:logGet(43)) - raft.server.log.segment.size.max = 1048576 (custom)
2019-09-30 20:45:07,991 [pool-129-thread-1] INFO  server.RaftServerConfigKeys (ConfUtils.java:logGet(43)) - raft.server.log.queue.element-limit = 1024 (custom)
2019-09-30 20:45:07,991 [pool-139-thread-1] INFO  server.RaftServerConfigKeys (ConfUtils.java:logGet(43)) - raft.server.snapshot.auto.trigger.enabled = true (custom)
2019-09-30 20:45:07,991 [pool-159-thread-1] INFO  server.RaftServerConfigKeys (ConfUtils.java:logGet(43)) - raft.server.log.preallocated.size = 16384 (custom)
2019-09-30 20:45:07,991 [pool-139-thread-1] INFO  server.RaftServerConfigKeys (ConfUtils.java:logGet(43)) - raft.server.snapshot.auto.trigger.threshold = 10000 (custom)
2019-09-30 20:45:07,991 [pool-129-thread-1] INFO  server.RaftServerConfigKeys (ConfUtils.java:logGet(43)) - raft.server.log.segment.size.max = 1048576 (custom)
2019-09-30 20:45:07,991 [pool-139-thread-1] INFO  server.RaftServerConfigKeys (ConfUtils.java:logGet(43)) - raft.server.snapshot.retention.file.num = 5 (custom)
2019-09-30 20:45:07,991 [pool-159-thread-1] INFO  server.RaftServerConfigKeys (ConfUtils.java:logGet(43)) - raft.server.log.write.buffer.size = 33554432 (custom)
2019-09-30 20:45:07,992 [pool-129-thread-1] INFO  server.RaftServerConfigKeys (ConfUtils.java:logGet(43)) - raft.server.log.preallocated.size = 16384 (custom)
2019-09-30 20:45:07,992 [pool-159-thread-1] INFO  server.RaftServerConfigKeys (ConfUtils.java:logGet(43)) - raft.server.log.force.sync.num = 128 (default)
2019-09-30 20:45:07,992 [pool-139-thread-1] INFO  server.RaftServerConfigKeys (ConfUtils.java:logGet(43)) - raft.server.retrycache.expirytime = 600000ms (custom)
2019-09-30 20:45:07,992 [pool-159-thread-1] INFO  server.RaftServerConfigKeys (ConfUtils.java:logGet(43)) - raft.server.log.statemachine.data.sync = true (default)
2019-09-30 20:45:07,992 [pool-129-thread-1] INFO  server.RaftServerConfigKeys (ConfUtils.java:logGet(43)) - raft.server.log.write.buffer.size = 33554432 (custom)
2019-09-30 20:45:07,992 [pool-159-thread-1] INFO  server.RaftServerConfigKeys (ConfUtils.java:logGet(43)) - raft.server.log.statemachine.data.sync.timeout = 10s (default)
2019-09-30 20:45:07,992 [pool-129-thread-1] INFO  server.RaftServerConfigKeys (ConfUtils.java:logGet(43)) - raft.server.log.force.sync.num = 128 (default)
2019-09-30 20:45:07,992 [pool-159-thread-1] INFO  server.RaftServerConfigKeys (ConfUtils.java:logGet(43)) - raft.server.log.statemachine.data.sync.timeout.retry = -1 (default)
2019-09-30 20:45:07,993 [pool-129-thread-1] INFO  server.RaftServerConfigKeys (ConfUtils.java:logGet(43)) - raft.server.log.statemachine.data.sync = true (default)
2019-09-30 20:45:07,993 [pool-159-thread-1] INFO  server.RaftServerConfigKeys (ConfUtils.java:logGet(43)) - raft.server.log.statemachine.data.caching.enabled = true (custom)
2019-09-30 20:45:07,993 [pool-129-thread-1] INFO  server.RaftServerConfigKeys (ConfUtils.java:logGet(43)) - raft.server.log.statemachine.data.sync.timeout = 10s (default)
2019-09-30 20:45:07,993 [pool-159-thread-1] INFO  segmented.SegmentedRaftLogWorker (SegmentedRaftLogWorker.java:lambda$new$0(128)) - 34995412-33a1-409e-9f38-fe1e74ba27b5@group-A3E31928F0CE-SegmentedRaftLogWorker: flushIndex: setUnconditionally 0 -> -1
2019-09-30 20:45:07,993 [pool-129-thread-1] INFO  server.RaftServerConfigKeys (ConfUtils.java:logGet(43)) - raft.server.log.statemachine.data.sync.timeout.retry = -1 (default)
2019-09-30 20:45:07,993 [pool-159-thread-1] INFO  server.RaftServerConfigKeys (ConfUtils.java:logGet(43)) - raft.server.snapshot.auto.trigger.enabled = true (custom)
2019-09-30 20:45:07,993 [pool-159-thread-1] INFO  server.RaftServerConfigKeys (ConfUtils.java:logGet(43)) - raft.server.snapshot.auto.trigger.threshold = 10000 (custom)
2019-09-30 20:45:07,994 [pool-129-thread-1] INFO  server.RaftServerConfigKeys (ConfUtils.java:logGet(43)) - raft.server.log.statemachine.data.caching.enabled = true (custom)
2019-09-30 20:45:07,994 [pool-139-thread-1] INFO  impl.RaftServerImpl (RaftServerImpl.java:start(181)) - 16a2e74c-6b01-46b8-adac-93835a20fc06@group-A3E31928F0CE: start as a follower, conf=-1: [d29d20d9-3549-4dc9-aced-052d1fd0fa3f:192.168.30.59:37644, 34995412-33a1-409e-9f38-fe1e74ba27b5:192.168.30.59:42883, 16a2e74c-6b01-46b8-adac-93835a20fc06:192.168.30.59:32782], old=null
2019-09-30 20:45:07,994 [pool-159-thread-1] INFO  server.RaftServerConfigKeys (ConfUtils.java:logGet(43)) - raft.server.snapshot.retention.file.num = 5 (custom)
2019-09-30 20:45:07,994 [pool-129-thread-1] INFO  segmented.SegmentedRaftLogWorker (SegmentedRaftLogWorker.java:lambda$new$0(128)) - d29d20d9-3549-4dc9-aced-052d1fd0fa3f@group-A3E31928F0CE-SegmentedRaftLogWorker: flushIndex: setUnconditionally 0 -> -1
2019-09-30 20:45:07,994 [pool-139-thread-1] INFO  impl.RaftServerImpl (RaftServerImpl.java:setRole(170)) - 16a2e74c-6b01-46b8-adac-93835a20fc06@group-A3E31928F0CE: changes role from      null to FOLLOWER at term 0 for startAsFollower
2019-09-30 20:45:07,994 [pool-159-thread-1] INFO  server.RaftServerConfigKeys (ConfUtils.java:logGet(43)) - raft.server.retrycache.expirytime = 600000ms (custom)
2019-09-30 20:45:07,994 [pool-139-thread-1] INFO  impl.RoleInfo (RoleInfo.java:updateAndGet(143)) - 16a2e74c-6b01-46b8-adac-93835a20fc06: start FollowerState
2019-09-30 20:45:07,994 [pool-129-thread-1] INFO  server.RaftServerConfigKeys (ConfUtils.java:logGet(43)) - raft.server.snapshot.auto.trigger.enabled = true (custom)
2019-09-30 20:45:07,995 [pool-129-thread-1] INFO  server.RaftServerConfigKeys (ConfUtils.java:logGet(43)) - raft.server.snapshot.auto.trigger.threshold = 10000 (custom)
2019-09-30 20:45:07,995 [pool-129-thread-1] INFO  server.RaftServerConfigKeys (ConfUtils.java:logGet(43)) - raft.server.snapshot.retention.file.num = 5 (custom)
2019-09-30 20:45:07,995 [pool-139-thread-1] INFO  util.JmxRegister (JmxRegister.java:tryRegister(44)) - Successfully registered JMX Bean with object name Ratis:service=RaftServer,group=group-A3E31928F0CE,id=16a2e74c-6b01-46b8-adac-93835a20fc06
2019-09-30 20:45:07,995 [pool-129-thread-1] INFO  server.RaftServerConfigKeys (ConfUtils.java:logGet(43)) - raft.server.retrycache.expirytime = 600000ms (custom)
2019-09-30 20:45:07,996 [pool-159-thread-1] INFO  impl.RaftServerImpl (RaftServerImpl.java:start(181)) - 34995412-33a1-409e-9f38-fe1e74ba27b5@group-A3E31928F0CE: start as a follower, conf=-1: [d29d20d9-3549-4dc9-aced-052d1fd0fa3f:192.168.30.59:37644, 34995412-33a1-409e-9f38-fe1e74ba27b5:192.168.30.59:42883, 16a2e74c-6b01-46b8-adac-93835a20fc06:192.168.30.59:32782], old=null
2019-09-30 20:45:07,996 [pool-159-thread-1] INFO  impl.RaftServerImpl (RaftServerImpl.java:setRole(170)) - 34995412-33a1-409e-9f38-fe1e74ba27b5@group-A3E31928F0CE: changes role from      null to FOLLOWER at term 0 for startAsFollower
2019-09-30 20:45:07,996 [pool-159-thread-1] INFO  impl.RoleInfo (RoleInfo.java:updateAndGet(143)) - 34995412-33a1-409e-9f38-fe1e74ba27b5: start FollowerState
2019-09-30 20:45:07,996 [pool-159-thread-1] INFO  util.JmxRegister (JmxRegister.java:tryRegister(44)) - Successfully registered JMX Bean with object name Ratis:service=RaftServer,group=group-A3E31928F0CE,id=34995412-33a1-409e-9f38-fe1e74ba27b5
2019-09-30 20:45:07,999 [pool-129-thread-1] INFO  impl.RaftServerImpl (RaftServerImpl.java:start(181)) - d29d20d9-3549-4dc9-aced-052d1fd0fa3f@group-A3E31928F0CE: start as a follower, conf=-1: [d29d20d9-3549-4dc9-aced-052d1fd0fa3f:192.168.30.59:37644, 34995412-33a1-409e-9f38-fe1e74ba27b5:192.168.30.59:42883, 16a2e74c-6b01-46b8-adac-93835a20fc06:192.168.30.59:32782], old=null
2019-09-30 20:45:07,999 [pool-129-thread-1] INFO  impl.RaftServerImpl (RaftServerImpl.java:setRole(170)) - d29d20d9-3549-4dc9-aced-052d1fd0fa3f@group-A3E31928F0CE: changes role from      null to FOLLOWER at term 0 for startAsFollower
2019-09-30 20:45:07,999 [pool-129-thread-1] INFO  impl.RoleInfo (RoleInfo.java:updateAndGet(143)) - d29d20d9-3549-4dc9-aced-052d1fd0fa3f: start FollowerState
2019-09-30 20:45:08,000 [pool-129-thread-1] INFO  util.JmxRegister (JmxRegister.java:tryRegister(44)) - Successfully registered JMX Bean with object name Ratis:service=RaftServer,group=group-A3E31928F0CE,id=d29d20d9-3549-4dc9-aced-052d1fd0fa3f
2019-09-30 20:45:08,005 [RatisPipelineUtilsThread] INFO  pipeline.PipelineStateManager (PipelineStateManager.java:addPipeline(56)) - Created pipeline Pipeline[ Id: 8c7560d0-f90c-4e8e-996f-a3e31928f0ce, Nodes: d29d20d9-3549-4dc9-aced-052d1fd0fa3f{ip: 192.168.30.59, host: pr-hdds-2211-2dwkd-795013237, networkLocation: /default-rack, certSerialId: null}34995412-33a1-409e-9f38-fe1e74ba27b5{ip: 192.168.30.59, host: pr-hdds-2211-2dwkd-795013237, networkLocation: /default-rack, certSerialId: null}16a2e74c-6b01-46b8-adac-93835a20fc06{ip: 192.168.30.59, host: pr-hdds-2211-2dwkd-795013237, networkLocation: /default-rack, certSerialId: null}, Type:RATIS, Factor:THREE, State:OPEN]
2019-09-30 20:45:10,286 [Thread-686] INFO  container.ReplicationManager (ReplicationManager.java:start(162)) - Starting Replication Monitor Thread.
2019-09-30 20:45:10,288 [ReplicationMonitor] INFO  container.ReplicationManager (ReplicationManager.java:run(225)) - Replication Monitor Thread took 0 milliseconds for processing 3 containers.
2019-09-30 20:45:12,363 [Thread-688] INFO  impl.FollowerState (FollowerState.java:run(108)) - f4aeb726-a0ad-44bf-820c-a69213549e62@group-A2293658F018-FollowerState: change to CANDIDATE, lastRpcTime:5043ms, electionTimeout:5043ms
2019-09-30 20:45:12,365 [Thread-688] INFO  impl.RoleInfo (RoleInfo.java:shutdownFollowerState(121)) - f4aeb726-a0ad-44bf-820c-a69213549e62: shutdown FollowerState
2019-09-30 20:45:12,365 [Thread-688] INFO  impl.RaftServerImpl (RaftServerImpl.java:setRole(170)) - f4aeb726-a0ad-44bf-820c-a69213549e62@group-A2293658F018: changes role from  FOLLOWER to CANDIDATE at term 0 for changeToCandidate
2019-09-30 20:45:12,365 [Thread-688] INFO  impl.RoleInfo (RoleInfo.java:updateAndGet(143)) - f4aeb726-a0ad-44bf-820c-a69213549e62: start LeaderElection
2019-09-30 20:45:12,407 [f4aeb726-a0ad-44bf-820c-a69213549e62@group-A2293658F018-LeaderElection15] INFO  impl.LeaderElection (LeaderElection.java:askForVotes(178)) - f4aeb726-a0ad-44bf-820c-a69213549e62@group-A2293658F018-LeaderElection15: begin an election at term 1 for -1: [f4aeb726-a0ad-44bf-820c-a69213549e62:192.168.30.59:44327], old=null
2019-09-30 20:45:12,407 [f4aeb726-a0ad-44bf-820c-a69213549e62@group-A2293658F018-LeaderElection15] INFO  impl.RoleInfo (RoleInfo.java:shutdownLeaderElection(134)) - f4aeb726-a0ad-44bf-820c-a69213549e62: shutdown LeaderElection
2019-09-30 20:45:12,408 [f4aeb726-a0ad-44bf-820c-a69213549e62@group-A2293658F018-LeaderElection15] INFO  impl.RaftServerImpl (RaftServerImpl.java:setRole(170)) - f4aeb726-a0ad-44bf-820c-a69213549e62@group-A2293658F018: changes role from CANDIDATE to LEADER at term 1 for changeToLeader
2019-09-30 20:45:12,408 [f4aeb726-a0ad-44bf-820c-a69213549e62@group-A2293658F018-LeaderElection15] INFO  impl.RaftServerImpl (ServerState.java:setLeader(255)) - f4aeb726-a0ad-44bf-820c-a69213549e62@group-A2293658F018: change Leader from null to f4aeb726-a0ad-44bf-820c-a69213549e62 at term 1 for becomeLeader, leader elected after 5103ms
2019-09-30 20:45:12,411 [f4aeb726-a0ad-44bf-820c-a69213549e62@group-A2293658F018-LeaderElection15] INFO  server.RaftServerConfigKeys (ConfUtils.java:logGet(43)) - raft.server.staging.catchup.gap = 1000 (default)
2019-09-30 20:45:12,411 [f4aeb726-a0ad-44bf-820c-a69213549e62@group-A2293658F018-LeaderElection15] INFO  server.RaftServerConfigKeys (ConfUtils.java:logGet(43)) - raft.server.rpc.sleep.time = 25ms (default)
2019-09-30 20:45:12,411 [f4aeb726-a0ad-44bf-820c-a69213549e62@group-A2293658F018-LeaderElection15] INFO  server.RaftServerConfigKeys (ConfUtils.java:logGet(43)) - raft.server.write.element-limit = 4096 (default)
2019-09-30 20:45:12,411 [f4aeb726-a0ad-44bf-820c-a69213549e62@group-A2293658F018-LeaderElection15] INFO  server.RaftServerConfigKeys (ConfUtils.java:logGet(43)) - raft.server.watch.timeout = 10s (default)
2019-09-30 20:45:12,411 [f4aeb726-a0ad-44bf-820c-a69213549e62@group-A2293658F018-LeaderElection15] INFO  server.RaftServerConfigKeys (ConfUtils.java:logGet(43)) - raft.server.watch.timeout.denomination = 1s (default)
2019-09-30 20:45:12,412 [f4aeb726-a0ad-44bf-820c-a69213549e62@group-A2293658F018-LeaderElection15] INFO  server.RaftServerConfigKeys (ConfUtils.java:logGet(43)) - raft.server.watch.element-limit = 65536 (default)
2019-09-30 20:45:12,415 [f4aeb726-a0ad-44bf-820c-a69213549e62@group-A2293658F018-LeaderElection15] INFO  impl.RoleInfo (RoleInfo.java:updateAndGet(143)) - f4aeb726-a0ad-44bf-820c-a69213549e62: start LeaderState
2019-09-30 20:45:12,416 [f4aeb726-a0ad-44bf-820c-a69213549e62@group-A2293658F018-LeaderElection15] INFO  segmented.SegmentedRaftLogWorker (SegmentedRaftLogWorker.java:startLogSegment(385)) - f4aeb726-a0ad-44bf-820c-a69213549e62@group-A2293658F018-SegmentedRaftLogWorker: Starting segment from index:0
2019-09-30 20:45:12,417 [f4aeb726-a0ad-44bf-820c-a69213549e62@group-A2293658F018-LeaderElection15] INFO  impl.RaftServerImpl (ServerState.java:setRaftConf(356)) - f4aeb726-a0ad-44bf-820c-a69213549e62@group-A2293658F018: set configuration 0: [f4aeb726-a0ad-44bf-820c-a69213549e62:192.168.30.59:44327], old=null at 0
2019-09-30 20:45:12,476 [f4aeb726-a0ad-44bf-820c-a69213549e62@group-A2293658F018-SegmentedRaftLogWorker] INFO  segmented.SegmentedRaftLogWorker (SegmentedRaftLogWorker.java:execute(574)) - f4aeb726-a0ad-44bf-820c-a69213549e62@group-A2293658F018-SegmentedRaftLogWorker: created new log segment /workdir/hadoop-ozone/integration-test/target/test-dir/MiniOzoneClusterImpl-52fa08f5-cb3a-4744-95c3-64f108980532/datanode-0/data/ratis/e877edff-73d8-4d0b-b210-a2293658f018/current/log_inprogress_0
2019-09-30 20:45:12,556 [Thread-691] INFO  impl.FollowerState (FollowerState.java:run(108)) - d29d20d9-3549-4dc9-aced-052d1fd0fa3f@group-4ACD0639A2C9-FollowerState: change to CANDIDATE, lastRpcTime:5146ms, electionTimeout:5146ms
2019-09-30 20:45:12,556 [Thread-691] INFO  impl.RoleInfo (RoleInfo.java:shutdownFollowerState(121)) - d29d20d9-3549-4dc9-aced-052d1fd0fa3f: shutdown FollowerState
2019-09-30 20:45:12,556 [Thread-691] INFO  impl.RaftServerImpl (RaftServerImpl.java:setRole(170)) - d29d20d9-3549-4dc9-aced-052d1fd0fa3f@group-4ACD0639A2C9: changes role from  FOLLOWER to CANDIDATE at term 0 for changeToCandidate
2019-09-30 20:45:12,556 [Thread-691] INFO  impl.RoleInfo (RoleInfo.java:updateAndGet(143)) - d29d20d9-3549-4dc9-aced-052d1fd0fa3f: start LeaderElection
2019-09-30 20:45:12,575 [Thread-697] INFO  impl.FollowerState (FollowerState.java:run(108)) - 566c5d8e-ae1d-43e7-9848-7b393c045f68@group-FFDDE2EBEB62-FollowerState: change to CANDIDATE, lastRpcTime:5016ms, electionTimeout:5016ms
2019-09-30 20:45:12,576 [Thread-697] INFO  impl.RoleInfo (RoleInfo.java:shutdownFollowerState(121)) - 566c5d8e-ae1d-43e7-9848-7b393c045f68: shutdown FollowerState
2019-09-30 20:45:12,576 [Thread-697] INFO  impl.RaftServerImpl (RaftServerImpl.java:setRole(170)) - 566c5d8e-ae1d-43e7-9848-7b393c045f68@group-FFDDE2EBEB62: changes role from  FOLLOWER to CANDIDATE at term 0 for changeToCandidate
2019-09-30 20:45:12,576 [Thread-697] INFO  impl.RoleInfo (RoleInfo.java:updateAndGet(143)) - 566c5d8e-ae1d-43e7-9848-7b393c045f68: start LeaderElection
2019-09-30 20:45:12,583 [d29d20d9-3549-4dc9-aced-052d1fd0fa3f@group-4ACD0639A2C9-LeaderElection16] INFO  impl.LeaderElection (LeaderElection.java:askForVotes(178)) - d29d20d9-3549-4dc9-aced-052d1fd0fa3f@group-4ACD0639A2C9-LeaderElection16: begin an election at term 1 for -1: [d29d20d9-3549-4dc9-aced-052d1fd0fa3f:192.168.30.59:37644], old=null
2019-09-30 20:45:12,584 [d29d20d9-3549-4dc9-aced-052d1fd0fa3f@group-4ACD0639A2C9-LeaderElection16] INFO  impl.RoleInfo (RoleInfo.java:shutdownLeaderElection(134)) - d29d20d9-3549-4dc9-aced-052d1fd0fa3f: shutdown LeaderElection
2019-09-30 20:45:12,584 [d29d20d9-3549-4dc9-aced-052d1fd0fa3f@group-4ACD0639A2C9-LeaderElection16] INFO  impl.RaftServerImpl (RaftServerImpl.java:setRole(170)) - d29d20d9-3549-4dc9-aced-052d1fd0fa3f@group-4ACD0639A2C9: changes role from CANDIDATE to LEADER at term 1 for changeToLeader
2019-09-30 20:45:12,584 [d29d20d9-3549-4dc9-aced-052d1fd0fa3f@group-4ACD0639A2C9-LeaderElection16] INFO  impl.RaftServerImpl (ServerState.java:setLeader(255)) - d29d20d9-3549-4dc9-aced-052d1fd0fa3f@group-4ACD0639A2C9: change Leader from null to d29d20d9-3549-4dc9-aced-052d1fd0fa3f at term 1 for becomeLeader, leader elected after 5185ms
2019-09-30 20:45:12,587 [d29d20d9-3549-4dc9-aced-052d1fd0fa3f@group-4ACD0639A2C9-LeaderElection16] INFO  server.RaftServerConfigKeys (ConfUtils.java:logGet(43)) - raft.server.staging.catchup.gap = 1000 (default)
2019-09-30 20:45:12,587 [d29d20d9-3549-4dc9-aced-052d1fd0fa3f@group-4ACD0639A2C9-LeaderElection16] INFO  server.RaftServerConfigKeys (ConfUtils.java:logGet(43)) - raft.server.rpc.sleep.time = 25ms (default)
2019-09-30 20:45:12,587 [d29d20d9-3549-4dc9-aced-052d1fd0fa3f@group-4ACD0639A2C9-LeaderElection16] INFO  server.RaftServerConfigKeys (ConfUtils.java:logGet(43)) - raft.server.write.element-limit = 4096 (default)
2019-09-30 20:45:12,587 [d29d20d9-3549-4dc9-aced-052d1fd0fa3f@group-4ACD0639A2C9-LeaderElection16] INFO  server.RaftServerConfigKeys (ConfUtils.java:logGet(43)) - raft.server.watch.timeout = 10s (default)
2019-09-30 20:45:12,587 [d29d20d9-3549-4dc9-aced-052d1fd0fa3f@group-4ACD0639A2C9-LeaderElection16] INFO  server.RaftServerConfigKeys (ConfUtils.java:logGet(43)) - raft.server.watch.timeout.denomination = 1s (default)
2019-09-30 20:45:12,588 [d29d20d9-3549-4dc9-aced-052d1fd0fa3f@group-4ACD0639A2C9-LeaderElection16] INFO  server.RaftServerConfigKeys (ConfUtils.java:logGet(43)) - raft.server.watch.element-limit = 65536 (default)
2019-09-30 20:45:12,590 [d29d20d9-3549-4dc9-aced-052d1fd0fa3f@group-4ACD0639A2C9-LeaderElection16] INFO  impl.RoleInfo (RoleInfo.java:updateAndGet(143)) - d29d20d9-3549-4dc9-aced-052d1fd0fa3f: start LeaderState
2019-09-30 20:45:12,590 [d29d20d9-3549-4dc9-aced-052d1fd0fa3f@group-4ACD0639A2C9-LeaderElection16] INFO  segmented.SegmentedRaftLogWorker (SegmentedRaftLogWorker.java:startLogSegment(385)) - d29d20d9-3549-4dc9-aced-052d1fd0fa3f@group-4ACD0639A2C9-SegmentedRaftLogWorker: Starting segment from index:0
2019-09-30 20:45:12,591 [d29d20d9-3549-4dc9-aced-052d1fd0fa3f@group-4ACD0639A2C9-LeaderElection16] INFO  impl.RaftServerImpl (ServerState.java:setRaftConf(356)) - d29d20d9-3549-4dc9-aced-052d1fd0fa3f@group-4ACD0639A2C9: set configuration 0: [d29d20d9-3549-4dc9-aced-052d1fd0fa3f:192.168.30.59:37644], old=null at 0
2019-09-30 20:45:12,596 [566c5d8e-ae1d-43e7-9848-7b393c045f68@group-FFDDE2EBEB62-LeaderElection17] INFO  impl.LeaderElection (LeaderElection.java:askForVotes(178)) - 566c5d8e-ae1d-43e7-9848-7b393c045f68@group-FFDDE2EBEB62-LeaderElection17: begin an election at term 1 for -1: [566c5d8e-ae1d-43e7-9848-7b393c045f68:192.168.30.59:41560], old=null
2019-09-30 20:45:12,596 [566c5d8e-ae1d-43e7-9848-7b393c045f68@group-FFDDE2EBEB62-LeaderElection17] INFO  impl.RoleInfo (RoleInfo.java:shutdownLeaderElection(134)) - 566c5d8e-ae1d-43e7-9848-7b393c045f68: shutdown LeaderElection
2019-09-30 20:45:12,596 [566c5d8e-ae1d-43e7-9848-7b393c045f68@group-FFDDE2EBEB62-LeaderElection17] INFO  impl.RaftServerImpl (RaftServerImpl.java:setRole(170)) - 566c5d8e-ae1d-43e7-9848-7b393c045f68@group-FFDDE2EBEB62: changes role from CANDIDATE to LEADER at term 1 for changeToLeader
2019-09-30 20:45:12,597 [566c5d8e-ae1d-43e7-9848-7b393c045f68@group-FFDDE2EBEB62-LeaderElection17] INFO  impl.RaftServerImpl (ServerState.java:setLeader(255)) - 566c5d8e-ae1d-43e7-9848-7b393c045f68@group-FFDDE2EBEB62: change Leader from null to 566c5d8e-ae1d-43e7-9848-7b393c045f68 at term 1 for becomeLeader, leader elected after 5046ms
2019-09-30 20:45:12,629 [566c5d8e-ae1d-43e7-9848-7b393c045f68@group-FFDDE2EBEB62-LeaderElection17] INFO  server.RaftServerConfigKeys (ConfUtils.java:logGet(43)) - raft.server.staging.catchup.gap = 1000 (default)
2019-09-30 20:45:12,629 [566c5d8e-ae1d-43e7-9848-7b393c045f68@group-FFDDE2EBEB62-LeaderElection17] INFO  server.RaftServerConfigKeys (ConfUtils.java:logGet(43)) - raft.server.rpc.sleep.time = 25ms (default)
2019-09-30 20:45:12,630 [566c5d8e-ae1d-43e7-9848-7b393c045f68@group-FFDDE2EBEB62-LeaderElection17] INFO  server.RaftServerConfigKeys (ConfUtils.java:logGet(43)) - raft.server.write.element-limit = 4096 (default)
2019-09-30 20:45:12,630 [566c5d8e-ae1d-43e7-9848-7b393c045f68@group-FFDDE2EBEB62-LeaderElection17] INFO  server.RaftServerConfigKeys (ConfUtils.java:logGet(43)) - raft.server.watch.timeout = 10s (default)
2019-09-30 20:45:12,630 [566c5d8e-ae1d-43e7-9848-7b393c045f68@group-FFDDE2EBEB62-LeaderElection17] INFO  server.RaftServerConfigKeys (ConfUtils.java:logGet(43)) - raft.server.watch.timeout.denomination = 1s (default)
2019-09-30 20:45:12,630 [566c5d8e-ae1d-43e7-9848-7b393c045f68@group-FFDDE2EBEB62-LeaderElection17] INFO  server.RaftServerConfigKeys (ConfUtils.java:logGet(43)) - raft.server.watch.element-limit = 65536 (default)
2019-09-30 20:45:12,632 [566c5d8e-ae1d-43e7-9848-7b393c045f68@group-FFDDE2EBEB62-LeaderElection17] INFO  impl.RoleInfo (RoleInfo.java:updateAndGet(143)) - 566c5d8e-ae1d-43e7-9848-7b393c045f68: start LeaderState
2019-09-30 20:45:12,632 [566c5d8e-ae1d-43e7-9848-7b393c045f68@group-FFDDE2EBEB62-LeaderElection17] INFO  segmented.SegmentedRaftLogWorker (SegmentedRaftLogWorker.java:startLogSegment(385)) - 566c5d8e-ae1d-43e7-9848-7b393c045f68@group-FFDDE2EBEB62-SegmentedRaftLogWorker: Starting segment from index:0
2019-09-30 20:45:12,633 [566c5d8e-ae1d-43e7-9848-7b393c045f68@group-FFDDE2EBEB62-LeaderElection17] INFO  impl.RaftServerImpl (ServerState.java:setRaftConf(356)) - 566c5d8e-ae1d-43e7-9848-7b393c045f68@group-FFDDE2EBEB62: set configuration 0: [566c5d8e-ae1d-43e7-9848-7b393c045f68:192.168.30.59:41560], old=null at 0
2019-09-30 20:45:12,662 [d29d20d9-3549-4dc9-aced-052d1fd0fa3f@group-4ACD0639A2C9-SegmentedRaftLogWorker] INFO  segmented.SegmentedRaftLogWorker (SegmentedRaftLogWorker.java:execute(574)) - d29d20d9-3549-4dc9-aced-052d1fd0fa3f@group-4ACD0639A2C9-SegmentedRaftLogWorker: created new log segment /workdir/hadoop-ozone/integration-test/target/test-dir/MiniOzoneClusterImpl-52fa08f5-cb3a-4744-95c3-64f108980532/datanode-1/data/ratis/35e1f497-c303-4e45-9a76-4acd0639a2c9/current/log_inprogress_0
2019-09-30 20:45:12,670 [Thread-694] INFO  impl.FollowerState (FollowerState.java:run(108)) - 16a2e74c-6b01-46b8-adac-93835a20fc06@group-9E7B970B9597-FollowerState: change to CANDIDATE, lastRpcTime:5189ms, electionTimeout:5189ms
2019-09-30 20:45:12,670 [Thread-694] INFO  impl.RoleInfo (RoleInfo.java:shutdownFollowerState(121)) - 16a2e74c-6b01-46b8-adac-93835a20fc06: shutdown FollowerState
2019-09-30 20:45:12,670 [Thread-694] INFO  impl.RaftServerImpl (RaftServerImpl.java:setRole(170)) - 16a2e74c-6b01-46b8-adac-93835a20fc06@group-9E7B970B9597: changes role from  FOLLOWER to CANDIDATE at term 0 for changeToCandidate
2019-09-30 20:45:12,670 [Thread-694] INFO  impl.RoleInfo (RoleInfo.java:updateAndGet(143)) - 16a2e74c-6b01-46b8-adac-93835a20fc06: start LeaderElection
2019-09-30 20:45:12,685 [566c5d8e-ae1d-43e7-9848-7b393c045f68@group-FFDDE2EBEB62-SegmentedRaftLogWorker] INFO  segmented.SegmentedRaftLogWorker (SegmentedRaftLogWorker.java:execute(574)) - 566c5d8e-ae1d-43e7-9848-7b393c045f68@group-FFDDE2EBEB62-SegmentedRaftLogWorker: created new log segment /workdir/hadoop-ozone/integration-test/target/test-dir/MiniOzoneClusterImpl-52fa08f5-cb3a-4744-95c3-64f108980532/datanode-3/data/ratis/48731a78-d83c-4bf7-9bf4-ffdde2ebeb62/current/log_inprogress_0
2019-09-30 20:45:12,700 [16a2e74c-6b01-46b8-adac-93835a20fc06@group-9E7B970B9597-LeaderElection18] INFO  impl.LeaderElection (LeaderElection.java:askForVotes(178)) - 16a2e74c-6b01-46b8-adac-93835a20fc06@group-9E7B970B9597-LeaderElection18: begin an election at term 1 for -1: [16a2e74c-6b01-46b8-adac-93835a20fc06:192.168.30.59:32782], old=null
2019-09-30 20:45:12,700 [16a2e74c-6b01-46b8-adac-93835a20fc06@group-9E7B970B9597-LeaderElection18] INFO  impl.RoleInfo (RoleInfo.java:shutdownLeaderElection(134)) - 16a2e74c-6b01-46b8-adac-93835a20fc06: shutdown LeaderElection
2019-09-30 20:45:12,700 [16a2e74c-6b01-46b8-adac-93835a20fc06@group-9E7B970B9597-LeaderElection18] INFO  impl.RaftServerImpl (RaftServerImpl.java:setRole(170)) - 16a2e74c-6b01-46b8-adac-93835a20fc06@group-9E7B970B9597: changes role from CANDIDATE to LEADER at term 1 for changeToLeader
2019-09-30 20:45:12,700 [16a2e74c-6b01-46b8-adac-93835a20fc06@group-9E7B970B9597-LeaderElection18] INFO  impl.RaftServerImpl (ServerState.java:setLeader(255)) - 16a2e74c-6b01-46b8-adac-93835a20fc06@group-9E7B970B9597: change Leader from null to 16a2e74c-6b01-46b8-adac-93835a20fc06 at term 1 for becomeLeader, leader elected after 5226ms
2019-09-30 20:45:12,703 [16a2e74c-6b01-46b8-adac-93835a20fc06@group-9E7B970B9597-LeaderElection18] INFO  server.RaftServerConfigKeys (ConfUtils.java:logGet(43)) - raft.server.staging.catchup.gap = 1000 (default)
2019-09-30 20:45:12,703 [16a2e74c-6b01-46b8-adac-93835a20fc06@group-9E7B970B9597-LeaderElection18] INFO  server.RaftServerConfigKeys (ConfUtils.java:logGet(43)) - raft.server.rpc.sleep.time = 25ms (default)
2019-09-30 20:45:12,703 [16a2e74c-6b01-46b8-adac-93835a20fc06@group-9E7B970B9597-LeaderElection18] INFO  server.RaftServerConfigKeys (ConfUtils.java:logGet(43)) - raft.server.write.element-limit = 4096 (default)
2019-09-30 20:45:12,704 [16a2e74c-6b01-46b8-adac-93835a20fc06@group-9E7B970B9597-LeaderElection18] INFO  server.RaftServerConfigKeys (ConfUtils.java:logGet(43)) - raft.server.watch.timeout = 10s (default)
2019-09-30 20:45:12,704 [16a2e74c-6b01-46b8-adac-93835a20fc06@group-9E7B970B9597-LeaderElection18] INFO  server.RaftServerConfigKeys (ConfUtils.java:logGet(43)) - raft.server.watch.timeout.denomination = 1s (default)
2019-09-30 20:45:12,704 [16a2e74c-6b01-46b8-adac-93835a20fc06@group-9E7B970B9597-LeaderElection18] INFO  server.RaftServerConfigKeys (ConfUtils.java:logGet(43)) - raft.server.watch.element-limit = 65536 (default)
2019-09-30 20:45:12,706 [16a2e74c-6b01-46b8-adac-93835a20fc06@group-9E7B970B9597-LeaderElection18] INFO  impl.RoleInfo (RoleInfo.java:updateAndGet(143)) - 16a2e74c-6b01-46b8-adac-93835a20fc06: start LeaderState
2019-09-30 20:45:12,706 [16a2e74c-6b01-46b8-adac-93835a20fc06@group-9E7B970B9597-LeaderElection18] INFO  segmented.SegmentedRaftLogWorker (SegmentedRaftLogWorker.java:startLogSegment(385)) - 16a2e74c-6b01-46b8-adac-93835a20fc06@group-9E7B970B9597-SegmentedRaftLogWorker: Starting segment from index:0
2019-09-30 20:45:12,707 [16a2e74c-6b01-46b8-adac-93835a20fc06@group-9E7B970B9597-LeaderElection18] INFO  impl.RaftServerImpl (ServerState.java:setRaftConf(356)) - 16a2e74c-6b01-46b8-adac-93835a20fc06@group-9E7B970B9597: set configuration 0: [16a2e74c-6b01-46b8-adac-93835a20fc06:192.168.30.59:32782], old=null at 0
2019-09-30 20:45:12,763 [16a2e74c-6b01-46b8-adac-93835a20fc06@group-9E7B970B9597-SegmentedRaftLogWorker] INFO  segmented.SegmentedRaftLogWorker (SegmentedRaftLogWorker.java:execute(574)) - 16a2e74c-6b01-46b8-adac-93835a20fc06@group-9E7B970B9597-SegmentedRaftLogWorker: created new log segment /workdir/hadoop-ozone/integration-test/target/test-dir/MiniOzoneClusterImpl-52fa08f5-cb3a-4744-95c3-64f108980532/datanode-2/data/ratis/a45ab3cc-c4cb-4da0-a286-9e7b970b9597/current/log_inprogress_0
2019-09-30 20:45:12,773 [Thread-702] INFO  impl.FollowerState (FollowerState.java:run(108)) - 5f20aede-face-49ed-b9e8-dbe29547179a@group-383433FEB2A7-FollowerState: change to CANDIDATE, lastRpcTime:5099ms, electionTimeout:5099ms
2019-09-30 20:45:12,773 [Thread-702] INFO  impl.RoleInfo (RoleInfo.java:shutdownFollowerState(121)) - 5f20aede-face-49ed-b9e8-dbe29547179a: shutdown FollowerState
2019-09-30 20:45:12,774 [Thread-702] INFO  impl.RaftServerImpl (RaftServerImpl.java:setRole(170)) - 5f20aede-face-49ed-b9e8-dbe29547179a@group-383433FEB2A7: changes role from  FOLLOWER to CANDIDATE at term 0 for changeToCandidate
2019-09-30 20:45:12,774 [Thread-702] INFO  impl.RoleInfo (RoleInfo.java:updateAndGet(143)) - 5f20aede-face-49ed-b9e8-dbe29547179a: start LeaderElection
2019-09-30 20:45:12,800 [5f20aede-face-49ed-b9e8-dbe29547179a@group-383433FEB2A7-LeaderElection19] INFO  impl.LeaderElection (LeaderElection.java:askForVotes(178)) - 5f20aede-face-49ed-b9e8-dbe29547179a@group-383433FEB2A7-LeaderElection19: begin an election at term 1 for -1: [5f20aede-face-49ed-b9e8-dbe29547179a:192.168.30.59:34973], old=null
2019-09-30 20:45:12,800 [5f20aede-face-49ed-b9e8-dbe29547179a@group-383433FEB2A7-LeaderElection19] INFO  impl.RoleInfo (RoleInfo.java:shutdownLeaderElection(134)) - 5f20aede-face-49ed-b9e8-dbe29547179a: shutdown LeaderElection
2019-09-30 20:45:12,800 [5f20aede-face-49ed-b9e8-dbe29547179a@group-383433FEB2A7-LeaderElection19] INFO  impl.RaftServerImpl (RaftServerImpl.java:setRole(170)) - 5f20aede-face-49ed-b9e8-dbe29547179a@group-383433FEB2A7: changes role from CANDIDATE to LEADER at term 1 for changeToLeader
2019-09-30 20:45:12,801 [5f20aede-face-49ed-b9e8-dbe29547179a@group-383433FEB2A7-LeaderElection19] INFO  impl.RaftServerImpl (ServerState.java:setLeader(255)) - 5f20aede-face-49ed-b9e8-dbe29547179a@group-383433FEB2A7: change Leader from null to 5f20aede-face-49ed-b9e8-dbe29547179a at term 1 for becomeLeader, leader elected after 5134ms
2019-09-30 20:45:12,803 [5f20aede-face-49ed-b9e8-dbe29547179a@group-383433FEB2A7-LeaderElection19] INFO  server.RaftServerConfigKeys (ConfUtils.java:logGet(43)) - raft.server.staging.catchup.gap = 1000 (default)
2019-09-30 20:45:12,803 [5f20aede-face-49ed-b9e8-dbe29547179a@group-383433FEB2A7-LeaderElection19] INFO  server.RaftServerConfigKeys (ConfUtils.java:logGet(43)) - raft.server.rpc.sleep.time = 25ms (default)
2019-09-30 20:45:12,803 [5f20aede-face-49ed-b9e8-dbe29547179a@group-383433FEB2A7-LeaderElection19] INFO  server.RaftServerConfigKeys (ConfUtils.java:logGet(43)) - raft.server.write.element-limit = 4096 (default)
2019-09-30 20:45:12,803 [5f20aede-face-49ed-b9e8-dbe29547179a@group-383433FEB2A7-LeaderElection19] INFO  server.RaftServerConfigKeys (ConfUtils.java:logGet(43)) - raft.server.watch.timeout = 10s (default)
2019-09-30 20:45:12,803 [5f20aede-face-49ed-b9e8-dbe29547179a@group-383433FEB2A7-LeaderElection19] INFO  server.RaftServerConfigKeys (ConfUtils.java:logGet(43)) - raft.server.watch.timeout.denomination = 1s (default)
2019-09-30 20:45:12,804 [5f20aede-face-49ed-b9e8-dbe29547179a@group-383433FEB2A7-LeaderElection19] INFO  server.RaftServerConfigKeys (ConfUtils.java:logGet(43)) - raft.server.watch.element-limit = 65536 (default)
2019-09-30 20:45:12,805 [5f20aede-face-49ed-b9e8-dbe29547179a@group-383433FEB2A7-LeaderElection19] INFO  impl.RoleInfo (RoleInfo.java:updateAndGet(143)) - 5f20aede-face-49ed-b9e8-dbe29547179a: start LeaderState
2019-09-30 20:45:12,806 [5f20aede-face-49ed-b9e8-dbe29547179a@group-383433FEB2A7-LeaderElection19] INFO  segmented.SegmentedRaftLogWorker (SegmentedRaftLogWorker.java:startLogSegment(385)) - 5f20aede-face-49ed-b9e8-dbe29547179a@group-383433FEB2A7-SegmentedRaftLogWorker: Starting segment from index:0
2019-09-30 20:45:12,806 [5f20aede-face-49ed-b9e8-dbe29547179a@group-383433FEB2A7-LeaderElection19] INFO  impl.RaftServerImpl (ServerState.java:setRaftConf(356)) - 5f20aede-face-49ed-b9e8-dbe29547179a@group-383433FEB2A7: set configuration 0: [5f20aede-face-49ed-b9e8-dbe29547179a:192.168.30.59:34973], old=null at 0
2019-09-30 20:45:12,877 [5f20aede-face-49ed-b9e8-dbe29547179a@group-383433FEB2A7-SegmentedRaftLogWorker] INFO  segmented.SegmentedRaftLogWorker (SegmentedRaftLogWorker.java:execute(574)) - 5f20aede-face-49ed-b9e8-dbe29547179a@group-383433FEB2A7-SegmentedRaftLogWorker: created new log segment /workdir/hadoop-ozone/integration-test/target/test-dir/MiniOzoneClusterImpl-52fa08f5-cb3a-4744-95c3-64f108980532/datanode-5/data/ratis/35c03a52-258c-40cc-a501-383433feb2a7/current/log_inprogress_0
2019-09-30 20:45:12,913 [Thread-713] INFO  impl.FollowerState (FollowerState.java:run(108)) - 566c5d8e-ae1d-43e7-9848-7b393c045f68@group-329730433CA5-FollowerState: change to CANDIDATE, lastRpcTime:5011ms, electionTimeout:5011ms
2019-09-30 20:45:12,913 [Thread-713] INFO  impl.RoleInfo (RoleInfo.java:shutdownFollowerState(121)) - 566c5d8e-ae1d-43e7-9848-7b393c045f68: shutdown FollowerState
2019-09-30 20:45:12,914 [Thread-713] INFO  impl.RaftServerImpl (RaftServerImpl.java:setRole(170)) - 566c5d8e-ae1d-43e7-9848-7b393c045f68@group-329730433CA5: changes role from  FOLLOWER to CANDIDATE at term 0 for changeToCandidate
2019-09-30 20:45:12,914 [Thread-713] INFO  impl.RoleInfo (RoleInfo.java:updateAndGet(143)) - 566c5d8e-ae1d-43e7-9848-7b393c045f68: start LeaderElection
2019-09-30 20:45:12,919 [Thread-705] INFO  impl.FollowerState (FollowerState.java:run(108)) - 34995412-33a1-409e-9f38-fe1e74ba27b5@group-51A860066D86-FollowerState: change to CANDIDATE, lastRpcTime:5169ms, electionTimeout:5167ms
2019-09-30 20:45:12,920 [Thread-705] INFO  impl.RoleInfo (RoleInfo.java:shutdownFollowerState(121)) - 34995412-33a1-409e-9f38-fe1e74ba27b5: shutdown FollowerState
2019-09-30 20:45:12,920 [Thread-705] INFO  impl.RaftServerImpl (RaftServerImpl.java:setRole(170)) - 34995412-33a1-409e-9f38-fe1e74ba27b5@group-51A860066D86: changes role from  FOLLOWER to CANDIDATE at term 0 for changeToCandidate
2019-09-30 20:45:12,920 [Thread-705] INFO  impl.RoleInfo (RoleInfo.java:updateAndGet(143)) - 34995412-33a1-409e-9f38-fe1e74ba27b5: start LeaderElection
2019-09-30 20:45:12,953 [566c5d8e-ae1d-43e7-9848-7b393c045f68@group-329730433CA5-LeaderElection20] INFO  impl.LeaderElection (LeaderElection.java:askForVotes(178)) - 566c5d8e-ae1d-43e7-9848-7b393c045f68@group-329730433CA5-LeaderElection20: begin an election at term 1 for -1: [f4aeb726-a0ad-44bf-820c-a69213549e62:192.168.30.59:44327, 5f20aede-face-49ed-b9e8-dbe29547179a:192.168.30.59:34973, 566c5d8e-ae1d-43e7-9848-7b393c045f68:192.168.30.59:41560], old=null
2019-09-30 20:45:12,953 [34995412-33a1-409e-9f38-fe1e74ba27b5@group-51A860066D86-LeaderElection21] INFO  impl.LeaderElection (LeaderElection.java:askForVotes(178)) - 34995412-33a1-409e-9f38-fe1e74ba27b5@group-51A860066D86-LeaderElection21: begin an election at term 1 for -1: [34995412-33a1-409e-9f38-fe1e74ba27b5:192.168.30.59:42883], old=null
2019-09-30 20:45:12,954 [34995412-33a1-409e-9f38-fe1e74ba27b5@group-51A860066D86-LeaderElection21] INFO  impl.RoleInfo (RoleInfo.java:shutdownLeaderElection(134)) - 34995412-33a1-409e-9f38-fe1e74ba27b5: shutdown LeaderElection
2019-09-30 20:45:12,954 [34995412-33a1-409e-9f38-fe1e74ba27b5@group-51A860066D86-LeaderElection21] INFO  impl.RaftServerImpl (RaftServerImpl.java:setRole(170)) - 34995412-33a1-409e-9f38-fe1e74ba27b5@group-51A860066D86: changes role from CANDIDATE to LEADER at term 1 for changeToLeader
2019-09-30 20:45:12,954 [34995412-33a1-409e-9f38-fe1e74ba27b5@group-51A860066D86-LeaderElection21] INFO  impl.RaftServerImpl (ServerState.java:setLeader(255)) - 34995412-33a1-409e-9f38-fe1e74ba27b5@group-51A860066D86: change Leader from null to 34995412-33a1-409e-9f38-fe1e74ba27b5 at term 1 for becomeLeader, leader elected after 5210ms
2019-09-30 20:45:12,957 [34995412-33a1-409e-9f38-fe1e74ba27b5@group-51A860066D86-LeaderElection21] INFO  server.RaftServerConfigKeys (ConfUtils.java:logGet(43)) - raft.server.staging.catchup.gap = 1000 (default)
2019-09-30 20:45:12,957 [34995412-33a1-409e-9f38-fe1e74ba27b5@group-51A860066D86-LeaderElection21] INFO  server.RaftServerConfigKeys (ConfUtils.java:logGet(43)) - raft.server.rpc.sleep.time = 25ms (default)
2019-09-30 20:45:12,957 [34995412-33a1-409e-9f38-fe1e74ba27b5@group-51A860066D86-LeaderElection21] INFO  server.RaftServerConfigKeys (ConfUtils.java:logGet(43)) - raft.server.write.element-limit = 4096 (default)
2019-09-30 20:45:12,957 [34995412-33a1-409e-9f38-fe1e74ba27b5@group-51A860066D86-LeaderElection21] INFO  server.RaftServerConfigKeys (ConfUtils.java:logGet(43)) - raft.server.watch.timeout = 10s (default)
2019-09-30 20:45:12,958 [34995412-33a1-409e-9f38-fe1e74ba27b5@group-51A860066D86-LeaderElection21] INFO  server.RaftServerConfigKeys (ConfUtils.java:logGet(43)) - raft.server.watch.timeout.denomination = 1s (default)
2019-09-30 20:45:12,958 [34995412-33a1-409e-9f38-fe1e74ba27b5@group-51A860066D86-LeaderElection21] INFO  server.RaftServerConfigKeys (ConfUtils.java:logGet(43)) - raft.server.watch.element-limit = 65536 (default)
2019-09-30 20:45:12,960 [34995412-33a1-409e-9f38-fe1e74ba27b5@group-51A860066D86-LeaderElection21] INFO  impl.RoleInfo (RoleInfo.java:updateAndGet(143)) - 34995412-33a1-409e-9f38-fe1e74ba27b5: start LeaderState
2019-09-30 20:45:12,961 [34995412-33a1-409e-9f38-fe1e74ba27b5@group-51A860066D86-LeaderElection21] INFO  segmented.SegmentedRaftLogWorker (SegmentedRaftLogWorker.java:startLogSegment(385)) - 34995412-33a1-409e-9f38-fe1e74ba27b5@group-51A860066D86-SegmentedRaftLogWorker: Starting segment from index:0
2019-09-30 20:45:12,961 [34995412-33a1-409e-9f38-fe1e74ba27b5@group-51A860066D86-LeaderElection21] INFO  impl.RaftServerImpl (ServerState.java:setRaftConf(356)) - 34995412-33a1-409e-9f38-fe1e74ba27b5@group-51A860066D86: set configuration 0: [34995412-33a1-409e-9f38-fe1e74ba27b5:192.168.30.59:42883], old=null at 0
2019-09-30 20:45:12,961 [grpc-default-executor-4] INFO  impl.RaftServerImpl (RaftServerImpl.java:setRole(170)) - 5f20aede-face-49ed-b9e8-dbe29547179a@group-329730433CA5: changes role from  FOLLOWER to FOLLOWER at term 1 for recognizeCandidate:566c5d8e-ae1d-43e7-9848-7b393c045f68
2019-09-30 20:45:12,997 [Thread-721] INFO  impl.FollowerState (FollowerState.java:run(108)) - 16a2e74c-6b01-46b8-adac-93835a20fc06@group-A3E31928F0CE-FollowerState: change to CANDIDATE, lastRpcTime:5002ms, electionTimeout:5000ms
2019-09-30 20:45:12,997 [Thread-708] INFO  impl.FollowerState (FollowerState.java:run(108)) - c53950f3-8f19-419a-b5b3-1d18492f57d2@group-EBDCECBE087F-FollowerState: change to CANDIDATE, lastRpcTime:5180ms, electionTimeout:5179ms
2019-09-30 20:45:12,961 [grpc-default-executor-0] INFO  impl.RaftServerImpl (RaftServerImpl.java:setRole(170)) - f4aeb726-a0ad-44bf-820c-a69213549e62@group-329730433CA5: changes role from  FOLLOWER to FOLLOWER at term 1 for recognizeCandidate:566c5d8e-ae1d-43e7-9848-7b393c045f68
2019-09-30 20:45:12,997 [Thread-708] INFO  impl.RoleInfo (RoleInfo.java:shutdownFollowerState(121)) - c53950f3-8f19-419a-b5b3-1d18492f57d2: shutdown FollowerState
2019-09-30 20:45:12,997 [Thread-721] INFO  impl.RoleInfo (RoleInfo.java:shutdownFollowerState(121)) - 16a2e74c-6b01-46b8-adac-93835a20fc06: shutdown FollowerState
2019-09-30 20:45:12,997 [grpc-default-executor-4] INFO  impl.RoleInfo (RoleInfo.java:shutdownFollowerState(121)) - 5f20aede-face-49ed-b9e8-dbe29547179a: shutdown FollowerState
2019-09-30 20:45:12,998 [Thread-721] INFO  impl.RaftServerImpl (RaftServerImpl.java:setRole(170)) - 16a2e74c-6b01-46b8-adac-93835a20fc06@group-A3E31928F0CE: changes role from  FOLLOWER to CANDIDATE at term 0 for changeToCandidate
2019-09-30 20:45:12,998 [Thread-714] INFO  impl.FollowerState (FollowerState.java:run(117)) - 5f20aede-face-49ed-b9e8-dbe29547179a@group-329730433CA5-FollowerState was interrupted: java.lang.InterruptedException: sleep interrupted
2019-09-30 20:45:12,998 [Thread-708] INFO  impl.RaftServerImpl (RaftServerImpl.java:setRole(170)) - c53950f3-8f19-419a-b5b3-1d18492f57d2@group-EBDCECBE087F: changes role from  FOLLOWER to CANDIDATE at term 0 for changeToCandidate
2019-09-30 20:45:12,998 [grpc-default-executor-0] INFO  impl.RoleInfo (RoleInfo.java:shutdownFollowerState(121)) - f4aeb726-a0ad-44bf-820c-a69213549e62: shutdown FollowerState
2019-09-30 20:45:13,001 [Thread-708] INFO  impl.RoleInfo (RoleInfo.java:updateAndGet(143)) - c53950f3-8f19-419a-b5b3-1d18492f57d2: start LeaderElection
2019-09-30 20:45:12,998 [Thread-721] INFO  impl.RoleInfo (RoleInfo.java:updateAndGet(143)) - 16a2e74c-6b01-46b8-adac-93835a20fc06: start LeaderElection
2019-09-30 20:45:12,998 [grpc-default-executor-4] INFO  impl.RoleInfo (RoleInfo.java:updateAndGet(143)) - 5f20aede-face-49ed-b9e8-dbe29547179a: start FollowerState
2019-09-30 20:45:13,002 [grpc-default-executor-0] INFO  impl.RoleInfo (RoleInfo.java:updateAndGet(143)) - f4aeb726-a0ad-44bf-820c-a69213549e62: start FollowerState
2019-09-30 20:45:13,024 [34995412-33a1-409e-9f38-fe1e74ba27b5@group-51A860066D86-SegmentedRaftLogWorker] INFO  segmented.SegmentedRaftLogWorker (SegmentedRaftLogWorker.java:execute(574)) - 34995412-33a1-409e-9f38-fe1e74ba27b5@group-51A860066D86-SegmentedRaftLogWorker: created new log segment /workdir/hadoop-ozone/integration-test/target/test-dir/MiniOzoneClusterImpl-52fa08f5-cb3a-4744-95c3-64f108980532/datanode-4/data/ratis/43ef9ef7-37f0-4827-89be-51a860066d86/current/log_inprogress_0
2019-09-30 20:45:13,041 [c53950f3-8f19-419a-b5b3-1d18492f57d2@group-EBDCECBE087F-LeaderElection23] INFO  impl.LeaderElection (LeaderElection.java:askForVotes(178)) - c53950f3-8f19-419a-b5b3-1d18492f57d2@group-EBDCECBE087F-LeaderElection23: begin an election at term 1 for -1: [c53950f3-8f19-419a-b5b3-1d18492f57d2:192.168.30.59:40277], old=null
2019-09-30 20:45:13,041 [16a2e74c-6b01-46b8-adac-93835a20fc06@group-A3E31928F0CE-LeaderElection22] INFO  impl.LeaderElection (LeaderElection.java:askForVotes(178)) - 16a2e74c-6b01-46b8-adac-93835a20fc06@group-A3E31928F0CE-LeaderElection22: begin an election at term 1 for -1: [d29d20d9-3549-4dc9-aced-052d1fd0fa3f:192.168.30.59:37644, 34995412-33a1-409e-9f38-fe1e74ba27b5:192.168.30.59:42883, 16a2e74c-6b01-46b8-adac-93835a20fc06:192.168.30.59:32782], old=null
2019-09-30 20:45:13,044 [c53950f3-8f19-419a-b5b3-1d18492f57d2@group-EBDCECBE087F-LeaderElection23] INFO  impl.RoleInfo (RoleInfo.java:shutdownLeaderElection(134)) - c53950f3-8f19-419a-b5b3-1d18492f57d2: shutdown LeaderElection
2019-09-30 20:45:13,045 [c53950f3-8f19-419a-b5b3-1d18492f57d2@group-EBDCECBE087F-LeaderElection23] INFO  impl.RaftServerImpl (RaftServerImpl.java:setRole(170)) - c53950f3-8f19-419a-b5b3-1d18492f57d2@group-EBDCECBE087F: changes role from CANDIDATE to LEADER at term 1 for changeToLeader
2019-09-30 20:45:13,045 [c53950f3-8f19-419a-b5b3-1d18492f57d2@group-EBDCECBE087F-LeaderElection23] INFO  impl.RaftServerImpl (ServerState.java:setLeader(255)) - c53950f3-8f19-419a-b5b3-1d18492f57d2@group-EBDCECBE087F: change Leader from null to c53950f3-8f19-419a-b5b3-1d18492f57d2 at term 1 for becomeLeader, leader elected after 5234ms
2019-09-30 20:45:13,059 [c53950f3-8f19-419a-b5b3-1d18492f57d2@group-EBDCECBE087F-LeaderElection23] INFO  server.RaftServerConfigKeys (ConfUtils.java:logGet(43)) - raft.server.staging.catchup.gap = 1000 (default)
2019-09-30 20:45:13,059 [c53950f3-8f19-419a-b5b3-1d18492f57d2@group-EBDCECBE087F-LeaderElection23] INFO  server.RaftServerConfigKeys (ConfUtils.java:logGet(43)) - raft.server.rpc.sleep.time = 25ms (default)
2019-09-30 20:45:13,060 [566c5d8e-ae1d-43e7-9848-7b393c045f68@group-329730433CA5-LeaderElection20] INFO  impl.LeaderElection (LeaderElection.java:logAndReturn(56)) - 566c5d8e-ae1d-43e7-9848-7b393c045f68@group-329730433CA5-LeaderElection20: Election PASSED; received 1 response(s) [566c5d8e-ae1d-43e7-9848-7b393c045f68<-f4aeb726-a0ad-44bf-820c-a69213549e62#0:OK-t1] and 0 exception(s); 566c5d8e-ae1d-43e7-9848-7b393c045f68@group-329730433CA5:t1, leader=null, voted=566c5d8e-ae1d-43e7-9848-7b393c045f68, raftlog=566c5d8e-ae1d-43e7-9848-7b393c045f68@group-329730433CA5-SegmentedRaftLog:OPENED:c-1,f-1,i0, conf=-1: [f4aeb726-a0ad-44bf-820c-a69213549e62:192.168.30.59:44327, 5f20aede-face-49ed-b9e8-dbe29547179a:192.168.30.59:34973, 566c5d8e-ae1d-43e7-9848-7b393c045f68:192.168.30.59:41560], old=null
2019-09-30 20:45:13,060 [c53950f3-8f19-419a-b5b3-1d18492f57d2@group-EBDCECBE087F-LeaderElection23] INFO  server.RaftServerConfigKeys (ConfUtils.java:logGet(43)) - raft.server.write.element-limit = 4096 (default)
2019-09-30 20:45:13,060 [566c5d8e-ae1d-43e7-9848-7b393c045f68@group-329730433CA5-LeaderElection20] INFO  impl.RoleInfo (RoleInfo.java:shutdownLeaderElection(134)) - 566c5d8e-ae1d-43e7-9848-7b393c045f68: shutdown LeaderElection
2019-09-30 20:45:13,060 [c53950f3-8f19-419a-b5b3-1d18492f57d2@group-EBDCECBE087F-LeaderElection23] INFO  server.RaftServerConfigKeys (ConfUtils.java:logGet(43)) - raft.server.watch.timeout = 10s (default)
2019-09-30 20:45:13,063 [566c5d8e-ae1d-43e7-9848-7b393c045f68@group-329730433CA5-LeaderElection20] INFO  impl.RaftServerImpl (RaftServerImpl.java:setRole(170)) - 566c5d8e-ae1d-43e7-9848-7b393c045f68@group-329730433CA5: changes role from CANDIDATE to LEADER at term 1 for changeToLeader
2019-09-30 20:45:13,064 [c53950f3-8f19-419a-b5b3-1d18492f57d2@group-EBDCECBE087F-LeaderElection23] INFO  server.RaftServerConfigKeys (ConfUtils.java:logGet(43)) - raft.server.watch.timeout.denomination = 1s (default)
2019-09-30 20:45:13,064 [566c5d8e-ae1d-43e7-9848-7b393c045f68@group-329730433CA5-LeaderElection20] INFO  impl.RaftServerImpl (ServerState.java:setLeader(255)) - 566c5d8e-ae1d-43e7-9848-7b393c045f68@group-329730433CA5: change Leader from null to 566c5d8e-ae1d-43e7-9848-7b393c045f68 at term 1 for becomeLeader, leader elected after 5171ms
2019-09-30 20:45:13,064 [c53950f3-8f19-419a-b5b3-1d18492f57d2@group-EBDCECBE087F-LeaderElection23] INFO  server.RaftServerConfigKeys (ConfUtils.java:logGet(43)) - raft.server.watch.element-limit = 65536 (default)
2019-09-30 20:45:13,064 [566c5d8e-ae1d-43e7-9848-7b393c045f68@group-329730433CA5-LeaderElection20] INFO  server.RaftServerConfigKeys (ConfUtils.java:logGet(43)) - raft.server.staging.catchup.gap = 1000 (default)
2019-09-30 20:45:13,067 [566c5d8e-ae1d-43e7-9848-7b393c045f68@group-329730433CA5-LeaderElection20] INFO  server.RaftServerConfigKeys (ConfUtils.java:logGet(43)) - raft.server.rpc.sleep.time = 25ms (default)
2019-09-30 20:45:13,067 [566c5d8e-ae1d-43e7-9848-7b393c045f68@group-329730433CA5-LeaderElection20] INFO  server.RaftServerConfigKeys (ConfUtils.java:logGet(43)) - raft.server.write.element-limit = 4096 (default)
2019-09-30 20:45:13,067 [566c5d8e-ae1d-43e7-9848-7b393c045f68@group-329730433CA5-LeaderElection20] INFO  server.RaftServerConfigKeys (ConfUtils.java:logGet(43)) - raft.server.watch.timeout = 10s (default)
2019-09-30 20:45:13,067 [566c5d8e-ae1d-43e7-9848-7b393c045f68@group-329730433CA5-LeaderElection20] INFO  server.RaftServerConfigKeys (ConfUtils.java:logGet(43)) - raft.server.watch.timeout.denomination = 1s (default)
2019-09-30 20:45:13,067 [566c5d8e-ae1d-43e7-9848-7b393c045f68@group-329730433CA5-LeaderElection20] INFO  server.RaftServerConfigKeys (ConfUtils.java:logGet(43)) - raft.server.watch.element-limit = 65536 (default)
2019-09-30 20:45:13,069 [grpc-default-executor-0] INFO  impl.RaftServerImpl (RaftServerImpl.java:setRole(170)) - 34995412-33a1-409e-9f38-fe1e74ba27b5@group-A3E31928F0CE: changes role from  FOLLOWER to FOLLOWER at term 1 for recognizeCandidate:16a2e74c-6b01-46b8-adac-93835a20fc06
2019-09-30 20:45:13,070 [grpc-default-executor-0] INFO  impl.RoleInfo (RoleInfo.java:shutdownFollowerState(121)) - 34995412-33a1-409e-9f38-fe1e74ba27b5: shutdown FollowerState
2019-09-30 20:45:13,070 [grpc-default-executor-0] INFO  impl.RoleInfo (RoleInfo.java:updateAndGet(143)) - 34995412-33a1-409e-9f38-fe1e74ba27b5: start FollowerState
2019-09-30 20:45:13,070 [Thread-723] INFO  impl.FollowerState (FollowerState.java:run(117)) - 34995412-33a1-409e-9f38-fe1e74ba27b5@group-A3E31928F0CE-FollowerState was interrupted: java.lang.InterruptedException: sleep interrupted
2019-09-30 20:45:13,073 [grpc-default-executor-4] INFO  impl.RaftServerImpl (RaftServerImpl.java:setRole(170)) - d29d20d9-3549-4dc9-aced-052d1fd0fa3f@group-A3E31928F0CE: changes role from  FOLLOWER to FOLLOWER at term 1 for recognizeCandidate:16a2e74c-6b01-46b8-adac-93835a20fc06
2019-09-30 20:45:13,073 [grpc-default-executor-4] INFO  impl.RoleInfo (RoleInfo.java:shutdownFollowerState(121)) - d29d20d9-3549-4dc9-aced-052d1fd0fa3f: shutdown FollowerState
2019-09-30 20:45:13,073 [grpc-default-executor-4] INFO  impl.RoleInfo (RoleInfo.java:updateAndGet(143)) - d29d20d9-3549-4dc9-aced-052d1fd0fa3f: start FollowerState
2019-09-30 20:45:13,073 [Thread-725] INFO  impl.FollowerState (FollowerState.java:run(117)) - d29d20d9-3549-4dc9-aced-052d1fd0fa3f@group-A3E31928F0CE-FollowerState was interrupted: java.lang.InterruptedException: sleep interrupted
2019-09-30 20:45:13,076 [566c5d8e-ae1d-43e7-9848-7b393c045f68@group-329730433CA5-LeaderElection20] INFO  server.RaftServerConfigKeys (ConfUtils.java:logGet(43)) - raft.server.log.appender.snapshot.chunk.size.max = 16MB (=16777216) (default)
2019-09-30 20:45:13,076 [c53950f3-8f19-419a-b5b3-1d18492f57d2@group-EBDCECBE087F-LeaderElection23] INFO  impl.RoleInfo (RoleInfo.java:updateAndGet(143)) - c53950f3-8f19-419a-b5b3-1d18492f57d2: start LeaderState
2019-09-30 20:45:13,076 [566c5d8e-ae1d-43e7-9848-7b393c045f68@group-329730433CA5-LeaderElection20] INFO  server.RaftServerConfigKeys (ConfUtils.java:logGet(43)) - raft.server.log.appender.buffer.byte-limit = 33554432 (custom)
2019-09-30 20:45:13,076 [566c5d8e-ae1d-43e7-9848-7b393c045f68@group-329730433CA5-LeaderElection20] INFO  server.RaftServerConfigKeys (ConfUtils.java:logGet(43)) - raft.server.log.appender.buffer.element-limit = 1 (custom)
2019-09-30 20:45:13,077 [c53950f3-8f19-419a-b5b3-1d18492f57d2@group-EBDCECBE087F-LeaderElection23] INFO  segmented.SegmentedRaftLogWorker (SegmentedRaftLogWorker.java:startLogSegment(385)) - c53950f3-8f19-419a-b5b3-1d18492f57d2@group-EBDCECBE087F-SegmentedRaftLogWorker: Starting segment from index:0
2019-09-30 20:45:13,077 [566c5d8e-ae1d-43e7-9848-7b393c045f68@group-329730433CA5-LeaderElection20] INFO  grpc.GrpcConfigKeys$Server (ConfUtils.java:logGet(43)) - raft.grpc.server.leader.outstanding.appends.max = 128 (default)
2019-09-30 20:45:13,077 [566c5d8e-ae1d-43e7-9848-7b393c045f68@group-329730433CA5-LeaderElection20] INFO  server.RaftServerConfigKeys (ConfUtils.java:logGet(43)) - raft.server.rpc.request.timeout = 3000ms (default)
2019-09-30 20:45:13,077 [566c5d8e-ae1d-43e7-9848-7b393c045f68@group-329730433CA5-LeaderElection20] INFO  server.RaftServerConfigKeys (ConfUtils.java:logGet(43)) - raft.server.log.appender.install.snapshot.enabled = false (custom)
2019-09-30 20:45:13,077 [c53950f3-8f19-419a-b5b3-1d18492f57d2@group-EBDCECBE087F-LeaderElection23] INFO  impl.RaftServerImpl (ServerState.java:setRaftConf(356)) - c53950f3-8f19-419a-b5b3-1d18492f57d2@group-EBDCECBE087F: set configuration 0: [c53950f3-8f19-419a-b5b3-1d18492f57d2:192.168.30.59:40277], old=null at 0
2019-09-30 20:45:13,078 [566c5d8e-ae1d-43e7-9848-7b393c045f68@group-329730433CA5-LeaderElection20] INFO  server.RaftServerConfigKeys (ConfUtils.java:logGet(43)) - raft.server.log.appender.snapshot.chunk.size.max = 16MB (=16777216) (default)
2019-09-30 20:45:13,106 [566c5d8e-ae1d-43e7-9848-7b393c045f68@group-329730433CA5-LeaderElection20] INFO  server.RaftServerConfigKeys (ConfUtils.java:logGet(43)) - raft.server.log.appender.buffer.byte-limit = 33554432 (custom)
2019-09-30 20:45:13,106 [566c5d8e-ae1d-43e7-9848-7b393c045f68@group-329730433CA5-LeaderElection20] INFO  server.RaftServerConfigKeys (ConfUtils.java:logGet(43)) - raft.server.log.appender.buffer.element-limit = 1 (custom)
2019-09-30 20:45:13,107 [566c5d8e-ae1d-43e7-9848-7b393c045f68@group-329730433CA5-LeaderElection20] INFO  grpc.GrpcConfigKeys$Server (ConfUtils.java:logGet(43)) - raft.grpc.server.leader.outstanding.appends.max = 128 (default)
2019-09-30 20:45:13,107 [566c5d8e-ae1d-43e7-9848-7b393c045f68@group-329730433CA5-LeaderElection20] INFO  server.RaftServerConfigKeys (ConfUtils.java:logGet(43)) - raft.server.rpc.request.timeout = 3000ms (default)
2019-09-30 20:45:13,107 [566c5d8e-ae1d-43e7-9848-7b393c045f68@group-329730433CA5-LeaderElection20] INFO  server.RaftServerConfigKeys (ConfUtils.java:logGet(43)) - raft.server.log.appender.install.snapshot.enabled = false (custom)
2019-09-30 20:45:13,107 [16a2e74c-6b01-46b8-adac-93835a20fc06@group-A3E31928F0CE-LeaderElection22] INFO  impl.LeaderElection (LeaderElection.java:logAndReturn(56)) - 16a2e74c-6b01-46b8-adac-93835a20fc06@group-A3E31928F0CE-LeaderElection22: Election PASSED; received 1 response(s) [16a2e74c-6b01-46b8-adac-93835a20fc06<-d29d20d9-3549-4dc9-aced-052d1fd0fa3f#0:OK-t1] and 0 exception(s); 16a2e74c-6b01-46b8-adac-93835a20fc06@group-A3E31928F0CE:t1, leader=null, voted=16a2e74c-6b01-46b8-adac-93835a20fc06, raftlog=16a2e74c-6b01-46b8-adac-93835a20fc06@group-A3E31928F0CE-SegmentedRaftLog:OPENED:c-1,f-1,i0, conf=-1: [d29d20d9-3549-4dc9-aced-052d1fd0fa3f:192.168.30.59:37644, 34995412-33a1-409e-9f38-fe1e74ba27b5:192.168.30.59:42883, 16a2e74c-6b01-46b8-adac-93835a20fc06:192.168.30.59:32782], old=null
2019-09-30 20:45:13,108 [566c5d8e-ae1d-43e7-9848-7b393c045f68@group-329730433CA5-LeaderElection20] INFO  impl.RoleInfo (RoleInfo.java:updateAndGet(143)) - 566c5d8e-ae1d-43e7-9848-7b393c045f68: start LeaderState
2019-09-30 20:45:13,108 [16a2e74c-6b01-46b8-adac-93835a20fc06@group-A3E31928F0CE-LeaderElection22] INFO  impl.RoleInfo (RoleInfo.java:shutdownLeaderElection(134)) - 16a2e74c-6b01-46b8-adac-93835a20fc06: shutdown LeaderElection
2019-09-30 20:45:13,119 [566c5d8e-ae1d-43e7-9848-7b393c045f68@group-329730433CA5-LeaderElection20] INFO  segmented.SegmentedRaftLogWorker (SegmentedRaftLogWorker.java:startLogSegment(385)) - 566c5d8e-ae1d-43e7-9848-7b393c045f68@group-329730433CA5-SegmentedRaftLogWorker: Starting segment from index:0
2019-09-30 20:45:13,121 [16a2e74c-6b01-46b8-adac-93835a20fc06@group-A3E31928F0CE-LeaderElection22] INFO  impl.RaftServerImpl (RaftServerImpl.java:setRole(170)) - 16a2e74c-6b01-46b8-adac-93835a20fc06@group-A3E31928F0CE: changes role from CANDIDATE to LEADER at term 1 for changeToLeader
2019-09-30 20:45:13,121 [16a2e74c-6b01-46b8-adac-93835a20fc06@group-A3E31928F0CE-LeaderElection22] INFO  impl.RaftServerImpl (ServerState.java:setLeader(255)) - 16a2e74c-6b01-46b8-adac-93835a20fc06@group-A3E31928F0CE: change Leader from null to 16a2e74c-6b01-46b8-adac-93835a20fc06 at term 1 for becomeLeader, leader elected after 5134ms
2019-09-30 20:45:13,121 [16a2e74c-6b01-46b8-adac-93835a20fc06@group-A3E31928F0CE-LeaderElection22] INFO  server.RaftServerConfigKeys (ConfUtils.java:logGet(43)) - raft.server.staging.catchup.gap = 1000 (default)
2019-09-30 20:45:13,121 [16a2e74c-6b01-46b8-adac-93835a20fc06@group-A3E31928F0CE-LeaderElection22] INFO  server.RaftServerConfigKeys (ConfUtils.java:logGet(43)) - raft.server.rpc.sleep.time = 25ms (default)
2019-09-30 20:45:13,122 [16a2e74c-6b01-46b8-adac-93835a20fc06@group-A3E31928F0CE-LeaderElection22] INFO  server.RaftServerConfigKeys (ConfUtils.java:logGet(43)) - raft.server.write.element-limit = 4096 (default)
2019-09-30 20:45:13,122 [566c5d8e-ae1d-43e7-9848-7b393c045f68@group-329730433CA5-LeaderElection20] INFO  impl.RaftServerImpl (ServerState.java:setRaftConf(356)) - 566c5d8e-ae1d-43e7-9848-7b393c045f68@group-329730433CA5: set configuration 0: [f4aeb726-a0ad-44bf-820c-a69213549e62:192.168.30.59:44327, 5f20aede-face-49ed-b9e8-dbe29547179a:192.168.30.59:34973, 566c5d8e-ae1d-43e7-9848-7b393c045f68:192.168.30.59:41560], old=null at 0
2019-09-30 20:45:13,122 [16a2e74c-6b01-46b8-adac-93835a20fc06@group-A3E31928F0CE-LeaderElection22] INFO  server.RaftServerConfigKeys (ConfUtils.java:logGet(43)) - raft.server.watch.timeout = 10s (default)
2019-09-30 20:45:13,122 [16a2e74c-6b01-46b8-adac-93835a20fc06@group-A3E31928F0CE-LeaderElection22] INFO  server.RaftServerConfigKeys (ConfUtils.java:logGet(43)) - raft.server.watch.timeout.denomination = 1s (default)
2019-09-30 20:45:13,122 [16a2e74c-6b01-46b8-adac-93835a20fc06@group-A3E31928F0CE-LeaderElection22] INFO  server.RaftServerConfigKeys (ConfUtils.java:logGet(43)) - raft.server.watch.element-limit = 65536 (default)
2019-09-30 20:45:13,124 [grpc-default-executor-4] INFO  impl.RaftServerImpl (ServerState.java:setLeader(255)) - 5f20aede-face-49ed-b9e8-dbe29547179a@group-329730433CA5: change Leader from null to 566c5d8e-ae1d-43e7-9848-7b393c045f68 at term 1 for appendEntries, leader elected after 5232ms
2019-09-30 20:45:13,125 [grpc-default-executor-4] INFO  impl.RaftServerImpl (ServerState.java:setLeader(255)) - f4aeb726-a0ad-44bf-820c-a69213549e62@group-329730433CA5: change Leader from null to 566c5d8e-ae1d-43e7-9848-7b393c045f68 at term 1 for appendEntries, leader elected after 5233ms
2019-09-30 20:45:13,127 [16a2e74c-6b01-46b8-adac-93835a20fc06@group-A3E31928F0CE-LeaderElection22] INFO  server.RaftServerConfigKeys (ConfUtils.java:logGet(43)) - raft.server.log.appender.snapshot.chunk.size.max = 16MB (=16777216) (default)
2019-09-30 20:45:13,127 [16a2e74c-6b01-46b8-adac-93835a20fc06@group-A3E31928F0CE-LeaderElection22] INFO  server.RaftServerConfigKeys (ConfUtils.java:logGet(43)) - raft.server.log.appender.buffer.byte-limit = 33554432 (custom)
2019-09-30 20:45:13,128 [16a2e74c-6b01-46b8-adac-93835a20fc06@group-A3E31928F0CE-LeaderElection22] INFO  server.RaftServerConfigKeys (ConfUtils.java:logGet(43)) - raft.server.log.appender.buffer.element-limit = 1 (custom)
2019-09-30 20:45:13,128 [16a2e74c-6b01-46b8-adac-93835a20fc06@group-A3E31928F0CE-LeaderElection22] INFO  grpc.GrpcConfigKeys$Server (ConfUtils.java:logGet(43)) - raft.grpc.server.leader.outstanding.appends.max = 128 (default)
2019-09-30 20:45:13,128 [16a2e74c-6b01-46b8-adac-93835a20fc06@group-A3E31928F0CE-LeaderElection22] INFO  server.RaftServerConfigKeys (ConfUtils.java:logGet(43)) - raft.server.rpc.request.timeout = 3000ms (default)
2019-09-30 20:45:13,128 [16a2e74c-6b01-46b8-adac-93835a20fc06@group-A3E31928F0CE-LeaderElection22] INFO  server.RaftServerConfigKeys (ConfUtils.java:logGet(43)) - raft.server.log.appender.install.snapshot.enabled = false (custom)
2019-09-30 20:45:13,129 [16a2e74c-6b01-46b8-adac-93835a20fc06@group-A3E31928F0CE-LeaderElection22] INFO  server.RaftServerConfigKeys (ConfUtils.java:logGet(43)) - raft.server.log.appender.snapshot.chunk.size.max = 16MB (=16777216) (default)
2019-09-30 20:45:13,129 [16a2e74c-6b01-46b8-adac-93835a20fc06@group-A3E31928F0CE-LeaderElection22] INFO  server.RaftServerConfigKeys (ConfUtils.java:logGet(43)) - raft.server.log.appender.buffer.byte-limit = 33554432 (custom)
2019-09-30 20:45:13,129 [16a2e74c-6b01-46b8-adac-93835a20fc06@group-A3E31928F0CE-LeaderElection22] INFO  server.RaftServerConfigKeys (ConfUtils.java:logGet(43)) - raft.server.log.appender.buffer.element-limit = 1 (custom)
2019-09-30 20:45:13,129 [16a2e74c-6b01-46b8-adac-93835a20fc06@group-A3E31928F0CE-LeaderElection22] INFO  grpc.GrpcConfigKeys$Server (ConfUtils.java:logGet(43)) - raft.grpc.server.leader.outstanding.appends.max = 128 (default)
2019-09-30 20:45:13,129 [grpc-default-executor-4] INFO  impl.RaftServerImpl (ServerState.java:setRaftConf(356)) - f4aeb726-a0ad-44bf-820c-a69213549e62@group-329730433CA5: set configuration 0: [f4aeb726-a0ad-44bf-820c-a69213549e62:192.168.30.59:44327, 5f20aede-face-49ed-b9e8-dbe29547179a:192.168.30.59:34973, 566c5d8e-ae1d-43e7-9848-7b393c045f68:192.168.30.59:41560], old=null at 0
2019-09-30 20:45:13,129 [grpc-default-executor-0] INFO  impl.RaftServerImpl (ServerState.java:setRaftConf(356)) - 5f20aede-face-49ed-b9e8-dbe29547179a@group-329730433CA5: set configuration 0: [f4aeb726-a0ad-44bf-820c-a69213549e62:192.168.30.59:44327, 5f20aede-face-49ed-b9e8-dbe29547179a:192.168.30.59:34973, 566c5d8e-ae1d-43e7-9848-7b393c045f68:192.168.30.59:41560], old=null at 0
2019-09-30 20:45:13,130 [grpc-default-executor-4] INFO  segmented.SegmentedRaftLogWorker (SegmentedRaftLogWorker.java:startLogSegment(385)) - f4aeb726-a0ad-44bf-820c-a69213549e62@group-329730433CA5-SegmentedRaftLogWorker: Starting segment from index:0
2019-09-30 20:45:13,129 [16a2e74c-6b01-46b8-adac-93835a20fc06@group-A3E31928F0CE-LeaderElection22] INFO  server.RaftServerConfigKeys (ConfUtils.java:logGet(43)) - raft.server.rpc.request.timeout = 3000ms (default)
2019-09-30 20:45:13,130 [grpc-default-executor-0] INFO  segmented.SegmentedRaftLogWorker (SegmentedRaftLogWorker.java:startLogSegment(385)) - 5f20aede-face-49ed-b9e8-dbe29547179a@group-329730433CA5-SegmentedRaftLogWorker: Starting segment from index:0
2019-09-30 20:45:13,130 [16a2e74c-6b01-46b8-adac-93835a20fc06@group-A3E31928F0CE-LeaderElection22] INFO  server.RaftServerConfigKeys (ConfUtils.java:logGet(43)) - raft.server.log.appender.install.snapshot.enabled = false (custom)
2019-09-30 20:45:13,131 [16a2e74c-6b01-46b8-adac-93835a20fc06@group-A3E31928F0CE-LeaderElection22] INFO  impl.RoleInfo (RoleInfo.java:updateAndGet(143)) - 16a2e74c-6b01-46b8-adac-93835a20fc06: start LeaderState
2019-09-30 20:45:13,131 [16a2e74c-6b01-46b8-adac-93835a20fc06@group-A3E31928F0CE-LeaderElection22] INFO  segmented.SegmentedRaftLogWorker (SegmentedRaftLogWorker.java:startLogSegment(385)) - 16a2e74c-6b01-46b8-adac-93835a20fc06@group-A3E31928F0CE-SegmentedRaftLogWorker: Starting segment from index:0
2019-09-30 20:45:13,132 [16a2e74c-6b01-46b8-adac-93835a20fc06@group-A3E31928F0CE-LeaderElection22] INFO  impl.RaftServerImpl (ServerState.java:setRaftConf(356)) - 16a2e74c-6b01-46b8-adac-93835a20fc06@group-A3E31928F0CE: set configuration 0: [d29d20d9-3549-4dc9-aced-052d1fd0fa3f:192.168.30.59:37644, 34995412-33a1-409e-9f38-fe1e74ba27b5:192.168.30.59:42883, 16a2e74c-6b01-46b8-adac-93835a20fc06:192.168.30.59:32782], old=null at 0
2019-09-30 20:45:13,164 [c53950f3-8f19-419a-b5b3-1d18492f57d2@group-EBDCECBE087F-SegmentedRaftLogWorker] INFO  segmented.SegmentedRaftLogWorker (SegmentedRaftLogWorker.java:execute(574)) - c53950f3-8f19-419a-b5b3-1d18492f57d2@group-EBDCECBE087F-SegmentedRaftLogWorker: created new log segment /workdir/hadoop-ozone/integration-test/target/test-dir/MiniOzoneClusterImpl-52fa08f5-cb3a-4744-95c3-64f108980532/datanode-6/data/ratis/0737401e-127a-44fd-91d0-ebdcecbe087f/current/log_inprogress_0
2019-09-30 20:45:13,172 [grpc-default-executor-0] INFO  impl.RaftServerImpl (ServerState.java:setLeader(255)) - d29d20d9-3549-4dc9-aced-052d1fd0fa3f@group-A3E31928F0CE: change Leader from null to 16a2e74c-6b01-46b8-adac-93835a20fc06 at term 1 for appendEntries, leader elected after 5183ms
2019-09-30 20:45:13,176 [grpc-default-executor-4] INFO  impl.RaftServerImpl (ServerState.java:setLeader(255)) - 34995412-33a1-409e-9f38-fe1e74ba27b5@group-A3E31928F0CE: change Leader from null to 16a2e74c-6b01-46b8-adac-93835a20fc06 at term 1 for appendEntries, leader elected after 5187ms
2019-09-30 20:45:13,179 [grpc-default-executor-4] INFO  impl.RaftServerImpl (ServerState.java:setRaftConf(356)) - 34995412-33a1-409e-9f38-fe1e74ba27b5@group-A3E31928F0CE: set configuration 0: [d29d20d9-3549-4dc9-aced-052d1fd0fa3f:192.168.30.59:37644, 34995412-33a1-409e-9f38-fe1e74ba27b5:192.168.30.59:42883, 16a2e74c-6b01-46b8-adac-93835a20fc06:192.168.30.59:32782], old=null at 0
2019-09-30 20:45:13,179 [grpc-default-executor-4] INFO  segmented.SegmentedRaftLogWorker (SegmentedRaftLogWorker.java:startLogSegment(385)) - 34995412-33a1-409e-9f38-fe1e74ba27b5@group-A3E31928F0CE-SegmentedRaftLogWorker: Starting segment from index:0
2019-09-30 20:45:13,179 [grpc-default-executor-0] INFO  impl.RaftServerImpl (ServerState.java:setRaftConf(356)) - d29d20d9-3549-4dc9-aced-052d1fd0fa3f@group-A3E31928F0CE: set configuration 0: [d29d20d9-3549-4dc9-aced-052d1fd0fa3f:192.168.30.59:37644, 34995412-33a1-409e-9f38-fe1e74ba27b5:192.168.30.59:42883, 16a2e74c-6b01-46b8-adac-93835a20fc06:192.168.30.59:32782], old=null at 0
2019-09-30 20:45:13,180 [grpc-default-executor-0] INFO  segmented.SegmentedRaftLogWorker (SegmentedRaftLogWorker.java:startLogSegment(385)) - d29d20d9-3549-4dc9-aced-052d1fd0fa3f@group-A3E31928F0CE-SegmentedRaftLogWorker: Starting segment from index:0
2019-09-30 20:45:13,192 [5f20aede-face-49ed-b9e8-dbe29547179a@group-329730433CA5-SegmentedRaftLogWorker] INFO  segmented.SegmentedRaftLogWorker (SegmentedRaftLogWorker.java:execute(574)) - 5f20aede-face-49ed-b9e8-dbe29547179a@group-329730433CA5-SegmentedRaftLogWorker: created new log segment /workdir/hadoop-ozone/integration-test/target/test-dir/MiniOzoneClusterImpl-52fa08f5-cb3a-4744-95c3-64f108980532/datanode-5/data/ratis/bcffa281-db1d-4116-9b5e-329730433ca5/current/log_inprogress_0
2019-09-30 20:45:13,192 [16a2e74c-6b01-46b8-adac-93835a20fc06@group-A3E31928F0CE-SegmentedRaftLogWorker] INFO  segmented.SegmentedRaftLogWorker (SegmentedRaftLogWorker.java:execute(574)) - 16a2e74c-6b01-46b8-adac-93835a20fc06@group-A3E31928F0CE-SegmentedRaftLogWorker: created new log segment /workdir/hadoop-ozone/integration-test/target/test-dir/MiniOzoneClusterImpl-52fa08f5-cb3a-4744-95c3-64f108980532/datanode-2/data/ratis/8c7560d0-f90c-4e8e-996f-a3e31928f0ce/current/log_inprogress_0
2019-09-30 20:45:13,192 [566c5d8e-ae1d-43e7-9848-7b393c045f68@group-329730433CA5-SegmentedRaftLogWorker] INFO  segmented.SegmentedRaftLogWorker (SegmentedRaftLogWorker.java:execute(574)) - 566c5d8e-ae1d-43e7-9848-7b393c045f68@group-329730433CA5-SegmentedRaftLogWorker: created new log segment /workdir/hadoop-ozone/integration-test/target/test-dir/MiniOzoneClusterImpl-52fa08f5-cb3a-4744-95c3-64f108980532/datanode-3/data/ratis/bcffa281-db1d-4116-9b5e-329730433ca5/current/log_inprogress_0
2019-09-30 20:45:13,192 [f4aeb726-a0ad-44bf-820c-a69213549e62@group-329730433CA5-SegmentedRaftLogWorker] INFO  segmented.SegmentedRaftLogWorker (SegmentedRaftLogWorker.java:execute(574)) - f4aeb726-a0ad-44bf-820c-a69213549e62@group-329730433CA5-SegmentedRaftLogWorker: created new log segment /workdir/hadoop-ozone/integration-test/target/test-dir/MiniOzoneClusterImpl-52fa08f5-cb3a-4744-95c3-64f108980532/datanode-0/data/ratis/bcffa281-db1d-4116-9b5e-329730433ca5/current/log_inprogress_0
2019-09-30 20:45:13,243 [34995412-33a1-409e-9f38-fe1e74ba27b5@group-A3E31928F0CE-SegmentedRaftLogWorker] INFO  segmented.SegmentedRaftLogWorker (SegmentedRaftLogWorker.java:execute(574)) - 34995412-33a1-409e-9f38-fe1e74ba27b5@group-A3E31928F0CE-SegmentedRaftLogWorker: created new log segment /workdir/hadoop-ozone/integration-test/target/test-dir/MiniOzoneClusterImpl-52fa08f5-cb3a-4744-95c3-64f108980532/datanode-4/data/ratis/8c7560d0-f90c-4e8e-996f-a3e31928f0ce/current/log_inprogress_0
2019-09-30 20:45:13,260 [d29d20d9-3549-4dc9-aced-052d1fd0fa3f@group-A3E31928F0CE-SegmentedRaftLogWorker] INFO  segmented.SegmentedRaftLogWorker (SegmentedRaftLogWorker.java:execute(574)) - d29d20d9-3549-4dc9-aced-052d1fd0fa3f@group-A3E31928F0CE-SegmentedRaftLogWorker: created new log segment /workdir/hadoop-ozone/integration-test/target/test-dir/MiniOzoneClusterImpl-52fa08f5-cb3a-4744-95c3-64f108980532/datanode-1/data/ratis/8c7560d0-f90c-4e8e-996f-a3e31928f0ce/current/log_inprogress_0
2019-09-30 20:45:13,893 [RatisApplyTransactionExecutor 1] ERROR ratis.ContainerStateMachine (ContainerStateMachine.java:lambda$applyTransaction$6(721)) - gid group-329730433CA5 : ApplyTransaction failed. cmd CreateContainer logIndex 7 exception {}
java.lang.IllegalArgumentException
	at com.google.common.base.Preconditions.checkArgument(Preconditions.java:72)
	at org.apache.hadoop.ozone.container.keyvalue.KeyValueHandler.handleCreateContainer(KeyValueHandler.java:215)
	at org.apache.hadoop.ozone.container.keyvalue.KeyValueHandler.handle(KeyValueHandler.java:152)
	at org.apache.hadoop.ozone.container.common.impl.HddsDispatcher.dispatchRequest(HddsDispatcher.java:275)
	at org.apache.hadoop.ozone.container.common.impl.HddsDispatcher.dispatch(HddsDispatcher.java:150)
	at org.apache.hadoop.ozone.container.common.transport.server.ratis.ContainerStateMachine.dispatchCommand(ContainerStateMachine.java:401)
	at org.apache.hadoop.ozone.container.common.transport.server.ratis.ContainerStateMachine.runCommand(ContainerStateMachine.java:409)
	at org.apache.hadoop.ozone.container.common.transport.server.ratis.ContainerStateMachine.lambda$applyTransaction$6(ContainerStateMachine.java:719)
	at java.util.concurrent.CompletableFuture$AsyncSupply.run(CompletableFuture.java:1590)
	at java.util.concurrent.ThreadPoolExecutor.runWorker(ThreadPoolExecutor.java:1149)
	at java.util.concurrent.ThreadPoolExecutor$Worker.run(ThreadPoolExecutor.java:624)
	at java.lang.Thread.run(Thread.java:748)
2019-09-30 20:45:13,906 [RatisApplyTransactionExecutor 1] ERROR ratis.ContainerStateMachine (ContainerStateMachine.java:lambda$applyTransaction$6(721)) - gid group-329730433CA5 : ApplyTransaction failed. cmd CreateContainer logIndex 7 exception {}
java.lang.IllegalArgumentException
	at com.google.common.base.Preconditions.checkArgument(Preconditions.java:72)
	at org.apache.hadoop.ozone.container.keyvalue.KeyValueHandler.handleCreateContainer(KeyValueHandler.java:215)
	at org.apache.hadoop.ozone.container.keyvalue.KeyValueHandler.handle(KeyValueHandler.java:152)
	at org.apache.hadoop.ozone.container.common.impl.HddsDispatcher.dispatchRequest(HddsDispatcher.java:275)
	at org.apache.hadoop.ozone.container.common.impl.HddsDispatcher.dispatch(HddsDispatcher.java:150)
	at org.apache.hadoop.ozone.container.common.transport.server.ratis.ContainerStateMachine.dispatchCommand(ContainerStateMachine.java:401)
	at org.apache.hadoop.ozone.container.common.transport.server.ratis.ContainerStateMachine.runCommand(ContainerStateMachine.java:409)
	at org.apache.hadoop.ozone.container.common.transport.server.ratis.ContainerStateMachine.lambda$applyTransaction$6(ContainerStateMachine.java:719)
	at java.util.concurrent.CompletableFuture$AsyncSupply.run(CompletableFuture.java:1590)
	at java.util.concurrent.ThreadPoolExecutor.runWorker(ThreadPoolExecutor.java:1149)
	at java.util.concurrent.ThreadPoolExecutor$Worker.run(ThreadPoolExecutor.java:624)
	at java.lang.Thread.run(Thread.java:748)
2019-09-30 20:45:13,906 [RatisApplyTransactionExecutor 1] ERROR ratis.ContainerStateMachine (ContainerStateMachine.java:lambda$applyTransaction$6(721)) - gid group-329730433CA5 : ApplyTransaction failed. cmd CreateContainer logIndex 7 exception {}
java.lang.IllegalArgumentException
	at com.google.common.base.Preconditions.checkArgument(Preconditions.java:72)
	at org.apache.hadoop.ozone.container.keyvalue.KeyValueHandler.handleCreateContainer(KeyValueHandler.java:215)
	at org.apache.hadoop.ozone.container.keyvalue.KeyValueHandler.handle(KeyValueHandler.java:152)
	at org.apache.hadoop.ozone.container.common.impl.HddsDispatcher.dispatchRequest(HddsDispatcher.java:275)
	at org.apache.hadoop.ozone.container.common.impl.HddsDispatcher.dispatch(HddsDispatcher.java:150)
	at org.apache.hadoop.ozone.container.common.transport.server.ratis.ContainerStateMachine.dispatchCommand(ContainerStateMachine.java:401)
	at org.apache.hadoop.ozone.container.common.transport.server.ratis.ContainerStateMachine.runCommand(ContainerStateMachine.java:409)
	at org.apache.hadoop.ozone.container.common.transport.server.ratis.ContainerStateMachine.lambda$applyTransaction$6(ContainerStateMachine.java:719)
	at java.util.concurrent.CompletableFuture$AsyncSupply.run(CompletableFuture.java:1590)
	at java.util.concurrent.ThreadPoolExecutor.runWorker(ThreadPoolExecutor.java:1149)
	at java.util.concurrent.ThreadPoolExecutor$Worker.run(ThreadPoolExecutor.java:624)
	at java.lang.Thread.run(Thread.java:748)
2019-09-30 20:46:45,709 [main] INFO  ozone.MiniOzoneClusterImpl (MiniOzoneClusterImpl.java:shutdown(314)) - Shutting down the Mini Ozone Cluster
2019-09-30 20:46:45,710 [main] INFO  ozone.MiniOzoneClusterImpl (MiniOzoneClusterImpl.java:stop(330)) - Stopping the Mini Ozone Cluster
2019-09-30 20:46:45,710 [main] INFO  ozone.MiniOzoneClusterImpl (MiniOzoneClusterImpl.java:stopOM(400)) - Stopping the OzoneManager
2019-09-30 20:46:45,710 [main] INFO  ipc.Server (Server.java:stop(3082)) - Stopping server on 43470
2019-09-30 20:46:45,723 [IPC Server listener on 43470] INFO  ipc.Server (Server.java:run(1185)) - Stopping IPC Server listener on 43470
2019-09-30 20:46:45,728 [main] INFO  ratis.OzoneManagerDoubleBuffer (OzoneManagerDoubleBuffer.java:stop(248)) - Stopping OMDoubleBuffer flush thread
2019-09-30 20:46:45,731 [IPC Server Responder] INFO  ipc.Server (Server.java:run(1319)) - Stopping IPC Server Responder
2019-09-30 20:46:45,744 [OMDoubleBufferFlushThread] INFO  ratis.OzoneManagerDoubleBuffer (OzoneManagerDoubleBuffer.java:flushTransactions(191)) - OMDoubleBuffer flush thread OMDoubleBufferFlushThread is interrupted and will exit. OMDoubleBufferFlushThread
2019-09-30 20:46:45,745 [main] INFO  utils.BackgroundService (BackgroundService.java:shutdown(148)) - Shutting down service KeyDeletingService
2019-09-30 20:46:45,746 [main] INFO  handler.ContextHandler (ContextHandler.java:doStop(910)) - Stopped o.e.j.w.WebAppContext@36c2d629{/,null,UNAVAILABLE}{/ozoneManager}
2019-09-30 20:46:45,747 [main] INFO  server.AbstractConnector (AbstractConnector.java:doStop(318)) - Stopped ServerConnector@55fee662{HTTP/1.1,[http/1.1]}{0.0.0.0:0}
2019-09-30 20:46:45,747 [main] INFO  handler.ContextHandler (ContextHandler.java:doStop(910)) - Stopped o.e.j.s.ServletContextHandler@76d72b5b{/static,file:///workdir/hadoop-ozone/integration-test/target/test-classes/webapps/static,UNAVAILABLE}
2019-09-30 20:46:45,748 [main] INFO  handler.ContextHandler (ContextHandler.java:doStop(910)) - Stopped o.e.j.s.ServletContextHandler@4ace284d{/logs,file:///workdir/hadoop-ozone/integration-test/target/log,UNAVAILABLE}
2019-09-30 20:46:45,750 [main] INFO  ozone.MiniOzoneClusterImpl (MiniOzoneClusterImpl.java:stopDatanodes(377)) - Stopping the HddsDatanodes
2019-09-30 20:46:46,299 [Datanode State Machine Thread - 0] INFO  statemachine.DatanodeStateMachine (DatanodeStateMachine.java:lambda$startDaemon$0(350)) - Ozone container server started.
2019-09-30 20:46:46,513 [Datanode State Machine Thread - 0] INFO  statemachine.DatanodeStateMachine (DatanodeStateMachine.java:lambda$startDaemon$0(350)) - Ozone container server started.
2019-09-30 20:46:50,752 [ForkJoinPool.commonPool-worker-0] INFO  ozoneimpl.OzoneContainer (OzoneContainer.java:stop(231)) - Attempting to stop container services.
2019-09-30 20:46:50,752 [main] INFO  ozoneimpl.OzoneContainer (OzoneContainer.java:stop(231)) - Attempting to stop container services.
2019-09-30 20:46:50,754 [ForkJoinPool.commonPool-worker-0] INFO  impl.RaftServerProxy (RaftServerProxy.java:lambda$close$4(314)) - d29d20d9-3549-4dc9-aced-052d1fd0fa3f: close
2019-09-30 20:46:50,755 [main] INFO  impl.RaftServerProxy (RaftServerProxy.java:lambda$close$4(314)) - 34995412-33a1-409e-9f38-fe1e74ba27b5: close
2019-09-30 20:46:50,755 [ForkJoinPool.commonPool-worker-0] INFO  impl.RaftServerImpl (RaftServerImpl.java:lambda$shutdown$3(247)) - d29d20d9-3549-4dc9-aced-052d1fd0fa3f@group-4ACD0639A2C9: shutdown
2019-09-30 20:46:50,755 [main] INFO  impl.RaftServerImpl (RaftServerImpl.java:lambda$shutdown$3(247)) - 34995412-33a1-409e-9f38-fe1e74ba27b5@group-51A860066D86: shutdown
2019-09-30 20:46:50,756 [ForkJoinPool.commonPool-worker-0] INFO  util.JmxRegister (JmxRegister.java:unregister(73)) - Successfully un-registered JMX Bean with object name Ratis:service=RaftServer,group=group-4ACD0639A2C9,id=d29d20d9-3549-4dc9-aced-052d1fd0fa3f
2019-09-30 20:46:50,756 [main] INFO  util.JmxRegister (JmxRegister.java:unregister(73)) - Successfully un-registered JMX Bean with object name Ratis:service=RaftServer,group=group-51A860066D86,id=34995412-33a1-409e-9f38-fe1e74ba27b5
2019-09-30 20:46:50,756 [ForkJoinPool.commonPool-worker-0] INFO  impl.RoleInfo (RoleInfo.java:shutdownLeaderState(104)) - d29d20d9-3549-4dc9-aced-052d1fd0fa3f: shutdown LeaderState
2019-09-30 20:46:50,757 [main] INFO  impl.RoleInfo (RoleInfo.java:shutdownLeaderState(104)) - 34995412-33a1-409e-9f38-fe1e74ba27b5: shutdown LeaderState
2019-09-30 20:46:50,757 [ForkJoinPool.commonPool-worker-0] INFO  impl.PendingRequests (PendingRequests.java:sendNotLeaderResponses(202)) - d29d20d9-3549-4dc9-aced-052d1fd0fa3f@group-4ACD0639A2C9-PendingRequests: sendNotLeaderResponses
2019-09-30 20:46:50,758 [main] INFO  impl.PendingRequests (PendingRequests.java:sendNotLeaderResponses(202)) - 34995412-33a1-409e-9f38-fe1e74ba27b5@group-51A860066D86-PendingRequests: sendNotLeaderResponses
2019-09-30 20:46:50,762 [ForkJoinPool.commonPool-worker-0] INFO  impl.StateMachineUpdater (StateMachineUpdater.java:stopAndJoin(136)) - d29d20d9-3549-4dc9-aced-052d1fd0fa3f@group-4ACD0639A2C9-StateMachineUpdater: set stopIndex = 0
2019-09-30 20:46:50,762 [main] INFO  impl.StateMachineUpdater (StateMachineUpdater.java:stopAndJoin(136)) - 34995412-33a1-409e-9f38-fe1e74ba27b5@group-51A860066D86-StateMachineUpdater: set stopIndex = 0
2019-09-30 20:46:50,762 [ForkJoinPool.commonPool-worker-0] INFO  impl.RaftServerImpl (ServerState.java:close(387)) - d29d20d9-3549-4dc9-aced-052d1fd0fa3f@group-4ACD0639A2C9: closes. applyIndex: 0
2019-09-30 20:46:50,763 [main] INFO  impl.RaftServerImpl (ServerState.java:close(387)) - 34995412-33a1-409e-9f38-fe1e74ba27b5@group-51A860066D86: closes. applyIndex: 0
2019-09-30 20:46:50,763 [d29d20d9-3549-4dc9-aced-052d1fd0fa3f@group-4ACD0639A2C9-SegmentedRaftLogWorker] INFO  segmented.SegmentedRaftLogWorker (SegmentedRaftLogWorker.java:run(316)) - d29d20d9-3549-4dc9-aced-052d1fd0fa3f@group-4ACD0639A2C9-SegmentedRaftLogWorker was interrupted, exiting. There are 0 tasks remaining in the queue.
2019-09-30 20:46:50,764 [34995412-33a1-409e-9f38-fe1e74ba27b5@group-51A860066D86-SegmentedRaftLogWorker] INFO  segmented.SegmentedRaftLogWorker (SegmentedRaftLogWorker.java:run(316)) - 34995412-33a1-409e-9f38-fe1e74ba27b5@group-51A860066D86-SegmentedRaftLogWorker was interrupted, exiting. There are 0 tasks remaining in the queue.
2019-09-30 20:46:50,766 [ForkJoinPool.commonPool-worker-0] INFO  segmented.SegmentedRaftLogWorker (SegmentedRaftLogWorker.java:close(224)) - d29d20d9-3549-4dc9-aced-052d1fd0fa3f@group-4ACD0639A2C9-SegmentedRaftLogWorker close()
2019-09-30 20:46:50,768 [main] INFO  segmented.SegmentedRaftLogWorker (SegmentedRaftLogWorker.java:close(224)) - 34995412-33a1-409e-9f38-fe1e74ba27b5@group-51A860066D86-SegmentedRaftLogWorker close()
2019-09-30 20:46:50,772 [ForkJoinPool.commonPool-worker-0] INFO  impl.RaftServerImpl (RaftServerImpl.java:lambda$shutdown$3(247)) - d29d20d9-3549-4dc9-aced-052d1fd0fa3f@group-A3E31928F0CE: shutdown
2019-09-30 20:46:50,775 [main] INFO  impl.RaftServerImpl (RaftServerImpl.java:lambda$shutdown$3(247)) - 34995412-33a1-409e-9f38-fe1e74ba27b5@group-A3E31928F0CE: shutdown
2019-09-30 20:46:50,775 [ForkJoinPool.commonPool-worker-0] INFO  util.JmxRegister (JmxRegister.java:unregister(73)) - Successfully un-registered JMX Bean with object name Ratis:service=RaftServer,group=group-A3E31928F0CE,id=d29d20d9-3549-4dc9-aced-052d1fd0fa3f
2019-09-30 20:46:50,776 [main] INFO  util.JmxRegister (JmxRegister.java:unregister(73)) - Successfully un-registered JMX Bean with object name Ratis:service=RaftServer,group=group-A3E31928F0CE,id=34995412-33a1-409e-9f38-fe1e74ba27b5
2019-09-30 20:46:50,776 [ForkJoinPool.commonPool-worker-0] INFO  impl.RoleInfo (RoleInfo.java:shutdownFollowerState(121)) - d29d20d9-3549-4dc9-aced-052d1fd0fa3f: shutdown FollowerState
2019-09-30 20:46:50,776 [main] INFO  impl.RoleInfo (RoleInfo.java:shutdownFollowerState(121)) - 34995412-33a1-409e-9f38-fe1e74ba27b5: shutdown FollowerState
2019-09-30 20:46:50,777 [Thread-764] INFO  impl.FollowerState (FollowerState.java:run(117)) - d29d20d9-3549-4dc9-aced-052d1fd0fa3f@group-A3E31928F0CE-FollowerState was interrupted: java.lang.InterruptedException: sleep interrupted
2019-09-30 20:46:50,777 [ForkJoinPool.commonPool-worker-0] INFO  impl.StateMachineUpdater (StateMachineUpdater.java:stopAndJoin(136)) - d29d20d9-3549-4dc9-aced-052d1fd0fa3f@group-A3E31928F0CE-StateMachineUpdater: set stopIndex = 0
2019-09-30 20:46:50,777 [Thread-763] INFO  impl.FollowerState (FollowerState.java:run(117)) - 34995412-33a1-409e-9f38-fe1e74ba27b5@group-A3E31928F0CE-FollowerState was interrupted: java.lang.InterruptedException: sleep interrupted
2019-09-30 20:46:50,777 [main] INFO  impl.StateMachineUpdater (StateMachineUpdater.java:stopAndJoin(136)) - 34995412-33a1-409e-9f38-fe1e74ba27b5@group-A3E31928F0CE-StateMachineUpdater: set stopIndex = 0
2019-09-30 20:46:50,779 [ForkJoinPool.commonPool-worker-0] INFO  impl.RaftServerImpl (ServerState.java:close(387)) - d29d20d9-3549-4dc9-aced-052d1fd0fa3f@group-A3E31928F0CE: closes. applyIndex: 0
2019-09-30 20:46:50,782 [main] INFO  impl.RaftServerImpl (ServerState.java:close(387)) - 34995412-33a1-409e-9f38-fe1e74ba27b5@group-A3E31928F0CE: closes. applyIndex: 0
2019-09-30 20:46:50,782 [d29d20d9-3549-4dc9-aced-052d1fd0fa3f@group-A3E31928F0CE-SegmentedRaftLogWorker] INFO  segmented.SegmentedRaftLogWorker (SegmentedRaftLogWorker.java:run(316)) - d29d20d9-3549-4dc9-aced-052d1fd0fa3f@group-A3E31928F0CE-SegmentedRaftLogWorker was interrupted, exiting. There are 0 tasks remaining in the queue.
2019-09-30 20:46:50,784 [34995412-33a1-409e-9f38-fe1e74ba27b5@group-A3E31928F0CE-SegmentedRaftLogWorker] INFO  segmented.SegmentedRaftLogWorker (SegmentedRaftLogWorker.java:run(316)) - 34995412-33a1-409e-9f38-fe1e74ba27b5@group-A3E31928F0CE-SegmentedRaftLogWorker was interrupted, exiting. There are 0 tasks remaining in the queue.
2019-09-30 20:46:50,784 [ForkJoinPool.commonPool-worker-0] INFO  segmented.SegmentedRaftLogWorker (SegmentedRaftLogWorker.java:close(224)) - d29d20d9-3549-4dc9-aced-052d1fd0fa3f@group-A3E31928F0CE-SegmentedRaftLogWorker close()
2019-09-30 20:46:50,786 [main] INFO  segmented.SegmentedRaftLogWorker (SegmentedRaftLogWorker.java:close(224)) - 34995412-33a1-409e-9f38-fe1e74ba27b5@group-A3E31928F0CE-SegmentedRaftLogWorker close()
2019-09-30 20:46:50,789 [ForkJoinPool.commonPool-worker-0] INFO  server.GrpcService (GrpcService.java:closeImpl(164)) - d29d20d9-3549-4dc9-aced-052d1fd0fa3f: shutdown server with port 37644 now
2019-09-30 20:46:50,802 [main] INFO  server.GrpcService (GrpcService.java:closeImpl(164)) - 34995412-33a1-409e-9f38-fe1e74ba27b5: shutdown server with port 42883 now
2019-09-30 20:46:50,805 [ForkJoinPool.commonPool-worker-0] INFO  server.GrpcService (GrpcService.java:closeImpl(172)) - d29d20d9-3549-4dc9-aced-052d1fd0fa3f: shutdown server with port 37644 successfully
2019-09-30 20:46:50,805 [grpc-default-executor-7] WARN  server.GrpcServerProtocolService (LogUtils.java:warn(134)) - d29d20d9-3549-4dc9-aced-052d1fd0fa3f: installSnapshot onError, lastRequest: 16a2e74c-6b01-46b8-adac-93835a20fc06->d29d20d9-3549-4dc9-aced-052d1fd0fa3f#39-t1, previous=(t:1, i:0), leaderCommit=0, initializing? false, entries: <empty>: org.apache.ratis.thirdparty.io.grpc.StatusRuntimeException: CANCELLED: cancelled before receiving half close
2019-09-30 20:46:50,805 [grpc-default-executor-6] WARN  server.GrpcServerProtocolService (LogUtils.java:warn(134)) - 34995412-33a1-409e-9f38-fe1e74ba27b5: installSnapshot onError, lastRequest: 16a2e74c-6b01-46b8-adac-93835a20fc06->34995412-33a1-409e-9f38-fe1e74ba27b5#39-t1, previous=(t:1, i:0), leaderCommit=0, initializing? false, entries: <empty>: org.apache.ratis.thirdparty.io.grpc.StatusRuntimeException: CANCELLED: cancelled before receiving half close
2019-09-30 20:46:50,805 [grpc-default-executor-0] WARN  server.GrpcLogAppender (LogUtils.java:warn(134)) - 16a2e74c-6b01-46b8-adac-93835a20fc06@group-A3E31928F0CE->34995412-33a1-409e-9f38-fe1e74ba27b5-AppendLogResponseHandler: Failed appendEntries: org.apache.ratis.thirdparty.io.grpc.StatusRuntimeException: CANCELLED: HTTP/2 error code: CANCEL
Received Rst Stream
2019-09-30 20:46:50,805 [grpc-default-executor-5] WARN  server.GrpcLogAppender (LogUtils.java:warn(134)) - 16a2e74c-6b01-46b8-adac-93835a20fc06@group-A3E31928F0CE->d29d20d9-3549-4dc9-aced-052d1fd0fa3f-AppendLogResponseHandler: Failed appendEntries: org.apache.ratis.thirdparty.io.grpc.StatusRuntimeException: CANCELLED: HTTP/2 error code: CANCEL
Received Rst Stream
2019-09-30 20:46:50,805 [main] INFO  server.GrpcService (GrpcService.java:closeImpl(172)) - 34995412-33a1-409e-9f38-fe1e74ba27b5: shutdown server with port 42883 successfully
2019-09-30 20:46:50,806 [grpc-default-executor-5] INFO  impl.FollowerInfo (FollowerInfo.java:lambda$new$0(51)) - 16a2e74c-6b01-46b8-adac-93835a20fc06@group-A3E31928F0CE->d29d20d9-3549-4dc9-aced-052d1fd0fa3f: nextIndex: updateUnconditionally 1 -> 0
2019-09-30 20:46:50,806 [refreshUsed-/workdir/hadoop-ozone/integration-test/target/test-dir/MiniOzoneClusterImpl-52fa08f5-cb3a-4744-95c3-64f108980532/datanode-1/data/containers] WARN  fs.CachingGetSpaceUsed (CachingGetSpaceUsed.java:run(183)) - Thread Interrupted waiting to refresh disk information: sleep interrupted
2019-09-30 20:46:50,806 [grpc-default-executor-0] INFO  impl.FollowerInfo (FollowerInfo.java:lambda$new$0(51)) - 16a2e74c-6b01-46b8-adac-93835a20fc06@group-A3E31928F0CE->34995412-33a1-409e-9f38-fe1e74ba27b5: nextIndex: updateUnconditionally 1 -> 0
2019-09-30 20:46:50,812 [refreshUsed-/workdir/hadoop-ozone/integration-test/target/test-dir/MiniOzoneClusterImpl-52fa08f5-cb3a-4744-95c3-64f108980532/datanode-4/data/containers] WARN  fs.CachingGetSpaceUsed (CachingGetSpaceUsed.java:run(183)) - Thread Interrupted waiting to refresh disk information: sleep interrupted
2019-09-30 20:46:50,826 [ForkJoinPool.commonPool-worker-0] INFO  utils.BackgroundService (BackgroundService.java:shutdown(148)) - Shutting down service BlockDeletingService
2019-09-30 20:46:50,832 [ForkJoinPool.commonPool-worker-0] INFO  statemachine.DatanodeStateMachine (DatanodeStateMachine.java:stopDaemon(395)) - Ozone container server stopped.
2019-09-30 20:46:50,836 [ForkJoinPool.commonPool-worker-0] INFO  handler.ContextHandler (ContextHandler.java:doStop(910)) - Stopped o.e.j.w.WebAppContext@315105f{/,null,UNAVAILABLE}{/hddsDatanode}
2019-09-30 20:46:50,837 [ForkJoinPool.commonPool-worker-0] INFO  server.AbstractConnector (AbstractConnector.java:doStop(318)) - Stopped ServerConnector@7b61bf11{HTTP/1.1,[http/1.1]}{0.0.0.0:0}
2019-09-30 20:46:50,838 [ForkJoinPool.commonPool-worker-0] INFO  handler.ContextHandler (ContextHandler.java:doStop(910)) - Stopped o.e.j.s.ServletContextHandler@70f68288{/static,jar:file:/home/user/.m2/repository/org/apache/hadoop/hadoop-hdds-container-service/0.5.0-SNAPSHOT/hadoop-hdds-container-service-0.5.0-SNAPSHOT.jar!/webapps/static,UNAVAILABLE}
2019-09-30 20:46:50,842 [ForkJoinPool.commonPool-worker-0] INFO  handler.ContextHandler (ContextHandler.java:doStop(910)) - Stopped o.e.j.s.ServletContextHandler@3aaa3c39{/logs,file:///workdir/hadoop-ozone/integration-test/target/log,UNAVAILABLE}
2019-09-30 20:46:50,847 [main] INFO  utils.BackgroundService (BackgroundService.java:shutdown(148)) - Shutting down service BlockDeletingService
2019-09-30 20:46:50,852 [main] INFO  statemachine.DatanodeStateMachine (DatanodeStateMachine.java:stopDaemon(395)) - Ozone container server stopped.
2019-09-30 20:46:50,853 [main] INFO  handler.ContextHandler (ContextHandler.java:doStop(910)) - Stopped o.e.j.w.WebAppContext@36ab3814{/,null,UNAVAILABLE}{/hddsDatanode}
2019-09-30 20:46:50,854 [main] INFO  server.AbstractConnector (AbstractConnector.java:doStop(318)) - Stopped ServerConnector@2abbd0d9{HTTP/1.1,[http/1.1]}{0.0.0.0:0}
2019-09-30 20:46:50,854 [main] INFO  handler.ContextHandler (ContextHandler.java:doStop(910)) - Stopped o.e.j.s.ServletContextHandler@294f9d50{/static,jar:file:/home/user/.m2/repository/org/apache/hadoop/hadoop-hdds-container-service/0.5.0-SNAPSHOT/hadoop-hdds-container-service-0.5.0-SNAPSHOT.jar!/webapps/static,UNAVAILABLE}
2019-09-30 20:46:50,854 [main] INFO  handler.ContextHandler (ContextHandler.java:doStop(910)) - Stopped o.e.j.s.ServletContextHandler@759de304{/logs,file:///workdir/hadoop-ozone/integration-test/target/log,UNAVAILABLE}
2019-09-30 20:46:50,868 [grpc-default-executor-6] WARN  server.GrpcLogAppender (LogUtils.java:warn(134)) - 16a2e74c-6b01-46b8-adac-93835a20fc06@group-A3E31928F0CE->d29d20d9-3549-4dc9-aced-052d1fd0fa3f-AppendLogResponseHandler: Failed appendEntries: org.apache.ratis.thirdparty.io.grpc.StatusRuntimeException: UNAVAILABLE: io exception
2019-09-30 20:46:50,868 [grpc-default-executor-5] WARN  server.GrpcLogAppender (LogUtils.java:warn(134)) - 16a2e74c-6b01-46b8-adac-93835a20fc06@group-A3E31928F0CE->34995412-33a1-409e-9f38-fe1e74ba27b5-AppendLogResponseHandler: Failed appendEntries: org.apache.ratis.thirdparty.io.grpc.StatusRuntimeException: UNAVAILABLE: io exception
2019-09-30 20:46:50,869 [grpc-default-executor-6] INFO  impl.FollowerInfo (FollowerInfo.java:lambda$new$0(51)) - 16a2e74c-6b01-46b8-adac-93835a20fc06@group-A3E31928F0CE->d29d20d9-3549-4dc9-aced-052d1fd0fa3f: nextIndex: updateUnconditionally 0 -> 0
2019-09-30 20:46:50,869 [grpc-default-executor-5] INFO  impl.FollowerInfo (FollowerInfo.java:lambda$new$0(51)) - 16a2e74c-6b01-46b8-adac-93835a20fc06@group-A3E31928F0CE->34995412-33a1-409e-9f38-fe1e74ba27b5: nextIndex: updateUnconditionally 0 -> 0
2019-09-30 20:46:50,885 [Datanode State Machine Thread - 0] INFO  statemachine.DatanodeStateMachine (DatanodeStateMachine.java:lambda$startDaemon$0(350)) - Ozone container server started.
2019-09-30 20:46:51,370 [Datanode State Machine Thread - 0] INFO  statemachine.DatanodeStateMachine (DatanodeStateMachine.java:lambda$startDaemon$0(350)) - Ozone container server started.
2019-09-30 20:46:53,370 [grpc-default-executor-9] WARN  server.GrpcLogAppender (LogUtils.java:warn(134)) - 16a2e74c-6b01-46b8-adac-93835a20fc06@group-A3E31928F0CE->d29d20d9-3549-4dc9-aced-052d1fd0fa3f-AppendLogResponseHandler: Failed appendEntries: org.apache.ratis.thirdparty.io.grpc.StatusRuntimeException: UNAVAILABLE: io exception
2019-09-30 20:46:53,370 [grpc-default-executor-8] WARN  server.GrpcLogAppender (LogUtils.java:warn(134)) - 16a2e74c-6b01-46b8-adac-93835a20fc06@group-A3E31928F0CE->34995412-33a1-409e-9f38-fe1e74ba27b5-AppendLogResponseHandler: Failed appendEntries: org.apache.ratis.thirdparty.io.grpc.StatusRuntimeException: UNAVAILABLE: io exception
2019-09-30 20:46:53,371 [grpc-default-executor-9] INFO  impl.FollowerInfo (FollowerInfo.java:lambda$new$0(51)) - 16a2e74c-6b01-46b8-adac-93835a20fc06@group-A3E31928F0CE->d29d20d9-3549-4dc9-aced-052d1fd0fa3f: nextIndex: updateUnconditionally 0 -> 0
2019-09-30 20:46:53,371 [grpc-default-executor-8] INFO  impl.FollowerInfo (FollowerInfo.java:lambda$new$0(51)) - 16a2e74c-6b01-46b8-adac-93835a20fc06@group-A3E31928F0CE->34995412-33a1-409e-9f38-fe1e74ba27b5: nextIndex: updateUnconditionally 0 -> 0
2019-09-30 20:46:55,845 [ForkJoinPool.commonPool-worker-0] INFO  ozoneimpl.OzoneContainer (OzoneContainer.java:stop(231)) - Attempting to stop container services.
2019-09-30 20:46:55,846 [ForkJoinPool.commonPool-worker-0] INFO  impl.RaftServerProxy (RaftServerProxy.java:lambda$close$4(314)) - 16a2e74c-6b01-46b8-adac-93835a20fc06: close
2019-09-30 20:46:55,846 [ForkJoinPool.commonPool-worker-0] INFO  impl.RaftServerImpl (RaftServerImpl.java:lambda$shutdown$3(247)) - 16a2e74c-6b01-46b8-adac-93835a20fc06@group-9E7B970B9597: shutdown
2019-09-30 20:46:55,847 [ForkJoinPool.commonPool-worker-0] INFO  util.JmxRegister (JmxRegister.java:unregister(73)) - Successfully un-registered JMX Bean with object name Ratis:service=RaftServer,group=group-9E7B970B9597,id=16a2e74c-6b01-46b8-adac-93835a20fc06
2019-09-30 20:46:55,847 [ForkJoinPool.commonPool-worker-0] INFO  impl.RoleInfo (RoleInfo.java:shutdownLeaderState(104)) - 16a2e74c-6b01-46b8-adac-93835a20fc06: shutdown LeaderState
2019-09-30 20:46:55,847 [ForkJoinPool.commonPool-worker-0] INFO  impl.PendingRequests (PendingRequests.java:sendNotLeaderResponses(202)) - 16a2e74c-6b01-46b8-adac-93835a20fc06@group-9E7B970B9597-PendingRequests: sendNotLeaderResponses
2019-09-30 20:46:55,848 [ForkJoinPool.commonPool-worker-0] INFO  impl.StateMachineUpdater (StateMachineUpdater.java:stopAndJoin(136)) - 16a2e74c-6b01-46b8-adac-93835a20fc06@group-9E7B970B9597-StateMachineUpdater: set stopIndex = 0
2019-09-30 20:46:55,848 [ForkJoinPool.commonPool-worker-0] INFO  impl.RaftServerImpl (ServerState.java:close(387)) - 16a2e74c-6b01-46b8-adac-93835a20fc06@group-9E7B970B9597: closes. applyIndex: 0
2019-09-30 20:46:55,849 [16a2e74c-6b01-46b8-adac-93835a20fc06@group-9E7B970B9597-SegmentedRaftLogWorker] INFO  segmented.SegmentedRaftLogWorker (SegmentedRaftLogWorker.java:run(316)) - 16a2e74c-6b01-46b8-adac-93835a20fc06@group-9E7B970B9597-SegmentedRaftLogWorker was interrupted, exiting. There are 0 tasks remaining in the queue.
2019-09-30 20:46:55,852 [ForkJoinPool.commonPool-worker-0] INFO  segmented.SegmentedRaftLogWorker (SegmentedRaftLogWorker.java:close(224)) - 16a2e74c-6b01-46b8-adac-93835a20fc06@group-9E7B970B9597-SegmentedRaftLogWorker close()
2019-09-30 20:46:55,854 [ForkJoinPool.commonPool-worker-0] INFO  impl.RaftServerImpl (RaftServerImpl.java:lambda$shutdown$3(247)) - 16a2e74c-6b01-46b8-adac-93835a20fc06@group-A3E31928F0CE: shutdown
2019-09-30 20:46:55,854 [ForkJoinPool.commonPool-worker-0] INFO  util.JmxRegister (JmxRegister.java:unregister(73)) - Successfully un-registered JMX Bean with object name Ratis:service=RaftServer,group=group-A3E31928F0CE,id=16a2e74c-6b01-46b8-adac-93835a20fc06
2019-09-30 20:46:55,854 [ForkJoinPool.commonPool-worker-0] INFO  impl.RoleInfo (RoleInfo.java:shutdownLeaderState(104)) - 16a2e74c-6b01-46b8-adac-93835a20fc06: shutdown LeaderState
2019-09-30 20:46:55,857 [ForkJoinPool.commonPool-worker-0] INFO  impl.PendingRequests (PendingRequests.java:sendNotLeaderResponses(202)) - 16a2e74c-6b01-46b8-adac-93835a20fc06@group-A3E31928F0CE-PendingRequests: sendNotLeaderResponses
2019-09-30 20:46:55,857 [org.apache.ratis.server.impl.LogAppender$AppenderDaemon$$Lambda$509/1468896615@24fcc2f4] WARN  server.GrpcLogAppender (GrpcLogAppender.java:mayWait(143)) - 16a2e74c-6b01-46b8-adac-93835a20fc06@group-A3E31928F0CE->34995412-33a1-409e-9f38-fe1e74ba27b5-GrpcLogAppender: Wait interrupted by java.lang.InterruptedException
2019-09-30 20:46:55,857 [main] INFO  ozoneimpl.OzoneContainer (OzoneContainer.java:stop(231)) - Attempting to stop container services.
2019-09-30 20:46:55,857 [ForkJoinPool.commonPool-worker-0] INFO  impl.StateMachineUpdater (StateMachineUpdater.java:stopAndJoin(136)) - 16a2e74c-6b01-46b8-adac-93835a20fc06@group-A3E31928F0CE-StateMachineUpdater: set stopIndex = 0
2019-09-30 20:46:55,857 [org.apache.ratis.server.impl.LogAppender$AppenderDaemon$$Lambda$509/1468896615@20f799ee] WARN  server.GrpcLogAppender (GrpcLogAppender.java:mayWait(143)) - 16a2e74c-6b01-46b8-adac-93835a20fc06@group-A3E31928F0CE->d29d20d9-3549-4dc9-aced-052d1fd0fa3f-GrpcLogAppender: Wait interrupted by java.lang.InterruptedException
2019-09-30 20:46:55,858 [ForkJoinPool.commonPool-worker-0] INFO  impl.RaftServerImpl (ServerState.java:close(387)) - 16a2e74c-6b01-46b8-adac-93835a20fc06@group-A3E31928F0CE: closes. applyIndex: 0
2019-09-30 20:46:55,858 [main] INFO  impl.RaftServerProxy (RaftServerProxy.java:lambda$close$4(314)) - 566c5d8e-ae1d-43e7-9848-7b393c045f68: close
2019-09-30 20:46:55,859 [16a2e74c-6b01-46b8-adac-93835a20fc06@group-A3E31928F0CE-SegmentedRaftLogWorker] INFO  segmented.SegmentedRaftLogWorker (SegmentedRaftLogWorker.java:run(316)) - 16a2e74c-6b01-46b8-adac-93835a20fc06@group-A3E31928F0CE-SegmentedRaftLogWorker was interrupted, exiting. There are 0 tasks remaining in the queue.
2019-09-30 20:46:55,859 [main] INFO  impl.RaftServerImpl (RaftServerImpl.java:lambda$shutdown$3(247)) - 566c5d8e-ae1d-43e7-9848-7b393c045f68@group-FFDDE2EBEB62: shutdown
2019-09-30 20:46:55,860 [main] INFO  util.JmxRegister (JmxRegister.java:unregister(73)) - Successfully un-registered JMX Bean with object name Ratis:service=RaftServer,group=group-FFDDE2EBEB62,id=566c5d8e-ae1d-43e7-9848-7b393c045f68
2019-09-30 20:46:55,861 [main] INFO  impl.RoleInfo (RoleInfo.java:shutdownLeaderState(104)) - 566c5d8e-ae1d-43e7-9848-7b393c045f68: shutdown LeaderState
2019-09-30 20:46:55,861 [main] INFO  impl.PendingRequests (PendingRequests.java:sendNotLeaderResponses(202)) - 566c5d8e-ae1d-43e7-9848-7b393c045f68@group-FFDDE2EBEB62-PendingRequests: sendNotLeaderResponses
2019-09-30 20:46:55,862 [main] INFO  impl.StateMachineUpdater (StateMachineUpdater.java:stopAndJoin(136)) - 566c5d8e-ae1d-43e7-9848-7b393c045f68@group-FFDDE2EBEB62-StateMachineUpdater: set stopIndex = 0
2019-09-30 20:46:55,862 [main] INFO  impl.RaftServerImpl (ServerState.java:close(387)) - 566c5d8e-ae1d-43e7-9848-7b393c045f68@group-FFDDE2EBEB62: closes. applyIndex: 0
2019-09-30 20:46:55,862 [566c5d8e-ae1d-43e7-9848-7b393c045f68@group-FFDDE2EBEB62-SegmentedRaftLogWorker] INFO  segmented.SegmentedRaftLogWorker (SegmentedRaftLogWorker.java:run(316)) - 566c5d8e-ae1d-43e7-9848-7b393c045f68@group-FFDDE2EBEB62-SegmentedRaftLogWorker was interrupted, exiting. There are 0 tasks remaining in the queue.
2019-09-30 20:46:55,864 [ForkJoinPool.commonPool-worker-0] INFO  segmented.SegmentedRaftLogWorker (SegmentedRaftLogWorker.java:close(224)) - 16a2e74c-6b01-46b8-adac-93835a20fc06@group-A3E31928F0CE-SegmentedRaftLogWorker close()
2019-09-30 20:46:55,864 [main] INFO  segmented.SegmentedRaftLogWorker (SegmentedRaftLogWorker.java:close(224)) - 566c5d8e-ae1d-43e7-9848-7b393c045f68@group-FFDDE2EBEB62-SegmentedRaftLogWorker close()
2019-09-30 20:46:55,865 [ForkJoinPool.commonPool-worker-0] INFO  server.GrpcService (GrpcService.java:closeImpl(164)) - 16a2e74c-6b01-46b8-adac-93835a20fc06: shutdown server with port 32782 now
2019-09-30 20:46:55,866 [main] INFO  impl.RaftServerImpl (RaftServerImpl.java:lambda$shutdown$3(247)) - 566c5d8e-ae1d-43e7-9848-7b393c045f68@group-329730433CA5: shutdown
2019-09-30 20:46:55,867 [ForkJoinPool.commonPool-worker-0] INFO  server.GrpcService (GrpcService.java:closeImpl(172)) - 16a2e74c-6b01-46b8-adac-93835a20fc06: shutdown server with port 32782 successfully
2019-09-30 20:46:55,867 [main] INFO  util.JmxRegister (JmxRegister.java:unregister(73)) - Successfully un-registered JMX Bean with object name Ratis:service=RaftServer,group=group-329730433CA5,id=566c5d8e-ae1d-43e7-9848-7b393c045f68
2019-09-30 20:46:55,867 [main] INFO  impl.RoleInfo (RoleInfo.java:shutdownLeaderState(104)) - 566c5d8e-ae1d-43e7-9848-7b393c045f68: shutdown LeaderState
2019-09-30 20:46:55,870 [main] INFO  impl.PendingRequests (PendingRequests.java:sendNotLeaderResponses(202)) - 566c5d8e-ae1d-43e7-9848-7b393c045f68@group-329730433CA5-PendingRequests: sendNotLeaderResponses
2019-09-30 20:46:55,870 [org.apache.ratis.server.impl.LogAppender$AppenderDaemon$$Lambda$509/1468896615@393667b7] WARN  server.GrpcLogAppender (GrpcLogAppender.java:mayWait(143)) - 566c5d8e-ae1d-43e7-9848-7b393c045f68@group-329730433CA5->5f20aede-face-49ed-b9e8-dbe29547179a-GrpcLogAppender: Wait interrupted by java.lang.InterruptedException
2019-09-30 20:46:55,872 [org.apache.ratis.server.impl.LogAppender$AppenderDaemon$$Lambda$509/1468896615@29742301] WARN  server.GrpcLogAppender (GrpcLogAppender.java:mayWait(143)) - 566c5d8e-ae1d-43e7-9848-7b393c045f68@group-329730433CA5->f4aeb726-a0ad-44bf-820c-a69213549e62-GrpcLogAppender: Wait interrupted by java.lang.InterruptedException
2019-09-30 20:46:55,873 [main] INFO  impl.StateMachineUpdater (StateMachineUpdater.java:stopAndJoin(136)) - 566c5d8e-ae1d-43e7-9848-7b393c045f68@group-329730433CA5-StateMachineUpdater: set stopIndex = 8
2019-09-30 20:46:55,873 [refreshUsed-/workdir/hadoop-ozone/integration-test/target/test-dir/MiniOzoneClusterImpl-52fa08f5-cb3a-4744-95c3-64f108980532/datanode-2/data/containers] WARN  fs.CachingGetSpaceUsed (CachingGetSpaceUsed.java:run(183)) - Thread Interrupted waiting to refresh disk information: sleep interrupted
2019-09-30 20:46:55,873 [566c5d8e-ae1d-43e7-9848-7b393c045f68@group-329730433CA5-StateMachineUpdater] INFO  ratis.ContainerStateMachine (ContainerStateMachine.java:takeSnapshot(289)) - group-329730433CA5: Taking a snapshot at:(t:1, i:6) file /workdir/hadoop-ozone/integration-test/target/test-dir/MiniOzoneClusterImpl-52fa08f5-cb3a-4744-95c3-64f108980532/datanode-3/data/ratis/bcffa281-db1d-4116-9b5e-329730433ca5/sm/snapshot.1_6
2019-09-30 20:46:55,875 [grpc-default-executor-9] INFO  server.GrpcServerProtocolService (GrpcServerProtocolService.java:onCompleted(113)) - 5f20aede-face-49ed-b9e8-dbe29547179a: Completed APPEND_ENTRIES, lastRequest: 566c5d8e-ae1d-43e7-9848-7b393c045f68->5f20aede-face-49ed-b9e8-dbe29547179a#49-t1, previous=(t:1, i:8), leaderCommit=8, initializing? false, entries: <empty>
2019-09-30 20:46:55,875 [grpc-default-executor-8] INFO  server.GrpcServerProtocolService (GrpcServerProtocolService.java:onCompleted(113)) - f4aeb726-a0ad-44bf-820c-a69213549e62: Completed APPEND_ENTRIES, lastRequest: 566c5d8e-ae1d-43e7-9848-7b393c045f68->f4aeb726-a0ad-44bf-820c-a69213549e62#49-t1, previous=(t:1, i:8), leaderCommit=8, initializing? false, entries: <empty>
2019-09-30 20:46:55,878 [grpc-default-executor-9] INFO  server.GrpcLogAppender (GrpcLogAppender.java:onCompleted(293)) - 566c5d8e-ae1d-43e7-9848-7b393c045f68@group-329730433CA5->5f20aede-face-49ed-b9e8-dbe29547179a-AppendLogResponseHandler: follower responses appendEntries COMPLETED
2019-09-30 20:46:55,878 [grpc-default-executor-8] INFO  server.GrpcLogAppender (GrpcLogAppender.java:onCompleted(293)) - 566c5d8e-ae1d-43e7-9848-7b393c045f68@group-329730433CA5->f4aeb726-a0ad-44bf-820c-a69213549e62-AppendLogResponseHandler: follower responses appendEntries COMPLETED
2019-09-30 20:46:55,879 [grpc-default-executor-9] INFO  impl.FollowerInfo (FollowerInfo.java:lambda$new$0(51)) - 566c5d8e-ae1d-43e7-9848-7b393c045f68@group-329730433CA5->5f20aede-face-49ed-b9e8-dbe29547179a: nextIndex: updateUnconditionally 9 -> 8
2019-09-30 20:46:55,879 [grpc-default-executor-8] INFO  impl.FollowerInfo (FollowerInfo.java:lambda$new$0(51)) - 566c5d8e-ae1d-43e7-9848-7b393c045f68@group-329730433CA5->f4aeb726-a0ad-44bf-820c-a69213549e62: nextIndex: updateUnconditionally 9 -> 8
2019-09-30 20:46:55,889 [ForkJoinPool.commonPool-worker-0] INFO  utils.BackgroundService (BackgroundService.java:shutdown(148)) - Shutting down service BlockDeletingService
2019-09-30 20:46:55,894 [ForkJoinPool.commonPool-worker-0] INFO  statemachine.DatanodeStateMachine (DatanodeStateMachine.java:stopDaemon(395)) - Ozone container server stopped.
2019-09-30 20:46:55,897 [566c5d8e-ae1d-43e7-9848-7b393c045f68@group-329730433CA5-StateMachineUpdater] INFO  ratis.ContainerStateMachine (ContainerStateMachine.java:takeSnapshot(300)) - group-329730433CA5: Finished taking a snapshot at:(t:1, i:6) file:/workdir/hadoop-ozone/integration-test/target/test-dir/MiniOzoneClusterImpl-52fa08f5-cb3a-4744-95c3-64f108980532/datanode-3/data/ratis/bcffa281-db1d-4116-9b5e-329730433ca5/sm/snapshot.1_6 time:24
2019-09-30 20:46:55,898 [566c5d8e-ae1d-43e7-9848-7b393c045f68@group-329730433CA5-StateMachineUpdater] INFO  impl.StateMachineUpdater (StateMachineUpdater.java:takeSnapshot(269)) - 566c5d8e-ae1d-43e7-9848-7b393c045f68@group-329730433CA5-StateMachineUpdater: Took a snapshot at index 6
2019-09-30 20:46:55,898 [566c5d8e-ae1d-43e7-9848-7b393c045f68@group-329730433CA5-StateMachineUpdater] INFO  impl.StateMachineUpdater (StateMachineUpdater.java:lambda$new$0(84)) - 566c5d8e-ae1d-43e7-9848-7b393c045f68@group-329730433CA5-StateMachineUpdater: snapshotIndex: updateIncreasingly -1 -> 6
2019-09-30 20:46:55,899 [566c5d8e-ae1d-43e7-9848-7b393c045f68@group-329730433CA5-StateMachineUpdater] INFO  ratis.ContainerStateMachine (ContainerStateMachine.java:takeSnapshot(289)) - group-329730433CA5: Taking a snapshot at:(t:1, i:6) file /workdir/hadoop-ozone/integration-test/target/test-dir/MiniOzoneClusterImpl-52fa08f5-cb3a-4744-95c3-64f108980532/datanode-3/data/ratis/bcffa281-db1d-4116-9b5e-329730433ca5/sm/snapshot.1_6
2019-09-30 20:46:55,903 [ForkJoinPool.commonPool-worker-0] INFO  handler.ContextHandler (ContextHandler.java:doStop(910)) - Stopped o.e.j.w.WebAppContext@e784320{/,null,UNAVAILABLE}{/hddsDatanode}
2019-09-30 20:46:55,904 [ForkJoinPool.commonPool-worker-0] INFO  server.AbstractConnector (AbstractConnector.java:doStop(318)) - Stopped ServerConnector@3f6bf8aa{HTTP/1.1,[http/1.1]}{0.0.0.0:0}
2019-09-30 20:46:55,909 [ForkJoinPool.commonPool-worker-0] INFO  handler.ContextHandler (ContextHandler.java:doStop(910)) - Stopped o.e.j.s.ServletContextHandler@45ab3bdd{/static,jar:file:/home/user/.m2/repository/org/apache/hadoop/hadoop-hdds-container-service/0.5.0-SNAPSHOT/hadoop-hdds-container-service-0.5.0-SNAPSHOT.jar!/webapps/static,UNAVAILABLE}
2019-09-30 20:46:55,911 [ForkJoinPool.commonPool-worker-0] INFO  handler.ContextHandler (ContextHandler.java:doStop(910)) - Stopped o.e.j.s.ServletContextHandler@441fbe89{/logs,file:///workdir/hadoop-ozone/integration-test/target/log,UNAVAILABLE}
2019-09-30 20:46:55,924 [566c5d8e-ae1d-43e7-9848-7b393c045f68@group-329730433CA5-StateMachineUpdater] INFO  ratis.ContainerStateMachine (ContainerStateMachine.java:takeSnapshot(300)) - group-329730433CA5: Finished taking a snapshot at:(t:1, i:6) file:/workdir/hadoop-ozone/integration-test/target/test-dir/MiniOzoneClusterImpl-52fa08f5-cb3a-4744-95c3-64f108980532/datanode-3/data/ratis/bcffa281-db1d-4116-9b5e-329730433ca5/sm/snapshot.1_6 time:25
2019-09-30 20:46:55,924 [566c5d8e-ae1d-43e7-9848-7b393c045f68@group-329730433CA5-StateMachineUpdater] INFO  impl.StateMachineUpdater (StateMachineUpdater.java:takeSnapshot(269)) - 566c5d8e-ae1d-43e7-9848-7b393c045f68@group-329730433CA5-StateMachineUpdater: Took a snapshot at index 6
2019-09-30 20:46:55,925 [566c5d8e-ae1d-43e7-9848-7b393c045f68@group-329730433CA5-StateMachineUpdater] INFO  impl.StateMachineUpdater (StateMachineUpdater.java:lambda$new$0(84)) - 566c5d8e-ae1d-43e7-9848-7b393c045f68@group-329730433CA5-StateMachineUpdater: snapshotIndex: updateIncreasingly 6 -> 6
2019-09-30 20:46:55,925 [main] INFO  impl.RaftServerImpl (ServerState.java:close(387)) - 566c5d8e-ae1d-43e7-9848-7b393c045f68@group-329730433CA5: closes. applyIndex: 8
2019-09-30 20:46:55,926 [566c5d8e-ae1d-43e7-9848-7b393c045f68@group-329730433CA5-SegmentedRaftLogWorker] INFO  segmented.SegmentedRaftLogWorker (SegmentedRaftLogWorker.java:run(316)) - 566c5d8e-ae1d-43e7-9848-7b393c045f68@group-329730433CA5-SegmentedRaftLogWorker was interrupted, exiting. There are 0 tasks remaining in the queue.
2019-09-30 20:46:55,928 [main] INFO  segmented.SegmentedRaftLogWorker (SegmentedRaftLogWorker.java:close(224)) - 566c5d8e-ae1d-43e7-9848-7b393c045f68@group-329730433CA5-SegmentedRaftLogWorker close()
2019-09-30 20:46:55,931 [main] INFO  server.GrpcService (GrpcService.java:closeImpl(164)) - 566c5d8e-ae1d-43e7-9848-7b393c045f68: shutdown server with port 41560 now
2019-09-30 20:46:55,931 [main] INFO  server.GrpcService (GrpcService.java:closeImpl(172)) - 566c5d8e-ae1d-43e7-9848-7b393c045f68: shutdown server with port 41560 successfully
2019-09-30 20:46:55,933 [refreshUsed-/workdir/hadoop-ozone/integration-test/target/test-dir/MiniOzoneClusterImpl-52fa08f5-cb3a-4744-95c3-64f108980532/datanode-3/data/containers] WARN  fs.CachingGetSpaceUsed (CachingGetSpaceUsed.java:run(183)) - Thread Interrupted waiting to refresh disk information: sleep interrupted
2019-09-30 20:46:55,947 [main] INFO  utils.BackgroundService (BackgroundService.java:shutdown(148)) - Shutting down service BlockDeletingService
2019-09-30 20:46:55,952 [main] INFO  statemachine.DatanodeStateMachine (DatanodeStateMachine.java:stopDaemon(395)) - Ozone container server stopped.
2019-09-30 20:46:55,953 [main] INFO  handler.ContextHandler (ContextHandler.java:doStop(910)) - Stopped o.e.j.w.WebAppContext@60e06f7d{/,null,UNAVAILABLE}{/hddsDatanode}
2019-09-30 20:46:55,953 [main] INFO  server.AbstractConnector (AbstractConnector.java:doStop(318)) - Stopped ServerConnector@66a5755{HTTP/1.1,[http/1.1]}{0.0.0.0:0}
2019-09-30 20:46:55,954 [main] INFO  handler.ContextHandler (ContextHandler.java:doStop(910)) - Stopped o.e.j.s.ServletContextHandler@1d06f16f{/static,jar:file:/home/user/.m2/repository/org/apache/hadoop/hadoop-hdds-container-service/0.5.0-SNAPSHOT/hadoop-hdds-container-service-0.5.0-SNAPSHOT.jar!/webapps/static,UNAVAILABLE}
2019-09-30 20:46:55,954 [main] INFO  handler.ContextHandler (ContextHandler.java:doStop(910)) - Stopped o.e.j.s.ServletContextHandler@7dcb42a9{/logs,file:///workdir/hadoop-ozone/integration-test/target/log,UNAVAILABLE}
2019-09-30 20:46:56,671 [Datanode State Machine Thread - 0] INFO  statemachine.DatanodeStateMachine (DatanodeStateMachine.java:lambda$startDaemon$0(350)) - Ozone container server started.
2019-09-30 20:46:56,884 [Datanode State Machine Thread - 0] INFO  statemachine.DatanodeStateMachine (DatanodeStateMachine.java:lambda$startDaemon$0(350)) - Ozone container server started.
2019-09-30 20:47:00,013 [Thread-755] INFO  impl.FollowerState (FollowerState.java:run(108)) - 5f20aede-face-49ed-b9e8-dbe29547179a@group-329730433CA5-FollowerState: change to CANDIDATE, lastRpcTime:5965ms, electionTimeout:5144ms
2019-09-30 20:47:00,014 [Thread-755] INFO  impl.RoleInfo (RoleInfo.java:shutdownFollowerState(121)) - 5f20aede-face-49ed-b9e8-dbe29547179a: shutdown FollowerState
2019-09-30 20:47:00,014 [Thread-755] INFO  impl.RaftServerImpl (RaftServerImpl.java:setRole(170)) - 5f20aede-face-49ed-b9e8-dbe29547179a@group-329730433CA5: changes role from  FOLLOWER to CANDIDATE at term 1 for changeToCandidate
2019-09-30 20:47:00,014 [Thread-755] INFO  impl.RoleInfo (RoleInfo.java:updateAndGet(143)) - 5f20aede-face-49ed-b9e8-dbe29547179a: start LeaderElection
2019-09-30 20:47:00,017 [5f20aede-face-49ed-b9e8-dbe29547179a@group-329730433CA5-LeaderElection24] INFO  impl.RaftServerImpl (ServerState.java:setLeader(255)) - 5f20aede-face-49ed-b9e8-dbe29547179a@group-329730433CA5: change Leader from 566c5d8e-ae1d-43e7-9848-7b393c045f68 to null at term 1 for initElection
2019-09-30 20:47:00,040 [5f20aede-face-49ed-b9e8-dbe29547179a@group-329730433CA5-LeaderElection24] INFO  impl.LeaderElection (LeaderElection.java:askForVotes(178)) - 5f20aede-face-49ed-b9e8-dbe29547179a@group-329730433CA5-LeaderElection24: begin an election at term 2 for 0: [f4aeb726-a0ad-44bf-820c-a69213549e62:192.168.30.59:44327, 5f20aede-face-49ed-b9e8-dbe29547179a:192.168.30.59:34973, 566c5d8e-ae1d-43e7-9848-7b393c045f68:192.168.30.59:41560], old=null
2019-09-30 20:47:00,047 [grpc-default-executor-9] INFO  impl.RaftServerImpl (ServerState.java:setLeader(255)) - f4aeb726-a0ad-44bf-820c-a69213549e62@group-329730433CA5: change Leader from 566c5d8e-ae1d-43e7-9848-7b393c045f68 to null at term 2 for updateCurrentTerm
2019-09-30 20:47:00,047 [grpc-default-executor-9] INFO  impl.RaftServerImpl (RaftServerImpl.java:setRole(170)) - f4aeb726-a0ad-44bf-820c-a69213549e62@group-329730433CA5: changes role from  FOLLOWER to FOLLOWER at term 2 for recognizeCandidate:5f20aede-face-49ed-b9e8-dbe29547179a
2019-09-30 20:47:00,047 [grpc-default-executor-9] INFO  impl.RoleInfo (RoleInfo.java:shutdownFollowerState(121)) - f4aeb726-a0ad-44bf-820c-a69213549e62: shutdown FollowerState
2019-09-30 20:47:00,048 [grpc-default-executor-9] INFO  impl.RoleInfo (RoleInfo.java:updateAndGet(143)) - f4aeb726-a0ad-44bf-820c-a69213549e62: start FollowerState
2019-09-30 20:47:00,048 [Thread-758] INFO  impl.FollowerState (FollowerState.java:run(117)) - f4aeb726-a0ad-44bf-820c-a69213549e62@group-329730433CA5-FollowerState was interrupted: java.lang.InterruptedException: sleep interrupted
2019-09-30 20:47:00,050 [5f20aede-face-49ed-b9e8-dbe29547179a@group-329730433CA5-LeaderElection24] INFO  impl.LeaderElection (LogUtils.java:infoOrTrace(149)) - 5f20aede-face-49ed-b9e8-dbe29547179a@group-329730433CA5-LeaderElection24 got exception when requesting votes: {}
java.util.concurrent.ExecutionException: org.apache.ratis.thirdparty.io.grpc.StatusRuntimeException: UNAVAILABLE: io exception
	at java.util.concurrent.FutureTask.report(FutureTask.java:122)
	at java.util.concurrent.FutureTask.get(FutureTask.java:192)
	at org.apache.ratis.server.impl.LeaderElection.waitForResults(LeaderElection.java:259)
	at org.apache.ratis.server.impl.LeaderElection.askForVotes(LeaderElection.java:197)
	at org.apache.ratis.server.impl.LeaderElection.run(LeaderElection.java:133)
	at java.lang.Thread.run(Thread.java:748)
Caused by: org.apache.ratis.thirdparty.io.grpc.StatusRuntimeException: UNAVAILABLE: io exception
	at org.apache.ratis.thirdparty.io.grpc.stub.ClientCalls.toStatusRuntimeException(ClientCalls.java:233)
	at org.apache.ratis.thirdparty.io.grpc.stub.ClientCalls.getUnchecked(ClientCalls.java:214)
	at org.apache.ratis.thirdparty.io.grpc.stub.ClientCalls.blockingUnaryCall(ClientCalls.java:139)
	at org.apache.ratis.proto.grpc.RaftServerProtocolServiceGrpc$RaftServerProtocolServiceBlockingStub.requestVote(RaftServerProtocolServiceGrpc.java:265)
	at org.apache.ratis.grpc.server.GrpcServerProtocolClient.requestVote(GrpcServerProtocolClient.java:99)
	at org.apache.ratis.grpc.server.GrpcService.requestVote(GrpcService.java:204)
	at org.apache.ratis.server.impl.LeaderElection.lambda$submitRequests$1(LeaderElection.java:234)
	at java.util.concurrent.FutureTask.run(FutureTask.java:266)
	at java.util.concurrent.Executors$RunnableAdapter.call(Executors.java:511)
	at java.util.concurrent.FutureTask.run(FutureTask.java:266)
	at java.util.concurrent.ThreadPoolExecutor.runWorker(ThreadPoolExecutor.java:1149)
	at java.util.concurrent.ThreadPoolExecutor$Worker.run(ThreadPoolExecutor.java:624)
	... 1 more
Caused by: org.apache.ratis.thirdparty.io.netty.channel.AbstractChannel$AnnotatedConnectException: Connection refused: /192.168.30.59:41560
	at sun.nio.ch.SocketChannelImpl.checkConnect(Native Method)
	at sun.nio.ch.SocketChannelImpl.finishConnect(SocketChannelImpl.java:717)
	at org.apache.ratis.thirdparty.io.netty.channel.socket.nio.NioSocketChannel.doFinishConnect(NioSocketChannel.java:327)
	at org.apache.ratis.thirdparty.io.netty.channel.nio.AbstractNioChannel$AbstractNioUnsafe.finishConnect(AbstractNioChannel.java:340)
	at org.apache.ratis.thirdparty.io.netty.channel.nio.NioEventLoop.processSelectedKey(NioEventLoop.java:632)
	at org.apache.ratis.thirdparty.io.netty.channel.nio.NioEventLoop.processSelectedKeysOptimized(NioEventLoop.java:579)
	at org.apache.ratis.thirdparty.io.netty.channel.nio.NioEventLoop.processSelectedKeys(NioEventLoop.java:496)
	at org.apache.ratis.thirdparty.io.netty.channel.nio.NioEventLoop.run(NioEventLoop.java:458)
	at org.apache.ratis.thirdparty.io.netty.util.concurrent.SingleThreadEventExecutor$5.run(SingleThreadEventExecutor.java:897)
	at org.apache.ratis.thirdparty.io.netty.util.concurrent.FastThreadLocalRunnable.run(FastThreadLocalRunnable.java:30)
	... 1 more
Caused by: java.net.ConnectException: Connection refused
	... 11 more
2019-09-30 20:47:00,074 [5f20aede-face-49ed-b9e8-dbe29547179a@group-329730433CA5-LeaderElection24] INFO  impl.LeaderElection (LeaderElection.java:logAndReturn(56)) - 5f20aede-face-49ed-b9e8-dbe29547179a@group-329730433CA5-LeaderElection24: Election PASSED; received 1 response(s) [5f20aede-face-49ed-b9e8-dbe29547179a<-f4aeb726-a0ad-44bf-820c-a69213549e62#0:OK-t2] and 1 exception(s); 5f20aede-face-49ed-b9e8-dbe29547179a@group-329730433CA5:t2, leader=null, voted=5f20aede-face-49ed-b9e8-dbe29547179a, raftlog=5f20aede-face-49ed-b9e8-dbe29547179a@group-329730433CA5-SegmentedRaftLog:OPENED:c8,f8,i8, conf=0: [f4aeb726-a0ad-44bf-820c-a69213549e62:192.168.30.59:44327, 5f20aede-face-49ed-b9e8-dbe29547179a:192.168.30.59:34973, 566c5d8e-ae1d-43e7-9848-7b393c045f68:192.168.30.59:41560], old=null
2019-09-30 20:47:00,074 [5f20aede-face-49ed-b9e8-dbe29547179a@group-329730433CA5-LeaderElection24] INFO  impl.LeaderElection (LogUtils.java:infoOrTrace(149)) -   Exception 0: {}
java.util.concurrent.ExecutionException: org.apache.ratis.thirdparty.io.grpc.StatusRuntimeException: UNAVAILABLE: io exception
	at java.util.concurrent.FutureTask.report(FutureTask.java:122)
	at java.util.concurrent.FutureTask.get(FutureTask.java:192)
	at org.apache.ratis.server.impl.LeaderElection.waitForResults(LeaderElection.java:259)
	at org.apache.ratis.server.impl.LeaderElection.askForVotes(LeaderElection.java:197)
	at org.apache.ratis.server.impl.LeaderElection.run(LeaderElection.java:133)
	at java.lang.Thread.run(Thread.java:748)
Caused by: org.apache.ratis.thirdparty.io.grpc.StatusRuntimeException: UNAVAILABLE: io exception
	at org.apache.ratis.thirdparty.io.grpc.stub.ClientCalls.toStatusRuntimeException(ClientCalls.java:233)
	at org.apache.ratis.thirdparty.io.grpc.stub.ClientCalls.getUnchecked(ClientCalls.java:214)
	at org.apache.ratis.thirdparty.io.grpc.stub.ClientCalls.blockingUnaryCall(ClientCalls.java:139)
	at org.apache.ratis.proto.grpc.RaftServerProtocolServiceGrpc$RaftServerProtocolServiceBlockingStub.requestVote(RaftServerProtocolServiceGrpc.java:265)
	at org.apache.ratis.grpc.server.GrpcServerProtocolClient.requestVote(GrpcServerProtocolClient.java:99)
	at org.apache.ratis.grpc.server.GrpcService.requestVote(GrpcService.java:204)
	at org.apache.ratis.server.impl.LeaderElection.lambda$submitRequests$1(LeaderElection.java:234)
	at java.util.concurrent.FutureTask.run(FutureTask.java:266)
	at java.util.concurrent.Executors$RunnableAdapter.call(Executors.java:511)
	at java.util.concurrent.FutureTask.run(FutureTask.java:266)
	at java.util.concurrent.ThreadPoolExecutor.runWorker(ThreadPoolExecutor.java:1149)
	at java.util.concurrent.ThreadPoolExecutor$Worker.run(ThreadPoolExecutor.java:624)
	... 1 more
Caused by: org.apache.ratis.thirdparty.io.netty.channel.AbstractChannel$AnnotatedConnectException: Connection refused: /192.168.30.59:41560
	at sun.nio.ch.SocketChannelImpl.checkConnect(Native Method)
	at sun.nio.ch.SocketChannelImpl.finishConnect(SocketChannelImpl.java:717)
	at org.apache.ratis.thirdparty.io.netty.channel.socket.nio.NioSocketChannel.doFinishConnect(NioSocketChannel.java:327)
	at org.apache.ratis.thirdparty.io.netty.channel.nio.AbstractNioChannel$AbstractNioUnsafe.finishConnect(AbstractNioChannel.java:340)
	at org.apache.ratis.thirdparty.io.netty.channel.nio.NioEventLoop.processSelectedKey(NioEventLoop.java:632)
	at org.apache.ratis.thirdparty.io.netty.channel.nio.NioEventLoop.processSelectedKeysOptimized(NioEventLoop.java:579)
	at org.apache.ratis.thirdparty.io.netty.channel.nio.NioEventLoop.processSelectedKeys(NioEventLoop.java:496)
	at org.apache.ratis.thirdparty.io.netty.channel.nio.NioEventLoop.run(NioEventLoop.java:458)
	at org.apache.ratis.thirdparty.io.netty.util.concurrent.SingleThreadEventExecutor$5.run(SingleThreadEventExecutor.java:897)
	at org.apache.ratis.thirdparty.io.netty.util.concurrent.FastThreadLocalRunnable.run(FastThreadLocalRunnable.java:30)
	... 1 more
Caused by: java.net.ConnectException: Connection refused
	... 11 more
2019-09-30 20:47:00,075 [5f20aede-face-49ed-b9e8-dbe29547179a@group-329730433CA5-LeaderElection24] INFO  impl.RoleInfo (RoleInfo.java:shutdownLeaderElection(134)) - 5f20aede-face-49ed-b9e8-dbe29547179a: shutdown LeaderElection
2019-09-30 20:47:00,075 [5f20aede-face-49ed-b9e8-dbe29547179a@group-329730433CA5-LeaderElection24] INFO  impl.RaftServerImpl (RaftServerImpl.java:setRole(170)) - 5f20aede-face-49ed-b9e8-dbe29547179a@group-329730433CA5: changes role from CANDIDATE to LEADER at term 2 for changeToLeader
2019-09-30 20:47:00,075 [5f20aede-face-49ed-b9e8-dbe29547179a@group-329730433CA5-LeaderElection24] INFO  impl.RaftServerImpl (ServerState.java:setLeader(255)) - 5f20aede-face-49ed-b9e8-dbe29547179a@group-329730433CA5: change Leader from null to 5f20aede-face-49ed-b9e8-dbe29547179a at term 2 for becomeLeader, leader elected after 58ms
2019-09-30 20:47:00,075 [5f20aede-face-49ed-b9e8-dbe29547179a@group-329730433CA5-LeaderElection24] INFO  server.RaftServerConfigKeys (ConfUtils.java:logGet(43)) - raft.server.staging.catchup.gap = 1000 (default)
2019-09-30 20:47:00,075 [5f20aede-face-49ed-b9e8-dbe29547179a@group-329730433CA5-LeaderElection24] INFO  server.RaftServerConfigKeys (ConfUtils.java:logGet(43)) - raft.server.rpc.sleep.time = 25ms (default)
2019-09-30 20:47:00,076 [5f20aede-face-49ed-b9e8-dbe29547179a@group-329730433CA5-LeaderElection24] INFO  server.RaftServerConfigKeys (ConfUtils.java:logGet(43)) - raft.server.write.element-limit = 4096 (default)
2019-09-30 20:47:00,076 [5f20aede-face-49ed-b9e8-dbe29547179a@group-329730433CA5-LeaderElection24] INFO  server.RaftServerConfigKeys (ConfUtils.java:logGet(43)) - raft.server.watch.timeout = 10s (default)
2019-09-30 20:47:00,076 [5f20aede-face-49ed-b9e8-dbe29547179a@group-329730433CA5-LeaderElection24] INFO  server.RaftServerConfigKeys (ConfUtils.java:logGet(43)) - raft.server.watch.timeout.denomination = 1s (default)
2019-09-30 20:47:00,076 [5f20aede-face-49ed-b9e8-dbe29547179a@group-329730433CA5-LeaderElection24] INFO  server.RaftServerConfigKeys (ConfUtils.java:logGet(43)) - raft.server.watch.element-limit = 65536 (default)
2019-09-30 20:47:00,078 [5f20aede-face-49ed-b9e8-dbe29547179a@group-329730433CA5-LeaderElection24] INFO  server.RaftServerConfigKeys (ConfUtils.java:logGet(43)) - raft.server.log.appender.snapshot.chunk.size.max = 16MB (=16777216) (default)
2019-09-30 20:47:00,078 [5f20aede-face-49ed-b9e8-dbe29547179a@group-329730433CA5-LeaderElection24] INFO  server.RaftServerConfigKeys (ConfUtils.java:logGet(43)) - raft.server.log.appender.buffer.byte-limit = 33554432 (custom)
2019-09-30 20:47:00,079 [5f20aede-face-49ed-b9e8-dbe29547179a@group-329730433CA5-LeaderElection24] INFO  server.RaftServerConfigKeys (ConfUtils.java:logGet(43)) - raft.server.log.appender.buffer.element-limit = 1 (custom)
2019-09-30 20:47:00,079 [5f20aede-face-49ed-b9e8-dbe29547179a@group-329730433CA5-LeaderElection24] INFO  grpc.GrpcConfigKeys$Server (ConfUtils.java:logGet(43)) - raft.grpc.server.leader.outstanding.appends.max = 128 (default)
2019-09-30 20:47:00,079 [5f20aede-face-49ed-b9e8-dbe29547179a@group-329730433CA5-LeaderElection24] INFO  server.RaftServerConfigKeys (ConfUtils.java:logGet(43)) - raft.server.rpc.request.timeout = 3000ms (default)
2019-09-30 20:47:00,079 [5f20aede-face-49ed-b9e8-dbe29547179a@group-329730433CA5-LeaderElection24] INFO  server.RaftServerConfigKeys (ConfUtils.java:logGet(43)) - raft.server.log.appender.install.snapshot.enabled = false (custom)
2019-09-30 20:47:00,079 [5f20aede-face-49ed-b9e8-dbe29547179a@group-329730433CA5-LeaderElection24] INFO  server.RaftServerConfigKeys (ConfUtils.java:logGet(43)) - raft.server.log.appender.snapshot.chunk.size.max = 16MB (=16777216) (default)
2019-09-30 20:47:00,079 [5f20aede-face-49ed-b9e8-dbe29547179a@group-329730433CA5-LeaderElection24] INFO  server.RaftServerConfigKeys (ConfUtils.java:logGet(43)) - raft.server.log.appender.buffer.byte-limit = 33554432 (custom)
2019-09-30 20:47:00,079 [5f20aede-face-49ed-b9e8-dbe29547179a@group-329730433CA5-LeaderElection24] INFO  server.RaftServerConfigKeys (ConfUtils.java:logGet(43)) - raft.server.log.appender.buffer.element-limit = 1 (custom)
2019-09-30 20:47:00,080 [5f20aede-face-49ed-b9e8-dbe29547179a@group-329730433CA5-LeaderElection24] INFO  grpc.GrpcConfigKeys$Server (ConfUtils.java:logGet(43)) - raft.grpc.server.leader.outstanding.appends.max = 128 (default)
2019-09-30 20:47:00,080 [5f20aede-face-49ed-b9e8-dbe29547179a@group-329730433CA5-LeaderElection24] INFO  server.RaftServerConfigKeys (ConfUtils.java:logGet(43)) - raft.server.rpc.request.timeout = 3000ms (default)
2019-09-30 20:47:00,080 [5f20aede-face-49ed-b9e8-dbe29547179a@group-329730433CA5-LeaderElection24] INFO  server.RaftServerConfigKeys (ConfUtils.java:logGet(43)) - raft.server.log.appender.install.snapshot.enabled = false (custom)
2019-09-30 20:47:00,080 [5f20aede-face-49ed-b9e8-dbe29547179a@group-329730433CA5-LeaderElection24] INFO  impl.RoleInfo (RoleInfo.java:updateAndGet(143)) - 5f20aede-face-49ed-b9e8-dbe29547179a: start LeaderState
2019-09-30 20:47:00,080 [5f20aede-face-49ed-b9e8-dbe29547179a@group-329730433CA5-LeaderElection24] INFO  segmented.SegmentedRaftLogWorker (SegmentedRaftLogWorker.java:rollLogSegment(390)) - 5f20aede-face-49ed-b9e8-dbe29547179a@group-329730433CA5-SegmentedRaftLogWorker: Rolling segment log-0_8 to index:8
2019-09-30 20:47:00,082 [5f20aede-face-49ed-b9e8-dbe29547179a@group-329730433CA5-LeaderElection24] INFO  impl.RaftServerImpl (ServerState.java:setRaftConf(356)) - 5f20aede-face-49ed-b9e8-dbe29547179a@group-329730433CA5: set configuration 9: [f4aeb726-a0ad-44bf-820c-a69213549e62:192.168.30.59:44327, 5f20aede-face-49ed-b9e8-dbe29547179a:192.168.30.59:34973, 566c5d8e-ae1d-43e7-9848-7b393c045f68:192.168.30.59:41560], old=null at 9
2019-09-30 20:47:00,083 [grpc-default-executor-9] WARN  server.GrpcLogAppender (LogUtils.java:warn(134)) - 5f20aede-face-49ed-b9e8-dbe29547179a@group-329730433CA5->566c5d8e-ae1d-43e7-9848-7b393c045f68-AppendLogResponseHandler: Failed appendEntries: org.apache.ratis.thirdparty.io.grpc.StatusRuntimeException: UNAVAILABLE: io exception
2019-09-30 20:47:00,084 [5f20aede-face-49ed-b9e8-dbe29547179a@group-329730433CA5-SegmentedRaftLogWorker] INFO  segmented.SegmentedRaftLogWorker (SegmentedRaftLogWorker.java:execute(531)) - 5f20aede-face-49ed-b9e8-dbe29547179a@group-329730433CA5-SegmentedRaftLogWorker: Rolled log segment from /workdir/hadoop-ozone/integration-test/target/test-dir/MiniOzoneClusterImpl-52fa08f5-cb3a-4744-95c3-64f108980532/datanode-5/data/ratis/bcffa281-db1d-4116-9b5e-329730433ca5/current/log_inprogress_0 to /workdir/hadoop-ozone/integration-test/target/test-dir/MiniOzoneClusterImpl-52fa08f5-cb3a-4744-95c3-64f108980532/datanode-5/data/ratis/bcffa281-db1d-4116-9b5e-329730433ca5/current/log_0-8
2019-09-30 20:47:00,085 [grpc-default-executor-9] INFO  impl.FollowerInfo (FollowerInfo.java:lambda$new$0(51)) - 5f20aede-face-49ed-b9e8-dbe29547179a@group-329730433CA5->566c5d8e-ae1d-43e7-9848-7b393c045f68: nextIndex: updateUnconditionally 9 -> 1
2019-09-30 20:47:00,085 [grpc-default-executor-8] INFO  impl.RaftServerImpl (ServerState.java:setLeader(255)) - f4aeb726-a0ad-44bf-820c-a69213549e62@group-329730433CA5: change Leader from null to 5f20aede-face-49ed-b9e8-dbe29547179a at term 2 for appendEntries, leader elected after 38ms
2019-09-30 20:47:00,111 [grpc-default-executor-8] INFO  impl.RaftServerImpl (ServerState.java:setRaftConf(356)) - f4aeb726-a0ad-44bf-820c-a69213549e62@group-329730433CA5: set configuration 9: [f4aeb726-a0ad-44bf-820c-a69213549e62:192.168.30.59:44327, 5f20aede-face-49ed-b9e8-dbe29547179a:192.168.30.59:34973, 566c5d8e-ae1d-43e7-9848-7b393c045f68:192.168.30.59:41560], old=null at 9
2019-09-30 20:47:00,111 [grpc-default-executor-8] INFO  segmented.SegmentedRaftLogWorker (SegmentedRaftLogWorker.java:rollLogSegment(390)) - f4aeb726-a0ad-44bf-820c-a69213549e62@group-329730433CA5-SegmentedRaftLogWorker: Rolling segment log-0_8 to index:8
2019-09-30 20:47:00,112 [f4aeb726-a0ad-44bf-820c-a69213549e62@group-329730433CA5-SegmentedRaftLogWorker] INFO  segmented.SegmentedRaftLogWorker (SegmentedRaftLogWorker.java:execute(531)) - f4aeb726-a0ad-44bf-820c-a69213549e62@group-329730433CA5-SegmentedRaftLogWorker: Rolled log segment from /workdir/hadoop-ozone/integration-test/target/test-dir/MiniOzoneClusterImpl-52fa08f5-cb3a-4744-95c3-64f108980532/datanode-0/data/ratis/bcffa281-db1d-4116-9b5e-329730433ca5/current/log_inprogress_0 to /workdir/hadoop-ozone/integration-test/target/test-dir/MiniOzoneClusterImpl-52fa08f5-cb3a-4744-95c3-64f108980532/datanode-0/data/ratis/bcffa281-db1d-4116-9b5e-329730433ca5/current/log_0-8
2019-09-30 20:47:00,131 [5f20aede-face-49ed-b9e8-dbe29547179a@group-329730433CA5-SegmentedRaftLogWorker] INFO  segmented.SegmentedRaftLogWorker (SegmentedRaftLogWorker.java:execute(574)) - 5f20aede-face-49ed-b9e8-dbe29547179a@group-329730433CA5-SegmentedRaftLogWorker: created new log segment /workdir/hadoop-ozone/integration-test/target/test-dir/MiniOzoneClusterImpl-52fa08f5-cb3a-4744-95c3-64f108980532/datanode-5/data/ratis/bcffa281-db1d-4116-9b5e-329730433ca5/current/log_inprogress_9
2019-09-30 20:47:00,155 [f4aeb726-a0ad-44bf-820c-a69213549e62@group-329730433CA5-SegmentedRaftLogWorker] INFO  segmented.SegmentedRaftLogWorker (SegmentedRaftLogWorker.java:execute(574)) - f4aeb726-a0ad-44bf-820c-a69213549e62@group-329730433CA5-SegmentedRaftLogWorker: created new log segment /workdir/hadoop-ozone/integration-test/target/test-dir/MiniOzoneClusterImpl-52fa08f5-cb3a-4744-95c3-64f108980532/datanode-0/data/ratis/bcffa281-db1d-4116-9b5e-329730433ca5/current/log_inprogress_9
2019-09-30 20:47:00,174 [grpc-default-executor-0] WARN  server.GrpcLogAppender (LogUtils.java:warn(134)) - 5f20aede-face-49ed-b9e8-dbe29547179a@group-329730433CA5->566c5d8e-ae1d-43e7-9848-7b393c045f68-AppendLogResponseHandler: Failed appendEntries: org.apache.ratis.thirdparty.io.grpc.StatusRuntimeException: UNAVAILABLE: io exception
2019-09-30 20:47:00,174 [grpc-default-executor-0] INFO  impl.FollowerInfo (FollowerInfo.java:lambda$new$0(51)) - 5f20aede-face-49ed-b9e8-dbe29547179a@group-329730433CA5->566c5d8e-ae1d-43e7-9848-7b393c045f68: nextIndex: updateUnconditionally 2 -> 1
2019-09-30 20:47:00,188 [grpc-default-executor-0] WARN  server.GrpcLogAppender (LogUtils.java:warn(134)) - 5f20aede-face-49ed-b9e8-dbe29547179a@group-329730433CA5->566c5d8e-ae1d-43e7-9848-7b393c045f68-AppendLogResponseHandler: Failed appendEntries: org.apache.ratis.thirdparty.io.grpc.StatusRuntimeException: UNAVAILABLE: io exception
2019-09-30 20:47:00,188 [grpc-default-executor-0] INFO  impl.FollowerInfo (FollowerInfo.java:lambda$new$0(51)) - 5f20aede-face-49ed-b9e8-dbe29547179a@group-329730433CA5->566c5d8e-ae1d-43e7-9848-7b393c045f68: nextIndex: updateUnconditionally 2 -> 1
2019-09-30 20:47:00,913 [ForkJoinPool.commonPool-worker-0] INFO  ozoneimpl.OzoneContainer (OzoneContainer.java:stop(231)) - Attempting to stop container services.
2019-09-30 20:47:00,914 [ForkJoinPool.commonPool-worker-0] INFO  impl.RaftServerProxy (RaftServerProxy.java:lambda$close$4(314)) - f4aeb726-a0ad-44bf-820c-a69213549e62: close
2019-09-30 20:47:00,914 [ForkJoinPool.commonPool-worker-0] INFO  impl.RaftServerImpl (RaftServerImpl.java:lambda$shutdown$3(247)) - f4aeb726-a0ad-44bf-820c-a69213549e62@group-A2293658F018: shutdown
2019-09-30 20:47:00,914 [ForkJoinPool.commonPool-worker-0] INFO  util.JmxRegister (JmxRegister.java:unregister(73)) - Successfully un-registered JMX Bean with object name Ratis:service=RaftServer,group=group-A2293658F018,id=f4aeb726-a0ad-44bf-820c-a69213549e62
2019-09-30 20:47:00,915 [ForkJoinPool.commonPool-worker-0] INFO  impl.RoleInfo (RoleInfo.java:shutdownLeaderState(104)) - f4aeb726-a0ad-44bf-820c-a69213549e62: shutdown LeaderState
2019-09-30 20:47:00,915 [ForkJoinPool.commonPool-worker-0] INFO  impl.PendingRequests (PendingRequests.java:sendNotLeaderResponses(202)) - f4aeb726-a0ad-44bf-820c-a69213549e62@group-A2293658F018-PendingRequests: sendNotLeaderResponses
2019-09-30 20:47:00,915 [ForkJoinPool.commonPool-worker-0] INFO  impl.StateMachineUpdater (StateMachineUpdater.java:stopAndJoin(136)) - f4aeb726-a0ad-44bf-820c-a69213549e62@group-A2293658F018-StateMachineUpdater: set stopIndex = 0
2019-09-30 20:47:00,915 [ForkJoinPool.commonPool-worker-0] INFO  impl.RaftServerImpl (ServerState.java:close(387)) - f4aeb726-a0ad-44bf-820c-a69213549e62@group-A2293658F018: closes. applyIndex: 0
2019-09-30 20:47:00,916 [f4aeb726-a0ad-44bf-820c-a69213549e62@group-A2293658F018-SegmentedRaftLogWorker] INFO  segmented.SegmentedRaftLogWorker (SegmentedRaftLogWorker.java:run(316)) - f4aeb726-a0ad-44bf-820c-a69213549e62@group-A2293658F018-SegmentedRaftLogWorker was interrupted, exiting. There are 0 tasks remaining in the queue.
2019-09-30 20:47:00,917 [ForkJoinPool.commonPool-worker-0] INFO  segmented.SegmentedRaftLogWorker (SegmentedRaftLogWorker.java:close(224)) - f4aeb726-a0ad-44bf-820c-a69213549e62@group-A2293658F018-SegmentedRaftLogWorker close()
2019-09-30 20:47:00,919 [ForkJoinPool.commonPool-worker-0] INFO  impl.RaftServerImpl (RaftServerImpl.java:lambda$shutdown$3(247)) - f4aeb726-a0ad-44bf-820c-a69213549e62@group-329730433CA5: shutdown
2019-09-30 20:47:00,919 [ForkJoinPool.commonPool-worker-0] INFO  util.JmxRegister (JmxRegister.java:unregister(73)) - Successfully un-registered JMX Bean with object name Ratis:service=RaftServer,group=group-329730433CA5,id=f4aeb726-a0ad-44bf-820c-a69213549e62
2019-09-30 20:47:00,919 [ForkJoinPool.commonPool-worker-0] INFO  impl.RoleInfo (RoleInfo.java:shutdownFollowerState(121)) - f4aeb726-a0ad-44bf-820c-a69213549e62: shutdown FollowerState
2019-09-30 20:47:00,919 [ForkJoinPool.commonPool-worker-0] INFO  impl.StateMachineUpdater (StateMachineUpdater.java:stopAndJoin(136)) - f4aeb726-a0ad-44bf-820c-a69213549e62@group-329730433CA5-StateMachineUpdater: set stopIndex = 9
2019-09-30 20:47:00,919 [Thread-1338] INFO  impl.FollowerState (FollowerState.java:run(117)) - f4aeb726-a0ad-44bf-820c-a69213549e62@group-329730433CA5-FollowerState was interrupted: java.lang.InterruptedException: sleep interrupted
2019-09-30 20:47:00,919 [f4aeb726-a0ad-44bf-820c-a69213549e62@group-329730433CA5-StateMachineUpdater] INFO  ratis.ContainerStateMachine (ContainerStateMachine.java:takeSnapshot(289)) - group-329730433CA5: Taking a snapshot at:(t:1, i:5) file /workdir/hadoop-ozone/integration-test/target/test-dir/MiniOzoneClusterImpl-52fa08f5-cb3a-4744-95c3-64f108980532/datanode-0/data/ratis/bcffa281-db1d-4116-9b5e-329730433ca5/sm/snapshot.1_5
2019-09-30 20:47:00,944 [f4aeb726-a0ad-44bf-820c-a69213549e62@group-329730433CA5-StateMachineUpdater] INFO  ratis.ContainerStateMachine (ContainerStateMachine.java:takeSnapshot(300)) - group-329730433CA5: Finished taking a snapshot at:(t:1, i:5) file:/workdir/hadoop-ozone/integration-test/target/test-dir/MiniOzoneClusterImpl-52fa08f5-cb3a-4744-95c3-64f108980532/datanode-0/data/ratis/bcffa281-db1d-4116-9b5e-329730433ca5/sm/snapshot.1_5 time:25
2019-09-30 20:47:00,944 [f4aeb726-a0ad-44bf-820c-a69213549e62@group-329730433CA5-StateMachineUpdater] INFO  impl.StateMachineUpdater (StateMachineUpdater.java:takeSnapshot(269)) - f4aeb726-a0ad-44bf-820c-a69213549e62@group-329730433CA5-StateMachineUpdater: Took a snapshot at index 5
2019-09-30 20:47:00,944 [f4aeb726-a0ad-44bf-820c-a69213549e62@group-329730433CA5-StateMachineUpdater] INFO  impl.StateMachineUpdater (StateMachineUpdater.java:lambda$new$0(84)) - f4aeb726-a0ad-44bf-820c-a69213549e62@group-329730433CA5-StateMachineUpdater: snapshotIndex: updateIncreasingly -1 -> 5
2019-09-30 20:47:00,944 [f4aeb726-a0ad-44bf-820c-a69213549e62@group-329730433CA5-StateMachineUpdater] INFO  ratis.ContainerStateMachine (ContainerStateMachine.java:takeSnapshot(289)) - group-329730433CA5: Taking a snapshot at:(t:1, i:5) file /workdir/hadoop-ozone/integration-test/target/test-dir/MiniOzoneClusterImpl-52fa08f5-cb3a-4744-95c3-64f108980532/datanode-0/data/ratis/bcffa281-db1d-4116-9b5e-329730433ca5/sm/snapshot.1_5
2019-09-30 20:47:00,956 [main] INFO  ozoneimpl.OzoneContainer (OzoneContainer.java:stop(231)) - Attempting to stop container services.
2019-09-30 20:47:00,956 [main] INFO  impl.RaftServerProxy (RaftServerProxy.java:lambda$close$4(314)) - c53950f3-8f19-419a-b5b3-1d18492f57d2: close
2019-09-30 20:47:00,956 [main] INFO  impl.RaftServerImpl (RaftServerImpl.java:lambda$shutdown$3(247)) - c53950f3-8f19-419a-b5b3-1d18492f57d2@group-EBDCECBE087F: shutdown
2019-09-30 20:47:00,956 [main] INFO  util.JmxRegister (JmxRegister.java:unregister(73)) - Successfully un-registered JMX Bean with object name Ratis:service=RaftServer,group=group-EBDCECBE087F,id=c53950f3-8f19-419a-b5b3-1d18492f57d2
2019-09-30 20:47:00,957 [main] INFO  impl.RoleInfo (RoleInfo.java:shutdownLeaderState(104)) - c53950f3-8f19-419a-b5b3-1d18492f57d2: shutdown LeaderState
2019-09-30 20:47:00,957 [main] INFO  impl.PendingRequests (PendingRequests.java:sendNotLeaderResponses(202)) - c53950f3-8f19-419a-b5b3-1d18492f57d2@group-EBDCECBE087F-PendingRequests: sendNotLeaderResponses
2019-09-30 20:47:00,957 [main] INFO  impl.StateMachineUpdater (StateMachineUpdater.java:stopAndJoin(136)) - c53950f3-8f19-419a-b5b3-1d18492f57d2@group-EBDCECBE087F-StateMachineUpdater: set stopIndex = 0
2019-09-30 20:47:00,957 [main] INFO  impl.RaftServerImpl (ServerState.java:close(387)) - c53950f3-8f19-419a-b5b3-1d18492f57d2@group-EBDCECBE087F: closes. applyIndex: 0
2019-09-30 20:47:00,958 [c53950f3-8f19-419a-b5b3-1d18492f57d2@group-EBDCECBE087F-SegmentedRaftLogWorker] INFO  segmented.SegmentedRaftLogWorker (SegmentedRaftLogWorker.java:run(316)) - c53950f3-8f19-419a-b5b3-1d18492f57d2@group-EBDCECBE087F-SegmentedRaftLogWorker was interrupted, exiting. There are 0 tasks remaining in the queue.
2019-09-30 20:47:00,966 [main] INFO  segmented.SegmentedRaftLogWorker (SegmentedRaftLogWorker.java:close(224)) - c53950f3-8f19-419a-b5b3-1d18492f57d2@group-EBDCECBE087F-SegmentedRaftLogWorker close()
2019-09-30 20:47:00,972 [main] INFO  server.GrpcService (GrpcService.java:closeImpl(164)) - c53950f3-8f19-419a-b5b3-1d18492f57d2: shutdown server with port 40277 now
2019-09-30 20:47:00,972 [f4aeb726-a0ad-44bf-820c-a69213549e62@group-329730433CA5-StateMachineUpdater] INFO  ratis.ContainerStateMachine (ContainerStateMachine.java:takeSnapshot(300)) - group-329730433CA5: Finished taking a snapshot at:(t:1, i:5) file:/workdir/hadoop-ozone/integration-test/target/test-dir/MiniOzoneClusterImpl-52fa08f5-cb3a-4744-95c3-64f108980532/datanode-0/data/ratis/bcffa281-db1d-4116-9b5e-329730433ca5/sm/snapshot.1_5 time:28
2019-09-30 20:47:00,974 [main] INFO  server.GrpcService (GrpcService.java:closeImpl(172)) - c53950f3-8f19-419a-b5b3-1d18492f57d2: shutdown server with port 40277 successfully
2019-09-30 20:47:00,974 [f4aeb726-a0ad-44bf-820c-a69213549e62@group-329730433CA5-StateMachineUpdater] INFO  impl.StateMachineUpdater (StateMachineUpdater.java:takeSnapshot(269)) - f4aeb726-a0ad-44bf-820c-a69213549e62@group-329730433CA5-StateMachineUpdater: Took a snapshot at index 5
2019-09-30 20:47:00,974 [f4aeb726-a0ad-44bf-820c-a69213549e62@group-329730433CA5-StateMachineUpdater] INFO  impl.StateMachineUpdater (StateMachineUpdater.java:lambda$new$0(84)) - f4aeb726-a0ad-44bf-820c-a69213549e62@group-329730433CA5-StateMachineUpdater: snapshotIndex: updateIncreasingly 5 -> 5
2019-09-30 20:47:00,974 [ForkJoinPool.commonPool-worker-0] INFO  impl.RaftServerImpl (ServerState.java:close(387)) - f4aeb726-a0ad-44bf-820c-a69213549e62@group-329730433CA5: closes. applyIndex: 9
2019-09-30 20:47:00,975 [f4aeb726-a0ad-44bf-820c-a69213549e62@group-329730433CA5-SegmentedRaftLogWorker] INFO  segmented.SegmentedRaftLogWorker (SegmentedRaftLogWorker.java:run(316)) - f4aeb726-a0ad-44bf-820c-a69213549e62@group-329730433CA5-SegmentedRaftLogWorker was interrupted, exiting. There are 0 tasks remaining in the queue.
2019-09-30 20:47:00,975 [refreshUsed-/workdir/hadoop-ozone/integration-test/target/test-dir/MiniOzoneClusterImpl-52fa08f5-cb3a-4744-95c3-64f108980532/datanode-6/data/containers] WARN  fs.CachingGetSpaceUsed (CachingGetSpaceUsed.java:run(183)) - Thread Interrupted waiting to refresh disk information: sleep interrupted
2019-09-30 20:47:00,975 [ForkJoinPool.commonPool-worker-0] INFO  segmented.SegmentedRaftLogWorker (SegmentedRaftLogWorker.java:close(224)) - f4aeb726-a0ad-44bf-820c-a69213549e62@group-329730433CA5-SegmentedRaftLogWorker close()
2019-09-30 20:47:00,975 [ForkJoinPool.commonPool-worker-0] INFO  server.GrpcService (GrpcService.java:closeImpl(164)) - f4aeb726-a0ad-44bf-820c-a69213549e62: shutdown server with port 44327 now
2019-09-30 20:47:00,976 [ForkJoinPool.commonPool-worker-0] INFO  server.GrpcService (GrpcService.java:closeImpl(172)) - f4aeb726-a0ad-44bf-820c-a69213549e62: shutdown server with port 44327 successfully
2019-09-30 20:47:00,976 [grpc-default-executor-8] WARN  server.GrpcLogAppender (LogUtils.java:warn(134)) - 5f20aede-face-49ed-b9e8-dbe29547179a@group-329730433CA5->f4aeb726-a0ad-44bf-820c-a69213549e62-AppendLogResponseHandler: Failed appendEntries: org.apache.ratis.thirdparty.io.grpc.StatusRuntimeException: CANCELLED: HTTP/2 error code: CANCEL
Received Rst Stream
2019-09-30 20:47:00,976 [grpc-default-executor-9] WARN  server.GrpcServerProtocolService (LogUtils.java:warn(134)) - f4aeb726-a0ad-44bf-820c-a69213549e62: installSnapshot onError, lastRequest: 5f20aede-face-49ed-b9e8-dbe29547179a->f4aeb726-a0ad-44bf-820c-a69213549e62#2-t2, previous=(t:2, i:9), leaderCommit=9, initializing? false, entries: size=1, first=(t:2, i:10), METADATAENTRY(c9): org.apache.ratis.thirdparty.io.grpc.StatusRuntimeException: CANCELLED: cancelled before receiving half close
2019-09-30 20:47:00,977 [grpc-default-executor-8] INFO  impl.FollowerInfo (FollowerInfo.java:lambda$new$0(51)) - 5f20aede-face-49ed-b9e8-dbe29547179a@group-329730433CA5->f4aeb726-a0ad-44bf-820c-a69213549e62: nextIndex: updateUnconditionally 11 -> 10
2019-09-30 20:47:00,977 [refreshUsed-/workdir/hadoop-ozone/integration-test/target/test-dir/MiniOzoneClusterImpl-52fa08f5-cb3a-4744-95c3-64f108980532/datanode-0/data/containers] WARN  fs.CachingGetSpaceUsed (CachingGetSpaceUsed.java:run(183)) - Thread Interrupted waiting to refresh disk information: sleep interrupted
2019-09-30 20:47:00,989 [main] INFO  utils.BackgroundService (BackgroundService.java:shutdown(148)) - Shutting down service BlockDeletingService
2019-09-30 20:47:00,992 [main] INFO  statemachine.DatanodeStateMachine (DatanodeStateMachine.java:stopDaemon(395)) - Ozone container server stopped.
2019-09-30 20:47:00,993 [main] INFO  handler.ContextHandler (ContextHandler.java:doStop(910)) - Stopped o.e.j.w.WebAppContext@67b355c8{/,null,UNAVAILABLE}{/hddsDatanode}
2019-09-30 20:47:00,994 [main] INFO  server.AbstractConnector (AbstractConnector.java:doStop(318)) - Stopped ServerConnector@388623ad{HTTP/1.1,[http/1.1]}{0.0.0.0:0}
2019-09-30 20:47:00,994 [main] INFO  handler.ContextHandler (ContextHandler.java:doStop(910)) - Stopped o.e.j.s.ServletContextHandler@3596b249{/static,jar:file:/home/user/.m2/repository/org/apache/hadoop/hadoop-hdds-container-service/0.5.0-SNAPSHOT/hadoop-hdds-container-service-0.5.0-SNAPSHOT.jar!/webapps/static,UNAVAILABLE}
2019-09-30 20:47:00,994 [main] INFO  handler.ContextHandler (ContextHandler.java:doStop(910)) - Stopped o.e.j.s.ServletContextHandler@4519f676{/logs,file:///workdir/hadoop-ozone/integration-test/target/log,UNAVAILABLE}
2019-09-30 20:47:00,995 [ForkJoinPool.commonPool-worker-0] INFO  utils.BackgroundService (BackgroundService.java:shutdown(148)) - Shutting down service BlockDeletingService
2019-09-30 20:47:00,998 [ForkJoinPool.commonPool-worker-0] INFO  statemachine.DatanodeStateMachine (DatanodeStateMachine.java:stopDaemon(395)) - Ozone container server stopped.
2019-09-30 20:47:01,000 [ForkJoinPool.commonPool-worker-0] INFO  handler.ContextHandler (ContextHandler.java:doStop(910)) - Stopped o.e.j.w.WebAppContext@2fe74516{/,null,UNAVAILABLE}{/hddsDatanode}
2019-09-30 20:47:01,001 [ForkJoinPool.commonPool-worker-0] INFO  server.AbstractConnector (AbstractConnector.java:doStop(318)) - Stopped ServerConnector@1c3259fa{HTTP/1.1,[http/1.1]}{0.0.0.0:0}
2019-09-30 20:47:01,003 [ForkJoinPool.commonPool-worker-0] INFO  handler.ContextHandler (ContextHandler.java:doStop(910)) - Stopped o.e.j.s.ServletContextHandler@36b9cb99{/static,jar:file:/home/user/.m2/repository/org/apache/hadoop/hadoop-hdds-container-service/0.5.0-SNAPSHOT/hadoop-hdds-container-service-0.5.0-SNAPSHOT.jar!/webapps/static,UNAVAILABLE}
2019-09-30 20:47:01,003 [ForkJoinPool.commonPool-worker-0] INFO  handler.ContextHandler (ContextHandler.java:doStop(910)) - Stopped o.e.j.s.ServletContextHandler@2dd8ff1d{/logs,file:///workdir/hadoop-ozone/integration-test/target/log,UNAVAILABLE}
2019-09-30 20:47:01,884 [Datanode State Machine Thread - 0] INFO  statemachine.DatanodeStateMachine (DatanodeStateMachine.java:lambda$startDaemon$0(350)) - Ozone container server started.
2019-09-30 20:47:02,695 [grpc-default-executor-0] WARN  server.GrpcLogAppender (LogUtils.java:warn(134)) - 5f20aede-face-49ed-b9e8-dbe29547179a@group-329730433CA5->f4aeb726-a0ad-44bf-820c-a69213549e62-AppendLogResponseHandler: Failed appendEntries: org.apache.ratis.thirdparty.io.grpc.StatusRuntimeException: UNAVAILABLE: io exception
2019-09-30 20:47:02,696 [grpc-default-executor-0] INFO  impl.FollowerInfo (FollowerInfo.java:lambda$new$0(51)) - 5f20aede-face-49ed-b9e8-dbe29547179a@group-329730433CA5->f4aeb726-a0ad-44bf-820c-a69213549e62: nextIndex: updateUnconditionally 10 -> 9
2019-09-30 20:47:02,696 [grpc-default-executor-7] WARN  server.GrpcLogAppender (LogUtils.java:warn(134)) - 5f20aede-face-49ed-b9e8-dbe29547179a@group-329730433CA5->566c5d8e-ae1d-43e7-9848-7b393c045f68-AppendLogResponseHandler: Failed appendEntries: org.apache.ratis.thirdparty.io.grpc.StatusRuntimeException: UNAVAILABLE: io exception
2019-09-30 20:47:02,696 [grpc-default-executor-7] INFO  impl.FollowerInfo (FollowerInfo.java:lambda$new$0(51)) - 5f20aede-face-49ed-b9e8-dbe29547179a@group-329730433CA5->566c5d8e-ae1d-43e7-9848-7b393c045f68: nextIndex: updateUnconditionally 1 -> 0
2019-09-30 20:47:05,192 [grpc-default-executor-0] WARN  server.GrpcLogAppender (LogUtils.java:warn(134)) - 5f20aede-face-49ed-b9e8-dbe29547179a@group-329730433CA5->566c5d8e-ae1d-43e7-9848-7b393c045f68-AppendLogResponseHandler: Failed appendEntries: org.apache.ratis.thirdparty.io.grpc.StatusRuntimeException: UNAVAILABLE: io exception
2019-09-30 20:47:05,192 [grpc-default-executor-7] WARN  server.GrpcLogAppender (LogUtils.java:warn(134)) - 5f20aede-face-49ed-b9e8-dbe29547179a@group-329730433CA5->f4aeb726-a0ad-44bf-820c-a69213549e62-AppendLogResponseHandler: Failed appendEntries: org.apache.ratis.thirdparty.io.grpc.StatusRuntimeException: UNAVAILABLE: io exception
2019-09-30 20:47:05,194 [grpc-default-executor-0] INFO  impl.FollowerInfo (FollowerInfo.java:lambda$new$0(51)) - 5f20aede-face-49ed-b9e8-dbe29547179a@group-329730433CA5->566c5d8e-ae1d-43e7-9848-7b393c045f68: nextIndex: updateUnconditionally 0 -> 0
2019-09-30 20:47:05,194 [grpc-default-executor-7] INFO  impl.FollowerInfo (FollowerInfo.java:lambda$new$0(51)) - 5f20aede-face-49ed-b9e8-dbe29547179a@group-329730433CA5->f4aeb726-a0ad-44bf-820c-a69213549e62: nextIndex: updateUnconditionally 9 -> 8
2019-09-30 20:47:05,998 [main] INFO  ozoneimpl.OzoneContainer (OzoneContainer.java:stop(231)) - Attempting to stop container services.
2019-09-30 20:47:05,999 [main] INFO  impl.RaftServerProxy (RaftServerProxy.java:lambda$close$4(314)) - 5f20aede-face-49ed-b9e8-dbe29547179a: close
2019-09-30 20:47:06,000 [main] INFO  impl.RaftServerImpl (RaftServerImpl.java:lambda$shutdown$3(247)) - 5f20aede-face-49ed-b9e8-dbe29547179a@group-329730433CA5: shutdown
2019-09-30 20:47:06,000 [main] INFO  util.JmxRegister (JmxRegister.java:unregister(73)) - Successfully un-registered JMX Bean with object name Ratis:service=RaftServer,group=group-329730433CA5,id=5f20aede-face-49ed-b9e8-dbe29547179a
2019-09-30 20:47:06,001 [main] INFO  impl.RoleInfo (RoleInfo.java:shutdownLeaderState(104)) - 5f20aede-face-49ed-b9e8-dbe29547179a: shutdown LeaderState
2019-09-30 20:47:06,004 [org.apache.ratis.server.impl.LogAppender$AppenderDaemon$$Lambda$509/1468896615@40979f24] WARN  server.GrpcLogAppender (GrpcLogAppender.java:mayWait(143)) - 5f20aede-face-49ed-b9e8-dbe29547179a@group-329730433CA5->f4aeb726-a0ad-44bf-820c-a69213549e62-GrpcLogAppender: Wait interrupted by java.lang.InterruptedException
2019-09-30 20:47:06,004 [org.apache.ratis.server.impl.LogAppender$AppenderDaemon$$Lambda$509/1468896615@66758a02] WARN  server.GrpcLogAppender (GrpcLogAppender.java:mayWait(143)) - 5f20aede-face-49ed-b9e8-dbe29547179a@group-329730433CA5->566c5d8e-ae1d-43e7-9848-7b393c045f68-GrpcLogAppender: Wait interrupted by java.lang.InterruptedException
2019-09-30 20:47:06,004 [main] INFO  impl.PendingRequests (PendingRequests.java:sendNotLeaderResponses(202)) - 5f20aede-face-49ed-b9e8-dbe29547179a@group-329730433CA5-PendingRequests: sendNotLeaderResponses
2019-09-30 20:47:06,005 [main] INFO  impl.StateMachineUpdater (StateMachineUpdater.java:stopAndJoin(136)) - 5f20aede-face-49ed-b9e8-dbe29547179a@group-329730433CA5-StateMachineUpdater: set stopIndex = 10
2019-09-30 20:47:06,005 [5f20aede-face-49ed-b9e8-dbe29547179a@group-329730433CA5-StateMachineUpdater] INFO  ratis.ContainerStateMachine (ContainerStateMachine.java:takeSnapshot(289)) - group-329730433CA5: Taking a snapshot at:(t:1, i:5) file /workdir/hadoop-ozone/integration-test/target/test-dir/MiniOzoneClusterImpl-52fa08f5-cb3a-4744-95c3-64f108980532/datanode-5/data/ratis/bcffa281-db1d-4116-9b5e-329730433ca5/sm/snapshot.1_5
2019-09-30 20:47:06,019 [5f20aede-face-49ed-b9e8-dbe29547179a@group-329730433CA5-StateMachineUpdater] INFO  ratis.ContainerStateMachine (ContainerStateMachine.java:takeSnapshot(300)) - group-329730433CA5: Finished taking a snapshot at:(t:1, i:5) file:/workdir/hadoop-ozone/integration-test/target/test-dir/MiniOzoneClusterImpl-52fa08f5-cb3a-4744-95c3-64f108980532/datanode-5/data/ratis/bcffa281-db1d-4116-9b5e-329730433ca5/sm/snapshot.1_5 time:14
2019-09-30 20:47:06,020 [5f20aede-face-49ed-b9e8-dbe29547179a@group-329730433CA5-StateMachineUpdater] INFO  impl.StateMachineUpdater (StateMachineUpdater.java:takeSnapshot(269)) - 5f20aede-face-49ed-b9e8-dbe29547179a@group-329730433CA5-StateMachineUpdater: Took a snapshot at index 5
2019-09-30 20:47:06,020 [5f20aede-face-49ed-b9e8-dbe29547179a@group-329730433CA5-StateMachineUpdater] INFO  impl.StateMachineUpdater (StateMachineUpdater.java:lambda$new$0(84)) - 5f20aede-face-49ed-b9e8-dbe29547179a@group-329730433CA5-StateMachineUpdater: snapshotIndex: updateIncreasingly -1 -> 5
2019-09-30 20:47:06,020 [5f20aede-face-49ed-b9e8-dbe29547179a@group-329730433CA5-StateMachineUpdater] INFO  ratis.ContainerStateMachine (ContainerStateMachine.java:takeSnapshot(289)) - group-329730433CA5: Taking a snapshot at:(t:1, i:5) file /workdir/hadoop-ozone/integration-test/target/test-dir/MiniOzoneClusterImpl-52fa08f5-cb3a-4744-95c3-64f108980532/datanode-5/data/ratis/bcffa281-db1d-4116-9b5e-329730433ca5/sm/snapshot.1_5
2019-09-30 20:47:06,043 [5f20aede-face-49ed-b9e8-dbe29547179a@group-329730433CA5-StateMachineUpdater] INFO  ratis.ContainerStateMachine (ContainerStateMachine.java:takeSnapshot(300)) - group-329730433CA5: Finished taking a snapshot at:(t:1, i:5) file:/workdir/hadoop-ozone/integration-test/target/test-dir/MiniOzoneClusterImpl-52fa08f5-cb3a-4744-95c3-64f108980532/datanode-5/data/ratis/bcffa281-db1d-4116-9b5e-329730433ca5/sm/snapshot.1_5 time:23
2019-09-30 20:47:06,043 [5f20aede-face-49ed-b9e8-dbe29547179a@group-329730433CA5-StateMachineUpdater] INFO  impl.StateMachineUpdater (StateMachineUpdater.java:takeSnapshot(269)) - 5f20aede-face-49ed-b9e8-dbe29547179a@group-329730433CA5-StateMachineUpdater: Took a snapshot at index 5
2019-09-30 20:47:06,043 [5f20aede-face-49ed-b9e8-dbe29547179a@group-329730433CA5-StateMachineUpdater] INFO  impl.StateMachineUpdater (StateMachineUpdater.java:lambda$new$0(84)) - 5f20aede-face-49ed-b9e8-dbe29547179a@group-329730433CA5-StateMachineUpdater: snapshotIndex: updateIncreasingly 5 -> 5
2019-09-30 20:47:06,044 [main] INFO  impl.RaftServerImpl (ServerState.java:close(387)) - 5f20aede-face-49ed-b9e8-dbe29547179a@group-329730433CA5: closes. applyIndex: 10
2019-09-30 20:47:06,045 [5f20aede-face-49ed-b9e8-dbe29547179a@group-329730433CA5-SegmentedRaftLogWorker] INFO  segmented.SegmentedRaftLogWorker (SegmentedRaftLogWorker.java:run(316)) - 5f20aede-face-49ed-b9e8-dbe29547179a@group-329730433CA5-SegmentedRaftLogWorker was interrupted, exiting. There are 0 tasks remaining in the queue.
2019-09-30 20:47:06,045 [main] INFO  segmented.SegmentedRaftLogWorker (SegmentedRaftLogWorker.java:close(224)) - 5f20aede-face-49ed-b9e8-dbe29547179a@group-329730433CA5-SegmentedRaftLogWorker close()
2019-09-30 20:47:06,046 [main] INFO  impl.RaftServerImpl (RaftServerImpl.java:lambda$shutdown$3(247)) - 5f20aede-face-49ed-b9e8-dbe29547179a@group-383433FEB2A7: shutdown
2019-09-30 20:47:06,046 [main] INFO  util.JmxRegister (JmxRegister.java:unregister(73)) - Successfully un-registered JMX Bean with object name Ratis:service=RaftServer,group=group-383433FEB2A7,id=5f20aede-face-49ed-b9e8-dbe29547179a
2019-09-30 20:47:06,047 [main] INFO  impl.RoleInfo (RoleInfo.java:shutdownLeaderState(104)) - 5f20aede-face-49ed-b9e8-dbe29547179a: shutdown LeaderState
2019-09-30 20:47:06,047 [main] INFO  impl.PendingRequests (PendingRequests.java:sendNotLeaderResponses(202)) - 5f20aede-face-49ed-b9e8-dbe29547179a@group-383433FEB2A7-PendingRequests: sendNotLeaderResponses
2019-09-30 20:47:06,048 [main] INFO  impl.StateMachineUpdater (StateMachineUpdater.java:stopAndJoin(136)) - 5f20aede-face-49ed-b9e8-dbe29547179a@group-383433FEB2A7-StateMachineUpdater: set stopIndex = 0
2019-09-30 20:47:06,048 [main] INFO  impl.RaftServerImpl (ServerState.java:close(387)) - 5f20aede-face-49ed-b9e8-dbe29547179a@group-383433FEB2A7: closes. applyIndex: 0
2019-09-30 20:47:06,049 [5f20aede-face-49ed-b9e8-dbe29547179a@group-383433FEB2A7-SegmentedRaftLogWorker] INFO  segmented.SegmentedRaftLogWorker (SegmentedRaftLogWorker.java:run(316)) - 5f20aede-face-49ed-b9e8-dbe29547179a@group-383433FEB2A7-SegmentedRaftLogWorker was interrupted, exiting. There are 0 tasks remaining in the queue.
2019-09-30 20:47:06,049 [main] INFO  segmented.SegmentedRaftLogWorker (SegmentedRaftLogWorker.java:close(224)) - 5f20aede-face-49ed-b9e8-dbe29547179a@group-383433FEB2A7-SegmentedRaftLogWorker close()
2019-09-30 20:47:06,050 [main] INFO  server.GrpcService (GrpcService.java:closeImpl(164)) - 5f20aede-face-49ed-b9e8-dbe29547179a: shutdown server with port 34973 now
2019-09-30 20:47:06,050 [main] INFO  server.GrpcService (GrpcService.java:closeImpl(172)) - 5f20aede-face-49ed-b9e8-dbe29547179a: shutdown server with port 34973 successfully
2019-09-30 20:47:06,052 [refreshUsed-/workdir/hadoop-ozone/integration-test/target/test-dir/MiniOzoneClusterImpl-52fa08f5-cb3a-4744-95c3-64f108980532/datanode-5/data/containers] WARN  fs.CachingGetSpaceUsed (CachingGetSpaceUsed.java:run(183)) - Thread Interrupted waiting to refresh disk information: sleep interrupted
2019-09-30 20:47:06,072 [main] INFO  utils.BackgroundService (BackgroundService.java:shutdown(148)) - Shutting down service BlockDeletingService
2019-09-30 20:47:06,076 [main] INFO  statemachine.DatanodeStateMachine (DatanodeStateMachine.java:stopDaemon(395)) - Ozone container server stopped.
2019-09-30 20:47:06,077 [main] INFO  handler.ContextHandler (ContextHandler.java:doStop(910)) - Stopped o.e.j.w.WebAppContext@5e13f156{/,null,UNAVAILABLE}{/hddsDatanode}
2019-09-30 20:47:06,078 [main] INFO  server.AbstractConnector (AbstractConnector.java:doStop(318)) - Stopped ServerConnector@310ed6b4{HTTP/1.1,[http/1.1]}{0.0.0.0:0}
2019-09-30 20:47:06,078 [main] INFO  handler.ContextHandler (ContextHandler.java:doStop(910)) - Stopped o.e.j.s.ServletContextHandler@7f9e8421{/static,jar:file:/home/user/.m2/repository/org/apache/hadoop/hadoop-hdds-container-service/0.5.0-SNAPSHOT/hadoop-hdds-container-service-0.5.0-SNAPSHOT.jar!/webapps/static,UNAVAILABLE}
2019-09-30 20:47:06,079 [main] INFO  handler.ContextHandler (ContextHandler.java:doStop(910)) - Stopped o.e.j.s.ServletContextHandler@4a8ffd75{/logs,file:///workdir/hadoop-ozone/integration-test/target/log,UNAVAILABLE}
2019-09-30 20:47:06,080 [main] INFO  ozone.MiniOzoneClusterImpl (MiniOzoneClusterImpl.java:stopSCM(392)) - Stopping the StorageContainerManager
2019-09-30 20:47:06,080 [main] INFO  server.StorageContainerManager (StorageContainerManager.java:stop(808)) - Stopping Replication Manager Service.
2019-09-30 20:47:06,080 [main] INFO  container.ReplicationManager (ReplicationManager.java:stop(203)) - Stopping Replication Monitor Thread.
2019-09-30 20:47:06,080 [main] INFO  server.StorageContainerManager (StorageContainerManager.java:stop(815)) - Stopping Lease Manager of the command watchers
2019-09-30 20:47:06,081 [main] INFO  server.StorageContainerManager (StorageContainerManager.java:stop(822)) - Stopping datanode service RPC server
2019-09-30 20:47:06,081 [main] INFO  server.SCMDatanodeProtocolServer (SCMDatanodeProtocolServer.java:stop(367)) - Stopping the RPC server for DataNodes
2019-09-30 20:47:06,081 [main] INFO  ipc.Server (Server.java:stop(3082)) - Stopping server on 39722
2019-09-30 20:47:06,083 [IPC Server listener on 39722] INFO  ipc.Server (Server.java:run(1185)) - Stopping IPC Server listener on 39722
2019-09-30 20:47:06,083 [IPC Server Responder] INFO  ipc.Server (Server.java:run(1319)) - Stopping IPC Server Responder
2019-09-30 20:47:06,125 [SCM Heartbeat Processing Thread - 0] WARN  node.NodeStateManager (NodeStateManager.java:scheduleNextHealthCheck(646)) - Current Thread is interrupted, shutting down HB processing thread for Node Manager.
2019-09-30 20:47:06,125 [main] INFO  server.StorageContainerManager (StorageContainerManager.java:stop(830)) - Stopping block service RPC server
2019-09-30 20:47:06,125 [main] INFO  server.SCMBlockProtocolServer (SCMBlockProtocolServer.java:stop(155)) - Stopping the RPC server for Block Protocol
2019-09-30 20:47:06,125 [main] INFO  ipc.Server (Server.java:stop(3082)) - Stopping server on 39971
2019-09-30 20:47:06,127 [IPC Server listener on 39971] INFO  ipc.Server (Server.java:run(1185)) - Stopping IPC Server listener on 39971
2019-09-30 20:47:06,127 [main] INFO  server.StorageContainerManager (StorageContainerManager.java:stop(837)) - Stopping the StorageContainerLocationProtocol RPC server
2019-09-30 20:47:06,127 [IPC Server Responder] INFO  ipc.Server (Server.java:run(1319)) - Stopping IPC Server Responder
2019-09-30 20:47:06,128 [main] INFO  server.SCMClientProtocolServer (SCMClientProtocolServer.java:stop(158)) - Stopping the RPC server for Client Protocol
2019-09-30 20:47:06,128 [main] INFO  ipc.Server (Server.java:stop(3082)) - Stopping server on 41626
2019-09-30 20:47:06,130 [IPC Server listener on 41626] INFO  ipc.Server (Server.java:run(1185)) - Stopping IPC Server listener on 41626
2019-09-30 20:47:06,130 [main] INFO  server.StorageContainerManager (StorageContainerManager.java:stop(844)) - Stopping Storage Container Manager HTTP server.
2019-09-30 20:47:06,130 [IPC Server Responder] INFO  ipc.Server (Server.java:run(1319)) - Stopping IPC Server Responder
2019-09-30 20:47:06,132 [main] INFO  handler.ContextHandler (ContextHandler.java:doStop(910)) - Stopped o.e.j.w.WebAppContext@56e9a474{/,null,UNAVAILABLE}{/scm}
2019-09-30 20:47:06,132 [main] INFO  server.AbstractConnector (AbstractConnector.java:doStop(318)) - Stopped ServerConnector@45b15381{HTTP/1.1,[http/1.1]}{0.0.0.0:0}
2019-09-30 20:47:06,133 [main] INFO  handler.ContextHandler (ContextHandler.java:doStop(910)) - Stopped o.e.j.s.ServletContextHandler@bc6288b{/static,file:///workdir/hadoop-ozone/integration-test/target/test-classes/webapps/static,UNAVAILABLE}
2019-09-30 20:47:06,133 [main] INFO  handler.ContextHandler (ContextHandler.java:doStop(910)) - Stopped o.e.j.s.ServletContextHandler@49a6f486{/logs,file:///workdir/hadoop-ozone/integration-test/target/log,UNAVAILABLE}
2019-09-30 20:47:06,134 [main] INFO  server.StorageContainerManager (StorageContainerManager.java:stop(855)) - Stopping Block Manager Service.
2019-09-30 20:47:06,134 [main] INFO  utils.BackgroundService (BackgroundService.java:shutdown(148)) - Shutting down service SCMBlockDeletingService
2019-09-30 20:47:06,134 [main] INFO  utils.BackgroundService (BackgroundService.java:shutdown(148)) - Shutting down service SCMBlockDeletingService
2019-09-30 20:47:06,135 [main] INFO  server.StorageContainerManager (StorageContainerManager.java:stop(877)) - Stopping SCM Event Queue.
2019-09-30 20:47:06,138 [main] INFO  impl.MetricsSystemImpl (MetricsSystemImpl.java:stop(210)) - Stopping HddsDatanode metrics system...
2019-09-30 20:47:06,151 [main] INFO  impl.MetricsSystemImpl (MetricsSystemImpl.java:stop(216)) - HddsDatanode metrics system stopped.
]]></system-out>
    <system-err><![CDATA[Sep 30, 2019 8:46:50 PM org.apache.ratis.thirdparty.io.grpc.internal.SerializingExecutor run
SEVERE: Exception while executing runnable org.apache.ratis.thirdparty.io.grpc.internal.ServerImpl$JumpToApplicationThreadServerStreamListener$1Closed@1dd658da
org.apache.ratis.thirdparty.io.grpc.StatusRuntimeException: CANCELLED: call already cancelled
	at org.apache.ratis.thirdparty.io.grpc.Status.asRuntimeException(Status.java:517)
	at org.apache.ratis.thirdparty.io.grpc.stub.ServerCalls$ServerCallStreamObserverImpl.onCompleted(ServerCalls.java:356)
	at org.apache.ratis.grpc.server.GrpcServerProtocolService$ServerRequestStreamObserver.onError(GrpcServerProtocolService.java:121)
	at org.apache.ratis.thirdparty.io.grpc.stub.ServerCalls$StreamingServerCallHandler$StreamingServerCallListener.onCancel(ServerCalls.java:269)
	at org.apache.ratis.thirdparty.io.grpc.internal.ServerCallImpl$ServerStreamListenerImpl.closed(ServerCallImpl.java:293)
	at org.apache.ratis.thirdparty.io.grpc.internal.ServerImpl$JumpToApplicationThreadServerStreamListener$1Closed.runInContext(ServerImpl.java:741)
	at org.apache.ratis.thirdparty.io.grpc.internal.ContextRunnable.run(ContextRunnable.java:37)
	at org.apache.ratis.thirdparty.io.grpc.internal.SerializingExecutor.run(SerializingExecutor.java:123)
	at java.util.concurrent.ThreadPoolExecutor.runWorker(ThreadPoolExecutor.java:1149)
	at java.util.concurrent.ThreadPoolExecutor$Worker.run(ThreadPoolExecutor.java:624)
	at java.lang.Thread.run(Thread.java:748)

Sep 30, 2019 8:46:50 PM org.apache.ratis.thirdparty.io.grpc.internal.SerializingExecutor run
SEVERE: Exception while executing runnable org.apache.ratis.thirdparty.io.grpc.internal.ServerImpl$JumpToApplicationThreadServerStreamListener$1Closed@20f7efdb
org.apache.ratis.thirdparty.io.grpc.StatusRuntimeException: CANCELLED: call already cancelled
	at org.apache.ratis.thirdparty.io.grpc.Status.asRuntimeException(Status.java:517)
	at org.apache.ratis.thirdparty.io.grpc.stub.ServerCalls$ServerCallStreamObserverImpl.onCompleted(ServerCalls.java:356)
	at org.apache.ratis.grpc.server.GrpcServerProtocolService$ServerRequestStreamObserver.onError(GrpcServerProtocolService.java:121)
	at org.apache.ratis.thirdparty.io.grpc.stub.ServerCalls$StreamingServerCallHandler$StreamingServerCallListener.onCancel(ServerCalls.java:269)
	at org.apache.ratis.thirdparty.io.grpc.internal.ServerCallImpl$ServerStreamListenerImpl.closed(ServerCallImpl.java:293)
	at org.apache.ratis.thirdparty.io.grpc.internal.ServerImpl$JumpToApplicationThreadServerStreamListener$1Closed.runInContext(ServerImpl.java:741)
	at org.apache.ratis.thirdparty.io.grpc.internal.ContextRunnable.run(ContextRunnable.java:37)
	at org.apache.ratis.thirdparty.io.grpc.internal.SerializingExecutor.run(SerializingExecutor.java:123)
	at java.util.concurrent.ThreadPoolExecutor.runWorker(ThreadPoolExecutor.java:1149)
	at java.util.concurrent.ThreadPoolExecutor$Worker.run(ThreadPoolExecutor.java:624)
	at java.lang.Thread.run(Thread.java:748)

Sep 30, 2019 8:47:00 PM org.apache.ratis.thirdparty.io.grpc.internal.SerializingExecutor run
SEVERE: Exception while executing runnable org.apache.ratis.thirdparty.io.grpc.internal.ServerImpl$JumpToApplicationThreadServerStreamListener$1Closed@13e4603b
org.apache.ratis.thirdparty.io.grpc.StatusRuntimeException: CANCELLED: call already cancelled
	at org.apache.ratis.thirdparty.io.grpc.Status.asRuntimeException(Status.java:517)
	at org.apache.ratis.thirdparty.io.grpc.stub.ServerCalls$ServerCallStreamObserverImpl.onCompleted(ServerCalls.java:356)
	at org.apache.ratis.grpc.server.GrpcServerProtocolService$ServerRequestStreamObserver.onError(GrpcServerProtocolService.java:121)
	at org.apache.ratis.thirdparty.io.grpc.stub.ServerCalls$StreamingServerCallHandler$StreamingServerCallListener.onCancel(ServerCalls.java:269)
	at org.apache.ratis.thirdparty.io.grpc.internal.ServerCallImpl$ServerStreamListenerImpl.closed(ServerCallImpl.java:293)
	at org.apache.ratis.thirdparty.io.grpc.internal.ServerImpl$JumpToApplicationThreadServerStreamListener$1Closed.runInContext(ServerImpl.java:741)
	at org.apache.ratis.thirdparty.io.grpc.internal.ContextRunnable.run(ContextRunnable.java:37)
	at org.apache.ratis.thirdparty.io.grpc.internal.SerializingExecutor.run(SerializingExecutor.java:123)
	at java.util.concurrent.ThreadPoolExecutor.runWorker(ThreadPoolExecutor.java:1149)
	at java.util.concurrent.ThreadPoolExecutor$Worker.run(ThreadPoolExecutor.java:624)
	at java.lang.Thread.run(Thread.java:748)

]]></system-err>
  </testcase>
</testsuite>