<?xml version="1.0" encoding="UTF-8"?>
<testsuite xmlns:xsi="http://www.w3.org/2001/XMLSchema-instance" xsi:noNamespaceSchemaLocation="https://maven.apache.org/surefire/maven-surefire-plugin/xsd/surefire-test-report.xsd" name="org.apache.hadoop.ozone.client.rpc.TestBlockOutputStreamWithFailures" time="682.646" tests="8" errors="0" skipped="0" failures="1">
  <properties>
    <property name="awt.toolkit" value="sun.awt.X11.XToolkit"/>
    <property name="file.encoding.pkg" value="sun.io"/>
    <property name="java.specification.version" value="1.8"/>
    <property name="sun.cpu.isalist" value=""/>
    <property name="sun.jnu.encoding" value="UTF-8"/>
    <property name="java.class.path" value="/workdir/hadoop-ozone/integration-test/target/test-classes:/workdir/hadoop-ozone/integration-test/target/classes:/home/user/.m2/repository/org/apache/hadoop/hadoop-ozone-common/0.5.0-SNAPSHOT/hadoop-ozone-common-0.5.0-SNAPSHOT.jar:/home/user/.m2/repository/org/apache/commons/commons-compress/1.4.1/commons-compress-1.4.1.jar:/home/user/.m2/repository/org/tukaani/xz/1.0/xz-1.0.jar:/home/user/.m2/repository/org/apache/hadoop/hadoop-common/3.2.0/hadoop-common-3.2.0.jar:/home/user/.m2/repository/org/apache/hadoop/hadoop-hdfs/3.2.0/hadoop-hdfs-3.2.0.jar:/home/user/.m2/repository/org/apache/hadoop/hadoop-hdfs-client/3.2.0/hadoop-hdfs-client-3.2.0.jar:/home/user/.m2/repository/com/fasterxml/jackson/core/jackson-annotations/2.9.9/jackson-annotations-2.9.9.jar:/home/user/.m2/repository/org/apache/hadoop/hadoop-hdds-common/0.5.0-SNAPSHOT/hadoop-hdds-common-0.5.0-SNAPSHOT.jar:/home/user/.m2/repository/javax/annotation/javax.annotation-api/1.2/javax.annotation-api-1.2.jar:/home/user/.m2/repository/org/apache/ratis/ratis-server/0.5.0-201fc85-SNAPSHOT/ratis-server-0.5.0-201fc85-SNAPSHOT.jar:/home/user/.m2/repository/org/apache/ratis/ratis-thirdparty-misc/0.2.0/ratis-thirdparty-misc-0.2.0.jar:/home/user/.m2/repository/org/apache/ratis/ratis-proto/0.5.0-201fc85-SNAPSHOT/ratis-proto-0.5.0-201fc85-SNAPSHOT.jar:/home/user/.m2/repository/org/apache/ratis/ratis-common/0.5.0-201fc85-SNAPSHOT/ratis-common-0.5.0-201fc85-SNAPSHOT.jar:/home/user/.m2/repository/org/apache/ratis/ratis-client/0.5.0-201fc85-SNAPSHOT/ratis-client-0.5.0-201fc85-SNAPSHOT.jar:/home/user/.m2/repository/org/apache/ratis/ratis-metrics/0.5.0-201fc85-SNAPSHOT/ratis-metrics-0.5.0-201fc85-SNAPSHOT.jar:/home/user/.m2/repository/com/github/joshelser/dropwizard-metrics-hadoop-metrics2-reporter/0.1.2/dropwizard-metrics-hadoop-metrics2-reporter-0.1.2.jar:/home/user/.m2/repository/io/dropwizard/metrics/metrics-jvm/3.2.5/metrics-jvm-3.2.5.jar:/home/user/.m2/repository/io/dropwizard/metrics/metrics-ganglia/3.2.5/metrics-ganglia-3.2.5.jar:/home/user/.m2/repository/info/ganglia/gmetric4j/gmetric4j/1.0.7/gmetric4j-1.0.7.jar:/home/user/.m2/repository/org/apache/ratis/ratis-netty/0.5.0-201fc85-SNAPSHOT/ratis-netty-0.5.0-201fc85-SNAPSHOT.jar:/home/user/.m2/repository/org/apache/ratis/ratis-grpc/0.5.0-201fc85-SNAPSHOT/ratis-grpc-0.5.0-201fc85-SNAPSHOT.jar:/home/user/.m2/repository/org/rocksdb/rocksdbjni/6.0.1/rocksdbjni-6.0.1.jar:/home/user/.m2/repository/org/apache/logging/log4j/log4j-api/2.11.0/log4j-api-2.11.0.jar:/home/user/.m2/repository/org/apache/logging/log4j/log4j-core/2.11.0/log4j-core-2.11.0.jar:/home/user/.m2/repository/com/lmax/disruptor/3.4.2/disruptor-3.4.2.jar:/home/user/.m2/repository/org/apache/commons/commons-pool2/2.6.0/commons-pool2-2.6.0.jar:/home/user/.m2/repository/org/bouncycastle/bcpkix-jdk15on/1.60/bcpkix-jdk15on-1.60.jar:/home/user/.m2/repository/commons-validator/commons-validator/1.6/commons-validator-1.6.jar:/home/user/.m2/repository/commons-digester/commons-digester/1.8.1/commons-digester-1.8.1.jar:/home/user/.m2/repository/io/jaegertracing/jaeger-client/0.34.0/jaeger-client-0.34.0.jar:/home/user/.m2/repository/io/jaegertracing/jaeger-thrift/0.34.0/jaeger-thrift-0.34.0.jar:/home/user/.m2/repository/org/apache/thrift/libthrift/0.12.0/libthrift-0.12.0.jar:/home/user/.m2/repository/com/squareup/okhttp3/okhttp/3.9.0/okhttp-3.9.0.jar:/home/user/.m2/repository/com/squareup/okio/okio/1.13.0/okio-1.13.0.jar:/home/user/.m2/repository/io/jaegertracing/jaeger-core/0.34.0/jaeger-core-0.34.0.jar:/home/user/.m2/repository/io/jaegertracing/jaeger-tracerresolver/0.34.0/jaeger-tracerresolver-0.34.0.jar:/home/user/.m2/repository/io/opentracing/contrib/opentracing-tracerresolver/0.1.5/opentracing-tracerresolver-0.1.5.jar:/home/user/.m2/repository/io/opentracing/opentracing-util/0.31.0/opentracing-util-0.31.0.jar:/home/user/.m2/repository/io/opentracing/opentracing-api/0.31.0/opentracing-api-0.31.0.jar:/home/user/.m2/repository/io/opentracing/opentracing-noop/0.31.0/opentracing-noop-0.31.0.jar:/home/user/.m2/repository/org/apache/hadoop/hadoop-hdds-server-framework/0.5.0-SNAPSHOT/hadoop-hdds-server-framework-0.5.0-SNAPSHOT.jar:/home/user/.m2/repository/org/apache/hadoop/hadoop-hdds-container-service/0.5.0-SNAPSHOT/hadoop-hdds-container-service-0.5.0-SNAPSHOT.jar:/home/user/.m2/repository/org/apache/hadoop/hadoop-hdds-client/0.5.0-SNAPSHOT/hadoop-hdds-client-0.5.0-SNAPSHOT.jar:/home/user/.m2/repository/org/apache/hadoop/hadoop-hdds-tools/0.5.0-SNAPSHOT/hadoop-hdds-tools-0.5.0-SNAPSHOT.jar:/home/user/.m2/repository/org/apache/hadoop/hadoop-hdds-server-scm/0.5.0-SNAPSHOT/hadoop-hdds-server-scm-0.5.0-SNAPSHOT.jar:/home/user/.m2/repository/org/apache/hadoop/hadoop-hdds-docs/0.5.0-SNAPSHOT/hadoop-hdds-docs-0.5.0-SNAPSHOT.jar:/home/user/.m2/repository/io/dropwizard/metrics/metrics-core/3.2.4/metrics-core-3.2.4.jar:/home/user/.m2/repository/org/hamcrest/hamcrest-all/1.3/hamcrest-all-1.3.jar:/home/user/.m2/repository/org/bouncycastle/bcprov-jdk15on/1.60/bcprov-jdk15on-1.60.jar:/home/user/.m2/repository/info/picocli/picocli/3.9.6/picocli-3.9.6.jar:/home/user/.m2/repository/com/google/protobuf/protobuf-java/2.5.0/protobuf-java-2.5.0.jar:/home/user/.m2/repository/com/google/guava/guava/11.0.2/guava-11.0.2.jar:/home/user/.m2/repository/org/apache/hadoop/hadoop-ozone-ozone-manager/0.5.0-SNAPSHOT/hadoop-ozone-ozone-manager-0.5.0-SNAPSHOT.jar:/home/user/.m2/repository/org/apache/hadoop/hadoop-minikdc/3.2.0/hadoop-minikdc-3.2.0.jar:/home/user/.m2/repository/commons-io/commons-io/2.5/commons-io-2.5.jar:/home/user/.m2/repository/org/apache/kerby/kerb-simplekdc/1.0.1/kerb-simplekdc-1.0.1.jar:/home/user/.m2/repository/org/apache/kerby/kerb-client/1.0.1/kerb-client-1.0.1.jar:/home/user/.m2/repository/org/apache/kerby/kerby-config/1.0.1/kerby-config-1.0.1.jar:/home/user/.m2/repository/org/apache/kerby/kerb-core/1.0.1/kerb-core-1.0.1.jar:/home/user/.m2/repository/org/apache/kerby/kerby-pkix/1.0.1/kerby-pkix-1.0.1.jar:/home/user/.m2/repository/org/apache/kerby/kerby-asn1/1.0.1/kerby-asn1-1.0.1.jar:/home/user/.m2/repository/org/apache/kerby/kerby-util/1.0.1/kerby-util-1.0.1.jar:/home/user/.m2/repository/org/apache/kerby/kerb-common/1.0.1/kerb-common-1.0.1.jar:/home/user/.m2/repository/org/apache/kerby/kerb-crypto/1.0.1/kerb-crypto-1.0.1.jar:/home/user/.m2/repository/org/apache/kerby/kerb-util/1.0.1/kerb-util-1.0.1.jar:/home/user/.m2/repository/org/apache/kerby/token-provider/1.0.1/token-provider-1.0.1.jar:/home/user/.m2/repository/org/apache/kerby/kerb-admin/1.0.1/kerb-admin-1.0.1.jar:/home/user/.m2/repository/org/apache/kerby/kerb-server/1.0.1/kerb-server-1.0.1.jar:/home/user/.m2/repository/org/apache/kerby/kerb-identity/1.0.1/kerb-identity-1.0.1.jar:/home/user/.m2/repository/org/apache/kerby/kerby-xdr/1.0.1/kerby-xdr-1.0.1.jar:/home/user/.m2/repository/org/slf4j/slf4j-log4j12/1.7.25/slf4j-log4j12-1.7.25.jar:/home/user/.m2/repository/org/apache/hadoop/hadoop-ozone-s3gateway/0.5.0-SNAPSHOT/hadoop-ozone-s3gateway-0.5.0-SNAPSHOT.jar:/home/user/.m2/repository/org/jboss/weld/servlet/weld-servlet/2.4.7.Final/weld-servlet-2.4.7.Final.jar:/home/user/.m2/repository/org/glassfish/jersey/containers/jersey-container-servlet-core/2.27/jersey-container-servlet-core-2.27.jar:/home/user/.m2/repository/org/glassfish/hk2/external/javax.inject/2.5.0-b42/javax.inject-2.5.0-b42.jar:/home/user/.m2/repository/org/glassfish/jersey/core/jersey-common/2.27/jersey-common-2.27.jar:/home/user/.m2/repository/org/glassfish/hk2/osgi-resource-locator/1.0.1/osgi-resource-locator-1.0.1.jar:/home/user/.m2/repository/javax/ws/rs/javax.ws.rs-api/2.1/javax.ws.rs-api-2.1.jar:/home/user/.m2/repository/org/glassfish/jersey/ext/cdi/jersey-cdi1x/2.27/jersey-cdi1x-2.27.jar:/home/user/.m2/repository/org/glassfish/jersey/inject/jersey-hk2/2.27/jersey-hk2-2.27.jar:/home/user/.m2/repository/org/glassfish/hk2/hk2-locator/2.5.0-b42/hk2-locator-2.5.0-b42.jar:/home/user/.m2/repository/org/javassist/javassist/3.22.0-CR2/javassist-3.22.0-CR2.jar:/home/user/.m2/repository/org/glassfish/hk2/hk2-api/2.5.0/hk2-api-2.5.0.jar:/home/user/.m2/repository/org/glassfish/hk2/external/jakarta.inject/2.5.0/jakarta.inject-2.5.0.jar:/home/user/.m2/repository/org/glassfish/hk2/hk2-utils/2.5.0/hk2-utils-2.5.0.jar:/home/user/.m2/repository/jakarta/annotation/jakarta.annotation-api/1.3.4/jakarta.annotation-api-1.3.4.jar:/home/user/.m2/repository/org/glassfish/hk2/external/aopalliance-repackaged/2.5.0/aopalliance-repackaged-2.5.0.jar:/home/user/.m2/repository/com/fasterxml/jackson/dataformat/jackson-dataformat-xml/2.9.0/jackson-dataformat-xml-2.9.0.jar:/home/user/.m2/repository/com/fasterxml/jackson/core/jackson-core/2.9.9/jackson-core-2.9.9.jar:/home/user/.m2/repository/com/fasterxml/jackson/module/jackson-module-jaxb-annotations/2.9.9/jackson-module-jaxb-annotations-2.9.9.jar:/home/user/.m2/repository/javax/enterprise/cdi-api/1.2/cdi-api-1.2.jar:/home/user/.m2/repository/javax/el/javax.el-api/3.0.0/javax.el-api-3.0.0.jar:/home/user/.m2/repository/javax/interceptor/javax.interceptor-api/1.2/javax.interceptor-api-1.2.jar:/home/user/.m2/repository/javax/inject/javax.inject/1/javax.inject-1.jar:/home/user/.m2/repository/com/sun/xml/bind/jaxb-impl/2.3.0.1/jaxb-impl-2.3.0.1.jar:/home/user/.m2/repository/com/sun/xml/bind/jaxb-core/2.3.0.1/jaxb-core-2.3.0.1.jar:/home/user/.m2/repository/javax/xml/bind/jaxb-api/2.3.0/jaxb-api-2.3.0.jar:/home/user/.m2/repository/javax/activation/activation/1.1.1/activation-1.1.1.jar:/home/user/.m2/repository/org/apache/hadoop/hadoop-ozone-csi/0.5.0-SNAPSHOT/hadoop-ozone-csi-0.5.0-SNAPSHOT.jar:/home/user/.m2/repository/com/google/protobuf/protobuf-java-util/3.5.1/protobuf-java-util-3.5.1.jar:/home/user/.m2/repository/org/apache/hadoop/hadoop-hdds-config/0.5.0-SNAPSHOT/hadoop-hdds-config-0.5.0-SNAPSHOT.jar:/home/user/.m2/repository/io/grpc/grpc-netty/1.17.1/grpc-netty-1.17.1.jar:/home/user/.m2/repository/io/grpc/grpc-core/1.17.1/grpc-core-1.17.1.jar:/home/user/.m2/repository/io/grpc/grpc-context/1.17.1/grpc-context-1.17.1.jar:/home/user/.m2/repository/com/google/errorprone/error_prone_annotations/2.2.0/error_prone_annotations-2.2.0.jar:/home/user/.m2/repository/org/codehaus/mojo/animal-sniffer-annotations/1.17/animal-sniffer-annotations-1.17.jar:/home/user/.m2/repository/io/opencensus/opencensus-api/0.17.0/opencensus-api-0.17.0.jar:/home/user/.m2/repository/io/opencensus/opencensus-contrib-grpc-metrics/0.17.0/opencensus-contrib-grpc-metrics-0.17.0.jar:/home/user/.m2/repository/io/netty/netty-codec-http2/4.1.30.Final/netty-codec-http2-4.1.30.Final.jar:/home/user/.m2/repository/io/netty/netty-codec-http/4.1.30.Final/netty-codec-http-4.1.30.Final.jar:/home/user/.m2/repository/io/netty/netty-codec/4.1.30.Final/netty-codec-4.1.30.Final.jar:/home/user/.m2/repository/io/netty/netty-handler/4.1.30.Final/netty-handler-4.1.30.Final.jar:/home/user/.m2/repository/io/netty/netty-handler-proxy/4.1.30.Final/netty-handler-proxy-4.1.30.Final.jar:/home/user/.m2/repository/io/netty/netty-codec-socks/4.1.30.Final/netty-codec-socks-4.1.30.Final.jar:/home/user/.m2/repository/io/netty/netty-transport-native-epoll/4.1.30.Final/netty-transport-native-epoll-4.1.30.Final.jar:/home/user/.m2/repository/io/netty/netty-common/4.1.30.Final/netty-common-4.1.30.Final.jar:/home/user/.m2/repository/io/netty/netty-buffer/4.1.30.Final/netty-buffer-4.1.30.Final.jar:/home/user/.m2/repository/io/netty/netty-transport/4.1.30.Final/netty-transport-4.1.30.Final.jar:/home/user/.m2/repository/io/netty/netty-resolver/4.1.30.Final/netty-resolver-4.1.30.Final.jar:/home/user/.m2/repository/io/netty/netty-transport-native-unix-common/4.1.30.Final/netty-transport-native-unix-common-4.1.30.Final.jar:/home/user/.m2/repository/io/grpc/grpc-protobuf/1.17.1/grpc-protobuf-1.17.1.jar:/home/user/.m2/repository/com/google/api/grpc/proto-google-common-protos/1.0.0/proto-google-common-protos-1.0.0.jar:/home/user/.m2/repository/io/grpc/grpc-protobuf-lite/1.17.1/grpc-protobuf-lite-1.17.1.jar:/home/user/.m2/repository/io/grpc/grpc-stub/1.17.1/grpc-stub-1.17.1.jar:/home/user/.m2/repository/org/apache/hadoop/hadoop-ozone-recon/0.5.0-SNAPSHOT/hadoop-ozone-recon-0.5.0-SNAPSHOT.jar:/home/user/.m2/repository/org/apache/hadoop/hadoop-ozone-reconcodegen/0.5.0-SNAPSHOT/hadoop-ozone-reconcodegen-0.5.0-SNAPSHOT.jar:/home/user/.m2/repository/com/google/inject/extensions/guice-multibindings/4.0/guice-multibindings-4.0.jar:/home/user/.m2/repository/com/google/inject/guice/4.0/guice-4.0.jar:/home/user/.m2/repository/aopalliance/aopalliance/1.0/aopalliance-1.0.jar:/home/user/.m2/repository/com/google/inject/extensions/guice-servlet/4.0/guice-servlet-4.0.jar:/home/user/.m2/repository/org/glassfish/jersey/containers/jersey-container-servlet/2.27/jersey-container-servlet-2.27.jar:/home/user/.m2/repository/org/glassfish/hk2/guice-bridge/2.5.0/guice-bridge-2.5.0.jar:/home/user/.m2/repository/org/glassfish/jersey/core/jersey-server/2.27/jersey-server-2.27.jar:/home/user/.m2/repository/org/glassfish/jersey/core/jersey-client/2.27/jersey-client-2.27.jar:/home/user/.m2/repository/org/glassfish/jersey/media/jersey-media-jaxb/2.27/jersey-media-jaxb-2.27.jar:/home/user/.m2/repository/javax/validation/validation-api/1.1.0.Final/validation-api-1.1.0.Final.jar:/home/user/.m2/repository/org/glassfish/jersey/media/jersey-media-json-jackson/2.27/jersey-media-json-jackson-2.27.jar:/home/user/.m2/repository/org/glassfish/jersey/ext/jersey-entity-filtering/2.27/jersey-entity-filtering-2.27.jar:/home/user/.m2/repository/com/google/inject/extensions/guice-assistedinject/4.0/guice-assistedinject-4.0.jar:/home/user/.m2/repository/org/jooq/jooq/3.11.10/jooq-3.11.10.jar:/home/user/.m2/repository/org/jooq/jooq-meta/3.11.10/jooq-meta-3.11.10.jar:/home/user/.m2/repository/org/jooq/jooq-codegen/3.11.10/jooq-codegen-3.11.10.jar:/home/user/.m2/repository/com/jolbox/bonecp/0.8.0.RELEASE/bonecp-0.8.0.RELEASE.jar:/home/user/.m2/repository/org/xerial/sqlite-jdbc/3.25.2/sqlite-jdbc-3.25.2.jar:/home/user/.m2/repository/org/springframework/spring-jdbc/5.1.3.RELEASE/spring-jdbc-5.1.3.RELEASE.jar:/home/user/.m2/repository/org/springframework/spring-beans/5.1.3.RELEASE/spring-beans-5.1.3.RELEASE.jar:/home/user/.m2/repository/org/springframework/spring-core/5.1.3.RELEASE/spring-core-5.1.3.RELEASE.jar:/home/user/.m2/repository/org/springframework/spring-jcl/5.1.3.RELEASE/spring-jcl-5.1.3.RELEASE.jar:/home/user/.m2/repository/org/springframework/spring-tx/5.1.3.RELEASE/spring-tx-5.1.3.RELEASE.jar:/home/user/.m2/repository/org/apache/hadoop/hadoop-ozone-client/0.5.0-SNAPSHOT/hadoop-ozone-client-0.5.0-SNAPSHOT.jar:/home/user/.m2/repository/commons-lang/commons-lang/2.6/commons-lang-2.6.jar:/home/user/.m2/repository/org/apache/hadoop/hadoop-ozone-ozone-manager/0.5.0-SNAPSHOT/hadoop-ozone-ozone-manager-0.5.0-SNAPSHOT-tests.jar:/home/user/.m2/repository/junit/junit/4.11/junit-4.11.jar:/home/user/.m2/repository/org/hamcrest/hamcrest-core/1.3/hamcrest-core-1.3.jar:/home/user/.m2/repository/org/openjdk/jmh/jmh-core/1.19/jmh-core-1.19.jar:/home/user/.m2/repository/net/sf/jopt-simple/jopt-simple/4.6/jopt-simple-4.6.jar:/home/user/.m2/repository/org/apache/commons/commons-math3/3.1.1/commons-math3-3.1.1.jar:/home/user/.m2/repository/org/openjdk/jmh/jmh-generator-annprocess/1.19/jmh-generator-annprocess-1.19.jar:/home/user/.m2/repository/org/mockito/mockito-all/1.8.5/mockito-all-1.8.5.jar:/home/user/.m2/repository/org/apache/hadoop/hadoop-kms/3.2.0/hadoop-kms-3.2.0.jar:/home/user/.m2/repository/org/apache/hadoop/hadoop-auth/3.2.0/hadoop-auth-3.2.0.jar:/home/user/.m2/repository/com/nimbusds/nimbus-jose-jwt/4.41.1/nimbus-jose-jwt-4.41.1.jar:/home/user/.m2/repository/com/github/stephenc/jcip/jcip-annotations/1.0-1/jcip-annotations-1.0-1.jar:/home/user/.m2/repository/net/minidev/json-smart/2.3/json-smart-2.3.jar:/home/user/.m2/repository/net/minidev/accessors-smart/1.2/accessors-smart-1.2.jar:/home/user/.m2/repository/org/ow2/asm/asm/5.0.4/asm-5.0.4.jar:/home/user/.m2/repository/org/apache/curator/curator-framework/2.12.0/curator-framework-2.12.0.jar:/home/user/.m2/repository/com/sun/jersey/jersey-core/1.19/jersey-core-1.19.jar:/home/user/.m2/repository/javax/ws/rs/jsr311-api/1.1.1/jsr311-api-1.1.1.jar:/home/user/.m2/repository/com/sun/jersey/jersey-server/1.19/jersey-server-1.19.jar:/home/user/.m2/repository/javax/servlet/javax.servlet-api/3.1.0/javax.servlet-api-3.1.0.jar:/home/user/.m2/repository/org/eclipse/jetty/jetty-server/9.3.25.v20180904/jetty-server-9.3.25.v20180904.jar:/home/user/.m2/repository/org/eclipse/jetty/jetty-http/9.3.25.v20180904/jetty-http-9.3.25.v20180904.jar:/home/user/.m2/repository/org/eclipse/jetty/jetty-io/9.3.25.v20180904/jetty-io-9.3.25.v20180904.jar:/home/user/.m2/repository/org/eclipse/jetty/jetty-webapp/9.3.25.v20180904/jetty-webapp-9.3.25.v20180904.jar:/home/user/.m2/repository/org/eclipse/jetty/jetty-xml/9.3.25.v20180904/jetty-xml-9.3.25.v20180904.jar:/home/user/.m2/repository/log4j/log4j/1.2.17/log4j-1.2.17.jar:/home/user/.m2/repository/org/slf4j/slf4j-api/1.7.25/slf4j-api-1.7.25.jar:/home/user/.m2/repository/org/slf4j/jul-to-slf4j/1.7.25/jul-to-slf4j-1.7.25.jar:/home/user/.m2/repository/org/eclipse/jetty/jetty-util/9.3.25.v20180904/jetty-util-9.3.25.v20180904.jar:/home/user/.m2/repository/com/fasterxml/jackson/core/jackson-databind/2.9.9/jackson-databind-2.9.9.jar:/home/user/.m2/repository/org/apache/hadoop/hadoop-kms/3.2.0/hadoop-kms-3.2.0-tests.jar:/home/user/.m2/repository/org/apache/hadoop/hadoop-hdds-server-scm/0.5.0-SNAPSHOT/hadoop-hdds-server-scm-0.5.0-SNAPSHOT-tests.jar:/home/user/.m2/repository/org/apache/hadoop/hadoop-hdds-container-service/0.5.0-SNAPSHOT/hadoop-hdds-container-service-0.5.0-SNAPSHOT-tests.jar:/home/user/.m2/repository/org/yaml/snakeyaml/1.16/snakeyaml-1.16.jar:/home/user/.m2/repository/org/apache/hadoop/hadoop-common/3.2.0/hadoop-common-3.2.0-tests.jar:/home/user/.m2/repository/org/apache/hadoop/hadoop-annotations/3.2.0/hadoop-annotations-3.2.0.jar:/usr/lib/jvm/java-1.8-openjdk/jre/../lib/tools.jar:/home/user/.m2/repository/commons-cli/commons-cli/1.2/commons-cli-1.2.jar:/home/user/.m2/repository/org/apache/httpcomponents/httpclient/4.5.2/httpclient-4.5.2.jar:/home/user/.m2/repository/org/apache/httpcomponents/httpcore/4.4.4/httpcore-4.4.4.jar:/home/user/.m2/repository/commons-codec/commons-codec/1.11/commons-codec-1.11.jar:/home/user/.m2/repository/commons-net/commons-net/3.6/commons-net-3.6.jar:/home/user/.m2/repository/commons-collections/commons-collections/3.2.2/commons-collections-3.2.2.jar:/home/user/.m2/repository/org/eclipse/jetty/jetty-servlet/9.3.25.v20180904/jetty-servlet-9.3.25.v20180904.jar:/home/user/.m2/repository/org/eclipse/jetty/jetty-security/9.3.25.v20180904/jetty-security-9.3.25.v20180904.jar:/home/user/.m2/repository/javax/servlet/jsp/jsp-api/2.1/jsp-api-2.1.jar:/home/user/.m2/repository/com/sun/jersey/jersey-servlet/1.19/jersey-servlet-1.19.jar:/home/user/.m2/repository/com/sun/jersey/jersey-json/1.19/jersey-json-1.19.jar:/home/user/.m2/repository/org/codehaus/jettison/jettison/1.1/jettison-1.1.jar:/home/user/.m2/repository/org/codehaus/jackson/jackson-core-asl/1.9.13/jackson-core-asl-1.9.13.jar:/home/user/.m2/repository/org/codehaus/jackson/jackson-mapper-asl/1.9.13/jackson-mapper-asl-1.9.13.jar:/home/user/.m2/repository/org/codehaus/jackson/jackson-jaxrs/1.9.13/jackson-jaxrs-1.9.13.jar:/home/user/.m2/repository/org/codehaus/jackson/jackson-xc/1.9.13/jackson-xc-1.9.13.jar:/home/user/.m2/repository/commons-logging/commons-logging/1.1.3/commons-logging-1.1.3.jar:/home/user/.m2/repository/commons-beanutils/commons-beanutils/1.9.4/commons-beanutils-1.9.4.jar:/home/user/.m2/repository/org/apache/commons/commons-configuration2/2.1.1/commons-configuration2-2.1.1.jar:/home/user/.m2/repository/org/apache/commons/commons-lang3/3.7/commons-lang3-3.7.jar:/home/user/.m2/repository/org/apache/commons/commons-text/1.4/commons-text-1.4.jar:/home/user/.m2/repository/org/apache/avro/avro/1.7.7/avro-1.7.7.jar:/home/user/.m2/repository/com/thoughtworks/paranamer/paranamer/2.3/paranamer-2.3.jar:/home/user/.m2/repository/org/xerial/snappy/snappy-java/1.0.5/snappy-java-1.0.5.jar:/home/user/.m2/repository/com/google/re2j/re2j/1.1/re2j-1.1.jar:/home/user/.m2/repository/com/google/code/gson/gson/2.2.4/gson-2.2.4.jar:/home/user/.m2/repository/com/jcraft/jsch/0.1.54/jsch-0.1.54.jar:/home/user/.m2/repository/org/apache/curator/curator-client/2.12.0/curator-client-2.12.0.jar:/home/user/.m2/repository/org/apache/curator/curator-recipes/2.12.0/curator-recipes-2.12.0.jar:/home/user/.m2/repository/com/google/code/findbugs/jsr305/3.0.0/jsr305-3.0.0.jar:/home/user/.m2/repository/org/apache/htrace/htrace-core4/4.1.0-incubating/htrace-core4-4.1.0-incubating.jar:/home/user/.m2/repository/org/apache/zookeeper/zookeeper/3.4.13/zookeeper-3.4.13.jar:/home/user/.m2/repository/jline/jline/0.9.94/jline-0.9.94.jar:/home/user/.m2/repository/org/apache/yetus/audience-annotations/0.5.0/audience-annotations-0.5.0.jar:/home/user/.m2/repository/org/codehaus/woodstox/stax2-api/3.1.4/stax2-api-3.1.4.jar:/home/user/.m2/repository/com/fasterxml/woodstox/woodstox-core/5.0.3/woodstox-core-5.0.3.jar:/home/user/.m2/repository/dnsjava/dnsjava/2.1.7/dnsjava-2.1.7.jar:/home/user/.m2/repository/org/apache/hadoop/hadoop-hdfs/3.2.0/hadoop-hdfs-3.2.0-tests.jar:/home/user/.m2/repository/org/eclipse/jetty/jetty-util-ajax/9.3.25.v20180904/jetty-util-ajax-9.3.25.v20180904.jar:/home/user/.m2/repository/commons-daemon/commons-daemon/1.0.13/commons-daemon-1.0.13.jar:/home/user/.m2/repository/io/netty/netty/3.10.5.Final/netty-3.10.5.Final.jar:/home/user/.m2/repository/io/netty/netty-all/4.0.52.Final/netty-all-4.0.52.Final.jar:/home/user/.m2/repository/org/fusesource/leveldbjni/leveldbjni-all/1.8/leveldbjni-all-1.8.jar:"/>
    <property name="java.vm.vendor" value="IcedTea"/>
    <property name="sun.arch.data.model" value="64"/>
    <property name="test.build.dir" value="/workdir/hadoop-ozone/integration-test/target/test-dir"/>
    <property name="test.cache.data" value=""/>
    <property name="java.vendor.url" value="https://icedtea.classpath.org"/>
    <property name="user.timezone" value=""/>
    <property name="java.vm.specification.version" value="1.8"/>
    <property name="os.name" value="Linux"/>
    <property name="test.build.data" value="/workdir/hadoop-ozone/integration-test/target/test-dir"/>
    <property name="user.country" value="US"/>
    <property name="sun.java.launcher" value="SUN_STANDARD"/>
    <property name="sun.boot.library.path" value="/usr/lib/jvm/java-1.8-openjdk/jre/lib/amd64"/>
    <property name="sun.java.command" value="/workdir/hadoop-ozone/integration-test/target/surefire/surefirebooter7779642055973784147.jar /workdir/hadoop-ozone/integration-test/target/surefire 2019-10-10T05-15-31_352-jvmRun1 surefire2025569932569682tmp surefire_641445211525302937763tmp"/>
    <property name="test" value="!TestMiniChaosOzoneCluster"/>
    <property name="surefire.test.class.path" value="/workdir/hadoop-ozone/integration-test/target/test-classes:/workdir/hadoop-ozone/integration-test/target/classes:/home/user/.m2/repository/org/apache/hadoop/hadoop-ozone-common/0.5.0-SNAPSHOT/hadoop-ozone-common-0.5.0-SNAPSHOT.jar:/home/user/.m2/repository/org/apache/commons/commons-compress/1.4.1/commons-compress-1.4.1.jar:/home/user/.m2/repository/org/tukaani/xz/1.0/xz-1.0.jar:/home/user/.m2/repository/org/apache/hadoop/hadoop-common/3.2.0/hadoop-common-3.2.0.jar:/home/user/.m2/repository/org/apache/hadoop/hadoop-hdfs/3.2.0/hadoop-hdfs-3.2.0.jar:/home/user/.m2/repository/org/apache/hadoop/hadoop-hdfs-client/3.2.0/hadoop-hdfs-client-3.2.0.jar:/home/user/.m2/repository/com/fasterxml/jackson/core/jackson-annotations/2.9.9/jackson-annotations-2.9.9.jar:/home/user/.m2/repository/org/apache/hadoop/hadoop-hdds-common/0.5.0-SNAPSHOT/hadoop-hdds-common-0.5.0-SNAPSHOT.jar:/home/user/.m2/repository/javax/annotation/javax.annotation-api/1.2/javax.annotation-api-1.2.jar:/home/user/.m2/repository/org/apache/ratis/ratis-server/0.5.0-201fc85-SNAPSHOT/ratis-server-0.5.0-201fc85-SNAPSHOT.jar:/home/user/.m2/repository/org/apache/ratis/ratis-thirdparty-misc/0.2.0/ratis-thirdparty-misc-0.2.0.jar:/home/user/.m2/repository/org/apache/ratis/ratis-proto/0.5.0-201fc85-SNAPSHOT/ratis-proto-0.5.0-201fc85-SNAPSHOT.jar:/home/user/.m2/repository/org/apache/ratis/ratis-common/0.5.0-201fc85-SNAPSHOT/ratis-common-0.5.0-201fc85-SNAPSHOT.jar:/home/user/.m2/repository/org/apache/ratis/ratis-client/0.5.0-201fc85-SNAPSHOT/ratis-client-0.5.0-201fc85-SNAPSHOT.jar:/home/user/.m2/repository/org/apache/ratis/ratis-metrics/0.5.0-201fc85-SNAPSHOT/ratis-metrics-0.5.0-201fc85-SNAPSHOT.jar:/home/user/.m2/repository/com/github/joshelser/dropwizard-metrics-hadoop-metrics2-reporter/0.1.2/dropwizard-metrics-hadoop-metrics2-reporter-0.1.2.jar:/home/user/.m2/repository/io/dropwizard/metrics/metrics-jvm/3.2.5/metrics-jvm-3.2.5.jar:/home/user/.m2/repository/io/dropwizard/metrics/metrics-ganglia/3.2.5/metrics-ganglia-3.2.5.jar:/home/user/.m2/repository/info/ganglia/gmetric4j/gmetric4j/1.0.7/gmetric4j-1.0.7.jar:/home/user/.m2/repository/org/apache/ratis/ratis-netty/0.5.0-201fc85-SNAPSHOT/ratis-netty-0.5.0-201fc85-SNAPSHOT.jar:/home/user/.m2/repository/org/apache/ratis/ratis-grpc/0.5.0-201fc85-SNAPSHOT/ratis-grpc-0.5.0-201fc85-SNAPSHOT.jar:/home/user/.m2/repository/org/rocksdb/rocksdbjni/6.0.1/rocksdbjni-6.0.1.jar:/home/user/.m2/repository/org/apache/logging/log4j/log4j-api/2.11.0/log4j-api-2.11.0.jar:/home/user/.m2/repository/org/apache/logging/log4j/log4j-core/2.11.0/log4j-core-2.11.0.jar:/home/user/.m2/repository/com/lmax/disruptor/3.4.2/disruptor-3.4.2.jar:/home/user/.m2/repository/org/apache/commons/commons-pool2/2.6.0/commons-pool2-2.6.0.jar:/home/user/.m2/repository/org/bouncycastle/bcpkix-jdk15on/1.60/bcpkix-jdk15on-1.60.jar:/home/user/.m2/repository/commons-validator/commons-validator/1.6/commons-validator-1.6.jar:/home/user/.m2/repository/commons-digester/commons-digester/1.8.1/commons-digester-1.8.1.jar:/home/user/.m2/repository/io/jaegertracing/jaeger-client/0.34.0/jaeger-client-0.34.0.jar:/home/user/.m2/repository/io/jaegertracing/jaeger-thrift/0.34.0/jaeger-thrift-0.34.0.jar:/home/user/.m2/repository/org/apache/thrift/libthrift/0.12.0/libthrift-0.12.0.jar:/home/user/.m2/repository/com/squareup/okhttp3/okhttp/3.9.0/okhttp-3.9.0.jar:/home/user/.m2/repository/com/squareup/okio/okio/1.13.0/okio-1.13.0.jar:/home/user/.m2/repository/io/jaegertracing/jaeger-core/0.34.0/jaeger-core-0.34.0.jar:/home/user/.m2/repository/io/jaegertracing/jaeger-tracerresolver/0.34.0/jaeger-tracerresolver-0.34.0.jar:/home/user/.m2/repository/io/opentracing/contrib/opentracing-tracerresolver/0.1.5/opentracing-tracerresolver-0.1.5.jar:/home/user/.m2/repository/io/opentracing/opentracing-util/0.31.0/opentracing-util-0.31.0.jar:/home/user/.m2/repository/io/opentracing/opentracing-api/0.31.0/opentracing-api-0.31.0.jar:/home/user/.m2/repository/io/opentracing/opentracing-noop/0.31.0/opentracing-noop-0.31.0.jar:/home/user/.m2/repository/org/apache/hadoop/hadoop-hdds-server-framework/0.5.0-SNAPSHOT/hadoop-hdds-server-framework-0.5.0-SNAPSHOT.jar:/home/user/.m2/repository/org/apache/hadoop/hadoop-hdds-container-service/0.5.0-SNAPSHOT/hadoop-hdds-container-service-0.5.0-SNAPSHOT.jar:/home/user/.m2/repository/org/apache/hadoop/hadoop-hdds-client/0.5.0-SNAPSHOT/hadoop-hdds-client-0.5.0-SNAPSHOT.jar:/home/user/.m2/repository/org/apache/hadoop/hadoop-hdds-tools/0.5.0-SNAPSHOT/hadoop-hdds-tools-0.5.0-SNAPSHOT.jar:/home/user/.m2/repository/org/apache/hadoop/hadoop-hdds-server-scm/0.5.0-SNAPSHOT/hadoop-hdds-server-scm-0.5.0-SNAPSHOT.jar:/home/user/.m2/repository/org/apache/hadoop/hadoop-hdds-docs/0.5.0-SNAPSHOT/hadoop-hdds-docs-0.5.0-SNAPSHOT.jar:/home/user/.m2/repository/io/dropwizard/metrics/metrics-core/3.2.4/metrics-core-3.2.4.jar:/home/user/.m2/repository/org/hamcrest/hamcrest-all/1.3/hamcrest-all-1.3.jar:/home/user/.m2/repository/org/bouncycastle/bcprov-jdk15on/1.60/bcprov-jdk15on-1.60.jar:/home/user/.m2/repository/info/picocli/picocli/3.9.6/picocli-3.9.6.jar:/home/user/.m2/repository/com/google/protobuf/protobuf-java/2.5.0/protobuf-java-2.5.0.jar:/home/user/.m2/repository/com/google/guava/guava/11.0.2/guava-11.0.2.jar:/home/user/.m2/repository/org/apache/hadoop/hadoop-ozone-ozone-manager/0.5.0-SNAPSHOT/hadoop-ozone-ozone-manager-0.5.0-SNAPSHOT.jar:/home/user/.m2/repository/org/apache/hadoop/hadoop-minikdc/3.2.0/hadoop-minikdc-3.2.0.jar:/home/user/.m2/repository/commons-io/commons-io/2.5/commons-io-2.5.jar:/home/user/.m2/repository/org/apache/kerby/kerb-simplekdc/1.0.1/kerb-simplekdc-1.0.1.jar:/home/user/.m2/repository/org/apache/kerby/kerb-client/1.0.1/kerb-client-1.0.1.jar:/home/user/.m2/repository/org/apache/kerby/kerby-config/1.0.1/kerby-config-1.0.1.jar:/home/user/.m2/repository/org/apache/kerby/kerb-core/1.0.1/kerb-core-1.0.1.jar:/home/user/.m2/repository/org/apache/kerby/kerby-pkix/1.0.1/kerby-pkix-1.0.1.jar:/home/user/.m2/repository/org/apache/kerby/kerby-asn1/1.0.1/kerby-asn1-1.0.1.jar:/home/user/.m2/repository/org/apache/kerby/kerby-util/1.0.1/kerby-util-1.0.1.jar:/home/user/.m2/repository/org/apache/kerby/kerb-common/1.0.1/kerb-common-1.0.1.jar:/home/user/.m2/repository/org/apache/kerby/kerb-crypto/1.0.1/kerb-crypto-1.0.1.jar:/home/user/.m2/repository/org/apache/kerby/kerb-util/1.0.1/kerb-util-1.0.1.jar:/home/user/.m2/repository/org/apache/kerby/token-provider/1.0.1/token-provider-1.0.1.jar:/home/user/.m2/repository/org/apache/kerby/kerb-admin/1.0.1/kerb-admin-1.0.1.jar:/home/user/.m2/repository/org/apache/kerby/kerb-server/1.0.1/kerb-server-1.0.1.jar:/home/user/.m2/repository/org/apache/kerby/kerb-identity/1.0.1/kerb-identity-1.0.1.jar:/home/user/.m2/repository/org/apache/kerby/kerby-xdr/1.0.1/kerby-xdr-1.0.1.jar:/home/user/.m2/repository/org/slf4j/slf4j-log4j12/1.7.25/slf4j-log4j12-1.7.25.jar:/home/user/.m2/repository/org/apache/hadoop/hadoop-ozone-s3gateway/0.5.0-SNAPSHOT/hadoop-ozone-s3gateway-0.5.0-SNAPSHOT.jar:/home/user/.m2/repository/org/jboss/weld/servlet/weld-servlet/2.4.7.Final/weld-servlet-2.4.7.Final.jar:/home/user/.m2/repository/org/glassfish/jersey/containers/jersey-container-servlet-core/2.27/jersey-container-servlet-core-2.27.jar:/home/user/.m2/repository/org/glassfish/hk2/external/javax.inject/2.5.0-b42/javax.inject-2.5.0-b42.jar:/home/user/.m2/repository/org/glassfish/jersey/core/jersey-common/2.27/jersey-common-2.27.jar:/home/user/.m2/repository/org/glassfish/hk2/osgi-resource-locator/1.0.1/osgi-resource-locator-1.0.1.jar:/home/user/.m2/repository/javax/ws/rs/javax.ws.rs-api/2.1/javax.ws.rs-api-2.1.jar:/home/user/.m2/repository/org/glassfish/jersey/ext/cdi/jersey-cdi1x/2.27/jersey-cdi1x-2.27.jar:/home/user/.m2/repository/org/glassfish/jersey/inject/jersey-hk2/2.27/jersey-hk2-2.27.jar:/home/user/.m2/repository/org/glassfish/hk2/hk2-locator/2.5.0-b42/hk2-locator-2.5.0-b42.jar:/home/user/.m2/repository/org/javassist/javassist/3.22.0-CR2/javassist-3.22.0-CR2.jar:/home/user/.m2/repository/org/glassfish/hk2/hk2-api/2.5.0/hk2-api-2.5.0.jar:/home/user/.m2/repository/org/glassfish/hk2/external/jakarta.inject/2.5.0/jakarta.inject-2.5.0.jar:/home/user/.m2/repository/org/glassfish/hk2/hk2-utils/2.5.0/hk2-utils-2.5.0.jar:/home/user/.m2/repository/jakarta/annotation/jakarta.annotation-api/1.3.4/jakarta.annotation-api-1.3.4.jar:/home/user/.m2/repository/org/glassfish/hk2/external/aopalliance-repackaged/2.5.0/aopalliance-repackaged-2.5.0.jar:/home/user/.m2/repository/com/fasterxml/jackson/dataformat/jackson-dataformat-xml/2.9.0/jackson-dataformat-xml-2.9.0.jar:/home/user/.m2/repository/com/fasterxml/jackson/core/jackson-core/2.9.9/jackson-core-2.9.9.jar:/home/user/.m2/repository/com/fasterxml/jackson/module/jackson-module-jaxb-annotations/2.9.9/jackson-module-jaxb-annotations-2.9.9.jar:/home/user/.m2/repository/javax/enterprise/cdi-api/1.2/cdi-api-1.2.jar:/home/user/.m2/repository/javax/el/javax.el-api/3.0.0/javax.el-api-3.0.0.jar:/home/user/.m2/repository/javax/interceptor/javax.interceptor-api/1.2/javax.interceptor-api-1.2.jar:/home/user/.m2/repository/javax/inject/javax.inject/1/javax.inject-1.jar:/home/user/.m2/repository/com/sun/xml/bind/jaxb-impl/2.3.0.1/jaxb-impl-2.3.0.1.jar:/home/user/.m2/repository/com/sun/xml/bind/jaxb-core/2.3.0.1/jaxb-core-2.3.0.1.jar:/home/user/.m2/repository/javax/xml/bind/jaxb-api/2.3.0/jaxb-api-2.3.0.jar:/home/user/.m2/repository/javax/activation/activation/1.1.1/activation-1.1.1.jar:/home/user/.m2/repository/org/apache/hadoop/hadoop-ozone-csi/0.5.0-SNAPSHOT/hadoop-ozone-csi-0.5.0-SNAPSHOT.jar:/home/user/.m2/repository/com/google/protobuf/protobuf-java-util/3.5.1/protobuf-java-util-3.5.1.jar:/home/user/.m2/repository/org/apache/hadoop/hadoop-hdds-config/0.5.0-SNAPSHOT/hadoop-hdds-config-0.5.0-SNAPSHOT.jar:/home/user/.m2/repository/io/grpc/grpc-netty/1.17.1/grpc-netty-1.17.1.jar:/home/user/.m2/repository/io/grpc/grpc-core/1.17.1/grpc-core-1.17.1.jar:/home/user/.m2/repository/io/grpc/grpc-context/1.17.1/grpc-context-1.17.1.jar:/home/user/.m2/repository/com/google/errorprone/error_prone_annotations/2.2.0/error_prone_annotations-2.2.0.jar:/home/user/.m2/repository/org/codehaus/mojo/animal-sniffer-annotations/1.17/animal-sniffer-annotations-1.17.jar:/home/user/.m2/repository/io/opencensus/opencensus-api/0.17.0/opencensus-api-0.17.0.jar:/home/user/.m2/repository/io/opencensus/opencensus-contrib-grpc-metrics/0.17.0/opencensus-contrib-grpc-metrics-0.17.0.jar:/home/user/.m2/repository/io/netty/netty-codec-http2/4.1.30.Final/netty-codec-http2-4.1.30.Final.jar:/home/user/.m2/repository/io/netty/netty-codec-http/4.1.30.Final/netty-codec-http-4.1.30.Final.jar:/home/user/.m2/repository/io/netty/netty-codec/4.1.30.Final/netty-codec-4.1.30.Final.jar:/home/user/.m2/repository/io/netty/netty-handler/4.1.30.Final/netty-handler-4.1.30.Final.jar:/home/user/.m2/repository/io/netty/netty-handler-proxy/4.1.30.Final/netty-handler-proxy-4.1.30.Final.jar:/home/user/.m2/repository/io/netty/netty-codec-socks/4.1.30.Final/netty-codec-socks-4.1.30.Final.jar:/home/user/.m2/repository/io/netty/netty-transport-native-epoll/4.1.30.Final/netty-transport-native-epoll-4.1.30.Final.jar:/home/user/.m2/repository/io/netty/netty-common/4.1.30.Final/netty-common-4.1.30.Final.jar:/home/user/.m2/repository/io/netty/netty-buffer/4.1.30.Final/netty-buffer-4.1.30.Final.jar:/home/user/.m2/repository/io/netty/netty-transport/4.1.30.Final/netty-transport-4.1.30.Final.jar:/home/user/.m2/repository/io/netty/netty-resolver/4.1.30.Final/netty-resolver-4.1.30.Final.jar:/home/user/.m2/repository/io/netty/netty-transport-native-unix-common/4.1.30.Final/netty-transport-native-unix-common-4.1.30.Final.jar:/home/user/.m2/repository/io/grpc/grpc-protobuf/1.17.1/grpc-protobuf-1.17.1.jar:/home/user/.m2/repository/com/google/api/grpc/proto-google-common-protos/1.0.0/proto-google-common-protos-1.0.0.jar:/home/user/.m2/repository/io/grpc/grpc-protobuf-lite/1.17.1/grpc-protobuf-lite-1.17.1.jar:/home/user/.m2/repository/io/grpc/grpc-stub/1.17.1/grpc-stub-1.17.1.jar:/home/user/.m2/repository/org/apache/hadoop/hadoop-ozone-recon/0.5.0-SNAPSHOT/hadoop-ozone-recon-0.5.0-SNAPSHOT.jar:/home/user/.m2/repository/org/apache/hadoop/hadoop-ozone-reconcodegen/0.5.0-SNAPSHOT/hadoop-ozone-reconcodegen-0.5.0-SNAPSHOT.jar:/home/user/.m2/repository/com/google/inject/extensions/guice-multibindings/4.0/guice-multibindings-4.0.jar:/home/user/.m2/repository/com/google/inject/guice/4.0/guice-4.0.jar:/home/user/.m2/repository/aopalliance/aopalliance/1.0/aopalliance-1.0.jar:/home/user/.m2/repository/com/google/inject/extensions/guice-servlet/4.0/guice-servlet-4.0.jar:/home/user/.m2/repository/org/glassfish/jersey/containers/jersey-container-servlet/2.27/jersey-container-servlet-2.27.jar:/home/user/.m2/repository/org/glassfish/hk2/guice-bridge/2.5.0/guice-bridge-2.5.0.jar:/home/user/.m2/repository/org/glassfish/jersey/core/jersey-server/2.27/jersey-server-2.27.jar:/home/user/.m2/repository/org/glassfish/jersey/core/jersey-client/2.27/jersey-client-2.27.jar:/home/user/.m2/repository/org/glassfish/jersey/media/jersey-media-jaxb/2.27/jersey-media-jaxb-2.27.jar:/home/user/.m2/repository/javax/validation/validation-api/1.1.0.Final/validation-api-1.1.0.Final.jar:/home/user/.m2/repository/org/glassfish/jersey/media/jersey-media-json-jackson/2.27/jersey-media-json-jackson-2.27.jar:/home/user/.m2/repository/org/glassfish/jersey/ext/jersey-entity-filtering/2.27/jersey-entity-filtering-2.27.jar:/home/user/.m2/repository/com/google/inject/extensions/guice-assistedinject/4.0/guice-assistedinject-4.0.jar:/home/user/.m2/repository/org/jooq/jooq/3.11.10/jooq-3.11.10.jar:/home/user/.m2/repository/org/jooq/jooq-meta/3.11.10/jooq-meta-3.11.10.jar:/home/user/.m2/repository/org/jooq/jooq-codegen/3.11.10/jooq-codegen-3.11.10.jar:/home/user/.m2/repository/com/jolbox/bonecp/0.8.0.RELEASE/bonecp-0.8.0.RELEASE.jar:/home/user/.m2/repository/org/xerial/sqlite-jdbc/3.25.2/sqlite-jdbc-3.25.2.jar:/home/user/.m2/repository/org/springframework/spring-jdbc/5.1.3.RELEASE/spring-jdbc-5.1.3.RELEASE.jar:/home/user/.m2/repository/org/springframework/spring-beans/5.1.3.RELEASE/spring-beans-5.1.3.RELEASE.jar:/home/user/.m2/repository/org/springframework/spring-core/5.1.3.RELEASE/spring-core-5.1.3.RELEASE.jar:/home/user/.m2/repository/org/springframework/spring-jcl/5.1.3.RELEASE/spring-jcl-5.1.3.RELEASE.jar:/home/user/.m2/repository/org/springframework/spring-tx/5.1.3.RELEASE/spring-tx-5.1.3.RELEASE.jar:/home/user/.m2/repository/org/apache/hadoop/hadoop-ozone-client/0.5.0-SNAPSHOT/hadoop-ozone-client-0.5.0-SNAPSHOT.jar:/home/user/.m2/repository/commons-lang/commons-lang/2.6/commons-lang-2.6.jar:/home/user/.m2/repository/org/apache/hadoop/hadoop-ozone-ozone-manager/0.5.0-SNAPSHOT/hadoop-ozone-ozone-manager-0.5.0-SNAPSHOT-tests.jar:/home/user/.m2/repository/junit/junit/4.11/junit-4.11.jar:/home/user/.m2/repository/org/hamcrest/hamcrest-core/1.3/hamcrest-core-1.3.jar:/home/user/.m2/repository/org/openjdk/jmh/jmh-core/1.19/jmh-core-1.19.jar:/home/user/.m2/repository/net/sf/jopt-simple/jopt-simple/4.6/jopt-simple-4.6.jar:/home/user/.m2/repository/org/apache/commons/commons-math3/3.1.1/commons-math3-3.1.1.jar:/home/user/.m2/repository/org/openjdk/jmh/jmh-generator-annprocess/1.19/jmh-generator-annprocess-1.19.jar:/home/user/.m2/repository/org/mockito/mockito-all/1.8.5/mockito-all-1.8.5.jar:/home/user/.m2/repository/org/apache/hadoop/hadoop-kms/3.2.0/hadoop-kms-3.2.0.jar:/home/user/.m2/repository/org/apache/hadoop/hadoop-auth/3.2.0/hadoop-auth-3.2.0.jar:/home/user/.m2/repository/com/nimbusds/nimbus-jose-jwt/4.41.1/nimbus-jose-jwt-4.41.1.jar:/home/user/.m2/repository/com/github/stephenc/jcip/jcip-annotations/1.0-1/jcip-annotations-1.0-1.jar:/home/user/.m2/repository/net/minidev/json-smart/2.3/json-smart-2.3.jar:/home/user/.m2/repository/net/minidev/accessors-smart/1.2/accessors-smart-1.2.jar:/home/user/.m2/repository/org/ow2/asm/asm/5.0.4/asm-5.0.4.jar:/home/user/.m2/repository/org/apache/curator/curator-framework/2.12.0/curator-framework-2.12.0.jar:/home/user/.m2/repository/com/sun/jersey/jersey-core/1.19/jersey-core-1.19.jar:/home/user/.m2/repository/javax/ws/rs/jsr311-api/1.1.1/jsr311-api-1.1.1.jar:/home/user/.m2/repository/com/sun/jersey/jersey-server/1.19/jersey-server-1.19.jar:/home/user/.m2/repository/javax/servlet/javax.servlet-api/3.1.0/javax.servlet-api-3.1.0.jar:/home/user/.m2/repository/org/eclipse/jetty/jetty-server/9.3.25.v20180904/jetty-server-9.3.25.v20180904.jar:/home/user/.m2/repository/org/eclipse/jetty/jetty-http/9.3.25.v20180904/jetty-http-9.3.25.v20180904.jar:/home/user/.m2/repository/org/eclipse/jetty/jetty-io/9.3.25.v20180904/jetty-io-9.3.25.v20180904.jar:/home/user/.m2/repository/org/eclipse/jetty/jetty-webapp/9.3.25.v20180904/jetty-webapp-9.3.25.v20180904.jar:/home/user/.m2/repository/org/eclipse/jetty/jetty-xml/9.3.25.v20180904/jetty-xml-9.3.25.v20180904.jar:/home/user/.m2/repository/log4j/log4j/1.2.17/log4j-1.2.17.jar:/home/user/.m2/repository/org/slf4j/slf4j-api/1.7.25/slf4j-api-1.7.25.jar:/home/user/.m2/repository/org/slf4j/jul-to-slf4j/1.7.25/jul-to-slf4j-1.7.25.jar:/home/user/.m2/repository/org/eclipse/jetty/jetty-util/9.3.25.v20180904/jetty-util-9.3.25.v20180904.jar:/home/user/.m2/repository/com/fasterxml/jackson/core/jackson-databind/2.9.9/jackson-databind-2.9.9.jar:/home/user/.m2/repository/org/apache/hadoop/hadoop-kms/3.2.0/hadoop-kms-3.2.0-tests.jar:/home/user/.m2/repository/org/apache/hadoop/hadoop-hdds-server-scm/0.5.0-SNAPSHOT/hadoop-hdds-server-scm-0.5.0-SNAPSHOT-tests.jar:/home/user/.m2/repository/org/apache/hadoop/hadoop-hdds-container-service/0.5.0-SNAPSHOT/hadoop-hdds-container-service-0.5.0-SNAPSHOT-tests.jar:/home/user/.m2/repository/org/yaml/snakeyaml/1.16/snakeyaml-1.16.jar:/home/user/.m2/repository/org/apache/hadoop/hadoop-common/3.2.0/hadoop-common-3.2.0-tests.jar:/home/user/.m2/repository/org/apache/hadoop/hadoop-annotations/3.2.0/hadoop-annotations-3.2.0.jar:/usr/lib/jvm/java-1.8-openjdk/jre/../lib/tools.jar:/home/user/.m2/repository/commons-cli/commons-cli/1.2/commons-cli-1.2.jar:/home/user/.m2/repository/org/apache/httpcomponents/httpclient/4.5.2/httpclient-4.5.2.jar:/home/user/.m2/repository/org/apache/httpcomponents/httpcore/4.4.4/httpcore-4.4.4.jar:/home/user/.m2/repository/commons-codec/commons-codec/1.11/commons-codec-1.11.jar:/home/user/.m2/repository/commons-net/commons-net/3.6/commons-net-3.6.jar:/home/user/.m2/repository/commons-collections/commons-collections/3.2.2/commons-collections-3.2.2.jar:/home/user/.m2/repository/org/eclipse/jetty/jetty-servlet/9.3.25.v20180904/jetty-servlet-9.3.25.v20180904.jar:/home/user/.m2/repository/org/eclipse/jetty/jetty-security/9.3.25.v20180904/jetty-security-9.3.25.v20180904.jar:/home/user/.m2/repository/javax/servlet/jsp/jsp-api/2.1/jsp-api-2.1.jar:/home/user/.m2/repository/com/sun/jersey/jersey-servlet/1.19/jersey-servlet-1.19.jar:/home/user/.m2/repository/com/sun/jersey/jersey-json/1.19/jersey-json-1.19.jar:/home/user/.m2/repository/org/codehaus/jettison/jettison/1.1/jettison-1.1.jar:/home/user/.m2/repository/org/codehaus/jackson/jackson-core-asl/1.9.13/jackson-core-asl-1.9.13.jar:/home/user/.m2/repository/org/codehaus/jackson/jackson-mapper-asl/1.9.13/jackson-mapper-asl-1.9.13.jar:/home/user/.m2/repository/org/codehaus/jackson/jackson-jaxrs/1.9.13/jackson-jaxrs-1.9.13.jar:/home/user/.m2/repository/org/codehaus/jackson/jackson-xc/1.9.13/jackson-xc-1.9.13.jar:/home/user/.m2/repository/commons-logging/commons-logging/1.1.3/commons-logging-1.1.3.jar:/home/user/.m2/repository/commons-beanutils/commons-beanutils/1.9.4/commons-beanutils-1.9.4.jar:/home/user/.m2/repository/org/apache/commons/commons-configuration2/2.1.1/commons-configuration2-2.1.1.jar:/home/user/.m2/repository/org/apache/commons/commons-lang3/3.7/commons-lang3-3.7.jar:/home/user/.m2/repository/org/apache/commons/commons-text/1.4/commons-text-1.4.jar:/home/user/.m2/repository/org/apache/avro/avro/1.7.7/avro-1.7.7.jar:/home/user/.m2/repository/com/thoughtworks/paranamer/paranamer/2.3/paranamer-2.3.jar:/home/user/.m2/repository/org/xerial/snappy/snappy-java/1.0.5/snappy-java-1.0.5.jar:/home/user/.m2/repository/com/google/re2j/re2j/1.1/re2j-1.1.jar:/home/user/.m2/repository/com/google/code/gson/gson/2.2.4/gson-2.2.4.jar:/home/user/.m2/repository/com/jcraft/jsch/0.1.54/jsch-0.1.54.jar:/home/user/.m2/repository/org/apache/curator/curator-client/2.12.0/curator-client-2.12.0.jar:/home/user/.m2/repository/org/apache/curator/curator-recipes/2.12.0/curator-recipes-2.12.0.jar:/home/user/.m2/repository/com/google/code/findbugs/jsr305/3.0.0/jsr305-3.0.0.jar:/home/user/.m2/repository/org/apache/htrace/htrace-core4/4.1.0-incubating/htrace-core4-4.1.0-incubating.jar:/home/user/.m2/repository/org/apache/zookeeper/zookeeper/3.4.13/zookeeper-3.4.13.jar:/home/user/.m2/repository/jline/jline/0.9.94/jline-0.9.94.jar:/home/user/.m2/repository/org/apache/yetus/audience-annotations/0.5.0/audience-annotations-0.5.0.jar:/home/user/.m2/repository/org/codehaus/woodstox/stax2-api/3.1.4/stax2-api-3.1.4.jar:/home/user/.m2/repository/com/fasterxml/woodstox/woodstox-core/5.0.3/woodstox-core-5.0.3.jar:/home/user/.m2/repository/dnsjava/dnsjava/2.1.7/dnsjava-2.1.7.jar:/home/user/.m2/repository/org/apache/hadoop/hadoop-hdfs/3.2.0/hadoop-hdfs-3.2.0-tests.jar:/home/user/.m2/repository/org/eclipse/jetty/jetty-util-ajax/9.3.25.v20180904/jetty-util-ajax-9.3.25.v20180904.jar:/home/user/.m2/repository/commons-daemon/commons-daemon/1.0.13/commons-daemon-1.0.13.jar:/home/user/.m2/repository/io/netty/netty/3.10.5.Final/netty-3.10.5.Final.jar:/home/user/.m2/repository/io/netty/netty-all/4.0.52.Final/netty-all-4.0.52.Final.jar:/home/user/.m2/repository/org/fusesource/leveldbjni/leveldbjni-all/1.8/leveldbjni-all-1.8.jar:"/>
    <property name="sun.cpu.endian" value="little"/>
    <property name="user.home" value="/home/user"/>
    <property name="user.language" value="en"/>
    <property name="java.specification.vendor" value="Oracle Corporation"/>
    <property name="java.home" value="/usr/lib/jvm/java-1.8-openjdk/jre"/>
    <property name="java.security.krb5.conf" value="/workdir/hadoop-ozone/integration-test/target/test-classes/krb5.conf"/>
    <property name="basedir" value="/workdir/hadoop-ozone/integration-test"/>
    <property name="file.separator" value="/"/>
    <property name="line.separator" value="&#10;"/>
    <property name="java.vm.specification.vendor" value="Oracle Corporation"/>
    <property name="java.specification.name" value="Java Platform API Specification"/>
    <property name="java.awt.graphicsenv" value="sun.awt.X11GraphicsEnvironment"/>
    <property name="surefire.real.class.path" value="/workdir/hadoop-ozone/integration-test/target/surefire/surefirebooter7779642055973784147.jar"/>
    <property name="hadoop.log.dir" value="/workdir/hadoop-ozone/integration-test/target/log"/>
    <property name="sun.boot.class.path" value="/usr/lib/jvm/java-1.8-openjdk/jre/lib/resources.jar:/usr/lib/jvm/java-1.8-openjdk/jre/lib/rt.jar:/usr/lib/jvm/java-1.8-openjdk/jre/lib/sunrsasign.jar:/usr/lib/jvm/java-1.8-openjdk/jre/lib/jsse.jar:/usr/lib/jvm/java-1.8-openjdk/jre/lib/jce.jar:/usr/lib/jvm/java-1.8-openjdk/jre/lib/charsets.jar:/usr/lib/jvm/java-1.8-openjdk/jre/lib/jfr.jar:/usr/lib/jvm/java-1.8-openjdk/jre/classes"/>
    <property name="sun.management.compiler" value="HotSpot 64-Bit Tiered Compilers"/>
    <property name="java.runtime.version" value="1.8.0_212-b04"/>
    <property name="java.net.preferIPv4Stack" value="true"/>
    <property name="user.name" value="jenkins1000"/>
    <property name="path.separator" value=":"/>
    <property name="java.security.egd" value="file:///dev/urandom"/>
    <property name="os.version" value="3.10.0-957.12.2.el7.x86_64"/>
    <property name="java.endorsed.dirs" value="/usr/lib/jvm/java-1.8-openjdk/jre/lib/endorsed"/>
    <property name="java.runtime.name" value="OpenJDK Runtime Environment"/>
    <property name="file.encoding" value="UTF-8"/>
    <property name="java.vm.name" value="OpenJDK 64-Bit Server VM"/>
    <property name="test.build.webapps" value=""/>
    <property name="localRepository" value="/home/user/.m2/repository"/>
    <property name="java.vendor.url.bug" value="https://icedtea.classpath.org/bugzilla"/>
    <property name="java.io.tmpdir" value="/tmp"/>
    <property name="require.test.libhadoop" value=""/>
    <property name="java.version" value="1.8.0_212"/>
    <property name="user.dir" value="/workdir/hadoop-ozone/integration-test"/>
    <property name="os.arch" value="amd64"/>
    <property name="java.vm.specification.name" value="Java Virtual Machine Specification"/>
    <property name="test.build.classes" value="/workdir/hadoop-ozone/integration-test/target/test-classes"/>
    <property name="java.awt.printerjob" value="sun.print.PSPrinterJob"/>
    <property name="sun.os.patch.level" value="unknown"/>
    <property name="hadoop.tmp.dir" value="/workdir/hadoop-ozone/integration-test/target/tmp"/>
    <property name="java.library.path" value="/usr/lib/jvm/java-1.8-openjdk/jre/lib/amd64/server:/usr/lib/jvm/java-1.8-openjdk/jre/lib/amd64:/usr/lib/jvm/java-1.8-openjdk/jre/../lib/amd64:/workdir/hadoop-ozone/integration-test/target/native/target/usr/local/lib:/workdir/hadoop-ozone/integration-test/../../hadoop-common-project/hadoop-common/target/native/target/usr/local/lib:/usr/java/packages/lib/amd64:/usr/lib64:/lib64:/lib:/usr/lib"/>
    <property name="java.vm.info" value="mixed mode"/>
    <property name="java.vendor" value="IcedTea"/>
    <property name="java.vm.version" value="25.212-b04"/>
    <property name="java.ext.dirs" value="/usr/lib/jvm/java-1.8-openjdk/jre/lib/ext:/usr/java/packages/lib/ext"/>
    <property name="sun.io.unicode.encoding" value="UnicodeLittle"/>
    <property name="java.class.version" value="52.0"/>
  </properties>
  <testcase name="test2DatanodesFailure" classname="org.apache.hadoop.ozone.client.rpc.TestBlockOutputStreamWithFailures" time="48.368"/>
  <testcase name="testDatanodeFailureWithPreAllocation" classname="org.apache.hadoop.ozone.client.rpc.TestBlockOutputStreamWithFailures" time="223.285"/>
  <testcase name="testDatanodeFailureWithSingleNodeRatis" classname="org.apache.hadoop.ozone.client.rpc.TestBlockOutputStreamWithFailures" time="223.488"/>
  <testcase name="testWatchForCommitWithSingleNodeRatis" classname="org.apache.hadoop.ozone.client.rpc.TestBlockOutputStreamWithFailures" time="35.95"/>
  <testcase name="testWatchForCommitDatanodeFailure" classname="org.apache.hadoop.ozone.client.rpc.TestBlockOutputStreamWithFailures" time="42.792">
    <failure message="expected:&lt;2&gt; but was:&lt;3&gt;" type="java.lang.AssertionError"><![CDATA[java.lang.AssertionError: expected:<2> but was:<3>
	at org.junit.Assert.fail(Assert.java:88)
	at org.junit.Assert.failNotEquals(Assert.java:743)
	at org.junit.Assert.assertEquals(Assert.java:118)
	at org.junit.Assert.assertEquals(Assert.java:555)
	at org.junit.Assert.assertEquals(Assert.java:542)
	at org.apache.hadoop.ozone.client.rpc.TestBlockOutputStreamWithFailures.testWatchForCommitDatanodeFailure(TestBlockOutputStreamWithFailures.java:366)
	at sun.reflect.NativeMethodAccessorImpl.invoke0(Native Method)
	at sun.reflect.NativeMethodAccessorImpl.invoke(NativeMethodAccessorImpl.java:62)
	at sun.reflect.DelegatingMethodAccessorImpl.invoke(DelegatingMethodAccessorImpl.java:43)
	at java.lang.reflect.Method.invoke(Method.java:498)
	at org.junit.runners.model.FrameworkMethod$1.runReflectiveCall(FrameworkMethod.java:47)
	at org.junit.internal.runners.model.ReflectiveCallable.run(ReflectiveCallable.java:12)
	at org.junit.runners.model.FrameworkMethod.invokeExplosively(FrameworkMethod.java:44)
	at org.junit.internal.runners.statements.InvokeMethod.evaluate(InvokeMethod.java:17)
	at org.junit.internal.runners.statements.RunBefores.evaluate(RunBefores.java:26)
	at org.junit.internal.runners.statements.RunAfters.evaluate(RunAfters.java:27)
	at org.junit.runners.ParentRunner.runLeaf(ParentRunner.java:271)
	at org.junit.runners.BlockJUnit4ClassRunner.runChild(BlockJUnit4ClassRunner.java:70)
	at org.junit.runners.BlockJUnit4ClassRunner.runChild(BlockJUnit4ClassRunner.java:50)
	at org.junit.runners.ParentRunner$3.run(ParentRunner.java:238)
	at org.junit.runners.ParentRunner$1.schedule(ParentRunner.java:63)
	at org.junit.runners.ParentRunner.runChildren(ParentRunner.java:236)
	at org.junit.runners.ParentRunner.access$000(ParentRunner.java:53)
	at org.junit.runners.ParentRunner$2.evaluate(ParentRunner.java:229)
	at org.junit.runners.ParentRunner.run(ParentRunner.java:309)
	at org.apache.maven.surefire.junit4.JUnit4Provider.execute(JUnit4Provider.java:365)
	at org.apache.maven.surefire.junit4.JUnit4Provider.executeWithRerun(JUnit4Provider.java:273)
	at org.apache.maven.surefire.junit4.JUnit4Provider.executeTestSet(JUnit4Provider.java:238)
	at org.apache.maven.surefire.junit4.JUnit4Provider.invoke(JUnit4Provider.java:159)
	at org.apache.maven.surefire.booter.ForkedBooter.invokeProviderInSameClassLoader(ForkedBooter.java:384)
	at org.apache.maven.surefire.booter.ForkedBooter.runSuitesInProcess(ForkedBooter.java:345)
	at org.apache.maven.surefire.booter.ForkedBooter.execute(ForkedBooter.java:126)
	at org.apache.maven.surefire.booter.ForkedBooter.main(ForkedBooter.java:418)
]]></failure>
    <system-out><![CDATA[2019-10-10 06:17:53,717 [main] WARN  server.ServerUtils (ServerUtils.java:getScmDbDir(145)) - ozone.scm.db.dirs is not configured. We recommend adding this setting. Falling back to ozone.metadata.dirs instead.
2019-10-10 06:17:53,731 [main] WARN  server.ServerUtils (ServerUtils.java:getScmDbDir(145)) - ozone.scm.db.dirs is not configured. We recommend adding this setting. Falling back to ozone.metadata.dirs instead.
2019-10-10 06:17:53,732 [main] WARN  server.ServerUtils (ServerUtils.java:getScmDbDir(145)) - ozone.scm.db.dirs is not configured. We recommend adding this setting. Falling back to ozone.metadata.dirs instead.
2019-10-10 06:17:53,732 [main] INFO  db.DBStoreBuilder (DBStoreBuilder.java:addTable(117)) - using custom profile for table: deletedBlocks
2019-10-10 06:17:53,732 [main] INFO  db.DBStoreBuilder (DBStoreBuilder.java:processTables(168)) - Using default column profile:DBProfile.DISK for Table:deletedBlocks
2019-10-10 06:17:53,732 [main] INFO  db.DBStoreBuilder (DBStoreBuilder.java:addTable(117)) - using custom profile for table: validCerts
2019-10-10 06:17:53,733 [main] INFO  db.DBStoreBuilder (DBStoreBuilder.java:processTables(168)) - Using default column profile:DBProfile.DISK for Table:validCerts
2019-10-10 06:17:53,733 [main] INFO  db.DBStoreBuilder (DBStoreBuilder.java:addTable(117)) - using custom profile for table: revokedCerts
2019-10-10 06:17:53,733 [main] INFO  db.DBStoreBuilder (DBStoreBuilder.java:processTables(168)) - Using default column profile:DBProfile.DISK for Table:revokedCerts
2019-10-10 06:17:53,733 [main] INFO  db.DBStoreBuilder (DBStoreBuilder.java:addTable(117)) - using custom profile for table: default
2019-10-10 06:17:53,733 [main] INFO  db.DBStoreBuilder (DBStoreBuilder.java:processTables(174)) - Using default column profile:DBProfile.DISK for Table:default
2019-10-10 06:17:53,733 [main] INFO  db.DBStoreBuilder (DBStoreBuilder.java:getDbProfile(205)) - Using default options. DBProfile.DISK
2019-10-10 06:17:53,920 [main] INFO  net.NodeSchemaLoader (NodeSchemaLoader.java:loadSchemaFromFile(125)) - Loading file from sun.misc.CompoundEnumeration@681061d6
2019-10-10 06:17:53,920 [main] INFO  net.NodeSchemaLoader (NodeSchemaLoader.java:loadSchema(171)) - Loading network topology layer schema file
2019-10-10 06:17:53,926 [main] INFO  node.SCMNodeManager (SCMNodeManager.java:<init>(116)) - Entering startup safe mode.
2019-10-10 06:17:53,927 [main] INFO  algorithms.ContainerPlacementPolicyFactory (ContainerPlacementPolicyFactory.java:getPolicy(57)) - Create container placement policy of type org.apache.hadoop.hdds.scm.container.placement.algorithms.SCMContainerPlacementRandom
2019-10-10 06:17:53,927 [main] WARN  server.ServerUtils (ServerUtils.java:getScmDbDir(145)) - ozone.scm.db.dirs is not configured. We recommend adding this setting. Falling back to ozone.metadata.dirs instead.
2019-10-10 06:17:53,989 [main] INFO  pipeline.SCMPipelineManager (SCMPipelineManager.java:initializePipelineState(132)) - No pipeline exists in current db
2019-10-10 06:17:53,990 [main] WARN  server.ServerUtils (ServerUtils.java:getScmDbDir(145)) - ozone.scm.db.dirs is not configured. We recommend adding this setting. Falling back to ozone.metadata.dirs instead.
2019-10-10 06:17:54,038 [main] WARN  events.EventQueue (EventQueue.java:fireEvent(183)) - No event handler registered for event TypedEvent{payloadType=SafeModeStatus, name='SafeModeStatus'}
2019-10-10 06:17:54,039 [main] INFO  ipc.CallQueueManager (CallQueueManager.java:<init>(84)) - Using callQueue: class java.util.concurrent.LinkedBlockingQueue, queueCapacity: 2000, scheduler: class org.apache.hadoop.ipc.DefaultRpcScheduler, ipcBackoff: false.
2019-10-10 06:17:54,040 [Socket Reader #1 for port 45001] INFO  ipc.Server (Server.java:run(1074)) - Starting Socket Reader #1 for port 45001
2019-10-10 06:17:54,043 [main] INFO  ipc.CallQueueManager (CallQueueManager.java:<init>(84)) - Using callQueue: class java.util.concurrent.LinkedBlockingQueue, queueCapacity: 2000, scheduler: class org.apache.hadoop.ipc.DefaultRpcScheduler, ipcBackoff: false.
2019-10-10 06:17:54,044 [Socket Reader #1 for port 46497] INFO  ipc.Server (Server.java:run(1074)) - Starting Socket Reader #1 for port 46497
2019-10-10 06:17:54,046 [main] INFO  ipc.CallQueueManager (CallQueueManager.java:<init>(84)) - Using callQueue: class java.util.concurrent.LinkedBlockingQueue, queueCapacity: 2000, scheduler: class org.apache.hadoop.ipc.DefaultRpcScheduler, ipcBackoff: false.
2019-10-10 06:17:54,046 [Socket Reader #1 for port 34755] INFO  ipc.Server (Server.java:run(1074)) - Starting Socket Reader #1 for port 34755
2019-10-10 06:17:54,049 [main] INFO  hdfs.DFSUtil (DFSUtil.java:httpServerTemplateForNNAndJN(1641)) - Starting Web-server for scm at: http://0.0.0.0:0
2019-10-10 06:17:54,051 [main] INFO  server.AuthenticationFilter (AuthenticationFilter.java:constructSecretProvider(240)) - Unable to initialize FileSignerSecretProvider, falling back to use random secrets.
2019-10-10 06:17:54,052 [main] WARN  http.HttpRequestLog (HttpRequestLog.java:getRequestLog(97)) - Jetty request log can only be enabled using Log4j
2019-10-10 06:17:54,054 [main] INFO  http.HttpServer2 (HttpServer2.java:addGlobalFilter(975)) - Added global filter 'safety' (class=org.apache.hadoop.http.HttpServer2$QuotingInputFilter)
2019-10-10 06:17:54,054 [main] INFO  http.HttpServer2 (HttpServer2.java:addFilter(948)) - Added filter static_user_filter (class=org.apache.hadoop.http.lib.StaticUserWebFilter$StaticUserFilter) to context scm
2019-10-10 06:17:54,055 [main] INFO  http.HttpServer2 (HttpServer2.java:addFilter(958)) - Added filter static_user_filter (class=org.apache.hadoop.http.lib.StaticUserWebFilter$StaticUserFilter) to context static
2019-10-10 06:17:54,055 [main] INFO  http.HttpServer2 (HttpServer2.java:addFilter(958)) - Added filter static_user_filter (class=org.apache.hadoop.http.lib.StaticUserWebFilter$StaticUserFilter) to context logs
2019-10-10 06:17:54,057 [main] INFO  server.StorageContainerManager (StorageContainerManager.java:start(772)) - StorageContainerLocationProtocol RPC server is listening at /0.0.0.0:34755
2019-10-10 06:17:54,059 [main] WARN  impl.MetricsConfig (MetricsConfig.java:loadFirst(134)) - Cannot locate configuration: tried hadoop-metrics2-storagecontainermanager.properties,hadoop-metrics2.properties
2019-10-10 06:17:54,060 [main] INFO  impl.MetricsSystemImpl (MetricsSystemImpl.java:startTimer(374)) - Scheduled Metric snapshot period at 10 second(s).
2019-10-10 06:17:54,060 [main] INFO  impl.MetricsSystemImpl (MetricsSystemImpl.java:start(191)) - StorageContainerManager metrics system started
2019-10-10 06:17:54,176 [main] WARN  impl.MetricsSystemImpl (MetricsSystemImpl.java:register(276)) - Sink prometheus already exists!
2019-10-10 06:17:54,225 [main] INFO  server.SCMClientProtocolServer (SCMClientProtocolServer.java:start(159)) - RPC server for Client  is listening at /0.0.0.0:34755
2019-10-10 06:17:54,225 [IPC Server Responder] INFO  ipc.Server (Server.java:run(1314)) - IPC Server Responder: starting
2019-10-10 06:17:54,225 [IPC Server listener on 34755] INFO  ipc.Server (Server.java:run(1153)) - IPC Server listener on 34755: starting
2019-10-10 06:17:54,231 [main] INFO  server.StorageContainerManager (StorageContainerManager.java:start(782)) - ScmBlockLocationProtocol RPC server is listening at /0.0.0.0:46497
2019-10-10 06:17:54,232 [main] INFO  server.SCMBlockProtocolServer (SCMBlockProtocolServer.java:start(146)) - RPC server for Block Protocol is listening at /0.0.0.0:46497
2019-10-10 06:17:54,232 [IPC Server Responder] INFO  ipc.Server (Server.java:run(1314)) - IPC Server Responder: starting
2019-10-10 06:17:54,232 [IPC Server listener on 46497] INFO  ipc.Server (Server.java:run(1153)) - IPC Server listener on 46497: starting
2019-10-10 06:17:54,236 [main] INFO  server.StorageContainerManager (StorageContainerManager.java:start(786)) - ScmDatanodeProtocl RPC server is listening at /0.0.0.0:45001
2019-10-10 06:17:54,236 [main] INFO  server.SCMDatanodeProtocolServer (SCMDatanodeProtocolServer.java:start(169)) - RPC server for DataNodes is listening at /0.0.0.0:45001
2019-10-10 06:17:54,237 [IPC Server Responder] INFO  ipc.Server (Server.java:run(1314)) - IPC Server Responder: starting
2019-10-10 06:17:54,237 [IPC Server listener on 45001] INFO  ipc.Server (Server.java:run(1153)) - IPC Server listener on 45001: starting
2019-10-10 06:17:54,240 [main] INFO  http.HttpServer2 (HttpServer2.java:bindListener(1191)) - Jetty bound to port 42668
2019-10-10 06:17:54,241 [main] INFO  server.Server (Server.java:doStart(351)) - jetty-9.3.25.v20180904, build timestamp: 2018-09-04T21:11:46Z, git hash: 3ce520221d0240229c862b122d2b06c12a625732
2019-10-10 06:17:54,243 [main] INFO  handler.ContextHandler (ContextHandler.java:doStart(781)) - Started o.e.j.s.ServletContextHandler@599f1b7{/logs,file:///workdir/hadoop-ozone/integration-test/target/log,AVAILABLE}
2019-10-10 06:17:54,243 [main] INFO  handler.ContextHandler (ContextHandler.java:doStart(781)) - Started o.e.j.s.ServletContextHandler@64f4f12{/static,file:///workdir/hadoop-ozone/integration-test/target/test-classes/webapps/static,AVAILABLE}
2019-10-10 06:17:54,247 [main] INFO  handler.ContextHandler (ContextHandler.java:doStart(781)) - Started o.e.j.w.WebAppContext@4f664bee{/,file:///workdir/hadoop-ozone/integration-test/target/test-classes/webapps/scm/,AVAILABLE}{/scm}
2019-10-10 06:17:54,248 [main] INFO  server.AbstractConnector (AbstractConnector.java:doStart(278)) - Started ServerConnector@76563ae7{HTTP/1.1,[http/1.1]}{0.0.0.0:42668}
2019-10-10 06:17:54,249 [main] INFO  server.Server (Server.java:doStart(419)) - Started @532220ms
2019-10-10 06:17:54,249 [main] WARN  impl.MetricsSystemImpl (MetricsSystemImpl.java:register(276)) - Sink prometheus already exists!
2019-10-10 06:17:54,250 [main] INFO  server.BaseHttpServer (BaseHttpServer.java:updateConnectorAddress(215)) - HTTP server of SCM is listening at http://0.0.0.0:42668
2019-10-10 06:17:54,251 [main] WARN  server.ServerUtils (ServerUtils.java:getDBPath(222)) - ozone.om.db.dirs is not configured. We recommend adding this setting. Falling back to ozone.metadata.dirs instead.
2019-10-10 06:17:54,252 [org.apache.hadoop.util.JvmPauseMonitor$Monitor@4fea840f] INFO  util.JvmPauseMonitor (JvmPauseMonitor.java:run(188)) - Starting JVM pause monitor
2019-10-10 06:17:54,265 [main] INFO  ha.OMHANodeDetails (OMHANodeDetails.java:loadOMHAConfig(190)) - Configuration either no ozone.om.address set. Falling back to the default OM address /127.0.0.1:0
2019-10-10 06:17:54,266 [main] INFO  ha.OMHANodeDetails (OMHANodeDetails.java:getOMNodeDetails(220)) - OM Service ID is not set. Setting it to the default ID: omServiceIdDefault
2019-10-10 06:17:54,266 [main] WARN  server.ServerUtils (ServerUtils.java:getDBPath(222)) - ozone.om.db.dirs is not configured. We recommend adding this setting. Falling back to ozone.metadata.dirs instead.
2019-10-10 06:17:54,267 [main] WARN  server.ServerUtils (ServerUtils.java:getDBPath(222)) - ozone.om.db.dirs is not configured. We recommend adding this setting. Falling back to ozone.metadata.dirs instead.
2019-10-10 06:17:54,274 [main] WARN  server.ServerUtils (ServerUtils.java:getDBPath(222)) - ozone.om.db.dirs is not configured. We recommend adding this setting. Falling back to ozone.metadata.dirs instead.
2019-10-10 06:17:54,275 [main] INFO  db.DBStoreBuilder (DBStoreBuilder.java:addTable(117)) - using custom profile for table: userTable
2019-10-10 06:17:54,275 [main] INFO  db.DBStoreBuilder (DBStoreBuilder.java:processTables(168)) - Using default column profile:DBProfile.DISK for Table:userTable
2019-10-10 06:17:54,275 [main] INFO  db.DBStoreBuilder (DBStoreBuilder.java:addTable(117)) - using custom profile for table: volumeTable
2019-10-10 06:17:54,275 [main] INFO  db.DBStoreBuilder (DBStoreBuilder.java:processTables(168)) - Using default column profile:DBProfile.DISK for Table:volumeTable
2019-10-10 06:17:54,276 [main] INFO  db.DBStoreBuilder (DBStoreBuilder.java:addTable(117)) - using custom profile for table: bucketTable
2019-10-10 06:17:54,276 [main] INFO  db.DBStoreBuilder (DBStoreBuilder.java:processTables(168)) - Using default column profile:DBProfile.DISK for Table:bucketTable
2019-10-10 06:17:54,276 [main] INFO  db.DBStoreBuilder (DBStoreBuilder.java:addTable(117)) - using custom profile for table: keyTable
2019-10-10 06:17:54,276 [main] INFO  db.DBStoreBuilder (DBStoreBuilder.java:processTables(168)) - Using default column profile:DBProfile.DISK for Table:keyTable
2019-10-10 06:17:54,277 [main] INFO  db.DBStoreBuilder (DBStoreBuilder.java:addTable(117)) - using custom profile for table: deletedTable
2019-10-10 06:17:54,277 [main] INFO  db.DBStoreBuilder (DBStoreBuilder.java:processTables(168)) - Using default column profile:DBProfile.DISK for Table:deletedTable
2019-10-10 06:17:54,277 [main] INFO  db.DBStoreBuilder (DBStoreBuilder.java:addTable(117)) - using custom profile for table: openKeyTable
2019-10-10 06:17:54,277 [main] INFO  db.DBStoreBuilder (DBStoreBuilder.java:processTables(168)) - Using default column profile:DBProfile.DISK for Table:openKeyTable
2019-10-10 06:17:54,278 [main] INFO  db.DBStoreBuilder (DBStoreBuilder.java:addTable(117)) - using custom profile for table: s3Table
2019-10-10 06:17:54,278 [main] INFO  db.DBStoreBuilder (DBStoreBuilder.java:processTables(168)) - Using default column profile:DBProfile.DISK for Table:s3Table
2019-10-10 06:17:54,278 [main] INFO  db.DBStoreBuilder (DBStoreBuilder.java:addTable(117)) - using custom profile for table: multipartInfoTable
2019-10-10 06:17:54,278 [main] INFO  db.DBStoreBuilder (DBStoreBuilder.java:processTables(168)) - Using default column profile:DBProfile.DISK for Table:multipartInfoTable
2019-10-10 06:17:54,279 [main] INFO  db.DBStoreBuilder (DBStoreBuilder.java:addTable(117)) - using custom profile for table: dTokenTable
2019-10-10 06:17:54,279 [main] INFO  db.DBStoreBuilder (DBStoreBuilder.java:processTables(168)) - Using default column profile:DBProfile.DISK for Table:dTokenTable
2019-10-10 06:17:54,279 [main] INFO  db.DBStoreBuilder (DBStoreBuilder.java:addTable(117)) - using custom profile for table: s3SecretTable
2019-10-10 06:17:54,279 [main] INFO  db.DBStoreBuilder (DBStoreBuilder.java:processTables(168)) - Using default column profile:DBProfile.DISK for Table:s3SecretTable
2019-10-10 06:17:54,280 [main] INFO  db.DBStoreBuilder (DBStoreBuilder.java:addTable(117)) - using custom profile for table: prefixTable
2019-10-10 06:17:54,280 [main] INFO  db.DBStoreBuilder (DBStoreBuilder.java:processTables(168)) - Using default column profile:DBProfile.DISK for Table:prefixTable
2019-10-10 06:17:54,280 [main] INFO  db.DBStoreBuilder (DBStoreBuilder.java:addTable(117)) - using custom profile for table: default
2019-10-10 06:17:54,280 [main] INFO  db.DBStoreBuilder (DBStoreBuilder.java:processTables(174)) - Using default column profile:DBProfile.DISK for Table:default
2019-10-10 06:17:54,281 [main] INFO  db.DBStoreBuilder (DBStoreBuilder.java:getDbProfile(205)) - Using default options. DBProfile.DISK
2019-10-10 06:17:54,899 [main] INFO  ipc.CallQueueManager (CallQueueManager.java:<init>(84)) - Using callQueue: class java.util.concurrent.LinkedBlockingQueue, queueCapacity: 2000, scheduler: class org.apache.hadoop.ipc.DefaultRpcScheduler, ipcBackoff: false.
2019-10-10 06:17:54,900 [Socket Reader #1 for port 41709] INFO  ipc.Server (Server.java:run(1074)) - Starting Socket Reader #1 for port 41709
2019-10-10 06:17:54,915 [main] INFO  om.OzoneManager (OzoneManager.java:start(1069)) - OzoneManager RPC server is listening at localhost/127.0.0.1:41709
2019-10-10 06:17:54,915 [main] INFO  impl.MetricsSystemImpl (MetricsSystemImpl.java:init(158)) - OzoneManager metrics system started (again)
2019-10-10 06:17:54,916 [IPC Server Responder] INFO  ipc.Server (Server.java:run(1314)) - IPC Server Responder: starting
2019-10-10 06:17:54,916 [IPC Server listener on 41709] INFO  ipc.Server (Server.java:run(1153)) - IPC Server listener on 41709: starting
2019-10-10 06:17:54,923 [main] INFO  hdfs.DFSUtil (DFSUtil.java:httpServerTemplateForNNAndJN(1641)) - Starting Web-server for ozoneManager at: http://0.0.0.0:0
2019-10-10 06:17:54,925 [main] INFO  server.AuthenticationFilter (AuthenticationFilter.java:constructSecretProvider(240)) - Unable to initialize FileSignerSecretProvider, falling back to use random secrets.
2019-10-10 06:17:54,926 [main] WARN  http.HttpRequestLog (HttpRequestLog.java:getRequestLog(97)) - Jetty request log can only be enabled using Log4j
2019-10-10 06:17:54,928 [main] INFO  http.HttpServer2 (HttpServer2.java:addGlobalFilter(975)) - Added global filter 'safety' (class=org.apache.hadoop.http.HttpServer2$QuotingInputFilter)
2019-10-10 06:17:54,929 [main] INFO  http.HttpServer2 (HttpServer2.java:addFilter(948)) - Added filter static_user_filter (class=org.apache.hadoop.http.lib.StaticUserWebFilter$StaticUserFilter) to context ozoneManager
2019-10-10 06:17:54,929 [main] INFO  http.HttpServer2 (HttpServer2.java:addFilter(958)) - Added filter static_user_filter (class=org.apache.hadoop.http.lib.StaticUserWebFilter$StaticUserFilter) to context static
2019-10-10 06:17:54,929 [main] INFO  http.HttpServer2 (HttpServer2.java:addFilter(958)) - Added filter static_user_filter (class=org.apache.hadoop.http.lib.StaticUserWebFilter$StaticUserFilter) to context logs
2019-10-10 06:17:54,930 [main] INFO  http.HttpServer2 (HttpServer2.java:bindListener(1191)) - Jetty bound to port 41357
2019-10-10 06:17:54,931 [main] INFO  server.Server (Server.java:doStart(351)) - jetty-9.3.25.v20180904, build timestamp: 2018-09-04T21:11:46Z, git hash: 3ce520221d0240229c862b122d2b06c12a625732
2019-10-10 06:17:54,933 [main] INFO  handler.ContextHandler (ContextHandler.java:doStart(781)) - Started o.e.j.s.ServletContextHandler@755b5f30{/logs,file:///workdir/hadoop-ozone/integration-test/target/log,AVAILABLE}
2019-10-10 06:17:54,933 [main] INFO  handler.ContextHandler (ContextHandler.java:doStart(781)) - Started o.e.j.s.ServletContextHandler@272778ae{/static,file:///workdir/hadoop-ozone/integration-test/target/test-classes/webapps/static,AVAILABLE}
2019-10-10 06:17:54,939 [main] INFO  handler.ContextHandler (ContextHandler.java:doStart(781)) - Started o.e.j.w.WebAppContext@2d130ac4{/,file:///workdir/hadoop-ozone/integration-test/target/test-classes/webapps/ozoneManager/,AVAILABLE}{/ozoneManager}
2019-10-10 06:17:54,940 [main] INFO  server.AbstractConnector (AbstractConnector.java:doStart(278)) - Started ServerConnector@2f0ccb34{HTTP/1.1,[http/1.1]}{0.0.0.0:41357}
2019-10-10 06:17:54,941 [main] INFO  server.Server (Server.java:doStart(419)) - Started @532912ms
2019-10-10 06:17:54,942 [main] WARN  impl.MetricsSystemImpl (MetricsSystemImpl.java:register(276)) - Sink prometheus already exists!
2019-10-10 06:17:54,943 [main] INFO  server.BaseHttpServer (BaseHttpServer.java:updateConnectorAddress(215)) - HTTP server of OZONEMANAGER is listening at http://0.0.0.0:41357
2019-10-10 06:17:54,963 [main] INFO  impl.MetricsSystemImpl (MetricsSystemImpl.java:init(158)) - HddsDatanode metrics system started (again)
2019-10-10 06:17:54,968 [main] INFO  ozone.HddsDatanodeService (HddsDatanodeService.java:start(184)) - HddsDatanodeService host:trunk-nightly-20191010-ks672-2217485364 ip:192.168.151.114
2019-10-10 06:17:54,975 [main] INFO  volume.HddsVolume (HddsVolume.java:<init>(176)) - Creating Volume: /workdir/hadoop-ozone/integration-test/target/test-dir/MiniOzoneClusterImpl-6bc00d4f-b58d-47cd-9642-32568dc7b8bd/datanode-0/data/containers/hdds of  storage type : DISK and capacity : 1482555576320
2019-10-10 06:17:54,976 [main] INFO  volume.VolumeSet (VolumeSet.java:initializeVolumeSet(170)) - Added Volume : /workdir/hadoop-ozone/integration-test/target/test-dir/MiniOzoneClusterImpl-6bc00d4f-b58d-47cd-9642-32568dc7b8bd/datanode-0/data/containers/hdds to VolumeSet
2019-10-10 06:17:54,976 [main] INFO  volume.ThrottledAsyncChecker (ThrottledAsyncChecker.java:schedule(141)) - Scheduling a check for org.apache.hadoop.ozone.container.common.volume.HddsVolume@57cabdc3
2019-10-10 06:17:54,978 [main] INFO  volume.HddsVolumeChecker (HddsVolumeChecker.java:checkAllVolumes(204)) - Scheduled health check for volume org.apache.hadoop.ozone.container.common.volume.HddsVolume@57cabdc3
2019-10-10 06:17:54,996 [main] INFO  impl.RaftServerProxy (ConfUtils.java:logGet(43)) - raft.rpc.type = GRPC (default)
2019-10-10 06:17:54,997 [main] INFO  grpc.GrpcFactory (GrpcFactory.java:checkPooledByteBufAllocatorUseCacheForAllThreads(45)) - PERFORMANCE WARNING: useCacheForAllThreads is true that may cause Netty to create a lot garbage objects and, as a result, trigger GC.
	It is recommended to disable useCacheForAllThreads by setting -Dorg.apache.ratis.thirdparty.io.netty.allocator.useCacheForAllThreads=false in command line.
2019-10-10 06:17:54,997 [main] INFO  grpc.GrpcConfigKeys$Server (ConfUtils.java:logGet(43)) - raft.grpc.server.port = 0 (default)
2019-10-10 06:17:54,997 [main] INFO  server.GrpcService (ConfUtils.java:logGet(43)) - raft.grpc.message.size.max = 33570816 (custom)
2019-10-10 06:17:54,997 [main] INFO  server.RaftServerConfigKeys (ConfUtils.java:logGet(43)) - raft.server.log.appender.buffer.byte-limit = 33554432 (custom)
2019-10-10 06:17:54,998 [main] INFO  server.GrpcService (ConfUtils.java:logGet(43)) - raft.grpc.flow.control.window = 1MB (=1048576) (default)
2019-10-10 06:17:54,998 [main] INFO  server.RaftServerConfigKeys (ConfUtils.java:logGet(43)) - raft.server.rpc.request.timeout = 3000ms (default)
2019-10-10 06:17:54,999 [main] INFO  server.RaftServerConfigKeys (ConfUtils.java:logGet(43)) - raft.server.storage.dir = [/workdir/hadoop-ozone/integration-test/target/test-dir/MiniOzoneClusterImpl-6bc00d4f-b58d-47cd-9642-32568dc7b8bd/datanode-0/data/ratis] (custom)
2019-10-10 06:17:55,001 [main] INFO  hdfs.DFSUtil (DFSUtil.java:httpServerTemplateForNNAndJN(1641)) - Starting Web-server for hddsDatanode at: http://0.0.0.0:0
2019-10-10 06:17:55,002 [main] INFO  server.AuthenticationFilter (AuthenticationFilter.java:constructSecretProvider(240)) - Unable to initialize FileSignerSecretProvider, falling back to use random secrets.
2019-10-10 06:17:55,003 [main] WARN  http.HttpRequestLog (HttpRequestLog.java:getRequestLog(97)) - Jetty request log can only be enabled using Log4j
2019-10-10 06:17:55,004 [main] INFO  http.HttpServer2 (HttpServer2.java:addGlobalFilter(975)) - Added global filter 'safety' (class=org.apache.hadoop.http.HttpServer2$QuotingInputFilter)
2019-10-10 06:17:55,005 [main] INFO  http.HttpServer2 (HttpServer2.java:addFilter(948)) - Added filter static_user_filter (class=org.apache.hadoop.http.lib.StaticUserWebFilter$StaticUserFilter) to context hddsDatanode
2019-10-10 06:17:55,005 [main] INFO  http.HttpServer2 (HttpServer2.java:addFilter(958)) - Added filter static_user_filter (class=org.apache.hadoop.http.lib.StaticUserWebFilter$StaticUserFilter) to context logs
2019-10-10 06:17:55,006 [main] INFO  http.HttpServer2 (HttpServer2.java:addFilter(958)) - Added filter static_user_filter (class=org.apache.hadoop.http.lib.StaticUserWebFilter$StaticUserFilter) to context static
2019-10-10 06:17:55,006 [main] INFO  http.HttpServer2 (HttpServer2.java:bindListener(1191)) - Jetty bound to port 44059
2019-10-10 06:17:55,007 [main] INFO  server.Server (Server.java:doStart(351)) - jetty-9.3.25.v20180904, build timestamp: 2018-09-04T21:11:46Z, git hash: 3ce520221d0240229c862b122d2b06c12a625732
2019-10-10 06:17:55,008 [main] INFO  handler.ContextHandler (ContextHandler.java:doStart(781)) - Started o.e.j.s.ServletContextHandler@37d3e140{/logs,file:///workdir/hadoop-ozone/integration-test/target/log,AVAILABLE}
2019-10-10 06:17:55,009 [main] INFO  handler.ContextHandler (ContextHandler.java:doStart(781)) - Started o.e.j.s.ServletContextHandler@33eb0d4{/static,jar:file:/home/user/.m2/repository/org/apache/hadoop/hadoop-hdds-container-service/0.5.0-SNAPSHOT/hadoop-hdds-container-service-0.5.0-SNAPSHOT.jar!/webapps/static,AVAILABLE}
2019-10-10 06:17:55,043 [main] INFO  handler.ContextHandler (ContextHandler.java:doStart(781)) - Started o.e.j.w.WebAppContext@2d206a71{/,file:///tmp/jetty-0.0.0.0-44059-hddsDatanode-_-any-8918677673737583712.dir/webapp/,AVAILABLE}{/hddsDatanode}
2019-10-10 06:17:55,044 [main] INFO  server.AbstractConnector (AbstractConnector.java:doStart(278)) - Started ServerConnector@37e7c4cc{HTTP/1.1,[http/1.1]}{0.0.0.0:44059}
2019-10-10 06:17:55,046 [main] INFO  server.Server (Server.java:doStart(419)) - Started @533016ms
2019-10-10 06:17:55,046 [main] WARN  impl.MetricsSystemImpl (MetricsSystemImpl.java:register(276)) - Sink prometheus already exists!
2019-10-10 06:17:55,046 [main] INFO  server.BaseHttpServer (BaseHttpServer.java:updateConnectorAddress(215)) - HTTP server of HDDSDATANODE is listening at http://0.0.0.0:44059
2019-10-10 06:17:55,047 [main] INFO  impl.MetricsSystemImpl (MetricsSystemImpl.java:init(158)) - HddsDatanode metrics system started (again)
2019-10-10 06:17:55,051 [org.apache.hadoop.util.JvmPauseMonitor$Monitor@1b2fb437] INFO  util.JvmPauseMonitor (JvmPauseMonitor.java:run(188)) - Starting JVM pause monitor
2019-10-10 06:17:55,051 [main] INFO  ozone.HddsDatanodeService (HddsDatanodeService.java:start(184)) - HddsDatanodeService host:trunk-nightly-20191010-ks672-2217485364 ip:192.168.151.114
2019-10-10 06:17:55,053 [Datanode State Machine Thread - 0] INFO  datanode.InitDatanodeState (InitDatanodeState.java:persistContainerDatanodeDetails(140)) - DatanodeDetails is persisted to /workdir/hadoop-ozone/integration-test/target/test-dir/MiniOzoneClusterImpl-6bc00d4f-b58d-47cd-9642-32568dc7b8bd/datanode-0/meta/datanode.id
2019-10-10 06:17:55,058 [main] INFO  volume.HddsVolume (HddsVolume.java:<init>(176)) - Creating Volume: /workdir/hadoop-ozone/integration-test/target/test-dir/MiniOzoneClusterImpl-6bc00d4f-b58d-47cd-9642-32568dc7b8bd/datanode-1/data/containers/hdds of  storage type : DISK and capacity : 1482555576320
2019-10-10 06:17:55,059 [main] INFO  volume.VolumeSet (VolumeSet.java:initializeVolumeSet(170)) - Added Volume : /workdir/hadoop-ozone/integration-test/target/test-dir/MiniOzoneClusterImpl-6bc00d4f-b58d-47cd-9642-32568dc7b8bd/datanode-1/data/containers/hdds to VolumeSet
2019-10-10 06:17:55,059 [main] INFO  volume.ThrottledAsyncChecker (ThrottledAsyncChecker.java:schedule(141)) - Scheduling a check for org.apache.hadoop.ozone.container.common.volume.HddsVolume@203e705e
2019-10-10 06:17:55,059 [main] INFO  volume.HddsVolumeChecker (HddsVolumeChecker.java:checkAllVolumes(204)) - Scheduled health check for volume org.apache.hadoop.ozone.container.common.volume.HddsVolume@203e705e
2019-10-10 06:17:55,073 [main] INFO  impl.RaftServerProxy (ConfUtils.java:logGet(43)) - raft.rpc.type = GRPC (default)
2019-10-10 06:17:55,074 [main] INFO  grpc.GrpcFactory (GrpcFactory.java:checkPooledByteBufAllocatorUseCacheForAllThreads(45)) - PERFORMANCE WARNING: useCacheForAllThreads is true that may cause Netty to create a lot garbage objects and, as a result, trigger GC.
	It is recommended to disable useCacheForAllThreads by setting -Dorg.apache.ratis.thirdparty.io.netty.allocator.useCacheForAllThreads=false in command line.
2019-10-10 06:17:55,074 [main] INFO  grpc.GrpcConfigKeys$Server (ConfUtils.java:logGet(43)) - raft.grpc.server.port = 0 (default)
2019-10-10 06:17:55,074 [main] INFO  server.GrpcService (ConfUtils.java:logGet(43)) - raft.grpc.message.size.max = 33570816 (custom)
2019-10-10 06:17:55,074 [main] INFO  server.RaftServerConfigKeys (ConfUtils.java:logGet(43)) - raft.server.log.appender.buffer.byte-limit = 33554432 (custom)
2019-10-10 06:17:55,074 [main] INFO  server.GrpcService (ConfUtils.java:logGet(43)) - raft.grpc.flow.control.window = 1MB (=1048576) (default)
2019-10-10 06:17:55,074 [main] INFO  server.RaftServerConfigKeys (ConfUtils.java:logGet(43)) - raft.server.rpc.request.timeout = 3000ms (default)
2019-10-10 06:17:55,075 [main] INFO  server.RaftServerConfigKeys (ConfUtils.java:logGet(43)) - raft.server.storage.dir = [/workdir/hadoop-ozone/integration-test/target/test-dir/MiniOzoneClusterImpl-6bc00d4f-b58d-47cd-9642-32568dc7b8bd/datanode-1/data/ratis] (custom)
2019-10-10 06:17:55,076 [main] INFO  hdfs.DFSUtil (DFSUtil.java:httpServerTemplateForNNAndJN(1641)) - Starting Web-server for hddsDatanode at: http://0.0.0.0:0
2019-10-10 06:17:55,077 [main] INFO  server.AuthenticationFilter (AuthenticationFilter.java:constructSecretProvider(240)) - Unable to initialize FileSignerSecretProvider, falling back to use random secrets.
2019-10-10 06:17:55,078 [main] WARN  http.HttpRequestLog (HttpRequestLog.java:getRequestLog(97)) - Jetty request log can only be enabled using Log4j
2019-10-10 06:17:55,079 [main] INFO  http.HttpServer2 (HttpServer2.java:addGlobalFilter(975)) - Added global filter 'safety' (class=org.apache.hadoop.http.HttpServer2$QuotingInputFilter)
2019-10-10 06:17:55,080 [main] INFO  http.HttpServer2 (HttpServer2.java:addFilter(948)) - Added filter static_user_filter (class=org.apache.hadoop.http.lib.StaticUserWebFilter$StaticUserFilter) to context hddsDatanode
2019-10-10 06:17:55,080 [main] INFO  http.HttpServer2 (HttpServer2.java:addFilter(958)) - Added filter static_user_filter (class=org.apache.hadoop.http.lib.StaticUserWebFilter$StaticUserFilter) to context static
2019-10-10 06:17:55,080 [main] INFO  http.HttpServer2 (HttpServer2.java:addFilter(958)) - Added filter static_user_filter (class=org.apache.hadoop.http.lib.StaticUserWebFilter$StaticUserFilter) to context logs
2019-10-10 06:17:55,081 [main] INFO  http.HttpServer2 (HttpServer2.java:bindListener(1191)) - Jetty bound to port 41250
2019-10-10 06:17:55,081 [main] INFO  server.Server (Server.java:doStart(351)) - jetty-9.3.25.v20180904, build timestamp: 2018-09-04T21:11:46Z, git hash: 3ce520221d0240229c862b122d2b06c12a625732
2019-10-10 06:17:55,083 [main] INFO  handler.ContextHandler (ContextHandler.java:doStart(781)) - Started o.e.j.s.ServletContextHandler@20256a0b{/logs,file:///workdir/hadoop-ozone/integration-test/target/log,AVAILABLE}
2019-10-10 06:17:55,083 [main] INFO  handler.ContextHandler (ContextHandler.java:doStart(781)) - Started o.e.j.s.ServletContextHandler@454bcbbf{/static,jar:file:/home/user/.m2/repository/org/apache/hadoop/hadoop-hdds-container-service/0.5.0-SNAPSHOT/hadoop-hdds-container-service-0.5.0-SNAPSHOT.jar!/webapps/static,AVAILABLE}
2019-10-10 06:17:55,112 [main] INFO  handler.ContextHandler (ContextHandler.java:doStart(781)) - Started o.e.j.w.WebAppContext@340afaf8{/,file:///tmp/jetty-0.0.0.0-41250-hddsDatanode-_-any-9201936246646721340.dir/webapp/,AVAILABLE}{/hddsDatanode}
2019-10-10 06:17:55,112 [main] INFO  server.AbstractConnector (AbstractConnector.java:doStart(278)) - Started ServerConnector@6238d5e0{HTTP/1.1,[http/1.1]}{0.0.0.0:41250}
2019-10-10 06:17:55,114 [main] INFO  server.Server (Server.java:doStart(419)) - Started @533084ms
2019-10-10 06:17:55,114 [main] WARN  impl.MetricsSystemImpl (MetricsSystemImpl.java:register(276)) - Sink prometheus already exists!
2019-10-10 06:17:55,114 [main] INFO  server.BaseHttpServer (BaseHttpServer.java:updateConnectorAddress(215)) - HTTP server of HDDSDATANODE is listening at http://0.0.0.0:41250
2019-10-10 06:17:55,115 [main] INFO  impl.MetricsSystemImpl (MetricsSystemImpl.java:init(158)) - HddsDatanode metrics system started (again)
2019-10-10 06:17:55,119 [org.apache.hadoop.util.JvmPauseMonitor$Monitor@550dd52] INFO  util.JvmPauseMonitor (JvmPauseMonitor.java:run(188)) - Starting JVM pause monitor
2019-10-10 06:17:55,119 [main] INFO  ozone.HddsDatanodeService (HddsDatanodeService.java:start(184)) - HddsDatanodeService host:trunk-nightly-20191010-ks672-2217485364 ip:192.168.151.114
2019-10-10 06:17:55,120 [Datanode State Machine Thread - 0] INFO  datanode.InitDatanodeState (InitDatanodeState.java:persistContainerDatanodeDetails(140)) - DatanodeDetails is persisted to /workdir/hadoop-ozone/integration-test/target/test-dir/MiniOzoneClusterImpl-6bc00d4f-b58d-47cd-9642-32568dc7b8bd/datanode-1/meta/datanode.id
2019-10-10 06:17:55,125 [main] INFO  volume.HddsVolume (HddsVolume.java:<init>(176)) - Creating Volume: /workdir/hadoop-ozone/integration-test/target/test-dir/MiniOzoneClusterImpl-6bc00d4f-b58d-47cd-9642-32568dc7b8bd/datanode-2/data/containers/hdds of  storage type : DISK and capacity : 1482555576320
2019-10-10 06:17:55,126 [main] INFO  volume.VolumeSet (VolumeSet.java:initializeVolumeSet(170)) - Added Volume : /workdir/hadoop-ozone/integration-test/target/test-dir/MiniOzoneClusterImpl-6bc00d4f-b58d-47cd-9642-32568dc7b8bd/datanode-2/data/containers/hdds to VolumeSet
2019-10-10 06:17:55,126 [main] INFO  volume.ThrottledAsyncChecker (ThrottledAsyncChecker.java:schedule(141)) - Scheduling a check for org.apache.hadoop.ozone.container.common.volume.HddsVolume@3869a6e5
2019-10-10 06:17:55,126 [main] INFO  volume.HddsVolumeChecker (HddsVolumeChecker.java:checkAllVolumes(204)) - Scheduled health check for volume org.apache.hadoop.ozone.container.common.volume.HddsVolume@3869a6e5
2019-10-10 06:17:55,139 [main] INFO  impl.RaftServerProxy (ConfUtils.java:logGet(43)) - raft.rpc.type = GRPC (default)
2019-10-10 06:17:55,139 [main] INFO  grpc.GrpcFactory (GrpcFactory.java:checkPooledByteBufAllocatorUseCacheForAllThreads(45)) - PERFORMANCE WARNING: useCacheForAllThreads is true that may cause Netty to create a lot garbage objects and, as a result, trigger GC.
	It is recommended to disable useCacheForAllThreads by setting -Dorg.apache.ratis.thirdparty.io.netty.allocator.useCacheForAllThreads=false in command line.
2019-10-10 06:17:55,139 [main] INFO  grpc.GrpcConfigKeys$Server (ConfUtils.java:logGet(43)) - raft.grpc.server.port = 0 (default)
2019-10-10 06:17:55,140 [main] INFO  server.GrpcService (ConfUtils.java:logGet(43)) - raft.grpc.message.size.max = 33570816 (custom)
2019-10-10 06:17:55,140 [main] INFO  server.RaftServerConfigKeys (ConfUtils.java:logGet(43)) - raft.server.log.appender.buffer.byte-limit = 33554432 (custom)
2019-10-10 06:17:55,140 [main] INFO  server.GrpcService (ConfUtils.java:logGet(43)) - raft.grpc.flow.control.window = 1MB (=1048576) (default)
2019-10-10 06:17:55,140 [main] INFO  server.RaftServerConfigKeys (ConfUtils.java:logGet(43)) - raft.server.rpc.request.timeout = 3000ms (default)
2019-10-10 06:17:55,141 [main] INFO  server.RaftServerConfigKeys (ConfUtils.java:logGet(43)) - raft.server.storage.dir = [/workdir/hadoop-ozone/integration-test/target/test-dir/MiniOzoneClusterImpl-6bc00d4f-b58d-47cd-9642-32568dc7b8bd/datanode-2/data/ratis] (custom)
2019-10-10 06:17:55,142 [main] INFO  hdfs.DFSUtil (DFSUtil.java:httpServerTemplateForNNAndJN(1641)) - Starting Web-server for hddsDatanode at: http://0.0.0.0:0
2019-10-10 06:17:55,143 [main] INFO  server.AuthenticationFilter (AuthenticationFilter.java:constructSecretProvider(240)) - Unable to initialize FileSignerSecretProvider, falling back to use random secrets.
2019-10-10 06:17:55,143 [main] WARN  http.HttpRequestLog (HttpRequestLog.java:getRequestLog(97)) - Jetty request log can only be enabled using Log4j
2019-10-10 06:17:55,144 [main] INFO  http.HttpServer2 (HttpServer2.java:addGlobalFilter(975)) - Added global filter 'safety' (class=org.apache.hadoop.http.HttpServer2$QuotingInputFilter)
2019-10-10 06:17:55,145 [main] INFO  http.HttpServer2 (HttpServer2.java:addFilter(948)) - Added filter static_user_filter (class=org.apache.hadoop.http.lib.StaticUserWebFilter$StaticUserFilter) to context hddsDatanode
2019-10-10 06:17:55,145 [main] INFO  http.HttpServer2 (HttpServer2.java:addFilter(958)) - Added filter static_user_filter (class=org.apache.hadoop.http.lib.StaticUserWebFilter$StaticUserFilter) to context static
2019-10-10 06:17:55,145 [main] INFO  http.HttpServer2 (HttpServer2.java:addFilter(958)) - Added filter static_user_filter (class=org.apache.hadoop.http.lib.StaticUserWebFilter$StaticUserFilter) to context logs
2019-10-10 06:17:55,146 [main] INFO  http.HttpServer2 (HttpServer2.java:bindListener(1191)) - Jetty bound to port 40286
2019-10-10 06:17:55,146 [main] INFO  server.Server (Server.java:doStart(351)) - jetty-9.3.25.v20180904, build timestamp: 2018-09-04T21:11:46Z, git hash: 3ce520221d0240229c862b122d2b06c12a625732
2019-10-10 06:17:55,147 [main] INFO  handler.ContextHandler (ContextHandler.java:doStart(781)) - Started o.e.j.s.ServletContextHandler@2aee0704{/logs,file:///workdir/hadoop-ozone/integration-test/target/log,AVAILABLE}
2019-10-10 06:17:55,147 [main] INFO  handler.ContextHandler (ContextHandler.java:doStart(781)) - Started o.e.j.s.ServletContextHandler@4f3c7808{/static,jar:file:/home/user/.m2/repository/org/apache/hadoop/hadoop-hdds-container-service/0.5.0-SNAPSHOT/hadoop-hdds-container-service-0.5.0-SNAPSHOT.jar!/webapps/static,AVAILABLE}
2019-10-10 06:17:55,175 [main] INFO  handler.ContextHandler (ContextHandler.java:doStart(781)) - Started o.e.j.w.WebAppContext@7be94cd6{/,file:///tmp/jetty-0.0.0.0-40286-hddsDatanode-_-any-6650020479655018707.dir/webapp/,AVAILABLE}{/hddsDatanode}
2019-10-10 06:17:55,175 [main] INFO  server.AbstractConnector (AbstractConnector.java:doStart(278)) - Started ServerConnector@20cff21e{HTTP/1.1,[http/1.1]}{0.0.0.0:40286}
2019-10-10 06:17:55,175 [main] INFO  server.Server (Server.java:doStart(419)) - Started @533146ms
2019-10-10 06:17:55,177 [main] WARN  impl.MetricsSystemImpl (MetricsSystemImpl.java:register(276)) - Sink prometheus already exists!
2019-10-10 06:17:55,178 [main] INFO  server.BaseHttpServer (BaseHttpServer.java:updateConnectorAddress(215)) - HTTP server of HDDSDATANODE is listening at http://0.0.0.0:40286
2019-10-10 06:17:55,178 [main] INFO  impl.MetricsSystemImpl (MetricsSystemImpl.java:init(158)) - HddsDatanode metrics system started (again)
2019-10-10 06:17:55,182 [main] INFO  ozone.HddsDatanodeService (HddsDatanodeService.java:start(184)) - HddsDatanodeService host:trunk-nightly-20191010-ks672-2217485364 ip:192.168.151.114
2019-10-10 06:17:55,182 [org.apache.hadoop.util.JvmPauseMonitor$Monitor@2416160d] INFO  util.JvmPauseMonitor (JvmPauseMonitor.java:run(188)) - Starting JVM pause monitor
2019-10-10 06:17:55,184 [Datanode State Machine Thread - 0] INFO  datanode.InitDatanodeState (InitDatanodeState.java:persistContainerDatanodeDetails(140)) - DatanodeDetails is persisted to /workdir/hadoop-ozone/integration-test/target/test-dir/MiniOzoneClusterImpl-6bc00d4f-b58d-47cd-9642-32568dc7b8bd/datanode-2/meta/datanode.id
2019-10-10 06:17:55,189 [main] INFO  volume.HddsVolume (HddsVolume.java:<init>(176)) - Creating Volume: /workdir/hadoop-ozone/integration-test/target/test-dir/MiniOzoneClusterImpl-6bc00d4f-b58d-47cd-9642-32568dc7b8bd/datanode-3/data/containers/hdds of  storage type : DISK and capacity : 1482555576320
2019-10-10 06:17:55,189 [main] INFO  volume.VolumeSet (VolumeSet.java:initializeVolumeSet(170)) - Added Volume : /workdir/hadoop-ozone/integration-test/target/test-dir/MiniOzoneClusterImpl-6bc00d4f-b58d-47cd-9642-32568dc7b8bd/datanode-3/data/containers/hdds to VolumeSet
2019-10-10 06:17:55,190 [main] INFO  volume.ThrottledAsyncChecker (ThrottledAsyncChecker.java:schedule(141)) - Scheduling a check for org.apache.hadoop.ozone.container.common.volume.HddsVolume@27e44e9c
2019-10-10 06:17:55,190 [main] INFO  volume.HddsVolumeChecker (HddsVolumeChecker.java:checkAllVolumes(204)) - Scheduled health check for volume org.apache.hadoop.ozone.container.common.volume.HddsVolume@27e44e9c
2019-10-10 06:17:55,204 [main] INFO  impl.RaftServerProxy (ConfUtils.java:logGet(43)) - raft.rpc.type = GRPC (default)
2019-10-10 06:17:55,204 [main] INFO  grpc.GrpcFactory (GrpcFactory.java:checkPooledByteBufAllocatorUseCacheForAllThreads(45)) - PERFORMANCE WARNING: useCacheForAllThreads is true that may cause Netty to create a lot garbage objects and, as a result, trigger GC.
	It is recommended to disable useCacheForAllThreads by setting -Dorg.apache.ratis.thirdparty.io.netty.allocator.useCacheForAllThreads=false in command line.
2019-10-10 06:17:55,204 [main] INFO  grpc.GrpcConfigKeys$Server (ConfUtils.java:logGet(43)) - raft.grpc.server.port = 0 (default)
2019-10-10 06:17:55,204 [main] INFO  server.GrpcService (ConfUtils.java:logGet(43)) - raft.grpc.message.size.max = 33570816 (custom)
2019-10-10 06:17:55,205 [main] INFO  server.RaftServerConfigKeys (ConfUtils.java:logGet(43)) - raft.server.log.appender.buffer.byte-limit = 33554432 (custom)
2019-10-10 06:17:55,205 [main] INFO  server.GrpcService (ConfUtils.java:logGet(43)) - raft.grpc.flow.control.window = 1MB (=1048576) (default)
2019-10-10 06:17:55,205 [main] INFO  server.RaftServerConfigKeys (ConfUtils.java:logGet(43)) - raft.server.rpc.request.timeout = 3000ms (default)
2019-10-10 06:17:55,205 [main] INFO  server.RaftServerConfigKeys (ConfUtils.java:logGet(43)) - raft.server.storage.dir = [/workdir/hadoop-ozone/integration-test/target/test-dir/MiniOzoneClusterImpl-6bc00d4f-b58d-47cd-9642-32568dc7b8bd/datanode-3/data/ratis] (custom)
2019-10-10 06:17:55,206 [main] INFO  hdfs.DFSUtil (DFSUtil.java:httpServerTemplateForNNAndJN(1641)) - Starting Web-server for hddsDatanode at: http://0.0.0.0:0
2019-10-10 06:17:55,207 [main] INFO  server.AuthenticationFilter (AuthenticationFilter.java:constructSecretProvider(240)) - Unable to initialize FileSignerSecretProvider, falling back to use random secrets.
2019-10-10 06:17:55,208 [main] WARN  http.HttpRequestLog (HttpRequestLog.java:getRequestLog(97)) - Jetty request log can only be enabled using Log4j
2019-10-10 06:17:55,209 [main] INFO  http.HttpServer2 (HttpServer2.java:addGlobalFilter(975)) - Added global filter 'safety' (class=org.apache.hadoop.http.HttpServer2$QuotingInputFilter)
2019-10-10 06:17:55,210 [main] INFO  http.HttpServer2 (HttpServer2.java:addFilter(948)) - Added filter static_user_filter (class=org.apache.hadoop.http.lib.StaticUserWebFilter$StaticUserFilter) to context hddsDatanode
2019-10-10 06:17:55,210 [main] INFO  http.HttpServer2 (HttpServer2.java:addFilter(958)) - Added filter static_user_filter (class=org.apache.hadoop.http.lib.StaticUserWebFilter$StaticUserFilter) to context static
2019-10-10 06:17:55,210 [main] INFO  http.HttpServer2 (HttpServer2.java:addFilter(958)) - Added filter static_user_filter (class=org.apache.hadoop.http.lib.StaticUserWebFilter$StaticUserFilter) to context logs
2019-10-10 06:17:55,211 [main] INFO  http.HttpServer2 (HttpServer2.java:bindListener(1191)) - Jetty bound to port 38371
2019-10-10 06:17:55,211 [main] INFO  server.Server (Server.java:doStart(351)) - jetty-9.3.25.v20180904, build timestamp: 2018-09-04T21:11:46Z, git hash: 3ce520221d0240229c862b122d2b06c12a625732
2019-10-10 06:17:55,212 [main] INFO  handler.ContextHandler (ContextHandler.java:doStart(781)) - Started o.e.j.s.ServletContextHandler@77324a58{/logs,file:///workdir/hadoop-ozone/integration-test/target/log,AVAILABLE}
2019-10-10 06:17:55,212 [main] INFO  handler.ContextHandler (ContextHandler.java:doStart(781)) - Started o.e.j.s.ServletContextHandler@307cf964{/static,jar:file:/home/user/.m2/repository/org/apache/hadoop/hadoop-hdds-container-service/0.5.0-SNAPSHOT/hadoop-hdds-container-service-0.5.0-SNAPSHOT.jar!/webapps/static,AVAILABLE}
2019-10-10 06:17:55,263 [main] INFO  handler.ContextHandler (ContextHandler.java:doStart(781)) - Started o.e.j.w.WebAppContext@1693ff90{/,file:///tmp/jetty-0.0.0.0-38371-hddsDatanode-_-any-4898488350368584420.dir/webapp/,AVAILABLE}{/hddsDatanode}
2019-10-10 06:17:55,264 [main] INFO  server.AbstractConnector (AbstractConnector.java:doStart(278)) - Started ServerConnector@47058864{HTTP/1.1,[http/1.1]}{0.0.0.0:38371}
2019-10-10 06:17:55,266 [main] INFO  server.Server (Server.java:doStart(419)) - Started @533236ms
2019-10-10 06:17:55,266 [main] WARN  impl.MetricsSystemImpl (MetricsSystemImpl.java:register(276)) - Sink prometheus already exists!
2019-10-10 06:17:55,267 [main] INFO  server.BaseHttpServer (BaseHttpServer.java:updateConnectorAddress(215)) - HTTP server of HDDSDATANODE is listening at http://0.0.0.0:38371
2019-10-10 06:17:55,267 [main] INFO  impl.MetricsSystemImpl (MetricsSystemImpl.java:init(158)) - HddsDatanode metrics system started (again)
2019-10-10 06:17:55,273 [org.apache.hadoop.util.JvmPauseMonitor$Monitor@4771caaf] INFO  util.JvmPauseMonitor (JvmPauseMonitor.java:run(188)) - Starting JVM pause monitor
2019-10-10 06:17:55,274 [main] INFO  ozone.HddsDatanodeService (HddsDatanodeService.java:start(184)) - HddsDatanodeService host:trunk-nightly-20191010-ks672-2217485364 ip:192.168.151.114
2019-10-10 06:17:55,274 [Datanode State Machine Thread - 0] INFO  datanode.InitDatanodeState (InitDatanodeState.java:persistContainerDatanodeDetails(140)) - DatanodeDetails is persisted to /workdir/hadoop-ozone/integration-test/target/test-dir/MiniOzoneClusterImpl-6bc00d4f-b58d-47cd-9642-32568dc7b8bd/datanode-3/meta/datanode.id
2019-10-10 06:17:55,281 [main] INFO  volume.HddsVolume (HddsVolume.java:<init>(176)) - Creating Volume: /workdir/hadoop-ozone/integration-test/target/test-dir/MiniOzoneClusterImpl-6bc00d4f-b58d-47cd-9642-32568dc7b8bd/datanode-4/data/containers/hdds of  storage type : DISK and capacity : 1482555576320
2019-10-10 06:17:55,281 [main] INFO  volume.VolumeSet (VolumeSet.java:initializeVolumeSet(170)) - Added Volume : /workdir/hadoop-ozone/integration-test/target/test-dir/MiniOzoneClusterImpl-6bc00d4f-b58d-47cd-9642-32568dc7b8bd/datanode-4/data/containers/hdds to VolumeSet
2019-10-10 06:17:55,281 [main] INFO  volume.ThrottledAsyncChecker (ThrottledAsyncChecker.java:schedule(141)) - Scheduling a check for org.apache.hadoop.ozone.container.common.volume.HddsVolume@2bf2d6eb
2019-10-10 06:17:55,282 [main] INFO  volume.HddsVolumeChecker (HddsVolumeChecker.java:checkAllVolumes(204)) - Scheduled health check for volume org.apache.hadoop.ozone.container.common.volume.HddsVolume@2bf2d6eb
2019-10-10 06:17:55,300 [main] INFO  impl.RaftServerProxy (ConfUtils.java:logGet(43)) - raft.rpc.type = GRPC (default)
2019-10-10 06:17:55,300 [main] INFO  grpc.GrpcFactory (GrpcFactory.java:checkPooledByteBufAllocatorUseCacheForAllThreads(45)) - PERFORMANCE WARNING: useCacheForAllThreads is true that may cause Netty to create a lot garbage objects and, as a result, trigger GC.
	It is recommended to disable useCacheForAllThreads by setting -Dorg.apache.ratis.thirdparty.io.netty.allocator.useCacheForAllThreads=false in command line.
2019-10-10 06:17:55,301 [main] INFO  grpc.GrpcConfigKeys$Server (ConfUtils.java:logGet(43)) - raft.grpc.server.port = 0 (default)
2019-10-10 06:17:55,301 [main] INFO  server.GrpcService (ConfUtils.java:logGet(43)) - raft.grpc.message.size.max = 33570816 (custom)
2019-10-10 06:17:55,301 [main] INFO  server.RaftServerConfigKeys (ConfUtils.java:logGet(43)) - raft.server.log.appender.buffer.byte-limit = 33554432 (custom)
2019-10-10 06:17:55,301 [main] INFO  server.GrpcService (ConfUtils.java:logGet(43)) - raft.grpc.flow.control.window = 1MB (=1048576) (default)
2019-10-10 06:17:55,302 [main] INFO  server.RaftServerConfigKeys (ConfUtils.java:logGet(43)) - raft.server.rpc.request.timeout = 3000ms (default)
2019-10-10 06:17:55,302 [main] INFO  server.RaftServerConfigKeys (ConfUtils.java:logGet(43)) - raft.server.storage.dir = [/workdir/hadoop-ozone/integration-test/target/test-dir/MiniOzoneClusterImpl-6bc00d4f-b58d-47cd-9642-32568dc7b8bd/datanode-4/data/ratis] (custom)
2019-10-10 06:17:55,304 [main] INFO  hdfs.DFSUtil (DFSUtil.java:httpServerTemplateForNNAndJN(1641)) - Starting Web-server for hddsDatanode at: http://0.0.0.0:0
2019-10-10 06:17:55,306 [main] INFO  server.AuthenticationFilter (AuthenticationFilter.java:constructSecretProvider(240)) - Unable to initialize FileSignerSecretProvider, falling back to use random secrets.
2019-10-10 06:17:55,306 [main] WARN  http.HttpRequestLog (HttpRequestLog.java:getRequestLog(97)) - Jetty request log can only be enabled using Log4j
2019-10-10 06:17:55,308 [main] INFO  http.HttpServer2 (HttpServer2.java:addGlobalFilter(975)) - Added global filter 'safety' (class=org.apache.hadoop.http.HttpServer2$QuotingInputFilter)
2019-10-10 06:17:55,309 [main] INFO  http.HttpServer2 (HttpServer2.java:addFilter(948)) - Added filter static_user_filter (class=org.apache.hadoop.http.lib.StaticUserWebFilter$StaticUserFilter) to context hddsDatanode
2019-10-10 06:17:55,309 [main] INFO  http.HttpServer2 (HttpServer2.java:addFilter(958)) - Added filter static_user_filter (class=org.apache.hadoop.http.lib.StaticUserWebFilter$StaticUserFilter) to context static
2019-10-10 06:17:55,309 [main] INFO  http.HttpServer2 (HttpServer2.java:addFilter(958)) - Added filter static_user_filter (class=org.apache.hadoop.http.lib.StaticUserWebFilter$StaticUserFilter) to context logs
2019-10-10 06:17:55,310 [main] INFO  http.HttpServer2 (HttpServer2.java:bindListener(1191)) - Jetty bound to port 34181
2019-10-10 06:17:55,310 [main] INFO  server.Server (Server.java:doStart(351)) - jetty-9.3.25.v20180904, build timestamp: 2018-09-04T21:11:46Z, git hash: 3ce520221d0240229c862b122d2b06c12a625732
2019-10-10 06:17:55,311 [main] INFO  handler.ContextHandler (ContextHandler.java:doStart(781)) - Started o.e.j.s.ServletContextHandler@781654f8{/logs,file:///workdir/hadoop-ozone/integration-test/target/log,AVAILABLE}
2019-10-10 06:17:55,312 [main] INFO  handler.ContextHandler (ContextHandler.java:doStart(781)) - Started o.e.j.s.ServletContextHandler@4e958f08{/static,jar:file:/home/user/.m2/repository/org/apache/hadoop/hadoop-hdds-container-service/0.5.0-SNAPSHOT/hadoop-hdds-container-service-0.5.0-SNAPSHOT.jar!/webapps/static,AVAILABLE}
2019-10-10 06:17:55,351 [main] INFO  handler.ContextHandler (ContextHandler.java:doStart(781)) - Started o.e.j.w.WebAppContext@76e4212{/,file:///tmp/jetty-0.0.0.0-34181-hddsDatanode-_-any-6554945521619508747.dir/webapp/,AVAILABLE}{/hddsDatanode}
2019-10-10 06:17:55,352 [main] INFO  server.AbstractConnector (AbstractConnector.java:doStart(278)) - Started ServerConnector@23121d14{HTTP/1.1,[http/1.1]}{0.0.0.0:34181}
2019-10-10 06:17:55,354 [main] INFO  server.Server (Server.java:doStart(419)) - Started @533323ms
2019-10-10 06:17:55,354 [main] WARN  impl.MetricsSystemImpl (MetricsSystemImpl.java:register(276)) - Sink prometheus already exists!
2019-10-10 06:17:55,355 [main] INFO  server.BaseHttpServer (BaseHttpServer.java:updateConnectorAddress(215)) - HTTP server of HDDSDATANODE is listening at http://0.0.0.0:34181
2019-10-10 06:17:55,355 [main] INFO  impl.MetricsSystemImpl (MetricsSystemImpl.java:init(158)) - HddsDatanode metrics system started (again)
2019-10-10 06:17:55,362 [org.apache.hadoop.util.JvmPauseMonitor$Monitor@15149696] INFO  util.JvmPauseMonitor (JvmPauseMonitor.java:run(188)) - Starting JVM pause monitor
2019-10-10 06:17:55,364 [Datanode State Machine Thread - 0] INFO  datanode.InitDatanodeState (InitDatanodeState.java:persistContainerDatanodeDetails(140)) - DatanodeDetails is persisted to /workdir/hadoop-ozone/integration-test/target/test-dir/MiniOzoneClusterImpl-6bc00d4f-b58d-47cd-9642-32568dc7b8bd/datanode-4/meta/datanode.id
2019-10-10 06:17:55,364 [main] INFO  ozone.HddsDatanodeService (HddsDatanodeService.java:start(184)) - HddsDatanodeService host:trunk-nightly-20191010-ks672-2217485364 ip:192.168.151.114
2019-10-10 06:17:55,371 [main] INFO  volume.HddsVolume (HddsVolume.java:<init>(176)) - Creating Volume: /workdir/hadoop-ozone/integration-test/target/test-dir/MiniOzoneClusterImpl-6bc00d4f-b58d-47cd-9642-32568dc7b8bd/datanode-5/data/containers/hdds of  storage type : DISK and capacity : 1482555576320
2019-10-10 06:17:55,372 [main] INFO  volume.VolumeSet (VolumeSet.java:initializeVolumeSet(170)) - Added Volume : /workdir/hadoop-ozone/integration-test/target/test-dir/MiniOzoneClusterImpl-6bc00d4f-b58d-47cd-9642-32568dc7b8bd/datanode-5/data/containers/hdds to VolumeSet
2019-10-10 06:17:55,372 [main] INFO  volume.ThrottledAsyncChecker (ThrottledAsyncChecker.java:schedule(141)) - Scheduling a check for org.apache.hadoop.ozone.container.common.volume.HddsVolume@1c1fa494
2019-10-10 06:17:55,373 [main] INFO  volume.HddsVolumeChecker (HddsVolumeChecker.java:checkAllVolumes(204)) - Scheduled health check for volume org.apache.hadoop.ozone.container.common.volume.HddsVolume@1c1fa494
2019-10-10 06:17:55,392 [main] INFO  impl.RaftServerProxy (ConfUtils.java:logGet(43)) - raft.rpc.type = GRPC (default)
2019-10-10 06:17:55,393 [main] INFO  grpc.GrpcFactory (GrpcFactory.java:checkPooledByteBufAllocatorUseCacheForAllThreads(45)) - PERFORMANCE WARNING: useCacheForAllThreads is true that may cause Netty to create a lot garbage objects and, as a result, trigger GC.
	It is recommended to disable useCacheForAllThreads by setting -Dorg.apache.ratis.thirdparty.io.netty.allocator.useCacheForAllThreads=false in command line.
2019-10-10 06:17:55,393 [main] INFO  grpc.GrpcConfigKeys$Server (ConfUtils.java:logGet(43)) - raft.grpc.server.port = 0 (default)
2019-10-10 06:17:55,393 [main] INFO  server.GrpcService (ConfUtils.java:logGet(43)) - raft.grpc.message.size.max = 33570816 (custom)
2019-10-10 06:17:55,393 [main] INFO  server.RaftServerConfigKeys (ConfUtils.java:logGet(43)) - raft.server.log.appender.buffer.byte-limit = 33554432 (custom)
2019-10-10 06:17:55,394 [main] INFO  server.GrpcService (ConfUtils.java:logGet(43)) - raft.grpc.flow.control.window = 1MB (=1048576) (default)
2019-10-10 06:17:55,394 [main] INFO  server.RaftServerConfigKeys (ConfUtils.java:logGet(43)) - raft.server.rpc.request.timeout = 3000ms (default)
2019-10-10 06:17:55,394 [main] INFO  server.RaftServerConfigKeys (ConfUtils.java:logGet(43)) - raft.server.storage.dir = [/workdir/hadoop-ozone/integration-test/target/test-dir/MiniOzoneClusterImpl-6bc00d4f-b58d-47cd-9642-32568dc7b8bd/datanode-5/data/ratis] (custom)
2019-10-10 06:17:55,396 [main] INFO  hdfs.DFSUtil (DFSUtil.java:httpServerTemplateForNNAndJN(1641)) - Starting Web-server for hddsDatanode at: http://0.0.0.0:0
2019-10-10 06:17:55,397 [main] INFO  server.AuthenticationFilter (AuthenticationFilter.java:constructSecretProvider(240)) - Unable to initialize FileSignerSecretProvider, falling back to use random secrets.
2019-10-10 06:17:55,398 [main] WARN  http.HttpRequestLog (HttpRequestLog.java:getRequestLog(97)) - Jetty request log can only be enabled using Log4j
2019-10-10 06:17:55,400 [main] INFO  http.HttpServer2 (HttpServer2.java:addGlobalFilter(975)) - Added global filter 'safety' (class=org.apache.hadoop.http.HttpServer2$QuotingInputFilter)
2019-10-10 06:17:55,400 [main] INFO  http.HttpServer2 (HttpServer2.java:addFilter(948)) - Added filter static_user_filter (class=org.apache.hadoop.http.lib.StaticUserWebFilter$StaticUserFilter) to context hddsDatanode
2019-10-10 06:17:55,400 [main] INFO  http.HttpServer2 (HttpServer2.java:addFilter(958)) - Added filter static_user_filter (class=org.apache.hadoop.http.lib.StaticUserWebFilter$StaticUserFilter) to context logs
2019-10-10 06:17:55,401 [main] INFO  http.HttpServer2 (HttpServer2.java:addFilter(958)) - Added filter static_user_filter (class=org.apache.hadoop.http.lib.StaticUserWebFilter$StaticUserFilter) to context static
2019-10-10 06:17:55,401 [main] INFO  http.HttpServer2 (HttpServer2.java:bindListener(1191)) - Jetty bound to port 41406
2019-10-10 06:17:55,402 [main] INFO  server.Server (Server.java:doStart(351)) - jetty-9.3.25.v20180904, build timestamp: 2018-09-04T21:11:46Z, git hash: 3ce520221d0240229c862b122d2b06c12a625732
2019-10-10 06:17:55,403 [main] INFO  handler.ContextHandler (ContextHandler.java:doStart(781)) - Started o.e.j.s.ServletContextHandler@6b2aafbc{/logs,file:///workdir/hadoop-ozone/integration-test/target/log,AVAILABLE}
2019-10-10 06:17:55,404 [main] INFO  handler.ContextHandler (ContextHandler.java:doStart(781)) - Started o.e.j.s.ServletContextHandler@49491770{/static,jar:file:/home/user/.m2/repository/org/apache/hadoop/hadoop-hdds-container-service/0.5.0-SNAPSHOT/hadoop-hdds-container-service-0.5.0-SNAPSHOT.jar!/webapps/static,AVAILABLE}
2019-10-10 06:17:55,444 [main] INFO  handler.ContextHandler (ContextHandler.java:doStart(781)) - Started o.e.j.w.WebAppContext@682e445e{/,file:///tmp/jetty-0.0.0.0-41406-hddsDatanode-_-any-7722917333389271064.dir/webapp/,AVAILABLE}{/hddsDatanode}
2019-10-10 06:17:55,444 [main] INFO  server.AbstractConnector (AbstractConnector.java:doStart(278)) - Started ServerConnector@79e10fb4{HTTP/1.1,[http/1.1]}{0.0.0.0:41406}
2019-10-10 06:17:55,446 [main] INFO  server.Server (Server.java:doStart(419)) - Started @533417ms
2019-10-10 06:17:55,446 [main] WARN  impl.MetricsSystemImpl (MetricsSystemImpl.java:register(276)) - Sink prometheus already exists!
2019-10-10 06:17:55,447 [main] INFO  server.BaseHttpServer (BaseHttpServer.java:updateConnectorAddress(215)) - HTTP server of HDDSDATANODE is listening at http://0.0.0.0:41406
2019-10-10 06:17:55,447 [main] INFO  impl.MetricsSystemImpl (MetricsSystemImpl.java:init(158)) - HddsDatanode metrics system started (again)
2019-10-10 06:17:55,453 [org.apache.hadoop.util.JvmPauseMonitor$Monitor@30034d84] INFO  util.JvmPauseMonitor (JvmPauseMonitor.java:run(188)) - Starting JVM pause monitor
2019-10-10 06:17:55,454 [main] INFO  ozone.HddsDatanodeService (HddsDatanodeService.java:start(184)) - HddsDatanodeService host:trunk-nightly-20191010-ks672-2217485364 ip:192.168.151.114
2019-10-10 06:17:55,454 [Datanode State Machine Thread - 0] INFO  datanode.InitDatanodeState (InitDatanodeState.java:persistContainerDatanodeDetails(140)) - DatanodeDetails is persisted to /workdir/hadoop-ozone/integration-test/target/test-dir/MiniOzoneClusterImpl-6bc00d4f-b58d-47cd-9642-32568dc7b8bd/datanode-5/meta/datanode.id
2019-10-10 06:17:55,461 [main] INFO  volume.HddsVolume (HddsVolume.java:<init>(176)) - Creating Volume: /workdir/hadoop-ozone/integration-test/target/test-dir/MiniOzoneClusterImpl-6bc00d4f-b58d-47cd-9642-32568dc7b8bd/datanode-6/data/containers/hdds of  storage type : DISK and capacity : 1482555576320
2019-10-10 06:17:55,461 [main] INFO  volume.VolumeSet (VolumeSet.java:initializeVolumeSet(170)) - Added Volume : /workdir/hadoop-ozone/integration-test/target/test-dir/MiniOzoneClusterImpl-6bc00d4f-b58d-47cd-9642-32568dc7b8bd/datanode-6/data/containers/hdds to VolumeSet
2019-10-10 06:17:55,462 [main] INFO  volume.ThrottledAsyncChecker (ThrottledAsyncChecker.java:schedule(141)) - Scheduling a check for org.apache.hadoop.ozone.container.common.volume.HddsVolume@65593327
2019-10-10 06:17:55,462 [main] INFO  volume.HddsVolumeChecker (HddsVolumeChecker.java:checkAllVolumes(204)) - Scheduled health check for volume org.apache.hadoop.ozone.container.common.volume.HddsVolume@65593327
2019-10-10 06:17:55,477 [main] INFO  impl.RaftServerProxy (ConfUtils.java:logGet(43)) - raft.rpc.type = GRPC (default)
2019-10-10 06:17:55,477 [main] INFO  grpc.GrpcFactory (GrpcFactory.java:checkPooledByteBufAllocatorUseCacheForAllThreads(45)) - PERFORMANCE WARNING: useCacheForAllThreads is true that may cause Netty to create a lot garbage objects and, as a result, trigger GC.
	It is recommended to disable useCacheForAllThreads by setting -Dorg.apache.ratis.thirdparty.io.netty.allocator.useCacheForAllThreads=false in command line.
2019-10-10 06:17:55,478 [main] INFO  grpc.GrpcConfigKeys$Server (ConfUtils.java:logGet(43)) - raft.grpc.server.port = 0 (default)
2019-10-10 06:17:55,478 [main] INFO  server.GrpcService (ConfUtils.java:logGet(43)) - raft.grpc.message.size.max = 33570816 (custom)
2019-10-10 06:17:55,478 [main] INFO  server.RaftServerConfigKeys (ConfUtils.java:logGet(43)) - raft.server.log.appender.buffer.byte-limit = 33554432 (custom)
2019-10-10 06:17:55,478 [main] INFO  server.GrpcService (ConfUtils.java:logGet(43)) - raft.grpc.flow.control.window = 1MB (=1048576) (default)
2019-10-10 06:17:55,478 [main] INFO  server.RaftServerConfigKeys (ConfUtils.java:logGet(43)) - raft.server.rpc.request.timeout = 3000ms (default)
2019-10-10 06:17:55,479 [main] INFO  server.RaftServerConfigKeys (ConfUtils.java:logGet(43)) - raft.server.storage.dir = [/workdir/hadoop-ozone/integration-test/target/test-dir/MiniOzoneClusterImpl-6bc00d4f-b58d-47cd-9642-32568dc7b8bd/datanode-6/data/ratis] (custom)
2019-10-10 06:17:55,480 [main] INFO  hdfs.DFSUtil (DFSUtil.java:httpServerTemplateForNNAndJN(1641)) - Starting Web-server for hddsDatanode at: http://0.0.0.0:0
2019-10-10 06:17:55,481 [main] INFO  server.AuthenticationFilter (AuthenticationFilter.java:constructSecretProvider(240)) - Unable to initialize FileSignerSecretProvider, falling back to use random secrets.
2019-10-10 06:17:55,481 [main] WARN  http.HttpRequestLog (HttpRequestLog.java:getRequestLog(97)) - Jetty request log can only be enabled using Log4j
2019-10-10 06:17:55,483 [main] INFO  http.HttpServer2 (HttpServer2.java:addGlobalFilter(975)) - Added global filter 'safety' (class=org.apache.hadoop.http.HttpServer2$QuotingInputFilter)
2019-10-10 06:17:55,483 [main] INFO  http.HttpServer2 (HttpServer2.java:addFilter(948)) - Added filter static_user_filter (class=org.apache.hadoop.http.lib.StaticUserWebFilter$StaticUserFilter) to context hddsDatanode
2019-10-10 06:17:55,483 [main] INFO  http.HttpServer2 (HttpServer2.java:addFilter(958)) - Added filter static_user_filter (class=org.apache.hadoop.http.lib.StaticUserWebFilter$StaticUserFilter) to context logs
2019-10-10 06:17:55,484 [main] INFO  http.HttpServer2 (HttpServer2.java:addFilter(958)) - Added filter static_user_filter (class=org.apache.hadoop.http.lib.StaticUserWebFilter$StaticUserFilter) to context static
2019-10-10 06:17:55,484 [main] INFO  http.HttpServer2 (HttpServer2.java:bindListener(1191)) - Jetty bound to port 44594
2019-10-10 06:17:55,484 [main] INFO  server.Server (Server.java:doStart(351)) - jetty-9.3.25.v20180904, build timestamp: 2018-09-04T21:11:46Z, git hash: 3ce520221d0240229c862b122d2b06c12a625732
2019-10-10 06:17:55,486 [main] INFO  handler.ContextHandler (ContextHandler.java:doStart(781)) - Started o.e.j.s.ServletContextHandler@1304e0d7{/logs,file:///workdir/hadoop-ozone/integration-test/target/log,AVAILABLE}
2019-10-10 06:17:55,486 [main] INFO  handler.ContextHandler (ContextHandler.java:doStart(781)) - Started o.e.j.s.ServletContextHandler@7767bd4e{/static,jar:file:/home/user/.m2/repository/org/apache/hadoop/hadoop-hdds-container-service/0.5.0-SNAPSHOT/hadoop-hdds-container-service-0.5.0-SNAPSHOT.jar!/webapps/static,AVAILABLE}
2019-10-10 06:17:55,514 [main] INFO  handler.ContextHandler (ContextHandler.java:doStart(781)) - Started o.e.j.w.WebAppContext@682618e5{/,file:///tmp/jetty-0.0.0.0-44594-hddsDatanode-_-any-6657933336746737038.dir/webapp/,AVAILABLE}{/hddsDatanode}
2019-10-10 06:17:55,514 [main] INFO  server.AbstractConnector (AbstractConnector.java:doStart(278)) - Started ServerConnector@25ad25f5{HTTP/1.1,[http/1.1]}{0.0.0.0:44594}
2019-10-10 06:17:55,514 [main] INFO  server.Server (Server.java:doStart(419)) - Started @533485ms
2019-10-10 06:17:55,521 [main] WARN  impl.MetricsSystemImpl (MetricsSystemImpl.java:register(276)) - Sink prometheus already exists!
2019-10-10 06:17:55,521 [main] INFO  server.BaseHttpServer (BaseHttpServer.java:updateConnectorAddress(215)) - HTTP server of HDDSDATANODE is listening at http://0.0.0.0:44594
2019-10-10 06:17:55,522 [main] INFO  ozone.MiniOzoneClusterImpl (MiniOzoneClusterImpl.java:lambda$waitForClusterToBeReady$0(147)) - Waiting for cluster to be ready. Got 0 of 7 DN Heartbeats.
2019-10-10 06:17:55,523 [org.apache.hadoop.util.JvmPauseMonitor$Monitor@76891c9a] INFO  util.JvmPauseMonitor (JvmPauseMonitor.java:run(188)) - Starting JVM pause monitor
2019-10-10 06:17:55,524 [Datanode State Machine Thread - 0] INFO  datanode.InitDatanodeState (InitDatanodeState.java:persistContainerDatanodeDetails(140)) - DatanodeDetails is persisted to /workdir/hadoop-ozone/integration-test/target/test-dir/MiniOzoneClusterImpl-6bc00d4f-b58d-47cd-9642-32568dc7b8bd/datanode-6/meta/datanode.id
2019-10-10 06:17:56,526 [main] INFO  ozone.MiniOzoneClusterImpl (MiniOzoneClusterImpl.java:lambda$waitForClusterToBeReady$0(147)) - Waiting for cluster to be ready. Got 0 of 7 DN Heartbeats.
2019-10-10 06:17:57,077 [Datanode State Machine Thread - 0] INFO  ozoneimpl.OzoneContainer (OzoneContainer.java:start(213)) - Attempting to start container services.
2019-10-10 06:17:57,079 [Datanode State Machine Thread - 0] INFO  ozoneimpl.OzoneContainer (OzoneContainer.java:startContainerScrub(177)) - Background container scanner has been disabled.
2019-10-10 06:17:57,079 [Datanode State Machine Thread - 0] INFO  ratis.XceiverServerRatis (XceiverServerRatis.java:start(418)) - Starting XceiverServerRatis ee11eac9-f371-4dd3-b030-44ee70c0a8bc at port 0
2019-10-10 06:17:57,088 [Datanode State Machine Thread - 0] INFO  impl.RaftServerProxy (RaftServerProxy.java:lambda$start$3(299)) - ee11eac9-f371-4dd3-b030-44ee70c0a8bc: start RPC server
2019-10-10 06:17:57,106 [Datanode State Machine Thread - 0] INFO  server.GrpcService (GrpcService.java:startImpl(158)) - ee11eac9-f371-4dd3-b030-44ee70c0a8bc: GrpcService started, listening on 0.0.0.0/0.0.0.0:46288
2019-10-10 06:17:57,107 [Datanode State Machine Thread - 0] INFO  ratis.XceiverServerRatis (XceiverServerRatis.java:start(428)) - XceiverServerRatis ee11eac9-f371-4dd3-b030-44ee70c0a8bc is started using port 46288
2019-10-10 06:17:57,107 [Datanode State Machine Thread - 0] INFO  server.XceiverServerGrpc (XceiverServerGrpc.java:start(149)) - XceiverServerGrpc ee11eac9-f371-4dd3-b030-44ee70c0a8bc is started using port 37687
2019-10-10 06:17:57,137 [Datanode State Machine Thread - 0] INFO  ozoneimpl.OzoneContainer (OzoneContainer.java:start(213)) - Attempting to start container services.
2019-10-10 06:17:57,137 [Datanode State Machine Thread - 0] INFO  ozoneimpl.OzoneContainer (OzoneContainer.java:startContainerScrub(177)) - Background container scanner has been disabled.
2019-10-10 06:17:57,137 [Datanode State Machine Thread - 0] INFO  ratis.XceiverServerRatis (XceiverServerRatis.java:start(418)) - Starting XceiverServerRatis 11dfb04e-6810-4238-9e4b-3a7ed7d1a168 at port 0
2019-10-10 06:17:57,145 [Datanode State Machine Thread - 0] INFO  impl.RaftServerProxy (RaftServerProxy.java:lambda$start$3(299)) - 11dfb04e-6810-4238-9e4b-3a7ed7d1a168: start RPC server
2019-10-10 06:17:57,145 [Datanode State Machine Thread - 0] INFO  server.GrpcService (GrpcService.java:startImpl(158)) - 11dfb04e-6810-4238-9e4b-3a7ed7d1a168: GrpcService started, listening on 0.0.0.0/0.0.0.0:43463
2019-10-10 06:17:57,145 [Datanode State Machine Thread - 0] INFO  ratis.XceiverServerRatis (XceiverServerRatis.java:start(428)) - XceiverServerRatis 11dfb04e-6810-4238-9e4b-3a7ed7d1a168 is started using port 43463
2019-10-10 06:17:57,146 [Datanode State Machine Thread - 0] INFO  server.XceiverServerGrpc (XceiverServerGrpc.java:start(149)) - XceiverServerGrpc 11dfb04e-6810-4238-9e4b-3a7ed7d1a168 is started using port 42210
2019-10-10 06:17:57,196 [Datanode State Machine Thread - 0] INFO  ozoneimpl.OzoneContainer (OzoneContainer.java:start(213)) - Attempting to start container services.
2019-10-10 06:17:57,196 [Datanode State Machine Thread - 0] INFO  ozoneimpl.OzoneContainer (OzoneContainer.java:startContainerScrub(177)) - Background container scanner has been disabled.
2019-10-10 06:17:57,197 [Datanode State Machine Thread - 0] INFO  ratis.XceiverServerRatis (XceiverServerRatis.java:start(418)) - Starting XceiverServerRatis 8d53fe72-945b-4c61-a61e-89d5ee983bd1 at port 0
2019-10-10 06:17:57,204 [Datanode State Machine Thread - 0] INFO  impl.RaftServerProxy (RaftServerProxy.java:lambda$start$3(299)) - 8d53fe72-945b-4c61-a61e-89d5ee983bd1: start RPC server
2019-10-10 06:17:57,205 [Datanode State Machine Thread - 0] INFO  server.GrpcService (GrpcService.java:startImpl(158)) - 8d53fe72-945b-4c61-a61e-89d5ee983bd1: GrpcService started, listening on 0.0.0.0/0.0.0.0:44418
2019-10-10 06:17:57,205 [Datanode State Machine Thread - 0] INFO  ratis.XceiverServerRatis (XceiverServerRatis.java:start(428)) - XceiverServerRatis 8d53fe72-945b-4c61-a61e-89d5ee983bd1 is started using port 44418
2019-10-10 06:17:57,207 [Datanode State Machine Thread - 0] INFO  server.XceiverServerGrpc (XceiverServerGrpc.java:start(149)) - XceiverServerGrpc 8d53fe72-945b-4c61-a61e-89d5ee983bd1 is started using port 33291
2019-10-10 06:17:57,285 [Datanode State Machine Thread - 0] INFO  ozoneimpl.OzoneContainer (OzoneContainer.java:start(213)) - Attempting to start container services.
2019-10-10 06:17:57,286 [Datanode State Machine Thread - 0] INFO  ozoneimpl.OzoneContainer (OzoneContainer.java:startContainerScrub(177)) - Background container scanner has been disabled.
2019-10-10 06:17:57,286 [Datanode State Machine Thread - 0] INFO  ratis.XceiverServerRatis (XceiverServerRatis.java:start(418)) - Starting XceiverServerRatis dd3fde67-87bd-4513-84e7-60c70261cfa5 at port 0
2019-10-10 06:17:57,293 [Datanode State Machine Thread - 0] INFO  impl.RaftServerProxy (RaftServerProxy.java:lambda$start$3(299)) - dd3fde67-87bd-4513-84e7-60c70261cfa5: start RPC server
2019-10-10 06:17:57,294 [Datanode State Machine Thread - 0] INFO  server.GrpcService (GrpcService.java:startImpl(158)) - dd3fde67-87bd-4513-84e7-60c70261cfa5: GrpcService started, listening on 0.0.0.0/0.0.0.0:41987
2019-10-10 06:17:57,294 [Datanode State Machine Thread - 0] INFO  ratis.XceiverServerRatis (XceiverServerRatis.java:start(428)) - XceiverServerRatis dd3fde67-87bd-4513-84e7-60c70261cfa5 is started using port 41987
2019-10-10 06:17:57,294 [Datanode State Machine Thread - 0] INFO  server.XceiverServerGrpc (XceiverServerGrpc.java:start(149)) - XceiverServerGrpc dd3fde67-87bd-4513-84e7-60c70261cfa5 is started using port 45797
2019-10-10 06:17:57,376 [Datanode State Machine Thread - 0] INFO  ozoneimpl.OzoneContainer (OzoneContainer.java:start(213)) - Attempting to start container services.
2019-10-10 06:17:57,377 [Datanode State Machine Thread - 0] INFO  ozoneimpl.OzoneContainer (OzoneContainer.java:startContainerScrub(177)) - Background container scanner has been disabled.
2019-10-10 06:17:57,377 [Datanode State Machine Thread - 0] INFO  ratis.XceiverServerRatis (XceiverServerRatis.java:start(418)) - Starting XceiverServerRatis 8beef434-0a56-4db3-9c13-953f2f7e8f8a at port 0
2019-10-10 06:17:57,385 [Datanode State Machine Thread - 0] INFO  impl.RaftServerProxy (RaftServerProxy.java:lambda$start$3(299)) - 8beef434-0a56-4db3-9c13-953f2f7e8f8a: start RPC server
2019-10-10 06:17:57,388 [Datanode State Machine Thread - 0] INFO  server.GrpcService (GrpcService.java:startImpl(158)) - 8beef434-0a56-4db3-9c13-953f2f7e8f8a: GrpcService started, listening on 0.0.0.0/0.0.0.0:38390
2019-10-10 06:17:57,388 [Datanode State Machine Thread - 0] INFO  ratis.XceiverServerRatis (XceiverServerRatis.java:start(428)) - XceiverServerRatis 8beef434-0a56-4db3-9c13-953f2f7e8f8a is started using port 38390
2019-10-10 06:17:57,391 [Datanode State Machine Thread - 0] INFO  server.XceiverServerGrpc (XceiverServerGrpc.java:start(149)) - XceiverServerGrpc 8beef434-0a56-4db3-9c13-953f2f7e8f8a is started using port 46429
2019-10-10 06:17:57,468 [Datanode State Machine Thread - 0] INFO  ozoneimpl.OzoneContainer (OzoneContainer.java:start(213)) - Attempting to start container services.
2019-10-10 06:17:57,469 [Datanode State Machine Thread - 0] INFO  ozoneimpl.OzoneContainer (OzoneContainer.java:startContainerScrub(177)) - Background container scanner has been disabled.
2019-10-10 06:17:57,469 [Datanode State Machine Thread - 0] INFO  ratis.XceiverServerRatis (XceiverServerRatis.java:start(418)) - Starting XceiverServerRatis fa3523fb-4136-4314-be67-c6c89c32148b at port 0
2019-10-10 06:17:57,477 [Datanode State Machine Thread - 0] INFO  impl.RaftServerProxy (RaftServerProxy.java:lambda$start$3(299)) - fa3523fb-4136-4314-be67-c6c89c32148b: start RPC server
2019-10-10 06:17:57,478 [Datanode State Machine Thread - 0] INFO  server.GrpcService (GrpcService.java:startImpl(158)) - fa3523fb-4136-4314-be67-c6c89c32148b: GrpcService started, listening on 0.0.0.0/0.0.0.0:42712
2019-10-10 06:17:57,478 [Datanode State Machine Thread - 0] INFO  ratis.XceiverServerRatis (XceiverServerRatis.java:start(428)) - XceiverServerRatis fa3523fb-4136-4314-be67-c6c89c32148b is started using port 42712
2019-10-10 06:17:57,478 [Datanode State Machine Thread - 0] INFO  server.XceiverServerGrpc (XceiverServerGrpc.java:start(149)) - XceiverServerGrpc fa3523fb-4136-4314-be67-c6c89c32148b is started using port 41004
2019-10-10 06:17:57,527 [main] INFO  ozone.MiniOzoneClusterImpl (MiniOzoneClusterImpl.java:lambda$waitForClusterToBeReady$0(147)) - Waiting for cluster to be ready. Got 0 of 7 DN Heartbeats.
2019-10-10 06:17:57,536 [Datanode State Machine Thread - 0] INFO  ozoneimpl.OzoneContainer (OzoneContainer.java:start(213)) - Attempting to start container services.
2019-10-10 06:17:57,537 [Datanode State Machine Thread - 0] INFO  ozoneimpl.OzoneContainer (OzoneContainer.java:startContainerScrub(177)) - Background container scanner has been disabled.
2019-10-10 06:17:57,537 [Datanode State Machine Thread - 0] INFO  ratis.XceiverServerRatis (XceiverServerRatis.java:start(418)) - Starting XceiverServerRatis 4890c921-1d4f-4966-ac62-ea3618e6f830 at port 0
2019-10-10 06:17:57,543 [Datanode State Machine Thread - 0] INFO  impl.RaftServerProxy (RaftServerProxy.java:lambda$start$3(299)) - 4890c921-1d4f-4966-ac62-ea3618e6f830: start RPC server
2019-10-10 06:17:57,546 [Datanode State Machine Thread - 0] INFO  server.GrpcService (GrpcService.java:startImpl(158)) - 4890c921-1d4f-4966-ac62-ea3618e6f830: GrpcService started, listening on 0.0.0.0/0.0.0.0:43892
2019-10-10 06:17:57,546 [Datanode State Machine Thread - 0] INFO  ratis.XceiverServerRatis (XceiverServerRatis.java:start(428)) - XceiverServerRatis 4890c921-1d4f-4966-ac62-ea3618e6f830 is started using port 43892
2019-10-10 06:17:57,551 [Datanode State Machine Thread - 0] INFO  server.XceiverServerGrpc (XceiverServerGrpc.java:start(149)) - XceiverServerGrpc 4890c921-1d4f-4966-ac62-ea3618e6f830 is started using port 40055
2019-10-10 06:17:58,528 [main] INFO  ozone.MiniOzoneClusterImpl (MiniOzoneClusterImpl.java:lambda$waitForClusterToBeReady$0(147)) - Waiting for cluster to be ready. Got 0 of 7 DN Heartbeats.
2019-10-10 06:17:59,058 [IPC Server handler 4 on 45001] INFO  net.NetworkTopology (NetworkTopologyImpl.java:add(111)) - Added a new node: /default-rack/ee11eac9-f371-4dd3-b030-44ee70c0a8bc
2019-10-10 06:17:59,061 [IPC Server handler 4 on 45001] INFO  node.SCMNodeManager (SCMNodeManager.java:register(268)) - Registered Data node : ee11eac9-f371-4dd3-b030-44ee70c0a8bc{ip: 192.168.151.114, host: trunk-nightly-20191010-ks672-2217485364, networkLocation: /default-rack, certSerialId: null}
2019-10-10 06:17:59,062 [EventQueue-NodeRegistrationContainerReportForDataNodeSafeModeRule] INFO  safemode.SCMSafeModeManager (DataNodeSafeModeRule.java:process(71)) - SCM in safe mode. 1 DataNodes registered, 1 required.
2019-10-10 06:17:59,065 [EventQueue-NodeRegistrationContainerReportForContainerSafeModeRule] INFO  safemode.SCMSafeModeManager (SCMSafeModeManager.java:validateSafeModeExitRules(177)) - ScmSafeModeManager, all rules are successfully validated
2019-10-10 06:17:59,066 [EventQueue-NodeRegistrationContainerReportForContainerSafeModeRule] INFO  safemode.SCMSafeModeManager (SCMSafeModeManager.java:exitSafeMode(193)) - SCM exiting safe mode.
2019-10-10 06:17:59,079 [grpc-default-executor-6] INFO  impl.RaftServerProxy (RaftServerProxy.java:addNew(89)) - ee11eac9-f371-4dd3-b030-44ee70c0a8bc: addNew group-6D2CB0E0C380:[ee11eac9-f371-4dd3-b030-44ee70c0a8bc:192.168.151.114:46288] returns group-6D2CB0E0C380:java.util.concurrent.CompletableFuture@46ff1521[Not completed]
2019-10-10 06:17:59,082 [pool-409-thread-1] INFO  impl.RaftServerImpl (RaftServerImpl.java:<init>(95)) - ee11eac9-f371-4dd3-b030-44ee70c0a8bc: new RaftServerImpl for group-6D2CB0E0C380:[ee11eac9-f371-4dd3-b030-44ee70c0a8bc:192.168.151.114:46288] with ContainerStateMachine:uninitialized
2019-10-10 06:17:59,082 [pool-409-thread-1] INFO  server.RaftServerConfigKeys (ConfUtils.java:logGet(43)) - raft.server.rpc.timeout.min = 5s (custom)
2019-10-10 06:17:59,083 [pool-409-thread-1] INFO  server.RaftServerConfigKeys (ConfUtils.java:logGet(43)) - raft.server.rpc.timeout.max = 5200ms (custom)
2019-10-10 06:17:59,083 [pool-409-thread-1] INFO  server.RaftServerConfigKeys (ConfUtils.java:logGet(43)) - raft.server.rpcslowness.timeout = 120s (custom)
2019-10-10 06:17:59,083 [pool-409-thread-1] INFO  server.RaftServerConfigKeys (ConfUtils.java:logGet(43)) - raft.server.sleep.deviation.threshold = 300 (default)
2019-10-10 06:17:59,083 [pool-409-thread-1] INFO  server.RaftServerConfigKeys (ConfUtils.java:logGet(43)) - raft.server.log.appender.install.snapshot.enabled = false (custom)
2019-10-10 06:17:59,083 [pool-409-thread-1] INFO  impl.RaftServerImpl (ServerState.java:<init>(103)) - ee11eac9-f371-4dd3-b030-44ee70c0a8bc@group-6D2CB0E0C380: ConfigurationManager, init=-1: [ee11eac9-f371-4dd3-b030-44ee70c0a8bc:192.168.151.114:46288], old=null, confs=<EMPTY_MAP>
2019-10-10 06:17:59,084 [pool-409-thread-1] INFO  server.RaftServerConfigKeys (ConfUtils.java:logGet(43)) - raft.server.storage.dir = [/workdir/hadoop-ozone/integration-test/target/test-dir/MiniOzoneClusterImpl-6bc00d4f-b58d-47cd-9642-32568dc7b8bd/datanode-0/data/ratis] (custom)
2019-10-10 06:17:59,084 [pool-409-thread-1] INFO  server.RaftServerConfigKeys (ConfUtils.java:logGet(43)) - raft.server.log.corruption.policy = EXCEPTION (default)
2019-10-10 06:17:59,084 [pool-409-thread-1] INFO  storage.RaftStorageDirectory (RaftStorageDirectory.java:analyzeStorage(246)) - The storage directory /workdir/hadoop-ozone/integration-test/target/test-dir/MiniOzoneClusterImpl-6bc00d4f-b58d-47cd-9642-32568dc7b8bd/datanode-0/data/ratis/ef4e43d1-8fae-4bb6-8a82-6d2cb0e0c380 does not exist. Creating ...
2019-10-10 06:17:59,099 [pool-409-thread-1] INFO  storage.RaftStorageDirectory (RaftStorageDirectory.java:tryLock(328)) - Lock on /workdir/hadoop-ozone/integration-test/target/test-dir/MiniOzoneClusterImpl-6bc00d4f-b58d-47cd-9642-32568dc7b8bd/datanode-0/data/ratis/ef4e43d1-8fae-4bb6-8a82-6d2cb0e0c380/in_use.lock acquired by nodename 24235@trunk-nightly-20191010-ks672-2217485364
2019-10-10 06:17:59,120 [IPC Server handler 5 on 45001] INFO  net.NetworkTopology (NetworkTopologyImpl.java:add(111)) - Added a new node: /default-rack/11dfb04e-6810-4238-9e4b-3a7ed7d1a168
2019-10-10 06:17:59,120 [IPC Server handler 5 on 45001] INFO  node.SCMNodeManager (SCMNodeManager.java:register(268)) - Registered Data node : 11dfb04e-6810-4238-9e4b-3a7ed7d1a168{ip: 192.168.151.114, host: trunk-nightly-20191010-ks672-2217485364, networkLocation: /default-rack, certSerialId: null}
2019-10-10 06:17:59,124 [pool-409-thread-1] INFO  storage.RaftStorage (RaftStorage.java:format(84)) - Storage directory /workdir/hadoop-ozone/integration-test/target/test-dir/MiniOzoneClusterImpl-6bc00d4f-b58d-47cd-9642-32568dc7b8bd/datanode-0/data/ratis/ef4e43d1-8fae-4bb6-8a82-6d2cb0e0c380 has been successfully formatted.
2019-10-10 06:17:59,124 [pool-409-thread-1] INFO  ratis.ContainerStateMachine (ContainerStateMachine.java:loadSnapshot(231)) - group-6D2CB0E0C380: The snapshot info is null. Setting the last applied indexto:(t:0, i:~)
2019-10-10 06:17:59,125 [pool-409-thread-1] INFO  server.RaftServerConfigKeys (ConfUtils.java:logGet(43)) - raft.server.notification.no-leader.timeout = 120s (custom)
2019-10-10 06:17:59,125 [pool-409-thread-1] INFO  server.RaftServerConfigKeys (ConfUtils.java:logGet(43)) - raft.server.log.use.memory = false (default)
2019-10-10 06:17:59,125 [pool-409-thread-1] INFO  server.RaftServerConfigKeys (ConfUtils.java:logGet(43)) - raft.server.log.purge.gap = 1000000 (custom)
2019-10-10 06:17:59,125 [pool-409-thread-1] INFO  server.RaftServerConfigKeys (ConfUtils.java:logGet(43)) - raft.server.log.appender.buffer.byte-limit = 33554432 (custom)
2019-10-10 06:17:59,125 [pool-409-thread-1] INFO  server.RaftServerConfigKeys (ConfUtils.java:logGet(43)) - raft.server.log.segment.size.max = 1048576 (custom)
2019-10-10 06:17:59,128 [pool-409-thread-1] INFO  server.RaftServerConfigKeys (ConfUtils.java:logGet(43)) - raft.server.log.segment.cache.num.max = 2 (custom)
2019-10-10 06:17:59,128 [pool-409-thread-1] INFO  segmented.SegmentedRaftLogWorker (SegmentedRaftLogWorker.java:<init>(173)) - new ee11eac9-f371-4dd3-b030-44ee70c0a8bc@group-6D2CB0E0C380-SegmentedRaftLogWorker for RaftStorage:Storage Directory /workdir/hadoop-ozone/integration-test/target/test-dir/MiniOzoneClusterImpl-6bc00d4f-b58d-47cd-9642-32568dc7b8bd/datanode-0/data/ratis/ef4e43d1-8fae-4bb6-8a82-6d2cb0e0c380
2019-10-10 06:17:59,128 [pool-409-thread-1] INFO  server.RaftServerConfigKeys (ConfUtils.java:logGet(43)) - raft.server.log.queue.byte-limit = 2147483647 (custom)
2019-10-10 06:17:59,128 [pool-409-thread-1] INFO  server.RaftServerConfigKeys (ConfUtils.java:logGet(43)) - raft.server.log.queue.element-limit = 1024 (custom)
2019-10-10 06:17:59,128 [pool-409-thread-1] INFO  server.RaftServerConfigKeys (ConfUtils.java:logGet(43)) - raft.server.log.segment.size.max = 1048576 (custom)
2019-10-10 06:17:59,129 [pool-409-thread-1] INFO  server.RaftServerConfigKeys (ConfUtils.java:logGet(43)) - raft.server.log.preallocated.size = 16384 (custom)
2019-10-10 06:17:59,129 [pool-409-thread-1] INFO  server.RaftServerConfigKeys (ConfUtils.java:logGet(43)) - raft.server.log.write.buffer.size = 33554432 (custom)
2019-10-10 06:17:59,129 [pool-409-thread-1] INFO  server.RaftServerConfigKeys (ConfUtils.java:logGet(43)) - raft.server.log.force.sync.num = 128 (default)
2019-10-10 06:17:59,129 [pool-409-thread-1] INFO  server.RaftServerConfigKeys (ConfUtils.java:logGet(43)) - raft.server.log.statemachine.data.sync = true (default)
2019-10-10 06:17:59,129 [pool-409-thread-1] INFO  server.RaftServerConfigKeys (ConfUtils.java:logGet(43)) - raft.server.log.statemachine.data.sync.timeout = 10s (default)
2019-10-10 06:17:59,129 [pool-409-thread-1] INFO  server.RaftServerConfigKeys (ConfUtils.java:logGet(43)) - raft.server.log.statemachine.data.sync.timeout.retry = -1 (default)
2019-10-10 06:17:59,130 [pool-409-thread-1] INFO  server.RaftServerConfigKeys (ConfUtils.java:logGet(43)) - raft.server.log.statemachine.data.caching.enabled = true (custom)
2019-10-10 06:17:59,130 [pool-409-thread-1] INFO  segmented.SegmentedRaftLogWorker (SegmentedRaftLogWorker.java:lambda$new$0(128)) - ee11eac9-f371-4dd3-b030-44ee70c0a8bc@group-6D2CB0E0C380-SegmentedRaftLogWorker: flushIndex: setUnconditionally 0 -> -1
2019-10-10 06:17:59,131 [pool-409-thread-1] INFO  server.RaftServerConfigKeys (ConfUtils.java:logGet(43)) - raft.server.snapshot.auto.trigger.enabled = true (custom)
2019-10-10 06:17:59,131 [pool-409-thread-1] INFO  server.RaftServerConfigKeys (ConfUtils.java:logGet(43)) - raft.server.snapshot.auto.trigger.threshold = 10000 (custom)
2019-10-10 06:17:59,131 [pool-409-thread-1] INFO  server.RaftServerConfigKeys (ConfUtils.java:logGet(43)) - raft.server.snapshot.retention.file.num = 5 (custom)
2019-10-10 06:17:59,131 [pool-409-thread-1] INFO  server.RaftServerConfigKeys (ConfUtils.java:logGet(43)) - raft.server.retrycache.expirytime = 600000ms (custom)
2019-10-10 06:17:59,133 [pool-409-thread-1] INFO  impl.RaftServerImpl (RaftServerImpl.java:start(181)) - ee11eac9-f371-4dd3-b030-44ee70c0a8bc@group-6D2CB0E0C380: start as a follower, conf=-1: [ee11eac9-f371-4dd3-b030-44ee70c0a8bc:192.168.151.114:46288], old=null
2019-10-10 06:17:59,133 [pool-409-thread-1] INFO  impl.RaftServerImpl (RaftServerImpl.java:setRole(170)) - ee11eac9-f371-4dd3-b030-44ee70c0a8bc@group-6D2CB0E0C380: changes role from      null to FOLLOWER at term 0 for startAsFollower
2019-10-10 06:17:59,134 [pool-409-thread-1] INFO  impl.RoleInfo (RoleInfo.java:updateAndGet(143)) - ee11eac9-f371-4dd3-b030-44ee70c0a8bc: start FollowerState
2019-10-10 06:17:59,134 [pool-409-thread-1] INFO  util.JmxRegister (JmxRegister.java:tryRegister(44)) - Successfully registered JMX Bean with object name Ratis:service=RaftServer,group=group-6D2CB0E0C380,id=ee11eac9-f371-4dd3-b030-44ee70c0a8bc
2019-10-10 06:17:59,142 [RatisPipelineUtilsThread] INFO  pipeline.PipelineStateManager (PipelineStateManager.java:addPipeline(56)) - Created pipeline Pipeline[ Id: ef4e43d1-8fae-4bb6-8a82-6d2cb0e0c380, Nodes: ee11eac9-f371-4dd3-b030-44ee70c0a8bc{ip: 192.168.151.114, host: trunk-nightly-20191010-ks672-2217485364, networkLocation: /default-rack, certSerialId: null}, Type:RATIS, Factor:ONE, State:OPEN]
2019-10-10 06:17:59,149 [grpc-default-executor-6] INFO  impl.RaftServerProxy (RaftServerProxy.java:addNew(89)) - 11dfb04e-6810-4238-9e4b-3a7ed7d1a168: addNew group-6F7F119D4D81:[11dfb04e-6810-4238-9e4b-3a7ed7d1a168:192.168.151.114:43463] returns group-6F7F119D4D81:java.util.concurrent.CompletableFuture@495b3342[Not completed]
2019-10-10 06:17:59,151 [pool-419-thread-1] INFO  impl.RaftServerImpl (RaftServerImpl.java:<init>(95)) - 11dfb04e-6810-4238-9e4b-3a7ed7d1a168: new RaftServerImpl for group-6F7F119D4D81:[11dfb04e-6810-4238-9e4b-3a7ed7d1a168:192.168.151.114:43463] with ContainerStateMachine:uninitialized
2019-10-10 06:17:59,151 [pool-419-thread-1] INFO  server.RaftServerConfigKeys (ConfUtils.java:logGet(43)) - raft.server.rpc.timeout.min = 5s (custom)
2019-10-10 06:17:59,151 [pool-419-thread-1] INFO  server.RaftServerConfigKeys (ConfUtils.java:logGet(43)) - raft.server.rpc.timeout.max = 5200ms (custom)
2019-10-10 06:17:59,151 [pool-419-thread-1] INFO  server.RaftServerConfigKeys (ConfUtils.java:logGet(43)) - raft.server.rpcslowness.timeout = 120s (custom)
2019-10-10 06:17:59,151 [pool-419-thread-1] INFO  server.RaftServerConfigKeys (ConfUtils.java:logGet(43)) - raft.server.sleep.deviation.threshold = 300 (default)
2019-10-10 06:17:59,151 [pool-419-thread-1] INFO  server.RaftServerConfigKeys (ConfUtils.java:logGet(43)) - raft.server.log.appender.install.snapshot.enabled = false (custom)
2019-10-10 06:17:59,151 [pool-419-thread-1] INFO  impl.RaftServerImpl (ServerState.java:<init>(103)) - 11dfb04e-6810-4238-9e4b-3a7ed7d1a168@group-6F7F119D4D81: ConfigurationManager, init=-1: [11dfb04e-6810-4238-9e4b-3a7ed7d1a168:192.168.151.114:43463], old=null, confs=<EMPTY_MAP>
2019-10-10 06:17:59,152 [pool-419-thread-1] INFO  server.RaftServerConfigKeys (ConfUtils.java:logGet(43)) - raft.server.storage.dir = [/workdir/hadoop-ozone/integration-test/target/test-dir/MiniOzoneClusterImpl-6bc00d4f-b58d-47cd-9642-32568dc7b8bd/datanode-1/data/ratis] (custom)
2019-10-10 06:17:59,152 [pool-419-thread-1] INFO  server.RaftServerConfigKeys (ConfUtils.java:logGet(43)) - raft.server.log.corruption.policy = EXCEPTION (default)
2019-10-10 06:17:59,152 [pool-419-thread-1] INFO  storage.RaftStorageDirectory (RaftStorageDirectory.java:analyzeStorage(246)) - The storage directory /workdir/hadoop-ozone/integration-test/target/test-dir/MiniOzoneClusterImpl-6bc00d4f-b58d-47cd-9642-32568dc7b8bd/datanode-1/data/ratis/f5959f3f-9e92-4d8f-97b1-6f7f119d4d81 does not exist. Creating ...
2019-10-10 06:17:59,165 [pool-419-thread-1] INFO  storage.RaftStorageDirectory (RaftStorageDirectory.java:tryLock(328)) - Lock on /workdir/hadoop-ozone/integration-test/target/test-dir/MiniOzoneClusterImpl-6bc00d4f-b58d-47cd-9642-32568dc7b8bd/datanode-1/data/ratis/f5959f3f-9e92-4d8f-97b1-6f7f119d4d81/in_use.lock acquired by nodename 24235@trunk-nightly-20191010-ks672-2217485364
2019-10-10 06:17:59,178 [pool-419-thread-1] INFO  storage.RaftStorage (RaftStorage.java:format(84)) - Storage directory /workdir/hadoop-ozone/integration-test/target/test-dir/MiniOzoneClusterImpl-6bc00d4f-b58d-47cd-9642-32568dc7b8bd/datanode-1/data/ratis/f5959f3f-9e92-4d8f-97b1-6f7f119d4d81 has been successfully formatted.
2019-10-10 06:17:59,178 [pool-419-thread-1] INFO  ratis.ContainerStateMachine (ContainerStateMachine.java:loadSnapshot(231)) - group-6F7F119D4D81: The snapshot info is null. Setting the last applied indexto:(t:0, i:~)
2019-10-10 06:17:59,178 [pool-419-thread-1] INFO  server.RaftServerConfigKeys (ConfUtils.java:logGet(43)) - raft.server.notification.no-leader.timeout = 120s (custom)
2019-10-10 06:17:59,179 [pool-419-thread-1] INFO  server.RaftServerConfigKeys (ConfUtils.java:logGet(43)) - raft.server.log.use.memory = false (default)
2019-10-10 06:17:59,179 [pool-419-thread-1] INFO  server.RaftServerConfigKeys (ConfUtils.java:logGet(43)) - raft.server.log.purge.gap = 1000000 (custom)
2019-10-10 06:17:59,179 [pool-419-thread-1] INFO  server.RaftServerConfigKeys (ConfUtils.java:logGet(43)) - raft.server.log.appender.buffer.byte-limit = 33554432 (custom)
2019-10-10 06:17:59,179 [pool-419-thread-1] INFO  server.RaftServerConfigKeys (ConfUtils.java:logGet(43)) - raft.server.log.segment.size.max = 1048576 (custom)
2019-10-10 06:17:59,180 [pool-419-thread-1] INFO  server.RaftServerConfigKeys (ConfUtils.java:logGet(43)) - raft.server.log.segment.cache.num.max = 2 (custom)
2019-10-10 06:17:59,181 [pool-419-thread-1] INFO  segmented.SegmentedRaftLogWorker (SegmentedRaftLogWorker.java:<init>(173)) - new 11dfb04e-6810-4238-9e4b-3a7ed7d1a168@group-6F7F119D4D81-SegmentedRaftLogWorker for RaftStorage:Storage Directory /workdir/hadoop-ozone/integration-test/target/test-dir/MiniOzoneClusterImpl-6bc00d4f-b58d-47cd-9642-32568dc7b8bd/datanode-1/data/ratis/f5959f3f-9e92-4d8f-97b1-6f7f119d4d81
2019-10-10 06:17:59,181 [pool-419-thread-1] INFO  server.RaftServerConfigKeys (ConfUtils.java:logGet(43)) - raft.server.log.queue.byte-limit = 2147483647 (custom)
2019-10-10 06:17:59,181 [pool-419-thread-1] INFO  server.RaftServerConfigKeys (ConfUtils.java:logGet(43)) - raft.server.log.queue.element-limit = 1024 (custom)
2019-10-10 06:17:59,181 [pool-419-thread-1] INFO  server.RaftServerConfigKeys (ConfUtils.java:logGet(43)) - raft.server.log.segment.size.max = 1048576 (custom)
2019-10-10 06:17:59,181 [pool-419-thread-1] INFO  server.RaftServerConfigKeys (ConfUtils.java:logGet(43)) - raft.server.log.preallocated.size = 16384 (custom)
2019-10-10 06:17:59,181 [pool-419-thread-1] INFO  server.RaftServerConfigKeys (ConfUtils.java:logGet(43)) - raft.server.log.write.buffer.size = 33554432 (custom)
2019-10-10 06:17:59,181 [pool-419-thread-1] INFO  server.RaftServerConfigKeys (ConfUtils.java:logGet(43)) - raft.server.log.force.sync.num = 128 (default)
2019-10-10 06:17:59,181 [pool-419-thread-1] INFO  server.RaftServerConfigKeys (ConfUtils.java:logGet(43)) - raft.server.log.statemachine.data.sync = true (default)
2019-10-10 06:17:59,181 [pool-419-thread-1] INFO  server.RaftServerConfigKeys (ConfUtils.java:logGet(43)) - raft.server.log.statemachine.data.sync.timeout = 10s (default)
2019-10-10 06:17:59,181 [pool-419-thread-1] INFO  server.RaftServerConfigKeys (ConfUtils.java:logGet(43)) - raft.server.log.statemachine.data.sync.timeout.retry = -1 (default)
2019-10-10 06:17:59,182 [pool-419-thread-1] INFO  server.RaftServerConfigKeys (ConfUtils.java:logGet(43)) - raft.server.log.statemachine.data.caching.enabled = true (custom)
2019-10-10 06:17:59,182 [pool-419-thread-1] INFO  segmented.SegmentedRaftLogWorker (SegmentedRaftLogWorker.java:lambda$new$0(128)) - 11dfb04e-6810-4238-9e4b-3a7ed7d1a168@group-6F7F119D4D81-SegmentedRaftLogWorker: flushIndex: setUnconditionally 0 -> -1
2019-10-10 06:17:59,182 [pool-419-thread-1] INFO  server.RaftServerConfigKeys (ConfUtils.java:logGet(43)) - raft.server.snapshot.auto.trigger.enabled = true (custom)
2019-10-10 06:17:59,182 [pool-419-thread-1] INFO  server.RaftServerConfigKeys (ConfUtils.java:logGet(43)) - raft.server.snapshot.auto.trigger.threshold = 10000 (custom)
2019-10-10 06:17:59,183 [pool-419-thread-1] INFO  server.RaftServerConfigKeys (ConfUtils.java:logGet(43)) - raft.server.snapshot.retention.file.num = 5 (custom)
2019-10-10 06:17:59,183 [pool-419-thread-1] INFO  server.RaftServerConfigKeys (ConfUtils.java:logGet(43)) - raft.server.retrycache.expirytime = 600000ms (custom)
2019-10-10 06:17:59,184 [IPC Server handler 6 on 45001] INFO  net.NetworkTopology (NetworkTopologyImpl.java:add(111)) - Added a new node: /default-rack/8d53fe72-945b-4c61-a61e-89d5ee983bd1
2019-10-10 06:17:59,184 [pool-419-thread-1] INFO  impl.RaftServerImpl (RaftServerImpl.java:start(181)) - 11dfb04e-6810-4238-9e4b-3a7ed7d1a168@group-6F7F119D4D81: start as a follower, conf=-1: [11dfb04e-6810-4238-9e4b-3a7ed7d1a168:192.168.151.114:43463], old=null
2019-10-10 06:17:59,184 [IPC Server handler 6 on 45001] INFO  node.SCMNodeManager (SCMNodeManager.java:register(268)) - Registered Data node : 8d53fe72-945b-4c61-a61e-89d5ee983bd1{ip: 192.168.151.114, host: trunk-nightly-20191010-ks672-2217485364, networkLocation: /default-rack, certSerialId: null}
2019-10-10 06:17:59,184 [pool-419-thread-1] INFO  impl.RaftServerImpl (RaftServerImpl.java:setRole(170)) - 11dfb04e-6810-4238-9e4b-3a7ed7d1a168@group-6F7F119D4D81: changes role from      null to FOLLOWER at term 0 for startAsFollower
2019-10-10 06:17:59,184 [pool-419-thread-1] INFO  impl.RoleInfo (RoleInfo.java:updateAndGet(143)) - 11dfb04e-6810-4238-9e4b-3a7ed7d1a168: start FollowerState
2019-10-10 06:17:59,185 [pool-419-thread-1] INFO  util.JmxRegister (JmxRegister.java:tryRegister(44)) - Successfully registered JMX Bean with object name Ratis:service=RaftServer,group=group-6F7F119D4D81,id=11dfb04e-6810-4238-9e4b-3a7ed7d1a168
2019-10-10 06:17:59,191 [RatisPipelineUtilsThread] INFO  pipeline.PipelineStateManager (PipelineStateManager.java:addPipeline(56)) - Created pipeline Pipeline[ Id: f5959f3f-9e92-4d8f-97b1-6f7f119d4d81, Nodes: 11dfb04e-6810-4238-9e4b-3a7ed7d1a168{ip: 192.168.151.114, host: trunk-nightly-20191010-ks672-2217485364, networkLocation: /default-rack, certSerialId: null}, Type:RATIS, Factor:ONE, State:OPEN]
2019-10-10 06:17:59,197 [grpc-default-executor-6] INFO  impl.RaftServerProxy (RaftServerProxy.java:addNew(89)) - 8d53fe72-945b-4c61-a61e-89d5ee983bd1: addNew group-DFD46BE66E25:[8d53fe72-945b-4c61-a61e-89d5ee983bd1:192.168.151.114:44418] returns group-DFD46BE66E25:java.util.concurrent.CompletableFuture@51387a9f[Not completed]
2019-10-10 06:17:59,199 [pool-429-thread-1] INFO  impl.RaftServerImpl (RaftServerImpl.java:<init>(95)) - 8d53fe72-945b-4c61-a61e-89d5ee983bd1: new RaftServerImpl for group-DFD46BE66E25:[8d53fe72-945b-4c61-a61e-89d5ee983bd1:192.168.151.114:44418] with ContainerStateMachine:uninitialized
2019-10-10 06:17:59,199 [pool-429-thread-1] INFO  server.RaftServerConfigKeys (ConfUtils.java:logGet(43)) - raft.server.rpc.timeout.min = 5s (custom)
2019-10-10 06:17:59,199 [pool-429-thread-1] INFO  server.RaftServerConfigKeys (ConfUtils.java:logGet(43)) - raft.server.rpc.timeout.max = 5200ms (custom)
2019-10-10 06:17:59,199 [pool-429-thread-1] INFO  server.RaftServerConfigKeys (ConfUtils.java:logGet(43)) - raft.server.rpcslowness.timeout = 120s (custom)
2019-10-10 06:17:59,199 [pool-429-thread-1] INFO  server.RaftServerConfigKeys (ConfUtils.java:logGet(43)) - raft.server.sleep.deviation.threshold = 300 (default)
2019-10-10 06:17:59,199 [pool-429-thread-1] INFO  server.RaftServerConfigKeys (ConfUtils.java:logGet(43)) - raft.server.log.appender.install.snapshot.enabled = false (custom)
2019-10-10 06:17:59,200 [pool-429-thread-1] INFO  impl.RaftServerImpl (ServerState.java:<init>(103)) - 8d53fe72-945b-4c61-a61e-89d5ee983bd1@group-DFD46BE66E25: ConfigurationManager, init=-1: [8d53fe72-945b-4c61-a61e-89d5ee983bd1:192.168.151.114:44418], old=null, confs=<EMPTY_MAP>
2019-10-10 06:17:59,200 [pool-429-thread-1] INFO  server.RaftServerConfigKeys (ConfUtils.java:logGet(43)) - raft.server.storage.dir = [/workdir/hadoop-ozone/integration-test/target/test-dir/MiniOzoneClusterImpl-6bc00d4f-b58d-47cd-9642-32568dc7b8bd/datanode-2/data/ratis] (custom)
2019-10-10 06:17:59,200 [pool-429-thread-1] INFO  server.RaftServerConfigKeys (ConfUtils.java:logGet(43)) - raft.server.log.corruption.policy = EXCEPTION (default)
2019-10-10 06:17:59,200 [pool-429-thread-1] INFO  storage.RaftStorageDirectory (RaftStorageDirectory.java:analyzeStorage(246)) - The storage directory /workdir/hadoop-ozone/integration-test/target/test-dir/MiniOzoneClusterImpl-6bc00d4f-b58d-47cd-9642-32568dc7b8bd/datanode-2/data/ratis/fb4aa8fc-0bdb-44c0-9f76-dfd46be66e25 does not exist. Creating ...
2019-10-10 06:17:59,213 [pool-429-thread-1] INFO  storage.RaftStorageDirectory (RaftStorageDirectory.java:tryLock(328)) - Lock on /workdir/hadoop-ozone/integration-test/target/test-dir/MiniOzoneClusterImpl-6bc00d4f-b58d-47cd-9642-32568dc7b8bd/datanode-2/data/ratis/fb4aa8fc-0bdb-44c0-9f76-dfd46be66e25/in_use.lock acquired by nodename 24235@trunk-nightly-20191010-ks672-2217485364
2019-10-10 06:17:59,226 [pool-429-thread-1] INFO  storage.RaftStorage (RaftStorage.java:format(84)) - Storage directory /workdir/hadoop-ozone/integration-test/target/test-dir/MiniOzoneClusterImpl-6bc00d4f-b58d-47cd-9642-32568dc7b8bd/datanode-2/data/ratis/fb4aa8fc-0bdb-44c0-9f76-dfd46be66e25 has been successfully formatted.
2019-10-10 06:17:59,226 [pool-429-thread-1] INFO  ratis.ContainerStateMachine (ContainerStateMachine.java:loadSnapshot(231)) - group-DFD46BE66E25: The snapshot info is null. Setting the last applied indexto:(t:0, i:~)
2019-10-10 06:17:59,226 [pool-429-thread-1] INFO  server.RaftServerConfigKeys (ConfUtils.java:logGet(43)) - raft.server.notification.no-leader.timeout = 120s (custom)
2019-10-10 06:17:59,226 [pool-429-thread-1] INFO  server.RaftServerConfigKeys (ConfUtils.java:logGet(43)) - raft.server.log.use.memory = false (default)
2019-10-10 06:17:59,226 [pool-429-thread-1] INFO  server.RaftServerConfigKeys (ConfUtils.java:logGet(43)) - raft.server.log.purge.gap = 1000000 (custom)
2019-10-10 06:17:59,226 [pool-429-thread-1] INFO  server.RaftServerConfigKeys (ConfUtils.java:logGet(43)) - raft.server.log.appender.buffer.byte-limit = 33554432 (custom)
2019-10-10 06:17:59,227 [pool-429-thread-1] INFO  server.RaftServerConfigKeys (ConfUtils.java:logGet(43)) - raft.server.log.segment.size.max = 1048576 (custom)
2019-10-10 06:17:59,228 [pool-429-thread-1] INFO  server.RaftServerConfigKeys (ConfUtils.java:logGet(43)) - raft.server.log.segment.cache.num.max = 2 (custom)
2019-10-10 06:17:59,228 [pool-429-thread-1] INFO  segmented.SegmentedRaftLogWorker (SegmentedRaftLogWorker.java:<init>(173)) - new 8d53fe72-945b-4c61-a61e-89d5ee983bd1@group-DFD46BE66E25-SegmentedRaftLogWorker for RaftStorage:Storage Directory /workdir/hadoop-ozone/integration-test/target/test-dir/MiniOzoneClusterImpl-6bc00d4f-b58d-47cd-9642-32568dc7b8bd/datanode-2/data/ratis/fb4aa8fc-0bdb-44c0-9f76-dfd46be66e25
2019-10-10 06:17:59,229 [pool-429-thread-1] INFO  server.RaftServerConfigKeys (ConfUtils.java:logGet(43)) - raft.server.log.queue.byte-limit = 2147483647 (custom)
2019-10-10 06:17:59,229 [pool-429-thread-1] INFO  server.RaftServerConfigKeys (ConfUtils.java:logGet(43)) - raft.server.log.queue.element-limit = 1024 (custom)
2019-10-10 06:17:59,229 [pool-429-thread-1] INFO  server.RaftServerConfigKeys (ConfUtils.java:logGet(43)) - raft.server.log.segment.size.max = 1048576 (custom)
2019-10-10 06:17:59,229 [pool-429-thread-1] INFO  server.RaftServerConfigKeys (ConfUtils.java:logGet(43)) - raft.server.log.preallocated.size = 16384 (custom)
2019-10-10 06:17:59,229 [pool-429-thread-1] INFO  server.RaftServerConfigKeys (ConfUtils.java:logGet(43)) - raft.server.log.write.buffer.size = 33554432 (custom)
2019-10-10 06:17:59,229 [pool-429-thread-1] INFO  server.RaftServerConfigKeys (ConfUtils.java:logGet(43)) - raft.server.log.force.sync.num = 128 (default)
2019-10-10 06:17:59,229 [pool-429-thread-1] INFO  server.RaftServerConfigKeys (ConfUtils.java:logGet(43)) - raft.server.log.statemachine.data.sync = true (default)
2019-10-10 06:17:59,230 [pool-429-thread-1] INFO  server.RaftServerConfigKeys (ConfUtils.java:logGet(43)) - raft.server.log.statemachine.data.sync.timeout = 10s (default)
2019-10-10 06:17:59,230 [pool-429-thread-1] INFO  server.RaftServerConfigKeys (ConfUtils.java:logGet(43)) - raft.server.log.statemachine.data.sync.timeout.retry = -1 (default)
2019-10-10 06:17:59,230 [pool-429-thread-1] INFO  server.RaftServerConfigKeys (ConfUtils.java:logGet(43)) - raft.server.log.statemachine.data.caching.enabled = true (custom)
2019-10-10 06:17:59,230 [pool-429-thread-1] INFO  segmented.SegmentedRaftLogWorker (SegmentedRaftLogWorker.java:lambda$new$0(128)) - 8d53fe72-945b-4c61-a61e-89d5ee983bd1@group-DFD46BE66E25-SegmentedRaftLogWorker: flushIndex: setUnconditionally 0 -> -1
2019-10-10 06:17:59,231 [pool-429-thread-1] INFO  server.RaftServerConfigKeys (ConfUtils.java:logGet(43)) - raft.server.snapshot.auto.trigger.enabled = true (custom)
2019-10-10 06:17:59,231 [pool-429-thread-1] INFO  server.RaftServerConfigKeys (ConfUtils.java:logGet(43)) - raft.server.snapshot.auto.trigger.threshold = 10000 (custom)
2019-10-10 06:17:59,231 [pool-429-thread-1] INFO  server.RaftServerConfigKeys (ConfUtils.java:logGet(43)) - raft.server.snapshot.retention.file.num = 5 (custom)
2019-10-10 06:17:59,231 [pool-429-thread-1] INFO  server.RaftServerConfigKeys (ConfUtils.java:logGet(43)) - raft.server.retrycache.expirytime = 600000ms (custom)
2019-10-10 06:17:59,233 [pool-429-thread-1] INFO  impl.RaftServerImpl (RaftServerImpl.java:start(181)) - 8d53fe72-945b-4c61-a61e-89d5ee983bd1@group-DFD46BE66E25: start as a follower, conf=-1: [8d53fe72-945b-4c61-a61e-89d5ee983bd1:192.168.151.114:44418], old=null
2019-10-10 06:17:59,234 [pool-429-thread-1] INFO  impl.RaftServerImpl (RaftServerImpl.java:setRole(170)) - 8d53fe72-945b-4c61-a61e-89d5ee983bd1@group-DFD46BE66E25: changes role from      null to FOLLOWER at term 0 for startAsFollower
2019-10-10 06:17:59,234 [pool-429-thread-1] INFO  impl.RoleInfo (RoleInfo.java:updateAndGet(143)) - 8d53fe72-945b-4c61-a61e-89d5ee983bd1: start FollowerState
2019-10-10 06:17:59,234 [pool-429-thread-1] INFO  util.JmxRegister (JmxRegister.java:tryRegister(44)) - Successfully registered JMX Bean with object name Ratis:service=RaftServer,group=group-DFD46BE66E25,id=8d53fe72-945b-4c61-a61e-89d5ee983bd1
2019-10-10 06:17:59,240 [RatisPipelineUtilsThread] INFO  pipeline.PipelineStateManager (PipelineStateManager.java:addPipeline(56)) - Created pipeline Pipeline[ Id: fb4aa8fc-0bdb-44c0-9f76-dfd46be66e25, Nodes: 8d53fe72-945b-4c61-a61e-89d5ee983bd1{ip: 192.168.151.114, host: trunk-nightly-20191010-ks672-2217485364, networkLocation: /default-rack, certSerialId: null}, Type:RATIS, Factor:ONE, State:OPEN]
2019-10-10 06:17:59,262 [grpc-default-executor-2] INFO  impl.RaftServerProxy (RaftServerProxy.java:addNew(89)) - ee11eac9-f371-4dd3-b030-44ee70c0a8bc: addNew group-65FC8AD9E3F6:[ee11eac9-f371-4dd3-b030-44ee70c0a8bc:192.168.151.114:46288, 11dfb04e-6810-4238-9e4b-3a7ed7d1a168:192.168.151.114:43463, 8d53fe72-945b-4c61-a61e-89d5ee983bd1:192.168.151.114:44418] returns group-65FC8AD9E3F6:java.util.concurrent.CompletableFuture@4a37c041[Not completed]
2019-10-10 06:17:59,262 [grpc-default-executor-6] INFO  impl.RaftServerProxy (RaftServerProxy.java:addNew(89)) - 11dfb04e-6810-4238-9e4b-3a7ed7d1a168: addNew group-65FC8AD9E3F6:[ee11eac9-f371-4dd3-b030-44ee70c0a8bc:192.168.151.114:46288, 11dfb04e-6810-4238-9e4b-3a7ed7d1a168:192.168.151.114:43463, 8d53fe72-945b-4c61-a61e-89d5ee983bd1:192.168.151.114:44418] returns group-65FC8AD9E3F6:java.util.concurrent.CompletableFuture@2dbcea78[Not completed]
2019-10-10 06:17:59,262 [grpc-default-executor-5] INFO  impl.RaftServerProxy (RaftServerProxy.java:addNew(89)) - 8d53fe72-945b-4c61-a61e-89d5ee983bd1: addNew group-65FC8AD9E3F6:[ee11eac9-f371-4dd3-b030-44ee70c0a8bc:192.168.151.114:46288, 11dfb04e-6810-4238-9e4b-3a7ed7d1a168:192.168.151.114:43463, 8d53fe72-945b-4c61-a61e-89d5ee983bd1:192.168.151.114:44418] returns group-65FC8AD9E3F6:java.util.concurrent.CompletableFuture@568648de[Not completed]
2019-10-10 06:17:59,263 [pool-409-thread-1] INFO  impl.RaftServerImpl (RaftServerImpl.java:<init>(95)) - ee11eac9-f371-4dd3-b030-44ee70c0a8bc: new RaftServerImpl for group-65FC8AD9E3F6:[ee11eac9-f371-4dd3-b030-44ee70c0a8bc:192.168.151.114:46288, 11dfb04e-6810-4238-9e4b-3a7ed7d1a168:192.168.151.114:43463, 8d53fe72-945b-4c61-a61e-89d5ee983bd1:192.168.151.114:44418] with ContainerStateMachine:uninitialized
2019-10-10 06:17:59,263 [pool-409-thread-1] INFO  server.RaftServerConfigKeys (ConfUtils.java:logGet(43)) - raft.server.rpc.timeout.min = 5s (custom)
2019-10-10 06:17:59,263 [pool-409-thread-1] INFO  server.RaftServerConfigKeys (ConfUtils.java:logGet(43)) - raft.server.rpc.timeout.max = 5200ms (custom)
2019-10-10 06:17:59,263 [pool-409-thread-1] INFO  server.RaftServerConfigKeys (ConfUtils.java:logGet(43)) - raft.server.rpcslowness.timeout = 120s (custom)
2019-10-10 06:17:59,263 [pool-429-thread-1] INFO  impl.RaftServerImpl (RaftServerImpl.java:<init>(95)) - 8d53fe72-945b-4c61-a61e-89d5ee983bd1: new RaftServerImpl for group-65FC8AD9E3F6:[ee11eac9-f371-4dd3-b030-44ee70c0a8bc:192.168.151.114:46288, 11dfb04e-6810-4238-9e4b-3a7ed7d1a168:192.168.151.114:43463, 8d53fe72-945b-4c61-a61e-89d5ee983bd1:192.168.151.114:44418] with ContainerStateMachine:uninitialized
2019-10-10 06:17:59,264 [pool-409-thread-1] INFO  server.RaftServerConfigKeys (ConfUtils.java:logGet(43)) - raft.server.sleep.deviation.threshold = 300 (default)
2019-10-10 06:17:59,264 [pool-429-thread-1] INFO  server.RaftServerConfigKeys (ConfUtils.java:logGet(43)) - raft.server.rpc.timeout.min = 5s (custom)
2019-10-10 06:17:59,264 [pool-409-thread-1] INFO  server.RaftServerConfigKeys (ConfUtils.java:logGet(43)) - raft.server.log.appender.install.snapshot.enabled = false (custom)
2019-10-10 06:17:59,264 [pool-429-thread-1] INFO  server.RaftServerConfigKeys (ConfUtils.java:logGet(43)) - raft.server.rpc.timeout.max = 5200ms (custom)
2019-10-10 06:17:59,264 [pool-409-thread-1] INFO  impl.RaftServerImpl (ServerState.java:<init>(103)) - ee11eac9-f371-4dd3-b030-44ee70c0a8bc@group-65FC8AD9E3F6: ConfigurationManager, init=-1: [ee11eac9-f371-4dd3-b030-44ee70c0a8bc:192.168.151.114:46288, 11dfb04e-6810-4238-9e4b-3a7ed7d1a168:192.168.151.114:43463, 8d53fe72-945b-4c61-a61e-89d5ee983bd1:192.168.151.114:44418], old=null, confs=<EMPTY_MAP>
2019-10-10 06:17:59,264 [pool-429-thread-1] INFO  server.RaftServerConfigKeys (ConfUtils.java:logGet(43)) - raft.server.rpcslowness.timeout = 120s (custom)
2019-10-10 06:17:59,264 [pool-409-thread-1] INFO  server.RaftServerConfigKeys (ConfUtils.java:logGet(43)) - raft.server.storage.dir = [/workdir/hadoop-ozone/integration-test/target/test-dir/MiniOzoneClusterImpl-6bc00d4f-b58d-47cd-9642-32568dc7b8bd/datanode-0/data/ratis] (custom)
2019-10-10 06:17:59,264 [pool-419-thread-1] INFO  impl.RaftServerImpl (RaftServerImpl.java:<init>(95)) - 11dfb04e-6810-4238-9e4b-3a7ed7d1a168: new RaftServerImpl for group-65FC8AD9E3F6:[ee11eac9-f371-4dd3-b030-44ee70c0a8bc:192.168.151.114:46288, 11dfb04e-6810-4238-9e4b-3a7ed7d1a168:192.168.151.114:43463, 8d53fe72-945b-4c61-a61e-89d5ee983bd1:192.168.151.114:44418] with ContainerStateMachine:uninitialized
2019-10-10 06:17:59,264 [pool-409-thread-1] INFO  server.RaftServerConfigKeys (ConfUtils.java:logGet(43)) - raft.server.log.corruption.policy = EXCEPTION (default)
2019-10-10 06:17:59,264 [pool-429-thread-1] INFO  server.RaftServerConfigKeys (ConfUtils.java:logGet(43)) - raft.server.sleep.deviation.threshold = 300 (default)
2019-10-10 06:17:59,265 [pool-409-thread-1] INFO  storage.RaftStorageDirectory (RaftStorageDirectory.java:analyzeStorage(246)) - The storage directory /workdir/hadoop-ozone/integration-test/target/test-dir/MiniOzoneClusterImpl-6bc00d4f-b58d-47cd-9642-32568dc7b8bd/datanode-0/data/ratis/87e74914-41f6-467a-bc50-65fc8ad9e3f6 does not exist. Creating ...
2019-10-10 06:17:59,264 [pool-419-thread-1] INFO  server.RaftServerConfigKeys (ConfUtils.java:logGet(43)) - raft.server.rpc.timeout.min = 5s (custom)
2019-10-10 06:17:59,265 [pool-429-thread-1] INFO  server.RaftServerConfigKeys (ConfUtils.java:logGet(43)) - raft.server.log.appender.install.snapshot.enabled = false (custom)
2019-10-10 06:17:59,265 [pool-419-thread-1] INFO  server.RaftServerConfigKeys (ConfUtils.java:logGet(43)) - raft.server.rpc.timeout.max = 5200ms (custom)
2019-10-10 06:17:59,265 [pool-429-thread-1] INFO  impl.RaftServerImpl (ServerState.java:<init>(103)) - 8d53fe72-945b-4c61-a61e-89d5ee983bd1@group-65FC8AD9E3F6: ConfigurationManager, init=-1: [ee11eac9-f371-4dd3-b030-44ee70c0a8bc:192.168.151.114:46288, 11dfb04e-6810-4238-9e4b-3a7ed7d1a168:192.168.151.114:43463, 8d53fe72-945b-4c61-a61e-89d5ee983bd1:192.168.151.114:44418], old=null, confs=<EMPTY_MAP>
2019-10-10 06:17:59,265 [pool-419-thread-1] INFO  server.RaftServerConfigKeys (ConfUtils.java:logGet(43)) - raft.server.rpcslowness.timeout = 120s (custom)
2019-10-10 06:17:59,265 [pool-429-thread-1] INFO  server.RaftServerConfigKeys (ConfUtils.java:logGet(43)) - raft.server.storage.dir = [/workdir/hadoop-ozone/integration-test/target/test-dir/MiniOzoneClusterImpl-6bc00d4f-b58d-47cd-9642-32568dc7b8bd/datanode-2/data/ratis] (custom)
2019-10-10 06:17:59,265 [pool-419-thread-1] INFO  server.RaftServerConfigKeys (ConfUtils.java:logGet(43)) - raft.server.sleep.deviation.threshold = 300 (default)
2019-10-10 06:17:59,266 [pool-419-thread-1] INFO  server.RaftServerConfigKeys (ConfUtils.java:logGet(43)) - raft.server.log.appender.install.snapshot.enabled = false (custom)
2019-10-10 06:17:59,266 [pool-429-thread-1] INFO  server.RaftServerConfigKeys (ConfUtils.java:logGet(43)) - raft.server.log.corruption.policy = EXCEPTION (default)
2019-10-10 06:17:59,266 [pool-419-thread-1] INFO  impl.RaftServerImpl (ServerState.java:<init>(103)) - 11dfb04e-6810-4238-9e4b-3a7ed7d1a168@group-65FC8AD9E3F6: ConfigurationManager, init=-1: [ee11eac9-f371-4dd3-b030-44ee70c0a8bc:192.168.151.114:46288, 11dfb04e-6810-4238-9e4b-3a7ed7d1a168:192.168.151.114:43463, 8d53fe72-945b-4c61-a61e-89d5ee983bd1:192.168.151.114:44418], old=null, confs=<EMPTY_MAP>
2019-10-10 06:17:59,266 [pool-429-thread-1] INFO  storage.RaftStorageDirectory (RaftStorageDirectory.java:analyzeStorage(246)) - The storage directory /workdir/hadoop-ozone/integration-test/target/test-dir/MiniOzoneClusterImpl-6bc00d4f-b58d-47cd-9642-32568dc7b8bd/datanode-2/data/ratis/87e74914-41f6-467a-bc50-65fc8ad9e3f6 does not exist. Creating ...
2019-10-10 06:17:59,267 [pool-419-thread-1] INFO  server.RaftServerConfigKeys (ConfUtils.java:logGet(43)) - raft.server.storage.dir = [/workdir/hadoop-ozone/integration-test/target/test-dir/MiniOzoneClusterImpl-6bc00d4f-b58d-47cd-9642-32568dc7b8bd/datanode-1/data/ratis] (custom)
2019-10-10 06:17:59,267 [pool-419-thread-1] INFO  server.RaftServerConfigKeys (ConfUtils.java:logGet(43)) - raft.server.log.corruption.policy = EXCEPTION (default)
2019-10-10 06:17:59,267 [pool-419-thread-1] INFO  storage.RaftStorageDirectory (RaftStorageDirectory.java:analyzeStorage(246)) - The storage directory /workdir/hadoop-ozone/integration-test/target/test-dir/MiniOzoneClusterImpl-6bc00d4f-b58d-47cd-9642-32568dc7b8bd/datanode-1/data/ratis/87e74914-41f6-467a-bc50-65fc8ad9e3f6 does not exist. Creating ...
2019-10-10 06:17:59,274 [IPC Server handler 1 on 45001] INFO  net.NetworkTopology (NetworkTopologyImpl.java:add(111)) - Added a new node: /default-rack/dd3fde67-87bd-4513-84e7-60c70261cfa5
2019-10-10 06:17:59,274 [IPC Server handler 1 on 45001] INFO  node.SCMNodeManager (SCMNodeManager.java:register(268)) - Registered Data node : dd3fde67-87bd-4513-84e7-60c70261cfa5{ip: 192.168.151.114, host: trunk-nightly-20191010-ks672-2217485364, networkLocation: /default-rack, certSerialId: null}
2019-10-10 06:17:59,278 [pool-419-thread-1] INFO  storage.RaftStorageDirectory (RaftStorageDirectory.java:tryLock(328)) - Lock on /workdir/hadoop-ozone/integration-test/target/test-dir/MiniOzoneClusterImpl-6bc00d4f-b58d-47cd-9642-32568dc7b8bd/datanode-1/data/ratis/87e74914-41f6-467a-bc50-65fc8ad9e3f6/in_use.lock acquired by nodename 24235@trunk-nightly-20191010-ks672-2217485364
2019-10-10 06:17:59,278 [pool-429-thread-1] INFO  storage.RaftStorageDirectory (RaftStorageDirectory.java:tryLock(328)) - Lock on /workdir/hadoop-ozone/integration-test/target/test-dir/MiniOzoneClusterImpl-6bc00d4f-b58d-47cd-9642-32568dc7b8bd/datanode-2/data/ratis/87e74914-41f6-467a-bc50-65fc8ad9e3f6/in_use.lock acquired by nodename 24235@trunk-nightly-20191010-ks672-2217485364
2019-10-10 06:17:59,278 [pool-409-thread-1] INFO  storage.RaftStorageDirectory (RaftStorageDirectory.java:tryLock(328)) - Lock on /workdir/hadoop-ozone/integration-test/target/test-dir/MiniOzoneClusterImpl-6bc00d4f-b58d-47cd-9642-32568dc7b8bd/datanode-0/data/ratis/87e74914-41f6-467a-bc50-65fc8ad9e3f6/in_use.lock acquired by nodename 24235@trunk-nightly-20191010-ks672-2217485364
2019-10-10 06:17:59,292 [pool-419-thread-1] INFO  storage.RaftStorage (RaftStorage.java:format(84)) - Storage directory /workdir/hadoop-ozone/integration-test/target/test-dir/MiniOzoneClusterImpl-6bc00d4f-b58d-47cd-9642-32568dc7b8bd/datanode-1/data/ratis/87e74914-41f6-467a-bc50-65fc8ad9e3f6 has been successfully formatted.
2019-10-10 06:17:59,292 [pool-409-thread-1] INFO  storage.RaftStorage (RaftStorage.java:format(84)) - Storage directory /workdir/hadoop-ozone/integration-test/target/test-dir/MiniOzoneClusterImpl-6bc00d4f-b58d-47cd-9642-32568dc7b8bd/datanode-0/data/ratis/87e74914-41f6-467a-bc50-65fc8ad9e3f6 has been successfully formatted.
2019-10-10 06:17:59,292 [pool-419-thread-1] INFO  ratis.ContainerStateMachine (ContainerStateMachine.java:loadSnapshot(231)) - group-65FC8AD9E3F6: The snapshot info is null. Setting the last applied indexto:(t:0, i:~)
2019-10-10 06:17:59,292 [pool-429-thread-1] INFO  storage.RaftStorage (RaftStorage.java:format(84)) - Storage directory /workdir/hadoop-ozone/integration-test/target/test-dir/MiniOzoneClusterImpl-6bc00d4f-b58d-47cd-9642-32568dc7b8bd/datanode-2/data/ratis/87e74914-41f6-467a-bc50-65fc8ad9e3f6 has been successfully formatted.
2019-10-10 06:17:59,292 [pool-419-thread-1] INFO  server.RaftServerConfigKeys (ConfUtils.java:logGet(43)) - raft.server.notification.no-leader.timeout = 120s (custom)
2019-10-10 06:17:59,292 [pool-409-thread-1] INFO  ratis.ContainerStateMachine (ContainerStateMachine.java:loadSnapshot(231)) - group-65FC8AD9E3F6: The snapshot info is null. Setting the last applied indexto:(t:0, i:~)
2019-10-10 06:17:59,292 [pool-419-thread-1] INFO  server.RaftServerConfigKeys (ConfUtils.java:logGet(43)) - raft.server.log.use.memory = false (default)
2019-10-10 06:17:59,292 [pool-429-thread-1] INFO  ratis.ContainerStateMachine (ContainerStateMachine.java:loadSnapshot(231)) - group-65FC8AD9E3F6: The snapshot info is null. Setting the last applied indexto:(t:0, i:~)
2019-10-10 06:17:59,293 [pool-419-thread-1] INFO  server.RaftServerConfigKeys (ConfUtils.java:logGet(43)) - raft.server.log.purge.gap = 1000000 (custom)
2019-10-10 06:17:59,292 [pool-409-thread-1] INFO  server.RaftServerConfigKeys (ConfUtils.java:logGet(43)) - raft.server.notification.no-leader.timeout = 120s (custom)
2019-10-10 06:17:59,293 [pool-419-thread-1] INFO  server.RaftServerConfigKeys (ConfUtils.java:logGet(43)) - raft.server.log.appender.buffer.byte-limit = 33554432 (custom)
2019-10-10 06:17:59,293 [pool-429-thread-1] INFO  server.RaftServerConfigKeys (ConfUtils.java:logGet(43)) - raft.server.notification.no-leader.timeout = 120s (custom)
2019-10-10 06:17:59,293 [pool-419-thread-1] INFO  server.RaftServerConfigKeys (ConfUtils.java:logGet(43)) - raft.server.log.segment.size.max = 1048576 (custom)
2019-10-10 06:17:59,293 [pool-409-thread-1] INFO  server.RaftServerConfigKeys (ConfUtils.java:logGet(43)) - raft.server.log.use.memory = false (default)
2019-10-10 06:17:59,293 [pool-419-thread-1] INFO  server.RaftServerConfigKeys (ConfUtils.java:logGet(43)) - raft.server.log.segment.cache.num.max = 2 (custom)
2019-10-10 06:17:59,293 [pool-429-thread-1] INFO  server.RaftServerConfigKeys (ConfUtils.java:logGet(43)) - raft.server.log.use.memory = false (default)
2019-10-10 06:17:59,293 [pool-419-thread-1] INFO  segmented.SegmentedRaftLogWorker (SegmentedRaftLogWorker.java:<init>(173)) - new 11dfb04e-6810-4238-9e4b-3a7ed7d1a168@group-65FC8AD9E3F6-SegmentedRaftLogWorker for RaftStorage:Storage Directory /workdir/hadoop-ozone/integration-test/target/test-dir/MiniOzoneClusterImpl-6bc00d4f-b58d-47cd-9642-32568dc7b8bd/datanode-1/data/ratis/87e74914-41f6-467a-bc50-65fc8ad9e3f6
2019-10-10 06:17:59,293 [pool-409-thread-1] INFO  server.RaftServerConfigKeys (ConfUtils.java:logGet(43)) - raft.server.log.purge.gap = 1000000 (custom)
2019-10-10 06:17:59,294 [pool-419-thread-1] INFO  server.RaftServerConfigKeys (ConfUtils.java:logGet(43)) - raft.server.log.queue.byte-limit = 2147483647 (custom)
2019-10-10 06:17:59,294 [pool-429-thread-1] INFO  server.RaftServerConfigKeys (ConfUtils.java:logGet(43)) - raft.server.log.purge.gap = 1000000 (custom)
2019-10-10 06:17:59,294 [pool-419-thread-1] INFO  server.RaftServerConfigKeys (ConfUtils.java:logGet(43)) - raft.server.log.queue.element-limit = 1024 (custom)
2019-10-10 06:17:59,294 [pool-409-thread-1] INFO  server.RaftServerConfigKeys (ConfUtils.java:logGet(43)) - raft.server.log.appender.buffer.byte-limit = 33554432 (custom)
2019-10-10 06:17:59,294 [pool-419-thread-1] INFO  server.RaftServerConfigKeys (ConfUtils.java:logGet(43)) - raft.server.log.segment.size.max = 1048576 (custom)
2019-10-10 06:17:59,294 [pool-429-thread-1] INFO  server.RaftServerConfigKeys (ConfUtils.java:logGet(43)) - raft.server.log.appender.buffer.byte-limit = 33554432 (custom)
2019-10-10 06:17:59,294 [pool-419-thread-1] INFO  server.RaftServerConfigKeys (ConfUtils.java:logGet(43)) - raft.server.log.preallocated.size = 16384 (custom)
2019-10-10 06:17:59,294 [pool-409-thread-1] INFO  server.RaftServerConfigKeys (ConfUtils.java:logGet(43)) - raft.server.log.segment.size.max = 1048576 (custom)
2019-10-10 06:17:59,295 [pool-419-thread-1] INFO  server.RaftServerConfigKeys (ConfUtils.java:logGet(43)) - raft.server.log.write.buffer.size = 33554432 (custom)
2019-10-10 06:17:59,294 [pool-429-thread-1] INFO  server.RaftServerConfigKeys (ConfUtils.java:logGet(43)) - raft.server.log.segment.size.max = 1048576 (custom)
2019-10-10 06:17:59,295 [pool-419-thread-1] INFO  server.RaftServerConfigKeys (ConfUtils.java:logGet(43)) - raft.server.log.force.sync.num = 128 (default)
2019-10-10 06:17:59,295 [pool-419-thread-1] INFO  server.RaftServerConfigKeys (ConfUtils.java:logGet(43)) - raft.server.log.statemachine.data.sync = true (default)
2019-10-10 06:17:59,295 [pool-409-thread-1] INFO  server.RaftServerConfigKeys (ConfUtils.java:logGet(43)) - raft.server.log.segment.cache.num.max = 2 (custom)
2019-10-10 06:17:59,295 [pool-419-thread-1] INFO  server.RaftServerConfigKeys (ConfUtils.java:logGet(43)) - raft.server.log.statemachine.data.sync.timeout = 10s (default)
2019-10-10 06:17:59,295 [pool-429-thread-1] INFO  server.RaftServerConfigKeys (ConfUtils.java:logGet(43)) - raft.server.log.segment.cache.num.max = 2 (custom)
2019-10-10 06:17:59,296 [pool-419-thread-1] INFO  server.RaftServerConfigKeys (ConfUtils.java:logGet(43)) - raft.server.log.statemachine.data.sync.timeout.retry = -1 (default)
2019-10-10 06:17:59,295 [pool-409-thread-1] INFO  segmented.SegmentedRaftLogWorker (SegmentedRaftLogWorker.java:<init>(173)) - new ee11eac9-f371-4dd3-b030-44ee70c0a8bc@group-65FC8AD9E3F6-SegmentedRaftLogWorker for RaftStorage:Storage Directory /workdir/hadoop-ozone/integration-test/target/test-dir/MiniOzoneClusterImpl-6bc00d4f-b58d-47cd-9642-32568dc7b8bd/datanode-0/data/ratis/87e74914-41f6-467a-bc50-65fc8ad9e3f6
2019-10-10 06:17:59,296 [pool-419-thread-1] INFO  server.RaftServerConfigKeys (ConfUtils.java:logGet(43)) - raft.server.log.statemachine.data.caching.enabled = true (custom)
2019-10-10 06:17:59,296 [pool-429-thread-1] INFO  segmented.SegmentedRaftLogWorker (SegmentedRaftLogWorker.java:<init>(173)) - new 8d53fe72-945b-4c61-a61e-89d5ee983bd1@group-65FC8AD9E3F6-SegmentedRaftLogWorker for RaftStorage:Storage Directory /workdir/hadoop-ozone/integration-test/target/test-dir/MiniOzoneClusterImpl-6bc00d4f-b58d-47cd-9642-32568dc7b8bd/datanode-2/data/ratis/87e74914-41f6-467a-bc50-65fc8ad9e3f6
2019-10-10 06:17:59,296 [pool-429-thread-1] INFO  server.RaftServerConfigKeys (ConfUtils.java:logGet(43)) - raft.server.log.queue.byte-limit = 2147483647 (custom)
2019-10-10 06:17:59,296 [pool-409-thread-1] INFO  server.RaftServerConfigKeys (ConfUtils.java:logGet(43)) - raft.server.log.queue.byte-limit = 2147483647 (custom)
2019-10-10 06:17:59,296 [pool-429-thread-1] INFO  server.RaftServerConfigKeys (ConfUtils.java:logGet(43)) - raft.server.log.queue.element-limit = 1024 (custom)
2019-10-10 06:17:59,296 [pool-419-thread-1] INFO  segmented.SegmentedRaftLogWorker (SegmentedRaftLogWorker.java:lambda$new$0(128)) - 11dfb04e-6810-4238-9e4b-3a7ed7d1a168@group-65FC8AD9E3F6-SegmentedRaftLogWorker: flushIndex: setUnconditionally 0 -> -1
2019-10-10 06:17:59,297 [pool-429-thread-1] INFO  server.RaftServerConfigKeys (ConfUtils.java:logGet(43)) - raft.server.log.segment.size.max = 1048576 (custom)
2019-10-10 06:17:59,297 [pool-409-thread-1] INFO  server.RaftServerConfigKeys (ConfUtils.java:logGet(43)) - raft.server.log.queue.element-limit = 1024 (custom)
2019-10-10 06:17:59,297 [pool-419-thread-1] INFO  server.RaftServerConfigKeys (ConfUtils.java:logGet(43)) - raft.server.snapshot.auto.trigger.enabled = true (custom)
2019-10-10 06:17:59,297 [pool-429-thread-1] INFO  server.RaftServerConfigKeys (ConfUtils.java:logGet(43)) - raft.server.log.preallocated.size = 16384 (custom)
2019-10-10 06:17:59,297 [pool-419-thread-1] INFO  server.RaftServerConfigKeys (ConfUtils.java:logGet(43)) - raft.server.snapshot.auto.trigger.threshold = 10000 (custom)
2019-10-10 06:17:59,298 [pool-419-thread-1] INFO  server.RaftServerConfigKeys (ConfUtils.java:logGet(43)) - raft.server.snapshot.retention.file.num = 5 (custom)
2019-10-10 06:17:59,297 [pool-409-thread-1] INFO  server.RaftServerConfigKeys (ConfUtils.java:logGet(43)) - raft.server.log.segment.size.max = 1048576 (custom)
2019-10-10 06:17:59,298 [pool-419-thread-1] INFO  server.RaftServerConfigKeys (ConfUtils.java:logGet(43)) - raft.server.retrycache.expirytime = 600000ms (custom)
2019-10-10 06:17:59,298 [pool-429-thread-1] INFO  server.RaftServerConfigKeys (ConfUtils.java:logGet(43)) - raft.server.log.write.buffer.size = 33554432 (custom)
2019-10-10 06:17:59,298 [pool-409-thread-1] INFO  server.RaftServerConfigKeys (ConfUtils.java:logGet(43)) - raft.server.log.preallocated.size = 16384 (custom)
2019-10-10 06:17:59,298 [pool-429-thread-1] INFO  server.RaftServerConfigKeys (ConfUtils.java:logGet(43)) - raft.server.log.force.sync.num = 128 (default)
2019-10-10 06:17:59,298 [pool-409-thread-1] INFO  server.RaftServerConfigKeys (ConfUtils.java:logGet(43)) - raft.server.log.write.buffer.size = 33554432 (custom)
2019-10-10 06:17:59,298 [pool-429-thread-1] INFO  server.RaftServerConfigKeys (ConfUtils.java:logGet(43)) - raft.server.log.statemachine.data.sync = true (default)
2019-10-10 06:17:59,298 [pool-409-thread-1] INFO  server.RaftServerConfigKeys (ConfUtils.java:logGet(43)) - raft.server.log.force.sync.num = 128 (default)
2019-10-10 06:17:59,299 [pool-429-thread-1] INFO  server.RaftServerConfigKeys (ConfUtils.java:logGet(43)) - raft.server.log.statemachine.data.sync.timeout = 10s (default)
2019-10-10 06:17:59,299 [pool-409-thread-1] INFO  server.RaftServerConfigKeys (ConfUtils.java:logGet(43)) - raft.server.log.statemachine.data.sync = true (default)
2019-10-10 06:17:59,299 [pool-429-thread-1] INFO  server.RaftServerConfigKeys (ConfUtils.java:logGet(43)) - raft.server.log.statemachine.data.sync.timeout.retry = -1 (default)
2019-10-10 06:17:59,299 [pool-409-thread-1] INFO  server.RaftServerConfigKeys (ConfUtils.java:logGet(43)) - raft.server.log.statemachine.data.sync.timeout = 10s (default)
2019-10-10 06:17:59,299 [pool-429-thread-1] INFO  server.RaftServerConfigKeys (ConfUtils.java:logGet(43)) - raft.server.log.statemachine.data.caching.enabled = true (custom)
2019-10-10 06:17:59,299 [pool-409-thread-1] INFO  server.RaftServerConfigKeys (ConfUtils.java:logGet(43)) - raft.server.log.statemachine.data.sync.timeout.retry = -1 (default)
2019-10-10 06:17:59,300 [pool-409-thread-1] INFO  server.RaftServerConfigKeys (ConfUtils.java:logGet(43)) - raft.server.log.statemachine.data.caching.enabled = true (custom)
2019-10-10 06:17:59,300 [pool-429-thread-1] INFO  segmented.SegmentedRaftLogWorker (SegmentedRaftLogWorker.java:lambda$new$0(128)) - 8d53fe72-945b-4c61-a61e-89d5ee983bd1@group-65FC8AD9E3F6-SegmentedRaftLogWorker: flushIndex: setUnconditionally 0 -> -1
2019-10-10 06:17:59,300 [pool-419-thread-1] INFO  impl.RaftServerImpl (RaftServerImpl.java:start(181)) - 11dfb04e-6810-4238-9e4b-3a7ed7d1a168@group-65FC8AD9E3F6: start as a follower, conf=-1: [ee11eac9-f371-4dd3-b030-44ee70c0a8bc:192.168.151.114:46288, 11dfb04e-6810-4238-9e4b-3a7ed7d1a168:192.168.151.114:43463, 8d53fe72-945b-4c61-a61e-89d5ee983bd1:192.168.151.114:44418], old=null
2019-10-10 06:17:59,300 [pool-429-thread-1] INFO  server.RaftServerConfigKeys (ConfUtils.java:logGet(43)) - raft.server.snapshot.auto.trigger.enabled = true (custom)
2019-10-10 06:17:59,300 [pool-409-thread-1] INFO  segmented.SegmentedRaftLogWorker (SegmentedRaftLogWorker.java:lambda$new$0(128)) - ee11eac9-f371-4dd3-b030-44ee70c0a8bc@group-65FC8AD9E3F6-SegmentedRaftLogWorker: flushIndex: setUnconditionally 0 -> -1
2019-10-10 06:17:59,300 [pool-429-thread-1] INFO  server.RaftServerConfigKeys (ConfUtils.java:logGet(43)) - raft.server.snapshot.auto.trigger.threshold = 10000 (custom)
2019-10-10 06:17:59,300 [pool-419-thread-1] INFO  impl.RaftServerImpl (RaftServerImpl.java:setRole(170)) - 11dfb04e-6810-4238-9e4b-3a7ed7d1a168@group-65FC8AD9E3F6: changes role from      null to FOLLOWER at term 0 for startAsFollower
2019-10-10 06:17:59,300 [pool-409-thread-1] INFO  server.RaftServerConfigKeys (ConfUtils.java:logGet(43)) - raft.server.snapshot.auto.trigger.enabled = true (custom)
2019-10-10 06:17:59,300 [pool-409-thread-1] INFO  server.RaftServerConfigKeys (ConfUtils.java:logGet(43)) - raft.server.snapshot.auto.trigger.threshold = 10000 (custom)
2019-10-10 06:17:59,300 [pool-429-thread-1] INFO  server.RaftServerConfigKeys (ConfUtils.java:logGet(43)) - raft.server.snapshot.retention.file.num = 5 (custom)
2019-10-10 06:17:59,301 [pool-409-thread-1] INFO  server.RaftServerConfigKeys (ConfUtils.java:logGet(43)) - raft.server.snapshot.retention.file.num = 5 (custom)
2019-10-10 06:17:59,300 [pool-419-thread-1] INFO  impl.RoleInfo (RoleInfo.java:updateAndGet(143)) - 11dfb04e-6810-4238-9e4b-3a7ed7d1a168: start FollowerState
2019-10-10 06:17:59,301 [pool-409-thread-1] INFO  server.RaftServerConfigKeys (ConfUtils.java:logGet(43)) - raft.server.retrycache.expirytime = 600000ms (custom)
2019-10-10 06:17:59,301 [pool-429-thread-1] INFO  server.RaftServerConfigKeys (ConfUtils.java:logGet(43)) - raft.server.retrycache.expirytime = 600000ms (custom)
2019-10-10 06:17:59,310 [pool-419-thread-1] INFO  util.JmxRegister (JmxRegister.java:tryRegister(44)) - Successfully registered JMX Bean with object name Ratis:service=RaftServer,group=group-65FC8AD9E3F6,id=11dfb04e-6810-4238-9e4b-3a7ed7d1a168
2019-10-10 06:17:59,313 [pool-429-thread-1] INFO  impl.RaftServerImpl (RaftServerImpl.java:start(181)) - 8d53fe72-945b-4c61-a61e-89d5ee983bd1@group-65FC8AD9E3F6: start as a follower, conf=-1: [ee11eac9-f371-4dd3-b030-44ee70c0a8bc:192.168.151.114:46288, 11dfb04e-6810-4238-9e4b-3a7ed7d1a168:192.168.151.114:43463, 8d53fe72-945b-4c61-a61e-89d5ee983bd1:192.168.151.114:44418], old=null
2019-10-10 06:17:59,313 [pool-429-thread-1] INFO  impl.RaftServerImpl (RaftServerImpl.java:setRole(170)) - 8d53fe72-945b-4c61-a61e-89d5ee983bd1@group-65FC8AD9E3F6: changes role from      null to FOLLOWER at term 0 for startAsFollower
2019-10-10 06:17:59,313 [pool-429-thread-1] INFO  impl.RoleInfo (RoleInfo.java:updateAndGet(143)) - 8d53fe72-945b-4c61-a61e-89d5ee983bd1: start FollowerState
2019-10-10 06:17:59,313 [pool-429-thread-1] INFO  util.JmxRegister (JmxRegister.java:tryRegister(44)) - Successfully registered JMX Bean with object name Ratis:service=RaftServer,group=group-65FC8AD9E3F6,id=8d53fe72-945b-4c61-a61e-89d5ee983bd1
2019-10-10 06:17:59,314 [pool-409-thread-1] INFO  impl.RaftServerImpl (RaftServerImpl.java:start(181)) - ee11eac9-f371-4dd3-b030-44ee70c0a8bc@group-65FC8AD9E3F6: start as a follower, conf=-1: [ee11eac9-f371-4dd3-b030-44ee70c0a8bc:192.168.151.114:46288, 11dfb04e-6810-4238-9e4b-3a7ed7d1a168:192.168.151.114:43463, 8d53fe72-945b-4c61-a61e-89d5ee983bd1:192.168.151.114:44418], old=null
2019-10-10 06:17:59,314 [pool-409-thread-1] INFO  impl.RaftServerImpl (RaftServerImpl.java:setRole(170)) - ee11eac9-f371-4dd3-b030-44ee70c0a8bc@group-65FC8AD9E3F6: changes role from      null to FOLLOWER at term 0 for startAsFollower
2019-10-10 06:17:59,321 [pool-409-thread-1] INFO  impl.RoleInfo (RoleInfo.java:updateAndGet(143)) - ee11eac9-f371-4dd3-b030-44ee70c0a8bc: start FollowerState
2019-10-10 06:17:59,321 [pool-409-thread-1] INFO  util.JmxRegister (JmxRegister.java:tryRegister(44)) - Successfully registered JMX Bean with object name Ratis:service=RaftServer,group=group-65FC8AD9E3F6,id=ee11eac9-f371-4dd3-b030-44ee70c0a8bc
2019-10-10 06:17:59,330 [RatisPipelineUtilsThread] INFO  pipeline.PipelineStateManager (PipelineStateManager.java:addPipeline(56)) - Created pipeline Pipeline[ Id: 87e74914-41f6-467a-bc50-65fc8ad9e3f6, Nodes: 11dfb04e-6810-4238-9e4b-3a7ed7d1a168{ip: 192.168.151.114, host: trunk-nightly-20191010-ks672-2217485364, networkLocation: /default-rack, certSerialId: null}ee11eac9-f371-4dd3-b030-44ee70c0a8bc{ip: 192.168.151.114, host: trunk-nightly-20191010-ks672-2217485364, networkLocation: /default-rack, certSerialId: null}8d53fe72-945b-4c61-a61e-89d5ee983bd1{ip: 192.168.151.114, host: trunk-nightly-20191010-ks672-2217485364, networkLocation: /default-rack, certSerialId: null}, Type:RATIS, Factor:THREE, State:OPEN]
2019-10-10 06:17:59,336 [grpc-default-executor-5] INFO  impl.RaftServerProxy (RaftServerProxy.java:addNew(89)) - dd3fde67-87bd-4513-84e7-60c70261cfa5: addNew group-55F013BDA091:[dd3fde67-87bd-4513-84e7-60c70261cfa5:192.168.151.114:41987] returns group-55F013BDA091:java.util.concurrent.CompletableFuture@5166c908[Not completed]
2019-10-10 06:17:59,337 [pool-439-thread-1] INFO  impl.RaftServerImpl (RaftServerImpl.java:<init>(95)) - dd3fde67-87bd-4513-84e7-60c70261cfa5: new RaftServerImpl for group-55F013BDA091:[dd3fde67-87bd-4513-84e7-60c70261cfa5:192.168.151.114:41987] with ContainerStateMachine:uninitialized
2019-10-10 06:17:59,339 [pool-439-thread-1] INFO  server.RaftServerConfigKeys (ConfUtils.java:logGet(43)) - raft.server.rpc.timeout.min = 5s (custom)
2019-10-10 06:17:59,340 [pool-439-thread-1] INFO  server.RaftServerConfigKeys (ConfUtils.java:logGet(43)) - raft.server.rpc.timeout.max = 5200ms (custom)
2019-10-10 06:17:59,340 [pool-439-thread-1] INFO  server.RaftServerConfigKeys (ConfUtils.java:logGet(43)) - raft.server.rpcslowness.timeout = 120s (custom)
2019-10-10 06:17:59,340 [pool-439-thread-1] INFO  server.RaftServerConfigKeys (ConfUtils.java:logGet(43)) - raft.server.sleep.deviation.threshold = 300 (default)
2019-10-10 06:17:59,340 [pool-439-thread-1] INFO  server.RaftServerConfigKeys (ConfUtils.java:logGet(43)) - raft.server.log.appender.install.snapshot.enabled = false (custom)
2019-10-10 06:17:59,340 [pool-439-thread-1] INFO  impl.RaftServerImpl (ServerState.java:<init>(103)) - dd3fde67-87bd-4513-84e7-60c70261cfa5@group-55F013BDA091: ConfigurationManager, init=-1: [dd3fde67-87bd-4513-84e7-60c70261cfa5:192.168.151.114:41987], old=null, confs=<EMPTY_MAP>
2019-10-10 06:17:59,340 [pool-439-thread-1] INFO  server.RaftServerConfigKeys (ConfUtils.java:logGet(43)) - raft.server.storage.dir = [/workdir/hadoop-ozone/integration-test/target/test-dir/MiniOzoneClusterImpl-6bc00d4f-b58d-47cd-9642-32568dc7b8bd/datanode-3/data/ratis] (custom)
2019-10-10 06:17:59,340 [pool-439-thread-1] INFO  server.RaftServerConfigKeys (ConfUtils.java:logGet(43)) - raft.server.log.corruption.policy = EXCEPTION (default)
2019-10-10 06:17:59,340 [pool-439-thread-1] INFO  storage.RaftStorageDirectory (RaftStorageDirectory.java:analyzeStorage(246)) - The storage directory /workdir/hadoop-ozone/integration-test/target/test-dir/MiniOzoneClusterImpl-6bc00d4f-b58d-47cd-9642-32568dc7b8bd/datanode-3/data/ratis/90c9b4fd-36da-4a14-b0d0-55f013bda091 does not exist. Creating ...
2019-10-10 06:17:59,353 [pool-439-thread-1] INFO  storage.RaftStorageDirectory (RaftStorageDirectory.java:tryLock(328)) - Lock on /workdir/hadoop-ozone/integration-test/target/test-dir/MiniOzoneClusterImpl-6bc00d4f-b58d-47cd-9642-32568dc7b8bd/datanode-3/data/ratis/90c9b4fd-36da-4a14-b0d0-55f013bda091/in_use.lock acquired by nodename 24235@trunk-nightly-20191010-ks672-2217485364
2019-10-10 06:17:59,363 [IPC Server handler 2 on 45001] INFO  net.NetworkTopology (NetworkTopologyImpl.java:add(111)) - Added a new node: /default-rack/8beef434-0a56-4db3-9c13-953f2f7e8f8a
2019-10-10 06:17:59,363 [IPC Server handler 2 on 45001] INFO  node.SCMNodeManager (SCMNodeManager.java:register(268)) - Registered Data node : 8beef434-0a56-4db3-9c13-953f2f7e8f8a{ip: 192.168.151.114, host: trunk-nightly-20191010-ks672-2217485364, networkLocation: /default-rack, certSerialId: null}
2019-10-10 06:17:59,366 [pool-439-thread-1] INFO  storage.RaftStorage (RaftStorage.java:format(84)) - Storage directory /workdir/hadoop-ozone/integration-test/target/test-dir/MiniOzoneClusterImpl-6bc00d4f-b58d-47cd-9642-32568dc7b8bd/datanode-3/data/ratis/90c9b4fd-36da-4a14-b0d0-55f013bda091 has been successfully formatted.
2019-10-10 06:17:59,366 [pool-439-thread-1] INFO  ratis.ContainerStateMachine (ContainerStateMachine.java:loadSnapshot(231)) - group-55F013BDA091: The snapshot info is null. Setting the last applied indexto:(t:0, i:~)
2019-10-10 06:17:59,366 [pool-439-thread-1] INFO  server.RaftServerConfigKeys (ConfUtils.java:logGet(43)) - raft.server.notification.no-leader.timeout = 120s (custom)
2019-10-10 06:17:59,366 [pool-439-thread-1] INFO  server.RaftServerConfigKeys (ConfUtils.java:logGet(43)) - raft.server.log.use.memory = false (default)
2019-10-10 06:17:59,367 [pool-439-thread-1] INFO  server.RaftServerConfigKeys (ConfUtils.java:logGet(43)) - raft.server.log.purge.gap = 1000000 (custom)
2019-10-10 06:17:59,367 [pool-439-thread-1] INFO  server.RaftServerConfigKeys (ConfUtils.java:logGet(43)) - raft.server.log.appender.buffer.byte-limit = 33554432 (custom)
2019-10-10 06:17:59,367 [pool-439-thread-1] INFO  server.RaftServerConfigKeys (ConfUtils.java:logGet(43)) - raft.server.log.segment.size.max = 1048576 (custom)
2019-10-10 06:17:59,368 [pool-439-thread-1] INFO  server.RaftServerConfigKeys (ConfUtils.java:logGet(43)) - raft.server.log.segment.cache.num.max = 2 (custom)
2019-10-10 06:17:59,368 [pool-439-thread-1] INFO  segmented.SegmentedRaftLogWorker (SegmentedRaftLogWorker.java:<init>(173)) - new dd3fde67-87bd-4513-84e7-60c70261cfa5@group-55F013BDA091-SegmentedRaftLogWorker for RaftStorage:Storage Directory /workdir/hadoop-ozone/integration-test/target/test-dir/MiniOzoneClusterImpl-6bc00d4f-b58d-47cd-9642-32568dc7b8bd/datanode-3/data/ratis/90c9b4fd-36da-4a14-b0d0-55f013bda091
2019-10-10 06:17:59,368 [pool-439-thread-1] INFO  server.RaftServerConfigKeys (ConfUtils.java:logGet(43)) - raft.server.log.queue.byte-limit = 2147483647 (custom)
2019-10-10 06:17:59,368 [pool-439-thread-1] INFO  server.RaftServerConfigKeys (ConfUtils.java:logGet(43)) - raft.server.log.queue.element-limit = 1024 (custom)
2019-10-10 06:17:59,368 [pool-439-thread-1] INFO  server.RaftServerConfigKeys (ConfUtils.java:logGet(43)) - raft.server.log.segment.size.max = 1048576 (custom)
2019-10-10 06:17:59,369 [pool-439-thread-1] INFO  server.RaftServerConfigKeys (ConfUtils.java:logGet(43)) - raft.server.log.preallocated.size = 16384 (custom)
2019-10-10 06:17:59,369 [pool-439-thread-1] INFO  server.RaftServerConfigKeys (ConfUtils.java:logGet(43)) - raft.server.log.write.buffer.size = 33554432 (custom)
2019-10-10 06:17:59,369 [pool-439-thread-1] INFO  server.RaftServerConfigKeys (ConfUtils.java:logGet(43)) - raft.server.log.force.sync.num = 128 (default)
2019-10-10 06:17:59,369 [pool-439-thread-1] INFO  server.RaftServerConfigKeys (ConfUtils.java:logGet(43)) - raft.server.log.statemachine.data.sync = true (default)
2019-10-10 06:17:59,369 [pool-439-thread-1] INFO  server.RaftServerConfigKeys (ConfUtils.java:logGet(43)) - raft.server.log.statemachine.data.sync.timeout = 10s (default)
2019-10-10 06:17:59,369 [pool-439-thread-1] INFO  server.RaftServerConfigKeys (ConfUtils.java:logGet(43)) - raft.server.log.statemachine.data.sync.timeout.retry = -1 (default)
2019-10-10 06:17:59,369 [pool-439-thread-1] INFO  server.RaftServerConfigKeys (ConfUtils.java:logGet(43)) - raft.server.log.statemachine.data.caching.enabled = true (custom)
2019-10-10 06:17:59,370 [pool-439-thread-1] INFO  segmented.SegmentedRaftLogWorker (SegmentedRaftLogWorker.java:lambda$new$0(128)) - dd3fde67-87bd-4513-84e7-60c70261cfa5@group-55F013BDA091-SegmentedRaftLogWorker: flushIndex: setUnconditionally 0 -> -1
2019-10-10 06:17:59,370 [pool-439-thread-1] INFO  server.RaftServerConfigKeys (ConfUtils.java:logGet(43)) - raft.server.snapshot.auto.trigger.enabled = true (custom)
2019-10-10 06:17:59,370 [pool-439-thread-1] INFO  server.RaftServerConfigKeys (ConfUtils.java:logGet(43)) - raft.server.snapshot.auto.trigger.threshold = 10000 (custom)
2019-10-10 06:17:59,370 [pool-439-thread-1] INFO  server.RaftServerConfigKeys (ConfUtils.java:logGet(43)) - raft.server.snapshot.retention.file.num = 5 (custom)
2019-10-10 06:17:59,370 [pool-439-thread-1] INFO  server.RaftServerConfigKeys (ConfUtils.java:logGet(43)) - raft.server.retrycache.expirytime = 600000ms (custom)
2019-10-10 06:17:59,371 [pool-439-thread-1] INFO  impl.RaftServerImpl (RaftServerImpl.java:start(181)) - dd3fde67-87bd-4513-84e7-60c70261cfa5@group-55F013BDA091: start as a follower, conf=-1: [dd3fde67-87bd-4513-84e7-60c70261cfa5:192.168.151.114:41987], old=null
2019-10-10 06:17:59,371 [pool-439-thread-1] INFO  impl.RaftServerImpl (RaftServerImpl.java:setRole(170)) - dd3fde67-87bd-4513-84e7-60c70261cfa5@group-55F013BDA091: changes role from      null to FOLLOWER at term 0 for startAsFollower
2019-10-10 06:17:59,371 [pool-439-thread-1] INFO  impl.RoleInfo (RoleInfo.java:updateAndGet(143)) - dd3fde67-87bd-4513-84e7-60c70261cfa5: start FollowerState
2019-10-10 06:17:59,371 [pool-439-thread-1] INFO  util.JmxRegister (JmxRegister.java:tryRegister(44)) - Successfully registered JMX Bean with object name Ratis:service=RaftServer,group=group-55F013BDA091,id=dd3fde67-87bd-4513-84e7-60c70261cfa5
2019-10-10 06:17:59,377 [RatisPipelineUtilsThread] INFO  pipeline.PipelineStateManager (PipelineStateManager.java:addPipeline(56)) - Created pipeline Pipeline[ Id: 90c9b4fd-36da-4a14-b0d0-55f013bda091, Nodes: dd3fde67-87bd-4513-84e7-60c70261cfa5{ip: 192.168.151.114, host: trunk-nightly-20191010-ks672-2217485364, networkLocation: /default-rack, certSerialId: null}, Type:RATIS, Factor:ONE, State:OPEN]
2019-10-10 06:17:59,383 [grpc-default-executor-5] INFO  impl.RaftServerProxy (RaftServerProxy.java:addNew(89)) - 8beef434-0a56-4db3-9c13-953f2f7e8f8a: addNew group-2B2CF8060616:[8beef434-0a56-4db3-9c13-953f2f7e8f8a:192.168.151.114:38390] returns group-2B2CF8060616:java.util.concurrent.CompletableFuture@471a38b7[Not completed]
2019-10-10 06:17:59,385 [pool-449-thread-1] INFO  impl.RaftServerImpl (RaftServerImpl.java:<init>(95)) - 8beef434-0a56-4db3-9c13-953f2f7e8f8a: new RaftServerImpl for group-2B2CF8060616:[8beef434-0a56-4db3-9c13-953f2f7e8f8a:192.168.151.114:38390] with ContainerStateMachine:uninitialized
2019-10-10 06:17:59,385 [pool-449-thread-1] INFO  server.RaftServerConfigKeys (ConfUtils.java:logGet(43)) - raft.server.rpc.timeout.min = 5s (custom)
2019-10-10 06:17:59,385 [pool-449-thread-1] INFO  server.RaftServerConfigKeys (ConfUtils.java:logGet(43)) - raft.server.rpc.timeout.max = 5200ms (custom)
2019-10-10 06:17:59,385 [pool-449-thread-1] INFO  server.RaftServerConfigKeys (ConfUtils.java:logGet(43)) - raft.server.rpcslowness.timeout = 120s (custom)
2019-10-10 06:17:59,385 [pool-449-thread-1] INFO  server.RaftServerConfigKeys (ConfUtils.java:logGet(43)) - raft.server.sleep.deviation.threshold = 300 (default)
2019-10-10 06:17:59,385 [pool-449-thread-1] INFO  server.RaftServerConfigKeys (ConfUtils.java:logGet(43)) - raft.server.log.appender.install.snapshot.enabled = false (custom)
2019-10-10 06:17:59,385 [pool-449-thread-1] INFO  impl.RaftServerImpl (ServerState.java:<init>(103)) - 8beef434-0a56-4db3-9c13-953f2f7e8f8a@group-2B2CF8060616: ConfigurationManager, init=-1: [8beef434-0a56-4db3-9c13-953f2f7e8f8a:192.168.151.114:38390], old=null, confs=<EMPTY_MAP>
2019-10-10 06:17:59,385 [pool-449-thread-1] INFO  server.RaftServerConfigKeys (ConfUtils.java:logGet(43)) - raft.server.storage.dir = [/workdir/hadoop-ozone/integration-test/target/test-dir/MiniOzoneClusterImpl-6bc00d4f-b58d-47cd-9642-32568dc7b8bd/datanode-4/data/ratis] (custom)
2019-10-10 06:17:59,386 [pool-449-thread-1] INFO  server.RaftServerConfigKeys (ConfUtils.java:logGet(43)) - raft.server.log.corruption.policy = EXCEPTION (default)
2019-10-10 06:17:59,386 [pool-449-thread-1] INFO  storage.RaftStorageDirectory (RaftStorageDirectory.java:analyzeStorage(246)) - The storage directory /workdir/hadoop-ozone/integration-test/target/test-dir/MiniOzoneClusterImpl-6bc00d4f-b58d-47cd-9642-32568dc7b8bd/datanode-4/data/ratis/edaba6e4-b634-4145-8038-2b2cf8060616 does not exist. Creating ...
2019-10-10 06:17:59,399 [pool-449-thread-1] INFO  storage.RaftStorageDirectory (RaftStorageDirectory.java:tryLock(328)) - Lock on /workdir/hadoop-ozone/integration-test/target/test-dir/MiniOzoneClusterImpl-6bc00d4f-b58d-47cd-9642-32568dc7b8bd/datanode-4/data/ratis/edaba6e4-b634-4145-8038-2b2cf8060616/in_use.lock acquired by nodename 24235@trunk-nightly-20191010-ks672-2217485364
2019-10-10 06:17:59,412 [pool-449-thread-1] INFO  storage.RaftStorage (RaftStorage.java:format(84)) - Storage directory /workdir/hadoop-ozone/integration-test/target/test-dir/MiniOzoneClusterImpl-6bc00d4f-b58d-47cd-9642-32568dc7b8bd/datanode-4/data/ratis/edaba6e4-b634-4145-8038-2b2cf8060616 has been successfully formatted.
2019-10-10 06:17:59,412 [pool-449-thread-1] INFO  ratis.ContainerStateMachine (ContainerStateMachine.java:loadSnapshot(231)) - group-2B2CF8060616: The snapshot info is null. Setting the last applied indexto:(t:0, i:~)
2019-10-10 06:17:59,412 [pool-449-thread-1] INFO  server.RaftServerConfigKeys (ConfUtils.java:logGet(43)) - raft.server.notification.no-leader.timeout = 120s (custom)
2019-10-10 06:17:59,412 [pool-449-thread-1] INFO  server.RaftServerConfigKeys (ConfUtils.java:logGet(43)) - raft.server.log.use.memory = false (default)
2019-10-10 06:17:59,412 [pool-449-thread-1] INFO  server.RaftServerConfigKeys (ConfUtils.java:logGet(43)) - raft.server.log.purge.gap = 1000000 (custom)
2019-10-10 06:17:59,412 [pool-449-thread-1] INFO  server.RaftServerConfigKeys (ConfUtils.java:logGet(43)) - raft.server.log.appender.buffer.byte-limit = 33554432 (custom)
2019-10-10 06:17:59,412 [pool-449-thread-1] INFO  server.RaftServerConfigKeys (ConfUtils.java:logGet(43)) - raft.server.log.segment.size.max = 1048576 (custom)
2019-10-10 06:17:59,414 [pool-449-thread-1] INFO  server.RaftServerConfigKeys (ConfUtils.java:logGet(43)) - raft.server.log.segment.cache.num.max = 2 (custom)
2019-10-10 06:17:59,414 [pool-449-thread-1] INFO  segmented.SegmentedRaftLogWorker (SegmentedRaftLogWorker.java:<init>(173)) - new 8beef434-0a56-4db3-9c13-953f2f7e8f8a@group-2B2CF8060616-SegmentedRaftLogWorker for RaftStorage:Storage Directory /workdir/hadoop-ozone/integration-test/target/test-dir/MiniOzoneClusterImpl-6bc00d4f-b58d-47cd-9642-32568dc7b8bd/datanode-4/data/ratis/edaba6e4-b634-4145-8038-2b2cf8060616
2019-10-10 06:17:59,414 [pool-449-thread-1] INFO  server.RaftServerConfigKeys (ConfUtils.java:logGet(43)) - raft.server.log.queue.byte-limit = 2147483647 (custom)
2019-10-10 06:17:59,414 [pool-449-thread-1] INFO  server.RaftServerConfigKeys (ConfUtils.java:logGet(43)) - raft.server.log.queue.element-limit = 1024 (custom)
2019-10-10 06:17:59,414 [pool-449-thread-1] INFO  server.RaftServerConfigKeys (ConfUtils.java:logGet(43)) - raft.server.log.segment.size.max = 1048576 (custom)
2019-10-10 06:17:59,414 [pool-449-thread-1] INFO  server.RaftServerConfigKeys (ConfUtils.java:logGet(43)) - raft.server.log.preallocated.size = 16384 (custom)
2019-10-10 06:17:59,414 [pool-449-thread-1] INFO  server.RaftServerConfigKeys (ConfUtils.java:logGet(43)) - raft.server.log.write.buffer.size = 33554432 (custom)
2019-10-10 06:17:59,414 [pool-449-thread-1] INFO  server.RaftServerConfigKeys (ConfUtils.java:logGet(43)) - raft.server.log.force.sync.num = 128 (default)
2019-10-10 06:17:59,414 [pool-449-thread-1] INFO  server.RaftServerConfigKeys (ConfUtils.java:logGet(43)) - raft.server.log.statemachine.data.sync = true (default)
2019-10-10 06:17:59,415 [pool-449-thread-1] INFO  server.RaftServerConfigKeys (ConfUtils.java:logGet(43)) - raft.server.log.statemachine.data.sync.timeout = 10s (default)
2019-10-10 06:17:59,415 [pool-449-thread-1] INFO  server.RaftServerConfigKeys (ConfUtils.java:logGet(43)) - raft.server.log.statemachine.data.sync.timeout.retry = -1 (default)
2019-10-10 06:17:59,415 [pool-449-thread-1] INFO  server.RaftServerConfigKeys (ConfUtils.java:logGet(43)) - raft.server.log.statemachine.data.caching.enabled = true (custom)
2019-10-10 06:17:59,415 [pool-449-thread-1] INFO  segmented.SegmentedRaftLogWorker (SegmentedRaftLogWorker.java:lambda$new$0(128)) - 8beef434-0a56-4db3-9c13-953f2f7e8f8a@group-2B2CF8060616-SegmentedRaftLogWorker: flushIndex: setUnconditionally 0 -> -1
2019-10-10 06:17:59,415 [pool-449-thread-1] INFO  server.RaftServerConfigKeys (ConfUtils.java:logGet(43)) - raft.server.snapshot.auto.trigger.enabled = true (custom)
2019-10-10 06:17:59,415 [pool-449-thread-1] INFO  server.RaftServerConfigKeys (ConfUtils.java:logGet(43)) - raft.server.snapshot.auto.trigger.threshold = 10000 (custom)
2019-10-10 06:17:59,415 [pool-449-thread-1] INFO  server.RaftServerConfigKeys (ConfUtils.java:logGet(43)) - raft.server.snapshot.retention.file.num = 5 (custom)
2019-10-10 06:17:59,416 [pool-449-thread-1] INFO  server.RaftServerConfigKeys (ConfUtils.java:logGet(43)) - raft.server.retrycache.expirytime = 600000ms (custom)
2019-10-10 06:17:59,416 [pool-449-thread-1] INFO  impl.RaftServerImpl (RaftServerImpl.java:start(181)) - 8beef434-0a56-4db3-9c13-953f2f7e8f8a@group-2B2CF8060616: start as a follower, conf=-1: [8beef434-0a56-4db3-9c13-953f2f7e8f8a:192.168.151.114:38390], old=null
2019-10-10 06:17:59,417 [pool-449-thread-1] INFO  impl.RaftServerImpl (RaftServerImpl.java:setRole(170)) - 8beef434-0a56-4db3-9c13-953f2f7e8f8a@group-2B2CF8060616: changes role from      null to FOLLOWER at term 0 for startAsFollower
2019-10-10 06:17:59,417 [pool-449-thread-1] INFO  impl.RoleInfo (RoleInfo.java:updateAndGet(143)) - 8beef434-0a56-4db3-9c13-953f2f7e8f8a: start FollowerState
2019-10-10 06:17:59,417 [pool-449-thread-1] INFO  util.JmxRegister (JmxRegister.java:tryRegister(44)) - Successfully registered JMX Bean with object name Ratis:service=RaftServer,group=group-2B2CF8060616,id=8beef434-0a56-4db3-9c13-953f2f7e8f8a
2019-10-10 06:17:59,423 [RatisPipelineUtilsThread] INFO  pipeline.PipelineStateManager (PipelineStateManager.java:addPipeline(56)) - Created pipeline Pipeline[ Id: edaba6e4-b634-4145-8038-2b2cf8060616, Nodes: 8beef434-0a56-4db3-9c13-953f2f7e8f8a{ip: 192.168.151.114, host: trunk-nightly-20191010-ks672-2217485364, networkLocation: /default-rack, certSerialId: null}, Type:RATIS, Factor:ONE, State:OPEN]
2019-10-10 06:17:59,456 [IPC Server handler 3 on 45001] INFO  net.NetworkTopology (NetworkTopologyImpl.java:add(111)) - Added a new node: /default-rack/fa3523fb-4136-4314-be67-c6c89c32148b
2019-10-10 06:17:59,456 [IPC Server handler 3 on 45001] INFO  node.SCMNodeManager (SCMNodeManager.java:register(268)) - Registered Data node : fa3523fb-4136-4314-be67-c6c89c32148b{ip: 192.168.151.114, host: trunk-nightly-20191010-ks672-2217485364, networkLocation: /default-rack, certSerialId: null}
2019-10-10 06:17:59,462 [grpc-default-executor-5] INFO  impl.RaftServerProxy (RaftServerProxy.java:addNew(89)) - fa3523fb-4136-4314-be67-c6c89c32148b: addNew group-CBE1689D0D01:[fa3523fb-4136-4314-be67-c6c89c32148b:192.168.151.114:42712] returns group-CBE1689D0D01:java.util.concurrent.CompletableFuture@77f0d774[Not completed]
2019-10-10 06:17:59,464 [pool-459-thread-1] INFO  impl.RaftServerImpl (RaftServerImpl.java:<init>(95)) - fa3523fb-4136-4314-be67-c6c89c32148b: new RaftServerImpl for group-CBE1689D0D01:[fa3523fb-4136-4314-be67-c6c89c32148b:192.168.151.114:42712] with ContainerStateMachine:uninitialized
2019-10-10 06:17:59,464 [pool-459-thread-1] INFO  server.RaftServerConfigKeys (ConfUtils.java:logGet(43)) - raft.server.rpc.timeout.min = 5s (custom)
2019-10-10 06:17:59,464 [pool-459-thread-1] INFO  server.RaftServerConfigKeys (ConfUtils.java:logGet(43)) - raft.server.rpc.timeout.max = 5200ms (custom)
2019-10-10 06:17:59,464 [pool-459-thread-1] INFO  server.RaftServerConfigKeys (ConfUtils.java:logGet(43)) - raft.server.rpcslowness.timeout = 120s (custom)
2019-10-10 06:17:59,464 [pool-459-thread-1] INFO  server.RaftServerConfigKeys (ConfUtils.java:logGet(43)) - raft.server.sleep.deviation.threshold = 300 (default)
2019-10-10 06:17:59,464 [pool-459-thread-1] INFO  server.RaftServerConfigKeys (ConfUtils.java:logGet(43)) - raft.server.log.appender.install.snapshot.enabled = false (custom)
2019-10-10 06:17:59,464 [pool-459-thread-1] INFO  impl.RaftServerImpl (ServerState.java:<init>(103)) - fa3523fb-4136-4314-be67-c6c89c32148b@group-CBE1689D0D01: ConfigurationManager, init=-1: [fa3523fb-4136-4314-be67-c6c89c32148b:192.168.151.114:42712], old=null, confs=<EMPTY_MAP>
2019-10-10 06:17:59,464 [pool-459-thread-1] INFO  server.RaftServerConfigKeys (ConfUtils.java:logGet(43)) - raft.server.storage.dir = [/workdir/hadoop-ozone/integration-test/target/test-dir/MiniOzoneClusterImpl-6bc00d4f-b58d-47cd-9642-32568dc7b8bd/datanode-5/data/ratis] (custom)
2019-10-10 06:17:59,465 [pool-459-thread-1] INFO  server.RaftServerConfigKeys (ConfUtils.java:logGet(43)) - raft.server.log.corruption.policy = EXCEPTION (default)
2019-10-10 06:17:59,465 [pool-459-thread-1] INFO  storage.RaftStorageDirectory (RaftStorageDirectory.java:analyzeStorage(246)) - The storage directory /workdir/hadoop-ozone/integration-test/target/test-dir/MiniOzoneClusterImpl-6bc00d4f-b58d-47cd-9642-32568dc7b8bd/datanode-5/data/ratis/947dd558-b32c-433f-a33d-cbe1689d0d01 does not exist. Creating ...
2019-10-10 06:17:59,478 [pool-459-thread-1] INFO  storage.RaftStorageDirectory (RaftStorageDirectory.java:tryLock(328)) - Lock on /workdir/hadoop-ozone/integration-test/target/test-dir/MiniOzoneClusterImpl-6bc00d4f-b58d-47cd-9642-32568dc7b8bd/datanode-5/data/ratis/947dd558-b32c-433f-a33d-cbe1689d0d01/in_use.lock acquired by nodename 24235@trunk-nightly-20191010-ks672-2217485364
2019-10-10 06:17:59,490 [pool-459-thread-1] INFO  storage.RaftStorage (RaftStorage.java:format(84)) - Storage directory /workdir/hadoop-ozone/integration-test/target/test-dir/MiniOzoneClusterImpl-6bc00d4f-b58d-47cd-9642-32568dc7b8bd/datanode-5/data/ratis/947dd558-b32c-433f-a33d-cbe1689d0d01 has been successfully formatted.
2019-10-10 06:17:59,490 [pool-459-thread-1] INFO  ratis.ContainerStateMachine (ContainerStateMachine.java:loadSnapshot(231)) - group-CBE1689D0D01: The snapshot info is null. Setting the last applied indexto:(t:0, i:~)
2019-10-10 06:17:59,490 [pool-459-thread-1] INFO  server.RaftServerConfigKeys (ConfUtils.java:logGet(43)) - raft.server.notification.no-leader.timeout = 120s (custom)
2019-10-10 06:17:59,491 [pool-459-thread-1] INFO  server.RaftServerConfigKeys (ConfUtils.java:logGet(43)) - raft.server.log.use.memory = false (default)
2019-10-10 06:17:59,491 [pool-459-thread-1] INFO  server.RaftServerConfigKeys (ConfUtils.java:logGet(43)) - raft.server.log.purge.gap = 1000000 (custom)
2019-10-10 06:17:59,491 [pool-459-thread-1] INFO  server.RaftServerConfigKeys (ConfUtils.java:logGet(43)) - raft.server.log.appender.buffer.byte-limit = 33554432 (custom)
2019-10-10 06:17:59,491 [pool-459-thread-1] INFO  server.RaftServerConfigKeys (ConfUtils.java:logGet(43)) - raft.server.log.segment.size.max = 1048576 (custom)
2019-10-10 06:17:59,492 [pool-459-thread-1] INFO  server.RaftServerConfigKeys (ConfUtils.java:logGet(43)) - raft.server.log.segment.cache.num.max = 2 (custom)
2019-10-10 06:17:59,492 [pool-459-thread-1] INFO  segmented.SegmentedRaftLogWorker (SegmentedRaftLogWorker.java:<init>(173)) - new fa3523fb-4136-4314-be67-c6c89c32148b@group-CBE1689D0D01-SegmentedRaftLogWorker for RaftStorage:Storage Directory /workdir/hadoop-ozone/integration-test/target/test-dir/MiniOzoneClusterImpl-6bc00d4f-b58d-47cd-9642-32568dc7b8bd/datanode-5/data/ratis/947dd558-b32c-433f-a33d-cbe1689d0d01
2019-10-10 06:17:59,492 [pool-459-thread-1] INFO  server.RaftServerConfigKeys (ConfUtils.java:logGet(43)) - raft.server.log.queue.byte-limit = 2147483647 (custom)
2019-10-10 06:17:59,492 [pool-459-thread-1] INFO  server.RaftServerConfigKeys (ConfUtils.java:logGet(43)) - raft.server.log.queue.element-limit = 1024 (custom)
2019-10-10 06:17:59,493 [pool-459-thread-1] INFO  server.RaftServerConfigKeys (ConfUtils.java:logGet(43)) - raft.server.log.segment.size.max = 1048576 (custom)
2019-10-10 06:17:59,493 [pool-459-thread-1] INFO  server.RaftServerConfigKeys (ConfUtils.java:logGet(43)) - raft.server.log.preallocated.size = 16384 (custom)
2019-10-10 06:17:59,493 [pool-459-thread-1] INFO  server.RaftServerConfigKeys (ConfUtils.java:logGet(43)) - raft.server.log.write.buffer.size = 33554432 (custom)
2019-10-10 06:17:59,493 [pool-459-thread-1] INFO  server.RaftServerConfigKeys (ConfUtils.java:logGet(43)) - raft.server.log.force.sync.num = 128 (default)
2019-10-10 06:17:59,493 [pool-459-thread-1] INFO  server.RaftServerConfigKeys (ConfUtils.java:logGet(43)) - raft.server.log.statemachine.data.sync = true (default)
2019-10-10 06:17:59,493 [pool-459-thread-1] INFO  server.RaftServerConfigKeys (ConfUtils.java:logGet(43)) - raft.server.log.statemachine.data.sync.timeout = 10s (default)
2019-10-10 06:17:59,493 [pool-459-thread-1] INFO  server.RaftServerConfigKeys (ConfUtils.java:logGet(43)) - raft.server.log.statemachine.data.sync.timeout.retry = -1 (default)
2019-10-10 06:17:59,493 [pool-459-thread-1] INFO  server.RaftServerConfigKeys (ConfUtils.java:logGet(43)) - raft.server.log.statemachine.data.caching.enabled = true (custom)
2019-10-10 06:17:59,494 [pool-459-thread-1] INFO  segmented.SegmentedRaftLogWorker (SegmentedRaftLogWorker.java:lambda$new$0(128)) - fa3523fb-4136-4314-be67-c6c89c32148b@group-CBE1689D0D01-SegmentedRaftLogWorker: flushIndex: setUnconditionally 0 -> -1
2019-10-10 06:17:59,494 [pool-459-thread-1] INFO  server.RaftServerConfigKeys (ConfUtils.java:logGet(43)) - raft.server.snapshot.auto.trigger.enabled = true (custom)
2019-10-10 06:17:59,494 [pool-459-thread-1] INFO  server.RaftServerConfigKeys (ConfUtils.java:logGet(43)) - raft.server.snapshot.auto.trigger.threshold = 10000 (custom)
2019-10-10 06:17:59,494 [pool-459-thread-1] INFO  server.RaftServerConfigKeys (ConfUtils.java:logGet(43)) - raft.server.snapshot.retention.file.num = 5 (custom)
2019-10-10 06:17:59,494 [pool-459-thread-1] INFO  server.RaftServerConfigKeys (ConfUtils.java:logGet(43)) - raft.server.retrycache.expirytime = 600000ms (custom)
2019-10-10 06:17:59,495 [pool-459-thread-1] INFO  impl.RaftServerImpl (RaftServerImpl.java:start(181)) - fa3523fb-4136-4314-be67-c6c89c32148b@group-CBE1689D0D01: start as a follower, conf=-1: [fa3523fb-4136-4314-be67-c6c89c32148b:192.168.151.114:42712], old=null
2019-10-10 06:17:59,495 [pool-459-thread-1] INFO  impl.RaftServerImpl (RaftServerImpl.java:setRole(170)) - fa3523fb-4136-4314-be67-c6c89c32148b@group-CBE1689D0D01: changes role from      null to FOLLOWER at term 0 for startAsFollower
2019-10-10 06:17:59,495 [pool-459-thread-1] INFO  impl.RoleInfo (RoleInfo.java:updateAndGet(143)) - fa3523fb-4136-4314-be67-c6c89c32148b: start FollowerState
2019-10-10 06:17:59,496 [pool-459-thread-1] INFO  util.JmxRegister (JmxRegister.java:tryRegister(44)) - Successfully registered JMX Bean with object name Ratis:service=RaftServer,group=group-CBE1689D0D01,id=fa3523fb-4136-4314-be67-c6c89c32148b
2019-10-10 06:17:59,502 [RatisPipelineUtilsThread] INFO  pipeline.PipelineStateManager (PipelineStateManager.java:addPipeline(56)) - Created pipeline Pipeline[ Id: 947dd558-b32c-433f-a33d-cbe1689d0d01, Nodes: fa3523fb-4136-4314-be67-c6c89c32148b{ip: 192.168.151.114, host: trunk-nightly-20191010-ks672-2217485364, networkLocation: /default-rack, certSerialId: null}, Type:RATIS, Factor:ONE, State:OPEN]
2019-10-10 06:17:59,514 [grpc-default-executor-2] INFO  impl.RaftServerProxy (RaftServerProxy.java:addNew(89)) - fa3523fb-4136-4314-be67-c6c89c32148b: addNew group-9DBA14F262C5:[dd3fde67-87bd-4513-84e7-60c70261cfa5:192.168.151.114:41987, 8beef434-0a56-4db3-9c13-953f2f7e8f8a:192.168.151.114:38390, fa3523fb-4136-4314-be67-c6c89c32148b:192.168.151.114:42712] returns group-9DBA14F262C5:java.util.concurrent.CompletableFuture@40937a66[Not completed]
2019-10-10 06:17:59,514 [grpc-default-executor-6] INFO  impl.RaftServerProxy (RaftServerProxy.java:addNew(89)) - dd3fde67-87bd-4513-84e7-60c70261cfa5: addNew group-9DBA14F262C5:[dd3fde67-87bd-4513-84e7-60c70261cfa5:192.168.151.114:41987, 8beef434-0a56-4db3-9c13-953f2f7e8f8a:192.168.151.114:38390, fa3523fb-4136-4314-be67-c6c89c32148b:192.168.151.114:42712] returns group-9DBA14F262C5:java.util.concurrent.CompletableFuture@3949422[Not completed]
2019-10-10 06:17:59,514 [grpc-default-executor-5] INFO  impl.RaftServerProxy (RaftServerProxy.java:addNew(89)) - 8beef434-0a56-4db3-9c13-953f2f7e8f8a: addNew group-9DBA14F262C5:[dd3fde67-87bd-4513-84e7-60c70261cfa5:192.168.151.114:41987, 8beef434-0a56-4db3-9c13-953f2f7e8f8a:192.168.151.114:38390, fa3523fb-4136-4314-be67-c6c89c32148b:192.168.151.114:42712] returns group-9DBA14F262C5:java.util.concurrent.CompletableFuture@5de8c860[Not completed]
2019-10-10 06:17:59,515 [pool-439-thread-1] INFO  impl.RaftServerImpl (RaftServerImpl.java:<init>(95)) - dd3fde67-87bd-4513-84e7-60c70261cfa5: new RaftServerImpl for group-9DBA14F262C5:[dd3fde67-87bd-4513-84e7-60c70261cfa5:192.168.151.114:41987, 8beef434-0a56-4db3-9c13-953f2f7e8f8a:192.168.151.114:38390, fa3523fb-4136-4314-be67-c6c89c32148b:192.168.151.114:42712] with ContainerStateMachine:uninitialized
2019-10-10 06:17:59,515 [pool-439-thread-1] INFO  server.RaftServerConfigKeys (ConfUtils.java:logGet(43)) - raft.server.rpc.timeout.min = 5s (custom)
2019-10-10 06:17:59,515 [pool-439-thread-1] INFO  server.RaftServerConfigKeys (ConfUtils.java:logGet(43)) - raft.server.rpc.timeout.max = 5200ms (custom)
2019-10-10 06:17:59,515 [pool-439-thread-1] INFO  server.RaftServerConfigKeys (ConfUtils.java:logGet(43)) - raft.server.rpcslowness.timeout = 120s (custom)
2019-10-10 06:17:59,515 [pool-439-thread-1] INFO  server.RaftServerConfigKeys (ConfUtils.java:logGet(43)) - raft.server.sleep.deviation.threshold = 300 (default)
2019-10-10 06:17:59,515 [pool-449-thread-1] INFO  impl.RaftServerImpl (RaftServerImpl.java:<init>(95)) - 8beef434-0a56-4db3-9c13-953f2f7e8f8a: new RaftServerImpl for group-9DBA14F262C5:[dd3fde67-87bd-4513-84e7-60c70261cfa5:192.168.151.114:41987, 8beef434-0a56-4db3-9c13-953f2f7e8f8a:192.168.151.114:38390, fa3523fb-4136-4314-be67-c6c89c32148b:192.168.151.114:42712] with ContainerStateMachine:uninitialized
2019-10-10 06:17:59,515 [pool-439-thread-1] INFO  server.RaftServerConfigKeys (ConfUtils.java:logGet(43)) - raft.server.log.appender.install.snapshot.enabled = false (custom)
2019-10-10 06:17:59,516 [pool-449-thread-1] INFO  server.RaftServerConfigKeys (ConfUtils.java:logGet(43)) - raft.server.rpc.timeout.min = 5s (custom)
2019-10-10 06:17:59,516 [pool-439-thread-1] INFO  impl.RaftServerImpl (ServerState.java:<init>(103)) - dd3fde67-87bd-4513-84e7-60c70261cfa5@group-9DBA14F262C5: ConfigurationManager, init=-1: [dd3fde67-87bd-4513-84e7-60c70261cfa5:192.168.151.114:41987, 8beef434-0a56-4db3-9c13-953f2f7e8f8a:192.168.151.114:38390, fa3523fb-4136-4314-be67-c6c89c32148b:192.168.151.114:42712], old=null, confs=<EMPTY_MAP>
2019-10-10 06:17:59,516 [pool-449-thread-1] INFO  server.RaftServerConfigKeys (ConfUtils.java:logGet(43)) - raft.server.rpc.timeout.max = 5200ms (custom)
2019-10-10 06:17:59,516 [pool-459-thread-1] INFO  impl.RaftServerImpl (RaftServerImpl.java:<init>(95)) - fa3523fb-4136-4314-be67-c6c89c32148b: new RaftServerImpl for group-9DBA14F262C5:[dd3fde67-87bd-4513-84e7-60c70261cfa5:192.168.151.114:41987, 8beef434-0a56-4db3-9c13-953f2f7e8f8a:192.168.151.114:38390, fa3523fb-4136-4314-be67-c6c89c32148b:192.168.151.114:42712] with ContainerStateMachine:uninitialized
2019-10-10 06:17:59,516 [pool-439-thread-1] INFO  server.RaftServerConfigKeys (ConfUtils.java:logGet(43)) - raft.server.storage.dir = [/workdir/hadoop-ozone/integration-test/target/test-dir/MiniOzoneClusterImpl-6bc00d4f-b58d-47cd-9642-32568dc7b8bd/datanode-3/data/ratis] (custom)
2019-10-10 06:17:59,516 [pool-459-thread-1] INFO  server.RaftServerConfigKeys (ConfUtils.java:logGet(43)) - raft.server.rpc.timeout.min = 5s (custom)
2019-10-10 06:17:59,516 [pool-449-thread-1] INFO  server.RaftServerConfigKeys (ConfUtils.java:logGet(43)) - raft.server.rpcslowness.timeout = 120s (custom)
2019-10-10 06:17:59,516 [pool-439-thread-1] INFO  server.RaftServerConfigKeys (ConfUtils.java:logGet(43)) - raft.server.log.corruption.policy = EXCEPTION (default)
2019-10-10 06:17:59,516 [pool-459-thread-1] INFO  server.RaftServerConfigKeys (ConfUtils.java:logGet(43)) - raft.server.rpc.timeout.max = 5200ms (custom)
2019-10-10 06:17:59,516 [pool-439-thread-1] INFO  storage.RaftStorageDirectory (RaftStorageDirectory.java:analyzeStorage(246)) - The storage directory /workdir/hadoop-ozone/integration-test/target/test-dir/MiniOzoneClusterImpl-6bc00d4f-b58d-47cd-9642-32568dc7b8bd/datanode-3/data/ratis/84da5307-5bda-498a-872a-9dba14f262c5 does not exist. Creating ...
2019-10-10 06:17:59,516 [pool-449-thread-1] INFO  server.RaftServerConfigKeys (ConfUtils.java:logGet(43)) - raft.server.sleep.deviation.threshold = 300 (default)
2019-10-10 06:17:59,516 [pool-459-thread-1] INFO  server.RaftServerConfigKeys (ConfUtils.java:logGet(43)) - raft.server.rpcslowness.timeout = 120s (custom)
2019-10-10 06:17:59,517 [pool-449-thread-1] INFO  server.RaftServerConfigKeys (ConfUtils.java:logGet(43)) - raft.server.log.appender.install.snapshot.enabled = false (custom)
2019-10-10 06:17:59,517 [pool-459-thread-1] INFO  server.RaftServerConfigKeys (ConfUtils.java:logGet(43)) - raft.server.sleep.deviation.threshold = 300 (default)
2019-10-10 06:17:59,517 [pool-449-thread-1] INFO  impl.RaftServerImpl (ServerState.java:<init>(103)) - 8beef434-0a56-4db3-9c13-953f2f7e8f8a@group-9DBA14F262C5: ConfigurationManager, init=-1: [dd3fde67-87bd-4513-84e7-60c70261cfa5:192.168.151.114:41987, 8beef434-0a56-4db3-9c13-953f2f7e8f8a:192.168.151.114:38390, fa3523fb-4136-4314-be67-c6c89c32148b:192.168.151.114:42712], old=null, confs=<EMPTY_MAP>
2019-10-10 06:17:59,517 [pool-459-thread-1] INFO  server.RaftServerConfigKeys (ConfUtils.java:logGet(43)) - raft.server.log.appender.install.snapshot.enabled = false (custom)
2019-10-10 06:17:59,517 [pool-449-thread-1] INFO  server.RaftServerConfigKeys (ConfUtils.java:logGet(43)) - raft.server.storage.dir = [/workdir/hadoop-ozone/integration-test/target/test-dir/MiniOzoneClusterImpl-6bc00d4f-b58d-47cd-9642-32568dc7b8bd/datanode-4/data/ratis] (custom)
2019-10-10 06:17:59,517 [pool-459-thread-1] INFO  impl.RaftServerImpl (ServerState.java:<init>(103)) - fa3523fb-4136-4314-be67-c6c89c32148b@group-9DBA14F262C5: ConfigurationManager, init=-1: [dd3fde67-87bd-4513-84e7-60c70261cfa5:192.168.151.114:41987, 8beef434-0a56-4db3-9c13-953f2f7e8f8a:192.168.151.114:38390, fa3523fb-4136-4314-be67-c6c89c32148b:192.168.151.114:42712], old=null, confs=<EMPTY_MAP>
2019-10-10 06:17:59,517 [pool-449-thread-1] INFO  server.RaftServerConfigKeys (ConfUtils.java:logGet(43)) - raft.server.log.corruption.policy = EXCEPTION (default)
2019-10-10 06:17:59,517 [pool-459-thread-1] INFO  server.RaftServerConfigKeys (ConfUtils.java:logGet(43)) - raft.server.storage.dir = [/workdir/hadoop-ozone/integration-test/target/test-dir/MiniOzoneClusterImpl-6bc00d4f-b58d-47cd-9642-32568dc7b8bd/datanode-5/data/ratis] (custom)
2019-10-10 06:17:59,517 [pool-449-thread-1] INFO  storage.RaftStorageDirectory (RaftStorageDirectory.java:analyzeStorage(246)) - The storage directory /workdir/hadoop-ozone/integration-test/target/test-dir/MiniOzoneClusterImpl-6bc00d4f-b58d-47cd-9642-32568dc7b8bd/datanode-4/data/ratis/84da5307-5bda-498a-872a-9dba14f262c5 does not exist. Creating ...
2019-10-10 06:17:59,517 [pool-459-thread-1] INFO  server.RaftServerConfigKeys (ConfUtils.java:logGet(43)) - raft.server.log.corruption.policy = EXCEPTION (default)
2019-10-10 06:17:59,518 [pool-459-thread-1] INFO  storage.RaftStorageDirectory (RaftStorageDirectory.java:analyzeStorage(246)) - The storage directory /workdir/hadoop-ozone/integration-test/target/test-dir/MiniOzoneClusterImpl-6bc00d4f-b58d-47cd-9642-32568dc7b8bd/datanode-5/data/ratis/84da5307-5bda-498a-872a-9dba14f262c5 does not exist. Creating ...
2019-10-10 06:17:59,523 [IPC Server handler 4 on 45001] INFO  net.NetworkTopology (NetworkTopologyImpl.java:add(111)) - Added a new node: /default-rack/4890c921-1d4f-4966-ac62-ea3618e6f830
2019-10-10 06:17:59,523 [IPC Server handler 4 on 45001] INFO  node.SCMNodeManager (SCMNodeManager.java:register(268)) - Registered Data node : 4890c921-1d4f-4966-ac62-ea3618e6f830{ip: 192.168.151.114, host: trunk-nightly-20191010-ks672-2217485364, networkLocation: /default-rack, certSerialId: null}
2019-10-10 06:17:59,529 [main] INFO  ozone.MiniOzoneClusterImpl (MiniOzoneClusterImpl.java:lambda$waitForClusterToBeReady$0(147)) - Cluster is ready. Got 7 of 7 DN Heartbeats.
2019-10-10 06:17:59,530 [pool-439-thread-1] INFO  storage.RaftStorageDirectory (RaftStorageDirectory.java:tryLock(328)) - Lock on /workdir/hadoop-ozone/integration-test/target/test-dir/MiniOzoneClusterImpl-6bc00d4f-b58d-47cd-9642-32568dc7b8bd/datanode-3/data/ratis/84da5307-5bda-498a-872a-9dba14f262c5/in_use.lock acquired by nodename 24235@trunk-nightly-20191010-ks672-2217485364
2019-10-10 06:17:59,530 [pool-449-thread-1] INFO  storage.RaftStorageDirectory (RaftStorageDirectory.java:tryLock(328)) - Lock on /workdir/hadoop-ozone/integration-test/target/test-dir/MiniOzoneClusterImpl-6bc00d4f-b58d-47cd-9642-32568dc7b8bd/datanode-4/data/ratis/84da5307-5bda-498a-872a-9dba14f262c5/in_use.lock acquired by nodename 24235@trunk-nightly-20191010-ks672-2217485364
2019-10-10 06:17:59,530 [pool-459-thread-1] INFO  storage.RaftStorageDirectory (RaftStorageDirectory.java:tryLock(328)) - Lock on /workdir/hadoop-ozone/integration-test/target/test-dir/MiniOzoneClusterImpl-6bc00d4f-b58d-47cd-9642-32568dc7b8bd/datanode-5/data/ratis/84da5307-5bda-498a-872a-9dba14f262c5/in_use.lock acquired by nodename 24235@trunk-nightly-20191010-ks672-2217485364
2019-10-10 06:17:59,545 [pool-459-thread-1] INFO  storage.RaftStorage (RaftStorage.java:format(84)) - Storage directory /workdir/hadoop-ozone/integration-test/target/test-dir/MiniOzoneClusterImpl-6bc00d4f-b58d-47cd-9642-32568dc7b8bd/datanode-5/data/ratis/84da5307-5bda-498a-872a-9dba14f262c5 has been successfully formatted.
2019-10-10 06:17:59,545 [pool-449-thread-1] INFO  storage.RaftStorage (RaftStorage.java:format(84)) - Storage directory /workdir/hadoop-ozone/integration-test/target/test-dir/MiniOzoneClusterImpl-6bc00d4f-b58d-47cd-9642-32568dc7b8bd/datanode-4/data/ratis/84da5307-5bda-498a-872a-9dba14f262c5 has been successfully formatted.
2019-10-10 06:17:59,545 [pool-439-thread-1] INFO  storage.RaftStorage (RaftStorage.java:format(84)) - Storage directory /workdir/hadoop-ozone/integration-test/target/test-dir/MiniOzoneClusterImpl-6bc00d4f-b58d-47cd-9642-32568dc7b8bd/datanode-3/data/ratis/84da5307-5bda-498a-872a-9dba14f262c5 has been successfully formatted.
2019-10-10 06:17:59,546 [pool-459-thread-1] INFO  ratis.ContainerStateMachine (ContainerStateMachine.java:loadSnapshot(231)) - group-9DBA14F262C5: The snapshot info is null. Setting the last applied indexto:(t:0, i:~)
2019-10-10 06:17:59,546 [pool-439-thread-1] INFO  ratis.ContainerStateMachine (ContainerStateMachine.java:loadSnapshot(231)) - group-9DBA14F262C5: The snapshot info is null. Setting the last applied indexto:(t:0, i:~)
2019-10-10 06:17:59,546 [pool-459-thread-1] INFO  server.RaftServerConfigKeys (ConfUtils.java:logGet(43)) - raft.server.notification.no-leader.timeout = 120s (custom)
2019-10-10 06:17:59,546 [pool-439-thread-1] INFO  server.RaftServerConfigKeys (ConfUtils.java:logGet(43)) - raft.server.notification.no-leader.timeout = 120s (custom)
2019-10-10 06:17:59,546 [pool-459-thread-1] INFO  server.RaftServerConfigKeys (ConfUtils.java:logGet(43)) - raft.server.log.use.memory = false (default)
2019-10-10 06:17:59,546 [pool-439-thread-1] INFO  server.RaftServerConfigKeys (ConfUtils.java:logGet(43)) - raft.server.log.use.memory = false (default)
2019-10-10 06:17:59,546 [pool-449-thread-1] INFO  ratis.ContainerStateMachine (ContainerStateMachine.java:loadSnapshot(231)) - group-9DBA14F262C5: The snapshot info is null. Setting the last applied indexto:(t:0, i:~)
2019-10-10 06:17:59,546 [pool-459-thread-1] INFO  server.RaftServerConfigKeys (ConfUtils.java:logGet(43)) - raft.server.log.purge.gap = 1000000 (custom)
2019-10-10 06:17:59,546 [pool-449-thread-1] INFO  server.RaftServerConfigKeys (ConfUtils.java:logGet(43)) - raft.server.notification.no-leader.timeout = 120s (custom)
2019-10-10 06:17:59,546 [pool-439-thread-1] INFO  server.RaftServerConfigKeys (ConfUtils.java:logGet(43)) - raft.server.log.purge.gap = 1000000 (custom)
2019-10-10 06:17:59,561 [pool-449-thread-1] INFO  server.RaftServerConfigKeys (ConfUtils.java:logGet(43)) - raft.server.log.use.memory = false (default)
2019-10-10 06:17:59,561 [pool-439-thread-1] INFO  server.RaftServerConfigKeys (ConfUtils.java:logGet(43)) - raft.server.log.appender.buffer.byte-limit = 33554432 (custom)
2019-10-10 06:17:59,551 [pool-459-thread-1] INFO  server.RaftServerConfigKeys (ConfUtils.java:logGet(43)) - raft.server.log.appender.buffer.byte-limit = 33554432 (custom)
2019-10-10 06:17:59,561 [pool-439-thread-1] INFO  server.RaftServerConfigKeys (ConfUtils.java:logGet(43)) - raft.server.log.segment.size.max = 1048576 (custom)
2019-10-10 06:17:59,561 [pool-449-thread-1] INFO  server.RaftServerConfigKeys (ConfUtils.java:logGet(43)) - raft.server.log.purge.gap = 1000000 (custom)
2019-10-10 06:17:59,561 [pool-439-thread-1] INFO  server.RaftServerConfigKeys (ConfUtils.java:logGet(43)) - raft.server.log.segment.cache.num.max = 2 (custom)
2019-10-10 06:17:59,561 [pool-459-thread-1] INFO  server.RaftServerConfigKeys (ConfUtils.java:logGet(43)) - raft.server.log.segment.size.max = 1048576 (custom)
2019-10-10 06:17:59,562 [pool-439-thread-1] INFO  segmented.SegmentedRaftLogWorker (SegmentedRaftLogWorker.java:<init>(173)) - new dd3fde67-87bd-4513-84e7-60c70261cfa5@group-9DBA14F262C5-SegmentedRaftLogWorker for RaftStorage:Storage Directory /workdir/hadoop-ozone/integration-test/target/test-dir/MiniOzoneClusterImpl-6bc00d4f-b58d-47cd-9642-32568dc7b8bd/datanode-3/data/ratis/84da5307-5bda-498a-872a-9dba14f262c5
2019-10-10 06:17:59,561 [pool-449-thread-1] INFO  server.RaftServerConfigKeys (ConfUtils.java:logGet(43)) - raft.server.log.appender.buffer.byte-limit = 33554432 (custom)
2019-10-10 06:17:59,562 [pool-439-thread-1] INFO  server.RaftServerConfigKeys (ConfUtils.java:logGet(43)) - raft.server.log.queue.byte-limit = 2147483647 (custom)
2019-10-10 06:17:59,562 [pool-459-thread-1] INFO  server.RaftServerConfigKeys (ConfUtils.java:logGet(43)) - raft.server.log.segment.cache.num.max = 2 (custom)
2019-10-10 06:17:59,562 [pool-439-thread-1] INFO  server.RaftServerConfigKeys (ConfUtils.java:logGet(43)) - raft.server.log.queue.element-limit = 1024 (custom)
2019-10-10 06:17:59,562 [pool-449-thread-1] INFO  server.RaftServerConfigKeys (ConfUtils.java:logGet(43)) - raft.server.log.segment.size.max = 1048576 (custom)
2019-10-10 06:17:59,562 [pool-439-thread-1] INFO  server.RaftServerConfigKeys (ConfUtils.java:logGet(43)) - raft.server.log.segment.size.max = 1048576 (custom)
2019-10-10 06:17:59,562 [pool-459-thread-1] INFO  segmented.SegmentedRaftLogWorker (SegmentedRaftLogWorker.java:<init>(173)) - new fa3523fb-4136-4314-be67-c6c89c32148b@group-9DBA14F262C5-SegmentedRaftLogWorker for RaftStorage:Storage Directory /workdir/hadoop-ozone/integration-test/target/test-dir/MiniOzoneClusterImpl-6bc00d4f-b58d-47cd-9642-32568dc7b8bd/datanode-5/data/ratis/84da5307-5bda-498a-872a-9dba14f262c5
2019-10-10 06:17:59,562 [pool-439-thread-1] INFO  server.RaftServerConfigKeys (ConfUtils.java:logGet(43)) - raft.server.log.preallocated.size = 16384 (custom)
2019-10-10 06:17:59,562 [pool-449-thread-1] INFO  server.RaftServerConfigKeys (ConfUtils.java:logGet(43)) - raft.server.log.segment.cache.num.max = 2 (custom)
2019-10-10 06:17:59,562 [pool-439-thread-1] INFO  server.RaftServerConfigKeys (ConfUtils.java:logGet(43)) - raft.server.log.write.buffer.size = 33554432 (custom)
2019-10-10 06:17:59,562 [pool-459-thread-1] INFO  server.RaftServerConfigKeys (ConfUtils.java:logGet(43)) - raft.server.log.queue.byte-limit = 2147483647 (custom)
2019-10-10 06:17:59,563 [pool-439-thread-1] INFO  server.RaftServerConfigKeys (ConfUtils.java:logGet(43)) - raft.server.log.force.sync.num = 128 (default)
2019-10-10 06:17:59,563 [pool-449-thread-1] INFO  segmented.SegmentedRaftLogWorker (SegmentedRaftLogWorker.java:<init>(173)) - new 8beef434-0a56-4db3-9c13-953f2f7e8f8a@group-9DBA14F262C5-SegmentedRaftLogWorker for RaftStorage:Storage Directory /workdir/hadoop-ozone/integration-test/target/test-dir/MiniOzoneClusterImpl-6bc00d4f-b58d-47cd-9642-32568dc7b8bd/datanode-4/data/ratis/84da5307-5bda-498a-872a-9dba14f262c5
2019-10-10 06:17:59,563 [pool-439-thread-1] INFO  server.RaftServerConfigKeys (ConfUtils.java:logGet(43)) - raft.server.log.statemachine.data.sync = true (default)
2019-10-10 06:17:59,563 [pool-459-thread-1] INFO  server.RaftServerConfigKeys (ConfUtils.java:logGet(43)) - raft.server.log.queue.element-limit = 1024 (custom)
2019-10-10 06:17:59,563 [pool-439-thread-1] INFO  server.RaftServerConfigKeys (ConfUtils.java:logGet(43)) - raft.server.log.statemachine.data.sync.timeout = 10s (default)
2019-10-10 06:17:59,563 [pool-449-thread-1] INFO  server.RaftServerConfigKeys (ConfUtils.java:logGet(43)) - raft.server.log.queue.byte-limit = 2147483647 (custom)
2019-10-10 06:17:59,565 [pool-439-thread-1] INFO  server.RaftServerConfigKeys (ConfUtils.java:logGet(43)) - raft.server.log.statemachine.data.sync.timeout.retry = -1 (default)
2019-10-10 06:17:59,565 [pool-459-thread-1] INFO  server.RaftServerConfigKeys (ConfUtils.java:logGet(43)) - raft.server.log.segment.size.max = 1048576 (custom)
2019-10-10 06:17:59,566 [pool-439-thread-1] INFO  server.RaftServerConfigKeys (ConfUtils.java:logGet(43)) - raft.server.log.statemachine.data.caching.enabled = true (custom)
2019-10-10 06:17:59,566 [pool-449-thread-1] INFO  server.RaftServerConfigKeys (ConfUtils.java:logGet(43)) - raft.server.log.queue.element-limit = 1024 (custom)
2019-10-10 06:17:59,566 [pool-439-thread-1] INFO  segmented.SegmentedRaftLogWorker (SegmentedRaftLogWorker.java:lambda$new$0(128)) - dd3fde67-87bd-4513-84e7-60c70261cfa5@group-9DBA14F262C5-SegmentedRaftLogWorker: flushIndex: setUnconditionally 0 -> -1
2019-10-10 06:17:59,566 [pool-459-thread-1] INFO  server.RaftServerConfigKeys (ConfUtils.java:logGet(43)) - raft.server.log.preallocated.size = 16384 (custom)
2019-10-10 06:17:59,566 [pool-449-thread-1] INFO  server.RaftServerConfigKeys (ConfUtils.java:logGet(43)) - raft.server.log.segment.size.max = 1048576 (custom)
2019-10-10 06:17:59,566 [pool-459-thread-1] INFO  server.RaftServerConfigKeys (ConfUtils.java:logGet(43)) - raft.server.log.write.buffer.size = 33554432 (custom)
2019-10-10 06:17:59,566 [pool-439-thread-1] INFO  server.RaftServerConfigKeys (ConfUtils.java:logGet(43)) - raft.server.snapshot.auto.trigger.enabled = true (custom)
2019-10-10 06:17:59,566 [pool-459-thread-1] INFO  server.RaftServerConfigKeys (ConfUtils.java:logGet(43)) - raft.server.log.force.sync.num = 128 (default)
2019-10-10 06:17:59,566 [pool-449-thread-1] INFO  server.RaftServerConfigKeys (ConfUtils.java:logGet(43)) - raft.server.log.preallocated.size = 16384 (custom)
2019-10-10 06:17:59,567 [pool-459-thread-1] INFO  server.RaftServerConfigKeys (ConfUtils.java:logGet(43)) - raft.server.log.statemachine.data.sync = true (default)
2019-10-10 06:17:59,567 [pool-439-thread-1] INFO  server.RaftServerConfigKeys (ConfUtils.java:logGet(43)) - raft.server.snapshot.auto.trigger.threshold = 10000 (custom)
2019-10-10 06:17:59,567 [pool-459-thread-1] INFO  server.RaftServerConfigKeys (ConfUtils.java:logGet(43)) - raft.server.log.statemachine.data.sync.timeout = 10s (default)
2019-10-10 06:17:59,567 [pool-449-thread-1] INFO  server.RaftServerConfigKeys (ConfUtils.java:logGet(43)) - raft.server.log.write.buffer.size = 33554432 (custom)
2019-10-10 06:17:59,567 [pool-459-thread-1] INFO  server.RaftServerConfigKeys (ConfUtils.java:logGet(43)) - raft.server.log.statemachine.data.sync.timeout.retry = -1 (default)
2019-10-10 06:17:59,567 [pool-439-thread-1] INFO  server.RaftServerConfigKeys (ConfUtils.java:logGet(43)) - raft.server.snapshot.retention.file.num = 5 (custom)
2019-10-10 06:17:59,567 [pool-459-thread-1] INFO  server.RaftServerConfigKeys (ConfUtils.java:logGet(43)) - raft.server.log.statemachine.data.caching.enabled = true (custom)
2019-10-10 06:17:59,567 [main] INFO  rpc.RpcClient (RpcClient.java:createVolume(272)) - Creating Volume: testblockoutputstream, with jenkins1000 as owner.
2019-10-10 06:17:59,567 [pool-449-thread-1] INFO  server.RaftServerConfigKeys (ConfUtils.java:logGet(43)) - raft.server.log.force.sync.num = 128 (default)
2019-10-10 06:17:59,568 [pool-459-thread-1] INFO  segmented.SegmentedRaftLogWorker (SegmentedRaftLogWorker.java:lambda$new$0(128)) - fa3523fb-4136-4314-be67-c6c89c32148b@group-9DBA14F262C5-SegmentedRaftLogWorker: flushIndex: setUnconditionally 0 -> -1
2019-10-10 06:17:59,567 [pool-439-thread-1] INFO  server.RaftServerConfigKeys (ConfUtils.java:logGet(43)) - raft.server.retrycache.expirytime = 600000ms (custom)
2019-10-10 06:17:59,568 [pool-449-thread-1] INFO  server.RaftServerConfigKeys (ConfUtils.java:logGet(43)) - raft.server.log.statemachine.data.sync = true (default)
2019-10-10 06:17:59,568 [pool-459-thread-1] INFO  server.RaftServerConfigKeys (ConfUtils.java:logGet(43)) - raft.server.snapshot.auto.trigger.enabled = true (custom)
2019-10-10 06:17:59,568 [pool-449-thread-1] INFO  server.RaftServerConfigKeys (ConfUtils.java:logGet(43)) - raft.server.log.statemachine.data.sync.timeout = 10s (default)
2019-10-10 06:17:59,568 [pool-459-thread-1] INFO  server.RaftServerConfigKeys (ConfUtils.java:logGet(43)) - raft.server.snapshot.auto.trigger.threshold = 10000 (custom)
2019-10-10 06:17:59,568 [pool-449-thread-1] INFO  server.RaftServerConfigKeys (ConfUtils.java:logGet(43)) - raft.server.log.statemachine.data.sync.timeout.retry = -1 (default)
2019-10-10 06:17:59,568 [pool-459-thread-1] INFO  server.RaftServerConfigKeys (ConfUtils.java:logGet(43)) - raft.server.snapshot.retention.file.num = 5 (custom)
2019-10-10 06:17:59,569 [pool-449-thread-1] INFO  server.RaftServerConfigKeys (ConfUtils.java:logGet(43)) - raft.server.log.statemachine.data.caching.enabled = true (custom)
2019-10-10 06:17:59,569 [pool-459-thread-1] INFO  server.RaftServerConfigKeys (ConfUtils.java:logGet(43)) - raft.server.retrycache.expirytime = 600000ms (custom)
2019-10-10 06:17:59,569 [pool-449-thread-1] INFO  segmented.SegmentedRaftLogWorker (SegmentedRaftLogWorker.java:lambda$new$0(128)) - 8beef434-0a56-4db3-9c13-953f2f7e8f8a@group-9DBA14F262C5-SegmentedRaftLogWorker: flushIndex: setUnconditionally 0 -> -1
2019-10-10 06:17:59,569 [pool-449-thread-1] INFO  server.RaftServerConfigKeys (ConfUtils.java:logGet(43)) - raft.server.snapshot.auto.trigger.enabled = true (custom)
2019-10-10 06:17:59,569 [pool-449-thread-1] INFO  server.RaftServerConfigKeys (ConfUtils.java:logGet(43)) - raft.server.snapshot.auto.trigger.threshold = 10000 (custom)
2019-10-10 06:17:59,569 [pool-449-thread-1] INFO  server.RaftServerConfigKeys (ConfUtils.java:logGet(43)) - raft.server.snapshot.retention.file.num = 5 (custom)
2019-10-10 06:17:59,569 [pool-439-thread-1] INFO  impl.RaftServerImpl (RaftServerImpl.java:start(181)) - dd3fde67-87bd-4513-84e7-60c70261cfa5@group-9DBA14F262C5: start as a follower, conf=-1: [dd3fde67-87bd-4513-84e7-60c70261cfa5:192.168.151.114:41987, 8beef434-0a56-4db3-9c13-953f2f7e8f8a:192.168.151.114:38390, fa3523fb-4136-4314-be67-c6c89c32148b:192.168.151.114:42712], old=null
2019-10-10 06:17:59,570 [pool-449-thread-1] INFO  server.RaftServerConfigKeys (ConfUtils.java:logGet(43)) - raft.server.retrycache.expirytime = 600000ms (custom)
2019-10-10 06:17:59,570 [pool-439-thread-1] INFO  impl.RaftServerImpl (RaftServerImpl.java:setRole(170)) - dd3fde67-87bd-4513-84e7-60c70261cfa5@group-9DBA14F262C5: changes role from      null to FOLLOWER at term 0 for startAsFollower
2019-10-10 06:17:59,570 [pool-439-thread-1] INFO  impl.RoleInfo (RoleInfo.java:updateAndGet(143)) - dd3fde67-87bd-4513-84e7-60c70261cfa5: start FollowerState
2019-10-10 06:17:59,570 [pool-439-thread-1] INFO  util.JmxRegister (JmxRegister.java:tryRegister(44)) - Successfully registered JMX Bean with object name Ratis:service=RaftServer,group=group-9DBA14F262C5,id=dd3fde67-87bd-4513-84e7-60c70261cfa5
2019-10-10 06:17:59,571 [pool-459-thread-1] INFO  impl.RaftServerImpl (RaftServerImpl.java:start(181)) - fa3523fb-4136-4314-be67-c6c89c32148b@group-9DBA14F262C5: start as a follower, conf=-1: [dd3fde67-87bd-4513-84e7-60c70261cfa5:192.168.151.114:41987, 8beef434-0a56-4db3-9c13-953f2f7e8f8a:192.168.151.114:38390, fa3523fb-4136-4314-be67-c6c89c32148b:192.168.151.114:42712], old=null
2019-10-10 06:17:59,572 [pool-459-thread-1] INFO  impl.RaftServerImpl (RaftServerImpl.java:setRole(170)) - fa3523fb-4136-4314-be67-c6c89c32148b@group-9DBA14F262C5: changes role from      null to FOLLOWER at term 0 for startAsFollower
2019-10-10 06:17:59,572 [pool-459-thread-1] INFO  impl.RoleInfo (RoleInfo.java:updateAndGet(143)) - fa3523fb-4136-4314-be67-c6c89c32148b: start FollowerState
2019-10-10 06:17:59,572 [pool-459-thread-1] INFO  util.JmxRegister (JmxRegister.java:tryRegister(44)) - Successfully registered JMX Bean with object name Ratis:service=RaftServer,group=group-9DBA14F262C5,id=fa3523fb-4136-4314-be67-c6c89c32148b
2019-10-10 06:17:59,572 [pool-449-thread-1] INFO  impl.RaftServerImpl (RaftServerImpl.java:start(181)) - 8beef434-0a56-4db3-9c13-953f2f7e8f8a@group-9DBA14F262C5: start as a follower, conf=-1: [dd3fde67-87bd-4513-84e7-60c70261cfa5:192.168.151.114:41987, 8beef434-0a56-4db3-9c13-953f2f7e8f8a:192.168.151.114:38390, fa3523fb-4136-4314-be67-c6c89c32148b:192.168.151.114:42712], old=null
2019-10-10 06:17:59,572 [pool-449-thread-1] INFO  impl.RaftServerImpl (RaftServerImpl.java:setRole(170)) - 8beef434-0a56-4db3-9c13-953f2f7e8f8a@group-9DBA14F262C5: changes role from      null to FOLLOWER at term 0 for startAsFollower
2019-10-10 06:17:59,573 [pool-449-thread-1] INFO  impl.RoleInfo (RoleInfo.java:updateAndGet(143)) - 8beef434-0a56-4db3-9c13-953f2f7e8f8a: start FollowerState
2019-10-10 06:17:59,573 [pool-449-thread-1] INFO  util.JmxRegister (JmxRegister.java:tryRegister(44)) - Successfully registered JMX Bean with object name Ratis:service=RaftServer,group=group-9DBA14F262C5,id=8beef434-0a56-4db3-9c13-953f2f7e8f8a
2019-10-10 06:17:59,573 [IPC Server handler 1 on 41709] INFO  volume.OMVolumeCreateRequest (OMVolumeCreateRequest.java:validateAndUpdateCache(193)) - created volume:testblockoutputstream for user:jenkins1000
2019-10-10 06:17:59,584 [RatisPipelineUtilsThread] INFO  pipeline.PipelineStateManager (PipelineStateManager.java:addPipeline(56)) - Created pipeline Pipeline[ Id: 84da5307-5bda-498a-872a-9dba14f262c5, Nodes: dd3fde67-87bd-4513-84e7-60c70261cfa5{ip: 192.168.151.114, host: trunk-nightly-20191010-ks672-2217485364, networkLocation: /default-rack, certSerialId: null}8beef434-0a56-4db3-9c13-953f2f7e8f8a{ip: 192.168.151.114, host: trunk-nightly-20191010-ks672-2217485364, networkLocation: /default-rack, certSerialId: null}fa3523fb-4136-4314-be67-c6c89c32148b{ip: 192.168.151.114, host: trunk-nightly-20191010-ks672-2217485364, networkLocation: /default-rack, certSerialId: null}, Type:RATIS, Factor:THREE, State:OPEN]
2019-10-10 06:17:59,605 [main] INFO  rpc.RpcClient (RpcClient.java:createBucket(411)) - Creating Bucket: testblockoutputstream/testblockoutputstream, with Versioning false and Storage Type set to DISK and Encryption set to false 
2019-10-10 06:18:02,068 [Thread-2907] INFO  container.ReplicationManager (ReplicationManager.java:start(162)) - Starting Replication Monitor Thread.
2019-10-10 06:18:02,082 [ReplicationMonitor] INFO  container.ReplicationManager (ReplicationManager.java:run(225)) - Replication Monitor Thread took 0 milliseconds for processing 1 containers.
2019-10-10 06:18:04,138 [Thread-2909] INFO  impl.FollowerState (FollowerState.java:run(108)) - ee11eac9-f371-4dd3-b030-44ee70c0a8bc@group-6D2CB0E0C380-FollowerState: change to CANDIDATE, lastRpcTime:5004ms, electionTimeout:5004ms
2019-10-10 06:18:04,140 [Thread-2909] INFO  impl.RoleInfo (RoleInfo.java:shutdownFollowerState(121)) - ee11eac9-f371-4dd3-b030-44ee70c0a8bc: shutdown FollowerState
2019-10-10 06:18:04,141 [Thread-2909] INFO  impl.RaftServerImpl (RaftServerImpl.java:setRole(170)) - ee11eac9-f371-4dd3-b030-44ee70c0a8bc@group-6D2CB0E0C380: changes role from  FOLLOWER to CANDIDATE at term 0 for changeToCandidate
2019-10-10 06:18:04,141 [Thread-2909] INFO  impl.RoleInfo (RoleInfo.java:updateAndGet(143)) - ee11eac9-f371-4dd3-b030-44ee70c0a8bc: start LeaderElection
2019-10-10 06:18:04,160 [ee11eac9-f371-4dd3-b030-44ee70c0a8bc@group-6D2CB0E0C380-LeaderElection58] INFO  impl.LeaderElection (LeaderElection.java:askForVotes(178)) - ee11eac9-f371-4dd3-b030-44ee70c0a8bc@group-6D2CB0E0C380-LeaderElection58: begin an election at term 1 for -1: [ee11eac9-f371-4dd3-b030-44ee70c0a8bc:192.168.151.114:46288], old=null
2019-10-10 06:18:04,161 [ee11eac9-f371-4dd3-b030-44ee70c0a8bc@group-6D2CB0E0C380-LeaderElection58] INFO  impl.RoleInfo (RoleInfo.java:shutdownLeaderElection(134)) - ee11eac9-f371-4dd3-b030-44ee70c0a8bc: shutdown LeaderElection
2019-10-10 06:18:04,161 [ee11eac9-f371-4dd3-b030-44ee70c0a8bc@group-6D2CB0E0C380-LeaderElection58] INFO  impl.RaftServerImpl (RaftServerImpl.java:setRole(170)) - ee11eac9-f371-4dd3-b030-44ee70c0a8bc@group-6D2CB0E0C380: changes role from CANDIDATE to LEADER at term 1 for changeToLeader
2019-10-10 06:18:04,161 [ee11eac9-f371-4dd3-b030-44ee70c0a8bc@group-6D2CB0E0C380-LeaderElection58] INFO  impl.RaftServerImpl (ServerState.java:setLeader(255)) - ee11eac9-f371-4dd3-b030-44ee70c0a8bc@group-6D2CB0E0C380: change Leader from null to ee11eac9-f371-4dd3-b030-44ee70c0a8bc at term 1 for becomeLeader, leader elected after 5036ms
2019-10-10 06:18:04,161 [ee11eac9-f371-4dd3-b030-44ee70c0a8bc@group-6D2CB0E0C380-LeaderElection58] INFO  server.RaftServerConfigKeys (ConfUtils.java:logGet(43)) - raft.server.staging.catchup.gap = 1000 (default)
2019-10-10 06:18:04,162 [ee11eac9-f371-4dd3-b030-44ee70c0a8bc@group-6D2CB0E0C380-LeaderElection58] INFO  server.RaftServerConfigKeys (ConfUtils.java:logGet(43)) - raft.server.rpc.sleep.time = 25ms (default)
2019-10-10 06:18:04,162 [ee11eac9-f371-4dd3-b030-44ee70c0a8bc@group-6D2CB0E0C380-LeaderElection58] INFO  server.RaftServerConfigKeys (ConfUtils.java:logGet(43)) - raft.server.write.element-limit = 4096 (default)
2019-10-10 06:18:04,162 [ee11eac9-f371-4dd3-b030-44ee70c0a8bc@group-6D2CB0E0C380-LeaderElection58] INFO  server.RaftServerConfigKeys (ConfUtils.java:logGet(43)) - raft.server.watch.timeout = 10s (default)
2019-10-10 06:18:04,162 [ee11eac9-f371-4dd3-b030-44ee70c0a8bc@group-6D2CB0E0C380-LeaderElection58] INFO  server.RaftServerConfigKeys (ConfUtils.java:logGet(43)) - raft.server.watch.timeout.denomination = 1s (default)
2019-10-10 06:18:04,163 [ee11eac9-f371-4dd3-b030-44ee70c0a8bc@group-6D2CB0E0C380-LeaderElection58] INFO  server.RaftServerConfigKeys (ConfUtils.java:logGet(43)) - raft.server.watch.element-limit = 65536 (default)
2019-10-10 06:18:04,167 [ee11eac9-f371-4dd3-b030-44ee70c0a8bc@group-6D2CB0E0C380-LeaderElection58] INFO  impl.RoleInfo (RoleInfo.java:updateAndGet(143)) - ee11eac9-f371-4dd3-b030-44ee70c0a8bc: start LeaderState
2019-10-10 06:18:04,167 [ee11eac9-f371-4dd3-b030-44ee70c0a8bc@group-6D2CB0E0C380-LeaderElection58] INFO  segmented.SegmentedRaftLogWorker (SegmentedRaftLogWorker.java:startLogSegment(385)) - ee11eac9-f371-4dd3-b030-44ee70c0a8bc@group-6D2CB0E0C380-SegmentedRaftLogWorker: Starting segment from index:0
2019-10-10 06:18:04,168 [ee11eac9-f371-4dd3-b030-44ee70c0a8bc@group-6D2CB0E0C380-LeaderElection58] INFO  impl.RaftServerImpl (ServerState.java:setRaftConf(356)) - ee11eac9-f371-4dd3-b030-44ee70c0a8bc@group-6D2CB0E0C380: set configuration 0: [ee11eac9-f371-4dd3-b030-44ee70c0a8bc:192.168.151.114:46288], old=null at 0
2019-10-10 06:18:04,215 [ee11eac9-f371-4dd3-b030-44ee70c0a8bc@group-6D2CB0E0C380-SegmentedRaftLogWorker] INFO  segmented.SegmentedRaftLogWorker (SegmentedRaftLogWorker.java:execute(574)) - ee11eac9-f371-4dd3-b030-44ee70c0a8bc@group-6D2CB0E0C380-SegmentedRaftLogWorker: created new log segment /workdir/hadoop-ozone/integration-test/target/test-dir/MiniOzoneClusterImpl-6bc00d4f-b58d-47cd-9642-32568dc7b8bd/datanode-0/data/ratis/ef4e43d1-8fae-4bb6-8a82-6d2cb0e0c380/current/log_inprogress_0
2019-10-10 06:18:04,233 [Thread-2912] INFO  impl.FollowerState (FollowerState.java:run(108)) - 11dfb04e-6810-4238-9e4b-3a7ed7d1a168@group-6F7F119D4D81-FollowerState: change to CANDIDATE, lastRpcTime:5048ms, electionTimeout:5048ms
2019-10-10 06:18:04,233 [Thread-2912] INFO  impl.RoleInfo (RoleInfo.java:shutdownFollowerState(121)) - 11dfb04e-6810-4238-9e4b-3a7ed7d1a168: shutdown FollowerState
2019-10-10 06:18:04,233 [Thread-2912] INFO  impl.RaftServerImpl (RaftServerImpl.java:setRole(170)) - 11dfb04e-6810-4238-9e4b-3a7ed7d1a168@group-6F7F119D4D81: changes role from  FOLLOWER to CANDIDATE at term 0 for changeToCandidate
2019-10-10 06:18:04,233 [Thread-2912] INFO  impl.RoleInfo (RoleInfo.java:updateAndGet(143)) - 11dfb04e-6810-4238-9e4b-3a7ed7d1a168: start LeaderElection
2019-10-10 06:18:04,240 [11dfb04e-6810-4238-9e4b-3a7ed7d1a168@group-6F7F119D4D81-LeaderElection59] INFO  impl.LeaderElection (LeaderElection.java:askForVotes(178)) - 11dfb04e-6810-4238-9e4b-3a7ed7d1a168@group-6F7F119D4D81-LeaderElection59: begin an election at term 1 for -1: [11dfb04e-6810-4238-9e4b-3a7ed7d1a168:192.168.151.114:43463], old=null
2019-10-10 06:18:04,240 [11dfb04e-6810-4238-9e4b-3a7ed7d1a168@group-6F7F119D4D81-LeaderElection59] INFO  impl.RoleInfo (RoleInfo.java:shutdownLeaderElection(134)) - 11dfb04e-6810-4238-9e4b-3a7ed7d1a168: shutdown LeaderElection
2019-10-10 06:18:04,241 [11dfb04e-6810-4238-9e4b-3a7ed7d1a168@group-6F7F119D4D81-LeaderElection59] INFO  impl.RaftServerImpl (RaftServerImpl.java:setRole(170)) - 11dfb04e-6810-4238-9e4b-3a7ed7d1a168@group-6F7F119D4D81: changes role from CANDIDATE to LEADER at term 1 for changeToLeader
2019-10-10 06:18:04,241 [11dfb04e-6810-4238-9e4b-3a7ed7d1a168@group-6F7F119D4D81-LeaderElection59] INFO  impl.RaftServerImpl (ServerState.java:setLeader(255)) - 11dfb04e-6810-4238-9e4b-3a7ed7d1a168@group-6F7F119D4D81: change Leader from null to 11dfb04e-6810-4238-9e4b-3a7ed7d1a168 at term 1 for becomeLeader, leader elected after 5062ms
2019-10-10 06:18:04,241 [11dfb04e-6810-4238-9e4b-3a7ed7d1a168@group-6F7F119D4D81-LeaderElection59] INFO  server.RaftServerConfigKeys (ConfUtils.java:logGet(43)) - raft.server.staging.catchup.gap = 1000 (default)
2019-10-10 06:18:04,241 [11dfb04e-6810-4238-9e4b-3a7ed7d1a168@group-6F7F119D4D81-LeaderElection59] INFO  server.RaftServerConfigKeys (ConfUtils.java:logGet(43)) - raft.server.rpc.sleep.time = 25ms (default)
2019-10-10 06:18:04,241 [11dfb04e-6810-4238-9e4b-3a7ed7d1a168@group-6F7F119D4D81-LeaderElection59] INFO  server.RaftServerConfigKeys (ConfUtils.java:logGet(43)) - raft.server.write.element-limit = 4096 (default)
2019-10-10 06:18:04,241 [11dfb04e-6810-4238-9e4b-3a7ed7d1a168@group-6F7F119D4D81-LeaderElection59] INFO  server.RaftServerConfigKeys (ConfUtils.java:logGet(43)) - raft.server.watch.timeout = 10s (default)
2019-10-10 06:18:04,242 [11dfb04e-6810-4238-9e4b-3a7ed7d1a168@group-6F7F119D4D81-LeaderElection59] INFO  server.RaftServerConfigKeys (ConfUtils.java:logGet(43)) - raft.server.watch.timeout.denomination = 1s (default)
2019-10-10 06:18:04,242 [11dfb04e-6810-4238-9e4b-3a7ed7d1a168@group-6F7F119D4D81-LeaderElection59] INFO  server.RaftServerConfigKeys (ConfUtils.java:logGet(43)) - raft.server.watch.element-limit = 65536 (default)
2019-10-10 06:18:04,244 [11dfb04e-6810-4238-9e4b-3a7ed7d1a168@group-6F7F119D4D81-LeaderElection59] INFO  impl.RoleInfo (RoleInfo.java:updateAndGet(143)) - 11dfb04e-6810-4238-9e4b-3a7ed7d1a168: start LeaderState
2019-10-10 06:18:04,244 [11dfb04e-6810-4238-9e4b-3a7ed7d1a168@group-6F7F119D4D81-LeaderElection59] INFO  segmented.SegmentedRaftLogWorker (SegmentedRaftLogWorker.java:startLogSegment(385)) - 11dfb04e-6810-4238-9e4b-3a7ed7d1a168@group-6F7F119D4D81-SegmentedRaftLogWorker: Starting segment from index:0
2019-10-10 06:18:04,245 [11dfb04e-6810-4238-9e4b-3a7ed7d1a168@group-6F7F119D4D81-LeaderElection59] INFO  impl.RaftServerImpl (ServerState.java:setRaftConf(356)) - 11dfb04e-6810-4238-9e4b-3a7ed7d1a168@group-6F7F119D4D81: set configuration 0: [11dfb04e-6810-4238-9e4b-3a7ed7d1a168:192.168.151.114:43463], old=null at 0
2019-10-10 06:18:04,292 [11dfb04e-6810-4238-9e4b-3a7ed7d1a168@group-6F7F119D4D81-SegmentedRaftLogWorker] INFO  segmented.SegmentedRaftLogWorker (SegmentedRaftLogWorker.java:execute(574)) - 11dfb04e-6810-4238-9e4b-3a7ed7d1a168@group-6F7F119D4D81-SegmentedRaftLogWorker: created new log segment /workdir/hadoop-ozone/integration-test/target/test-dir/MiniOzoneClusterImpl-6bc00d4f-b58d-47cd-9642-32568dc7b8bd/datanode-1/data/ratis/f5959f3f-9e92-4d8f-97b1-6f7f119d4d81/current/log_inprogress_0
2019-10-10 06:18:04,327 [Thread-2915] INFO  impl.FollowerState (FollowerState.java:run(108)) - 8d53fe72-945b-4c61-a61e-89d5ee983bd1@group-DFD46BE66E25-FollowerState: change to CANDIDATE, lastRpcTime:5093ms, electionTimeout:5093ms
2019-10-10 06:18:04,327 [Thread-2915] INFO  impl.RoleInfo (RoleInfo.java:shutdownFollowerState(121)) - 8d53fe72-945b-4c61-a61e-89d5ee983bd1: shutdown FollowerState
2019-10-10 06:18:04,328 [Thread-2915] INFO  impl.RaftServerImpl (RaftServerImpl.java:setRole(170)) - 8d53fe72-945b-4c61-a61e-89d5ee983bd1@group-DFD46BE66E25: changes role from  FOLLOWER to CANDIDATE at term 0 for changeToCandidate
2019-10-10 06:18:04,328 [Thread-2915] INFO  impl.RoleInfo (RoleInfo.java:updateAndGet(143)) - 8d53fe72-945b-4c61-a61e-89d5ee983bd1: start LeaderElection
2019-10-10 06:18:04,336 [8d53fe72-945b-4c61-a61e-89d5ee983bd1@group-DFD46BE66E25-LeaderElection60] INFO  impl.LeaderElection (LeaderElection.java:askForVotes(178)) - 8d53fe72-945b-4c61-a61e-89d5ee983bd1@group-DFD46BE66E25-LeaderElection60: begin an election at term 1 for -1: [8d53fe72-945b-4c61-a61e-89d5ee983bd1:192.168.151.114:44418], old=null
2019-10-10 06:18:04,336 [8d53fe72-945b-4c61-a61e-89d5ee983bd1@group-DFD46BE66E25-LeaderElection60] INFO  impl.RoleInfo (RoleInfo.java:shutdownLeaderElection(134)) - 8d53fe72-945b-4c61-a61e-89d5ee983bd1: shutdown LeaderElection
2019-10-10 06:18:04,336 [8d53fe72-945b-4c61-a61e-89d5ee983bd1@group-DFD46BE66E25-LeaderElection60] INFO  impl.RaftServerImpl (RaftServerImpl.java:setRole(170)) - 8d53fe72-945b-4c61-a61e-89d5ee983bd1@group-DFD46BE66E25: changes role from CANDIDATE to LEADER at term 1 for changeToLeader
2019-10-10 06:18:04,337 [8d53fe72-945b-4c61-a61e-89d5ee983bd1@group-DFD46BE66E25-LeaderElection60] INFO  impl.RaftServerImpl (ServerState.java:setLeader(255)) - 8d53fe72-945b-4c61-a61e-89d5ee983bd1@group-DFD46BE66E25: change Leader from null to 8d53fe72-945b-4c61-a61e-89d5ee983bd1 at term 1 for becomeLeader, leader elected after 5110ms
2019-10-10 06:18:04,337 [8d53fe72-945b-4c61-a61e-89d5ee983bd1@group-DFD46BE66E25-LeaderElection60] INFO  server.RaftServerConfigKeys (ConfUtils.java:logGet(43)) - raft.server.staging.catchup.gap = 1000 (default)
2019-10-10 06:18:04,337 [8d53fe72-945b-4c61-a61e-89d5ee983bd1@group-DFD46BE66E25-LeaderElection60] INFO  server.RaftServerConfigKeys (ConfUtils.java:logGet(43)) - raft.server.rpc.sleep.time = 25ms (default)
2019-10-10 06:18:04,337 [8d53fe72-945b-4c61-a61e-89d5ee983bd1@group-DFD46BE66E25-LeaderElection60] INFO  server.RaftServerConfigKeys (ConfUtils.java:logGet(43)) - raft.server.write.element-limit = 4096 (default)
2019-10-10 06:18:04,337 [8d53fe72-945b-4c61-a61e-89d5ee983bd1@group-DFD46BE66E25-LeaderElection60] INFO  server.RaftServerConfigKeys (ConfUtils.java:logGet(43)) - raft.server.watch.timeout = 10s (default)
2019-10-10 06:18:04,338 [8d53fe72-945b-4c61-a61e-89d5ee983bd1@group-DFD46BE66E25-LeaderElection60] INFO  server.RaftServerConfigKeys (ConfUtils.java:logGet(43)) - raft.server.watch.timeout.denomination = 1s (default)
2019-10-10 06:18:04,338 [8d53fe72-945b-4c61-a61e-89d5ee983bd1@group-DFD46BE66E25-LeaderElection60] INFO  server.RaftServerConfigKeys (ConfUtils.java:logGet(43)) - raft.server.watch.element-limit = 65536 (default)
2019-10-10 06:18:04,340 [8d53fe72-945b-4c61-a61e-89d5ee983bd1@group-DFD46BE66E25-LeaderElection60] INFO  impl.RoleInfo (RoleInfo.java:updateAndGet(143)) - 8d53fe72-945b-4c61-a61e-89d5ee983bd1: start LeaderState
2019-10-10 06:18:04,340 [8d53fe72-945b-4c61-a61e-89d5ee983bd1@group-DFD46BE66E25-LeaderElection60] INFO  segmented.SegmentedRaftLogWorker (SegmentedRaftLogWorker.java:startLogSegment(385)) - 8d53fe72-945b-4c61-a61e-89d5ee983bd1@group-DFD46BE66E25-SegmentedRaftLogWorker: Starting segment from index:0
2019-10-10 06:18:04,341 [8d53fe72-945b-4c61-a61e-89d5ee983bd1@group-DFD46BE66E25-LeaderElection60] INFO  impl.RaftServerImpl (ServerState.java:setRaftConf(356)) - 8d53fe72-945b-4c61-a61e-89d5ee983bd1@group-DFD46BE66E25: set configuration 0: [8d53fe72-945b-4c61-a61e-89d5ee983bd1:192.168.151.114:44418], old=null at 0
2019-10-10 06:18:04,391 [8d53fe72-945b-4c61-a61e-89d5ee983bd1@group-DFD46BE66E25-SegmentedRaftLogWorker] INFO  segmented.SegmentedRaftLogWorker (SegmentedRaftLogWorker.java:execute(574)) - 8d53fe72-945b-4c61-a61e-89d5ee983bd1@group-DFD46BE66E25-SegmentedRaftLogWorker: created new log segment /workdir/hadoop-ozone/integration-test/target/test-dir/MiniOzoneClusterImpl-6bc00d4f-b58d-47cd-9642-32568dc7b8bd/datanode-2/data/ratis/fb4aa8fc-0bdb-44c0-9f76-dfd46be66e25/current/log_inprogress_0
2019-10-10 06:18:04,425 [Thread-2918] INFO  impl.FollowerState (FollowerState.java:run(108)) - 11dfb04e-6810-4238-9e4b-3a7ed7d1a168@group-65FC8AD9E3F6-FollowerState: change to CANDIDATE, lastRpcTime:5124ms, electionTimeout:5124ms
2019-10-10 06:18:04,426 [Thread-2918] INFO  impl.RoleInfo (RoleInfo.java:shutdownFollowerState(121)) - 11dfb04e-6810-4238-9e4b-3a7ed7d1a168: shutdown FollowerState
2019-10-10 06:18:04,426 [Thread-2918] INFO  impl.RaftServerImpl (RaftServerImpl.java:setRole(170)) - 11dfb04e-6810-4238-9e4b-3a7ed7d1a168@group-65FC8AD9E3F6: changes role from  FOLLOWER to CANDIDATE at term 0 for changeToCandidate
2019-10-10 06:18:04,426 [Thread-2918] INFO  impl.RoleInfo (RoleInfo.java:updateAndGet(143)) - 11dfb04e-6810-4238-9e4b-3a7ed7d1a168: start LeaderElection
2019-10-10 06:18:04,433 [11dfb04e-6810-4238-9e4b-3a7ed7d1a168@group-65FC8AD9E3F6-LeaderElection61] INFO  impl.LeaderElection (LeaderElection.java:askForVotes(178)) - 11dfb04e-6810-4238-9e4b-3a7ed7d1a168@group-65FC8AD9E3F6-LeaderElection61: begin an election at term 1 for -1: [ee11eac9-f371-4dd3-b030-44ee70c0a8bc:192.168.151.114:46288, 11dfb04e-6810-4238-9e4b-3a7ed7d1a168:192.168.151.114:43463, 8d53fe72-945b-4c61-a61e-89d5ee983bd1:192.168.151.114:44418], old=null
2019-10-10 06:18:04,437 [grpc-default-executor-6] INFO  impl.RaftServerImpl (RaftServerImpl.java:setRole(170)) - ee11eac9-f371-4dd3-b030-44ee70c0a8bc@group-65FC8AD9E3F6: changes role from  FOLLOWER to FOLLOWER at term 1 for recognizeCandidate:11dfb04e-6810-4238-9e4b-3a7ed7d1a168
2019-10-10 06:18:04,437 [grpc-default-executor-5] INFO  impl.RaftServerImpl (RaftServerImpl.java:setRole(170)) - 8d53fe72-945b-4c61-a61e-89d5ee983bd1@group-65FC8AD9E3F6: changes role from  FOLLOWER to FOLLOWER at term 1 for recognizeCandidate:11dfb04e-6810-4238-9e4b-3a7ed7d1a168
2019-10-10 06:18:04,438 [grpc-default-executor-6] INFO  impl.RoleInfo (RoleInfo.java:shutdownFollowerState(121)) - ee11eac9-f371-4dd3-b030-44ee70c0a8bc: shutdown FollowerState
2019-10-10 06:18:04,438 [grpc-default-executor-5] INFO  impl.RoleInfo (RoleInfo.java:shutdownFollowerState(121)) - 8d53fe72-945b-4c61-a61e-89d5ee983bd1: shutdown FollowerState
2019-10-10 06:18:04,438 [Thread-2923] INFO  impl.FollowerState (FollowerState.java:run(117)) - ee11eac9-f371-4dd3-b030-44ee70c0a8bc@group-65FC8AD9E3F6-FollowerState was interrupted: java.lang.InterruptedException: sleep interrupted
2019-10-10 06:18:04,438 [grpc-default-executor-6] INFO  impl.RoleInfo (RoleInfo.java:updateAndGet(143)) - ee11eac9-f371-4dd3-b030-44ee70c0a8bc: start FollowerState
2019-10-10 06:18:04,439 [Thread-2921] INFO  impl.FollowerState (FollowerState.java:run(117)) - 8d53fe72-945b-4c61-a61e-89d5ee983bd1@group-65FC8AD9E3F6-FollowerState was interrupted: java.lang.InterruptedException: sleep interrupted
2019-10-10 06:18:04,438 [grpc-default-executor-5] INFO  impl.RoleInfo (RoleInfo.java:updateAndGet(143)) - 8d53fe72-945b-4c61-a61e-89d5ee983bd1: start FollowerState
2019-10-10 06:18:04,460 [11dfb04e-6810-4238-9e4b-3a7ed7d1a168@group-65FC8AD9E3F6-LeaderElection61] INFO  impl.LeaderElection (LeaderElection.java:logAndReturn(56)) - 11dfb04e-6810-4238-9e4b-3a7ed7d1a168@group-65FC8AD9E3F6-LeaderElection61: Election PASSED; received 1 response(s) [11dfb04e-6810-4238-9e4b-3a7ed7d1a168<-8d53fe72-945b-4c61-a61e-89d5ee983bd1#0:OK-t1] and 0 exception(s); 11dfb04e-6810-4238-9e4b-3a7ed7d1a168@group-65FC8AD9E3F6:t1, leader=null, voted=11dfb04e-6810-4238-9e4b-3a7ed7d1a168, raftlog=11dfb04e-6810-4238-9e4b-3a7ed7d1a168@group-65FC8AD9E3F6-SegmentedRaftLog:OPENED:c-1,f-1,i0, conf=-1: [ee11eac9-f371-4dd3-b030-44ee70c0a8bc:192.168.151.114:46288, 11dfb04e-6810-4238-9e4b-3a7ed7d1a168:192.168.151.114:43463, 8d53fe72-945b-4c61-a61e-89d5ee983bd1:192.168.151.114:44418], old=null
2019-10-10 06:18:04,460 [11dfb04e-6810-4238-9e4b-3a7ed7d1a168@group-65FC8AD9E3F6-LeaderElection61] INFO  impl.RoleInfo (RoleInfo.java:shutdownLeaderElection(134)) - 11dfb04e-6810-4238-9e4b-3a7ed7d1a168: shutdown LeaderElection
2019-10-10 06:18:04,460 [11dfb04e-6810-4238-9e4b-3a7ed7d1a168@group-65FC8AD9E3F6-LeaderElection61] INFO  impl.RaftServerImpl (RaftServerImpl.java:setRole(170)) - 11dfb04e-6810-4238-9e4b-3a7ed7d1a168@group-65FC8AD9E3F6: changes role from CANDIDATE to LEADER at term 1 for changeToLeader
2019-10-10 06:18:04,461 [11dfb04e-6810-4238-9e4b-3a7ed7d1a168@group-65FC8AD9E3F6-LeaderElection61] INFO  impl.RaftServerImpl (ServerState.java:setLeader(255)) - 11dfb04e-6810-4238-9e4b-3a7ed7d1a168@group-65FC8AD9E3F6: change Leader from null to 11dfb04e-6810-4238-9e4b-3a7ed7d1a168 at term 1 for becomeLeader, leader elected after 5168ms
2019-10-10 06:18:04,461 [11dfb04e-6810-4238-9e4b-3a7ed7d1a168@group-65FC8AD9E3F6-LeaderElection61] INFO  server.RaftServerConfigKeys (ConfUtils.java:logGet(43)) - raft.server.staging.catchup.gap = 1000 (default)
2019-10-10 06:18:04,461 [11dfb04e-6810-4238-9e4b-3a7ed7d1a168@group-65FC8AD9E3F6-LeaderElection61] INFO  server.RaftServerConfigKeys (ConfUtils.java:logGet(43)) - raft.server.rpc.sleep.time = 25ms (default)
2019-10-10 06:18:04,461 [11dfb04e-6810-4238-9e4b-3a7ed7d1a168@group-65FC8AD9E3F6-LeaderElection61] INFO  server.RaftServerConfigKeys (ConfUtils.java:logGet(43)) - raft.server.write.element-limit = 4096 (default)
2019-10-10 06:18:04,461 [11dfb04e-6810-4238-9e4b-3a7ed7d1a168@group-65FC8AD9E3F6-LeaderElection61] INFO  server.RaftServerConfigKeys (ConfUtils.java:logGet(43)) - raft.server.watch.timeout = 10s (default)
2019-10-10 06:18:04,461 [11dfb04e-6810-4238-9e4b-3a7ed7d1a168@group-65FC8AD9E3F6-LeaderElection61] INFO  server.RaftServerConfigKeys (ConfUtils.java:logGet(43)) - raft.server.watch.timeout.denomination = 1s (default)
2019-10-10 06:18:04,461 [11dfb04e-6810-4238-9e4b-3a7ed7d1a168@group-65FC8AD9E3F6-LeaderElection61] INFO  server.RaftServerConfigKeys (ConfUtils.java:logGet(43)) - raft.server.watch.element-limit = 65536 (default)
2019-10-10 06:18:04,462 [Thread-2927] INFO  impl.FollowerState (FollowerState.java:run(108)) - dd3fde67-87bd-4513-84e7-60c70261cfa5@group-55F013BDA091-FollowerState: change to CANDIDATE, lastRpcTime:5090ms, electionTimeout:5090ms
2019-10-10 06:18:04,465 [Thread-2927] INFO  impl.RoleInfo (RoleInfo.java:shutdownFollowerState(121)) - dd3fde67-87bd-4513-84e7-60c70261cfa5: shutdown FollowerState
2019-10-10 06:18:04,465 [Thread-2927] INFO  impl.RaftServerImpl (RaftServerImpl.java:setRole(170)) - dd3fde67-87bd-4513-84e7-60c70261cfa5@group-55F013BDA091: changes role from  FOLLOWER to CANDIDATE at term 0 for changeToCandidate
2019-10-10 06:18:04,465 [Thread-2927] INFO  impl.RoleInfo (RoleInfo.java:updateAndGet(143)) - dd3fde67-87bd-4513-84e7-60c70261cfa5: start LeaderElection
2019-10-10 06:18:04,469 [11dfb04e-6810-4238-9e4b-3a7ed7d1a168@group-65FC8AD9E3F6-LeaderElection61] INFO  server.RaftServerConfigKeys (ConfUtils.java:logGet(43)) - raft.server.log.appender.snapshot.chunk.size.max = 16MB (=16777216) (default)
2019-10-10 06:18:04,469 [11dfb04e-6810-4238-9e4b-3a7ed7d1a168@group-65FC8AD9E3F6-LeaderElection61] INFO  server.RaftServerConfigKeys (ConfUtils.java:logGet(43)) - raft.server.log.appender.buffer.byte-limit = 33554432 (custom)
2019-10-10 06:18:04,470 [11dfb04e-6810-4238-9e4b-3a7ed7d1a168@group-65FC8AD9E3F6-LeaderElection61] INFO  server.RaftServerConfigKeys (ConfUtils.java:logGet(43)) - raft.server.log.appender.buffer.element-limit = 1 (custom)
2019-10-10 06:18:04,470 [11dfb04e-6810-4238-9e4b-3a7ed7d1a168@group-65FC8AD9E3F6-LeaderElection61] INFO  grpc.GrpcConfigKeys$Server (ConfUtils.java:logGet(43)) - raft.grpc.server.leader.outstanding.appends.max = 128 (default)
2019-10-10 06:18:04,470 [11dfb04e-6810-4238-9e4b-3a7ed7d1a168@group-65FC8AD9E3F6-LeaderElection61] INFO  server.RaftServerConfigKeys (ConfUtils.java:logGet(43)) - raft.server.rpc.request.timeout = 3000ms (default)
2019-10-10 06:18:04,470 [11dfb04e-6810-4238-9e4b-3a7ed7d1a168@group-65FC8AD9E3F6-LeaderElection61] INFO  server.RaftServerConfigKeys (ConfUtils.java:logGet(43)) - raft.server.log.appender.install.snapshot.enabled = false (custom)
2019-10-10 06:18:04,471 [11dfb04e-6810-4238-9e4b-3a7ed7d1a168@group-65FC8AD9E3F6-LeaderElection61] INFO  server.RaftServerConfigKeys (ConfUtils.java:logGet(43)) - raft.server.log.appender.snapshot.chunk.size.max = 16MB (=16777216) (default)
2019-10-10 06:18:04,471 [11dfb04e-6810-4238-9e4b-3a7ed7d1a168@group-65FC8AD9E3F6-LeaderElection61] INFO  server.RaftServerConfigKeys (ConfUtils.java:logGet(43)) - raft.server.log.appender.buffer.byte-limit = 33554432 (custom)
2019-10-10 06:18:04,471 [11dfb04e-6810-4238-9e4b-3a7ed7d1a168@group-65FC8AD9E3F6-LeaderElection61] INFO  server.RaftServerConfigKeys (ConfUtils.java:logGet(43)) - raft.server.log.appender.buffer.element-limit = 1 (custom)
2019-10-10 06:18:04,471 [11dfb04e-6810-4238-9e4b-3a7ed7d1a168@group-65FC8AD9E3F6-LeaderElection61] INFO  grpc.GrpcConfigKeys$Server (ConfUtils.java:logGet(43)) - raft.grpc.server.leader.outstanding.appends.max = 128 (default)
2019-10-10 06:18:04,471 [11dfb04e-6810-4238-9e4b-3a7ed7d1a168@group-65FC8AD9E3F6-LeaderElection61] INFO  server.RaftServerConfigKeys (ConfUtils.java:logGet(43)) - raft.server.rpc.request.timeout = 3000ms (default)
2019-10-10 06:18:04,472 [11dfb04e-6810-4238-9e4b-3a7ed7d1a168@group-65FC8AD9E3F6-LeaderElection61] INFO  server.RaftServerConfigKeys (ConfUtils.java:logGet(43)) - raft.server.log.appender.install.snapshot.enabled = false (custom)
2019-10-10 06:18:04,472 [11dfb04e-6810-4238-9e4b-3a7ed7d1a168@group-65FC8AD9E3F6-LeaderElection61] INFO  impl.RoleInfo (RoleInfo.java:updateAndGet(143)) - 11dfb04e-6810-4238-9e4b-3a7ed7d1a168: start LeaderState
2019-10-10 06:18:04,472 [11dfb04e-6810-4238-9e4b-3a7ed7d1a168@group-65FC8AD9E3F6-LeaderElection61] INFO  segmented.SegmentedRaftLogWorker (SegmentedRaftLogWorker.java:startLogSegment(385)) - 11dfb04e-6810-4238-9e4b-3a7ed7d1a168@group-65FC8AD9E3F6-SegmentedRaftLogWorker: Starting segment from index:0
2019-10-10 06:18:04,473 [11dfb04e-6810-4238-9e4b-3a7ed7d1a168@group-65FC8AD9E3F6-LeaderElection61] INFO  impl.RaftServerImpl (ServerState.java:setRaftConf(356)) - 11dfb04e-6810-4238-9e4b-3a7ed7d1a168@group-65FC8AD9E3F6: set configuration 0: [ee11eac9-f371-4dd3-b030-44ee70c0a8bc:192.168.151.114:46288, 11dfb04e-6810-4238-9e4b-3a7ed7d1a168:192.168.151.114:43463, 8d53fe72-945b-4c61-a61e-89d5ee983bd1:192.168.151.114:44418], old=null at 0
2019-10-10 06:18:04,530 [grpc-default-executor-6] INFO  impl.RaftServerImpl (ServerState.java:setLeader(255)) - 8d53fe72-945b-4c61-a61e-89d5ee983bd1@group-65FC8AD9E3F6: change Leader from null to 11dfb04e-6810-4238-9e4b-3a7ed7d1a168 at term 1 for appendEntries, leader elected after 5234ms
2019-10-10 06:18:04,531 [dd3fde67-87bd-4513-84e7-60c70261cfa5@group-55F013BDA091-LeaderElection62] INFO  impl.LeaderElection (LeaderElection.java:askForVotes(178)) - dd3fde67-87bd-4513-84e7-60c70261cfa5@group-55F013BDA091-LeaderElection62: begin an election at term 1 for -1: [dd3fde67-87bd-4513-84e7-60c70261cfa5:192.168.151.114:41987], old=null
2019-10-10 06:18:04,534 [dd3fde67-87bd-4513-84e7-60c70261cfa5@group-55F013BDA091-LeaderElection62] INFO  impl.RoleInfo (RoleInfo.java:shutdownLeaderElection(134)) - dd3fde67-87bd-4513-84e7-60c70261cfa5: shutdown LeaderElection
2019-10-10 06:18:04,534 [dd3fde67-87bd-4513-84e7-60c70261cfa5@group-55F013BDA091-LeaderElection62] INFO  impl.RaftServerImpl (RaftServerImpl.java:setRole(170)) - dd3fde67-87bd-4513-84e7-60c70261cfa5@group-55F013BDA091: changes role from CANDIDATE to LEADER at term 1 for changeToLeader
2019-10-10 06:18:04,535 [grpc-default-executor-6] INFO  impl.RaftServerImpl (ServerState.java:setLeader(255)) - ee11eac9-f371-4dd3-b030-44ee70c0a8bc@group-65FC8AD9E3F6: change Leader from null to 11dfb04e-6810-4238-9e4b-3a7ed7d1a168 at term 1 for appendEntries, leader elected after 5242ms
2019-10-10 06:18:04,535 [dd3fde67-87bd-4513-84e7-60c70261cfa5@group-55F013BDA091-LeaderElection62] INFO  impl.RaftServerImpl (ServerState.java:setLeader(255)) - dd3fde67-87bd-4513-84e7-60c70261cfa5@group-55F013BDA091: change Leader from null to dd3fde67-87bd-4513-84e7-60c70261cfa5 at term 1 for becomeLeader, leader elected after 5168ms
2019-10-10 06:18:04,535 [dd3fde67-87bd-4513-84e7-60c70261cfa5@group-55F013BDA091-LeaderElection62] INFO  server.RaftServerConfigKeys (ConfUtils.java:logGet(43)) - raft.server.staging.catchup.gap = 1000 (default)
2019-10-10 06:18:04,538 [dd3fde67-87bd-4513-84e7-60c70261cfa5@group-55F013BDA091-LeaderElection62] INFO  server.RaftServerConfigKeys (ConfUtils.java:logGet(43)) - raft.server.rpc.sleep.time = 25ms (default)
2019-10-10 06:18:04,538 [dd3fde67-87bd-4513-84e7-60c70261cfa5@group-55F013BDA091-LeaderElection62] INFO  server.RaftServerConfigKeys (ConfUtils.java:logGet(43)) - raft.server.write.element-limit = 4096 (default)
2019-10-10 06:18:04,539 [dd3fde67-87bd-4513-84e7-60c70261cfa5@group-55F013BDA091-LeaderElection62] INFO  server.RaftServerConfigKeys (ConfUtils.java:logGet(43)) - raft.server.watch.timeout = 10s (default)
2019-10-10 06:18:04,539 [dd3fde67-87bd-4513-84e7-60c70261cfa5@group-55F013BDA091-LeaderElection62] INFO  server.RaftServerConfigKeys (ConfUtils.java:logGet(43)) - raft.server.watch.timeout.denomination = 1s (default)
2019-10-10 06:18:04,539 [dd3fde67-87bd-4513-84e7-60c70261cfa5@group-55F013BDA091-LeaderElection62] INFO  server.RaftServerConfigKeys (ConfUtils.java:logGet(43)) - raft.server.watch.element-limit = 65536 (default)
2019-10-10 06:18:04,539 [grpc-default-executor-6] INFO  impl.RaftServerImpl (ServerState.java:setRaftConf(356)) - 8d53fe72-945b-4c61-a61e-89d5ee983bd1@group-65FC8AD9E3F6: set configuration 0: [ee11eac9-f371-4dd3-b030-44ee70c0a8bc:192.168.151.114:46288, 11dfb04e-6810-4238-9e4b-3a7ed7d1a168:192.168.151.114:43463, 8d53fe72-945b-4c61-a61e-89d5ee983bd1:192.168.151.114:44418], old=null at 0
2019-10-10 06:18:04,540 [grpc-default-executor-6] INFO  segmented.SegmentedRaftLogWorker (SegmentedRaftLogWorker.java:startLogSegment(385)) - 8d53fe72-945b-4c61-a61e-89d5ee983bd1@group-65FC8AD9E3F6-SegmentedRaftLogWorker: Starting segment from index:0
2019-10-10 06:18:04,540 [grpc-default-executor-5] INFO  impl.RaftServerImpl (ServerState.java:setRaftConf(356)) - ee11eac9-f371-4dd3-b030-44ee70c0a8bc@group-65FC8AD9E3F6: set configuration 0: [ee11eac9-f371-4dd3-b030-44ee70c0a8bc:192.168.151.114:46288, 11dfb04e-6810-4238-9e4b-3a7ed7d1a168:192.168.151.114:43463, 8d53fe72-945b-4c61-a61e-89d5ee983bd1:192.168.151.114:44418], old=null at 0
2019-10-10 06:18:04,540 [grpc-default-executor-5] INFO  segmented.SegmentedRaftLogWorker (SegmentedRaftLogWorker.java:startLogSegment(385)) - ee11eac9-f371-4dd3-b030-44ee70c0a8bc@group-65FC8AD9E3F6-SegmentedRaftLogWorker: Starting segment from index:0
2019-10-10 06:18:04,541 [dd3fde67-87bd-4513-84e7-60c70261cfa5@group-55F013BDA091-LeaderElection62] INFO  impl.RoleInfo (RoleInfo.java:updateAndGet(143)) - dd3fde67-87bd-4513-84e7-60c70261cfa5: start LeaderState
2019-10-10 06:18:04,541 [dd3fde67-87bd-4513-84e7-60c70261cfa5@group-55F013BDA091-LeaderElection62] INFO  segmented.SegmentedRaftLogWorker (SegmentedRaftLogWorker.java:startLogSegment(385)) - dd3fde67-87bd-4513-84e7-60c70261cfa5@group-55F013BDA091-SegmentedRaftLogWorker: Starting segment from index:0
2019-10-10 06:18:04,542 [dd3fde67-87bd-4513-84e7-60c70261cfa5@group-55F013BDA091-LeaderElection62] INFO  impl.RaftServerImpl (ServerState.java:setRaftConf(356)) - dd3fde67-87bd-4513-84e7-60c70261cfa5@group-55F013BDA091: set configuration 0: [dd3fde67-87bd-4513-84e7-60c70261cfa5:192.168.151.114:41987], old=null at 0
2019-10-10 06:18:04,580 [11dfb04e-6810-4238-9e4b-3a7ed7d1a168@group-65FC8AD9E3F6-SegmentedRaftLogWorker] INFO  segmented.SegmentedRaftLogWorker (SegmentedRaftLogWorker.java:execute(574)) - 11dfb04e-6810-4238-9e4b-3a7ed7d1a168@group-65FC8AD9E3F6-SegmentedRaftLogWorker: created new log segment /workdir/hadoop-ozone/integration-test/target/test-dir/MiniOzoneClusterImpl-6bc00d4f-b58d-47cd-9642-32568dc7b8bd/datanode-1/data/ratis/87e74914-41f6-467a-bc50-65fc8ad9e3f6/current/log_inprogress_0
2019-10-10 06:18:04,592 [ee11eac9-f371-4dd3-b030-44ee70c0a8bc@group-65FC8AD9E3F6-SegmentedRaftLogWorker] INFO  segmented.SegmentedRaftLogWorker (SegmentedRaftLogWorker.java:execute(574)) - ee11eac9-f371-4dd3-b030-44ee70c0a8bc@group-65FC8AD9E3F6-SegmentedRaftLogWorker: created new log segment /workdir/hadoop-ozone/integration-test/target/test-dir/MiniOzoneClusterImpl-6bc00d4f-b58d-47cd-9642-32568dc7b8bd/datanode-0/data/ratis/87e74914-41f6-467a-bc50-65fc8ad9e3f6/current/log_inprogress_0
2019-10-10 06:18:04,592 [8d53fe72-945b-4c61-a61e-89d5ee983bd1@group-65FC8AD9E3F6-SegmentedRaftLogWorker] INFO  segmented.SegmentedRaftLogWorker (SegmentedRaftLogWorker.java:execute(574)) - 8d53fe72-945b-4c61-a61e-89d5ee983bd1@group-65FC8AD9E3F6-SegmentedRaftLogWorker: created new log segment /workdir/hadoop-ozone/integration-test/target/test-dir/MiniOzoneClusterImpl-6bc00d4f-b58d-47cd-9642-32568dc7b8bd/datanode-2/data/ratis/87e74914-41f6-467a-bc50-65fc8ad9e3f6/current/log_inprogress_0
2019-10-10 06:18:04,609 [Thread-2933] INFO  impl.FollowerState (FollowerState.java:run(108)) - fa3523fb-4136-4314-be67-c6c89c32148b@group-CBE1689D0D01-FollowerState: change to CANDIDATE, lastRpcTime:5113ms, electionTimeout:5113ms
2019-10-10 06:18:04,609 [Thread-2933] INFO  impl.RoleInfo (RoleInfo.java:shutdownFollowerState(121)) - fa3523fb-4136-4314-be67-c6c89c32148b: shutdown FollowerState
2019-10-10 06:18:04,609 [Thread-2933] INFO  impl.RaftServerImpl (RaftServerImpl.java:setRole(170)) - fa3523fb-4136-4314-be67-c6c89c32148b@group-CBE1689D0D01: changes role from  FOLLOWER to CANDIDATE at term 0 for changeToCandidate
2019-10-10 06:18:04,609 [Thread-2933] INFO  impl.RoleInfo (RoleInfo.java:updateAndGet(143)) - fa3523fb-4136-4314-be67-c6c89c32148b: start LeaderElection
2019-10-10 06:18:04,617 [Thread-2930] INFO  impl.FollowerState (FollowerState.java:run(108)) - 8beef434-0a56-4db3-9c13-953f2f7e8f8a@group-2B2CF8060616-FollowerState: change to CANDIDATE, lastRpcTime:5200ms, electionTimeout:5197ms
2019-10-10 06:18:04,617 [Thread-2930] INFO  impl.RoleInfo (RoleInfo.java:shutdownFollowerState(121)) - 8beef434-0a56-4db3-9c13-953f2f7e8f8a: shutdown FollowerState
2019-10-10 06:18:04,618 [Thread-2930] INFO  impl.RaftServerImpl (RaftServerImpl.java:setRole(170)) - 8beef434-0a56-4db3-9c13-953f2f7e8f8a@group-2B2CF8060616: changes role from  FOLLOWER to CANDIDATE at term 0 for changeToCandidate
2019-10-10 06:18:04,618 [Thread-2930] INFO  impl.RoleInfo (RoleInfo.java:updateAndGet(143)) - 8beef434-0a56-4db3-9c13-953f2f7e8f8a: start LeaderElection
2019-10-10 06:18:04,630 [dd3fde67-87bd-4513-84e7-60c70261cfa5@group-55F013BDA091-SegmentedRaftLogWorker] INFO  segmented.SegmentedRaftLogWorker (SegmentedRaftLogWorker.java:execute(574)) - dd3fde67-87bd-4513-84e7-60c70261cfa5@group-55F013BDA091-SegmentedRaftLogWorker: created new log segment /workdir/hadoop-ozone/integration-test/target/test-dir/MiniOzoneClusterImpl-6bc00d4f-b58d-47cd-9642-32568dc7b8bd/datanode-3/data/ratis/90c9b4fd-36da-4a14-b0d0-55f013bda091/current/log_inprogress_0
2019-10-10 06:18:04,630 [8beef434-0a56-4db3-9c13-953f2f7e8f8a@group-2B2CF8060616-LeaderElection64] INFO  impl.LeaderElection (LeaderElection.java:askForVotes(178)) - 8beef434-0a56-4db3-9c13-953f2f7e8f8a@group-2B2CF8060616-LeaderElection64: begin an election at term 1 for -1: [8beef434-0a56-4db3-9c13-953f2f7e8f8a:192.168.151.114:38390], old=null
2019-10-10 06:18:04,630 [fa3523fb-4136-4314-be67-c6c89c32148b@group-CBE1689D0D01-LeaderElection63] INFO  impl.LeaderElection (LeaderElection.java:askForVotes(178)) - fa3523fb-4136-4314-be67-c6c89c32148b@group-CBE1689D0D01-LeaderElection63: begin an election at term 1 for -1: [fa3523fb-4136-4314-be67-c6c89c32148b:192.168.151.114:42712], old=null
2019-10-10 06:18:04,630 [8beef434-0a56-4db3-9c13-953f2f7e8f8a@group-2B2CF8060616-LeaderElection64] INFO  impl.RoleInfo (RoleInfo.java:shutdownLeaderElection(134)) - 8beef434-0a56-4db3-9c13-953f2f7e8f8a: shutdown LeaderElection
2019-10-10 06:18:04,630 [fa3523fb-4136-4314-be67-c6c89c32148b@group-CBE1689D0D01-LeaderElection63] INFO  impl.RoleInfo (RoleInfo.java:shutdownLeaderElection(134)) - fa3523fb-4136-4314-be67-c6c89c32148b: shutdown LeaderElection
2019-10-10 06:18:04,631 [fa3523fb-4136-4314-be67-c6c89c32148b@group-CBE1689D0D01-LeaderElection63] INFO  impl.RaftServerImpl (RaftServerImpl.java:setRole(170)) - fa3523fb-4136-4314-be67-c6c89c32148b@group-CBE1689D0D01: changes role from CANDIDATE to LEADER at term 1 for changeToLeader
2019-10-10 06:18:04,631 [fa3523fb-4136-4314-be67-c6c89c32148b@group-CBE1689D0D01-LeaderElection63] INFO  impl.RaftServerImpl (ServerState.java:setLeader(255)) - fa3523fb-4136-4314-be67-c6c89c32148b@group-CBE1689D0D01: change Leader from null to fa3523fb-4136-4314-be67-c6c89c32148b at term 1 for becomeLeader, leader elected after 5140ms
2019-10-10 06:18:04,631 [fa3523fb-4136-4314-be67-c6c89c32148b@group-CBE1689D0D01-LeaderElection63] INFO  server.RaftServerConfigKeys (ConfUtils.java:logGet(43)) - raft.server.staging.catchup.gap = 1000 (default)
2019-10-10 06:18:04,631 [fa3523fb-4136-4314-be67-c6c89c32148b@group-CBE1689D0D01-LeaderElection63] INFO  server.RaftServerConfigKeys (ConfUtils.java:logGet(43)) - raft.server.rpc.sleep.time = 25ms (default)
2019-10-10 06:18:04,631 [fa3523fb-4136-4314-be67-c6c89c32148b@group-CBE1689D0D01-LeaderElection63] INFO  server.RaftServerConfigKeys (ConfUtils.java:logGet(43)) - raft.server.write.element-limit = 4096 (default)
2019-10-10 06:18:04,632 [fa3523fb-4136-4314-be67-c6c89c32148b@group-CBE1689D0D01-LeaderElection63] INFO  server.RaftServerConfigKeys (ConfUtils.java:logGet(43)) - raft.server.watch.timeout = 10s (default)
2019-10-10 06:18:04,632 [fa3523fb-4136-4314-be67-c6c89c32148b@group-CBE1689D0D01-LeaderElection63] INFO  server.RaftServerConfigKeys (ConfUtils.java:logGet(43)) - raft.server.watch.timeout.denomination = 1s (default)
2019-10-10 06:18:04,632 [fa3523fb-4136-4314-be67-c6c89c32148b@group-CBE1689D0D01-LeaderElection63] INFO  server.RaftServerConfigKeys (ConfUtils.java:logGet(43)) - raft.server.watch.element-limit = 65536 (default)
2019-10-10 06:18:04,630 [8beef434-0a56-4db3-9c13-953f2f7e8f8a@group-2B2CF8060616-LeaderElection64] INFO  impl.RaftServerImpl (RaftServerImpl.java:setRole(170)) - 8beef434-0a56-4db3-9c13-953f2f7e8f8a@group-2B2CF8060616: changes role from CANDIDATE to LEADER at term 1 for changeToLeader
2019-10-10 06:18:04,633 [8beef434-0a56-4db3-9c13-953f2f7e8f8a@group-2B2CF8060616-LeaderElection64] INFO  impl.RaftServerImpl (ServerState.java:setLeader(255)) - 8beef434-0a56-4db3-9c13-953f2f7e8f8a@group-2B2CF8060616: change Leader from null to 8beef434-0a56-4db3-9c13-953f2f7e8f8a at term 1 for becomeLeader, leader elected after 5221ms
2019-10-10 06:18:04,634 [8beef434-0a56-4db3-9c13-953f2f7e8f8a@group-2B2CF8060616-LeaderElection64] INFO  server.RaftServerConfigKeys (ConfUtils.java:logGet(43)) - raft.server.staging.catchup.gap = 1000 (default)
2019-10-10 06:18:04,634 [8beef434-0a56-4db3-9c13-953f2f7e8f8a@group-2B2CF8060616-LeaderElection64] INFO  server.RaftServerConfigKeys (ConfUtils.java:logGet(43)) - raft.server.rpc.sleep.time = 25ms (default)
2019-10-10 06:18:04,634 [8beef434-0a56-4db3-9c13-953f2f7e8f8a@group-2B2CF8060616-LeaderElection64] INFO  server.RaftServerConfigKeys (ConfUtils.java:logGet(43)) - raft.server.write.element-limit = 4096 (default)
2019-10-10 06:18:04,634 [8beef434-0a56-4db3-9c13-953f2f7e8f8a@group-2B2CF8060616-LeaderElection64] INFO  server.RaftServerConfigKeys (ConfUtils.java:logGet(43)) - raft.server.watch.timeout = 10s (default)
2019-10-10 06:18:04,635 [8beef434-0a56-4db3-9c13-953f2f7e8f8a@group-2B2CF8060616-LeaderElection64] INFO  server.RaftServerConfigKeys (ConfUtils.java:logGet(43)) - raft.server.watch.timeout.denomination = 1s (default)
2019-10-10 06:18:04,635 [8beef434-0a56-4db3-9c13-953f2f7e8f8a@group-2B2CF8060616-LeaderElection64] INFO  server.RaftServerConfigKeys (ConfUtils.java:logGet(43)) - raft.server.watch.element-limit = 65536 (default)
2019-10-10 06:18:04,635 [fa3523fb-4136-4314-be67-c6c89c32148b@group-CBE1689D0D01-LeaderElection63] INFO  impl.RoleInfo (RoleInfo.java:updateAndGet(143)) - fa3523fb-4136-4314-be67-c6c89c32148b: start LeaderState
2019-10-10 06:18:04,635 [fa3523fb-4136-4314-be67-c6c89c32148b@group-CBE1689D0D01-LeaderElection63] INFO  segmented.SegmentedRaftLogWorker (SegmentedRaftLogWorker.java:startLogSegment(385)) - fa3523fb-4136-4314-be67-c6c89c32148b@group-CBE1689D0D01-SegmentedRaftLogWorker: Starting segment from index:0
2019-10-10 06:18:04,636 [fa3523fb-4136-4314-be67-c6c89c32148b@group-CBE1689D0D01-LeaderElection63] INFO  impl.RaftServerImpl (ServerState.java:setRaftConf(356)) - fa3523fb-4136-4314-be67-c6c89c32148b@group-CBE1689D0D01: set configuration 0: [fa3523fb-4136-4314-be67-c6c89c32148b:192.168.151.114:42712], old=null at 0
2019-10-10 06:18:04,672 [Thread-2942] INFO  impl.FollowerState (FollowerState.java:run(108)) - 8beef434-0a56-4db3-9c13-953f2f7e8f8a@group-9DBA14F262C5-FollowerState: change to CANDIDATE, lastRpcTime:5099ms, electionTimeout:5077ms
2019-10-10 06:18:04,672 [Thread-2942] INFO  impl.RoleInfo (RoleInfo.java:shutdownFollowerState(121)) - 8beef434-0a56-4db3-9c13-953f2f7e8f8a: shutdown FollowerState
2019-10-10 06:18:04,672 [Thread-2942] INFO  impl.RaftServerImpl (RaftServerImpl.java:setRole(170)) - 8beef434-0a56-4db3-9c13-953f2f7e8f8a@group-9DBA14F262C5: changes role from  FOLLOWER to CANDIDATE at term 0 for changeToCandidate
2019-10-10 06:18:04,672 [Thread-2942] INFO  impl.RoleInfo (RoleInfo.java:updateAndGet(143)) - 8beef434-0a56-4db3-9c13-953f2f7e8f8a: start LeaderElection
2019-10-10 06:18:04,675 [8beef434-0a56-4db3-9c13-953f2f7e8f8a@group-2B2CF8060616-LeaderElection64] INFO  impl.RoleInfo (RoleInfo.java:updateAndGet(143)) - 8beef434-0a56-4db3-9c13-953f2f7e8f8a: start LeaderState
2019-10-10 06:18:04,675 [Thread-2941] INFO  impl.FollowerState (FollowerState.java:run(108)) - fa3523fb-4136-4314-be67-c6c89c32148b@group-9DBA14F262C5-FollowerState: change to CANDIDATE, lastRpcTime:5103ms, electionTimeout:5103ms
2019-10-10 06:18:04,676 [Thread-2941] INFO  impl.RoleInfo (RoleInfo.java:shutdownFollowerState(121)) - fa3523fb-4136-4314-be67-c6c89c32148b: shutdown FollowerState
2019-10-10 06:18:04,676 [8beef434-0a56-4db3-9c13-953f2f7e8f8a@group-2B2CF8060616-LeaderElection64] INFO  segmented.SegmentedRaftLogWorker (SegmentedRaftLogWorker.java:startLogSegment(385)) - 8beef434-0a56-4db3-9c13-953f2f7e8f8a@group-2B2CF8060616-SegmentedRaftLogWorker: Starting segment from index:0
2019-10-10 06:18:04,676 [Thread-2941] INFO  impl.RaftServerImpl (RaftServerImpl.java:setRole(170)) - fa3523fb-4136-4314-be67-c6c89c32148b@group-9DBA14F262C5: changes role from  FOLLOWER to CANDIDATE at term 0 for changeToCandidate
2019-10-10 06:18:04,676 [Thread-2941] INFO  impl.RoleInfo (RoleInfo.java:updateAndGet(143)) - fa3523fb-4136-4314-be67-c6c89c32148b: start LeaderElection
2019-10-10 06:18:04,676 [8beef434-0a56-4db3-9c13-953f2f7e8f8a@group-2B2CF8060616-LeaderElection64] INFO  impl.RaftServerImpl (ServerState.java:setRaftConf(356)) - 8beef434-0a56-4db3-9c13-953f2f7e8f8a@group-2B2CF8060616: set configuration 0: [8beef434-0a56-4db3-9c13-953f2f7e8f8a:192.168.151.114:38390], old=null at 0
2019-10-10 06:18:04,701 [Thread-2940] INFO  impl.FollowerState (FollowerState.java:run(108)) - dd3fde67-87bd-4513-84e7-60c70261cfa5@group-9DBA14F262C5-FollowerState: change to CANDIDATE, lastRpcTime:5131ms, electionTimeout:5129ms
2019-10-10 06:18:04,701 [Thread-2940] INFO  impl.RoleInfo (RoleInfo.java:shutdownFollowerState(121)) - dd3fde67-87bd-4513-84e7-60c70261cfa5: shutdown FollowerState
2019-10-10 06:18:04,701 [Thread-2940] INFO  impl.RaftServerImpl (RaftServerImpl.java:setRole(170)) - dd3fde67-87bd-4513-84e7-60c70261cfa5@group-9DBA14F262C5: changes role from  FOLLOWER to CANDIDATE at term 0 for changeToCandidate
2019-10-10 06:18:04,701 [fa3523fb-4136-4314-be67-c6c89c32148b@group-CBE1689D0D01-SegmentedRaftLogWorker] INFO  segmented.SegmentedRaftLogWorker (SegmentedRaftLogWorker.java:execute(574)) - fa3523fb-4136-4314-be67-c6c89c32148b@group-CBE1689D0D01-SegmentedRaftLogWorker: created new log segment /workdir/hadoop-ozone/integration-test/target/test-dir/MiniOzoneClusterImpl-6bc00d4f-b58d-47cd-9642-32568dc7b8bd/datanode-5/data/ratis/947dd558-b32c-433f-a33d-cbe1689d0d01/current/log_inprogress_0
2019-10-10 06:18:04,702 [8beef434-0a56-4db3-9c13-953f2f7e8f8a@group-9DBA14F262C5-LeaderElection65] INFO  impl.LeaderElection (LeaderElection.java:askForVotes(178)) - 8beef434-0a56-4db3-9c13-953f2f7e8f8a@group-9DBA14F262C5-LeaderElection65: begin an election at term 1 for -1: [dd3fde67-87bd-4513-84e7-60c70261cfa5:192.168.151.114:41987, 8beef434-0a56-4db3-9c13-953f2f7e8f8a:192.168.151.114:38390, fa3523fb-4136-4314-be67-c6c89c32148b:192.168.151.114:42712], old=null
2019-10-10 06:18:04,702 [Thread-2940] INFO  impl.RoleInfo (RoleInfo.java:updateAndGet(143)) - dd3fde67-87bd-4513-84e7-60c70261cfa5: start LeaderElection
2019-10-10 06:18:04,721 [8beef434-0a56-4db3-9c13-953f2f7e8f8a@group-2B2CF8060616-SegmentedRaftLogWorker] INFO  segmented.SegmentedRaftLogWorker (SegmentedRaftLogWorker.java:execute(574)) - 8beef434-0a56-4db3-9c13-953f2f7e8f8a@group-2B2CF8060616-SegmentedRaftLogWorker: created new log segment /workdir/hadoop-ozone/integration-test/target/test-dir/MiniOzoneClusterImpl-6bc00d4f-b58d-47cd-9642-32568dc7b8bd/datanode-4/data/ratis/edaba6e4-b634-4145-8038-2b2cf8060616/current/log_inprogress_0
2019-10-10 06:18:04,721 [fa3523fb-4136-4314-be67-c6c89c32148b@group-9DBA14F262C5-LeaderElection66] INFO  impl.LeaderElection (LeaderElection.java:askForVotes(178)) - fa3523fb-4136-4314-be67-c6c89c32148b@group-9DBA14F262C5-LeaderElection66: begin an election at term 1 for -1: [dd3fde67-87bd-4513-84e7-60c70261cfa5:192.168.151.114:41987, 8beef434-0a56-4db3-9c13-953f2f7e8f8a:192.168.151.114:38390, fa3523fb-4136-4314-be67-c6c89c32148b:192.168.151.114:42712], old=null
2019-10-10 06:18:04,727 [dd3fde67-87bd-4513-84e7-60c70261cfa5@group-9DBA14F262C5-LeaderElection67] INFO  impl.LeaderElection (LeaderElection.java:askForVotes(178)) - dd3fde67-87bd-4513-84e7-60c70261cfa5@group-9DBA14F262C5-LeaderElection67: begin an election at term 1 for -1: [dd3fde67-87bd-4513-84e7-60c70261cfa5:192.168.151.114:41987, 8beef434-0a56-4db3-9c13-953f2f7e8f8a:192.168.151.114:38390, fa3523fb-4136-4314-be67-c6c89c32148b:192.168.151.114:42712], old=null
2019-10-10 06:18:04,736 [8beef434-0a56-4db3-9c13-953f2f7e8f8a@group-9DBA14F262C5-LeaderElection65] INFO  impl.LeaderElection (LeaderElection.java:logAndReturn(56)) - 8beef434-0a56-4db3-9c13-953f2f7e8f8a@group-9DBA14F262C5-LeaderElection65: Election REJECTED; received 2 response(s) [8beef434-0a56-4db3-9c13-953f2f7e8f8a<-dd3fde67-87bd-4513-84e7-60c70261cfa5#0:FAIL-t1, 8beef434-0a56-4db3-9c13-953f2f7e8f8a<-fa3523fb-4136-4314-be67-c6c89c32148b#0:FAIL-t1] and 0 exception(s); 8beef434-0a56-4db3-9c13-953f2f7e8f8a@group-9DBA14F262C5:t1, leader=null, voted=8beef434-0a56-4db3-9c13-953f2f7e8f8a, raftlog=8beef434-0a56-4db3-9c13-953f2f7e8f8a@group-9DBA14F262C5-SegmentedRaftLog:OPENED:c-1,f-1,i0, conf=-1: [dd3fde67-87bd-4513-84e7-60c70261cfa5:192.168.151.114:41987, 8beef434-0a56-4db3-9c13-953f2f7e8f8a:192.168.151.114:38390, fa3523fb-4136-4314-be67-c6c89c32148b:192.168.151.114:42712], old=null
2019-10-10 06:18:04,736 [8beef434-0a56-4db3-9c13-953f2f7e8f8a@group-9DBA14F262C5-LeaderElection65] INFO  impl.RaftServerImpl (RaftServerImpl.java:setRole(170)) - 8beef434-0a56-4db3-9c13-953f2f7e8f8a@group-9DBA14F262C5: changes role from CANDIDATE to FOLLOWER at term 1 for DISCOVERED_A_NEW_TERM
2019-10-10 06:18:04,736 [8beef434-0a56-4db3-9c13-953f2f7e8f8a@group-9DBA14F262C5-LeaderElection65] INFO  impl.RoleInfo (RoleInfo.java:shutdownLeaderElection(134)) - 8beef434-0a56-4db3-9c13-953f2f7e8f8a: shutdown LeaderElection
2019-10-10 06:18:04,736 [8beef434-0a56-4db3-9c13-953f2f7e8f8a@group-9DBA14F262C5-LeaderElection65] INFO  impl.RoleInfo (RoleInfo.java:updateAndGet(143)) - 8beef434-0a56-4db3-9c13-953f2f7e8f8a: start FollowerState
2019-10-10 06:18:04,754 [fa3523fb-4136-4314-be67-c6c89c32148b@group-9DBA14F262C5-LeaderElection66] INFO  impl.LeaderElection (LeaderElection.java:logAndReturn(56)) - fa3523fb-4136-4314-be67-c6c89c32148b@group-9DBA14F262C5-LeaderElection66: Election REJECTED; received 2 response(s) [fa3523fb-4136-4314-be67-c6c89c32148b<-dd3fde67-87bd-4513-84e7-60c70261cfa5#0:FAIL-t1, fa3523fb-4136-4314-be67-c6c89c32148b<-8beef434-0a56-4db3-9c13-953f2f7e8f8a#0:FAIL-t1] and 0 exception(s); fa3523fb-4136-4314-be67-c6c89c32148b@group-9DBA14F262C5:t1, leader=null, voted=fa3523fb-4136-4314-be67-c6c89c32148b, raftlog=fa3523fb-4136-4314-be67-c6c89c32148b@group-9DBA14F262C5-SegmentedRaftLog:OPENED:c-1,f-1,i0, conf=-1: [dd3fde67-87bd-4513-84e7-60c70261cfa5:192.168.151.114:41987, 8beef434-0a56-4db3-9c13-953f2f7e8f8a:192.168.151.114:38390, fa3523fb-4136-4314-be67-c6c89c32148b:192.168.151.114:42712], old=null
2019-10-10 06:18:04,757 [fa3523fb-4136-4314-be67-c6c89c32148b@group-9DBA14F262C5-LeaderElection66] INFO  impl.RaftServerImpl (RaftServerImpl.java:setRole(170)) - fa3523fb-4136-4314-be67-c6c89c32148b@group-9DBA14F262C5: changes role from CANDIDATE to FOLLOWER at term 1 for DISCOVERED_A_NEW_TERM
2019-10-10 06:18:04,757 [fa3523fb-4136-4314-be67-c6c89c32148b@group-9DBA14F262C5-LeaderElection66] INFO  impl.RoleInfo (RoleInfo.java:shutdownLeaderElection(134)) - fa3523fb-4136-4314-be67-c6c89c32148b: shutdown LeaderElection
2019-10-10 06:18:04,757 [dd3fde67-87bd-4513-84e7-60c70261cfa5@group-9DBA14F262C5-LeaderElection67] INFO  impl.LeaderElection (LeaderElection.java:logAndReturn(56)) - dd3fde67-87bd-4513-84e7-60c70261cfa5@group-9DBA14F262C5-LeaderElection67: Election REJECTED; received 2 response(s) [dd3fde67-87bd-4513-84e7-60c70261cfa5<-8beef434-0a56-4db3-9c13-953f2f7e8f8a#0:FAIL-t1, dd3fde67-87bd-4513-84e7-60c70261cfa5<-fa3523fb-4136-4314-be67-c6c89c32148b#0:FAIL-t1] and 0 exception(s); dd3fde67-87bd-4513-84e7-60c70261cfa5@group-9DBA14F262C5:t1, leader=null, voted=dd3fde67-87bd-4513-84e7-60c70261cfa5, raftlog=dd3fde67-87bd-4513-84e7-60c70261cfa5@group-9DBA14F262C5-SegmentedRaftLog:OPENED:c-1,f-1,i0, conf=-1: [dd3fde67-87bd-4513-84e7-60c70261cfa5:192.168.151.114:41987, 8beef434-0a56-4db3-9c13-953f2f7e8f8a:192.168.151.114:38390, fa3523fb-4136-4314-be67-c6c89c32148b:192.168.151.114:42712], old=null
2019-10-10 06:18:04,760 [dd3fde67-87bd-4513-84e7-60c70261cfa5@group-9DBA14F262C5-LeaderElection67] INFO  impl.RaftServerImpl (RaftServerImpl.java:setRole(170)) - dd3fde67-87bd-4513-84e7-60c70261cfa5@group-9DBA14F262C5: changes role from CANDIDATE to FOLLOWER at term 1 for DISCOVERED_A_NEW_TERM
2019-10-10 06:18:04,760 [fa3523fb-4136-4314-be67-c6c89c32148b@group-9DBA14F262C5-LeaderElection66] INFO  impl.RoleInfo (RoleInfo.java:updateAndGet(143)) - fa3523fb-4136-4314-be67-c6c89c32148b: start FollowerState
2019-10-10 06:18:04,760 [dd3fde67-87bd-4513-84e7-60c70261cfa5@group-9DBA14F262C5-LeaderElection67] INFO  impl.RoleInfo (RoleInfo.java:shutdownLeaderElection(134)) - dd3fde67-87bd-4513-84e7-60c70261cfa5: shutdown LeaderElection
2019-10-10 06:18:04,763 [dd3fde67-87bd-4513-84e7-60c70261cfa5@group-9DBA14F262C5-LeaderElection67] INFO  impl.RoleInfo (RoleInfo.java:updateAndGet(143)) - dd3fde67-87bd-4513-84e7-60c70261cfa5: start FollowerState
2019-10-10 06:18:05,865 [Datanode State Machine Thread - 0] INFO  statemachine.DatanodeStateMachine (DatanodeStateMachine.java:lambda$startDaemon$0(350)) - Ozone container server started.
2019-10-10 06:18:09,820 [Thread-2995] INFO  impl.FollowerState (FollowerState.java:run(108)) - fa3523fb-4136-4314-be67-c6c89c32148b@group-9DBA14F262C5-FollowerState: change to CANDIDATE, lastRpcTime:5062ms, electionTimeout:5057ms
2019-10-10 06:18:09,821 [Thread-2995] INFO  impl.RoleInfo (RoleInfo.java:shutdownFollowerState(121)) - fa3523fb-4136-4314-be67-c6c89c32148b: shutdown FollowerState
2019-10-10 06:18:09,821 [Thread-2995] INFO  impl.RaftServerImpl (RaftServerImpl.java:setRole(170)) - fa3523fb-4136-4314-be67-c6c89c32148b@group-9DBA14F262C5: changes role from  FOLLOWER to CANDIDATE at term 1 for changeToCandidate
2019-10-10 06:18:09,822 [Thread-2995] INFO  impl.RoleInfo (RoleInfo.java:updateAndGet(143)) - fa3523fb-4136-4314-be67-c6c89c32148b: start LeaderElection
2019-10-10 06:18:09,846 [fa3523fb-4136-4314-be67-c6c89c32148b@group-9DBA14F262C5-LeaderElection68] INFO  impl.LeaderElection (LeaderElection.java:askForVotes(178)) - fa3523fb-4136-4314-be67-c6c89c32148b@group-9DBA14F262C5-LeaderElection68: begin an election at term 2 for -1: [dd3fde67-87bd-4513-84e7-60c70261cfa5:192.168.151.114:41987, 8beef434-0a56-4db3-9c13-953f2f7e8f8a:192.168.151.114:38390, fa3523fb-4136-4314-be67-c6c89c32148b:192.168.151.114:42712], old=null
2019-10-10 06:18:09,855 [grpc-default-executor-7] INFO  impl.RaftServerImpl (RaftServerImpl.java:setRole(170)) - dd3fde67-87bd-4513-84e7-60c70261cfa5@group-9DBA14F262C5: changes role from  FOLLOWER to FOLLOWER at term 2 for recognizeCandidate:fa3523fb-4136-4314-be67-c6c89c32148b
2019-10-10 06:18:09,855 [grpc-default-executor-6] INFO  impl.RaftServerImpl (RaftServerImpl.java:setRole(170)) - 8beef434-0a56-4db3-9c13-953f2f7e8f8a@group-9DBA14F262C5: changes role from  FOLLOWER to FOLLOWER at term 2 for recognizeCandidate:fa3523fb-4136-4314-be67-c6c89c32148b
2019-10-10 06:18:09,856 [grpc-default-executor-7] INFO  impl.RoleInfo (RoleInfo.java:shutdownFollowerState(121)) - dd3fde67-87bd-4513-84e7-60c70261cfa5: shutdown FollowerState
2019-10-10 06:18:09,856 [grpc-default-executor-6] INFO  impl.RoleInfo (RoleInfo.java:shutdownFollowerState(121)) - 8beef434-0a56-4db3-9c13-953f2f7e8f8a: shutdown FollowerState
2019-10-10 06:18:09,856 [Thread-2996] INFO  impl.FollowerState (FollowerState.java:run(117)) - dd3fde67-87bd-4513-84e7-60c70261cfa5@group-9DBA14F262C5-FollowerState was interrupted: java.lang.InterruptedException: sleep interrupted
2019-10-10 06:18:09,856 [grpc-default-executor-7] INFO  impl.RoleInfo (RoleInfo.java:updateAndGet(143)) - dd3fde67-87bd-4513-84e7-60c70261cfa5: start FollowerState
2019-10-10 06:18:09,856 [Thread-2994] INFO  impl.FollowerState (FollowerState.java:run(117)) - 8beef434-0a56-4db3-9c13-953f2f7e8f8a@group-9DBA14F262C5-FollowerState was interrupted: java.lang.InterruptedException: sleep interrupted
2019-10-10 06:18:09,856 [grpc-default-executor-6] INFO  impl.RoleInfo (RoleInfo.java:updateAndGet(143)) - 8beef434-0a56-4db3-9c13-953f2f7e8f8a: start FollowerState
2019-10-10 06:18:09,862 [fa3523fb-4136-4314-be67-c6c89c32148b@group-9DBA14F262C5-LeaderElection68] INFO  impl.LeaderElection (LeaderElection.java:logAndReturn(56)) - fa3523fb-4136-4314-be67-c6c89c32148b@group-9DBA14F262C5-LeaderElection68: Election PASSED; received 1 response(s) [fa3523fb-4136-4314-be67-c6c89c32148b<-8beef434-0a56-4db3-9c13-953f2f7e8f8a#0:OK-t2] and 0 exception(s); fa3523fb-4136-4314-be67-c6c89c32148b@group-9DBA14F262C5:t2, leader=null, voted=fa3523fb-4136-4314-be67-c6c89c32148b, raftlog=fa3523fb-4136-4314-be67-c6c89c32148b@group-9DBA14F262C5-SegmentedRaftLog:OPENED:c-1,f-1,i0, conf=-1: [dd3fde67-87bd-4513-84e7-60c70261cfa5:192.168.151.114:41987, 8beef434-0a56-4db3-9c13-953f2f7e8f8a:192.168.151.114:38390, fa3523fb-4136-4314-be67-c6c89c32148b:192.168.151.114:42712], old=null
2019-10-10 06:18:09,862 [fa3523fb-4136-4314-be67-c6c89c32148b@group-9DBA14F262C5-LeaderElection68] INFO  impl.RoleInfo (RoleInfo.java:shutdownLeaderElection(134)) - fa3523fb-4136-4314-be67-c6c89c32148b: shutdown LeaderElection
2019-10-10 06:18:09,863 [fa3523fb-4136-4314-be67-c6c89c32148b@group-9DBA14F262C5-LeaderElection68] INFO  impl.RaftServerImpl (RaftServerImpl.java:setRole(170)) - fa3523fb-4136-4314-be67-c6c89c32148b@group-9DBA14F262C5: changes role from CANDIDATE to LEADER at term 2 for changeToLeader
2019-10-10 06:18:09,863 [fa3523fb-4136-4314-be67-c6c89c32148b@group-9DBA14F262C5-LeaderElection68] INFO  impl.RaftServerImpl (ServerState.java:setLeader(255)) - fa3523fb-4136-4314-be67-c6c89c32148b@group-9DBA14F262C5: change Leader from null to fa3523fb-4136-4314-be67-c6c89c32148b at term 2 for becomeLeader, leader elected after 10316ms
2019-10-10 06:18:09,863 [fa3523fb-4136-4314-be67-c6c89c32148b@group-9DBA14F262C5-LeaderElection68] INFO  server.RaftServerConfigKeys (ConfUtils.java:logGet(43)) - raft.server.staging.catchup.gap = 1000 (default)
2019-10-10 06:18:09,863 [fa3523fb-4136-4314-be67-c6c89c32148b@group-9DBA14F262C5-LeaderElection68] INFO  server.RaftServerConfigKeys (ConfUtils.java:logGet(43)) - raft.server.rpc.sleep.time = 25ms (default)
2019-10-10 06:18:09,864 [fa3523fb-4136-4314-be67-c6c89c32148b@group-9DBA14F262C5-LeaderElection68] INFO  server.RaftServerConfigKeys (ConfUtils.java:logGet(43)) - raft.server.write.element-limit = 4096 (default)
2019-10-10 06:18:09,864 [fa3523fb-4136-4314-be67-c6c89c32148b@group-9DBA14F262C5-LeaderElection68] INFO  server.RaftServerConfigKeys (ConfUtils.java:logGet(43)) - raft.server.watch.timeout = 10s (default)
2019-10-10 06:18:09,864 [fa3523fb-4136-4314-be67-c6c89c32148b@group-9DBA14F262C5-LeaderElection68] INFO  server.RaftServerConfigKeys (ConfUtils.java:logGet(43)) - raft.server.watch.timeout.denomination = 1s (default)
2019-10-10 06:18:09,864 [fa3523fb-4136-4314-be67-c6c89c32148b@group-9DBA14F262C5-LeaderElection68] INFO  server.RaftServerConfigKeys (ConfUtils.java:logGet(43)) - raft.server.watch.element-limit = 65536 (default)
2019-10-10 06:18:09,868 [fa3523fb-4136-4314-be67-c6c89c32148b@group-9DBA14F262C5-LeaderElection68] INFO  server.RaftServerConfigKeys (ConfUtils.java:logGet(43)) - raft.server.log.appender.snapshot.chunk.size.max = 16MB (=16777216) (default)
2019-10-10 06:18:09,868 [fa3523fb-4136-4314-be67-c6c89c32148b@group-9DBA14F262C5-LeaderElection68] INFO  server.RaftServerConfigKeys (ConfUtils.java:logGet(43)) - raft.server.log.appender.buffer.byte-limit = 33554432 (custom)
2019-10-10 06:18:09,868 [fa3523fb-4136-4314-be67-c6c89c32148b@group-9DBA14F262C5-LeaderElection68] INFO  server.RaftServerConfigKeys (ConfUtils.java:logGet(43)) - raft.server.log.appender.buffer.element-limit = 1 (custom)
2019-10-10 06:18:09,869 [fa3523fb-4136-4314-be67-c6c89c32148b@group-9DBA14F262C5-LeaderElection68] INFO  grpc.GrpcConfigKeys$Server (ConfUtils.java:logGet(43)) - raft.grpc.server.leader.outstanding.appends.max = 128 (default)
2019-10-10 06:18:09,869 [fa3523fb-4136-4314-be67-c6c89c32148b@group-9DBA14F262C5-LeaderElection68] INFO  server.RaftServerConfigKeys (ConfUtils.java:logGet(43)) - raft.server.rpc.request.timeout = 3000ms (default)
2019-10-10 06:18:09,869 [fa3523fb-4136-4314-be67-c6c89c32148b@group-9DBA14F262C5-LeaderElection68] INFO  server.RaftServerConfigKeys (ConfUtils.java:logGet(43)) - raft.server.log.appender.install.snapshot.enabled = false (custom)
2019-10-10 06:18:09,870 [fa3523fb-4136-4314-be67-c6c89c32148b@group-9DBA14F262C5-LeaderElection68] INFO  server.RaftServerConfigKeys (ConfUtils.java:logGet(43)) - raft.server.log.appender.snapshot.chunk.size.max = 16MB (=16777216) (default)
2019-10-10 06:18:09,870 [fa3523fb-4136-4314-be67-c6c89c32148b@group-9DBA14F262C5-LeaderElection68] INFO  server.RaftServerConfigKeys (ConfUtils.java:logGet(43)) - raft.server.log.appender.buffer.byte-limit = 33554432 (custom)
2019-10-10 06:18:09,870 [fa3523fb-4136-4314-be67-c6c89c32148b@group-9DBA14F262C5-LeaderElection68] INFO  server.RaftServerConfigKeys (ConfUtils.java:logGet(43)) - raft.server.log.appender.buffer.element-limit = 1 (custom)
2019-10-10 06:18:09,870 [fa3523fb-4136-4314-be67-c6c89c32148b@group-9DBA14F262C5-LeaderElection68] INFO  grpc.GrpcConfigKeys$Server (ConfUtils.java:logGet(43)) - raft.grpc.server.leader.outstanding.appends.max = 128 (default)
2019-10-10 06:18:09,870 [fa3523fb-4136-4314-be67-c6c89c32148b@group-9DBA14F262C5-LeaderElection68] INFO  server.RaftServerConfigKeys (ConfUtils.java:logGet(43)) - raft.server.rpc.request.timeout = 3000ms (default)
2019-10-10 06:18:09,870 [fa3523fb-4136-4314-be67-c6c89c32148b@group-9DBA14F262C5-LeaderElection68] INFO  server.RaftServerConfigKeys (ConfUtils.java:logGet(43)) - raft.server.log.appender.install.snapshot.enabled = false (custom)
2019-10-10 06:18:09,871 [fa3523fb-4136-4314-be67-c6c89c32148b@group-9DBA14F262C5-LeaderElection68] INFO  impl.RoleInfo (RoleInfo.java:updateAndGet(143)) - fa3523fb-4136-4314-be67-c6c89c32148b: start LeaderState
2019-10-10 06:18:09,871 [fa3523fb-4136-4314-be67-c6c89c32148b@group-9DBA14F262C5-LeaderElection68] INFO  segmented.SegmentedRaftLogWorker (SegmentedRaftLogWorker.java:startLogSegment(385)) - fa3523fb-4136-4314-be67-c6c89c32148b@group-9DBA14F262C5-SegmentedRaftLogWorker: Starting segment from index:0
2019-10-10 06:18:09,873 [fa3523fb-4136-4314-be67-c6c89c32148b@group-9DBA14F262C5-LeaderElection68] INFO  impl.RaftServerImpl (ServerState.java:setRaftConf(356)) - fa3523fb-4136-4314-be67-c6c89c32148b@group-9DBA14F262C5: set configuration 0: [dd3fde67-87bd-4513-84e7-60c70261cfa5:192.168.151.114:41987, 8beef434-0a56-4db3-9c13-953f2f7e8f8a:192.168.151.114:38390, fa3523fb-4136-4314-be67-c6c89c32148b:192.168.151.114:42712], old=null at 0
2019-10-10 06:18:09,921 [grpc-default-executor-7] INFO  impl.RaftServerImpl (ServerState.java:setLeader(255)) - 8beef434-0a56-4db3-9c13-953f2f7e8f8a@group-9DBA14F262C5: change Leader from null to fa3523fb-4136-4314-be67-c6c89c32148b at term 2 for appendEntries, leader elected after 10374ms
2019-10-10 06:18:09,921 [grpc-default-executor-6] INFO  impl.RaftServerImpl (ServerState.java:setLeader(255)) - dd3fde67-87bd-4513-84e7-60c70261cfa5@group-9DBA14F262C5: change Leader from null to fa3523fb-4136-4314-be67-c6c89c32148b at term 2 for appendEntries, leader elected after 10375ms
2019-10-10 06:18:09,928 [fa3523fb-4136-4314-be67-c6c89c32148b@group-9DBA14F262C5-SegmentedRaftLogWorker] INFO  segmented.SegmentedRaftLogWorker (SegmentedRaftLogWorker.java:execute(574)) - fa3523fb-4136-4314-be67-c6c89c32148b@group-9DBA14F262C5-SegmentedRaftLogWorker: created new log segment /workdir/hadoop-ozone/integration-test/target/test-dir/MiniOzoneClusterImpl-6bc00d4f-b58d-47cd-9642-32568dc7b8bd/datanode-5/data/ratis/84da5307-5bda-498a-872a-9dba14f262c5/current/log_inprogress_0
2019-10-10 06:18:09,930 [grpc-default-executor-6] INFO  impl.RaftServerImpl (ServerState.java:setRaftConf(356)) - dd3fde67-87bd-4513-84e7-60c70261cfa5@group-9DBA14F262C5: set configuration 0: [dd3fde67-87bd-4513-84e7-60c70261cfa5:192.168.151.114:41987, 8beef434-0a56-4db3-9c13-953f2f7e8f8a:192.168.151.114:38390, fa3523fb-4136-4314-be67-c6c89c32148b:192.168.151.114:42712], old=null at 0
2019-10-10 06:18:09,930 [grpc-default-executor-7] INFO  impl.RaftServerImpl (ServerState.java:setRaftConf(356)) - 8beef434-0a56-4db3-9c13-953f2f7e8f8a@group-9DBA14F262C5: set configuration 0: [dd3fde67-87bd-4513-84e7-60c70261cfa5:192.168.151.114:41987, 8beef434-0a56-4db3-9c13-953f2f7e8f8a:192.168.151.114:38390, fa3523fb-4136-4314-be67-c6c89c32148b:192.168.151.114:42712], old=null at 0
2019-10-10 06:18:09,931 [grpc-default-executor-6] INFO  segmented.SegmentedRaftLogWorker (SegmentedRaftLogWorker.java:startLogSegment(385)) - dd3fde67-87bd-4513-84e7-60c70261cfa5@group-9DBA14F262C5-SegmentedRaftLogWorker: Starting segment from index:0
2019-10-10 06:18:09,931 [grpc-default-executor-7] INFO  segmented.SegmentedRaftLogWorker (SegmentedRaftLogWorker.java:startLogSegment(385)) - 8beef434-0a56-4db3-9c13-953f2f7e8f8a@group-9DBA14F262C5-SegmentedRaftLogWorker: Starting segment from index:0
2019-10-10 06:18:09,943 [EventQueue-StaleNodeForStaleNodeHandler] INFO  node.StaleNodeHandler (StaleNodeHandler.java:onMessage(58)) - Datanode 11dfb04e-6810-4238-9e4b-3a7ed7d1a168{ip: 192.168.151.114, host: trunk-nightly-20191010-ks672-2217485364, networkLocation: /default-rack, certSerialId: null} moved to stale state. Finalizing its pipelines [PipelineID=f5959f3f-9e92-4d8f-97b1-6f7f119d4d81, PipelineID=87e74914-41f6-467a-bc50-65fc8ad9e3f6]
2019-10-10 06:18:09,943 [EventQueue-StaleNodeForStaleNodeHandler] INFO  pipeline.SCMPipelineManager (SCMPipelineManager.java:finalizeAndDestroyPipeline(315)) - destroying pipeline:Pipeline[ Id: f5959f3f-9e92-4d8f-97b1-6f7f119d4d81, Nodes: 11dfb04e-6810-4238-9e4b-3a7ed7d1a168{ip: 192.168.151.114, host: trunk-nightly-20191010-ks672-2217485364, networkLocation: /default-rack, certSerialId: null}, Type:RATIS, Factor:ONE, State:OPEN]
2019-10-10 06:18:09,943 [EventQueue-StaleNodeForStaleNodeHandler] INFO  pipeline.PipelineStateManager (PipelineStateManager.java:finalizePipeline(123)) - Pipeline Pipeline[ Id: f5959f3f-9e92-4d8f-97b1-6f7f119d4d81, Nodes: 11dfb04e-6810-4238-9e4b-3a7ed7d1a168{ip: 192.168.151.114, host: trunk-nightly-20191010-ks672-2217485364, networkLocation: /default-rack, certSerialId: null}, Type:RATIS, Factor:ONE, State:CLOSED] moved to CLOSED state
2019-10-10 06:18:09,944 [EventQueue-StaleNodeForStaleNodeHandler] INFO  pipeline.SCMPipelineManager (SCMPipelineManager.java:finalizeAndDestroyPipeline(315)) - destroying pipeline:Pipeline[ Id: 87e74914-41f6-467a-bc50-65fc8ad9e3f6, Nodes: 11dfb04e-6810-4238-9e4b-3a7ed7d1a168{ip: 192.168.151.114, host: trunk-nightly-20191010-ks672-2217485364, networkLocation: /default-rack, certSerialId: null}ee11eac9-f371-4dd3-b030-44ee70c0a8bc{ip: 192.168.151.114, host: trunk-nightly-20191010-ks672-2217485364, networkLocation: /default-rack, certSerialId: null}8d53fe72-945b-4c61-a61e-89d5ee983bd1{ip: 192.168.151.114, host: trunk-nightly-20191010-ks672-2217485364, networkLocation: /default-rack, certSerialId: null}, Type:RATIS, Factor:THREE, State:OPEN]
2019-10-10 06:18:09,944 [EventQueue-StaleNodeForStaleNodeHandler] INFO  pipeline.PipelineStateManager (PipelineStateManager.java:finalizePipeline(123)) - Pipeline Pipeline[ Id: 87e74914-41f6-467a-bc50-65fc8ad9e3f6, Nodes: 11dfb04e-6810-4238-9e4b-3a7ed7d1a168{ip: 192.168.151.114, host: trunk-nightly-20191010-ks672-2217485364, networkLocation: /default-rack, certSerialId: null}ee11eac9-f371-4dd3-b030-44ee70c0a8bc{ip: 192.168.151.114, host: trunk-nightly-20191010-ks672-2217485364, networkLocation: /default-rack, certSerialId: null}8d53fe72-945b-4c61-a61e-89d5ee983bd1{ip: 192.168.151.114, host: trunk-nightly-20191010-ks672-2217485364, networkLocation: /default-rack, certSerialId: null}, Type:RATIS, Factor:THREE, State:CLOSED] moved to CLOSED state
2019-10-10 06:18:09,945 [EventQueue-CloseContainerForCloseContainerEventHandler] INFO  container.CloseContainerEventHandler (CloseContainerEventHandler.java:onMessage(61)) - Close container Event triggered for container : #1
2019-10-10 06:18:09,965 [8beef434-0a56-4db3-9c13-953f2f7e8f8a@group-9DBA14F262C5-SegmentedRaftLogWorker] INFO  segmented.SegmentedRaftLogWorker (SegmentedRaftLogWorker.java:execute(574)) - 8beef434-0a56-4db3-9c13-953f2f7e8f8a@group-9DBA14F262C5-SegmentedRaftLogWorker: created new log segment /workdir/hadoop-ozone/integration-test/target/test-dir/MiniOzoneClusterImpl-6bc00d4f-b58d-47cd-9642-32568dc7b8bd/datanode-4/data/ratis/84da5307-5bda-498a-872a-9dba14f262c5/current/log_inprogress_0
2019-10-10 06:18:09,965 [dd3fde67-87bd-4513-84e7-60c70261cfa5@group-9DBA14F262C5-SegmentedRaftLogWorker] INFO  segmented.SegmentedRaftLogWorker (SegmentedRaftLogWorker.java:execute(574)) - dd3fde67-87bd-4513-84e7-60c70261cfa5@group-9DBA14F262C5-SegmentedRaftLogWorker: created new log segment /workdir/hadoop-ozone/integration-test/target/test-dir/MiniOzoneClusterImpl-6bc00d4f-b58d-47cd-9642-32568dc7b8bd/datanode-3/data/ratis/84da5307-5bda-498a-872a-9dba14f262c5/current/log_inprogress_0
2019-10-10 06:18:10,079 [main] INFO  ozoneimpl.OzoneContainer (OzoneContainer.java:stop(227)) - Attempting to stop container services.
2019-10-10 06:18:10,080 [main] INFO  impl.RaftServerProxy (RaftServerProxy.java:lambda$close$4(314)) - 11dfb04e-6810-4238-9e4b-3a7ed7d1a168: close
2019-10-10 06:18:10,081 [main] INFO  impl.RaftServerImpl (RaftServerImpl.java:lambda$shutdown$3(247)) - 11dfb04e-6810-4238-9e4b-3a7ed7d1a168@group-6F7F119D4D81: shutdown
2019-10-10 06:18:10,081 [ForkJoinPool.commonPool-worker-0] INFO  impl.RaftServerImpl (RaftServerImpl.java:lambda$shutdown$3(247)) - 11dfb04e-6810-4238-9e4b-3a7ed7d1a168@group-65FC8AD9E3F6: shutdown
2019-10-10 06:18:10,082 [main] INFO  util.JmxRegister (JmxRegister.java:unregister(73)) - Successfully un-registered JMX Bean with object name Ratis:service=RaftServer,group=group-6F7F119D4D81,id=11dfb04e-6810-4238-9e4b-3a7ed7d1a168
2019-10-10 06:18:10,082 [ForkJoinPool.commonPool-worker-0] INFO  util.JmxRegister (JmxRegister.java:unregister(73)) - Successfully un-registered JMX Bean with object name Ratis:service=RaftServer,group=group-65FC8AD9E3F6,id=11dfb04e-6810-4238-9e4b-3a7ed7d1a168
2019-10-10 06:18:10,082 [main] INFO  impl.RoleInfo (RoleInfo.java:shutdownLeaderState(104)) - 11dfb04e-6810-4238-9e4b-3a7ed7d1a168: shutdown LeaderState
2019-10-10 06:18:10,082 [ForkJoinPool.commonPool-worker-0] INFO  impl.RoleInfo (RoleInfo.java:shutdownLeaderState(104)) - 11dfb04e-6810-4238-9e4b-3a7ed7d1a168: shutdown LeaderState
2019-10-10 06:18:10,083 [main] INFO  impl.PendingRequests (PendingRequests.java:sendNotLeaderResponses(202)) - 11dfb04e-6810-4238-9e4b-3a7ed7d1a168@group-6F7F119D4D81-PendingRequests: sendNotLeaderResponses
2019-10-10 06:18:10,090 [org.apache.ratis.server.impl.LogAppender$AppenderDaemon$$Lambda$534/41863353@3e707eeb] WARN  server.GrpcLogAppender (GrpcLogAppender.java:mayWait(143)) - 11dfb04e-6810-4238-9e4b-3a7ed7d1a168@group-65FC8AD9E3F6->ee11eac9-f371-4dd3-b030-44ee70c0a8bc-GrpcLogAppender: Wait interrupted by java.lang.InterruptedException
2019-10-10 06:18:10,089 [org.apache.ratis.server.impl.LogAppender$AppenderDaemon$$Lambda$534/41863353@1bfb4ba8] WARN  server.GrpcLogAppender (GrpcLogAppender.java:mayWait(143)) - 11dfb04e-6810-4238-9e4b-3a7ed7d1a168@group-65FC8AD9E3F6->8d53fe72-945b-4c61-a61e-89d5ee983bd1-GrpcLogAppender: Wait interrupted by java.lang.InterruptedException
2019-10-10 06:18:10,089 [ForkJoinPool.commonPool-worker-0] INFO  impl.PendingRequests (PendingRequests.java:sendNotLeaderResponses(202)) - 11dfb04e-6810-4238-9e4b-3a7ed7d1a168@group-65FC8AD9E3F6-PendingRequests: sendNotLeaderResponses
2019-10-10 06:18:10,090 [main] INFO  impl.StateMachineUpdater (StateMachineUpdater.java:stopAndJoin(136)) - 11dfb04e-6810-4238-9e4b-3a7ed7d1a168@group-6F7F119D4D81-StateMachineUpdater: set stopIndex = 0
2019-10-10 06:18:10,091 [grpc-default-executor-6] INFO  server.GrpcServerProtocolService (GrpcServerProtocolService.java:onCompleted(113)) - ee11eac9-f371-4dd3-b030-44ee70c0a8bc: Completed APPEND_ENTRIES, lastRequest: 11dfb04e-6810-4238-9e4b-3a7ed7d1a168->ee11eac9-f371-4dd3-b030-44ee70c0a8bc#19-t1, previous=(t:1, i:16), leaderCommit=16, initializing? false, entries: <empty>
2019-10-10 06:18:10,091 [grpc-default-executor-7] INFO  server.GrpcServerProtocolService (GrpcServerProtocolService.java:onCompleted(113)) - 8d53fe72-945b-4c61-a61e-89d5ee983bd1: Completed APPEND_ENTRIES, lastRequest: 11dfb04e-6810-4238-9e4b-3a7ed7d1a168->8d53fe72-945b-4c61-a61e-89d5ee983bd1#19-t1, previous=(t:1, i:16), leaderCommit=16, initializing? false, entries: <empty>
2019-10-10 06:18:10,096 [main] INFO  impl.RaftServerImpl (ServerState.java:close(387)) - 11dfb04e-6810-4238-9e4b-3a7ed7d1a168@group-6F7F119D4D81: closes. applyIndex: 0
2019-10-10 06:18:10,096 [ForkJoinPool.commonPool-worker-0] INFO  impl.StateMachineUpdater (StateMachineUpdater.java:stopAndJoin(136)) - 11dfb04e-6810-4238-9e4b-3a7ed7d1a168@group-65FC8AD9E3F6-StateMachineUpdater: set stopIndex = 16
2019-10-10 06:18:10,096 [grpc-default-executor-6] INFO  server.GrpcLogAppender (GrpcLogAppender.java:onCompleted(293)) - 11dfb04e-6810-4238-9e4b-3a7ed7d1a168@group-65FC8AD9E3F6->8d53fe72-945b-4c61-a61e-89d5ee983bd1-AppendLogResponseHandler: follower responses appendEntries COMPLETED
2019-10-10 06:18:10,096 [grpc-default-executor-7] INFO  server.GrpcLogAppender (GrpcLogAppender.java:onCompleted(293)) - 11dfb04e-6810-4238-9e4b-3a7ed7d1a168@group-65FC8AD9E3F6->ee11eac9-f371-4dd3-b030-44ee70c0a8bc-AppendLogResponseHandler: follower responses appendEntries COMPLETED
2019-10-10 06:18:10,096 [11dfb04e-6810-4238-9e4b-3a7ed7d1a168@group-65FC8AD9E3F6-StateMachineUpdater] INFO  ratis.ContainerStateMachine (ContainerStateMachine.java:takeSnapshot(294)) - group-65FC8AD9E3F6: Taking a snapshot at:(t:1, i:14) file /workdir/hadoop-ozone/integration-test/target/test-dir/MiniOzoneClusterImpl-6bc00d4f-b58d-47cd-9642-32568dc7b8bd/datanode-1/data/ratis/87e74914-41f6-467a-bc50-65fc8ad9e3f6/sm/snapshot.1_14
2019-10-10 06:18:10,097 [11dfb04e-6810-4238-9e4b-3a7ed7d1a168@group-6F7F119D4D81-SegmentedRaftLogWorker] INFO  segmented.SegmentedRaftLogWorker (SegmentedRaftLogWorker.java:run(316)) - 11dfb04e-6810-4238-9e4b-3a7ed7d1a168@group-6F7F119D4D81-SegmentedRaftLogWorker was interrupted, exiting. There are 0 tasks remaining in the queue.
2019-10-10 06:18:10,100 [main] INFO  segmented.SegmentedRaftLogWorker (SegmentedRaftLogWorker.java:close(224)) - 11dfb04e-6810-4238-9e4b-3a7ed7d1a168@group-6F7F119D4D81-SegmentedRaftLogWorker close()
2019-10-10 06:18:10,101 [grpc-default-executor-6] INFO  impl.FollowerInfo (FollowerInfo.java:lambda$new$0(51)) - 11dfb04e-6810-4238-9e4b-3a7ed7d1a168@group-65FC8AD9E3F6->8d53fe72-945b-4c61-a61e-89d5ee983bd1: nextIndex: updateUnconditionally 17 -> 16
2019-10-10 06:18:10,106 [grpc-default-executor-7] INFO  impl.FollowerInfo (FollowerInfo.java:lambda$new$0(51)) - 11dfb04e-6810-4238-9e4b-3a7ed7d1a168@group-65FC8AD9E3F6->ee11eac9-f371-4dd3-b030-44ee70c0a8bc: nextIndex: updateUnconditionally 17 -> 16
2019-10-10 06:18:10,113 [11dfb04e-6810-4238-9e4b-3a7ed7d1a168@group-65FC8AD9E3F6-StateMachineUpdater] INFO  ratis.ContainerStateMachine (ContainerStateMachine.java:takeSnapshot(305)) - group-65FC8AD9E3F6: Finished taking a snapshot at:(t:1, i:14) file:/workdir/hadoop-ozone/integration-test/target/test-dir/MiniOzoneClusterImpl-6bc00d4f-b58d-47cd-9642-32568dc7b8bd/datanode-1/data/ratis/87e74914-41f6-467a-bc50-65fc8ad9e3f6/sm/snapshot.1_14 time:17
2019-10-10 06:18:10,113 [11dfb04e-6810-4238-9e4b-3a7ed7d1a168@group-65FC8AD9E3F6-StateMachineUpdater] INFO  impl.StateMachineUpdater (StateMachineUpdater.java:takeSnapshot(269)) - 11dfb04e-6810-4238-9e4b-3a7ed7d1a168@group-65FC8AD9E3F6-StateMachineUpdater: Took a snapshot at index 14
2019-10-10 06:18:10,114 [11dfb04e-6810-4238-9e4b-3a7ed7d1a168@group-65FC8AD9E3F6-StateMachineUpdater] INFO  impl.StateMachineUpdater (StateMachineUpdater.java:lambda$new$0(84)) - 11dfb04e-6810-4238-9e4b-3a7ed7d1a168@group-65FC8AD9E3F6-StateMachineUpdater: snapshotIndex: updateIncreasingly -1 -> 14
2019-10-10 06:18:10,114 [11dfb04e-6810-4238-9e4b-3a7ed7d1a168@group-65FC8AD9E3F6-StateMachineUpdater] INFO  ratis.ContainerStateMachine (ContainerStateMachine.java:takeSnapshot(294)) - group-65FC8AD9E3F6: Taking a snapshot at:(t:1, i:14) file /workdir/hadoop-ozone/integration-test/target/test-dir/MiniOzoneClusterImpl-6bc00d4f-b58d-47cd-9642-32568dc7b8bd/datanode-1/data/ratis/87e74914-41f6-467a-bc50-65fc8ad9e3f6/sm/snapshot.1_14
2019-10-10 06:18:10,135 [11dfb04e-6810-4238-9e4b-3a7ed7d1a168@group-65FC8AD9E3F6-StateMachineUpdater] INFO  ratis.ContainerStateMachine (ContainerStateMachine.java:takeSnapshot(305)) - group-65FC8AD9E3F6: Finished taking a snapshot at:(t:1, i:14) file:/workdir/hadoop-ozone/integration-test/target/test-dir/MiniOzoneClusterImpl-6bc00d4f-b58d-47cd-9642-32568dc7b8bd/datanode-1/data/ratis/87e74914-41f6-467a-bc50-65fc8ad9e3f6/sm/snapshot.1_14 time:21
2019-10-10 06:18:10,135 [11dfb04e-6810-4238-9e4b-3a7ed7d1a168@group-65FC8AD9E3F6-StateMachineUpdater] INFO  impl.StateMachineUpdater (StateMachineUpdater.java:takeSnapshot(269)) - 11dfb04e-6810-4238-9e4b-3a7ed7d1a168@group-65FC8AD9E3F6-StateMachineUpdater: Took a snapshot at index 14
2019-10-10 06:18:10,135 [11dfb04e-6810-4238-9e4b-3a7ed7d1a168@group-65FC8AD9E3F6-StateMachineUpdater] INFO  impl.StateMachineUpdater (StateMachineUpdater.java:lambda$new$0(84)) - 11dfb04e-6810-4238-9e4b-3a7ed7d1a168@group-65FC8AD9E3F6-StateMachineUpdater: snapshotIndex: updateIncreasingly 14 -> 14
2019-10-10 06:18:10,136 [ForkJoinPool.commonPool-worker-0] INFO  impl.RaftServerImpl (ServerState.java:close(387)) - 11dfb04e-6810-4238-9e4b-3a7ed7d1a168@group-65FC8AD9E3F6: closes. applyIndex: 16
2019-10-10 06:18:10,136 [11dfb04e-6810-4238-9e4b-3a7ed7d1a168@group-65FC8AD9E3F6-SegmentedRaftLogWorker] INFO  segmented.SegmentedRaftLogWorker (SegmentedRaftLogWorker.java:run(316)) - 11dfb04e-6810-4238-9e4b-3a7ed7d1a168@group-65FC8AD9E3F6-SegmentedRaftLogWorker was interrupted, exiting. There are 0 tasks remaining in the queue.
2019-10-10 06:18:10,139 [ForkJoinPool.commonPool-worker-0] INFO  segmented.SegmentedRaftLogWorker (SegmentedRaftLogWorker.java:close(224)) - 11dfb04e-6810-4238-9e4b-3a7ed7d1a168@group-65FC8AD9E3F6-SegmentedRaftLogWorker close()
2019-10-10 06:18:10,144 [main] INFO  server.GrpcService (GrpcService.java:closeImpl(164)) - 11dfb04e-6810-4238-9e4b-3a7ed7d1a168: shutdown server with port 43463 now
2019-10-10 06:18:10,145 [main] INFO  server.GrpcService (GrpcService.java:closeImpl(172)) - 11dfb04e-6810-4238-9e4b-3a7ed7d1a168: shutdown server with port 43463 successfully
2019-10-10 06:18:10,145 [grpc-default-executor-6] WARN  client.GrpcClientProtocolService (LogUtils.java:warn(134)) - 3-UnorderedRequestStreamObserver3: onError: org.apache.ratis.thirdparty.io.grpc.StatusRuntimeException: CANCELLED: cancelled before receiving half close
2019-10-10 06:18:10,150 [refreshUsed-/workdir/hadoop-ozone/integration-test/target/test-dir/MiniOzoneClusterImpl-6bc00d4f-b58d-47cd-9642-32568dc7b8bd/datanode-1/data/containers] WARN  fs.CachingGetSpaceUsed (CachingGetSpaceUsed.java:run(183)) - Thread Interrupted waiting to refresh disk information: sleep interrupted
2019-10-10 06:18:10,166 [main] INFO  utils.BackgroundService (BackgroundService.java:shutdown(151)) - Shutting down service BlockDeletingService
2019-10-10 06:18:10,174 [main] INFO  statemachine.DatanodeStateMachine (DatanodeStateMachine.java:stopDaemon(395)) - Ozone container server stopped.
2019-10-10 06:18:10,177 [main] INFO  handler.ContextHandler (ContextHandler.java:doStop(910)) - Stopped o.e.j.w.WebAppContext@340afaf8{/,null,UNAVAILABLE}{/hddsDatanode}
2019-10-10 06:18:10,178 [main] INFO  server.AbstractConnector (AbstractConnector.java:doStop(318)) - Stopped ServerConnector@6238d5e0{HTTP/1.1,[http/1.1]}{0.0.0.0:0}
2019-10-10 06:18:10,178 [main] INFO  handler.ContextHandler (ContextHandler.java:doStop(910)) - Stopped o.e.j.s.ServletContextHandler@454bcbbf{/static,jar:file:/home/user/.m2/repository/org/apache/hadoop/hadoop-hdds-container-service/0.5.0-SNAPSHOT/hadoop-hdds-container-service-0.5.0-SNAPSHOT.jar!/webapps/static,UNAVAILABLE}
2019-10-10 06:18:10,179 [main] INFO  handler.ContextHandler (ContextHandler.java:doStop(910)) - Stopped o.e.j.s.ServletContextHandler@20256a0b{/logs,file:///workdir/hadoop-ozone/integration-test/target/log,UNAVAILABLE}
2019-10-10 06:18:19,686 [Thread-2967] INFO  impl.FollowerState (FollowerState.java:run(108)) - ee11eac9-f371-4dd3-b030-44ee70c0a8bc@group-65FC8AD9E3F6-FollowerState: change to CANDIDATE, lastRpcTime:9604ms, electionTimeout:5029ms
2019-10-10 06:18:19,686 [Thread-2967] INFO  impl.RoleInfo (RoleInfo.java:shutdownFollowerState(121)) - ee11eac9-f371-4dd3-b030-44ee70c0a8bc: shutdown FollowerState
2019-10-10 06:18:19,686 [Thread-2967] INFO  impl.RaftServerImpl (RaftServerImpl.java:setRole(170)) - ee11eac9-f371-4dd3-b030-44ee70c0a8bc@group-65FC8AD9E3F6: changes role from  FOLLOWER to CANDIDATE at term 1 for changeToCandidate
2019-10-10 06:18:19,687 [Thread-2967] INFO  impl.RoleInfo (RoleInfo.java:updateAndGet(143)) - ee11eac9-f371-4dd3-b030-44ee70c0a8bc: start LeaderElection
2019-10-10 06:18:19,687 [ee11eac9-f371-4dd3-b030-44ee70c0a8bc@group-65FC8AD9E3F6-LeaderElection69] INFO  impl.RaftServerImpl (ServerState.java:setLeader(255)) - ee11eac9-f371-4dd3-b030-44ee70c0a8bc@group-65FC8AD9E3F6: change Leader from 11dfb04e-6810-4238-9e4b-3a7ed7d1a168 to null at term 1 for initElection
2019-10-10 06:18:19,701 [ee11eac9-f371-4dd3-b030-44ee70c0a8bc@group-65FC8AD9E3F6-LeaderElection69] INFO  impl.LeaderElection (LeaderElection.java:askForVotes(178)) - ee11eac9-f371-4dd3-b030-44ee70c0a8bc@group-65FC8AD9E3F6-LeaderElection69: begin an election at term 2 for 0: [ee11eac9-f371-4dd3-b030-44ee70c0a8bc:192.168.151.114:46288, 11dfb04e-6810-4238-9e4b-3a7ed7d1a168:192.168.151.114:43463, 8d53fe72-945b-4c61-a61e-89d5ee983bd1:192.168.151.114:44418], old=null
2019-10-10 06:18:19,703 [ee11eac9-f371-4dd3-b030-44ee70c0a8bc@group-65FC8AD9E3F6-LeaderElection69] INFO  impl.LeaderElection (LogUtils.java:infoOrTrace(149)) - ee11eac9-f371-4dd3-b030-44ee70c0a8bc@group-65FC8AD9E3F6-LeaderElection69 got exception when requesting votes: {}
java.util.concurrent.ExecutionException: org.apache.ratis.thirdparty.io.grpc.StatusRuntimeException: UNAVAILABLE: io exception
	at java.util.concurrent.FutureTask.report(FutureTask.java:122)
	at java.util.concurrent.FutureTask.get(FutureTask.java:192)
	at org.apache.ratis.server.impl.LeaderElection.waitForResults(LeaderElection.java:259)
	at org.apache.ratis.server.impl.LeaderElection.askForVotes(LeaderElection.java:197)
	at org.apache.ratis.server.impl.LeaderElection.run(LeaderElection.java:133)
	at java.lang.Thread.run(Thread.java:748)
Caused by: org.apache.ratis.thirdparty.io.grpc.StatusRuntimeException: UNAVAILABLE: io exception
	at org.apache.ratis.thirdparty.io.grpc.stub.ClientCalls.toStatusRuntimeException(ClientCalls.java:233)
	at org.apache.ratis.thirdparty.io.grpc.stub.ClientCalls.getUnchecked(ClientCalls.java:214)
	at org.apache.ratis.thirdparty.io.grpc.stub.ClientCalls.blockingUnaryCall(ClientCalls.java:139)
	at org.apache.ratis.proto.grpc.RaftServerProtocolServiceGrpc$RaftServerProtocolServiceBlockingStub.requestVote(RaftServerProtocolServiceGrpc.java:265)
	at org.apache.ratis.grpc.server.GrpcServerProtocolClient.requestVote(GrpcServerProtocolClient.java:99)
	at org.apache.ratis.grpc.server.GrpcService.requestVote(GrpcService.java:204)
	at org.apache.ratis.server.impl.LeaderElection.lambda$submitRequests$1(LeaderElection.java:234)
	at java.util.concurrent.FutureTask.run(FutureTask.java:266)
	at java.util.concurrent.Executors$RunnableAdapter.call(Executors.java:511)
	at java.util.concurrent.FutureTask.run(FutureTask.java:266)
	at java.util.concurrent.ThreadPoolExecutor.runWorker(ThreadPoolExecutor.java:1149)
	at java.util.concurrent.ThreadPoolExecutor$Worker.run(ThreadPoolExecutor.java:624)
	... 1 more
Caused by: org.apache.ratis.thirdparty.io.netty.channel.AbstractChannel$AnnotatedConnectException: Connection refused: /192.168.151.114:43463
	at sun.nio.ch.SocketChannelImpl.checkConnect(Native Method)
	at sun.nio.ch.SocketChannelImpl.finishConnect(SocketChannelImpl.java:717)
	at org.apache.ratis.thirdparty.io.netty.channel.socket.nio.NioSocketChannel.doFinishConnect(NioSocketChannel.java:327)
	at org.apache.ratis.thirdparty.io.netty.channel.nio.AbstractNioChannel$AbstractNioUnsafe.finishConnect(AbstractNioChannel.java:340)
	at org.apache.ratis.thirdparty.io.netty.channel.nio.NioEventLoop.processSelectedKey(NioEventLoop.java:632)
	at org.apache.ratis.thirdparty.io.netty.channel.nio.NioEventLoop.processSelectedKeysOptimized(NioEventLoop.java:579)
	at org.apache.ratis.thirdparty.io.netty.channel.nio.NioEventLoop.processSelectedKeys(NioEventLoop.java:496)
	at org.apache.ratis.thirdparty.io.netty.channel.nio.NioEventLoop.run(NioEventLoop.java:458)
	at org.apache.ratis.thirdparty.io.netty.util.concurrent.SingleThreadEventExecutor$5.run(SingleThreadEventExecutor.java:897)
	at org.apache.ratis.thirdparty.io.netty.util.concurrent.FastThreadLocalRunnable.run(FastThreadLocalRunnable.java:30)
	... 1 more
Caused by: java.net.ConnectException: Connection refused
	... 11 more
2019-10-10 06:18:19,716 [grpc-default-executor-6] INFO  impl.RaftServerImpl (ServerState.java:setLeader(255)) - 8d53fe72-945b-4c61-a61e-89d5ee983bd1@group-65FC8AD9E3F6: change Leader from 11dfb04e-6810-4238-9e4b-3a7ed7d1a168 to null at term 2 for updateCurrentTerm
2019-10-10 06:18:19,716 [grpc-default-executor-6] INFO  impl.RaftServerImpl (RaftServerImpl.java:setRole(170)) - 8d53fe72-945b-4c61-a61e-89d5ee983bd1@group-65FC8AD9E3F6: changes role from  FOLLOWER to FOLLOWER at term 2 for recognizeCandidate:ee11eac9-f371-4dd3-b030-44ee70c0a8bc
2019-10-10 06:18:19,716 [grpc-default-executor-6] INFO  impl.RoleInfo (RoleInfo.java:shutdownFollowerState(121)) - 8d53fe72-945b-4c61-a61e-89d5ee983bd1: shutdown FollowerState
2019-10-10 06:18:19,717 [grpc-default-executor-6] INFO  impl.RoleInfo (RoleInfo.java:updateAndGet(143)) - 8d53fe72-945b-4c61-a61e-89d5ee983bd1: start FollowerState
2019-10-10 06:18:19,717 [Thread-2968] INFO  impl.FollowerState (FollowerState.java:run(117)) - 8d53fe72-945b-4c61-a61e-89d5ee983bd1@group-65FC8AD9E3F6-FollowerState was interrupted: java.lang.InterruptedException: sleep interrupted
2019-10-10 06:18:19,734 [ee11eac9-f371-4dd3-b030-44ee70c0a8bc@group-65FC8AD9E3F6-LeaderElection69] INFO  impl.LeaderElection (LeaderElection.java:logAndReturn(56)) - ee11eac9-f371-4dd3-b030-44ee70c0a8bc@group-65FC8AD9E3F6-LeaderElection69: Election PASSED; received 1 response(s) [ee11eac9-f371-4dd3-b030-44ee70c0a8bc<-8d53fe72-945b-4c61-a61e-89d5ee983bd1#0:OK-t2] and 1 exception(s); ee11eac9-f371-4dd3-b030-44ee70c0a8bc@group-65FC8AD9E3F6:t2, leader=null, voted=ee11eac9-f371-4dd3-b030-44ee70c0a8bc, raftlog=ee11eac9-f371-4dd3-b030-44ee70c0a8bc@group-65FC8AD9E3F6-SegmentedRaftLog:OPENED:c16,f16,i16, conf=0: [ee11eac9-f371-4dd3-b030-44ee70c0a8bc:192.168.151.114:46288, 11dfb04e-6810-4238-9e4b-3a7ed7d1a168:192.168.151.114:43463, 8d53fe72-945b-4c61-a61e-89d5ee983bd1:192.168.151.114:44418], old=null
2019-10-10 06:18:19,734 [ee11eac9-f371-4dd3-b030-44ee70c0a8bc@group-65FC8AD9E3F6-LeaderElection69] INFO  impl.LeaderElection (LogUtils.java:infoOrTrace(149)) -   Exception 0: {}
java.util.concurrent.ExecutionException: org.apache.ratis.thirdparty.io.grpc.StatusRuntimeException: UNAVAILABLE: io exception
	at java.util.concurrent.FutureTask.report(FutureTask.java:122)
	at java.util.concurrent.FutureTask.get(FutureTask.java:192)
	at org.apache.ratis.server.impl.LeaderElection.waitForResults(LeaderElection.java:259)
	at org.apache.ratis.server.impl.LeaderElection.askForVotes(LeaderElection.java:197)
	at org.apache.ratis.server.impl.LeaderElection.run(LeaderElection.java:133)
	at java.lang.Thread.run(Thread.java:748)
Caused by: org.apache.ratis.thirdparty.io.grpc.StatusRuntimeException: UNAVAILABLE: io exception
	at org.apache.ratis.thirdparty.io.grpc.stub.ClientCalls.toStatusRuntimeException(ClientCalls.java:233)
	at org.apache.ratis.thirdparty.io.grpc.stub.ClientCalls.getUnchecked(ClientCalls.java:214)
	at org.apache.ratis.thirdparty.io.grpc.stub.ClientCalls.blockingUnaryCall(ClientCalls.java:139)
	at org.apache.ratis.proto.grpc.RaftServerProtocolServiceGrpc$RaftServerProtocolServiceBlockingStub.requestVote(RaftServerProtocolServiceGrpc.java:265)
	at org.apache.ratis.grpc.server.GrpcServerProtocolClient.requestVote(GrpcServerProtocolClient.java:99)
	at org.apache.ratis.grpc.server.GrpcService.requestVote(GrpcService.java:204)
	at org.apache.ratis.server.impl.LeaderElection.lambda$submitRequests$1(LeaderElection.java:234)
	at java.util.concurrent.FutureTask.run(FutureTask.java:266)
	at java.util.concurrent.Executors$RunnableAdapter.call(Executors.java:511)
	at java.util.concurrent.FutureTask.run(FutureTask.java:266)
	at java.util.concurrent.ThreadPoolExecutor.runWorker(ThreadPoolExecutor.java:1149)
	at java.util.concurrent.ThreadPoolExecutor$Worker.run(ThreadPoolExecutor.java:624)
	... 1 more
Caused by: org.apache.ratis.thirdparty.io.netty.channel.AbstractChannel$AnnotatedConnectException: Connection refused: /192.168.151.114:43463
	at sun.nio.ch.SocketChannelImpl.checkConnect(Native Method)
	at sun.nio.ch.SocketChannelImpl.finishConnect(SocketChannelImpl.java:717)
	at org.apache.ratis.thirdparty.io.netty.channel.socket.nio.NioSocketChannel.doFinishConnect(NioSocketChannel.java:327)
	at org.apache.ratis.thirdparty.io.netty.channel.nio.AbstractNioChannel$AbstractNioUnsafe.finishConnect(AbstractNioChannel.java:340)
	at org.apache.ratis.thirdparty.io.netty.channel.nio.NioEventLoop.processSelectedKey(NioEventLoop.java:632)
	at org.apache.ratis.thirdparty.io.netty.channel.nio.NioEventLoop.processSelectedKeysOptimized(NioEventLoop.java:579)
	at org.apache.ratis.thirdparty.io.netty.channel.nio.NioEventLoop.processSelectedKeys(NioEventLoop.java:496)
	at org.apache.ratis.thirdparty.io.netty.channel.nio.NioEventLoop.run(NioEventLoop.java:458)
	at org.apache.ratis.thirdparty.io.netty.util.concurrent.SingleThreadEventExecutor$5.run(SingleThreadEventExecutor.java:897)
	at org.apache.ratis.thirdparty.io.netty.util.concurrent.FastThreadLocalRunnable.run(FastThreadLocalRunnable.java:30)
	... 1 more
Caused by: java.net.ConnectException: Connection refused
	... 11 more
2019-10-10 06:18:19,735 [ee11eac9-f371-4dd3-b030-44ee70c0a8bc@group-65FC8AD9E3F6-LeaderElection69] INFO  impl.RoleInfo (RoleInfo.java:shutdownLeaderElection(134)) - ee11eac9-f371-4dd3-b030-44ee70c0a8bc: shutdown LeaderElection
2019-10-10 06:18:19,735 [ee11eac9-f371-4dd3-b030-44ee70c0a8bc@group-65FC8AD9E3F6-LeaderElection69] INFO  impl.RaftServerImpl (RaftServerImpl.java:setRole(170)) - ee11eac9-f371-4dd3-b030-44ee70c0a8bc@group-65FC8AD9E3F6: changes role from CANDIDATE to LEADER at term 2 for changeToLeader
2019-10-10 06:18:19,735 [ee11eac9-f371-4dd3-b030-44ee70c0a8bc@group-65FC8AD9E3F6-LeaderElection69] INFO  impl.RaftServerImpl (ServerState.java:setLeader(255)) - ee11eac9-f371-4dd3-b030-44ee70c0a8bc@group-65FC8AD9E3F6: change Leader from null to ee11eac9-f371-4dd3-b030-44ee70c0a8bc at term 2 for becomeLeader, leader elected after 47ms
2019-10-10 06:18:19,735 [ee11eac9-f371-4dd3-b030-44ee70c0a8bc@group-65FC8AD9E3F6-LeaderElection69] INFO  server.RaftServerConfigKeys (ConfUtils.java:logGet(43)) - raft.server.staging.catchup.gap = 1000 (default)
2019-10-10 06:18:19,735 [ee11eac9-f371-4dd3-b030-44ee70c0a8bc@group-65FC8AD9E3F6-LeaderElection69] INFO  server.RaftServerConfigKeys (ConfUtils.java:logGet(43)) - raft.server.rpc.sleep.time = 25ms (default)
2019-10-10 06:18:19,735 [ee11eac9-f371-4dd3-b030-44ee70c0a8bc@group-65FC8AD9E3F6-LeaderElection69] INFO  server.RaftServerConfigKeys (ConfUtils.java:logGet(43)) - raft.server.write.element-limit = 4096 (default)
2019-10-10 06:18:19,735 [ee11eac9-f371-4dd3-b030-44ee70c0a8bc@group-65FC8AD9E3F6-LeaderElection69] INFO  server.RaftServerConfigKeys (ConfUtils.java:logGet(43)) - raft.server.watch.timeout = 10s (default)
2019-10-10 06:18:19,736 [ee11eac9-f371-4dd3-b030-44ee70c0a8bc@group-65FC8AD9E3F6-LeaderElection69] INFO  server.RaftServerConfigKeys (ConfUtils.java:logGet(43)) - raft.server.watch.timeout.denomination = 1s (default)
2019-10-10 06:18:19,736 [ee11eac9-f371-4dd3-b030-44ee70c0a8bc@group-65FC8AD9E3F6-LeaderElection69] INFO  server.RaftServerConfigKeys (ConfUtils.java:logGet(43)) - raft.server.watch.element-limit = 65536 (default)
2019-10-10 06:18:19,738 [ee11eac9-f371-4dd3-b030-44ee70c0a8bc@group-65FC8AD9E3F6-LeaderElection69] INFO  server.RaftServerConfigKeys (ConfUtils.java:logGet(43)) - raft.server.log.appender.snapshot.chunk.size.max = 16MB (=16777216) (default)
2019-10-10 06:18:19,738 [ee11eac9-f371-4dd3-b030-44ee70c0a8bc@group-65FC8AD9E3F6-LeaderElection69] INFO  server.RaftServerConfigKeys (ConfUtils.java:logGet(43)) - raft.server.log.appender.buffer.byte-limit = 33554432 (custom)
2019-10-10 06:18:19,738 [ee11eac9-f371-4dd3-b030-44ee70c0a8bc@group-65FC8AD9E3F6-LeaderElection69] INFO  server.RaftServerConfigKeys (ConfUtils.java:logGet(43)) - raft.server.log.appender.buffer.element-limit = 1 (custom)
2019-10-10 06:18:19,738 [ee11eac9-f371-4dd3-b030-44ee70c0a8bc@group-65FC8AD9E3F6-LeaderElection69] INFO  grpc.GrpcConfigKeys$Server (ConfUtils.java:logGet(43)) - raft.grpc.server.leader.outstanding.appends.max = 128 (default)
2019-10-10 06:18:19,738 [ee11eac9-f371-4dd3-b030-44ee70c0a8bc@group-65FC8AD9E3F6-LeaderElection69] INFO  server.RaftServerConfigKeys (ConfUtils.java:logGet(43)) - raft.server.rpc.request.timeout = 3000ms (default)
2019-10-10 06:18:19,738 [ee11eac9-f371-4dd3-b030-44ee70c0a8bc@group-65FC8AD9E3F6-LeaderElection69] INFO  server.RaftServerConfigKeys (ConfUtils.java:logGet(43)) - raft.server.log.appender.install.snapshot.enabled = false (custom)
2019-10-10 06:18:19,738 [ee11eac9-f371-4dd3-b030-44ee70c0a8bc@group-65FC8AD9E3F6-LeaderElection69] INFO  server.RaftServerConfigKeys (ConfUtils.java:logGet(43)) - raft.server.log.appender.snapshot.chunk.size.max = 16MB (=16777216) (default)
2019-10-10 06:18:19,739 [ee11eac9-f371-4dd3-b030-44ee70c0a8bc@group-65FC8AD9E3F6-LeaderElection69] INFO  server.RaftServerConfigKeys (ConfUtils.java:logGet(43)) - raft.server.log.appender.buffer.byte-limit = 33554432 (custom)
2019-10-10 06:18:19,739 [ee11eac9-f371-4dd3-b030-44ee70c0a8bc@group-65FC8AD9E3F6-LeaderElection69] INFO  server.RaftServerConfigKeys (ConfUtils.java:logGet(43)) - raft.server.log.appender.buffer.element-limit = 1 (custom)
2019-10-10 06:18:19,739 [ee11eac9-f371-4dd3-b030-44ee70c0a8bc@group-65FC8AD9E3F6-LeaderElection69] INFO  grpc.GrpcConfigKeys$Server (ConfUtils.java:logGet(43)) - raft.grpc.server.leader.outstanding.appends.max = 128 (default)
2019-10-10 06:18:19,739 [ee11eac9-f371-4dd3-b030-44ee70c0a8bc@group-65FC8AD9E3F6-LeaderElection69] INFO  server.RaftServerConfigKeys (ConfUtils.java:logGet(43)) - raft.server.rpc.request.timeout = 3000ms (default)
2019-10-10 06:18:19,739 [ee11eac9-f371-4dd3-b030-44ee70c0a8bc@group-65FC8AD9E3F6-LeaderElection69] INFO  server.RaftServerConfigKeys (ConfUtils.java:logGet(43)) - raft.server.log.appender.install.snapshot.enabled = false (custom)
2019-10-10 06:18:19,739 [ee11eac9-f371-4dd3-b030-44ee70c0a8bc@group-65FC8AD9E3F6-LeaderElection69] INFO  impl.RoleInfo (RoleInfo.java:updateAndGet(143)) - ee11eac9-f371-4dd3-b030-44ee70c0a8bc: start LeaderState
2019-10-10 06:18:19,739 [ee11eac9-f371-4dd3-b030-44ee70c0a8bc@group-65FC8AD9E3F6-LeaderElection69] INFO  segmented.SegmentedRaftLogWorker (SegmentedRaftLogWorker.java:rollLogSegment(390)) - ee11eac9-f371-4dd3-b030-44ee70c0a8bc@group-65FC8AD9E3F6-SegmentedRaftLogWorker: Rolling segment log-0_16 to index:16
2019-10-10 06:18:19,740 [ee11eac9-f371-4dd3-b030-44ee70c0a8bc@group-65FC8AD9E3F6-LeaderElection69] INFO  impl.RaftServerImpl (ServerState.java:setRaftConf(356)) - ee11eac9-f371-4dd3-b030-44ee70c0a8bc@group-65FC8AD9E3F6: set configuration 17: [ee11eac9-f371-4dd3-b030-44ee70c0a8bc:192.168.151.114:46288, 11dfb04e-6810-4238-9e4b-3a7ed7d1a168:192.168.151.114:43463, 8d53fe72-945b-4c61-a61e-89d5ee983bd1:192.168.151.114:44418], old=null at 17
2019-10-10 06:18:19,741 [grpc-default-executor-6] WARN  server.GrpcLogAppender (LogUtils.java:warn(134)) - ee11eac9-f371-4dd3-b030-44ee70c0a8bc@group-65FC8AD9E3F6->11dfb04e-6810-4238-9e4b-3a7ed7d1a168-AppendLogResponseHandler: Failed appendEntries: org.apache.ratis.thirdparty.io.grpc.StatusRuntimeException: UNAVAILABLE: io exception
2019-10-10 06:18:19,744 [grpc-default-executor-6] INFO  impl.FollowerInfo (FollowerInfo.java:lambda$new$0(51)) - ee11eac9-f371-4dd3-b030-44ee70c0a8bc@group-65FC8AD9E3F6->11dfb04e-6810-4238-9e4b-3a7ed7d1a168: nextIndex: updateUnconditionally 17 -> 1
2019-10-10 06:18:19,745 [grpc-default-executor-7] INFO  impl.RaftServerImpl (ServerState.java:setLeader(255)) - 8d53fe72-945b-4c61-a61e-89d5ee983bd1@group-65FC8AD9E3F6: change Leader from null to ee11eac9-f371-4dd3-b030-44ee70c0a8bc at term 2 for appendEntries, leader elected after 28ms
2019-10-10 06:18:19,744 [ee11eac9-f371-4dd3-b030-44ee70c0a8bc@group-65FC8AD9E3F6-SegmentedRaftLogWorker] INFO  segmented.SegmentedRaftLogWorker (SegmentedRaftLogWorker.java:execute(531)) - ee11eac9-f371-4dd3-b030-44ee70c0a8bc@group-65FC8AD9E3F6-SegmentedRaftLogWorker: Rolled log segment from /workdir/hadoop-ozone/integration-test/target/test-dir/MiniOzoneClusterImpl-6bc00d4f-b58d-47cd-9642-32568dc7b8bd/datanode-0/data/ratis/87e74914-41f6-467a-bc50-65fc8ad9e3f6/current/log_inprogress_0 to /workdir/hadoop-ozone/integration-test/target/test-dir/MiniOzoneClusterImpl-6bc00d4f-b58d-47cd-9642-32568dc7b8bd/datanode-0/data/ratis/87e74914-41f6-467a-bc50-65fc8ad9e3f6/current/log_0-16
2019-10-10 06:18:19,747 [grpc-default-executor-7] INFO  impl.RaftServerImpl (ServerState.java:setRaftConf(356)) - 8d53fe72-945b-4c61-a61e-89d5ee983bd1@group-65FC8AD9E3F6: set configuration 17: [ee11eac9-f371-4dd3-b030-44ee70c0a8bc:192.168.151.114:46288, 11dfb04e-6810-4238-9e4b-3a7ed7d1a168:192.168.151.114:43463, 8d53fe72-945b-4c61-a61e-89d5ee983bd1:192.168.151.114:44418], old=null at 17
2019-10-10 06:18:19,747 [grpc-default-executor-7] INFO  segmented.SegmentedRaftLogWorker (SegmentedRaftLogWorker.java:rollLogSegment(390)) - 8d53fe72-945b-4c61-a61e-89d5ee983bd1@group-65FC8AD9E3F6-SegmentedRaftLogWorker: Rolling segment log-0_16 to index:16
2019-10-10 06:18:19,748 [8d53fe72-945b-4c61-a61e-89d5ee983bd1@group-65FC8AD9E3F6-SegmentedRaftLogWorker] INFO  segmented.SegmentedRaftLogWorker (SegmentedRaftLogWorker.java:execute(531)) - 8d53fe72-945b-4c61-a61e-89d5ee983bd1@group-65FC8AD9E3F6-SegmentedRaftLogWorker: Rolled log segment from /workdir/hadoop-ozone/integration-test/target/test-dir/MiniOzoneClusterImpl-6bc00d4f-b58d-47cd-9642-32568dc7b8bd/datanode-2/data/ratis/87e74914-41f6-467a-bc50-65fc8ad9e3f6/current/log_inprogress_0 to /workdir/hadoop-ozone/integration-test/target/test-dir/MiniOzoneClusterImpl-6bc00d4f-b58d-47cd-9642-32568dc7b8bd/datanode-2/data/ratis/87e74914-41f6-467a-bc50-65fc8ad9e3f6/current/log_0-16
2019-10-10 06:18:19,796 [ee11eac9-f371-4dd3-b030-44ee70c0a8bc@group-65FC8AD9E3F6-SegmentedRaftLogWorker] INFO  segmented.SegmentedRaftLogWorker (SegmentedRaftLogWorker.java:execute(574)) - ee11eac9-f371-4dd3-b030-44ee70c0a8bc@group-65FC8AD9E3F6-SegmentedRaftLogWorker: created new log segment /workdir/hadoop-ozone/integration-test/target/test-dir/MiniOzoneClusterImpl-6bc00d4f-b58d-47cd-9642-32568dc7b8bd/datanode-0/data/ratis/87e74914-41f6-467a-bc50-65fc8ad9e3f6/current/log_inprogress_17
2019-10-10 06:18:19,820 [8d53fe72-945b-4c61-a61e-89d5ee983bd1@group-65FC8AD9E3F6-SegmentedRaftLogWorker] INFO  segmented.SegmentedRaftLogWorker (SegmentedRaftLogWorker.java:execute(574)) - 8d53fe72-945b-4c61-a61e-89d5ee983bd1@group-65FC8AD9E3F6-SegmentedRaftLogWorker: created new log segment /workdir/hadoop-ozone/integration-test/target/test-dir/MiniOzoneClusterImpl-6bc00d4f-b58d-47cd-9642-32568dc7b8bd/datanode-2/data/ratis/87e74914-41f6-467a-bc50-65fc8ad9e3f6/current/log_inprogress_17
2019-10-10 06:18:19,846 [grpc-default-executor-5] WARN  server.GrpcLogAppender (LogUtils.java:warn(134)) - ee11eac9-f371-4dd3-b030-44ee70c0a8bc@group-65FC8AD9E3F6->11dfb04e-6810-4238-9e4b-3a7ed7d1a168-AppendLogResponseHandler: Failed appendEntries: org.apache.ratis.thirdparty.io.grpc.StatusRuntimeException: UNAVAILABLE: io exception
2019-10-10 06:18:19,847 [grpc-default-executor-5] INFO  impl.FollowerInfo (FollowerInfo.java:lambda$new$0(51)) - ee11eac9-f371-4dd3-b030-44ee70c0a8bc@group-65FC8AD9E3F6->11dfb04e-6810-4238-9e4b-3a7ed7d1a168: nextIndex: updateUnconditionally 2 -> 1
2019-10-10 06:18:19,862 [grpc-default-executor-5] WARN  server.GrpcLogAppender (LogUtils.java:warn(134)) - ee11eac9-f371-4dd3-b030-44ee70c0a8bc@group-65FC8AD9E3F6->11dfb04e-6810-4238-9e4b-3a7ed7d1a168-AppendLogResponseHandler: Failed appendEntries: org.apache.ratis.thirdparty.io.grpc.StatusRuntimeException: UNAVAILABLE: io exception
2019-10-10 06:18:19,862 [grpc-default-executor-5] INFO  impl.FollowerInfo (FollowerInfo.java:lambda$new$0(51)) - ee11eac9-f371-4dd3-b030-44ee70c0a8bc@group-65FC8AD9E3F6->11dfb04e-6810-4238-9e4b-3a7ed7d1a168: nextIndex: updateUnconditionally 2 -> 1
06:18:20.415 [grpc-default-executor-7] ERROR DNAudit - user=null | ip=null | op=WRITE_CHUNK {blockData=conID: 1 locID: 102936627092717581 bcsId: 14} | ret=FAILURE
org.apache.hadoop.hdds.scm.container.common.helpers.ContainerNotOpenException: Container 1 in CLOSING state
	at org.apache.hadoop.ozone.container.common.impl.HddsDispatcher.validateContainerCommand(HddsDispatcher.java:436) ~[hadoop-hdds-container-service-0.5.0-SNAPSHOT.jar:?]
	at org.apache.hadoop.ozone.container.common.transport.server.ratis.ContainerStateMachine.startTransaction(ContainerStateMachine.java:320) ~[hadoop-hdds-container-service-0.5.0-SNAPSHOT.jar:?]
	at org.apache.ratis.server.impl.RaftServerImpl.submitClientRequestAsync(RaftServerImpl.java:569) ~[ratis-server-0.5.0-201fc85-SNAPSHOT.jar:0.5.0-201fc85-SNAPSHOT]
	at org.apache.ratis.server.impl.RaftServerProxy.lambda$submitClientRequestAsync$7(RaftServerProxy.java:333) ~[ratis-server-0.5.0-201fc85-SNAPSHOT.jar:0.5.0-201fc85-SNAPSHOT]
	at org.apache.ratis.server.impl.RaftServerProxy.lambda$null$5(RaftServerProxy.java:328) ~[ratis-server-0.5.0-201fc85-SNAPSHOT.jar:0.5.0-201fc85-SNAPSHOT]
	at org.apache.ratis.util.JavaUtils.callAsUnchecked(JavaUtils.java:109) ~[ratis-common-0.5.0-201fc85-SNAPSHOT.jar:0.5.0-201fc85-SNAPSHOT]
	at org.apache.ratis.server.impl.RaftServerProxy.lambda$submitRequest$6(RaftServerProxy.java:328) ~[ratis-server-0.5.0-201fc85-SNAPSHOT.jar:0.5.0-201fc85-SNAPSHOT]
	at java.util.concurrent.CompletableFuture.uniComposeStage(CompletableFuture.java:981) ~[?:1.8.0_212]
	at java.util.concurrent.CompletableFuture.thenCompose(CompletableFuture.java:2124) ~[?:1.8.0_212]
	at org.apache.ratis.server.impl.RaftServerProxy.submitRequest(RaftServerProxy.java:327) ~[ratis-server-0.5.0-201fc85-SNAPSHOT.jar:0.5.0-201fc85-SNAPSHOT]
	at org.apache.ratis.server.impl.RaftServerProxy.submitClientRequestAsync(RaftServerProxy.java:333) ~[ratis-server-0.5.0-201fc85-SNAPSHOT.jar:0.5.0-201fc85-SNAPSHOT]
	at org.apache.ratis.grpc.client.GrpcClientProtocolService$RequestStreamObserver.processClientRequest(GrpcClientProtocolService.java:220) ~[ratis-grpc-0.5.0-201fc85-SNAPSHOT.jar:0.5.0-201fc85-SNAPSHOT]
	at org.apache.ratis.grpc.client.GrpcClientProtocolService$OrderedRequestStreamObserver.processClientRequest(GrpcClientProtocolService.java:326) ~[ratis-grpc-0.5.0-201fc85-SNAPSHOT.jar:0.5.0-201fc85-SNAPSHOT]
	at org.apache.ratis.util.SlidingWindow$Server.processRequestsFromHead(SlidingWindow.java:429) [ratis-common-0.5.0-201fc85-SNAPSHOT.jar:0.5.0-201fc85-SNAPSHOT]
	at org.apache.ratis.util.SlidingWindow$Server.receivedRequest(SlidingWindow.java:421) [ratis-common-0.5.0-201fc85-SNAPSHOT.jar:0.5.0-201fc85-SNAPSHOT]
	at org.apache.ratis.grpc.client.GrpcClientProtocolService$OrderedRequestStreamObserver.processClientRequest(GrpcClientProtocolService.java:345) [ratis-grpc-0.5.0-201fc85-SNAPSHOT.jar:0.5.0-201fc85-SNAPSHOT]
	at org.apache.ratis.grpc.client.GrpcClientProtocolService$RequestStreamObserver.onNext(GrpcClientProtocolService.java:240) [ratis-grpc-0.5.0-201fc85-SNAPSHOT.jar:0.5.0-201fc85-SNAPSHOT]
	at org.apache.ratis.grpc.client.GrpcClientProtocolService$RequestStreamObserver.onNext(GrpcClientProtocolService.java:168) [ratis-grpc-0.5.0-201fc85-SNAPSHOT.jar:0.5.0-201fc85-SNAPSHOT]
	at org.apache.ratis.thirdparty.io.grpc.stub.ServerCalls$StreamingServerCallHandler$StreamingServerCallListener.onMessage(ServerCalls.java:248) [ratis-thirdparty-misc-0.2.0.jar:0.2.0]
	at org.apache.ratis.thirdparty.io.grpc.internal.ServerCallImpl$ServerStreamListenerImpl.messagesAvailable(ServerCallImpl.java:263) [ratis-thirdparty-misc-0.2.0.jar:0.2.0]
	at org.apache.ratis.thirdparty.io.grpc.internal.ServerImpl$JumpToApplicationThreadServerStreamListener$1MessagesAvailable.runInContext(ServerImpl.java:686) [ratis-thirdparty-misc-0.2.0.jar:0.2.0]
	at org.apache.ratis.thirdparty.io.grpc.internal.ContextRunnable.run(ContextRunnable.java:37) [ratis-thirdparty-misc-0.2.0.jar:0.2.0]
	at org.apache.ratis.thirdparty.io.grpc.internal.SerializingExecutor.run(SerializingExecutor.java:123) [ratis-thirdparty-misc-0.2.0.jar:0.2.0]
	at java.util.concurrent.ThreadPoolExecutor.runWorker(ThreadPoolExecutor.java:1149) [?:1.8.0_212]
	at java.util.concurrent.ThreadPoolExecutor$Worker.run(ThreadPoolExecutor.java:624) [?:1.8.0_212]
	at java.lang.Thread.run(Thread.java:748) [?:1.8.0_212]
06:18:20.435 [grpc-default-executor-5] ERROR DNAudit - user=null | ip=null | op=WRITE_CHUNK {blockData=conID: 1 locID: 102936627092717581 bcsId: 14} | ret=FAILURE
org.apache.hadoop.hdds.scm.container.common.helpers.ContainerNotOpenException: Container 1 in CLOSING state
	at org.apache.hadoop.ozone.container.common.impl.HddsDispatcher.validateContainerCommand(HddsDispatcher.java:436) ~[hadoop-hdds-container-service-0.5.0-SNAPSHOT.jar:?]
	at org.apache.hadoop.ozone.container.common.transport.server.ratis.ContainerStateMachine.startTransaction(ContainerStateMachine.java:320) ~[hadoop-hdds-container-service-0.5.0-SNAPSHOT.jar:?]
	at org.apache.ratis.server.impl.RaftServerImpl.submitClientRequestAsync(RaftServerImpl.java:569) ~[ratis-server-0.5.0-201fc85-SNAPSHOT.jar:0.5.0-201fc85-SNAPSHOT]
	at org.apache.ratis.server.impl.RaftServerProxy.lambda$submitClientRequestAsync$7(RaftServerProxy.java:333) ~[ratis-server-0.5.0-201fc85-SNAPSHOT.jar:0.5.0-201fc85-SNAPSHOT]
	at org.apache.ratis.server.impl.RaftServerProxy.lambda$null$5(RaftServerProxy.java:328) ~[ratis-server-0.5.0-201fc85-SNAPSHOT.jar:0.5.0-201fc85-SNAPSHOT]
	at org.apache.ratis.util.JavaUtils.callAsUnchecked(JavaUtils.java:109) ~[ratis-common-0.5.0-201fc85-SNAPSHOT.jar:0.5.0-201fc85-SNAPSHOT]
	at org.apache.ratis.server.impl.RaftServerProxy.lambda$submitRequest$6(RaftServerProxy.java:328) ~[ratis-server-0.5.0-201fc85-SNAPSHOT.jar:0.5.0-201fc85-SNAPSHOT]
	at java.util.concurrent.CompletableFuture.uniComposeStage(CompletableFuture.java:981) ~[?:1.8.0_212]
	at java.util.concurrent.CompletableFuture.thenCompose(CompletableFuture.java:2124) ~[?:1.8.0_212]
	at org.apache.ratis.server.impl.RaftServerProxy.submitRequest(RaftServerProxy.java:327) ~[ratis-server-0.5.0-201fc85-SNAPSHOT.jar:0.5.0-201fc85-SNAPSHOT]
	at org.apache.ratis.server.impl.RaftServerProxy.submitClientRequestAsync(RaftServerProxy.java:333) ~[ratis-server-0.5.0-201fc85-SNAPSHOT.jar:0.5.0-201fc85-SNAPSHOT]
	at org.apache.ratis.grpc.client.GrpcClientProtocolService$RequestStreamObserver.processClientRequest(GrpcClientProtocolService.java:220) ~[ratis-grpc-0.5.0-201fc85-SNAPSHOT.jar:0.5.0-201fc85-SNAPSHOT]
	at org.apache.ratis.grpc.client.GrpcClientProtocolService$OrderedRequestStreamObserver.processClientRequest(GrpcClientProtocolService.java:326) ~[ratis-grpc-0.5.0-201fc85-SNAPSHOT.jar:0.5.0-201fc85-SNAPSHOT]
	at org.apache.ratis.util.SlidingWindow$Server.processRequestsFromHead(SlidingWindow.java:429) [ratis-common-0.5.0-201fc85-SNAPSHOT.jar:0.5.0-201fc85-SNAPSHOT]
	at org.apache.ratis.util.SlidingWindow$Server.receivedRequest(SlidingWindow.java:421) [ratis-common-0.5.0-201fc85-SNAPSHOT.jar:0.5.0-201fc85-SNAPSHOT]
	at org.apache.ratis.grpc.client.GrpcClientProtocolService$OrderedRequestStreamObserver.processClientRequest(GrpcClientProtocolService.java:345) [ratis-grpc-0.5.0-201fc85-SNAPSHOT.jar:0.5.0-201fc85-SNAPSHOT]
	at org.apache.ratis.grpc.client.GrpcClientProtocolService$RequestStreamObserver.onNext(GrpcClientProtocolService.java:240) [ratis-grpc-0.5.0-201fc85-SNAPSHOT.jar:0.5.0-201fc85-SNAPSHOT]
	at org.apache.ratis.grpc.client.GrpcClientProtocolService$RequestStreamObserver.onNext(GrpcClientProtocolService.java:168) [ratis-grpc-0.5.0-201fc85-SNAPSHOT.jar:0.5.0-201fc85-SNAPSHOT]
	at org.apache.ratis.thirdparty.io.grpc.stub.ServerCalls$StreamingServerCallHandler$StreamingServerCallListener.onMessage(ServerCalls.java:248) [ratis-thirdparty-misc-0.2.0.jar:0.2.0]
	at org.apache.ratis.thirdparty.io.grpc.internal.ServerCallImpl$ServerStreamListenerImpl.messagesAvailable(ServerCallImpl.java:263) [ratis-thirdparty-misc-0.2.0.jar:0.2.0]
	at org.apache.ratis.thirdparty.io.grpc.internal.ServerImpl$JumpToApplicationThreadServerStreamListener$1MessagesAvailable.runInContext(ServerImpl.java:686) [ratis-thirdparty-misc-0.2.0.jar:0.2.0]
	at org.apache.ratis.thirdparty.io.grpc.internal.ContextRunnable.run(ContextRunnable.java:37) [ratis-thirdparty-misc-0.2.0.jar:0.2.0]
	at org.apache.ratis.thirdparty.io.grpc.internal.SerializingExecutor.run(SerializingExecutor.java:123) [ratis-thirdparty-misc-0.2.0.jar:0.2.0]
	at java.util.concurrent.ThreadPoolExecutor.runWorker(ThreadPoolExecutor.java:1149) [?:1.8.0_212]
	at java.util.concurrent.ThreadPoolExecutor$Worker.run(ThreadPoolExecutor.java:624) [?:1.8.0_212]
	at java.lang.Thread.run(Thread.java:748) [?:1.8.0_212]
06:18:20.438 [grpc-default-executor-5] ERROR DNAudit - user=null | ip=null | op=PUT_BLOCK {blockData=[blockId=conID: 1 locID: 102936627092717581 bcsId: 0,size=650]} | ret=FAILURE
org.apache.hadoop.hdds.scm.container.common.helpers.ContainerNotOpenException: Container 1 in CLOSING state
	at org.apache.hadoop.ozone.container.common.impl.HddsDispatcher.validateContainerCommand(HddsDispatcher.java:436) ~[hadoop-hdds-container-service-0.5.0-SNAPSHOT.jar:?]
	at org.apache.hadoop.ozone.container.common.transport.server.ratis.ContainerStateMachine.startTransaction(ContainerStateMachine.java:320) ~[hadoop-hdds-container-service-0.5.0-SNAPSHOT.jar:?]
	at org.apache.ratis.server.impl.RaftServerImpl.submitClientRequestAsync(RaftServerImpl.java:569) ~[ratis-server-0.5.0-201fc85-SNAPSHOT.jar:0.5.0-201fc85-SNAPSHOT]
	at org.apache.ratis.server.impl.RaftServerProxy.lambda$submitClientRequestAsync$7(RaftServerProxy.java:333) ~[ratis-server-0.5.0-201fc85-SNAPSHOT.jar:0.5.0-201fc85-SNAPSHOT]
	at org.apache.ratis.server.impl.RaftServerProxy.lambda$null$5(RaftServerProxy.java:328) ~[ratis-server-0.5.0-201fc85-SNAPSHOT.jar:0.5.0-201fc85-SNAPSHOT]
	at org.apache.ratis.util.JavaUtils.callAsUnchecked(JavaUtils.java:109) ~[ratis-common-0.5.0-201fc85-SNAPSHOT.jar:0.5.0-201fc85-SNAPSHOT]
	at org.apache.ratis.server.impl.RaftServerProxy.lambda$submitRequest$6(RaftServerProxy.java:328) ~[ratis-server-0.5.0-201fc85-SNAPSHOT.jar:0.5.0-201fc85-SNAPSHOT]
	at java.util.concurrent.CompletableFuture.uniComposeStage(CompletableFuture.java:981) ~[?:1.8.0_212]
	at java.util.concurrent.CompletableFuture.thenCompose(CompletableFuture.java:2124) ~[?:1.8.0_212]
	at org.apache.ratis.server.impl.RaftServerProxy.submitRequest(RaftServerProxy.java:327) ~[ratis-server-0.5.0-201fc85-SNAPSHOT.jar:0.5.0-201fc85-SNAPSHOT]
	at org.apache.ratis.server.impl.RaftServerProxy.submitClientRequestAsync(RaftServerProxy.java:333) ~[ratis-server-0.5.0-201fc85-SNAPSHOT.jar:0.5.0-201fc85-SNAPSHOT]
	at org.apache.ratis.grpc.client.GrpcClientProtocolService$RequestStreamObserver.processClientRequest(GrpcClientProtocolService.java:220) ~[ratis-grpc-0.5.0-201fc85-SNAPSHOT.jar:0.5.0-201fc85-SNAPSHOT]
	at org.apache.ratis.grpc.client.GrpcClientProtocolService$OrderedRequestStreamObserver.processClientRequest(GrpcClientProtocolService.java:326) ~[ratis-grpc-0.5.0-201fc85-SNAPSHOT.jar:0.5.0-201fc85-SNAPSHOT]
	at org.apache.ratis.util.SlidingWindow$Server.processRequestsFromHead(SlidingWindow.java:429) [ratis-common-0.5.0-201fc85-SNAPSHOT.jar:0.5.0-201fc85-SNAPSHOT]
	at org.apache.ratis.util.SlidingWindow$Server.receivedRequest(SlidingWindow.java:421) [ratis-common-0.5.0-201fc85-SNAPSHOT.jar:0.5.0-201fc85-SNAPSHOT]
	at org.apache.ratis.grpc.client.GrpcClientProtocolService$OrderedRequestStreamObserver.processClientRequest(GrpcClientProtocolService.java:345) [ratis-grpc-0.5.0-201fc85-SNAPSHOT.jar:0.5.0-201fc85-SNAPSHOT]
	at org.apache.ratis.grpc.client.GrpcClientProtocolService$RequestStreamObserver.onNext(GrpcClientProtocolService.java:240) [ratis-grpc-0.5.0-201fc85-SNAPSHOT.jar:0.5.0-201fc85-SNAPSHOT]
	at org.apache.ratis.grpc.client.GrpcClientProtocolService$RequestStreamObserver.onNext(GrpcClientProtocolService.java:168) [ratis-grpc-0.5.0-201fc85-SNAPSHOT.jar:0.5.0-201fc85-SNAPSHOT]
	at org.apache.ratis.thirdparty.io.grpc.stub.ServerCalls$StreamingServerCallHandler$StreamingServerCallListener.onMessage(ServerCalls.java:248) [ratis-thirdparty-misc-0.2.0.jar:0.2.0]
	at org.apache.ratis.thirdparty.io.grpc.internal.ServerCallImpl$ServerStreamListenerImpl.messagesAvailable(ServerCallImpl.java:263) [ratis-thirdparty-misc-0.2.0.jar:0.2.0]
	at org.apache.ratis.thirdparty.io.grpc.internal.ServerImpl$JumpToApplicationThreadServerStreamListener$1MessagesAvailable.runInContext(ServerImpl.java:686) [ratis-thirdparty-misc-0.2.0.jar:0.2.0]
	at org.apache.ratis.thirdparty.io.grpc.internal.ContextRunnable.run(ContextRunnable.java:37) [ratis-thirdparty-misc-0.2.0.jar:0.2.0]
	at org.apache.ratis.thirdparty.io.grpc.internal.SerializingExecutor.run(SerializingExecutor.java:123) [ratis-thirdparty-misc-0.2.0.jar:0.2.0]
	at java.util.concurrent.ThreadPoolExecutor.runWorker(ThreadPoolExecutor.java:1149) [?:1.8.0_212]
	at java.util.concurrent.ThreadPoolExecutor$Worker.run(ThreadPoolExecutor.java:624) [?:1.8.0_212]
	at java.lang.Thread.run(Thread.java:748) [?:1.8.0_212]
06:18:20.455 [grpc-default-executor-5] ERROR DNAudit - user=null | ip=null | op=WRITE_CHUNK {blockData=conID: 1 locID: 102936627092717581 bcsId: 14} | ret=FAILURE
org.apache.hadoop.hdds.scm.container.common.helpers.ContainerNotOpenException: Container 1 in CLOSING state
	at org.apache.hadoop.ozone.container.common.impl.HddsDispatcher.validateContainerCommand(HddsDispatcher.java:436) ~[hadoop-hdds-container-service-0.5.0-SNAPSHOT.jar:?]
	at org.apache.hadoop.ozone.container.common.transport.server.ratis.ContainerStateMachine.startTransaction(ContainerStateMachine.java:320) ~[hadoop-hdds-container-service-0.5.0-SNAPSHOT.jar:?]
	at org.apache.ratis.server.impl.RaftServerImpl.submitClientRequestAsync(RaftServerImpl.java:569) ~[ratis-server-0.5.0-201fc85-SNAPSHOT.jar:0.5.0-201fc85-SNAPSHOT]
	at org.apache.ratis.server.impl.RaftServerProxy.lambda$submitClientRequestAsync$7(RaftServerProxy.java:333) ~[ratis-server-0.5.0-201fc85-SNAPSHOT.jar:0.5.0-201fc85-SNAPSHOT]
	at org.apache.ratis.server.impl.RaftServerProxy.lambda$null$5(RaftServerProxy.java:328) ~[ratis-server-0.5.0-201fc85-SNAPSHOT.jar:0.5.0-201fc85-SNAPSHOT]
	at org.apache.ratis.util.JavaUtils.callAsUnchecked(JavaUtils.java:109) ~[ratis-common-0.5.0-201fc85-SNAPSHOT.jar:0.5.0-201fc85-SNAPSHOT]
	at org.apache.ratis.server.impl.RaftServerProxy.lambda$submitRequest$6(RaftServerProxy.java:328) ~[ratis-server-0.5.0-201fc85-SNAPSHOT.jar:0.5.0-201fc85-SNAPSHOT]
	at java.util.concurrent.CompletableFuture.uniComposeStage(CompletableFuture.java:981) ~[?:1.8.0_212]
	at java.util.concurrent.CompletableFuture.thenCompose(CompletableFuture.java:2124) ~[?:1.8.0_212]
	at org.apache.ratis.server.impl.RaftServerProxy.submitRequest(RaftServerProxy.java:327) ~[ratis-server-0.5.0-201fc85-SNAPSHOT.jar:0.5.0-201fc85-SNAPSHOT]
	at org.apache.ratis.server.impl.RaftServerProxy.submitClientRequestAsync(RaftServerProxy.java:333) ~[ratis-server-0.5.0-201fc85-SNAPSHOT.jar:0.5.0-201fc85-SNAPSHOT]
	at org.apache.ratis.grpc.client.GrpcClientProtocolService$RequestStreamObserver.processClientRequest(GrpcClientProtocolService.java:220) ~[ratis-grpc-0.5.0-201fc85-SNAPSHOT.jar:0.5.0-201fc85-SNAPSHOT]
	at org.apache.ratis.grpc.client.GrpcClientProtocolService$OrderedRequestStreamObserver.processClientRequest(GrpcClientProtocolService.java:326) ~[ratis-grpc-0.5.0-201fc85-SNAPSHOT.jar:0.5.0-201fc85-SNAPSHOT]
	at org.apache.ratis.util.SlidingWindow$Server.processRequestsFromHead(SlidingWindow.java:429) [ratis-common-0.5.0-201fc85-SNAPSHOT.jar:0.5.0-201fc85-SNAPSHOT]
	at org.apache.ratis.util.SlidingWindow$Server.receivedRequest(SlidingWindow.java:421) [ratis-common-0.5.0-201fc85-SNAPSHOT.jar:0.5.0-201fc85-SNAPSHOT]
	at org.apache.ratis.grpc.client.GrpcClientProtocolService$OrderedRequestStreamObserver.processClientRequest(GrpcClientProtocolService.java:345) [ratis-grpc-0.5.0-201fc85-SNAPSHOT.jar:0.5.0-201fc85-SNAPSHOT]
	at org.apache.ratis.grpc.client.GrpcClientProtocolService$RequestStreamObserver.onNext(GrpcClientProtocolService.java:240) [ratis-grpc-0.5.0-201fc85-SNAPSHOT.jar:0.5.0-201fc85-SNAPSHOT]
	at org.apache.ratis.grpc.client.GrpcClientProtocolService$RequestStreamObserver.onNext(GrpcClientProtocolService.java:168) [ratis-grpc-0.5.0-201fc85-SNAPSHOT.jar:0.5.0-201fc85-SNAPSHOT]
	at org.apache.ratis.thirdparty.io.grpc.stub.ServerCalls$StreamingServerCallHandler$StreamingServerCallListener.onMessage(ServerCalls.java:248) [ratis-thirdparty-misc-0.2.0.jar:0.2.0]
	at org.apache.ratis.thirdparty.io.grpc.internal.ServerCallImpl$ServerStreamListenerImpl.messagesAvailable(ServerCallImpl.java:263) [ratis-thirdparty-misc-0.2.0.jar:0.2.0]
	at org.apache.ratis.thirdparty.io.grpc.internal.ServerImpl$JumpToApplicationThreadServerStreamListener$1MessagesAvailable.runInContext(ServerImpl.java:686) [ratis-thirdparty-misc-0.2.0.jar:0.2.0]
	at org.apache.ratis.thirdparty.io.grpc.internal.ContextRunnable.run(ContextRunnable.java:37) [ratis-thirdparty-misc-0.2.0.jar:0.2.0]
	at org.apache.ratis.thirdparty.io.grpc.internal.SerializingExecutor.run(SerializingExecutor.java:123) [ratis-thirdparty-misc-0.2.0.jar:0.2.0]
	at java.util.concurrent.ThreadPoolExecutor.runWorker(ThreadPoolExecutor.java:1149) [?:1.8.0_212]
	at java.util.concurrent.ThreadPoolExecutor$Worker.run(ThreadPoolExecutor.java:624) [?:1.8.0_212]
	at java.lang.Thread.run(Thread.java:748) [?:1.8.0_212]
06:18:20.456 [grpc-default-executor-5] ERROR DNAudit - user=null | ip=null | op=WRITE_CHUNK {blockData=conID: 1 locID: 102936627092717581 bcsId: 14} | ret=FAILURE
org.apache.hadoop.hdds.scm.container.common.helpers.ContainerNotOpenException: Container 1 in CLOSING state
	at org.apache.hadoop.ozone.container.common.impl.HddsDispatcher.validateContainerCommand(HddsDispatcher.java:436) ~[hadoop-hdds-container-service-0.5.0-SNAPSHOT.jar:?]
	at org.apache.hadoop.ozone.container.common.transport.server.ratis.ContainerStateMachine.startTransaction(ContainerStateMachine.java:320) ~[hadoop-hdds-container-service-0.5.0-SNAPSHOT.jar:?]
	at org.apache.ratis.server.impl.RaftServerImpl.submitClientRequestAsync(RaftServerImpl.java:569) ~[ratis-server-0.5.0-201fc85-SNAPSHOT.jar:0.5.0-201fc85-SNAPSHOT]
	at org.apache.ratis.server.impl.RaftServerProxy.lambda$submitClientRequestAsync$7(RaftServerProxy.java:333) ~[ratis-server-0.5.0-201fc85-SNAPSHOT.jar:0.5.0-201fc85-SNAPSHOT]
	at org.apache.ratis.server.impl.RaftServerProxy.lambda$null$5(RaftServerProxy.java:328) ~[ratis-server-0.5.0-201fc85-SNAPSHOT.jar:0.5.0-201fc85-SNAPSHOT]
	at org.apache.ratis.util.JavaUtils.callAsUnchecked(JavaUtils.java:109) ~[ratis-common-0.5.0-201fc85-SNAPSHOT.jar:0.5.0-201fc85-SNAPSHOT]
	at org.apache.ratis.server.impl.RaftServerProxy.lambda$submitRequest$6(RaftServerProxy.java:328) ~[ratis-server-0.5.0-201fc85-SNAPSHOT.jar:0.5.0-201fc85-SNAPSHOT]
	at java.util.concurrent.CompletableFuture.uniComposeStage(CompletableFuture.java:981) ~[?:1.8.0_212]
	at java.util.concurrent.CompletableFuture.thenCompose(CompletableFuture.java:2124) ~[?:1.8.0_212]
	at org.apache.ratis.server.impl.RaftServerProxy.submitRequest(RaftServerProxy.java:327) ~[ratis-server-0.5.0-201fc85-SNAPSHOT.jar:0.5.0-201fc85-SNAPSHOT]
	at org.apache.ratis.server.impl.RaftServerProxy.submitClientRequestAsync(RaftServerProxy.java:333) ~[ratis-server-0.5.0-201fc85-SNAPSHOT.jar:0.5.0-201fc85-SNAPSHOT]
	at org.apache.ratis.grpc.client.GrpcClientProtocolService$RequestStreamObserver.processClientRequest(GrpcClientProtocolService.java:220) ~[ratis-grpc-0.5.0-201fc85-SNAPSHOT.jar:0.5.0-201fc85-SNAPSHOT]
	at org.apache.ratis.grpc.client.GrpcClientProtocolService$OrderedRequestStreamObserver.processClientRequest(GrpcClientProtocolService.java:326) ~[ratis-grpc-0.5.0-201fc85-SNAPSHOT.jar:0.5.0-201fc85-SNAPSHOT]
	at org.apache.ratis.util.SlidingWindow$Server.processRequestsFromHead(SlidingWindow.java:429) [ratis-common-0.5.0-201fc85-SNAPSHOT.jar:0.5.0-201fc85-SNAPSHOT]
	at org.apache.ratis.util.SlidingWindow$Server.receivedRequest(SlidingWindow.java:421) [ratis-common-0.5.0-201fc85-SNAPSHOT.jar:0.5.0-201fc85-SNAPSHOT]
	at org.apache.ratis.grpc.client.GrpcClientProtocolService$OrderedRequestStreamObserver.processClientRequest(GrpcClientProtocolService.java:345) [ratis-grpc-0.5.0-201fc85-SNAPSHOT.jar:0.5.0-201fc85-SNAPSHOT]
	at org.apache.ratis.grpc.client.GrpcClientProtocolService$RequestStreamObserver.onNext(GrpcClientProtocolService.java:240) [ratis-grpc-0.5.0-201fc85-SNAPSHOT.jar:0.5.0-201fc85-SNAPSHOT]
	at org.apache.ratis.grpc.client.GrpcClientProtocolService$RequestStreamObserver.onNext(GrpcClientProtocolService.java:168) [ratis-grpc-0.5.0-201fc85-SNAPSHOT.jar:0.5.0-201fc85-SNAPSHOT]
	at org.apache.ratis.thirdparty.io.grpc.stub.ServerCalls$StreamingServerCallHandler$StreamingServerCallListener.onMessage(ServerCalls.java:248) [ratis-thirdparty-misc-0.2.0.jar:0.2.0]
	at org.apache.ratis.thirdparty.io.grpc.internal.ServerCallImpl$ServerStreamListenerImpl.messagesAvailable(ServerCallImpl.java:263) [ratis-thirdparty-misc-0.2.0.jar:0.2.0]
	at org.apache.ratis.thirdparty.io.grpc.internal.ServerImpl$JumpToApplicationThreadServerStreamListener$1MessagesAvailable.runInContext(ServerImpl.java:686) [ratis-thirdparty-misc-0.2.0.jar:0.2.0]
	at org.apache.ratis.thirdparty.io.grpc.internal.ContextRunnable.run(ContextRunnable.java:37) [ratis-thirdparty-misc-0.2.0.jar:0.2.0]
	at org.apache.ratis.thirdparty.io.grpc.internal.SerializingExecutor.run(SerializingExecutor.java:123) [ratis-thirdparty-misc-0.2.0.jar:0.2.0]
	at java.util.concurrent.ThreadPoolExecutor.runWorker(ThreadPoolExecutor.java:1149) [?:1.8.0_212]
	at java.util.concurrent.ThreadPoolExecutor$Worker.run(ThreadPoolExecutor.java:624) [?:1.8.0_212]
	at java.lang.Thread.run(Thread.java:748) [?:1.8.0_212]
06:18:20.471 [grpc-default-executor-5] ERROR DNAudit - user=null | ip=null | op=PUT_BLOCK {blockData=[blockId=conID: 1 locID: 102936627092717581 bcsId: 0,size=800]} | ret=FAILURE
org.apache.hadoop.hdds.scm.container.common.helpers.ContainerNotOpenException: Container 1 in CLOSING state
	at org.apache.hadoop.ozone.container.common.impl.HddsDispatcher.validateContainerCommand(HddsDispatcher.java:436) ~[hadoop-hdds-container-service-0.5.0-SNAPSHOT.jar:?]
	at org.apache.hadoop.ozone.container.common.transport.server.ratis.ContainerStateMachine.startTransaction(ContainerStateMachine.java:320) ~[hadoop-hdds-container-service-0.5.0-SNAPSHOT.jar:?]
	at org.apache.ratis.server.impl.RaftServerImpl.submitClientRequestAsync(RaftServerImpl.java:569) ~[ratis-server-0.5.0-201fc85-SNAPSHOT.jar:0.5.0-201fc85-SNAPSHOT]
	at org.apache.ratis.server.impl.RaftServerProxy.lambda$submitClientRequestAsync$7(RaftServerProxy.java:333) ~[ratis-server-0.5.0-201fc85-SNAPSHOT.jar:0.5.0-201fc85-SNAPSHOT]
	at org.apache.ratis.server.impl.RaftServerProxy.lambda$null$5(RaftServerProxy.java:328) ~[ratis-server-0.5.0-201fc85-SNAPSHOT.jar:0.5.0-201fc85-SNAPSHOT]
	at org.apache.ratis.util.JavaUtils.callAsUnchecked(JavaUtils.java:109) ~[ratis-common-0.5.0-201fc85-SNAPSHOT.jar:0.5.0-201fc85-SNAPSHOT]
	at org.apache.ratis.server.impl.RaftServerProxy.lambda$submitRequest$6(RaftServerProxy.java:328) ~[ratis-server-0.5.0-201fc85-SNAPSHOT.jar:0.5.0-201fc85-SNAPSHOT]
	at java.util.concurrent.CompletableFuture.uniComposeStage(CompletableFuture.java:981) ~[?:1.8.0_212]
	at java.util.concurrent.CompletableFuture.thenCompose(CompletableFuture.java:2124) ~[?:1.8.0_212]
	at org.apache.ratis.server.impl.RaftServerProxy.submitRequest(RaftServerProxy.java:327) ~[ratis-server-0.5.0-201fc85-SNAPSHOT.jar:0.5.0-201fc85-SNAPSHOT]
	at org.apache.ratis.server.impl.RaftServerProxy.submitClientRequestAsync(RaftServerProxy.java:333) ~[ratis-server-0.5.0-201fc85-SNAPSHOT.jar:0.5.0-201fc85-SNAPSHOT]
	at org.apache.ratis.grpc.client.GrpcClientProtocolService$RequestStreamObserver.processClientRequest(GrpcClientProtocolService.java:220) ~[ratis-grpc-0.5.0-201fc85-SNAPSHOT.jar:0.5.0-201fc85-SNAPSHOT]
	at org.apache.ratis.grpc.client.GrpcClientProtocolService$OrderedRequestStreamObserver.processClientRequest(GrpcClientProtocolService.java:326) ~[ratis-grpc-0.5.0-201fc85-SNAPSHOT.jar:0.5.0-201fc85-SNAPSHOT]
	at org.apache.ratis.util.SlidingWindow$Server.processRequestsFromHead(SlidingWindow.java:429) [ratis-common-0.5.0-201fc85-SNAPSHOT.jar:0.5.0-201fc85-SNAPSHOT]
	at org.apache.ratis.util.SlidingWindow$Server.receivedRequest(SlidingWindow.java:421) [ratis-common-0.5.0-201fc85-SNAPSHOT.jar:0.5.0-201fc85-SNAPSHOT]
	at org.apache.ratis.grpc.client.GrpcClientProtocolService$OrderedRequestStreamObserver.processClientRequest(GrpcClientProtocolService.java:345) [ratis-grpc-0.5.0-201fc85-SNAPSHOT.jar:0.5.0-201fc85-SNAPSHOT]
	at org.apache.ratis.grpc.client.GrpcClientProtocolService$RequestStreamObserver.onNext(GrpcClientProtocolService.java:240) [ratis-grpc-0.5.0-201fc85-SNAPSHOT.jar:0.5.0-201fc85-SNAPSHOT]
	at org.apache.ratis.grpc.client.GrpcClientProtocolService$RequestStreamObserver.onNext(GrpcClientProtocolService.java:168) [ratis-grpc-0.5.0-201fc85-SNAPSHOT.jar:0.5.0-201fc85-SNAPSHOT]
	at org.apache.ratis.thirdparty.io.grpc.stub.ServerCalls$StreamingServerCallHandler$StreamingServerCallListener.onMessage(ServerCalls.java:248) [ratis-thirdparty-misc-0.2.0.jar:0.2.0]
	at org.apache.ratis.thirdparty.io.grpc.internal.ServerCallImpl$ServerStreamListenerImpl.messagesAvailable(ServerCallImpl.java:263) [ratis-thirdparty-misc-0.2.0.jar:0.2.0]
	at org.apache.ratis.thirdparty.io.grpc.internal.ServerImpl$JumpToApplicationThreadServerStreamListener$1MessagesAvailable.runInContext(ServerImpl.java:686) [ratis-thirdparty-misc-0.2.0.jar:0.2.0]
	at org.apache.ratis.thirdparty.io.grpc.internal.ContextRunnable.run(ContextRunnable.java:37) [ratis-thirdparty-misc-0.2.0.jar:0.2.0]
	at org.apache.ratis.thirdparty.io.grpc.internal.SerializingExecutor.run(SerializingExecutor.java:123) [ratis-thirdparty-misc-0.2.0.jar:0.2.0]
	at java.util.concurrent.ThreadPoolExecutor.runWorker(ThreadPoolExecutor.java:1149) [?:1.8.0_212]
	at java.util.concurrent.ThreadPoolExecutor$Worker.run(ThreadPoolExecutor.java:624) [?:1.8.0_212]
	at java.lang.Thread.run(Thread.java:748) [?:1.8.0_212]
2019-10-10 06:18:20,947 [main] INFO  ozone.MiniOzoneClusterImpl (MiniOzoneClusterImpl.java:shutdown(314)) - Shutting down the Mini Ozone Cluster
2019-10-10 06:18:20,948 [main] INFO  ozone.MiniOzoneClusterImpl (MiniOzoneClusterImpl.java:stop(330)) - Stopping the Mini Ozone Cluster
2019-10-10 06:18:20,948 [main] INFO  ozone.MiniOzoneClusterImpl (MiniOzoneClusterImpl.java:stopOM(400)) - Stopping the OzoneManager
2019-10-10 06:18:20,948 [main] INFO  ipc.Server (Server.java:stop(3082)) - Stopping server on 41709
2019-10-10 06:18:20,962 [IPC Server listener on 41709] INFO  ipc.Server (Server.java:run(1185)) - Stopping IPC Server listener on 41709
2019-10-10 06:18:20,975 [IPC Server Responder] INFO  ipc.Server (Server.java:run(1319)) - Stopping IPC Server Responder
2019-10-10 06:18:20,975 [main] INFO  ratis.OzoneManagerDoubleBuffer (OzoneManagerDoubleBuffer.java:stop(248)) - Stopping OMDoubleBuffer flush thread
2019-10-10 06:18:20,990 [OMDoubleBufferFlushThread] INFO  ratis.OzoneManagerDoubleBuffer (OzoneManagerDoubleBuffer.java:flushTransactions(191)) - OMDoubleBuffer flush thread OMDoubleBufferFlushThread is interrupted and will exit. OMDoubleBufferFlushThread
2019-10-10 06:18:20,991 [main] INFO  utils.BackgroundService (BackgroundService.java:shutdown(151)) - Shutting down service KeyDeletingService
2019-10-10 06:18:20,993 [main] INFO  handler.ContextHandler (ContextHandler.java:doStop(910)) - Stopped o.e.j.w.WebAppContext@2d130ac4{/,null,UNAVAILABLE}{/ozoneManager}
2019-10-10 06:18:20,994 [main] INFO  server.AbstractConnector (AbstractConnector.java:doStop(318)) - Stopped ServerConnector@2f0ccb34{HTTP/1.1,[http/1.1]}{0.0.0.0:0}
2019-10-10 06:18:20,995 [main] INFO  handler.ContextHandler (ContextHandler.java:doStop(910)) - Stopped o.e.j.s.ServletContextHandler@272778ae{/static,file:///workdir/hadoop-ozone/integration-test/target/test-classes/webapps/static,UNAVAILABLE}
2019-10-10 06:18:20,995 [main] INFO  handler.ContextHandler (ContextHandler.java:doStop(910)) - Stopped o.e.j.s.ServletContextHandler@755b5f30{/logs,file:///workdir/hadoop-ozone/integration-test/target/log,UNAVAILABLE}
2019-10-10 06:18:20,998 [main] INFO  ozone.MiniOzoneClusterImpl (MiniOzoneClusterImpl.java:stopDatanodes(377)) - Stopping the HddsDatanodes
2019-10-10 06:18:21,681 [Datanode State Machine Thread - 0] INFO  statemachine.DatanodeStateMachine (DatanodeStateMachine.java:lambda$startDaemon$0(350)) - Ozone container server started.
2019-10-10 06:18:21,884 [Datanode State Machine Thread - 0] INFO  statemachine.DatanodeStateMachine (DatanodeStateMachine.java:lambda$startDaemon$0(350)) - Ozone container server started.
2019-10-10 06:18:22,362 [grpc-default-executor-6] WARN  server.GrpcLogAppender (LogUtils.java:warn(134)) - ee11eac9-f371-4dd3-b030-44ee70c0a8bc@group-65FC8AD9E3F6->11dfb04e-6810-4238-9e4b-3a7ed7d1a168-AppendLogResponseHandler: Failed appendEntries: org.apache.ratis.thirdparty.io.grpc.StatusRuntimeException: UNAVAILABLE: io exception
2019-10-10 06:18:22,363 [grpc-default-executor-6] INFO  impl.FollowerInfo (FollowerInfo.java:lambda$new$0(51)) - ee11eac9-f371-4dd3-b030-44ee70c0a8bc@group-65FC8AD9E3F6->11dfb04e-6810-4238-9e4b-3a7ed7d1a168: nextIndex: updateUnconditionally 1 -> 0
2019-10-10 06:18:24,867 [grpc-default-executor-6] WARN  server.GrpcLogAppender (LogUtils.java:warn(134)) - ee11eac9-f371-4dd3-b030-44ee70c0a8bc@group-65FC8AD9E3F6->11dfb04e-6810-4238-9e4b-3a7ed7d1a168-AppendLogResponseHandler: Failed appendEntries: org.apache.ratis.thirdparty.io.grpc.StatusRuntimeException: UNAVAILABLE: io exception
2019-10-10 06:18:24,869 [grpc-default-executor-6] INFO  impl.FollowerInfo (FollowerInfo.java:lambda$new$0(51)) - ee11eac9-f371-4dd3-b030-44ee70c0a8bc@group-65FC8AD9E3F6->11dfb04e-6810-4238-9e4b-3a7ed7d1a168: nextIndex: updateUnconditionally 0 -> 0
2019-10-10 06:18:25,698 [EventQueue-StaleNodeForStaleNodeHandler] INFO  node.StaleNodeHandler (StaleNodeHandler.java:onMessage(58)) - Datanode 8beef434-0a56-4db3-9c13-953f2f7e8f8a{ip: 192.168.151.114, host: trunk-nightly-20191010-ks672-2217485364, networkLocation: /default-rack, certSerialId: null} moved to stale state. Finalizing its pipelines [PipelineID=edaba6e4-b634-4145-8038-2b2cf8060616, PipelineID=84da5307-5bda-498a-872a-9dba14f262c5]
2019-10-10 06:18:25,699 [EventQueue-StaleNodeForStaleNodeHandler] INFO  pipeline.SCMPipelineManager (SCMPipelineManager.java:finalizeAndDestroyPipeline(315)) - destroying pipeline:Pipeline[ Id: edaba6e4-b634-4145-8038-2b2cf8060616, Nodes: 8beef434-0a56-4db3-9c13-953f2f7e8f8a{ip: 192.168.151.114, host: trunk-nightly-20191010-ks672-2217485364, networkLocation: /default-rack, certSerialId: null}, Type:RATIS, Factor:ONE, State:OPEN]
2019-10-10 06:18:25,699 [EventQueue-StaleNodeForStaleNodeHandler] INFO  pipeline.PipelineStateManager (PipelineStateManager.java:finalizePipeline(123)) - Pipeline Pipeline[ Id: edaba6e4-b634-4145-8038-2b2cf8060616, Nodes: 8beef434-0a56-4db3-9c13-953f2f7e8f8a{ip: 192.168.151.114, host: trunk-nightly-20191010-ks672-2217485364, networkLocation: /default-rack, certSerialId: null}, Type:RATIS, Factor:ONE, State:CLOSED] moved to CLOSED state
2019-10-10 06:18:25,699 [EventQueue-StaleNodeForStaleNodeHandler] INFO  pipeline.SCMPipelineManager (SCMPipelineManager.java:finalizeAndDestroyPipeline(315)) - destroying pipeline:Pipeline[ Id: 84da5307-5bda-498a-872a-9dba14f262c5, Nodes: dd3fde67-87bd-4513-84e7-60c70261cfa5{ip: 192.168.151.114, host: trunk-nightly-20191010-ks672-2217485364, networkLocation: /default-rack, certSerialId: null}8beef434-0a56-4db3-9c13-953f2f7e8f8a{ip: 192.168.151.114, host: trunk-nightly-20191010-ks672-2217485364, networkLocation: /default-rack, certSerialId: null}fa3523fb-4136-4314-be67-c6c89c32148b{ip: 192.168.151.114, host: trunk-nightly-20191010-ks672-2217485364, networkLocation: /default-rack, certSerialId: null}, Type:RATIS, Factor:THREE, State:OPEN]
2019-10-10 06:18:25,699 [EventQueue-StaleNodeForStaleNodeHandler] INFO  pipeline.PipelineStateManager (PipelineStateManager.java:finalizePipeline(123)) - Pipeline Pipeline[ Id: 84da5307-5bda-498a-872a-9dba14f262c5, Nodes: dd3fde67-87bd-4513-84e7-60c70261cfa5{ip: 192.168.151.114, host: trunk-nightly-20191010-ks672-2217485364, networkLocation: /default-rack, certSerialId: null}8beef434-0a56-4db3-9c13-953f2f7e8f8a{ip: 192.168.151.114, host: trunk-nightly-20191010-ks672-2217485364, networkLocation: /default-rack, certSerialId: null}fa3523fb-4136-4314-be67-c6c89c32148b{ip: 192.168.151.114, host: trunk-nightly-20191010-ks672-2217485364, networkLocation: /default-rack, certSerialId: null}, Type:RATIS, Factor:THREE, State:CLOSED] moved to CLOSED state
2019-10-10 06:18:25,700 [EventQueue-CloseContainerForCloseContainerEventHandler] INFO  container.CloseContainerEventHandler (CloseContainerEventHandler.java:onMessage(61)) - Close container Event triggered for container : #2
2019-10-10 06:18:25,900 [EventQueue-StaleNodeForStaleNodeHandler] INFO  node.StaleNodeHandler (StaleNodeHandler.java:onMessage(58)) - Datanode 8d53fe72-945b-4c61-a61e-89d5ee983bd1{ip: 192.168.151.114, host: trunk-nightly-20191010-ks672-2217485364, networkLocation: /default-rack, certSerialId: null} moved to stale state. Finalizing its pipelines [PipelineID=fb4aa8fc-0bdb-44c0-9f76-dfd46be66e25, PipelineID=87e74914-41f6-467a-bc50-65fc8ad9e3f6]
2019-10-10 06:18:25,906 [EventQueue-StaleNodeForStaleNodeHandler] INFO  pipeline.SCMPipelineManager (SCMPipelineManager.java:finalizeAndDestroyPipeline(315)) - destroying pipeline:Pipeline[ Id: fb4aa8fc-0bdb-44c0-9f76-dfd46be66e25, Nodes: 8d53fe72-945b-4c61-a61e-89d5ee983bd1{ip: 192.168.151.114, host: trunk-nightly-20191010-ks672-2217485364, networkLocation: /default-rack, certSerialId: null}, Type:RATIS, Factor:ONE, State:OPEN]
2019-10-10 06:18:25,906 [EventQueue-StaleNodeForStaleNodeHandler] INFO  pipeline.PipelineStateManager (PipelineStateManager.java:finalizePipeline(123)) - Pipeline Pipeline[ Id: fb4aa8fc-0bdb-44c0-9f76-dfd46be66e25, Nodes: 8d53fe72-945b-4c61-a61e-89d5ee983bd1{ip: 192.168.151.114, host: trunk-nightly-20191010-ks672-2217485364, networkLocation: /default-rack, certSerialId: null}, Type:RATIS, Factor:ONE, State:CLOSED] moved to CLOSED state
2019-10-10 06:18:25,906 [EventQueue-StaleNodeForStaleNodeHandler] INFO  pipeline.SCMPipelineManager (SCMPipelineManager.java:finalizeAndDestroyPipeline(315)) - destroying pipeline:Pipeline[ Id: 87e74914-41f6-467a-bc50-65fc8ad9e3f6, Nodes: 11dfb04e-6810-4238-9e4b-3a7ed7d1a168{ip: 192.168.151.114, host: trunk-nightly-20191010-ks672-2217485364, networkLocation: /default-rack, certSerialId: null}ee11eac9-f371-4dd3-b030-44ee70c0a8bc{ip: 192.168.151.114, host: trunk-nightly-20191010-ks672-2217485364, networkLocation: /default-rack, certSerialId: null}8d53fe72-945b-4c61-a61e-89d5ee983bd1{ip: 192.168.151.114, host: trunk-nightly-20191010-ks672-2217485364, networkLocation: /default-rack, certSerialId: null}, Type:RATIS, Factor:THREE, State:CLOSED]
2019-10-10 06:18:26,000 [ForkJoinPool.commonPool-worker-1] INFO  ozoneimpl.OzoneContainer (OzoneContainer.java:stop(227)) - Attempting to stop container services.
2019-10-10 06:18:26,000 [main] INFO  ozoneimpl.OzoneContainer (OzoneContainer.java:stop(227)) - Attempting to stop container services.
2019-10-10 06:18:26,005 [ForkJoinPool.commonPool-worker-1] INFO  impl.RaftServerProxy (RaftServerProxy.java:lambda$close$4(314)) - 8d53fe72-945b-4c61-a61e-89d5ee983bd1: close
2019-10-10 06:18:26,006 [main] INFO  impl.RaftServerProxy (RaftServerProxy.java:lambda$close$4(314)) - 8beef434-0a56-4db3-9c13-953f2f7e8f8a: close
2019-10-10 06:18:26,006 [ForkJoinPool.commonPool-worker-1] INFO  impl.RaftServerImpl (RaftServerImpl.java:lambda$shutdown$3(247)) - 8d53fe72-945b-4c61-a61e-89d5ee983bd1@group-DFD46BE66E25: shutdown
2019-10-10 06:18:26,006 [main] INFO  impl.RaftServerImpl (RaftServerImpl.java:lambda$shutdown$3(247)) - 8beef434-0a56-4db3-9c13-953f2f7e8f8a@group-2B2CF8060616: shutdown
2019-10-10 06:18:26,007 [ForkJoinPool.commonPool-worker-1] INFO  util.JmxRegister (JmxRegister.java:unregister(73)) - Successfully un-registered JMX Bean with object name Ratis:service=RaftServer,group=group-DFD46BE66E25,id=8d53fe72-945b-4c61-a61e-89d5ee983bd1
2019-10-10 06:18:26,007 [main] INFO  util.JmxRegister (JmxRegister.java:unregister(73)) - Successfully un-registered JMX Bean with object name Ratis:service=RaftServer,group=group-2B2CF8060616,id=8beef434-0a56-4db3-9c13-953f2f7e8f8a
2019-10-10 06:18:26,007 [ForkJoinPool.commonPool-worker-1] INFO  impl.RoleInfo (RoleInfo.java:shutdownLeaderState(104)) - 8d53fe72-945b-4c61-a61e-89d5ee983bd1: shutdown LeaderState
2019-10-10 06:18:26,008 [main] INFO  impl.RoleInfo (RoleInfo.java:shutdownLeaderState(104)) - 8beef434-0a56-4db3-9c13-953f2f7e8f8a: shutdown LeaderState
2019-10-10 06:18:26,008 [ForkJoinPool.commonPool-worker-1] INFO  impl.PendingRequests (PendingRequests.java:sendNotLeaderResponses(202)) - 8d53fe72-945b-4c61-a61e-89d5ee983bd1@group-DFD46BE66E25-PendingRequests: sendNotLeaderResponses
2019-10-10 06:18:26,008 [main] INFO  impl.PendingRequests (PendingRequests.java:sendNotLeaderResponses(202)) - 8beef434-0a56-4db3-9c13-953f2f7e8f8a@group-2B2CF8060616-PendingRequests: sendNotLeaderResponses
2019-10-10 06:18:26,009 [ForkJoinPool.commonPool-worker-1] INFO  impl.StateMachineUpdater (StateMachineUpdater.java:stopAndJoin(136)) - 8d53fe72-945b-4c61-a61e-89d5ee983bd1@group-DFD46BE66E25-StateMachineUpdater: set stopIndex = 0
2019-10-10 06:18:26,009 [main] INFO  impl.StateMachineUpdater (StateMachineUpdater.java:stopAndJoin(136)) - 8beef434-0a56-4db3-9c13-953f2f7e8f8a@group-2B2CF8060616-StateMachineUpdater: set stopIndex = 0
2019-10-10 06:18:26,010 [ForkJoinPool.commonPool-worker-1] INFO  impl.RaftServerImpl (ServerState.java:close(387)) - 8d53fe72-945b-4c61-a61e-89d5ee983bd1@group-DFD46BE66E25: closes. applyIndex: 0
2019-10-10 06:18:26,010 [main] INFO  impl.RaftServerImpl (ServerState.java:close(387)) - 8beef434-0a56-4db3-9c13-953f2f7e8f8a@group-2B2CF8060616: closes. applyIndex: 0
2019-10-10 06:18:26,011 [8d53fe72-945b-4c61-a61e-89d5ee983bd1@group-DFD46BE66E25-SegmentedRaftLogWorker] INFO  segmented.SegmentedRaftLogWorker (SegmentedRaftLogWorker.java:run(316)) - 8d53fe72-945b-4c61-a61e-89d5ee983bd1@group-DFD46BE66E25-SegmentedRaftLogWorker was interrupted, exiting. There are 0 tasks remaining in the queue.
2019-10-10 06:18:26,011 [8beef434-0a56-4db3-9c13-953f2f7e8f8a@group-2B2CF8060616-SegmentedRaftLogWorker] INFO  segmented.SegmentedRaftLogWorker (SegmentedRaftLogWorker.java:run(316)) - 8beef434-0a56-4db3-9c13-953f2f7e8f8a@group-2B2CF8060616-SegmentedRaftLogWorker was interrupted, exiting. There are 0 tasks remaining in the queue.
2019-10-10 06:18:26,023 [main] INFO  segmented.SegmentedRaftLogWorker (SegmentedRaftLogWorker.java:close(224)) - 8beef434-0a56-4db3-9c13-953f2f7e8f8a@group-2B2CF8060616-SegmentedRaftLogWorker close()
2019-10-10 06:18:26,023 [ForkJoinPool.commonPool-worker-1] INFO  segmented.SegmentedRaftLogWorker (SegmentedRaftLogWorker.java:close(224)) - 8d53fe72-945b-4c61-a61e-89d5ee983bd1@group-DFD46BE66E25-SegmentedRaftLogWorker close()
2019-10-10 06:18:26,029 [main] INFO  impl.RaftServerImpl (RaftServerImpl.java:lambda$shutdown$3(247)) - 8beef434-0a56-4db3-9c13-953f2f7e8f8a@group-9DBA14F262C5: shutdown
2019-10-10 06:18:26,035 [ForkJoinPool.commonPool-worker-1] INFO  impl.RaftServerImpl (RaftServerImpl.java:lambda$shutdown$3(247)) - 8d53fe72-945b-4c61-a61e-89d5ee983bd1@group-65FC8AD9E3F6: shutdown
2019-10-10 06:18:26,036 [main] INFO  util.JmxRegister (JmxRegister.java:unregister(73)) - Successfully un-registered JMX Bean with object name Ratis:service=RaftServer,group=group-9DBA14F262C5,id=8beef434-0a56-4db3-9c13-953f2f7e8f8a
2019-10-10 06:18:26,036 [ForkJoinPool.commonPool-worker-1] INFO  util.JmxRegister (JmxRegister.java:unregister(73)) - Successfully un-registered JMX Bean with object name Ratis:service=RaftServer,group=group-65FC8AD9E3F6,id=8d53fe72-945b-4c61-a61e-89d5ee983bd1
2019-10-10 06:18:26,036 [main] INFO  impl.RoleInfo (RoleInfo.java:shutdownFollowerState(121)) - 8beef434-0a56-4db3-9c13-953f2f7e8f8a: shutdown FollowerState
2019-10-10 06:18:26,037 [ForkJoinPool.commonPool-worker-1] INFO  impl.RoleInfo (RoleInfo.java:shutdownFollowerState(121)) - 8d53fe72-945b-4c61-a61e-89d5ee983bd1: shutdown FollowerState
2019-10-10 06:18:26,037 [8beef434-0a56-4db3-9c13-953f2f7e8f8a@group-9DBA14F262C5-StateMachineUpdater] INFO  ratis.ContainerStateMachine (ContainerStateMachine.java:takeSnapshot(294)) - group-9DBA14F262C5: Taking a snapshot at:(t:2, i:14) file /workdir/hadoop-ozone/integration-test/target/test-dir/MiniOzoneClusterImpl-6bc00d4f-b58d-47cd-9642-32568dc7b8bd/datanode-4/data/ratis/84da5307-5bda-498a-872a-9dba14f262c5/sm/snapshot.2_14
2019-10-10 06:18:26,037 [Thread-3050] INFO  impl.FollowerState (FollowerState.java:run(117)) - 8beef434-0a56-4db3-9c13-953f2f7e8f8a@group-9DBA14F262C5-FollowerState was interrupted: java.lang.InterruptedException: sleep interrupted
2019-10-10 06:18:26,038 [8d53fe72-945b-4c61-a61e-89d5ee983bd1@group-65FC8AD9E3F6-StateMachineUpdater] INFO  ratis.ContainerStateMachine (ContainerStateMachine.java:takeSnapshot(294)) - group-65FC8AD9E3F6: Taking a snapshot at:(t:1, i:14) file /workdir/hadoop-ozone/integration-test/target/test-dir/MiniOzoneClusterImpl-6bc00d4f-b58d-47cd-9642-32568dc7b8bd/datanode-2/data/ratis/87e74914-41f6-467a-bc50-65fc8ad9e3f6/sm/snapshot.1_14
2019-10-10 06:18:26,037 [main] INFO  impl.StateMachineUpdater (StateMachineUpdater.java:stopAndJoin(136)) - 8beef434-0a56-4db3-9c13-953f2f7e8f8a@group-9DBA14F262C5-StateMachineUpdater: set stopIndex = 16
2019-10-10 06:18:26,038 [Thread-3101] INFO  impl.FollowerState (FollowerState.java:run(117)) - 8d53fe72-945b-4c61-a61e-89d5ee983bd1@group-65FC8AD9E3F6-FollowerState was interrupted: java.lang.InterruptedException: sleep interrupted
2019-10-10 06:18:26,037 [ForkJoinPool.commonPool-worker-1] INFO  impl.StateMachineUpdater (StateMachineUpdater.java:stopAndJoin(136)) - 8d53fe72-945b-4c61-a61e-89d5ee983bd1@group-65FC8AD9E3F6-StateMachineUpdater: set stopIndex = 18
2019-10-10 06:18:26,051 [8beef434-0a56-4db3-9c13-953f2f7e8f8a@group-9DBA14F262C5-StateMachineUpdater] INFO  ratis.ContainerStateMachine (ContainerStateMachine.java:takeSnapshot(305)) - group-9DBA14F262C5: Finished taking a snapshot at:(t:2, i:14) file:/workdir/hadoop-ozone/integration-test/target/test-dir/MiniOzoneClusterImpl-6bc00d4f-b58d-47cd-9642-32568dc7b8bd/datanode-4/data/ratis/84da5307-5bda-498a-872a-9dba14f262c5/sm/snapshot.2_14 time:14
2019-10-10 06:18:26,051 [8d53fe72-945b-4c61-a61e-89d5ee983bd1@group-65FC8AD9E3F6-StateMachineUpdater] INFO  ratis.ContainerStateMachine (ContainerStateMachine.java:takeSnapshot(305)) - group-65FC8AD9E3F6: Finished taking a snapshot at:(t:1, i:14) file:/workdir/hadoop-ozone/integration-test/target/test-dir/MiniOzoneClusterImpl-6bc00d4f-b58d-47cd-9642-32568dc7b8bd/datanode-2/data/ratis/87e74914-41f6-467a-bc50-65fc8ad9e3f6/sm/snapshot.1_14 time:14
2019-10-10 06:18:26,052 [8beef434-0a56-4db3-9c13-953f2f7e8f8a@group-9DBA14F262C5-StateMachineUpdater] INFO  impl.StateMachineUpdater (StateMachineUpdater.java:takeSnapshot(269)) - 8beef434-0a56-4db3-9c13-953f2f7e8f8a@group-9DBA14F262C5-StateMachineUpdater: Took a snapshot at index 14
2019-10-10 06:18:26,052 [8d53fe72-945b-4c61-a61e-89d5ee983bd1@group-65FC8AD9E3F6-StateMachineUpdater] INFO  impl.StateMachineUpdater (StateMachineUpdater.java:takeSnapshot(269)) - 8d53fe72-945b-4c61-a61e-89d5ee983bd1@group-65FC8AD9E3F6-StateMachineUpdater: Took a snapshot at index 14
2019-10-10 06:18:26,052 [8beef434-0a56-4db3-9c13-953f2f7e8f8a@group-9DBA14F262C5-StateMachineUpdater] INFO  impl.StateMachineUpdater (StateMachineUpdater.java:lambda$new$0(84)) - 8beef434-0a56-4db3-9c13-953f2f7e8f8a@group-9DBA14F262C5-StateMachineUpdater: snapshotIndex: updateIncreasingly -1 -> 14
2019-10-10 06:18:26,052 [8d53fe72-945b-4c61-a61e-89d5ee983bd1@group-65FC8AD9E3F6-StateMachineUpdater] INFO  impl.StateMachineUpdater (StateMachineUpdater.java:lambda$new$0(84)) - 8d53fe72-945b-4c61-a61e-89d5ee983bd1@group-65FC8AD9E3F6-StateMachineUpdater: snapshotIndex: updateIncreasingly -1 -> 14
2019-10-10 06:18:26,052 [8beef434-0a56-4db3-9c13-953f2f7e8f8a@group-9DBA14F262C5-StateMachineUpdater] INFO  ratis.ContainerStateMachine (ContainerStateMachine.java:takeSnapshot(294)) - group-9DBA14F262C5: Taking a snapshot at:(t:2, i:14) file /workdir/hadoop-ozone/integration-test/target/test-dir/MiniOzoneClusterImpl-6bc00d4f-b58d-47cd-9642-32568dc7b8bd/datanode-4/data/ratis/84da5307-5bda-498a-872a-9dba14f262c5/sm/snapshot.2_14
2019-10-10 06:18:26,052 [8d53fe72-945b-4c61-a61e-89d5ee983bd1@group-65FC8AD9E3F6-StateMachineUpdater] INFO  ratis.ContainerStateMachine (ContainerStateMachine.java:takeSnapshot(294)) - group-65FC8AD9E3F6: Taking a snapshot at:(t:1, i:14) file /workdir/hadoop-ozone/integration-test/target/test-dir/MiniOzoneClusterImpl-6bc00d4f-b58d-47cd-9642-32568dc7b8bd/datanode-2/data/ratis/87e74914-41f6-467a-bc50-65fc8ad9e3f6/sm/snapshot.1_14
2019-10-10 06:18:26,066 [8beef434-0a56-4db3-9c13-953f2f7e8f8a@group-9DBA14F262C5-StateMachineUpdater] INFO  ratis.ContainerStateMachine (ContainerStateMachine.java:takeSnapshot(305)) - group-9DBA14F262C5: Finished taking a snapshot at:(t:2, i:14) file:/workdir/hadoop-ozone/integration-test/target/test-dir/MiniOzoneClusterImpl-6bc00d4f-b58d-47cd-9642-32568dc7b8bd/datanode-4/data/ratis/84da5307-5bda-498a-872a-9dba14f262c5/sm/snapshot.2_14 time:13
2019-10-10 06:18:26,066 [8d53fe72-945b-4c61-a61e-89d5ee983bd1@group-65FC8AD9E3F6-StateMachineUpdater] INFO  ratis.ContainerStateMachine (ContainerStateMachine.java:takeSnapshot(305)) - group-65FC8AD9E3F6: Finished taking a snapshot at:(t:1, i:14) file:/workdir/hadoop-ozone/integration-test/target/test-dir/MiniOzoneClusterImpl-6bc00d4f-b58d-47cd-9642-32568dc7b8bd/datanode-2/data/ratis/87e74914-41f6-467a-bc50-65fc8ad9e3f6/sm/snapshot.1_14 time:13
2019-10-10 06:18:26,066 [8beef434-0a56-4db3-9c13-953f2f7e8f8a@group-9DBA14F262C5-StateMachineUpdater] INFO  impl.StateMachineUpdater (StateMachineUpdater.java:takeSnapshot(269)) - 8beef434-0a56-4db3-9c13-953f2f7e8f8a@group-9DBA14F262C5-StateMachineUpdater: Took a snapshot at index 14
2019-10-10 06:18:26,066 [8beef434-0a56-4db3-9c13-953f2f7e8f8a@group-9DBA14F262C5-StateMachineUpdater] INFO  impl.StateMachineUpdater (StateMachineUpdater.java:lambda$new$0(84)) - 8beef434-0a56-4db3-9c13-953f2f7e8f8a@group-9DBA14F262C5-StateMachineUpdater: snapshotIndex: updateIncreasingly 14 -> 14
2019-10-10 06:18:26,066 [8d53fe72-945b-4c61-a61e-89d5ee983bd1@group-65FC8AD9E3F6-StateMachineUpdater] INFO  impl.StateMachineUpdater (StateMachineUpdater.java:takeSnapshot(269)) - 8d53fe72-945b-4c61-a61e-89d5ee983bd1@group-65FC8AD9E3F6-StateMachineUpdater: Took a snapshot at index 14
2019-10-10 06:18:26,066 [8d53fe72-945b-4c61-a61e-89d5ee983bd1@group-65FC8AD9E3F6-StateMachineUpdater] INFO  impl.StateMachineUpdater (StateMachineUpdater.java:lambda$new$0(84)) - 8d53fe72-945b-4c61-a61e-89d5ee983bd1@group-65FC8AD9E3F6-StateMachineUpdater: snapshotIndex: updateIncreasingly 14 -> 14
2019-10-10 06:18:26,066 [main] INFO  impl.RaftServerImpl (ServerState.java:close(387)) - 8beef434-0a56-4db3-9c13-953f2f7e8f8a@group-9DBA14F262C5: closes. applyIndex: 16
2019-10-10 06:18:26,067 [ForkJoinPool.commonPool-worker-1] INFO  impl.RaftServerImpl (ServerState.java:close(387)) - 8d53fe72-945b-4c61-a61e-89d5ee983bd1@group-65FC8AD9E3F6: closes. applyIndex: 18
2019-10-10 06:18:26,067 [8beef434-0a56-4db3-9c13-953f2f7e8f8a@group-9DBA14F262C5-SegmentedRaftLogWorker] INFO  segmented.SegmentedRaftLogWorker (SegmentedRaftLogWorker.java:run(316)) - 8beef434-0a56-4db3-9c13-953f2f7e8f8a@group-9DBA14F262C5-SegmentedRaftLogWorker was interrupted, exiting. There are 0 tasks remaining in the queue.
2019-10-10 06:18:26,067 [8d53fe72-945b-4c61-a61e-89d5ee983bd1@group-65FC8AD9E3F6-SegmentedRaftLogWorker] INFO  segmented.SegmentedRaftLogWorker (SegmentedRaftLogWorker.java:run(316)) - 8d53fe72-945b-4c61-a61e-89d5ee983bd1@group-65FC8AD9E3F6-SegmentedRaftLogWorker was interrupted, exiting. There are 0 tasks remaining in the queue.
2019-10-10 06:18:26,072 [main] INFO  segmented.SegmentedRaftLogWorker (SegmentedRaftLogWorker.java:close(224)) - 8beef434-0a56-4db3-9c13-953f2f7e8f8a@group-9DBA14F262C5-SegmentedRaftLogWorker close()
2019-10-10 06:18:26,077 [ForkJoinPool.commonPool-worker-1] INFO  segmented.SegmentedRaftLogWorker (SegmentedRaftLogWorker.java:close(224)) - 8d53fe72-945b-4c61-a61e-89d5ee983bd1@group-65FC8AD9E3F6-SegmentedRaftLogWorker close()
2019-10-10 06:18:26,081 [main] INFO  server.GrpcService (GrpcService.java:closeImpl(164)) - 8beef434-0a56-4db3-9c13-953f2f7e8f8a: shutdown server with port 38390 now
2019-10-10 06:18:26,085 [ForkJoinPool.commonPool-worker-1] INFO  server.GrpcService (GrpcService.java:closeImpl(164)) - 8d53fe72-945b-4c61-a61e-89d5ee983bd1: shutdown server with port 44418 now
2019-10-10 06:18:26,086 [grpc-default-executor-8] WARN  server.GrpcServerProtocolService (LogUtils.java:warn(134)) - 8beef434-0a56-4db3-9c13-953f2f7e8f8a: installSnapshot onError, lastRequest: fa3523fb-4136-4314-be67-c6c89c32148b->8beef434-0a56-4db3-9c13-953f2f7e8f8a#23-t2, previous=(t:2, i:16), leaderCommit=16, initializing? false, entries: <empty>: org.apache.ratis.thirdparty.io.grpc.StatusRuntimeException: CANCELLED: cancelled before receiving half close
2019-10-10 06:18:26,086 [grpc-default-executor-6] WARN  server.GrpcLogAppender (LogUtils.java:warn(134)) - fa3523fb-4136-4314-be67-c6c89c32148b@group-9DBA14F262C5->8beef434-0a56-4db3-9c13-953f2f7e8f8a-AppendLogResponseHandler: Failed appendEntries: org.apache.ratis.thirdparty.io.grpc.StatusRuntimeException: CANCELLED: HTTP/2 error code: CANCEL
Received Rst Stream
2019-10-10 06:18:26,086 [grpc-default-executor-5] WARN  server.GrpcLogAppender (LogUtils.java:warn(134)) - ee11eac9-f371-4dd3-b030-44ee70c0a8bc@group-65FC8AD9E3F6->8d53fe72-945b-4c61-a61e-89d5ee983bd1-AppendLogResponseHandler: Failed appendEntries: org.apache.ratis.thirdparty.io.grpc.StatusRuntimeException: CANCELLED: HTTP/2 error code: CANCEL
Received Rst Stream
2019-10-10 06:18:26,086 [ForkJoinPool.commonPool-worker-1] INFO  server.GrpcService (GrpcService.java:closeImpl(172)) - 8d53fe72-945b-4c61-a61e-89d5ee983bd1: shutdown server with port 44418 successfully
2019-10-10 06:18:26,086 [grpc-default-executor-2] WARN  server.GrpcServerProtocolService (LogUtils.java:warn(134)) - 8d53fe72-945b-4c61-a61e-89d5ee983bd1: installSnapshot onError, lastRequest: ee11eac9-f371-4dd3-b030-44ee70c0a8bc->8d53fe72-945b-4c61-a61e-89d5ee983bd1#4-t2, previous=(t:2, i:18), leaderCommit=18, initializing? false, entries: <empty>: org.apache.ratis.thirdparty.io.grpc.StatusRuntimeException: CANCELLED: cancelled before receiving half close
2019-10-10 06:18:26,087 [grpc-default-executor-5] INFO  impl.FollowerInfo (FollowerInfo.java:lambda$new$0(51)) - ee11eac9-f371-4dd3-b030-44ee70c0a8bc@group-65FC8AD9E3F6->8d53fe72-945b-4c61-a61e-89d5ee983bd1: nextIndex: updateUnconditionally 19 -> 18
2019-10-10 06:18:26,087 [grpc-default-executor-6] INFO  impl.FollowerInfo (FollowerInfo.java:lambda$new$0(51)) - fa3523fb-4136-4314-be67-c6c89c32148b@group-9DBA14F262C5->8beef434-0a56-4db3-9c13-953f2f7e8f8a: nextIndex: updateUnconditionally 17 -> 16
2019-10-10 06:18:26,086 [main] INFO  server.GrpcService (GrpcService.java:closeImpl(172)) - 8beef434-0a56-4db3-9c13-953f2f7e8f8a: shutdown server with port 38390 successfully
2019-10-10 06:18:26,089 [refreshUsed-/workdir/hadoop-ozone/integration-test/target/test-dir/MiniOzoneClusterImpl-6bc00d4f-b58d-47cd-9642-32568dc7b8bd/datanode-2/data/containers] WARN  fs.CachingGetSpaceUsed (CachingGetSpaceUsed.java:run(183)) - Thread Interrupted waiting to refresh disk information: sleep interrupted
2019-10-10 06:18:26,095 [refreshUsed-/workdir/hadoop-ozone/integration-test/target/test-dir/MiniOzoneClusterImpl-6bc00d4f-b58d-47cd-9642-32568dc7b8bd/datanode-4/data/containers] WARN  fs.CachingGetSpaceUsed (CachingGetSpaceUsed.java:run(183)) - Thread Interrupted waiting to refresh disk information: sleep interrupted
2019-10-10 06:18:26,106 [ForkJoinPool.commonPool-worker-1] INFO  utils.BackgroundService (BackgroundService.java:shutdown(151)) - Shutting down service BlockDeletingService
2019-10-10 06:18:26,110 [main] INFO  utils.BackgroundService (BackgroundService.java:shutdown(151)) - Shutting down service BlockDeletingService
2019-10-10 06:18:26,111 [ForkJoinPool.commonPool-worker-1] INFO  statemachine.DatanodeStateMachine (DatanodeStateMachine.java:stopDaemon(395)) - Ozone container server stopped.
2019-10-10 06:18:26,117 [main] INFO  statemachine.DatanodeStateMachine (DatanodeStateMachine.java:stopDaemon(395)) - Ozone container server stopped.
2019-10-10 06:18:26,120 [ForkJoinPool.commonPool-worker-1] INFO  handler.ContextHandler (ContextHandler.java:doStop(910)) - Stopped o.e.j.w.WebAppContext@7be94cd6{/,null,UNAVAILABLE}{/hddsDatanode}
2019-10-10 06:18:26,120 [main] INFO  handler.ContextHandler (ContextHandler.java:doStop(910)) - Stopped o.e.j.w.WebAppContext@76e4212{/,null,UNAVAILABLE}{/hddsDatanode}
2019-10-10 06:18:26,121 [ForkJoinPool.commonPool-worker-1] INFO  server.AbstractConnector (AbstractConnector.java:doStop(318)) - Stopped ServerConnector@20cff21e{HTTP/1.1,[http/1.1]}{0.0.0.0:0}
2019-10-10 06:18:26,122 [main] INFO  server.AbstractConnector (AbstractConnector.java:doStop(318)) - Stopped ServerConnector@23121d14{HTTP/1.1,[http/1.1]}{0.0.0.0:0}
2019-10-10 06:18:26,122 [ForkJoinPool.commonPool-worker-1] INFO  handler.ContextHandler (ContextHandler.java:doStop(910)) - Stopped o.e.j.s.ServletContextHandler@4f3c7808{/static,jar:file:/home/user/.m2/repository/org/apache/hadoop/hadoop-hdds-container-service/0.5.0-SNAPSHOT/hadoop-hdds-container-service-0.5.0-SNAPSHOT.jar!/webapps/static,UNAVAILABLE}
2019-10-10 06:18:26,123 [main] INFO  handler.ContextHandler (ContextHandler.java:doStop(910)) - Stopped o.e.j.s.ServletContextHandler@4e958f08{/static,jar:file:/home/user/.m2/repository/org/apache/hadoop/hadoop-hdds-container-service/0.5.0-SNAPSHOT/hadoop-hdds-container-service-0.5.0-SNAPSHOT.jar!/webapps/static,UNAVAILABLE}
2019-10-10 06:18:26,124 [ForkJoinPool.commonPool-worker-1] INFO  handler.ContextHandler (ContextHandler.java:doStop(910)) - Stopped o.e.j.s.ServletContextHandler@2aee0704{/logs,file:///workdir/hadoop-ozone/integration-test/target/log,UNAVAILABLE}
2019-10-10 06:18:26,124 [main] INFO  handler.ContextHandler (ContextHandler.java:doStop(910)) - Stopped o.e.j.s.ServletContextHandler@781654f8{/logs,file:///workdir/hadoop-ozone/integration-test/target/log,UNAVAILABLE}
2019-10-10 06:18:26,677 [Datanode State Machine Thread - 0] INFO  statemachine.DatanodeStateMachine (DatanodeStateMachine.java:lambda$startDaemon$0(350)) - Ozone container server started.
2019-10-10 06:18:26,888 [Datanode State Machine Thread - 0] INFO  statemachine.DatanodeStateMachine (DatanodeStateMachine.java:lambda$startDaemon$0(350)) - Ozone container server started.
2019-10-10 06:18:27,366 [grpc-default-executor-5] WARN  server.GrpcLogAppender (LogUtils.java:warn(134)) - ee11eac9-f371-4dd3-b030-44ee70c0a8bc@group-65FC8AD9E3F6->8d53fe72-945b-4c61-a61e-89d5ee983bd1-AppendLogResponseHandler: Failed appendEntries: org.apache.ratis.thirdparty.io.grpc.StatusRuntimeException: UNAVAILABLE: io exception
2019-10-10 06:18:27,366 [grpc-default-executor-7] WARN  server.GrpcLogAppender (LogUtils.java:warn(134)) - ee11eac9-f371-4dd3-b030-44ee70c0a8bc@group-65FC8AD9E3F6->11dfb04e-6810-4238-9e4b-3a7ed7d1a168-AppendLogResponseHandler: Failed appendEntries: org.apache.ratis.thirdparty.io.grpc.StatusRuntimeException: UNAVAILABLE: io exception
2019-10-10 06:18:27,366 [grpc-default-executor-5] INFO  impl.FollowerInfo (FollowerInfo.java:lambda$new$0(51)) - ee11eac9-f371-4dd3-b030-44ee70c0a8bc@group-65FC8AD9E3F6->8d53fe72-945b-4c61-a61e-89d5ee983bd1: nextIndex: updateUnconditionally 18 -> 17
2019-10-10 06:18:27,366 [grpc-default-executor-7] INFO  impl.FollowerInfo (FollowerInfo.java:lambda$new$0(51)) - ee11eac9-f371-4dd3-b030-44ee70c0a8bc@group-65FC8AD9E3F6->11dfb04e-6810-4238-9e4b-3a7ed7d1a168: nextIndex: updateUnconditionally 0 -> 0
2019-10-10 06:18:28,449 [grpc-default-executor-7] WARN  server.GrpcLogAppender (LogUtils.java:warn(134)) - fa3523fb-4136-4314-be67-c6c89c32148b@group-9DBA14F262C5->8beef434-0a56-4db3-9c13-953f2f7e8f8a-AppendLogResponseHandler: Failed appendEntries: org.apache.ratis.thirdparty.io.grpc.StatusRuntimeException: UNAVAILABLE: io exception
2019-10-10 06:18:28,450 [grpc-default-executor-7] INFO  impl.FollowerInfo (FollowerInfo.java:lambda$new$0(51)) - fa3523fb-4136-4314-be67-c6c89c32148b@group-9DBA14F262C5->8beef434-0a56-4db3-9c13-953f2f7e8f8a: nextIndex: updateUnconditionally 16 -> 15
2019-10-10 06:18:28,719 [grpc-default-executor-8] WARN  server.GrpcLogAppender (LogUtils.java:warn(134)) - fa3523fb-4136-4314-be67-c6c89c32148b@group-9DBA14F262C5->8beef434-0a56-4db3-9c13-953f2f7e8f8a-AppendLogResponseHandler: Failed appendEntries: org.apache.ratis.thirdparty.io.grpc.StatusRuntimeException: UNAVAILABLE: io exception
2019-10-10 06:18:28,720 [grpc-default-executor-8] INFO  impl.FollowerInfo (FollowerInfo.java:lambda$new$0(51)) - fa3523fb-4136-4314-be67-c6c89c32148b@group-9DBA14F262C5->8beef434-0a56-4db3-9c13-953f2f7e8f8a: nextIndex: updateUnconditionally 16 -> 15
2019-10-10 06:18:28,731 [grpc-default-executor-8] WARN  server.GrpcLogAppender (LogUtils.java:warn(134)) - fa3523fb-4136-4314-be67-c6c89c32148b@group-9DBA14F262C5->8beef434-0a56-4db3-9c13-953f2f7e8f8a-AppendLogResponseHandler: Failed appendEntries: org.apache.ratis.thirdparty.io.grpc.StatusRuntimeException: UNAVAILABLE: io exception
2019-10-10 06:18:28,732 [grpc-default-executor-8] INFO  impl.FollowerInfo (FollowerInfo.java:lambda$new$0(51)) - fa3523fb-4136-4314-be67-c6c89c32148b@group-9DBA14F262C5->8beef434-0a56-4db3-9c13-953f2f7e8f8a: nextIndex: updateUnconditionally 16 -> 15
2019-10-10 06:18:28,742 [RatisApplyTransactionExecutor 2] INFO  interfaces.Container (KeyValueContainer.java:flushAndSyncDB(386)) - Container 2 is synced with bcsId 14.
2019-10-10 06:18:28,742 [RatisApplyTransactionExecutor 2] INFO  interfaces.Container (KeyValueContainer.java:flushAndSyncDB(386)) - Container 2 is synced with bcsId 14.
2019-10-10 06:18:28,744 [grpc-default-executor-8] WARN  server.GrpcLogAppender (LogUtils.java:warn(134)) - fa3523fb-4136-4314-be67-c6c89c32148b@group-9DBA14F262C5->8beef434-0a56-4db3-9c13-953f2f7e8f8a-AppendLogResponseHandler: Failed appendEntries: org.apache.ratis.thirdparty.io.grpc.StatusRuntimeException: UNAVAILABLE: io exception
2019-10-10 06:18:28,744 [grpc-default-executor-8] INFO  impl.FollowerInfo (FollowerInfo.java:lambda$new$0(51)) - fa3523fb-4136-4314-be67-c6c89c32148b@group-9DBA14F262C5->8beef434-0a56-4db3-9c13-953f2f7e8f8a: nextIndex: updateUnconditionally 16 -> 15
2019-10-10 06:18:28,757 [RatisApplyTransactionExecutor 2] INFO  interfaces.Container (KeyValueContainer.java:close(335)) - Container 2 is closed with bcsId 14.
2019-10-10 06:18:28,758 [EventQueue-IncrementalContainerReportForIncrementalContainerReportHandler] INFO  container.IncrementalContainerReportHandler (AbstractContainerReportHandler.java:updateContainerState(178)) - Moving container #2 to CLOSED state, datanode fa3523fb-4136-4314-be67-c6c89c32148b{ip: 192.168.151.114, host: trunk-nightly-20191010-ks672-2217485364, networkLocation: /default-rack, certSerialId: null} reported CLOSED replica.
2019-10-10 06:18:28,772 [RatisApplyTransactionExecutor 2] INFO  interfaces.Container (KeyValueContainer.java:flushAndSyncDB(386)) - Container 2 is synced with bcsId 14.
2019-10-10 06:18:28,772 [RatisApplyTransactionExecutor 2] INFO  interfaces.Container (KeyValueContainer.java:flushAndSyncDB(386)) - Container 2 is synced with bcsId 14.
2019-10-10 06:18:28,786 [RatisApplyTransactionExecutor 2] INFO  interfaces.Container (KeyValueContainer.java:close(335)) - Container 2 is closed with bcsId 14.
2019-10-10 06:18:29,871 [grpc-default-executor-5] WARN  server.GrpcLogAppender (LogUtils.java:warn(134)) - ee11eac9-f371-4dd3-b030-44ee70c0a8bc@group-65FC8AD9E3F6->11dfb04e-6810-4238-9e4b-3a7ed7d1a168-AppendLogResponseHandler: Failed appendEntries: org.apache.ratis.thirdparty.io.grpc.StatusRuntimeException: UNAVAILABLE: io exception
2019-10-10 06:18:29,871 [grpc-default-executor-7] WARN  server.GrpcLogAppender (LogUtils.java:warn(134)) - ee11eac9-f371-4dd3-b030-44ee70c0a8bc@group-65FC8AD9E3F6->8d53fe72-945b-4c61-a61e-89d5ee983bd1-AppendLogResponseHandler: Failed appendEntries: org.apache.ratis.thirdparty.io.grpc.StatusRuntimeException: UNAVAILABLE: io exception
2019-10-10 06:18:29,871 [grpc-default-executor-5] INFO  impl.FollowerInfo (FollowerInfo.java:lambda$new$0(51)) - ee11eac9-f371-4dd3-b030-44ee70c0a8bc@group-65FC8AD9E3F6->11dfb04e-6810-4238-9e4b-3a7ed7d1a168: nextIndex: updateUnconditionally 0 -> 0
2019-10-10 06:18:29,871 [grpc-default-executor-7] INFO  impl.FollowerInfo (FollowerInfo.java:lambda$new$0(51)) - ee11eac9-f371-4dd3-b030-44ee70c0a8bc@group-65FC8AD9E3F6->8d53fe72-945b-4c61-a61e-89d5ee983bd1: nextIndex: updateUnconditionally 17 -> 16
2019-10-10 06:18:30,704 [EventQueue-StaleNodeForStaleNodeHandler] INFO  node.StaleNodeHandler (StaleNodeHandler.java:onMessage(58)) - Datanode dd3fde67-87bd-4513-84e7-60c70261cfa5{ip: 192.168.151.114, host: trunk-nightly-20191010-ks672-2217485364, networkLocation: /default-rack, certSerialId: null} moved to stale state. Finalizing its pipelines [PipelineID=90c9b4fd-36da-4a14-b0d0-55f013bda091, PipelineID=84da5307-5bda-498a-872a-9dba14f262c5]
2019-10-10 06:18:30,705 [EventQueue-StaleNodeForStaleNodeHandler] INFO  pipeline.SCMPipelineManager (SCMPipelineManager.java:finalizeAndDestroyPipeline(315)) - destroying pipeline:Pipeline[ Id: 90c9b4fd-36da-4a14-b0d0-55f013bda091, Nodes: dd3fde67-87bd-4513-84e7-60c70261cfa5{ip: 192.168.151.114, host: trunk-nightly-20191010-ks672-2217485364, networkLocation: /default-rack, certSerialId: null}, Type:RATIS, Factor:ONE, State:OPEN]
2019-10-10 06:18:30,705 [EventQueue-StaleNodeForStaleNodeHandler] INFO  pipeline.PipelineStateManager (PipelineStateManager.java:finalizePipeline(123)) - Pipeline Pipeline[ Id: 90c9b4fd-36da-4a14-b0d0-55f013bda091, Nodes: dd3fde67-87bd-4513-84e7-60c70261cfa5{ip: 192.168.151.114, host: trunk-nightly-20191010-ks672-2217485364, networkLocation: /default-rack, certSerialId: null}, Type:RATIS, Factor:ONE, State:CLOSED] moved to CLOSED state
2019-10-10 06:18:30,706 [EventQueue-StaleNodeForStaleNodeHandler] INFO  pipeline.SCMPipelineManager (SCMPipelineManager.java:finalizeAndDestroyPipeline(315)) - destroying pipeline:Pipeline[ Id: 84da5307-5bda-498a-872a-9dba14f262c5, Nodes: dd3fde67-87bd-4513-84e7-60c70261cfa5{ip: 192.168.151.114, host: trunk-nightly-20191010-ks672-2217485364, networkLocation: /default-rack, certSerialId: null}8beef434-0a56-4db3-9c13-953f2f7e8f8a{ip: 192.168.151.114, host: trunk-nightly-20191010-ks672-2217485364, networkLocation: /default-rack, certSerialId: null}fa3523fb-4136-4314-be67-c6c89c32148b{ip: 192.168.151.114, host: trunk-nightly-20191010-ks672-2217485364, networkLocation: /default-rack, certSerialId: null}, Type:RATIS, Factor:THREE, State:CLOSED]
2019-10-10 06:18:30,904 [EventQueue-StaleNodeForStaleNodeHandler] INFO  node.StaleNodeHandler (StaleNodeHandler.java:onMessage(58)) - Datanode ee11eac9-f371-4dd3-b030-44ee70c0a8bc{ip: 192.168.151.114, host: trunk-nightly-20191010-ks672-2217485364, networkLocation: /default-rack, certSerialId: null} moved to stale state. Finalizing its pipelines [PipelineID=ef4e43d1-8fae-4bb6-8a82-6d2cb0e0c380, PipelineID=87e74914-41f6-467a-bc50-65fc8ad9e3f6]
2019-10-10 06:18:30,905 [EventQueue-StaleNodeForStaleNodeHandler] INFO  pipeline.SCMPipelineManager (SCMPipelineManager.java:finalizeAndDestroyPipeline(315)) - destroying pipeline:Pipeline[ Id: ef4e43d1-8fae-4bb6-8a82-6d2cb0e0c380, Nodes: ee11eac9-f371-4dd3-b030-44ee70c0a8bc{ip: 192.168.151.114, host: trunk-nightly-20191010-ks672-2217485364, networkLocation: /default-rack, certSerialId: null}, Type:RATIS, Factor:ONE, State:OPEN]
2019-10-10 06:18:30,905 [EventQueue-StaleNodeForStaleNodeHandler] INFO  pipeline.PipelineStateManager (PipelineStateManager.java:finalizePipeline(123)) - Pipeline Pipeline[ Id: ef4e43d1-8fae-4bb6-8a82-6d2cb0e0c380, Nodes: ee11eac9-f371-4dd3-b030-44ee70c0a8bc{ip: 192.168.151.114, host: trunk-nightly-20191010-ks672-2217485364, networkLocation: /default-rack, certSerialId: null}, Type:RATIS, Factor:ONE, State:CLOSED] moved to CLOSED state
2019-10-10 06:18:30,905 [EventQueue-StaleNodeForStaleNodeHandler] INFO  pipeline.SCMPipelineManager (SCMPipelineManager.java:finalizeAndDestroyPipeline(315)) - destroying pipeline:Pipeline[ Id: 87e74914-41f6-467a-bc50-65fc8ad9e3f6, Nodes: 11dfb04e-6810-4238-9e4b-3a7ed7d1a168{ip: 192.168.151.114, host: trunk-nightly-20191010-ks672-2217485364, networkLocation: /default-rack, certSerialId: null}ee11eac9-f371-4dd3-b030-44ee70c0a8bc{ip: 192.168.151.114, host: trunk-nightly-20191010-ks672-2217485364, networkLocation: /default-rack, certSerialId: null}8d53fe72-945b-4c61-a61e-89d5ee983bd1{ip: 192.168.151.114, host: trunk-nightly-20191010-ks672-2217485364, networkLocation: /default-rack, certSerialId: null}, Type:RATIS, Factor:THREE, State:CLOSED]
2019-10-10 06:18:31,127 [main] INFO  ozoneimpl.OzoneContainer (OzoneContainer.java:stop(227)) - Attempting to stop container services.
2019-10-10 06:18:31,127 [ForkJoinPool.commonPool-worker-1] INFO  ozoneimpl.OzoneContainer (OzoneContainer.java:stop(227)) - Attempting to stop container services.
2019-10-10 06:18:31,131 [main] INFO  impl.RaftServerProxy (RaftServerProxy.java:lambda$close$4(314)) - dd3fde67-87bd-4513-84e7-60c70261cfa5: close
2019-10-10 06:18:31,131 [ForkJoinPool.commonPool-worker-1] INFO  impl.RaftServerProxy (RaftServerProxy.java:lambda$close$4(314)) - ee11eac9-f371-4dd3-b030-44ee70c0a8bc: close
2019-10-10 06:18:31,132 [main] INFO  impl.RaftServerImpl (RaftServerImpl.java:lambda$shutdown$3(247)) - dd3fde67-87bd-4513-84e7-60c70261cfa5@group-55F013BDA091: shutdown
2019-10-10 06:18:31,132 [ForkJoinPool.commonPool-worker-1] INFO  impl.RaftServerImpl (RaftServerImpl.java:lambda$shutdown$3(247)) - ee11eac9-f371-4dd3-b030-44ee70c0a8bc@group-6D2CB0E0C380: shutdown
2019-10-10 06:18:31,132 [main] INFO  util.JmxRegister (JmxRegister.java:unregister(73)) - Successfully un-registered JMX Bean with object name Ratis:service=RaftServer,group=group-55F013BDA091,id=dd3fde67-87bd-4513-84e7-60c70261cfa5
2019-10-10 06:18:31,133 [ForkJoinPool.commonPool-worker-1] INFO  util.JmxRegister (JmxRegister.java:unregister(73)) - Successfully un-registered JMX Bean with object name Ratis:service=RaftServer,group=group-6D2CB0E0C380,id=ee11eac9-f371-4dd3-b030-44ee70c0a8bc
2019-10-10 06:18:31,133 [main] INFO  impl.RoleInfo (RoleInfo.java:shutdownLeaderState(104)) - dd3fde67-87bd-4513-84e7-60c70261cfa5: shutdown LeaderState
2019-10-10 06:18:31,133 [ForkJoinPool.commonPool-worker-1] INFO  impl.RoleInfo (RoleInfo.java:shutdownLeaderState(104)) - ee11eac9-f371-4dd3-b030-44ee70c0a8bc: shutdown LeaderState
2019-10-10 06:18:31,134 [main] INFO  impl.PendingRequests (PendingRequests.java:sendNotLeaderResponses(202)) - dd3fde67-87bd-4513-84e7-60c70261cfa5@group-55F013BDA091-PendingRequests: sendNotLeaderResponses
2019-10-10 06:18:31,134 [ForkJoinPool.commonPool-worker-1] INFO  impl.PendingRequests (PendingRequests.java:sendNotLeaderResponses(202)) - ee11eac9-f371-4dd3-b030-44ee70c0a8bc@group-6D2CB0E0C380-PendingRequests: sendNotLeaderResponses
2019-10-10 06:18:31,135 [main] INFO  impl.StateMachineUpdater (StateMachineUpdater.java:stopAndJoin(136)) - dd3fde67-87bd-4513-84e7-60c70261cfa5@group-55F013BDA091-StateMachineUpdater: set stopIndex = 0
2019-10-10 06:18:31,135 [ForkJoinPool.commonPool-worker-1] INFO  impl.StateMachineUpdater (StateMachineUpdater.java:stopAndJoin(136)) - ee11eac9-f371-4dd3-b030-44ee70c0a8bc@group-6D2CB0E0C380-StateMachineUpdater: set stopIndex = 0
2019-10-10 06:18:31,136 [main] INFO  impl.RaftServerImpl (ServerState.java:close(387)) - dd3fde67-87bd-4513-84e7-60c70261cfa5@group-55F013BDA091: closes. applyIndex: 0
2019-10-10 06:18:31,136 [ForkJoinPool.commonPool-worker-1] INFO  impl.RaftServerImpl (ServerState.java:close(387)) - ee11eac9-f371-4dd3-b030-44ee70c0a8bc@group-6D2CB0E0C380: closes. applyIndex: 0
2019-10-10 06:18:31,136 [dd3fde67-87bd-4513-84e7-60c70261cfa5@group-55F013BDA091-SegmentedRaftLogWorker] INFO  segmented.SegmentedRaftLogWorker (SegmentedRaftLogWorker.java:run(316)) - dd3fde67-87bd-4513-84e7-60c70261cfa5@group-55F013BDA091-SegmentedRaftLogWorker was interrupted, exiting. There are 0 tasks remaining in the queue.
2019-10-10 06:18:31,136 [ee11eac9-f371-4dd3-b030-44ee70c0a8bc@group-6D2CB0E0C380-SegmentedRaftLogWorker] INFO  segmented.SegmentedRaftLogWorker (SegmentedRaftLogWorker.java:run(316)) - ee11eac9-f371-4dd3-b030-44ee70c0a8bc@group-6D2CB0E0C380-SegmentedRaftLogWorker was interrupted, exiting. There are 0 tasks remaining in the queue.
2019-10-10 06:18:31,139 [ForkJoinPool.commonPool-worker-1] INFO  segmented.SegmentedRaftLogWorker (SegmentedRaftLogWorker.java:close(224)) - ee11eac9-f371-4dd3-b030-44ee70c0a8bc@group-6D2CB0E0C380-SegmentedRaftLogWorker close()
2019-10-10 06:18:31,139 [main] INFO  segmented.SegmentedRaftLogWorker (SegmentedRaftLogWorker.java:close(224)) - dd3fde67-87bd-4513-84e7-60c70261cfa5@group-55F013BDA091-SegmentedRaftLogWorker close()
2019-10-10 06:18:31,142 [ForkJoinPool.commonPool-worker-1] INFO  impl.RaftServerImpl (RaftServerImpl.java:lambda$shutdown$3(247)) - ee11eac9-f371-4dd3-b030-44ee70c0a8bc@group-65FC8AD9E3F6: shutdown
2019-10-10 06:18:31,145 [main] INFO  impl.RaftServerImpl (RaftServerImpl.java:lambda$shutdown$3(247)) - dd3fde67-87bd-4513-84e7-60c70261cfa5@group-9DBA14F262C5: shutdown
2019-10-10 06:18:31,146 [ForkJoinPool.commonPool-worker-1] INFO  util.JmxRegister (JmxRegister.java:unregister(73)) - Successfully un-registered JMX Bean with object name Ratis:service=RaftServer,group=group-65FC8AD9E3F6,id=ee11eac9-f371-4dd3-b030-44ee70c0a8bc
2019-10-10 06:18:31,146 [main] INFO  util.JmxRegister (JmxRegister.java:unregister(73)) - Successfully un-registered JMX Bean with object name Ratis:service=RaftServer,group=group-9DBA14F262C5,id=dd3fde67-87bd-4513-84e7-60c70261cfa5
2019-10-10 06:18:31,146 [ForkJoinPool.commonPool-worker-1] INFO  impl.RoleInfo (RoleInfo.java:shutdownLeaderState(104)) - ee11eac9-f371-4dd3-b030-44ee70c0a8bc: shutdown LeaderState
2019-10-10 06:18:31,147 [main] INFO  impl.RoleInfo (RoleInfo.java:shutdownFollowerState(121)) - dd3fde67-87bd-4513-84e7-60c70261cfa5: shutdown FollowerState
2019-10-10 06:18:31,150 [org.apache.ratis.server.impl.LogAppender$AppenderDaemon$$Lambda$534/41863353@4325ca21] WARN  server.GrpcLogAppender (GrpcLogAppender.java:mayWait(143)) - ee11eac9-f371-4dd3-b030-44ee70c0a8bc@group-65FC8AD9E3F6->11dfb04e-6810-4238-9e4b-3a7ed7d1a168-GrpcLogAppender: Wait interrupted by java.lang.InterruptedException
2019-10-10 06:18:31,150 [org.apache.ratis.server.impl.LogAppender$AppenderDaemon$$Lambda$534/41863353@e64bcd1] WARN  server.GrpcLogAppender (GrpcLogAppender.java:mayWait(143)) - ee11eac9-f371-4dd3-b030-44ee70c0a8bc@group-65FC8AD9E3F6->8d53fe72-945b-4c61-a61e-89d5ee983bd1-GrpcLogAppender: Wait interrupted by java.lang.InterruptedException
2019-10-10 06:18:31,150 [ForkJoinPool.commonPool-worker-1] INFO  impl.PendingRequests (PendingRequests.java:sendNotLeaderResponses(202)) - ee11eac9-f371-4dd3-b030-44ee70c0a8bc@group-65FC8AD9E3F6-PendingRequests: sendNotLeaderResponses
2019-10-10 06:18:31,150 [Thread-3049] INFO  impl.FollowerState (FollowerState.java:run(117)) - dd3fde67-87bd-4513-84e7-60c70261cfa5@group-9DBA14F262C5-FollowerState was interrupted: java.lang.InterruptedException: sleep interrupted
2019-10-10 06:18:31,150 [dd3fde67-87bd-4513-84e7-60c70261cfa5@group-9DBA14F262C5-StateMachineUpdater] INFO  ratis.ContainerStateMachine (ContainerStateMachine.java:takeSnapshot(294)) - group-9DBA14F262C5: Taking a snapshot at:(t:2, i:17) file /workdir/hadoop-ozone/integration-test/target/test-dir/MiniOzoneClusterImpl-6bc00d4f-b58d-47cd-9642-32568dc7b8bd/datanode-3/data/ratis/84da5307-5bda-498a-872a-9dba14f262c5/sm/snapshot.2_17
2019-10-10 06:18:31,150 [main] INFO  impl.StateMachineUpdater (StateMachineUpdater.java:stopAndJoin(136)) - dd3fde67-87bd-4513-84e7-60c70261cfa5@group-9DBA14F262C5-StateMachineUpdater: set stopIndex = 17
2019-10-10 06:18:31,152 [ee11eac9-f371-4dd3-b030-44ee70c0a8bc@group-65FC8AD9E3F6-StateMachineUpdater] INFO  ratis.ContainerStateMachine (ContainerStateMachine.java:takeSnapshot(294)) - group-65FC8AD9E3F6: Taking a snapshot at:(t:1, i:14) file /workdir/hadoop-ozone/integration-test/target/test-dir/MiniOzoneClusterImpl-6bc00d4f-b58d-47cd-9642-32568dc7b8bd/datanode-0/data/ratis/87e74914-41f6-467a-bc50-65fc8ad9e3f6/sm/snapshot.1_14
2019-10-10 06:18:31,151 [ForkJoinPool.commonPool-worker-1] INFO  impl.StateMachineUpdater (StateMachineUpdater.java:stopAndJoin(136)) - ee11eac9-f371-4dd3-b030-44ee70c0a8bc@group-65FC8AD9E3F6-StateMachineUpdater: set stopIndex = 18
2019-10-10 06:18:31,165 [dd3fde67-87bd-4513-84e7-60c70261cfa5@group-9DBA14F262C5-StateMachineUpdater] INFO  ratis.ContainerStateMachine (ContainerStateMachine.java:takeSnapshot(305)) - group-9DBA14F262C5: Finished taking a snapshot at:(t:2, i:17) file:/workdir/hadoop-ozone/integration-test/target/test-dir/MiniOzoneClusterImpl-6bc00d4f-b58d-47cd-9642-32568dc7b8bd/datanode-3/data/ratis/84da5307-5bda-498a-872a-9dba14f262c5/sm/snapshot.2_17 time:15
2019-10-10 06:18:31,165 [ee11eac9-f371-4dd3-b030-44ee70c0a8bc@group-65FC8AD9E3F6-StateMachineUpdater] INFO  ratis.ContainerStateMachine (ContainerStateMachine.java:takeSnapshot(305)) - group-65FC8AD9E3F6: Finished taking a snapshot at:(t:1, i:14) file:/workdir/hadoop-ozone/integration-test/target/test-dir/MiniOzoneClusterImpl-6bc00d4f-b58d-47cd-9642-32568dc7b8bd/datanode-0/data/ratis/87e74914-41f6-467a-bc50-65fc8ad9e3f6/sm/snapshot.1_14 time:14
2019-10-10 06:18:31,166 [dd3fde67-87bd-4513-84e7-60c70261cfa5@group-9DBA14F262C5-StateMachineUpdater] INFO  impl.StateMachineUpdater (StateMachineUpdater.java:takeSnapshot(269)) - dd3fde67-87bd-4513-84e7-60c70261cfa5@group-9DBA14F262C5-StateMachineUpdater: Took a snapshot at index 17
2019-10-10 06:18:31,166 [ee11eac9-f371-4dd3-b030-44ee70c0a8bc@group-65FC8AD9E3F6-StateMachineUpdater] INFO  impl.StateMachineUpdater (StateMachineUpdater.java:takeSnapshot(269)) - ee11eac9-f371-4dd3-b030-44ee70c0a8bc@group-65FC8AD9E3F6-StateMachineUpdater: Took a snapshot at index 14
2019-10-10 06:18:31,166 [ee11eac9-f371-4dd3-b030-44ee70c0a8bc@group-65FC8AD9E3F6-StateMachineUpdater] INFO  impl.StateMachineUpdater (StateMachineUpdater.java:lambda$new$0(84)) - ee11eac9-f371-4dd3-b030-44ee70c0a8bc@group-65FC8AD9E3F6-StateMachineUpdater: snapshotIndex: updateIncreasingly -1 -> 14
2019-10-10 06:18:31,166 [dd3fde67-87bd-4513-84e7-60c70261cfa5@group-9DBA14F262C5-StateMachineUpdater] INFO  impl.StateMachineUpdater (StateMachineUpdater.java:lambda$new$0(84)) - dd3fde67-87bd-4513-84e7-60c70261cfa5@group-9DBA14F262C5-StateMachineUpdater: snapshotIndex: updateIncreasingly -1 -> 17
2019-10-10 06:18:31,166 [ee11eac9-f371-4dd3-b030-44ee70c0a8bc@group-65FC8AD9E3F6-StateMachineUpdater] INFO  ratis.ContainerStateMachine (ContainerStateMachine.java:takeSnapshot(294)) - group-65FC8AD9E3F6: Taking a snapshot at:(t:1, i:14) file /workdir/hadoop-ozone/integration-test/target/test-dir/MiniOzoneClusterImpl-6bc00d4f-b58d-47cd-9642-32568dc7b8bd/datanode-0/data/ratis/87e74914-41f6-467a-bc50-65fc8ad9e3f6/sm/snapshot.1_14
2019-10-10 06:18:31,166 [main] INFO  impl.RaftServerImpl (ServerState.java:close(387)) - dd3fde67-87bd-4513-84e7-60c70261cfa5@group-9DBA14F262C5: closes. applyIndex: 17
2019-10-10 06:18:31,167 [dd3fde67-87bd-4513-84e7-60c70261cfa5@group-9DBA14F262C5-SegmentedRaftLogWorker] INFO  segmented.SegmentedRaftLogWorker (SegmentedRaftLogWorker.java:run(316)) - dd3fde67-87bd-4513-84e7-60c70261cfa5@group-9DBA14F262C5-SegmentedRaftLogWorker was interrupted, exiting. There are 0 tasks remaining in the queue.
2019-10-10 06:18:31,172 [main] INFO  segmented.SegmentedRaftLogWorker (SegmentedRaftLogWorker.java:close(224)) - dd3fde67-87bd-4513-84e7-60c70261cfa5@group-9DBA14F262C5-SegmentedRaftLogWorker close()
2019-10-10 06:18:31,181 [main] INFO  server.GrpcService (GrpcService.java:closeImpl(164)) - dd3fde67-87bd-4513-84e7-60c70261cfa5: shutdown server with port 41987 now
2019-10-10 06:18:31,181 [ee11eac9-f371-4dd3-b030-44ee70c0a8bc@group-65FC8AD9E3F6-StateMachineUpdater] INFO  ratis.ContainerStateMachine (ContainerStateMachine.java:takeSnapshot(305)) - group-65FC8AD9E3F6: Finished taking a snapshot at:(t:1, i:14) file:/workdir/hadoop-ozone/integration-test/target/test-dir/MiniOzoneClusterImpl-6bc00d4f-b58d-47cd-9642-32568dc7b8bd/datanode-0/data/ratis/87e74914-41f6-467a-bc50-65fc8ad9e3f6/sm/snapshot.1_14 time:14
2019-10-10 06:18:31,182 [ee11eac9-f371-4dd3-b030-44ee70c0a8bc@group-65FC8AD9E3F6-StateMachineUpdater] INFO  impl.StateMachineUpdater (StateMachineUpdater.java:takeSnapshot(269)) - ee11eac9-f371-4dd3-b030-44ee70c0a8bc@group-65FC8AD9E3F6-StateMachineUpdater: Took a snapshot at index 14
2019-10-10 06:18:31,182 [ee11eac9-f371-4dd3-b030-44ee70c0a8bc@group-65FC8AD9E3F6-StateMachineUpdater] INFO  impl.StateMachineUpdater (StateMachineUpdater.java:lambda$new$0(84)) - ee11eac9-f371-4dd3-b030-44ee70c0a8bc@group-65FC8AD9E3F6-StateMachineUpdater: snapshotIndex: updateIncreasingly 14 -> 14
2019-10-10 06:18:31,182 [ForkJoinPool.commonPool-worker-1] INFO  impl.RaftServerImpl (ServerState.java:close(387)) - ee11eac9-f371-4dd3-b030-44ee70c0a8bc@group-65FC8AD9E3F6: closes. applyIndex: 18
2019-10-10 06:18:31,182 [grpc-default-executor-5] WARN  server.GrpcServerProtocolService (LogUtils.java:warn(134)) - dd3fde67-87bd-4513-84e7-60c70261cfa5: installSnapshot onError, lastRequest: fa3523fb-4136-4314-be67-c6c89c32148b->dd3fde67-87bd-4513-84e7-60c70261cfa5#26-t2, previous=(t:2, i:17), leaderCommit=17, initializing? false, entries: size=1, first=(t:2, i:18), METADATAENTRY(c17): org.apache.ratis.thirdparty.io.grpc.StatusRuntimeException: CANCELLED: cancelled before receiving half close
2019-10-10 06:18:31,182 [main] INFO  server.GrpcService (GrpcService.java:closeImpl(172)) - dd3fde67-87bd-4513-84e7-60c70261cfa5: shutdown server with port 41987 successfully
2019-10-10 06:18:31,183 [grpc-default-executor-7] WARN  server.GrpcLogAppender (LogUtils.java:warn(134)) - fa3523fb-4136-4314-be67-c6c89c32148b@group-9DBA14F262C5->dd3fde67-87bd-4513-84e7-60c70261cfa5-AppendLogResponseHandler: Failed appendEntries: org.apache.ratis.thirdparty.io.grpc.StatusRuntimeException: CANCELLED: HTTP/2 error code: CANCEL
Received Rst Stream
2019-10-10 06:18:31,183 [ee11eac9-f371-4dd3-b030-44ee70c0a8bc@group-65FC8AD9E3F6-SegmentedRaftLogWorker] INFO  segmented.SegmentedRaftLogWorker (SegmentedRaftLogWorker.java:run(316)) - ee11eac9-f371-4dd3-b030-44ee70c0a8bc@group-65FC8AD9E3F6-SegmentedRaftLogWorker was interrupted, exiting. There are 0 tasks remaining in the queue.
2019-10-10 06:18:31,183 [grpc-default-executor-7] INFO  impl.FollowerInfo (FollowerInfo.java:lambda$new$0(51)) - fa3523fb-4136-4314-be67-c6c89c32148b@group-9DBA14F262C5->dd3fde67-87bd-4513-84e7-60c70261cfa5: nextIndex: updateUnconditionally 19 -> 18
2019-10-10 06:18:31,186 [ForkJoinPool.commonPool-worker-1] INFO  segmented.SegmentedRaftLogWorker (SegmentedRaftLogWorker.java:close(224)) - ee11eac9-f371-4dd3-b030-44ee70c0a8bc@group-65FC8AD9E3F6-SegmentedRaftLogWorker close()
2019-10-10 06:18:31,190 [ForkJoinPool.commonPool-worker-1] INFO  server.GrpcService (GrpcService.java:closeImpl(164)) - ee11eac9-f371-4dd3-b030-44ee70c0a8bc: shutdown server with port 46288 now
2019-10-10 06:18:31,191 [ForkJoinPool.commonPool-worker-1] INFO  server.GrpcService (GrpcService.java:closeImpl(172)) - ee11eac9-f371-4dd3-b030-44ee70c0a8bc: shutdown server with port 46288 successfully
2019-10-10 06:18:31,191 [refreshUsed-/workdir/hadoop-ozone/integration-test/target/test-dir/MiniOzoneClusterImpl-6bc00d4f-b58d-47cd-9642-32568dc7b8bd/datanode-3/data/containers] WARN  fs.CachingGetSpaceUsed (CachingGetSpaceUsed.java:run(183)) - Thread Interrupted waiting to refresh disk information: sleep interrupted
2019-10-10 06:18:31,199 [refreshUsed-/workdir/hadoop-ozone/integration-test/target/test-dir/MiniOzoneClusterImpl-6bc00d4f-b58d-47cd-9642-32568dc7b8bd/datanode-0/data/containers] WARN  fs.CachingGetSpaceUsed (CachingGetSpaceUsed.java:run(183)) - Thread Interrupted waiting to refresh disk information: sleep interrupted
2019-10-10 06:18:31,208 [main] INFO  utils.BackgroundService (BackgroundService.java:shutdown(151)) - Shutting down service BlockDeletingService
2019-10-10 06:18:31,213 [main] INFO  statemachine.DatanodeStateMachine (DatanodeStateMachine.java:stopDaemon(395)) - Ozone container server stopped.
2019-10-10 06:18:31,214 [main] INFO  handler.ContextHandler (ContextHandler.java:doStop(910)) - Stopped o.e.j.w.WebAppContext@1693ff90{/,null,UNAVAILABLE}{/hddsDatanode}
2019-10-10 06:18:31,215 [main] INFO  server.AbstractConnector (AbstractConnector.java:doStop(318)) - Stopped ServerConnector@47058864{HTTP/1.1,[http/1.1]}{0.0.0.0:0}
2019-10-10 06:18:31,215 [ForkJoinPool.commonPool-worker-1] INFO  utils.BackgroundService (BackgroundService.java:shutdown(151)) - Shutting down service BlockDeletingService
2019-10-10 06:18:31,215 [main] INFO  handler.ContextHandler (ContextHandler.java:doStop(910)) - Stopped o.e.j.s.ServletContextHandler@307cf964{/static,jar:file:/home/user/.m2/repository/org/apache/hadoop/hadoop-hdds-container-service/0.5.0-SNAPSHOT/hadoop-hdds-container-service-0.5.0-SNAPSHOT.jar!/webapps/static,UNAVAILABLE}
2019-10-10 06:18:31,219 [ForkJoinPool.commonPool-worker-1] INFO  statemachine.DatanodeStateMachine (DatanodeStateMachine.java:stopDaemon(395)) - Ozone container server stopped.
2019-10-10 06:18:31,219 [main] INFO  handler.ContextHandler (ContextHandler.java:doStop(910)) - Stopped o.e.j.s.ServletContextHandler@77324a58{/logs,file:///workdir/hadoop-ozone/integration-test/target/log,UNAVAILABLE}
2019-10-10 06:18:31,224 [ForkJoinPool.commonPool-worker-1] INFO  handler.ContextHandler (ContextHandler.java:doStop(910)) - Stopped o.e.j.w.WebAppContext@2d206a71{/,null,UNAVAILABLE}{/hddsDatanode}
2019-10-10 06:18:31,225 [ForkJoinPool.commonPool-worker-1] INFO  server.AbstractConnector (AbstractConnector.java:doStop(318)) - Stopped ServerConnector@37e7c4cc{HTTP/1.1,[http/1.1]}{0.0.0.0:0}
2019-10-10 06:18:31,226 [ForkJoinPool.commonPool-worker-1] INFO  handler.ContextHandler (ContextHandler.java:doStop(910)) - Stopped o.e.j.s.ServletContextHandler@33eb0d4{/static,jar:file:/home/user/.m2/repository/org/apache/hadoop/hadoop-hdds-container-service/0.5.0-SNAPSHOT/hadoop-hdds-container-service-0.5.0-SNAPSHOT.jar!/webapps/static,UNAVAILABLE}
2019-10-10 06:18:31,227 [ForkJoinPool.commonPool-worker-1] INFO  handler.ContextHandler (ContextHandler.java:doStop(910)) - Stopped o.e.j.s.ServletContextHandler@37d3e140{/logs,file:///workdir/hadoop-ozone/integration-test/target/log,UNAVAILABLE}
2019-10-10 06:18:31,244 [grpc-default-executor-7] WARN  server.GrpcLogAppender (LogUtils.java:warn(134)) - fa3523fb-4136-4314-be67-c6c89c32148b@group-9DBA14F262C5->dd3fde67-87bd-4513-84e7-60c70261cfa5-AppendLogResponseHandler: Failed appendEntries: org.apache.ratis.thirdparty.io.grpc.StatusRuntimeException: UNAVAILABLE: io exception
2019-10-10 06:18:31,244 [grpc-default-executor-8] WARN  server.GrpcLogAppender (LogUtils.java:warn(134)) - fa3523fb-4136-4314-be67-c6c89c32148b@group-9DBA14F262C5->8beef434-0a56-4db3-9c13-953f2f7e8f8a-AppendLogResponseHandler: Failed appendEntries: org.apache.ratis.thirdparty.io.grpc.StatusRuntimeException: UNAVAILABLE: io exception
2019-10-10 06:18:31,244 [grpc-default-executor-7] INFO  impl.FollowerInfo (FollowerInfo.java:lambda$new$0(51)) - fa3523fb-4136-4314-be67-c6c89c32148b@group-9DBA14F262C5->dd3fde67-87bd-4513-84e7-60c70261cfa5: nextIndex: updateUnconditionally 18 -> 17
2019-10-10 06:18:31,244 [grpc-default-executor-8] INFO  impl.FollowerInfo (FollowerInfo.java:lambda$new$0(51)) - fa3523fb-4136-4314-be67-c6c89c32148b@group-9DBA14F262C5->8beef434-0a56-4db3-9c13-953f2f7e8f8a: nextIndex: updateUnconditionally 15 -> 14
2019-10-10 06:18:31,534 [Datanode State Machine Thread - 0] INFO  statemachine.DatanodeStateMachine (DatanodeStateMachine.java:lambda$startDaemon$0(350)) - Ozone container server started.
2019-10-10 06:18:31,759 [Datanode State Machine Thread - 0] INFO  statemachine.DatanodeStateMachine (DatanodeStateMachine.java:lambda$startDaemon$0(350)) - Ozone container server started.
2019-10-10 06:18:33,745 [grpc-default-executor-7] WARN  server.GrpcLogAppender (LogUtils.java:warn(134)) - fa3523fb-4136-4314-be67-c6c89c32148b@group-9DBA14F262C5->dd3fde67-87bd-4513-84e7-60c70261cfa5-AppendLogResponseHandler: Failed appendEntries: org.apache.ratis.thirdparty.io.grpc.StatusRuntimeException: UNAVAILABLE: io exception
2019-10-10 06:18:33,745 [grpc-default-executor-2] WARN  server.GrpcLogAppender (LogUtils.java:warn(134)) - fa3523fb-4136-4314-be67-c6c89c32148b@group-9DBA14F262C5->8beef434-0a56-4db3-9c13-953f2f7e8f8a-AppendLogResponseHandler: Failed appendEntries: org.apache.ratis.thirdparty.io.grpc.StatusRuntimeException: UNAVAILABLE: io exception
2019-10-10 06:18:33,745 [grpc-default-executor-7] INFO  impl.FollowerInfo (FollowerInfo.java:lambda$new$0(51)) - fa3523fb-4136-4314-be67-c6c89c32148b@group-9DBA14F262C5->dd3fde67-87bd-4513-84e7-60c70261cfa5: nextIndex: updateUnconditionally 17 -> 16
2019-10-10 06:18:33,746 [grpc-default-executor-2] INFO  impl.FollowerInfo (FollowerInfo.java:lambda$new$0(51)) - fa3523fb-4136-4314-be67-c6c89c32148b@group-9DBA14F262C5->8beef434-0a56-4db3-9c13-953f2f7e8f8a: nextIndex: updateUnconditionally 14 -> 13
2019-10-10 06:18:35,612 [EventQueue-StaleNodeForStaleNodeHandler] INFO  node.StaleNodeHandler (StaleNodeHandler.java:onMessage(58)) - Datanode 4890c921-1d4f-4966-ac62-ea3618e6f830{ip: 192.168.151.114, host: trunk-nightly-20191010-ks672-2217485364, networkLocation: /default-rack, certSerialId: null} moved to stale state. Finalizing its pipelines []
2019-10-10 06:18:35,811 [EventQueue-StaleNodeForStaleNodeHandler] INFO  node.StaleNodeHandler (StaleNodeHandler.java:onMessage(58)) - Datanode fa3523fb-4136-4314-be67-c6c89c32148b{ip: 192.168.151.114, host: trunk-nightly-20191010-ks672-2217485364, networkLocation: /default-rack, certSerialId: null} moved to stale state. Finalizing its pipelines [PipelineID=947dd558-b32c-433f-a33d-cbe1689d0d01, PipelineID=84da5307-5bda-498a-872a-9dba14f262c5]
2019-10-10 06:18:35,812 [EventQueue-StaleNodeForStaleNodeHandler] INFO  pipeline.SCMPipelineManager (SCMPipelineManager.java:finalizeAndDestroyPipeline(315)) - destroying pipeline:Pipeline[ Id: 947dd558-b32c-433f-a33d-cbe1689d0d01, Nodes: fa3523fb-4136-4314-be67-c6c89c32148b{ip: 192.168.151.114, host: trunk-nightly-20191010-ks672-2217485364, networkLocation: /default-rack, certSerialId: null}, Type:RATIS, Factor:ONE, State:OPEN]
2019-10-10 06:18:35,812 [EventQueue-StaleNodeForStaleNodeHandler] INFO  pipeline.PipelineStateManager (PipelineStateManager.java:finalizePipeline(123)) - Pipeline Pipeline[ Id: 947dd558-b32c-433f-a33d-cbe1689d0d01, Nodes: fa3523fb-4136-4314-be67-c6c89c32148b{ip: 192.168.151.114, host: trunk-nightly-20191010-ks672-2217485364, networkLocation: /default-rack, certSerialId: null}, Type:RATIS, Factor:ONE, State:CLOSED] moved to CLOSED state
2019-10-10 06:18:35,813 [EventQueue-StaleNodeForStaleNodeHandler] INFO  pipeline.SCMPipelineManager (SCMPipelineManager.java:finalizeAndDestroyPipeline(315)) - destroying pipeline:Pipeline[ Id: 84da5307-5bda-498a-872a-9dba14f262c5, Nodes: dd3fde67-87bd-4513-84e7-60c70261cfa5{ip: 192.168.151.114, host: trunk-nightly-20191010-ks672-2217485364, networkLocation: /default-rack, certSerialId: null}8beef434-0a56-4db3-9c13-953f2f7e8f8a{ip: 192.168.151.114, host: trunk-nightly-20191010-ks672-2217485364, networkLocation: /default-rack, certSerialId: null}fa3523fb-4136-4314-be67-c6c89c32148b{ip: 192.168.151.114, host: trunk-nightly-20191010-ks672-2217485364, networkLocation: /default-rack, certSerialId: null}, Type:RATIS, Factor:THREE, State:CLOSED]
2019-10-10 06:18:36,226 [main] INFO  ozoneimpl.OzoneContainer (OzoneContainer.java:stop(227)) - Attempting to stop container services.
2019-10-10 06:18:36,229 [main] INFO  impl.RaftServerProxy (RaftServerProxy.java:lambda$close$4(314)) - 4890c921-1d4f-4966-ac62-ea3618e6f830: close
2019-10-10 06:18:36,229 [ForkJoinPool.commonPool-worker-1] INFO  ozoneimpl.OzoneContainer (OzoneContainer.java:stop(227)) - Attempting to stop container services.
2019-10-10 06:18:36,234 [ForkJoinPool.commonPool-worker-1] INFO  impl.RaftServerProxy (RaftServerProxy.java:lambda$close$4(314)) - fa3523fb-4136-4314-be67-c6c89c32148b: close
2019-10-10 06:18:36,234 [ForkJoinPool.commonPool-worker-1] INFO  impl.RaftServerImpl (RaftServerImpl.java:lambda$shutdown$3(247)) - fa3523fb-4136-4314-be67-c6c89c32148b@group-CBE1689D0D01: shutdown
2019-10-10 06:18:36,234 [main] INFO  server.GrpcService (GrpcService.java:closeImpl(164)) - 4890c921-1d4f-4966-ac62-ea3618e6f830: shutdown server with port 43892 now
2019-10-10 06:18:36,235 [ForkJoinPool.commonPool-worker-1] INFO  util.JmxRegister (JmxRegister.java:unregister(73)) - Successfully un-registered JMX Bean with object name Ratis:service=RaftServer,group=group-CBE1689D0D01,id=fa3523fb-4136-4314-be67-c6c89c32148b
2019-10-10 06:18:36,235 [ForkJoinPool.commonPool-worker-1] INFO  impl.RoleInfo (RoleInfo.java:shutdownLeaderState(104)) - fa3523fb-4136-4314-be67-c6c89c32148b: shutdown LeaderState
2019-10-10 06:18:36,236 [ForkJoinPool.commonPool-worker-1] INFO  impl.PendingRequests (PendingRequests.java:sendNotLeaderResponses(202)) - fa3523fb-4136-4314-be67-c6c89c32148b@group-CBE1689D0D01-PendingRequests: sendNotLeaderResponses
2019-10-10 06:18:36,236 [main] INFO  server.GrpcService (GrpcService.java:closeImpl(172)) - 4890c921-1d4f-4966-ac62-ea3618e6f830: shutdown server with port 43892 successfully
2019-10-10 06:18:36,237 [ForkJoinPool.commonPool-worker-1] INFO  impl.StateMachineUpdater (StateMachineUpdater.java:stopAndJoin(136)) - fa3523fb-4136-4314-be67-c6c89c32148b@group-CBE1689D0D01-StateMachineUpdater: set stopIndex = 0
2019-10-10 06:18:36,238 [ForkJoinPool.commonPool-worker-1] INFO  impl.RaftServerImpl (ServerState.java:close(387)) - fa3523fb-4136-4314-be67-c6c89c32148b@group-CBE1689D0D01: closes. applyIndex: 0
2019-10-10 06:18:36,239 [fa3523fb-4136-4314-be67-c6c89c32148b@group-CBE1689D0D01-SegmentedRaftLogWorker] INFO  segmented.SegmentedRaftLogWorker (SegmentedRaftLogWorker.java:run(316)) - fa3523fb-4136-4314-be67-c6c89c32148b@group-CBE1689D0D01-SegmentedRaftLogWorker was interrupted, exiting. There are 0 tasks remaining in the queue.
2019-10-10 06:18:36,251 [ForkJoinPool.commonPool-worker-1] INFO  segmented.SegmentedRaftLogWorker (SegmentedRaftLogWorker.java:close(224)) - fa3523fb-4136-4314-be67-c6c89c32148b@group-CBE1689D0D01-SegmentedRaftLogWorker close()
2019-10-10 06:18:36,251 [refreshUsed-/workdir/hadoop-ozone/integration-test/target/test-dir/MiniOzoneClusterImpl-6bc00d4f-b58d-47cd-9642-32568dc7b8bd/datanode-6/data/containers] WARN  fs.CachingGetSpaceUsed (CachingGetSpaceUsed.java:run(183)) - Thread Interrupted waiting to refresh disk information: sleep interrupted
2019-10-10 06:18:36,256 [ForkJoinPool.commonPool-worker-1] INFO  impl.RaftServerImpl (RaftServerImpl.java:lambda$shutdown$3(247)) - fa3523fb-4136-4314-be67-c6c89c32148b@group-9DBA14F262C5: shutdown
2019-10-10 06:18:36,256 [ForkJoinPool.commonPool-worker-1] INFO  util.JmxRegister (JmxRegister.java:unregister(73)) - Successfully un-registered JMX Bean with object name Ratis:service=RaftServer,group=group-9DBA14F262C5,id=fa3523fb-4136-4314-be67-c6c89c32148b
2019-10-10 06:18:36,256 [ForkJoinPool.commonPool-worker-1] INFO  impl.RoleInfo (RoleInfo.java:shutdownLeaderState(104)) - fa3523fb-4136-4314-be67-c6c89c32148b: shutdown LeaderState
2019-10-10 06:18:36,257 [grpc-default-executor-6] WARN  server.GrpcLogAppender (LogUtils.java:warn(134)) - fa3523fb-4136-4314-be67-c6c89c32148b@group-9DBA14F262C5->8beef434-0a56-4db3-9c13-953f2f7e8f8a-AppendLogResponseHandler: Failed appendEntries: org.apache.ratis.thirdparty.io.grpc.StatusRuntimeException: UNAVAILABLE: io exception
2019-10-10 06:18:36,259 [org.apache.ratis.server.impl.LogAppender$AppenderDaemon$$Lambda$534/41863353@5336ac34] WARN  server.GrpcLogAppender (GrpcLogAppender.java:mayWait(143)) - fa3523fb-4136-4314-be67-c6c89c32148b@group-9DBA14F262C5->dd3fde67-87bd-4513-84e7-60c70261cfa5-GrpcLogAppender: Wait interrupted by java.lang.InterruptedException
2019-10-10 06:18:36,259 [org.apache.ratis.server.impl.LogAppender$AppenderDaemon$$Lambda$534/41863353@2d5b4ecf] WARN  server.GrpcLogAppender (GrpcLogAppender.java:mayWait(143)) - fa3523fb-4136-4314-be67-c6c89c32148b@group-9DBA14F262C5->8beef434-0a56-4db3-9c13-953f2f7e8f8a-GrpcLogAppender: Wait interrupted by java.lang.InterruptedException
2019-10-10 06:18:36,259 [ForkJoinPool.commonPool-worker-1] INFO  impl.PendingRequests (PendingRequests.java:sendNotLeaderResponses(202)) - fa3523fb-4136-4314-be67-c6c89c32148b@group-9DBA14F262C5-PendingRequests: sendNotLeaderResponses
2019-10-10 06:18:36,257 [grpc-default-executor-2] WARN  server.GrpcLogAppender (LogUtils.java:warn(134)) - fa3523fb-4136-4314-be67-c6c89c32148b@group-9DBA14F262C5->dd3fde67-87bd-4513-84e7-60c70261cfa5-AppendLogResponseHandler: Failed appendEntries: org.apache.ratis.thirdparty.io.grpc.StatusRuntimeException: UNAVAILABLE: io exception
2019-10-10 06:18:36,260 [grpc-default-executor-2] INFO  impl.FollowerInfo (FollowerInfo.java:lambda$new$0(51)) - fa3523fb-4136-4314-be67-c6c89c32148b@group-9DBA14F262C5->dd3fde67-87bd-4513-84e7-60c70261cfa5: nextIndex: updateUnconditionally 16 -> 15
2019-10-10 06:18:36,260 [grpc-default-executor-6] INFO  impl.FollowerInfo (FollowerInfo.java:lambda$new$0(51)) - fa3523fb-4136-4314-be67-c6c89c32148b@group-9DBA14F262C5->8beef434-0a56-4db3-9c13-953f2f7e8f8a: nextIndex: updateUnconditionally 13 -> 12
2019-10-10 06:18:36,262 [ForkJoinPool.commonPool-worker-1] INFO  impl.StateMachineUpdater (StateMachineUpdater.java:stopAndJoin(136)) - fa3523fb-4136-4314-be67-c6c89c32148b@group-9DBA14F262C5-StateMachineUpdater: set stopIndex = 18
2019-10-10 06:18:36,262 [fa3523fb-4136-4314-be67-c6c89c32148b@group-9DBA14F262C5-StateMachineUpdater] INFO  ratis.ContainerStateMachine (ContainerStateMachine.java:takeSnapshot(294)) - group-9DBA14F262C5: Taking a snapshot at:(t:2, i:18) file /workdir/hadoop-ozone/integration-test/target/test-dir/MiniOzoneClusterImpl-6bc00d4f-b58d-47cd-9642-32568dc7b8bd/datanode-5/data/ratis/84da5307-5bda-498a-872a-9dba14f262c5/sm/snapshot.2_18
2019-10-10 06:18:36,272 [main] INFO  utils.BackgroundService (BackgroundService.java:shutdown(151)) - Shutting down service BlockDeletingService
2019-10-10 06:18:36,276 [fa3523fb-4136-4314-be67-c6c89c32148b@group-9DBA14F262C5-StateMachineUpdater] INFO  ratis.ContainerStateMachine (ContainerStateMachine.java:takeSnapshot(305)) - group-9DBA14F262C5: Finished taking a snapshot at:(t:2, i:18) file:/workdir/hadoop-ozone/integration-test/target/test-dir/MiniOzoneClusterImpl-6bc00d4f-b58d-47cd-9642-32568dc7b8bd/datanode-5/data/ratis/84da5307-5bda-498a-872a-9dba14f262c5/sm/snapshot.2_18 time:13
2019-10-10 06:18:36,277 [main] INFO  statemachine.DatanodeStateMachine (DatanodeStateMachine.java:stopDaemon(395)) - Ozone container server stopped.
2019-10-10 06:18:36,277 [fa3523fb-4136-4314-be67-c6c89c32148b@group-9DBA14F262C5-StateMachineUpdater] INFO  impl.StateMachineUpdater (StateMachineUpdater.java:takeSnapshot(269)) - fa3523fb-4136-4314-be67-c6c89c32148b@group-9DBA14F262C5-StateMachineUpdater: Took a snapshot at index 18
2019-10-10 06:18:36,277 [fa3523fb-4136-4314-be67-c6c89c32148b@group-9DBA14F262C5-StateMachineUpdater] INFO  impl.StateMachineUpdater (StateMachineUpdater.java:lambda$new$0(84)) - fa3523fb-4136-4314-be67-c6c89c32148b@group-9DBA14F262C5-StateMachineUpdater: snapshotIndex: updateIncreasingly -1 -> 18
2019-10-10 06:18:36,278 [ForkJoinPool.commonPool-worker-1] INFO  impl.RaftServerImpl (ServerState.java:close(387)) - fa3523fb-4136-4314-be67-c6c89c32148b@group-9DBA14F262C5: closes. applyIndex: 18
2019-10-10 06:18:36,278 [fa3523fb-4136-4314-be67-c6c89c32148b@group-9DBA14F262C5-SegmentedRaftLogWorker] INFO  segmented.SegmentedRaftLogWorker (SegmentedRaftLogWorker.java:run(316)) - fa3523fb-4136-4314-be67-c6c89c32148b@group-9DBA14F262C5-SegmentedRaftLogWorker was interrupted, exiting. There are 0 tasks remaining in the queue.
2019-10-10 06:18:36,279 [ForkJoinPool.commonPool-worker-1] INFO  segmented.SegmentedRaftLogWorker (SegmentedRaftLogWorker.java:close(224)) - fa3523fb-4136-4314-be67-c6c89c32148b@group-9DBA14F262C5-SegmentedRaftLogWorker close()
2019-10-10 06:18:36,279 [main] INFO  handler.ContextHandler (ContextHandler.java:doStop(910)) - Stopped o.e.j.w.WebAppContext@682618e5{/,null,UNAVAILABLE}{/hddsDatanode}
2019-10-10 06:18:36,288 [ForkJoinPool.commonPool-worker-1] INFO  server.GrpcService (GrpcService.java:closeImpl(164)) - fa3523fb-4136-4314-be67-c6c89c32148b: shutdown server with port 42712 now
2019-10-10 06:18:36,290 [main] INFO  server.AbstractConnector (AbstractConnector.java:doStop(318)) - Stopped ServerConnector@25ad25f5{HTTP/1.1,[http/1.1]}{0.0.0.0:0}
2019-10-10 06:18:36,290 [main] INFO  handler.ContextHandler (ContextHandler.java:doStop(910)) - Stopped o.e.j.s.ServletContextHandler@7767bd4e{/static,jar:file:/home/user/.m2/repository/org/apache/hadoop/hadoop-hdds-container-service/0.5.0-SNAPSHOT/hadoop-hdds-container-service-0.5.0-SNAPSHOT.jar!/webapps/static,UNAVAILABLE}
2019-10-10 06:18:36,290 [grpc-default-executor-8] WARN  client.GrpcClientProtocolService (LogUtils.java:warn(134)) - 1-UnorderedRequestStreamObserver1: onError: org.apache.ratis.thirdparty.io.grpc.StatusRuntimeException: CANCELLED: cancelled before receiving half close
2019-10-10 06:18:36,291 [main] INFO  handler.ContextHandler (ContextHandler.java:doStop(910)) - Stopped o.e.j.s.ServletContextHandler@1304e0d7{/logs,file:///workdir/hadoop-ozone/integration-test/target/log,UNAVAILABLE}
2019-10-10 06:18:36,290 [ForkJoinPool.commonPool-worker-1] INFO  server.GrpcService (GrpcService.java:closeImpl(172)) - fa3523fb-4136-4314-be67-c6c89c32148b: shutdown server with port 42712 successfully
2019-10-10 06:18:36,294 [refreshUsed-/workdir/hadoop-ozone/integration-test/target/test-dir/MiniOzoneClusterImpl-6bc00d4f-b58d-47cd-9642-32568dc7b8bd/datanode-5/data/containers] WARN  fs.CachingGetSpaceUsed (CachingGetSpaceUsed.java:run(183)) - Thread Interrupted waiting to refresh disk information: sleep interrupted
2019-10-10 06:18:36,308 [ForkJoinPool.commonPool-worker-1] INFO  utils.BackgroundService (BackgroundService.java:shutdown(151)) - Shutting down service BlockDeletingService
2019-10-10 06:18:36,311 [ForkJoinPool.commonPool-worker-1] INFO  statemachine.DatanodeStateMachine (DatanodeStateMachine.java:stopDaemon(395)) - Ozone container server stopped.
2019-10-10 06:18:36,314 [ForkJoinPool.commonPool-worker-1] INFO  handler.ContextHandler (ContextHandler.java:doStop(910)) - Stopped o.e.j.w.WebAppContext@682e445e{/,null,UNAVAILABLE}{/hddsDatanode}
2019-10-10 06:18:36,315 [ForkJoinPool.commonPool-worker-1] INFO  server.AbstractConnector (AbstractConnector.java:doStop(318)) - Stopped ServerConnector@79e10fb4{HTTP/1.1,[http/1.1]}{0.0.0.0:0}
2019-10-10 06:18:36,316 [ForkJoinPool.commonPool-worker-1] INFO  handler.ContextHandler (ContextHandler.java:doStop(910)) - Stopped o.e.j.s.ServletContextHandler@49491770{/static,jar:file:/home/user/.m2/repository/org/apache/hadoop/hadoop-hdds-container-service/0.5.0-SNAPSHOT/hadoop-hdds-container-service-0.5.0-SNAPSHOT.jar!/webapps/static,UNAVAILABLE}
2019-10-10 06:18:36,317 [ForkJoinPool.commonPool-worker-1] INFO  handler.ContextHandler (ContextHandler.java:doStop(910)) - Stopped o.e.j.s.ServletContextHandler@6b2aafbc{/logs,file:///workdir/hadoop-ozone/integration-test/target/log,UNAVAILABLE}
2019-10-10 06:18:36,317 [main] INFO  ozone.MiniOzoneClusterImpl (MiniOzoneClusterImpl.java:stopSCM(392)) - Stopping the StorageContainerManager
2019-10-10 06:18:36,318 [main] INFO  server.StorageContainerManager (StorageContainerManager.java:stop(810)) - Stopping Replication Manager Service.
2019-10-10 06:18:36,318 [main] INFO  container.ReplicationManager (ReplicationManager.java:stop(203)) - Stopping Replication Monitor Thread.
2019-10-10 06:18:36,318 [main] INFO  server.StorageContainerManager (StorageContainerManager.java:stop(817)) - Stopping Lease Manager of the command watchers
2019-10-10 06:18:36,318 [main] INFO  server.StorageContainerManager (StorageContainerManager.java:stop(824)) - Stopping datanode service RPC server
2019-10-10 06:18:36,318 [main] INFO  server.SCMDatanodeProtocolServer (SCMDatanodeProtocolServer.java:stop(346)) - Stopping the RPC server for DataNodes
2019-10-10 06:18:36,319 [main] INFO  ipc.Server (Server.java:stop(3082)) - Stopping server on 45001
2019-10-10 06:18:36,321 [IPC Server listener on 45001] INFO  ipc.Server (Server.java:run(1185)) - Stopping IPC Server listener on 45001
2019-10-10 06:18:36,321 [IPC Server Responder] INFO  ipc.Server (Server.java:run(1319)) - Stopping IPC Server Responder
2019-10-10 06:18:36,412 [SCM Heartbeat Processing Thread - 0] WARN  node.NodeStateManager (NodeStateManager.java:scheduleNextHealthCheck(646)) - Current Thread is interrupted, shutting down HB processing thread for Node Manager.
2019-10-10 06:18:36,413 [main] INFO  server.StorageContainerManager (StorageContainerManager.java:stop(832)) - Stopping block service RPC server
2019-10-10 06:18:36,413 [main] INFO  server.SCMBlockProtocolServer (SCMBlockProtocolServer.java:stop(155)) - Stopping the RPC server for Block Protocol
2019-10-10 06:18:36,413 [main] INFO  ipc.Server (Server.java:stop(3082)) - Stopping server on 46497
2019-10-10 06:18:36,416 [IPC Server listener on 46497] INFO  ipc.Server (Server.java:run(1185)) - Stopping IPC Server listener on 46497
2019-10-10 06:18:36,417 [main] INFO  server.StorageContainerManager (StorageContainerManager.java:stop(839)) - Stopping the StorageContainerLocationProtocol RPC server
2019-10-10 06:18:36,417 [IPC Server Responder] INFO  ipc.Server (Server.java:run(1319)) - Stopping IPC Server Responder
2019-10-10 06:18:36,418 [main] INFO  server.SCMClientProtocolServer (SCMClientProtocolServer.java:stop(168)) - Stopping the RPC server for Client Protocol
2019-10-10 06:18:36,419 [main] INFO  ipc.Server (Server.java:stop(3082)) - Stopping server on 34755
2019-10-10 06:18:36,421 [IPC Server listener on 34755] INFO  ipc.Server (Server.java:run(1185)) - Stopping IPC Server listener on 34755
2019-10-10 06:18:36,421 [main] INFO  server.StorageContainerManager (StorageContainerManager.java:stop(846)) - Stopping Storage Container Manager HTTP server.
2019-10-10 06:18:36,421 [IPC Server Responder] INFO  ipc.Server (Server.java:run(1319)) - Stopping IPC Server Responder
2019-10-10 06:18:36,424 [main] INFO  handler.ContextHandler (ContextHandler.java:doStop(910)) - Stopped o.e.j.w.WebAppContext@4f664bee{/,null,UNAVAILABLE}{/scm}
2019-10-10 06:18:36,424 [main] INFO  server.AbstractConnector (AbstractConnector.java:doStop(318)) - Stopped ServerConnector@76563ae7{HTTP/1.1,[http/1.1]}{0.0.0.0:0}
2019-10-10 06:18:36,425 [main] INFO  handler.ContextHandler (ContextHandler.java:doStop(910)) - Stopped o.e.j.s.ServletContextHandler@64f4f12{/static,file:///workdir/hadoop-ozone/integration-test/target/test-classes/webapps/static,UNAVAILABLE}
2019-10-10 06:18:36,425 [main] INFO  handler.ContextHandler (ContextHandler.java:doStop(910)) - Stopped o.e.j.s.ServletContextHandler@599f1b7{/logs,file:///workdir/hadoop-ozone/integration-test/target/log,UNAVAILABLE}
2019-10-10 06:18:36,426 [main] INFO  server.StorageContainerManager (StorageContainerManager.java:stop(857)) - Stopping Block Manager Service.
2019-10-10 06:18:36,426 [main] INFO  utils.BackgroundService (BackgroundService.java:shutdown(151)) - Shutting down service SCMBlockDeletingService
2019-10-10 06:18:36,427 [main] INFO  utils.BackgroundService (BackgroundService.java:shutdown(151)) - Shutting down service SCMBlockDeletingService
2019-10-10 06:18:36,427 [main] INFO  server.StorageContainerManager (StorageContainerManager.java:stop(879)) - Stopping SCM Event Queue.
2019-10-10 06:18:36,431 [main] INFO  impl.MetricsSystemImpl (MetricsSystemImpl.java:stop(210)) - Stopping HddsDatanode metrics system...
2019-10-10 06:18:36,461 [main] INFO  impl.MetricsSystemImpl (MetricsSystemImpl.java:stop(216)) - HddsDatanode metrics system stopped.
]]></system-out>
    <system-err><![CDATA[Oct 10, 2019 6:18:26 AM org.apache.ratis.thirdparty.io.grpc.internal.SerializingExecutor run
SEVERE: Exception while executing runnable org.apache.ratis.thirdparty.io.grpc.internal.ServerImpl$JumpToApplicationThreadServerStreamListener$1Closed@329af385
org.apache.ratis.thirdparty.io.grpc.StatusRuntimeException: CANCELLED: call already cancelled
	at org.apache.ratis.thirdparty.io.grpc.Status.asRuntimeException(Status.java:517)
	at org.apache.ratis.thirdparty.io.grpc.stub.ServerCalls$ServerCallStreamObserverImpl.onCompleted(ServerCalls.java:356)
	at org.apache.ratis.grpc.server.GrpcServerProtocolService$ServerRequestStreamObserver.onError(GrpcServerProtocolService.java:121)
	at org.apache.ratis.thirdparty.io.grpc.stub.ServerCalls$StreamingServerCallHandler$StreamingServerCallListener.onCancel(ServerCalls.java:269)
	at org.apache.ratis.thirdparty.io.grpc.internal.ServerCallImpl$ServerStreamListenerImpl.closed(ServerCallImpl.java:293)
	at org.apache.ratis.thirdparty.io.grpc.internal.ServerImpl$JumpToApplicationThreadServerStreamListener$1Closed.runInContext(ServerImpl.java:741)
	at org.apache.ratis.thirdparty.io.grpc.internal.ContextRunnable.run(ContextRunnable.java:37)
	at org.apache.ratis.thirdparty.io.grpc.internal.SerializingExecutor.run(SerializingExecutor.java:123)
	at java.util.concurrent.ThreadPoolExecutor.runWorker(ThreadPoolExecutor.java:1149)
	at java.util.concurrent.ThreadPoolExecutor$Worker.run(ThreadPoolExecutor.java:624)
	at java.lang.Thread.run(Thread.java:748)

Oct 10, 2019 6:18:26 AM org.apache.ratis.thirdparty.io.grpc.internal.SerializingExecutor run
SEVERE: Exception while executing runnable org.apache.ratis.thirdparty.io.grpc.internal.ServerImpl$JumpToApplicationThreadServerStreamListener$1Closed@5bad2c3
org.apache.ratis.thirdparty.io.grpc.StatusRuntimeException: CANCELLED: call already cancelled
	at org.apache.ratis.thirdparty.io.grpc.Status.asRuntimeException(Status.java:517)
	at org.apache.ratis.thirdparty.io.grpc.stub.ServerCalls$ServerCallStreamObserverImpl.onCompleted(ServerCalls.java:356)
	at org.apache.ratis.grpc.server.GrpcServerProtocolService$ServerRequestStreamObserver.onError(GrpcServerProtocolService.java:121)
	at org.apache.ratis.thirdparty.io.grpc.stub.ServerCalls$StreamingServerCallHandler$StreamingServerCallListener.onCancel(ServerCalls.java:269)
	at org.apache.ratis.thirdparty.io.grpc.internal.ServerCallImpl$ServerStreamListenerImpl.closed(ServerCallImpl.java:293)
	at org.apache.ratis.thirdparty.io.grpc.internal.ServerImpl$JumpToApplicationThreadServerStreamListener$1Closed.runInContext(ServerImpl.java:741)
	at org.apache.ratis.thirdparty.io.grpc.internal.ContextRunnable.run(ContextRunnable.java:37)
	at org.apache.ratis.thirdparty.io.grpc.internal.SerializingExecutor.run(SerializingExecutor.java:123)
	at java.util.concurrent.ThreadPoolExecutor.runWorker(ThreadPoolExecutor.java:1149)
	at java.util.concurrent.ThreadPoolExecutor$Worker.run(ThreadPoolExecutor.java:624)
	at java.lang.Thread.run(Thread.java:748)

Oct 10, 2019 6:18:31 AM org.apache.ratis.thirdparty.io.grpc.internal.SerializingExecutor run
SEVERE: Exception while executing runnable org.apache.ratis.thirdparty.io.grpc.internal.ServerImpl$JumpToApplicationThreadServerStreamListener$1Closed@4835572b
org.apache.ratis.thirdparty.io.grpc.StatusRuntimeException: CANCELLED: call already cancelled
	at org.apache.ratis.thirdparty.io.grpc.Status.asRuntimeException(Status.java:517)
	at org.apache.ratis.thirdparty.io.grpc.stub.ServerCalls$ServerCallStreamObserverImpl.onCompleted(ServerCalls.java:356)
	at org.apache.ratis.grpc.server.GrpcServerProtocolService$ServerRequestStreamObserver.onError(GrpcServerProtocolService.java:121)
	at org.apache.ratis.thirdparty.io.grpc.stub.ServerCalls$StreamingServerCallHandler$StreamingServerCallListener.onCancel(ServerCalls.java:269)
	at org.apache.ratis.thirdparty.io.grpc.internal.ServerCallImpl$ServerStreamListenerImpl.closed(ServerCallImpl.java:293)
	at org.apache.ratis.thirdparty.io.grpc.internal.ServerImpl$JumpToApplicationThreadServerStreamListener$1Closed.runInContext(ServerImpl.java:741)
	at org.apache.ratis.thirdparty.io.grpc.internal.ContextRunnable.run(ContextRunnable.java:37)
	at org.apache.ratis.thirdparty.io.grpc.internal.SerializingExecutor.run(SerializingExecutor.java:123)
	at java.util.concurrent.ThreadPoolExecutor.runWorker(ThreadPoolExecutor.java:1149)
	at java.util.concurrent.ThreadPoolExecutor$Worker.run(ThreadPoolExecutor.java:624)
	at java.lang.Thread.run(Thread.java:748)

]]></system-err>
  </testcase>
  <testcase name="testFailureWithPrimeSizedData" classname="org.apache.hadoop.ozone.client.rpc.TestBlockOutputStreamWithFailures" time="36.339"/>
  <testcase name="testWatchForCommitWithCloseContainerException" classname="org.apache.hadoop.ozone.client.rpc.TestBlockOutputStreamWithFailures" time="38.447"/>
  <testcase name="testExceptionDuringClose" classname="org.apache.hadoop.ozone.client.rpc.TestBlockOutputStreamWithFailures" time="33.743"/>
</testsuite>