<?xml version="1.0" encoding="UTF-8"?>
<testsuite xmlns:xsi="http://www.w3.org/2001/XMLSchema-instance" xsi:noNamespaceSchemaLocation="https://maven.apache.org/surefire/maven-surefire-plugin/xsd/surefire-test-report.xsd" name="org.apache.hadoop.ozone.client.rpc.TestWatchForCommit" time="232.822" tests="5" errors="1" skipped="0" failures="0">
  <properties>
    <property name="awt.toolkit" value="sun.awt.X11.XToolkit"/>
    <property name="file.encoding.pkg" value="sun.io"/>
    <property name="java.specification.version" value="1.8"/>
    <property name="sun.cpu.isalist" value=""/>
    <property name="sun.jnu.encoding" value="UTF-8"/>
    <property name="java.class.path" value="/workdir/hadoop-ozone/integration-test/target/test-classes:/workdir/hadoop-ozone/integration-test/target/classes:/home/user/.m2/repository/org/apache/hadoop/hadoop-ozone-common/0.5.0-SNAPSHOT/hadoop-ozone-common-0.5.0-SNAPSHOT.jar:/home/user/.m2/repository/org/apache/commons/commons-compress/1.4.1/commons-compress-1.4.1.jar:/home/user/.m2/repository/org/tukaani/xz/1.0/xz-1.0.jar:/home/user/.m2/repository/org/apache/hadoop/hadoop-common/3.2.0/hadoop-common-3.2.0.jar:/home/user/.m2/repository/org/apache/hadoop/hadoop-hdfs/3.2.0/hadoop-hdfs-3.2.0.jar:/home/user/.m2/repository/org/apache/hadoop/hadoop-hdfs-client/3.2.0/hadoop-hdfs-client-3.2.0.jar:/home/user/.m2/repository/com/fasterxml/jackson/core/jackson-annotations/2.9.9/jackson-annotations-2.9.9.jar:/home/user/.m2/repository/org/apache/hadoop/hadoop-hdds-common/0.5.0-SNAPSHOT/hadoop-hdds-common-0.5.0-SNAPSHOT.jar:/home/user/.m2/repository/javax/annotation/javax.annotation-api/1.2/javax.annotation-api-1.2.jar:/home/user/.m2/repository/org/apache/ratis/ratis-server/0.5.0-201fc85-SNAPSHOT/ratis-server-0.5.0-201fc85-SNAPSHOT.jar:/home/user/.m2/repository/org/apache/ratis/ratis-thirdparty-misc/0.2.0/ratis-thirdparty-misc-0.2.0.jar:/home/user/.m2/repository/org/apache/ratis/ratis-proto/0.5.0-201fc85-SNAPSHOT/ratis-proto-0.5.0-201fc85-SNAPSHOT.jar:/home/user/.m2/repository/org/apache/ratis/ratis-common/0.5.0-201fc85-SNAPSHOT/ratis-common-0.5.0-201fc85-SNAPSHOT.jar:/home/user/.m2/repository/org/apache/ratis/ratis-client/0.5.0-201fc85-SNAPSHOT/ratis-client-0.5.0-201fc85-SNAPSHOT.jar:/home/user/.m2/repository/org/apache/ratis/ratis-metrics/0.5.0-201fc85-SNAPSHOT/ratis-metrics-0.5.0-201fc85-SNAPSHOT.jar:/home/user/.m2/repository/com/github/joshelser/dropwizard-metrics-hadoop-metrics2-reporter/0.1.2/dropwizard-metrics-hadoop-metrics2-reporter-0.1.2.jar:/home/user/.m2/repository/io/dropwizard/metrics/metrics-jvm/3.2.5/metrics-jvm-3.2.5.jar:/home/user/.m2/repository/io/dropwizard/metrics/metrics-ganglia/3.2.5/metrics-ganglia-3.2.5.jar:/home/user/.m2/repository/info/ganglia/gmetric4j/gmetric4j/1.0.7/gmetric4j-1.0.7.jar:/home/user/.m2/repository/org/apache/ratis/ratis-netty/0.5.0-201fc85-SNAPSHOT/ratis-netty-0.5.0-201fc85-SNAPSHOT.jar:/home/user/.m2/repository/org/apache/ratis/ratis-grpc/0.5.0-201fc85-SNAPSHOT/ratis-grpc-0.5.0-201fc85-SNAPSHOT.jar:/home/user/.m2/repository/org/rocksdb/rocksdbjni/6.0.1/rocksdbjni-6.0.1.jar:/home/user/.m2/repository/org/apache/logging/log4j/log4j-api/2.11.0/log4j-api-2.11.0.jar:/home/user/.m2/repository/org/apache/logging/log4j/log4j-core/2.11.0/log4j-core-2.11.0.jar:/home/user/.m2/repository/com/lmax/disruptor/3.4.2/disruptor-3.4.2.jar:/home/user/.m2/repository/org/apache/commons/commons-pool2/2.6.0/commons-pool2-2.6.0.jar:/home/user/.m2/repository/org/bouncycastle/bcpkix-jdk15on/1.60/bcpkix-jdk15on-1.60.jar:/home/user/.m2/repository/commons-validator/commons-validator/1.6/commons-validator-1.6.jar:/home/user/.m2/repository/commons-digester/commons-digester/1.8.1/commons-digester-1.8.1.jar:/home/user/.m2/repository/io/jaegertracing/jaeger-client/0.34.0/jaeger-client-0.34.0.jar:/home/user/.m2/repository/io/jaegertracing/jaeger-thrift/0.34.0/jaeger-thrift-0.34.0.jar:/home/user/.m2/repository/org/apache/thrift/libthrift/0.12.0/libthrift-0.12.0.jar:/home/user/.m2/repository/com/squareup/okhttp3/okhttp/3.9.0/okhttp-3.9.0.jar:/home/user/.m2/repository/com/squareup/okio/okio/1.13.0/okio-1.13.0.jar:/home/user/.m2/repository/io/jaegertracing/jaeger-core/0.34.0/jaeger-core-0.34.0.jar:/home/user/.m2/repository/io/jaegertracing/jaeger-tracerresolver/0.34.0/jaeger-tracerresolver-0.34.0.jar:/home/user/.m2/repository/io/opentracing/contrib/opentracing-tracerresolver/0.1.5/opentracing-tracerresolver-0.1.5.jar:/home/user/.m2/repository/io/opentracing/opentracing-util/0.31.0/opentracing-util-0.31.0.jar:/home/user/.m2/repository/io/opentracing/opentracing-api/0.31.0/opentracing-api-0.31.0.jar:/home/user/.m2/repository/io/opentracing/opentracing-noop/0.31.0/opentracing-noop-0.31.0.jar:/home/user/.m2/repository/org/apache/hadoop/hadoop-hdds-server-framework/0.5.0-SNAPSHOT/hadoop-hdds-server-framework-0.5.0-SNAPSHOT.jar:/home/user/.m2/repository/org/apache/hadoop/hadoop-hdds-container-service/0.5.0-SNAPSHOT/hadoop-hdds-container-service-0.5.0-SNAPSHOT.jar:/home/user/.m2/repository/org/apache/hadoop/hadoop-hdds-client/0.5.0-SNAPSHOT/hadoop-hdds-client-0.5.0-SNAPSHOT.jar:/home/user/.m2/repository/org/apache/hadoop/hadoop-hdds-tools/0.5.0-SNAPSHOT/hadoop-hdds-tools-0.5.0-SNAPSHOT.jar:/home/user/.m2/repository/org/apache/hadoop/hadoop-hdds-server-scm/0.5.0-SNAPSHOT/hadoop-hdds-server-scm-0.5.0-SNAPSHOT.jar:/home/user/.m2/repository/org/apache/hadoop/hadoop-hdds-docs/0.5.0-SNAPSHOT/hadoop-hdds-docs-0.5.0-SNAPSHOT.jar:/home/user/.m2/repository/io/dropwizard/metrics/metrics-core/3.2.4/metrics-core-3.2.4.jar:/home/user/.m2/repository/org/hamcrest/hamcrest-all/1.3/hamcrest-all-1.3.jar:/home/user/.m2/repository/org/bouncycastle/bcprov-jdk15on/1.60/bcprov-jdk15on-1.60.jar:/home/user/.m2/repository/info/picocli/picocli/3.9.6/picocli-3.9.6.jar:/home/user/.m2/repository/com/google/protobuf/protobuf-java/2.5.0/protobuf-java-2.5.0.jar:/home/user/.m2/repository/com/google/guava/guava/11.0.2/guava-11.0.2.jar:/home/user/.m2/repository/org/apache/hadoop/hadoop-ozone-ozone-manager/0.5.0-SNAPSHOT/hadoop-ozone-ozone-manager-0.5.0-SNAPSHOT.jar:/home/user/.m2/repository/org/apache/hadoop/hadoop-minikdc/3.2.0/hadoop-minikdc-3.2.0.jar:/home/user/.m2/repository/commons-io/commons-io/2.5/commons-io-2.5.jar:/home/user/.m2/repository/org/apache/kerby/kerb-simplekdc/1.0.1/kerb-simplekdc-1.0.1.jar:/home/user/.m2/repository/org/apache/kerby/kerb-client/1.0.1/kerb-client-1.0.1.jar:/home/user/.m2/repository/org/apache/kerby/kerby-config/1.0.1/kerby-config-1.0.1.jar:/home/user/.m2/repository/org/apache/kerby/kerb-core/1.0.1/kerb-core-1.0.1.jar:/home/user/.m2/repository/org/apache/kerby/kerby-pkix/1.0.1/kerby-pkix-1.0.1.jar:/home/user/.m2/repository/org/apache/kerby/kerby-asn1/1.0.1/kerby-asn1-1.0.1.jar:/home/user/.m2/repository/org/apache/kerby/kerby-util/1.0.1/kerby-util-1.0.1.jar:/home/user/.m2/repository/org/apache/kerby/kerb-common/1.0.1/kerb-common-1.0.1.jar:/home/user/.m2/repository/org/apache/kerby/kerb-crypto/1.0.1/kerb-crypto-1.0.1.jar:/home/user/.m2/repository/org/apache/kerby/kerb-util/1.0.1/kerb-util-1.0.1.jar:/home/user/.m2/repository/org/apache/kerby/token-provider/1.0.1/token-provider-1.0.1.jar:/home/user/.m2/repository/org/apache/kerby/kerb-admin/1.0.1/kerb-admin-1.0.1.jar:/home/user/.m2/repository/org/apache/kerby/kerb-server/1.0.1/kerb-server-1.0.1.jar:/home/user/.m2/repository/org/apache/kerby/kerb-identity/1.0.1/kerb-identity-1.0.1.jar:/home/user/.m2/repository/org/apache/kerby/kerby-xdr/1.0.1/kerby-xdr-1.0.1.jar:/home/user/.m2/repository/org/slf4j/slf4j-log4j12/1.7.25/slf4j-log4j12-1.7.25.jar:/home/user/.m2/repository/org/apache/hadoop/hadoop-ozone-s3gateway/0.5.0-SNAPSHOT/hadoop-ozone-s3gateway-0.5.0-SNAPSHOT.jar:/home/user/.m2/repository/org/jboss/weld/servlet/weld-servlet/2.4.7.Final/weld-servlet-2.4.7.Final.jar:/home/user/.m2/repository/org/glassfish/jersey/containers/jersey-container-servlet-core/2.27/jersey-container-servlet-core-2.27.jar:/home/user/.m2/repository/org/glassfish/hk2/external/javax.inject/2.5.0-b42/javax.inject-2.5.0-b42.jar:/home/user/.m2/repository/org/glassfish/jersey/core/jersey-common/2.27/jersey-common-2.27.jar:/home/user/.m2/repository/org/glassfish/hk2/osgi-resource-locator/1.0.1/osgi-resource-locator-1.0.1.jar:/home/user/.m2/repository/javax/ws/rs/javax.ws.rs-api/2.1/javax.ws.rs-api-2.1.jar:/home/user/.m2/repository/org/glassfish/jersey/ext/cdi/jersey-cdi1x/2.27/jersey-cdi1x-2.27.jar:/home/user/.m2/repository/org/glassfish/jersey/inject/jersey-hk2/2.27/jersey-hk2-2.27.jar:/home/user/.m2/repository/org/glassfish/hk2/hk2-locator/2.5.0-b42/hk2-locator-2.5.0-b42.jar:/home/user/.m2/repository/org/javassist/javassist/3.22.0-CR2/javassist-3.22.0-CR2.jar:/home/user/.m2/repository/org/glassfish/hk2/hk2-api/2.5.0/hk2-api-2.5.0.jar:/home/user/.m2/repository/org/glassfish/hk2/external/jakarta.inject/2.5.0/jakarta.inject-2.5.0.jar:/home/user/.m2/repository/org/glassfish/hk2/hk2-utils/2.5.0/hk2-utils-2.5.0.jar:/home/user/.m2/repository/jakarta/annotation/jakarta.annotation-api/1.3.4/jakarta.annotation-api-1.3.4.jar:/home/user/.m2/repository/org/glassfish/hk2/external/aopalliance-repackaged/2.5.0/aopalliance-repackaged-2.5.0.jar:/home/user/.m2/repository/com/fasterxml/jackson/dataformat/jackson-dataformat-xml/2.9.0/jackson-dataformat-xml-2.9.0.jar:/home/user/.m2/repository/com/fasterxml/jackson/core/jackson-core/2.9.9/jackson-core-2.9.9.jar:/home/user/.m2/repository/com/fasterxml/jackson/module/jackson-module-jaxb-annotations/2.9.9/jackson-module-jaxb-annotations-2.9.9.jar:/home/user/.m2/repository/javax/enterprise/cdi-api/1.2/cdi-api-1.2.jar:/home/user/.m2/repository/javax/el/javax.el-api/3.0.0/javax.el-api-3.0.0.jar:/home/user/.m2/repository/javax/interceptor/javax.interceptor-api/1.2/javax.interceptor-api-1.2.jar:/home/user/.m2/repository/javax/inject/javax.inject/1/javax.inject-1.jar:/home/user/.m2/repository/com/sun/xml/bind/jaxb-impl/2.3.0.1/jaxb-impl-2.3.0.1.jar:/home/user/.m2/repository/com/sun/xml/bind/jaxb-core/2.3.0.1/jaxb-core-2.3.0.1.jar:/home/user/.m2/repository/javax/xml/bind/jaxb-api/2.3.0/jaxb-api-2.3.0.jar:/home/user/.m2/repository/javax/activation/activation/1.1.1/activation-1.1.1.jar:/home/user/.m2/repository/org/apache/hadoop/hadoop-ozone-csi/0.5.0-SNAPSHOT/hadoop-ozone-csi-0.5.0-SNAPSHOT.jar:/home/user/.m2/repository/com/google/protobuf/protobuf-java-util/3.5.1/protobuf-java-util-3.5.1.jar:/home/user/.m2/repository/org/apache/hadoop/hadoop-hdds-config/0.5.0-SNAPSHOT/hadoop-hdds-config-0.5.0-SNAPSHOT.jar:/home/user/.m2/repository/io/grpc/grpc-netty/1.17.1/grpc-netty-1.17.1.jar:/home/user/.m2/repository/io/grpc/grpc-core/1.17.1/grpc-core-1.17.1.jar:/home/user/.m2/repository/io/grpc/grpc-context/1.17.1/grpc-context-1.17.1.jar:/home/user/.m2/repository/com/google/errorprone/error_prone_annotations/2.2.0/error_prone_annotations-2.2.0.jar:/home/user/.m2/repository/org/codehaus/mojo/animal-sniffer-annotations/1.17/animal-sniffer-annotations-1.17.jar:/home/user/.m2/repository/io/opencensus/opencensus-api/0.17.0/opencensus-api-0.17.0.jar:/home/user/.m2/repository/io/opencensus/opencensus-contrib-grpc-metrics/0.17.0/opencensus-contrib-grpc-metrics-0.17.0.jar:/home/user/.m2/repository/io/netty/netty-codec-http2/4.1.30.Final/netty-codec-http2-4.1.30.Final.jar:/home/user/.m2/repository/io/netty/netty-codec-http/4.1.30.Final/netty-codec-http-4.1.30.Final.jar:/home/user/.m2/repository/io/netty/netty-codec/4.1.30.Final/netty-codec-4.1.30.Final.jar:/home/user/.m2/repository/io/netty/netty-handler/4.1.30.Final/netty-handler-4.1.30.Final.jar:/home/user/.m2/repository/io/netty/netty-handler-proxy/4.1.30.Final/netty-handler-proxy-4.1.30.Final.jar:/home/user/.m2/repository/io/netty/netty-codec-socks/4.1.30.Final/netty-codec-socks-4.1.30.Final.jar:/home/user/.m2/repository/io/netty/netty-transport-native-epoll/4.1.30.Final/netty-transport-native-epoll-4.1.30.Final.jar:/home/user/.m2/repository/io/netty/netty-common/4.1.30.Final/netty-common-4.1.30.Final.jar:/home/user/.m2/repository/io/netty/netty-buffer/4.1.30.Final/netty-buffer-4.1.30.Final.jar:/home/user/.m2/repository/io/netty/netty-transport/4.1.30.Final/netty-transport-4.1.30.Final.jar:/home/user/.m2/repository/io/netty/netty-resolver/4.1.30.Final/netty-resolver-4.1.30.Final.jar:/home/user/.m2/repository/io/netty/netty-transport-native-unix-common/4.1.30.Final/netty-transport-native-unix-common-4.1.30.Final.jar:/home/user/.m2/repository/io/grpc/grpc-protobuf/1.17.1/grpc-protobuf-1.17.1.jar:/home/user/.m2/repository/com/google/api/grpc/proto-google-common-protos/1.0.0/proto-google-common-protos-1.0.0.jar:/home/user/.m2/repository/io/grpc/grpc-protobuf-lite/1.17.1/grpc-protobuf-lite-1.17.1.jar:/home/user/.m2/repository/io/grpc/grpc-stub/1.17.1/grpc-stub-1.17.1.jar:/home/user/.m2/repository/org/apache/hadoop/hadoop-ozone-recon/0.5.0-SNAPSHOT/hadoop-ozone-recon-0.5.0-SNAPSHOT.jar:/home/user/.m2/repository/org/apache/hadoop/hadoop-ozone-reconcodegen/0.5.0-SNAPSHOT/hadoop-ozone-reconcodegen-0.5.0-SNAPSHOT.jar:/home/user/.m2/repository/com/google/inject/extensions/guice-multibindings/4.0/guice-multibindings-4.0.jar:/home/user/.m2/repository/com/google/inject/guice/4.0/guice-4.0.jar:/home/user/.m2/repository/aopalliance/aopalliance/1.0/aopalliance-1.0.jar:/home/user/.m2/repository/com/google/inject/extensions/guice-servlet/4.0/guice-servlet-4.0.jar:/home/user/.m2/repository/org/glassfish/jersey/containers/jersey-container-servlet/2.27/jersey-container-servlet-2.27.jar:/home/user/.m2/repository/org/glassfish/hk2/guice-bridge/2.5.0/guice-bridge-2.5.0.jar:/home/user/.m2/repository/org/glassfish/jersey/core/jersey-server/2.27/jersey-server-2.27.jar:/home/user/.m2/repository/org/glassfish/jersey/core/jersey-client/2.27/jersey-client-2.27.jar:/home/user/.m2/repository/org/glassfish/jersey/media/jersey-media-jaxb/2.27/jersey-media-jaxb-2.27.jar:/home/user/.m2/repository/javax/validation/validation-api/1.1.0.Final/validation-api-1.1.0.Final.jar:/home/user/.m2/repository/org/glassfish/jersey/media/jersey-media-json-jackson/2.27/jersey-media-json-jackson-2.27.jar:/home/user/.m2/repository/org/glassfish/jersey/ext/jersey-entity-filtering/2.27/jersey-entity-filtering-2.27.jar:/home/user/.m2/repository/com/google/inject/extensions/guice-assistedinject/4.0/guice-assistedinject-4.0.jar:/home/user/.m2/repository/org/jooq/jooq/3.11.10/jooq-3.11.10.jar:/home/user/.m2/repository/org/jooq/jooq-meta/3.11.10/jooq-meta-3.11.10.jar:/home/user/.m2/repository/org/jooq/jooq-codegen/3.11.10/jooq-codegen-3.11.10.jar:/home/user/.m2/repository/com/jolbox/bonecp/0.8.0.RELEASE/bonecp-0.8.0.RELEASE.jar:/home/user/.m2/repository/org/xerial/sqlite-jdbc/3.25.2/sqlite-jdbc-3.25.2.jar:/home/user/.m2/repository/org/springframework/spring-jdbc/5.1.3.RELEASE/spring-jdbc-5.1.3.RELEASE.jar:/home/user/.m2/repository/org/springframework/spring-beans/5.1.3.RELEASE/spring-beans-5.1.3.RELEASE.jar:/home/user/.m2/repository/org/springframework/spring-core/5.1.3.RELEASE/spring-core-5.1.3.RELEASE.jar:/home/user/.m2/repository/org/springframework/spring-jcl/5.1.3.RELEASE/spring-jcl-5.1.3.RELEASE.jar:/home/user/.m2/repository/org/springframework/spring-tx/5.1.3.RELEASE/spring-tx-5.1.3.RELEASE.jar:/home/user/.m2/repository/org/apache/hadoop/hadoop-ozone-client/0.5.0-SNAPSHOT/hadoop-ozone-client-0.5.0-SNAPSHOT.jar:/home/user/.m2/repository/commons-lang/commons-lang/2.6/commons-lang-2.6.jar:/home/user/.m2/repository/org/apache/hadoop/hadoop-ozone-ozone-manager/0.5.0-SNAPSHOT/hadoop-ozone-ozone-manager-0.5.0-SNAPSHOT-tests.jar:/home/user/.m2/repository/junit/junit/4.11/junit-4.11.jar:/home/user/.m2/repository/org/hamcrest/hamcrest-core/1.3/hamcrest-core-1.3.jar:/home/user/.m2/repository/org/openjdk/jmh/jmh-core/1.19/jmh-core-1.19.jar:/home/user/.m2/repository/net/sf/jopt-simple/jopt-simple/4.6/jopt-simple-4.6.jar:/home/user/.m2/repository/org/apache/commons/commons-math3/3.1.1/commons-math3-3.1.1.jar:/home/user/.m2/repository/org/openjdk/jmh/jmh-generator-annprocess/1.19/jmh-generator-annprocess-1.19.jar:/home/user/.m2/repository/org/mockito/mockito-all/1.8.5/mockito-all-1.8.5.jar:/home/user/.m2/repository/org/apache/hadoop/hadoop-kms/3.2.0/hadoop-kms-3.2.0.jar:/home/user/.m2/repository/org/apache/hadoop/hadoop-auth/3.2.0/hadoop-auth-3.2.0.jar:/home/user/.m2/repository/com/nimbusds/nimbus-jose-jwt/4.41.1/nimbus-jose-jwt-4.41.1.jar:/home/user/.m2/repository/com/github/stephenc/jcip/jcip-annotations/1.0-1/jcip-annotations-1.0-1.jar:/home/user/.m2/repository/net/minidev/json-smart/2.3/json-smart-2.3.jar:/home/user/.m2/repository/net/minidev/accessors-smart/1.2/accessors-smart-1.2.jar:/home/user/.m2/repository/org/ow2/asm/asm/5.0.4/asm-5.0.4.jar:/home/user/.m2/repository/org/apache/curator/curator-framework/2.12.0/curator-framework-2.12.0.jar:/home/user/.m2/repository/com/sun/jersey/jersey-core/1.19/jersey-core-1.19.jar:/home/user/.m2/repository/javax/ws/rs/jsr311-api/1.1.1/jsr311-api-1.1.1.jar:/home/user/.m2/repository/com/sun/jersey/jersey-server/1.19/jersey-server-1.19.jar:/home/user/.m2/repository/javax/servlet/javax.servlet-api/3.1.0/javax.servlet-api-3.1.0.jar:/home/user/.m2/repository/org/eclipse/jetty/jetty-server/9.3.25.v20180904/jetty-server-9.3.25.v20180904.jar:/home/user/.m2/repository/org/eclipse/jetty/jetty-http/9.3.25.v20180904/jetty-http-9.3.25.v20180904.jar:/home/user/.m2/repository/org/eclipse/jetty/jetty-io/9.3.25.v20180904/jetty-io-9.3.25.v20180904.jar:/home/user/.m2/repository/org/eclipse/jetty/jetty-webapp/9.3.25.v20180904/jetty-webapp-9.3.25.v20180904.jar:/home/user/.m2/repository/org/eclipse/jetty/jetty-xml/9.3.25.v20180904/jetty-xml-9.3.25.v20180904.jar:/home/user/.m2/repository/log4j/log4j/1.2.17/log4j-1.2.17.jar:/home/user/.m2/repository/org/slf4j/slf4j-api/1.7.25/slf4j-api-1.7.25.jar:/home/user/.m2/repository/org/slf4j/jul-to-slf4j/1.7.25/jul-to-slf4j-1.7.25.jar:/home/user/.m2/repository/org/eclipse/jetty/jetty-util/9.3.25.v20180904/jetty-util-9.3.25.v20180904.jar:/home/user/.m2/repository/com/fasterxml/jackson/core/jackson-databind/2.9.9/jackson-databind-2.9.9.jar:/home/user/.m2/repository/org/apache/hadoop/hadoop-kms/3.2.0/hadoop-kms-3.2.0-tests.jar:/home/user/.m2/repository/org/apache/hadoop/hadoop-hdds-server-scm/0.5.0-SNAPSHOT/hadoop-hdds-server-scm-0.5.0-SNAPSHOT-tests.jar:/home/user/.m2/repository/org/apache/hadoop/hadoop-hdds-container-service/0.5.0-SNAPSHOT/hadoop-hdds-container-service-0.5.0-SNAPSHOT-tests.jar:/home/user/.m2/repository/org/yaml/snakeyaml/1.16/snakeyaml-1.16.jar:/home/user/.m2/repository/org/apache/hadoop/hadoop-common/3.2.0/hadoop-common-3.2.0-tests.jar:/home/user/.m2/repository/org/apache/hadoop/hadoop-annotations/3.2.0/hadoop-annotations-3.2.0.jar:/usr/lib/jvm/java-1.8-openjdk/jre/../lib/tools.jar:/home/user/.m2/repository/commons-cli/commons-cli/1.2/commons-cli-1.2.jar:/home/user/.m2/repository/org/apache/httpcomponents/httpclient/4.5.2/httpclient-4.5.2.jar:/home/user/.m2/repository/org/apache/httpcomponents/httpcore/4.4.4/httpcore-4.4.4.jar:/home/user/.m2/repository/commons-codec/commons-codec/1.11/commons-codec-1.11.jar:/home/user/.m2/repository/commons-net/commons-net/3.6/commons-net-3.6.jar:/home/user/.m2/repository/commons-collections/commons-collections/3.2.2/commons-collections-3.2.2.jar:/home/user/.m2/repository/org/eclipse/jetty/jetty-servlet/9.3.25.v20180904/jetty-servlet-9.3.25.v20180904.jar:/home/user/.m2/repository/org/eclipse/jetty/jetty-security/9.3.25.v20180904/jetty-security-9.3.25.v20180904.jar:/home/user/.m2/repository/javax/servlet/jsp/jsp-api/2.1/jsp-api-2.1.jar:/home/user/.m2/repository/com/sun/jersey/jersey-servlet/1.19/jersey-servlet-1.19.jar:/home/user/.m2/repository/com/sun/jersey/jersey-json/1.19/jersey-json-1.19.jar:/home/user/.m2/repository/org/codehaus/jettison/jettison/1.1/jettison-1.1.jar:/home/user/.m2/repository/org/codehaus/jackson/jackson-core-asl/1.9.13/jackson-core-asl-1.9.13.jar:/home/user/.m2/repository/org/codehaus/jackson/jackson-mapper-asl/1.9.13/jackson-mapper-asl-1.9.13.jar:/home/user/.m2/repository/org/codehaus/jackson/jackson-jaxrs/1.9.13/jackson-jaxrs-1.9.13.jar:/home/user/.m2/repository/org/codehaus/jackson/jackson-xc/1.9.13/jackson-xc-1.9.13.jar:/home/user/.m2/repository/commons-logging/commons-logging/1.1.3/commons-logging-1.1.3.jar:/home/user/.m2/repository/commons-beanutils/commons-beanutils/1.9.4/commons-beanutils-1.9.4.jar:/home/user/.m2/repository/org/apache/commons/commons-configuration2/2.1.1/commons-configuration2-2.1.1.jar:/home/user/.m2/repository/org/apache/commons/commons-lang3/3.7/commons-lang3-3.7.jar:/home/user/.m2/repository/org/apache/commons/commons-text/1.4/commons-text-1.4.jar:/home/user/.m2/repository/org/apache/avro/avro/1.7.7/avro-1.7.7.jar:/home/user/.m2/repository/com/thoughtworks/paranamer/paranamer/2.3/paranamer-2.3.jar:/home/user/.m2/repository/org/xerial/snappy/snappy-java/1.0.5/snappy-java-1.0.5.jar:/home/user/.m2/repository/com/google/re2j/re2j/1.1/re2j-1.1.jar:/home/user/.m2/repository/com/google/code/gson/gson/2.2.4/gson-2.2.4.jar:/home/user/.m2/repository/com/jcraft/jsch/0.1.54/jsch-0.1.54.jar:/home/user/.m2/repository/org/apache/curator/curator-client/2.12.0/curator-client-2.12.0.jar:/home/user/.m2/repository/org/apache/curator/curator-recipes/2.12.0/curator-recipes-2.12.0.jar:/home/user/.m2/repository/com/google/code/findbugs/jsr305/3.0.0/jsr305-3.0.0.jar:/home/user/.m2/repository/org/apache/htrace/htrace-core4/4.1.0-incubating/htrace-core4-4.1.0-incubating.jar:/home/user/.m2/repository/org/apache/zookeeper/zookeeper/3.4.13/zookeeper-3.4.13.jar:/home/user/.m2/repository/jline/jline/0.9.94/jline-0.9.94.jar:/home/user/.m2/repository/org/apache/yetus/audience-annotations/0.5.0/audience-annotations-0.5.0.jar:/home/user/.m2/repository/org/codehaus/woodstox/stax2-api/3.1.4/stax2-api-3.1.4.jar:/home/user/.m2/repository/com/fasterxml/woodstox/woodstox-core/5.0.3/woodstox-core-5.0.3.jar:/home/user/.m2/repository/dnsjava/dnsjava/2.1.7/dnsjava-2.1.7.jar:/home/user/.m2/repository/org/apache/hadoop/hadoop-hdfs/3.2.0/hadoop-hdfs-3.2.0-tests.jar:/home/user/.m2/repository/org/eclipse/jetty/jetty-util-ajax/9.3.25.v20180904/jetty-util-ajax-9.3.25.v20180904.jar:/home/user/.m2/repository/commons-daemon/commons-daemon/1.0.13/commons-daemon-1.0.13.jar:/home/user/.m2/repository/io/netty/netty/3.10.5.Final/netty-3.10.5.Final.jar:/home/user/.m2/repository/io/netty/netty-all/4.0.52.Final/netty-all-4.0.52.Final.jar:/home/user/.m2/repository/org/fusesource/leveldbjni/leveldbjni-all/1.8/leveldbjni-all-1.8.jar:"/>
    <property name="java.vm.vendor" value="IcedTea"/>
    <property name="sun.arch.data.model" value="64"/>
    <property name="test.build.dir" value="/workdir/hadoop-ozone/integration-test/target/test-dir"/>
    <property name="test.cache.data" value=""/>
    <property name="java.vendor.url" value="https://icedtea.classpath.org"/>
    <property name="user.timezone" value=""/>
    <property name="java.vm.specification.version" value="1.8"/>
    <property name="os.name" value="Linux"/>
    <property name="test.build.data" value="/workdir/hadoop-ozone/integration-test/target/test-dir"/>
    <property name="user.country" value="US"/>
    <property name="sun.java.launcher" value="SUN_STANDARD"/>
    <property name="sun.boot.library.path" value="/usr/lib/jvm/java-1.8-openjdk/jre/lib/amd64"/>
    <property name="sun.java.command" value="/workdir/hadoop-ozone/integration-test/target/surefire/surefirebooter8639669424211630411.jar /workdir/hadoop-ozone/integration-test/target/surefire 2019-10-10T05-15-31_352-jvmRun1 surefire9044320845488100889tmp surefire_764471279949776210402tmp"/>
    <property name="test" value="!TestMiniChaosOzoneCluster"/>
    <property name="surefire.test.class.path" value="/workdir/hadoop-ozone/integration-test/target/test-classes:/workdir/hadoop-ozone/integration-test/target/classes:/home/user/.m2/repository/org/apache/hadoop/hadoop-ozone-common/0.5.0-SNAPSHOT/hadoop-ozone-common-0.5.0-SNAPSHOT.jar:/home/user/.m2/repository/org/apache/commons/commons-compress/1.4.1/commons-compress-1.4.1.jar:/home/user/.m2/repository/org/tukaani/xz/1.0/xz-1.0.jar:/home/user/.m2/repository/org/apache/hadoop/hadoop-common/3.2.0/hadoop-common-3.2.0.jar:/home/user/.m2/repository/org/apache/hadoop/hadoop-hdfs/3.2.0/hadoop-hdfs-3.2.0.jar:/home/user/.m2/repository/org/apache/hadoop/hadoop-hdfs-client/3.2.0/hadoop-hdfs-client-3.2.0.jar:/home/user/.m2/repository/com/fasterxml/jackson/core/jackson-annotations/2.9.9/jackson-annotations-2.9.9.jar:/home/user/.m2/repository/org/apache/hadoop/hadoop-hdds-common/0.5.0-SNAPSHOT/hadoop-hdds-common-0.5.0-SNAPSHOT.jar:/home/user/.m2/repository/javax/annotation/javax.annotation-api/1.2/javax.annotation-api-1.2.jar:/home/user/.m2/repository/org/apache/ratis/ratis-server/0.5.0-201fc85-SNAPSHOT/ratis-server-0.5.0-201fc85-SNAPSHOT.jar:/home/user/.m2/repository/org/apache/ratis/ratis-thirdparty-misc/0.2.0/ratis-thirdparty-misc-0.2.0.jar:/home/user/.m2/repository/org/apache/ratis/ratis-proto/0.5.0-201fc85-SNAPSHOT/ratis-proto-0.5.0-201fc85-SNAPSHOT.jar:/home/user/.m2/repository/org/apache/ratis/ratis-common/0.5.0-201fc85-SNAPSHOT/ratis-common-0.5.0-201fc85-SNAPSHOT.jar:/home/user/.m2/repository/org/apache/ratis/ratis-client/0.5.0-201fc85-SNAPSHOT/ratis-client-0.5.0-201fc85-SNAPSHOT.jar:/home/user/.m2/repository/org/apache/ratis/ratis-metrics/0.5.0-201fc85-SNAPSHOT/ratis-metrics-0.5.0-201fc85-SNAPSHOT.jar:/home/user/.m2/repository/com/github/joshelser/dropwizard-metrics-hadoop-metrics2-reporter/0.1.2/dropwizard-metrics-hadoop-metrics2-reporter-0.1.2.jar:/home/user/.m2/repository/io/dropwizard/metrics/metrics-jvm/3.2.5/metrics-jvm-3.2.5.jar:/home/user/.m2/repository/io/dropwizard/metrics/metrics-ganglia/3.2.5/metrics-ganglia-3.2.5.jar:/home/user/.m2/repository/info/ganglia/gmetric4j/gmetric4j/1.0.7/gmetric4j-1.0.7.jar:/home/user/.m2/repository/org/apache/ratis/ratis-netty/0.5.0-201fc85-SNAPSHOT/ratis-netty-0.5.0-201fc85-SNAPSHOT.jar:/home/user/.m2/repository/org/apache/ratis/ratis-grpc/0.5.0-201fc85-SNAPSHOT/ratis-grpc-0.5.0-201fc85-SNAPSHOT.jar:/home/user/.m2/repository/org/rocksdb/rocksdbjni/6.0.1/rocksdbjni-6.0.1.jar:/home/user/.m2/repository/org/apache/logging/log4j/log4j-api/2.11.0/log4j-api-2.11.0.jar:/home/user/.m2/repository/org/apache/logging/log4j/log4j-core/2.11.0/log4j-core-2.11.0.jar:/home/user/.m2/repository/com/lmax/disruptor/3.4.2/disruptor-3.4.2.jar:/home/user/.m2/repository/org/apache/commons/commons-pool2/2.6.0/commons-pool2-2.6.0.jar:/home/user/.m2/repository/org/bouncycastle/bcpkix-jdk15on/1.60/bcpkix-jdk15on-1.60.jar:/home/user/.m2/repository/commons-validator/commons-validator/1.6/commons-validator-1.6.jar:/home/user/.m2/repository/commons-digester/commons-digester/1.8.1/commons-digester-1.8.1.jar:/home/user/.m2/repository/io/jaegertracing/jaeger-client/0.34.0/jaeger-client-0.34.0.jar:/home/user/.m2/repository/io/jaegertracing/jaeger-thrift/0.34.0/jaeger-thrift-0.34.0.jar:/home/user/.m2/repository/org/apache/thrift/libthrift/0.12.0/libthrift-0.12.0.jar:/home/user/.m2/repository/com/squareup/okhttp3/okhttp/3.9.0/okhttp-3.9.0.jar:/home/user/.m2/repository/com/squareup/okio/okio/1.13.0/okio-1.13.0.jar:/home/user/.m2/repository/io/jaegertracing/jaeger-core/0.34.0/jaeger-core-0.34.0.jar:/home/user/.m2/repository/io/jaegertracing/jaeger-tracerresolver/0.34.0/jaeger-tracerresolver-0.34.0.jar:/home/user/.m2/repository/io/opentracing/contrib/opentracing-tracerresolver/0.1.5/opentracing-tracerresolver-0.1.5.jar:/home/user/.m2/repository/io/opentracing/opentracing-util/0.31.0/opentracing-util-0.31.0.jar:/home/user/.m2/repository/io/opentracing/opentracing-api/0.31.0/opentracing-api-0.31.0.jar:/home/user/.m2/repository/io/opentracing/opentracing-noop/0.31.0/opentracing-noop-0.31.0.jar:/home/user/.m2/repository/org/apache/hadoop/hadoop-hdds-server-framework/0.5.0-SNAPSHOT/hadoop-hdds-server-framework-0.5.0-SNAPSHOT.jar:/home/user/.m2/repository/org/apache/hadoop/hadoop-hdds-container-service/0.5.0-SNAPSHOT/hadoop-hdds-container-service-0.5.0-SNAPSHOT.jar:/home/user/.m2/repository/org/apache/hadoop/hadoop-hdds-client/0.5.0-SNAPSHOT/hadoop-hdds-client-0.5.0-SNAPSHOT.jar:/home/user/.m2/repository/org/apache/hadoop/hadoop-hdds-tools/0.5.0-SNAPSHOT/hadoop-hdds-tools-0.5.0-SNAPSHOT.jar:/home/user/.m2/repository/org/apache/hadoop/hadoop-hdds-server-scm/0.5.0-SNAPSHOT/hadoop-hdds-server-scm-0.5.0-SNAPSHOT.jar:/home/user/.m2/repository/org/apache/hadoop/hadoop-hdds-docs/0.5.0-SNAPSHOT/hadoop-hdds-docs-0.5.0-SNAPSHOT.jar:/home/user/.m2/repository/io/dropwizard/metrics/metrics-core/3.2.4/metrics-core-3.2.4.jar:/home/user/.m2/repository/org/hamcrest/hamcrest-all/1.3/hamcrest-all-1.3.jar:/home/user/.m2/repository/org/bouncycastle/bcprov-jdk15on/1.60/bcprov-jdk15on-1.60.jar:/home/user/.m2/repository/info/picocli/picocli/3.9.6/picocli-3.9.6.jar:/home/user/.m2/repository/com/google/protobuf/protobuf-java/2.5.0/protobuf-java-2.5.0.jar:/home/user/.m2/repository/com/google/guava/guava/11.0.2/guava-11.0.2.jar:/home/user/.m2/repository/org/apache/hadoop/hadoop-ozone-ozone-manager/0.5.0-SNAPSHOT/hadoop-ozone-ozone-manager-0.5.0-SNAPSHOT.jar:/home/user/.m2/repository/org/apache/hadoop/hadoop-minikdc/3.2.0/hadoop-minikdc-3.2.0.jar:/home/user/.m2/repository/commons-io/commons-io/2.5/commons-io-2.5.jar:/home/user/.m2/repository/org/apache/kerby/kerb-simplekdc/1.0.1/kerb-simplekdc-1.0.1.jar:/home/user/.m2/repository/org/apache/kerby/kerb-client/1.0.1/kerb-client-1.0.1.jar:/home/user/.m2/repository/org/apache/kerby/kerby-config/1.0.1/kerby-config-1.0.1.jar:/home/user/.m2/repository/org/apache/kerby/kerb-core/1.0.1/kerb-core-1.0.1.jar:/home/user/.m2/repository/org/apache/kerby/kerby-pkix/1.0.1/kerby-pkix-1.0.1.jar:/home/user/.m2/repository/org/apache/kerby/kerby-asn1/1.0.1/kerby-asn1-1.0.1.jar:/home/user/.m2/repository/org/apache/kerby/kerby-util/1.0.1/kerby-util-1.0.1.jar:/home/user/.m2/repository/org/apache/kerby/kerb-common/1.0.1/kerb-common-1.0.1.jar:/home/user/.m2/repository/org/apache/kerby/kerb-crypto/1.0.1/kerb-crypto-1.0.1.jar:/home/user/.m2/repository/org/apache/kerby/kerb-util/1.0.1/kerb-util-1.0.1.jar:/home/user/.m2/repository/org/apache/kerby/token-provider/1.0.1/token-provider-1.0.1.jar:/home/user/.m2/repository/org/apache/kerby/kerb-admin/1.0.1/kerb-admin-1.0.1.jar:/home/user/.m2/repository/org/apache/kerby/kerb-server/1.0.1/kerb-server-1.0.1.jar:/home/user/.m2/repository/org/apache/kerby/kerb-identity/1.0.1/kerb-identity-1.0.1.jar:/home/user/.m2/repository/org/apache/kerby/kerby-xdr/1.0.1/kerby-xdr-1.0.1.jar:/home/user/.m2/repository/org/slf4j/slf4j-log4j12/1.7.25/slf4j-log4j12-1.7.25.jar:/home/user/.m2/repository/org/apache/hadoop/hadoop-ozone-s3gateway/0.5.0-SNAPSHOT/hadoop-ozone-s3gateway-0.5.0-SNAPSHOT.jar:/home/user/.m2/repository/org/jboss/weld/servlet/weld-servlet/2.4.7.Final/weld-servlet-2.4.7.Final.jar:/home/user/.m2/repository/org/glassfish/jersey/containers/jersey-container-servlet-core/2.27/jersey-container-servlet-core-2.27.jar:/home/user/.m2/repository/org/glassfish/hk2/external/javax.inject/2.5.0-b42/javax.inject-2.5.0-b42.jar:/home/user/.m2/repository/org/glassfish/jersey/core/jersey-common/2.27/jersey-common-2.27.jar:/home/user/.m2/repository/org/glassfish/hk2/osgi-resource-locator/1.0.1/osgi-resource-locator-1.0.1.jar:/home/user/.m2/repository/javax/ws/rs/javax.ws.rs-api/2.1/javax.ws.rs-api-2.1.jar:/home/user/.m2/repository/org/glassfish/jersey/ext/cdi/jersey-cdi1x/2.27/jersey-cdi1x-2.27.jar:/home/user/.m2/repository/org/glassfish/jersey/inject/jersey-hk2/2.27/jersey-hk2-2.27.jar:/home/user/.m2/repository/org/glassfish/hk2/hk2-locator/2.5.0-b42/hk2-locator-2.5.0-b42.jar:/home/user/.m2/repository/org/javassist/javassist/3.22.0-CR2/javassist-3.22.0-CR2.jar:/home/user/.m2/repository/org/glassfish/hk2/hk2-api/2.5.0/hk2-api-2.5.0.jar:/home/user/.m2/repository/org/glassfish/hk2/external/jakarta.inject/2.5.0/jakarta.inject-2.5.0.jar:/home/user/.m2/repository/org/glassfish/hk2/hk2-utils/2.5.0/hk2-utils-2.5.0.jar:/home/user/.m2/repository/jakarta/annotation/jakarta.annotation-api/1.3.4/jakarta.annotation-api-1.3.4.jar:/home/user/.m2/repository/org/glassfish/hk2/external/aopalliance-repackaged/2.5.0/aopalliance-repackaged-2.5.0.jar:/home/user/.m2/repository/com/fasterxml/jackson/dataformat/jackson-dataformat-xml/2.9.0/jackson-dataformat-xml-2.9.0.jar:/home/user/.m2/repository/com/fasterxml/jackson/core/jackson-core/2.9.9/jackson-core-2.9.9.jar:/home/user/.m2/repository/com/fasterxml/jackson/module/jackson-module-jaxb-annotations/2.9.9/jackson-module-jaxb-annotations-2.9.9.jar:/home/user/.m2/repository/javax/enterprise/cdi-api/1.2/cdi-api-1.2.jar:/home/user/.m2/repository/javax/el/javax.el-api/3.0.0/javax.el-api-3.0.0.jar:/home/user/.m2/repository/javax/interceptor/javax.interceptor-api/1.2/javax.interceptor-api-1.2.jar:/home/user/.m2/repository/javax/inject/javax.inject/1/javax.inject-1.jar:/home/user/.m2/repository/com/sun/xml/bind/jaxb-impl/2.3.0.1/jaxb-impl-2.3.0.1.jar:/home/user/.m2/repository/com/sun/xml/bind/jaxb-core/2.3.0.1/jaxb-core-2.3.0.1.jar:/home/user/.m2/repository/javax/xml/bind/jaxb-api/2.3.0/jaxb-api-2.3.0.jar:/home/user/.m2/repository/javax/activation/activation/1.1.1/activation-1.1.1.jar:/home/user/.m2/repository/org/apache/hadoop/hadoop-ozone-csi/0.5.0-SNAPSHOT/hadoop-ozone-csi-0.5.0-SNAPSHOT.jar:/home/user/.m2/repository/com/google/protobuf/protobuf-java-util/3.5.1/protobuf-java-util-3.5.1.jar:/home/user/.m2/repository/org/apache/hadoop/hadoop-hdds-config/0.5.0-SNAPSHOT/hadoop-hdds-config-0.5.0-SNAPSHOT.jar:/home/user/.m2/repository/io/grpc/grpc-netty/1.17.1/grpc-netty-1.17.1.jar:/home/user/.m2/repository/io/grpc/grpc-core/1.17.1/grpc-core-1.17.1.jar:/home/user/.m2/repository/io/grpc/grpc-context/1.17.1/grpc-context-1.17.1.jar:/home/user/.m2/repository/com/google/errorprone/error_prone_annotations/2.2.0/error_prone_annotations-2.2.0.jar:/home/user/.m2/repository/org/codehaus/mojo/animal-sniffer-annotations/1.17/animal-sniffer-annotations-1.17.jar:/home/user/.m2/repository/io/opencensus/opencensus-api/0.17.0/opencensus-api-0.17.0.jar:/home/user/.m2/repository/io/opencensus/opencensus-contrib-grpc-metrics/0.17.0/opencensus-contrib-grpc-metrics-0.17.0.jar:/home/user/.m2/repository/io/netty/netty-codec-http2/4.1.30.Final/netty-codec-http2-4.1.30.Final.jar:/home/user/.m2/repository/io/netty/netty-codec-http/4.1.30.Final/netty-codec-http-4.1.30.Final.jar:/home/user/.m2/repository/io/netty/netty-codec/4.1.30.Final/netty-codec-4.1.30.Final.jar:/home/user/.m2/repository/io/netty/netty-handler/4.1.30.Final/netty-handler-4.1.30.Final.jar:/home/user/.m2/repository/io/netty/netty-handler-proxy/4.1.30.Final/netty-handler-proxy-4.1.30.Final.jar:/home/user/.m2/repository/io/netty/netty-codec-socks/4.1.30.Final/netty-codec-socks-4.1.30.Final.jar:/home/user/.m2/repository/io/netty/netty-transport-native-epoll/4.1.30.Final/netty-transport-native-epoll-4.1.30.Final.jar:/home/user/.m2/repository/io/netty/netty-common/4.1.30.Final/netty-common-4.1.30.Final.jar:/home/user/.m2/repository/io/netty/netty-buffer/4.1.30.Final/netty-buffer-4.1.30.Final.jar:/home/user/.m2/repository/io/netty/netty-transport/4.1.30.Final/netty-transport-4.1.30.Final.jar:/home/user/.m2/repository/io/netty/netty-resolver/4.1.30.Final/netty-resolver-4.1.30.Final.jar:/home/user/.m2/repository/io/netty/netty-transport-native-unix-common/4.1.30.Final/netty-transport-native-unix-common-4.1.30.Final.jar:/home/user/.m2/repository/io/grpc/grpc-protobuf/1.17.1/grpc-protobuf-1.17.1.jar:/home/user/.m2/repository/com/google/api/grpc/proto-google-common-protos/1.0.0/proto-google-common-protos-1.0.0.jar:/home/user/.m2/repository/io/grpc/grpc-protobuf-lite/1.17.1/grpc-protobuf-lite-1.17.1.jar:/home/user/.m2/repository/io/grpc/grpc-stub/1.17.1/grpc-stub-1.17.1.jar:/home/user/.m2/repository/org/apache/hadoop/hadoop-ozone-recon/0.5.0-SNAPSHOT/hadoop-ozone-recon-0.5.0-SNAPSHOT.jar:/home/user/.m2/repository/org/apache/hadoop/hadoop-ozone-reconcodegen/0.5.0-SNAPSHOT/hadoop-ozone-reconcodegen-0.5.0-SNAPSHOT.jar:/home/user/.m2/repository/com/google/inject/extensions/guice-multibindings/4.0/guice-multibindings-4.0.jar:/home/user/.m2/repository/com/google/inject/guice/4.0/guice-4.0.jar:/home/user/.m2/repository/aopalliance/aopalliance/1.0/aopalliance-1.0.jar:/home/user/.m2/repository/com/google/inject/extensions/guice-servlet/4.0/guice-servlet-4.0.jar:/home/user/.m2/repository/org/glassfish/jersey/containers/jersey-container-servlet/2.27/jersey-container-servlet-2.27.jar:/home/user/.m2/repository/org/glassfish/hk2/guice-bridge/2.5.0/guice-bridge-2.5.0.jar:/home/user/.m2/repository/org/glassfish/jersey/core/jersey-server/2.27/jersey-server-2.27.jar:/home/user/.m2/repository/org/glassfish/jersey/core/jersey-client/2.27/jersey-client-2.27.jar:/home/user/.m2/repository/org/glassfish/jersey/media/jersey-media-jaxb/2.27/jersey-media-jaxb-2.27.jar:/home/user/.m2/repository/javax/validation/validation-api/1.1.0.Final/validation-api-1.1.0.Final.jar:/home/user/.m2/repository/org/glassfish/jersey/media/jersey-media-json-jackson/2.27/jersey-media-json-jackson-2.27.jar:/home/user/.m2/repository/org/glassfish/jersey/ext/jersey-entity-filtering/2.27/jersey-entity-filtering-2.27.jar:/home/user/.m2/repository/com/google/inject/extensions/guice-assistedinject/4.0/guice-assistedinject-4.0.jar:/home/user/.m2/repository/org/jooq/jooq/3.11.10/jooq-3.11.10.jar:/home/user/.m2/repository/org/jooq/jooq-meta/3.11.10/jooq-meta-3.11.10.jar:/home/user/.m2/repository/org/jooq/jooq-codegen/3.11.10/jooq-codegen-3.11.10.jar:/home/user/.m2/repository/com/jolbox/bonecp/0.8.0.RELEASE/bonecp-0.8.0.RELEASE.jar:/home/user/.m2/repository/org/xerial/sqlite-jdbc/3.25.2/sqlite-jdbc-3.25.2.jar:/home/user/.m2/repository/org/springframework/spring-jdbc/5.1.3.RELEASE/spring-jdbc-5.1.3.RELEASE.jar:/home/user/.m2/repository/org/springframework/spring-beans/5.1.3.RELEASE/spring-beans-5.1.3.RELEASE.jar:/home/user/.m2/repository/org/springframework/spring-core/5.1.3.RELEASE/spring-core-5.1.3.RELEASE.jar:/home/user/.m2/repository/org/springframework/spring-jcl/5.1.3.RELEASE/spring-jcl-5.1.3.RELEASE.jar:/home/user/.m2/repository/org/springframework/spring-tx/5.1.3.RELEASE/spring-tx-5.1.3.RELEASE.jar:/home/user/.m2/repository/org/apache/hadoop/hadoop-ozone-client/0.5.0-SNAPSHOT/hadoop-ozone-client-0.5.0-SNAPSHOT.jar:/home/user/.m2/repository/commons-lang/commons-lang/2.6/commons-lang-2.6.jar:/home/user/.m2/repository/org/apache/hadoop/hadoop-ozone-ozone-manager/0.5.0-SNAPSHOT/hadoop-ozone-ozone-manager-0.5.0-SNAPSHOT-tests.jar:/home/user/.m2/repository/junit/junit/4.11/junit-4.11.jar:/home/user/.m2/repository/org/hamcrest/hamcrest-core/1.3/hamcrest-core-1.3.jar:/home/user/.m2/repository/org/openjdk/jmh/jmh-core/1.19/jmh-core-1.19.jar:/home/user/.m2/repository/net/sf/jopt-simple/jopt-simple/4.6/jopt-simple-4.6.jar:/home/user/.m2/repository/org/apache/commons/commons-math3/3.1.1/commons-math3-3.1.1.jar:/home/user/.m2/repository/org/openjdk/jmh/jmh-generator-annprocess/1.19/jmh-generator-annprocess-1.19.jar:/home/user/.m2/repository/org/mockito/mockito-all/1.8.5/mockito-all-1.8.5.jar:/home/user/.m2/repository/org/apache/hadoop/hadoop-kms/3.2.0/hadoop-kms-3.2.0.jar:/home/user/.m2/repository/org/apache/hadoop/hadoop-auth/3.2.0/hadoop-auth-3.2.0.jar:/home/user/.m2/repository/com/nimbusds/nimbus-jose-jwt/4.41.1/nimbus-jose-jwt-4.41.1.jar:/home/user/.m2/repository/com/github/stephenc/jcip/jcip-annotations/1.0-1/jcip-annotations-1.0-1.jar:/home/user/.m2/repository/net/minidev/json-smart/2.3/json-smart-2.3.jar:/home/user/.m2/repository/net/minidev/accessors-smart/1.2/accessors-smart-1.2.jar:/home/user/.m2/repository/org/ow2/asm/asm/5.0.4/asm-5.0.4.jar:/home/user/.m2/repository/org/apache/curator/curator-framework/2.12.0/curator-framework-2.12.0.jar:/home/user/.m2/repository/com/sun/jersey/jersey-core/1.19/jersey-core-1.19.jar:/home/user/.m2/repository/javax/ws/rs/jsr311-api/1.1.1/jsr311-api-1.1.1.jar:/home/user/.m2/repository/com/sun/jersey/jersey-server/1.19/jersey-server-1.19.jar:/home/user/.m2/repository/javax/servlet/javax.servlet-api/3.1.0/javax.servlet-api-3.1.0.jar:/home/user/.m2/repository/org/eclipse/jetty/jetty-server/9.3.25.v20180904/jetty-server-9.3.25.v20180904.jar:/home/user/.m2/repository/org/eclipse/jetty/jetty-http/9.3.25.v20180904/jetty-http-9.3.25.v20180904.jar:/home/user/.m2/repository/org/eclipse/jetty/jetty-io/9.3.25.v20180904/jetty-io-9.3.25.v20180904.jar:/home/user/.m2/repository/org/eclipse/jetty/jetty-webapp/9.3.25.v20180904/jetty-webapp-9.3.25.v20180904.jar:/home/user/.m2/repository/org/eclipse/jetty/jetty-xml/9.3.25.v20180904/jetty-xml-9.3.25.v20180904.jar:/home/user/.m2/repository/log4j/log4j/1.2.17/log4j-1.2.17.jar:/home/user/.m2/repository/org/slf4j/slf4j-api/1.7.25/slf4j-api-1.7.25.jar:/home/user/.m2/repository/org/slf4j/jul-to-slf4j/1.7.25/jul-to-slf4j-1.7.25.jar:/home/user/.m2/repository/org/eclipse/jetty/jetty-util/9.3.25.v20180904/jetty-util-9.3.25.v20180904.jar:/home/user/.m2/repository/com/fasterxml/jackson/core/jackson-databind/2.9.9/jackson-databind-2.9.9.jar:/home/user/.m2/repository/org/apache/hadoop/hadoop-kms/3.2.0/hadoop-kms-3.2.0-tests.jar:/home/user/.m2/repository/org/apache/hadoop/hadoop-hdds-server-scm/0.5.0-SNAPSHOT/hadoop-hdds-server-scm-0.5.0-SNAPSHOT-tests.jar:/home/user/.m2/repository/org/apache/hadoop/hadoop-hdds-container-service/0.5.0-SNAPSHOT/hadoop-hdds-container-service-0.5.0-SNAPSHOT-tests.jar:/home/user/.m2/repository/org/yaml/snakeyaml/1.16/snakeyaml-1.16.jar:/home/user/.m2/repository/org/apache/hadoop/hadoop-common/3.2.0/hadoop-common-3.2.0-tests.jar:/home/user/.m2/repository/org/apache/hadoop/hadoop-annotations/3.2.0/hadoop-annotations-3.2.0.jar:/usr/lib/jvm/java-1.8-openjdk/jre/../lib/tools.jar:/home/user/.m2/repository/commons-cli/commons-cli/1.2/commons-cli-1.2.jar:/home/user/.m2/repository/org/apache/httpcomponents/httpclient/4.5.2/httpclient-4.5.2.jar:/home/user/.m2/repository/org/apache/httpcomponents/httpcore/4.4.4/httpcore-4.4.4.jar:/home/user/.m2/repository/commons-codec/commons-codec/1.11/commons-codec-1.11.jar:/home/user/.m2/repository/commons-net/commons-net/3.6/commons-net-3.6.jar:/home/user/.m2/repository/commons-collections/commons-collections/3.2.2/commons-collections-3.2.2.jar:/home/user/.m2/repository/org/eclipse/jetty/jetty-servlet/9.3.25.v20180904/jetty-servlet-9.3.25.v20180904.jar:/home/user/.m2/repository/org/eclipse/jetty/jetty-security/9.3.25.v20180904/jetty-security-9.3.25.v20180904.jar:/home/user/.m2/repository/javax/servlet/jsp/jsp-api/2.1/jsp-api-2.1.jar:/home/user/.m2/repository/com/sun/jersey/jersey-servlet/1.19/jersey-servlet-1.19.jar:/home/user/.m2/repository/com/sun/jersey/jersey-json/1.19/jersey-json-1.19.jar:/home/user/.m2/repository/org/codehaus/jettison/jettison/1.1/jettison-1.1.jar:/home/user/.m2/repository/org/codehaus/jackson/jackson-core-asl/1.9.13/jackson-core-asl-1.9.13.jar:/home/user/.m2/repository/org/codehaus/jackson/jackson-mapper-asl/1.9.13/jackson-mapper-asl-1.9.13.jar:/home/user/.m2/repository/org/codehaus/jackson/jackson-jaxrs/1.9.13/jackson-jaxrs-1.9.13.jar:/home/user/.m2/repository/org/codehaus/jackson/jackson-xc/1.9.13/jackson-xc-1.9.13.jar:/home/user/.m2/repository/commons-logging/commons-logging/1.1.3/commons-logging-1.1.3.jar:/home/user/.m2/repository/commons-beanutils/commons-beanutils/1.9.4/commons-beanutils-1.9.4.jar:/home/user/.m2/repository/org/apache/commons/commons-configuration2/2.1.1/commons-configuration2-2.1.1.jar:/home/user/.m2/repository/org/apache/commons/commons-lang3/3.7/commons-lang3-3.7.jar:/home/user/.m2/repository/org/apache/commons/commons-text/1.4/commons-text-1.4.jar:/home/user/.m2/repository/org/apache/avro/avro/1.7.7/avro-1.7.7.jar:/home/user/.m2/repository/com/thoughtworks/paranamer/paranamer/2.3/paranamer-2.3.jar:/home/user/.m2/repository/org/xerial/snappy/snappy-java/1.0.5/snappy-java-1.0.5.jar:/home/user/.m2/repository/com/google/re2j/re2j/1.1/re2j-1.1.jar:/home/user/.m2/repository/com/google/code/gson/gson/2.2.4/gson-2.2.4.jar:/home/user/.m2/repository/com/jcraft/jsch/0.1.54/jsch-0.1.54.jar:/home/user/.m2/repository/org/apache/curator/curator-client/2.12.0/curator-client-2.12.0.jar:/home/user/.m2/repository/org/apache/curator/curator-recipes/2.12.0/curator-recipes-2.12.0.jar:/home/user/.m2/repository/com/google/code/findbugs/jsr305/3.0.0/jsr305-3.0.0.jar:/home/user/.m2/repository/org/apache/htrace/htrace-core4/4.1.0-incubating/htrace-core4-4.1.0-incubating.jar:/home/user/.m2/repository/org/apache/zookeeper/zookeeper/3.4.13/zookeeper-3.4.13.jar:/home/user/.m2/repository/jline/jline/0.9.94/jline-0.9.94.jar:/home/user/.m2/repository/org/apache/yetus/audience-annotations/0.5.0/audience-annotations-0.5.0.jar:/home/user/.m2/repository/org/codehaus/woodstox/stax2-api/3.1.4/stax2-api-3.1.4.jar:/home/user/.m2/repository/com/fasterxml/woodstox/woodstox-core/5.0.3/woodstox-core-5.0.3.jar:/home/user/.m2/repository/dnsjava/dnsjava/2.1.7/dnsjava-2.1.7.jar:/home/user/.m2/repository/org/apache/hadoop/hadoop-hdfs/3.2.0/hadoop-hdfs-3.2.0-tests.jar:/home/user/.m2/repository/org/eclipse/jetty/jetty-util-ajax/9.3.25.v20180904/jetty-util-ajax-9.3.25.v20180904.jar:/home/user/.m2/repository/commons-daemon/commons-daemon/1.0.13/commons-daemon-1.0.13.jar:/home/user/.m2/repository/io/netty/netty/3.10.5.Final/netty-3.10.5.Final.jar:/home/user/.m2/repository/io/netty/netty-all/4.0.52.Final/netty-all-4.0.52.Final.jar:/home/user/.m2/repository/org/fusesource/leveldbjni/leveldbjni-all/1.8/leveldbjni-all-1.8.jar:"/>
    <property name="sun.cpu.endian" value="little"/>
    <property name="user.home" value="/home/user"/>
    <property name="user.language" value="en"/>
    <property name="java.specification.vendor" value="Oracle Corporation"/>
    <property name="java.home" value="/usr/lib/jvm/java-1.8-openjdk/jre"/>
    <property name="java.security.krb5.conf" value="/workdir/hadoop-ozone/integration-test/target/test-classes/krb5.conf"/>
    <property name="basedir" value="/workdir/hadoop-ozone/integration-test"/>
    <property name="file.separator" value="/"/>
    <property name="line.separator" value="&#10;"/>
    <property name="java.vm.specification.vendor" value="Oracle Corporation"/>
    <property name="java.specification.name" value="Java Platform API Specification"/>
    <property name="java.awt.graphicsenv" value="sun.awt.X11GraphicsEnvironment"/>
    <property name="surefire.real.class.path" value="/workdir/hadoop-ozone/integration-test/target/surefire/surefirebooter8639669424211630411.jar"/>
    <property name="hadoop.log.dir" value="/workdir/hadoop-ozone/integration-test/target/log"/>
    <property name="sun.boot.class.path" value="/usr/lib/jvm/java-1.8-openjdk/jre/lib/resources.jar:/usr/lib/jvm/java-1.8-openjdk/jre/lib/rt.jar:/usr/lib/jvm/java-1.8-openjdk/jre/lib/sunrsasign.jar:/usr/lib/jvm/java-1.8-openjdk/jre/lib/jsse.jar:/usr/lib/jvm/java-1.8-openjdk/jre/lib/jce.jar:/usr/lib/jvm/java-1.8-openjdk/jre/lib/charsets.jar:/usr/lib/jvm/java-1.8-openjdk/jre/lib/jfr.jar:/usr/lib/jvm/java-1.8-openjdk/jre/classes"/>
    <property name="sun.management.compiler" value="HotSpot 64-Bit Tiered Compilers"/>
    <property name="java.runtime.version" value="1.8.0_212-b04"/>
    <property name="java.net.preferIPv4Stack" value="true"/>
    <property name="user.name" value="jenkins1000"/>
    <property name="path.separator" value=":"/>
    <property name="java.security.egd" value="file:///dev/urandom"/>
    <property name="os.version" value="3.10.0-957.12.2.el7.x86_64"/>
    <property name="java.endorsed.dirs" value="/usr/lib/jvm/java-1.8-openjdk/jre/lib/endorsed"/>
    <property name="java.runtime.name" value="OpenJDK Runtime Environment"/>
    <property name="file.encoding" value="UTF-8"/>
    <property name="java.vm.name" value="OpenJDK 64-Bit Server VM"/>
    <property name="test.build.webapps" value=""/>
    <property name="localRepository" value="/home/user/.m2/repository"/>
    <property name="java.vendor.url.bug" value="https://icedtea.classpath.org/bugzilla"/>
    <property name="java.io.tmpdir" value="/tmp"/>
    <property name="require.test.libhadoop" value=""/>
    <property name="java.version" value="1.8.0_212"/>
    <property name="user.dir" value="/workdir/hadoop-ozone/integration-test"/>
    <property name="os.arch" value="amd64"/>
    <property name="java.vm.specification.name" value="Java Virtual Machine Specification"/>
    <property name="test.build.classes" value="/workdir/hadoop-ozone/integration-test/target/test-classes"/>
    <property name="java.awt.printerjob" value="sun.print.PSPrinterJob"/>
    <property name="sun.os.patch.level" value="unknown"/>
    <property name="hadoop.tmp.dir" value="/workdir/hadoop-ozone/integration-test/target/tmp"/>
    <property name="java.library.path" value="/usr/lib/jvm/java-1.8-openjdk/jre/lib/amd64/server:/usr/lib/jvm/java-1.8-openjdk/jre/lib/amd64:/usr/lib/jvm/java-1.8-openjdk/jre/../lib/amd64:/workdir/hadoop-ozone/integration-test/target/native/target/usr/local/lib:/workdir/hadoop-ozone/integration-test/../../hadoop-common-project/hadoop-common/target/native/target/usr/local/lib:/usr/java/packages/lib/amd64:/usr/lib64:/lib64:/lib:/usr/lib"/>
    <property name="java.vm.info" value="mixed mode"/>
    <property name="java.vendor" value="IcedTea"/>
    <property name="java.vm.version" value="25.212-b04"/>
    <property name="java.ext.dirs" value="/usr/lib/jvm/java-1.8-openjdk/jre/lib/ext:/usr/java/packages/lib/ext"/>
    <property name="sun.io.unicode.encoding" value="UnicodeLittle"/>
    <property name="java.class.version" value="52.0"/>
  </properties>
  <testcase name="testWatchForCommitWithKeyWrite" classname="org.apache.hadoop.ozone.client.rpc.TestWatchForCommit" time="60.534"/>
  <testcase name="testWatchForCommitWithSmallerTimeoutValue" classname="org.apache.hadoop.ozone.client.rpc.TestWatchForCommit" time="42.94"/>
  <testcase name="testWatchForCommitForRetryfailure" classname="org.apache.hadoop.ozone.client.rpc.TestWatchForCommit" time="74.182"/>
  <testcase name="testWatchForCommitForGroupMismatchException" classname="org.apache.hadoop.ozone.client.rpc.TestWatchForCommit" time="32.594"/>
  <testcase name="test2WayCommitForTimeoutException" classname="org.apache.hadoop.ozone.client.rpc.TestWatchForCommit" time="22.51">
    <error type="java.util.concurrent.TimeoutException">java.util.concurrent.TimeoutException
	at java.util.concurrent.CompletableFuture.timedGet(CompletableFuture.java:1771)
	at java.util.concurrent.CompletableFuture.get(CompletableFuture.java:1915)
	at org.apache.hadoop.hdds.scm.XceiverClientRatis.watchForCommit(XceiverClientRatis.java:283)
	at org.apache.hadoop.ozone.client.rpc.TestWatchForCommit.test2WayCommitForTimeoutException(TestWatchForCommit.java:391)
	at sun.reflect.NativeMethodAccessorImpl.invoke0(Native Method)
	at sun.reflect.NativeMethodAccessorImpl.invoke(NativeMethodAccessorImpl.java:62)
	at sun.reflect.DelegatingMethodAccessorImpl.invoke(DelegatingMethodAccessorImpl.java:43)
	at java.lang.reflect.Method.invoke(Method.java:498)
	at org.junit.runners.model.FrameworkMethod$1.runReflectiveCall(FrameworkMethod.java:47)
	at org.junit.internal.runners.model.ReflectiveCallable.run(ReflectiveCallable.java:12)
	at org.junit.runners.model.FrameworkMethod.invokeExplosively(FrameworkMethod.java:44)
	at org.junit.internal.runners.statements.InvokeMethod.evaluate(InvokeMethod.java:17)
	at org.junit.runners.ParentRunner.runLeaf(ParentRunner.java:271)
	at org.junit.runners.BlockJUnit4ClassRunner.runChild(BlockJUnit4ClassRunner.java:70)
	at org.junit.runners.BlockJUnit4ClassRunner.runChild(BlockJUnit4ClassRunner.java:50)
	at org.junit.runners.ParentRunner$3.run(ParentRunner.java:238)
	at org.junit.runners.ParentRunner$1.schedule(ParentRunner.java:63)
	at org.junit.runners.ParentRunner.runChildren(ParentRunner.java:236)
	at org.junit.runners.ParentRunner.access$000(ParentRunner.java:53)
	at org.junit.runners.ParentRunner$2.evaluate(ParentRunner.java:229)
	at org.junit.runners.ParentRunner.run(ParentRunner.java:309)
	at org.apache.maven.surefire.junit4.JUnit4Provider.execute(JUnit4Provider.java:365)
	at org.apache.maven.surefire.junit4.JUnit4Provider.executeWithRerun(JUnit4Provider.java:273)
	at org.apache.maven.surefire.junit4.JUnit4Provider.executeTestSet(JUnit4Provider.java:238)
	at org.apache.maven.surefire.junit4.JUnit4Provider.invoke(JUnit4Provider.java:159)
	at org.apache.maven.surefire.booter.ForkedBooter.invokeProviderInSameClassLoader(ForkedBooter.java:384)
	at org.apache.maven.surefire.booter.ForkedBooter.runSuitesInProcess(ForkedBooter.java:345)
	at org.apache.maven.surefire.booter.ForkedBooter.execute(ForkedBooter.java:126)
	at org.apache.maven.surefire.booter.ForkedBooter.main(ForkedBooter.java:418)
</error>
    <system-out><![CDATA[2019-10-10 06:35:55,901 [main] WARN  server.ServerUtils (ServerUtils.java:getScmDbDir(145)) - ozone.scm.db.dirs is not configured. We recommend adding this setting. Falling back to ozone.metadata.dirs instead.
2019-10-10 06:35:55,916 [main] WARN  server.ServerUtils (ServerUtils.java:getScmDbDir(145)) - ozone.scm.db.dirs is not configured. We recommend adding this setting. Falling back to ozone.metadata.dirs instead.
2019-10-10 06:35:55,916 [main] WARN  server.ServerUtils (ServerUtils.java:getScmDbDir(145)) - ozone.scm.db.dirs is not configured. We recommend adding this setting. Falling back to ozone.metadata.dirs instead.
2019-10-10 06:35:55,917 [main] INFO  db.DBStoreBuilder (DBStoreBuilder.java:addTable(117)) - using custom profile for table: deletedBlocks
2019-10-10 06:35:55,917 [main] INFO  db.DBStoreBuilder (DBStoreBuilder.java:processTables(168)) - Using default column profile:DBProfile.DISK for Table:deletedBlocks
2019-10-10 06:35:55,917 [main] INFO  db.DBStoreBuilder (DBStoreBuilder.java:addTable(117)) - using custom profile for table: validCerts
2019-10-10 06:35:55,917 [main] INFO  db.DBStoreBuilder (DBStoreBuilder.java:processTables(168)) - Using default column profile:DBProfile.DISK for Table:validCerts
2019-10-10 06:35:55,918 [main] INFO  db.DBStoreBuilder (DBStoreBuilder.java:addTable(117)) - using custom profile for table: revokedCerts
2019-10-10 06:35:55,918 [main] INFO  db.DBStoreBuilder (DBStoreBuilder.java:processTables(168)) - Using default column profile:DBProfile.DISK for Table:revokedCerts
2019-10-10 06:35:55,918 [main] INFO  db.DBStoreBuilder (DBStoreBuilder.java:addTable(117)) - using custom profile for table: default
2019-10-10 06:35:55,918 [main] INFO  db.DBStoreBuilder (DBStoreBuilder.java:processTables(174)) - Using default column profile:DBProfile.DISK for Table:default
2019-10-10 06:35:55,918 [main] INFO  db.DBStoreBuilder (DBStoreBuilder.java:getDbProfile(205)) - Using default options. DBProfile.DISK
2019-10-10 06:35:56,125 [main] INFO  net.NodeSchemaLoader (NodeSchemaLoader.java:loadSchemaFromFile(125)) - Loading file from sun.misc.CompoundEnumeration@4b195203
2019-10-10 06:35:56,125 [main] INFO  net.NodeSchemaLoader (NodeSchemaLoader.java:loadSchema(171)) - Loading network topology layer schema file
2019-10-10 06:35:56,129 [main] WARN  server.ServerUtils (ServerUtils.java:sanitizeUserArgs(70)) - ozone.scm.stale.node.interval value = 300000 is larger than max = 100000 based on the key value of ozone.scm.heartbeat.thread.interval, reset to the max value 100000.
2019-10-10 06:35:56,129 [main] WARN  server.ServerUtils (ServerUtils.java:sanitizeUserArgs(70)) - ozone.scm.stale.node.interval value = 300000 is larger than max = 100000 based on the key value of ozone.scm.heartbeat.thread.interval, reset to the max value 100000.
2019-10-10 06:35:56,129 [main] INFO  node.SCMNodeManager (SCMNodeManager.java:<init>(116)) - Entering startup safe mode.
2019-10-10 06:35:56,130 [main] INFO  algorithms.ContainerPlacementPolicyFactory (ContainerPlacementPolicyFactory.java:getPolicy(57)) - Create container placement policy of type org.apache.hadoop.hdds.scm.container.placement.algorithms.SCMContainerPlacementRandom
2019-10-10 06:35:56,130 [main] WARN  server.ServerUtils (ServerUtils.java:getScmDbDir(145)) - ozone.scm.db.dirs is not configured. We recommend adding this setting. Falling back to ozone.metadata.dirs instead.
2019-10-10 06:35:56,162 [main] INFO  pipeline.SCMPipelineManager (SCMPipelineManager.java:initializePipelineState(132)) - No pipeline exists in current db
2019-10-10 06:35:56,162 [main] WARN  server.ServerUtils (ServerUtils.java:getScmDbDir(145)) - ozone.scm.db.dirs is not configured. We recommend adding this setting. Falling back to ozone.metadata.dirs instead.
2019-10-10 06:35:56,226 [main] WARN  events.EventQueue (EventQueue.java:fireEvent(183)) - No event handler registered for event TypedEvent{payloadType=SafeModeStatus, name='SafeModeStatus'}
2019-10-10 06:35:56,227 [main] INFO  ipc.CallQueueManager (CallQueueManager.java:<init>(84)) - Using callQueue: class java.util.concurrent.LinkedBlockingQueue, queueCapacity: 2000, scheduler: class org.apache.hadoop.ipc.DefaultRpcScheduler, ipcBackoff: false.
2019-10-10 06:35:56,228 [Socket Reader #1 for port 34327] INFO  ipc.Server (Server.java:run(1074)) - Starting Socket Reader #1 for port 34327
2019-10-10 06:35:56,230 [main] INFO  ipc.CallQueueManager (CallQueueManager.java:<init>(84)) - Using callQueue: class java.util.concurrent.LinkedBlockingQueue, queueCapacity: 2000, scheduler: class org.apache.hadoop.ipc.DefaultRpcScheduler, ipcBackoff: false.
2019-10-10 06:35:56,230 [Socket Reader #1 for port 36758] INFO  ipc.Server (Server.java:run(1074)) - Starting Socket Reader #1 for port 36758
2019-10-10 06:35:56,232 [main] INFO  ipc.CallQueueManager (CallQueueManager.java:<init>(84)) - Using callQueue: class java.util.concurrent.LinkedBlockingQueue, queueCapacity: 2000, scheduler: class org.apache.hadoop.ipc.DefaultRpcScheduler, ipcBackoff: false.
2019-10-10 06:35:56,232 [Socket Reader #1 for port 32784] INFO  ipc.Server (Server.java:run(1074)) - Starting Socket Reader #1 for port 32784
2019-10-10 06:35:56,234 [main] INFO  hdfs.DFSUtil (DFSUtil.java:httpServerTemplateForNNAndJN(1641)) - Starting Web-server for scm at: http://0.0.0.0:0
2019-10-10 06:35:56,237 [main] INFO  server.AuthenticationFilter (AuthenticationFilter.java:constructSecretProvider(240)) - Unable to initialize FileSignerSecretProvider, falling back to use random secrets.
2019-10-10 06:35:56,238 [main] WARN  http.HttpRequestLog (HttpRequestLog.java:getRequestLog(97)) - Jetty request log can only be enabled using Log4j
2019-10-10 06:35:56,240 [main] INFO  http.HttpServer2 (HttpServer2.java:addGlobalFilter(975)) - Added global filter 'safety' (class=org.apache.hadoop.http.HttpServer2$QuotingInputFilter)
2019-10-10 06:35:56,241 [main] INFO  http.HttpServer2 (HttpServer2.java:addFilter(948)) - Added filter static_user_filter (class=org.apache.hadoop.http.lib.StaticUserWebFilter$StaticUserFilter) to context scm
2019-10-10 06:35:56,241 [main] INFO  http.HttpServer2 (HttpServer2.java:addFilter(958)) - Added filter static_user_filter (class=org.apache.hadoop.http.lib.StaticUserWebFilter$StaticUserFilter) to context static
2019-10-10 06:35:56,241 [main] INFO  http.HttpServer2 (HttpServer2.java:addFilter(958)) - Added filter static_user_filter (class=org.apache.hadoop.http.lib.StaticUserWebFilter$StaticUserFilter) to context logs
2019-10-10 06:35:56,244 [main] INFO  server.StorageContainerManager (StorageContainerManager.java:start(772)) - StorageContainerLocationProtocol RPC server is listening at /0.0.0.0:32784
2019-10-10 06:35:56,246 [main] WARN  impl.MetricsConfig (MetricsConfig.java:loadFirst(134)) - Cannot locate configuration: tried hadoop-metrics2-storagecontainermanager.properties,hadoop-metrics2.properties
2019-10-10 06:35:56,247 [main] INFO  impl.MetricsSystemImpl (MetricsSystemImpl.java:startTimer(374)) - Scheduled Metric snapshot period at 10 second(s).
2019-10-10 06:35:56,247 [main] INFO  impl.MetricsSystemImpl (MetricsSystemImpl.java:start(191)) - StorageContainerManager metrics system started
2019-10-10 06:35:56,305 [main] WARN  impl.MetricsSystemImpl (MetricsSystemImpl.java:register(276)) - Sink prometheus already exists!
2019-10-10 06:35:56,402 [main] INFO  server.SCMClientProtocolServer (SCMClientProtocolServer.java:start(159)) - RPC server for Client  is listening at /0.0.0.0:32784
2019-10-10 06:35:56,403 [IPC Server listener on 32784] INFO  ipc.Server (Server.java:run(1153)) - IPC Server listener on 32784: starting
2019-10-10 06:35:56,403 [IPC Server Responder] INFO  ipc.Server (Server.java:run(1314)) - IPC Server Responder: starting
2019-10-10 06:35:56,408 [main] INFO  server.StorageContainerManager (StorageContainerManager.java:start(782)) - ScmBlockLocationProtocol RPC server is listening at /0.0.0.0:36758
2019-10-10 06:35:56,409 [main] INFO  server.SCMBlockProtocolServer (SCMBlockProtocolServer.java:start(146)) - RPC server for Block Protocol is listening at /0.0.0.0:36758
2019-10-10 06:35:56,409 [IPC Server Responder] INFO  ipc.Server (Server.java:run(1314)) - IPC Server Responder: starting
2019-10-10 06:35:56,409 [IPC Server listener on 36758] INFO  ipc.Server (Server.java:run(1153)) - IPC Server listener on 36758: starting
2019-10-10 06:35:56,413 [main] INFO  server.StorageContainerManager (StorageContainerManager.java:start(786)) - ScmDatanodeProtocl RPC server is listening at /0.0.0.0:34327
2019-10-10 06:35:56,413 [main] INFO  server.SCMDatanodeProtocolServer (SCMDatanodeProtocolServer.java:start(169)) - RPC server for DataNodes is listening at /0.0.0.0:34327
2019-10-10 06:35:56,414 [IPC Server Responder] INFO  ipc.Server (Server.java:run(1314)) - IPC Server Responder: starting
2019-10-10 06:35:56,414 [IPC Server listener on 34327] INFO  ipc.Server (Server.java:run(1153)) - IPC Server listener on 34327: starting
2019-10-10 06:35:56,418 [main] INFO  http.HttpServer2 (HttpServer2.java:bindListener(1191)) - Jetty bound to port 44022
2019-10-10 06:35:56,418 [main] INFO  server.Server (Server.java:doStart(351)) - jetty-9.3.25.v20180904, build timestamp: 2018-09-04T21:11:46Z, git hash: 3ce520221d0240229c862b122d2b06c12a625732
2019-10-10 06:35:56,419 [main] INFO  handler.ContextHandler (ContextHandler.java:doStart(781)) - Started o.e.j.s.ServletContextHandler@19827608{/logs,file:///workdir/hadoop-ozone/integration-test/target/log,AVAILABLE}
2019-10-10 06:35:56,420 [main] INFO  handler.ContextHandler (ContextHandler.java:doStart(781)) - Started o.e.j.s.ServletContextHandler@14b528b6{/static,file:///workdir/hadoop-ozone/integration-test/target/test-classes/webapps/static,AVAILABLE}
2019-10-10 06:35:56,424 [main] INFO  handler.ContextHandler (ContextHandler.java:doStart(781)) - Started o.e.j.w.WebAppContext@5db3d57c{/,file:///workdir/hadoop-ozone/integration-test/target/test-classes/webapps/scm/,AVAILABLE}{/scm}
2019-10-10 06:35:56,424 [main] INFO  server.AbstractConnector (AbstractConnector.java:doStart(278)) - Started ServerConnector@53a50b0a{HTTP/1.1,[http/1.1]}{0.0.0.0:44022}
2019-10-10 06:35:56,426 [main] INFO  server.Server (Server.java:doStart(419)) - Started @211217ms
2019-10-10 06:35:56,426 [main] WARN  impl.MetricsSystemImpl (MetricsSystemImpl.java:register(276)) - Sink prometheus already exists!
2019-10-10 06:35:56,427 [main] INFO  server.BaseHttpServer (BaseHttpServer.java:updateConnectorAddress(215)) - HTTP server of SCM is listening at http://0.0.0.0:44022
2019-10-10 06:35:56,428 [main] WARN  server.ServerUtils (ServerUtils.java:getDBPath(222)) - ozone.om.db.dirs is not configured. We recommend adding this setting. Falling back to ozone.metadata.dirs instead.
2019-10-10 06:35:56,429 [org.apache.hadoop.util.JvmPauseMonitor$Monitor@395f52ed] INFO  util.JvmPauseMonitor (JvmPauseMonitor.java:run(188)) - Starting JVM pause monitor
2019-10-10 06:35:56,442 [main] INFO  ha.OMHANodeDetails (OMHANodeDetails.java:loadOMHAConfig(190)) - Configuration either no ozone.om.address set. Falling back to the default OM address /127.0.0.1:0
2019-10-10 06:35:56,442 [main] INFO  ha.OMHANodeDetails (OMHANodeDetails.java:getOMNodeDetails(220)) - OM Service ID is not set. Setting it to the default ID: omServiceIdDefault
2019-10-10 06:35:56,443 [main] WARN  server.ServerUtils (ServerUtils.java:getDBPath(222)) - ozone.om.db.dirs is not configured. We recommend adding this setting. Falling back to ozone.metadata.dirs instead.
2019-10-10 06:35:56,443 [main] WARN  server.ServerUtils (ServerUtils.java:getDBPath(222)) - ozone.om.db.dirs is not configured. We recommend adding this setting. Falling back to ozone.metadata.dirs instead.
2019-10-10 06:35:56,450 [main] WARN  server.ServerUtils (ServerUtils.java:getDBPath(222)) - ozone.om.db.dirs is not configured. We recommend adding this setting. Falling back to ozone.metadata.dirs instead.
2019-10-10 06:35:56,451 [main] INFO  db.DBStoreBuilder (DBStoreBuilder.java:addTable(117)) - using custom profile for table: userTable
2019-10-10 06:35:56,451 [main] INFO  db.DBStoreBuilder (DBStoreBuilder.java:processTables(168)) - Using default column profile:DBProfile.DISK for Table:userTable
2019-10-10 06:35:56,451 [main] INFO  db.DBStoreBuilder (DBStoreBuilder.java:addTable(117)) - using custom profile for table: volumeTable
2019-10-10 06:35:56,451 [main] INFO  db.DBStoreBuilder (DBStoreBuilder.java:processTables(168)) - Using default column profile:DBProfile.DISK for Table:volumeTable
2019-10-10 06:35:56,451 [main] INFO  db.DBStoreBuilder (DBStoreBuilder.java:addTable(117)) - using custom profile for table: bucketTable
2019-10-10 06:35:56,452 [main] INFO  db.DBStoreBuilder (DBStoreBuilder.java:processTables(168)) - Using default column profile:DBProfile.DISK for Table:bucketTable
2019-10-10 06:35:56,452 [main] INFO  db.DBStoreBuilder (DBStoreBuilder.java:addTable(117)) - using custom profile for table: keyTable
2019-10-10 06:35:56,452 [main] INFO  db.DBStoreBuilder (DBStoreBuilder.java:processTables(168)) - Using default column profile:DBProfile.DISK for Table:keyTable
2019-10-10 06:35:56,452 [main] INFO  db.DBStoreBuilder (DBStoreBuilder.java:addTable(117)) - using custom profile for table: deletedTable
2019-10-10 06:35:56,452 [main] INFO  db.DBStoreBuilder (DBStoreBuilder.java:processTables(168)) - Using default column profile:DBProfile.DISK for Table:deletedTable
2019-10-10 06:35:56,453 [main] INFO  db.DBStoreBuilder (DBStoreBuilder.java:addTable(117)) - using custom profile for table: openKeyTable
2019-10-10 06:35:56,453 [main] INFO  db.DBStoreBuilder (DBStoreBuilder.java:processTables(168)) - Using default column profile:DBProfile.DISK for Table:openKeyTable
2019-10-10 06:35:56,453 [main] INFO  db.DBStoreBuilder (DBStoreBuilder.java:addTable(117)) - using custom profile for table: s3Table
2019-10-10 06:35:56,453 [main] INFO  db.DBStoreBuilder (DBStoreBuilder.java:processTables(168)) - Using default column profile:DBProfile.DISK for Table:s3Table
2019-10-10 06:35:56,453 [main] INFO  db.DBStoreBuilder (DBStoreBuilder.java:addTable(117)) - using custom profile for table: multipartInfoTable
2019-10-10 06:35:56,454 [main] INFO  db.DBStoreBuilder (DBStoreBuilder.java:processTables(168)) - Using default column profile:DBProfile.DISK for Table:multipartInfoTable
2019-10-10 06:35:56,454 [main] INFO  db.DBStoreBuilder (DBStoreBuilder.java:addTable(117)) - using custom profile for table: dTokenTable
2019-10-10 06:35:56,454 [main] INFO  db.DBStoreBuilder (DBStoreBuilder.java:processTables(168)) - Using default column profile:DBProfile.DISK for Table:dTokenTable
2019-10-10 06:35:56,454 [main] INFO  db.DBStoreBuilder (DBStoreBuilder.java:addTable(117)) - using custom profile for table: s3SecretTable
2019-10-10 06:35:56,454 [main] INFO  db.DBStoreBuilder (DBStoreBuilder.java:processTables(168)) - Using default column profile:DBProfile.DISK for Table:s3SecretTable
2019-10-10 06:35:56,455 [main] INFO  db.DBStoreBuilder (DBStoreBuilder.java:addTable(117)) - using custom profile for table: prefixTable
2019-10-10 06:35:56,455 [main] INFO  db.DBStoreBuilder (DBStoreBuilder.java:processTables(168)) - Using default column profile:DBProfile.DISK for Table:prefixTable
2019-10-10 06:35:56,455 [main] INFO  db.DBStoreBuilder (DBStoreBuilder.java:addTable(117)) - using custom profile for table: default
2019-10-10 06:35:56,455 [main] INFO  db.DBStoreBuilder (DBStoreBuilder.java:processTables(174)) - Using default column profile:DBProfile.DISK for Table:default
2019-10-10 06:35:56,455 [main] INFO  db.DBStoreBuilder (DBStoreBuilder.java:getDbProfile(205)) - Using default options. DBProfile.DISK
2019-10-10 06:35:57,112 [main] INFO  ipc.CallQueueManager (CallQueueManager.java:<init>(84)) - Using callQueue: class java.util.concurrent.LinkedBlockingQueue, queueCapacity: 2000, scheduler: class org.apache.hadoop.ipc.DefaultRpcScheduler, ipcBackoff: false.
2019-10-10 06:35:57,113 [Socket Reader #1 for port 37199] INFO  ipc.Server (Server.java:run(1074)) - Starting Socket Reader #1 for port 37199
2019-10-10 06:35:57,130 [main] INFO  om.OzoneManager (OzoneManager.java:start(1069)) - OzoneManager RPC server is listening at localhost/127.0.0.1:37199
2019-10-10 06:35:57,131 [main] INFO  impl.MetricsSystemImpl (MetricsSystemImpl.java:init(158)) - OzoneManager metrics system started (again)
2019-10-10 06:35:57,132 [IPC Server Responder] INFO  ipc.Server (Server.java:run(1314)) - IPC Server Responder: starting
2019-10-10 06:35:57,133 [IPC Server listener on 37199] INFO  ipc.Server (Server.java:run(1153)) - IPC Server listener on 37199: starting
2019-10-10 06:35:57,137 [main] INFO  hdfs.DFSUtil (DFSUtil.java:httpServerTemplateForNNAndJN(1641)) - Starting Web-server for ozoneManager at: http://0.0.0.0:0
2019-10-10 06:35:57,140 [main] INFO  server.AuthenticationFilter (AuthenticationFilter.java:constructSecretProvider(240)) - Unable to initialize FileSignerSecretProvider, falling back to use random secrets.
2019-10-10 06:35:57,140 [main] WARN  http.HttpRequestLog (HttpRequestLog.java:getRequestLog(97)) - Jetty request log can only be enabled using Log4j
2019-10-10 06:35:57,142 [main] INFO  http.HttpServer2 (HttpServer2.java:addGlobalFilter(975)) - Added global filter 'safety' (class=org.apache.hadoop.http.HttpServer2$QuotingInputFilter)
2019-10-10 06:35:57,143 [main] INFO  http.HttpServer2 (HttpServer2.java:addFilter(948)) - Added filter static_user_filter (class=org.apache.hadoop.http.lib.StaticUserWebFilter$StaticUserFilter) to context ozoneManager
2019-10-10 06:35:57,143 [main] INFO  http.HttpServer2 (HttpServer2.java:addFilter(958)) - Added filter static_user_filter (class=org.apache.hadoop.http.lib.StaticUserWebFilter$StaticUserFilter) to context static
2019-10-10 06:35:57,143 [main] INFO  http.HttpServer2 (HttpServer2.java:addFilter(958)) - Added filter static_user_filter (class=org.apache.hadoop.http.lib.StaticUserWebFilter$StaticUserFilter) to context logs
2019-10-10 06:35:57,144 [main] INFO  http.HttpServer2 (HttpServer2.java:bindListener(1191)) - Jetty bound to port 34244
2019-10-10 06:35:57,144 [main] INFO  server.Server (Server.java:doStart(351)) - jetty-9.3.25.v20180904, build timestamp: 2018-09-04T21:11:46Z, git hash: 3ce520221d0240229c862b122d2b06c12a625732
2019-10-10 06:35:57,146 [main] INFO  handler.ContextHandler (ContextHandler.java:doStart(781)) - Started o.e.j.s.ServletContextHandler@31aab981{/logs,file:///workdir/hadoop-ozone/integration-test/target/log,AVAILABLE}
2019-10-10 06:35:57,147 [main] INFO  handler.ContextHandler (ContextHandler.java:doStart(781)) - Started o.e.j.s.ServletContextHandler@4d518c66{/static,file:///workdir/hadoop-ozone/integration-test/target/test-classes/webapps/static,AVAILABLE}
2019-10-10 06:35:57,152 [main] INFO  handler.ContextHandler (ContextHandler.java:doStart(781)) - Started o.e.j.w.WebAppContext@284bdeed{/,file:///workdir/hadoop-ozone/integration-test/target/test-classes/webapps/ozoneManager/,AVAILABLE}{/ozoneManager}
2019-10-10 06:35:57,153 [main] INFO  server.AbstractConnector (AbstractConnector.java:doStart(278)) - Started ServerConnector@58b311ba{HTTP/1.1,[http/1.1]}{0.0.0.0:34244}
2019-10-10 06:35:57,154 [main] INFO  server.Server (Server.java:doStart(419)) - Started @211945ms
2019-10-10 06:35:57,154 [main] WARN  impl.MetricsSystemImpl (MetricsSystemImpl.java:register(276)) - Sink prometheus already exists!
2019-10-10 06:35:57,155 [main] INFO  server.BaseHttpServer (BaseHttpServer.java:updateConnectorAddress(215)) - HTTP server of OZONEMANAGER is listening at http://0.0.0.0:34244
2019-10-10 06:35:57,173 [main] INFO  impl.MetricsSystemImpl (MetricsSystemImpl.java:init(158)) - HddsDatanode metrics system started (again)
2019-10-10 06:35:57,177 [main] INFO  ozone.HddsDatanodeService (HddsDatanodeService.java:start(184)) - HddsDatanodeService host:trunk-nightly-20191010-ks672-2217485364 ip:192.168.151.114
2019-10-10 06:35:57,183 [main] INFO  volume.HddsVolume (HddsVolume.java:<init>(176)) - Creating Volume: /workdir/hadoop-ozone/integration-test/target/test-dir/MiniOzoneClusterImpl-63933bd2-200b-4836-97fb-de809f2124aa/datanode-0/data/containers/hdds of  storage type : DISK and capacity : 1482555576320
2019-10-10 06:35:57,184 [main] INFO  volume.VolumeSet (VolumeSet.java:initializeVolumeSet(170)) - Added Volume : /workdir/hadoop-ozone/integration-test/target/test-dir/MiniOzoneClusterImpl-63933bd2-200b-4836-97fb-de809f2124aa/datanode-0/data/containers/hdds to VolumeSet
2019-10-10 06:35:57,184 [main] INFO  volume.ThrottledAsyncChecker (ThrottledAsyncChecker.java:schedule(141)) - Scheduling a check for org.apache.hadoop.ozone.container.common.volume.HddsVolume@4be490da
2019-10-10 06:35:57,185 [main] INFO  volume.HddsVolumeChecker (HddsVolumeChecker.java:checkAllVolumes(204)) - Scheduled health check for volume org.apache.hadoop.ozone.container.common.volume.HddsVolume@4be490da
2019-10-10 06:35:57,203 [main] INFO  impl.RaftServerProxy (ConfUtils.java:logGet(43)) - raft.rpc.type = GRPC (default)
2019-10-10 06:35:57,204 [main] INFO  grpc.GrpcFactory (GrpcFactory.java:checkPooledByteBufAllocatorUseCacheForAllThreads(45)) - PERFORMANCE WARNING: useCacheForAllThreads is true that may cause Netty to create a lot garbage objects and, as a result, trigger GC.
	It is recommended to disable useCacheForAllThreads by setting -Dorg.apache.ratis.thirdparty.io.netty.allocator.useCacheForAllThreads=false in command line.
2019-10-10 06:35:57,204 [main] INFO  grpc.GrpcConfigKeys$Server (ConfUtils.java:logGet(43)) - raft.grpc.server.port = 0 (default)
2019-10-10 06:35:57,204 [main] INFO  server.GrpcService (ConfUtils.java:logGet(43)) - raft.grpc.message.size.max = 33570816 (custom)
2019-10-10 06:35:57,205 [main] INFO  server.RaftServerConfigKeys (ConfUtils.java:logGet(43)) - raft.server.log.appender.buffer.byte-limit = 33554432 (custom)
2019-10-10 06:35:57,205 [main] INFO  server.GrpcService (ConfUtils.java:logGet(43)) - raft.grpc.flow.control.window = 1MB (=1048576) (default)
2019-10-10 06:35:57,205 [main] INFO  server.RaftServerConfigKeys (ConfUtils.java:logGet(43)) - raft.server.rpc.request.timeout = 3000ms (default)
2019-10-10 06:35:57,206 [main] INFO  server.RaftServerConfigKeys (ConfUtils.java:logGet(43)) - raft.server.storage.dir = [/workdir/hadoop-ozone/integration-test/target/test-dir/MiniOzoneClusterImpl-63933bd2-200b-4836-97fb-de809f2124aa/datanode-0/data/ratis] (custom)
2019-10-10 06:35:57,207 [main] INFO  hdfs.DFSUtil (DFSUtil.java:httpServerTemplateForNNAndJN(1641)) - Starting Web-server for hddsDatanode at: http://0.0.0.0:0
2019-10-10 06:35:57,209 [main] INFO  server.AuthenticationFilter (AuthenticationFilter.java:constructSecretProvider(240)) - Unable to initialize FileSignerSecretProvider, falling back to use random secrets.
2019-10-10 06:35:57,209 [main] WARN  http.HttpRequestLog (HttpRequestLog.java:getRequestLog(97)) - Jetty request log can only be enabled using Log4j
2019-10-10 06:35:57,211 [main] INFO  http.HttpServer2 (HttpServer2.java:addGlobalFilter(975)) - Added global filter 'safety' (class=org.apache.hadoop.http.HttpServer2$QuotingInputFilter)
2019-10-10 06:35:57,212 [main] INFO  http.HttpServer2 (HttpServer2.java:addFilter(948)) - Added filter static_user_filter (class=org.apache.hadoop.http.lib.StaticUserWebFilter$StaticUserFilter) to context hddsDatanode
2019-10-10 06:35:57,212 [main] INFO  http.HttpServer2 (HttpServer2.java:addFilter(958)) - Added filter static_user_filter (class=org.apache.hadoop.http.lib.StaticUserWebFilter$StaticUserFilter) to context static
2019-10-10 06:35:57,212 [main] INFO  http.HttpServer2 (HttpServer2.java:addFilter(958)) - Added filter static_user_filter (class=org.apache.hadoop.http.lib.StaticUserWebFilter$StaticUserFilter) to context logs
2019-10-10 06:35:57,213 [main] INFO  http.HttpServer2 (HttpServer2.java:bindListener(1191)) - Jetty bound to port 39519
2019-10-10 06:35:57,213 [main] INFO  server.Server (Server.java:doStart(351)) - jetty-9.3.25.v20180904, build timestamp: 2018-09-04T21:11:46Z, git hash: 3ce520221d0240229c862b122d2b06c12a625732
2019-10-10 06:35:57,215 [main] INFO  handler.ContextHandler (ContextHandler.java:doStart(781)) - Started o.e.j.s.ServletContextHandler@183fc2fa{/logs,file:///workdir/hadoop-ozone/integration-test/target/log,AVAILABLE}
2019-10-10 06:35:57,216 [main] INFO  handler.ContextHandler (ContextHandler.java:doStart(781)) - Started o.e.j.s.ServletContextHandler@3313d477{/static,jar:file:/home/user/.m2/repository/org/apache/hadoop/hadoop-hdds-container-service/0.5.0-SNAPSHOT/hadoop-hdds-container-service-0.5.0-SNAPSHOT.jar!/webapps/static,AVAILABLE}
2019-10-10 06:35:57,249 [main] INFO  handler.ContextHandler (ContextHandler.java:doStart(781)) - Started o.e.j.w.WebAppContext@1e40fbb3{/,file:///tmp/jetty-0.0.0.0-39519-hddsDatanode-_-any-7426431771839454895.dir/webapp/,AVAILABLE}{/hddsDatanode}
2019-10-10 06:35:57,250 [main] INFO  server.AbstractConnector (AbstractConnector.java:doStart(278)) - Started ServerConnector@1b560eb0{HTTP/1.1,[http/1.1]}{0.0.0.0:39519}
2019-10-10 06:35:57,251 [main] INFO  server.Server (Server.java:doStart(419)) - Started @212042ms
2019-10-10 06:35:57,251 [main] WARN  impl.MetricsSystemImpl (MetricsSystemImpl.java:register(276)) - Sink prometheus already exists!
2019-10-10 06:35:57,252 [main] INFO  server.BaseHttpServer (BaseHttpServer.java:updateConnectorAddress(215)) - HTTP server of HDDSDATANODE is listening at http://0.0.0.0:39519
2019-10-10 06:35:57,252 [main] INFO  impl.MetricsSystemImpl (MetricsSystemImpl.java:init(158)) - HddsDatanode metrics system started (again)
2019-10-10 06:35:57,256 [org.apache.hadoop.util.JvmPauseMonitor$Monitor@1336252e] INFO  util.JvmPauseMonitor (JvmPauseMonitor.java:run(188)) - Starting JVM pause monitor
2019-10-10 06:35:57,258 [main] INFO  ozone.HddsDatanodeService (HddsDatanodeService.java:start(184)) - HddsDatanodeService host:trunk-nightly-20191010-ks672-2217485364 ip:192.168.151.114
2019-10-10 06:35:57,260 [Datanode State Machine Thread - 0] INFO  datanode.InitDatanodeState (InitDatanodeState.java:persistContainerDatanodeDetails(140)) - DatanodeDetails is persisted to /workdir/hadoop-ozone/integration-test/target/test-dir/MiniOzoneClusterImpl-63933bd2-200b-4836-97fb-de809f2124aa/datanode-0/meta/datanode.id
2019-10-10 06:35:57,264 [main] INFO  volume.HddsVolume (HddsVolume.java:<init>(176)) - Creating Volume: /workdir/hadoop-ozone/integration-test/target/test-dir/MiniOzoneClusterImpl-63933bd2-200b-4836-97fb-de809f2124aa/datanode-1/data/containers/hdds of  storage type : DISK and capacity : 1482555576320
2019-10-10 06:35:57,264 [main] INFO  volume.VolumeSet (VolumeSet.java:initializeVolumeSet(170)) - Added Volume : /workdir/hadoop-ozone/integration-test/target/test-dir/MiniOzoneClusterImpl-63933bd2-200b-4836-97fb-de809f2124aa/datanode-1/data/containers/hdds to VolumeSet
2019-10-10 06:35:57,265 [main] INFO  volume.ThrottledAsyncChecker (ThrottledAsyncChecker.java:schedule(141)) - Scheduling a check for org.apache.hadoop.ozone.container.common.volume.HddsVolume@29d25e65
2019-10-10 06:35:57,265 [main] INFO  volume.HddsVolumeChecker (HddsVolumeChecker.java:checkAllVolumes(204)) - Scheduled health check for volume org.apache.hadoop.ozone.container.common.volume.HddsVolume@29d25e65
2019-10-10 06:35:57,281 [main] INFO  impl.RaftServerProxy (ConfUtils.java:logGet(43)) - raft.rpc.type = GRPC (default)
2019-10-10 06:35:57,281 [main] INFO  grpc.GrpcFactory (GrpcFactory.java:checkPooledByteBufAllocatorUseCacheForAllThreads(45)) - PERFORMANCE WARNING: useCacheForAllThreads is true that may cause Netty to create a lot garbage objects and, as a result, trigger GC.
	It is recommended to disable useCacheForAllThreads by setting -Dorg.apache.ratis.thirdparty.io.netty.allocator.useCacheForAllThreads=false in command line.
2019-10-10 06:35:57,281 [main] INFO  grpc.GrpcConfigKeys$Server (ConfUtils.java:logGet(43)) - raft.grpc.server.port = 0 (default)
2019-10-10 06:35:57,281 [main] INFO  server.GrpcService (ConfUtils.java:logGet(43)) - raft.grpc.message.size.max = 33570816 (custom)
2019-10-10 06:35:57,281 [main] INFO  server.RaftServerConfigKeys (ConfUtils.java:logGet(43)) - raft.server.log.appender.buffer.byte-limit = 33554432 (custom)
2019-10-10 06:35:57,282 [main] INFO  server.GrpcService (ConfUtils.java:logGet(43)) - raft.grpc.flow.control.window = 1MB (=1048576) (default)
2019-10-10 06:35:57,282 [main] INFO  server.RaftServerConfigKeys (ConfUtils.java:logGet(43)) - raft.server.rpc.request.timeout = 3000ms (default)
2019-10-10 06:35:57,282 [main] INFO  server.RaftServerConfigKeys (ConfUtils.java:logGet(43)) - raft.server.storage.dir = [/workdir/hadoop-ozone/integration-test/target/test-dir/MiniOzoneClusterImpl-63933bd2-200b-4836-97fb-de809f2124aa/datanode-1/data/ratis] (custom)
2019-10-10 06:35:57,283 [main] INFO  hdfs.DFSUtil (DFSUtil.java:httpServerTemplateForNNAndJN(1641)) - Starting Web-server for hddsDatanode at: http://0.0.0.0:0
2019-10-10 06:35:57,285 [main] INFO  server.AuthenticationFilter (AuthenticationFilter.java:constructSecretProvider(240)) - Unable to initialize FileSignerSecretProvider, falling back to use random secrets.
2019-10-10 06:35:57,285 [main] WARN  http.HttpRequestLog (HttpRequestLog.java:getRequestLog(97)) - Jetty request log can only be enabled using Log4j
2019-10-10 06:35:57,286 [main] INFO  http.HttpServer2 (HttpServer2.java:addGlobalFilter(975)) - Added global filter 'safety' (class=org.apache.hadoop.http.HttpServer2$QuotingInputFilter)
2019-10-10 06:35:57,287 [main] INFO  http.HttpServer2 (HttpServer2.java:addFilter(948)) - Added filter static_user_filter (class=org.apache.hadoop.http.lib.StaticUserWebFilter$StaticUserFilter) to context hddsDatanode
2019-10-10 06:35:57,287 [main] INFO  http.HttpServer2 (HttpServer2.java:addFilter(958)) - Added filter static_user_filter (class=org.apache.hadoop.http.lib.StaticUserWebFilter$StaticUserFilter) to context static
2019-10-10 06:35:57,287 [main] INFO  http.HttpServer2 (HttpServer2.java:addFilter(958)) - Added filter static_user_filter (class=org.apache.hadoop.http.lib.StaticUserWebFilter$StaticUserFilter) to context logs
2019-10-10 06:35:57,288 [main] INFO  http.HttpServer2 (HttpServer2.java:bindListener(1191)) - Jetty bound to port 33271
2019-10-10 06:35:57,288 [main] INFO  server.Server (Server.java:doStart(351)) - jetty-9.3.25.v20180904, build timestamp: 2018-09-04T21:11:46Z, git hash: 3ce520221d0240229c862b122d2b06c12a625732
2019-10-10 06:35:57,289 [main] INFO  handler.ContextHandler (ContextHandler.java:doStart(781)) - Started o.e.j.s.ServletContextHandler@57186526{/logs,file:///workdir/hadoop-ozone/integration-test/target/log,AVAILABLE}
2019-10-10 06:35:57,290 [main] INFO  handler.ContextHandler (ContextHandler.java:doStart(781)) - Started o.e.j.s.ServletContextHandler@66f16742{/static,jar:file:/home/user/.m2/repository/org/apache/hadoop/hadoop-hdds-container-service/0.5.0-SNAPSHOT/hadoop-hdds-container-service-0.5.0-SNAPSHOT.jar!/webapps/static,AVAILABLE}
2019-10-10 06:35:57,318 [main] INFO  handler.ContextHandler (ContextHandler.java:doStart(781)) - Started o.e.j.w.WebAppContext@526f6427{/,file:///tmp/jetty-0.0.0.0-33271-hddsDatanode-_-any-2216496200601170340.dir/webapp/,AVAILABLE}{/hddsDatanode}
2019-10-10 06:35:57,319 [main] INFO  server.AbstractConnector (AbstractConnector.java:doStart(278)) - Started ServerConnector@4f1afe8f{HTTP/1.1,[http/1.1]}{0.0.0.0:33271}
2019-10-10 06:35:57,320 [main] INFO  server.Server (Server.java:doStart(419)) - Started @212111ms
2019-10-10 06:35:57,320 [main] WARN  impl.MetricsSystemImpl (MetricsSystemImpl.java:register(276)) - Sink prometheus already exists!
2019-10-10 06:35:57,320 [main] INFO  server.BaseHttpServer (BaseHttpServer.java:updateConnectorAddress(215)) - HTTP server of HDDSDATANODE is listening at http://0.0.0.0:33271
2019-10-10 06:35:57,321 [main] INFO  impl.MetricsSystemImpl (MetricsSystemImpl.java:init(158)) - HddsDatanode metrics system started (again)
2019-10-10 06:35:57,325 [org.apache.hadoop.util.JvmPauseMonitor$Monitor@4fc99d9b] INFO  util.JvmPauseMonitor (JvmPauseMonitor.java:run(188)) - Starting JVM pause monitor
2019-10-10 06:35:57,325 [main] INFO  ozone.HddsDatanodeService (HddsDatanodeService.java:start(184)) - HddsDatanodeService host:trunk-nightly-20191010-ks672-2217485364 ip:192.168.151.114
2019-10-10 06:35:57,326 [Datanode State Machine Thread - 0] INFO  datanode.InitDatanodeState (InitDatanodeState.java:persistContainerDatanodeDetails(140)) - DatanodeDetails is persisted to /workdir/hadoop-ozone/integration-test/target/test-dir/MiniOzoneClusterImpl-63933bd2-200b-4836-97fb-de809f2124aa/datanode-1/meta/datanode.id
2019-10-10 06:35:57,331 [main] INFO  volume.HddsVolume (HddsVolume.java:<init>(176)) - Creating Volume: /workdir/hadoop-ozone/integration-test/target/test-dir/MiniOzoneClusterImpl-63933bd2-200b-4836-97fb-de809f2124aa/datanode-2/data/containers/hdds of  storage type : DISK and capacity : 1482555576320
2019-10-10 06:35:57,331 [main] INFO  volume.VolumeSet (VolumeSet.java:initializeVolumeSet(170)) - Added Volume : /workdir/hadoop-ozone/integration-test/target/test-dir/MiniOzoneClusterImpl-63933bd2-200b-4836-97fb-de809f2124aa/datanode-2/data/containers/hdds to VolumeSet
2019-10-10 06:35:57,331 [main] INFO  volume.ThrottledAsyncChecker (ThrottledAsyncChecker.java:schedule(141)) - Scheduling a check for org.apache.hadoop.ozone.container.common.volume.HddsVolume@7c8874ef
2019-10-10 06:35:57,332 [main] INFO  volume.HddsVolumeChecker (HddsVolumeChecker.java:checkAllVolumes(204)) - Scheduled health check for volume org.apache.hadoop.ozone.container.common.volume.HddsVolume@7c8874ef
2019-10-10 06:35:57,347 [main] INFO  impl.RaftServerProxy (ConfUtils.java:logGet(43)) - raft.rpc.type = GRPC (default)
2019-10-10 06:35:57,347 [main] INFO  grpc.GrpcFactory (GrpcFactory.java:checkPooledByteBufAllocatorUseCacheForAllThreads(45)) - PERFORMANCE WARNING: useCacheForAllThreads is true that may cause Netty to create a lot garbage objects and, as a result, trigger GC.
	It is recommended to disable useCacheForAllThreads by setting -Dorg.apache.ratis.thirdparty.io.netty.allocator.useCacheForAllThreads=false in command line.
2019-10-10 06:35:57,347 [main] INFO  grpc.GrpcConfigKeys$Server (ConfUtils.java:logGet(43)) - raft.grpc.server.port = 0 (default)
2019-10-10 06:35:57,347 [main] INFO  server.GrpcService (ConfUtils.java:logGet(43)) - raft.grpc.message.size.max = 33570816 (custom)
2019-10-10 06:35:57,348 [main] INFO  server.RaftServerConfigKeys (ConfUtils.java:logGet(43)) - raft.server.log.appender.buffer.byte-limit = 33554432 (custom)
2019-10-10 06:35:57,348 [main] INFO  server.GrpcService (ConfUtils.java:logGet(43)) - raft.grpc.flow.control.window = 1MB (=1048576) (default)
2019-10-10 06:35:57,348 [main] INFO  server.RaftServerConfigKeys (ConfUtils.java:logGet(43)) - raft.server.rpc.request.timeout = 3000ms (default)
2019-10-10 06:35:57,348 [main] INFO  server.RaftServerConfigKeys (ConfUtils.java:logGet(43)) - raft.server.storage.dir = [/workdir/hadoop-ozone/integration-test/target/test-dir/MiniOzoneClusterImpl-63933bd2-200b-4836-97fb-de809f2124aa/datanode-2/data/ratis] (custom)
2019-10-10 06:35:57,350 [main] INFO  hdfs.DFSUtil (DFSUtil.java:httpServerTemplateForNNAndJN(1641)) - Starting Web-server for hddsDatanode at: http://0.0.0.0:0
2019-10-10 06:35:57,351 [main] INFO  server.AuthenticationFilter (AuthenticationFilter.java:constructSecretProvider(240)) - Unable to initialize FileSignerSecretProvider, falling back to use random secrets.
2019-10-10 06:35:57,351 [main] WARN  http.HttpRequestLog (HttpRequestLog.java:getRequestLog(97)) - Jetty request log can only be enabled using Log4j
2019-10-10 06:35:57,353 [main] INFO  http.HttpServer2 (HttpServer2.java:addGlobalFilter(975)) - Added global filter 'safety' (class=org.apache.hadoop.http.HttpServer2$QuotingInputFilter)
2019-10-10 06:35:57,354 [main] INFO  http.HttpServer2 (HttpServer2.java:addFilter(948)) - Added filter static_user_filter (class=org.apache.hadoop.http.lib.StaticUserWebFilter$StaticUserFilter) to context hddsDatanode
2019-10-10 06:35:57,354 [main] INFO  http.HttpServer2 (HttpServer2.java:addFilter(958)) - Added filter static_user_filter (class=org.apache.hadoop.http.lib.StaticUserWebFilter$StaticUserFilter) to context static
2019-10-10 06:35:57,354 [main] INFO  http.HttpServer2 (HttpServer2.java:addFilter(958)) - Added filter static_user_filter (class=org.apache.hadoop.http.lib.StaticUserWebFilter$StaticUserFilter) to context logs
2019-10-10 06:35:57,355 [main] INFO  http.HttpServer2 (HttpServer2.java:bindListener(1191)) - Jetty bound to port 33480
2019-10-10 06:35:57,355 [main] INFO  server.Server (Server.java:doStart(351)) - jetty-9.3.25.v20180904, build timestamp: 2018-09-04T21:11:46Z, git hash: 3ce520221d0240229c862b122d2b06c12a625732
2019-10-10 06:35:57,357 [main] INFO  handler.ContextHandler (ContextHandler.java:doStart(781)) - Started o.e.j.s.ServletContextHandler@515ab3f2{/logs,file:///workdir/hadoop-ozone/integration-test/target/log,AVAILABLE}
2019-10-10 06:35:57,357 [main] INFO  handler.ContextHandler (ContextHandler.java:doStart(781)) - Started o.e.j.s.ServletContextHandler@7e7740a5{/static,jar:file:/home/user/.m2/repository/org/apache/hadoop/hadoop-hdds-container-service/0.5.0-SNAPSHOT/hadoop-hdds-container-service-0.5.0-SNAPSHOT.jar!/webapps/static,AVAILABLE}
2019-10-10 06:35:57,391 [main] INFO  handler.ContextHandler (ContextHandler.java:doStart(781)) - Started o.e.j.w.WebAppContext@28be7fec{/,file:///tmp/jetty-0.0.0.0-33480-hddsDatanode-_-any-5468148744613965902.dir/webapp/,AVAILABLE}{/hddsDatanode}
2019-10-10 06:35:57,392 [main] INFO  server.AbstractConnector (AbstractConnector.java:doStart(278)) - Started ServerConnector@26f0141{HTTP/1.1,[http/1.1]}{0.0.0.0:33480}
2019-10-10 06:35:57,393 [main] INFO  server.Server (Server.java:doStart(419)) - Started @212184ms
2019-10-10 06:35:57,393 [main] WARN  impl.MetricsSystemImpl (MetricsSystemImpl.java:register(276)) - Sink prometheus already exists!
2019-10-10 06:35:57,394 [main] INFO  server.BaseHttpServer (BaseHttpServer.java:updateConnectorAddress(215)) - HTTP server of HDDSDATANODE is listening at http://0.0.0.0:33480
2019-10-10 06:35:57,394 [main] INFO  impl.MetricsSystemImpl (MetricsSystemImpl.java:init(158)) - HddsDatanode metrics system started (again)
2019-10-10 06:35:57,399 [org.apache.hadoop.util.JvmPauseMonitor$Monitor@5012c781] INFO  util.JvmPauseMonitor (JvmPauseMonitor.java:run(188)) - Starting JVM pause monitor
2019-10-10 06:35:57,400 [main] INFO  ozone.HddsDatanodeService (HddsDatanodeService.java:start(184)) - HddsDatanodeService host:trunk-nightly-20191010-ks672-2217485364 ip:192.168.151.114
2019-10-10 06:35:57,400 [Datanode State Machine Thread - 0] INFO  datanode.InitDatanodeState (InitDatanodeState.java:persistContainerDatanodeDetails(140)) - DatanodeDetails is persisted to /workdir/hadoop-ozone/integration-test/target/test-dir/MiniOzoneClusterImpl-63933bd2-200b-4836-97fb-de809f2124aa/datanode-2/meta/datanode.id
2019-10-10 06:35:57,406 [main] INFO  volume.HddsVolume (HddsVolume.java:<init>(176)) - Creating Volume: /workdir/hadoop-ozone/integration-test/target/test-dir/MiniOzoneClusterImpl-63933bd2-200b-4836-97fb-de809f2124aa/datanode-3/data/containers/hdds of  storage type : DISK and capacity : 1482555576320
2019-10-10 06:35:57,406 [main] INFO  volume.VolumeSet (VolumeSet.java:initializeVolumeSet(170)) - Added Volume : /workdir/hadoop-ozone/integration-test/target/test-dir/MiniOzoneClusterImpl-63933bd2-200b-4836-97fb-de809f2124aa/datanode-3/data/containers/hdds to VolumeSet
2019-10-10 06:35:57,406 [main] INFO  volume.ThrottledAsyncChecker (ThrottledAsyncChecker.java:schedule(141)) - Scheduling a check for org.apache.hadoop.ozone.container.common.volume.HddsVolume@7558633
2019-10-10 06:35:57,408 [main] INFO  volume.HddsVolumeChecker (HddsVolumeChecker.java:checkAllVolumes(204)) - Scheduled health check for volume org.apache.hadoop.ozone.container.common.volume.HddsVolume@7558633
2019-10-10 06:35:57,428 [main] INFO  impl.RaftServerProxy (ConfUtils.java:logGet(43)) - raft.rpc.type = GRPC (default)
2019-10-10 06:35:57,429 [main] INFO  grpc.GrpcFactory (GrpcFactory.java:checkPooledByteBufAllocatorUseCacheForAllThreads(45)) - PERFORMANCE WARNING: useCacheForAllThreads is true that may cause Netty to create a lot garbage objects and, as a result, trigger GC.
	It is recommended to disable useCacheForAllThreads by setting -Dorg.apache.ratis.thirdparty.io.netty.allocator.useCacheForAllThreads=false in command line.
2019-10-10 06:35:57,429 [main] INFO  grpc.GrpcConfigKeys$Server (ConfUtils.java:logGet(43)) - raft.grpc.server.port = 0 (default)
2019-10-10 06:35:57,429 [main] INFO  server.GrpcService (ConfUtils.java:logGet(43)) - raft.grpc.message.size.max = 33570816 (custom)
2019-10-10 06:35:57,430 [main] INFO  server.RaftServerConfigKeys (ConfUtils.java:logGet(43)) - raft.server.log.appender.buffer.byte-limit = 33554432 (custom)
2019-10-10 06:35:57,430 [main] INFO  server.GrpcService (ConfUtils.java:logGet(43)) - raft.grpc.flow.control.window = 1MB (=1048576) (default)
2019-10-10 06:35:57,430 [main] INFO  server.RaftServerConfigKeys (ConfUtils.java:logGet(43)) - raft.server.rpc.request.timeout = 3000ms (default)
2019-10-10 06:35:57,431 [main] INFO  server.RaftServerConfigKeys (ConfUtils.java:logGet(43)) - raft.server.storage.dir = [/workdir/hadoop-ozone/integration-test/target/test-dir/MiniOzoneClusterImpl-63933bd2-200b-4836-97fb-de809f2124aa/datanode-3/data/ratis] (custom)
2019-10-10 06:35:57,432 [main] INFO  hdfs.DFSUtil (DFSUtil.java:httpServerTemplateForNNAndJN(1641)) - Starting Web-server for hddsDatanode at: http://0.0.0.0:0
2019-10-10 06:35:57,434 [main] INFO  server.AuthenticationFilter (AuthenticationFilter.java:constructSecretProvider(240)) - Unable to initialize FileSignerSecretProvider, falling back to use random secrets.
2019-10-10 06:35:57,435 [main] WARN  http.HttpRequestLog (HttpRequestLog.java:getRequestLog(97)) - Jetty request log can only be enabled using Log4j
2019-10-10 06:35:57,436 [main] INFO  http.HttpServer2 (HttpServer2.java:addGlobalFilter(975)) - Added global filter 'safety' (class=org.apache.hadoop.http.HttpServer2$QuotingInputFilter)
2019-10-10 06:35:57,437 [main] INFO  http.HttpServer2 (HttpServer2.java:addFilter(948)) - Added filter static_user_filter (class=org.apache.hadoop.http.lib.StaticUserWebFilter$StaticUserFilter) to context hddsDatanode
2019-10-10 06:35:57,437 [main] INFO  http.HttpServer2 (HttpServer2.java:addFilter(958)) - Added filter static_user_filter (class=org.apache.hadoop.http.lib.StaticUserWebFilter$StaticUserFilter) to context logs
2019-10-10 06:35:57,437 [main] INFO  http.HttpServer2 (HttpServer2.java:addFilter(958)) - Added filter static_user_filter (class=org.apache.hadoop.http.lib.StaticUserWebFilter$StaticUserFilter) to context static
2019-10-10 06:35:57,438 [main] INFO  http.HttpServer2 (HttpServer2.java:bindListener(1191)) - Jetty bound to port 44104
2019-10-10 06:35:57,439 [main] INFO  server.Server (Server.java:doStart(351)) - jetty-9.3.25.v20180904, build timestamp: 2018-09-04T21:11:46Z, git hash: 3ce520221d0240229c862b122d2b06c12a625732
2019-10-10 06:35:57,441 [main] INFO  handler.ContextHandler (ContextHandler.java:doStart(781)) - Started o.e.j.s.ServletContextHandler@216372b7{/logs,file:///workdir/hadoop-ozone/integration-test/target/log,AVAILABLE}
2019-10-10 06:35:57,441 [main] INFO  handler.ContextHandler (ContextHandler.java:doStart(781)) - Started o.e.j.s.ServletContextHandler@12abcd1e{/static,jar:file:/home/user/.m2/repository/org/apache/hadoop/hadoop-hdds-container-service/0.5.0-SNAPSHOT/hadoop-hdds-container-service-0.5.0-SNAPSHOT.jar!/webapps/static,AVAILABLE}
2019-10-10 06:35:57,483 [main] INFO  handler.ContextHandler (ContextHandler.java:doStart(781)) - Started o.e.j.w.WebAppContext@4ffced4e{/,file:///tmp/jetty-0.0.0.0-44104-hddsDatanode-_-any-3109224127885876033.dir/webapp/,AVAILABLE}{/hddsDatanode}
2019-10-10 06:35:57,483 [main] INFO  server.AbstractConnector (AbstractConnector.java:doStart(278)) - Started ServerConnector@6094de13{HTTP/1.1,[http/1.1]}{0.0.0.0:44104}
2019-10-10 06:35:57,484 [main] INFO  server.Server (Server.java:doStart(419)) - Started @212275ms
2019-10-10 06:35:57,484 [main] WARN  impl.MetricsSystemImpl (MetricsSystemImpl.java:register(276)) - Sink prometheus already exists!
2019-10-10 06:35:57,485 [main] INFO  server.BaseHttpServer (BaseHttpServer.java:updateConnectorAddress(215)) - HTTP server of HDDSDATANODE is listening at http://0.0.0.0:44104
2019-10-10 06:35:57,485 [main] INFO  impl.MetricsSystemImpl (MetricsSystemImpl.java:init(158)) - HddsDatanode metrics system started (again)
2019-10-10 06:35:57,490 [org.apache.hadoop.util.JvmPauseMonitor$Monitor@53bfbecf] INFO  util.JvmPauseMonitor (JvmPauseMonitor.java:run(188)) - Starting JVM pause monitor
2019-10-10 06:35:57,490 [main] INFO  ozone.HddsDatanodeService (HddsDatanodeService.java:start(184)) - HddsDatanodeService host:trunk-nightly-20191010-ks672-2217485364 ip:192.168.151.114
2019-10-10 06:35:57,491 [Datanode State Machine Thread - 0] INFO  datanode.InitDatanodeState (InitDatanodeState.java:persistContainerDatanodeDetails(140)) - DatanodeDetails is persisted to /workdir/hadoop-ozone/integration-test/target/test-dir/MiniOzoneClusterImpl-63933bd2-200b-4836-97fb-de809f2124aa/datanode-3/meta/datanode.id
2019-10-10 06:35:57,496 [main] INFO  volume.HddsVolume (HddsVolume.java:<init>(176)) - Creating Volume: /workdir/hadoop-ozone/integration-test/target/test-dir/MiniOzoneClusterImpl-63933bd2-200b-4836-97fb-de809f2124aa/datanode-4/data/containers/hdds of  storage type : DISK and capacity : 1482555576320
2019-10-10 06:35:57,496 [main] INFO  volume.VolumeSet (VolumeSet.java:initializeVolumeSet(170)) - Added Volume : /workdir/hadoop-ozone/integration-test/target/test-dir/MiniOzoneClusterImpl-63933bd2-200b-4836-97fb-de809f2124aa/datanode-4/data/containers/hdds to VolumeSet
2019-10-10 06:35:57,496 [main] INFO  volume.ThrottledAsyncChecker (ThrottledAsyncChecker.java:schedule(141)) - Scheduling a check for org.apache.hadoop.ozone.container.common.volume.HddsVolume@45554613
2019-10-10 06:35:57,497 [main] INFO  volume.HddsVolumeChecker (HddsVolumeChecker.java:checkAllVolumes(204)) - Scheduled health check for volume org.apache.hadoop.ozone.container.common.volume.HddsVolume@45554613
2019-10-10 06:35:57,509 [main] INFO  impl.RaftServerProxy (ConfUtils.java:logGet(43)) - raft.rpc.type = GRPC (default)
2019-10-10 06:35:57,510 [main] INFO  grpc.GrpcFactory (GrpcFactory.java:checkPooledByteBufAllocatorUseCacheForAllThreads(45)) - PERFORMANCE WARNING: useCacheForAllThreads is true that may cause Netty to create a lot garbage objects and, as a result, trigger GC.
	It is recommended to disable useCacheForAllThreads by setting -Dorg.apache.ratis.thirdparty.io.netty.allocator.useCacheForAllThreads=false in command line.
2019-10-10 06:35:57,510 [main] INFO  grpc.GrpcConfigKeys$Server (ConfUtils.java:logGet(43)) - raft.grpc.server.port = 0 (default)
2019-10-10 06:35:57,510 [main] INFO  server.GrpcService (ConfUtils.java:logGet(43)) - raft.grpc.message.size.max = 33570816 (custom)
2019-10-10 06:35:57,510 [main] INFO  server.RaftServerConfigKeys (ConfUtils.java:logGet(43)) - raft.server.log.appender.buffer.byte-limit = 33554432 (custom)
2019-10-10 06:35:57,510 [main] INFO  server.GrpcService (ConfUtils.java:logGet(43)) - raft.grpc.flow.control.window = 1MB (=1048576) (default)
2019-10-10 06:35:57,510 [main] INFO  server.RaftServerConfigKeys (ConfUtils.java:logGet(43)) - raft.server.rpc.request.timeout = 3000ms (default)
2019-10-10 06:35:57,511 [main] INFO  server.RaftServerConfigKeys (ConfUtils.java:logGet(43)) - raft.server.storage.dir = [/workdir/hadoop-ozone/integration-test/target/test-dir/MiniOzoneClusterImpl-63933bd2-200b-4836-97fb-de809f2124aa/datanode-4/data/ratis] (custom)
2019-10-10 06:35:57,512 [main] INFO  hdfs.DFSUtil (DFSUtil.java:httpServerTemplateForNNAndJN(1641)) - Starting Web-server for hddsDatanode at: http://0.0.0.0:0
2019-10-10 06:35:57,513 [main] INFO  server.AuthenticationFilter (AuthenticationFilter.java:constructSecretProvider(240)) - Unable to initialize FileSignerSecretProvider, falling back to use random secrets.
2019-10-10 06:35:57,513 [main] WARN  http.HttpRequestLog (HttpRequestLog.java:getRequestLog(97)) - Jetty request log can only be enabled using Log4j
2019-10-10 06:35:57,515 [main] INFO  http.HttpServer2 (HttpServer2.java:addGlobalFilter(975)) - Added global filter 'safety' (class=org.apache.hadoop.http.HttpServer2$QuotingInputFilter)
2019-10-10 06:35:57,515 [main] INFO  http.HttpServer2 (HttpServer2.java:addFilter(948)) - Added filter static_user_filter (class=org.apache.hadoop.http.lib.StaticUserWebFilter$StaticUserFilter) to context hddsDatanode
2019-10-10 06:35:57,515 [main] INFO  http.HttpServer2 (HttpServer2.java:addFilter(958)) - Added filter static_user_filter (class=org.apache.hadoop.http.lib.StaticUserWebFilter$StaticUserFilter) to context static
2019-10-10 06:35:57,515 [main] INFO  http.HttpServer2 (HttpServer2.java:addFilter(958)) - Added filter static_user_filter (class=org.apache.hadoop.http.lib.StaticUserWebFilter$StaticUserFilter) to context logs
2019-10-10 06:35:57,516 [main] INFO  http.HttpServer2 (HttpServer2.java:bindListener(1191)) - Jetty bound to port 36120
2019-10-10 06:35:57,516 [main] INFO  server.Server (Server.java:doStart(351)) - jetty-9.3.25.v20180904, build timestamp: 2018-09-04T21:11:46Z, git hash: 3ce520221d0240229c862b122d2b06c12a625732
2019-10-10 06:35:57,518 [main] INFO  handler.ContextHandler (ContextHandler.java:doStart(781)) - Started o.e.j.s.ServletContextHandler@62a6674f{/logs,file:///workdir/hadoop-ozone/integration-test/target/log,AVAILABLE}
2019-10-10 06:35:57,518 [main] INFO  handler.ContextHandler (ContextHandler.java:doStart(781)) - Started o.e.j.s.ServletContextHandler@703fa45{/static,jar:file:/home/user/.m2/repository/org/apache/hadoop/hadoop-hdds-container-service/0.5.0-SNAPSHOT/hadoop-hdds-container-service-0.5.0-SNAPSHOT.jar!/webapps/static,AVAILABLE}
2019-10-10 06:35:57,546 [main] INFO  handler.ContextHandler (ContextHandler.java:doStart(781)) - Started o.e.j.w.WebAppContext@723e2d08{/,file:///tmp/jetty-0.0.0.0-36120-hddsDatanode-_-any-3267772219434292401.dir/webapp/,AVAILABLE}{/hddsDatanode}
2019-10-10 06:35:57,547 [main] INFO  server.AbstractConnector (AbstractConnector.java:doStart(278)) - Started ServerConnector@6d4a82{HTTP/1.1,[http/1.1]}{0.0.0.0:36120}
2019-10-10 06:35:57,548 [main] INFO  server.Server (Server.java:doStart(419)) - Started @212339ms
2019-10-10 06:35:57,548 [main] WARN  impl.MetricsSystemImpl (MetricsSystemImpl.java:register(276)) - Sink prometheus already exists!
2019-10-10 06:35:57,549 [main] INFO  server.BaseHttpServer (BaseHttpServer.java:updateConnectorAddress(215)) - HTTP server of HDDSDATANODE is listening at http://0.0.0.0:36120
2019-10-10 06:35:57,549 [main] INFO  impl.MetricsSystemImpl (MetricsSystemImpl.java:init(158)) - HddsDatanode metrics system started (again)
2019-10-10 06:35:57,555 [org.apache.hadoop.util.JvmPauseMonitor$Monitor@164b7560] INFO  util.JvmPauseMonitor (JvmPauseMonitor.java:run(188)) - Starting JVM pause monitor
2019-10-10 06:35:57,555 [main] INFO  ozone.HddsDatanodeService (HddsDatanodeService.java:start(184)) - HddsDatanodeService host:trunk-nightly-20191010-ks672-2217485364 ip:192.168.151.114
2019-10-10 06:35:57,556 [Datanode State Machine Thread - 0] INFO  datanode.InitDatanodeState (InitDatanodeState.java:persistContainerDatanodeDetails(140)) - DatanodeDetails is persisted to /workdir/hadoop-ozone/integration-test/target/test-dir/MiniOzoneClusterImpl-63933bd2-200b-4836-97fb-de809f2124aa/datanode-4/meta/datanode.id
2019-10-10 06:35:57,561 [main] INFO  volume.HddsVolume (HddsVolume.java:<init>(176)) - Creating Volume: /workdir/hadoop-ozone/integration-test/target/test-dir/MiniOzoneClusterImpl-63933bd2-200b-4836-97fb-de809f2124aa/datanode-5/data/containers/hdds of  storage type : DISK and capacity : 1482555576320
2019-10-10 06:35:57,561 [main] INFO  volume.VolumeSet (VolumeSet.java:initializeVolumeSet(170)) - Added Volume : /workdir/hadoop-ozone/integration-test/target/test-dir/MiniOzoneClusterImpl-63933bd2-200b-4836-97fb-de809f2124aa/datanode-5/data/containers/hdds to VolumeSet
2019-10-10 06:35:57,561 [main] INFO  volume.ThrottledAsyncChecker (ThrottledAsyncChecker.java:schedule(141)) - Scheduling a check for org.apache.hadoop.ozone.container.common.volume.HddsVolume@787988f4
2019-10-10 06:35:57,562 [main] INFO  volume.HddsVolumeChecker (HddsVolumeChecker.java:checkAllVolumes(204)) - Scheduled health check for volume org.apache.hadoop.ozone.container.common.volume.HddsVolume@787988f4
2019-10-10 06:35:57,576 [main] INFO  impl.RaftServerProxy (ConfUtils.java:logGet(43)) - raft.rpc.type = GRPC (default)
2019-10-10 06:35:57,576 [main] INFO  grpc.GrpcFactory (GrpcFactory.java:checkPooledByteBufAllocatorUseCacheForAllThreads(45)) - PERFORMANCE WARNING: useCacheForAllThreads is true that may cause Netty to create a lot garbage objects and, as a result, trigger GC.
	It is recommended to disable useCacheForAllThreads by setting -Dorg.apache.ratis.thirdparty.io.netty.allocator.useCacheForAllThreads=false in command line.
2019-10-10 06:35:57,576 [main] INFO  grpc.GrpcConfigKeys$Server (ConfUtils.java:logGet(43)) - raft.grpc.server.port = 0 (default)
2019-10-10 06:35:57,577 [main] INFO  server.GrpcService (ConfUtils.java:logGet(43)) - raft.grpc.message.size.max = 33570816 (custom)
2019-10-10 06:35:57,577 [main] INFO  server.RaftServerConfigKeys (ConfUtils.java:logGet(43)) - raft.server.log.appender.buffer.byte-limit = 33554432 (custom)
2019-10-10 06:35:57,577 [main] INFO  server.GrpcService (ConfUtils.java:logGet(43)) - raft.grpc.flow.control.window = 1MB (=1048576) (default)
2019-10-10 06:35:57,577 [main] INFO  server.RaftServerConfigKeys (ConfUtils.java:logGet(43)) - raft.server.rpc.request.timeout = 3000ms (default)
2019-10-10 06:35:57,577 [main] INFO  server.RaftServerConfigKeys (ConfUtils.java:logGet(43)) - raft.server.storage.dir = [/workdir/hadoop-ozone/integration-test/target/test-dir/MiniOzoneClusterImpl-63933bd2-200b-4836-97fb-de809f2124aa/datanode-5/data/ratis] (custom)
2019-10-10 06:35:57,579 [main] INFO  hdfs.DFSUtil (DFSUtil.java:httpServerTemplateForNNAndJN(1641)) - Starting Web-server for hddsDatanode at: http://0.0.0.0:0
2019-10-10 06:35:57,580 [main] INFO  server.AuthenticationFilter (AuthenticationFilter.java:constructSecretProvider(240)) - Unable to initialize FileSignerSecretProvider, falling back to use random secrets.
2019-10-10 06:35:57,580 [main] WARN  http.HttpRequestLog (HttpRequestLog.java:getRequestLog(97)) - Jetty request log can only be enabled using Log4j
2019-10-10 06:35:57,581 [main] INFO  http.HttpServer2 (HttpServer2.java:addGlobalFilter(975)) - Added global filter 'safety' (class=org.apache.hadoop.http.HttpServer2$QuotingInputFilter)
2019-10-10 06:35:57,582 [main] INFO  http.HttpServer2 (HttpServer2.java:addFilter(948)) - Added filter static_user_filter (class=org.apache.hadoop.http.lib.StaticUserWebFilter$StaticUserFilter) to context hddsDatanode
2019-10-10 06:35:57,582 [main] INFO  http.HttpServer2 (HttpServer2.java:addFilter(958)) - Added filter static_user_filter (class=org.apache.hadoop.http.lib.StaticUserWebFilter$StaticUserFilter) to context logs
2019-10-10 06:35:57,582 [main] INFO  http.HttpServer2 (HttpServer2.java:addFilter(958)) - Added filter static_user_filter (class=org.apache.hadoop.http.lib.StaticUserWebFilter$StaticUserFilter) to context static
2019-10-10 06:35:57,583 [main] INFO  http.HttpServer2 (HttpServer2.java:bindListener(1191)) - Jetty bound to port 36704
2019-10-10 06:35:57,583 [main] INFO  server.Server (Server.java:doStart(351)) - jetty-9.3.25.v20180904, build timestamp: 2018-09-04T21:11:46Z, git hash: 3ce520221d0240229c862b122d2b06c12a625732
2019-10-10 06:35:57,584 [main] INFO  handler.ContextHandler (ContextHandler.java:doStart(781)) - Started o.e.j.s.ServletContextHandler@6889f56f{/logs,file:///workdir/hadoop-ozone/integration-test/target/log,AVAILABLE}
2019-10-10 06:35:57,585 [main] INFO  handler.ContextHandler (ContextHandler.java:doStart(781)) - Started o.e.j.s.ServletContextHandler@26da1ba2{/static,jar:file:/home/user/.m2/repository/org/apache/hadoop/hadoop-hdds-container-service/0.5.0-SNAPSHOT/hadoop-hdds-container-service-0.5.0-SNAPSHOT.jar!/webapps/static,AVAILABLE}
2019-10-10 06:35:57,613 [main] INFO  handler.ContextHandler (ContextHandler.java:doStart(781)) - Started o.e.j.w.WebAppContext@67f946c3{/,file:///tmp/jetty-0.0.0.0-36704-hddsDatanode-_-any-8140830870178722420.dir/webapp/,AVAILABLE}{/hddsDatanode}
2019-10-10 06:35:57,613 [main] INFO  server.AbstractConnector (AbstractConnector.java:doStart(278)) - Started ServerConnector@21b51e59{HTTP/1.1,[http/1.1]}{0.0.0.0:36704}
2019-10-10 06:35:57,614 [main] INFO  server.Server (Server.java:doStart(419)) - Started @212405ms
2019-10-10 06:35:57,615 [main] WARN  impl.MetricsSystemImpl (MetricsSystemImpl.java:register(276)) - Sink prometheus already exists!
2019-10-10 06:35:57,615 [main] INFO  server.BaseHttpServer (BaseHttpServer.java:updateConnectorAddress(215)) - HTTP server of HDDSDATANODE is listening at http://0.0.0.0:36704
2019-10-10 06:35:57,616 [main] INFO  impl.MetricsSystemImpl (MetricsSystemImpl.java:init(158)) - HddsDatanode metrics system started (again)
2019-10-10 06:35:57,621 [org.apache.hadoop.util.JvmPauseMonitor$Monitor@a307884] INFO  util.JvmPauseMonitor (JvmPauseMonitor.java:run(188)) - Starting JVM pause monitor
2019-10-10 06:35:57,621 [main] INFO  ozone.HddsDatanodeService (HddsDatanodeService.java:start(184)) - HddsDatanodeService host:trunk-nightly-20191010-ks672-2217485364 ip:192.168.151.114
2019-10-10 06:35:57,622 [Datanode State Machine Thread - 0] INFO  datanode.InitDatanodeState (InitDatanodeState.java:persistContainerDatanodeDetails(140)) - DatanodeDetails is persisted to /workdir/hadoop-ozone/integration-test/target/test-dir/MiniOzoneClusterImpl-63933bd2-200b-4836-97fb-de809f2124aa/datanode-5/meta/datanode.id
2019-10-10 06:35:57,627 [main] INFO  volume.HddsVolume (HddsVolume.java:<init>(176)) - Creating Volume: /workdir/hadoop-ozone/integration-test/target/test-dir/MiniOzoneClusterImpl-63933bd2-200b-4836-97fb-de809f2124aa/datanode-6/data/containers/hdds of  storage type : DISK and capacity : 1482555576320
2019-10-10 06:35:57,628 [main] INFO  volume.VolumeSet (VolumeSet.java:initializeVolumeSet(170)) - Added Volume : /workdir/hadoop-ozone/integration-test/target/test-dir/MiniOzoneClusterImpl-63933bd2-200b-4836-97fb-de809f2124aa/datanode-6/data/containers/hdds to VolumeSet
2019-10-10 06:35:57,628 [main] INFO  volume.ThrottledAsyncChecker (ThrottledAsyncChecker.java:schedule(141)) - Scheduling a check for org.apache.hadoop.ozone.container.common.volume.HddsVolume@7994a0d1
2019-10-10 06:35:57,628 [main] INFO  volume.HddsVolumeChecker (HddsVolumeChecker.java:checkAllVolumes(204)) - Scheduled health check for volume org.apache.hadoop.ozone.container.common.volume.HddsVolume@7994a0d1
2019-10-10 06:35:57,642 [main] INFO  impl.RaftServerProxy (ConfUtils.java:logGet(43)) - raft.rpc.type = GRPC (default)
2019-10-10 06:35:57,643 [main] INFO  grpc.GrpcFactory (GrpcFactory.java:checkPooledByteBufAllocatorUseCacheForAllThreads(45)) - PERFORMANCE WARNING: useCacheForAllThreads is true that may cause Netty to create a lot garbage objects and, as a result, trigger GC.
	It is recommended to disable useCacheForAllThreads by setting -Dorg.apache.ratis.thirdparty.io.netty.allocator.useCacheForAllThreads=false in command line.
2019-10-10 06:35:57,643 [main] INFO  grpc.GrpcConfigKeys$Server (ConfUtils.java:logGet(43)) - raft.grpc.server.port = 0 (default)
2019-10-10 06:35:57,643 [main] INFO  server.GrpcService (ConfUtils.java:logGet(43)) - raft.grpc.message.size.max = 33570816 (custom)
2019-10-10 06:35:57,643 [main] INFO  server.RaftServerConfigKeys (ConfUtils.java:logGet(43)) - raft.server.log.appender.buffer.byte-limit = 33554432 (custom)
2019-10-10 06:35:57,643 [main] INFO  server.GrpcService (ConfUtils.java:logGet(43)) - raft.grpc.flow.control.window = 1MB (=1048576) (default)
2019-10-10 06:35:57,643 [main] INFO  server.RaftServerConfigKeys (ConfUtils.java:logGet(43)) - raft.server.rpc.request.timeout = 3000ms (default)
2019-10-10 06:35:57,644 [main] INFO  server.RaftServerConfigKeys (ConfUtils.java:logGet(43)) - raft.server.storage.dir = [/workdir/hadoop-ozone/integration-test/target/test-dir/MiniOzoneClusterImpl-63933bd2-200b-4836-97fb-de809f2124aa/datanode-6/data/ratis] (custom)
2019-10-10 06:35:57,645 [main] INFO  hdfs.DFSUtil (DFSUtil.java:httpServerTemplateForNNAndJN(1641)) - Starting Web-server for hddsDatanode at: http://0.0.0.0:0
2019-10-10 06:35:57,646 [main] INFO  server.AuthenticationFilter (AuthenticationFilter.java:constructSecretProvider(240)) - Unable to initialize FileSignerSecretProvider, falling back to use random secrets.
2019-10-10 06:35:57,647 [main] WARN  http.HttpRequestLog (HttpRequestLog.java:getRequestLog(97)) - Jetty request log can only be enabled using Log4j
2019-10-10 06:35:57,648 [main] INFO  http.HttpServer2 (HttpServer2.java:addGlobalFilter(975)) - Added global filter 'safety' (class=org.apache.hadoop.http.HttpServer2$QuotingInputFilter)
2019-10-10 06:35:57,649 [main] INFO  http.HttpServer2 (HttpServer2.java:addFilter(948)) - Added filter static_user_filter (class=org.apache.hadoop.http.lib.StaticUserWebFilter$StaticUserFilter) to context hddsDatanode
2019-10-10 06:35:57,649 [main] INFO  http.HttpServer2 (HttpServer2.java:addFilter(958)) - Added filter static_user_filter (class=org.apache.hadoop.http.lib.StaticUserWebFilter$StaticUserFilter) to context logs
2019-10-10 06:35:57,649 [main] INFO  http.HttpServer2 (HttpServer2.java:addFilter(958)) - Added filter static_user_filter (class=org.apache.hadoop.http.lib.StaticUserWebFilter$StaticUserFilter) to context static
2019-10-10 06:35:57,650 [main] INFO  http.HttpServer2 (HttpServer2.java:bindListener(1191)) - Jetty bound to port 45261
2019-10-10 06:35:57,650 [main] INFO  server.Server (Server.java:doStart(351)) - jetty-9.3.25.v20180904, build timestamp: 2018-09-04T21:11:46Z, git hash: 3ce520221d0240229c862b122d2b06c12a625732
2019-10-10 06:35:57,651 [main] INFO  handler.ContextHandler (ContextHandler.java:doStart(781)) - Started o.e.j.s.ServletContextHandler@21e5f0b6{/logs,file:///workdir/hadoop-ozone/integration-test/target/log,AVAILABLE}
2019-10-10 06:35:57,651 [main] INFO  handler.ContextHandler (ContextHandler.java:doStart(781)) - Started o.e.j.s.ServletContextHandler@4981d95b{/static,jar:file:/home/user/.m2/repository/org/apache/hadoop/hadoop-hdds-container-service/0.5.0-SNAPSHOT/hadoop-hdds-container-service-0.5.0-SNAPSHOT.jar!/webapps/static,AVAILABLE}
2019-10-10 06:35:57,679 [main] INFO  handler.ContextHandler (ContextHandler.java:doStart(781)) - Started o.e.j.w.WebAppContext@2997ddfc{/,file:///tmp/jetty-0.0.0.0-45261-hddsDatanode-_-any-8922794432681698867.dir/webapp/,AVAILABLE}{/hddsDatanode}
2019-10-10 06:35:57,680 [main] INFO  server.AbstractConnector (AbstractConnector.java:doStart(278)) - Started ServerConnector@28ee882c{HTTP/1.1,[http/1.1]}{0.0.0.0:45261}
2019-10-10 06:35:57,681 [main] INFO  server.Server (Server.java:doStart(419)) - Started @212472ms
2019-10-10 06:35:57,681 [main] WARN  impl.MetricsSystemImpl (MetricsSystemImpl.java:register(276)) - Sink prometheus already exists!
2019-10-10 06:35:57,682 [main] INFO  server.BaseHttpServer (BaseHttpServer.java:updateConnectorAddress(215)) - HTTP server of HDDSDATANODE is listening at http://0.0.0.0:45261
2019-10-10 06:35:57,682 [main] INFO  ozone.MiniOzoneClusterImpl (MiniOzoneClusterImpl.java:lambda$waitForClusterToBeReady$0(147)) - Waiting for cluster to be ready. Got 0 of 7 DN Heartbeats.
2019-10-10 06:35:57,683 [org.apache.hadoop.util.JvmPauseMonitor$Monitor@25303c22] INFO  util.JvmPauseMonitor (JvmPauseMonitor.java:run(188)) - Starting JVM pause monitor
2019-10-10 06:35:57,684 [Datanode State Machine Thread - 0] INFO  datanode.InitDatanodeState (InitDatanodeState.java:persistContainerDatanodeDetails(140)) - DatanodeDetails is persisted to /workdir/hadoop-ozone/integration-test/target/test-dir/MiniOzoneClusterImpl-63933bd2-200b-4836-97fb-de809f2124aa/datanode-6/meta/datanode.id
2019-10-10 06:35:58,682 [main] INFO  ozone.MiniOzoneClusterImpl (MiniOzoneClusterImpl.java:lambda$waitForClusterToBeReady$0(147)) - Waiting for cluster to be ready. Got 0 of 7 DN Heartbeats.
2019-10-10 06:35:59,301 [Datanode State Machine Thread - 0] INFO  ozoneimpl.OzoneContainer (OzoneContainer.java:start(213)) - Attempting to start container services.
2019-10-10 06:35:59,301 [Datanode State Machine Thread - 0] INFO  ozoneimpl.OzoneContainer (OzoneContainer.java:startContainerScrub(177)) - Background container scanner has been disabled.
2019-10-10 06:35:59,301 [Datanode State Machine Thread - 0] INFO  ratis.XceiverServerRatis (XceiverServerRatis.java:start(418)) - Starting XceiverServerRatis 9ef369c6-e172-4b0f-bbfb-bcf146477daa at port 0
2019-10-10 06:35:59,307 [Datanode State Machine Thread - 0] INFO  impl.RaftServerProxy (RaftServerProxy.java:lambda$start$3(299)) - 9ef369c6-e172-4b0f-bbfb-bcf146477daa: start RPC server
2019-10-10 06:35:59,310 [Datanode State Machine Thread - 0] INFO  server.GrpcService (GrpcService.java:startImpl(158)) - 9ef369c6-e172-4b0f-bbfb-bcf146477daa: GrpcService started, listening on 0.0.0.0/0.0.0.0:43936
2019-10-10 06:35:59,310 [Datanode State Machine Thread - 0] INFO  ratis.XceiverServerRatis (XceiverServerRatis.java:start(428)) - XceiverServerRatis 9ef369c6-e172-4b0f-bbfb-bcf146477daa is started using port 43936
2019-10-10 06:35:59,312 [Datanode State Machine Thread - 0] INFO  server.XceiverServerGrpc (XceiverServerGrpc.java:start(149)) - XceiverServerGrpc 9ef369c6-e172-4b0f-bbfb-bcf146477daa is started using port 33960
2019-10-10 06:35:59,342 [Datanode State Machine Thread - 0] INFO  ozoneimpl.OzoneContainer (OzoneContainer.java:start(213)) - Attempting to start container services.
2019-10-10 06:35:59,342 [Datanode State Machine Thread - 0] INFO  ozoneimpl.OzoneContainer (OzoneContainer.java:startContainerScrub(177)) - Background container scanner has been disabled.
2019-10-10 06:35:59,342 [Datanode State Machine Thread - 0] INFO  ratis.XceiverServerRatis (XceiverServerRatis.java:start(418)) - Starting XceiverServerRatis be457821-dbd5-4f3c-8c18-14575015e379 at port 0
2019-10-10 06:35:59,347 [Datanode State Machine Thread - 0] INFO  impl.RaftServerProxy (RaftServerProxy.java:lambda$start$3(299)) - be457821-dbd5-4f3c-8c18-14575015e379: start RPC server
2019-10-10 06:35:59,348 [Datanode State Machine Thread - 0] INFO  server.GrpcService (GrpcService.java:startImpl(158)) - be457821-dbd5-4f3c-8c18-14575015e379: GrpcService started, listening on 0.0.0.0/0.0.0.0:34216
2019-10-10 06:35:59,348 [Datanode State Machine Thread - 0] INFO  ratis.XceiverServerRatis (XceiverServerRatis.java:start(428)) - XceiverServerRatis be457821-dbd5-4f3c-8c18-14575015e379 is started using port 34216
2019-10-10 06:35:59,348 [Datanode State Machine Thread - 0] INFO  server.XceiverServerGrpc (XceiverServerGrpc.java:start(149)) - XceiverServerGrpc be457821-dbd5-4f3c-8c18-14575015e379 is started using port 44330
2019-10-10 06:35:59,413 [Datanode State Machine Thread - 0] INFO  ozoneimpl.OzoneContainer (OzoneContainer.java:start(213)) - Attempting to start container services.
2019-10-10 06:35:59,413 [Datanode State Machine Thread - 0] INFO  ozoneimpl.OzoneContainer (OzoneContainer.java:startContainerScrub(177)) - Background container scanner has been disabled.
2019-10-10 06:35:59,413 [Datanode State Machine Thread - 0] INFO  ratis.XceiverServerRatis (XceiverServerRatis.java:start(418)) - Starting XceiverServerRatis deb4f90e-5ffc-4d95-a535-9397ce96eec7 at port 0
2019-10-10 06:35:59,418 [Datanode State Machine Thread - 0] INFO  impl.RaftServerProxy (RaftServerProxy.java:lambda$start$3(299)) - deb4f90e-5ffc-4d95-a535-9397ce96eec7: start RPC server
2019-10-10 06:35:59,421 [Datanode State Machine Thread - 0] INFO  server.GrpcService (GrpcService.java:startImpl(158)) - deb4f90e-5ffc-4d95-a535-9397ce96eec7: GrpcService started, listening on 0.0.0.0/0.0.0.0:46086
2019-10-10 06:35:59,421 [Datanode State Machine Thread - 0] INFO  ratis.XceiverServerRatis (XceiverServerRatis.java:start(428)) - XceiverServerRatis deb4f90e-5ffc-4d95-a535-9397ce96eec7 is started using port 46086
2019-10-10 06:35:59,421 [Datanode State Machine Thread - 0] INFO  server.XceiverServerGrpc (XceiverServerGrpc.java:start(149)) - XceiverServerGrpc deb4f90e-5ffc-4d95-a535-9397ce96eec7 is started using port 41750
2019-10-10 06:35:59,504 [Datanode State Machine Thread - 0] INFO  ozoneimpl.OzoneContainer (OzoneContainer.java:start(213)) - Attempting to start container services.
2019-10-10 06:35:59,504 [Datanode State Machine Thread - 0] INFO  ozoneimpl.OzoneContainer (OzoneContainer.java:startContainerScrub(177)) - Background container scanner has been disabled.
2019-10-10 06:35:59,504 [Datanode State Machine Thread - 0] INFO  ratis.XceiverServerRatis (XceiverServerRatis.java:start(418)) - Starting XceiverServerRatis 9c184505-603a-4e48-9970-fca55316ce76 at port 0
2019-10-10 06:35:59,511 [Datanode State Machine Thread - 0] INFO  impl.RaftServerProxy (RaftServerProxy.java:lambda$start$3(299)) - 9c184505-603a-4e48-9970-fca55316ce76: start RPC server
2019-10-10 06:35:59,513 [Datanode State Machine Thread - 0] INFO  server.GrpcService (GrpcService.java:startImpl(158)) - 9c184505-603a-4e48-9970-fca55316ce76: GrpcService started, listening on 0.0.0.0/0.0.0.0:36624
2019-10-10 06:35:59,513 [Datanode State Machine Thread - 0] INFO  ratis.XceiverServerRatis (XceiverServerRatis.java:start(428)) - XceiverServerRatis 9c184505-603a-4e48-9970-fca55316ce76 is started using port 36624
2019-10-10 06:35:59,513 [Datanode State Machine Thread - 0] INFO  server.XceiverServerGrpc (XceiverServerGrpc.java:start(149)) - XceiverServerGrpc 9c184505-603a-4e48-9970-fca55316ce76 is started using port 37056
2019-10-10 06:35:59,568 [Datanode State Machine Thread - 0] INFO  ozoneimpl.OzoneContainer (OzoneContainer.java:start(213)) - Attempting to start container services.
2019-10-10 06:35:59,568 [Datanode State Machine Thread - 0] INFO  ozoneimpl.OzoneContainer (OzoneContainer.java:startContainerScrub(177)) - Background container scanner has been disabled.
2019-10-10 06:35:59,568 [Datanode State Machine Thread - 0] INFO  ratis.XceiverServerRatis (XceiverServerRatis.java:start(418)) - Starting XceiverServerRatis b50d008d-c133-461f-be14-0ec9f77962b8 at port 0
2019-10-10 06:35:59,575 [Datanode State Machine Thread - 0] INFO  impl.RaftServerProxy (RaftServerProxy.java:lambda$start$3(299)) - b50d008d-c133-461f-be14-0ec9f77962b8: start RPC server
2019-10-10 06:35:59,577 [Datanode State Machine Thread - 0] INFO  server.GrpcService (GrpcService.java:startImpl(158)) - b50d008d-c133-461f-be14-0ec9f77962b8: GrpcService started, listening on 0.0.0.0/0.0.0.0:41807
2019-10-10 06:35:59,577 [Datanode State Machine Thread - 0] INFO  ratis.XceiverServerRatis (XceiverServerRatis.java:start(428)) - XceiverServerRatis b50d008d-c133-461f-be14-0ec9f77962b8 is started using port 41807
2019-10-10 06:35:59,579 [Datanode State Machine Thread - 0] INFO  server.XceiverServerGrpc (XceiverServerGrpc.java:start(149)) - XceiverServerGrpc b50d008d-c133-461f-be14-0ec9f77962b8 is started using port 35366
2019-10-10 06:35:59,634 [Datanode State Machine Thread - 0] INFO  ozoneimpl.OzoneContainer (OzoneContainer.java:start(213)) - Attempting to start container services.
2019-10-10 06:35:59,634 [Datanode State Machine Thread - 0] INFO  ozoneimpl.OzoneContainer (OzoneContainer.java:startContainerScrub(177)) - Background container scanner has been disabled.
2019-10-10 06:35:59,634 [Datanode State Machine Thread - 0] INFO  ratis.XceiverServerRatis (XceiverServerRatis.java:start(418)) - Starting XceiverServerRatis 4e14e28b-4edf-4657-aa1e-a5c17b399f56 at port 0
2019-10-10 06:35:59,639 [Datanode State Machine Thread - 0] INFO  impl.RaftServerProxy (RaftServerProxy.java:lambda$start$3(299)) - 4e14e28b-4edf-4657-aa1e-a5c17b399f56: start RPC server
2019-10-10 06:35:59,642 [Datanode State Machine Thread - 0] INFO  server.GrpcService (GrpcService.java:startImpl(158)) - 4e14e28b-4edf-4657-aa1e-a5c17b399f56: GrpcService started, listening on 0.0.0.0/0.0.0.0:44540
2019-10-10 06:35:59,642 [Datanode State Machine Thread - 0] INFO  ratis.XceiverServerRatis (XceiverServerRatis.java:start(428)) - XceiverServerRatis 4e14e28b-4edf-4657-aa1e-a5c17b399f56 is started using port 44540
2019-10-10 06:35:59,643 [Datanode State Machine Thread - 0] INFO  server.XceiverServerGrpc (XceiverServerGrpc.java:start(149)) - XceiverServerGrpc 4e14e28b-4edf-4657-aa1e-a5c17b399f56 is started using port 37254
2019-10-10 06:35:59,683 [main] INFO  ozone.MiniOzoneClusterImpl (MiniOzoneClusterImpl.java:lambda$waitForClusterToBeReady$0(147)) - Waiting for cluster to be ready. Got 0 of 7 DN Heartbeats.
2019-10-10 06:35:59,696 [Datanode State Machine Thread - 0] INFO  ozoneimpl.OzoneContainer (OzoneContainer.java:start(213)) - Attempting to start container services.
2019-10-10 06:35:59,696 [Datanode State Machine Thread - 0] INFO  ozoneimpl.OzoneContainer (OzoneContainer.java:startContainerScrub(177)) - Background container scanner has been disabled.
2019-10-10 06:35:59,696 [Datanode State Machine Thread - 0] INFO  ratis.XceiverServerRatis (XceiverServerRatis.java:start(418)) - Starting XceiverServerRatis e76be57f-796b-44d9-b265-3f1958bf1c51 at port 0
2019-10-10 06:35:59,703 [Datanode State Machine Thread - 0] INFO  impl.RaftServerProxy (RaftServerProxy.java:lambda$start$3(299)) - e76be57f-796b-44d9-b265-3f1958bf1c51: start RPC server
2019-10-10 06:35:59,716 [Datanode State Machine Thread - 0] INFO  server.GrpcService (GrpcService.java:startImpl(158)) - e76be57f-796b-44d9-b265-3f1958bf1c51: GrpcService started, listening on 0.0.0.0/0.0.0.0:42531
2019-10-10 06:35:59,716 [Datanode State Machine Thread - 0] INFO  ratis.XceiverServerRatis (XceiverServerRatis.java:start(428)) - XceiverServerRatis e76be57f-796b-44d9-b265-3f1958bf1c51 is started using port 42531
2019-10-10 06:35:59,716 [Datanode State Machine Thread - 0] INFO  server.XceiverServerGrpc (XceiverServerGrpc.java:start(149)) - XceiverServerGrpc e76be57f-796b-44d9-b265-3f1958bf1c51 is started using port 39978
2019-10-10 06:36:00,684 [main] INFO  ozone.MiniOzoneClusterImpl (MiniOzoneClusterImpl.java:lambda$waitForClusterToBeReady$0(147)) - Waiting for cluster to be ready. Got 0 of 7 DN Heartbeats.
2019-10-10 06:36:01,262 [IPC Server handler 5 on 34327] INFO  net.NetworkTopology (NetworkTopologyImpl.java:add(111)) - Added a new node: /default-rack/9ef369c6-e172-4b0f-bbfb-bcf146477daa
2019-10-10 06:36:01,264 [IPC Server handler 5 on 34327] INFO  node.SCMNodeManager (SCMNodeManager.java:register(268)) - Registered Data node : 9ef369c6-e172-4b0f-bbfb-bcf146477daa{ip: 192.168.151.114, host: trunk-nightly-20191010-ks672-2217485364, networkLocation: /default-rack, certSerialId: null}
2019-10-10 06:36:01,265 [EventQueue-NodeRegistrationContainerReportForDataNodeSafeModeRule] INFO  safemode.SCMSafeModeManager (DataNodeSafeModeRule.java:process(71)) - SCM in safe mode. 1 DataNodes registered, 1 required.
2019-10-10 06:36:01,267 [EventQueue-NodeRegistrationContainerReportForDataNodeSafeModeRule] INFO  safemode.SCMSafeModeManager (SCMSafeModeManager.java:validateSafeModeExitRules(177)) - ScmSafeModeManager, all rules are successfully validated
2019-10-10 06:36:01,267 [EventQueue-NodeRegistrationContainerReportForDataNodeSafeModeRule] INFO  safemode.SCMSafeModeManager (SCMSafeModeManager.java:exitSafeMode(193)) - SCM exiting safe mode.
2019-10-10 06:36:01,277 [grpc-default-executor-3] INFO  impl.RaftServerProxy (RaftServerProxy.java:addNew(89)) - 9ef369c6-e172-4b0f-bbfb-bcf146477daa: addNew group-D0DE32F554E1:[9ef369c6-e172-4b0f-bbfb-bcf146477daa:192.168.151.114:43936] returns group-D0DE32F554E1:java.util.concurrent.CompletableFuture@bace80b[Not completed]
2019-10-10 06:36:01,279 [pool-383-thread-1] INFO  impl.RaftServerImpl (RaftServerImpl.java:<init>(95)) - 9ef369c6-e172-4b0f-bbfb-bcf146477daa: new RaftServerImpl for group-D0DE32F554E1:[9ef369c6-e172-4b0f-bbfb-bcf146477daa:192.168.151.114:43936] with ContainerStateMachine:uninitialized
2019-10-10 06:36:01,279 [pool-383-thread-1] INFO  server.RaftServerConfigKeys (ConfUtils.java:logGet(43)) - raft.server.rpc.timeout.min = 5s (custom)
2019-10-10 06:36:01,279 [pool-383-thread-1] INFO  server.RaftServerConfigKeys (ConfUtils.java:logGet(43)) - raft.server.rpc.timeout.max = 5200ms (custom)
2019-10-10 06:36:01,279 [pool-383-thread-1] INFO  server.RaftServerConfigKeys (ConfUtils.java:logGet(43)) - raft.server.rpcslowness.timeout = 120s (custom)
2019-10-10 06:36:01,279 [pool-383-thread-1] INFO  server.RaftServerConfigKeys (ConfUtils.java:logGet(43)) - raft.server.sleep.deviation.threshold = 300 (default)
2019-10-10 06:36:01,280 [pool-383-thread-1] INFO  server.RaftServerConfigKeys (ConfUtils.java:logGet(43)) - raft.server.log.appender.install.snapshot.enabled = false (custom)
2019-10-10 06:36:01,280 [pool-383-thread-1] INFO  impl.RaftServerImpl (ServerState.java:<init>(103)) - 9ef369c6-e172-4b0f-bbfb-bcf146477daa@group-D0DE32F554E1: ConfigurationManager, init=-1: [9ef369c6-e172-4b0f-bbfb-bcf146477daa:192.168.151.114:43936], old=null, confs=<EMPTY_MAP>
2019-10-10 06:36:01,280 [pool-383-thread-1] INFO  server.RaftServerConfigKeys (ConfUtils.java:logGet(43)) - raft.server.storage.dir = [/workdir/hadoop-ozone/integration-test/target/test-dir/MiniOzoneClusterImpl-63933bd2-200b-4836-97fb-de809f2124aa/datanode-0/data/ratis] (custom)
2019-10-10 06:36:01,280 [pool-383-thread-1] INFO  server.RaftServerConfigKeys (ConfUtils.java:logGet(43)) - raft.server.log.corruption.policy = EXCEPTION (default)
2019-10-10 06:36:01,281 [pool-383-thread-1] INFO  storage.RaftStorageDirectory (RaftStorageDirectory.java:analyzeStorage(246)) - The storage directory /workdir/hadoop-ozone/integration-test/target/test-dir/MiniOzoneClusterImpl-63933bd2-200b-4836-97fb-de809f2124aa/datanode-0/data/ratis/627a4806-1845-4cb7-871e-d0de32f554e1 does not exist. Creating ...
2019-10-10 06:36:01,294 [pool-383-thread-1] INFO  storage.RaftStorageDirectory (RaftStorageDirectory.java:tryLock(328)) - Lock on /workdir/hadoop-ozone/integration-test/target/test-dir/MiniOzoneClusterImpl-63933bd2-200b-4836-97fb-de809f2124aa/datanode-0/data/ratis/627a4806-1845-4cb7-871e-d0de32f554e1/in_use.lock acquired by nodename 26642@trunk-nightly-20191010-ks672-2217485364
2019-10-10 06:36:01,307 [pool-383-thread-1] INFO  storage.RaftStorage (RaftStorage.java:format(84)) - Storage directory /workdir/hadoop-ozone/integration-test/target/test-dir/MiniOzoneClusterImpl-63933bd2-200b-4836-97fb-de809f2124aa/datanode-0/data/ratis/627a4806-1845-4cb7-871e-d0de32f554e1 has been successfully formatted.
2019-10-10 06:36:01,307 [pool-383-thread-1] INFO  ratis.ContainerStateMachine (ContainerStateMachine.java:loadSnapshot(231)) - group-D0DE32F554E1: The snapshot info is null. Setting the last applied indexto:(t:0, i:~)
2019-10-10 06:36:01,308 [pool-383-thread-1] INFO  server.RaftServerConfigKeys (ConfUtils.java:logGet(43)) - raft.server.notification.no-leader.timeout = 120s (custom)
2019-10-10 06:36:01,308 [pool-383-thread-1] INFO  server.RaftServerConfigKeys (ConfUtils.java:logGet(43)) - raft.server.log.use.memory = false (default)
2019-10-10 06:36:01,308 [pool-383-thread-1] INFO  server.RaftServerConfigKeys (ConfUtils.java:logGet(43)) - raft.server.log.purge.gap = 1000000 (custom)
2019-10-10 06:36:01,308 [pool-383-thread-1] INFO  server.RaftServerConfigKeys (ConfUtils.java:logGet(43)) - raft.server.log.appender.buffer.byte-limit = 33554432 (custom)
2019-10-10 06:36:01,308 [pool-383-thread-1] INFO  server.RaftServerConfigKeys (ConfUtils.java:logGet(43)) - raft.server.log.segment.size.max = 1048576 (custom)
2019-10-10 06:36:01,310 [pool-383-thread-1] INFO  server.RaftServerConfigKeys (ConfUtils.java:logGet(43)) - raft.server.log.segment.cache.num.max = 2 (custom)
2019-10-10 06:36:01,310 [pool-383-thread-1] INFO  segmented.SegmentedRaftLogWorker (SegmentedRaftLogWorker.java:<init>(173)) - new 9ef369c6-e172-4b0f-bbfb-bcf146477daa@group-D0DE32F554E1-SegmentedRaftLogWorker for RaftStorage:Storage Directory /workdir/hadoop-ozone/integration-test/target/test-dir/MiniOzoneClusterImpl-63933bd2-200b-4836-97fb-de809f2124aa/datanode-0/data/ratis/627a4806-1845-4cb7-871e-d0de32f554e1
2019-10-10 06:36:01,310 [pool-383-thread-1] INFO  server.RaftServerConfigKeys (ConfUtils.java:logGet(43)) - raft.server.log.queue.byte-limit = 2147483647 (custom)
2019-10-10 06:36:01,310 [pool-383-thread-1] INFO  server.RaftServerConfigKeys (ConfUtils.java:logGet(43)) - raft.server.log.queue.element-limit = 1024 (custom)
2019-10-10 06:36:01,310 [pool-383-thread-1] INFO  server.RaftServerConfigKeys (ConfUtils.java:logGet(43)) - raft.server.log.segment.size.max = 1048576 (custom)
2019-10-10 06:36:01,310 [pool-383-thread-1] INFO  server.RaftServerConfigKeys (ConfUtils.java:logGet(43)) - raft.server.log.preallocated.size = 16384 (custom)
2019-10-10 06:36:01,310 [pool-383-thread-1] INFO  server.RaftServerConfigKeys (ConfUtils.java:logGet(43)) - raft.server.log.write.buffer.size = 33554432 (custom)
2019-10-10 06:36:01,310 [pool-383-thread-1] INFO  server.RaftServerConfigKeys (ConfUtils.java:logGet(43)) - raft.server.log.force.sync.num = 128 (default)
2019-10-10 06:36:01,311 [pool-383-thread-1] INFO  server.RaftServerConfigKeys (ConfUtils.java:logGet(43)) - raft.server.log.statemachine.data.sync = true (default)
2019-10-10 06:36:01,311 [pool-383-thread-1] INFO  server.RaftServerConfigKeys (ConfUtils.java:logGet(43)) - raft.server.log.statemachine.data.sync.timeout = 10s (default)
2019-10-10 06:36:01,311 [pool-383-thread-1] INFO  server.RaftServerConfigKeys (ConfUtils.java:logGet(43)) - raft.server.log.statemachine.data.sync.timeout.retry = -1 (default)
2019-10-10 06:36:01,311 [pool-383-thread-1] INFO  server.RaftServerConfigKeys (ConfUtils.java:logGet(43)) - raft.server.log.statemachine.data.caching.enabled = true (custom)
2019-10-10 06:36:01,312 [pool-383-thread-1] INFO  segmented.SegmentedRaftLogWorker (SegmentedRaftLogWorker.java:lambda$new$0(128)) - 9ef369c6-e172-4b0f-bbfb-bcf146477daa@group-D0DE32F554E1-SegmentedRaftLogWorker: flushIndex: setUnconditionally 0 -> -1
2019-10-10 06:36:01,313 [pool-383-thread-1] INFO  server.RaftServerConfigKeys (ConfUtils.java:logGet(43)) - raft.server.snapshot.auto.trigger.enabled = true (custom)
2019-10-10 06:36:01,313 [pool-383-thread-1] INFO  server.RaftServerConfigKeys (ConfUtils.java:logGet(43)) - raft.server.snapshot.auto.trigger.threshold = 10000 (custom)
2019-10-10 06:36:01,313 [pool-383-thread-1] INFO  server.RaftServerConfigKeys (ConfUtils.java:logGet(43)) - raft.server.snapshot.retention.file.num = 5 (custom)
2019-10-10 06:36:01,313 [pool-383-thread-1] INFO  server.RaftServerConfigKeys (ConfUtils.java:logGet(43)) - raft.server.retrycache.expirytime = 600000ms (custom)
2019-10-10 06:36:01,314 [pool-383-thread-1] INFO  impl.RaftServerImpl (RaftServerImpl.java:start(181)) - 9ef369c6-e172-4b0f-bbfb-bcf146477daa@group-D0DE32F554E1: start as a follower, conf=-1: [9ef369c6-e172-4b0f-bbfb-bcf146477daa:192.168.151.114:43936], old=null
2019-10-10 06:36:01,315 [pool-383-thread-1] INFO  impl.RaftServerImpl (RaftServerImpl.java:setRole(170)) - 9ef369c6-e172-4b0f-bbfb-bcf146477daa@group-D0DE32F554E1: changes role from      null to FOLLOWER at term 0 for startAsFollower
2019-10-10 06:36:01,315 [pool-383-thread-1] INFO  impl.RoleInfo (RoleInfo.java:updateAndGet(143)) - 9ef369c6-e172-4b0f-bbfb-bcf146477daa: start FollowerState
2019-10-10 06:36:01,315 [pool-383-thread-1] INFO  util.JmxRegister (JmxRegister.java:tryRegister(44)) - Successfully registered JMX Bean with object name Ratis:service=RaftServer,group=group-D0DE32F554E1,id=9ef369c6-e172-4b0f-bbfb-bcf146477daa
2019-10-10 06:36:01,326 [IPC Server handler 6 on 34327] INFO  net.NetworkTopology (NetworkTopologyImpl.java:add(111)) - Added a new node: /default-rack/be457821-dbd5-4f3c-8c18-14575015e379
2019-10-10 06:36:01,326 [IPC Server handler 6 on 34327] INFO  node.SCMNodeManager (SCMNodeManager.java:register(268)) - Registered Data node : be457821-dbd5-4f3c-8c18-14575015e379{ip: 192.168.151.114, host: trunk-nightly-20191010-ks672-2217485364, networkLocation: /default-rack, certSerialId: null}
2019-10-10 06:36:01,345 [RatisPipelineUtilsThread] INFO  pipeline.PipelineStateManager (PipelineStateManager.java:addPipeline(56)) - Created pipeline Pipeline[ Id: 627a4806-1845-4cb7-871e-d0de32f554e1, Nodes: 9ef369c6-e172-4b0f-bbfb-bcf146477daa{ip: 192.168.151.114, host: trunk-nightly-20191010-ks672-2217485364, networkLocation: /default-rack, certSerialId: null}, Type:RATIS, Factor:ONE, State:OPEN]
2019-10-10 06:36:01,352 [grpc-default-executor-3] INFO  impl.RaftServerProxy (RaftServerProxy.java:addNew(89)) - be457821-dbd5-4f3c-8c18-14575015e379: addNew group-6D3998956F36:[be457821-dbd5-4f3c-8c18-14575015e379:192.168.151.114:34216] returns group-6D3998956F36:java.util.concurrent.CompletableFuture@6d147286[Not completed]
2019-10-10 06:36:01,353 [pool-393-thread-1] INFO  impl.RaftServerImpl (RaftServerImpl.java:<init>(95)) - be457821-dbd5-4f3c-8c18-14575015e379: new RaftServerImpl for group-6D3998956F36:[be457821-dbd5-4f3c-8c18-14575015e379:192.168.151.114:34216] with ContainerStateMachine:uninitialized
2019-10-10 06:36:01,353 [pool-393-thread-1] INFO  server.RaftServerConfigKeys (ConfUtils.java:logGet(43)) - raft.server.rpc.timeout.min = 5s (custom)
2019-10-10 06:36:01,353 [pool-393-thread-1] INFO  server.RaftServerConfigKeys (ConfUtils.java:logGet(43)) - raft.server.rpc.timeout.max = 5200ms (custom)
2019-10-10 06:36:01,353 [pool-393-thread-1] INFO  server.RaftServerConfigKeys (ConfUtils.java:logGet(43)) - raft.server.rpcslowness.timeout = 120s (custom)
2019-10-10 06:36:01,353 [pool-393-thread-1] INFO  server.RaftServerConfigKeys (ConfUtils.java:logGet(43)) - raft.server.sleep.deviation.threshold = 300 (default)
2019-10-10 06:36:01,353 [pool-393-thread-1] INFO  server.RaftServerConfigKeys (ConfUtils.java:logGet(43)) - raft.server.log.appender.install.snapshot.enabled = false (custom)
2019-10-10 06:36:01,353 [pool-393-thread-1] INFO  impl.RaftServerImpl (ServerState.java:<init>(103)) - be457821-dbd5-4f3c-8c18-14575015e379@group-6D3998956F36: ConfigurationManager, init=-1: [be457821-dbd5-4f3c-8c18-14575015e379:192.168.151.114:34216], old=null, confs=<EMPTY_MAP>
2019-10-10 06:36:01,353 [pool-393-thread-1] INFO  server.RaftServerConfigKeys (ConfUtils.java:logGet(43)) - raft.server.storage.dir = [/workdir/hadoop-ozone/integration-test/target/test-dir/MiniOzoneClusterImpl-63933bd2-200b-4836-97fb-de809f2124aa/datanode-1/data/ratis] (custom)
2019-10-10 06:36:01,354 [pool-393-thread-1] INFO  server.RaftServerConfigKeys (ConfUtils.java:logGet(43)) - raft.server.log.corruption.policy = EXCEPTION (default)
2019-10-10 06:36:01,354 [pool-393-thread-1] INFO  storage.RaftStorageDirectory (RaftStorageDirectory.java:analyzeStorage(246)) - The storage directory /workdir/hadoop-ozone/integration-test/target/test-dir/MiniOzoneClusterImpl-63933bd2-200b-4836-97fb-de809f2124aa/datanode-1/data/ratis/10e474e6-4d24-472b-9cb7-6d3998956f36 does not exist. Creating ...
2019-10-10 06:36:01,367 [pool-393-thread-1] INFO  storage.RaftStorageDirectory (RaftStorageDirectory.java:tryLock(328)) - Lock on /workdir/hadoop-ozone/integration-test/target/test-dir/MiniOzoneClusterImpl-63933bd2-200b-4836-97fb-de809f2124aa/datanode-1/data/ratis/10e474e6-4d24-472b-9cb7-6d3998956f36/in_use.lock acquired by nodename 26642@trunk-nightly-20191010-ks672-2217485364
2019-10-10 06:36:01,380 [pool-393-thread-1] INFO  storage.RaftStorage (RaftStorage.java:format(84)) - Storage directory /workdir/hadoop-ozone/integration-test/target/test-dir/MiniOzoneClusterImpl-63933bd2-200b-4836-97fb-de809f2124aa/datanode-1/data/ratis/10e474e6-4d24-472b-9cb7-6d3998956f36 has been successfully formatted.
2019-10-10 06:36:01,380 [pool-393-thread-1] INFO  ratis.ContainerStateMachine (ContainerStateMachine.java:loadSnapshot(231)) - group-6D3998956F36: The snapshot info is null. Setting the last applied indexto:(t:0, i:~)
2019-10-10 06:36:01,380 [pool-393-thread-1] INFO  server.RaftServerConfigKeys (ConfUtils.java:logGet(43)) - raft.server.notification.no-leader.timeout = 120s (custom)
2019-10-10 06:36:01,380 [pool-393-thread-1] INFO  server.RaftServerConfigKeys (ConfUtils.java:logGet(43)) - raft.server.log.use.memory = false (default)
2019-10-10 06:36:01,380 [pool-393-thread-1] INFO  server.RaftServerConfigKeys (ConfUtils.java:logGet(43)) - raft.server.log.purge.gap = 1000000 (custom)
2019-10-10 06:36:01,380 [pool-393-thread-1] INFO  server.RaftServerConfigKeys (ConfUtils.java:logGet(43)) - raft.server.log.appender.buffer.byte-limit = 33554432 (custom)
2019-10-10 06:36:01,380 [pool-393-thread-1] INFO  server.RaftServerConfigKeys (ConfUtils.java:logGet(43)) - raft.server.log.segment.size.max = 1048576 (custom)
2019-10-10 06:36:01,382 [pool-393-thread-1] INFO  server.RaftServerConfigKeys (ConfUtils.java:logGet(43)) - raft.server.log.segment.cache.num.max = 2 (custom)
2019-10-10 06:36:01,382 [pool-393-thread-1] INFO  segmented.SegmentedRaftLogWorker (SegmentedRaftLogWorker.java:<init>(173)) - new be457821-dbd5-4f3c-8c18-14575015e379@group-6D3998956F36-SegmentedRaftLogWorker for RaftStorage:Storage Directory /workdir/hadoop-ozone/integration-test/target/test-dir/MiniOzoneClusterImpl-63933bd2-200b-4836-97fb-de809f2124aa/datanode-1/data/ratis/10e474e6-4d24-472b-9cb7-6d3998956f36
2019-10-10 06:36:01,382 [pool-393-thread-1] INFO  server.RaftServerConfigKeys (ConfUtils.java:logGet(43)) - raft.server.log.queue.byte-limit = 2147483647 (custom)
2019-10-10 06:36:01,382 [pool-393-thread-1] INFO  server.RaftServerConfigKeys (ConfUtils.java:logGet(43)) - raft.server.log.queue.element-limit = 1024 (custom)
2019-10-10 06:36:01,383 [pool-393-thread-1] INFO  server.RaftServerConfigKeys (ConfUtils.java:logGet(43)) - raft.server.log.segment.size.max = 1048576 (custom)
2019-10-10 06:36:01,383 [pool-393-thread-1] INFO  server.RaftServerConfigKeys (ConfUtils.java:logGet(43)) - raft.server.log.preallocated.size = 16384 (custom)
2019-10-10 06:36:01,383 [pool-393-thread-1] INFO  server.RaftServerConfigKeys (ConfUtils.java:logGet(43)) - raft.server.log.write.buffer.size = 33554432 (custom)
2019-10-10 06:36:01,383 [pool-393-thread-1] INFO  server.RaftServerConfigKeys (ConfUtils.java:logGet(43)) - raft.server.log.force.sync.num = 128 (default)
2019-10-10 06:36:01,383 [pool-393-thread-1] INFO  server.RaftServerConfigKeys (ConfUtils.java:logGet(43)) - raft.server.log.statemachine.data.sync = true (default)
2019-10-10 06:36:01,383 [pool-393-thread-1] INFO  server.RaftServerConfigKeys (ConfUtils.java:logGet(43)) - raft.server.log.statemachine.data.sync.timeout = 10s (default)
2019-10-10 06:36:01,383 [pool-393-thread-1] INFO  server.RaftServerConfigKeys (ConfUtils.java:logGet(43)) - raft.server.log.statemachine.data.sync.timeout.retry = -1 (default)
2019-10-10 06:36:01,383 [pool-393-thread-1] INFO  server.RaftServerConfigKeys (ConfUtils.java:logGet(43)) - raft.server.log.statemachine.data.caching.enabled = true (custom)
2019-10-10 06:36:01,384 [pool-393-thread-1] INFO  segmented.SegmentedRaftLogWorker (SegmentedRaftLogWorker.java:lambda$new$0(128)) - be457821-dbd5-4f3c-8c18-14575015e379@group-6D3998956F36-SegmentedRaftLogWorker: flushIndex: setUnconditionally 0 -> -1
2019-10-10 06:36:01,384 [pool-393-thread-1] INFO  server.RaftServerConfigKeys (ConfUtils.java:logGet(43)) - raft.server.snapshot.auto.trigger.enabled = true (custom)
2019-10-10 06:36:01,384 [pool-393-thread-1] INFO  server.RaftServerConfigKeys (ConfUtils.java:logGet(43)) - raft.server.snapshot.auto.trigger.threshold = 10000 (custom)
2019-10-10 06:36:01,384 [pool-393-thread-1] INFO  server.RaftServerConfigKeys (ConfUtils.java:logGet(43)) - raft.server.snapshot.retention.file.num = 5 (custom)
2019-10-10 06:36:01,384 [pool-393-thread-1] INFO  server.RaftServerConfigKeys (ConfUtils.java:logGet(43)) - raft.server.retrycache.expirytime = 600000ms (custom)
2019-10-10 06:36:01,386 [pool-393-thread-1] INFO  impl.RaftServerImpl (RaftServerImpl.java:start(181)) - be457821-dbd5-4f3c-8c18-14575015e379@group-6D3998956F36: start as a follower, conf=-1: [be457821-dbd5-4f3c-8c18-14575015e379:192.168.151.114:34216], old=null
2019-10-10 06:36:01,386 [pool-393-thread-1] INFO  impl.RaftServerImpl (RaftServerImpl.java:setRole(170)) - be457821-dbd5-4f3c-8c18-14575015e379@group-6D3998956F36: changes role from      null to FOLLOWER at term 0 for startAsFollower
2019-10-10 06:36:01,386 [pool-393-thread-1] INFO  impl.RoleInfo (RoleInfo.java:updateAndGet(143)) - be457821-dbd5-4f3c-8c18-14575015e379: start FollowerState
2019-10-10 06:36:01,386 [pool-393-thread-1] INFO  util.JmxRegister (JmxRegister.java:tryRegister(44)) - Successfully registered JMX Bean with object name Ratis:service=RaftServer,group=group-6D3998956F36,id=be457821-dbd5-4f3c-8c18-14575015e379
2019-10-10 06:36:01,389 [RatisPipelineUtilsThread] INFO  pipeline.PipelineStateManager (PipelineStateManager.java:addPipeline(56)) - Created pipeline Pipeline[ Id: 10e474e6-4d24-472b-9cb7-6d3998956f36, Nodes: be457821-dbd5-4f3c-8c18-14575015e379{ip: 192.168.151.114, host: trunk-nightly-20191010-ks672-2217485364, networkLocation: /default-rack, certSerialId: null}, Type:RATIS, Factor:ONE, State:OPEN]
2019-10-10 06:36:01,400 [IPC Server handler 7 on 34327] INFO  net.NetworkTopology (NetworkTopologyImpl.java:add(111)) - Added a new node: /default-rack/deb4f90e-5ffc-4d95-a535-9397ce96eec7
2019-10-10 06:36:01,400 [IPC Server handler 7 on 34327] INFO  node.SCMNodeManager (SCMNodeManager.java:register(268)) - Registered Data node : deb4f90e-5ffc-4d95-a535-9397ce96eec7{ip: 192.168.151.114, host: trunk-nightly-20191010-ks672-2217485364, networkLocation: /default-rack, certSerialId: null}
2019-10-10 06:36:01,405 [grpc-default-executor-3] INFO  impl.RaftServerProxy (RaftServerProxy.java:addNew(89)) - deb4f90e-5ffc-4d95-a535-9397ce96eec7: addNew group-D3F1BDFD2414:[deb4f90e-5ffc-4d95-a535-9397ce96eec7:192.168.151.114:46086] returns group-D3F1BDFD2414:java.util.concurrent.CompletableFuture@4ef4a184[Not completed]
2019-10-10 06:36:01,406 [pool-403-thread-1] INFO  impl.RaftServerImpl (RaftServerImpl.java:<init>(95)) - deb4f90e-5ffc-4d95-a535-9397ce96eec7: new RaftServerImpl for group-D3F1BDFD2414:[deb4f90e-5ffc-4d95-a535-9397ce96eec7:192.168.151.114:46086] with ContainerStateMachine:uninitialized
2019-10-10 06:36:01,407 [pool-403-thread-1] INFO  server.RaftServerConfigKeys (ConfUtils.java:logGet(43)) - raft.server.rpc.timeout.min = 5s (custom)
2019-10-10 06:36:01,407 [pool-403-thread-1] INFO  server.RaftServerConfigKeys (ConfUtils.java:logGet(43)) - raft.server.rpc.timeout.max = 5200ms (custom)
2019-10-10 06:36:01,407 [pool-403-thread-1] INFO  server.RaftServerConfigKeys (ConfUtils.java:logGet(43)) - raft.server.rpcslowness.timeout = 120s (custom)
2019-10-10 06:36:01,407 [pool-403-thread-1] INFO  server.RaftServerConfigKeys (ConfUtils.java:logGet(43)) - raft.server.sleep.deviation.threshold = 300 (default)
2019-10-10 06:36:01,407 [pool-403-thread-1] INFO  server.RaftServerConfigKeys (ConfUtils.java:logGet(43)) - raft.server.log.appender.install.snapshot.enabled = false (custom)
2019-10-10 06:36:01,407 [pool-403-thread-1] INFO  impl.RaftServerImpl (ServerState.java:<init>(103)) - deb4f90e-5ffc-4d95-a535-9397ce96eec7@group-D3F1BDFD2414: ConfigurationManager, init=-1: [deb4f90e-5ffc-4d95-a535-9397ce96eec7:192.168.151.114:46086], old=null, confs=<EMPTY_MAP>
2019-10-10 06:36:01,408 [pool-403-thread-1] INFO  server.RaftServerConfigKeys (ConfUtils.java:logGet(43)) - raft.server.storage.dir = [/workdir/hadoop-ozone/integration-test/target/test-dir/MiniOzoneClusterImpl-63933bd2-200b-4836-97fb-de809f2124aa/datanode-2/data/ratis] (custom)
2019-10-10 06:36:01,408 [pool-403-thread-1] INFO  server.RaftServerConfigKeys (ConfUtils.java:logGet(43)) - raft.server.log.corruption.policy = EXCEPTION (default)
2019-10-10 06:36:01,408 [pool-403-thread-1] INFO  storage.RaftStorageDirectory (RaftStorageDirectory.java:analyzeStorage(246)) - The storage directory /workdir/hadoop-ozone/integration-test/target/test-dir/MiniOzoneClusterImpl-63933bd2-200b-4836-97fb-de809f2124aa/datanode-2/data/ratis/ef19c294-6e45-4175-a4b1-d3f1bdfd2414 does not exist. Creating ...
2019-10-10 06:36:01,421 [pool-403-thread-1] INFO  storage.RaftStorageDirectory (RaftStorageDirectory.java:tryLock(328)) - Lock on /workdir/hadoop-ozone/integration-test/target/test-dir/MiniOzoneClusterImpl-63933bd2-200b-4836-97fb-de809f2124aa/datanode-2/data/ratis/ef19c294-6e45-4175-a4b1-d3f1bdfd2414/in_use.lock acquired by nodename 26642@trunk-nightly-20191010-ks672-2217485364
2019-10-10 06:36:01,434 [pool-403-thread-1] INFO  storage.RaftStorage (RaftStorage.java:format(84)) - Storage directory /workdir/hadoop-ozone/integration-test/target/test-dir/MiniOzoneClusterImpl-63933bd2-200b-4836-97fb-de809f2124aa/datanode-2/data/ratis/ef19c294-6e45-4175-a4b1-d3f1bdfd2414 has been successfully formatted.
2019-10-10 06:36:01,434 [pool-403-thread-1] INFO  ratis.ContainerStateMachine (ContainerStateMachine.java:loadSnapshot(231)) - group-D3F1BDFD2414: The snapshot info is null. Setting the last applied indexto:(t:0, i:~)
2019-10-10 06:36:01,435 [pool-403-thread-1] INFO  server.RaftServerConfigKeys (ConfUtils.java:logGet(43)) - raft.server.notification.no-leader.timeout = 120s (custom)
2019-10-10 06:36:01,435 [pool-403-thread-1] INFO  server.RaftServerConfigKeys (ConfUtils.java:logGet(43)) - raft.server.log.use.memory = false (default)
2019-10-10 06:36:01,435 [pool-403-thread-1] INFO  server.RaftServerConfigKeys (ConfUtils.java:logGet(43)) - raft.server.log.purge.gap = 1000000 (custom)
2019-10-10 06:36:01,435 [pool-403-thread-1] INFO  server.RaftServerConfigKeys (ConfUtils.java:logGet(43)) - raft.server.log.appender.buffer.byte-limit = 33554432 (custom)
2019-10-10 06:36:01,435 [pool-403-thread-1] INFO  server.RaftServerConfigKeys (ConfUtils.java:logGet(43)) - raft.server.log.segment.size.max = 1048576 (custom)
2019-10-10 06:36:01,437 [pool-403-thread-1] INFO  server.RaftServerConfigKeys (ConfUtils.java:logGet(43)) - raft.server.log.segment.cache.num.max = 2 (custom)
2019-10-10 06:36:01,437 [pool-403-thread-1] INFO  segmented.SegmentedRaftLogWorker (SegmentedRaftLogWorker.java:<init>(173)) - new deb4f90e-5ffc-4d95-a535-9397ce96eec7@group-D3F1BDFD2414-SegmentedRaftLogWorker for RaftStorage:Storage Directory /workdir/hadoop-ozone/integration-test/target/test-dir/MiniOzoneClusterImpl-63933bd2-200b-4836-97fb-de809f2124aa/datanode-2/data/ratis/ef19c294-6e45-4175-a4b1-d3f1bdfd2414
2019-10-10 06:36:01,437 [pool-403-thread-1] INFO  server.RaftServerConfigKeys (ConfUtils.java:logGet(43)) - raft.server.log.queue.byte-limit = 2147483647 (custom)
2019-10-10 06:36:01,437 [pool-403-thread-1] INFO  server.RaftServerConfigKeys (ConfUtils.java:logGet(43)) - raft.server.log.queue.element-limit = 1024 (custom)
2019-10-10 06:36:01,437 [pool-403-thread-1] INFO  server.RaftServerConfigKeys (ConfUtils.java:logGet(43)) - raft.server.log.segment.size.max = 1048576 (custom)
2019-10-10 06:36:01,437 [pool-403-thread-1] INFO  server.RaftServerConfigKeys (ConfUtils.java:logGet(43)) - raft.server.log.preallocated.size = 16384 (custom)
2019-10-10 06:36:01,437 [pool-403-thread-1] INFO  server.RaftServerConfigKeys (ConfUtils.java:logGet(43)) - raft.server.log.write.buffer.size = 33554432 (custom)
2019-10-10 06:36:01,438 [pool-403-thread-1] INFO  server.RaftServerConfigKeys (ConfUtils.java:logGet(43)) - raft.server.log.force.sync.num = 128 (default)
2019-10-10 06:36:01,438 [pool-403-thread-1] INFO  server.RaftServerConfigKeys (ConfUtils.java:logGet(43)) - raft.server.log.statemachine.data.sync = true (default)
2019-10-10 06:36:01,438 [pool-403-thread-1] INFO  server.RaftServerConfigKeys (ConfUtils.java:logGet(43)) - raft.server.log.statemachine.data.sync.timeout = 10s (default)
2019-10-10 06:36:01,438 [pool-403-thread-1] INFO  server.RaftServerConfigKeys (ConfUtils.java:logGet(43)) - raft.server.log.statemachine.data.sync.timeout.retry = -1 (default)
2019-10-10 06:36:01,438 [pool-403-thread-1] INFO  server.RaftServerConfigKeys (ConfUtils.java:logGet(43)) - raft.server.log.statemachine.data.caching.enabled = true (custom)
2019-10-10 06:36:01,439 [pool-403-thread-1] INFO  segmented.SegmentedRaftLogWorker (SegmentedRaftLogWorker.java:lambda$new$0(128)) - deb4f90e-5ffc-4d95-a535-9397ce96eec7@group-D3F1BDFD2414-SegmentedRaftLogWorker: flushIndex: setUnconditionally 0 -> -1
2019-10-10 06:36:01,439 [pool-403-thread-1] INFO  server.RaftServerConfigKeys (ConfUtils.java:logGet(43)) - raft.server.snapshot.auto.trigger.enabled = true (custom)
2019-10-10 06:36:01,439 [pool-403-thread-1] INFO  server.RaftServerConfigKeys (ConfUtils.java:logGet(43)) - raft.server.snapshot.auto.trigger.threshold = 10000 (custom)
2019-10-10 06:36:01,439 [pool-403-thread-1] INFO  server.RaftServerConfigKeys (ConfUtils.java:logGet(43)) - raft.server.snapshot.retention.file.num = 5 (custom)
2019-10-10 06:36:01,439 [pool-403-thread-1] INFO  server.RaftServerConfigKeys (ConfUtils.java:logGet(43)) - raft.server.retrycache.expirytime = 600000ms (custom)
2019-10-10 06:36:01,441 [pool-403-thread-1] INFO  impl.RaftServerImpl (RaftServerImpl.java:start(181)) - deb4f90e-5ffc-4d95-a535-9397ce96eec7@group-D3F1BDFD2414: start as a follower, conf=-1: [deb4f90e-5ffc-4d95-a535-9397ce96eec7:192.168.151.114:46086], old=null
2019-10-10 06:36:01,441 [pool-403-thread-1] INFO  impl.RaftServerImpl (RaftServerImpl.java:setRole(170)) - deb4f90e-5ffc-4d95-a535-9397ce96eec7@group-D3F1BDFD2414: changes role from      null to FOLLOWER at term 0 for startAsFollower
2019-10-10 06:36:01,441 [pool-403-thread-1] INFO  impl.RoleInfo (RoleInfo.java:updateAndGet(143)) - deb4f90e-5ffc-4d95-a535-9397ce96eec7: start FollowerState
2019-10-10 06:36:01,442 [pool-403-thread-1] INFO  util.JmxRegister (JmxRegister.java:tryRegister(44)) - Successfully registered JMX Bean with object name Ratis:service=RaftServer,group=group-D3F1BDFD2414,id=deb4f90e-5ffc-4d95-a535-9397ce96eec7
2019-10-10 06:36:01,445 [RatisPipelineUtilsThread] INFO  pipeline.PipelineStateManager (PipelineStateManager.java:addPipeline(56)) - Created pipeline Pipeline[ Id: ef19c294-6e45-4175-a4b1-d3f1bdfd2414, Nodes: deb4f90e-5ffc-4d95-a535-9397ce96eec7{ip: 192.168.151.114, host: trunk-nightly-20191010-ks672-2217485364, networkLocation: /default-rack, certSerialId: null}, Type:RATIS, Factor:ONE, State:OPEN]
2019-10-10 06:36:01,453 [grpc-default-executor-6] INFO  impl.RaftServerProxy (RaftServerProxy.java:addNew(89)) - deb4f90e-5ffc-4d95-a535-9397ce96eec7: addNew group-6A028B36F0A7:[deb4f90e-5ffc-4d95-a535-9397ce96eec7:192.168.151.114:46086, be457821-dbd5-4f3c-8c18-14575015e379:192.168.151.114:34216, 9ef369c6-e172-4b0f-bbfb-bcf146477daa:192.168.151.114:43936] returns group-6A028B36F0A7:java.util.concurrent.CompletableFuture@e32e091[Not completed]
2019-10-10 06:36:01,453 [grpc-default-executor-2] INFO  impl.RaftServerProxy (RaftServerProxy.java:addNew(89)) - be457821-dbd5-4f3c-8c18-14575015e379: addNew group-6A028B36F0A7:[deb4f90e-5ffc-4d95-a535-9397ce96eec7:192.168.151.114:46086, be457821-dbd5-4f3c-8c18-14575015e379:192.168.151.114:34216, 9ef369c6-e172-4b0f-bbfb-bcf146477daa:192.168.151.114:43936] returns group-6A028B36F0A7:java.util.concurrent.CompletableFuture@267a1c93[Not completed]
2019-10-10 06:36:01,454 [pool-393-thread-1] INFO  impl.RaftServerImpl (RaftServerImpl.java:<init>(95)) - be457821-dbd5-4f3c-8c18-14575015e379: new RaftServerImpl for group-6A028B36F0A7:[deb4f90e-5ffc-4d95-a535-9397ce96eec7:192.168.151.114:46086, be457821-dbd5-4f3c-8c18-14575015e379:192.168.151.114:34216, 9ef369c6-e172-4b0f-bbfb-bcf146477daa:192.168.151.114:43936] with ContainerStateMachine:uninitialized
2019-10-10 06:36:01,454 [pool-393-thread-1] INFO  server.RaftServerConfigKeys (ConfUtils.java:logGet(43)) - raft.server.rpc.timeout.min = 5s (custom)
2019-10-10 06:36:01,454 [grpc-default-executor-2] INFO  impl.RaftServerProxy (RaftServerProxy.java:addNew(89)) - 9ef369c6-e172-4b0f-bbfb-bcf146477daa: addNew group-6A028B36F0A7:[deb4f90e-5ffc-4d95-a535-9397ce96eec7:192.168.151.114:46086, be457821-dbd5-4f3c-8c18-14575015e379:192.168.151.114:34216, 9ef369c6-e172-4b0f-bbfb-bcf146477daa:192.168.151.114:43936] returns group-6A028B36F0A7:java.util.concurrent.CompletableFuture@77333496[Not completed]
2019-10-10 06:36:01,454 [pool-403-thread-1] INFO  impl.RaftServerImpl (RaftServerImpl.java:<init>(95)) - deb4f90e-5ffc-4d95-a535-9397ce96eec7: new RaftServerImpl for group-6A028B36F0A7:[deb4f90e-5ffc-4d95-a535-9397ce96eec7:192.168.151.114:46086, be457821-dbd5-4f3c-8c18-14575015e379:192.168.151.114:34216, 9ef369c6-e172-4b0f-bbfb-bcf146477daa:192.168.151.114:43936] with ContainerStateMachine:uninitialized
2019-10-10 06:36:01,454 [pool-393-thread-1] INFO  server.RaftServerConfigKeys (ConfUtils.java:logGet(43)) - raft.server.rpc.timeout.max = 5200ms (custom)
2019-10-10 06:36:01,454 [pool-403-thread-1] INFO  server.RaftServerConfigKeys (ConfUtils.java:logGet(43)) - raft.server.rpc.timeout.min = 5s (custom)
2019-10-10 06:36:01,454 [pool-393-thread-1] INFO  server.RaftServerConfigKeys (ConfUtils.java:logGet(43)) - raft.server.rpcslowness.timeout = 120s (custom)
2019-10-10 06:36:01,454 [pool-403-thread-1] INFO  server.RaftServerConfigKeys (ConfUtils.java:logGet(43)) - raft.server.rpc.timeout.max = 5200ms (custom)
2019-10-10 06:36:01,454 [pool-383-thread-1] INFO  impl.RaftServerImpl (RaftServerImpl.java:<init>(95)) - 9ef369c6-e172-4b0f-bbfb-bcf146477daa: new RaftServerImpl for group-6A028B36F0A7:[deb4f90e-5ffc-4d95-a535-9397ce96eec7:192.168.151.114:46086, be457821-dbd5-4f3c-8c18-14575015e379:192.168.151.114:34216, 9ef369c6-e172-4b0f-bbfb-bcf146477daa:192.168.151.114:43936] with ContainerStateMachine:uninitialized
2019-10-10 06:36:01,454 [pool-393-thread-1] INFO  server.RaftServerConfigKeys (ConfUtils.java:logGet(43)) - raft.server.sleep.deviation.threshold = 300 (default)
2019-10-10 06:36:01,455 [pool-383-thread-1] INFO  server.RaftServerConfigKeys (ConfUtils.java:logGet(43)) - raft.server.rpc.timeout.min = 5s (custom)
2019-10-10 06:36:01,455 [pool-383-thread-1] INFO  server.RaftServerConfigKeys (ConfUtils.java:logGet(43)) - raft.server.rpc.timeout.max = 5200ms (custom)
2019-10-10 06:36:01,454 [pool-403-thread-1] INFO  server.RaftServerConfigKeys (ConfUtils.java:logGet(43)) - raft.server.rpcslowness.timeout = 120s (custom)
2019-10-10 06:36:01,455 [pool-383-thread-1] INFO  server.RaftServerConfigKeys (ConfUtils.java:logGet(43)) - raft.server.rpcslowness.timeout = 120s (custom)
2019-10-10 06:36:01,455 [pool-393-thread-1] INFO  server.RaftServerConfigKeys (ConfUtils.java:logGet(43)) - raft.server.log.appender.install.snapshot.enabled = false (custom)
2019-10-10 06:36:01,455 [pool-383-thread-1] INFO  server.RaftServerConfigKeys (ConfUtils.java:logGet(43)) - raft.server.sleep.deviation.threshold = 300 (default)
2019-10-10 06:36:01,456 [pool-383-thread-1] INFO  server.RaftServerConfigKeys (ConfUtils.java:logGet(43)) - raft.server.log.appender.install.snapshot.enabled = false (custom)
2019-10-10 06:36:01,455 [pool-403-thread-1] INFO  server.RaftServerConfigKeys (ConfUtils.java:logGet(43)) - raft.server.sleep.deviation.threshold = 300 (default)
2019-10-10 06:36:01,456 [pool-383-thread-1] INFO  impl.RaftServerImpl (ServerState.java:<init>(103)) - 9ef369c6-e172-4b0f-bbfb-bcf146477daa@group-6A028B36F0A7: ConfigurationManager, init=-1: [deb4f90e-5ffc-4d95-a535-9397ce96eec7:192.168.151.114:46086, be457821-dbd5-4f3c-8c18-14575015e379:192.168.151.114:34216, 9ef369c6-e172-4b0f-bbfb-bcf146477daa:192.168.151.114:43936], old=null, confs=<EMPTY_MAP>
2019-10-10 06:36:01,455 [pool-393-thread-1] INFO  impl.RaftServerImpl (ServerState.java:<init>(103)) - be457821-dbd5-4f3c-8c18-14575015e379@group-6A028B36F0A7: ConfigurationManager, init=-1: [deb4f90e-5ffc-4d95-a535-9397ce96eec7:192.168.151.114:46086, be457821-dbd5-4f3c-8c18-14575015e379:192.168.151.114:34216, 9ef369c6-e172-4b0f-bbfb-bcf146477daa:192.168.151.114:43936], old=null, confs=<EMPTY_MAP>
2019-10-10 06:36:01,456 [pool-403-thread-1] INFO  server.RaftServerConfigKeys (ConfUtils.java:logGet(43)) - raft.server.log.appender.install.snapshot.enabled = false (custom)
2019-10-10 06:36:01,456 [pool-393-thread-1] INFO  server.RaftServerConfigKeys (ConfUtils.java:logGet(43)) - raft.server.storage.dir = [/workdir/hadoop-ozone/integration-test/target/test-dir/MiniOzoneClusterImpl-63933bd2-200b-4836-97fb-de809f2124aa/datanode-1/data/ratis] (custom)
2019-10-10 06:36:01,456 [pool-383-thread-1] INFO  server.RaftServerConfigKeys (ConfUtils.java:logGet(43)) - raft.server.storage.dir = [/workdir/hadoop-ozone/integration-test/target/test-dir/MiniOzoneClusterImpl-63933bd2-200b-4836-97fb-de809f2124aa/datanode-0/data/ratis] (custom)
2019-10-10 06:36:01,456 [pool-393-thread-1] INFO  server.RaftServerConfigKeys (ConfUtils.java:logGet(43)) - raft.server.log.corruption.policy = EXCEPTION (default)
2019-10-10 06:36:01,456 [pool-403-thread-1] INFO  impl.RaftServerImpl (ServerState.java:<init>(103)) - deb4f90e-5ffc-4d95-a535-9397ce96eec7@group-6A028B36F0A7: ConfigurationManager, init=-1: [deb4f90e-5ffc-4d95-a535-9397ce96eec7:192.168.151.114:46086, be457821-dbd5-4f3c-8c18-14575015e379:192.168.151.114:34216, 9ef369c6-e172-4b0f-bbfb-bcf146477daa:192.168.151.114:43936], old=null, confs=<EMPTY_MAP>
2019-10-10 06:36:01,457 [pool-393-thread-1] INFO  storage.RaftStorageDirectory (RaftStorageDirectory.java:analyzeStorage(246)) - The storage directory /workdir/hadoop-ozone/integration-test/target/test-dir/MiniOzoneClusterImpl-63933bd2-200b-4836-97fb-de809f2124aa/datanode-1/data/ratis/675b7dc3-d557-44da-a195-6a028b36f0a7 does not exist. Creating ...
2019-10-10 06:36:01,457 [pool-383-thread-1] INFO  server.RaftServerConfigKeys (ConfUtils.java:logGet(43)) - raft.server.log.corruption.policy = EXCEPTION (default)
2019-10-10 06:36:01,457 [pool-403-thread-1] INFO  server.RaftServerConfigKeys (ConfUtils.java:logGet(43)) - raft.server.storage.dir = [/workdir/hadoop-ozone/integration-test/target/test-dir/MiniOzoneClusterImpl-63933bd2-200b-4836-97fb-de809f2124aa/datanode-2/data/ratis] (custom)
2019-10-10 06:36:01,457 [pool-383-thread-1] INFO  storage.RaftStorageDirectory (RaftStorageDirectory.java:analyzeStorage(246)) - The storage directory /workdir/hadoop-ozone/integration-test/target/test-dir/MiniOzoneClusterImpl-63933bd2-200b-4836-97fb-de809f2124aa/datanode-0/data/ratis/675b7dc3-d557-44da-a195-6a028b36f0a7 does not exist. Creating ...
2019-10-10 06:36:01,457 [pool-403-thread-1] INFO  server.RaftServerConfigKeys (ConfUtils.java:logGet(43)) - raft.server.log.corruption.policy = EXCEPTION (default)
2019-10-10 06:36:01,457 [pool-403-thread-1] INFO  storage.RaftStorageDirectory (RaftStorageDirectory.java:analyzeStorage(246)) - The storage directory /workdir/hadoop-ozone/integration-test/target/test-dir/MiniOzoneClusterImpl-63933bd2-200b-4836-97fb-de809f2124aa/datanode-2/data/ratis/675b7dc3-d557-44da-a195-6a028b36f0a7 does not exist. Creating ...
2019-10-10 06:36:01,470 [pool-393-thread-1] INFO  storage.RaftStorageDirectory (RaftStorageDirectory.java:tryLock(328)) - Lock on /workdir/hadoop-ozone/integration-test/target/test-dir/MiniOzoneClusterImpl-63933bd2-200b-4836-97fb-de809f2124aa/datanode-1/data/ratis/675b7dc3-d557-44da-a195-6a028b36f0a7/in_use.lock acquired by nodename 26642@trunk-nightly-20191010-ks672-2217485364
2019-10-10 06:36:01,470 [pool-383-thread-1] INFO  storage.RaftStorageDirectory (RaftStorageDirectory.java:tryLock(328)) - Lock on /workdir/hadoop-ozone/integration-test/target/test-dir/MiniOzoneClusterImpl-63933bd2-200b-4836-97fb-de809f2124aa/datanode-0/data/ratis/675b7dc3-d557-44da-a195-6a028b36f0a7/in_use.lock acquired by nodename 26642@trunk-nightly-20191010-ks672-2217485364
2019-10-10 06:36:01,470 [pool-403-thread-1] INFO  storage.RaftStorageDirectory (RaftStorageDirectory.java:tryLock(328)) - Lock on /workdir/hadoop-ozone/integration-test/target/test-dir/MiniOzoneClusterImpl-63933bd2-200b-4836-97fb-de809f2124aa/datanode-2/data/ratis/675b7dc3-d557-44da-a195-6a028b36f0a7/in_use.lock acquired by nodename 26642@trunk-nightly-20191010-ks672-2217485364
2019-10-10 06:36:01,483 [pool-393-thread-1] INFO  storage.RaftStorage (RaftStorage.java:format(84)) - Storage directory /workdir/hadoop-ozone/integration-test/target/test-dir/MiniOzoneClusterImpl-63933bd2-200b-4836-97fb-de809f2124aa/datanode-1/data/ratis/675b7dc3-d557-44da-a195-6a028b36f0a7 has been successfully formatted.
2019-10-10 06:36:01,483 [pool-383-thread-1] INFO  storage.RaftStorage (RaftStorage.java:format(84)) - Storage directory /workdir/hadoop-ozone/integration-test/target/test-dir/MiniOzoneClusterImpl-63933bd2-200b-4836-97fb-de809f2124aa/datanode-0/data/ratis/675b7dc3-d557-44da-a195-6a028b36f0a7 has been successfully formatted.
2019-10-10 06:36:01,483 [pool-403-thread-1] INFO  storage.RaftStorage (RaftStorage.java:format(84)) - Storage directory /workdir/hadoop-ozone/integration-test/target/test-dir/MiniOzoneClusterImpl-63933bd2-200b-4836-97fb-de809f2124aa/datanode-2/data/ratis/675b7dc3-d557-44da-a195-6a028b36f0a7 has been successfully formatted.
2019-10-10 06:36:01,483 [pool-383-thread-1] INFO  ratis.ContainerStateMachine (ContainerStateMachine.java:loadSnapshot(231)) - group-6A028B36F0A7: The snapshot info is null. Setting the last applied indexto:(t:0, i:~)
2019-10-10 06:36:01,484 [pool-403-thread-1] INFO  ratis.ContainerStateMachine (ContainerStateMachine.java:loadSnapshot(231)) - group-6A028B36F0A7: The snapshot info is null. Setting the last applied indexto:(t:0, i:~)
2019-10-10 06:36:01,483 [pool-393-thread-1] INFO  ratis.ContainerStateMachine (ContainerStateMachine.java:loadSnapshot(231)) - group-6A028B36F0A7: The snapshot info is null. Setting the last applied indexto:(t:0, i:~)
2019-10-10 06:36:01,484 [pool-403-thread-1] INFO  server.RaftServerConfigKeys (ConfUtils.java:logGet(43)) - raft.server.notification.no-leader.timeout = 120s (custom)
2019-10-10 06:36:01,484 [pool-403-thread-1] INFO  server.RaftServerConfigKeys (ConfUtils.java:logGet(43)) - raft.server.log.use.memory = false (default)
2019-10-10 06:36:01,484 [pool-383-thread-1] INFO  server.RaftServerConfigKeys (ConfUtils.java:logGet(43)) - raft.server.notification.no-leader.timeout = 120s (custom)
2019-10-10 06:36:01,484 [pool-403-thread-1] INFO  server.RaftServerConfigKeys (ConfUtils.java:logGet(43)) - raft.server.log.purge.gap = 1000000 (custom)
2019-10-10 06:36:01,484 [pool-393-thread-1] INFO  server.RaftServerConfigKeys (ConfUtils.java:logGet(43)) - raft.server.notification.no-leader.timeout = 120s (custom)
2019-10-10 06:36:01,484 [pool-403-thread-1] INFO  server.RaftServerConfigKeys (ConfUtils.java:logGet(43)) - raft.server.log.appender.buffer.byte-limit = 33554432 (custom)
2019-10-10 06:36:01,484 [pool-383-thread-1] INFO  server.RaftServerConfigKeys (ConfUtils.java:logGet(43)) - raft.server.log.use.memory = false (default)
2019-10-10 06:36:01,485 [pool-403-thread-1] INFO  server.RaftServerConfigKeys (ConfUtils.java:logGet(43)) - raft.server.log.segment.size.max = 1048576 (custom)
2019-10-10 06:36:01,485 [pool-393-thread-1] INFO  server.RaftServerConfigKeys (ConfUtils.java:logGet(43)) - raft.server.log.use.memory = false (default)
2019-10-10 06:36:01,485 [pool-403-thread-1] INFO  server.RaftServerConfigKeys (ConfUtils.java:logGet(43)) - raft.server.log.segment.cache.num.max = 2 (custom)
2019-10-10 06:36:01,485 [pool-383-thread-1] INFO  server.RaftServerConfigKeys (ConfUtils.java:logGet(43)) - raft.server.log.purge.gap = 1000000 (custom)
2019-10-10 06:36:01,485 [pool-403-thread-1] INFO  segmented.SegmentedRaftLogWorker (SegmentedRaftLogWorker.java:<init>(173)) - new deb4f90e-5ffc-4d95-a535-9397ce96eec7@group-6A028B36F0A7-SegmentedRaftLogWorker for RaftStorage:Storage Directory /workdir/hadoop-ozone/integration-test/target/test-dir/MiniOzoneClusterImpl-63933bd2-200b-4836-97fb-de809f2124aa/datanode-2/data/ratis/675b7dc3-d557-44da-a195-6a028b36f0a7
2019-10-10 06:36:01,485 [pool-393-thread-1] INFO  server.RaftServerConfigKeys (ConfUtils.java:logGet(43)) - raft.server.log.purge.gap = 1000000 (custom)
2019-10-10 06:36:01,485 [pool-403-thread-1] INFO  server.RaftServerConfigKeys (ConfUtils.java:logGet(43)) - raft.server.log.queue.byte-limit = 2147483647 (custom)
2019-10-10 06:36:01,485 [pool-383-thread-1] INFO  server.RaftServerConfigKeys (ConfUtils.java:logGet(43)) - raft.server.log.appender.buffer.byte-limit = 33554432 (custom)
2019-10-10 06:36:01,486 [pool-403-thread-1] INFO  server.RaftServerConfigKeys (ConfUtils.java:logGet(43)) - raft.server.log.queue.element-limit = 1024 (custom)
2019-10-10 06:36:01,486 [pool-393-thread-1] INFO  server.RaftServerConfigKeys (ConfUtils.java:logGet(43)) - raft.server.log.appender.buffer.byte-limit = 33554432 (custom)
2019-10-10 06:36:01,486 [pool-403-thread-1] INFO  server.RaftServerConfigKeys (ConfUtils.java:logGet(43)) - raft.server.log.segment.size.max = 1048576 (custom)
2019-10-10 06:36:01,486 [pool-383-thread-1] INFO  server.RaftServerConfigKeys (ConfUtils.java:logGet(43)) - raft.server.log.segment.size.max = 1048576 (custom)
2019-10-10 06:36:01,486 [pool-403-thread-1] INFO  server.RaftServerConfigKeys (ConfUtils.java:logGet(43)) - raft.server.log.preallocated.size = 16384 (custom)
2019-10-10 06:36:01,486 [pool-393-thread-1] INFO  server.RaftServerConfigKeys (ConfUtils.java:logGet(43)) - raft.server.log.segment.size.max = 1048576 (custom)
2019-10-10 06:36:01,486 [pool-403-thread-1] INFO  server.RaftServerConfigKeys (ConfUtils.java:logGet(43)) - raft.server.log.write.buffer.size = 33554432 (custom)
2019-10-10 06:36:01,486 [pool-383-thread-1] INFO  server.RaftServerConfigKeys (ConfUtils.java:logGet(43)) - raft.server.log.segment.cache.num.max = 2 (custom)
2019-10-10 06:36:01,487 [pool-403-thread-1] INFO  server.RaftServerConfigKeys (ConfUtils.java:logGet(43)) - raft.server.log.force.sync.num = 128 (default)
2019-10-10 06:36:01,487 [pool-393-thread-1] INFO  server.RaftServerConfigKeys (ConfUtils.java:logGet(43)) - raft.server.log.segment.cache.num.max = 2 (custom)
2019-10-10 06:36:01,487 [pool-403-thread-1] INFO  server.RaftServerConfigKeys (ConfUtils.java:logGet(43)) - raft.server.log.statemachine.data.sync = true (default)
2019-10-10 06:36:01,487 [pool-383-thread-1] INFO  segmented.SegmentedRaftLogWorker (SegmentedRaftLogWorker.java:<init>(173)) - new 9ef369c6-e172-4b0f-bbfb-bcf146477daa@group-6A028B36F0A7-SegmentedRaftLogWorker for RaftStorage:Storage Directory /workdir/hadoop-ozone/integration-test/target/test-dir/MiniOzoneClusterImpl-63933bd2-200b-4836-97fb-de809f2124aa/datanode-0/data/ratis/675b7dc3-d557-44da-a195-6a028b36f0a7
2019-10-10 06:36:01,487 [pool-403-thread-1] INFO  server.RaftServerConfigKeys (ConfUtils.java:logGet(43)) - raft.server.log.statemachine.data.sync.timeout = 10s (default)
2019-10-10 06:36:01,487 [pool-393-thread-1] INFO  segmented.SegmentedRaftLogWorker (SegmentedRaftLogWorker.java:<init>(173)) - new be457821-dbd5-4f3c-8c18-14575015e379@group-6A028B36F0A7-SegmentedRaftLogWorker for RaftStorage:Storage Directory /workdir/hadoop-ozone/integration-test/target/test-dir/MiniOzoneClusterImpl-63933bd2-200b-4836-97fb-de809f2124aa/datanode-1/data/ratis/675b7dc3-d557-44da-a195-6a028b36f0a7
2019-10-10 06:36:01,487 [pool-403-thread-1] INFO  server.RaftServerConfigKeys (ConfUtils.java:logGet(43)) - raft.server.log.statemachine.data.sync.timeout.retry = -1 (default)
2019-10-10 06:36:01,487 [pool-383-thread-1] INFO  server.RaftServerConfigKeys (ConfUtils.java:logGet(43)) - raft.server.log.queue.byte-limit = 2147483647 (custom)
2019-10-10 06:36:01,488 [pool-403-thread-1] INFO  server.RaftServerConfigKeys (ConfUtils.java:logGet(43)) - raft.server.log.statemachine.data.caching.enabled = true (custom)
2019-10-10 06:36:01,487 [pool-393-thread-1] INFO  server.RaftServerConfigKeys (ConfUtils.java:logGet(43)) - raft.server.log.queue.byte-limit = 2147483647 (custom)
2019-10-10 06:36:01,488 [pool-383-thread-1] INFO  server.RaftServerConfigKeys (ConfUtils.java:logGet(43)) - raft.server.log.queue.element-limit = 1024 (custom)
2019-10-10 06:36:01,488 [pool-403-thread-1] INFO  segmented.SegmentedRaftLogWorker (SegmentedRaftLogWorker.java:lambda$new$0(128)) - deb4f90e-5ffc-4d95-a535-9397ce96eec7@group-6A028B36F0A7-SegmentedRaftLogWorker: flushIndex: setUnconditionally 0 -> -1
2019-10-10 06:36:01,488 [pool-393-thread-1] INFO  server.RaftServerConfigKeys (ConfUtils.java:logGet(43)) - raft.server.log.queue.element-limit = 1024 (custom)
2019-10-10 06:36:01,488 [pool-383-thread-1] INFO  server.RaftServerConfigKeys (ConfUtils.java:logGet(43)) - raft.server.log.segment.size.max = 1048576 (custom)
2019-10-10 06:36:01,488 [pool-403-thread-1] INFO  server.RaftServerConfigKeys (ConfUtils.java:logGet(43)) - raft.server.snapshot.auto.trigger.enabled = true (custom)
2019-10-10 06:36:01,488 [pool-393-thread-1] INFO  server.RaftServerConfigKeys (ConfUtils.java:logGet(43)) - raft.server.log.segment.size.max = 1048576 (custom)
2019-10-10 06:36:01,489 [pool-403-thread-1] INFO  server.RaftServerConfigKeys (ConfUtils.java:logGet(43)) - raft.server.snapshot.auto.trigger.threshold = 10000 (custom)
2019-10-10 06:36:01,489 [pool-383-thread-1] INFO  server.RaftServerConfigKeys (ConfUtils.java:logGet(43)) - raft.server.log.preallocated.size = 16384 (custom)
2019-10-10 06:36:01,489 [pool-403-thread-1] INFO  server.RaftServerConfigKeys (ConfUtils.java:logGet(43)) - raft.server.snapshot.retention.file.num = 5 (custom)
2019-10-10 06:36:01,489 [pool-393-thread-1] INFO  server.RaftServerConfigKeys (ConfUtils.java:logGet(43)) - raft.server.log.preallocated.size = 16384 (custom)
2019-10-10 06:36:01,489 [pool-403-thread-1] INFO  server.RaftServerConfigKeys (ConfUtils.java:logGet(43)) - raft.server.retrycache.expirytime = 600000ms (custom)
2019-10-10 06:36:01,489 [pool-383-thread-1] INFO  server.RaftServerConfigKeys (ConfUtils.java:logGet(43)) - raft.server.log.write.buffer.size = 33554432 (custom)
2019-10-10 06:36:01,489 [pool-393-thread-1] INFO  server.RaftServerConfigKeys (ConfUtils.java:logGet(43)) - raft.server.log.write.buffer.size = 33554432 (custom)
2019-10-10 06:36:01,490 [pool-383-thread-1] INFO  server.RaftServerConfigKeys (ConfUtils.java:logGet(43)) - raft.server.log.force.sync.num = 128 (default)
2019-10-10 06:36:01,490 [pool-393-thread-1] INFO  server.RaftServerConfigKeys (ConfUtils.java:logGet(43)) - raft.server.log.force.sync.num = 128 (default)
2019-10-10 06:36:01,490 [pool-393-thread-1] INFO  server.RaftServerConfigKeys (ConfUtils.java:logGet(43)) - raft.server.log.statemachine.data.sync = true (default)
2019-10-10 06:36:01,490 [pool-383-thread-1] INFO  server.RaftServerConfigKeys (ConfUtils.java:logGet(43)) - raft.server.log.statemachine.data.sync = true (default)
2019-10-10 06:36:01,490 [IPC Server handler 1 on 34327] INFO  net.NetworkTopology (NetworkTopologyImpl.java:add(111)) - Added a new node: /default-rack/9c184505-603a-4e48-9970-fca55316ce76
2019-10-10 06:36:01,490 [pool-393-thread-1] INFO  server.RaftServerConfigKeys (ConfUtils.java:logGet(43)) - raft.server.log.statemachine.data.sync.timeout = 10s (default)
2019-10-10 06:36:01,490 [IPC Server handler 1 on 34327] INFO  node.SCMNodeManager (SCMNodeManager.java:register(268)) - Registered Data node : 9c184505-603a-4e48-9970-fca55316ce76{ip: 192.168.151.114, host: trunk-nightly-20191010-ks672-2217485364, networkLocation: /default-rack, certSerialId: null}
2019-10-10 06:36:01,490 [pool-383-thread-1] INFO  server.RaftServerConfigKeys (ConfUtils.java:logGet(43)) - raft.server.log.statemachine.data.sync.timeout = 10s (default)
2019-10-10 06:36:01,491 [pool-393-thread-1] INFO  server.RaftServerConfigKeys (ConfUtils.java:logGet(43)) - raft.server.log.statemachine.data.sync.timeout.retry = -1 (default)
2019-10-10 06:36:01,491 [pool-383-thread-1] INFO  server.RaftServerConfigKeys (ConfUtils.java:logGet(43)) - raft.server.log.statemachine.data.sync.timeout.retry = -1 (default)
2019-10-10 06:36:01,491 [pool-393-thread-1] INFO  server.RaftServerConfigKeys (ConfUtils.java:logGet(43)) - raft.server.log.statemachine.data.caching.enabled = true (custom)
2019-10-10 06:36:01,491 [pool-403-thread-1] INFO  impl.RaftServerImpl (RaftServerImpl.java:start(181)) - deb4f90e-5ffc-4d95-a535-9397ce96eec7@group-6A028B36F0A7: start as a follower, conf=-1: [deb4f90e-5ffc-4d95-a535-9397ce96eec7:192.168.151.114:46086, be457821-dbd5-4f3c-8c18-14575015e379:192.168.151.114:34216, 9ef369c6-e172-4b0f-bbfb-bcf146477daa:192.168.151.114:43936], old=null
2019-10-10 06:36:01,491 [pool-393-thread-1] INFO  segmented.SegmentedRaftLogWorker (SegmentedRaftLogWorker.java:lambda$new$0(128)) - be457821-dbd5-4f3c-8c18-14575015e379@group-6A028B36F0A7-SegmentedRaftLogWorker: flushIndex: setUnconditionally 0 -> -1
2019-10-10 06:36:01,491 [pool-383-thread-1] INFO  server.RaftServerConfigKeys (ConfUtils.java:logGet(43)) - raft.server.log.statemachine.data.caching.enabled = true (custom)
2019-10-10 06:36:01,492 [pool-393-thread-1] INFO  server.RaftServerConfigKeys (ConfUtils.java:logGet(43)) - raft.server.snapshot.auto.trigger.enabled = true (custom)
2019-10-10 06:36:01,491 [pool-403-thread-1] INFO  impl.RaftServerImpl (RaftServerImpl.java:setRole(170)) - deb4f90e-5ffc-4d95-a535-9397ce96eec7@group-6A028B36F0A7: changes role from      null to FOLLOWER at term 0 for startAsFollower
2019-10-10 06:36:01,492 [pool-383-thread-1] INFO  segmented.SegmentedRaftLogWorker (SegmentedRaftLogWorker.java:lambda$new$0(128)) - 9ef369c6-e172-4b0f-bbfb-bcf146477daa@group-6A028B36F0A7-SegmentedRaftLogWorker: flushIndex: setUnconditionally 0 -> -1
2019-10-10 06:36:01,492 [pool-393-thread-1] INFO  server.RaftServerConfigKeys (ConfUtils.java:logGet(43)) - raft.server.snapshot.auto.trigger.threshold = 10000 (custom)
2019-10-10 06:36:01,492 [pool-403-thread-1] INFO  impl.RoleInfo (RoleInfo.java:updateAndGet(143)) - deb4f90e-5ffc-4d95-a535-9397ce96eec7: start FollowerState
2019-10-10 06:36:01,492 [pool-383-thread-1] INFO  server.RaftServerConfigKeys (ConfUtils.java:logGet(43)) - raft.server.snapshot.auto.trigger.enabled = true (custom)
2019-10-10 06:36:01,492 [pool-393-thread-1] INFO  server.RaftServerConfigKeys (ConfUtils.java:logGet(43)) - raft.server.snapshot.retention.file.num = 5 (custom)
2019-10-10 06:36:01,493 [pool-383-thread-1] INFO  server.RaftServerConfigKeys (ConfUtils.java:logGet(43)) - raft.server.snapshot.auto.trigger.threshold = 10000 (custom)
2019-10-10 06:36:01,493 [pool-393-thread-1] INFO  server.RaftServerConfigKeys (ConfUtils.java:logGet(43)) - raft.server.retrycache.expirytime = 600000ms (custom)
2019-10-10 06:36:01,493 [pool-403-thread-1] INFO  util.JmxRegister (JmxRegister.java:tryRegister(44)) - Successfully registered JMX Bean with object name Ratis:service=RaftServer,group=group-6A028B36F0A7,id=deb4f90e-5ffc-4d95-a535-9397ce96eec7
2019-10-10 06:36:01,493 [pool-383-thread-1] INFO  server.RaftServerConfigKeys (ConfUtils.java:logGet(43)) - raft.server.snapshot.retention.file.num = 5 (custom)
2019-10-10 06:36:01,493 [pool-383-thread-1] INFO  server.RaftServerConfigKeys (ConfUtils.java:logGet(43)) - raft.server.retrycache.expirytime = 600000ms (custom)
2019-10-10 06:36:01,496 [pool-393-thread-1] INFO  impl.RaftServerImpl (RaftServerImpl.java:start(181)) - be457821-dbd5-4f3c-8c18-14575015e379@group-6A028B36F0A7: start as a follower, conf=-1: [deb4f90e-5ffc-4d95-a535-9397ce96eec7:192.168.151.114:46086, be457821-dbd5-4f3c-8c18-14575015e379:192.168.151.114:34216, 9ef369c6-e172-4b0f-bbfb-bcf146477daa:192.168.151.114:43936], old=null
2019-10-10 06:36:01,496 [pool-393-thread-1] INFO  impl.RaftServerImpl (RaftServerImpl.java:setRole(170)) - be457821-dbd5-4f3c-8c18-14575015e379@group-6A028B36F0A7: changes role from      null to FOLLOWER at term 0 for startAsFollower
2019-10-10 06:36:01,496 [pool-393-thread-1] INFO  impl.RoleInfo (RoleInfo.java:updateAndGet(143)) - be457821-dbd5-4f3c-8c18-14575015e379: start FollowerState
2019-10-10 06:36:01,496 [pool-393-thread-1] INFO  util.JmxRegister (JmxRegister.java:tryRegister(44)) - Successfully registered JMX Bean with object name Ratis:service=RaftServer,group=group-6A028B36F0A7,id=be457821-dbd5-4f3c-8c18-14575015e379
2019-10-10 06:36:01,496 [pool-383-thread-1] INFO  impl.RaftServerImpl (RaftServerImpl.java:start(181)) - 9ef369c6-e172-4b0f-bbfb-bcf146477daa@group-6A028B36F0A7: start as a follower, conf=-1: [deb4f90e-5ffc-4d95-a535-9397ce96eec7:192.168.151.114:46086, be457821-dbd5-4f3c-8c18-14575015e379:192.168.151.114:34216, 9ef369c6-e172-4b0f-bbfb-bcf146477daa:192.168.151.114:43936], old=null
2019-10-10 06:36:01,496 [pool-383-thread-1] INFO  impl.RaftServerImpl (RaftServerImpl.java:setRole(170)) - 9ef369c6-e172-4b0f-bbfb-bcf146477daa@group-6A028B36F0A7: changes role from      null to FOLLOWER at term 0 for startAsFollower
2019-10-10 06:36:01,497 [pool-383-thread-1] INFO  impl.RoleInfo (RoleInfo.java:updateAndGet(143)) - 9ef369c6-e172-4b0f-bbfb-bcf146477daa: start FollowerState
2019-10-10 06:36:01,497 [pool-383-thread-1] INFO  util.JmxRegister (JmxRegister.java:tryRegister(44)) - Successfully registered JMX Bean with object name Ratis:service=RaftServer,group=group-6A028B36F0A7,id=9ef369c6-e172-4b0f-bbfb-bcf146477daa
2019-10-10 06:36:01,500 [RatisPipelineUtilsThread] INFO  pipeline.PipelineStateManager (PipelineStateManager.java:addPipeline(56)) - Created pipeline Pipeline[ Id: 675b7dc3-d557-44da-a195-6a028b36f0a7, Nodes: deb4f90e-5ffc-4d95-a535-9397ce96eec7{ip: 192.168.151.114, host: trunk-nightly-20191010-ks672-2217485364, networkLocation: /default-rack, certSerialId: null}be457821-dbd5-4f3c-8c18-14575015e379{ip: 192.168.151.114, host: trunk-nightly-20191010-ks672-2217485364, networkLocation: /default-rack, certSerialId: null}9ef369c6-e172-4b0f-bbfb-bcf146477daa{ip: 192.168.151.114, host: trunk-nightly-20191010-ks672-2217485364, networkLocation: /default-rack, certSerialId: null}, Type:RATIS, Factor:THREE, State:OPEN]
2019-10-10 06:36:01,555 [IPC Server handler 2 on 34327] INFO  net.NetworkTopology (NetworkTopologyImpl.java:add(111)) - Added a new node: /default-rack/b50d008d-c133-461f-be14-0ec9f77962b8
2019-10-10 06:36:01,555 [IPC Server handler 2 on 34327] INFO  node.SCMNodeManager (SCMNodeManager.java:register(268)) - Registered Data node : b50d008d-c133-461f-be14-0ec9f77962b8{ip: 192.168.151.114, host: trunk-nightly-20191010-ks672-2217485364, networkLocation: /default-rack, certSerialId: null}
2019-10-10 06:36:01,561 [grpc-default-executor-2] INFO  impl.RaftServerProxy (RaftServerProxy.java:addNew(89)) - b50d008d-c133-461f-be14-0ec9f77962b8: addNew group-D9C37D170824:[b50d008d-c133-461f-be14-0ec9f77962b8:192.168.151.114:41807] returns group-D9C37D170824:java.util.concurrent.CompletableFuture@7db09579[Not completed]
2019-10-10 06:36:01,562 [pool-423-thread-1] INFO  impl.RaftServerImpl (RaftServerImpl.java:<init>(95)) - b50d008d-c133-461f-be14-0ec9f77962b8: new RaftServerImpl for group-D9C37D170824:[b50d008d-c133-461f-be14-0ec9f77962b8:192.168.151.114:41807] with ContainerStateMachine:uninitialized
2019-10-10 06:36:01,562 [pool-423-thread-1] INFO  server.RaftServerConfigKeys (ConfUtils.java:logGet(43)) - raft.server.rpc.timeout.min = 5s (custom)
2019-10-10 06:36:01,562 [pool-423-thread-1] INFO  server.RaftServerConfigKeys (ConfUtils.java:logGet(43)) - raft.server.rpc.timeout.max = 5200ms (custom)
2019-10-10 06:36:01,562 [pool-423-thread-1] INFO  server.RaftServerConfigKeys (ConfUtils.java:logGet(43)) - raft.server.rpcslowness.timeout = 120s (custom)
2019-10-10 06:36:01,562 [pool-423-thread-1] INFO  server.RaftServerConfigKeys (ConfUtils.java:logGet(43)) - raft.server.sleep.deviation.threshold = 300 (default)
2019-10-10 06:36:01,563 [pool-423-thread-1] INFO  server.RaftServerConfigKeys (ConfUtils.java:logGet(43)) - raft.server.log.appender.install.snapshot.enabled = false (custom)
2019-10-10 06:36:01,563 [pool-423-thread-1] INFO  impl.RaftServerImpl (ServerState.java:<init>(103)) - b50d008d-c133-461f-be14-0ec9f77962b8@group-D9C37D170824: ConfigurationManager, init=-1: [b50d008d-c133-461f-be14-0ec9f77962b8:192.168.151.114:41807], old=null, confs=<EMPTY_MAP>
2019-10-10 06:36:01,563 [pool-423-thread-1] INFO  server.RaftServerConfigKeys (ConfUtils.java:logGet(43)) - raft.server.storage.dir = [/workdir/hadoop-ozone/integration-test/target/test-dir/MiniOzoneClusterImpl-63933bd2-200b-4836-97fb-de809f2124aa/datanode-4/data/ratis] (custom)
2019-10-10 06:36:01,563 [pool-423-thread-1] INFO  server.RaftServerConfigKeys (ConfUtils.java:logGet(43)) - raft.server.log.corruption.policy = EXCEPTION (default)
2019-10-10 06:36:01,563 [pool-423-thread-1] INFO  storage.RaftStorageDirectory (RaftStorageDirectory.java:analyzeStorage(246)) - The storage directory /workdir/hadoop-ozone/integration-test/target/test-dir/MiniOzoneClusterImpl-63933bd2-200b-4836-97fb-de809f2124aa/datanode-4/data/ratis/76880ed8-2f93-49ae-a725-d9c37d170824 does not exist. Creating ...
2019-10-10 06:36:01,575 [pool-423-thread-1] INFO  storage.RaftStorageDirectory (RaftStorageDirectory.java:tryLock(328)) - Lock on /workdir/hadoop-ozone/integration-test/target/test-dir/MiniOzoneClusterImpl-63933bd2-200b-4836-97fb-de809f2124aa/datanode-4/data/ratis/76880ed8-2f93-49ae-a725-d9c37d170824/in_use.lock acquired by nodename 26642@trunk-nightly-20191010-ks672-2217485364
2019-10-10 06:36:01,588 [pool-423-thread-1] INFO  storage.RaftStorage (RaftStorage.java:format(84)) - Storage directory /workdir/hadoop-ozone/integration-test/target/test-dir/MiniOzoneClusterImpl-63933bd2-200b-4836-97fb-de809f2124aa/datanode-4/data/ratis/76880ed8-2f93-49ae-a725-d9c37d170824 has been successfully formatted.
2019-10-10 06:36:01,589 [pool-423-thread-1] INFO  ratis.ContainerStateMachine (ContainerStateMachine.java:loadSnapshot(231)) - group-D9C37D170824: The snapshot info is null. Setting the last applied indexto:(t:0, i:~)
2019-10-10 06:36:01,589 [pool-423-thread-1] INFO  server.RaftServerConfigKeys (ConfUtils.java:logGet(43)) - raft.server.notification.no-leader.timeout = 120s (custom)
2019-10-10 06:36:01,589 [pool-423-thread-1] INFO  server.RaftServerConfigKeys (ConfUtils.java:logGet(43)) - raft.server.log.use.memory = false (default)
2019-10-10 06:36:01,589 [pool-423-thread-1] INFO  server.RaftServerConfigKeys (ConfUtils.java:logGet(43)) - raft.server.log.purge.gap = 1000000 (custom)
2019-10-10 06:36:01,589 [pool-423-thread-1] INFO  server.RaftServerConfigKeys (ConfUtils.java:logGet(43)) - raft.server.log.appender.buffer.byte-limit = 33554432 (custom)
2019-10-10 06:36:01,589 [pool-423-thread-1] INFO  server.RaftServerConfigKeys (ConfUtils.java:logGet(43)) - raft.server.log.segment.size.max = 1048576 (custom)
2019-10-10 06:36:01,591 [pool-423-thread-1] INFO  server.RaftServerConfigKeys (ConfUtils.java:logGet(43)) - raft.server.log.segment.cache.num.max = 2 (custom)
2019-10-10 06:36:01,591 [pool-423-thread-1] INFO  segmented.SegmentedRaftLogWorker (SegmentedRaftLogWorker.java:<init>(173)) - new b50d008d-c133-461f-be14-0ec9f77962b8@group-D9C37D170824-SegmentedRaftLogWorker for RaftStorage:Storage Directory /workdir/hadoop-ozone/integration-test/target/test-dir/MiniOzoneClusterImpl-63933bd2-200b-4836-97fb-de809f2124aa/datanode-4/data/ratis/76880ed8-2f93-49ae-a725-d9c37d170824
2019-10-10 06:36:01,591 [pool-423-thread-1] INFO  server.RaftServerConfigKeys (ConfUtils.java:logGet(43)) - raft.server.log.queue.byte-limit = 2147483647 (custom)
2019-10-10 06:36:01,591 [pool-423-thread-1] INFO  server.RaftServerConfigKeys (ConfUtils.java:logGet(43)) - raft.server.log.queue.element-limit = 1024 (custom)
2019-10-10 06:36:01,591 [pool-423-thread-1] INFO  server.RaftServerConfigKeys (ConfUtils.java:logGet(43)) - raft.server.log.segment.size.max = 1048576 (custom)
2019-10-10 06:36:01,592 [pool-423-thread-1] INFO  server.RaftServerConfigKeys (ConfUtils.java:logGet(43)) - raft.server.log.preallocated.size = 16384 (custom)
2019-10-10 06:36:01,592 [pool-423-thread-1] INFO  server.RaftServerConfigKeys (ConfUtils.java:logGet(43)) - raft.server.log.write.buffer.size = 33554432 (custom)
2019-10-10 06:36:01,592 [pool-423-thread-1] INFO  server.RaftServerConfigKeys (ConfUtils.java:logGet(43)) - raft.server.log.force.sync.num = 128 (default)
2019-10-10 06:36:01,592 [pool-423-thread-1] INFO  server.RaftServerConfigKeys (ConfUtils.java:logGet(43)) - raft.server.log.statemachine.data.sync = true (default)
2019-10-10 06:36:01,592 [pool-423-thread-1] INFO  server.RaftServerConfigKeys (ConfUtils.java:logGet(43)) - raft.server.log.statemachine.data.sync.timeout = 10s (default)
2019-10-10 06:36:01,592 [pool-423-thread-1] INFO  server.RaftServerConfigKeys (ConfUtils.java:logGet(43)) - raft.server.log.statemachine.data.sync.timeout.retry = -1 (default)
2019-10-10 06:36:01,592 [pool-423-thread-1] INFO  server.RaftServerConfigKeys (ConfUtils.java:logGet(43)) - raft.server.log.statemachine.data.caching.enabled = true (custom)
2019-10-10 06:36:01,593 [pool-423-thread-1] INFO  segmented.SegmentedRaftLogWorker (SegmentedRaftLogWorker.java:lambda$new$0(128)) - b50d008d-c133-461f-be14-0ec9f77962b8@group-D9C37D170824-SegmentedRaftLogWorker: flushIndex: setUnconditionally 0 -> -1
2019-10-10 06:36:01,593 [pool-423-thread-1] INFO  server.RaftServerConfigKeys (ConfUtils.java:logGet(43)) - raft.server.snapshot.auto.trigger.enabled = true (custom)
2019-10-10 06:36:01,593 [pool-423-thread-1] INFO  server.RaftServerConfigKeys (ConfUtils.java:logGet(43)) - raft.server.snapshot.auto.trigger.threshold = 10000 (custom)
2019-10-10 06:36:01,593 [pool-423-thread-1] INFO  server.RaftServerConfigKeys (ConfUtils.java:logGet(43)) - raft.server.snapshot.retention.file.num = 5 (custom)
2019-10-10 06:36:01,593 [pool-423-thread-1] INFO  server.RaftServerConfigKeys (ConfUtils.java:logGet(43)) - raft.server.retrycache.expirytime = 600000ms (custom)
2019-10-10 06:36:01,594 [pool-423-thread-1] INFO  impl.RaftServerImpl (RaftServerImpl.java:start(181)) - b50d008d-c133-461f-be14-0ec9f77962b8@group-D9C37D170824: start as a follower, conf=-1: [b50d008d-c133-461f-be14-0ec9f77962b8:192.168.151.114:41807], old=null
2019-10-10 06:36:01,594 [pool-423-thread-1] INFO  impl.RaftServerImpl (RaftServerImpl.java:setRole(170)) - b50d008d-c133-461f-be14-0ec9f77962b8@group-D9C37D170824: changes role from      null to FOLLOWER at term 0 for startAsFollower
2019-10-10 06:36:01,594 [pool-423-thread-1] INFO  impl.RoleInfo (RoleInfo.java:updateAndGet(143)) - b50d008d-c133-461f-be14-0ec9f77962b8: start FollowerState
2019-10-10 06:36:01,594 [pool-423-thread-1] INFO  util.JmxRegister (JmxRegister.java:tryRegister(44)) - Successfully registered JMX Bean with object name Ratis:service=RaftServer,group=group-D9C37D170824,id=b50d008d-c133-461f-be14-0ec9f77962b8
2019-10-10 06:36:01,597 [RatisPipelineUtilsThread] INFO  pipeline.PipelineStateManager (PipelineStateManager.java:addPipeline(56)) - Created pipeline Pipeline[ Id: 76880ed8-2f93-49ae-a725-d9c37d170824, Nodes: b50d008d-c133-461f-be14-0ec9f77962b8{ip: 192.168.151.114, host: trunk-nightly-20191010-ks672-2217485364, networkLocation: /default-rack, certSerialId: null}, Type:RATIS, Factor:ONE, State:OPEN]
2019-10-10 06:36:01,602 [grpc-default-executor-2] INFO  impl.RaftServerProxy (RaftServerProxy.java:addNew(89)) - 9c184505-603a-4e48-9970-fca55316ce76: addNew group-4091370346DB:[9c184505-603a-4e48-9970-fca55316ce76:192.168.151.114:36624] returns group-4091370346DB:java.util.concurrent.CompletableFuture@4d2bb72[Not completed]
2019-10-10 06:36:01,603 [pool-413-thread-1] INFO  impl.RaftServerImpl (RaftServerImpl.java:<init>(95)) - 9c184505-603a-4e48-9970-fca55316ce76: new RaftServerImpl for group-4091370346DB:[9c184505-603a-4e48-9970-fca55316ce76:192.168.151.114:36624] with ContainerStateMachine:uninitialized
2019-10-10 06:36:01,603 [pool-413-thread-1] INFO  server.RaftServerConfigKeys (ConfUtils.java:logGet(43)) - raft.server.rpc.timeout.min = 5s (custom)
2019-10-10 06:36:01,603 [pool-413-thread-1] INFO  server.RaftServerConfigKeys (ConfUtils.java:logGet(43)) - raft.server.rpc.timeout.max = 5200ms (custom)
2019-10-10 06:36:01,603 [pool-413-thread-1] INFO  server.RaftServerConfigKeys (ConfUtils.java:logGet(43)) - raft.server.rpcslowness.timeout = 120s (custom)
2019-10-10 06:36:01,603 [pool-413-thread-1] INFO  server.RaftServerConfigKeys (ConfUtils.java:logGet(43)) - raft.server.sleep.deviation.threshold = 300 (default)
2019-10-10 06:36:01,603 [pool-413-thread-1] INFO  server.RaftServerConfigKeys (ConfUtils.java:logGet(43)) - raft.server.log.appender.install.snapshot.enabled = false (custom)
2019-10-10 06:36:01,603 [pool-413-thread-1] INFO  impl.RaftServerImpl (ServerState.java:<init>(103)) - 9c184505-603a-4e48-9970-fca55316ce76@group-4091370346DB: ConfigurationManager, init=-1: [9c184505-603a-4e48-9970-fca55316ce76:192.168.151.114:36624], old=null, confs=<EMPTY_MAP>
2019-10-10 06:36:01,603 [pool-413-thread-1] INFO  server.RaftServerConfigKeys (ConfUtils.java:logGet(43)) - raft.server.storage.dir = [/workdir/hadoop-ozone/integration-test/target/test-dir/MiniOzoneClusterImpl-63933bd2-200b-4836-97fb-de809f2124aa/datanode-3/data/ratis] (custom)
2019-10-10 06:36:01,603 [pool-413-thread-1] INFO  server.RaftServerConfigKeys (ConfUtils.java:logGet(43)) - raft.server.log.corruption.policy = EXCEPTION (default)
2019-10-10 06:36:01,604 [pool-413-thread-1] INFO  storage.RaftStorageDirectory (RaftStorageDirectory.java:analyzeStorage(246)) - The storage directory /workdir/hadoop-ozone/integration-test/target/test-dir/MiniOzoneClusterImpl-63933bd2-200b-4836-97fb-de809f2124aa/datanode-3/data/ratis/37ba2e9d-648c-4d65-b635-4091370346db does not exist. Creating ...
2019-10-10 06:36:01,616 [pool-413-thread-1] INFO  storage.RaftStorageDirectory (RaftStorageDirectory.java:tryLock(328)) - Lock on /workdir/hadoop-ozone/integration-test/target/test-dir/MiniOzoneClusterImpl-63933bd2-200b-4836-97fb-de809f2124aa/datanode-3/data/ratis/37ba2e9d-648c-4d65-b635-4091370346db/in_use.lock acquired by nodename 26642@trunk-nightly-20191010-ks672-2217485364
2019-10-10 06:36:01,621 [IPC Server handler 0 on 34327] INFO  net.NetworkTopology (NetworkTopologyImpl.java:add(111)) - Added a new node: /default-rack/4e14e28b-4edf-4657-aa1e-a5c17b399f56
2019-10-10 06:36:01,621 [IPC Server handler 0 on 34327] INFO  node.SCMNodeManager (SCMNodeManager.java:register(268)) - Registered Data node : 4e14e28b-4edf-4657-aa1e-a5c17b399f56{ip: 192.168.151.114, host: trunk-nightly-20191010-ks672-2217485364, networkLocation: /default-rack, certSerialId: null}
2019-10-10 06:36:01,629 [pool-413-thread-1] INFO  storage.RaftStorage (RaftStorage.java:format(84)) - Storage directory /workdir/hadoop-ozone/integration-test/target/test-dir/MiniOzoneClusterImpl-63933bd2-200b-4836-97fb-de809f2124aa/datanode-3/data/ratis/37ba2e9d-648c-4d65-b635-4091370346db has been successfully formatted.
2019-10-10 06:36:01,629 [pool-413-thread-1] INFO  ratis.ContainerStateMachine (ContainerStateMachine.java:loadSnapshot(231)) - group-4091370346DB: The snapshot info is null. Setting the last applied indexto:(t:0, i:~)
2019-10-10 06:36:01,629 [pool-413-thread-1] INFO  server.RaftServerConfigKeys (ConfUtils.java:logGet(43)) - raft.server.notification.no-leader.timeout = 120s (custom)
2019-10-10 06:36:01,629 [pool-413-thread-1] INFO  server.RaftServerConfigKeys (ConfUtils.java:logGet(43)) - raft.server.log.use.memory = false (default)
2019-10-10 06:36:01,629 [pool-413-thread-1] INFO  server.RaftServerConfigKeys (ConfUtils.java:logGet(43)) - raft.server.log.purge.gap = 1000000 (custom)
2019-10-10 06:36:01,629 [pool-413-thread-1] INFO  server.RaftServerConfigKeys (ConfUtils.java:logGet(43)) - raft.server.log.appender.buffer.byte-limit = 33554432 (custom)
2019-10-10 06:36:01,629 [pool-413-thread-1] INFO  server.RaftServerConfigKeys (ConfUtils.java:logGet(43)) - raft.server.log.segment.size.max = 1048576 (custom)
2019-10-10 06:36:01,630 [pool-413-thread-1] INFO  server.RaftServerConfigKeys (ConfUtils.java:logGet(43)) - raft.server.log.segment.cache.num.max = 2 (custom)
2019-10-10 06:36:01,630 [pool-413-thread-1] INFO  segmented.SegmentedRaftLogWorker (SegmentedRaftLogWorker.java:<init>(173)) - new 9c184505-603a-4e48-9970-fca55316ce76@group-4091370346DB-SegmentedRaftLogWorker for RaftStorage:Storage Directory /workdir/hadoop-ozone/integration-test/target/test-dir/MiniOzoneClusterImpl-63933bd2-200b-4836-97fb-de809f2124aa/datanode-3/data/ratis/37ba2e9d-648c-4d65-b635-4091370346db
2019-10-10 06:36:01,630 [pool-413-thread-1] INFO  server.RaftServerConfigKeys (ConfUtils.java:logGet(43)) - raft.server.log.queue.byte-limit = 2147483647 (custom)
2019-10-10 06:36:01,631 [pool-413-thread-1] INFO  server.RaftServerConfigKeys (ConfUtils.java:logGet(43)) - raft.server.log.queue.element-limit = 1024 (custom)
2019-10-10 06:36:01,631 [pool-413-thread-1] INFO  server.RaftServerConfigKeys (ConfUtils.java:logGet(43)) - raft.server.log.segment.size.max = 1048576 (custom)
2019-10-10 06:36:01,631 [pool-413-thread-1] INFO  server.RaftServerConfigKeys (ConfUtils.java:logGet(43)) - raft.server.log.preallocated.size = 16384 (custom)
2019-10-10 06:36:01,631 [pool-413-thread-1] INFO  server.RaftServerConfigKeys (ConfUtils.java:logGet(43)) - raft.server.log.write.buffer.size = 33554432 (custom)
2019-10-10 06:36:01,631 [pool-413-thread-1] INFO  server.RaftServerConfigKeys (ConfUtils.java:logGet(43)) - raft.server.log.force.sync.num = 128 (default)
2019-10-10 06:36:01,631 [pool-413-thread-1] INFO  server.RaftServerConfigKeys (ConfUtils.java:logGet(43)) - raft.server.log.statemachine.data.sync = true (default)
2019-10-10 06:36:01,631 [pool-413-thread-1] INFO  server.RaftServerConfigKeys (ConfUtils.java:logGet(43)) - raft.server.log.statemachine.data.sync.timeout = 10s (default)
2019-10-10 06:36:01,631 [pool-413-thread-1] INFO  server.RaftServerConfigKeys (ConfUtils.java:logGet(43)) - raft.server.log.statemachine.data.sync.timeout.retry = -1 (default)
2019-10-10 06:36:01,631 [pool-413-thread-1] INFO  server.RaftServerConfigKeys (ConfUtils.java:logGet(43)) - raft.server.log.statemachine.data.caching.enabled = true (custom)
2019-10-10 06:36:01,632 [pool-413-thread-1] INFO  segmented.SegmentedRaftLogWorker (SegmentedRaftLogWorker.java:lambda$new$0(128)) - 9c184505-603a-4e48-9970-fca55316ce76@group-4091370346DB-SegmentedRaftLogWorker: flushIndex: setUnconditionally 0 -> -1
2019-10-10 06:36:01,632 [pool-413-thread-1] INFO  server.RaftServerConfigKeys (ConfUtils.java:logGet(43)) - raft.server.snapshot.auto.trigger.enabled = true (custom)
2019-10-10 06:36:01,632 [pool-413-thread-1] INFO  server.RaftServerConfigKeys (ConfUtils.java:logGet(43)) - raft.server.snapshot.auto.trigger.threshold = 10000 (custom)
2019-10-10 06:36:01,632 [pool-413-thread-1] INFO  server.RaftServerConfigKeys (ConfUtils.java:logGet(43)) - raft.server.snapshot.retention.file.num = 5 (custom)
2019-10-10 06:36:01,632 [pool-413-thread-1] INFO  server.RaftServerConfigKeys (ConfUtils.java:logGet(43)) - raft.server.retrycache.expirytime = 600000ms (custom)
2019-10-10 06:36:01,633 [pool-413-thread-1] INFO  impl.RaftServerImpl (RaftServerImpl.java:start(181)) - 9c184505-603a-4e48-9970-fca55316ce76@group-4091370346DB: start as a follower, conf=-1: [9c184505-603a-4e48-9970-fca55316ce76:192.168.151.114:36624], old=null
2019-10-10 06:36:01,633 [pool-413-thread-1] INFO  impl.RaftServerImpl (RaftServerImpl.java:setRole(170)) - 9c184505-603a-4e48-9970-fca55316ce76@group-4091370346DB: changes role from      null to FOLLOWER at term 0 for startAsFollower
2019-10-10 06:36:01,633 [pool-413-thread-1] INFO  impl.RoleInfo (RoleInfo.java:updateAndGet(143)) - 9c184505-603a-4e48-9970-fca55316ce76: start FollowerState
2019-10-10 06:36:01,633 [pool-413-thread-1] INFO  util.JmxRegister (JmxRegister.java:tryRegister(44)) - Successfully registered JMX Bean with object name Ratis:service=RaftServer,group=group-4091370346DB,id=9c184505-603a-4e48-9970-fca55316ce76
2019-10-10 06:36:01,636 [RatisPipelineUtilsThread] INFO  pipeline.PipelineStateManager (PipelineStateManager.java:addPipeline(56)) - Created pipeline Pipeline[ Id: 37ba2e9d-648c-4d65-b635-4091370346db, Nodes: 9c184505-603a-4e48-9970-fca55316ce76{ip: 192.168.151.114, host: trunk-nightly-20191010-ks672-2217485364, networkLocation: /default-rack, certSerialId: null}, Type:RATIS, Factor:ONE, State:OPEN]
2019-10-10 06:36:01,653 [grpc-default-executor-2] INFO  impl.RaftServerProxy (RaftServerProxy.java:addNew(89)) - 4e14e28b-4edf-4657-aa1e-a5c17b399f56: addNew group-CA7ECD764D1F:[4e14e28b-4edf-4657-aa1e-a5c17b399f56:192.168.151.114:44540] returns group-CA7ECD764D1F:java.util.concurrent.CompletableFuture@405ac4b8[Not completed]
2019-10-10 06:36:01,655 [pool-433-thread-1] INFO  impl.RaftServerImpl (RaftServerImpl.java:<init>(95)) - 4e14e28b-4edf-4657-aa1e-a5c17b399f56: new RaftServerImpl for group-CA7ECD764D1F:[4e14e28b-4edf-4657-aa1e-a5c17b399f56:192.168.151.114:44540] with ContainerStateMachine:uninitialized
2019-10-10 06:36:01,655 [pool-433-thread-1] INFO  server.RaftServerConfigKeys (ConfUtils.java:logGet(43)) - raft.server.rpc.timeout.min = 5s (custom)
2019-10-10 06:36:01,655 [pool-433-thread-1] INFO  server.RaftServerConfigKeys (ConfUtils.java:logGet(43)) - raft.server.rpc.timeout.max = 5200ms (custom)
2019-10-10 06:36:01,655 [pool-433-thread-1] INFO  server.RaftServerConfigKeys (ConfUtils.java:logGet(43)) - raft.server.rpcslowness.timeout = 120s (custom)
2019-10-10 06:36:01,655 [pool-433-thread-1] INFO  server.RaftServerConfigKeys (ConfUtils.java:logGet(43)) - raft.server.sleep.deviation.threshold = 300 (default)
2019-10-10 06:36:01,655 [pool-433-thread-1] INFO  server.RaftServerConfigKeys (ConfUtils.java:logGet(43)) - raft.server.log.appender.install.snapshot.enabled = false (custom)
2019-10-10 06:36:01,655 [pool-433-thread-1] INFO  impl.RaftServerImpl (ServerState.java:<init>(103)) - 4e14e28b-4edf-4657-aa1e-a5c17b399f56@group-CA7ECD764D1F: ConfigurationManager, init=-1: [4e14e28b-4edf-4657-aa1e-a5c17b399f56:192.168.151.114:44540], old=null, confs=<EMPTY_MAP>
2019-10-10 06:36:01,656 [pool-433-thread-1] INFO  server.RaftServerConfigKeys (ConfUtils.java:logGet(43)) - raft.server.storage.dir = [/workdir/hadoop-ozone/integration-test/target/test-dir/MiniOzoneClusterImpl-63933bd2-200b-4836-97fb-de809f2124aa/datanode-5/data/ratis] (custom)
2019-10-10 06:36:01,656 [pool-433-thread-1] INFO  server.RaftServerConfigKeys (ConfUtils.java:logGet(43)) - raft.server.log.corruption.policy = EXCEPTION (default)
2019-10-10 06:36:01,656 [pool-433-thread-1] INFO  storage.RaftStorageDirectory (RaftStorageDirectory.java:analyzeStorage(246)) - The storage directory /workdir/hadoop-ozone/integration-test/target/test-dir/MiniOzoneClusterImpl-63933bd2-200b-4836-97fb-de809f2124aa/datanode-5/data/ratis/628f86a2-96c7-44c6-b79f-ca7ecd764d1f does not exist. Creating ...
2019-10-10 06:36:01,669 [pool-433-thread-1] INFO  storage.RaftStorageDirectory (RaftStorageDirectory.java:tryLock(328)) - Lock on /workdir/hadoop-ozone/integration-test/target/test-dir/MiniOzoneClusterImpl-63933bd2-200b-4836-97fb-de809f2124aa/datanode-5/data/ratis/628f86a2-96c7-44c6-b79f-ca7ecd764d1f/in_use.lock acquired by nodename 26642@trunk-nightly-20191010-ks672-2217485364
2019-10-10 06:36:01,682 [pool-433-thread-1] INFO  storage.RaftStorage (RaftStorage.java:format(84)) - Storage directory /workdir/hadoop-ozone/integration-test/target/test-dir/MiniOzoneClusterImpl-63933bd2-200b-4836-97fb-de809f2124aa/datanode-5/data/ratis/628f86a2-96c7-44c6-b79f-ca7ecd764d1f has been successfully formatted.
2019-10-10 06:36:01,682 [pool-433-thread-1] INFO  ratis.ContainerStateMachine (ContainerStateMachine.java:loadSnapshot(231)) - group-CA7ECD764D1F: The snapshot info is null. Setting the last applied indexto:(t:0, i:~)
2019-10-10 06:36:01,682 [pool-433-thread-1] INFO  server.RaftServerConfigKeys (ConfUtils.java:logGet(43)) - raft.server.notification.no-leader.timeout = 120s (custom)
2019-10-10 06:36:01,682 [pool-433-thread-1] INFO  server.RaftServerConfigKeys (ConfUtils.java:logGet(43)) - raft.server.log.use.memory = false (default)
2019-10-10 06:36:01,682 [pool-433-thread-1] INFO  server.RaftServerConfigKeys (ConfUtils.java:logGet(43)) - raft.server.log.purge.gap = 1000000 (custom)
2019-10-10 06:36:01,682 [pool-433-thread-1] INFO  server.RaftServerConfigKeys (ConfUtils.java:logGet(43)) - raft.server.log.appender.buffer.byte-limit = 33554432 (custom)
2019-10-10 06:36:01,682 [pool-433-thread-1] INFO  server.RaftServerConfigKeys (ConfUtils.java:logGet(43)) - raft.server.log.segment.size.max = 1048576 (custom)
2019-10-10 06:36:01,684 [pool-433-thread-1] INFO  server.RaftServerConfigKeys (ConfUtils.java:logGet(43)) - raft.server.log.segment.cache.num.max = 2 (custom)
2019-10-10 06:36:01,684 [pool-433-thread-1] INFO  segmented.SegmentedRaftLogWorker (SegmentedRaftLogWorker.java:<init>(173)) - new 4e14e28b-4edf-4657-aa1e-a5c17b399f56@group-CA7ECD764D1F-SegmentedRaftLogWorker for RaftStorage:Storage Directory /workdir/hadoop-ozone/integration-test/target/test-dir/MiniOzoneClusterImpl-63933bd2-200b-4836-97fb-de809f2124aa/datanode-5/data/ratis/628f86a2-96c7-44c6-b79f-ca7ecd764d1f
2019-10-10 06:36:01,684 [pool-433-thread-1] INFO  server.RaftServerConfigKeys (ConfUtils.java:logGet(43)) - raft.server.log.queue.byte-limit = 2147483647 (custom)
2019-10-10 06:36:01,684 [IPC Server handler 5 on 34327] INFO  net.NetworkTopology (NetworkTopologyImpl.java:add(111)) - Added a new node: /default-rack/e76be57f-796b-44d9-b265-3f1958bf1c51
2019-10-10 06:36:01,684 [main] INFO  ozone.MiniOzoneClusterImpl (MiniOzoneClusterImpl.java:lambda$waitForClusterToBeReady$0(147)) - Cluster is ready. Got 7 of 7 DN Heartbeats.
2019-10-10 06:36:01,684 [pool-433-thread-1] INFO  server.RaftServerConfigKeys (ConfUtils.java:logGet(43)) - raft.server.log.queue.element-limit = 1024 (custom)
2019-10-10 06:36:01,684 [IPC Server handler 5 on 34327] INFO  node.SCMNodeManager (SCMNodeManager.java:register(268)) - Registered Data node : e76be57f-796b-44d9-b265-3f1958bf1c51{ip: 192.168.151.114, host: trunk-nightly-20191010-ks672-2217485364, networkLocation: /default-rack, certSerialId: null}
2019-10-10 06:36:01,684 [pool-433-thread-1] INFO  server.RaftServerConfigKeys (ConfUtils.java:logGet(43)) - raft.server.log.segment.size.max = 1048576 (custom)
2019-10-10 06:36:01,685 [pool-433-thread-1] INFO  server.RaftServerConfigKeys (ConfUtils.java:logGet(43)) - raft.server.log.preallocated.size = 16384 (custom)
2019-10-10 06:36:01,685 [pool-433-thread-1] INFO  server.RaftServerConfigKeys (ConfUtils.java:logGet(43)) - raft.server.log.write.buffer.size = 33554432 (custom)
2019-10-10 06:36:01,685 [pool-433-thread-1] INFO  server.RaftServerConfigKeys (ConfUtils.java:logGet(43)) - raft.server.log.force.sync.num = 128 (default)
2019-10-10 06:36:01,685 [pool-433-thread-1] INFO  server.RaftServerConfigKeys (ConfUtils.java:logGet(43)) - raft.server.log.statemachine.data.sync = true (default)
2019-10-10 06:36:01,685 [pool-433-thread-1] INFO  server.RaftServerConfigKeys (ConfUtils.java:logGet(43)) - raft.server.log.statemachine.data.sync.timeout = 10s (default)
2019-10-10 06:36:01,685 [pool-433-thread-1] INFO  server.RaftServerConfigKeys (ConfUtils.java:logGet(43)) - raft.server.log.statemachine.data.sync.timeout.retry = -1 (default)
2019-10-10 06:36:01,686 [pool-433-thread-1] INFO  server.RaftServerConfigKeys (ConfUtils.java:logGet(43)) - raft.server.log.statemachine.data.caching.enabled = true (custom)
2019-10-10 06:36:01,686 [pool-433-thread-1] INFO  segmented.SegmentedRaftLogWorker (SegmentedRaftLogWorker.java:lambda$new$0(128)) - 4e14e28b-4edf-4657-aa1e-a5c17b399f56@group-CA7ECD764D1F-SegmentedRaftLogWorker: flushIndex: setUnconditionally 0 -> -1
2019-10-10 06:36:01,686 [pool-433-thread-1] INFO  server.RaftServerConfigKeys (ConfUtils.java:logGet(43)) - raft.server.snapshot.auto.trigger.enabled = true (custom)
2019-10-10 06:36:01,686 [pool-433-thread-1] INFO  server.RaftServerConfigKeys (ConfUtils.java:logGet(43)) - raft.server.snapshot.auto.trigger.threshold = 10000 (custom)
2019-10-10 06:36:01,686 [pool-433-thread-1] INFO  server.RaftServerConfigKeys (ConfUtils.java:logGet(43)) - raft.server.snapshot.retention.file.num = 5 (custom)
2019-10-10 06:36:01,686 [pool-433-thread-1] INFO  server.RaftServerConfigKeys (ConfUtils.java:logGet(43)) - raft.server.retrycache.expirytime = 600000ms (custom)
2019-10-10 06:36:01,688 [pool-433-thread-1] INFO  impl.RaftServerImpl (RaftServerImpl.java:start(181)) - 4e14e28b-4edf-4657-aa1e-a5c17b399f56@group-CA7ECD764D1F: start as a follower, conf=-1: [4e14e28b-4edf-4657-aa1e-a5c17b399f56:192.168.151.114:44540], old=null
2019-10-10 06:36:01,688 [pool-433-thread-1] INFO  impl.RaftServerImpl (RaftServerImpl.java:setRole(170)) - 4e14e28b-4edf-4657-aa1e-a5c17b399f56@group-CA7ECD764D1F: changes role from      null to FOLLOWER at term 0 for startAsFollower
2019-10-10 06:36:01,688 [pool-433-thread-1] INFO  impl.RoleInfo (RoleInfo.java:updateAndGet(143)) - 4e14e28b-4edf-4657-aa1e-a5c17b399f56: start FollowerState
2019-10-10 06:36:01,688 [pool-433-thread-1] INFO  util.JmxRegister (JmxRegister.java:tryRegister(44)) - Successfully registered JMX Bean with object name Ratis:service=RaftServer,group=group-CA7ECD764D1F,id=4e14e28b-4edf-4657-aa1e-a5c17b399f56
2019-10-10 06:36:01,695 [RatisPipelineUtilsThread] INFO  pipeline.PipelineStateManager (PipelineStateManager.java:addPipeline(56)) - Created pipeline Pipeline[ Id: 628f86a2-96c7-44c6-b79f-ca7ecd764d1f, Nodes: 4e14e28b-4edf-4657-aa1e-a5c17b399f56{ip: 192.168.151.114, host: trunk-nightly-20191010-ks672-2217485364, networkLocation: /default-rack, certSerialId: null}, Type:RATIS, Factor:ONE, State:OPEN]
2019-10-10 06:36:01,718 [grpc-default-executor-2] INFO  impl.RaftServerProxy (RaftServerProxy.java:addNew(89)) - e76be57f-796b-44d9-b265-3f1958bf1c51: addNew group-5DEE2E00798D:[e76be57f-796b-44d9-b265-3f1958bf1c51:192.168.151.114:42531] returns group-5DEE2E00798D:java.util.concurrent.CompletableFuture@494a588d[Not completed]
2019-10-10 06:36:01,720 [pool-443-thread-1] INFO  impl.RaftServerImpl (RaftServerImpl.java:<init>(95)) - e76be57f-796b-44d9-b265-3f1958bf1c51: new RaftServerImpl for group-5DEE2E00798D:[e76be57f-796b-44d9-b265-3f1958bf1c51:192.168.151.114:42531] with ContainerStateMachine:uninitialized
2019-10-10 06:36:01,722 [pool-443-thread-1] INFO  server.RaftServerConfigKeys (ConfUtils.java:logGet(43)) - raft.server.rpc.timeout.min = 5s (custom)
2019-10-10 06:36:01,722 [pool-443-thread-1] INFO  server.RaftServerConfigKeys (ConfUtils.java:logGet(43)) - raft.server.rpc.timeout.max = 5200ms (custom)
2019-10-10 06:36:01,722 [pool-443-thread-1] INFO  server.RaftServerConfigKeys (ConfUtils.java:logGet(43)) - raft.server.rpcslowness.timeout = 120s (custom)
2019-10-10 06:36:01,722 [pool-443-thread-1] INFO  server.RaftServerConfigKeys (ConfUtils.java:logGet(43)) - raft.server.sleep.deviation.threshold = 300 (default)
2019-10-10 06:36:01,722 [pool-443-thread-1] INFO  server.RaftServerConfigKeys (ConfUtils.java:logGet(43)) - raft.server.log.appender.install.snapshot.enabled = false (custom)
2019-10-10 06:36:01,722 [pool-443-thread-1] INFO  impl.RaftServerImpl (ServerState.java:<init>(103)) - e76be57f-796b-44d9-b265-3f1958bf1c51@group-5DEE2E00798D: ConfigurationManager, init=-1: [e76be57f-796b-44d9-b265-3f1958bf1c51:192.168.151.114:42531], old=null, confs=<EMPTY_MAP>
2019-10-10 06:36:01,722 [pool-443-thread-1] INFO  server.RaftServerConfigKeys (ConfUtils.java:logGet(43)) - raft.server.storage.dir = [/workdir/hadoop-ozone/integration-test/target/test-dir/MiniOzoneClusterImpl-63933bd2-200b-4836-97fb-de809f2124aa/datanode-6/data/ratis] (custom)
2019-10-10 06:36:01,723 [pool-443-thread-1] INFO  server.RaftServerConfigKeys (ConfUtils.java:logGet(43)) - raft.server.log.corruption.policy = EXCEPTION (default)
2019-10-10 06:36:01,723 [pool-443-thread-1] INFO  storage.RaftStorageDirectory (RaftStorageDirectory.java:analyzeStorage(246)) - The storage directory /workdir/hadoop-ozone/integration-test/target/test-dir/MiniOzoneClusterImpl-63933bd2-200b-4836-97fb-de809f2124aa/datanode-6/data/ratis/cb4797f8-d5bc-4cf8-aab6-5dee2e00798d does not exist. Creating ...
2019-10-10 06:36:01,724 [main] INFO  rpc.RpcClient (RpcClient.java:createVolume(272)) - Creating Volume: watchforcommithandlingtest, with jenkins1000 as owner.
2019-10-10 06:36:01,727 [IPC Server handler 1 on 37199] INFO  volume.OMVolumeCreateRequest (OMVolumeCreateRequest.java:validateAndUpdateCache(193)) - created volume:watchforcommithandlingtest for user:jenkins1000
2019-10-10 06:36:01,737 [pool-443-thread-1] INFO  storage.RaftStorageDirectory (RaftStorageDirectory.java:tryLock(328)) - Lock on /workdir/hadoop-ozone/integration-test/target/test-dir/MiniOzoneClusterImpl-63933bd2-200b-4836-97fb-de809f2124aa/datanode-6/data/ratis/cb4797f8-d5bc-4cf8-aab6-5dee2e00798d/in_use.lock acquired by nodename 26642@trunk-nightly-20191010-ks672-2217485364
2019-10-10 06:36:01,741 [main] INFO  rpc.RpcClient (RpcClient.java:createBucket(411)) - Creating Bucket: watchforcommithandlingtest/watchforcommithandlingtest, with Versioning false and Storage Type set to DISK and Encryption set to false 
2019-10-10 06:36:01,746 [main] INFO  ozone.MiniOzoneClusterImpl (MiniOzoneClusterImpl.java:getStorageContainerLocationClient(234)) - Creating StorageContainerLocationProtocol RPC client with address /0.0.0.0:32784
2019-10-10 06:36:01,753 [pool-443-thread-1] INFO  storage.RaftStorage (RaftStorage.java:format(84)) - Storage directory /workdir/hadoop-ozone/integration-test/target/test-dir/MiniOzoneClusterImpl-63933bd2-200b-4836-97fb-de809f2124aa/datanode-6/data/ratis/cb4797f8-d5bc-4cf8-aab6-5dee2e00798d has been successfully formatted.
2019-10-10 06:36:01,753 [pool-443-thread-1] INFO  ratis.ContainerStateMachine (ContainerStateMachine.java:loadSnapshot(231)) - group-5DEE2E00798D: The snapshot info is null. Setting the last applied indexto:(t:0, i:~)
2019-10-10 06:36:01,754 [pool-443-thread-1] INFO  server.RaftServerConfigKeys (ConfUtils.java:logGet(43)) - raft.server.notification.no-leader.timeout = 120s (custom)
2019-10-10 06:36:01,754 [pool-443-thread-1] INFO  server.RaftServerConfigKeys (ConfUtils.java:logGet(43)) - raft.server.log.use.memory = false (default)
2019-10-10 06:36:01,754 [pool-443-thread-1] INFO  server.RaftServerConfigKeys (ConfUtils.java:logGet(43)) - raft.server.log.purge.gap = 1000000 (custom)
2019-10-10 06:36:01,754 [pool-443-thread-1] INFO  server.RaftServerConfigKeys (ConfUtils.java:logGet(43)) - raft.server.log.appender.buffer.byte-limit = 33554432 (custom)
2019-10-10 06:36:01,754 [pool-443-thread-1] INFO  server.RaftServerConfigKeys (ConfUtils.java:logGet(43)) - raft.server.log.segment.size.max = 1048576 (custom)
2019-10-10 06:36:01,755 [pool-443-thread-1] INFO  server.RaftServerConfigKeys (ConfUtils.java:logGet(43)) - raft.server.log.segment.cache.num.max = 2 (custom)
2019-10-10 06:36:01,755 [pool-443-thread-1] INFO  segmented.SegmentedRaftLogWorker (SegmentedRaftLogWorker.java:<init>(173)) - new e76be57f-796b-44d9-b265-3f1958bf1c51@group-5DEE2E00798D-SegmentedRaftLogWorker for RaftStorage:Storage Directory /workdir/hadoop-ozone/integration-test/target/test-dir/MiniOzoneClusterImpl-63933bd2-200b-4836-97fb-de809f2124aa/datanode-6/data/ratis/cb4797f8-d5bc-4cf8-aab6-5dee2e00798d
2019-10-10 06:36:01,755 [pool-443-thread-1] INFO  server.RaftServerConfigKeys (ConfUtils.java:logGet(43)) - raft.server.log.queue.byte-limit = 2147483647 (custom)
2019-10-10 06:36:01,756 [pool-443-thread-1] INFO  server.RaftServerConfigKeys (ConfUtils.java:logGet(43)) - raft.server.log.queue.element-limit = 1024 (custom)
2019-10-10 06:36:01,756 [pool-443-thread-1] INFO  server.RaftServerConfigKeys (ConfUtils.java:logGet(43)) - raft.server.log.segment.size.max = 1048576 (custom)
2019-10-10 06:36:01,756 [pool-443-thread-1] INFO  server.RaftServerConfigKeys (ConfUtils.java:logGet(43)) - raft.server.log.preallocated.size = 16384 (custom)
2019-10-10 06:36:01,756 [pool-443-thread-1] INFO  server.RaftServerConfigKeys (ConfUtils.java:logGet(43)) - raft.server.log.write.buffer.size = 33554432 (custom)
2019-10-10 06:36:01,756 [pool-443-thread-1] INFO  server.RaftServerConfigKeys (ConfUtils.java:logGet(43)) - raft.server.log.force.sync.num = 128 (default)
2019-10-10 06:36:01,756 [pool-443-thread-1] INFO  server.RaftServerConfigKeys (ConfUtils.java:logGet(43)) - raft.server.log.statemachine.data.sync = true (default)
2019-10-10 06:36:01,756 [pool-443-thread-1] INFO  server.RaftServerConfigKeys (ConfUtils.java:logGet(43)) - raft.server.log.statemachine.data.sync.timeout = 10s (default)
2019-10-10 06:36:01,756 [pool-443-thread-1] INFO  server.RaftServerConfigKeys (ConfUtils.java:logGet(43)) - raft.server.log.statemachine.data.sync.timeout.retry = -1 (default)
2019-10-10 06:36:01,756 [pool-443-thread-1] INFO  server.RaftServerConfigKeys (ConfUtils.java:logGet(43)) - raft.server.log.statemachine.data.caching.enabled = true (custom)
2019-10-10 06:36:01,757 [pool-443-thread-1] INFO  segmented.SegmentedRaftLogWorker (SegmentedRaftLogWorker.java:lambda$new$0(128)) - e76be57f-796b-44d9-b265-3f1958bf1c51@group-5DEE2E00798D-SegmentedRaftLogWorker: flushIndex: setUnconditionally 0 -> -1
2019-10-10 06:36:01,757 [pool-443-thread-1] INFO  server.RaftServerConfigKeys (ConfUtils.java:logGet(43)) - raft.server.snapshot.auto.trigger.enabled = true (custom)
2019-10-10 06:36:01,757 [pool-443-thread-1] INFO  server.RaftServerConfigKeys (ConfUtils.java:logGet(43)) - raft.server.snapshot.auto.trigger.threshold = 10000 (custom)
2019-10-10 06:36:01,757 [pool-443-thread-1] INFO  server.RaftServerConfigKeys (ConfUtils.java:logGet(43)) - raft.server.snapshot.retention.file.num = 5 (custom)
2019-10-10 06:36:01,757 [pool-443-thread-1] INFO  server.RaftServerConfigKeys (ConfUtils.java:logGet(43)) - raft.server.retrycache.expirytime = 600000ms (custom)
2019-10-10 06:36:01,758 [pool-443-thread-1] INFO  impl.RaftServerImpl (RaftServerImpl.java:start(181)) - e76be57f-796b-44d9-b265-3f1958bf1c51@group-5DEE2E00798D: start as a follower, conf=-1: [e76be57f-796b-44d9-b265-3f1958bf1c51:192.168.151.114:42531], old=null
2019-10-10 06:36:01,758 [pool-443-thread-1] INFO  impl.RaftServerImpl (RaftServerImpl.java:setRole(170)) - e76be57f-796b-44d9-b265-3f1958bf1c51@group-5DEE2E00798D: changes role from      null to FOLLOWER at term 0 for startAsFollower
2019-10-10 06:36:01,758 [pool-443-thread-1] INFO  impl.RoleInfo (RoleInfo.java:updateAndGet(143)) - e76be57f-796b-44d9-b265-3f1958bf1c51: start FollowerState
2019-10-10 06:36:01,759 [pool-443-thread-1] INFO  util.JmxRegister (JmxRegister.java:tryRegister(44)) - Successfully registered JMX Bean with object name Ratis:service=RaftServer,group=group-5DEE2E00798D,id=e76be57f-796b-44d9-b265-3f1958bf1c51
2019-10-10 06:36:01,761 [RatisPipelineUtilsThread] INFO  pipeline.PipelineStateManager (PipelineStateManager.java:addPipeline(56)) - Created pipeline Pipeline[ Id: cb4797f8-d5bc-4cf8-aab6-5dee2e00798d, Nodes: e76be57f-796b-44d9-b265-3f1958bf1c51{ip: 192.168.151.114, host: trunk-nightly-20191010-ks672-2217485364, networkLocation: /default-rack, certSerialId: null}, Type:RATIS, Factor:ONE, State:OPEN]
2019-10-10 06:36:01,773 [grpc-default-executor-6] INFO  impl.RaftServerProxy (RaftServerProxy.java:addNew(89)) - b50d008d-c133-461f-be14-0ec9f77962b8: addNew group-ADDAD67DD0D2:[e76be57f-796b-44d9-b265-3f1958bf1c51:192.168.151.114:42531, 4e14e28b-4edf-4657-aa1e-a5c17b399f56:192.168.151.114:44540, b50d008d-c133-461f-be14-0ec9f77962b8:192.168.151.114:41807] returns group-ADDAD67DD0D2:java.util.concurrent.CompletableFuture@5746119c[Not completed]
2019-10-10 06:36:01,773 [grpc-default-executor-2] INFO  impl.RaftServerProxy (RaftServerProxy.java:addNew(89)) - e76be57f-796b-44d9-b265-3f1958bf1c51: addNew group-ADDAD67DD0D2:[e76be57f-796b-44d9-b265-3f1958bf1c51:192.168.151.114:42531, 4e14e28b-4edf-4657-aa1e-a5c17b399f56:192.168.151.114:44540, b50d008d-c133-461f-be14-0ec9f77962b8:192.168.151.114:41807] returns group-ADDAD67DD0D2:java.util.concurrent.CompletableFuture@19d03ab8[Not completed]
2019-10-10 06:36:01,773 [grpc-default-executor-3] INFO  impl.RaftServerProxy (RaftServerProxy.java:addNew(89)) - 4e14e28b-4edf-4657-aa1e-a5c17b399f56: addNew group-ADDAD67DD0D2:[e76be57f-796b-44d9-b265-3f1958bf1c51:192.168.151.114:42531, 4e14e28b-4edf-4657-aa1e-a5c17b399f56:192.168.151.114:44540, b50d008d-c133-461f-be14-0ec9f77962b8:192.168.151.114:41807] returns group-ADDAD67DD0D2:java.util.concurrent.CompletableFuture@227eb12b[Not completed]
2019-10-10 06:36:01,774 [pool-423-thread-1] INFO  impl.RaftServerImpl (RaftServerImpl.java:<init>(95)) - b50d008d-c133-461f-be14-0ec9f77962b8: new RaftServerImpl for group-ADDAD67DD0D2:[e76be57f-796b-44d9-b265-3f1958bf1c51:192.168.151.114:42531, 4e14e28b-4edf-4657-aa1e-a5c17b399f56:192.168.151.114:44540, b50d008d-c133-461f-be14-0ec9f77962b8:192.168.151.114:41807] with ContainerStateMachine:uninitialized
2019-10-10 06:36:01,774 [pool-423-thread-1] INFO  server.RaftServerConfigKeys (ConfUtils.java:logGet(43)) - raft.server.rpc.timeout.min = 5s (custom)
2019-10-10 06:36:01,774 [pool-423-thread-1] INFO  server.RaftServerConfigKeys (ConfUtils.java:logGet(43)) - raft.server.rpc.timeout.max = 5200ms (custom)
2019-10-10 06:36:01,774 [pool-423-thread-1] INFO  server.RaftServerConfigKeys (ConfUtils.java:logGet(43)) - raft.server.rpcslowness.timeout = 120s (custom)
2019-10-10 06:36:01,774 [pool-433-thread-1] INFO  impl.RaftServerImpl (RaftServerImpl.java:<init>(95)) - 4e14e28b-4edf-4657-aa1e-a5c17b399f56: new RaftServerImpl for group-ADDAD67DD0D2:[e76be57f-796b-44d9-b265-3f1958bf1c51:192.168.151.114:42531, 4e14e28b-4edf-4657-aa1e-a5c17b399f56:192.168.151.114:44540, b50d008d-c133-461f-be14-0ec9f77962b8:192.168.151.114:41807] with ContainerStateMachine:uninitialized
2019-10-10 06:36:01,774 [pool-423-thread-1] INFO  server.RaftServerConfigKeys (ConfUtils.java:logGet(43)) - raft.server.sleep.deviation.threshold = 300 (default)
2019-10-10 06:36:01,774 [pool-433-thread-1] INFO  server.RaftServerConfigKeys (ConfUtils.java:logGet(43)) - raft.server.rpc.timeout.min = 5s (custom)
2019-10-10 06:36:01,774 [pool-423-thread-1] INFO  server.RaftServerConfigKeys (ConfUtils.java:logGet(43)) - raft.server.log.appender.install.snapshot.enabled = false (custom)
2019-10-10 06:36:01,775 [pool-443-thread-1] INFO  impl.RaftServerImpl (RaftServerImpl.java:<init>(95)) - e76be57f-796b-44d9-b265-3f1958bf1c51: new RaftServerImpl for group-ADDAD67DD0D2:[e76be57f-796b-44d9-b265-3f1958bf1c51:192.168.151.114:42531, 4e14e28b-4edf-4657-aa1e-a5c17b399f56:192.168.151.114:44540, b50d008d-c133-461f-be14-0ec9f77962b8:192.168.151.114:41807] with ContainerStateMachine:uninitialized
2019-10-10 06:36:01,774 [pool-433-thread-1] INFO  server.RaftServerConfigKeys (ConfUtils.java:logGet(43)) - raft.server.rpc.timeout.max = 5200ms (custom)
2019-10-10 06:36:01,775 [pool-443-thread-1] INFO  server.RaftServerConfigKeys (ConfUtils.java:logGet(43)) - raft.server.rpc.timeout.min = 5s (custom)
2019-10-10 06:36:01,775 [pool-423-thread-1] INFO  impl.RaftServerImpl (ServerState.java:<init>(103)) - b50d008d-c133-461f-be14-0ec9f77962b8@group-ADDAD67DD0D2: ConfigurationManager, init=-1: [e76be57f-796b-44d9-b265-3f1958bf1c51:192.168.151.114:42531, 4e14e28b-4edf-4657-aa1e-a5c17b399f56:192.168.151.114:44540, b50d008d-c133-461f-be14-0ec9f77962b8:192.168.151.114:41807], old=null, confs=<EMPTY_MAP>
2019-10-10 06:36:01,775 [pool-443-thread-1] INFO  server.RaftServerConfigKeys (ConfUtils.java:logGet(43)) - raft.server.rpc.timeout.max = 5200ms (custom)
2019-10-10 06:36:01,775 [pool-433-thread-1] INFO  server.RaftServerConfigKeys (ConfUtils.java:logGet(43)) - raft.server.rpcslowness.timeout = 120s (custom)
2019-10-10 06:36:01,775 [pool-443-thread-1] INFO  server.RaftServerConfigKeys (ConfUtils.java:logGet(43)) - raft.server.rpcslowness.timeout = 120s (custom)
2019-10-10 06:36:01,775 [pool-423-thread-1] INFO  server.RaftServerConfigKeys (ConfUtils.java:logGet(43)) - raft.server.storage.dir = [/workdir/hadoop-ozone/integration-test/target/test-dir/MiniOzoneClusterImpl-63933bd2-200b-4836-97fb-de809f2124aa/datanode-4/data/ratis] (custom)
2019-10-10 06:36:01,775 [pool-443-thread-1] INFO  server.RaftServerConfigKeys (ConfUtils.java:logGet(43)) - raft.server.sleep.deviation.threshold = 300 (default)
2019-10-10 06:36:01,775 [pool-423-thread-1] INFO  server.RaftServerConfigKeys (ConfUtils.java:logGet(43)) - raft.server.log.corruption.policy = EXCEPTION (default)
2019-10-10 06:36:01,775 [pool-433-thread-1] INFO  server.RaftServerConfigKeys (ConfUtils.java:logGet(43)) - raft.server.sleep.deviation.threshold = 300 (default)
2019-10-10 06:36:01,775 [pool-443-thread-1] INFO  server.RaftServerConfigKeys (ConfUtils.java:logGet(43)) - raft.server.log.appender.install.snapshot.enabled = false (custom)
2019-10-10 06:36:01,776 [pool-423-thread-1] INFO  storage.RaftStorageDirectory (RaftStorageDirectory.java:analyzeStorage(246)) - The storage directory /workdir/hadoop-ozone/integration-test/target/test-dir/MiniOzoneClusterImpl-63933bd2-200b-4836-97fb-de809f2124aa/datanode-4/data/ratis/ea26570e-c346-4df5-9baa-addad67dd0d2 does not exist. Creating ...
2019-10-10 06:36:01,776 [pool-433-thread-1] INFO  server.RaftServerConfigKeys (ConfUtils.java:logGet(43)) - raft.server.log.appender.install.snapshot.enabled = false (custom)
2019-10-10 06:36:01,776 [pool-443-thread-1] INFO  impl.RaftServerImpl (ServerState.java:<init>(103)) - e76be57f-796b-44d9-b265-3f1958bf1c51@group-ADDAD67DD0D2: ConfigurationManager, init=-1: [e76be57f-796b-44d9-b265-3f1958bf1c51:192.168.151.114:42531, 4e14e28b-4edf-4657-aa1e-a5c17b399f56:192.168.151.114:44540, b50d008d-c133-461f-be14-0ec9f77962b8:192.168.151.114:41807], old=null, confs=<EMPTY_MAP>
2019-10-10 06:36:01,776 [pool-433-thread-1] INFO  impl.RaftServerImpl (ServerState.java:<init>(103)) - 4e14e28b-4edf-4657-aa1e-a5c17b399f56@group-ADDAD67DD0D2: ConfigurationManager, init=-1: [e76be57f-796b-44d9-b265-3f1958bf1c51:192.168.151.114:42531, 4e14e28b-4edf-4657-aa1e-a5c17b399f56:192.168.151.114:44540, b50d008d-c133-461f-be14-0ec9f77962b8:192.168.151.114:41807], old=null, confs=<EMPTY_MAP>
2019-10-10 06:36:01,776 [pool-443-thread-1] INFO  server.RaftServerConfigKeys (ConfUtils.java:logGet(43)) - raft.server.storage.dir = [/workdir/hadoop-ozone/integration-test/target/test-dir/MiniOzoneClusterImpl-63933bd2-200b-4836-97fb-de809f2124aa/datanode-6/data/ratis] (custom)
2019-10-10 06:36:01,776 [pool-433-thread-1] INFO  server.RaftServerConfigKeys (ConfUtils.java:logGet(43)) - raft.server.storage.dir = [/workdir/hadoop-ozone/integration-test/target/test-dir/MiniOzoneClusterImpl-63933bd2-200b-4836-97fb-de809f2124aa/datanode-5/data/ratis] (custom)
2019-10-10 06:36:01,776 [pool-443-thread-1] INFO  server.RaftServerConfigKeys (ConfUtils.java:logGet(43)) - raft.server.log.corruption.policy = EXCEPTION (default)
2019-10-10 06:36:01,776 [pool-433-thread-1] INFO  server.RaftServerConfigKeys (ConfUtils.java:logGet(43)) - raft.server.log.corruption.policy = EXCEPTION (default)
2019-10-10 06:36:01,776 [pool-443-thread-1] INFO  storage.RaftStorageDirectory (RaftStorageDirectory.java:analyzeStorage(246)) - The storage directory /workdir/hadoop-ozone/integration-test/target/test-dir/MiniOzoneClusterImpl-63933bd2-200b-4836-97fb-de809f2124aa/datanode-6/data/ratis/ea26570e-c346-4df5-9baa-addad67dd0d2 does not exist. Creating ...
2019-10-10 06:36:01,776 [pool-433-thread-1] INFO  storage.RaftStorageDirectory (RaftStorageDirectory.java:analyzeStorage(246)) - The storage directory /workdir/hadoop-ozone/integration-test/target/test-dir/MiniOzoneClusterImpl-63933bd2-200b-4836-97fb-de809f2124aa/datanode-5/data/ratis/ea26570e-c346-4df5-9baa-addad67dd0d2 does not exist. Creating ...
2019-10-10 06:36:01,789 [pool-423-thread-1] INFO  storage.RaftStorageDirectory (RaftStorageDirectory.java:tryLock(328)) - Lock on /workdir/hadoop-ozone/integration-test/target/test-dir/MiniOzoneClusterImpl-63933bd2-200b-4836-97fb-de809f2124aa/datanode-4/data/ratis/ea26570e-c346-4df5-9baa-addad67dd0d2/in_use.lock acquired by nodename 26642@trunk-nightly-20191010-ks672-2217485364
2019-10-10 06:36:01,789 [pool-433-thread-1] INFO  storage.RaftStorageDirectory (RaftStorageDirectory.java:tryLock(328)) - Lock on /workdir/hadoop-ozone/integration-test/target/test-dir/MiniOzoneClusterImpl-63933bd2-200b-4836-97fb-de809f2124aa/datanode-5/data/ratis/ea26570e-c346-4df5-9baa-addad67dd0d2/in_use.lock acquired by nodename 26642@trunk-nightly-20191010-ks672-2217485364
2019-10-10 06:36:01,789 [pool-443-thread-1] INFO  storage.RaftStorageDirectory (RaftStorageDirectory.java:tryLock(328)) - Lock on /workdir/hadoop-ozone/integration-test/target/test-dir/MiniOzoneClusterImpl-63933bd2-200b-4836-97fb-de809f2124aa/datanode-6/data/ratis/ea26570e-c346-4df5-9baa-addad67dd0d2/in_use.lock acquired by nodename 26642@trunk-nightly-20191010-ks672-2217485364
2019-10-10 06:36:01,802 [pool-443-thread-1] INFO  storage.RaftStorage (RaftStorage.java:format(84)) - Storage directory /workdir/hadoop-ozone/integration-test/target/test-dir/MiniOzoneClusterImpl-63933bd2-200b-4836-97fb-de809f2124aa/datanode-6/data/ratis/ea26570e-c346-4df5-9baa-addad67dd0d2 has been successfully formatted.
2019-10-10 06:36:01,802 [pool-433-thread-1] INFO  storage.RaftStorage (RaftStorage.java:format(84)) - Storage directory /workdir/hadoop-ozone/integration-test/target/test-dir/MiniOzoneClusterImpl-63933bd2-200b-4836-97fb-de809f2124aa/datanode-5/data/ratis/ea26570e-c346-4df5-9baa-addad67dd0d2 has been successfully formatted.
2019-10-10 06:36:01,802 [pool-423-thread-1] INFO  storage.RaftStorage (RaftStorage.java:format(84)) - Storage directory /workdir/hadoop-ozone/integration-test/target/test-dir/MiniOzoneClusterImpl-63933bd2-200b-4836-97fb-de809f2124aa/datanode-4/data/ratis/ea26570e-c346-4df5-9baa-addad67dd0d2 has been successfully formatted.
2019-10-10 06:36:01,802 [pool-443-thread-1] INFO  ratis.ContainerStateMachine (ContainerStateMachine.java:loadSnapshot(231)) - group-ADDAD67DD0D2: The snapshot info is null. Setting the last applied indexto:(t:0, i:~)
2019-10-10 06:36:01,803 [pool-423-thread-1] INFO  ratis.ContainerStateMachine (ContainerStateMachine.java:loadSnapshot(231)) - group-ADDAD67DD0D2: The snapshot info is null. Setting the last applied indexto:(t:0, i:~)
2019-10-10 06:36:01,802 [pool-433-thread-1] INFO  ratis.ContainerStateMachine (ContainerStateMachine.java:loadSnapshot(231)) - group-ADDAD67DD0D2: The snapshot info is null. Setting the last applied indexto:(t:0, i:~)
2019-10-10 06:36:01,803 [pool-423-thread-1] INFO  server.RaftServerConfigKeys (ConfUtils.java:logGet(43)) - raft.server.notification.no-leader.timeout = 120s (custom)
2019-10-10 06:36:01,803 [pool-443-thread-1] INFO  server.RaftServerConfigKeys (ConfUtils.java:logGet(43)) - raft.server.notification.no-leader.timeout = 120s (custom)
2019-10-10 06:36:01,803 [pool-423-thread-1] INFO  server.RaftServerConfigKeys (ConfUtils.java:logGet(43)) - raft.server.log.use.memory = false (default)
2019-10-10 06:36:01,803 [pool-433-thread-1] INFO  server.RaftServerConfigKeys (ConfUtils.java:logGet(43)) - raft.server.notification.no-leader.timeout = 120s (custom)
2019-10-10 06:36:01,803 [pool-423-thread-1] INFO  server.RaftServerConfigKeys (ConfUtils.java:logGet(43)) - raft.server.log.purge.gap = 1000000 (custom)
2019-10-10 06:36:01,803 [pool-423-thread-1] INFO  server.RaftServerConfigKeys (ConfUtils.java:logGet(43)) - raft.server.log.appender.buffer.byte-limit = 33554432 (custom)
2019-10-10 06:36:01,803 [pool-443-thread-1] INFO  server.RaftServerConfigKeys (ConfUtils.java:logGet(43)) - raft.server.log.use.memory = false (default)
2019-10-10 06:36:01,803 [pool-423-thread-1] INFO  server.RaftServerConfigKeys (ConfUtils.java:logGet(43)) - raft.server.log.segment.size.max = 1048576 (custom)
2019-10-10 06:36:01,803 [pool-433-thread-1] INFO  server.RaftServerConfigKeys (ConfUtils.java:logGet(43)) - raft.server.log.use.memory = false (default)
2019-10-10 06:36:01,803 [pool-423-thread-1] INFO  server.RaftServerConfigKeys (ConfUtils.java:logGet(43)) - raft.server.log.segment.cache.num.max = 2 (custom)
2019-10-10 06:36:01,803 [pool-443-thread-1] INFO  server.RaftServerConfigKeys (ConfUtils.java:logGet(43)) - raft.server.log.purge.gap = 1000000 (custom)
2019-10-10 06:36:01,804 [pool-423-thread-1] INFO  segmented.SegmentedRaftLogWorker (SegmentedRaftLogWorker.java:<init>(173)) - new b50d008d-c133-461f-be14-0ec9f77962b8@group-ADDAD67DD0D2-SegmentedRaftLogWorker for RaftStorage:Storage Directory /workdir/hadoop-ozone/integration-test/target/test-dir/MiniOzoneClusterImpl-63933bd2-200b-4836-97fb-de809f2124aa/datanode-4/data/ratis/ea26570e-c346-4df5-9baa-addad67dd0d2
2019-10-10 06:36:01,804 [pool-433-thread-1] INFO  server.RaftServerConfigKeys (ConfUtils.java:logGet(43)) - raft.server.log.purge.gap = 1000000 (custom)
2019-10-10 06:36:01,804 [pool-423-thread-1] INFO  server.RaftServerConfigKeys (ConfUtils.java:logGet(43)) - raft.server.log.queue.byte-limit = 2147483647 (custom)
2019-10-10 06:36:01,804 [pool-443-thread-1] INFO  server.RaftServerConfigKeys (ConfUtils.java:logGet(43)) - raft.server.log.appender.buffer.byte-limit = 33554432 (custom)
2019-10-10 06:36:01,804 [pool-423-thread-1] INFO  server.RaftServerConfigKeys (ConfUtils.java:logGet(43)) - raft.server.log.queue.element-limit = 1024 (custom)
2019-10-10 06:36:01,804 [pool-433-thread-1] INFO  server.RaftServerConfigKeys (ConfUtils.java:logGet(43)) - raft.server.log.appender.buffer.byte-limit = 33554432 (custom)
2019-10-10 06:36:01,804 [pool-423-thread-1] INFO  server.RaftServerConfigKeys (ConfUtils.java:logGet(43)) - raft.server.log.segment.size.max = 1048576 (custom)
2019-10-10 06:36:01,804 [pool-443-thread-1] INFO  server.RaftServerConfigKeys (ConfUtils.java:logGet(43)) - raft.server.log.segment.size.max = 1048576 (custom)
2019-10-10 06:36:01,805 [pool-423-thread-1] INFO  server.RaftServerConfigKeys (ConfUtils.java:logGet(43)) - raft.server.log.preallocated.size = 16384 (custom)
2019-10-10 06:36:01,804 [pool-433-thread-1] INFO  server.RaftServerConfigKeys (ConfUtils.java:logGet(43)) - raft.server.log.segment.size.max = 1048576 (custom)
2019-10-10 06:36:01,805 [pool-423-thread-1] INFO  server.RaftServerConfigKeys (ConfUtils.java:logGet(43)) - raft.server.log.write.buffer.size = 33554432 (custom)
2019-10-10 06:36:01,805 [pool-443-thread-1] INFO  server.RaftServerConfigKeys (ConfUtils.java:logGet(43)) - raft.server.log.segment.cache.num.max = 2 (custom)
2019-10-10 06:36:01,805 [pool-423-thread-1] INFO  server.RaftServerConfigKeys (ConfUtils.java:logGet(43)) - raft.server.log.force.sync.num = 128 (default)
2019-10-10 06:36:01,805 [pool-433-thread-1] INFO  server.RaftServerConfigKeys (ConfUtils.java:logGet(43)) - raft.server.log.segment.cache.num.max = 2 (custom)
2019-10-10 06:36:01,805 [pool-423-thread-1] INFO  server.RaftServerConfigKeys (ConfUtils.java:logGet(43)) - raft.server.log.statemachine.data.sync = true (default)
2019-10-10 06:36:01,805 [pool-423-thread-1] INFO  server.RaftServerConfigKeys (ConfUtils.java:logGet(43)) - raft.server.log.statemachine.data.sync.timeout = 10s (default)
2019-10-10 06:36:01,805 [pool-443-thread-1] INFO  segmented.SegmentedRaftLogWorker (SegmentedRaftLogWorker.java:<init>(173)) - new e76be57f-796b-44d9-b265-3f1958bf1c51@group-ADDAD67DD0D2-SegmentedRaftLogWorker for RaftStorage:Storage Directory /workdir/hadoop-ozone/integration-test/target/test-dir/MiniOzoneClusterImpl-63933bd2-200b-4836-97fb-de809f2124aa/datanode-6/data/ratis/ea26570e-c346-4df5-9baa-addad67dd0d2
2019-10-10 06:36:01,805 [pool-423-thread-1] INFO  server.RaftServerConfigKeys (ConfUtils.java:logGet(43)) - raft.server.log.statemachine.data.sync.timeout.retry = -1 (default)
2019-10-10 06:36:01,805 [pool-433-thread-1] INFO  segmented.SegmentedRaftLogWorker (SegmentedRaftLogWorker.java:<init>(173)) - new 4e14e28b-4edf-4657-aa1e-a5c17b399f56@group-ADDAD67DD0D2-SegmentedRaftLogWorker for RaftStorage:Storage Directory /workdir/hadoop-ozone/integration-test/target/test-dir/MiniOzoneClusterImpl-63933bd2-200b-4836-97fb-de809f2124aa/datanode-5/data/ratis/ea26570e-c346-4df5-9baa-addad67dd0d2
2019-10-10 06:36:01,806 [pool-423-thread-1] INFO  server.RaftServerConfigKeys (ConfUtils.java:logGet(43)) - raft.server.log.statemachine.data.caching.enabled = true (custom)
2019-10-10 06:36:01,806 [pool-443-thread-1] INFO  server.RaftServerConfigKeys (ConfUtils.java:logGet(43)) - raft.server.log.queue.byte-limit = 2147483647 (custom)
2019-10-10 06:36:01,806 [pool-433-thread-1] INFO  server.RaftServerConfigKeys (ConfUtils.java:logGet(43)) - raft.server.log.queue.byte-limit = 2147483647 (custom)
2019-10-10 06:36:01,806 [pool-423-thread-1] INFO  segmented.SegmentedRaftLogWorker (SegmentedRaftLogWorker.java:lambda$new$0(128)) - b50d008d-c133-461f-be14-0ec9f77962b8@group-ADDAD67DD0D2-SegmentedRaftLogWorker: flushIndex: setUnconditionally 0 -> -1
2019-10-10 06:36:01,806 [pool-443-thread-1] INFO  server.RaftServerConfigKeys (ConfUtils.java:logGet(43)) - raft.server.log.queue.element-limit = 1024 (custom)
2019-10-10 06:36:01,806 [pool-433-thread-1] INFO  server.RaftServerConfigKeys (ConfUtils.java:logGet(43)) - raft.server.log.queue.element-limit = 1024 (custom)
2019-10-10 06:36:01,806 [pool-423-thread-1] INFO  server.RaftServerConfigKeys (ConfUtils.java:logGet(43)) - raft.server.snapshot.auto.trigger.enabled = true (custom)
2019-10-10 06:36:01,806 [pool-443-thread-1] INFO  server.RaftServerConfigKeys (ConfUtils.java:logGet(43)) - raft.server.log.segment.size.max = 1048576 (custom)
2019-10-10 06:36:01,806 [pool-423-thread-1] INFO  server.RaftServerConfigKeys (ConfUtils.java:logGet(43)) - raft.server.snapshot.auto.trigger.threshold = 10000 (custom)
2019-10-10 06:36:01,806 [pool-433-thread-1] INFO  server.RaftServerConfigKeys (ConfUtils.java:logGet(43)) - raft.server.log.segment.size.max = 1048576 (custom)
2019-10-10 06:36:01,807 [pool-423-thread-1] INFO  server.RaftServerConfigKeys (ConfUtils.java:logGet(43)) - raft.server.snapshot.retention.file.num = 5 (custom)
2019-10-10 06:36:01,807 [pool-443-thread-1] INFO  server.RaftServerConfigKeys (ConfUtils.java:logGet(43)) - raft.server.log.preallocated.size = 16384 (custom)
2019-10-10 06:36:01,807 [pool-423-thread-1] INFO  server.RaftServerConfigKeys (ConfUtils.java:logGet(43)) - raft.server.retrycache.expirytime = 600000ms (custom)
2019-10-10 06:36:01,807 [pool-433-thread-1] INFO  server.RaftServerConfigKeys (ConfUtils.java:logGet(43)) - raft.server.log.preallocated.size = 16384 (custom)
2019-10-10 06:36:01,807 [pool-443-thread-1] INFO  server.RaftServerConfigKeys (ConfUtils.java:logGet(43)) - raft.server.log.write.buffer.size = 33554432 (custom)
2019-10-10 06:36:01,807 [pool-433-thread-1] INFO  server.RaftServerConfigKeys (ConfUtils.java:logGet(43)) - raft.server.log.write.buffer.size = 33554432 (custom)
2019-10-10 06:36:01,807 [pool-443-thread-1] INFO  server.RaftServerConfigKeys (ConfUtils.java:logGet(43)) - raft.server.log.force.sync.num = 128 (default)
2019-10-10 06:36:01,807 [pool-433-thread-1] INFO  server.RaftServerConfigKeys (ConfUtils.java:logGet(43)) - raft.server.log.force.sync.num = 128 (default)
2019-10-10 06:36:01,807 [pool-443-thread-1] INFO  server.RaftServerConfigKeys (ConfUtils.java:logGet(43)) - raft.server.log.statemachine.data.sync = true (default)
2019-10-10 06:36:01,808 [pool-433-thread-1] INFO  server.RaftServerConfigKeys (ConfUtils.java:logGet(43)) - raft.server.log.statemachine.data.sync = true (default)
2019-10-10 06:36:01,808 [pool-443-thread-1] INFO  server.RaftServerConfigKeys (ConfUtils.java:logGet(43)) - raft.server.log.statemachine.data.sync.timeout = 10s (default)
2019-10-10 06:36:01,808 [pool-433-thread-1] INFO  server.RaftServerConfigKeys (ConfUtils.java:logGet(43)) - raft.server.log.statemachine.data.sync.timeout = 10s (default)
2019-10-10 06:36:01,808 [pool-423-thread-1] INFO  impl.RaftServerImpl (RaftServerImpl.java:start(181)) - b50d008d-c133-461f-be14-0ec9f77962b8@group-ADDAD67DD0D2: start as a follower, conf=-1: [e76be57f-796b-44d9-b265-3f1958bf1c51:192.168.151.114:42531, 4e14e28b-4edf-4657-aa1e-a5c17b399f56:192.168.151.114:44540, b50d008d-c133-461f-be14-0ec9f77962b8:192.168.151.114:41807], old=null
2019-10-10 06:36:01,808 [pool-443-thread-1] INFO  server.RaftServerConfigKeys (ConfUtils.java:logGet(43)) - raft.server.log.statemachine.data.sync.timeout.retry = -1 (default)
2019-10-10 06:36:01,808 [pool-423-thread-1] INFO  impl.RaftServerImpl (RaftServerImpl.java:setRole(170)) - b50d008d-c133-461f-be14-0ec9f77962b8@group-ADDAD67DD0D2: changes role from      null to FOLLOWER at term 0 for startAsFollower
2019-10-10 06:36:01,808 [pool-423-thread-1] INFO  impl.RoleInfo (RoleInfo.java:updateAndGet(143)) - b50d008d-c133-461f-be14-0ec9f77962b8: start FollowerState
2019-10-10 06:36:01,808 [pool-433-thread-1] INFO  server.RaftServerConfigKeys (ConfUtils.java:logGet(43)) - raft.server.log.statemachine.data.sync.timeout.retry = -1 (default)
2019-10-10 06:36:01,808 [pool-443-thread-1] INFO  server.RaftServerConfigKeys (ConfUtils.java:logGet(43)) - raft.server.log.statemachine.data.caching.enabled = true (custom)
2019-10-10 06:36:01,809 [pool-423-thread-1] INFO  util.JmxRegister (JmxRegister.java:tryRegister(44)) - Successfully registered JMX Bean with object name Ratis:service=RaftServer,group=group-ADDAD67DD0D2,id=b50d008d-c133-461f-be14-0ec9f77962b8
2019-10-10 06:36:01,809 [pool-433-thread-1] INFO  server.RaftServerConfigKeys (ConfUtils.java:logGet(43)) - raft.server.log.statemachine.data.caching.enabled = true (custom)
2019-10-10 06:36:01,809 [pool-443-thread-1] INFO  segmented.SegmentedRaftLogWorker (SegmentedRaftLogWorker.java:lambda$new$0(128)) - e76be57f-796b-44d9-b265-3f1958bf1c51@group-ADDAD67DD0D2-SegmentedRaftLogWorker: flushIndex: setUnconditionally 0 -> -1
2019-10-10 06:36:01,809 [pool-433-thread-1] INFO  segmented.SegmentedRaftLogWorker (SegmentedRaftLogWorker.java:lambda$new$0(128)) - 4e14e28b-4edf-4657-aa1e-a5c17b399f56@group-ADDAD67DD0D2-SegmentedRaftLogWorker: flushIndex: setUnconditionally 0 -> -1
2019-10-10 06:36:01,809 [pool-443-thread-1] INFO  server.RaftServerConfigKeys (ConfUtils.java:logGet(43)) - raft.server.snapshot.auto.trigger.enabled = true (custom)
2019-10-10 06:36:01,809 [pool-443-thread-1] INFO  server.RaftServerConfigKeys (ConfUtils.java:logGet(43)) - raft.server.snapshot.auto.trigger.threshold = 10000 (custom)
2019-10-10 06:36:01,809 [pool-433-thread-1] INFO  server.RaftServerConfigKeys (ConfUtils.java:logGet(43)) - raft.server.snapshot.auto.trigger.enabled = true (custom)
2019-10-10 06:36:01,809 [pool-443-thread-1] INFO  server.RaftServerConfigKeys (ConfUtils.java:logGet(43)) - raft.server.snapshot.retention.file.num = 5 (custom)
2019-10-10 06:36:01,809 [pool-433-thread-1] INFO  server.RaftServerConfigKeys (ConfUtils.java:logGet(43)) - raft.server.snapshot.auto.trigger.threshold = 10000 (custom)
2019-10-10 06:36:01,810 [pool-443-thread-1] INFO  server.RaftServerConfigKeys (ConfUtils.java:logGet(43)) - raft.server.retrycache.expirytime = 600000ms (custom)
2019-10-10 06:36:01,810 [pool-433-thread-1] INFO  server.RaftServerConfigKeys (ConfUtils.java:logGet(43)) - raft.server.snapshot.retention.file.num = 5 (custom)
2019-10-10 06:36:01,810 [pool-433-thread-1] INFO  server.RaftServerConfigKeys (ConfUtils.java:logGet(43)) - raft.server.retrycache.expirytime = 600000ms (custom)
2019-10-10 06:36:01,811 [pool-443-thread-1] INFO  impl.RaftServerImpl (RaftServerImpl.java:start(181)) - e76be57f-796b-44d9-b265-3f1958bf1c51@group-ADDAD67DD0D2: start as a follower, conf=-1: [e76be57f-796b-44d9-b265-3f1958bf1c51:192.168.151.114:42531, 4e14e28b-4edf-4657-aa1e-a5c17b399f56:192.168.151.114:44540, b50d008d-c133-461f-be14-0ec9f77962b8:192.168.151.114:41807], old=null
2019-10-10 06:36:01,811 [pool-443-thread-1] INFO  impl.RaftServerImpl (RaftServerImpl.java:setRole(170)) - e76be57f-796b-44d9-b265-3f1958bf1c51@group-ADDAD67DD0D2: changes role from      null to FOLLOWER at term 0 for startAsFollower
2019-10-10 06:36:01,811 [pool-443-thread-1] INFO  impl.RoleInfo (RoleInfo.java:updateAndGet(143)) - e76be57f-796b-44d9-b265-3f1958bf1c51: start FollowerState
2019-10-10 06:36:01,812 [pool-443-thread-1] INFO  util.JmxRegister (JmxRegister.java:tryRegister(44)) - Successfully registered JMX Bean with object name Ratis:service=RaftServer,group=group-ADDAD67DD0D2,id=e76be57f-796b-44d9-b265-3f1958bf1c51
2019-10-10 06:36:01,812 [pool-433-thread-1] INFO  impl.RaftServerImpl (RaftServerImpl.java:start(181)) - 4e14e28b-4edf-4657-aa1e-a5c17b399f56@group-ADDAD67DD0D2: start as a follower, conf=-1: [e76be57f-796b-44d9-b265-3f1958bf1c51:192.168.151.114:42531, 4e14e28b-4edf-4657-aa1e-a5c17b399f56:192.168.151.114:44540, b50d008d-c133-461f-be14-0ec9f77962b8:192.168.151.114:41807], old=null
2019-10-10 06:36:01,812 [pool-433-thread-1] INFO  impl.RaftServerImpl (RaftServerImpl.java:setRole(170)) - 4e14e28b-4edf-4657-aa1e-a5c17b399f56@group-ADDAD67DD0D2: changes role from      null to FOLLOWER at term 0 for startAsFollower
2019-10-10 06:36:01,812 [pool-433-thread-1] INFO  impl.RoleInfo (RoleInfo.java:updateAndGet(143)) - 4e14e28b-4edf-4657-aa1e-a5c17b399f56: start FollowerState
2019-10-10 06:36:01,812 [pool-433-thread-1] INFO  util.JmxRegister (JmxRegister.java:tryRegister(44)) - Successfully registered JMX Bean with object name Ratis:service=RaftServer,group=group-ADDAD67DD0D2,id=4e14e28b-4edf-4657-aa1e-a5c17b399f56
2019-10-10 06:36:01,817 [RatisPipelineUtilsThread] INFO  pipeline.PipelineStateManager (PipelineStateManager.java:addPipeline(56)) - Created pipeline Pipeline[ Id: ea26570e-c346-4df5-9baa-addad67dd0d2, Nodes: b50d008d-c133-461f-be14-0ec9f77962b8{ip: 192.168.151.114, host: trunk-nightly-20191010-ks672-2217485364, networkLocation: /default-rack, certSerialId: null}e76be57f-796b-44d9-b265-3f1958bf1c51{ip: 192.168.151.114, host: trunk-nightly-20191010-ks672-2217485364, networkLocation: /default-rack, certSerialId: null}4e14e28b-4edf-4657-aa1e-a5c17b399f56{ip: 192.168.151.114, host: trunk-nightly-20191010-ks672-2217485364, networkLocation: /default-rack, certSerialId: null}, Type:RATIS, Factor:THREE, State:OPEN]
2019-10-10 06:36:04,268 [Thread-2351] INFO  container.ReplicationManager (ReplicationManager.java:start(162)) - Starting Replication Monitor Thread.
2019-10-10 06:36:04,277 [ReplicationMonitor] INFO  container.ReplicationManager (ReplicationManager.java:run(225)) - Replication Monitor Thread took 0 milliseconds for processing 1 containers.
2019-10-10 06:36:06,457 [Thread-2359] INFO  impl.FollowerState (FollowerState.java:run(108)) - deb4f90e-5ffc-4d95-a535-9397ce96eec7@group-D3F1BDFD2414-FollowerState: change to CANDIDATE, lastRpcTime:5015ms, electionTimeout:5015ms
2019-10-10 06:36:06,457 [Thread-2359] INFO  impl.RoleInfo (RoleInfo.java:shutdownFollowerState(121)) - deb4f90e-5ffc-4d95-a535-9397ce96eec7: shutdown FollowerState
2019-10-10 06:36:06,457 [Thread-2359] INFO  impl.RaftServerImpl (RaftServerImpl.java:setRole(170)) - deb4f90e-5ffc-4d95-a535-9397ce96eec7@group-D3F1BDFD2414: changes role from  FOLLOWER to CANDIDATE at term 0 for changeToCandidate
2019-10-10 06:36:06,457 [Thread-2359] INFO  impl.RoleInfo (RoleInfo.java:updateAndGet(143)) - deb4f90e-5ffc-4d95-a535-9397ce96eec7: start LeaderElection
2019-10-10 06:36:06,493 [deb4f90e-5ffc-4d95-a535-9397ce96eec7@group-D3F1BDFD2414-LeaderElection87] INFO  impl.LeaderElection (LeaderElection.java:askForVotes(178)) - deb4f90e-5ffc-4d95-a535-9397ce96eec7@group-D3F1BDFD2414-LeaderElection87: begin an election at term 1 for -1: [deb4f90e-5ffc-4d95-a535-9397ce96eec7:192.168.151.114:46086], old=null
2019-10-10 06:36:06,493 [deb4f90e-5ffc-4d95-a535-9397ce96eec7@group-D3F1BDFD2414-LeaderElection87] INFO  impl.RoleInfo (RoleInfo.java:shutdownLeaderElection(134)) - deb4f90e-5ffc-4d95-a535-9397ce96eec7: shutdown LeaderElection
2019-10-10 06:36:06,493 [deb4f90e-5ffc-4d95-a535-9397ce96eec7@group-D3F1BDFD2414-LeaderElection87] INFO  impl.RaftServerImpl (RaftServerImpl.java:setRole(170)) - deb4f90e-5ffc-4d95-a535-9397ce96eec7@group-D3F1BDFD2414: changes role from CANDIDATE to LEADER at term 1 for changeToLeader
2019-10-10 06:36:06,493 [deb4f90e-5ffc-4d95-a535-9397ce96eec7@group-D3F1BDFD2414-LeaderElection87] INFO  impl.RaftServerImpl (ServerState.java:setLeader(255)) - deb4f90e-5ffc-4d95-a535-9397ce96eec7@group-D3F1BDFD2414: change Leader from null to deb4f90e-5ffc-4d95-a535-9397ce96eec7 at term 1 for becomeLeader, leader elected after 5058ms
2019-10-10 06:36:06,493 [deb4f90e-5ffc-4d95-a535-9397ce96eec7@group-D3F1BDFD2414-LeaderElection87] INFO  server.RaftServerConfigKeys (ConfUtils.java:logGet(43)) - raft.server.staging.catchup.gap = 1000 (default)
2019-10-10 06:36:06,493 [deb4f90e-5ffc-4d95-a535-9397ce96eec7@group-D3F1BDFD2414-LeaderElection87] INFO  server.RaftServerConfigKeys (ConfUtils.java:logGet(43)) - raft.server.rpc.sleep.time = 25ms (default)
2019-10-10 06:36:06,493 [deb4f90e-5ffc-4d95-a535-9397ce96eec7@group-D3F1BDFD2414-LeaderElection87] INFO  server.RaftServerConfigKeys (ConfUtils.java:logGet(43)) - raft.server.write.element-limit = 4096 (default)
2019-10-10 06:36:06,493 [deb4f90e-5ffc-4d95-a535-9397ce96eec7@group-D3F1BDFD2414-LeaderElection87] INFO  server.RaftServerConfigKeys (ConfUtils.java:logGet(43)) - raft.server.watch.timeout = 10s (default)
2019-10-10 06:36:06,494 [deb4f90e-5ffc-4d95-a535-9397ce96eec7@group-D3F1BDFD2414-LeaderElection87] INFO  server.RaftServerConfigKeys (ConfUtils.java:logGet(43)) - raft.server.watch.timeout.denomination = 1s (default)
2019-10-10 06:36:06,494 [deb4f90e-5ffc-4d95-a535-9397ce96eec7@group-D3F1BDFD2414-LeaderElection87] INFO  server.RaftServerConfigKeys (ConfUtils.java:logGet(43)) - raft.server.watch.element-limit = 65536 (default)
2019-10-10 06:36:06,494 [Thread-2353] INFO  impl.FollowerState (FollowerState.java:run(108)) - 9ef369c6-e172-4b0f-bbfb-bcf146477daa@group-D0DE32F554E1-FollowerState: change to CANDIDATE, lastRpcTime:5179ms, electionTimeout:5179ms
2019-10-10 06:36:06,494 [Thread-2353] INFO  impl.RoleInfo (RoleInfo.java:shutdownFollowerState(121)) - 9ef369c6-e172-4b0f-bbfb-bcf146477daa: shutdown FollowerState
2019-10-10 06:36:06,495 [Thread-2353] INFO  impl.RaftServerImpl (RaftServerImpl.java:setRole(170)) - 9ef369c6-e172-4b0f-bbfb-bcf146477daa@group-D0DE32F554E1: changes role from  FOLLOWER to CANDIDATE at term 0 for changeToCandidate
2019-10-10 06:36:06,495 [Thread-2353] INFO  impl.RoleInfo (RoleInfo.java:updateAndGet(143)) - 9ef369c6-e172-4b0f-bbfb-bcf146477daa: start LeaderElection
2019-10-10 06:36:06,495 [deb4f90e-5ffc-4d95-a535-9397ce96eec7@group-D3F1BDFD2414-LeaderElection87] INFO  impl.RoleInfo (RoleInfo.java:updateAndGet(143)) - deb4f90e-5ffc-4d95-a535-9397ce96eec7: start LeaderState
2019-10-10 06:36:06,503 [deb4f90e-5ffc-4d95-a535-9397ce96eec7@group-D3F1BDFD2414-LeaderElection87] INFO  segmented.SegmentedRaftLogWorker (SegmentedRaftLogWorker.java:startLogSegment(385)) - deb4f90e-5ffc-4d95-a535-9397ce96eec7@group-D3F1BDFD2414-SegmentedRaftLogWorker: Starting segment from index:0
2019-10-10 06:36:06,504 [deb4f90e-5ffc-4d95-a535-9397ce96eec7@group-D3F1BDFD2414-LeaderElection87] INFO  impl.RaftServerImpl (ServerState.java:setRaftConf(356)) - deb4f90e-5ffc-4d95-a535-9397ce96eec7@group-D3F1BDFD2414: set configuration 0: [deb4f90e-5ffc-4d95-a535-9397ce96eec7:192.168.151.114:46086], old=null at 0
2019-10-10 06:36:06,515 [9ef369c6-e172-4b0f-bbfb-bcf146477daa@group-D0DE32F554E1-LeaderElection88] INFO  impl.LeaderElection (LeaderElection.java:askForVotes(178)) - 9ef369c6-e172-4b0f-bbfb-bcf146477daa@group-D0DE32F554E1-LeaderElection88: begin an election at term 1 for -1: [9ef369c6-e172-4b0f-bbfb-bcf146477daa:192.168.151.114:43936], old=null
2019-10-10 06:36:06,516 [9ef369c6-e172-4b0f-bbfb-bcf146477daa@group-D0DE32F554E1-LeaderElection88] INFO  impl.RoleInfo (RoleInfo.java:shutdownLeaderElection(134)) - 9ef369c6-e172-4b0f-bbfb-bcf146477daa: shutdown LeaderElection
2019-10-10 06:36:06,516 [9ef369c6-e172-4b0f-bbfb-bcf146477daa@group-D0DE32F554E1-LeaderElection88] INFO  impl.RaftServerImpl (RaftServerImpl.java:setRole(170)) - 9ef369c6-e172-4b0f-bbfb-bcf146477daa@group-D0DE32F554E1: changes role from CANDIDATE to LEADER at term 1 for changeToLeader
2019-10-10 06:36:06,516 [9ef369c6-e172-4b0f-bbfb-bcf146477daa@group-D0DE32F554E1-LeaderElection88] INFO  impl.RaftServerImpl (ServerState.java:setLeader(255)) - 9ef369c6-e172-4b0f-bbfb-bcf146477daa@group-D0DE32F554E1: change Leader from null to 9ef369c6-e172-4b0f-bbfb-bcf146477daa at term 1 for becomeLeader, leader elected after 5208ms
2019-10-10 06:36:06,516 [9ef369c6-e172-4b0f-bbfb-bcf146477daa@group-D0DE32F554E1-LeaderElection88] INFO  server.RaftServerConfigKeys (ConfUtils.java:logGet(43)) - raft.server.staging.catchup.gap = 1000 (default)
2019-10-10 06:36:06,516 [9ef369c6-e172-4b0f-bbfb-bcf146477daa@group-D0DE32F554E1-LeaderElection88] INFO  server.RaftServerConfigKeys (ConfUtils.java:logGet(43)) - raft.server.rpc.sleep.time = 25ms (default)
2019-10-10 06:36:06,516 [9ef369c6-e172-4b0f-bbfb-bcf146477daa@group-D0DE32F554E1-LeaderElection88] INFO  server.RaftServerConfigKeys (ConfUtils.java:logGet(43)) - raft.server.write.element-limit = 4096 (default)
2019-10-10 06:36:06,516 [9ef369c6-e172-4b0f-bbfb-bcf146477daa@group-D0DE32F554E1-LeaderElection88] INFO  server.RaftServerConfigKeys (ConfUtils.java:logGet(43)) - raft.server.watch.timeout = 10s (default)
2019-10-10 06:36:06,517 [9ef369c6-e172-4b0f-bbfb-bcf146477daa@group-D0DE32F554E1-LeaderElection88] INFO  server.RaftServerConfigKeys (ConfUtils.java:logGet(43)) - raft.server.watch.timeout.denomination = 1s (default)
2019-10-10 06:36:06,517 [9ef369c6-e172-4b0f-bbfb-bcf146477daa@group-D0DE32F554E1-LeaderElection88] INFO  server.RaftServerConfigKeys (ConfUtils.java:logGet(43)) - raft.server.watch.element-limit = 65536 (default)
2019-10-10 06:36:06,518 [9ef369c6-e172-4b0f-bbfb-bcf146477daa@group-D0DE32F554E1-LeaderElection88] INFO  impl.RoleInfo (RoleInfo.java:updateAndGet(143)) - 9ef369c6-e172-4b0f-bbfb-bcf146477daa: start LeaderState
2019-10-10 06:36:06,519 [9ef369c6-e172-4b0f-bbfb-bcf146477daa@group-D0DE32F554E1-LeaderElection88] INFO  segmented.SegmentedRaftLogWorker (SegmentedRaftLogWorker.java:startLogSegment(385)) - 9ef369c6-e172-4b0f-bbfb-bcf146477daa@group-D0DE32F554E1-SegmentedRaftLogWorker: Starting segment from index:0
2019-10-10 06:36:06,519 [9ef369c6-e172-4b0f-bbfb-bcf146477daa@group-D0DE32F554E1-LeaderElection88] INFO  impl.RaftServerImpl (ServerState.java:setRaftConf(356)) - 9ef369c6-e172-4b0f-bbfb-bcf146477daa@group-D0DE32F554E1: set configuration 0: [9ef369c6-e172-4b0f-bbfb-bcf146477daa:192.168.151.114:43936], old=null at 0
2019-10-10 06:36:06,519 [Thread-2365] INFO  impl.FollowerState (FollowerState.java:run(108)) - be457821-dbd5-4f3c-8c18-14575015e379@group-6A028B36F0A7-FollowerState: change to CANDIDATE, lastRpcTime:5023ms, electionTimeout:5023ms
2019-10-10 06:36:06,520 [Thread-2365] INFO  impl.RoleInfo (RoleInfo.java:shutdownFollowerState(121)) - be457821-dbd5-4f3c-8c18-14575015e379: shutdown FollowerState
2019-10-10 06:36:06,520 [Thread-2365] INFO  impl.RaftServerImpl (RaftServerImpl.java:setRole(170)) - be457821-dbd5-4f3c-8c18-14575015e379@group-6A028B36F0A7: changes role from  FOLLOWER to CANDIDATE at term 0 for changeToCandidate
2019-10-10 06:36:06,520 [Thread-2365] INFO  impl.RoleInfo (RoleInfo.java:updateAndGet(143)) - be457821-dbd5-4f3c-8c18-14575015e379: start LeaderElection
2019-10-10 06:36:06,558 [Thread-2356] INFO  impl.FollowerState (FollowerState.java:run(108)) - be457821-dbd5-4f3c-8c18-14575015e379@group-6D3998956F36-FollowerState: change to CANDIDATE, lastRpcTime:5172ms, electionTimeout:5169ms
2019-10-10 06:36:06,558 [Thread-2356] INFO  impl.RoleInfo (RoleInfo.java:shutdownFollowerState(121)) - be457821-dbd5-4f3c-8c18-14575015e379: shutdown FollowerState
2019-10-10 06:36:06,558 [Thread-2367] INFO  impl.FollowerState (FollowerState.java:run(108)) - 9ef369c6-e172-4b0f-bbfb-bcf146477daa@group-6A028B36F0A7-FollowerState: change to CANDIDATE, lastRpcTime:5061ms, electionTimeout:5024ms
2019-10-10 06:36:06,558 [Thread-2356] INFO  impl.RaftServerImpl (RaftServerImpl.java:setRole(170)) - be457821-dbd5-4f3c-8c18-14575015e379@group-6D3998956F36: changes role from  FOLLOWER to CANDIDATE at term 0 for changeToCandidate
2019-10-10 06:36:06,559 [Thread-2367] INFO  impl.RoleInfo (RoleInfo.java:shutdownFollowerState(121)) - 9ef369c6-e172-4b0f-bbfb-bcf146477daa: shutdown FollowerState
2019-10-10 06:36:06,559 [Thread-2356] INFO  impl.RoleInfo (RoleInfo.java:updateAndGet(143)) - be457821-dbd5-4f3c-8c18-14575015e379: start LeaderElection
2019-10-10 06:36:06,559 [Thread-2367] INFO  impl.RaftServerImpl (RaftServerImpl.java:setRole(170)) - 9ef369c6-e172-4b0f-bbfb-bcf146477daa@group-6A028B36F0A7: changes role from  FOLLOWER to CANDIDATE at term 0 for changeToCandidate
2019-10-10 06:36:06,559 [Thread-2367] INFO  impl.RoleInfo (RoleInfo.java:updateAndGet(143)) - 9ef369c6-e172-4b0f-bbfb-bcf146477daa: start LeaderElection
2019-10-10 06:36:06,571 [9ef369c6-e172-4b0f-bbfb-bcf146477daa@group-D0DE32F554E1-SegmentedRaftLogWorker] INFO  segmented.SegmentedRaftLogWorker (SegmentedRaftLogWorker.java:execute(574)) - 9ef369c6-e172-4b0f-bbfb-bcf146477daa@group-D0DE32F554E1-SegmentedRaftLogWorker: created new log segment /workdir/hadoop-ozone/integration-test/target/test-dir/MiniOzoneClusterImpl-63933bd2-200b-4836-97fb-de809f2124aa/datanode-0/data/ratis/627a4806-1845-4cb7-871e-d0de32f554e1/current/log_inprogress_0
2019-10-10 06:36:06,571 [deb4f90e-5ffc-4d95-a535-9397ce96eec7@group-D3F1BDFD2414-SegmentedRaftLogWorker] INFO  segmented.SegmentedRaftLogWorker (SegmentedRaftLogWorker.java:execute(574)) - deb4f90e-5ffc-4d95-a535-9397ce96eec7@group-D3F1BDFD2414-SegmentedRaftLogWorker: created new log segment /workdir/hadoop-ozone/integration-test/target/test-dir/MiniOzoneClusterImpl-63933bd2-200b-4836-97fb-de809f2124aa/datanode-2/data/ratis/ef19c294-6e45-4175-a4b1-d3f1bdfd2414/current/log_inprogress_0
2019-10-10 06:36:06,571 [be457821-dbd5-4f3c-8c18-14575015e379@group-6A028B36F0A7-LeaderElection89] INFO  impl.LeaderElection (LeaderElection.java:askForVotes(178)) - be457821-dbd5-4f3c-8c18-14575015e379@group-6A028B36F0A7-LeaderElection89: begin an election at term 1 for -1: [deb4f90e-5ffc-4d95-a535-9397ce96eec7:192.168.151.114:46086, be457821-dbd5-4f3c-8c18-14575015e379:192.168.151.114:34216, 9ef369c6-e172-4b0f-bbfb-bcf146477daa:192.168.151.114:43936], old=null
2019-10-10 06:36:06,577 [grpc-default-executor-3] INFO  impl.RaftServerImpl (RaftServerImpl.java:setRole(170)) - deb4f90e-5ffc-4d95-a535-9397ce96eec7@group-6A028B36F0A7: changes role from  FOLLOWER to FOLLOWER at term 1 for recognizeCandidate:be457821-dbd5-4f3c-8c18-14575015e379
2019-10-10 06:36:06,577 [grpc-default-executor-3] INFO  impl.RoleInfo (RoleInfo.java:shutdownFollowerState(121)) - deb4f90e-5ffc-4d95-a535-9397ce96eec7: shutdown FollowerState
2019-10-10 06:36:06,577 [grpc-default-executor-3] INFO  impl.RoleInfo (RoleInfo.java:updateAndGet(143)) - deb4f90e-5ffc-4d95-a535-9397ce96eec7: start FollowerState
2019-10-10 06:36:06,577 [Thread-2362] INFO  impl.FollowerState (FollowerState.java:run(117)) - deb4f90e-5ffc-4d95-a535-9397ce96eec7@group-6A028B36F0A7-FollowerState was interrupted: java.lang.InterruptedException: sleep interrupted
2019-10-10 06:36:06,585 [9ef369c6-e172-4b0f-bbfb-bcf146477daa@group-6A028B36F0A7-LeaderElection91] INFO  impl.LeaderElection (LeaderElection.java:askForVotes(178)) - 9ef369c6-e172-4b0f-bbfb-bcf146477daa@group-6A028B36F0A7-LeaderElection91: begin an election at term 1 for -1: [deb4f90e-5ffc-4d95-a535-9397ce96eec7:192.168.151.114:46086, be457821-dbd5-4f3c-8c18-14575015e379:192.168.151.114:34216, 9ef369c6-e172-4b0f-bbfb-bcf146477daa:192.168.151.114:43936], old=null
2019-10-10 06:36:06,585 [be457821-dbd5-4f3c-8c18-14575015e379@group-6D3998956F36-LeaderElection90] INFO  impl.LeaderElection (LeaderElection.java:askForVotes(178)) - be457821-dbd5-4f3c-8c18-14575015e379@group-6D3998956F36-LeaderElection90: begin an election at term 1 for -1: [be457821-dbd5-4f3c-8c18-14575015e379:192.168.151.114:34216], old=null
2019-10-10 06:36:06,585 [be457821-dbd5-4f3c-8c18-14575015e379@group-6D3998956F36-LeaderElection90] INFO  impl.RoleInfo (RoleInfo.java:shutdownLeaderElection(134)) - be457821-dbd5-4f3c-8c18-14575015e379: shutdown LeaderElection
2019-10-10 06:36:06,585 [be457821-dbd5-4f3c-8c18-14575015e379@group-6D3998956F36-LeaderElection90] INFO  impl.RaftServerImpl (RaftServerImpl.java:setRole(170)) - be457821-dbd5-4f3c-8c18-14575015e379@group-6D3998956F36: changes role from CANDIDATE to LEADER at term 1 for changeToLeader
2019-10-10 06:36:06,585 [be457821-dbd5-4f3c-8c18-14575015e379@group-6D3998956F36-LeaderElection90] INFO  impl.RaftServerImpl (ServerState.java:setLeader(255)) - be457821-dbd5-4f3c-8c18-14575015e379@group-6D3998956F36: change Leader from null to be457821-dbd5-4f3c-8c18-14575015e379 at term 1 for becomeLeader, leader elected after 5205ms
2019-10-10 06:36:06,585 [be457821-dbd5-4f3c-8c18-14575015e379@group-6D3998956F36-LeaderElection90] INFO  server.RaftServerConfigKeys (ConfUtils.java:logGet(43)) - raft.server.staging.catchup.gap = 1000 (default)
2019-10-10 06:36:06,586 [be457821-dbd5-4f3c-8c18-14575015e379@group-6D3998956F36-LeaderElection90] INFO  server.RaftServerConfigKeys (ConfUtils.java:logGet(43)) - raft.server.rpc.sleep.time = 25ms (default)
2019-10-10 06:36:06,586 [be457821-dbd5-4f3c-8c18-14575015e379@group-6A028B36F0A7-LeaderElection89] INFO  impl.LeaderElection (LeaderElection.java:logAndReturn(56)) - be457821-dbd5-4f3c-8c18-14575015e379@group-6A028B36F0A7-LeaderElection89: Election PASSED; received 2 response(s) [be457821-dbd5-4f3c-8c18-14575015e379<-deb4f90e-5ffc-4d95-a535-9397ce96eec7#0:OK-t1, be457821-dbd5-4f3c-8c18-14575015e379<-9ef369c6-e172-4b0f-bbfb-bcf146477daa#0:FAIL-t1] and 0 exception(s); be457821-dbd5-4f3c-8c18-14575015e379@group-6A028B36F0A7:t1, leader=null, voted=be457821-dbd5-4f3c-8c18-14575015e379, raftlog=be457821-dbd5-4f3c-8c18-14575015e379@group-6A028B36F0A7-SegmentedRaftLog:OPENED:c-1,f-1,i0, conf=-1: [deb4f90e-5ffc-4d95-a535-9397ce96eec7:192.168.151.114:46086, be457821-dbd5-4f3c-8c18-14575015e379:192.168.151.114:34216, 9ef369c6-e172-4b0f-bbfb-bcf146477daa:192.168.151.114:43936], old=null
2019-10-10 06:36:06,586 [be457821-dbd5-4f3c-8c18-14575015e379@group-6D3998956F36-LeaderElection90] INFO  server.RaftServerConfigKeys (ConfUtils.java:logGet(43)) - raft.server.write.element-limit = 4096 (default)
2019-10-10 06:36:06,586 [be457821-dbd5-4f3c-8c18-14575015e379@group-6A028B36F0A7-LeaderElection89] INFO  impl.RoleInfo (RoleInfo.java:shutdownLeaderElection(134)) - be457821-dbd5-4f3c-8c18-14575015e379: shutdown LeaderElection
2019-10-10 06:36:06,586 [be457821-dbd5-4f3c-8c18-14575015e379@group-6D3998956F36-LeaderElection90] INFO  server.RaftServerConfigKeys (ConfUtils.java:logGet(43)) - raft.server.watch.timeout = 10s (default)
2019-10-10 06:36:06,586 [be457821-dbd5-4f3c-8c18-14575015e379@group-6A028B36F0A7-LeaderElection89] INFO  impl.RaftServerImpl (RaftServerImpl.java:setRole(170)) - be457821-dbd5-4f3c-8c18-14575015e379@group-6A028B36F0A7: changes role from CANDIDATE to LEADER at term 1 for changeToLeader
2019-10-10 06:36:06,586 [be457821-dbd5-4f3c-8c18-14575015e379@group-6D3998956F36-LeaderElection90] INFO  server.RaftServerConfigKeys (ConfUtils.java:logGet(43)) - raft.server.watch.timeout.denomination = 1s (default)
2019-10-10 06:36:06,586 [be457821-dbd5-4f3c-8c18-14575015e379@group-6A028B36F0A7-LeaderElection89] INFO  impl.RaftServerImpl (ServerState.java:setLeader(255)) - be457821-dbd5-4f3c-8c18-14575015e379@group-6A028B36F0A7: change Leader from null to be457821-dbd5-4f3c-8c18-14575015e379 at term 1 for becomeLeader, leader elected after 5102ms
2019-10-10 06:36:06,586 [be457821-dbd5-4f3c-8c18-14575015e379@group-6D3998956F36-LeaderElection90] INFO  server.RaftServerConfigKeys (ConfUtils.java:logGet(43)) - raft.server.watch.element-limit = 65536 (default)
2019-10-10 06:36:06,586 [be457821-dbd5-4f3c-8c18-14575015e379@group-6A028B36F0A7-LeaderElection89] INFO  server.RaftServerConfigKeys (ConfUtils.java:logGet(43)) - raft.server.staging.catchup.gap = 1000 (default)
2019-10-10 06:36:06,587 [be457821-dbd5-4f3c-8c18-14575015e379@group-6A028B36F0A7-LeaderElection89] INFO  server.RaftServerConfigKeys (ConfUtils.java:logGet(43)) - raft.server.rpc.sleep.time = 25ms (default)
2019-10-10 06:36:06,587 [be457821-dbd5-4f3c-8c18-14575015e379@group-6A028B36F0A7-LeaderElection89] INFO  server.RaftServerConfigKeys (ConfUtils.java:logGet(43)) - raft.server.write.element-limit = 4096 (default)
2019-10-10 06:36:06,587 [be457821-dbd5-4f3c-8c18-14575015e379@group-6A028B36F0A7-LeaderElection89] INFO  server.RaftServerConfigKeys (ConfUtils.java:logGet(43)) - raft.server.watch.timeout = 10s (default)
2019-10-10 06:36:06,587 [be457821-dbd5-4f3c-8c18-14575015e379@group-6A028B36F0A7-LeaderElection89] INFO  server.RaftServerConfigKeys (ConfUtils.java:logGet(43)) - raft.server.watch.timeout.denomination = 1s (default)
2019-10-10 06:36:06,587 [be457821-dbd5-4f3c-8c18-14575015e379@group-6A028B36F0A7-LeaderElection89] INFO  server.RaftServerConfigKeys (ConfUtils.java:logGet(43)) - raft.server.watch.element-limit = 65536 (default)
2019-10-10 06:36:06,591 [be457821-dbd5-4f3c-8c18-14575015e379@group-6D3998956F36-LeaderElection90] INFO  impl.RoleInfo (RoleInfo.java:updateAndGet(143)) - be457821-dbd5-4f3c-8c18-14575015e379: start LeaderState
2019-10-10 06:36:06,592 [be457821-dbd5-4f3c-8c18-14575015e379@group-6D3998956F36-LeaderElection90] INFO  segmented.SegmentedRaftLogWorker (SegmentedRaftLogWorker.java:startLogSegment(385)) - be457821-dbd5-4f3c-8c18-14575015e379@group-6D3998956F36-SegmentedRaftLogWorker: Starting segment from index:0
2019-10-10 06:36:06,592 [be457821-dbd5-4f3c-8c18-14575015e379@group-6A028B36F0A7-LeaderElection89] INFO  server.RaftServerConfigKeys (ConfUtils.java:logGet(43)) - raft.server.log.appender.snapshot.chunk.size.max = 16MB (=16777216) (default)
2019-10-10 06:36:06,592 [be457821-dbd5-4f3c-8c18-14575015e379@group-6D3998956F36-LeaderElection90] INFO  impl.RaftServerImpl (ServerState.java:setRaftConf(356)) - be457821-dbd5-4f3c-8c18-14575015e379@group-6D3998956F36: set configuration 0: [be457821-dbd5-4f3c-8c18-14575015e379:192.168.151.114:34216], old=null at 0
2019-10-10 06:36:06,592 [be457821-dbd5-4f3c-8c18-14575015e379@group-6A028B36F0A7-LeaderElection89] INFO  server.RaftServerConfigKeys (ConfUtils.java:logGet(43)) - raft.server.log.appender.buffer.byte-limit = 33554432 (custom)
2019-10-10 06:36:06,592 [be457821-dbd5-4f3c-8c18-14575015e379@group-6A028B36F0A7-LeaderElection89] INFO  server.RaftServerConfigKeys (ConfUtils.java:logGet(43)) - raft.server.log.appender.buffer.element-limit = 1 (custom)
2019-10-10 06:36:06,593 [be457821-dbd5-4f3c-8c18-14575015e379@group-6A028B36F0A7-LeaderElection89] INFO  grpc.GrpcConfigKeys$Server (ConfUtils.java:logGet(43)) - raft.grpc.server.leader.outstanding.appends.max = 128 (default)
2019-10-10 06:36:06,593 [be457821-dbd5-4f3c-8c18-14575015e379@group-6A028B36F0A7-LeaderElection89] INFO  server.RaftServerConfigKeys (ConfUtils.java:logGet(43)) - raft.server.rpc.request.timeout = 3000ms (default)
2019-10-10 06:36:06,593 [be457821-dbd5-4f3c-8c18-14575015e379@group-6A028B36F0A7-LeaderElection89] INFO  server.RaftServerConfigKeys (ConfUtils.java:logGet(43)) - raft.server.log.appender.install.snapshot.enabled = false (custom)
2019-10-10 06:36:06,593 [be457821-dbd5-4f3c-8c18-14575015e379@group-6A028B36F0A7-LeaderElection89] INFO  server.RaftServerConfigKeys (ConfUtils.java:logGet(43)) - raft.server.log.appender.snapshot.chunk.size.max = 16MB (=16777216) (default)
2019-10-10 06:36:06,593 [be457821-dbd5-4f3c-8c18-14575015e379@group-6A028B36F0A7-LeaderElection89] INFO  server.RaftServerConfigKeys (ConfUtils.java:logGet(43)) - raft.server.log.appender.buffer.byte-limit = 33554432 (custom)
2019-10-10 06:36:06,593 [be457821-dbd5-4f3c-8c18-14575015e379@group-6A028B36F0A7-LeaderElection89] INFO  server.RaftServerConfigKeys (ConfUtils.java:logGet(43)) - raft.server.log.appender.buffer.element-limit = 1 (custom)
2019-10-10 06:36:06,593 [be457821-dbd5-4f3c-8c18-14575015e379@group-6A028B36F0A7-LeaderElection89] INFO  grpc.GrpcConfigKeys$Server (ConfUtils.java:logGet(43)) - raft.grpc.server.leader.outstanding.appends.max = 128 (default)
2019-10-10 06:36:06,594 [be457821-dbd5-4f3c-8c18-14575015e379@group-6A028B36F0A7-LeaderElection89] INFO  server.RaftServerConfigKeys (ConfUtils.java:logGet(43)) - raft.server.rpc.request.timeout = 3000ms (default)
2019-10-10 06:36:06,594 [be457821-dbd5-4f3c-8c18-14575015e379@group-6A028B36F0A7-LeaderElection89] INFO  server.RaftServerConfigKeys (ConfUtils.java:logGet(43)) - raft.server.log.appender.install.snapshot.enabled = false (custom)
2019-10-10 06:36:06,594 [be457821-dbd5-4f3c-8c18-14575015e379@group-6A028B36F0A7-LeaderElection89] INFO  impl.RoleInfo (RoleInfo.java:updateAndGet(143)) - be457821-dbd5-4f3c-8c18-14575015e379: start LeaderState
2019-10-10 06:36:06,594 [be457821-dbd5-4f3c-8c18-14575015e379@group-6A028B36F0A7-LeaderElection89] INFO  segmented.SegmentedRaftLogWorker (SegmentedRaftLogWorker.java:startLogSegment(385)) - be457821-dbd5-4f3c-8c18-14575015e379@group-6A028B36F0A7-SegmentedRaftLogWorker: Starting segment from index:0
2019-10-10 06:36:06,595 [be457821-dbd5-4f3c-8c18-14575015e379@group-6A028B36F0A7-LeaderElection89] INFO  impl.RaftServerImpl (ServerState.java:setRaftConf(356)) - be457821-dbd5-4f3c-8c18-14575015e379@group-6A028B36F0A7: set configuration 0: [deb4f90e-5ffc-4d95-a535-9397ce96eec7:192.168.151.114:46086, be457821-dbd5-4f3c-8c18-14575015e379:192.168.151.114:34216, 9ef369c6-e172-4b0f-bbfb-bcf146477daa:192.168.151.114:43936], old=null at 0
2019-10-10 06:36:06,595 [grpc-default-executor-3] INFO  impl.RaftServerImpl (RaftServerImpl.java:requestVote(754)) - be457821-dbd5-4f3c-8c18-14575015e379@group-6A028B36F0A7-   LEADER: Withhold vote from candidate 9ef369c6-e172-4b0f-bbfb-bcf146477daa with term 1. State: leader=be457821-dbd5-4f3c-8c18-14575015e379, term=1, lastRpcElapsed=null
2019-10-10 06:36:06,646 [Thread-2371] INFO  impl.FollowerState (FollowerState.java:run(108)) - b50d008d-c133-461f-be14-0ec9f77962b8@group-D9C37D170824-FollowerState: change to CANDIDATE, lastRpcTime:5052ms, electionTimeout:5052ms
2019-10-10 06:36:06,647 [Thread-2371] INFO  impl.RoleInfo (RoleInfo.java:shutdownFollowerState(121)) - b50d008d-c133-461f-be14-0ec9f77962b8: shutdown FollowerState
2019-10-10 06:36:06,647 [Thread-2371] INFO  impl.RaftServerImpl (RaftServerImpl.java:setRole(170)) - b50d008d-c133-461f-be14-0ec9f77962b8@group-D9C37D170824: changes role from  FOLLOWER to CANDIDATE at term 0 for changeToCandidate
2019-10-10 06:36:06,647 [Thread-2371] INFO  impl.RoleInfo (RoleInfo.java:updateAndGet(143)) - b50d008d-c133-461f-be14-0ec9f77962b8: start LeaderElection
2019-10-10 06:36:06,647 [grpc-default-executor-2] INFO  impl.RaftServerImpl (ServerState.java:setLeader(255)) - deb4f90e-5ffc-4d95-a535-9397ce96eec7@group-6A028B36F0A7: change Leader from null to be457821-dbd5-4f3c-8c18-14575015e379 at term 1 for appendEntries, leader elected after 5163ms
2019-10-10 06:36:06,647 [9ef369c6-e172-4b0f-bbfb-bcf146477daa@group-6A028B36F0A7-LeaderElection91] INFO  impl.LeaderElection (LeaderElection.java:logAndReturn(56)) - 9ef369c6-e172-4b0f-bbfb-bcf146477daa@group-6A028B36F0A7-LeaderElection91: Election REJECTED; received 2 response(s) [9ef369c6-e172-4b0f-bbfb-bcf146477daa<-deb4f90e-5ffc-4d95-a535-9397ce96eec7#0:FAIL-t1, 9ef369c6-e172-4b0f-bbfb-bcf146477daa<-be457821-dbd5-4f3c-8c18-14575015e379#0:FAIL-t1] and 0 exception(s); 9ef369c6-e172-4b0f-bbfb-bcf146477daa@group-6A028B36F0A7:t1, leader=null, voted=9ef369c6-e172-4b0f-bbfb-bcf146477daa, raftlog=9ef369c6-e172-4b0f-bbfb-bcf146477daa@group-6A028B36F0A7-SegmentedRaftLog:OPENED:c-1,f-1,i0, conf=-1: [deb4f90e-5ffc-4d95-a535-9397ce96eec7:192.168.151.114:46086, be457821-dbd5-4f3c-8c18-14575015e379:192.168.151.114:34216, 9ef369c6-e172-4b0f-bbfb-bcf146477daa:192.168.151.114:43936], old=null
2019-10-10 06:36:06,647 [grpc-default-executor-3] INFO  impl.RaftServerImpl (RaftServerImpl.java:setRole(170)) - 9ef369c6-e172-4b0f-bbfb-bcf146477daa@group-6A028B36F0A7: changes role from CANDIDATE to FOLLOWER at term 1 for appendEntries
2019-10-10 06:36:06,657 [grpc-default-executor-3] INFO  impl.RoleInfo (RoleInfo.java:shutdownLeaderElection(134)) - 9ef369c6-e172-4b0f-bbfb-bcf146477daa: shutdown LeaderElection
2019-10-10 06:36:06,657 [grpc-default-executor-3] INFO  impl.RoleInfo (RoleInfo.java:updateAndGet(143)) - 9ef369c6-e172-4b0f-bbfb-bcf146477daa: start FollowerState
2019-10-10 06:36:06,657 [grpc-default-executor-3] INFO  impl.RaftServerImpl (ServerState.java:setLeader(255)) - 9ef369c6-e172-4b0f-bbfb-bcf146477daa@group-6A028B36F0A7: change Leader from null to be457821-dbd5-4f3c-8c18-14575015e379 at term 1 for appendEntries, leader elected after 5173ms
2019-10-10 06:36:06,659 [be457821-dbd5-4f3c-8c18-14575015e379@group-6A028B36F0A7-SegmentedRaftLogWorker] INFO  segmented.SegmentedRaftLogWorker (SegmentedRaftLogWorker.java:execute(574)) - be457821-dbd5-4f3c-8c18-14575015e379@group-6A028B36F0A7-SegmentedRaftLogWorker: created new log segment /workdir/hadoop-ozone/integration-test/target/test-dir/MiniOzoneClusterImpl-63933bd2-200b-4836-97fb-de809f2124aa/datanode-1/data/ratis/675b7dc3-d557-44da-a195-6a028b36f0a7/current/log_inprogress_0
2019-10-10 06:36:06,659 [b50d008d-c133-461f-be14-0ec9f77962b8@group-D9C37D170824-LeaderElection92] INFO  impl.LeaderElection (LeaderElection.java:askForVotes(178)) - b50d008d-c133-461f-be14-0ec9f77962b8@group-D9C37D170824-LeaderElection92: begin an election at term 1 for -1: [b50d008d-c133-461f-be14-0ec9f77962b8:192.168.151.114:41807], old=null
2019-10-10 06:36:06,659 [grpc-default-executor-3] INFO  impl.RaftServerImpl (ServerState.java:setRaftConf(356)) - 9ef369c6-e172-4b0f-bbfb-bcf146477daa@group-6A028B36F0A7: set configuration 0: [deb4f90e-5ffc-4d95-a535-9397ce96eec7:192.168.151.114:46086, be457821-dbd5-4f3c-8c18-14575015e379:192.168.151.114:34216, 9ef369c6-e172-4b0f-bbfb-bcf146477daa:192.168.151.114:43936], old=null at 0
2019-10-10 06:36:06,659 [b50d008d-c133-461f-be14-0ec9f77962b8@group-D9C37D170824-LeaderElection92] INFO  impl.RoleInfo (RoleInfo.java:shutdownLeaderElection(134)) - b50d008d-c133-461f-be14-0ec9f77962b8: shutdown LeaderElection
2019-10-10 06:36:06,659 [b50d008d-c133-461f-be14-0ec9f77962b8@group-D9C37D170824-LeaderElection92] INFO  impl.RaftServerImpl (RaftServerImpl.java:setRole(170)) - b50d008d-c133-461f-be14-0ec9f77962b8@group-D9C37D170824: changes role from CANDIDATE to LEADER at term 1 for changeToLeader
2019-10-10 06:36:06,659 [grpc-default-executor-2] INFO  impl.RaftServerImpl (ServerState.java:setRaftConf(356)) - deb4f90e-5ffc-4d95-a535-9397ce96eec7@group-6A028B36F0A7: set configuration 0: [deb4f90e-5ffc-4d95-a535-9397ce96eec7:192.168.151.114:46086, be457821-dbd5-4f3c-8c18-14575015e379:192.168.151.114:34216, 9ef369c6-e172-4b0f-bbfb-bcf146477daa:192.168.151.114:43936], old=null at 0
2019-10-10 06:36:06,659 [be457821-dbd5-4f3c-8c18-14575015e379@group-6D3998956F36-SegmentedRaftLogWorker] INFO  segmented.SegmentedRaftLogWorker (SegmentedRaftLogWorker.java:execute(574)) - be457821-dbd5-4f3c-8c18-14575015e379@group-6D3998956F36-SegmentedRaftLogWorker: created new log segment /workdir/hadoop-ozone/integration-test/target/test-dir/MiniOzoneClusterImpl-63933bd2-200b-4836-97fb-de809f2124aa/datanode-1/data/ratis/10e474e6-4d24-472b-9cb7-6d3998956f36/current/log_inprogress_0
2019-10-10 06:36:06,660 [grpc-default-executor-2] INFO  segmented.SegmentedRaftLogWorker (SegmentedRaftLogWorker.java:startLogSegment(385)) - deb4f90e-5ffc-4d95-a535-9397ce96eec7@group-6A028B36F0A7-SegmentedRaftLogWorker: Starting segment from index:0
2019-10-10 06:36:06,660 [b50d008d-c133-461f-be14-0ec9f77962b8@group-D9C37D170824-LeaderElection92] INFO  impl.RaftServerImpl (ServerState.java:setLeader(255)) - b50d008d-c133-461f-be14-0ec9f77962b8@group-D9C37D170824: change Leader from null to b50d008d-c133-461f-be14-0ec9f77962b8 at term 1 for becomeLeader, leader elected after 5070ms
2019-10-10 06:36:06,659 [grpc-default-executor-3] INFO  segmented.SegmentedRaftLogWorker (SegmentedRaftLogWorker.java:startLogSegment(385)) - 9ef369c6-e172-4b0f-bbfb-bcf146477daa@group-6A028B36F0A7-SegmentedRaftLogWorker: Starting segment from index:0
2019-10-10 06:36:06,660 [b50d008d-c133-461f-be14-0ec9f77962b8@group-D9C37D170824-LeaderElection92] INFO  server.RaftServerConfigKeys (ConfUtils.java:logGet(43)) - raft.server.staging.catchup.gap = 1000 (default)
2019-10-10 06:36:06,661 [b50d008d-c133-461f-be14-0ec9f77962b8@group-D9C37D170824-LeaderElection92] INFO  server.RaftServerConfigKeys (ConfUtils.java:logGet(43)) - raft.server.rpc.sleep.time = 25ms (default)
2019-10-10 06:36:06,661 [b50d008d-c133-461f-be14-0ec9f77962b8@group-D9C37D170824-LeaderElection92] INFO  server.RaftServerConfigKeys (ConfUtils.java:logGet(43)) - raft.server.write.element-limit = 4096 (default)
2019-10-10 06:36:06,661 [b50d008d-c133-461f-be14-0ec9f77962b8@group-D9C37D170824-LeaderElection92] INFO  server.RaftServerConfigKeys (ConfUtils.java:logGet(43)) - raft.server.watch.timeout = 10s (default)
2019-10-10 06:36:06,661 [b50d008d-c133-461f-be14-0ec9f77962b8@group-D9C37D170824-LeaderElection92] INFO  server.RaftServerConfigKeys (ConfUtils.java:logGet(43)) - raft.server.watch.timeout.denomination = 1s (default)
2019-10-10 06:36:06,661 [b50d008d-c133-461f-be14-0ec9f77962b8@group-D9C37D170824-LeaderElection92] INFO  server.RaftServerConfigKeys (ConfUtils.java:logGet(43)) - raft.server.watch.element-limit = 65536 (default)
2019-10-10 06:36:06,663 [b50d008d-c133-461f-be14-0ec9f77962b8@group-D9C37D170824-LeaderElection92] INFO  impl.RoleInfo (RoleInfo.java:updateAndGet(143)) - b50d008d-c133-461f-be14-0ec9f77962b8: start LeaderState
2019-10-10 06:36:06,663 [b50d008d-c133-461f-be14-0ec9f77962b8@group-D9C37D170824-LeaderElection92] INFO  segmented.SegmentedRaftLogWorker (SegmentedRaftLogWorker.java:startLogSegment(385)) - b50d008d-c133-461f-be14-0ec9f77962b8@group-D9C37D170824-SegmentedRaftLogWorker: Starting segment from index:0
2019-10-10 06:36:06,664 [b50d008d-c133-461f-be14-0ec9f77962b8@group-D9C37D170824-LeaderElection92] INFO  impl.RaftServerImpl (ServerState.java:setRaftConf(356)) - b50d008d-c133-461f-be14-0ec9f77962b8@group-D9C37D170824: set configuration 0: [b50d008d-c133-461f-be14-0ec9f77962b8:192.168.151.114:41807], old=null at 0
2019-10-10 06:36:06,693 [Thread-2377] INFO  impl.FollowerState (FollowerState.java:run(108)) - 4e14e28b-4edf-4657-aa1e-a5c17b399f56@group-CA7ECD764D1F-FollowerState: change to CANDIDATE, lastRpcTime:5004ms, electionTimeout:5004ms
2019-10-10 06:36:06,693 [Thread-2377] INFO  impl.RoleInfo (RoleInfo.java:shutdownFollowerState(121)) - 4e14e28b-4edf-4657-aa1e-a5c17b399f56: shutdown FollowerState
2019-10-10 06:36:06,693 [Thread-2377] INFO  impl.RaftServerImpl (RaftServerImpl.java:setRole(170)) - 4e14e28b-4edf-4657-aa1e-a5c17b399f56@group-CA7ECD764D1F: changes role from  FOLLOWER to CANDIDATE at term 0 for changeToCandidate
2019-10-10 06:36:06,693 [Thread-2377] INFO  impl.RoleInfo (RoleInfo.java:updateAndGet(143)) - 4e14e28b-4edf-4657-aa1e-a5c17b399f56: start LeaderElection
2019-10-10 06:36:06,700 [9ef369c6-e172-4b0f-bbfb-bcf146477daa@group-6A028B36F0A7-SegmentedRaftLogWorker] INFO  segmented.SegmentedRaftLogWorker (SegmentedRaftLogWorker.java:execute(574)) - 9ef369c6-e172-4b0f-bbfb-bcf146477daa@group-6A028B36F0A7-SegmentedRaftLogWorker: created new log segment /workdir/hadoop-ozone/integration-test/target/test-dir/MiniOzoneClusterImpl-63933bd2-200b-4836-97fb-de809f2124aa/datanode-0/data/ratis/675b7dc3-d557-44da-a195-6a028b36f0a7/current/log_inprogress_0
2019-10-10 06:36:06,700 [deb4f90e-5ffc-4d95-a535-9397ce96eec7@group-6A028B36F0A7-SegmentedRaftLogWorker] INFO  segmented.SegmentedRaftLogWorker (SegmentedRaftLogWorker.java:execute(574)) - deb4f90e-5ffc-4d95-a535-9397ce96eec7@group-6A028B36F0A7-SegmentedRaftLogWorker: created new log segment /workdir/hadoop-ozone/integration-test/target/test-dir/MiniOzoneClusterImpl-63933bd2-200b-4836-97fb-de809f2124aa/datanode-2/data/ratis/675b7dc3-d557-44da-a195-6a028b36f0a7/current/log_inprogress_0
2019-10-10 06:36:06,700 [b50d008d-c133-461f-be14-0ec9f77962b8@group-D9C37D170824-SegmentedRaftLogWorker] INFO  segmented.SegmentedRaftLogWorker (SegmentedRaftLogWorker.java:execute(574)) - b50d008d-c133-461f-be14-0ec9f77962b8@group-D9C37D170824-SegmentedRaftLogWorker: created new log segment /workdir/hadoop-ozone/integration-test/target/test-dir/MiniOzoneClusterImpl-63933bd2-200b-4836-97fb-de809f2124aa/datanode-4/data/ratis/76880ed8-2f93-49ae-a725-d9c37d170824/current/log_inprogress_0
2019-10-10 06:36:06,703 [4e14e28b-4edf-4657-aa1e-a5c17b399f56@group-CA7ECD764D1F-LeaderElection93] INFO  impl.LeaderElection (LeaderElection.java:askForVotes(178)) - 4e14e28b-4edf-4657-aa1e-a5c17b399f56@group-CA7ECD764D1F-LeaderElection93: begin an election at term 1 for -1: [4e14e28b-4edf-4657-aa1e-a5c17b399f56:192.168.151.114:44540], old=null
2019-10-10 06:36:06,703 [4e14e28b-4edf-4657-aa1e-a5c17b399f56@group-CA7ECD764D1F-LeaderElection93] INFO  impl.RoleInfo (RoleInfo.java:shutdownLeaderElection(134)) - 4e14e28b-4edf-4657-aa1e-a5c17b399f56: shutdown LeaderElection
2019-10-10 06:36:06,703 [4e14e28b-4edf-4657-aa1e-a5c17b399f56@group-CA7ECD764D1F-LeaderElection93] INFO  impl.RaftServerImpl (RaftServerImpl.java:setRole(170)) - 4e14e28b-4edf-4657-aa1e-a5c17b399f56@group-CA7ECD764D1F: changes role from CANDIDATE to LEADER at term 1 for changeToLeader
2019-10-10 06:36:06,703 [4e14e28b-4edf-4657-aa1e-a5c17b399f56@group-CA7ECD764D1F-LeaderElection93] INFO  impl.RaftServerImpl (ServerState.java:setLeader(255)) - 4e14e28b-4edf-4657-aa1e-a5c17b399f56@group-CA7ECD764D1F: change Leader from null to 4e14e28b-4edf-4657-aa1e-a5c17b399f56 at term 1 for becomeLeader, leader elected after 5021ms
2019-10-10 06:36:06,703 [4e14e28b-4edf-4657-aa1e-a5c17b399f56@group-CA7ECD764D1F-LeaderElection93] INFO  server.RaftServerConfigKeys (ConfUtils.java:logGet(43)) - raft.server.staging.catchup.gap = 1000 (default)
2019-10-10 06:36:06,703 [4e14e28b-4edf-4657-aa1e-a5c17b399f56@group-CA7ECD764D1F-LeaderElection93] INFO  server.RaftServerConfigKeys (ConfUtils.java:logGet(43)) - raft.server.rpc.sleep.time = 25ms (default)
2019-10-10 06:36:06,704 [4e14e28b-4edf-4657-aa1e-a5c17b399f56@group-CA7ECD764D1F-LeaderElection93] INFO  server.RaftServerConfigKeys (ConfUtils.java:logGet(43)) - raft.server.write.element-limit = 4096 (default)
2019-10-10 06:36:06,704 [4e14e28b-4edf-4657-aa1e-a5c17b399f56@group-CA7ECD764D1F-LeaderElection93] INFO  server.RaftServerConfigKeys (ConfUtils.java:logGet(43)) - raft.server.watch.timeout = 10s (default)
2019-10-10 06:36:06,704 [4e14e28b-4edf-4657-aa1e-a5c17b399f56@group-CA7ECD764D1F-LeaderElection93] INFO  server.RaftServerConfigKeys (ConfUtils.java:logGet(43)) - raft.server.watch.timeout.denomination = 1s (default)
2019-10-10 06:36:06,704 [4e14e28b-4edf-4657-aa1e-a5c17b399f56@group-CA7ECD764D1F-LeaderElection93] INFO  server.RaftServerConfigKeys (ConfUtils.java:logGet(43)) - raft.server.watch.element-limit = 65536 (default)
2019-10-10 06:36:06,705 [4e14e28b-4edf-4657-aa1e-a5c17b399f56@group-CA7ECD764D1F-LeaderElection93] INFO  impl.RoleInfo (RoleInfo.java:updateAndGet(143)) - 4e14e28b-4edf-4657-aa1e-a5c17b399f56: start LeaderState
2019-10-10 06:36:06,705 [4e14e28b-4edf-4657-aa1e-a5c17b399f56@group-CA7ECD764D1F-LeaderElection93] INFO  segmented.SegmentedRaftLogWorker (SegmentedRaftLogWorker.java:startLogSegment(385)) - 4e14e28b-4edf-4657-aa1e-a5c17b399f56@group-CA7ECD764D1F-SegmentedRaftLogWorker: Starting segment from index:0
2019-10-10 06:36:06,706 [4e14e28b-4edf-4657-aa1e-a5c17b399f56@group-CA7ECD764D1F-LeaderElection93] INFO  impl.RaftServerImpl (ServerState.java:setRaftConf(356)) - 4e14e28b-4edf-4657-aa1e-a5c17b399f56@group-CA7ECD764D1F: set configuration 0: [4e14e28b-4edf-4657-aa1e-a5c17b399f56:192.168.151.114:44540], old=null at 0
2019-10-10 06:36:06,747 [4e14e28b-4edf-4657-aa1e-a5c17b399f56@group-CA7ECD764D1F-SegmentedRaftLogWorker] INFO  segmented.SegmentedRaftLogWorker (SegmentedRaftLogWorker.java:execute(574)) - 4e14e28b-4edf-4657-aa1e-a5c17b399f56@group-CA7ECD764D1F-SegmentedRaftLogWorker: created new log segment /workdir/hadoop-ozone/integration-test/target/test-dir/MiniOzoneClusterImpl-63933bd2-200b-4836-97fb-de809f2124aa/datanode-5/data/ratis/628f86a2-96c7-44c6-b79f-ca7ecd764d1f/current/log_inprogress_0
2019-10-10 06:36:06,770 [Thread-2374] INFO  impl.FollowerState (FollowerState.java:run(108)) - 9c184505-603a-4e48-9970-fca55316ce76@group-4091370346DB-FollowerState: change to CANDIDATE, lastRpcTime:5136ms, electionTimeout:5136ms
2019-10-10 06:36:06,770 [Thread-2374] INFO  impl.RoleInfo (RoleInfo.java:shutdownFollowerState(121)) - 9c184505-603a-4e48-9970-fca55316ce76: shutdown FollowerState
2019-10-10 06:36:06,770 [Thread-2374] INFO  impl.RaftServerImpl (RaftServerImpl.java:setRole(170)) - 9c184505-603a-4e48-9970-fca55316ce76@group-4091370346DB: changes role from  FOLLOWER to CANDIDATE at term 0 for changeToCandidate
2019-10-10 06:36:06,770 [Thread-2374] INFO  impl.RoleInfo (RoleInfo.java:updateAndGet(143)) - 9c184505-603a-4e48-9970-fca55316ce76: start LeaderElection
2019-10-10 06:36:06,789 [9c184505-603a-4e48-9970-fca55316ce76@group-4091370346DB-LeaderElection94] INFO  impl.LeaderElection (LeaderElection.java:askForVotes(178)) - 9c184505-603a-4e48-9970-fca55316ce76@group-4091370346DB-LeaderElection94: begin an election at term 1 for -1: [9c184505-603a-4e48-9970-fca55316ce76:192.168.151.114:36624], old=null
2019-10-10 06:36:06,789 [9c184505-603a-4e48-9970-fca55316ce76@group-4091370346DB-LeaderElection94] INFO  impl.RoleInfo (RoleInfo.java:shutdownLeaderElection(134)) - 9c184505-603a-4e48-9970-fca55316ce76: shutdown LeaderElection
2019-10-10 06:36:06,789 [9c184505-603a-4e48-9970-fca55316ce76@group-4091370346DB-LeaderElection94] INFO  impl.RaftServerImpl (RaftServerImpl.java:setRole(170)) - 9c184505-603a-4e48-9970-fca55316ce76@group-4091370346DB: changes role from CANDIDATE to LEADER at term 1 for changeToLeader
2019-10-10 06:36:06,789 [9c184505-603a-4e48-9970-fca55316ce76@group-4091370346DB-LeaderElection94] INFO  impl.RaftServerImpl (ServerState.java:setLeader(255)) - 9c184505-603a-4e48-9970-fca55316ce76@group-4091370346DB: change Leader from null to 9c184505-603a-4e48-9970-fca55316ce76 at term 1 for becomeLeader, leader elected after 5160ms
2019-10-10 06:36:06,789 [9c184505-603a-4e48-9970-fca55316ce76@group-4091370346DB-LeaderElection94] INFO  server.RaftServerConfigKeys (ConfUtils.java:logGet(43)) - raft.server.staging.catchup.gap = 1000 (default)
2019-10-10 06:36:06,789 [9c184505-603a-4e48-9970-fca55316ce76@group-4091370346DB-LeaderElection94] INFO  server.RaftServerConfigKeys (ConfUtils.java:logGet(43)) - raft.server.rpc.sleep.time = 25ms (default)
2019-10-10 06:36:06,790 [9c184505-603a-4e48-9970-fca55316ce76@group-4091370346DB-LeaderElection94] INFO  server.RaftServerConfigKeys (ConfUtils.java:logGet(43)) - raft.server.write.element-limit = 4096 (default)
2019-10-10 06:36:06,790 [9c184505-603a-4e48-9970-fca55316ce76@group-4091370346DB-LeaderElection94] INFO  server.RaftServerConfigKeys (ConfUtils.java:logGet(43)) - raft.server.watch.timeout = 10s (default)
2019-10-10 06:36:06,790 [9c184505-603a-4e48-9970-fca55316ce76@group-4091370346DB-LeaderElection94] INFO  server.RaftServerConfigKeys (ConfUtils.java:logGet(43)) - raft.server.watch.timeout.denomination = 1s (default)
2019-10-10 06:36:06,790 [9c184505-603a-4e48-9970-fca55316ce76@group-4091370346DB-LeaderElection94] INFO  server.RaftServerConfigKeys (ConfUtils.java:logGet(43)) - raft.server.watch.element-limit = 65536 (default)
2019-10-10 06:36:06,792 [9c184505-603a-4e48-9970-fca55316ce76@group-4091370346DB-LeaderElection94] INFO  impl.RoleInfo (RoleInfo.java:updateAndGet(143)) - 9c184505-603a-4e48-9970-fca55316ce76: start LeaderState
2019-10-10 06:36:06,792 [9c184505-603a-4e48-9970-fca55316ce76@group-4091370346DB-LeaderElection94] INFO  segmented.SegmentedRaftLogWorker (SegmentedRaftLogWorker.java:startLogSegment(385)) - 9c184505-603a-4e48-9970-fca55316ce76@group-4091370346DB-SegmentedRaftLogWorker: Starting segment from index:0
2019-10-10 06:36:06,792 [9c184505-603a-4e48-9970-fca55316ce76@group-4091370346DB-LeaderElection94] INFO  impl.RaftServerImpl (ServerState.java:setRaftConf(356)) - 9c184505-603a-4e48-9970-fca55316ce76@group-4091370346DB: set configuration 0: [9c184505-603a-4e48-9970-fca55316ce76:192.168.151.114:36624], old=null at 0
2019-10-10 06:36:06,843 [9c184505-603a-4e48-9970-fca55316ce76@group-4091370346DB-SegmentedRaftLogWorker] INFO  segmented.SegmentedRaftLogWorker (SegmentedRaftLogWorker.java:execute(574)) - 9c184505-603a-4e48-9970-fca55316ce76@group-4091370346DB-SegmentedRaftLogWorker: created new log segment /workdir/hadoop-ozone/integration-test/target/test-dir/MiniOzoneClusterImpl-63933bd2-200b-4836-97fb-de809f2124aa/datanode-3/data/ratis/37ba2e9d-648c-4d65-b635-4091370346db/current/log_inprogress_0
2019-10-10 06:36:06,911 [Thread-2382] INFO  impl.FollowerState (FollowerState.java:run(108)) - e76be57f-796b-44d9-b265-3f1958bf1c51@group-5DEE2E00798D-FollowerState: change to CANDIDATE, lastRpcTime:5152ms, electionTimeout:5152ms
2019-10-10 06:36:06,911 [Thread-2382] INFO  impl.RoleInfo (RoleInfo.java:shutdownFollowerState(121)) - e76be57f-796b-44d9-b265-3f1958bf1c51: shutdown FollowerState
2019-10-10 06:36:06,911 [Thread-2382] INFO  impl.RaftServerImpl (RaftServerImpl.java:setRole(170)) - e76be57f-796b-44d9-b265-3f1958bf1c51@group-5DEE2E00798D: changes role from  FOLLOWER to CANDIDATE at term 0 for changeToCandidate
2019-10-10 06:36:06,911 [Thread-2382] INFO  impl.RoleInfo (RoleInfo.java:updateAndGet(143)) - e76be57f-796b-44d9-b265-3f1958bf1c51: start LeaderElection
2019-10-10 06:36:06,915 [Thread-2390] INFO  impl.FollowerState (FollowerState.java:run(108)) - 4e14e28b-4edf-4657-aa1e-a5c17b399f56@group-ADDAD67DD0D2-FollowerState: change to CANDIDATE, lastRpcTime:5103ms, electionTimeout:5102ms
2019-10-10 06:36:06,915 [Thread-2390] INFO  impl.RoleInfo (RoleInfo.java:shutdownFollowerState(121)) - 4e14e28b-4edf-4657-aa1e-a5c17b399f56: shutdown FollowerState
2019-10-10 06:36:06,919 [Thread-2390] INFO  impl.RaftServerImpl (RaftServerImpl.java:setRole(170)) - 4e14e28b-4edf-4657-aa1e-a5c17b399f56@group-ADDAD67DD0D2: changes role from  FOLLOWER to CANDIDATE at term 0 for changeToCandidate
2019-10-10 06:36:06,919 [Thread-2390] INFO  impl.RoleInfo (RoleInfo.java:updateAndGet(143)) - 4e14e28b-4edf-4657-aa1e-a5c17b399f56: start LeaderElection
2019-10-10 06:36:06,934 [e76be57f-796b-44d9-b265-3f1958bf1c51@group-5DEE2E00798D-LeaderElection95] INFO  impl.LeaderElection (LeaderElection.java:askForVotes(178)) - e76be57f-796b-44d9-b265-3f1958bf1c51@group-5DEE2E00798D-LeaderElection95: begin an election at term 1 for -1: [e76be57f-796b-44d9-b265-3f1958bf1c51:192.168.151.114:42531], old=null
2019-10-10 06:36:06,934 [4e14e28b-4edf-4657-aa1e-a5c17b399f56@group-ADDAD67DD0D2-LeaderElection96] INFO  impl.LeaderElection (LeaderElection.java:askForVotes(178)) - 4e14e28b-4edf-4657-aa1e-a5c17b399f56@group-ADDAD67DD0D2-LeaderElection96: begin an election at term 1 for -1: [e76be57f-796b-44d9-b265-3f1958bf1c51:192.168.151.114:42531, 4e14e28b-4edf-4657-aa1e-a5c17b399f56:192.168.151.114:44540, b50d008d-c133-461f-be14-0ec9f77962b8:192.168.151.114:41807], old=null
2019-10-10 06:36:06,934 [e76be57f-796b-44d9-b265-3f1958bf1c51@group-5DEE2E00798D-LeaderElection95] INFO  impl.RoleInfo (RoleInfo.java:shutdownLeaderElection(134)) - e76be57f-796b-44d9-b265-3f1958bf1c51: shutdown LeaderElection
2019-10-10 06:36:06,935 [e76be57f-796b-44d9-b265-3f1958bf1c51@group-5DEE2E00798D-LeaderElection95] INFO  impl.RaftServerImpl (RaftServerImpl.java:setRole(170)) - e76be57f-796b-44d9-b265-3f1958bf1c51@group-5DEE2E00798D: changes role from CANDIDATE to LEADER at term 1 for changeToLeader
2019-10-10 06:36:06,935 [e76be57f-796b-44d9-b265-3f1958bf1c51@group-5DEE2E00798D-LeaderElection95] INFO  impl.RaftServerImpl (ServerState.java:setLeader(255)) - e76be57f-796b-44d9-b265-3f1958bf1c51@group-5DEE2E00798D: change Leader from null to e76be57f-796b-44d9-b265-3f1958bf1c51 at term 1 for becomeLeader, leader elected after 5181ms
2019-10-10 06:36:06,935 [e76be57f-796b-44d9-b265-3f1958bf1c51@group-5DEE2E00798D-LeaderElection95] INFO  server.RaftServerConfigKeys (ConfUtils.java:logGet(43)) - raft.server.staging.catchup.gap = 1000 (default)
2019-10-10 06:36:06,935 [e76be57f-796b-44d9-b265-3f1958bf1c51@group-5DEE2E00798D-LeaderElection95] INFO  server.RaftServerConfigKeys (ConfUtils.java:logGet(43)) - raft.server.rpc.sleep.time = 25ms (default)
2019-10-10 06:36:06,935 [e76be57f-796b-44d9-b265-3f1958bf1c51@group-5DEE2E00798D-LeaderElection95] INFO  server.RaftServerConfigKeys (ConfUtils.java:logGet(43)) - raft.server.write.element-limit = 4096 (default)
2019-10-10 06:36:06,936 [e76be57f-796b-44d9-b265-3f1958bf1c51@group-5DEE2E00798D-LeaderElection95] INFO  server.RaftServerConfigKeys (ConfUtils.java:logGet(43)) - raft.server.watch.timeout = 10s (default)
2019-10-10 06:36:06,936 [e76be57f-796b-44d9-b265-3f1958bf1c51@group-5DEE2E00798D-LeaderElection95] INFO  server.RaftServerConfigKeys (ConfUtils.java:logGet(43)) - raft.server.watch.timeout.denomination = 1s (default)
2019-10-10 06:36:06,936 [e76be57f-796b-44d9-b265-3f1958bf1c51@group-5DEE2E00798D-LeaderElection95] INFO  server.RaftServerConfigKeys (ConfUtils.java:logGet(43)) - raft.server.watch.element-limit = 65536 (default)
2019-10-10 06:36:06,943 [e76be57f-796b-44d9-b265-3f1958bf1c51@group-5DEE2E00798D-LeaderElection95] INFO  impl.RoleInfo (RoleInfo.java:updateAndGet(143)) - e76be57f-796b-44d9-b265-3f1958bf1c51: start LeaderState
2019-10-10 06:36:06,943 [e76be57f-796b-44d9-b265-3f1958bf1c51@group-5DEE2E00798D-LeaderElection95] INFO  segmented.SegmentedRaftLogWorker (SegmentedRaftLogWorker.java:startLogSegment(385)) - e76be57f-796b-44d9-b265-3f1958bf1c51@group-5DEE2E00798D-SegmentedRaftLogWorker: Starting segment from index:0
2019-10-10 06:36:06,946 [grpc-default-executor-7] INFO  impl.RaftServerImpl (RaftServerImpl.java:setRole(170)) - b50d008d-c133-461f-be14-0ec9f77962b8@group-ADDAD67DD0D2: changes role from  FOLLOWER to FOLLOWER at term 1 for recognizeCandidate:4e14e28b-4edf-4657-aa1e-a5c17b399f56
2019-10-10 06:36:06,946 [grpc-default-executor-7] INFO  impl.RoleInfo (RoleInfo.java:shutdownFollowerState(121)) - b50d008d-c133-461f-be14-0ec9f77962b8: shutdown FollowerState
2019-10-10 06:36:06,946 [e76be57f-796b-44d9-b265-3f1958bf1c51@group-5DEE2E00798D-LeaderElection95] INFO  impl.RaftServerImpl (ServerState.java:setRaftConf(356)) - e76be57f-796b-44d9-b265-3f1958bf1c51@group-5DEE2E00798D: set configuration 0: [e76be57f-796b-44d9-b265-3f1958bf1c51:192.168.151.114:42531], old=null at 0
2019-10-10 06:36:06,946 [Thread-2385] INFO  impl.FollowerState (FollowerState.java:run(117)) - b50d008d-c133-461f-be14-0ec9f77962b8@group-ADDAD67DD0D2-FollowerState was interrupted: java.lang.InterruptedException: sleep interrupted
2019-10-10 06:36:06,946 [grpc-default-executor-7] INFO  impl.RoleInfo (RoleInfo.java:updateAndGet(143)) - b50d008d-c133-461f-be14-0ec9f77962b8: start FollowerState
2019-10-10 06:36:06,987 [grpc-default-executor-3] INFO  impl.RaftServerImpl (RaftServerImpl.java:setRole(170)) - e76be57f-796b-44d9-b265-3f1958bf1c51@group-ADDAD67DD0D2: changes role from  FOLLOWER to FOLLOWER at term 1 for recognizeCandidate:4e14e28b-4edf-4657-aa1e-a5c17b399f56
2019-10-10 06:36:06,987 [grpc-default-executor-3] INFO  impl.RoleInfo (RoleInfo.java:shutdownFollowerState(121)) - e76be57f-796b-44d9-b265-3f1958bf1c51: shutdown FollowerState
2019-10-10 06:36:06,987 [grpc-default-executor-3] INFO  impl.RoleInfo (RoleInfo.java:updateAndGet(143)) - e76be57f-796b-44d9-b265-3f1958bf1c51: start FollowerState
2019-10-10 06:36:06,988 [Thread-2389] INFO  impl.FollowerState (FollowerState.java:run(117)) - e76be57f-796b-44d9-b265-3f1958bf1c51@group-ADDAD67DD0D2-FollowerState was interrupted: java.lang.InterruptedException: sleep interrupted
2019-10-10 06:36:07,009 [e76be57f-796b-44d9-b265-3f1958bf1c51@group-5DEE2E00798D-SegmentedRaftLogWorker] INFO  segmented.SegmentedRaftLogWorker (SegmentedRaftLogWorker.java:execute(574)) - e76be57f-796b-44d9-b265-3f1958bf1c51@group-5DEE2E00798D-SegmentedRaftLogWorker: created new log segment /workdir/hadoop-ozone/integration-test/target/test-dir/MiniOzoneClusterImpl-63933bd2-200b-4836-97fb-de809f2124aa/datanode-6/data/ratis/cb4797f8-d5bc-4cf8-aab6-5dee2e00798d/current/log_inprogress_0
2019-10-10 06:36:07,012 [4e14e28b-4edf-4657-aa1e-a5c17b399f56@group-ADDAD67DD0D2-LeaderElection96] INFO  impl.LeaderElection (LeaderElection.java:logAndReturn(56)) - 4e14e28b-4edf-4657-aa1e-a5c17b399f56@group-ADDAD67DD0D2-LeaderElection96: Election PASSED; received 1 response(s) [4e14e28b-4edf-4657-aa1e-a5c17b399f56<-e76be57f-796b-44d9-b265-3f1958bf1c51#0:OK-t1] and 0 exception(s); 4e14e28b-4edf-4657-aa1e-a5c17b399f56@group-ADDAD67DD0D2:t1, leader=null, voted=4e14e28b-4edf-4657-aa1e-a5c17b399f56, raftlog=4e14e28b-4edf-4657-aa1e-a5c17b399f56@group-ADDAD67DD0D2-SegmentedRaftLog:OPENED:c-1,f-1,i0, conf=-1: [e76be57f-796b-44d9-b265-3f1958bf1c51:192.168.151.114:42531, 4e14e28b-4edf-4657-aa1e-a5c17b399f56:192.168.151.114:44540, b50d008d-c133-461f-be14-0ec9f77962b8:192.168.151.114:41807], old=null
2019-10-10 06:36:07,012 [4e14e28b-4edf-4657-aa1e-a5c17b399f56@group-ADDAD67DD0D2-LeaderElection96] INFO  impl.RoleInfo (RoleInfo.java:shutdownLeaderElection(134)) - 4e14e28b-4edf-4657-aa1e-a5c17b399f56: shutdown LeaderElection
2019-10-10 06:36:07,012 [4e14e28b-4edf-4657-aa1e-a5c17b399f56@group-ADDAD67DD0D2-LeaderElection96] INFO  impl.RaftServerImpl (RaftServerImpl.java:setRole(170)) - 4e14e28b-4edf-4657-aa1e-a5c17b399f56@group-ADDAD67DD0D2: changes role from CANDIDATE to LEADER at term 1 for changeToLeader
2019-10-10 06:36:07,012 [4e14e28b-4edf-4657-aa1e-a5c17b399f56@group-ADDAD67DD0D2-LeaderElection96] INFO  impl.RaftServerImpl (ServerState.java:setLeader(255)) - 4e14e28b-4edf-4657-aa1e-a5c17b399f56@group-ADDAD67DD0D2: change Leader from null to 4e14e28b-4edf-4657-aa1e-a5c17b399f56 at term 1 for becomeLeader, leader elected after 5209ms
2019-10-10 06:36:07,012 [4e14e28b-4edf-4657-aa1e-a5c17b399f56@group-ADDAD67DD0D2-LeaderElection96] INFO  server.RaftServerConfigKeys (ConfUtils.java:logGet(43)) - raft.server.staging.catchup.gap = 1000 (default)
2019-10-10 06:36:07,012 [4e14e28b-4edf-4657-aa1e-a5c17b399f56@group-ADDAD67DD0D2-LeaderElection96] INFO  server.RaftServerConfigKeys (ConfUtils.java:logGet(43)) - raft.server.rpc.sleep.time = 25ms (default)
2019-10-10 06:36:07,013 [4e14e28b-4edf-4657-aa1e-a5c17b399f56@group-ADDAD67DD0D2-LeaderElection96] INFO  server.RaftServerConfigKeys (ConfUtils.java:logGet(43)) - raft.server.write.element-limit = 4096 (default)
2019-10-10 06:36:07,013 [4e14e28b-4edf-4657-aa1e-a5c17b399f56@group-ADDAD67DD0D2-LeaderElection96] INFO  server.RaftServerConfigKeys (ConfUtils.java:logGet(43)) - raft.server.watch.timeout = 10s (default)
2019-10-10 06:36:07,013 [4e14e28b-4edf-4657-aa1e-a5c17b399f56@group-ADDAD67DD0D2-LeaderElection96] INFO  server.RaftServerConfigKeys (ConfUtils.java:logGet(43)) - raft.server.watch.timeout.denomination = 1s (default)
2019-10-10 06:36:07,013 [4e14e28b-4edf-4657-aa1e-a5c17b399f56@group-ADDAD67DD0D2-LeaderElection96] INFO  server.RaftServerConfigKeys (ConfUtils.java:logGet(43)) - raft.server.watch.element-limit = 65536 (default)
2019-10-10 06:36:07,015 [4e14e28b-4edf-4657-aa1e-a5c17b399f56@group-ADDAD67DD0D2-LeaderElection96] INFO  server.RaftServerConfigKeys (ConfUtils.java:logGet(43)) - raft.server.log.appender.snapshot.chunk.size.max = 16MB (=16777216) (default)
2019-10-10 06:36:07,015 [4e14e28b-4edf-4657-aa1e-a5c17b399f56@group-ADDAD67DD0D2-LeaderElection96] INFO  server.RaftServerConfigKeys (ConfUtils.java:logGet(43)) - raft.server.log.appender.buffer.byte-limit = 33554432 (custom)
2019-10-10 06:36:07,016 [4e14e28b-4edf-4657-aa1e-a5c17b399f56@group-ADDAD67DD0D2-LeaderElection96] INFO  server.RaftServerConfigKeys (ConfUtils.java:logGet(43)) - raft.server.log.appender.buffer.element-limit = 1 (custom)
2019-10-10 06:36:07,016 [4e14e28b-4edf-4657-aa1e-a5c17b399f56@group-ADDAD67DD0D2-LeaderElection96] INFO  grpc.GrpcConfigKeys$Server (ConfUtils.java:logGet(43)) - raft.grpc.server.leader.outstanding.appends.max = 128 (default)
2019-10-10 06:36:07,016 [4e14e28b-4edf-4657-aa1e-a5c17b399f56@group-ADDAD67DD0D2-LeaderElection96] INFO  server.RaftServerConfigKeys (ConfUtils.java:logGet(43)) - raft.server.rpc.request.timeout = 3000ms (default)
2019-10-10 06:36:07,016 [4e14e28b-4edf-4657-aa1e-a5c17b399f56@group-ADDAD67DD0D2-LeaderElection96] INFO  server.RaftServerConfigKeys (ConfUtils.java:logGet(43)) - raft.server.log.appender.install.snapshot.enabled = false (custom)
2019-10-10 06:36:07,016 [4e14e28b-4edf-4657-aa1e-a5c17b399f56@group-ADDAD67DD0D2-LeaderElection96] INFO  server.RaftServerConfigKeys (ConfUtils.java:logGet(43)) - raft.server.log.appender.snapshot.chunk.size.max = 16MB (=16777216) (default)
2019-10-10 06:36:07,017 [4e14e28b-4edf-4657-aa1e-a5c17b399f56@group-ADDAD67DD0D2-LeaderElection96] INFO  server.RaftServerConfigKeys (ConfUtils.java:logGet(43)) - raft.server.log.appender.buffer.byte-limit = 33554432 (custom)
2019-10-10 06:36:07,017 [4e14e28b-4edf-4657-aa1e-a5c17b399f56@group-ADDAD67DD0D2-LeaderElection96] INFO  server.RaftServerConfigKeys (ConfUtils.java:logGet(43)) - raft.server.log.appender.buffer.element-limit = 1 (custom)
2019-10-10 06:36:07,017 [4e14e28b-4edf-4657-aa1e-a5c17b399f56@group-ADDAD67DD0D2-LeaderElection96] INFO  grpc.GrpcConfigKeys$Server (ConfUtils.java:logGet(43)) - raft.grpc.server.leader.outstanding.appends.max = 128 (default)
2019-10-10 06:36:07,017 [4e14e28b-4edf-4657-aa1e-a5c17b399f56@group-ADDAD67DD0D2-LeaderElection96] INFO  server.RaftServerConfigKeys (ConfUtils.java:logGet(43)) - raft.server.rpc.request.timeout = 3000ms (default)
2019-10-10 06:36:07,017 [4e14e28b-4edf-4657-aa1e-a5c17b399f56@group-ADDAD67DD0D2-LeaderElection96] INFO  server.RaftServerConfigKeys (ConfUtils.java:logGet(43)) - raft.server.log.appender.install.snapshot.enabled = false (custom)
2019-10-10 06:36:07,017 [4e14e28b-4edf-4657-aa1e-a5c17b399f56@group-ADDAD67DD0D2-LeaderElection96] INFO  impl.RoleInfo (RoleInfo.java:updateAndGet(143)) - 4e14e28b-4edf-4657-aa1e-a5c17b399f56: start LeaderState
2019-10-10 06:36:07,018 [4e14e28b-4edf-4657-aa1e-a5c17b399f56@group-ADDAD67DD0D2-LeaderElection96] INFO  segmented.SegmentedRaftLogWorker (SegmentedRaftLogWorker.java:startLogSegment(385)) - 4e14e28b-4edf-4657-aa1e-a5c17b399f56@group-ADDAD67DD0D2-SegmentedRaftLogWorker: Starting segment from index:0
2019-10-10 06:36:07,018 [4e14e28b-4edf-4657-aa1e-a5c17b399f56@group-ADDAD67DD0D2-LeaderElection96] INFO  impl.RaftServerImpl (ServerState.java:setRaftConf(356)) - 4e14e28b-4edf-4657-aa1e-a5c17b399f56@group-ADDAD67DD0D2: set configuration 0: [e76be57f-796b-44d9-b265-3f1958bf1c51:192.168.151.114:42531, 4e14e28b-4edf-4657-aa1e-a5c17b399f56:192.168.151.114:44540, b50d008d-c133-461f-be14-0ec9f77962b8:192.168.151.114:41807], old=null at 0
2019-10-10 06:36:07,019 [grpc-default-executor-3] INFO  impl.RaftServerImpl (ServerState.java:setLeader(255)) - e76be57f-796b-44d9-b265-3f1958bf1c51@group-ADDAD67DD0D2: change Leader from null to 4e14e28b-4edf-4657-aa1e-a5c17b399f56 at term 1 for appendEntries, leader elected after 5216ms
2019-10-10 06:36:07,020 [grpc-default-executor-7] INFO  impl.RaftServerImpl (ServerState.java:setLeader(255)) - b50d008d-c133-461f-be14-0ec9f77962b8@group-ADDAD67DD0D2: change Leader from null to 4e14e28b-4edf-4657-aa1e-a5c17b399f56 at term 1 for appendEntries, leader elected after 5217ms
2019-10-10 06:36:07,056 [grpc-default-executor-3] INFO  impl.RaftServerImpl (ServerState.java:setRaftConf(356)) - e76be57f-796b-44d9-b265-3f1958bf1c51@group-ADDAD67DD0D2: set configuration 0: [e76be57f-796b-44d9-b265-3f1958bf1c51:192.168.151.114:42531, 4e14e28b-4edf-4657-aa1e-a5c17b399f56:192.168.151.114:44540, b50d008d-c133-461f-be14-0ec9f77962b8:192.168.151.114:41807], old=null at 0
2019-10-10 06:36:07,056 [grpc-default-executor-3] INFO  segmented.SegmentedRaftLogWorker (SegmentedRaftLogWorker.java:startLogSegment(385)) - e76be57f-796b-44d9-b265-3f1958bf1c51@group-ADDAD67DD0D2-SegmentedRaftLogWorker: Starting segment from index:0
2019-10-10 06:36:07,056 [grpc-default-executor-7] INFO  impl.RaftServerImpl (ServerState.java:setRaftConf(356)) - b50d008d-c133-461f-be14-0ec9f77962b8@group-ADDAD67DD0D2: set configuration 0: [e76be57f-796b-44d9-b265-3f1958bf1c51:192.168.151.114:42531, 4e14e28b-4edf-4657-aa1e-a5c17b399f56:192.168.151.114:44540, b50d008d-c133-461f-be14-0ec9f77962b8:192.168.151.114:41807], old=null at 0
2019-10-10 06:36:07,056 [grpc-default-executor-7] INFO  segmented.SegmentedRaftLogWorker (SegmentedRaftLogWorker.java:startLogSegment(385)) - b50d008d-c133-461f-be14-0ec9f77962b8@group-ADDAD67DD0D2-SegmentedRaftLogWorker: Starting segment from index:0
2019-10-10 06:36:07,069 [4e14e28b-4edf-4657-aa1e-a5c17b399f56@group-ADDAD67DD0D2-SegmentedRaftLogWorker] INFO  segmented.SegmentedRaftLogWorker (SegmentedRaftLogWorker.java:execute(574)) - 4e14e28b-4edf-4657-aa1e-a5c17b399f56@group-ADDAD67DD0D2-SegmentedRaftLogWorker: created new log segment /workdir/hadoop-ozone/integration-test/target/test-dir/MiniOzoneClusterImpl-63933bd2-200b-4836-97fb-de809f2124aa/datanode-5/data/ratis/ea26570e-c346-4df5-9baa-addad67dd0d2/current/log_inprogress_0
2019-10-10 06:36:07,118 [b50d008d-c133-461f-be14-0ec9f77962b8@group-ADDAD67DD0D2-SegmentedRaftLogWorker] INFO  segmented.SegmentedRaftLogWorker (SegmentedRaftLogWorker.java:execute(574)) - b50d008d-c133-461f-be14-0ec9f77962b8@group-ADDAD67DD0D2-SegmentedRaftLogWorker: created new log segment /workdir/hadoop-ozone/integration-test/target/test-dir/MiniOzoneClusterImpl-63933bd2-200b-4836-97fb-de809f2124aa/datanode-4/data/ratis/ea26570e-c346-4df5-9baa-addad67dd0d2/current/log_inprogress_0
2019-10-10 06:36:07,120 [Datanode State Machine Thread - 0] INFO  statemachine.DatanodeStateMachine (DatanodeStateMachine.java:lambda$startDaemon$0(350)) - Ozone container server started.
2019-10-10 06:36:07,118 [e76be57f-796b-44d9-b265-3f1958bf1c51@group-ADDAD67DD0D2-SegmentedRaftLogWorker] INFO  segmented.SegmentedRaftLogWorker (SegmentedRaftLogWorker.java:execute(574)) - e76be57f-796b-44d9-b265-3f1958bf1c51@group-ADDAD67DD0D2-SegmentedRaftLogWorker: created new log segment /workdir/hadoop-ozone/integration-test/target/test-dir/MiniOzoneClusterImpl-63933bd2-200b-4836-97fb-de809f2124aa/datanode-6/data/ratis/ea26570e-c346-4df5-9baa-addad67dd0d2/current/log_inprogress_0
2019-10-10 06:36:12,110 [main] INFO  ozoneimpl.OzoneContainer (OzoneContainer.java:stop(227)) - Attempting to stop container services.
2019-10-10 06:36:12,112 [main] INFO  impl.RaftServerProxy (RaftServerProxy.java:lambda$close$4(314)) - deb4f90e-5ffc-4d95-a535-9397ce96eec7: close
2019-10-10 06:36:12,113 [main] INFO  impl.RaftServerImpl (RaftServerImpl.java:lambda$shutdown$3(247)) - deb4f90e-5ffc-4d95-a535-9397ce96eec7@group-6A028B36F0A7: shutdown
2019-10-10 06:36:12,113 [main] INFO  util.JmxRegister (JmxRegister.java:unregister(73)) - Successfully un-registered JMX Bean with object name Ratis:service=RaftServer,group=group-6A028B36F0A7,id=deb4f90e-5ffc-4d95-a535-9397ce96eec7
2019-10-10 06:36:12,114 [main] INFO  impl.RoleInfo (RoleInfo.java:shutdownFollowerState(121)) - deb4f90e-5ffc-4d95-a535-9397ce96eec7: shutdown FollowerState
2019-10-10 06:36:12,114 [main] INFO  impl.StateMachineUpdater (StateMachineUpdater.java:stopAndJoin(136)) - deb4f90e-5ffc-4d95-a535-9397ce96eec7@group-6A028B36F0A7-StateMachineUpdater: set stopIndex = 2
2019-10-10 06:36:12,114 [Thread-2414] INFO  impl.FollowerState (FollowerState.java:run(117)) - deb4f90e-5ffc-4d95-a535-9397ce96eec7@group-6A028B36F0A7-FollowerState was interrupted: java.lang.InterruptedException: sleep interrupted
2019-10-10 06:36:12,115 [deb4f90e-5ffc-4d95-a535-9397ce96eec7@group-6A028B36F0A7-StateMachineUpdater] INFO  ratis.ContainerStateMachine (ContainerStateMachine.java:takeSnapshot(294)) - group-6A028B36F0A7: Taking a snapshot at:(t:1, i:1) file /workdir/hadoop-ozone/integration-test/target/test-dir/MiniOzoneClusterImpl-63933bd2-200b-4836-97fb-de809f2124aa/datanode-2/data/ratis/675b7dc3-d557-44da-a195-6a028b36f0a7/sm/snapshot.1_1
2019-10-10 06:36:12,139 [deb4f90e-5ffc-4d95-a535-9397ce96eec7@group-6A028B36F0A7-StateMachineUpdater] INFO  ratis.ContainerStateMachine (ContainerStateMachine.java:takeSnapshot(305)) - group-6A028B36F0A7: Finished taking a snapshot at:(t:1, i:1) file:/workdir/hadoop-ozone/integration-test/target/test-dir/MiniOzoneClusterImpl-63933bd2-200b-4836-97fb-de809f2124aa/datanode-2/data/ratis/675b7dc3-d557-44da-a195-6a028b36f0a7/sm/snapshot.1_1 time:25
2019-10-10 06:36:12,140 [deb4f90e-5ffc-4d95-a535-9397ce96eec7@group-6A028B36F0A7-StateMachineUpdater] INFO  impl.StateMachineUpdater (StateMachineUpdater.java:takeSnapshot(269)) - deb4f90e-5ffc-4d95-a535-9397ce96eec7@group-6A028B36F0A7-StateMachineUpdater: Took a snapshot at index 1
2019-10-10 06:36:12,140 [deb4f90e-5ffc-4d95-a535-9397ce96eec7@group-6A028B36F0A7-StateMachineUpdater] INFO  impl.StateMachineUpdater (StateMachineUpdater.java:lambda$new$0(84)) - deb4f90e-5ffc-4d95-a535-9397ce96eec7@group-6A028B36F0A7-StateMachineUpdater: snapshotIndex: updateIncreasingly -1 -> 1
2019-10-10 06:36:12,140 [deb4f90e-5ffc-4d95-a535-9397ce96eec7@group-6A028B36F0A7-StateMachineUpdater] INFO  ratis.ContainerStateMachine (ContainerStateMachine.java:takeSnapshot(294)) - group-6A028B36F0A7: Taking a snapshot at:(t:1, i:1) file /workdir/hadoop-ozone/integration-test/target/test-dir/MiniOzoneClusterImpl-63933bd2-200b-4836-97fb-de809f2124aa/datanode-2/data/ratis/675b7dc3-d557-44da-a195-6a028b36f0a7/sm/snapshot.1_1
2019-10-10 06:36:12,153 [deb4f90e-5ffc-4d95-a535-9397ce96eec7@group-6A028B36F0A7-StateMachineUpdater] INFO  ratis.ContainerStateMachine (ContainerStateMachine.java:takeSnapshot(305)) - group-6A028B36F0A7: Finished taking a snapshot at:(t:1, i:1) file:/workdir/hadoop-ozone/integration-test/target/test-dir/MiniOzoneClusterImpl-63933bd2-200b-4836-97fb-de809f2124aa/datanode-2/data/ratis/675b7dc3-d557-44da-a195-6a028b36f0a7/sm/snapshot.1_1 time:12
2019-10-10 06:36:12,153 [deb4f90e-5ffc-4d95-a535-9397ce96eec7@group-6A028B36F0A7-StateMachineUpdater] INFO  impl.StateMachineUpdater (StateMachineUpdater.java:takeSnapshot(269)) - deb4f90e-5ffc-4d95-a535-9397ce96eec7@group-6A028B36F0A7-StateMachineUpdater: Took a snapshot at index 1
2019-10-10 06:36:12,153 [deb4f90e-5ffc-4d95-a535-9397ce96eec7@group-6A028B36F0A7-StateMachineUpdater] INFO  impl.StateMachineUpdater (StateMachineUpdater.java:lambda$new$0(84)) - deb4f90e-5ffc-4d95-a535-9397ce96eec7@group-6A028B36F0A7-StateMachineUpdater: snapshotIndex: updateIncreasingly 1 -> 1
2019-10-10 06:36:12,154 [main] INFO  impl.RaftServerImpl (ServerState.java:close(387)) - deb4f90e-5ffc-4d95-a535-9397ce96eec7@group-6A028B36F0A7: closes. applyIndex: 2
2019-10-10 06:36:12,154 [deb4f90e-5ffc-4d95-a535-9397ce96eec7@group-6A028B36F0A7-SegmentedRaftLogWorker] INFO  segmented.SegmentedRaftLogWorker (SegmentedRaftLogWorker.java:run(316)) - deb4f90e-5ffc-4d95-a535-9397ce96eec7@group-6A028B36F0A7-SegmentedRaftLogWorker was interrupted, exiting. There are 0 tasks remaining in the queue.
2019-10-10 06:36:12,155 [main] INFO  segmented.SegmentedRaftLogWorker (SegmentedRaftLogWorker.java:close(224)) - deb4f90e-5ffc-4d95-a535-9397ce96eec7@group-6A028B36F0A7-SegmentedRaftLogWorker close()
2019-10-10 06:36:12,158 [main] INFO  impl.RaftServerImpl (RaftServerImpl.java:lambda$shutdown$3(247)) - deb4f90e-5ffc-4d95-a535-9397ce96eec7@group-D3F1BDFD2414: shutdown
2019-10-10 06:36:12,158 [main] INFO  util.JmxRegister (JmxRegister.java:unregister(73)) - Successfully un-registered JMX Bean with object name Ratis:service=RaftServer,group=group-D3F1BDFD2414,id=deb4f90e-5ffc-4d95-a535-9397ce96eec7
2019-10-10 06:36:12,158 [main] INFO  impl.RoleInfo (RoleInfo.java:shutdownLeaderState(104)) - deb4f90e-5ffc-4d95-a535-9397ce96eec7: shutdown LeaderState
2019-10-10 06:36:12,159 [main] INFO  impl.PendingRequests (PendingRequests.java:sendNotLeaderResponses(202)) - deb4f90e-5ffc-4d95-a535-9397ce96eec7@group-D3F1BDFD2414-PendingRequests: sendNotLeaderResponses
2019-10-10 06:36:12,159 [main] INFO  impl.StateMachineUpdater (StateMachineUpdater.java:stopAndJoin(136)) - deb4f90e-5ffc-4d95-a535-9397ce96eec7@group-D3F1BDFD2414-StateMachineUpdater: set stopIndex = 0
2019-10-10 06:36:12,160 [main] INFO  impl.RaftServerImpl (ServerState.java:close(387)) - deb4f90e-5ffc-4d95-a535-9397ce96eec7@group-D3F1BDFD2414: closes. applyIndex: 0
2019-10-10 06:36:12,161 [deb4f90e-5ffc-4d95-a535-9397ce96eec7@group-D3F1BDFD2414-SegmentedRaftLogWorker] INFO  segmented.SegmentedRaftLogWorker (SegmentedRaftLogWorker.java:run(316)) - deb4f90e-5ffc-4d95-a535-9397ce96eec7@group-D3F1BDFD2414-SegmentedRaftLogWorker was interrupted, exiting. There are 0 tasks remaining in the queue.
2019-10-10 06:36:12,161 [main] INFO  segmented.SegmentedRaftLogWorker (SegmentedRaftLogWorker.java:close(224)) - deb4f90e-5ffc-4d95-a535-9397ce96eec7@group-D3F1BDFD2414-SegmentedRaftLogWorker close()
2019-10-10 06:36:12,164 [main] INFO  server.GrpcService (GrpcService.java:closeImpl(164)) - deb4f90e-5ffc-4d95-a535-9397ce96eec7: shutdown server with port 46086 now
2019-10-10 06:36:12,167 [grpc-default-executor-2] WARN  server.GrpcServerProtocolService (LogUtils.java:warn(134)) - deb4f90e-5ffc-4d95-a535-9397ce96eec7: installSnapshot onError, lastRequest: be457821-dbd5-4f3c-8c18-14575015e379->deb4f90e-5ffc-4d95-a535-9397ce96eec7#5-t1, previous=(t:1, i:2), leaderCommit=2, initializing? false, entries: <empty>: org.apache.ratis.thirdparty.io.grpc.StatusRuntimeException: CANCELLED: cancelled before receiving half close
2019-10-10 06:36:12,167 [main] INFO  server.GrpcService (GrpcService.java:closeImpl(172)) - deb4f90e-5ffc-4d95-a535-9397ce96eec7: shutdown server with port 46086 successfully
2019-10-10 06:36:12,168 [grpc-default-executor-3] WARN  server.GrpcLogAppender (LogUtils.java:warn(134)) - be457821-dbd5-4f3c-8c18-14575015e379@group-6A028B36F0A7->deb4f90e-5ffc-4d95-a535-9397ce96eec7-AppendLogResponseHandler: Failed appendEntries: org.apache.ratis.thirdparty.io.grpc.StatusRuntimeException: CANCELLED: HTTP/2 error code: CANCEL
Received Rst Stream
2019-10-10 06:36:12,169 [grpc-default-executor-3] INFO  impl.FollowerInfo (FollowerInfo.java:lambda$new$0(51)) - be457821-dbd5-4f3c-8c18-14575015e379@group-6A028B36F0A7->deb4f90e-5ffc-4d95-a535-9397ce96eec7: nextIndex: updateUnconditionally 3 -> 2
2019-10-10 06:36:12,173 [refreshUsed-/workdir/hadoop-ozone/integration-test/target/test-dir/MiniOzoneClusterImpl-63933bd2-200b-4836-97fb-de809f2124aa/datanode-2/data/containers] WARN  fs.CachingGetSpaceUsed (CachingGetSpaceUsed.java:run(183)) - Thread Interrupted waiting to refresh disk information: sleep interrupted
2019-10-10 06:36:12,191 [main] INFO  utils.BackgroundService (BackgroundService.java:shutdown(151)) - Shutting down service BlockDeletingService
2019-10-10 06:36:12,199 [main] INFO  statemachine.DatanodeStateMachine (DatanodeStateMachine.java:stopDaemon(395)) - Ozone container server stopped.
2019-10-10 06:36:12,201 [main] INFO  handler.ContextHandler (ContextHandler.java:doStop(910)) - Stopped o.e.j.w.WebAppContext@28be7fec{/,null,UNAVAILABLE}{/hddsDatanode}
2019-10-10 06:36:12,202 [main] INFO  server.AbstractConnector (AbstractConnector.java:doStop(318)) - Stopped ServerConnector@26f0141{HTTP/1.1,[http/1.1]}{0.0.0.0:0}
2019-10-10 06:36:12,203 [main] INFO  handler.ContextHandler (ContextHandler.java:doStop(910)) - Stopped o.e.j.s.ServletContextHandler@7e7740a5{/static,jar:file:/home/user/.m2/repository/org/apache/hadoop/hadoop-hdds-container-service/0.5.0-SNAPSHOT/hadoop-hdds-container-service-0.5.0-SNAPSHOT.jar!/webapps/static,UNAVAILABLE}
2019-10-10 06:36:12,203 [main] INFO  handler.ContextHandler (ContextHandler.java:doStop(910)) - Stopped o.e.j.s.ServletContextHandler@515ab3f2{/logs,file:///workdir/hadoop-ozone/integration-test/target/log,UNAVAILABLE}
2019-10-10 06:36:12,215 [grpc-default-executor-2] WARN  server.GrpcLogAppender (LogUtils.java:warn(134)) - be457821-dbd5-4f3c-8c18-14575015e379@group-6A028B36F0A7->deb4f90e-5ffc-4d95-a535-9397ce96eec7-AppendLogResponseHandler: Failed appendEntries: org.apache.ratis.thirdparty.io.grpc.StatusRuntimeException: UNAVAILABLE: io exception
2019-10-10 06:36:12,216 [grpc-default-executor-2] INFO  impl.FollowerInfo (FollowerInfo.java:lambda$new$0(51)) - be457821-dbd5-4f3c-8c18-14575015e379@group-6A028B36F0A7->deb4f90e-5ffc-4d95-a535-9397ce96eec7: nextIndex: updateUnconditionally 3 -> 2
2019-10-10 06:36:12,227 [grpc-default-executor-7] WARN  server.GrpcLogAppender (LogUtils.java:warn(134)) - be457821-dbd5-4f3c-8c18-14575015e379@group-6A028B36F0A7->deb4f90e-5ffc-4d95-a535-9397ce96eec7-AppendLogResponseHandler: Failed appendEntries: org.apache.ratis.thirdparty.io.grpc.StatusRuntimeException: UNAVAILABLE: io exception
2019-10-10 06:36:12,227 [grpc-default-executor-7] INFO  impl.FollowerInfo (FollowerInfo.java:lambda$new$0(51)) - be457821-dbd5-4f3c-8c18-14575015e379@group-6A028B36F0A7->deb4f90e-5ffc-4d95-a535-9397ce96eec7: nextIndex: updateUnconditionally 3 -> 2
2019-10-10 06:36:12,242 [grpc-default-executor-2] WARN  server.GrpcLogAppender (LogUtils.java:warn(134)) - be457821-dbd5-4f3c-8c18-14575015e379@group-6A028B36F0A7->deb4f90e-5ffc-4d95-a535-9397ce96eec7-AppendLogResponseHandler: Failed appendEntries: org.apache.ratis.thirdparty.io.grpc.StatusRuntimeException: UNAVAILABLE: io exception
2019-10-10 06:36:12,242 [grpc-default-executor-2] INFO  impl.FollowerInfo (FollowerInfo.java:lambda$new$0(51)) - be457821-dbd5-4f3c-8c18-14575015e379@group-6A028B36F0A7->deb4f90e-5ffc-4d95-a535-9397ce96eec7: nextIndex: updateUnconditionally 3 -> 2
2019-10-10 06:36:12,243 [EventQueue-IncrementalContainerReportForIncrementalContainerReportHandler] WARN  container.IncrementalContainerReportHandler (AbstractContainerReportHandler.java:updateContainerState(145)) - Container #1 is in OPEN state, but the datanode be457821-dbd5-4f3c-8c18-14575015e379{ip: 192.168.151.114, host: trunk-nightly-20191010-ks672-2217485364, networkLocation: /default-rack, certSerialId: null} reports an CLOSING replica.
2019-10-10 06:36:12,256 [EventQueue-IncrementalContainerReportForIncrementalContainerReportHandler] WARN  container.IncrementalContainerReportHandler (AbstractContainerReportHandler.java:updateContainerState(145)) - Container #1 is in OPEN state, but the datanode 9ef369c6-e172-4b0f-bbfb-bcf146477daa{ip: 192.168.151.114, host: trunk-nightly-20191010-ks672-2217485364, networkLocation: /default-rack, certSerialId: null} reports an CLOSING replica.
2019-10-10 06:36:12,297 [RatisApplyTransactionExecutor 1] INFO  interfaces.Container (KeyValueContainer.java:flushAndSyncDB(386)) - Container 1 is synced with bcsId 0.
2019-10-10 06:36:12,348 [RatisApplyTransactionExecutor 1] INFO  interfaces.Container (KeyValueContainer.java:flushAndSyncDB(386)) - Container 1 is synced with bcsId 0.
2019-10-10 06:36:12,350 [RatisApplyTransactionExecutor 1] INFO  interfaces.Container (KeyValueContainer.java:flushAndSyncDB(386)) - Container 1 is synced with bcsId 0.
2019-10-10 06:36:12,350 [RatisApplyTransactionExecutor 1] INFO  interfaces.Container (KeyValueContainer.java:flushAndSyncDB(386)) - Container 1 is synced with bcsId 0.
2019-10-10 06:36:12,356 [RatisApplyTransactionExecutor 1] INFO  interfaces.Container (KeyValueContainer.java:close(335)) - Container 1 is closed with bcsId 0.
2019-10-10 06:36:12,356 [RatisApplyTransactionExecutor 1] INFO  interfaces.Container (KeyValueContainer.java:close(335)) - Container 1 is closed with bcsId 0.
2019-10-10 06:36:12,357 [EventQueue-IncrementalContainerReportForIncrementalContainerReportHandler] WARN  container.IncrementalContainerReportHandler (AbstractContainerReportHandler.java:updateContainerState(145)) - Container #1 is in OPEN state, but the datanode 9ef369c6-e172-4b0f-bbfb-bcf146477daa{ip: 192.168.151.114, host: trunk-nightly-20191010-ks672-2217485364, networkLocation: /default-rack, certSerialId: null} reports an CLOSED replica.
2019-10-10 06:36:12,357 [EventQueue-IncrementalContainerReportForIncrementalContainerReportHandler] WARN  container.IncrementalContainerReportHandler (AbstractContainerReportHandler.java:updateContainerState(145)) - Container #1 is in OPEN state, but the datanode be457821-dbd5-4f3c-8c18-14575015e379{ip: 192.168.151.114, host: trunk-nightly-20191010-ks672-2217485364, networkLocation: /default-rack, certSerialId: null} reports an CLOSED replica.
2019-10-10 06:36:14,743 [grpc-default-executor-3] WARN  server.GrpcLogAppender (LogUtils.java:warn(134)) - be457821-dbd5-4f3c-8c18-14575015e379@group-6A028B36F0A7->deb4f90e-5ffc-4d95-a535-9397ce96eec7-AppendLogResponseHandler: Failed appendEntries: org.apache.ratis.thirdparty.io.grpc.StatusRuntimeException: UNAVAILABLE: io exception
2019-10-10 06:36:14,744 [grpc-default-executor-3] INFO  impl.FollowerInfo (FollowerInfo.java:lambda$new$0(51)) - be457821-dbd5-4f3c-8c18-14575015e379@group-6A028B36F0A7->deb4f90e-5ffc-4d95-a535-9397ce96eec7: nextIndex: updateUnconditionally 2 -> 1
2019-10-10 06:36:15,362 [main] WARN  scm.XceiverClientRatis (XceiverClientRatis.java:watchForCommit(277)) - 3 way commit failed on pipeline Pipeline[ Id: 675b7dc3-d557-44da-a195-6a028b36f0a7, Nodes: deb4f90e-5ffc-4d95-a535-9397ce96eec7{ip: 192.168.151.114, host: trunk-nightly-20191010-ks672-2217485364, networkLocation: /default-rack, certSerialId: null}be457821-dbd5-4f3c-8c18-14575015e379{ip: 192.168.151.114, host: trunk-nightly-20191010-ks672-2217485364, networkLocation: /default-rack, certSerialId: null}9ef369c6-e172-4b0f-bbfb-bcf146477daa{ip: 192.168.151.114, host: trunk-nightly-20191010-ks672-2217485364, networkLocation: /default-rack, certSerialId: null}, Type:RATIS, Factor:THREE, State:OPEN]
java.util.concurrent.TimeoutException
	at java.util.concurrent.CompletableFuture.timedGet(CompletableFuture.java:1771)
	at java.util.concurrent.CompletableFuture.get(CompletableFuture.java:1915)
	at org.apache.hadoop.hdds.scm.XceiverClientRatis.watchForCommit(XceiverClientRatis.java:274)
	at org.apache.hadoop.ozone.client.rpc.TestWatchForCommit.test2WayCommitForTimeoutException(TestWatchForCommit.java:391)
	at sun.reflect.NativeMethodAccessorImpl.invoke0(Native Method)
	at sun.reflect.NativeMethodAccessorImpl.invoke(NativeMethodAccessorImpl.java:62)
	at sun.reflect.DelegatingMethodAccessorImpl.invoke(DelegatingMethodAccessorImpl.java:43)
	at java.lang.reflect.Method.invoke(Method.java:498)
	at org.junit.runners.model.FrameworkMethod$1.runReflectiveCall(FrameworkMethod.java:47)
	at org.junit.internal.runners.model.ReflectiveCallable.run(ReflectiveCallable.java:12)
	at org.junit.runners.model.FrameworkMethod.invokeExplosively(FrameworkMethod.java:44)
	at org.junit.internal.runners.statements.InvokeMethod.evaluate(InvokeMethod.java:17)
	at org.junit.runners.ParentRunner.runLeaf(ParentRunner.java:271)
	at org.junit.runners.BlockJUnit4ClassRunner.runChild(BlockJUnit4ClassRunner.java:70)
	at org.junit.runners.BlockJUnit4ClassRunner.runChild(BlockJUnit4ClassRunner.java:50)
	at org.junit.runners.ParentRunner$3.run(ParentRunner.java:238)
	at org.junit.runners.ParentRunner$1.schedule(ParentRunner.java:63)
	at org.junit.runners.ParentRunner.runChildren(ParentRunner.java:236)
	at org.junit.runners.ParentRunner.access$000(ParentRunner.java:53)
	at org.junit.runners.ParentRunner$2.evaluate(ParentRunner.java:229)
	at org.junit.runners.ParentRunner.run(ParentRunner.java:309)
	at org.apache.maven.surefire.junit4.JUnit4Provider.execute(JUnit4Provider.java:365)
	at org.apache.maven.surefire.junit4.JUnit4Provider.executeWithRerun(JUnit4Provider.java:273)
	at org.apache.maven.surefire.junit4.JUnit4Provider.executeTestSet(JUnit4Provider.java:238)
	at org.apache.maven.surefire.junit4.JUnit4Provider.invoke(JUnit4Provider.java:159)
	at org.apache.maven.surefire.booter.ForkedBooter.invokeProviderInSameClassLoader(ForkedBooter.java:384)
	at org.apache.maven.surefire.booter.ForkedBooter.runSuitesInProcess(ForkedBooter.java:345)
	at org.apache.maven.surefire.booter.ForkedBooter.execute(ForkedBooter.java:126)
	at org.apache.maven.surefire.booter.ForkedBooter.main(ForkedBooter.java:418)
2019-10-10 06:36:15,375 [Thread-2479] INFO  client.GrpcClientProtocolService (GrpcClientProtocolService.java:lambda$processClientRequest$0(278)) - Failed RaftClientRequest:client-1FECE65DCDE6->9ef369c6-e172-4b0f-bbfb-bcf146477daa@group-6A028B36F0A7, cid=106, seq=0, Watch-MAJORITY_COMMITTED(3), Message:<EMPTY>, reply=RaftClientReply:client-1FECE65DCDE6->9ef369c6-e172-4b0f-bbfb-bcf146477daa@group-6A028B36F0A7, cid=106, FAILED org.apache.ratis.protocol.NotLeaderException: Server 9ef369c6-e172-4b0f-bbfb-bcf146477daa@group-6A028B36F0A7 is not the leader be457821-dbd5-4f3c-8c18-14575015e379:192.168.151.114:34216, logIndex=0, commits[9ef369c6-e172-4b0f-bbfb-bcf146477daa:c4, deb4f90e-5ffc-4d95-a535-9397ce96eec7:c2, be457821-dbd5-4f3c-8c18-14575015e379:c4]
2019-10-10 06:36:17,247 [grpc-default-executor-2] WARN  server.GrpcLogAppender (LogUtils.java:warn(134)) - be457821-dbd5-4f3c-8c18-14575015e379@group-6A028B36F0A7->deb4f90e-5ffc-4d95-a535-9397ce96eec7-AppendLogResponseHandler: Failed appendEntries: org.apache.ratis.thirdparty.io.grpc.StatusRuntimeException: UNAVAILABLE: io exception
2019-10-10 06:36:17,248 [grpc-default-executor-2] INFO  impl.FollowerInfo (FollowerInfo.java:lambda$new$0(51)) - be457821-dbd5-4f3c-8c18-14575015e379@group-6A028B36F0A7->deb4f90e-5ffc-4d95-a535-9397ce96eec7: nextIndex: updateUnconditionally 1 -> 0
]]></system-out>
    <system-err><![CDATA[Oct 10, 2019 6:36:12 AM org.apache.ratis.thirdparty.io.grpc.internal.SerializingExecutor run
SEVERE: Exception while executing runnable org.apache.ratis.thirdparty.io.grpc.internal.ServerImpl$JumpToApplicationThreadServerStreamListener$1Closed@42a99c87
org.apache.ratis.thirdparty.io.grpc.StatusRuntimeException: CANCELLED: call already cancelled
	at org.apache.ratis.thirdparty.io.grpc.Status.asRuntimeException(Status.java:517)
	at org.apache.ratis.thirdparty.io.grpc.stub.ServerCalls$ServerCallStreamObserverImpl.onCompleted(ServerCalls.java:356)
	at org.apache.ratis.grpc.server.GrpcServerProtocolService$ServerRequestStreamObserver.onError(GrpcServerProtocolService.java:121)
	at org.apache.ratis.thirdparty.io.grpc.stub.ServerCalls$StreamingServerCallHandler$StreamingServerCallListener.onCancel(ServerCalls.java:269)
	at org.apache.ratis.thirdparty.io.grpc.internal.ServerCallImpl$ServerStreamListenerImpl.closed(ServerCallImpl.java:293)
	at org.apache.ratis.thirdparty.io.grpc.internal.ServerImpl$JumpToApplicationThreadServerStreamListener$1Closed.runInContext(ServerImpl.java:741)
	at org.apache.ratis.thirdparty.io.grpc.internal.ContextRunnable.run(ContextRunnable.java:37)
	at org.apache.ratis.thirdparty.io.grpc.internal.SerializingExecutor.run(SerializingExecutor.java:123)
	at java.util.concurrent.ThreadPoolExecutor.runWorker(ThreadPoolExecutor.java:1149)
	at java.util.concurrent.ThreadPoolExecutor$Worker.run(ThreadPoolExecutor.java:624)
	at java.lang.Thread.run(Thread.java:748)

]]></system-err>
  </testcase>
</testsuite>