<?xml version="1.0" encoding="UTF-8"?>
<testsuite xmlns:xsi="http://www.w3.org/2001/XMLSchema-instance" xsi:noNamespaceSchemaLocation="https://maven.apache.org/surefire/maven-surefire-plugin/xsd/surefire-test-report.xsd" name="org.apache.hadoop.ozone.client.rpc.TestBlockOutputStreamWithFailures" time="751.73" tests="8" errors="0" skipped="0" failures="1">
  <properties>
    <property name="awt.toolkit" value="sun.awt.X11.XToolkit"/>
    <property name="file.encoding.pkg" value="sun.io"/>
    <property name="java.specification.version" value="1.8"/>
    <property name="sun.cpu.isalist" value=""/>
    <property name="sun.jnu.encoding" value="UTF-8"/>
    <property name="java.class.path" value="/workdir/hadoop-ozone/integration-test/target/test-classes:/workdir/hadoop-ozone/integration-test/target/classes:/home/user/.m2/repository/org/apache/hadoop/hadoop-ozone-common/0.5.0-SNAPSHOT/hadoop-ozone-common-0.5.0-SNAPSHOT.jar:/home/user/.m2/repository/org/apache/commons/commons-compress/1.4.1/commons-compress-1.4.1.jar:/home/user/.m2/repository/org/tukaani/xz/1.0/xz-1.0.jar:/home/user/.m2/repository/org/apache/hadoop/hadoop-common/3.2.0/hadoop-common-3.2.0.jar:/home/user/.m2/repository/org/apache/hadoop/hadoop-hdfs/3.2.0/hadoop-hdfs-3.2.0.jar:/home/user/.m2/repository/org/apache/hadoop/hadoop-hdfs-client/3.2.0/hadoop-hdfs-client-3.2.0.jar:/home/user/.m2/repository/com/fasterxml/jackson/core/jackson-annotations/2.9.9/jackson-annotations-2.9.9.jar:/home/user/.m2/repository/org/apache/hadoop/hadoop-hdds-common/0.5.0-SNAPSHOT/hadoop-hdds-common-0.5.0-SNAPSHOT.jar:/home/user/.m2/repository/javax/annotation/javax.annotation-api/1.2/javax.annotation-api-1.2.jar:/home/user/.m2/repository/org/apache/ratis/ratis-server/0.4.0/ratis-server-0.4.0.jar:/home/user/.m2/repository/org/apache/ratis/ratis-thirdparty-misc/0.2.0/ratis-thirdparty-misc-0.2.0.jar:/home/user/.m2/repository/org/apache/ratis/ratis-proto/0.4.0/ratis-proto-0.4.0.jar:/home/user/.m2/repository/org/apache/ratis/ratis-common/0.4.0/ratis-common-0.4.0.jar:/home/user/.m2/repository/org/apache/ratis/ratis-client/0.4.0/ratis-client-0.4.0.jar:/home/user/.m2/repository/org/apache/ratis/ratis-metrics/0.4.0/ratis-metrics-0.4.0.jar:/home/user/.m2/repository/com/github/joshelser/dropwizard-metrics-hadoop-metrics2-reporter/0.1.2/dropwizard-metrics-hadoop-metrics2-reporter-0.1.2.jar:/home/user/.m2/repository/io/dropwizard/metrics/metrics-jvm/3.2.5/metrics-jvm-3.2.5.jar:/home/user/.m2/repository/io/dropwizard/metrics/metrics-ganglia/3.2.5/metrics-ganglia-3.2.5.jar:/home/user/.m2/repository/info/ganglia/gmetric4j/gmetric4j/1.0.7/gmetric4j-1.0.7.jar:/home/user/.m2/repository/org/apache/ratis/ratis-netty/0.4.0/ratis-netty-0.4.0.jar:/home/user/.m2/repository/org/apache/ratis/ratis-grpc/0.4.0/ratis-grpc-0.4.0.jar:/home/user/.m2/repository/org/rocksdb/rocksdbjni/6.0.1/rocksdbjni-6.0.1.jar:/home/user/.m2/repository/org/apache/logging/log4j/log4j-api/2.11.0/log4j-api-2.11.0.jar:/home/user/.m2/repository/org/apache/logging/log4j/log4j-core/2.11.0/log4j-core-2.11.0.jar:/home/user/.m2/repository/com/lmax/disruptor/3.4.2/disruptor-3.4.2.jar:/home/user/.m2/repository/org/apache/commons/commons-pool2/2.6.0/commons-pool2-2.6.0.jar:/home/user/.m2/repository/org/bouncycastle/bcpkix-jdk15on/1.60/bcpkix-jdk15on-1.60.jar:/home/user/.m2/repository/commons-validator/commons-validator/1.6/commons-validator-1.6.jar:/home/user/.m2/repository/commons-digester/commons-digester/1.8.1/commons-digester-1.8.1.jar:/home/user/.m2/repository/io/jaegertracing/jaeger-client/0.34.0/jaeger-client-0.34.0.jar:/home/user/.m2/repository/io/jaegertracing/jaeger-thrift/0.34.0/jaeger-thrift-0.34.0.jar:/home/user/.m2/repository/org/apache/thrift/libthrift/0.12.0/libthrift-0.12.0.jar:/home/user/.m2/repository/com/squareup/okhttp3/okhttp/3.9.0/okhttp-3.9.0.jar:/home/user/.m2/repository/com/squareup/okio/okio/1.13.0/okio-1.13.0.jar:/home/user/.m2/repository/io/jaegertracing/jaeger-core/0.34.0/jaeger-core-0.34.0.jar:/home/user/.m2/repository/io/jaegertracing/jaeger-tracerresolver/0.34.0/jaeger-tracerresolver-0.34.0.jar:/home/user/.m2/repository/io/opentracing/contrib/opentracing-tracerresolver/0.1.5/opentracing-tracerresolver-0.1.5.jar:/home/user/.m2/repository/io/opentracing/opentracing-util/0.31.0/opentracing-util-0.31.0.jar:/home/user/.m2/repository/io/opentracing/opentracing-api/0.31.0/opentracing-api-0.31.0.jar:/home/user/.m2/repository/io/opentracing/opentracing-noop/0.31.0/opentracing-noop-0.31.0.jar:/home/user/.m2/repository/org/apache/hadoop/hadoop-hdds-server-framework/0.5.0-SNAPSHOT/hadoop-hdds-server-framework-0.5.0-SNAPSHOT.jar:/home/user/.m2/repository/org/apache/hadoop/hadoop-hdds-container-service/0.5.0-SNAPSHOT/hadoop-hdds-container-service-0.5.0-SNAPSHOT.jar:/home/user/.m2/repository/org/apache/hadoop/hadoop-hdds-client/0.5.0-SNAPSHOT/hadoop-hdds-client-0.5.0-SNAPSHOT.jar:/home/user/.m2/repository/org/apache/hadoop/hadoop-hdds-tools/0.5.0-SNAPSHOT/hadoop-hdds-tools-0.5.0-SNAPSHOT.jar:/home/user/.m2/repository/org/apache/hadoop/hadoop-hdds-server-scm/0.5.0-SNAPSHOT/hadoop-hdds-server-scm-0.5.0-SNAPSHOT.jar:/home/user/.m2/repository/org/apache/hadoop/hadoop-hdds-docs/0.5.0-SNAPSHOT/hadoop-hdds-docs-0.5.0-SNAPSHOT.jar:/home/user/.m2/repository/io/dropwizard/metrics/metrics-core/3.2.4/metrics-core-3.2.4.jar:/home/user/.m2/repository/org/hamcrest/hamcrest-all/1.3/hamcrest-all-1.3.jar:/home/user/.m2/repository/org/bouncycastle/bcprov-jdk15on/1.60/bcprov-jdk15on-1.60.jar:/home/user/.m2/repository/info/picocli/picocli/3.9.6/picocli-3.9.6.jar:/home/user/.m2/repository/com/google/protobuf/protobuf-java/2.5.0/protobuf-java-2.5.0.jar:/home/user/.m2/repository/com/google/guava/guava/11.0.2/guava-11.0.2.jar:/home/user/.m2/repository/org/apache/hadoop/hadoop-ozone-ozone-manager/0.5.0-SNAPSHOT/hadoop-ozone-ozone-manager-0.5.0-SNAPSHOT.jar:/home/user/.m2/repository/org/apache/hadoop/hadoop-minikdc/3.2.0/hadoop-minikdc-3.2.0.jar:/home/user/.m2/repository/commons-io/commons-io/2.5/commons-io-2.5.jar:/home/user/.m2/repository/org/apache/kerby/kerb-simplekdc/1.0.1/kerb-simplekdc-1.0.1.jar:/home/user/.m2/repository/org/apache/kerby/kerb-client/1.0.1/kerb-client-1.0.1.jar:/home/user/.m2/repository/org/apache/kerby/kerby-config/1.0.1/kerby-config-1.0.1.jar:/home/user/.m2/repository/org/apache/kerby/kerb-core/1.0.1/kerb-core-1.0.1.jar:/home/user/.m2/repository/org/apache/kerby/kerby-pkix/1.0.1/kerby-pkix-1.0.1.jar:/home/user/.m2/repository/org/apache/kerby/kerby-asn1/1.0.1/kerby-asn1-1.0.1.jar:/home/user/.m2/repository/org/apache/kerby/kerby-util/1.0.1/kerby-util-1.0.1.jar:/home/user/.m2/repository/org/apache/kerby/kerb-common/1.0.1/kerb-common-1.0.1.jar:/home/user/.m2/repository/org/apache/kerby/kerb-crypto/1.0.1/kerb-crypto-1.0.1.jar:/home/user/.m2/repository/org/apache/kerby/kerb-util/1.0.1/kerb-util-1.0.1.jar:/home/user/.m2/repository/org/apache/kerby/token-provider/1.0.1/token-provider-1.0.1.jar:/home/user/.m2/repository/org/apache/kerby/kerb-admin/1.0.1/kerb-admin-1.0.1.jar:/home/user/.m2/repository/org/apache/kerby/kerb-server/1.0.1/kerb-server-1.0.1.jar:/home/user/.m2/repository/org/apache/kerby/kerb-identity/1.0.1/kerb-identity-1.0.1.jar:/home/user/.m2/repository/org/apache/kerby/kerby-xdr/1.0.1/kerby-xdr-1.0.1.jar:/home/user/.m2/repository/org/slf4j/slf4j-log4j12/1.7.25/slf4j-log4j12-1.7.25.jar:/home/user/.m2/repository/org/apache/hadoop/hadoop-ozone-s3gateway/0.5.0-SNAPSHOT/hadoop-ozone-s3gateway-0.5.0-SNAPSHOT.jar:/home/user/.m2/repository/org/jboss/weld/servlet/weld-servlet/2.4.7.Final/weld-servlet-2.4.7.Final.jar:/home/user/.m2/repository/org/glassfish/jersey/containers/jersey-container-servlet-core/2.27/jersey-container-servlet-core-2.27.jar:/home/user/.m2/repository/org/glassfish/hk2/external/javax.inject/2.5.0-b42/javax.inject-2.5.0-b42.jar:/home/user/.m2/repository/org/glassfish/jersey/core/jersey-common/2.27/jersey-common-2.27.jar:/home/user/.m2/repository/org/glassfish/hk2/osgi-resource-locator/1.0.1/osgi-resource-locator-1.0.1.jar:/home/user/.m2/repository/javax/ws/rs/javax.ws.rs-api/2.1/javax.ws.rs-api-2.1.jar:/home/user/.m2/repository/org/glassfish/jersey/ext/cdi/jersey-cdi1x/2.27/jersey-cdi1x-2.27.jar:/home/user/.m2/repository/org/glassfish/jersey/inject/jersey-hk2/2.27/jersey-hk2-2.27.jar:/home/user/.m2/repository/org/glassfish/hk2/hk2-locator/2.5.0-b42/hk2-locator-2.5.0-b42.jar:/home/user/.m2/repository/org/javassist/javassist/3.22.0-CR2/javassist-3.22.0-CR2.jar:/home/user/.m2/repository/org/glassfish/hk2/hk2-api/2.5.0/hk2-api-2.5.0.jar:/home/user/.m2/repository/org/glassfish/hk2/external/jakarta.inject/2.5.0/jakarta.inject-2.5.0.jar:/home/user/.m2/repository/org/glassfish/hk2/hk2-utils/2.5.0/hk2-utils-2.5.0.jar:/home/user/.m2/repository/jakarta/annotation/jakarta.annotation-api/1.3.4/jakarta.annotation-api-1.3.4.jar:/home/user/.m2/repository/org/glassfish/hk2/external/aopalliance-repackaged/2.5.0/aopalliance-repackaged-2.5.0.jar:/home/user/.m2/repository/com/fasterxml/jackson/dataformat/jackson-dataformat-xml/2.9.0/jackson-dataformat-xml-2.9.0.jar:/home/user/.m2/repository/com/fasterxml/jackson/core/jackson-core/2.9.9/jackson-core-2.9.9.jar:/home/user/.m2/repository/com/fasterxml/jackson/module/jackson-module-jaxb-annotations/2.9.9/jackson-module-jaxb-annotations-2.9.9.jar:/home/user/.m2/repository/javax/enterprise/cdi-api/1.2/cdi-api-1.2.jar:/home/user/.m2/repository/javax/el/javax.el-api/3.0.0/javax.el-api-3.0.0.jar:/home/user/.m2/repository/javax/interceptor/javax.interceptor-api/1.2/javax.interceptor-api-1.2.jar:/home/user/.m2/repository/javax/inject/javax.inject/1/javax.inject-1.jar:/home/user/.m2/repository/com/sun/xml/bind/jaxb-impl/2.3.0.1/jaxb-impl-2.3.0.1.jar:/home/user/.m2/repository/com/sun/xml/bind/jaxb-core/2.3.0.1/jaxb-core-2.3.0.1.jar:/home/user/.m2/repository/javax/xml/bind/jaxb-api/2.3.0/jaxb-api-2.3.0.jar:/home/user/.m2/repository/javax/activation/activation/1.1.1/activation-1.1.1.jar:/home/user/.m2/repository/org/apache/hadoop/hadoop-ozone-csi/0.5.0-SNAPSHOT/hadoop-ozone-csi-0.5.0-SNAPSHOT.jar:/home/user/.m2/repository/com/google/protobuf/protobuf-java-util/3.5.1/protobuf-java-util-3.5.1.jar:/home/user/.m2/repository/org/apache/hadoop/hadoop-hdds-config/0.5.0-SNAPSHOT/hadoop-hdds-config-0.5.0-SNAPSHOT.jar:/home/user/.m2/repository/io/grpc/grpc-netty/1.17.1/grpc-netty-1.17.1.jar:/home/user/.m2/repository/io/grpc/grpc-core/1.17.1/grpc-core-1.17.1.jar:/home/user/.m2/repository/io/grpc/grpc-context/1.17.1/grpc-context-1.17.1.jar:/home/user/.m2/repository/com/google/errorprone/error_prone_annotations/2.2.0/error_prone_annotations-2.2.0.jar:/home/user/.m2/repository/org/codehaus/mojo/animal-sniffer-annotations/1.17/animal-sniffer-annotations-1.17.jar:/home/user/.m2/repository/io/opencensus/opencensus-api/0.17.0/opencensus-api-0.17.0.jar:/home/user/.m2/repository/io/opencensus/opencensus-contrib-grpc-metrics/0.17.0/opencensus-contrib-grpc-metrics-0.17.0.jar:/home/user/.m2/repository/io/netty/netty-codec-http2/4.1.30.Final/netty-codec-http2-4.1.30.Final.jar:/home/user/.m2/repository/io/netty/netty-codec-http/4.1.30.Final/netty-codec-http-4.1.30.Final.jar:/home/user/.m2/repository/io/netty/netty-codec/4.1.30.Final/netty-codec-4.1.30.Final.jar:/home/user/.m2/repository/io/netty/netty-handler/4.1.30.Final/netty-handler-4.1.30.Final.jar:/home/user/.m2/repository/io/netty/netty-handler-proxy/4.1.30.Final/netty-handler-proxy-4.1.30.Final.jar:/home/user/.m2/repository/io/netty/netty-codec-socks/4.1.30.Final/netty-codec-socks-4.1.30.Final.jar:/home/user/.m2/repository/io/netty/netty-transport-native-epoll/4.1.30.Final/netty-transport-native-epoll-4.1.30.Final.jar:/home/user/.m2/repository/io/netty/netty-common/4.1.30.Final/netty-common-4.1.30.Final.jar:/home/user/.m2/repository/io/netty/netty-buffer/4.1.30.Final/netty-buffer-4.1.30.Final.jar:/home/user/.m2/repository/io/netty/netty-transport/4.1.30.Final/netty-transport-4.1.30.Final.jar:/home/user/.m2/repository/io/netty/netty-resolver/4.1.30.Final/netty-resolver-4.1.30.Final.jar:/home/user/.m2/repository/io/netty/netty-transport-native-unix-common/4.1.30.Final/netty-transport-native-unix-common-4.1.30.Final.jar:/home/user/.m2/repository/io/grpc/grpc-protobuf/1.17.1/grpc-protobuf-1.17.1.jar:/home/user/.m2/repository/com/google/api/grpc/proto-google-common-protos/1.0.0/proto-google-common-protos-1.0.0.jar:/home/user/.m2/repository/io/grpc/grpc-protobuf-lite/1.17.1/grpc-protobuf-lite-1.17.1.jar:/home/user/.m2/repository/io/grpc/grpc-stub/1.17.1/grpc-stub-1.17.1.jar:/home/user/.m2/repository/org/apache/hadoop/hadoop-ozone-recon/0.5.0-SNAPSHOT/hadoop-ozone-recon-0.5.0-SNAPSHOT.jar:/home/user/.m2/repository/org/apache/hadoop/hadoop-ozone-reconcodegen/0.5.0-SNAPSHOT/hadoop-ozone-reconcodegen-0.5.0-SNAPSHOT.jar:/home/user/.m2/repository/com/google/inject/extensions/guice-multibindings/4.0/guice-multibindings-4.0.jar:/home/user/.m2/repository/com/google/inject/guice/4.0/guice-4.0.jar:/home/user/.m2/repository/aopalliance/aopalliance/1.0/aopalliance-1.0.jar:/home/user/.m2/repository/com/google/inject/extensions/guice-servlet/4.0/guice-servlet-4.0.jar:/home/user/.m2/repository/org/glassfish/jersey/containers/jersey-container-servlet/2.27/jersey-container-servlet-2.27.jar:/home/user/.m2/repository/org/glassfish/hk2/guice-bridge/2.5.0/guice-bridge-2.5.0.jar:/home/user/.m2/repository/org/glassfish/jersey/core/jersey-server/2.27/jersey-server-2.27.jar:/home/user/.m2/repository/org/glassfish/jersey/core/jersey-client/2.27/jersey-client-2.27.jar:/home/user/.m2/repository/org/glassfish/jersey/media/jersey-media-jaxb/2.27/jersey-media-jaxb-2.27.jar:/home/user/.m2/repository/javax/validation/validation-api/1.1.0.Final/validation-api-1.1.0.Final.jar:/home/user/.m2/repository/org/glassfish/jersey/media/jersey-media-json-jackson/2.27/jersey-media-json-jackson-2.27.jar:/home/user/.m2/repository/org/glassfish/jersey/ext/jersey-entity-filtering/2.27/jersey-entity-filtering-2.27.jar:/home/user/.m2/repository/com/google/inject/extensions/guice-assistedinject/4.0/guice-assistedinject-4.0.jar:/home/user/.m2/repository/org/jooq/jooq/3.11.10/jooq-3.11.10.jar:/home/user/.m2/repository/org/jooq/jooq-meta/3.11.10/jooq-meta-3.11.10.jar:/home/user/.m2/repository/org/jooq/jooq-codegen/3.11.10/jooq-codegen-3.11.10.jar:/home/user/.m2/repository/com/jolbox/bonecp/0.8.0.RELEASE/bonecp-0.8.0.RELEASE.jar:/home/user/.m2/repository/org/xerial/sqlite-jdbc/3.25.2/sqlite-jdbc-3.25.2.jar:/home/user/.m2/repository/org/springframework/spring-jdbc/5.1.3.RELEASE/spring-jdbc-5.1.3.RELEASE.jar:/home/user/.m2/repository/org/springframework/spring-beans/5.1.3.RELEASE/spring-beans-5.1.3.RELEASE.jar:/home/user/.m2/repository/org/springframework/spring-core/5.1.3.RELEASE/spring-core-5.1.3.RELEASE.jar:/home/user/.m2/repository/org/springframework/spring-jcl/5.1.3.RELEASE/spring-jcl-5.1.3.RELEASE.jar:/home/user/.m2/repository/org/springframework/spring-tx/5.1.3.RELEASE/spring-tx-5.1.3.RELEASE.jar:/home/user/.m2/repository/org/apache/hadoop/hadoop-ozone-client/0.5.0-SNAPSHOT/hadoop-ozone-client-0.5.0-SNAPSHOT.jar:/home/user/.m2/repository/commons-lang/commons-lang/2.6/commons-lang-2.6.jar:/home/user/.m2/repository/org/apache/hadoop/hadoop-ozone-ozone-manager/0.5.0-SNAPSHOT/hadoop-ozone-ozone-manager-0.5.0-SNAPSHOT-tests.jar:/home/user/.m2/repository/junit/junit/4.11/junit-4.11.jar:/home/user/.m2/repository/org/hamcrest/hamcrest-core/1.3/hamcrest-core-1.3.jar:/home/user/.m2/repository/org/openjdk/jmh/jmh-core/1.19/jmh-core-1.19.jar:/home/user/.m2/repository/net/sf/jopt-simple/jopt-simple/4.6/jopt-simple-4.6.jar:/home/user/.m2/repository/org/apache/commons/commons-math3/3.1.1/commons-math3-3.1.1.jar:/home/user/.m2/repository/org/openjdk/jmh/jmh-generator-annprocess/1.19/jmh-generator-annprocess-1.19.jar:/home/user/.m2/repository/org/mockito/mockito-all/1.8.5/mockito-all-1.8.5.jar:/home/user/.m2/repository/org/apache/hadoop/hadoop-kms/3.2.0/hadoop-kms-3.2.0.jar:/home/user/.m2/repository/org/apache/hadoop/hadoop-auth/3.2.0/hadoop-auth-3.2.0.jar:/home/user/.m2/repository/com/nimbusds/nimbus-jose-jwt/4.41.1/nimbus-jose-jwt-4.41.1.jar:/home/user/.m2/repository/com/github/stephenc/jcip/jcip-annotations/1.0-1/jcip-annotations-1.0-1.jar:/home/user/.m2/repository/net/minidev/json-smart/2.3/json-smart-2.3.jar:/home/user/.m2/repository/net/minidev/accessors-smart/1.2/accessors-smart-1.2.jar:/home/user/.m2/repository/org/ow2/asm/asm/5.0.4/asm-5.0.4.jar:/home/user/.m2/repository/org/apache/curator/curator-framework/2.12.0/curator-framework-2.12.0.jar:/home/user/.m2/repository/com/sun/jersey/jersey-core/1.19/jersey-core-1.19.jar:/home/user/.m2/repository/javax/ws/rs/jsr311-api/1.1.1/jsr311-api-1.1.1.jar:/home/user/.m2/repository/com/sun/jersey/jersey-server/1.19/jersey-server-1.19.jar:/home/user/.m2/repository/javax/servlet/javax.servlet-api/3.1.0/javax.servlet-api-3.1.0.jar:/home/user/.m2/repository/org/eclipse/jetty/jetty-server/9.3.25.v20180904/jetty-server-9.3.25.v20180904.jar:/home/user/.m2/repository/org/eclipse/jetty/jetty-http/9.3.25.v20180904/jetty-http-9.3.25.v20180904.jar:/home/user/.m2/repository/org/eclipse/jetty/jetty-io/9.3.25.v20180904/jetty-io-9.3.25.v20180904.jar:/home/user/.m2/repository/org/eclipse/jetty/jetty-webapp/9.3.25.v20180904/jetty-webapp-9.3.25.v20180904.jar:/home/user/.m2/repository/org/eclipse/jetty/jetty-xml/9.3.25.v20180904/jetty-xml-9.3.25.v20180904.jar:/home/user/.m2/repository/log4j/log4j/1.2.17/log4j-1.2.17.jar:/home/user/.m2/repository/org/slf4j/slf4j-api/1.7.25/slf4j-api-1.7.25.jar:/home/user/.m2/repository/org/slf4j/jul-to-slf4j/1.7.25/jul-to-slf4j-1.7.25.jar:/home/user/.m2/repository/org/eclipse/jetty/jetty-util/9.3.25.v20180904/jetty-util-9.3.25.v20180904.jar:/home/user/.m2/repository/com/fasterxml/jackson/core/jackson-databind/2.9.9/jackson-databind-2.9.9.jar:/home/user/.m2/repository/org/apache/hadoop/hadoop-kms/3.2.0/hadoop-kms-3.2.0-tests.jar:/home/user/.m2/repository/org/apache/hadoop/hadoop-hdds-server-scm/0.5.0-SNAPSHOT/hadoop-hdds-server-scm-0.5.0-SNAPSHOT-tests.jar:/home/user/.m2/repository/org/apache/hadoop/hadoop-hdds-container-service/0.5.0-SNAPSHOT/hadoop-hdds-container-service-0.5.0-SNAPSHOT-tests.jar:/home/user/.m2/repository/org/yaml/snakeyaml/1.16/snakeyaml-1.16.jar:/home/user/.m2/repository/org/apache/hadoop/hadoop-common/3.2.0/hadoop-common-3.2.0-tests.jar:/home/user/.m2/repository/org/apache/hadoop/hadoop-annotations/3.2.0/hadoop-annotations-3.2.0.jar:/usr/lib/jvm/java-1.8-openjdk/jre/../lib/tools.jar:/home/user/.m2/repository/commons-cli/commons-cli/1.2/commons-cli-1.2.jar:/home/user/.m2/repository/org/apache/httpcomponents/httpclient/4.5.2/httpclient-4.5.2.jar:/home/user/.m2/repository/org/apache/httpcomponents/httpcore/4.4.4/httpcore-4.4.4.jar:/home/user/.m2/repository/commons-codec/commons-codec/1.11/commons-codec-1.11.jar:/home/user/.m2/repository/commons-net/commons-net/3.6/commons-net-3.6.jar:/home/user/.m2/repository/commons-collections/commons-collections/3.2.2/commons-collections-3.2.2.jar:/home/user/.m2/repository/org/eclipse/jetty/jetty-servlet/9.3.25.v20180904/jetty-servlet-9.3.25.v20180904.jar:/home/user/.m2/repository/org/eclipse/jetty/jetty-security/9.3.25.v20180904/jetty-security-9.3.25.v20180904.jar:/home/user/.m2/repository/javax/servlet/jsp/jsp-api/2.1/jsp-api-2.1.jar:/home/user/.m2/repository/com/sun/jersey/jersey-servlet/1.19/jersey-servlet-1.19.jar:/home/user/.m2/repository/com/sun/jersey/jersey-json/1.19/jersey-json-1.19.jar:/home/user/.m2/repository/org/codehaus/jettison/jettison/1.1/jettison-1.1.jar:/home/user/.m2/repository/org/codehaus/jackson/jackson-core-asl/1.9.13/jackson-core-asl-1.9.13.jar:/home/user/.m2/repository/org/codehaus/jackson/jackson-mapper-asl/1.9.13/jackson-mapper-asl-1.9.13.jar:/home/user/.m2/repository/org/codehaus/jackson/jackson-jaxrs/1.9.13/jackson-jaxrs-1.9.13.jar:/home/user/.m2/repository/org/codehaus/jackson/jackson-xc/1.9.13/jackson-xc-1.9.13.jar:/home/user/.m2/repository/commons-logging/commons-logging/1.1.3/commons-logging-1.1.3.jar:/home/user/.m2/repository/commons-beanutils/commons-beanutils/1.9.4/commons-beanutils-1.9.4.jar:/home/user/.m2/repository/org/apache/commons/commons-configuration2/2.1.1/commons-configuration2-2.1.1.jar:/home/user/.m2/repository/org/apache/commons/commons-lang3/3.7/commons-lang3-3.7.jar:/home/user/.m2/repository/org/apache/commons/commons-text/1.4/commons-text-1.4.jar:/home/user/.m2/repository/org/apache/avro/avro/1.7.7/avro-1.7.7.jar:/home/user/.m2/repository/com/thoughtworks/paranamer/paranamer/2.3/paranamer-2.3.jar:/home/user/.m2/repository/org/xerial/snappy/snappy-java/1.0.5/snappy-java-1.0.5.jar:/home/user/.m2/repository/com/google/re2j/re2j/1.1/re2j-1.1.jar:/home/user/.m2/repository/com/google/code/gson/gson/2.2.4/gson-2.2.4.jar:/home/user/.m2/repository/com/jcraft/jsch/0.1.54/jsch-0.1.54.jar:/home/user/.m2/repository/org/apache/curator/curator-client/2.12.0/curator-client-2.12.0.jar:/home/user/.m2/repository/org/apache/curator/curator-recipes/2.12.0/curator-recipes-2.12.0.jar:/home/user/.m2/repository/com/google/code/findbugs/jsr305/3.0.0/jsr305-3.0.0.jar:/home/user/.m2/repository/org/apache/htrace/htrace-core4/4.1.0-incubating/htrace-core4-4.1.0-incubating.jar:/home/user/.m2/repository/org/apache/zookeeper/zookeeper/3.4.13/zookeeper-3.4.13.jar:/home/user/.m2/repository/jline/jline/0.9.94/jline-0.9.94.jar:/home/user/.m2/repository/org/apache/yetus/audience-annotations/0.5.0/audience-annotations-0.5.0.jar:/home/user/.m2/repository/org/codehaus/woodstox/stax2-api/3.1.4/stax2-api-3.1.4.jar:/home/user/.m2/repository/com/fasterxml/woodstox/woodstox-core/5.0.3/woodstox-core-5.0.3.jar:/home/user/.m2/repository/dnsjava/dnsjava/2.1.7/dnsjava-2.1.7.jar:/home/user/.m2/repository/org/apache/hadoop/hadoop-hdfs/3.2.0/hadoop-hdfs-3.2.0-tests.jar:/home/user/.m2/repository/org/eclipse/jetty/jetty-util-ajax/9.3.25.v20180904/jetty-util-ajax-9.3.25.v20180904.jar:/home/user/.m2/repository/commons-daemon/commons-daemon/1.0.13/commons-daemon-1.0.13.jar:/home/user/.m2/repository/io/netty/netty/3.10.5.Final/netty-3.10.5.Final.jar:/home/user/.m2/repository/io/netty/netty-all/4.0.52.Final/netty-all-4.0.52.Final.jar:/home/user/.m2/repository/org/fusesource/leveldbjni/leveldbjni-all/1.8/leveldbjni-all-1.8.jar:"/>
    <property name="java.vm.vendor" value="IcedTea"/>
    <property name="sun.arch.data.model" value="64"/>
    <property name="test.build.dir" value="/workdir/hadoop-ozone/integration-test/target/test-dir"/>
    <property name="test.cache.data" value=""/>
    <property name="java.vendor.url" value="https://icedtea.classpath.org"/>
    <property name="user.timezone" value=""/>
    <property name="java.vm.specification.version" value="1.8"/>
    <property name="os.name" value="Linux"/>
    <property name="test.build.data" value="/workdir/hadoop-ozone/integration-test/target/test-dir"/>
    <property name="user.country" value="US"/>
    <property name="sun.java.launcher" value="SUN_STANDARD"/>
    <property name="sun.boot.library.path" value="/usr/lib/jvm/java-1.8-openjdk/jre/lib/amd64"/>
    <property name="sun.java.command" value="/workdir/hadoop-ozone/integration-test/target/surefire/surefirebooter7135212535081761428.jar /workdir/hadoop-ozone/integration-test/target/surefire 2019-09-30T18-05-56_226-jvmRun1 surefire4066717867589361261tmp surefire_631123909374419222559tmp"/>
    <property name="test" value="!TestMiniChaosOzoneCluster"/>
    <property name="surefire.test.class.path" value="/workdir/hadoop-ozone/integration-test/target/test-classes:/workdir/hadoop-ozone/integration-test/target/classes:/home/user/.m2/repository/org/apache/hadoop/hadoop-ozone-common/0.5.0-SNAPSHOT/hadoop-ozone-common-0.5.0-SNAPSHOT.jar:/home/user/.m2/repository/org/apache/commons/commons-compress/1.4.1/commons-compress-1.4.1.jar:/home/user/.m2/repository/org/tukaani/xz/1.0/xz-1.0.jar:/home/user/.m2/repository/org/apache/hadoop/hadoop-common/3.2.0/hadoop-common-3.2.0.jar:/home/user/.m2/repository/org/apache/hadoop/hadoop-hdfs/3.2.0/hadoop-hdfs-3.2.0.jar:/home/user/.m2/repository/org/apache/hadoop/hadoop-hdfs-client/3.2.0/hadoop-hdfs-client-3.2.0.jar:/home/user/.m2/repository/com/fasterxml/jackson/core/jackson-annotations/2.9.9/jackson-annotations-2.9.9.jar:/home/user/.m2/repository/org/apache/hadoop/hadoop-hdds-common/0.5.0-SNAPSHOT/hadoop-hdds-common-0.5.0-SNAPSHOT.jar:/home/user/.m2/repository/javax/annotation/javax.annotation-api/1.2/javax.annotation-api-1.2.jar:/home/user/.m2/repository/org/apache/ratis/ratis-server/0.4.0/ratis-server-0.4.0.jar:/home/user/.m2/repository/org/apache/ratis/ratis-thirdparty-misc/0.2.0/ratis-thirdparty-misc-0.2.0.jar:/home/user/.m2/repository/org/apache/ratis/ratis-proto/0.4.0/ratis-proto-0.4.0.jar:/home/user/.m2/repository/org/apache/ratis/ratis-common/0.4.0/ratis-common-0.4.0.jar:/home/user/.m2/repository/org/apache/ratis/ratis-client/0.4.0/ratis-client-0.4.0.jar:/home/user/.m2/repository/org/apache/ratis/ratis-metrics/0.4.0/ratis-metrics-0.4.0.jar:/home/user/.m2/repository/com/github/joshelser/dropwizard-metrics-hadoop-metrics2-reporter/0.1.2/dropwizard-metrics-hadoop-metrics2-reporter-0.1.2.jar:/home/user/.m2/repository/io/dropwizard/metrics/metrics-jvm/3.2.5/metrics-jvm-3.2.5.jar:/home/user/.m2/repository/io/dropwizard/metrics/metrics-ganglia/3.2.5/metrics-ganglia-3.2.5.jar:/home/user/.m2/repository/info/ganglia/gmetric4j/gmetric4j/1.0.7/gmetric4j-1.0.7.jar:/home/user/.m2/repository/org/apache/ratis/ratis-netty/0.4.0/ratis-netty-0.4.0.jar:/home/user/.m2/repository/org/apache/ratis/ratis-grpc/0.4.0/ratis-grpc-0.4.0.jar:/home/user/.m2/repository/org/rocksdb/rocksdbjni/6.0.1/rocksdbjni-6.0.1.jar:/home/user/.m2/repository/org/apache/logging/log4j/log4j-api/2.11.0/log4j-api-2.11.0.jar:/home/user/.m2/repository/org/apache/logging/log4j/log4j-core/2.11.0/log4j-core-2.11.0.jar:/home/user/.m2/repository/com/lmax/disruptor/3.4.2/disruptor-3.4.2.jar:/home/user/.m2/repository/org/apache/commons/commons-pool2/2.6.0/commons-pool2-2.6.0.jar:/home/user/.m2/repository/org/bouncycastle/bcpkix-jdk15on/1.60/bcpkix-jdk15on-1.60.jar:/home/user/.m2/repository/commons-validator/commons-validator/1.6/commons-validator-1.6.jar:/home/user/.m2/repository/commons-digester/commons-digester/1.8.1/commons-digester-1.8.1.jar:/home/user/.m2/repository/io/jaegertracing/jaeger-client/0.34.0/jaeger-client-0.34.0.jar:/home/user/.m2/repository/io/jaegertracing/jaeger-thrift/0.34.0/jaeger-thrift-0.34.0.jar:/home/user/.m2/repository/org/apache/thrift/libthrift/0.12.0/libthrift-0.12.0.jar:/home/user/.m2/repository/com/squareup/okhttp3/okhttp/3.9.0/okhttp-3.9.0.jar:/home/user/.m2/repository/com/squareup/okio/okio/1.13.0/okio-1.13.0.jar:/home/user/.m2/repository/io/jaegertracing/jaeger-core/0.34.0/jaeger-core-0.34.0.jar:/home/user/.m2/repository/io/jaegertracing/jaeger-tracerresolver/0.34.0/jaeger-tracerresolver-0.34.0.jar:/home/user/.m2/repository/io/opentracing/contrib/opentracing-tracerresolver/0.1.5/opentracing-tracerresolver-0.1.5.jar:/home/user/.m2/repository/io/opentracing/opentracing-util/0.31.0/opentracing-util-0.31.0.jar:/home/user/.m2/repository/io/opentracing/opentracing-api/0.31.0/opentracing-api-0.31.0.jar:/home/user/.m2/repository/io/opentracing/opentracing-noop/0.31.0/opentracing-noop-0.31.0.jar:/home/user/.m2/repository/org/apache/hadoop/hadoop-hdds-server-framework/0.5.0-SNAPSHOT/hadoop-hdds-server-framework-0.5.0-SNAPSHOT.jar:/home/user/.m2/repository/org/apache/hadoop/hadoop-hdds-container-service/0.5.0-SNAPSHOT/hadoop-hdds-container-service-0.5.0-SNAPSHOT.jar:/home/user/.m2/repository/org/apache/hadoop/hadoop-hdds-client/0.5.0-SNAPSHOT/hadoop-hdds-client-0.5.0-SNAPSHOT.jar:/home/user/.m2/repository/org/apache/hadoop/hadoop-hdds-tools/0.5.0-SNAPSHOT/hadoop-hdds-tools-0.5.0-SNAPSHOT.jar:/home/user/.m2/repository/org/apache/hadoop/hadoop-hdds-server-scm/0.5.0-SNAPSHOT/hadoop-hdds-server-scm-0.5.0-SNAPSHOT.jar:/home/user/.m2/repository/org/apache/hadoop/hadoop-hdds-docs/0.5.0-SNAPSHOT/hadoop-hdds-docs-0.5.0-SNAPSHOT.jar:/home/user/.m2/repository/io/dropwizard/metrics/metrics-core/3.2.4/metrics-core-3.2.4.jar:/home/user/.m2/repository/org/hamcrest/hamcrest-all/1.3/hamcrest-all-1.3.jar:/home/user/.m2/repository/org/bouncycastle/bcprov-jdk15on/1.60/bcprov-jdk15on-1.60.jar:/home/user/.m2/repository/info/picocli/picocli/3.9.6/picocli-3.9.6.jar:/home/user/.m2/repository/com/google/protobuf/protobuf-java/2.5.0/protobuf-java-2.5.0.jar:/home/user/.m2/repository/com/google/guava/guava/11.0.2/guava-11.0.2.jar:/home/user/.m2/repository/org/apache/hadoop/hadoop-ozone-ozone-manager/0.5.0-SNAPSHOT/hadoop-ozone-ozone-manager-0.5.0-SNAPSHOT.jar:/home/user/.m2/repository/org/apache/hadoop/hadoop-minikdc/3.2.0/hadoop-minikdc-3.2.0.jar:/home/user/.m2/repository/commons-io/commons-io/2.5/commons-io-2.5.jar:/home/user/.m2/repository/org/apache/kerby/kerb-simplekdc/1.0.1/kerb-simplekdc-1.0.1.jar:/home/user/.m2/repository/org/apache/kerby/kerb-client/1.0.1/kerb-client-1.0.1.jar:/home/user/.m2/repository/org/apache/kerby/kerby-config/1.0.1/kerby-config-1.0.1.jar:/home/user/.m2/repository/org/apache/kerby/kerb-core/1.0.1/kerb-core-1.0.1.jar:/home/user/.m2/repository/org/apache/kerby/kerby-pkix/1.0.1/kerby-pkix-1.0.1.jar:/home/user/.m2/repository/org/apache/kerby/kerby-asn1/1.0.1/kerby-asn1-1.0.1.jar:/home/user/.m2/repository/org/apache/kerby/kerby-util/1.0.1/kerby-util-1.0.1.jar:/home/user/.m2/repository/org/apache/kerby/kerb-common/1.0.1/kerb-common-1.0.1.jar:/home/user/.m2/repository/org/apache/kerby/kerb-crypto/1.0.1/kerb-crypto-1.0.1.jar:/home/user/.m2/repository/org/apache/kerby/kerb-util/1.0.1/kerb-util-1.0.1.jar:/home/user/.m2/repository/org/apache/kerby/token-provider/1.0.1/token-provider-1.0.1.jar:/home/user/.m2/repository/org/apache/kerby/kerb-admin/1.0.1/kerb-admin-1.0.1.jar:/home/user/.m2/repository/org/apache/kerby/kerb-server/1.0.1/kerb-server-1.0.1.jar:/home/user/.m2/repository/org/apache/kerby/kerb-identity/1.0.1/kerb-identity-1.0.1.jar:/home/user/.m2/repository/org/apache/kerby/kerby-xdr/1.0.1/kerby-xdr-1.0.1.jar:/home/user/.m2/repository/org/slf4j/slf4j-log4j12/1.7.25/slf4j-log4j12-1.7.25.jar:/home/user/.m2/repository/org/apache/hadoop/hadoop-ozone-s3gateway/0.5.0-SNAPSHOT/hadoop-ozone-s3gateway-0.5.0-SNAPSHOT.jar:/home/user/.m2/repository/org/jboss/weld/servlet/weld-servlet/2.4.7.Final/weld-servlet-2.4.7.Final.jar:/home/user/.m2/repository/org/glassfish/jersey/containers/jersey-container-servlet-core/2.27/jersey-container-servlet-core-2.27.jar:/home/user/.m2/repository/org/glassfish/hk2/external/javax.inject/2.5.0-b42/javax.inject-2.5.0-b42.jar:/home/user/.m2/repository/org/glassfish/jersey/core/jersey-common/2.27/jersey-common-2.27.jar:/home/user/.m2/repository/org/glassfish/hk2/osgi-resource-locator/1.0.1/osgi-resource-locator-1.0.1.jar:/home/user/.m2/repository/javax/ws/rs/javax.ws.rs-api/2.1/javax.ws.rs-api-2.1.jar:/home/user/.m2/repository/org/glassfish/jersey/ext/cdi/jersey-cdi1x/2.27/jersey-cdi1x-2.27.jar:/home/user/.m2/repository/org/glassfish/jersey/inject/jersey-hk2/2.27/jersey-hk2-2.27.jar:/home/user/.m2/repository/org/glassfish/hk2/hk2-locator/2.5.0-b42/hk2-locator-2.5.0-b42.jar:/home/user/.m2/repository/org/javassist/javassist/3.22.0-CR2/javassist-3.22.0-CR2.jar:/home/user/.m2/repository/org/glassfish/hk2/hk2-api/2.5.0/hk2-api-2.5.0.jar:/home/user/.m2/repository/org/glassfish/hk2/external/jakarta.inject/2.5.0/jakarta.inject-2.5.0.jar:/home/user/.m2/repository/org/glassfish/hk2/hk2-utils/2.5.0/hk2-utils-2.5.0.jar:/home/user/.m2/repository/jakarta/annotation/jakarta.annotation-api/1.3.4/jakarta.annotation-api-1.3.4.jar:/home/user/.m2/repository/org/glassfish/hk2/external/aopalliance-repackaged/2.5.0/aopalliance-repackaged-2.5.0.jar:/home/user/.m2/repository/com/fasterxml/jackson/dataformat/jackson-dataformat-xml/2.9.0/jackson-dataformat-xml-2.9.0.jar:/home/user/.m2/repository/com/fasterxml/jackson/core/jackson-core/2.9.9/jackson-core-2.9.9.jar:/home/user/.m2/repository/com/fasterxml/jackson/module/jackson-module-jaxb-annotations/2.9.9/jackson-module-jaxb-annotations-2.9.9.jar:/home/user/.m2/repository/javax/enterprise/cdi-api/1.2/cdi-api-1.2.jar:/home/user/.m2/repository/javax/el/javax.el-api/3.0.0/javax.el-api-3.0.0.jar:/home/user/.m2/repository/javax/interceptor/javax.interceptor-api/1.2/javax.interceptor-api-1.2.jar:/home/user/.m2/repository/javax/inject/javax.inject/1/javax.inject-1.jar:/home/user/.m2/repository/com/sun/xml/bind/jaxb-impl/2.3.0.1/jaxb-impl-2.3.0.1.jar:/home/user/.m2/repository/com/sun/xml/bind/jaxb-core/2.3.0.1/jaxb-core-2.3.0.1.jar:/home/user/.m2/repository/javax/xml/bind/jaxb-api/2.3.0/jaxb-api-2.3.0.jar:/home/user/.m2/repository/javax/activation/activation/1.1.1/activation-1.1.1.jar:/home/user/.m2/repository/org/apache/hadoop/hadoop-ozone-csi/0.5.0-SNAPSHOT/hadoop-ozone-csi-0.5.0-SNAPSHOT.jar:/home/user/.m2/repository/com/google/protobuf/protobuf-java-util/3.5.1/protobuf-java-util-3.5.1.jar:/home/user/.m2/repository/org/apache/hadoop/hadoop-hdds-config/0.5.0-SNAPSHOT/hadoop-hdds-config-0.5.0-SNAPSHOT.jar:/home/user/.m2/repository/io/grpc/grpc-netty/1.17.1/grpc-netty-1.17.1.jar:/home/user/.m2/repository/io/grpc/grpc-core/1.17.1/grpc-core-1.17.1.jar:/home/user/.m2/repository/io/grpc/grpc-context/1.17.1/grpc-context-1.17.1.jar:/home/user/.m2/repository/com/google/errorprone/error_prone_annotations/2.2.0/error_prone_annotations-2.2.0.jar:/home/user/.m2/repository/org/codehaus/mojo/animal-sniffer-annotations/1.17/animal-sniffer-annotations-1.17.jar:/home/user/.m2/repository/io/opencensus/opencensus-api/0.17.0/opencensus-api-0.17.0.jar:/home/user/.m2/repository/io/opencensus/opencensus-contrib-grpc-metrics/0.17.0/opencensus-contrib-grpc-metrics-0.17.0.jar:/home/user/.m2/repository/io/netty/netty-codec-http2/4.1.30.Final/netty-codec-http2-4.1.30.Final.jar:/home/user/.m2/repository/io/netty/netty-codec-http/4.1.30.Final/netty-codec-http-4.1.30.Final.jar:/home/user/.m2/repository/io/netty/netty-codec/4.1.30.Final/netty-codec-4.1.30.Final.jar:/home/user/.m2/repository/io/netty/netty-handler/4.1.30.Final/netty-handler-4.1.30.Final.jar:/home/user/.m2/repository/io/netty/netty-handler-proxy/4.1.30.Final/netty-handler-proxy-4.1.30.Final.jar:/home/user/.m2/repository/io/netty/netty-codec-socks/4.1.30.Final/netty-codec-socks-4.1.30.Final.jar:/home/user/.m2/repository/io/netty/netty-transport-native-epoll/4.1.30.Final/netty-transport-native-epoll-4.1.30.Final.jar:/home/user/.m2/repository/io/netty/netty-common/4.1.30.Final/netty-common-4.1.30.Final.jar:/home/user/.m2/repository/io/netty/netty-buffer/4.1.30.Final/netty-buffer-4.1.30.Final.jar:/home/user/.m2/repository/io/netty/netty-transport/4.1.30.Final/netty-transport-4.1.30.Final.jar:/home/user/.m2/repository/io/netty/netty-resolver/4.1.30.Final/netty-resolver-4.1.30.Final.jar:/home/user/.m2/repository/io/netty/netty-transport-native-unix-common/4.1.30.Final/netty-transport-native-unix-common-4.1.30.Final.jar:/home/user/.m2/repository/io/grpc/grpc-protobuf/1.17.1/grpc-protobuf-1.17.1.jar:/home/user/.m2/repository/com/google/api/grpc/proto-google-common-protos/1.0.0/proto-google-common-protos-1.0.0.jar:/home/user/.m2/repository/io/grpc/grpc-protobuf-lite/1.17.1/grpc-protobuf-lite-1.17.1.jar:/home/user/.m2/repository/io/grpc/grpc-stub/1.17.1/grpc-stub-1.17.1.jar:/home/user/.m2/repository/org/apache/hadoop/hadoop-ozone-recon/0.5.0-SNAPSHOT/hadoop-ozone-recon-0.5.0-SNAPSHOT.jar:/home/user/.m2/repository/org/apache/hadoop/hadoop-ozone-reconcodegen/0.5.0-SNAPSHOT/hadoop-ozone-reconcodegen-0.5.0-SNAPSHOT.jar:/home/user/.m2/repository/com/google/inject/extensions/guice-multibindings/4.0/guice-multibindings-4.0.jar:/home/user/.m2/repository/com/google/inject/guice/4.0/guice-4.0.jar:/home/user/.m2/repository/aopalliance/aopalliance/1.0/aopalliance-1.0.jar:/home/user/.m2/repository/com/google/inject/extensions/guice-servlet/4.0/guice-servlet-4.0.jar:/home/user/.m2/repository/org/glassfish/jersey/containers/jersey-container-servlet/2.27/jersey-container-servlet-2.27.jar:/home/user/.m2/repository/org/glassfish/hk2/guice-bridge/2.5.0/guice-bridge-2.5.0.jar:/home/user/.m2/repository/org/glassfish/jersey/core/jersey-server/2.27/jersey-server-2.27.jar:/home/user/.m2/repository/org/glassfish/jersey/core/jersey-client/2.27/jersey-client-2.27.jar:/home/user/.m2/repository/org/glassfish/jersey/media/jersey-media-jaxb/2.27/jersey-media-jaxb-2.27.jar:/home/user/.m2/repository/javax/validation/validation-api/1.1.0.Final/validation-api-1.1.0.Final.jar:/home/user/.m2/repository/org/glassfish/jersey/media/jersey-media-json-jackson/2.27/jersey-media-json-jackson-2.27.jar:/home/user/.m2/repository/org/glassfish/jersey/ext/jersey-entity-filtering/2.27/jersey-entity-filtering-2.27.jar:/home/user/.m2/repository/com/google/inject/extensions/guice-assistedinject/4.0/guice-assistedinject-4.0.jar:/home/user/.m2/repository/org/jooq/jooq/3.11.10/jooq-3.11.10.jar:/home/user/.m2/repository/org/jooq/jooq-meta/3.11.10/jooq-meta-3.11.10.jar:/home/user/.m2/repository/org/jooq/jooq-codegen/3.11.10/jooq-codegen-3.11.10.jar:/home/user/.m2/repository/com/jolbox/bonecp/0.8.0.RELEASE/bonecp-0.8.0.RELEASE.jar:/home/user/.m2/repository/org/xerial/sqlite-jdbc/3.25.2/sqlite-jdbc-3.25.2.jar:/home/user/.m2/repository/org/springframework/spring-jdbc/5.1.3.RELEASE/spring-jdbc-5.1.3.RELEASE.jar:/home/user/.m2/repository/org/springframework/spring-beans/5.1.3.RELEASE/spring-beans-5.1.3.RELEASE.jar:/home/user/.m2/repository/org/springframework/spring-core/5.1.3.RELEASE/spring-core-5.1.3.RELEASE.jar:/home/user/.m2/repository/org/springframework/spring-jcl/5.1.3.RELEASE/spring-jcl-5.1.3.RELEASE.jar:/home/user/.m2/repository/org/springframework/spring-tx/5.1.3.RELEASE/spring-tx-5.1.3.RELEASE.jar:/home/user/.m2/repository/org/apache/hadoop/hadoop-ozone-client/0.5.0-SNAPSHOT/hadoop-ozone-client-0.5.0-SNAPSHOT.jar:/home/user/.m2/repository/commons-lang/commons-lang/2.6/commons-lang-2.6.jar:/home/user/.m2/repository/org/apache/hadoop/hadoop-ozone-ozone-manager/0.5.0-SNAPSHOT/hadoop-ozone-ozone-manager-0.5.0-SNAPSHOT-tests.jar:/home/user/.m2/repository/junit/junit/4.11/junit-4.11.jar:/home/user/.m2/repository/org/hamcrest/hamcrest-core/1.3/hamcrest-core-1.3.jar:/home/user/.m2/repository/org/openjdk/jmh/jmh-core/1.19/jmh-core-1.19.jar:/home/user/.m2/repository/net/sf/jopt-simple/jopt-simple/4.6/jopt-simple-4.6.jar:/home/user/.m2/repository/org/apache/commons/commons-math3/3.1.1/commons-math3-3.1.1.jar:/home/user/.m2/repository/org/openjdk/jmh/jmh-generator-annprocess/1.19/jmh-generator-annprocess-1.19.jar:/home/user/.m2/repository/org/mockito/mockito-all/1.8.5/mockito-all-1.8.5.jar:/home/user/.m2/repository/org/apache/hadoop/hadoop-kms/3.2.0/hadoop-kms-3.2.0.jar:/home/user/.m2/repository/org/apache/hadoop/hadoop-auth/3.2.0/hadoop-auth-3.2.0.jar:/home/user/.m2/repository/com/nimbusds/nimbus-jose-jwt/4.41.1/nimbus-jose-jwt-4.41.1.jar:/home/user/.m2/repository/com/github/stephenc/jcip/jcip-annotations/1.0-1/jcip-annotations-1.0-1.jar:/home/user/.m2/repository/net/minidev/json-smart/2.3/json-smart-2.3.jar:/home/user/.m2/repository/net/minidev/accessors-smart/1.2/accessors-smart-1.2.jar:/home/user/.m2/repository/org/ow2/asm/asm/5.0.4/asm-5.0.4.jar:/home/user/.m2/repository/org/apache/curator/curator-framework/2.12.0/curator-framework-2.12.0.jar:/home/user/.m2/repository/com/sun/jersey/jersey-core/1.19/jersey-core-1.19.jar:/home/user/.m2/repository/javax/ws/rs/jsr311-api/1.1.1/jsr311-api-1.1.1.jar:/home/user/.m2/repository/com/sun/jersey/jersey-server/1.19/jersey-server-1.19.jar:/home/user/.m2/repository/javax/servlet/javax.servlet-api/3.1.0/javax.servlet-api-3.1.0.jar:/home/user/.m2/repository/org/eclipse/jetty/jetty-server/9.3.25.v20180904/jetty-server-9.3.25.v20180904.jar:/home/user/.m2/repository/org/eclipse/jetty/jetty-http/9.3.25.v20180904/jetty-http-9.3.25.v20180904.jar:/home/user/.m2/repository/org/eclipse/jetty/jetty-io/9.3.25.v20180904/jetty-io-9.3.25.v20180904.jar:/home/user/.m2/repository/org/eclipse/jetty/jetty-webapp/9.3.25.v20180904/jetty-webapp-9.3.25.v20180904.jar:/home/user/.m2/repository/org/eclipse/jetty/jetty-xml/9.3.25.v20180904/jetty-xml-9.3.25.v20180904.jar:/home/user/.m2/repository/log4j/log4j/1.2.17/log4j-1.2.17.jar:/home/user/.m2/repository/org/slf4j/slf4j-api/1.7.25/slf4j-api-1.7.25.jar:/home/user/.m2/repository/org/slf4j/jul-to-slf4j/1.7.25/jul-to-slf4j-1.7.25.jar:/home/user/.m2/repository/org/eclipse/jetty/jetty-util/9.3.25.v20180904/jetty-util-9.3.25.v20180904.jar:/home/user/.m2/repository/com/fasterxml/jackson/core/jackson-databind/2.9.9/jackson-databind-2.9.9.jar:/home/user/.m2/repository/org/apache/hadoop/hadoop-kms/3.2.0/hadoop-kms-3.2.0-tests.jar:/home/user/.m2/repository/org/apache/hadoop/hadoop-hdds-server-scm/0.5.0-SNAPSHOT/hadoop-hdds-server-scm-0.5.0-SNAPSHOT-tests.jar:/home/user/.m2/repository/org/apache/hadoop/hadoop-hdds-container-service/0.5.0-SNAPSHOT/hadoop-hdds-container-service-0.5.0-SNAPSHOT-tests.jar:/home/user/.m2/repository/org/yaml/snakeyaml/1.16/snakeyaml-1.16.jar:/home/user/.m2/repository/org/apache/hadoop/hadoop-common/3.2.0/hadoop-common-3.2.0-tests.jar:/home/user/.m2/repository/org/apache/hadoop/hadoop-annotations/3.2.0/hadoop-annotations-3.2.0.jar:/usr/lib/jvm/java-1.8-openjdk/jre/../lib/tools.jar:/home/user/.m2/repository/commons-cli/commons-cli/1.2/commons-cli-1.2.jar:/home/user/.m2/repository/org/apache/httpcomponents/httpclient/4.5.2/httpclient-4.5.2.jar:/home/user/.m2/repository/org/apache/httpcomponents/httpcore/4.4.4/httpcore-4.4.4.jar:/home/user/.m2/repository/commons-codec/commons-codec/1.11/commons-codec-1.11.jar:/home/user/.m2/repository/commons-net/commons-net/3.6/commons-net-3.6.jar:/home/user/.m2/repository/commons-collections/commons-collections/3.2.2/commons-collections-3.2.2.jar:/home/user/.m2/repository/org/eclipse/jetty/jetty-servlet/9.3.25.v20180904/jetty-servlet-9.3.25.v20180904.jar:/home/user/.m2/repository/org/eclipse/jetty/jetty-security/9.3.25.v20180904/jetty-security-9.3.25.v20180904.jar:/home/user/.m2/repository/javax/servlet/jsp/jsp-api/2.1/jsp-api-2.1.jar:/home/user/.m2/repository/com/sun/jersey/jersey-servlet/1.19/jersey-servlet-1.19.jar:/home/user/.m2/repository/com/sun/jersey/jersey-json/1.19/jersey-json-1.19.jar:/home/user/.m2/repository/org/codehaus/jettison/jettison/1.1/jettison-1.1.jar:/home/user/.m2/repository/org/codehaus/jackson/jackson-core-asl/1.9.13/jackson-core-asl-1.9.13.jar:/home/user/.m2/repository/org/codehaus/jackson/jackson-mapper-asl/1.9.13/jackson-mapper-asl-1.9.13.jar:/home/user/.m2/repository/org/codehaus/jackson/jackson-jaxrs/1.9.13/jackson-jaxrs-1.9.13.jar:/home/user/.m2/repository/org/codehaus/jackson/jackson-xc/1.9.13/jackson-xc-1.9.13.jar:/home/user/.m2/repository/commons-logging/commons-logging/1.1.3/commons-logging-1.1.3.jar:/home/user/.m2/repository/commons-beanutils/commons-beanutils/1.9.4/commons-beanutils-1.9.4.jar:/home/user/.m2/repository/org/apache/commons/commons-configuration2/2.1.1/commons-configuration2-2.1.1.jar:/home/user/.m2/repository/org/apache/commons/commons-lang3/3.7/commons-lang3-3.7.jar:/home/user/.m2/repository/org/apache/commons/commons-text/1.4/commons-text-1.4.jar:/home/user/.m2/repository/org/apache/avro/avro/1.7.7/avro-1.7.7.jar:/home/user/.m2/repository/com/thoughtworks/paranamer/paranamer/2.3/paranamer-2.3.jar:/home/user/.m2/repository/org/xerial/snappy/snappy-java/1.0.5/snappy-java-1.0.5.jar:/home/user/.m2/repository/com/google/re2j/re2j/1.1/re2j-1.1.jar:/home/user/.m2/repository/com/google/code/gson/gson/2.2.4/gson-2.2.4.jar:/home/user/.m2/repository/com/jcraft/jsch/0.1.54/jsch-0.1.54.jar:/home/user/.m2/repository/org/apache/curator/curator-client/2.12.0/curator-client-2.12.0.jar:/home/user/.m2/repository/org/apache/curator/curator-recipes/2.12.0/curator-recipes-2.12.0.jar:/home/user/.m2/repository/com/google/code/findbugs/jsr305/3.0.0/jsr305-3.0.0.jar:/home/user/.m2/repository/org/apache/htrace/htrace-core4/4.1.0-incubating/htrace-core4-4.1.0-incubating.jar:/home/user/.m2/repository/org/apache/zookeeper/zookeeper/3.4.13/zookeeper-3.4.13.jar:/home/user/.m2/repository/jline/jline/0.9.94/jline-0.9.94.jar:/home/user/.m2/repository/org/apache/yetus/audience-annotations/0.5.0/audience-annotations-0.5.0.jar:/home/user/.m2/repository/org/codehaus/woodstox/stax2-api/3.1.4/stax2-api-3.1.4.jar:/home/user/.m2/repository/com/fasterxml/woodstox/woodstox-core/5.0.3/woodstox-core-5.0.3.jar:/home/user/.m2/repository/dnsjava/dnsjava/2.1.7/dnsjava-2.1.7.jar:/home/user/.m2/repository/org/apache/hadoop/hadoop-hdfs/3.2.0/hadoop-hdfs-3.2.0-tests.jar:/home/user/.m2/repository/org/eclipse/jetty/jetty-util-ajax/9.3.25.v20180904/jetty-util-ajax-9.3.25.v20180904.jar:/home/user/.m2/repository/commons-daemon/commons-daemon/1.0.13/commons-daemon-1.0.13.jar:/home/user/.m2/repository/io/netty/netty/3.10.5.Final/netty-3.10.5.Final.jar:/home/user/.m2/repository/io/netty/netty-all/4.0.52.Final/netty-all-4.0.52.Final.jar:/home/user/.m2/repository/org/fusesource/leveldbjni/leveldbjni-all/1.8/leveldbjni-all-1.8.jar:"/>
    <property name="sun.cpu.endian" value="little"/>
    <property name="user.home" value="/home/user"/>
    <property name="user.language" value="en"/>
    <property name="java.specification.vendor" value="Oracle Corporation"/>
    <property name="java.home" value="/usr/lib/jvm/java-1.8-openjdk/jre"/>
    <property name="java.security.krb5.conf" value="/workdir/hadoop-ozone/integration-test/target/test-classes/krb5.conf"/>
    <property name="basedir" value="/workdir/hadoop-ozone/integration-test"/>
    <property name="file.separator" value="/"/>
    <property name="line.separator" value="&#10;"/>
    <property name="java.vm.specification.vendor" value="Oracle Corporation"/>
    <property name="java.specification.name" value="Java Platform API Specification"/>
    <property name="java.awt.graphicsenv" value="sun.awt.X11GraphicsEnvironment"/>
    <property name="surefire.real.class.path" value="/workdir/hadoop-ozone/integration-test/target/surefire/surefirebooter7135212535081761428.jar"/>
    <property name="hadoop.log.dir" value="/workdir/hadoop-ozone/integration-test/target/log"/>
    <property name="sun.boot.class.path" value="/usr/lib/jvm/java-1.8-openjdk/jre/lib/resources.jar:/usr/lib/jvm/java-1.8-openjdk/jre/lib/rt.jar:/usr/lib/jvm/java-1.8-openjdk/jre/lib/sunrsasign.jar:/usr/lib/jvm/java-1.8-openjdk/jre/lib/jsse.jar:/usr/lib/jvm/java-1.8-openjdk/jre/lib/jce.jar:/usr/lib/jvm/java-1.8-openjdk/jre/lib/charsets.jar:/usr/lib/jvm/java-1.8-openjdk/jre/lib/jfr.jar:/usr/lib/jvm/java-1.8-openjdk/jre/classes"/>
    <property name="sun.management.compiler" value="HotSpot 64-Bit Tiered Compilers"/>
    <property name="java.runtime.version" value="1.8.0_212-b04"/>
    <property name="java.net.preferIPv4Stack" value="true"/>
    <property name="user.name" value="jenkins1000"/>
    <property name="path.separator" value=":"/>
    <property name="java.security.egd" value="file:///dev/urandom"/>
    <property name="os.version" value="3.10.0-957.12.2.el7.x86_64"/>
    <property name="java.endorsed.dirs" value="/usr/lib/jvm/java-1.8-openjdk/jre/lib/endorsed"/>
    <property name="java.runtime.name" value="OpenJDK Runtime Environment"/>
    <property name="file.encoding" value="UTF-8"/>
    <property name="java.vm.name" value="OpenJDK 64-Bit Server VM"/>
    <property name="test.build.webapps" value=""/>
    <property name="localRepository" value="/home/user/.m2/repository"/>
    <property name="java.vendor.url.bug" value="https://icedtea.classpath.org/bugzilla"/>
    <property name="java.io.tmpdir" value="/tmp"/>
    <property name="require.test.libhadoop" value=""/>
    <property name="java.version" value="1.8.0_212"/>
    <property name="user.dir" value="/workdir/hadoop-ozone/integration-test"/>
    <property name="os.arch" value="amd64"/>
    <property name="java.vm.specification.name" value="Java Virtual Machine Specification"/>
    <property name="test.build.classes" value="/workdir/hadoop-ozone/integration-test/target/test-classes"/>
    <property name="java.awt.printerjob" value="sun.print.PSPrinterJob"/>
    <property name="sun.os.patch.level" value="unknown"/>
    <property name="hadoop.tmp.dir" value="/workdir/hadoop-ozone/integration-test/target/tmp"/>
    <property name="java.library.path" value="/usr/lib/jvm/java-1.8-openjdk/jre/lib/amd64/server:/usr/lib/jvm/java-1.8-openjdk/jre/lib/amd64:/usr/lib/jvm/java-1.8-openjdk/jre/../lib/amd64:/workdir/hadoop-ozone/integration-test/target/native/target/usr/local/lib:/workdir/hadoop-ozone/integration-test/../../hadoop-common-project/hadoop-common/target/native/target/usr/local/lib:/usr/java/packages/lib/amd64:/usr/lib64:/lib64:/lib:/usr/lib"/>
    <property name="java.vm.info" value="mixed mode"/>
    <property name="java.vendor" value="IcedTea"/>
    <property name="java.vm.version" value="25.212-b04"/>
    <property name="java.ext.dirs" value="/usr/lib/jvm/java-1.8-openjdk/jre/lib/ext:/usr/java/packages/lib/ext"/>
    <property name="sun.io.unicode.encoding" value="UnicodeLittle"/>
    <property name="java.class.version" value="52.0"/>
  </properties>
  <testcase name="test2DatanodesFailure" classname="org.apache.hadoop.ozone.client.rpc.TestBlockOutputStreamWithFailures" time="113.581"/>
  <testcase name="testDatanodeFailureWithPreAllocation" classname="org.apache.hadoop.ozone.client.rpc.TestBlockOutputStreamWithFailures" time="229.51"/>
  <testcase name="testDatanodeFailureWithSingleNodeRatis" classname="org.apache.hadoop.ozone.client.rpc.TestBlockOutputStreamWithFailures" time="222.852"/>
  <testcase name="testWatchForCommitWithSingleNodeRatis" classname="org.apache.hadoop.ozone.client.rpc.TestBlockOutputStreamWithFailures" time="33.188"/>
  <testcase name="testWatchForCommitDatanodeFailure" classname="org.apache.hadoop.ozone.client.rpc.TestBlockOutputStreamWithFailures" time="50.211">
    <failure message="expected:&lt;2&gt; but was:&lt;3&gt;" type="java.lang.AssertionError"><![CDATA[java.lang.AssertionError: expected:<2> but was:<3>
	at org.junit.Assert.fail(Assert.java:88)
	at org.junit.Assert.failNotEquals(Assert.java:743)
	at org.junit.Assert.assertEquals(Assert.java:118)
	at org.junit.Assert.assertEquals(Assert.java:555)
	at org.junit.Assert.assertEquals(Assert.java:542)
	at org.apache.hadoop.ozone.client.rpc.TestBlockOutputStreamWithFailures.testWatchForCommitDatanodeFailure(TestBlockOutputStreamWithFailures.java:366)
	at sun.reflect.NativeMethodAccessorImpl.invoke0(Native Method)
	at sun.reflect.NativeMethodAccessorImpl.invoke(NativeMethodAccessorImpl.java:62)
	at sun.reflect.DelegatingMethodAccessorImpl.invoke(DelegatingMethodAccessorImpl.java:43)
	at java.lang.reflect.Method.invoke(Method.java:498)
	at org.junit.runners.model.FrameworkMethod$1.runReflectiveCall(FrameworkMethod.java:47)
	at org.junit.internal.runners.model.ReflectiveCallable.run(ReflectiveCallable.java:12)
	at org.junit.runners.model.FrameworkMethod.invokeExplosively(FrameworkMethod.java:44)
	at org.junit.internal.runners.statements.InvokeMethod.evaluate(InvokeMethod.java:17)
	at org.junit.internal.runners.statements.RunBefores.evaluate(RunBefores.java:26)
	at org.junit.internal.runners.statements.RunAfters.evaluate(RunAfters.java:27)
	at org.junit.runners.ParentRunner.runLeaf(ParentRunner.java:271)
	at org.junit.runners.BlockJUnit4ClassRunner.runChild(BlockJUnit4ClassRunner.java:70)
	at org.junit.runners.BlockJUnit4ClassRunner.runChild(BlockJUnit4ClassRunner.java:50)
	at org.junit.runners.ParentRunner$3.run(ParentRunner.java:238)
	at org.junit.runners.ParentRunner$1.schedule(ParentRunner.java:63)
	at org.junit.runners.ParentRunner.runChildren(ParentRunner.java:236)
	at org.junit.runners.ParentRunner.access$000(ParentRunner.java:53)
	at org.junit.runners.ParentRunner$2.evaluate(ParentRunner.java:229)
	at org.junit.runners.ParentRunner.run(ParentRunner.java:309)
	at org.apache.maven.surefire.junit4.JUnit4Provider.execute(JUnit4Provider.java:365)
	at org.apache.maven.surefire.junit4.JUnit4Provider.executeWithRerun(JUnit4Provider.java:273)
	at org.apache.maven.surefire.junit4.JUnit4Provider.executeTestSet(JUnit4Provider.java:238)
	at org.apache.maven.surefire.junit4.JUnit4Provider.invoke(JUnit4Provider.java:159)
	at org.apache.maven.surefire.booter.ForkedBooter.invokeProviderInSameClassLoader(ForkedBooter.java:384)
	at org.apache.maven.surefire.booter.ForkedBooter.runSuitesInProcess(ForkedBooter.java:345)
	at org.apache.maven.surefire.booter.ForkedBooter.execute(ForkedBooter.java:126)
	at org.apache.maven.surefire.booter.ForkedBooter.main(ForkedBooter.java:418)
]]></failure>
    <system-out><![CDATA[2019-09-30 19:02:37,678 [main] WARN  server.ServerUtils (ServerUtils.java:getScmDbDir(145)) - ozone.scm.db.dirs is not configured. We recommend adding this setting. Falling back to ozone.metadata.dirs instead.
2019-09-30 19:02:37,682 [main] WARN  server.ServerUtils (ServerUtils.java:getScmDbDir(145)) - ozone.scm.db.dirs is not configured. We recommend adding this setting. Falling back to ozone.metadata.dirs instead.
2019-09-30 19:02:37,683 [main] WARN  server.ServerUtils (ServerUtils.java:getScmDbDir(145)) - ozone.scm.db.dirs is not configured. We recommend adding this setting. Falling back to ozone.metadata.dirs instead.
2019-09-30 19:02:37,683 [main] INFO  db.DBStoreBuilder (DBStoreBuilder.java:addTable(115)) - using custom profile for table: deletedBlocks
2019-09-30 19:02:37,683 [main] INFO  db.DBStoreBuilder (DBStoreBuilder.java:processTables(166)) - Using default column profile:DBProfile.DISK for Table:deletedBlocks
2019-09-30 19:02:37,684 [main] INFO  db.DBStoreBuilder (DBStoreBuilder.java:addTable(115)) - using custom profile for table: validCerts
2019-09-30 19:02:37,684 [main] INFO  db.DBStoreBuilder (DBStoreBuilder.java:processTables(166)) - Using default column profile:DBProfile.DISK for Table:validCerts
2019-09-30 19:02:37,684 [main] INFO  db.DBStoreBuilder (DBStoreBuilder.java:addTable(115)) - using custom profile for table: revokedCerts
2019-09-30 19:02:37,684 [main] INFO  db.DBStoreBuilder (DBStoreBuilder.java:processTables(166)) - Using default column profile:DBProfile.DISK for Table:revokedCerts
2019-09-30 19:02:37,684 [main] INFO  db.DBStoreBuilder (DBStoreBuilder.java:addTable(115)) - using custom profile for table: default
2019-09-30 19:02:37,684 [main] INFO  db.DBStoreBuilder (DBStoreBuilder.java:processTables(172)) - Using default column profile:DBProfile.DISK for Table:default
2019-09-30 19:02:37,685 [main] INFO  db.DBStoreBuilder (DBStoreBuilder.java:getDbProfile(203)) - Using default options. DBProfile.DISK
2019-09-30 19:02:37,852 [main] INFO  net.NodeSchemaLoader (NodeSchemaLoader.java:loadSchemaFromFile(125)) - Loading file from sun.misc.CompoundEnumeration@34c7232c
2019-09-30 19:02:37,852 [main] INFO  net.NodeSchemaLoader (NodeSchemaLoader.java:loadSchema(171)) - Loading network topology layer schema file
2019-09-30 19:02:37,857 [main] INFO  node.SCMNodeManager (SCMNodeManager.java:<init>(114)) - Entering startup safe mode.
2019-09-30 19:02:37,858 [main] INFO  algorithms.ContainerPlacementPolicyFactory (ContainerPlacementPolicyFactory.java:getPolicy(57)) - Create container placement policy of type org.apache.hadoop.hdds.scm.container.placement.algorithms.SCMContainerPlacementRandom
2019-09-30 19:02:37,858 [main] WARN  server.ServerUtils (ServerUtils.java:getScmDbDir(145)) - ozone.scm.db.dirs is not configured. We recommend adding this setting. Falling back to ozone.metadata.dirs instead.
2019-09-30 19:02:37,915 [main] INFO  pipeline.SCMPipelineManager (SCMPipelineManager.java:initializePipelineState(132)) - No pipeline exists in current db
2019-09-30 19:02:37,915 [main] WARN  server.ServerUtils (ServerUtils.java:getScmDbDir(145)) - ozone.scm.db.dirs is not configured. We recommend adding this setting. Falling back to ozone.metadata.dirs instead.
2019-09-30 19:02:37,986 [main] WARN  events.EventQueue (EventQueue.java:fireEvent(183)) - No event handler registered for event TypedEvent{payloadType=SafeModeStatus, name='SafeModeStatus'}
2019-09-30 19:02:37,987 [main] INFO  ipc.CallQueueManager (CallQueueManager.java:<init>(84)) - Using callQueue: class java.util.concurrent.LinkedBlockingQueue, queueCapacity: 2000, scheduler: class org.apache.hadoop.ipc.DefaultRpcScheduler, ipcBackoff: false.
2019-09-30 19:02:37,988 [Socket Reader #1 for port 45486] INFO  ipc.Server (Server.java:run(1074)) - Starting Socket Reader #1 for port 45486
2019-09-30 19:02:37,990 [main] INFO  ipc.CallQueueManager (CallQueueManager.java:<init>(84)) - Using callQueue: class java.util.concurrent.LinkedBlockingQueue, queueCapacity: 2000, scheduler: class org.apache.hadoop.ipc.DefaultRpcScheduler, ipcBackoff: false.
2019-09-30 19:02:37,991 [Socket Reader #1 for port 34442] INFO  ipc.Server (Server.java:run(1074)) - Starting Socket Reader #1 for port 34442
2019-09-30 19:02:37,993 [main] INFO  ipc.CallQueueManager (CallQueueManager.java:<init>(84)) - Using callQueue: class java.util.concurrent.LinkedBlockingQueue, queueCapacity: 2000, scheduler: class org.apache.hadoop.ipc.DefaultRpcScheduler, ipcBackoff: false.
2019-09-30 19:02:37,994 [Socket Reader #1 for port 37579] INFO  ipc.Server (Server.java:run(1074)) - Starting Socket Reader #1 for port 37579
2019-09-30 19:02:37,997 [main] INFO  hdfs.DFSUtil (DFSUtil.java:httpServerTemplateForNNAndJN(1641)) - Starting Web-server for scm at: http://0.0.0.0:0
2019-09-30 19:02:37,998 [main] INFO  server.AuthenticationFilter (AuthenticationFilter.java:constructSecretProvider(240)) - Unable to initialize FileSignerSecretProvider, falling back to use random secrets.
2019-09-30 19:02:37,999 [main] WARN  http.HttpRequestLog (HttpRequestLog.java:getRequestLog(97)) - Jetty request log can only be enabled using Log4j
2019-09-30 19:02:38,001 [main] INFO  http.HttpServer2 (HttpServer2.java:addGlobalFilter(975)) - Added global filter 'safety' (class=org.apache.hadoop.http.HttpServer2$QuotingInputFilter)
2019-09-30 19:02:38,001 [main] INFO  http.HttpServer2 (HttpServer2.java:addFilter(948)) - Added filter static_user_filter (class=org.apache.hadoop.http.lib.StaticUserWebFilter$StaticUserFilter) to context scm
2019-09-30 19:02:38,001 [main] INFO  http.HttpServer2 (HttpServer2.java:addFilter(958)) - Added filter static_user_filter (class=org.apache.hadoop.http.lib.StaticUserWebFilter$StaticUserFilter) to context logs
2019-09-30 19:02:38,001 [main] INFO  http.HttpServer2 (HttpServer2.java:addFilter(958)) - Added filter static_user_filter (class=org.apache.hadoop.http.lib.StaticUserWebFilter$StaticUserFilter) to context static
2019-09-30 19:02:38,003 [main] INFO  server.StorageContainerManager (StorageContainerManager.java:start(770)) - StorageContainerLocationProtocol RPC server is listening at /0.0.0.0:37579
2019-09-30 19:02:38,005 [main] WARN  impl.MetricsConfig (MetricsConfig.java:loadFirst(134)) - Cannot locate configuration: tried hadoop-metrics2-storagecontainermanager.properties,hadoop-metrics2.properties
2019-09-30 19:02:38,006 [main] INFO  impl.MetricsSystemImpl (MetricsSystemImpl.java:startTimer(374)) - Scheduled Metric snapshot period at 10 second(s).
2019-09-30 19:02:38,006 [main] INFO  impl.MetricsSystemImpl (MetricsSystemImpl.java:start(191)) - StorageContainerManager metrics system started
2019-09-30 19:02:38,094 [main] WARN  impl.MetricsSystemImpl (MetricsSystemImpl.java:register(276)) - Sink prometheus already exists!
2019-09-30 19:02:38,183 [main] INFO  server.SCMClientProtocolServer (SCMClientProtocolServer.java:start(150)) - RPC server for Client  is listening at /0.0.0.0:37579
2019-09-30 19:02:38,183 [IPC Server Responder] INFO  ipc.Server (Server.java:run(1314)) - IPC Server Responder: starting
2019-09-30 19:02:38,183 [IPC Server listener on 37579] INFO  ipc.Server (Server.java:run(1153)) - IPC Server listener on 37579: starting
2019-09-30 19:02:38,187 [main] INFO  server.StorageContainerManager (StorageContainerManager.java:start(780)) - ScmBlockLocationProtocol RPC server is listening at /0.0.0.0:34442
2019-09-30 19:02:38,188 [main] INFO  server.SCMBlockProtocolServer (SCMBlockProtocolServer.java:start(146)) - RPC server for Block Protocol is listening at /0.0.0.0:34442
2019-09-30 19:02:38,188 [IPC Server Responder] INFO  ipc.Server (Server.java:run(1314)) - IPC Server Responder: starting
2019-09-30 19:02:38,188 [IPC Server listener on 34442] INFO  ipc.Server (Server.java:run(1153)) - IPC Server listener on 34442: starting
2019-09-30 19:02:38,192 [main] INFO  server.StorageContainerManager (StorageContainerManager.java:start(784)) - ScmDatanodeProtocl RPC server is listening at /0.0.0.0:45486
2019-09-30 19:02:38,192 [main] INFO  server.SCMDatanodeProtocolServer (SCMDatanodeProtocolServer.java:start(191)) - RPC server for DataNodes is listening at /0.0.0.0:45486
2019-09-30 19:02:38,192 [IPC Server Responder] INFO  ipc.Server (Server.java:run(1314)) - IPC Server Responder: starting
2019-09-30 19:02:38,192 [IPC Server listener on 45486] INFO  ipc.Server (Server.java:run(1153)) - IPC Server listener on 45486: starting
2019-09-30 19:02:38,197 [main] INFO  http.HttpServer2 (HttpServer2.java:bindListener(1191)) - Jetty bound to port 33118
2019-09-30 19:02:38,197 [main] INFO  server.Server (Server.java:doStart(351)) - jetty-9.3.25.v20180904, build timestamp: 2018-09-04T21:11:46Z, git hash: 3ce520221d0240229c862b122d2b06c12a625732
2019-09-30 19:02:38,199 [main] INFO  handler.ContextHandler (ContextHandler.java:doStart(781)) - Started o.e.j.s.ServletContextHandler@2dc39b53{/logs,file:///workdir/hadoop-ozone/integration-test/target/log,AVAILABLE}
2019-09-30 19:02:38,200 [main] INFO  handler.ContextHandler (ContextHandler.java:doStart(781)) - Started o.e.j.s.ServletContextHandler@2f2e4bde{/static,file:///workdir/hadoop-ozone/integration-test/target/test-classes/webapps/static,AVAILABLE}
2019-09-30 19:02:38,204 [main] INFO  handler.ContextHandler (ContextHandler.java:doStart(781)) - Started o.e.j.w.WebAppContext@231cdda8{/,file:///workdir/hadoop-ozone/integration-test/target/test-classes/webapps/scm/,AVAILABLE}{/scm}
2019-09-30 19:02:38,205 [main] INFO  server.AbstractConnector (AbstractConnector.java:doStart(278)) - Started ServerConnector@6b70d1fb{HTTP/1.1,[http/1.1]}{0.0.0.0:33118}
2019-09-30 19:02:38,206 [main] INFO  server.Server (Server.java:doStart(419)) - Started @600194ms
2019-09-30 19:02:38,206 [main] WARN  impl.MetricsSystemImpl (MetricsSystemImpl.java:register(276)) - Sink prometheus already exists!
2019-09-30 19:02:38,207 [main] INFO  server.BaseHttpServer (BaseHttpServer.java:updateConnectorAddress(215)) - HTTP server of SCM is listening at http://0.0.0.0:33118
2019-09-30 19:02:38,208 [main] WARN  server.ServerUtils (ServerUtils.java:getDBPath(222)) - ozone.om.db.dirs is not configured. We recommend adding this setting. Falling back to ozone.metadata.dirs instead.
2019-09-30 19:02:38,208 [org.apache.hadoop.util.JvmPauseMonitor$Monitor@7da1e005] INFO  util.JvmPauseMonitor (JvmPauseMonitor.java:run(188)) - Starting JVM pause monitor
2019-09-30 19:02:38,234 [main] WARN  server.ServerUtils (ServerUtils.java:getDBPath(222)) - ozone.om.db.dirs is not configured. We recommend adding this setting. Falling back to ozone.metadata.dirs instead.
2019-09-30 19:02:38,235 [main] WARN  server.ServerUtils (ServerUtils.java:getDBPath(222)) - ozone.om.db.dirs is not configured. We recommend adding this setting. Falling back to ozone.metadata.dirs instead.
2019-09-30 19:02:38,235 [main] INFO  om.OzoneManager (OzoneManager.java:setOMNodeDetails(652)) - OM Service ID is not set. Setting it to the default ID: omServiceIdDefault
2019-09-30 19:02:38,235 [main] INFO  om.OzoneManager (OzoneManager.java:setOMNodeDetails(658)) - OM Node ID is not set. Setting it to the OmStorage's OmID: 4c10e841-8ea9-4c73-8337-1af0dba6f727
2019-09-30 19:02:38,236 [main] INFO  om.OzoneManager (OzoneManager.java:loadOMHAConfigs(609)) - Found matching OM address with OMServiceId: null, OMNodeId: null, RPC Address: localhost:0 and Ratis port: 9872
2019-09-30 19:02:38,244 [main] WARN  server.ServerUtils (ServerUtils.java:getDBPath(222)) - ozone.om.db.dirs is not configured. We recommend adding this setting. Falling back to ozone.metadata.dirs instead.
2019-09-30 19:02:38,245 [main] INFO  db.DBStoreBuilder (DBStoreBuilder.java:addTable(115)) - using custom profile for table: userTable
2019-09-30 19:02:38,245 [main] INFO  db.DBStoreBuilder (DBStoreBuilder.java:processTables(166)) - Using default column profile:DBProfile.DISK for Table:userTable
2019-09-30 19:02:38,245 [main] INFO  db.DBStoreBuilder (DBStoreBuilder.java:addTable(115)) - using custom profile for table: volumeTable
2019-09-30 19:02:38,245 [main] INFO  db.DBStoreBuilder (DBStoreBuilder.java:processTables(166)) - Using default column profile:DBProfile.DISK for Table:volumeTable
2019-09-30 19:02:38,246 [main] INFO  db.DBStoreBuilder (DBStoreBuilder.java:addTable(115)) - using custom profile for table: bucketTable
2019-09-30 19:02:38,246 [main] INFO  db.DBStoreBuilder (DBStoreBuilder.java:processTables(166)) - Using default column profile:DBProfile.DISK for Table:bucketTable
2019-09-30 19:02:38,246 [main] INFO  db.DBStoreBuilder (DBStoreBuilder.java:addTable(115)) - using custom profile for table: keyTable
2019-09-30 19:02:38,246 [main] INFO  db.DBStoreBuilder (DBStoreBuilder.java:processTables(166)) - Using default column profile:DBProfile.DISK for Table:keyTable
2019-09-30 19:02:38,247 [main] INFO  db.DBStoreBuilder (DBStoreBuilder.java:addTable(115)) - using custom profile for table: deletedTable
2019-09-30 19:02:38,247 [main] INFO  db.DBStoreBuilder (DBStoreBuilder.java:processTables(166)) - Using default column profile:DBProfile.DISK for Table:deletedTable
2019-09-30 19:02:38,247 [main] INFO  db.DBStoreBuilder (DBStoreBuilder.java:addTable(115)) - using custom profile for table: openKeyTable
2019-09-30 19:02:38,247 [main] INFO  db.DBStoreBuilder (DBStoreBuilder.java:processTables(166)) - Using default column profile:DBProfile.DISK for Table:openKeyTable
2019-09-30 19:02:38,248 [main] INFO  db.DBStoreBuilder (DBStoreBuilder.java:addTable(115)) - using custom profile for table: s3Table
2019-09-30 19:02:38,248 [main] INFO  db.DBStoreBuilder (DBStoreBuilder.java:processTables(166)) - Using default column profile:DBProfile.DISK for Table:s3Table
2019-09-30 19:02:38,248 [main] INFO  db.DBStoreBuilder (DBStoreBuilder.java:addTable(115)) - using custom profile for table: multipartInfoTable
2019-09-30 19:02:38,248 [main] INFO  db.DBStoreBuilder (DBStoreBuilder.java:processTables(166)) - Using default column profile:DBProfile.DISK for Table:multipartInfoTable
2019-09-30 19:02:38,248 [main] INFO  db.DBStoreBuilder (DBStoreBuilder.java:addTable(115)) - using custom profile for table: dTokenTable
2019-09-30 19:02:38,249 [main] INFO  db.DBStoreBuilder (DBStoreBuilder.java:processTables(166)) - Using default column profile:DBProfile.DISK for Table:dTokenTable
2019-09-30 19:02:38,249 [main] INFO  db.DBStoreBuilder (DBStoreBuilder.java:addTable(115)) - using custom profile for table: s3SecretTable
2019-09-30 19:02:38,249 [main] INFO  db.DBStoreBuilder (DBStoreBuilder.java:processTables(166)) - Using default column profile:DBProfile.DISK for Table:s3SecretTable
2019-09-30 19:02:38,249 [main] INFO  db.DBStoreBuilder (DBStoreBuilder.java:addTable(115)) - using custom profile for table: prefixTable
2019-09-30 19:02:38,249 [main] INFO  db.DBStoreBuilder (DBStoreBuilder.java:processTables(166)) - Using default column profile:DBProfile.DISK for Table:prefixTable
2019-09-30 19:02:38,250 [main] INFO  db.DBStoreBuilder (DBStoreBuilder.java:addTable(115)) - using custom profile for table: default
2019-09-30 19:02:38,250 [main] INFO  db.DBStoreBuilder (DBStoreBuilder.java:processTables(172)) - Using default column profile:DBProfile.DISK for Table:default
2019-09-30 19:02:38,250 [main] INFO  db.DBStoreBuilder (DBStoreBuilder.java:getDbProfile(203)) - Using default options. DBProfile.DISK
2019-09-30 19:02:38,720 [main] INFO  ipc.CallQueueManager (CallQueueManager.java:<init>(84)) - Using callQueue: class java.util.concurrent.LinkedBlockingQueue, queueCapacity: 2000, scheduler: class org.apache.hadoop.ipc.DefaultRpcScheduler, ipcBackoff: false.
2019-09-30 19:02:38,721 [Socket Reader #1 for port 43128] INFO  ipc.Server (Server.java:run(1074)) - Starting Socket Reader #1 for port 43128
2019-09-30 19:02:38,734 [main] INFO  om.OzoneManager (OzoneManager.java:start(1243)) - OzoneManager RPC server is listening at localhost/127.0.0.1:43128
2019-09-30 19:02:38,734 [main] INFO  impl.MetricsSystemImpl (MetricsSystemImpl.java:init(158)) - OzoneManager metrics system started (again)
2019-09-30 19:02:38,735 [IPC Server Responder] INFO  ipc.Server (Server.java:run(1314)) - IPC Server Responder: starting
2019-09-30 19:02:38,737 [IPC Server listener on 43128] INFO  ipc.Server (Server.java:run(1153)) - IPC Server listener on 43128: starting
2019-09-30 19:02:38,741 [main] INFO  hdfs.DFSUtil (DFSUtil.java:httpServerTemplateForNNAndJN(1641)) - Starting Web-server for ozoneManager at: http://0.0.0.0:0
2019-09-30 19:02:38,743 [main] INFO  server.AuthenticationFilter (AuthenticationFilter.java:constructSecretProvider(240)) - Unable to initialize FileSignerSecretProvider, falling back to use random secrets.
2019-09-30 19:02:38,744 [main] WARN  http.HttpRequestLog (HttpRequestLog.java:getRequestLog(97)) - Jetty request log can only be enabled using Log4j
2019-09-30 19:02:38,745 [main] INFO  http.HttpServer2 (HttpServer2.java:addGlobalFilter(975)) - Added global filter 'safety' (class=org.apache.hadoop.http.HttpServer2$QuotingInputFilter)
2019-09-30 19:02:38,746 [main] INFO  http.HttpServer2 (HttpServer2.java:addFilter(948)) - Added filter static_user_filter (class=org.apache.hadoop.http.lib.StaticUserWebFilter$StaticUserFilter) to context ozoneManager
2019-09-30 19:02:38,746 [main] INFO  http.HttpServer2 (HttpServer2.java:addFilter(958)) - Added filter static_user_filter (class=org.apache.hadoop.http.lib.StaticUserWebFilter$StaticUserFilter) to context static
2019-09-30 19:02:38,747 [main] INFO  http.HttpServer2 (HttpServer2.java:addFilter(958)) - Added filter static_user_filter (class=org.apache.hadoop.http.lib.StaticUserWebFilter$StaticUserFilter) to context logs
2019-09-30 19:02:38,747 [main] INFO  http.HttpServer2 (HttpServer2.java:bindListener(1191)) - Jetty bound to port 39749
2019-09-30 19:02:38,748 [main] INFO  server.Server (Server.java:doStart(351)) - jetty-9.3.25.v20180904, build timestamp: 2018-09-04T21:11:46Z, git hash: 3ce520221d0240229c862b122d2b06c12a625732
2019-09-30 19:02:38,749 [main] INFO  handler.ContextHandler (ContextHandler.java:doStart(781)) - Started o.e.j.s.ServletContextHandler@31ab1e67{/logs,file:///workdir/hadoop-ozone/integration-test/target/log,AVAILABLE}
2019-09-30 19:02:38,750 [main] INFO  handler.ContextHandler (ContextHandler.java:doStart(781)) - Started o.e.j.s.ServletContextHandler@3487442d{/static,file:///workdir/hadoop-ozone/integration-test/target/test-classes/webapps/static,AVAILABLE}
2019-09-30 19:02:38,755 [main] INFO  handler.ContextHandler (ContextHandler.java:doStart(781)) - Started o.e.j.w.WebAppContext@747f6c5a{/,file:///workdir/hadoop-ozone/integration-test/target/test-classes/webapps/ozoneManager/,AVAILABLE}{/ozoneManager}
2019-09-30 19:02:38,755 [main] INFO  server.AbstractConnector (AbstractConnector.java:doStart(278)) - Started ServerConnector@66e341e9{HTTP/1.1,[http/1.1]}{0.0.0.0:39749}
2019-09-30 19:02:38,757 [main] INFO  server.Server (Server.java:doStart(419)) - Started @600744ms
2019-09-30 19:02:38,757 [main] WARN  impl.MetricsSystemImpl (MetricsSystemImpl.java:register(276)) - Sink prometheus already exists!
2019-09-30 19:02:38,758 [main] INFO  server.BaseHttpServer (BaseHttpServer.java:updateConnectorAddress(215)) - HTTP server of OZONEMANAGER is listening at http://0.0.0.0:39749
2019-09-30 19:02:38,775 [main] INFO  impl.MetricsSystemImpl (MetricsSystemImpl.java:init(158)) - HddsDatanode metrics system started (again)
2019-09-30 19:02:38,779 [main] INFO  ozone.HddsDatanodeService (HddsDatanodeService.java:start(184)) - HddsDatanodeService host:pr-hdds-1720-trunk-4nqxd-2896763123 ip:192.168.151.118
2019-09-30 19:02:38,786 [main] INFO  volume.HddsVolume (HddsVolume.java:<init>(176)) - Creating Volume: /workdir/hadoop-ozone/integration-test/target/test-dir/MiniOzoneClusterImpl-5336a62e-69ee-4f83-b879-69e147fbc7dd/datanode-0/data/containers/hdds of  storage type : DISK and capacity : 1482555576320
2019-09-30 19:02:38,786 [main] INFO  volume.VolumeSet (VolumeSet.java:initializeVolumeSet(170)) - Added Volume : /workdir/hadoop-ozone/integration-test/target/test-dir/MiniOzoneClusterImpl-5336a62e-69ee-4f83-b879-69e147fbc7dd/datanode-0/data/containers/hdds to VolumeSet
2019-09-30 19:02:38,786 [main] INFO  volume.ThrottledAsyncChecker (ThrottledAsyncChecker.java:schedule(139)) - Scheduling a check for org.apache.hadoop.ozone.container.common.volume.HddsVolume@4645679e
2019-09-30 19:02:38,787 [main] INFO  volume.HddsVolumeChecker (HddsVolumeChecker.java:checkAllVolumes(202)) - Scheduled health check for volume org.apache.hadoop.ozone.container.common.volume.HddsVolume@4645679e
2019-09-30 19:02:38,804 [main] INFO  impl.RaftServerProxy (ConfUtils.java:logGet(43)) - raft.rpc.type = GRPC (default)
2019-09-30 19:02:38,804 [main] INFO  grpc.GrpcFactory (GrpcFactory.java:checkPooledByteBufAllocatorUseCacheForAllThreads(45)) - PERFORMANCE WARNING: useCacheForAllThreads is true that may cause Netty to create a lot garbage objects and, as a result, trigger GC.
	It is recommended to disable useCacheForAllThreads by setting -Dorg.apache.ratis.thirdparty.io.netty.allocator.useCacheForAllThreads=false in command line.
2019-09-30 19:02:38,805 [main] INFO  grpc.GrpcConfigKeys$Server (ConfUtils.java:logGet(43)) - raft.grpc.server.port = 0 (default)
2019-09-30 19:02:38,805 [main] INFO  server.GrpcService (ConfUtils.java:logGet(43)) - raft.grpc.message.size.max = 33570816 (custom)
2019-09-30 19:02:38,805 [main] INFO  server.RaftServerConfigKeys (ConfUtils.java:logGet(43)) - raft.server.log.appender.buffer.byte-limit = 33554432 (custom)
2019-09-30 19:02:38,805 [main] INFO  server.GrpcService (ConfUtils.java:logGet(43)) - raft.grpc.flow.control.window = 1MB (=1048576) (default)
2019-09-30 19:02:38,806 [main] INFO  server.RaftServerConfigKeys (ConfUtils.java:logGet(43)) - raft.server.rpc.request.timeout = 3000ms (default)
2019-09-30 19:02:38,806 [main] INFO  server.RaftServerConfigKeys (ConfUtils.java:logGet(43)) - raft.server.storage.dir = [/workdir/hadoop-ozone/integration-test/target/test-dir/MiniOzoneClusterImpl-5336a62e-69ee-4f83-b879-69e147fbc7dd/datanode-0/data/ratis] (custom)
2019-09-30 19:02:38,808 [main] INFO  hdfs.DFSUtil (DFSUtil.java:httpServerTemplateForNNAndJN(1641)) - Starting Web-server for hddsDatanode at: http://0.0.0.0:0
2019-09-30 19:02:38,809 [main] INFO  server.AuthenticationFilter (AuthenticationFilter.java:constructSecretProvider(240)) - Unable to initialize FileSignerSecretProvider, falling back to use random secrets.
2019-09-30 19:02:38,810 [main] WARN  http.HttpRequestLog (HttpRequestLog.java:getRequestLog(97)) - Jetty request log can only be enabled using Log4j
2019-09-30 19:02:38,811 [main] INFO  http.HttpServer2 (HttpServer2.java:addGlobalFilter(975)) - Added global filter 'safety' (class=org.apache.hadoop.http.HttpServer2$QuotingInputFilter)
2019-09-30 19:02:38,812 [main] INFO  http.HttpServer2 (HttpServer2.java:addFilter(948)) - Added filter static_user_filter (class=org.apache.hadoop.http.lib.StaticUserWebFilter$StaticUserFilter) to context hddsDatanode
2019-09-30 19:02:38,812 [main] INFO  http.HttpServer2 (HttpServer2.java:addFilter(958)) - Added filter static_user_filter (class=org.apache.hadoop.http.lib.StaticUserWebFilter$StaticUserFilter) to context logs
2019-09-30 19:02:38,812 [main] INFO  http.HttpServer2 (HttpServer2.java:addFilter(958)) - Added filter static_user_filter (class=org.apache.hadoop.http.lib.StaticUserWebFilter$StaticUserFilter) to context static
2019-09-30 19:02:38,813 [main] INFO  http.HttpServer2 (HttpServer2.java:bindListener(1191)) - Jetty bound to port 46614
2019-09-30 19:02:38,813 [main] INFO  server.Server (Server.java:doStart(351)) - jetty-9.3.25.v20180904, build timestamp: 2018-09-04T21:11:46Z, git hash: 3ce520221d0240229c862b122d2b06c12a625732
2019-09-30 19:02:38,815 [main] INFO  handler.ContextHandler (ContextHandler.java:doStart(781)) - Started o.e.j.s.ServletContextHandler@c48b543{/logs,file:///workdir/hadoop-ozone/integration-test/target/log,AVAILABLE}
2019-09-30 19:02:38,815 [main] INFO  handler.ContextHandler (ContextHandler.java:doStart(781)) - Started o.e.j.s.ServletContextHandler@4652c74d{/static,jar:file:/home/user/.m2/repository/org/apache/hadoop/hadoop-hdds-container-service/0.5.0-SNAPSHOT/hadoop-hdds-container-service-0.5.0-SNAPSHOT.jar!/webapps/static,AVAILABLE}
2019-09-30 19:02:38,848 [main] INFO  handler.ContextHandler (ContextHandler.java:doStart(781)) - Started o.e.j.w.WebAppContext@1373e3ee{/,file:///tmp/jetty-0.0.0.0-46614-hddsDatanode-_-any-2616835519769240161.dir/webapp/,AVAILABLE}{/hddsDatanode}
2019-09-30 19:02:38,849 [main] INFO  server.AbstractConnector (AbstractConnector.java:doStart(278)) - Started ServerConnector@175c5c3a{HTTP/1.1,[http/1.1]}{0.0.0.0:46614}
2019-09-30 19:02:38,849 [main] INFO  server.Server (Server.java:doStart(419)) - Started @600837ms
2019-09-30 19:02:38,849 [main] WARN  impl.MetricsSystemImpl (MetricsSystemImpl.java:register(276)) - Sink prometheus already exists!
2019-09-30 19:02:38,851 [main] INFO  server.BaseHttpServer (BaseHttpServer.java:updateConnectorAddress(215)) - HTTP server of HDDSDATANODE is listening at http://0.0.0.0:46614
2019-09-30 19:02:38,851 [main] INFO  impl.MetricsSystemImpl (MetricsSystemImpl.java:init(158)) - HddsDatanode metrics system started (again)
2019-09-30 19:02:38,855 [org.apache.hadoop.util.JvmPauseMonitor$Monitor@45953db3] INFO  util.JvmPauseMonitor (JvmPauseMonitor.java:run(188)) - Starting JVM pause monitor
2019-09-30 19:02:38,855 [main] INFO  ozone.HddsDatanodeService (HddsDatanodeService.java:start(184)) - HddsDatanodeService host:pr-hdds-1720-trunk-4nqxd-2896763123 ip:192.168.151.118
2019-09-30 19:02:38,857 [Datanode State Machine Thread - 0] INFO  datanode.InitDatanodeState (InitDatanodeState.java:persistContainerDatanodeDetails(140)) - DatanodeDetails is persisted to /workdir/hadoop-ozone/integration-test/target/test-dir/MiniOzoneClusterImpl-5336a62e-69ee-4f83-b879-69e147fbc7dd/datanode-0/meta/datanode.id
2019-09-30 19:02:38,861 [main] INFO  volume.HddsVolume (HddsVolume.java:<init>(176)) - Creating Volume: /workdir/hadoop-ozone/integration-test/target/test-dir/MiniOzoneClusterImpl-5336a62e-69ee-4f83-b879-69e147fbc7dd/datanode-1/data/containers/hdds of  storage type : DISK and capacity : 1482555576320
2019-09-30 19:02:38,861 [main] INFO  volume.VolumeSet (VolumeSet.java:initializeVolumeSet(170)) - Added Volume : /workdir/hadoop-ozone/integration-test/target/test-dir/MiniOzoneClusterImpl-5336a62e-69ee-4f83-b879-69e147fbc7dd/datanode-1/data/containers/hdds to VolumeSet
2019-09-30 19:02:38,861 [main] INFO  volume.ThrottledAsyncChecker (ThrottledAsyncChecker.java:schedule(139)) - Scheduling a check for org.apache.hadoop.ozone.container.common.volume.HddsVolume@55296b50
2019-09-30 19:02:38,861 [main] INFO  volume.HddsVolumeChecker (HddsVolumeChecker.java:checkAllVolumes(202)) - Scheduled health check for volume org.apache.hadoop.ozone.container.common.volume.HddsVolume@55296b50
2019-09-30 19:02:38,874 [main] INFO  impl.RaftServerProxy (ConfUtils.java:logGet(43)) - raft.rpc.type = GRPC (default)
2019-09-30 19:02:38,874 [main] INFO  grpc.GrpcFactory (GrpcFactory.java:checkPooledByteBufAllocatorUseCacheForAllThreads(45)) - PERFORMANCE WARNING: useCacheForAllThreads is true that may cause Netty to create a lot garbage objects and, as a result, trigger GC.
	It is recommended to disable useCacheForAllThreads by setting -Dorg.apache.ratis.thirdparty.io.netty.allocator.useCacheForAllThreads=false in command line.
2019-09-30 19:02:38,874 [main] INFO  grpc.GrpcConfigKeys$Server (ConfUtils.java:logGet(43)) - raft.grpc.server.port = 0 (default)
2019-09-30 19:02:38,874 [main] INFO  server.GrpcService (ConfUtils.java:logGet(43)) - raft.grpc.message.size.max = 33570816 (custom)
2019-09-30 19:02:38,875 [main] INFO  server.RaftServerConfigKeys (ConfUtils.java:logGet(43)) - raft.server.log.appender.buffer.byte-limit = 33554432 (custom)
2019-09-30 19:02:38,875 [main] INFO  server.GrpcService (ConfUtils.java:logGet(43)) - raft.grpc.flow.control.window = 1MB (=1048576) (default)
2019-09-30 19:02:38,875 [main] INFO  server.RaftServerConfigKeys (ConfUtils.java:logGet(43)) - raft.server.rpc.request.timeout = 3000ms (default)
2019-09-30 19:02:38,875 [main] INFO  server.RaftServerConfigKeys (ConfUtils.java:logGet(43)) - raft.server.storage.dir = [/workdir/hadoop-ozone/integration-test/target/test-dir/MiniOzoneClusterImpl-5336a62e-69ee-4f83-b879-69e147fbc7dd/datanode-1/data/ratis] (custom)
2019-09-30 19:02:38,876 [main] INFO  hdfs.DFSUtil (DFSUtil.java:httpServerTemplateForNNAndJN(1641)) - Starting Web-server for hddsDatanode at: http://0.0.0.0:0
2019-09-30 19:02:38,877 [main] INFO  server.AuthenticationFilter (AuthenticationFilter.java:constructSecretProvider(240)) - Unable to initialize FileSignerSecretProvider, falling back to use random secrets.
2019-09-30 19:02:38,878 [main] WARN  http.HttpRequestLog (HttpRequestLog.java:getRequestLog(97)) - Jetty request log can only be enabled using Log4j
2019-09-30 19:02:38,879 [main] INFO  http.HttpServer2 (HttpServer2.java:addGlobalFilter(975)) - Added global filter 'safety' (class=org.apache.hadoop.http.HttpServer2$QuotingInputFilter)
2019-09-30 19:02:38,879 [main] INFO  http.HttpServer2 (HttpServer2.java:addFilter(948)) - Added filter static_user_filter (class=org.apache.hadoop.http.lib.StaticUserWebFilter$StaticUserFilter) to context hddsDatanode
2019-09-30 19:02:38,880 [main] INFO  http.HttpServer2 (HttpServer2.java:addFilter(958)) - Added filter static_user_filter (class=org.apache.hadoop.http.lib.StaticUserWebFilter$StaticUserFilter) to context logs
2019-09-30 19:02:38,880 [main] INFO  http.HttpServer2 (HttpServer2.java:addFilter(958)) - Added filter static_user_filter (class=org.apache.hadoop.http.lib.StaticUserWebFilter$StaticUserFilter) to context static
2019-09-30 19:02:38,880 [main] INFO  http.HttpServer2 (HttpServer2.java:bindListener(1191)) - Jetty bound to port 42611
2019-09-30 19:02:38,880 [main] INFO  server.Server (Server.java:doStart(351)) - jetty-9.3.25.v20180904, build timestamp: 2018-09-04T21:11:46Z, git hash: 3ce520221d0240229c862b122d2b06c12a625732
2019-09-30 19:02:38,882 [main] INFO  handler.ContextHandler (ContextHandler.java:doStart(781)) - Started o.e.j.s.ServletContextHandler@7f4a1cac{/logs,file:///workdir/hadoop-ozone/integration-test/target/log,AVAILABLE}
2019-09-30 19:02:38,882 [main] INFO  handler.ContextHandler (ContextHandler.java:doStart(781)) - Started o.e.j.s.ServletContextHandler@c568f91{/static,jar:file:/home/user/.m2/repository/org/apache/hadoop/hadoop-hdds-container-service/0.5.0-SNAPSHOT/hadoop-hdds-container-service-0.5.0-SNAPSHOT.jar!/webapps/static,AVAILABLE}
2019-09-30 19:02:38,909 [main] INFO  handler.ContextHandler (ContextHandler.java:doStart(781)) - Started o.e.j.w.WebAppContext@3e53c4ad{/,file:///tmp/jetty-0.0.0.0-42611-hddsDatanode-_-any-5134505346551073675.dir/webapp/,AVAILABLE}{/hddsDatanode}
2019-09-30 19:02:38,909 [main] INFO  server.AbstractConnector (AbstractConnector.java:doStart(278)) - Started ServerConnector@33eb0d4{HTTP/1.1,[http/1.1]}{0.0.0.0:42611}
2019-09-30 19:02:38,911 [main] INFO  server.Server (Server.java:doStart(419)) - Started @600899ms
2019-09-30 19:02:38,911 [main] WARN  impl.MetricsSystemImpl (MetricsSystemImpl.java:register(276)) - Sink prometheus already exists!
2019-09-30 19:02:38,912 [main] INFO  server.BaseHttpServer (BaseHttpServer.java:updateConnectorAddress(215)) - HTTP server of HDDSDATANODE is listening at http://0.0.0.0:42611
2019-09-30 19:02:38,912 [main] INFO  impl.MetricsSystemImpl (MetricsSystemImpl.java:init(158)) - HddsDatanode metrics system started (again)
2019-09-30 19:02:38,916 [org.apache.hadoop.util.JvmPauseMonitor$Monitor@2c4deb5c] INFO  util.JvmPauseMonitor (JvmPauseMonitor.java:run(188)) - Starting JVM pause monitor
2019-09-30 19:02:38,916 [main] INFO  ozone.HddsDatanodeService (HddsDatanodeService.java:start(184)) - HddsDatanodeService host:pr-hdds-1720-trunk-4nqxd-2896763123 ip:192.168.151.118
2019-09-30 19:02:38,917 [Datanode State Machine Thread - 0] INFO  datanode.InitDatanodeState (InitDatanodeState.java:persistContainerDatanodeDetails(140)) - DatanodeDetails is persisted to /workdir/hadoop-ozone/integration-test/target/test-dir/MiniOzoneClusterImpl-5336a62e-69ee-4f83-b879-69e147fbc7dd/datanode-1/meta/datanode.id
2019-09-30 19:02:38,922 [main] INFO  volume.HddsVolume (HddsVolume.java:<init>(176)) - Creating Volume: /workdir/hadoop-ozone/integration-test/target/test-dir/MiniOzoneClusterImpl-5336a62e-69ee-4f83-b879-69e147fbc7dd/datanode-2/data/containers/hdds of  storage type : DISK and capacity : 1482555576320
2019-09-30 19:02:38,922 [main] INFO  volume.VolumeSet (VolumeSet.java:initializeVolumeSet(170)) - Added Volume : /workdir/hadoop-ozone/integration-test/target/test-dir/MiniOzoneClusterImpl-5336a62e-69ee-4f83-b879-69e147fbc7dd/datanode-2/data/containers/hdds to VolumeSet
2019-09-30 19:02:38,922 [main] INFO  volume.ThrottledAsyncChecker (ThrottledAsyncChecker.java:schedule(139)) - Scheduling a check for org.apache.hadoop.ozone.container.common.volume.HddsVolume@49c1e294
2019-09-30 19:02:38,923 [main] INFO  volume.HddsVolumeChecker (HddsVolumeChecker.java:checkAllVolumes(202)) - Scheduled health check for volume org.apache.hadoop.ozone.container.common.volume.HddsVolume@49c1e294
2019-09-30 19:02:38,936 [main] INFO  impl.RaftServerProxy (ConfUtils.java:logGet(43)) - raft.rpc.type = GRPC (default)
2019-09-30 19:02:38,936 [main] INFO  grpc.GrpcFactory (GrpcFactory.java:checkPooledByteBufAllocatorUseCacheForAllThreads(45)) - PERFORMANCE WARNING: useCacheForAllThreads is true that may cause Netty to create a lot garbage objects and, as a result, trigger GC.
	It is recommended to disable useCacheForAllThreads by setting -Dorg.apache.ratis.thirdparty.io.netty.allocator.useCacheForAllThreads=false in command line.
2019-09-30 19:02:38,936 [main] INFO  grpc.GrpcConfigKeys$Server (ConfUtils.java:logGet(43)) - raft.grpc.server.port = 0 (default)
2019-09-30 19:02:38,936 [main] INFO  server.GrpcService (ConfUtils.java:logGet(43)) - raft.grpc.message.size.max = 33570816 (custom)
2019-09-30 19:02:38,936 [main] INFO  server.RaftServerConfigKeys (ConfUtils.java:logGet(43)) - raft.server.log.appender.buffer.byte-limit = 33554432 (custom)
2019-09-30 19:02:38,937 [main] INFO  server.GrpcService (ConfUtils.java:logGet(43)) - raft.grpc.flow.control.window = 1MB (=1048576) (default)
2019-09-30 19:02:38,937 [main] INFO  server.RaftServerConfigKeys (ConfUtils.java:logGet(43)) - raft.server.rpc.request.timeout = 3000ms (default)
2019-09-30 19:02:38,937 [main] INFO  server.RaftServerConfigKeys (ConfUtils.java:logGet(43)) - raft.server.storage.dir = [/workdir/hadoop-ozone/integration-test/target/test-dir/MiniOzoneClusterImpl-5336a62e-69ee-4f83-b879-69e147fbc7dd/datanode-2/data/ratis] (custom)
2019-09-30 19:02:38,938 [main] INFO  hdfs.DFSUtil (DFSUtil.java:httpServerTemplateForNNAndJN(1641)) - Starting Web-server for hddsDatanode at: http://0.0.0.0:0
2019-09-30 19:02:38,940 [main] INFO  server.AuthenticationFilter (AuthenticationFilter.java:constructSecretProvider(240)) - Unable to initialize FileSignerSecretProvider, falling back to use random secrets.
2019-09-30 19:02:38,941 [main] WARN  http.HttpRequestLog (HttpRequestLog.java:getRequestLog(97)) - Jetty request log can only be enabled using Log4j
2019-09-30 19:02:38,943 [main] INFO  http.HttpServer2 (HttpServer2.java:addGlobalFilter(975)) - Added global filter 'safety' (class=org.apache.hadoop.http.HttpServer2$QuotingInputFilter)
2019-09-30 19:02:38,944 [main] INFO  http.HttpServer2 (HttpServer2.java:addFilter(948)) - Added filter static_user_filter (class=org.apache.hadoop.http.lib.StaticUserWebFilter$StaticUserFilter) to context hddsDatanode
2019-09-30 19:02:38,944 [main] INFO  http.HttpServer2 (HttpServer2.java:addFilter(958)) - Added filter static_user_filter (class=org.apache.hadoop.http.lib.StaticUserWebFilter$StaticUserFilter) to context logs
2019-09-30 19:02:38,944 [main] INFO  http.HttpServer2 (HttpServer2.java:addFilter(958)) - Added filter static_user_filter (class=org.apache.hadoop.http.lib.StaticUserWebFilter$StaticUserFilter) to context static
2019-09-30 19:02:38,945 [main] INFO  http.HttpServer2 (HttpServer2.java:bindListener(1191)) - Jetty bound to port 36903
2019-09-30 19:02:38,946 [main] INFO  server.Server (Server.java:doStart(351)) - jetty-9.3.25.v20180904, build timestamp: 2018-09-04T21:11:46Z, git hash: 3ce520221d0240229c862b122d2b06c12a625732
2019-09-30 19:02:38,948 [main] INFO  handler.ContextHandler (ContextHandler.java:doStart(781)) - Started o.e.j.s.ServletContextHandler@284990de{/logs,file:///workdir/hadoop-ozone/integration-test/target/log,AVAILABLE}
2019-09-30 19:02:38,948 [main] INFO  handler.ContextHandler (ContextHandler.java:doStart(781)) - Started o.e.j.s.ServletContextHandler@6aea99e7{/static,jar:file:/home/user/.m2/repository/org/apache/hadoop/hadoop-hdds-container-service/0.5.0-SNAPSHOT/hadoop-hdds-container-service-0.5.0-SNAPSHOT.jar!/webapps/static,AVAILABLE}
2019-09-30 19:02:38,989 [main] INFO  handler.ContextHandler (ContextHandler.java:doStart(781)) - Started o.e.j.w.WebAppContext@454bcbbf{/,file:///tmp/jetty-0.0.0.0-36903-hddsDatanode-_-any-8609790021931005210.dir/webapp/,AVAILABLE}{/hddsDatanode}
2019-09-30 19:02:38,990 [main] INFO  server.AbstractConnector (AbstractConnector.java:doStart(278)) - Started ServerConnector@2c9fdb64{HTTP/1.1,[http/1.1]}{0.0.0.0:36903}
2019-09-30 19:02:38,990 [main] INFO  server.Server (Server.java:doStart(419)) - Started @600978ms
2019-09-30 19:02:38,991 [main] WARN  impl.MetricsSystemImpl (MetricsSystemImpl.java:register(276)) - Sink prometheus already exists!
2019-09-30 19:02:38,992 [main] INFO  server.BaseHttpServer (BaseHttpServer.java:updateConnectorAddress(215)) - HTTP server of HDDSDATANODE is listening at http://0.0.0.0:36903
2019-09-30 19:02:38,993 [main] INFO  impl.MetricsSystemImpl (MetricsSystemImpl.java:init(158)) - HddsDatanode metrics system started (again)
2019-09-30 19:02:38,997 [org.apache.hadoop.util.JvmPauseMonitor$Monitor@5d9ec138] INFO  util.JvmPauseMonitor (JvmPauseMonitor.java:run(188)) - Starting JVM pause monitor
2019-09-30 19:02:38,997 [main] INFO  ozone.HddsDatanodeService (HddsDatanodeService.java:start(184)) - HddsDatanodeService host:pr-hdds-1720-trunk-4nqxd-2896763123 ip:192.168.151.118
2019-09-30 19:02:38,999 [Datanode State Machine Thread - 0] INFO  datanode.InitDatanodeState (InitDatanodeState.java:persistContainerDatanodeDetails(140)) - DatanodeDetails is persisted to /workdir/hadoop-ozone/integration-test/target/test-dir/MiniOzoneClusterImpl-5336a62e-69ee-4f83-b879-69e147fbc7dd/datanode-2/meta/datanode.id
2019-09-30 19:02:39,004 [main] INFO  volume.HddsVolume (HddsVolume.java:<init>(176)) - Creating Volume: /workdir/hadoop-ozone/integration-test/target/test-dir/MiniOzoneClusterImpl-5336a62e-69ee-4f83-b879-69e147fbc7dd/datanode-3/data/containers/hdds of  storage type : DISK and capacity : 1482555576320
2019-09-30 19:02:39,004 [main] INFO  volume.VolumeSet (VolumeSet.java:initializeVolumeSet(170)) - Added Volume : /workdir/hadoop-ozone/integration-test/target/test-dir/MiniOzoneClusterImpl-5336a62e-69ee-4f83-b879-69e147fbc7dd/datanode-3/data/containers/hdds to VolumeSet
2019-09-30 19:02:39,004 [main] INFO  volume.ThrottledAsyncChecker (ThrottledAsyncChecker.java:schedule(139)) - Scheduling a check for org.apache.hadoop.ozone.container.common.volume.HddsVolume@115c946b
2019-09-30 19:02:39,005 [main] INFO  volume.HddsVolumeChecker (HddsVolumeChecker.java:checkAllVolumes(202)) - Scheduled health check for volume org.apache.hadoop.ozone.container.common.volume.HddsVolume@115c946b
2019-09-30 19:02:39,018 [main] INFO  impl.RaftServerProxy (ConfUtils.java:logGet(43)) - raft.rpc.type = GRPC (default)
2019-09-30 19:02:39,019 [main] INFO  grpc.GrpcFactory (GrpcFactory.java:checkPooledByteBufAllocatorUseCacheForAllThreads(45)) - PERFORMANCE WARNING: useCacheForAllThreads is true that may cause Netty to create a lot garbage objects and, as a result, trigger GC.
	It is recommended to disable useCacheForAllThreads by setting -Dorg.apache.ratis.thirdparty.io.netty.allocator.useCacheForAllThreads=false in command line.
2019-09-30 19:02:39,019 [main] INFO  grpc.GrpcConfigKeys$Server (ConfUtils.java:logGet(43)) - raft.grpc.server.port = 0 (default)
2019-09-30 19:02:39,019 [main] INFO  server.GrpcService (ConfUtils.java:logGet(43)) - raft.grpc.message.size.max = 33570816 (custom)
2019-09-30 19:02:39,019 [main] INFO  server.RaftServerConfigKeys (ConfUtils.java:logGet(43)) - raft.server.log.appender.buffer.byte-limit = 33554432 (custom)
2019-09-30 19:02:39,020 [main] INFO  server.GrpcService (ConfUtils.java:logGet(43)) - raft.grpc.flow.control.window = 1MB (=1048576) (default)
2019-09-30 19:02:39,020 [main] INFO  server.RaftServerConfigKeys (ConfUtils.java:logGet(43)) - raft.server.rpc.request.timeout = 3000ms (default)
2019-09-30 19:02:39,020 [main] INFO  server.RaftServerConfigKeys (ConfUtils.java:logGet(43)) - raft.server.storage.dir = [/workdir/hadoop-ozone/integration-test/target/test-dir/MiniOzoneClusterImpl-5336a62e-69ee-4f83-b879-69e147fbc7dd/datanode-3/data/ratis] (custom)
2019-09-30 19:02:39,021 [main] INFO  hdfs.DFSUtil (DFSUtil.java:httpServerTemplateForNNAndJN(1641)) - Starting Web-server for hddsDatanode at: http://0.0.0.0:0
2019-09-30 19:02:39,023 [main] INFO  server.AuthenticationFilter (AuthenticationFilter.java:constructSecretProvider(240)) - Unable to initialize FileSignerSecretProvider, falling back to use random secrets.
2019-09-30 19:02:39,023 [main] WARN  http.HttpRequestLog (HttpRequestLog.java:getRequestLog(97)) - Jetty request log can only be enabled using Log4j
2019-09-30 19:02:39,024 [main] INFO  http.HttpServer2 (HttpServer2.java:addGlobalFilter(975)) - Added global filter 'safety' (class=org.apache.hadoop.http.HttpServer2$QuotingInputFilter)
2019-09-30 19:02:39,025 [main] INFO  http.HttpServer2 (HttpServer2.java:addFilter(948)) - Added filter static_user_filter (class=org.apache.hadoop.http.lib.StaticUserWebFilter$StaticUserFilter) to context hddsDatanode
2019-09-30 19:02:39,025 [main] INFO  http.HttpServer2 (HttpServer2.java:addFilter(958)) - Added filter static_user_filter (class=org.apache.hadoop.http.lib.StaticUserWebFilter$StaticUserFilter) to context logs
2019-09-30 19:02:39,025 [main] INFO  http.HttpServer2 (HttpServer2.java:addFilter(958)) - Added filter static_user_filter (class=org.apache.hadoop.http.lib.StaticUserWebFilter$StaticUserFilter) to context static
2019-09-30 19:02:39,026 [main] INFO  http.HttpServer2 (HttpServer2.java:bindListener(1191)) - Jetty bound to port 40977
2019-09-30 19:02:39,026 [main] INFO  server.Server (Server.java:doStart(351)) - jetty-9.3.25.v20180904, build timestamp: 2018-09-04T21:11:46Z, git hash: 3ce520221d0240229c862b122d2b06c12a625732
2019-09-30 19:02:39,027 [main] INFO  handler.ContextHandler (ContextHandler.java:doStart(781)) - Started o.e.j.s.ServletContextHandler@527937d0{/logs,file:///workdir/hadoop-ozone/integration-test/target/log,AVAILABLE}
2019-09-30 19:02:39,028 [main] INFO  handler.ContextHandler (ContextHandler.java:doStart(781)) - Started o.e.j.s.ServletContextHandler@6c2a95d5{/static,jar:file:/home/user/.m2/repository/org/apache/hadoop/hadoop-hdds-container-service/0.5.0-SNAPSHOT/hadoop-hdds-container-service-0.5.0-SNAPSHOT.jar!/webapps/static,AVAILABLE}
2019-09-30 19:02:39,057 [main] INFO  handler.ContextHandler (ContextHandler.java:doStart(781)) - Started o.e.j.w.WebAppContext@4f3c7808{/,file:///tmp/jetty-0.0.0.0-40977-hddsDatanode-_-any-9048510536796460890.dir/webapp/,AVAILABLE}{/hddsDatanode}
2019-09-30 19:02:39,057 [main] INFO  server.AbstractConnector (AbstractConnector.java:doStart(278)) - Started ServerConnector@4b4969ea{HTTP/1.1,[http/1.1]}{0.0.0.0:40977}
2019-09-30 19:02:39,057 [main] INFO  server.Server (Server.java:doStart(419)) - Started @601045ms
2019-09-30 19:02:39,059 [main] WARN  impl.MetricsSystemImpl (MetricsSystemImpl.java:register(276)) - Sink prometheus already exists!
2019-09-30 19:02:39,059 [main] INFO  server.BaseHttpServer (BaseHttpServer.java:updateConnectorAddress(215)) - HTTP server of HDDSDATANODE is listening at http://0.0.0.0:40977
2019-09-30 19:02:39,060 [main] INFO  impl.MetricsSystemImpl (MetricsSystemImpl.java:init(158)) - HddsDatanode metrics system started (again)
2019-09-30 19:02:39,064 [org.apache.hadoop.util.JvmPauseMonitor$Monitor@1ab09afc] INFO  util.JvmPauseMonitor (JvmPauseMonitor.java:run(188)) - Starting JVM pause monitor
2019-09-30 19:02:39,064 [main] INFO  ozone.HddsDatanodeService (HddsDatanodeService.java:start(184)) - HddsDatanodeService host:pr-hdds-1720-trunk-4nqxd-2896763123 ip:192.168.151.118
2019-09-30 19:02:39,065 [Datanode State Machine Thread - 0] INFO  datanode.InitDatanodeState (InitDatanodeState.java:persistContainerDatanodeDetails(140)) - DatanodeDetails is persisted to /workdir/hadoop-ozone/integration-test/target/test-dir/MiniOzoneClusterImpl-5336a62e-69ee-4f83-b879-69e147fbc7dd/datanode-3/meta/datanode.id
2019-09-30 19:02:39,069 [main] INFO  volume.HddsVolume (HddsVolume.java:<init>(176)) - Creating Volume: /workdir/hadoop-ozone/integration-test/target/test-dir/MiniOzoneClusterImpl-5336a62e-69ee-4f83-b879-69e147fbc7dd/datanode-4/data/containers/hdds of  storage type : DISK and capacity : 1482555576320
2019-09-30 19:02:39,070 [main] INFO  volume.VolumeSet (VolumeSet.java:initializeVolumeSet(170)) - Added Volume : /workdir/hadoop-ozone/integration-test/target/test-dir/MiniOzoneClusterImpl-5336a62e-69ee-4f83-b879-69e147fbc7dd/datanode-4/data/containers/hdds to VolumeSet
2019-09-30 19:02:39,070 [main] INFO  volume.ThrottledAsyncChecker (ThrottledAsyncChecker.java:schedule(139)) - Scheduling a check for org.apache.hadoop.ozone.container.common.volume.HddsVolume@6cdee57
2019-09-30 19:02:39,070 [main] INFO  volume.HddsVolumeChecker (HddsVolumeChecker.java:checkAllVolumes(202)) - Scheduled health check for volume org.apache.hadoop.ozone.container.common.volume.HddsVolume@6cdee57
2019-09-30 19:02:39,082 [main] INFO  impl.RaftServerProxy (ConfUtils.java:logGet(43)) - raft.rpc.type = GRPC (default)
2019-09-30 19:02:39,082 [main] INFO  grpc.GrpcFactory (GrpcFactory.java:checkPooledByteBufAllocatorUseCacheForAllThreads(45)) - PERFORMANCE WARNING: useCacheForAllThreads is true that may cause Netty to create a lot garbage objects and, as a result, trigger GC.
	It is recommended to disable useCacheForAllThreads by setting -Dorg.apache.ratis.thirdparty.io.netty.allocator.useCacheForAllThreads=false in command line.
2019-09-30 19:02:39,082 [main] INFO  grpc.GrpcConfigKeys$Server (ConfUtils.java:logGet(43)) - raft.grpc.server.port = 0 (default)
2019-09-30 19:02:39,083 [main] INFO  server.GrpcService (ConfUtils.java:logGet(43)) - raft.grpc.message.size.max = 33570816 (custom)
2019-09-30 19:02:39,083 [main] INFO  server.RaftServerConfigKeys (ConfUtils.java:logGet(43)) - raft.server.log.appender.buffer.byte-limit = 33554432 (custom)
2019-09-30 19:02:39,083 [main] INFO  server.GrpcService (ConfUtils.java:logGet(43)) - raft.grpc.flow.control.window = 1MB (=1048576) (default)
2019-09-30 19:02:39,083 [main] INFO  server.RaftServerConfigKeys (ConfUtils.java:logGet(43)) - raft.server.rpc.request.timeout = 3000ms (default)
2019-09-30 19:02:39,083 [main] INFO  server.RaftServerConfigKeys (ConfUtils.java:logGet(43)) - raft.server.storage.dir = [/workdir/hadoop-ozone/integration-test/target/test-dir/MiniOzoneClusterImpl-5336a62e-69ee-4f83-b879-69e147fbc7dd/datanode-4/data/ratis] (custom)
2019-09-30 19:02:39,085 [main] INFO  hdfs.DFSUtil (DFSUtil.java:httpServerTemplateForNNAndJN(1641)) - Starting Web-server for hddsDatanode at: http://0.0.0.0:0
2019-09-30 19:02:39,086 [main] INFO  server.AuthenticationFilter (AuthenticationFilter.java:constructSecretProvider(240)) - Unable to initialize FileSignerSecretProvider, falling back to use random secrets.
2019-09-30 19:02:39,086 [main] WARN  http.HttpRequestLog (HttpRequestLog.java:getRequestLog(97)) - Jetty request log can only be enabled using Log4j
2019-09-30 19:02:39,087 [main] INFO  http.HttpServer2 (HttpServer2.java:addGlobalFilter(975)) - Added global filter 'safety' (class=org.apache.hadoop.http.HttpServer2$QuotingInputFilter)
2019-09-30 19:02:39,088 [main] INFO  http.HttpServer2 (HttpServer2.java:addFilter(948)) - Added filter static_user_filter (class=org.apache.hadoop.http.lib.StaticUserWebFilter$StaticUserFilter) to context hddsDatanode
2019-09-30 19:02:39,088 [main] INFO  http.HttpServer2 (HttpServer2.java:addFilter(958)) - Added filter static_user_filter (class=org.apache.hadoop.http.lib.StaticUserWebFilter$StaticUserFilter) to context logs
2019-09-30 19:02:39,088 [main] INFO  http.HttpServer2 (HttpServer2.java:addFilter(958)) - Added filter static_user_filter (class=org.apache.hadoop.http.lib.StaticUserWebFilter$StaticUserFilter) to context static
2019-09-30 19:02:39,088 [main] INFO  http.HttpServer2 (HttpServer2.java:bindListener(1191)) - Jetty bound to port 40115
2019-09-30 19:02:39,089 [main] INFO  server.Server (Server.java:doStart(351)) - jetty-9.3.25.v20180904, build timestamp: 2018-09-04T21:11:46Z, git hash: 3ce520221d0240229c862b122d2b06c12a625732
2019-09-30 19:02:39,090 [main] INFO  handler.ContextHandler (ContextHandler.java:doStart(781)) - Started o.e.j.s.ServletContextHandler@7f22687e{/logs,file:///workdir/hadoop-ozone/integration-test/target/log,AVAILABLE}
2019-09-30 19:02:39,090 [main] INFO  handler.ContextHandler (ContextHandler.java:doStart(781)) - Started o.e.j.s.ServletContextHandler@22a4ca4a{/static,jar:file:/home/user/.m2/repository/org/apache/hadoop/hadoop-hdds-container-service/0.5.0-SNAPSHOT/hadoop-hdds-container-service-0.5.0-SNAPSHOT.jar!/webapps/static,AVAILABLE}
2019-09-30 19:02:39,117 [main] INFO  handler.ContextHandler (ContextHandler.java:doStart(781)) - Started o.e.j.w.WebAppContext@307cf964{/,file:///tmp/jetty-0.0.0.0-40115-hddsDatanode-_-any-6633224358108141168.dir/webapp/,AVAILABLE}{/hddsDatanode}
2019-09-30 19:02:39,117 [main] INFO  server.AbstractConnector (AbstractConnector.java:doStart(278)) - Started ServerConnector@374ccb9{HTTP/1.1,[http/1.1]}{0.0.0.0:40115}
2019-09-30 19:02:39,117 [main] INFO  server.Server (Server.java:doStart(419)) - Started @601105ms
2019-09-30 19:02:39,119 [main] WARN  impl.MetricsSystemImpl (MetricsSystemImpl.java:register(276)) - Sink prometheus already exists!
2019-09-30 19:02:39,119 [main] INFO  server.BaseHttpServer (BaseHttpServer.java:updateConnectorAddress(215)) - HTTP server of HDDSDATANODE is listening at http://0.0.0.0:40115
2019-09-30 19:02:39,120 [main] INFO  impl.MetricsSystemImpl (MetricsSystemImpl.java:init(158)) - HddsDatanode metrics system started (again)
2019-09-30 19:02:39,124 [org.apache.hadoop.util.JvmPauseMonitor$Monitor@2952182f] INFO  util.JvmPauseMonitor (JvmPauseMonitor.java:run(188)) - Starting JVM pause monitor
2019-09-30 19:02:39,124 [main] INFO  ozone.HddsDatanodeService (HddsDatanodeService.java:start(184)) - HddsDatanodeService host:pr-hdds-1720-trunk-4nqxd-2896763123 ip:192.168.151.118
2019-09-30 19:02:39,125 [Datanode State Machine Thread - 0] INFO  datanode.InitDatanodeState (InitDatanodeState.java:persistContainerDatanodeDetails(140)) - DatanodeDetails is persisted to /workdir/hadoop-ozone/integration-test/target/test-dir/MiniOzoneClusterImpl-5336a62e-69ee-4f83-b879-69e147fbc7dd/datanode-4/meta/datanode.id
2019-09-30 19:02:39,130 [main] INFO  volume.HddsVolume (HddsVolume.java:<init>(176)) - Creating Volume: /workdir/hadoop-ozone/integration-test/target/test-dir/MiniOzoneClusterImpl-5336a62e-69ee-4f83-b879-69e147fbc7dd/datanode-5/data/containers/hdds of  storage type : DISK and capacity : 1482555576320
2019-09-30 19:02:39,130 [main] INFO  volume.VolumeSet (VolumeSet.java:initializeVolumeSet(170)) - Added Volume : /workdir/hadoop-ozone/integration-test/target/test-dir/MiniOzoneClusterImpl-5336a62e-69ee-4f83-b879-69e147fbc7dd/datanode-5/data/containers/hdds to VolumeSet
2019-09-30 19:02:39,130 [main] INFO  volume.ThrottledAsyncChecker (ThrottledAsyncChecker.java:schedule(139)) - Scheduling a check for org.apache.hadoop.ozone.container.common.volume.HddsVolume@1fe8f5e8
2019-09-30 19:02:39,130 [main] INFO  volume.HddsVolumeChecker (HddsVolumeChecker.java:checkAllVolumes(202)) - Scheduled health check for volume org.apache.hadoop.ozone.container.common.volume.HddsVolume@1fe8f5e8
2019-09-30 19:02:39,143 [main] INFO  impl.RaftServerProxy (ConfUtils.java:logGet(43)) - raft.rpc.type = GRPC (default)
2019-09-30 19:02:39,143 [main] INFO  grpc.GrpcFactory (GrpcFactory.java:checkPooledByteBufAllocatorUseCacheForAllThreads(45)) - PERFORMANCE WARNING: useCacheForAllThreads is true that may cause Netty to create a lot garbage objects and, as a result, trigger GC.
	It is recommended to disable useCacheForAllThreads by setting -Dorg.apache.ratis.thirdparty.io.netty.allocator.useCacheForAllThreads=false in command line.
2019-09-30 19:02:39,143 [main] INFO  grpc.GrpcConfigKeys$Server (ConfUtils.java:logGet(43)) - raft.grpc.server.port = 0 (default)
2019-09-30 19:02:39,143 [main] INFO  server.GrpcService (ConfUtils.java:logGet(43)) - raft.grpc.message.size.max = 33570816 (custom)
2019-09-30 19:02:39,144 [main] INFO  server.RaftServerConfigKeys (ConfUtils.java:logGet(43)) - raft.server.log.appender.buffer.byte-limit = 33554432 (custom)
2019-09-30 19:02:39,144 [main] INFO  server.GrpcService (ConfUtils.java:logGet(43)) - raft.grpc.flow.control.window = 1MB (=1048576) (default)
2019-09-30 19:02:39,144 [main] INFO  server.RaftServerConfigKeys (ConfUtils.java:logGet(43)) - raft.server.rpc.request.timeout = 3000ms (default)
2019-09-30 19:02:39,144 [main] INFO  server.RaftServerConfigKeys (ConfUtils.java:logGet(43)) - raft.server.storage.dir = [/workdir/hadoop-ozone/integration-test/target/test-dir/MiniOzoneClusterImpl-5336a62e-69ee-4f83-b879-69e147fbc7dd/datanode-5/data/ratis] (custom)
2019-09-30 19:02:39,145 [main] INFO  hdfs.DFSUtil (DFSUtil.java:httpServerTemplateForNNAndJN(1641)) - Starting Web-server for hddsDatanode at: http://0.0.0.0:0
2019-09-30 19:02:39,146 [main] INFO  server.AuthenticationFilter (AuthenticationFilter.java:constructSecretProvider(240)) - Unable to initialize FileSignerSecretProvider, falling back to use random secrets.
2019-09-30 19:02:39,147 [main] WARN  http.HttpRequestLog (HttpRequestLog.java:getRequestLog(97)) - Jetty request log can only be enabled using Log4j
2019-09-30 19:02:39,148 [main] INFO  http.HttpServer2 (HttpServer2.java:addGlobalFilter(975)) - Added global filter 'safety' (class=org.apache.hadoop.http.HttpServer2$QuotingInputFilter)
2019-09-30 19:02:39,148 [main] INFO  http.HttpServer2 (HttpServer2.java:addFilter(948)) - Added filter static_user_filter (class=org.apache.hadoop.http.lib.StaticUserWebFilter$StaticUserFilter) to context hddsDatanode
2019-09-30 19:02:39,148 [main] INFO  http.HttpServer2 (HttpServer2.java:addFilter(958)) - Added filter static_user_filter (class=org.apache.hadoop.http.lib.StaticUserWebFilter$StaticUserFilter) to context static
2019-09-30 19:02:39,148 [main] INFO  http.HttpServer2 (HttpServer2.java:addFilter(958)) - Added filter static_user_filter (class=org.apache.hadoop.http.lib.StaticUserWebFilter$StaticUserFilter) to context logs
2019-09-30 19:02:39,149 [main] INFO  http.HttpServer2 (HttpServer2.java:bindListener(1191)) - Jetty bound to port 38194
2019-09-30 19:02:39,149 [main] INFO  server.Server (Server.java:doStart(351)) - jetty-9.3.25.v20180904, build timestamp: 2018-09-04T21:11:46Z, git hash: 3ce520221d0240229c862b122d2b06c12a625732
2019-09-30 19:02:39,150 [main] INFO  handler.ContextHandler (ContextHandler.java:doStart(781)) - Started o.e.j.s.ServletContextHandler@51f68849{/logs,file:///workdir/hadoop-ozone/integration-test/target/log,AVAILABLE}
2019-09-30 19:02:39,150 [main] INFO  handler.ContextHandler (ContextHandler.java:doStart(781)) - Started o.e.j.s.ServletContextHandler@5520f675{/static,jar:file:/home/user/.m2/repository/org/apache/hadoop/hadoop-hdds-container-service/0.5.0-SNAPSHOT/hadoop-hdds-container-service-0.5.0-SNAPSHOT.jar!/webapps/static,AVAILABLE}
2019-09-30 19:02:39,177 [main] INFO  handler.ContextHandler (ContextHandler.java:doStart(781)) - Started o.e.j.w.WebAppContext@4e958f08{/,file:///tmp/jetty-0.0.0.0-38194-hddsDatanode-_-any-3817071328208817104.dir/webapp/,AVAILABLE}{/hddsDatanode}
2019-09-30 19:02:39,177 [main] INFO  server.AbstractConnector (AbstractConnector.java:doStart(278)) - Started ServerConnector@71c0b742{HTTP/1.1,[http/1.1]}{0.0.0.0:38194}
2019-09-30 19:02:39,179 [main] INFO  server.Server (Server.java:doStart(419)) - Started @601167ms
2019-09-30 19:02:39,179 [main] WARN  impl.MetricsSystemImpl (MetricsSystemImpl.java:register(276)) - Sink prometheus already exists!
2019-09-30 19:02:39,180 [main] INFO  server.BaseHttpServer (BaseHttpServer.java:updateConnectorAddress(215)) - HTTP server of HDDSDATANODE is listening at http://0.0.0.0:38194
2019-09-30 19:02:39,180 [main] INFO  impl.MetricsSystemImpl (MetricsSystemImpl.java:init(158)) - HddsDatanode metrics system started (again)
2019-09-30 19:02:39,185 [org.apache.hadoop.util.JvmPauseMonitor$Monitor@743e60a7] INFO  util.JvmPauseMonitor (JvmPauseMonitor.java:run(188)) - Starting JVM pause monitor
2019-09-30 19:02:39,185 [main] INFO  ozone.HddsDatanodeService (HddsDatanodeService.java:start(184)) - HddsDatanodeService host:pr-hdds-1720-trunk-4nqxd-2896763123 ip:192.168.151.118
2019-09-30 19:02:39,187 [Datanode State Machine Thread - 0] INFO  datanode.InitDatanodeState (InitDatanodeState.java:persistContainerDatanodeDetails(140)) - DatanodeDetails is persisted to /workdir/hadoop-ozone/integration-test/target/test-dir/MiniOzoneClusterImpl-5336a62e-69ee-4f83-b879-69e147fbc7dd/datanode-5/meta/datanode.id
2019-09-30 19:02:39,191 [main] INFO  volume.HddsVolume (HddsVolume.java:<init>(176)) - Creating Volume: /workdir/hadoop-ozone/integration-test/target/test-dir/MiniOzoneClusterImpl-5336a62e-69ee-4f83-b879-69e147fbc7dd/datanode-6/data/containers/hdds of  storage type : DISK and capacity : 1482555576320
2019-09-30 19:02:39,191 [main] INFO  volume.VolumeSet (VolumeSet.java:initializeVolumeSet(170)) - Added Volume : /workdir/hadoop-ozone/integration-test/target/test-dir/MiniOzoneClusterImpl-5336a62e-69ee-4f83-b879-69e147fbc7dd/datanode-6/data/containers/hdds to VolumeSet
2019-09-30 19:02:39,191 [main] INFO  volume.ThrottledAsyncChecker (ThrottledAsyncChecker.java:schedule(139)) - Scheduling a check for org.apache.hadoop.ozone.container.common.volume.HddsVolume@1a2e563e
2019-09-30 19:02:39,192 [main] INFO  volume.HddsVolumeChecker (HddsVolumeChecker.java:checkAllVolumes(202)) - Scheduled health check for volume org.apache.hadoop.ozone.container.common.volume.HddsVolume@1a2e563e
2019-09-30 19:02:39,204 [main] INFO  impl.RaftServerProxy (ConfUtils.java:logGet(43)) - raft.rpc.type = GRPC (default)
2019-09-30 19:02:39,204 [main] INFO  grpc.GrpcFactory (GrpcFactory.java:checkPooledByteBufAllocatorUseCacheForAllThreads(45)) - PERFORMANCE WARNING: useCacheForAllThreads is true that may cause Netty to create a lot garbage objects and, as a result, trigger GC.
	It is recommended to disable useCacheForAllThreads by setting -Dorg.apache.ratis.thirdparty.io.netty.allocator.useCacheForAllThreads=false in command line.
2019-09-30 19:02:39,204 [main] INFO  grpc.GrpcConfigKeys$Server (ConfUtils.java:logGet(43)) - raft.grpc.server.port = 0 (default)
2019-09-30 19:02:39,205 [main] INFO  server.GrpcService (ConfUtils.java:logGet(43)) - raft.grpc.message.size.max = 33570816 (custom)
2019-09-30 19:02:39,205 [main] INFO  server.RaftServerConfigKeys (ConfUtils.java:logGet(43)) - raft.server.log.appender.buffer.byte-limit = 33554432 (custom)
2019-09-30 19:02:39,205 [main] INFO  server.GrpcService (ConfUtils.java:logGet(43)) - raft.grpc.flow.control.window = 1MB (=1048576) (default)
2019-09-30 19:02:39,205 [main] INFO  server.RaftServerConfigKeys (ConfUtils.java:logGet(43)) - raft.server.rpc.request.timeout = 3000ms (default)
2019-09-30 19:02:39,205 [main] INFO  server.RaftServerConfigKeys (ConfUtils.java:logGet(43)) - raft.server.storage.dir = [/workdir/hadoop-ozone/integration-test/target/test-dir/MiniOzoneClusterImpl-5336a62e-69ee-4f83-b879-69e147fbc7dd/datanode-6/data/ratis] (custom)
2019-09-30 19:02:39,207 [main] INFO  hdfs.DFSUtil (DFSUtil.java:httpServerTemplateForNNAndJN(1641)) - Starting Web-server for hddsDatanode at: http://0.0.0.0:0
2019-09-30 19:02:39,208 [main] INFO  server.AuthenticationFilter (AuthenticationFilter.java:constructSecretProvider(240)) - Unable to initialize FileSignerSecretProvider, falling back to use random secrets.
2019-09-30 19:02:39,208 [main] WARN  http.HttpRequestLog (HttpRequestLog.java:getRequestLog(97)) - Jetty request log can only be enabled using Log4j
2019-09-30 19:02:39,210 [main] INFO  http.HttpServer2 (HttpServer2.java:addGlobalFilter(975)) - Added global filter 'safety' (class=org.apache.hadoop.http.HttpServer2$QuotingInputFilter)
2019-09-30 19:02:39,210 [main] INFO  http.HttpServer2 (HttpServer2.java:addFilter(948)) - Added filter static_user_filter (class=org.apache.hadoop.http.lib.StaticUserWebFilter$StaticUserFilter) to context hddsDatanode
2019-09-30 19:02:39,210 [main] INFO  http.HttpServer2 (HttpServer2.java:addFilter(958)) - Added filter static_user_filter (class=org.apache.hadoop.http.lib.StaticUserWebFilter$StaticUserFilter) to context logs
2019-09-30 19:02:39,210 [main] INFO  http.HttpServer2 (HttpServer2.java:addFilter(958)) - Added filter static_user_filter (class=org.apache.hadoop.http.lib.StaticUserWebFilter$StaticUserFilter) to context static
2019-09-30 19:02:39,211 [main] INFO  http.HttpServer2 (HttpServer2.java:bindListener(1191)) - Jetty bound to port 42117
2019-09-30 19:02:39,211 [main] INFO  server.Server (Server.java:doStart(351)) - jetty-9.3.25.v20180904, build timestamp: 2018-09-04T21:11:46Z, git hash: 3ce520221d0240229c862b122d2b06c12a625732
2019-09-30 19:02:39,213 [main] INFO  handler.ContextHandler (ContextHandler.java:doStart(781)) - Started o.e.j.s.ServletContextHandler@45bbc52f{/logs,file:///workdir/hadoop-ozone/integration-test/target/log,AVAILABLE}
2019-09-30 19:02:39,214 [main] INFO  handler.ContextHandler (ContextHandler.java:doStart(781)) - Started o.e.j.s.ServletContextHandler@3cc9632d{/static,jar:file:/home/user/.m2/repository/org/apache/hadoop/hadoop-hdds-container-service/0.5.0-SNAPSHOT/hadoop-hdds-container-service-0.5.0-SNAPSHOT.jar!/webapps/static,AVAILABLE}
2019-09-30 19:02:39,241 [main] INFO  handler.ContextHandler (ContextHandler.java:doStart(781)) - Started o.e.j.w.WebAppContext@49491770{/,file:///tmp/jetty-0.0.0.0-42117-hddsDatanode-_-any-7214905583526013427.dir/webapp/,AVAILABLE}{/hddsDatanode}
2019-09-30 19:02:39,242 [main] INFO  server.AbstractConnector (AbstractConnector.java:doStart(278)) - Started ServerConnector@5bec3e0{HTTP/1.1,[http/1.1]}{0.0.0.0:42117}
2019-09-30 19:02:39,246 [main] INFO  server.Server (Server.java:doStart(419)) - Started @601234ms
2019-09-30 19:02:39,246 [main] WARN  impl.MetricsSystemImpl (MetricsSystemImpl.java:register(276)) - Sink prometheus already exists!
2019-09-30 19:02:39,247 [main] INFO  server.BaseHttpServer (BaseHttpServer.java:updateConnectorAddress(215)) - HTTP server of HDDSDATANODE is listening at http://0.0.0.0:42117
2019-09-30 19:02:39,247 [main] INFO  ozone.MiniOzoneClusterImpl (MiniOzoneClusterImpl.java:lambda$waitForClusterToBeReady$0(147)) - Waiting for cluster to be ready. Got 0 of 7 DN Heartbeats.
2019-09-30 19:02:39,248 [org.apache.hadoop.util.JvmPauseMonitor$Monitor@5ad7e5b6] INFO  util.JvmPauseMonitor (JvmPauseMonitor.java:run(188)) - Starting JVM pause monitor
2019-09-30 19:02:39,250 [Datanode State Machine Thread - 0] INFO  datanode.InitDatanodeState (InitDatanodeState.java:persistContainerDatanodeDetails(140)) - DatanodeDetails is persisted to /workdir/hadoop-ozone/integration-test/target/test-dir/MiniOzoneClusterImpl-5336a62e-69ee-4f83-b879-69e147fbc7dd/datanode-6/meta/datanode.id
2019-09-30 19:02:40,247 [main] INFO  ozone.MiniOzoneClusterImpl (MiniOzoneClusterImpl.java:lambda$waitForClusterToBeReady$0(147)) - Waiting for cluster to be ready. Got 0 of 7 DN Heartbeats.
2019-09-30 19:02:40,880 [Datanode State Machine Thread - 0] INFO  ozoneimpl.OzoneContainer (OzoneContainer.java:start(217)) - Attempting to start container services.
2019-09-30 19:02:40,881 [Datanode State Machine Thread - 0] INFO  ozoneimpl.OzoneContainer (OzoneContainer.java:startContainerScrub(179)) - Background container scanner has been disabled.
2019-09-30 19:02:40,881 [Datanode State Machine Thread - 0] INFO  ratis.XceiverServerRatis (XceiverServerRatis.java:start(411)) - Starting XceiverServerRatis 4d188239-23e4-42be-905f-1996fdec2c9c at port 0
2019-09-30 19:02:40,888 [Datanode State Machine Thread - 0] INFO  impl.RaftServerProxy (RaftServerProxy.java:lambda$start$3(299)) - 4d188239-23e4-42be-905f-1996fdec2c9c: start RPC server
2019-09-30 19:02:40,890 [Datanode State Machine Thread - 0] INFO  server.GrpcService (GrpcService.java:startImpl(158)) - 4d188239-23e4-42be-905f-1996fdec2c9c: GrpcService started, listening on 0.0.0.0/0.0.0.0:35619
2019-09-30 19:02:40,891 [Datanode State Machine Thread - 0] INFO  ratis.XceiverServerRatis (XceiverServerRatis.java:start(421)) - XceiverServerRatis 4d188239-23e4-42be-905f-1996fdec2c9c is started using port 35619
2019-09-30 19:02:40,891 [Datanode State Machine Thread - 0] INFO  server.XceiverServerGrpc (XceiverServerGrpc.java:start(149)) - XceiverServerGrpc 4d188239-23e4-42be-905f-1996fdec2c9c is started using port 36264
2019-09-30 19:02:40,933 [Datanode State Machine Thread - 0] INFO  ozoneimpl.OzoneContainer (OzoneContainer.java:start(217)) - Attempting to start container services.
2019-09-30 19:02:40,934 [Datanode State Machine Thread - 0] INFO  ozoneimpl.OzoneContainer (OzoneContainer.java:startContainerScrub(179)) - Background container scanner has been disabled.
2019-09-30 19:02:40,934 [Datanode State Machine Thread - 0] INFO  ratis.XceiverServerRatis (XceiverServerRatis.java:start(411)) - Starting XceiverServerRatis 21fb7ab6-941e-4ef2-9919-d5dae2e9d2ac at port 0
2019-09-30 19:02:40,941 [Datanode State Machine Thread - 0] INFO  impl.RaftServerProxy (RaftServerProxy.java:lambda$start$3(299)) - 21fb7ab6-941e-4ef2-9919-d5dae2e9d2ac: start RPC server
2019-09-30 19:02:40,943 [Datanode State Machine Thread - 0] INFO  server.GrpcService (GrpcService.java:startImpl(158)) - 21fb7ab6-941e-4ef2-9919-d5dae2e9d2ac: GrpcService started, listening on 0.0.0.0/0.0.0.0:44674
2019-09-30 19:02:40,943 [Datanode State Machine Thread - 0] INFO  ratis.XceiverServerRatis (XceiverServerRatis.java:start(421)) - XceiverServerRatis 21fb7ab6-941e-4ef2-9919-d5dae2e9d2ac is started using port 44674
2019-09-30 19:02:40,946 [Datanode State Machine Thread - 0] INFO  server.XceiverServerGrpc (XceiverServerGrpc.java:start(149)) - XceiverServerGrpc 21fb7ab6-941e-4ef2-9919-d5dae2e9d2ac is started using port 42994
2019-09-30 19:02:41,017 [Datanode State Machine Thread - 0] INFO  ozoneimpl.OzoneContainer (OzoneContainer.java:start(217)) - Attempting to start container services.
2019-09-30 19:02:41,018 [Datanode State Machine Thread - 0] INFO  ozoneimpl.OzoneContainer (OzoneContainer.java:startContainerScrub(179)) - Background container scanner has been disabled.
2019-09-30 19:02:41,018 [Datanode State Machine Thread - 0] INFO  ratis.XceiverServerRatis (XceiverServerRatis.java:start(411)) - Starting XceiverServerRatis d2b3b5aa-c8b2-466d-a8da-ebc2ed594bf9 at port 0
2019-09-30 19:02:41,026 [Datanode State Machine Thread - 0] INFO  impl.RaftServerProxy (RaftServerProxy.java:lambda$start$3(299)) - d2b3b5aa-c8b2-466d-a8da-ebc2ed594bf9: start RPC server
2019-09-30 19:02:41,029 [Datanode State Machine Thread - 0] INFO  server.GrpcService (GrpcService.java:startImpl(158)) - d2b3b5aa-c8b2-466d-a8da-ebc2ed594bf9: GrpcService started, listening on 0.0.0.0/0.0.0.0:36990
2019-09-30 19:02:41,030 [Datanode State Machine Thread - 0] INFO  ratis.XceiverServerRatis (XceiverServerRatis.java:start(421)) - XceiverServerRatis d2b3b5aa-c8b2-466d-a8da-ebc2ed594bf9 is started using port 36990
2019-09-30 19:02:41,030 [Datanode State Machine Thread - 0] INFO  server.XceiverServerGrpc (XceiverServerGrpc.java:start(149)) - XceiverServerGrpc d2b3b5aa-c8b2-466d-a8da-ebc2ed594bf9 is started using port 37945
2019-09-30 19:02:41,078 [Datanode State Machine Thread - 0] INFO  ozoneimpl.OzoneContainer (OzoneContainer.java:start(217)) - Attempting to start container services.
2019-09-30 19:02:41,078 [Datanode State Machine Thread - 0] INFO  ozoneimpl.OzoneContainer (OzoneContainer.java:startContainerScrub(179)) - Background container scanner has been disabled.
2019-09-30 19:02:41,078 [Datanode State Machine Thread - 0] INFO  ratis.XceiverServerRatis (XceiverServerRatis.java:start(411)) - Starting XceiverServerRatis bac7da44-233b-4de3-83ed-f92823745413 at port 0
2019-09-30 19:02:41,085 [Datanode State Machine Thread - 0] INFO  impl.RaftServerProxy (RaftServerProxy.java:lambda$start$3(299)) - bac7da44-233b-4de3-83ed-f92823745413: start RPC server
2019-09-30 19:02:41,086 [Datanode State Machine Thread - 0] INFO  server.GrpcService (GrpcService.java:startImpl(158)) - bac7da44-233b-4de3-83ed-f92823745413: GrpcService started, listening on 0.0.0.0/0.0.0.0:46321
2019-09-30 19:02:41,086 [Datanode State Machine Thread - 0] INFO  ratis.XceiverServerRatis (XceiverServerRatis.java:start(421)) - XceiverServerRatis bac7da44-233b-4de3-83ed-f92823745413 is started using port 46321
2019-09-30 19:02:41,087 [Datanode State Machine Thread - 0] INFO  server.XceiverServerGrpc (XceiverServerGrpc.java:start(149)) - XceiverServerGrpc bac7da44-233b-4de3-83ed-f92823745413 is started using port 38413
2019-09-30 19:02:41,139 [Datanode State Machine Thread - 0] INFO  ozoneimpl.OzoneContainer (OzoneContainer.java:start(217)) - Attempting to start container services.
2019-09-30 19:02:41,139 [Datanode State Machine Thread - 0] INFO  ozoneimpl.OzoneContainer (OzoneContainer.java:startContainerScrub(179)) - Background container scanner has been disabled.
2019-09-30 19:02:41,140 [Datanode State Machine Thread - 0] INFO  ratis.XceiverServerRatis (XceiverServerRatis.java:start(411)) - Starting XceiverServerRatis d7a777ed-f162-4a09-a085-0dd4a74802e5 at port 0
2019-09-30 19:02:41,146 [Datanode State Machine Thread - 0] INFO  impl.RaftServerProxy (RaftServerProxy.java:lambda$start$3(299)) - d7a777ed-f162-4a09-a085-0dd4a74802e5: start RPC server
2019-09-30 19:02:41,147 [Datanode State Machine Thread - 0] INFO  server.GrpcService (GrpcService.java:startImpl(158)) - d7a777ed-f162-4a09-a085-0dd4a74802e5: GrpcService started, listening on 0.0.0.0/0.0.0.0:43081
2019-09-30 19:02:41,147 [Datanode State Machine Thread - 0] INFO  ratis.XceiverServerRatis (XceiverServerRatis.java:start(421)) - XceiverServerRatis d7a777ed-f162-4a09-a085-0dd4a74802e5 is started using port 43081
2019-09-30 19:02:41,150 [Datanode State Machine Thread - 0] INFO  server.XceiverServerGrpc (XceiverServerGrpc.java:start(149)) - XceiverServerGrpc d7a777ed-f162-4a09-a085-0dd4a74802e5 is started using port 35662
2019-09-30 19:02:41,200 [Datanode State Machine Thread - 0] INFO  ozoneimpl.OzoneContainer (OzoneContainer.java:start(217)) - Attempting to start container services.
2019-09-30 19:02:41,200 [Datanode State Machine Thread - 0] INFO  ozoneimpl.OzoneContainer (OzoneContainer.java:startContainerScrub(179)) - Background container scanner has been disabled.
2019-09-30 19:02:41,200 [Datanode State Machine Thread - 0] INFO  ratis.XceiverServerRatis (XceiverServerRatis.java:start(411)) - Starting XceiverServerRatis 025042d3-9c8f-4cc2-b91c-038e79c6d064 at port 0
2019-09-30 19:02:41,207 [Datanode State Machine Thread - 0] INFO  impl.RaftServerProxy (RaftServerProxy.java:lambda$start$3(299)) - 025042d3-9c8f-4cc2-b91c-038e79c6d064: start RPC server
2019-09-30 19:02:41,207 [Datanode State Machine Thread - 0] INFO  server.GrpcService (GrpcService.java:startImpl(158)) - 025042d3-9c8f-4cc2-b91c-038e79c6d064: GrpcService started, listening on 0.0.0.0/0.0.0.0:44386
2019-09-30 19:02:41,207 [Datanode State Machine Thread - 0] INFO  ratis.XceiverServerRatis (XceiverServerRatis.java:start(421)) - XceiverServerRatis 025042d3-9c8f-4cc2-b91c-038e79c6d064 is started using port 44386
2019-09-30 19:02:41,208 [Datanode State Machine Thread - 0] INFO  server.XceiverServerGrpc (XceiverServerGrpc.java:start(149)) - XceiverServerGrpc 025042d3-9c8f-4cc2-b91c-038e79c6d064 is started using port 36157
2019-09-30 19:02:41,248 [main] INFO  ozone.MiniOzoneClusterImpl (MiniOzoneClusterImpl.java:lambda$waitForClusterToBeReady$0(147)) - Waiting for cluster to be ready. Got 0 of 7 DN Heartbeats.
2019-09-30 19:02:41,262 [Datanode State Machine Thread - 0] INFO  ozoneimpl.OzoneContainer (OzoneContainer.java:start(217)) - Attempting to start container services.
2019-09-30 19:02:41,262 [Datanode State Machine Thread - 0] INFO  ozoneimpl.OzoneContainer (OzoneContainer.java:startContainerScrub(179)) - Background container scanner has been disabled.
2019-09-30 19:02:41,262 [Datanode State Machine Thread - 0] INFO  ratis.XceiverServerRatis (XceiverServerRatis.java:start(411)) - Starting XceiverServerRatis a9bacd76-4374-4de2-973f-423736f4e858 at port 0
2019-09-30 19:02:41,268 [Datanode State Machine Thread - 0] INFO  impl.RaftServerProxy (RaftServerProxy.java:lambda$start$3(299)) - a9bacd76-4374-4de2-973f-423736f4e858: start RPC server
2019-09-30 19:02:41,269 [Datanode State Machine Thread - 0] INFO  server.GrpcService (GrpcService.java:startImpl(158)) - a9bacd76-4374-4de2-973f-423736f4e858: GrpcService started, listening on 0.0.0.0/0.0.0.0:45289
2019-09-30 19:02:41,269 [Datanode State Machine Thread - 0] INFO  ratis.XceiverServerRatis (XceiverServerRatis.java:start(421)) - XceiverServerRatis a9bacd76-4374-4de2-973f-423736f4e858 is started using port 45289
2019-09-30 19:02:41,269 [Datanode State Machine Thread - 0] INFO  server.XceiverServerGrpc (XceiverServerGrpc.java:start(149)) - XceiverServerGrpc a9bacd76-4374-4de2-973f-423736f4e858 is started using port 36603
2019-09-30 19:02:42,249 [main] INFO  ozone.MiniOzoneClusterImpl (MiniOzoneClusterImpl.java:lambda$waitForClusterToBeReady$0(147)) - Waiting for cluster to be ready. Got 0 of 7 DN Heartbeats.
2019-09-30 19:02:42,862 [IPC Server handler 2 on 45486] INFO  net.NetworkTopology (NetworkTopologyImpl.java:add(111)) - Added a new node: /default-rack/4d188239-23e4-42be-905f-1996fdec2c9c
2019-09-30 19:02:42,865 [IPC Server handler 2 on 45486] INFO  node.SCMNodeManager (SCMNodeManager.java:register(266)) - Registered Data node : 4d188239-23e4-42be-905f-1996fdec2c9c{ip: 192.168.151.118, host: pr-hdds-1720-trunk-4nqxd-2896763123, networkLocation: /default-rack, certSerialId: null}
2019-09-30 19:02:42,866 [EventQueue-NodeRegistrationContainerReportForDataNodeSafeModeRule] INFO  safemode.SCMSafeModeManager (DataNodeSafeModeRule.java:process(71)) - SCM in safe mode. 1 DataNodes registered, 1 required.
2019-09-30 19:02:42,868 [EventQueue-NodeRegistrationContainerReportForDataNodeSafeModeRule] INFO  safemode.SCMSafeModeManager (SCMSafeModeManager.java:validateSafeModeExitRules(177)) - ScmSafeModeManager, all rules are successfully validated
2019-09-30 19:02:42,869 [EventQueue-NodeRegistrationContainerReportForDataNodeSafeModeRule] INFO  safemode.SCMSafeModeManager (SCMSafeModeManager.java:exitSafeMode(193)) - SCM exiting safe mode.
2019-09-30 19:02:42,879 [grpc-default-executor-13] INFO  impl.RaftServerProxy (RaftServerProxy.java:addNew(89)) - 4d188239-23e4-42be-905f-1996fdec2c9c: addNew group-5CD7BB7C2233:[4d188239-23e4-42be-905f-1996fdec2c9c:192.168.151.118:35619] returns group-5CD7BB7C2233:java.util.concurrent.CompletableFuture@f70dbd0[Not completed]
2019-09-30 19:02:42,882 [pool-409-thread-1] INFO  impl.RaftServerImpl (RaftServerImpl.java:<init>(95)) - 4d188239-23e4-42be-905f-1996fdec2c9c: new RaftServerImpl for group-5CD7BB7C2233:[4d188239-23e4-42be-905f-1996fdec2c9c:192.168.151.118:35619] with ContainerStateMachine:uninitialized
2019-09-30 19:02:42,882 [pool-409-thread-1] INFO  server.RaftServerConfigKeys (ConfUtils.java:logGet(43)) - raft.server.rpc.timeout.min = 5s (custom)
2019-09-30 19:02:42,882 [pool-409-thread-1] INFO  server.RaftServerConfigKeys (ConfUtils.java:logGet(43)) - raft.server.rpc.timeout.max = 5200ms (custom)
2019-09-30 19:02:42,883 [pool-409-thread-1] INFO  server.RaftServerConfigKeys (ConfUtils.java:logGet(43)) - raft.server.rpcslowness.timeout = 120s (custom)
2019-09-30 19:02:42,883 [pool-409-thread-1] INFO  server.RaftServerConfigKeys (ConfUtils.java:logGet(43)) - raft.server.sleep.deviation.threshold = 300 (default)
2019-09-30 19:02:42,883 [pool-409-thread-1] INFO  server.RaftServerConfigKeys (ConfUtils.java:logGet(43)) - raft.server.log.appender.install.snapshot.enabled = false (custom)
2019-09-30 19:02:42,883 [pool-409-thread-1] INFO  impl.RaftServerImpl (ServerState.java:<init>(103)) - 4d188239-23e4-42be-905f-1996fdec2c9c@group-5CD7BB7C2233: ConfigurationManager, init=-1: [4d188239-23e4-42be-905f-1996fdec2c9c:192.168.151.118:35619], old=null, confs=<EMPTY_MAP>
2019-09-30 19:02:42,884 [pool-409-thread-1] INFO  server.RaftServerConfigKeys (ConfUtils.java:logGet(43)) - raft.server.storage.dir = [/workdir/hadoop-ozone/integration-test/target/test-dir/MiniOzoneClusterImpl-5336a62e-69ee-4f83-b879-69e147fbc7dd/datanode-0/data/ratis] (custom)
2019-09-30 19:02:42,884 [pool-409-thread-1] INFO  storage.RaftStorageDirectory (RaftStorageDirectory.java:analyzeStorage(246)) - The storage directory /workdir/hadoop-ozone/integration-test/target/test-dir/MiniOzoneClusterImpl-5336a62e-69ee-4f83-b879-69e147fbc7dd/datanode-0/data/ratis/d8b2afcf-d527-44ca-a19f-5cd7bb7c2233 does not exist. Creating ...
2019-09-30 19:02:42,904 [pool-409-thread-1] INFO  storage.RaftStorageDirectory (RaftStorageDirectory.java:tryLock(328)) - Lock on /workdir/hadoop-ozone/integration-test/target/test-dir/MiniOzoneClusterImpl-5336a62e-69ee-4f83-b879-69e147fbc7dd/datanode-0/data/ratis/d8b2afcf-d527-44ca-a19f-5cd7bb7c2233/in_use.lock acquired by nodename 19753@pr-hdds-1720-trunk-4nqxd-2896763123
2019-09-30 19:02:42,916 [IPC Server handler 3 on 45486] INFO  net.NetworkTopology (NetworkTopologyImpl.java:add(111)) - Added a new node: /default-rack/21fb7ab6-941e-4ef2-9919-d5dae2e9d2ac
2019-09-30 19:02:42,917 [IPC Server handler 3 on 45486] INFO  node.SCMNodeManager (SCMNodeManager.java:register(266)) - Registered Data node : 21fb7ab6-941e-4ef2-9919-d5dae2e9d2ac{ip: 192.168.151.118, host: pr-hdds-1720-trunk-4nqxd-2896763123, networkLocation: /default-rack, certSerialId: null}
2019-09-30 19:02:42,917 [pool-409-thread-1] INFO  storage.RaftStorage (RaftStorage.java:format(72)) - Storage directory /workdir/hadoop-ozone/integration-test/target/test-dir/MiniOzoneClusterImpl-5336a62e-69ee-4f83-b879-69e147fbc7dd/datanode-0/data/ratis/d8b2afcf-d527-44ca-a19f-5cd7bb7c2233 has been successfully formatted.
2019-09-30 19:02:42,917 [pool-409-thread-1] INFO  ratis.ContainerStateMachine (ContainerStateMachine.java:loadSnapshot(230)) - group-5CD7BB7C2233: The snapshot info is null. Setting the last applied indexto:(t:0, i:~)
2019-09-30 19:02:42,918 [pool-409-thread-1] INFO  server.RaftServerConfigKeys (ConfUtils.java:logGet(43)) - raft.server.notification.no-leader.timeout = 120s (custom)
2019-09-30 19:02:42,918 [pool-409-thread-1] INFO  server.RaftServerConfigKeys (ConfUtils.java:logGet(43)) - raft.server.log.use.memory = false (default)
2019-09-30 19:02:42,918 [pool-409-thread-1] INFO  server.RaftServerConfigKeys (ConfUtils.java:logGet(43)) - raft.server.log.purge.gap = 1000000 (custom)
2019-09-30 19:02:42,918 [pool-409-thread-1] INFO  server.RaftServerConfigKeys (ConfUtils.java:logGet(43)) - raft.server.log.appender.buffer.byte-limit = 33554432 (custom)
2019-09-30 19:02:42,918 [pool-409-thread-1] INFO  server.RaftServerConfigKeys (ConfUtils.java:logGet(43)) - raft.server.log.segment.size.max = 1048576 (custom)
2019-09-30 19:02:42,919 [pool-409-thread-1] INFO  server.RaftServerConfigKeys (ConfUtils.java:logGet(43)) - raft.server.log.segment.cache.num.max = 2 (custom)
2019-09-30 19:02:42,919 [pool-409-thread-1] INFO  segmented.SegmentedRaftLogWorker (SegmentedRaftLogWorker.java:<init>(172)) - new 4d188239-23e4-42be-905f-1996fdec2c9c@group-5CD7BB7C2233-SegmentedRaftLogWorker for RaftStorage:Storage Directory /workdir/hadoop-ozone/integration-test/target/test-dir/MiniOzoneClusterImpl-5336a62e-69ee-4f83-b879-69e147fbc7dd/datanode-0/data/ratis/d8b2afcf-d527-44ca-a19f-5cd7bb7c2233
2019-09-30 19:02:42,921 [pool-409-thread-1] INFO  server.RaftServerConfigKeys (ConfUtils.java:logGet(43)) - raft.server.log.queue.byte-limit = 2147483647 (custom)
2019-09-30 19:02:42,921 [pool-409-thread-1] INFO  server.RaftServerConfigKeys (ConfUtils.java:logGet(43)) - raft.server.log.queue.element-limit = 1024 (custom)
2019-09-30 19:02:42,922 [pool-409-thread-1] INFO  server.RaftServerConfigKeys (ConfUtils.java:logGet(43)) - raft.server.log.segment.size.max = 1048576 (custom)
2019-09-30 19:02:42,922 [pool-409-thread-1] INFO  server.RaftServerConfigKeys (ConfUtils.java:logGet(43)) - raft.server.log.preallocated.size = 16384 (custom)
2019-09-30 19:02:42,922 [pool-409-thread-1] INFO  server.RaftServerConfigKeys (ConfUtils.java:logGet(43)) - raft.server.log.write.buffer.size = 33554432 (custom)
2019-09-30 19:02:42,922 [pool-409-thread-1] INFO  server.RaftServerConfigKeys (ConfUtils.java:logGet(43)) - raft.server.log.force.sync.num = 128 (default)
2019-09-30 19:02:42,922 [pool-409-thread-1] INFO  server.RaftServerConfigKeys (ConfUtils.java:logGet(43)) - raft.server.log.statemachine.data.sync = true (default)
2019-09-30 19:02:42,923 [pool-409-thread-1] INFO  server.RaftServerConfigKeys (ConfUtils.java:logGet(43)) - raft.server.log.statemachine.data.sync.timeout = 10s (default)
2019-09-30 19:02:42,923 [pool-409-thread-1] INFO  server.RaftServerConfigKeys (ConfUtils.java:logGet(43)) - raft.server.log.statemachine.data.sync.timeout.retry = -1 (default)
2019-09-30 19:02:42,923 [pool-409-thread-1] INFO  server.RaftServerConfigKeys (ConfUtils.java:logGet(43)) - raft.server.log.statemachine.data.caching.enabled = true (custom)
2019-09-30 19:02:42,923 [pool-409-thread-1] INFO  segmented.SegmentedRaftLogWorker (SegmentedRaftLogWorker.java:lambda$new$0(132)) - 4d188239-23e4-42be-905f-1996fdec2c9c@group-5CD7BB7C2233-SegmentedRaftLogWorker: flushIndex: setUnconditionally 0 -> -1
2019-09-30 19:02:42,924 [pool-409-thread-1] INFO  server.RaftServerConfigKeys (ConfUtils.java:logGet(43)) - raft.server.snapshot.auto.trigger.enabled = true (custom)
2019-09-30 19:02:42,924 [pool-409-thread-1] INFO  server.RaftServerConfigKeys (ConfUtils.java:logGet(43)) - raft.server.snapshot.auto.trigger.threshold = 10000 (custom)
2019-09-30 19:02:42,924 [pool-409-thread-1] INFO  server.RaftServerConfigKeys (ConfUtils.java:logGet(43)) - raft.server.snapshot.retention.num.files = 5 (custom)
2019-09-30 19:02:42,924 [pool-409-thread-1] INFO  server.RaftServerConfigKeys (ConfUtils.java:logGet(43)) - raft.server.retrycache.expirytime = 600000ms (custom)
2019-09-30 19:02:42,926 [pool-409-thread-1] INFO  impl.RaftServerImpl (RaftServerImpl.java:start(185)) - 4d188239-23e4-42be-905f-1996fdec2c9c@group-5CD7BB7C2233: start as a follower, conf=-1: [4d188239-23e4-42be-905f-1996fdec2c9c:192.168.151.118:35619], old=null
2019-09-30 19:02:42,926 [pool-409-thread-1] INFO  impl.RaftServerImpl (RaftServerImpl.java:setRole(174)) - 4d188239-23e4-42be-905f-1996fdec2c9c@group-5CD7BB7C2233: changes role from      null to FOLLOWER at term 0 for startAsFollower
2019-09-30 19:02:42,927 [pool-409-thread-1] INFO  impl.RoleInfo (RoleInfo.java:updateAndGet(143)) - 4d188239-23e4-42be-905f-1996fdec2c9c: start FollowerState
2019-09-30 19:02:42,927 [pool-409-thread-1] INFO  util.JmxRegister (JmxRegister.java:tryRegister(44)) - Successfully registered JMX Bean with object name Ratis:service=RaftServer,group=group-5CD7BB7C2233,id=4d188239-23e4-42be-905f-1996fdec2c9c
2019-09-30 19:02:42,931 [RatisPipelineUtilsThread] INFO  pipeline.PipelineStateManager (PipelineStateManager.java:addPipeline(56)) - Created pipeline Pipeline[ Id: d8b2afcf-d527-44ca-a19f-5cd7bb7c2233, Nodes: 4d188239-23e4-42be-905f-1996fdec2c9c{ip: 192.168.151.118, host: pr-hdds-1720-trunk-4nqxd-2896763123, networkLocation: /default-rack, certSerialId: null}, Type:RATIS, Factor:ONE, State:OPEN]
2019-09-30 19:02:42,938 [grpc-default-executor-13] INFO  impl.RaftServerProxy (RaftServerProxy.java:addNew(89)) - 21fb7ab6-941e-4ef2-9919-d5dae2e9d2ac: addNew group-27D9A9BB6650:[21fb7ab6-941e-4ef2-9919-d5dae2e9d2ac:192.168.151.118:44674] returns group-27D9A9BB6650:java.util.concurrent.CompletableFuture@23f4816[Not completed]
2019-09-30 19:02:42,939 [pool-419-thread-1] INFO  impl.RaftServerImpl (RaftServerImpl.java:<init>(95)) - 21fb7ab6-941e-4ef2-9919-d5dae2e9d2ac: new RaftServerImpl for group-27D9A9BB6650:[21fb7ab6-941e-4ef2-9919-d5dae2e9d2ac:192.168.151.118:44674] with ContainerStateMachine:uninitialized
2019-09-30 19:02:42,939 [pool-419-thread-1] INFO  server.RaftServerConfigKeys (ConfUtils.java:logGet(43)) - raft.server.rpc.timeout.min = 5s (custom)
2019-09-30 19:02:42,939 [pool-419-thread-1] INFO  server.RaftServerConfigKeys (ConfUtils.java:logGet(43)) - raft.server.rpc.timeout.max = 5200ms (custom)
2019-09-30 19:02:42,940 [pool-419-thread-1] INFO  server.RaftServerConfigKeys (ConfUtils.java:logGet(43)) - raft.server.rpcslowness.timeout = 120s (custom)
2019-09-30 19:02:42,940 [pool-419-thread-1] INFO  server.RaftServerConfigKeys (ConfUtils.java:logGet(43)) - raft.server.sleep.deviation.threshold = 300 (default)
2019-09-30 19:02:42,940 [pool-419-thread-1] INFO  server.RaftServerConfigKeys (ConfUtils.java:logGet(43)) - raft.server.log.appender.install.snapshot.enabled = false (custom)
2019-09-30 19:02:42,940 [pool-419-thread-1] INFO  impl.RaftServerImpl (ServerState.java:<init>(103)) - 21fb7ab6-941e-4ef2-9919-d5dae2e9d2ac@group-27D9A9BB6650: ConfigurationManager, init=-1: [21fb7ab6-941e-4ef2-9919-d5dae2e9d2ac:192.168.151.118:44674], old=null, confs=<EMPTY_MAP>
2019-09-30 19:02:42,940 [pool-419-thread-1] INFO  server.RaftServerConfigKeys (ConfUtils.java:logGet(43)) - raft.server.storage.dir = [/workdir/hadoop-ozone/integration-test/target/test-dir/MiniOzoneClusterImpl-5336a62e-69ee-4f83-b879-69e147fbc7dd/datanode-1/data/ratis] (custom)
2019-09-30 19:02:42,941 [pool-419-thread-1] INFO  storage.RaftStorageDirectory (RaftStorageDirectory.java:analyzeStorage(246)) - The storage directory /workdir/hadoop-ozone/integration-test/target/test-dir/MiniOzoneClusterImpl-5336a62e-69ee-4f83-b879-69e147fbc7dd/datanode-1/data/ratis/ca48490f-0064-4276-8a2f-27d9a9bb6650 does not exist. Creating ...
2019-09-30 19:02:42,953 [pool-419-thread-1] INFO  storage.RaftStorageDirectory (RaftStorageDirectory.java:tryLock(328)) - Lock on /workdir/hadoop-ozone/integration-test/target/test-dir/MiniOzoneClusterImpl-5336a62e-69ee-4f83-b879-69e147fbc7dd/datanode-1/data/ratis/ca48490f-0064-4276-8a2f-27d9a9bb6650/in_use.lock acquired by nodename 19753@pr-hdds-1720-trunk-4nqxd-2896763123
2019-09-30 19:02:42,966 [pool-419-thread-1] INFO  storage.RaftStorage (RaftStorage.java:format(72)) - Storage directory /workdir/hadoop-ozone/integration-test/target/test-dir/MiniOzoneClusterImpl-5336a62e-69ee-4f83-b879-69e147fbc7dd/datanode-1/data/ratis/ca48490f-0064-4276-8a2f-27d9a9bb6650 has been successfully formatted.
2019-09-30 19:02:42,966 [pool-419-thread-1] INFO  ratis.ContainerStateMachine (ContainerStateMachine.java:loadSnapshot(230)) - group-27D9A9BB6650: The snapshot info is null. Setting the last applied indexto:(t:0, i:~)
2019-09-30 19:02:42,966 [pool-419-thread-1] INFO  server.RaftServerConfigKeys (ConfUtils.java:logGet(43)) - raft.server.notification.no-leader.timeout = 120s (custom)
2019-09-30 19:02:42,966 [pool-419-thread-1] INFO  server.RaftServerConfigKeys (ConfUtils.java:logGet(43)) - raft.server.log.use.memory = false (default)
2019-09-30 19:02:42,967 [pool-419-thread-1] INFO  server.RaftServerConfigKeys (ConfUtils.java:logGet(43)) - raft.server.log.purge.gap = 1000000 (custom)
2019-09-30 19:02:42,967 [pool-419-thread-1] INFO  server.RaftServerConfigKeys (ConfUtils.java:logGet(43)) - raft.server.log.appender.buffer.byte-limit = 33554432 (custom)
2019-09-30 19:02:42,967 [pool-419-thread-1] INFO  server.RaftServerConfigKeys (ConfUtils.java:logGet(43)) - raft.server.log.segment.size.max = 1048576 (custom)
2019-09-30 19:02:42,967 [pool-419-thread-1] INFO  server.RaftServerConfigKeys (ConfUtils.java:logGet(43)) - raft.server.log.segment.cache.num.max = 2 (custom)
2019-09-30 19:02:42,967 [pool-419-thread-1] INFO  segmented.SegmentedRaftLogWorker (SegmentedRaftLogWorker.java:<init>(172)) - new 21fb7ab6-941e-4ef2-9919-d5dae2e9d2ac@group-27D9A9BB6650-SegmentedRaftLogWorker for RaftStorage:Storage Directory /workdir/hadoop-ozone/integration-test/target/test-dir/MiniOzoneClusterImpl-5336a62e-69ee-4f83-b879-69e147fbc7dd/datanode-1/data/ratis/ca48490f-0064-4276-8a2f-27d9a9bb6650
2019-09-30 19:02:42,968 [pool-419-thread-1] INFO  server.RaftServerConfigKeys (ConfUtils.java:logGet(43)) - raft.server.log.queue.byte-limit = 2147483647 (custom)
2019-09-30 19:02:42,968 [pool-419-thread-1] INFO  server.RaftServerConfigKeys (ConfUtils.java:logGet(43)) - raft.server.log.queue.element-limit = 1024 (custom)
2019-09-30 19:02:42,968 [pool-419-thread-1] INFO  server.RaftServerConfigKeys (ConfUtils.java:logGet(43)) - raft.server.log.segment.size.max = 1048576 (custom)
2019-09-30 19:02:42,969 [pool-419-thread-1] INFO  server.RaftServerConfigKeys (ConfUtils.java:logGet(43)) - raft.server.log.preallocated.size = 16384 (custom)
2019-09-30 19:02:42,969 [pool-419-thread-1] INFO  server.RaftServerConfigKeys (ConfUtils.java:logGet(43)) - raft.server.log.write.buffer.size = 33554432 (custom)
2019-09-30 19:02:42,969 [pool-419-thread-1] INFO  server.RaftServerConfigKeys (ConfUtils.java:logGet(43)) - raft.server.log.force.sync.num = 128 (default)
2019-09-30 19:02:42,969 [pool-419-thread-1] INFO  server.RaftServerConfigKeys (ConfUtils.java:logGet(43)) - raft.server.log.statemachine.data.sync = true (default)
2019-09-30 19:02:42,969 [pool-419-thread-1] INFO  server.RaftServerConfigKeys (ConfUtils.java:logGet(43)) - raft.server.log.statemachine.data.sync.timeout = 10s (default)
2019-09-30 19:02:42,969 [pool-419-thread-1] INFO  server.RaftServerConfigKeys (ConfUtils.java:logGet(43)) - raft.server.log.statemachine.data.sync.timeout.retry = -1 (default)
2019-09-30 19:02:42,969 [pool-419-thread-1] INFO  server.RaftServerConfigKeys (ConfUtils.java:logGet(43)) - raft.server.log.statemachine.data.caching.enabled = true (custom)
2019-09-30 19:02:42,969 [pool-419-thread-1] INFO  segmented.SegmentedRaftLogWorker (SegmentedRaftLogWorker.java:lambda$new$0(132)) - 21fb7ab6-941e-4ef2-9919-d5dae2e9d2ac@group-27D9A9BB6650-SegmentedRaftLogWorker: flushIndex: setUnconditionally 0 -> -1
2019-09-30 19:02:42,970 [pool-419-thread-1] INFO  server.RaftServerConfigKeys (ConfUtils.java:logGet(43)) - raft.server.snapshot.auto.trigger.enabled = true (custom)
2019-09-30 19:02:42,970 [pool-419-thread-1] INFO  server.RaftServerConfigKeys (ConfUtils.java:logGet(43)) - raft.server.snapshot.auto.trigger.threshold = 10000 (custom)
2019-09-30 19:02:42,970 [pool-419-thread-1] INFO  server.RaftServerConfigKeys (ConfUtils.java:logGet(43)) - raft.server.snapshot.retention.num.files = 5 (custom)
2019-09-30 19:02:42,970 [pool-419-thread-1] INFO  server.RaftServerConfigKeys (ConfUtils.java:logGet(43)) - raft.server.retrycache.expirytime = 600000ms (custom)
2019-09-30 19:02:42,971 [pool-419-thread-1] INFO  impl.RaftServerImpl (RaftServerImpl.java:start(185)) - 21fb7ab6-941e-4ef2-9919-d5dae2e9d2ac@group-27D9A9BB6650: start as a follower, conf=-1: [21fb7ab6-941e-4ef2-9919-d5dae2e9d2ac:192.168.151.118:44674], old=null
2019-09-30 19:02:42,971 [pool-419-thread-1] INFO  impl.RaftServerImpl (RaftServerImpl.java:setRole(174)) - 21fb7ab6-941e-4ef2-9919-d5dae2e9d2ac@group-27D9A9BB6650: changes role from      null to FOLLOWER at term 0 for startAsFollower
2019-09-30 19:02:42,971 [pool-419-thread-1] INFO  impl.RoleInfo (RoleInfo.java:updateAndGet(143)) - 21fb7ab6-941e-4ef2-9919-d5dae2e9d2ac: start FollowerState
2019-09-30 19:02:42,972 [pool-419-thread-1] INFO  util.JmxRegister (JmxRegister.java:tryRegister(44)) - Successfully registered JMX Bean with object name Ratis:service=RaftServer,group=group-27D9A9BB6650,id=21fb7ab6-941e-4ef2-9919-d5dae2e9d2ac
2019-09-30 19:02:42,974 [RatisPipelineUtilsThread] INFO  pipeline.PipelineStateManager (PipelineStateManager.java:addPipeline(56)) - Created pipeline Pipeline[ Id: ca48490f-0064-4276-8a2f-27d9a9bb6650, Nodes: 21fb7ab6-941e-4ef2-9919-d5dae2e9d2ac{ip: 192.168.151.118, host: pr-hdds-1720-trunk-4nqxd-2896763123, networkLocation: /default-rack, certSerialId: null}, Type:RATIS, Factor:ONE, State:OPEN]
2019-09-30 19:02:42,999 [IPC Server handler 4 on 45486] INFO  net.NetworkTopology (NetworkTopologyImpl.java:add(111)) - Added a new node: /default-rack/d2b3b5aa-c8b2-466d-a8da-ebc2ed594bf9
2019-09-30 19:02:42,999 [IPC Server handler 4 on 45486] INFO  node.SCMNodeManager (SCMNodeManager.java:register(266)) - Registered Data node : d2b3b5aa-c8b2-466d-a8da-ebc2ed594bf9{ip: 192.168.151.118, host: pr-hdds-1720-trunk-4nqxd-2896763123, networkLocation: /default-rack, certSerialId: null}
2019-09-30 19:02:43,008 [grpc-default-executor-13] INFO  impl.RaftServerProxy (RaftServerProxy.java:addNew(89)) - d2b3b5aa-c8b2-466d-a8da-ebc2ed594bf9: addNew group-B883D7688C22:[d2b3b5aa-c8b2-466d-a8da-ebc2ed594bf9:192.168.151.118:36990] returns group-B883D7688C22:java.util.concurrent.CompletableFuture@31a144de[Not completed]
2019-09-30 19:02:43,010 [pool-429-thread-1] INFO  impl.RaftServerImpl (RaftServerImpl.java:<init>(95)) - d2b3b5aa-c8b2-466d-a8da-ebc2ed594bf9: new RaftServerImpl for group-B883D7688C22:[d2b3b5aa-c8b2-466d-a8da-ebc2ed594bf9:192.168.151.118:36990] with ContainerStateMachine:uninitialized
2019-09-30 19:02:43,010 [pool-429-thread-1] INFO  server.RaftServerConfigKeys (ConfUtils.java:logGet(43)) - raft.server.rpc.timeout.min = 5s (custom)
2019-09-30 19:02:43,011 [pool-429-thread-1] INFO  server.RaftServerConfigKeys (ConfUtils.java:logGet(43)) - raft.server.rpc.timeout.max = 5200ms (custom)
2019-09-30 19:02:43,011 [pool-429-thread-1] INFO  server.RaftServerConfigKeys (ConfUtils.java:logGet(43)) - raft.server.rpcslowness.timeout = 120s (custom)
2019-09-30 19:02:43,011 [pool-429-thread-1] INFO  server.RaftServerConfigKeys (ConfUtils.java:logGet(43)) - raft.server.sleep.deviation.threshold = 300 (default)
2019-09-30 19:02:43,011 [pool-429-thread-1] INFO  server.RaftServerConfigKeys (ConfUtils.java:logGet(43)) - raft.server.log.appender.install.snapshot.enabled = false (custom)
2019-09-30 19:02:43,011 [pool-429-thread-1] INFO  impl.RaftServerImpl (ServerState.java:<init>(103)) - d2b3b5aa-c8b2-466d-a8da-ebc2ed594bf9@group-B883D7688C22: ConfigurationManager, init=-1: [d2b3b5aa-c8b2-466d-a8da-ebc2ed594bf9:192.168.151.118:36990], old=null, confs=<EMPTY_MAP>
2019-09-30 19:02:43,012 [pool-429-thread-1] INFO  server.RaftServerConfigKeys (ConfUtils.java:logGet(43)) - raft.server.storage.dir = [/workdir/hadoop-ozone/integration-test/target/test-dir/MiniOzoneClusterImpl-5336a62e-69ee-4f83-b879-69e147fbc7dd/datanode-2/data/ratis] (custom)
2019-09-30 19:02:43,012 [pool-429-thread-1] INFO  storage.RaftStorageDirectory (RaftStorageDirectory.java:analyzeStorage(246)) - The storage directory /workdir/hadoop-ozone/integration-test/target/test-dir/MiniOzoneClusterImpl-5336a62e-69ee-4f83-b879-69e147fbc7dd/datanode-2/data/ratis/a1da2440-b369-4fbf-aa9d-b883d7688c22 does not exist. Creating ...
2019-09-30 19:02:43,025 [pool-429-thread-1] INFO  storage.RaftStorageDirectory (RaftStorageDirectory.java:tryLock(328)) - Lock on /workdir/hadoop-ozone/integration-test/target/test-dir/MiniOzoneClusterImpl-5336a62e-69ee-4f83-b879-69e147fbc7dd/datanode-2/data/ratis/a1da2440-b369-4fbf-aa9d-b883d7688c22/in_use.lock acquired by nodename 19753@pr-hdds-1720-trunk-4nqxd-2896763123
2019-09-30 19:02:43,038 [pool-429-thread-1] INFO  storage.RaftStorage (RaftStorage.java:format(72)) - Storage directory /workdir/hadoop-ozone/integration-test/target/test-dir/MiniOzoneClusterImpl-5336a62e-69ee-4f83-b879-69e147fbc7dd/datanode-2/data/ratis/a1da2440-b369-4fbf-aa9d-b883d7688c22 has been successfully formatted.
2019-09-30 19:02:43,038 [pool-429-thread-1] INFO  ratis.ContainerStateMachine (ContainerStateMachine.java:loadSnapshot(230)) - group-B883D7688C22: The snapshot info is null. Setting the last applied indexto:(t:0, i:~)
2019-09-30 19:02:43,038 [pool-429-thread-1] INFO  server.RaftServerConfigKeys (ConfUtils.java:logGet(43)) - raft.server.notification.no-leader.timeout = 120s (custom)
2019-09-30 19:02:43,038 [pool-429-thread-1] INFO  server.RaftServerConfigKeys (ConfUtils.java:logGet(43)) - raft.server.log.use.memory = false (default)
2019-09-30 19:02:43,038 [pool-429-thread-1] INFO  server.RaftServerConfigKeys (ConfUtils.java:logGet(43)) - raft.server.log.purge.gap = 1000000 (custom)
2019-09-30 19:02:43,039 [pool-429-thread-1] INFO  server.RaftServerConfigKeys (ConfUtils.java:logGet(43)) - raft.server.log.appender.buffer.byte-limit = 33554432 (custom)
2019-09-30 19:02:43,039 [pool-429-thread-1] INFO  server.RaftServerConfigKeys (ConfUtils.java:logGet(43)) - raft.server.log.segment.size.max = 1048576 (custom)
2019-09-30 19:02:43,039 [pool-429-thread-1] INFO  server.RaftServerConfigKeys (ConfUtils.java:logGet(43)) - raft.server.log.segment.cache.num.max = 2 (custom)
2019-09-30 19:02:43,039 [pool-429-thread-1] INFO  segmented.SegmentedRaftLogWorker (SegmentedRaftLogWorker.java:<init>(172)) - new d2b3b5aa-c8b2-466d-a8da-ebc2ed594bf9@group-B883D7688C22-SegmentedRaftLogWorker for RaftStorage:Storage Directory /workdir/hadoop-ozone/integration-test/target/test-dir/MiniOzoneClusterImpl-5336a62e-69ee-4f83-b879-69e147fbc7dd/datanode-2/data/ratis/a1da2440-b369-4fbf-aa9d-b883d7688c22
2019-09-30 19:02:43,041 [pool-429-thread-1] INFO  server.RaftServerConfigKeys (ConfUtils.java:logGet(43)) - raft.server.log.queue.byte-limit = 2147483647 (custom)
2019-09-30 19:02:43,041 [pool-429-thread-1] INFO  server.RaftServerConfigKeys (ConfUtils.java:logGet(43)) - raft.server.log.queue.element-limit = 1024 (custom)
2019-09-30 19:02:43,041 [pool-429-thread-1] INFO  server.RaftServerConfigKeys (ConfUtils.java:logGet(43)) - raft.server.log.segment.size.max = 1048576 (custom)
2019-09-30 19:02:43,041 [pool-429-thread-1] INFO  server.RaftServerConfigKeys (ConfUtils.java:logGet(43)) - raft.server.log.preallocated.size = 16384 (custom)
2019-09-30 19:02:43,041 [pool-429-thread-1] INFO  server.RaftServerConfigKeys (ConfUtils.java:logGet(43)) - raft.server.log.write.buffer.size = 33554432 (custom)
2019-09-30 19:02:43,042 [pool-429-thread-1] INFO  server.RaftServerConfigKeys (ConfUtils.java:logGet(43)) - raft.server.log.force.sync.num = 128 (default)
2019-09-30 19:02:43,042 [pool-429-thread-1] INFO  server.RaftServerConfigKeys (ConfUtils.java:logGet(43)) - raft.server.log.statemachine.data.sync = true (default)
2019-09-30 19:02:43,042 [pool-429-thread-1] INFO  server.RaftServerConfigKeys (ConfUtils.java:logGet(43)) - raft.server.log.statemachine.data.sync.timeout = 10s (default)
2019-09-30 19:02:43,042 [pool-429-thread-1] INFO  server.RaftServerConfigKeys (ConfUtils.java:logGet(43)) - raft.server.log.statemachine.data.sync.timeout.retry = -1 (default)
2019-09-30 19:02:43,042 [pool-429-thread-1] INFO  server.RaftServerConfigKeys (ConfUtils.java:logGet(43)) - raft.server.log.statemachine.data.caching.enabled = true (custom)
2019-09-30 19:02:43,043 [pool-429-thread-1] INFO  segmented.SegmentedRaftLogWorker (SegmentedRaftLogWorker.java:lambda$new$0(132)) - d2b3b5aa-c8b2-466d-a8da-ebc2ed594bf9@group-B883D7688C22-SegmentedRaftLogWorker: flushIndex: setUnconditionally 0 -> -1
2019-09-30 19:02:43,043 [pool-429-thread-1] INFO  server.RaftServerConfigKeys (ConfUtils.java:logGet(43)) - raft.server.snapshot.auto.trigger.enabled = true (custom)
2019-09-30 19:02:43,043 [pool-429-thread-1] INFO  server.RaftServerConfigKeys (ConfUtils.java:logGet(43)) - raft.server.snapshot.auto.trigger.threshold = 10000 (custom)
2019-09-30 19:02:43,043 [pool-429-thread-1] INFO  server.RaftServerConfigKeys (ConfUtils.java:logGet(43)) - raft.server.snapshot.retention.num.files = 5 (custom)
2019-09-30 19:02:43,043 [pool-429-thread-1] INFO  server.RaftServerConfigKeys (ConfUtils.java:logGet(43)) - raft.server.retrycache.expirytime = 600000ms (custom)
2019-09-30 19:02:43,045 [pool-429-thread-1] INFO  impl.RaftServerImpl (RaftServerImpl.java:start(185)) - d2b3b5aa-c8b2-466d-a8da-ebc2ed594bf9@group-B883D7688C22: start as a follower, conf=-1: [d2b3b5aa-c8b2-466d-a8da-ebc2ed594bf9:192.168.151.118:36990], old=null
2019-09-30 19:02:43,045 [pool-429-thread-1] INFO  impl.RaftServerImpl (RaftServerImpl.java:setRole(174)) - d2b3b5aa-c8b2-466d-a8da-ebc2ed594bf9@group-B883D7688C22: changes role from      null to FOLLOWER at term 0 for startAsFollower
2019-09-30 19:02:43,046 [pool-429-thread-1] INFO  impl.RoleInfo (RoleInfo.java:updateAndGet(143)) - d2b3b5aa-c8b2-466d-a8da-ebc2ed594bf9: start FollowerState
2019-09-30 19:02:43,046 [pool-429-thread-1] INFO  util.JmxRegister (JmxRegister.java:tryRegister(44)) - Successfully registered JMX Bean with object name Ratis:service=RaftServer,group=group-B883D7688C22,id=d2b3b5aa-c8b2-466d-a8da-ebc2ed594bf9
2019-09-30 19:02:43,048 [RatisPipelineUtilsThread] INFO  pipeline.PipelineStateManager (PipelineStateManager.java:addPipeline(56)) - Created pipeline Pipeline[ Id: a1da2440-b369-4fbf-aa9d-b883d7688c22, Nodes: d2b3b5aa-c8b2-466d-a8da-ebc2ed594bf9{ip: 192.168.151.118, host: pr-hdds-1720-trunk-4nqxd-2896763123, networkLocation: /default-rack, certSerialId: null}, Type:RATIS, Factor:ONE, State:OPEN]
2019-09-30 19:02:43,063 [grpc-default-executor-13] INFO  impl.RaftServerProxy (RaftServerProxy.java:addNew(89)) - d2b3b5aa-c8b2-466d-a8da-ebc2ed594bf9: addNew group-C484DE0CA5D2:[4d188239-23e4-42be-905f-1996fdec2c9c:192.168.151.118:35619, 21fb7ab6-941e-4ef2-9919-d5dae2e9d2ac:192.168.151.118:44674, d2b3b5aa-c8b2-466d-a8da-ebc2ed594bf9:192.168.151.118:36990] returns group-C484DE0CA5D2:java.util.concurrent.CompletableFuture@71e4797[Not completed]
2019-09-30 19:02:43,063 [grpc-default-executor-15] INFO  impl.RaftServerProxy (RaftServerProxy.java:addNew(89)) - 4d188239-23e4-42be-905f-1996fdec2c9c: addNew group-C484DE0CA5D2:[4d188239-23e4-42be-905f-1996fdec2c9c:192.168.151.118:35619, 21fb7ab6-941e-4ef2-9919-d5dae2e9d2ac:192.168.151.118:44674, d2b3b5aa-c8b2-466d-a8da-ebc2ed594bf9:192.168.151.118:36990] returns group-C484DE0CA5D2:java.util.concurrent.CompletableFuture@35f159be[Not completed]
2019-09-30 19:02:43,063 [grpc-default-executor-14] INFO  impl.RaftServerProxy (RaftServerProxy.java:addNew(89)) - 21fb7ab6-941e-4ef2-9919-d5dae2e9d2ac: addNew group-C484DE0CA5D2:[4d188239-23e4-42be-905f-1996fdec2c9c:192.168.151.118:35619, 21fb7ab6-941e-4ef2-9919-d5dae2e9d2ac:192.168.151.118:44674, d2b3b5aa-c8b2-466d-a8da-ebc2ed594bf9:192.168.151.118:36990] returns group-C484DE0CA5D2:java.util.concurrent.CompletableFuture@77a5145f[Not completed]
2019-09-30 19:02:43,064 [pool-409-thread-1] INFO  impl.RaftServerImpl (RaftServerImpl.java:<init>(95)) - 4d188239-23e4-42be-905f-1996fdec2c9c: new RaftServerImpl for group-C484DE0CA5D2:[4d188239-23e4-42be-905f-1996fdec2c9c:192.168.151.118:35619, 21fb7ab6-941e-4ef2-9919-d5dae2e9d2ac:192.168.151.118:44674, d2b3b5aa-c8b2-466d-a8da-ebc2ed594bf9:192.168.151.118:36990] with ContainerStateMachine:uninitialized
2019-09-30 19:02:43,065 [IPC Server handler 5 on 45486] INFO  net.NetworkTopology (NetworkTopologyImpl.java:add(111)) - Added a new node: /default-rack/bac7da44-233b-4de3-83ed-f92823745413
2019-09-30 19:02:43,065 [pool-409-thread-1] INFO  server.RaftServerConfigKeys (ConfUtils.java:logGet(43)) - raft.server.rpc.timeout.min = 5s (custom)
2019-09-30 19:02:43,065 [IPC Server handler 5 on 45486] INFO  node.SCMNodeManager (SCMNodeManager.java:register(266)) - Registered Data node : bac7da44-233b-4de3-83ed-f92823745413{ip: 192.168.151.118, host: pr-hdds-1720-trunk-4nqxd-2896763123, networkLocation: /default-rack, certSerialId: null}
2019-09-30 19:02:43,065 [pool-409-thread-1] INFO  server.RaftServerConfigKeys (ConfUtils.java:logGet(43)) - raft.server.rpc.timeout.max = 5200ms (custom)
2019-09-30 19:02:43,065 [pool-409-thread-1] INFO  server.RaftServerConfigKeys (ConfUtils.java:logGet(43)) - raft.server.rpcslowness.timeout = 120s (custom)
2019-09-30 19:02:43,065 [pool-409-thread-1] INFO  server.RaftServerConfigKeys (ConfUtils.java:logGet(43)) - raft.server.sleep.deviation.threshold = 300 (default)
2019-09-30 19:02:43,066 [pool-429-thread-1] INFO  impl.RaftServerImpl (RaftServerImpl.java:<init>(95)) - d2b3b5aa-c8b2-466d-a8da-ebc2ed594bf9: new RaftServerImpl for group-C484DE0CA5D2:[4d188239-23e4-42be-905f-1996fdec2c9c:192.168.151.118:35619, 21fb7ab6-941e-4ef2-9919-d5dae2e9d2ac:192.168.151.118:44674, d2b3b5aa-c8b2-466d-a8da-ebc2ed594bf9:192.168.151.118:36990] with ContainerStateMachine:uninitialized
2019-09-30 19:02:43,066 [pool-409-thread-1] INFO  server.RaftServerConfigKeys (ConfUtils.java:logGet(43)) - raft.server.log.appender.install.snapshot.enabled = false (custom)
2019-09-30 19:02:43,066 [pool-429-thread-1] INFO  server.RaftServerConfigKeys (ConfUtils.java:logGet(43)) - raft.server.rpc.timeout.min = 5s (custom)
2019-09-30 19:02:43,066 [pool-409-thread-1] INFO  impl.RaftServerImpl (ServerState.java:<init>(103)) - 4d188239-23e4-42be-905f-1996fdec2c9c@group-C484DE0CA5D2: ConfigurationManager, init=-1: [4d188239-23e4-42be-905f-1996fdec2c9c:192.168.151.118:35619, 21fb7ab6-941e-4ef2-9919-d5dae2e9d2ac:192.168.151.118:44674, d2b3b5aa-c8b2-466d-a8da-ebc2ed594bf9:192.168.151.118:36990], old=null, confs=<EMPTY_MAP>
2019-09-30 19:02:43,066 [pool-429-thread-1] INFO  server.RaftServerConfigKeys (ConfUtils.java:logGet(43)) - raft.server.rpc.timeout.max = 5200ms (custom)
2019-09-30 19:02:43,066 [pool-409-thread-1] INFO  server.RaftServerConfigKeys (ConfUtils.java:logGet(43)) - raft.server.storage.dir = [/workdir/hadoop-ozone/integration-test/target/test-dir/MiniOzoneClusterImpl-5336a62e-69ee-4f83-b879-69e147fbc7dd/datanode-0/data/ratis] (custom)
2019-09-30 19:02:43,066 [pool-419-thread-1] INFO  impl.RaftServerImpl (RaftServerImpl.java:<init>(95)) - 21fb7ab6-941e-4ef2-9919-d5dae2e9d2ac: new RaftServerImpl for group-C484DE0CA5D2:[4d188239-23e4-42be-905f-1996fdec2c9c:192.168.151.118:35619, 21fb7ab6-941e-4ef2-9919-d5dae2e9d2ac:192.168.151.118:44674, d2b3b5aa-c8b2-466d-a8da-ebc2ed594bf9:192.168.151.118:36990] with ContainerStateMachine:uninitialized
2019-09-30 19:02:43,066 [pool-429-thread-1] INFO  server.RaftServerConfigKeys (ConfUtils.java:logGet(43)) - raft.server.rpcslowness.timeout = 120s (custom)
2019-09-30 19:02:43,066 [pool-409-thread-1] INFO  storage.RaftStorageDirectory (RaftStorageDirectory.java:analyzeStorage(246)) - The storage directory /workdir/hadoop-ozone/integration-test/target/test-dir/MiniOzoneClusterImpl-5336a62e-69ee-4f83-b879-69e147fbc7dd/datanode-0/data/ratis/fc8b61bb-db94-4157-86e2-c484de0ca5d2 does not exist. Creating ...
2019-09-30 19:02:43,066 [pool-419-thread-1] INFO  server.RaftServerConfigKeys (ConfUtils.java:logGet(43)) - raft.server.rpc.timeout.min = 5s (custom)
2019-09-30 19:02:43,067 [pool-429-thread-1] INFO  server.RaftServerConfigKeys (ConfUtils.java:logGet(43)) - raft.server.sleep.deviation.threshold = 300 (default)
2019-09-30 19:02:43,067 [pool-419-thread-1] INFO  server.RaftServerConfigKeys (ConfUtils.java:logGet(43)) - raft.server.rpc.timeout.max = 5200ms (custom)
2019-09-30 19:02:43,067 [pool-429-thread-1] INFO  server.RaftServerConfigKeys (ConfUtils.java:logGet(43)) - raft.server.log.appender.install.snapshot.enabled = false (custom)
2019-09-30 19:02:43,067 [pool-419-thread-1] INFO  server.RaftServerConfigKeys (ConfUtils.java:logGet(43)) - raft.server.rpcslowness.timeout = 120s (custom)
2019-09-30 19:02:43,067 [pool-429-thread-1] INFO  impl.RaftServerImpl (ServerState.java:<init>(103)) - d2b3b5aa-c8b2-466d-a8da-ebc2ed594bf9@group-C484DE0CA5D2: ConfigurationManager, init=-1: [4d188239-23e4-42be-905f-1996fdec2c9c:192.168.151.118:35619, 21fb7ab6-941e-4ef2-9919-d5dae2e9d2ac:192.168.151.118:44674, d2b3b5aa-c8b2-466d-a8da-ebc2ed594bf9:192.168.151.118:36990], old=null, confs=<EMPTY_MAP>
2019-09-30 19:02:43,067 [pool-419-thread-1] INFO  server.RaftServerConfigKeys (ConfUtils.java:logGet(43)) - raft.server.sleep.deviation.threshold = 300 (default)
2019-09-30 19:02:43,068 [pool-429-thread-1] INFO  server.RaftServerConfigKeys (ConfUtils.java:logGet(43)) - raft.server.storage.dir = [/workdir/hadoop-ozone/integration-test/target/test-dir/MiniOzoneClusterImpl-5336a62e-69ee-4f83-b879-69e147fbc7dd/datanode-2/data/ratis] (custom)
2019-09-30 19:02:43,068 [pool-419-thread-1] INFO  server.RaftServerConfigKeys (ConfUtils.java:logGet(43)) - raft.server.log.appender.install.snapshot.enabled = false (custom)
2019-09-30 19:02:43,068 [pool-419-thread-1] INFO  impl.RaftServerImpl (ServerState.java:<init>(103)) - 21fb7ab6-941e-4ef2-9919-d5dae2e9d2ac@group-C484DE0CA5D2: ConfigurationManager, init=-1: [4d188239-23e4-42be-905f-1996fdec2c9c:192.168.151.118:35619, 21fb7ab6-941e-4ef2-9919-d5dae2e9d2ac:192.168.151.118:44674, d2b3b5aa-c8b2-466d-a8da-ebc2ed594bf9:192.168.151.118:36990], old=null, confs=<EMPTY_MAP>
2019-09-30 19:02:43,068 [pool-429-thread-1] INFO  storage.RaftStorageDirectory (RaftStorageDirectory.java:analyzeStorage(246)) - The storage directory /workdir/hadoop-ozone/integration-test/target/test-dir/MiniOzoneClusterImpl-5336a62e-69ee-4f83-b879-69e147fbc7dd/datanode-2/data/ratis/fc8b61bb-db94-4157-86e2-c484de0ca5d2 does not exist. Creating ...
2019-09-30 19:02:43,068 [pool-419-thread-1] INFO  server.RaftServerConfigKeys (ConfUtils.java:logGet(43)) - raft.server.storage.dir = [/workdir/hadoop-ozone/integration-test/target/test-dir/MiniOzoneClusterImpl-5336a62e-69ee-4f83-b879-69e147fbc7dd/datanode-1/data/ratis] (custom)
2019-09-30 19:02:43,069 [pool-419-thread-1] INFO  storage.RaftStorageDirectory (RaftStorageDirectory.java:analyzeStorage(246)) - The storage directory /workdir/hadoop-ozone/integration-test/target/test-dir/MiniOzoneClusterImpl-5336a62e-69ee-4f83-b879-69e147fbc7dd/datanode-1/data/ratis/fc8b61bb-db94-4157-86e2-c484de0ca5d2 does not exist. Creating ...
2019-09-30 19:02:43,091 [pool-429-thread-1] INFO  storage.RaftStorageDirectory (RaftStorageDirectory.java:tryLock(328)) - Lock on /workdir/hadoop-ozone/integration-test/target/test-dir/MiniOzoneClusterImpl-5336a62e-69ee-4f83-b879-69e147fbc7dd/datanode-2/data/ratis/fc8b61bb-db94-4157-86e2-c484de0ca5d2/in_use.lock acquired by nodename 19753@pr-hdds-1720-trunk-4nqxd-2896763123
2019-09-30 19:02:43,091 [pool-409-thread-1] INFO  storage.RaftStorageDirectory (RaftStorageDirectory.java:tryLock(328)) - Lock on /workdir/hadoop-ozone/integration-test/target/test-dir/MiniOzoneClusterImpl-5336a62e-69ee-4f83-b879-69e147fbc7dd/datanode-0/data/ratis/fc8b61bb-db94-4157-86e2-c484de0ca5d2/in_use.lock acquired by nodename 19753@pr-hdds-1720-trunk-4nqxd-2896763123
2019-09-30 19:02:43,091 [pool-419-thread-1] INFO  storage.RaftStorageDirectory (RaftStorageDirectory.java:tryLock(328)) - Lock on /workdir/hadoop-ozone/integration-test/target/test-dir/MiniOzoneClusterImpl-5336a62e-69ee-4f83-b879-69e147fbc7dd/datanode-1/data/ratis/fc8b61bb-db94-4157-86e2-c484de0ca5d2/in_use.lock acquired by nodename 19753@pr-hdds-1720-trunk-4nqxd-2896763123
2019-09-30 19:02:43,117 [pool-429-thread-1] INFO  storage.RaftStorage (RaftStorage.java:format(72)) - Storage directory /workdir/hadoop-ozone/integration-test/target/test-dir/MiniOzoneClusterImpl-5336a62e-69ee-4f83-b879-69e147fbc7dd/datanode-2/data/ratis/fc8b61bb-db94-4157-86e2-c484de0ca5d2 has been successfully formatted.
2019-09-30 19:02:43,117 [pool-419-thread-1] INFO  storage.RaftStorage (RaftStorage.java:format(72)) - Storage directory /workdir/hadoop-ozone/integration-test/target/test-dir/MiniOzoneClusterImpl-5336a62e-69ee-4f83-b879-69e147fbc7dd/datanode-1/data/ratis/fc8b61bb-db94-4157-86e2-c484de0ca5d2 has been successfully formatted.
2019-09-30 19:02:43,117 [pool-409-thread-1] INFO  storage.RaftStorage (RaftStorage.java:format(72)) - Storage directory /workdir/hadoop-ozone/integration-test/target/test-dir/MiniOzoneClusterImpl-5336a62e-69ee-4f83-b879-69e147fbc7dd/datanode-0/data/ratis/fc8b61bb-db94-4157-86e2-c484de0ca5d2 has been successfully formatted.
2019-09-30 19:02:43,117 [pool-429-thread-1] INFO  ratis.ContainerStateMachine (ContainerStateMachine.java:loadSnapshot(230)) - group-C484DE0CA5D2: The snapshot info is null. Setting the last applied indexto:(t:0, i:~)
2019-09-30 19:02:43,118 [pool-419-thread-1] INFO  ratis.ContainerStateMachine (ContainerStateMachine.java:loadSnapshot(230)) - group-C484DE0CA5D2: The snapshot info is null. Setting the last applied indexto:(t:0, i:~)
2019-09-30 19:02:43,118 [pool-429-thread-1] INFO  server.RaftServerConfigKeys (ConfUtils.java:logGet(43)) - raft.server.notification.no-leader.timeout = 120s (custom)
2019-09-30 19:02:43,118 [pool-419-thread-1] INFO  server.RaftServerConfigKeys (ConfUtils.java:logGet(43)) - raft.server.notification.no-leader.timeout = 120s (custom)
2019-09-30 19:02:43,118 [pool-429-thread-1] INFO  server.RaftServerConfigKeys (ConfUtils.java:logGet(43)) - raft.server.log.use.memory = false (default)
2019-09-30 19:02:43,118 [pool-409-thread-1] INFO  ratis.ContainerStateMachine (ContainerStateMachine.java:loadSnapshot(230)) - group-C484DE0CA5D2: The snapshot info is null. Setting the last applied indexto:(t:0, i:~)
2019-09-30 19:02:43,118 [pool-429-thread-1] INFO  server.RaftServerConfigKeys (ConfUtils.java:logGet(43)) - raft.server.log.purge.gap = 1000000 (custom)
2019-09-30 19:02:43,118 [pool-419-thread-1] INFO  server.RaftServerConfigKeys (ConfUtils.java:logGet(43)) - raft.server.log.use.memory = false (default)
2019-09-30 19:02:43,118 [pool-429-thread-1] INFO  server.RaftServerConfigKeys (ConfUtils.java:logGet(43)) - raft.server.log.appender.buffer.byte-limit = 33554432 (custom)
2019-09-30 19:02:43,118 [pool-409-thread-1] INFO  server.RaftServerConfigKeys (ConfUtils.java:logGet(43)) - raft.server.notification.no-leader.timeout = 120s (custom)
2019-09-30 19:02:43,119 [pool-429-thread-1] INFO  server.RaftServerConfigKeys (ConfUtils.java:logGet(43)) - raft.server.log.segment.size.max = 1048576 (custom)
2019-09-30 19:02:43,119 [pool-419-thread-1] INFO  server.RaftServerConfigKeys (ConfUtils.java:logGet(43)) - raft.server.log.purge.gap = 1000000 (custom)
2019-09-30 19:02:43,119 [pool-429-thread-1] INFO  server.RaftServerConfigKeys (ConfUtils.java:logGet(43)) - raft.server.log.segment.cache.num.max = 2 (custom)
2019-09-30 19:02:43,119 [pool-409-thread-1] INFO  server.RaftServerConfigKeys (ConfUtils.java:logGet(43)) - raft.server.log.use.memory = false (default)
2019-09-30 19:02:43,119 [pool-429-thread-1] INFO  segmented.SegmentedRaftLogWorker (SegmentedRaftLogWorker.java:<init>(172)) - new d2b3b5aa-c8b2-466d-a8da-ebc2ed594bf9@group-C484DE0CA5D2-SegmentedRaftLogWorker for RaftStorage:Storage Directory /workdir/hadoop-ozone/integration-test/target/test-dir/MiniOzoneClusterImpl-5336a62e-69ee-4f83-b879-69e147fbc7dd/datanode-2/data/ratis/fc8b61bb-db94-4157-86e2-c484de0ca5d2
2019-09-30 19:02:43,119 [pool-419-thread-1] INFO  server.RaftServerConfigKeys (ConfUtils.java:logGet(43)) - raft.server.log.appender.buffer.byte-limit = 33554432 (custom)
2019-09-30 19:02:43,120 [pool-429-thread-1] INFO  server.RaftServerConfigKeys (ConfUtils.java:logGet(43)) - raft.server.log.queue.byte-limit = 2147483647 (custom)
2019-09-30 19:02:43,119 [pool-409-thread-1] INFO  server.RaftServerConfigKeys (ConfUtils.java:logGet(43)) - raft.server.log.purge.gap = 1000000 (custom)
2019-09-30 19:02:43,120 [pool-429-thread-1] INFO  server.RaftServerConfigKeys (ConfUtils.java:logGet(43)) - raft.server.log.queue.element-limit = 1024 (custom)
2019-09-30 19:02:43,120 [pool-419-thread-1] INFO  server.RaftServerConfigKeys (ConfUtils.java:logGet(43)) - raft.server.log.segment.size.max = 1048576 (custom)
2019-09-30 19:02:43,120 [pool-429-thread-1] INFO  server.RaftServerConfigKeys (ConfUtils.java:logGet(43)) - raft.server.log.segment.size.max = 1048576 (custom)
2019-09-30 19:02:43,120 [pool-409-thread-1] INFO  server.RaftServerConfigKeys (ConfUtils.java:logGet(43)) - raft.server.log.appender.buffer.byte-limit = 33554432 (custom)
2019-09-30 19:02:43,120 [pool-429-thread-1] INFO  server.RaftServerConfigKeys (ConfUtils.java:logGet(43)) - raft.server.log.preallocated.size = 16384 (custom)
2019-09-30 19:02:43,120 [pool-419-thread-1] INFO  server.RaftServerConfigKeys (ConfUtils.java:logGet(43)) - raft.server.log.segment.cache.num.max = 2 (custom)
2019-09-30 19:02:43,121 [pool-429-thread-1] INFO  server.RaftServerConfigKeys (ConfUtils.java:logGet(43)) - raft.server.log.write.buffer.size = 33554432 (custom)
2019-09-30 19:02:43,121 [pool-409-thread-1] INFO  server.RaftServerConfigKeys (ConfUtils.java:logGet(43)) - raft.server.log.segment.size.max = 1048576 (custom)
2019-09-30 19:02:43,121 [pool-429-thread-1] INFO  server.RaftServerConfigKeys (ConfUtils.java:logGet(43)) - raft.server.log.force.sync.num = 128 (default)
2019-09-30 19:02:43,121 [pool-419-thread-1] INFO  segmented.SegmentedRaftLogWorker (SegmentedRaftLogWorker.java:<init>(172)) - new 21fb7ab6-941e-4ef2-9919-d5dae2e9d2ac@group-C484DE0CA5D2-SegmentedRaftLogWorker for RaftStorage:Storage Directory /workdir/hadoop-ozone/integration-test/target/test-dir/MiniOzoneClusterImpl-5336a62e-69ee-4f83-b879-69e147fbc7dd/datanode-1/data/ratis/fc8b61bb-db94-4157-86e2-c484de0ca5d2
2019-09-30 19:02:43,121 [pool-429-thread-1] INFO  server.RaftServerConfigKeys (ConfUtils.java:logGet(43)) - raft.server.log.statemachine.data.sync = true (default)
2019-09-30 19:02:43,121 [pool-409-thread-1] INFO  server.RaftServerConfigKeys (ConfUtils.java:logGet(43)) - raft.server.log.segment.cache.num.max = 2 (custom)
2019-09-30 19:02:43,122 [pool-429-thread-1] INFO  server.RaftServerConfigKeys (ConfUtils.java:logGet(43)) - raft.server.log.statemachine.data.sync.timeout = 10s (default)
2019-09-30 19:02:43,121 [pool-419-thread-1] INFO  server.RaftServerConfigKeys (ConfUtils.java:logGet(43)) - raft.server.log.queue.byte-limit = 2147483647 (custom)
2019-09-30 19:02:43,122 [pool-429-thread-1] INFO  server.RaftServerConfigKeys (ConfUtils.java:logGet(43)) - raft.server.log.statemachine.data.sync.timeout.retry = -1 (default)
2019-09-30 19:02:43,122 [pool-409-thread-1] INFO  segmented.SegmentedRaftLogWorker (SegmentedRaftLogWorker.java:<init>(172)) - new 4d188239-23e4-42be-905f-1996fdec2c9c@group-C484DE0CA5D2-SegmentedRaftLogWorker for RaftStorage:Storage Directory /workdir/hadoop-ozone/integration-test/target/test-dir/MiniOzoneClusterImpl-5336a62e-69ee-4f83-b879-69e147fbc7dd/datanode-0/data/ratis/fc8b61bb-db94-4157-86e2-c484de0ca5d2
2019-09-30 19:02:43,122 [pool-429-thread-1] INFO  server.RaftServerConfigKeys (ConfUtils.java:logGet(43)) - raft.server.log.statemachine.data.caching.enabled = true (custom)
2019-09-30 19:02:43,122 [pool-419-thread-1] INFO  server.RaftServerConfigKeys (ConfUtils.java:logGet(43)) - raft.server.log.queue.element-limit = 1024 (custom)
2019-09-30 19:02:43,122 [pool-409-thread-1] INFO  server.RaftServerConfigKeys (ConfUtils.java:logGet(43)) - raft.server.log.queue.byte-limit = 2147483647 (custom)
2019-09-30 19:02:43,122 [pool-429-thread-1] INFO  segmented.SegmentedRaftLogWorker (SegmentedRaftLogWorker.java:lambda$new$0(132)) - d2b3b5aa-c8b2-466d-a8da-ebc2ed594bf9@group-C484DE0CA5D2-SegmentedRaftLogWorker: flushIndex: setUnconditionally 0 -> -1
2019-09-30 19:02:43,122 [pool-419-thread-1] INFO  server.RaftServerConfigKeys (ConfUtils.java:logGet(43)) - raft.server.log.segment.size.max = 1048576 (custom)
2019-09-30 19:02:43,123 [pool-409-thread-1] INFO  server.RaftServerConfigKeys (ConfUtils.java:logGet(43)) - raft.server.log.queue.element-limit = 1024 (custom)
2019-09-30 19:02:43,123 [pool-419-thread-1] INFO  server.RaftServerConfigKeys (ConfUtils.java:logGet(43)) - raft.server.log.preallocated.size = 16384 (custom)
2019-09-30 19:02:43,123 [pool-409-thread-1] INFO  server.RaftServerConfigKeys (ConfUtils.java:logGet(43)) - raft.server.log.segment.size.max = 1048576 (custom)
2019-09-30 19:02:43,123 [pool-429-thread-1] INFO  server.RaftServerConfigKeys (ConfUtils.java:logGet(43)) - raft.server.snapshot.auto.trigger.enabled = true (custom)
2019-09-30 19:02:43,123 [pool-409-thread-1] INFO  server.RaftServerConfigKeys (ConfUtils.java:logGet(43)) - raft.server.log.preallocated.size = 16384 (custom)
2019-09-30 19:02:43,123 [pool-419-thread-1] INFO  server.RaftServerConfigKeys (ConfUtils.java:logGet(43)) - raft.server.log.write.buffer.size = 33554432 (custom)
2019-09-30 19:02:43,123 [pool-409-thread-1] INFO  server.RaftServerConfigKeys (ConfUtils.java:logGet(43)) - raft.server.log.write.buffer.size = 33554432 (custom)
2019-09-30 19:02:43,123 [pool-429-thread-1] INFO  server.RaftServerConfigKeys (ConfUtils.java:logGet(43)) - raft.server.snapshot.auto.trigger.threshold = 10000 (custom)
2019-09-30 19:02:43,124 [pool-409-thread-1] INFO  server.RaftServerConfigKeys (ConfUtils.java:logGet(43)) - raft.server.log.force.sync.num = 128 (default)
2019-09-30 19:02:43,123 [pool-419-thread-1] INFO  server.RaftServerConfigKeys (ConfUtils.java:logGet(43)) - raft.server.log.force.sync.num = 128 (default)
2019-09-30 19:02:43,124 [pool-409-thread-1] INFO  server.RaftServerConfigKeys (ConfUtils.java:logGet(43)) - raft.server.log.statemachine.data.sync = true (default)
2019-09-30 19:02:43,124 [pool-429-thread-1] INFO  server.RaftServerConfigKeys (ConfUtils.java:logGet(43)) - raft.server.snapshot.retention.num.files = 5 (custom)
2019-09-30 19:02:43,124 [pool-409-thread-1] INFO  server.RaftServerConfigKeys (ConfUtils.java:logGet(43)) - raft.server.log.statemachine.data.sync.timeout = 10s (default)
2019-09-30 19:02:43,124 [pool-429-thread-1] INFO  server.RaftServerConfigKeys (ConfUtils.java:logGet(43)) - raft.server.retrycache.expirytime = 600000ms (custom)
2019-09-30 19:02:43,124 [pool-419-thread-1] INFO  server.RaftServerConfigKeys (ConfUtils.java:logGet(43)) - raft.server.log.statemachine.data.sync = true (default)
2019-09-30 19:02:43,124 [pool-409-thread-1] INFO  server.RaftServerConfigKeys (ConfUtils.java:logGet(43)) - raft.server.log.statemachine.data.sync.timeout.retry = -1 (default)
2019-09-30 19:02:43,125 [pool-419-thread-1] INFO  server.RaftServerConfigKeys (ConfUtils.java:logGet(43)) - raft.server.log.statemachine.data.sync.timeout = 10s (default)
2019-09-30 19:02:43,125 [pool-409-thread-1] INFO  server.RaftServerConfigKeys (ConfUtils.java:logGet(43)) - raft.server.log.statemachine.data.caching.enabled = true (custom)
2019-09-30 19:02:43,125 [pool-419-thread-1] INFO  server.RaftServerConfigKeys (ConfUtils.java:logGet(43)) - raft.server.log.statemachine.data.sync.timeout.retry = -1 (default)
2019-09-30 19:02:43,125 [IPC Server handler 1 on 45486] INFO  net.NetworkTopology (NetworkTopologyImpl.java:add(111)) - Added a new node: /default-rack/d7a777ed-f162-4a09-a085-0dd4a74802e5
2019-09-30 19:02:43,125 [pool-419-thread-1] INFO  server.RaftServerConfigKeys (ConfUtils.java:logGet(43)) - raft.server.log.statemachine.data.caching.enabled = true (custom)
2019-09-30 19:02:43,125 [pool-409-thread-1] INFO  segmented.SegmentedRaftLogWorker (SegmentedRaftLogWorker.java:lambda$new$0(132)) - 4d188239-23e4-42be-905f-1996fdec2c9c@group-C484DE0CA5D2-SegmentedRaftLogWorker: flushIndex: setUnconditionally 0 -> -1
2019-09-30 19:02:43,125 [IPC Server handler 1 on 45486] INFO  node.SCMNodeManager (SCMNodeManager.java:register(266)) - Registered Data node : d7a777ed-f162-4a09-a085-0dd4a74802e5{ip: 192.168.151.118, host: pr-hdds-1720-trunk-4nqxd-2896763123, networkLocation: /default-rack, certSerialId: null}
2019-09-30 19:02:43,126 [pool-409-thread-1] INFO  server.RaftServerConfigKeys (ConfUtils.java:logGet(43)) - raft.server.snapshot.auto.trigger.enabled = true (custom)
2019-09-30 19:02:43,126 [pool-409-thread-1] INFO  server.RaftServerConfigKeys (ConfUtils.java:logGet(43)) - raft.server.snapshot.auto.trigger.threshold = 10000 (custom)
2019-09-30 19:02:43,125 [pool-419-thread-1] INFO  segmented.SegmentedRaftLogWorker (SegmentedRaftLogWorker.java:lambda$new$0(132)) - 21fb7ab6-941e-4ef2-9919-d5dae2e9d2ac@group-C484DE0CA5D2-SegmentedRaftLogWorker: flushIndex: setUnconditionally 0 -> -1
2019-09-30 19:02:43,126 [pool-409-thread-1] INFO  server.RaftServerConfigKeys (ConfUtils.java:logGet(43)) - raft.server.snapshot.retention.num.files = 5 (custom)
2019-09-30 19:02:43,126 [pool-419-thread-1] INFO  server.RaftServerConfigKeys (ConfUtils.java:logGet(43)) - raft.server.snapshot.auto.trigger.enabled = true (custom)
2019-09-30 19:02:43,127 [pool-409-thread-1] INFO  server.RaftServerConfigKeys (ConfUtils.java:logGet(43)) - raft.server.retrycache.expirytime = 600000ms (custom)
2019-09-30 19:02:43,127 [pool-419-thread-1] INFO  server.RaftServerConfigKeys (ConfUtils.java:logGet(43)) - raft.server.snapshot.auto.trigger.threshold = 10000 (custom)
2019-09-30 19:02:43,127 [pool-419-thread-1] INFO  server.RaftServerConfigKeys (ConfUtils.java:logGet(43)) - raft.server.snapshot.retention.num.files = 5 (custom)
2019-09-30 19:02:43,127 [pool-419-thread-1] INFO  server.RaftServerConfigKeys (ConfUtils.java:logGet(43)) - raft.server.retrycache.expirytime = 600000ms (custom)
2019-09-30 19:02:43,127 [pool-429-thread-1] INFO  impl.RaftServerImpl (RaftServerImpl.java:start(185)) - d2b3b5aa-c8b2-466d-a8da-ebc2ed594bf9@group-C484DE0CA5D2: start as a follower, conf=-1: [4d188239-23e4-42be-905f-1996fdec2c9c:192.168.151.118:35619, 21fb7ab6-941e-4ef2-9919-d5dae2e9d2ac:192.168.151.118:44674, d2b3b5aa-c8b2-466d-a8da-ebc2ed594bf9:192.168.151.118:36990], old=null
2019-09-30 19:02:43,128 [pool-429-thread-1] INFO  impl.RaftServerImpl (RaftServerImpl.java:setRole(174)) - d2b3b5aa-c8b2-466d-a8da-ebc2ed594bf9@group-C484DE0CA5D2: changes role from      null to FOLLOWER at term 0 for startAsFollower
2019-09-30 19:02:43,128 [pool-429-thread-1] INFO  impl.RoleInfo (RoleInfo.java:updateAndGet(143)) - d2b3b5aa-c8b2-466d-a8da-ebc2ed594bf9: start FollowerState
2019-09-30 19:02:43,141 [pool-429-thread-1] INFO  util.JmxRegister (JmxRegister.java:tryRegister(44)) - Successfully registered JMX Bean with object name Ratis:service=RaftServer,group=group-C484DE0CA5D2,id=d2b3b5aa-c8b2-466d-a8da-ebc2ed594bf9
2019-09-30 19:02:43,157 [pool-409-thread-1] INFO  impl.RaftServerImpl (RaftServerImpl.java:start(185)) - 4d188239-23e4-42be-905f-1996fdec2c9c@group-C484DE0CA5D2: start as a follower, conf=-1: [4d188239-23e4-42be-905f-1996fdec2c9c:192.168.151.118:35619, 21fb7ab6-941e-4ef2-9919-d5dae2e9d2ac:192.168.151.118:44674, d2b3b5aa-c8b2-466d-a8da-ebc2ed594bf9:192.168.151.118:36990], old=null
2019-09-30 19:02:43,157 [pool-409-thread-1] INFO  impl.RaftServerImpl (RaftServerImpl.java:setRole(174)) - 4d188239-23e4-42be-905f-1996fdec2c9c@group-C484DE0CA5D2: changes role from      null to FOLLOWER at term 0 for startAsFollower
2019-09-30 19:02:43,157 [pool-419-thread-1] INFO  impl.RaftServerImpl (RaftServerImpl.java:start(185)) - 21fb7ab6-941e-4ef2-9919-d5dae2e9d2ac@group-C484DE0CA5D2: start as a follower, conf=-1: [4d188239-23e4-42be-905f-1996fdec2c9c:192.168.151.118:35619, 21fb7ab6-941e-4ef2-9919-d5dae2e9d2ac:192.168.151.118:44674, d2b3b5aa-c8b2-466d-a8da-ebc2ed594bf9:192.168.151.118:36990], old=null
2019-09-30 19:02:43,157 [pool-409-thread-1] INFO  impl.RoleInfo (RoleInfo.java:updateAndGet(143)) - 4d188239-23e4-42be-905f-1996fdec2c9c: start FollowerState
2019-09-30 19:02:43,157 [pool-419-thread-1] INFO  impl.RaftServerImpl (RaftServerImpl.java:setRole(174)) - 21fb7ab6-941e-4ef2-9919-d5dae2e9d2ac@group-C484DE0CA5D2: changes role from      null to FOLLOWER at term 0 for startAsFollower
2019-09-30 19:02:43,158 [pool-419-thread-1] INFO  impl.RoleInfo (RoleInfo.java:updateAndGet(143)) - 21fb7ab6-941e-4ef2-9919-d5dae2e9d2ac: start FollowerState
2019-09-30 19:02:43,158 [pool-409-thread-1] INFO  util.JmxRegister (JmxRegister.java:tryRegister(44)) - Successfully registered JMX Bean with object name Ratis:service=RaftServer,group=group-C484DE0CA5D2,id=4d188239-23e4-42be-905f-1996fdec2c9c
2019-09-30 19:02:43,158 [pool-419-thread-1] INFO  util.JmxRegister (JmxRegister.java:tryRegister(44)) - Successfully registered JMX Bean with object name Ratis:service=RaftServer,group=group-C484DE0CA5D2,id=21fb7ab6-941e-4ef2-9919-d5dae2e9d2ac
2019-09-30 19:02:43,161 [RatisPipelineUtilsThread] INFO  pipeline.PipelineStateManager (PipelineStateManager.java:addPipeline(56)) - Created pipeline Pipeline[ Id: fc8b61bb-db94-4157-86e2-c484de0ca5d2, Nodes: 4d188239-23e4-42be-905f-1996fdec2c9c{ip: 192.168.151.118, host: pr-hdds-1720-trunk-4nqxd-2896763123, networkLocation: /default-rack, certSerialId: null}21fb7ab6-941e-4ef2-9919-d5dae2e9d2ac{ip: 192.168.151.118, host: pr-hdds-1720-trunk-4nqxd-2896763123, networkLocation: /default-rack, certSerialId: null}d2b3b5aa-c8b2-466d-a8da-ebc2ed594bf9{ip: 192.168.151.118, host: pr-hdds-1720-trunk-4nqxd-2896763123, networkLocation: /default-rack, certSerialId: null}, Type:RATIS, Factor:THREE, State:OPEN]
2019-09-30 19:02:43,187 [IPC Server handler 6 on 45486] INFO  net.NetworkTopology (NetworkTopologyImpl.java:add(111)) - Added a new node: /default-rack/025042d3-9c8f-4cc2-b91c-038e79c6d064
2019-09-30 19:02:43,187 [IPC Server handler 6 on 45486] INFO  node.SCMNodeManager (SCMNodeManager.java:register(266)) - Registered Data node : 025042d3-9c8f-4cc2-b91c-038e79c6d064{ip: 192.168.151.118, host: pr-hdds-1720-trunk-4nqxd-2896763123, networkLocation: /default-rack, certSerialId: null}
2019-09-30 19:02:43,197 [grpc-default-executor-14] INFO  impl.RaftServerProxy (RaftServerProxy.java:addNew(89)) - bac7da44-233b-4de3-83ed-f92823745413: addNew group-B94F10DBCE13:[bac7da44-233b-4de3-83ed-f92823745413:192.168.151.118:46321] returns group-B94F10DBCE13:java.util.concurrent.CompletableFuture@30345632[Not completed]
2019-09-30 19:02:43,201 [pool-439-thread-1] INFO  impl.RaftServerImpl (RaftServerImpl.java:<init>(95)) - bac7da44-233b-4de3-83ed-f92823745413: new RaftServerImpl for group-B94F10DBCE13:[bac7da44-233b-4de3-83ed-f92823745413:192.168.151.118:46321] with ContainerStateMachine:uninitialized
2019-09-30 19:02:43,201 [pool-439-thread-1] INFO  server.RaftServerConfigKeys (ConfUtils.java:logGet(43)) - raft.server.rpc.timeout.min = 5s (custom)
2019-09-30 19:02:43,201 [pool-439-thread-1] INFO  server.RaftServerConfigKeys (ConfUtils.java:logGet(43)) - raft.server.rpc.timeout.max = 5200ms (custom)
2019-09-30 19:02:43,201 [pool-439-thread-1] INFO  server.RaftServerConfigKeys (ConfUtils.java:logGet(43)) - raft.server.rpcslowness.timeout = 120s (custom)
2019-09-30 19:02:43,201 [pool-439-thread-1] INFO  server.RaftServerConfigKeys (ConfUtils.java:logGet(43)) - raft.server.sleep.deviation.threshold = 300 (default)
2019-09-30 19:02:43,201 [pool-439-thread-1] INFO  server.RaftServerConfigKeys (ConfUtils.java:logGet(43)) - raft.server.log.appender.install.snapshot.enabled = false (custom)
2019-09-30 19:02:43,202 [pool-439-thread-1] INFO  impl.RaftServerImpl (ServerState.java:<init>(103)) - bac7da44-233b-4de3-83ed-f92823745413@group-B94F10DBCE13: ConfigurationManager, init=-1: [bac7da44-233b-4de3-83ed-f92823745413:192.168.151.118:46321], old=null, confs=<EMPTY_MAP>
2019-09-30 19:02:43,202 [pool-439-thread-1] INFO  server.RaftServerConfigKeys (ConfUtils.java:logGet(43)) - raft.server.storage.dir = [/workdir/hadoop-ozone/integration-test/target/test-dir/MiniOzoneClusterImpl-5336a62e-69ee-4f83-b879-69e147fbc7dd/datanode-3/data/ratis] (custom)
2019-09-30 19:02:43,202 [pool-439-thread-1] INFO  storage.RaftStorageDirectory (RaftStorageDirectory.java:analyzeStorage(246)) - The storage directory /workdir/hadoop-ozone/integration-test/target/test-dir/MiniOzoneClusterImpl-5336a62e-69ee-4f83-b879-69e147fbc7dd/datanode-3/data/ratis/cc139f72-e6f0-4d6d-a8b9-b94f10dbce13 does not exist. Creating ...
2019-09-30 19:02:43,227 [pool-439-thread-1] INFO  storage.RaftStorageDirectory (RaftStorageDirectory.java:tryLock(328)) - Lock on /workdir/hadoop-ozone/integration-test/target/test-dir/MiniOzoneClusterImpl-5336a62e-69ee-4f83-b879-69e147fbc7dd/datanode-3/data/ratis/cc139f72-e6f0-4d6d-a8b9-b94f10dbce13/in_use.lock acquired by nodename 19753@pr-hdds-1720-trunk-4nqxd-2896763123
2019-09-30 19:02:43,240 [pool-439-thread-1] INFO  storage.RaftStorage (RaftStorage.java:format(72)) - Storage directory /workdir/hadoop-ozone/integration-test/target/test-dir/MiniOzoneClusterImpl-5336a62e-69ee-4f83-b879-69e147fbc7dd/datanode-3/data/ratis/cc139f72-e6f0-4d6d-a8b9-b94f10dbce13 has been successfully formatted.
2019-09-30 19:02:43,241 [pool-439-thread-1] INFO  ratis.ContainerStateMachine (ContainerStateMachine.java:loadSnapshot(230)) - group-B94F10DBCE13: The snapshot info is null. Setting the last applied indexto:(t:0, i:~)
2019-09-30 19:02:43,241 [pool-439-thread-1] INFO  server.RaftServerConfigKeys (ConfUtils.java:logGet(43)) - raft.server.notification.no-leader.timeout = 120s (custom)
2019-09-30 19:02:43,241 [pool-439-thread-1] INFO  server.RaftServerConfigKeys (ConfUtils.java:logGet(43)) - raft.server.log.use.memory = false (default)
2019-09-30 19:02:43,241 [pool-439-thread-1] INFO  server.RaftServerConfigKeys (ConfUtils.java:logGet(43)) - raft.server.log.purge.gap = 1000000 (custom)
2019-09-30 19:02:43,241 [pool-439-thread-1] INFO  server.RaftServerConfigKeys (ConfUtils.java:logGet(43)) - raft.server.log.appender.buffer.byte-limit = 33554432 (custom)
2019-09-30 19:02:43,242 [pool-439-thread-1] INFO  server.RaftServerConfigKeys (ConfUtils.java:logGet(43)) - raft.server.log.segment.size.max = 1048576 (custom)
2019-09-30 19:02:43,242 [pool-439-thread-1] INFO  server.RaftServerConfigKeys (ConfUtils.java:logGet(43)) - raft.server.log.segment.cache.num.max = 2 (custom)
2019-09-30 19:02:43,242 [pool-439-thread-1] INFO  segmented.SegmentedRaftLogWorker (SegmentedRaftLogWorker.java:<init>(172)) - new bac7da44-233b-4de3-83ed-f92823745413@group-B94F10DBCE13-SegmentedRaftLogWorker for RaftStorage:Storage Directory /workdir/hadoop-ozone/integration-test/target/test-dir/MiniOzoneClusterImpl-5336a62e-69ee-4f83-b879-69e147fbc7dd/datanode-3/data/ratis/cc139f72-e6f0-4d6d-a8b9-b94f10dbce13
2019-09-30 19:02:43,244 [pool-439-thread-1] INFO  server.RaftServerConfigKeys (ConfUtils.java:logGet(43)) - raft.server.log.queue.byte-limit = 2147483647 (custom)
2019-09-30 19:02:43,244 [pool-439-thread-1] INFO  server.RaftServerConfigKeys (ConfUtils.java:logGet(43)) - raft.server.log.queue.element-limit = 1024 (custom)
2019-09-30 19:02:43,244 [pool-439-thread-1] INFO  server.RaftServerConfigKeys (ConfUtils.java:logGet(43)) - raft.server.log.segment.size.max = 1048576 (custom)
2019-09-30 19:02:43,244 [pool-439-thread-1] INFO  server.RaftServerConfigKeys (ConfUtils.java:logGet(43)) - raft.server.log.preallocated.size = 16384 (custom)
2019-09-30 19:02:43,244 [pool-439-thread-1] INFO  server.RaftServerConfigKeys (ConfUtils.java:logGet(43)) - raft.server.log.write.buffer.size = 33554432 (custom)
2019-09-30 19:02:43,244 [pool-439-thread-1] INFO  server.RaftServerConfigKeys (ConfUtils.java:logGet(43)) - raft.server.log.force.sync.num = 128 (default)
2019-09-30 19:02:43,245 [pool-439-thread-1] INFO  server.RaftServerConfigKeys (ConfUtils.java:logGet(43)) - raft.server.log.statemachine.data.sync = true (default)
2019-09-30 19:02:43,245 [pool-439-thread-1] INFO  server.RaftServerConfigKeys (ConfUtils.java:logGet(43)) - raft.server.log.statemachine.data.sync.timeout = 10s (default)
2019-09-30 19:02:43,245 [pool-439-thread-1] INFO  server.RaftServerConfigKeys (ConfUtils.java:logGet(43)) - raft.server.log.statemachine.data.sync.timeout.retry = -1 (default)
2019-09-30 19:02:43,245 [pool-439-thread-1] INFO  server.RaftServerConfigKeys (ConfUtils.java:logGet(43)) - raft.server.log.statemachine.data.caching.enabled = true (custom)
2019-09-30 19:02:43,245 [pool-439-thread-1] INFO  segmented.SegmentedRaftLogWorker (SegmentedRaftLogWorker.java:lambda$new$0(132)) - bac7da44-233b-4de3-83ed-f92823745413@group-B94F10DBCE13-SegmentedRaftLogWorker: flushIndex: setUnconditionally 0 -> -1
2019-09-30 19:02:43,246 [pool-439-thread-1] INFO  server.RaftServerConfigKeys (ConfUtils.java:logGet(43)) - raft.server.snapshot.auto.trigger.enabled = true (custom)
2019-09-30 19:02:43,246 [pool-439-thread-1] INFO  server.RaftServerConfigKeys (ConfUtils.java:logGet(43)) - raft.server.snapshot.auto.trigger.threshold = 10000 (custom)
2019-09-30 19:02:43,246 [pool-439-thread-1] INFO  server.RaftServerConfigKeys (ConfUtils.java:logGet(43)) - raft.server.snapshot.retention.num.files = 5 (custom)
2019-09-30 19:02:43,246 [pool-439-thread-1] INFO  server.RaftServerConfigKeys (ConfUtils.java:logGet(43)) - raft.server.retrycache.expirytime = 600000ms (custom)
2019-09-30 19:02:43,248 [pool-439-thread-1] INFO  impl.RaftServerImpl (RaftServerImpl.java:start(185)) - bac7da44-233b-4de3-83ed-f92823745413@group-B94F10DBCE13: start as a follower, conf=-1: [bac7da44-233b-4de3-83ed-f92823745413:192.168.151.118:46321], old=null
2019-09-30 19:02:43,248 [pool-439-thread-1] INFO  impl.RaftServerImpl (RaftServerImpl.java:setRole(174)) - bac7da44-233b-4de3-83ed-f92823745413@group-B94F10DBCE13: changes role from      null to FOLLOWER at term 0 for startAsFollower
2019-09-30 19:02:43,248 [pool-439-thread-1] INFO  impl.RoleInfo (RoleInfo.java:updateAndGet(143)) - bac7da44-233b-4de3-83ed-f92823745413: start FollowerState
2019-09-30 19:02:43,249 [pool-439-thread-1] INFO  util.JmxRegister (JmxRegister.java:tryRegister(44)) - Successfully registered JMX Bean with object name Ratis:service=RaftServer,group=group-B94F10DBCE13,id=bac7da44-233b-4de3-83ed-f92823745413
2019-09-30 19:02:43,249 [main] INFO  ozone.MiniOzoneClusterImpl (MiniOzoneClusterImpl.java:lambda$waitForClusterToBeReady$0(147)) - Waiting for cluster to be ready. Got 6 of 7 DN Heartbeats.
2019-09-30 19:02:43,250 [IPC Server handler 0 on 45486] INFO  net.NetworkTopology (NetworkTopologyImpl.java:add(111)) - Added a new node: /default-rack/a9bacd76-4374-4de2-973f-423736f4e858
2019-09-30 19:02:43,250 [IPC Server handler 0 on 45486] INFO  node.SCMNodeManager (SCMNodeManager.java:register(266)) - Registered Data node : a9bacd76-4374-4de2-973f-423736f4e858{ip: 192.168.151.118, host: pr-hdds-1720-trunk-4nqxd-2896763123, networkLocation: /default-rack, certSerialId: null}
2019-09-30 19:02:43,251 [RatisPipelineUtilsThread] INFO  pipeline.PipelineStateManager (PipelineStateManager.java:addPipeline(56)) - Created pipeline Pipeline[ Id: cc139f72-e6f0-4d6d-a8b9-b94f10dbce13, Nodes: bac7da44-233b-4de3-83ed-f92823745413{ip: 192.168.151.118, host: pr-hdds-1720-trunk-4nqxd-2896763123, networkLocation: /default-rack, certSerialId: null}, Type:RATIS, Factor:ONE, State:OPEN]
2019-09-30 19:02:43,267 [grpc-default-executor-14] INFO  impl.RaftServerProxy (RaftServerProxy.java:addNew(89)) - d7a777ed-f162-4a09-a085-0dd4a74802e5: addNew group-C1C6DC68C6FD:[d7a777ed-f162-4a09-a085-0dd4a74802e5:192.168.151.118:43081] returns group-C1C6DC68C6FD:java.util.concurrent.CompletableFuture@3c5feb12[Not completed]
2019-09-30 19:02:43,269 [pool-449-thread-1] INFO  impl.RaftServerImpl (RaftServerImpl.java:<init>(95)) - d7a777ed-f162-4a09-a085-0dd4a74802e5: new RaftServerImpl for group-C1C6DC68C6FD:[d7a777ed-f162-4a09-a085-0dd4a74802e5:192.168.151.118:43081] with ContainerStateMachine:uninitialized
2019-09-30 19:02:43,269 [pool-449-thread-1] INFO  server.RaftServerConfigKeys (ConfUtils.java:logGet(43)) - raft.server.rpc.timeout.min = 5s (custom)
2019-09-30 19:02:43,269 [pool-449-thread-1] INFO  server.RaftServerConfigKeys (ConfUtils.java:logGet(43)) - raft.server.rpc.timeout.max = 5200ms (custom)
2019-09-30 19:02:43,269 [pool-449-thread-1] INFO  server.RaftServerConfigKeys (ConfUtils.java:logGet(43)) - raft.server.rpcslowness.timeout = 120s (custom)
2019-09-30 19:02:43,270 [pool-449-thread-1] INFO  server.RaftServerConfigKeys (ConfUtils.java:logGet(43)) - raft.server.sleep.deviation.threshold = 300 (default)
2019-09-30 19:02:43,270 [pool-449-thread-1] INFO  server.RaftServerConfigKeys (ConfUtils.java:logGet(43)) - raft.server.log.appender.install.snapshot.enabled = false (custom)
2019-09-30 19:02:43,270 [pool-449-thread-1] INFO  impl.RaftServerImpl (ServerState.java:<init>(103)) - d7a777ed-f162-4a09-a085-0dd4a74802e5@group-C1C6DC68C6FD: ConfigurationManager, init=-1: [d7a777ed-f162-4a09-a085-0dd4a74802e5:192.168.151.118:43081], old=null, confs=<EMPTY_MAP>
2019-09-30 19:02:43,270 [pool-449-thread-1] INFO  server.RaftServerConfigKeys (ConfUtils.java:logGet(43)) - raft.server.storage.dir = [/workdir/hadoop-ozone/integration-test/target/test-dir/MiniOzoneClusterImpl-5336a62e-69ee-4f83-b879-69e147fbc7dd/datanode-4/data/ratis] (custom)
2019-09-30 19:02:43,271 [pool-449-thread-1] INFO  storage.RaftStorageDirectory (RaftStorageDirectory.java:analyzeStorage(246)) - The storage directory /workdir/hadoop-ozone/integration-test/target/test-dir/MiniOzoneClusterImpl-5336a62e-69ee-4f83-b879-69e147fbc7dd/datanode-4/data/ratis/c3161565-3da9-4e33-b11a-c1c6dc68c6fd does not exist. Creating ...
2019-09-30 19:02:43,296 [pool-449-thread-1] INFO  storage.RaftStorageDirectory (RaftStorageDirectory.java:tryLock(328)) - Lock on /workdir/hadoop-ozone/integration-test/target/test-dir/MiniOzoneClusterImpl-5336a62e-69ee-4f83-b879-69e147fbc7dd/datanode-4/data/ratis/c3161565-3da9-4e33-b11a-c1c6dc68c6fd/in_use.lock acquired by nodename 19753@pr-hdds-1720-trunk-4nqxd-2896763123
2019-09-30 19:02:43,309 [pool-449-thread-1] INFO  storage.RaftStorage (RaftStorage.java:format(72)) - Storage directory /workdir/hadoop-ozone/integration-test/target/test-dir/MiniOzoneClusterImpl-5336a62e-69ee-4f83-b879-69e147fbc7dd/datanode-4/data/ratis/c3161565-3da9-4e33-b11a-c1c6dc68c6fd has been successfully formatted.
2019-09-30 19:02:43,309 [pool-449-thread-1] INFO  ratis.ContainerStateMachine (ContainerStateMachine.java:loadSnapshot(230)) - group-C1C6DC68C6FD: The snapshot info is null. Setting the last applied indexto:(t:0, i:~)
2019-09-30 19:02:43,309 [pool-449-thread-1] INFO  server.RaftServerConfigKeys (ConfUtils.java:logGet(43)) - raft.server.notification.no-leader.timeout = 120s (custom)
2019-09-30 19:02:43,309 [pool-449-thread-1] INFO  server.RaftServerConfigKeys (ConfUtils.java:logGet(43)) - raft.server.log.use.memory = false (default)
2019-09-30 19:02:43,309 [pool-449-thread-1] INFO  server.RaftServerConfigKeys (ConfUtils.java:logGet(43)) - raft.server.log.purge.gap = 1000000 (custom)
2019-09-30 19:02:43,310 [pool-449-thread-1] INFO  server.RaftServerConfigKeys (ConfUtils.java:logGet(43)) - raft.server.log.appender.buffer.byte-limit = 33554432 (custom)
2019-09-30 19:02:43,310 [pool-449-thread-1] INFO  server.RaftServerConfigKeys (ConfUtils.java:logGet(43)) - raft.server.log.segment.size.max = 1048576 (custom)
2019-09-30 19:02:43,310 [pool-449-thread-1] INFO  server.RaftServerConfigKeys (ConfUtils.java:logGet(43)) - raft.server.log.segment.cache.num.max = 2 (custom)
2019-09-30 19:02:43,310 [pool-449-thread-1] INFO  segmented.SegmentedRaftLogWorker (SegmentedRaftLogWorker.java:<init>(172)) - new d7a777ed-f162-4a09-a085-0dd4a74802e5@group-C1C6DC68C6FD-SegmentedRaftLogWorker for RaftStorage:Storage Directory /workdir/hadoop-ozone/integration-test/target/test-dir/MiniOzoneClusterImpl-5336a62e-69ee-4f83-b879-69e147fbc7dd/datanode-4/data/ratis/c3161565-3da9-4e33-b11a-c1c6dc68c6fd
2019-09-30 19:02:43,312 [pool-449-thread-1] INFO  server.RaftServerConfigKeys (ConfUtils.java:logGet(43)) - raft.server.log.queue.byte-limit = 2147483647 (custom)
2019-09-30 19:02:43,312 [pool-449-thread-1] INFO  server.RaftServerConfigKeys (ConfUtils.java:logGet(43)) - raft.server.log.queue.element-limit = 1024 (custom)
2019-09-30 19:02:43,313 [pool-449-thread-1] INFO  server.RaftServerConfigKeys (ConfUtils.java:logGet(43)) - raft.server.log.segment.size.max = 1048576 (custom)
2019-09-30 19:02:43,313 [pool-449-thread-1] INFO  server.RaftServerConfigKeys (ConfUtils.java:logGet(43)) - raft.server.log.preallocated.size = 16384 (custom)
2019-09-30 19:02:43,313 [pool-449-thread-1] INFO  server.RaftServerConfigKeys (ConfUtils.java:logGet(43)) - raft.server.log.write.buffer.size = 33554432 (custom)
2019-09-30 19:02:43,313 [pool-449-thread-1] INFO  server.RaftServerConfigKeys (ConfUtils.java:logGet(43)) - raft.server.log.force.sync.num = 128 (default)
2019-09-30 19:02:43,313 [pool-449-thread-1] INFO  server.RaftServerConfigKeys (ConfUtils.java:logGet(43)) - raft.server.log.statemachine.data.sync = true (default)
2019-09-30 19:02:43,313 [pool-449-thread-1] INFO  server.RaftServerConfigKeys (ConfUtils.java:logGet(43)) - raft.server.log.statemachine.data.sync.timeout = 10s (default)
2019-09-30 19:02:43,313 [pool-449-thread-1] INFO  server.RaftServerConfigKeys (ConfUtils.java:logGet(43)) - raft.server.log.statemachine.data.sync.timeout.retry = -1 (default)
2019-09-30 19:02:43,314 [pool-449-thread-1] INFO  server.RaftServerConfigKeys (ConfUtils.java:logGet(43)) - raft.server.log.statemachine.data.caching.enabled = true (custom)
2019-09-30 19:02:43,314 [pool-449-thread-1] INFO  segmented.SegmentedRaftLogWorker (SegmentedRaftLogWorker.java:lambda$new$0(132)) - d7a777ed-f162-4a09-a085-0dd4a74802e5@group-C1C6DC68C6FD-SegmentedRaftLogWorker: flushIndex: setUnconditionally 0 -> -1
2019-09-30 19:02:43,314 [pool-449-thread-1] INFO  server.RaftServerConfigKeys (ConfUtils.java:logGet(43)) - raft.server.snapshot.auto.trigger.enabled = true (custom)
2019-09-30 19:02:43,315 [pool-449-thread-1] INFO  server.RaftServerConfigKeys (ConfUtils.java:logGet(43)) - raft.server.snapshot.auto.trigger.threshold = 10000 (custom)
2019-09-30 19:02:43,315 [pool-449-thread-1] INFO  server.RaftServerConfigKeys (ConfUtils.java:logGet(43)) - raft.server.snapshot.retention.num.files = 5 (custom)
2019-09-30 19:02:43,315 [pool-449-thread-1] INFO  server.RaftServerConfigKeys (ConfUtils.java:logGet(43)) - raft.server.retrycache.expirytime = 600000ms (custom)
2019-09-30 19:02:43,317 [pool-449-thread-1] INFO  impl.RaftServerImpl (RaftServerImpl.java:start(185)) - d7a777ed-f162-4a09-a085-0dd4a74802e5@group-C1C6DC68C6FD: start as a follower, conf=-1: [d7a777ed-f162-4a09-a085-0dd4a74802e5:192.168.151.118:43081], old=null
2019-09-30 19:02:43,317 [pool-449-thread-1] INFO  impl.RaftServerImpl (RaftServerImpl.java:setRole(174)) - d7a777ed-f162-4a09-a085-0dd4a74802e5@group-C1C6DC68C6FD: changes role from      null to FOLLOWER at term 0 for startAsFollower
2019-09-30 19:02:43,317 [pool-449-thread-1] INFO  impl.RoleInfo (RoleInfo.java:updateAndGet(143)) - d7a777ed-f162-4a09-a085-0dd4a74802e5: start FollowerState
2019-09-30 19:02:43,317 [pool-449-thread-1] INFO  util.JmxRegister (JmxRegister.java:tryRegister(44)) - Successfully registered JMX Bean with object name Ratis:service=RaftServer,group=group-C1C6DC68C6FD,id=d7a777ed-f162-4a09-a085-0dd4a74802e5
2019-09-30 19:02:43,320 [RatisPipelineUtilsThread] INFO  pipeline.PipelineStateManager (PipelineStateManager.java:addPipeline(56)) - Created pipeline Pipeline[ Id: c3161565-3da9-4e33-b11a-c1c6dc68c6fd, Nodes: d7a777ed-f162-4a09-a085-0dd4a74802e5{ip: 192.168.151.118, host: pr-hdds-1720-trunk-4nqxd-2896763123, networkLocation: /default-rack, certSerialId: null}, Type:RATIS, Factor:ONE, State:OPEN]
2019-09-30 19:02:43,327 [grpc-default-executor-14] INFO  impl.RaftServerProxy (RaftServerProxy.java:addNew(89)) - 025042d3-9c8f-4cc2-b91c-038e79c6d064: addNew group-778B67D44E7D:[025042d3-9c8f-4cc2-b91c-038e79c6d064:192.168.151.118:44386] returns group-778B67D44E7D:java.util.concurrent.CompletableFuture@3d4f1da8[Not completed]
2019-09-30 19:02:43,329 [pool-459-thread-1] INFO  impl.RaftServerImpl (RaftServerImpl.java:<init>(95)) - 025042d3-9c8f-4cc2-b91c-038e79c6d064: new RaftServerImpl for group-778B67D44E7D:[025042d3-9c8f-4cc2-b91c-038e79c6d064:192.168.151.118:44386] with ContainerStateMachine:uninitialized
2019-09-30 19:02:43,329 [pool-459-thread-1] INFO  server.RaftServerConfigKeys (ConfUtils.java:logGet(43)) - raft.server.rpc.timeout.min = 5s (custom)
2019-09-30 19:02:43,329 [pool-459-thread-1] INFO  server.RaftServerConfigKeys (ConfUtils.java:logGet(43)) - raft.server.rpc.timeout.max = 5200ms (custom)
2019-09-30 19:02:43,329 [pool-459-thread-1] INFO  server.RaftServerConfigKeys (ConfUtils.java:logGet(43)) - raft.server.rpcslowness.timeout = 120s (custom)
2019-09-30 19:02:43,329 [pool-459-thread-1] INFO  server.RaftServerConfigKeys (ConfUtils.java:logGet(43)) - raft.server.sleep.deviation.threshold = 300 (default)
2019-09-30 19:02:43,329 [pool-459-thread-1] INFO  server.RaftServerConfigKeys (ConfUtils.java:logGet(43)) - raft.server.log.appender.install.snapshot.enabled = false (custom)
2019-09-30 19:02:43,330 [pool-459-thread-1] INFO  impl.RaftServerImpl (ServerState.java:<init>(103)) - 025042d3-9c8f-4cc2-b91c-038e79c6d064@group-778B67D44E7D: ConfigurationManager, init=-1: [025042d3-9c8f-4cc2-b91c-038e79c6d064:192.168.151.118:44386], old=null, confs=<EMPTY_MAP>
2019-09-30 19:02:43,330 [pool-459-thread-1] INFO  server.RaftServerConfigKeys (ConfUtils.java:logGet(43)) - raft.server.storage.dir = [/workdir/hadoop-ozone/integration-test/target/test-dir/MiniOzoneClusterImpl-5336a62e-69ee-4f83-b879-69e147fbc7dd/datanode-5/data/ratis] (custom)
2019-09-30 19:02:43,330 [pool-459-thread-1] INFO  storage.RaftStorageDirectory (RaftStorageDirectory.java:analyzeStorage(246)) - The storage directory /workdir/hadoop-ozone/integration-test/target/test-dir/MiniOzoneClusterImpl-5336a62e-69ee-4f83-b879-69e147fbc7dd/datanode-5/data/ratis/e24f8c96-05a2-432b-9268-778b67d44e7d does not exist. Creating ...
2019-09-30 19:02:43,355 [pool-459-thread-1] INFO  storage.RaftStorageDirectory (RaftStorageDirectory.java:tryLock(328)) - Lock on /workdir/hadoop-ozone/integration-test/target/test-dir/MiniOzoneClusterImpl-5336a62e-69ee-4f83-b879-69e147fbc7dd/datanode-5/data/ratis/e24f8c96-05a2-432b-9268-778b67d44e7d/in_use.lock acquired by nodename 19753@pr-hdds-1720-trunk-4nqxd-2896763123
2019-09-30 19:02:43,369 [pool-459-thread-1] INFO  storage.RaftStorage (RaftStorage.java:format(72)) - Storage directory /workdir/hadoop-ozone/integration-test/target/test-dir/MiniOzoneClusterImpl-5336a62e-69ee-4f83-b879-69e147fbc7dd/datanode-5/data/ratis/e24f8c96-05a2-432b-9268-778b67d44e7d has been successfully formatted.
2019-09-30 19:02:43,369 [pool-459-thread-1] INFO  ratis.ContainerStateMachine (ContainerStateMachine.java:loadSnapshot(230)) - group-778B67D44E7D: The snapshot info is null. Setting the last applied indexto:(t:0, i:~)
2019-09-30 19:02:43,369 [pool-459-thread-1] INFO  server.RaftServerConfigKeys (ConfUtils.java:logGet(43)) - raft.server.notification.no-leader.timeout = 120s (custom)
2019-09-30 19:02:43,369 [pool-459-thread-1] INFO  server.RaftServerConfigKeys (ConfUtils.java:logGet(43)) - raft.server.log.use.memory = false (default)
2019-09-30 19:02:43,370 [pool-459-thread-1] INFO  server.RaftServerConfigKeys (ConfUtils.java:logGet(43)) - raft.server.log.purge.gap = 1000000 (custom)
2019-09-30 19:02:43,370 [pool-459-thread-1] INFO  server.RaftServerConfigKeys (ConfUtils.java:logGet(43)) - raft.server.log.appender.buffer.byte-limit = 33554432 (custom)
2019-09-30 19:02:43,370 [pool-459-thread-1] INFO  server.RaftServerConfigKeys (ConfUtils.java:logGet(43)) - raft.server.log.segment.size.max = 1048576 (custom)
2019-09-30 19:02:43,370 [pool-459-thread-1] INFO  server.RaftServerConfigKeys (ConfUtils.java:logGet(43)) - raft.server.log.segment.cache.num.max = 2 (custom)
2019-09-30 19:02:43,370 [pool-459-thread-1] INFO  segmented.SegmentedRaftLogWorker (SegmentedRaftLogWorker.java:<init>(172)) - new 025042d3-9c8f-4cc2-b91c-038e79c6d064@group-778B67D44E7D-SegmentedRaftLogWorker for RaftStorage:Storage Directory /workdir/hadoop-ozone/integration-test/target/test-dir/MiniOzoneClusterImpl-5336a62e-69ee-4f83-b879-69e147fbc7dd/datanode-5/data/ratis/e24f8c96-05a2-432b-9268-778b67d44e7d
2019-09-30 19:02:43,372 [pool-459-thread-1] INFO  server.RaftServerConfigKeys (ConfUtils.java:logGet(43)) - raft.server.log.queue.byte-limit = 2147483647 (custom)
2019-09-30 19:02:43,373 [pool-459-thread-1] INFO  server.RaftServerConfigKeys (ConfUtils.java:logGet(43)) - raft.server.log.queue.element-limit = 1024 (custom)
2019-09-30 19:02:43,373 [pool-459-thread-1] INFO  server.RaftServerConfigKeys (ConfUtils.java:logGet(43)) - raft.server.log.segment.size.max = 1048576 (custom)
2019-09-30 19:02:43,373 [pool-459-thread-1] INFO  server.RaftServerConfigKeys (ConfUtils.java:logGet(43)) - raft.server.log.preallocated.size = 16384 (custom)
2019-09-30 19:02:43,373 [pool-459-thread-1] INFO  server.RaftServerConfigKeys (ConfUtils.java:logGet(43)) - raft.server.log.write.buffer.size = 33554432 (custom)
2019-09-30 19:02:43,373 [pool-459-thread-1] INFO  server.RaftServerConfigKeys (ConfUtils.java:logGet(43)) - raft.server.log.force.sync.num = 128 (default)
2019-09-30 19:02:43,373 [pool-459-thread-1] INFO  server.RaftServerConfigKeys (ConfUtils.java:logGet(43)) - raft.server.log.statemachine.data.sync = true (default)
2019-09-30 19:02:43,374 [pool-459-thread-1] INFO  server.RaftServerConfigKeys (ConfUtils.java:logGet(43)) - raft.server.log.statemachine.data.sync.timeout = 10s (default)
2019-09-30 19:02:43,374 [pool-459-thread-1] INFO  server.RaftServerConfigKeys (ConfUtils.java:logGet(43)) - raft.server.log.statemachine.data.sync.timeout.retry = -1 (default)
2019-09-30 19:02:43,374 [pool-459-thread-1] INFO  server.RaftServerConfigKeys (ConfUtils.java:logGet(43)) - raft.server.log.statemachine.data.caching.enabled = true (custom)
2019-09-30 19:02:43,374 [pool-459-thread-1] INFO  segmented.SegmentedRaftLogWorker (SegmentedRaftLogWorker.java:lambda$new$0(132)) - 025042d3-9c8f-4cc2-b91c-038e79c6d064@group-778B67D44E7D-SegmentedRaftLogWorker: flushIndex: setUnconditionally 0 -> -1
2019-09-30 19:02:43,375 [pool-459-thread-1] INFO  server.RaftServerConfigKeys (ConfUtils.java:logGet(43)) - raft.server.snapshot.auto.trigger.enabled = true (custom)
2019-09-30 19:02:43,375 [pool-459-thread-1] INFO  server.RaftServerConfigKeys (ConfUtils.java:logGet(43)) - raft.server.snapshot.auto.trigger.threshold = 10000 (custom)
2019-09-30 19:02:43,375 [pool-459-thread-1] INFO  server.RaftServerConfigKeys (ConfUtils.java:logGet(43)) - raft.server.snapshot.retention.num.files = 5 (custom)
2019-09-30 19:02:43,375 [pool-459-thread-1] INFO  server.RaftServerConfigKeys (ConfUtils.java:logGet(43)) - raft.server.retrycache.expirytime = 600000ms (custom)
2019-09-30 19:02:43,377 [pool-459-thread-1] INFO  impl.RaftServerImpl (RaftServerImpl.java:start(185)) - 025042d3-9c8f-4cc2-b91c-038e79c6d064@group-778B67D44E7D: start as a follower, conf=-1: [025042d3-9c8f-4cc2-b91c-038e79c6d064:192.168.151.118:44386], old=null
2019-09-30 19:02:43,377 [pool-459-thread-1] INFO  impl.RaftServerImpl (RaftServerImpl.java:setRole(174)) - 025042d3-9c8f-4cc2-b91c-038e79c6d064@group-778B67D44E7D: changes role from      null to FOLLOWER at term 0 for startAsFollower
2019-09-30 19:02:43,377 [pool-459-thread-1] INFO  impl.RoleInfo (RoleInfo.java:updateAndGet(143)) - 025042d3-9c8f-4cc2-b91c-038e79c6d064: start FollowerState
2019-09-30 19:02:43,378 [pool-459-thread-1] INFO  util.JmxRegister (JmxRegister.java:tryRegister(44)) - Successfully registered JMX Bean with object name Ratis:service=RaftServer,group=group-778B67D44E7D,id=025042d3-9c8f-4cc2-b91c-038e79c6d064
2019-09-30 19:02:43,380 [RatisPipelineUtilsThread] INFO  pipeline.PipelineStateManager (PipelineStateManager.java:addPipeline(56)) - Created pipeline Pipeline[ Id: e24f8c96-05a2-432b-9268-778b67d44e7d, Nodes: 025042d3-9c8f-4cc2-b91c-038e79c6d064{ip: 192.168.151.118, host: pr-hdds-1720-trunk-4nqxd-2896763123, networkLocation: /default-rack, certSerialId: null}, Type:RATIS, Factor:ONE, State:OPEN]
2019-09-30 19:02:43,388 [grpc-default-executor-14] INFO  impl.RaftServerProxy (RaftServerProxy.java:addNew(89)) - a9bacd76-4374-4de2-973f-423736f4e858: addNew group-D77327F7DF09:[a9bacd76-4374-4de2-973f-423736f4e858:192.168.151.118:45289] returns group-D77327F7DF09:java.util.concurrent.CompletableFuture@25dca990[Not completed]
2019-09-30 19:02:43,389 [pool-469-thread-1] INFO  impl.RaftServerImpl (RaftServerImpl.java:<init>(95)) - a9bacd76-4374-4de2-973f-423736f4e858: new RaftServerImpl for group-D77327F7DF09:[a9bacd76-4374-4de2-973f-423736f4e858:192.168.151.118:45289] with ContainerStateMachine:uninitialized
2019-09-30 19:02:43,389 [pool-469-thread-1] INFO  server.RaftServerConfigKeys (ConfUtils.java:logGet(43)) - raft.server.rpc.timeout.min = 5s (custom)
2019-09-30 19:02:43,390 [pool-469-thread-1] INFO  server.RaftServerConfigKeys (ConfUtils.java:logGet(43)) - raft.server.rpc.timeout.max = 5200ms (custom)
2019-09-30 19:02:43,390 [pool-469-thread-1] INFO  server.RaftServerConfigKeys (ConfUtils.java:logGet(43)) - raft.server.rpcslowness.timeout = 120s (custom)
2019-09-30 19:02:43,390 [pool-469-thread-1] INFO  server.RaftServerConfigKeys (ConfUtils.java:logGet(43)) - raft.server.sleep.deviation.threshold = 300 (default)
2019-09-30 19:02:43,390 [pool-469-thread-1] INFO  server.RaftServerConfigKeys (ConfUtils.java:logGet(43)) - raft.server.log.appender.install.snapshot.enabled = false (custom)
2019-09-30 19:02:43,390 [pool-469-thread-1] INFO  impl.RaftServerImpl (ServerState.java:<init>(103)) - a9bacd76-4374-4de2-973f-423736f4e858@group-D77327F7DF09: ConfigurationManager, init=-1: [a9bacd76-4374-4de2-973f-423736f4e858:192.168.151.118:45289], old=null, confs=<EMPTY_MAP>
2019-09-30 19:02:43,390 [pool-469-thread-1] INFO  server.RaftServerConfigKeys (ConfUtils.java:logGet(43)) - raft.server.storage.dir = [/workdir/hadoop-ozone/integration-test/target/test-dir/MiniOzoneClusterImpl-5336a62e-69ee-4f83-b879-69e147fbc7dd/datanode-6/data/ratis] (custom)
2019-09-30 19:02:43,391 [pool-469-thread-1] INFO  storage.RaftStorageDirectory (RaftStorageDirectory.java:analyzeStorage(246)) - The storage directory /workdir/hadoop-ozone/integration-test/target/test-dir/MiniOzoneClusterImpl-5336a62e-69ee-4f83-b879-69e147fbc7dd/datanode-6/data/ratis/8dc1325a-464c-4cbc-929a-d77327f7df09 does not exist. Creating ...
2019-09-30 19:02:43,404 [pool-469-thread-1] INFO  storage.RaftStorageDirectory (RaftStorageDirectory.java:tryLock(328)) - Lock on /workdir/hadoop-ozone/integration-test/target/test-dir/MiniOzoneClusterImpl-5336a62e-69ee-4f83-b879-69e147fbc7dd/datanode-6/data/ratis/8dc1325a-464c-4cbc-929a-d77327f7df09/in_use.lock acquired by nodename 19753@pr-hdds-1720-trunk-4nqxd-2896763123
2019-09-30 19:02:43,410 [pool-469-thread-1] INFO  storage.RaftStorage (RaftStorage.java:format(72)) - Storage directory /workdir/hadoop-ozone/integration-test/target/test-dir/MiniOzoneClusterImpl-5336a62e-69ee-4f83-b879-69e147fbc7dd/datanode-6/data/ratis/8dc1325a-464c-4cbc-929a-d77327f7df09 has been successfully formatted.
2019-09-30 19:02:43,410 [pool-469-thread-1] INFO  ratis.ContainerStateMachine (ContainerStateMachine.java:loadSnapshot(230)) - group-D77327F7DF09: The snapshot info is null. Setting the last applied indexto:(t:0, i:~)
2019-09-30 19:02:43,410 [pool-469-thread-1] INFO  server.RaftServerConfigKeys (ConfUtils.java:logGet(43)) - raft.server.notification.no-leader.timeout = 120s (custom)
2019-09-30 19:02:43,410 [pool-469-thread-1] INFO  server.RaftServerConfigKeys (ConfUtils.java:logGet(43)) - raft.server.log.use.memory = false (default)
2019-09-30 19:02:43,410 [pool-469-thread-1] INFO  server.RaftServerConfigKeys (ConfUtils.java:logGet(43)) - raft.server.log.purge.gap = 1000000 (custom)
2019-09-30 19:02:43,410 [pool-469-thread-1] INFO  server.RaftServerConfigKeys (ConfUtils.java:logGet(43)) - raft.server.log.appender.buffer.byte-limit = 33554432 (custom)
2019-09-30 19:02:43,411 [pool-469-thread-1] INFO  server.RaftServerConfigKeys (ConfUtils.java:logGet(43)) - raft.server.log.segment.size.max = 1048576 (custom)
2019-09-30 19:02:43,411 [pool-469-thread-1] INFO  server.RaftServerConfigKeys (ConfUtils.java:logGet(43)) - raft.server.log.segment.cache.num.max = 2 (custom)
2019-09-30 19:02:43,411 [pool-469-thread-1] INFO  segmented.SegmentedRaftLogWorker (SegmentedRaftLogWorker.java:<init>(172)) - new a9bacd76-4374-4de2-973f-423736f4e858@group-D77327F7DF09-SegmentedRaftLogWorker for RaftStorage:Storage Directory /workdir/hadoop-ozone/integration-test/target/test-dir/MiniOzoneClusterImpl-5336a62e-69ee-4f83-b879-69e147fbc7dd/datanode-6/data/ratis/8dc1325a-464c-4cbc-929a-d77327f7df09
2019-09-30 19:02:43,665 [pool-469-thread-1] INFO  server.RaftServerConfigKeys (ConfUtils.java:logGet(43)) - raft.server.log.queue.byte-limit = 2147483647 (custom)
2019-09-30 19:02:43,665 [pool-469-thread-1] INFO  server.RaftServerConfigKeys (ConfUtils.java:logGet(43)) - raft.server.log.queue.element-limit = 1024 (custom)
2019-09-30 19:02:43,665 [pool-469-thread-1] INFO  server.RaftServerConfigKeys (ConfUtils.java:logGet(43)) - raft.server.log.segment.size.max = 1048576 (custom)
2019-09-30 19:02:43,665 [pool-469-thread-1] INFO  server.RaftServerConfigKeys (ConfUtils.java:logGet(43)) - raft.server.log.preallocated.size = 16384 (custom)
2019-09-30 19:02:43,665 [pool-469-thread-1] INFO  server.RaftServerConfigKeys (ConfUtils.java:logGet(43)) - raft.server.log.write.buffer.size = 33554432 (custom)
2019-09-30 19:02:43,666 [pool-469-thread-1] INFO  server.RaftServerConfigKeys (ConfUtils.java:logGet(43)) - raft.server.log.force.sync.num = 128 (default)
2019-09-30 19:02:43,666 [pool-469-thread-1] INFO  server.RaftServerConfigKeys (ConfUtils.java:logGet(43)) - raft.server.log.statemachine.data.sync = true (default)
2019-09-30 19:02:43,666 [pool-469-thread-1] INFO  server.RaftServerConfigKeys (ConfUtils.java:logGet(43)) - raft.server.log.statemachine.data.sync.timeout = 10s (default)
2019-09-30 19:02:43,666 [pool-469-thread-1] INFO  server.RaftServerConfigKeys (ConfUtils.java:logGet(43)) - raft.server.log.statemachine.data.sync.timeout.retry = -1 (default)
2019-09-30 19:02:43,666 [pool-469-thread-1] INFO  server.RaftServerConfigKeys (ConfUtils.java:logGet(43)) - raft.server.log.statemachine.data.caching.enabled = true (custom)
2019-09-30 19:02:43,672 [pool-469-thread-1] INFO  segmented.SegmentedRaftLogWorker (SegmentedRaftLogWorker.java:lambda$new$0(132)) - a9bacd76-4374-4de2-973f-423736f4e858@group-D77327F7DF09-SegmentedRaftLogWorker: flushIndex: setUnconditionally 0 -> -1
2019-09-30 19:02:43,683 [pool-469-thread-1] INFO  server.RaftServerConfigKeys (ConfUtils.java:logGet(43)) - raft.server.snapshot.auto.trigger.enabled = true (custom)
2019-09-30 19:02:43,684 [pool-469-thread-1] INFO  server.RaftServerConfigKeys (ConfUtils.java:logGet(43)) - raft.server.snapshot.auto.trigger.threshold = 10000 (custom)
2019-09-30 19:02:43,684 [pool-469-thread-1] INFO  server.RaftServerConfigKeys (ConfUtils.java:logGet(43)) - raft.server.snapshot.retention.num.files = 5 (custom)
2019-09-30 19:02:43,684 [pool-469-thread-1] INFO  server.RaftServerConfigKeys (ConfUtils.java:logGet(43)) - raft.server.retrycache.expirytime = 600000ms (custom)
2019-09-30 19:02:43,690 [pool-469-thread-1] INFO  impl.RaftServerImpl (RaftServerImpl.java:start(185)) - a9bacd76-4374-4de2-973f-423736f4e858@group-D77327F7DF09: start as a follower, conf=-1: [a9bacd76-4374-4de2-973f-423736f4e858:192.168.151.118:45289], old=null
2019-09-30 19:02:43,690 [pool-469-thread-1] INFO  impl.RaftServerImpl (RaftServerImpl.java:setRole(174)) - a9bacd76-4374-4de2-973f-423736f4e858@group-D77327F7DF09: changes role from      null to FOLLOWER at term 0 for startAsFollower
2019-09-30 19:02:43,690 [pool-469-thread-1] INFO  impl.RoleInfo (RoleInfo.java:updateAndGet(143)) - a9bacd76-4374-4de2-973f-423736f4e858: start FollowerState
2019-09-30 19:02:43,699 [pool-469-thread-1] INFO  util.JmxRegister (JmxRegister.java:tryRegister(44)) - Successfully registered JMX Bean with object name Ratis:service=RaftServer,group=group-D77327F7DF09,id=a9bacd76-4374-4de2-973f-423736f4e858
2019-09-30 19:02:43,733 [RatisPipelineUtilsThread] INFO  pipeline.PipelineStateManager (PipelineStateManager.java:addPipeline(56)) - Created pipeline Pipeline[ Id: 8dc1325a-464c-4cbc-929a-d77327f7df09, Nodes: a9bacd76-4374-4de2-973f-423736f4e858{ip: 192.168.151.118, host: pr-hdds-1720-trunk-4nqxd-2896763123, networkLocation: /default-rack, certSerialId: null}, Type:RATIS, Factor:ONE, State:OPEN]
2019-09-30 19:02:43,785 [grpc-default-executor-13] INFO  impl.RaftServerProxy (RaftServerProxy.java:addNew(89)) - bac7da44-233b-4de3-83ed-f92823745413: addNew group-341170A1A634:[bac7da44-233b-4de3-83ed-f92823745413:192.168.151.118:46321, 025042d3-9c8f-4cc2-b91c-038e79c6d064:192.168.151.118:44386, d7a777ed-f162-4a09-a085-0dd4a74802e5:192.168.151.118:43081] returns group-341170A1A634:java.util.concurrent.CompletableFuture@2d9f859f[Not completed]
2019-09-30 19:02:43,788 [grpc-default-executor-15] INFO  impl.RaftServerProxy (RaftServerProxy.java:addNew(89)) - 025042d3-9c8f-4cc2-b91c-038e79c6d064: addNew group-341170A1A634:[bac7da44-233b-4de3-83ed-f92823745413:192.168.151.118:46321, 025042d3-9c8f-4cc2-b91c-038e79c6d064:192.168.151.118:44386, d7a777ed-f162-4a09-a085-0dd4a74802e5:192.168.151.118:43081] returns group-341170A1A634:java.util.concurrent.CompletableFuture@6c02c754[Not completed]
2019-09-30 19:02:43,796 [grpc-default-executor-14] INFO  impl.RaftServerProxy (RaftServerProxy.java:addNew(89)) - d7a777ed-f162-4a09-a085-0dd4a74802e5: addNew group-341170A1A634:[bac7da44-233b-4de3-83ed-f92823745413:192.168.151.118:46321, 025042d3-9c8f-4cc2-b91c-038e79c6d064:192.168.151.118:44386, d7a777ed-f162-4a09-a085-0dd4a74802e5:192.168.151.118:43081] returns group-341170A1A634:java.util.concurrent.CompletableFuture@45a64097[Not completed]
2019-09-30 19:02:43,813 [pool-439-thread-1] INFO  impl.RaftServerImpl (RaftServerImpl.java:<init>(95)) - bac7da44-233b-4de3-83ed-f92823745413: new RaftServerImpl for group-341170A1A634:[bac7da44-233b-4de3-83ed-f92823745413:192.168.151.118:46321, 025042d3-9c8f-4cc2-b91c-038e79c6d064:192.168.151.118:44386, d7a777ed-f162-4a09-a085-0dd4a74802e5:192.168.151.118:43081] with ContainerStateMachine:uninitialized
2019-09-30 19:02:43,813 [pool-439-thread-1] INFO  server.RaftServerConfigKeys (ConfUtils.java:logGet(43)) - raft.server.rpc.timeout.min = 5s (custom)
2019-09-30 19:02:43,813 [pool-439-thread-1] INFO  server.RaftServerConfigKeys (ConfUtils.java:logGet(43)) - raft.server.rpc.timeout.max = 5200ms (custom)
2019-09-30 19:02:43,813 [pool-449-thread-1] INFO  impl.RaftServerImpl (RaftServerImpl.java:<init>(95)) - d7a777ed-f162-4a09-a085-0dd4a74802e5: new RaftServerImpl for group-341170A1A634:[bac7da44-233b-4de3-83ed-f92823745413:192.168.151.118:46321, 025042d3-9c8f-4cc2-b91c-038e79c6d064:192.168.151.118:44386, d7a777ed-f162-4a09-a085-0dd4a74802e5:192.168.151.118:43081] with ContainerStateMachine:uninitialized
2019-09-30 19:02:43,813 [pool-439-thread-1] INFO  server.RaftServerConfigKeys (ConfUtils.java:logGet(43)) - raft.server.rpcslowness.timeout = 120s (custom)
2019-09-30 19:02:43,813 [pool-449-thread-1] INFO  server.RaftServerConfigKeys (ConfUtils.java:logGet(43)) - raft.server.rpc.timeout.min = 5s (custom)
2019-09-30 19:02:43,814 [pool-439-thread-1] INFO  server.RaftServerConfigKeys (ConfUtils.java:logGet(43)) - raft.server.sleep.deviation.threshold = 300 (default)
2019-09-30 19:02:43,814 [pool-459-thread-1] INFO  impl.RaftServerImpl (RaftServerImpl.java:<init>(95)) - 025042d3-9c8f-4cc2-b91c-038e79c6d064: new RaftServerImpl for group-341170A1A634:[bac7da44-233b-4de3-83ed-f92823745413:192.168.151.118:46321, 025042d3-9c8f-4cc2-b91c-038e79c6d064:192.168.151.118:44386, d7a777ed-f162-4a09-a085-0dd4a74802e5:192.168.151.118:43081] with ContainerStateMachine:uninitialized
2019-09-30 19:02:43,814 [pool-449-thread-1] INFO  server.RaftServerConfigKeys (ConfUtils.java:logGet(43)) - raft.server.rpc.timeout.max = 5200ms (custom)
2019-09-30 19:02:43,814 [pool-459-thread-1] INFO  server.RaftServerConfigKeys (ConfUtils.java:logGet(43)) - raft.server.rpc.timeout.min = 5s (custom)
2019-09-30 19:02:43,814 [pool-459-thread-1] INFO  server.RaftServerConfigKeys (ConfUtils.java:logGet(43)) - raft.server.rpc.timeout.max = 5200ms (custom)
2019-09-30 19:02:43,814 [pool-439-thread-1] INFO  server.RaftServerConfigKeys (ConfUtils.java:logGet(43)) - raft.server.log.appender.install.snapshot.enabled = false (custom)
2019-09-30 19:02:43,814 [pool-459-thread-1] INFO  server.RaftServerConfigKeys (ConfUtils.java:logGet(43)) - raft.server.rpcslowness.timeout = 120s (custom)
2019-09-30 19:02:43,815 [pool-439-thread-1] INFO  impl.RaftServerImpl (ServerState.java:<init>(103)) - bac7da44-233b-4de3-83ed-f92823745413@group-341170A1A634: ConfigurationManager, init=-1: [bac7da44-233b-4de3-83ed-f92823745413:192.168.151.118:46321, 025042d3-9c8f-4cc2-b91c-038e79c6d064:192.168.151.118:44386, d7a777ed-f162-4a09-a085-0dd4a74802e5:192.168.151.118:43081], old=null, confs=<EMPTY_MAP>
2019-09-30 19:02:43,814 [pool-449-thread-1] INFO  server.RaftServerConfigKeys (ConfUtils.java:logGet(43)) - raft.server.rpcslowness.timeout = 120s (custom)
2019-09-30 19:02:43,815 [pool-439-thread-1] INFO  server.RaftServerConfigKeys (ConfUtils.java:logGet(43)) - raft.server.storage.dir = [/workdir/hadoop-ozone/integration-test/target/test-dir/MiniOzoneClusterImpl-5336a62e-69ee-4f83-b879-69e147fbc7dd/datanode-3/data/ratis] (custom)
2019-09-30 19:02:43,815 [pool-459-thread-1] INFO  server.RaftServerConfigKeys (ConfUtils.java:logGet(43)) - raft.server.sleep.deviation.threshold = 300 (default)
2019-09-30 19:02:43,815 [pool-449-thread-1] INFO  server.RaftServerConfigKeys (ConfUtils.java:logGet(43)) - raft.server.sleep.deviation.threshold = 300 (default)
2019-09-30 19:02:43,816 [pool-459-thread-1] INFO  server.RaftServerConfigKeys (ConfUtils.java:logGet(43)) - raft.server.log.appender.install.snapshot.enabled = false (custom)
2019-09-30 19:02:43,823 [pool-439-thread-1] INFO  storage.RaftStorageDirectory (RaftStorageDirectory.java:analyzeStorage(246)) - The storage directory /workdir/hadoop-ozone/integration-test/target/test-dir/MiniOzoneClusterImpl-5336a62e-69ee-4f83-b879-69e147fbc7dd/datanode-3/data/ratis/7ea2c4b5-4190-4ad1-8bb3-341170a1a634 does not exist. Creating ...
2019-09-30 19:02:43,823 [pool-449-thread-1] INFO  server.RaftServerConfigKeys (ConfUtils.java:logGet(43)) - raft.server.log.appender.install.snapshot.enabled = false (custom)
2019-09-30 19:02:43,823 [pool-459-thread-1] INFO  impl.RaftServerImpl (ServerState.java:<init>(103)) - 025042d3-9c8f-4cc2-b91c-038e79c6d064@group-341170A1A634: ConfigurationManager, init=-1: [bac7da44-233b-4de3-83ed-f92823745413:192.168.151.118:46321, 025042d3-9c8f-4cc2-b91c-038e79c6d064:192.168.151.118:44386, d7a777ed-f162-4a09-a085-0dd4a74802e5:192.168.151.118:43081], old=null, confs=<EMPTY_MAP>
2019-09-30 19:02:43,824 [pool-449-thread-1] INFO  impl.RaftServerImpl (ServerState.java:<init>(103)) - d7a777ed-f162-4a09-a085-0dd4a74802e5@group-341170A1A634: ConfigurationManager, init=-1: [bac7da44-233b-4de3-83ed-f92823745413:192.168.151.118:46321, 025042d3-9c8f-4cc2-b91c-038e79c6d064:192.168.151.118:44386, d7a777ed-f162-4a09-a085-0dd4a74802e5:192.168.151.118:43081], old=null, confs=<EMPTY_MAP>
2019-09-30 19:02:43,824 [pool-459-thread-1] INFO  server.RaftServerConfigKeys (ConfUtils.java:logGet(43)) - raft.server.storage.dir = [/workdir/hadoop-ozone/integration-test/target/test-dir/MiniOzoneClusterImpl-5336a62e-69ee-4f83-b879-69e147fbc7dd/datanode-5/data/ratis] (custom)
2019-09-30 19:02:43,855 [pool-439-thread-1] INFO  storage.RaftStorageDirectory (RaftStorageDirectory.java:tryLock(328)) - Lock on /workdir/hadoop-ozone/integration-test/target/test-dir/MiniOzoneClusterImpl-5336a62e-69ee-4f83-b879-69e147fbc7dd/datanode-3/data/ratis/7ea2c4b5-4190-4ad1-8bb3-341170a1a634/in_use.lock acquired by nodename 19753@pr-hdds-1720-trunk-4nqxd-2896763123
2019-09-30 19:02:43,824 [pool-449-thread-1] INFO  server.RaftServerConfigKeys (ConfUtils.java:logGet(43)) - raft.server.storage.dir = [/workdir/hadoop-ozone/integration-test/target/test-dir/MiniOzoneClusterImpl-5336a62e-69ee-4f83-b879-69e147fbc7dd/datanode-4/data/ratis] (custom)
2019-09-30 19:02:43,881 [pool-459-thread-1] INFO  storage.RaftStorageDirectory (RaftStorageDirectory.java:analyzeStorage(246)) - The storage directory /workdir/hadoop-ozone/integration-test/target/test-dir/MiniOzoneClusterImpl-5336a62e-69ee-4f83-b879-69e147fbc7dd/datanode-5/data/ratis/7ea2c4b5-4190-4ad1-8bb3-341170a1a634 does not exist. Creating ...
2019-09-30 19:02:43,881 [pool-449-thread-1] INFO  storage.RaftStorageDirectory (RaftStorageDirectory.java:analyzeStorage(246)) - The storage directory /workdir/hadoop-ozone/integration-test/target/test-dir/MiniOzoneClusterImpl-5336a62e-69ee-4f83-b879-69e147fbc7dd/datanode-4/data/ratis/7ea2c4b5-4190-4ad1-8bb3-341170a1a634 does not exist. Creating ...
2019-09-30 19:02:43,895 [pool-459-thread-1] INFO  storage.RaftStorageDirectory (RaftStorageDirectory.java:tryLock(328)) - Lock on /workdir/hadoop-ozone/integration-test/target/test-dir/MiniOzoneClusterImpl-5336a62e-69ee-4f83-b879-69e147fbc7dd/datanode-5/data/ratis/7ea2c4b5-4190-4ad1-8bb3-341170a1a634/in_use.lock acquired by nodename 19753@pr-hdds-1720-trunk-4nqxd-2896763123
2019-09-30 19:02:43,895 [pool-439-thread-1] INFO  storage.RaftStorage (RaftStorage.java:format(72)) - Storage directory /workdir/hadoop-ozone/integration-test/target/test-dir/MiniOzoneClusterImpl-5336a62e-69ee-4f83-b879-69e147fbc7dd/datanode-3/data/ratis/7ea2c4b5-4190-4ad1-8bb3-341170a1a634 has been successfully formatted.
2019-09-30 19:02:43,896 [pool-439-thread-1] INFO  ratis.ContainerStateMachine (ContainerStateMachine.java:loadSnapshot(230)) - group-341170A1A634: The snapshot info is null. Setting the last applied indexto:(t:0, i:~)
2019-09-30 19:02:43,896 [pool-449-thread-1] INFO  storage.RaftStorageDirectory (RaftStorageDirectory.java:tryLock(328)) - Lock on /workdir/hadoop-ozone/integration-test/target/test-dir/MiniOzoneClusterImpl-5336a62e-69ee-4f83-b879-69e147fbc7dd/datanode-4/data/ratis/7ea2c4b5-4190-4ad1-8bb3-341170a1a634/in_use.lock acquired by nodename 19753@pr-hdds-1720-trunk-4nqxd-2896763123
2019-09-30 19:02:43,896 [pool-439-thread-1] INFO  server.RaftServerConfigKeys (ConfUtils.java:logGet(43)) - raft.server.notification.no-leader.timeout = 120s (custom)
2019-09-30 19:02:43,896 [pool-439-thread-1] INFO  server.RaftServerConfigKeys (ConfUtils.java:logGet(43)) - raft.server.log.use.memory = false (default)
2019-09-30 19:02:43,896 [pool-439-thread-1] INFO  server.RaftServerConfigKeys (ConfUtils.java:logGet(43)) - raft.server.log.purge.gap = 1000000 (custom)
2019-09-30 19:02:43,897 [pool-439-thread-1] INFO  server.RaftServerConfigKeys (ConfUtils.java:logGet(43)) - raft.server.log.appender.buffer.byte-limit = 33554432 (custom)
2019-09-30 19:02:43,897 [pool-439-thread-1] INFO  server.RaftServerConfigKeys (ConfUtils.java:logGet(43)) - raft.server.log.segment.size.max = 1048576 (custom)
2019-09-30 19:02:43,897 [pool-439-thread-1] INFO  server.RaftServerConfigKeys (ConfUtils.java:logGet(43)) - raft.server.log.segment.cache.num.max = 2 (custom)
2019-09-30 19:02:43,897 [pool-439-thread-1] INFO  segmented.SegmentedRaftLogWorker (SegmentedRaftLogWorker.java:<init>(172)) - new bac7da44-233b-4de3-83ed-f92823745413@group-341170A1A634-SegmentedRaftLogWorker for RaftStorage:Storage Directory /workdir/hadoop-ozone/integration-test/target/test-dir/MiniOzoneClusterImpl-5336a62e-69ee-4f83-b879-69e147fbc7dd/datanode-3/data/ratis/7ea2c4b5-4190-4ad1-8bb3-341170a1a634
2019-09-30 19:02:43,897 [pool-439-thread-1] INFO  server.RaftServerConfigKeys (ConfUtils.java:logGet(43)) - raft.server.log.queue.byte-limit = 2147483647 (custom)
2019-09-30 19:02:43,897 [pool-439-thread-1] INFO  server.RaftServerConfigKeys (ConfUtils.java:logGet(43)) - raft.server.log.queue.element-limit = 1024 (custom)
2019-09-30 19:02:43,898 [pool-439-thread-1] INFO  server.RaftServerConfigKeys (ConfUtils.java:logGet(43)) - raft.server.log.segment.size.max = 1048576 (custom)
2019-09-30 19:02:43,898 [pool-439-thread-1] INFO  server.RaftServerConfigKeys (ConfUtils.java:logGet(43)) - raft.server.log.preallocated.size = 16384 (custom)
2019-09-30 19:02:43,898 [pool-439-thread-1] INFO  server.RaftServerConfigKeys (ConfUtils.java:logGet(43)) - raft.server.log.write.buffer.size = 33554432 (custom)
2019-09-30 19:02:43,898 [pool-439-thread-1] INFO  server.RaftServerConfigKeys (ConfUtils.java:logGet(43)) - raft.server.log.force.sync.num = 128 (default)
2019-09-30 19:02:43,898 [pool-439-thread-1] INFO  server.RaftServerConfigKeys (ConfUtils.java:logGet(43)) - raft.server.log.statemachine.data.sync = true (default)
2019-09-30 19:02:43,898 [pool-439-thread-1] INFO  server.RaftServerConfigKeys (ConfUtils.java:logGet(43)) - raft.server.log.statemachine.data.sync.timeout = 10s (default)
2019-09-30 19:02:43,899 [pool-439-thread-1] INFO  server.RaftServerConfigKeys (ConfUtils.java:logGet(43)) - raft.server.log.statemachine.data.sync.timeout.retry = -1 (default)
2019-09-30 19:02:43,899 [pool-439-thread-1] INFO  server.RaftServerConfigKeys (ConfUtils.java:logGet(43)) - raft.server.log.statemachine.data.caching.enabled = true (custom)
2019-09-30 19:02:43,899 [pool-459-thread-1] INFO  storage.RaftStorage (RaftStorage.java:format(72)) - Storage directory /workdir/hadoop-ozone/integration-test/target/test-dir/MiniOzoneClusterImpl-5336a62e-69ee-4f83-b879-69e147fbc7dd/datanode-5/data/ratis/7ea2c4b5-4190-4ad1-8bb3-341170a1a634 has been successfully formatted.
2019-09-30 19:02:43,899 [pool-439-thread-1] INFO  segmented.SegmentedRaftLogWorker (SegmentedRaftLogWorker.java:lambda$new$0(132)) - bac7da44-233b-4de3-83ed-f92823745413@group-341170A1A634-SegmentedRaftLogWorker: flushIndex: setUnconditionally 0 -> -1
2019-09-30 19:02:43,899 [pool-459-thread-1] INFO  ratis.ContainerStateMachine (ContainerStateMachine.java:loadSnapshot(230)) - group-341170A1A634: The snapshot info is null. Setting the last applied indexto:(t:0, i:~)
2019-09-30 19:02:43,900 [pool-459-thread-1] INFO  server.RaftServerConfigKeys (ConfUtils.java:logGet(43)) - raft.server.notification.no-leader.timeout = 120s (custom)
2019-09-30 19:02:43,900 [pool-439-thread-1] INFO  server.RaftServerConfigKeys (ConfUtils.java:logGet(43)) - raft.server.snapshot.auto.trigger.enabled = true (custom)
2019-09-30 19:02:43,900 [pool-449-thread-1] INFO  storage.RaftStorage (RaftStorage.java:format(72)) - Storage directory /workdir/hadoop-ozone/integration-test/target/test-dir/MiniOzoneClusterImpl-5336a62e-69ee-4f83-b879-69e147fbc7dd/datanode-4/data/ratis/7ea2c4b5-4190-4ad1-8bb3-341170a1a634 has been successfully formatted.
2019-09-30 19:02:43,900 [pool-459-thread-1] INFO  server.RaftServerConfigKeys (ConfUtils.java:logGet(43)) - raft.server.log.use.memory = false (default)
2019-09-30 19:02:43,900 [pool-449-thread-1] INFO  ratis.ContainerStateMachine (ContainerStateMachine.java:loadSnapshot(230)) - group-341170A1A634: The snapshot info is null. Setting the last applied indexto:(t:0, i:~)
2019-09-30 19:02:43,900 [pool-459-thread-1] INFO  server.RaftServerConfigKeys (ConfUtils.java:logGet(43)) - raft.server.log.purge.gap = 1000000 (custom)
2019-09-30 19:02:43,900 [pool-439-thread-1] INFO  server.RaftServerConfigKeys (ConfUtils.java:logGet(43)) - raft.server.snapshot.auto.trigger.threshold = 10000 (custom)
2019-09-30 19:02:43,900 [pool-459-thread-1] INFO  server.RaftServerConfigKeys (ConfUtils.java:logGet(43)) - raft.server.log.appender.buffer.byte-limit = 33554432 (custom)
2019-09-30 19:02:43,900 [pool-449-thread-1] INFO  server.RaftServerConfigKeys (ConfUtils.java:logGet(43)) - raft.server.notification.no-leader.timeout = 120s (custom)
2019-09-30 19:02:43,901 [pool-459-thread-1] INFO  server.RaftServerConfigKeys (ConfUtils.java:logGet(43)) - raft.server.log.segment.size.max = 1048576 (custom)
2019-09-30 19:02:43,901 [pool-439-thread-1] INFO  server.RaftServerConfigKeys (ConfUtils.java:logGet(43)) - raft.server.snapshot.retention.num.files = 5 (custom)
2019-09-30 19:02:43,901 [pool-459-thread-1] INFO  server.RaftServerConfigKeys (ConfUtils.java:logGet(43)) - raft.server.log.segment.cache.num.max = 2 (custom)
2019-09-30 19:02:43,901 [pool-449-thread-1] INFO  server.RaftServerConfigKeys (ConfUtils.java:logGet(43)) - raft.server.log.use.memory = false (default)
2019-09-30 19:02:43,901 [pool-459-thread-1] INFO  segmented.SegmentedRaftLogWorker (SegmentedRaftLogWorker.java:<init>(172)) - new 025042d3-9c8f-4cc2-b91c-038e79c6d064@group-341170A1A634-SegmentedRaftLogWorker for RaftStorage:Storage Directory /workdir/hadoop-ozone/integration-test/target/test-dir/MiniOzoneClusterImpl-5336a62e-69ee-4f83-b879-69e147fbc7dd/datanode-5/data/ratis/7ea2c4b5-4190-4ad1-8bb3-341170a1a634
2019-09-30 19:02:43,901 [pool-439-thread-1] INFO  server.RaftServerConfigKeys (ConfUtils.java:logGet(43)) - raft.server.retrycache.expirytime = 600000ms (custom)
2019-09-30 19:02:43,902 [pool-459-thread-1] INFO  server.RaftServerConfigKeys (ConfUtils.java:logGet(43)) - raft.server.log.queue.byte-limit = 2147483647 (custom)
2019-09-30 19:02:43,901 [pool-449-thread-1] INFO  server.RaftServerConfigKeys (ConfUtils.java:logGet(43)) - raft.server.log.purge.gap = 1000000 (custom)
2019-09-30 19:02:43,902 [pool-459-thread-1] INFO  server.RaftServerConfigKeys (ConfUtils.java:logGet(43)) - raft.server.log.queue.element-limit = 1024 (custom)
2019-09-30 19:02:43,902 [pool-449-thread-1] INFO  server.RaftServerConfigKeys (ConfUtils.java:logGet(43)) - raft.server.log.appender.buffer.byte-limit = 33554432 (custom)
2019-09-30 19:02:43,902 [pool-459-thread-1] INFO  server.RaftServerConfigKeys (ConfUtils.java:logGet(43)) - raft.server.log.segment.size.max = 1048576 (custom)
2019-09-30 19:02:43,902 [pool-449-thread-1] INFO  server.RaftServerConfigKeys (ConfUtils.java:logGet(43)) - raft.server.log.segment.size.max = 1048576 (custom)
2019-09-30 19:02:43,903 [pool-459-thread-1] INFO  server.RaftServerConfigKeys (ConfUtils.java:logGet(43)) - raft.server.log.preallocated.size = 16384 (custom)
2019-09-30 19:02:43,903 [pool-449-thread-1] INFO  server.RaftServerConfigKeys (ConfUtils.java:logGet(43)) - raft.server.log.segment.cache.num.max = 2 (custom)
2019-09-30 19:02:43,903 [pool-459-thread-1] INFO  server.RaftServerConfigKeys (ConfUtils.java:logGet(43)) - raft.server.log.write.buffer.size = 33554432 (custom)
2019-09-30 19:02:43,903 [pool-449-thread-1] INFO  segmented.SegmentedRaftLogWorker (SegmentedRaftLogWorker.java:<init>(172)) - new d7a777ed-f162-4a09-a085-0dd4a74802e5@group-341170A1A634-SegmentedRaftLogWorker for RaftStorage:Storage Directory /workdir/hadoop-ozone/integration-test/target/test-dir/MiniOzoneClusterImpl-5336a62e-69ee-4f83-b879-69e147fbc7dd/datanode-4/data/ratis/7ea2c4b5-4190-4ad1-8bb3-341170a1a634
2019-09-30 19:02:43,903 [pool-459-thread-1] INFO  server.RaftServerConfigKeys (ConfUtils.java:logGet(43)) - raft.server.log.force.sync.num = 128 (default)
2019-09-30 19:02:43,903 [pool-449-thread-1] INFO  server.RaftServerConfigKeys (ConfUtils.java:logGet(43)) - raft.server.log.queue.byte-limit = 2147483647 (custom)
2019-09-30 19:02:43,903 [pool-459-thread-1] INFO  server.RaftServerConfigKeys (ConfUtils.java:logGet(43)) - raft.server.log.statemachine.data.sync = true (default)
2019-09-30 19:02:43,904 [pool-439-thread-1] INFO  impl.RaftServerImpl (RaftServerImpl.java:start(185)) - bac7da44-233b-4de3-83ed-f92823745413@group-341170A1A634: start as a follower, conf=-1: [bac7da44-233b-4de3-83ed-f92823745413:192.168.151.118:46321, 025042d3-9c8f-4cc2-b91c-038e79c6d064:192.168.151.118:44386, d7a777ed-f162-4a09-a085-0dd4a74802e5:192.168.151.118:43081], old=null
2019-09-30 19:02:43,904 [pool-449-thread-1] INFO  server.RaftServerConfigKeys (ConfUtils.java:logGet(43)) - raft.server.log.queue.element-limit = 1024 (custom)
2019-09-30 19:02:43,904 [pool-439-thread-1] INFO  impl.RaftServerImpl (RaftServerImpl.java:setRole(174)) - bac7da44-233b-4de3-83ed-f92823745413@group-341170A1A634: changes role from      null to FOLLOWER at term 0 for startAsFollower
2019-09-30 19:02:43,904 [pool-459-thread-1] INFO  server.RaftServerConfigKeys (ConfUtils.java:logGet(43)) - raft.server.log.statemachine.data.sync.timeout = 10s (default)
2019-09-30 19:02:43,904 [pool-439-thread-1] INFO  impl.RoleInfo (RoleInfo.java:updateAndGet(143)) - bac7da44-233b-4de3-83ed-f92823745413: start FollowerState
2019-09-30 19:02:43,904 [pool-449-thread-1] INFO  server.RaftServerConfigKeys (ConfUtils.java:logGet(43)) - raft.server.log.segment.size.max = 1048576 (custom)
2019-09-30 19:02:43,904 [pool-459-thread-1] INFO  server.RaftServerConfigKeys (ConfUtils.java:logGet(43)) - raft.server.log.statemachine.data.sync.timeout.retry = -1 (default)
2019-09-30 19:02:43,905 [pool-449-thread-1] INFO  server.RaftServerConfigKeys (ConfUtils.java:logGet(43)) - raft.server.log.preallocated.size = 16384 (custom)
2019-09-30 19:02:43,905 [pool-459-thread-1] INFO  server.RaftServerConfigKeys (ConfUtils.java:logGet(43)) - raft.server.log.statemachine.data.caching.enabled = true (custom)
2019-09-30 19:02:43,905 [pool-439-thread-1] INFO  util.JmxRegister (JmxRegister.java:tryRegister(44)) - Successfully registered JMX Bean with object name Ratis:service=RaftServer,group=group-341170A1A634,id=bac7da44-233b-4de3-83ed-f92823745413
2019-09-30 19:02:43,905 [pool-449-thread-1] INFO  server.RaftServerConfigKeys (ConfUtils.java:logGet(43)) - raft.server.log.write.buffer.size = 33554432 (custom)
2019-09-30 19:02:43,905 [pool-459-thread-1] INFO  segmented.SegmentedRaftLogWorker (SegmentedRaftLogWorker.java:lambda$new$0(132)) - 025042d3-9c8f-4cc2-b91c-038e79c6d064@group-341170A1A634-SegmentedRaftLogWorker: flushIndex: setUnconditionally 0 -> -1
2019-09-30 19:02:43,905 [pool-449-thread-1] INFO  server.RaftServerConfigKeys (ConfUtils.java:logGet(43)) - raft.server.log.force.sync.num = 128 (default)
2019-09-30 19:02:43,906 [pool-449-thread-1] INFO  server.RaftServerConfigKeys (ConfUtils.java:logGet(43)) - raft.server.log.statemachine.data.sync = true (default)
2019-09-30 19:02:43,906 [pool-449-thread-1] INFO  server.RaftServerConfigKeys (ConfUtils.java:logGet(43)) - raft.server.log.statemachine.data.sync.timeout = 10s (default)
2019-09-30 19:02:43,906 [pool-459-thread-1] INFO  server.RaftServerConfigKeys (ConfUtils.java:logGet(43)) - raft.server.snapshot.auto.trigger.enabled = true (custom)
2019-09-30 19:02:43,906 [pool-449-thread-1] INFO  server.RaftServerConfigKeys (ConfUtils.java:logGet(43)) - raft.server.log.statemachine.data.sync.timeout.retry = -1 (default)
2019-09-30 19:02:43,906 [pool-459-thread-1] INFO  server.RaftServerConfigKeys (ConfUtils.java:logGet(43)) - raft.server.snapshot.auto.trigger.threshold = 10000 (custom)
2019-09-30 19:02:43,906 [pool-449-thread-1] INFO  server.RaftServerConfigKeys (ConfUtils.java:logGet(43)) - raft.server.log.statemachine.data.caching.enabled = true (custom)
2019-09-30 19:02:43,906 [pool-459-thread-1] INFO  server.RaftServerConfigKeys (ConfUtils.java:logGet(43)) - raft.server.snapshot.retention.num.files = 5 (custom)
2019-09-30 19:02:43,907 [pool-459-thread-1] INFO  server.RaftServerConfigKeys (ConfUtils.java:logGet(43)) - raft.server.retrycache.expirytime = 600000ms (custom)
2019-09-30 19:02:43,907 [pool-449-thread-1] INFO  segmented.SegmentedRaftLogWorker (SegmentedRaftLogWorker.java:lambda$new$0(132)) - d7a777ed-f162-4a09-a085-0dd4a74802e5@group-341170A1A634-SegmentedRaftLogWorker: flushIndex: setUnconditionally 0 -> -1
2019-09-30 19:02:43,907 [pool-449-thread-1] INFO  server.RaftServerConfigKeys (ConfUtils.java:logGet(43)) - raft.server.snapshot.auto.trigger.enabled = true (custom)
2019-09-30 19:02:43,907 [pool-449-thread-1] INFO  server.RaftServerConfigKeys (ConfUtils.java:logGet(43)) - raft.server.snapshot.auto.trigger.threshold = 10000 (custom)
2019-09-30 19:02:43,907 [pool-449-thread-1] INFO  server.RaftServerConfigKeys (ConfUtils.java:logGet(43)) - raft.server.snapshot.retention.num.files = 5 (custom)
2019-09-30 19:02:43,908 [pool-449-thread-1] INFO  server.RaftServerConfigKeys (ConfUtils.java:logGet(43)) - raft.server.retrycache.expirytime = 600000ms (custom)
2019-09-30 19:02:43,909 [pool-459-thread-1] INFO  impl.RaftServerImpl (RaftServerImpl.java:start(185)) - 025042d3-9c8f-4cc2-b91c-038e79c6d064@group-341170A1A634: start as a follower, conf=-1: [bac7da44-233b-4de3-83ed-f92823745413:192.168.151.118:46321, 025042d3-9c8f-4cc2-b91c-038e79c6d064:192.168.151.118:44386, d7a777ed-f162-4a09-a085-0dd4a74802e5:192.168.151.118:43081], old=null
2019-09-30 19:02:43,909 [pool-459-thread-1] INFO  impl.RaftServerImpl (RaftServerImpl.java:setRole(174)) - 025042d3-9c8f-4cc2-b91c-038e79c6d064@group-341170A1A634: changes role from      null to FOLLOWER at term 0 for startAsFollower
2019-09-30 19:02:43,909 [pool-459-thread-1] INFO  impl.RoleInfo (RoleInfo.java:updateAndGet(143)) - 025042d3-9c8f-4cc2-b91c-038e79c6d064: start FollowerState
2019-09-30 19:02:43,910 [pool-449-thread-1] INFO  impl.RaftServerImpl (RaftServerImpl.java:start(185)) - d7a777ed-f162-4a09-a085-0dd4a74802e5@group-341170A1A634: start as a follower, conf=-1: [bac7da44-233b-4de3-83ed-f92823745413:192.168.151.118:46321, 025042d3-9c8f-4cc2-b91c-038e79c6d064:192.168.151.118:44386, d7a777ed-f162-4a09-a085-0dd4a74802e5:192.168.151.118:43081], old=null
2019-09-30 19:02:43,910 [pool-459-thread-1] INFO  util.JmxRegister (JmxRegister.java:tryRegister(44)) - Successfully registered JMX Bean with object name Ratis:service=RaftServer,group=group-341170A1A634,id=025042d3-9c8f-4cc2-b91c-038e79c6d064
2019-09-30 19:02:43,910 [pool-449-thread-1] INFO  impl.RaftServerImpl (RaftServerImpl.java:setRole(174)) - d7a777ed-f162-4a09-a085-0dd4a74802e5@group-341170A1A634: changes role from      null to FOLLOWER at term 0 for startAsFollower
2019-09-30 19:02:43,910 [pool-449-thread-1] INFO  impl.RoleInfo (RoleInfo.java:updateAndGet(143)) - d7a777ed-f162-4a09-a085-0dd4a74802e5: start FollowerState
2019-09-30 19:02:43,911 [pool-449-thread-1] INFO  util.JmxRegister (JmxRegister.java:tryRegister(44)) - Successfully registered JMX Bean with object name Ratis:service=RaftServer,group=group-341170A1A634,id=d7a777ed-f162-4a09-a085-0dd4a74802e5
2019-09-30 19:02:43,913 [RatisPipelineUtilsThread] INFO  pipeline.PipelineStateManager (PipelineStateManager.java:addPipeline(56)) - Created pipeline Pipeline[ Id: 7ea2c4b5-4190-4ad1-8bb3-341170a1a634, Nodes: bac7da44-233b-4de3-83ed-f92823745413{ip: 192.168.151.118, host: pr-hdds-1720-trunk-4nqxd-2896763123, networkLocation: /default-rack, certSerialId: null}d7a777ed-f162-4a09-a085-0dd4a74802e5{ip: 192.168.151.118, host: pr-hdds-1720-trunk-4nqxd-2896763123, networkLocation: /default-rack, certSerialId: null}025042d3-9c8f-4cc2-b91c-038e79c6d064{ip: 192.168.151.118, host: pr-hdds-1720-trunk-4nqxd-2896763123, networkLocation: /default-rack, certSerialId: null}, Type:RATIS, Factor:THREE, State:OPEN]
2019-09-30 19:02:44,250 [main] INFO  ozone.MiniOzoneClusterImpl (MiniOzoneClusterImpl.java:lambda$waitForClusterToBeReady$0(147)) - Cluster is ready. Got 7 of 7 DN Heartbeats.
2019-09-30 19:02:44,296 [main] INFO  rpc.RpcClient (RpcClient.java:createVolume(276)) - Creating Volume: testblockoutputstream, with jenkins1000 as owner.
2019-09-30 19:02:44,300 [IPC Server handler 0 on 43128] INFO  volume.OMVolumeCreateRequest (OMVolumeCreateRequest.java:validateAndUpdateCache(194)) - created volume:testblockoutputstream for user:jenkins1000
2019-09-30 19:02:44,333 [main] INFO  rpc.RpcClient (RpcClient.java:createBucket(415)) - Creating Bucket: testblockoutputstream/testblockoutputstream, with Versioning false and Storage Type set to DISK and Encryption set to false 
2019-09-30 19:02:45,870 [Thread-3110] INFO  container.ReplicationManager (ReplicationManager.java:start(162)) - Starting Replication Monitor Thread.
2019-09-30 19:02:45,874 [ReplicationMonitor] INFO  container.ReplicationManager (ReplicationManager.java:run(225)) - Replication Monitor Thread took 0 milliseconds for processing 1 containers.
2019-09-30 19:02:48,086 [Thread-3115] INFO  impl.FollowerState (FollowerState.java:run(106)) - 21fb7ab6-941e-4ef2-9919-d5dae2e9d2ac:group-27D9A9BB6650 changes to CANDIDATE, lastRpcTime:5114, electionTimeout:5114ms
2019-09-30 19:02:48,086 [Thread-3115] INFO  impl.RoleInfo (RoleInfo.java:shutdownFollowerState(121)) - 21fb7ab6-941e-4ef2-9919-d5dae2e9d2ac: shutdown FollowerState
2019-09-30 19:02:48,087 [Thread-3115] INFO  impl.RaftServerImpl (RaftServerImpl.java:setRole(174)) - 21fb7ab6-941e-4ef2-9919-d5dae2e9d2ac@group-27D9A9BB6650: changes role from  FOLLOWER to CANDIDATE at term 0 for changeToCandidate
2019-09-30 19:02:48,087 [Thread-3115] INFO  impl.RoleInfo (RoleInfo.java:updateAndGet(143)) - 21fb7ab6-941e-4ef2-9919-d5dae2e9d2ac: start LeaderElection
2019-09-30 19:02:48,113 [Thread-3112] INFO  impl.FollowerState (FollowerState.java:run(106)) - 4d188239-23e4-42be-905f-1996fdec2c9c:group-5CD7BB7C2233 changes to CANDIDATE, lastRpcTime:5186, electionTimeout:5185ms
2019-09-30 19:02:48,114 [Thread-3112] INFO  impl.RoleInfo (RoleInfo.java:shutdownFollowerState(121)) - 4d188239-23e4-42be-905f-1996fdec2c9c: shutdown FollowerState
2019-09-30 19:02:48,114 [Thread-3112] INFO  impl.RaftServerImpl (RaftServerImpl.java:setRole(174)) - 4d188239-23e4-42be-905f-1996fdec2c9c@group-5CD7BB7C2233: changes role from  FOLLOWER to CANDIDATE at term 0 for changeToCandidate
2019-09-30 19:02:48,114 [Thread-3112] INFO  impl.RoleInfo (RoleInfo.java:updateAndGet(143)) - 4d188239-23e4-42be-905f-1996fdec2c9c: start LeaderElection
2019-09-30 19:02:48,134 [21fb7ab6-941e-4ef2-9919-d5dae2e9d2ac@group-27D9A9BB6650:LeaderElection68] INFO  impl.LeaderElection (LeaderElection.java:askForVotes(182)) - 21fb7ab6-941e-4ef2-9919-d5dae2e9d2ac@group-27D9A9BB6650:LeaderElection68: begin an election at term 1 for -1: [21fb7ab6-941e-4ef2-9919-d5dae2e9d2ac:192.168.151.118:44674], old=null
2019-09-30 19:02:48,134 [4d188239-23e4-42be-905f-1996fdec2c9c@group-5CD7BB7C2233:LeaderElection69] INFO  impl.LeaderElection (LeaderElection.java:askForVotes(182)) - 4d188239-23e4-42be-905f-1996fdec2c9c@group-5CD7BB7C2233:LeaderElection69: begin an election at term 1 for -1: [4d188239-23e4-42be-905f-1996fdec2c9c:192.168.151.118:35619], old=null
2019-09-30 19:02:48,134 [21fb7ab6-941e-4ef2-9919-d5dae2e9d2ac@group-27D9A9BB6650:LeaderElection68] INFO  impl.RoleInfo (RoleInfo.java:shutdownLeaderElection(134)) - 21fb7ab6-941e-4ef2-9919-d5dae2e9d2ac: shutdown LeaderElection
2019-09-30 19:02:48,134 [4d188239-23e4-42be-905f-1996fdec2c9c@group-5CD7BB7C2233:LeaderElection69] INFO  impl.RoleInfo (RoleInfo.java:shutdownLeaderElection(134)) - 4d188239-23e4-42be-905f-1996fdec2c9c: shutdown LeaderElection
2019-09-30 19:02:48,134 [21fb7ab6-941e-4ef2-9919-d5dae2e9d2ac@group-27D9A9BB6650:LeaderElection68] INFO  impl.RaftServerImpl (RaftServerImpl.java:setRole(174)) - 21fb7ab6-941e-4ef2-9919-d5dae2e9d2ac@group-27D9A9BB6650: changes role from CANDIDATE to LEADER at term 1 for changeToLeader
2019-09-30 19:02:48,134 [4d188239-23e4-42be-905f-1996fdec2c9c@group-5CD7BB7C2233:LeaderElection69] INFO  impl.RaftServerImpl (RaftServerImpl.java:setRole(174)) - 4d188239-23e4-42be-905f-1996fdec2c9c@group-5CD7BB7C2233: changes role from CANDIDATE to LEADER at term 1 for changeToLeader
2019-09-30 19:02:48,135 [21fb7ab6-941e-4ef2-9919-d5dae2e9d2ac@group-27D9A9BB6650:LeaderElection68] INFO  impl.RaftServerImpl (ServerState.java:setLeader(253)) - 21fb7ab6-941e-4ef2-9919-d5dae2e9d2ac@group-27D9A9BB6650: change Leader from null to 21fb7ab6-941e-4ef2-9919-d5dae2e9d2ac at term 1 for becomeLeader, leader elected after 5168ms
2019-09-30 19:02:48,135 [4d188239-23e4-42be-905f-1996fdec2c9c@group-5CD7BB7C2233:LeaderElection69] INFO  impl.RaftServerImpl (ServerState.java:setLeader(253)) - 4d188239-23e4-42be-905f-1996fdec2c9c@group-5CD7BB7C2233: change Leader from null to 4d188239-23e4-42be-905f-1996fdec2c9c at term 1 for becomeLeader, leader elected after 5217ms
2019-09-30 19:02:48,135 [21fb7ab6-941e-4ef2-9919-d5dae2e9d2ac@group-27D9A9BB6650:LeaderElection68] INFO  server.RaftServerConfigKeys (ConfUtils.java:logGet(43)) - raft.server.staging.catchup.gap = 1000 (default)
2019-09-30 19:02:48,135 [4d188239-23e4-42be-905f-1996fdec2c9c@group-5CD7BB7C2233:LeaderElection69] INFO  server.RaftServerConfigKeys (ConfUtils.java:logGet(43)) - raft.server.staging.catchup.gap = 1000 (default)
2019-09-30 19:02:48,135 [21fb7ab6-941e-4ef2-9919-d5dae2e9d2ac@group-27D9A9BB6650:LeaderElection68] INFO  server.RaftServerConfigKeys (ConfUtils.java:logGet(43)) - raft.server.rpc.sleep.time = 25ms (default)
2019-09-30 19:02:48,135 [4d188239-23e4-42be-905f-1996fdec2c9c@group-5CD7BB7C2233:LeaderElection69] INFO  server.RaftServerConfigKeys (ConfUtils.java:logGet(43)) - raft.server.rpc.sleep.time = 25ms (default)
2019-09-30 19:02:48,135 [21fb7ab6-941e-4ef2-9919-d5dae2e9d2ac@group-27D9A9BB6650:LeaderElection68] INFO  server.RaftServerConfigKeys (ConfUtils.java:logGet(43)) - raft.server.write.element-limit = 4096 (default)
2019-09-30 19:02:48,136 [4d188239-23e4-42be-905f-1996fdec2c9c@group-5CD7BB7C2233:LeaderElection69] INFO  server.RaftServerConfigKeys (ConfUtils.java:logGet(43)) - raft.server.write.element-limit = 4096 (default)
2019-09-30 19:02:48,136 [21fb7ab6-941e-4ef2-9919-d5dae2e9d2ac@group-27D9A9BB6650:LeaderElection68] INFO  server.RaftServerConfigKeys (ConfUtils.java:logGet(43)) - raft.server.watch.timeout = 10s (default)
2019-09-30 19:02:48,136 [4d188239-23e4-42be-905f-1996fdec2c9c@group-5CD7BB7C2233:LeaderElection69] INFO  server.RaftServerConfigKeys (ConfUtils.java:logGet(43)) - raft.server.watch.timeout = 10s (default)
2019-09-30 19:02:48,136 [21fb7ab6-941e-4ef2-9919-d5dae2e9d2ac@group-27D9A9BB6650:LeaderElection68] INFO  server.RaftServerConfigKeys (ConfUtils.java:logGet(43)) - raft.server.watch.timeout.denomination = 1s (default)
2019-09-30 19:02:48,136 [4d188239-23e4-42be-905f-1996fdec2c9c@group-5CD7BB7C2233:LeaderElection69] INFO  server.RaftServerConfigKeys (ConfUtils.java:logGet(43)) - raft.server.watch.timeout.denomination = 1s (default)
2019-09-30 19:02:48,136 [21fb7ab6-941e-4ef2-9919-d5dae2e9d2ac@group-27D9A9BB6650:LeaderElection68] INFO  server.RaftServerConfigKeys (ConfUtils.java:logGet(43)) - raft.server.watch.element-limit = 65536 (default)
2019-09-30 19:02:48,136 [4d188239-23e4-42be-905f-1996fdec2c9c@group-5CD7BB7C2233:LeaderElection69] INFO  server.RaftServerConfigKeys (ConfUtils.java:logGet(43)) - raft.server.watch.element-limit = 65536 (default)
2019-09-30 19:02:48,139 [21fb7ab6-941e-4ef2-9919-d5dae2e9d2ac@group-27D9A9BB6650:LeaderElection68] INFO  impl.RoleInfo (RoleInfo.java:updateAndGet(143)) - 21fb7ab6-941e-4ef2-9919-d5dae2e9d2ac: start LeaderState
2019-09-30 19:02:48,140 [21fb7ab6-941e-4ef2-9919-d5dae2e9d2ac@group-27D9A9BB6650:LeaderElection68] INFO  segmented.SegmentedRaftLogWorker (SegmentedRaftLogWorker.java:startLogSegment(380)) - 21fb7ab6-941e-4ef2-9919-d5dae2e9d2ac@group-27D9A9BB6650-SegmentedRaftLogWorker: Starting segment from index:0
2019-09-30 19:02:48,140 [21fb7ab6-941e-4ef2-9919-d5dae2e9d2ac@group-27D9A9BB6650:LeaderElection68] INFO  impl.RaftServerImpl (ServerState.java:setRaftConf(354)) - 21fb7ab6-941e-4ef2-9919-d5dae2e9d2ac@group-27D9A9BB6650: set configuration 0: [21fb7ab6-941e-4ef2-9919-d5dae2e9d2ac:192.168.151.118:44674], old=null at 0
2019-09-30 19:02:48,180 [4d188239-23e4-42be-905f-1996fdec2c9c@group-5CD7BB7C2233:LeaderElection69] INFO  impl.RoleInfo (RoleInfo.java:updateAndGet(143)) - 4d188239-23e4-42be-905f-1996fdec2c9c: start LeaderState
2019-09-30 19:02:48,181 [4d188239-23e4-42be-905f-1996fdec2c9c@group-5CD7BB7C2233:LeaderElection69] INFO  segmented.SegmentedRaftLogWorker (SegmentedRaftLogWorker.java:startLogSegment(380)) - 4d188239-23e4-42be-905f-1996fdec2c9c@group-5CD7BB7C2233-SegmentedRaftLogWorker: Starting segment from index:0
2019-09-30 19:02:48,181 [4d188239-23e4-42be-905f-1996fdec2c9c@group-5CD7BB7C2233:LeaderElection69] INFO  impl.RaftServerImpl (ServerState.java:setRaftConf(354)) - 4d188239-23e4-42be-905f-1996fdec2c9c@group-5CD7BB7C2233: set configuration 0: [4d188239-23e4-42be-905f-1996fdec2c9c:192.168.151.118:35619], old=null at 0
2019-09-30 19:02:48,216 [Thread-3118] INFO  impl.FollowerState (FollowerState.java:run(106)) - d2b3b5aa-c8b2-466d-a8da-ebc2ed594bf9:group-B883D7688C22 changes to CANDIDATE, lastRpcTime:5170, electionTimeout:5164ms
2019-09-30 19:02:48,216 [Thread-3118] INFO  impl.RoleInfo (RoleInfo.java:shutdownFollowerState(121)) - d2b3b5aa-c8b2-466d-a8da-ebc2ed594bf9: shutdown FollowerState
2019-09-30 19:02:48,216 [Thread-3118] INFO  impl.RaftServerImpl (RaftServerImpl.java:setRole(174)) - d2b3b5aa-c8b2-466d-a8da-ebc2ed594bf9@group-B883D7688C22: changes role from  FOLLOWER to CANDIDATE at term 0 for changeToCandidate
2019-09-30 19:02:48,216 [21fb7ab6-941e-4ef2-9919-d5dae2e9d2ac@group-27D9A9BB6650-SegmentedRaftLogWorker] INFO  segmented.SegmentedRaftLogWorker (SegmentedRaftLogWorker.java:execute(569)) - 21fb7ab6-941e-4ef2-9919-d5dae2e9d2ac@group-27D9A9BB6650-SegmentedRaftLogWorker: created new log segment /workdir/hadoop-ozone/integration-test/target/test-dir/MiniOzoneClusterImpl-5336a62e-69ee-4f83-b879-69e147fbc7dd/datanode-1/data/ratis/ca48490f-0064-4276-8a2f-27d9a9bb6650/current/log_inprogress_0
2019-09-30 19:02:48,216 [Thread-3118] INFO  impl.RoleInfo (RoleInfo.java:updateAndGet(143)) - d2b3b5aa-c8b2-466d-a8da-ebc2ed594bf9: start LeaderElection
2019-09-30 19:02:48,229 [4d188239-23e4-42be-905f-1996fdec2c9c@group-5CD7BB7C2233-SegmentedRaftLogWorker] INFO  segmented.SegmentedRaftLogWorker (SegmentedRaftLogWorker.java:execute(569)) - 4d188239-23e4-42be-905f-1996fdec2c9c@group-5CD7BB7C2233-SegmentedRaftLogWorker: created new log segment /workdir/hadoop-ozone/integration-test/target/test-dir/MiniOzoneClusterImpl-5336a62e-69ee-4f83-b879-69e147fbc7dd/datanode-0/data/ratis/d8b2afcf-d527-44ca-a19f-5cd7bb7c2233/current/log_inprogress_0
2019-09-30 19:02:48,229 [d2b3b5aa-c8b2-466d-a8da-ebc2ed594bf9@group-B883D7688C22:LeaderElection70] INFO  impl.LeaderElection (LeaderElection.java:askForVotes(182)) - d2b3b5aa-c8b2-466d-a8da-ebc2ed594bf9@group-B883D7688C22:LeaderElection70: begin an election at term 1 for -1: [d2b3b5aa-c8b2-466d-a8da-ebc2ed594bf9:192.168.151.118:36990], old=null
2019-09-30 19:02:48,229 [d2b3b5aa-c8b2-466d-a8da-ebc2ed594bf9@group-B883D7688C22:LeaderElection70] INFO  impl.RoleInfo (RoleInfo.java:shutdownLeaderElection(134)) - d2b3b5aa-c8b2-466d-a8da-ebc2ed594bf9: shutdown LeaderElection
2019-09-30 19:02:48,229 [d2b3b5aa-c8b2-466d-a8da-ebc2ed594bf9@group-B883D7688C22:LeaderElection70] INFO  impl.RaftServerImpl (RaftServerImpl.java:setRole(174)) - d2b3b5aa-c8b2-466d-a8da-ebc2ed594bf9@group-B883D7688C22: changes role from CANDIDATE to LEADER at term 1 for changeToLeader
2019-09-30 19:02:48,229 [d2b3b5aa-c8b2-466d-a8da-ebc2ed594bf9@group-B883D7688C22:LeaderElection70] INFO  impl.RaftServerImpl (ServerState.java:setLeader(253)) - d2b3b5aa-c8b2-466d-a8da-ebc2ed594bf9@group-B883D7688C22: change Leader from null to d2b3b5aa-c8b2-466d-a8da-ebc2ed594bf9 at term 1 for becomeLeader, leader elected after 5191ms
2019-09-30 19:02:48,229 [d2b3b5aa-c8b2-466d-a8da-ebc2ed594bf9@group-B883D7688C22:LeaderElection70] INFO  server.RaftServerConfigKeys (ConfUtils.java:logGet(43)) - raft.server.staging.catchup.gap = 1000 (default)
2019-09-30 19:02:48,230 [d2b3b5aa-c8b2-466d-a8da-ebc2ed594bf9@group-B883D7688C22:LeaderElection70] INFO  server.RaftServerConfigKeys (ConfUtils.java:logGet(43)) - raft.server.rpc.sleep.time = 25ms (default)
2019-09-30 19:02:48,230 [d2b3b5aa-c8b2-466d-a8da-ebc2ed594bf9@group-B883D7688C22:LeaderElection70] INFO  server.RaftServerConfigKeys (ConfUtils.java:logGet(43)) - raft.server.write.element-limit = 4096 (default)
2019-09-30 19:02:48,230 [d2b3b5aa-c8b2-466d-a8da-ebc2ed594bf9@group-B883D7688C22:LeaderElection70] INFO  server.RaftServerConfigKeys (ConfUtils.java:logGet(43)) - raft.server.watch.timeout = 10s (default)
2019-09-30 19:02:48,230 [d2b3b5aa-c8b2-466d-a8da-ebc2ed594bf9@group-B883D7688C22:LeaderElection70] INFO  server.RaftServerConfigKeys (ConfUtils.java:logGet(43)) - raft.server.watch.timeout.denomination = 1s (default)
2019-09-30 19:02:48,230 [d2b3b5aa-c8b2-466d-a8da-ebc2ed594bf9@group-B883D7688C22:LeaderElection70] INFO  server.RaftServerConfigKeys (ConfUtils.java:logGet(43)) - raft.server.watch.element-limit = 65536 (default)
2019-09-30 19:02:48,232 [Thread-3125] INFO  impl.FollowerState (FollowerState.java:run(106)) - 4d188239-23e4-42be-905f-1996fdec2c9c:group-C484DE0CA5D2 changes to CANDIDATE, lastRpcTime:5074, electionTimeout:5074ms
2019-09-30 19:02:48,232 [d2b3b5aa-c8b2-466d-a8da-ebc2ed594bf9@group-B883D7688C22:LeaderElection70] INFO  impl.RoleInfo (RoleInfo.java:updateAndGet(143)) - d2b3b5aa-c8b2-466d-a8da-ebc2ed594bf9: start LeaderState
2019-09-30 19:02:48,233 [Thread-3125] INFO  impl.RoleInfo (RoleInfo.java:shutdownFollowerState(121)) - 4d188239-23e4-42be-905f-1996fdec2c9c: shutdown FollowerState
2019-09-30 19:02:48,233 [d2b3b5aa-c8b2-466d-a8da-ebc2ed594bf9@group-B883D7688C22:LeaderElection70] INFO  segmented.SegmentedRaftLogWorker (SegmentedRaftLogWorker.java:startLogSegment(380)) - d2b3b5aa-c8b2-466d-a8da-ebc2ed594bf9@group-B883D7688C22-SegmentedRaftLogWorker: Starting segment from index:0
2019-09-30 19:02:48,233 [Thread-3125] INFO  impl.RaftServerImpl (RaftServerImpl.java:setRole(174)) - 4d188239-23e4-42be-905f-1996fdec2c9c@group-C484DE0CA5D2: changes role from  FOLLOWER to CANDIDATE at term 0 for changeToCandidate
2019-09-30 19:02:48,233 [Thread-3125] INFO  impl.RoleInfo (RoleInfo.java:updateAndGet(143)) - 4d188239-23e4-42be-905f-1996fdec2c9c: start LeaderElection
2019-09-30 19:02:48,233 [d2b3b5aa-c8b2-466d-a8da-ebc2ed594bf9@group-B883D7688C22:LeaderElection70] INFO  impl.RaftServerImpl (ServerState.java:setRaftConf(354)) - d2b3b5aa-c8b2-466d-a8da-ebc2ed594bf9@group-B883D7688C22: set configuration 0: [d2b3b5aa-c8b2-466d-a8da-ebc2ed594bf9:192.168.151.118:36990], old=null at 0
2019-09-30 19:02:48,281 [d2b3b5aa-c8b2-466d-a8da-ebc2ed594bf9@group-B883D7688C22-SegmentedRaftLogWorker] INFO  segmented.SegmentedRaftLogWorker (SegmentedRaftLogWorker.java:execute(569)) - d2b3b5aa-c8b2-466d-a8da-ebc2ed594bf9@group-B883D7688C22-SegmentedRaftLogWorker: created new log segment /workdir/hadoop-ozone/integration-test/target/test-dir/MiniOzoneClusterImpl-5336a62e-69ee-4f83-b879-69e147fbc7dd/datanode-2/data/ratis/a1da2440-b369-4fbf-aa9d-b883d7688c22/current/log_inprogress_0
2019-09-30 19:02:48,281 [4d188239-23e4-42be-905f-1996fdec2c9c@group-C484DE0CA5D2:LeaderElection71] INFO  impl.LeaderElection (LeaderElection.java:askForVotes(182)) - 4d188239-23e4-42be-905f-1996fdec2c9c@group-C484DE0CA5D2:LeaderElection71: begin an election at term 1 for -1: [4d188239-23e4-42be-905f-1996fdec2c9c:192.168.151.118:35619, 21fb7ab6-941e-4ef2-9919-d5dae2e9d2ac:192.168.151.118:44674, d2b3b5aa-c8b2-466d-a8da-ebc2ed594bf9:192.168.151.118:36990], old=null
2019-09-30 19:02:48,286 [grpc-default-executor-15] INFO  impl.RaftServerImpl (RaftServerImpl.java:setRole(174)) - 21fb7ab6-941e-4ef2-9919-d5dae2e9d2ac@group-C484DE0CA5D2: changes role from  FOLLOWER to FOLLOWER at term 1 for recognizeCandidate:4d188239-23e4-42be-905f-1996fdec2c9c
2019-09-30 19:02:48,286 [grpc-default-executor-14] INFO  impl.RaftServerImpl (RaftServerImpl.java:setRole(174)) - d2b3b5aa-c8b2-466d-a8da-ebc2ed594bf9@group-C484DE0CA5D2: changes role from  FOLLOWER to FOLLOWER at term 1 for recognizeCandidate:4d188239-23e4-42be-905f-1996fdec2c9c
2019-09-30 19:02:48,286 [grpc-default-executor-15] INFO  impl.RoleInfo (RoleInfo.java:shutdownFollowerState(121)) - 21fb7ab6-941e-4ef2-9919-d5dae2e9d2ac: shutdown FollowerState
2019-09-30 19:02:48,286 [grpc-default-executor-14] INFO  impl.RoleInfo (RoleInfo.java:shutdownFollowerState(121)) - d2b3b5aa-c8b2-466d-a8da-ebc2ed594bf9: shutdown FollowerState
2019-09-30 19:02:48,287 [grpc-default-executor-15] INFO  impl.RoleInfo (RoleInfo.java:updateAndGet(143)) - 21fb7ab6-941e-4ef2-9919-d5dae2e9d2ac: start FollowerState
2019-09-30 19:02:48,287 [Thread-3123] INFO  impl.FollowerState (FollowerState.java:run(115)) - d2b3b5aa-c8b2-466d-a8da-ebc2ed594bf9: FollowerState was interrupted: java.lang.InterruptedException: sleep interrupted
2019-09-30 19:02:48,287 [Thread-3126] INFO  impl.FollowerState (FollowerState.java:run(115)) - 21fb7ab6-941e-4ef2-9919-d5dae2e9d2ac: FollowerState was interrupted: java.lang.InterruptedException: sleep interrupted
2019-09-30 19:02:48,287 [grpc-default-executor-14] INFO  impl.RoleInfo (RoleInfo.java:updateAndGet(143)) - d2b3b5aa-c8b2-466d-a8da-ebc2ed594bf9: start FollowerState
2019-09-30 19:02:48,306 [4d188239-23e4-42be-905f-1996fdec2c9c@group-C484DE0CA5D2:LeaderElection71] INFO  impl.LeaderElection (LeaderElection.java:logAndReturn(56)) - 4d188239-23e4-42be-905f-1996fdec2c9c@group-C484DE0CA5D2:LeaderElection71: Election PASSED; received 1 response(s) [4d188239-23e4-42be-905f-1996fdec2c9c<-d2b3b5aa-c8b2-466d-a8da-ebc2ed594bf9#0:OK-t1] and 0 exception(s); 4d188239-23e4-42be-905f-1996fdec2c9c@group-C484DE0CA5D2:t1, leader=null, voted=4d188239-23e4-42be-905f-1996fdec2c9c, raftlog=4d188239-23e4-42be-905f-1996fdec2c9c@group-C484DE0CA5D2-SegmentedRaftLog:OPENED:c-1,f-1,i0, conf=-1: [4d188239-23e4-42be-905f-1996fdec2c9c:192.168.151.118:35619, 21fb7ab6-941e-4ef2-9919-d5dae2e9d2ac:192.168.151.118:44674, d2b3b5aa-c8b2-466d-a8da-ebc2ed594bf9:192.168.151.118:36990], old=null
2019-09-30 19:02:48,307 [4d188239-23e4-42be-905f-1996fdec2c9c@group-C484DE0CA5D2:LeaderElection71] INFO  impl.RoleInfo (RoleInfo.java:shutdownLeaderElection(134)) - 4d188239-23e4-42be-905f-1996fdec2c9c: shutdown LeaderElection
2019-09-30 19:02:48,307 [4d188239-23e4-42be-905f-1996fdec2c9c@group-C484DE0CA5D2:LeaderElection71] INFO  impl.RaftServerImpl (RaftServerImpl.java:setRole(174)) - 4d188239-23e4-42be-905f-1996fdec2c9c@group-C484DE0CA5D2: changes role from CANDIDATE to LEADER at term 1 for changeToLeader
2019-09-30 19:02:48,307 [4d188239-23e4-42be-905f-1996fdec2c9c@group-C484DE0CA5D2:LeaderElection71] INFO  impl.RaftServerImpl (ServerState.java:setLeader(253)) - 4d188239-23e4-42be-905f-1996fdec2c9c@group-C484DE0CA5D2: change Leader from null to 4d188239-23e4-42be-905f-1996fdec2c9c at term 1 for becomeLeader, leader elected after 5188ms
2019-09-30 19:02:48,307 [4d188239-23e4-42be-905f-1996fdec2c9c@group-C484DE0CA5D2:LeaderElection71] INFO  server.RaftServerConfigKeys (ConfUtils.java:logGet(43)) - raft.server.staging.catchup.gap = 1000 (default)
2019-09-30 19:02:48,307 [4d188239-23e4-42be-905f-1996fdec2c9c@group-C484DE0CA5D2:LeaderElection71] INFO  server.RaftServerConfigKeys (ConfUtils.java:logGet(43)) - raft.server.rpc.sleep.time = 25ms (default)
2019-09-30 19:02:48,307 [4d188239-23e4-42be-905f-1996fdec2c9c@group-C484DE0CA5D2:LeaderElection71] INFO  server.RaftServerConfigKeys (ConfUtils.java:logGet(43)) - raft.server.write.element-limit = 4096 (default)
2019-09-30 19:02:48,308 [4d188239-23e4-42be-905f-1996fdec2c9c@group-C484DE0CA5D2:LeaderElection71] INFO  server.RaftServerConfigKeys (ConfUtils.java:logGet(43)) - raft.server.watch.timeout = 10s (default)
2019-09-30 19:02:48,308 [4d188239-23e4-42be-905f-1996fdec2c9c@group-C484DE0CA5D2:LeaderElection71] INFO  server.RaftServerConfigKeys (ConfUtils.java:logGet(43)) - raft.server.watch.timeout.denomination = 1s (default)
2019-09-30 19:02:48,308 [4d188239-23e4-42be-905f-1996fdec2c9c@group-C484DE0CA5D2:LeaderElection71] INFO  server.RaftServerConfigKeys (ConfUtils.java:logGet(43)) - raft.server.watch.element-limit = 65536 (default)
2019-09-30 19:02:48,310 [4d188239-23e4-42be-905f-1996fdec2c9c@group-C484DE0CA5D2:LeaderElection71] INFO  server.RaftServerConfigKeys (ConfUtils.java:logGet(43)) - raft.server.log.appender.snapshot.chunk.size.max = 16MB (=16777216) (default)
2019-09-30 19:02:48,310 [4d188239-23e4-42be-905f-1996fdec2c9c@group-C484DE0CA5D2:LeaderElection71] INFO  server.RaftServerConfigKeys (ConfUtils.java:logGet(43)) - raft.server.log.appender.buffer.byte-limit = 33554432 (custom)
2019-09-30 19:02:48,310 [4d188239-23e4-42be-905f-1996fdec2c9c@group-C484DE0CA5D2:LeaderElection71] INFO  server.RaftServerConfigKeys (ConfUtils.java:logGet(43)) - raft.server.log.appender.buffer.element-limit = 1 (custom)
2019-09-30 19:02:48,310 [4d188239-23e4-42be-905f-1996fdec2c9c@group-C484DE0CA5D2:LeaderElection71] INFO  grpc.GrpcConfigKeys$Server (ConfUtils.java:logGet(43)) - raft.grpc.server.leader.outstanding.appends.max = 128 (default)
2019-09-30 19:02:48,311 [4d188239-23e4-42be-905f-1996fdec2c9c@group-C484DE0CA5D2:LeaderElection71] INFO  server.RaftServerConfigKeys (ConfUtils.java:logGet(43)) - raft.server.rpc.request.timeout = 3000ms (default)
2019-09-30 19:02:48,311 [4d188239-23e4-42be-905f-1996fdec2c9c@group-C484DE0CA5D2:LeaderElection71] INFO  server.RaftServerConfigKeys (ConfUtils.java:logGet(43)) - raft.server.log.appender.install.snapshot.enabled = false (custom)
2019-09-30 19:02:48,311 [4d188239-23e4-42be-905f-1996fdec2c9c@group-C484DE0CA5D2:LeaderElection71] INFO  server.RaftServerConfigKeys (ConfUtils.java:logGet(43)) - raft.server.log.appender.snapshot.chunk.size.max = 16MB (=16777216) (default)
2019-09-30 19:02:48,311 [4d188239-23e4-42be-905f-1996fdec2c9c@group-C484DE0CA5D2:LeaderElection71] INFO  server.RaftServerConfigKeys (ConfUtils.java:logGet(43)) - raft.server.log.appender.buffer.byte-limit = 33554432 (custom)
2019-09-30 19:02:48,311 [4d188239-23e4-42be-905f-1996fdec2c9c@group-C484DE0CA5D2:LeaderElection71] INFO  server.RaftServerConfigKeys (ConfUtils.java:logGet(43)) - raft.server.log.appender.buffer.element-limit = 1 (custom)
2019-09-30 19:02:48,311 [4d188239-23e4-42be-905f-1996fdec2c9c@group-C484DE0CA5D2:LeaderElection71] INFO  grpc.GrpcConfigKeys$Server (ConfUtils.java:logGet(43)) - raft.grpc.server.leader.outstanding.appends.max = 128 (default)
2019-09-30 19:02:48,312 [4d188239-23e4-42be-905f-1996fdec2c9c@group-C484DE0CA5D2:LeaderElection71] INFO  server.RaftServerConfigKeys (ConfUtils.java:logGet(43)) - raft.server.rpc.request.timeout = 3000ms (default)
2019-09-30 19:02:48,312 [4d188239-23e4-42be-905f-1996fdec2c9c@group-C484DE0CA5D2:LeaderElection71] INFO  server.RaftServerConfigKeys (ConfUtils.java:logGet(43)) - raft.server.log.appender.install.snapshot.enabled = false (custom)
2019-09-30 19:02:48,312 [4d188239-23e4-42be-905f-1996fdec2c9c@group-C484DE0CA5D2:LeaderElection71] INFO  impl.RoleInfo (RoleInfo.java:updateAndGet(143)) - 4d188239-23e4-42be-905f-1996fdec2c9c: start LeaderState
2019-09-30 19:02:48,312 [4d188239-23e4-42be-905f-1996fdec2c9c@group-C484DE0CA5D2:LeaderElection71] INFO  segmented.SegmentedRaftLogWorker (SegmentedRaftLogWorker.java:startLogSegment(380)) - 4d188239-23e4-42be-905f-1996fdec2c9c@group-C484DE0CA5D2-SegmentedRaftLogWorker: Starting segment from index:0
2019-09-30 19:02:48,313 [4d188239-23e4-42be-905f-1996fdec2c9c@group-C484DE0CA5D2:LeaderElection71] INFO  impl.RaftServerImpl (ServerState.java:setRaftConf(354)) - 4d188239-23e4-42be-905f-1996fdec2c9c@group-C484DE0CA5D2: set configuration 0: [4d188239-23e4-42be-905f-1996fdec2c9c:192.168.151.118:35619, 21fb7ab6-941e-4ef2-9919-d5dae2e9d2ac:192.168.151.118:44674, d2b3b5aa-c8b2-466d-a8da-ebc2ed594bf9:192.168.151.118:36990], old=null at 0
2019-09-30 19:02:48,346 [grpc-default-executor-14] INFO  impl.RaftServerImpl (ServerState.java:setLeader(253)) - d2b3b5aa-c8b2-466d-a8da-ebc2ed594bf9@group-C484DE0CA5D2: change Leader from null to 4d188239-23e4-42be-905f-1996fdec2c9c at term 1 for appendEntries, leader elected after 5228ms
2019-09-30 19:02:48,346 [grpc-default-executor-15] INFO  impl.RaftServerImpl (ServerState.java:setLeader(253)) - 21fb7ab6-941e-4ef2-9919-d5dae2e9d2ac@group-C484DE0CA5D2: change Leader from null to 4d188239-23e4-42be-905f-1996fdec2c9c at term 1 for appendEntries, leader elected after 5228ms
2019-09-30 19:02:48,359 [Thread-3133] INFO  impl.FollowerState (FollowerState.java:run(106)) - d7a777ed-f162-4a09-a085-0dd4a74802e5:group-C1C6DC68C6FD changes to CANDIDATE, lastRpcTime:5041, electionTimeout:5039ms
2019-09-30 19:02:48,359 [4d188239-23e4-42be-905f-1996fdec2c9c@group-C484DE0CA5D2-SegmentedRaftLogWorker] INFO  segmented.SegmentedRaftLogWorker (SegmentedRaftLogWorker.java:execute(569)) - 4d188239-23e4-42be-905f-1996fdec2c9c@group-C484DE0CA5D2-SegmentedRaftLogWorker: created new log segment /workdir/hadoop-ozone/integration-test/target/test-dir/MiniOzoneClusterImpl-5336a62e-69ee-4f83-b879-69e147fbc7dd/datanode-0/data/ratis/fc8b61bb-db94-4157-86e2-c484de0ca5d2/current/log_inprogress_0
2019-09-30 19:02:48,359 [Thread-3133] INFO  impl.RoleInfo (RoleInfo.java:shutdownFollowerState(121)) - d7a777ed-f162-4a09-a085-0dd4a74802e5: shutdown FollowerState
2019-09-30 19:02:48,359 [Thread-3133] INFO  impl.RaftServerImpl (RaftServerImpl.java:setRole(174)) - d7a777ed-f162-4a09-a085-0dd4a74802e5@group-C1C6DC68C6FD: changes role from  FOLLOWER to CANDIDATE at term 0 for changeToCandidate
2019-09-30 19:02:48,359 [Thread-3133] INFO  impl.RoleInfo (RoleInfo.java:updateAndGet(143)) - d7a777ed-f162-4a09-a085-0dd4a74802e5: start LeaderElection
2019-09-30 19:02:48,363 [Thread-3130] INFO  impl.FollowerState (FollowerState.java:run(106)) - bac7da44-233b-4de3-83ed-f92823745413:group-B94F10DBCE13 changes to CANDIDATE, lastRpcTime:5115, electionTimeout:5113ms
2019-09-30 19:02:48,364 [Thread-3130] INFO  impl.RoleInfo (RoleInfo.java:shutdownFollowerState(121)) - bac7da44-233b-4de3-83ed-f92823745413: shutdown FollowerState
2019-09-30 19:02:48,364 [Thread-3130] INFO  impl.RaftServerImpl (RaftServerImpl.java:setRole(174)) - bac7da44-233b-4de3-83ed-f92823745413@group-B94F10DBCE13: changes role from  FOLLOWER to CANDIDATE at term 0 for changeToCandidate
2019-09-30 19:02:48,365 [Thread-3130] INFO  impl.RoleInfo (RoleInfo.java:updateAndGet(143)) - bac7da44-233b-4de3-83ed-f92823745413: start LeaderElection
2019-09-30 19:02:48,365 [grpc-default-executor-15] INFO  impl.RaftServerImpl (ServerState.java:setRaftConf(354)) - 21fb7ab6-941e-4ef2-9919-d5dae2e9d2ac@group-C484DE0CA5D2: set configuration 0: [4d188239-23e4-42be-905f-1996fdec2c9c:192.168.151.118:35619, 21fb7ab6-941e-4ef2-9919-d5dae2e9d2ac:192.168.151.118:44674, d2b3b5aa-c8b2-466d-a8da-ebc2ed594bf9:192.168.151.118:36990], old=null at 0
2019-09-30 19:02:48,367 [grpc-default-executor-14] INFO  impl.RaftServerImpl (ServerState.java:setRaftConf(354)) - d2b3b5aa-c8b2-466d-a8da-ebc2ed594bf9@group-C484DE0CA5D2: set configuration 0: [4d188239-23e4-42be-905f-1996fdec2c9c:192.168.151.118:35619, 21fb7ab6-941e-4ef2-9919-d5dae2e9d2ac:192.168.151.118:44674, d2b3b5aa-c8b2-466d-a8da-ebc2ed594bf9:192.168.151.118:36990], old=null at 0
2019-09-30 19:02:48,369 [grpc-default-executor-15] INFO  segmented.SegmentedRaftLogWorker (SegmentedRaftLogWorker.java:startLogSegment(380)) - 21fb7ab6-941e-4ef2-9919-d5dae2e9d2ac@group-C484DE0CA5D2-SegmentedRaftLogWorker: Starting segment from index:0
2019-09-30 19:02:48,370 [grpc-default-executor-14] INFO  segmented.SegmentedRaftLogWorker (SegmentedRaftLogWorker.java:startLogSegment(380)) - d2b3b5aa-c8b2-466d-a8da-ebc2ed594bf9@group-C484DE0CA5D2-SegmentedRaftLogWorker: Starting segment from index:0
2019-09-30 19:02:48,373 [bac7da44-233b-4de3-83ed-f92823745413@group-B94F10DBCE13:LeaderElection73] INFO  impl.LeaderElection (LeaderElection.java:askForVotes(182)) - bac7da44-233b-4de3-83ed-f92823745413@group-B94F10DBCE13:LeaderElection73: begin an election at term 1 for -1: [bac7da44-233b-4de3-83ed-f92823745413:192.168.151.118:46321], old=null
2019-09-30 19:02:48,373 [d7a777ed-f162-4a09-a085-0dd4a74802e5@group-C1C6DC68C6FD:LeaderElection72] INFO  impl.LeaderElection (LeaderElection.java:askForVotes(182)) - d7a777ed-f162-4a09-a085-0dd4a74802e5@group-C1C6DC68C6FD:LeaderElection72: begin an election at term 1 for -1: [d7a777ed-f162-4a09-a085-0dd4a74802e5:192.168.151.118:43081], old=null
2019-09-30 19:02:48,373 [bac7da44-233b-4de3-83ed-f92823745413@group-B94F10DBCE13:LeaderElection73] INFO  impl.RoleInfo (RoleInfo.java:shutdownLeaderElection(134)) - bac7da44-233b-4de3-83ed-f92823745413: shutdown LeaderElection
2019-09-30 19:02:48,373 [d7a777ed-f162-4a09-a085-0dd4a74802e5@group-C1C6DC68C6FD:LeaderElection72] INFO  impl.RoleInfo (RoleInfo.java:shutdownLeaderElection(134)) - d7a777ed-f162-4a09-a085-0dd4a74802e5: shutdown LeaderElection
2019-09-30 19:02:48,373 [bac7da44-233b-4de3-83ed-f92823745413@group-B94F10DBCE13:LeaderElection73] INFO  impl.RaftServerImpl (RaftServerImpl.java:setRole(174)) - bac7da44-233b-4de3-83ed-f92823745413@group-B94F10DBCE13: changes role from CANDIDATE to LEADER at term 1 for changeToLeader
2019-09-30 19:02:48,373 [d7a777ed-f162-4a09-a085-0dd4a74802e5@group-C1C6DC68C6FD:LeaderElection72] INFO  impl.RaftServerImpl (RaftServerImpl.java:setRole(174)) - d7a777ed-f162-4a09-a085-0dd4a74802e5@group-C1C6DC68C6FD: changes role from CANDIDATE to LEADER at term 1 for changeToLeader
2019-09-30 19:02:48,373 [bac7da44-233b-4de3-83ed-f92823745413@group-B94F10DBCE13:LeaderElection73] INFO  impl.RaftServerImpl (ServerState.java:setLeader(253)) - bac7da44-233b-4de3-83ed-f92823745413@group-B94F10DBCE13: change Leader from null to bac7da44-233b-4de3-83ed-f92823745413 at term 1 for becomeLeader, leader elected after 5132ms
2019-09-30 19:02:48,373 [d7a777ed-f162-4a09-a085-0dd4a74802e5@group-C1C6DC68C6FD:LeaderElection72] INFO  impl.RaftServerImpl (ServerState.java:setLeader(253)) - d7a777ed-f162-4a09-a085-0dd4a74802e5@group-C1C6DC68C6FD: change Leader from null to d7a777ed-f162-4a09-a085-0dd4a74802e5 at term 1 for becomeLeader, leader elected after 5064ms
2019-09-30 19:02:48,374 [bac7da44-233b-4de3-83ed-f92823745413@group-B94F10DBCE13:LeaderElection73] INFO  server.RaftServerConfigKeys (ConfUtils.java:logGet(43)) - raft.server.staging.catchup.gap = 1000 (default)
2019-09-30 19:02:48,374 [d7a777ed-f162-4a09-a085-0dd4a74802e5@group-C1C6DC68C6FD:LeaderElection72] INFO  server.RaftServerConfigKeys (ConfUtils.java:logGet(43)) - raft.server.staging.catchup.gap = 1000 (default)
2019-09-30 19:02:48,374 [bac7da44-233b-4de3-83ed-f92823745413@group-B94F10DBCE13:LeaderElection73] INFO  server.RaftServerConfigKeys (ConfUtils.java:logGet(43)) - raft.server.rpc.sleep.time = 25ms (default)
2019-09-30 19:02:48,374 [d7a777ed-f162-4a09-a085-0dd4a74802e5@group-C1C6DC68C6FD:LeaderElection72] INFO  server.RaftServerConfigKeys (ConfUtils.java:logGet(43)) - raft.server.rpc.sleep.time = 25ms (default)
2019-09-30 19:02:48,374 [bac7da44-233b-4de3-83ed-f92823745413@group-B94F10DBCE13:LeaderElection73] INFO  server.RaftServerConfigKeys (ConfUtils.java:logGet(43)) - raft.server.write.element-limit = 4096 (default)
2019-09-30 19:02:48,374 [d7a777ed-f162-4a09-a085-0dd4a74802e5@group-C1C6DC68C6FD:LeaderElection72] INFO  server.RaftServerConfigKeys (ConfUtils.java:logGet(43)) - raft.server.write.element-limit = 4096 (default)
2019-09-30 19:02:48,374 [bac7da44-233b-4de3-83ed-f92823745413@group-B94F10DBCE13:LeaderElection73] INFO  server.RaftServerConfigKeys (ConfUtils.java:logGet(43)) - raft.server.watch.timeout = 10s (default)
2019-09-30 19:02:48,374 [d7a777ed-f162-4a09-a085-0dd4a74802e5@group-C1C6DC68C6FD:LeaderElection72] INFO  server.RaftServerConfigKeys (ConfUtils.java:logGet(43)) - raft.server.watch.timeout = 10s (default)
2019-09-30 19:02:48,374 [bac7da44-233b-4de3-83ed-f92823745413@group-B94F10DBCE13:LeaderElection73] INFO  server.RaftServerConfigKeys (ConfUtils.java:logGet(43)) - raft.server.watch.timeout.denomination = 1s (default)
2019-09-30 19:02:48,374 [d7a777ed-f162-4a09-a085-0dd4a74802e5@group-C1C6DC68C6FD:LeaderElection72] INFO  server.RaftServerConfigKeys (ConfUtils.java:logGet(43)) - raft.server.watch.timeout.denomination = 1s (default)
2019-09-30 19:02:48,374 [bac7da44-233b-4de3-83ed-f92823745413@group-B94F10DBCE13:LeaderElection73] INFO  server.RaftServerConfigKeys (ConfUtils.java:logGet(43)) - raft.server.watch.element-limit = 65536 (default)
2019-09-30 19:02:48,375 [d7a777ed-f162-4a09-a085-0dd4a74802e5@group-C1C6DC68C6FD:LeaderElection72] INFO  server.RaftServerConfigKeys (ConfUtils.java:logGet(43)) - raft.server.watch.element-limit = 65536 (default)
2019-09-30 19:02:48,376 [bac7da44-233b-4de3-83ed-f92823745413@group-B94F10DBCE13:LeaderElection73] INFO  impl.RoleInfo (RoleInfo.java:updateAndGet(143)) - bac7da44-233b-4de3-83ed-f92823745413: start LeaderState
2019-09-30 19:02:48,377 [bac7da44-233b-4de3-83ed-f92823745413@group-B94F10DBCE13:LeaderElection73] INFO  segmented.SegmentedRaftLogWorker (SegmentedRaftLogWorker.java:startLogSegment(380)) - bac7da44-233b-4de3-83ed-f92823745413@group-B94F10DBCE13-SegmentedRaftLogWorker: Starting segment from index:0
2019-09-30 19:02:48,377 [d7a777ed-f162-4a09-a085-0dd4a74802e5@group-C1C6DC68C6FD:LeaderElection72] INFO  impl.RoleInfo (RoleInfo.java:updateAndGet(143)) - d7a777ed-f162-4a09-a085-0dd4a74802e5: start LeaderState
2019-09-30 19:02:48,377 [bac7da44-233b-4de3-83ed-f92823745413@group-B94F10DBCE13:LeaderElection73] INFO  impl.RaftServerImpl (ServerState.java:setRaftConf(354)) - bac7da44-233b-4de3-83ed-f92823745413@group-B94F10DBCE13: set configuration 0: [bac7da44-233b-4de3-83ed-f92823745413:192.168.151.118:46321], old=null at 0
2019-09-30 19:02:48,377 [d7a777ed-f162-4a09-a085-0dd4a74802e5@group-C1C6DC68C6FD:LeaderElection72] INFO  segmented.SegmentedRaftLogWorker (SegmentedRaftLogWorker.java:startLogSegment(380)) - d7a777ed-f162-4a09-a085-0dd4a74802e5@group-C1C6DC68C6FD-SegmentedRaftLogWorker: Starting segment from index:0
2019-09-30 19:02:48,404 [d7a777ed-f162-4a09-a085-0dd4a74802e5@group-C1C6DC68C6FD:LeaderElection72] INFO  impl.RaftServerImpl (ServerState.java:setRaftConf(354)) - d7a777ed-f162-4a09-a085-0dd4a74802e5@group-C1C6DC68C6FD: set configuration 0: [d7a777ed-f162-4a09-a085-0dd4a74802e5:192.168.151.118:43081], old=null at 0
2019-09-30 19:02:48,429 [d2b3b5aa-c8b2-466d-a8da-ebc2ed594bf9@group-C484DE0CA5D2-SegmentedRaftLogWorker] INFO  segmented.SegmentedRaftLogWorker (SegmentedRaftLogWorker.java:execute(569)) - d2b3b5aa-c8b2-466d-a8da-ebc2ed594bf9@group-C484DE0CA5D2-SegmentedRaftLogWorker: created new log segment /workdir/hadoop-ozone/integration-test/target/test-dir/MiniOzoneClusterImpl-5336a62e-69ee-4f83-b879-69e147fbc7dd/datanode-2/data/ratis/fc8b61bb-db94-4157-86e2-c484de0ca5d2/current/log_inprogress_0
2019-09-30 19:02:48,429 [bac7da44-233b-4de3-83ed-f92823745413@group-B94F10DBCE13-SegmentedRaftLogWorker] INFO  segmented.SegmentedRaftLogWorker (SegmentedRaftLogWorker.java:execute(569)) - bac7da44-233b-4de3-83ed-f92823745413@group-B94F10DBCE13-SegmentedRaftLogWorker: created new log segment /workdir/hadoop-ozone/integration-test/target/test-dir/MiniOzoneClusterImpl-5336a62e-69ee-4f83-b879-69e147fbc7dd/datanode-3/data/ratis/cc139f72-e6f0-4d6d-a8b9-b94f10dbce13/current/log_inprogress_0
2019-09-30 19:02:48,429 [21fb7ab6-941e-4ef2-9919-d5dae2e9d2ac@group-C484DE0CA5D2-SegmentedRaftLogWorker] INFO  segmented.SegmentedRaftLogWorker (SegmentedRaftLogWorker.java:execute(569)) - 21fb7ab6-941e-4ef2-9919-d5dae2e9d2ac@group-C484DE0CA5D2-SegmentedRaftLogWorker: created new log segment /workdir/hadoop-ozone/integration-test/target/test-dir/MiniOzoneClusterImpl-5336a62e-69ee-4f83-b879-69e147fbc7dd/datanode-1/data/ratis/fc8b61bb-db94-4157-86e2-c484de0ca5d2/current/log_inprogress_0
2019-09-30 19:02:48,438 [d7a777ed-f162-4a09-a085-0dd4a74802e5@group-C1C6DC68C6FD-SegmentedRaftLogWorker] INFO  segmented.SegmentedRaftLogWorker (SegmentedRaftLogWorker.java:execute(569)) - d7a777ed-f162-4a09-a085-0dd4a74802e5@group-C1C6DC68C6FD-SegmentedRaftLogWorker: created new log segment /workdir/hadoop-ozone/integration-test/target/test-dir/MiniOzoneClusterImpl-5336a62e-69ee-4f83-b879-69e147fbc7dd/datanode-4/data/ratis/c3161565-3da9-4e33-b11a-c1c6dc68c6fd/current/log_inprogress_0
2019-09-30 19:02:48,446 [Thread-3136] INFO  impl.FollowerState (FollowerState.java:run(106)) - 025042d3-9c8f-4cc2-b91c-038e79c6d064:group-778B67D44E7D changes to CANDIDATE, lastRpcTime:5068, electionTimeout:5068ms
2019-09-30 19:02:48,446 [Thread-3136] INFO  impl.RoleInfo (RoleInfo.java:shutdownFollowerState(121)) - 025042d3-9c8f-4cc2-b91c-038e79c6d064: shutdown FollowerState
2019-09-30 19:02:48,446 [Thread-3136] INFO  impl.RaftServerImpl (RaftServerImpl.java:setRole(174)) - 025042d3-9c8f-4cc2-b91c-038e79c6d064@group-778B67D44E7D: changes role from  FOLLOWER to CANDIDATE at term 0 for changeToCandidate
2019-09-30 19:02:48,447 [Thread-3136] INFO  impl.RoleInfo (RoleInfo.java:updateAndGet(143)) - 025042d3-9c8f-4cc2-b91c-038e79c6d064: start LeaderElection
2019-09-30 19:02:48,462 [025042d3-9c8f-4cc2-b91c-038e79c6d064@group-778B67D44E7D:LeaderElection74] INFO  impl.LeaderElection (LeaderElection.java:askForVotes(182)) - 025042d3-9c8f-4cc2-b91c-038e79c6d064@group-778B67D44E7D:LeaderElection74: begin an election at term 1 for -1: [025042d3-9c8f-4cc2-b91c-038e79c6d064:192.168.151.118:44386], old=null
2019-09-30 19:02:48,462 [025042d3-9c8f-4cc2-b91c-038e79c6d064@group-778B67D44E7D:LeaderElection74] INFO  impl.RoleInfo (RoleInfo.java:shutdownLeaderElection(134)) - 025042d3-9c8f-4cc2-b91c-038e79c6d064: shutdown LeaderElection
2019-09-30 19:02:48,462 [025042d3-9c8f-4cc2-b91c-038e79c6d064@group-778B67D44E7D:LeaderElection74] INFO  impl.RaftServerImpl (RaftServerImpl.java:setRole(174)) - 025042d3-9c8f-4cc2-b91c-038e79c6d064@group-778B67D44E7D: changes role from CANDIDATE to LEADER at term 1 for changeToLeader
2019-09-30 19:02:48,462 [025042d3-9c8f-4cc2-b91c-038e79c6d064@group-778B67D44E7D:LeaderElection74] INFO  impl.RaftServerImpl (ServerState.java:setLeader(253)) - 025042d3-9c8f-4cc2-b91c-038e79c6d064@group-778B67D44E7D: change Leader from null to 025042d3-9c8f-4cc2-b91c-038e79c6d064 at term 1 for becomeLeader, leader elected after 5093ms
2019-09-30 19:02:48,462 [025042d3-9c8f-4cc2-b91c-038e79c6d064@group-778B67D44E7D:LeaderElection74] INFO  server.RaftServerConfigKeys (ConfUtils.java:logGet(43)) - raft.server.staging.catchup.gap = 1000 (default)
2019-09-30 19:02:48,462 [025042d3-9c8f-4cc2-b91c-038e79c6d064@group-778B67D44E7D:LeaderElection74] INFO  server.RaftServerConfigKeys (ConfUtils.java:logGet(43)) - raft.server.rpc.sleep.time = 25ms (default)
2019-09-30 19:02:48,463 [025042d3-9c8f-4cc2-b91c-038e79c6d064@group-778B67D44E7D:LeaderElection74] INFO  server.RaftServerConfigKeys (ConfUtils.java:logGet(43)) - raft.server.write.element-limit = 4096 (default)
2019-09-30 19:02:48,463 [025042d3-9c8f-4cc2-b91c-038e79c6d064@group-778B67D44E7D:LeaderElection74] INFO  server.RaftServerConfigKeys (ConfUtils.java:logGet(43)) - raft.server.watch.timeout = 10s (default)
2019-09-30 19:02:48,463 [025042d3-9c8f-4cc2-b91c-038e79c6d064@group-778B67D44E7D:LeaderElection74] INFO  server.RaftServerConfigKeys (ConfUtils.java:logGet(43)) - raft.server.watch.timeout.denomination = 1s (default)
2019-09-30 19:02:48,463 [025042d3-9c8f-4cc2-b91c-038e79c6d064@group-778B67D44E7D:LeaderElection74] INFO  server.RaftServerConfigKeys (ConfUtils.java:logGet(43)) - raft.server.watch.element-limit = 65536 (default)
2019-09-30 19:02:48,465 [025042d3-9c8f-4cc2-b91c-038e79c6d064@group-778B67D44E7D:LeaderElection74] INFO  impl.RoleInfo (RoleInfo.java:updateAndGet(143)) - 025042d3-9c8f-4cc2-b91c-038e79c6d064: start LeaderState
2019-09-30 19:02:48,465 [025042d3-9c8f-4cc2-b91c-038e79c6d064@group-778B67D44E7D:LeaderElection74] INFO  segmented.SegmentedRaftLogWorker (SegmentedRaftLogWorker.java:startLogSegment(380)) - 025042d3-9c8f-4cc2-b91c-038e79c6d064@group-778B67D44E7D-SegmentedRaftLogWorker: Starting segment from index:0
2019-09-30 19:02:48,465 [025042d3-9c8f-4cc2-b91c-038e79c6d064@group-778B67D44E7D:LeaderElection74] INFO  impl.RaftServerImpl (ServerState.java:setRaftConf(354)) - 025042d3-9c8f-4cc2-b91c-038e79c6d064@group-778B67D44E7D: set configuration 0: [025042d3-9c8f-4cc2-b91c-038e79c6d064:192.168.151.118:44386], old=null at 0
2019-09-30 19:02:48,508 [025042d3-9c8f-4cc2-b91c-038e79c6d064@group-778B67D44E7D-SegmentedRaftLogWorker] INFO  segmented.SegmentedRaftLogWorker (SegmentedRaftLogWorker.java:execute(569)) - 025042d3-9c8f-4cc2-b91c-038e79c6d064@group-778B67D44E7D-SegmentedRaftLogWorker: created new log segment /workdir/hadoop-ozone/integration-test/target/test-dir/MiniOzoneClusterImpl-5336a62e-69ee-4f83-b879-69e147fbc7dd/datanode-5/data/ratis/e24f8c96-05a2-432b-9268-778b67d44e7d/current/log_inprogress_0
2019-09-30 19:02:48,940 [Thread-3139] INFO  impl.FollowerState (FollowerState.java:run(106)) - a9bacd76-4374-4de2-973f-423736f4e858:group-D77327F7DF09 changes to CANDIDATE, lastRpcTime:5249, electionTimeout:5195ms
2019-09-30 19:02:48,940 [Thread-3139] INFO  impl.RoleInfo (RoleInfo.java:shutdownFollowerState(121)) - a9bacd76-4374-4de2-973f-423736f4e858: shutdown FollowerState
2019-09-30 19:02:48,940 [Thread-3139] INFO  impl.RaftServerImpl (RaftServerImpl.java:setRole(174)) - a9bacd76-4374-4de2-973f-423736f4e858@group-D77327F7DF09: changes role from  FOLLOWER to CANDIDATE at term 0 for changeToCandidate
2019-09-30 19:02:48,941 [Thread-3139] INFO  impl.RoleInfo (RoleInfo.java:updateAndGet(143)) - a9bacd76-4374-4de2-973f-423736f4e858: start LeaderElection
2019-09-30 19:02:48,960 [a9bacd76-4374-4de2-973f-423736f4e858@group-D77327F7DF09:LeaderElection75] INFO  impl.LeaderElection (LeaderElection.java:askForVotes(182)) - a9bacd76-4374-4de2-973f-423736f4e858@group-D77327F7DF09:LeaderElection75: begin an election at term 1 for -1: [a9bacd76-4374-4de2-973f-423736f4e858:192.168.151.118:45289], old=null
2019-09-30 19:02:48,960 [a9bacd76-4374-4de2-973f-423736f4e858@group-D77327F7DF09:LeaderElection75] INFO  impl.RoleInfo (RoleInfo.java:shutdownLeaderElection(134)) - a9bacd76-4374-4de2-973f-423736f4e858: shutdown LeaderElection
2019-09-30 19:02:48,960 [a9bacd76-4374-4de2-973f-423736f4e858@group-D77327F7DF09:LeaderElection75] INFO  impl.RaftServerImpl (RaftServerImpl.java:setRole(174)) - a9bacd76-4374-4de2-973f-423736f4e858@group-D77327F7DF09: changes role from CANDIDATE to LEADER at term 1 for changeToLeader
2019-09-30 19:02:48,960 [a9bacd76-4374-4de2-973f-423736f4e858@group-D77327F7DF09:LeaderElection75] INFO  impl.RaftServerImpl (ServerState.java:setLeader(253)) - a9bacd76-4374-4de2-973f-423736f4e858@group-D77327F7DF09: change Leader from null to a9bacd76-4374-4de2-973f-423736f4e858 at term 1 for becomeLeader, leader elected after 5550ms
2019-09-30 19:02:48,960 [a9bacd76-4374-4de2-973f-423736f4e858@group-D77327F7DF09:LeaderElection75] INFO  server.RaftServerConfigKeys (ConfUtils.java:logGet(43)) - raft.server.staging.catchup.gap = 1000 (default)
2019-09-30 19:02:48,960 [a9bacd76-4374-4de2-973f-423736f4e858@group-D77327F7DF09:LeaderElection75] INFO  server.RaftServerConfigKeys (ConfUtils.java:logGet(43)) - raft.server.rpc.sleep.time = 25ms (default)
2019-09-30 19:02:48,960 [a9bacd76-4374-4de2-973f-423736f4e858@group-D77327F7DF09:LeaderElection75] INFO  server.RaftServerConfigKeys (ConfUtils.java:logGet(43)) - raft.server.write.element-limit = 4096 (default)
2019-09-30 19:02:48,961 [a9bacd76-4374-4de2-973f-423736f4e858@group-D77327F7DF09:LeaderElection75] INFO  server.RaftServerConfigKeys (ConfUtils.java:logGet(43)) - raft.server.watch.timeout = 10s (default)
2019-09-30 19:02:48,961 [a9bacd76-4374-4de2-973f-423736f4e858@group-D77327F7DF09:LeaderElection75] INFO  server.RaftServerConfigKeys (ConfUtils.java:logGet(43)) - raft.server.watch.timeout.denomination = 1s (default)
2019-09-30 19:02:48,961 [a9bacd76-4374-4de2-973f-423736f4e858@group-D77327F7DF09:LeaderElection75] INFO  server.RaftServerConfigKeys (ConfUtils.java:logGet(43)) - raft.server.watch.element-limit = 65536 (default)
2019-09-30 19:02:48,962 [a9bacd76-4374-4de2-973f-423736f4e858@group-D77327F7DF09:LeaderElection75] INFO  impl.RoleInfo (RoleInfo.java:updateAndGet(143)) - a9bacd76-4374-4de2-973f-423736f4e858: start LeaderState
2019-09-30 19:02:48,962 [a9bacd76-4374-4de2-973f-423736f4e858@group-D77327F7DF09:LeaderElection75] INFO  segmented.SegmentedRaftLogWorker (SegmentedRaftLogWorker.java:startLogSegment(380)) - a9bacd76-4374-4de2-973f-423736f4e858@group-D77327F7DF09-SegmentedRaftLogWorker: Starting segment from index:0
2019-09-30 19:02:48,963 [a9bacd76-4374-4de2-973f-423736f4e858@group-D77327F7DF09:LeaderElection75] INFO  impl.RaftServerImpl (ServerState.java:setRaftConf(354)) - a9bacd76-4374-4de2-973f-423736f4e858@group-D77327F7DF09: set configuration 0: [a9bacd76-4374-4de2-973f-423736f4e858:192.168.151.118:45289], old=null at 0
2019-09-30 19:02:48,993 [Thread-3142] INFO  impl.FollowerState (FollowerState.java:run(106)) - bac7da44-233b-4de3-83ed-f92823745413:group-341170A1A634 changes to CANDIDATE, lastRpcTime:5088, electionTimeout:5088ms
2019-09-30 19:02:48,993 [Thread-3142] INFO  impl.RoleInfo (RoleInfo.java:shutdownFollowerState(121)) - bac7da44-233b-4de3-83ed-f92823745413: shutdown FollowerState
2019-09-30 19:02:48,993 [Thread-3142] INFO  impl.RaftServerImpl (RaftServerImpl.java:setRole(174)) - bac7da44-233b-4de3-83ed-f92823745413@group-341170A1A634: changes role from  FOLLOWER to CANDIDATE at term 0 for changeToCandidate
2019-09-30 19:02:48,993 [Thread-3142] INFO  impl.RoleInfo (RoleInfo.java:updateAndGet(143)) - bac7da44-233b-4de3-83ed-f92823745413: start LeaderElection
2019-09-30 19:02:49,017 [a9bacd76-4374-4de2-973f-423736f4e858@group-D77327F7DF09-SegmentedRaftLogWorker] INFO  segmented.SegmentedRaftLogWorker (SegmentedRaftLogWorker.java:execute(569)) - a9bacd76-4374-4de2-973f-423736f4e858@group-D77327F7DF09-SegmentedRaftLogWorker: created new log segment /workdir/hadoop-ozone/integration-test/target/test-dir/MiniOzoneClusterImpl-5336a62e-69ee-4f83-b879-69e147fbc7dd/datanode-6/data/ratis/8dc1325a-464c-4cbc-929a-d77327f7df09/current/log_inprogress_0
2019-09-30 19:02:49,017 [bac7da44-233b-4de3-83ed-f92823745413@group-341170A1A634:LeaderElection76] INFO  impl.LeaderElection (LeaderElection.java:askForVotes(182)) - bac7da44-233b-4de3-83ed-f92823745413@group-341170A1A634:LeaderElection76: begin an election at term 1 for -1: [bac7da44-233b-4de3-83ed-f92823745413:192.168.151.118:46321, 025042d3-9c8f-4cc2-b91c-038e79c6d064:192.168.151.118:44386, d7a777ed-f162-4a09-a085-0dd4a74802e5:192.168.151.118:43081], old=null
2019-09-30 19:02:49,021 [grpc-default-executor-15] INFO  impl.RaftServerImpl (RaftServerImpl.java:setRole(174)) - 025042d3-9c8f-4cc2-b91c-038e79c6d064@group-341170A1A634: changes role from  FOLLOWER to FOLLOWER at term 1 for recognizeCandidate:bac7da44-233b-4de3-83ed-f92823745413
2019-09-30 19:02:49,021 [grpc-default-executor-15] INFO  impl.RoleInfo (RoleInfo.java:shutdownFollowerState(121)) - 025042d3-9c8f-4cc2-b91c-038e79c6d064: shutdown FollowerState
2019-09-30 19:02:49,021 [grpc-default-executor-14] INFO  impl.RaftServerImpl (RaftServerImpl.java:setRole(174)) - d7a777ed-f162-4a09-a085-0dd4a74802e5@group-341170A1A634: changes role from  FOLLOWER to FOLLOWER at term 1 for recognizeCandidate:bac7da44-233b-4de3-83ed-f92823745413
2019-09-30 19:02:49,022 [Thread-3146] INFO  impl.FollowerState (FollowerState.java:run(115)) - 025042d3-9c8f-4cc2-b91c-038e79c6d064: FollowerState was interrupted: java.lang.InterruptedException: sleep interrupted
2019-09-30 19:02:49,022 [grpc-default-executor-14] INFO  impl.RoleInfo (RoleInfo.java:shutdownFollowerState(121)) - d7a777ed-f162-4a09-a085-0dd4a74802e5: shutdown FollowerState
2019-09-30 19:02:49,022 [grpc-default-executor-15] INFO  impl.RoleInfo (RoleInfo.java:updateAndGet(143)) - 025042d3-9c8f-4cc2-b91c-038e79c6d064: start FollowerState
2019-09-30 19:02:49,025 [Thread-3147] INFO  impl.FollowerState (FollowerState.java:run(115)) - d7a777ed-f162-4a09-a085-0dd4a74802e5: FollowerState was interrupted: java.lang.InterruptedException: sleep interrupted
2019-09-30 19:02:49,025 [grpc-default-executor-14] INFO  impl.RoleInfo (RoleInfo.java:updateAndGet(143)) - d7a777ed-f162-4a09-a085-0dd4a74802e5: start FollowerState
2019-09-30 19:02:49,041 [bac7da44-233b-4de3-83ed-f92823745413@group-341170A1A634:LeaderElection76] INFO  impl.LeaderElection (LeaderElection.java:logAndReturn(56)) - bac7da44-233b-4de3-83ed-f92823745413@group-341170A1A634:LeaderElection76: Election PASSED; received 1 response(s) [bac7da44-233b-4de3-83ed-f92823745413<-025042d3-9c8f-4cc2-b91c-038e79c6d064#0:OK-t1] and 0 exception(s); bac7da44-233b-4de3-83ed-f92823745413@group-341170A1A634:t1, leader=null, voted=bac7da44-233b-4de3-83ed-f92823745413, raftlog=bac7da44-233b-4de3-83ed-f92823745413@group-341170A1A634-SegmentedRaftLog:OPENED:c-1,f-1,i0, conf=-1: [bac7da44-233b-4de3-83ed-f92823745413:192.168.151.118:46321, 025042d3-9c8f-4cc2-b91c-038e79c6d064:192.168.151.118:44386, d7a777ed-f162-4a09-a085-0dd4a74802e5:192.168.151.118:43081], old=null
2019-09-30 19:02:49,042 [bac7da44-233b-4de3-83ed-f92823745413@group-341170A1A634:LeaderElection76] INFO  impl.RoleInfo (RoleInfo.java:shutdownLeaderElection(134)) - bac7da44-233b-4de3-83ed-f92823745413: shutdown LeaderElection
2019-09-30 19:02:49,042 [bac7da44-233b-4de3-83ed-f92823745413@group-341170A1A634:LeaderElection76] INFO  impl.RaftServerImpl (RaftServerImpl.java:setRole(174)) - bac7da44-233b-4de3-83ed-f92823745413@group-341170A1A634: changes role from CANDIDATE to LEADER at term 1 for changeToLeader
2019-09-30 19:02:49,042 [bac7da44-233b-4de3-83ed-f92823745413@group-341170A1A634:LeaderElection76] INFO  impl.RaftServerImpl (ServerState.java:setLeader(253)) - bac7da44-233b-4de3-83ed-f92823745413@group-341170A1A634: change Leader from null to bac7da44-233b-4de3-83ed-f92823745413 at term 1 for becomeLeader, leader elected after 5146ms
2019-09-30 19:02:49,042 [bac7da44-233b-4de3-83ed-f92823745413@group-341170A1A634:LeaderElection76] INFO  server.RaftServerConfigKeys (ConfUtils.java:logGet(43)) - raft.server.staging.catchup.gap = 1000 (default)
2019-09-30 19:02:49,042 [bac7da44-233b-4de3-83ed-f92823745413@group-341170A1A634:LeaderElection76] INFO  server.RaftServerConfigKeys (ConfUtils.java:logGet(43)) - raft.server.rpc.sleep.time = 25ms (default)
2019-09-30 19:02:49,043 [bac7da44-233b-4de3-83ed-f92823745413@group-341170A1A634:LeaderElection76] INFO  server.RaftServerConfigKeys (ConfUtils.java:logGet(43)) - raft.server.write.element-limit = 4096 (default)
2019-09-30 19:02:49,043 [bac7da44-233b-4de3-83ed-f92823745413@group-341170A1A634:LeaderElection76] INFO  server.RaftServerConfigKeys (ConfUtils.java:logGet(43)) - raft.server.watch.timeout = 10s (default)
2019-09-30 19:02:49,043 [bac7da44-233b-4de3-83ed-f92823745413@group-341170A1A634:LeaderElection76] INFO  server.RaftServerConfigKeys (ConfUtils.java:logGet(43)) - raft.server.watch.timeout.denomination = 1s (default)
2019-09-30 19:02:49,043 [bac7da44-233b-4de3-83ed-f92823745413@group-341170A1A634:LeaderElection76] INFO  server.RaftServerConfigKeys (ConfUtils.java:logGet(43)) - raft.server.watch.element-limit = 65536 (default)
2019-09-30 19:02:49,045 [bac7da44-233b-4de3-83ed-f92823745413@group-341170A1A634:LeaderElection76] INFO  server.RaftServerConfigKeys (ConfUtils.java:logGet(43)) - raft.server.log.appender.snapshot.chunk.size.max = 16MB (=16777216) (default)
2019-09-30 19:02:49,046 [bac7da44-233b-4de3-83ed-f92823745413@group-341170A1A634:LeaderElection76] INFO  server.RaftServerConfigKeys (ConfUtils.java:logGet(43)) - raft.server.log.appender.buffer.byte-limit = 33554432 (custom)
2019-09-30 19:02:49,046 [bac7da44-233b-4de3-83ed-f92823745413@group-341170A1A634:LeaderElection76] INFO  server.RaftServerConfigKeys (ConfUtils.java:logGet(43)) - raft.server.log.appender.buffer.element-limit = 1 (custom)
2019-09-30 19:02:49,046 [bac7da44-233b-4de3-83ed-f92823745413@group-341170A1A634:LeaderElection76] INFO  grpc.GrpcConfigKeys$Server (ConfUtils.java:logGet(43)) - raft.grpc.server.leader.outstanding.appends.max = 128 (default)
2019-09-30 19:02:49,046 [bac7da44-233b-4de3-83ed-f92823745413@group-341170A1A634:LeaderElection76] INFO  server.RaftServerConfigKeys (ConfUtils.java:logGet(43)) - raft.server.rpc.request.timeout = 3000ms (default)
2019-09-30 19:02:49,046 [bac7da44-233b-4de3-83ed-f92823745413@group-341170A1A634:LeaderElection76] INFO  server.RaftServerConfigKeys (ConfUtils.java:logGet(43)) - raft.server.log.appender.install.snapshot.enabled = false (custom)
2019-09-30 19:02:49,047 [bac7da44-233b-4de3-83ed-f92823745413@group-341170A1A634:LeaderElection76] INFO  server.RaftServerConfigKeys (ConfUtils.java:logGet(43)) - raft.server.log.appender.snapshot.chunk.size.max = 16MB (=16777216) (default)
2019-09-30 19:02:49,047 [bac7da44-233b-4de3-83ed-f92823745413@group-341170A1A634:LeaderElection76] INFO  server.RaftServerConfigKeys (ConfUtils.java:logGet(43)) - raft.server.log.appender.buffer.byte-limit = 33554432 (custom)
2019-09-30 19:02:49,047 [bac7da44-233b-4de3-83ed-f92823745413@group-341170A1A634:LeaderElection76] INFO  server.RaftServerConfigKeys (ConfUtils.java:logGet(43)) - raft.server.log.appender.buffer.element-limit = 1 (custom)
2019-09-30 19:02:49,048 [bac7da44-233b-4de3-83ed-f92823745413@group-341170A1A634:LeaderElection76] INFO  grpc.GrpcConfigKeys$Server (ConfUtils.java:logGet(43)) - raft.grpc.server.leader.outstanding.appends.max = 128 (default)
2019-09-30 19:02:49,048 [bac7da44-233b-4de3-83ed-f92823745413@group-341170A1A634:LeaderElection76] INFO  server.RaftServerConfigKeys (ConfUtils.java:logGet(43)) - raft.server.rpc.request.timeout = 3000ms (default)
2019-09-30 19:02:49,048 [bac7da44-233b-4de3-83ed-f92823745413@group-341170A1A634:LeaderElection76] INFO  server.RaftServerConfigKeys (ConfUtils.java:logGet(43)) - raft.server.log.appender.install.snapshot.enabled = false (custom)
2019-09-30 19:02:49,048 [bac7da44-233b-4de3-83ed-f92823745413@group-341170A1A634:LeaderElection76] INFO  impl.RoleInfo (RoleInfo.java:updateAndGet(143)) - bac7da44-233b-4de3-83ed-f92823745413: start LeaderState
2019-09-30 19:02:49,049 [bac7da44-233b-4de3-83ed-f92823745413@group-341170A1A634:LeaderElection76] INFO  segmented.SegmentedRaftLogWorker (SegmentedRaftLogWorker.java:startLogSegment(380)) - bac7da44-233b-4de3-83ed-f92823745413@group-341170A1A634-SegmentedRaftLogWorker: Starting segment from index:0
2019-09-30 19:02:49,050 [bac7da44-233b-4de3-83ed-f92823745413@group-341170A1A634:LeaderElection76] INFO  impl.RaftServerImpl (ServerState.java:setRaftConf(354)) - bac7da44-233b-4de3-83ed-f92823745413@group-341170A1A634: set configuration 0: [bac7da44-233b-4de3-83ed-f92823745413:192.168.151.118:46321, 025042d3-9c8f-4cc2-b91c-038e79c6d064:192.168.151.118:44386, d7a777ed-f162-4a09-a085-0dd4a74802e5:192.168.151.118:43081], old=null at 0
2019-09-30 19:02:49,050 [grpc-default-executor-15] INFO  impl.RaftServerImpl (ServerState.java:setLeader(253)) - 025042d3-9c8f-4cc2-b91c-038e79c6d064@group-341170A1A634: change Leader from null to bac7da44-233b-4de3-83ed-f92823745413 at term 1 for appendEntries, leader elected after 5150ms
2019-09-30 19:02:49,076 [grpc-default-executor-14] INFO  impl.RaftServerImpl (ServerState.java:setLeader(253)) - d7a777ed-f162-4a09-a085-0dd4a74802e5@group-341170A1A634: change Leader from null to bac7da44-233b-4de3-83ed-f92823745413 at term 1 for appendEntries, leader elected after 5175ms
2019-09-30 19:02:49,083 [grpc-default-executor-14] INFO  impl.RaftServerImpl (ServerState.java:setRaftConf(354)) - 025042d3-9c8f-4cc2-b91c-038e79c6d064@group-341170A1A634: set configuration 0: [bac7da44-233b-4de3-83ed-f92823745413:192.168.151.118:46321, 025042d3-9c8f-4cc2-b91c-038e79c6d064:192.168.151.118:44386, d7a777ed-f162-4a09-a085-0dd4a74802e5:192.168.151.118:43081], old=null at 0
2019-09-30 19:02:49,083 [grpc-default-executor-15] INFO  impl.RaftServerImpl (ServerState.java:setRaftConf(354)) - d7a777ed-f162-4a09-a085-0dd4a74802e5@group-341170A1A634: set configuration 0: [bac7da44-233b-4de3-83ed-f92823745413:192.168.151.118:46321, 025042d3-9c8f-4cc2-b91c-038e79c6d064:192.168.151.118:44386, d7a777ed-f162-4a09-a085-0dd4a74802e5:192.168.151.118:43081], old=null at 0
2019-09-30 19:02:49,084 [grpc-default-executor-14] INFO  segmented.SegmentedRaftLogWorker (SegmentedRaftLogWorker.java:startLogSegment(380)) - 025042d3-9c8f-4cc2-b91c-038e79c6d064@group-341170A1A634-SegmentedRaftLogWorker: Starting segment from index:0
2019-09-30 19:02:49,084 [grpc-default-executor-15] INFO  segmented.SegmentedRaftLogWorker (SegmentedRaftLogWorker.java:startLogSegment(380)) - d7a777ed-f162-4a09-a085-0dd4a74802e5@group-341170A1A634-SegmentedRaftLogWorker: Starting segment from index:0
2019-09-30 19:02:49,089 [bac7da44-233b-4de3-83ed-f92823745413@group-341170A1A634-SegmentedRaftLogWorker] INFO  segmented.SegmentedRaftLogWorker (SegmentedRaftLogWorker.java:execute(569)) - bac7da44-233b-4de3-83ed-f92823745413@group-341170A1A634-SegmentedRaftLogWorker: created new log segment /workdir/hadoop-ozone/integration-test/target/test-dir/MiniOzoneClusterImpl-5336a62e-69ee-4f83-b879-69e147fbc7dd/datanode-3/data/ratis/7ea2c4b5-4190-4ad1-8bb3-341170a1a634/current/log_inprogress_0
2019-09-30 19:02:49,129 [d7a777ed-f162-4a09-a085-0dd4a74802e5@group-341170A1A634-SegmentedRaftLogWorker] INFO  segmented.SegmentedRaftLogWorker (SegmentedRaftLogWorker.java:execute(569)) - d7a777ed-f162-4a09-a085-0dd4a74802e5@group-341170A1A634-SegmentedRaftLogWorker: created new log segment /workdir/hadoop-ozone/integration-test/target/test-dir/MiniOzoneClusterImpl-5336a62e-69ee-4f83-b879-69e147fbc7dd/datanode-4/data/ratis/7ea2c4b5-4190-4ad1-8bb3-341170a1a634/current/log_inprogress_0
2019-09-30 19:02:49,129 [025042d3-9c8f-4cc2-b91c-038e79c6d064@group-341170A1A634-SegmentedRaftLogWorker] INFO  segmented.SegmentedRaftLogWorker (SegmentedRaftLogWorker.java:execute(569)) - 025042d3-9c8f-4cc2-b91c-038e79c6d064@group-341170A1A634-SegmentedRaftLogWorker: created new log segment /workdir/hadoop-ozone/integration-test/target/test-dir/MiniOzoneClusterImpl-5336a62e-69ee-4f83-b879-69e147fbc7dd/datanode-5/data/ratis/7ea2c4b5-4190-4ad1-8bb3-341170a1a634/current/log_inprogress_0
2019-09-30 19:02:50,548 [Datanode State Machine Thread - 0] INFO  statemachine.DatanodeStateMachine (DatanodeStateMachine.java:lambda$startDaemon$0(350)) - Ozone container server started.
2019-09-30 19:02:54,555 [EventQueue-StaleNodeForStaleNodeHandler] INFO  node.StaleNodeHandler (StaleNodeHandler.java:onMessage(58)) - Datanode bac7da44-233b-4de3-83ed-f92823745413{ip: 192.168.151.118, host: pr-hdds-1720-trunk-4nqxd-2896763123, networkLocation: /default-rack, certSerialId: null} moved to stale state. Finalizing its pipelines [PipelineID=7ea2c4b5-4190-4ad1-8bb3-341170a1a634, PipelineID=cc139f72-e6f0-4d6d-a8b9-b94f10dbce13]
2019-09-30 19:02:54,555 [EventQueue-StaleNodeForStaleNodeHandler] INFO  pipeline.SCMPipelineManager (SCMPipelineManager.java:finalizeAndDestroyPipeline(315)) - destroying pipeline:Pipeline[ Id: 7ea2c4b5-4190-4ad1-8bb3-341170a1a634, Nodes: bac7da44-233b-4de3-83ed-f92823745413{ip: 192.168.151.118, host: pr-hdds-1720-trunk-4nqxd-2896763123, networkLocation: /default-rack, certSerialId: null}d7a777ed-f162-4a09-a085-0dd4a74802e5{ip: 192.168.151.118, host: pr-hdds-1720-trunk-4nqxd-2896763123, networkLocation: /default-rack, certSerialId: null}025042d3-9c8f-4cc2-b91c-038e79c6d064{ip: 192.168.151.118, host: pr-hdds-1720-trunk-4nqxd-2896763123, networkLocation: /default-rack, certSerialId: null}, Type:RATIS, Factor:THREE, State:OPEN]
2019-09-30 19:02:54,556 [EventQueue-StaleNodeForStaleNodeHandler] INFO  pipeline.PipelineStateManager (PipelineStateManager.java:finalizePipeline(123)) - Pipeline Pipeline[ Id: 7ea2c4b5-4190-4ad1-8bb3-341170a1a634, Nodes: bac7da44-233b-4de3-83ed-f92823745413{ip: 192.168.151.118, host: pr-hdds-1720-trunk-4nqxd-2896763123, networkLocation: /default-rack, certSerialId: null}d7a777ed-f162-4a09-a085-0dd4a74802e5{ip: 192.168.151.118, host: pr-hdds-1720-trunk-4nqxd-2896763123, networkLocation: /default-rack, certSerialId: null}025042d3-9c8f-4cc2-b91c-038e79c6d064{ip: 192.168.151.118, host: pr-hdds-1720-trunk-4nqxd-2896763123, networkLocation: /default-rack, certSerialId: null}, Type:RATIS, Factor:THREE, State:CLOSED] moved to CLOSED state
2019-09-30 19:02:54,556 [EventQueue-CloseContainerForCloseContainerEventHandler] INFO  container.CloseContainerEventHandler (CloseContainerEventHandler.java:onMessage(61)) - Close container Event triggered for container : #1
2019-09-30 19:02:54,556 [EventQueue-StaleNodeForStaleNodeHandler] INFO  pipeline.SCMPipelineManager (SCMPipelineManager.java:finalizeAndDestroyPipeline(315)) - destroying pipeline:Pipeline[ Id: cc139f72-e6f0-4d6d-a8b9-b94f10dbce13, Nodes: bac7da44-233b-4de3-83ed-f92823745413{ip: 192.168.151.118, host: pr-hdds-1720-trunk-4nqxd-2896763123, networkLocation: /default-rack, certSerialId: null}, Type:RATIS, Factor:ONE, State:OPEN]
2019-09-30 19:02:54,563 [EventQueue-StaleNodeForStaleNodeHandler] INFO  pipeline.PipelineStateManager (PipelineStateManager.java:finalizePipeline(123)) - Pipeline Pipeline[ Id: cc139f72-e6f0-4d6d-a8b9-b94f10dbce13, Nodes: bac7da44-233b-4de3-83ed-f92823745413{ip: 192.168.151.118, host: pr-hdds-1720-trunk-4nqxd-2896763123, networkLocation: /default-rack, certSerialId: null}, Type:RATIS, Factor:ONE, State:CLOSED] moved to CLOSED state
2019-09-30 19:02:54,718 [main] INFO  ozoneimpl.OzoneContainer (OzoneContainer.java:stop(231)) - Attempting to stop container services.
2019-09-30 19:02:54,719 [main] INFO  impl.RaftServerProxy (RaftServerProxy.java:lambda$close$4(314)) - bac7da44-233b-4de3-83ed-f92823745413: close
2019-09-30 19:02:54,720 [main] INFO  impl.RaftServerImpl (RaftServerImpl.java:lambda$shutdown$3(251)) - bac7da44-233b-4de3-83ed-f92823745413@group-341170A1A634: shutdown
2019-09-30 19:02:54,720 [main] INFO  util.JmxRegister (JmxRegister.java:unregister(73)) - Successfully un-registered JMX Bean with object name Ratis:service=RaftServer,group=group-341170A1A634,id=bac7da44-233b-4de3-83ed-f92823745413
2019-09-30 19:02:54,721 [main] INFO  impl.RoleInfo (RoleInfo.java:shutdownLeaderState(104)) - bac7da44-233b-4de3-83ed-f92823745413: shutdown LeaderState
2019-09-30 19:02:54,727 [org.apache.ratis.server.impl.LogAppender$AppenderDaemon$$Lambda$484/1645586794@59e1a385] WARN  server.GrpcLogAppender (GrpcLogAppender.java:mayWait(143)) - bac7da44-233b-4de3-83ed-f92823745413@group-341170A1A634->d7a777ed-f162-4a09-a085-0dd4a74802e5-GrpcLogAppender: Wait interrupted by java.lang.InterruptedException
2019-09-30 19:02:54,727 [main] INFO  impl.PendingRequests (PendingRequests.java:sendNotLeaderResponses(202)) - bac7da44-233b-4de3-83ed-f92823745413-PendingRequests: sendNotLeaderResponses
2019-09-30 19:02:54,728 [grpc-default-executor-13] INFO  server.GrpcServerProtocolService (GrpcServerProtocolService.java:onCompleted(113)) - d7a777ed-f162-4a09-a085-0dd4a74802e5: Completed APPEND_ENTRIES, lastRequest: bac7da44-233b-4de3-83ed-f92823745413->d7a777ed-f162-4a09-a085-0dd4a74802e5#18-t1, previous=(t:1, i:15), leaderCommit=15, initializing? false, entries: <empty>
2019-09-30 19:02:54,727 [org.apache.ratis.server.impl.LogAppender$AppenderDaemon$$Lambda$484/1645586794@4e4825e3] WARN  server.GrpcLogAppender (GrpcLogAppender.java:mayWait(143)) - bac7da44-233b-4de3-83ed-f92823745413@group-341170A1A634->025042d3-9c8f-4cc2-b91c-038e79c6d064-GrpcLogAppender: Wait interrupted by java.lang.InterruptedException
2019-09-30 19:02:54,731 [grpc-default-executor-13] INFO  server.GrpcServerProtocolService (GrpcServerProtocolService.java:onCompleted(113)) - 025042d3-9c8f-4cc2-b91c-038e79c6d064: Completed APPEND_ENTRIES, lastRequest: bac7da44-233b-4de3-83ed-f92823745413->025042d3-9c8f-4cc2-b91c-038e79c6d064#18-t1, previous=(t:1, i:15), leaderCommit=15, initializing? false, entries: <empty>
2019-09-30 19:02:54,731 [main] INFO  impl.StateMachineUpdater (StateMachineUpdater.java:stopAndJoin(125)) - bac7da44-233b-4de3-83ed-f92823745413@group-341170A1A634-StateMachineUpdater: set stopIndex = 15
2019-09-30 19:02:54,732 [grpc-default-executor-14] INFO  server.GrpcLogAppender (GrpcLogAppender.java:onCompleted(293)) - bac7da44-233b-4de3-83ed-f92823745413@group-341170A1A634->d7a777ed-f162-4a09-a085-0dd4a74802e5-AppendLogResponseHandler: follower responses appendEntries COMPLETED
2019-09-30 19:02:54,732 [grpc-default-executor-13] INFO  server.GrpcLogAppender (GrpcLogAppender.java:onCompleted(293)) - bac7da44-233b-4de3-83ed-f92823745413@group-341170A1A634->025042d3-9c8f-4cc2-b91c-038e79c6d064-AppendLogResponseHandler: follower responses appendEntries COMPLETED
2019-09-30 19:02:54,732 [bac7da44-233b-4de3-83ed-f92823745413@group-341170A1A634-StateMachineUpdater] INFO  ratis.ContainerStateMachine (ContainerStateMachine.java:takeSnapshot(289)) - group-341170A1A634: Taking a snapshot at:(t:1, i:13) file /workdir/hadoop-ozone/integration-test/target/test-dir/MiniOzoneClusterImpl-5336a62e-69ee-4f83-b879-69e147fbc7dd/datanode-3/data/ratis/7ea2c4b5-4190-4ad1-8bb3-341170a1a634/sm/snapshot.1_13
2019-09-30 19:02:54,732 [grpc-default-executor-13] INFO  impl.FollowerInfo (FollowerInfo.java:lambda$new$0(51)) - bac7da44-233b-4de3-83ed-f92823745413@group-341170A1A634->025042d3-9c8f-4cc2-b91c-038e79c6d064: nextIndex: updateUnconditionally 16 -> 15
2019-09-30 19:02:54,732 [grpc-default-executor-14] INFO  impl.FollowerInfo (FollowerInfo.java:lambda$new$0(51)) - bac7da44-233b-4de3-83ed-f92823745413@group-341170A1A634->d7a777ed-f162-4a09-a085-0dd4a74802e5: nextIndex: updateUnconditionally 16 -> 15
2019-09-30 19:02:55,124 [bac7da44-233b-4de3-83ed-f92823745413@group-341170A1A634-StateMachineUpdater] INFO  ratis.ContainerStateMachine (ContainerStateMachine.java:takeSnapshot(300)) - group-341170A1A634: Finished taking a snapshot at:(t:1, i:13) file:/workdir/hadoop-ozone/integration-test/target/test-dir/MiniOzoneClusterImpl-5336a62e-69ee-4f83-b879-69e147fbc7dd/datanode-3/data/ratis/7ea2c4b5-4190-4ad1-8bb3-341170a1a634/sm/snapshot.1_13 time:393
2019-09-30 19:02:55,124 [bac7da44-233b-4de3-83ed-f92823745413@group-341170A1A634-StateMachineUpdater] INFO  impl.StateMachineUpdater (StateMachineUpdater.java:takeSnapshot(258)) - bac7da44-233b-4de3-83ed-f92823745413@group-341170A1A634-StateMachineUpdater: Took a snapshot at index 13
2019-09-30 19:02:55,125 [bac7da44-233b-4de3-83ed-f92823745413@group-341170A1A634-StateMachineUpdater] INFO  impl.StateMachineUpdater (StateMachineUpdater.java:lambda$new$0(83)) - bac7da44-233b-4de3-83ed-f92823745413@group-341170A1A634-StateMachineUpdater: snapshotIndex: updateIncreasingly -1 -> 13
2019-09-30 19:02:55,125 [bac7da44-233b-4de3-83ed-f92823745413@group-341170A1A634-StateMachineUpdater] INFO  ratis.ContainerStateMachine (ContainerStateMachine.java:takeSnapshot(289)) - group-341170A1A634: Taking a snapshot at:(t:1, i:13) file /workdir/hadoop-ozone/integration-test/target/test-dir/MiniOzoneClusterImpl-5336a62e-69ee-4f83-b879-69e147fbc7dd/datanode-3/data/ratis/7ea2c4b5-4190-4ad1-8bb3-341170a1a634/sm/snapshot.1_13
2019-09-30 19:02:55,128 [bac7da44-233b-4de3-83ed-f92823745413@group-341170A1A634-StateMachineUpdater] INFO  ratis.ContainerStateMachine (ContainerStateMachine.java:takeSnapshot(300)) - group-341170A1A634: Finished taking a snapshot at:(t:1, i:13) file:/workdir/hadoop-ozone/integration-test/target/test-dir/MiniOzoneClusterImpl-5336a62e-69ee-4f83-b879-69e147fbc7dd/datanode-3/data/ratis/7ea2c4b5-4190-4ad1-8bb3-341170a1a634/sm/snapshot.1_13 time:2
2019-09-30 19:02:55,128 [bac7da44-233b-4de3-83ed-f92823745413@group-341170A1A634-StateMachineUpdater] INFO  impl.StateMachineUpdater (StateMachineUpdater.java:takeSnapshot(258)) - bac7da44-233b-4de3-83ed-f92823745413@group-341170A1A634-StateMachineUpdater: Took a snapshot at index 13
2019-09-30 19:02:55,128 [bac7da44-233b-4de3-83ed-f92823745413@group-341170A1A634-StateMachineUpdater] INFO  impl.StateMachineUpdater (StateMachineUpdater.java:lambda$new$0(83)) - bac7da44-233b-4de3-83ed-f92823745413@group-341170A1A634-StateMachineUpdater: snapshotIndex: updateIncreasingly 13 -> 13
2019-09-30 19:02:55,128 [main] INFO  impl.RaftServerImpl (ServerState.java:close(385)) - bac7da44-233b-4de3-83ed-f92823745413@group-341170A1A634: closes. applyIndex: 15
2019-09-30 19:02:55,129 [bac7da44-233b-4de3-83ed-f92823745413@group-341170A1A634-SegmentedRaftLogWorker] INFO  segmented.SegmentedRaftLogWorker (SegmentedRaftLogWorker.java:run(313)) - bac7da44-233b-4de3-83ed-f92823745413@group-341170A1A634-SegmentedRaftLogWorker was interrupted, exiting. There are 0 tasks remaining in the queue.
2019-09-30 19:02:55,134 [main] INFO  segmented.SegmentedRaftLogWorker (SegmentedRaftLogWorker.java:close(228)) - bac7da44-233b-4de3-83ed-f92823745413@group-341170A1A634-SegmentedRaftLogWorker close()
2019-09-30 19:02:55,140 [main] INFO  impl.RaftServerImpl (RaftServerImpl.java:lambda$shutdown$3(251)) - bac7da44-233b-4de3-83ed-f92823745413@group-B94F10DBCE13: shutdown
2019-09-30 19:02:55,140 [main] INFO  util.JmxRegister (JmxRegister.java:unregister(73)) - Successfully un-registered JMX Bean with object name Ratis:service=RaftServer,group=group-B94F10DBCE13,id=bac7da44-233b-4de3-83ed-f92823745413
2019-09-30 19:02:55,141 [main] INFO  impl.RoleInfo (RoleInfo.java:shutdownLeaderState(104)) - bac7da44-233b-4de3-83ed-f92823745413: shutdown LeaderState
2019-09-30 19:02:55,141 [main] INFO  impl.PendingRequests (PendingRequests.java:sendNotLeaderResponses(202)) - bac7da44-233b-4de3-83ed-f92823745413-PendingRequests: sendNotLeaderResponses
2019-09-30 19:02:55,142 [main] INFO  impl.StateMachineUpdater (StateMachineUpdater.java:stopAndJoin(125)) - bac7da44-233b-4de3-83ed-f92823745413@group-B94F10DBCE13-StateMachineUpdater: set stopIndex = 0
2019-09-30 19:02:55,142 [main] INFO  impl.RaftServerImpl (ServerState.java:close(385)) - bac7da44-233b-4de3-83ed-f92823745413@group-B94F10DBCE13: closes. applyIndex: 0
2019-09-30 19:02:55,143 [bac7da44-233b-4de3-83ed-f92823745413@group-B94F10DBCE13-SegmentedRaftLogWorker] INFO  segmented.SegmentedRaftLogWorker (SegmentedRaftLogWorker.java:run(313)) - bac7da44-233b-4de3-83ed-f92823745413@group-B94F10DBCE13-SegmentedRaftLogWorker was interrupted, exiting. There are 0 tasks remaining in the queue.
2019-09-30 19:02:55,145 [main] INFO  segmented.SegmentedRaftLogWorker (SegmentedRaftLogWorker.java:close(228)) - bac7da44-233b-4de3-83ed-f92823745413@group-B94F10DBCE13-SegmentedRaftLogWorker close()
2019-09-30 19:02:55,151 [main] INFO  server.GrpcService (GrpcService.java:closeImpl(164)) - bac7da44-233b-4de3-83ed-f92823745413: shutdown server with port 46321 now
2019-09-30 19:02:55,152 [grpc-default-executor-15] WARN  client.GrpcClientProtocolService (LogUtils.java:warn(134)) - 3-UnorderedRequestStreamObserver3: onError: org.apache.ratis.thirdparty.io.grpc.StatusRuntimeException: CANCELLED: cancelled before receiving half close
2019-09-30 19:02:55,152 [main] INFO  server.GrpcService (GrpcService.java:closeImpl(172)) - bac7da44-233b-4de3-83ed-f92823745413: shutdown server with port 46321 successfully
2019-09-30 19:02:55,159 [refreshUsed-/workdir/hadoop-ozone/integration-test/target/test-dir/MiniOzoneClusterImpl-5336a62e-69ee-4f83-b879-69e147fbc7dd/datanode-3/data/containers] WARN  fs.CachingGetSpaceUsed (CachingGetSpaceUsed.java:run(183)) - Thread Interrupted waiting to refresh disk information: sleep interrupted
2019-09-30 19:02:55,178 [main] INFO  utils.BackgroundService (BackgroundService.java:shutdown(148)) - Shutting down service BlockDeletingService
2019-09-30 19:02:55,186 [main] INFO  statemachine.DatanodeStateMachine (DatanodeStateMachine.java:stopDaemon(395)) - Ozone container server stopped.
2019-09-30 19:02:55,188 [main] INFO  handler.ContextHandler (ContextHandler.java:doStop(910)) - Stopped o.e.j.w.WebAppContext@4f3c7808{/,null,UNAVAILABLE}{/hddsDatanode}
2019-09-30 19:02:55,189 [main] INFO  server.AbstractConnector (AbstractConnector.java:doStop(318)) - Stopped ServerConnector@4b4969ea{HTTP/1.1,[http/1.1]}{0.0.0.0:0}
2019-09-30 19:02:55,189 [main] INFO  handler.ContextHandler (ContextHandler.java:doStop(910)) - Stopped o.e.j.s.ServletContextHandler@6c2a95d5{/static,jar:file:/home/user/.m2/repository/org/apache/hadoop/hadoop-hdds-container-service/0.5.0-SNAPSHOT/hadoop-hdds-container-service-0.5.0-SNAPSHOT.jar!/webapps/static,UNAVAILABLE}
2019-09-30 19:02:55,190 [main] INFO  handler.ContextHandler (ContextHandler.java:doStop(910)) - Stopped o.e.j.s.ServletContextHandler@527937d0{/logs,file:///workdir/hadoop-ozone/integration-test/target/log,UNAVAILABLE}
2019-09-30 19:03:04,235 [Thread-3195] INFO  impl.FollowerState (FollowerState.java:run(106)) - 025042d3-9c8f-4cc2-b91c-038e79c6d064:group-341170A1A634 changes to CANDIDATE, lastRpcTime:9516, electionTimeout:5125ms
2019-09-30 19:03:04,236 [Thread-3195] INFO  impl.RoleInfo (RoleInfo.java:shutdownFollowerState(121)) - 025042d3-9c8f-4cc2-b91c-038e79c6d064: shutdown FollowerState
2019-09-30 19:03:04,236 [Thread-3195] INFO  impl.RaftServerImpl (RaftServerImpl.java:setRole(174)) - 025042d3-9c8f-4cc2-b91c-038e79c6d064@group-341170A1A634: changes role from  FOLLOWER to CANDIDATE at term 1 for changeToCandidate
2019-09-30 19:03:04,236 [Thread-3195] INFO  impl.RoleInfo (RoleInfo.java:updateAndGet(143)) - 025042d3-9c8f-4cc2-b91c-038e79c6d064: start LeaderElection
2019-09-30 19:03:04,240 [025042d3-9c8f-4cc2-b91c-038e79c6d064@group-341170A1A634:LeaderElection77] INFO  impl.RaftServerImpl (ServerState.java:setLeader(253)) - 025042d3-9c8f-4cc2-b91c-038e79c6d064@group-341170A1A634: change Leader from bac7da44-233b-4de3-83ed-f92823745413 to null at term 1 for initElection
2019-09-30 19:03:04,257 [025042d3-9c8f-4cc2-b91c-038e79c6d064@group-341170A1A634:LeaderElection77] INFO  impl.LeaderElection (LeaderElection.java:askForVotes(182)) - 025042d3-9c8f-4cc2-b91c-038e79c6d064@group-341170A1A634:LeaderElection77: begin an election at term 2 for 0: [bac7da44-233b-4de3-83ed-f92823745413:192.168.151.118:46321, 025042d3-9c8f-4cc2-b91c-038e79c6d064:192.168.151.118:44386, d7a777ed-f162-4a09-a085-0dd4a74802e5:192.168.151.118:43081], old=null
2019-09-30 19:03:04,258 [Thread-3196] INFO  impl.FollowerState (FollowerState.java:run(106)) - d7a777ed-f162-4a09-a085-0dd4a74802e5:group-341170A1A634 changes to CANDIDATE, lastRpcTime:9540, electionTimeout:5072ms
2019-09-30 19:03:04,258 [Thread-3196] INFO  impl.RoleInfo (RoleInfo.java:shutdownFollowerState(121)) - d7a777ed-f162-4a09-a085-0dd4a74802e5: shutdown FollowerState
2019-09-30 19:03:04,258 [Thread-3196] INFO  impl.RaftServerImpl (RaftServerImpl.java:setRole(174)) - d7a777ed-f162-4a09-a085-0dd4a74802e5@group-341170A1A634: changes role from  FOLLOWER to CANDIDATE at term 1 for changeToCandidate
2019-09-30 19:03:04,258 [Thread-3196] INFO  impl.RoleInfo (RoleInfo.java:updateAndGet(143)) - d7a777ed-f162-4a09-a085-0dd4a74802e5: start LeaderElection
2019-09-30 19:03:04,263 [d7a777ed-f162-4a09-a085-0dd4a74802e5@group-341170A1A634:LeaderElection78] INFO  impl.RaftServerImpl (ServerState.java:setLeader(253)) - d7a777ed-f162-4a09-a085-0dd4a74802e5@group-341170A1A634: change Leader from bac7da44-233b-4de3-83ed-f92823745413 to null at term 1 for initElection
2019-09-30 19:03:04,264 [025042d3-9c8f-4cc2-b91c-038e79c6d064@group-341170A1A634:LeaderElection77] INFO  impl.LeaderElection (LogUtils.java:infoOrTrace(149)) - 025042d3-9c8f-4cc2-b91c-038e79c6d064@group-341170A1A634:LeaderElection77 got exception when requesting votes: {}
java.util.concurrent.ExecutionException: org.apache.ratis.thirdparty.io.grpc.StatusRuntimeException: UNAVAILABLE: io exception
	at java.util.concurrent.FutureTask.report(FutureTask.java:122)
	at java.util.concurrent.FutureTask.get(FutureTask.java:192)
	at org.apache.ratis.server.impl.LeaderElection.waitForResults(LeaderElection.java:263)
	at org.apache.ratis.server.impl.LeaderElection.askForVotes(LeaderElection.java:201)
	at org.apache.ratis.server.impl.LeaderElection.run(LeaderElection.java:133)
	at java.lang.Thread.run(Thread.java:748)
Caused by: org.apache.ratis.thirdparty.io.grpc.StatusRuntimeException: UNAVAILABLE: io exception
	at org.apache.ratis.thirdparty.io.grpc.stub.ClientCalls.toStatusRuntimeException(ClientCalls.java:233)
	at org.apache.ratis.thirdparty.io.grpc.stub.ClientCalls.getUnchecked(ClientCalls.java:214)
	at org.apache.ratis.thirdparty.io.grpc.stub.ClientCalls.blockingUnaryCall(ClientCalls.java:139)
	at org.apache.ratis.proto.grpc.RaftServerProtocolServiceGrpc$RaftServerProtocolServiceBlockingStub.requestVote(RaftServerProtocolServiceGrpc.java:265)
	at org.apache.ratis.grpc.server.GrpcServerProtocolClient.requestVote(GrpcServerProtocolClient.java:90)
	at org.apache.ratis.grpc.server.GrpcService.requestVote(GrpcService.java:204)
	at org.apache.ratis.server.impl.LeaderElection.lambda$submitRequests$1(LeaderElection.java:238)
	at java.util.concurrent.FutureTask.run(FutureTask.java:266)
	at java.util.concurrent.Executors$RunnableAdapter.call(Executors.java:511)
	at java.util.concurrent.FutureTask.run(FutureTask.java:266)
	at java.util.concurrent.ThreadPoolExecutor.runWorker(ThreadPoolExecutor.java:1149)
	at java.util.concurrent.ThreadPoolExecutor$Worker.run(ThreadPoolExecutor.java:624)
	... 1 more
Caused by: org.apache.ratis.thirdparty.io.netty.channel.AbstractChannel$AnnotatedConnectException: Connection refused: /192.168.151.118:46321
	at sun.nio.ch.SocketChannelImpl.checkConnect(Native Method)
	at sun.nio.ch.SocketChannelImpl.finishConnect(SocketChannelImpl.java:717)
	at org.apache.ratis.thirdparty.io.netty.channel.socket.nio.NioSocketChannel.doFinishConnect(NioSocketChannel.java:327)
	at org.apache.ratis.thirdparty.io.netty.channel.nio.AbstractNioChannel$AbstractNioUnsafe.finishConnect(AbstractNioChannel.java:340)
	at org.apache.ratis.thirdparty.io.netty.channel.nio.NioEventLoop.processSelectedKey(NioEventLoop.java:632)
	at org.apache.ratis.thirdparty.io.netty.channel.nio.NioEventLoop.processSelectedKeysOptimized(NioEventLoop.java:579)
	at org.apache.ratis.thirdparty.io.netty.channel.nio.NioEventLoop.processSelectedKeys(NioEventLoop.java:496)
	at org.apache.ratis.thirdparty.io.netty.channel.nio.NioEventLoop.run(NioEventLoop.java:458)
	at org.apache.ratis.thirdparty.io.netty.util.concurrent.SingleThreadEventExecutor$5.run(SingleThreadEventExecutor.java:897)
	at org.apache.ratis.thirdparty.io.netty.util.concurrent.FastThreadLocalRunnable.run(FastThreadLocalRunnable.java:30)
	... 1 more
Caused by: java.net.ConnectException: Connection refused
	... 11 more
2019-09-30 19:03:04,277 [d7a777ed-f162-4a09-a085-0dd4a74802e5@group-341170A1A634:LeaderElection78] INFO  impl.LeaderElection (LeaderElection.java:askForVotes(182)) - d7a777ed-f162-4a09-a085-0dd4a74802e5@group-341170A1A634:LeaderElection78: begin an election at term 2 for 0: [bac7da44-233b-4de3-83ed-f92823745413:192.168.151.118:46321, 025042d3-9c8f-4cc2-b91c-038e79c6d064:192.168.151.118:44386, d7a777ed-f162-4a09-a085-0dd4a74802e5:192.168.151.118:43081], old=null
2019-09-30 19:03:04,277 [025042d3-9c8f-4cc2-b91c-038e79c6d064@group-341170A1A634:LeaderElection77] INFO  impl.LeaderElection (LeaderElection.java:logAndReturn(56)) - 025042d3-9c8f-4cc2-b91c-038e79c6d064@group-341170A1A634:LeaderElection77: Election REJECTED; received 1 response(s) [025042d3-9c8f-4cc2-b91c-038e79c6d064<-d7a777ed-f162-4a09-a085-0dd4a74802e5#0:FAIL-t2] and 1 exception(s); 025042d3-9c8f-4cc2-b91c-038e79c6d064@group-341170A1A634:t2, leader=null, voted=025042d3-9c8f-4cc2-b91c-038e79c6d064, raftlog=025042d3-9c8f-4cc2-b91c-038e79c6d064@group-341170A1A634-SegmentedRaftLog:OPENED:c15,f15,i15, conf=0: [bac7da44-233b-4de3-83ed-f92823745413:192.168.151.118:46321, 025042d3-9c8f-4cc2-b91c-038e79c6d064:192.168.151.118:44386, d7a777ed-f162-4a09-a085-0dd4a74802e5:192.168.151.118:43081], old=null
2019-09-30 19:03:04,278 [025042d3-9c8f-4cc2-b91c-038e79c6d064@group-341170A1A634:LeaderElection77] INFO  impl.LeaderElection (LogUtils.java:infoOrTrace(149)) -   Exception 0: {}
java.util.concurrent.ExecutionException: org.apache.ratis.thirdparty.io.grpc.StatusRuntimeException: UNAVAILABLE: io exception
	at java.util.concurrent.FutureTask.report(FutureTask.java:122)
	at java.util.concurrent.FutureTask.get(FutureTask.java:192)
	at org.apache.ratis.server.impl.LeaderElection.waitForResults(LeaderElection.java:263)
	at org.apache.ratis.server.impl.LeaderElection.askForVotes(LeaderElection.java:201)
	at org.apache.ratis.server.impl.LeaderElection.run(LeaderElection.java:133)
	at java.lang.Thread.run(Thread.java:748)
Caused by: org.apache.ratis.thirdparty.io.grpc.StatusRuntimeException: UNAVAILABLE: io exception
	at org.apache.ratis.thirdparty.io.grpc.stub.ClientCalls.toStatusRuntimeException(ClientCalls.java:233)
	at org.apache.ratis.thirdparty.io.grpc.stub.ClientCalls.getUnchecked(ClientCalls.java:214)
	at org.apache.ratis.thirdparty.io.grpc.stub.ClientCalls.blockingUnaryCall(ClientCalls.java:139)
	at org.apache.ratis.proto.grpc.RaftServerProtocolServiceGrpc$RaftServerProtocolServiceBlockingStub.requestVote(RaftServerProtocolServiceGrpc.java:265)
	at org.apache.ratis.grpc.server.GrpcServerProtocolClient.requestVote(GrpcServerProtocolClient.java:90)
	at org.apache.ratis.grpc.server.GrpcService.requestVote(GrpcService.java:204)
	at org.apache.ratis.server.impl.LeaderElection.lambda$submitRequests$1(LeaderElection.java:238)
	at java.util.concurrent.FutureTask.run(FutureTask.java:266)
	at java.util.concurrent.Executors$RunnableAdapter.call(Executors.java:511)
	at java.util.concurrent.FutureTask.run(FutureTask.java:266)
	at java.util.concurrent.ThreadPoolExecutor.runWorker(ThreadPoolExecutor.java:1149)
	at java.util.concurrent.ThreadPoolExecutor$Worker.run(ThreadPoolExecutor.java:624)
	... 1 more
Caused by: org.apache.ratis.thirdparty.io.netty.channel.AbstractChannel$AnnotatedConnectException: Connection refused: /192.168.151.118:46321
	at sun.nio.ch.SocketChannelImpl.checkConnect(Native Method)
	at sun.nio.ch.SocketChannelImpl.finishConnect(SocketChannelImpl.java:717)
	at org.apache.ratis.thirdparty.io.netty.channel.socket.nio.NioSocketChannel.doFinishConnect(NioSocketChannel.java:327)
	at org.apache.ratis.thirdparty.io.netty.channel.nio.AbstractNioChannel$AbstractNioUnsafe.finishConnect(AbstractNioChannel.java:340)
	at org.apache.ratis.thirdparty.io.netty.channel.nio.NioEventLoop.processSelectedKey(NioEventLoop.java:632)
	at org.apache.ratis.thirdparty.io.netty.channel.nio.NioEventLoop.processSelectedKeysOptimized(NioEventLoop.java:579)
	at org.apache.ratis.thirdparty.io.netty.channel.nio.NioEventLoop.processSelectedKeys(NioEventLoop.java:496)
	at org.apache.ratis.thirdparty.io.netty.channel.nio.NioEventLoop.run(NioEventLoop.java:458)
	at org.apache.ratis.thirdparty.io.netty.util.concurrent.SingleThreadEventExecutor$5.run(SingleThreadEventExecutor.java:897)
	at org.apache.ratis.thirdparty.io.netty.util.concurrent.FastThreadLocalRunnable.run(FastThreadLocalRunnable.java:30)
	... 1 more
Caused by: java.net.ConnectException: Connection refused
	... 11 more
2019-09-30 19:03:04,278 [025042d3-9c8f-4cc2-b91c-038e79c6d064@group-341170A1A634:LeaderElection77] INFO  impl.RaftServerImpl (RaftServerImpl.java:setRole(174)) - 025042d3-9c8f-4cc2-b91c-038e79c6d064@group-341170A1A634: changes role from CANDIDATE to FOLLOWER at term 2 for DISCOVERED_A_NEW_TERM
2019-09-30 19:03:04,278 [025042d3-9c8f-4cc2-b91c-038e79c6d064@group-341170A1A634:LeaderElection77] INFO  impl.RoleInfo (RoleInfo.java:shutdownLeaderElection(134)) - 025042d3-9c8f-4cc2-b91c-038e79c6d064: shutdown LeaderElection
2019-09-30 19:03:04,278 [025042d3-9c8f-4cc2-b91c-038e79c6d064@group-341170A1A634:LeaderElection77] INFO  impl.RoleInfo (RoleInfo.java:updateAndGet(143)) - 025042d3-9c8f-4cc2-b91c-038e79c6d064: start FollowerState
2019-09-30 19:03:04,279 [d7a777ed-f162-4a09-a085-0dd4a74802e5@group-341170A1A634:LeaderElection78] INFO  impl.LeaderElection (LogUtils.java:infoOrTrace(149)) - d7a777ed-f162-4a09-a085-0dd4a74802e5@group-341170A1A634:LeaderElection78 got exception when requesting votes: {}
java.util.concurrent.ExecutionException: org.apache.ratis.thirdparty.io.grpc.StatusRuntimeException: UNAVAILABLE: io exception
	at java.util.concurrent.FutureTask.report(FutureTask.java:122)
	at java.util.concurrent.FutureTask.get(FutureTask.java:192)
	at org.apache.ratis.server.impl.LeaderElection.waitForResults(LeaderElection.java:263)
	at org.apache.ratis.server.impl.LeaderElection.askForVotes(LeaderElection.java:201)
	at org.apache.ratis.server.impl.LeaderElection.run(LeaderElection.java:133)
	at java.lang.Thread.run(Thread.java:748)
Caused by: org.apache.ratis.thirdparty.io.grpc.StatusRuntimeException: UNAVAILABLE: io exception
	at org.apache.ratis.thirdparty.io.grpc.stub.ClientCalls.toStatusRuntimeException(ClientCalls.java:233)
	at org.apache.ratis.thirdparty.io.grpc.stub.ClientCalls.getUnchecked(ClientCalls.java:214)
	at org.apache.ratis.thirdparty.io.grpc.stub.ClientCalls.blockingUnaryCall(ClientCalls.java:139)
	at org.apache.ratis.proto.grpc.RaftServerProtocolServiceGrpc$RaftServerProtocolServiceBlockingStub.requestVote(RaftServerProtocolServiceGrpc.java:265)
	at org.apache.ratis.grpc.server.GrpcServerProtocolClient.requestVote(GrpcServerProtocolClient.java:90)
	at org.apache.ratis.grpc.server.GrpcService.requestVote(GrpcService.java:204)
	at org.apache.ratis.server.impl.LeaderElection.lambda$submitRequests$1(LeaderElection.java:238)
	at java.util.concurrent.FutureTask.run(FutureTask.java:266)
	at java.util.concurrent.Executors$RunnableAdapter.call(Executors.java:511)
	at java.util.concurrent.FutureTask.run(FutureTask.java:266)
	at java.util.concurrent.ThreadPoolExecutor.runWorker(ThreadPoolExecutor.java:1149)
	at java.util.concurrent.ThreadPoolExecutor$Worker.run(ThreadPoolExecutor.java:624)
	... 1 more
Caused by: org.apache.ratis.thirdparty.io.netty.channel.AbstractChannel$AnnotatedConnectException: Connection refused: /192.168.151.118:46321
	at sun.nio.ch.SocketChannelImpl.checkConnect(Native Method)
	at sun.nio.ch.SocketChannelImpl.finishConnect(SocketChannelImpl.java:717)
	at org.apache.ratis.thirdparty.io.netty.channel.socket.nio.NioSocketChannel.doFinishConnect(NioSocketChannel.java:327)
	at org.apache.ratis.thirdparty.io.netty.channel.nio.AbstractNioChannel$AbstractNioUnsafe.finishConnect(AbstractNioChannel.java:340)
	at org.apache.ratis.thirdparty.io.netty.channel.nio.NioEventLoop.processSelectedKey(NioEventLoop.java:632)
	at org.apache.ratis.thirdparty.io.netty.channel.nio.NioEventLoop.processSelectedKeysOptimized(NioEventLoop.java:579)
	at org.apache.ratis.thirdparty.io.netty.channel.nio.NioEventLoop.processSelectedKeys(NioEventLoop.java:496)
	at org.apache.ratis.thirdparty.io.netty.channel.nio.NioEventLoop.run(NioEventLoop.java:458)
	at org.apache.ratis.thirdparty.io.netty.util.concurrent.SingleThreadEventExecutor$5.run(SingleThreadEventExecutor.java:897)
	at org.apache.ratis.thirdparty.io.netty.util.concurrent.FastThreadLocalRunnable.run(FastThreadLocalRunnable.java:30)
	... 1 more
Caused by: java.net.ConnectException: Connection refused
	... 11 more
2019-09-30 19:03:04,287 [d7a777ed-f162-4a09-a085-0dd4a74802e5@group-341170A1A634:LeaderElection78] INFO  impl.LeaderElection (LeaderElection.java:logAndReturn(56)) - d7a777ed-f162-4a09-a085-0dd4a74802e5@group-341170A1A634:LeaderElection78: Election REJECTED; received 1 response(s) [d7a777ed-f162-4a09-a085-0dd4a74802e5<-025042d3-9c8f-4cc2-b91c-038e79c6d064#0:FAIL-t2] and 1 exception(s); d7a777ed-f162-4a09-a085-0dd4a74802e5@group-341170A1A634:t2, leader=null, voted=d7a777ed-f162-4a09-a085-0dd4a74802e5, raftlog=d7a777ed-f162-4a09-a085-0dd4a74802e5@group-341170A1A634-SegmentedRaftLog:OPENED:c15,f15,i15, conf=0: [bac7da44-233b-4de3-83ed-f92823745413:192.168.151.118:46321, 025042d3-9c8f-4cc2-b91c-038e79c6d064:192.168.151.118:44386, d7a777ed-f162-4a09-a085-0dd4a74802e5:192.168.151.118:43081], old=null
2019-09-30 19:03:04,288 [d7a777ed-f162-4a09-a085-0dd4a74802e5@group-341170A1A634:LeaderElection78] INFO  impl.LeaderElection (LogUtils.java:infoOrTrace(149)) -   Exception 0: {}
java.util.concurrent.ExecutionException: org.apache.ratis.thirdparty.io.grpc.StatusRuntimeException: UNAVAILABLE: io exception
	at java.util.concurrent.FutureTask.report(FutureTask.java:122)
	at java.util.concurrent.FutureTask.get(FutureTask.java:192)
	at org.apache.ratis.server.impl.LeaderElection.waitForResults(LeaderElection.java:263)
	at org.apache.ratis.server.impl.LeaderElection.askForVotes(LeaderElection.java:201)
	at org.apache.ratis.server.impl.LeaderElection.run(LeaderElection.java:133)
	at java.lang.Thread.run(Thread.java:748)
Caused by: org.apache.ratis.thirdparty.io.grpc.StatusRuntimeException: UNAVAILABLE: io exception
	at org.apache.ratis.thirdparty.io.grpc.stub.ClientCalls.toStatusRuntimeException(ClientCalls.java:233)
	at org.apache.ratis.thirdparty.io.grpc.stub.ClientCalls.getUnchecked(ClientCalls.java:214)
	at org.apache.ratis.thirdparty.io.grpc.stub.ClientCalls.blockingUnaryCall(ClientCalls.java:139)
	at org.apache.ratis.proto.grpc.RaftServerProtocolServiceGrpc$RaftServerProtocolServiceBlockingStub.requestVote(RaftServerProtocolServiceGrpc.java:265)
	at org.apache.ratis.grpc.server.GrpcServerProtocolClient.requestVote(GrpcServerProtocolClient.java:90)
	at org.apache.ratis.grpc.server.GrpcService.requestVote(GrpcService.java:204)
	at org.apache.ratis.server.impl.LeaderElection.lambda$submitRequests$1(LeaderElection.java:238)
	at java.util.concurrent.FutureTask.run(FutureTask.java:266)
	at java.util.concurrent.Executors$RunnableAdapter.call(Executors.java:511)
	at java.util.concurrent.FutureTask.run(FutureTask.java:266)
	at java.util.concurrent.ThreadPoolExecutor.runWorker(ThreadPoolExecutor.java:1149)
	at java.util.concurrent.ThreadPoolExecutor$Worker.run(ThreadPoolExecutor.java:624)
	... 1 more
Caused by: org.apache.ratis.thirdparty.io.netty.channel.AbstractChannel$AnnotatedConnectException: Connection refused: /192.168.151.118:46321
	at sun.nio.ch.SocketChannelImpl.checkConnect(Native Method)
	at sun.nio.ch.SocketChannelImpl.finishConnect(SocketChannelImpl.java:717)
	at org.apache.ratis.thirdparty.io.netty.channel.socket.nio.NioSocketChannel.doFinishConnect(NioSocketChannel.java:327)
	at org.apache.ratis.thirdparty.io.netty.channel.nio.AbstractNioChannel$AbstractNioUnsafe.finishConnect(AbstractNioChannel.java:340)
	at org.apache.ratis.thirdparty.io.netty.channel.nio.NioEventLoop.processSelectedKey(NioEventLoop.java:632)
	at org.apache.ratis.thirdparty.io.netty.channel.nio.NioEventLoop.processSelectedKeysOptimized(NioEventLoop.java:579)
	at org.apache.ratis.thirdparty.io.netty.channel.nio.NioEventLoop.processSelectedKeys(NioEventLoop.java:496)
	at org.apache.ratis.thirdparty.io.netty.channel.nio.NioEventLoop.run(NioEventLoop.java:458)
	at org.apache.ratis.thirdparty.io.netty.util.concurrent.SingleThreadEventExecutor$5.run(SingleThreadEventExecutor.java:897)
	at org.apache.ratis.thirdparty.io.netty.util.concurrent.FastThreadLocalRunnable.run(FastThreadLocalRunnable.java:30)
	... 1 more
Caused by: java.net.ConnectException: Connection refused
	... 11 more
2019-09-30 19:03:04,288 [d7a777ed-f162-4a09-a085-0dd4a74802e5@group-341170A1A634:LeaderElection78] INFO  impl.RaftServerImpl (RaftServerImpl.java:setRole(174)) - d7a777ed-f162-4a09-a085-0dd4a74802e5@group-341170A1A634: changes role from CANDIDATE to FOLLOWER at term 2 for DISCOVERED_A_NEW_TERM
2019-09-30 19:03:04,288 [d7a777ed-f162-4a09-a085-0dd4a74802e5@group-341170A1A634:LeaderElection78] INFO  impl.RoleInfo (RoleInfo.java:shutdownLeaderElection(134)) - d7a777ed-f162-4a09-a085-0dd4a74802e5: shutdown LeaderElection
2019-09-30 19:03:04,288 [d7a777ed-f162-4a09-a085-0dd4a74802e5@group-341170A1A634:LeaderElection78] INFO  impl.RoleInfo (RoleInfo.java:updateAndGet(143)) - d7a777ed-f162-4a09-a085-0dd4a74802e5: start FollowerState
2019-09-30 19:03:09,341 [Thread-3300] INFO  impl.FollowerState (FollowerState.java:run(106)) - 025042d3-9c8f-4cc2-b91c-038e79c6d064:group-341170A1A634 changes to CANDIDATE, lastRpcTime:5062, electionTimeout:5055ms
2019-09-30 19:03:09,344 [Thread-3300] INFO  impl.RoleInfo (RoleInfo.java:shutdownFollowerState(121)) - 025042d3-9c8f-4cc2-b91c-038e79c6d064: shutdown FollowerState
2019-09-30 19:03:09,344 [Thread-3300] INFO  impl.RaftServerImpl (RaftServerImpl.java:setRole(174)) - 025042d3-9c8f-4cc2-b91c-038e79c6d064@group-341170A1A634: changes role from  FOLLOWER to CANDIDATE at term 2 for changeToCandidate
2019-09-30 19:03:09,344 [Thread-3300] INFO  impl.RoleInfo (RoleInfo.java:updateAndGet(143)) - 025042d3-9c8f-4cc2-b91c-038e79c6d064: start LeaderElection
2019-09-30 19:03:09,364 [025042d3-9c8f-4cc2-b91c-038e79c6d064@group-341170A1A634:LeaderElection79] INFO  impl.LeaderElection (LeaderElection.java:askForVotes(182)) - 025042d3-9c8f-4cc2-b91c-038e79c6d064@group-341170A1A634:LeaderElection79: begin an election at term 3 for 0: [bac7da44-233b-4de3-83ed-f92823745413:192.168.151.118:46321, 025042d3-9c8f-4cc2-b91c-038e79c6d064:192.168.151.118:44386, d7a777ed-f162-4a09-a085-0dd4a74802e5:192.168.151.118:43081], old=null
2019-09-30 19:03:09,365 [025042d3-9c8f-4cc2-b91c-038e79c6d064@group-341170A1A634:LeaderElection79] INFO  impl.LeaderElection (LogUtils.java:infoOrTrace(149)) - 025042d3-9c8f-4cc2-b91c-038e79c6d064@group-341170A1A634:LeaderElection79 got exception when requesting votes: {}
java.util.concurrent.ExecutionException: org.apache.ratis.thirdparty.io.grpc.StatusRuntimeException: UNAVAILABLE: io exception
	at java.util.concurrent.FutureTask.report(FutureTask.java:122)
	at java.util.concurrent.FutureTask.get(FutureTask.java:192)
	at org.apache.ratis.server.impl.LeaderElection.waitForResults(LeaderElection.java:263)
	at org.apache.ratis.server.impl.LeaderElection.askForVotes(LeaderElection.java:201)
	at org.apache.ratis.server.impl.LeaderElection.run(LeaderElection.java:133)
	at java.lang.Thread.run(Thread.java:748)
Caused by: org.apache.ratis.thirdparty.io.grpc.StatusRuntimeException: UNAVAILABLE: io exception
	at org.apache.ratis.thirdparty.io.grpc.stub.ClientCalls.toStatusRuntimeException(ClientCalls.java:233)
	at org.apache.ratis.thirdparty.io.grpc.stub.ClientCalls.getUnchecked(ClientCalls.java:214)
	at org.apache.ratis.thirdparty.io.grpc.stub.ClientCalls.blockingUnaryCall(ClientCalls.java:139)
	at org.apache.ratis.proto.grpc.RaftServerProtocolServiceGrpc$RaftServerProtocolServiceBlockingStub.requestVote(RaftServerProtocolServiceGrpc.java:265)
	at org.apache.ratis.grpc.server.GrpcServerProtocolClient.requestVote(GrpcServerProtocolClient.java:90)
	at org.apache.ratis.grpc.server.GrpcService.requestVote(GrpcService.java:204)
	at org.apache.ratis.server.impl.LeaderElection.lambda$submitRequests$1(LeaderElection.java:238)
	at java.util.concurrent.FutureTask.run(FutureTask.java:266)
	at java.util.concurrent.Executors$RunnableAdapter.call(Executors.java:511)
	at java.util.concurrent.FutureTask.run(FutureTask.java:266)
	at java.util.concurrent.ThreadPoolExecutor.runWorker(ThreadPoolExecutor.java:1149)
	at java.util.concurrent.ThreadPoolExecutor$Worker.run(ThreadPoolExecutor.java:624)
	... 1 more
Caused by: org.apache.ratis.thirdparty.io.netty.channel.AbstractChannel$AnnotatedConnectException: Connection refused: /192.168.151.118:46321
	at sun.nio.ch.SocketChannelImpl.checkConnect(Native Method)
	at sun.nio.ch.SocketChannelImpl.finishConnect(SocketChannelImpl.java:717)
	at org.apache.ratis.thirdparty.io.netty.channel.socket.nio.NioSocketChannel.doFinishConnect(NioSocketChannel.java:327)
	at org.apache.ratis.thirdparty.io.netty.channel.nio.AbstractNioChannel$AbstractNioUnsafe.finishConnect(AbstractNioChannel.java:340)
	at org.apache.ratis.thirdparty.io.netty.channel.nio.NioEventLoop.processSelectedKey(NioEventLoop.java:632)
	at org.apache.ratis.thirdparty.io.netty.channel.nio.NioEventLoop.processSelectedKeysOptimized(NioEventLoop.java:579)
	at org.apache.ratis.thirdparty.io.netty.channel.nio.NioEventLoop.processSelectedKeys(NioEventLoop.java:496)
	at org.apache.ratis.thirdparty.io.netty.channel.nio.NioEventLoop.run(NioEventLoop.java:458)
	at org.apache.ratis.thirdparty.io.netty.util.concurrent.SingleThreadEventExecutor$5.run(SingleThreadEventExecutor.java:897)
	at org.apache.ratis.thirdparty.io.netty.util.concurrent.FastThreadLocalRunnable.run(FastThreadLocalRunnable.java:30)
	... 1 more
Caused by: java.net.ConnectException: Connection refused
	... 11 more
2019-09-30 19:03:09,368 [grpc-default-executor-13] INFO  impl.RaftServerImpl (RaftServerImpl.java:setRole(174)) - d7a777ed-f162-4a09-a085-0dd4a74802e5@group-341170A1A634: changes role from  FOLLOWER to FOLLOWER at term 3 for recognizeCandidate:025042d3-9c8f-4cc2-b91c-038e79c6d064
2019-09-30 19:03:09,369 [grpc-default-executor-13] INFO  impl.RoleInfo (RoleInfo.java:shutdownFollowerState(121)) - d7a777ed-f162-4a09-a085-0dd4a74802e5: shutdown FollowerState
2019-09-30 19:03:09,369 [grpc-default-executor-13] INFO  impl.RoleInfo (RoleInfo.java:updateAndGet(143)) - d7a777ed-f162-4a09-a085-0dd4a74802e5: start FollowerState
2019-09-30 19:03:09,369 [Thread-3301] INFO  impl.FollowerState (FollowerState.java:run(115)) - d7a777ed-f162-4a09-a085-0dd4a74802e5: FollowerState was interrupted: java.lang.InterruptedException: sleep interrupted
2019-09-30 19:03:09,377 [025042d3-9c8f-4cc2-b91c-038e79c6d064@group-341170A1A634:LeaderElection79] INFO  impl.LeaderElection (LeaderElection.java:logAndReturn(56)) - 025042d3-9c8f-4cc2-b91c-038e79c6d064@group-341170A1A634:LeaderElection79: Election PASSED; received 1 response(s) [025042d3-9c8f-4cc2-b91c-038e79c6d064<-d7a777ed-f162-4a09-a085-0dd4a74802e5#0:OK-t3] and 1 exception(s); 025042d3-9c8f-4cc2-b91c-038e79c6d064@group-341170A1A634:t3, leader=null, voted=025042d3-9c8f-4cc2-b91c-038e79c6d064, raftlog=025042d3-9c8f-4cc2-b91c-038e79c6d064@group-341170A1A634-SegmentedRaftLog:OPENED:c15,f15,i15, conf=0: [bac7da44-233b-4de3-83ed-f92823745413:192.168.151.118:46321, 025042d3-9c8f-4cc2-b91c-038e79c6d064:192.168.151.118:44386, d7a777ed-f162-4a09-a085-0dd4a74802e5:192.168.151.118:43081], old=null
2019-09-30 19:03:09,377 [025042d3-9c8f-4cc2-b91c-038e79c6d064@group-341170A1A634:LeaderElection79] INFO  impl.LeaderElection (LogUtils.java:infoOrTrace(149)) -   Exception 0: {}
java.util.concurrent.ExecutionException: org.apache.ratis.thirdparty.io.grpc.StatusRuntimeException: UNAVAILABLE: io exception
	at java.util.concurrent.FutureTask.report(FutureTask.java:122)
	at java.util.concurrent.FutureTask.get(FutureTask.java:192)
	at org.apache.ratis.server.impl.LeaderElection.waitForResults(LeaderElection.java:263)
	at org.apache.ratis.server.impl.LeaderElection.askForVotes(LeaderElection.java:201)
	at org.apache.ratis.server.impl.LeaderElection.run(LeaderElection.java:133)
	at java.lang.Thread.run(Thread.java:748)
Caused by: org.apache.ratis.thirdparty.io.grpc.StatusRuntimeException: UNAVAILABLE: io exception
	at org.apache.ratis.thirdparty.io.grpc.stub.ClientCalls.toStatusRuntimeException(ClientCalls.java:233)
	at org.apache.ratis.thirdparty.io.grpc.stub.ClientCalls.getUnchecked(ClientCalls.java:214)
	at org.apache.ratis.thirdparty.io.grpc.stub.ClientCalls.blockingUnaryCall(ClientCalls.java:139)
	at org.apache.ratis.proto.grpc.RaftServerProtocolServiceGrpc$RaftServerProtocolServiceBlockingStub.requestVote(RaftServerProtocolServiceGrpc.java:265)
	at org.apache.ratis.grpc.server.GrpcServerProtocolClient.requestVote(GrpcServerProtocolClient.java:90)
	at org.apache.ratis.grpc.server.GrpcService.requestVote(GrpcService.java:204)
	at org.apache.ratis.server.impl.LeaderElection.lambda$submitRequests$1(LeaderElection.java:238)
	at java.util.concurrent.FutureTask.run(FutureTask.java:266)
	at java.util.concurrent.Executors$RunnableAdapter.call(Executors.java:511)
	at java.util.concurrent.FutureTask.run(FutureTask.java:266)
	at java.util.concurrent.ThreadPoolExecutor.runWorker(ThreadPoolExecutor.java:1149)
	at java.util.concurrent.ThreadPoolExecutor$Worker.run(ThreadPoolExecutor.java:624)
	... 1 more
Caused by: org.apache.ratis.thirdparty.io.netty.channel.AbstractChannel$AnnotatedConnectException: Connection refused: /192.168.151.118:46321
	at sun.nio.ch.SocketChannelImpl.checkConnect(Native Method)
	at sun.nio.ch.SocketChannelImpl.finishConnect(SocketChannelImpl.java:717)
	at org.apache.ratis.thirdparty.io.netty.channel.socket.nio.NioSocketChannel.doFinishConnect(NioSocketChannel.java:327)
	at org.apache.ratis.thirdparty.io.netty.channel.nio.AbstractNioChannel$AbstractNioUnsafe.finishConnect(AbstractNioChannel.java:340)
	at org.apache.ratis.thirdparty.io.netty.channel.nio.NioEventLoop.processSelectedKey(NioEventLoop.java:632)
	at org.apache.ratis.thirdparty.io.netty.channel.nio.NioEventLoop.processSelectedKeysOptimized(NioEventLoop.java:579)
	at org.apache.ratis.thirdparty.io.netty.channel.nio.NioEventLoop.processSelectedKeys(NioEventLoop.java:496)
	at org.apache.ratis.thirdparty.io.netty.channel.nio.NioEventLoop.run(NioEventLoop.java:458)
	at org.apache.ratis.thirdparty.io.netty.util.concurrent.SingleThreadEventExecutor$5.run(SingleThreadEventExecutor.java:897)
	at org.apache.ratis.thirdparty.io.netty.util.concurrent.FastThreadLocalRunnable.run(FastThreadLocalRunnable.java:30)
	... 1 more
Caused by: java.net.ConnectException: Connection refused
	... 11 more
2019-09-30 19:03:09,378 [025042d3-9c8f-4cc2-b91c-038e79c6d064@group-341170A1A634:LeaderElection79] INFO  impl.RoleInfo (RoleInfo.java:shutdownLeaderElection(134)) - 025042d3-9c8f-4cc2-b91c-038e79c6d064: shutdown LeaderElection
2019-09-30 19:03:09,378 [025042d3-9c8f-4cc2-b91c-038e79c6d064@group-341170A1A634:LeaderElection79] INFO  impl.RaftServerImpl (RaftServerImpl.java:setRole(174)) - 025042d3-9c8f-4cc2-b91c-038e79c6d064@group-341170A1A634: changes role from CANDIDATE to LEADER at term 3 for changeToLeader
2019-09-30 19:03:09,378 [025042d3-9c8f-4cc2-b91c-038e79c6d064@group-341170A1A634:LeaderElection79] INFO  impl.RaftServerImpl (ServerState.java:setLeader(253)) - 025042d3-9c8f-4cc2-b91c-038e79c6d064@group-341170A1A634: change Leader from null to 025042d3-9c8f-4cc2-b91c-038e79c6d064 at term 3 for becomeLeader, leader elected after 5137ms
2019-09-30 19:03:09,378 [025042d3-9c8f-4cc2-b91c-038e79c6d064@group-341170A1A634:LeaderElection79] INFO  server.RaftServerConfigKeys (ConfUtils.java:logGet(43)) - raft.server.staging.catchup.gap = 1000 (default)
2019-09-30 19:03:09,378 [025042d3-9c8f-4cc2-b91c-038e79c6d064@group-341170A1A634:LeaderElection79] INFO  server.RaftServerConfigKeys (ConfUtils.java:logGet(43)) - raft.server.rpc.sleep.time = 25ms (default)
2019-09-30 19:03:09,378 [025042d3-9c8f-4cc2-b91c-038e79c6d064@group-341170A1A634:LeaderElection79] INFO  server.RaftServerConfigKeys (ConfUtils.java:logGet(43)) - raft.server.write.element-limit = 4096 (default)
2019-09-30 19:03:09,378 [025042d3-9c8f-4cc2-b91c-038e79c6d064@group-341170A1A634:LeaderElection79] INFO  server.RaftServerConfigKeys (ConfUtils.java:logGet(43)) - raft.server.watch.timeout = 10s (default)
2019-09-30 19:03:09,378 [025042d3-9c8f-4cc2-b91c-038e79c6d064@group-341170A1A634:LeaderElection79] INFO  server.RaftServerConfigKeys (ConfUtils.java:logGet(43)) - raft.server.watch.timeout.denomination = 1s (default)
2019-09-30 19:03:09,379 [025042d3-9c8f-4cc2-b91c-038e79c6d064@group-341170A1A634:LeaderElection79] INFO  server.RaftServerConfigKeys (ConfUtils.java:logGet(43)) - raft.server.watch.element-limit = 65536 (default)
2019-09-30 19:03:09,381 [025042d3-9c8f-4cc2-b91c-038e79c6d064@group-341170A1A634:LeaderElection79] INFO  server.RaftServerConfigKeys (ConfUtils.java:logGet(43)) - raft.server.log.appender.snapshot.chunk.size.max = 16MB (=16777216) (default)
2019-09-30 19:03:09,381 [025042d3-9c8f-4cc2-b91c-038e79c6d064@group-341170A1A634:LeaderElection79] INFO  server.RaftServerConfigKeys (ConfUtils.java:logGet(43)) - raft.server.log.appender.buffer.byte-limit = 33554432 (custom)
2019-09-30 19:03:09,381 [025042d3-9c8f-4cc2-b91c-038e79c6d064@group-341170A1A634:LeaderElection79] INFO  server.RaftServerConfigKeys (ConfUtils.java:logGet(43)) - raft.server.log.appender.buffer.element-limit = 1 (custom)
2019-09-30 19:03:09,381 [025042d3-9c8f-4cc2-b91c-038e79c6d064@group-341170A1A634:LeaderElection79] INFO  grpc.GrpcConfigKeys$Server (ConfUtils.java:logGet(43)) - raft.grpc.server.leader.outstanding.appends.max = 128 (default)
2019-09-30 19:03:09,381 [025042d3-9c8f-4cc2-b91c-038e79c6d064@group-341170A1A634:LeaderElection79] INFO  server.RaftServerConfigKeys (ConfUtils.java:logGet(43)) - raft.server.rpc.request.timeout = 3000ms (default)
2019-09-30 19:03:09,382 [025042d3-9c8f-4cc2-b91c-038e79c6d064@group-341170A1A634:LeaderElection79] INFO  server.RaftServerConfigKeys (ConfUtils.java:logGet(43)) - raft.server.log.appender.install.snapshot.enabled = false (custom)
2019-09-30 19:03:09,382 [025042d3-9c8f-4cc2-b91c-038e79c6d064@group-341170A1A634:LeaderElection79] INFO  server.RaftServerConfigKeys (ConfUtils.java:logGet(43)) - raft.server.log.appender.snapshot.chunk.size.max = 16MB (=16777216) (default)
2019-09-30 19:03:09,382 [025042d3-9c8f-4cc2-b91c-038e79c6d064@group-341170A1A634:LeaderElection79] INFO  server.RaftServerConfigKeys (ConfUtils.java:logGet(43)) - raft.server.log.appender.buffer.byte-limit = 33554432 (custom)
2019-09-30 19:03:09,382 [025042d3-9c8f-4cc2-b91c-038e79c6d064@group-341170A1A634:LeaderElection79] INFO  server.RaftServerConfigKeys (ConfUtils.java:logGet(43)) - raft.server.log.appender.buffer.element-limit = 1 (custom)
2019-09-30 19:03:09,382 [025042d3-9c8f-4cc2-b91c-038e79c6d064@group-341170A1A634:LeaderElection79] INFO  grpc.GrpcConfigKeys$Server (ConfUtils.java:logGet(43)) - raft.grpc.server.leader.outstanding.appends.max = 128 (default)
2019-09-30 19:03:09,382 [025042d3-9c8f-4cc2-b91c-038e79c6d064@group-341170A1A634:LeaderElection79] INFO  server.RaftServerConfigKeys (ConfUtils.java:logGet(43)) - raft.server.rpc.request.timeout = 3000ms (default)
2019-09-30 19:03:09,382 [025042d3-9c8f-4cc2-b91c-038e79c6d064@group-341170A1A634:LeaderElection79] INFO  server.RaftServerConfigKeys (ConfUtils.java:logGet(43)) - raft.server.log.appender.install.snapshot.enabled = false (custom)
2019-09-30 19:03:09,382 [025042d3-9c8f-4cc2-b91c-038e79c6d064@group-341170A1A634:LeaderElection79] INFO  impl.RoleInfo (RoleInfo.java:updateAndGet(143)) - 025042d3-9c8f-4cc2-b91c-038e79c6d064: start LeaderState
2019-09-30 19:03:09,383 [025042d3-9c8f-4cc2-b91c-038e79c6d064@group-341170A1A634:LeaderElection79] INFO  segmented.SegmentedRaftLogWorker (SegmentedRaftLogWorker.java:rollLogSegment(385)) - 025042d3-9c8f-4cc2-b91c-038e79c6d064@group-341170A1A634-SegmentedRaftLogWorker: Rolling segment log-0_15 to index:15
2019-09-30 19:03:09,384 [025042d3-9c8f-4cc2-b91c-038e79c6d064@group-341170A1A634:LeaderElection79] INFO  impl.RaftServerImpl (ServerState.java:setRaftConf(354)) - 025042d3-9c8f-4cc2-b91c-038e79c6d064@group-341170A1A634: set configuration 16: [bac7da44-233b-4de3-83ed-f92823745413:192.168.151.118:46321, 025042d3-9c8f-4cc2-b91c-038e79c6d064:192.168.151.118:44386, d7a777ed-f162-4a09-a085-0dd4a74802e5:192.168.151.118:43081], old=null at 16
2019-09-30 19:03:09,384 [025042d3-9c8f-4cc2-b91c-038e79c6d064@group-341170A1A634-SegmentedRaftLogWorker] INFO  segmented.SegmentedRaftLogWorker (SegmentedRaftLogWorker.java:execute(526)) - 025042d3-9c8f-4cc2-b91c-038e79c6d064@group-341170A1A634-SegmentedRaftLogWorker: Rolled log segment from /workdir/hadoop-ozone/integration-test/target/test-dir/MiniOzoneClusterImpl-5336a62e-69ee-4f83-b879-69e147fbc7dd/datanode-5/data/ratis/7ea2c4b5-4190-4ad1-8bb3-341170a1a634/current/log_inprogress_0 to /workdir/hadoop-ozone/integration-test/target/test-dir/MiniOzoneClusterImpl-5336a62e-69ee-4f83-b879-69e147fbc7dd/datanode-5/data/ratis/7ea2c4b5-4190-4ad1-8bb3-341170a1a634/current/log_0-15
2019-09-30 19:03:09,386 [grpc-default-executor-15] WARN  server.GrpcLogAppender (LogUtils.java:warn(134)) - 025042d3-9c8f-4cc2-b91c-038e79c6d064@group-341170A1A634->bac7da44-233b-4de3-83ed-f92823745413-AppendLogResponseHandler: Failed appendEntries: org.apache.ratis.thirdparty.io.grpc.StatusRuntimeException: UNAVAILABLE: io exception
2019-09-30 19:03:09,386 [grpc-default-executor-13] INFO  impl.RaftServerImpl (ServerState.java:setLeader(253)) - d7a777ed-f162-4a09-a085-0dd4a74802e5@group-341170A1A634: change Leader from null to 025042d3-9c8f-4cc2-b91c-038e79c6d064 at term 3 for appendEntries, leader elected after 5122ms
2019-09-30 19:03:09,386 [grpc-default-executor-15] INFO  impl.FollowerInfo (FollowerInfo.java:lambda$new$0(51)) - 025042d3-9c8f-4cc2-b91c-038e79c6d064@group-341170A1A634->bac7da44-233b-4de3-83ed-f92823745413: nextIndex: updateUnconditionally 16 -> 1
2019-09-30 19:03:09,389 [grpc-default-executor-15] INFO  impl.RaftServerImpl (ServerState.java:setRaftConf(354)) - d7a777ed-f162-4a09-a085-0dd4a74802e5@group-341170A1A634: set configuration 16: [bac7da44-233b-4de3-83ed-f92823745413:192.168.151.118:46321, 025042d3-9c8f-4cc2-b91c-038e79c6d064:192.168.151.118:44386, d7a777ed-f162-4a09-a085-0dd4a74802e5:192.168.151.118:43081], old=null at 16
2019-09-30 19:03:09,390 [grpc-default-executor-15] INFO  segmented.SegmentedRaftLogWorker (SegmentedRaftLogWorker.java:rollLogSegment(385)) - d7a777ed-f162-4a09-a085-0dd4a74802e5@group-341170A1A634-SegmentedRaftLogWorker: Rolling segment log-0_15 to index:15
2019-09-30 19:03:09,390 [d7a777ed-f162-4a09-a085-0dd4a74802e5@group-341170A1A634-SegmentedRaftLogWorker] INFO  segmented.SegmentedRaftLogWorker (SegmentedRaftLogWorker.java:execute(526)) - d7a777ed-f162-4a09-a085-0dd4a74802e5@group-341170A1A634-SegmentedRaftLogWorker: Rolled log segment from /workdir/hadoop-ozone/integration-test/target/test-dir/MiniOzoneClusterImpl-5336a62e-69ee-4f83-b879-69e147fbc7dd/datanode-4/data/ratis/7ea2c4b5-4190-4ad1-8bb3-341170a1a634/current/log_inprogress_0 to /workdir/hadoop-ozone/integration-test/target/test-dir/MiniOzoneClusterImpl-5336a62e-69ee-4f83-b879-69e147fbc7dd/datanode-4/data/ratis/7ea2c4b5-4190-4ad1-8bb3-341170a1a634/current/log_0-15
2019-09-30 19:03:09,416 [025042d3-9c8f-4cc2-b91c-038e79c6d064@group-341170A1A634-SegmentedRaftLogWorker] INFO  segmented.SegmentedRaftLogWorker (SegmentedRaftLogWorker.java:execute(569)) - 025042d3-9c8f-4cc2-b91c-038e79c6d064@group-341170A1A634-SegmentedRaftLogWorker: created new log segment /workdir/hadoop-ozone/integration-test/target/test-dir/MiniOzoneClusterImpl-5336a62e-69ee-4f83-b879-69e147fbc7dd/datanode-5/data/ratis/7ea2c4b5-4190-4ad1-8bb3-341170a1a634/current/log_inprogress_16
2019-09-30 19:03:09,418 [d7a777ed-f162-4a09-a085-0dd4a74802e5@group-341170A1A634-SegmentedRaftLogWorker] INFO  segmented.SegmentedRaftLogWorker (SegmentedRaftLogWorker.java:execute(569)) - d7a777ed-f162-4a09-a085-0dd4a74802e5@group-341170A1A634-SegmentedRaftLogWorker: created new log segment /workdir/hadoop-ozone/integration-test/target/test-dir/MiniOzoneClusterImpl-5336a62e-69ee-4f83-b879-69e147fbc7dd/datanode-4/data/ratis/7ea2c4b5-4190-4ad1-8bb3-341170a1a634/current/log_inprogress_16
2019-09-30 19:03:09,430 [grpc-default-executor-14] WARN  server.GrpcLogAppender (LogUtils.java:warn(134)) - 025042d3-9c8f-4cc2-b91c-038e79c6d064@group-341170A1A634->bac7da44-233b-4de3-83ed-f92823745413-AppendLogResponseHandler: Failed appendEntries: org.apache.ratis.thirdparty.io.grpc.StatusRuntimeException: UNAVAILABLE: io exception
2019-09-30 19:03:09,430 [grpc-default-executor-14] INFO  impl.FollowerInfo (FollowerInfo.java:lambda$new$0(51)) - 025042d3-9c8f-4cc2-b91c-038e79c6d064@group-341170A1A634->bac7da44-233b-4de3-83ed-f92823745413: nextIndex: updateUnconditionally 2 -> 1
19:03:11.381 [grpc-default-executor-15] ERROR DNAudit - user=null | ip=null | op=WRITE_CHUNK {blockData=conID: 1 locID: 102883011090645005 bcsId: 13} | ret=FAILURE
org.apache.hadoop.hdds.scm.container.common.helpers.ContainerNotOpenException: Container 1 in CLOSING state
	at org.apache.hadoop.ozone.container.common.impl.HddsDispatcher.validateContainerCommand(HddsDispatcher.java:434) ~[hadoop-hdds-container-service-0.5.0-SNAPSHOT.jar:?]
	at org.apache.hadoop.ozone.container.common.transport.server.ratis.ContainerStateMachine.startTransaction(ContainerStateMachine.java:315) ~[hadoop-hdds-container-service-0.5.0-SNAPSHOT.jar:?]
	at org.apache.ratis.server.impl.RaftServerImpl.submitClientRequestAsync(RaftServerImpl.java:573) ~[ratis-server-0.4.0.jar:0.4.0]
	at org.apache.ratis.server.impl.RaftServerProxy.lambda$submitClientRequestAsync$7(RaftServerProxy.java:333) ~[ratis-server-0.4.0.jar:0.4.0]
	at org.apache.ratis.server.impl.RaftServerProxy.lambda$null$5(RaftServerProxy.java:328) ~[ratis-server-0.4.0.jar:0.4.0]
	at org.apache.ratis.util.JavaUtils.callAsUnchecked(JavaUtils.java:109) ~[ratis-common-0.4.0.jar:0.4.0]
	at org.apache.ratis.server.impl.RaftServerProxy.lambda$submitRequest$6(RaftServerProxy.java:328) ~[ratis-server-0.4.0.jar:0.4.0]
	at java.util.concurrent.CompletableFuture.uniComposeStage(CompletableFuture.java:981) ~[?:1.8.0_212]
	at java.util.concurrent.CompletableFuture.thenCompose(CompletableFuture.java:2124) ~[?:1.8.0_212]
	at org.apache.ratis.server.impl.RaftServerProxy.submitRequest(RaftServerProxy.java:327) ~[ratis-server-0.4.0.jar:0.4.0]
	at org.apache.ratis.server.impl.RaftServerProxy.submitClientRequestAsync(RaftServerProxy.java:333) ~[ratis-server-0.4.0.jar:0.4.0]
	at org.apache.ratis.grpc.client.GrpcClientProtocolService$RequestStreamObserver.processClientRequest(GrpcClientProtocolService.java:220) ~[ratis-grpc-0.4.0.jar:0.4.0]
	at org.apache.ratis.grpc.client.GrpcClientProtocolService$OrderedRequestStreamObserver.processClientRequest(GrpcClientProtocolService.java:326) ~[ratis-grpc-0.4.0.jar:0.4.0]
	at org.apache.ratis.util.SlidingWindow$Server.processRequestsFromHead(SlidingWindow.java:429) [ratis-common-0.4.0.jar:0.4.0]
	at org.apache.ratis.util.SlidingWindow$Server.receivedRequest(SlidingWindow.java:421) [ratis-common-0.4.0.jar:0.4.0]
	at org.apache.ratis.grpc.client.GrpcClientProtocolService$OrderedRequestStreamObserver.processClientRequest(GrpcClientProtocolService.java:345) [ratis-grpc-0.4.0.jar:0.4.0]
	at org.apache.ratis.grpc.client.GrpcClientProtocolService$RequestStreamObserver.onNext(GrpcClientProtocolService.java:240) [ratis-grpc-0.4.0.jar:0.4.0]
	at org.apache.ratis.grpc.client.GrpcClientProtocolService$RequestStreamObserver.onNext(GrpcClientProtocolService.java:168) [ratis-grpc-0.4.0.jar:0.4.0]
	at org.apache.ratis.thirdparty.io.grpc.stub.ServerCalls$StreamingServerCallHandler$StreamingServerCallListener.onMessage(ServerCalls.java:248) [ratis-thirdparty-misc-0.2.0.jar:0.2.0]
	at org.apache.ratis.thirdparty.io.grpc.internal.ServerCallImpl$ServerStreamListenerImpl.messagesAvailable(ServerCallImpl.java:263) [ratis-thirdparty-misc-0.2.0.jar:0.2.0]
	at org.apache.ratis.thirdparty.io.grpc.internal.ServerImpl$JumpToApplicationThreadServerStreamListener$1MessagesAvailable.runInContext(ServerImpl.java:686) [ratis-thirdparty-misc-0.2.0.jar:0.2.0]
	at org.apache.ratis.thirdparty.io.grpc.internal.ContextRunnable.run(ContextRunnable.java:37) [ratis-thirdparty-misc-0.2.0.jar:0.2.0]
	at org.apache.ratis.thirdparty.io.grpc.internal.SerializingExecutor.run(SerializingExecutor.java:123) [ratis-thirdparty-misc-0.2.0.jar:0.2.0]
	at java.util.concurrent.ThreadPoolExecutor.runWorker(ThreadPoolExecutor.java:1149) [?:1.8.0_212]
	at java.util.concurrent.ThreadPoolExecutor$Worker.run(ThreadPoolExecutor.java:624) [?:1.8.0_212]
	at java.lang.Thread.run(Thread.java:748) [?:1.8.0_212]
19:03:11.398 [grpc-default-executor-14] ERROR DNAudit - user=null | ip=null | op=WRITE_CHUNK {blockData=conID: 1 locID: 102883011090645005 bcsId: 13} | ret=FAILURE
org.apache.hadoop.hdds.scm.container.common.helpers.ContainerNotOpenException: Container 1 in CLOSING state
	at org.apache.hadoop.ozone.container.common.impl.HddsDispatcher.validateContainerCommand(HddsDispatcher.java:434) ~[hadoop-hdds-container-service-0.5.0-SNAPSHOT.jar:?]
	at org.apache.hadoop.ozone.container.common.transport.server.ratis.ContainerStateMachine.startTransaction(ContainerStateMachine.java:315) ~[hadoop-hdds-container-service-0.5.0-SNAPSHOT.jar:?]
	at org.apache.ratis.server.impl.RaftServerImpl.submitClientRequestAsync(RaftServerImpl.java:573) ~[ratis-server-0.4.0.jar:0.4.0]
	at org.apache.ratis.server.impl.RaftServerProxy.lambda$submitClientRequestAsync$7(RaftServerProxy.java:333) ~[ratis-server-0.4.0.jar:0.4.0]
	at org.apache.ratis.server.impl.RaftServerProxy.lambda$null$5(RaftServerProxy.java:328) ~[ratis-server-0.4.0.jar:0.4.0]
	at org.apache.ratis.util.JavaUtils.callAsUnchecked(JavaUtils.java:109) ~[ratis-common-0.4.0.jar:0.4.0]
	at org.apache.ratis.server.impl.RaftServerProxy.lambda$submitRequest$6(RaftServerProxy.java:328) ~[ratis-server-0.4.0.jar:0.4.0]
	at java.util.concurrent.CompletableFuture.uniComposeStage(CompletableFuture.java:981) ~[?:1.8.0_212]
	at java.util.concurrent.CompletableFuture.thenCompose(CompletableFuture.java:2124) ~[?:1.8.0_212]
	at org.apache.ratis.server.impl.RaftServerProxy.submitRequest(RaftServerProxy.java:327) ~[ratis-server-0.4.0.jar:0.4.0]
	at org.apache.ratis.server.impl.RaftServerProxy.submitClientRequestAsync(RaftServerProxy.java:333) ~[ratis-server-0.4.0.jar:0.4.0]
	at org.apache.ratis.grpc.client.GrpcClientProtocolService$RequestStreamObserver.processClientRequest(GrpcClientProtocolService.java:220) ~[ratis-grpc-0.4.0.jar:0.4.0]
	at org.apache.ratis.grpc.client.GrpcClientProtocolService$OrderedRequestStreamObserver.processClientRequest(GrpcClientProtocolService.java:326) ~[ratis-grpc-0.4.0.jar:0.4.0]
	at org.apache.ratis.util.SlidingWindow$Server.processRequestsFromHead(SlidingWindow.java:429) [ratis-common-0.4.0.jar:0.4.0]
	at org.apache.ratis.util.SlidingWindow$Server.receivedRequest(SlidingWindow.java:421) [ratis-common-0.4.0.jar:0.4.0]
	at org.apache.ratis.grpc.client.GrpcClientProtocolService$OrderedRequestStreamObserver.processClientRequest(GrpcClientProtocolService.java:345) [ratis-grpc-0.4.0.jar:0.4.0]
	at org.apache.ratis.grpc.client.GrpcClientProtocolService$RequestStreamObserver.onNext(GrpcClientProtocolService.java:240) [ratis-grpc-0.4.0.jar:0.4.0]
	at org.apache.ratis.grpc.client.GrpcClientProtocolService$RequestStreamObserver.onNext(GrpcClientProtocolService.java:168) [ratis-grpc-0.4.0.jar:0.4.0]
	at org.apache.ratis.thirdparty.io.grpc.stub.ServerCalls$StreamingServerCallHandler$StreamingServerCallListener.onMessage(ServerCalls.java:248) [ratis-thirdparty-misc-0.2.0.jar:0.2.0]
	at org.apache.ratis.thirdparty.io.grpc.internal.ServerCallImpl$ServerStreamListenerImpl.messagesAvailable(ServerCallImpl.java:263) [ratis-thirdparty-misc-0.2.0.jar:0.2.0]
	at org.apache.ratis.thirdparty.io.grpc.internal.ServerImpl$JumpToApplicationThreadServerStreamListener$1MessagesAvailable.runInContext(ServerImpl.java:686) [ratis-thirdparty-misc-0.2.0.jar:0.2.0]
	at org.apache.ratis.thirdparty.io.grpc.internal.ContextRunnable.run(ContextRunnable.java:37) [ratis-thirdparty-misc-0.2.0.jar:0.2.0]
	at org.apache.ratis.thirdparty.io.grpc.internal.SerializingExecutor.run(SerializingExecutor.java:123) [ratis-thirdparty-misc-0.2.0.jar:0.2.0]
	at java.util.concurrent.ThreadPoolExecutor.runWorker(ThreadPoolExecutor.java:1149) [?:1.8.0_212]
	at java.util.concurrent.ThreadPoolExecutor$Worker.run(ThreadPoolExecutor.java:624) [?:1.8.0_212]
	at java.lang.Thread.run(Thread.java:748) [?:1.8.0_212]
19:03:11.409 [grpc-default-executor-14] ERROR DNAudit - user=null | ip=null | op=PUT_BLOCK {blockData=[blockId=conID: 1 locID: 102883011090645005 bcsId: 0,size=650]} | ret=FAILURE
org.apache.hadoop.hdds.scm.container.common.helpers.ContainerNotOpenException: Container 1 in CLOSING state
	at org.apache.hadoop.ozone.container.common.impl.HddsDispatcher.validateContainerCommand(HddsDispatcher.java:434) ~[hadoop-hdds-container-service-0.5.0-SNAPSHOT.jar:?]
	at org.apache.hadoop.ozone.container.common.transport.server.ratis.ContainerStateMachine.startTransaction(ContainerStateMachine.java:315) ~[hadoop-hdds-container-service-0.5.0-SNAPSHOT.jar:?]
	at org.apache.ratis.server.impl.RaftServerImpl.submitClientRequestAsync(RaftServerImpl.java:573) ~[ratis-server-0.4.0.jar:0.4.0]
	at org.apache.ratis.server.impl.RaftServerProxy.lambda$submitClientRequestAsync$7(RaftServerProxy.java:333) ~[ratis-server-0.4.0.jar:0.4.0]
	at org.apache.ratis.server.impl.RaftServerProxy.lambda$null$5(RaftServerProxy.java:328) ~[ratis-server-0.4.0.jar:0.4.0]
	at org.apache.ratis.util.JavaUtils.callAsUnchecked(JavaUtils.java:109) ~[ratis-common-0.4.0.jar:0.4.0]
	at org.apache.ratis.server.impl.RaftServerProxy.lambda$submitRequest$6(RaftServerProxy.java:328) ~[ratis-server-0.4.0.jar:0.4.0]
	at java.util.concurrent.CompletableFuture.uniComposeStage(CompletableFuture.java:981) ~[?:1.8.0_212]
	at java.util.concurrent.CompletableFuture.thenCompose(CompletableFuture.java:2124) ~[?:1.8.0_212]
	at org.apache.ratis.server.impl.RaftServerProxy.submitRequest(RaftServerProxy.java:327) ~[ratis-server-0.4.0.jar:0.4.0]
	at org.apache.ratis.server.impl.RaftServerProxy.submitClientRequestAsync(RaftServerProxy.java:333) ~[ratis-server-0.4.0.jar:0.4.0]
	at org.apache.ratis.grpc.client.GrpcClientProtocolService$RequestStreamObserver.processClientRequest(GrpcClientProtocolService.java:220) ~[ratis-grpc-0.4.0.jar:0.4.0]
	at org.apache.ratis.grpc.client.GrpcClientProtocolService$OrderedRequestStreamObserver.processClientRequest(GrpcClientProtocolService.java:326) ~[ratis-grpc-0.4.0.jar:0.4.0]
	at org.apache.ratis.util.SlidingWindow$Server.processRequestsFromHead(SlidingWindow.java:429) [ratis-common-0.4.0.jar:0.4.0]
	at org.apache.ratis.util.SlidingWindow$Server.receivedRequest(SlidingWindow.java:421) [ratis-common-0.4.0.jar:0.4.0]
	at org.apache.ratis.grpc.client.GrpcClientProtocolService$OrderedRequestStreamObserver.processClientRequest(GrpcClientProtocolService.java:345) [ratis-grpc-0.4.0.jar:0.4.0]
	at org.apache.ratis.grpc.client.GrpcClientProtocolService$RequestStreamObserver.onNext(GrpcClientProtocolService.java:240) [ratis-grpc-0.4.0.jar:0.4.0]
	at org.apache.ratis.grpc.client.GrpcClientProtocolService$RequestStreamObserver.onNext(GrpcClientProtocolService.java:168) [ratis-grpc-0.4.0.jar:0.4.0]
	at org.apache.ratis.thirdparty.io.grpc.stub.ServerCalls$StreamingServerCallHandler$StreamingServerCallListener.onMessage(ServerCalls.java:248) [ratis-thirdparty-misc-0.2.0.jar:0.2.0]
	at org.apache.ratis.thirdparty.io.grpc.internal.ServerCallImpl$ServerStreamListenerImpl.messagesAvailable(ServerCallImpl.java:263) [ratis-thirdparty-misc-0.2.0.jar:0.2.0]
	at org.apache.ratis.thirdparty.io.grpc.internal.ServerImpl$JumpToApplicationThreadServerStreamListener$1MessagesAvailable.runInContext(ServerImpl.java:686) [ratis-thirdparty-misc-0.2.0.jar:0.2.0]
	at org.apache.ratis.thirdparty.io.grpc.internal.ContextRunnable.run(ContextRunnable.java:37) [ratis-thirdparty-misc-0.2.0.jar:0.2.0]
	at org.apache.ratis.thirdparty.io.grpc.internal.SerializingExecutor.run(SerializingExecutor.java:123) [ratis-thirdparty-misc-0.2.0.jar:0.2.0]
	at java.util.concurrent.ThreadPoolExecutor.runWorker(ThreadPoolExecutor.java:1149) [?:1.8.0_212]
	at java.util.concurrent.ThreadPoolExecutor$Worker.run(ThreadPoolExecutor.java:624) [?:1.8.0_212]
	at java.lang.Thread.run(Thread.java:748) [?:1.8.0_212]
19:03:11.411 [grpc-default-executor-14] ERROR DNAudit - user=null | ip=null | op=WRITE_CHUNK {blockData=conID: 1 locID: 102883011090645005 bcsId: 13} | ret=FAILURE
org.apache.hadoop.hdds.scm.container.common.helpers.ContainerNotOpenException: Container 1 in CLOSING state
	at org.apache.hadoop.ozone.container.common.impl.HddsDispatcher.validateContainerCommand(HddsDispatcher.java:434) ~[hadoop-hdds-container-service-0.5.0-SNAPSHOT.jar:?]
	at org.apache.hadoop.ozone.container.common.transport.server.ratis.ContainerStateMachine.startTransaction(ContainerStateMachine.java:315) ~[hadoop-hdds-container-service-0.5.0-SNAPSHOT.jar:?]
	at org.apache.ratis.server.impl.RaftServerImpl.submitClientRequestAsync(RaftServerImpl.java:573) ~[ratis-server-0.4.0.jar:0.4.0]
	at org.apache.ratis.server.impl.RaftServerProxy.lambda$submitClientRequestAsync$7(RaftServerProxy.java:333) ~[ratis-server-0.4.0.jar:0.4.0]
	at org.apache.ratis.server.impl.RaftServerProxy.lambda$null$5(RaftServerProxy.java:328) ~[ratis-server-0.4.0.jar:0.4.0]
	at org.apache.ratis.util.JavaUtils.callAsUnchecked(JavaUtils.java:109) ~[ratis-common-0.4.0.jar:0.4.0]
	at org.apache.ratis.server.impl.RaftServerProxy.lambda$submitRequest$6(RaftServerProxy.java:328) ~[ratis-server-0.4.0.jar:0.4.0]
	at java.util.concurrent.CompletableFuture.uniComposeStage(CompletableFuture.java:981) ~[?:1.8.0_212]
	at java.util.concurrent.CompletableFuture.thenCompose(CompletableFuture.java:2124) ~[?:1.8.0_212]
	at org.apache.ratis.server.impl.RaftServerProxy.submitRequest(RaftServerProxy.java:327) ~[ratis-server-0.4.0.jar:0.4.0]
	at org.apache.ratis.server.impl.RaftServerProxy.submitClientRequestAsync(RaftServerProxy.java:333) ~[ratis-server-0.4.0.jar:0.4.0]
	at org.apache.ratis.grpc.client.GrpcClientProtocolService$RequestStreamObserver.processClientRequest(GrpcClientProtocolService.java:220) ~[ratis-grpc-0.4.0.jar:0.4.0]
	at org.apache.ratis.grpc.client.GrpcClientProtocolService$OrderedRequestStreamObserver.processClientRequest(GrpcClientProtocolService.java:326) ~[ratis-grpc-0.4.0.jar:0.4.0]
	at org.apache.ratis.util.SlidingWindow$Server.processRequestsFromHead(SlidingWindow.java:429) [ratis-common-0.4.0.jar:0.4.0]
	at org.apache.ratis.util.SlidingWindow$Server.receivedRequest(SlidingWindow.java:421) [ratis-common-0.4.0.jar:0.4.0]
	at org.apache.ratis.grpc.client.GrpcClientProtocolService$OrderedRequestStreamObserver.processClientRequest(GrpcClientProtocolService.java:345) [ratis-grpc-0.4.0.jar:0.4.0]
	at org.apache.ratis.grpc.client.GrpcClientProtocolService$RequestStreamObserver.onNext(GrpcClientProtocolService.java:240) [ratis-grpc-0.4.0.jar:0.4.0]
	at org.apache.ratis.grpc.client.GrpcClientProtocolService$RequestStreamObserver.onNext(GrpcClientProtocolService.java:168) [ratis-grpc-0.4.0.jar:0.4.0]
	at org.apache.ratis.thirdparty.io.grpc.stub.ServerCalls$StreamingServerCallHandler$StreamingServerCallListener.onMessage(ServerCalls.java:248) [ratis-thirdparty-misc-0.2.0.jar:0.2.0]
	at org.apache.ratis.thirdparty.io.grpc.internal.ServerCallImpl$ServerStreamListenerImpl.messagesAvailable(ServerCallImpl.java:263) [ratis-thirdparty-misc-0.2.0.jar:0.2.0]
	at org.apache.ratis.thirdparty.io.grpc.internal.ServerImpl$JumpToApplicationThreadServerStreamListener$1MessagesAvailable.runInContext(ServerImpl.java:686) [ratis-thirdparty-misc-0.2.0.jar:0.2.0]
	at org.apache.ratis.thirdparty.io.grpc.internal.ContextRunnable.run(ContextRunnable.java:37) [ratis-thirdparty-misc-0.2.0.jar:0.2.0]
	at org.apache.ratis.thirdparty.io.grpc.internal.SerializingExecutor.run(SerializingExecutor.java:123) [ratis-thirdparty-misc-0.2.0.jar:0.2.0]
	at java.util.concurrent.ThreadPoolExecutor.runWorker(ThreadPoolExecutor.java:1149) [?:1.8.0_212]
	at java.util.concurrent.ThreadPoolExecutor$Worker.run(ThreadPoolExecutor.java:624) [?:1.8.0_212]
	at java.lang.Thread.run(Thread.java:748) [?:1.8.0_212]
19:03:11.426 [grpc-default-executor-14] ERROR DNAudit - user=null | ip=null | op=WRITE_CHUNK {blockData=conID: 1 locID: 102883011090645005 bcsId: 13} | ret=FAILURE
org.apache.hadoop.hdds.scm.container.common.helpers.ContainerNotOpenException: Container 1 in CLOSING state
	at org.apache.hadoop.ozone.container.common.impl.HddsDispatcher.validateContainerCommand(HddsDispatcher.java:434) ~[hadoop-hdds-container-service-0.5.0-SNAPSHOT.jar:?]
	at org.apache.hadoop.ozone.container.common.transport.server.ratis.ContainerStateMachine.startTransaction(ContainerStateMachine.java:315) ~[hadoop-hdds-container-service-0.5.0-SNAPSHOT.jar:?]
	at org.apache.ratis.server.impl.RaftServerImpl.submitClientRequestAsync(RaftServerImpl.java:573) ~[ratis-server-0.4.0.jar:0.4.0]
	at org.apache.ratis.server.impl.RaftServerProxy.lambda$submitClientRequestAsync$7(RaftServerProxy.java:333) ~[ratis-server-0.4.0.jar:0.4.0]
	at org.apache.ratis.server.impl.RaftServerProxy.lambda$null$5(RaftServerProxy.java:328) ~[ratis-server-0.4.0.jar:0.4.0]
	at org.apache.ratis.util.JavaUtils.callAsUnchecked(JavaUtils.java:109) ~[ratis-common-0.4.0.jar:0.4.0]
	at org.apache.ratis.server.impl.RaftServerProxy.lambda$submitRequest$6(RaftServerProxy.java:328) ~[ratis-server-0.4.0.jar:0.4.0]
	at java.util.concurrent.CompletableFuture.uniComposeStage(CompletableFuture.java:981) ~[?:1.8.0_212]
	at java.util.concurrent.CompletableFuture.thenCompose(CompletableFuture.java:2124) ~[?:1.8.0_212]
	at org.apache.ratis.server.impl.RaftServerProxy.submitRequest(RaftServerProxy.java:327) ~[ratis-server-0.4.0.jar:0.4.0]
	at org.apache.ratis.server.impl.RaftServerProxy.submitClientRequestAsync(RaftServerProxy.java:333) ~[ratis-server-0.4.0.jar:0.4.0]
	at org.apache.ratis.grpc.client.GrpcClientProtocolService$RequestStreamObserver.processClientRequest(GrpcClientProtocolService.java:220) ~[ratis-grpc-0.4.0.jar:0.4.0]
	at org.apache.ratis.grpc.client.GrpcClientProtocolService$OrderedRequestStreamObserver.processClientRequest(GrpcClientProtocolService.java:326) ~[ratis-grpc-0.4.0.jar:0.4.0]
	at org.apache.ratis.util.SlidingWindow$Server.processRequestsFromHead(SlidingWindow.java:429) [ratis-common-0.4.0.jar:0.4.0]
	at org.apache.ratis.util.SlidingWindow$Server.receivedRequest(SlidingWindow.java:421) [ratis-common-0.4.0.jar:0.4.0]
	at org.apache.ratis.grpc.client.GrpcClientProtocolService$OrderedRequestStreamObserver.processClientRequest(GrpcClientProtocolService.java:345) [ratis-grpc-0.4.0.jar:0.4.0]
	at org.apache.ratis.grpc.client.GrpcClientProtocolService$RequestStreamObserver.onNext(GrpcClientProtocolService.java:240) [ratis-grpc-0.4.0.jar:0.4.0]
	at org.apache.ratis.grpc.client.GrpcClientProtocolService$RequestStreamObserver.onNext(GrpcClientProtocolService.java:168) [ratis-grpc-0.4.0.jar:0.4.0]
	at org.apache.ratis.thirdparty.io.grpc.stub.ServerCalls$StreamingServerCallHandler$StreamingServerCallListener.onMessage(ServerCalls.java:248) [ratis-thirdparty-misc-0.2.0.jar:0.2.0]
	at org.apache.ratis.thirdparty.io.grpc.internal.ServerCallImpl$ServerStreamListenerImpl.messagesAvailable(ServerCallImpl.java:263) [ratis-thirdparty-misc-0.2.0.jar:0.2.0]
	at org.apache.ratis.thirdparty.io.grpc.internal.ServerImpl$JumpToApplicationThreadServerStreamListener$1MessagesAvailable.runInContext(ServerImpl.java:686) [ratis-thirdparty-misc-0.2.0.jar:0.2.0]
	at org.apache.ratis.thirdparty.io.grpc.internal.ContextRunnable.run(ContextRunnable.java:37) [ratis-thirdparty-misc-0.2.0.jar:0.2.0]
	at org.apache.ratis.thirdparty.io.grpc.internal.SerializingExecutor.run(SerializingExecutor.java:123) [ratis-thirdparty-misc-0.2.0.jar:0.2.0]
	at java.util.concurrent.ThreadPoolExecutor.runWorker(ThreadPoolExecutor.java:1149) [?:1.8.0_212]
	at java.util.concurrent.ThreadPoolExecutor$Worker.run(ThreadPoolExecutor.java:624) [?:1.8.0_212]
	at java.lang.Thread.run(Thread.java:748) [?:1.8.0_212]
19:03:11.434 [grpc-default-executor-14] ERROR DNAudit - user=null | ip=null | op=PUT_BLOCK {blockData=[blockId=conID: 1 locID: 102883011090645005 bcsId: 0,size=800]} | ret=FAILURE
org.apache.hadoop.hdds.scm.container.common.helpers.ContainerNotOpenException: Container 1 in CLOSING state
	at org.apache.hadoop.ozone.container.common.impl.HddsDispatcher.validateContainerCommand(HddsDispatcher.java:434) ~[hadoop-hdds-container-service-0.5.0-SNAPSHOT.jar:?]
	at org.apache.hadoop.ozone.container.common.transport.server.ratis.ContainerStateMachine.startTransaction(ContainerStateMachine.java:315) ~[hadoop-hdds-container-service-0.5.0-SNAPSHOT.jar:?]
	at org.apache.ratis.server.impl.RaftServerImpl.submitClientRequestAsync(RaftServerImpl.java:573) ~[ratis-server-0.4.0.jar:0.4.0]
	at org.apache.ratis.server.impl.RaftServerProxy.lambda$submitClientRequestAsync$7(RaftServerProxy.java:333) ~[ratis-server-0.4.0.jar:0.4.0]
	at org.apache.ratis.server.impl.RaftServerProxy.lambda$null$5(RaftServerProxy.java:328) ~[ratis-server-0.4.0.jar:0.4.0]
	at org.apache.ratis.util.JavaUtils.callAsUnchecked(JavaUtils.java:109) ~[ratis-common-0.4.0.jar:0.4.0]
	at org.apache.ratis.server.impl.RaftServerProxy.lambda$submitRequest$6(RaftServerProxy.java:328) ~[ratis-server-0.4.0.jar:0.4.0]
	at java.util.concurrent.CompletableFuture.uniComposeStage(CompletableFuture.java:981) ~[?:1.8.0_212]
	at java.util.concurrent.CompletableFuture.thenCompose(CompletableFuture.java:2124) ~[?:1.8.0_212]
	at org.apache.ratis.server.impl.RaftServerProxy.submitRequest(RaftServerProxy.java:327) ~[ratis-server-0.4.0.jar:0.4.0]
	at org.apache.ratis.server.impl.RaftServerProxy.submitClientRequestAsync(RaftServerProxy.java:333) ~[ratis-server-0.4.0.jar:0.4.0]
	at org.apache.ratis.grpc.client.GrpcClientProtocolService$RequestStreamObserver.processClientRequest(GrpcClientProtocolService.java:220) ~[ratis-grpc-0.4.0.jar:0.4.0]
	at org.apache.ratis.grpc.client.GrpcClientProtocolService$OrderedRequestStreamObserver.processClientRequest(GrpcClientProtocolService.java:326) ~[ratis-grpc-0.4.0.jar:0.4.0]
	at org.apache.ratis.util.SlidingWindow$Server.processRequestsFromHead(SlidingWindow.java:429) [ratis-common-0.4.0.jar:0.4.0]
	at org.apache.ratis.util.SlidingWindow$Server.receivedRequest(SlidingWindow.java:421) [ratis-common-0.4.0.jar:0.4.0]
	at org.apache.ratis.grpc.client.GrpcClientProtocolService$OrderedRequestStreamObserver.processClientRequest(GrpcClientProtocolService.java:345) [ratis-grpc-0.4.0.jar:0.4.0]
	at org.apache.ratis.grpc.client.GrpcClientProtocolService$RequestStreamObserver.onNext(GrpcClientProtocolService.java:240) [ratis-grpc-0.4.0.jar:0.4.0]
	at org.apache.ratis.grpc.client.GrpcClientProtocolService$RequestStreamObserver.onNext(GrpcClientProtocolService.java:168) [ratis-grpc-0.4.0.jar:0.4.0]
	at org.apache.ratis.thirdparty.io.grpc.stub.ServerCalls$StreamingServerCallHandler$StreamingServerCallListener.onMessage(ServerCalls.java:248) [ratis-thirdparty-misc-0.2.0.jar:0.2.0]
	at org.apache.ratis.thirdparty.io.grpc.internal.ServerCallImpl$ServerStreamListenerImpl.messagesAvailable(ServerCallImpl.java:263) [ratis-thirdparty-misc-0.2.0.jar:0.2.0]
	at org.apache.ratis.thirdparty.io.grpc.internal.ServerImpl$JumpToApplicationThreadServerStreamListener$1MessagesAvailable.runInContext(ServerImpl.java:686) [ratis-thirdparty-misc-0.2.0.jar:0.2.0]
	at org.apache.ratis.thirdparty.io.grpc.internal.ContextRunnable.run(ContextRunnable.java:37) [ratis-thirdparty-misc-0.2.0.jar:0.2.0]
	at org.apache.ratis.thirdparty.io.grpc.internal.SerializingExecutor.run(SerializingExecutor.java:123) [ratis-thirdparty-misc-0.2.0.jar:0.2.0]
	at java.util.concurrent.ThreadPoolExecutor.runWorker(ThreadPoolExecutor.java:1149) [?:1.8.0_212]
	at java.util.concurrent.ThreadPoolExecutor$Worker.run(ThreadPoolExecutor.java:624) [?:1.8.0_212]
	at java.lang.Thread.run(Thread.java:748) [?:1.8.0_212]
2019-09-30 19:03:11,796 [main] INFO  ozone.MiniOzoneClusterImpl (MiniOzoneClusterImpl.java:shutdown(314)) - Shutting down the Mini Ozone Cluster
2019-09-30 19:03:11,796 [main] INFO  ozone.MiniOzoneClusterImpl (MiniOzoneClusterImpl.java:stop(330)) - Stopping the Mini Ozone Cluster
2019-09-30 19:03:11,796 [main] INFO  ozone.MiniOzoneClusterImpl (MiniOzoneClusterImpl.java:stopOM(400)) - Stopping the OzoneManager
2019-09-30 19:03:11,797 [main] INFO  ipc.Server (Server.java:stop(3082)) - Stopping server on 43128
2019-09-30 19:03:11,814 [main] INFO  ratis.OzoneManagerDoubleBuffer (OzoneManagerDoubleBuffer.java:stop(248)) - Stopping OMDoubleBuffer flush thread
2019-09-30 19:03:11,817 [IPC Server listener on 43128] INFO  ipc.Server (Server.java:run(1185)) - Stopping IPC Server listener on 43128
2019-09-30 19:03:11,822 [OMDoubleBufferFlushThread] INFO  ratis.OzoneManagerDoubleBuffer (OzoneManagerDoubleBuffer.java:flushTransactions(191)) - OMDoubleBuffer flush thread OMDoubleBufferFlushThread is interrupted and will exit. OMDoubleBufferFlushThread
2019-09-30 19:03:11,817 [IPC Server Responder] INFO  ipc.Server (Server.java:run(1319)) - Stopping IPC Server Responder
2019-09-30 19:03:11,827 [main] INFO  utils.BackgroundService (BackgroundService.java:shutdown(148)) - Shutting down service KeyDeletingService
2019-09-30 19:03:11,841 [main] INFO  handler.ContextHandler (ContextHandler.java:doStop(910)) - Stopped o.e.j.w.WebAppContext@747f6c5a{/,null,UNAVAILABLE}{/ozoneManager}
2019-09-30 19:03:11,842 [main] INFO  server.AbstractConnector (AbstractConnector.java:doStop(318)) - Stopped ServerConnector@66e341e9{HTTP/1.1,[http/1.1]}{0.0.0.0:0}
2019-09-30 19:03:11,843 [main] INFO  handler.ContextHandler (ContextHandler.java:doStop(910)) - Stopped o.e.j.s.ServletContextHandler@3487442d{/static,file:///workdir/hadoop-ozone/integration-test/target/test-classes/webapps/static,UNAVAILABLE}
2019-09-30 19:03:11,843 [main] INFO  handler.ContextHandler (ContextHandler.java:doStop(910)) - Stopped o.e.j.s.ServletContextHandler@31ab1e67{/logs,file:///workdir/hadoop-ozone/integration-test/target/log,UNAVAILABLE}
2019-09-30 19:03:11,847 [main] INFO  ozone.MiniOzoneClusterImpl (MiniOzoneClusterImpl.java:stopDatanodes(377)) - Stopping the HddsDatanodes
2019-09-30 19:03:11,931 [grpc-default-executor-14] WARN  server.GrpcLogAppender (LogUtils.java:warn(134)) - 025042d3-9c8f-4cc2-b91c-038e79c6d064@group-341170A1A634->bac7da44-233b-4de3-83ed-f92823745413-AppendLogResponseHandler: Failed appendEntries: org.apache.ratis.thirdparty.io.grpc.StatusRuntimeException: UNAVAILABLE: io exception
2019-09-30 19:03:11,931 [grpc-default-executor-14] INFO  impl.FollowerInfo (FollowerInfo.java:lambda$new$0(51)) - 025042d3-9c8f-4cc2-b91c-038e79c6d064@group-341170A1A634->bac7da44-233b-4de3-83ed-f92823745413: nextIndex: updateUnconditionally 1 -> 0
2019-09-30 19:03:12,069 [Datanode State Machine Thread - 0] INFO  statemachine.DatanodeStateMachine (DatanodeStateMachine.java:lambda$startDaemon$0(350)) - Ozone container server started.
2019-09-30 19:03:12,615 [Datanode State Machine Thread - 0] INFO  statemachine.DatanodeStateMachine (DatanodeStateMachine.java:lambda$startDaemon$0(350)) - Ozone container server started.
2019-09-30 19:03:14,432 [grpc-default-executor-13] WARN  server.GrpcLogAppender (LogUtils.java:warn(134)) - 025042d3-9c8f-4cc2-b91c-038e79c6d064@group-341170A1A634->bac7da44-233b-4de3-83ed-f92823745413-AppendLogResponseHandler: Failed appendEntries: org.apache.ratis.thirdparty.io.grpc.StatusRuntimeException: UNAVAILABLE: io exception
2019-09-30 19:03:14,433 [grpc-default-executor-13] INFO  impl.FollowerInfo (FollowerInfo.java:lambda$new$0(51)) - 025042d3-9c8f-4cc2-b91c-038e79c6d064@group-341170A1A634->bac7da44-233b-4de3-83ed-f92823745413: nextIndex: updateUnconditionally 0 -> 0
2019-09-30 19:03:16,085 [EventQueue-StaleNodeForStaleNodeHandler] INFO  node.StaleNodeHandler (StaleNodeHandler.java:onMessage(58)) - Datanode d7a777ed-f162-4a09-a085-0dd4a74802e5{ip: 192.168.151.118, host: pr-hdds-1720-trunk-4nqxd-2896763123, networkLocation: /default-rack, certSerialId: null} moved to stale state. Finalizing its pipelines [PipelineID=c3161565-3da9-4e33-b11a-c1c6dc68c6fd, PipelineID=7ea2c4b5-4190-4ad1-8bb3-341170a1a634]
2019-09-30 19:03:16,086 [EventQueue-StaleNodeForStaleNodeHandler] INFO  pipeline.SCMPipelineManager (SCMPipelineManager.java:finalizeAndDestroyPipeline(315)) - destroying pipeline:Pipeline[ Id: c3161565-3da9-4e33-b11a-c1c6dc68c6fd, Nodes: d7a777ed-f162-4a09-a085-0dd4a74802e5{ip: 192.168.151.118, host: pr-hdds-1720-trunk-4nqxd-2896763123, networkLocation: /default-rack, certSerialId: null}, Type:RATIS, Factor:ONE, State:OPEN]
2019-09-30 19:03:16,086 [EventQueue-StaleNodeForStaleNodeHandler] INFO  pipeline.PipelineStateManager (PipelineStateManager.java:finalizePipeline(123)) - Pipeline Pipeline[ Id: c3161565-3da9-4e33-b11a-c1c6dc68c6fd, Nodes: d7a777ed-f162-4a09-a085-0dd4a74802e5{ip: 192.168.151.118, host: pr-hdds-1720-trunk-4nqxd-2896763123, networkLocation: /default-rack, certSerialId: null}, Type:RATIS, Factor:ONE, State:CLOSED] moved to CLOSED state
2019-09-30 19:03:16,086 [EventQueue-StaleNodeForStaleNodeHandler] INFO  pipeline.SCMPipelineManager (SCMPipelineManager.java:finalizeAndDestroyPipeline(315)) - destroying pipeline:Pipeline[ Id: 7ea2c4b5-4190-4ad1-8bb3-341170a1a634, Nodes: bac7da44-233b-4de3-83ed-f92823745413{ip: 192.168.151.118, host: pr-hdds-1720-trunk-4nqxd-2896763123, networkLocation: /default-rack, certSerialId: null}d7a777ed-f162-4a09-a085-0dd4a74802e5{ip: 192.168.151.118, host: pr-hdds-1720-trunk-4nqxd-2896763123, networkLocation: /default-rack, certSerialId: null}025042d3-9c8f-4cc2-b91c-038e79c6d064{ip: 192.168.151.118, host: pr-hdds-1720-trunk-4nqxd-2896763123, networkLocation: /default-rack, certSerialId: null}, Type:RATIS, Factor:THREE, State:CLOSED]
2019-09-30 19:03:16,686 [EventQueue-StaleNodeForStaleNodeHandler] INFO  node.StaleNodeHandler (StaleNodeHandler.java:onMessage(58)) - Datanode 21fb7ab6-941e-4ef2-9919-d5dae2e9d2ac{ip: 192.168.151.118, host: pr-hdds-1720-trunk-4nqxd-2896763123, networkLocation: /default-rack, certSerialId: null} moved to stale state. Finalizing its pipelines [PipelineID=ca48490f-0064-4276-8a2f-27d9a9bb6650, PipelineID=fc8b61bb-db94-4157-86e2-c484de0ca5d2]
2019-09-30 19:03:16,687 [EventQueue-StaleNodeForStaleNodeHandler] INFO  pipeline.SCMPipelineManager (SCMPipelineManager.java:finalizeAndDestroyPipeline(315)) - destroying pipeline:Pipeline[ Id: ca48490f-0064-4276-8a2f-27d9a9bb6650, Nodes: 21fb7ab6-941e-4ef2-9919-d5dae2e9d2ac{ip: 192.168.151.118, host: pr-hdds-1720-trunk-4nqxd-2896763123, networkLocation: /default-rack, certSerialId: null}, Type:RATIS, Factor:ONE, State:OPEN]
2019-09-30 19:03:16,688 [EventQueue-StaleNodeForStaleNodeHandler] INFO  pipeline.PipelineStateManager (PipelineStateManager.java:finalizePipeline(123)) - Pipeline Pipeline[ Id: ca48490f-0064-4276-8a2f-27d9a9bb6650, Nodes: 21fb7ab6-941e-4ef2-9919-d5dae2e9d2ac{ip: 192.168.151.118, host: pr-hdds-1720-trunk-4nqxd-2896763123, networkLocation: /default-rack, certSerialId: null}, Type:RATIS, Factor:ONE, State:CLOSED] moved to CLOSED state
2019-09-30 19:03:16,688 [EventQueue-StaleNodeForStaleNodeHandler] INFO  pipeline.SCMPipelineManager (SCMPipelineManager.java:finalizeAndDestroyPipeline(315)) - destroying pipeline:Pipeline[ Id: fc8b61bb-db94-4157-86e2-c484de0ca5d2, Nodes: 4d188239-23e4-42be-905f-1996fdec2c9c{ip: 192.168.151.118, host: pr-hdds-1720-trunk-4nqxd-2896763123, networkLocation: /default-rack, certSerialId: null}21fb7ab6-941e-4ef2-9919-d5dae2e9d2ac{ip: 192.168.151.118, host: pr-hdds-1720-trunk-4nqxd-2896763123, networkLocation: /default-rack, certSerialId: null}d2b3b5aa-c8b2-466d-a8da-ebc2ed594bf9{ip: 192.168.151.118, host: pr-hdds-1720-trunk-4nqxd-2896763123, networkLocation: /default-rack, certSerialId: null}, Type:RATIS, Factor:THREE, State:OPEN]
2019-09-30 19:03:16,689 [EventQueue-StaleNodeForStaleNodeHandler] INFO  pipeline.PipelineStateManager (PipelineStateManager.java:finalizePipeline(123)) - Pipeline Pipeline[ Id: fc8b61bb-db94-4157-86e2-c484de0ca5d2, Nodes: 4d188239-23e4-42be-905f-1996fdec2c9c{ip: 192.168.151.118, host: pr-hdds-1720-trunk-4nqxd-2896763123, networkLocation: /default-rack, certSerialId: null}21fb7ab6-941e-4ef2-9919-d5dae2e9d2ac{ip: 192.168.151.118, host: pr-hdds-1720-trunk-4nqxd-2896763123, networkLocation: /default-rack, certSerialId: null}d2b3b5aa-c8b2-466d-a8da-ebc2ed594bf9{ip: 192.168.151.118, host: pr-hdds-1720-trunk-4nqxd-2896763123, networkLocation: /default-rack, certSerialId: null}, Type:RATIS, Factor:THREE, State:CLOSED] moved to CLOSED state
2019-09-30 19:03:16,689 [EventQueue-CloseContainerForCloseContainerEventHandler] INFO  container.CloseContainerEventHandler (CloseContainerEventHandler.java:onMessage(61)) - Close container Event triggered for container : #2
2019-09-30 19:03:16,848 [main] INFO  ozoneimpl.OzoneContainer (OzoneContainer.java:stop(231)) - Attempting to stop container services.
2019-09-30 19:03:16,848 [ForkJoinPool.commonPool-worker-0] INFO  ozoneimpl.OzoneContainer (OzoneContainer.java:stop(231)) - Attempting to stop container services.
2019-09-30 19:03:16,852 [main] INFO  impl.RaftServerProxy (RaftServerProxy.java:lambda$close$4(314)) - d7a777ed-f162-4a09-a085-0dd4a74802e5: close
2019-09-30 19:03:16,853 [ForkJoinPool.commonPool-worker-0] INFO  impl.RaftServerProxy (RaftServerProxy.java:lambda$close$4(314)) - 21fb7ab6-941e-4ef2-9919-d5dae2e9d2ac: close
2019-09-30 19:03:16,853 [main] INFO  impl.RaftServerImpl (RaftServerImpl.java:lambda$shutdown$3(251)) - d7a777ed-f162-4a09-a085-0dd4a74802e5@group-C1C6DC68C6FD: shutdown
2019-09-30 19:03:16,853 [ForkJoinPool.commonPool-worker-0] INFO  impl.RaftServerImpl (RaftServerImpl.java:lambda$shutdown$3(251)) - 21fb7ab6-941e-4ef2-9919-d5dae2e9d2ac@group-27D9A9BB6650: shutdown
2019-09-30 19:03:16,853 [main] INFO  util.JmxRegister (JmxRegister.java:unregister(73)) - Successfully un-registered JMX Bean with object name Ratis:service=RaftServer,group=group-C1C6DC68C6FD,id=d7a777ed-f162-4a09-a085-0dd4a74802e5
2019-09-30 19:03:16,854 [ForkJoinPool.commonPool-worker-0] INFO  util.JmxRegister (JmxRegister.java:unregister(73)) - Successfully un-registered JMX Bean with object name Ratis:service=RaftServer,group=group-27D9A9BB6650,id=21fb7ab6-941e-4ef2-9919-d5dae2e9d2ac
2019-09-30 19:03:16,854 [main] INFO  impl.RoleInfo (RoleInfo.java:shutdownLeaderState(104)) - d7a777ed-f162-4a09-a085-0dd4a74802e5: shutdown LeaderState
2019-09-30 19:03:16,854 [ForkJoinPool.commonPool-worker-0] INFO  impl.RoleInfo (RoleInfo.java:shutdownLeaderState(104)) - 21fb7ab6-941e-4ef2-9919-d5dae2e9d2ac: shutdown LeaderState
2019-09-30 19:03:16,855 [main] INFO  impl.PendingRequests (PendingRequests.java:sendNotLeaderResponses(202)) - d7a777ed-f162-4a09-a085-0dd4a74802e5-PendingRequests: sendNotLeaderResponses
2019-09-30 19:03:16,855 [ForkJoinPool.commonPool-worker-0] INFO  impl.PendingRequests (PendingRequests.java:sendNotLeaderResponses(202)) - 21fb7ab6-941e-4ef2-9919-d5dae2e9d2ac-PendingRequests: sendNotLeaderResponses
2019-09-30 19:03:16,855 [main] INFO  impl.StateMachineUpdater (StateMachineUpdater.java:stopAndJoin(125)) - d7a777ed-f162-4a09-a085-0dd4a74802e5@group-C1C6DC68C6FD-StateMachineUpdater: set stopIndex = 0
2019-09-30 19:03:16,856 [ForkJoinPool.commonPool-worker-0] INFO  impl.StateMachineUpdater (StateMachineUpdater.java:stopAndJoin(125)) - 21fb7ab6-941e-4ef2-9919-d5dae2e9d2ac@group-27D9A9BB6650-StateMachineUpdater: set stopIndex = 0
2019-09-30 19:03:16,856 [main] INFO  impl.RaftServerImpl (ServerState.java:close(385)) - d7a777ed-f162-4a09-a085-0dd4a74802e5@group-C1C6DC68C6FD: closes. applyIndex: 0
2019-09-30 19:03:16,856 [ForkJoinPool.commonPool-worker-0] INFO  impl.RaftServerImpl (ServerState.java:close(385)) - 21fb7ab6-941e-4ef2-9919-d5dae2e9d2ac@group-27D9A9BB6650: closes. applyIndex: 0
2019-09-30 19:03:16,857 [d7a777ed-f162-4a09-a085-0dd4a74802e5@group-C1C6DC68C6FD-SegmentedRaftLogWorker] INFO  segmented.SegmentedRaftLogWorker (SegmentedRaftLogWorker.java:run(313)) - d7a777ed-f162-4a09-a085-0dd4a74802e5@group-C1C6DC68C6FD-SegmentedRaftLogWorker was interrupted, exiting. There are 0 tasks remaining in the queue.
2019-09-30 19:03:16,857 [21fb7ab6-941e-4ef2-9919-d5dae2e9d2ac@group-27D9A9BB6650-SegmentedRaftLogWorker] INFO  segmented.SegmentedRaftLogWorker (SegmentedRaftLogWorker.java:run(313)) - 21fb7ab6-941e-4ef2-9919-d5dae2e9d2ac@group-27D9A9BB6650-SegmentedRaftLogWorker was interrupted, exiting. There are 0 tasks remaining in the queue.
2019-09-30 19:03:16,860 [ForkJoinPool.commonPool-worker-0] INFO  segmented.SegmentedRaftLogWorker (SegmentedRaftLogWorker.java:close(228)) - 21fb7ab6-941e-4ef2-9919-d5dae2e9d2ac@group-27D9A9BB6650-SegmentedRaftLogWorker close()
2019-09-30 19:03:16,860 [main] INFO  segmented.SegmentedRaftLogWorker (SegmentedRaftLogWorker.java:close(228)) - d7a777ed-f162-4a09-a085-0dd4a74802e5@group-C1C6DC68C6FD-SegmentedRaftLogWorker close()
2019-09-30 19:03:16,864 [ForkJoinPool.commonPool-worker-0] INFO  impl.RaftServerImpl (RaftServerImpl.java:lambda$shutdown$3(251)) - 21fb7ab6-941e-4ef2-9919-d5dae2e9d2ac@group-C484DE0CA5D2: shutdown
2019-09-30 19:03:16,868 [main] INFO  impl.RaftServerImpl (RaftServerImpl.java:lambda$shutdown$3(251)) - d7a777ed-f162-4a09-a085-0dd4a74802e5@group-341170A1A634: shutdown
2019-09-30 19:03:16,868 [ForkJoinPool.commonPool-worker-0] INFO  util.JmxRegister (JmxRegister.java:unregister(73)) - Successfully un-registered JMX Bean with object name Ratis:service=RaftServer,group=group-C484DE0CA5D2,id=21fb7ab6-941e-4ef2-9919-d5dae2e9d2ac
2019-09-30 19:03:16,869 [main] INFO  util.JmxRegister (JmxRegister.java:unregister(73)) - Successfully un-registered JMX Bean with object name Ratis:service=RaftServer,group=group-341170A1A634,id=d7a777ed-f162-4a09-a085-0dd4a74802e5
2019-09-30 19:03:16,869 [ForkJoinPool.commonPool-worker-0] INFO  impl.RoleInfo (RoleInfo.java:shutdownFollowerState(121)) - 21fb7ab6-941e-4ef2-9919-d5dae2e9d2ac: shutdown FollowerState
2019-09-30 19:03:16,869 [main] INFO  impl.RoleInfo (RoleInfo.java:shutdownFollowerState(121)) - d7a777ed-f162-4a09-a085-0dd4a74802e5: shutdown FollowerState
2019-09-30 19:03:16,870 [21fb7ab6-941e-4ef2-9919-d5dae2e9d2ac@group-C484DE0CA5D2-StateMachineUpdater] INFO  ratis.ContainerStateMachine (ContainerStateMachine.java:takeSnapshot(289)) - group-C484DE0CA5D2: Taking a snapshot at:(t:1, i:13) file /workdir/hadoop-ozone/integration-test/target/test-dir/MiniOzoneClusterImpl-5336a62e-69ee-4f83-b879-69e147fbc7dd/datanode-1/data/ratis/fc8b61bb-db94-4157-86e2-c484de0ca5d2/sm/snapshot.1_13
2019-09-30 19:03:16,870 [d7a777ed-f162-4a09-a085-0dd4a74802e5@group-341170A1A634-StateMachineUpdater] INFO  ratis.ContainerStateMachine (ContainerStateMachine.java:takeSnapshot(289)) - group-341170A1A634: Taking a snapshot at:(t:1, i:13) file /workdir/hadoop-ozone/integration-test/target/test-dir/MiniOzoneClusterImpl-5336a62e-69ee-4f83-b879-69e147fbc7dd/datanode-4/data/ratis/7ea2c4b5-4190-4ad1-8bb3-341170a1a634/sm/snapshot.1_13
2019-09-30 19:03:16,870 [Thread-3171] INFO  impl.FollowerState (FollowerState.java:run(115)) - 21fb7ab6-941e-4ef2-9919-d5dae2e9d2ac: FollowerState was interrupted: java.lang.InterruptedException: sleep interrupted
2019-09-30 19:03:16,870 [ForkJoinPool.commonPool-worker-0] INFO  impl.StateMachineUpdater (StateMachineUpdater.java:stopAndJoin(125)) - 21fb7ab6-941e-4ef2-9919-d5dae2e9d2ac@group-C484DE0CA5D2-StateMachineUpdater: set stopIndex = 15
2019-09-30 19:03:16,870 [Thread-3319] INFO  impl.FollowerState (FollowerState.java:run(115)) - d7a777ed-f162-4a09-a085-0dd4a74802e5: FollowerState was interrupted: java.lang.InterruptedException: sleep interrupted
2019-09-30 19:03:16,870 [main] INFO  impl.StateMachineUpdater (StateMachineUpdater.java:stopAndJoin(125)) - d7a777ed-f162-4a09-a085-0dd4a74802e5@group-341170A1A634-StateMachineUpdater: set stopIndex = 17
2019-09-30 19:03:16,888 [d7a777ed-f162-4a09-a085-0dd4a74802e5@group-341170A1A634-StateMachineUpdater] INFO  ratis.ContainerStateMachine (ContainerStateMachine.java:takeSnapshot(300)) - group-341170A1A634: Finished taking a snapshot at:(t:1, i:13) file:/workdir/hadoop-ozone/integration-test/target/test-dir/MiniOzoneClusterImpl-5336a62e-69ee-4f83-b879-69e147fbc7dd/datanode-4/data/ratis/7ea2c4b5-4190-4ad1-8bb3-341170a1a634/sm/snapshot.1_13 time:17
2019-09-30 19:03:16,888 [21fb7ab6-941e-4ef2-9919-d5dae2e9d2ac@group-C484DE0CA5D2-StateMachineUpdater] INFO  ratis.ContainerStateMachine (ContainerStateMachine.java:takeSnapshot(300)) - group-C484DE0CA5D2: Finished taking a snapshot at:(t:1, i:13) file:/workdir/hadoop-ozone/integration-test/target/test-dir/MiniOzoneClusterImpl-5336a62e-69ee-4f83-b879-69e147fbc7dd/datanode-1/data/ratis/fc8b61bb-db94-4157-86e2-c484de0ca5d2/sm/snapshot.1_13 time:17
2019-09-30 19:03:16,888 [d7a777ed-f162-4a09-a085-0dd4a74802e5@group-341170A1A634-StateMachineUpdater] INFO  impl.StateMachineUpdater (StateMachineUpdater.java:takeSnapshot(258)) - d7a777ed-f162-4a09-a085-0dd4a74802e5@group-341170A1A634-StateMachineUpdater: Took a snapshot at index 13
2019-09-30 19:03:16,888 [21fb7ab6-941e-4ef2-9919-d5dae2e9d2ac@group-C484DE0CA5D2-StateMachineUpdater] INFO  impl.StateMachineUpdater (StateMachineUpdater.java:takeSnapshot(258)) - 21fb7ab6-941e-4ef2-9919-d5dae2e9d2ac@group-C484DE0CA5D2-StateMachineUpdater: Took a snapshot at index 13
2019-09-30 19:03:16,888 [d7a777ed-f162-4a09-a085-0dd4a74802e5@group-341170A1A634-StateMachineUpdater] INFO  impl.StateMachineUpdater (StateMachineUpdater.java:lambda$new$0(83)) - d7a777ed-f162-4a09-a085-0dd4a74802e5@group-341170A1A634-StateMachineUpdater: snapshotIndex: updateIncreasingly -1 -> 13
2019-09-30 19:03:16,888 [21fb7ab6-941e-4ef2-9919-d5dae2e9d2ac@group-C484DE0CA5D2-StateMachineUpdater] INFO  impl.StateMachineUpdater (StateMachineUpdater.java:lambda$new$0(83)) - 21fb7ab6-941e-4ef2-9919-d5dae2e9d2ac@group-C484DE0CA5D2-StateMachineUpdater: snapshotIndex: updateIncreasingly -1 -> 13
2019-09-30 19:03:16,889 [21fb7ab6-941e-4ef2-9919-d5dae2e9d2ac@group-C484DE0CA5D2-StateMachineUpdater] INFO  ratis.ContainerStateMachine (ContainerStateMachine.java:takeSnapshot(289)) - group-C484DE0CA5D2: Taking a snapshot at:(t:1, i:13) file /workdir/hadoop-ozone/integration-test/target/test-dir/MiniOzoneClusterImpl-5336a62e-69ee-4f83-b879-69e147fbc7dd/datanode-1/data/ratis/fc8b61bb-db94-4157-86e2-c484de0ca5d2/sm/snapshot.1_13
2019-09-30 19:03:16,889 [d7a777ed-f162-4a09-a085-0dd4a74802e5@group-341170A1A634-StateMachineUpdater] INFO  ratis.ContainerStateMachine (ContainerStateMachine.java:takeSnapshot(289)) - group-341170A1A634: Taking a snapshot at:(t:1, i:13) file /workdir/hadoop-ozone/integration-test/target/test-dir/MiniOzoneClusterImpl-5336a62e-69ee-4f83-b879-69e147fbc7dd/datanode-4/data/ratis/7ea2c4b5-4190-4ad1-8bb3-341170a1a634/sm/snapshot.1_13
2019-09-30 19:03:16,911 [d7a777ed-f162-4a09-a085-0dd4a74802e5@group-341170A1A634-StateMachineUpdater] INFO  ratis.ContainerStateMachine (ContainerStateMachine.java:takeSnapshot(300)) - group-341170A1A634: Finished taking a snapshot at:(t:1, i:13) file:/workdir/hadoop-ozone/integration-test/target/test-dir/MiniOzoneClusterImpl-5336a62e-69ee-4f83-b879-69e147fbc7dd/datanode-4/data/ratis/7ea2c4b5-4190-4ad1-8bb3-341170a1a634/sm/snapshot.1_13 time:21
2019-09-30 19:03:16,911 [21fb7ab6-941e-4ef2-9919-d5dae2e9d2ac@group-C484DE0CA5D2-StateMachineUpdater] INFO  ratis.ContainerStateMachine (ContainerStateMachine.java:takeSnapshot(300)) - group-C484DE0CA5D2: Finished taking a snapshot at:(t:1, i:13) file:/workdir/hadoop-ozone/integration-test/target/test-dir/MiniOzoneClusterImpl-5336a62e-69ee-4f83-b879-69e147fbc7dd/datanode-1/data/ratis/fc8b61bb-db94-4157-86e2-c484de0ca5d2/sm/snapshot.1_13 time:21
2019-09-30 19:03:16,911 [d7a777ed-f162-4a09-a085-0dd4a74802e5@group-341170A1A634-StateMachineUpdater] INFO  impl.StateMachineUpdater (StateMachineUpdater.java:takeSnapshot(258)) - d7a777ed-f162-4a09-a085-0dd4a74802e5@group-341170A1A634-StateMachineUpdater: Took a snapshot at index 13
2019-09-30 19:03:16,911 [d7a777ed-f162-4a09-a085-0dd4a74802e5@group-341170A1A634-StateMachineUpdater] INFO  impl.StateMachineUpdater (StateMachineUpdater.java:lambda$new$0(83)) - d7a777ed-f162-4a09-a085-0dd4a74802e5@group-341170A1A634-StateMachineUpdater: snapshotIndex: updateIncreasingly 13 -> 13
2019-09-30 19:03:16,911 [21fb7ab6-941e-4ef2-9919-d5dae2e9d2ac@group-C484DE0CA5D2-StateMachineUpdater] INFO  impl.StateMachineUpdater (StateMachineUpdater.java:takeSnapshot(258)) - 21fb7ab6-941e-4ef2-9919-d5dae2e9d2ac@group-C484DE0CA5D2-StateMachineUpdater: Took a snapshot at index 13
2019-09-30 19:03:16,911 [21fb7ab6-941e-4ef2-9919-d5dae2e9d2ac@group-C484DE0CA5D2-StateMachineUpdater] INFO  impl.StateMachineUpdater (StateMachineUpdater.java:lambda$new$0(83)) - 21fb7ab6-941e-4ef2-9919-d5dae2e9d2ac@group-C484DE0CA5D2-StateMachineUpdater: snapshotIndex: updateIncreasingly 13 -> 13
2019-09-30 19:03:16,911 [main] INFO  impl.RaftServerImpl (ServerState.java:close(385)) - d7a777ed-f162-4a09-a085-0dd4a74802e5@group-341170A1A634: closes. applyIndex: 17
2019-09-30 19:03:16,912 [ForkJoinPool.commonPool-worker-0] INFO  impl.RaftServerImpl (ServerState.java:close(385)) - 21fb7ab6-941e-4ef2-9919-d5dae2e9d2ac@group-C484DE0CA5D2: closes. applyIndex: 15
2019-09-30 19:03:16,912 [d7a777ed-f162-4a09-a085-0dd4a74802e5@group-341170A1A634-SegmentedRaftLogWorker] INFO  segmented.SegmentedRaftLogWorker (SegmentedRaftLogWorker.java:run(313)) - d7a777ed-f162-4a09-a085-0dd4a74802e5@group-341170A1A634-SegmentedRaftLogWorker was interrupted, exiting. There are 0 tasks remaining in the queue.
2019-09-30 19:03:16,913 [21fb7ab6-941e-4ef2-9919-d5dae2e9d2ac@group-C484DE0CA5D2-SegmentedRaftLogWorker] INFO  segmented.SegmentedRaftLogWorker (SegmentedRaftLogWorker.java:run(313)) - 21fb7ab6-941e-4ef2-9919-d5dae2e9d2ac@group-C484DE0CA5D2-SegmentedRaftLogWorker was interrupted, exiting. There are 0 tasks remaining in the queue.
2019-09-30 19:03:16,915 [main] INFO  segmented.SegmentedRaftLogWorker (SegmentedRaftLogWorker.java:close(228)) - d7a777ed-f162-4a09-a085-0dd4a74802e5@group-341170A1A634-SegmentedRaftLogWorker close()
2019-09-30 19:03:16,917 [ForkJoinPool.commonPool-worker-0] INFO  segmented.SegmentedRaftLogWorker (SegmentedRaftLogWorker.java:close(228)) - 21fb7ab6-941e-4ef2-9919-d5dae2e9d2ac@group-C484DE0CA5D2-SegmentedRaftLogWorker close()
2019-09-30 19:03:16,921 [main] INFO  server.GrpcService (GrpcService.java:closeImpl(164)) - d7a777ed-f162-4a09-a085-0dd4a74802e5: shutdown server with port 43081 now
2019-09-30 19:03:16,925 [ForkJoinPool.commonPool-worker-0] INFO  server.GrpcService (GrpcService.java:closeImpl(164)) - 21fb7ab6-941e-4ef2-9919-d5dae2e9d2ac: shutdown server with port 44674 now
2019-09-30 19:03:16,928 [grpc-default-executor-13] WARN  server.GrpcServerProtocolService (LogUtils.java:warn(134)) - d7a777ed-f162-4a09-a085-0dd4a74802e5: installSnapshot onError, lastRequest: 025042d3-9c8f-4cc2-b91c-038e79c6d064->d7a777ed-f162-4a09-a085-0dd4a74802e5#4-t3, previous=(t:3, i:17), leaderCommit=17, initializing? false, entries: <empty>: org.apache.ratis.thirdparty.io.grpc.StatusRuntimeException: CANCELLED: cancelled before receiving half close
2019-09-30 19:03:16,928 [grpc-default-executor-8] WARN  server.GrpcServerProtocolService (LogUtils.java:warn(134)) - 21fb7ab6-941e-4ef2-9919-d5dae2e9d2ac: installSnapshot onError, lastRequest: 4d188239-23e4-42be-905f-1996fdec2c9c->21fb7ab6-941e-4ef2-9919-d5dae2e9d2ac#27-t1, previous=(t:1, i:15), leaderCommit=15, initializing? false, entries: <empty>: org.apache.ratis.thirdparty.io.grpc.StatusRuntimeException: CANCELLED: cancelled before receiving half close
2019-09-30 19:03:16,928 [ForkJoinPool.commonPool-worker-0] INFO  server.GrpcService (GrpcService.java:closeImpl(172)) - 21fb7ab6-941e-4ef2-9919-d5dae2e9d2ac: shutdown server with port 44674 successfully
2019-09-30 19:03:16,928 [main] INFO  server.GrpcService (GrpcService.java:closeImpl(172)) - d7a777ed-f162-4a09-a085-0dd4a74802e5: shutdown server with port 43081 successfully
2019-09-30 19:03:16,929 [grpc-default-executor-15] WARN  server.GrpcLogAppender (LogUtils.java:warn(134)) - 025042d3-9c8f-4cc2-b91c-038e79c6d064@group-341170A1A634->d7a777ed-f162-4a09-a085-0dd4a74802e5-AppendLogResponseHandler: Failed appendEntries: org.apache.ratis.thirdparty.io.grpc.StatusRuntimeException: CANCELLED: HTTP/2 error code: CANCEL
Received Rst Stream
2019-09-30 19:03:16,929 [grpc-default-executor-16] WARN  server.GrpcLogAppender (LogUtils.java:warn(134)) - 4d188239-23e4-42be-905f-1996fdec2c9c@group-C484DE0CA5D2->21fb7ab6-941e-4ef2-9919-d5dae2e9d2ac-AppendLogResponseHandler: Failed appendEntries: org.apache.ratis.thirdparty.io.grpc.StatusRuntimeException: CANCELLED: HTTP/2 error code: CANCEL
Received Rst Stream
2019-09-30 19:03:16,930 [grpc-default-executor-15] INFO  impl.FollowerInfo (FollowerInfo.java:lambda$new$0(51)) - 025042d3-9c8f-4cc2-b91c-038e79c6d064@group-341170A1A634->d7a777ed-f162-4a09-a085-0dd4a74802e5: nextIndex: updateUnconditionally 18 -> 17
2019-09-30 19:03:16,945 [grpc-default-executor-16] INFO  impl.FollowerInfo (FollowerInfo.java:lambda$new$0(51)) - 4d188239-23e4-42be-905f-1996fdec2c9c@group-C484DE0CA5D2->21fb7ab6-941e-4ef2-9919-d5dae2e9d2ac: nextIndex: updateUnconditionally 16 -> 15
2019-09-30 19:03:16,946 [refreshUsed-/workdir/hadoop-ozone/integration-test/target/test-dir/MiniOzoneClusterImpl-5336a62e-69ee-4f83-b879-69e147fbc7dd/datanode-4/data/containers] WARN  fs.CachingGetSpaceUsed (CachingGetSpaceUsed.java:run(183)) - Thread Interrupted waiting to refresh disk information: sleep interrupted
2019-09-30 19:03:16,947 [refreshUsed-/workdir/hadoop-ozone/integration-test/target/test-dir/MiniOzoneClusterImpl-5336a62e-69ee-4f83-b879-69e147fbc7dd/datanode-1/data/containers] WARN  fs.CachingGetSpaceUsed (CachingGetSpaceUsed.java:run(183)) - Thread Interrupted waiting to refresh disk information: sleep interrupted
2019-09-30 19:03:16,953 [grpc-default-executor-15] WARN  server.GrpcLogAppender (LogUtils.java:warn(134)) - 025042d3-9c8f-4cc2-b91c-038e79c6d064@group-341170A1A634->bac7da44-233b-4de3-83ed-f92823745413-AppendLogResponseHandler: Failed appendEntries: org.apache.ratis.thirdparty.io.grpc.StatusRuntimeException: UNAVAILABLE: io exception
2019-09-30 19:03:16,953 [grpc-default-executor-8] WARN  server.GrpcLogAppender (LogUtils.java:warn(134)) - 025042d3-9c8f-4cc2-b91c-038e79c6d064@group-341170A1A634->d7a777ed-f162-4a09-a085-0dd4a74802e5-AppendLogResponseHandler: Failed appendEntries: org.apache.ratis.thirdparty.io.grpc.StatusRuntimeException: UNAVAILABLE: io exception
2019-09-30 19:03:16,953 [grpc-default-executor-15] INFO  impl.FollowerInfo (FollowerInfo.java:lambda$new$0(51)) - 025042d3-9c8f-4cc2-b91c-038e79c6d064@group-341170A1A634->bac7da44-233b-4de3-83ed-f92823745413: nextIndex: updateUnconditionally 0 -> 0
2019-09-30 19:03:16,954 [grpc-default-executor-8] INFO  impl.FollowerInfo (FollowerInfo.java:lambda$new$0(51)) - 025042d3-9c8f-4cc2-b91c-038e79c6d064@group-341170A1A634->d7a777ed-f162-4a09-a085-0dd4a74802e5: nextIndex: updateUnconditionally 17 -> 16
2019-09-30 19:03:16,963 [main] INFO  utils.BackgroundService (BackgroundService.java:shutdown(148)) - Shutting down service BlockDeletingService
2019-09-30 19:03:16,969 [main] INFO  statemachine.DatanodeStateMachine (DatanodeStateMachine.java:stopDaemon(395)) - Ozone container server stopped.
2019-09-30 19:03:16,972 [ForkJoinPool.commonPool-worker-0] INFO  utils.BackgroundService (BackgroundService.java:shutdown(148)) - Shutting down service BlockDeletingService
2019-09-30 19:03:16,972 [main] INFO  handler.ContextHandler (ContextHandler.java:doStop(910)) - Stopped o.e.j.w.WebAppContext@307cf964{/,null,UNAVAILABLE}{/hddsDatanode}
2019-09-30 19:03:16,976 [ForkJoinPool.commonPool-worker-0] INFO  statemachine.DatanodeStateMachine (DatanodeStateMachine.java:stopDaemon(395)) - Ozone container server stopped.
2019-09-30 19:03:16,979 [main] INFO  server.AbstractConnector (AbstractConnector.java:doStop(318)) - Stopped ServerConnector@374ccb9{HTTP/1.1,[http/1.1]}{0.0.0.0:0}
2019-09-30 19:03:16,980 [main] INFO  handler.ContextHandler (ContextHandler.java:doStop(910)) - Stopped o.e.j.s.ServletContextHandler@22a4ca4a{/static,jar:file:/home/user/.m2/repository/org/apache/hadoop/hadoop-hdds-container-service/0.5.0-SNAPSHOT/hadoop-hdds-container-service-0.5.0-SNAPSHOT.jar!/webapps/static,UNAVAILABLE}
2019-09-30 19:03:16,981 [ForkJoinPool.commonPool-worker-0] INFO  handler.ContextHandler (ContextHandler.java:doStop(910)) - Stopped o.e.j.w.WebAppContext@3e53c4ad{/,null,UNAVAILABLE}{/hddsDatanode}
2019-09-30 19:03:16,981 [main] INFO  handler.ContextHandler (ContextHandler.java:doStop(910)) - Stopped o.e.j.s.ServletContextHandler@7f22687e{/logs,file:///workdir/hadoop-ozone/integration-test/target/log,UNAVAILABLE}
2019-09-30 19:03:16,982 [ForkJoinPool.commonPool-worker-0] INFO  server.AbstractConnector (AbstractConnector.java:doStop(318)) - Stopped ServerConnector@33eb0d4{HTTP/1.1,[http/1.1]}{0.0.0.0:0}
2019-09-30 19:03:16,984 [ForkJoinPool.commonPool-worker-0] INFO  handler.ContextHandler (ContextHandler.java:doStop(910)) - Stopped o.e.j.s.ServletContextHandler@c568f91{/static,jar:file:/home/user/.m2/repository/org/apache/hadoop/hadoop-hdds-container-service/0.5.0-SNAPSHOT/hadoop-hdds-container-service-0.5.0-SNAPSHOT.jar!/webapps/static,UNAVAILABLE}
2019-09-30 19:03:16,986 [ForkJoinPool.commonPool-worker-0] INFO  handler.ContextHandler (ContextHandler.java:doStop(910)) - Stopped o.e.j.s.ServletContextHandler@7f4a1cac{/logs,file:///workdir/hadoop-ozone/integration-test/target/log,UNAVAILABLE}
2019-09-30 19:03:17,269 [Datanode State Machine Thread - 0] INFO  statemachine.DatanodeStateMachine (DatanodeStateMachine.java:lambda$startDaemon$0(350)) - Ozone container server started.
2019-09-30 19:03:17,615 [Datanode State Machine Thread - 0] INFO  statemachine.DatanodeStateMachine (DatanodeStateMachine.java:lambda$startDaemon$0(350)) - Ozone container server started.
2019-09-30 19:03:18,646 [grpc-default-executor-16] WARN  server.GrpcLogAppender (LogUtils.java:warn(134)) - 4d188239-23e4-42be-905f-1996fdec2c9c@group-C484DE0CA5D2->21fb7ab6-941e-4ef2-9919-d5dae2e9d2ac-AppendLogResponseHandler: Failed appendEntries: org.apache.ratis.thirdparty.io.grpc.StatusRuntimeException: UNAVAILABLE: io exception
2019-09-30 19:03:18,647 [grpc-default-executor-16] INFO  impl.FollowerInfo (FollowerInfo.java:lambda$new$0(51)) - 4d188239-23e4-42be-905f-1996fdec2c9c@group-C484DE0CA5D2->21fb7ab6-941e-4ef2-9919-d5dae2e9d2ac: nextIndex: updateUnconditionally 16 -> 15
2019-09-30 19:03:18,658 [grpc-default-executor-15] WARN  server.GrpcLogAppender (LogUtils.java:warn(134)) - 4d188239-23e4-42be-905f-1996fdec2c9c@group-C484DE0CA5D2->21fb7ab6-941e-4ef2-9919-d5dae2e9d2ac-AppendLogResponseHandler: Failed appendEntries: org.apache.ratis.thirdparty.io.grpc.StatusRuntimeException: UNAVAILABLE: io exception
2019-09-30 19:03:18,658 [grpc-default-executor-15] INFO  impl.FollowerInfo (FollowerInfo.java:lambda$new$0(51)) - 4d188239-23e4-42be-905f-1996fdec2c9c@group-C484DE0CA5D2->21fb7ab6-941e-4ef2-9919-d5dae2e9d2ac: nextIndex: updateUnconditionally 16 -> 15
2019-09-30 19:03:18,671 [grpc-default-executor-16] WARN  server.GrpcLogAppender (LogUtils.java:warn(134)) - 4d188239-23e4-42be-905f-1996fdec2c9c@group-C484DE0CA5D2->21fb7ab6-941e-4ef2-9919-d5dae2e9d2ac-AppendLogResponseHandler: Failed appendEntries: org.apache.ratis.thirdparty.io.grpc.StatusRuntimeException: UNAVAILABLE: io exception
2019-09-30 19:03:18,671 [grpc-default-executor-16] INFO  impl.FollowerInfo (FollowerInfo.java:lambda$new$0(51)) - 4d188239-23e4-42be-905f-1996fdec2c9c@group-C484DE0CA5D2->21fb7ab6-941e-4ef2-9919-d5dae2e9d2ac: nextIndex: updateUnconditionally 16 -> 15
2019-09-30 19:03:18,672 [RatisApplyTransactionExecutor 2] INFO  interfaces.Container (KeyValueContainer.java:flushAndSyncDB(386)) - Container 2 is synced with bcsId 13.
2019-09-30 19:03:18,672 [RatisApplyTransactionExecutor 2] INFO  interfaces.Container (KeyValueContainer.java:flushAndSyncDB(386)) - Container 2 is synced with bcsId 13.
2019-09-30 19:03:18,676 [RatisApplyTransactionExecutor 2] INFO  interfaces.Container (KeyValueContainer.java:close(335)) - Container 2 is closed with bcsId 13.
2019-09-30 19:03:18,677 [RatisApplyTransactionExecutor 2] INFO  interfaces.Container (KeyValueContainer.java:flushAndSyncDB(386)) - Container 2 is synced with bcsId 13.
2019-09-30 19:03:18,677 [EventQueue-IncrementalContainerReportForIncrementalContainerReportHandler] INFO  container.IncrementalContainerReportHandler (AbstractContainerReportHandler.java:updateContainerState(176)) - Moving container #2 to CLOSED state, datanode 4d188239-23e4-42be-905f-1996fdec2c9c{ip: 192.168.151.118, host: pr-hdds-1720-trunk-4nqxd-2896763123, networkLocation: /default-rack, certSerialId: null} reported CLOSED replica.
2019-09-30 19:03:18,677 [RatisApplyTransactionExecutor 2] INFO  interfaces.Container (KeyValueContainer.java:flushAndSyncDB(386)) - Container 2 is synced with bcsId 13.
2019-09-30 19:03:18,690 [RatisApplyTransactionExecutor 2] INFO  interfaces.Container (KeyValueContainer.java:close(335)) - Container 2 is closed with bcsId 13.
2019-09-30 19:03:19,447 [grpc-default-executor-8] WARN  server.GrpcLogAppender (LogUtils.java:warn(134)) - 025042d3-9c8f-4cc2-b91c-038e79c6d064@group-341170A1A634->bac7da44-233b-4de3-83ed-f92823745413-AppendLogResponseHandler: Failed appendEntries: org.apache.ratis.thirdparty.io.grpc.StatusRuntimeException: UNAVAILABLE: io exception
2019-09-30 19:03:19,447 [grpc-default-executor-11] WARN  server.GrpcLogAppender (LogUtils.java:warn(134)) - 025042d3-9c8f-4cc2-b91c-038e79c6d064@group-341170A1A634->d7a777ed-f162-4a09-a085-0dd4a74802e5-AppendLogResponseHandler: Failed appendEntries: org.apache.ratis.thirdparty.io.grpc.StatusRuntimeException: UNAVAILABLE: io exception
2019-09-30 19:03:19,447 [grpc-default-executor-8] INFO  impl.FollowerInfo (FollowerInfo.java:lambda$new$0(51)) - 025042d3-9c8f-4cc2-b91c-038e79c6d064@group-341170A1A634->bac7da44-233b-4de3-83ed-f92823745413: nextIndex: updateUnconditionally 0 -> 0
2019-09-30 19:03:19,448 [grpc-default-executor-11] INFO  impl.FollowerInfo (FollowerInfo.java:lambda$new$0(51)) - 025042d3-9c8f-4cc2-b91c-038e79c6d064@group-341170A1A634->d7a777ed-f162-4a09-a085-0dd4a74802e5: nextIndex: updateUnconditionally 16 -> 15
2019-09-30 19:03:21,175 [grpc-default-executor-8] WARN  server.GrpcLogAppender (LogUtils.java:warn(134)) - 4d188239-23e4-42be-905f-1996fdec2c9c@group-C484DE0CA5D2->21fb7ab6-941e-4ef2-9919-d5dae2e9d2ac-AppendLogResponseHandler: Failed appendEntries: org.apache.ratis.thirdparty.io.grpc.StatusRuntimeException: UNAVAILABLE: io exception
2019-09-30 19:03:21,176 [grpc-default-executor-8] INFO  impl.FollowerInfo (FollowerInfo.java:lambda$new$0(51)) - 4d188239-23e4-42be-905f-1996fdec2c9c@group-C484DE0CA5D2->21fb7ab6-941e-4ef2-9919-d5dae2e9d2ac: nextIndex: updateUnconditionally 15 -> 14
2019-09-30 19:03:21,294 [EventQueue-StaleNodeForStaleNodeHandler] INFO  node.StaleNodeHandler (StaleNodeHandler.java:onMessage(58)) - Datanode a9bacd76-4374-4de2-973f-423736f4e858{ip: 192.168.151.118, host: pr-hdds-1720-trunk-4nqxd-2896763123, networkLocation: /default-rack, certSerialId: null} moved to stale state. Finalizing its pipelines [PipelineID=8dc1325a-464c-4cbc-929a-d77327f7df09]
2019-09-30 19:03:21,295 [EventQueue-StaleNodeForStaleNodeHandler] INFO  pipeline.SCMPipelineManager (SCMPipelineManager.java:finalizeAndDestroyPipeline(315)) - destroying pipeline:Pipeline[ Id: 8dc1325a-464c-4cbc-929a-d77327f7df09, Nodes: a9bacd76-4374-4de2-973f-423736f4e858{ip: 192.168.151.118, host: pr-hdds-1720-trunk-4nqxd-2896763123, networkLocation: /default-rack, certSerialId: null}, Type:RATIS, Factor:ONE, State:OPEN]
2019-09-30 19:03:21,295 [EventQueue-StaleNodeForStaleNodeHandler] INFO  pipeline.PipelineStateManager (PipelineStateManager.java:finalizePipeline(123)) - Pipeline Pipeline[ Id: 8dc1325a-464c-4cbc-929a-d77327f7df09, Nodes: a9bacd76-4374-4de2-973f-423736f4e858{ip: 192.168.151.118, host: pr-hdds-1720-trunk-4nqxd-2896763123, networkLocation: /default-rack, certSerialId: null}, Type:RATIS, Factor:ONE, State:CLOSED] moved to CLOSED state
2019-09-30 19:03:21,695 [EventQueue-StaleNodeForStaleNodeHandler] INFO  node.StaleNodeHandler (StaleNodeHandler.java:onMessage(58)) - Datanode d2b3b5aa-c8b2-466d-a8da-ebc2ed594bf9{ip: 192.168.151.118, host: pr-hdds-1720-trunk-4nqxd-2896763123, networkLocation: /default-rack, certSerialId: null} moved to stale state. Finalizing its pipelines [PipelineID=a1da2440-b369-4fbf-aa9d-b883d7688c22, PipelineID=fc8b61bb-db94-4157-86e2-c484de0ca5d2]
2019-09-30 19:03:21,695 [EventQueue-StaleNodeForStaleNodeHandler] INFO  pipeline.SCMPipelineManager (SCMPipelineManager.java:finalizeAndDestroyPipeline(315)) - destroying pipeline:Pipeline[ Id: a1da2440-b369-4fbf-aa9d-b883d7688c22, Nodes: d2b3b5aa-c8b2-466d-a8da-ebc2ed594bf9{ip: 192.168.151.118, host: pr-hdds-1720-trunk-4nqxd-2896763123, networkLocation: /default-rack, certSerialId: null}, Type:RATIS, Factor:ONE, State:OPEN]
2019-09-30 19:03:21,695 [EventQueue-StaleNodeForStaleNodeHandler] INFO  pipeline.PipelineStateManager (PipelineStateManager.java:finalizePipeline(123)) - Pipeline Pipeline[ Id: a1da2440-b369-4fbf-aa9d-b883d7688c22, Nodes: d2b3b5aa-c8b2-466d-a8da-ebc2ed594bf9{ip: 192.168.151.118, host: pr-hdds-1720-trunk-4nqxd-2896763123, networkLocation: /default-rack, certSerialId: null}, Type:RATIS, Factor:ONE, State:CLOSED] moved to CLOSED state
2019-09-30 19:03:21,695 [EventQueue-StaleNodeForStaleNodeHandler] INFO  pipeline.SCMPipelineManager (SCMPipelineManager.java:finalizeAndDestroyPipeline(315)) - destroying pipeline:Pipeline[ Id: fc8b61bb-db94-4157-86e2-c484de0ca5d2, Nodes: 4d188239-23e4-42be-905f-1996fdec2c9c{ip: 192.168.151.118, host: pr-hdds-1720-trunk-4nqxd-2896763123, networkLocation: /default-rack, certSerialId: null}21fb7ab6-941e-4ef2-9919-d5dae2e9d2ac{ip: 192.168.151.118, host: pr-hdds-1720-trunk-4nqxd-2896763123, networkLocation: /default-rack, certSerialId: null}d2b3b5aa-c8b2-466d-a8da-ebc2ed594bf9{ip: 192.168.151.118, host: pr-hdds-1720-trunk-4nqxd-2896763123, networkLocation: /default-rack, certSerialId: null}, Type:RATIS, Factor:THREE, State:CLOSED]
2019-09-30 19:03:21,948 [grpc-default-executor-15] WARN  server.GrpcLogAppender (LogUtils.java:warn(134)) - 025042d3-9c8f-4cc2-b91c-038e79c6d064@group-341170A1A634->d7a777ed-f162-4a09-a085-0dd4a74802e5-AppendLogResponseHandler: Failed appendEntries: org.apache.ratis.thirdparty.io.grpc.StatusRuntimeException: UNAVAILABLE: io exception
2019-09-30 19:03:21,948 [grpc-default-executor-11] WARN  server.GrpcLogAppender (LogUtils.java:warn(134)) - 025042d3-9c8f-4cc2-b91c-038e79c6d064@group-341170A1A634->bac7da44-233b-4de3-83ed-f92823745413-AppendLogResponseHandler: Failed appendEntries: org.apache.ratis.thirdparty.io.grpc.StatusRuntimeException: UNAVAILABLE: io exception
2019-09-30 19:03:21,953 [grpc-default-executor-15] INFO  impl.FollowerInfo (FollowerInfo.java:lambda$new$0(51)) - 025042d3-9c8f-4cc2-b91c-038e79c6d064@group-341170A1A634->d7a777ed-f162-4a09-a085-0dd4a74802e5: nextIndex: updateUnconditionally 15 -> 14
2019-09-30 19:03:21,953 [grpc-default-executor-11] INFO  impl.FollowerInfo (FollowerInfo.java:lambda$new$0(51)) - 025042d3-9c8f-4cc2-b91c-038e79c6d064@group-341170A1A634->bac7da44-233b-4de3-83ed-f92823745413: nextIndex: updateUnconditionally 0 -> 0
2019-09-30 19:03:21,987 [main] INFO  ozoneimpl.OzoneContainer (OzoneContainer.java:stop(231)) - Attempting to stop container services.
2019-09-30 19:03:21,987 [ForkJoinPool.commonPool-worker-0] INFO  ozoneimpl.OzoneContainer (OzoneContainer.java:stop(231)) - Attempting to stop container services.
2019-09-30 19:03:21,988 [main] INFO  impl.RaftServerProxy (RaftServerProxy.java:lambda$close$4(314)) - a9bacd76-4374-4de2-973f-423736f4e858: close
2019-09-30 19:03:21,988 [ForkJoinPool.commonPool-worker-0] INFO  impl.RaftServerProxy (RaftServerProxy.java:lambda$close$4(314)) - d2b3b5aa-c8b2-466d-a8da-ebc2ed594bf9: close
2019-09-30 19:03:21,988 [main] INFO  impl.RaftServerImpl (RaftServerImpl.java:lambda$shutdown$3(251)) - a9bacd76-4374-4de2-973f-423736f4e858@group-D77327F7DF09: shutdown
2019-09-30 19:03:21,988 [ForkJoinPool.commonPool-worker-0] INFO  impl.RaftServerImpl (RaftServerImpl.java:lambda$shutdown$3(251)) - d2b3b5aa-c8b2-466d-a8da-ebc2ed594bf9@group-B883D7688C22: shutdown
2019-09-30 19:03:21,988 [main] INFO  util.JmxRegister (JmxRegister.java:unregister(73)) - Successfully un-registered JMX Bean with object name Ratis:service=RaftServer,group=group-D77327F7DF09,id=a9bacd76-4374-4de2-973f-423736f4e858
2019-09-30 19:03:21,988 [ForkJoinPool.commonPool-worker-0] INFO  util.JmxRegister (JmxRegister.java:unregister(73)) - Successfully un-registered JMX Bean with object name Ratis:service=RaftServer,group=group-B883D7688C22,id=d2b3b5aa-c8b2-466d-a8da-ebc2ed594bf9
2019-09-30 19:03:21,989 [main] INFO  impl.RoleInfo (RoleInfo.java:shutdownLeaderState(104)) - a9bacd76-4374-4de2-973f-423736f4e858: shutdown LeaderState
2019-09-30 19:03:21,989 [ForkJoinPool.commonPool-worker-0] INFO  impl.RoleInfo (RoleInfo.java:shutdownLeaderState(104)) - d2b3b5aa-c8b2-466d-a8da-ebc2ed594bf9: shutdown LeaderState
2019-09-30 19:03:21,989 [main] INFO  impl.PendingRequests (PendingRequests.java:sendNotLeaderResponses(202)) - a9bacd76-4374-4de2-973f-423736f4e858-PendingRequests: sendNotLeaderResponses
2019-09-30 19:03:21,989 [ForkJoinPool.commonPool-worker-0] INFO  impl.PendingRequests (PendingRequests.java:sendNotLeaderResponses(202)) - d2b3b5aa-c8b2-466d-a8da-ebc2ed594bf9-PendingRequests: sendNotLeaderResponses
2019-09-30 19:03:21,990 [main] INFO  impl.StateMachineUpdater (StateMachineUpdater.java:stopAndJoin(125)) - a9bacd76-4374-4de2-973f-423736f4e858@group-D77327F7DF09-StateMachineUpdater: set stopIndex = 0
2019-09-30 19:03:21,990 [ForkJoinPool.commonPool-worker-0] INFO  impl.StateMachineUpdater (StateMachineUpdater.java:stopAndJoin(125)) - d2b3b5aa-c8b2-466d-a8da-ebc2ed594bf9@group-B883D7688C22-StateMachineUpdater: set stopIndex = 0
2019-09-30 19:03:21,990 [main] INFO  impl.RaftServerImpl (ServerState.java:close(385)) - a9bacd76-4374-4de2-973f-423736f4e858@group-D77327F7DF09: closes. applyIndex: 0
2019-09-30 19:03:21,990 [ForkJoinPool.commonPool-worker-0] INFO  impl.RaftServerImpl (ServerState.java:close(385)) - d2b3b5aa-c8b2-466d-a8da-ebc2ed594bf9@group-B883D7688C22: closes. applyIndex: 0
2019-09-30 19:03:21,991 [a9bacd76-4374-4de2-973f-423736f4e858@group-D77327F7DF09-SegmentedRaftLogWorker] INFO  segmented.SegmentedRaftLogWorker (SegmentedRaftLogWorker.java:run(313)) - a9bacd76-4374-4de2-973f-423736f4e858@group-D77327F7DF09-SegmentedRaftLogWorker was interrupted, exiting. There are 0 tasks remaining in the queue.
2019-09-30 19:03:21,991 [d2b3b5aa-c8b2-466d-a8da-ebc2ed594bf9@group-B883D7688C22-SegmentedRaftLogWorker] INFO  segmented.SegmentedRaftLogWorker (SegmentedRaftLogWorker.java:run(313)) - d2b3b5aa-c8b2-466d-a8da-ebc2ed594bf9@group-B883D7688C22-SegmentedRaftLogWorker was interrupted, exiting. There are 0 tasks remaining in the queue.
2019-09-30 19:03:21,993 [main] INFO  segmented.SegmentedRaftLogWorker (SegmentedRaftLogWorker.java:close(228)) - a9bacd76-4374-4de2-973f-423736f4e858@group-D77327F7DF09-SegmentedRaftLogWorker close()
2019-09-30 19:03:21,993 [ForkJoinPool.commonPool-worker-0] INFO  segmented.SegmentedRaftLogWorker (SegmentedRaftLogWorker.java:close(228)) - d2b3b5aa-c8b2-466d-a8da-ebc2ed594bf9@group-B883D7688C22-SegmentedRaftLogWorker close()
2019-09-30 19:03:21,996 [main] INFO  server.GrpcService (GrpcService.java:closeImpl(164)) - a9bacd76-4374-4de2-973f-423736f4e858: shutdown server with port 45289 now
2019-09-30 19:03:21,999 [ForkJoinPool.commonPool-worker-0] INFO  impl.RaftServerImpl (RaftServerImpl.java:lambda$shutdown$3(251)) - d2b3b5aa-c8b2-466d-a8da-ebc2ed594bf9@group-C484DE0CA5D2: shutdown
2019-09-30 19:03:21,999 [ForkJoinPool.commonPool-worker-0] INFO  util.JmxRegister (JmxRegister.java:unregister(73)) - Successfully un-registered JMX Bean with object name Ratis:service=RaftServer,group=group-C484DE0CA5D2,id=d2b3b5aa-c8b2-466d-a8da-ebc2ed594bf9
2019-09-30 19:03:22,008 [main] INFO  server.GrpcService (GrpcService.java:closeImpl(172)) - a9bacd76-4374-4de2-973f-423736f4e858: shutdown server with port 45289 successfully
2019-09-30 19:03:22,008 [ForkJoinPool.commonPool-worker-0] INFO  impl.RoleInfo (RoleInfo.java:shutdownFollowerState(121)) - d2b3b5aa-c8b2-466d-a8da-ebc2ed594bf9: shutdown FollowerState
2019-09-30 19:03:22,009 [ForkJoinPool.commonPool-worker-0] INFO  impl.StateMachineUpdater (StateMachineUpdater.java:stopAndJoin(125)) - d2b3b5aa-c8b2-466d-a8da-ebc2ed594bf9@group-C484DE0CA5D2-StateMachineUpdater: set stopIndex = 17
2019-09-30 19:03:22,009 [d2b3b5aa-c8b2-466d-a8da-ebc2ed594bf9@group-C484DE0CA5D2-StateMachineUpdater] INFO  ratis.ContainerStateMachine (ContainerStateMachine.java:takeSnapshot(289)) - group-C484DE0CA5D2: Taking a snapshot at:(t:1, i:16) file /workdir/hadoop-ozone/integration-test/target/test-dir/MiniOzoneClusterImpl-5336a62e-69ee-4f83-b879-69e147fbc7dd/datanode-2/data/ratis/fc8b61bb-db94-4157-86e2-c484de0ca5d2/sm/snapshot.1_16
2019-09-30 19:03:22,009 [Thread-3172] INFO  impl.FollowerState (FollowerState.java:run(115)) - d2b3b5aa-c8b2-466d-a8da-ebc2ed594bf9: FollowerState was interrupted: java.lang.InterruptedException: sleep interrupted
2019-09-30 19:03:22,017 [refreshUsed-/workdir/hadoop-ozone/integration-test/target/test-dir/MiniOzoneClusterImpl-5336a62e-69ee-4f83-b879-69e147fbc7dd/datanode-6/data/containers] WARN  fs.CachingGetSpaceUsed (CachingGetSpaceUsed.java:run(183)) - Thread Interrupted waiting to refresh disk information: sleep interrupted
2019-09-30 19:03:22,023 [d2b3b5aa-c8b2-466d-a8da-ebc2ed594bf9@group-C484DE0CA5D2-StateMachineUpdater] INFO  ratis.ContainerStateMachine (ContainerStateMachine.java:takeSnapshot(300)) - group-C484DE0CA5D2: Finished taking a snapshot at:(t:1, i:16) file:/workdir/hadoop-ozone/integration-test/target/test-dir/MiniOzoneClusterImpl-5336a62e-69ee-4f83-b879-69e147fbc7dd/datanode-2/data/ratis/fc8b61bb-db94-4157-86e2-c484de0ca5d2/sm/snapshot.1_16 time:14
2019-09-30 19:03:22,023 [d2b3b5aa-c8b2-466d-a8da-ebc2ed594bf9@group-C484DE0CA5D2-StateMachineUpdater] INFO  impl.StateMachineUpdater (StateMachineUpdater.java:takeSnapshot(258)) - d2b3b5aa-c8b2-466d-a8da-ebc2ed594bf9@group-C484DE0CA5D2-StateMachineUpdater: Took a snapshot at index 16
2019-09-30 19:03:22,023 [d2b3b5aa-c8b2-466d-a8da-ebc2ed594bf9@group-C484DE0CA5D2-StateMachineUpdater] INFO  impl.StateMachineUpdater (StateMachineUpdater.java:lambda$new$0(83)) - d2b3b5aa-c8b2-466d-a8da-ebc2ed594bf9@group-C484DE0CA5D2-StateMachineUpdater: snapshotIndex: updateIncreasingly -1 -> 16
2019-09-30 19:03:22,024 [d2b3b5aa-c8b2-466d-a8da-ebc2ed594bf9@group-C484DE0CA5D2-StateMachineUpdater] INFO  ratis.ContainerStateMachine (ContainerStateMachine.java:takeSnapshot(289)) - group-C484DE0CA5D2: Taking a snapshot at:(t:1, i:16) file /workdir/hadoop-ozone/integration-test/target/test-dir/MiniOzoneClusterImpl-5336a62e-69ee-4f83-b879-69e147fbc7dd/datanode-2/data/ratis/fc8b61bb-db94-4157-86e2-c484de0ca5d2/sm/snapshot.1_16
2019-09-30 19:03:22,029 [main] INFO  utils.BackgroundService (BackgroundService.java:shutdown(148)) - Shutting down service BlockDeletingService
2019-09-30 19:03:22,035 [main] INFO  statemachine.DatanodeStateMachine (DatanodeStateMachine.java:stopDaemon(395)) - Ozone container server stopped.
2019-09-30 19:03:22,036 [d2b3b5aa-c8b2-466d-a8da-ebc2ed594bf9@group-C484DE0CA5D2-StateMachineUpdater] INFO  ratis.ContainerStateMachine (ContainerStateMachine.java:takeSnapshot(300)) - group-C484DE0CA5D2: Finished taking a snapshot at:(t:1, i:16) file:/workdir/hadoop-ozone/integration-test/target/test-dir/MiniOzoneClusterImpl-5336a62e-69ee-4f83-b879-69e147fbc7dd/datanode-2/data/ratis/fc8b61bb-db94-4157-86e2-c484de0ca5d2/sm/snapshot.1_16 time:13
2019-09-30 19:03:22,036 [main] INFO  handler.ContextHandler (ContextHandler.java:doStop(910)) - Stopped o.e.j.w.WebAppContext@49491770{/,null,UNAVAILABLE}{/hddsDatanode}
2019-09-30 19:03:22,036 [d2b3b5aa-c8b2-466d-a8da-ebc2ed594bf9@group-C484DE0CA5D2-StateMachineUpdater] INFO  impl.StateMachineUpdater (StateMachineUpdater.java:takeSnapshot(258)) - d2b3b5aa-c8b2-466d-a8da-ebc2ed594bf9@group-C484DE0CA5D2-StateMachineUpdater: Took a snapshot at index 16
2019-09-30 19:03:22,036 [d2b3b5aa-c8b2-466d-a8da-ebc2ed594bf9@group-C484DE0CA5D2-StateMachineUpdater] INFO  impl.StateMachineUpdater (StateMachineUpdater.java:lambda$new$0(83)) - d2b3b5aa-c8b2-466d-a8da-ebc2ed594bf9@group-C484DE0CA5D2-StateMachineUpdater: snapshotIndex: updateIncreasingly 16 -> 16
2019-09-30 19:03:22,037 [ForkJoinPool.commonPool-worker-0] INFO  impl.RaftServerImpl (ServerState.java:close(385)) - d2b3b5aa-c8b2-466d-a8da-ebc2ed594bf9@group-C484DE0CA5D2: closes. applyIndex: 17
2019-09-30 19:03:22,038 [main] INFO  server.AbstractConnector (AbstractConnector.java:doStop(318)) - Stopped ServerConnector@5bec3e0{HTTP/1.1,[http/1.1]}{0.0.0.0:0}
2019-09-30 19:03:22,038 [d2b3b5aa-c8b2-466d-a8da-ebc2ed594bf9@group-C484DE0CA5D2-SegmentedRaftLogWorker] INFO  segmented.SegmentedRaftLogWorker (SegmentedRaftLogWorker.java:run(313)) - d2b3b5aa-c8b2-466d-a8da-ebc2ed594bf9@group-C484DE0CA5D2-SegmentedRaftLogWorker was interrupted, exiting. There are 0 tasks remaining in the queue.
2019-09-30 19:03:22,038 [main] INFO  handler.ContextHandler (ContextHandler.java:doStop(910)) - Stopped o.e.j.s.ServletContextHandler@3cc9632d{/static,jar:file:/home/user/.m2/repository/org/apache/hadoop/hadoop-hdds-container-service/0.5.0-SNAPSHOT/hadoop-hdds-container-service-0.5.0-SNAPSHOT.jar!/webapps/static,UNAVAILABLE}
2019-09-30 19:03:22,039 [ForkJoinPool.commonPool-worker-0] INFO  segmented.SegmentedRaftLogWorker (SegmentedRaftLogWorker.java:close(228)) - d2b3b5aa-c8b2-466d-a8da-ebc2ed594bf9@group-C484DE0CA5D2-SegmentedRaftLogWorker close()
2019-09-30 19:03:22,040 [main] INFO  handler.ContextHandler (ContextHandler.java:doStop(910)) - Stopped o.e.j.s.ServletContextHandler@45bbc52f{/logs,file:///workdir/hadoop-ozone/integration-test/target/log,UNAVAILABLE}
2019-09-30 19:03:22,042 [ForkJoinPool.commonPool-worker-0] INFO  server.GrpcService (GrpcService.java:closeImpl(164)) - d2b3b5aa-c8b2-466d-a8da-ebc2ed594bf9: shutdown server with port 36990 now
2019-09-30 19:03:22,043 [grpc-default-executor-15] WARN  server.GrpcServerProtocolService (LogUtils.java:warn(134)) - d2b3b5aa-c8b2-466d-a8da-ebc2ed594bf9: installSnapshot onError, lastRequest: 4d188239-23e4-42be-905f-1996fdec2c9c->d2b3b5aa-c8b2-466d-a8da-ebc2ed594bf9#30-t1, previous=(t:1, i:17), leaderCommit=17, initializing? false, entries: <empty>: org.apache.ratis.thirdparty.io.grpc.StatusRuntimeException: CANCELLED: cancelled before receiving half close
2019-09-30 19:03:22,044 [ForkJoinPool.commonPool-worker-0] INFO  server.GrpcService (GrpcService.java:closeImpl(172)) - d2b3b5aa-c8b2-466d-a8da-ebc2ed594bf9: shutdown server with port 36990 successfully
2019-09-30 19:03:22,044 [grpc-default-executor-11] WARN  server.GrpcLogAppender (LogUtils.java:warn(134)) - 4d188239-23e4-42be-905f-1996fdec2c9c@group-C484DE0CA5D2->d2b3b5aa-c8b2-466d-a8da-ebc2ed594bf9-AppendLogResponseHandler: Failed appendEntries: org.apache.ratis.thirdparty.io.grpc.StatusRuntimeException: CANCELLED: HTTP/2 error code: CANCEL
Received Rst Stream
2019-09-30 19:03:22,044 [grpc-default-executor-11] INFO  impl.FollowerInfo (FollowerInfo.java:lambda$new$0(51)) - 4d188239-23e4-42be-905f-1996fdec2c9c@group-C484DE0CA5D2->d2b3b5aa-c8b2-466d-a8da-ebc2ed594bf9: nextIndex: updateUnconditionally 18 -> 17
2019-09-30 19:03:22,046 [refreshUsed-/workdir/hadoop-ozone/integration-test/target/test-dir/MiniOzoneClusterImpl-5336a62e-69ee-4f83-b879-69e147fbc7dd/datanode-2/data/containers] WARN  fs.CachingGetSpaceUsed (CachingGetSpaceUsed.java:run(183)) - Thread Interrupted waiting to refresh disk information: sleep interrupted
2019-09-30 19:03:22,056 [ForkJoinPool.commonPool-worker-0] INFO  utils.BackgroundService (BackgroundService.java:shutdown(148)) - Shutting down service BlockDeletingService
2019-09-30 19:03:22,060 [ForkJoinPool.commonPool-worker-0] INFO  statemachine.DatanodeStateMachine (DatanodeStateMachine.java:stopDaemon(395)) - Ozone container server stopped.
2019-09-30 19:03:22,063 [ForkJoinPool.commonPool-worker-0] INFO  handler.ContextHandler (ContextHandler.java:doStop(910)) - Stopped o.e.j.w.WebAppContext@454bcbbf{/,null,UNAVAILABLE}{/hddsDatanode}
2019-09-30 19:03:22,064 [ForkJoinPool.commonPool-worker-0] INFO  server.AbstractConnector (AbstractConnector.java:doStop(318)) - Stopped ServerConnector@2c9fdb64{HTTP/1.1,[http/1.1]}{0.0.0.0:0}
2019-09-30 19:03:22,065 [ForkJoinPool.commonPool-worker-0] INFO  handler.ContextHandler (ContextHandler.java:doStop(910)) - Stopped o.e.j.s.ServletContextHandler@6aea99e7{/static,jar:file:/home/user/.m2/repository/org/apache/hadoop/hadoop-hdds-container-service/0.5.0-SNAPSHOT/hadoop-hdds-container-service-0.5.0-SNAPSHOT.jar!/webapps/static,UNAVAILABLE}
2019-09-30 19:03:22,067 [ForkJoinPool.commonPool-worker-0] INFO  handler.ContextHandler (ContextHandler.java:doStop(910)) - Stopped o.e.j.s.ServletContextHandler@284990de{/logs,file:///workdir/hadoop-ozone/integration-test/target/log,UNAVAILABLE}
2019-09-30 19:03:22,070 [Datanode State Machine Thread - 0] INFO  statemachine.DatanodeStateMachine (DatanodeStateMachine.java:lambda$startDaemon$0(350)) - Ozone container server started.
2019-09-30 19:03:22,676 [Datanode State Machine Thread - 0] INFO  statemachine.DatanodeStateMachine (DatanodeStateMachine.java:lambda$startDaemon$0(350)) - Ozone container server started.
2019-09-30 19:03:23,674 [grpc-default-executor-16] WARN  server.GrpcLogAppender (LogUtils.java:warn(134)) - 4d188239-23e4-42be-905f-1996fdec2c9c@group-C484DE0CA5D2->21fb7ab6-941e-4ef2-9919-d5dae2e9d2ac-AppendLogResponseHandler: Failed appendEntries: org.apache.ratis.thirdparty.io.grpc.StatusRuntimeException: UNAVAILABLE: io exception
2019-09-30 19:03:23,674 [grpc-default-executor-16] INFO  impl.FollowerInfo (FollowerInfo.java:lambda$new$0(51)) - 4d188239-23e4-42be-905f-1996fdec2c9c@group-C484DE0CA5D2->21fb7ab6-941e-4ef2-9919-d5dae2e9d2ac: nextIndex: updateUnconditionally 14 -> 13
2019-09-30 19:03:23,677 [grpc-default-executor-15] WARN  server.GrpcLogAppender (LogUtils.java:warn(134)) - 4d188239-23e4-42be-905f-1996fdec2c9c@group-C484DE0CA5D2->d2b3b5aa-c8b2-466d-a8da-ebc2ed594bf9-AppendLogResponseHandler: Failed appendEntries: org.apache.ratis.thirdparty.io.grpc.StatusRuntimeException: UNAVAILABLE: io exception
2019-09-30 19:03:23,678 [grpc-default-executor-15] INFO  impl.FollowerInfo (FollowerInfo.java:lambda$new$0(51)) - 4d188239-23e4-42be-905f-1996fdec2c9c@group-C484DE0CA5D2->d2b3b5aa-c8b2-466d-a8da-ebc2ed594bf9: nextIndex: updateUnconditionally 17 -> 16
2019-09-30 19:03:24,449 [grpc-default-executor-13] WARN  server.GrpcLogAppender (LogUtils.java:warn(134)) - 025042d3-9c8f-4cc2-b91c-038e79c6d064@group-341170A1A634->bac7da44-233b-4de3-83ed-f92823745413-AppendLogResponseHandler: Failed appendEntries: org.apache.ratis.thirdparty.io.grpc.StatusRuntimeException: UNAVAILABLE: io exception
2019-09-30 19:03:24,449 [grpc-default-executor-15] WARN  server.GrpcLogAppender (LogUtils.java:warn(134)) - 025042d3-9c8f-4cc2-b91c-038e79c6d064@group-341170A1A634->d7a777ed-f162-4a09-a085-0dd4a74802e5-AppendLogResponseHandler: Failed appendEntries: org.apache.ratis.thirdparty.io.grpc.StatusRuntimeException: UNAVAILABLE: io exception
2019-09-30 19:03:24,450 [grpc-default-executor-13] INFO  impl.FollowerInfo (FollowerInfo.java:lambda$new$0(51)) - 025042d3-9c8f-4cc2-b91c-038e79c6d064@group-341170A1A634->bac7da44-233b-4de3-83ed-f92823745413: nextIndex: updateUnconditionally 0 -> 0
2019-09-30 19:03:24,450 [grpc-default-executor-15] INFO  impl.FollowerInfo (FollowerInfo.java:lambda$new$0(51)) - 025042d3-9c8f-4cc2-b91c-038e79c6d064@group-341170A1A634->d7a777ed-f162-4a09-a085-0dd4a74802e5: nextIndex: updateUnconditionally 14 -> 13
2019-09-30 19:03:26,101 [EventQueue-StaleNodeForStaleNodeHandler] INFO  node.StaleNodeHandler (StaleNodeHandler.java:onMessage(58)) - Datanode 025042d3-9c8f-4cc2-b91c-038e79c6d064{ip: 192.168.151.118, host: pr-hdds-1720-trunk-4nqxd-2896763123, networkLocation: /default-rack, certSerialId: null} moved to stale state. Finalizing its pipelines [PipelineID=7ea2c4b5-4190-4ad1-8bb3-341170a1a634, PipelineID=e24f8c96-05a2-432b-9268-778b67d44e7d]
2019-09-30 19:03:26,102 [EventQueue-StaleNodeForStaleNodeHandler] INFO  pipeline.SCMPipelineManager (SCMPipelineManager.java:finalizeAndDestroyPipeline(315)) - destroying pipeline:Pipeline[ Id: 7ea2c4b5-4190-4ad1-8bb3-341170a1a634, Nodes: bac7da44-233b-4de3-83ed-f92823745413{ip: 192.168.151.118, host: pr-hdds-1720-trunk-4nqxd-2896763123, networkLocation: /default-rack, certSerialId: null}d7a777ed-f162-4a09-a085-0dd4a74802e5{ip: 192.168.151.118, host: pr-hdds-1720-trunk-4nqxd-2896763123, networkLocation: /default-rack, certSerialId: null}025042d3-9c8f-4cc2-b91c-038e79c6d064{ip: 192.168.151.118, host: pr-hdds-1720-trunk-4nqxd-2896763123, networkLocation: /default-rack, certSerialId: null}, Type:RATIS, Factor:THREE, State:CLOSED]
2019-09-30 19:03:26,102 [EventQueue-StaleNodeForStaleNodeHandler] INFO  pipeline.SCMPipelineManager (SCMPipelineManager.java:finalizeAndDestroyPipeline(315)) - destroying pipeline:Pipeline[ Id: e24f8c96-05a2-432b-9268-778b67d44e7d, Nodes: 025042d3-9c8f-4cc2-b91c-038e79c6d064{ip: 192.168.151.118, host: pr-hdds-1720-trunk-4nqxd-2896763123, networkLocation: /default-rack, certSerialId: null}, Type:RATIS, Factor:ONE, State:OPEN]
2019-09-30 19:03:26,103 [EventQueue-StaleNodeForStaleNodeHandler] INFO  pipeline.PipelineStateManager (PipelineStateManager.java:finalizePipeline(123)) - Pipeline Pipeline[ Id: e24f8c96-05a2-432b-9268-778b67d44e7d, Nodes: 025042d3-9c8f-4cc2-b91c-038e79c6d064{ip: 192.168.151.118, host: pr-hdds-1720-trunk-4nqxd-2896763123, networkLocation: /default-rack, certSerialId: null}, Type:RATIS, Factor:ONE, State:CLOSED] moved to CLOSED state
2019-09-30 19:03:26,178 [grpc-default-executor-13] WARN  server.GrpcLogAppender (LogUtils.java:warn(134)) - 4d188239-23e4-42be-905f-1996fdec2c9c@group-C484DE0CA5D2->21fb7ab6-941e-4ef2-9919-d5dae2e9d2ac-AppendLogResponseHandler: Failed appendEntries: org.apache.ratis.thirdparty.io.grpc.StatusRuntimeException: UNAVAILABLE: io exception
2019-09-30 19:03:26,186 [grpc-default-executor-13] INFO  impl.FollowerInfo (FollowerInfo.java:lambda$new$0(51)) - 4d188239-23e4-42be-905f-1996fdec2c9c@group-C484DE0CA5D2->21fb7ab6-941e-4ef2-9919-d5dae2e9d2ac: nextIndex: updateUnconditionally 13 -> 12
2019-09-30 19:03:26,187 [grpc-default-executor-16] WARN  server.GrpcLogAppender (LogUtils.java:warn(134)) - 4d188239-23e4-42be-905f-1996fdec2c9c@group-C484DE0CA5D2->d2b3b5aa-c8b2-466d-a8da-ebc2ed594bf9-AppendLogResponseHandler: Failed appendEntries: org.apache.ratis.thirdparty.io.grpc.StatusRuntimeException: UNAVAILABLE: io exception
2019-09-30 19:03:26,187 [grpc-default-executor-16] INFO  impl.FollowerInfo (FollowerInfo.java:lambda$new$0(51)) - 4d188239-23e4-42be-905f-1996fdec2c9c@group-C484DE0CA5D2->d2b3b5aa-c8b2-466d-a8da-ebc2ed594bf9: nextIndex: updateUnconditionally 16 -> 15
2019-09-30 19:03:26,701 [EventQueue-StaleNodeForStaleNodeHandler] INFO  node.StaleNodeHandler (StaleNodeHandler.java:onMessage(58)) - Datanode 4d188239-23e4-42be-905f-1996fdec2c9c{ip: 192.168.151.118, host: pr-hdds-1720-trunk-4nqxd-2896763123, networkLocation: /default-rack, certSerialId: null} moved to stale state. Finalizing its pipelines [PipelineID=d8b2afcf-d527-44ca-a19f-5cd7bb7c2233, PipelineID=fc8b61bb-db94-4157-86e2-c484de0ca5d2]
2019-09-30 19:03:26,701 [EventQueue-StaleNodeForStaleNodeHandler] INFO  pipeline.SCMPipelineManager (SCMPipelineManager.java:finalizeAndDestroyPipeline(315)) - destroying pipeline:Pipeline[ Id: d8b2afcf-d527-44ca-a19f-5cd7bb7c2233, Nodes: 4d188239-23e4-42be-905f-1996fdec2c9c{ip: 192.168.151.118, host: pr-hdds-1720-trunk-4nqxd-2896763123, networkLocation: /default-rack, certSerialId: null}, Type:RATIS, Factor:ONE, State:OPEN]
2019-09-30 19:03:26,702 [EventQueue-StaleNodeForStaleNodeHandler] INFO  pipeline.PipelineStateManager (PipelineStateManager.java:finalizePipeline(123)) - Pipeline Pipeline[ Id: d8b2afcf-d527-44ca-a19f-5cd7bb7c2233, Nodes: 4d188239-23e4-42be-905f-1996fdec2c9c{ip: 192.168.151.118, host: pr-hdds-1720-trunk-4nqxd-2896763123, networkLocation: /default-rack, certSerialId: null}, Type:RATIS, Factor:ONE, State:CLOSED] moved to CLOSED state
2019-09-30 19:03:26,702 [EventQueue-StaleNodeForStaleNodeHandler] INFO  pipeline.SCMPipelineManager (SCMPipelineManager.java:finalizeAndDestroyPipeline(315)) - destroying pipeline:Pipeline[ Id: fc8b61bb-db94-4157-86e2-c484de0ca5d2, Nodes: 4d188239-23e4-42be-905f-1996fdec2c9c{ip: 192.168.151.118, host: pr-hdds-1720-trunk-4nqxd-2896763123, networkLocation: /default-rack, certSerialId: null}21fb7ab6-941e-4ef2-9919-d5dae2e9d2ac{ip: 192.168.151.118, host: pr-hdds-1720-trunk-4nqxd-2896763123, networkLocation: /default-rack, certSerialId: null}d2b3b5aa-c8b2-466d-a8da-ebc2ed594bf9{ip: 192.168.151.118, host: pr-hdds-1720-trunk-4nqxd-2896763123, networkLocation: /default-rack, certSerialId: null}, Type:RATIS, Factor:THREE, State:CLOSED]
2019-09-30 19:03:26,951 [grpc-default-executor-8] WARN  server.GrpcLogAppender (LogUtils.java:warn(134)) - 025042d3-9c8f-4cc2-b91c-038e79c6d064@group-341170A1A634->d7a777ed-f162-4a09-a085-0dd4a74802e5-AppendLogResponseHandler: Failed appendEntries: org.apache.ratis.thirdparty.io.grpc.StatusRuntimeException: UNAVAILABLE: io exception
2019-09-30 19:03:26,951 [grpc-default-executor-11] WARN  server.GrpcLogAppender (LogUtils.java:warn(134)) - 025042d3-9c8f-4cc2-b91c-038e79c6d064@group-341170A1A634->bac7da44-233b-4de3-83ed-f92823745413-AppendLogResponseHandler: Failed appendEntries: org.apache.ratis.thirdparty.io.grpc.StatusRuntimeException: UNAVAILABLE: io exception
2019-09-30 19:03:26,954 [grpc-default-executor-11] INFO  impl.FollowerInfo (FollowerInfo.java:lambda$new$0(51)) - 025042d3-9c8f-4cc2-b91c-038e79c6d064@group-341170A1A634->bac7da44-233b-4de3-83ed-f92823745413: nextIndex: updateUnconditionally 0 -> 0
2019-09-30 19:03:26,954 [grpc-default-executor-8] INFO  impl.FollowerInfo (FollowerInfo.java:lambda$new$0(51)) - 025042d3-9c8f-4cc2-b91c-038e79c6d064@group-341170A1A634->d7a777ed-f162-4a09-a085-0dd4a74802e5: nextIndex: updateUnconditionally 13 -> 12
2019-09-30 19:03:27,044 [main] INFO  ozoneimpl.OzoneContainer (OzoneContainer.java:stop(231)) - Attempting to stop container services.
2019-09-30 19:03:27,046 [main] INFO  impl.RaftServerProxy (RaftServerProxy.java:lambda$close$4(314)) - 025042d3-9c8f-4cc2-b91c-038e79c6d064: close
2019-09-30 19:03:27,046 [main] INFO  impl.RaftServerImpl (RaftServerImpl.java:lambda$shutdown$3(251)) - 025042d3-9c8f-4cc2-b91c-038e79c6d064@group-341170A1A634: shutdown
2019-09-30 19:03:27,047 [main] INFO  util.JmxRegister (JmxRegister.java:unregister(73)) - Successfully un-registered JMX Bean with object name Ratis:service=RaftServer,group=group-341170A1A634,id=025042d3-9c8f-4cc2-b91c-038e79c6d064
2019-09-30 19:03:27,047 [main] INFO  impl.RoleInfo (RoleInfo.java:shutdownLeaderState(104)) - 025042d3-9c8f-4cc2-b91c-038e79c6d064: shutdown LeaderState
2019-09-30 19:03:27,049 [org.apache.ratis.server.impl.LogAppender$AppenderDaemon$$Lambda$484/1645586794@6279ab4a] WARN  server.GrpcLogAppender (GrpcLogAppender.java:mayWait(143)) - 025042d3-9c8f-4cc2-b91c-038e79c6d064@group-341170A1A634->bac7da44-233b-4de3-83ed-f92823745413-GrpcLogAppender: Wait interrupted by java.lang.InterruptedException
2019-09-30 19:03:27,049 [org.apache.ratis.server.impl.LogAppender$AppenderDaemon$$Lambda$484/1645586794@67018920] WARN  server.GrpcLogAppender (GrpcLogAppender.java:mayWait(143)) - 025042d3-9c8f-4cc2-b91c-038e79c6d064@group-341170A1A634->d7a777ed-f162-4a09-a085-0dd4a74802e5-GrpcLogAppender: Wait interrupted by java.lang.InterruptedException
2019-09-30 19:03:27,049 [main] INFO  impl.PendingRequests (PendingRequests.java:sendNotLeaderResponses(202)) - 025042d3-9c8f-4cc2-b91c-038e79c6d064-PendingRequests: sendNotLeaderResponses
2019-09-30 19:03:27,051 [main] INFO  impl.StateMachineUpdater (StateMachineUpdater.java:stopAndJoin(125)) - 025042d3-9c8f-4cc2-b91c-038e79c6d064@group-341170A1A634-StateMachineUpdater: set stopIndex = 17
2019-09-30 19:03:27,051 [025042d3-9c8f-4cc2-b91c-038e79c6d064@group-341170A1A634-StateMachineUpdater] INFO  ratis.ContainerStateMachine (ContainerStateMachine.java:takeSnapshot(289)) - group-341170A1A634: Taking a snapshot at:(t:1, i:13) file /workdir/hadoop-ozone/integration-test/target/test-dir/MiniOzoneClusterImpl-5336a62e-69ee-4f83-b879-69e147fbc7dd/datanode-5/data/ratis/7ea2c4b5-4190-4ad1-8bb3-341170a1a634/sm/snapshot.1_13
2019-09-30 19:03:27,069 [ForkJoinPool.commonPool-worker-0] INFO  ozoneimpl.OzoneContainer (OzoneContainer.java:stop(231)) - Attempting to stop container services.
2019-09-30 19:03:27,069 [ForkJoinPool.commonPool-worker-0] INFO  impl.RaftServerProxy (RaftServerProxy.java:lambda$close$4(314)) - 4d188239-23e4-42be-905f-1996fdec2c9c: close
2019-09-30 19:03:27,069 [ForkJoinPool.commonPool-worker-0] INFO  impl.RaftServerImpl (RaftServerImpl.java:lambda$shutdown$3(251)) - 4d188239-23e4-42be-905f-1996fdec2c9c@group-5CD7BB7C2233: shutdown
2019-09-30 19:03:27,070 [ForkJoinPool.commonPool-worker-0] INFO  util.JmxRegister (JmxRegister.java:unregister(73)) - Successfully un-registered JMX Bean with object name Ratis:service=RaftServer,group=group-5CD7BB7C2233,id=4d188239-23e4-42be-905f-1996fdec2c9c
2019-09-30 19:03:27,070 [ForkJoinPool.commonPool-worker-0] INFO  impl.RoleInfo (RoleInfo.java:shutdownLeaderState(104)) - 4d188239-23e4-42be-905f-1996fdec2c9c: shutdown LeaderState
2019-09-30 19:03:27,070 [ForkJoinPool.commonPool-worker-0] INFO  impl.PendingRequests (PendingRequests.java:sendNotLeaderResponses(202)) - 4d188239-23e4-42be-905f-1996fdec2c9c-PendingRequests: sendNotLeaderResponses
2019-09-30 19:03:27,071 [ForkJoinPool.commonPool-worker-0] INFO  impl.StateMachineUpdater (StateMachineUpdater.java:stopAndJoin(125)) - 4d188239-23e4-42be-905f-1996fdec2c9c@group-5CD7BB7C2233-StateMachineUpdater: set stopIndex = 0
2019-09-30 19:03:27,071 [ForkJoinPool.commonPool-worker-0] INFO  impl.RaftServerImpl (ServerState.java:close(385)) - 4d188239-23e4-42be-905f-1996fdec2c9c@group-5CD7BB7C2233: closes. applyIndex: 0
2019-09-30 19:03:27,072 [4d188239-23e4-42be-905f-1996fdec2c9c@group-5CD7BB7C2233-SegmentedRaftLogWorker] INFO  segmented.SegmentedRaftLogWorker (SegmentedRaftLogWorker.java:run(313)) - 4d188239-23e4-42be-905f-1996fdec2c9c@group-5CD7BB7C2233-SegmentedRaftLogWorker was interrupted, exiting. There are 0 tasks remaining in the queue.
2019-09-30 19:03:27,073 [ForkJoinPool.commonPool-worker-0] INFO  segmented.SegmentedRaftLogWorker (SegmentedRaftLogWorker.java:close(228)) - 4d188239-23e4-42be-905f-1996fdec2c9c@group-5CD7BB7C2233-SegmentedRaftLogWorker close()
2019-09-30 19:03:27,075 [ForkJoinPool.commonPool-worker-0] INFO  impl.RaftServerImpl (RaftServerImpl.java:lambda$shutdown$3(251)) - 4d188239-23e4-42be-905f-1996fdec2c9c@group-C484DE0CA5D2: shutdown
2019-09-30 19:03:27,075 [ForkJoinPool.commonPool-worker-0] INFO  util.JmxRegister (JmxRegister.java:unregister(73)) - Successfully un-registered JMX Bean with object name Ratis:service=RaftServer,group=group-C484DE0CA5D2,id=4d188239-23e4-42be-905f-1996fdec2c9c
2019-09-30 19:03:27,076 [ForkJoinPool.commonPool-worker-0] INFO  impl.RoleInfo (RoleInfo.java:shutdownLeaderState(104)) - 4d188239-23e4-42be-905f-1996fdec2c9c: shutdown LeaderState
2019-09-30 19:03:27,078 [org.apache.ratis.server.impl.LogAppender$AppenderDaemon$$Lambda$484/1645586794@437289bc] WARN  server.GrpcLogAppender (GrpcLogAppender.java:mayWait(143)) - 4d188239-23e4-42be-905f-1996fdec2c9c@group-C484DE0CA5D2->21fb7ab6-941e-4ef2-9919-d5dae2e9d2ac-GrpcLogAppender: Wait interrupted by java.lang.InterruptedException
2019-09-30 19:03:27,078 [org.apache.ratis.server.impl.LogAppender$AppenderDaemon$$Lambda$484/1645586794@c5636e8] WARN  server.GrpcLogAppender (GrpcLogAppender.java:mayWait(143)) - 4d188239-23e4-42be-905f-1996fdec2c9c@group-C484DE0CA5D2->d2b3b5aa-c8b2-466d-a8da-ebc2ed594bf9-GrpcLogAppender: Wait interrupted by java.lang.InterruptedException
2019-09-30 19:03:27,078 [ForkJoinPool.commonPool-worker-0] INFO  impl.PendingRequests (PendingRequests.java:sendNotLeaderResponses(202)) - 4d188239-23e4-42be-905f-1996fdec2c9c-PendingRequests: sendNotLeaderResponses
2019-09-30 19:03:27,085 [ForkJoinPool.commonPool-worker-0] INFO  impl.StateMachineUpdater (StateMachineUpdater.java:stopAndJoin(125)) - 4d188239-23e4-42be-905f-1996fdec2c9c@group-C484DE0CA5D2-StateMachineUpdater: set stopIndex = 17
2019-09-30 19:03:27,086 [4d188239-23e4-42be-905f-1996fdec2c9c@group-C484DE0CA5D2-StateMachineUpdater] INFO  ratis.ContainerStateMachine (ContainerStateMachine.java:takeSnapshot(289)) - group-C484DE0CA5D2: Taking a snapshot at:(t:1, i:17) file /workdir/hadoop-ozone/integration-test/target/test-dir/MiniOzoneClusterImpl-5336a62e-69ee-4f83-b879-69e147fbc7dd/datanode-0/data/ratis/fc8b61bb-db94-4157-86e2-c484de0ca5d2/sm/snapshot.1_17
2019-09-30 19:03:27,671 [4d188239-23e4-42be-905f-1996fdec2c9c@group-C484DE0CA5D2-StateMachineUpdater] INFO  ratis.ContainerStateMachine (ContainerStateMachine.java:takeSnapshot(300)) - group-C484DE0CA5D2: Finished taking a snapshot at:(t:1, i:17) file:/workdir/hadoop-ozone/integration-test/target/test-dir/MiniOzoneClusterImpl-5336a62e-69ee-4f83-b879-69e147fbc7dd/datanode-0/data/ratis/fc8b61bb-db94-4157-86e2-c484de0ca5d2/sm/snapshot.1_17 time:586
2019-09-30 19:03:27,671 [025042d3-9c8f-4cc2-b91c-038e79c6d064@group-341170A1A634-StateMachineUpdater] INFO  ratis.ContainerStateMachine (ContainerStateMachine.java:takeSnapshot(300)) - group-341170A1A634: Finished taking a snapshot at:(t:1, i:13) file:/workdir/hadoop-ozone/integration-test/target/test-dir/MiniOzoneClusterImpl-5336a62e-69ee-4f83-b879-69e147fbc7dd/datanode-5/data/ratis/7ea2c4b5-4190-4ad1-8bb3-341170a1a634/sm/snapshot.1_13 time:620
2019-09-30 19:03:27,672 [4d188239-23e4-42be-905f-1996fdec2c9c@group-C484DE0CA5D2-StateMachineUpdater] INFO  impl.StateMachineUpdater (StateMachineUpdater.java:takeSnapshot(258)) - 4d188239-23e4-42be-905f-1996fdec2c9c@group-C484DE0CA5D2-StateMachineUpdater: Took a snapshot at index 17
2019-09-30 19:03:27,672 [025042d3-9c8f-4cc2-b91c-038e79c6d064@group-341170A1A634-StateMachineUpdater] INFO  impl.StateMachineUpdater (StateMachineUpdater.java:takeSnapshot(258)) - 025042d3-9c8f-4cc2-b91c-038e79c6d064@group-341170A1A634-StateMachineUpdater: Took a snapshot at index 13
2019-09-30 19:03:27,672 [4d188239-23e4-42be-905f-1996fdec2c9c@group-C484DE0CA5D2-StateMachineUpdater] INFO  impl.StateMachineUpdater (StateMachineUpdater.java:lambda$new$0(83)) - 4d188239-23e4-42be-905f-1996fdec2c9c@group-C484DE0CA5D2-StateMachineUpdater: snapshotIndex: updateIncreasingly -1 -> 17
2019-09-30 19:03:27,672 [025042d3-9c8f-4cc2-b91c-038e79c6d064@group-341170A1A634-StateMachineUpdater] INFO  impl.StateMachineUpdater (StateMachineUpdater.java:lambda$new$0(83)) - 025042d3-9c8f-4cc2-b91c-038e79c6d064@group-341170A1A634-StateMachineUpdater: snapshotIndex: updateIncreasingly -1 -> 13
2019-09-30 19:03:27,672 [025042d3-9c8f-4cc2-b91c-038e79c6d064@group-341170A1A634-StateMachineUpdater] INFO  ratis.ContainerStateMachine (ContainerStateMachine.java:takeSnapshot(289)) - group-341170A1A634: Taking a snapshot at:(t:1, i:13) file /workdir/hadoop-ozone/integration-test/target/test-dir/MiniOzoneClusterImpl-5336a62e-69ee-4f83-b879-69e147fbc7dd/datanode-5/data/ratis/7ea2c4b5-4190-4ad1-8bb3-341170a1a634/sm/snapshot.1_13
2019-09-30 19:03:27,673 [ForkJoinPool.commonPool-worker-0] INFO  impl.RaftServerImpl (ServerState.java:close(385)) - 4d188239-23e4-42be-905f-1996fdec2c9c@group-C484DE0CA5D2: closes. applyIndex: 17
2019-09-30 19:03:27,674 [4d188239-23e4-42be-905f-1996fdec2c9c@group-C484DE0CA5D2-SegmentedRaftLogWorker] INFO  segmented.SegmentedRaftLogWorker (SegmentedRaftLogWorker.java:run(313)) - 4d188239-23e4-42be-905f-1996fdec2c9c@group-C484DE0CA5D2-SegmentedRaftLogWorker was interrupted, exiting. There are 0 tasks remaining in the queue.
2019-09-30 19:03:27,677 [ForkJoinPool.commonPool-worker-0] INFO  segmented.SegmentedRaftLogWorker (SegmentedRaftLogWorker.java:close(228)) - 4d188239-23e4-42be-905f-1996fdec2c9c@group-C484DE0CA5D2-SegmentedRaftLogWorker close()
2019-09-30 19:03:27,680 [ForkJoinPool.commonPool-worker-0] INFO  server.GrpcService (GrpcService.java:closeImpl(164)) - 4d188239-23e4-42be-905f-1996fdec2c9c: shutdown server with port 35619 now
2019-09-30 19:03:27,681 [grpc-default-executor-11] WARN  client.GrpcClientProtocolService (LogUtils.java:warn(134)) - 1-UnorderedRequestStreamObserver1: onError: org.apache.ratis.thirdparty.io.grpc.StatusRuntimeException: CANCELLED: cancelled before receiving half close
2019-09-30 19:03:27,681 [ForkJoinPool.commonPool-worker-0] INFO  server.GrpcService (GrpcService.java:closeImpl(172)) - 4d188239-23e4-42be-905f-1996fdec2c9c: shutdown server with port 35619 successfully
2019-09-30 19:03:27,686 [025042d3-9c8f-4cc2-b91c-038e79c6d064@group-341170A1A634-StateMachineUpdater] INFO  ratis.ContainerStateMachine (ContainerStateMachine.java:takeSnapshot(300)) - group-341170A1A634: Finished taking a snapshot at:(t:1, i:13) file:/workdir/hadoop-ozone/integration-test/target/test-dir/MiniOzoneClusterImpl-5336a62e-69ee-4f83-b879-69e147fbc7dd/datanode-5/data/ratis/7ea2c4b5-4190-4ad1-8bb3-341170a1a634/sm/snapshot.1_13 time:14
2019-09-30 19:03:27,687 [025042d3-9c8f-4cc2-b91c-038e79c6d064@group-341170A1A634-StateMachineUpdater] INFO  impl.StateMachineUpdater (StateMachineUpdater.java:takeSnapshot(258)) - 025042d3-9c8f-4cc2-b91c-038e79c6d064@group-341170A1A634-StateMachineUpdater: Took a snapshot at index 13
2019-09-30 19:03:27,687 [025042d3-9c8f-4cc2-b91c-038e79c6d064@group-341170A1A634-StateMachineUpdater] INFO  impl.StateMachineUpdater (StateMachineUpdater.java:lambda$new$0(83)) - 025042d3-9c8f-4cc2-b91c-038e79c6d064@group-341170A1A634-StateMachineUpdater: snapshotIndex: updateIncreasingly 13 -> 13
2019-09-30 19:03:27,687 [main] INFO  impl.RaftServerImpl (ServerState.java:close(385)) - 025042d3-9c8f-4cc2-b91c-038e79c6d064@group-341170A1A634: closes. applyIndex: 17
2019-09-30 19:03:27,688 [refreshUsed-/workdir/hadoop-ozone/integration-test/target/test-dir/MiniOzoneClusterImpl-5336a62e-69ee-4f83-b879-69e147fbc7dd/datanode-0/data/containers] WARN  fs.CachingGetSpaceUsed (CachingGetSpaceUsed.java:run(183)) - Thread Interrupted waiting to refresh disk information: sleep interrupted
2019-09-30 19:03:27,689 [025042d3-9c8f-4cc2-b91c-038e79c6d064@group-341170A1A634-SegmentedRaftLogWorker] INFO  segmented.SegmentedRaftLogWorker (SegmentedRaftLogWorker.java:run(313)) - 025042d3-9c8f-4cc2-b91c-038e79c6d064@group-341170A1A634-SegmentedRaftLogWorker was interrupted, exiting. There are 0 tasks remaining in the queue.
2019-09-30 19:03:27,690 [main] INFO  segmented.SegmentedRaftLogWorker (SegmentedRaftLogWorker.java:close(228)) - 025042d3-9c8f-4cc2-b91c-038e79c6d064@group-341170A1A634-SegmentedRaftLogWorker close()
2019-09-30 19:03:27,694 [main] INFO  impl.RaftServerImpl (RaftServerImpl.java:lambda$shutdown$3(251)) - 025042d3-9c8f-4cc2-b91c-038e79c6d064@group-778B67D44E7D: shutdown
2019-09-30 19:03:27,695 [main] INFO  util.JmxRegister (JmxRegister.java:unregister(73)) - Successfully un-registered JMX Bean with object name Ratis:service=RaftServer,group=group-778B67D44E7D,id=025042d3-9c8f-4cc2-b91c-038e79c6d064
2019-09-30 19:03:27,696 [main] INFO  impl.RoleInfo (RoleInfo.java:shutdownLeaderState(104)) - 025042d3-9c8f-4cc2-b91c-038e79c6d064: shutdown LeaderState
2019-09-30 19:03:27,696 [main] INFO  impl.PendingRequests (PendingRequests.java:sendNotLeaderResponses(202)) - 025042d3-9c8f-4cc2-b91c-038e79c6d064-PendingRequests: sendNotLeaderResponses
2019-09-30 19:03:27,697 [main] INFO  impl.StateMachineUpdater (StateMachineUpdater.java:stopAndJoin(125)) - 025042d3-9c8f-4cc2-b91c-038e79c6d064@group-778B67D44E7D-StateMachineUpdater: set stopIndex = 0
2019-09-30 19:03:27,698 [main] INFO  impl.RaftServerImpl (ServerState.java:close(385)) - 025042d3-9c8f-4cc2-b91c-038e79c6d064@group-778B67D44E7D: closes. applyIndex: 0
2019-09-30 19:03:27,698 [025042d3-9c8f-4cc2-b91c-038e79c6d064@group-778B67D44E7D-SegmentedRaftLogWorker] INFO  segmented.SegmentedRaftLogWorker (SegmentedRaftLogWorker.java:run(313)) - 025042d3-9c8f-4cc2-b91c-038e79c6d064@group-778B67D44E7D-SegmentedRaftLogWorker was interrupted, exiting. There are 0 tasks remaining in the queue.
2019-09-30 19:03:27,699 [main] INFO  segmented.SegmentedRaftLogWorker (SegmentedRaftLogWorker.java:close(228)) - 025042d3-9c8f-4cc2-b91c-038e79c6d064@group-778B67D44E7D-SegmentedRaftLogWorker close()
2019-09-30 19:03:27,700 [main] INFO  server.GrpcService (GrpcService.java:closeImpl(164)) - 025042d3-9c8f-4cc2-b91c-038e79c6d064: shutdown server with port 44386 now
2019-09-30 19:03:27,701 [main] INFO  server.GrpcService (GrpcService.java:closeImpl(172)) - 025042d3-9c8f-4cc2-b91c-038e79c6d064: shutdown server with port 44386 successfully
2019-09-30 19:03:27,703 [refreshUsed-/workdir/hadoop-ozone/integration-test/target/test-dir/MiniOzoneClusterImpl-5336a62e-69ee-4f83-b879-69e147fbc7dd/datanode-5/data/containers] WARN  fs.CachingGetSpaceUsed (CachingGetSpaceUsed.java:run(183)) - Thread Interrupted waiting to refresh disk information: sleep interrupted
2019-09-30 19:03:27,712 [ForkJoinPool.commonPool-worker-0] INFO  utils.BackgroundService (BackgroundService.java:shutdown(148)) - Shutting down service BlockDeletingService
2019-09-30 19:03:27,715 [ForkJoinPool.commonPool-worker-0] INFO  statemachine.DatanodeStateMachine (DatanodeStateMachine.java:stopDaemon(395)) - Ozone container server stopped.
2019-09-30 19:03:27,720 [ForkJoinPool.commonPool-worker-0] INFO  handler.ContextHandler (ContextHandler.java:doStop(910)) - Stopped o.e.j.w.WebAppContext@1373e3ee{/,null,UNAVAILABLE}{/hddsDatanode}
2019-09-30 19:03:27,720 [ForkJoinPool.commonPool-worker-0] INFO  server.AbstractConnector (AbstractConnector.java:doStop(318)) - Stopped ServerConnector@175c5c3a{HTTP/1.1,[http/1.1]}{0.0.0.0:0}
2019-09-30 19:03:27,721 [ForkJoinPool.commonPool-worker-0] INFO  handler.ContextHandler (ContextHandler.java:doStop(910)) - Stopped o.e.j.s.ServletContextHandler@4652c74d{/static,jar:file:/home/user/.m2/repository/org/apache/hadoop/hadoop-hdds-container-service/0.5.0-SNAPSHOT/hadoop-hdds-container-service-0.5.0-SNAPSHOT.jar!/webapps/static,UNAVAILABLE}
2019-09-30 19:03:27,722 [ForkJoinPool.commonPool-worker-0] INFO  handler.ContextHandler (ContextHandler.java:doStop(910)) - Stopped o.e.j.s.ServletContextHandler@c48b543{/logs,file:///workdir/hadoop-ozone/integration-test/target/log,UNAVAILABLE}
2019-09-30 19:03:27,723 [main] INFO  utils.BackgroundService (BackgroundService.java:shutdown(148)) - Shutting down service BlockDeletingService
2019-09-30 19:03:27,727 [main] INFO  statemachine.DatanodeStateMachine (DatanodeStateMachine.java:stopDaemon(395)) - Ozone container server stopped.
2019-09-30 19:03:27,727 [main] INFO  handler.ContextHandler (ContextHandler.java:doStop(910)) - Stopped o.e.j.w.WebAppContext@4e958f08{/,null,UNAVAILABLE}{/hddsDatanode}
2019-09-30 19:03:27,728 [main] INFO  server.AbstractConnector (AbstractConnector.java:doStop(318)) - Stopped ServerConnector@71c0b742{HTTP/1.1,[http/1.1]}{0.0.0.0:0}
2019-09-30 19:03:27,728 [main] INFO  handler.ContextHandler (ContextHandler.java:doStop(910)) - Stopped o.e.j.s.ServletContextHandler@5520f675{/static,jar:file:/home/user/.m2/repository/org/apache/hadoop/hadoop-hdds-container-service/0.5.0-SNAPSHOT/hadoop-hdds-container-service-0.5.0-SNAPSHOT.jar!/webapps/static,UNAVAILABLE}
2019-09-30 19:03:27,728 [main] INFO  handler.ContextHandler (ContextHandler.java:doStop(910)) - Stopped o.e.j.s.ServletContextHandler@51f68849{/logs,file:///workdir/hadoop-ozone/integration-test/target/log,UNAVAILABLE}
2019-09-30 19:03:27,729 [main] INFO  ozone.MiniOzoneClusterImpl (MiniOzoneClusterImpl.java:stopSCM(392)) - Stopping the StorageContainerManager
2019-09-30 19:03:27,729 [main] INFO  server.StorageContainerManager (StorageContainerManager.java:stop(808)) - Stopping Replication Manager Service.
2019-09-30 19:03:27,729 [main] INFO  container.ReplicationManager (ReplicationManager.java:stop(203)) - Stopping Replication Monitor Thread.
2019-09-30 19:03:27,730 [main] INFO  server.StorageContainerManager (StorageContainerManager.java:stop(815)) - Stopping Lease Manager of the command watchers
2019-09-30 19:03:27,730 [main] INFO  server.StorageContainerManager (StorageContainerManager.java:stop(822)) - Stopping datanode service RPC server
2019-09-30 19:03:27,730 [main] INFO  server.SCMDatanodeProtocolServer (SCMDatanodeProtocolServer.java:stop(367)) - Stopping the RPC server for DataNodes
2019-09-30 19:03:27,730 [main] INFO  ipc.Server (Server.java:stop(3082)) - Stopping server on 45486
2019-09-30 19:03:27,733 [IPC Server listener on 45486] INFO  ipc.Server (Server.java:run(1185)) - Stopping IPC Server listener on 45486
2019-09-30 19:03:27,733 [IPC Server Responder] INFO  ipc.Server (Server.java:run(1319)) - Stopping IPC Server Responder
2019-09-30 19:03:27,802 [SCM Heartbeat Processing Thread - 0] WARN  node.NodeStateManager (NodeStateManager.java:scheduleNextHealthCheck(646)) - Current Thread is interrupted, shutting down HB processing thread for Node Manager.
2019-09-30 19:03:27,802 [main] INFO  server.StorageContainerManager (StorageContainerManager.java:stop(830)) - Stopping block service RPC server
2019-09-30 19:03:27,803 [main] INFO  server.SCMBlockProtocolServer (SCMBlockProtocolServer.java:stop(155)) - Stopping the RPC server for Block Protocol
2019-09-30 19:03:27,803 [main] INFO  ipc.Server (Server.java:stop(3082)) - Stopping server on 34442
2019-09-30 19:03:27,806 [main] INFO  server.StorageContainerManager (StorageContainerManager.java:stop(837)) - Stopping the StorageContainerLocationProtocol RPC server
2019-09-30 19:03:27,807 [main] INFO  server.SCMClientProtocolServer (SCMClientProtocolServer.java:stop(158)) - Stopping the RPC server for Client Protocol
2019-09-30 19:03:27,807 [IPC Server Responder] INFO  ipc.Server (Server.java:run(1319)) - Stopping IPC Server Responder
2019-09-30 19:03:27,807 [main] INFO  ipc.Server (Server.java:stop(3082)) - Stopping server on 37579
2019-09-30 19:03:27,807 [IPC Server listener on 34442] INFO  ipc.Server (Server.java:run(1185)) - Stopping IPC Server listener on 34442
2019-09-30 19:03:27,811 [main] INFO  server.StorageContainerManager (StorageContainerManager.java:stop(844)) - Stopping Storage Container Manager HTTP server.
2019-09-30 19:03:27,812 [IPC Server Responder] INFO  ipc.Server (Server.java:run(1319)) - Stopping IPC Server Responder
2019-09-30 19:03:27,813 [IPC Server listener on 37579] INFO  ipc.Server (Server.java:run(1185)) - Stopping IPC Server listener on 37579
2019-09-30 19:03:27,815 [main] INFO  handler.ContextHandler (ContextHandler.java:doStop(910)) - Stopped o.e.j.w.WebAppContext@231cdda8{/,null,UNAVAILABLE}{/scm}
2019-09-30 19:03:27,816 [main] INFO  server.AbstractConnector (AbstractConnector.java:doStop(318)) - Stopped ServerConnector@6b70d1fb{HTTP/1.1,[http/1.1]}{0.0.0.0:0}
2019-09-30 19:03:27,816 [main] INFO  handler.ContextHandler (ContextHandler.java:doStop(910)) - Stopped o.e.j.s.ServletContextHandler@2f2e4bde{/static,file:///workdir/hadoop-ozone/integration-test/target/test-classes/webapps/static,UNAVAILABLE}
2019-09-30 19:03:27,817 [main] INFO  handler.ContextHandler (ContextHandler.java:doStop(910)) - Stopped o.e.j.s.ServletContextHandler@2dc39b53{/logs,file:///workdir/hadoop-ozone/integration-test/target/log,UNAVAILABLE}
2019-09-30 19:03:27,817 [main] INFO  server.StorageContainerManager (StorageContainerManager.java:stop(855)) - Stopping Block Manager Service.
2019-09-30 19:03:27,818 [main] INFO  utils.BackgroundService (BackgroundService.java:shutdown(148)) - Shutting down service SCMBlockDeletingService
2019-09-30 19:03:27,818 [main] INFO  utils.BackgroundService (BackgroundService.java:shutdown(148)) - Shutting down service SCMBlockDeletingService
2019-09-30 19:03:27,818 [main] INFO  server.StorageContainerManager (StorageContainerManager.java:stop(877)) - Stopping SCM Event Queue.
2019-09-30 19:03:27,822 [main] INFO  impl.MetricsSystemImpl (MetricsSystemImpl.java:stop(210)) - Stopping HddsDatanode metrics system...
2019-09-30 19:03:27,843 [main] INFO  impl.MetricsSystemImpl (MetricsSystemImpl.java:stop(216)) - HddsDatanode metrics system stopped.
]]></system-out>
    <system-err><![CDATA[Sep 30, 2019 7:02:44 PM org.apache.ratis.thirdparty.io.grpc.internal.ManagedChannelOrphanWrapper$ManagedChannelReference cleanQueue
SEVERE: *~*~*~ Channel ManagedChannelImpl{logId=2844, target=192.168.151.118:45148} was not shutdown properly!!! ~*~*~*
    Make sure to call shutdown()/shutdownNow() and wait until awaitTermination() returns true.
java.lang.RuntimeException: ManagedChannel allocation site
	at org.apache.ratis.thirdparty.io.grpc.internal.ManagedChannelOrphanWrapper$ManagedChannelReference.<init>(ManagedChannelOrphanWrapper.java:103)
	at org.apache.ratis.thirdparty.io.grpc.internal.ManagedChannelOrphanWrapper.<init>(ManagedChannelOrphanWrapper.java:53)
	at org.apache.ratis.thirdparty.io.grpc.internal.ManagedChannelOrphanWrapper.<init>(ManagedChannelOrphanWrapper.java:44)
	at org.apache.ratis.thirdparty.io.grpc.internal.AbstractManagedChannelImplBuilder.build(AbstractManagedChannelImplBuilder.java:411)
	at org.apache.hadoop.hdds.scm.XceiverClientGrpc.connectToDatanode(XceiverClientGrpc.java:181)
	at org.apache.hadoop.hdds.scm.XceiverClientGrpc.reconnect(XceiverClientGrpc.java:429)
	at org.apache.hadoop.hdds.scm.XceiverClientGrpc.sendCommandAsync(XceiverClientGrpc.java:378)
	at org.apache.hadoop.hdds.scm.XceiverClientGrpc.sendCommandWithRetry(XceiverClientGrpc.java:291)
	at org.apache.hadoop.hdds.scm.XceiverClientGrpc.sendCommandWithTraceIDAndRetry(XceiverClientGrpc.java:257)
	at org.apache.hadoop.hdds.scm.XceiverClientGrpc.sendCommand(XceiverClientGrpc.java:240)
	at org.apache.hadoop.hdds.scm.storage.ContainerProtocolCalls.getBlock(ContainerProtocolCalls.java:118)
	at org.apache.hadoop.hdds.scm.storage.BlockInputStream.getChunkInfos(BlockInputStream.java:167)
	at org.apache.hadoop.hdds.scm.storage.BlockInputStream.initialize(BlockInputStream.java:118)
	at org.apache.hadoop.hdds.scm.storage.BlockInputStream.read(BlockInputStream.java:222)
	at org.apache.hadoop.ozone.client.io.KeyInputStream.read(KeyInputStream.java:171)
	at org.apache.hadoop.ozone.client.io.OzoneInputStream.read(OzoneInputStream.java:47)
	at java.io.InputStream.read(InputStream.java:101)
	at org.apache.hadoop.ozone.container.ContainerTestHelper.validateData(ContainerTestHelper.java:714)
	at org.apache.hadoop.ozone.client.rpc.TestBlockOutputStreamWithFailures.validateData(TestBlockOutputStreamWithFailures.java:1216)
	at org.apache.hadoop.ozone.client.rpc.TestBlockOutputStreamWithFailures.testDatanodeFailureWithSingleNodeRatis(TestBlockOutputStreamWithFailures.java:1058)
	at sun.reflect.NativeMethodAccessorImpl.invoke0(Native Method)
	at sun.reflect.NativeMethodAccessorImpl.invoke(NativeMethodAccessorImpl.java:62)
	at sun.reflect.DelegatingMethodAccessorImpl.invoke(DelegatingMethodAccessorImpl.java:43)
	at java.lang.reflect.Method.invoke(Method.java:498)
	at org.junit.runners.model.FrameworkMethod$1.runReflectiveCall(FrameworkMethod.java:47)
	at org.junit.internal.runners.model.ReflectiveCallable.run(ReflectiveCallable.java:12)
	at org.junit.runners.model.FrameworkMethod.invokeExplosively(FrameworkMethod.java:44)
	at org.junit.internal.runners.statements.InvokeMethod.evaluate(InvokeMethod.java:17)
	at org.junit.internal.runners.statements.RunBefores.evaluate(RunBefores.java:26)
	at org.junit.internal.runners.statements.RunAfters.evaluate(RunAfters.java:27)
	at org.junit.runners.ParentRunner.runLeaf(ParentRunner.java:271)
	at org.junit.runners.BlockJUnit4ClassRunner.runChild(BlockJUnit4ClassRunner.java:70)
	at org.junit.runners.BlockJUnit4ClassRunner.runChild(BlockJUnit4ClassRunner.java:50)
	at org.junit.runners.ParentRunner$3.run(ParentRunner.java:238)
	at org.junit.runners.ParentRunner$1.schedule(ParentRunner.java:63)
	at org.junit.runners.ParentRunner.runChildren(ParentRunner.java:236)
	at org.junit.runners.ParentRunner.access$000(ParentRunner.java:53)
	at org.junit.runners.ParentRunner$2.evaluate(ParentRunner.java:229)
	at org.junit.runners.ParentRunner.run(ParentRunner.java:309)
	at org.apache.maven.surefire.junit4.JUnit4Provider.execute(JUnit4Provider.java:365)
	at org.apache.maven.surefire.junit4.JUnit4Provider.executeWithRerun(JUnit4Provider.java:273)
	at org.apache.maven.surefire.junit4.JUnit4Provider.executeTestSet(JUnit4Provider.java:238)
	at org.apache.maven.surefire.junit4.JUnit4Provider.invoke(JUnit4Provider.java:159)
	at org.apache.maven.surefire.booter.ForkedBooter.invokeProviderInSameClassLoader(ForkedBooter.java:384)
	at org.apache.maven.surefire.booter.ForkedBooter.runSuitesInProcess(ForkedBooter.java:345)
	at org.apache.maven.surefire.booter.ForkedBooter.execute(ForkedBooter.java:126)
	at org.apache.maven.surefire.booter.ForkedBooter.main(ForkedBooter.java:418)

Sep 30, 2019 7:02:44 PM org.apache.ratis.thirdparty.io.grpc.internal.ManagedChannelOrphanWrapper$ManagedChannelReference cleanQueue
SEVERE: *~*~*~ Channel ManagedChannelImpl{logId=3029, target=192.168.151.118:36873} was not shutdown properly!!! ~*~*~*
    Make sure to call shutdown()/shutdownNow() and wait until awaitTermination() returns true.
java.lang.RuntimeException: ManagedChannel allocation site
	at org.apache.ratis.thirdparty.io.grpc.internal.ManagedChannelOrphanWrapper$ManagedChannelReference.<init>(ManagedChannelOrphanWrapper.java:103)
	at org.apache.ratis.thirdparty.io.grpc.internal.ManagedChannelOrphanWrapper.<init>(ManagedChannelOrphanWrapper.java:53)
	at org.apache.ratis.thirdparty.io.grpc.internal.ManagedChannelOrphanWrapper.<init>(ManagedChannelOrphanWrapper.java:44)
	at org.apache.ratis.thirdparty.io.grpc.internal.AbstractManagedChannelImplBuilder.build(AbstractManagedChannelImplBuilder.java:411)
	at org.apache.ratis.grpc.client.GrpcClientProtocolClient.<init>(GrpcClientProtocolClient.java:127)
	at org.apache.ratis.grpc.client.GrpcClientRpc.lambda$new$0(GrpcClientRpc.java:55)
	at org.apache.ratis.util.PeerProxyMap$PeerAndProxy.lambda$getProxy$0(PeerProxyMap.java:61)
	at org.apache.ratis.util.LifeCycle.startAndTransition(LifeCycle.java:202)
	at org.apache.ratis.util.PeerProxyMap$PeerAndProxy.getProxy(PeerProxyMap.java:60)
	at org.apache.ratis.util.PeerProxyMap.getProxy(PeerProxyMap.java:108)
	at org.apache.ratis.grpc.client.GrpcClientRpc.sendRequestAsync(GrpcClientRpc.java:66)
	at org.apache.ratis.client.impl.OrderedAsync.sendRequest(OrderedAsync.java:208)
	at org.apache.ratis.client.impl.OrderedAsync.sendRequestWithRetry(OrderedAsync.java:169)
	at org.apache.ratis.util.SlidingWindow$Client.sendOrDelayRequest(SlidingWindow.java:278)
	at org.apache.ratis.util.SlidingWindow$Client.retry(SlidingWindow.java:294)
	at org.apache.ratis.client.impl.OrderedAsync.lambda$scheduleWithTimeout$7(OrderedAsync.java:195)
	at org.apache.ratis.util.TimeoutScheduler.lambda$onTimeout$0(TimeoutScheduler.java:113)
	at org.apache.ratis.util.TimeoutScheduler.lambda$onTimeout$1(TimeoutScheduler.java:133)
	at org.apache.ratis.util.LogUtils.runAndLog(LogUtils.java:50)
	at org.apache.ratis.util.LogUtils$1.run(LogUtils.java:91)
	at java.util.concurrent.Executors$RunnableAdapter.call(Executors.java:511)
	at java.util.concurrent.FutureTask.run(FutureTask.java:266)
	at java.util.concurrent.ScheduledThreadPoolExecutor$ScheduledFutureTask.access$201(ScheduledThreadPoolExecutor.java:180)
	at java.util.concurrent.ScheduledThreadPoolExecutor$ScheduledFutureTask.run(ScheduledThreadPoolExecutor.java:293)
	at java.util.concurrent.ThreadPoolExecutor.runWorker(ThreadPoolExecutor.java:1149)
	at java.util.concurrent.ThreadPoolExecutor$Worker.run(ThreadPoolExecutor.java:624)
	at java.lang.Thread.run(Thread.java:748)

Sep 30, 2019 7:02:44 PM org.apache.ratis.thirdparty.io.grpc.internal.ManagedChannelOrphanWrapper$ManagedChannelReference cleanQueue
SEVERE: *~*~*~ Channel ManagedChannelImpl{logId=2815, target=192.168.151.118:35008} was not shutdown properly!!! ~*~*~*
    Make sure to call shutdown()/shutdownNow() and wait until awaitTermination() returns true.
java.lang.RuntimeException: ManagedChannel allocation site
	at org.apache.ratis.thirdparty.io.grpc.internal.ManagedChannelOrphanWrapper$ManagedChannelReference.<init>(ManagedChannelOrphanWrapper.java:103)
	at org.apache.ratis.thirdparty.io.grpc.internal.ManagedChannelOrphanWrapper.<init>(ManagedChannelOrphanWrapper.java:53)
	at org.apache.ratis.thirdparty.io.grpc.internal.ManagedChannelOrphanWrapper.<init>(ManagedChannelOrphanWrapper.java:44)
	at org.apache.ratis.thirdparty.io.grpc.internal.AbstractManagedChannelImplBuilder.build(AbstractManagedChannelImplBuilder.java:411)
	at org.apache.ratis.grpc.client.GrpcClientProtocolClient.<init>(GrpcClientProtocolClient.java:127)
	at org.apache.ratis.grpc.client.GrpcClientRpc.lambda$new$0(GrpcClientRpc.java:55)
	at org.apache.ratis.util.PeerProxyMap$PeerAndProxy.lambda$getProxy$0(PeerProxyMap.java:61)
	at org.apache.ratis.util.LifeCycle.startAndTransition(LifeCycle.java:202)
	at org.apache.ratis.util.PeerProxyMap$PeerAndProxy.getProxy(PeerProxyMap.java:60)
	at org.apache.ratis.util.PeerProxyMap.getProxy(PeerProxyMap.java:108)
	at org.apache.ratis.grpc.client.GrpcClientRpc.sendRequestAsync(GrpcClientRpc.java:66)
	at org.apache.ratis.client.impl.OrderedAsync.sendRequest(OrderedAsync.java:208)
	at org.apache.ratis.client.impl.OrderedAsync.sendRequestWithRetry(OrderedAsync.java:169)
	at org.apache.ratis.util.SlidingWindow$Client.sendOrDelayRequest(SlidingWindow.java:278)
	at org.apache.ratis.util.SlidingWindow$Client.submitNewRequest(SlidingWindow.java:257)
	at org.apache.ratis.client.impl.OrderedAsync.send(OrderedAsync.java:155)
	at org.apache.ratis.client.impl.RaftClientImpl.sendAsync(RaftClientImpl.java:144)
	at org.apache.ratis.client.impl.RaftClientImpl.sendAsync(RaftClientImpl.java:124)
	at org.apache.hadoop.hdds.scm.XceiverClientRatis.sendRequestAsync(XceiverClientRatis.java:234)
	at org.apache.hadoop.hdds.scm.XceiverClientRatis.sendCommandAsync(XceiverClientRatis.java:332)
	at org.apache.hadoop.hdds.scm.storage.ContainerProtocolCalls.writeChunkAsync(ContainerProtocolCalls.java:310)
	at org.apache.hadoop.hdds.scm.storage.BlockOutputStream.writeChunkToContainer(BlockOutputStream.java:601)
	at org.apache.hadoop.hdds.scm.storage.BlockOutputStream.writeChunk(BlockOutputStream.java:459)
	at org.apache.hadoop.hdds.scm.storage.BlockOutputStream.writeOnRetry(BlockOutputStream.java:285)
	at org.apache.hadoop.ozone.client.io.BlockOutputStreamEntry.writeOnRetry(BlockOutputStreamEntry.java:200)
	at org.apache.hadoop.ozone.client.io.KeyOutputStream.handleWrite(KeyOutputStream.java:206)
	at org.apache.hadoop.ozone.client.io.KeyOutputStream.handleRetry(KeyOutputStream.java:375)
	at org.apache.hadoop.ozone.client.io.KeyOutputStream.handleException(KeyOutputStream.java:324)
	at org.apache.hadoop.ozone.client.io.KeyOutputStream.handleFlushOrClose(KeyOutputStream.java:449)
	at org.apache.hadoop.ozone.client.io.KeyOutputStream.handleWrite(KeyOutputStream.java:232)
	at org.apache.hadoop.ozone.client.io.KeyOutputStream.write(KeyOutputStream.java:190)
	at org.apache.hadoop.ozone.client.io.OzoneOutputStream.write(OzoneOutputStream.java:49)
	at java.io.OutputStream.write(OutputStream.java:75)
	at org.apache.hadoop.ozone.client.rpc.TestBlockOutputStreamWithFailures.testDatanodeFailureWithSingleNodeRatis(TestBlockOutputStreamWithFailures.java:1021)
	at sun.reflect.NativeMethodAccessorImpl.invoke0(Native Method)
	at sun.reflect.NativeMethodAccessorImpl.invoke(NativeMethodAccessorImpl.java:62)
	at sun.reflect.DelegatingMethodAccessorImpl.invoke(DelegatingMethodAccessorImpl.java:43)
	at java.lang.reflect.Method.invoke(Method.java:498)
	at org.junit.runners.model.FrameworkMethod$1.runReflectiveCall(FrameworkMethod.java:47)
	at org.junit.internal.runners.model.ReflectiveCallable.run(ReflectiveCallable.java:12)
	at org.junit.runners.model.FrameworkMethod.invokeExplosively(FrameworkMethod.java:44)
	at org.junit.internal.runners.statements.InvokeMethod.evaluate(InvokeMethod.java:17)
	at org.junit.internal.runners.statements.RunBefores.evaluate(RunBefores.java:26)
	at org.junit.internal.runners.statements.RunAfters.evaluate(RunAfters.java:27)
	at org.junit.runners.ParentRunner.runLeaf(ParentRunner.java:271)
	at org.junit.runners.BlockJUnit4ClassRunner.runChild(BlockJUnit4ClassRunner.java:70)
	at org.junit.runners.BlockJUnit4ClassRunner.runChild(BlockJUnit4ClassRunner.java:50)
	at org.junit.runners.ParentRunner$3.run(ParentRunner.java:238)
	at org.junit.runners.ParentRunner$1.schedule(ParentRunner.java:63)
	at org.junit.runners.ParentRunner.runChildren(ParentRunner.java:236)
	at org.junit.runners.ParentRunner.access$000(ParentRunner.java:53)
	at org.junit.runners.ParentRunner$2.evaluate(ParentRunner.java:229)
	at org.junit.runners.ParentRunner.run(ParentRunner.java:309)
	at org.apache.maven.surefire.junit4.JUnit4Provider.execute(JUnit4Provider.java:365)
	at org.apache.maven.surefire.junit4.JUnit4Provider.executeWithRerun(JUnit4Provider.java:273)
	at org.apache.maven.surefire.junit4.JUnit4Provider.executeTestSet(JUnit4Provider.java:238)
	at org.apache.maven.surefire.junit4.JUnit4Provider.invoke(JUnit4Provider.java:159)
	at org.apache.maven.surefire.booter.ForkedBooter.invokeProviderInSameClassLoader(ForkedBooter.java:384)
	at org.apache.maven.surefire.booter.ForkedBooter.runSuitesInProcess(ForkedBooter.java:345)
	at org.apache.maven.surefire.booter.ForkedBooter.execute(ForkedBooter.java:126)
	at org.apache.maven.surefire.booter.ForkedBooter.main(ForkedBooter.java:418)

Sep 30, 2019 7:02:44 PM org.apache.ratis.thirdparty.io.grpc.internal.ManagedChannelOrphanWrapper$ManagedChannelReference cleanQueue
SEVERE: *~*~*~ Channel ManagedChannelImpl{logId=2849, target=192.168.151.118:41689} was not shutdown properly!!! ~*~*~*
    Make sure to call shutdown()/shutdownNow() and wait until awaitTermination() returns true.
java.lang.RuntimeException: ManagedChannel allocation site
	at org.apache.ratis.thirdparty.io.grpc.internal.ManagedChannelOrphanWrapper$ManagedChannelReference.<init>(ManagedChannelOrphanWrapper.java:103)
	at org.apache.ratis.thirdparty.io.grpc.internal.ManagedChannelOrphanWrapper.<init>(ManagedChannelOrphanWrapper.java:53)
	at org.apache.ratis.thirdparty.io.grpc.internal.ManagedChannelOrphanWrapper.<init>(ManagedChannelOrphanWrapper.java:44)
	at org.apache.ratis.thirdparty.io.grpc.internal.AbstractManagedChannelImplBuilder.build(AbstractManagedChannelImplBuilder.java:411)
	at org.apache.hadoop.hdds.scm.XceiverClientGrpc.connectToDatanode(XceiverClientGrpc.java:181)
	at org.apache.hadoop.hdds.scm.XceiverClientGrpc.reconnect(XceiverClientGrpc.java:429)
	at org.apache.hadoop.hdds.scm.XceiverClientGrpc.sendCommandAsync(XceiverClientGrpc.java:378)
	at org.apache.hadoop.hdds.scm.XceiverClientGrpc.sendCommandWithRetry(XceiverClientGrpc.java:291)
	at org.apache.hadoop.hdds.scm.XceiverClientGrpc.sendCommandWithTraceIDAndRetry(XceiverClientGrpc.java:257)
	at org.apache.hadoop.hdds.scm.XceiverClientGrpc.sendCommand(XceiverClientGrpc.java:240)
	at org.apache.hadoop.hdds.scm.storage.ContainerProtocolCalls.getBlock(ContainerProtocolCalls.java:118)
	at org.apache.hadoop.hdds.scm.storage.BlockInputStream.getChunkInfos(BlockInputStream.java:167)
	at org.apache.hadoop.hdds.scm.storage.BlockInputStream.initialize(BlockInputStream.java:118)
	at org.apache.hadoop.hdds.scm.storage.BlockInputStream.read(BlockInputStream.java:222)
	at org.apache.hadoop.ozone.client.io.KeyInputStream.read(KeyInputStream.java:171)
	at org.apache.hadoop.ozone.client.io.OzoneInputStream.read(OzoneInputStream.java:47)
	at java.io.InputStream.read(InputStream.java:101)
	at org.apache.hadoop.ozone.container.ContainerTestHelper.validateData(ContainerTestHelper.java:714)
	at org.apache.hadoop.ozone.client.rpc.TestBlockOutputStreamWithFailures.validateData(TestBlockOutputStreamWithFailures.java:1216)
	at org.apache.hadoop.ozone.client.rpc.TestBlockOutputStreamWithFailures.testDatanodeFailureWithSingleNodeRatis(TestBlockOutputStreamWithFailures.java:1058)
	at sun.reflect.NativeMethodAccessorImpl.invoke0(Native Method)
	at sun.reflect.NativeMethodAccessorImpl.invoke(NativeMethodAccessorImpl.java:62)
	at sun.reflect.DelegatingMethodAccessorImpl.invoke(DelegatingMethodAccessorImpl.java:43)
	at java.lang.reflect.Method.invoke(Method.java:498)
	at org.junit.runners.model.FrameworkMethod$1.runReflectiveCall(FrameworkMethod.java:47)
	at org.junit.internal.runners.model.ReflectiveCallable.run(ReflectiveCallable.java:12)
	at org.junit.runners.model.FrameworkMethod.invokeExplosively(FrameworkMethod.java:44)
	at org.junit.internal.runners.statements.InvokeMethod.evaluate(InvokeMethod.java:17)
	at org.junit.internal.runners.statements.RunBefores.evaluate(RunBefores.java:26)
	at org.junit.internal.runners.statements.RunAfters.evaluate(RunAfters.java:27)
	at org.junit.runners.ParentRunner.runLeaf(ParentRunner.java:271)
	at org.junit.runners.BlockJUnit4ClassRunner.runChild(BlockJUnit4ClassRunner.java:70)
	at org.junit.runners.BlockJUnit4ClassRunner.runChild(BlockJUnit4ClassRunner.java:50)
	at org.junit.runners.ParentRunner$3.run(ParentRunner.java:238)
	at org.junit.runners.ParentRunner$1.schedule(ParentRunner.java:63)
	at org.junit.runners.ParentRunner.runChildren(ParentRunner.java:236)
	at org.junit.runners.ParentRunner.access$000(ParentRunner.java:53)
	at org.junit.runners.ParentRunner$2.evaluate(ParentRunner.java:229)
	at org.junit.runners.ParentRunner.run(ParentRunner.java:309)
	at org.apache.maven.surefire.junit4.JUnit4Provider.execute(JUnit4Provider.java:365)
	at org.apache.maven.surefire.junit4.JUnit4Provider.executeWithRerun(JUnit4Provider.java:273)
	at org.apache.maven.surefire.junit4.JUnit4Provider.executeTestSet(JUnit4Provider.java:238)
	at org.apache.maven.surefire.junit4.JUnit4Provider.invoke(JUnit4Provider.java:159)
	at org.apache.maven.surefire.booter.ForkedBooter.invokeProviderInSameClassLoader(ForkedBooter.java:384)
	at org.apache.maven.surefire.booter.ForkedBooter.runSuitesInProcess(ForkedBooter.java:345)
	at org.apache.maven.surefire.booter.ForkedBooter.execute(ForkedBooter.java:126)
	at org.apache.maven.surefire.booter.ForkedBooter.main(ForkedBooter.java:418)

Sep 30, 2019 7:02:44 PM org.apache.ratis.thirdparty.io.grpc.internal.ManagedChannelOrphanWrapper$ManagedChannelReference cleanQueue
SEVERE: *~*~*~ Channel ManagedChannelImpl{logId=3049, target=192.168.151.118:39594} was not shutdown properly!!! ~*~*~*
    Make sure to call shutdown()/shutdownNow() and wait until awaitTermination() returns true.
java.lang.RuntimeException: ManagedChannel allocation site
	at org.apache.ratis.thirdparty.io.grpc.internal.ManagedChannelOrphanWrapper$ManagedChannelReference.<init>(ManagedChannelOrphanWrapper.java:103)
	at org.apache.ratis.thirdparty.io.grpc.internal.ManagedChannelOrphanWrapper.<init>(ManagedChannelOrphanWrapper.java:53)
	at org.apache.ratis.thirdparty.io.grpc.internal.ManagedChannelOrphanWrapper.<init>(ManagedChannelOrphanWrapper.java:44)
	at org.apache.ratis.thirdparty.io.grpc.internal.AbstractManagedChannelImplBuilder.build(AbstractManagedChannelImplBuilder.java:411)
	at org.apache.hadoop.hdds.scm.XceiverClientGrpc.connectToDatanode(XceiverClientGrpc.java:181)
	at org.apache.hadoop.hdds.scm.XceiverClientGrpc.reconnect(XceiverClientGrpc.java:429)
	at org.apache.hadoop.hdds.scm.XceiverClientGrpc.sendCommandAsync(XceiverClientGrpc.java:378)
	at org.apache.hadoop.hdds.scm.XceiverClientGrpc.sendCommandWithRetry(XceiverClientGrpc.java:291)
	at org.apache.hadoop.hdds.scm.XceiverClientGrpc.sendCommandWithTraceIDAndRetry(XceiverClientGrpc.java:257)
	at org.apache.hadoop.hdds.scm.XceiverClientGrpc.sendCommand(XceiverClientGrpc.java:240)
	at org.apache.hadoop.hdds.scm.storage.ContainerProtocolCalls.getBlock(ContainerProtocolCalls.java:118)
	at org.apache.hadoop.hdds.scm.storage.BlockInputStream.getChunkInfos(BlockInputStream.java:167)
	at org.apache.hadoop.hdds.scm.storage.BlockInputStream.initialize(BlockInputStream.java:118)
	at org.apache.hadoop.hdds.scm.storage.BlockInputStream.read(BlockInputStream.java:222)
	at org.apache.hadoop.ozone.client.io.KeyInputStream.read(KeyInputStream.java:171)
	at org.apache.hadoop.ozone.client.io.OzoneInputStream.read(OzoneInputStream.java:47)
	at java.io.InputStream.read(InputStream.java:101)
	at org.apache.hadoop.ozone.container.ContainerTestHelper.validateData(ContainerTestHelper.java:714)
	at org.apache.hadoop.ozone.client.rpc.TestBlockOutputStreamWithFailures.validateData(TestBlockOutputStreamWithFailures.java:1216)
	at org.apache.hadoop.ozone.client.rpc.TestBlockOutputStreamWithFailures.testWatchForCommitWithSingleNodeRatis(TestBlockOutputStreamWithFailures.java:918)
	at sun.reflect.NativeMethodAccessorImpl.invoke0(Native Method)
	at sun.reflect.NativeMethodAccessorImpl.invoke(NativeMethodAccessorImpl.java:62)
	at sun.reflect.DelegatingMethodAccessorImpl.invoke(DelegatingMethodAccessorImpl.java:43)
	at java.lang.reflect.Method.invoke(Method.java:498)
	at org.junit.runners.model.FrameworkMethod$1.runReflectiveCall(FrameworkMethod.java:47)
	at org.junit.internal.runners.model.ReflectiveCallable.run(ReflectiveCallable.java:12)
	at org.junit.runners.model.FrameworkMethod.invokeExplosively(FrameworkMethod.java:44)
	at org.junit.internal.runners.statements.InvokeMethod.evaluate(InvokeMethod.java:17)
	at org.junit.internal.runners.statements.RunBefores.evaluate(RunBefores.java:26)
	at org.junit.internal.runners.statements.RunAfters.evaluate(RunAfters.java:27)
	at org.junit.runners.ParentRunner.runLeaf(ParentRunner.java:271)
	at org.junit.runners.BlockJUnit4ClassRunner.runChild(BlockJUnit4ClassRunner.java:70)
	at org.junit.runners.BlockJUnit4ClassRunner.runChild(BlockJUnit4ClassRunner.java:50)
	at org.junit.runners.ParentRunner$3.run(ParentRunner.java:238)
	at org.junit.runners.ParentRunner$1.schedule(ParentRunner.java:63)
	at org.junit.runners.ParentRunner.runChildren(ParentRunner.java:236)
	at org.junit.runners.ParentRunner.access$000(ParentRunner.java:53)
	at org.junit.runners.ParentRunner$2.evaluate(ParentRunner.java:229)
	at org.junit.runners.ParentRunner.run(ParentRunner.java:309)
	at org.apache.maven.surefire.junit4.JUnit4Provider.execute(JUnit4Provider.java:365)
	at org.apache.maven.surefire.junit4.JUnit4Provider.executeWithRerun(JUnit4Provider.java:273)
	at org.apache.maven.surefire.junit4.JUnit4Provider.executeTestSet(JUnit4Provider.java:238)
	at org.apache.maven.surefire.junit4.JUnit4Provider.invoke(JUnit4Provider.java:159)
	at org.apache.maven.surefire.booter.ForkedBooter.invokeProviderInSameClassLoader(ForkedBooter.java:384)
	at org.apache.maven.surefire.booter.ForkedBooter.runSuitesInProcess(ForkedBooter.java:345)
	at org.apache.maven.surefire.booter.ForkedBooter.execute(ForkedBooter.java:126)
	at org.apache.maven.surefire.booter.ForkedBooter.main(ForkedBooter.java:418)

Sep 30, 2019 7:02:44 PM org.apache.ratis.thirdparty.io.grpc.internal.ManagedChannelOrphanWrapper$ManagedChannelReference cleanQueue
SEVERE: *~*~*~ Channel ManagedChannelImpl{logId=2811, target=192.168.151.118:37943} was not shutdown properly!!! ~*~*~*
    Make sure to call shutdown()/shutdownNow() and wait until awaitTermination() returns true.
java.lang.RuntimeException: ManagedChannel allocation site
	at org.apache.ratis.thirdparty.io.grpc.internal.ManagedChannelOrphanWrapper$ManagedChannelReference.<init>(ManagedChannelOrphanWrapper.java:103)
	at org.apache.ratis.thirdparty.io.grpc.internal.ManagedChannelOrphanWrapper.<init>(ManagedChannelOrphanWrapper.java:53)
	at org.apache.ratis.thirdparty.io.grpc.internal.ManagedChannelOrphanWrapper.<init>(ManagedChannelOrphanWrapper.java:44)
	at org.apache.ratis.thirdparty.io.grpc.internal.AbstractManagedChannelImplBuilder.build(AbstractManagedChannelImplBuilder.java:411)
	at org.apache.ratis.grpc.client.GrpcClientProtocolClient.<init>(GrpcClientProtocolClient.java:127)
	at org.apache.ratis.grpc.client.GrpcClientRpc.lambda$new$0(GrpcClientRpc.java:55)
	at org.apache.ratis.util.PeerProxyMap$PeerAndProxy.lambda$getProxy$0(PeerProxyMap.java:61)
	at org.apache.ratis.util.LifeCycle.startAndTransition(LifeCycle.java:202)
	at org.apache.ratis.util.PeerProxyMap$PeerAndProxy.getProxy(PeerProxyMap.java:60)
	at org.apache.ratis.util.PeerProxyMap.getProxy(PeerProxyMap.java:108)
	at org.apache.ratis.grpc.client.GrpcClientRpc.sendRequestAsync(GrpcClientRpc.java:66)
	at org.apache.ratis.client.impl.OrderedAsync.sendRequest(OrderedAsync.java:208)
	at org.apache.ratis.client.impl.OrderedAsync.sendRequestWithRetry(OrderedAsync.java:169)
	at org.apache.ratis.util.SlidingWindow$Client.sendOrDelayRequest(SlidingWindow.java:278)
	at org.apache.ratis.util.SlidingWindow$Client.retry(SlidingWindow.java:294)
	at org.apache.ratis.client.impl.OrderedAsync.lambda$scheduleWithTimeout$7(OrderedAsync.java:195)
	at org.apache.ratis.util.TimeoutScheduler.lambda$onTimeout$0(TimeoutScheduler.java:113)
	at org.apache.ratis.util.TimeoutScheduler.lambda$onTimeout$1(TimeoutScheduler.java:133)
	at org.apache.ratis.util.LogUtils.runAndLog(LogUtils.java:50)
	at org.apache.ratis.util.LogUtils$1.run(LogUtils.java:91)
	at java.util.concurrent.Executors$RunnableAdapter.call(Executors.java:511)
	at java.util.concurrent.FutureTask.run(FutureTask.java:266)
	at java.util.concurrent.ScheduledThreadPoolExecutor$ScheduledFutureTask.access$201(ScheduledThreadPoolExecutor.java:180)
	at java.util.concurrent.ScheduledThreadPoolExecutor$ScheduledFutureTask.run(ScheduledThreadPoolExecutor.java:293)
	at java.util.concurrent.ThreadPoolExecutor.runWorker(ThreadPoolExecutor.java:1149)
	at java.util.concurrent.ThreadPoolExecutor$Worker.run(ThreadPoolExecutor.java:624)
	at java.lang.Thread.run(Thread.java:748)

Sep 30, 2019 7:02:44 PM org.apache.ratis.thirdparty.io.grpc.internal.ManagedChannelOrphanWrapper$ManagedChannelReference cleanQueue
SEVERE: *~*~*~ Channel ManagedChannelImpl{logId=3044, target=192.168.151.118:39594} was not shutdown properly!!! ~*~*~*
    Make sure to call shutdown()/shutdownNow() and wait until awaitTermination() returns true.
java.lang.RuntimeException: ManagedChannel allocation site
	at org.apache.ratis.thirdparty.io.grpc.internal.ManagedChannelOrphanWrapper$ManagedChannelReference.<init>(ManagedChannelOrphanWrapper.java:103)
	at org.apache.ratis.thirdparty.io.grpc.internal.ManagedChannelOrphanWrapper.<init>(ManagedChannelOrphanWrapper.java:53)
	at org.apache.ratis.thirdparty.io.grpc.internal.ManagedChannelOrphanWrapper.<init>(ManagedChannelOrphanWrapper.java:44)
	at org.apache.ratis.thirdparty.io.grpc.internal.AbstractManagedChannelImplBuilder.build(AbstractManagedChannelImplBuilder.java:411)
	at org.apache.hadoop.hdds.scm.XceiverClientGrpc.connectToDatanode(XceiverClientGrpc.java:181)
	at org.apache.hadoop.hdds.scm.XceiverClientGrpc.reconnect(XceiverClientGrpc.java:429)
	at org.apache.hadoop.hdds.scm.XceiverClientGrpc.sendCommandAsync(XceiverClientGrpc.java:378)
	at org.apache.hadoop.hdds.scm.XceiverClientGrpc.sendCommandWithRetry(XceiverClientGrpc.java:291)
	at org.apache.hadoop.hdds.scm.XceiverClientGrpc.sendCommandWithTraceIDAndRetry(XceiverClientGrpc.java:257)
	at org.apache.hadoop.hdds.scm.XceiverClientGrpc.sendCommand(XceiverClientGrpc.java:240)
	at org.apache.hadoop.hdds.scm.storage.ContainerProtocolCalls.getBlock(ContainerProtocolCalls.java:118)
	at org.apache.hadoop.hdds.scm.storage.BlockInputStream.getChunkInfos(BlockInputStream.java:167)
	at org.apache.hadoop.hdds.scm.storage.BlockInputStream.initialize(BlockInputStream.java:118)
	at org.apache.hadoop.hdds.scm.storage.BlockInputStream.read(BlockInputStream.java:222)
	at org.apache.hadoop.ozone.client.io.KeyInputStream.read(KeyInputStream.java:171)
	at org.apache.hadoop.ozone.client.io.OzoneInputStream.read(OzoneInputStream.java:47)
	at java.io.InputStream.read(InputStream.java:101)
	at org.apache.hadoop.ozone.container.ContainerTestHelper.validateData(ContainerTestHelper.java:714)
	at org.apache.hadoop.ozone.client.rpc.TestBlockOutputStreamWithFailures.validateData(TestBlockOutputStreamWithFailures.java:1216)
	at org.apache.hadoop.ozone.client.rpc.TestBlockOutputStreamWithFailures.testWatchForCommitWithSingleNodeRatis(TestBlockOutputStreamWithFailures.java:918)
	at sun.reflect.NativeMethodAccessorImpl.invoke0(Native Method)
	at sun.reflect.NativeMethodAccessorImpl.invoke(NativeMethodAccessorImpl.java:62)
	at sun.reflect.DelegatingMethodAccessorImpl.invoke(DelegatingMethodAccessorImpl.java:43)
	at java.lang.reflect.Method.invoke(Method.java:498)
	at org.junit.runners.model.FrameworkMethod$1.runReflectiveCall(FrameworkMethod.java:47)
	at org.junit.internal.runners.model.ReflectiveCallable.run(ReflectiveCallable.java:12)
	at org.junit.runners.model.FrameworkMethod.invokeExplosively(FrameworkMethod.java:44)
	at org.junit.internal.runners.statements.InvokeMethod.evaluate(InvokeMethod.java:17)
	at org.junit.internal.runners.statements.RunBefores.evaluate(RunBefores.java:26)
	at org.junit.internal.runners.statements.RunAfters.evaluate(RunAfters.java:27)
	at org.junit.runners.ParentRunner.runLeaf(ParentRunner.java:271)
	at org.junit.runners.BlockJUnit4ClassRunner.runChild(BlockJUnit4ClassRunner.java:70)
	at org.junit.runners.BlockJUnit4ClassRunner.runChild(BlockJUnit4ClassRunner.java:50)
	at org.junit.runners.ParentRunner$3.run(ParentRunner.java:238)
	at org.junit.runners.ParentRunner$1.schedule(ParentRunner.java:63)
	at org.junit.runners.ParentRunner.runChildren(ParentRunner.java:236)
	at org.junit.runners.ParentRunner.access$000(ParentRunner.java:53)
	at org.junit.runners.ParentRunner$2.evaluate(ParentRunner.java:229)
	at org.junit.runners.ParentRunner.run(ParentRunner.java:309)
	at org.apache.maven.surefire.junit4.JUnit4Provider.execute(JUnit4Provider.java:365)
	at org.apache.maven.surefire.junit4.JUnit4Provider.executeWithRerun(JUnit4Provider.java:273)
	at org.apache.maven.surefire.junit4.JUnit4Provider.executeTestSet(JUnit4Provider.java:238)
	at org.apache.maven.surefire.junit4.JUnit4Provider.invoke(JUnit4Provider.java:159)
	at org.apache.maven.surefire.booter.ForkedBooter.invokeProviderInSameClassLoader(ForkedBooter.java:384)
	at org.apache.maven.surefire.booter.ForkedBooter.runSuitesInProcess(ForkedBooter.java:345)
	at org.apache.maven.surefire.booter.ForkedBooter.execute(ForkedBooter.java:126)
	at org.apache.maven.surefire.booter.ForkedBooter.main(ForkedBooter.java:418)

Sep 30, 2019 7:03:16 PM org.apache.ratis.thirdparty.io.grpc.internal.SerializingExecutor run
SEVERE: Exception while executing runnable org.apache.ratis.thirdparty.io.grpc.internal.ServerImpl$JumpToApplicationThreadServerStreamListener$1Closed@1a5fdc54
org.apache.ratis.thirdparty.io.grpc.StatusRuntimeException: CANCELLED: call already cancelled
	at org.apache.ratis.thirdparty.io.grpc.Status.asRuntimeException(Status.java:517)
	at org.apache.ratis.thirdparty.io.grpc.stub.ServerCalls$ServerCallStreamObserverImpl.onCompleted(ServerCalls.java:356)
	at org.apache.ratis.grpc.server.GrpcServerProtocolService$ServerRequestStreamObserver.onError(GrpcServerProtocolService.java:121)
	at org.apache.ratis.thirdparty.io.grpc.stub.ServerCalls$StreamingServerCallHandler$StreamingServerCallListener.onCancel(ServerCalls.java:269)
	at org.apache.ratis.thirdparty.io.grpc.internal.ServerCallImpl$ServerStreamListenerImpl.closed(ServerCallImpl.java:293)
	at org.apache.ratis.thirdparty.io.grpc.internal.ServerImpl$JumpToApplicationThreadServerStreamListener$1Closed.runInContext(ServerImpl.java:741)
	at org.apache.ratis.thirdparty.io.grpc.internal.ContextRunnable.run(ContextRunnable.java:37)
	at org.apache.ratis.thirdparty.io.grpc.internal.SerializingExecutor.run(SerializingExecutor.java:123)
	at java.util.concurrent.ThreadPoolExecutor.runWorker(ThreadPoolExecutor.java:1149)
	at java.util.concurrent.ThreadPoolExecutor$Worker.run(ThreadPoolExecutor.java:624)
	at java.lang.Thread.run(Thread.java:748)

Sep 30, 2019 7:03:16 PM org.apache.ratis.thirdparty.io.grpc.internal.SerializingExecutor run
SEVERE: Exception while executing runnable org.apache.ratis.thirdparty.io.grpc.internal.ServerImpl$JumpToApplicationThreadServerStreamListener$1Closed@24779e15
org.apache.ratis.thirdparty.io.grpc.StatusRuntimeException: CANCELLED: call already cancelled
	at org.apache.ratis.thirdparty.io.grpc.Status.asRuntimeException(Status.java:517)
	at org.apache.ratis.thirdparty.io.grpc.stub.ServerCalls$ServerCallStreamObserverImpl.onCompleted(ServerCalls.java:356)
	at org.apache.ratis.grpc.server.GrpcServerProtocolService$ServerRequestStreamObserver.onError(GrpcServerProtocolService.java:121)
	at org.apache.ratis.thirdparty.io.grpc.stub.ServerCalls$StreamingServerCallHandler$StreamingServerCallListener.onCancel(ServerCalls.java:269)
	at org.apache.ratis.thirdparty.io.grpc.internal.ServerCallImpl$ServerStreamListenerImpl.closed(ServerCallImpl.java:293)
	at org.apache.ratis.thirdparty.io.grpc.internal.ServerImpl$JumpToApplicationThreadServerStreamListener$1Closed.runInContext(ServerImpl.java:741)
	at org.apache.ratis.thirdparty.io.grpc.internal.ContextRunnable.run(ContextRunnable.java:37)
	at org.apache.ratis.thirdparty.io.grpc.internal.SerializingExecutor.run(SerializingExecutor.java:123)
	at java.util.concurrent.ThreadPoolExecutor.runWorker(ThreadPoolExecutor.java:1149)
	at java.util.concurrent.ThreadPoolExecutor$Worker.run(ThreadPoolExecutor.java:624)
	at java.lang.Thread.run(Thread.java:748)

Sep 30, 2019 7:03:22 PM org.apache.ratis.thirdparty.io.grpc.internal.SerializingExecutor run
SEVERE: Exception while executing runnable org.apache.ratis.thirdparty.io.grpc.internal.ServerImpl$JumpToApplicationThreadServerStreamListener$1Closed@2f61d73e
org.apache.ratis.thirdparty.io.grpc.StatusRuntimeException: CANCELLED: call already cancelled
	at org.apache.ratis.thirdparty.io.grpc.Status.asRuntimeException(Status.java:517)
	at org.apache.ratis.thirdparty.io.grpc.stub.ServerCalls$ServerCallStreamObserverImpl.onCompleted(ServerCalls.java:356)
	at org.apache.ratis.grpc.server.GrpcServerProtocolService$ServerRequestStreamObserver.onError(GrpcServerProtocolService.java:121)
	at org.apache.ratis.thirdparty.io.grpc.stub.ServerCalls$StreamingServerCallHandler$StreamingServerCallListener.onCancel(ServerCalls.java:269)
	at org.apache.ratis.thirdparty.io.grpc.internal.ServerCallImpl$ServerStreamListenerImpl.closed(ServerCallImpl.java:293)
	at org.apache.ratis.thirdparty.io.grpc.internal.ServerImpl$JumpToApplicationThreadServerStreamListener$1Closed.runInContext(ServerImpl.java:741)
	at org.apache.ratis.thirdparty.io.grpc.internal.ContextRunnable.run(ContextRunnable.java:37)
	at org.apache.ratis.thirdparty.io.grpc.internal.SerializingExecutor.run(SerializingExecutor.java:123)
	at java.util.concurrent.ThreadPoolExecutor.runWorker(ThreadPoolExecutor.java:1149)
	at java.util.concurrent.ThreadPoolExecutor$Worker.run(ThreadPoolExecutor.java:624)
	at java.lang.Thread.run(Thread.java:748)

]]></system-err>
  </testcase>
  <testcase name="testFailureWithPrimeSizedData" classname="org.apache.hadoop.ozone.client.rpc.TestBlockOutputStreamWithFailures" time="33.223"/>
  <testcase name="testWatchForCommitWithCloseContainerException" classname="org.apache.hadoop.ozone.client.rpc.TestBlockOutputStreamWithFailures" time="34.867"/>
  <testcase name="testExceptionDuringClose" classname="org.apache.hadoop.ozone.client.rpc.TestBlockOutputStreamWithFailures" time="34.086"/>
</testsuite>