<?xml version="1.0" encoding="UTF-8"?>
<testsuite xmlns:xsi="http://www.w3.org/2001/XMLSchema-instance" xsi:noNamespaceSchemaLocation="https://maven.apache.org/surefire/maven-surefire-plugin/xsd/surefire-test-report.xsd" name="org.apache.hadoop.ozone.client.rpc.TestOzoneClientRetriesOnException" time="167.439" tests="2" errors="1" skipped="0" failures="0">
  <properties>
    <property name="awt.toolkit" value="sun.awt.X11.XToolkit"/>
    <property name="file.encoding.pkg" value="sun.io"/>
    <property name="java.specification.version" value="1.8"/>
    <property name="sun.cpu.isalist" value=""/>
    <property name="sun.jnu.encoding" value="UTF-8"/>
    <property name="java.class.path" value="/workdir/hadoop-ozone/integration-test/target/test-classes:/workdir/hadoop-ozone/integration-test/target/classes:/home/user/.m2/repository/org/apache/hadoop/hadoop-ozone-common/0.5.0-SNAPSHOT/hadoop-ozone-common-0.5.0-SNAPSHOT.jar:/home/user/.m2/repository/org/apache/commons/commons-compress/1.4.1/commons-compress-1.4.1.jar:/home/user/.m2/repository/org/tukaani/xz/1.0/xz-1.0.jar:/home/user/.m2/repository/org/apache/hadoop/hadoop-common/3.2.0/hadoop-common-3.2.0.jar:/home/user/.m2/repository/org/apache/hadoop/hadoop-hdfs/3.2.0/hadoop-hdfs-3.2.0.jar:/home/user/.m2/repository/org/apache/hadoop/hadoop-hdfs-client/3.2.0/hadoop-hdfs-client-3.2.0.jar:/home/user/.m2/repository/com/fasterxml/jackson/core/jackson-annotations/2.9.9/jackson-annotations-2.9.9.jar:/home/user/.m2/repository/org/apache/hadoop/hadoop-hdds-common/0.5.0-SNAPSHOT/hadoop-hdds-common-0.5.0-SNAPSHOT.jar:/home/user/.m2/repository/javax/annotation/javax.annotation-api/1.2/javax.annotation-api-1.2.jar:/home/user/.m2/repository/org/apache/ratis/ratis-server/0.5.0-201fc85-SNAPSHOT/ratis-server-0.5.0-201fc85-SNAPSHOT.jar:/home/user/.m2/repository/org/apache/ratis/ratis-thirdparty-misc/0.2.0/ratis-thirdparty-misc-0.2.0.jar:/home/user/.m2/repository/org/apache/ratis/ratis-proto/0.5.0-201fc85-SNAPSHOT/ratis-proto-0.5.0-201fc85-SNAPSHOT.jar:/home/user/.m2/repository/org/apache/ratis/ratis-common/0.5.0-201fc85-SNAPSHOT/ratis-common-0.5.0-201fc85-SNAPSHOT.jar:/home/user/.m2/repository/org/apache/ratis/ratis-client/0.5.0-201fc85-SNAPSHOT/ratis-client-0.5.0-201fc85-SNAPSHOT.jar:/home/user/.m2/repository/org/apache/ratis/ratis-metrics/0.5.0-201fc85-SNAPSHOT/ratis-metrics-0.5.0-201fc85-SNAPSHOT.jar:/home/user/.m2/repository/com/github/joshelser/dropwizard-metrics-hadoop-metrics2-reporter/0.1.2/dropwizard-metrics-hadoop-metrics2-reporter-0.1.2.jar:/home/user/.m2/repository/io/dropwizard/metrics/metrics-jvm/3.2.5/metrics-jvm-3.2.5.jar:/home/user/.m2/repository/io/dropwizard/metrics/metrics-ganglia/3.2.5/metrics-ganglia-3.2.5.jar:/home/user/.m2/repository/info/ganglia/gmetric4j/gmetric4j/1.0.7/gmetric4j-1.0.7.jar:/home/user/.m2/repository/org/apache/ratis/ratis-netty/0.5.0-201fc85-SNAPSHOT/ratis-netty-0.5.0-201fc85-SNAPSHOT.jar:/home/user/.m2/repository/org/apache/ratis/ratis-grpc/0.5.0-201fc85-SNAPSHOT/ratis-grpc-0.5.0-201fc85-SNAPSHOT.jar:/home/user/.m2/repository/org/rocksdb/rocksdbjni/6.0.1/rocksdbjni-6.0.1.jar:/home/user/.m2/repository/org/apache/logging/log4j/log4j-api/2.11.0/log4j-api-2.11.0.jar:/home/user/.m2/repository/org/apache/logging/log4j/log4j-core/2.11.0/log4j-core-2.11.0.jar:/home/user/.m2/repository/com/lmax/disruptor/3.4.2/disruptor-3.4.2.jar:/home/user/.m2/repository/org/apache/commons/commons-pool2/2.6.0/commons-pool2-2.6.0.jar:/home/user/.m2/repository/org/bouncycastle/bcpkix-jdk15on/1.60/bcpkix-jdk15on-1.60.jar:/home/user/.m2/repository/commons-validator/commons-validator/1.6/commons-validator-1.6.jar:/home/user/.m2/repository/commons-digester/commons-digester/1.8.1/commons-digester-1.8.1.jar:/home/user/.m2/repository/io/jaegertracing/jaeger-client/0.34.0/jaeger-client-0.34.0.jar:/home/user/.m2/repository/io/jaegertracing/jaeger-thrift/0.34.0/jaeger-thrift-0.34.0.jar:/home/user/.m2/repository/org/apache/thrift/libthrift/0.12.0/libthrift-0.12.0.jar:/home/user/.m2/repository/com/squareup/okhttp3/okhttp/3.9.0/okhttp-3.9.0.jar:/home/user/.m2/repository/com/squareup/okio/okio/1.13.0/okio-1.13.0.jar:/home/user/.m2/repository/io/jaegertracing/jaeger-core/0.34.0/jaeger-core-0.34.0.jar:/home/user/.m2/repository/io/jaegertracing/jaeger-tracerresolver/0.34.0/jaeger-tracerresolver-0.34.0.jar:/home/user/.m2/repository/io/opentracing/contrib/opentracing-tracerresolver/0.1.5/opentracing-tracerresolver-0.1.5.jar:/home/user/.m2/repository/io/opentracing/opentracing-util/0.31.0/opentracing-util-0.31.0.jar:/home/user/.m2/repository/io/opentracing/opentracing-api/0.31.0/opentracing-api-0.31.0.jar:/home/user/.m2/repository/io/opentracing/opentracing-noop/0.31.0/opentracing-noop-0.31.0.jar:/home/user/.m2/repository/org/apache/hadoop/hadoop-hdds-server-framework/0.5.0-SNAPSHOT/hadoop-hdds-server-framework-0.5.0-SNAPSHOT.jar:/home/user/.m2/repository/org/apache/hadoop/hadoop-hdds-container-service/0.5.0-SNAPSHOT/hadoop-hdds-container-service-0.5.0-SNAPSHOT.jar:/home/user/.m2/repository/org/apache/hadoop/hadoop-hdds-client/0.5.0-SNAPSHOT/hadoop-hdds-client-0.5.0-SNAPSHOT.jar:/home/user/.m2/repository/org/apache/hadoop/hadoop-hdds-tools/0.5.0-SNAPSHOT/hadoop-hdds-tools-0.5.0-SNAPSHOT.jar:/home/user/.m2/repository/org/apache/hadoop/hadoop-hdds-server-scm/0.5.0-SNAPSHOT/hadoop-hdds-server-scm-0.5.0-SNAPSHOT.jar:/home/user/.m2/repository/org/apache/hadoop/hadoop-hdds-docs/0.5.0-SNAPSHOT/hadoop-hdds-docs-0.5.0-SNAPSHOT.jar:/home/user/.m2/repository/io/dropwizard/metrics/metrics-core/3.2.4/metrics-core-3.2.4.jar:/home/user/.m2/repository/org/hamcrest/hamcrest-all/1.3/hamcrest-all-1.3.jar:/home/user/.m2/repository/org/bouncycastle/bcprov-jdk15on/1.60/bcprov-jdk15on-1.60.jar:/home/user/.m2/repository/info/picocli/picocli/3.9.6/picocli-3.9.6.jar:/home/user/.m2/repository/com/google/protobuf/protobuf-java/2.5.0/protobuf-java-2.5.0.jar:/home/user/.m2/repository/com/google/guava/guava/11.0.2/guava-11.0.2.jar:/home/user/.m2/repository/org/apache/hadoop/hadoop-ozone-ozone-manager/0.5.0-SNAPSHOT/hadoop-ozone-ozone-manager-0.5.0-SNAPSHOT.jar:/home/user/.m2/repository/org/apache/hadoop/hadoop-minikdc/3.2.0/hadoop-minikdc-3.2.0.jar:/home/user/.m2/repository/commons-io/commons-io/2.5/commons-io-2.5.jar:/home/user/.m2/repository/org/apache/kerby/kerb-simplekdc/1.0.1/kerb-simplekdc-1.0.1.jar:/home/user/.m2/repository/org/apache/kerby/kerb-client/1.0.1/kerb-client-1.0.1.jar:/home/user/.m2/repository/org/apache/kerby/kerby-config/1.0.1/kerby-config-1.0.1.jar:/home/user/.m2/repository/org/apache/kerby/kerb-core/1.0.1/kerb-core-1.0.1.jar:/home/user/.m2/repository/org/apache/kerby/kerby-pkix/1.0.1/kerby-pkix-1.0.1.jar:/home/user/.m2/repository/org/apache/kerby/kerby-asn1/1.0.1/kerby-asn1-1.0.1.jar:/home/user/.m2/repository/org/apache/kerby/kerby-util/1.0.1/kerby-util-1.0.1.jar:/home/user/.m2/repository/org/apache/kerby/kerb-common/1.0.1/kerb-common-1.0.1.jar:/home/user/.m2/repository/org/apache/kerby/kerb-crypto/1.0.1/kerb-crypto-1.0.1.jar:/home/user/.m2/repository/org/apache/kerby/kerb-util/1.0.1/kerb-util-1.0.1.jar:/home/user/.m2/repository/org/apache/kerby/token-provider/1.0.1/token-provider-1.0.1.jar:/home/user/.m2/repository/org/apache/kerby/kerb-admin/1.0.1/kerb-admin-1.0.1.jar:/home/user/.m2/repository/org/apache/kerby/kerb-server/1.0.1/kerb-server-1.0.1.jar:/home/user/.m2/repository/org/apache/kerby/kerb-identity/1.0.1/kerb-identity-1.0.1.jar:/home/user/.m2/repository/org/apache/kerby/kerby-xdr/1.0.1/kerby-xdr-1.0.1.jar:/home/user/.m2/repository/org/slf4j/slf4j-log4j12/1.7.25/slf4j-log4j12-1.7.25.jar:/home/user/.m2/repository/org/apache/hadoop/hadoop-ozone-s3gateway/0.5.0-SNAPSHOT/hadoop-ozone-s3gateway-0.5.0-SNAPSHOT.jar:/home/user/.m2/repository/org/jboss/weld/servlet/weld-servlet/2.4.7.Final/weld-servlet-2.4.7.Final.jar:/home/user/.m2/repository/org/glassfish/jersey/containers/jersey-container-servlet-core/2.27/jersey-container-servlet-core-2.27.jar:/home/user/.m2/repository/org/glassfish/hk2/external/javax.inject/2.5.0-b42/javax.inject-2.5.0-b42.jar:/home/user/.m2/repository/org/glassfish/jersey/core/jersey-common/2.27/jersey-common-2.27.jar:/home/user/.m2/repository/org/glassfish/hk2/osgi-resource-locator/1.0.1/osgi-resource-locator-1.0.1.jar:/home/user/.m2/repository/javax/ws/rs/javax.ws.rs-api/2.1/javax.ws.rs-api-2.1.jar:/home/user/.m2/repository/org/glassfish/jersey/ext/cdi/jersey-cdi1x/2.27/jersey-cdi1x-2.27.jar:/home/user/.m2/repository/org/glassfish/jersey/inject/jersey-hk2/2.27/jersey-hk2-2.27.jar:/home/user/.m2/repository/org/glassfish/hk2/hk2-locator/2.5.0-b42/hk2-locator-2.5.0-b42.jar:/home/user/.m2/repository/org/javassist/javassist/3.22.0-CR2/javassist-3.22.0-CR2.jar:/home/user/.m2/repository/org/glassfish/hk2/hk2-api/2.5.0/hk2-api-2.5.0.jar:/home/user/.m2/repository/org/glassfish/hk2/external/jakarta.inject/2.5.0/jakarta.inject-2.5.0.jar:/home/user/.m2/repository/org/glassfish/hk2/hk2-utils/2.5.0/hk2-utils-2.5.0.jar:/home/user/.m2/repository/jakarta/annotation/jakarta.annotation-api/1.3.4/jakarta.annotation-api-1.3.4.jar:/home/user/.m2/repository/org/glassfish/hk2/external/aopalliance-repackaged/2.5.0/aopalliance-repackaged-2.5.0.jar:/home/user/.m2/repository/com/fasterxml/jackson/dataformat/jackson-dataformat-xml/2.9.0/jackson-dataformat-xml-2.9.0.jar:/home/user/.m2/repository/com/fasterxml/jackson/core/jackson-core/2.9.9/jackson-core-2.9.9.jar:/home/user/.m2/repository/com/fasterxml/jackson/module/jackson-module-jaxb-annotations/2.9.9/jackson-module-jaxb-annotations-2.9.9.jar:/home/user/.m2/repository/javax/enterprise/cdi-api/1.2/cdi-api-1.2.jar:/home/user/.m2/repository/javax/el/javax.el-api/3.0.0/javax.el-api-3.0.0.jar:/home/user/.m2/repository/javax/interceptor/javax.interceptor-api/1.2/javax.interceptor-api-1.2.jar:/home/user/.m2/repository/javax/inject/javax.inject/1/javax.inject-1.jar:/home/user/.m2/repository/com/sun/xml/bind/jaxb-impl/2.3.0.1/jaxb-impl-2.3.0.1.jar:/home/user/.m2/repository/com/sun/xml/bind/jaxb-core/2.3.0.1/jaxb-core-2.3.0.1.jar:/home/user/.m2/repository/javax/xml/bind/jaxb-api/2.3.0/jaxb-api-2.3.0.jar:/home/user/.m2/repository/javax/activation/activation/1.1.1/activation-1.1.1.jar:/home/user/.m2/repository/org/apache/hadoop/hadoop-ozone-csi/0.5.0-SNAPSHOT/hadoop-ozone-csi-0.5.0-SNAPSHOT.jar:/home/user/.m2/repository/com/google/protobuf/protobuf-java-util/3.5.1/protobuf-java-util-3.5.1.jar:/home/user/.m2/repository/org/apache/hadoop/hadoop-hdds-config/0.5.0-SNAPSHOT/hadoop-hdds-config-0.5.0-SNAPSHOT.jar:/home/user/.m2/repository/io/grpc/grpc-netty/1.17.1/grpc-netty-1.17.1.jar:/home/user/.m2/repository/io/grpc/grpc-core/1.17.1/grpc-core-1.17.1.jar:/home/user/.m2/repository/io/grpc/grpc-context/1.17.1/grpc-context-1.17.1.jar:/home/user/.m2/repository/com/google/errorprone/error_prone_annotations/2.2.0/error_prone_annotations-2.2.0.jar:/home/user/.m2/repository/org/codehaus/mojo/animal-sniffer-annotations/1.17/animal-sniffer-annotations-1.17.jar:/home/user/.m2/repository/io/opencensus/opencensus-api/0.17.0/opencensus-api-0.17.0.jar:/home/user/.m2/repository/io/opencensus/opencensus-contrib-grpc-metrics/0.17.0/opencensus-contrib-grpc-metrics-0.17.0.jar:/home/user/.m2/repository/io/netty/netty-codec-http2/4.1.30.Final/netty-codec-http2-4.1.30.Final.jar:/home/user/.m2/repository/io/netty/netty-codec-http/4.1.30.Final/netty-codec-http-4.1.30.Final.jar:/home/user/.m2/repository/io/netty/netty-codec/4.1.30.Final/netty-codec-4.1.30.Final.jar:/home/user/.m2/repository/io/netty/netty-handler/4.1.30.Final/netty-handler-4.1.30.Final.jar:/home/user/.m2/repository/io/netty/netty-handler-proxy/4.1.30.Final/netty-handler-proxy-4.1.30.Final.jar:/home/user/.m2/repository/io/netty/netty-codec-socks/4.1.30.Final/netty-codec-socks-4.1.30.Final.jar:/home/user/.m2/repository/io/netty/netty-transport-native-epoll/4.1.30.Final/netty-transport-native-epoll-4.1.30.Final.jar:/home/user/.m2/repository/io/netty/netty-common/4.1.30.Final/netty-common-4.1.30.Final.jar:/home/user/.m2/repository/io/netty/netty-buffer/4.1.30.Final/netty-buffer-4.1.30.Final.jar:/home/user/.m2/repository/io/netty/netty-transport/4.1.30.Final/netty-transport-4.1.30.Final.jar:/home/user/.m2/repository/io/netty/netty-resolver/4.1.30.Final/netty-resolver-4.1.30.Final.jar:/home/user/.m2/repository/io/netty/netty-transport-native-unix-common/4.1.30.Final/netty-transport-native-unix-common-4.1.30.Final.jar:/home/user/.m2/repository/io/grpc/grpc-protobuf/1.17.1/grpc-protobuf-1.17.1.jar:/home/user/.m2/repository/com/google/api/grpc/proto-google-common-protos/1.0.0/proto-google-common-protos-1.0.0.jar:/home/user/.m2/repository/io/grpc/grpc-protobuf-lite/1.17.1/grpc-protobuf-lite-1.17.1.jar:/home/user/.m2/repository/io/grpc/grpc-stub/1.17.1/grpc-stub-1.17.1.jar:/home/user/.m2/repository/org/apache/hadoop/hadoop-ozone-recon/0.5.0-SNAPSHOT/hadoop-ozone-recon-0.5.0-SNAPSHOT.jar:/home/user/.m2/repository/org/apache/hadoop/hadoop-ozone-reconcodegen/0.5.0-SNAPSHOT/hadoop-ozone-reconcodegen-0.5.0-SNAPSHOT.jar:/home/user/.m2/repository/com/google/inject/extensions/guice-multibindings/4.0/guice-multibindings-4.0.jar:/home/user/.m2/repository/com/google/inject/guice/4.0/guice-4.0.jar:/home/user/.m2/repository/aopalliance/aopalliance/1.0/aopalliance-1.0.jar:/home/user/.m2/repository/com/google/inject/extensions/guice-servlet/4.0/guice-servlet-4.0.jar:/home/user/.m2/repository/org/glassfish/jersey/containers/jersey-container-servlet/2.27/jersey-container-servlet-2.27.jar:/home/user/.m2/repository/org/glassfish/hk2/guice-bridge/2.5.0/guice-bridge-2.5.0.jar:/home/user/.m2/repository/org/glassfish/jersey/core/jersey-server/2.27/jersey-server-2.27.jar:/home/user/.m2/repository/org/glassfish/jersey/core/jersey-client/2.27/jersey-client-2.27.jar:/home/user/.m2/repository/org/glassfish/jersey/media/jersey-media-jaxb/2.27/jersey-media-jaxb-2.27.jar:/home/user/.m2/repository/javax/validation/validation-api/1.1.0.Final/validation-api-1.1.0.Final.jar:/home/user/.m2/repository/org/glassfish/jersey/media/jersey-media-json-jackson/2.27/jersey-media-json-jackson-2.27.jar:/home/user/.m2/repository/org/glassfish/jersey/ext/jersey-entity-filtering/2.27/jersey-entity-filtering-2.27.jar:/home/user/.m2/repository/com/google/inject/extensions/guice-assistedinject/4.0/guice-assistedinject-4.0.jar:/home/user/.m2/repository/org/jooq/jooq/3.11.10/jooq-3.11.10.jar:/home/user/.m2/repository/org/jooq/jooq-meta/3.11.10/jooq-meta-3.11.10.jar:/home/user/.m2/repository/org/jooq/jooq-codegen/3.11.10/jooq-codegen-3.11.10.jar:/home/user/.m2/repository/com/jolbox/bonecp/0.8.0.RELEASE/bonecp-0.8.0.RELEASE.jar:/home/user/.m2/repository/org/xerial/sqlite-jdbc/3.25.2/sqlite-jdbc-3.25.2.jar:/home/user/.m2/repository/org/springframework/spring-jdbc/5.1.3.RELEASE/spring-jdbc-5.1.3.RELEASE.jar:/home/user/.m2/repository/org/springframework/spring-beans/5.1.3.RELEASE/spring-beans-5.1.3.RELEASE.jar:/home/user/.m2/repository/org/springframework/spring-core/5.1.3.RELEASE/spring-core-5.1.3.RELEASE.jar:/home/user/.m2/repository/org/springframework/spring-jcl/5.1.3.RELEASE/spring-jcl-5.1.3.RELEASE.jar:/home/user/.m2/repository/org/springframework/spring-tx/5.1.3.RELEASE/spring-tx-5.1.3.RELEASE.jar:/home/user/.m2/repository/org/apache/hadoop/hadoop-ozone-client/0.5.0-SNAPSHOT/hadoop-ozone-client-0.5.0-SNAPSHOT.jar:/home/user/.m2/repository/commons-lang/commons-lang/2.6/commons-lang-2.6.jar:/home/user/.m2/repository/org/apache/hadoop/hadoop-ozone-ozone-manager/0.5.0-SNAPSHOT/hadoop-ozone-ozone-manager-0.5.0-SNAPSHOT-tests.jar:/home/user/.m2/repository/junit/junit/4.11/junit-4.11.jar:/home/user/.m2/repository/org/hamcrest/hamcrest-core/1.3/hamcrest-core-1.3.jar:/home/user/.m2/repository/org/openjdk/jmh/jmh-core/1.19/jmh-core-1.19.jar:/home/user/.m2/repository/net/sf/jopt-simple/jopt-simple/4.6/jopt-simple-4.6.jar:/home/user/.m2/repository/org/apache/commons/commons-math3/3.1.1/commons-math3-3.1.1.jar:/home/user/.m2/repository/org/openjdk/jmh/jmh-generator-annprocess/1.19/jmh-generator-annprocess-1.19.jar:/home/user/.m2/repository/org/mockito/mockito-all/1.8.5/mockito-all-1.8.5.jar:/home/user/.m2/repository/org/apache/hadoop/hadoop-kms/3.2.0/hadoop-kms-3.2.0.jar:/home/user/.m2/repository/org/apache/hadoop/hadoop-auth/3.2.0/hadoop-auth-3.2.0.jar:/home/user/.m2/repository/com/nimbusds/nimbus-jose-jwt/4.41.1/nimbus-jose-jwt-4.41.1.jar:/home/user/.m2/repository/com/github/stephenc/jcip/jcip-annotations/1.0-1/jcip-annotations-1.0-1.jar:/home/user/.m2/repository/net/minidev/json-smart/2.3/json-smart-2.3.jar:/home/user/.m2/repository/net/minidev/accessors-smart/1.2/accessors-smart-1.2.jar:/home/user/.m2/repository/org/ow2/asm/asm/5.0.4/asm-5.0.4.jar:/home/user/.m2/repository/org/apache/curator/curator-framework/2.12.0/curator-framework-2.12.0.jar:/home/user/.m2/repository/com/sun/jersey/jersey-core/1.19/jersey-core-1.19.jar:/home/user/.m2/repository/javax/ws/rs/jsr311-api/1.1.1/jsr311-api-1.1.1.jar:/home/user/.m2/repository/com/sun/jersey/jersey-server/1.19/jersey-server-1.19.jar:/home/user/.m2/repository/javax/servlet/javax.servlet-api/3.1.0/javax.servlet-api-3.1.0.jar:/home/user/.m2/repository/org/eclipse/jetty/jetty-server/9.3.25.v20180904/jetty-server-9.3.25.v20180904.jar:/home/user/.m2/repository/org/eclipse/jetty/jetty-http/9.3.25.v20180904/jetty-http-9.3.25.v20180904.jar:/home/user/.m2/repository/org/eclipse/jetty/jetty-io/9.3.25.v20180904/jetty-io-9.3.25.v20180904.jar:/home/user/.m2/repository/org/eclipse/jetty/jetty-webapp/9.3.25.v20180904/jetty-webapp-9.3.25.v20180904.jar:/home/user/.m2/repository/org/eclipse/jetty/jetty-xml/9.3.25.v20180904/jetty-xml-9.3.25.v20180904.jar:/home/user/.m2/repository/log4j/log4j/1.2.17/log4j-1.2.17.jar:/home/user/.m2/repository/org/slf4j/slf4j-api/1.7.25/slf4j-api-1.7.25.jar:/home/user/.m2/repository/org/slf4j/jul-to-slf4j/1.7.25/jul-to-slf4j-1.7.25.jar:/home/user/.m2/repository/org/eclipse/jetty/jetty-util/9.3.25.v20180904/jetty-util-9.3.25.v20180904.jar:/home/user/.m2/repository/com/fasterxml/jackson/core/jackson-databind/2.9.9/jackson-databind-2.9.9.jar:/home/user/.m2/repository/org/apache/hadoop/hadoop-kms/3.2.0/hadoop-kms-3.2.0-tests.jar:/home/user/.m2/repository/org/apache/hadoop/hadoop-hdds-server-scm/0.5.0-SNAPSHOT/hadoop-hdds-server-scm-0.5.0-SNAPSHOT-tests.jar:/home/user/.m2/repository/org/apache/hadoop/hadoop-hdds-container-service/0.5.0-SNAPSHOT/hadoop-hdds-container-service-0.5.0-SNAPSHOT-tests.jar:/home/user/.m2/repository/org/yaml/snakeyaml/1.16/snakeyaml-1.16.jar:/home/user/.m2/repository/org/apache/hadoop/hadoop-common/3.2.0/hadoop-common-3.2.0-tests.jar:/home/user/.m2/repository/org/apache/hadoop/hadoop-annotations/3.2.0/hadoop-annotations-3.2.0.jar:/usr/lib/jvm/java-1.8-openjdk/jre/../lib/tools.jar:/home/user/.m2/repository/commons-cli/commons-cli/1.2/commons-cli-1.2.jar:/home/user/.m2/repository/org/apache/httpcomponents/httpclient/4.5.2/httpclient-4.5.2.jar:/home/user/.m2/repository/org/apache/httpcomponents/httpcore/4.4.4/httpcore-4.4.4.jar:/home/user/.m2/repository/commons-codec/commons-codec/1.11/commons-codec-1.11.jar:/home/user/.m2/repository/commons-net/commons-net/3.6/commons-net-3.6.jar:/home/user/.m2/repository/commons-collections/commons-collections/3.2.2/commons-collections-3.2.2.jar:/home/user/.m2/repository/org/eclipse/jetty/jetty-servlet/9.3.25.v20180904/jetty-servlet-9.3.25.v20180904.jar:/home/user/.m2/repository/org/eclipse/jetty/jetty-security/9.3.25.v20180904/jetty-security-9.3.25.v20180904.jar:/home/user/.m2/repository/javax/servlet/jsp/jsp-api/2.1/jsp-api-2.1.jar:/home/user/.m2/repository/com/sun/jersey/jersey-servlet/1.19/jersey-servlet-1.19.jar:/home/user/.m2/repository/com/sun/jersey/jersey-json/1.19/jersey-json-1.19.jar:/home/user/.m2/repository/org/codehaus/jettison/jettison/1.1/jettison-1.1.jar:/home/user/.m2/repository/org/codehaus/jackson/jackson-core-asl/1.9.13/jackson-core-asl-1.9.13.jar:/home/user/.m2/repository/org/codehaus/jackson/jackson-mapper-asl/1.9.13/jackson-mapper-asl-1.9.13.jar:/home/user/.m2/repository/org/codehaus/jackson/jackson-jaxrs/1.9.13/jackson-jaxrs-1.9.13.jar:/home/user/.m2/repository/org/codehaus/jackson/jackson-xc/1.9.13/jackson-xc-1.9.13.jar:/home/user/.m2/repository/commons-logging/commons-logging/1.1.3/commons-logging-1.1.3.jar:/home/user/.m2/repository/commons-beanutils/commons-beanutils/1.9.4/commons-beanutils-1.9.4.jar:/home/user/.m2/repository/org/apache/commons/commons-configuration2/2.1.1/commons-configuration2-2.1.1.jar:/home/user/.m2/repository/org/apache/commons/commons-lang3/3.7/commons-lang3-3.7.jar:/home/user/.m2/repository/org/apache/commons/commons-text/1.4/commons-text-1.4.jar:/home/user/.m2/repository/org/apache/avro/avro/1.7.7/avro-1.7.7.jar:/home/user/.m2/repository/com/thoughtworks/paranamer/paranamer/2.3/paranamer-2.3.jar:/home/user/.m2/repository/org/xerial/snappy/snappy-java/1.0.5/snappy-java-1.0.5.jar:/home/user/.m2/repository/com/google/re2j/re2j/1.1/re2j-1.1.jar:/home/user/.m2/repository/com/google/code/gson/gson/2.2.4/gson-2.2.4.jar:/home/user/.m2/repository/com/jcraft/jsch/0.1.54/jsch-0.1.54.jar:/home/user/.m2/repository/org/apache/curator/curator-client/2.12.0/curator-client-2.12.0.jar:/home/user/.m2/repository/org/apache/curator/curator-recipes/2.12.0/curator-recipes-2.12.0.jar:/home/user/.m2/repository/com/google/code/findbugs/jsr305/3.0.0/jsr305-3.0.0.jar:/home/user/.m2/repository/org/apache/htrace/htrace-core4/4.1.0-incubating/htrace-core4-4.1.0-incubating.jar:/home/user/.m2/repository/org/apache/zookeeper/zookeeper/3.4.13/zookeeper-3.4.13.jar:/home/user/.m2/repository/jline/jline/0.9.94/jline-0.9.94.jar:/home/user/.m2/repository/org/apache/yetus/audience-annotations/0.5.0/audience-annotations-0.5.0.jar:/home/user/.m2/repository/org/codehaus/woodstox/stax2-api/3.1.4/stax2-api-3.1.4.jar:/home/user/.m2/repository/com/fasterxml/woodstox/woodstox-core/5.0.3/woodstox-core-5.0.3.jar:/home/user/.m2/repository/dnsjava/dnsjava/2.1.7/dnsjava-2.1.7.jar:/home/user/.m2/repository/org/apache/hadoop/hadoop-hdfs/3.2.0/hadoop-hdfs-3.2.0-tests.jar:/home/user/.m2/repository/org/eclipse/jetty/jetty-util-ajax/9.3.25.v20180904/jetty-util-ajax-9.3.25.v20180904.jar:/home/user/.m2/repository/commons-daemon/commons-daemon/1.0.13/commons-daemon-1.0.13.jar:/home/user/.m2/repository/io/netty/netty/3.10.5.Final/netty-3.10.5.Final.jar:/home/user/.m2/repository/io/netty/netty-all/4.0.52.Final/netty-all-4.0.52.Final.jar:/home/user/.m2/repository/org/fusesource/leveldbjni/leveldbjni-all/1.8/leveldbjni-all-1.8.jar:"/>
    <property name="java.vm.vendor" value="IcedTea"/>
    <property name="sun.arch.data.model" value="64"/>
    <property name="test.build.dir" value="/workdir/hadoop-ozone/integration-test/target/test-dir"/>
    <property name="test.cache.data" value=""/>
    <property name="java.vendor.url" value="https://icedtea.classpath.org"/>
    <property name="user.timezone" value=""/>
    <property name="java.vm.specification.version" value="1.8"/>
    <property name="os.name" value="Linux"/>
    <property name="test.build.data" value="/workdir/hadoop-ozone/integration-test/target/test-dir"/>
    <property name="user.country" value="US"/>
    <property name="sun.java.launcher" value="SUN_STANDARD"/>
    <property name="sun.boot.library.path" value="/usr/lib/jvm/java-1.8-openjdk/jre/lib/amd64"/>
    <property name="sun.java.command" value="/workdir/hadoop-ozone/integration-test/target/surefire/surefirebooter759490256042649486.jar /workdir/hadoop-ozone/integration-test/target/surefire 2019-10-14T09-48-52_118-jvmRun1 surefire4160588612998751799tmp surefire_256758295636492689451tmp"/>
    <property name="test" value="!TestMiniChaosOzoneCluster"/>
    <property name="surefire.test.class.path" value="/workdir/hadoop-ozone/integration-test/target/test-classes:/workdir/hadoop-ozone/integration-test/target/classes:/home/user/.m2/repository/org/apache/hadoop/hadoop-ozone-common/0.5.0-SNAPSHOT/hadoop-ozone-common-0.5.0-SNAPSHOT.jar:/home/user/.m2/repository/org/apache/commons/commons-compress/1.4.1/commons-compress-1.4.1.jar:/home/user/.m2/repository/org/tukaani/xz/1.0/xz-1.0.jar:/home/user/.m2/repository/org/apache/hadoop/hadoop-common/3.2.0/hadoop-common-3.2.0.jar:/home/user/.m2/repository/org/apache/hadoop/hadoop-hdfs/3.2.0/hadoop-hdfs-3.2.0.jar:/home/user/.m2/repository/org/apache/hadoop/hadoop-hdfs-client/3.2.0/hadoop-hdfs-client-3.2.0.jar:/home/user/.m2/repository/com/fasterxml/jackson/core/jackson-annotations/2.9.9/jackson-annotations-2.9.9.jar:/home/user/.m2/repository/org/apache/hadoop/hadoop-hdds-common/0.5.0-SNAPSHOT/hadoop-hdds-common-0.5.0-SNAPSHOT.jar:/home/user/.m2/repository/javax/annotation/javax.annotation-api/1.2/javax.annotation-api-1.2.jar:/home/user/.m2/repository/org/apache/ratis/ratis-server/0.5.0-201fc85-SNAPSHOT/ratis-server-0.5.0-201fc85-SNAPSHOT.jar:/home/user/.m2/repository/org/apache/ratis/ratis-thirdparty-misc/0.2.0/ratis-thirdparty-misc-0.2.0.jar:/home/user/.m2/repository/org/apache/ratis/ratis-proto/0.5.0-201fc85-SNAPSHOT/ratis-proto-0.5.0-201fc85-SNAPSHOT.jar:/home/user/.m2/repository/org/apache/ratis/ratis-common/0.5.0-201fc85-SNAPSHOT/ratis-common-0.5.0-201fc85-SNAPSHOT.jar:/home/user/.m2/repository/org/apache/ratis/ratis-client/0.5.0-201fc85-SNAPSHOT/ratis-client-0.5.0-201fc85-SNAPSHOT.jar:/home/user/.m2/repository/org/apache/ratis/ratis-metrics/0.5.0-201fc85-SNAPSHOT/ratis-metrics-0.5.0-201fc85-SNAPSHOT.jar:/home/user/.m2/repository/com/github/joshelser/dropwizard-metrics-hadoop-metrics2-reporter/0.1.2/dropwizard-metrics-hadoop-metrics2-reporter-0.1.2.jar:/home/user/.m2/repository/io/dropwizard/metrics/metrics-jvm/3.2.5/metrics-jvm-3.2.5.jar:/home/user/.m2/repository/io/dropwizard/metrics/metrics-ganglia/3.2.5/metrics-ganglia-3.2.5.jar:/home/user/.m2/repository/info/ganglia/gmetric4j/gmetric4j/1.0.7/gmetric4j-1.0.7.jar:/home/user/.m2/repository/org/apache/ratis/ratis-netty/0.5.0-201fc85-SNAPSHOT/ratis-netty-0.5.0-201fc85-SNAPSHOT.jar:/home/user/.m2/repository/org/apache/ratis/ratis-grpc/0.5.0-201fc85-SNAPSHOT/ratis-grpc-0.5.0-201fc85-SNAPSHOT.jar:/home/user/.m2/repository/org/rocksdb/rocksdbjni/6.0.1/rocksdbjni-6.0.1.jar:/home/user/.m2/repository/org/apache/logging/log4j/log4j-api/2.11.0/log4j-api-2.11.0.jar:/home/user/.m2/repository/org/apache/logging/log4j/log4j-core/2.11.0/log4j-core-2.11.0.jar:/home/user/.m2/repository/com/lmax/disruptor/3.4.2/disruptor-3.4.2.jar:/home/user/.m2/repository/org/apache/commons/commons-pool2/2.6.0/commons-pool2-2.6.0.jar:/home/user/.m2/repository/org/bouncycastle/bcpkix-jdk15on/1.60/bcpkix-jdk15on-1.60.jar:/home/user/.m2/repository/commons-validator/commons-validator/1.6/commons-validator-1.6.jar:/home/user/.m2/repository/commons-digester/commons-digester/1.8.1/commons-digester-1.8.1.jar:/home/user/.m2/repository/io/jaegertracing/jaeger-client/0.34.0/jaeger-client-0.34.0.jar:/home/user/.m2/repository/io/jaegertracing/jaeger-thrift/0.34.0/jaeger-thrift-0.34.0.jar:/home/user/.m2/repository/org/apache/thrift/libthrift/0.12.0/libthrift-0.12.0.jar:/home/user/.m2/repository/com/squareup/okhttp3/okhttp/3.9.0/okhttp-3.9.0.jar:/home/user/.m2/repository/com/squareup/okio/okio/1.13.0/okio-1.13.0.jar:/home/user/.m2/repository/io/jaegertracing/jaeger-core/0.34.0/jaeger-core-0.34.0.jar:/home/user/.m2/repository/io/jaegertracing/jaeger-tracerresolver/0.34.0/jaeger-tracerresolver-0.34.0.jar:/home/user/.m2/repository/io/opentracing/contrib/opentracing-tracerresolver/0.1.5/opentracing-tracerresolver-0.1.5.jar:/home/user/.m2/repository/io/opentracing/opentracing-util/0.31.0/opentracing-util-0.31.0.jar:/home/user/.m2/repository/io/opentracing/opentracing-api/0.31.0/opentracing-api-0.31.0.jar:/home/user/.m2/repository/io/opentracing/opentracing-noop/0.31.0/opentracing-noop-0.31.0.jar:/home/user/.m2/repository/org/apache/hadoop/hadoop-hdds-server-framework/0.5.0-SNAPSHOT/hadoop-hdds-server-framework-0.5.0-SNAPSHOT.jar:/home/user/.m2/repository/org/apache/hadoop/hadoop-hdds-container-service/0.5.0-SNAPSHOT/hadoop-hdds-container-service-0.5.0-SNAPSHOT.jar:/home/user/.m2/repository/org/apache/hadoop/hadoop-hdds-client/0.5.0-SNAPSHOT/hadoop-hdds-client-0.5.0-SNAPSHOT.jar:/home/user/.m2/repository/org/apache/hadoop/hadoop-hdds-tools/0.5.0-SNAPSHOT/hadoop-hdds-tools-0.5.0-SNAPSHOT.jar:/home/user/.m2/repository/org/apache/hadoop/hadoop-hdds-server-scm/0.5.0-SNAPSHOT/hadoop-hdds-server-scm-0.5.0-SNAPSHOT.jar:/home/user/.m2/repository/org/apache/hadoop/hadoop-hdds-docs/0.5.0-SNAPSHOT/hadoop-hdds-docs-0.5.0-SNAPSHOT.jar:/home/user/.m2/repository/io/dropwizard/metrics/metrics-core/3.2.4/metrics-core-3.2.4.jar:/home/user/.m2/repository/org/hamcrest/hamcrest-all/1.3/hamcrest-all-1.3.jar:/home/user/.m2/repository/org/bouncycastle/bcprov-jdk15on/1.60/bcprov-jdk15on-1.60.jar:/home/user/.m2/repository/info/picocli/picocli/3.9.6/picocli-3.9.6.jar:/home/user/.m2/repository/com/google/protobuf/protobuf-java/2.5.0/protobuf-java-2.5.0.jar:/home/user/.m2/repository/com/google/guava/guava/11.0.2/guava-11.0.2.jar:/home/user/.m2/repository/org/apache/hadoop/hadoop-ozone-ozone-manager/0.5.0-SNAPSHOT/hadoop-ozone-ozone-manager-0.5.0-SNAPSHOT.jar:/home/user/.m2/repository/org/apache/hadoop/hadoop-minikdc/3.2.0/hadoop-minikdc-3.2.0.jar:/home/user/.m2/repository/commons-io/commons-io/2.5/commons-io-2.5.jar:/home/user/.m2/repository/org/apache/kerby/kerb-simplekdc/1.0.1/kerb-simplekdc-1.0.1.jar:/home/user/.m2/repository/org/apache/kerby/kerb-client/1.0.1/kerb-client-1.0.1.jar:/home/user/.m2/repository/org/apache/kerby/kerby-config/1.0.1/kerby-config-1.0.1.jar:/home/user/.m2/repository/org/apache/kerby/kerb-core/1.0.1/kerb-core-1.0.1.jar:/home/user/.m2/repository/org/apache/kerby/kerby-pkix/1.0.1/kerby-pkix-1.0.1.jar:/home/user/.m2/repository/org/apache/kerby/kerby-asn1/1.0.1/kerby-asn1-1.0.1.jar:/home/user/.m2/repository/org/apache/kerby/kerby-util/1.0.1/kerby-util-1.0.1.jar:/home/user/.m2/repository/org/apache/kerby/kerb-common/1.0.1/kerb-common-1.0.1.jar:/home/user/.m2/repository/org/apache/kerby/kerb-crypto/1.0.1/kerb-crypto-1.0.1.jar:/home/user/.m2/repository/org/apache/kerby/kerb-util/1.0.1/kerb-util-1.0.1.jar:/home/user/.m2/repository/org/apache/kerby/token-provider/1.0.1/token-provider-1.0.1.jar:/home/user/.m2/repository/org/apache/kerby/kerb-admin/1.0.1/kerb-admin-1.0.1.jar:/home/user/.m2/repository/org/apache/kerby/kerb-server/1.0.1/kerb-server-1.0.1.jar:/home/user/.m2/repository/org/apache/kerby/kerb-identity/1.0.1/kerb-identity-1.0.1.jar:/home/user/.m2/repository/org/apache/kerby/kerby-xdr/1.0.1/kerby-xdr-1.0.1.jar:/home/user/.m2/repository/org/slf4j/slf4j-log4j12/1.7.25/slf4j-log4j12-1.7.25.jar:/home/user/.m2/repository/org/apache/hadoop/hadoop-ozone-s3gateway/0.5.0-SNAPSHOT/hadoop-ozone-s3gateway-0.5.0-SNAPSHOT.jar:/home/user/.m2/repository/org/jboss/weld/servlet/weld-servlet/2.4.7.Final/weld-servlet-2.4.7.Final.jar:/home/user/.m2/repository/org/glassfish/jersey/containers/jersey-container-servlet-core/2.27/jersey-container-servlet-core-2.27.jar:/home/user/.m2/repository/org/glassfish/hk2/external/javax.inject/2.5.0-b42/javax.inject-2.5.0-b42.jar:/home/user/.m2/repository/org/glassfish/jersey/core/jersey-common/2.27/jersey-common-2.27.jar:/home/user/.m2/repository/org/glassfish/hk2/osgi-resource-locator/1.0.1/osgi-resource-locator-1.0.1.jar:/home/user/.m2/repository/javax/ws/rs/javax.ws.rs-api/2.1/javax.ws.rs-api-2.1.jar:/home/user/.m2/repository/org/glassfish/jersey/ext/cdi/jersey-cdi1x/2.27/jersey-cdi1x-2.27.jar:/home/user/.m2/repository/org/glassfish/jersey/inject/jersey-hk2/2.27/jersey-hk2-2.27.jar:/home/user/.m2/repository/org/glassfish/hk2/hk2-locator/2.5.0-b42/hk2-locator-2.5.0-b42.jar:/home/user/.m2/repository/org/javassist/javassist/3.22.0-CR2/javassist-3.22.0-CR2.jar:/home/user/.m2/repository/org/glassfish/hk2/hk2-api/2.5.0/hk2-api-2.5.0.jar:/home/user/.m2/repository/org/glassfish/hk2/external/jakarta.inject/2.5.0/jakarta.inject-2.5.0.jar:/home/user/.m2/repository/org/glassfish/hk2/hk2-utils/2.5.0/hk2-utils-2.5.0.jar:/home/user/.m2/repository/jakarta/annotation/jakarta.annotation-api/1.3.4/jakarta.annotation-api-1.3.4.jar:/home/user/.m2/repository/org/glassfish/hk2/external/aopalliance-repackaged/2.5.0/aopalliance-repackaged-2.5.0.jar:/home/user/.m2/repository/com/fasterxml/jackson/dataformat/jackson-dataformat-xml/2.9.0/jackson-dataformat-xml-2.9.0.jar:/home/user/.m2/repository/com/fasterxml/jackson/core/jackson-core/2.9.9/jackson-core-2.9.9.jar:/home/user/.m2/repository/com/fasterxml/jackson/module/jackson-module-jaxb-annotations/2.9.9/jackson-module-jaxb-annotations-2.9.9.jar:/home/user/.m2/repository/javax/enterprise/cdi-api/1.2/cdi-api-1.2.jar:/home/user/.m2/repository/javax/el/javax.el-api/3.0.0/javax.el-api-3.0.0.jar:/home/user/.m2/repository/javax/interceptor/javax.interceptor-api/1.2/javax.interceptor-api-1.2.jar:/home/user/.m2/repository/javax/inject/javax.inject/1/javax.inject-1.jar:/home/user/.m2/repository/com/sun/xml/bind/jaxb-impl/2.3.0.1/jaxb-impl-2.3.0.1.jar:/home/user/.m2/repository/com/sun/xml/bind/jaxb-core/2.3.0.1/jaxb-core-2.3.0.1.jar:/home/user/.m2/repository/javax/xml/bind/jaxb-api/2.3.0/jaxb-api-2.3.0.jar:/home/user/.m2/repository/javax/activation/activation/1.1.1/activation-1.1.1.jar:/home/user/.m2/repository/org/apache/hadoop/hadoop-ozone-csi/0.5.0-SNAPSHOT/hadoop-ozone-csi-0.5.0-SNAPSHOT.jar:/home/user/.m2/repository/com/google/protobuf/protobuf-java-util/3.5.1/protobuf-java-util-3.5.1.jar:/home/user/.m2/repository/org/apache/hadoop/hadoop-hdds-config/0.5.0-SNAPSHOT/hadoop-hdds-config-0.5.0-SNAPSHOT.jar:/home/user/.m2/repository/io/grpc/grpc-netty/1.17.1/grpc-netty-1.17.1.jar:/home/user/.m2/repository/io/grpc/grpc-core/1.17.1/grpc-core-1.17.1.jar:/home/user/.m2/repository/io/grpc/grpc-context/1.17.1/grpc-context-1.17.1.jar:/home/user/.m2/repository/com/google/errorprone/error_prone_annotations/2.2.0/error_prone_annotations-2.2.0.jar:/home/user/.m2/repository/org/codehaus/mojo/animal-sniffer-annotations/1.17/animal-sniffer-annotations-1.17.jar:/home/user/.m2/repository/io/opencensus/opencensus-api/0.17.0/opencensus-api-0.17.0.jar:/home/user/.m2/repository/io/opencensus/opencensus-contrib-grpc-metrics/0.17.0/opencensus-contrib-grpc-metrics-0.17.0.jar:/home/user/.m2/repository/io/netty/netty-codec-http2/4.1.30.Final/netty-codec-http2-4.1.30.Final.jar:/home/user/.m2/repository/io/netty/netty-codec-http/4.1.30.Final/netty-codec-http-4.1.30.Final.jar:/home/user/.m2/repository/io/netty/netty-codec/4.1.30.Final/netty-codec-4.1.30.Final.jar:/home/user/.m2/repository/io/netty/netty-handler/4.1.30.Final/netty-handler-4.1.30.Final.jar:/home/user/.m2/repository/io/netty/netty-handler-proxy/4.1.30.Final/netty-handler-proxy-4.1.30.Final.jar:/home/user/.m2/repository/io/netty/netty-codec-socks/4.1.30.Final/netty-codec-socks-4.1.30.Final.jar:/home/user/.m2/repository/io/netty/netty-transport-native-epoll/4.1.30.Final/netty-transport-native-epoll-4.1.30.Final.jar:/home/user/.m2/repository/io/netty/netty-common/4.1.30.Final/netty-common-4.1.30.Final.jar:/home/user/.m2/repository/io/netty/netty-buffer/4.1.30.Final/netty-buffer-4.1.30.Final.jar:/home/user/.m2/repository/io/netty/netty-transport/4.1.30.Final/netty-transport-4.1.30.Final.jar:/home/user/.m2/repository/io/netty/netty-resolver/4.1.30.Final/netty-resolver-4.1.30.Final.jar:/home/user/.m2/repository/io/netty/netty-transport-native-unix-common/4.1.30.Final/netty-transport-native-unix-common-4.1.30.Final.jar:/home/user/.m2/repository/io/grpc/grpc-protobuf/1.17.1/grpc-protobuf-1.17.1.jar:/home/user/.m2/repository/com/google/api/grpc/proto-google-common-protos/1.0.0/proto-google-common-protos-1.0.0.jar:/home/user/.m2/repository/io/grpc/grpc-protobuf-lite/1.17.1/grpc-protobuf-lite-1.17.1.jar:/home/user/.m2/repository/io/grpc/grpc-stub/1.17.1/grpc-stub-1.17.1.jar:/home/user/.m2/repository/org/apache/hadoop/hadoop-ozone-recon/0.5.0-SNAPSHOT/hadoop-ozone-recon-0.5.0-SNAPSHOT.jar:/home/user/.m2/repository/org/apache/hadoop/hadoop-ozone-reconcodegen/0.5.0-SNAPSHOT/hadoop-ozone-reconcodegen-0.5.0-SNAPSHOT.jar:/home/user/.m2/repository/com/google/inject/extensions/guice-multibindings/4.0/guice-multibindings-4.0.jar:/home/user/.m2/repository/com/google/inject/guice/4.0/guice-4.0.jar:/home/user/.m2/repository/aopalliance/aopalliance/1.0/aopalliance-1.0.jar:/home/user/.m2/repository/com/google/inject/extensions/guice-servlet/4.0/guice-servlet-4.0.jar:/home/user/.m2/repository/org/glassfish/jersey/containers/jersey-container-servlet/2.27/jersey-container-servlet-2.27.jar:/home/user/.m2/repository/org/glassfish/hk2/guice-bridge/2.5.0/guice-bridge-2.5.0.jar:/home/user/.m2/repository/org/glassfish/jersey/core/jersey-server/2.27/jersey-server-2.27.jar:/home/user/.m2/repository/org/glassfish/jersey/core/jersey-client/2.27/jersey-client-2.27.jar:/home/user/.m2/repository/org/glassfish/jersey/media/jersey-media-jaxb/2.27/jersey-media-jaxb-2.27.jar:/home/user/.m2/repository/javax/validation/validation-api/1.1.0.Final/validation-api-1.1.0.Final.jar:/home/user/.m2/repository/org/glassfish/jersey/media/jersey-media-json-jackson/2.27/jersey-media-json-jackson-2.27.jar:/home/user/.m2/repository/org/glassfish/jersey/ext/jersey-entity-filtering/2.27/jersey-entity-filtering-2.27.jar:/home/user/.m2/repository/com/google/inject/extensions/guice-assistedinject/4.0/guice-assistedinject-4.0.jar:/home/user/.m2/repository/org/jooq/jooq/3.11.10/jooq-3.11.10.jar:/home/user/.m2/repository/org/jooq/jooq-meta/3.11.10/jooq-meta-3.11.10.jar:/home/user/.m2/repository/org/jooq/jooq-codegen/3.11.10/jooq-codegen-3.11.10.jar:/home/user/.m2/repository/com/jolbox/bonecp/0.8.0.RELEASE/bonecp-0.8.0.RELEASE.jar:/home/user/.m2/repository/org/xerial/sqlite-jdbc/3.25.2/sqlite-jdbc-3.25.2.jar:/home/user/.m2/repository/org/springframework/spring-jdbc/5.1.3.RELEASE/spring-jdbc-5.1.3.RELEASE.jar:/home/user/.m2/repository/org/springframework/spring-beans/5.1.3.RELEASE/spring-beans-5.1.3.RELEASE.jar:/home/user/.m2/repository/org/springframework/spring-core/5.1.3.RELEASE/spring-core-5.1.3.RELEASE.jar:/home/user/.m2/repository/org/springframework/spring-jcl/5.1.3.RELEASE/spring-jcl-5.1.3.RELEASE.jar:/home/user/.m2/repository/org/springframework/spring-tx/5.1.3.RELEASE/spring-tx-5.1.3.RELEASE.jar:/home/user/.m2/repository/org/apache/hadoop/hadoop-ozone-client/0.5.0-SNAPSHOT/hadoop-ozone-client-0.5.0-SNAPSHOT.jar:/home/user/.m2/repository/commons-lang/commons-lang/2.6/commons-lang-2.6.jar:/home/user/.m2/repository/org/apache/hadoop/hadoop-ozone-ozone-manager/0.5.0-SNAPSHOT/hadoop-ozone-ozone-manager-0.5.0-SNAPSHOT-tests.jar:/home/user/.m2/repository/junit/junit/4.11/junit-4.11.jar:/home/user/.m2/repository/org/hamcrest/hamcrest-core/1.3/hamcrest-core-1.3.jar:/home/user/.m2/repository/org/openjdk/jmh/jmh-core/1.19/jmh-core-1.19.jar:/home/user/.m2/repository/net/sf/jopt-simple/jopt-simple/4.6/jopt-simple-4.6.jar:/home/user/.m2/repository/org/apache/commons/commons-math3/3.1.1/commons-math3-3.1.1.jar:/home/user/.m2/repository/org/openjdk/jmh/jmh-generator-annprocess/1.19/jmh-generator-annprocess-1.19.jar:/home/user/.m2/repository/org/mockito/mockito-all/1.8.5/mockito-all-1.8.5.jar:/home/user/.m2/repository/org/apache/hadoop/hadoop-kms/3.2.0/hadoop-kms-3.2.0.jar:/home/user/.m2/repository/org/apache/hadoop/hadoop-auth/3.2.0/hadoop-auth-3.2.0.jar:/home/user/.m2/repository/com/nimbusds/nimbus-jose-jwt/4.41.1/nimbus-jose-jwt-4.41.1.jar:/home/user/.m2/repository/com/github/stephenc/jcip/jcip-annotations/1.0-1/jcip-annotations-1.0-1.jar:/home/user/.m2/repository/net/minidev/json-smart/2.3/json-smart-2.3.jar:/home/user/.m2/repository/net/minidev/accessors-smart/1.2/accessors-smart-1.2.jar:/home/user/.m2/repository/org/ow2/asm/asm/5.0.4/asm-5.0.4.jar:/home/user/.m2/repository/org/apache/curator/curator-framework/2.12.0/curator-framework-2.12.0.jar:/home/user/.m2/repository/com/sun/jersey/jersey-core/1.19/jersey-core-1.19.jar:/home/user/.m2/repository/javax/ws/rs/jsr311-api/1.1.1/jsr311-api-1.1.1.jar:/home/user/.m2/repository/com/sun/jersey/jersey-server/1.19/jersey-server-1.19.jar:/home/user/.m2/repository/javax/servlet/javax.servlet-api/3.1.0/javax.servlet-api-3.1.0.jar:/home/user/.m2/repository/org/eclipse/jetty/jetty-server/9.3.25.v20180904/jetty-server-9.3.25.v20180904.jar:/home/user/.m2/repository/org/eclipse/jetty/jetty-http/9.3.25.v20180904/jetty-http-9.3.25.v20180904.jar:/home/user/.m2/repository/org/eclipse/jetty/jetty-io/9.3.25.v20180904/jetty-io-9.3.25.v20180904.jar:/home/user/.m2/repository/org/eclipse/jetty/jetty-webapp/9.3.25.v20180904/jetty-webapp-9.3.25.v20180904.jar:/home/user/.m2/repository/org/eclipse/jetty/jetty-xml/9.3.25.v20180904/jetty-xml-9.3.25.v20180904.jar:/home/user/.m2/repository/log4j/log4j/1.2.17/log4j-1.2.17.jar:/home/user/.m2/repository/org/slf4j/slf4j-api/1.7.25/slf4j-api-1.7.25.jar:/home/user/.m2/repository/org/slf4j/jul-to-slf4j/1.7.25/jul-to-slf4j-1.7.25.jar:/home/user/.m2/repository/org/eclipse/jetty/jetty-util/9.3.25.v20180904/jetty-util-9.3.25.v20180904.jar:/home/user/.m2/repository/com/fasterxml/jackson/core/jackson-databind/2.9.9/jackson-databind-2.9.9.jar:/home/user/.m2/repository/org/apache/hadoop/hadoop-kms/3.2.0/hadoop-kms-3.2.0-tests.jar:/home/user/.m2/repository/org/apache/hadoop/hadoop-hdds-server-scm/0.5.0-SNAPSHOT/hadoop-hdds-server-scm-0.5.0-SNAPSHOT-tests.jar:/home/user/.m2/repository/org/apache/hadoop/hadoop-hdds-container-service/0.5.0-SNAPSHOT/hadoop-hdds-container-service-0.5.0-SNAPSHOT-tests.jar:/home/user/.m2/repository/org/yaml/snakeyaml/1.16/snakeyaml-1.16.jar:/home/user/.m2/repository/org/apache/hadoop/hadoop-common/3.2.0/hadoop-common-3.2.0-tests.jar:/home/user/.m2/repository/org/apache/hadoop/hadoop-annotations/3.2.0/hadoop-annotations-3.2.0.jar:/usr/lib/jvm/java-1.8-openjdk/jre/../lib/tools.jar:/home/user/.m2/repository/commons-cli/commons-cli/1.2/commons-cli-1.2.jar:/home/user/.m2/repository/org/apache/httpcomponents/httpclient/4.5.2/httpclient-4.5.2.jar:/home/user/.m2/repository/org/apache/httpcomponents/httpcore/4.4.4/httpcore-4.4.4.jar:/home/user/.m2/repository/commons-codec/commons-codec/1.11/commons-codec-1.11.jar:/home/user/.m2/repository/commons-net/commons-net/3.6/commons-net-3.6.jar:/home/user/.m2/repository/commons-collections/commons-collections/3.2.2/commons-collections-3.2.2.jar:/home/user/.m2/repository/org/eclipse/jetty/jetty-servlet/9.3.25.v20180904/jetty-servlet-9.3.25.v20180904.jar:/home/user/.m2/repository/org/eclipse/jetty/jetty-security/9.3.25.v20180904/jetty-security-9.3.25.v20180904.jar:/home/user/.m2/repository/javax/servlet/jsp/jsp-api/2.1/jsp-api-2.1.jar:/home/user/.m2/repository/com/sun/jersey/jersey-servlet/1.19/jersey-servlet-1.19.jar:/home/user/.m2/repository/com/sun/jersey/jersey-json/1.19/jersey-json-1.19.jar:/home/user/.m2/repository/org/codehaus/jettison/jettison/1.1/jettison-1.1.jar:/home/user/.m2/repository/org/codehaus/jackson/jackson-core-asl/1.9.13/jackson-core-asl-1.9.13.jar:/home/user/.m2/repository/org/codehaus/jackson/jackson-mapper-asl/1.9.13/jackson-mapper-asl-1.9.13.jar:/home/user/.m2/repository/org/codehaus/jackson/jackson-jaxrs/1.9.13/jackson-jaxrs-1.9.13.jar:/home/user/.m2/repository/org/codehaus/jackson/jackson-xc/1.9.13/jackson-xc-1.9.13.jar:/home/user/.m2/repository/commons-logging/commons-logging/1.1.3/commons-logging-1.1.3.jar:/home/user/.m2/repository/commons-beanutils/commons-beanutils/1.9.4/commons-beanutils-1.9.4.jar:/home/user/.m2/repository/org/apache/commons/commons-configuration2/2.1.1/commons-configuration2-2.1.1.jar:/home/user/.m2/repository/org/apache/commons/commons-lang3/3.7/commons-lang3-3.7.jar:/home/user/.m2/repository/org/apache/commons/commons-text/1.4/commons-text-1.4.jar:/home/user/.m2/repository/org/apache/avro/avro/1.7.7/avro-1.7.7.jar:/home/user/.m2/repository/com/thoughtworks/paranamer/paranamer/2.3/paranamer-2.3.jar:/home/user/.m2/repository/org/xerial/snappy/snappy-java/1.0.5/snappy-java-1.0.5.jar:/home/user/.m2/repository/com/google/re2j/re2j/1.1/re2j-1.1.jar:/home/user/.m2/repository/com/google/code/gson/gson/2.2.4/gson-2.2.4.jar:/home/user/.m2/repository/com/jcraft/jsch/0.1.54/jsch-0.1.54.jar:/home/user/.m2/repository/org/apache/curator/curator-client/2.12.0/curator-client-2.12.0.jar:/home/user/.m2/repository/org/apache/curator/curator-recipes/2.12.0/curator-recipes-2.12.0.jar:/home/user/.m2/repository/com/google/code/findbugs/jsr305/3.0.0/jsr305-3.0.0.jar:/home/user/.m2/repository/org/apache/htrace/htrace-core4/4.1.0-incubating/htrace-core4-4.1.0-incubating.jar:/home/user/.m2/repository/org/apache/zookeeper/zookeeper/3.4.13/zookeeper-3.4.13.jar:/home/user/.m2/repository/jline/jline/0.9.94/jline-0.9.94.jar:/home/user/.m2/repository/org/apache/yetus/audience-annotations/0.5.0/audience-annotations-0.5.0.jar:/home/user/.m2/repository/org/codehaus/woodstox/stax2-api/3.1.4/stax2-api-3.1.4.jar:/home/user/.m2/repository/com/fasterxml/woodstox/woodstox-core/5.0.3/woodstox-core-5.0.3.jar:/home/user/.m2/repository/dnsjava/dnsjava/2.1.7/dnsjava-2.1.7.jar:/home/user/.m2/repository/org/apache/hadoop/hadoop-hdfs/3.2.0/hadoop-hdfs-3.2.0-tests.jar:/home/user/.m2/repository/org/eclipse/jetty/jetty-util-ajax/9.3.25.v20180904/jetty-util-ajax-9.3.25.v20180904.jar:/home/user/.m2/repository/commons-daemon/commons-daemon/1.0.13/commons-daemon-1.0.13.jar:/home/user/.m2/repository/io/netty/netty/3.10.5.Final/netty-3.10.5.Final.jar:/home/user/.m2/repository/io/netty/netty-all/4.0.52.Final/netty-all-4.0.52.Final.jar:/home/user/.m2/repository/org/fusesource/leveldbjni/leveldbjni-all/1.8/leveldbjni-all-1.8.jar:"/>
    <property name="sun.cpu.endian" value="little"/>
    <property name="user.home" value="/home/user"/>
    <property name="user.language" value="en"/>
    <property name="java.specification.vendor" value="Oracle Corporation"/>
    <property name="java.home" value="/usr/lib/jvm/java-1.8-openjdk/jre"/>
    <property name="surefire.excludesFile" value="/tools/ozone-bad-unit-tests"/>
    <property name="java.security.krb5.conf" value="/workdir/hadoop-ozone/integration-test/target/test-classes/krb5.conf"/>
    <property name="basedir" value="/workdir/hadoop-ozone/integration-test"/>
    <property name="file.separator" value="/"/>
    <property name="line.separator" value="&#10;"/>
    <property name="java.vm.specification.vendor" value="Oracle Corporation"/>
    <property name="java.specification.name" value="Java Platform API Specification"/>
    <property name="java.awt.graphicsenv" value="sun.awt.X11GraphicsEnvironment"/>
    <property name="surefire.real.class.path" value="/workdir/hadoop-ozone/integration-test/target/surefire/surefirebooter759490256042649486.jar"/>
    <property name="hadoop.log.dir" value="/workdir/hadoop-ozone/integration-test/target/log"/>
    <property name="sun.boot.class.path" value="/usr/lib/jvm/java-1.8-openjdk/jre/lib/resources.jar:/usr/lib/jvm/java-1.8-openjdk/jre/lib/rt.jar:/usr/lib/jvm/java-1.8-openjdk/jre/lib/sunrsasign.jar:/usr/lib/jvm/java-1.8-openjdk/jre/lib/jsse.jar:/usr/lib/jvm/java-1.8-openjdk/jre/lib/jce.jar:/usr/lib/jvm/java-1.8-openjdk/jre/lib/charsets.jar:/usr/lib/jvm/java-1.8-openjdk/jre/lib/jfr.jar:/usr/lib/jvm/java-1.8-openjdk/jre/classes"/>
    <property name="sun.management.compiler" value="HotSpot 64-Bit Tiered Compilers"/>
    <property name="java.runtime.version" value="1.8.0_212-b04"/>
    <property name="java.net.preferIPv4Stack" value="true"/>
    <property name="user.name" value="jenkins1000"/>
    <property name="path.separator" value=":"/>
    <property name="java.security.egd" value="file:///dev/urandom"/>
    <property name="os.version" value="3.10.0-957.12.2.el7.x86_64"/>
    <property name="java.endorsed.dirs" value="/usr/lib/jvm/java-1.8-openjdk/jre/lib/endorsed"/>
    <property name="java.runtime.name" value="OpenJDK Runtime Environment"/>
    <property name="file.encoding" value="UTF-8"/>
    <property name="java.vm.name" value="OpenJDK 64-Bit Server VM"/>
    <property name="test.build.webapps" value=""/>
    <property name="localRepository" value="/home/user/.m2/repository"/>
    <property name="java.vendor.url.bug" value="https://icedtea.classpath.org/bugzilla"/>
    <property name="java.io.tmpdir" value="/tmp"/>
    <property name="require.test.libhadoop" value=""/>
    <property name="java.version" value="1.8.0_212"/>
    <property name="user.dir" value="/workdir/hadoop-ozone/integration-test"/>
    <property name="os.arch" value="amd64"/>
    <property name="java.vm.specification.name" value="Java Virtual Machine Specification"/>
    <property name="test.build.classes" value="/workdir/hadoop-ozone/integration-test/target/test-classes"/>
    <property name="java.awt.printerjob" value="sun.print.PSPrinterJob"/>
    <property name="sun.os.patch.level" value="unknown"/>
    <property name="hadoop.tmp.dir" value="/workdir/hadoop-ozone/integration-test/target/tmp"/>
    <property name="java.library.path" value="/usr/lib/jvm/java-1.8-openjdk/jre/lib/amd64/server:/usr/lib/jvm/java-1.8-openjdk/jre/lib/amd64:/usr/lib/jvm/java-1.8-openjdk/jre/../lib/amd64:/workdir/hadoop-ozone/integration-test/target/native/target/usr/local/lib:/workdir/hadoop-ozone/integration-test/../../hadoop-common-project/hadoop-common/target/native/target/usr/local/lib:/usr/java/packages/lib/amd64:/usr/lib64:/lib64:/lib:/usr/lib"/>
    <property name="java.vm.info" value="mixed mode"/>
    <property name="java.vendor" value="IcedTea"/>
    <property name="java.vm.version" value="25.212-b04"/>
    <property name="java.ext.dirs" value="/usr/lib/jvm/java-1.8-openjdk/jre/lib/ext:/usr/java/packages/lib/ext"/>
    <property name="sun.io.unicode.encoding" value="UnicodeLittle"/>
    <property name="java.class.version" value="52.0"/>
  </properties>
  <testcase name="testGroupMismatchExceptionHandling" classname="org.apache.hadoop.ozone.client.rpc.TestOzoneClientRetriesOnException" time="43.098"/>
  <testcase name="testMaxRetriesByOzoneClient" classname="org.apache.hadoop.ozone.client.rpc.TestOzoneClientRetriesOnException" time="124.107">
    <error message="Failed to command cmdType: CreateContainer&#10;containerID: 1&#10;datanodeUuid: &quot;d188d7df-a98d-4c55-b2ec-1bf3b33e499c&quot;&#10;createContainer {&#10;}&#10;" type="java.io.IOException">java.io.IOException: 
Failed to command cmdType: CreateContainer
containerID: 1
datanodeUuid: "d188d7df-a98d-4c55-b2ec-1bf3b33e499c"
createContainer {
}

	at org.apache.hadoop.hdds.scm.XceiverClientSpi.sendCommand(XceiverClientSpi.java:113)
	at org.apache.hadoop.ozone.client.rpc.TestOzoneClientRetriesOnException.testMaxRetriesByOzoneClient(TestOzoneClientRetriesOnException.java:190)
	at sun.reflect.NativeMethodAccessorImpl.invoke0(Native Method)
	at sun.reflect.NativeMethodAccessorImpl.invoke(NativeMethodAccessorImpl.java:62)
	at sun.reflect.DelegatingMethodAccessorImpl.invoke(DelegatingMethodAccessorImpl.java:43)
	at java.lang.reflect.Method.invoke(Method.java:498)
	at org.junit.runners.model.FrameworkMethod$1.runReflectiveCall(FrameworkMethod.java:47)
	at org.junit.internal.runners.model.ReflectiveCallable.run(ReflectiveCallable.java:12)
	at org.junit.runners.model.FrameworkMethod.invokeExplosively(FrameworkMethod.java:44)
	at org.junit.internal.runners.statements.InvokeMethod.evaluate(InvokeMethod.java:17)
	at org.junit.internal.runners.statements.RunBefores.evaluate(RunBefores.java:26)
	at org.junit.internal.runners.statements.RunAfters.evaluate(RunAfters.java:27)
	at org.junit.runners.ParentRunner.runLeaf(ParentRunner.java:271)
	at org.junit.runners.BlockJUnit4ClassRunner.runChild(BlockJUnit4ClassRunner.java:70)
	at org.junit.runners.BlockJUnit4ClassRunner.runChild(BlockJUnit4ClassRunner.java:50)
	at org.junit.runners.ParentRunner$3.run(ParentRunner.java:238)
	at org.junit.runners.ParentRunner$1.schedule(ParentRunner.java:63)
	at org.junit.runners.ParentRunner.runChildren(ParentRunner.java:236)
	at org.junit.runners.ParentRunner.access$000(ParentRunner.java:53)
	at org.junit.runners.ParentRunner$2.evaluate(ParentRunner.java:229)
	at org.junit.runners.ParentRunner.run(ParentRunner.java:309)
	at org.apache.maven.surefire.junit4.JUnit4Provider.execute(JUnit4Provider.java:365)
	at org.apache.maven.surefire.junit4.JUnit4Provider.executeWithRerun(JUnit4Provider.java:273)
	at org.apache.maven.surefire.junit4.JUnit4Provider.executeTestSet(JUnit4Provider.java:238)
	at org.apache.maven.surefire.junit4.JUnit4Provider.invoke(JUnit4Provider.java:159)
	at org.apache.maven.surefire.booter.ForkedBooter.invokeProviderInSameClassLoader(ForkedBooter.java:384)
	at org.apache.maven.surefire.booter.ForkedBooter.runSuitesInProcess(ForkedBooter.java:345)
	at org.apache.maven.surefire.booter.ForkedBooter.execute(ForkedBooter.java:126)
	at org.apache.maven.surefire.booter.ForkedBooter.main(ForkedBooter.java:418)
Caused by: java.util.concurrent.ExecutionException: org.apache.ratis.protocol.RaftRetryFailureException: Failed RaftClientRequest:client-D67EDB985D62->d188d7df-a98d-4c55-b2ec-1bf3b33e499c@group-C0905E76DA01, cid=45, seq=4*, RW, cmdType: CreateContainer
traceID: "10256dd6ca853060:10256dd6ca853060:0:0"
containerID: 1
datanodeUuid: "d188d7df-a98d-4c55-b2ec-1bf3b33e499c"
createContainer {
}
, data.size=0 for 180 attempts with RetryLimited(maxAttempts=180, sleepTime=1000ms)
	at java.util.concurrent.CompletableFuture.reportGet(CompletableFuture.java:357)
	at java.util.concurrent.CompletableFuture.get(CompletableFuture.java:1895)
	at org.apache.hadoop.hdds.scm.XceiverClientSpi.sendCommand(XceiverClientSpi.java:110)
	... 28 more
Caused by: org.apache.ratis.protocol.RaftRetryFailureException: Failed RaftClientRequest:client-D67EDB985D62->d188d7df-a98d-4c55-b2ec-1bf3b33e499c@group-C0905E76DA01, cid=45, seq=4*, RW, cmdType: CreateContainer
traceID: "10256dd6ca853060:10256dd6ca853060:0:0"
containerID: 1
datanodeUuid: "d188d7df-a98d-4c55-b2ec-1bf3b33e499c"
createContainer {
}
, data.size=0 for 180 attempts with RetryLimited(maxAttempts=180, sleepTime=1000ms)
	at org.apache.ratis.client.impl.RaftClientImpl.noMoreRetries(RaftClientImpl.java:271)
	at org.apache.ratis.client.impl.OrderedAsync.handleAsyncRetryFailure(OrderedAsync.java:138)
	at org.apache.ratis.client.impl.OrderedAsync.lambda$sendRequest$10(OrderedAsync.java:230)
	at java.util.concurrent.CompletableFuture.uniExceptionally(CompletableFuture.java:870)
	at java.util.concurrent.CompletableFuture$UniExceptionally.tryFire(CompletableFuture.java:852)
	at java.util.concurrent.CompletableFuture.postComplete(CompletableFuture.java:474)
	at java.util.concurrent.CompletableFuture.completeExceptionally(CompletableFuture.java:1977)
	at org.apache.ratis.grpc.client.GrpcClientProtocolClient$AsyncStreamObservers.completeReplyExceptionally(GrpcClientProtocolClient.java:345)
	at org.apache.ratis.grpc.client.GrpcClientProtocolClient$AsyncStreamObservers.access$000(GrpcClientProtocolClient.java:261)
	at org.apache.ratis.grpc.client.GrpcClientProtocolClient$AsyncStreamObservers$1.onNext(GrpcClientProtocolClient.java:273)
	at org.apache.ratis.grpc.client.GrpcClientProtocolClient$AsyncStreamObservers$1.onNext(GrpcClientProtocolClient.java:264)
	at org.apache.ratis.thirdparty.io.grpc.stub.ClientCalls$StreamObserverToCallListenerAdapter.onMessage(ClientCalls.java:421)
	at org.apache.ratis.thirdparty.io.grpc.ForwardingClientCallListener.onMessage(ForwardingClientCallListener.java:33)
	at org.apache.ratis.thirdparty.io.grpc.ForwardingClientCallListener.onMessage(ForwardingClientCallListener.java:33)
	at org.apache.ratis.thirdparty.io.grpc.internal.ClientCallImpl$ClientStreamListenerImpl$1MessagesAvailable.runInContext(ClientCallImpl.java:519)
	at org.apache.ratis.thirdparty.io.grpc.internal.ContextRunnable.run(ContextRunnable.java:37)
	at org.apache.ratis.thirdparty.io.grpc.internal.SerializingExecutor.run(SerializingExecutor.java:123)
	at java.util.concurrent.ThreadPoolExecutor.runWorker(ThreadPoolExecutor.java:1149)
	at java.util.concurrent.ThreadPoolExecutor$Worker.run(ThreadPoolExecutor.java:624)
	at java.lang.Thread.run(Thread.java:748)
Caused by: org.apache.ratis.protocol.NotLeaderException: Server d188d7df-a98d-4c55-b2ec-1bf3b33e499c@group-C0905E76DA01 is not the leader f8dbb98f-c520-465b-9b5e-774751dbfbea:192.168.5.145:35931
	at org.apache.ratis.client.impl.ClientProtoUtils.toRaftClientReply(ClientProtoUtils.java:243)
	at org.apache.ratis.grpc.client.GrpcClientProtocolClient$AsyncStreamObservers$1.onNext(GrpcClientProtocolClient.java:269)
	... 10 more
</error>
    <system-out><![CDATA[2019-10-14 10:26:15,928 [main] WARN  server.ServerUtils (ServerUtils.java:getScmDbDir(145)) - ozone.scm.db.dirs is not configured. We recommend adding this setting. Falling back to ozone.metadata.dirs instead.
2019-10-14 10:26:15,954 [main] WARN  server.ServerUtils (ServerUtils.java:getScmDbDir(145)) - ozone.scm.db.dirs is not configured. We recommend adding this setting. Falling back to ozone.metadata.dirs instead.
2019-10-14 10:26:15,954 [main] WARN  server.ServerUtils (ServerUtils.java:getScmDbDir(145)) - ozone.scm.db.dirs is not configured. We recommend adding this setting. Falling back to ozone.metadata.dirs instead.
2019-10-14 10:26:15,955 [main] INFO  db.DBStoreBuilder (DBStoreBuilder.java:addTable(117)) - using custom profile for table: deletedBlocks
2019-10-14 10:26:15,955 [main] INFO  db.DBStoreBuilder (DBStoreBuilder.java:processTables(168)) - Using default column profile:DBProfile.DISK for Table:deletedBlocks
2019-10-14 10:26:15,956 [main] INFO  db.DBStoreBuilder (DBStoreBuilder.java:addTable(117)) - using custom profile for table: validCerts
2019-10-14 10:26:15,956 [main] INFO  db.DBStoreBuilder (DBStoreBuilder.java:processTables(168)) - Using default column profile:DBProfile.DISK for Table:validCerts
2019-10-14 10:26:15,956 [main] INFO  db.DBStoreBuilder (DBStoreBuilder.java:addTable(117)) - using custom profile for table: revokedCerts
2019-10-14 10:26:15,957 [main] INFO  db.DBStoreBuilder (DBStoreBuilder.java:processTables(168)) - Using default column profile:DBProfile.DISK for Table:revokedCerts
2019-10-14 10:26:15,957 [main] INFO  db.DBStoreBuilder (DBStoreBuilder.java:addTable(117)) - using custom profile for table: default
2019-10-14 10:26:15,957 [main] INFO  db.DBStoreBuilder (DBStoreBuilder.java:processTables(174)) - Using default column profile:DBProfile.DISK for Table:default
2019-10-14 10:26:15,958 [main] INFO  db.DBStoreBuilder (DBStoreBuilder.java:getDbProfile(205)) - Using default options. DBProfile.DISK
2019-10-14 10:26:16,139 [main] INFO  net.NodeSchemaLoader (NodeSchemaLoader.java:loadSchemaFromFile(125)) - Loading file from sun.misc.CompoundEnumeration@36920bd6
2019-10-14 10:26:16,139 [main] INFO  net.NodeSchemaLoader (NodeSchemaLoader.java:loadSchema(171)) - Loading network topology layer schema file
2019-10-14 10:26:16,146 [main] WARN  server.ServerUtils (ServerUtils.java:sanitizeUserArgs(70)) - ozone.scm.stale.node.interval value = 300000 is larger than max = 100000 based on the key value of ozone.scm.heartbeat.thread.interval, reset to the max value 100000.
2019-10-14 10:26:16,146 [main] WARN  server.ServerUtils (ServerUtils.java:sanitizeUserArgs(70)) - ozone.scm.stale.node.interval value = 300000 is larger than max = 100000 based on the key value of ozone.scm.heartbeat.thread.interval, reset to the max value 100000.
2019-10-14 10:26:16,147 [main] INFO  node.SCMNodeManager (SCMNodeManager.java:<init>(116)) - Entering startup safe mode.
2019-10-14 10:26:16,148 [main] INFO  algorithms.ContainerPlacementPolicyFactory (ContainerPlacementPolicyFactory.java:getPolicy(57)) - Create container placement policy of type org.apache.hadoop.hdds.scm.container.placement.algorithms.SCMContainerPlacementRandom
2019-10-14 10:26:16,149 [main] WARN  server.ServerUtils (ServerUtils.java:getScmDbDir(145)) - ozone.scm.db.dirs is not configured. We recommend adding this setting. Falling back to ozone.metadata.dirs instead.
2019-10-14 10:26:16,183 [main] INFO  pipeline.SCMPipelineManager (SCMPipelineManager.java:initializePipelineState(132)) - No pipeline exists in current db
2019-10-14 10:26:16,183 [main] WARN  server.ServerUtils (ServerUtils.java:getScmDbDir(145)) - ozone.scm.db.dirs is not configured. We recommend adding this setting. Falling back to ozone.metadata.dirs instead.
2019-10-14 10:26:16,207 [main] WARN  events.EventQueue (EventQueue.java:fireEvent(183)) - No event handler registered for event TypedEvent{payloadType=SafeModeStatus, name='SafeModeStatus'}
2019-10-14 10:26:16,209 [main] INFO  ipc.CallQueueManager (CallQueueManager.java:<init>(84)) - Using callQueue: class java.util.concurrent.LinkedBlockingQueue, queueCapacity: 2000, scheduler: class org.apache.hadoop.ipc.DefaultRpcScheduler, ipcBackoff: false.
2019-10-14 10:26:16,209 [Socket Reader #1 for port 38901] INFO  ipc.Server (Server.java:run(1074)) - Starting Socket Reader #1 for port 38901
2019-10-14 10:26:16,212 [main] INFO  ipc.CallQueueManager (CallQueueManager.java:<init>(84)) - Using callQueue: class java.util.concurrent.LinkedBlockingQueue, queueCapacity: 2000, scheduler: class org.apache.hadoop.ipc.DefaultRpcScheduler, ipcBackoff: false.
2019-10-14 10:26:16,212 [Socket Reader #1 for port 37723] INFO  ipc.Server (Server.java:run(1074)) - Starting Socket Reader #1 for port 37723
2019-10-14 10:26:16,214 [main] INFO  ipc.CallQueueManager (CallQueueManager.java:<init>(84)) - Using callQueue: class java.util.concurrent.LinkedBlockingQueue, queueCapacity: 2000, scheduler: class org.apache.hadoop.ipc.DefaultRpcScheduler, ipcBackoff: false.
2019-10-14 10:26:16,214 [Socket Reader #1 for port 37193] INFO  ipc.Server (Server.java:run(1074)) - Starting Socket Reader #1 for port 37193
2019-10-14 10:26:16,217 [main] INFO  hdfs.DFSUtil (DFSUtil.java:httpServerTemplateForNNAndJN(1641)) - Starting Web-server for scm at: http://0.0.0.0:0
2019-10-14 10:26:16,219 [main] INFO  server.AuthenticationFilter (AuthenticationFilter.java:constructSecretProvider(240)) - Unable to initialize FileSignerSecretProvider, falling back to use random secrets.
2019-10-14 10:26:16,220 [main] WARN  http.HttpRequestLog (HttpRequestLog.java:getRequestLog(97)) - Jetty request log can only be enabled using Log4j
2019-10-14 10:26:16,222 [main] INFO  http.HttpServer2 (HttpServer2.java:addGlobalFilter(975)) - Added global filter 'safety' (class=org.apache.hadoop.http.HttpServer2$QuotingInputFilter)
2019-10-14 10:26:16,223 [main] INFO  http.HttpServer2 (HttpServer2.java:addFilter(948)) - Added filter static_user_filter (class=org.apache.hadoop.http.lib.StaticUserWebFilter$StaticUserFilter) to context scm
2019-10-14 10:26:16,224 [main] INFO  http.HttpServer2 (HttpServer2.java:addFilter(958)) - Added filter static_user_filter (class=org.apache.hadoop.http.lib.StaticUserWebFilter$StaticUserFilter) to context logs
2019-10-14 10:26:16,224 [main] INFO  http.HttpServer2 (HttpServer2.java:addFilter(958)) - Added filter static_user_filter (class=org.apache.hadoop.http.lib.StaticUserWebFilter$StaticUserFilter) to context static
2019-10-14 10:26:16,227 [main] INFO  server.StorageContainerManager (StorageContainerManager.java:start(772)) - StorageContainerLocationProtocol RPC server is listening at /0.0.0.0:37193
2019-10-14 10:26:16,229 [main] WARN  impl.MetricsConfig (MetricsConfig.java:loadFirst(134)) - Cannot locate configuration: tried hadoop-metrics2-storagecontainermanager.properties,hadoop-metrics2.properties
2019-10-14 10:26:16,231 [main] INFO  impl.MetricsSystemImpl (MetricsSystemImpl.java:startTimer(374)) - Scheduled Metric snapshot period at 10 second(s).
2019-10-14 10:26:16,231 [main] INFO  impl.MetricsSystemImpl (MetricsSystemImpl.java:start(191)) - StorageContainerManager metrics system started
2019-10-14 10:26:16,283 [main] WARN  impl.MetricsSystemImpl (MetricsSystemImpl.java:register(276)) - Sink prometheus already exists!
2019-10-14 10:26:16,289 [main] INFO  server.SCMClientProtocolServer (SCMClientProtocolServer.java:start(159)) - RPC server for Client  is listening at /0.0.0.0:37193
2019-10-14 10:26:16,290 [IPC Server Responder] INFO  ipc.Server (Server.java:run(1314)) - IPC Server Responder: starting
2019-10-14 10:26:16,290 [IPC Server listener on 37193] INFO  ipc.Server (Server.java:run(1153)) - IPC Server listener on 37193: starting
2019-10-14 10:26:16,294 [main] INFO  server.StorageContainerManager (StorageContainerManager.java:start(782)) - ScmBlockLocationProtocol RPC server is listening at /0.0.0.0:37723
2019-10-14 10:26:16,294 [main] INFO  server.SCMBlockProtocolServer (SCMBlockProtocolServer.java:start(146)) - RPC server for Block Protocol is listening at /0.0.0.0:37723
2019-10-14 10:26:16,295 [IPC Server Responder] INFO  ipc.Server (Server.java:run(1314)) - IPC Server Responder: starting
2019-10-14 10:26:16,295 [IPC Server listener on 37723] INFO  ipc.Server (Server.java:run(1153)) - IPC Server listener on 37723: starting
2019-10-14 10:26:16,299 [main] INFO  server.StorageContainerManager (StorageContainerManager.java:start(786)) - ScmDatanodeProtocl RPC server is listening at /0.0.0.0:38901
2019-10-14 10:26:16,299 [main] INFO  server.SCMDatanodeProtocolServer (SCMDatanodeProtocolServer.java:start(169)) - RPC server for DataNodes is listening at /0.0.0.0:38901
2019-10-14 10:26:16,299 [IPC Server Responder] INFO  ipc.Server (Server.java:run(1314)) - IPC Server Responder: starting
2019-10-14 10:26:16,300 [IPC Server listener on 38901] INFO  ipc.Server (Server.java:run(1153)) - IPC Server listener on 38901: starting
2019-10-14 10:26:16,303 [main] INFO  http.HttpServer2 (HttpServer2.java:bindListener(1191)) - Jetty bound to port 42272
2019-10-14 10:26:16,303 [main] INFO  server.Server (Server.java:doStart(351)) - jetty-9.3.25.v20180904, build timestamp: 2018-09-04T21:11:46Z, git hash: 3ce520221d0240229c862b122d2b06c12a625732
2019-10-14 10:26:16,305 [main] INFO  handler.ContextHandler (ContextHandler.java:doStart(781)) - Started o.e.j.s.ServletContextHandler@550de6b8{/logs,file:///workdir/hadoop-ozone/integration-test/target/log,AVAILABLE}
2019-10-14 10:26:16,306 [main] INFO  handler.ContextHandler (ContextHandler.java:doStart(781)) - Started o.e.j.s.ServletContextHandler@3c6c4689{/static,file:///workdir/hadoop-ozone/integration-test/target/test-classes/webapps/static,AVAILABLE}
2019-10-14 10:26:16,310 [main] INFO  handler.ContextHandler (ContextHandler.java:doStart(781)) - Started o.e.j.w.WebAppContext@3330f3ad{/,file:///workdir/hadoop-ozone/integration-test/target/test-classes/webapps/scm/,AVAILABLE}{/scm}
2019-10-14 10:26:16,311 [main] INFO  server.AbstractConnector (AbstractConnector.java:doStart(278)) - Started ServerConnector@f425231{HTTP/1.1,[http/1.1]}{0.0.0.0:42272}
2019-10-14 10:26:16,311 [main] INFO  server.Server (Server.java:doStart(419)) - Started @44098ms
2019-10-14 10:26:16,312 [main] WARN  impl.MetricsSystemImpl (MetricsSystemImpl.java:register(276)) - Sink prometheus already exists!
2019-10-14 10:26:16,312 [main] INFO  server.BaseHttpServer (BaseHttpServer.java:updateConnectorAddress(215)) - HTTP server of SCM is listening at http://0.0.0.0:42272
2019-10-14 10:26:16,313 [main] WARN  server.ServerUtils (ServerUtils.java:getDBPath(222)) - ozone.om.db.dirs is not configured. We recommend adding this setting. Falling back to ozone.metadata.dirs instead.
2019-10-14 10:26:16,314 [org.apache.hadoop.util.JvmPauseMonitor$Monitor@5cbd94b2] INFO  util.JvmPauseMonitor (JvmPauseMonitor.java:run(188)) - Starting JVM pause monitor
2019-10-14 10:26:16,335 [main] INFO  ha.OMHANodeDetails (OMHANodeDetails.java:loadOMHAConfig(190)) - Configuration either no ozone.om.address set. Falling back to the default OM address /127.0.0.1:0
2019-10-14 10:26:16,335 [main] INFO  ha.OMHANodeDetails (OMHANodeDetails.java:getOMNodeDetails(220)) - OM Service ID is not set. Setting it to the default ID: omServiceIdDefault
2019-10-14 10:26:16,335 [main] WARN  server.ServerUtils (ServerUtils.java:getDBPath(222)) - ozone.om.db.dirs is not configured. We recommend adding this setting. Falling back to ozone.metadata.dirs instead.
2019-10-14 10:26:16,336 [main] WARN  server.ServerUtils (ServerUtils.java:getDBPath(222)) - ozone.om.db.dirs is not configured. We recommend adding this setting. Falling back to ozone.metadata.dirs instead.
2019-10-14 10:26:16,344 [main] WARN  server.ServerUtils (ServerUtils.java:getDBPath(222)) - ozone.om.db.dirs is not configured. We recommend adding this setting. Falling back to ozone.metadata.dirs instead.
2019-10-14 10:26:16,344 [main] INFO  db.DBStoreBuilder (DBStoreBuilder.java:addTable(117)) - using custom profile for table: userTable
2019-10-14 10:26:16,344 [main] INFO  db.DBStoreBuilder (DBStoreBuilder.java:processTables(168)) - Using default column profile:DBProfile.DISK for Table:userTable
2019-10-14 10:26:16,345 [main] INFO  db.DBStoreBuilder (DBStoreBuilder.java:addTable(117)) - using custom profile for table: volumeTable
2019-10-14 10:26:16,345 [main] INFO  db.DBStoreBuilder (DBStoreBuilder.java:processTables(168)) - Using default column profile:DBProfile.DISK for Table:volumeTable
2019-10-14 10:26:16,345 [main] INFO  db.DBStoreBuilder (DBStoreBuilder.java:addTable(117)) - using custom profile for table: bucketTable
2019-10-14 10:26:16,345 [main] INFO  db.DBStoreBuilder (DBStoreBuilder.java:processTables(168)) - Using default column profile:DBProfile.DISK for Table:bucketTable
2019-10-14 10:26:16,345 [main] INFO  db.DBStoreBuilder (DBStoreBuilder.java:addTable(117)) - using custom profile for table: keyTable
2019-10-14 10:26:16,345 [main] INFO  db.DBStoreBuilder (DBStoreBuilder.java:processTables(168)) - Using default column profile:DBProfile.DISK for Table:keyTable
2019-10-14 10:26:16,346 [main] INFO  db.DBStoreBuilder (DBStoreBuilder.java:addTable(117)) - using custom profile for table: deletedTable
2019-10-14 10:26:16,346 [main] INFO  db.DBStoreBuilder (DBStoreBuilder.java:processTables(168)) - Using default column profile:DBProfile.DISK for Table:deletedTable
2019-10-14 10:26:16,346 [main] INFO  db.DBStoreBuilder (DBStoreBuilder.java:addTable(117)) - using custom profile for table: openKeyTable
2019-10-14 10:26:16,346 [main] INFO  db.DBStoreBuilder (DBStoreBuilder.java:processTables(168)) - Using default column profile:DBProfile.DISK for Table:openKeyTable
2019-10-14 10:26:16,347 [main] INFO  db.DBStoreBuilder (DBStoreBuilder.java:addTable(117)) - using custom profile for table: s3Table
2019-10-14 10:26:16,347 [main] INFO  db.DBStoreBuilder (DBStoreBuilder.java:processTables(168)) - Using default column profile:DBProfile.DISK for Table:s3Table
2019-10-14 10:26:16,347 [main] INFO  db.DBStoreBuilder (DBStoreBuilder.java:addTable(117)) - using custom profile for table: multipartInfoTable
2019-10-14 10:26:16,347 [main] INFO  db.DBStoreBuilder (DBStoreBuilder.java:processTables(168)) - Using default column profile:DBProfile.DISK for Table:multipartInfoTable
2019-10-14 10:26:16,347 [main] INFO  db.DBStoreBuilder (DBStoreBuilder.java:addTable(117)) - using custom profile for table: dTokenTable
2019-10-14 10:26:16,347 [main] INFO  db.DBStoreBuilder (DBStoreBuilder.java:processTables(168)) - Using default column profile:DBProfile.DISK for Table:dTokenTable
2019-10-14 10:26:16,348 [main] INFO  db.DBStoreBuilder (DBStoreBuilder.java:addTable(117)) - using custom profile for table: s3SecretTable
2019-10-14 10:26:16,348 [main] INFO  db.DBStoreBuilder (DBStoreBuilder.java:processTables(168)) - Using default column profile:DBProfile.DISK for Table:s3SecretTable
2019-10-14 10:26:16,348 [main] INFO  db.DBStoreBuilder (DBStoreBuilder.java:addTable(117)) - using custom profile for table: prefixTable
2019-10-14 10:26:16,348 [main] INFO  db.DBStoreBuilder (DBStoreBuilder.java:processTables(168)) - Using default column profile:DBProfile.DISK for Table:prefixTable
2019-10-14 10:26:16,348 [main] INFO  db.DBStoreBuilder (DBStoreBuilder.java:addTable(117)) - using custom profile for table: default
2019-10-14 10:26:16,349 [main] INFO  db.DBStoreBuilder (DBStoreBuilder.java:processTables(174)) - Using default column profile:DBProfile.DISK for Table:default
2019-10-14 10:26:16,349 [main] INFO  db.DBStoreBuilder (DBStoreBuilder.java:getDbProfile(205)) - Using default options. DBProfile.DISK
2019-10-14 10:26:16,818 [main] INFO  ipc.CallQueueManager (CallQueueManager.java:<init>(84)) - Using callQueue: class java.util.concurrent.LinkedBlockingQueue, queueCapacity: 2000, scheduler: class org.apache.hadoop.ipc.DefaultRpcScheduler, ipcBackoff: false.
2019-10-14 10:26:16,819 [Socket Reader #1 for port 33386] INFO  ipc.Server (Server.java:run(1074)) - Starting Socket Reader #1 for port 33386
2019-10-14 10:26:16,839 [main] INFO  om.OzoneManager (OzoneManager.java:start(1071)) - OzoneManager RPC server is listening at localhost/127.0.0.1:33386
2019-10-14 10:26:16,839 [main] INFO  impl.MetricsSystemImpl (MetricsSystemImpl.java:init(158)) - OzoneManager metrics system started (again)
2019-10-14 10:26:16,840 [IPC Server Responder] INFO  ipc.Server (Server.java:run(1314)) - IPC Server Responder: starting
2019-10-14 10:26:16,842 [IPC Server listener on 33386] INFO  ipc.Server (Server.java:run(1153)) - IPC Server listener on 33386: starting
2019-10-14 10:26:16,847 [main] INFO  hdfs.DFSUtil (DFSUtil.java:httpServerTemplateForNNAndJN(1641)) - Starting Web-server for ozoneManager at: http://0.0.0.0:0
2019-10-14 10:26:16,848 [main] INFO  server.AuthenticationFilter (AuthenticationFilter.java:constructSecretProvider(240)) - Unable to initialize FileSignerSecretProvider, falling back to use random secrets.
2019-10-14 10:26:16,849 [main] WARN  http.HttpRequestLog (HttpRequestLog.java:getRequestLog(97)) - Jetty request log can only be enabled using Log4j
2019-10-14 10:26:16,851 [main] INFO  http.HttpServer2 (HttpServer2.java:addGlobalFilter(975)) - Added global filter 'safety' (class=org.apache.hadoop.http.HttpServer2$QuotingInputFilter)
2019-10-14 10:26:16,851 [main] INFO  http.HttpServer2 (HttpServer2.java:addFilter(948)) - Added filter static_user_filter (class=org.apache.hadoop.http.lib.StaticUserWebFilter$StaticUserFilter) to context ozoneManager
2019-10-14 10:26:16,852 [main] INFO  http.HttpServer2 (HttpServer2.java:addFilter(958)) - Added filter static_user_filter (class=org.apache.hadoop.http.lib.StaticUserWebFilter$StaticUserFilter) to context static
2019-10-14 10:26:16,852 [main] INFO  http.HttpServer2 (HttpServer2.java:addFilter(958)) - Added filter static_user_filter (class=org.apache.hadoop.http.lib.StaticUserWebFilter$StaticUserFilter) to context logs
2019-10-14 10:26:16,853 [main] INFO  http.HttpServer2 (HttpServer2.java:bindListener(1191)) - Jetty bound to port 36133
2019-10-14 10:26:16,853 [main] INFO  server.Server (Server.java:doStart(351)) - jetty-9.3.25.v20180904, build timestamp: 2018-09-04T21:11:46Z, git hash: 3ce520221d0240229c862b122d2b06c12a625732
2019-10-14 10:26:16,855 [main] INFO  handler.ContextHandler (ContextHandler.java:doStart(781)) - Started o.e.j.s.ServletContextHandler@56dd6efa{/logs,file:///workdir/hadoop-ozone/integration-test/target/log,AVAILABLE}
2019-10-14 10:26:16,855 [main] INFO  handler.ContextHandler (ContextHandler.java:doStart(781)) - Started o.e.j.s.ServletContextHandler@d2e6b0b{/static,file:///workdir/hadoop-ozone/integration-test/target/test-classes/webapps/static,AVAILABLE}
2019-10-14 10:26:16,861 [main] INFO  handler.ContextHandler (ContextHandler.java:doStart(781)) - Started o.e.j.w.WebAppContext@44fdce3c{/,file:///workdir/hadoop-ozone/integration-test/target/test-classes/webapps/ozoneManager/,AVAILABLE}{/ozoneManager}
2019-10-14 10:26:16,861 [main] INFO  server.AbstractConnector (AbstractConnector.java:doStart(278)) - Started ServerConnector@712c5463{HTTP/1.1,[http/1.1]}{0.0.0.0:36133}
2019-10-14 10:26:16,865 [main] INFO  server.Server (Server.java:doStart(419)) - Started @44651ms
2019-10-14 10:26:16,865 [main] WARN  impl.MetricsSystemImpl (MetricsSystemImpl.java:register(276)) - Sink prometheus already exists!
2019-10-14 10:26:16,866 [main] INFO  server.BaseHttpServer (BaseHttpServer.java:updateConnectorAddress(215)) - HTTP server of OZONEMANAGER is listening at http://0.0.0.0:36133
2019-10-14 10:26:16,884 [main] INFO  impl.MetricsSystemImpl (MetricsSystemImpl.java:init(158)) - HddsDatanode metrics system started (again)
2019-10-14 10:26:16,886 [main] INFO  ozone.HddsDatanodeService (HddsDatanodeService.java:start(184)) - HddsDatanodeService host:pr-hdds-2297-rpftj-184604365 ip:192.168.5.145
2019-10-14 10:26:16,893 [main] INFO  volume.HddsVolume (HddsVolume.java:<init>(176)) - Creating Volume: /workdir/hadoop-ozone/integration-test/target/test-dir/MiniOzoneClusterImpl-3072ea79-444e-478b-951c-ea383f4180ba/datanode-0/data/containers/hdds of  storage type : DISK and capacity : 1482555576320
2019-10-14 10:26:16,894 [main] INFO  volume.VolumeSet (VolumeSet.java:initializeVolumeSet(170)) - Added Volume : /workdir/hadoop-ozone/integration-test/target/test-dir/MiniOzoneClusterImpl-3072ea79-444e-478b-951c-ea383f4180ba/datanode-0/data/containers/hdds to VolumeSet
2019-10-14 10:26:16,894 [main] INFO  volume.ThrottledAsyncChecker (ThrottledAsyncChecker.java:schedule(141)) - Scheduling a check for org.apache.hadoop.ozone.container.common.volume.HddsVolume@7f4701b1
2019-10-14 10:26:16,895 [main] INFO  volume.HddsVolumeChecker (HddsVolumeChecker.java:checkAllVolumes(204)) - Scheduled health check for volume org.apache.hadoop.ozone.container.common.volume.HddsVolume@7f4701b1
2019-10-14 10:26:16,910 [main] INFO  impl.RaftServerProxy (ConfUtils.java:logGet(43)) - raft.rpc.type = GRPC (default)
2019-10-14 10:26:16,910 [main] INFO  grpc.GrpcFactory (GrpcFactory.java:checkPooledByteBufAllocatorUseCacheForAllThreads(45)) - PERFORMANCE WARNING: useCacheForAllThreads is true that may cause Netty to create a lot garbage objects and, as a result, trigger GC.
	It is recommended to disable useCacheForAllThreads by setting -Dorg.apache.ratis.thirdparty.io.netty.allocator.useCacheForAllThreads=false in command line.
2019-10-14 10:26:16,910 [main] INFO  grpc.GrpcConfigKeys$Server (ConfUtils.java:logGet(43)) - raft.grpc.server.port = 0 (default)
2019-10-14 10:26:16,910 [main] INFO  server.GrpcService (ConfUtils.java:logGet(43)) - raft.grpc.message.size.max = 33570816 (custom)
2019-10-14 10:26:16,911 [main] INFO  server.RaftServerConfigKeys (ConfUtils.java:logGet(43)) - raft.server.log.appender.buffer.byte-limit = 33554432 (custom)
2019-10-14 10:26:16,911 [main] INFO  server.GrpcService (ConfUtils.java:logGet(43)) - raft.grpc.flow.control.window = 1MB (=1048576) (default)
2019-10-14 10:26:16,911 [main] INFO  server.RaftServerConfigKeys (ConfUtils.java:logGet(43)) - raft.server.rpc.request.timeout = 3000ms (default)
2019-10-14 10:26:16,912 [main] INFO  server.RaftServerConfigKeys (ConfUtils.java:logGet(43)) - raft.server.storage.dir = [/workdir/hadoop-ozone/integration-test/target/test-dir/MiniOzoneClusterImpl-3072ea79-444e-478b-951c-ea383f4180ba/datanode-0/data/ratis] (custom)
2019-10-14 10:26:16,914 [main] INFO  hdfs.DFSUtil (DFSUtil.java:httpServerTemplateForNNAndJN(1641)) - Starting Web-server for hddsDatanode at: http://0.0.0.0:0
2019-10-14 10:26:16,915 [main] INFO  server.AuthenticationFilter (AuthenticationFilter.java:constructSecretProvider(240)) - Unable to initialize FileSignerSecretProvider, falling back to use random secrets.
2019-10-14 10:26:16,915 [main] WARN  http.HttpRequestLog (HttpRequestLog.java:getRequestLog(97)) - Jetty request log can only be enabled using Log4j
2019-10-14 10:26:16,917 [main] INFO  http.HttpServer2 (HttpServer2.java:addGlobalFilter(975)) - Added global filter 'safety' (class=org.apache.hadoop.http.HttpServer2$QuotingInputFilter)
2019-10-14 10:26:16,917 [main] INFO  http.HttpServer2 (HttpServer2.java:addFilter(948)) - Added filter static_user_filter (class=org.apache.hadoop.http.lib.StaticUserWebFilter$StaticUserFilter) to context hddsDatanode
2019-10-14 10:26:16,917 [main] INFO  http.HttpServer2 (HttpServer2.java:addFilter(958)) - Added filter static_user_filter (class=org.apache.hadoop.http.lib.StaticUserWebFilter$StaticUserFilter) to context logs
2019-10-14 10:26:16,918 [main] INFO  http.HttpServer2 (HttpServer2.java:addFilter(958)) - Added filter static_user_filter (class=org.apache.hadoop.http.lib.StaticUserWebFilter$StaticUserFilter) to context static
2019-10-14 10:26:16,918 [main] INFO  http.HttpServer2 (HttpServer2.java:bindListener(1191)) - Jetty bound to port 41849
2019-10-14 10:26:16,918 [main] INFO  server.Server (Server.java:doStart(351)) - jetty-9.3.25.v20180904, build timestamp: 2018-09-04T21:11:46Z, git hash: 3ce520221d0240229c862b122d2b06c12a625732
2019-10-14 10:26:16,920 [main] INFO  handler.ContextHandler (ContextHandler.java:doStart(781)) - Started o.e.j.s.ServletContextHandler@76fe6cdc{/logs,file:///workdir/hadoop-ozone/integration-test/target/log,AVAILABLE}
2019-10-14 10:26:16,921 [main] INFO  handler.ContextHandler (ContextHandler.java:doStart(781)) - Started o.e.j.s.ServletContextHandler@786ff1cb{/static,jar:file:/home/user/.m2/repository/org/apache/hadoop/hadoop-hdds-container-service/0.5.0-SNAPSHOT/hadoop-hdds-container-service-0.5.0-SNAPSHOT.jar!/webapps/static,AVAILABLE}
2019-10-14 10:26:16,949 [main] INFO  handler.ContextHandler (ContextHandler.java:doStart(781)) - Started o.e.j.w.WebAppContext@2577a95d{/,file:///tmp/jetty-0.0.0.0-41849-hddsDatanode-_-any-7475563984427698791.dir/webapp/,AVAILABLE}{/hddsDatanode}
2019-10-14 10:26:16,950 [main] INFO  server.AbstractConnector (AbstractConnector.java:doStart(278)) - Started ServerConnector@1668919e{HTTP/1.1,[http/1.1]}{0.0.0.0:41849}
2019-10-14 10:26:16,951 [main] INFO  server.Server (Server.java:doStart(419)) - Started @44738ms
2019-10-14 10:26:16,951 [main] WARN  impl.MetricsSystemImpl (MetricsSystemImpl.java:register(276)) - Sink prometheus already exists!
2019-10-14 10:26:16,952 [main] INFO  server.BaseHttpServer (BaseHttpServer.java:updateConnectorAddress(215)) - HTTP server of HDDSDATANODE is listening at http://0.0.0.0:41849
2019-10-14 10:26:16,952 [main] INFO  impl.MetricsSystemImpl (MetricsSystemImpl.java:init(158)) - HddsDatanode metrics system started (again)
2019-10-14 10:26:16,957 [main] INFO  ozone.HddsDatanodeService (HddsDatanodeService.java:start(184)) - HddsDatanodeService host:pr-hdds-2297-rpftj-184604365 ip:192.168.5.145
2019-10-14 10:26:16,957 [org.apache.hadoop.util.JvmPauseMonitor$Monitor@c7be974] INFO  util.JvmPauseMonitor (JvmPauseMonitor.java:run(188)) - Starting JVM pause monitor
2019-10-14 10:26:16,960 [Datanode State Machine Thread - 0] INFO  datanode.InitDatanodeState (InitDatanodeState.java:persistContainerDatanodeDetails(140)) - DatanodeDetails is persisted to /workdir/hadoop-ozone/integration-test/target/test-dir/MiniOzoneClusterImpl-3072ea79-444e-478b-951c-ea383f4180ba/datanode-0/meta/datanode.id
2019-10-14 10:26:16,963 [main] INFO  volume.HddsVolume (HddsVolume.java:<init>(176)) - Creating Volume: /workdir/hadoop-ozone/integration-test/target/test-dir/MiniOzoneClusterImpl-3072ea79-444e-478b-951c-ea383f4180ba/datanode-1/data/containers/hdds of  storage type : DISK and capacity : 1482555576320
2019-10-14 10:26:16,964 [main] INFO  volume.VolumeSet (VolumeSet.java:initializeVolumeSet(170)) - Added Volume : /workdir/hadoop-ozone/integration-test/target/test-dir/MiniOzoneClusterImpl-3072ea79-444e-478b-951c-ea383f4180ba/datanode-1/data/containers/hdds to VolumeSet
2019-10-14 10:26:16,964 [main] INFO  volume.ThrottledAsyncChecker (ThrottledAsyncChecker.java:schedule(141)) - Scheduling a check for org.apache.hadoop.ozone.container.common.volume.HddsVolume@276cc8dc
2019-10-14 10:26:16,965 [main] INFO  volume.HddsVolumeChecker (HddsVolumeChecker.java:checkAllVolumes(204)) - Scheduled health check for volume org.apache.hadoop.ozone.container.common.volume.HddsVolume@276cc8dc
2019-10-14 10:26:16,979 [main] INFO  impl.RaftServerProxy (ConfUtils.java:logGet(43)) - raft.rpc.type = GRPC (default)
2019-10-14 10:26:16,979 [main] INFO  grpc.GrpcFactory (GrpcFactory.java:checkPooledByteBufAllocatorUseCacheForAllThreads(45)) - PERFORMANCE WARNING: useCacheForAllThreads is true that may cause Netty to create a lot garbage objects and, as a result, trigger GC.
	It is recommended to disable useCacheForAllThreads by setting -Dorg.apache.ratis.thirdparty.io.netty.allocator.useCacheForAllThreads=false in command line.
2019-10-14 10:26:16,979 [main] INFO  grpc.GrpcConfigKeys$Server (ConfUtils.java:logGet(43)) - raft.grpc.server.port = 0 (default)
2019-10-14 10:26:16,979 [main] INFO  server.GrpcService (ConfUtils.java:logGet(43)) - raft.grpc.message.size.max = 33570816 (custom)
2019-10-14 10:26:16,979 [main] INFO  server.RaftServerConfigKeys (ConfUtils.java:logGet(43)) - raft.server.log.appender.buffer.byte-limit = 33554432 (custom)
2019-10-14 10:26:16,980 [main] INFO  server.GrpcService (ConfUtils.java:logGet(43)) - raft.grpc.flow.control.window = 1MB (=1048576) (default)
2019-10-14 10:26:16,980 [main] INFO  server.RaftServerConfigKeys (ConfUtils.java:logGet(43)) - raft.server.rpc.request.timeout = 3000ms (default)
2019-10-14 10:26:16,980 [main] INFO  server.RaftServerConfigKeys (ConfUtils.java:logGet(43)) - raft.server.storage.dir = [/workdir/hadoop-ozone/integration-test/target/test-dir/MiniOzoneClusterImpl-3072ea79-444e-478b-951c-ea383f4180ba/datanode-1/data/ratis] (custom)
2019-10-14 10:26:16,982 [main] INFO  hdfs.DFSUtil (DFSUtil.java:httpServerTemplateForNNAndJN(1641)) - Starting Web-server for hddsDatanode at: http://0.0.0.0:0
2019-10-14 10:26:16,983 [main] INFO  server.AuthenticationFilter (AuthenticationFilter.java:constructSecretProvider(240)) - Unable to initialize FileSignerSecretProvider, falling back to use random secrets.
2019-10-14 10:26:16,983 [main] WARN  http.HttpRequestLog (HttpRequestLog.java:getRequestLog(97)) - Jetty request log can only be enabled using Log4j
2019-10-14 10:26:16,984 [main] INFO  http.HttpServer2 (HttpServer2.java:addGlobalFilter(975)) - Added global filter 'safety' (class=org.apache.hadoop.http.HttpServer2$QuotingInputFilter)
2019-10-14 10:26:16,985 [main] INFO  http.HttpServer2 (HttpServer2.java:addFilter(948)) - Added filter static_user_filter (class=org.apache.hadoop.http.lib.StaticUserWebFilter$StaticUserFilter) to context hddsDatanode
2019-10-14 10:26:16,985 [main] INFO  http.HttpServer2 (HttpServer2.java:addFilter(958)) - Added filter static_user_filter (class=org.apache.hadoop.http.lib.StaticUserWebFilter$StaticUserFilter) to context logs
2019-10-14 10:26:16,985 [main] INFO  http.HttpServer2 (HttpServer2.java:addFilter(958)) - Added filter static_user_filter (class=org.apache.hadoop.http.lib.StaticUserWebFilter$StaticUserFilter) to context static
2019-10-14 10:26:16,986 [main] INFO  http.HttpServer2 (HttpServer2.java:bindListener(1191)) - Jetty bound to port 34497
2019-10-14 10:26:16,986 [main] INFO  server.Server (Server.java:doStart(351)) - jetty-9.3.25.v20180904, build timestamp: 2018-09-04T21:11:46Z, git hash: 3ce520221d0240229c862b122d2b06c12a625732
2019-10-14 10:26:16,988 [main] INFO  handler.ContextHandler (ContextHandler.java:doStart(781)) - Started o.e.j.s.ServletContextHandler@52b46d52{/logs,file:///workdir/hadoop-ozone/integration-test/target/log,AVAILABLE}
2019-10-14 10:26:16,988 [main] INFO  handler.ContextHandler (ContextHandler.java:doStart(781)) - Started o.e.j.s.ServletContextHandler@67022ea{/static,jar:file:/home/user/.m2/repository/org/apache/hadoop/hadoop-hdds-container-service/0.5.0-SNAPSHOT/hadoop-hdds-container-service-0.5.0-SNAPSHOT.jar!/webapps/static,AVAILABLE}
2019-10-14 10:26:17,017 [main] INFO  handler.ContextHandler (ContextHandler.java:doStart(781)) - Started o.e.j.w.WebAppContext@30c3ae63{/,file:///tmp/jetty-0.0.0.0-34497-hddsDatanode-_-any-4293855223920928830.dir/webapp/,AVAILABLE}{/hddsDatanode}
2019-10-14 10:26:17,017 [main] INFO  server.AbstractConnector (AbstractConnector.java:doStart(278)) - Started ServerConnector@58658f63{HTTP/1.1,[http/1.1]}{0.0.0.0:34497}
2019-10-14 10:26:17,019 [main] INFO  server.Server (Server.java:doStart(419)) - Started @44805ms
2019-10-14 10:26:17,019 [main] WARN  impl.MetricsSystemImpl (MetricsSystemImpl.java:register(276)) - Sink prometheus already exists!
2019-10-14 10:26:17,019 [main] INFO  server.BaseHttpServer (BaseHttpServer.java:updateConnectorAddress(215)) - HTTP server of HDDSDATANODE is listening at http://0.0.0.0:34497
2019-10-14 10:26:17,020 [main] INFO  impl.MetricsSystemImpl (MetricsSystemImpl.java:init(158)) - HddsDatanode metrics system started (again)
2019-10-14 10:26:17,024 [org.apache.hadoop.util.JvmPauseMonitor$Monitor@2a5bd030] INFO  util.JvmPauseMonitor (JvmPauseMonitor.java:run(188)) - Starting JVM pause monitor
2019-10-14 10:26:17,024 [main] INFO  ozone.HddsDatanodeService (HddsDatanodeService.java:start(184)) - HddsDatanodeService host:pr-hdds-2297-rpftj-184604365 ip:192.168.5.145
2019-10-14 10:26:17,026 [Datanode State Machine Thread - 0] INFO  datanode.InitDatanodeState (InitDatanodeState.java:persistContainerDatanodeDetails(140)) - DatanodeDetails is persisted to /workdir/hadoop-ozone/integration-test/target/test-dir/MiniOzoneClusterImpl-3072ea79-444e-478b-951c-ea383f4180ba/datanode-1/meta/datanode.id
2019-10-14 10:26:17,030 [main] INFO  volume.HddsVolume (HddsVolume.java:<init>(176)) - Creating Volume: /workdir/hadoop-ozone/integration-test/target/test-dir/MiniOzoneClusterImpl-3072ea79-444e-478b-951c-ea383f4180ba/datanode-2/data/containers/hdds of  storage type : DISK and capacity : 1482555576320
2019-10-14 10:26:17,030 [main] INFO  volume.VolumeSet (VolumeSet.java:initializeVolumeSet(170)) - Added Volume : /workdir/hadoop-ozone/integration-test/target/test-dir/MiniOzoneClusterImpl-3072ea79-444e-478b-951c-ea383f4180ba/datanode-2/data/containers/hdds to VolumeSet
2019-10-14 10:26:17,031 [main] INFO  volume.ThrottledAsyncChecker (ThrottledAsyncChecker.java:schedule(141)) - Scheduling a check for org.apache.hadoop.ozone.container.common.volume.HddsVolume@b73433
2019-10-14 10:26:17,031 [main] INFO  volume.HddsVolumeChecker (HddsVolumeChecker.java:checkAllVolumes(204)) - Scheduled health check for volume org.apache.hadoop.ozone.container.common.volume.HddsVolume@b73433
2019-10-14 10:26:17,046 [main] INFO  impl.RaftServerProxy (ConfUtils.java:logGet(43)) - raft.rpc.type = GRPC (default)
2019-10-14 10:26:17,046 [main] INFO  grpc.GrpcFactory (GrpcFactory.java:checkPooledByteBufAllocatorUseCacheForAllThreads(45)) - PERFORMANCE WARNING: useCacheForAllThreads is true that may cause Netty to create a lot garbage objects and, as a result, trigger GC.
	It is recommended to disable useCacheForAllThreads by setting -Dorg.apache.ratis.thirdparty.io.netty.allocator.useCacheForAllThreads=false in command line.
2019-10-14 10:26:17,046 [main] INFO  grpc.GrpcConfigKeys$Server (ConfUtils.java:logGet(43)) - raft.grpc.server.port = 0 (default)
2019-10-14 10:26:17,047 [main] INFO  server.GrpcService (ConfUtils.java:logGet(43)) - raft.grpc.message.size.max = 33570816 (custom)
2019-10-14 10:26:17,047 [main] INFO  server.RaftServerConfigKeys (ConfUtils.java:logGet(43)) - raft.server.log.appender.buffer.byte-limit = 33554432 (custom)
2019-10-14 10:26:17,047 [main] INFO  server.GrpcService (ConfUtils.java:logGet(43)) - raft.grpc.flow.control.window = 1MB (=1048576) (default)
2019-10-14 10:26:17,047 [main] INFO  server.RaftServerConfigKeys (ConfUtils.java:logGet(43)) - raft.server.rpc.request.timeout = 3000ms (default)
2019-10-14 10:26:17,048 [main] INFO  server.RaftServerConfigKeys (ConfUtils.java:logGet(43)) - raft.server.storage.dir = [/workdir/hadoop-ozone/integration-test/target/test-dir/MiniOzoneClusterImpl-3072ea79-444e-478b-951c-ea383f4180ba/datanode-2/data/ratis] (custom)
2019-10-14 10:26:17,049 [main] INFO  hdfs.DFSUtil (DFSUtil.java:httpServerTemplateForNNAndJN(1641)) - Starting Web-server for hddsDatanode at: http://0.0.0.0:0
2019-10-14 10:26:17,050 [main] INFO  server.AuthenticationFilter (AuthenticationFilter.java:constructSecretProvider(240)) - Unable to initialize FileSignerSecretProvider, falling back to use random secrets.
2019-10-14 10:26:17,050 [main] WARN  http.HttpRequestLog (HttpRequestLog.java:getRequestLog(97)) - Jetty request log can only be enabled using Log4j
2019-10-14 10:26:17,052 [main] INFO  http.HttpServer2 (HttpServer2.java:addGlobalFilter(975)) - Added global filter 'safety' (class=org.apache.hadoop.http.HttpServer2$QuotingInputFilter)
2019-10-14 10:26:17,053 [main] INFO  http.HttpServer2 (HttpServer2.java:addFilter(948)) - Added filter static_user_filter (class=org.apache.hadoop.http.lib.StaticUserWebFilter$StaticUserFilter) to context hddsDatanode
2019-10-14 10:26:17,053 [main] INFO  http.HttpServer2 (HttpServer2.java:addFilter(958)) - Added filter static_user_filter (class=org.apache.hadoop.http.lib.StaticUserWebFilter$StaticUserFilter) to context logs
2019-10-14 10:26:17,053 [main] INFO  http.HttpServer2 (HttpServer2.java:addFilter(958)) - Added filter static_user_filter (class=org.apache.hadoop.http.lib.StaticUserWebFilter$StaticUserFilter) to context static
2019-10-14 10:26:17,054 [main] INFO  http.HttpServer2 (HttpServer2.java:bindListener(1191)) - Jetty bound to port 36644
2019-10-14 10:26:17,054 [main] INFO  server.Server (Server.java:doStart(351)) - jetty-9.3.25.v20180904, build timestamp: 2018-09-04T21:11:46Z, git hash: 3ce520221d0240229c862b122d2b06c12a625732
2019-10-14 10:26:17,056 [main] INFO  handler.ContextHandler (ContextHandler.java:doStart(781)) - Started o.e.j.s.ServletContextHandler@17b37e9a{/logs,file:///workdir/hadoop-ozone/integration-test/target/log,AVAILABLE}
2019-10-14 10:26:17,056 [main] INFO  handler.ContextHandler (ContextHandler.java:doStart(781)) - Started o.e.j.s.ServletContextHandler@111d5c97{/static,jar:file:/home/user/.m2/repository/org/apache/hadoop/hadoop-hdds-container-service/0.5.0-SNAPSHOT/hadoop-hdds-container-service-0.5.0-SNAPSHOT.jar!/webapps/static,AVAILABLE}
2019-10-14 10:26:17,085 [main] INFO  handler.ContextHandler (ContextHandler.java:doStart(781)) - Started o.e.j.w.WebAppContext@502a4156{/,file:///tmp/jetty-0.0.0.0-36644-hddsDatanode-_-any-3555208427461306251.dir/webapp/,AVAILABLE}{/hddsDatanode}
2019-10-14 10:26:17,085 [main] INFO  server.AbstractConnector (AbstractConnector.java:doStart(278)) - Started ServerConnector@5416f8db{HTTP/1.1,[http/1.1]}{0.0.0.0:36644}
2019-10-14 10:26:17,086 [main] INFO  server.Server (Server.java:doStart(419)) - Started @44873ms
2019-10-14 10:26:17,087 [main] WARN  impl.MetricsSystemImpl (MetricsSystemImpl.java:register(276)) - Sink prometheus already exists!
2019-10-14 10:26:17,087 [main] INFO  server.BaseHttpServer (BaseHttpServer.java:updateConnectorAddress(215)) - HTTP server of HDDSDATANODE is listening at http://0.0.0.0:36644
2019-10-14 10:26:17,088 [main] INFO  impl.MetricsSystemImpl (MetricsSystemImpl.java:init(158)) - HddsDatanode metrics system started (again)
2019-10-14 10:26:17,091 [org.apache.hadoop.util.JvmPauseMonitor$Monitor@17fc665f] INFO  util.JvmPauseMonitor (JvmPauseMonitor.java:run(188)) - Starting JVM pause monitor
2019-10-14 10:26:17,091 [main] INFO  ozone.HddsDatanodeService (HddsDatanodeService.java:start(184)) - HddsDatanodeService host:pr-hdds-2297-rpftj-184604365 ip:192.168.5.145
2019-10-14 10:26:17,094 [Datanode State Machine Thread - 0] INFO  datanode.InitDatanodeState (InitDatanodeState.java:persistContainerDatanodeDetails(140)) - DatanodeDetails is persisted to /workdir/hadoop-ozone/integration-test/target/test-dir/MiniOzoneClusterImpl-3072ea79-444e-478b-951c-ea383f4180ba/datanode-2/meta/datanode.id
2019-10-14 10:26:17,098 [main] INFO  volume.HddsVolume (HddsVolume.java:<init>(176)) - Creating Volume: /workdir/hadoop-ozone/integration-test/target/test-dir/MiniOzoneClusterImpl-3072ea79-444e-478b-951c-ea383f4180ba/datanode-3/data/containers/hdds of  storage type : DISK and capacity : 1482555576320
2019-10-14 10:26:17,099 [main] INFO  volume.VolumeSet (VolumeSet.java:initializeVolumeSet(170)) - Added Volume : /workdir/hadoop-ozone/integration-test/target/test-dir/MiniOzoneClusterImpl-3072ea79-444e-478b-951c-ea383f4180ba/datanode-3/data/containers/hdds to VolumeSet
2019-10-14 10:26:17,099 [main] INFO  volume.ThrottledAsyncChecker (ThrottledAsyncChecker.java:schedule(141)) - Scheduling a check for org.apache.hadoop.ozone.container.common.volume.HddsVolume@3a7e365
2019-10-14 10:26:17,099 [main] INFO  volume.HddsVolumeChecker (HddsVolumeChecker.java:checkAllVolumes(204)) - Scheduled health check for volume org.apache.hadoop.ozone.container.common.volume.HddsVolume@3a7e365
2019-10-14 10:26:17,113 [main] INFO  impl.RaftServerProxy (ConfUtils.java:logGet(43)) - raft.rpc.type = GRPC (default)
2019-10-14 10:26:17,113 [main] INFO  grpc.GrpcFactory (GrpcFactory.java:checkPooledByteBufAllocatorUseCacheForAllThreads(45)) - PERFORMANCE WARNING: useCacheForAllThreads is true that may cause Netty to create a lot garbage objects and, as a result, trigger GC.
	It is recommended to disable useCacheForAllThreads by setting -Dorg.apache.ratis.thirdparty.io.netty.allocator.useCacheForAllThreads=false in command line.
2019-10-14 10:26:17,113 [main] INFO  grpc.GrpcConfigKeys$Server (ConfUtils.java:logGet(43)) - raft.grpc.server.port = 0 (default)
2019-10-14 10:26:17,113 [main] INFO  server.GrpcService (ConfUtils.java:logGet(43)) - raft.grpc.message.size.max = 33570816 (custom)
2019-10-14 10:26:17,113 [main] INFO  server.RaftServerConfigKeys (ConfUtils.java:logGet(43)) - raft.server.log.appender.buffer.byte-limit = 33554432 (custom)
2019-10-14 10:26:17,114 [main] INFO  server.GrpcService (ConfUtils.java:logGet(43)) - raft.grpc.flow.control.window = 1MB (=1048576) (default)
2019-10-14 10:26:17,114 [main] INFO  server.RaftServerConfigKeys (ConfUtils.java:logGet(43)) - raft.server.rpc.request.timeout = 3000ms (default)
2019-10-14 10:26:17,114 [main] INFO  server.RaftServerConfigKeys (ConfUtils.java:logGet(43)) - raft.server.storage.dir = [/workdir/hadoop-ozone/integration-test/target/test-dir/MiniOzoneClusterImpl-3072ea79-444e-478b-951c-ea383f4180ba/datanode-3/data/ratis] (custom)
2019-10-14 10:26:17,115 [main] INFO  hdfs.DFSUtil (DFSUtil.java:httpServerTemplateForNNAndJN(1641)) - Starting Web-server for hddsDatanode at: http://0.0.0.0:0
2019-10-14 10:26:17,117 [main] INFO  server.AuthenticationFilter (AuthenticationFilter.java:constructSecretProvider(240)) - Unable to initialize FileSignerSecretProvider, falling back to use random secrets.
2019-10-14 10:26:17,117 [main] WARN  http.HttpRequestLog (HttpRequestLog.java:getRequestLog(97)) - Jetty request log can only be enabled using Log4j
2019-10-14 10:26:17,118 [main] INFO  http.HttpServer2 (HttpServer2.java:addGlobalFilter(975)) - Added global filter 'safety' (class=org.apache.hadoop.http.HttpServer2$QuotingInputFilter)
2019-10-14 10:26:17,119 [main] INFO  http.HttpServer2 (HttpServer2.java:addFilter(948)) - Added filter static_user_filter (class=org.apache.hadoop.http.lib.StaticUserWebFilter$StaticUserFilter) to context hddsDatanode
2019-10-14 10:26:17,119 [main] INFO  http.HttpServer2 (HttpServer2.java:addFilter(958)) - Added filter static_user_filter (class=org.apache.hadoop.http.lib.StaticUserWebFilter$StaticUserFilter) to context logs
2019-10-14 10:26:17,119 [main] INFO  http.HttpServer2 (HttpServer2.java:addFilter(958)) - Added filter static_user_filter (class=org.apache.hadoop.http.lib.StaticUserWebFilter$StaticUserFilter) to context static
2019-10-14 10:26:17,120 [main] INFO  http.HttpServer2 (HttpServer2.java:bindListener(1191)) - Jetty bound to port 35736
2019-10-14 10:26:17,120 [main] INFO  server.Server (Server.java:doStart(351)) - jetty-9.3.25.v20180904, build timestamp: 2018-09-04T21:11:46Z, git hash: 3ce520221d0240229c862b122d2b06c12a625732
2019-10-14 10:26:17,121 [main] INFO  handler.ContextHandler (ContextHandler.java:doStart(781)) - Started o.e.j.s.ServletContextHandler@1a256d80{/logs,file:///workdir/hadoop-ozone/integration-test/target/log,AVAILABLE}
2019-10-14 10:26:17,122 [main] INFO  handler.ContextHandler (ContextHandler.java:doStart(781)) - Started o.e.j.s.ServletContextHandler@7235f92b{/static,jar:file:/home/user/.m2/repository/org/apache/hadoop/hadoop-hdds-container-service/0.5.0-SNAPSHOT/hadoop-hdds-container-service-0.5.0-SNAPSHOT.jar!/webapps/static,AVAILABLE}
2019-10-14 10:26:17,150 [main] INFO  handler.ContextHandler (ContextHandler.java:doStart(781)) - Started o.e.j.w.WebAppContext@1b410308{/,file:///tmp/jetty-0.0.0.0-35736-hddsDatanode-_-any-1377835970580480122.dir/webapp/,AVAILABLE}{/hddsDatanode}
2019-10-14 10:26:17,151 [main] INFO  server.AbstractConnector (AbstractConnector.java:doStart(278)) - Started ServerConnector@4b0bd001{HTTP/1.1,[http/1.1]}{0.0.0.0:35736}
2019-10-14 10:26:17,152 [main] INFO  server.Server (Server.java:doStart(419)) - Started @44939ms
2019-10-14 10:26:17,152 [main] WARN  impl.MetricsSystemImpl (MetricsSystemImpl.java:register(276)) - Sink prometheus already exists!
2019-10-14 10:26:17,153 [main] INFO  server.BaseHttpServer (BaseHttpServer.java:updateConnectorAddress(215)) - HTTP server of HDDSDATANODE is listening at http://0.0.0.0:35736
2019-10-14 10:26:17,153 [main] INFO  impl.MetricsSystemImpl (MetricsSystemImpl.java:init(158)) - HddsDatanode metrics system started (again)
2019-10-14 10:26:17,155 [org.apache.hadoop.util.JvmPauseMonitor$Monitor@33e5c042] INFO  util.JvmPauseMonitor (JvmPauseMonitor.java:run(188)) - Starting JVM pause monitor
2019-10-14 10:26:17,158 [main] INFO  ozone.HddsDatanodeService (HddsDatanodeService.java:start(184)) - HddsDatanodeService host:pr-hdds-2297-rpftj-184604365 ip:192.168.5.145
2019-10-14 10:26:17,158 [Datanode State Machine Thread - 0] INFO  datanode.InitDatanodeState (InitDatanodeState.java:persistContainerDatanodeDetails(140)) - DatanodeDetails is persisted to /workdir/hadoop-ozone/integration-test/target/test-dir/MiniOzoneClusterImpl-3072ea79-444e-478b-951c-ea383f4180ba/datanode-3/meta/datanode.id
2019-10-14 10:26:17,164 [main] INFO  volume.HddsVolume (HddsVolume.java:<init>(176)) - Creating Volume: /workdir/hadoop-ozone/integration-test/target/test-dir/MiniOzoneClusterImpl-3072ea79-444e-478b-951c-ea383f4180ba/datanode-4/data/containers/hdds of  storage type : DISK and capacity : 1482555576320
2019-10-14 10:26:17,164 [main] INFO  volume.VolumeSet (VolumeSet.java:initializeVolumeSet(170)) - Added Volume : /workdir/hadoop-ozone/integration-test/target/test-dir/MiniOzoneClusterImpl-3072ea79-444e-478b-951c-ea383f4180ba/datanode-4/data/containers/hdds to VolumeSet
2019-10-14 10:26:17,164 [main] INFO  volume.ThrottledAsyncChecker (ThrottledAsyncChecker.java:schedule(141)) - Scheduling a check for org.apache.hadoop.ozone.container.common.volume.HddsVolume@fb0a08c
2019-10-14 10:26:17,164 [main] INFO  volume.HddsVolumeChecker (HddsVolumeChecker.java:checkAllVolumes(204)) - Scheduled health check for volume org.apache.hadoop.ozone.container.common.volume.HddsVolume@fb0a08c
2019-10-14 10:26:17,182 [main] INFO  impl.RaftServerProxy (ConfUtils.java:logGet(43)) - raft.rpc.type = GRPC (default)
2019-10-14 10:26:17,182 [main] INFO  grpc.GrpcFactory (GrpcFactory.java:checkPooledByteBufAllocatorUseCacheForAllThreads(45)) - PERFORMANCE WARNING: useCacheForAllThreads is true that may cause Netty to create a lot garbage objects and, as a result, trigger GC.
	It is recommended to disable useCacheForAllThreads by setting -Dorg.apache.ratis.thirdparty.io.netty.allocator.useCacheForAllThreads=false in command line.
2019-10-14 10:26:17,182 [main] INFO  grpc.GrpcConfigKeys$Server (ConfUtils.java:logGet(43)) - raft.grpc.server.port = 0 (default)
2019-10-14 10:26:17,182 [main] INFO  server.GrpcService (ConfUtils.java:logGet(43)) - raft.grpc.message.size.max = 33570816 (custom)
2019-10-14 10:26:17,182 [main] INFO  server.RaftServerConfigKeys (ConfUtils.java:logGet(43)) - raft.server.log.appender.buffer.byte-limit = 33554432 (custom)
2019-10-14 10:26:17,182 [main] INFO  server.GrpcService (ConfUtils.java:logGet(43)) - raft.grpc.flow.control.window = 1MB (=1048576) (default)
2019-10-14 10:26:17,183 [main] INFO  server.RaftServerConfigKeys (ConfUtils.java:logGet(43)) - raft.server.rpc.request.timeout = 3000ms (default)
2019-10-14 10:26:17,183 [main] INFO  server.RaftServerConfigKeys (ConfUtils.java:logGet(43)) - raft.server.storage.dir = [/workdir/hadoop-ozone/integration-test/target/test-dir/MiniOzoneClusterImpl-3072ea79-444e-478b-951c-ea383f4180ba/datanode-4/data/ratis] (custom)
2019-10-14 10:26:17,184 [main] INFO  hdfs.DFSUtil (DFSUtil.java:httpServerTemplateForNNAndJN(1641)) - Starting Web-server for hddsDatanode at: http://0.0.0.0:0
2019-10-14 10:26:17,185 [main] INFO  server.AuthenticationFilter (AuthenticationFilter.java:constructSecretProvider(240)) - Unable to initialize FileSignerSecretProvider, falling back to use random secrets.
2019-10-14 10:26:17,186 [main] WARN  http.HttpRequestLog (HttpRequestLog.java:getRequestLog(97)) - Jetty request log can only be enabled using Log4j
2019-10-14 10:26:17,187 [main] INFO  http.HttpServer2 (HttpServer2.java:addGlobalFilter(975)) - Added global filter 'safety' (class=org.apache.hadoop.http.HttpServer2$QuotingInputFilter)
2019-10-14 10:26:17,188 [main] INFO  http.HttpServer2 (HttpServer2.java:addFilter(948)) - Added filter static_user_filter (class=org.apache.hadoop.http.lib.StaticUserWebFilter$StaticUserFilter) to context hddsDatanode
2019-10-14 10:26:17,188 [main] INFO  http.HttpServer2 (HttpServer2.java:addFilter(958)) - Added filter static_user_filter (class=org.apache.hadoop.http.lib.StaticUserWebFilter$StaticUserFilter) to context logs
2019-10-14 10:26:17,188 [main] INFO  http.HttpServer2 (HttpServer2.java:addFilter(958)) - Added filter static_user_filter (class=org.apache.hadoop.http.lib.StaticUserWebFilter$StaticUserFilter) to context static
2019-10-14 10:26:17,189 [main] INFO  http.HttpServer2 (HttpServer2.java:bindListener(1191)) - Jetty bound to port 44418
2019-10-14 10:26:17,189 [main] INFO  server.Server (Server.java:doStart(351)) - jetty-9.3.25.v20180904, build timestamp: 2018-09-04T21:11:46Z, git hash: 3ce520221d0240229c862b122d2b06c12a625732
2019-10-14 10:26:17,191 [main] INFO  handler.ContextHandler (ContextHandler.java:doStart(781)) - Started o.e.j.s.ServletContextHandler@787508ca{/logs,file:///workdir/hadoop-ozone/integration-test/target/log,AVAILABLE}
2019-10-14 10:26:17,192 [main] INFO  handler.ContextHandler (ContextHandler.java:doStart(781)) - Started o.e.j.s.ServletContextHandler@6274670b{/static,jar:file:/home/user/.m2/repository/org/apache/hadoop/hadoop-hdds-container-service/0.5.0-SNAPSHOT/hadoop-hdds-container-service-0.5.0-SNAPSHOT.jar!/webapps/static,AVAILABLE}
2019-10-14 10:26:17,221 [main] INFO  handler.ContextHandler (ContextHandler.java:doStart(781)) - Started o.e.j.w.WebAppContext@2539cd1c{/,file:///tmp/jetty-0.0.0.0-44418-hddsDatanode-_-any-7307614250034433168.dir/webapp/,AVAILABLE}{/hddsDatanode}
2019-10-14 10:26:17,221 [main] INFO  server.AbstractConnector (AbstractConnector.java:doStart(278)) - Started ServerConnector@7c20cdd0{HTTP/1.1,[http/1.1]}{0.0.0.0:44418}
2019-10-14 10:26:17,222 [main] INFO  server.Server (Server.java:doStart(419)) - Started @45009ms
2019-10-14 10:26:17,223 [main] WARN  impl.MetricsSystemImpl (MetricsSystemImpl.java:register(276)) - Sink prometheus already exists!
2019-10-14 10:26:17,223 [main] INFO  server.BaseHttpServer (BaseHttpServer.java:updateConnectorAddress(215)) - HTTP server of HDDSDATANODE is listening at http://0.0.0.0:44418
2019-10-14 10:26:17,224 [main] INFO  impl.MetricsSystemImpl (MetricsSystemImpl.java:init(158)) - HddsDatanode metrics system started (again)
2019-10-14 10:26:17,229 [org.apache.hadoop.util.JvmPauseMonitor$Monitor@183c3120] INFO  util.JvmPauseMonitor (JvmPauseMonitor.java:run(188)) - Starting JVM pause monitor
2019-10-14 10:26:17,229 [main] INFO  ozone.HddsDatanodeService (HddsDatanodeService.java:start(184)) - HddsDatanodeService host:pr-hdds-2297-rpftj-184604365 ip:192.168.5.145
2019-10-14 10:26:17,230 [Datanode State Machine Thread - 0] INFO  datanode.InitDatanodeState (InitDatanodeState.java:persistContainerDatanodeDetails(140)) - DatanodeDetails is persisted to /workdir/hadoop-ozone/integration-test/target/test-dir/MiniOzoneClusterImpl-3072ea79-444e-478b-951c-ea383f4180ba/datanode-4/meta/datanode.id
2019-10-14 10:26:17,236 [main] INFO  volume.HddsVolume (HddsVolume.java:<init>(176)) - Creating Volume: /workdir/hadoop-ozone/integration-test/target/test-dir/MiniOzoneClusterImpl-3072ea79-444e-478b-951c-ea383f4180ba/datanode-5/data/containers/hdds of  storage type : DISK and capacity : 1482555576320
2019-10-14 10:26:17,236 [main] INFO  volume.VolumeSet (VolumeSet.java:initializeVolumeSet(170)) - Added Volume : /workdir/hadoop-ozone/integration-test/target/test-dir/MiniOzoneClusterImpl-3072ea79-444e-478b-951c-ea383f4180ba/datanode-5/data/containers/hdds to VolumeSet
2019-10-14 10:26:17,236 [main] INFO  volume.ThrottledAsyncChecker (ThrottledAsyncChecker.java:schedule(141)) - Scheduling a check for org.apache.hadoop.ozone.container.common.volume.HddsVolume@9c73fff
2019-10-14 10:26:17,237 [main] INFO  volume.HddsVolumeChecker (HddsVolumeChecker.java:checkAllVolumes(204)) - Scheduled health check for volume org.apache.hadoop.ozone.container.common.volume.HddsVolume@9c73fff
2019-10-14 10:26:17,259 [main] INFO  impl.RaftServerProxy (ConfUtils.java:logGet(43)) - raft.rpc.type = GRPC (default)
2019-10-14 10:26:17,259 [main] INFO  grpc.GrpcFactory (GrpcFactory.java:checkPooledByteBufAllocatorUseCacheForAllThreads(45)) - PERFORMANCE WARNING: useCacheForAllThreads is true that may cause Netty to create a lot garbage objects and, as a result, trigger GC.
	It is recommended to disable useCacheForAllThreads by setting -Dorg.apache.ratis.thirdparty.io.netty.allocator.useCacheForAllThreads=false in command line.
2019-10-14 10:26:17,259 [main] INFO  grpc.GrpcConfigKeys$Server (ConfUtils.java:logGet(43)) - raft.grpc.server.port = 0 (default)
2019-10-14 10:26:17,260 [main] INFO  server.GrpcService (ConfUtils.java:logGet(43)) - raft.grpc.message.size.max = 33570816 (custom)
2019-10-14 10:26:17,260 [main] INFO  server.RaftServerConfigKeys (ConfUtils.java:logGet(43)) - raft.server.log.appender.buffer.byte-limit = 33554432 (custom)
2019-10-14 10:26:17,260 [main] INFO  server.GrpcService (ConfUtils.java:logGet(43)) - raft.grpc.flow.control.window = 1MB (=1048576) (default)
2019-10-14 10:26:17,261 [main] INFO  server.RaftServerConfigKeys (ConfUtils.java:logGet(43)) - raft.server.rpc.request.timeout = 3000ms (default)
2019-10-14 10:26:17,261 [main] INFO  server.RaftServerConfigKeys (ConfUtils.java:logGet(43)) - raft.server.storage.dir = [/workdir/hadoop-ozone/integration-test/target/test-dir/MiniOzoneClusterImpl-3072ea79-444e-478b-951c-ea383f4180ba/datanode-5/data/ratis] (custom)
2019-10-14 10:26:17,263 [main] INFO  hdfs.DFSUtil (DFSUtil.java:httpServerTemplateForNNAndJN(1641)) - Starting Web-server for hddsDatanode at: http://0.0.0.0:0
2019-10-14 10:26:17,265 [main] INFO  server.AuthenticationFilter (AuthenticationFilter.java:constructSecretProvider(240)) - Unable to initialize FileSignerSecretProvider, falling back to use random secrets.
2019-10-14 10:26:17,265 [main] WARN  http.HttpRequestLog (HttpRequestLog.java:getRequestLog(97)) - Jetty request log can only be enabled using Log4j
2019-10-14 10:26:17,266 [main] INFO  http.HttpServer2 (HttpServer2.java:addGlobalFilter(975)) - Added global filter 'safety' (class=org.apache.hadoop.http.HttpServer2$QuotingInputFilter)
2019-10-14 10:26:17,267 [main] INFO  http.HttpServer2 (HttpServer2.java:addFilter(948)) - Added filter static_user_filter (class=org.apache.hadoop.http.lib.StaticUserWebFilter$StaticUserFilter) to context hddsDatanode
2019-10-14 10:26:17,267 [main] INFO  http.HttpServer2 (HttpServer2.java:addFilter(958)) - Added filter static_user_filter (class=org.apache.hadoop.http.lib.StaticUserWebFilter$StaticUserFilter) to context logs
2019-10-14 10:26:17,267 [main] INFO  http.HttpServer2 (HttpServer2.java:addFilter(958)) - Added filter static_user_filter (class=org.apache.hadoop.http.lib.StaticUserWebFilter$StaticUserFilter) to context static
2019-10-14 10:26:17,268 [main] INFO  http.HttpServer2 (HttpServer2.java:bindListener(1191)) - Jetty bound to port 32875
2019-10-14 10:26:17,268 [main] INFO  server.Server (Server.java:doStart(351)) - jetty-9.3.25.v20180904, build timestamp: 2018-09-04T21:11:46Z, git hash: 3ce520221d0240229c862b122d2b06c12a625732
2019-10-14 10:26:17,270 [main] INFO  handler.ContextHandler (ContextHandler.java:doStart(781)) - Started o.e.j.s.ServletContextHandler@713ec32d{/logs,file:///workdir/hadoop-ozone/integration-test/target/log,AVAILABLE}
2019-10-14 10:26:17,270 [main] INFO  handler.ContextHandler (ContextHandler.java:doStart(781)) - Started o.e.j.s.ServletContextHandler@36aab105{/static,jar:file:/home/user/.m2/repository/org/apache/hadoop/hadoop-hdds-container-service/0.5.0-SNAPSHOT/hadoop-hdds-container-service-0.5.0-SNAPSHOT.jar!/webapps/static,AVAILABLE}
2019-10-14 10:26:17,299 [main] INFO  handler.ContextHandler (ContextHandler.java:doStart(781)) - Started o.e.j.w.WebAppContext@448b808a{/,file:///tmp/jetty-0.0.0.0-32875-hddsDatanode-_-any-8460936251316539325.dir/webapp/,AVAILABLE}{/hddsDatanode}
2019-10-14 10:26:17,299 [main] INFO  server.AbstractConnector (AbstractConnector.java:doStart(278)) - Started ServerConnector@7e62cfa3{HTTP/1.1,[http/1.1]}{0.0.0.0:32875}
2019-10-14 10:26:17,301 [main] INFO  server.Server (Server.java:doStart(419)) - Started @45087ms
2019-10-14 10:26:17,301 [main] WARN  impl.MetricsSystemImpl (MetricsSystemImpl.java:register(276)) - Sink prometheus already exists!
2019-10-14 10:26:17,301 [main] INFO  server.BaseHttpServer (BaseHttpServer.java:updateConnectorAddress(215)) - HTTP server of HDDSDATANODE is listening at http://0.0.0.0:32875
2019-10-14 10:26:17,302 [main] INFO  impl.MetricsSystemImpl (MetricsSystemImpl.java:init(158)) - HddsDatanode metrics system started (again)
2019-10-14 10:26:17,308 [org.apache.hadoop.util.JvmPauseMonitor$Monitor@30274e34] INFO  util.JvmPauseMonitor (JvmPauseMonitor.java:run(188)) - Starting JVM pause monitor
2019-10-14 10:26:17,308 [main] INFO  ozone.HddsDatanodeService (HddsDatanodeService.java:start(184)) - HddsDatanodeService host:pr-hdds-2297-rpftj-184604365 ip:192.168.5.145
2019-10-14 10:26:17,309 [Datanode State Machine Thread - 0] INFO  datanode.InitDatanodeState (InitDatanodeState.java:persistContainerDatanodeDetails(140)) - DatanodeDetails is persisted to /workdir/hadoop-ozone/integration-test/target/test-dir/MiniOzoneClusterImpl-3072ea79-444e-478b-951c-ea383f4180ba/datanode-5/meta/datanode.id
2019-10-14 10:26:17,315 [main] INFO  volume.HddsVolume (HddsVolume.java:<init>(176)) - Creating Volume: /workdir/hadoop-ozone/integration-test/target/test-dir/MiniOzoneClusterImpl-3072ea79-444e-478b-951c-ea383f4180ba/datanode-6/data/containers/hdds of  storage type : DISK and capacity : 1482555576320
2019-10-14 10:26:17,315 [main] INFO  volume.VolumeSet (VolumeSet.java:initializeVolumeSet(170)) - Added Volume : /workdir/hadoop-ozone/integration-test/target/test-dir/MiniOzoneClusterImpl-3072ea79-444e-478b-951c-ea383f4180ba/datanode-6/data/containers/hdds to VolumeSet
2019-10-14 10:26:17,315 [main] INFO  volume.ThrottledAsyncChecker (ThrottledAsyncChecker.java:schedule(141)) - Scheduling a check for org.apache.hadoop.ozone.container.common.volume.HddsVolume@75023c53
2019-10-14 10:26:17,316 [main] INFO  volume.HddsVolumeChecker (HddsVolumeChecker.java:checkAllVolumes(204)) - Scheduled health check for volume org.apache.hadoop.ozone.container.common.volume.HddsVolume@75023c53
2019-10-14 10:26:17,329 [main] INFO  impl.RaftServerProxy (ConfUtils.java:logGet(43)) - raft.rpc.type = GRPC (default)
2019-10-14 10:26:17,329 [main] INFO  grpc.GrpcFactory (GrpcFactory.java:checkPooledByteBufAllocatorUseCacheForAllThreads(45)) - PERFORMANCE WARNING: useCacheForAllThreads is true that may cause Netty to create a lot garbage objects and, as a result, trigger GC.
	It is recommended to disable useCacheForAllThreads by setting -Dorg.apache.ratis.thirdparty.io.netty.allocator.useCacheForAllThreads=false in command line.
2019-10-14 10:26:17,329 [main] INFO  grpc.GrpcConfigKeys$Server (ConfUtils.java:logGet(43)) - raft.grpc.server.port = 0 (default)
2019-10-14 10:26:17,330 [main] INFO  server.GrpcService (ConfUtils.java:logGet(43)) - raft.grpc.message.size.max = 33570816 (custom)
2019-10-14 10:26:17,330 [main] INFO  server.RaftServerConfigKeys (ConfUtils.java:logGet(43)) - raft.server.log.appender.buffer.byte-limit = 33554432 (custom)
2019-10-14 10:26:17,330 [main] INFO  server.GrpcService (ConfUtils.java:logGet(43)) - raft.grpc.flow.control.window = 1MB (=1048576) (default)
2019-10-14 10:26:17,330 [main] INFO  server.RaftServerConfigKeys (ConfUtils.java:logGet(43)) - raft.server.rpc.request.timeout = 3000ms (default)
2019-10-14 10:26:17,331 [main] INFO  server.RaftServerConfigKeys (ConfUtils.java:logGet(43)) - raft.server.storage.dir = [/workdir/hadoop-ozone/integration-test/target/test-dir/MiniOzoneClusterImpl-3072ea79-444e-478b-951c-ea383f4180ba/datanode-6/data/ratis] (custom)
2019-10-14 10:26:17,332 [main] INFO  hdfs.DFSUtil (DFSUtil.java:httpServerTemplateForNNAndJN(1641)) - Starting Web-server for hddsDatanode at: http://0.0.0.0:0
2019-10-14 10:26:17,333 [main] INFO  server.AuthenticationFilter (AuthenticationFilter.java:constructSecretProvider(240)) - Unable to initialize FileSignerSecretProvider, falling back to use random secrets.
2019-10-14 10:26:17,333 [main] WARN  http.HttpRequestLog (HttpRequestLog.java:getRequestLog(97)) - Jetty request log can only be enabled using Log4j
2019-10-14 10:26:17,335 [main] INFO  http.HttpServer2 (HttpServer2.java:addGlobalFilter(975)) - Added global filter 'safety' (class=org.apache.hadoop.http.HttpServer2$QuotingInputFilter)
2019-10-14 10:26:17,335 [main] INFO  http.HttpServer2 (HttpServer2.java:addFilter(948)) - Added filter static_user_filter (class=org.apache.hadoop.http.lib.StaticUserWebFilter$StaticUserFilter) to context hddsDatanode
2019-10-14 10:26:17,335 [main] INFO  http.HttpServer2 (HttpServer2.java:addFilter(958)) - Added filter static_user_filter (class=org.apache.hadoop.http.lib.StaticUserWebFilter$StaticUserFilter) to context logs
2019-10-14 10:26:17,335 [main] INFO  http.HttpServer2 (HttpServer2.java:addFilter(958)) - Added filter static_user_filter (class=org.apache.hadoop.http.lib.StaticUserWebFilter$StaticUserFilter) to context static
2019-10-14 10:26:17,336 [main] INFO  http.HttpServer2 (HttpServer2.java:bindListener(1191)) - Jetty bound to port 37304
2019-10-14 10:26:17,336 [main] INFO  server.Server (Server.java:doStart(351)) - jetty-9.3.25.v20180904, build timestamp: 2018-09-04T21:11:46Z, git hash: 3ce520221d0240229c862b122d2b06c12a625732
2019-10-14 10:26:17,338 [main] INFO  handler.ContextHandler (ContextHandler.java:doStart(781)) - Started o.e.j.s.ServletContextHandler@59939293{/logs,file:///workdir/hadoop-ozone/integration-test/target/log,AVAILABLE}
2019-10-14 10:26:17,338 [main] INFO  handler.ContextHandler (ContextHandler.java:doStart(781)) - Started o.e.j.s.ServletContextHandler@2d74c81b{/static,jar:file:/home/user/.m2/repository/org/apache/hadoop/hadoop-hdds-container-service/0.5.0-SNAPSHOT/hadoop-hdds-container-service-0.5.0-SNAPSHOT.jar!/webapps/static,AVAILABLE}
2019-10-14 10:26:17,367 [main] INFO  handler.ContextHandler (ContextHandler.java:doStart(781)) - Started o.e.j.w.WebAppContext@4e224df5{/,file:///tmp/jetty-0.0.0.0-37304-hddsDatanode-_-any-119764700358215230.dir/webapp/,AVAILABLE}{/hddsDatanode}
2019-10-14 10:26:17,367 [main] INFO  server.AbstractConnector (AbstractConnector.java:doStart(278)) - Started ServerConnector@32456db0{HTTP/1.1,[http/1.1]}{0.0.0.0:37304}
2019-10-14 10:26:17,368 [main] INFO  server.Server (Server.java:doStart(419)) - Started @45155ms
2019-10-14 10:26:17,369 [main] WARN  impl.MetricsSystemImpl (MetricsSystemImpl.java:register(276)) - Sink prometheus already exists!
2019-10-14 10:26:17,369 [main] INFO  server.BaseHttpServer (BaseHttpServer.java:updateConnectorAddress(215)) - HTTP server of HDDSDATANODE is listening at http://0.0.0.0:37304
2019-10-14 10:26:17,370 [main] INFO  ozone.MiniOzoneClusterImpl (MiniOzoneClusterImpl.java:lambda$waitForClusterToBeReady$0(147)) - Waiting for cluster to be ready. Got 0 of 7 DN Heartbeats.
2019-10-14 10:26:17,373 [org.apache.hadoop.util.JvmPauseMonitor$Monitor@5680193] INFO  util.JvmPauseMonitor (JvmPauseMonitor.java:run(188)) - Starting JVM pause monitor
2019-10-14 10:26:17,375 [Datanode State Machine Thread - 0] INFO  datanode.InitDatanodeState (InitDatanodeState.java:persistContainerDatanodeDetails(140)) - DatanodeDetails is persisted to /workdir/hadoop-ozone/integration-test/target/test-dir/MiniOzoneClusterImpl-3072ea79-444e-478b-951c-ea383f4180ba/datanode-6/meta/datanode.id
2019-10-14 10:26:18,370 [main] INFO  ozone.MiniOzoneClusterImpl (MiniOzoneClusterImpl.java:lambda$waitForClusterToBeReady$0(147)) - Waiting for cluster to be ready. Got 0 of 7 DN Heartbeats.
2019-10-14 10:26:18,979 [Datanode State Machine Thread - 0] INFO  ozoneimpl.OzoneContainer (OzoneContainer.java:start(213)) - Attempting to start container services.
2019-10-14 10:26:18,982 [Datanode State Machine Thread - 0] INFO  ozoneimpl.OzoneContainer (OzoneContainer.java:startContainerScrub(177)) - Background container scanner has been disabled.
2019-10-14 10:26:18,982 [Datanode State Machine Thread - 0] INFO  ratis.XceiverServerRatis (XceiverServerRatis.java:start(418)) - Starting XceiverServerRatis f8dbb98f-c520-465b-9b5e-774751dbfbea at port 0
2019-10-14 10:26:18,988 [Datanode State Machine Thread - 0] INFO  impl.RaftServerProxy (RaftServerProxy.java:lambda$start$3(299)) - f8dbb98f-c520-465b-9b5e-774751dbfbea: start RPC server
2019-10-14 10:26:18,991 [Datanode State Machine Thread - 0] INFO  server.GrpcService (GrpcService.java:startImpl(158)) - f8dbb98f-c520-465b-9b5e-774751dbfbea: GrpcService started, listening on 0.0.0.0/0.0.0.0:35931
2019-10-14 10:26:18,991 [Datanode State Machine Thread - 0] INFO  ratis.XceiverServerRatis (XceiverServerRatis.java:start(428)) - XceiverServerRatis f8dbb98f-c520-465b-9b5e-774751dbfbea is started using port 35931
2019-10-14 10:26:18,991 [Datanode State Machine Thread - 0] INFO  server.XceiverServerGrpc (XceiverServerGrpc.java:start(149)) - XceiverServerGrpc f8dbb98f-c520-465b-9b5e-774751dbfbea is started using port 43126
2019-10-14 10:26:19,041 [Datanode State Machine Thread - 0] INFO  ozoneimpl.OzoneContainer (OzoneContainer.java:start(213)) - Attempting to start container services.
2019-10-14 10:26:19,045 [Datanode State Machine Thread - 0] INFO  ozoneimpl.OzoneContainer (OzoneContainer.java:startContainerScrub(177)) - Background container scanner has been disabled.
2019-10-14 10:26:19,045 [Datanode State Machine Thread - 0] INFO  ratis.XceiverServerRatis (XceiverServerRatis.java:start(418)) - Starting XceiverServerRatis d08b79a2-19c9-460f-adbf-167e1d4b28fa at port 0
2019-10-14 10:26:19,052 [Datanode State Machine Thread - 0] INFO  impl.RaftServerProxy (RaftServerProxy.java:lambda$start$3(299)) - d08b79a2-19c9-460f-adbf-167e1d4b28fa: start RPC server
2019-10-14 10:26:19,053 [Datanode State Machine Thread - 0] INFO  server.GrpcService (GrpcService.java:startImpl(158)) - d08b79a2-19c9-460f-adbf-167e1d4b28fa: GrpcService started, listening on 0.0.0.0/0.0.0.0:34968
2019-10-14 10:26:19,053 [Datanode State Machine Thread - 0] INFO  ratis.XceiverServerRatis (XceiverServerRatis.java:start(428)) - XceiverServerRatis d08b79a2-19c9-460f-adbf-167e1d4b28fa is started using port 34968
2019-10-14 10:26:19,061 [Datanode State Machine Thread - 0] INFO  server.XceiverServerGrpc (XceiverServerGrpc.java:start(149)) - XceiverServerGrpc d08b79a2-19c9-460f-adbf-167e1d4b28fa is started using port 40542
2019-10-14 10:26:19,105 [Datanode State Machine Thread - 0] INFO  ozoneimpl.OzoneContainer (OzoneContainer.java:start(213)) - Attempting to start container services.
2019-10-14 10:26:19,111 [Datanode State Machine Thread - 0] INFO  ozoneimpl.OzoneContainer (OzoneContainer.java:startContainerScrub(177)) - Background container scanner has been disabled.
2019-10-14 10:26:19,111 [Datanode State Machine Thread - 0] INFO  ratis.XceiverServerRatis (XceiverServerRatis.java:start(418)) - Starting XceiverServerRatis 7c15f8c6-c38e-4932-bb42-ca0f23deefa3 at port 0
2019-10-14 10:26:19,119 [Datanode State Machine Thread - 0] INFO  impl.RaftServerProxy (RaftServerProxy.java:lambda$start$3(299)) - 7c15f8c6-c38e-4932-bb42-ca0f23deefa3: start RPC server
2019-10-14 10:26:19,121 [Datanode State Machine Thread - 0] INFO  server.GrpcService (GrpcService.java:startImpl(158)) - 7c15f8c6-c38e-4932-bb42-ca0f23deefa3: GrpcService started, listening on 0.0.0.0/0.0.0.0:38937
2019-10-14 10:26:19,121 [Datanode State Machine Thread - 0] INFO  ratis.XceiverServerRatis (XceiverServerRatis.java:start(428)) - XceiverServerRatis 7c15f8c6-c38e-4932-bb42-ca0f23deefa3 is started using port 38937
2019-10-14 10:26:19,128 [Datanode State Machine Thread - 0] INFO  server.XceiverServerGrpc (XceiverServerGrpc.java:start(149)) - XceiverServerGrpc 7c15f8c6-c38e-4932-bb42-ca0f23deefa3 is started using port 40758
2019-10-14 10:26:19,183 [Datanode State Machine Thread - 0] INFO  ozoneimpl.OzoneContainer (OzoneContainer.java:start(213)) - Attempting to start container services.
2019-10-14 10:26:19,183 [Datanode State Machine Thread - 0] INFO  ozoneimpl.OzoneContainer (OzoneContainer.java:startContainerScrub(177)) - Background container scanner has been disabled.
2019-10-14 10:26:19,184 [Datanode State Machine Thread - 0] INFO  ratis.XceiverServerRatis (XceiverServerRatis.java:start(418)) - Starting XceiverServerRatis d188d7df-a98d-4c55-b2ec-1bf3b33e499c at port 0
2019-10-14 10:26:19,193 [Datanode State Machine Thread - 0] INFO  impl.RaftServerProxy (RaftServerProxy.java:lambda$start$3(299)) - d188d7df-a98d-4c55-b2ec-1bf3b33e499c: start RPC server
2019-10-14 10:26:19,195 [Datanode State Machine Thread - 0] INFO  server.GrpcService (GrpcService.java:startImpl(158)) - d188d7df-a98d-4c55-b2ec-1bf3b33e499c: GrpcService started, listening on 0.0.0.0/0.0.0.0:34023
2019-10-14 10:26:19,195 [Datanode State Machine Thread - 0] INFO  ratis.XceiverServerRatis (XceiverServerRatis.java:start(428)) - XceiverServerRatis d188d7df-a98d-4c55-b2ec-1bf3b33e499c is started using port 34023
2019-10-14 10:26:19,197 [Datanode State Machine Thread - 0] INFO  server.XceiverServerGrpc (XceiverServerGrpc.java:start(149)) - XceiverServerGrpc d188d7df-a98d-4c55-b2ec-1bf3b33e499c is started using port 33283
2019-10-14 10:26:19,244 [Datanode State Machine Thread - 0] INFO  ozoneimpl.OzoneContainer (OzoneContainer.java:start(213)) - Attempting to start container services.
2019-10-14 10:26:19,244 [Datanode State Machine Thread - 0] INFO  ozoneimpl.OzoneContainer (OzoneContainer.java:startContainerScrub(177)) - Background container scanner has been disabled.
2019-10-14 10:26:19,244 [Datanode State Machine Thread - 0] INFO  ratis.XceiverServerRatis (XceiverServerRatis.java:start(418)) - Starting XceiverServerRatis fbdd9009-148c-4ad1-8fbf-9679a6c31dd6 at port 0
2019-10-14 10:26:19,250 [Datanode State Machine Thread - 0] INFO  impl.RaftServerProxy (RaftServerProxy.java:lambda$start$3(299)) - fbdd9009-148c-4ad1-8fbf-9679a6c31dd6: start RPC server
2019-10-14 10:26:19,251 [Datanode State Machine Thread - 0] INFO  server.GrpcService (GrpcService.java:startImpl(158)) - fbdd9009-148c-4ad1-8fbf-9679a6c31dd6: GrpcService started, listening on 0.0.0.0/0.0.0.0:46505
2019-10-14 10:26:19,251 [Datanode State Machine Thread - 0] INFO  ratis.XceiverServerRatis (XceiverServerRatis.java:start(428)) - XceiverServerRatis fbdd9009-148c-4ad1-8fbf-9679a6c31dd6 is started using port 46505
2019-10-14 10:26:19,252 [Datanode State Machine Thread - 0] INFO  server.XceiverServerGrpc (XceiverServerGrpc.java:start(149)) - XceiverServerGrpc fbdd9009-148c-4ad1-8fbf-9679a6c31dd6 is started using port 37914
2019-10-14 10:26:19,324 [Datanode State Machine Thread - 0] INFO  ozoneimpl.OzoneContainer (OzoneContainer.java:start(213)) - Attempting to start container services.
2019-10-14 10:26:19,324 [Datanode State Machine Thread - 0] INFO  ozoneimpl.OzoneContainer (OzoneContainer.java:startContainerScrub(177)) - Background container scanner has been disabled.
2019-10-14 10:26:19,324 [Datanode State Machine Thread - 0] INFO  ratis.XceiverServerRatis (XceiverServerRatis.java:start(418)) - Starting XceiverServerRatis 4031060a-28bd-4ec2-97b8-c34fb7e04848 at port 0
2019-10-14 10:26:19,331 [Datanode State Machine Thread - 0] INFO  impl.RaftServerProxy (RaftServerProxy.java:lambda$start$3(299)) - 4031060a-28bd-4ec2-97b8-c34fb7e04848: start RPC server
2019-10-14 10:26:19,334 [Datanode State Machine Thread - 0] INFO  server.GrpcService (GrpcService.java:startImpl(158)) - 4031060a-28bd-4ec2-97b8-c34fb7e04848: GrpcService started, listening on 0.0.0.0/0.0.0.0:42386
2019-10-14 10:26:19,335 [Datanode State Machine Thread - 0] INFO  ratis.XceiverServerRatis (XceiverServerRatis.java:start(428)) - XceiverServerRatis 4031060a-28bd-4ec2-97b8-c34fb7e04848 is started using port 42386
2019-10-14 10:26:19,335 [Datanode State Machine Thread - 0] INFO  server.XceiverServerGrpc (XceiverServerGrpc.java:start(149)) - XceiverServerGrpc 4031060a-28bd-4ec2-97b8-c34fb7e04848 is started using port 40825
2019-10-14 10:26:19,371 [main] INFO  ozone.MiniOzoneClusterImpl (MiniOzoneClusterImpl.java:lambda$waitForClusterToBeReady$0(147)) - Waiting for cluster to be ready. Got 0 of 7 DN Heartbeats.
2019-10-14 10:26:19,390 [Datanode State Machine Thread - 0] INFO  ozoneimpl.OzoneContainer (OzoneContainer.java:start(213)) - Attempting to start container services.
2019-10-14 10:26:19,390 [Datanode State Machine Thread - 0] INFO  ozoneimpl.OzoneContainer (OzoneContainer.java:startContainerScrub(177)) - Background container scanner has been disabled.
2019-10-14 10:26:19,390 [Datanode State Machine Thread - 0] INFO  ratis.XceiverServerRatis (XceiverServerRatis.java:start(418)) - Starting XceiverServerRatis ffdfe236-439b-469c-ae4b-d2b0223af88a at port 0
2019-10-14 10:26:19,648 [Datanode State Machine Thread - 0] INFO  impl.RaftServerProxy (RaftServerProxy.java:lambda$start$3(299)) - ffdfe236-439b-469c-ae4b-d2b0223af88a: start RPC server
2019-10-14 10:26:19,662 [Datanode State Machine Thread - 0] INFO  server.GrpcService (GrpcService.java:startImpl(158)) - ffdfe236-439b-469c-ae4b-d2b0223af88a: GrpcService started, listening on 0.0.0.0/0.0.0.0:44990
2019-10-14 10:26:19,662 [Datanode State Machine Thread - 0] INFO  ratis.XceiverServerRatis (XceiverServerRatis.java:start(428)) - XceiverServerRatis ffdfe236-439b-469c-ae4b-d2b0223af88a is started using port 44990
2019-10-14 10:26:19,663 [Datanode State Machine Thread - 0] INFO  server.XceiverServerGrpc (XceiverServerGrpc.java:start(149)) - XceiverServerGrpc ffdfe236-439b-469c-ae4b-d2b0223af88a is started using port 35326
2019-10-14 10:26:20,372 [main] INFO  ozone.MiniOzoneClusterImpl (MiniOzoneClusterImpl.java:lambda$waitForClusterToBeReady$0(147)) - Waiting for cluster to be ready. Got 0 of 7 DN Heartbeats.
2019-10-14 10:26:20,983 [IPC Server handler 2 on 38901] INFO  net.NetworkTopology (NetworkTopologyImpl.java:add(111)) - Added a new node: /default-rack/f8dbb98f-c520-465b-9b5e-774751dbfbea
2019-10-14 10:26:20,985 [IPC Server handler 2 on 38901] INFO  node.SCMNodeManager (SCMNodeManager.java:register(268)) - Registered Data node : f8dbb98f-c520-465b-9b5e-774751dbfbea{ip: 192.168.5.145, host: pr-hdds-2297-rpftj-184604365, networkLocation: /default-rack, certSerialId: null}
2019-10-14 10:26:20,987 [EventQueue-NodeRegistrationContainerReportForDataNodeSafeModeRule] INFO  safemode.SCMSafeModeManager (DataNodeSafeModeRule.java:process(71)) - SCM in safe mode. 1 DataNodes registered, 1 required.
2019-10-14 10:26:20,989 [EventQueue-NodeRegistrationContainerReportForDataNodeSafeModeRule] INFO  safemode.SCMSafeModeManager (SCMSafeModeManager.java:validateSafeModeExitRules(177)) - ScmSafeModeManager, all rules are successfully validated
2019-10-14 10:26:20,989 [EventQueue-NodeRegistrationContainerReportForDataNodeSafeModeRule] INFO  safemode.SCMSafeModeManager (SCMSafeModeManager.java:exitSafeMode(193)) - SCM exiting safe mode.
2019-10-14 10:26:21,013 [grpc-default-executor-1] INFO  impl.RaftServerProxy (RaftServerProxy.java:addNew(89)) - f8dbb98f-c520-465b-9b5e-774751dbfbea: addNew group-EC6C7491E947:[f8dbb98f-c520-465b-9b5e-774751dbfbea:192.168.5.145:35931] returns group-EC6C7491E947:java.util.concurrent.CompletableFuture@62192abb[Not completed]
2019-10-14 10:26:21,016 [pool-119-thread-1] INFO  impl.RaftServerImpl (RaftServerImpl.java:<init>(95)) - f8dbb98f-c520-465b-9b5e-774751dbfbea: new RaftServerImpl for group-EC6C7491E947:[f8dbb98f-c520-465b-9b5e-774751dbfbea:192.168.5.145:35931] with ContainerStateMachine:uninitialized
2019-10-14 10:26:21,016 [pool-119-thread-1] INFO  server.RaftServerConfigKeys (ConfUtils.java:logGet(43)) - raft.server.rpc.timeout.min = 5s (custom)
2019-10-14 10:26:21,016 [pool-119-thread-1] INFO  server.RaftServerConfigKeys (ConfUtils.java:logGet(43)) - raft.server.rpc.timeout.max = 5200ms (custom)
2019-10-14 10:26:21,016 [pool-119-thread-1] INFO  server.RaftServerConfigKeys (ConfUtils.java:logGet(43)) - raft.server.rpcslowness.timeout = 120s (custom)
2019-10-14 10:26:21,017 [pool-119-thread-1] INFO  server.RaftServerConfigKeys (ConfUtils.java:logGet(43)) - raft.server.sleep.deviation.threshold = 300 (default)
2019-10-14 10:26:21,017 [pool-119-thread-1] INFO  server.RaftServerConfigKeys (ConfUtils.java:logGet(43)) - raft.server.log.appender.install.snapshot.enabled = false (custom)
2019-10-14 10:26:21,017 [pool-119-thread-1] INFO  impl.RaftServerImpl (ServerState.java:<init>(103)) - f8dbb98f-c520-465b-9b5e-774751dbfbea@group-EC6C7491E947: ConfigurationManager, init=-1: [f8dbb98f-c520-465b-9b5e-774751dbfbea:192.168.5.145:35931], old=null, confs=<EMPTY_MAP>
2019-10-14 10:26:21,017 [pool-119-thread-1] INFO  server.RaftServerConfigKeys (ConfUtils.java:logGet(43)) - raft.server.storage.dir = [/workdir/hadoop-ozone/integration-test/target/test-dir/MiniOzoneClusterImpl-3072ea79-444e-478b-951c-ea383f4180ba/datanode-0/data/ratis] (custom)
2019-10-14 10:26:21,018 [pool-119-thread-1] INFO  server.RaftServerConfigKeys (ConfUtils.java:logGet(43)) - raft.server.log.corruption.policy = EXCEPTION (default)
2019-10-14 10:26:21,018 [pool-119-thread-1] INFO  storage.RaftStorageDirectory (RaftStorageDirectory.java:analyzeStorage(246)) - The storage directory /workdir/hadoop-ozone/integration-test/target/test-dir/MiniOzoneClusterImpl-3072ea79-444e-478b-951c-ea383f4180ba/datanode-0/data/ratis/e1517531-a0aa-4301-b408-ec6c7491e947 does not exist. Creating ...
2019-10-14 10:26:21,026 [IPC Server handler 3 on 38901] INFO  net.NetworkTopology (NetworkTopologyImpl.java:add(111)) - Added a new node: /default-rack/d08b79a2-19c9-460f-adbf-167e1d4b28fa
2019-10-14 10:26:21,026 [IPC Server handler 3 on 38901] INFO  node.SCMNodeManager (SCMNodeManager.java:register(268)) - Registered Data node : d08b79a2-19c9-460f-adbf-167e1d4b28fa{ip: 192.168.5.145, host: pr-hdds-2297-rpftj-184604365, networkLocation: /default-rack, certSerialId: null}
2019-10-14 10:26:21,032 [pool-119-thread-1] INFO  storage.RaftStorageDirectory (RaftStorageDirectory.java:tryLock(328)) - Lock on /workdir/hadoop-ozone/integration-test/target/test-dir/MiniOzoneClusterImpl-3072ea79-444e-478b-951c-ea383f4180ba/datanode-0/data/ratis/e1517531-a0aa-4301-b408-ec6c7491e947/in_use.lock acquired by nodename 22472@pr-hdds-2297-rpftj-184604365
2019-10-14 10:26:21,044 [pool-119-thread-1] INFO  storage.RaftStorage (RaftStorage.java:format(84)) - Storage directory /workdir/hadoop-ozone/integration-test/target/test-dir/MiniOzoneClusterImpl-3072ea79-444e-478b-951c-ea383f4180ba/datanode-0/data/ratis/e1517531-a0aa-4301-b408-ec6c7491e947 has been successfully formatted.
2019-10-14 10:26:21,045 [pool-119-thread-1] INFO  ratis.ContainerStateMachine (ContainerStateMachine.java:loadSnapshot(231)) - group-EC6C7491E947: The snapshot info is null. Setting the last applied indexto:(t:0, i:~)
2019-10-14 10:26:21,045 [pool-119-thread-1] INFO  server.RaftServerConfigKeys (ConfUtils.java:logGet(43)) - raft.server.notification.no-leader.timeout = 120s (custom)
2019-10-14 10:26:21,045 [pool-119-thread-1] INFO  server.RaftServerConfigKeys (ConfUtils.java:logGet(43)) - raft.server.log.use.memory = false (default)
2019-10-14 10:26:21,045 [pool-119-thread-1] INFO  server.RaftServerConfigKeys (ConfUtils.java:logGet(43)) - raft.server.log.purge.gap = 1000000 (custom)
2019-10-14 10:26:21,046 [pool-119-thread-1] INFO  server.RaftServerConfigKeys (ConfUtils.java:logGet(43)) - raft.server.log.appender.buffer.byte-limit = 33554432 (custom)
2019-10-14 10:26:21,046 [pool-119-thread-1] INFO  server.RaftServerConfigKeys (ConfUtils.java:logGet(43)) - raft.server.log.segment.size.max = 1048576 (custom)
2019-10-14 10:26:21,049 [pool-119-thread-1] INFO  server.RaftServerConfigKeys (ConfUtils.java:logGet(43)) - raft.server.log.segment.cache.num.max = 2 (custom)
2019-10-14 10:26:21,049 [pool-119-thread-1] INFO  segmented.SegmentedRaftLogWorker (SegmentedRaftLogWorker.java:<init>(173)) - new f8dbb98f-c520-465b-9b5e-774751dbfbea@group-EC6C7491E947-SegmentedRaftLogWorker for RaftStorage:Storage Directory /workdir/hadoop-ozone/integration-test/target/test-dir/MiniOzoneClusterImpl-3072ea79-444e-478b-951c-ea383f4180ba/datanode-0/data/ratis/e1517531-a0aa-4301-b408-ec6c7491e947
2019-10-14 10:26:21,049 [pool-119-thread-1] INFO  server.RaftServerConfigKeys (ConfUtils.java:logGet(43)) - raft.server.log.queue.byte-limit = 2147483647 (custom)
2019-10-14 10:26:21,049 [pool-119-thread-1] INFO  server.RaftServerConfigKeys (ConfUtils.java:logGet(43)) - raft.server.log.queue.element-limit = 1024 (custom)
2019-10-14 10:26:21,050 [pool-119-thread-1] INFO  server.RaftServerConfigKeys (ConfUtils.java:logGet(43)) - raft.server.log.segment.size.max = 1048576 (custom)
2019-10-14 10:26:21,050 [pool-119-thread-1] INFO  server.RaftServerConfigKeys (ConfUtils.java:logGet(43)) - raft.server.log.preallocated.size = 16384 (custom)
2019-10-14 10:26:21,050 [pool-119-thread-1] INFO  server.RaftServerConfigKeys (ConfUtils.java:logGet(43)) - raft.server.log.write.buffer.size = 33554432 (custom)
2019-10-14 10:26:21,050 [pool-119-thread-1] INFO  server.RaftServerConfigKeys (ConfUtils.java:logGet(43)) - raft.server.log.force.sync.num = 128 (default)
2019-10-14 10:26:21,050 [pool-119-thread-1] INFO  server.RaftServerConfigKeys (ConfUtils.java:logGet(43)) - raft.server.log.statemachine.data.sync = true (default)
2019-10-14 10:26:21,050 [pool-119-thread-1] INFO  server.RaftServerConfigKeys (ConfUtils.java:logGet(43)) - raft.server.log.statemachine.data.sync.timeout = 10s (default)
2019-10-14 10:26:21,051 [pool-119-thread-1] INFO  server.RaftServerConfigKeys (ConfUtils.java:logGet(43)) - raft.server.log.statemachine.data.sync.timeout.retry = -1 (default)
2019-10-14 10:26:21,051 [pool-119-thread-1] INFO  server.RaftServerConfigKeys (ConfUtils.java:logGet(43)) - raft.server.log.statemachine.data.caching.enabled = true (custom)
2019-10-14 10:26:21,052 [pool-119-thread-1] INFO  segmented.SegmentedRaftLogWorker (SegmentedRaftLogWorker.java:lambda$new$0(128)) - f8dbb98f-c520-465b-9b5e-774751dbfbea@group-EC6C7491E947-SegmentedRaftLogWorker: flushIndex: setUnconditionally 0 -> -1
2019-10-14 10:26:21,052 [pool-119-thread-1] INFO  server.RaftServerConfigKeys (ConfUtils.java:logGet(43)) - raft.server.snapshot.auto.trigger.enabled = true (custom)
2019-10-14 10:26:21,052 [pool-119-thread-1] INFO  server.RaftServerConfigKeys (ConfUtils.java:logGet(43)) - raft.server.snapshot.auto.trigger.threshold = 10000 (custom)
2019-10-14 10:26:21,052 [pool-119-thread-1] INFO  server.RaftServerConfigKeys (ConfUtils.java:logGet(43)) - raft.server.snapshot.retention.file.num = 5 (custom)
2019-10-14 10:26:21,053 [pool-119-thread-1] INFO  server.RaftServerConfigKeys (ConfUtils.java:logGet(43)) - raft.server.retrycache.expirytime = 600000ms (custom)
2019-10-14 10:26:21,055 [pool-119-thread-1] INFO  impl.RaftServerImpl (RaftServerImpl.java:start(181)) - f8dbb98f-c520-465b-9b5e-774751dbfbea@group-EC6C7491E947: start as a follower, conf=-1: [f8dbb98f-c520-465b-9b5e-774751dbfbea:192.168.5.145:35931], old=null
2019-10-14 10:26:21,055 [pool-119-thread-1] INFO  impl.RaftServerImpl (RaftServerImpl.java:setRole(170)) - f8dbb98f-c520-465b-9b5e-774751dbfbea@group-EC6C7491E947: changes role from      null to FOLLOWER at term 0 for startAsFollower
2019-10-14 10:26:21,055 [pool-119-thread-1] INFO  impl.RoleInfo (RoleInfo.java:updateAndGet(143)) - f8dbb98f-c520-465b-9b5e-774751dbfbea: start FollowerState
2019-10-14 10:26:21,056 [pool-119-thread-1] INFO  util.JmxRegister (JmxRegister.java:tryRegister(44)) - Successfully registered JMX Bean with object name Ratis:service=RaftServer,group=group-EC6C7491E947,id=f8dbb98f-c520-465b-9b5e-774751dbfbea
2019-10-14 10:26:21,071 [RatisPipelineUtilsThread] INFO  pipeline.PipelineStateManager (PipelineStateManager.java:addPipeline(56)) - Created pipeline Pipeline[ Id: e1517531-a0aa-4301-b408-ec6c7491e947, Nodes: f8dbb98f-c520-465b-9b5e-774751dbfbea{ip: 192.168.5.145, host: pr-hdds-2297-rpftj-184604365, networkLocation: /default-rack, certSerialId: null}, Type:RATIS, Factor:ONE, State:OPEN]
2019-10-14 10:26:21,079 [grpc-default-executor-1] INFO  impl.RaftServerProxy (RaftServerProxy.java:addNew(89)) - d08b79a2-19c9-460f-adbf-167e1d4b28fa: addNew group-9C39E9040F85:[d08b79a2-19c9-460f-adbf-167e1d4b28fa:192.168.5.145:34968] returns group-9C39E9040F85:java.util.concurrent.CompletableFuture@1e58f844[Not completed]
2019-10-14 10:26:21,081 [pool-129-thread-1] INFO  impl.RaftServerImpl (RaftServerImpl.java:<init>(95)) - d08b79a2-19c9-460f-adbf-167e1d4b28fa: new RaftServerImpl for group-9C39E9040F85:[d08b79a2-19c9-460f-adbf-167e1d4b28fa:192.168.5.145:34968] with ContainerStateMachine:uninitialized
2019-10-14 10:26:21,081 [pool-129-thread-1] INFO  server.RaftServerConfigKeys (ConfUtils.java:logGet(43)) - raft.server.rpc.timeout.min = 5s (custom)
2019-10-14 10:26:21,082 [pool-129-thread-1] INFO  server.RaftServerConfigKeys (ConfUtils.java:logGet(43)) - raft.server.rpc.timeout.max = 5200ms (custom)
2019-10-14 10:26:21,082 [pool-129-thread-1] INFO  server.RaftServerConfigKeys (ConfUtils.java:logGet(43)) - raft.server.rpcslowness.timeout = 120s (custom)
2019-10-14 10:26:21,082 [pool-129-thread-1] INFO  server.RaftServerConfigKeys (ConfUtils.java:logGet(43)) - raft.server.sleep.deviation.threshold = 300 (default)
2019-10-14 10:26:21,082 [pool-129-thread-1] INFO  server.RaftServerConfigKeys (ConfUtils.java:logGet(43)) - raft.server.log.appender.install.snapshot.enabled = false (custom)
2019-10-14 10:26:21,082 [pool-129-thread-1] INFO  impl.RaftServerImpl (ServerState.java:<init>(103)) - d08b79a2-19c9-460f-adbf-167e1d4b28fa@group-9C39E9040F85: ConfigurationManager, init=-1: [d08b79a2-19c9-460f-adbf-167e1d4b28fa:192.168.5.145:34968], old=null, confs=<EMPTY_MAP>
2019-10-14 10:26:21,082 [pool-129-thread-1] INFO  server.RaftServerConfigKeys (ConfUtils.java:logGet(43)) - raft.server.storage.dir = [/workdir/hadoop-ozone/integration-test/target/test-dir/MiniOzoneClusterImpl-3072ea79-444e-478b-951c-ea383f4180ba/datanode-1/data/ratis] (custom)
2019-10-14 10:26:21,083 [pool-129-thread-1] INFO  server.RaftServerConfigKeys (ConfUtils.java:logGet(43)) - raft.server.log.corruption.policy = EXCEPTION (default)
2019-10-14 10:26:21,083 [pool-129-thread-1] INFO  storage.RaftStorageDirectory (RaftStorageDirectory.java:analyzeStorage(246)) - The storage directory /workdir/hadoop-ozone/integration-test/target/test-dir/MiniOzoneClusterImpl-3072ea79-444e-478b-951c-ea383f4180ba/datanode-1/data/ratis/2f0c8f21-e9a3-42c7-86cb-9c39e9040f85 does not exist. Creating ...
2019-10-14 10:26:21,093 [IPC Server handler 4 on 38901] INFO  net.NetworkTopology (NetworkTopologyImpl.java:add(111)) - Added a new node: /default-rack/7c15f8c6-c38e-4932-bb42-ca0f23deefa3
2019-10-14 10:26:21,093 [IPC Server handler 4 on 38901] INFO  node.SCMNodeManager (SCMNodeManager.java:register(268)) - Registered Data node : 7c15f8c6-c38e-4932-bb42-ca0f23deefa3{ip: 192.168.5.145, host: pr-hdds-2297-rpftj-184604365, networkLocation: /default-rack, certSerialId: null}
2019-10-14 10:26:21,095 [pool-129-thread-1] INFO  storage.RaftStorageDirectory (RaftStorageDirectory.java:tryLock(328)) - Lock on /workdir/hadoop-ozone/integration-test/target/test-dir/MiniOzoneClusterImpl-3072ea79-444e-478b-951c-ea383f4180ba/datanode-1/data/ratis/2f0c8f21-e9a3-42c7-86cb-9c39e9040f85/in_use.lock acquired by nodename 22472@pr-hdds-2297-rpftj-184604365
2019-10-14 10:26:21,110 [pool-129-thread-1] INFO  storage.RaftStorage (RaftStorage.java:format(84)) - Storage directory /workdir/hadoop-ozone/integration-test/target/test-dir/MiniOzoneClusterImpl-3072ea79-444e-478b-951c-ea383f4180ba/datanode-1/data/ratis/2f0c8f21-e9a3-42c7-86cb-9c39e9040f85 has been successfully formatted.
2019-10-14 10:26:21,110 [pool-129-thread-1] INFO  ratis.ContainerStateMachine (ContainerStateMachine.java:loadSnapshot(231)) - group-9C39E9040F85: The snapshot info is null. Setting the last applied indexto:(t:0, i:~)
2019-10-14 10:26:21,111 [pool-129-thread-1] INFO  server.RaftServerConfigKeys (ConfUtils.java:logGet(43)) - raft.server.notification.no-leader.timeout = 120s (custom)
2019-10-14 10:26:21,111 [pool-129-thread-1] INFO  server.RaftServerConfigKeys (ConfUtils.java:logGet(43)) - raft.server.log.use.memory = false (default)
2019-10-14 10:26:21,111 [pool-129-thread-1] INFO  server.RaftServerConfigKeys (ConfUtils.java:logGet(43)) - raft.server.log.purge.gap = 1000000 (custom)
2019-10-14 10:26:21,111 [pool-129-thread-1] INFO  server.RaftServerConfigKeys (ConfUtils.java:logGet(43)) - raft.server.log.appender.buffer.byte-limit = 33554432 (custom)
2019-10-14 10:26:21,111 [pool-129-thread-1] INFO  server.RaftServerConfigKeys (ConfUtils.java:logGet(43)) - raft.server.log.segment.size.max = 1048576 (custom)
2019-10-14 10:26:21,113 [pool-129-thread-1] INFO  server.RaftServerConfigKeys (ConfUtils.java:logGet(43)) - raft.server.log.segment.cache.num.max = 2 (custom)
2019-10-14 10:26:21,113 [pool-129-thread-1] INFO  segmented.SegmentedRaftLogWorker (SegmentedRaftLogWorker.java:<init>(173)) - new d08b79a2-19c9-460f-adbf-167e1d4b28fa@group-9C39E9040F85-SegmentedRaftLogWorker for RaftStorage:Storage Directory /workdir/hadoop-ozone/integration-test/target/test-dir/MiniOzoneClusterImpl-3072ea79-444e-478b-951c-ea383f4180ba/datanode-1/data/ratis/2f0c8f21-e9a3-42c7-86cb-9c39e9040f85
2019-10-14 10:26:21,113 [pool-129-thread-1] INFO  server.RaftServerConfigKeys (ConfUtils.java:logGet(43)) - raft.server.log.queue.byte-limit = 2147483647 (custom)
2019-10-14 10:26:21,114 [pool-129-thread-1] INFO  server.RaftServerConfigKeys (ConfUtils.java:logGet(43)) - raft.server.log.queue.element-limit = 1024 (custom)
2019-10-14 10:26:21,114 [pool-129-thread-1] INFO  server.RaftServerConfigKeys (ConfUtils.java:logGet(43)) - raft.server.log.segment.size.max = 1048576 (custom)
2019-10-14 10:26:21,114 [pool-129-thread-1] INFO  server.RaftServerConfigKeys (ConfUtils.java:logGet(43)) - raft.server.log.preallocated.size = 16384 (custom)
2019-10-14 10:26:21,114 [pool-129-thread-1] INFO  server.RaftServerConfigKeys (ConfUtils.java:logGet(43)) - raft.server.log.write.buffer.size = 33554432 (custom)
2019-10-14 10:26:21,114 [pool-129-thread-1] INFO  server.RaftServerConfigKeys (ConfUtils.java:logGet(43)) - raft.server.log.force.sync.num = 128 (default)
2019-10-14 10:26:21,114 [pool-129-thread-1] INFO  server.RaftServerConfigKeys (ConfUtils.java:logGet(43)) - raft.server.log.statemachine.data.sync = true (default)
2019-10-14 10:26:21,114 [pool-129-thread-1] INFO  server.RaftServerConfigKeys (ConfUtils.java:logGet(43)) - raft.server.log.statemachine.data.sync.timeout = 10s (default)
2019-10-14 10:26:21,114 [pool-129-thread-1] INFO  server.RaftServerConfigKeys (ConfUtils.java:logGet(43)) - raft.server.log.statemachine.data.sync.timeout.retry = -1 (default)
2019-10-14 10:26:21,115 [pool-129-thread-1] INFO  server.RaftServerConfigKeys (ConfUtils.java:logGet(43)) - raft.server.log.statemachine.data.caching.enabled = true (custom)
2019-10-14 10:26:21,115 [pool-129-thread-1] INFO  segmented.SegmentedRaftLogWorker (SegmentedRaftLogWorker.java:lambda$new$0(128)) - d08b79a2-19c9-460f-adbf-167e1d4b28fa@group-9C39E9040F85-SegmentedRaftLogWorker: flushIndex: setUnconditionally 0 -> -1
2019-10-14 10:26:21,116 [pool-129-thread-1] INFO  server.RaftServerConfigKeys (ConfUtils.java:logGet(43)) - raft.server.snapshot.auto.trigger.enabled = true (custom)
2019-10-14 10:26:21,116 [pool-129-thread-1] INFO  server.RaftServerConfigKeys (ConfUtils.java:logGet(43)) - raft.server.snapshot.auto.trigger.threshold = 10000 (custom)
2019-10-14 10:26:21,116 [pool-129-thread-1] INFO  server.RaftServerConfigKeys (ConfUtils.java:logGet(43)) - raft.server.snapshot.retention.file.num = 5 (custom)
2019-10-14 10:26:21,116 [pool-129-thread-1] INFO  server.RaftServerConfigKeys (ConfUtils.java:logGet(43)) - raft.server.retrycache.expirytime = 600000ms (custom)
2019-10-14 10:26:21,119 [pool-129-thread-1] INFO  impl.RaftServerImpl (RaftServerImpl.java:start(181)) - d08b79a2-19c9-460f-adbf-167e1d4b28fa@group-9C39E9040F85: start as a follower, conf=-1: [d08b79a2-19c9-460f-adbf-167e1d4b28fa:192.168.5.145:34968], old=null
2019-10-14 10:26:21,119 [pool-129-thread-1] INFO  impl.RaftServerImpl (RaftServerImpl.java:setRole(170)) - d08b79a2-19c9-460f-adbf-167e1d4b28fa@group-9C39E9040F85: changes role from      null to FOLLOWER at term 0 for startAsFollower
2019-10-14 10:26:21,119 [pool-129-thread-1] INFO  impl.RoleInfo (RoleInfo.java:updateAndGet(143)) - d08b79a2-19c9-460f-adbf-167e1d4b28fa: start FollowerState
2019-10-14 10:26:21,119 [pool-129-thread-1] INFO  util.JmxRegister (JmxRegister.java:tryRegister(44)) - Successfully registered JMX Bean with object name Ratis:service=RaftServer,group=group-9C39E9040F85,id=d08b79a2-19c9-460f-adbf-167e1d4b28fa
2019-10-14 10:26:21,124 [RatisPipelineUtilsThread] INFO  pipeline.PipelineStateManager (PipelineStateManager.java:addPipeline(56)) - Created pipeline Pipeline[ Id: 2f0c8f21-e9a3-42c7-86cb-9c39e9040f85, Nodes: d08b79a2-19c9-460f-adbf-167e1d4b28fa{ip: 192.168.5.145, host: pr-hdds-2297-rpftj-184604365, networkLocation: /default-rack, certSerialId: null}, Type:RATIS, Factor:ONE, State:OPEN]
2019-10-14 10:26:21,134 [grpc-default-executor-1] INFO  impl.RaftServerProxy (RaftServerProxy.java:addNew(89)) - 7c15f8c6-c38e-4932-bb42-ca0f23deefa3: addNew group-6152D29D0DAB:[7c15f8c6-c38e-4932-bb42-ca0f23deefa3:192.168.5.145:38937] returns group-6152D29D0DAB:java.util.concurrent.CompletableFuture@119e60ec[Not completed]
2019-10-14 10:26:21,140 [pool-139-thread-1] INFO  impl.RaftServerImpl (RaftServerImpl.java:<init>(95)) - 7c15f8c6-c38e-4932-bb42-ca0f23deefa3: new RaftServerImpl for group-6152D29D0DAB:[7c15f8c6-c38e-4932-bb42-ca0f23deefa3:192.168.5.145:38937] with ContainerStateMachine:uninitialized
2019-10-14 10:26:21,140 [pool-139-thread-1] INFO  server.RaftServerConfigKeys (ConfUtils.java:logGet(43)) - raft.server.rpc.timeout.min = 5s (custom)
2019-10-14 10:26:21,141 [pool-139-thread-1] INFO  server.RaftServerConfigKeys (ConfUtils.java:logGet(43)) - raft.server.rpc.timeout.max = 5200ms (custom)
2019-10-14 10:26:21,141 [pool-139-thread-1] INFO  server.RaftServerConfigKeys (ConfUtils.java:logGet(43)) - raft.server.rpcslowness.timeout = 120s (custom)
2019-10-14 10:26:21,141 [pool-139-thread-1] INFO  server.RaftServerConfigKeys (ConfUtils.java:logGet(43)) - raft.server.sleep.deviation.threshold = 300 (default)
2019-10-14 10:26:21,141 [pool-139-thread-1] INFO  server.RaftServerConfigKeys (ConfUtils.java:logGet(43)) - raft.server.log.appender.install.snapshot.enabled = false (custom)
2019-10-14 10:26:21,141 [pool-139-thread-1] INFO  impl.RaftServerImpl (ServerState.java:<init>(103)) - 7c15f8c6-c38e-4932-bb42-ca0f23deefa3@group-6152D29D0DAB: ConfigurationManager, init=-1: [7c15f8c6-c38e-4932-bb42-ca0f23deefa3:192.168.5.145:38937], old=null, confs=<EMPTY_MAP>
2019-10-14 10:26:21,142 [pool-139-thread-1] INFO  server.RaftServerConfigKeys (ConfUtils.java:logGet(43)) - raft.server.storage.dir = [/workdir/hadoop-ozone/integration-test/target/test-dir/MiniOzoneClusterImpl-3072ea79-444e-478b-951c-ea383f4180ba/datanode-2/data/ratis] (custom)
2019-10-14 10:26:21,142 [pool-139-thread-1] INFO  server.RaftServerConfigKeys (ConfUtils.java:logGet(43)) - raft.server.log.corruption.policy = EXCEPTION (default)
2019-10-14 10:26:21,142 [pool-139-thread-1] INFO  storage.RaftStorageDirectory (RaftStorageDirectory.java:analyzeStorage(246)) - The storage directory /workdir/hadoop-ozone/integration-test/target/test-dir/MiniOzoneClusterImpl-3072ea79-444e-478b-951c-ea383f4180ba/datanode-2/data/ratis/f33b1701-73d6-487d-8bf7-6152d29d0dab does not exist. Creating ...
2019-10-14 10:26:21,155 [pool-139-thread-1] INFO  storage.RaftStorageDirectory (RaftStorageDirectory.java:tryLock(328)) - Lock on /workdir/hadoop-ozone/integration-test/target/test-dir/MiniOzoneClusterImpl-3072ea79-444e-478b-951c-ea383f4180ba/datanode-2/data/ratis/f33b1701-73d6-487d-8bf7-6152d29d0dab/in_use.lock acquired by nodename 22472@pr-hdds-2297-rpftj-184604365
2019-10-14 10:26:21,157 [IPC Server handler 5 on 38901] INFO  net.NetworkTopology (NetworkTopologyImpl.java:add(111)) - Added a new node: /default-rack/d188d7df-a98d-4c55-b2ec-1bf3b33e499c
2019-10-14 10:26:21,157 [IPC Server handler 5 on 38901] INFO  node.SCMNodeManager (SCMNodeManager.java:register(268)) - Registered Data node : d188d7df-a98d-4c55-b2ec-1bf3b33e499c{ip: 192.168.5.145, host: pr-hdds-2297-rpftj-184604365, networkLocation: /default-rack, certSerialId: null}
2019-10-14 10:26:21,168 [pool-139-thread-1] INFO  storage.RaftStorage (RaftStorage.java:format(84)) - Storage directory /workdir/hadoop-ozone/integration-test/target/test-dir/MiniOzoneClusterImpl-3072ea79-444e-478b-951c-ea383f4180ba/datanode-2/data/ratis/f33b1701-73d6-487d-8bf7-6152d29d0dab has been successfully formatted.
2019-10-14 10:26:21,168 [pool-139-thread-1] INFO  ratis.ContainerStateMachine (ContainerStateMachine.java:loadSnapshot(231)) - group-6152D29D0DAB: The snapshot info is null. Setting the last applied indexto:(t:0, i:~)
2019-10-14 10:26:21,168 [pool-139-thread-1] INFO  server.RaftServerConfigKeys (ConfUtils.java:logGet(43)) - raft.server.notification.no-leader.timeout = 120s (custom)
2019-10-14 10:26:21,169 [pool-139-thread-1] INFO  server.RaftServerConfigKeys (ConfUtils.java:logGet(43)) - raft.server.log.use.memory = false (default)
2019-10-14 10:26:21,169 [pool-139-thread-1] INFO  server.RaftServerConfigKeys (ConfUtils.java:logGet(43)) - raft.server.log.purge.gap = 1000000 (custom)
2019-10-14 10:26:21,169 [pool-139-thread-1] INFO  server.RaftServerConfigKeys (ConfUtils.java:logGet(43)) - raft.server.log.appender.buffer.byte-limit = 33554432 (custom)
2019-10-14 10:26:21,169 [pool-139-thread-1] INFO  server.RaftServerConfigKeys (ConfUtils.java:logGet(43)) - raft.server.log.segment.size.max = 1048576 (custom)
2019-10-14 10:26:21,172 [pool-139-thread-1] INFO  server.RaftServerConfigKeys (ConfUtils.java:logGet(43)) - raft.server.log.segment.cache.num.max = 2 (custom)
2019-10-14 10:26:21,172 [pool-139-thread-1] INFO  segmented.SegmentedRaftLogWorker (SegmentedRaftLogWorker.java:<init>(173)) - new 7c15f8c6-c38e-4932-bb42-ca0f23deefa3@group-6152D29D0DAB-SegmentedRaftLogWorker for RaftStorage:Storage Directory /workdir/hadoop-ozone/integration-test/target/test-dir/MiniOzoneClusterImpl-3072ea79-444e-478b-951c-ea383f4180ba/datanode-2/data/ratis/f33b1701-73d6-487d-8bf7-6152d29d0dab
2019-10-14 10:26:21,172 [pool-139-thread-1] INFO  server.RaftServerConfigKeys (ConfUtils.java:logGet(43)) - raft.server.log.queue.byte-limit = 2147483647 (custom)
2019-10-14 10:26:21,172 [pool-139-thread-1] INFO  server.RaftServerConfigKeys (ConfUtils.java:logGet(43)) - raft.server.log.queue.element-limit = 1024 (custom)
2019-10-14 10:26:21,173 [pool-139-thread-1] INFO  server.RaftServerConfigKeys (ConfUtils.java:logGet(43)) - raft.server.log.segment.size.max = 1048576 (custom)
2019-10-14 10:26:21,173 [pool-139-thread-1] INFO  server.RaftServerConfigKeys (ConfUtils.java:logGet(43)) - raft.server.log.preallocated.size = 16384 (custom)
2019-10-14 10:26:21,173 [pool-139-thread-1] INFO  server.RaftServerConfigKeys (ConfUtils.java:logGet(43)) - raft.server.log.write.buffer.size = 33554432 (custom)
2019-10-14 10:26:21,173 [pool-139-thread-1] INFO  server.RaftServerConfigKeys (ConfUtils.java:logGet(43)) - raft.server.log.force.sync.num = 128 (default)
2019-10-14 10:26:21,173 [pool-139-thread-1] INFO  server.RaftServerConfigKeys (ConfUtils.java:logGet(43)) - raft.server.log.statemachine.data.sync = true (default)
2019-10-14 10:26:21,174 [pool-139-thread-1] INFO  server.RaftServerConfigKeys (ConfUtils.java:logGet(43)) - raft.server.log.statemachine.data.sync.timeout = 10s (default)
2019-10-14 10:26:21,174 [pool-139-thread-1] INFO  server.RaftServerConfigKeys (ConfUtils.java:logGet(43)) - raft.server.log.statemachine.data.sync.timeout.retry = -1 (default)
2019-10-14 10:26:21,174 [pool-139-thread-1] INFO  server.RaftServerConfigKeys (ConfUtils.java:logGet(43)) - raft.server.log.statemachine.data.caching.enabled = true (custom)
2019-10-14 10:26:21,175 [pool-139-thread-1] INFO  segmented.SegmentedRaftLogWorker (SegmentedRaftLogWorker.java:lambda$new$0(128)) - 7c15f8c6-c38e-4932-bb42-ca0f23deefa3@group-6152D29D0DAB-SegmentedRaftLogWorker: flushIndex: setUnconditionally 0 -> -1
2019-10-14 10:26:21,175 [pool-139-thread-1] INFO  server.RaftServerConfigKeys (ConfUtils.java:logGet(43)) - raft.server.snapshot.auto.trigger.enabled = true (custom)
2019-10-14 10:26:21,175 [pool-139-thread-1] INFO  server.RaftServerConfigKeys (ConfUtils.java:logGet(43)) - raft.server.snapshot.auto.trigger.threshold = 10000 (custom)
2019-10-14 10:26:21,176 [pool-139-thread-1] INFO  server.RaftServerConfigKeys (ConfUtils.java:logGet(43)) - raft.server.snapshot.retention.file.num = 5 (custom)
2019-10-14 10:26:21,176 [pool-139-thread-1] INFO  server.RaftServerConfigKeys (ConfUtils.java:logGet(43)) - raft.server.retrycache.expirytime = 600000ms (custom)
2019-10-14 10:26:21,179 [pool-139-thread-1] INFO  impl.RaftServerImpl (RaftServerImpl.java:start(181)) - 7c15f8c6-c38e-4932-bb42-ca0f23deefa3@group-6152D29D0DAB: start as a follower, conf=-1: [7c15f8c6-c38e-4932-bb42-ca0f23deefa3:192.168.5.145:38937], old=null
2019-10-14 10:26:21,179 [pool-139-thread-1] INFO  impl.RaftServerImpl (RaftServerImpl.java:setRole(170)) - 7c15f8c6-c38e-4932-bb42-ca0f23deefa3@group-6152D29D0DAB: changes role from      null to FOLLOWER at term 0 for startAsFollower
2019-10-14 10:26:21,179 [pool-139-thread-1] INFO  impl.RoleInfo (RoleInfo.java:updateAndGet(143)) - 7c15f8c6-c38e-4932-bb42-ca0f23deefa3: start FollowerState
2019-10-14 10:26:21,180 [pool-139-thread-1] INFO  util.JmxRegister (JmxRegister.java:tryRegister(44)) - Successfully registered JMX Bean with object name Ratis:service=RaftServer,group=group-6152D29D0DAB,id=7c15f8c6-c38e-4932-bb42-ca0f23deefa3
2019-10-14 10:26:21,186 [RatisPipelineUtilsThread] INFO  pipeline.PipelineStateManager (PipelineStateManager.java:addPipeline(56)) - Created pipeline Pipeline[ Id: f33b1701-73d6-487d-8bf7-6152d29d0dab, Nodes: 7c15f8c6-c38e-4932-bb42-ca0f23deefa3{ip: 192.168.5.145, host: pr-hdds-2297-rpftj-184604365, networkLocation: /default-rack, certSerialId: null}, Type:RATIS, Factor:ONE, State:OPEN]
2019-10-14 10:26:21,194 [grpc-default-executor-1] INFO  impl.RaftServerProxy (RaftServerProxy.java:addNew(89)) - d188d7df-a98d-4c55-b2ec-1bf3b33e499c: addNew group-FC0EED644F76:[d188d7df-a98d-4c55-b2ec-1bf3b33e499c:192.168.5.145:34023] returns group-FC0EED644F76:java.util.concurrent.CompletableFuture@57f274bc[Not completed]
2019-10-14 10:26:21,201 [pool-149-thread-1] INFO  impl.RaftServerImpl (RaftServerImpl.java:<init>(95)) - d188d7df-a98d-4c55-b2ec-1bf3b33e499c: new RaftServerImpl for group-FC0EED644F76:[d188d7df-a98d-4c55-b2ec-1bf3b33e499c:192.168.5.145:34023] with ContainerStateMachine:uninitialized
2019-10-14 10:26:21,201 [pool-149-thread-1] INFO  server.RaftServerConfigKeys (ConfUtils.java:logGet(43)) - raft.server.rpc.timeout.min = 5s (custom)
2019-10-14 10:26:21,201 [pool-149-thread-1] INFO  server.RaftServerConfigKeys (ConfUtils.java:logGet(43)) - raft.server.rpc.timeout.max = 5200ms (custom)
2019-10-14 10:26:21,201 [pool-149-thread-1] INFO  server.RaftServerConfigKeys (ConfUtils.java:logGet(43)) - raft.server.rpcslowness.timeout = 120s (custom)
2019-10-14 10:26:21,201 [pool-149-thread-1] INFO  server.RaftServerConfigKeys (ConfUtils.java:logGet(43)) - raft.server.sleep.deviation.threshold = 300 (default)
2019-10-14 10:26:21,201 [pool-149-thread-1] INFO  server.RaftServerConfigKeys (ConfUtils.java:logGet(43)) - raft.server.log.appender.install.snapshot.enabled = false (custom)
2019-10-14 10:26:21,202 [pool-149-thread-1] INFO  impl.RaftServerImpl (ServerState.java:<init>(103)) - d188d7df-a98d-4c55-b2ec-1bf3b33e499c@group-FC0EED644F76: ConfigurationManager, init=-1: [d188d7df-a98d-4c55-b2ec-1bf3b33e499c:192.168.5.145:34023], old=null, confs=<EMPTY_MAP>
2019-10-14 10:26:21,202 [pool-149-thread-1] INFO  server.RaftServerConfigKeys (ConfUtils.java:logGet(43)) - raft.server.storage.dir = [/workdir/hadoop-ozone/integration-test/target/test-dir/MiniOzoneClusterImpl-3072ea79-444e-478b-951c-ea383f4180ba/datanode-3/data/ratis] (custom)
2019-10-14 10:26:21,202 [pool-149-thread-1] INFO  server.RaftServerConfigKeys (ConfUtils.java:logGet(43)) - raft.server.log.corruption.policy = EXCEPTION (default)
2019-10-14 10:26:21,202 [pool-149-thread-1] INFO  storage.RaftStorageDirectory (RaftStorageDirectory.java:analyzeStorage(246)) - The storage directory /workdir/hadoop-ozone/integration-test/target/test-dir/MiniOzoneClusterImpl-3072ea79-444e-478b-951c-ea383f4180ba/datanode-3/data/ratis/26b74f1a-e06f-47c7-a42a-fc0eed644f76 does not exist. Creating ...
2019-10-14 10:26:21,217 [pool-149-thread-1] INFO  storage.RaftStorageDirectory (RaftStorageDirectory.java:tryLock(328)) - Lock on /workdir/hadoop-ozone/integration-test/target/test-dir/MiniOzoneClusterImpl-3072ea79-444e-478b-951c-ea383f4180ba/datanode-3/data/ratis/26b74f1a-e06f-47c7-a42a-fc0eed644f76/in_use.lock acquired by nodename 22472@pr-hdds-2297-rpftj-184604365
2019-10-14 10:26:21,229 [pool-149-thread-1] INFO  storage.RaftStorage (RaftStorage.java:format(84)) - Storage directory /workdir/hadoop-ozone/integration-test/target/test-dir/MiniOzoneClusterImpl-3072ea79-444e-478b-951c-ea383f4180ba/datanode-3/data/ratis/26b74f1a-e06f-47c7-a42a-fc0eed644f76 has been successfully formatted.
2019-10-14 10:26:21,230 [pool-149-thread-1] INFO  ratis.ContainerStateMachine (ContainerStateMachine.java:loadSnapshot(231)) - group-FC0EED644F76: The snapshot info is null. Setting the last applied indexto:(t:0, i:~)
2019-10-14 10:26:21,230 [pool-149-thread-1] INFO  server.RaftServerConfigKeys (ConfUtils.java:logGet(43)) - raft.server.notification.no-leader.timeout = 120s (custom)
2019-10-14 10:26:21,230 [pool-149-thread-1] INFO  server.RaftServerConfigKeys (ConfUtils.java:logGet(43)) - raft.server.log.use.memory = false (default)
2019-10-14 10:26:21,230 [pool-149-thread-1] INFO  server.RaftServerConfigKeys (ConfUtils.java:logGet(43)) - raft.server.log.purge.gap = 1000000 (custom)
2019-10-14 10:26:21,230 [pool-149-thread-1] INFO  server.RaftServerConfigKeys (ConfUtils.java:logGet(43)) - raft.server.log.appender.buffer.byte-limit = 33554432 (custom)
2019-10-14 10:26:21,230 [pool-149-thread-1] INFO  server.RaftServerConfigKeys (ConfUtils.java:logGet(43)) - raft.server.log.segment.size.max = 1048576 (custom)
2019-10-14 10:26:21,230 [IPC Server handler 6 on 38901] INFO  net.NetworkTopology (NetworkTopologyImpl.java:add(111)) - Added a new node: /default-rack/fbdd9009-148c-4ad1-8fbf-9679a6c31dd6
2019-10-14 10:26:21,231 [IPC Server handler 6 on 38901] INFO  node.SCMNodeManager (SCMNodeManager.java:register(268)) - Registered Data node : fbdd9009-148c-4ad1-8fbf-9679a6c31dd6{ip: 192.168.5.145, host: pr-hdds-2297-rpftj-184604365, networkLocation: /default-rack, certSerialId: null}
2019-10-14 10:26:21,232 [pool-149-thread-1] INFO  server.RaftServerConfigKeys (ConfUtils.java:logGet(43)) - raft.server.log.segment.cache.num.max = 2 (custom)
2019-10-14 10:26:21,233 [pool-149-thread-1] INFO  segmented.SegmentedRaftLogWorker (SegmentedRaftLogWorker.java:<init>(173)) - new d188d7df-a98d-4c55-b2ec-1bf3b33e499c@group-FC0EED644F76-SegmentedRaftLogWorker for RaftStorage:Storage Directory /workdir/hadoop-ozone/integration-test/target/test-dir/MiniOzoneClusterImpl-3072ea79-444e-478b-951c-ea383f4180ba/datanode-3/data/ratis/26b74f1a-e06f-47c7-a42a-fc0eed644f76
2019-10-14 10:26:21,233 [pool-149-thread-1] INFO  server.RaftServerConfigKeys (ConfUtils.java:logGet(43)) - raft.server.log.queue.byte-limit = 2147483647 (custom)
2019-10-14 10:26:21,233 [pool-149-thread-1] INFO  server.RaftServerConfigKeys (ConfUtils.java:logGet(43)) - raft.server.log.queue.element-limit = 1024 (custom)
2019-10-14 10:26:21,233 [pool-149-thread-1] INFO  server.RaftServerConfigKeys (ConfUtils.java:logGet(43)) - raft.server.log.segment.size.max = 1048576 (custom)
2019-10-14 10:26:21,233 [pool-149-thread-1] INFO  server.RaftServerConfigKeys (ConfUtils.java:logGet(43)) - raft.server.log.preallocated.size = 16384 (custom)
2019-10-14 10:26:21,233 [pool-149-thread-1] INFO  server.RaftServerConfigKeys (ConfUtils.java:logGet(43)) - raft.server.log.write.buffer.size = 33554432 (custom)
2019-10-14 10:26:21,233 [pool-149-thread-1] INFO  server.RaftServerConfigKeys (ConfUtils.java:logGet(43)) - raft.server.log.force.sync.num = 128 (default)
2019-10-14 10:26:21,233 [pool-149-thread-1] INFO  server.RaftServerConfigKeys (ConfUtils.java:logGet(43)) - raft.server.log.statemachine.data.sync = true (default)
2019-10-14 10:26:21,234 [pool-149-thread-1] INFO  server.RaftServerConfigKeys (ConfUtils.java:logGet(43)) - raft.server.log.statemachine.data.sync.timeout = 10s (default)
2019-10-14 10:26:21,234 [pool-149-thread-1] INFO  server.RaftServerConfigKeys (ConfUtils.java:logGet(43)) - raft.server.log.statemachine.data.sync.timeout.retry = -1 (default)
2019-10-14 10:26:21,234 [pool-149-thread-1] INFO  server.RaftServerConfigKeys (ConfUtils.java:logGet(43)) - raft.server.log.statemachine.data.caching.enabled = true (custom)
2019-10-14 10:26:21,234 [pool-149-thread-1] INFO  segmented.SegmentedRaftLogWorker (SegmentedRaftLogWorker.java:lambda$new$0(128)) - d188d7df-a98d-4c55-b2ec-1bf3b33e499c@group-FC0EED644F76-SegmentedRaftLogWorker: flushIndex: setUnconditionally 0 -> -1
2019-10-14 10:26:21,235 [pool-149-thread-1] INFO  server.RaftServerConfigKeys (ConfUtils.java:logGet(43)) - raft.server.snapshot.auto.trigger.enabled = true (custom)
2019-10-14 10:26:21,235 [pool-149-thread-1] INFO  server.RaftServerConfigKeys (ConfUtils.java:logGet(43)) - raft.server.snapshot.auto.trigger.threshold = 10000 (custom)
2019-10-14 10:26:21,235 [pool-149-thread-1] INFO  server.RaftServerConfigKeys (ConfUtils.java:logGet(43)) - raft.server.snapshot.retention.file.num = 5 (custom)
2019-10-14 10:26:21,235 [pool-149-thread-1] INFO  server.RaftServerConfigKeys (ConfUtils.java:logGet(43)) - raft.server.retrycache.expirytime = 600000ms (custom)
2019-10-14 10:26:21,237 [pool-149-thread-1] INFO  impl.RaftServerImpl (RaftServerImpl.java:start(181)) - d188d7df-a98d-4c55-b2ec-1bf3b33e499c@group-FC0EED644F76: start as a follower, conf=-1: [d188d7df-a98d-4c55-b2ec-1bf3b33e499c:192.168.5.145:34023], old=null
2019-10-14 10:26:21,237 [pool-149-thread-1] INFO  impl.RaftServerImpl (RaftServerImpl.java:setRole(170)) - d188d7df-a98d-4c55-b2ec-1bf3b33e499c@group-FC0EED644F76: changes role from      null to FOLLOWER at term 0 for startAsFollower
2019-10-14 10:26:21,237 [pool-149-thread-1] INFO  impl.RoleInfo (RoleInfo.java:updateAndGet(143)) - d188d7df-a98d-4c55-b2ec-1bf3b33e499c: start FollowerState
2019-10-14 10:26:21,253 [pool-149-thread-1] INFO  util.JmxRegister (JmxRegister.java:tryRegister(44)) - Successfully registered JMX Bean with object name Ratis:service=RaftServer,group=group-FC0EED644F76,id=d188d7df-a98d-4c55-b2ec-1bf3b33e499c
2019-10-14 10:26:21,265 [RatisPipelineUtilsThread] INFO  pipeline.PipelineStateManager (PipelineStateManager.java:addPipeline(56)) - Created pipeline Pipeline[ Id: 26b74f1a-e06f-47c7-a42a-fc0eed644f76, Nodes: d188d7df-a98d-4c55-b2ec-1bf3b33e499c{ip: 192.168.5.145, host: pr-hdds-2297-rpftj-184604365, networkLocation: /default-rack, certSerialId: null}, Type:RATIS, Factor:ONE, State:OPEN]
2019-10-14 10:26:21,272 [grpc-default-executor-1] INFO  impl.RaftServerProxy (RaftServerProxy.java:addNew(89)) - fbdd9009-148c-4ad1-8fbf-9679a6c31dd6: addNew group-99BF98E5A231:[fbdd9009-148c-4ad1-8fbf-9679a6c31dd6:192.168.5.145:46505] returns group-99BF98E5A231:java.util.concurrent.CompletableFuture@9866d14[Not completed]
2019-10-14 10:26:21,277 [pool-159-thread-1] INFO  impl.RaftServerImpl (RaftServerImpl.java:<init>(95)) - fbdd9009-148c-4ad1-8fbf-9679a6c31dd6: new RaftServerImpl for group-99BF98E5A231:[fbdd9009-148c-4ad1-8fbf-9679a6c31dd6:192.168.5.145:46505] with ContainerStateMachine:uninitialized
2019-10-14 10:26:21,277 [pool-159-thread-1] INFO  server.RaftServerConfigKeys (ConfUtils.java:logGet(43)) - raft.server.rpc.timeout.min = 5s (custom)
2019-10-14 10:26:21,277 [pool-159-thread-1] INFO  server.RaftServerConfigKeys (ConfUtils.java:logGet(43)) - raft.server.rpc.timeout.max = 5200ms (custom)
2019-10-14 10:26:21,278 [pool-159-thread-1] INFO  server.RaftServerConfigKeys (ConfUtils.java:logGet(43)) - raft.server.rpcslowness.timeout = 120s (custom)
2019-10-14 10:26:21,278 [pool-159-thread-1] INFO  server.RaftServerConfigKeys (ConfUtils.java:logGet(43)) - raft.server.sleep.deviation.threshold = 300 (default)
2019-10-14 10:26:21,278 [pool-159-thread-1] INFO  server.RaftServerConfigKeys (ConfUtils.java:logGet(43)) - raft.server.log.appender.install.snapshot.enabled = false (custom)
2019-10-14 10:26:21,278 [pool-159-thread-1] INFO  impl.RaftServerImpl (ServerState.java:<init>(103)) - fbdd9009-148c-4ad1-8fbf-9679a6c31dd6@group-99BF98E5A231: ConfigurationManager, init=-1: [fbdd9009-148c-4ad1-8fbf-9679a6c31dd6:192.168.5.145:46505], old=null, confs=<EMPTY_MAP>
2019-10-14 10:26:21,278 [pool-159-thread-1] INFO  server.RaftServerConfigKeys (ConfUtils.java:logGet(43)) - raft.server.storage.dir = [/workdir/hadoop-ozone/integration-test/target/test-dir/MiniOzoneClusterImpl-3072ea79-444e-478b-951c-ea383f4180ba/datanode-4/data/ratis] (custom)
2019-10-14 10:26:21,278 [pool-159-thread-1] INFO  server.RaftServerConfigKeys (ConfUtils.java:logGet(43)) - raft.server.log.corruption.policy = EXCEPTION (default)
2019-10-14 10:26:21,278 [pool-159-thread-1] INFO  storage.RaftStorageDirectory (RaftStorageDirectory.java:analyzeStorage(246)) - The storage directory /workdir/hadoop-ozone/integration-test/target/test-dir/MiniOzoneClusterImpl-3072ea79-444e-478b-951c-ea383f4180ba/datanode-4/data/ratis/114e1aa9-0e1d-479f-889b-99bf98e5a231 does not exist. Creating ...
2019-10-14 10:26:21,291 [pool-159-thread-1] INFO  storage.RaftStorageDirectory (RaftStorageDirectory.java:tryLock(328)) - Lock on /workdir/hadoop-ozone/integration-test/target/test-dir/MiniOzoneClusterImpl-3072ea79-444e-478b-951c-ea383f4180ba/datanode-4/data/ratis/114e1aa9-0e1d-479f-889b-99bf98e5a231/in_use.lock acquired by nodename 22472@pr-hdds-2297-rpftj-184604365
2019-10-14 10:26:21,309 [IPC Server handler 0 on 38901] INFO  net.NetworkTopology (NetworkTopologyImpl.java:add(111)) - Added a new node: /default-rack/4031060a-28bd-4ec2-97b8-c34fb7e04848
2019-10-14 10:26:21,310 [IPC Server handler 0 on 38901] INFO  node.SCMNodeManager (SCMNodeManager.java:register(268)) - Registered Data node : 4031060a-28bd-4ec2-97b8-c34fb7e04848{ip: 192.168.5.145, host: pr-hdds-2297-rpftj-184604365, networkLocation: /default-rack, certSerialId: null}
2019-10-14 10:26:21,317 [pool-159-thread-1] INFO  storage.RaftStorage (RaftStorage.java:format(84)) - Storage directory /workdir/hadoop-ozone/integration-test/target/test-dir/MiniOzoneClusterImpl-3072ea79-444e-478b-951c-ea383f4180ba/datanode-4/data/ratis/114e1aa9-0e1d-479f-889b-99bf98e5a231 has been successfully formatted.
2019-10-14 10:26:21,318 [pool-159-thread-1] INFO  ratis.ContainerStateMachine (ContainerStateMachine.java:loadSnapshot(231)) - group-99BF98E5A231: The snapshot info is null. Setting the last applied indexto:(t:0, i:~)
2019-10-14 10:26:21,318 [pool-159-thread-1] INFO  server.RaftServerConfigKeys (ConfUtils.java:logGet(43)) - raft.server.notification.no-leader.timeout = 120s (custom)
2019-10-14 10:26:21,318 [pool-159-thread-1] INFO  server.RaftServerConfigKeys (ConfUtils.java:logGet(43)) - raft.server.log.use.memory = false (default)
2019-10-14 10:26:21,318 [pool-159-thread-1] INFO  server.RaftServerConfigKeys (ConfUtils.java:logGet(43)) - raft.server.log.purge.gap = 1000000 (custom)
2019-10-14 10:26:21,318 [pool-159-thread-1] INFO  server.RaftServerConfigKeys (ConfUtils.java:logGet(43)) - raft.server.log.appender.buffer.byte-limit = 33554432 (custom)
2019-10-14 10:26:21,318 [pool-159-thread-1] INFO  server.RaftServerConfigKeys (ConfUtils.java:logGet(43)) - raft.server.log.segment.size.max = 1048576 (custom)
2019-10-14 10:26:21,320 [pool-159-thread-1] INFO  server.RaftServerConfigKeys (ConfUtils.java:logGet(43)) - raft.server.log.segment.cache.num.max = 2 (custom)
2019-10-14 10:26:21,320 [pool-159-thread-1] INFO  segmented.SegmentedRaftLogWorker (SegmentedRaftLogWorker.java:<init>(173)) - new fbdd9009-148c-4ad1-8fbf-9679a6c31dd6@group-99BF98E5A231-SegmentedRaftLogWorker for RaftStorage:Storage Directory /workdir/hadoop-ozone/integration-test/target/test-dir/MiniOzoneClusterImpl-3072ea79-444e-478b-951c-ea383f4180ba/datanode-4/data/ratis/114e1aa9-0e1d-479f-889b-99bf98e5a231
2019-10-14 10:26:21,321 [pool-159-thread-1] INFO  server.RaftServerConfigKeys (ConfUtils.java:logGet(43)) - raft.server.log.queue.byte-limit = 2147483647 (custom)
2019-10-14 10:26:21,321 [pool-159-thread-1] INFO  server.RaftServerConfigKeys (ConfUtils.java:logGet(43)) - raft.server.log.queue.element-limit = 1024 (custom)
2019-10-14 10:26:21,321 [pool-159-thread-1] INFO  server.RaftServerConfigKeys (ConfUtils.java:logGet(43)) - raft.server.log.segment.size.max = 1048576 (custom)
2019-10-14 10:26:21,321 [pool-159-thread-1] INFO  server.RaftServerConfigKeys (ConfUtils.java:logGet(43)) - raft.server.log.preallocated.size = 16384 (custom)
2019-10-14 10:26:21,321 [pool-159-thread-1] INFO  server.RaftServerConfigKeys (ConfUtils.java:logGet(43)) - raft.server.log.write.buffer.size = 33554432 (custom)
2019-10-14 10:26:21,321 [pool-159-thread-1] INFO  server.RaftServerConfigKeys (ConfUtils.java:logGet(43)) - raft.server.log.force.sync.num = 128 (default)
2019-10-14 10:26:21,321 [pool-159-thread-1] INFO  server.RaftServerConfigKeys (ConfUtils.java:logGet(43)) - raft.server.log.statemachine.data.sync = true (default)
2019-10-14 10:26:21,321 [pool-159-thread-1] INFO  server.RaftServerConfigKeys (ConfUtils.java:logGet(43)) - raft.server.log.statemachine.data.sync.timeout = 10s (default)
2019-10-14 10:26:21,322 [pool-159-thread-1] INFO  server.RaftServerConfigKeys (ConfUtils.java:logGet(43)) - raft.server.log.statemachine.data.sync.timeout.retry = -1 (default)
2019-10-14 10:26:21,322 [pool-159-thread-1] INFO  server.RaftServerConfigKeys (ConfUtils.java:logGet(43)) - raft.server.log.statemachine.data.caching.enabled = true (custom)
2019-10-14 10:26:21,322 [pool-159-thread-1] INFO  segmented.SegmentedRaftLogWorker (SegmentedRaftLogWorker.java:lambda$new$0(128)) - fbdd9009-148c-4ad1-8fbf-9679a6c31dd6@group-99BF98E5A231-SegmentedRaftLogWorker: flushIndex: setUnconditionally 0 -> -1
2019-10-14 10:26:21,323 [pool-159-thread-1] INFO  server.RaftServerConfigKeys (ConfUtils.java:logGet(43)) - raft.server.snapshot.auto.trigger.enabled = true (custom)
2019-10-14 10:26:21,323 [pool-159-thread-1] INFO  server.RaftServerConfigKeys (ConfUtils.java:logGet(43)) - raft.server.snapshot.auto.trigger.threshold = 10000 (custom)
2019-10-14 10:26:21,323 [pool-159-thread-1] INFO  server.RaftServerConfigKeys (ConfUtils.java:logGet(43)) - raft.server.snapshot.retention.file.num = 5 (custom)
2019-10-14 10:26:21,323 [pool-159-thread-1] INFO  server.RaftServerConfigKeys (ConfUtils.java:logGet(43)) - raft.server.retrycache.expirytime = 600000ms (custom)
2019-10-14 10:26:21,325 [pool-159-thread-1] INFO  impl.RaftServerImpl (RaftServerImpl.java:start(181)) - fbdd9009-148c-4ad1-8fbf-9679a6c31dd6@group-99BF98E5A231: start as a follower, conf=-1: [fbdd9009-148c-4ad1-8fbf-9679a6c31dd6:192.168.5.145:46505], old=null
2019-10-14 10:26:21,325 [pool-159-thread-1] INFO  impl.RaftServerImpl (RaftServerImpl.java:setRole(170)) - fbdd9009-148c-4ad1-8fbf-9679a6c31dd6@group-99BF98E5A231: changes role from      null to FOLLOWER at term 0 for startAsFollower
2019-10-14 10:26:21,325 [pool-159-thread-1] INFO  impl.RoleInfo (RoleInfo.java:updateAndGet(143)) - fbdd9009-148c-4ad1-8fbf-9679a6c31dd6: start FollowerState
2019-10-14 10:26:21,326 [pool-159-thread-1] INFO  util.JmxRegister (JmxRegister.java:tryRegister(44)) - Successfully registered JMX Bean with object name Ratis:service=RaftServer,group=group-99BF98E5A231,id=fbdd9009-148c-4ad1-8fbf-9679a6c31dd6
2019-10-14 10:26:21,330 [RatisPipelineUtilsThread] INFO  pipeline.PipelineStateManager (PipelineStateManager.java:addPipeline(56)) - Created pipeline Pipeline[ Id: 114e1aa9-0e1d-479f-889b-99bf98e5a231, Nodes: fbdd9009-148c-4ad1-8fbf-9679a6c31dd6{ip: 192.168.5.145, host: pr-hdds-2297-rpftj-184604365, networkLocation: /default-rack, certSerialId: null}, Type:RATIS, Factor:ONE, State:OPEN]
2019-10-14 10:26:21,337 [grpc-default-executor-1] INFO  impl.RaftServerProxy (RaftServerProxy.java:addNew(89)) - 4031060a-28bd-4ec2-97b8-c34fb7e04848: addNew group-FCDD48F3475E:[4031060a-28bd-4ec2-97b8-c34fb7e04848:192.168.5.145:42386] returns group-FCDD48F3475E:java.util.concurrent.CompletableFuture@1bb3e13e[Not completed]
2019-10-14 10:26:21,343 [pool-169-thread-1] INFO  impl.RaftServerImpl (RaftServerImpl.java:<init>(95)) - 4031060a-28bd-4ec2-97b8-c34fb7e04848: new RaftServerImpl for group-FCDD48F3475E:[4031060a-28bd-4ec2-97b8-c34fb7e04848:192.168.5.145:42386] with ContainerStateMachine:uninitialized
2019-10-14 10:26:21,343 [pool-169-thread-1] INFO  server.RaftServerConfigKeys (ConfUtils.java:logGet(43)) - raft.server.rpc.timeout.min = 5s (custom)
2019-10-14 10:26:21,343 [pool-169-thread-1] INFO  server.RaftServerConfigKeys (ConfUtils.java:logGet(43)) - raft.server.rpc.timeout.max = 5200ms (custom)
2019-10-14 10:26:21,343 [pool-169-thread-1] INFO  server.RaftServerConfigKeys (ConfUtils.java:logGet(43)) - raft.server.rpcslowness.timeout = 120s (custom)
2019-10-14 10:26:21,343 [pool-169-thread-1] INFO  server.RaftServerConfigKeys (ConfUtils.java:logGet(43)) - raft.server.sleep.deviation.threshold = 300 (default)
2019-10-14 10:26:21,343 [pool-169-thread-1] INFO  server.RaftServerConfigKeys (ConfUtils.java:logGet(43)) - raft.server.log.appender.install.snapshot.enabled = false (custom)
2019-10-14 10:26:21,343 [pool-169-thread-1] INFO  impl.RaftServerImpl (ServerState.java:<init>(103)) - 4031060a-28bd-4ec2-97b8-c34fb7e04848@group-FCDD48F3475E: ConfigurationManager, init=-1: [4031060a-28bd-4ec2-97b8-c34fb7e04848:192.168.5.145:42386], old=null, confs=<EMPTY_MAP>
2019-10-14 10:26:21,344 [pool-169-thread-1] INFO  server.RaftServerConfigKeys (ConfUtils.java:logGet(43)) - raft.server.storage.dir = [/workdir/hadoop-ozone/integration-test/target/test-dir/MiniOzoneClusterImpl-3072ea79-444e-478b-951c-ea383f4180ba/datanode-5/data/ratis] (custom)
2019-10-14 10:26:21,344 [pool-169-thread-1] INFO  server.RaftServerConfigKeys (ConfUtils.java:logGet(43)) - raft.server.log.corruption.policy = EXCEPTION (default)
2019-10-14 10:26:21,344 [pool-169-thread-1] INFO  storage.RaftStorageDirectory (RaftStorageDirectory.java:analyzeStorage(246)) - The storage directory /workdir/hadoop-ozone/integration-test/target/test-dir/MiniOzoneClusterImpl-3072ea79-444e-478b-951c-ea383f4180ba/datanode-5/data/ratis/1ba4542c-49ed-463a-bb8a-fcdd48f3475e does not exist. Creating ...
2019-10-14 10:26:21,357 [pool-169-thread-1] INFO  storage.RaftStorageDirectory (RaftStorageDirectory.java:tryLock(328)) - Lock on /workdir/hadoop-ozone/integration-test/target/test-dir/MiniOzoneClusterImpl-3072ea79-444e-478b-951c-ea383f4180ba/datanode-5/data/ratis/1ba4542c-49ed-463a-bb8a-fcdd48f3475e/in_use.lock acquired by nodename 22472@pr-hdds-2297-rpftj-184604365
2019-10-14 10:26:21,370 [pool-169-thread-1] INFO  storage.RaftStorage (RaftStorage.java:format(84)) - Storage directory /workdir/hadoop-ozone/integration-test/target/test-dir/MiniOzoneClusterImpl-3072ea79-444e-478b-951c-ea383f4180ba/datanode-5/data/ratis/1ba4542c-49ed-463a-bb8a-fcdd48f3475e has been successfully formatted.
2019-10-14 10:26:21,370 [pool-169-thread-1] INFO  ratis.ContainerStateMachine (ContainerStateMachine.java:loadSnapshot(231)) - group-FCDD48F3475E: The snapshot info is null. Setting the last applied indexto:(t:0, i:~)
2019-10-14 10:26:21,370 [pool-169-thread-1] INFO  server.RaftServerConfigKeys (ConfUtils.java:logGet(43)) - raft.server.notification.no-leader.timeout = 120s (custom)
2019-10-14 10:26:21,370 [pool-169-thread-1] INFO  server.RaftServerConfigKeys (ConfUtils.java:logGet(43)) - raft.server.log.use.memory = false (default)
2019-10-14 10:26:21,370 [pool-169-thread-1] INFO  server.RaftServerConfigKeys (ConfUtils.java:logGet(43)) - raft.server.log.purge.gap = 1000000 (custom)
2019-10-14 10:26:21,370 [pool-169-thread-1] INFO  server.RaftServerConfigKeys (ConfUtils.java:logGet(43)) - raft.server.log.appender.buffer.byte-limit = 33554432 (custom)
2019-10-14 10:26:21,371 [pool-169-thread-1] INFO  server.RaftServerConfigKeys (ConfUtils.java:logGet(43)) - raft.server.log.segment.size.max = 1048576 (custom)
2019-10-14 10:26:21,373 [pool-169-thread-1] INFO  server.RaftServerConfigKeys (ConfUtils.java:logGet(43)) - raft.server.log.segment.cache.num.max = 2 (custom)
2019-10-14 10:26:21,373 [main] INFO  ozone.MiniOzoneClusterImpl (MiniOzoneClusterImpl.java:lambda$waitForClusterToBeReady$0(147)) - Waiting for cluster to be ready. Got 6 of 7 DN Heartbeats.
2019-10-14 10:26:21,373 [pool-169-thread-1] INFO  segmented.SegmentedRaftLogWorker (SegmentedRaftLogWorker.java:<init>(173)) - new 4031060a-28bd-4ec2-97b8-c34fb7e04848@group-FCDD48F3475E-SegmentedRaftLogWorker for RaftStorage:Storage Directory /workdir/hadoop-ozone/integration-test/target/test-dir/MiniOzoneClusterImpl-3072ea79-444e-478b-951c-ea383f4180ba/datanode-5/data/ratis/1ba4542c-49ed-463a-bb8a-fcdd48f3475e
2019-10-14 10:26:21,373 [pool-169-thread-1] INFO  server.RaftServerConfigKeys (ConfUtils.java:logGet(43)) - raft.server.log.queue.byte-limit = 2147483647 (custom)
2019-10-14 10:26:21,373 [pool-169-thread-1] INFO  server.RaftServerConfigKeys (ConfUtils.java:logGet(43)) - raft.server.log.queue.element-limit = 1024 (custom)
2019-10-14 10:26:21,373 [pool-169-thread-1] INFO  server.RaftServerConfigKeys (ConfUtils.java:logGet(43)) - raft.server.log.segment.size.max = 1048576 (custom)
2019-10-14 10:26:21,374 [pool-169-thread-1] INFO  server.RaftServerConfigKeys (ConfUtils.java:logGet(43)) - raft.server.log.preallocated.size = 16384 (custom)
2019-10-14 10:26:21,374 [pool-169-thread-1] INFO  server.RaftServerConfigKeys (ConfUtils.java:logGet(43)) - raft.server.log.write.buffer.size = 33554432 (custom)
2019-10-14 10:26:21,374 [pool-169-thread-1] INFO  server.RaftServerConfigKeys (ConfUtils.java:logGet(43)) - raft.server.log.force.sync.num = 128 (default)
2019-10-14 10:26:21,374 [pool-169-thread-1] INFO  server.RaftServerConfigKeys (ConfUtils.java:logGet(43)) - raft.server.log.statemachine.data.sync = true (default)
2019-10-14 10:26:21,374 [pool-169-thread-1] INFO  server.RaftServerConfigKeys (ConfUtils.java:logGet(43)) - raft.server.log.statemachine.data.sync.timeout = 10s (default)
2019-10-14 10:26:21,374 [pool-169-thread-1] INFO  server.RaftServerConfigKeys (ConfUtils.java:logGet(43)) - raft.server.log.statemachine.data.sync.timeout.retry = -1 (default)
2019-10-14 10:26:21,375 [pool-169-thread-1] INFO  server.RaftServerConfigKeys (ConfUtils.java:logGet(43)) - raft.server.log.statemachine.data.caching.enabled = true (custom)
2019-10-14 10:26:21,375 [pool-169-thread-1] INFO  segmented.SegmentedRaftLogWorker (SegmentedRaftLogWorker.java:lambda$new$0(128)) - 4031060a-28bd-4ec2-97b8-c34fb7e04848@group-FCDD48F3475E-SegmentedRaftLogWorker: flushIndex: setUnconditionally 0 -> -1
2019-10-14 10:26:21,375 [IPC Server handler 1 on 38901] INFO  net.NetworkTopology (NetworkTopologyImpl.java:add(111)) - Added a new node: /default-rack/ffdfe236-439b-469c-ae4b-d2b0223af88a
2019-10-14 10:26:21,375 [pool-169-thread-1] INFO  server.RaftServerConfigKeys (ConfUtils.java:logGet(43)) - raft.server.snapshot.auto.trigger.enabled = true (custom)
2019-10-14 10:26:21,375 [IPC Server handler 1 on 38901] INFO  node.SCMNodeManager (SCMNodeManager.java:register(268)) - Registered Data node : ffdfe236-439b-469c-ae4b-d2b0223af88a{ip: 192.168.5.145, host: pr-hdds-2297-rpftj-184604365, networkLocation: /default-rack, certSerialId: null}
2019-10-14 10:26:21,375 [pool-169-thread-1] INFO  server.RaftServerConfigKeys (ConfUtils.java:logGet(43)) - raft.server.snapshot.auto.trigger.threshold = 10000 (custom)
2019-10-14 10:26:21,376 [pool-169-thread-1] INFO  server.RaftServerConfigKeys (ConfUtils.java:logGet(43)) - raft.server.snapshot.retention.file.num = 5 (custom)
2019-10-14 10:26:21,376 [pool-169-thread-1] INFO  server.RaftServerConfigKeys (ConfUtils.java:logGet(43)) - raft.server.retrycache.expirytime = 600000ms (custom)
2019-10-14 10:26:21,378 [pool-169-thread-1] INFO  impl.RaftServerImpl (RaftServerImpl.java:start(181)) - 4031060a-28bd-4ec2-97b8-c34fb7e04848@group-FCDD48F3475E: start as a follower, conf=-1: [4031060a-28bd-4ec2-97b8-c34fb7e04848:192.168.5.145:42386], old=null
2019-10-14 10:26:21,378 [pool-169-thread-1] INFO  impl.RaftServerImpl (RaftServerImpl.java:setRole(170)) - 4031060a-28bd-4ec2-97b8-c34fb7e04848@group-FCDD48F3475E: changes role from      null to FOLLOWER at term 0 for startAsFollower
2019-10-14 10:26:21,378 [pool-169-thread-1] INFO  impl.RoleInfo (RoleInfo.java:updateAndGet(143)) - 4031060a-28bd-4ec2-97b8-c34fb7e04848: start FollowerState
2019-10-14 10:26:21,378 [pool-169-thread-1] INFO  util.JmxRegister (JmxRegister.java:tryRegister(44)) - Successfully registered JMX Bean with object name Ratis:service=RaftServer,group=group-FCDD48F3475E,id=4031060a-28bd-4ec2-97b8-c34fb7e04848
2019-10-14 10:26:21,383 [RatisPipelineUtilsThread] INFO  pipeline.PipelineStateManager (PipelineStateManager.java:addPipeline(56)) - Created pipeline Pipeline[ Id: 1ba4542c-49ed-463a-bb8a-fcdd48f3475e, Nodes: 4031060a-28bd-4ec2-97b8-c34fb7e04848{ip: 192.168.5.145, host: pr-hdds-2297-rpftj-184604365, networkLocation: /default-rack, certSerialId: null}, Type:RATIS, Factor:ONE, State:OPEN]
2019-10-14 10:26:21,393 [grpc-default-executor-1] INFO  impl.RaftServerProxy (RaftServerProxy.java:addNew(89)) - ffdfe236-439b-469c-ae4b-d2b0223af88a: addNew group-F0D086F106FC:[ffdfe236-439b-469c-ae4b-d2b0223af88a:192.168.5.145:44990] returns group-F0D086F106FC:java.util.concurrent.CompletableFuture@2a7625f9[Not completed]
2019-10-14 10:26:21,399 [pool-179-thread-1] INFO  impl.RaftServerImpl (RaftServerImpl.java:<init>(95)) - ffdfe236-439b-469c-ae4b-d2b0223af88a: new RaftServerImpl for group-F0D086F106FC:[ffdfe236-439b-469c-ae4b-d2b0223af88a:192.168.5.145:44990] with ContainerStateMachine:uninitialized
2019-10-14 10:26:21,399 [pool-179-thread-1] INFO  server.RaftServerConfigKeys (ConfUtils.java:logGet(43)) - raft.server.rpc.timeout.min = 5s (custom)
2019-10-14 10:26:21,399 [pool-179-thread-1] INFO  server.RaftServerConfigKeys (ConfUtils.java:logGet(43)) - raft.server.rpc.timeout.max = 5200ms (custom)
2019-10-14 10:26:21,399 [pool-179-thread-1] INFO  server.RaftServerConfigKeys (ConfUtils.java:logGet(43)) - raft.server.rpcslowness.timeout = 120s (custom)
2019-10-14 10:26:21,399 [pool-179-thread-1] INFO  server.RaftServerConfigKeys (ConfUtils.java:logGet(43)) - raft.server.sleep.deviation.threshold = 300 (default)
2019-10-14 10:26:21,400 [pool-179-thread-1] INFO  server.RaftServerConfigKeys (ConfUtils.java:logGet(43)) - raft.server.log.appender.install.snapshot.enabled = false (custom)
2019-10-14 10:26:21,400 [pool-179-thread-1] INFO  impl.RaftServerImpl (ServerState.java:<init>(103)) - ffdfe236-439b-469c-ae4b-d2b0223af88a@group-F0D086F106FC: ConfigurationManager, init=-1: [ffdfe236-439b-469c-ae4b-d2b0223af88a:192.168.5.145:44990], old=null, confs=<EMPTY_MAP>
2019-10-14 10:26:21,400 [pool-179-thread-1] INFO  server.RaftServerConfigKeys (ConfUtils.java:logGet(43)) - raft.server.storage.dir = [/workdir/hadoop-ozone/integration-test/target/test-dir/MiniOzoneClusterImpl-3072ea79-444e-478b-951c-ea383f4180ba/datanode-6/data/ratis] (custom)
2019-10-14 10:26:21,400 [pool-179-thread-1] INFO  server.RaftServerConfigKeys (ConfUtils.java:logGet(43)) - raft.server.log.corruption.policy = EXCEPTION (default)
2019-10-14 10:26:21,401 [pool-179-thread-1] INFO  storage.RaftStorageDirectory (RaftStorageDirectory.java:analyzeStorage(246)) - The storage directory /workdir/hadoop-ozone/integration-test/target/test-dir/MiniOzoneClusterImpl-3072ea79-444e-478b-951c-ea383f4180ba/datanode-6/data/ratis/c6eeb93e-1b8f-402a-b294-f0d086f106fc does not exist. Creating ...
2019-10-14 10:26:21,413 [pool-179-thread-1] INFO  storage.RaftStorageDirectory (RaftStorageDirectory.java:tryLock(328)) - Lock on /workdir/hadoop-ozone/integration-test/target/test-dir/MiniOzoneClusterImpl-3072ea79-444e-478b-951c-ea383f4180ba/datanode-6/data/ratis/c6eeb93e-1b8f-402a-b294-f0d086f106fc/in_use.lock acquired by nodename 22472@pr-hdds-2297-rpftj-184604365
2019-10-14 10:26:21,426 [pool-179-thread-1] INFO  storage.RaftStorage (RaftStorage.java:format(84)) - Storage directory /workdir/hadoop-ozone/integration-test/target/test-dir/MiniOzoneClusterImpl-3072ea79-444e-478b-951c-ea383f4180ba/datanode-6/data/ratis/c6eeb93e-1b8f-402a-b294-f0d086f106fc has been successfully formatted.
2019-10-14 10:26:21,426 [pool-179-thread-1] INFO  ratis.ContainerStateMachine (ContainerStateMachine.java:loadSnapshot(231)) - group-F0D086F106FC: The snapshot info is null. Setting the last applied indexto:(t:0, i:~)
2019-10-14 10:26:21,426 [pool-179-thread-1] INFO  server.RaftServerConfigKeys (ConfUtils.java:logGet(43)) - raft.server.notification.no-leader.timeout = 120s (custom)
2019-10-14 10:26:21,426 [pool-179-thread-1] INFO  server.RaftServerConfigKeys (ConfUtils.java:logGet(43)) - raft.server.log.use.memory = false (default)
2019-10-14 10:26:21,426 [pool-179-thread-1] INFO  server.RaftServerConfigKeys (ConfUtils.java:logGet(43)) - raft.server.log.purge.gap = 1000000 (custom)
2019-10-14 10:26:21,427 [pool-179-thread-1] INFO  server.RaftServerConfigKeys (ConfUtils.java:logGet(43)) - raft.server.log.appender.buffer.byte-limit = 33554432 (custom)
2019-10-14 10:26:21,427 [pool-179-thread-1] INFO  server.RaftServerConfigKeys (ConfUtils.java:logGet(43)) - raft.server.log.segment.size.max = 1048576 (custom)
2019-10-14 10:26:21,429 [pool-179-thread-1] INFO  server.RaftServerConfigKeys (ConfUtils.java:logGet(43)) - raft.server.log.segment.cache.num.max = 2 (custom)
2019-10-14 10:26:21,429 [pool-179-thread-1] INFO  segmented.SegmentedRaftLogWorker (SegmentedRaftLogWorker.java:<init>(173)) - new ffdfe236-439b-469c-ae4b-d2b0223af88a@group-F0D086F106FC-SegmentedRaftLogWorker for RaftStorage:Storage Directory /workdir/hadoop-ozone/integration-test/target/test-dir/MiniOzoneClusterImpl-3072ea79-444e-478b-951c-ea383f4180ba/datanode-6/data/ratis/c6eeb93e-1b8f-402a-b294-f0d086f106fc
2019-10-14 10:26:21,430 [pool-179-thread-1] INFO  server.RaftServerConfigKeys (ConfUtils.java:logGet(43)) - raft.server.log.queue.byte-limit = 2147483647 (custom)
2019-10-14 10:26:21,430 [pool-179-thread-1] INFO  server.RaftServerConfigKeys (ConfUtils.java:logGet(43)) - raft.server.log.queue.element-limit = 1024 (custom)
2019-10-14 10:26:21,430 [pool-179-thread-1] INFO  server.RaftServerConfigKeys (ConfUtils.java:logGet(43)) - raft.server.log.segment.size.max = 1048576 (custom)
2019-10-14 10:26:21,430 [pool-179-thread-1] INFO  server.RaftServerConfigKeys (ConfUtils.java:logGet(43)) - raft.server.log.preallocated.size = 16384 (custom)
2019-10-14 10:26:21,430 [pool-179-thread-1] INFO  server.RaftServerConfigKeys (ConfUtils.java:logGet(43)) - raft.server.log.write.buffer.size = 33554432 (custom)
2019-10-14 10:26:21,430 [pool-179-thread-1] INFO  server.RaftServerConfigKeys (ConfUtils.java:logGet(43)) - raft.server.log.force.sync.num = 128 (default)
2019-10-14 10:26:21,431 [pool-179-thread-1] INFO  server.RaftServerConfigKeys (ConfUtils.java:logGet(43)) - raft.server.log.statemachine.data.sync = true (default)
2019-10-14 10:26:21,431 [pool-179-thread-1] INFO  server.RaftServerConfigKeys (ConfUtils.java:logGet(43)) - raft.server.log.statemachine.data.sync.timeout = 10s (default)
2019-10-14 10:26:21,431 [pool-179-thread-1] INFO  server.RaftServerConfigKeys (ConfUtils.java:logGet(43)) - raft.server.log.statemachine.data.sync.timeout.retry = -1 (default)
2019-10-14 10:26:21,431 [pool-179-thread-1] INFO  server.RaftServerConfigKeys (ConfUtils.java:logGet(43)) - raft.server.log.statemachine.data.caching.enabled = true (custom)
2019-10-14 10:26:21,432 [pool-179-thread-1] INFO  segmented.SegmentedRaftLogWorker (SegmentedRaftLogWorker.java:lambda$new$0(128)) - ffdfe236-439b-469c-ae4b-d2b0223af88a@group-F0D086F106FC-SegmentedRaftLogWorker: flushIndex: setUnconditionally 0 -> -1
2019-10-14 10:26:21,432 [pool-179-thread-1] INFO  server.RaftServerConfigKeys (ConfUtils.java:logGet(43)) - raft.server.snapshot.auto.trigger.enabled = true (custom)
2019-10-14 10:26:21,432 [pool-179-thread-1] INFO  server.RaftServerConfigKeys (ConfUtils.java:logGet(43)) - raft.server.snapshot.auto.trigger.threshold = 10000 (custom)
2019-10-14 10:26:21,432 [pool-179-thread-1] INFO  server.RaftServerConfigKeys (ConfUtils.java:logGet(43)) - raft.server.snapshot.retention.file.num = 5 (custom)
2019-10-14 10:26:21,433 [pool-179-thread-1] INFO  server.RaftServerConfigKeys (ConfUtils.java:logGet(43)) - raft.server.retrycache.expirytime = 600000ms (custom)
2019-10-14 10:26:21,435 [pool-179-thread-1] INFO  impl.RaftServerImpl (RaftServerImpl.java:start(181)) - ffdfe236-439b-469c-ae4b-d2b0223af88a@group-F0D086F106FC: start as a follower, conf=-1: [ffdfe236-439b-469c-ae4b-d2b0223af88a:192.168.5.145:44990], old=null
2019-10-14 10:26:21,435 [pool-179-thread-1] INFO  impl.RaftServerImpl (RaftServerImpl.java:setRole(170)) - ffdfe236-439b-469c-ae4b-d2b0223af88a@group-F0D086F106FC: changes role from      null to FOLLOWER at term 0 for startAsFollower
2019-10-14 10:26:21,435 [pool-179-thread-1] INFO  impl.RoleInfo (RoleInfo.java:updateAndGet(143)) - ffdfe236-439b-469c-ae4b-d2b0223af88a: start FollowerState
2019-10-14 10:26:21,436 [pool-179-thread-1] INFO  util.JmxRegister (JmxRegister.java:tryRegister(44)) - Successfully registered JMX Bean with object name Ratis:service=RaftServer,group=group-F0D086F106FC,id=ffdfe236-439b-469c-ae4b-d2b0223af88a
2019-10-14 10:26:21,441 [RatisPipelineUtilsThread] INFO  pipeline.PipelineStateManager (PipelineStateManager.java:addPipeline(56)) - Created pipeline Pipeline[ Id: c6eeb93e-1b8f-402a-b294-f0d086f106fc, Nodes: ffdfe236-439b-469c-ae4b-d2b0223af88a{ip: 192.168.5.145, host: pr-hdds-2297-rpftj-184604365, networkLocation: /default-rack, certSerialId: null}, Type:RATIS, Factor:ONE, State:OPEN]
2019-10-14 10:26:21,466 [grpc-default-executor-0] INFO  impl.RaftServerProxy (RaftServerProxy.java:addNew(89)) - d188d7df-a98d-4c55-b2ec-1bf3b33e499c: addNew group-C0905E76DA01:[ffdfe236-439b-469c-ae4b-d2b0223af88a:192.168.5.145:44990, d188d7df-a98d-4c55-b2ec-1bf3b33e499c:192.168.5.145:34023, f8dbb98f-c520-465b-9b5e-774751dbfbea:192.168.5.145:35931] returns group-C0905E76DA01:java.util.concurrent.CompletableFuture@716909e4[Not completed]
2019-10-14 10:26:21,466 [grpc-default-executor-3] INFO  impl.RaftServerProxy (RaftServerProxy.java:addNew(89)) - ffdfe236-439b-469c-ae4b-d2b0223af88a: addNew group-C0905E76DA01:[ffdfe236-439b-469c-ae4b-d2b0223af88a:192.168.5.145:44990, d188d7df-a98d-4c55-b2ec-1bf3b33e499c:192.168.5.145:34023, f8dbb98f-c520-465b-9b5e-774751dbfbea:192.168.5.145:35931] returns group-C0905E76DA01:java.util.concurrent.CompletableFuture@31b155e0[Not completed]
2019-10-14 10:26:21,466 [grpc-default-executor-0] INFO  impl.RaftServerProxy (RaftServerProxy.java:addNew(89)) - f8dbb98f-c520-465b-9b5e-774751dbfbea: addNew group-C0905E76DA01:[ffdfe236-439b-469c-ae4b-d2b0223af88a:192.168.5.145:44990, d188d7df-a98d-4c55-b2ec-1bf3b33e499c:192.168.5.145:34023, f8dbb98f-c520-465b-9b5e-774751dbfbea:192.168.5.145:35931] returns group-C0905E76DA01:java.util.concurrent.CompletableFuture@647c6f99[Not completed]
2019-10-14 10:26:21,467 [pool-149-thread-1] INFO  impl.RaftServerImpl (RaftServerImpl.java:<init>(95)) - d188d7df-a98d-4c55-b2ec-1bf3b33e499c: new RaftServerImpl for group-C0905E76DA01:[ffdfe236-439b-469c-ae4b-d2b0223af88a:192.168.5.145:44990, d188d7df-a98d-4c55-b2ec-1bf3b33e499c:192.168.5.145:34023, f8dbb98f-c520-465b-9b5e-774751dbfbea:192.168.5.145:35931] with ContainerStateMachine:uninitialized
2019-10-14 10:26:21,467 [pool-149-thread-1] INFO  server.RaftServerConfigKeys (ConfUtils.java:logGet(43)) - raft.server.rpc.timeout.min = 5s (custom)
2019-10-14 10:26:21,467 [pool-149-thread-1] INFO  server.RaftServerConfigKeys (ConfUtils.java:logGet(43)) - raft.server.rpc.timeout.max = 5200ms (custom)
2019-10-14 10:26:21,468 [pool-119-thread-1] INFO  impl.RaftServerImpl (RaftServerImpl.java:<init>(95)) - f8dbb98f-c520-465b-9b5e-774751dbfbea: new RaftServerImpl for group-C0905E76DA01:[ffdfe236-439b-469c-ae4b-d2b0223af88a:192.168.5.145:44990, d188d7df-a98d-4c55-b2ec-1bf3b33e499c:192.168.5.145:34023, f8dbb98f-c520-465b-9b5e-774751dbfbea:192.168.5.145:35931] with ContainerStateMachine:uninitialized
2019-10-14 10:26:21,468 [pool-149-thread-1] INFO  server.RaftServerConfigKeys (ConfUtils.java:logGet(43)) - raft.server.rpcslowness.timeout = 120s (custom)
2019-10-14 10:26:21,468 [pool-119-thread-1] INFO  server.RaftServerConfigKeys (ConfUtils.java:logGet(43)) - raft.server.rpc.timeout.min = 5s (custom)
2019-10-14 10:26:21,468 [pool-149-thread-1] INFO  server.RaftServerConfigKeys (ConfUtils.java:logGet(43)) - raft.server.sleep.deviation.threshold = 300 (default)
2019-10-14 10:26:21,468 [pool-119-thread-1] INFO  server.RaftServerConfigKeys (ConfUtils.java:logGet(43)) - raft.server.rpc.timeout.max = 5200ms (custom)
2019-10-14 10:26:21,468 [pool-179-thread-1] INFO  impl.RaftServerImpl (RaftServerImpl.java:<init>(95)) - ffdfe236-439b-469c-ae4b-d2b0223af88a: new RaftServerImpl for group-C0905E76DA01:[ffdfe236-439b-469c-ae4b-d2b0223af88a:192.168.5.145:44990, d188d7df-a98d-4c55-b2ec-1bf3b33e499c:192.168.5.145:34023, f8dbb98f-c520-465b-9b5e-774751dbfbea:192.168.5.145:35931] with ContainerStateMachine:uninitialized
2019-10-14 10:26:21,468 [pool-149-thread-1] INFO  server.RaftServerConfigKeys (ConfUtils.java:logGet(43)) - raft.server.log.appender.install.snapshot.enabled = false (custom)
2019-10-14 10:26:21,469 [pool-179-thread-1] INFO  server.RaftServerConfigKeys (ConfUtils.java:logGet(43)) - raft.server.rpc.timeout.min = 5s (custom)
2019-10-14 10:26:21,468 [pool-119-thread-1] INFO  server.RaftServerConfigKeys (ConfUtils.java:logGet(43)) - raft.server.rpcslowness.timeout = 120s (custom)
2019-10-14 10:26:21,469 [pool-179-thread-1] INFO  server.RaftServerConfigKeys (ConfUtils.java:logGet(43)) - raft.server.rpc.timeout.max = 5200ms (custom)
2019-10-14 10:26:21,469 [pool-179-thread-1] INFO  server.RaftServerConfigKeys (ConfUtils.java:logGet(43)) - raft.server.rpcslowness.timeout = 120s (custom)
2019-10-14 10:26:21,469 [pool-149-thread-1] INFO  impl.RaftServerImpl (ServerState.java:<init>(103)) - d188d7df-a98d-4c55-b2ec-1bf3b33e499c@group-C0905E76DA01: ConfigurationManager, init=-1: [ffdfe236-439b-469c-ae4b-d2b0223af88a:192.168.5.145:44990, d188d7df-a98d-4c55-b2ec-1bf3b33e499c:192.168.5.145:34023, f8dbb98f-c520-465b-9b5e-774751dbfbea:192.168.5.145:35931], old=null, confs=<EMPTY_MAP>
2019-10-14 10:26:21,469 [pool-179-thread-1] INFO  server.RaftServerConfigKeys (ConfUtils.java:logGet(43)) - raft.server.sleep.deviation.threshold = 300 (default)
2019-10-14 10:26:21,469 [pool-119-thread-1] INFO  server.RaftServerConfigKeys (ConfUtils.java:logGet(43)) - raft.server.sleep.deviation.threshold = 300 (default)
2019-10-14 10:26:21,470 [pool-179-thread-1] INFO  server.RaftServerConfigKeys (ConfUtils.java:logGet(43)) - raft.server.log.appender.install.snapshot.enabled = false (custom)
2019-10-14 10:26:21,470 [pool-149-thread-1] INFO  server.RaftServerConfigKeys (ConfUtils.java:logGet(43)) - raft.server.storage.dir = [/workdir/hadoop-ozone/integration-test/target/test-dir/MiniOzoneClusterImpl-3072ea79-444e-478b-951c-ea383f4180ba/datanode-3/data/ratis] (custom)
2019-10-14 10:26:21,470 [pool-179-thread-1] INFO  impl.RaftServerImpl (ServerState.java:<init>(103)) - ffdfe236-439b-469c-ae4b-d2b0223af88a@group-C0905E76DA01: ConfigurationManager, init=-1: [ffdfe236-439b-469c-ae4b-d2b0223af88a:192.168.5.145:44990, d188d7df-a98d-4c55-b2ec-1bf3b33e499c:192.168.5.145:34023, f8dbb98f-c520-465b-9b5e-774751dbfbea:192.168.5.145:35931], old=null, confs=<EMPTY_MAP>
2019-10-14 10:26:21,470 [pool-119-thread-1] INFO  server.RaftServerConfigKeys (ConfUtils.java:logGet(43)) - raft.server.log.appender.install.snapshot.enabled = false (custom)
2019-10-14 10:26:21,470 [pool-179-thread-1] INFO  server.RaftServerConfigKeys (ConfUtils.java:logGet(43)) - raft.server.storage.dir = [/workdir/hadoop-ozone/integration-test/target/test-dir/MiniOzoneClusterImpl-3072ea79-444e-478b-951c-ea383f4180ba/datanode-6/data/ratis] (custom)
2019-10-14 10:26:21,470 [pool-149-thread-1] INFO  server.RaftServerConfigKeys (ConfUtils.java:logGet(43)) - raft.server.log.corruption.policy = EXCEPTION (default)
2019-10-14 10:26:21,471 [pool-179-thread-1] INFO  server.RaftServerConfigKeys (ConfUtils.java:logGet(43)) - raft.server.log.corruption.policy = EXCEPTION (default)
2019-10-14 10:26:21,470 [pool-119-thread-1] INFO  impl.RaftServerImpl (ServerState.java:<init>(103)) - f8dbb98f-c520-465b-9b5e-774751dbfbea@group-C0905E76DA01: ConfigurationManager, init=-1: [ffdfe236-439b-469c-ae4b-d2b0223af88a:192.168.5.145:44990, d188d7df-a98d-4c55-b2ec-1bf3b33e499c:192.168.5.145:34023, f8dbb98f-c520-465b-9b5e-774751dbfbea:192.168.5.145:35931], old=null, confs=<EMPTY_MAP>
2019-10-14 10:26:21,471 [pool-179-thread-1] INFO  storage.RaftStorageDirectory (RaftStorageDirectory.java:analyzeStorage(246)) - The storage directory /workdir/hadoop-ozone/integration-test/target/test-dir/MiniOzoneClusterImpl-3072ea79-444e-478b-951c-ea383f4180ba/datanode-6/data/ratis/6a970a42-013f-419e-9434-c0905e76da01 does not exist. Creating ...
2019-10-14 10:26:21,471 [pool-149-thread-1] INFO  storage.RaftStorageDirectory (RaftStorageDirectory.java:analyzeStorage(246)) - The storage directory /workdir/hadoop-ozone/integration-test/target/test-dir/MiniOzoneClusterImpl-3072ea79-444e-478b-951c-ea383f4180ba/datanode-3/data/ratis/6a970a42-013f-419e-9434-c0905e76da01 does not exist. Creating ...
2019-10-14 10:26:21,471 [pool-119-thread-1] INFO  server.RaftServerConfigKeys (ConfUtils.java:logGet(43)) - raft.server.storage.dir = [/workdir/hadoop-ozone/integration-test/target/test-dir/MiniOzoneClusterImpl-3072ea79-444e-478b-951c-ea383f4180ba/datanode-0/data/ratis] (custom)
2019-10-14 10:26:21,472 [pool-119-thread-1] INFO  server.RaftServerConfigKeys (ConfUtils.java:logGet(43)) - raft.server.log.corruption.policy = EXCEPTION (default)
2019-10-14 10:26:21,472 [pool-119-thread-1] INFO  storage.RaftStorageDirectory (RaftStorageDirectory.java:analyzeStorage(246)) - The storage directory /workdir/hadoop-ozone/integration-test/target/test-dir/MiniOzoneClusterImpl-3072ea79-444e-478b-951c-ea383f4180ba/datanode-0/data/ratis/6a970a42-013f-419e-9434-c0905e76da01 does not exist. Creating ...
2019-10-14 10:26:21,485 [pool-149-thread-1] INFO  storage.RaftStorageDirectory (RaftStorageDirectory.java:tryLock(328)) - Lock on /workdir/hadoop-ozone/integration-test/target/test-dir/MiniOzoneClusterImpl-3072ea79-444e-478b-951c-ea383f4180ba/datanode-3/data/ratis/6a970a42-013f-419e-9434-c0905e76da01/in_use.lock acquired by nodename 22472@pr-hdds-2297-rpftj-184604365
2019-10-14 10:26:21,485 [pool-119-thread-1] INFO  storage.RaftStorageDirectory (RaftStorageDirectory.java:tryLock(328)) - Lock on /workdir/hadoop-ozone/integration-test/target/test-dir/MiniOzoneClusterImpl-3072ea79-444e-478b-951c-ea383f4180ba/datanode-0/data/ratis/6a970a42-013f-419e-9434-c0905e76da01/in_use.lock acquired by nodename 22472@pr-hdds-2297-rpftj-184604365
2019-10-14 10:26:21,485 [pool-179-thread-1] INFO  storage.RaftStorageDirectory (RaftStorageDirectory.java:tryLock(328)) - Lock on /workdir/hadoop-ozone/integration-test/target/test-dir/MiniOzoneClusterImpl-3072ea79-444e-478b-951c-ea383f4180ba/datanode-6/data/ratis/6a970a42-013f-419e-9434-c0905e76da01/in_use.lock acquired by nodename 22472@pr-hdds-2297-rpftj-184604365
2019-10-14 10:26:21,510 [pool-149-thread-1] INFO  storage.RaftStorage (RaftStorage.java:format(84)) - Storage directory /workdir/hadoop-ozone/integration-test/target/test-dir/MiniOzoneClusterImpl-3072ea79-444e-478b-951c-ea383f4180ba/datanode-3/data/ratis/6a970a42-013f-419e-9434-c0905e76da01 has been successfully formatted.
2019-10-14 10:26:21,510 [pool-119-thread-1] INFO  storage.RaftStorage (RaftStorage.java:format(84)) - Storage directory /workdir/hadoop-ozone/integration-test/target/test-dir/MiniOzoneClusterImpl-3072ea79-444e-478b-951c-ea383f4180ba/datanode-0/data/ratis/6a970a42-013f-419e-9434-c0905e76da01 has been successfully formatted.
2019-10-14 10:26:21,510 [pool-179-thread-1] INFO  storage.RaftStorage (RaftStorage.java:format(84)) - Storage directory /workdir/hadoop-ozone/integration-test/target/test-dir/MiniOzoneClusterImpl-3072ea79-444e-478b-951c-ea383f4180ba/datanode-6/data/ratis/6a970a42-013f-419e-9434-c0905e76da01 has been successfully formatted.
2019-10-14 10:26:21,510 [pool-119-thread-1] INFO  ratis.ContainerStateMachine (ContainerStateMachine.java:loadSnapshot(231)) - group-C0905E76DA01: The snapshot info is null. Setting the last applied indexto:(t:0, i:~)
2019-10-14 10:26:21,510 [pool-179-thread-1] INFO  ratis.ContainerStateMachine (ContainerStateMachine.java:loadSnapshot(231)) - group-C0905E76DA01: The snapshot info is null. Setting the last applied indexto:(t:0, i:~)
2019-10-14 10:26:21,510 [pool-149-thread-1] INFO  ratis.ContainerStateMachine (ContainerStateMachine.java:loadSnapshot(231)) - group-C0905E76DA01: The snapshot info is null. Setting the last applied indexto:(t:0, i:~)
2019-10-14 10:26:21,510 [pool-179-thread-1] INFO  server.RaftServerConfigKeys (ConfUtils.java:logGet(43)) - raft.server.notification.no-leader.timeout = 120s (custom)
2019-10-14 10:26:21,510 [pool-119-thread-1] INFO  server.RaftServerConfigKeys (ConfUtils.java:logGet(43)) - raft.server.notification.no-leader.timeout = 120s (custom)
2019-10-14 10:26:21,511 [pool-179-thread-1] INFO  server.RaftServerConfigKeys (ConfUtils.java:logGet(43)) - raft.server.log.use.memory = false (default)
2019-10-14 10:26:21,510 [pool-149-thread-1] INFO  server.RaftServerConfigKeys (ConfUtils.java:logGet(43)) - raft.server.notification.no-leader.timeout = 120s (custom)
2019-10-14 10:26:21,511 [pool-179-thread-1] INFO  server.RaftServerConfigKeys (ConfUtils.java:logGet(43)) - raft.server.log.purge.gap = 1000000 (custom)
2019-10-14 10:26:21,511 [pool-119-thread-1] INFO  server.RaftServerConfigKeys (ConfUtils.java:logGet(43)) - raft.server.log.use.memory = false (default)
2019-10-14 10:26:21,511 [pool-179-thread-1] INFO  server.RaftServerConfigKeys (ConfUtils.java:logGet(43)) - raft.server.log.appender.buffer.byte-limit = 33554432 (custom)
2019-10-14 10:26:21,511 [pool-149-thread-1] INFO  server.RaftServerConfigKeys (ConfUtils.java:logGet(43)) - raft.server.log.use.memory = false (default)
2019-10-14 10:26:21,511 [pool-179-thread-1] INFO  server.RaftServerConfigKeys (ConfUtils.java:logGet(43)) - raft.server.log.segment.size.max = 1048576 (custom)
2019-10-14 10:26:21,511 [pool-119-thread-1] INFO  server.RaftServerConfigKeys (ConfUtils.java:logGet(43)) - raft.server.log.purge.gap = 1000000 (custom)
2019-10-14 10:26:21,512 [pool-179-thread-1] INFO  server.RaftServerConfigKeys (ConfUtils.java:logGet(43)) - raft.server.log.segment.cache.num.max = 2 (custom)
2019-10-14 10:26:21,512 [pool-149-thread-1] INFO  server.RaftServerConfigKeys (ConfUtils.java:logGet(43)) - raft.server.log.purge.gap = 1000000 (custom)
2019-10-14 10:26:21,512 [pool-179-thread-1] INFO  segmented.SegmentedRaftLogWorker (SegmentedRaftLogWorker.java:<init>(173)) - new ffdfe236-439b-469c-ae4b-d2b0223af88a@group-C0905E76DA01-SegmentedRaftLogWorker for RaftStorage:Storage Directory /workdir/hadoop-ozone/integration-test/target/test-dir/MiniOzoneClusterImpl-3072ea79-444e-478b-951c-ea383f4180ba/datanode-6/data/ratis/6a970a42-013f-419e-9434-c0905e76da01
2019-10-14 10:26:21,512 [pool-119-thread-1] INFO  server.RaftServerConfigKeys (ConfUtils.java:logGet(43)) - raft.server.log.appender.buffer.byte-limit = 33554432 (custom)
2019-10-14 10:26:21,512 [pool-179-thread-1] INFO  server.RaftServerConfigKeys (ConfUtils.java:logGet(43)) - raft.server.log.queue.byte-limit = 2147483647 (custom)
2019-10-14 10:26:21,512 [pool-149-thread-1] INFO  server.RaftServerConfigKeys (ConfUtils.java:logGet(43)) - raft.server.log.appender.buffer.byte-limit = 33554432 (custom)
2019-10-14 10:26:21,513 [pool-179-thread-1] INFO  server.RaftServerConfigKeys (ConfUtils.java:logGet(43)) - raft.server.log.queue.element-limit = 1024 (custom)
2019-10-14 10:26:21,512 [pool-119-thread-1] INFO  server.RaftServerConfigKeys (ConfUtils.java:logGet(43)) - raft.server.log.segment.size.max = 1048576 (custom)
2019-10-14 10:26:21,513 [pool-179-thread-1] INFO  server.RaftServerConfigKeys (ConfUtils.java:logGet(43)) - raft.server.log.segment.size.max = 1048576 (custom)
2019-10-14 10:26:21,513 [pool-149-thread-1] INFO  server.RaftServerConfigKeys (ConfUtils.java:logGet(43)) - raft.server.log.segment.size.max = 1048576 (custom)
2019-10-14 10:26:21,513 [pool-179-thread-1] INFO  server.RaftServerConfigKeys (ConfUtils.java:logGet(43)) - raft.server.log.preallocated.size = 16384 (custom)
2019-10-14 10:26:21,513 [pool-119-thread-1] INFO  server.RaftServerConfigKeys (ConfUtils.java:logGet(43)) - raft.server.log.segment.cache.num.max = 2 (custom)
2019-10-14 10:26:21,513 [pool-179-thread-1] INFO  server.RaftServerConfigKeys (ConfUtils.java:logGet(43)) - raft.server.log.write.buffer.size = 33554432 (custom)
2019-10-14 10:26:21,513 [pool-149-thread-1] INFO  server.RaftServerConfigKeys (ConfUtils.java:logGet(43)) - raft.server.log.segment.cache.num.max = 2 (custom)
2019-10-14 10:26:21,514 [pool-179-thread-1] INFO  server.RaftServerConfigKeys (ConfUtils.java:logGet(43)) - raft.server.log.force.sync.num = 128 (default)
2019-10-14 10:26:21,514 [pool-119-thread-1] INFO  segmented.SegmentedRaftLogWorker (SegmentedRaftLogWorker.java:<init>(173)) - new f8dbb98f-c520-465b-9b5e-774751dbfbea@group-C0905E76DA01-SegmentedRaftLogWorker for RaftStorage:Storage Directory /workdir/hadoop-ozone/integration-test/target/test-dir/MiniOzoneClusterImpl-3072ea79-444e-478b-951c-ea383f4180ba/datanode-0/data/ratis/6a970a42-013f-419e-9434-c0905e76da01
2019-10-14 10:26:21,514 [pool-179-thread-1] INFO  server.RaftServerConfigKeys (ConfUtils.java:logGet(43)) - raft.server.log.statemachine.data.sync = true (default)
2019-10-14 10:26:21,514 [pool-149-thread-1] INFO  segmented.SegmentedRaftLogWorker (SegmentedRaftLogWorker.java:<init>(173)) - new d188d7df-a98d-4c55-b2ec-1bf3b33e499c@group-C0905E76DA01-SegmentedRaftLogWorker for RaftStorage:Storage Directory /workdir/hadoop-ozone/integration-test/target/test-dir/MiniOzoneClusterImpl-3072ea79-444e-478b-951c-ea383f4180ba/datanode-3/data/ratis/6a970a42-013f-419e-9434-c0905e76da01
2019-10-14 10:26:21,514 [pool-179-thread-1] INFO  server.RaftServerConfigKeys (ConfUtils.java:logGet(43)) - raft.server.log.statemachine.data.sync.timeout = 10s (default)
2019-10-14 10:26:21,514 [pool-119-thread-1] INFO  server.RaftServerConfigKeys (ConfUtils.java:logGet(43)) - raft.server.log.queue.byte-limit = 2147483647 (custom)
2019-10-14 10:26:21,515 [pool-179-thread-1] INFO  server.RaftServerConfigKeys (ConfUtils.java:logGet(43)) - raft.server.log.statemachine.data.sync.timeout.retry = -1 (default)
2019-10-14 10:26:21,515 [pool-149-thread-1] INFO  server.RaftServerConfigKeys (ConfUtils.java:logGet(43)) - raft.server.log.queue.byte-limit = 2147483647 (custom)
2019-10-14 10:26:21,515 [pool-179-thread-1] INFO  server.RaftServerConfigKeys (ConfUtils.java:logGet(43)) - raft.server.log.statemachine.data.caching.enabled = true (custom)
2019-10-14 10:26:21,515 [pool-119-thread-1] INFO  server.RaftServerConfigKeys (ConfUtils.java:logGet(43)) - raft.server.log.queue.element-limit = 1024 (custom)
2019-10-14 10:26:21,515 [pool-149-thread-1] INFO  server.RaftServerConfigKeys (ConfUtils.java:logGet(43)) - raft.server.log.queue.element-limit = 1024 (custom)
2019-10-14 10:26:21,516 [pool-119-thread-1] INFO  server.RaftServerConfigKeys (ConfUtils.java:logGet(43)) - raft.server.log.segment.size.max = 1048576 (custom)
2019-10-14 10:26:21,516 [pool-179-thread-1] INFO  segmented.SegmentedRaftLogWorker (SegmentedRaftLogWorker.java:lambda$new$0(128)) - ffdfe236-439b-469c-ae4b-d2b0223af88a@group-C0905E76DA01-SegmentedRaftLogWorker: flushIndex: setUnconditionally 0 -> -1
2019-10-14 10:26:21,516 [pool-119-thread-1] INFO  server.RaftServerConfigKeys (ConfUtils.java:logGet(43)) - raft.server.log.preallocated.size = 16384 (custom)
2019-10-14 10:26:21,516 [pool-149-thread-1] INFO  server.RaftServerConfigKeys (ConfUtils.java:logGet(43)) - raft.server.log.segment.size.max = 1048576 (custom)
2019-10-14 10:26:21,516 [pool-179-thread-1] INFO  server.RaftServerConfigKeys (ConfUtils.java:logGet(43)) - raft.server.snapshot.auto.trigger.enabled = true (custom)
2019-10-14 10:26:21,516 [pool-119-thread-1] INFO  server.RaftServerConfigKeys (ConfUtils.java:logGet(43)) - raft.server.log.write.buffer.size = 33554432 (custom)
2019-10-14 10:26:21,516 [pool-179-thread-1] INFO  server.RaftServerConfigKeys (ConfUtils.java:logGet(43)) - raft.server.snapshot.auto.trigger.threshold = 10000 (custom)
2019-10-14 10:26:21,516 [pool-149-thread-1] INFO  server.RaftServerConfigKeys (ConfUtils.java:logGet(43)) - raft.server.log.preallocated.size = 16384 (custom)
2019-10-14 10:26:21,517 [pool-179-thread-1] INFO  server.RaftServerConfigKeys (ConfUtils.java:logGet(43)) - raft.server.snapshot.retention.file.num = 5 (custom)
2019-10-14 10:26:21,517 [pool-119-thread-1] INFO  server.RaftServerConfigKeys (ConfUtils.java:logGet(43)) - raft.server.log.force.sync.num = 128 (default)
2019-10-14 10:26:21,517 [pool-179-thread-1] INFO  server.RaftServerConfigKeys (ConfUtils.java:logGet(43)) - raft.server.retrycache.expirytime = 600000ms (custom)
2019-10-14 10:26:21,517 [pool-149-thread-1] INFO  server.RaftServerConfigKeys (ConfUtils.java:logGet(43)) - raft.server.log.write.buffer.size = 33554432 (custom)
2019-10-14 10:26:21,517 [pool-119-thread-1] INFO  server.RaftServerConfigKeys (ConfUtils.java:logGet(43)) - raft.server.log.statemachine.data.sync = true (default)
2019-10-14 10:26:21,517 [pool-149-thread-1] INFO  server.RaftServerConfigKeys (ConfUtils.java:logGet(43)) - raft.server.log.force.sync.num = 128 (default)
2019-10-14 10:26:21,518 [pool-119-thread-1] INFO  server.RaftServerConfigKeys (ConfUtils.java:logGet(43)) - raft.server.log.statemachine.data.sync.timeout = 10s (default)
2019-10-14 10:26:21,518 [pool-149-thread-1] INFO  server.RaftServerConfigKeys (ConfUtils.java:logGet(43)) - raft.server.log.statemachine.data.sync = true (default)
2019-10-14 10:26:21,518 [pool-119-thread-1] INFO  server.RaftServerConfigKeys (ConfUtils.java:logGet(43)) - raft.server.log.statemachine.data.sync.timeout.retry = -1 (default)
2019-10-14 10:26:21,518 [pool-149-thread-1] INFO  server.RaftServerConfigKeys (ConfUtils.java:logGet(43)) - raft.server.log.statemachine.data.sync.timeout = 10s (default)
2019-10-14 10:26:21,518 [pool-119-thread-1] INFO  server.RaftServerConfigKeys (ConfUtils.java:logGet(43)) - raft.server.log.statemachine.data.caching.enabled = true (custom)
2019-10-14 10:26:21,518 [pool-149-thread-1] INFO  server.RaftServerConfigKeys (ConfUtils.java:logGet(43)) - raft.server.log.statemachine.data.sync.timeout.retry = -1 (default)
2019-10-14 10:26:21,519 [pool-149-thread-1] INFO  server.RaftServerConfigKeys (ConfUtils.java:logGet(43)) - raft.server.log.statemachine.data.caching.enabled = true (custom)
2019-10-14 10:26:21,519 [pool-119-thread-1] INFO  segmented.SegmentedRaftLogWorker (SegmentedRaftLogWorker.java:lambda$new$0(128)) - f8dbb98f-c520-465b-9b5e-774751dbfbea@group-C0905E76DA01-SegmentedRaftLogWorker: flushIndex: setUnconditionally 0 -> -1
2019-10-14 10:26:21,519 [pool-149-thread-1] INFO  segmented.SegmentedRaftLogWorker (SegmentedRaftLogWorker.java:lambda$new$0(128)) - d188d7df-a98d-4c55-b2ec-1bf3b33e499c@group-C0905E76DA01-SegmentedRaftLogWorker: flushIndex: setUnconditionally 0 -> -1
2019-10-14 10:26:21,519 [pool-119-thread-1] INFO  server.RaftServerConfigKeys (ConfUtils.java:logGet(43)) - raft.server.snapshot.auto.trigger.enabled = true (custom)
2019-10-14 10:26:21,519 [pool-149-thread-1] INFO  server.RaftServerConfigKeys (ConfUtils.java:logGet(43)) - raft.server.snapshot.auto.trigger.enabled = true (custom)
2019-10-14 10:26:21,519 [pool-119-thread-1] INFO  server.RaftServerConfigKeys (ConfUtils.java:logGet(43)) - raft.server.snapshot.auto.trigger.threshold = 10000 (custom)
2019-10-14 10:26:21,519 [pool-149-thread-1] INFO  server.RaftServerConfigKeys (ConfUtils.java:logGet(43)) - raft.server.snapshot.auto.trigger.threshold = 10000 (custom)
2019-10-14 10:26:21,519 [pool-119-thread-1] INFO  server.RaftServerConfigKeys (ConfUtils.java:logGet(43)) - raft.server.snapshot.retention.file.num = 5 (custom)
2019-10-14 10:26:21,520 [pool-149-thread-1] INFO  server.RaftServerConfigKeys (ConfUtils.java:logGet(43)) - raft.server.snapshot.retention.file.num = 5 (custom)
2019-10-14 10:26:21,520 [pool-119-thread-1] INFO  server.RaftServerConfigKeys (ConfUtils.java:logGet(43)) - raft.server.retrycache.expirytime = 600000ms (custom)
2019-10-14 10:26:21,520 [pool-179-thread-1] INFO  impl.RaftServerImpl (RaftServerImpl.java:start(181)) - ffdfe236-439b-469c-ae4b-d2b0223af88a@group-C0905E76DA01: start as a follower, conf=-1: [ffdfe236-439b-469c-ae4b-d2b0223af88a:192.168.5.145:44990, d188d7df-a98d-4c55-b2ec-1bf3b33e499c:192.168.5.145:34023, f8dbb98f-c520-465b-9b5e-774751dbfbea:192.168.5.145:35931], old=null
2019-10-14 10:26:21,520 [pool-149-thread-1] INFO  server.RaftServerConfigKeys (ConfUtils.java:logGet(43)) - raft.server.retrycache.expirytime = 600000ms (custom)
2019-10-14 10:26:21,520 [pool-179-thread-1] INFO  impl.RaftServerImpl (RaftServerImpl.java:setRole(170)) - ffdfe236-439b-469c-ae4b-d2b0223af88a@group-C0905E76DA01: changes role from      null to FOLLOWER at term 0 for startAsFollower
2019-10-14 10:26:21,520 [pool-179-thread-1] INFO  impl.RoleInfo (RoleInfo.java:updateAndGet(143)) - ffdfe236-439b-469c-ae4b-d2b0223af88a: start FollowerState
2019-10-14 10:26:21,521 [pool-179-thread-1] INFO  util.JmxRegister (JmxRegister.java:tryRegister(44)) - Successfully registered JMX Bean with object name Ratis:service=RaftServer,group=group-C0905E76DA01,id=ffdfe236-439b-469c-ae4b-d2b0223af88a
2019-10-14 10:26:21,524 [pool-119-thread-1] INFO  impl.RaftServerImpl (RaftServerImpl.java:start(181)) - f8dbb98f-c520-465b-9b5e-774751dbfbea@group-C0905E76DA01: start as a follower, conf=-1: [ffdfe236-439b-469c-ae4b-d2b0223af88a:192.168.5.145:44990, d188d7df-a98d-4c55-b2ec-1bf3b33e499c:192.168.5.145:34023, f8dbb98f-c520-465b-9b5e-774751dbfbea:192.168.5.145:35931], old=null
2019-10-14 10:26:21,524 [pool-149-thread-1] INFO  impl.RaftServerImpl (RaftServerImpl.java:start(181)) - d188d7df-a98d-4c55-b2ec-1bf3b33e499c@group-C0905E76DA01: start as a follower, conf=-1: [ffdfe236-439b-469c-ae4b-d2b0223af88a:192.168.5.145:44990, d188d7df-a98d-4c55-b2ec-1bf3b33e499c:192.168.5.145:34023, f8dbb98f-c520-465b-9b5e-774751dbfbea:192.168.5.145:35931], old=null
2019-10-14 10:26:21,524 [pool-119-thread-1] INFO  impl.RaftServerImpl (RaftServerImpl.java:setRole(170)) - f8dbb98f-c520-465b-9b5e-774751dbfbea@group-C0905E76DA01: changes role from      null to FOLLOWER at term 0 for startAsFollower
2019-10-14 10:26:21,524 [pool-149-thread-1] INFO  impl.RaftServerImpl (RaftServerImpl.java:setRole(170)) - d188d7df-a98d-4c55-b2ec-1bf3b33e499c@group-C0905E76DA01: changes role from      null to FOLLOWER at term 0 for startAsFollower
2019-10-14 10:26:21,524 [pool-119-thread-1] INFO  impl.RoleInfo (RoleInfo.java:updateAndGet(143)) - f8dbb98f-c520-465b-9b5e-774751dbfbea: start FollowerState
2019-10-14 10:26:21,525 [pool-149-thread-1] INFO  impl.RoleInfo (RoleInfo.java:updateAndGet(143)) - d188d7df-a98d-4c55-b2ec-1bf3b33e499c: start FollowerState
2019-10-14 10:26:21,525 [pool-119-thread-1] INFO  util.JmxRegister (JmxRegister.java:tryRegister(44)) - Successfully registered JMX Bean with object name Ratis:service=RaftServer,group=group-C0905E76DA01,id=f8dbb98f-c520-465b-9b5e-774751dbfbea
2019-10-14 10:26:21,525 [pool-149-thread-1] INFO  util.JmxRegister (JmxRegister.java:tryRegister(44)) - Successfully registered JMX Bean with object name Ratis:service=RaftServer,group=group-C0905E76DA01,id=d188d7df-a98d-4c55-b2ec-1bf3b33e499c
2019-10-14 10:26:21,531 [RatisPipelineUtilsThread] INFO  pipeline.PipelineStateManager (PipelineStateManager.java:addPipeline(56)) - Created pipeline Pipeline[ Id: 6a970a42-013f-419e-9434-c0905e76da01, Nodes: d188d7df-a98d-4c55-b2ec-1bf3b33e499c{ip: 192.168.5.145, host: pr-hdds-2297-rpftj-184604365, networkLocation: /default-rack, certSerialId: null}ffdfe236-439b-469c-ae4b-d2b0223af88a{ip: 192.168.5.145, host: pr-hdds-2297-rpftj-184604365, networkLocation: /default-rack, certSerialId: null}f8dbb98f-c520-465b-9b5e-774751dbfbea{ip: 192.168.5.145, host: pr-hdds-2297-rpftj-184604365, networkLocation: /default-rack, certSerialId: null}, Type:RATIS, Factor:THREE, State:OPEN]
2019-10-14 10:26:21,542 [grpc-default-executor-3] INFO  impl.RaftServerProxy (RaftServerProxy.java:addNew(89)) - 4031060a-28bd-4ec2-97b8-c34fb7e04848: addNew group-CE1CBEB6383D:[4031060a-28bd-4ec2-97b8-c34fb7e04848:192.168.5.145:42386, fbdd9009-148c-4ad1-8fbf-9679a6c31dd6:192.168.5.145:46505, d08b79a2-19c9-460f-adbf-167e1d4b28fa:192.168.5.145:34968] returns group-CE1CBEB6383D:java.util.concurrent.CompletableFuture@733d70a0[Not completed]
2019-10-14 10:26:21,542 [grpc-default-executor-1] INFO  impl.RaftServerProxy (RaftServerProxy.java:addNew(89)) - fbdd9009-148c-4ad1-8fbf-9679a6c31dd6: addNew group-CE1CBEB6383D:[4031060a-28bd-4ec2-97b8-c34fb7e04848:192.168.5.145:42386, fbdd9009-148c-4ad1-8fbf-9679a6c31dd6:192.168.5.145:46505, d08b79a2-19c9-460f-adbf-167e1d4b28fa:192.168.5.145:34968] returns group-CE1CBEB6383D:java.util.concurrent.CompletableFuture@237f7c47[Not completed]
2019-10-14 10:26:21,553 [grpc-default-executor-1] INFO  impl.RaftServerProxy (RaftServerProxy.java:addNew(89)) - d08b79a2-19c9-460f-adbf-167e1d4b28fa: addNew group-CE1CBEB6383D:[4031060a-28bd-4ec2-97b8-c34fb7e04848:192.168.5.145:42386, fbdd9009-148c-4ad1-8fbf-9679a6c31dd6:192.168.5.145:46505, d08b79a2-19c9-460f-adbf-167e1d4b28fa:192.168.5.145:34968] returns group-CE1CBEB6383D:java.util.concurrent.CompletableFuture@38bddc3c[Not completed]
2019-10-14 10:26:21,553 [pool-169-thread-1] INFO  impl.RaftServerImpl (RaftServerImpl.java:<init>(95)) - 4031060a-28bd-4ec2-97b8-c34fb7e04848: new RaftServerImpl for group-CE1CBEB6383D:[4031060a-28bd-4ec2-97b8-c34fb7e04848:192.168.5.145:42386, fbdd9009-148c-4ad1-8fbf-9679a6c31dd6:192.168.5.145:46505, d08b79a2-19c9-460f-adbf-167e1d4b28fa:192.168.5.145:34968] with ContainerStateMachine:uninitialized
2019-10-14 10:26:21,556 [pool-169-thread-1] INFO  server.RaftServerConfigKeys (ConfUtils.java:logGet(43)) - raft.server.rpc.timeout.min = 5s (custom)
2019-10-14 10:26:21,556 [pool-169-thread-1] INFO  server.RaftServerConfigKeys (ConfUtils.java:logGet(43)) - raft.server.rpc.timeout.max = 5200ms (custom)
2019-10-14 10:26:21,556 [pool-169-thread-1] INFO  server.RaftServerConfigKeys (ConfUtils.java:logGet(43)) - raft.server.rpcslowness.timeout = 120s (custom)
2019-10-14 10:26:21,556 [pool-169-thread-1] INFO  server.RaftServerConfigKeys (ConfUtils.java:logGet(43)) - raft.server.sleep.deviation.threshold = 300 (default)
2019-10-14 10:26:21,556 [pool-159-thread-1] INFO  impl.RaftServerImpl (RaftServerImpl.java:<init>(95)) - fbdd9009-148c-4ad1-8fbf-9679a6c31dd6: new RaftServerImpl for group-CE1CBEB6383D:[4031060a-28bd-4ec2-97b8-c34fb7e04848:192.168.5.145:42386, fbdd9009-148c-4ad1-8fbf-9679a6c31dd6:192.168.5.145:46505, d08b79a2-19c9-460f-adbf-167e1d4b28fa:192.168.5.145:34968] with ContainerStateMachine:uninitialized
2019-10-14 10:26:21,556 [pool-169-thread-1] INFO  server.RaftServerConfigKeys (ConfUtils.java:logGet(43)) - raft.server.log.appender.install.snapshot.enabled = false (custom)
2019-10-14 10:26:21,556 [pool-159-thread-1] INFO  server.RaftServerConfigKeys (ConfUtils.java:logGet(43)) - raft.server.rpc.timeout.min = 5s (custom)
2019-10-14 10:26:21,557 [pool-129-thread-1] INFO  impl.RaftServerImpl (RaftServerImpl.java:<init>(95)) - d08b79a2-19c9-460f-adbf-167e1d4b28fa: new RaftServerImpl for group-CE1CBEB6383D:[4031060a-28bd-4ec2-97b8-c34fb7e04848:192.168.5.145:42386, fbdd9009-148c-4ad1-8fbf-9679a6c31dd6:192.168.5.145:46505, d08b79a2-19c9-460f-adbf-167e1d4b28fa:192.168.5.145:34968] with ContainerStateMachine:uninitialized
2019-10-14 10:26:21,557 [pool-169-thread-1] INFO  impl.RaftServerImpl (ServerState.java:<init>(103)) - 4031060a-28bd-4ec2-97b8-c34fb7e04848@group-CE1CBEB6383D: ConfigurationManager, init=-1: [4031060a-28bd-4ec2-97b8-c34fb7e04848:192.168.5.145:42386, fbdd9009-148c-4ad1-8fbf-9679a6c31dd6:192.168.5.145:46505, d08b79a2-19c9-460f-adbf-167e1d4b28fa:192.168.5.145:34968], old=null, confs=<EMPTY_MAP>
2019-10-14 10:26:21,557 [pool-129-thread-1] INFO  server.RaftServerConfigKeys (ConfUtils.java:logGet(43)) - raft.server.rpc.timeout.min = 5s (custom)
2019-10-14 10:26:21,557 [pool-169-thread-1] INFO  server.RaftServerConfigKeys (ConfUtils.java:logGet(43)) - raft.server.storage.dir = [/workdir/hadoop-ozone/integration-test/target/test-dir/MiniOzoneClusterImpl-3072ea79-444e-478b-951c-ea383f4180ba/datanode-5/data/ratis] (custom)
2019-10-14 10:26:21,557 [pool-159-thread-1] INFO  server.RaftServerConfigKeys (ConfUtils.java:logGet(43)) - raft.server.rpc.timeout.max = 5200ms (custom)
2019-10-14 10:26:21,557 [pool-129-thread-1] INFO  server.RaftServerConfigKeys (ConfUtils.java:logGet(43)) - raft.server.rpc.timeout.max = 5200ms (custom)
2019-10-14 10:26:21,557 [pool-169-thread-1] INFO  server.RaftServerConfigKeys (ConfUtils.java:logGet(43)) - raft.server.log.corruption.policy = EXCEPTION (default)
2019-10-14 10:26:21,557 [pool-159-thread-1] INFO  server.RaftServerConfigKeys (ConfUtils.java:logGet(43)) - raft.server.rpcslowness.timeout = 120s (custom)
2019-10-14 10:26:21,558 [pool-169-thread-1] INFO  storage.RaftStorageDirectory (RaftStorageDirectory.java:analyzeStorage(246)) - The storage directory /workdir/hadoop-ozone/integration-test/target/test-dir/MiniOzoneClusterImpl-3072ea79-444e-478b-951c-ea383f4180ba/datanode-5/data/ratis/f021c558-1ab6-4035-bcbb-ce1cbeb6383d does not exist. Creating ...
2019-10-14 10:26:21,558 [pool-129-thread-1] INFO  server.RaftServerConfigKeys (ConfUtils.java:logGet(43)) - raft.server.rpcslowness.timeout = 120s (custom)
2019-10-14 10:26:21,558 [pool-159-thread-1] INFO  server.RaftServerConfigKeys (ConfUtils.java:logGet(43)) - raft.server.sleep.deviation.threshold = 300 (default)
2019-10-14 10:26:21,558 [pool-129-thread-1] INFO  server.RaftServerConfigKeys (ConfUtils.java:logGet(43)) - raft.server.sleep.deviation.threshold = 300 (default)
2019-10-14 10:26:21,558 [pool-159-thread-1] INFO  server.RaftServerConfigKeys (ConfUtils.java:logGet(43)) - raft.server.log.appender.install.snapshot.enabled = false (custom)
2019-10-14 10:26:21,558 [pool-129-thread-1] INFO  server.RaftServerConfigKeys (ConfUtils.java:logGet(43)) - raft.server.log.appender.install.snapshot.enabled = false (custom)
2019-10-14 10:26:21,559 [pool-159-thread-1] INFO  impl.RaftServerImpl (ServerState.java:<init>(103)) - fbdd9009-148c-4ad1-8fbf-9679a6c31dd6@group-CE1CBEB6383D: ConfigurationManager, init=-1: [4031060a-28bd-4ec2-97b8-c34fb7e04848:192.168.5.145:42386, fbdd9009-148c-4ad1-8fbf-9679a6c31dd6:192.168.5.145:46505, d08b79a2-19c9-460f-adbf-167e1d4b28fa:192.168.5.145:34968], old=null, confs=<EMPTY_MAP>
2019-10-14 10:26:21,559 [pool-129-thread-1] INFO  impl.RaftServerImpl (ServerState.java:<init>(103)) - d08b79a2-19c9-460f-adbf-167e1d4b28fa@group-CE1CBEB6383D: ConfigurationManager, init=-1: [4031060a-28bd-4ec2-97b8-c34fb7e04848:192.168.5.145:42386, fbdd9009-148c-4ad1-8fbf-9679a6c31dd6:192.168.5.145:46505, d08b79a2-19c9-460f-adbf-167e1d4b28fa:192.168.5.145:34968], old=null, confs=<EMPTY_MAP>
2019-10-14 10:26:21,559 [pool-159-thread-1] INFO  server.RaftServerConfigKeys (ConfUtils.java:logGet(43)) - raft.server.storage.dir = [/workdir/hadoop-ozone/integration-test/target/test-dir/MiniOzoneClusterImpl-3072ea79-444e-478b-951c-ea383f4180ba/datanode-4/data/ratis] (custom)
2019-10-14 10:26:21,559 [pool-129-thread-1] INFO  server.RaftServerConfigKeys (ConfUtils.java:logGet(43)) - raft.server.storage.dir = [/workdir/hadoop-ozone/integration-test/target/test-dir/MiniOzoneClusterImpl-3072ea79-444e-478b-951c-ea383f4180ba/datanode-1/data/ratis] (custom)
2019-10-14 10:26:21,559 [pool-129-thread-1] INFO  server.RaftServerConfigKeys (ConfUtils.java:logGet(43)) - raft.server.log.corruption.policy = EXCEPTION (default)
2019-10-14 10:26:21,559 [pool-159-thread-1] INFO  server.RaftServerConfigKeys (ConfUtils.java:logGet(43)) - raft.server.log.corruption.policy = EXCEPTION (default)
2019-10-14 10:26:21,559 [pool-129-thread-1] INFO  storage.RaftStorageDirectory (RaftStorageDirectory.java:analyzeStorage(246)) - The storage directory /workdir/hadoop-ozone/integration-test/target/test-dir/MiniOzoneClusterImpl-3072ea79-444e-478b-951c-ea383f4180ba/datanode-1/data/ratis/f021c558-1ab6-4035-bcbb-ce1cbeb6383d does not exist. Creating ...
2019-10-14 10:26:21,559 [pool-159-thread-1] INFO  storage.RaftStorageDirectory (RaftStorageDirectory.java:analyzeStorage(246)) - The storage directory /workdir/hadoop-ozone/integration-test/target/test-dir/MiniOzoneClusterImpl-3072ea79-444e-478b-951c-ea383f4180ba/datanode-4/data/ratis/f021c558-1ab6-4035-bcbb-ce1cbeb6383d does not exist. Creating ...
2019-10-14 10:26:21,582 [pool-159-thread-1] INFO  storage.RaftStorageDirectory (RaftStorageDirectory.java:tryLock(328)) - Lock on /workdir/hadoop-ozone/integration-test/target/test-dir/MiniOzoneClusterImpl-3072ea79-444e-478b-951c-ea383f4180ba/datanode-4/data/ratis/f021c558-1ab6-4035-bcbb-ce1cbeb6383d/in_use.lock acquired by nodename 22472@pr-hdds-2297-rpftj-184604365
2019-10-14 10:26:21,582 [pool-169-thread-1] INFO  storage.RaftStorageDirectory (RaftStorageDirectory.java:tryLock(328)) - Lock on /workdir/hadoop-ozone/integration-test/target/test-dir/MiniOzoneClusterImpl-3072ea79-444e-478b-951c-ea383f4180ba/datanode-5/data/ratis/f021c558-1ab6-4035-bcbb-ce1cbeb6383d/in_use.lock acquired by nodename 22472@pr-hdds-2297-rpftj-184604365
2019-10-14 10:26:21,582 [pool-129-thread-1] INFO  storage.RaftStorageDirectory (RaftStorageDirectory.java:tryLock(328)) - Lock on /workdir/hadoop-ozone/integration-test/target/test-dir/MiniOzoneClusterImpl-3072ea79-444e-478b-951c-ea383f4180ba/datanode-1/data/ratis/f021c558-1ab6-4035-bcbb-ce1cbeb6383d/in_use.lock acquired by nodename 22472@pr-hdds-2297-rpftj-184604365
2019-10-14 10:26:21,604 [pool-159-thread-1] INFO  storage.RaftStorage (RaftStorage.java:format(84)) - Storage directory /workdir/hadoop-ozone/integration-test/target/test-dir/MiniOzoneClusterImpl-3072ea79-444e-478b-951c-ea383f4180ba/datanode-4/data/ratis/f021c558-1ab6-4035-bcbb-ce1cbeb6383d has been successfully formatted.
2019-10-14 10:26:21,604 [pool-129-thread-1] INFO  storage.RaftStorage (RaftStorage.java:format(84)) - Storage directory /workdir/hadoop-ozone/integration-test/target/test-dir/MiniOzoneClusterImpl-3072ea79-444e-478b-951c-ea383f4180ba/datanode-1/data/ratis/f021c558-1ab6-4035-bcbb-ce1cbeb6383d has been successfully formatted.
2019-10-14 10:26:21,604 [pool-159-thread-1] INFO  ratis.ContainerStateMachine (ContainerStateMachine.java:loadSnapshot(231)) - group-CE1CBEB6383D: The snapshot info is null. Setting the last applied indexto:(t:0, i:~)
2019-10-14 10:26:21,604 [pool-169-thread-1] INFO  storage.RaftStorage (RaftStorage.java:format(84)) - Storage directory /workdir/hadoop-ozone/integration-test/target/test-dir/MiniOzoneClusterImpl-3072ea79-444e-478b-951c-ea383f4180ba/datanode-5/data/ratis/f021c558-1ab6-4035-bcbb-ce1cbeb6383d has been successfully formatted.
2019-10-14 10:26:21,604 [pool-159-thread-1] INFO  server.RaftServerConfigKeys (ConfUtils.java:logGet(43)) - raft.server.notification.no-leader.timeout = 120s (custom)
2019-10-14 10:26:21,604 [pool-169-thread-1] INFO  ratis.ContainerStateMachine (ContainerStateMachine.java:loadSnapshot(231)) - group-CE1CBEB6383D: The snapshot info is null. Setting the last applied indexto:(t:0, i:~)
2019-10-14 10:26:21,604 [pool-129-thread-1] INFO  ratis.ContainerStateMachine (ContainerStateMachine.java:loadSnapshot(231)) - group-CE1CBEB6383D: The snapshot info is null. Setting the last applied indexto:(t:0, i:~)
2019-10-14 10:26:21,605 [pool-169-thread-1] INFO  server.RaftServerConfigKeys (ConfUtils.java:logGet(43)) - raft.server.notification.no-leader.timeout = 120s (custom)
2019-10-14 10:26:21,605 [pool-159-thread-1] INFO  server.RaftServerConfigKeys (ConfUtils.java:logGet(43)) - raft.server.log.use.memory = false (default)
2019-10-14 10:26:21,605 [pool-169-thread-1] INFO  server.RaftServerConfigKeys (ConfUtils.java:logGet(43)) - raft.server.log.use.memory = false (default)
2019-10-14 10:26:21,605 [pool-129-thread-1] INFO  server.RaftServerConfigKeys (ConfUtils.java:logGet(43)) - raft.server.notification.no-leader.timeout = 120s (custom)
2019-10-14 10:26:21,605 [pool-169-thread-1] INFO  server.RaftServerConfigKeys (ConfUtils.java:logGet(43)) - raft.server.log.purge.gap = 1000000 (custom)
2019-10-14 10:26:21,605 [pool-159-thread-1] INFO  server.RaftServerConfigKeys (ConfUtils.java:logGet(43)) - raft.server.log.purge.gap = 1000000 (custom)
2019-10-14 10:26:21,606 [pool-169-thread-1] INFO  server.RaftServerConfigKeys (ConfUtils.java:logGet(43)) - raft.server.log.appender.buffer.byte-limit = 33554432 (custom)
2019-10-14 10:26:21,605 [pool-129-thread-1] INFO  server.RaftServerConfigKeys (ConfUtils.java:logGet(43)) - raft.server.log.use.memory = false (default)
2019-10-14 10:26:21,606 [pool-169-thread-1] INFO  server.RaftServerConfigKeys (ConfUtils.java:logGet(43)) - raft.server.log.segment.size.max = 1048576 (custom)
2019-10-14 10:26:21,606 [pool-159-thread-1] INFO  server.RaftServerConfigKeys (ConfUtils.java:logGet(43)) - raft.server.log.appender.buffer.byte-limit = 33554432 (custom)
2019-10-14 10:26:21,606 [pool-169-thread-1] INFO  server.RaftServerConfigKeys (ConfUtils.java:logGet(43)) - raft.server.log.segment.cache.num.max = 2 (custom)
2019-10-14 10:26:21,606 [pool-129-thread-1] INFO  server.RaftServerConfigKeys (ConfUtils.java:logGet(43)) - raft.server.log.purge.gap = 1000000 (custom)
2019-10-14 10:26:21,606 [pool-169-thread-1] INFO  segmented.SegmentedRaftLogWorker (SegmentedRaftLogWorker.java:<init>(173)) - new 4031060a-28bd-4ec2-97b8-c34fb7e04848@group-CE1CBEB6383D-SegmentedRaftLogWorker for RaftStorage:Storage Directory /workdir/hadoop-ozone/integration-test/target/test-dir/MiniOzoneClusterImpl-3072ea79-444e-478b-951c-ea383f4180ba/datanode-5/data/ratis/f021c558-1ab6-4035-bcbb-ce1cbeb6383d
2019-10-14 10:26:21,606 [pool-159-thread-1] INFO  server.RaftServerConfigKeys (ConfUtils.java:logGet(43)) - raft.server.log.segment.size.max = 1048576 (custom)
2019-10-14 10:26:21,607 [pool-169-thread-1] INFO  server.RaftServerConfigKeys (ConfUtils.java:logGet(43)) - raft.server.log.queue.byte-limit = 2147483647 (custom)
2019-10-14 10:26:21,607 [pool-129-thread-1] INFO  server.RaftServerConfigKeys (ConfUtils.java:logGet(43)) - raft.server.log.appender.buffer.byte-limit = 33554432 (custom)
2019-10-14 10:26:21,607 [pool-169-thread-1] INFO  server.RaftServerConfigKeys (ConfUtils.java:logGet(43)) - raft.server.log.queue.element-limit = 1024 (custom)
2019-10-14 10:26:21,607 [pool-159-thread-1] INFO  server.RaftServerConfigKeys (ConfUtils.java:logGet(43)) - raft.server.log.segment.cache.num.max = 2 (custom)
2019-10-14 10:26:21,607 [pool-169-thread-1] INFO  server.RaftServerConfigKeys (ConfUtils.java:logGet(43)) - raft.server.log.segment.size.max = 1048576 (custom)
2019-10-14 10:26:21,607 [pool-129-thread-1] INFO  server.RaftServerConfigKeys (ConfUtils.java:logGet(43)) - raft.server.log.segment.size.max = 1048576 (custom)
2019-10-14 10:26:21,608 [pool-169-thread-1] INFO  server.RaftServerConfigKeys (ConfUtils.java:logGet(43)) - raft.server.log.preallocated.size = 16384 (custom)
2019-10-14 10:26:21,608 [pool-169-thread-1] INFO  server.RaftServerConfigKeys (ConfUtils.java:logGet(43)) - raft.server.log.write.buffer.size = 33554432 (custom)
2019-10-14 10:26:21,608 [pool-159-thread-1] INFO  segmented.SegmentedRaftLogWorker (SegmentedRaftLogWorker.java:<init>(173)) - new fbdd9009-148c-4ad1-8fbf-9679a6c31dd6@group-CE1CBEB6383D-SegmentedRaftLogWorker for RaftStorage:Storage Directory /workdir/hadoop-ozone/integration-test/target/test-dir/MiniOzoneClusterImpl-3072ea79-444e-478b-951c-ea383f4180ba/datanode-4/data/ratis/f021c558-1ab6-4035-bcbb-ce1cbeb6383d
2019-10-14 10:26:21,608 [pool-169-thread-1] INFO  server.RaftServerConfigKeys (ConfUtils.java:logGet(43)) - raft.server.log.force.sync.num = 128 (default)
2019-10-14 10:26:21,608 [pool-129-thread-1] INFO  server.RaftServerConfigKeys (ConfUtils.java:logGet(43)) - raft.server.log.segment.cache.num.max = 2 (custom)
2019-10-14 10:26:21,609 [pool-169-thread-1] INFO  server.RaftServerConfigKeys (ConfUtils.java:logGet(43)) - raft.server.log.statemachine.data.sync = true (default)
2019-10-14 10:26:21,608 [pool-159-thread-1] INFO  server.RaftServerConfigKeys (ConfUtils.java:logGet(43)) - raft.server.log.queue.byte-limit = 2147483647 (custom)
2019-10-14 10:26:21,609 [pool-169-thread-1] INFO  server.RaftServerConfigKeys (ConfUtils.java:logGet(43)) - raft.server.log.statemachine.data.sync.timeout = 10s (default)
2019-10-14 10:26:21,609 [pool-129-thread-1] INFO  segmented.SegmentedRaftLogWorker (SegmentedRaftLogWorker.java:<init>(173)) - new d08b79a2-19c9-460f-adbf-167e1d4b28fa@group-CE1CBEB6383D-SegmentedRaftLogWorker for RaftStorage:Storage Directory /workdir/hadoop-ozone/integration-test/target/test-dir/MiniOzoneClusterImpl-3072ea79-444e-478b-951c-ea383f4180ba/datanode-1/data/ratis/f021c558-1ab6-4035-bcbb-ce1cbeb6383d
2019-10-14 10:26:21,609 [pool-169-thread-1] INFO  server.RaftServerConfigKeys (ConfUtils.java:logGet(43)) - raft.server.log.statemachine.data.sync.timeout.retry = -1 (default)
2019-10-14 10:26:21,609 [pool-159-thread-1] INFO  server.RaftServerConfigKeys (ConfUtils.java:logGet(43)) - raft.server.log.queue.element-limit = 1024 (custom)
2019-10-14 10:26:21,609 [pool-129-thread-1] INFO  server.RaftServerConfigKeys (ConfUtils.java:logGet(43)) - raft.server.log.queue.byte-limit = 2147483647 (custom)
2019-10-14 10:26:21,610 [pool-159-thread-1] INFO  server.RaftServerConfigKeys (ConfUtils.java:logGet(43)) - raft.server.log.segment.size.max = 1048576 (custom)
2019-10-14 10:26:21,610 [pool-169-thread-1] INFO  server.RaftServerConfigKeys (ConfUtils.java:logGet(43)) - raft.server.log.statemachine.data.caching.enabled = true (custom)
2019-10-14 10:26:21,610 [pool-159-thread-1] INFO  server.RaftServerConfigKeys (ConfUtils.java:logGet(43)) - raft.server.log.preallocated.size = 16384 (custom)
2019-10-14 10:26:21,610 [pool-129-thread-1] INFO  server.RaftServerConfigKeys (ConfUtils.java:logGet(43)) - raft.server.log.queue.element-limit = 1024 (custom)
2019-10-14 10:26:21,610 [pool-169-thread-1] INFO  segmented.SegmentedRaftLogWorker (SegmentedRaftLogWorker.java:lambda$new$0(128)) - 4031060a-28bd-4ec2-97b8-c34fb7e04848@group-CE1CBEB6383D-SegmentedRaftLogWorker: flushIndex: setUnconditionally 0 -> -1
2019-10-14 10:26:21,610 [pool-159-thread-1] INFO  server.RaftServerConfigKeys (ConfUtils.java:logGet(43)) - raft.server.log.write.buffer.size = 33554432 (custom)
2019-10-14 10:26:21,610 [pool-129-thread-1] INFO  server.RaftServerConfigKeys (ConfUtils.java:logGet(43)) - raft.server.log.segment.size.max = 1048576 (custom)
2019-10-14 10:26:21,611 [pool-169-thread-1] INFO  server.RaftServerConfigKeys (ConfUtils.java:logGet(43)) - raft.server.snapshot.auto.trigger.enabled = true (custom)
2019-10-14 10:26:21,611 [pool-159-thread-1] INFO  server.RaftServerConfigKeys (ConfUtils.java:logGet(43)) - raft.server.log.force.sync.num = 128 (default)
2019-10-14 10:26:21,611 [pool-169-thread-1] INFO  server.RaftServerConfigKeys (ConfUtils.java:logGet(43)) - raft.server.snapshot.auto.trigger.threshold = 10000 (custom)
2019-10-14 10:26:21,611 [pool-129-thread-1] INFO  server.RaftServerConfigKeys (ConfUtils.java:logGet(43)) - raft.server.log.preallocated.size = 16384 (custom)
2019-10-14 10:26:21,611 [pool-169-thread-1] INFO  server.RaftServerConfigKeys (ConfUtils.java:logGet(43)) - raft.server.snapshot.retention.file.num = 5 (custom)
2019-10-14 10:26:21,611 [pool-159-thread-1] INFO  server.RaftServerConfigKeys (ConfUtils.java:logGet(43)) - raft.server.log.statemachine.data.sync = true (default)
2019-10-14 10:26:21,612 [pool-169-thread-1] INFO  server.RaftServerConfigKeys (ConfUtils.java:logGet(43)) - raft.server.retrycache.expirytime = 600000ms (custom)
2019-10-14 10:26:21,611 [pool-129-thread-1] INFO  server.RaftServerConfigKeys (ConfUtils.java:logGet(43)) - raft.server.log.write.buffer.size = 33554432 (custom)
2019-10-14 10:26:21,612 [pool-159-thread-1] INFO  server.RaftServerConfigKeys (ConfUtils.java:logGet(43)) - raft.server.log.statemachine.data.sync.timeout = 10s (default)
2019-10-14 10:26:21,612 [pool-129-thread-1] INFO  server.RaftServerConfigKeys (ConfUtils.java:logGet(43)) - raft.server.log.force.sync.num = 128 (default)
2019-10-14 10:26:21,612 [pool-159-thread-1] INFO  server.RaftServerConfigKeys (ConfUtils.java:logGet(43)) - raft.server.log.statemachine.data.sync.timeout.retry = -1 (default)
2019-10-14 10:26:21,613 [pool-129-thread-1] INFO  server.RaftServerConfigKeys (ConfUtils.java:logGet(43)) - raft.server.log.statemachine.data.sync = true (default)
2019-10-14 10:26:21,613 [pool-159-thread-1] INFO  server.RaftServerConfigKeys (ConfUtils.java:logGet(43)) - raft.server.log.statemachine.data.caching.enabled = true (custom)
2019-10-14 10:26:21,613 [pool-129-thread-1] INFO  server.RaftServerConfigKeys (ConfUtils.java:logGet(43)) - raft.server.log.statemachine.data.sync.timeout = 10s (default)
2019-10-14 10:26:21,613 [pool-159-thread-1] INFO  segmented.SegmentedRaftLogWorker (SegmentedRaftLogWorker.java:lambda$new$0(128)) - fbdd9009-148c-4ad1-8fbf-9679a6c31dd6@group-CE1CBEB6383D-SegmentedRaftLogWorker: flushIndex: setUnconditionally 0 -> -1
2019-10-14 10:26:21,613 [pool-129-thread-1] INFO  server.RaftServerConfigKeys (ConfUtils.java:logGet(43)) - raft.server.log.statemachine.data.sync.timeout.retry = -1 (default)
2019-10-14 10:26:21,613 [pool-159-thread-1] INFO  server.RaftServerConfigKeys (ConfUtils.java:logGet(43)) - raft.server.snapshot.auto.trigger.enabled = true (custom)
2019-10-14 10:26:21,614 [pool-129-thread-1] INFO  server.RaftServerConfigKeys (ConfUtils.java:logGet(43)) - raft.server.log.statemachine.data.caching.enabled = true (custom)
2019-10-14 10:26:21,614 [pool-159-thread-1] INFO  server.RaftServerConfigKeys (ConfUtils.java:logGet(43)) - raft.server.snapshot.auto.trigger.threshold = 10000 (custom)
2019-10-14 10:26:21,614 [pool-129-thread-1] INFO  segmented.SegmentedRaftLogWorker (SegmentedRaftLogWorker.java:lambda$new$0(128)) - d08b79a2-19c9-460f-adbf-167e1d4b28fa@group-CE1CBEB6383D-SegmentedRaftLogWorker: flushIndex: setUnconditionally 0 -> -1
2019-10-14 10:26:21,614 [pool-159-thread-1] INFO  server.RaftServerConfigKeys (ConfUtils.java:logGet(43)) - raft.server.snapshot.retention.file.num = 5 (custom)
2019-10-14 10:26:21,614 [pool-129-thread-1] INFO  server.RaftServerConfigKeys (ConfUtils.java:logGet(43)) - raft.server.snapshot.auto.trigger.enabled = true (custom)
2019-10-14 10:26:21,614 [pool-169-thread-1] INFO  impl.RaftServerImpl (RaftServerImpl.java:start(181)) - 4031060a-28bd-4ec2-97b8-c34fb7e04848@group-CE1CBEB6383D: start as a follower, conf=-1: [4031060a-28bd-4ec2-97b8-c34fb7e04848:192.168.5.145:42386, fbdd9009-148c-4ad1-8fbf-9679a6c31dd6:192.168.5.145:46505, d08b79a2-19c9-460f-adbf-167e1d4b28fa:192.168.5.145:34968], old=null
2019-10-14 10:26:21,614 [pool-159-thread-1] INFO  server.RaftServerConfigKeys (ConfUtils.java:logGet(43)) - raft.server.retrycache.expirytime = 600000ms (custom)
2019-10-14 10:26:21,615 [pool-169-thread-1] INFO  impl.RaftServerImpl (RaftServerImpl.java:setRole(170)) - 4031060a-28bd-4ec2-97b8-c34fb7e04848@group-CE1CBEB6383D: changes role from      null to FOLLOWER at term 0 for startAsFollower
2019-10-14 10:26:21,614 [pool-129-thread-1] INFO  server.RaftServerConfigKeys (ConfUtils.java:logGet(43)) - raft.server.snapshot.auto.trigger.threshold = 10000 (custom)
2019-10-14 10:26:21,615 [pool-169-thread-1] INFO  impl.RoleInfo (RoleInfo.java:updateAndGet(143)) - 4031060a-28bd-4ec2-97b8-c34fb7e04848: start FollowerState
2019-10-14 10:26:21,615 [pool-129-thread-1] INFO  server.RaftServerConfigKeys (ConfUtils.java:logGet(43)) - raft.server.snapshot.retention.file.num = 5 (custom)
2019-10-14 10:26:21,615 [pool-169-thread-1] INFO  util.JmxRegister (JmxRegister.java:tryRegister(44)) - Successfully registered JMX Bean with object name Ratis:service=RaftServer,group=group-CE1CBEB6383D,id=4031060a-28bd-4ec2-97b8-c34fb7e04848
2019-10-14 10:26:21,615 [pool-129-thread-1] INFO  server.RaftServerConfigKeys (ConfUtils.java:logGet(43)) - raft.server.retrycache.expirytime = 600000ms (custom)
2019-10-14 10:26:21,618 [pool-159-thread-1] INFO  impl.RaftServerImpl (RaftServerImpl.java:start(181)) - fbdd9009-148c-4ad1-8fbf-9679a6c31dd6@group-CE1CBEB6383D: start as a follower, conf=-1: [4031060a-28bd-4ec2-97b8-c34fb7e04848:192.168.5.145:42386, fbdd9009-148c-4ad1-8fbf-9679a6c31dd6:192.168.5.145:46505, d08b79a2-19c9-460f-adbf-167e1d4b28fa:192.168.5.145:34968], old=null
2019-10-14 10:26:21,618 [pool-159-thread-1] INFO  impl.RaftServerImpl (RaftServerImpl.java:setRole(170)) - fbdd9009-148c-4ad1-8fbf-9679a6c31dd6@group-CE1CBEB6383D: changes role from      null to FOLLOWER at term 0 for startAsFollower
2019-10-14 10:26:21,618 [pool-159-thread-1] INFO  impl.RoleInfo (RoleInfo.java:updateAndGet(143)) - fbdd9009-148c-4ad1-8fbf-9679a6c31dd6: start FollowerState
2019-10-14 10:26:21,619 [pool-159-thread-1] INFO  util.JmxRegister (JmxRegister.java:tryRegister(44)) - Successfully registered JMX Bean with object name Ratis:service=RaftServer,group=group-CE1CBEB6383D,id=fbdd9009-148c-4ad1-8fbf-9679a6c31dd6
2019-10-14 10:26:21,619 [pool-129-thread-1] INFO  impl.RaftServerImpl (RaftServerImpl.java:start(181)) - d08b79a2-19c9-460f-adbf-167e1d4b28fa@group-CE1CBEB6383D: start as a follower, conf=-1: [4031060a-28bd-4ec2-97b8-c34fb7e04848:192.168.5.145:42386, fbdd9009-148c-4ad1-8fbf-9679a6c31dd6:192.168.5.145:46505, d08b79a2-19c9-460f-adbf-167e1d4b28fa:192.168.5.145:34968], old=null
2019-10-14 10:26:21,619 [pool-129-thread-1] INFO  impl.RaftServerImpl (RaftServerImpl.java:setRole(170)) - d08b79a2-19c9-460f-adbf-167e1d4b28fa@group-CE1CBEB6383D: changes role from      null to FOLLOWER at term 0 for startAsFollower
2019-10-14 10:26:21,619 [pool-129-thread-1] INFO  impl.RoleInfo (RoleInfo.java:updateAndGet(143)) - d08b79a2-19c9-460f-adbf-167e1d4b28fa: start FollowerState
2019-10-14 10:26:21,620 [pool-129-thread-1] INFO  util.JmxRegister (JmxRegister.java:tryRegister(44)) - Successfully registered JMX Bean with object name Ratis:service=RaftServer,group=group-CE1CBEB6383D,id=d08b79a2-19c9-460f-adbf-167e1d4b28fa
2019-10-14 10:26:21,625 [RatisPipelineUtilsThread] INFO  pipeline.PipelineStateManager (PipelineStateManager.java:addPipeline(56)) - Created pipeline Pipeline[ Id: f021c558-1ab6-4035-bcbb-ce1cbeb6383d, Nodes: fbdd9009-148c-4ad1-8fbf-9679a6c31dd6{ip: 192.168.5.145, host: pr-hdds-2297-rpftj-184604365, networkLocation: /default-rack, certSerialId: null}4031060a-28bd-4ec2-97b8-c34fb7e04848{ip: 192.168.5.145, host: pr-hdds-2297-rpftj-184604365, networkLocation: /default-rack, certSerialId: null}d08b79a2-19c9-460f-adbf-167e1d4b28fa{ip: 192.168.5.145, host: pr-hdds-2297-rpftj-184604365, networkLocation: /default-rack, certSerialId: null}, Type:RATIS, Factor:THREE, State:OPEN]
2019-10-14 10:26:22,373 [main] INFO  ozone.MiniOzoneClusterImpl (MiniOzoneClusterImpl.java:lambda$waitForClusterToBeReady$0(147)) - Cluster is ready. Got 7 of 7 DN Heartbeats.
2019-10-14 10:26:22,417 [main] INFO  rpc.RpcClient (RpcClient.java:createVolume(272)) - Creating Volume: testblockoutputstreamwithretries, with jenkins1000 as owner.
2019-10-14 10:26:22,423 [IPC Server handler 2 on 33386] INFO  volume.OMVolumeCreateRequest (OMVolumeCreateRequest.java:validateAndUpdateCache(193)) - created volume:testblockoutputstreamwithretries for user:jenkins1000
2019-10-14 10:26:22,441 [main] INFO  rpc.RpcClient (RpcClient.java:createBucket(411)) - Creating Bucket: testblockoutputstreamwithretries/testblockoutputstreamwithretries, with Versioning false and Storage Type set to DISK and Encryption set to false 
2019-10-14 10:26:23,998 [Thread-692] INFO  container.ReplicationManager (ReplicationManager.java:start(162)) - Starting Replication Monitor Thread.
2019-10-14 10:26:24,001 [ReplicationMonitor] INFO  container.ReplicationManager (ReplicationManager.java:run(225)) - Replication Monitor Thread took 0 milliseconds for processing 3 containers.
2019-10-14 10:26:26,245 [Thread-694] INFO  impl.FollowerState (FollowerState.java:run(108)) - f8dbb98f-c520-465b-9b5e-774751dbfbea@group-EC6C7491E947-FollowerState: change to CANDIDATE, lastRpcTime:5189ms, electionTimeout:5189ms
2019-10-14 10:26:26,246 [Thread-694] INFO  impl.RoleInfo (RoleInfo.java:shutdownFollowerState(121)) - f8dbb98f-c520-465b-9b5e-774751dbfbea: shutdown FollowerState
2019-10-14 10:26:26,247 [Thread-694] INFO  impl.RaftServerImpl (RaftServerImpl.java:setRole(170)) - f8dbb98f-c520-465b-9b5e-774751dbfbea@group-EC6C7491E947: changes role from  FOLLOWER to CANDIDATE at term 0 for changeToCandidate
2019-10-14 10:26:26,247 [Thread-694] INFO  impl.RoleInfo (RoleInfo.java:updateAndGet(143)) - f8dbb98f-c520-465b-9b5e-774751dbfbea: start LeaderElection
2019-10-14 10:26:26,276 [Thread-700] INFO  impl.FollowerState (FollowerState.java:run(108)) - 7c15f8c6-c38e-4932-bb42-ca0f23deefa3@group-6152D29D0DAB-FollowerState: change to CANDIDATE, lastRpcTime:5096ms, electionTimeout:5078ms
2019-10-14 10:26:26,276 [Thread-700] INFO  impl.RoleInfo (RoleInfo.java:shutdownFollowerState(121)) - 7c15f8c6-c38e-4932-bb42-ca0f23deefa3: shutdown FollowerState
2019-10-14 10:26:26,276 [Thread-700] INFO  impl.RaftServerImpl (RaftServerImpl.java:setRole(170)) - 7c15f8c6-c38e-4932-bb42-ca0f23deefa3@group-6152D29D0DAB: changes role from  FOLLOWER to CANDIDATE at term 0 for changeToCandidate
2019-10-14 10:26:26,276 [Thread-700] INFO  impl.RoleInfo (RoleInfo.java:updateAndGet(143)) - 7c15f8c6-c38e-4932-bb42-ca0f23deefa3: start LeaderElection
2019-10-14 10:26:26,293 [f8dbb98f-c520-465b-9b5e-774751dbfbea@group-EC6C7491E947-LeaderElection18] INFO  impl.LeaderElection (LeaderElection.java:askForVotes(178)) - f8dbb98f-c520-465b-9b5e-774751dbfbea@group-EC6C7491E947-LeaderElection18: begin an election at term 1 for -1: [f8dbb98f-c520-465b-9b5e-774751dbfbea:192.168.5.145:35931], old=null
2019-10-14 10:26:26,293 [7c15f8c6-c38e-4932-bb42-ca0f23deefa3@group-6152D29D0DAB-LeaderElection19] INFO  impl.LeaderElection (LeaderElection.java:askForVotes(178)) - 7c15f8c6-c38e-4932-bb42-ca0f23deefa3@group-6152D29D0DAB-LeaderElection19: begin an election at term 1 for -1: [7c15f8c6-c38e-4932-bb42-ca0f23deefa3:192.168.5.145:38937], old=null
2019-10-14 10:26:26,293 [f8dbb98f-c520-465b-9b5e-774751dbfbea@group-EC6C7491E947-LeaderElection18] INFO  impl.RoleInfo (RoleInfo.java:shutdownLeaderElection(134)) - f8dbb98f-c520-465b-9b5e-774751dbfbea: shutdown LeaderElection
2019-10-14 10:26:26,293 [7c15f8c6-c38e-4932-bb42-ca0f23deefa3@group-6152D29D0DAB-LeaderElection19] INFO  impl.RoleInfo (RoleInfo.java:shutdownLeaderElection(134)) - 7c15f8c6-c38e-4932-bb42-ca0f23deefa3: shutdown LeaderElection
2019-10-14 10:26:26,293 [f8dbb98f-c520-465b-9b5e-774751dbfbea@group-EC6C7491E947-LeaderElection18] INFO  impl.RaftServerImpl (RaftServerImpl.java:setRole(170)) - f8dbb98f-c520-465b-9b5e-774751dbfbea@group-EC6C7491E947: changes role from CANDIDATE to LEADER at term 1 for changeToLeader
2019-10-14 10:26:26,294 [7c15f8c6-c38e-4932-bb42-ca0f23deefa3@group-6152D29D0DAB-LeaderElection19] INFO  impl.RaftServerImpl (RaftServerImpl.java:setRole(170)) - 7c15f8c6-c38e-4932-bb42-ca0f23deefa3@group-6152D29D0DAB: changes role from CANDIDATE to LEADER at term 1 for changeToLeader
2019-10-14 10:26:26,294 [f8dbb98f-c520-465b-9b5e-774751dbfbea@group-EC6C7491E947-LeaderElection18] INFO  impl.RaftServerImpl (ServerState.java:setLeader(255)) - f8dbb98f-c520-465b-9b5e-774751dbfbea@group-EC6C7491E947: change Leader from null to f8dbb98f-c520-465b-9b5e-774751dbfbea at term 1 for becomeLeader, leader elected after 5248ms
2019-10-14 10:26:26,294 [7c15f8c6-c38e-4932-bb42-ca0f23deefa3@group-6152D29D0DAB-LeaderElection19] INFO  impl.RaftServerImpl (ServerState.java:setLeader(255)) - 7c15f8c6-c38e-4932-bb42-ca0f23deefa3@group-6152D29D0DAB: change Leader from null to 7c15f8c6-c38e-4932-bb42-ca0f23deefa3 at term 1 for becomeLeader, leader elected after 5125ms
2019-10-14 10:26:26,296 [f8dbb98f-c520-465b-9b5e-774751dbfbea@group-EC6C7491E947-LeaderElection18] INFO  server.RaftServerConfigKeys (ConfUtils.java:logGet(43)) - raft.server.staging.catchup.gap = 1000 (default)
2019-10-14 10:26:26,297 [f8dbb98f-c520-465b-9b5e-774751dbfbea@group-EC6C7491E947-LeaderElection18] INFO  server.RaftServerConfigKeys (ConfUtils.java:logGet(43)) - raft.server.rpc.sleep.time = 25ms (default)
2019-10-14 10:26:26,299 [7c15f8c6-c38e-4932-bb42-ca0f23deefa3@group-6152D29D0DAB-LeaderElection19] INFO  server.RaftServerConfigKeys (ConfUtils.java:logGet(43)) - raft.server.staging.catchup.gap = 1000 (default)
2019-10-14 10:26:26,300 [7c15f8c6-c38e-4932-bb42-ca0f23deefa3@group-6152D29D0DAB-LeaderElection19] INFO  server.RaftServerConfigKeys (ConfUtils.java:logGet(43)) - raft.server.rpc.sleep.time = 25ms (default)
2019-10-14 10:26:26,300 [f8dbb98f-c520-465b-9b5e-774751dbfbea@group-EC6C7491E947-LeaderElection18] INFO  server.RaftServerConfigKeys (ConfUtils.java:logGet(43)) - raft.server.write.element-limit = 4096 (default)
2019-10-14 10:26:26,300 [7c15f8c6-c38e-4932-bb42-ca0f23deefa3@group-6152D29D0DAB-LeaderElection19] INFO  server.RaftServerConfigKeys (ConfUtils.java:logGet(43)) - raft.server.write.element-limit = 4096 (default)
2019-10-14 10:26:26,300 [f8dbb98f-c520-465b-9b5e-774751dbfbea@group-EC6C7491E947-LeaderElection18] INFO  server.RaftServerConfigKeys (ConfUtils.java:logGet(43)) - raft.server.watch.timeout = 10s (default)
2019-10-14 10:26:26,300 [7c15f8c6-c38e-4932-bb42-ca0f23deefa3@group-6152D29D0DAB-LeaderElection19] INFO  server.RaftServerConfigKeys (ConfUtils.java:logGet(43)) - raft.server.watch.timeout = 10s (default)
2019-10-14 10:26:26,300 [f8dbb98f-c520-465b-9b5e-774751dbfbea@group-EC6C7491E947-LeaderElection18] INFO  server.RaftServerConfigKeys (ConfUtils.java:logGet(43)) - raft.server.watch.timeout.denomination = 1s (default)
2019-10-14 10:26:26,301 [7c15f8c6-c38e-4932-bb42-ca0f23deefa3@group-6152D29D0DAB-LeaderElection19] INFO  server.RaftServerConfigKeys (ConfUtils.java:logGet(43)) - raft.server.watch.timeout.denomination = 1s (default)
2019-10-14 10:26:26,301 [f8dbb98f-c520-465b-9b5e-774751dbfbea@group-EC6C7491E947-LeaderElection18] INFO  server.RaftServerConfigKeys (ConfUtils.java:logGet(43)) - raft.server.watch.element-limit = 65536 (default)
2019-10-14 10:26:26,301 [7c15f8c6-c38e-4932-bb42-ca0f23deefa3@group-6152D29D0DAB-LeaderElection19] INFO  server.RaftServerConfigKeys (ConfUtils.java:logGet(43)) - raft.server.watch.element-limit = 65536 (default)
2019-10-14 10:26:26,306 [7c15f8c6-c38e-4932-bb42-ca0f23deefa3@group-6152D29D0DAB-LeaderElection19] INFO  impl.RoleInfo (RoleInfo.java:updateAndGet(143)) - 7c15f8c6-c38e-4932-bb42-ca0f23deefa3: start LeaderState
2019-10-14 10:26:26,306 [f8dbb98f-c520-465b-9b5e-774751dbfbea@group-EC6C7491E947-LeaderElection18] INFO  impl.RoleInfo (RoleInfo.java:updateAndGet(143)) - f8dbb98f-c520-465b-9b5e-774751dbfbea: start LeaderState
2019-10-14 10:26:26,306 [f8dbb98f-c520-465b-9b5e-774751dbfbea@group-EC6C7491E947-LeaderElection18] INFO  segmented.SegmentedRaftLogWorker (SegmentedRaftLogWorker.java:startLogSegment(385)) - f8dbb98f-c520-465b-9b5e-774751dbfbea@group-EC6C7491E947-SegmentedRaftLogWorker: Starting segment from index:0
2019-10-14 10:26:26,306 [7c15f8c6-c38e-4932-bb42-ca0f23deefa3@group-6152D29D0DAB-LeaderElection19] INFO  segmented.SegmentedRaftLogWorker (SegmentedRaftLogWorker.java:startLogSegment(385)) - 7c15f8c6-c38e-4932-bb42-ca0f23deefa3@group-6152D29D0DAB-SegmentedRaftLogWorker: Starting segment from index:0
2019-10-14 10:26:26,307 [f8dbb98f-c520-465b-9b5e-774751dbfbea@group-EC6C7491E947-LeaderElection18] INFO  impl.RaftServerImpl (ServerState.java:setRaftConf(356)) - f8dbb98f-c520-465b-9b5e-774751dbfbea@group-EC6C7491E947: set configuration 0: [f8dbb98f-c520-465b-9b5e-774751dbfbea:192.168.5.145:35931], old=null at 0
2019-10-14 10:26:26,307 [7c15f8c6-c38e-4932-bb42-ca0f23deefa3@group-6152D29D0DAB-LeaderElection19] INFO  impl.RaftServerImpl (ServerState.java:setRaftConf(356)) - 7c15f8c6-c38e-4932-bb42-ca0f23deefa3@group-6152D29D0DAB: set configuration 0: [7c15f8c6-c38e-4932-bb42-ca0f23deefa3:192.168.5.145:38937], old=null at 0
2019-10-14 10:26:26,347 [Thread-697] INFO  impl.FollowerState (FollowerState.java:run(108)) - d08b79a2-19c9-460f-adbf-167e1d4b28fa@group-9C39E9040F85-FollowerState: change to CANDIDATE, lastRpcTime:5227ms, electionTimeout:5192ms
2019-10-14 10:26:26,346 [Thread-703] INFO  impl.FollowerState (FollowerState.java:run(108)) - d188d7df-a98d-4c55-b2ec-1bf3b33e499c@group-FC0EED644F76-FollowerState: change to CANDIDATE, lastRpcTime:5108ms, electionTimeout:5095ms
2019-10-14 10:26:26,350 [Thread-697] INFO  impl.RoleInfo (RoleInfo.java:shutdownFollowerState(121)) - d08b79a2-19c9-460f-adbf-167e1d4b28fa: shutdown FollowerState
2019-10-14 10:26:26,350 [Thread-703] INFO  impl.RoleInfo (RoleInfo.java:shutdownFollowerState(121)) - d188d7df-a98d-4c55-b2ec-1bf3b33e499c: shutdown FollowerState
2019-10-14 10:26:26,350 [Thread-697] INFO  impl.RaftServerImpl (RaftServerImpl.java:setRole(170)) - d08b79a2-19c9-460f-adbf-167e1d4b28fa@group-9C39E9040F85: changes role from  FOLLOWER to CANDIDATE at term 0 for changeToCandidate
2019-10-14 10:26:26,350 [Thread-703] INFO  impl.RaftServerImpl (RaftServerImpl.java:setRole(170)) - d188d7df-a98d-4c55-b2ec-1bf3b33e499c@group-FC0EED644F76: changes role from  FOLLOWER to CANDIDATE at term 0 for changeToCandidate
2019-10-14 10:26:26,350 [Thread-697] INFO  impl.RoleInfo (RoleInfo.java:updateAndGet(143)) - d08b79a2-19c9-460f-adbf-167e1d4b28fa: start LeaderElection
2019-10-14 10:26:26,350 [Thread-703] INFO  impl.RoleInfo (RoleInfo.java:updateAndGet(143)) - d188d7df-a98d-4c55-b2ec-1bf3b33e499c: start LeaderElection
2019-10-14 10:26:26,364 [f8dbb98f-c520-465b-9b5e-774751dbfbea@group-EC6C7491E947-SegmentedRaftLogWorker] INFO  segmented.SegmentedRaftLogWorker (SegmentedRaftLogWorker.java:execute(574)) - f8dbb98f-c520-465b-9b5e-774751dbfbea@group-EC6C7491E947-SegmentedRaftLogWorker: created new log segment /workdir/hadoop-ozone/integration-test/target/test-dir/MiniOzoneClusterImpl-3072ea79-444e-478b-951c-ea383f4180ba/datanode-0/data/ratis/e1517531-a0aa-4301-b408-ec6c7491e947/current/log_inprogress_0
2019-10-14 10:26:26,364 [7c15f8c6-c38e-4932-bb42-ca0f23deefa3@group-6152D29D0DAB-SegmentedRaftLogWorker] INFO  segmented.SegmentedRaftLogWorker (SegmentedRaftLogWorker.java:execute(574)) - 7c15f8c6-c38e-4932-bb42-ca0f23deefa3@group-6152D29D0DAB-SegmentedRaftLogWorker: created new log segment /workdir/hadoop-ozone/integration-test/target/test-dir/MiniOzoneClusterImpl-3072ea79-444e-478b-951c-ea383f4180ba/datanode-2/data/ratis/f33b1701-73d6-487d-8bf7-6152d29d0dab/current/log_inprogress_0
2019-10-14 10:26:26,389 [d188d7df-a98d-4c55-b2ec-1bf3b33e499c@group-FC0EED644F76-LeaderElection21] INFO  impl.LeaderElection (LeaderElection.java:askForVotes(178)) - d188d7df-a98d-4c55-b2ec-1bf3b33e499c@group-FC0EED644F76-LeaderElection21: begin an election at term 1 for -1: [d188d7df-a98d-4c55-b2ec-1bf3b33e499c:192.168.5.145:34023], old=null
2019-10-14 10:26:26,389 [d08b79a2-19c9-460f-adbf-167e1d4b28fa@group-9C39E9040F85-LeaderElection20] INFO  impl.LeaderElection (LeaderElection.java:askForVotes(178)) - d08b79a2-19c9-460f-adbf-167e1d4b28fa@group-9C39E9040F85-LeaderElection20: begin an election at term 1 for -1: [d08b79a2-19c9-460f-adbf-167e1d4b28fa:192.168.5.145:34968], old=null
2019-10-14 10:26:26,390 [d188d7df-a98d-4c55-b2ec-1bf3b33e499c@group-FC0EED644F76-LeaderElection21] INFO  impl.RoleInfo (RoleInfo.java:shutdownLeaderElection(134)) - d188d7df-a98d-4c55-b2ec-1bf3b33e499c: shutdown LeaderElection
2019-10-14 10:26:26,390 [d08b79a2-19c9-460f-adbf-167e1d4b28fa@group-9C39E9040F85-LeaderElection20] INFO  impl.RoleInfo (RoleInfo.java:shutdownLeaderElection(134)) - d08b79a2-19c9-460f-adbf-167e1d4b28fa: shutdown LeaderElection
2019-10-14 10:26:26,390 [d188d7df-a98d-4c55-b2ec-1bf3b33e499c@group-FC0EED644F76-LeaderElection21] INFO  impl.RaftServerImpl (RaftServerImpl.java:setRole(170)) - d188d7df-a98d-4c55-b2ec-1bf3b33e499c@group-FC0EED644F76: changes role from CANDIDATE to LEADER at term 1 for changeToLeader
2019-10-14 10:26:26,390 [d08b79a2-19c9-460f-adbf-167e1d4b28fa@group-9C39E9040F85-LeaderElection20] INFO  impl.RaftServerImpl (RaftServerImpl.java:setRole(170)) - d08b79a2-19c9-460f-adbf-167e1d4b28fa@group-9C39E9040F85: changes role from CANDIDATE to LEADER at term 1 for changeToLeader
2019-10-14 10:26:26,390 [d188d7df-a98d-4c55-b2ec-1bf3b33e499c@group-FC0EED644F76-LeaderElection21] INFO  impl.RaftServerImpl (ServerState.java:setLeader(255)) - d188d7df-a98d-4c55-b2ec-1bf3b33e499c@group-FC0EED644F76: change Leader from null to d188d7df-a98d-4c55-b2ec-1bf3b33e499c at term 1 for becomeLeader, leader elected after 5160ms
2019-10-14 10:26:26,390 [d08b79a2-19c9-460f-adbf-167e1d4b28fa@group-9C39E9040F85-LeaderElection20] INFO  impl.RaftServerImpl (ServerState.java:setLeader(255)) - d08b79a2-19c9-460f-adbf-167e1d4b28fa@group-9C39E9040F85: change Leader from null to d08b79a2-19c9-460f-adbf-167e1d4b28fa at term 1 for becomeLeader, leader elected after 5279ms
2019-10-14 10:26:26,392 [d188d7df-a98d-4c55-b2ec-1bf3b33e499c@group-FC0EED644F76-LeaderElection21] INFO  server.RaftServerConfigKeys (ConfUtils.java:logGet(43)) - raft.server.staging.catchup.gap = 1000 (default)
2019-10-14 10:26:26,394 [d08b79a2-19c9-460f-adbf-167e1d4b28fa@group-9C39E9040F85-LeaderElection20] INFO  server.RaftServerConfigKeys (ConfUtils.java:logGet(43)) - raft.server.staging.catchup.gap = 1000 (default)
2019-10-14 10:26:26,394 [d188d7df-a98d-4c55-b2ec-1bf3b33e499c@group-FC0EED644F76-LeaderElection21] INFO  server.RaftServerConfigKeys (ConfUtils.java:logGet(43)) - raft.server.rpc.sleep.time = 25ms (default)
2019-10-14 10:26:26,395 [Thread-706] INFO  impl.FollowerState (FollowerState.java:run(108)) - fbdd9009-148c-4ad1-8fbf-9679a6c31dd6@group-99BF98E5A231-FollowerState: change to CANDIDATE, lastRpcTime:5069ms, electionTimeout:5067ms
2019-10-14 10:26:26,395 [d188d7df-a98d-4c55-b2ec-1bf3b33e499c@group-FC0EED644F76-LeaderElection21] INFO  server.RaftServerConfigKeys (ConfUtils.java:logGet(43)) - raft.server.write.element-limit = 4096 (default)
2019-10-14 10:26:26,395 [d08b79a2-19c9-460f-adbf-167e1d4b28fa@group-9C39E9040F85-LeaderElection20] INFO  server.RaftServerConfigKeys (ConfUtils.java:logGet(43)) - raft.server.rpc.sleep.time = 25ms (default)
2019-10-14 10:26:26,395 [d188d7df-a98d-4c55-b2ec-1bf3b33e499c@group-FC0EED644F76-LeaderElection21] INFO  server.RaftServerConfigKeys (ConfUtils.java:logGet(43)) - raft.server.watch.timeout = 10s (default)
2019-10-14 10:26:26,395 [Thread-706] INFO  impl.RoleInfo (RoleInfo.java:shutdownFollowerState(121)) - fbdd9009-148c-4ad1-8fbf-9679a6c31dd6: shutdown FollowerState
2019-10-14 10:26:26,396 [d08b79a2-19c9-460f-adbf-167e1d4b28fa@group-9C39E9040F85-LeaderElection20] INFO  server.RaftServerConfigKeys (ConfUtils.java:logGet(43)) - raft.server.write.element-limit = 4096 (default)
2019-10-14 10:26:26,396 [d188d7df-a98d-4c55-b2ec-1bf3b33e499c@group-FC0EED644F76-LeaderElection21] INFO  server.RaftServerConfigKeys (ConfUtils.java:logGet(43)) - raft.server.watch.timeout.denomination = 1s (default)
2019-10-14 10:26:26,396 [d08b79a2-19c9-460f-adbf-167e1d4b28fa@group-9C39E9040F85-LeaderElection20] INFO  server.RaftServerConfigKeys (ConfUtils.java:logGet(43)) - raft.server.watch.timeout = 10s (default)
2019-10-14 10:26:26,396 [Thread-706] INFO  impl.RaftServerImpl (RaftServerImpl.java:setRole(170)) - fbdd9009-148c-4ad1-8fbf-9679a6c31dd6@group-99BF98E5A231: changes role from  FOLLOWER to CANDIDATE at term 0 for changeToCandidate
2019-10-14 10:26:26,396 [d08b79a2-19c9-460f-adbf-167e1d4b28fa@group-9C39E9040F85-LeaderElection20] INFO  server.RaftServerConfigKeys (ConfUtils.java:logGet(43)) - raft.server.watch.timeout.denomination = 1s (default)
2019-10-14 10:26:26,396 [d188d7df-a98d-4c55-b2ec-1bf3b33e499c@group-FC0EED644F76-LeaderElection21] INFO  server.RaftServerConfigKeys (ConfUtils.java:logGet(43)) - raft.server.watch.element-limit = 65536 (default)
2019-10-14 10:26:26,397 [d08b79a2-19c9-460f-adbf-167e1d4b28fa@group-9C39E9040F85-LeaderElection20] INFO  server.RaftServerConfigKeys (ConfUtils.java:logGet(43)) - raft.server.watch.element-limit = 65536 (default)
2019-10-14 10:26:26,397 [Thread-706] INFO  impl.RoleInfo (RoleInfo.java:updateAndGet(143)) - fbdd9009-148c-4ad1-8fbf-9679a6c31dd6: start LeaderElection
2019-10-14 10:26:26,404 [d188d7df-a98d-4c55-b2ec-1bf3b33e499c@group-FC0EED644F76-LeaderElection21] INFO  impl.RoleInfo (RoleInfo.java:updateAndGet(143)) - d188d7df-a98d-4c55-b2ec-1bf3b33e499c: start LeaderState
2019-10-14 10:26:26,404 [d188d7df-a98d-4c55-b2ec-1bf3b33e499c@group-FC0EED644F76-LeaderElection21] INFO  segmented.SegmentedRaftLogWorker (SegmentedRaftLogWorker.java:startLogSegment(385)) - d188d7df-a98d-4c55-b2ec-1bf3b33e499c@group-FC0EED644F76-SegmentedRaftLogWorker: Starting segment from index:0
2019-10-14 10:26:26,405 [d08b79a2-19c9-460f-adbf-167e1d4b28fa@group-9C39E9040F85-LeaderElection20] INFO  impl.RoleInfo (RoleInfo.java:updateAndGet(143)) - d08b79a2-19c9-460f-adbf-167e1d4b28fa: start LeaderState
2019-10-14 10:26:26,405 [d188d7df-a98d-4c55-b2ec-1bf3b33e499c@group-FC0EED644F76-LeaderElection21] INFO  impl.RaftServerImpl (ServerState.java:setRaftConf(356)) - d188d7df-a98d-4c55-b2ec-1bf3b33e499c@group-FC0EED644F76: set configuration 0: [d188d7df-a98d-4c55-b2ec-1bf3b33e499c:192.168.5.145:34023], old=null at 0
2019-10-14 10:26:26,443 [fbdd9009-148c-4ad1-8fbf-9679a6c31dd6@group-99BF98E5A231-LeaderElection22] INFO  impl.LeaderElection (LeaderElection.java:askForVotes(178)) - fbdd9009-148c-4ad1-8fbf-9679a6c31dd6@group-99BF98E5A231-LeaderElection22: begin an election at term 1 for -1: [fbdd9009-148c-4ad1-8fbf-9679a6c31dd6:192.168.5.145:46505], old=null
2019-10-14 10:26:26,444 [d08b79a2-19c9-460f-adbf-167e1d4b28fa@group-9C39E9040F85-LeaderElection20] INFO  segmented.SegmentedRaftLogWorker (SegmentedRaftLogWorker.java:startLogSegment(385)) - d08b79a2-19c9-460f-adbf-167e1d4b28fa@group-9C39E9040F85-SegmentedRaftLogWorker: Starting segment from index:0
2019-10-14 10:26:26,444 [fbdd9009-148c-4ad1-8fbf-9679a6c31dd6@group-99BF98E5A231-LeaderElection22] INFO  impl.RoleInfo (RoleInfo.java:shutdownLeaderElection(134)) - fbdd9009-148c-4ad1-8fbf-9679a6c31dd6: shutdown LeaderElection
2019-10-14 10:26:26,444 [fbdd9009-148c-4ad1-8fbf-9679a6c31dd6@group-99BF98E5A231-LeaderElection22] INFO  impl.RaftServerImpl (RaftServerImpl.java:setRole(170)) - fbdd9009-148c-4ad1-8fbf-9679a6c31dd6@group-99BF98E5A231: changes role from CANDIDATE to LEADER at term 1 for changeToLeader
2019-10-14 10:26:26,445 [fbdd9009-148c-4ad1-8fbf-9679a6c31dd6@group-99BF98E5A231-LeaderElection22] INFO  impl.RaftServerImpl (ServerState.java:setLeader(255)) - fbdd9009-148c-4ad1-8fbf-9679a6c31dd6@group-99BF98E5A231: change Leader from null to fbdd9009-148c-4ad1-8fbf-9679a6c31dd6 at term 1 for becomeLeader, leader elected after 5126ms
2019-10-14 10:26:26,445 [d08b79a2-19c9-460f-adbf-167e1d4b28fa@group-9C39E9040F85-LeaderElection20] INFO  impl.RaftServerImpl (ServerState.java:setRaftConf(356)) - d08b79a2-19c9-460f-adbf-167e1d4b28fa@group-9C39E9040F85: set configuration 0: [d08b79a2-19c9-460f-adbf-167e1d4b28fa:192.168.5.145:34968], old=null at 0
2019-10-14 10:26:26,480 [fbdd9009-148c-4ad1-8fbf-9679a6c31dd6@group-99BF98E5A231-LeaderElection22] INFO  server.RaftServerConfigKeys (ConfUtils.java:logGet(43)) - raft.server.staging.catchup.gap = 1000 (default)
2019-10-14 10:26:26,481 [d188d7df-a98d-4c55-b2ec-1bf3b33e499c@group-FC0EED644F76-SegmentedRaftLogWorker] INFO  segmented.SegmentedRaftLogWorker (SegmentedRaftLogWorker.java:execute(574)) - d188d7df-a98d-4c55-b2ec-1bf3b33e499c@group-FC0EED644F76-SegmentedRaftLogWorker: created new log segment /workdir/hadoop-ozone/integration-test/target/test-dir/MiniOzoneClusterImpl-3072ea79-444e-478b-951c-ea383f4180ba/datanode-3/data/ratis/26b74f1a-e06f-47c7-a42a-fc0eed644f76/current/log_inprogress_0
2019-10-14 10:26:26,481 [fbdd9009-148c-4ad1-8fbf-9679a6c31dd6@group-99BF98E5A231-LeaderElection22] INFO  server.RaftServerConfigKeys (ConfUtils.java:logGet(43)) - raft.server.rpc.sleep.time = 25ms (default)
2019-10-14 10:26:26,484 [d08b79a2-19c9-460f-adbf-167e1d4b28fa@group-9C39E9040F85-SegmentedRaftLogWorker] INFO  segmented.SegmentedRaftLogWorker (SegmentedRaftLogWorker.java:execute(574)) - d08b79a2-19c9-460f-adbf-167e1d4b28fa@group-9C39E9040F85-SegmentedRaftLogWorker: created new log segment /workdir/hadoop-ozone/integration-test/target/test-dir/MiniOzoneClusterImpl-3072ea79-444e-478b-951c-ea383f4180ba/datanode-1/data/ratis/2f0c8f21-e9a3-42c7-86cb-9c39e9040f85/current/log_inprogress_0
2019-10-14 10:26:26,484 [fbdd9009-148c-4ad1-8fbf-9679a6c31dd6@group-99BF98E5A231-LeaderElection22] INFO  server.RaftServerConfigKeys (ConfUtils.java:logGet(43)) - raft.server.write.element-limit = 4096 (default)
2019-10-14 10:26:26,485 [fbdd9009-148c-4ad1-8fbf-9679a6c31dd6@group-99BF98E5A231-LeaderElection22] INFO  server.RaftServerConfigKeys (ConfUtils.java:logGet(43)) - raft.server.watch.timeout = 10s (default)
2019-10-14 10:26:26,485 [fbdd9009-148c-4ad1-8fbf-9679a6c31dd6@group-99BF98E5A231-LeaderElection22] INFO  server.RaftServerConfigKeys (ConfUtils.java:logGet(43)) - raft.server.watch.timeout.denomination = 1s (default)
2019-10-14 10:26:26,485 [fbdd9009-148c-4ad1-8fbf-9679a6c31dd6@group-99BF98E5A231-LeaderElection22] INFO  server.RaftServerConfigKeys (ConfUtils.java:logGet(43)) - raft.server.watch.element-limit = 65536 (default)
2019-10-14 10:26:26,487 [fbdd9009-148c-4ad1-8fbf-9679a6c31dd6@group-99BF98E5A231-LeaderElection22] INFO  impl.RoleInfo (RoleInfo.java:updateAndGet(143)) - fbdd9009-148c-4ad1-8fbf-9679a6c31dd6: start LeaderState
2019-10-14 10:26:26,488 [fbdd9009-148c-4ad1-8fbf-9679a6c31dd6@group-99BF98E5A231-LeaderElection22] INFO  segmented.SegmentedRaftLogWorker (SegmentedRaftLogWorker.java:startLogSegment(385)) - fbdd9009-148c-4ad1-8fbf-9679a6c31dd6@group-99BF98E5A231-SegmentedRaftLogWorker: Starting segment from index:0
2019-10-14 10:26:26,489 [fbdd9009-148c-4ad1-8fbf-9679a6c31dd6@group-99BF98E5A231-LeaderElection22] INFO  impl.RaftServerImpl (ServerState.java:setRaftConf(356)) - fbdd9009-148c-4ad1-8fbf-9679a6c31dd6@group-99BF98E5A231: set configuration 0: [fbdd9009-148c-4ad1-8fbf-9679a6c31dd6:192.168.5.145:46505], old=null at 0
2019-10-14 10:26:26,523 [fbdd9009-148c-4ad1-8fbf-9679a6c31dd6@group-99BF98E5A231-SegmentedRaftLogWorker] INFO  segmented.SegmentedRaftLogWorker (SegmentedRaftLogWorker.java:execute(574)) - fbdd9009-148c-4ad1-8fbf-9679a6c31dd6@group-99BF98E5A231-SegmentedRaftLogWorker: created new log segment /workdir/hadoop-ozone/integration-test/target/test-dir/MiniOzoneClusterImpl-3072ea79-444e-478b-951c-ea383f4180ba/datanode-4/data/ratis/114e1aa9-0e1d-479f-889b-99bf98e5a231/current/log_inprogress_0
2019-10-14 10:26:26,527 [Thread-718] INFO  impl.FollowerState (FollowerState.java:run(108)) - f8dbb98f-c520-465b-9b5e-774751dbfbea@group-C0905E76DA01-FollowerState: change to CANDIDATE, lastRpcTime:5002ms, electionTimeout:5002ms
2019-10-14 10:26:26,527 [Thread-718] INFO  impl.RoleInfo (RoleInfo.java:shutdownFollowerState(121)) - f8dbb98f-c520-465b-9b5e-774751dbfbea: shutdown FollowerState
2019-10-14 10:26:26,527 [Thread-718] INFO  impl.RaftServerImpl (RaftServerImpl.java:setRole(170)) - f8dbb98f-c520-465b-9b5e-774751dbfbea@group-C0905E76DA01: changes role from  FOLLOWER to CANDIDATE at term 0 for changeToCandidate
2019-10-14 10:26:26,528 [Thread-718] INFO  impl.RoleInfo (RoleInfo.java:updateAndGet(143)) - f8dbb98f-c520-465b-9b5e-774751dbfbea: start LeaderElection
2019-10-14 10:26:26,535 [f8dbb98f-c520-465b-9b5e-774751dbfbea@group-C0905E76DA01-LeaderElection23] INFO  impl.LeaderElection (LeaderElection.java:askForVotes(178)) - f8dbb98f-c520-465b-9b5e-774751dbfbea@group-C0905E76DA01-LeaderElection23: begin an election at term 1 for -1: [ffdfe236-439b-469c-ae4b-d2b0223af88a:192.168.5.145:44990, d188d7df-a98d-4c55-b2ec-1bf3b33e499c:192.168.5.145:34023, f8dbb98f-c520-465b-9b5e-774751dbfbea:192.168.5.145:35931], old=null
2019-10-14 10:26:26,545 [grpc-default-executor-1] INFO  impl.RaftServerImpl (RaftServerImpl.java:setRole(170)) - d188d7df-a98d-4c55-b2ec-1bf3b33e499c@group-C0905E76DA01: changes role from  FOLLOWER to FOLLOWER at term 1 for recognizeCandidate:f8dbb98f-c520-465b-9b5e-774751dbfbea
2019-10-14 10:26:26,545 [grpc-default-executor-3] INFO  impl.RaftServerImpl (RaftServerImpl.java:setRole(170)) - ffdfe236-439b-469c-ae4b-d2b0223af88a@group-C0905E76DA01: changes role from  FOLLOWER to FOLLOWER at term 1 for recognizeCandidate:f8dbb98f-c520-465b-9b5e-774751dbfbea
2019-10-14 10:26:26,545 [grpc-default-executor-1] INFO  impl.RoleInfo (RoleInfo.java:shutdownFollowerState(121)) - d188d7df-a98d-4c55-b2ec-1bf3b33e499c: shutdown FollowerState
2019-10-14 10:26:26,545 [grpc-default-executor-3] INFO  impl.RoleInfo (RoleInfo.java:shutdownFollowerState(121)) - ffdfe236-439b-469c-ae4b-d2b0223af88a: shutdown FollowerState
2019-10-14 10:26:26,545 [grpc-default-executor-1] INFO  impl.RoleInfo (RoleInfo.java:updateAndGet(143)) - d188d7df-a98d-4c55-b2ec-1bf3b33e499c: start FollowerState
2019-10-14 10:26:26,546 [Thread-717] INFO  impl.FollowerState (FollowerState.java:run(117)) - ffdfe236-439b-469c-ae4b-d2b0223af88a@group-C0905E76DA01-FollowerState was interrupted: java.lang.InterruptedException: sleep interrupted
2019-10-14 10:26:26,545 [Thread-719] INFO  impl.FollowerState (FollowerState.java:run(117)) - d188d7df-a98d-4c55-b2ec-1bf3b33e499c@group-C0905E76DA01-FollowerState was interrupted: java.lang.InterruptedException: sleep interrupted
2019-10-14 10:26:26,546 [grpc-default-executor-3] INFO  impl.RoleInfo (RoleInfo.java:updateAndGet(143)) - ffdfe236-439b-469c-ae4b-d2b0223af88a: start FollowerState
2019-10-14 10:26:26,555 [f8dbb98f-c520-465b-9b5e-774751dbfbea@group-C0905E76DA01-LeaderElection23] INFO  impl.LeaderElection (LeaderElection.java:logAndReturn(56)) - f8dbb98f-c520-465b-9b5e-774751dbfbea@group-C0905E76DA01-LeaderElection23: Election PASSED; received 1 response(s) [f8dbb98f-c520-465b-9b5e-774751dbfbea<-d188d7df-a98d-4c55-b2ec-1bf3b33e499c#0:OK-t1] and 0 exception(s); f8dbb98f-c520-465b-9b5e-774751dbfbea@group-C0905E76DA01:t1, leader=null, voted=f8dbb98f-c520-465b-9b5e-774751dbfbea, raftlog=f8dbb98f-c520-465b-9b5e-774751dbfbea@group-C0905E76DA01-SegmentedRaftLog:OPENED:c-1,f-1,i0, conf=-1: [ffdfe236-439b-469c-ae4b-d2b0223af88a:192.168.5.145:44990, d188d7df-a98d-4c55-b2ec-1bf3b33e499c:192.168.5.145:34023, f8dbb98f-c520-465b-9b5e-774751dbfbea:192.168.5.145:35931], old=null
2019-10-14 10:26:26,556 [f8dbb98f-c520-465b-9b5e-774751dbfbea@group-C0905E76DA01-LeaderElection23] INFO  impl.RoleInfo (RoleInfo.java:shutdownLeaderElection(134)) - f8dbb98f-c520-465b-9b5e-774751dbfbea: shutdown LeaderElection
2019-10-14 10:26:26,556 [f8dbb98f-c520-465b-9b5e-774751dbfbea@group-C0905E76DA01-LeaderElection23] INFO  impl.RaftServerImpl (RaftServerImpl.java:setRole(170)) - f8dbb98f-c520-465b-9b5e-774751dbfbea@group-C0905E76DA01: changes role from CANDIDATE to LEADER at term 1 for changeToLeader
2019-10-14 10:26:26,556 [f8dbb98f-c520-465b-9b5e-774751dbfbea@group-C0905E76DA01-LeaderElection23] INFO  impl.RaftServerImpl (ServerState.java:setLeader(255)) - f8dbb98f-c520-465b-9b5e-774751dbfbea@group-C0905E76DA01: change Leader from null to f8dbb98f-c520-465b-9b5e-774751dbfbea at term 1 for becomeLeader, leader elected after 5045ms
2019-10-14 10:26:26,556 [f8dbb98f-c520-465b-9b5e-774751dbfbea@group-C0905E76DA01-LeaderElection23] INFO  server.RaftServerConfigKeys (ConfUtils.java:logGet(43)) - raft.server.staging.catchup.gap = 1000 (default)
2019-10-14 10:26:26,556 [f8dbb98f-c520-465b-9b5e-774751dbfbea@group-C0905E76DA01-LeaderElection23] INFO  server.RaftServerConfigKeys (ConfUtils.java:logGet(43)) - raft.server.rpc.sleep.time = 25ms (default)
2019-10-14 10:26:26,557 [f8dbb98f-c520-465b-9b5e-774751dbfbea@group-C0905E76DA01-LeaderElection23] INFO  server.RaftServerConfigKeys (ConfUtils.java:logGet(43)) - raft.server.write.element-limit = 4096 (default)
2019-10-14 10:26:26,557 [f8dbb98f-c520-465b-9b5e-774751dbfbea@group-C0905E76DA01-LeaderElection23] INFO  server.RaftServerConfigKeys (ConfUtils.java:logGet(43)) - raft.server.watch.timeout = 10s (default)
2019-10-14 10:26:26,557 [f8dbb98f-c520-465b-9b5e-774751dbfbea@group-C0905E76DA01-LeaderElection23] INFO  server.RaftServerConfigKeys (ConfUtils.java:logGet(43)) - raft.server.watch.timeout.denomination = 1s (default)
2019-10-14 10:26:26,557 [f8dbb98f-c520-465b-9b5e-774751dbfbea@group-C0905E76DA01-LeaderElection23] INFO  server.RaftServerConfigKeys (ConfUtils.java:logGet(43)) - raft.server.watch.element-limit = 65536 (default)
2019-10-14 10:26:26,561 [f8dbb98f-c520-465b-9b5e-774751dbfbea@group-C0905E76DA01-LeaderElection23] INFO  server.RaftServerConfigKeys (ConfUtils.java:logGet(43)) - raft.server.log.appender.snapshot.chunk.size.max = 16MB (=16777216) (default)
2019-10-14 10:26:26,562 [f8dbb98f-c520-465b-9b5e-774751dbfbea@group-C0905E76DA01-LeaderElection23] INFO  server.RaftServerConfigKeys (ConfUtils.java:logGet(43)) - raft.server.log.appender.buffer.byte-limit = 33554432 (custom)
2019-10-14 10:26:26,562 [f8dbb98f-c520-465b-9b5e-774751dbfbea@group-C0905E76DA01-LeaderElection23] INFO  server.RaftServerConfigKeys (ConfUtils.java:logGet(43)) - raft.server.log.appender.buffer.element-limit = 1 (custom)
2019-10-14 10:26:26,563 [f8dbb98f-c520-465b-9b5e-774751dbfbea@group-C0905E76DA01-LeaderElection23] INFO  grpc.GrpcConfigKeys$Server (ConfUtils.java:logGet(43)) - raft.grpc.server.leader.outstanding.appends.max = 128 (default)
2019-10-14 10:26:26,563 [f8dbb98f-c520-465b-9b5e-774751dbfbea@group-C0905E76DA01-LeaderElection23] INFO  server.RaftServerConfigKeys (ConfUtils.java:logGet(43)) - raft.server.rpc.request.timeout = 3000ms (default)
2019-10-14 10:26:26,563 [f8dbb98f-c520-465b-9b5e-774751dbfbea@group-C0905E76DA01-LeaderElection23] INFO  server.RaftServerConfigKeys (ConfUtils.java:logGet(43)) - raft.server.log.appender.install.snapshot.enabled = false (custom)
2019-10-14 10:26:26,564 [f8dbb98f-c520-465b-9b5e-774751dbfbea@group-C0905E76DA01-LeaderElection23] INFO  server.RaftServerConfigKeys (ConfUtils.java:logGet(43)) - raft.server.log.appender.snapshot.chunk.size.max = 16MB (=16777216) (default)
2019-10-14 10:26:26,564 [f8dbb98f-c520-465b-9b5e-774751dbfbea@group-C0905E76DA01-LeaderElection23] INFO  server.RaftServerConfigKeys (ConfUtils.java:logGet(43)) - raft.server.log.appender.buffer.byte-limit = 33554432 (custom)
2019-10-14 10:26:26,564 [f8dbb98f-c520-465b-9b5e-774751dbfbea@group-C0905E76DA01-LeaderElection23] INFO  server.RaftServerConfigKeys (ConfUtils.java:logGet(43)) - raft.server.log.appender.buffer.element-limit = 1 (custom)
2019-10-14 10:26:26,565 [f8dbb98f-c520-465b-9b5e-774751dbfbea@group-C0905E76DA01-LeaderElection23] INFO  grpc.GrpcConfigKeys$Server (ConfUtils.java:logGet(43)) - raft.grpc.server.leader.outstanding.appends.max = 128 (default)
2019-10-14 10:26:26,565 [f8dbb98f-c520-465b-9b5e-774751dbfbea@group-C0905E76DA01-LeaderElection23] INFO  server.RaftServerConfigKeys (ConfUtils.java:logGet(43)) - raft.server.rpc.request.timeout = 3000ms (default)
2019-10-14 10:26:26,565 [f8dbb98f-c520-465b-9b5e-774751dbfbea@group-C0905E76DA01-LeaderElection23] INFO  server.RaftServerConfigKeys (ConfUtils.java:logGet(43)) - raft.server.log.appender.install.snapshot.enabled = false (custom)
2019-10-14 10:26:26,566 [f8dbb98f-c520-465b-9b5e-774751dbfbea@group-C0905E76DA01-LeaderElection23] INFO  impl.RoleInfo (RoleInfo.java:updateAndGet(143)) - f8dbb98f-c520-465b-9b5e-774751dbfbea: start LeaderState
2019-10-14 10:26:26,566 [f8dbb98f-c520-465b-9b5e-774751dbfbea@group-C0905E76DA01-LeaderElection23] INFO  segmented.SegmentedRaftLogWorker (SegmentedRaftLogWorker.java:startLogSegment(385)) - f8dbb98f-c520-465b-9b5e-774751dbfbea@group-C0905E76DA01-SegmentedRaftLogWorker: Starting segment from index:0
2019-10-14 10:26:26,567 [f8dbb98f-c520-465b-9b5e-774751dbfbea@group-C0905E76DA01-LeaderElection23] INFO  impl.RaftServerImpl (ServerState.java:setRaftConf(356)) - f8dbb98f-c520-465b-9b5e-774751dbfbea@group-C0905E76DA01: set configuration 0: [ffdfe236-439b-469c-ae4b-d2b0223af88a:192.168.5.145:44990, d188d7df-a98d-4c55-b2ec-1bf3b33e499c:192.168.5.145:34023, f8dbb98f-c520-465b-9b5e-774751dbfbea:192.168.5.145:35931], old=null at 0
2019-10-14 10:26:26,604 [Thread-712] INFO  impl.FollowerState (FollowerState.java:run(108)) - ffdfe236-439b-469c-ae4b-d2b0223af88a@group-F0D086F106FC-FollowerState: change to CANDIDATE, lastRpcTime:5168ms, electionTimeout:5158ms
2019-10-14 10:26:26,607 [Thread-712] INFO  impl.RoleInfo (RoleInfo.java:shutdownFollowerState(121)) - ffdfe236-439b-469c-ae4b-d2b0223af88a: shutdown FollowerState
2019-10-14 10:26:26,607 [Thread-709] INFO  impl.FollowerState (FollowerState.java:run(108)) - 4031060a-28bd-4ec2-97b8-c34fb7e04848@group-FCDD48F3475E-FollowerState: change to CANDIDATE, lastRpcTime:5228ms, electionTimeout:5199ms
2019-10-14 10:26:26,607 [Thread-712] INFO  impl.RaftServerImpl (RaftServerImpl.java:setRole(170)) - ffdfe236-439b-469c-ae4b-d2b0223af88a@group-F0D086F106FC: changes role from  FOLLOWER to CANDIDATE at term 0 for changeToCandidate
2019-10-14 10:26:26,607 [Thread-709] INFO  impl.RoleInfo (RoleInfo.java:shutdownFollowerState(121)) - 4031060a-28bd-4ec2-97b8-c34fb7e04848: shutdown FollowerState
2019-10-14 10:26:26,607 [Thread-712] INFO  impl.RoleInfo (RoleInfo.java:updateAndGet(143)) - ffdfe236-439b-469c-ae4b-d2b0223af88a: start LeaderElection
2019-10-14 10:26:26,607 [Thread-709] INFO  impl.RaftServerImpl (RaftServerImpl.java:setRole(170)) - 4031060a-28bd-4ec2-97b8-c34fb7e04848@group-FCDD48F3475E: changes role from  FOLLOWER to CANDIDATE at term 0 for changeToCandidate
2019-10-14 10:26:26,608 [Thread-709] INFO  impl.RoleInfo (RoleInfo.java:updateAndGet(143)) - 4031060a-28bd-4ec2-97b8-c34fb7e04848: start LeaderElection
2019-10-14 10:26:26,618 [grpc-default-executor-1] INFO  impl.RaftServerImpl (ServerState.java:setLeader(255)) - ffdfe236-439b-469c-ae4b-d2b0223af88a@group-C0905E76DA01: change Leader from null to f8dbb98f-c520-465b-9b5e-774751dbfbea at term 1 for appendEntries, leader elected after 5107ms
2019-10-14 10:26:26,620 [grpc-default-executor-0] INFO  impl.RaftServerImpl (ServerState.java:setLeader(255)) - d188d7df-a98d-4c55-b2ec-1bf3b33e499c@group-C0905E76DA01: change Leader from null to f8dbb98f-c520-465b-9b5e-774751dbfbea at term 1 for appendEntries, leader elected after 5109ms
2019-10-14 10:26:26,620 [ffdfe236-439b-469c-ae4b-d2b0223af88a@group-F0D086F106FC-LeaderElection24] INFO  impl.LeaderElection (LeaderElection.java:askForVotes(178)) - ffdfe236-439b-469c-ae4b-d2b0223af88a@group-F0D086F106FC-LeaderElection24: begin an election at term 1 for -1: [ffdfe236-439b-469c-ae4b-d2b0223af88a:192.168.5.145:44990], old=null
2019-10-14 10:26:26,620 [4031060a-28bd-4ec2-97b8-c34fb7e04848@group-FCDD48F3475E-LeaderElection25] INFO  impl.LeaderElection (LeaderElection.java:askForVotes(178)) - 4031060a-28bd-4ec2-97b8-c34fb7e04848@group-FCDD48F3475E-LeaderElection25: begin an election at term 1 for -1: [4031060a-28bd-4ec2-97b8-c34fb7e04848:192.168.5.145:42386], old=null
2019-10-14 10:26:26,620 [f8dbb98f-c520-465b-9b5e-774751dbfbea@group-C0905E76DA01-SegmentedRaftLogWorker] INFO  segmented.SegmentedRaftLogWorker (SegmentedRaftLogWorker.java:execute(574)) - f8dbb98f-c520-465b-9b5e-774751dbfbea@group-C0905E76DA01-SegmentedRaftLogWorker: created new log segment /workdir/hadoop-ozone/integration-test/target/test-dir/MiniOzoneClusterImpl-3072ea79-444e-478b-951c-ea383f4180ba/datanode-0/data/ratis/6a970a42-013f-419e-9434-c0905e76da01/current/log_inprogress_0
2019-10-14 10:26:26,621 [4031060a-28bd-4ec2-97b8-c34fb7e04848@group-FCDD48F3475E-LeaderElection25] INFO  impl.RoleInfo (RoleInfo.java:shutdownLeaderElection(134)) - 4031060a-28bd-4ec2-97b8-c34fb7e04848: shutdown LeaderElection
2019-10-14 10:26:26,621 [ffdfe236-439b-469c-ae4b-d2b0223af88a@group-F0D086F106FC-LeaderElection24] INFO  impl.RoleInfo (RoleInfo.java:shutdownLeaderElection(134)) - ffdfe236-439b-469c-ae4b-d2b0223af88a: shutdown LeaderElection
2019-10-14 10:26:26,621 [4031060a-28bd-4ec2-97b8-c34fb7e04848@group-FCDD48F3475E-LeaderElection25] INFO  impl.RaftServerImpl (RaftServerImpl.java:setRole(170)) - 4031060a-28bd-4ec2-97b8-c34fb7e04848@group-FCDD48F3475E: changes role from CANDIDATE to LEADER at term 1 for changeToLeader
2019-10-14 10:26:26,621 [ffdfe236-439b-469c-ae4b-d2b0223af88a@group-F0D086F106FC-LeaderElection24] INFO  impl.RaftServerImpl (RaftServerImpl.java:setRole(170)) - ffdfe236-439b-469c-ae4b-d2b0223af88a@group-F0D086F106FC: changes role from CANDIDATE to LEADER at term 1 for changeToLeader
2019-10-14 10:26:26,621 [4031060a-28bd-4ec2-97b8-c34fb7e04848@group-FCDD48F3475E-LeaderElection25] INFO  impl.RaftServerImpl (ServerState.java:setLeader(255)) - 4031060a-28bd-4ec2-97b8-c34fb7e04848@group-FCDD48F3475E: change Leader from null to 4031060a-28bd-4ec2-97b8-c34fb7e04848 at term 1 for becomeLeader, leader elected after 5251ms
2019-10-14 10:26:26,622 [ffdfe236-439b-469c-ae4b-d2b0223af88a@group-F0D086F106FC-LeaderElection24] INFO  impl.RaftServerImpl (ServerState.java:setLeader(255)) - ffdfe236-439b-469c-ae4b-d2b0223af88a@group-F0D086F106FC: change Leader from null to ffdfe236-439b-469c-ae4b-d2b0223af88a at term 1 for becomeLeader, leader elected after 5195ms
2019-10-14 10:26:26,623 [4031060a-28bd-4ec2-97b8-c34fb7e04848@group-FCDD48F3475E-LeaderElection25] INFO  server.RaftServerConfigKeys (ConfUtils.java:logGet(43)) - raft.server.staging.catchup.gap = 1000 (default)
2019-10-14 10:26:26,630 [ffdfe236-439b-469c-ae4b-d2b0223af88a@group-F0D086F106FC-LeaderElection24] INFO  server.RaftServerConfigKeys (ConfUtils.java:logGet(43)) - raft.server.staging.catchup.gap = 1000 (default)
2019-10-14 10:26:26,631 [4031060a-28bd-4ec2-97b8-c34fb7e04848@group-FCDD48F3475E-LeaderElection25] INFO  server.RaftServerConfigKeys (ConfUtils.java:logGet(43)) - raft.server.rpc.sleep.time = 25ms (default)
2019-10-14 10:26:26,631 [ffdfe236-439b-469c-ae4b-d2b0223af88a@group-F0D086F106FC-LeaderElection24] INFO  server.RaftServerConfigKeys (ConfUtils.java:logGet(43)) - raft.server.rpc.sleep.time = 25ms (default)
2019-10-14 10:26:26,631 [4031060a-28bd-4ec2-97b8-c34fb7e04848@group-FCDD48F3475E-LeaderElection25] INFO  server.RaftServerConfigKeys (ConfUtils.java:logGet(43)) - raft.server.write.element-limit = 4096 (default)
2019-10-14 10:26:26,631 [ffdfe236-439b-469c-ae4b-d2b0223af88a@group-F0D086F106FC-LeaderElection24] INFO  server.RaftServerConfigKeys (ConfUtils.java:logGet(43)) - raft.server.write.element-limit = 4096 (default)
2019-10-14 10:26:26,631 [4031060a-28bd-4ec2-97b8-c34fb7e04848@group-FCDD48F3475E-LeaderElection25] INFO  server.RaftServerConfigKeys (ConfUtils.java:logGet(43)) - raft.server.watch.timeout = 10s (default)
2019-10-14 10:26:26,631 [ffdfe236-439b-469c-ae4b-d2b0223af88a@group-F0D086F106FC-LeaderElection24] INFO  server.RaftServerConfigKeys (ConfUtils.java:logGet(43)) - raft.server.watch.timeout = 10s (default)
2019-10-14 10:26:26,632 [4031060a-28bd-4ec2-97b8-c34fb7e04848@group-FCDD48F3475E-LeaderElection25] INFO  server.RaftServerConfigKeys (ConfUtils.java:logGet(43)) - raft.server.watch.timeout.denomination = 1s (default)
2019-10-14 10:26:26,632 [ffdfe236-439b-469c-ae4b-d2b0223af88a@group-F0D086F106FC-LeaderElection24] INFO  server.RaftServerConfigKeys (ConfUtils.java:logGet(43)) - raft.server.watch.timeout.denomination = 1s (default)
2019-10-14 10:26:26,632 [4031060a-28bd-4ec2-97b8-c34fb7e04848@group-FCDD48F3475E-LeaderElection25] INFO  server.RaftServerConfigKeys (ConfUtils.java:logGet(43)) - raft.server.watch.element-limit = 65536 (default)
2019-10-14 10:26:26,632 [ffdfe236-439b-469c-ae4b-d2b0223af88a@group-F0D086F106FC-LeaderElection24] INFO  server.RaftServerConfigKeys (ConfUtils.java:logGet(43)) - raft.server.watch.element-limit = 65536 (default)
2019-10-14 10:26:26,634 [grpc-default-executor-1] INFO  impl.RaftServerImpl (ServerState.java:setRaftConf(356)) - ffdfe236-439b-469c-ae4b-d2b0223af88a@group-C0905E76DA01: set configuration 0: [ffdfe236-439b-469c-ae4b-d2b0223af88a:192.168.5.145:44990, d188d7df-a98d-4c55-b2ec-1bf3b33e499c:192.168.5.145:34023, f8dbb98f-c520-465b-9b5e-774751dbfbea:192.168.5.145:35931], old=null at 0
2019-10-14 10:26:26,635 [grpc-default-executor-0] INFO  impl.RaftServerImpl (ServerState.java:setRaftConf(356)) - d188d7df-a98d-4c55-b2ec-1bf3b33e499c@group-C0905E76DA01: set configuration 0: [ffdfe236-439b-469c-ae4b-d2b0223af88a:192.168.5.145:44990, d188d7df-a98d-4c55-b2ec-1bf3b33e499c:192.168.5.145:34023, f8dbb98f-c520-465b-9b5e-774751dbfbea:192.168.5.145:35931], old=null at 0
2019-10-14 10:26:26,635 [grpc-default-executor-1] INFO  segmented.SegmentedRaftLogWorker (SegmentedRaftLogWorker.java:startLogSegment(385)) - ffdfe236-439b-469c-ae4b-d2b0223af88a@group-C0905E76DA01-SegmentedRaftLogWorker: Starting segment from index:0
2019-10-14 10:26:26,635 [grpc-default-executor-0] INFO  segmented.SegmentedRaftLogWorker (SegmentedRaftLogWorker.java:startLogSegment(385)) - d188d7df-a98d-4c55-b2ec-1bf3b33e499c@group-C0905E76DA01-SegmentedRaftLogWorker: Starting segment from index:0
2019-10-14 10:26:26,675 [Thread-727] INFO  impl.FollowerState (FollowerState.java:run(108)) - fbdd9009-148c-4ad1-8fbf-9679a6c31dd6@group-CE1CBEB6383D-FollowerState: change to CANDIDATE, lastRpcTime:5056ms, electionTimeout:5024ms
2019-10-14 10:26:26,675 [Thread-727] INFO  impl.RoleInfo (RoleInfo.java:shutdownFollowerState(121)) - fbdd9009-148c-4ad1-8fbf-9679a6c31dd6: shutdown FollowerState
2019-10-14 10:26:26,676 [Thread-727] INFO  impl.RaftServerImpl (RaftServerImpl.java:setRole(170)) - fbdd9009-148c-4ad1-8fbf-9679a6c31dd6@group-CE1CBEB6383D: changes role from  FOLLOWER to CANDIDATE at term 0 for changeToCandidate
2019-10-14 10:26:26,676 [Thread-727] INFO  impl.RoleInfo (RoleInfo.java:updateAndGet(143)) - fbdd9009-148c-4ad1-8fbf-9679a6c31dd6: start LeaderElection
2019-10-14 10:26:26,712 [ffdfe236-439b-469c-ae4b-d2b0223af88a@group-C0905E76DA01-SegmentedRaftLogWorker] INFO  segmented.SegmentedRaftLogWorker (SegmentedRaftLogWorker.java:execute(574)) - ffdfe236-439b-469c-ae4b-d2b0223af88a@group-C0905E76DA01-SegmentedRaftLogWorker: created new log segment /workdir/hadoop-ozone/integration-test/target/test-dir/MiniOzoneClusterImpl-3072ea79-444e-478b-951c-ea383f4180ba/datanode-6/data/ratis/6a970a42-013f-419e-9434-c0905e76da01/current/log_inprogress_0
2019-10-14 10:26:26,714 [4031060a-28bd-4ec2-97b8-c34fb7e04848@group-FCDD48F3475E-LeaderElection25] INFO  impl.RoleInfo (RoleInfo.java:updateAndGet(143)) - 4031060a-28bd-4ec2-97b8-c34fb7e04848: start LeaderState
2019-10-14 10:26:26,715 [ffdfe236-439b-469c-ae4b-d2b0223af88a@group-F0D086F106FC-LeaderElection24] INFO  impl.RoleInfo (RoleInfo.java:updateAndGet(143)) - ffdfe236-439b-469c-ae4b-d2b0223af88a: start LeaderState
2019-10-14 10:26:26,715 [ffdfe236-439b-469c-ae4b-d2b0223af88a@group-F0D086F106FC-LeaderElection24] INFO  segmented.SegmentedRaftLogWorker (SegmentedRaftLogWorker.java:startLogSegment(385)) - ffdfe236-439b-469c-ae4b-d2b0223af88a@group-F0D086F106FC-SegmentedRaftLogWorker: Starting segment from index:0
2019-10-14 10:26:26,715 [4031060a-28bd-4ec2-97b8-c34fb7e04848@group-FCDD48F3475E-LeaderElection25] INFO  segmented.SegmentedRaftLogWorker (SegmentedRaftLogWorker.java:startLogSegment(385)) - 4031060a-28bd-4ec2-97b8-c34fb7e04848@group-FCDD48F3475E-SegmentedRaftLogWorker: Starting segment from index:0
2019-10-14 10:26:26,716 [ffdfe236-439b-469c-ae4b-d2b0223af88a@group-F0D086F106FC-LeaderElection24] INFO  impl.RaftServerImpl (ServerState.java:setRaftConf(356)) - ffdfe236-439b-469c-ae4b-d2b0223af88a@group-F0D086F106FC: set configuration 0: [ffdfe236-439b-469c-ae4b-d2b0223af88a:192.168.5.145:44990], old=null at 0
2019-10-14 10:26:26,756 [d188d7df-a98d-4c55-b2ec-1bf3b33e499c@group-C0905E76DA01-SegmentedRaftLogWorker] INFO  segmented.SegmentedRaftLogWorker (SegmentedRaftLogWorker.java:execute(574)) - d188d7df-a98d-4c55-b2ec-1bf3b33e499c@group-C0905E76DA01-SegmentedRaftLogWorker: created new log segment /workdir/hadoop-ozone/integration-test/target/test-dir/MiniOzoneClusterImpl-3072ea79-444e-478b-951c-ea383f4180ba/datanode-3/data/ratis/6a970a42-013f-419e-9434-c0905e76da01/current/log_inprogress_0
2019-10-14 10:26:26,756 [4031060a-28bd-4ec2-97b8-c34fb7e04848@group-FCDD48F3475E-LeaderElection25] INFO  impl.RaftServerImpl (ServerState.java:setRaftConf(356)) - 4031060a-28bd-4ec2-97b8-c34fb7e04848@group-FCDD48F3475E: set configuration 0: [4031060a-28bd-4ec2-97b8-c34fb7e04848:192.168.5.145:42386], old=null at 0
2019-10-14 10:26:26,756 [fbdd9009-148c-4ad1-8fbf-9679a6c31dd6@group-CE1CBEB6383D-LeaderElection26] INFO  impl.LeaderElection (LeaderElection.java:askForVotes(178)) - fbdd9009-148c-4ad1-8fbf-9679a6c31dd6@group-CE1CBEB6383D-LeaderElection26: begin an election at term 1 for -1: [4031060a-28bd-4ec2-97b8-c34fb7e04848:192.168.5.145:42386, fbdd9009-148c-4ad1-8fbf-9679a6c31dd6:192.168.5.145:46505, d08b79a2-19c9-460f-adbf-167e1d4b28fa:192.168.5.145:34968], old=null
2019-10-14 10:26:26,796 [ffdfe236-439b-469c-ae4b-d2b0223af88a@group-F0D086F106FC-SegmentedRaftLogWorker] INFO  segmented.SegmentedRaftLogWorker (SegmentedRaftLogWorker.java:execute(574)) - ffdfe236-439b-469c-ae4b-d2b0223af88a@group-F0D086F106FC-SegmentedRaftLogWorker: created new log segment /workdir/hadoop-ozone/integration-test/target/test-dir/MiniOzoneClusterImpl-3072ea79-444e-478b-951c-ea383f4180ba/datanode-6/data/ratis/c6eeb93e-1b8f-402a-b294-f0d086f106fc/current/log_inprogress_0
2019-10-14 10:26:26,797 [Thread-729] INFO  impl.FollowerState (FollowerState.java:run(108)) - d08b79a2-19c9-460f-adbf-167e1d4b28fa@group-CE1CBEB6383D-FollowerState: change to CANDIDATE, lastRpcTime:5177ms, electionTimeout:5147ms
2019-10-14 10:26:26,797 [Thread-725] INFO  impl.FollowerState (FollowerState.java:run(108)) - 4031060a-28bd-4ec2-97b8-c34fb7e04848@group-CE1CBEB6383D-FollowerState: change to CANDIDATE, lastRpcTime:5181ms, electionTimeout:5169ms
2019-10-14 10:26:26,797 [Thread-729] INFO  impl.RoleInfo (RoleInfo.java:shutdownFollowerState(121)) - d08b79a2-19c9-460f-adbf-167e1d4b28fa: shutdown FollowerState
2019-10-14 10:26:26,797 [Thread-725] INFO  impl.RoleInfo (RoleInfo.java:shutdownFollowerState(121)) - 4031060a-28bd-4ec2-97b8-c34fb7e04848: shutdown FollowerState
2019-10-14 10:26:26,797 [Thread-729] INFO  impl.RaftServerImpl (RaftServerImpl.java:setRole(170)) - d08b79a2-19c9-460f-adbf-167e1d4b28fa@group-CE1CBEB6383D: changes role from  FOLLOWER to CANDIDATE at term 0 for changeToCandidate
2019-10-14 10:26:26,797 [Thread-725] INFO  impl.RaftServerImpl (RaftServerImpl.java:setRole(170)) - 4031060a-28bd-4ec2-97b8-c34fb7e04848@group-CE1CBEB6383D: changes role from  FOLLOWER to CANDIDATE at term 0 for changeToCandidate
2019-10-14 10:26:26,797 [Thread-725] INFO  impl.RoleInfo (RoleInfo.java:updateAndGet(143)) - 4031060a-28bd-4ec2-97b8-c34fb7e04848: start LeaderElection
2019-10-14 10:26:26,798 [Thread-729] INFO  impl.RoleInfo (RoleInfo.java:updateAndGet(143)) - d08b79a2-19c9-460f-adbf-167e1d4b28fa: start LeaderElection
2019-10-14 10:26:26,821 [4031060a-28bd-4ec2-97b8-c34fb7e04848@group-FCDD48F3475E-SegmentedRaftLogWorker] INFO  segmented.SegmentedRaftLogWorker (SegmentedRaftLogWorker.java:execute(574)) - 4031060a-28bd-4ec2-97b8-c34fb7e04848@group-FCDD48F3475E-SegmentedRaftLogWorker: created new log segment /workdir/hadoop-ozone/integration-test/target/test-dir/MiniOzoneClusterImpl-3072ea79-444e-478b-951c-ea383f4180ba/datanode-5/data/ratis/1ba4542c-49ed-463a-bb8a-fcdd48f3475e/current/log_inprogress_0
2019-10-14 10:26:26,824 [d08b79a2-19c9-460f-adbf-167e1d4b28fa@group-CE1CBEB6383D-LeaderElection27] INFO  impl.LeaderElection (LeaderElection.java:askForVotes(178)) - d08b79a2-19c9-460f-adbf-167e1d4b28fa@group-CE1CBEB6383D-LeaderElection27: begin an election at term 1 for -1: [4031060a-28bd-4ec2-97b8-c34fb7e04848:192.168.5.145:42386, fbdd9009-148c-4ad1-8fbf-9679a6c31dd6:192.168.5.145:46505, d08b79a2-19c9-460f-adbf-167e1d4b28fa:192.168.5.145:34968], old=null
2019-10-14 10:26:26,824 [4031060a-28bd-4ec2-97b8-c34fb7e04848@group-CE1CBEB6383D-LeaderElection28] INFO  impl.LeaderElection (LeaderElection.java:askForVotes(178)) - 4031060a-28bd-4ec2-97b8-c34fb7e04848@group-CE1CBEB6383D-LeaderElection28: begin an election at term 1 for -1: [4031060a-28bd-4ec2-97b8-c34fb7e04848:192.168.5.145:42386, fbdd9009-148c-4ad1-8fbf-9679a6c31dd6:192.168.5.145:46505, d08b79a2-19c9-460f-adbf-167e1d4b28fa:192.168.5.145:34968], old=null
2019-10-14 10:26:26,828 [fbdd9009-148c-4ad1-8fbf-9679a6c31dd6@group-CE1CBEB6383D-LeaderElection26] INFO  impl.LeaderElection (LeaderElection.java:logAndReturn(56)) - fbdd9009-148c-4ad1-8fbf-9679a6c31dd6@group-CE1CBEB6383D-LeaderElection26: Election REJECTED; received 2 response(s) [fbdd9009-148c-4ad1-8fbf-9679a6c31dd6<-4031060a-28bd-4ec2-97b8-c34fb7e04848#0:FAIL-t1, fbdd9009-148c-4ad1-8fbf-9679a6c31dd6<-d08b79a2-19c9-460f-adbf-167e1d4b28fa#0:FAIL-t1] and 0 exception(s); fbdd9009-148c-4ad1-8fbf-9679a6c31dd6@group-CE1CBEB6383D:t1, leader=null, voted=fbdd9009-148c-4ad1-8fbf-9679a6c31dd6, raftlog=fbdd9009-148c-4ad1-8fbf-9679a6c31dd6@group-CE1CBEB6383D-SegmentedRaftLog:OPENED:c-1,f-1,i0, conf=-1: [4031060a-28bd-4ec2-97b8-c34fb7e04848:192.168.5.145:42386, fbdd9009-148c-4ad1-8fbf-9679a6c31dd6:192.168.5.145:46505, d08b79a2-19c9-460f-adbf-167e1d4b28fa:192.168.5.145:34968], old=null
2019-10-14 10:26:26,828 [fbdd9009-148c-4ad1-8fbf-9679a6c31dd6@group-CE1CBEB6383D-LeaderElection26] INFO  impl.RaftServerImpl (RaftServerImpl.java:setRole(170)) - fbdd9009-148c-4ad1-8fbf-9679a6c31dd6@group-CE1CBEB6383D: changes role from CANDIDATE to FOLLOWER at term 1 for DISCOVERED_A_NEW_TERM
2019-10-14 10:26:26,828 [fbdd9009-148c-4ad1-8fbf-9679a6c31dd6@group-CE1CBEB6383D-LeaderElection26] INFO  impl.RoleInfo (RoleInfo.java:shutdownLeaderElection(134)) - fbdd9009-148c-4ad1-8fbf-9679a6c31dd6: shutdown LeaderElection
2019-10-14 10:26:26,828 [fbdd9009-148c-4ad1-8fbf-9679a6c31dd6@group-CE1CBEB6383D-LeaderElection26] INFO  impl.RoleInfo (RoleInfo.java:updateAndGet(143)) - fbdd9009-148c-4ad1-8fbf-9679a6c31dd6: start FollowerState
2019-10-14 10:26:26,835 [d08b79a2-19c9-460f-adbf-167e1d4b28fa@group-CE1CBEB6383D-LeaderElection27] INFO  impl.LeaderElection (LeaderElection.java:logAndReturn(56)) - d08b79a2-19c9-460f-adbf-167e1d4b28fa@group-CE1CBEB6383D-LeaderElection27: Election REJECTED; received 2 response(s) [d08b79a2-19c9-460f-adbf-167e1d4b28fa<-4031060a-28bd-4ec2-97b8-c34fb7e04848#0:FAIL-t1, d08b79a2-19c9-460f-adbf-167e1d4b28fa<-fbdd9009-148c-4ad1-8fbf-9679a6c31dd6#0:FAIL-t1] and 0 exception(s); d08b79a2-19c9-460f-adbf-167e1d4b28fa@group-CE1CBEB6383D:t1, leader=null, voted=d08b79a2-19c9-460f-adbf-167e1d4b28fa, raftlog=d08b79a2-19c9-460f-adbf-167e1d4b28fa@group-CE1CBEB6383D-SegmentedRaftLog:OPENED:c-1,f-1,i0, conf=-1: [4031060a-28bd-4ec2-97b8-c34fb7e04848:192.168.5.145:42386, fbdd9009-148c-4ad1-8fbf-9679a6c31dd6:192.168.5.145:46505, d08b79a2-19c9-460f-adbf-167e1d4b28fa:192.168.5.145:34968], old=null
2019-10-14 10:26:26,837 [d08b79a2-19c9-460f-adbf-167e1d4b28fa@group-CE1CBEB6383D-LeaderElection27] INFO  impl.RaftServerImpl (RaftServerImpl.java:setRole(170)) - d08b79a2-19c9-460f-adbf-167e1d4b28fa@group-CE1CBEB6383D: changes role from CANDIDATE to FOLLOWER at term 1 for DISCOVERED_A_NEW_TERM
2019-10-14 10:26:26,837 [d08b79a2-19c9-460f-adbf-167e1d4b28fa@group-CE1CBEB6383D-LeaderElection27] INFO  impl.RoleInfo (RoleInfo.java:shutdownLeaderElection(134)) - d08b79a2-19c9-460f-adbf-167e1d4b28fa: shutdown LeaderElection
2019-10-14 10:26:26,837 [d08b79a2-19c9-460f-adbf-167e1d4b28fa@group-CE1CBEB6383D-LeaderElection27] INFO  impl.RoleInfo (RoleInfo.java:updateAndGet(143)) - d08b79a2-19c9-460f-adbf-167e1d4b28fa: start FollowerState
2019-10-14 10:26:26,838 [4031060a-28bd-4ec2-97b8-c34fb7e04848@group-CE1CBEB6383D-LeaderElection28] INFO  impl.LeaderElection (LeaderElection.java:logAndReturn(56)) - 4031060a-28bd-4ec2-97b8-c34fb7e04848@group-CE1CBEB6383D-LeaderElection28: Election REJECTED; received 2 response(s) [4031060a-28bd-4ec2-97b8-c34fb7e04848<-fbdd9009-148c-4ad1-8fbf-9679a6c31dd6#0:FAIL-t1, 4031060a-28bd-4ec2-97b8-c34fb7e04848<-d08b79a2-19c9-460f-adbf-167e1d4b28fa#0:FAIL-t1] and 0 exception(s); 4031060a-28bd-4ec2-97b8-c34fb7e04848@group-CE1CBEB6383D:t1, leader=null, voted=4031060a-28bd-4ec2-97b8-c34fb7e04848, raftlog=4031060a-28bd-4ec2-97b8-c34fb7e04848@group-CE1CBEB6383D-SegmentedRaftLog:OPENED:c-1,f-1,i0, conf=-1: [4031060a-28bd-4ec2-97b8-c34fb7e04848:192.168.5.145:42386, fbdd9009-148c-4ad1-8fbf-9679a6c31dd6:192.168.5.145:46505, d08b79a2-19c9-460f-adbf-167e1d4b28fa:192.168.5.145:34968], old=null
2019-10-14 10:26:26,840 [4031060a-28bd-4ec2-97b8-c34fb7e04848@group-CE1CBEB6383D-LeaderElection28] INFO  impl.RaftServerImpl (RaftServerImpl.java:setRole(170)) - 4031060a-28bd-4ec2-97b8-c34fb7e04848@group-CE1CBEB6383D: changes role from CANDIDATE to FOLLOWER at term 1 for DISCOVERED_A_NEW_TERM
2019-10-14 10:26:26,841 [4031060a-28bd-4ec2-97b8-c34fb7e04848@group-CE1CBEB6383D-LeaderElection28] INFO  impl.RoleInfo (RoleInfo.java:shutdownLeaderElection(134)) - 4031060a-28bd-4ec2-97b8-c34fb7e04848: shutdown LeaderElection
2019-10-14 10:26:26,841 [4031060a-28bd-4ec2-97b8-c34fb7e04848@group-CE1CBEB6383D-LeaderElection28] INFO  impl.RoleInfo (RoleInfo.java:updateAndGet(143)) - 4031060a-28bd-4ec2-97b8-c34fb7e04848: start FollowerState
2019-10-14 10:26:27,266 [RatisApplyTransactionExecutor 1] ERROR ratis.ContainerStateMachine (ContainerStateMachine.java:lambda$applyTransaction$6(739)) - gid group-C0905E76DA01 : ApplyTransaction failed. cmd CreateContainer logIndex 7 exception {}
java.lang.IllegalArgumentException
	at com.google.common.base.Preconditions.checkArgument(Preconditions.java:72)
	at org.apache.hadoop.ozone.container.keyvalue.KeyValueHandler.handleCreateContainer(KeyValueHandler.java:217)
	at org.apache.hadoop.ozone.container.keyvalue.KeyValueHandler.handle(KeyValueHandler.java:152)
	at org.apache.hadoop.ozone.container.common.impl.HddsDispatcher.dispatchRequest(HddsDispatcher.java:277)
	at org.apache.hadoop.ozone.container.common.impl.HddsDispatcher.dispatch(HddsDispatcher.java:150)
	at org.apache.hadoop.ozone.container.common.transport.server.ratis.ContainerStateMachine.dispatchCommand(ContainerStateMachine.java:413)
	at org.apache.hadoop.ozone.container.common.transport.server.ratis.ContainerStateMachine.runCommand(ContainerStateMachine.java:423)
	at org.apache.hadoop.ozone.container.common.transport.server.ratis.ContainerStateMachine.lambda$applyTransaction$6(ContainerStateMachine.java:737)
	at java.util.concurrent.CompletableFuture$AsyncSupply.run(CompletableFuture.java:1590)
	at java.util.concurrent.ThreadPoolExecutor.runWorker(ThreadPoolExecutor.java:1149)
	at java.util.concurrent.ThreadPoolExecutor$Worker.run(ThreadPoolExecutor.java:624)
	at java.lang.Thread.run(Thread.java:748)
2019-10-14 10:26:27,288 [RatisApplyTransactionExecutor 1] ERROR ratis.ContainerStateMachine (ContainerStateMachine.java:lambda$applyTransaction$6(739)) - gid group-C0905E76DA01 : ApplyTransaction failed. cmd CreateContainer logIndex 7 exception {}
java.lang.IllegalArgumentException
	at com.google.common.base.Preconditions.checkArgument(Preconditions.java:72)
	at org.apache.hadoop.ozone.container.keyvalue.KeyValueHandler.handleCreateContainer(KeyValueHandler.java:217)
	at org.apache.hadoop.ozone.container.keyvalue.KeyValueHandler.handle(KeyValueHandler.java:152)
	at org.apache.hadoop.ozone.container.common.impl.HddsDispatcher.dispatchRequest(HddsDispatcher.java:277)
	at org.apache.hadoop.ozone.container.common.impl.HddsDispatcher.dispatch(HddsDispatcher.java:150)
	at org.apache.hadoop.ozone.container.common.transport.server.ratis.ContainerStateMachine.dispatchCommand(ContainerStateMachine.java:413)
	at org.apache.hadoop.ozone.container.common.transport.server.ratis.ContainerStateMachine.runCommand(ContainerStateMachine.java:423)
	at org.apache.hadoop.ozone.container.common.transport.server.ratis.ContainerStateMachine.lambda$applyTransaction$6(ContainerStateMachine.java:737)
	at java.util.concurrent.CompletableFuture$AsyncSupply.run(CompletableFuture.java:1590)
	at java.util.concurrent.ThreadPoolExecutor.runWorker(ThreadPoolExecutor.java:1149)
	at java.util.concurrent.ThreadPoolExecutor$Worker.run(ThreadPoolExecutor.java:624)
	at java.lang.Thread.run(Thread.java:748)
2019-10-14 10:26:27,288 [RatisApplyTransactionExecutor 1] ERROR ratis.ContainerStateMachine (ContainerStateMachine.java:lambda$applyTransaction$6(739)) - gid group-C0905E76DA01 : ApplyTransaction failed. cmd CreateContainer logIndex 7 exception {}
java.lang.IllegalArgumentException
	at com.google.common.base.Preconditions.checkArgument(Preconditions.java:72)
	at org.apache.hadoop.ozone.container.keyvalue.KeyValueHandler.handleCreateContainer(KeyValueHandler.java:217)
	at org.apache.hadoop.ozone.container.keyvalue.KeyValueHandler.handle(KeyValueHandler.java:152)
	at org.apache.hadoop.ozone.container.common.impl.HddsDispatcher.dispatchRequest(HddsDispatcher.java:277)
	at org.apache.hadoop.ozone.container.common.impl.HddsDispatcher.dispatch(HddsDispatcher.java:150)
	at org.apache.hadoop.ozone.container.common.transport.server.ratis.ContainerStateMachine.dispatchCommand(ContainerStateMachine.java:413)
	at org.apache.hadoop.ozone.container.common.transport.server.ratis.ContainerStateMachine.runCommand(ContainerStateMachine.java:423)
	at org.apache.hadoop.ozone.container.common.transport.server.ratis.ContainerStateMachine.lambda$applyTransaction$6(ContainerStateMachine.java:737)
	at java.util.concurrent.CompletableFuture$AsyncSupply.run(CompletableFuture.java:1590)
	at java.util.concurrent.ThreadPoolExecutor.runWorker(ThreadPoolExecutor.java:1149)
	at java.util.concurrent.ThreadPoolExecutor$Worker.run(ThreadPoolExecutor.java:624)
	at java.lang.Thread.run(Thread.java:748)
2019-10-14 10:26:31,912 [Thread-791] INFO  impl.FollowerState (FollowerState.java:run(108)) - 4031060a-28bd-4ec2-97b8-c34fb7e04848@group-CE1CBEB6383D-FollowerState: change to CANDIDATE, lastRpcTime:5070ms, electionTimeout:5070ms
2019-10-14 10:26:31,912 [Thread-791] INFO  impl.RoleInfo (RoleInfo.java:shutdownFollowerState(121)) - 4031060a-28bd-4ec2-97b8-c34fb7e04848: shutdown FollowerState
2019-10-14 10:26:31,912 [Thread-791] INFO  impl.RaftServerImpl (RaftServerImpl.java:setRole(170)) - 4031060a-28bd-4ec2-97b8-c34fb7e04848@group-CE1CBEB6383D: changes role from  FOLLOWER to CANDIDATE at term 1 for changeToCandidate
2019-10-14 10:26:31,913 [Thread-791] INFO  impl.RoleInfo (RoleInfo.java:updateAndGet(143)) - 4031060a-28bd-4ec2-97b8-c34fb7e04848: start LeaderElection
2019-10-14 10:26:31,930 [4031060a-28bd-4ec2-97b8-c34fb7e04848@group-CE1CBEB6383D-LeaderElection29] INFO  impl.LeaderElection (LeaderElection.java:askForVotes(178)) - 4031060a-28bd-4ec2-97b8-c34fb7e04848@group-CE1CBEB6383D-LeaderElection29: begin an election at term 2 for -1: [4031060a-28bd-4ec2-97b8-c34fb7e04848:192.168.5.145:42386, fbdd9009-148c-4ad1-8fbf-9679a6c31dd6:192.168.5.145:46505, d08b79a2-19c9-460f-adbf-167e1d4b28fa:192.168.5.145:34968], old=null
2019-10-14 10:26:31,934 [grpc-default-executor-2] INFO  impl.RaftServerImpl (RaftServerImpl.java:setRole(170)) - d08b79a2-19c9-460f-adbf-167e1d4b28fa@group-CE1CBEB6383D: changes role from  FOLLOWER to FOLLOWER at term 2 for recognizeCandidate:4031060a-28bd-4ec2-97b8-c34fb7e04848
2019-10-14 10:26:31,934 [grpc-default-executor-0] INFO  impl.RaftServerImpl (RaftServerImpl.java:setRole(170)) - fbdd9009-148c-4ad1-8fbf-9679a6c31dd6@group-CE1CBEB6383D: changes role from  FOLLOWER to FOLLOWER at term 2 for recognizeCandidate:4031060a-28bd-4ec2-97b8-c34fb7e04848
2019-10-14 10:26:31,934 [grpc-default-executor-2] INFO  impl.RoleInfo (RoleInfo.java:shutdownFollowerState(121)) - d08b79a2-19c9-460f-adbf-167e1d4b28fa: shutdown FollowerState
2019-10-14 10:26:31,934 [grpc-default-executor-0] INFO  impl.RoleInfo (RoleInfo.java:shutdownFollowerState(121)) - fbdd9009-148c-4ad1-8fbf-9679a6c31dd6: shutdown FollowerState
2019-10-14 10:26:31,935 [Thread-788] INFO  impl.FollowerState (FollowerState.java:run(117)) - d08b79a2-19c9-460f-adbf-167e1d4b28fa@group-CE1CBEB6383D-FollowerState was interrupted: java.lang.InterruptedException: sleep interrupted
2019-10-14 10:26:31,935 [grpc-default-executor-2] INFO  impl.RoleInfo (RoleInfo.java:updateAndGet(143)) - d08b79a2-19c9-460f-adbf-167e1d4b28fa: start FollowerState
2019-10-14 10:26:31,938 [Thread-787] INFO  impl.FollowerState (FollowerState.java:run(117)) - fbdd9009-148c-4ad1-8fbf-9679a6c31dd6@group-CE1CBEB6383D-FollowerState was interrupted: java.lang.InterruptedException: sleep interrupted
2019-10-14 10:26:31,935 [grpc-default-executor-0] INFO  impl.RoleInfo (RoleInfo.java:updateAndGet(143)) - fbdd9009-148c-4ad1-8fbf-9679a6c31dd6: start FollowerState
2019-10-14 10:26:31,967 [4031060a-28bd-4ec2-97b8-c34fb7e04848@group-CE1CBEB6383D-LeaderElection29] INFO  impl.LeaderElection (LeaderElection.java:logAndReturn(56)) - 4031060a-28bd-4ec2-97b8-c34fb7e04848@group-CE1CBEB6383D-LeaderElection29: Election PASSED; received 1 response(s) [4031060a-28bd-4ec2-97b8-c34fb7e04848<-d08b79a2-19c9-460f-adbf-167e1d4b28fa#0:OK-t2] and 0 exception(s); 4031060a-28bd-4ec2-97b8-c34fb7e04848@group-CE1CBEB6383D:t2, leader=null, voted=4031060a-28bd-4ec2-97b8-c34fb7e04848, raftlog=4031060a-28bd-4ec2-97b8-c34fb7e04848@group-CE1CBEB6383D-SegmentedRaftLog:OPENED:c-1,f-1,i0, conf=-1: [4031060a-28bd-4ec2-97b8-c34fb7e04848:192.168.5.145:42386, fbdd9009-148c-4ad1-8fbf-9679a6c31dd6:192.168.5.145:46505, d08b79a2-19c9-460f-adbf-167e1d4b28fa:192.168.5.145:34968], old=null
2019-10-14 10:26:31,967 [4031060a-28bd-4ec2-97b8-c34fb7e04848@group-CE1CBEB6383D-LeaderElection29] INFO  impl.RoleInfo (RoleInfo.java:shutdownLeaderElection(134)) - 4031060a-28bd-4ec2-97b8-c34fb7e04848: shutdown LeaderElection
2019-10-14 10:26:31,968 [4031060a-28bd-4ec2-97b8-c34fb7e04848@group-CE1CBEB6383D-LeaderElection29] INFO  impl.RaftServerImpl (RaftServerImpl.java:setRole(170)) - 4031060a-28bd-4ec2-97b8-c34fb7e04848@group-CE1CBEB6383D: changes role from CANDIDATE to LEADER at term 2 for changeToLeader
2019-10-14 10:26:31,968 [4031060a-28bd-4ec2-97b8-c34fb7e04848@group-CE1CBEB6383D-LeaderElection29] INFO  impl.RaftServerImpl (ServerState.java:setLeader(255)) - 4031060a-28bd-4ec2-97b8-c34fb7e04848@group-CE1CBEB6383D: change Leader from null to 4031060a-28bd-4ec2-97b8-c34fb7e04848 at term 2 for becomeLeader, leader elected after 10363ms
2019-10-14 10:26:31,968 [4031060a-28bd-4ec2-97b8-c34fb7e04848@group-CE1CBEB6383D-LeaderElection29] INFO  server.RaftServerConfigKeys (ConfUtils.java:logGet(43)) - raft.server.staging.catchup.gap = 1000 (default)
2019-10-14 10:26:31,968 [4031060a-28bd-4ec2-97b8-c34fb7e04848@group-CE1CBEB6383D-LeaderElection29] INFO  server.RaftServerConfigKeys (ConfUtils.java:logGet(43)) - raft.server.rpc.sleep.time = 25ms (default)
2019-10-14 10:26:31,969 [4031060a-28bd-4ec2-97b8-c34fb7e04848@group-CE1CBEB6383D-LeaderElection29] INFO  server.RaftServerConfigKeys (ConfUtils.java:logGet(43)) - raft.server.write.element-limit = 4096 (default)
2019-10-14 10:26:31,969 [4031060a-28bd-4ec2-97b8-c34fb7e04848@group-CE1CBEB6383D-LeaderElection29] INFO  server.RaftServerConfigKeys (ConfUtils.java:logGet(43)) - raft.server.watch.timeout = 10s (default)
2019-10-14 10:26:31,969 [4031060a-28bd-4ec2-97b8-c34fb7e04848@group-CE1CBEB6383D-LeaderElection29] INFO  server.RaftServerConfigKeys (ConfUtils.java:logGet(43)) - raft.server.watch.timeout.denomination = 1s (default)
2019-10-14 10:26:31,969 [4031060a-28bd-4ec2-97b8-c34fb7e04848@group-CE1CBEB6383D-LeaderElection29] INFO  server.RaftServerConfigKeys (ConfUtils.java:logGet(43)) - raft.server.watch.element-limit = 65536 (default)
2019-10-14 10:26:31,974 [4031060a-28bd-4ec2-97b8-c34fb7e04848@group-CE1CBEB6383D-LeaderElection29] INFO  server.RaftServerConfigKeys (ConfUtils.java:logGet(43)) - raft.server.log.appender.snapshot.chunk.size.max = 16MB (=16777216) (default)
2019-10-14 10:26:31,974 [4031060a-28bd-4ec2-97b8-c34fb7e04848@group-CE1CBEB6383D-LeaderElection29] INFO  server.RaftServerConfigKeys (ConfUtils.java:logGet(43)) - raft.server.log.appender.buffer.byte-limit = 33554432 (custom)
2019-10-14 10:26:31,974 [4031060a-28bd-4ec2-97b8-c34fb7e04848@group-CE1CBEB6383D-LeaderElection29] INFO  server.RaftServerConfigKeys (ConfUtils.java:logGet(43)) - raft.server.log.appender.buffer.element-limit = 1 (custom)
2019-10-14 10:26:31,974 [4031060a-28bd-4ec2-97b8-c34fb7e04848@group-CE1CBEB6383D-LeaderElection29] INFO  grpc.GrpcConfigKeys$Server (ConfUtils.java:logGet(43)) - raft.grpc.server.leader.outstanding.appends.max = 128 (default)
2019-10-14 10:26:31,975 [4031060a-28bd-4ec2-97b8-c34fb7e04848@group-CE1CBEB6383D-LeaderElection29] INFO  server.RaftServerConfigKeys (ConfUtils.java:logGet(43)) - raft.server.rpc.request.timeout = 3000ms (default)
2019-10-14 10:26:31,975 [4031060a-28bd-4ec2-97b8-c34fb7e04848@group-CE1CBEB6383D-LeaderElection29] INFO  server.RaftServerConfigKeys (ConfUtils.java:logGet(43)) - raft.server.log.appender.install.snapshot.enabled = false (custom)
2019-10-14 10:26:31,975 [4031060a-28bd-4ec2-97b8-c34fb7e04848@group-CE1CBEB6383D-LeaderElection29] INFO  server.RaftServerConfigKeys (ConfUtils.java:logGet(43)) - raft.server.log.appender.snapshot.chunk.size.max = 16MB (=16777216) (default)
2019-10-14 10:26:31,976 [4031060a-28bd-4ec2-97b8-c34fb7e04848@group-CE1CBEB6383D-LeaderElection29] INFO  server.RaftServerConfigKeys (ConfUtils.java:logGet(43)) - raft.server.log.appender.buffer.byte-limit = 33554432 (custom)
2019-10-14 10:26:31,976 [4031060a-28bd-4ec2-97b8-c34fb7e04848@group-CE1CBEB6383D-LeaderElection29] INFO  server.RaftServerConfigKeys (ConfUtils.java:logGet(43)) - raft.server.log.appender.buffer.element-limit = 1 (custom)
2019-10-14 10:26:31,976 [4031060a-28bd-4ec2-97b8-c34fb7e04848@group-CE1CBEB6383D-LeaderElection29] INFO  grpc.GrpcConfigKeys$Server (ConfUtils.java:logGet(43)) - raft.grpc.server.leader.outstanding.appends.max = 128 (default)
2019-10-14 10:26:31,976 [4031060a-28bd-4ec2-97b8-c34fb7e04848@group-CE1CBEB6383D-LeaderElection29] INFO  server.RaftServerConfigKeys (ConfUtils.java:logGet(43)) - raft.server.rpc.request.timeout = 3000ms (default)
2019-10-14 10:26:31,976 [4031060a-28bd-4ec2-97b8-c34fb7e04848@group-CE1CBEB6383D-LeaderElection29] INFO  server.RaftServerConfigKeys (ConfUtils.java:logGet(43)) - raft.server.log.appender.install.snapshot.enabled = false (custom)
2019-10-14 10:26:31,977 [4031060a-28bd-4ec2-97b8-c34fb7e04848@group-CE1CBEB6383D-LeaderElection29] INFO  impl.RoleInfo (RoleInfo.java:updateAndGet(143)) - 4031060a-28bd-4ec2-97b8-c34fb7e04848: start LeaderState
2019-10-14 10:26:31,977 [4031060a-28bd-4ec2-97b8-c34fb7e04848@group-CE1CBEB6383D-LeaderElection29] INFO  segmented.SegmentedRaftLogWorker (SegmentedRaftLogWorker.java:startLogSegment(385)) - 4031060a-28bd-4ec2-97b8-c34fb7e04848@group-CE1CBEB6383D-SegmentedRaftLogWorker: Starting segment from index:0
2019-10-14 10:26:31,978 [4031060a-28bd-4ec2-97b8-c34fb7e04848@group-CE1CBEB6383D-LeaderElection29] INFO  impl.RaftServerImpl (ServerState.java:setRaftConf(356)) - 4031060a-28bd-4ec2-97b8-c34fb7e04848@group-CE1CBEB6383D: set configuration 0: [4031060a-28bd-4ec2-97b8-c34fb7e04848:192.168.5.145:42386, fbdd9009-148c-4ad1-8fbf-9679a6c31dd6:192.168.5.145:46505, d08b79a2-19c9-460f-adbf-167e1d4b28fa:192.168.5.145:34968], old=null at 0
2019-10-14 10:26:32,020 [grpc-default-executor-0] INFO  impl.RaftServerImpl (ServerState.java:setLeader(255)) - fbdd9009-148c-4ad1-8fbf-9679a6c31dd6@group-CE1CBEB6383D: change Leader from null to 4031060a-28bd-4ec2-97b8-c34fb7e04848 at term 2 for appendEntries, leader elected after 10415ms
2019-10-14 10:26:32,020 [grpc-default-executor-2] INFO  impl.RaftServerImpl (ServerState.java:setLeader(255)) - d08b79a2-19c9-460f-adbf-167e1d4b28fa@group-CE1CBEB6383D: change Leader from null to 4031060a-28bd-4ec2-97b8-c34fb7e04848 at term 2 for appendEntries, leader elected after 10414ms
2019-10-14 10:26:32,026 [grpc-default-executor-2] INFO  impl.RaftServerImpl (ServerState.java:setRaftConf(356)) - d08b79a2-19c9-460f-adbf-167e1d4b28fa@group-CE1CBEB6383D: set configuration 0: [4031060a-28bd-4ec2-97b8-c34fb7e04848:192.168.5.145:42386, fbdd9009-148c-4ad1-8fbf-9679a6c31dd6:192.168.5.145:46505, d08b79a2-19c9-460f-adbf-167e1d4b28fa:192.168.5.145:34968], old=null at 0
2019-10-14 10:26:32,026 [grpc-default-executor-0] INFO  impl.RaftServerImpl (ServerState.java:setRaftConf(356)) - fbdd9009-148c-4ad1-8fbf-9679a6c31dd6@group-CE1CBEB6383D: set configuration 0: [4031060a-28bd-4ec2-97b8-c34fb7e04848:192.168.5.145:42386, fbdd9009-148c-4ad1-8fbf-9679a6c31dd6:192.168.5.145:46505, d08b79a2-19c9-460f-adbf-167e1d4b28fa:192.168.5.145:34968], old=null at 0
2019-10-14 10:26:32,027 [grpc-default-executor-2] INFO  segmented.SegmentedRaftLogWorker (SegmentedRaftLogWorker.java:startLogSegment(385)) - d08b79a2-19c9-460f-adbf-167e1d4b28fa@group-CE1CBEB6383D-SegmentedRaftLogWorker: Starting segment from index:0
2019-10-14 10:26:32,027 [grpc-default-executor-0] INFO  segmented.SegmentedRaftLogWorker (SegmentedRaftLogWorker.java:startLogSegment(385)) - fbdd9009-148c-4ad1-8fbf-9679a6c31dd6@group-CE1CBEB6383D-SegmentedRaftLogWorker: Starting segment from index:0
2019-10-14 10:26:32,030 [4031060a-28bd-4ec2-97b8-c34fb7e04848@group-CE1CBEB6383D-SegmentedRaftLogWorker] INFO  segmented.SegmentedRaftLogWorker (SegmentedRaftLogWorker.java:execute(574)) - 4031060a-28bd-4ec2-97b8-c34fb7e04848@group-CE1CBEB6383D-SegmentedRaftLogWorker: created new log segment /workdir/hadoop-ozone/integration-test/target/test-dir/MiniOzoneClusterImpl-3072ea79-444e-478b-951c-ea383f4180ba/datanode-5/data/ratis/f021c558-1ab6-4035-bcbb-ce1cbeb6383d/current/log_inprogress_0
2019-10-14 10:26:32,074 [fbdd9009-148c-4ad1-8fbf-9679a6c31dd6@group-CE1CBEB6383D-SegmentedRaftLogWorker] INFO  segmented.SegmentedRaftLogWorker (SegmentedRaftLogWorker.java:execute(574)) - fbdd9009-148c-4ad1-8fbf-9679a6c31dd6@group-CE1CBEB6383D-SegmentedRaftLogWorker: created new log segment /workdir/hadoop-ozone/integration-test/target/test-dir/MiniOzoneClusterImpl-3072ea79-444e-478b-951c-ea383f4180ba/datanode-4/data/ratis/f021c558-1ab6-4035-bcbb-ce1cbeb6383d/current/log_inprogress_0
2019-10-14 10:26:32,074 [d08b79a2-19c9-460f-adbf-167e1d4b28fa@group-CE1CBEB6383D-SegmentedRaftLogWorker] INFO  segmented.SegmentedRaftLogWorker (SegmentedRaftLogWorker.java:execute(574)) - d08b79a2-19c9-460f-adbf-167e1d4b28fa@group-CE1CBEB6383D-SegmentedRaftLogWorker: created new log segment /workdir/hadoop-ozone/integration-test/target/test-dir/MiniOzoneClusterImpl-3072ea79-444e-478b-951c-ea383f4180ba/datanode-1/data/ratis/f021c558-1ab6-4035-bcbb-ce1cbeb6383d/current/log_inprogress_0
2019-10-14 10:27:59,507 [main] INFO  ozone.MiniOzoneClusterImpl (MiniOzoneClusterImpl.java:shutdown(314)) - Shutting down the Mini Ozone Cluster
2019-10-14 10:27:59,509 [main] INFO  ozone.MiniOzoneClusterImpl (MiniOzoneClusterImpl.java:stop(330)) - Stopping the Mini Ozone Cluster
2019-10-14 10:27:59,509 [main] INFO  ozone.MiniOzoneClusterImpl (MiniOzoneClusterImpl.java:stopOM(400)) - Stopping the OzoneManager
2019-10-14 10:27:59,509 [main] INFO  ipc.Server (Server.java:stop(3082)) - Stopping server on 33386
2019-10-14 10:27:59,520 [IPC Server listener on 33386] INFO  ipc.Server (Server.java:run(1185)) - Stopping IPC Server listener on 33386
2019-10-14 10:27:59,523 [main] INFO  ratis.OzoneManagerDoubleBuffer (OzoneManagerDoubleBuffer.java:stop(250)) - Stopping OMDoubleBuffer flush thread
2019-10-14 10:27:59,523 [IPC Server Responder] INFO  ipc.Server (Server.java:run(1319)) - Stopping IPC Server Responder
2019-10-14 10:27:59,562 [OMDoubleBufferFlushThread] INFO  ratis.OzoneManagerDoubleBuffer (OzoneManagerDoubleBuffer.java:flushTransactions(193)) - OMDoubleBuffer flush thread OMDoubleBufferFlushThread is interrupted and will exit. OMDoubleBufferFlushThread
2019-10-14 10:27:59,563 [main] INFO  utils.BackgroundService (BackgroundService.java:shutdown(151)) - Shutting down service KeyDeletingService
2019-10-14 10:27:59,565 [main] INFO  handler.ContextHandler (ContextHandler.java:doStop(910)) - Stopped o.e.j.w.WebAppContext@44fdce3c{/,null,UNAVAILABLE}{/ozoneManager}
2019-10-14 10:27:59,567 [main] INFO  server.AbstractConnector (AbstractConnector.java:doStop(318)) - Stopped ServerConnector@712c5463{HTTP/1.1,[http/1.1]}{0.0.0.0:0}
2019-10-14 10:27:59,567 [main] INFO  handler.ContextHandler (ContextHandler.java:doStop(910)) - Stopped o.e.j.s.ServletContextHandler@d2e6b0b{/static,file:///workdir/hadoop-ozone/integration-test/target/test-classes/webapps/static,UNAVAILABLE}
2019-10-14 10:27:59,568 [main] INFO  handler.ContextHandler (ContextHandler.java:doStop(910)) - Stopped o.e.j.s.ServletContextHandler@56dd6efa{/logs,file:///workdir/hadoop-ozone/integration-test/target/log,UNAVAILABLE}
2019-10-14 10:27:59,572 [main] INFO  ozone.MiniOzoneClusterImpl (MiniOzoneClusterImpl.java:stopDatanodes(377)) - Stopping the HddsDatanodes
2019-10-14 10:28:00,045 [Datanode State Machine Thread - 0] INFO  statemachine.DatanodeStateMachine (DatanodeStateMachine.java:lambda$startDaemon$0(350)) - Ozone container server started.
2019-10-14 10:28:00,244 [Datanode State Machine Thread - 0] INFO  statemachine.DatanodeStateMachine (DatanodeStateMachine.java:lambda$startDaemon$0(350)) - Ozone container server started.
2019-10-14 10:28:04,575 [main] INFO  ozoneimpl.OzoneContainer (OzoneContainer.java:stop(227)) - Attempting to stop container services.
2019-10-14 10:28:04,575 [ForkJoinPool.commonPool-worker-1] INFO  ozoneimpl.OzoneContainer (OzoneContainer.java:stop(227)) - Attempting to stop container services.
2019-10-14 10:28:04,578 [main] INFO  impl.RaftServerProxy (RaftServerProxy.java:lambda$close$4(314)) - fbdd9009-148c-4ad1-8fbf-9679a6c31dd6: close
2019-10-14 10:28:04,578 [ForkJoinPool.commonPool-worker-1] INFO  impl.RaftServerProxy (RaftServerProxy.java:lambda$close$4(314)) - d08b79a2-19c9-460f-adbf-167e1d4b28fa: close
2019-10-14 10:28:04,579 [ForkJoinPool.commonPool-worker-1] INFO  impl.RaftServerImpl (RaftServerImpl.java:lambda$shutdown$3(247)) - d08b79a2-19c9-460f-adbf-167e1d4b28fa@group-CE1CBEB6383D: shutdown
2019-10-14 10:28:04,579 [main] INFO  impl.RaftServerImpl (RaftServerImpl.java:lambda$shutdown$3(247)) - fbdd9009-148c-4ad1-8fbf-9679a6c31dd6@group-99BF98E5A231: shutdown
2019-10-14 10:28:04,579 [ForkJoinPool.commonPool-worker-1] INFO  util.JmxRegister (JmxRegister.java:unregister(73)) - Successfully un-registered JMX Bean with object name Ratis:service=RaftServer,group=group-CE1CBEB6383D,id=d08b79a2-19c9-460f-adbf-167e1d4b28fa
2019-10-14 10:28:04,580 [main] INFO  util.JmxRegister (JmxRegister.java:unregister(73)) - Successfully un-registered JMX Bean with object name Ratis:service=RaftServer,group=group-99BF98E5A231,id=fbdd9009-148c-4ad1-8fbf-9679a6c31dd6
2019-10-14 10:28:04,580 [ForkJoinPool.commonPool-worker-1] INFO  impl.RoleInfo (RoleInfo.java:shutdownFollowerState(121)) - d08b79a2-19c9-460f-adbf-167e1d4b28fa: shutdown FollowerState
2019-10-14 10:28:04,580 [main] INFO  impl.RoleInfo (RoleInfo.java:shutdownLeaderState(104)) - fbdd9009-148c-4ad1-8fbf-9679a6c31dd6: shutdown LeaderState
2019-10-14 10:28:04,587 [ForkJoinPool.commonPool-worker-1] INFO  impl.StateMachineUpdater (StateMachineUpdater.java:stopAndJoin(136)) - d08b79a2-19c9-460f-adbf-167e1d4b28fa@group-CE1CBEB6383D-StateMachineUpdater: set stopIndex = 0
2019-10-14 10:28:04,588 [main] INFO  impl.PendingRequests (PendingRequests.java:sendNotLeaderResponses(202)) - fbdd9009-148c-4ad1-8fbf-9679a6c31dd6@group-99BF98E5A231-PendingRequests: sendNotLeaderResponses
2019-10-14 10:28:04,587 [Thread-838] INFO  impl.FollowerState (FollowerState.java:run(117)) - d08b79a2-19c9-460f-adbf-167e1d4b28fa@group-CE1CBEB6383D-FollowerState was interrupted: java.lang.InterruptedException: sleep interrupted
2019-10-14 10:28:04,588 [ForkJoinPool.commonPool-worker-1] INFO  impl.RaftServerImpl (ServerState.java:close(387)) - d08b79a2-19c9-460f-adbf-167e1d4b28fa@group-CE1CBEB6383D: closes. applyIndex: 0
2019-10-14 10:28:04,591 [main] INFO  impl.StateMachineUpdater (StateMachineUpdater.java:stopAndJoin(136)) - fbdd9009-148c-4ad1-8fbf-9679a6c31dd6@group-99BF98E5A231-StateMachineUpdater: set stopIndex = 0
2019-10-14 10:28:04,591 [d08b79a2-19c9-460f-adbf-167e1d4b28fa@group-CE1CBEB6383D-SegmentedRaftLogWorker] INFO  segmented.SegmentedRaftLogWorker (SegmentedRaftLogWorker.java:run(316)) - d08b79a2-19c9-460f-adbf-167e1d4b28fa@group-CE1CBEB6383D-SegmentedRaftLogWorker was interrupted, exiting. There are 0 tasks remaining in the queue.
2019-10-14 10:28:04,591 [main] INFO  impl.RaftServerImpl (ServerState.java:close(387)) - fbdd9009-148c-4ad1-8fbf-9679a6c31dd6@group-99BF98E5A231: closes. applyIndex: 0
2019-10-14 10:28:04,594 [ForkJoinPool.commonPool-worker-1] INFO  segmented.SegmentedRaftLogWorker (SegmentedRaftLogWorker.java:close(224)) - d08b79a2-19c9-460f-adbf-167e1d4b28fa@group-CE1CBEB6383D-SegmentedRaftLogWorker close()
2019-10-14 10:28:04,595 [fbdd9009-148c-4ad1-8fbf-9679a6c31dd6@group-99BF98E5A231-SegmentedRaftLogWorker] INFO  segmented.SegmentedRaftLogWorker (SegmentedRaftLogWorker.java:run(316)) - fbdd9009-148c-4ad1-8fbf-9679a6c31dd6@group-99BF98E5A231-SegmentedRaftLogWorker was interrupted, exiting. There are 0 tasks remaining in the queue.
2019-10-14 10:28:04,598 [ForkJoinPool.commonPool-worker-1] INFO  impl.RaftServerImpl (RaftServerImpl.java:lambda$shutdown$3(247)) - d08b79a2-19c9-460f-adbf-167e1d4b28fa@group-9C39E9040F85: shutdown
2019-10-14 10:28:04,600 [main] INFO  segmented.SegmentedRaftLogWorker (SegmentedRaftLogWorker.java:close(224)) - fbdd9009-148c-4ad1-8fbf-9679a6c31dd6@group-99BF98E5A231-SegmentedRaftLogWorker close()
2019-10-14 10:28:04,600 [ForkJoinPool.commonPool-worker-1] INFO  util.JmxRegister (JmxRegister.java:unregister(73)) - Successfully un-registered JMX Bean with object name Ratis:service=RaftServer,group=group-9C39E9040F85,id=d08b79a2-19c9-460f-adbf-167e1d4b28fa
2019-10-14 10:28:04,604 [main] INFO  impl.RaftServerImpl (RaftServerImpl.java:lambda$shutdown$3(247)) - fbdd9009-148c-4ad1-8fbf-9679a6c31dd6@group-CE1CBEB6383D: shutdown
2019-10-14 10:28:04,604 [ForkJoinPool.commonPool-worker-1] INFO  impl.RoleInfo (RoleInfo.java:shutdownLeaderState(104)) - d08b79a2-19c9-460f-adbf-167e1d4b28fa: shutdown LeaderState
2019-10-14 10:28:04,605 [main] INFO  util.JmxRegister (JmxRegister.java:unregister(73)) - Successfully un-registered JMX Bean with object name Ratis:service=RaftServer,group=group-CE1CBEB6383D,id=fbdd9009-148c-4ad1-8fbf-9679a6c31dd6
2019-10-14 10:28:04,605 [main] INFO  impl.RoleInfo (RoleInfo.java:shutdownFollowerState(121)) - fbdd9009-148c-4ad1-8fbf-9679a6c31dd6: shutdown FollowerState
2019-10-14 10:28:04,605 [ForkJoinPool.commonPool-worker-1] INFO  impl.PendingRequests (PendingRequests.java:sendNotLeaderResponses(202)) - d08b79a2-19c9-460f-adbf-167e1d4b28fa@group-9C39E9040F85-PendingRequests: sendNotLeaderResponses
2019-10-14 10:28:04,606 [Thread-839] INFO  impl.FollowerState (FollowerState.java:run(117)) - fbdd9009-148c-4ad1-8fbf-9679a6c31dd6@group-CE1CBEB6383D-FollowerState was interrupted: java.lang.InterruptedException: sleep interrupted
2019-10-14 10:28:04,606 [main] INFO  impl.StateMachineUpdater (StateMachineUpdater.java:stopAndJoin(136)) - fbdd9009-148c-4ad1-8fbf-9679a6c31dd6@group-CE1CBEB6383D-StateMachineUpdater: set stopIndex = 0
2019-10-14 10:28:04,608 [main] INFO  impl.RaftServerImpl (ServerState.java:close(387)) - fbdd9009-148c-4ad1-8fbf-9679a6c31dd6@group-CE1CBEB6383D: closes. applyIndex: 0
2019-10-14 10:28:04,606 [ForkJoinPool.commonPool-worker-1] INFO  impl.StateMachineUpdater (StateMachineUpdater.java:stopAndJoin(136)) - d08b79a2-19c9-460f-adbf-167e1d4b28fa@group-9C39E9040F85-StateMachineUpdater: set stopIndex = 0
2019-10-14 10:28:04,609 [fbdd9009-148c-4ad1-8fbf-9679a6c31dd6@group-CE1CBEB6383D-SegmentedRaftLogWorker] INFO  segmented.SegmentedRaftLogWorker (SegmentedRaftLogWorker.java:run(316)) - fbdd9009-148c-4ad1-8fbf-9679a6c31dd6@group-CE1CBEB6383D-SegmentedRaftLogWorker was interrupted, exiting. There are 0 tasks remaining in the queue.
2019-10-14 10:28:04,609 [ForkJoinPool.commonPool-worker-1] INFO  impl.RaftServerImpl (ServerState.java:close(387)) - d08b79a2-19c9-460f-adbf-167e1d4b28fa@group-9C39E9040F85: closes. applyIndex: 0
2019-10-14 10:28:04,611 [main] INFO  segmented.SegmentedRaftLogWorker (SegmentedRaftLogWorker.java:close(224)) - fbdd9009-148c-4ad1-8fbf-9679a6c31dd6@group-CE1CBEB6383D-SegmentedRaftLogWorker close()
2019-10-14 10:28:04,612 [d08b79a2-19c9-460f-adbf-167e1d4b28fa@group-9C39E9040F85-SegmentedRaftLogWorker] INFO  segmented.SegmentedRaftLogWorker (SegmentedRaftLogWorker.java:run(316)) - d08b79a2-19c9-460f-adbf-167e1d4b28fa@group-9C39E9040F85-SegmentedRaftLogWorker was interrupted, exiting. There are 0 tasks remaining in the queue.
2019-10-14 10:28:04,617 [main] INFO  server.GrpcService (GrpcService.java:closeImpl(164)) - fbdd9009-148c-4ad1-8fbf-9679a6c31dd6: shutdown server with port 46505 now
2019-10-14 10:28:04,617 [ForkJoinPool.commonPool-worker-1] INFO  segmented.SegmentedRaftLogWorker (SegmentedRaftLogWorker.java:close(224)) - d08b79a2-19c9-460f-adbf-167e1d4b28fa@group-9C39E9040F85-SegmentedRaftLogWorker close()
2019-10-14 10:28:04,635 [ForkJoinPool.commonPool-worker-1] INFO  server.GrpcService (GrpcService.java:closeImpl(164)) - d08b79a2-19c9-460f-adbf-167e1d4b28fa: shutdown server with port 34968 now
2019-10-14 10:28:04,639 [grpc-default-executor-6] WARN  server.GrpcServerProtocolService (LogUtils.java:warn(134)) - fbdd9009-148c-4ad1-8fbf-9679a6c31dd6: installSnapshot onError, lastRequest: 4031060a-28bd-4ec2-97b8-c34fb7e04848->fbdd9009-148c-4ad1-8fbf-9679a6c31dd6#37-t2, previous=(t:2, i:0), leaderCommit=0, initializing? false, entries: <empty>: org.apache.ratis.thirdparty.io.grpc.StatusRuntimeException: CANCELLED: cancelled before receiving half close
2019-10-14 10:28:04,639 [grpc-default-executor-5] WARN  server.GrpcServerProtocolService (LogUtils.java:warn(134)) - d08b79a2-19c9-460f-adbf-167e1d4b28fa: installSnapshot onError, lastRequest: 4031060a-28bd-4ec2-97b8-c34fb7e04848->d08b79a2-19c9-460f-adbf-167e1d4b28fa#37-t2, previous=(t:2, i:0), leaderCommit=0, initializing? false, entries: <empty>: org.apache.ratis.thirdparty.io.grpc.StatusRuntimeException: CANCELLED: cancelled before receiving half close
2019-10-14 10:28:04,639 [ForkJoinPool.commonPool-worker-1] INFO  server.GrpcService (GrpcService.java:closeImpl(172)) - d08b79a2-19c9-460f-adbf-167e1d4b28fa: shutdown server with port 34968 successfully
2019-10-14 10:28:04,643 [grpc-default-executor-0] WARN  server.GrpcLogAppender (LogUtils.java:warn(134)) - 4031060a-28bd-4ec2-97b8-c34fb7e04848@group-CE1CBEB6383D->d08b79a2-19c9-460f-adbf-167e1d4b28fa-AppendLogResponseHandler: Failed appendEntries: org.apache.ratis.thirdparty.io.grpc.StatusRuntimeException: CANCELLED: HTTP/2 error code: CANCEL
Received Rst Stream
2019-10-14 10:28:04,643 [grpc-default-executor-1] WARN  server.GrpcLogAppender (LogUtils.java:warn(134)) - 4031060a-28bd-4ec2-97b8-c34fb7e04848@group-CE1CBEB6383D->fbdd9009-148c-4ad1-8fbf-9679a6c31dd6-AppendLogResponseHandler: Failed appendEntries: org.apache.ratis.thirdparty.io.grpc.StatusRuntimeException: CANCELLED: HTTP/2 error code: CANCEL
Received Rst Stream
2019-10-14 10:28:04,639 [main] INFO  server.GrpcService (GrpcService.java:closeImpl(172)) - fbdd9009-148c-4ad1-8fbf-9679a6c31dd6: shutdown server with port 46505 successfully
2019-10-14 10:28:04,644 [grpc-default-executor-1] INFO  impl.FollowerInfo (FollowerInfo.java:lambda$new$0(51)) - 4031060a-28bd-4ec2-97b8-c34fb7e04848@group-CE1CBEB6383D->fbdd9009-148c-4ad1-8fbf-9679a6c31dd6: nextIndex: updateUnconditionally 1 -> 0
2019-10-14 10:28:04,644 [grpc-default-executor-0] INFO  impl.FollowerInfo (FollowerInfo.java:lambda$new$0(51)) - 4031060a-28bd-4ec2-97b8-c34fb7e04848@group-CE1CBEB6383D->d08b79a2-19c9-460f-adbf-167e1d4b28fa: nextIndex: updateUnconditionally 1 -> 0
2019-10-14 10:28:04,649 [refreshUsed-/workdir/hadoop-ozone/integration-test/target/test-dir/MiniOzoneClusterImpl-3072ea79-444e-478b-951c-ea383f4180ba/datanode-4/data/containers] WARN  fs.CachingGetSpaceUsed (CachingGetSpaceUsed.java:run(183)) - Thread Interrupted waiting to refresh disk information: sleep interrupted
2019-10-14 10:28:04,649 [refreshUsed-/workdir/hadoop-ozone/integration-test/target/test-dir/MiniOzoneClusterImpl-3072ea79-444e-478b-951c-ea383f4180ba/datanode-1/data/containers] WARN  fs.CachingGetSpaceUsed (CachingGetSpaceUsed.java:run(183)) - Thread Interrupted waiting to refresh disk information: sleep interrupted
2019-10-14 10:28:04,673 [main] INFO  utils.BackgroundService (BackgroundService.java:shutdown(151)) - Shutting down service BlockDeletingService
2019-10-14 10:28:04,673 [ForkJoinPool.commonPool-worker-1] INFO  utils.BackgroundService (BackgroundService.java:shutdown(151)) - Shutting down service BlockDeletingService
2019-10-14 10:28:04,681 [main] INFO  statemachine.DatanodeStateMachine (DatanodeStateMachine.java:stopDaemon(395)) - Ozone container server stopped.
2019-10-14 10:28:04,683 [ForkJoinPool.commonPool-worker-1] INFO  statemachine.DatanodeStateMachine (DatanodeStateMachine.java:stopDaemon(395)) - Ozone container server stopped.
2019-10-14 10:28:04,690 [ForkJoinPool.commonPool-worker-1] INFO  handler.ContextHandler (ContextHandler.java:doStop(910)) - Stopped o.e.j.w.WebAppContext@30c3ae63{/,null,UNAVAILABLE}{/hddsDatanode}
2019-10-14 10:28:04,690 [main] INFO  handler.ContextHandler (ContextHandler.java:doStop(910)) - Stopped o.e.j.w.WebAppContext@2539cd1c{/,null,UNAVAILABLE}{/hddsDatanode}
2019-10-14 10:28:04,691 [main] INFO  server.AbstractConnector (AbstractConnector.java:doStop(318)) - Stopped ServerConnector@7c20cdd0{HTTP/1.1,[http/1.1]}{0.0.0.0:0}
2019-10-14 10:28:04,691 [ForkJoinPool.commonPool-worker-1] INFO  server.AbstractConnector (AbstractConnector.java:doStop(318)) - Stopped ServerConnector@58658f63{HTTP/1.1,[http/1.1]}{0.0.0.0:0}
2019-10-14 10:28:04,692 [main] INFO  handler.ContextHandler (ContextHandler.java:doStop(910)) - Stopped o.e.j.s.ServletContextHandler@6274670b{/static,jar:file:/home/user/.m2/repository/org/apache/hadoop/hadoop-hdds-container-service/0.5.0-SNAPSHOT/hadoop-hdds-container-service-0.5.0-SNAPSHOT.jar!/webapps/static,UNAVAILABLE}
2019-10-14 10:28:04,694 [ForkJoinPool.commonPool-worker-1] INFO  handler.ContextHandler (ContextHandler.java:doStop(910)) - Stopped o.e.j.s.ServletContextHandler@67022ea{/static,jar:file:/home/user/.m2/repository/org/apache/hadoop/hadoop-hdds-container-service/0.5.0-SNAPSHOT/hadoop-hdds-container-service-0.5.0-SNAPSHOT.jar!/webapps/static,UNAVAILABLE}
2019-10-14 10:28:04,694 [main] INFO  handler.ContextHandler (ContextHandler.java:doStop(910)) - Stopped o.e.j.s.ServletContextHandler@787508ca{/logs,file:///workdir/hadoop-ozone/integration-test/target/log,UNAVAILABLE}
2019-10-14 10:28:04,697 [ForkJoinPool.commonPool-worker-1] INFO  handler.ContextHandler (ContextHandler.java:doStop(910)) - Stopped o.e.j.s.ServletContextHandler@52b46d52{/logs,file:///workdir/hadoop-ozone/integration-test/target/log,UNAVAILABLE}
2019-10-14 10:28:04,759 [grpc-default-executor-7] WARN  server.GrpcLogAppender (LogUtils.java:warn(134)) - 4031060a-28bd-4ec2-97b8-c34fb7e04848@group-CE1CBEB6383D->d08b79a2-19c9-460f-adbf-167e1d4b28fa-AppendLogResponseHandler: Failed appendEntries: org.apache.ratis.thirdparty.io.grpc.StatusRuntimeException: UNAVAILABLE: io exception
2019-10-14 10:28:04,759 [grpc-default-executor-8] WARN  server.GrpcLogAppender (LogUtils.java:warn(134)) - 4031060a-28bd-4ec2-97b8-c34fb7e04848@group-CE1CBEB6383D->fbdd9009-148c-4ad1-8fbf-9679a6c31dd6-AppendLogResponseHandler: Failed appendEntries: org.apache.ratis.thirdparty.io.grpc.StatusRuntimeException: UNAVAILABLE: io exception
2019-10-14 10:28:04,759 [grpc-default-executor-7] INFO  impl.FollowerInfo (FollowerInfo.java:lambda$new$0(51)) - 4031060a-28bd-4ec2-97b8-c34fb7e04848@group-CE1CBEB6383D->d08b79a2-19c9-460f-adbf-167e1d4b28fa: nextIndex: updateUnconditionally 0 -> 0
2019-10-14 10:28:04,760 [grpc-default-executor-8] INFO  impl.FollowerInfo (FollowerInfo.java:lambda$new$0(51)) - 4031060a-28bd-4ec2-97b8-c34fb7e04848@group-CE1CBEB6383D->fbdd9009-148c-4ad1-8fbf-9679a6c31dd6: nextIndex: updateUnconditionally 0 -> 0
2019-10-14 10:28:05,101 [Datanode State Machine Thread - 0] INFO  statemachine.DatanodeStateMachine (DatanodeStateMachine.java:lambda$startDaemon$0(350)) - Ozone container server started.
2019-10-14 10:28:05,333 [Datanode State Machine Thread - 0] INFO  statemachine.DatanodeStateMachine (DatanodeStateMachine.java:lambda$startDaemon$0(350)) - Ozone container server started.
2019-10-14 10:28:07,261 [grpc-default-executor-0] WARN  server.GrpcLogAppender (LogUtils.java:warn(134)) - 4031060a-28bd-4ec2-97b8-c34fb7e04848@group-CE1CBEB6383D->fbdd9009-148c-4ad1-8fbf-9679a6c31dd6-AppendLogResponseHandler: Failed appendEntries: org.apache.ratis.thirdparty.io.grpc.StatusRuntimeException: UNAVAILABLE: io exception
2019-10-14 10:28:07,261 [grpc-default-executor-8] WARN  server.GrpcLogAppender (LogUtils.java:warn(134)) - 4031060a-28bd-4ec2-97b8-c34fb7e04848@group-CE1CBEB6383D->d08b79a2-19c9-460f-adbf-167e1d4b28fa-AppendLogResponseHandler: Failed appendEntries: org.apache.ratis.thirdparty.io.grpc.StatusRuntimeException: UNAVAILABLE: io exception
2019-10-14 10:28:07,262 [grpc-default-executor-0] INFO  impl.FollowerInfo (FollowerInfo.java:lambda$new$0(51)) - 4031060a-28bd-4ec2-97b8-c34fb7e04848@group-CE1CBEB6383D->fbdd9009-148c-4ad1-8fbf-9679a6c31dd6: nextIndex: updateUnconditionally 0 -> 0
2019-10-14 10:28:07,262 [grpc-default-executor-8] INFO  impl.FollowerInfo (FollowerInfo.java:lambda$new$0(51)) - 4031060a-28bd-4ec2-97b8-c34fb7e04848@group-CE1CBEB6383D->d08b79a2-19c9-460f-adbf-167e1d4b28fa: nextIndex: updateUnconditionally 0 -> 0
2019-10-14 10:28:09,700 [main] INFO  ozoneimpl.OzoneContainer (OzoneContainer.java:stop(227)) - Attempting to stop container services.
2019-10-14 10:28:09,700 [ForkJoinPool.commonPool-worker-1] INFO  ozoneimpl.OzoneContainer (OzoneContainer.java:stop(227)) - Attempting to stop container services.
2019-10-14 10:28:09,703 [main] INFO  impl.RaftServerProxy (RaftServerProxy.java:lambda$close$4(314)) - d188d7df-a98d-4c55-b2ec-1bf3b33e499c: close
2019-10-14 10:28:09,703 [ForkJoinPool.commonPool-worker-1] INFO  impl.RaftServerProxy (RaftServerProxy.java:lambda$close$4(314)) - 7c15f8c6-c38e-4932-bb42-ca0f23deefa3: close
2019-10-14 10:28:09,704 [main] INFO  impl.RaftServerImpl (RaftServerImpl.java:lambda$shutdown$3(247)) - d188d7df-a98d-4c55-b2ec-1bf3b33e499c@group-FC0EED644F76: shutdown
2019-10-14 10:28:09,704 [ForkJoinPool.commonPool-worker-1] INFO  impl.RaftServerImpl (RaftServerImpl.java:lambda$shutdown$3(247)) - 7c15f8c6-c38e-4932-bb42-ca0f23deefa3@group-6152D29D0DAB: shutdown
2019-10-14 10:28:09,704 [main] INFO  util.JmxRegister (JmxRegister.java:unregister(73)) - Successfully un-registered JMX Bean with object name Ratis:service=RaftServer,group=group-FC0EED644F76,id=d188d7df-a98d-4c55-b2ec-1bf3b33e499c
2019-10-14 10:28:09,705 [ForkJoinPool.commonPool-worker-1] INFO  util.JmxRegister (JmxRegister.java:unregister(73)) - Successfully un-registered JMX Bean with object name Ratis:service=RaftServer,group=group-6152D29D0DAB,id=7c15f8c6-c38e-4932-bb42-ca0f23deefa3
2019-10-14 10:28:09,705 [ForkJoinPool.commonPool-worker-1] INFO  impl.RoleInfo (RoleInfo.java:shutdownLeaderState(104)) - 7c15f8c6-c38e-4932-bb42-ca0f23deefa3: shutdown LeaderState
2019-10-14 10:28:09,705 [main] INFO  impl.RoleInfo (RoleInfo.java:shutdownLeaderState(104)) - d188d7df-a98d-4c55-b2ec-1bf3b33e499c: shutdown LeaderState
2019-10-14 10:28:09,706 [ForkJoinPool.commonPool-worker-1] INFO  impl.PendingRequests (PendingRequests.java:sendNotLeaderResponses(202)) - 7c15f8c6-c38e-4932-bb42-ca0f23deefa3@group-6152D29D0DAB-PendingRequests: sendNotLeaderResponses
2019-10-14 10:28:09,706 [main] INFO  impl.PendingRequests (PendingRequests.java:sendNotLeaderResponses(202)) - d188d7df-a98d-4c55-b2ec-1bf3b33e499c@group-FC0EED644F76-PendingRequests: sendNotLeaderResponses
2019-10-14 10:28:09,707 [main] INFO  impl.StateMachineUpdater (StateMachineUpdater.java:stopAndJoin(136)) - d188d7df-a98d-4c55-b2ec-1bf3b33e499c@group-FC0EED644F76-StateMachineUpdater: set stopIndex = 0
2019-10-14 10:28:09,707 [ForkJoinPool.commonPool-worker-1] INFO  impl.StateMachineUpdater (StateMachineUpdater.java:stopAndJoin(136)) - 7c15f8c6-c38e-4932-bb42-ca0f23deefa3@group-6152D29D0DAB-StateMachineUpdater: set stopIndex = 0
2019-10-14 10:28:09,708 [main] INFO  impl.RaftServerImpl (ServerState.java:close(387)) - d188d7df-a98d-4c55-b2ec-1bf3b33e499c@group-FC0EED644F76: closes. applyIndex: 0
2019-10-14 10:28:09,709 [ForkJoinPool.commonPool-worker-1] INFO  impl.RaftServerImpl (ServerState.java:close(387)) - 7c15f8c6-c38e-4932-bb42-ca0f23deefa3@group-6152D29D0DAB: closes. applyIndex: 0
2019-10-14 10:28:09,709 [d188d7df-a98d-4c55-b2ec-1bf3b33e499c@group-FC0EED644F76-SegmentedRaftLogWorker] INFO  segmented.SegmentedRaftLogWorker (SegmentedRaftLogWorker.java:run(316)) - d188d7df-a98d-4c55-b2ec-1bf3b33e499c@group-FC0EED644F76-SegmentedRaftLogWorker was interrupted, exiting. There are 0 tasks remaining in the queue.
2019-10-14 10:28:09,709 [7c15f8c6-c38e-4932-bb42-ca0f23deefa3@group-6152D29D0DAB-SegmentedRaftLogWorker] INFO  segmented.SegmentedRaftLogWorker (SegmentedRaftLogWorker.java:run(316)) - 7c15f8c6-c38e-4932-bb42-ca0f23deefa3@group-6152D29D0DAB-SegmentedRaftLogWorker was interrupted, exiting. There are 0 tasks remaining in the queue.
2019-10-14 10:28:09,711 [ForkJoinPool.commonPool-worker-1] INFO  segmented.SegmentedRaftLogWorker (SegmentedRaftLogWorker.java:close(224)) - 7c15f8c6-c38e-4932-bb42-ca0f23deefa3@group-6152D29D0DAB-SegmentedRaftLogWorker close()
2019-10-14 10:28:09,711 [main] INFO  segmented.SegmentedRaftLogWorker (SegmentedRaftLogWorker.java:close(224)) - d188d7df-a98d-4c55-b2ec-1bf3b33e499c@group-FC0EED644F76-SegmentedRaftLogWorker close()
2019-10-14 10:28:09,713 [ForkJoinPool.commonPool-worker-1] INFO  server.GrpcService (GrpcService.java:closeImpl(164)) - 7c15f8c6-c38e-4932-bb42-ca0f23deefa3: shutdown server with port 38937 now
2019-10-14 10:28:09,715 [main] INFO  impl.RaftServerImpl (RaftServerImpl.java:lambda$shutdown$3(247)) - d188d7df-a98d-4c55-b2ec-1bf3b33e499c@group-C0905E76DA01: shutdown
2019-10-14 10:28:09,716 [main] INFO  util.JmxRegister (JmxRegister.java:unregister(73)) - Successfully un-registered JMX Bean with object name Ratis:service=RaftServer,group=group-C0905E76DA01,id=d188d7df-a98d-4c55-b2ec-1bf3b33e499c
2019-10-14 10:28:09,718 [ForkJoinPool.commonPool-worker-1] INFO  server.GrpcService (GrpcService.java:closeImpl(172)) - 7c15f8c6-c38e-4932-bb42-ca0f23deefa3: shutdown server with port 38937 successfully
2019-10-14 10:28:09,718 [main] INFO  impl.RoleInfo (RoleInfo.java:shutdownFollowerState(121)) - d188d7df-a98d-4c55-b2ec-1bf3b33e499c: shutdown FollowerState
2019-10-14 10:28:09,719 [main] INFO  impl.StateMachineUpdater (StateMachineUpdater.java:stopAndJoin(136)) - d188d7df-a98d-4c55-b2ec-1bf3b33e499c@group-C0905E76DA01-StateMachineUpdater: set stopIndex = 8
2019-10-14 10:28:09,719 [Thread-757] INFO  impl.FollowerState (FollowerState.java:run(117)) - d188d7df-a98d-4c55-b2ec-1bf3b33e499c@group-C0905E76DA01-FollowerState was interrupted: java.lang.InterruptedException: sleep interrupted
2019-10-14 10:28:09,719 [d188d7df-a98d-4c55-b2ec-1bf3b33e499c@group-C0905E76DA01-StateMachineUpdater] INFO  ratis.ContainerStateMachine (ContainerStateMachine.java:takeSnapshot(294)) - group-C0905E76DA01: Taking a snapshot at:(t:1, i:6) file /workdir/hadoop-ozone/integration-test/target/test-dir/MiniOzoneClusterImpl-3072ea79-444e-478b-951c-ea383f4180ba/datanode-3/data/ratis/6a970a42-013f-419e-9434-c0905e76da01/sm/snapshot.1_6
2019-10-14 10:28:09,731 [refreshUsed-/workdir/hadoop-ozone/integration-test/target/test-dir/MiniOzoneClusterImpl-3072ea79-444e-478b-951c-ea383f4180ba/datanode-2/data/containers] WARN  fs.CachingGetSpaceUsed (CachingGetSpaceUsed.java:run(183)) - Thread Interrupted waiting to refresh disk information: sleep interrupted
2019-10-14 10:28:09,734 [d188d7df-a98d-4c55-b2ec-1bf3b33e499c@group-C0905E76DA01-StateMachineUpdater] INFO  ratis.ContainerStateMachine (ContainerStateMachine.java:takeSnapshot(305)) - group-C0905E76DA01: Finished taking a snapshot at:(t:1, i:6) file:/workdir/hadoop-ozone/integration-test/target/test-dir/MiniOzoneClusterImpl-3072ea79-444e-478b-951c-ea383f4180ba/datanode-3/data/ratis/6a970a42-013f-419e-9434-c0905e76da01/sm/snapshot.1_6 time:15
2019-10-14 10:28:09,735 [d188d7df-a98d-4c55-b2ec-1bf3b33e499c@group-C0905E76DA01-StateMachineUpdater] INFO  impl.StateMachineUpdater (StateMachineUpdater.java:takeSnapshot(269)) - d188d7df-a98d-4c55-b2ec-1bf3b33e499c@group-C0905E76DA01-StateMachineUpdater: Took a snapshot at index 6
2019-10-14 10:28:09,735 [d188d7df-a98d-4c55-b2ec-1bf3b33e499c@group-C0905E76DA01-StateMachineUpdater] INFO  impl.StateMachineUpdater (StateMachineUpdater.java:lambda$new$0(84)) - d188d7df-a98d-4c55-b2ec-1bf3b33e499c@group-C0905E76DA01-StateMachineUpdater: snapshotIndex: updateIncreasingly -1 -> 6
2019-10-14 10:28:09,736 [d188d7df-a98d-4c55-b2ec-1bf3b33e499c@group-C0905E76DA01-StateMachineUpdater] INFO  ratis.ContainerStateMachine (ContainerStateMachine.java:takeSnapshot(294)) - group-C0905E76DA01: Taking a snapshot at:(t:1, i:6) file /workdir/hadoop-ozone/integration-test/target/test-dir/MiniOzoneClusterImpl-3072ea79-444e-478b-951c-ea383f4180ba/datanode-3/data/ratis/6a970a42-013f-419e-9434-c0905e76da01/sm/snapshot.1_6
2019-10-14 10:28:09,739 [d188d7df-a98d-4c55-b2ec-1bf3b33e499c@group-C0905E76DA01-StateMachineUpdater] INFO  ratis.ContainerStateMachine (ContainerStateMachine.java:takeSnapshot(305)) - group-C0905E76DA01: Finished taking a snapshot at:(t:1, i:6) file:/workdir/hadoop-ozone/integration-test/target/test-dir/MiniOzoneClusterImpl-3072ea79-444e-478b-951c-ea383f4180ba/datanode-3/data/ratis/6a970a42-013f-419e-9434-c0905e76da01/sm/snapshot.1_6 time:4
2019-10-14 10:28:09,739 [d188d7df-a98d-4c55-b2ec-1bf3b33e499c@group-C0905E76DA01-StateMachineUpdater] INFO  impl.StateMachineUpdater (StateMachineUpdater.java:takeSnapshot(269)) - d188d7df-a98d-4c55-b2ec-1bf3b33e499c@group-C0905E76DA01-StateMachineUpdater: Took a snapshot at index 6
2019-10-14 10:28:09,740 [d188d7df-a98d-4c55-b2ec-1bf3b33e499c@group-C0905E76DA01-StateMachineUpdater] INFO  impl.StateMachineUpdater (StateMachineUpdater.java:lambda$new$0(84)) - d188d7df-a98d-4c55-b2ec-1bf3b33e499c@group-C0905E76DA01-StateMachineUpdater: snapshotIndex: updateIncreasingly 6 -> 6
2019-10-14 10:28:09,740 [main] INFO  impl.RaftServerImpl (ServerState.java:close(387)) - d188d7df-a98d-4c55-b2ec-1bf3b33e499c@group-C0905E76DA01: closes. applyIndex: 8
2019-10-14 10:28:09,741 [d188d7df-a98d-4c55-b2ec-1bf3b33e499c@group-C0905E76DA01-SegmentedRaftLogWorker] INFO  segmented.SegmentedRaftLogWorker (SegmentedRaftLogWorker.java:run(316)) - d188d7df-a98d-4c55-b2ec-1bf3b33e499c@group-C0905E76DA01-SegmentedRaftLogWorker was interrupted, exiting. There are 0 tasks remaining in the queue.
2019-10-14 10:28:09,743 [main] INFO  segmented.SegmentedRaftLogWorker (SegmentedRaftLogWorker.java:close(224)) - d188d7df-a98d-4c55-b2ec-1bf3b33e499c@group-C0905E76DA01-SegmentedRaftLogWorker close()
2019-10-14 10:28:09,745 [main] INFO  server.GrpcService (GrpcService.java:closeImpl(164)) - d188d7df-a98d-4c55-b2ec-1bf3b33e499c: shutdown server with port 34023 now
2019-10-14 10:28:09,747 [grpc-default-executor-1] WARN  server.GrpcServerProtocolService (LogUtils.java:warn(134)) - d188d7df-a98d-4c55-b2ec-1bf3b33e499c: installSnapshot onError, lastRequest: f8dbb98f-c520-465b-9b5e-774751dbfbea->d188d7df-a98d-4c55-b2ec-1bf3b33e499c#49-t1, previous=(t:1, i:8), leaderCommit=8, initializing? false, entries: <empty>: org.apache.ratis.thirdparty.io.grpc.StatusRuntimeException: CANCELLED: cancelled before receiving half close
2019-10-14 10:28:09,747 [main] INFO  server.GrpcService (GrpcService.java:closeImpl(172)) - d188d7df-a98d-4c55-b2ec-1bf3b33e499c: shutdown server with port 34023 successfully
2019-10-14 10:28:09,748 [grpc-default-executor-6] WARN  server.GrpcLogAppender (LogUtils.java:warn(134)) - f8dbb98f-c520-465b-9b5e-774751dbfbea@group-C0905E76DA01->d188d7df-a98d-4c55-b2ec-1bf3b33e499c-AppendLogResponseHandler: Failed appendEntries: org.apache.ratis.thirdparty.io.grpc.StatusRuntimeException: CANCELLED: HTTP/2 error code: CANCEL
Received Rst Stream
2019-10-14 10:28:09,749 [grpc-default-executor-7] WARN  client.GrpcClientProtocolService (LogUtils.java:warn(134)) - 53-OrderedRequestStreamObserver53: onError: org.apache.ratis.thirdparty.io.grpc.StatusRuntimeException: CANCELLED: cancelled before receiving half close
2019-10-14 10:28:09,749 [grpc-default-executor-6] INFO  impl.FollowerInfo (FollowerInfo.java:lambda$new$0(51)) - f8dbb98f-c520-465b-9b5e-774751dbfbea@group-C0905E76DA01->d188d7df-a98d-4c55-b2ec-1bf3b33e499c: nextIndex: updateUnconditionally 9 -> 8
2019-10-14 10:28:09,755 [refreshUsed-/workdir/hadoop-ozone/integration-test/target/test-dir/MiniOzoneClusterImpl-3072ea79-444e-478b-951c-ea383f4180ba/datanode-3/data/containers] WARN  fs.CachingGetSpaceUsed (CachingGetSpaceUsed.java:run(183)) - Thread Interrupted waiting to refresh disk information: sleep interrupted
2019-10-14 10:28:09,758 [ForkJoinPool.commonPool-worker-1] INFO  utils.BackgroundService (BackgroundService.java:shutdown(151)) - Shutting down service BlockDeletingService
2019-10-14 10:28:09,764 [ForkJoinPool.commonPool-worker-1] INFO  statemachine.DatanodeStateMachine (DatanodeStateMachine.java:stopDaemon(395)) - Ozone container server stopped.
2019-10-14 10:28:09,771 [ForkJoinPool.commonPool-worker-1] INFO  handler.ContextHandler (ContextHandler.java:doStop(910)) - Stopped o.e.j.w.WebAppContext@502a4156{/,null,UNAVAILABLE}{/hddsDatanode}
2019-10-14 10:28:09,772 [ForkJoinPool.commonPool-worker-1] INFO  server.AbstractConnector (AbstractConnector.java:doStop(318)) - Stopped ServerConnector@5416f8db{HTTP/1.1,[http/1.1]}{0.0.0.0:0}
2019-10-14 10:28:09,772 [grpc-default-executor-8] WARN  server.GrpcLogAppender (LogUtils.java:warn(134)) - 4031060a-28bd-4ec2-97b8-c34fb7e04848@group-CE1CBEB6383D->fbdd9009-148c-4ad1-8fbf-9679a6c31dd6-AppendLogResponseHandler: Failed appendEntries: org.apache.ratis.thirdparty.io.grpc.StatusRuntimeException: UNAVAILABLE: io exception
2019-10-14 10:28:09,772 [grpc-default-executor-1] WARN  server.GrpcLogAppender (LogUtils.java:warn(134)) - 4031060a-28bd-4ec2-97b8-c34fb7e04848@group-CE1CBEB6383D->d08b79a2-19c9-460f-adbf-167e1d4b28fa-AppendLogResponseHandler: Failed appendEntries: org.apache.ratis.thirdparty.io.grpc.StatusRuntimeException: UNAVAILABLE: io exception
2019-10-14 10:28:09,774 [ForkJoinPool.commonPool-worker-1] INFO  handler.ContextHandler (ContextHandler.java:doStop(910)) - Stopped o.e.j.s.ServletContextHandler@111d5c97{/static,jar:file:/home/user/.m2/repository/org/apache/hadoop/hadoop-hdds-container-service/0.5.0-SNAPSHOT/hadoop-hdds-container-service-0.5.0-SNAPSHOT.jar!/webapps/static,UNAVAILABLE}
2019-10-14 10:28:09,775 [grpc-default-executor-1] INFO  impl.FollowerInfo (FollowerInfo.java:lambda$new$0(51)) - 4031060a-28bd-4ec2-97b8-c34fb7e04848@group-CE1CBEB6383D->d08b79a2-19c9-460f-adbf-167e1d4b28fa: nextIndex: updateUnconditionally 0 -> 0
2019-10-14 10:28:09,775 [grpc-default-executor-8] INFO  impl.FollowerInfo (FollowerInfo.java:lambda$new$0(51)) - 4031060a-28bd-4ec2-97b8-c34fb7e04848@group-CE1CBEB6383D->fbdd9009-148c-4ad1-8fbf-9679a6c31dd6: nextIndex: updateUnconditionally 0 -> 0
2019-10-14 10:28:09,777 [ForkJoinPool.commonPool-worker-1] INFO  handler.ContextHandler (ContextHandler.java:doStop(910)) - Stopped o.e.j.s.ServletContextHandler@17b37e9a{/logs,file:///workdir/hadoop-ozone/integration-test/target/log,UNAVAILABLE}
2019-10-14 10:28:09,784 [main] INFO  utils.BackgroundService (BackgroundService.java:shutdown(151)) - Shutting down service BlockDeletingService
2019-10-14 10:28:09,789 [main] INFO  statemachine.DatanodeStateMachine (DatanodeStateMachine.java:stopDaemon(395)) - Ozone container server stopped.
2019-10-14 10:28:09,790 [main] INFO  handler.ContextHandler (ContextHandler.java:doStop(910)) - Stopped o.e.j.w.WebAppContext@1b410308{/,null,UNAVAILABLE}{/hddsDatanode}
2019-10-14 10:28:09,791 [main] INFO  server.AbstractConnector (AbstractConnector.java:doStop(318)) - Stopped ServerConnector@4b0bd001{HTTP/1.1,[http/1.1]}{0.0.0.0:0}
2019-10-14 10:28:09,792 [main] INFO  handler.ContextHandler (ContextHandler.java:doStop(910)) - Stopped o.e.j.s.ServletContextHandler@7235f92b{/static,jar:file:/home/user/.m2/repository/org/apache/hadoop/hadoop-hdds-container-service/0.5.0-SNAPSHOT/hadoop-hdds-container-service-0.5.0-SNAPSHOT.jar!/webapps/static,UNAVAILABLE}
2019-10-14 10:28:09,792 [main] INFO  handler.ContextHandler (ContextHandler.java:doStop(910)) - Stopped o.e.j.s.ServletContextHandler@1a256d80{/logs,file:///workdir/hadoop-ozone/integration-test/target/log,UNAVAILABLE}
2019-10-14 10:28:09,974 [grpc-default-executor-6] WARN  server.GrpcLogAppender (LogUtils.java:warn(134)) - f8dbb98f-c520-465b-9b5e-774751dbfbea@group-C0905E76DA01->d188d7df-a98d-4c55-b2ec-1bf3b33e499c-AppendLogResponseHandler: Failed appendEntries: org.apache.ratis.thirdparty.io.grpc.StatusRuntimeException: UNAVAILABLE: io exception
2019-10-14 10:28:09,974 [grpc-default-executor-6] INFO  impl.FollowerInfo (FollowerInfo.java:lambda$new$0(51)) - f8dbb98f-c520-465b-9b5e-774751dbfbea@group-C0905E76DA01->d188d7df-a98d-4c55-b2ec-1bf3b33e499c: nextIndex: updateUnconditionally 8 -> 7
2019-10-14 10:28:10,264 [Datanode State Machine Thread - 0] INFO  statemachine.DatanodeStateMachine (DatanodeStateMachine.java:lambda$startDaemon$0(350)) - Ozone container server started.
2019-10-14 10:28:10,325 [Datanode State Machine Thread - 0] INFO  statemachine.DatanodeStateMachine (DatanodeStateMachine.java:lambda$startDaemon$0(350)) - Ozone container server started.
2019-10-14 10:28:12,269 [grpc-default-executor-0] WARN  server.GrpcLogAppender (LogUtils.java:warn(134)) - 4031060a-28bd-4ec2-97b8-c34fb7e04848@group-CE1CBEB6383D->d08b79a2-19c9-460f-adbf-167e1d4b28fa-AppendLogResponseHandler: Failed appendEntries: org.apache.ratis.thirdparty.io.grpc.StatusRuntimeException: UNAVAILABLE: io exception
2019-10-14 10:28:12,269 [grpc-default-executor-5] WARN  server.GrpcLogAppender (LogUtils.java:warn(134)) - 4031060a-28bd-4ec2-97b8-c34fb7e04848@group-CE1CBEB6383D->fbdd9009-148c-4ad1-8fbf-9679a6c31dd6-AppendLogResponseHandler: Failed appendEntries: org.apache.ratis.thirdparty.io.grpc.StatusRuntimeException: UNAVAILABLE: io exception
2019-10-14 10:28:12,270 [grpc-default-executor-0] INFO  impl.FollowerInfo (FollowerInfo.java:lambda$new$0(51)) - 4031060a-28bd-4ec2-97b8-c34fb7e04848@group-CE1CBEB6383D->d08b79a2-19c9-460f-adbf-167e1d4b28fa: nextIndex: updateUnconditionally 0 -> 0
2019-10-14 10:28:12,270 [grpc-default-executor-5] INFO  impl.FollowerInfo (FollowerInfo.java:lambda$new$0(51)) - 4031060a-28bd-4ec2-97b8-c34fb7e04848@group-CE1CBEB6383D->fbdd9009-148c-4ad1-8fbf-9679a6c31dd6: nextIndex: updateUnconditionally 0 -> 0
2019-10-14 10:28:12,488 [grpc-default-executor-6] WARN  server.GrpcLogAppender (LogUtils.java:warn(134)) - f8dbb98f-c520-465b-9b5e-774751dbfbea@group-C0905E76DA01->d188d7df-a98d-4c55-b2ec-1bf3b33e499c-AppendLogResponseHandler: Failed appendEntries: org.apache.ratis.thirdparty.io.grpc.StatusRuntimeException: UNAVAILABLE: io exception
2019-10-14 10:28:12,488 [grpc-default-executor-6] INFO  impl.FollowerInfo (FollowerInfo.java:lambda$new$0(51)) - f8dbb98f-c520-465b-9b5e-774751dbfbea@group-C0905E76DA01->d188d7df-a98d-4c55-b2ec-1bf3b33e499c: nextIndex: updateUnconditionally 7 -> 6
2019-10-14 10:28:14,777 [grpc-default-executor-6] WARN  server.GrpcLogAppender (LogUtils.java:warn(134)) - 4031060a-28bd-4ec2-97b8-c34fb7e04848@group-CE1CBEB6383D->fbdd9009-148c-4ad1-8fbf-9679a6c31dd6-AppendLogResponseHandler: Failed appendEntries: org.apache.ratis.thirdparty.io.grpc.StatusRuntimeException: UNAVAILABLE: io exception
2019-10-14 10:28:14,777 [grpc-default-executor-7] WARN  server.GrpcLogAppender (LogUtils.java:warn(134)) - 4031060a-28bd-4ec2-97b8-c34fb7e04848@group-CE1CBEB6383D->d08b79a2-19c9-460f-adbf-167e1d4b28fa-AppendLogResponseHandler: Failed appendEntries: org.apache.ratis.thirdparty.io.grpc.StatusRuntimeException: UNAVAILABLE: io exception
2019-10-14 10:28:14,779 [grpc-default-executor-6] INFO  impl.FollowerInfo (FollowerInfo.java:lambda$new$0(51)) - 4031060a-28bd-4ec2-97b8-c34fb7e04848@group-CE1CBEB6383D->fbdd9009-148c-4ad1-8fbf-9679a6c31dd6: nextIndex: updateUnconditionally 0 -> 0
2019-10-14 10:28:14,779 [grpc-default-executor-7] INFO  impl.FollowerInfo (FollowerInfo.java:lambda$new$0(51)) - 4031060a-28bd-4ec2-97b8-c34fb7e04848@group-CE1CBEB6383D->d08b79a2-19c9-460f-adbf-167e1d4b28fa: nextIndex: updateUnconditionally 0 -> 0
2019-10-14 10:28:14,780 [ForkJoinPool.commonPool-worker-1] INFO  ozoneimpl.OzoneContainer (OzoneContainer.java:stop(227)) - Attempting to stop container services.
2019-10-14 10:28:14,782 [ForkJoinPool.commonPool-worker-1] INFO  impl.RaftServerProxy (RaftServerProxy.java:lambda$close$4(314)) - f8dbb98f-c520-465b-9b5e-774751dbfbea: close
2019-10-14 10:28:14,782 [ForkJoinPool.commonPool-worker-1] INFO  impl.RaftServerImpl (RaftServerImpl.java:lambda$shutdown$3(247)) - f8dbb98f-c520-465b-9b5e-774751dbfbea@group-C0905E76DA01: shutdown
2019-10-14 10:28:14,783 [ForkJoinPool.commonPool-worker-1] INFO  util.JmxRegister (JmxRegister.java:unregister(73)) - Successfully un-registered JMX Bean with object name Ratis:service=RaftServer,group=group-C0905E76DA01,id=f8dbb98f-c520-465b-9b5e-774751dbfbea
2019-10-14 10:28:14,783 [ForkJoinPool.commonPool-worker-1] INFO  impl.RoleInfo (RoleInfo.java:shutdownLeaderState(104)) - f8dbb98f-c520-465b-9b5e-774751dbfbea: shutdown LeaderState
2019-10-14 10:28:14,791 [ForkJoinPool.commonPool-worker-1] INFO  impl.PendingRequests (PendingRequests.java:sendNotLeaderResponses(202)) - f8dbb98f-c520-465b-9b5e-774751dbfbea@group-C0905E76DA01-PendingRequests: sendNotLeaderResponses
2019-10-14 10:28:14,791 [org.apache.ratis.server.impl.LogAppender$AppenderDaemon$$Lambda$526/1116407483@2664c906] WARN  server.GrpcLogAppender (GrpcLogAppender.java:mayWait(143)) - f8dbb98f-c520-465b-9b5e-774751dbfbea@group-C0905E76DA01->d188d7df-a98d-4c55-b2ec-1bf3b33e499c-GrpcLogAppender: Wait interrupted by java.lang.InterruptedException
2019-10-14 10:28:14,791 [org.apache.ratis.server.impl.LogAppender$AppenderDaemon$$Lambda$526/1116407483@6917caa5] WARN  server.GrpcLogAppender (GrpcLogAppender.java:mayWait(143)) - f8dbb98f-c520-465b-9b5e-774751dbfbea@group-C0905E76DA01->ffdfe236-439b-469c-ae4b-d2b0223af88a-GrpcLogAppender: Wait interrupted by java.lang.InterruptedException
2019-10-14 10:28:14,795 [ForkJoinPool.commonPool-worker-1] INFO  impl.StateMachineUpdater (StateMachineUpdater.java:stopAndJoin(136)) - f8dbb98f-c520-465b-9b5e-774751dbfbea@group-C0905E76DA01-StateMachineUpdater: set stopIndex = 8
2019-10-14 10:28:14,796 [main] INFO  ozoneimpl.OzoneContainer (OzoneContainer.java:stop(227)) - Attempting to stop container services.
2019-10-14 10:28:14,797 [grpc-default-executor-7] INFO  server.GrpcServerProtocolService (GrpcServerProtocolService.java:onCompleted(113)) - ffdfe236-439b-469c-ae4b-d2b0223af88a: Completed APPEND_ENTRIES, lastRequest: f8dbb98f-c520-465b-9b5e-774751dbfbea->ffdfe236-439b-469c-ae4b-d2b0223af88a#51-t1, previous=(t:1, i:8), leaderCommit=8, initializing? false, entries: <empty>
2019-10-14 10:28:14,797 [main] INFO  impl.RaftServerProxy (RaftServerProxy.java:lambda$close$4(314)) - ffdfe236-439b-469c-ae4b-d2b0223af88a: close
2019-10-14 10:28:14,796 [f8dbb98f-c520-465b-9b5e-774751dbfbea@group-C0905E76DA01-StateMachineUpdater] INFO  ratis.ContainerStateMachine (ContainerStateMachine.java:takeSnapshot(294)) - group-C0905E76DA01: Taking a snapshot at:(t:1, i:6) file /workdir/hadoop-ozone/integration-test/target/test-dir/MiniOzoneClusterImpl-3072ea79-444e-478b-951c-ea383f4180ba/datanode-0/data/ratis/6a970a42-013f-419e-9434-c0905e76da01/sm/snapshot.1_6
2019-10-14 10:28:14,798 [main] INFO  impl.RaftServerImpl (RaftServerImpl.java:lambda$shutdown$3(247)) - ffdfe236-439b-469c-ae4b-d2b0223af88a@group-C0905E76DA01: shutdown
2019-10-14 10:28:14,798 [grpc-default-executor-7] INFO  server.GrpcLogAppender (GrpcLogAppender.java:onCompleted(293)) - f8dbb98f-c520-465b-9b5e-774751dbfbea@group-C0905E76DA01->ffdfe236-439b-469c-ae4b-d2b0223af88a-AppendLogResponseHandler: follower responses appendEntries COMPLETED
2019-10-14 10:28:14,798 [main] INFO  util.JmxRegister (JmxRegister.java:unregister(73)) - Successfully un-registered JMX Bean with object name Ratis:service=RaftServer,group=group-C0905E76DA01,id=ffdfe236-439b-469c-ae4b-d2b0223af88a
2019-10-14 10:28:14,799 [grpc-default-executor-7] INFO  impl.FollowerInfo (FollowerInfo.java:lambda$new$0(51)) - f8dbb98f-c520-465b-9b5e-774751dbfbea@group-C0905E76DA01->ffdfe236-439b-469c-ae4b-d2b0223af88a: nextIndex: updateUnconditionally 9 -> 8
2019-10-14 10:28:14,799 [main] INFO  impl.RoleInfo (RoleInfo.java:shutdownFollowerState(121)) - ffdfe236-439b-469c-ae4b-d2b0223af88a: shutdown FollowerState
2019-10-14 10:28:14,800 [main] INFO  impl.StateMachineUpdater (StateMachineUpdater.java:stopAndJoin(136)) - ffdfe236-439b-469c-ae4b-d2b0223af88a@group-C0905E76DA01-StateMachineUpdater: set stopIndex = 8
2019-10-14 10:28:14,800 [ffdfe236-439b-469c-ae4b-d2b0223af88a@group-C0905E76DA01-StateMachineUpdater] INFO  ratis.ContainerStateMachine (ContainerStateMachine.java:takeSnapshot(294)) - group-C0905E76DA01: Taking a snapshot at:(t:1, i:6) file /workdir/hadoop-ozone/integration-test/target/test-dir/MiniOzoneClusterImpl-3072ea79-444e-478b-951c-ea383f4180ba/datanode-6/data/ratis/6a970a42-013f-419e-9434-c0905e76da01/sm/snapshot.1_6
2019-10-14 10:28:14,800 [Thread-758] INFO  impl.FollowerState (FollowerState.java:run(117)) - ffdfe236-439b-469c-ae4b-d2b0223af88a@group-C0905E76DA01-FollowerState was interrupted: java.lang.InterruptedException: sleep interrupted
2019-10-14 10:28:14,814 [ffdfe236-439b-469c-ae4b-d2b0223af88a@group-C0905E76DA01-StateMachineUpdater] INFO  ratis.ContainerStateMachine (ContainerStateMachine.java:takeSnapshot(305)) - group-C0905E76DA01: Finished taking a snapshot at:(t:1, i:6) file:/workdir/hadoop-ozone/integration-test/target/test-dir/MiniOzoneClusterImpl-3072ea79-444e-478b-951c-ea383f4180ba/datanode-6/data/ratis/6a970a42-013f-419e-9434-c0905e76da01/sm/snapshot.1_6 time:14
2019-10-14 10:28:14,814 [f8dbb98f-c520-465b-9b5e-774751dbfbea@group-C0905E76DA01-StateMachineUpdater] INFO  ratis.ContainerStateMachine (ContainerStateMachine.java:takeSnapshot(305)) - group-C0905E76DA01: Finished taking a snapshot at:(t:1, i:6) file:/workdir/hadoop-ozone/integration-test/target/test-dir/MiniOzoneClusterImpl-3072ea79-444e-478b-951c-ea383f4180ba/datanode-0/data/ratis/6a970a42-013f-419e-9434-c0905e76da01/sm/snapshot.1_6 time:19
2019-10-14 10:28:14,814 [ffdfe236-439b-469c-ae4b-d2b0223af88a@group-C0905E76DA01-StateMachineUpdater] INFO  impl.StateMachineUpdater (StateMachineUpdater.java:takeSnapshot(269)) - ffdfe236-439b-469c-ae4b-d2b0223af88a@group-C0905E76DA01-StateMachineUpdater: Took a snapshot at index 6
2019-10-14 10:28:14,814 [f8dbb98f-c520-465b-9b5e-774751dbfbea@group-C0905E76DA01-StateMachineUpdater] INFO  impl.StateMachineUpdater (StateMachineUpdater.java:takeSnapshot(269)) - f8dbb98f-c520-465b-9b5e-774751dbfbea@group-C0905E76DA01-StateMachineUpdater: Took a snapshot at index 6
2019-10-14 10:28:14,815 [ffdfe236-439b-469c-ae4b-d2b0223af88a@group-C0905E76DA01-StateMachineUpdater] INFO  impl.StateMachineUpdater (StateMachineUpdater.java:lambda$new$0(84)) - ffdfe236-439b-469c-ae4b-d2b0223af88a@group-C0905E76DA01-StateMachineUpdater: snapshotIndex: updateIncreasingly -1 -> 6
2019-10-14 10:28:14,815 [f8dbb98f-c520-465b-9b5e-774751dbfbea@group-C0905E76DA01-StateMachineUpdater] INFO  impl.StateMachineUpdater (StateMachineUpdater.java:lambda$new$0(84)) - f8dbb98f-c520-465b-9b5e-774751dbfbea@group-C0905E76DA01-StateMachineUpdater: snapshotIndex: updateIncreasingly -1 -> 6
2019-10-14 10:28:14,815 [f8dbb98f-c520-465b-9b5e-774751dbfbea@group-C0905E76DA01-StateMachineUpdater] INFO  ratis.ContainerStateMachine (ContainerStateMachine.java:takeSnapshot(294)) - group-C0905E76DA01: Taking a snapshot at:(t:1, i:6) file /workdir/hadoop-ozone/integration-test/target/test-dir/MiniOzoneClusterImpl-3072ea79-444e-478b-951c-ea383f4180ba/datanode-0/data/ratis/6a970a42-013f-419e-9434-c0905e76da01/sm/snapshot.1_6
2019-10-14 10:28:14,815 [ffdfe236-439b-469c-ae4b-d2b0223af88a@group-C0905E76DA01-StateMachineUpdater] INFO  ratis.ContainerStateMachine (ContainerStateMachine.java:takeSnapshot(294)) - group-C0905E76DA01: Taking a snapshot at:(t:1, i:6) file /workdir/hadoop-ozone/integration-test/target/test-dir/MiniOzoneClusterImpl-3072ea79-444e-478b-951c-ea383f4180ba/datanode-6/data/ratis/6a970a42-013f-419e-9434-c0905e76da01/sm/snapshot.1_6
2019-10-14 10:28:14,819 [ffdfe236-439b-469c-ae4b-d2b0223af88a@group-C0905E76DA01-StateMachineUpdater] INFO  ratis.ContainerStateMachine (ContainerStateMachine.java:takeSnapshot(305)) - group-C0905E76DA01: Finished taking a snapshot at:(t:1, i:6) file:/workdir/hadoop-ozone/integration-test/target/test-dir/MiniOzoneClusterImpl-3072ea79-444e-478b-951c-ea383f4180ba/datanode-6/data/ratis/6a970a42-013f-419e-9434-c0905e76da01/sm/snapshot.1_6 time:4
2019-10-14 10:28:14,819 [f8dbb98f-c520-465b-9b5e-774751dbfbea@group-C0905E76DA01-StateMachineUpdater] INFO  ratis.ContainerStateMachine (ContainerStateMachine.java:takeSnapshot(305)) - group-C0905E76DA01: Finished taking a snapshot at:(t:1, i:6) file:/workdir/hadoop-ozone/integration-test/target/test-dir/MiniOzoneClusterImpl-3072ea79-444e-478b-951c-ea383f4180ba/datanode-0/data/ratis/6a970a42-013f-419e-9434-c0905e76da01/sm/snapshot.1_6 time:4
2019-10-14 10:28:14,819 [ffdfe236-439b-469c-ae4b-d2b0223af88a@group-C0905E76DA01-StateMachineUpdater] INFO  impl.StateMachineUpdater (StateMachineUpdater.java:takeSnapshot(269)) - ffdfe236-439b-469c-ae4b-d2b0223af88a@group-C0905E76DA01-StateMachineUpdater: Took a snapshot at index 6
2019-10-14 10:28:14,819 [ffdfe236-439b-469c-ae4b-d2b0223af88a@group-C0905E76DA01-StateMachineUpdater] INFO  impl.StateMachineUpdater (StateMachineUpdater.java:lambda$new$0(84)) - ffdfe236-439b-469c-ae4b-d2b0223af88a@group-C0905E76DA01-StateMachineUpdater: snapshotIndex: updateIncreasingly 6 -> 6
2019-10-14 10:28:14,819 [f8dbb98f-c520-465b-9b5e-774751dbfbea@group-C0905E76DA01-StateMachineUpdater] INFO  impl.StateMachineUpdater (StateMachineUpdater.java:takeSnapshot(269)) - f8dbb98f-c520-465b-9b5e-774751dbfbea@group-C0905E76DA01-StateMachineUpdater: Took a snapshot at index 6
2019-10-14 10:28:14,819 [f8dbb98f-c520-465b-9b5e-774751dbfbea@group-C0905E76DA01-StateMachineUpdater] INFO  impl.StateMachineUpdater (StateMachineUpdater.java:lambda$new$0(84)) - f8dbb98f-c520-465b-9b5e-774751dbfbea@group-C0905E76DA01-StateMachineUpdater: snapshotIndex: updateIncreasingly 6 -> 6
2019-10-14 10:28:14,820 [main] INFO  impl.RaftServerImpl (ServerState.java:close(387)) - ffdfe236-439b-469c-ae4b-d2b0223af88a@group-C0905E76DA01: closes. applyIndex: 8
2019-10-14 10:28:14,820 [ForkJoinPool.commonPool-worker-1] INFO  impl.RaftServerImpl (ServerState.java:close(387)) - f8dbb98f-c520-465b-9b5e-774751dbfbea@group-C0905E76DA01: closes. applyIndex: 8
2019-10-14 10:28:14,821 [f8dbb98f-c520-465b-9b5e-774751dbfbea@group-C0905E76DA01-SegmentedRaftLogWorker] INFO  segmented.SegmentedRaftLogWorker (SegmentedRaftLogWorker.java:run(316)) - f8dbb98f-c520-465b-9b5e-774751dbfbea@group-C0905E76DA01-SegmentedRaftLogWorker was interrupted, exiting. There are 0 tasks remaining in the queue.
2019-10-14 10:28:14,821 [ffdfe236-439b-469c-ae4b-d2b0223af88a@group-C0905E76DA01-SegmentedRaftLogWorker] INFO  segmented.SegmentedRaftLogWorker (SegmentedRaftLogWorker.java:run(316)) - ffdfe236-439b-469c-ae4b-d2b0223af88a@group-C0905E76DA01-SegmentedRaftLogWorker was interrupted, exiting. There are 0 tasks remaining in the queue.
2019-10-14 10:28:14,823 [ForkJoinPool.commonPool-worker-1] INFO  segmented.SegmentedRaftLogWorker (SegmentedRaftLogWorker.java:close(224)) - f8dbb98f-c520-465b-9b5e-774751dbfbea@group-C0905E76DA01-SegmentedRaftLogWorker close()
2019-10-14 10:28:14,823 [main] INFO  segmented.SegmentedRaftLogWorker (SegmentedRaftLogWorker.java:close(224)) - ffdfe236-439b-469c-ae4b-d2b0223af88a@group-C0905E76DA01-SegmentedRaftLogWorker close()
2019-10-14 10:28:14,824 [ForkJoinPool.commonPool-worker-1] INFO  impl.RaftServerImpl (RaftServerImpl.java:lambda$shutdown$3(247)) - f8dbb98f-c520-465b-9b5e-774751dbfbea@group-EC6C7491E947: shutdown
2019-10-14 10:28:14,825 [main] INFO  impl.RaftServerImpl (RaftServerImpl.java:lambda$shutdown$3(247)) - ffdfe236-439b-469c-ae4b-d2b0223af88a@group-F0D086F106FC: shutdown
2019-10-14 10:28:14,826 [ForkJoinPool.commonPool-worker-1] INFO  util.JmxRegister (JmxRegister.java:unregister(73)) - Successfully un-registered JMX Bean with object name Ratis:service=RaftServer,group=group-EC6C7491E947,id=f8dbb98f-c520-465b-9b5e-774751dbfbea
2019-10-14 10:28:14,826 [main] INFO  util.JmxRegister (JmxRegister.java:unregister(73)) - Successfully un-registered JMX Bean with object name Ratis:service=RaftServer,group=group-F0D086F106FC,id=ffdfe236-439b-469c-ae4b-d2b0223af88a
2019-10-14 10:28:14,827 [main] INFO  impl.RoleInfo (RoleInfo.java:shutdownLeaderState(104)) - ffdfe236-439b-469c-ae4b-d2b0223af88a: shutdown LeaderState
2019-10-14 10:28:14,826 [ForkJoinPool.commonPool-worker-1] INFO  impl.RoleInfo (RoleInfo.java:shutdownLeaderState(104)) - f8dbb98f-c520-465b-9b5e-774751dbfbea: shutdown LeaderState
2019-10-14 10:28:14,827 [main] INFO  impl.PendingRequests (PendingRequests.java:sendNotLeaderResponses(202)) - ffdfe236-439b-469c-ae4b-d2b0223af88a@group-F0D086F106FC-PendingRequests: sendNotLeaderResponses
2019-10-14 10:28:14,827 [ForkJoinPool.commonPool-worker-1] INFO  impl.PendingRequests (PendingRequests.java:sendNotLeaderResponses(202)) - f8dbb98f-c520-465b-9b5e-774751dbfbea@group-EC6C7491E947-PendingRequests: sendNotLeaderResponses
2019-10-14 10:28:14,828 [main] INFO  impl.StateMachineUpdater (StateMachineUpdater.java:stopAndJoin(136)) - ffdfe236-439b-469c-ae4b-d2b0223af88a@group-F0D086F106FC-StateMachineUpdater: set stopIndex = 0
2019-10-14 10:28:14,828 [ForkJoinPool.commonPool-worker-1] INFO  impl.StateMachineUpdater (StateMachineUpdater.java:stopAndJoin(136)) - f8dbb98f-c520-465b-9b5e-774751dbfbea@group-EC6C7491E947-StateMachineUpdater: set stopIndex = 0
2019-10-14 10:28:14,828 [main] INFO  impl.RaftServerImpl (ServerState.java:close(387)) - ffdfe236-439b-469c-ae4b-d2b0223af88a@group-F0D086F106FC: closes. applyIndex: 0
2019-10-14 10:28:14,829 [ForkJoinPool.commonPool-worker-1] INFO  impl.RaftServerImpl (ServerState.java:close(387)) - f8dbb98f-c520-465b-9b5e-774751dbfbea@group-EC6C7491E947: closes. applyIndex: 0
2019-10-14 10:28:14,829 [ffdfe236-439b-469c-ae4b-d2b0223af88a@group-F0D086F106FC-SegmentedRaftLogWorker] INFO  segmented.SegmentedRaftLogWorker (SegmentedRaftLogWorker.java:run(316)) - ffdfe236-439b-469c-ae4b-d2b0223af88a@group-F0D086F106FC-SegmentedRaftLogWorker was interrupted, exiting. There are 0 tasks remaining in the queue.
2019-10-14 10:28:14,829 [f8dbb98f-c520-465b-9b5e-774751dbfbea@group-EC6C7491E947-SegmentedRaftLogWorker] INFO  segmented.SegmentedRaftLogWorker (SegmentedRaftLogWorker.java:run(316)) - f8dbb98f-c520-465b-9b5e-774751dbfbea@group-EC6C7491E947-SegmentedRaftLogWorker was interrupted, exiting. There are 0 tasks remaining in the queue.
2019-10-14 10:28:14,831 [main] INFO  segmented.SegmentedRaftLogWorker (SegmentedRaftLogWorker.java:close(224)) - ffdfe236-439b-469c-ae4b-d2b0223af88a@group-F0D086F106FC-SegmentedRaftLogWorker close()
2019-10-14 10:28:14,835 [ForkJoinPool.commonPool-worker-1] INFO  segmented.SegmentedRaftLogWorker (SegmentedRaftLogWorker.java:close(224)) - f8dbb98f-c520-465b-9b5e-774751dbfbea@group-EC6C7491E947-SegmentedRaftLogWorker close()
2019-10-14 10:28:14,836 [main] INFO  server.GrpcService (GrpcService.java:closeImpl(164)) - ffdfe236-439b-469c-ae4b-d2b0223af88a: shutdown server with port 44990 now
2019-10-14 10:28:14,836 [ForkJoinPool.commonPool-worker-1] INFO  server.GrpcService (GrpcService.java:closeImpl(164)) - f8dbb98f-c520-465b-9b5e-774751dbfbea: shutdown server with port 35931 now
2019-10-14 10:28:14,837 [main] INFO  server.GrpcService (GrpcService.java:closeImpl(172)) - ffdfe236-439b-469c-ae4b-d2b0223af88a: shutdown server with port 44990 successfully
2019-10-14 10:28:14,837 [ForkJoinPool.commonPool-worker-1] INFO  server.GrpcService (GrpcService.java:closeImpl(172)) - f8dbb98f-c520-465b-9b5e-774751dbfbea: shutdown server with port 35931 successfully
2019-10-14 10:28:14,840 [refreshUsed-/workdir/hadoop-ozone/integration-test/target/test-dir/MiniOzoneClusterImpl-3072ea79-444e-478b-951c-ea383f4180ba/datanode-0/data/containers] WARN  fs.CachingGetSpaceUsed (CachingGetSpaceUsed.java:run(183)) - Thread Interrupted waiting to refresh disk information: sleep interrupted
2019-10-14 10:28:14,840 [refreshUsed-/workdir/hadoop-ozone/integration-test/target/test-dir/MiniOzoneClusterImpl-3072ea79-444e-478b-951c-ea383f4180ba/datanode-6/data/containers] WARN  fs.CachingGetSpaceUsed (CachingGetSpaceUsed.java:run(183)) - Thread Interrupted waiting to refresh disk information: sleep interrupted
2019-10-14 10:28:14,856 [ForkJoinPool.commonPool-worker-1] INFO  utils.BackgroundService (BackgroundService.java:shutdown(151)) - Shutting down service BlockDeletingService
2019-10-14 10:28:14,861 [ForkJoinPool.commonPool-worker-1] INFO  statemachine.DatanodeStateMachine (DatanodeStateMachine.java:stopDaemon(395)) - Ozone container server stopped.
2019-10-14 10:28:14,865 [ForkJoinPool.commonPool-worker-1] INFO  handler.ContextHandler (ContextHandler.java:doStop(910)) - Stopped o.e.j.w.WebAppContext@2577a95d{/,null,UNAVAILABLE}{/hddsDatanode}
2019-10-14 10:28:14,865 [main] INFO  utils.BackgroundService (BackgroundService.java:shutdown(151)) - Shutting down service BlockDeletingService
2019-10-14 10:28:14,866 [ForkJoinPool.commonPool-worker-1] INFO  server.AbstractConnector (AbstractConnector.java:doStop(318)) - Stopped ServerConnector@1668919e{HTTP/1.1,[http/1.1]}{0.0.0.0:0}
2019-10-14 10:28:14,868 [ForkJoinPool.commonPool-worker-1] INFO  handler.ContextHandler (ContextHandler.java:doStop(910)) - Stopped o.e.j.s.ServletContextHandler@786ff1cb{/static,jar:file:/home/user/.m2/repository/org/apache/hadoop/hadoop-hdds-container-service/0.5.0-SNAPSHOT/hadoop-hdds-container-service-0.5.0-SNAPSHOT.jar!/webapps/static,UNAVAILABLE}
2019-10-14 10:28:14,869 [main] INFO  statemachine.DatanodeStateMachine (DatanodeStateMachine.java:stopDaemon(395)) - Ozone container server stopped.
2019-10-14 10:28:14,870 [ForkJoinPool.commonPool-worker-1] INFO  handler.ContextHandler (ContextHandler.java:doStop(910)) - Stopped o.e.j.s.ServletContextHandler@76fe6cdc{/logs,file:///workdir/hadoop-ozone/integration-test/target/log,UNAVAILABLE}
2019-10-14 10:28:14,871 [main] INFO  handler.ContextHandler (ContextHandler.java:doStop(910)) - Stopped o.e.j.w.WebAppContext@4e224df5{/,null,UNAVAILABLE}{/hddsDatanode}
2019-10-14 10:28:14,872 [main] INFO  server.AbstractConnector (AbstractConnector.java:doStop(318)) - Stopped ServerConnector@32456db0{HTTP/1.1,[http/1.1]}{0.0.0.0:0}
2019-10-14 10:28:14,872 [main] INFO  handler.ContextHandler (ContextHandler.java:doStop(910)) - Stopped o.e.j.s.ServletContextHandler@2d74c81b{/static,jar:file:/home/user/.m2/repository/org/apache/hadoop/hadoop-hdds-container-service/0.5.0-SNAPSHOT/hadoop-hdds-container-service-0.5.0-SNAPSHOT.jar!/webapps/static,UNAVAILABLE}
2019-10-14 10:28:14,872 [main] INFO  handler.ContextHandler (ContextHandler.java:doStop(910)) - Stopped o.e.j.s.ServletContextHandler@59939293{/logs,file:///workdir/hadoop-ozone/integration-test/target/log,UNAVAILABLE}
2019-10-14 10:28:15,412 [Datanode State Machine Thread - 0] INFO  statemachine.DatanodeStateMachine (DatanodeStateMachine.java:lambda$startDaemon$0(350)) - Ozone container server started.
2019-10-14 10:28:17,273 [grpc-default-executor-6] WARN  server.GrpcLogAppender (LogUtils.java:warn(134)) - 4031060a-28bd-4ec2-97b8-c34fb7e04848@group-CE1CBEB6383D->fbdd9009-148c-4ad1-8fbf-9679a6c31dd6-AppendLogResponseHandler: Failed appendEntries: org.apache.ratis.thirdparty.io.grpc.StatusRuntimeException: UNAVAILABLE: io exception
2019-10-14 10:28:17,273 [grpc-default-executor-0] WARN  server.GrpcLogAppender (LogUtils.java:warn(134)) - 4031060a-28bd-4ec2-97b8-c34fb7e04848@group-CE1CBEB6383D->d08b79a2-19c9-460f-adbf-167e1d4b28fa-AppendLogResponseHandler: Failed appendEntries: org.apache.ratis.thirdparty.io.grpc.StatusRuntimeException: UNAVAILABLE: io exception
2019-10-14 10:28:17,274 [grpc-default-executor-6] INFO  impl.FollowerInfo (FollowerInfo.java:lambda$new$0(51)) - 4031060a-28bd-4ec2-97b8-c34fb7e04848@group-CE1CBEB6383D->fbdd9009-148c-4ad1-8fbf-9679a6c31dd6: nextIndex: updateUnconditionally 0 -> 0
2019-10-14 10:28:17,274 [grpc-default-executor-0] INFO  impl.FollowerInfo (FollowerInfo.java:lambda$new$0(51)) - 4031060a-28bd-4ec2-97b8-c34fb7e04848@group-CE1CBEB6383D->d08b79a2-19c9-460f-adbf-167e1d4b28fa: nextIndex: updateUnconditionally 0 -> 0
2019-10-14 10:28:19,781 [grpc-default-executor-0] WARN  server.GrpcLogAppender (LogUtils.java:warn(134)) - 4031060a-28bd-4ec2-97b8-c34fb7e04848@group-CE1CBEB6383D->d08b79a2-19c9-460f-adbf-167e1d4b28fa-AppendLogResponseHandler: Failed appendEntries: org.apache.ratis.thirdparty.io.grpc.StatusRuntimeException: UNAVAILABLE: io exception
2019-10-14 10:28:19,781 [grpc-default-executor-8] WARN  server.GrpcLogAppender (LogUtils.java:warn(134)) - 4031060a-28bd-4ec2-97b8-c34fb7e04848@group-CE1CBEB6383D->fbdd9009-148c-4ad1-8fbf-9679a6c31dd6-AppendLogResponseHandler: Failed appendEntries: org.apache.ratis.thirdparty.io.grpc.StatusRuntimeException: UNAVAILABLE: io exception
2019-10-14 10:28:19,783 [grpc-default-executor-0] INFO  impl.FollowerInfo (FollowerInfo.java:lambda$new$0(51)) - 4031060a-28bd-4ec2-97b8-c34fb7e04848@group-CE1CBEB6383D->d08b79a2-19c9-460f-adbf-167e1d4b28fa: nextIndex: updateUnconditionally 0 -> 0
2019-10-14 10:28:19,783 [grpc-default-executor-8] INFO  impl.FollowerInfo (FollowerInfo.java:lambda$new$0(51)) - 4031060a-28bd-4ec2-97b8-c34fb7e04848@group-CE1CBEB6383D->fbdd9009-148c-4ad1-8fbf-9679a6c31dd6: nextIndex: updateUnconditionally 0 -> 0
2019-10-14 10:28:19,873 [ForkJoinPool.commonPool-worker-1] INFO  ozoneimpl.OzoneContainer (OzoneContainer.java:stop(227)) - Attempting to stop container services.
2019-10-14 10:28:19,874 [ForkJoinPool.commonPool-worker-1] INFO  impl.RaftServerProxy (RaftServerProxy.java:lambda$close$4(314)) - 4031060a-28bd-4ec2-97b8-c34fb7e04848: close
2019-10-14 10:28:19,875 [ForkJoinPool.commonPool-worker-1] INFO  impl.RaftServerImpl (RaftServerImpl.java:lambda$shutdown$3(247)) - 4031060a-28bd-4ec2-97b8-c34fb7e04848@group-FCDD48F3475E: shutdown
2019-10-14 10:28:19,875 [ForkJoinPool.commonPool-worker-1] INFO  util.JmxRegister (JmxRegister.java:unregister(73)) - Successfully un-registered JMX Bean with object name Ratis:service=RaftServer,group=group-FCDD48F3475E,id=4031060a-28bd-4ec2-97b8-c34fb7e04848
2019-10-14 10:28:19,875 [ForkJoinPool.commonPool-worker-1] INFO  impl.RoleInfo (RoleInfo.java:shutdownLeaderState(104)) - 4031060a-28bd-4ec2-97b8-c34fb7e04848: shutdown LeaderState
2019-10-14 10:28:19,876 [ForkJoinPool.commonPool-worker-1] INFO  impl.PendingRequests (PendingRequests.java:sendNotLeaderResponses(202)) - 4031060a-28bd-4ec2-97b8-c34fb7e04848@group-FCDD48F3475E-PendingRequests: sendNotLeaderResponses
2019-10-14 10:28:19,877 [ForkJoinPool.commonPool-worker-1] INFO  impl.StateMachineUpdater (StateMachineUpdater.java:stopAndJoin(136)) - 4031060a-28bd-4ec2-97b8-c34fb7e04848@group-FCDD48F3475E-StateMachineUpdater: set stopIndex = 0
2019-10-14 10:28:19,878 [ForkJoinPool.commonPool-worker-1] INFO  impl.RaftServerImpl (ServerState.java:close(387)) - 4031060a-28bd-4ec2-97b8-c34fb7e04848@group-FCDD48F3475E: closes. applyIndex: 0
2019-10-14 10:28:19,878 [4031060a-28bd-4ec2-97b8-c34fb7e04848@group-FCDD48F3475E-SegmentedRaftLogWorker] INFO  segmented.SegmentedRaftLogWorker (SegmentedRaftLogWorker.java:run(316)) - 4031060a-28bd-4ec2-97b8-c34fb7e04848@group-FCDD48F3475E-SegmentedRaftLogWorker was interrupted, exiting. There are 0 tasks remaining in the queue.
2019-10-14 10:28:19,879 [ForkJoinPool.commonPool-worker-1] INFO  segmented.SegmentedRaftLogWorker (SegmentedRaftLogWorker.java:close(224)) - 4031060a-28bd-4ec2-97b8-c34fb7e04848@group-FCDD48F3475E-SegmentedRaftLogWorker close()
2019-10-14 10:28:19,879 [ForkJoinPool.commonPool-worker-1] INFO  impl.RaftServerImpl (RaftServerImpl.java:lambda$shutdown$3(247)) - 4031060a-28bd-4ec2-97b8-c34fb7e04848@group-CE1CBEB6383D: shutdown
2019-10-14 10:28:19,879 [ForkJoinPool.commonPool-worker-1] INFO  util.JmxRegister (JmxRegister.java:unregister(73)) - Successfully un-registered JMX Bean with object name Ratis:service=RaftServer,group=group-CE1CBEB6383D,id=4031060a-28bd-4ec2-97b8-c34fb7e04848
2019-10-14 10:28:19,880 [ForkJoinPool.commonPool-worker-1] INFO  impl.RoleInfo (RoleInfo.java:shutdownLeaderState(104)) - 4031060a-28bd-4ec2-97b8-c34fb7e04848: shutdown LeaderState
2019-10-14 10:28:19,883 [ForkJoinPool.commonPool-worker-1] INFO  impl.PendingRequests (PendingRequests.java:sendNotLeaderResponses(202)) - 4031060a-28bd-4ec2-97b8-c34fb7e04848@group-CE1CBEB6383D-PendingRequests: sendNotLeaderResponses
2019-10-14 10:28:19,883 [org.apache.ratis.server.impl.LogAppender$AppenderDaemon$$Lambda$526/1116407483@6b54b874] WARN  server.GrpcLogAppender (GrpcLogAppender.java:mayWait(143)) - 4031060a-28bd-4ec2-97b8-c34fb7e04848@group-CE1CBEB6383D->fbdd9009-148c-4ad1-8fbf-9679a6c31dd6-GrpcLogAppender: Wait interrupted by java.lang.InterruptedException
2019-10-14 10:28:19,884 [ForkJoinPool.commonPool-worker-1] INFO  impl.StateMachineUpdater (StateMachineUpdater.java:stopAndJoin(136)) - 4031060a-28bd-4ec2-97b8-c34fb7e04848@group-CE1CBEB6383D-StateMachineUpdater: set stopIndex = 0
2019-10-14 10:28:19,883 [org.apache.ratis.server.impl.LogAppender$AppenderDaemon$$Lambda$526/1116407483@3de956ac] WARN  server.GrpcLogAppender (GrpcLogAppender.java:mayWait(143)) - 4031060a-28bd-4ec2-97b8-c34fb7e04848@group-CE1CBEB6383D->d08b79a2-19c9-460f-adbf-167e1d4b28fa-GrpcLogAppender: Wait interrupted by java.lang.InterruptedException
2019-10-14 10:28:19,884 [ForkJoinPool.commonPool-worker-1] INFO  impl.RaftServerImpl (ServerState.java:close(387)) - 4031060a-28bd-4ec2-97b8-c34fb7e04848@group-CE1CBEB6383D: closes. applyIndex: 0
2019-10-14 10:28:19,885 [4031060a-28bd-4ec2-97b8-c34fb7e04848@group-CE1CBEB6383D-SegmentedRaftLogWorker] INFO  segmented.SegmentedRaftLogWorker (SegmentedRaftLogWorker.java:run(316)) - 4031060a-28bd-4ec2-97b8-c34fb7e04848@group-CE1CBEB6383D-SegmentedRaftLogWorker was interrupted, exiting. There are 0 tasks remaining in the queue.
2019-10-14 10:28:19,885 [ForkJoinPool.commonPool-worker-1] INFO  segmented.SegmentedRaftLogWorker (SegmentedRaftLogWorker.java:close(224)) - 4031060a-28bd-4ec2-97b8-c34fb7e04848@group-CE1CBEB6383D-SegmentedRaftLogWorker close()
2019-10-14 10:28:19,886 [ForkJoinPool.commonPool-worker-1] INFO  server.GrpcService (GrpcService.java:closeImpl(164)) - 4031060a-28bd-4ec2-97b8-c34fb7e04848: shutdown server with port 42386 now
2019-10-14 10:28:19,886 [ForkJoinPool.commonPool-worker-1] INFO  server.GrpcService (GrpcService.java:closeImpl(172)) - 4031060a-28bd-4ec2-97b8-c34fb7e04848: shutdown server with port 42386 successfully
2019-10-14 10:28:19,894 [refreshUsed-/workdir/hadoop-ozone/integration-test/target/test-dir/MiniOzoneClusterImpl-3072ea79-444e-478b-951c-ea383f4180ba/datanode-5/data/containers] WARN  fs.CachingGetSpaceUsed (CachingGetSpaceUsed.java:run(183)) - Thread Interrupted waiting to refresh disk information: sleep interrupted
2019-10-14 10:28:19,911 [ForkJoinPool.commonPool-worker-1] INFO  utils.BackgroundService (BackgroundService.java:shutdown(151)) - Shutting down service BlockDeletingService
2019-10-14 10:28:19,915 [ForkJoinPool.commonPool-worker-1] INFO  statemachine.DatanodeStateMachine (DatanodeStateMachine.java:stopDaemon(395)) - Ozone container server stopped.
2019-10-14 10:28:19,919 [ForkJoinPool.commonPool-worker-1] INFO  handler.ContextHandler (ContextHandler.java:doStop(910)) - Stopped o.e.j.w.WebAppContext@448b808a{/,null,UNAVAILABLE}{/hddsDatanode}
2019-10-14 10:28:19,920 [ForkJoinPool.commonPool-worker-1] INFO  server.AbstractConnector (AbstractConnector.java:doStop(318)) - Stopped ServerConnector@7e62cfa3{HTTP/1.1,[http/1.1]}{0.0.0.0:0}
2019-10-14 10:28:19,928 [ForkJoinPool.commonPool-worker-1] INFO  handler.ContextHandler (ContextHandler.java:doStop(910)) - Stopped o.e.j.s.ServletContextHandler@36aab105{/static,jar:file:/home/user/.m2/repository/org/apache/hadoop/hadoop-hdds-container-service/0.5.0-SNAPSHOT/hadoop-hdds-container-service-0.5.0-SNAPSHOT.jar!/webapps/static,UNAVAILABLE}
2019-10-14 10:28:19,928 [ForkJoinPool.commonPool-worker-1] INFO  handler.ContextHandler (ContextHandler.java:doStop(910)) - Stopped o.e.j.s.ServletContextHandler@713ec32d{/logs,file:///workdir/hadoop-ozone/integration-test/target/log,UNAVAILABLE}
2019-10-14 10:28:19,929 [main] INFO  ozone.MiniOzoneClusterImpl (MiniOzoneClusterImpl.java:stopSCM(392)) - Stopping the StorageContainerManager
2019-10-14 10:28:19,930 [main] INFO  server.StorageContainerManager (StorageContainerManager.java:stop(810)) - Stopping Replication Manager Service.
2019-10-14 10:28:19,930 [main] INFO  container.ReplicationManager (ReplicationManager.java:stop(203)) - Stopping Replication Monitor Thread.
2019-10-14 10:28:19,930 [main] INFO  server.StorageContainerManager (StorageContainerManager.java:stop(817)) - Stopping Lease Manager of the command watchers
2019-10-14 10:28:19,931 [main] INFO  server.StorageContainerManager (StorageContainerManager.java:stop(824)) - Stopping datanode service RPC server
2019-10-14 10:28:19,931 [main] INFO  server.SCMDatanodeProtocolServer (SCMDatanodeProtocolServer.java:stop(346)) - Stopping the RPC server for DataNodes
2019-10-14 10:28:19,931 [main] INFO  ipc.Server (Server.java:stop(3082)) - Stopping server on 38901
2019-10-14 10:28:19,934 [IPC Server listener on 38901] INFO  ipc.Server (Server.java:run(1185)) - Stopping IPC Server listener on 38901
2019-10-14 10:28:19,935 [IPC Server Responder] INFO  ipc.Server (Server.java:run(1319)) - Stopping IPC Server Responder
2019-10-14 10:28:19,936 [SCM Heartbeat Processing Thread - 0] WARN  node.NodeStateManager (NodeStateManager.java:scheduleNextHealthCheck(646)) - Current Thread is interrupted, shutting down HB processing thread for Node Manager.
2019-10-14 10:28:19,936 [main] INFO  server.StorageContainerManager (StorageContainerManager.java:stop(832)) - Stopping block service RPC server
2019-10-14 10:28:19,937 [main] INFO  server.SCMBlockProtocolServer (SCMBlockProtocolServer.java:stop(155)) - Stopping the RPC server for Block Protocol
2019-10-14 10:28:19,937 [main] INFO  ipc.Server (Server.java:stop(3082)) - Stopping server on 37723
2019-10-14 10:28:19,939 [IPC Server listener on 37723] INFO  ipc.Server (Server.java:run(1185)) - Stopping IPC Server listener on 37723
2019-10-14 10:28:19,939 [main] INFO  server.StorageContainerManager (StorageContainerManager.java:stop(839)) - Stopping the StorageContainerLocationProtocol RPC server
2019-10-14 10:28:19,940 [IPC Server Responder] INFO  ipc.Server (Server.java:run(1319)) - Stopping IPC Server Responder
2019-10-14 10:28:19,940 [main] INFO  server.SCMClientProtocolServer (SCMClientProtocolServer.java:stop(168)) - Stopping the RPC server for Client Protocol
2019-10-14 10:28:19,941 [main] INFO  ipc.Server (Server.java:stop(3082)) - Stopping server on 37193
2019-10-14 10:28:19,943 [IPC Server listener on 37193] INFO  ipc.Server (Server.java:run(1185)) - Stopping IPC Server listener on 37193
2019-10-14 10:28:19,944 [main] INFO  server.StorageContainerManager (StorageContainerManager.java:stop(846)) - Stopping Storage Container Manager HTTP server.
2019-10-14 10:28:19,944 [IPC Server Responder] INFO  ipc.Server (Server.java:run(1319)) - Stopping IPC Server Responder
2019-10-14 10:28:19,945 [main] INFO  handler.ContextHandler (ContextHandler.java:doStop(910)) - Stopped o.e.j.w.WebAppContext@3330f3ad{/,null,UNAVAILABLE}{/scm}
2019-10-14 10:28:19,946 [main] INFO  server.AbstractConnector (AbstractConnector.java:doStop(318)) - Stopped ServerConnector@f425231{HTTP/1.1,[http/1.1]}{0.0.0.0:0}
2019-10-14 10:28:19,946 [main] INFO  handler.ContextHandler (ContextHandler.java:doStop(910)) - Stopped o.e.j.s.ServletContextHandler@3c6c4689{/static,file:///workdir/hadoop-ozone/integration-test/target/test-classes/webapps/static,UNAVAILABLE}
2019-10-14 10:28:19,947 [main] INFO  handler.ContextHandler (ContextHandler.java:doStop(910)) - Stopped o.e.j.s.ServletContextHandler@550de6b8{/logs,file:///workdir/hadoop-ozone/integration-test/target/log,UNAVAILABLE}
2019-10-14 10:28:19,948 [main] INFO  server.StorageContainerManager (StorageContainerManager.java:stop(857)) - Stopping Block Manager Service.
2019-10-14 10:28:19,948 [main] INFO  utils.BackgroundService (BackgroundService.java:shutdown(151)) - Shutting down service SCMBlockDeletingService
2019-10-14 10:28:19,949 [main] INFO  utils.BackgroundService (BackgroundService.java:shutdown(151)) - Shutting down service SCMBlockDeletingService
2019-10-14 10:28:19,949 [main] INFO  server.StorageContainerManager (StorageContainerManager.java:stop(879)) - Stopping SCM Event Queue.
2019-10-14 10:28:19,954 [main] INFO  impl.MetricsSystemImpl (MetricsSystemImpl.java:stop(210)) - Stopping HddsDatanode metrics system...
2019-10-14 10:28:19,970 [main] INFO  impl.MetricsSystemImpl (MetricsSystemImpl.java:stop(216)) - HddsDatanode metrics system stopped.
]]></system-out>
    <system-err><![CDATA[Oct 14, 2019 10:28:04 AM org.apache.ratis.thirdparty.io.grpc.internal.SerializingExecutor run
SEVERE: Exception while executing runnable org.apache.ratis.thirdparty.io.grpc.internal.ServerImpl$JumpToApplicationThreadServerStreamListener$1Closed@67ed056
org.apache.ratis.thirdparty.io.grpc.StatusRuntimeException: CANCELLED: call already cancelled
	at org.apache.ratis.thirdparty.io.grpc.Status.asRuntimeException(Status.java:517)
	at org.apache.ratis.thirdparty.io.grpc.stub.ServerCalls$ServerCallStreamObserverImpl.onCompleted(ServerCalls.java:356)
	at org.apache.ratis.grpc.server.GrpcServerProtocolService$ServerRequestStreamObserver.onError(GrpcServerProtocolService.java:121)
	at org.apache.ratis.thirdparty.io.grpc.stub.ServerCalls$StreamingServerCallHandler$StreamingServerCallListener.onCancel(ServerCalls.java:269)
	at org.apache.ratis.thirdparty.io.grpc.internal.ServerCallImpl$ServerStreamListenerImpl.closed(ServerCallImpl.java:293)
	at org.apache.ratis.thirdparty.io.grpc.internal.ServerImpl$JumpToApplicationThreadServerStreamListener$1Closed.runInContext(ServerImpl.java:741)
	at org.apache.ratis.thirdparty.io.grpc.internal.ContextRunnable.run(ContextRunnable.java:37)
	at org.apache.ratis.thirdparty.io.grpc.internal.SerializingExecutor.run(SerializingExecutor.java:123)
	at java.util.concurrent.ThreadPoolExecutor.runWorker(ThreadPoolExecutor.java:1149)
	at java.util.concurrent.ThreadPoolExecutor$Worker.run(ThreadPoolExecutor.java:624)
	at java.lang.Thread.run(Thread.java:748)

Oct 14, 2019 10:28:04 AM org.apache.ratis.thirdparty.io.grpc.internal.SerializingExecutor run
SEVERE: Exception while executing runnable org.apache.ratis.thirdparty.io.grpc.internal.ServerImpl$JumpToApplicationThreadServerStreamListener$1Closed@3417a5e4
org.apache.ratis.thirdparty.io.grpc.StatusRuntimeException: CANCELLED: call already cancelled
	at org.apache.ratis.thirdparty.io.grpc.Status.asRuntimeException(Status.java:517)
	at org.apache.ratis.thirdparty.io.grpc.stub.ServerCalls$ServerCallStreamObserverImpl.onCompleted(ServerCalls.java:356)
	at org.apache.ratis.grpc.server.GrpcServerProtocolService$ServerRequestStreamObserver.onError(GrpcServerProtocolService.java:121)
	at org.apache.ratis.thirdparty.io.grpc.stub.ServerCalls$StreamingServerCallHandler$StreamingServerCallListener.onCancel(ServerCalls.java:269)
	at org.apache.ratis.thirdparty.io.grpc.internal.ServerCallImpl$ServerStreamListenerImpl.closed(ServerCallImpl.java:293)
	at org.apache.ratis.thirdparty.io.grpc.internal.ServerImpl$JumpToApplicationThreadServerStreamListener$1Closed.runInContext(ServerImpl.java:741)
	at org.apache.ratis.thirdparty.io.grpc.internal.ContextRunnable.run(ContextRunnable.java:37)
	at org.apache.ratis.thirdparty.io.grpc.internal.SerializingExecutor.run(SerializingExecutor.java:123)
	at java.util.concurrent.ThreadPoolExecutor.runWorker(ThreadPoolExecutor.java:1149)
	at java.util.concurrent.ThreadPoolExecutor$Worker.run(ThreadPoolExecutor.java:624)
	at java.lang.Thread.run(Thread.java:748)

Oct 14, 2019 10:28:09 AM org.apache.ratis.thirdparty.io.grpc.internal.SerializingExecutor run
SEVERE: Exception while executing runnable org.apache.ratis.thirdparty.io.grpc.internal.ServerImpl$JumpToApplicationThreadServerStreamListener$1Closed@279fac0d
org.apache.ratis.thirdparty.io.grpc.StatusRuntimeException: CANCELLED: call already cancelled
	at org.apache.ratis.thirdparty.io.grpc.Status.asRuntimeException(Status.java:517)
	at org.apache.ratis.thirdparty.io.grpc.stub.ServerCalls$ServerCallStreamObserverImpl.onCompleted(ServerCalls.java:356)
	at org.apache.ratis.grpc.server.GrpcServerProtocolService$ServerRequestStreamObserver.onError(GrpcServerProtocolService.java:121)
	at org.apache.ratis.thirdparty.io.grpc.stub.ServerCalls$StreamingServerCallHandler$StreamingServerCallListener.onCancel(ServerCalls.java:269)
	at org.apache.ratis.thirdparty.io.grpc.internal.ServerCallImpl$ServerStreamListenerImpl.closed(ServerCallImpl.java:293)
	at org.apache.ratis.thirdparty.io.grpc.internal.ServerImpl$JumpToApplicationThreadServerStreamListener$1Closed.runInContext(ServerImpl.java:741)
	at org.apache.ratis.thirdparty.io.grpc.internal.ContextRunnable.run(ContextRunnable.java:37)
	at org.apache.ratis.thirdparty.io.grpc.internal.SerializingExecutor.run(SerializingExecutor.java:123)
	at java.util.concurrent.ThreadPoolExecutor.runWorker(ThreadPoolExecutor.java:1149)
	at java.util.concurrent.ThreadPoolExecutor$Worker.run(ThreadPoolExecutor.java:624)
	at java.lang.Thread.run(Thread.java:748)

]]></system-err>
  </testcase>
</testsuite>