<?xml version="1.0" encoding="UTF-8"?>
<testsuite xmlns:xsi="http://www.w3.org/2001/XMLSchema-instance" xsi:noNamespaceSchemaLocation="https://maven.apache.org/surefire/maven-surefire-plugin/xsd/surefire-test-report.xsd" name="org.apache.hadoop.ozone.client.rpc.TestWatchForCommit" time="235.869" tests="5" errors="1" skipped="0" failures="0">
  <properties>
    <property name="awt.toolkit" value="sun.awt.X11.XToolkit"/>
    <property name="file.encoding.pkg" value="sun.io"/>
    <property name="java.specification.version" value="1.8"/>
    <property name="sun.cpu.isalist" value=""/>
    <property name="sun.jnu.encoding" value="UTF-8"/>
    <property name="java.class.path" value="/workdir/hadoop-ozone/integration-test/target/test-classes:/workdir/hadoop-ozone/integration-test/target/classes:/home/user/.m2/repository/org/apache/hadoop/hadoop-ozone-common/0.5.0-SNAPSHOT/hadoop-ozone-common-0.5.0-SNAPSHOT.jar:/home/user/.m2/repository/org/apache/commons/commons-compress/1.4.1/commons-compress-1.4.1.jar:/home/user/.m2/repository/org/tukaani/xz/1.0/xz-1.0.jar:/home/user/.m2/repository/org/apache/hadoop/hadoop-common/3.2.0/hadoop-common-3.2.0.jar:/home/user/.m2/repository/org/apache/hadoop/hadoop-hdfs/3.2.0/hadoop-hdfs-3.2.0.jar:/home/user/.m2/repository/org/apache/hadoop/hadoop-hdfs-client/3.2.0/hadoop-hdfs-client-3.2.0.jar:/home/user/.m2/repository/com/fasterxml/jackson/core/jackson-annotations/2.9.9/jackson-annotations-2.9.9.jar:/home/user/.m2/repository/org/apache/hadoop/hadoop-hdds-common/0.5.0-SNAPSHOT/hadoop-hdds-common-0.5.0-SNAPSHOT.jar:/home/user/.m2/repository/javax/annotation/javax.annotation-api/1.2/javax.annotation-api-1.2.jar:/home/user/.m2/repository/org/apache/ratis/ratis-server/0.5.0-201fc85-SNAPSHOT/ratis-server-0.5.0-201fc85-SNAPSHOT.jar:/home/user/.m2/repository/org/apache/ratis/ratis-thirdparty-misc/0.2.0/ratis-thirdparty-misc-0.2.0.jar:/home/user/.m2/repository/org/apache/ratis/ratis-proto/0.5.0-201fc85-SNAPSHOT/ratis-proto-0.5.0-201fc85-SNAPSHOT.jar:/home/user/.m2/repository/org/apache/ratis/ratis-common/0.5.0-201fc85-SNAPSHOT/ratis-common-0.5.0-201fc85-SNAPSHOT.jar:/home/user/.m2/repository/org/apache/ratis/ratis-client/0.5.0-201fc85-SNAPSHOT/ratis-client-0.5.0-201fc85-SNAPSHOT.jar:/home/user/.m2/repository/org/apache/ratis/ratis-metrics/0.5.0-201fc85-SNAPSHOT/ratis-metrics-0.5.0-201fc85-SNAPSHOT.jar:/home/user/.m2/repository/com/github/joshelser/dropwizard-metrics-hadoop-metrics2-reporter/0.1.2/dropwizard-metrics-hadoop-metrics2-reporter-0.1.2.jar:/home/user/.m2/repository/io/dropwizard/metrics/metrics-jvm/3.2.5/metrics-jvm-3.2.5.jar:/home/user/.m2/repository/io/dropwizard/metrics/metrics-ganglia/3.2.5/metrics-ganglia-3.2.5.jar:/home/user/.m2/repository/info/ganglia/gmetric4j/gmetric4j/1.0.7/gmetric4j-1.0.7.jar:/home/user/.m2/repository/org/apache/ratis/ratis-netty/0.5.0-201fc85-SNAPSHOT/ratis-netty-0.5.0-201fc85-SNAPSHOT.jar:/home/user/.m2/repository/org/apache/ratis/ratis-grpc/0.5.0-201fc85-SNAPSHOT/ratis-grpc-0.5.0-201fc85-SNAPSHOT.jar:/home/user/.m2/repository/org/rocksdb/rocksdbjni/6.0.1/rocksdbjni-6.0.1.jar:/home/user/.m2/repository/org/apache/logging/log4j/log4j-api/2.11.0/log4j-api-2.11.0.jar:/home/user/.m2/repository/org/apache/logging/log4j/log4j-core/2.11.0/log4j-core-2.11.0.jar:/home/user/.m2/repository/com/lmax/disruptor/3.4.2/disruptor-3.4.2.jar:/home/user/.m2/repository/org/apache/commons/commons-pool2/2.6.0/commons-pool2-2.6.0.jar:/home/user/.m2/repository/org/bouncycastle/bcpkix-jdk15on/1.60/bcpkix-jdk15on-1.60.jar:/home/user/.m2/repository/commons-validator/commons-validator/1.6/commons-validator-1.6.jar:/home/user/.m2/repository/commons-digester/commons-digester/1.8.1/commons-digester-1.8.1.jar:/home/user/.m2/repository/io/jaegertracing/jaeger-client/0.34.0/jaeger-client-0.34.0.jar:/home/user/.m2/repository/io/jaegertracing/jaeger-thrift/0.34.0/jaeger-thrift-0.34.0.jar:/home/user/.m2/repository/org/apache/thrift/libthrift/0.12.0/libthrift-0.12.0.jar:/home/user/.m2/repository/com/squareup/okhttp3/okhttp/3.9.0/okhttp-3.9.0.jar:/home/user/.m2/repository/com/squareup/okio/okio/1.13.0/okio-1.13.0.jar:/home/user/.m2/repository/io/jaegertracing/jaeger-core/0.34.0/jaeger-core-0.34.0.jar:/home/user/.m2/repository/io/jaegertracing/jaeger-tracerresolver/0.34.0/jaeger-tracerresolver-0.34.0.jar:/home/user/.m2/repository/io/opentracing/contrib/opentracing-tracerresolver/0.1.5/opentracing-tracerresolver-0.1.5.jar:/home/user/.m2/repository/io/opentracing/opentracing-util/0.31.0/opentracing-util-0.31.0.jar:/home/user/.m2/repository/io/opentracing/opentracing-api/0.31.0/opentracing-api-0.31.0.jar:/home/user/.m2/repository/io/opentracing/opentracing-noop/0.31.0/opentracing-noop-0.31.0.jar:/home/user/.m2/repository/org/apache/hadoop/hadoop-hdds-server-framework/0.5.0-SNAPSHOT/hadoop-hdds-server-framework-0.5.0-SNAPSHOT.jar:/home/user/.m2/repository/org/apache/hadoop/hadoop-hdds-container-service/0.5.0-SNAPSHOT/hadoop-hdds-container-service-0.5.0-SNAPSHOT.jar:/home/user/.m2/repository/org/apache/hadoop/hadoop-hdds-client/0.5.0-SNAPSHOT/hadoop-hdds-client-0.5.0-SNAPSHOT.jar:/home/user/.m2/repository/org/apache/hadoop/hadoop-hdds-tools/0.5.0-SNAPSHOT/hadoop-hdds-tools-0.5.0-SNAPSHOT.jar:/home/user/.m2/repository/org/apache/hadoop/hadoop-hdds-server-scm/0.5.0-SNAPSHOT/hadoop-hdds-server-scm-0.5.0-SNAPSHOT.jar:/home/user/.m2/repository/org/apache/hadoop/hadoop-hdds-docs/0.5.0-SNAPSHOT/hadoop-hdds-docs-0.5.0-SNAPSHOT.jar:/home/user/.m2/repository/io/dropwizard/metrics/metrics-core/3.2.4/metrics-core-3.2.4.jar:/home/user/.m2/repository/org/hamcrest/hamcrest-all/1.3/hamcrest-all-1.3.jar:/home/user/.m2/repository/org/bouncycastle/bcprov-jdk15on/1.60/bcprov-jdk15on-1.60.jar:/home/user/.m2/repository/info/picocli/picocli/3.9.6/picocli-3.9.6.jar:/home/user/.m2/repository/com/google/protobuf/protobuf-java/2.5.0/protobuf-java-2.5.0.jar:/home/user/.m2/repository/com/google/guava/guava/11.0.2/guava-11.0.2.jar:/home/user/.m2/repository/org/apache/hadoop/hadoop-ozone-ozone-manager/0.5.0-SNAPSHOT/hadoop-ozone-ozone-manager-0.5.0-SNAPSHOT.jar:/home/user/.m2/repository/org/apache/hadoop/hadoop-minikdc/3.2.0/hadoop-minikdc-3.2.0.jar:/home/user/.m2/repository/commons-io/commons-io/2.5/commons-io-2.5.jar:/home/user/.m2/repository/org/apache/kerby/kerb-simplekdc/1.0.1/kerb-simplekdc-1.0.1.jar:/home/user/.m2/repository/org/apache/kerby/kerb-client/1.0.1/kerb-client-1.0.1.jar:/home/user/.m2/repository/org/apache/kerby/kerby-config/1.0.1/kerby-config-1.0.1.jar:/home/user/.m2/repository/org/apache/kerby/kerb-core/1.0.1/kerb-core-1.0.1.jar:/home/user/.m2/repository/org/apache/kerby/kerby-pkix/1.0.1/kerby-pkix-1.0.1.jar:/home/user/.m2/repository/org/apache/kerby/kerby-asn1/1.0.1/kerby-asn1-1.0.1.jar:/home/user/.m2/repository/org/apache/kerby/kerby-util/1.0.1/kerby-util-1.0.1.jar:/home/user/.m2/repository/org/apache/kerby/kerb-common/1.0.1/kerb-common-1.0.1.jar:/home/user/.m2/repository/org/apache/kerby/kerb-crypto/1.0.1/kerb-crypto-1.0.1.jar:/home/user/.m2/repository/org/apache/kerby/kerb-util/1.0.1/kerb-util-1.0.1.jar:/home/user/.m2/repository/org/apache/kerby/token-provider/1.0.1/token-provider-1.0.1.jar:/home/user/.m2/repository/org/apache/kerby/kerb-admin/1.0.1/kerb-admin-1.0.1.jar:/home/user/.m2/repository/org/apache/kerby/kerb-server/1.0.1/kerb-server-1.0.1.jar:/home/user/.m2/repository/org/apache/kerby/kerb-identity/1.0.1/kerb-identity-1.0.1.jar:/home/user/.m2/repository/org/apache/kerby/kerby-xdr/1.0.1/kerby-xdr-1.0.1.jar:/home/user/.m2/repository/org/slf4j/slf4j-log4j12/1.7.25/slf4j-log4j12-1.7.25.jar:/home/user/.m2/repository/org/apache/hadoop/hadoop-ozone-s3gateway/0.5.0-SNAPSHOT/hadoop-ozone-s3gateway-0.5.0-SNAPSHOT.jar:/home/user/.m2/repository/org/jboss/weld/servlet/weld-servlet/2.4.7.Final/weld-servlet-2.4.7.Final.jar:/home/user/.m2/repository/org/glassfish/jersey/containers/jersey-container-servlet-core/2.27/jersey-container-servlet-core-2.27.jar:/home/user/.m2/repository/org/glassfish/hk2/external/javax.inject/2.5.0-b42/javax.inject-2.5.0-b42.jar:/home/user/.m2/repository/org/glassfish/jersey/core/jersey-common/2.27/jersey-common-2.27.jar:/home/user/.m2/repository/org/glassfish/hk2/osgi-resource-locator/1.0.1/osgi-resource-locator-1.0.1.jar:/home/user/.m2/repository/javax/ws/rs/javax.ws.rs-api/2.1/javax.ws.rs-api-2.1.jar:/home/user/.m2/repository/org/glassfish/jersey/ext/cdi/jersey-cdi1x/2.27/jersey-cdi1x-2.27.jar:/home/user/.m2/repository/org/glassfish/jersey/inject/jersey-hk2/2.27/jersey-hk2-2.27.jar:/home/user/.m2/repository/org/glassfish/hk2/hk2-locator/2.5.0-b42/hk2-locator-2.5.0-b42.jar:/home/user/.m2/repository/org/javassist/javassist/3.22.0-CR2/javassist-3.22.0-CR2.jar:/home/user/.m2/repository/org/glassfish/hk2/hk2-api/2.5.0/hk2-api-2.5.0.jar:/home/user/.m2/repository/org/glassfish/hk2/external/jakarta.inject/2.5.0/jakarta.inject-2.5.0.jar:/home/user/.m2/repository/org/glassfish/hk2/hk2-utils/2.5.0/hk2-utils-2.5.0.jar:/home/user/.m2/repository/jakarta/annotation/jakarta.annotation-api/1.3.4/jakarta.annotation-api-1.3.4.jar:/home/user/.m2/repository/org/glassfish/hk2/external/aopalliance-repackaged/2.5.0/aopalliance-repackaged-2.5.0.jar:/home/user/.m2/repository/com/fasterxml/jackson/dataformat/jackson-dataformat-xml/2.9.0/jackson-dataformat-xml-2.9.0.jar:/home/user/.m2/repository/com/fasterxml/jackson/core/jackson-core/2.9.9/jackson-core-2.9.9.jar:/home/user/.m2/repository/com/fasterxml/jackson/module/jackson-module-jaxb-annotations/2.9.9/jackson-module-jaxb-annotations-2.9.9.jar:/home/user/.m2/repository/javax/enterprise/cdi-api/1.2/cdi-api-1.2.jar:/home/user/.m2/repository/javax/el/javax.el-api/3.0.0/javax.el-api-3.0.0.jar:/home/user/.m2/repository/javax/interceptor/javax.interceptor-api/1.2/javax.interceptor-api-1.2.jar:/home/user/.m2/repository/javax/inject/javax.inject/1/javax.inject-1.jar:/home/user/.m2/repository/com/sun/xml/bind/jaxb-impl/2.3.0.1/jaxb-impl-2.3.0.1.jar:/home/user/.m2/repository/com/sun/xml/bind/jaxb-core/2.3.0.1/jaxb-core-2.3.0.1.jar:/home/user/.m2/repository/javax/xml/bind/jaxb-api/2.3.0/jaxb-api-2.3.0.jar:/home/user/.m2/repository/javax/activation/activation/1.1.1/activation-1.1.1.jar:/home/user/.m2/repository/org/apache/hadoop/hadoop-ozone-csi/0.5.0-SNAPSHOT/hadoop-ozone-csi-0.5.0-SNAPSHOT.jar:/home/user/.m2/repository/com/google/protobuf/protobuf-java-util/3.5.1/protobuf-java-util-3.5.1.jar:/home/user/.m2/repository/org/apache/hadoop/hadoop-hdds-config/0.5.0-SNAPSHOT/hadoop-hdds-config-0.5.0-SNAPSHOT.jar:/home/user/.m2/repository/io/grpc/grpc-netty/1.17.1/grpc-netty-1.17.1.jar:/home/user/.m2/repository/io/grpc/grpc-core/1.17.1/grpc-core-1.17.1.jar:/home/user/.m2/repository/io/grpc/grpc-context/1.17.1/grpc-context-1.17.1.jar:/home/user/.m2/repository/com/google/errorprone/error_prone_annotations/2.2.0/error_prone_annotations-2.2.0.jar:/home/user/.m2/repository/org/codehaus/mojo/animal-sniffer-annotations/1.17/animal-sniffer-annotations-1.17.jar:/home/user/.m2/repository/io/opencensus/opencensus-api/0.17.0/opencensus-api-0.17.0.jar:/home/user/.m2/repository/io/opencensus/opencensus-contrib-grpc-metrics/0.17.0/opencensus-contrib-grpc-metrics-0.17.0.jar:/home/user/.m2/repository/io/netty/netty-codec-http2/4.1.30.Final/netty-codec-http2-4.1.30.Final.jar:/home/user/.m2/repository/io/netty/netty-codec-http/4.1.30.Final/netty-codec-http-4.1.30.Final.jar:/home/user/.m2/repository/io/netty/netty-codec/4.1.30.Final/netty-codec-4.1.30.Final.jar:/home/user/.m2/repository/io/netty/netty-handler/4.1.30.Final/netty-handler-4.1.30.Final.jar:/home/user/.m2/repository/io/netty/netty-handler-proxy/4.1.30.Final/netty-handler-proxy-4.1.30.Final.jar:/home/user/.m2/repository/io/netty/netty-codec-socks/4.1.30.Final/netty-codec-socks-4.1.30.Final.jar:/home/user/.m2/repository/io/netty/netty-transport-native-epoll/4.1.30.Final/netty-transport-native-epoll-4.1.30.Final.jar:/home/user/.m2/repository/io/netty/netty-common/4.1.30.Final/netty-common-4.1.30.Final.jar:/home/user/.m2/repository/io/netty/netty-buffer/4.1.30.Final/netty-buffer-4.1.30.Final.jar:/home/user/.m2/repository/io/netty/netty-transport/4.1.30.Final/netty-transport-4.1.30.Final.jar:/home/user/.m2/repository/io/netty/netty-resolver/4.1.30.Final/netty-resolver-4.1.30.Final.jar:/home/user/.m2/repository/io/netty/netty-transport-native-unix-common/4.1.30.Final/netty-transport-native-unix-common-4.1.30.Final.jar:/home/user/.m2/repository/io/grpc/grpc-protobuf/1.17.1/grpc-protobuf-1.17.1.jar:/home/user/.m2/repository/com/google/api/grpc/proto-google-common-protos/1.0.0/proto-google-common-protos-1.0.0.jar:/home/user/.m2/repository/io/grpc/grpc-protobuf-lite/1.17.1/grpc-protobuf-lite-1.17.1.jar:/home/user/.m2/repository/io/grpc/grpc-stub/1.17.1/grpc-stub-1.17.1.jar:/home/user/.m2/repository/org/apache/hadoop/hadoop-ozone-recon/0.5.0-SNAPSHOT/hadoop-ozone-recon-0.5.0-SNAPSHOT.jar:/home/user/.m2/repository/org/apache/hadoop/hadoop-ozone-reconcodegen/0.5.0-SNAPSHOT/hadoop-ozone-reconcodegen-0.5.0-SNAPSHOT.jar:/home/user/.m2/repository/com/google/inject/extensions/guice-multibindings/4.0/guice-multibindings-4.0.jar:/home/user/.m2/repository/com/google/inject/guice/4.0/guice-4.0.jar:/home/user/.m2/repository/aopalliance/aopalliance/1.0/aopalliance-1.0.jar:/home/user/.m2/repository/com/google/inject/extensions/guice-servlet/4.0/guice-servlet-4.0.jar:/home/user/.m2/repository/org/glassfish/jersey/containers/jersey-container-servlet/2.27/jersey-container-servlet-2.27.jar:/home/user/.m2/repository/org/glassfish/hk2/guice-bridge/2.5.0/guice-bridge-2.5.0.jar:/home/user/.m2/repository/org/glassfish/jersey/core/jersey-server/2.27/jersey-server-2.27.jar:/home/user/.m2/repository/org/glassfish/jersey/core/jersey-client/2.27/jersey-client-2.27.jar:/home/user/.m2/repository/org/glassfish/jersey/media/jersey-media-jaxb/2.27/jersey-media-jaxb-2.27.jar:/home/user/.m2/repository/javax/validation/validation-api/1.1.0.Final/validation-api-1.1.0.Final.jar:/home/user/.m2/repository/org/glassfish/jersey/media/jersey-media-json-jackson/2.27/jersey-media-json-jackson-2.27.jar:/home/user/.m2/repository/org/glassfish/jersey/ext/jersey-entity-filtering/2.27/jersey-entity-filtering-2.27.jar:/home/user/.m2/repository/com/google/inject/extensions/guice-assistedinject/4.0/guice-assistedinject-4.0.jar:/home/user/.m2/repository/org/jooq/jooq/3.11.10/jooq-3.11.10.jar:/home/user/.m2/repository/org/jooq/jooq-meta/3.11.10/jooq-meta-3.11.10.jar:/home/user/.m2/repository/org/jooq/jooq-codegen/3.11.10/jooq-codegen-3.11.10.jar:/home/user/.m2/repository/com/jolbox/bonecp/0.8.0.RELEASE/bonecp-0.8.0.RELEASE.jar:/home/user/.m2/repository/org/xerial/sqlite-jdbc/3.25.2/sqlite-jdbc-3.25.2.jar:/home/user/.m2/repository/org/springframework/spring-jdbc/5.1.3.RELEASE/spring-jdbc-5.1.3.RELEASE.jar:/home/user/.m2/repository/org/springframework/spring-beans/5.1.3.RELEASE/spring-beans-5.1.3.RELEASE.jar:/home/user/.m2/repository/org/springframework/spring-core/5.1.3.RELEASE/spring-core-5.1.3.RELEASE.jar:/home/user/.m2/repository/org/springframework/spring-jcl/5.1.3.RELEASE/spring-jcl-5.1.3.RELEASE.jar:/home/user/.m2/repository/org/springframework/spring-tx/5.1.3.RELEASE/spring-tx-5.1.3.RELEASE.jar:/home/user/.m2/repository/org/apache/hadoop/hadoop-ozone-client/0.5.0-SNAPSHOT/hadoop-ozone-client-0.5.0-SNAPSHOT.jar:/home/user/.m2/repository/commons-lang/commons-lang/2.6/commons-lang-2.6.jar:/home/user/.m2/repository/org/apache/hadoop/hadoop-ozone-ozone-manager/0.5.0-SNAPSHOT/hadoop-ozone-ozone-manager-0.5.0-SNAPSHOT-tests.jar:/home/user/.m2/repository/junit/junit/4.11/junit-4.11.jar:/home/user/.m2/repository/org/hamcrest/hamcrest-core/1.3/hamcrest-core-1.3.jar:/home/user/.m2/repository/org/openjdk/jmh/jmh-core/1.19/jmh-core-1.19.jar:/home/user/.m2/repository/net/sf/jopt-simple/jopt-simple/4.6/jopt-simple-4.6.jar:/home/user/.m2/repository/org/apache/commons/commons-math3/3.1.1/commons-math3-3.1.1.jar:/home/user/.m2/repository/org/openjdk/jmh/jmh-generator-annprocess/1.19/jmh-generator-annprocess-1.19.jar:/home/user/.m2/repository/org/mockito/mockito-all/1.8.5/mockito-all-1.8.5.jar:/home/user/.m2/repository/org/apache/hadoop/hadoop-kms/3.2.0/hadoop-kms-3.2.0.jar:/home/user/.m2/repository/org/apache/hadoop/hadoop-auth/3.2.0/hadoop-auth-3.2.0.jar:/home/user/.m2/repository/com/nimbusds/nimbus-jose-jwt/4.41.1/nimbus-jose-jwt-4.41.1.jar:/home/user/.m2/repository/com/github/stephenc/jcip/jcip-annotations/1.0-1/jcip-annotations-1.0-1.jar:/home/user/.m2/repository/net/minidev/json-smart/2.3/json-smart-2.3.jar:/home/user/.m2/repository/net/minidev/accessors-smart/1.2/accessors-smart-1.2.jar:/home/user/.m2/repository/org/ow2/asm/asm/5.0.4/asm-5.0.4.jar:/home/user/.m2/repository/org/apache/curator/curator-framework/2.12.0/curator-framework-2.12.0.jar:/home/user/.m2/repository/com/sun/jersey/jersey-core/1.19/jersey-core-1.19.jar:/home/user/.m2/repository/javax/ws/rs/jsr311-api/1.1.1/jsr311-api-1.1.1.jar:/home/user/.m2/repository/com/sun/jersey/jersey-server/1.19/jersey-server-1.19.jar:/home/user/.m2/repository/javax/servlet/javax.servlet-api/3.1.0/javax.servlet-api-3.1.0.jar:/home/user/.m2/repository/org/eclipse/jetty/jetty-server/9.3.25.v20180904/jetty-server-9.3.25.v20180904.jar:/home/user/.m2/repository/org/eclipse/jetty/jetty-http/9.3.25.v20180904/jetty-http-9.3.25.v20180904.jar:/home/user/.m2/repository/org/eclipse/jetty/jetty-io/9.3.25.v20180904/jetty-io-9.3.25.v20180904.jar:/home/user/.m2/repository/org/eclipse/jetty/jetty-webapp/9.3.25.v20180904/jetty-webapp-9.3.25.v20180904.jar:/home/user/.m2/repository/org/eclipse/jetty/jetty-xml/9.3.25.v20180904/jetty-xml-9.3.25.v20180904.jar:/home/user/.m2/repository/log4j/log4j/1.2.17/log4j-1.2.17.jar:/home/user/.m2/repository/org/slf4j/slf4j-api/1.7.25/slf4j-api-1.7.25.jar:/home/user/.m2/repository/org/slf4j/jul-to-slf4j/1.7.25/jul-to-slf4j-1.7.25.jar:/home/user/.m2/repository/org/eclipse/jetty/jetty-util/9.3.25.v20180904/jetty-util-9.3.25.v20180904.jar:/home/user/.m2/repository/com/fasterxml/jackson/core/jackson-databind/2.9.9/jackson-databind-2.9.9.jar:/home/user/.m2/repository/org/apache/hadoop/hadoop-kms/3.2.0/hadoop-kms-3.2.0-tests.jar:/home/user/.m2/repository/org/apache/hadoop/hadoop-hdds-server-scm/0.5.0-SNAPSHOT/hadoop-hdds-server-scm-0.5.0-SNAPSHOT-tests.jar:/home/user/.m2/repository/org/apache/hadoop/hadoop-hdds-container-service/0.5.0-SNAPSHOT/hadoop-hdds-container-service-0.5.0-SNAPSHOT-tests.jar:/home/user/.m2/repository/org/yaml/snakeyaml/1.16/snakeyaml-1.16.jar:/home/user/.m2/repository/org/apache/hadoop/hadoop-common/3.2.0/hadoop-common-3.2.0-tests.jar:/home/user/.m2/repository/org/apache/hadoop/hadoop-annotations/3.2.0/hadoop-annotations-3.2.0.jar:/usr/lib/jvm/java-1.8-openjdk/jre/../lib/tools.jar:/home/user/.m2/repository/commons-cli/commons-cli/1.2/commons-cli-1.2.jar:/home/user/.m2/repository/org/apache/httpcomponents/httpclient/4.5.2/httpclient-4.5.2.jar:/home/user/.m2/repository/org/apache/httpcomponents/httpcore/4.4.4/httpcore-4.4.4.jar:/home/user/.m2/repository/commons-codec/commons-codec/1.11/commons-codec-1.11.jar:/home/user/.m2/repository/commons-net/commons-net/3.6/commons-net-3.6.jar:/home/user/.m2/repository/commons-collections/commons-collections/3.2.2/commons-collections-3.2.2.jar:/home/user/.m2/repository/org/eclipse/jetty/jetty-servlet/9.3.25.v20180904/jetty-servlet-9.3.25.v20180904.jar:/home/user/.m2/repository/org/eclipse/jetty/jetty-security/9.3.25.v20180904/jetty-security-9.3.25.v20180904.jar:/home/user/.m2/repository/javax/servlet/jsp/jsp-api/2.1/jsp-api-2.1.jar:/home/user/.m2/repository/com/sun/jersey/jersey-servlet/1.19/jersey-servlet-1.19.jar:/home/user/.m2/repository/com/sun/jersey/jersey-json/1.19/jersey-json-1.19.jar:/home/user/.m2/repository/org/codehaus/jettison/jettison/1.1/jettison-1.1.jar:/home/user/.m2/repository/org/codehaus/jackson/jackson-core-asl/1.9.13/jackson-core-asl-1.9.13.jar:/home/user/.m2/repository/org/codehaus/jackson/jackson-mapper-asl/1.9.13/jackson-mapper-asl-1.9.13.jar:/home/user/.m2/repository/org/codehaus/jackson/jackson-jaxrs/1.9.13/jackson-jaxrs-1.9.13.jar:/home/user/.m2/repository/org/codehaus/jackson/jackson-xc/1.9.13/jackson-xc-1.9.13.jar:/home/user/.m2/repository/commons-logging/commons-logging/1.1.3/commons-logging-1.1.3.jar:/home/user/.m2/repository/commons-beanutils/commons-beanutils/1.9.4/commons-beanutils-1.9.4.jar:/home/user/.m2/repository/org/apache/commons/commons-configuration2/2.1.1/commons-configuration2-2.1.1.jar:/home/user/.m2/repository/org/apache/commons/commons-lang3/3.7/commons-lang3-3.7.jar:/home/user/.m2/repository/org/apache/commons/commons-text/1.4/commons-text-1.4.jar:/home/user/.m2/repository/org/apache/avro/avro/1.7.7/avro-1.7.7.jar:/home/user/.m2/repository/com/thoughtworks/paranamer/paranamer/2.3/paranamer-2.3.jar:/home/user/.m2/repository/org/xerial/snappy/snappy-java/1.0.5/snappy-java-1.0.5.jar:/home/user/.m2/repository/com/google/re2j/re2j/1.1/re2j-1.1.jar:/home/user/.m2/repository/com/google/code/gson/gson/2.2.4/gson-2.2.4.jar:/home/user/.m2/repository/com/jcraft/jsch/0.1.54/jsch-0.1.54.jar:/home/user/.m2/repository/org/apache/curator/curator-client/2.12.0/curator-client-2.12.0.jar:/home/user/.m2/repository/org/apache/curator/curator-recipes/2.12.0/curator-recipes-2.12.0.jar:/home/user/.m2/repository/com/google/code/findbugs/jsr305/3.0.0/jsr305-3.0.0.jar:/home/user/.m2/repository/org/apache/htrace/htrace-core4/4.1.0-incubating/htrace-core4-4.1.0-incubating.jar:/home/user/.m2/repository/org/apache/zookeeper/zookeeper/3.4.13/zookeeper-3.4.13.jar:/home/user/.m2/repository/jline/jline/0.9.94/jline-0.9.94.jar:/home/user/.m2/repository/org/apache/yetus/audience-annotations/0.5.0/audience-annotations-0.5.0.jar:/home/user/.m2/repository/org/codehaus/woodstox/stax2-api/3.1.4/stax2-api-3.1.4.jar:/home/user/.m2/repository/com/fasterxml/woodstox/woodstox-core/5.0.3/woodstox-core-5.0.3.jar:/home/user/.m2/repository/dnsjava/dnsjava/2.1.7/dnsjava-2.1.7.jar:/home/user/.m2/repository/org/apache/hadoop/hadoop-hdfs/3.2.0/hadoop-hdfs-3.2.0-tests.jar:/home/user/.m2/repository/org/eclipse/jetty/jetty-util-ajax/9.3.25.v20180904/jetty-util-ajax-9.3.25.v20180904.jar:/home/user/.m2/repository/commons-daemon/commons-daemon/1.0.13/commons-daemon-1.0.13.jar:/home/user/.m2/repository/io/netty/netty/3.10.5.Final/netty-3.10.5.Final.jar:/home/user/.m2/repository/io/netty/netty-all/4.0.52.Final/netty-all-4.0.52.Final.jar:/home/user/.m2/repository/org/fusesource/leveldbjni/leveldbjni-all/1.8/leveldbjni-all-1.8.jar:"/>
    <property name="java.vm.vendor" value="IcedTea"/>
    <property name="sun.arch.data.model" value="64"/>
    <property name="test.build.dir" value="/workdir/hadoop-ozone/integration-test/target/test-dir"/>
    <property name="test.cache.data" value=""/>
    <property name="java.vendor.url" value="https://icedtea.classpath.org"/>
    <property name="user.timezone" value=""/>
    <property name="java.vm.specification.version" value="1.8"/>
    <property name="os.name" value="Linux"/>
    <property name="test.build.data" value="/workdir/hadoop-ozone/integration-test/target/test-dir"/>
    <property name="user.country" value="US"/>
    <property name="sun.java.launcher" value="SUN_STANDARD"/>
    <property name="sun.boot.library.path" value="/usr/lib/jvm/java-1.8-openjdk/jre/lib/amd64"/>
    <property name="sun.java.command" value="/workdir/hadoop-ozone/integration-test/target/surefire/surefirebooter8377122023068808796.jar /workdir/hadoop-ozone/integration-test/target/surefire 2019-10-14T09-48-52_118-jvmRun1 surefire3916918805186791912tmp surefire_204080314244906121824tmp"/>
    <property name="test" value="!TestMiniChaosOzoneCluster"/>
    <property name="surefire.test.class.path" value="/workdir/hadoop-ozone/integration-test/target/test-classes:/workdir/hadoop-ozone/integration-test/target/classes:/home/user/.m2/repository/org/apache/hadoop/hadoop-ozone-common/0.5.0-SNAPSHOT/hadoop-ozone-common-0.5.0-SNAPSHOT.jar:/home/user/.m2/repository/org/apache/commons/commons-compress/1.4.1/commons-compress-1.4.1.jar:/home/user/.m2/repository/org/tukaani/xz/1.0/xz-1.0.jar:/home/user/.m2/repository/org/apache/hadoop/hadoop-common/3.2.0/hadoop-common-3.2.0.jar:/home/user/.m2/repository/org/apache/hadoop/hadoop-hdfs/3.2.0/hadoop-hdfs-3.2.0.jar:/home/user/.m2/repository/org/apache/hadoop/hadoop-hdfs-client/3.2.0/hadoop-hdfs-client-3.2.0.jar:/home/user/.m2/repository/com/fasterxml/jackson/core/jackson-annotations/2.9.9/jackson-annotations-2.9.9.jar:/home/user/.m2/repository/org/apache/hadoop/hadoop-hdds-common/0.5.0-SNAPSHOT/hadoop-hdds-common-0.5.0-SNAPSHOT.jar:/home/user/.m2/repository/javax/annotation/javax.annotation-api/1.2/javax.annotation-api-1.2.jar:/home/user/.m2/repository/org/apache/ratis/ratis-server/0.5.0-201fc85-SNAPSHOT/ratis-server-0.5.0-201fc85-SNAPSHOT.jar:/home/user/.m2/repository/org/apache/ratis/ratis-thirdparty-misc/0.2.0/ratis-thirdparty-misc-0.2.0.jar:/home/user/.m2/repository/org/apache/ratis/ratis-proto/0.5.0-201fc85-SNAPSHOT/ratis-proto-0.5.0-201fc85-SNAPSHOT.jar:/home/user/.m2/repository/org/apache/ratis/ratis-common/0.5.0-201fc85-SNAPSHOT/ratis-common-0.5.0-201fc85-SNAPSHOT.jar:/home/user/.m2/repository/org/apache/ratis/ratis-client/0.5.0-201fc85-SNAPSHOT/ratis-client-0.5.0-201fc85-SNAPSHOT.jar:/home/user/.m2/repository/org/apache/ratis/ratis-metrics/0.5.0-201fc85-SNAPSHOT/ratis-metrics-0.5.0-201fc85-SNAPSHOT.jar:/home/user/.m2/repository/com/github/joshelser/dropwizard-metrics-hadoop-metrics2-reporter/0.1.2/dropwizard-metrics-hadoop-metrics2-reporter-0.1.2.jar:/home/user/.m2/repository/io/dropwizard/metrics/metrics-jvm/3.2.5/metrics-jvm-3.2.5.jar:/home/user/.m2/repository/io/dropwizard/metrics/metrics-ganglia/3.2.5/metrics-ganglia-3.2.5.jar:/home/user/.m2/repository/info/ganglia/gmetric4j/gmetric4j/1.0.7/gmetric4j-1.0.7.jar:/home/user/.m2/repository/org/apache/ratis/ratis-netty/0.5.0-201fc85-SNAPSHOT/ratis-netty-0.5.0-201fc85-SNAPSHOT.jar:/home/user/.m2/repository/org/apache/ratis/ratis-grpc/0.5.0-201fc85-SNAPSHOT/ratis-grpc-0.5.0-201fc85-SNAPSHOT.jar:/home/user/.m2/repository/org/rocksdb/rocksdbjni/6.0.1/rocksdbjni-6.0.1.jar:/home/user/.m2/repository/org/apache/logging/log4j/log4j-api/2.11.0/log4j-api-2.11.0.jar:/home/user/.m2/repository/org/apache/logging/log4j/log4j-core/2.11.0/log4j-core-2.11.0.jar:/home/user/.m2/repository/com/lmax/disruptor/3.4.2/disruptor-3.4.2.jar:/home/user/.m2/repository/org/apache/commons/commons-pool2/2.6.0/commons-pool2-2.6.0.jar:/home/user/.m2/repository/org/bouncycastle/bcpkix-jdk15on/1.60/bcpkix-jdk15on-1.60.jar:/home/user/.m2/repository/commons-validator/commons-validator/1.6/commons-validator-1.6.jar:/home/user/.m2/repository/commons-digester/commons-digester/1.8.1/commons-digester-1.8.1.jar:/home/user/.m2/repository/io/jaegertracing/jaeger-client/0.34.0/jaeger-client-0.34.0.jar:/home/user/.m2/repository/io/jaegertracing/jaeger-thrift/0.34.0/jaeger-thrift-0.34.0.jar:/home/user/.m2/repository/org/apache/thrift/libthrift/0.12.0/libthrift-0.12.0.jar:/home/user/.m2/repository/com/squareup/okhttp3/okhttp/3.9.0/okhttp-3.9.0.jar:/home/user/.m2/repository/com/squareup/okio/okio/1.13.0/okio-1.13.0.jar:/home/user/.m2/repository/io/jaegertracing/jaeger-core/0.34.0/jaeger-core-0.34.0.jar:/home/user/.m2/repository/io/jaegertracing/jaeger-tracerresolver/0.34.0/jaeger-tracerresolver-0.34.0.jar:/home/user/.m2/repository/io/opentracing/contrib/opentracing-tracerresolver/0.1.5/opentracing-tracerresolver-0.1.5.jar:/home/user/.m2/repository/io/opentracing/opentracing-util/0.31.0/opentracing-util-0.31.0.jar:/home/user/.m2/repository/io/opentracing/opentracing-api/0.31.0/opentracing-api-0.31.0.jar:/home/user/.m2/repository/io/opentracing/opentracing-noop/0.31.0/opentracing-noop-0.31.0.jar:/home/user/.m2/repository/org/apache/hadoop/hadoop-hdds-server-framework/0.5.0-SNAPSHOT/hadoop-hdds-server-framework-0.5.0-SNAPSHOT.jar:/home/user/.m2/repository/org/apache/hadoop/hadoop-hdds-container-service/0.5.0-SNAPSHOT/hadoop-hdds-container-service-0.5.0-SNAPSHOT.jar:/home/user/.m2/repository/org/apache/hadoop/hadoop-hdds-client/0.5.0-SNAPSHOT/hadoop-hdds-client-0.5.0-SNAPSHOT.jar:/home/user/.m2/repository/org/apache/hadoop/hadoop-hdds-tools/0.5.0-SNAPSHOT/hadoop-hdds-tools-0.5.0-SNAPSHOT.jar:/home/user/.m2/repository/org/apache/hadoop/hadoop-hdds-server-scm/0.5.0-SNAPSHOT/hadoop-hdds-server-scm-0.5.0-SNAPSHOT.jar:/home/user/.m2/repository/org/apache/hadoop/hadoop-hdds-docs/0.5.0-SNAPSHOT/hadoop-hdds-docs-0.5.0-SNAPSHOT.jar:/home/user/.m2/repository/io/dropwizard/metrics/metrics-core/3.2.4/metrics-core-3.2.4.jar:/home/user/.m2/repository/org/hamcrest/hamcrest-all/1.3/hamcrest-all-1.3.jar:/home/user/.m2/repository/org/bouncycastle/bcprov-jdk15on/1.60/bcprov-jdk15on-1.60.jar:/home/user/.m2/repository/info/picocli/picocli/3.9.6/picocli-3.9.6.jar:/home/user/.m2/repository/com/google/protobuf/protobuf-java/2.5.0/protobuf-java-2.5.0.jar:/home/user/.m2/repository/com/google/guava/guava/11.0.2/guava-11.0.2.jar:/home/user/.m2/repository/org/apache/hadoop/hadoop-ozone-ozone-manager/0.5.0-SNAPSHOT/hadoop-ozone-ozone-manager-0.5.0-SNAPSHOT.jar:/home/user/.m2/repository/org/apache/hadoop/hadoop-minikdc/3.2.0/hadoop-minikdc-3.2.0.jar:/home/user/.m2/repository/commons-io/commons-io/2.5/commons-io-2.5.jar:/home/user/.m2/repository/org/apache/kerby/kerb-simplekdc/1.0.1/kerb-simplekdc-1.0.1.jar:/home/user/.m2/repository/org/apache/kerby/kerb-client/1.0.1/kerb-client-1.0.1.jar:/home/user/.m2/repository/org/apache/kerby/kerby-config/1.0.1/kerby-config-1.0.1.jar:/home/user/.m2/repository/org/apache/kerby/kerb-core/1.0.1/kerb-core-1.0.1.jar:/home/user/.m2/repository/org/apache/kerby/kerby-pkix/1.0.1/kerby-pkix-1.0.1.jar:/home/user/.m2/repository/org/apache/kerby/kerby-asn1/1.0.1/kerby-asn1-1.0.1.jar:/home/user/.m2/repository/org/apache/kerby/kerby-util/1.0.1/kerby-util-1.0.1.jar:/home/user/.m2/repository/org/apache/kerby/kerb-common/1.0.1/kerb-common-1.0.1.jar:/home/user/.m2/repository/org/apache/kerby/kerb-crypto/1.0.1/kerb-crypto-1.0.1.jar:/home/user/.m2/repository/org/apache/kerby/kerb-util/1.0.1/kerb-util-1.0.1.jar:/home/user/.m2/repository/org/apache/kerby/token-provider/1.0.1/token-provider-1.0.1.jar:/home/user/.m2/repository/org/apache/kerby/kerb-admin/1.0.1/kerb-admin-1.0.1.jar:/home/user/.m2/repository/org/apache/kerby/kerb-server/1.0.1/kerb-server-1.0.1.jar:/home/user/.m2/repository/org/apache/kerby/kerb-identity/1.0.1/kerb-identity-1.0.1.jar:/home/user/.m2/repository/org/apache/kerby/kerby-xdr/1.0.1/kerby-xdr-1.0.1.jar:/home/user/.m2/repository/org/slf4j/slf4j-log4j12/1.7.25/slf4j-log4j12-1.7.25.jar:/home/user/.m2/repository/org/apache/hadoop/hadoop-ozone-s3gateway/0.5.0-SNAPSHOT/hadoop-ozone-s3gateway-0.5.0-SNAPSHOT.jar:/home/user/.m2/repository/org/jboss/weld/servlet/weld-servlet/2.4.7.Final/weld-servlet-2.4.7.Final.jar:/home/user/.m2/repository/org/glassfish/jersey/containers/jersey-container-servlet-core/2.27/jersey-container-servlet-core-2.27.jar:/home/user/.m2/repository/org/glassfish/hk2/external/javax.inject/2.5.0-b42/javax.inject-2.5.0-b42.jar:/home/user/.m2/repository/org/glassfish/jersey/core/jersey-common/2.27/jersey-common-2.27.jar:/home/user/.m2/repository/org/glassfish/hk2/osgi-resource-locator/1.0.1/osgi-resource-locator-1.0.1.jar:/home/user/.m2/repository/javax/ws/rs/javax.ws.rs-api/2.1/javax.ws.rs-api-2.1.jar:/home/user/.m2/repository/org/glassfish/jersey/ext/cdi/jersey-cdi1x/2.27/jersey-cdi1x-2.27.jar:/home/user/.m2/repository/org/glassfish/jersey/inject/jersey-hk2/2.27/jersey-hk2-2.27.jar:/home/user/.m2/repository/org/glassfish/hk2/hk2-locator/2.5.0-b42/hk2-locator-2.5.0-b42.jar:/home/user/.m2/repository/org/javassist/javassist/3.22.0-CR2/javassist-3.22.0-CR2.jar:/home/user/.m2/repository/org/glassfish/hk2/hk2-api/2.5.0/hk2-api-2.5.0.jar:/home/user/.m2/repository/org/glassfish/hk2/external/jakarta.inject/2.5.0/jakarta.inject-2.5.0.jar:/home/user/.m2/repository/org/glassfish/hk2/hk2-utils/2.5.0/hk2-utils-2.5.0.jar:/home/user/.m2/repository/jakarta/annotation/jakarta.annotation-api/1.3.4/jakarta.annotation-api-1.3.4.jar:/home/user/.m2/repository/org/glassfish/hk2/external/aopalliance-repackaged/2.5.0/aopalliance-repackaged-2.5.0.jar:/home/user/.m2/repository/com/fasterxml/jackson/dataformat/jackson-dataformat-xml/2.9.0/jackson-dataformat-xml-2.9.0.jar:/home/user/.m2/repository/com/fasterxml/jackson/core/jackson-core/2.9.9/jackson-core-2.9.9.jar:/home/user/.m2/repository/com/fasterxml/jackson/module/jackson-module-jaxb-annotations/2.9.9/jackson-module-jaxb-annotations-2.9.9.jar:/home/user/.m2/repository/javax/enterprise/cdi-api/1.2/cdi-api-1.2.jar:/home/user/.m2/repository/javax/el/javax.el-api/3.0.0/javax.el-api-3.0.0.jar:/home/user/.m2/repository/javax/interceptor/javax.interceptor-api/1.2/javax.interceptor-api-1.2.jar:/home/user/.m2/repository/javax/inject/javax.inject/1/javax.inject-1.jar:/home/user/.m2/repository/com/sun/xml/bind/jaxb-impl/2.3.0.1/jaxb-impl-2.3.0.1.jar:/home/user/.m2/repository/com/sun/xml/bind/jaxb-core/2.3.0.1/jaxb-core-2.3.0.1.jar:/home/user/.m2/repository/javax/xml/bind/jaxb-api/2.3.0/jaxb-api-2.3.0.jar:/home/user/.m2/repository/javax/activation/activation/1.1.1/activation-1.1.1.jar:/home/user/.m2/repository/org/apache/hadoop/hadoop-ozone-csi/0.5.0-SNAPSHOT/hadoop-ozone-csi-0.5.0-SNAPSHOT.jar:/home/user/.m2/repository/com/google/protobuf/protobuf-java-util/3.5.1/protobuf-java-util-3.5.1.jar:/home/user/.m2/repository/org/apache/hadoop/hadoop-hdds-config/0.5.0-SNAPSHOT/hadoop-hdds-config-0.5.0-SNAPSHOT.jar:/home/user/.m2/repository/io/grpc/grpc-netty/1.17.1/grpc-netty-1.17.1.jar:/home/user/.m2/repository/io/grpc/grpc-core/1.17.1/grpc-core-1.17.1.jar:/home/user/.m2/repository/io/grpc/grpc-context/1.17.1/grpc-context-1.17.1.jar:/home/user/.m2/repository/com/google/errorprone/error_prone_annotations/2.2.0/error_prone_annotations-2.2.0.jar:/home/user/.m2/repository/org/codehaus/mojo/animal-sniffer-annotations/1.17/animal-sniffer-annotations-1.17.jar:/home/user/.m2/repository/io/opencensus/opencensus-api/0.17.0/opencensus-api-0.17.0.jar:/home/user/.m2/repository/io/opencensus/opencensus-contrib-grpc-metrics/0.17.0/opencensus-contrib-grpc-metrics-0.17.0.jar:/home/user/.m2/repository/io/netty/netty-codec-http2/4.1.30.Final/netty-codec-http2-4.1.30.Final.jar:/home/user/.m2/repository/io/netty/netty-codec-http/4.1.30.Final/netty-codec-http-4.1.30.Final.jar:/home/user/.m2/repository/io/netty/netty-codec/4.1.30.Final/netty-codec-4.1.30.Final.jar:/home/user/.m2/repository/io/netty/netty-handler/4.1.30.Final/netty-handler-4.1.30.Final.jar:/home/user/.m2/repository/io/netty/netty-handler-proxy/4.1.30.Final/netty-handler-proxy-4.1.30.Final.jar:/home/user/.m2/repository/io/netty/netty-codec-socks/4.1.30.Final/netty-codec-socks-4.1.30.Final.jar:/home/user/.m2/repository/io/netty/netty-transport-native-epoll/4.1.30.Final/netty-transport-native-epoll-4.1.30.Final.jar:/home/user/.m2/repository/io/netty/netty-common/4.1.30.Final/netty-common-4.1.30.Final.jar:/home/user/.m2/repository/io/netty/netty-buffer/4.1.30.Final/netty-buffer-4.1.30.Final.jar:/home/user/.m2/repository/io/netty/netty-transport/4.1.30.Final/netty-transport-4.1.30.Final.jar:/home/user/.m2/repository/io/netty/netty-resolver/4.1.30.Final/netty-resolver-4.1.30.Final.jar:/home/user/.m2/repository/io/netty/netty-transport-native-unix-common/4.1.30.Final/netty-transport-native-unix-common-4.1.30.Final.jar:/home/user/.m2/repository/io/grpc/grpc-protobuf/1.17.1/grpc-protobuf-1.17.1.jar:/home/user/.m2/repository/com/google/api/grpc/proto-google-common-protos/1.0.0/proto-google-common-protos-1.0.0.jar:/home/user/.m2/repository/io/grpc/grpc-protobuf-lite/1.17.1/grpc-protobuf-lite-1.17.1.jar:/home/user/.m2/repository/io/grpc/grpc-stub/1.17.1/grpc-stub-1.17.1.jar:/home/user/.m2/repository/org/apache/hadoop/hadoop-ozone-recon/0.5.0-SNAPSHOT/hadoop-ozone-recon-0.5.0-SNAPSHOT.jar:/home/user/.m2/repository/org/apache/hadoop/hadoop-ozone-reconcodegen/0.5.0-SNAPSHOT/hadoop-ozone-reconcodegen-0.5.0-SNAPSHOT.jar:/home/user/.m2/repository/com/google/inject/extensions/guice-multibindings/4.0/guice-multibindings-4.0.jar:/home/user/.m2/repository/com/google/inject/guice/4.0/guice-4.0.jar:/home/user/.m2/repository/aopalliance/aopalliance/1.0/aopalliance-1.0.jar:/home/user/.m2/repository/com/google/inject/extensions/guice-servlet/4.0/guice-servlet-4.0.jar:/home/user/.m2/repository/org/glassfish/jersey/containers/jersey-container-servlet/2.27/jersey-container-servlet-2.27.jar:/home/user/.m2/repository/org/glassfish/hk2/guice-bridge/2.5.0/guice-bridge-2.5.0.jar:/home/user/.m2/repository/org/glassfish/jersey/core/jersey-server/2.27/jersey-server-2.27.jar:/home/user/.m2/repository/org/glassfish/jersey/core/jersey-client/2.27/jersey-client-2.27.jar:/home/user/.m2/repository/org/glassfish/jersey/media/jersey-media-jaxb/2.27/jersey-media-jaxb-2.27.jar:/home/user/.m2/repository/javax/validation/validation-api/1.1.0.Final/validation-api-1.1.0.Final.jar:/home/user/.m2/repository/org/glassfish/jersey/media/jersey-media-json-jackson/2.27/jersey-media-json-jackson-2.27.jar:/home/user/.m2/repository/org/glassfish/jersey/ext/jersey-entity-filtering/2.27/jersey-entity-filtering-2.27.jar:/home/user/.m2/repository/com/google/inject/extensions/guice-assistedinject/4.0/guice-assistedinject-4.0.jar:/home/user/.m2/repository/org/jooq/jooq/3.11.10/jooq-3.11.10.jar:/home/user/.m2/repository/org/jooq/jooq-meta/3.11.10/jooq-meta-3.11.10.jar:/home/user/.m2/repository/org/jooq/jooq-codegen/3.11.10/jooq-codegen-3.11.10.jar:/home/user/.m2/repository/com/jolbox/bonecp/0.8.0.RELEASE/bonecp-0.8.0.RELEASE.jar:/home/user/.m2/repository/org/xerial/sqlite-jdbc/3.25.2/sqlite-jdbc-3.25.2.jar:/home/user/.m2/repository/org/springframework/spring-jdbc/5.1.3.RELEASE/spring-jdbc-5.1.3.RELEASE.jar:/home/user/.m2/repository/org/springframework/spring-beans/5.1.3.RELEASE/spring-beans-5.1.3.RELEASE.jar:/home/user/.m2/repository/org/springframework/spring-core/5.1.3.RELEASE/spring-core-5.1.3.RELEASE.jar:/home/user/.m2/repository/org/springframework/spring-jcl/5.1.3.RELEASE/spring-jcl-5.1.3.RELEASE.jar:/home/user/.m2/repository/org/springframework/spring-tx/5.1.3.RELEASE/spring-tx-5.1.3.RELEASE.jar:/home/user/.m2/repository/org/apache/hadoop/hadoop-ozone-client/0.5.0-SNAPSHOT/hadoop-ozone-client-0.5.0-SNAPSHOT.jar:/home/user/.m2/repository/commons-lang/commons-lang/2.6/commons-lang-2.6.jar:/home/user/.m2/repository/org/apache/hadoop/hadoop-ozone-ozone-manager/0.5.0-SNAPSHOT/hadoop-ozone-ozone-manager-0.5.0-SNAPSHOT-tests.jar:/home/user/.m2/repository/junit/junit/4.11/junit-4.11.jar:/home/user/.m2/repository/org/hamcrest/hamcrest-core/1.3/hamcrest-core-1.3.jar:/home/user/.m2/repository/org/openjdk/jmh/jmh-core/1.19/jmh-core-1.19.jar:/home/user/.m2/repository/net/sf/jopt-simple/jopt-simple/4.6/jopt-simple-4.6.jar:/home/user/.m2/repository/org/apache/commons/commons-math3/3.1.1/commons-math3-3.1.1.jar:/home/user/.m2/repository/org/openjdk/jmh/jmh-generator-annprocess/1.19/jmh-generator-annprocess-1.19.jar:/home/user/.m2/repository/org/mockito/mockito-all/1.8.5/mockito-all-1.8.5.jar:/home/user/.m2/repository/org/apache/hadoop/hadoop-kms/3.2.0/hadoop-kms-3.2.0.jar:/home/user/.m2/repository/org/apache/hadoop/hadoop-auth/3.2.0/hadoop-auth-3.2.0.jar:/home/user/.m2/repository/com/nimbusds/nimbus-jose-jwt/4.41.1/nimbus-jose-jwt-4.41.1.jar:/home/user/.m2/repository/com/github/stephenc/jcip/jcip-annotations/1.0-1/jcip-annotations-1.0-1.jar:/home/user/.m2/repository/net/minidev/json-smart/2.3/json-smart-2.3.jar:/home/user/.m2/repository/net/minidev/accessors-smart/1.2/accessors-smart-1.2.jar:/home/user/.m2/repository/org/ow2/asm/asm/5.0.4/asm-5.0.4.jar:/home/user/.m2/repository/org/apache/curator/curator-framework/2.12.0/curator-framework-2.12.0.jar:/home/user/.m2/repository/com/sun/jersey/jersey-core/1.19/jersey-core-1.19.jar:/home/user/.m2/repository/javax/ws/rs/jsr311-api/1.1.1/jsr311-api-1.1.1.jar:/home/user/.m2/repository/com/sun/jersey/jersey-server/1.19/jersey-server-1.19.jar:/home/user/.m2/repository/javax/servlet/javax.servlet-api/3.1.0/javax.servlet-api-3.1.0.jar:/home/user/.m2/repository/org/eclipse/jetty/jetty-server/9.3.25.v20180904/jetty-server-9.3.25.v20180904.jar:/home/user/.m2/repository/org/eclipse/jetty/jetty-http/9.3.25.v20180904/jetty-http-9.3.25.v20180904.jar:/home/user/.m2/repository/org/eclipse/jetty/jetty-io/9.3.25.v20180904/jetty-io-9.3.25.v20180904.jar:/home/user/.m2/repository/org/eclipse/jetty/jetty-webapp/9.3.25.v20180904/jetty-webapp-9.3.25.v20180904.jar:/home/user/.m2/repository/org/eclipse/jetty/jetty-xml/9.3.25.v20180904/jetty-xml-9.3.25.v20180904.jar:/home/user/.m2/repository/log4j/log4j/1.2.17/log4j-1.2.17.jar:/home/user/.m2/repository/org/slf4j/slf4j-api/1.7.25/slf4j-api-1.7.25.jar:/home/user/.m2/repository/org/slf4j/jul-to-slf4j/1.7.25/jul-to-slf4j-1.7.25.jar:/home/user/.m2/repository/org/eclipse/jetty/jetty-util/9.3.25.v20180904/jetty-util-9.3.25.v20180904.jar:/home/user/.m2/repository/com/fasterxml/jackson/core/jackson-databind/2.9.9/jackson-databind-2.9.9.jar:/home/user/.m2/repository/org/apache/hadoop/hadoop-kms/3.2.0/hadoop-kms-3.2.0-tests.jar:/home/user/.m2/repository/org/apache/hadoop/hadoop-hdds-server-scm/0.5.0-SNAPSHOT/hadoop-hdds-server-scm-0.5.0-SNAPSHOT-tests.jar:/home/user/.m2/repository/org/apache/hadoop/hadoop-hdds-container-service/0.5.0-SNAPSHOT/hadoop-hdds-container-service-0.5.0-SNAPSHOT-tests.jar:/home/user/.m2/repository/org/yaml/snakeyaml/1.16/snakeyaml-1.16.jar:/home/user/.m2/repository/org/apache/hadoop/hadoop-common/3.2.0/hadoop-common-3.2.0-tests.jar:/home/user/.m2/repository/org/apache/hadoop/hadoop-annotations/3.2.0/hadoop-annotations-3.2.0.jar:/usr/lib/jvm/java-1.8-openjdk/jre/../lib/tools.jar:/home/user/.m2/repository/commons-cli/commons-cli/1.2/commons-cli-1.2.jar:/home/user/.m2/repository/org/apache/httpcomponents/httpclient/4.5.2/httpclient-4.5.2.jar:/home/user/.m2/repository/org/apache/httpcomponents/httpcore/4.4.4/httpcore-4.4.4.jar:/home/user/.m2/repository/commons-codec/commons-codec/1.11/commons-codec-1.11.jar:/home/user/.m2/repository/commons-net/commons-net/3.6/commons-net-3.6.jar:/home/user/.m2/repository/commons-collections/commons-collections/3.2.2/commons-collections-3.2.2.jar:/home/user/.m2/repository/org/eclipse/jetty/jetty-servlet/9.3.25.v20180904/jetty-servlet-9.3.25.v20180904.jar:/home/user/.m2/repository/org/eclipse/jetty/jetty-security/9.3.25.v20180904/jetty-security-9.3.25.v20180904.jar:/home/user/.m2/repository/javax/servlet/jsp/jsp-api/2.1/jsp-api-2.1.jar:/home/user/.m2/repository/com/sun/jersey/jersey-servlet/1.19/jersey-servlet-1.19.jar:/home/user/.m2/repository/com/sun/jersey/jersey-json/1.19/jersey-json-1.19.jar:/home/user/.m2/repository/org/codehaus/jettison/jettison/1.1/jettison-1.1.jar:/home/user/.m2/repository/org/codehaus/jackson/jackson-core-asl/1.9.13/jackson-core-asl-1.9.13.jar:/home/user/.m2/repository/org/codehaus/jackson/jackson-mapper-asl/1.9.13/jackson-mapper-asl-1.9.13.jar:/home/user/.m2/repository/org/codehaus/jackson/jackson-jaxrs/1.9.13/jackson-jaxrs-1.9.13.jar:/home/user/.m2/repository/org/codehaus/jackson/jackson-xc/1.9.13/jackson-xc-1.9.13.jar:/home/user/.m2/repository/commons-logging/commons-logging/1.1.3/commons-logging-1.1.3.jar:/home/user/.m2/repository/commons-beanutils/commons-beanutils/1.9.4/commons-beanutils-1.9.4.jar:/home/user/.m2/repository/org/apache/commons/commons-configuration2/2.1.1/commons-configuration2-2.1.1.jar:/home/user/.m2/repository/org/apache/commons/commons-lang3/3.7/commons-lang3-3.7.jar:/home/user/.m2/repository/org/apache/commons/commons-text/1.4/commons-text-1.4.jar:/home/user/.m2/repository/org/apache/avro/avro/1.7.7/avro-1.7.7.jar:/home/user/.m2/repository/com/thoughtworks/paranamer/paranamer/2.3/paranamer-2.3.jar:/home/user/.m2/repository/org/xerial/snappy/snappy-java/1.0.5/snappy-java-1.0.5.jar:/home/user/.m2/repository/com/google/re2j/re2j/1.1/re2j-1.1.jar:/home/user/.m2/repository/com/google/code/gson/gson/2.2.4/gson-2.2.4.jar:/home/user/.m2/repository/com/jcraft/jsch/0.1.54/jsch-0.1.54.jar:/home/user/.m2/repository/org/apache/curator/curator-client/2.12.0/curator-client-2.12.0.jar:/home/user/.m2/repository/org/apache/curator/curator-recipes/2.12.0/curator-recipes-2.12.0.jar:/home/user/.m2/repository/com/google/code/findbugs/jsr305/3.0.0/jsr305-3.0.0.jar:/home/user/.m2/repository/org/apache/htrace/htrace-core4/4.1.0-incubating/htrace-core4-4.1.0-incubating.jar:/home/user/.m2/repository/org/apache/zookeeper/zookeeper/3.4.13/zookeeper-3.4.13.jar:/home/user/.m2/repository/jline/jline/0.9.94/jline-0.9.94.jar:/home/user/.m2/repository/org/apache/yetus/audience-annotations/0.5.0/audience-annotations-0.5.0.jar:/home/user/.m2/repository/org/codehaus/woodstox/stax2-api/3.1.4/stax2-api-3.1.4.jar:/home/user/.m2/repository/com/fasterxml/woodstox/woodstox-core/5.0.3/woodstox-core-5.0.3.jar:/home/user/.m2/repository/dnsjava/dnsjava/2.1.7/dnsjava-2.1.7.jar:/home/user/.m2/repository/org/apache/hadoop/hadoop-hdfs/3.2.0/hadoop-hdfs-3.2.0-tests.jar:/home/user/.m2/repository/org/eclipse/jetty/jetty-util-ajax/9.3.25.v20180904/jetty-util-ajax-9.3.25.v20180904.jar:/home/user/.m2/repository/commons-daemon/commons-daemon/1.0.13/commons-daemon-1.0.13.jar:/home/user/.m2/repository/io/netty/netty/3.10.5.Final/netty-3.10.5.Final.jar:/home/user/.m2/repository/io/netty/netty-all/4.0.52.Final/netty-all-4.0.52.Final.jar:/home/user/.m2/repository/org/fusesource/leveldbjni/leveldbjni-all/1.8/leveldbjni-all-1.8.jar:"/>
    <property name="sun.cpu.endian" value="little"/>
    <property name="user.home" value="/home/user"/>
    <property name="user.language" value="en"/>
    <property name="java.specification.vendor" value="Oracle Corporation"/>
    <property name="java.home" value="/usr/lib/jvm/java-1.8-openjdk/jre"/>
    <property name="surefire.excludesFile" value="/tools/ozone-bad-unit-tests"/>
    <property name="java.security.krb5.conf" value="/workdir/hadoop-ozone/integration-test/target/test-classes/krb5.conf"/>
    <property name="basedir" value="/workdir/hadoop-ozone/integration-test"/>
    <property name="file.separator" value="/"/>
    <property name="line.separator" value="&#10;"/>
    <property name="java.vm.specification.vendor" value="Oracle Corporation"/>
    <property name="java.specification.name" value="Java Platform API Specification"/>
    <property name="java.awt.graphicsenv" value="sun.awt.X11GraphicsEnvironment"/>
    <property name="surefire.real.class.path" value="/workdir/hadoop-ozone/integration-test/target/surefire/surefirebooter8377122023068808796.jar"/>
    <property name="hadoop.log.dir" value="/workdir/hadoop-ozone/integration-test/target/log"/>
    <property name="sun.boot.class.path" value="/usr/lib/jvm/java-1.8-openjdk/jre/lib/resources.jar:/usr/lib/jvm/java-1.8-openjdk/jre/lib/rt.jar:/usr/lib/jvm/java-1.8-openjdk/jre/lib/sunrsasign.jar:/usr/lib/jvm/java-1.8-openjdk/jre/lib/jsse.jar:/usr/lib/jvm/java-1.8-openjdk/jre/lib/jce.jar:/usr/lib/jvm/java-1.8-openjdk/jre/lib/charsets.jar:/usr/lib/jvm/java-1.8-openjdk/jre/lib/jfr.jar:/usr/lib/jvm/java-1.8-openjdk/jre/classes"/>
    <property name="sun.management.compiler" value="HotSpot 64-Bit Tiered Compilers"/>
    <property name="java.runtime.version" value="1.8.0_212-b04"/>
    <property name="java.net.preferIPv4Stack" value="true"/>
    <property name="user.name" value="jenkins1000"/>
    <property name="path.separator" value=":"/>
    <property name="java.security.egd" value="file:///dev/urandom"/>
    <property name="os.version" value="3.10.0-957.12.2.el7.x86_64"/>
    <property name="java.endorsed.dirs" value="/usr/lib/jvm/java-1.8-openjdk/jre/lib/endorsed"/>
    <property name="java.runtime.name" value="OpenJDK Runtime Environment"/>
    <property name="file.encoding" value="UTF-8"/>
    <property name="java.vm.name" value="OpenJDK 64-Bit Server VM"/>
    <property name="test.build.webapps" value=""/>
    <property name="localRepository" value="/home/user/.m2/repository"/>
    <property name="java.vendor.url.bug" value="https://icedtea.classpath.org/bugzilla"/>
    <property name="java.io.tmpdir" value="/tmp"/>
    <property name="require.test.libhadoop" value=""/>
    <property name="java.version" value="1.8.0_212"/>
    <property name="user.dir" value="/workdir/hadoop-ozone/integration-test"/>
    <property name="os.arch" value="amd64"/>
    <property name="java.vm.specification.name" value="Java Virtual Machine Specification"/>
    <property name="test.build.classes" value="/workdir/hadoop-ozone/integration-test/target/test-classes"/>
    <property name="java.awt.printerjob" value="sun.print.PSPrinterJob"/>
    <property name="sun.os.patch.level" value="unknown"/>
    <property name="hadoop.tmp.dir" value="/workdir/hadoop-ozone/integration-test/target/tmp"/>
    <property name="java.library.path" value="/usr/lib/jvm/java-1.8-openjdk/jre/lib/amd64/server:/usr/lib/jvm/java-1.8-openjdk/jre/lib/amd64:/usr/lib/jvm/java-1.8-openjdk/jre/../lib/amd64:/workdir/hadoop-ozone/integration-test/target/native/target/usr/local/lib:/workdir/hadoop-ozone/integration-test/../../hadoop-common-project/hadoop-common/target/native/target/usr/local/lib:/usr/java/packages/lib/amd64:/usr/lib64:/lib64:/lib:/usr/lib"/>
    <property name="java.vm.info" value="mixed mode"/>
    <property name="java.vendor" value="IcedTea"/>
    <property name="java.vm.version" value="25.212-b04"/>
    <property name="java.ext.dirs" value="/usr/lib/jvm/java-1.8-openjdk/jre/lib/ext:/usr/java/packages/lib/ext"/>
    <property name="sun.io.unicode.encoding" value="UnicodeLittle"/>
    <property name="java.class.version" value="52.0"/>
  </properties>
  <testcase name="testWatchForCommitWithKeyWrite" classname="org.apache.hadoop.ozone.client.rpc.TestWatchForCommit" time="60.036"/>
  <testcase name="testWatchForCommitWithSmallerTimeoutValue" classname="org.apache.hadoop.ozone.client.rpc.TestWatchForCommit" time="43.738"/>
  <testcase name="testWatchForCommitForRetryfailure" classname="org.apache.hadoop.ozone.client.rpc.TestWatchForCommit" time="72.996"/>
  <testcase name="testWatchForCommitForGroupMismatchException" classname="org.apache.hadoop.ozone.client.rpc.TestWatchForCommit" time="37.054"/>
  <testcase name="test2WayCommitForTimeoutException" classname="org.apache.hadoop.ozone.client.rpc.TestWatchForCommit" time="21.981">
    <error type="java.util.concurrent.TimeoutException">java.util.concurrent.TimeoutException
	at java.util.concurrent.CompletableFuture.timedGet(CompletableFuture.java:1771)
	at java.util.concurrent.CompletableFuture.get(CompletableFuture.java:1915)
	at org.apache.hadoop.hdds.scm.XceiverClientRatis.watchForCommit(XceiverClientRatis.java:283)
	at org.apache.hadoop.ozone.client.rpc.TestWatchForCommit.test2WayCommitForTimeoutException(TestWatchForCommit.java:391)
	at sun.reflect.NativeMethodAccessorImpl.invoke0(Native Method)
	at sun.reflect.NativeMethodAccessorImpl.invoke(NativeMethodAccessorImpl.java:62)
	at sun.reflect.DelegatingMethodAccessorImpl.invoke(DelegatingMethodAccessorImpl.java:43)
	at java.lang.reflect.Method.invoke(Method.java:498)
	at org.junit.runners.model.FrameworkMethod$1.runReflectiveCall(FrameworkMethod.java:47)
	at org.junit.internal.runners.model.ReflectiveCallable.run(ReflectiveCallable.java:12)
	at org.junit.runners.model.FrameworkMethod.invokeExplosively(FrameworkMethod.java:44)
	at org.junit.internal.runners.statements.InvokeMethod.evaluate(InvokeMethod.java:17)
	at org.junit.runners.ParentRunner.runLeaf(ParentRunner.java:271)
	at org.junit.runners.BlockJUnit4ClassRunner.runChild(BlockJUnit4ClassRunner.java:70)
	at org.junit.runners.BlockJUnit4ClassRunner.runChild(BlockJUnit4ClassRunner.java:50)
	at org.junit.runners.ParentRunner$3.run(ParentRunner.java:238)
	at org.junit.runners.ParentRunner$1.schedule(ParentRunner.java:63)
	at org.junit.runners.ParentRunner.runChildren(ParentRunner.java:236)
	at org.junit.runners.ParentRunner.access$000(ParentRunner.java:53)
	at org.junit.runners.ParentRunner$2.evaluate(ParentRunner.java:229)
	at org.junit.runners.ParentRunner.run(ParentRunner.java:309)
	at org.apache.maven.surefire.junit4.JUnit4Provider.execute(JUnit4Provider.java:365)
	at org.apache.maven.surefire.junit4.JUnit4Provider.executeWithRerun(JUnit4Provider.java:273)
	at org.apache.maven.surefire.junit4.JUnit4Provider.executeTestSet(JUnit4Provider.java:238)
	at org.apache.maven.surefire.junit4.JUnit4Provider.invoke(JUnit4Provider.java:159)
	at org.apache.maven.surefire.booter.ForkedBooter.invokeProviderInSameClassLoader(ForkedBooter.java:384)
	at org.apache.maven.surefire.booter.ForkedBooter.runSuitesInProcess(ForkedBooter.java:345)
	at org.apache.maven.surefire.booter.ForkedBooter.execute(ForkedBooter.java:126)
	at org.apache.maven.surefire.booter.ForkedBooter.main(ForkedBooter.java:418)
</error>
    <system-out><![CDATA[2019-10-14 10:08:05,686 [main] WARN  server.ServerUtils (ServerUtils.java:getScmDbDir(145)) - ozone.scm.db.dirs is not configured. We recommend adding this setting. Falling back to ozone.metadata.dirs instead.
2019-10-14 10:08:05,701 [main] WARN  server.ServerUtils (ServerUtils.java:getScmDbDir(145)) - ozone.scm.db.dirs is not configured. We recommend adding this setting. Falling back to ozone.metadata.dirs instead.
2019-10-14 10:08:05,701 [main] WARN  server.ServerUtils (ServerUtils.java:getScmDbDir(145)) - ozone.scm.db.dirs is not configured. We recommend adding this setting. Falling back to ozone.metadata.dirs instead.
2019-10-14 10:08:05,702 [main] INFO  db.DBStoreBuilder (DBStoreBuilder.java:addTable(117)) - using custom profile for table: deletedBlocks
2019-10-14 10:08:05,702 [main] INFO  db.DBStoreBuilder (DBStoreBuilder.java:processTables(168)) - Using default column profile:DBProfile.DISK for Table:deletedBlocks
2019-10-14 10:08:05,702 [main] INFO  db.DBStoreBuilder (DBStoreBuilder.java:addTable(117)) - using custom profile for table: validCerts
2019-10-14 10:08:05,702 [main] INFO  db.DBStoreBuilder (DBStoreBuilder.java:processTables(168)) - Using default column profile:DBProfile.DISK for Table:validCerts
2019-10-14 10:08:05,702 [main] INFO  db.DBStoreBuilder (DBStoreBuilder.java:addTable(117)) - using custom profile for table: revokedCerts
2019-10-14 10:08:05,702 [main] INFO  db.DBStoreBuilder (DBStoreBuilder.java:processTables(168)) - Using default column profile:DBProfile.DISK for Table:revokedCerts
2019-10-14 10:08:05,703 [main] INFO  db.DBStoreBuilder (DBStoreBuilder.java:addTable(117)) - using custom profile for table: default
2019-10-14 10:08:05,703 [main] INFO  db.DBStoreBuilder (DBStoreBuilder.java:processTables(174)) - Using default column profile:DBProfile.DISK for Table:default
2019-10-14 10:08:05,703 [main] INFO  db.DBStoreBuilder (DBStoreBuilder.java:getDbProfile(205)) - Using default options. DBProfile.DISK
2019-10-14 10:08:05,845 [main] INFO  net.NodeSchemaLoader (NodeSchemaLoader.java:loadSchemaFromFile(125)) - Loading file from sun.misc.CompoundEnumeration@3e28d779
2019-10-14 10:08:05,845 [main] INFO  net.NodeSchemaLoader (NodeSchemaLoader.java:loadSchema(171)) - Loading network topology layer schema file
2019-10-14 10:08:05,848 [main] WARN  server.ServerUtils (ServerUtils.java:sanitizeUserArgs(70)) - ozone.scm.stale.node.interval value = 300000 is larger than max = 100000 based on the key value of ozone.scm.heartbeat.thread.interval, reset to the max value 100000.
2019-10-14 10:08:05,848 [main] WARN  server.ServerUtils (ServerUtils.java:sanitizeUserArgs(70)) - ozone.scm.stale.node.interval value = 300000 is larger than max = 100000 based on the key value of ozone.scm.heartbeat.thread.interval, reset to the max value 100000.
2019-10-14 10:08:05,849 [main] INFO  node.SCMNodeManager (SCMNodeManager.java:<init>(116)) - Entering startup safe mode.
2019-10-14 10:08:05,849 [main] INFO  algorithms.ContainerPlacementPolicyFactory (ContainerPlacementPolicyFactory.java:getPolicy(57)) - Create container placement policy of type org.apache.hadoop.hdds.scm.container.placement.algorithms.SCMContainerPlacementRandom
2019-10-14 10:08:05,849 [main] WARN  server.ServerUtils (ServerUtils.java:getScmDbDir(145)) - ozone.scm.db.dirs is not configured. We recommend adding this setting. Falling back to ozone.metadata.dirs instead.
2019-10-14 10:08:05,868 [main] INFO  pipeline.SCMPipelineManager (SCMPipelineManager.java:initializePipelineState(132)) - No pipeline exists in current db
2019-10-14 10:08:05,869 [main] WARN  server.ServerUtils (ServerUtils.java:getScmDbDir(145)) - ozone.scm.db.dirs is not configured. We recommend adding this setting. Falling back to ozone.metadata.dirs instead.
2019-10-14 10:08:05,890 [main] WARN  events.EventQueue (EventQueue.java:fireEvent(183)) - No event handler registered for event TypedEvent{payloadType=SafeModeStatus, name='SafeModeStatus'}
2019-10-14 10:08:05,891 [main] INFO  ipc.CallQueueManager (CallQueueManager.java:<init>(84)) - Using callQueue: class java.util.concurrent.LinkedBlockingQueue, queueCapacity: 2000, scheduler: class org.apache.hadoop.ipc.DefaultRpcScheduler, ipcBackoff: false.
2019-10-14 10:08:05,891 [Socket Reader #1 for port 46528] INFO  ipc.Server (Server.java:run(1074)) - Starting Socket Reader #1 for port 46528
2019-10-14 10:08:05,893 [main] INFO  ipc.CallQueueManager (CallQueueManager.java:<init>(84)) - Using callQueue: class java.util.concurrent.LinkedBlockingQueue, queueCapacity: 2000, scheduler: class org.apache.hadoop.ipc.DefaultRpcScheduler, ipcBackoff: false.
2019-10-14 10:08:05,894 [Socket Reader #1 for port 40397] INFO  ipc.Server (Server.java:run(1074)) - Starting Socket Reader #1 for port 40397
2019-10-14 10:08:05,895 [main] INFO  ipc.CallQueueManager (CallQueueManager.java:<init>(84)) - Using callQueue: class java.util.concurrent.LinkedBlockingQueue, queueCapacity: 2000, scheduler: class org.apache.hadoop.ipc.DefaultRpcScheduler, ipcBackoff: false.
2019-10-14 10:08:05,896 [Socket Reader #1 for port 40448] INFO  ipc.Server (Server.java:run(1074)) - Starting Socket Reader #1 for port 40448
2019-10-14 10:08:05,898 [main] INFO  hdfs.DFSUtil (DFSUtil.java:httpServerTemplateForNNAndJN(1641)) - Starting Web-server for scm at: http://0.0.0.0:0
2019-10-14 10:08:05,901 [main] INFO  server.AuthenticationFilter (AuthenticationFilter.java:constructSecretProvider(240)) - Unable to initialize FileSignerSecretProvider, falling back to use random secrets.
2019-10-14 10:08:05,902 [main] WARN  http.HttpRequestLog (HttpRequestLog.java:getRequestLog(97)) - Jetty request log can only be enabled using Log4j
2019-10-14 10:08:05,904 [main] INFO  http.HttpServer2 (HttpServer2.java:addGlobalFilter(975)) - Added global filter 'safety' (class=org.apache.hadoop.http.HttpServer2$QuotingInputFilter)
2019-10-14 10:08:05,905 [main] INFO  http.HttpServer2 (HttpServer2.java:addFilter(948)) - Added filter static_user_filter (class=org.apache.hadoop.http.lib.StaticUserWebFilter$StaticUserFilter) to context scm
2019-10-14 10:08:05,905 [main] INFO  http.HttpServer2 (HttpServer2.java:addFilter(958)) - Added filter static_user_filter (class=org.apache.hadoop.http.lib.StaticUserWebFilter$StaticUserFilter) to context static
2019-10-14 10:08:05,906 [main] INFO  http.HttpServer2 (HttpServer2.java:addFilter(958)) - Added filter static_user_filter (class=org.apache.hadoop.http.lib.StaticUserWebFilter$StaticUserFilter) to context logs
2019-10-14 10:08:05,908 [main] INFO  server.StorageContainerManager (StorageContainerManager.java:start(772)) - StorageContainerLocationProtocol RPC server is listening at /0.0.0.0:40448
2019-10-14 10:08:05,911 [main] WARN  impl.MetricsConfig (MetricsConfig.java:loadFirst(134)) - Cannot locate configuration: tried hadoop-metrics2-storagecontainermanager.properties,hadoop-metrics2.properties
2019-10-14 10:08:05,912 [main] INFO  impl.MetricsSystemImpl (MetricsSystemImpl.java:startTimer(374)) - Scheduled Metric snapshot period at 10 second(s).
2019-10-14 10:08:05,913 [main] INFO  impl.MetricsSystemImpl (MetricsSystemImpl.java:start(191)) - StorageContainerManager metrics system started
2019-10-14 10:08:05,988 [main] WARN  impl.MetricsSystemImpl (MetricsSystemImpl.java:register(276)) - Sink prometheus already exists!
2019-10-14 10:08:06,082 [main] INFO  server.SCMClientProtocolServer (SCMClientProtocolServer.java:start(159)) - RPC server for Client  is listening at /0.0.0.0:40448
2019-10-14 10:08:06,082 [IPC Server Responder] INFO  ipc.Server (Server.java:run(1314)) - IPC Server Responder: starting
2019-10-14 10:08:06,083 [IPC Server listener on 40448] INFO  ipc.Server (Server.java:run(1153)) - IPC Server listener on 40448: starting
2019-10-14 10:08:06,088 [main] INFO  server.StorageContainerManager (StorageContainerManager.java:start(782)) - ScmBlockLocationProtocol RPC server is listening at /0.0.0.0:40397
2019-10-14 10:08:06,089 [main] INFO  server.SCMBlockProtocolServer (SCMBlockProtocolServer.java:start(146)) - RPC server for Block Protocol is listening at /0.0.0.0:40397
2019-10-14 10:08:06,089 [IPC Server Responder] INFO  ipc.Server (Server.java:run(1314)) - IPC Server Responder: starting
2019-10-14 10:08:06,089 [IPC Server listener on 40397] INFO  ipc.Server (Server.java:run(1153)) - IPC Server listener on 40397: starting
2019-10-14 10:08:06,092 [main] INFO  server.StorageContainerManager (StorageContainerManager.java:start(786)) - ScmDatanodeProtocl RPC server is listening at /0.0.0.0:46528
2019-10-14 10:08:06,092 [main] INFO  server.SCMDatanodeProtocolServer (SCMDatanodeProtocolServer.java:start(169)) - RPC server for DataNodes is listening at /0.0.0.0:46528
2019-10-14 10:08:06,093 [IPC Server listener on 46528] INFO  ipc.Server (Server.java:run(1153)) - IPC Server listener on 46528: starting
2019-10-14 10:08:06,093 [IPC Server Responder] INFO  ipc.Server (Server.java:run(1314)) - IPC Server Responder: starting
2019-10-14 10:08:06,096 [main] INFO  http.HttpServer2 (HttpServer2.java:bindListener(1191)) - Jetty bound to port 35879
2019-10-14 10:08:06,096 [main] INFO  server.Server (Server.java:doStart(351)) - jetty-9.3.25.v20180904, build timestamp: 2018-09-04T21:11:46Z, git hash: 3ce520221d0240229c862b122d2b06c12a625732
2019-10-14 10:08:06,098 [main] INFO  handler.ContextHandler (ContextHandler.java:doStart(781)) - Started o.e.j.s.ServletContextHandler@764fffa0{/logs,file:///workdir/hadoop-ozone/integration-test/target/log,AVAILABLE}
2019-10-14 10:08:06,098 [main] INFO  handler.ContextHandler (ContextHandler.java:doStart(781)) - Started o.e.j.s.ServletContextHandler@77524ca7{/static,file:///workdir/hadoop-ozone/integration-test/target/test-classes/webapps/static,AVAILABLE}
2019-10-14 10:08:06,102 [main] INFO  handler.ContextHandler (ContextHandler.java:doStart(781)) - Started o.e.j.w.WebAppContext@26c8b296{/,file:///workdir/hadoop-ozone/integration-test/target/test-classes/webapps/scm/,AVAILABLE}{/scm}
2019-10-14 10:08:06,102 [main] INFO  server.AbstractConnector (AbstractConnector.java:doStart(278)) - Started ServerConnector@1d289d3f{HTTP/1.1,[http/1.1]}{0.0.0.0:35879}
2019-10-14 10:08:06,104 [main] INFO  server.Server (Server.java:doStart(419)) - Started @214663ms
2019-10-14 10:08:06,104 [main] WARN  impl.MetricsSystemImpl (MetricsSystemImpl.java:register(276)) - Sink prometheus already exists!
2019-10-14 10:08:06,105 [main] INFO  server.BaseHttpServer (BaseHttpServer.java:updateConnectorAddress(215)) - HTTP server of SCM is listening at http://0.0.0.0:35879
2019-10-14 10:08:06,106 [main] WARN  server.ServerUtils (ServerUtils.java:getDBPath(222)) - ozone.om.db.dirs is not configured. We recommend adding this setting. Falling back to ozone.metadata.dirs instead.
2019-10-14 10:08:06,106 [org.apache.hadoop.util.JvmPauseMonitor$Monitor@7f27f59b] INFO  util.JvmPauseMonitor (JvmPauseMonitor.java:run(188)) - Starting JVM pause monitor
2019-10-14 10:08:06,136 [main] INFO  ha.OMHANodeDetails (OMHANodeDetails.java:loadOMHAConfig(190)) - Configuration either no ozone.om.address set. Falling back to the default OM address /127.0.0.1:0
2019-10-14 10:08:06,137 [main] INFO  ha.OMHANodeDetails (OMHANodeDetails.java:getOMNodeDetails(220)) - OM Service ID is not set. Setting it to the default ID: omServiceIdDefault
2019-10-14 10:08:06,137 [main] WARN  server.ServerUtils (ServerUtils.java:getDBPath(222)) - ozone.om.db.dirs is not configured. We recommend adding this setting. Falling back to ozone.metadata.dirs instead.
2019-10-14 10:08:06,138 [main] WARN  server.ServerUtils (ServerUtils.java:getDBPath(222)) - ozone.om.db.dirs is not configured. We recommend adding this setting. Falling back to ozone.metadata.dirs instead.
2019-10-14 10:08:06,147 [main] WARN  server.ServerUtils (ServerUtils.java:getDBPath(222)) - ozone.om.db.dirs is not configured. We recommend adding this setting. Falling back to ozone.metadata.dirs instead.
2019-10-14 10:08:06,148 [main] INFO  db.DBStoreBuilder (DBStoreBuilder.java:addTable(117)) - using custom profile for table: userTable
2019-10-14 10:08:06,148 [main] INFO  db.DBStoreBuilder (DBStoreBuilder.java:processTables(168)) - Using default column profile:DBProfile.DISK for Table:userTable
2019-10-14 10:08:06,148 [main] INFO  db.DBStoreBuilder (DBStoreBuilder.java:addTable(117)) - using custom profile for table: volumeTable
2019-10-14 10:08:06,148 [main] INFO  db.DBStoreBuilder (DBStoreBuilder.java:processTables(168)) - Using default column profile:DBProfile.DISK for Table:volumeTable
2019-10-14 10:08:06,149 [main] INFO  db.DBStoreBuilder (DBStoreBuilder.java:addTable(117)) - using custom profile for table: bucketTable
2019-10-14 10:08:06,149 [main] INFO  db.DBStoreBuilder (DBStoreBuilder.java:processTables(168)) - Using default column profile:DBProfile.DISK for Table:bucketTable
2019-10-14 10:08:06,149 [main] INFO  db.DBStoreBuilder (DBStoreBuilder.java:addTable(117)) - using custom profile for table: keyTable
2019-10-14 10:08:06,149 [main] INFO  db.DBStoreBuilder (DBStoreBuilder.java:processTables(168)) - Using default column profile:DBProfile.DISK for Table:keyTable
2019-10-14 10:08:06,150 [main] INFO  db.DBStoreBuilder (DBStoreBuilder.java:addTable(117)) - using custom profile for table: deletedTable
2019-10-14 10:08:06,150 [main] INFO  db.DBStoreBuilder (DBStoreBuilder.java:processTables(168)) - Using default column profile:DBProfile.DISK for Table:deletedTable
2019-10-14 10:08:06,150 [main] INFO  db.DBStoreBuilder (DBStoreBuilder.java:addTable(117)) - using custom profile for table: openKeyTable
2019-10-14 10:08:06,151 [main] INFO  db.DBStoreBuilder (DBStoreBuilder.java:processTables(168)) - Using default column profile:DBProfile.DISK for Table:openKeyTable
2019-10-14 10:08:06,151 [main] INFO  db.DBStoreBuilder (DBStoreBuilder.java:addTable(117)) - using custom profile for table: s3Table
2019-10-14 10:08:06,151 [main] INFO  db.DBStoreBuilder (DBStoreBuilder.java:processTables(168)) - Using default column profile:DBProfile.DISK for Table:s3Table
2019-10-14 10:08:06,151 [main] INFO  db.DBStoreBuilder (DBStoreBuilder.java:addTable(117)) - using custom profile for table: multipartInfoTable
2019-10-14 10:08:06,152 [main] INFO  db.DBStoreBuilder (DBStoreBuilder.java:processTables(168)) - Using default column profile:DBProfile.DISK for Table:multipartInfoTable
2019-10-14 10:08:06,152 [main] INFO  db.DBStoreBuilder (DBStoreBuilder.java:addTable(117)) - using custom profile for table: dTokenTable
2019-10-14 10:08:06,152 [main] INFO  db.DBStoreBuilder (DBStoreBuilder.java:processTables(168)) - Using default column profile:DBProfile.DISK for Table:dTokenTable
2019-10-14 10:08:06,152 [main] INFO  db.DBStoreBuilder (DBStoreBuilder.java:addTable(117)) - using custom profile for table: s3SecretTable
2019-10-14 10:08:06,153 [main] INFO  db.DBStoreBuilder (DBStoreBuilder.java:processTables(168)) - Using default column profile:DBProfile.DISK for Table:s3SecretTable
2019-10-14 10:08:06,153 [main] INFO  db.DBStoreBuilder (DBStoreBuilder.java:addTable(117)) - using custom profile for table: prefixTable
2019-10-14 10:08:06,153 [main] INFO  db.DBStoreBuilder (DBStoreBuilder.java:processTables(168)) - Using default column profile:DBProfile.DISK for Table:prefixTable
2019-10-14 10:08:06,154 [main] INFO  db.DBStoreBuilder (DBStoreBuilder.java:addTable(117)) - using custom profile for table: default
2019-10-14 10:08:06,154 [main] INFO  db.DBStoreBuilder (DBStoreBuilder.java:processTables(174)) - Using default column profile:DBProfile.DISK for Table:default
2019-10-14 10:08:06,154 [main] INFO  db.DBStoreBuilder (DBStoreBuilder.java:getDbProfile(205)) - Using default options. DBProfile.DISK
2019-10-14 10:08:06,574 [main] INFO  ipc.CallQueueManager (CallQueueManager.java:<init>(84)) - Using callQueue: class java.util.concurrent.LinkedBlockingQueue, queueCapacity: 2000, scheduler: class org.apache.hadoop.ipc.DefaultRpcScheduler, ipcBackoff: false.
2019-10-14 10:08:06,575 [Socket Reader #1 for port 41038] INFO  ipc.Server (Server.java:run(1074)) - Starting Socket Reader #1 for port 41038
2019-10-14 10:08:06,587 [main] INFO  om.OzoneManager (OzoneManager.java:start(1071)) - OzoneManager RPC server is listening at localhost/127.0.0.1:41038
2019-10-14 10:08:06,588 [main] INFO  impl.MetricsSystemImpl (MetricsSystemImpl.java:init(158)) - OzoneManager metrics system started (again)
2019-10-14 10:08:06,588 [IPC Server Responder] INFO  ipc.Server (Server.java:run(1314)) - IPC Server Responder: starting
2019-10-14 10:08:06,591 [IPC Server listener on 41038] INFO  ipc.Server (Server.java:run(1153)) - IPC Server listener on 41038: starting
2019-10-14 10:08:06,596 [main] INFO  hdfs.DFSUtil (DFSUtil.java:httpServerTemplateForNNAndJN(1641)) - Starting Web-server for ozoneManager at: http://0.0.0.0:0
2019-10-14 10:08:06,597 [main] INFO  server.AuthenticationFilter (AuthenticationFilter.java:constructSecretProvider(240)) - Unable to initialize FileSignerSecretProvider, falling back to use random secrets.
2019-10-14 10:08:06,598 [main] WARN  http.HttpRequestLog (HttpRequestLog.java:getRequestLog(97)) - Jetty request log can only be enabled using Log4j
2019-10-14 10:08:06,600 [main] INFO  http.HttpServer2 (HttpServer2.java:addGlobalFilter(975)) - Added global filter 'safety' (class=org.apache.hadoop.http.HttpServer2$QuotingInputFilter)
2019-10-14 10:08:06,600 [main] INFO  http.HttpServer2 (HttpServer2.java:addFilter(948)) - Added filter static_user_filter (class=org.apache.hadoop.http.lib.StaticUserWebFilter$StaticUserFilter) to context ozoneManager
2019-10-14 10:08:06,600 [main] INFO  http.HttpServer2 (HttpServer2.java:addFilter(958)) - Added filter static_user_filter (class=org.apache.hadoop.http.lib.StaticUserWebFilter$StaticUserFilter) to context static
2019-10-14 10:08:06,600 [main] INFO  http.HttpServer2 (HttpServer2.java:addFilter(958)) - Added filter static_user_filter (class=org.apache.hadoop.http.lib.StaticUserWebFilter$StaticUserFilter) to context logs
2019-10-14 10:08:06,601 [main] INFO  http.HttpServer2 (HttpServer2.java:bindListener(1191)) - Jetty bound to port 46591
2019-10-14 10:08:06,601 [main] INFO  server.Server (Server.java:doStart(351)) - jetty-9.3.25.v20180904, build timestamp: 2018-09-04T21:11:46Z, git hash: 3ce520221d0240229c862b122d2b06c12a625732
2019-10-14 10:08:06,603 [main] INFO  handler.ContextHandler (ContextHandler.java:doStart(781)) - Started o.e.j.s.ServletContextHandler@41e9f86{/logs,file:///workdir/hadoop-ozone/integration-test/target/log,AVAILABLE}
2019-10-14 10:08:06,603 [main] INFO  handler.ContextHandler (ContextHandler.java:doStart(781)) - Started o.e.j.s.ServletContextHandler@233f52f8{/static,file:///workdir/hadoop-ozone/integration-test/target/test-classes/webapps/static,AVAILABLE}
2019-10-14 10:08:06,607 [main] INFO  handler.ContextHandler (ContextHandler.java:doStart(781)) - Started o.e.j.w.WebAppContext@3a11c0eb{/,file:///workdir/hadoop-ozone/integration-test/target/test-classes/webapps/ozoneManager/,AVAILABLE}{/ozoneManager}
2019-10-14 10:08:06,608 [main] INFO  server.AbstractConnector (AbstractConnector.java:doStart(278)) - Started ServerConnector@3313d477{HTTP/1.1,[http/1.1]}{0.0.0.0:46591}
2019-10-14 10:08:06,609 [main] INFO  server.Server (Server.java:doStart(419)) - Started @215168ms
2019-10-14 10:08:06,609 [main] WARN  impl.MetricsSystemImpl (MetricsSystemImpl.java:register(276)) - Sink prometheus already exists!
2019-10-14 10:08:06,610 [main] INFO  server.BaseHttpServer (BaseHttpServer.java:updateConnectorAddress(215)) - HTTP server of OZONEMANAGER is listening at http://0.0.0.0:46591
2019-10-14 10:08:06,630 [main] INFO  impl.MetricsSystemImpl (MetricsSystemImpl.java:init(158)) - HddsDatanode metrics system started (again)
2019-10-14 10:08:06,634 [main] INFO  ozone.HddsDatanodeService (HddsDatanodeService.java:start(184)) - HddsDatanodeService host:pr-hdds-2297-rpftj-184604365 ip:192.168.5.145
2019-10-14 10:08:06,642 [main] INFO  volume.HddsVolume (HddsVolume.java:<init>(176)) - Creating Volume: /workdir/hadoop-ozone/integration-test/target/test-dir/MiniOzoneClusterImpl-13cc90b3-6ebc-41d2-a8a9-a3836e2af835/datanode-0/data/containers/hdds of  storage type : DISK and capacity : 1482555576320
2019-10-14 10:08:06,642 [main] INFO  volume.VolumeSet (VolumeSet.java:initializeVolumeSet(170)) - Added Volume : /workdir/hadoop-ozone/integration-test/target/test-dir/MiniOzoneClusterImpl-13cc90b3-6ebc-41d2-a8a9-a3836e2af835/datanode-0/data/containers/hdds to VolumeSet
2019-10-14 10:08:06,643 [main] INFO  volume.ThrottledAsyncChecker (ThrottledAsyncChecker.java:schedule(141)) - Scheduling a check for org.apache.hadoop.ozone.container.common.volume.HddsVolume@1e6060f1
2019-10-14 10:08:06,643 [main] INFO  volume.HddsVolumeChecker (HddsVolumeChecker.java:checkAllVolumes(204)) - Scheduled health check for volume org.apache.hadoop.ozone.container.common.volume.HddsVolume@1e6060f1
2019-10-14 10:08:06,660 [main] INFO  impl.RaftServerProxy (ConfUtils.java:logGet(43)) - raft.rpc.type = GRPC (default)
2019-10-14 10:08:06,661 [main] INFO  grpc.GrpcFactory (GrpcFactory.java:checkPooledByteBufAllocatorUseCacheForAllThreads(45)) - PERFORMANCE WARNING: useCacheForAllThreads is true that may cause Netty to create a lot garbage objects and, as a result, trigger GC.
	It is recommended to disable useCacheForAllThreads by setting -Dorg.apache.ratis.thirdparty.io.netty.allocator.useCacheForAllThreads=false in command line.
2019-10-14 10:08:06,661 [main] INFO  grpc.GrpcConfigKeys$Server (ConfUtils.java:logGet(43)) - raft.grpc.server.port = 0 (default)
2019-10-14 10:08:06,661 [main] INFO  server.GrpcService (ConfUtils.java:logGet(43)) - raft.grpc.message.size.max = 33570816 (custom)
2019-10-14 10:08:06,661 [main] INFO  server.RaftServerConfigKeys (ConfUtils.java:logGet(43)) - raft.server.log.appender.buffer.byte-limit = 33554432 (custom)
2019-10-14 10:08:06,662 [main] INFO  server.GrpcService (ConfUtils.java:logGet(43)) - raft.grpc.flow.control.window = 1MB (=1048576) (default)
2019-10-14 10:08:06,662 [main] INFO  server.RaftServerConfigKeys (ConfUtils.java:logGet(43)) - raft.server.rpc.request.timeout = 3000ms (default)
2019-10-14 10:08:06,662 [main] INFO  server.RaftServerConfigKeys (ConfUtils.java:logGet(43)) - raft.server.storage.dir = [/workdir/hadoop-ozone/integration-test/target/test-dir/MiniOzoneClusterImpl-13cc90b3-6ebc-41d2-a8a9-a3836e2af835/datanode-0/data/ratis] (custom)
2019-10-14 10:08:06,664 [main] INFO  hdfs.DFSUtil (DFSUtil.java:httpServerTemplateForNNAndJN(1641)) - Starting Web-server for hddsDatanode at: http://0.0.0.0:0
2019-10-14 10:08:06,666 [main] INFO  server.AuthenticationFilter (AuthenticationFilter.java:constructSecretProvider(240)) - Unable to initialize FileSignerSecretProvider, falling back to use random secrets.
2019-10-14 10:08:06,667 [main] WARN  http.HttpRequestLog (HttpRequestLog.java:getRequestLog(97)) - Jetty request log can only be enabled using Log4j
2019-10-14 10:08:06,669 [main] INFO  http.HttpServer2 (HttpServer2.java:addGlobalFilter(975)) - Added global filter 'safety' (class=org.apache.hadoop.http.HttpServer2$QuotingInputFilter)
2019-10-14 10:08:06,669 [main] INFO  http.HttpServer2 (HttpServer2.java:addFilter(948)) - Added filter static_user_filter (class=org.apache.hadoop.http.lib.StaticUserWebFilter$StaticUserFilter) to context hddsDatanode
2019-10-14 10:08:06,669 [main] INFO  http.HttpServer2 (HttpServer2.java:addFilter(958)) - Added filter static_user_filter (class=org.apache.hadoop.http.lib.StaticUserWebFilter$StaticUserFilter) to context logs
2019-10-14 10:08:06,670 [main] INFO  http.HttpServer2 (HttpServer2.java:addFilter(958)) - Added filter static_user_filter (class=org.apache.hadoop.http.lib.StaticUserWebFilter$StaticUserFilter) to context static
2019-10-14 10:08:06,671 [main] INFO  http.HttpServer2 (HttpServer2.java:bindListener(1191)) - Jetty bound to port 44709
2019-10-14 10:08:06,671 [main] INFO  server.Server (Server.java:doStart(351)) - jetty-9.3.25.v20180904, build timestamp: 2018-09-04T21:11:46Z, git hash: 3ce520221d0240229c862b122d2b06c12a625732
2019-10-14 10:08:06,678 [main] INFO  handler.ContextHandler (ContextHandler.java:doStart(781)) - Started o.e.j.s.ServletContextHandler@1a1f79ce{/logs,file:///workdir/hadoop-ozone/integration-test/target/log,AVAILABLE}
2019-10-14 10:08:06,678 [main] INFO  handler.ContextHandler (ContextHandler.java:doStart(781)) - Started o.e.j.s.ServletContextHandler@52abed9d{/static,jar:file:/home/user/.m2/repository/org/apache/hadoop/hadoop-hdds-container-service/0.5.0-SNAPSHOT/hadoop-hdds-container-service-0.5.0-SNAPSHOT.jar!/webapps/static,AVAILABLE}
2019-10-14 10:08:06,718 [main] INFO  handler.ContextHandler (ContextHandler.java:doStart(781)) - Started o.e.j.w.WebAppContext@38732364{/,file:///tmp/jetty-0.0.0.0-44709-hddsDatanode-_-any-7538633626881785233.dir/webapp/,AVAILABLE}{/hddsDatanode}
2019-10-14 10:08:06,719 [main] INFO  server.AbstractConnector (AbstractConnector.java:doStart(278)) - Started ServerConnector@7c70aae1{HTTP/1.1,[http/1.1]}{0.0.0.0:44709}
2019-10-14 10:08:06,721 [main] INFO  server.Server (Server.java:doStart(419)) - Started @215280ms
2019-10-14 10:08:06,721 [main] WARN  impl.MetricsSystemImpl (MetricsSystemImpl.java:register(276)) - Sink prometheus already exists!
2019-10-14 10:08:06,722 [main] INFO  server.BaseHttpServer (BaseHttpServer.java:updateConnectorAddress(215)) - HTTP server of HDDSDATANODE is listening at http://0.0.0.0:44709
2019-10-14 10:08:06,723 [main] INFO  impl.MetricsSystemImpl (MetricsSystemImpl.java:init(158)) - HddsDatanode metrics system started (again)
2019-10-14 10:08:06,727 [org.apache.hadoop.util.JvmPauseMonitor$Monitor@75d85276] INFO  util.JvmPauseMonitor (JvmPauseMonitor.java:run(188)) - Starting JVM pause monitor
2019-10-14 10:08:06,728 [main] INFO  ozone.HddsDatanodeService (HddsDatanodeService.java:start(184)) - HddsDatanodeService host:pr-hdds-2297-rpftj-184604365 ip:192.168.5.145
2019-10-14 10:08:06,728 [Datanode State Machine Thread - 0] INFO  datanode.InitDatanodeState (InitDatanodeState.java:persistContainerDatanodeDetails(140)) - DatanodeDetails is persisted to /workdir/hadoop-ozone/integration-test/target/test-dir/MiniOzoneClusterImpl-13cc90b3-6ebc-41d2-a8a9-a3836e2af835/datanode-0/meta/datanode.id
2019-10-14 10:08:06,734 [main] INFO  volume.HddsVolume (HddsVolume.java:<init>(176)) - Creating Volume: /workdir/hadoop-ozone/integration-test/target/test-dir/MiniOzoneClusterImpl-13cc90b3-6ebc-41d2-a8a9-a3836e2af835/datanode-1/data/containers/hdds of  storage type : DISK and capacity : 1482555576320
2019-10-14 10:08:06,734 [main] INFO  volume.VolumeSet (VolumeSet.java:initializeVolumeSet(170)) - Added Volume : /workdir/hadoop-ozone/integration-test/target/test-dir/MiniOzoneClusterImpl-13cc90b3-6ebc-41d2-a8a9-a3836e2af835/datanode-1/data/containers/hdds to VolumeSet
2019-10-14 10:08:06,734 [main] INFO  volume.ThrottledAsyncChecker (ThrottledAsyncChecker.java:schedule(141)) - Scheduling a check for org.apache.hadoop.ozone.container.common.volume.HddsVolume@443a06ad
2019-10-14 10:08:06,735 [main] INFO  volume.HddsVolumeChecker (HddsVolumeChecker.java:checkAllVolumes(204)) - Scheduled health check for volume org.apache.hadoop.ozone.container.common.volume.HddsVolume@443a06ad
2019-10-14 10:08:06,750 [main] INFO  impl.RaftServerProxy (ConfUtils.java:logGet(43)) - raft.rpc.type = GRPC (default)
2019-10-14 10:08:06,751 [main] INFO  grpc.GrpcFactory (GrpcFactory.java:checkPooledByteBufAllocatorUseCacheForAllThreads(45)) - PERFORMANCE WARNING: useCacheForAllThreads is true that may cause Netty to create a lot garbage objects and, as a result, trigger GC.
	It is recommended to disable useCacheForAllThreads by setting -Dorg.apache.ratis.thirdparty.io.netty.allocator.useCacheForAllThreads=false in command line.
2019-10-14 10:08:06,751 [main] INFO  grpc.GrpcConfigKeys$Server (ConfUtils.java:logGet(43)) - raft.grpc.server.port = 0 (default)
2019-10-14 10:08:06,751 [main] INFO  server.GrpcService (ConfUtils.java:logGet(43)) - raft.grpc.message.size.max = 33570816 (custom)
2019-10-14 10:08:06,751 [main] INFO  server.RaftServerConfigKeys (ConfUtils.java:logGet(43)) - raft.server.log.appender.buffer.byte-limit = 33554432 (custom)
2019-10-14 10:08:06,752 [main] INFO  server.GrpcService (ConfUtils.java:logGet(43)) - raft.grpc.flow.control.window = 1MB (=1048576) (default)
2019-10-14 10:08:06,752 [main] INFO  server.RaftServerConfigKeys (ConfUtils.java:logGet(43)) - raft.server.rpc.request.timeout = 3000ms (default)
2019-10-14 10:08:06,752 [main] INFO  server.RaftServerConfigKeys (ConfUtils.java:logGet(43)) - raft.server.storage.dir = [/workdir/hadoop-ozone/integration-test/target/test-dir/MiniOzoneClusterImpl-13cc90b3-6ebc-41d2-a8a9-a3836e2af835/datanode-1/data/ratis] (custom)
2019-10-14 10:08:06,753 [main] INFO  hdfs.DFSUtil (DFSUtil.java:httpServerTemplateForNNAndJN(1641)) - Starting Web-server for hddsDatanode at: http://0.0.0.0:0
2019-10-14 10:08:06,755 [main] INFO  server.AuthenticationFilter (AuthenticationFilter.java:constructSecretProvider(240)) - Unable to initialize FileSignerSecretProvider, falling back to use random secrets.
2019-10-14 10:08:06,755 [main] WARN  http.HttpRequestLog (HttpRequestLog.java:getRequestLog(97)) - Jetty request log can only be enabled using Log4j
2019-10-14 10:08:06,757 [main] INFO  http.HttpServer2 (HttpServer2.java:addGlobalFilter(975)) - Added global filter 'safety' (class=org.apache.hadoop.http.HttpServer2$QuotingInputFilter)
2019-10-14 10:08:06,757 [main] INFO  http.HttpServer2 (HttpServer2.java:addFilter(948)) - Added filter static_user_filter (class=org.apache.hadoop.http.lib.StaticUserWebFilter$StaticUserFilter) to context hddsDatanode
2019-10-14 10:08:06,757 [main] INFO  http.HttpServer2 (HttpServer2.java:addFilter(958)) - Added filter static_user_filter (class=org.apache.hadoop.http.lib.StaticUserWebFilter$StaticUserFilter) to context static
2019-10-14 10:08:06,757 [main] INFO  http.HttpServer2 (HttpServer2.java:addFilter(958)) - Added filter static_user_filter (class=org.apache.hadoop.http.lib.StaticUserWebFilter$StaticUserFilter) to context logs
2019-10-14 10:08:06,758 [main] INFO  http.HttpServer2 (HttpServer2.java:bindListener(1191)) - Jetty bound to port 44346
2019-10-14 10:08:06,758 [main] INFO  server.Server (Server.java:doStart(351)) - jetty-9.3.25.v20180904, build timestamp: 2018-09-04T21:11:46Z, git hash: 3ce520221d0240229c862b122d2b06c12a625732
2019-10-14 10:08:06,760 [main] INFO  handler.ContextHandler (ContextHandler.java:doStart(781)) - Started o.e.j.s.ServletContextHandler@5d194314{/logs,file:///workdir/hadoop-ozone/integration-test/target/log,AVAILABLE}
2019-10-14 10:08:06,760 [main] INFO  handler.ContextHandler (ContextHandler.java:doStart(781)) - Started o.e.j.s.ServletContextHandler@637c840d{/static,jar:file:/home/user/.m2/repository/org/apache/hadoop/hadoop-hdds-container-service/0.5.0-SNAPSHOT/hadoop-hdds-container-service-0.5.0-SNAPSHOT.jar!/webapps/static,AVAILABLE}
2019-10-14 10:08:06,792 [main] INFO  handler.ContextHandler (ContextHandler.java:doStart(781)) - Started o.e.j.w.WebAppContext@38ac8968{/,file:///tmp/jetty-0.0.0.0-44346-hddsDatanode-_-any-6570017396007984988.dir/webapp/,AVAILABLE}{/hddsDatanode}
2019-10-14 10:08:06,792 [main] INFO  server.AbstractConnector (AbstractConnector.java:doStart(278)) - Started ServerConnector@17ff8810{HTTP/1.1,[http/1.1]}{0.0.0.0:44346}
2019-10-14 10:08:06,793 [main] INFO  server.Server (Server.java:doStart(419)) - Started @215353ms
2019-10-14 10:08:06,794 [main] WARN  impl.MetricsSystemImpl (MetricsSystemImpl.java:register(276)) - Sink prometheus already exists!
2019-10-14 10:08:06,794 [main] INFO  server.BaseHttpServer (BaseHttpServer.java:updateConnectorAddress(215)) - HTTP server of HDDSDATANODE is listening at http://0.0.0.0:44346
2019-10-14 10:08:06,794 [main] INFO  impl.MetricsSystemImpl (MetricsSystemImpl.java:init(158)) - HddsDatanode metrics system started (again)
2019-10-14 10:08:06,798 [org.apache.hadoop.util.JvmPauseMonitor$Monitor@6e70b0d7] INFO  util.JvmPauseMonitor (JvmPauseMonitor.java:run(188)) - Starting JVM pause monitor
2019-10-14 10:08:06,799 [main] INFO  ozone.HddsDatanodeService (HddsDatanodeService.java:start(184)) - HddsDatanodeService host:pr-hdds-2297-rpftj-184604365 ip:192.168.5.145
2019-10-14 10:08:06,799 [Datanode State Machine Thread - 0] INFO  datanode.InitDatanodeState (InitDatanodeState.java:persistContainerDatanodeDetails(140)) - DatanodeDetails is persisted to /workdir/hadoop-ozone/integration-test/target/test-dir/MiniOzoneClusterImpl-13cc90b3-6ebc-41d2-a8a9-a3836e2af835/datanode-1/meta/datanode.id
2019-10-14 10:08:06,803 [main] INFO  volume.HddsVolume (HddsVolume.java:<init>(176)) - Creating Volume: /workdir/hadoop-ozone/integration-test/target/test-dir/MiniOzoneClusterImpl-13cc90b3-6ebc-41d2-a8a9-a3836e2af835/datanode-2/data/containers/hdds of  storage type : DISK and capacity : 1482555576320
2019-10-14 10:08:06,804 [main] INFO  volume.VolumeSet (VolumeSet.java:initializeVolumeSet(170)) - Added Volume : /workdir/hadoop-ozone/integration-test/target/test-dir/MiniOzoneClusterImpl-13cc90b3-6ebc-41d2-a8a9-a3836e2af835/datanode-2/data/containers/hdds to VolumeSet
2019-10-14 10:08:06,804 [main] INFO  volume.ThrottledAsyncChecker (ThrottledAsyncChecker.java:schedule(141)) - Scheduling a check for org.apache.hadoop.ozone.container.common.volume.HddsVolume@6de7778f
2019-10-14 10:08:06,804 [main] INFO  volume.HddsVolumeChecker (HddsVolumeChecker.java:checkAllVolumes(204)) - Scheduled health check for volume org.apache.hadoop.ozone.container.common.volume.HddsVolume@6de7778f
2019-10-14 10:08:06,817 [main] INFO  impl.RaftServerProxy (ConfUtils.java:logGet(43)) - raft.rpc.type = GRPC (default)
2019-10-14 10:08:06,817 [main] INFO  grpc.GrpcFactory (GrpcFactory.java:checkPooledByteBufAllocatorUseCacheForAllThreads(45)) - PERFORMANCE WARNING: useCacheForAllThreads is true that may cause Netty to create a lot garbage objects and, as a result, trigger GC.
	It is recommended to disable useCacheForAllThreads by setting -Dorg.apache.ratis.thirdparty.io.netty.allocator.useCacheForAllThreads=false in command line.
2019-10-14 10:08:06,817 [main] INFO  grpc.GrpcConfigKeys$Server (ConfUtils.java:logGet(43)) - raft.grpc.server.port = 0 (default)
2019-10-14 10:08:06,818 [main] INFO  server.GrpcService (ConfUtils.java:logGet(43)) - raft.grpc.message.size.max = 33570816 (custom)
2019-10-14 10:08:06,818 [main] INFO  server.RaftServerConfigKeys (ConfUtils.java:logGet(43)) - raft.server.log.appender.buffer.byte-limit = 33554432 (custom)
2019-10-14 10:08:06,818 [main] INFO  server.GrpcService (ConfUtils.java:logGet(43)) - raft.grpc.flow.control.window = 1MB (=1048576) (default)
2019-10-14 10:08:06,818 [main] INFO  server.RaftServerConfigKeys (ConfUtils.java:logGet(43)) - raft.server.rpc.request.timeout = 3000ms (default)
2019-10-14 10:08:06,819 [main] INFO  server.RaftServerConfigKeys (ConfUtils.java:logGet(43)) - raft.server.storage.dir = [/workdir/hadoop-ozone/integration-test/target/test-dir/MiniOzoneClusterImpl-13cc90b3-6ebc-41d2-a8a9-a3836e2af835/datanode-2/data/ratis] (custom)
2019-10-14 10:08:06,820 [main] INFO  hdfs.DFSUtil (DFSUtil.java:httpServerTemplateForNNAndJN(1641)) - Starting Web-server for hddsDatanode at: http://0.0.0.0:0
2019-10-14 10:08:06,821 [main] INFO  server.AuthenticationFilter (AuthenticationFilter.java:constructSecretProvider(240)) - Unable to initialize FileSignerSecretProvider, falling back to use random secrets.
2019-10-14 10:08:06,821 [main] WARN  http.HttpRequestLog (HttpRequestLog.java:getRequestLog(97)) - Jetty request log can only be enabled using Log4j
2019-10-14 10:08:06,823 [main] INFO  http.HttpServer2 (HttpServer2.java:addGlobalFilter(975)) - Added global filter 'safety' (class=org.apache.hadoop.http.HttpServer2$QuotingInputFilter)
2019-10-14 10:08:06,823 [main] INFO  http.HttpServer2 (HttpServer2.java:addFilter(948)) - Added filter static_user_filter (class=org.apache.hadoop.http.lib.StaticUserWebFilter$StaticUserFilter) to context hddsDatanode
2019-10-14 10:08:06,823 [main] INFO  http.HttpServer2 (HttpServer2.java:addFilter(958)) - Added filter static_user_filter (class=org.apache.hadoop.http.lib.StaticUserWebFilter$StaticUserFilter) to context static
2019-10-14 10:08:06,823 [main] INFO  http.HttpServer2 (HttpServer2.java:addFilter(958)) - Added filter static_user_filter (class=org.apache.hadoop.http.lib.StaticUserWebFilter$StaticUserFilter) to context logs
2019-10-14 10:08:06,824 [main] INFO  http.HttpServer2 (HttpServer2.java:bindListener(1191)) - Jetty bound to port 42315
2019-10-14 10:08:06,824 [main] INFO  server.Server (Server.java:doStart(351)) - jetty-9.3.25.v20180904, build timestamp: 2018-09-04T21:11:46Z, git hash: 3ce520221d0240229c862b122d2b06c12a625732
2019-10-14 10:08:06,826 [main] INFO  handler.ContextHandler (ContextHandler.java:doStart(781)) - Started o.e.j.s.ServletContextHandler@3dfd6220{/logs,file:///workdir/hadoop-ozone/integration-test/target/log,AVAILABLE}
2019-10-14 10:08:06,826 [main] INFO  handler.ContextHandler (ContextHandler.java:doStart(781)) - Started o.e.j.s.ServletContextHandler@6de43bc1{/static,jar:file:/home/user/.m2/repository/org/apache/hadoop/hadoop-hdds-container-service/0.5.0-SNAPSHOT/hadoop-hdds-container-service-0.5.0-SNAPSHOT.jar!/webapps/static,AVAILABLE}
2019-10-14 10:08:06,855 [main] INFO  handler.ContextHandler (ContextHandler.java:doStart(781)) - Started o.e.j.w.WebAppContext@5a592c70{/,file:///tmp/jetty-0.0.0.0-42315-hddsDatanode-_-any-3615436938782452592.dir/webapp/,AVAILABLE}{/hddsDatanode}
2019-10-14 10:08:06,855 [main] INFO  server.AbstractConnector (AbstractConnector.java:doStart(278)) - Started ServerConnector@252ec02e{HTTP/1.1,[http/1.1]}{0.0.0.0:42315}
2019-10-14 10:08:06,857 [main] INFO  server.Server (Server.java:doStart(419)) - Started @215417ms
2019-10-14 10:08:06,857 [main] WARN  impl.MetricsSystemImpl (MetricsSystemImpl.java:register(276)) - Sink prometheus already exists!
2019-10-14 10:08:06,858 [main] INFO  server.BaseHttpServer (BaseHttpServer.java:updateConnectorAddress(215)) - HTTP server of HDDSDATANODE is listening at http://0.0.0.0:42315
2019-10-14 10:08:06,858 [main] INFO  impl.MetricsSystemImpl (MetricsSystemImpl.java:init(158)) - HddsDatanode metrics system started (again)
2019-10-14 10:08:06,863 [org.apache.hadoop.util.JvmPauseMonitor$Monitor@491142c2] INFO  util.JvmPauseMonitor (JvmPauseMonitor.java:run(188)) - Starting JVM pause monitor
2019-10-14 10:08:06,863 [main] INFO  ozone.HddsDatanodeService (HddsDatanodeService.java:start(184)) - HddsDatanodeService host:pr-hdds-2297-rpftj-184604365 ip:192.168.5.145
2019-10-14 10:08:06,864 [Datanode State Machine Thread - 0] INFO  datanode.InitDatanodeState (InitDatanodeState.java:persistContainerDatanodeDetails(140)) - DatanodeDetails is persisted to /workdir/hadoop-ozone/integration-test/target/test-dir/MiniOzoneClusterImpl-13cc90b3-6ebc-41d2-a8a9-a3836e2af835/datanode-2/meta/datanode.id
2019-10-14 10:08:06,869 [main] INFO  volume.HddsVolume (HddsVolume.java:<init>(176)) - Creating Volume: /workdir/hadoop-ozone/integration-test/target/test-dir/MiniOzoneClusterImpl-13cc90b3-6ebc-41d2-a8a9-a3836e2af835/datanode-3/data/containers/hdds of  storage type : DISK and capacity : 1482555576320
2019-10-14 10:08:06,870 [main] INFO  volume.VolumeSet (VolumeSet.java:initializeVolumeSet(170)) - Added Volume : /workdir/hadoop-ozone/integration-test/target/test-dir/MiniOzoneClusterImpl-13cc90b3-6ebc-41d2-a8a9-a3836e2af835/datanode-3/data/containers/hdds to VolumeSet
2019-10-14 10:08:06,870 [main] INFO  volume.ThrottledAsyncChecker (ThrottledAsyncChecker.java:schedule(141)) - Scheduling a check for org.apache.hadoop.ozone.container.common.volume.HddsVolume@3e6ec74
2019-10-14 10:08:06,870 [main] INFO  volume.HddsVolumeChecker (HddsVolumeChecker.java:checkAllVolumes(204)) - Scheduled health check for volume org.apache.hadoop.ozone.container.common.volume.HddsVolume@3e6ec74
2019-10-14 10:08:06,883 [main] INFO  impl.RaftServerProxy (ConfUtils.java:logGet(43)) - raft.rpc.type = GRPC (default)
2019-10-14 10:08:06,883 [main] INFO  grpc.GrpcFactory (GrpcFactory.java:checkPooledByteBufAllocatorUseCacheForAllThreads(45)) - PERFORMANCE WARNING: useCacheForAllThreads is true that may cause Netty to create a lot garbage objects and, as a result, trigger GC.
	It is recommended to disable useCacheForAllThreads by setting -Dorg.apache.ratis.thirdparty.io.netty.allocator.useCacheForAllThreads=false in command line.
2019-10-14 10:08:06,883 [main] INFO  grpc.GrpcConfigKeys$Server (ConfUtils.java:logGet(43)) - raft.grpc.server.port = 0 (default)
2019-10-14 10:08:06,883 [main] INFO  server.GrpcService (ConfUtils.java:logGet(43)) - raft.grpc.message.size.max = 33570816 (custom)
2019-10-14 10:08:06,884 [main] INFO  server.RaftServerConfigKeys (ConfUtils.java:logGet(43)) - raft.server.log.appender.buffer.byte-limit = 33554432 (custom)
2019-10-14 10:08:06,884 [main] INFO  server.GrpcService (ConfUtils.java:logGet(43)) - raft.grpc.flow.control.window = 1MB (=1048576) (default)
2019-10-14 10:08:06,884 [main] INFO  server.RaftServerConfigKeys (ConfUtils.java:logGet(43)) - raft.server.rpc.request.timeout = 3000ms (default)
2019-10-14 10:08:06,884 [main] INFO  server.RaftServerConfigKeys (ConfUtils.java:logGet(43)) - raft.server.storage.dir = [/workdir/hadoop-ozone/integration-test/target/test-dir/MiniOzoneClusterImpl-13cc90b3-6ebc-41d2-a8a9-a3836e2af835/datanode-3/data/ratis] (custom)
2019-10-14 10:08:06,886 [main] INFO  hdfs.DFSUtil (DFSUtil.java:httpServerTemplateForNNAndJN(1641)) - Starting Web-server for hddsDatanode at: http://0.0.0.0:0
2019-10-14 10:08:06,887 [main] INFO  server.AuthenticationFilter (AuthenticationFilter.java:constructSecretProvider(240)) - Unable to initialize FileSignerSecretProvider, falling back to use random secrets.
2019-10-14 10:08:06,887 [main] WARN  http.HttpRequestLog (HttpRequestLog.java:getRequestLog(97)) - Jetty request log can only be enabled using Log4j
2019-10-14 10:08:06,888 [main] INFO  http.HttpServer2 (HttpServer2.java:addGlobalFilter(975)) - Added global filter 'safety' (class=org.apache.hadoop.http.HttpServer2$QuotingInputFilter)
2019-10-14 10:08:06,889 [main] INFO  http.HttpServer2 (HttpServer2.java:addFilter(948)) - Added filter static_user_filter (class=org.apache.hadoop.http.lib.StaticUserWebFilter$StaticUserFilter) to context hddsDatanode
2019-10-14 10:08:06,889 [main] INFO  http.HttpServer2 (HttpServer2.java:addFilter(958)) - Added filter static_user_filter (class=org.apache.hadoop.http.lib.StaticUserWebFilter$StaticUserFilter) to context static
2019-10-14 10:08:06,889 [main] INFO  http.HttpServer2 (HttpServer2.java:addFilter(958)) - Added filter static_user_filter (class=org.apache.hadoop.http.lib.StaticUserWebFilter$StaticUserFilter) to context logs
2019-10-14 10:08:06,890 [main] INFO  http.HttpServer2 (HttpServer2.java:bindListener(1191)) - Jetty bound to port 40223
2019-10-14 10:08:06,890 [main] INFO  server.Server (Server.java:doStart(351)) - jetty-9.3.25.v20180904, build timestamp: 2018-09-04T21:11:46Z, git hash: 3ce520221d0240229c862b122d2b06c12a625732
2019-10-14 10:08:06,891 [main] INFO  handler.ContextHandler (ContextHandler.java:doStart(781)) - Started o.e.j.s.ServletContextHandler@5785e813{/logs,file:///workdir/hadoop-ozone/integration-test/target/log,AVAILABLE}
2019-10-14 10:08:06,892 [main] INFO  handler.ContextHandler (ContextHandler.java:doStart(781)) - Started o.e.j.s.ServletContextHandler@6d294ddc{/static,jar:file:/home/user/.m2/repository/org/apache/hadoop/hadoop-hdds-container-service/0.5.0-SNAPSHOT/hadoop-hdds-container-service-0.5.0-SNAPSHOT.jar!/webapps/static,AVAILABLE}
2019-10-14 10:08:06,920 [main] INFO  handler.ContextHandler (ContextHandler.java:doStart(781)) - Started o.e.j.w.WebAppContext@5111de7c{/,file:///tmp/jetty-0.0.0.0-40223-hddsDatanode-_-any-1193203869654520944.dir/webapp/,AVAILABLE}{/hddsDatanode}
2019-10-14 10:08:06,920 [main] INFO  server.AbstractConnector (AbstractConnector.java:doStart(278)) - Started ServerConnector@7ac48e10{HTTP/1.1,[http/1.1]}{0.0.0.0:40223}
2019-10-14 10:08:06,921 [main] INFO  server.Server (Server.java:doStart(419)) - Started @215480ms
2019-10-14 10:08:06,921 [main] WARN  impl.MetricsSystemImpl (MetricsSystemImpl.java:register(276)) - Sink prometheus already exists!
2019-10-14 10:08:06,922 [main] INFO  server.BaseHttpServer (BaseHttpServer.java:updateConnectorAddress(215)) - HTTP server of HDDSDATANODE is listening at http://0.0.0.0:40223
2019-10-14 10:08:06,922 [main] INFO  impl.MetricsSystemImpl (MetricsSystemImpl.java:init(158)) - HddsDatanode metrics system started (again)
2019-10-14 10:08:06,926 [org.apache.hadoop.util.JvmPauseMonitor$Monitor@11c13f61] INFO  util.JvmPauseMonitor (JvmPauseMonitor.java:run(188)) - Starting JVM pause monitor
2019-10-14 10:08:06,927 [main] INFO  ozone.HddsDatanodeService (HddsDatanodeService.java:start(184)) - HddsDatanodeService host:pr-hdds-2297-rpftj-184604365 ip:192.168.5.145
2019-10-14 10:08:06,927 [Datanode State Machine Thread - 0] INFO  datanode.InitDatanodeState (InitDatanodeState.java:persistContainerDatanodeDetails(140)) - DatanodeDetails is persisted to /workdir/hadoop-ozone/integration-test/target/test-dir/MiniOzoneClusterImpl-13cc90b3-6ebc-41d2-a8a9-a3836e2af835/datanode-3/meta/datanode.id
2019-10-14 10:08:06,933 [main] INFO  volume.HddsVolume (HddsVolume.java:<init>(176)) - Creating Volume: /workdir/hadoop-ozone/integration-test/target/test-dir/MiniOzoneClusterImpl-13cc90b3-6ebc-41d2-a8a9-a3836e2af835/datanode-4/data/containers/hdds of  storage type : DISK and capacity : 1482555576320
2019-10-14 10:08:06,933 [main] INFO  volume.VolumeSet (VolumeSet.java:initializeVolumeSet(170)) - Added Volume : /workdir/hadoop-ozone/integration-test/target/test-dir/MiniOzoneClusterImpl-13cc90b3-6ebc-41d2-a8a9-a3836e2af835/datanode-4/data/containers/hdds to VolumeSet
2019-10-14 10:08:06,933 [main] INFO  volume.ThrottledAsyncChecker (ThrottledAsyncChecker.java:schedule(141)) - Scheduling a check for org.apache.hadoop.ozone.container.common.volume.HddsVolume@7a0ab480
2019-10-14 10:08:06,934 [main] INFO  volume.HddsVolumeChecker (HddsVolumeChecker.java:checkAllVolumes(204)) - Scheduled health check for volume org.apache.hadoop.ozone.container.common.volume.HddsVolume@7a0ab480
2019-10-14 10:08:06,946 [main] INFO  impl.RaftServerProxy (ConfUtils.java:logGet(43)) - raft.rpc.type = GRPC (default)
2019-10-14 10:08:06,946 [main] INFO  grpc.GrpcFactory (GrpcFactory.java:checkPooledByteBufAllocatorUseCacheForAllThreads(45)) - PERFORMANCE WARNING: useCacheForAllThreads is true that may cause Netty to create a lot garbage objects and, as a result, trigger GC.
	It is recommended to disable useCacheForAllThreads by setting -Dorg.apache.ratis.thirdparty.io.netty.allocator.useCacheForAllThreads=false in command line.
2019-10-14 10:08:06,946 [main] INFO  grpc.GrpcConfigKeys$Server (ConfUtils.java:logGet(43)) - raft.grpc.server.port = 0 (default)
2019-10-14 10:08:06,946 [main] INFO  server.GrpcService (ConfUtils.java:logGet(43)) - raft.grpc.message.size.max = 33570816 (custom)
2019-10-14 10:08:06,946 [main] INFO  server.RaftServerConfigKeys (ConfUtils.java:logGet(43)) - raft.server.log.appender.buffer.byte-limit = 33554432 (custom)
2019-10-14 10:08:06,947 [main] INFO  server.GrpcService (ConfUtils.java:logGet(43)) - raft.grpc.flow.control.window = 1MB (=1048576) (default)
2019-10-14 10:08:06,947 [main] INFO  server.RaftServerConfigKeys (ConfUtils.java:logGet(43)) - raft.server.rpc.request.timeout = 3000ms (default)
2019-10-14 10:08:06,947 [main] INFO  server.RaftServerConfigKeys (ConfUtils.java:logGet(43)) - raft.server.storage.dir = [/workdir/hadoop-ozone/integration-test/target/test-dir/MiniOzoneClusterImpl-13cc90b3-6ebc-41d2-a8a9-a3836e2af835/datanode-4/data/ratis] (custom)
2019-10-14 10:08:06,948 [main] INFO  hdfs.DFSUtil (DFSUtil.java:httpServerTemplateForNNAndJN(1641)) - Starting Web-server for hddsDatanode at: http://0.0.0.0:0
2019-10-14 10:08:06,949 [main] INFO  server.AuthenticationFilter (AuthenticationFilter.java:constructSecretProvider(240)) - Unable to initialize FileSignerSecretProvider, falling back to use random secrets.
2019-10-14 10:08:06,950 [main] WARN  http.HttpRequestLog (HttpRequestLog.java:getRequestLog(97)) - Jetty request log can only be enabled using Log4j
2019-10-14 10:08:06,951 [main] INFO  http.HttpServer2 (HttpServer2.java:addGlobalFilter(975)) - Added global filter 'safety' (class=org.apache.hadoop.http.HttpServer2$QuotingInputFilter)
2019-10-14 10:08:06,951 [main] INFO  http.HttpServer2 (HttpServer2.java:addFilter(948)) - Added filter static_user_filter (class=org.apache.hadoop.http.lib.StaticUserWebFilter$StaticUserFilter) to context hddsDatanode
2019-10-14 10:08:06,951 [main] INFO  http.HttpServer2 (HttpServer2.java:addFilter(958)) - Added filter static_user_filter (class=org.apache.hadoop.http.lib.StaticUserWebFilter$StaticUserFilter) to context static
2019-10-14 10:08:06,951 [main] INFO  http.HttpServer2 (HttpServer2.java:addFilter(958)) - Added filter static_user_filter (class=org.apache.hadoop.http.lib.StaticUserWebFilter$StaticUserFilter) to context logs
2019-10-14 10:08:06,952 [main] INFO  http.HttpServer2 (HttpServer2.java:bindListener(1191)) - Jetty bound to port 46394
2019-10-14 10:08:06,952 [main] INFO  server.Server (Server.java:doStart(351)) - jetty-9.3.25.v20180904, build timestamp: 2018-09-04T21:11:46Z, git hash: 3ce520221d0240229c862b122d2b06c12a625732
2019-10-14 10:08:06,954 [main] INFO  handler.ContextHandler (ContextHandler.java:doStart(781)) - Started o.e.j.s.ServletContextHandler@2b43f314{/logs,file:///workdir/hadoop-ozone/integration-test/target/log,AVAILABLE}
2019-10-14 10:08:06,954 [main] INFO  handler.ContextHandler (ContextHandler.java:doStart(781)) - Started o.e.j.s.ServletContextHandler@4f3356c0{/static,jar:file:/home/user/.m2/repository/org/apache/hadoop/hadoop-hdds-container-service/0.5.0-SNAPSHOT/hadoop-hdds-container-service-0.5.0-SNAPSHOT.jar!/webapps/static,AVAILABLE}
2019-10-14 10:08:06,982 [main] INFO  handler.ContextHandler (ContextHandler.java:doStart(781)) - Started o.e.j.w.WebAppContext@36c07c75{/,file:///tmp/jetty-0.0.0.0-46394-hddsDatanode-_-any-8944719839251123451.dir/webapp/,AVAILABLE}{/hddsDatanode}
2019-10-14 10:08:06,982 [main] INFO  server.AbstractConnector (AbstractConnector.java:doStart(278)) - Started ServerConnector@6750e381{HTTP/1.1,[http/1.1]}{0.0.0.0:46394}
2019-10-14 10:08:06,983 [main] INFO  server.Server (Server.java:doStart(419)) - Started @215543ms
2019-10-14 10:08:06,983 [main] WARN  impl.MetricsSystemImpl (MetricsSystemImpl.java:register(276)) - Sink prometheus already exists!
2019-10-14 10:08:06,984 [main] INFO  server.BaseHttpServer (BaseHttpServer.java:updateConnectorAddress(215)) - HTTP server of HDDSDATANODE is listening at http://0.0.0.0:46394
2019-10-14 10:08:06,984 [main] INFO  impl.MetricsSystemImpl (MetricsSystemImpl.java:init(158)) - HddsDatanode metrics system started (again)
2019-10-14 10:08:06,989 [org.apache.hadoop.util.JvmPauseMonitor$Monitor@754032d7] INFO  util.JvmPauseMonitor (JvmPauseMonitor.java:run(188)) - Starting JVM pause monitor
2019-10-14 10:08:06,989 [main] INFO  ozone.HddsDatanodeService (HddsDatanodeService.java:start(184)) - HddsDatanodeService host:pr-hdds-2297-rpftj-184604365 ip:192.168.5.145
2019-10-14 10:08:06,990 [Datanode State Machine Thread - 0] INFO  datanode.InitDatanodeState (InitDatanodeState.java:persistContainerDatanodeDetails(140)) - DatanodeDetails is persisted to /workdir/hadoop-ozone/integration-test/target/test-dir/MiniOzoneClusterImpl-13cc90b3-6ebc-41d2-a8a9-a3836e2af835/datanode-4/meta/datanode.id
2019-10-14 10:08:06,995 [main] INFO  volume.HddsVolume (HddsVolume.java:<init>(176)) - Creating Volume: /workdir/hadoop-ozone/integration-test/target/test-dir/MiniOzoneClusterImpl-13cc90b3-6ebc-41d2-a8a9-a3836e2af835/datanode-5/data/containers/hdds of  storage type : DISK and capacity : 1482555576320
2019-10-14 10:08:06,995 [main] INFO  volume.VolumeSet (VolumeSet.java:initializeVolumeSet(170)) - Added Volume : /workdir/hadoop-ozone/integration-test/target/test-dir/MiniOzoneClusterImpl-13cc90b3-6ebc-41d2-a8a9-a3836e2af835/datanode-5/data/containers/hdds to VolumeSet
2019-10-14 10:08:06,995 [main] INFO  volume.ThrottledAsyncChecker (ThrottledAsyncChecker.java:schedule(141)) - Scheduling a check for org.apache.hadoop.ozone.container.common.volume.HddsVolume@6b4a4e40
2019-10-14 10:08:06,995 [main] INFO  volume.HddsVolumeChecker (HddsVolumeChecker.java:checkAllVolumes(204)) - Scheduled health check for volume org.apache.hadoop.ozone.container.common.volume.HddsVolume@6b4a4e40
2019-10-14 10:08:07,007 [main] INFO  impl.RaftServerProxy (ConfUtils.java:logGet(43)) - raft.rpc.type = GRPC (default)
2019-10-14 10:08:07,007 [main] INFO  grpc.GrpcFactory (GrpcFactory.java:checkPooledByteBufAllocatorUseCacheForAllThreads(45)) - PERFORMANCE WARNING: useCacheForAllThreads is true that may cause Netty to create a lot garbage objects and, as a result, trigger GC.
	It is recommended to disable useCacheForAllThreads by setting -Dorg.apache.ratis.thirdparty.io.netty.allocator.useCacheForAllThreads=false in command line.
2019-10-14 10:08:07,008 [main] INFO  grpc.GrpcConfigKeys$Server (ConfUtils.java:logGet(43)) - raft.grpc.server.port = 0 (default)
2019-10-14 10:08:07,008 [main] INFO  server.GrpcService (ConfUtils.java:logGet(43)) - raft.grpc.message.size.max = 33570816 (custom)
2019-10-14 10:08:07,008 [main] INFO  server.RaftServerConfigKeys (ConfUtils.java:logGet(43)) - raft.server.log.appender.buffer.byte-limit = 33554432 (custom)
2019-10-14 10:08:07,008 [main] INFO  server.GrpcService (ConfUtils.java:logGet(43)) - raft.grpc.flow.control.window = 1MB (=1048576) (default)
2019-10-14 10:08:07,008 [main] INFO  server.RaftServerConfigKeys (ConfUtils.java:logGet(43)) - raft.server.rpc.request.timeout = 3000ms (default)
2019-10-14 10:08:07,009 [main] INFO  server.RaftServerConfigKeys (ConfUtils.java:logGet(43)) - raft.server.storage.dir = [/workdir/hadoop-ozone/integration-test/target/test-dir/MiniOzoneClusterImpl-13cc90b3-6ebc-41d2-a8a9-a3836e2af835/datanode-5/data/ratis] (custom)
2019-10-14 10:08:07,010 [main] INFO  hdfs.DFSUtil (DFSUtil.java:httpServerTemplateForNNAndJN(1641)) - Starting Web-server for hddsDatanode at: http://0.0.0.0:0
2019-10-14 10:08:07,011 [main] INFO  server.AuthenticationFilter (AuthenticationFilter.java:constructSecretProvider(240)) - Unable to initialize FileSignerSecretProvider, falling back to use random secrets.
2019-10-14 10:08:07,011 [main] WARN  http.HttpRequestLog (HttpRequestLog.java:getRequestLog(97)) - Jetty request log can only be enabled using Log4j
2019-10-14 10:08:07,012 [main] INFO  http.HttpServer2 (HttpServer2.java:addGlobalFilter(975)) - Added global filter 'safety' (class=org.apache.hadoop.http.HttpServer2$QuotingInputFilter)
2019-10-14 10:08:07,013 [main] INFO  http.HttpServer2 (HttpServer2.java:addFilter(948)) - Added filter static_user_filter (class=org.apache.hadoop.http.lib.StaticUserWebFilter$StaticUserFilter) to context hddsDatanode
2019-10-14 10:08:07,013 [main] INFO  http.HttpServer2 (HttpServer2.java:addFilter(958)) - Added filter static_user_filter (class=org.apache.hadoop.http.lib.StaticUserWebFilter$StaticUserFilter) to context static
2019-10-14 10:08:07,013 [main] INFO  http.HttpServer2 (HttpServer2.java:addFilter(958)) - Added filter static_user_filter (class=org.apache.hadoop.http.lib.StaticUserWebFilter$StaticUserFilter) to context logs
2019-10-14 10:08:07,014 [main] INFO  http.HttpServer2 (HttpServer2.java:bindListener(1191)) - Jetty bound to port 43785
2019-10-14 10:08:07,014 [main] INFO  server.Server (Server.java:doStart(351)) - jetty-9.3.25.v20180904, build timestamp: 2018-09-04T21:11:46Z, git hash: 3ce520221d0240229c862b122d2b06c12a625732
2019-10-14 10:08:07,015 [main] INFO  handler.ContextHandler (ContextHandler.java:doStart(781)) - Started o.e.j.s.ServletContextHandler@5bb8e6fc{/logs,file:///workdir/hadoop-ozone/integration-test/target/log,AVAILABLE}
2019-10-14 10:08:07,016 [main] INFO  handler.ContextHandler (ContextHandler.java:doStart(781)) - Started o.e.j.s.ServletContextHandler@72c9ebfa{/static,jar:file:/home/user/.m2/repository/org/apache/hadoop/hadoop-hdds-container-service/0.5.0-SNAPSHOT/hadoop-hdds-container-service-0.5.0-SNAPSHOT.jar!/webapps/static,AVAILABLE}
2019-10-14 10:08:07,044 [main] INFO  handler.ContextHandler (ContextHandler.java:doStart(781)) - Started o.e.j.w.WebAppContext@52ecc989{/,file:///tmp/jetty-0.0.0.0-43785-hddsDatanode-_-any-3892820348388035186.dir/webapp/,AVAILABLE}{/hddsDatanode}
2019-10-14 10:08:07,044 [main] INFO  server.AbstractConnector (AbstractConnector.java:doStart(278)) - Started ServerConnector@756808cc{HTTP/1.1,[http/1.1]}{0.0.0.0:43785}
2019-10-14 10:08:07,045 [main] INFO  server.Server (Server.java:doStart(419)) - Started @215605ms
2019-10-14 10:08:07,045 [main] WARN  impl.MetricsSystemImpl (MetricsSystemImpl.java:register(276)) - Sink prometheus already exists!
2019-10-14 10:08:07,046 [main] INFO  server.BaseHttpServer (BaseHttpServer.java:updateConnectorAddress(215)) - HTTP server of HDDSDATANODE is listening at http://0.0.0.0:43785
2019-10-14 10:08:07,046 [main] INFO  impl.MetricsSystemImpl (MetricsSystemImpl.java:init(158)) - HddsDatanode metrics system started (again)
2019-10-14 10:08:07,052 [org.apache.hadoop.util.JvmPauseMonitor$Monitor@2307bc8] INFO  util.JvmPauseMonitor (JvmPauseMonitor.java:run(188)) - Starting JVM pause monitor
2019-10-14 10:08:07,052 [Datanode State Machine Thread - 0] INFO  datanode.InitDatanodeState (InitDatanodeState.java:persistContainerDatanodeDetails(140)) - DatanodeDetails is persisted to /workdir/hadoop-ozone/integration-test/target/test-dir/MiniOzoneClusterImpl-13cc90b3-6ebc-41d2-a8a9-a3836e2af835/datanode-5/meta/datanode.id
2019-10-14 10:08:07,052 [main] INFO  ozone.HddsDatanodeService (HddsDatanodeService.java:start(184)) - HddsDatanodeService host:pr-hdds-2297-rpftj-184604365 ip:192.168.5.145
2019-10-14 10:08:07,059 [main] INFO  volume.HddsVolume (HddsVolume.java:<init>(176)) - Creating Volume: /workdir/hadoop-ozone/integration-test/target/test-dir/MiniOzoneClusterImpl-13cc90b3-6ebc-41d2-a8a9-a3836e2af835/datanode-6/data/containers/hdds of  storage type : DISK and capacity : 1482555576320
2019-10-14 10:08:07,059 [main] INFO  volume.VolumeSet (VolumeSet.java:initializeVolumeSet(170)) - Added Volume : /workdir/hadoop-ozone/integration-test/target/test-dir/MiniOzoneClusterImpl-13cc90b3-6ebc-41d2-a8a9-a3836e2af835/datanode-6/data/containers/hdds to VolumeSet
2019-10-14 10:08:07,059 [main] INFO  volume.ThrottledAsyncChecker (ThrottledAsyncChecker.java:schedule(141)) - Scheduling a check for org.apache.hadoop.ozone.container.common.volume.HddsVolume@238291d4
2019-10-14 10:08:07,059 [main] INFO  volume.HddsVolumeChecker (HddsVolumeChecker.java:checkAllVolumes(204)) - Scheduled health check for volume org.apache.hadoop.ozone.container.common.volume.HddsVolume@238291d4
2019-10-14 10:08:07,073 [main] INFO  impl.RaftServerProxy (ConfUtils.java:logGet(43)) - raft.rpc.type = GRPC (default)
2019-10-14 10:08:07,073 [main] INFO  grpc.GrpcFactory (GrpcFactory.java:checkPooledByteBufAllocatorUseCacheForAllThreads(45)) - PERFORMANCE WARNING: useCacheForAllThreads is true that may cause Netty to create a lot garbage objects and, as a result, trigger GC.
	It is recommended to disable useCacheForAllThreads by setting -Dorg.apache.ratis.thirdparty.io.netty.allocator.useCacheForAllThreads=false in command line.
2019-10-14 10:08:07,073 [main] INFO  grpc.GrpcConfigKeys$Server (ConfUtils.java:logGet(43)) - raft.grpc.server.port = 0 (default)
2019-10-14 10:08:07,073 [main] INFO  server.GrpcService (ConfUtils.java:logGet(43)) - raft.grpc.message.size.max = 33570816 (custom)
2019-10-14 10:08:07,073 [main] INFO  server.RaftServerConfigKeys (ConfUtils.java:logGet(43)) - raft.server.log.appender.buffer.byte-limit = 33554432 (custom)
2019-10-14 10:08:07,074 [main] INFO  server.GrpcService (ConfUtils.java:logGet(43)) - raft.grpc.flow.control.window = 1MB (=1048576) (default)
2019-10-14 10:08:07,074 [main] INFO  server.RaftServerConfigKeys (ConfUtils.java:logGet(43)) - raft.server.rpc.request.timeout = 3000ms (default)
2019-10-14 10:08:07,074 [main] INFO  server.RaftServerConfigKeys (ConfUtils.java:logGet(43)) - raft.server.storage.dir = [/workdir/hadoop-ozone/integration-test/target/test-dir/MiniOzoneClusterImpl-13cc90b3-6ebc-41d2-a8a9-a3836e2af835/datanode-6/data/ratis] (custom)
2019-10-14 10:08:07,075 [main] INFO  hdfs.DFSUtil (DFSUtil.java:httpServerTemplateForNNAndJN(1641)) - Starting Web-server for hddsDatanode at: http://0.0.0.0:0
2019-10-14 10:08:07,076 [main] INFO  server.AuthenticationFilter (AuthenticationFilter.java:constructSecretProvider(240)) - Unable to initialize FileSignerSecretProvider, falling back to use random secrets.
2019-10-14 10:08:07,077 [main] WARN  http.HttpRequestLog (HttpRequestLog.java:getRequestLog(97)) - Jetty request log can only be enabled using Log4j
2019-10-14 10:08:07,078 [main] INFO  http.HttpServer2 (HttpServer2.java:addGlobalFilter(975)) - Added global filter 'safety' (class=org.apache.hadoop.http.HttpServer2$QuotingInputFilter)
2019-10-14 10:08:07,078 [main] INFO  http.HttpServer2 (HttpServer2.java:addFilter(948)) - Added filter static_user_filter (class=org.apache.hadoop.http.lib.StaticUserWebFilter$StaticUserFilter) to context hddsDatanode
2019-10-14 10:08:07,078 [main] INFO  http.HttpServer2 (HttpServer2.java:addFilter(958)) - Added filter static_user_filter (class=org.apache.hadoop.http.lib.StaticUserWebFilter$StaticUserFilter) to context static
2019-10-14 10:08:07,078 [main] INFO  http.HttpServer2 (HttpServer2.java:addFilter(958)) - Added filter static_user_filter (class=org.apache.hadoop.http.lib.StaticUserWebFilter$StaticUserFilter) to context logs
2019-10-14 10:08:07,079 [main] INFO  http.HttpServer2 (HttpServer2.java:bindListener(1191)) - Jetty bound to port 41987
2019-10-14 10:08:07,079 [main] INFO  server.Server (Server.java:doStart(351)) - jetty-9.3.25.v20180904, build timestamp: 2018-09-04T21:11:46Z, git hash: 3ce520221d0240229c862b122d2b06c12a625732
2019-10-14 10:08:07,080 [main] INFO  handler.ContextHandler (ContextHandler.java:doStart(781)) - Started o.e.j.s.ServletContextHandler@755b5f30{/logs,file:///workdir/hadoop-ozone/integration-test/target/log,AVAILABLE}
2019-10-14 10:08:07,081 [main] INFO  handler.ContextHandler (ContextHandler.java:doStart(781)) - Started o.e.j.s.ServletContextHandler@272778ae{/static,jar:file:/home/user/.m2/repository/org/apache/hadoop/hadoop-hdds-container-service/0.5.0-SNAPSHOT/hadoop-hdds-container-service-0.5.0-SNAPSHOT.jar!/webapps/static,AVAILABLE}
2019-10-14 10:08:07,109 [main] INFO  handler.ContextHandler (ContextHandler.java:doStart(781)) - Started o.e.j.w.WebAppContext@77083e41{/,file:///tmp/jetty-0.0.0.0-41987-hddsDatanode-_-any-5325089049287440011.dir/webapp/,AVAILABLE}{/hddsDatanode}
2019-10-14 10:08:07,109 [main] INFO  server.AbstractConnector (AbstractConnector.java:doStart(278)) - Started ServerConnector@231df705{HTTP/1.1,[http/1.1]}{0.0.0.0:41987}
2019-10-14 10:08:07,111 [main] INFO  server.Server (Server.java:doStart(419)) - Started @215670ms
2019-10-14 10:08:07,111 [main] WARN  impl.MetricsSystemImpl (MetricsSystemImpl.java:register(276)) - Sink prometheus already exists!
2019-10-14 10:08:07,112 [main] INFO  server.BaseHttpServer (BaseHttpServer.java:updateConnectorAddress(215)) - HTTP server of HDDSDATANODE is listening at http://0.0.0.0:41987
2019-10-14 10:08:07,112 [main] INFO  ozone.MiniOzoneClusterImpl (MiniOzoneClusterImpl.java:lambda$waitForClusterToBeReady$0(147)) - Waiting for cluster to be ready. Got 0 of 7 DN Heartbeats.
2019-10-14 10:08:07,113 [org.apache.hadoop.util.JvmPauseMonitor$Monitor@4be19a52] INFO  util.JvmPauseMonitor (JvmPauseMonitor.java:run(188)) - Starting JVM pause monitor
2019-10-14 10:08:07,115 [Datanode State Machine Thread - 0] INFO  datanode.InitDatanodeState (InitDatanodeState.java:persistContainerDatanodeDetails(140)) - DatanodeDetails is persisted to /workdir/hadoop-ozone/integration-test/target/test-dir/MiniOzoneClusterImpl-13cc90b3-6ebc-41d2-a8a9-a3836e2af835/datanode-6/meta/datanode.id
2019-10-14 10:08:08,112 [main] INFO  ozone.MiniOzoneClusterImpl (MiniOzoneClusterImpl.java:lambda$waitForClusterToBeReady$0(147)) - Waiting for cluster to be ready. Got 0 of 7 DN Heartbeats.
2019-10-14 10:08:08,764 [Datanode State Machine Thread - 0] INFO  ozoneimpl.OzoneContainer (OzoneContainer.java:start(213)) - Attempting to start container services.
2019-10-14 10:08:08,764 [Datanode State Machine Thread - 0] INFO  ozoneimpl.OzoneContainer (OzoneContainer.java:startContainerScrub(177)) - Background container scanner has been disabled.
2019-10-14 10:08:08,765 [Datanode State Machine Thread - 0] INFO  ratis.XceiverServerRatis (XceiverServerRatis.java:start(418)) - Starting XceiverServerRatis b2483a3f-840a-458c-8646-43547af974eb at port 0
2019-10-14 10:08:08,771 [Datanode State Machine Thread - 0] INFO  impl.RaftServerProxy (RaftServerProxy.java:lambda$start$3(299)) - b2483a3f-840a-458c-8646-43547af974eb: start RPC server
2019-10-14 10:08:08,772 [Datanode State Machine Thread - 0] INFO  server.GrpcService (GrpcService.java:startImpl(158)) - b2483a3f-840a-458c-8646-43547af974eb: GrpcService started, listening on 0.0.0.0/0.0.0.0:38184
2019-10-14 10:08:08,773 [Datanode State Machine Thread - 0] INFO  ratis.XceiverServerRatis (XceiverServerRatis.java:start(428)) - XceiverServerRatis b2483a3f-840a-458c-8646-43547af974eb is started using port 38184
2019-10-14 10:08:08,773 [Datanode State Machine Thread - 0] INFO  server.XceiverServerGrpc (XceiverServerGrpc.java:start(149)) - XceiverServerGrpc b2483a3f-840a-458c-8646-43547af974eb is started using port 44034
2019-10-14 10:08:08,817 [Datanode State Machine Thread - 0] INFO  ozoneimpl.OzoneContainer (OzoneContainer.java:start(213)) - Attempting to start container services.
2019-10-14 10:08:08,818 [Datanode State Machine Thread - 0] INFO  ozoneimpl.OzoneContainer (OzoneContainer.java:startContainerScrub(177)) - Background container scanner has been disabled.
2019-10-14 10:08:08,818 [Datanode State Machine Thread - 0] INFO  ratis.XceiverServerRatis (XceiverServerRatis.java:start(418)) - Starting XceiverServerRatis 1fc12681-f003-40dc-9d14-ffa82c5165bb at port 0
2019-10-14 10:08:08,823 [Datanode State Machine Thread - 0] INFO  impl.RaftServerProxy (RaftServerProxy.java:lambda$start$3(299)) - 1fc12681-f003-40dc-9d14-ffa82c5165bb: start RPC server
2019-10-14 10:08:08,826 [Datanode State Machine Thread - 0] INFO  server.GrpcService (GrpcService.java:startImpl(158)) - 1fc12681-f003-40dc-9d14-ffa82c5165bb: GrpcService started, listening on 0.0.0.0/0.0.0.0:44926
2019-10-14 10:08:08,826 [Datanode State Machine Thread - 0] INFO  ratis.XceiverServerRatis (XceiverServerRatis.java:start(428)) - XceiverServerRatis 1fc12681-f003-40dc-9d14-ffa82c5165bb is started using port 44926
2019-10-14 10:08:08,826 [Datanode State Machine Thread - 0] INFO  server.XceiverServerGrpc (XceiverServerGrpc.java:start(149)) - XceiverServerGrpc 1fc12681-f003-40dc-9d14-ffa82c5165bb is started using port 35657
2019-10-14 10:08:08,875 [Datanode State Machine Thread - 0] INFO  ozoneimpl.OzoneContainer (OzoneContainer.java:start(213)) - Attempting to start container services.
2019-10-14 10:08:08,876 [Datanode State Machine Thread - 0] INFO  ozoneimpl.OzoneContainer (OzoneContainer.java:startContainerScrub(177)) - Background container scanner has been disabled.
2019-10-14 10:08:08,876 [Datanode State Machine Thread - 0] INFO  ratis.XceiverServerRatis (XceiverServerRatis.java:start(418)) - Starting XceiverServerRatis 86dfeabe-19c5-4fef-a17f-7cde16997188 at port 0
2019-10-14 10:08:08,882 [Datanode State Machine Thread - 0] INFO  impl.RaftServerProxy (RaftServerProxy.java:lambda$start$3(299)) - 86dfeabe-19c5-4fef-a17f-7cde16997188: start RPC server
2019-10-14 10:08:08,885 [Datanode State Machine Thread - 0] INFO  server.GrpcService (GrpcService.java:startImpl(158)) - 86dfeabe-19c5-4fef-a17f-7cde16997188: GrpcService started, listening on 0.0.0.0/0.0.0.0:35445
2019-10-14 10:08:08,885 [Datanode State Machine Thread - 0] INFO  ratis.XceiverServerRatis (XceiverServerRatis.java:start(428)) - XceiverServerRatis 86dfeabe-19c5-4fef-a17f-7cde16997188 is started using port 35445
2019-10-14 10:08:08,888 [Datanode State Machine Thread - 0] INFO  server.XceiverServerGrpc (XceiverServerGrpc.java:start(149)) - XceiverServerGrpc 86dfeabe-19c5-4fef-a17f-7cde16997188 is started using port 45544
2019-10-14 10:08:08,940 [Datanode State Machine Thread - 0] INFO  ozoneimpl.OzoneContainer (OzoneContainer.java:start(213)) - Attempting to start container services.
2019-10-14 10:08:08,940 [Datanode State Machine Thread - 0] INFO  ozoneimpl.OzoneContainer (OzoneContainer.java:startContainerScrub(177)) - Background container scanner has been disabled.
2019-10-14 10:08:08,941 [Datanode State Machine Thread - 0] INFO  ratis.XceiverServerRatis (XceiverServerRatis.java:start(418)) - Starting XceiverServerRatis e4a32d14-8f19-42c7-80b9-6a4a7381d399 at port 0
2019-10-14 10:08:08,946 [Datanode State Machine Thread - 0] INFO  impl.RaftServerProxy (RaftServerProxy.java:lambda$start$3(299)) - e4a32d14-8f19-42c7-80b9-6a4a7381d399: start RPC server
2019-10-14 10:08:08,947 [Datanode State Machine Thread - 0] INFO  server.GrpcService (GrpcService.java:startImpl(158)) - e4a32d14-8f19-42c7-80b9-6a4a7381d399: GrpcService started, listening on 0.0.0.0/0.0.0.0:40829
2019-10-14 10:08:08,947 [Datanode State Machine Thread - 0] INFO  ratis.XceiverServerRatis (XceiverServerRatis.java:start(428)) - XceiverServerRatis e4a32d14-8f19-42c7-80b9-6a4a7381d399 is started using port 40829
2019-10-14 10:08:08,947 [Datanode State Machine Thread - 0] INFO  server.XceiverServerGrpc (XceiverServerGrpc.java:start(149)) - XceiverServerGrpc e4a32d14-8f19-42c7-80b9-6a4a7381d399 is started using port 41193
2019-10-14 10:08:09,001 [Datanode State Machine Thread - 0] INFO  ozoneimpl.OzoneContainer (OzoneContainer.java:start(213)) - Attempting to start container services.
2019-10-14 10:08:09,002 [Datanode State Machine Thread - 0] INFO  ozoneimpl.OzoneContainer (OzoneContainer.java:startContainerScrub(177)) - Background container scanner has been disabled.
2019-10-14 10:08:09,002 [Datanode State Machine Thread - 0] INFO  ratis.XceiverServerRatis (XceiverServerRatis.java:start(418)) - Starting XceiverServerRatis 44d9e862-9694-45d2-bbd8-86e8fa5a5f56 at port 0
2019-10-14 10:08:09,006 [Datanode State Machine Thread - 0] INFO  impl.RaftServerProxy (RaftServerProxy.java:lambda$start$3(299)) - 44d9e862-9694-45d2-bbd8-86e8fa5a5f56: start RPC server
2019-10-14 10:08:09,007 [Datanode State Machine Thread - 0] INFO  server.GrpcService (GrpcService.java:startImpl(158)) - 44d9e862-9694-45d2-bbd8-86e8fa5a5f56: GrpcService started, listening on 0.0.0.0/0.0.0.0:33968
2019-10-14 10:08:09,007 [Datanode State Machine Thread - 0] INFO  ratis.XceiverServerRatis (XceiverServerRatis.java:start(428)) - XceiverServerRatis 44d9e862-9694-45d2-bbd8-86e8fa5a5f56 is started using port 33968
2019-10-14 10:08:09,007 [Datanode State Machine Thread - 0] INFO  server.XceiverServerGrpc (XceiverServerGrpc.java:start(149)) - XceiverServerGrpc 44d9e862-9694-45d2-bbd8-86e8fa5a5f56 is started using port 40965
2019-10-14 10:08:09,064 [Datanode State Machine Thread - 0] INFO  ozoneimpl.OzoneContainer (OzoneContainer.java:start(213)) - Attempting to start container services.
2019-10-14 10:08:09,065 [Datanode State Machine Thread - 0] INFO  ozoneimpl.OzoneContainer (OzoneContainer.java:startContainerScrub(177)) - Background container scanner has been disabled.
2019-10-14 10:08:09,065 [Datanode State Machine Thread - 0] INFO  ratis.XceiverServerRatis (XceiverServerRatis.java:start(418)) - Starting XceiverServerRatis 6d5a3e42-9632-4a15-b5fb-f8db03503323 at port 0
2019-10-14 10:08:09,071 [Datanode State Machine Thread - 0] INFO  impl.RaftServerProxy (RaftServerProxy.java:lambda$start$3(299)) - 6d5a3e42-9632-4a15-b5fb-f8db03503323: start RPC server
2019-10-14 10:08:09,071 [Datanode State Machine Thread - 0] INFO  server.GrpcService (GrpcService.java:startImpl(158)) - 6d5a3e42-9632-4a15-b5fb-f8db03503323: GrpcService started, listening on 0.0.0.0/0.0.0.0:36203
2019-10-14 10:08:09,072 [Datanode State Machine Thread - 0] INFO  ratis.XceiverServerRatis (XceiverServerRatis.java:start(428)) - XceiverServerRatis 6d5a3e42-9632-4a15-b5fb-f8db03503323 is started using port 36203
2019-10-14 10:08:09,072 [Datanode State Machine Thread - 0] INFO  server.XceiverServerGrpc (XceiverServerGrpc.java:start(149)) - XceiverServerGrpc 6d5a3e42-9632-4a15-b5fb-f8db03503323 is started using port 43973
2019-10-14 10:08:09,113 [main] INFO  ozone.MiniOzoneClusterImpl (MiniOzoneClusterImpl.java:lambda$waitForClusterToBeReady$0(147)) - Waiting for cluster to be ready. Got 0 of 7 DN Heartbeats.
2019-10-14 10:08:09,127 [Datanode State Machine Thread - 0] INFO  ozoneimpl.OzoneContainer (OzoneContainer.java:start(213)) - Attempting to start container services.
2019-10-14 10:08:09,127 [Datanode State Machine Thread - 0] INFO  ozoneimpl.OzoneContainer (OzoneContainer.java:startContainerScrub(177)) - Background container scanner has been disabled.
2019-10-14 10:08:09,128 [Datanode State Machine Thread - 0] INFO  ratis.XceiverServerRatis (XceiverServerRatis.java:start(418)) - Starting XceiverServerRatis f81f4ada-2660-418f-b675-061107a86a12 at port 0
2019-10-14 10:08:09,134 [Datanode State Machine Thread - 0] INFO  impl.RaftServerProxy (RaftServerProxy.java:lambda$start$3(299)) - f81f4ada-2660-418f-b675-061107a86a12: start RPC server
2019-10-14 10:08:09,134 [Datanode State Machine Thread - 0] INFO  server.GrpcService (GrpcService.java:startImpl(158)) - f81f4ada-2660-418f-b675-061107a86a12: GrpcService started, listening on 0.0.0.0/0.0.0.0:34937
2019-10-14 10:08:09,135 [Datanode State Machine Thread - 0] INFO  ratis.XceiverServerRatis (XceiverServerRatis.java:start(428)) - XceiverServerRatis f81f4ada-2660-418f-b675-061107a86a12 is started using port 34937
2019-10-14 10:08:09,135 [Datanode State Machine Thread - 0] INFO  server.XceiverServerGrpc (XceiverServerGrpc.java:start(149)) - XceiverServerGrpc f81f4ada-2660-418f-b675-061107a86a12 is started using port 35244
2019-10-14 10:08:10,113 [main] INFO  ozone.MiniOzoneClusterImpl (MiniOzoneClusterImpl.java:lambda$waitForClusterToBeReady$0(147)) - Waiting for cluster to be ready. Got 0 of 7 DN Heartbeats.
2019-10-14 10:08:10,731 [IPC Server handler 1 on 46528] INFO  net.NetworkTopology (NetworkTopologyImpl.java:add(111)) - Added a new node: /default-rack/b2483a3f-840a-458c-8646-43547af974eb
2019-10-14 10:08:10,732 [IPC Server handler 1 on 46528] INFO  node.SCMNodeManager (SCMNodeManager.java:register(268)) - Registered Data node : b2483a3f-840a-458c-8646-43547af974eb{ip: 192.168.5.145, host: pr-hdds-2297-rpftj-184604365, networkLocation: /default-rack, certSerialId: null}
2019-10-14 10:08:10,733 [EventQueue-NodeRegistrationContainerReportForDataNodeSafeModeRule] INFO  safemode.SCMSafeModeManager (DataNodeSafeModeRule.java:process(71)) - SCM in safe mode. 1 DataNodes registered, 1 required.
2019-10-14 10:08:10,735 [EventQueue-NodeRegistrationContainerReportForContainerSafeModeRule] INFO  safemode.SCMSafeModeManager (SCMSafeModeManager.java:validateSafeModeExitRules(177)) - ScmSafeModeManager, all rules are successfully validated
2019-10-14 10:08:10,735 [EventQueue-NodeRegistrationContainerReportForContainerSafeModeRule] INFO  safemode.SCMSafeModeManager (SCMSafeModeManager.java:exitSafeMode(193)) - SCM exiting safe mode.
2019-10-14 10:08:10,742 [grpc-default-executor-8] INFO  impl.RaftServerProxy (RaftServerProxy.java:addNew(89)) - b2483a3f-840a-458c-8646-43547af974eb: addNew group-CECA80FD0EA6:[b2483a3f-840a-458c-8646-43547af974eb:192.168.5.145:38184] returns group-CECA80FD0EA6:java.util.concurrent.CompletableFuture@37d43755[Not completed]
2019-10-14 10:08:10,743 [pool-383-thread-1] INFO  impl.RaftServerImpl (RaftServerImpl.java:<init>(95)) - b2483a3f-840a-458c-8646-43547af974eb: new RaftServerImpl for group-CECA80FD0EA6:[b2483a3f-840a-458c-8646-43547af974eb:192.168.5.145:38184] with ContainerStateMachine:uninitialized
2019-10-14 10:08:10,743 [pool-383-thread-1] INFO  server.RaftServerConfigKeys (ConfUtils.java:logGet(43)) - raft.server.rpc.timeout.min = 5s (custom)
2019-10-14 10:08:10,743 [pool-383-thread-1] INFO  server.RaftServerConfigKeys (ConfUtils.java:logGet(43)) - raft.server.rpc.timeout.max = 5200ms (custom)
2019-10-14 10:08:10,743 [pool-383-thread-1] INFO  server.RaftServerConfigKeys (ConfUtils.java:logGet(43)) - raft.server.rpcslowness.timeout = 120s (custom)
2019-10-14 10:08:10,743 [pool-383-thread-1] INFO  server.RaftServerConfigKeys (ConfUtils.java:logGet(43)) - raft.server.sleep.deviation.threshold = 300 (default)
2019-10-14 10:08:10,744 [pool-383-thread-1] INFO  server.RaftServerConfigKeys (ConfUtils.java:logGet(43)) - raft.server.log.appender.install.snapshot.enabled = false (custom)
2019-10-14 10:08:10,744 [pool-383-thread-1] INFO  impl.RaftServerImpl (ServerState.java:<init>(103)) - b2483a3f-840a-458c-8646-43547af974eb@group-CECA80FD0EA6: ConfigurationManager, init=-1: [b2483a3f-840a-458c-8646-43547af974eb:192.168.5.145:38184], old=null, confs=<EMPTY_MAP>
2019-10-14 10:08:10,744 [pool-383-thread-1] INFO  server.RaftServerConfigKeys (ConfUtils.java:logGet(43)) - raft.server.storage.dir = [/workdir/hadoop-ozone/integration-test/target/test-dir/MiniOzoneClusterImpl-13cc90b3-6ebc-41d2-a8a9-a3836e2af835/datanode-0/data/ratis] (custom)
2019-10-14 10:08:10,744 [pool-383-thread-1] INFO  server.RaftServerConfigKeys (ConfUtils.java:logGet(43)) - raft.server.log.corruption.policy = EXCEPTION (default)
2019-10-14 10:08:10,744 [pool-383-thread-1] INFO  storage.RaftStorageDirectory (RaftStorageDirectory.java:analyzeStorage(246)) - The storage directory /workdir/hadoop-ozone/integration-test/target/test-dir/MiniOzoneClusterImpl-13cc90b3-6ebc-41d2-a8a9-a3836e2af835/datanode-0/data/ratis/3f09d9b4-105d-4a4a-a2c9-ceca80fd0ea6 does not exist. Creating ...
2019-10-14 10:08:10,757 [pool-383-thread-1] INFO  storage.RaftStorageDirectory (RaftStorageDirectory.java:tryLock(328)) - Lock on /workdir/hadoop-ozone/integration-test/target/test-dir/MiniOzoneClusterImpl-13cc90b3-6ebc-41d2-a8a9-a3836e2af835/datanode-0/data/ratis/3f09d9b4-105d-4a4a-a2c9-ceca80fd0ea6/in_use.lock acquired by nodename 24096@pr-hdds-2297-rpftj-184604365
2019-10-14 10:08:10,769 [pool-383-thread-1] INFO  storage.RaftStorage (RaftStorage.java:format(84)) - Storage directory /workdir/hadoop-ozone/integration-test/target/test-dir/MiniOzoneClusterImpl-13cc90b3-6ebc-41d2-a8a9-a3836e2af835/datanode-0/data/ratis/3f09d9b4-105d-4a4a-a2c9-ceca80fd0ea6 has been successfully formatted.
2019-10-14 10:08:10,770 [pool-383-thread-1] INFO  ratis.ContainerStateMachine (ContainerStateMachine.java:loadSnapshot(231)) - group-CECA80FD0EA6: The snapshot info is null. Setting the last applied indexto:(t:0, i:~)
2019-10-14 10:08:10,770 [pool-383-thread-1] INFO  server.RaftServerConfigKeys (ConfUtils.java:logGet(43)) - raft.server.notification.no-leader.timeout = 120s (custom)
2019-10-14 10:08:10,770 [pool-383-thread-1] INFO  server.RaftServerConfigKeys (ConfUtils.java:logGet(43)) - raft.server.log.use.memory = false (default)
2019-10-14 10:08:10,770 [pool-383-thread-1] INFO  server.RaftServerConfigKeys (ConfUtils.java:logGet(43)) - raft.server.log.purge.gap = 1000000 (custom)
2019-10-14 10:08:10,770 [pool-383-thread-1] INFO  server.RaftServerConfigKeys (ConfUtils.java:logGet(43)) - raft.server.log.appender.buffer.byte-limit = 33554432 (custom)
2019-10-14 10:08:10,770 [pool-383-thread-1] INFO  server.RaftServerConfigKeys (ConfUtils.java:logGet(43)) - raft.server.log.segment.size.max = 1048576 (custom)
2019-10-14 10:08:10,772 [pool-383-thread-1] INFO  server.RaftServerConfigKeys (ConfUtils.java:logGet(43)) - raft.server.log.segment.cache.num.max = 2 (custom)
2019-10-14 10:08:10,772 [pool-383-thread-1] INFO  segmented.SegmentedRaftLogWorker (SegmentedRaftLogWorker.java:<init>(173)) - new b2483a3f-840a-458c-8646-43547af974eb@group-CECA80FD0EA6-SegmentedRaftLogWorker for RaftStorage:Storage Directory /workdir/hadoop-ozone/integration-test/target/test-dir/MiniOzoneClusterImpl-13cc90b3-6ebc-41d2-a8a9-a3836e2af835/datanode-0/data/ratis/3f09d9b4-105d-4a4a-a2c9-ceca80fd0ea6
2019-10-14 10:08:10,772 [pool-383-thread-1] INFO  server.RaftServerConfigKeys (ConfUtils.java:logGet(43)) - raft.server.log.queue.byte-limit = 2147483647 (custom)
2019-10-14 10:08:10,772 [pool-383-thread-1] INFO  server.RaftServerConfigKeys (ConfUtils.java:logGet(43)) - raft.server.log.queue.element-limit = 1024 (custom)
2019-10-14 10:08:10,772 [pool-383-thread-1] INFO  server.RaftServerConfigKeys (ConfUtils.java:logGet(43)) - raft.server.log.segment.size.max = 1048576 (custom)
2019-10-14 10:08:10,772 [pool-383-thread-1] INFO  server.RaftServerConfigKeys (ConfUtils.java:logGet(43)) - raft.server.log.preallocated.size = 16384 (custom)
2019-10-14 10:08:10,772 [pool-383-thread-1] INFO  server.RaftServerConfigKeys (ConfUtils.java:logGet(43)) - raft.server.log.write.buffer.size = 33554432 (custom)
2019-10-14 10:08:10,772 [pool-383-thread-1] INFO  server.RaftServerConfigKeys (ConfUtils.java:logGet(43)) - raft.server.log.force.sync.num = 128 (default)
2019-10-14 10:08:10,772 [pool-383-thread-1] INFO  server.RaftServerConfigKeys (ConfUtils.java:logGet(43)) - raft.server.log.statemachine.data.sync = true (default)
2019-10-14 10:08:10,773 [pool-383-thread-1] INFO  server.RaftServerConfigKeys (ConfUtils.java:logGet(43)) - raft.server.log.statemachine.data.sync.timeout = 10s (default)
2019-10-14 10:08:10,773 [pool-383-thread-1] INFO  server.RaftServerConfigKeys (ConfUtils.java:logGet(43)) - raft.server.log.statemachine.data.sync.timeout.retry = -1 (default)
2019-10-14 10:08:10,773 [pool-383-thread-1] INFO  server.RaftServerConfigKeys (ConfUtils.java:logGet(43)) - raft.server.log.statemachine.data.caching.enabled = true (custom)
2019-10-14 10:08:10,773 [pool-383-thread-1] INFO  segmented.SegmentedRaftLogWorker (SegmentedRaftLogWorker.java:lambda$new$0(128)) - b2483a3f-840a-458c-8646-43547af974eb@group-CECA80FD0EA6-SegmentedRaftLogWorker: flushIndex: setUnconditionally 0 -> -1
2019-10-14 10:08:10,773 [pool-383-thread-1] INFO  server.RaftServerConfigKeys (ConfUtils.java:logGet(43)) - raft.server.snapshot.auto.trigger.enabled = true (custom)
2019-10-14 10:08:10,774 [pool-383-thread-1] INFO  server.RaftServerConfigKeys (ConfUtils.java:logGet(43)) - raft.server.snapshot.auto.trigger.threshold = 10000 (custom)
2019-10-14 10:08:10,774 [pool-383-thread-1] INFO  server.RaftServerConfigKeys (ConfUtils.java:logGet(43)) - raft.server.snapshot.retention.file.num = 5 (custom)
2019-10-14 10:08:10,774 [pool-383-thread-1] INFO  server.RaftServerConfigKeys (ConfUtils.java:logGet(43)) - raft.server.retrycache.expirytime = 600000ms (custom)
2019-10-14 10:08:10,775 [pool-383-thread-1] INFO  impl.RaftServerImpl (RaftServerImpl.java:start(181)) - b2483a3f-840a-458c-8646-43547af974eb@group-CECA80FD0EA6: start as a follower, conf=-1: [b2483a3f-840a-458c-8646-43547af974eb:192.168.5.145:38184], old=null
2019-10-14 10:08:10,775 [pool-383-thread-1] INFO  impl.RaftServerImpl (RaftServerImpl.java:setRole(170)) - b2483a3f-840a-458c-8646-43547af974eb@group-CECA80FD0EA6: changes role from      null to FOLLOWER at term 0 for startAsFollower
2019-10-14 10:08:10,775 [pool-383-thread-1] INFO  impl.RoleInfo (RoleInfo.java:updateAndGet(143)) - b2483a3f-840a-458c-8646-43547af974eb: start FollowerState
2019-10-14 10:08:10,776 [pool-383-thread-1] INFO  util.JmxRegister (JmxRegister.java:tryRegister(44)) - Successfully registered JMX Bean with object name Ratis:service=RaftServer,group=group-CECA80FD0EA6,id=b2483a3f-840a-458c-8646-43547af974eb
2019-10-14 10:08:10,789 [RatisPipelineUtilsThread] INFO  pipeline.PipelineStateManager (PipelineStateManager.java:addPipeline(56)) - Created pipeline Pipeline[ Id: 3f09d9b4-105d-4a4a-a2c9-ceca80fd0ea6, Nodes: b2483a3f-840a-458c-8646-43547af974eb{ip: 192.168.5.145, host: pr-hdds-2297-rpftj-184604365, networkLocation: /default-rack, certSerialId: null}, Type:RATIS, Factor:ONE, State:OPEN]
2019-10-14 10:08:10,799 [IPC Server handler 2 on 46528] INFO  net.NetworkTopology (NetworkTopologyImpl.java:add(111)) - Added a new node: /default-rack/1fc12681-f003-40dc-9d14-ffa82c5165bb
2019-10-14 10:08:10,800 [IPC Server handler 2 on 46528] INFO  node.SCMNodeManager (SCMNodeManager.java:register(268)) - Registered Data node : 1fc12681-f003-40dc-9d14-ffa82c5165bb{ip: 192.168.5.145, host: pr-hdds-2297-rpftj-184604365, networkLocation: /default-rack, certSerialId: null}
2019-10-14 10:08:10,806 [grpc-default-executor-8] INFO  impl.RaftServerProxy (RaftServerProxy.java:addNew(89)) - 1fc12681-f003-40dc-9d14-ffa82c5165bb: addNew group-6A704ED5E3FC:[1fc12681-f003-40dc-9d14-ffa82c5165bb:192.168.5.145:44926] returns group-6A704ED5E3FC:java.util.concurrent.CompletableFuture@e18b1ac[Not completed]
2019-10-14 10:08:10,808 [pool-393-thread-1] INFO  impl.RaftServerImpl (RaftServerImpl.java:<init>(95)) - 1fc12681-f003-40dc-9d14-ffa82c5165bb: new RaftServerImpl for group-6A704ED5E3FC:[1fc12681-f003-40dc-9d14-ffa82c5165bb:192.168.5.145:44926] with ContainerStateMachine:uninitialized
2019-10-14 10:08:10,808 [pool-393-thread-1] INFO  server.RaftServerConfigKeys (ConfUtils.java:logGet(43)) - raft.server.rpc.timeout.min = 5s (custom)
2019-10-14 10:08:10,808 [pool-393-thread-1] INFO  server.RaftServerConfigKeys (ConfUtils.java:logGet(43)) - raft.server.rpc.timeout.max = 5200ms (custom)
2019-10-14 10:08:10,808 [pool-393-thread-1] INFO  server.RaftServerConfigKeys (ConfUtils.java:logGet(43)) - raft.server.rpcslowness.timeout = 120s (custom)
2019-10-14 10:08:10,808 [pool-393-thread-1] INFO  server.RaftServerConfigKeys (ConfUtils.java:logGet(43)) - raft.server.sleep.deviation.threshold = 300 (default)
2019-10-14 10:08:10,809 [pool-393-thread-1] INFO  server.RaftServerConfigKeys (ConfUtils.java:logGet(43)) - raft.server.log.appender.install.snapshot.enabled = false (custom)
2019-10-14 10:08:10,809 [pool-393-thread-1] INFO  impl.RaftServerImpl (ServerState.java:<init>(103)) - 1fc12681-f003-40dc-9d14-ffa82c5165bb@group-6A704ED5E3FC: ConfigurationManager, init=-1: [1fc12681-f003-40dc-9d14-ffa82c5165bb:192.168.5.145:44926], old=null, confs=<EMPTY_MAP>
2019-10-14 10:08:10,809 [pool-393-thread-1] INFO  server.RaftServerConfigKeys (ConfUtils.java:logGet(43)) - raft.server.storage.dir = [/workdir/hadoop-ozone/integration-test/target/test-dir/MiniOzoneClusterImpl-13cc90b3-6ebc-41d2-a8a9-a3836e2af835/datanode-1/data/ratis] (custom)
2019-10-14 10:08:10,809 [pool-393-thread-1] INFO  server.RaftServerConfigKeys (ConfUtils.java:logGet(43)) - raft.server.log.corruption.policy = EXCEPTION (default)
2019-10-14 10:08:10,809 [pool-393-thread-1] INFO  storage.RaftStorageDirectory (RaftStorageDirectory.java:analyzeStorage(246)) - The storage directory /workdir/hadoop-ozone/integration-test/target/test-dir/MiniOzoneClusterImpl-13cc90b3-6ebc-41d2-a8a9-a3836e2af835/datanode-1/data/ratis/d8c82e6b-e49a-4080-9e7f-6a704ed5e3fc does not exist. Creating ...
2019-10-14 10:08:10,822 [pool-393-thread-1] INFO  storage.RaftStorageDirectory (RaftStorageDirectory.java:tryLock(328)) - Lock on /workdir/hadoop-ozone/integration-test/target/test-dir/MiniOzoneClusterImpl-13cc90b3-6ebc-41d2-a8a9-a3836e2af835/datanode-1/data/ratis/d8c82e6b-e49a-4080-9e7f-6a704ed5e3fc/in_use.lock acquired by nodename 24096@pr-hdds-2297-rpftj-184604365
2019-10-14 10:08:10,835 [pool-393-thread-1] INFO  storage.RaftStorage (RaftStorage.java:format(84)) - Storage directory /workdir/hadoop-ozone/integration-test/target/test-dir/MiniOzoneClusterImpl-13cc90b3-6ebc-41d2-a8a9-a3836e2af835/datanode-1/data/ratis/d8c82e6b-e49a-4080-9e7f-6a704ed5e3fc has been successfully formatted.
2019-10-14 10:08:10,836 [pool-393-thread-1] INFO  ratis.ContainerStateMachine (ContainerStateMachine.java:loadSnapshot(231)) - group-6A704ED5E3FC: The snapshot info is null. Setting the last applied indexto:(t:0, i:~)
2019-10-14 10:08:10,836 [pool-393-thread-1] INFO  server.RaftServerConfigKeys (ConfUtils.java:logGet(43)) - raft.server.notification.no-leader.timeout = 120s (custom)
2019-10-14 10:08:10,836 [pool-393-thread-1] INFO  server.RaftServerConfigKeys (ConfUtils.java:logGet(43)) - raft.server.log.use.memory = false (default)
2019-10-14 10:08:10,837 [pool-393-thread-1] INFO  server.RaftServerConfigKeys (ConfUtils.java:logGet(43)) - raft.server.log.purge.gap = 1000000 (custom)
2019-10-14 10:08:10,837 [pool-393-thread-1] INFO  server.RaftServerConfigKeys (ConfUtils.java:logGet(43)) - raft.server.log.appender.buffer.byte-limit = 33554432 (custom)
2019-10-14 10:08:10,837 [pool-393-thread-1] INFO  server.RaftServerConfigKeys (ConfUtils.java:logGet(43)) - raft.server.log.segment.size.max = 1048576 (custom)
2019-10-14 10:08:10,840 [pool-393-thread-1] INFO  server.RaftServerConfigKeys (ConfUtils.java:logGet(43)) - raft.server.log.segment.cache.num.max = 2 (custom)
2019-10-14 10:08:10,840 [pool-393-thread-1] INFO  segmented.SegmentedRaftLogWorker (SegmentedRaftLogWorker.java:<init>(173)) - new 1fc12681-f003-40dc-9d14-ffa82c5165bb@group-6A704ED5E3FC-SegmentedRaftLogWorker for RaftStorage:Storage Directory /workdir/hadoop-ozone/integration-test/target/test-dir/MiniOzoneClusterImpl-13cc90b3-6ebc-41d2-a8a9-a3836e2af835/datanode-1/data/ratis/d8c82e6b-e49a-4080-9e7f-6a704ed5e3fc
2019-10-14 10:08:10,840 [pool-393-thread-1] INFO  server.RaftServerConfigKeys (ConfUtils.java:logGet(43)) - raft.server.log.queue.byte-limit = 2147483647 (custom)
2019-10-14 10:08:10,840 [pool-393-thread-1] INFO  server.RaftServerConfigKeys (ConfUtils.java:logGet(43)) - raft.server.log.queue.element-limit = 1024 (custom)
2019-10-14 10:08:10,841 [pool-393-thread-1] INFO  server.RaftServerConfigKeys (ConfUtils.java:logGet(43)) - raft.server.log.segment.size.max = 1048576 (custom)
2019-10-14 10:08:10,841 [pool-393-thread-1] INFO  server.RaftServerConfigKeys (ConfUtils.java:logGet(43)) - raft.server.log.preallocated.size = 16384 (custom)
2019-10-14 10:08:10,841 [pool-393-thread-1] INFO  server.RaftServerConfigKeys (ConfUtils.java:logGet(43)) - raft.server.log.write.buffer.size = 33554432 (custom)
2019-10-14 10:08:10,842 [pool-393-thread-1] INFO  server.RaftServerConfigKeys (ConfUtils.java:logGet(43)) - raft.server.log.force.sync.num = 128 (default)
2019-10-14 10:08:10,842 [pool-393-thread-1] INFO  server.RaftServerConfigKeys (ConfUtils.java:logGet(43)) - raft.server.log.statemachine.data.sync = true (default)
2019-10-14 10:08:10,842 [pool-393-thread-1] INFO  server.RaftServerConfigKeys (ConfUtils.java:logGet(43)) - raft.server.log.statemachine.data.sync.timeout = 10s (default)
2019-10-14 10:08:10,842 [pool-393-thread-1] INFO  server.RaftServerConfigKeys (ConfUtils.java:logGet(43)) - raft.server.log.statemachine.data.sync.timeout.retry = -1 (default)
2019-10-14 10:08:10,843 [pool-393-thread-1] INFO  server.RaftServerConfigKeys (ConfUtils.java:logGet(43)) - raft.server.log.statemachine.data.caching.enabled = true (custom)
2019-10-14 10:08:10,844 [pool-393-thread-1] INFO  segmented.SegmentedRaftLogWorker (SegmentedRaftLogWorker.java:lambda$new$0(128)) - 1fc12681-f003-40dc-9d14-ffa82c5165bb@group-6A704ED5E3FC-SegmentedRaftLogWorker: flushIndex: setUnconditionally 0 -> -1
2019-10-14 10:08:10,844 [pool-393-thread-1] INFO  server.RaftServerConfigKeys (ConfUtils.java:logGet(43)) - raft.server.snapshot.auto.trigger.enabled = true (custom)
2019-10-14 10:08:10,844 [pool-393-thread-1] INFO  server.RaftServerConfigKeys (ConfUtils.java:logGet(43)) - raft.server.snapshot.auto.trigger.threshold = 10000 (custom)
2019-10-14 10:08:10,845 [pool-393-thread-1] INFO  server.RaftServerConfigKeys (ConfUtils.java:logGet(43)) - raft.server.snapshot.retention.file.num = 5 (custom)
2019-10-14 10:08:10,845 [pool-393-thread-1] INFO  server.RaftServerConfigKeys (ConfUtils.java:logGet(43)) - raft.server.retrycache.expirytime = 600000ms (custom)
2019-10-14 10:08:10,847 [pool-393-thread-1] INFO  impl.RaftServerImpl (RaftServerImpl.java:start(181)) - 1fc12681-f003-40dc-9d14-ffa82c5165bb@group-6A704ED5E3FC: start as a follower, conf=-1: [1fc12681-f003-40dc-9d14-ffa82c5165bb:192.168.5.145:44926], old=null
2019-10-14 10:08:10,847 [pool-393-thread-1] INFO  impl.RaftServerImpl (RaftServerImpl.java:setRole(170)) - 1fc12681-f003-40dc-9d14-ffa82c5165bb@group-6A704ED5E3FC: changes role from      null to FOLLOWER at term 0 for startAsFollower
2019-10-14 10:08:10,847 [pool-393-thread-1] INFO  impl.RoleInfo (RoleInfo.java:updateAndGet(143)) - 1fc12681-f003-40dc-9d14-ffa82c5165bb: start FollowerState
2019-10-14 10:08:10,848 [pool-393-thread-1] INFO  util.JmxRegister (JmxRegister.java:tryRegister(44)) - Successfully registered JMX Bean with object name Ratis:service=RaftServer,group=group-6A704ED5E3FC,id=1fc12681-f003-40dc-9d14-ffa82c5165bb
2019-10-14 10:08:10,852 [RatisPipelineUtilsThread] INFO  pipeline.PipelineStateManager (PipelineStateManager.java:addPipeline(56)) - Created pipeline Pipeline[ Id: d8c82e6b-e49a-4080-9e7f-6a704ed5e3fc, Nodes: 1fc12681-f003-40dc-9d14-ffa82c5165bb{ip: 192.168.5.145, host: pr-hdds-2297-rpftj-184604365, networkLocation: /default-rack, certSerialId: null}, Type:RATIS, Factor:ONE, State:OPEN]
2019-10-14 10:08:10,863 [IPC Server handler 3 on 46528] INFO  net.NetworkTopology (NetworkTopologyImpl.java:add(111)) - Added a new node: /default-rack/86dfeabe-19c5-4fef-a17f-7cde16997188
2019-10-14 10:08:10,864 [IPC Server handler 3 on 46528] INFO  node.SCMNodeManager (SCMNodeManager.java:register(268)) - Registered Data node : 86dfeabe-19c5-4fef-a17f-7cde16997188{ip: 192.168.5.145, host: pr-hdds-2297-rpftj-184604365, networkLocation: /default-rack, certSerialId: null}
2019-10-14 10:08:10,870 [grpc-default-executor-8] INFO  impl.RaftServerProxy (RaftServerProxy.java:addNew(89)) - 86dfeabe-19c5-4fef-a17f-7cde16997188: addNew group-18E7BDEE487A:[86dfeabe-19c5-4fef-a17f-7cde16997188:192.168.5.145:35445] returns group-18E7BDEE487A:java.util.concurrent.CompletableFuture@1af2a57b[Not completed]
2019-10-14 10:08:10,871 [pool-403-thread-1] INFO  impl.RaftServerImpl (RaftServerImpl.java:<init>(95)) - 86dfeabe-19c5-4fef-a17f-7cde16997188: new RaftServerImpl for group-18E7BDEE487A:[86dfeabe-19c5-4fef-a17f-7cde16997188:192.168.5.145:35445] with ContainerStateMachine:uninitialized
2019-10-14 10:08:10,871 [pool-403-thread-1] INFO  server.RaftServerConfigKeys (ConfUtils.java:logGet(43)) - raft.server.rpc.timeout.min = 5s (custom)
2019-10-14 10:08:10,871 [pool-403-thread-1] INFO  server.RaftServerConfigKeys (ConfUtils.java:logGet(43)) - raft.server.rpc.timeout.max = 5200ms (custom)
2019-10-14 10:08:10,871 [pool-403-thread-1] INFO  server.RaftServerConfigKeys (ConfUtils.java:logGet(43)) - raft.server.rpcslowness.timeout = 120s (custom)
2019-10-14 10:08:10,871 [pool-403-thread-1] INFO  server.RaftServerConfigKeys (ConfUtils.java:logGet(43)) - raft.server.sleep.deviation.threshold = 300 (default)
2019-10-14 10:08:10,872 [pool-403-thread-1] INFO  server.RaftServerConfigKeys (ConfUtils.java:logGet(43)) - raft.server.log.appender.install.snapshot.enabled = false (custom)
2019-10-14 10:08:10,872 [pool-403-thread-1] INFO  impl.RaftServerImpl (ServerState.java:<init>(103)) - 86dfeabe-19c5-4fef-a17f-7cde16997188@group-18E7BDEE487A: ConfigurationManager, init=-1: [86dfeabe-19c5-4fef-a17f-7cde16997188:192.168.5.145:35445], old=null, confs=<EMPTY_MAP>
2019-10-14 10:08:10,872 [pool-403-thread-1] INFO  server.RaftServerConfigKeys (ConfUtils.java:logGet(43)) - raft.server.storage.dir = [/workdir/hadoop-ozone/integration-test/target/test-dir/MiniOzoneClusterImpl-13cc90b3-6ebc-41d2-a8a9-a3836e2af835/datanode-2/data/ratis] (custom)
2019-10-14 10:08:10,872 [pool-403-thread-1] INFO  server.RaftServerConfigKeys (ConfUtils.java:logGet(43)) - raft.server.log.corruption.policy = EXCEPTION (default)
2019-10-14 10:08:10,872 [pool-403-thread-1] INFO  storage.RaftStorageDirectory (RaftStorageDirectory.java:analyzeStorage(246)) - The storage directory /workdir/hadoop-ozone/integration-test/target/test-dir/MiniOzoneClusterImpl-13cc90b3-6ebc-41d2-a8a9-a3836e2af835/datanode-2/data/ratis/0ef2afb9-832a-4fe3-9ec6-18e7bdee487a does not exist. Creating ...
2019-10-14 10:08:10,886 [pool-403-thread-1] INFO  storage.RaftStorageDirectory (RaftStorageDirectory.java:tryLock(328)) - Lock on /workdir/hadoop-ozone/integration-test/target/test-dir/MiniOzoneClusterImpl-13cc90b3-6ebc-41d2-a8a9-a3836e2af835/datanode-2/data/ratis/0ef2afb9-832a-4fe3-9ec6-18e7bdee487a/in_use.lock acquired by nodename 24096@pr-hdds-2297-rpftj-184604365
2019-10-14 10:08:10,898 [pool-403-thread-1] INFO  storage.RaftStorage (RaftStorage.java:format(84)) - Storage directory /workdir/hadoop-ozone/integration-test/target/test-dir/MiniOzoneClusterImpl-13cc90b3-6ebc-41d2-a8a9-a3836e2af835/datanode-2/data/ratis/0ef2afb9-832a-4fe3-9ec6-18e7bdee487a has been successfully formatted.
2019-10-14 10:08:10,898 [pool-403-thread-1] INFO  ratis.ContainerStateMachine (ContainerStateMachine.java:loadSnapshot(231)) - group-18E7BDEE487A: The snapshot info is null. Setting the last applied indexto:(t:0, i:~)
2019-10-14 10:08:10,898 [pool-403-thread-1] INFO  server.RaftServerConfigKeys (ConfUtils.java:logGet(43)) - raft.server.notification.no-leader.timeout = 120s (custom)
2019-10-14 10:08:10,898 [pool-403-thread-1] INFO  server.RaftServerConfigKeys (ConfUtils.java:logGet(43)) - raft.server.log.use.memory = false (default)
2019-10-14 10:08:10,899 [pool-403-thread-1] INFO  server.RaftServerConfigKeys (ConfUtils.java:logGet(43)) - raft.server.log.purge.gap = 1000000 (custom)
2019-10-14 10:08:10,899 [pool-403-thread-1] INFO  server.RaftServerConfigKeys (ConfUtils.java:logGet(43)) - raft.server.log.appender.buffer.byte-limit = 33554432 (custom)
2019-10-14 10:08:10,899 [pool-403-thread-1] INFO  server.RaftServerConfigKeys (ConfUtils.java:logGet(43)) - raft.server.log.segment.size.max = 1048576 (custom)
2019-10-14 10:08:10,900 [pool-403-thread-1] INFO  server.RaftServerConfigKeys (ConfUtils.java:logGet(43)) - raft.server.log.segment.cache.num.max = 2 (custom)
2019-10-14 10:08:10,900 [pool-403-thread-1] INFO  segmented.SegmentedRaftLogWorker (SegmentedRaftLogWorker.java:<init>(173)) - new 86dfeabe-19c5-4fef-a17f-7cde16997188@group-18E7BDEE487A-SegmentedRaftLogWorker for RaftStorage:Storage Directory /workdir/hadoop-ozone/integration-test/target/test-dir/MiniOzoneClusterImpl-13cc90b3-6ebc-41d2-a8a9-a3836e2af835/datanode-2/data/ratis/0ef2afb9-832a-4fe3-9ec6-18e7bdee487a
2019-10-14 10:08:10,900 [pool-403-thread-1] INFO  server.RaftServerConfigKeys (ConfUtils.java:logGet(43)) - raft.server.log.queue.byte-limit = 2147483647 (custom)
2019-10-14 10:08:10,900 [pool-403-thread-1] INFO  server.RaftServerConfigKeys (ConfUtils.java:logGet(43)) - raft.server.log.queue.element-limit = 1024 (custom)
2019-10-14 10:08:10,900 [pool-403-thread-1] INFO  server.RaftServerConfigKeys (ConfUtils.java:logGet(43)) - raft.server.log.segment.size.max = 1048576 (custom)
2019-10-14 10:08:10,900 [pool-403-thread-1] INFO  server.RaftServerConfigKeys (ConfUtils.java:logGet(43)) - raft.server.log.preallocated.size = 16384 (custom)
2019-10-14 10:08:10,900 [pool-403-thread-1] INFO  server.RaftServerConfigKeys (ConfUtils.java:logGet(43)) - raft.server.log.write.buffer.size = 33554432 (custom)
2019-10-14 10:08:10,900 [pool-403-thread-1] INFO  server.RaftServerConfigKeys (ConfUtils.java:logGet(43)) - raft.server.log.force.sync.num = 128 (default)
2019-10-14 10:08:10,901 [pool-403-thread-1] INFO  server.RaftServerConfigKeys (ConfUtils.java:logGet(43)) - raft.server.log.statemachine.data.sync = true (default)
2019-10-14 10:08:10,901 [pool-403-thread-1] INFO  server.RaftServerConfigKeys (ConfUtils.java:logGet(43)) - raft.server.log.statemachine.data.sync.timeout = 10s (default)
2019-10-14 10:08:10,901 [pool-403-thread-1] INFO  server.RaftServerConfigKeys (ConfUtils.java:logGet(43)) - raft.server.log.statemachine.data.sync.timeout.retry = -1 (default)
2019-10-14 10:08:10,901 [pool-403-thread-1] INFO  server.RaftServerConfigKeys (ConfUtils.java:logGet(43)) - raft.server.log.statemachine.data.caching.enabled = true (custom)
2019-10-14 10:08:10,901 [pool-403-thread-1] INFO  segmented.SegmentedRaftLogWorker (SegmentedRaftLogWorker.java:lambda$new$0(128)) - 86dfeabe-19c5-4fef-a17f-7cde16997188@group-18E7BDEE487A-SegmentedRaftLogWorker: flushIndex: setUnconditionally 0 -> -1
2019-10-14 10:08:10,901 [pool-403-thread-1] INFO  server.RaftServerConfigKeys (ConfUtils.java:logGet(43)) - raft.server.snapshot.auto.trigger.enabled = true (custom)
2019-10-14 10:08:10,902 [pool-403-thread-1] INFO  server.RaftServerConfigKeys (ConfUtils.java:logGet(43)) - raft.server.snapshot.auto.trigger.threshold = 10000 (custom)
2019-10-14 10:08:10,902 [pool-403-thread-1] INFO  server.RaftServerConfigKeys (ConfUtils.java:logGet(43)) - raft.server.snapshot.retention.file.num = 5 (custom)
2019-10-14 10:08:10,902 [pool-403-thread-1] INFO  server.RaftServerConfigKeys (ConfUtils.java:logGet(43)) - raft.server.retrycache.expirytime = 600000ms (custom)
2019-10-14 10:08:10,903 [pool-403-thread-1] INFO  impl.RaftServerImpl (RaftServerImpl.java:start(181)) - 86dfeabe-19c5-4fef-a17f-7cde16997188@group-18E7BDEE487A: start as a follower, conf=-1: [86dfeabe-19c5-4fef-a17f-7cde16997188:192.168.5.145:35445], old=null
2019-10-14 10:08:10,903 [pool-403-thread-1] INFO  impl.RaftServerImpl (RaftServerImpl.java:setRole(170)) - 86dfeabe-19c5-4fef-a17f-7cde16997188@group-18E7BDEE487A: changes role from      null to FOLLOWER at term 0 for startAsFollower
2019-10-14 10:08:10,903 [pool-403-thread-1] INFO  impl.RoleInfo (RoleInfo.java:updateAndGet(143)) - 86dfeabe-19c5-4fef-a17f-7cde16997188: start FollowerState
2019-10-14 10:08:10,903 [pool-403-thread-1] INFO  util.JmxRegister (JmxRegister.java:tryRegister(44)) - Successfully registered JMX Bean with object name Ratis:service=RaftServer,group=group-18E7BDEE487A,id=86dfeabe-19c5-4fef-a17f-7cde16997188
2019-10-14 10:08:10,907 [RatisPipelineUtilsThread] INFO  pipeline.PipelineStateManager (PipelineStateManager.java:addPipeline(56)) - Created pipeline Pipeline[ Id: 0ef2afb9-832a-4fe3-9ec6-18e7bdee487a, Nodes: 86dfeabe-19c5-4fef-a17f-7cde16997188{ip: 192.168.5.145, host: pr-hdds-2297-rpftj-184604365, networkLocation: /default-rack, certSerialId: null}, Type:RATIS, Factor:ONE, State:OPEN]
2019-10-14 10:08:10,917 [grpc-default-executor-1] INFO  impl.RaftServerProxy (RaftServerProxy.java:addNew(89)) - 1fc12681-f003-40dc-9d14-ffa82c5165bb: addNew group-B1DC9D084E3F:[b2483a3f-840a-458c-8646-43547af974eb:192.168.5.145:38184, 1fc12681-f003-40dc-9d14-ffa82c5165bb:192.168.5.145:44926, 86dfeabe-19c5-4fef-a17f-7cde16997188:192.168.5.145:35445] returns group-B1DC9D084E3F:java.util.concurrent.CompletableFuture@4b29d1d0[Not completed]
2019-10-14 10:08:10,917 [grpc-default-executor-2] INFO  impl.RaftServerProxy (RaftServerProxy.java:addNew(89)) - 86dfeabe-19c5-4fef-a17f-7cde16997188: addNew group-B1DC9D084E3F:[b2483a3f-840a-458c-8646-43547af974eb:192.168.5.145:38184, 1fc12681-f003-40dc-9d14-ffa82c5165bb:192.168.5.145:44926, 86dfeabe-19c5-4fef-a17f-7cde16997188:192.168.5.145:35445] returns group-B1DC9D084E3F:java.util.concurrent.CompletableFuture@6a21d4c3[Not completed]
2019-10-14 10:08:10,918 [pool-393-thread-1] INFO  impl.RaftServerImpl (RaftServerImpl.java:<init>(95)) - 1fc12681-f003-40dc-9d14-ffa82c5165bb: new RaftServerImpl for group-B1DC9D084E3F:[b2483a3f-840a-458c-8646-43547af974eb:192.168.5.145:38184, 1fc12681-f003-40dc-9d14-ffa82c5165bb:192.168.5.145:44926, 86dfeabe-19c5-4fef-a17f-7cde16997188:192.168.5.145:35445] with ContainerStateMachine:uninitialized
2019-10-14 10:08:10,918 [pool-393-thread-1] INFO  server.RaftServerConfigKeys (ConfUtils.java:logGet(43)) - raft.server.rpc.timeout.min = 5s (custom)
2019-10-14 10:08:10,918 [pool-403-thread-1] INFO  impl.RaftServerImpl (RaftServerImpl.java:<init>(95)) - 86dfeabe-19c5-4fef-a17f-7cde16997188: new RaftServerImpl for group-B1DC9D084E3F:[b2483a3f-840a-458c-8646-43547af974eb:192.168.5.145:38184, 1fc12681-f003-40dc-9d14-ffa82c5165bb:192.168.5.145:44926, 86dfeabe-19c5-4fef-a17f-7cde16997188:192.168.5.145:35445] with ContainerStateMachine:uninitialized
2019-10-14 10:08:10,918 [pool-393-thread-1] INFO  server.RaftServerConfigKeys (ConfUtils.java:logGet(43)) - raft.server.rpc.timeout.max = 5200ms (custom)
2019-10-14 10:08:10,918 [pool-403-thread-1] INFO  server.RaftServerConfigKeys (ConfUtils.java:logGet(43)) - raft.server.rpc.timeout.min = 5s (custom)
2019-10-14 10:08:10,919 [pool-393-thread-1] INFO  server.RaftServerConfigKeys (ConfUtils.java:logGet(43)) - raft.server.rpcslowness.timeout = 120s (custom)
2019-10-14 10:08:10,919 [pool-403-thread-1] INFO  server.RaftServerConfigKeys (ConfUtils.java:logGet(43)) - raft.server.rpc.timeout.max = 5200ms (custom)
2019-10-14 10:08:10,919 [pool-393-thread-1] INFO  server.RaftServerConfigKeys (ConfUtils.java:logGet(43)) - raft.server.sleep.deviation.threshold = 300 (default)
2019-10-14 10:08:10,919 [pool-403-thread-1] INFO  server.RaftServerConfigKeys (ConfUtils.java:logGet(43)) - raft.server.rpcslowness.timeout = 120s (custom)
2019-10-14 10:08:10,919 [pool-393-thread-1] INFO  server.RaftServerConfigKeys (ConfUtils.java:logGet(43)) - raft.server.log.appender.install.snapshot.enabled = false (custom)
2019-10-14 10:08:10,919 [pool-403-thread-1] INFO  server.RaftServerConfigKeys (ConfUtils.java:logGet(43)) - raft.server.sleep.deviation.threshold = 300 (default)
2019-10-14 10:08:10,919 [pool-393-thread-1] INFO  impl.RaftServerImpl (ServerState.java:<init>(103)) - 1fc12681-f003-40dc-9d14-ffa82c5165bb@group-B1DC9D084E3F: ConfigurationManager, init=-1: [b2483a3f-840a-458c-8646-43547af974eb:192.168.5.145:38184, 1fc12681-f003-40dc-9d14-ffa82c5165bb:192.168.5.145:44926, 86dfeabe-19c5-4fef-a17f-7cde16997188:192.168.5.145:35445], old=null, confs=<EMPTY_MAP>
2019-10-14 10:08:10,919 [pool-403-thread-1] INFO  server.RaftServerConfigKeys (ConfUtils.java:logGet(43)) - raft.server.log.appender.install.snapshot.enabled = false (custom)
2019-10-14 10:08:10,919 [pool-393-thread-1] INFO  server.RaftServerConfigKeys (ConfUtils.java:logGet(43)) - raft.server.storage.dir = [/workdir/hadoop-ozone/integration-test/target/test-dir/MiniOzoneClusterImpl-13cc90b3-6ebc-41d2-a8a9-a3836e2af835/datanode-1/data/ratis] (custom)
2019-10-14 10:08:10,920 [pool-403-thread-1] INFO  impl.RaftServerImpl (ServerState.java:<init>(103)) - 86dfeabe-19c5-4fef-a17f-7cde16997188@group-B1DC9D084E3F: ConfigurationManager, init=-1: [b2483a3f-840a-458c-8646-43547af974eb:192.168.5.145:38184, 1fc12681-f003-40dc-9d14-ffa82c5165bb:192.168.5.145:44926, 86dfeabe-19c5-4fef-a17f-7cde16997188:192.168.5.145:35445], old=null, confs=<EMPTY_MAP>
2019-10-14 10:08:10,920 [pool-403-thread-1] INFO  server.RaftServerConfigKeys (ConfUtils.java:logGet(43)) - raft.server.storage.dir = [/workdir/hadoop-ozone/integration-test/target/test-dir/MiniOzoneClusterImpl-13cc90b3-6ebc-41d2-a8a9-a3836e2af835/datanode-2/data/ratis] (custom)
2019-10-14 10:08:10,920 [pool-393-thread-1] INFO  server.RaftServerConfigKeys (ConfUtils.java:logGet(43)) - raft.server.log.corruption.policy = EXCEPTION (default)
2019-10-14 10:08:10,920 [pool-403-thread-1] INFO  server.RaftServerConfigKeys (ConfUtils.java:logGet(43)) - raft.server.log.corruption.policy = EXCEPTION (default)
2019-10-14 10:08:10,920 [grpc-default-executor-2] INFO  impl.RaftServerProxy (RaftServerProxy.java:addNew(89)) - b2483a3f-840a-458c-8646-43547af974eb: addNew group-B1DC9D084E3F:[b2483a3f-840a-458c-8646-43547af974eb:192.168.5.145:38184, 1fc12681-f003-40dc-9d14-ffa82c5165bb:192.168.5.145:44926, 86dfeabe-19c5-4fef-a17f-7cde16997188:192.168.5.145:35445] returns group-B1DC9D084E3F:java.util.concurrent.CompletableFuture@eb110f6[Not completed]
2019-10-14 10:08:10,920 [pool-403-thread-1] INFO  storage.RaftStorageDirectory (RaftStorageDirectory.java:analyzeStorage(246)) - The storage directory /workdir/hadoop-ozone/integration-test/target/test-dir/MiniOzoneClusterImpl-13cc90b3-6ebc-41d2-a8a9-a3836e2af835/datanode-2/data/ratis/2f373041-e008-4217-b088-b1dc9d084e3f does not exist. Creating ...
2019-10-14 10:08:10,920 [pool-393-thread-1] INFO  storage.RaftStorageDirectory (RaftStorageDirectory.java:analyzeStorage(246)) - The storage directory /workdir/hadoop-ozone/integration-test/target/test-dir/MiniOzoneClusterImpl-13cc90b3-6ebc-41d2-a8a9-a3836e2af835/datanode-1/data/ratis/2f373041-e008-4217-b088-b1dc9d084e3f does not exist. Creating ...
2019-10-14 10:08:10,921 [pool-383-thread-1] INFO  impl.RaftServerImpl (RaftServerImpl.java:<init>(95)) - b2483a3f-840a-458c-8646-43547af974eb: new RaftServerImpl for group-B1DC9D084E3F:[b2483a3f-840a-458c-8646-43547af974eb:192.168.5.145:38184, 1fc12681-f003-40dc-9d14-ffa82c5165bb:192.168.5.145:44926, 86dfeabe-19c5-4fef-a17f-7cde16997188:192.168.5.145:35445] with ContainerStateMachine:uninitialized
2019-10-14 10:08:10,921 [pool-383-thread-1] INFO  server.RaftServerConfigKeys (ConfUtils.java:logGet(43)) - raft.server.rpc.timeout.min = 5s (custom)
2019-10-14 10:08:10,921 [pool-383-thread-1] INFO  server.RaftServerConfigKeys (ConfUtils.java:logGet(43)) - raft.server.rpc.timeout.max = 5200ms (custom)
2019-10-14 10:08:10,921 [pool-383-thread-1] INFO  server.RaftServerConfigKeys (ConfUtils.java:logGet(43)) - raft.server.rpcslowness.timeout = 120s (custom)
2019-10-14 10:08:10,921 [pool-383-thread-1] INFO  server.RaftServerConfigKeys (ConfUtils.java:logGet(43)) - raft.server.sleep.deviation.threshold = 300 (default)
2019-10-14 10:08:10,922 [pool-383-thread-1] INFO  server.RaftServerConfigKeys (ConfUtils.java:logGet(43)) - raft.server.log.appender.install.snapshot.enabled = false (custom)
2019-10-14 10:08:10,922 [pool-383-thread-1] INFO  impl.RaftServerImpl (ServerState.java:<init>(103)) - b2483a3f-840a-458c-8646-43547af974eb@group-B1DC9D084E3F: ConfigurationManager, init=-1: [b2483a3f-840a-458c-8646-43547af974eb:192.168.5.145:38184, 1fc12681-f003-40dc-9d14-ffa82c5165bb:192.168.5.145:44926, 86dfeabe-19c5-4fef-a17f-7cde16997188:192.168.5.145:35445], old=null, confs=<EMPTY_MAP>
2019-10-14 10:08:10,922 [pool-383-thread-1] INFO  server.RaftServerConfigKeys (ConfUtils.java:logGet(43)) - raft.server.storage.dir = [/workdir/hadoop-ozone/integration-test/target/test-dir/MiniOzoneClusterImpl-13cc90b3-6ebc-41d2-a8a9-a3836e2af835/datanode-0/data/ratis] (custom)
2019-10-14 10:08:10,922 [pool-383-thread-1] INFO  server.RaftServerConfigKeys (ConfUtils.java:logGet(43)) - raft.server.log.corruption.policy = EXCEPTION (default)
2019-10-14 10:08:10,922 [pool-383-thread-1] INFO  storage.RaftStorageDirectory (RaftStorageDirectory.java:analyzeStorage(246)) - The storage directory /workdir/hadoop-ozone/integration-test/target/test-dir/MiniOzoneClusterImpl-13cc90b3-6ebc-41d2-a8a9-a3836e2af835/datanode-0/data/ratis/2f373041-e008-4217-b088-b1dc9d084e3f does not exist. Creating ...
2019-10-14 10:08:10,927 [IPC Server handler 4 on 46528] INFO  net.NetworkTopology (NetworkTopologyImpl.java:add(111)) - Added a new node: /default-rack/e4a32d14-8f19-42c7-80b9-6a4a7381d399
2019-10-14 10:08:10,928 [IPC Server handler 4 on 46528] INFO  node.SCMNodeManager (SCMNodeManager.java:register(268)) - Registered Data node : e4a32d14-8f19-42c7-80b9-6a4a7381d399{ip: 192.168.5.145, host: pr-hdds-2297-rpftj-184604365, networkLocation: /default-rack, certSerialId: null}
2019-10-14 10:08:10,946 [pool-403-thread-1] INFO  storage.RaftStorageDirectory (RaftStorageDirectory.java:tryLock(328)) - Lock on /workdir/hadoop-ozone/integration-test/target/test-dir/MiniOzoneClusterImpl-13cc90b3-6ebc-41d2-a8a9-a3836e2af835/datanode-2/data/ratis/2f373041-e008-4217-b088-b1dc9d084e3f/in_use.lock acquired by nodename 24096@pr-hdds-2297-rpftj-184604365
2019-10-14 10:08:10,946 [pool-383-thread-1] INFO  storage.RaftStorageDirectory (RaftStorageDirectory.java:tryLock(328)) - Lock on /workdir/hadoop-ozone/integration-test/target/test-dir/MiniOzoneClusterImpl-13cc90b3-6ebc-41d2-a8a9-a3836e2af835/datanode-0/data/ratis/2f373041-e008-4217-b088-b1dc9d084e3f/in_use.lock acquired by nodename 24096@pr-hdds-2297-rpftj-184604365
2019-10-14 10:08:10,946 [pool-393-thread-1] INFO  storage.RaftStorageDirectory (RaftStorageDirectory.java:tryLock(328)) - Lock on /workdir/hadoop-ozone/integration-test/target/test-dir/MiniOzoneClusterImpl-13cc90b3-6ebc-41d2-a8a9-a3836e2af835/datanode-1/data/ratis/2f373041-e008-4217-b088-b1dc9d084e3f/in_use.lock acquired by nodename 24096@pr-hdds-2297-rpftj-184604365
2019-10-14 10:08:10,970 [pool-403-thread-1] INFO  storage.RaftStorage (RaftStorage.java:format(84)) - Storage directory /workdir/hadoop-ozone/integration-test/target/test-dir/MiniOzoneClusterImpl-13cc90b3-6ebc-41d2-a8a9-a3836e2af835/datanode-2/data/ratis/2f373041-e008-4217-b088-b1dc9d084e3f has been successfully formatted.
2019-10-14 10:08:10,970 [pool-393-thread-1] INFO  storage.RaftStorage (RaftStorage.java:format(84)) - Storage directory /workdir/hadoop-ozone/integration-test/target/test-dir/MiniOzoneClusterImpl-13cc90b3-6ebc-41d2-a8a9-a3836e2af835/datanode-1/data/ratis/2f373041-e008-4217-b088-b1dc9d084e3f has been successfully formatted.
2019-10-14 10:08:10,970 [pool-383-thread-1] INFO  storage.RaftStorage (RaftStorage.java:format(84)) - Storage directory /workdir/hadoop-ozone/integration-test/target/test-dir/MiniOzoneClusterImpl-13cc90b3-6ebc-41d2-a8a9-a3836e2af835/datanode-0/data/ratis/2f373041-e008-4217-b088-b1dc9d084e3f has been successfully formatted.
2019-10-14 10:08:10,970 [pool-403-thread-1] INFO  ratis.ContainerStateMachine (ContainerStateMachine.java:loadSnapshot(231)) - group-B1DC9D084E3F: The snapshot info is null. Setting the last applied indexto:(t:0, i:~)
2019-10-14 10:08:10,970 [pool-393-thread-1] INFO  ratis.ContainerStateMachine (ContainerStateMachine.java:loadSnapshot(231)) - group-B1DC9D084E3F: The snapshot info is null. Setting the last applied indexto:(t:0, i:~)
2019-10-14 10:08:10,970 [pool-383-thread-1] INFO  ratis.ContainerStateMachine (ContainerStateMachine.java:loadSnapshot(231)) - group-B1DC9D084E3F: The snapshot info is null. Setting the last applied indexto:(t:0, i:~)
2019-10-14 10:08:10,971 [pool-393-thread-1] INFO  server.RaftServerConfigKeys (ConfUtils.java:logGet(43)) - raft.server.notification.no-leader.timeout = 120s (custom)
2019-10-14 10:08:10,971 [pool-403-thread-1] INFO  server.RaftServerConfigKeys (ConfUtils.java:logGet(43)) - raft.server.notification.no-leader.timeout = 120s (custom)
2019-10-14 10:08:10,971 [pool-393-thread-1] INFO  server.RaftServerConfigKeys (ConfUtils.java:logGet(43)) - raft.server.log.use.memory = false (default)
2019-10-14 10:08:10,971 [pool-383-thread-1] INFO  server.RaftServerConfigKeys (ConfUtils.java:logGet(43)) - raft.server.notification.no-leader.timeout = 120s (custom)
2019-10-14 10:08:10,971 [pool-393-thread-1] INFO  server.RaftServerConfigKeys (ConfUtils.java:logGet(43)) - raft.server.log.purge.gap = 1000000 (custom)
2019-10-14 10:08:10,971 [pool-403-thread-1] INFO  server.RaftServerConfigKeys (ConfUtils.java:logGet(43)) - raft.server.log.use.memory = false (default)
2019-10-14 10:08:10,971 [pool-393-thread-1] INFO  server.RaftServerConfigKeys (ConfUtils.java:logGet(43)) - raft.server.log.appender.buffer.byte-limit = 33554432 (custom)
2019-10-14 10:08:10,971 [pool-383-thread-1] INFO  server.RaftServerConfigKeys (ConfUtils.java:logGet(43)) - raft.server.log.use.memory = false (default)
2019-10-14 10:08:10,972 [pool-393-thread-1] INFO  server.RaftServerConfigKeys (ConfUtils.java:logGet(43)) - raft.server.log.segment.size.max = 1048576 (custom)
2019-10-14 10:08:10,971 [pool-403-thread-1] INFO  server.RaftServerConfigKeys (ConfUtils.java:logGet(43)) - raft.server.log.purge.gap = 1000000 (custom)
2019-10-14 10:08:10,972 [pool-393-thread-1] INFO  server.RaftServerConfigKeys (ConfUtils.java:logGet(43)) - raft.server.log.segment.cache.num.max = 2 (custom)
2019-10-14 10:08:10,972 [pool-383-thread-1] INFO  server.RaftServerConfigKeys (ConfUtils.java:logGet(43)) - raft.server.log.purge.gap = 1000000 (custom)
2019-10-14 10:08:10,972 [pool-393-thread-1] INFO  segmented.SegmentedRaftLogWorker (SegmentedRaftLogWorker.java:<init>(173)) - new 1fc12681-f003-40dc-9d14-ffa82c5165bb@group-B1DC9D084E3F-SegmentedRaftLogWorker for RaftStorage:Storage Directory /workdir/hadoop-ozone/integration-test/target/test-dir/MiniOzoneClusterImpl-13cc90b3-6ebc-41d2-a8a9-a3836e2af835/datanode-1/data/ratis/2f373041-e008-4217-b088-b1dc9d084e3f
2019-10-14 10:08:10,972 [pool-403-thread-1] INFO  server.RaftServerConfigKeys (ConfUtils.java:logGet(43)) - raft.server.log.appender.buffer.byte-limit = 33554432 (custom)
2019-10-14 10:08:10,972 [pool-393-thread-1] INFO  server.RaftServerConfigKeys (ConfUtils.java:logGet(43)) - raft.server.log.queue.byte-limit = 2147483647 (custom)
2019-10-14 10:08:10,972 [pool-383-thread-1] INFO  server.RaftServerConfigKeys (ConfUtils.java:logGet(43)) - raft.server.log.appender.buffer.byte-limit = 33554432 (custom)
2019-10-14 10:08:10,972 [pool-393-thread-1] INFO  server.RaftServerConfigKeys (ConfUtils.java:logGet(43)) - raft.server.log.queue.element-limit = 1024 (custom)
2019-10-14 10:08:10,972 [pool-403-thread-1] INFO  server.RaftServerConfigKeys (ConfUtils.java:logGet(43)) - raft.server.log.segment.size.max = 1048576 (custom)
2019-10-14 10:08:10,973 [pool-393-thread-1] INFO  server.RaftServerConfigKeys (ConfUtils.java:logGet(43)) - raft.server.log.segment.size.max = 1048576 (custom)
2019-10-14 10:08:10,972 [pool-383-thread-1] INFO  server.RaftServerConfigKeys (ConfUtils.java:logGet(43)) - raft.server.log.segment.size.max = 1048576 (custom)
2019-10-14 10:08:10,973 [pool-393-thread-1] INFO  server.RaftServerConfigKeys (ConfUtils.java:logGet(43)) - raft.server.log.preallocated.size = 16384 (custom)
2019-10-14 10:08:10,973 [pool-403-thread-1] INFO  server.RaftServerConfigKeys (ConfUtils.java:logGet(43)) - raft.server.log.segment.cache.num.max = 2 (custom)
2019-10-14 10:08:10,973 [pool-393-thread-1] INFO  server.RaftServerConfigKeys (ConfUtils.java:logGet(43)) - raft.server.log.write.buffer.size = 33554432 (custom)
2019-10-14 10:08:10,973 [pool-383-thread-1] INFO  server.RaftServerConfigKeys (ConfUtils.java:logGet(43)) - raft.server.log.segment.cache.num.max = 2 (custom)
2019-10-14 10:08:10,973 [pool-393-thread-1] INFO  server.RaftServerConfigKeys (ConfUtils.java:logGet(43)) - raft.server.log.force.sync.num = 128 (default)
2019-10-14 10:08:10,973 [pool-403-thread-1] INFO  segmented.SegmentedRaftLogWorker (SegmentedRaftLogWorker.java:<init>(173)) - new 86dfeabe-19c5-4fef-a17f-7cde16997188@group-B1DC9D084E3F-SegmentedRaftLogWorker for RaftStorage:Storage Directory /workdir/hadoop-ozone/integration-test/target/test-dir/MiniOzoneClusterImpl-13cc90b3-6ebc-41d2-a8a9-a3836e2af835/datanode-2/data/ratis/2f373041-e008-4217-b088-b1dc9d084e3f
2019-10-14 10:08:10,973 [pool-393-thread-1] INFO  server.RaftServerConfigKeys (ConfUtils.java:logGet(43)) - raft.server.log.statemachine.data.sync = true (default)
2019-10-14 10:08:10,973 [pool-383-thread-1] INFO  segmented.SegmentedRaftLogWorker (SegmentedRaftLogWorker.java:<init>(173)) - new b2483a3f-840a-458c-8646-43547af974eb@group-B1DC9D084E3F-SegmentedRaftLogWorker for RaftStorage:Storage Directory /workdir/hadoop-ozone/integration-test/target/test-dir/MiniOzoneClusterImpl-13cc90b3-6ebc-41d2-a8a9-a3836e2af835/datanode-0/data/ratis/2f373041-e008-4217-b088-b1dc9d084e3f
2019-10-14 10:08:10,974 [pool-393-thread-1] INFO  server.RaftServerConfigKeys (ConfUtils.java:logGet(43)) - raft.server.log.statemachine.data.sync.timeout = 10s (default)
2019-10-14 10:08:10,973 [pool-403-thread-1] INFO  server.RaftServerConfigKeys (ConfUtils.java:logGet(43)) - raft.server.log.queue.byte-limit = 2147483647 (custom)
2019-10-14 10:08:10,974 [pool-393-thread-1] INFO  server.RaftServerConfigKeys (ConfUtils.java:logGet(43)) - raft.server.log.statemachine.data.sync.timeout.retry = -1 (default)
2019-10-14 10:08:10,974 [pool-383-thread-1] INFO  server.RaftServerConfigKeys (ConfUtils.java:logGet(43)) - raft.server.log.queue.byte-limit = 2147483647 (custom)
2019-10-14 10:08:10,974 [pool-393-thread-1] INFO  server.RaftServerConfigKeys (ConfUtils.java:logGet(43)) - raft.server.log.statemachine.data.caching.enabled = true (custom)
2019-10-14 10:08:10,974 [pool-403-thread-1] INFO  server.RaftServerConfigKeys (ConfUtils.java:logGet(43)) - raft.server.log.queue.element-limit = 1024 (custom)
2019-10-14 10:08:10,974 [pool-383-thread-1] INFO  server.RaftServerConfigKeys (ConfUtils.java:logGet(43)) - raft.server.log.queue.element-limit = 1024 (custom)
2019-10-14 10:08:10,974 [pool-393-thread-1] INFO  segmented.SegmentedRaftLogWorker (SegmentedRaftLogWorker.java:lambda$new$0(128)) - 1fc12681-f003-40dc-9d14-ffa82c5165bb@group-B1DC9D084E3F-SegmentedRaftLogWorker: flushIndex: setUnconditionally 0 -> -1
2019-10-14 10:08:10,974 [pool-403-thread-1] INFO  server.RaftServerConfigKeys (ConfUtils.java:logGet(43)) - raft.server.log.segment.size.max = 1048576 (custom)
2019-10-14 10:08:10,974 [pool-383-thread-1] INFO  server.RaftServerConfigKeys (ConfUtils.java:logGet(43)) - raft.server.log.segment.size.max = 1048576 (custom)
2019-10-14 10:08:10,975 [pool-403-thread-1] INFO  server.RaftServerConfigKeys (ConfUtils.java:logGet(43)) - raft.server.log.preallocated.size = 16384 (custom)
2019-10-14 10:08:10,975 [pool-393-thread-1] INFO  server.RaftServerConfigKeys (ConfUtils.java:logGet(43)) - raft.server.snapshot.auto.trigger.enabled = true (custom)
2019-10-14 10:08:10,975 [pool-383-thread-1] INFO  server.RaftServerConfigKeys (ConfUtils.java:logGet(43)) - raft.server.log.preallocated.size = 16384 (custom)
2019-10-14 10:08:10,975 [pool-393-thread-1] INFO  server.RaftServerConfigKeys (ConfUtils.java:logGet(43)) - raft.server.snapshot.auto.trigger.threshold = 10000 (custom)
2019-10-14 10:08:10,975 [pool-403-thread-1] INFO  server.RaftServerConfigKeys (ConfUtils.java:logGet(43)) - raft.server.log.write.buffer.size = 33554432 (custom)
2019-10-14 10:08:10,975 [pool-393-thread-1] INFO  server.RaftServerConfigKeys (ConfUtils.java:logGet(43)) - raft.server.snapshot.retention.file.num = 5 (custom)
2019-10-14 10:08:10,975 [pool-383-thread-1] INFO  server.RaftServerConfigKeys (ConfUtils.java:logGet(43)) - raft.server.log.write.buffer.size = 33554432 (custom)
2019-10-14 10:08:10,975 [pool-393-thread-1] INFO  server.RaftServerConfigKeys (ConfUtils.java:logGet(43)) - raft.server.retrycache.expirytime = 600000ms (custom)
2019-10-14 10:08:10,975 [pool-403-thread-1] INFO  server.RaftServerConfigKeys (ConfUtils.java:logGet(43)) - raft.server.log.force.sync.num = 128 (default)
2019-10-14 10:08:10,975 [pool-383-thread-1] INFO  server.RaftServerConfigKeys (ConfUtils.java:logGet(43)) - raft.server.log.force.sync.num = 128 (default)
2019-10-14 10:08:10,976 [pool-403-thread-1] INFO  server.RaftServerConfigKeys (ConfUtils.java:logGet(43)) - raft.server.log.statemachine.data.sync = true (default)
2019-10-14 10:08:10,976 [pool-383-thread-1] INFO  server.RaftServerConfigKeys (ConfUtils.java:logGet(43)) - raft.server.log.statemachine.data.sync = true (default)
2019-10-14 10:08:10,976 [pool-403-thread-1] INFO  server.RaftServerConfigKeys (ConfUtils.java:logGet(43)) - raft.server.log.statemachine.data.sync.timeout = 10s (default)
2019-10-14 10:08:10,976 [pool-383-thread-1] INFO  server.RaftServerConfigKeys (ConfUtils.java:logGet(43)) - raft.server.log.statemachine.data.sync.timeout = 10s (default)
2019-10-14 10:08:10,976 [pool-403-thread-1] INFO  server.RaftServerConfigKeys (ConfUtils.java:logGet(43)) - raft.server.log.statemachine.data.sync.timeout.retry = -1 (default)
2019-10-14 10:08:10,976 [pool-383-thread-1] INFO  server.RaftServerConfigKeys (ConfUtils.java:logGet(43)) - raft.server.log.statemachine.data.sync.timeout.retry = -1 (default)
2019-10-14 10:08:10,976 [pool-403-thread-1] INFO  server.RaftServerConfigKeys (ConfUtils.java:logGet(43)) - raft.server.log.statemachine.data.caching.enabled = true (custom)
2019-10-14 10:08:10,976 [pool-383-thread-1] INFO  server.RaftServerConfigKeys (ConfUtils.java:logGet(43)) - raft.server.log.statemachine.data.caching.enabled = true (custom)
2019-10-14 10:08:10,977 [pool-403-thread-1] INFO  segmented.SegmentedRaftLogWorker (SegmentedRaftLogWorker.java:lambda$new$0(128)) - 86dfeabe-19c5-4fef-a17f-7cde16997188@group-B1DC9D084E3F-SegmentedRaftLogWorker: flushIndex: setUnconditionally 0 -> -1
2019-10-14 10:08:10,977 [pool-383-thread-1] INFO  segmented.SegmentedRaftLogWorker (SegmentedRaftLogWorker.java:lambda$new$0(128)) - b2483a3f-840a-458c-8646-43547af974eb@group-B1DC9D084E3F-SegmentedRaftLogWorker: flushIndex: setUnconditionally 0 -> -1
2019-10-14 10:08:10,977 [pool-403-thread-1] INFO  server.RaftServerConfigKeys (ConfUtils.java:logGet(43)) - raft.server.snapshot.auto.trigger.enabled = true (custom)
2019-10-14 10:08:10,977 [pool-383-thread-1] INFO  server.RaftServerConfigKeys (ConfUtils.java:logGet(43)) - raft.server.snapshot.auto.trigger.enabled = true (custom)
2019-10-14 10:08:10,977 [pool-403-thread-1] INFO  server.RaftServerConfigKeys (ConfUtils.java:logGet(43)) - raft.server.snapshot.auto.trigger.threshold = 10000 (custom)
2019-10-14 10:08:10,977 [pool-383-thread-1] INFO  server.RaftServerConfigKeys (ConfUtils.java:logGet(43)) - raft.server.snapshot.auto.trigger.threshold = 10000 (custom)
2019-10-14 10:08:10,977 [pool-403-thread-1] INFO  server.RaftServerConfigKeys (ConfUtils.java:logGet(43)) - raft.server.snapshot.retention.file.num = 5 (custom)
2019-10-14 10:08:10,977 [pool-393-thread-1] INFO  impl.RaftServerImpl (RaftServerImpl.java:start(181)) - 1fc12681-f003-40dc-9d14-ffa82c5165bb@group-B1DC9D084E3F: start as a follower, conf=-1: [b2483a3f-840a-458c-8646-43547af974eb:192.168.5.145:38184, 1fc12681-f003-40dc-9d14-ffa82c5165bb:192.168.5.145:44926, 86dfeabe-19c5-4fef-a17f-7cde16997188:192.168.5.145:35445], old=null
2019-10-14 10:08:10,977 [pool-403-thread-1] INFO  server.RaftServerConfigKeys (ConfUtils.java:logGet(43)) - raft.server.retrycache.expirytime = 600000ms (custom)
2019-10-14 10:08:10,977 [pool-383-thread-1] INFO  server.RaftServerConfigKeys (ConfUtils.java:logGet(43)) - raft.server.snapshot.retention.file.num = 5 (custom)
2019-10-14 10:08:10,978 [pool-393-thread-1] INFO  impl.RaftServerImpl (RaftServerImpl.java:setRole(170)) - 1fc12681-f003-40dc-9d14-ffa82c5165bb@group-B1DC9D084E3F: changes role from      null to FOLLOWER at term 0 for startAsFollower
2019-10-14 10:08:10,978 [pool-383-thread-1] INFO  server.RaftServerConfigKeys (ConfUtils.java:logGet(43)) - raft.server.retrycache.expirytime = 600000ms (custom)
2019-10-14 10:08:10,978 [pool-393-thread-1] INFO  impl.RoleInfo (RoleInfo.java:updateAndGet(143)) - 1fc12681-f003-40dc-9d14-ffa82c5165bb: start FollowerState
2019-10-14 10:08:10,978 [pool-393-thread-1] INFO  util.JmxRegister (JmxRegister.java:tryRegister(44)) - Successfully registered JMX Bean with object name Ratis:service=RaftServer,group=group-B1DC9D084E3F,id=1fc12681-f003-40dc-9d14-ffa82c5165bb
2019-10-14 10:08:10,980 [pool-403-thread-1] INFO  impl.RaftServerImpl (RaftServerImpl.java:start(181)) - 86dfeabe-19c5-4fef-a17f-7cde16997188@group-B1DC9D084E3F: start as a follower, conf=-1: [b2483a3f-840a-458c-8646-43547af974eb:192.168.5.145:38184, 1fc12681-f003-40dc-9d14-ffa82c5165bb:192.168.5.145:44926, 86dfeabe-19c5-4fef-a17f-7cde16997188:192.168.5.145:35445], old=null
2019-10-14 10:08:10,980 [pool-403-thread-1] INFO  impl.RaftServerImpl (RaftServerImpl.java:setRole(170)) - 86dfeabe-19c5-4fef-a17f-7cde16997188@group-B1DC9D084E3F: changes role from      null to FOLLOWER at term 0 for startAsFollower
2019-10-14 10:08:10,980 [pool-403-thread-1] INFO  impl.RoleInfo (RoleInfo.java:updateAndGet(143)) - 86dfeabe-19c5-4fef-a17f-7cde16997188: start FollowerState
2019-10-14 10:08:10,981 [pool-403-thread-1] INFO  util.JmxRegister (JmxRegister.java:tryRegister(44)) - Successfully registered JMX Bean with object name Ratis:service=RaftServer,group=group-B1DC9D084E3F,id=86dfeabe-19c5-4fef-a17f-7cde16997188
2019-10-14 10:08:10,981 [pool-383-thread-1] INFO  impl.RaftServerImpl (RaftServerImpl.java:start(181)) - b2483a3f-840a-458c-8646-43547af974eb@group-B1DC9D084E3F: start as a follower, conf=-1: [b2483a3f-840a-458c-8646-43547af974eb:192.168.5.145:38184, 1fc12681-f003-40dc-9d14-ffa82c5165bb:192.168.5.145:44926, 86dfeabe-19c5-4fef-a17f-7cde16997188:192.168.5.145:35445], old=null
2019-10-14 10:08:10,981 [pool-383-thread-1] INFO  impl.RaftServerImpl (RaftServerImpl.java:setRole(170)) - b2483a3f-840a-458c-8646-43547af974eb@group-B1DC9D084E3F: changes role from      null to FOLLOWER at term 0 for startAsFollower
2019-10-14 10:08:10,981 [pool-383-thread-1] INFO  impl.RoleInfo (RoleInfo.java:updateAndGet(143)) - b2483a3f-840a-458c-8646-43547af974eb: start FollowerState
2019-10-14 10:08:10,981 [pool-383-thread-1] INFO  util.JmxRegister (JmxRegister.java:tryRegister(44)) - Successfully registered JMX Bean with object name Ratis:service=RaftServer,group=group-B1DC9D084E3F,id=b2483a3f-840a-458c-8646-43547af974eb
2019-10-14 10:08:10,986 [RatisPipelineUtilsThread] INFO  pipeline.PipelineStateManager (PipelineStateManager.java:addPipeline(56)) - Created pipeline Pipeline[ Id: 2f373041-e008-4217-b088-b1dc9d084e3f, Nodes: b2483a3f-840a-458c-8646-43547af974eb{ip: 192.168.5.145, host: pr-hdds-2297-rpftj-184604365, networkLocation: /default-rack, certSerialId: null}1fc12681-f003-40dc-9d14-ffa82c5165bb{ip: 192.168.5.145, host: pr-hdds-2297-rpftj-184604365, networkLocation: /default-rack, certSerialId: null}86dfeabe-19c5-4fef-a17f-7cde16997188{ip: 192.168.5.145, host: pr-hdds-2297-rpftj-184604365, networkLocation: /default-rack, certSerialId: null}, Type:RATIS, Factor:THREE, State:OPEN]
2019-10-14 10:08:10,989 [IPC Server handler 5 on 46528] INFO  net.NetworkTopology (NetworkTopologyImpl.java:add(111)) - Added a new node: /default-rack/44d9e862-9694-45d2-bbd8-86e8fa5a5f56
2019-10-14 10:08:10,992 [IPC Server handler 5 on 46528] INFO  node.SCMNodeManager (SCMNodeManager.java:register(268)) - Registered Data node : 44d9e862-9694-45d2-bbd8-86e8fa5a5f56{ip: 192.168.5.145, host: pr-hdds-2297-rpftj-184604365, networkLocation: /default-rack, certSerialId: null}
2019-10-14 10:08:10,998 [grpc-default-executor-2] INFO  impl.RaftServerProxy (RaftServerProxy.java:addNew(89)) - 44d9e862-9694-45d2-bbd8-86e8fa5a5f56: addNew group-D6C126938FEF:[44d9e862-9694-45d2-bbd8-86e8fa5a5f56:192.168.5.145:33968] returns group-D6C126938FEF:java.util.concurrent.CompletableFuture@71c02b1[Not completed]
2019-10-14 10:08:10,999 [pool-423-thread-1] INFO  impl.RaftServerImpl (RaftServerImpl.java:<init>(95)) - 44d9e862-9694-45d2-bbd8-86e8fa5a5f56: new RaftServerImpl for group-D6C126938FEF:[44d9e862-9694-45d2-bbd8-86e8fa5a5f56:192.168.5.145:33968] with ContainerStateMachine:uninitialized
2019-10-14 10:08:10,999 [pool-423-thread-1] INFO  server.RaftServerConfigKeys (ConfUtils.java:logGet(43)) - raft.server.rpc.timeout.min = 5s (custom)
2019-10-14 10:08:10,999 [pool-423-thread-1] INFO  server.RaftServerConfigKeys (ConfUtils.java:logGet(43)) - raft.server.rpc.timeout.max = 5200ms (custom)
2019-10-14 10:08:10,999 [pool-423-thread-1] INFO  server.RaftServerConfigKeys (ConfUtils.java:logGet(43)) - raft.server.rpcslowness.timeout = 120s (custom)
2019-10-14 10:08:10,999 [pool-423-thread-1] INFO  server.RaftServerConfigKeys (ConfUtils.java:logGet(43)) - raft.server.sleep.deviation.threshold = 300 (default)
2019-10-14 10:08:10,999 [pool-423-thread-1] INFO  server.RaftServerConfigKeys (ConfUtils.java:logGet(43)) - raft.server.log.appender.install.snapshot.enabled = false (custom)
2019-10-14 10:08:10,999 [pool-423-thread-1] INFO  impl.RaftServerImpl (ServerState.java:<init>(103)) - 44d9e862-9694-45d2-bbd8-86e8fa5a5f56@group-D6C126938FEF: ConfigurationManager, init=-1: [44d9e862-9694-45d2-bbd8-86e8fa5a5f56:192.168.5.145:33968], old=null, confs=<EMPTY_MAP>
2019-10-14 10:08:10,999 [pool-423-thread-1] INFO  server.RaftServerConfigKeys (ConfUtils.java:logGet(43)) - raft.server.storage.dir = [/workdir/hadoop-ozone/integration-test/target/test-dir/MiniOzoneClusterImpl-13cc90b3-6ebc-41d2-a8a9-a3836e2af835/datanode-4/data/ratis] (custom)
2019-10-14 10:08:11,000 [pool-423-thread-1] INFO  server.RaftServerConfigKeys (ConfUtils.java:logGet(43)) - raft.server.log.corruption.policy = EXCEPTION (default)
2019-10-14 10:08:11,000 [pool-423-thread-1] INFO  storage.RaftStorageDirectory (RaftStorageDirectory.java:analyzeStorage(246)) - The storage directory /workdir/hadoop-ozone/integration-test/target/test-dir/MiniOzoneClusterImpl-13cc90b3-6ebc-41d2-a8a9-a3836e2af835/datanode-4/data/ratis/57e3f196-a68b-4a4d-af30-d6c126938fef does not exist. Creating ...
2019-10-14 10:08:11,012 [pool-423-thread-1] INFO  storage.RaftStorageDirectory (RaftStorageDirectory.java:tryLock(328)) - Lock on /workdir/hadoop-ozone/integration-test/target/test-dir/MiniOzoneClusterImpl-13cc90b3-6ebc-41d2-a8a9-a3836e2af835/datanode-4/data/ratis/57e3f196-a68b-4a4d-af30-d6c126938fef/in_use.lock acquired by nodename 24096@pr-hdds-2297-rpftj-184604365
2019-10-14 10:08:11,025 [pool-423-thread-1] INFO  storage.RaftStorage (RaftStorage.java:format(84)) - Storage directory /workdir/hadoop-ozone/integration-test/target/test-dir/MiniOzoneClusterImpl-13cc90b3-6ebc-41d2-a8a9-a3836e2af835/datanode-4/data/ratis/57e3f196-a68b-4a4d-af30-d6c126938fef has been successfully formatted.
2019-10-14 10:08:11,025 [pool-423-thread-1] INFO  ratis.ContainerStateMachine (ContainerStateMachine.java:loadSnapshot(231)) - group-D6C126938FEF: The snapshot info is null. Setting the last applied indexto:(t:0, i:~)
2019-10-14 10:08:11,025 [pool-423-thread-1] INFO  server.RaftServerConfigKeys (ConfUtils.java:logGet(43)) - raft.server.notification.no-leader.timeout = 120s (custom)
2019-10-14 10:08:11,025 [pool-423-thread-1] INFO  server.RaftServerConfigKeys (ConfUtils.java:logGet(43)) - raft.server.log.use.memory = false (default)
2019-10-14 10:08:11,025 [pool-423-thread-1] INFO  server.RaftServerConfigKeys (ConfUtils.java:logGet(43)) - raft.server.log.purge.gap = 1000000 (custom)
2019-10-14 10:08:11,025 [pool-423-thread-1] INFO  server.RaftServerConfigKeys (ConfUtils.java:logGet(43)) - raft.server.log.appender.buffer.byte-limit = 33554432 (custom)
2019-10-14 10:08:11,025 [pool-423-thread-1] INFO  server.RaftServerConfigKeys (ConfUtils.java:logGet(43)) - raft.server.log.segment.size.max = 1048576 (custom)
2019-10-14 10:08:11,027 [pool-423-thread-1] INFO  server.RaftServerConfigKeys (ConfUtils.java:logGet(43)) - raft.server.log.segment.cache.num.max = 2 (custom)
2019-10-14 10:08:11,027 [pool-423-thread-1] INFO  segmented.SegmentedRaftLogWorker (SegmentedRaftLogWorker.java:<init>(173)) - new 44d9e862-9694-45d2-bbd8-86e8fa5a5f56@group-D6C126938FEF-SegmentedRaftLogWorker for RaftStorage:Storage Directory /workdir/hadoop-ozone/integration-test/target/test-dir/MiniOzoneClusterImpl-13cc90b3-6ebc-41d2-a8a9-a3836e2af835/datanode-4/data/ratis/57e3f196-a68b-4a4d-af30-d6c126938fef
2019-10-14 10:08:11,027 [pool-423-thread-1] INFO  server.RaftServerConfigKeys (ConfUtils.java:logGet(43)) - raft.server.log.queue.byte-limit = 2147483647 (custom)
2019-10-14 10:08:11,027 [pool-423-thread-1] INFO  server.RaftServerConfigKeys (ConfUtils.java:logGet(43)) - raft.server.log.queue.element-limit = 1024 (custom)
2019-10-14 10:08:11,027 [pool-423-thread-1] INFO  server.RaftServerConfigKeys (ConfUtils.java:logGet(43)) - raft.server.log.segment.size.max = 1048576 (custom)
2019-10-14 10:08:11,027 [pool-423-thread-1] INFO  server.RaftServerConfigKeys (ConfUtils.java:logGet(43)) - raft.server.log.preallocated.size = 16384 (custom)
2019-10-14 10:08:11,027 [pool-423-thread-1] INFO  server.RaftServerConfigKeys (ConfUtils.java:logGet(43)) - raft.server.log.write.buffer.size = 33554432 (custom)
2019-10-14 10:08:11,027 [pool-423-thread-1] INFO  server.RaftServerConfigKeys (ConfUtils.java:logGet(43)) - raft.server.log.force.sync.num = 128 (default)
2019-10-14 10:08:11,027 [pool-423-thread-1] INFO  server.RaftServerConfigKeys (ConfUtils.java:logGet(43)) - raft.server.log.statemachine.data.sync = true (default)
2019-10-14 10:08:11,027 [pool-423-thread-1] INFO  server.RaftServerConfigKeys (ConfUtils.java:logGet(43)) - raft.server.log.statemachine.data.sync.timeout = 10s (default)
2019-10-14 10:08:11,027 [pool-423-thread-1] INFO  server.RaftServerConfigKeys (ConfUtils.java:logGet(43)) - raft.server.log.statemachine.data.sync.timeout.retry = -1 (default)
2019-10-14 10:08:11,028 [pool-423-thread-1] INFO  server.RaftServerConfigKeys (ConfUtils.java:logGet(43)) - raft.server.log.statemachine.data.caching.enabled = true (custom)
2019-10-14 10:08:11,028 [pool-423-thread-1] INFO  segmented.SegmentedRaftLogWorker (SegmentedRaftLogWorker.java:lambda$new$0(128)) - 44d9e862-9694-45d2-bbd8-86e8fa5a5f56@group-D6C126938FEF-SegmentedRaftLogWorker: flushIndex: setUnconditionally 0 -> -1
2019-10-14 10:08:11,028 [pool-423-thread-1] INFO  server.RaftServerConfigKeys (ConfUtils.java:logGet(43)) - raft.server.snapshot.auto.trigger.enabled = true (custom)
2019-10-14 10:08:11,028 [pool-423-thread-1] INFO  server.RaftServerConfigKeys (ConfUtils.java:logGet(43)) - raft.server.snapshot.auto.trigger.threshold = 10000 (custom)
2019-10-14 10:08:11,028 [pool-423-thread-1] INFO  server.RaftServerConfigKeys (ConfUtils.java:logGet(43)) - raft.server.snapshot.retention.file.num = 5 (custom)
2019-10-14 10:08:11,028 [pool-423-thread-1] INFO  server.RaftServerConfigKeys (ConfUtils.java:logGet(43)) - raft.server.retrycache.expirytime = 600000ms (custom)
2019-10-14 10:08:11,029 [pool-423-thread-1] INFO  impl.RaftServerImpl (RaftServerImpl.java:start(181)) - 44d9e862-9694-45d2-bbd8-86e8fa5a5f56@group-D6C126938FEF: start as a follower, conf=-1: [44d9e862-9694-45d2-bbd8-86e8fa5a5f56:192.168.5.145:33968], old=null
2019-10-14 10:08:11,029 [pool-423-thread-1] INFO  impl.RaftServerImpl (RaftServerImpl.java:setRole(170)) - 44d9e862-9694-45d2-bbd8-86e8fa5a5f56@group-D6C126938FEF: changes role from      null to FOLLOWER at term 0 for startAsFollower
2019-10-14 10:08:11,029 [pool-423-thread-1] INFO  impl.RoleInfo (RoleInfo.java:updateAndGet(143)) - 44d9e862-9694-45d2-bbd8-86e8fa5a5f56: start FollowerState
2019-10-14 10:08:11,030 [pool-423-thread-1] INFO  util.JmxRegister (JmxRegister.java:tryRegister(44)) - Successfully registered JMX Bean with object name Ratis:service=RaftServer,group=group-D6C126938FEF,id=44d9e862-9694-45d2-bbd8-86e8fa5a5f56
2019-10-14 10:08:11,033 [RatisPipelineUtilsThread] INFO  pipeline.PipelineStateManager (PipelineStateManager.java:addPipeline(56)) - Created pipeline Pipeline[ Id: 57e3f196-a68b-4a4d-af30-d6c126938fef, Nodes: 44d9e862-9694-45d2-bbd8-86e8fa5a5f56{ip: 192.168.5.145, host: pr-hdds-2297-rpftj-184604365, networkLocation: /default-rack, certSerialId: null}, Type:RATIS, Factor:ONE, State:OPEN]
2019-10-14 10:08:11,039 [grpc-default-executor-2] INFO  impl.RaftServerProxy (RaftServerProxy.java:addNew(89)) - e4a32d14-8f19-42c7-80b9-6a4a7381d399: addNew group-2D4BDF361E96:[e4a32d14-8f19-42c7-80b9-6a4a7381d399:192.168.5.145:40829] returns group-2D4BDF361E96:java.util.concurrent.CompletableFuture@1b5438e6[Not completed]
2019-10-14 10:08:11,040 [pool-413-thread-1] INFO  impl.RaftServerImpl (RaftServerImpl.java:<init>(95)) - e4a32d14-8f19-42c7-80b9-6a4a7381d399: new RaftServerImpl for group-2D4BDF361E96:[e4a32d14-8f19-42c7-80b9-6a4a7381d399:192.168.5.145:40829] with ContainerStateMachine:uninitialized
2019-10-14 10:08:11,040 [pool-413-thread-1] INFO  server.RaftServerConfigKeys (ConfUtils.java:logGet(43)) - raft.server.rpc.timeout.min = 5s (custom)
2019-10-14 10:08:11,040 [pool-413-thread-1] INFO  server.RaftServerConfigKeys (ConfUtils.java:logGet(43)) - raft.server.rpc.timeout.max = 5200ms (custom)
2019-10-14 10:08:11,040 [pool-413-thread-1] INFO  server.RaftServerConfigKeys (ConfUtils.java:logGet(43)) - raft.server.rpcslowness.timeout = 120s (custom)
2019-10-14 10:08:11,040 [pool-413-thread-1] INFO  server.RaftServerConfigKeys (ConfUtils.java:logGet(43)) - raft.server.sleep.deviation.threshold = 300 (default)
2019-10-14 10:08:11,040 [pool-413-thread-1] INFO  server.RaftServerConfigKeys (ConfUtils.java:logGet(43)) - raft.server.log.appender.install.snapshot.enabled = false (custom)
2019-10-14 10:08:11,040 [pool-413-thread-1] INFO  impl.RaftServerImpl (ServerState.java:<init>(103)) - e4a32d14-8f19-42c7-80b9-6a4a7381d399@group-2D4BDF361E96: ConfigurationManager, init=-1: [e4a32d14-8f19-42c7-80b9-6a4a7381d399:192.168.5.145:40829], old=null, confs=<EMPTY_MAP>
2019-10-14 10:08:11,041 [pool-413-thread-1] INFO  server.RaftServerConfigKeys (ConfUtils.java:logGet(43)) - raft.server.storage.dir = [/workdir/hadoop-ozone/integration-test/target/test-dir/MiniOzoneClusterImpl-13cc90b3-6ebc-41d2-a8a9-a3836e2af835/datanode-3/data/ratis] (custom)
2019-10-14 10:08:11,041 [pool-413-thread-1] INFO  server.RaftServerConfigKeys (ConfUtils.java:logGet(43)) - raft.server.log.corruption.policy = EXCEPTION (default)
2019-10-14 10:08:11,041 [pool-413-thread-1] INFO  storage.RaftStorageDirectory (RaftStorageDirectory.java:analyzeStorage(246)) - The storage directory /workdir/hadoop-ozone/integration-test/target/test-dir/MiniOzoneClusterImpl-13cc90b3-6ebc-41d2-a8a9-a3836e2af835/datanode-3/data/ratis/8b402b78-0252-4c57-bd61-2d4bdf361e96 does not exist. Creating ...
2019-10-14 10:08:11,046 [pool-413-thread-1] INFO  storage.RaftStorageDirectory (RaftStorageDirectory.java:tryLock(328)) - Lock on /workdir/hadoop-ozone/integration-test/target/test-dir/MiniOzoneClusterImpl-13cc90b3-6ebc-41d2-a8a9-a3836e2af835/datanode-3/data/ratis/8b402b78-0252-4c57-bd61-2d4bdf361e96/in_use.lock acquired by nodename 24096@pr-hdds-2297-rpftj-184604365
2019-10-14 10:08:11,052 [IPC Server handler 6 on 46528] INFO  net.NetworkTopology (NetworkTopologyImpl.java:add(111)) - Added a new node: /default-rack/6d5a3e42-9632-4a15-b5fb-f8db03503323
2019-10-14 10:08:11,053 [IPC Server handler 6 on 46528] INFO  node.SCMNodeManager (SCMNodeManager.java:register(268)) - Registered Data node : 6d5a3e42-9632-4a15-b5fb-f8db03503323{ip: 192.168.5.145, host: pr-hdds-2297-rpftj-184604365, networkLocation: /default-rack, certSerialId: null}
2019-10-14 10:08:11,058 [pool-413-thread-1] INFO  storage.RaftStorage (RaftStorage.java:format(84)) - Storage directory /workdir/hadoop-ozone/integration-test/target/test-dir/MiniOzoneClusterImpl-13cc90b3-6ebc-41d2-a8a9-a3836e2af835/datanode-3/data/ratis/8b402b78-0252-4c57-bd61-2d4bdf361e96 has been successfully formatted.
2019-10-14 10:08:11,058 [pool-413-thread-1] INFO  ratis.ContainerStateMachine (ContainerStateMachine.java:loadSnapshot(231)) - group-2D4BDF361E96: The snapshot info is null. Setting the last applied indexto:(t:0, i:~)
2019-10-14 10:08:11,058 [pool-413-thread-1] INFO  server.RaftServerConfigKeys (ConfUtils.java:logGet(43)) - raft.server.notification.no-leader.timeout = 120s (custom)
2019-10-14 10:08:11,058 [pool-413-thread-1] INFO  server.RaftServerConfigKeys (ConfUtils.java:logGet(43)) - raft.server.log.use.memory = false (default)
2019-10-14 10:08:11,059 [pool-413-thread-1] INFO  server.RaftServerConfigKeys (ConfUtils.java:logGet(43)) - raft.server.log.purge.gap = 1000000 (custom)
2019-10-14 10:08:11,059 [pool-413-thread-1] INFO  server.RaftServerConfigKeys (ConfUtils.java:logGet(43)) - raft.server.log.appender.buffer.byte-limit = 33554432 (custom)
2019-10-14 10:08:11,059 [pool-413-thread-1] INFO  server.RaftServerConfigKeys (ConfUtils.java:logGet(43)) - raft.server.log.segment.size.max = 1048576 (custom)
2019-10-14 10:08:11,060 [pool-413-thread-1] INFO  server.RaftServerConfigKeys (ConfUtils.java:logGet(43)) - raft.server.log.segment.cache.num.max = 2 (custom)
2019-10-14 10:08:11,060 [pool-413-thread-1] INFO  segmented.SegmentedRaftLogWorker (SegmentedRaftLogWorker.java:<init>(173)) - new e4a32d14-8f19-42c7-80b9-6a4a7381d399@group-2D4BDF361E96-SegmentedRaftLogWorker for RaftStorage:Storage Directory /workdir/hadoop-ozone/integration-test/target/test-dir/MiniOzoneClusterImpl-13cc90b3-6ebc-41d2-a8a9-a3836e2af835/datanode-3/data/ratis/8b402b78-0252-4c57-bd61-2d4bdf361e96
2019-10-14 10:08:11,060 [pool-413-thread-1] INFO  server.RaftServerConfigKeys (ConfUtils.java:logGet(43)) - raft.server.log.queue.byte-limit = 2147483647 (custom)
2019-10-14 10:08:11,060 [pool-413-thread-1] INFO  server.RaftServerConfigKeys (ConfUtils.java:logGet(43)) - raft.server.log.queue.element-limit = 1024 (custom)
2019-10-14 10:08:11,060 [pool-413-thread-1] INFO  server.RaftServerConfigKeys (ConfUtils.java:logGet(43)) - raft.server.log.segment.size.max = 1048576 (custom)
2019-10-14 10:08:11,060 [pool-413-thread-1] INFO  server.RaftServerConfigKeys (ConfUtils.java:logGet(43)) - raft.server.log.preallocated.size = 16384 (custom)
2019-10-14 10:08:11,060 [pool-413-thread-1] INFO  server.RaftServerConfigKeys (ConfUtils.java:logGet(43)) - raft.server.log.write.buffer.size = 33554432 (custom)
2019-10-14 10:08:11,060 [pool-413-thread-1] INFO  server.RaftServerConfigKeys (ConfUtils.java:logGet(43)) - raft.server.log.force.sync.num = 128 (default)
2019-10-14 10:08:11,060 [pool-413-thread-1] INFO  server.RaftServerConfigKeys (ConfUtils.java:logGet(43)) - raft.server.log.statemachine.data.sync = true (default)
2019-10-14 10:08:11,061 [pool-413-thread-1] INFO  server.RaftServerConfigKeys (ConfUtils.java:logGet(43)) - raft.server.log.statemachine.data.sync.timeout = 10s (default)
2019-10-14 10:08:11,061 [pool-413-thread-1] INFO  server.RaftServerConfigKeys (ConfUtils.java:logGet(43)) - raft.server.log.statemachine.data.sync.timeout.retry = -1 (default)
2019-10-14 10:08:11,061 [pool-413-thread-1] INFO  server.RaftServerConfigKeys (ConfUtils.java:logGet(43)) - raft.server.log.statemachine.data.caching.enabled = true (custom)
2019-10-14 10:08:11,061 [pool-413-thread-1] INFO  segmented.SegmentedRaftLogWorker (SegmentedRaftLogWorker.java:lambda$new$0(128)) - e4a32d14-8f19-42c7-80b9-6a4a7381d399@group-2D4BDF361E96-SegmentedRaftLogWorker: flushIndex: setUnconditionally 0 -> -1
2019-10-14 10:08:11,061 [pool-413-thread-1] INFO  server.RaftServerConfigKeys (ConfUtils.java:logGet(43)) - raft.server.snapshot.auto.trigger.enabled = true (custom)
2019-10-14 10:08:11,061 [pool-413-thread-1] INFO  server.RaftServerConfigKeys (ConfUtils.java:logGet(43)) - raft.server.snapshot.auto.trigger.threshold = 10000 (custom)
2019-10-14 10:08:11,061 [pool-413-thread-1] INFO  server.RaftServerConfigKeys (ConfUtils.java:logGet(43)) - raft.server.snapshot.retention.file.num = 5 (custom)
2019-10-14 10:08:11,062 [pool-413-thread-1] INFO  server.RaftServerConfigKeys (ConfUtils.java:logGet(43)) - raft.server.retrycache.expirytime = 600000ms (custom)
2019-10-14 10:08:11,063 [pool-413-thread-1] INFO  impl.RaftServerImpl (RaftServerImpl.java:start(181)) - e4a32d14-8f19-42c7-80b9-6a4a7381d399@group-2D4BDF361E96: start as a follower, conf=-1: [e4a32d14-8f19-42c7-80b9-6a4a7381d399:192.168.5.145:40829], old=null
2019-10-14 10:08:11,063 [pool-413-thread-1] INFO  impl.RaftServerImpl (RaftServerImpl.java:setRole(170)) - e4a32d14-8f19-42c7-80b9-6a4a7381d399@group-2D4BDF361E96: changes role from      null to FOLLOWER at term 0 for startAsFollower
2019-10-14 10:08:11,063 [pool-413-thread-1] INFO  impl.RoleInfo (RoleInfo.java:updateAndGet(143)) - e4a32d14-8f19-42c7-80b9-6a4a7381d399: start FollowerState
2019-10-14 10:08:11,063 [pool-413-thread-1] INFO  util.JmxRegister (JmxRegister.java:tryRegister(44)) - Successfully registered JMX Bean with object name Ratis:service=RaftServer,group=group-2D4BDF361E96,id=e4a32d14-8f19-42c7-80b9-6a4a7381d399
2019-10-14 10:08:11,065 [RatisPipelineUtilsThread] INFO  pipeline.PipelineStateManager (PipelineStateManager.java:addPipeline(56)) - Created pipeline Pipeline[ Id: 8b402b78-0252-4c57-bd61-2d4bdf361e96, Nodes: e4a32d14-8f19-42c7-80b9-6a4a7381d399{ip: 192.168.5.145, host: pr-hdds-2297-rpftj-184604365, networkLocation: /default-rack, certSerialId: null}, Type:RATIS, Factor:ONE, State:OPEN]
2019-10-14 10:08:11,072 [grpc-default-executor-2] INFO  impl.RaftServerProxy (RaftServerProxy.java:addNew(89)) - 6d5a3e42-9632-4a15-b5fb-f8db03503323: addNew group-106A26DC80B1:[6d5a3e42-9632-4a15-b5fb-f8db03503323:192.168.5.145:36203] returns group-106A26DC80B1:java.util.concurrent.CompletableFuture@7a8949ff[Not completed]
2019-10-14 10:08:11,073 [pool-433-thread-1] INFO  impl.RaftServerImpl (RaftServerImpl.java:<init>(95)) - 6d5a3e42-9632-4a15-b5fb-f8db03503323: new RaftServerImpl for group-106A26DC80B1:[6d5a3e42-9632-4a15-b5fb-f8db03503323:192.168.5.145:36203] with ContainerStateMachine:uninitialized
2019-10-14 10:08:11,073 [pool-433-thread-1] INFO  server.RaftServerConfigKeys (ConfUtils.java:logGet(43)) - raft.server.rpc.timeout.min = 5s (custom)
2019-10-14 10:08:11,073 [pool-433-thread-1] INFO  server.RaftServerConfigKeys (ConfUtils.java:logGet(43)) - raft.server.rpc.timeout.max = 5200ms (custom)
2019-10-14 10:08:11,074 [pool-433-thread-1] INFO  server.RaftServerConfigKeys (ConfUtils.java:logGet(43)) - raft.server.rpcslowness.timeout = 120s (custom)
2019-10-14 10:08:11,074 [pool-433-thread-1] INFO  server.RaftServerConfigKeys (ConfUtils.java:logGet(43)) - raft.server.sleep.deviation.threshold = 300 (default)
2019-10-14 10:08:11,074 [pool-433-thread-1] INFO  server.RaftServerConfigKeys (ConfUtils.java:logGet(43)) - raft.server.log.appender.install.snapshot.enabled = false (custom)
2019-10-14 10:08:11,074 [pool-433-thread-1] INFO  impl.RaftServerImpl (ServerState.java:<init>(103)) - 6d5a3e42-9632-4a15-b5fb-f8db03503323@group-106A26DC80B1: ConfigurationManager, init=-1: [6d5a3e42-9632-4a15-b5fb-f8db03503323:192.168.5.145:36203], old=null, confs=<EMPTY_MAP>
2019-10-14 10:08:11,074 [pool-433-thread-1] INFO  server.RaftServerConfigKeys (ConfUtils.java:logGet(43)) - raft.server.storage.dir = [/workdir/hadoop-ozone/integration-test/target/test-dir/MiniOzoneClusterImpl-13cc90b3-6ebc-41d2-a8a9-a3836e2af835/datanode-5/data/ratis] (custom)
2019-10-14 10:08:11,074 [pool-433-thread-1] INFO  server.RaftServerConfigKeys (ConfUtils.java:logGet(43)) - raft.server.log.corruption.policy = EXCEPTION (default)
2019-10-14 10:08:11,074 [pool-433-thread-1] INFO  storage.RaftStorageDirectory (RaftStorageDirectory.java:analyzeStorage(246)) - The storage directory /workdir/hadoop-ozone/integration-test/target/test-dir/MiniOzoneClusterImpl-13cc90b3-6ebc-41d2-a8a9-a3836e2af835/datanode-5/data/ratis/d0df82a8-7ddd-4a78-af80-106a26dc80b1 does not exist. Creating ...
2019-10-14 10:08:11,087 [pool-433-thread-1] INFO  storage.RaftStorageDirectory (RaftStorageDirectory.java:tryLock(328)) - Lock on /workdir/hadoop-ozone/integration-test/target/test-dir/MiniOzoneClusterImpl-13cc90b3-6ebc-41d2-a8a9-a3836e2af835/datanode-5/data/ratis/d0df82a8-7ddd-4a78-af80-106a26dc80b1/in_use.lock acquired by nodename 24096@pr-hdds-2297-rpftj-184604365
2019-10-14 10:08:11,100 [pool-433-thread-1] INFO  storage.RaftStorage (RaftStorage.java:format(84)) - Storage directory /workdir/hadoop-ozone/integration-test/target/test-dir/MiniOzoneClusterImpl-13cc90b3-6ebc-41d2-a8a9-a3836e2af835/datanode-5/data/ratis/d0df82a8-7ddd-4a78-af80-106a26dc80b1 has been successfully formatted.
2019-10-14 10:08:11,100 [pool-433-thread-1] INFO  ratis.ContainerStateMachine (ContainerStateMachine.java:loadSnapshot(231)) - group-106A26DC80B1: The snapshot info is null. Setting the last applied indexto:(t:0, i:~)
2019-10-14 10:08:11,100 [pool-433-thread-1] INFO  server.RaftServerConfigKeys (ConfUtils.java:logGet(43)) - raft.server.notification.no-leader.timeout = 120s (custom)
2019-10-14 10:08:11,100 [pool-433-thread-1] INFO  server.RaftServerConfigKeys (ConfUtils.java:logGet(43)) - raft.server.log.use.memory = false (default)
2019-10-14 10:08:11,101 [pool-433-thread-1] INFO  server.RaftServerConfigKeys (ConfUtils.java:logGet(43)) - raft.server.log.purge.gap = 1000000 (custom)
2019-10-14 10:08:11,101 [pool-433-thread-1] INFO  server.RaftServerConfigKeys (ConfUtils.java:logGet(43)) - raft.server.log.appender.buffer.byte-limit = 33554432 (custom)
2019-10-14 10:08:11,101 [pool-433-thread-1] INFO  server.RaftServerConfigKeys (ConfUtils.java:logGet(43)) - raft.server.log.segment.size.max = 1048576 (custom)
2019-10-14 10:08:11,102 [pool-433-thread-1] INFO  server.RaftServerConfigKeys (ConfUtils.java:logGet(43)) - raft.server.log.segment.cache.num.max = 2 (custom)
2019-10-14 10:08:11,102 [pool-433-thread-1] INFO  segmented.SegmentedRaftLogWorker (SegmentedRaftLogWorker.java:<init>(173)) - new 6d5a3e42-9632-4a15-b5fb-f8db03503323@group-106A26DC80B1-SegmentedRaftLogWorker for RaftStorage:Storage Directory /workdir/hadoop-ozone/integration-test/target/test-dir/MiniOzoneClusterImpl-13cc90b3-6ebc-41d2-a8a9-a3836e2af835/datanode-5/data/ratis/d0df82a8-7ddd-4a78-af80-106a26dc80b1
2019-10-14 10:08:11,103 [pool-433-thread-1] INFO  server.RaftServerConfigKeys (ConfUtils.java:logGet(43)) - raft.server.log.queue.byte-limit = 2147483647 (custom)
2019-10-14 10:08:11,103 [pool-433-thread-1] INFO  server.RaftServerConfigKeys (ConfUtils.java:logGet(43)) - raft.server.log.queue.element-limit = 1024 (custom)
2019-10-14 10:08:11,103 [pool-433-thread-1] INFO  server.RaftServerConfigKeys (ConfUtils.java:logGet(43)) - raft.server.log.segment.size.max = 1048576 (custom)
2019-10-14 10:08:11,103 [pool-433-thread-1] INFO  server.RaftServerConfigKeys (ConfUtils.java:logGet(43)) - raft.server.log.preallocated.size = 16384 (custom)
2019-10-14 10:08:11,103 [pool-433-thread-1] INFO  server.RaftServerConfigKeys (ConfUtils.java:logGet(43)) - raft.server.log.write.buffer.size = 33554432 (custom)
2019-10-14 10:08:11,103 [pool-433-thread-1] INFO  server.RaftServerConfigKeys (ConfUtils.java:logGet(43)) - raft.server.log.force.sync.num = 128 (default)
2019-10-14 10:08:11,103 [pool-433-thread-1] INFO  server.RaftServerConfigKeys (ConfUtils.java:logGet(43)) - raft.server.log.statemachine.data.sync = true (default)
2019-10-14 10:08:11,103 [pool-433-thread-1] INFO  server.RaftServerConfigKeys (ConfUtils.java:logGet(43)) - raft.server.log.statemachine.data.sync.timeout = 10s (default)
2019-10-14 10:08:11,103 [pool-433-thread-1] INFO  server.RaftServerConfigKeys (ConfUtils.java:logGet(43)) - raft.server.log.statemachine.data.sync.timeout.retry = -1 (default)
2019-10-14 10:08:11,104 [pool-433-thread-1] INFO  server.RaftServerConfigKeys (ConfUtils.java:logGet(43)) - raft.server.log.statemachine.data.caching.enabled = true (custom)
2019-10-14 10:08:11,104 [pool-433-thread-1] INFO  segmented.SegmentedRaftLogWorker (SegmentedRaftLogWorker.java:lambda$new$0(128)) - 6d5a3e42-9632-4a15-b5fb-f8db03503323@group-106A26DC80B1-SegmentedRaftLogWorker: flushIndex: setUnconditionally 0 -> -1
2019-10-14 10:08:11,104 [pool-433-thread-1] INFO  server.RaftServerConfigKeys (ConfUtils.java:logGet(43)) - raft.server.snapshot.auto.trigger.enabled = true (custom)
2019-10-14 10:08:11,104 [pool-433-thread-1] INFO  server.RaftServerConfigKeys (ConfUtils.java:logGet(43)) - raft.server.snapshot.auto.trigger.threshold = 10000 (custom)
2019-10-14 10:08:11,105 [pool-433-thread-1] INFO  server.RaftServerConfigKeys (ConfUtils.java:logGet(43)) - raft.server.snapshot.retention.file.num = 5 (custom)
2019-10-14 10:08:11,105 [pool-433-thread-1] INFO  server.RaftServerConfigKeys (ConfUtils.java:logGet(43)) - raft.server.retrycache.expirytime = 600000ms (custom)
2019-10-14 10:08:11,106 [pool-433-thread-1] INFO  impl.RaftServerImpl (RaftServerImpl.java:start(181)) - 6d5a3e42-9632-4a15-b5fb-f8db03503323@group-106A26DC80B1: start as a follower, conf=-1: [6d5a3e42-9632-4a15-b5fb-f8db03503323:192.168.5.145:36203], old=null
2019-10-14 10:08:11,107 [pool-433-thread-1] INFO  impl.RaftServerImpl (RaftServerImpl.java:setRole(170)) - 6d5a3e42-9632-4a15-b5fb-f8db03503323@group-106A26DC80B1: changes role from      null to FOLLOWER at term 0 for startAsFollower
2019-10-14 10:08:11,107 [pool-433-thread-1] INFO  impl.RoleInfo (RoleInfo.java:updateAndGet(143)) - 6d5a3e42-9632-4a15-b5fb-f8db03503323: start FollowerState
2019-10-14 10:08:11,107 [pool-433-thread-1] INFO  util.JmxRegister (JmxRegister.java:tryRegister(44)) - Successfully registered JMX Bean with object name Ratis:service=RaftServer,group=group-106A26DC80B1,id=6d5a3e42-9632-4a15-b5fb-f8db03503323
2019-10-14 10:08:11,111 [RatisPipelineUtilsThread] INFO  pipeline.PipelineStateManager (PipelineStateManager.java:addPipeline(56)) - Created pipeline Pipeline[ Id: d0df82a8-7ddd-4a78-af80-106a26dc80b1, Nodes: 6d5a3e42-9632-4a15-b5fb-f8db03503323{ip: 192.168.5.145, host: pr-hdds-2297-rpftj-184604365, networkLocation: /default-rack, certSerialId: null}, Type:RATIS, Factor:ONE, State:OPEN]
2019-10-14 10:08:11,114 [main] INFO  ozone.MiniOzoneClusterImpl (MiniOzoneClusterImpl.java:lambda$waitForClusterToBeReady$0(147)) - Waiting for cluster to be ready. Got 6 of 7 DN Heartbeats.
2019-10-14 10:08:11,118 [IPC Server handler 1 on 46528] INFO  net.NetworkTopology (NetworkTopologyImpl.java:add(111)) - Added a new node: /default-rack/f81f4ada-2660-418f-b675-061107a86a12
2019-10-14 10:08:11,121 [IPC Server handler 1 on 46528] INFO  node.SCMNodeManager (SCMNodeManager.java:register(268)) - Registered Data node : f81f4ada-2660-418f-b675-061107a86a12{ip: 192.168.5.145, host: pr-hdds-2297-rpftj-184604365, networkLocation: /default-rack, certSerialId: null}
2019-10-14 10:08:11,129 [grpc-default-executor-2] INFO  impl.RaftServerProxy (RaftServerProxy.java:addNew(89)) - 44d9e862-9694-45d2-bbd8-86e8fa5a5f56: addNew group-BF292917D617:[44d9e862-9694-45d2-bbd8-86e8fa5a5f56:192.168.5.145:33968, 6d5a3e42-9632-4a15-b5fb-f8db03503323:192.168.5.145:36203, e4a32d14-8f19-42c7-80b9-6a4a7381d399:192.168.5.145:40829] returns group-BF292917D617:java.util.concurrent.CompletableFuture@69f6bae3[Not completed]
2019-10-14 10:08:11,129 [grpc-default-executor-2] INFO  impl.RaftServerProxy (RaftServerProxy.java:addNew(89)) - 6d5a3e42-9632-4a15-b5fb-f8db03503323: addNew group-BF292917D617:[44d9e862-9694-45d2-bbd8-86e8fa5a5f56:192.168.5.145:33968, 6d5a3e42-9632-4a15-b5fb-f8db03503323:192.168.5.145:36203, e4a32d14-8f19-42c7-80b9-6a4a7381d399:192.168.5.145:40829] returns group-BF292917D617:java.util.concurrent.CompletableFuture@6c5c1752[Not completed]
2019-10-14 10:08:11,129 [grpc-default-executor-1] INFO  impl.RaftServerProxy (RaftServerProxy.java:addNew(89)) - e4a32d14-8f19-42c7-80b9-6a4a7381d399: addNew group-BF292917D617:[44d9e862-9694-45d2-bbd8-86e8fa5a5f56:192.168.5.145:33968, 6d5a3e42-9632-4a15-b5fb-f8db03503323:192.168.5.145:36203, e4a32d14-8f19-42c7-80b9-6a4a7381d399:192.168.5.145:40829] returns group-BF292917D617:java.util.concurrent.CompletableFuture@49f7bd53[Not completed]
2019-10-14 10:08:11,130 [pool-423-thread-1] INFO  impl.RaftServerImpl (RaftServerImpl.java:<init>(95)) - 44d9e862-9694-45d2-bbd8-86e8fa5a5f56: new RaftServerImpl for group-BF292917D617:[44d9e862-9694-45d2-bbd8-86e8fa5a5f56:192.168.5.145:33968, 6d5a3e42-9632-4a15-b5fb-f8db03503323:192.168.5.145:36203, e4a32d14-8f19-42c7-80b9-6a4a7381d399:192.168.5.145:40829] with ContainerStateMachine:uninitialized
2019-10-14 10:08:11,130 [pool-423-thread-1] INFO  server.RaftServerConfigKeys (ConfUtils.java:logGet(43)) - raft.server.rpc.timeout.min = 5s (custom)
2019-10-14 10:08:11,130 [pool-423-thread-1] INFO  server.RaftServerConfigKeys (ConfUtils.java:logGet(43)) - raft.server.rpc.timeout.max = 5200ms (custom)
2019-10-14 10:08:11,130 [pool-423-thread-1] INFO  server.RaftServerConfigKeys (ConfUtils.java:logGet(43)) - raft.server.rpcslowness.timeout = 120s (custom)
2019-10-14 10:08:11,130 [pool-433-thread-1] INFO  impl.RaftServerImpl (RaftServerImpl.java:<init>(95)) - 6d5a3e42-9632-4a15-b5fb-f8db03503323: new RaftServerImpl for group-BF292917D617:[44d9e862-9694-45d2-bbd8-86e8fa5a5f56:192.168.5.145:33968, 6d5a3e42-9632-4a15-b5fb-f8db03503323:192.168.5.145:36203, e4a32d14-8f19-42c7-80b9-6a4a7381d399:192.168.5.145:40829] with ContainerStateMachine:uninitialized
2019-10-14 10:08:11,130 [pool-423-thread-1] INFO  server.RaftServerConfigKeys (ConfUtils.java:logGet(43)) - raft.server.sleep.deviation.threshold = 300 (default)
2019-10-14 10:08:11,131 [pool-433-thread-1] INFO  server.RaftServerConfigKeys (ConfUtils.java:logGet(43)) - raft.server.rpc.timeout.min = 5s (custom)
2019-10-14 10:08:11,131 [pool-423-thread-1] INFO  server.RaftServerConfigKeys (ConfUtils.java:logGet(43)) - raft.server.log.appender.install.snapshot.enabled = false (custom)
2019-10-14 10:08:11,131 [pool-433-thread-1] INFO  server.RaftServerConfigKeys (ConfUtils.java:logGet(43)) - raft.server.rpc.timeout.max = 5200ms (custom)
2019-10-14 10:08:11,131 [pool-423-thread-1] INFO  impl.RaftServerImpl (ServerState.java:<init>(103)) - 44d9e862-9694-45d2-bbd8-86e8fa5a5f56@group-BF292917D617: ConfigurationManager, init=-1: [44d9e862-9694-45d2-bbd8-86e8fa5a5f56:192.168.5.145:33968, 6d5a3e42-9632-4a15-b5fb-f8db03503323:192.168.5.145:36203, e4a32d14-8f19-42c7-80b9-6a4a7381d399:192.168.5.145:40829], old=null, confs=<EMPTY_MAP>
2019-10-14 10:08:11,131 [pool-433-thread-1] INFO  server.RaftServerConfigKeys (ConfUtils.java:logGet(43)) - raft.server.rpcslowness.timeout = 120s (custom)
2019-10-14 10:08:11,131 [pool-423-thread-1] INFO  server.RaftServerConfigKeys (ConfUtils.java:logGet(43)) - raft.server.storage.dir = [/workdir/hadoop-ozone/integration-test/target/test-dir/MiniOzoneClusterImpl-13cc90b3-6ebc-41d2-a8a9-a3836e2af835/datanode-4/data/ratis] (custom)
2019-10-14 10:08:11,131 [pool-433-thread-1] INFO  server.RaftServerConfigKeys (ConfUtils.java:logGet(43)) - raft.server.sleep.deviation.threshold = 300 (default)
2019-10-14 10:08:11,131 [pool-413-thread-1] INFO  impl.RaftServerImpl (RaftServerImpl.java:<init>(95)) - e4a32d14-8f19-42c7-80b9-6a4a7381d399: new RaftServerImpl for group-BF292917D617:[44d9e862-9694-45d2-bbd8-86e8fa5a5f56:192.168.5.145:33968, 6d5a3e42-9632-4a15-b5fb-f8db03503323:192.168.5.145:36203, e4a32d14-8f19-42c7-80b9-6a4a7381d399:192.168.5.145:40829] with ContainerStateMachine:uninitialized
2019-10-14 10:08:11,131 [pool-423-thread-1] INFO  server.RaftServerConfigKeys (ConfUtils.java:logGet(43)) - raft.server.log.corruption.policy = EXCEPTION (default)
2019-10-14 10:08:11,131 [pool-433-thread-1] INFO  server.RaftServerConfigKeys (ConfUtils.java:logGet(43)) - raft.server.log.appender.install.snapshot.enabled = false (custom)
2019-10-14 10:08:11,132 [pool-423-thread-1] INFO  storage.RaftStorageDirectory (RaftStorageDirectory.java:analyzeStorage(246)) - The storage directory /workdir/hadoop-ozone/integration-test/target/test-dir/MiniOzoneClusterImpl-13cc90b3-6ebc-41d2-a8a9-a3836e2af835/datanode-4/data/ratis/d043afe9-a68d-4c7a-a988-bf292917d617 does not exist. Creating ...
2019-10-14 10:08:11,132 [pool-413-thread-1] INFO  server.RaftServerConfigKeys (ConfUtils.java:logGet(43)) - raft.server.rpc.timeout.min = 5s (custom)
2019-10-14 10:08:11,132 [pool-433-thread-1] INFO  impl.RaftServerImpl (ServerState.java:<init>(103)) - 6d5a3e42-9632-4a15-b5fb-f8db03503323@group-BF292917D617: ConfigurationManager, init=-1: [44d9e862-9694-45d2-bbd8-86e8fa5a5f56:192.168.5.145:33968, 6d5a3e42-9632-4a15-b5fb-f8db03503323:192.168.5.145:36203, e4a32d14-8f19-42c7-80b9-6a4a7381d399:192.168.5.145:40829], old=null, confs=<EMPTY_MAP>
2019-10-14 10:08:11,132 [pool-413-thread-1] INFO  server.RaftServerConfigKeys (ConfUtils.java:logGet(43)) - raft.server.rpc.timeout.max = 5200ms (custom)
2019-10-14 10:08:11,132 [pool-433-thread-1] INFO  server.RaftServerConfigKeys (ConfUtils.java:logGet(43)) - raft.server.storage.dir = [/workdir/hadoop-ozone/integration-test/target/test-dir/MiniOzoneClusterImpl-13cc90b3-6ebc-41d2-a8a9-a3836e2af835/datanode-5/data/ratis] (custom)
2019-10-14 10:08:11,132 [pool-413-thread-1] INFO  server.RaftServerConfigKeys (ConfUtils.java:logGet(43)) - raft.server.rpcslowness.timeout = 120s (custom)
2019-10-14 10:08:11,132 [pool-433-thread-1] INFO  server.RaftServerConfigKeys (ConfUtils.java:logGet(43)) - raft.server.log.corruption.policy = EXCEPTION (default)
2019-10-14 10:08:11,132 [pool-413-thread-1] INFO  server.RaftServerConfigKeys (ConfUtils.java:logGet(43)) - raft.server.sleep.deviation.threshold = 300 (default)
2019-10-14 10:08:11,133 [pool-433-thread-1] INFO  storage.RaftStorageDirectory (RaftStorageDirectory.java:analyzeStorage(246)) - The storage directory /workdir/hadoop-ozone/integration-test/target/test-dir/MiniOzoneClusterImpl-13cc90b3-6ebc-41d2-a8a9-a3836e2af835/datanode-5/data/ratis/d043afe9-a68d-4c7a-a988-bf292917d617 does not exist. Creating ...
2019-10-14 10:08:11,133 [pool-413-thread-1] INFO  server.RaftServerConfigKeys (ConfUtils.java:logGet(43)) - raft.server.log.appender.install.snapshot.enabled = false (custom)
2019-10-14 10:08:11,133 [pool-413-thread-1] INFO  impl.RaftServerImpl (ServerState.java:<init>(103)) - e4a32d14-8f19-42c7-80b9-6a4a7381d399@group-BF292917D617: ConfigurationManager, init=-1: [44d9e862-9694-45d2-bbd8-86e8fa5a5f56:192.168.5.145:33968, 6d5a3e42-9632-4a15-b5fb-f8db03503323:192.168.5.145:36203, e4a32d14-8f19-42c7-80b9-6a4a7381d399:192.168.5.145:40829], old=null, confs=<EMPTY_MAP>
2019-10-14 10:08:11,133 [pool-413-thread-1] INFO  server.RaftServerConfigKeys (ConfUtils.java:logGet(43)) - raft.server.storage.dir = [/workdir/hadoop-ozone/integration-test/target/test-dir/MiniOzoneClusterImpl-13cc90b3-6ebc-41d2-a8a9-a3836e2af835/datanode-3/data/ratis] (custom)
2019-10-14 10:08:11,133 [pool-413-thread-1] INFO  server.RaftServerConfigKeys (ConfUtils.java:logGet(43)) - raft.server.log.corruption.policy = EXCEPTION (default)
2019-10-14 10:08:11,134 [pool-413-thread-1] INFO  storage.RaftStorageDirectory (RaftStorageDirectory.java:analyzeStorage(246)) - The storage directory /workdir/hadoop-ozone/integration-test/target/test-dir/MiniOzoneClusterImpl-13cc90b3-6ebc-41d2-a8a9-a3836e2af835/datanode-3/data/ratis/d043afe9-a68d-4c7a-a988-bf292917d617 does not exist. Creating ...
2019-10-14 10:08:11,158 [pool-433-thread-1] INFO  storage.RaftStorageDirectory (RaftStorageDirectory.java:tryLock(328)) - Lock on /workdir/hadoop-ozone/integration-test/target/test-dir/MiniOzoneClusterImpl-13cc90b3-6ebc-41d2-a8a9-a3836e2af835/datanode-5/data/ratis/d043afe9-a68d-4c7a-a988-bf292917d617/in_use.lock acquired by nodename 24096@pr-hdds-2297-rpftj-184604365
2019-10-14 10:08:11,158 [pool-413-thread-1] INFO  storage.RaftStorageDirectory (RaftStorageDirectory.java:tryLock(328)) - Lock on /workdir/hadoop-ozone/integration-test/target/test-dir/MiniOzoneClusterImpl-13cc90b3-6ebc-41d2-a8a9-a3836e2af835/datanode-3/data/ratis/d043afe9-a68d-4c7a-a988-bf292917d617/in_use.lock acquired by nodename 24096@pr-hdds-2297-rpftj-184604365
2019-10-14 10:08:11,158 [pool-423-thread-1] INFO  storage.RaftStorageDirectory (RaftStorageDirectory.java:tryLock(328)) - Lock on /workdir/hadoop-ozone/integration-test/target/test-dir/MiniOzoneClusterImpl-13cc90b3-6ebc-41d2-a8a9-a3836e2af835/datanode-4/data/ratis/d043afe9-a68d-4c7a-a988-bf292917d617/in_use.lock acquired by nodename 24096@pr-hdds-2297-rpftj-184604365
2019-10-14 10:08:11,184 [pool-433-thread-1] INFO  storage.RaftStorage (RaftStorage.java:format(84)) - Storage directory /workdir/hadoop-ozone/integration-test/target/test-dir/MiniOzoneClusterImpl-13cc90b3-6ebc-41d2-a8a9-a3836e2af835/datanode-5/data/ratis/d043afe9-a68d-4c7a-a988-bf292917d617 has been successfully formatted.
2019-10-14 10:08:11,184 [pool-413-thread-1] INFO  storage.RaftStorage (RaftStorage.java:format(84)) - Storage directory /workdir/hadoop-ozone/integration-test/target/test-dir/MiniOzoneClusterImpl-13cc90b3-6ebc-41d2-a8a9-a3836e2af835/datanode-3/data/ratis/d043afe9-a68d-4c7a-a988-bf292917d617 has been successfully formatted.
2019-10-14 10:08:11,184 [pool-433-thread-1] INFO  ratis.ContainerStateMachine (ContainerStateMachine.java:loadSnapshot(231)) - group-BF292917D617: The snapshot info is null. Setting the last applied indexto:(t:0, i:~)
2019-10-14 10:08:11,184 [pool-423-thread-1] INFO  storage.RaftStorage (RaftStorage.java:format(84)) - Storage directory /workdir/hadoop-ozone/integration-test/target/test-dir/MiniOzoneClusterImpl-13cc90b3-6ebc-41d2-a8a9-a3836e2af835/datanode-4/data/ratis/d043afe9-a68d-4c7a-a988-bf292917d617 has been successfully formatted.
2019-10-14 10:08:11,184 [pool-413-thread-1] INFO  ratis.ContainerStateMachine (ContainerStateMachine.java:loadSnapshot(231)) - group-BF292917D617: The snapshot info is null. Setting the last applied indexto:(t:0, i:~)
2019-10-14 10:08:11,184 [pool-433-thread-1] INFO  server.RaftServerConfigKeys (ConfUtils.java:logGet(43)) - raft.server.notification.no-leader.timeout = 120s (custom)
2019-10-14 10:08:11,184 [pool-413-thread-1] INFO  server.RaftServerConfigKeys (ConfUtils.java:logGet(43)) - raft.server.notification.no-leader.timeout = 120s (custom)
2019-10-14 10:08:11,184 [pool-423-thread-1] INFO  ratis.ContainerStateMachine (ContainerStateMachine.java:loadSnapshot(231)) - group-BF292917D617: The snapshot info is null. Setting the last applied indexto:(t:0, i:~)
2019-10-14 10:08:11,184 [pool-413-thread-1] INFO  server.RaftServerConfigKeys (ConfUtils.java:logGet(43)) - raft.server.log.use.memory = false (default)
2019-10-14 10:08:11,184 [pool-433-thread-1] INFO  server.RaftServerConfigKeys (ConfUtils.java:logGet(43)) - raft.server.log.use.memory = false (default)
2019-10-14 10:08:11,185 [pool-413-thread-1] INFO  server.RaftServerConfigKeys (ConfUtils.java:logGet(43)) - raft.server.log.purge.gap = 1000000 (custom)
2019-10-14 10:08:11,185 [pool-423-thread-1] INFO  server.RaftServerConfigKeys (ConfUtils.java:logGet(43)) - raft.server.notification.no-leader.timeout = 120s (custom)
2019-10-14 10:08:11,185 [pool-413-thread-1] INFO  server.RaftServerConfigKeys (ConfUtils.java:logGet(43)) - raft.server.log.appender.buffer.byte-limit = 33554432 (custom)
2019-10-14 10:08:11,185 [pool-433-thread-1] INFO  server.RaftServerConfigKeys (ConfUtils.java:logGet(43)) - raft.server.log.purge.gap = 1000000 (custom)
2019-10-14 10:08:11,185 [pool-413-thread-1] INFO  server.RaftServerConfigKeys (ConfUtils.java:logGet(43)) - raft.server.log.segment.size.max = 1048576 (custom)
2019-10-14 10:08:11,185 [pool-423-thread-1] INFO  server.RaftServerConfigKeys (ConfUtils.java:logGet(43)) - raft.server.log.use.memory = false (default)
2019-10-14 10:08:11,185 [pool-413-thread-1] INFO  server.RaftServerConfigKeys (ConfUtils.java:logGet(43)) - raft.server.log.segment.cache.num.max = 2 (custom)
2019-10-14 10:08:11,185 [pool-433-thread-1] INFO  server.RaftServerConfigKeys (ConfUtils.java:logGet(43)) - raft.server.log.appender.buffer.byte-limit = 33554432 (custom)
2019-10-14 10:08:11,185 [pool-413-thread-1] INFO  segmented.SegmentedRaftLogWorker (SegmentedRaftLogWorker.java:<init>(173)) - new e4a32d14-8f19-42c7-80b9-6a4a7381d399@group-BF292917D617-SegmentedRaftLogWorker for RaftStorage:Storage Directory /workdir/hadoop-ozone/integration-test/target/test-dir/MiniOzoneClusterImpl-13cc90b3-6ebc-41d2-a8a9-a3836e2af835/datanode-3/data/ratis/d043afe9-a68d-4c7a-a988-bf292917d617
2019-10-14 10:08:11,185 [pool-423-thread-1] INFO  server.RaftServerConfigKeys (ConfUtils.java:logGet(43)) - raft.server.log.purge.gap = 1000000 (custom)
2019-10-14 10:08:11,186 [pool-413-thread-1] INFO  server.RaftServerConfigKeys (ConfUtils.java:logGet(43)) - raft.server.log.queue.byte-limit = 2147483647 (custom)
2019-10-14 10:08:11,186 [pool-433-thread-1] INFO  server.RaftServerConfigKeys (ConfUtils.java:logGet(43)) - raft.server.log.segment.size.max = 1048576 (custom)
2019-10-14 10:08:11,186 [pool-413-thread-1] INFO  server.RaftServerConfigKeys (ConfUtils.java:logGet(43)) - raft.server.log.queue.element-limit = 1024 (custom)
2019-10-14 10:08:11,186 [pool-423-thread-1] INFO  server.RaftServerConfigKeys (ConfUtils.java:logGet(43)) - raft.server.log.appender.buffer.byte-limit = 33554432 (custom)
2019-10-14 10:08:11,186 [pool-413-thread-1] INFO  server.RaftServerConfigKeys (ConfUtils.java:logGet(43)) - raft.server.log.segment.size.max = 1048576 (custom)
2019-10-14 10:08:11,186 [pool-433-thread-1] INFO  server.RaftServerConfigKeys (ConfUtils.java:logGet(43)) - raft.server.log.segment.cache.num.max = 2 (custom)
2019-10-14 10:08:11,186 [pool-413-thread-1] INFO  server.RaftServerConfigKeys (ConfUtils.java:logGet(43)) - raft.server.log.preallocated.size = 16384 (custom)
2019-10-14 10:08:11,186 [pool-423-thread-1] INFO  server.RaftServerConfigKeys (ConfUtils.java:logGet(43)) - raft.server.log.segment.size.max = 1048576 (custom)
2019-10-14 10:08:11,186 [pool-413-thread-1] INFO  server.RaftServerConfigKeys (ConfUtils.java:logGet(43)) - raft.server.log.write.buffer.size = 33554432 (custom)
2019-10-14 10:08:11,186 [pool-433-thread-1] INFO  segmented.SegmentedRaftLogWorker (SegmentedRaftLogWorker.java:<init>(173)) - new 6d5a3e42-9632-4a15-b5fb-f8db03503323@group-BF292917D617-SegmentedRaftLogWorker for RaftStorage:Storage Directory /workdir/hadoop-ozone/integration-test/target/test-dir/MiniOzoneClusterImpl-13cc90b3-6ebc-41d2-a8a9-a3836e2af835/datanode-5/data/ratis/d043afe9-a68d-4c7a-a988-bf292917d617
2019-10-14 10:08:11,187 [pool-413-thread-1] INFO  server.RaftServerConfigKeys (ConfUtils.java:logGet(43)) - raft.server.log.force.sync.num = 128 (default)
2019-10-14 10:08:11,187 [pool-423-thread-1] INFO  server.RaftServerConfigKeys (ConfUtils.java:logGet(43)) - raft.server.log.segment.cache.num.max = 2 (custom)
2019-10-14 10:08:11,187 [pool-413-thread-1] INFO  server.RaftServerConfigKeys (ConfUtils.java:logGet(43)) - raft.server.log.statemachine.data.sync = true (default)
2019-10-14 10:08:11,187 [pool-433-thread-1] INFO  server.RaftServerConfigKeys (ConfUtils.java:logGet(43)) - raft.server.log.queue.byte-limit = 2147483647 (custom)
2019-10-14 10:08:11,187 [pool-413-thread-1] INFO  server.RaftServerConfigKeys (ConfUtils.java:logGet(43)) - raft.server.log.statemachine.data.sync.timeout = 10s (default)
2019-10-14 10:08:11,187 [pool-423-thread-1] INFO  segmented.SegmentedRaftLogWorker (SegmentedRaftLogWorker.java:<init>(173)) - new 44d9e862-9694-45d2-bbd8-86e8fa5a5f56@group-BF292917D617-SegmentedRaftLogWorker for RaftStorage:Storage Directory /workdir/hadoop-ozone/integration-test/target/test-dir/MiniOzoneClusterImpl-13cc90b3-6ebc-41d2-a8a9-a3836e2af835/datanode-4/data/ratis/d043afe9-a68d-4c7a-a988-bf292917d617
2019-10-14 10:08:11,187 [pool-413-thread-1] INFO  server.RaftServerConfigKeys (ConfUtils.java:logGet(43)) - raft.server.log.statemachine.data.sync.timeout.retry = -1 (default)
2019-10-14 10:08:11,187 [pool-433-thread-1] INFO  server.RaftServerConfigKeys (ConfUtils.java:logGet(43)) - raft.server.log.queue.element-limit = 1024 (custom)
2019-10-14 10:08:11,187 [pool-413-thread-1] INFO  server.RaftServerConfigKeys (ConfUtils.java:logGet(43)) - raft.server.log.statemachine.data.caching.enabled = true (custom)
2019-10-14 10:08:11,187 [pool-423-thread-1] INFO  server.RaftServerConfigKeys (ConfUtils.java:logGet(43)) - raft.server.log.queue.byte-limit = 2147483647 (custom)
2019-10-14 10:08:11,188 [pool-413-thread-1] INFO  segmented.SegmentedRaftLogWorker (SegmentedRaftLogWorker.java:lambda$new$0(128)) - e4a32d14-8f19-42c7-80b9-6a4a7381d399@group-BF292917D617-SegmentedRaftLogWorker: flushIndex: setUnconditionally 0 -> -1
2019-10-14 10:08:11,187 [pool-433-thread-1] INFO  server.RaftServerConfigKeys (ConfUtils.java:logGet(43)) - raft.server.log.segment.size.max = 1048576 (custom)
2019-10-14 10:08:11,188 [pool-423-thread-1] INFO  server.RaftServerConfigKeys (ConfUtils.java:logGet(43)) - raft.server.log.queue.element-limit = 1024 (custom)
2019-10-14 10:08:11,188 [pool-413-thread-1] INFO  server.RaftServerConfigKeys (ConfUtils.java:logGet(43)) - raft.server.snapshot.auto.trigger.enabled = true (custom)
2019-10-14 10:08:11,188 [pool-433-thread-1] INFO  server.RaftServerConfigKeys (ConfUtils.java:logGet(43)) - raft.server.log.preallocated.size = 16384 (custom)
2019-10-14 10:08:11,188 [pool-413-thread-1] INFO  server.RaftServerConfigKeys (ConfUtils.java:logGet(43)) - raft.server.snapshot.auto.trigger.threshold = 10000 (custom)
2019-10-14 10:08:11,188 [pool-423-thread-1] INFO  server.RaftServerConfigKeys (ConfUtils.java:logGet(43)) - raft.server.log.segment.size.max = 1048576 (custom)
2019-10-14 10:08:11,188 [pool-413-thread-1] INFO  server.RaftServerConfigKeys (ConfUtils.java:logGet(43)) - raft.server.snapshot.retention.file.num = 5 (custom)
2019-10-14 10:08:11,188 [pool-433-thread-1] INFO  server.RaftServerConfigKeys (ConfUtils.java:logGet(43)) - raft.server.log.write.buffer.size = 33554432 (custom)
2019-10-14 10:08:11,188 [pool-413-thread-1] INFO  server.RaftServerConfigKeys (ConfUtils.java:logGet(43)) - raft.server.retrycache.expirytime = 600000ms (custom)
2019-10-14 10:08:11,188 [pool-423-thread-1] INFO  server.RaftServerConfigKeys (ConfUtils.java:logGet(43)) - raft.server.log.preallocated.size = 16384 (custom)
2019-10-14 10:08:11,188 [pool-433-thread-1] INFO  server.RaftServerConfigKeys (ConfUtils.java:logGet(43)) - raft.server.log.force.sync.num = 128 (default)
2019-10-14 10:08:11,189 [pool-423-thread-1] INFO  server.RaftServerConfigKeys (ConfUtils.java:logGet(43)) - raft.server.log.write.buffer.size = 33554432 (custom)
2019-10-14 10:08:11,189 [pool-433-thread-1] INFO  server.RaftServerConfigKeys (ConfUtils.java:logGet(43)) - raft.server.log.statemachine.data.sync = true (default)
2019-10-14 10:08:11,189 [pool-423-thread-1] INFO  server.RaftServerConfigKeys (ConfUtils.java:logGet(43)) - raft.server.log.force.sync.num = 128 (default)
2019-10-14 10:08:11,189 [pool-433-thread-1] INFO  server.RaftServerConfigKeys (ConfUtils.java:logGet(43)) - raft.server.log.statemachine.data.sync.timeout = 10s (default)
2019-10-14 10:08:11,189 [pool-423-thread-1] INFO  server.RaftServerConfigKeys (ConfUtils.java:logGet(43)) - raft.server.log.statemachine.data.sync = true (default)
2019-10-14 10:08:11,189 [pool-433-thread-1] INFO  server.RaftServerConfigKeys (ConfUtils.java:logGet(43)) - raft.server.log.statemachine.data.sync.timeout.retry = -1 (default)
2019-10-14 10:08:11,189 [pool-423-thread-1] INFO  server.RaftServerConfigKeys (ConfUtils.java:logGet(43)) - raft.server.log.statemachine.data.sync.timeout = 10s (default)
2019-10-14 10:08:11,189 [pool-433-thread-1] INFO  server.RaftServerConfigKeys (ConfUtils.java:logGet(43)) - raft.server.log.statemachine.data.caching.enabled = true (custom)
2019-10-14 10:08:11,190 [pool-413-thread-1] INFO  impl.RaftServerImpl (RaftServerImpl.java:start(181)) - e4a32d14-8f19-42c7-80b9-6a4a7381d399@group-BF292917D617: start as a follower, conf=-1: [44d9e862-9694-45d2-bbd8-86e8fa5a5f56:192.168.5.145:33968, 6d5a3e42-9632-4a15-b5fb-f8db03503323:192.168.5.145:36203, e4a32d14-8f19-42c7-80b9-6a4a7381d399:192.168.5.145:40829], old=null
2019-10-14 10:08:11,190 [pool-423-thread-1] INFO  server.RaftServerConfigKeys (ConfUtils.java:logGet(43)) - raft.server.log.statemachine.data.sync.timeout.retry = -1 (default)
2019-10-14 10:08:11,190 [pool-433-thread-1] INFO  segmented.SegmentedRaftLogWorker (SegmentedRaftLogWorker.java:lambda$new$0(128)) - 6d5a3e42-9632-4a15-b5fb-f8db03503323@group-BF292917D617-SegmentedRaftLogWorker: flushIndex: setUnconditionally 0 -> -1
2019-10-14 10:08:11,190 [pool-413-thread-1] INFO  impl.RaftServerImpl (RaftServerImpl.java:setRole(170)) - e4a32d14-8f19-42c7-80b9-6a4a7381d399@group-BF292917D617: changes role from      null to FOLLOWER at term 0 for startAsFollower
2019-10-14 10:08:11,190 [pool-423-thread-1] INFO  server.RaftServerConfigKeys (ConfUtils.java:logGet(43)) - raft.server.log.statemachine.data.caching.enabled = true (custom)
2019-10-14 10:08:11,190 [pool-413-thread-1] INFO  impl.RoleInfo (RoleInfo.java:updateAndGet(143)) - e4a32d14-8f19-42c7-80b9-6a4a7381d399: start FollowerState
2019-10-14 10:08:11,190 [pool-433-thread-1] INFO  server.RaftServerConfigKeys (ConfUtils.java:logGet(43)) - raft.server.snapshot.auto.trigger.enabled = true (custom)
2019-10-14 10:08:11,190 [pool-423-thread-1] INFO  segmented.SegmentedRaftLogWorker (SegmentedRaftLogWorker.java:lambda$new$0(128)) - 44d9e862-9694-45d2-bbd8-86e8fa5a5f56@group-BF292917D617-SegmentedRaftLogWorker: flushIndex: setUnconditionally 0 -> -1
2019-10-14 10:08:11,190 [pool-413-thread-1] INFO  util.JmxRegister (JmxRegister.java:tryRegister(44)) - Successfully registered JMX Bean with object name Ratis:service=RaftServer,group=group-BF292917D617,id=e4a32d14-8f19-42c7-80b9-6a4a7381d399
2019-10-14 10:08:11,190 [pool-433-thread-1] INFO  server.RaftServerConfigKeys (ConfUtils.java:logGet(43)) - raft.server.snapshot.auto.trigger.threshold = 10000 (custom)
2019-10-14 10:08:11,191 [pool-423-thread-1] INFO  server.RaftServerConfigKeys (ConfUtils.java:logGet(43)) - raft.server.snapshot.auto.trigger.enabled = true (custom)
2019-10-14 10:08:11,191 [pool-433-thread-1] INFO  server.RaftServerConfigKeys (ConfUtils.java:logGet(43)) - raft.server.snapshot.retention.file.num = 5 (custom)
2019-10-14 10:08:11,191 [pool-423-thread-1] INFO  server.RaftServerConfigKeys (ConfUtils.java:logGet(43)) - raft.server.snapshot.auto.trigger.threshold = 10000 (custom)
2019-10-14 10:08:11,191 [pool-433-thread-1] INFO  server.RaftServerConfigKeys (ConfUtils.java:logGet(43)) - raft.server.retrycache.expirytime = 600000ms (custom)
2019-10-14 10:08:11,191 [pool-423-thread-1] INFO  server.RaftServerConfigKeys (ConfUtils.java:logGet(43)) - raft.server.snapshot.retention.file.num = 5 (custom)
2019-10-14 10:08:11,191 [pool-423-thread-1] INFO  server.RaftServerConfigKeys (ConfUtils.java:logGet(43)) - raft.server.retrycache.expirytime = 600000ms (custom)
2019-10-14 10:08:11,193 [pool-433-thread-1] INFO  impl.RaftServerImpl (RaftServerImpl.java:start(181)) - 6d5a3e42-9632-4a15-b5fb-f8db03503323@group-BF292917D617: start as a follower, conf=-1: [44d9e862-9694-45d2-bbd8-86e8fa5a5f56:192.168.5.145:33968, 6d5a3e42-9632-4a15-b5fb-f8db03503323:192.168.5.145:36203, e4a32d14-8f19-42c7-80b9-6a4a7381d399:192.168.5.145:40829], old=null
2019-10-14 10:08:11,193 [pool-433-thread-1] INFO  impl.RaftServerImpl (RaftServerImpl.java:setRole(170)) - 6d5a3e42-9632-4a15-b5fb-f8db03503323@group-BF292917D617: changes role from      null to FOLLOWER at term 0 for startAsFollower
2019-10-14 10:08:11,193 [pool-433-thread-1] INFO  impl.RoleInfo (RoleInfo.java:updateAndGet(143)) - 6d5a3e42-9632-4a15-b5fb-f8db03503323: start FollowerState
2019-10-14 10:08:11,194 [pool-433-thread-1] INFO  util.JmxRegister (JmxRegister.java:tryRegister(44)) - Successfully registered JMX Bean with object name Ratis:service=RaftServer,group=group-BF292917D617,id=6d5a3e42-9632-4a15-b5fb-f8db03503323
2019-10-14 10:08:11,194 [pool-423-thread-1] INFO  impl.RaftServerImpl (RaftServerImpl.java:start(181)) - 44d9e862-9694-45d2-bbd8-86e8fa5a5f56@group-BF292917D617: start as a follower, conf=-1: [44d9e862-9694-45d2-bbd8-86e8fa5a5f56:192.168.5.145:33968, 6d5a3e42-9632-4a15-b5fb-f8db03503323:192.168.5.145:36203, e4a32d14-8f19-42c7-80b9-6a4a7381d399:192.168.5.145:40829], old=null
2019-10-14 10:08:11,194 [pool-423-thread-1] INFO  impl.RaftServerImpl (RaftServerImpl.java:setRole(170)) - 44d9e862-9694-45d2-bbd8-86e8fa5a5f56@group-BF292917D617: changes role from      null to FOLLOWER at term 0 for startAsFollower
2019-10-14 10:08:11,194 [pool-423-thread-1] INFO  impl.RoleInfo (RoleInfo.java:updateAndGet(143)) - 44d9e862-9694-45d2-bbd8-86e8fa5a5f56: start FollowerState
2019-10-14 10:08:11,194 [pool-423-thread-1] INFO  util.JmxRegister (JmxRegister.java:tryRegister(44)) - Successfully registered JMX Bean with object name Ratis:service=RaftServer,group=group-BF292917D617,id=44d9e862-9694-45d2-bbd8-86e8fa5a5f56
2019-10-14 10:08:11,198 [RatisPipelineUtilsThread] INFO  pipeline.PipelineStateManager (PipelineStateManager.java:addPipeline(56)) - Created pipeline Pipeline[ Id: d043afe9-a68d-4c7a-a988-bf292917d617, Nodes: 44d9e862-9694-45d2-bbd8-86e8fa5a5f56{ip: 192.168.5.145, host: pr-hdds-2297-rpftj-184604365, networkLocation: /default-rack, certSerialId: null}e4a32d14-8f19-42c7-80b9-6a4a7381d399{ip: 192.168.5.145, host: pr-hdds-2297-rpftj-184604365, networkLocation: /default-rack, certSerialId: null}6d5a3e42-9632-4a15-b5fb-f8db03503323{ip: 192.168.5.145, host: pr-hdds-2297-rpftj-184604365, networkLocation: /default-rack, certSerialId: null}, Type:RATIS, Factor:THREE, State:OPEN]
2019-10-14 10:08:12,117 [main] INFO  ozone.MiniOzoneClusterImpl (MiniOzoneClusterImpl.java:lambda$waitForClusterToBeReady$0(147)) - Cluster is ready. Got 7 of 7 DN Heartbeats.
2019-10-14 10:08:12,159 [main] INFO  rpc.RpcClient (RpcClient.java:createVolume(272)) - Creating Volume: watchforcommithandlingtest, with jenkins1000 as owner.
2019-10-14 10:08:12,161 [IPC Server handler 2 on 41038] INFO  volume.OMVolumeCreateRequest (OMVolumeCreateRequest.java:validateAndUpdateCache(193)) - created volume:watchforcommithandlingtest for user:jenkins1000
2019-10-14 10:08:12,179 [main] INFO  rpc.RpcClient (RpcClient.java:createBucket(411)) - Creating Bucket: watchforcommithandlingtest/watchforcommithandlingtest, with Versioning false and Storage Type set to DISK and Encryption set to false 
2019-10-14 10:08:12,183 [main] INFO  ozone.MiniOzoneClusterImpl (MiniOzoneClusterImpl.java:getStorageContainerLocationClient(234)) - Creating StorageContainerLocationProtocol RPC client with address /0.0.0.0:40448
2019-10-14 10:08:13,736 [Thread-2371] INFO  container.ReplicationManager (ReplicationManager.java:start(162)) - Starting Replication Monitor Thread.
2019-10-14 10:08:13,740 [ReplicationMonitor] INFO  container.ReplicationManager (ReplicationManager.java:run(225)) - Replication Monitor Thread took 0 milliseconds for processing 1 containers.
2019-10-14 10:08:15,787 [Thread-2373] INFO  impl.FollowerState (FollowerState.java:run(108)) - b2483a3f-840a-458c-8646-43547af974eb@group-CECA80FD0EA6-FollowerState: change to CANDIDATE, lastRpcTime:5011ms, electionTimeout:5011ms
2019-10-14 10:08:15,787 [Thread-2373] INFO  impl.RoleInfo (RoleInfo.java:shutdownFollowerState(121)) - b2483a3f-840a-458c-8646-43547af974eb: shutdown FollowerState
2019-10-14 10:08:15,787 [Thread-2373] INFO  impl.RaftServerImpl (RaftServerImpl.java:setRole(170)) - b2483a3f-840a-458c-8646-43547af974eb@group-CECA80FD0EA6: changes role from  FOLLOWER to CANDIDATE at term 0 for changeToCandidate
2019-10-14 10:08:15,788 [Thread-2373] INFO  impl.RoleInfo (RoleInfo.java:updateAndGet(143)) - b2483a3f-840a-458c-8646-43547af974eb: start LeaderElection
2019-10-14 10:08:15,811 [b2483a3f-840a-458c-8646-43547af974eb@group-CECA80FD0EA6-LeaderElection95] INFO  impl.LeaderElection (LeaderElection.java:askForVotes(178)) - b2483a3f-840a-458c-8646-43547af974eb@group-CECA80FD0EA6-LeaderElection95: begin an election at term 1 for -1: [b2483a3f-840a-458c-8646-43547af974eb:192.168.5.145:38184], old=null
2019-10-14 10:08:15,811 [b2483a3f-840a-458c-8646-43547af974eb@group-CECA80FD0EA6-LeaderElection95] INFO  impl.RoleInfo (RoleInfo.java:shutdownLeaderElection(134)) - b2483a3f-840a-458c-8646-43547af974eb: shutdown LeaderElection
2019-10-14 10:08:15,811 [b2483a3f-840a-458c-8646-43547af974eb@group-CECA80FD0EA6-LeaderElection95] INFO  impl.RaftServerImpl (RaftServerImpl.java:setRole(170)) - b2483a3f-840a-458c-8646-43547af974eb@group-CECA80FD0EA6: changes role from CANDIDATE to LEADER at term 1 for changeToLeader
2019-10-14 10:08:15,812 [b2483a3f-840a-458c-8646-43547af974eb@group-CECA80FD0EA6-LeaderElection95] INFO  impl.RaftServerImpl (ServerState.java:setLeader(255)) - b2483a3f-840a-458c-8646-43547af974eb@group-CECA80FD0EA6: change Leader from null to b2483a3f-840a-458c-8646-43547af974eb at term 1 for becomeLeader, leader elected after 5041ms
2019-10-14 10:08:15,812 [b2483a3f-840a-458c-8646-43547af974eb@group-CECA80FD0EA6-LeaderElection95] INFO  server.RaftServerConfigKeys (ConfUtils.java:logGet(43)) - raft.server.staging.catchup.gap = 1000 (default)
2019-10-14 10:08:15,812 [b2483a3f-840a-458c-8646-43547af974eb@group-CECA80FD0EA6-LeaderElection95] INFO  server.RaftServerConfigKeys (ConfUtils.java:logGet(43)) - raft.server.rpc.sleep.time = 25ms (default)
2019-10-14 10:08:15,812 [b2483a3f-840a-458c-8646-43547af974eb@group-CECA80FD0EA6-LeaderElection95] INFO  server.RaftServerConfigKeys (ConfUtils.java:logGet(43)) - raft.server.write.element-limit = 4096 (default)
2019-10-14 10:08:15,813 [b2483a3f-840a-458c-8646-43547af974eb@group-CECA80FD0EA6-LeaderElection95] INFO  server.RaftServerConfigKeys (ConfUtils.java:logGet(43)) - raft.server.watch.timeout = 10s (default)
2019-10-14 10:08:15,813 [b2483a3f-840a-458c-8646-43547af974eb@group-CECA80FD0EA6-LeaderElection95] INFO  server.RaftServerConfigKeys (ConfUtils.java:logGet(43)) - raft.server.watch.timeout.denomination = 1s (default)
2019-10-14 10:08:15,813 [b2483a3f-840a-458c-8646-43547af974eb@group-CECA80FD0EA6-LeaderElection95] INFO  server.RaftServerConfigKeys (ConfUtils.java:logGet(43)) - raft.server.watch.element-limit = 65536 (default)
2019-10-14 10:08:15,815 [b2483a3f-840a-458c-8646-43547af974eb@group-CECA80FD0EA6-LeaderElection95] INFO  impl.RoleInfo (RoleInfo.java:updateAndGet(143)) - b2483a3f-840a-458c-8646-43547af974eb: start LeaderState
2019-10-14 10:08:15,816 [b2483a3f-840a-458c-8646-43547af974eb@group-CECA80FD0EA6-LeaderElection95] INFO  segmented.SegmentedRaftLogWorker (SegmentedRaftLogWorker.java:startLogSegment(385)) - b2483a3f-840a-458c-8646-43547af974eb@group-CECA80FD0EA6-SegmentedRaftLogWorker: Starting segment from index:0
2019-10-14 10:08:15,816 [b2483a3f-840a-458c-8646-43547af974eb@group-CECA80FD0EA6-LeaderElection95] INFO  impl.RaftServerImpl (ServerState.java:setRaftConf(356)) - b2483a3f-840a-458c-8646-43547af974eb@group-CECA80FD0EA6: set configuration 0: [b2483a3f-840a-458c-8646-43547af974eb:192.168.5.145:38184], old=null at 0
2019-10-14 10:08:15,850 [b2483a3f-840a-458c-8646-43547af974eb@group-CECA80FD0EA6-SegmentedRaftLogWorker] INFO  segmented.SegmentedRaftLogWorker (SegmentedRaftLogWorker.java:execute(574)) - b2483a3f-840a-458c-8646-43547af974eb@group-CECA80FD0EA6-SegmentedRaftLogWorker: created new log segment /workdir/hadoop-ozone/integration-test/target/test-dir/MiniOzoneClusterImpl-13cc90b3-6ebc-41d2-a8a9-a3836e2af835/datanode-0/data/ratis/3f09d9b4-105d-4a4a-a2c9-ceca80fd0ea6/current/log_inprogress_0
2019-10-14 10:08:15,890 [Thread-2376] INFO  impl.FollowerState (FollowerState.java:run(108)) - 1fc12681-f003-40dc-9d14-ffa82c5165bb@group-6A704ED5E3FC-FollowerState: change to CANDIDATE, lastRpcTime:5042ms, electionTimeout:5042ms
2019-10-14 10:08:15,890 [Thread-2376] INFO  impl.RoleInfo (RoleInfo.java:shutdownFollowerState(121)) - 1fc12681-f003-40dc-9d14-ffa82c5165bb: shutdown FollowerState
2019-10-14 10:08:15,890 [Thread-2376] INFO  impl.RaftServerImpl (RaftServerImpl.java:setRole(170)) - 1fc12681-f003-40dc-9d14-ffa82c5165bb@group-6A704ED5E3FC: changes role from  FOLLOWER to CANDIDATE at term 0 for changeToCandidate
2019-10-14 10:08:15,890 [Thread-2376] INFO  impl.RoleInfo (RoleInfo.java:updateAndGet(143)) - 1fc12681-f003-40dc-9d14-ffa82c5165bb: start LeaderElection
2019-10-14 10:08:15,912 [1fc12681-f003-40dc-9d14-ffa82c5165bb@group-6A704ED5E3FC-LeaderElection96] INFO  impl.LeaderElection (LeaderElection.java:askForVotes(178)) - 1fc12681-f003-40dc-9d14-ffa82c5165bb@group-6A704ED5E3FC-LeaderElection96: begin an election at term 1 for -1: [1fc12681-f003-40dc-9d14-ffa82c5165bb:192.168.5.145:44926], old=null
2019-10-14 10:08:15,912 [1fc12681-f003-40dc-9d14-ffa82c5165bb@group-6A704ED5E3FC-LeaderElection96] INFO  impl.RoleInfo (RoleInfo.java:shutdownLeaderElection(134)) - 1fc12681-f003-40dc-9d14-ffa82c5165bb: shutdown LeaderElection
2019-10-14 10:08:15,912 [1fc12681-f003-40dc-9d14-ffa82c5165bb@group-6A704ED5E3FC-LeaderElection96] INFO  impl.RaftServerImpl (RaftServerImpl.java:setRole(170)) - 1fc12681-f003-40dc-9d14-ffa82c5165bb@group-6A704ED5E3FC: changes role from CANDIDATE to LEADER at term 1 for changeToLeader
2019-10-14 10:08:15,912 [1fc12681-f003-40dc-9d14-ffa82c5165bb@group-6A704ED5E3FC-LeaderElection96] INFO  impl.RaftServerImpl (ServerState.java:setLeader(255)) - 1fc12681-f003-40dc-9d14-ffa82c5165bb@group-6A704ED5E3FC: change Leader from null to 1fc12681-f003-40dc-9d14-ffa82c5165bb at term 1 for becomeLeader, leader elected after 5076ms
2019-10-14 10:08:15,912 [1fc12681-f003-40dc-9d14-ffa82c5165bb@group-6A704ED5E3FC-LeaderElection96] INFO  server.RaftServerConfigKeys (ConfUtils.java:logGet(43)) - raft.server.staging.catchup.gap = 1000 (default)
2019-10-14 10:08:15,912 [1fc12681-f003-40dc-9d14-ffa82c5165bb@group-6A704ED5E3FC-LeaderElection96] INFO  server.RaftServerConfigKeys (ConfUtils.java:logGet(43)) - raft.server.rpc.sleep.time = 25ms (default)
2019-10-14 10:08:15,913 [1fc12681-f003-40dc-9d14-ffa82c5165bb@group-6A704ED5E3FC-LeaderElection96] INFO  server.RaftServerConfigKeys (ConfUtils.java:logGet(43)) - raft.server.write.element-limit = 4096 (default)
2019-10-14 10:08:15,913 [1fc12681-f003-40dc-9d14-ffa82c5165bb@group-6A704ED5E3FC-LeaderElection96] INFO  server.RaftServerConfigKeys (ConfUtils.java:logGet(43)) - raft.server.watch.timeout = 10s (default)
2019-10-14 10:08:15,913 [1fc12681-f003-40dc-9d14-ffa82c5165bb@group-6A704ED5E3FC-LeaderElection96] INFO  server.RaftServerConfigKeys (ConfUtils.java:logGet(43)) - raft.server.watch.timeout.denomination = 1s (default)
2019-10-14 10:08:15,913 [1fc12681-f003-40dc-9d14-ffa82c5165bb@group-6A704ED5E3FC-LeaderElection96] INFO  server.RaftServerConfigKeys (ConfUtils.java:logGet(43)) - raft.server.watch.element-limit = 65536 (default)
2019-10-14 10:08:15,915 [1fc12681-f003-40dc-9d14-ffa82c5165bb@group-6A704ED5E3FC-LeaderElection96] INFO  impl.RoleInfo (RoleInfo.java:updateAndGet(143)) - 1fc12681-f003-40dc-9d14-ffa82c5165bb: start LeaderState
2019-10-14 10:08:15,915 [1fc12681-f003-40dc-9d14-ffa82c5165bb@group-6A704ED5E3FC-LeaderElection96] INFO  segmented.SegmentedRaftLogWorker (SegmentedRaftLogWorker.java:startLogSegment(385)) - 1fc12681-f003-40dc-9d14-ffa82c5165bb@group-6A704ED5E3FC-SegmentedRaftLogWorker: Starting segment from index:0
2019-10-14 10:08:15,916 [1fc12681-f003-40dc-9d14-ffa82c5165bb@group-6A704ED5E3FC-LeaderElection96] INFO  impl.RaftServerImpl (ServerState.java:setRaftConf(356)) - 1fc12681-f003-40dc-9d14-ffa82c5165bb@group-6A704ED5E3FC: set configuration 0: [1fc12681-f003-40dc-9d14-ffa82c5165bb:192.168.5.145:44926], old=null at 0
2019-10-14 10:08:15,950 [1fc12681-f003-40dc-9d14-ffa82c5165bb@group-6A704ED5E3FC-SegmentedRaftLogWorker] INFO  segmented.SegmentedRaftLogWorker (SegmentedRaftLogWorker.java:execute(574)) - 1fc12681-f003-40dc-9d14-ffa82c5165bb@group-6A704ED5E3FC-SegmentedRaftLogWorker: created new log segment /workdir/hadoop-ozone/integration-test/target/test-dir/MiniOzoneClusterImpl-13cc90b3-6ebc-41d2-a8a9-a3836e2af835/datanode-1/data/ratis/d8c82e6b-e49a-4080-9e7f-6a704ed5e3fc/current/log_inprogress_0
2019-10-14 10:08:16,070 [Thread-2385] INFO  impl.FollowerState (FollowerState.java:run(108)) - 86dfeabe-19c5-4fef-a17f-7cde16997188@group-B1DC9D084E3F-FollowerState: change to CANDIDATE, lastRpcTime:5089ms, electionTimeout:5089ms
2019-10-14 10:08:16,070 [Thread-2385] INFO  impl.RoleInfo (RoleInfo.java:shutdownFollowerState(121)) - 86dfeabe-19c5-4fef-a17f-7cde16997188: shutdown FollowerState
2019-10-14 10:08:16,070 [Thread-2385] INFO  impl.RaftServerImpl (RaftServerImpl.java:setRole(170)) - 86dfeabe-19c5-4fef-a17f-7cde16997188@group-B1DC9D084E3F: changes role from  FOLLOWER to CANDIDATE at term 0 for changeToCandidate
2019-10-14 10:08:16,070 [Thread-2385] INFO  impl.RoleInfo (RoleInfo.java:updateAndGet(143)) - 86dfeabe-19c5-4fef-a17f-7cde16997188: start LeaderElection
2019-10-14 10:08:16,074 [Thread-2394] INFO  impl.FollowerState (FollowerState.java:run(108)) - e4a32d14-8f19-42c7-80b9-6a4a7381d399@group-2D4BDF361E96-FollowerState: change to CANDIDATE, lastRpcTime:5011ms, electionTimeout:5009ms
2019-10-14 10:08:16,074 [Thread-2394] INFO  impl.RoleInfo (RoleInfo.java:shutdownFollowerState(121)) - e4a32d14-8f19-42c7-80b9-6a4a7381d399: shutdown FollowerState
2019-10-14 10:08:16,077 [Thread-2394] INFO  impl.RaftServerImpl (RaftServerImpl.java:setRole(170)) - e4a32d14-8f19-42c7-80b9-6a4a7381d399@group-2D4BDF361E96: changes role from  FOLLOWER to CANDIDATE at term 0 for changeToCandidate
2019-10-14 10:08:16,077 [Thread-2394] INFO  impl.RoleInfo (RoleInfo.java:updateAndGet(143)) - e4a32d14-8f19-42c7-80b9-6a4a7381d399: start LeaderElection
2019-10-14 10:08:16,080 [Thread-2379] INFO  impl.FollowerState (FollowerState.java:run(108)) - 86dfeabe-19c5-4fef-a17f-7cde16997188@group-18E7BDEE487A-FollowerState: change to CANDIDATE, lastRpcTime:5177ms, electionTimeout:5175ms
2019-10-14 10:08:16,086 [Thread-2379] INFO  impl.RoleInfo (RoleInfo.java:shutdownFollowerState(121)) - 86dfeabe-19c5-4fef-a17f-7cde16997188: shutdown FollowerState
2019-10-14 10:08:16,086 [Thread-2379] INFO  impl.RaftServerImpl (RaftServerImpl.java:setRole(170)) - 86dfeabe-19c5-4fef-a17f-7cde16997188@group-18E7BDEE487A: changes role from  FOLLOWER to CANDIDATE at term 0 for changeToCandidate
2019-10-14 10:08:16,086 [Thread-2379] INFO  impl.RoleInfo (RoleInfo.java:updateAndGet(143)) - 86dfeabe-19c5-4fef-a17f-7cde16997188: start LeaderElection
2019-10-14 10:08:16,094 [86dfeabe-19c5-4fef-a17f-7cde16997188@group-B1DC9D084E3F-LeaderElection97] INFO  impl.LeaderElection (LeaderElection.java:askForVotes(178)) - 86dfeabe-19c5-4fef-a17f-7cde16997188@group-B1DC9D084E3F-LeaderElection97: begin an election at term 1 for -1: [b2483a3f-840a-458c-8646-43547af974eb:192.168.5.145:38184, 1fc12681-f003-40dc-9d14-ffa82c5165bb:192.168.5.145:44926, 86dfeabe-19c5-4fef-a17f-7cde16997188:192.168.5.145:35445], old=null
2019-10-14 10:08:16,099 [grpc-default-executor-2] INFO  impl.RaftServerImpl (RaftServerImpl.java:setRole(170)) - b2483a3f-840a-458c-8646-43547af974eb@group-B1DC9D084E3F: changes role from  FOLLOWER to FOLLOWER at term 1 for recognizeCandidate:86dfeabe-19c5-4fef-a17f-7cde16997188
2019-10-14 10:08:16,099 [grpc-default-executor-1] INFO  impl.RaftServerImpl (RaftServerImpl.java:setRole(170)) - 1fc12681-f003-40dc-9d14-ffa82c5165bb@group-B1DC9D084E3F: changes role from  FOLLOWER to FOLLOWER at term 1 for recognizeCandidate:86dfeabe-19c5-4fef-a17f-7cde16997188
2019-10-14 10:08:16,099 [grpc-default-executor-2] INFO  impl.RoleInfo (RoleInfo.java:shutdownFollowerState(121)) - b2483a3f-840a-458c-8646-43547af974eb: shutdown FollowerState
2019-10-14 10:08:16,100 [grpc-default-executor-1] INFO  impl.RoleInfo (RoleInfo.java:shutdownFollowerState(121)) - 1fc12681-f003-40dc-9d14-ffa82c5165bb: shutdown FollowerState
2019-10-14 10:08:16,100 [Thread-2386] INFO  impl.FollowerState (FollowerState.java:run(117)) - b2483a3f-840a-458c-8646-43547af974eb@group-B1DC9D084E3F-FollowerState was interrupted: java.lang.InterruptedException: sleep interrupted
2019-10-14 10:08:16,100 [grpc-default-executor-2] INFO  impl.RoleInfo (RoleInfo.java:updateAndGet(143)) - b2483a3f-840a-458c-8646-43547af974eb: start FollowerState
2019-10-14 10:08:16,100 [Thread-2384] INFO  impl.FollowerState (FollowerState.java:run(117)) - 1fc12681-f003-40dc-9d14-ffa82c5165bb@group-B1DC9D084E3F-FollowerState was interrupted: java.lang.InterruptedException: sleep interrupted
2019-10-14 10:08:16,100 [grpc-default-executor-1] INFO  impl.RoleInfo (RoleInfo.java:updateAndGet(143)) - 1fc12681-f003-40dc-9d14-ffa82c5165bb: start FollowerState
2019-10-14 10:08:16,114 [86dfeabe-19c5-4fef-a17f-7cde16997188@group-18E7BDEE487A-LeaderElection99] INFO  impl.LeaderElection (LeaderElection.java:askForVotes(178)) - 86dfeabe-19c5-4fef-a17f-7cde16997188@group-18E7BDEE487A-LeaderElection99: begin an election at term 1 for -1: [86dfeabe-19c5-4fef-a17f-7cde16997188:192.168.5.145:35445], old=null
2019-10-14 10:08:16,114 [e4a32d14-8f19-42c7-80b9-6a4a7381d399@group-2D4BDF361E96-LeaderElection98] INFO  impl.LeaderElection (LeaderElection.java:askForVotes(178)) - e4a32d14-8f19-42c7-80b9-6a4a7381d399@group-2D4BDF361E96-LeaderElection98: begin an election at term 1 for -1: [e4a32d14-8f19-42c7-80b9-6a4a7381d399:192.168.5.145:40829], old=null
2019-10-14 10:08:16,114 [86dfeabe-19c5-4fef-a17f-7cde16997188@group-18E7BDEE487A-LeaderElection99] INFO  impl.RoleInfo (RoleInfo.java:shutdownLeaderElection(134)) - 86dfeabe-19c5-4fef-a17f-7cde16997188: shutdown LeaderElection
2019-10-14 10:08:16,114 [e4a32d14-8f19-42c7-80b9-6a4a7381d399@group-2D4BDF361E96-LeaderElection98] INFO  impl.RoleInfo (RoleInfo.java:shutdownLeaderElection(134)) - e4a32d14-8f19-42c7-80b9-6a4a7381d399: shutdown LeaderElection
2019-10-14 10:08:16,114 [86dfeabe-19c5-4fef-a17f-7cde16997188@group-18E7BDEE487A-LeaderElection99] INFO  impl.RaftServerImpl (RaftServerImpl.java:setRole(170)) - 86dfeabe-19c5-4fef-a17f-7cde16997188@group-18E7BDEE487A: changes role from CANDIDATE to LEADER at term 1 for changeToLeader
2019-10-14 10:08:16,114 [e4a32d14-8f19-42c7-80b9-6a4a7381d399@group-2D4BDF361E96-LeaderElection98] INFO  impl.RaftServerImpl (RaftServerImpl.java:setRole(170)) - e4a32d14-8f19-42c7-80b9-6a4a7381d399@group-2D4BDF361E96: changes role from CANDIDATE to LEADER at term 1 for changeToLeader
2019-10-14 10:08:16,114 [86dfeabe-19c5-4fef-a17f-7cde16997188@group-18E7BDEE487A-LeaderElection99] INFO  impl.RaftServerImpl (ServerState.java:setLeader(255)) - 86dfeabe-19c5-4fef-a17f-7cde16997188@group-18E7BDEE487A: change Leader from null to 86dfeabe-19c5-4fef-a17f-7cde16997188 at term 1 for becomeLeader, leader elected after 5215ms
2019-10-14 10:08:16,114 [e4a32d14-8f19-42c7-80b9-6a4a7381d399@group-2D4BDF361E96-LeaderElection98] INFO  impl.RaftServerImpl (ServerState.java:setLeader(255)) - e4a32d14-8f19-42c7-80b9-6a4a7381d399@group-2D4BDF361E96: change Leader from null to e4a32d14-8f19-42c7-80b9-6a4a7381d399 at term 1 for becomeLeader, leader elected after 5056ms
2019-10-14 10:08:16,115 [86dfeabe-19c5-4fef-a17f-7cde16997188@group-18E7BDEE487A-LeaderElection99] INFO  server.RaftServerConfigKeys (ConfUtils.java:logGet(43)) - raft.server.staging.catchup.gap = 1000 (default)
2019-10-14 10:08:16,115 [e4a32d14-8f19-42c7-80b9-6a4a7381d399@group-2D4BDF361E96-LeaderElection98] INFO  server.RaftServerConfigKeys (ConfUtils.java:logGet(43)) - raft.server.staging.catchup.gap = 1000 (default)
2019-10-14 10:08:16,115 [86dfeabe-19c5-4fef-a17f-7cde16997188@group-B1DC9D084E3F-LeaderElection97] INFO  impl.LeaderElection (LeaderElection.java:logAndReturn(56)) - 86dfeabe-19c5-4fef-a17f-7cde16997188@group-B1DC9D084E3F-LeaderElection97: Election PASSED; received 1 response(s) [86dfeabe-19c5-4fef-a17f-7cde16997188<-b2483a3f-840a-458c-8646-43547af974eb#0:OK-t1] and 0 exception(s); 86dfeabe-19c5-4fef-a17f-7cde16997188@group-B1DC9D084E3F:t1, leader=null, voted=86dfeabe-19c5-4fef-a17f-7cde16997188, raftlog=86dfeabe-19c5-4fef-a17f-7cde16997188@group-B1DC9D084E3F-SegmentedRaftLog:OPENED:c-1,f-1,i0, conf=-1: [b2483a3f-840a-458c-8646-43547af974eb:192.168.5.145:38184, 1fc12681-f003-40dc-9d14-ffa82c5165bb:192.168.5.145:44926, 86dfeabe-19c5-4fef-a17f-7cde16997188:192.168.5.145:35445], old=null
2019-10-14 10:08:16,115 [e4a32d14-8f19-42c7-80b9-6a4a7381d399@group-2D4BDF361E96-LeaderElection98] INFO  server.RaftServerConfigKeys (ConfUtils.java:logGet(43)) - raft.server.rpc.sleep.time = 25ms (default)
2019-10-14 10:08:16,115 [86dfeabe-19c5-4fef-a17f-7cde16997188@group-18E7BDEE487A-LeaderElection99] INFO  server.RaftServerConfigKeys (ConfUtils.java:logGet(43)) - raft.server.rpc.sleep.time = 25ms (default)
2019-10-14 10:08:16,115 [e4a32d14-8f19-42c7-80b9-6a4a7381d399@group-2D4BDF361E96-LeaderElection98] INFO  server.RaftServerConfigKeys (ConfUtils.java:logGet(43)) - raft.server.write.element-limit = 4096 (default)
2019-10-14 10:08:16,115 [86dfeabe-19c5-4fef-a17f-7cde16997188@group-B1DC9D084E3F-LeaderElection97] INFO  impl.RoleInfo (RoleInfo.java:shutdownLeaderElection(134)) - 86dfeabe-19c5-4fef-a17f-7cde16997188: shutdown LeaderElection
2019-10-14 10:08:16,115 [e4a32d14-8f19-42c7-80b9-6a4a7381d399@group-2D4BDF361E96-LeaderElection98] INFO  server.RaftServerConfigKeys (ConfUtils.java:logGet(43)) - raft.server.watch.timeout = 10s (default)
2019-10-14 10:08:16,115 [86dfeabe-19c5-4fef-a17f-7cde16997188@group-18E7BDEE487A-LeaderElection99] INFO  server.RaftServerConfigKeys (ConfUtils.java:logGet(43)) - raft.server.write.element-limit = 4096 (default)
2019-10-14 10:08:16,116 [e4a32d14-8f19-42c7-80b9-6a4a7381d399@group-2D4BDF361E96-LeaderElection98] INFO  server.RaftServerConfigKeys (ConfUtils.java:logGet(43)) - raft.server.watch.timeout.denomination = 1s (default)
2019-10-14 10:08:16,116 [86dfeabe-19c5-4fef-a17f-7cde16997188@group-B1DC9D084E3F-LeaderElection97] INFO  impl.RaftServerImpl (RaftServerImpl.java:setRole(170)) - 86dfeabe-19c5-4fef-a17f-7cde16997188@group-B1DC9D084E3F: changes role from CANDIDATE to LEADER at term 1 for changeToLeader
2019-10-14 10:08:16,116 [e4a32d14-8f19-42c7-80b9-6a4a7381d399@group-2D4BDF361E96-LeaderElection98] INFO  server.RaftServerConfigKeys (ConfUtils.java:logGet(43)) - raft.server.watch.element-limit = 65536 (default)
2019-10-14 10:08:16,116 [86dfeabe-19c5-4fef-a17f-7cde16997188@group-18E7BDEE487A-LeaderElection99] INFO  server.RaftServerConfigKeys (ConfUtils.java:logGet(43)) - raft.server.watch.timeout = 10s (default)
2019-10-14 10:08:16,116 [86dfeabe-19c5-4fef-a17f-7cde16997188@group-B1DC9D084E3F-LeaderElection97] INFO  impl.RaftServerImpl (ServerState.java:setLeader(255)) - 86dfeabe-19c5-4fef-a17f-7cde16997188@group-B1DC9D084E3F: change Leader from null to 86dfeabe-19c5-4fef-a17f-7cde16997188 at term 1 for becomeLeader, leader elected after 5145ms
2019-10-14 10:08:16,116 [86dfeabe-19c5-4fef-a17f-7cde16997188@group-18E7BDEE487A-LeaderElection99] INFO  server.RaftServerConfigKeys (ConfUtils.java:logGet(43)) - raft.server.watch.timeout.denomination = 1s (default)
2019-10-14 10:08:16,116 [86dfeabe-19c5-4fef-a17f-7cde16997188@group-B1DC9D084E3F-LeaderElection97] INFO  server.RaftServerConfigKeys (ConfUtils.java:logGet(43)) - raft.server.staging.catchup.gap = 1000 (default)
2019-10-14 10:08:16,116 [86dfeabe-19c5-4fef-a17f-7cde16997188@group-18E7BDEE487A-LeaderElection99] INFO  server.RaftServerConfigKeys (ConfUtils.java:logGet(43)) - raft.server.watch.element-limit = 65536 (default)
2019-10-14 10:08:16,117 [86dfeabe-19c5-4fef-a17f-7cde16997188@group-B1DC9D084E3F-LeaderElection97] INFO  server.RaftServerConfigKeys (ConfUtils.java:logGet(43)) - raft.server.rpc.sleep.time = 25ms (default)
2019-10-14 10:08:16,117 [86dfeabe-19c5-4fef-a17f-7cde16997188@group-B1DC9D084E3F-LeaderElection97] INFO  server.RaftServerConfigKeys (ConfUtils.java:logGet(43)) - raft.server.write.element-limit = 4096 (default)
2019-10-14 10:08:16,117 [86dfeabe-19c5-4fef-a17f-7cde16997188@group-B1DC9D084E3F-LeaderElection97] INFO  server.RaftServerConfigKeys (ConfUtils.java:logGet(43)) - raft.server.watch.timeout = 10s (default)
2019-10-14 10:08:16,117 [86dfeabe-19c5-4fef-a17f-7cde16997188@group-B1DC9D084E3F-LeaderElection97] INFO  server.RaftServerConfigKeys (ConfUtils.java:logGet(43)) - raft.server.watch.timeout.denomination = 1s (default)
2019-10-14 10:08:16,117 [86dfeabe-19c5-4fef-a17f-7cde16997188@group-B1DC9D084E3F-LeaderElection97] INFO  server.RaftServerConfigKeys (ConfUtils.java:logGet(43)) - raft.server.watch.element-limit = 65536 (default)
2019-10-14 10:08:16,118 [e4a32d14-8f19-42c7-80b9-6a4a7381d399@group-2D4BDF361E96-LeaderElection98] INFO  impl.RoleInfo (RoleInfo.java:updateAndGet(143)) - e4a32d14-8f19-42c7-80b9-6a4a7381d399: start LeaderState
2019-10-14 10:08:16,119 [e4a32d14-8f19-42c7-80b9-6a4a7381d399@group-2D4BDF361E96-LeaderElection98] INFO  segmented.SegmentedRaftLogWorker (SegmentedRaftLogWorker.java:startLogSegment(385)) - e4a32d14-8f19-42c7-80b9-6a4a7381d399@group-2D4BDF361E96-SegmentedRaftLogWorker: Starting segment from index:0
2019-10-14 10:08:16,119 [86dfeabe-19c5-4fef-a17f-7cde16997188@group-18E7BDEE487A-LeaderElection99] INFO  impl.RoleInfo (RoleInfo.java:updateAndGet(143)) - 86dfeabe-19c5-4fef-a17f-7cde16997188: start LeaderState
2019-10-14 10:08:16,119 [86dfeabe-19c5-4fef-a17f-7cde16997188@group-18E7BDEE487A-LeaderElection99] INFO  segmented.SegmentedRaftLogWorker (SegmentedRaftLogWorker.java:startLogSegment(385)) - 86dfeabe-19c5-4fef-a17f-7cde16997188@group-18E7BDEE487A-SegmentedRaftLogWorker: Starting segment from index:0
2019-10-14 10:08:16,119 [e4a32d14-8f19-42c7-80b9-6a4a7381d399@group-2D4BDF361E96-LeaderElection98] INFO  impl.RaftServerImpl (ServerState.java:setRaftConf(356)) - e4a32d14-8f19-42c7-80b9-6a4a7381d399@group-2D4BDF361E96: set configuration 0: [e4a32d14-8f19-42c7-80b9-6a4a7381d399:192.168.5.145:40829], old=null at 0
2019-10-14 10:08:16,120 [86dfeabe-19c5-4fef-a17f-7cde16997188@group-18E7BDEE487A-LeaderElection99] INFO  impl.RaftServerImpl (ServerState.java:setRaftConf(356)) - 86dfeabe-19c5-4fef-a17f-7cde16997188@group-18E7BDEE487A: set configuration 0: [86dfeabe-19c5-4fef-a17f-7cde16997188:192.168.5.145:35445], old=null at 0
2019-10-14 10:08:16,121 [86dfeabe-19c5-4fef-a17f-7cde16997188@group-B1DC9D084E3F-LeaderElection97] INFO  server.RaftServerConfigKeys (ConfUtils.java:logGet(43)) - raft.server.log.appender.snapshot.chunk.size.max = 16MB (=16777216) (default)
2019-10-14 10:08:16,121 [86dfeabe-19c5-4fef-a17f-7cde16997188@group-B1DC9D084E3F-LeaderElection97] INFO  server.RaftServerConfigKeys (ConfUtils.java:logGet(43)) - raft.server.log.appender.buffer.byte-limit = 33554432 (custom)
2019-10-14 10:08:16,121 [86dfeabe-19c5-4fef-a17f-7cde16997188@group-B1DC9D084E3F-LeaderElection97] INFO  server.RaftServerConfigKeys (ConfUtils.java:logGet(43)) - raft.server.log.appender.buffer.element-limit = 1 (custom)
2019-10-14 10:08:16,121 [86dfeabe-19c5-4fef-a17f-7cde16997188@group-B1DC9D084E3F-LeaderElection97] INFO  grpc.GrpcConfigKeys$Server (ConfUtils.java:logGet(43)) - raft.grpc.server.leader.outstanding.appends.max = 128 (default)
2019-10-14 10:08:16,121 [86dfeabe-19c5-4fef-a17f-7cde16997188@group-B1DC9D084E3F-LeaderElection97] INFO  server.RaftServerConfigKeys (ConfUtils.java:logGet(43)) - raft.server.rpc.request.timeout = 3000ms (default)
2019-10-14 10:08:16,122 [86dfeabe-19c5-4fef-a17f-7cde16997188@group-B1DC9D084E3F-LeaderElection97] INFO  server.RaftServerConfigKeys (ConfUtils.java:logGet(43)) - raft.server.log.appender.install.snapshot.enabled = false (custom)
2019-10-14 10:08:16,122 [86dfeabe-19c5-4fef-a17f-7cde16997188@group-B1DC9D084E3F-LeaderElection97] INFO  server.RaftServerConfigKeys (ConfUtils.java:logGet(43)) - raft.server.log.appender.snapshot.chunk.size.max = 16MB (=16777216) (default)
2019-10-14 10:08:16,122 [86dfeabe-19c5-4fef-a17f-7cde16997188@group-B1DC9D084E3F-LeaderElection97] INFO  server.RaftServerConfigKeys (ConfUtils.java:logGet(43)) - raft.server.log.appender.buffer.byte-limit = 33554432 (custom)
2019-10-14 10:08:16,122 [86dfeabe-19c5-4fef-a17f-7cde16997188@group-B1DC9D084E3F-LeaderElection97] INFO  server.RaftServerConfigKeys (ConfUtils.java:logGet(43)) - raft.server.log.appender.buffer.element-limit = 1 (custom)
2019-10-14 10:08:16,123 [86dfeabe-19c5-4fef-a17f-7cde16997188@group-B1DC9D084E3F-LeaderElection97] INFO  grpc.GrpcConfigKeys$Server (ConfUtils.java:logGet(43)) - raft.grpc.server.leader.outstanding.appends.max = 128 (default)
2019-10-14 10:08:16,123 [86dfeabe-19c5-4fef-a17f-7cde16997188@group-B1DC9D084E3F-LeaderElection97] INFO  server.RaftServerConfigKeys (ConfUtils.java:logGet(43)) - raft.server.rpc.request.timeout = 3000ms (default)
2019-10-14 10:08:16,123 [86dfeabe-19c5-4fef-a17f-7cde16997188@group-B1DC9D084E3F-LeaderElection97] INFO  server.RaftServerConfigKeys (ConfUtils.java:logGet(43)) - raft.server.log.appender.install.snapshot.enabled = false (custom)
2019-10-14 10:08:16,123 [86dfeabe-19c5-4fef-a17f-7cde16997188@group-B1DC9D084E3F-LeaderElection97] INFO  impl.RoleInfo (RoleInfo.java:updateAndGet(143)) - 86dfeabe-19c5-4fef-a17f-7cde16997188: start LeaderState
2019-10-14 10:08:16,123 [86dfeabe-19c5-4fef-a17f-7cde16997188@group-B1DC9D084E3F-LeaderElection97] INFO  segmented.SegmentedRaftLogWorker (SegmentedRaftLogWorker.java:startLogSegment(385)) - 86dfeabe-19c5-4fef-a17f-7cde16997188@group-B1DC9D084E3F-SegmentedRaftLogWorker: Starting segment from index:0
2019-10-14 10:08:16,124 [86dfeabe-19c5-4fef-a17f-7cde16997188@group-B1DC9D084E3F-LeaderElection97] INFO  impl.RaftServerImpl (ServerState.java:setRaftConf(356)) - 86dfeabe-19c5-4fef-a17f-7cde16997188@group-B1DC9D084E3F: set configuration 0: [b2483a3f-840a-458c-8646-43547af974eb:192.168.5.145:38184, 1fc12681-f003-40dc-9d14-ffa82c5165bb:192.168.5.145:44926, 86dfeabe-19c5-4fef-a17f-7cde16997188:192.168.5.145:35445], old=null at 0
2019-10-14 10:08:16,126 [grpc-default-executor-2] INFO  impl.RaftServerImpl (ServerState.java:setLeader(255)) - b2483a3f-840a-458c-8646-43547af974eb@group-B1DC9D084E3F: change Leader from null to 86dfeabe-19c5-4fef-a17f-7cde16997188 at term 1 for appendEntries, leader elected after 5155ms
2019-10-14 10:08:16,126 [grpc-default-executor-1] INFO  impl.RaftServerImpl (ServerState.java:setLeader(255)) - 1fc12681-f003-40dc-9d14-ffa82c5165bb@group-B1DC9D084E3F: change Leader from null to 86dfeabe-19c5-4fef-a17f-7cde16997188 at term 1 for appendEntries, leader elected after 5155ms
2019-10-14 10:08:16,175 [Thread-2391] INFO  impl.FollowerState (FollowerState.java:run(108)) - 44d9e862-9694-45d2-bbd8-86e8fa5a5f56@group-D6C126938FEF-FollowerState: change to CANDIDATE, lastRpcTime:5145ms, electionTimeout:5128ms
2019-10-14 10:08:16,174 [Thread-2397] INFO  impl.FollowerState (FollowerState.java:run(108)) - 6d5a3e42-9632-4a15-b5fb-f8db03503323@group-106A26DC80B1-FollowerState: change to CANDIDATE, lastRpcTime:5067ms, electionTimeout:5060ms
2019-10-14 10:08:16,178 [Thread-2391] INFO  impl.RoleInfo (RoleInfo.java:shutdownFollowerState(121)) - 44d9e862-9694-45d2-bbd8-86e8fa5a5f56: shutdown FollowerState
2019-10-14 10:08:16,178 [Thread-2397] INFO  impl.RoleInfo (RoleInfo.java:shutdownFollowerState(121)) - 6d5a3e42-9632-4a15-b5fb-f8db03503323: shutdown FollowerState
2019-10-14 10:08:16,178 [Thread-2391] INFO  impl.RaftServerImpl (RaftServerImpl.java:setRole(170)) - 44d9e862-9694-45d2-bbd8-86e8fa5a5f56@group-D6C126938FEF: changes role from  FOLLOWER to CANDIDATE at term 0 for changeToCandidate
2019-10-14 10:08:16,178 [Thread-2397] INFO  impl.RaftServerImpl (RaftServerImpl.java:setRole(170)) - 6d5a3e42-9632-4a15-b5fb-f8db03503323@group-106A26DC80B1: changes role from  FOLLOWER to CANDIDATE at term 0 for changeToCandidate
2019-10-14 10:08:16,180 [Thread-2391] INFO  impl.RoleInfo (RoleInfo.java:updateAndGet(143)) - 44d9e862-9694-45d2-bbd8-86e8fa5a5f56: start LeaderElection
2019-10-14 10:08:16,180 [Thread-2397] INFO  impl.RoleInfo (RoleInfo.java:updateAndGet(143)) - 6d5a3e42-9632-4a15-b5fb-f8db03503323: start LeaderElection
2019-10-14 10:08:16,187 [86dfeabe-19c5-4fef-a17f-7cde16997188@group-18E7BDEE487A-SegmentedRaftLogWorker] INFO  segmented.SegmentedRaftLogWorker (SegmentedRaftLogWorker.java:execute(574)) - 86dfeabe-19c5-4fef-a17f-7cde16997188@group-18E7BDEE487A-SegmentedRaftLogWorker: created new log segment /workdir/hadoop-ozone/integration-test/target/test-dir/MiniOzoneClusterImpl-13cc90b3-6ebc-41d2-a8a9-a3836e2af835/datanode-2/data/ratis/0ef2afb9-832a-4fe3-9ec6-18e7bdee487a/current/log_inprogress_0
2019-10-14 10:08:16,187 [e4a32d14-8f19-42c7-80b9-6a4a7381d399@group-2D4BDF361E96-SegmentedRaftLogWorker] INFO  segmented.SegmentedRaftLogWorker (SegmentedRaftLogWorker.java:execute(574)) - e4a32d14-8f19-42c7-80b9-6a4a7381d399@group-2D4BDF361E96-SegmentedRaftLogWorker: created new log segment /workdir/hadoop-ozone/integration-test/target/test-dir/MiniOzoneClusterImpl-13cc90b3-6ebc-41d2-a8a9-a3836e2af835/datanode-3/data/ratis/8b402b78-0252-4c57-bd61-2d4bdf361e96/current/log_inprogress_0
2019-10-14 10:08:16,187 [86dfeabe-19c5-4fef-a17f-7cde16997188@group-B1DC9D084E3F-SegmentedRaftLogWorker] INFO  segmented.SegmentedRaftLogWorker (SegmentedRaftLogWorker.java:execute(574)) - 86dfeabe-19c5-4fef-a17f-7cde16997188@group-B1DC9D084E3F-SegmentedRaftLogWorker: created new log segment /workdir/hadoop-ozone/integration-test/target/test-dir/MiniOzoneClusterImpl-13cc90b3-6ebc-41d2-a8a9-a3836e2af835/datanode-2/data/ratis/2f373041-e008-4217-b088-b1dc9d084e3f/current/log_inprogress_0
2019-10-14 10:08:16,191 [grpc-default-executor-1] INFO  impl.RaftServerImpl (ServerState.java:setRaftConf(356)) - b2483a3f-840a-458c-8646-43547af974eb@group-B1DC9D084E3F: set configuration 0: [b2483a3f-840a-458c-8646-43547af974eb:192.168.5.145:38184, 1fc12681-f003-40dc-9d14-ffa82c5165bb:192.168.5.145:44926, 86dfeabe-19c5-4fef-a17f-7cde16997188:192.168.5.145:35445], old=null at 0
2019-10-14 10:08:16,191 [grpc-default-executor-2] INFO  impl.RaftServerImpl (ServerState.java:setRaftConf(356)) - 1fc12681-f003-40dc-9d14-ffa82c5165bb@group-B1DC9D084E3F: set configuration 0: [b2483a3f-840a-458c-8646-43547af974eb:192.168.5.145:38184, 1fc12681-f003-40dc-9d14-ffa82c5165bb:192.168.5.145:44926, 86dfeabe-19c5-4fef-a17f-7cde16997188:192.168.5.145:35445], old=null at 0
2019-10-14 10:08:16,191 [grpc-default-executor-1] INFO  segmented.SegmentedRaftLogWorker (SegmentedRaftLogWorker.java:startLogSegment(385)) - b2483a3f-840a-458c-8646-43547af974eb@group-B1DC9D084E3F-SegmentedRaftLogWorker: Starting segment from index:0
2019-10-14 10:08:16,191 [grpc-default-executor-2] INFO  segmented.SegmentedRaftLogWorker (SegmentedRaftLogWorker.java:startLogSegment(385)) - 1fc12681-f003-40dc-9d14-ffa82c5165bb@group-B1DC9D084E3F-SegmentedRaftLogWorker: Starting segment from index:0
2019-10-14 10:08:16,203 [6d5a3e42-9632-4a15-b5fb-f8db03503323@group-106A26DC80B1-LeaderElection101] INFO  impl.LeaderElection (LeaderElection.java:askForVotes(178)) - 6d5a3e42-9632-4a15-b5fb-f8db03503323@group-106A26DC80B1-LeaderElection101: begin an election at term 1 for -1: [6d5a3e42-9632-4a15-b5fb-f8db03503323:192.168.5.145:36203], old=null
2019-10-14 10:08:16,203 [44d9e862-9694-45d2-bbd8-86e8fa5a5f56@group-D6C126938FEF-LeaderElection100] INFO  impl.LeaderElection (LeaderElection.java:askForVotes(178)) - 44d9e862-9694-45d2-bbd8-86e8fa5a5f56@group-D6C126938FEF-LeaderElection100: begin an election at term 1 for -1: [44d9e862-9694-45d2-bbd8-86e8fa5a5f56:192.168.5.145:33968], old=null
2019-10-14 10:08:16,204 [6d5a3e42-9632-4a15-b5fb-f8db03503323@group-106A26DC80B1-LeaderElection101] INFO  impl.RoleInfo (RoleInfo.java:shutdownLeaderElection(134)) - 6d5a3e42-9632-4a15-b5fb-f8db03503323: shutdown LeaderElection
2019-10-14 10:08:16,204 [44d9e862-9694-45d2-bbd8-86e8fa5a5f56@group-D6C126938FEF-LeaderElection100] INFO  impl.RoleInfo (RoleInfo.java:shutdownLeaderElection(134)) - 44d9e862-9694-45d2-bbd8-86e8fa5a5f56: shutdown LeaderElection
2019-10-14 10:08:16,204 [6d5a3e42-9632-4a15-b5fb-f8db03503323@group-106A26DC80B1-LeaderElection101] INFO  impl.RaftServerImpl (RaftServerImpl.java:setRole(170)) - 6d5a3e42-9632-4a15-b5fb-f8db03503323@group-106A26DC80B1: changes role from CANDIDATE to LEADER at term 1 for changeToLeader
2019-10-14 10:08:16,204 [44d9e862-9694-45d2-bbd8-86e8fa5a5f56@group-D6C126938FEF-LeaderElection100] INFO  impl.RaftServerImpl (RaftServerImpl.java:setRole(170)) - 44d9e862-9694-45d2-bbd8-86e8fa5a5f56@group-D6C126938FEF: changes role from CANDIDATE to LEADER at term 1 for changeToLeader
2019-10-14 10:08:16,204 [6d5a3e42-9632-4a15-b5fb-f8db03503323@group-106A26DC80B1-LeaderElection101] INFO  impl.RaftServerImpl (ServerState.java:setLeader(255)) - 6d5a3e42-9632-4a15-b5fb-f8db03503323@group-106A26DC80B1: change Leader from null to 6d5a3e42-9632-4a15-b5fb-f8db03503323 at term 1 for becomeLeader, leader elected after 5103ms
2019-10-14 10:08:16,204 [44d9e862-9694-45d2-bbd8-86e8fa5a5f56@group-D6C126938FEF-LeaderElection100] INFO  impl.RaftServerImpl (ServerState.java:setLeader(255)) - 44d9e862-9694-45d2-bbd8-86e8fa5a5f56@group-D6C126938FEF: change Leader from null to 44d9e862-9694-45d2-bbd8-86e8fa5a5f56 at term 1 for becomeLeader, leader elected after 5179ms
2019-10-14 10:08:16,204 [6d5a3e42-9632-4a15-b5fb-f8db03503323@group-106A26DC80B1-LeaderElection101] INFO  server.RaftServerConfigKeys (ConfUtils.java:logGet(43)) - raft.server.staging.catchup.gap = 1000 (default)
2019-10-14 10:08:16,204 [44d9e862-9694-45d2-bbd8-86e8fa5a5f56@group-D6C126938FEF-LeaderElection100] INFO  server.RaftServerConfigKeys (ConfUtils.java:logGet(43)) - raft.server.staging.catchup.gap = 1000 (default)
2019-10-14 10:08:16,205 [6d5a3e42-9632-4a15-b5fb-f8db03503323@group-106A26DC80B1-LeaderElection101] INFO  server.RaftServerConfigKeys (ConfUtils.java:logGet(43)) - raft.server.rpc.sleep.time = 25ms (default)
2019-10-14 10:08:16,205 [44d9e862-9694-45d2-bbd8-86e8fa5a5f56@group-D6C126938FEF-LeaderElection100] INFO  server.RaftServerConfigKeys (ConfUtils.java:logGet(43)) - raft.server.rpc.sleep.time = 25ms (default)
2019-10-14 10:08:16,205 [6d5a3e42-9632-4a15-b5fb-f8db03503323@group-106A26DC80B1-LeaderElection101] INFO  server.RaftServerConfigKeys (ConfUtils.java:logGet(43)) - raft.server.write.element-limit = 4096 (default)
2019-10-14 10:08:16,205 [44d9e862-9694-45d2-bbd8-86e8fa5a5f56@group-D6C126938FEF-LeaderElection100] INFO  server.RaftServerConfigKeys (ConfUtils.java:logGet(43)) - raft.server.write.element-limit = 4096 (default)
2019-10-14 10:08:16,205 [6d5a3e42-9632-4a15-b5fb-f8db03503323@group-106A26DC80B1-LeaderElection101] INFO  server.RaftServerConfigKeys (ConfUtils.java:logGet(43)) - raft.server.watch.timeout = 10s (default)
2019-10-14 10:08:16,205 [44d9e862-9694-45d2-bbd8-86e8fa5a5f56@group-D6C126938FEF-LeaderElection100] INFO  server.RaftServerConfigKeys (ConfUtils.java:logGet(43)) - raft.server.watch.timeout = 10s (default)
2019-10-14 10:08:16,205 [6d5a3e42-9632-4a15-b5fb-f8db03503323@group-106A26DC80B1-LeaderElection101] INFO  server.RaftServerConfigKeys (ConfUtils.java:logGet(43)) - raft.server.watch.timeout.denomination = 1s (default)
2019-10-14 10:08:16,206 [44d9e862-9694-45d2-bbd8-86e8fa5a5f56@group-D6C126938FEF-LeaderElection100] INFO  server.RaftServerConfigKeys (ConfUtils.java:logGet(43)) - raft.server.watch.timeout.denomination = 1s (default)
2019-10-14 10:08:16,206 [6d5a3e42-9632-4a15-b5fb-f8db03503323@group-106A26DC80B1-LeaderElection101] INFO  server.RaftServerConfigKeys (ConfUtils.java:logGet(43)) - raft.server.watch.element-limit = 65536 (default)
2019-10-14 10:08:16,206 [44d9e862-9694-45d2-bbd8-86e8fa5a5f56@group-D6C126938FEF-LeaderElection100] INFO  server.RaftServerConfigKeys (ConfUtils.java:logGet(43)) - raft.server.watch.element-limit = 65536 (default)
2019-10-14 10:08:16,209 [44d9e862-9694-45d2-bbd8-86e8fa5a5f56@group-D6C126938FEF-LeaderElection100] INFO  impl.RoleInfo (RoleInfo.java:updateAndGet(143)) - 44d9e862-9694-45d2-bbd8-86e8fa5a5f56: start LeaderState
2019-10-14 10:08:16,209 [6d5a3e42-9632-4a15-b5fb-f8db03503323@group-106A26DC80B1-LeaderElection101] INFO  impl.RoleInfo (RoleInfo.java:updateAndGet(143)) - 6d5a3e42-9632-4a15-b5fb-f8db03503323: start LeaderState
2019-10-14 10:08:16,210 [44d9e862-9694-45d2-bbd8-86e8fa5a5f56@group-D6C126938FEF-LeaderElection100] INFO  segmented.SegmentedRaftLogWorker (SegmentedRaftLogWorker.java:startLogSegment(385)) - 44d9e862-9694-45d2-bbd8-86e8fa5a5f56@group-D6C126938FEF-SegmentedRaftLogWorker: Starting segment from index:0
2019-10-14 10:08:16,210 [6d5a3e42-9632-4a15-b5fb-f8db03503323@group-106A26DC80B1-LeaderElection101] INFO  segmented.SegmentedRaftLogWorker (SegmentedRaftLogWorker.java:startLogSegment(385)) - 6d5a3e42-9632-4a15-b5fb-f8db03503323@group-106A26DC80B1-SegmentedRaftLogWorker: Starting segment from index:0
2019-10-14 10:08:16,210 [44d9e862-9694-45d2-bbd8-86e8fa5a5f56@group-D6C126938FEF-LeaderElection100] INFO  impl.RaftServerImpl (ServerState.java:setRaftConf(356)) - 44d9e862-9694-45d2-bbd8-86e8fa5a5f56@group-D6C126938FEF: set configuration 0: [44d9e862-9694-45d2-bbd8-86e8fa5a5f56:192.168.5.145:33968], old=null at 0
2019-10-14 10:08:16,210 [6d5a3e42-9632-4a15-b5fb-f8db03503323@group-106A26DC80B1-LeaderElection101] INFO  impl.RaftServerImpl (ServerState.java:setRaftConf(356)) - 6d5a3e42-9632-4a15-b5fb-f8db03503323@group-106A26DC80B1: set configuration 0: [6d5a3e42-9632-4a15-b5fb-f8db03503323:192.168.5.145:36203], old=null at 0
2019-10-14 10:08:16,223 [Thread-2405] INFO  impl.FollowerState (FollowerState.java:run(108)) - 44d9e862-9694-45d2-bbd8-86e8fa5a5f56@group-BF292917D617-FollowerState: change to CANDIDATE, lastRpcTime:5028ms, electionTimeout:5028ms
2019-10-14 10:08:16,223 [Thread-2405] INFO  impl.RoleInfo (RoleInfo.java:shutdownFollowerState(121)) - 44d9e862-9694-45d2-bbd8-86e8fa5a5f56: shutdown FollowerState
2019-10-14 10:08:16,223 [Thread-2405] INFO  impl.RaftServerImpl (RaftServerImpl.java:setRole(170)) - 44d9e862-9694-45d2-bbd8-86e8fa5a5f56@group-BF292917D617: changes role from  FOLLOWER to CANDIDATE at term 0 for changeToCandidate
2019-10-14 10:08:16,223 [Thread-2405] INFO  impl.RoleInfo (RoleInfo.java:updateAndGet(143)) - 44d9e862-9694-45d2-bbd8-86e8fa5a5f56: start LeaderElection
2019-10-14 10:08:16,246 [1fc12681-f003-40dc-9d14-ffa82c5165bb@group-B1DC9D084E3F-SegmentedRaftLogWorker] INFO  segmented.SegmentedRaftLogWorker (SegmentedRaftLogWorker.java:execute(574)) - 1fc12681-f003-40dc-9d14-ffa82c5165bb@group-B1DC9D084E3F-SegmentedRaftLogWorker: created new log segment /workdir/hadoop-ozone/integration-test/target/test-dir/MiniOzoneClusterImpl-13cc90b3-6ebc-41d2-a8a9-a3836e2af835/datanode-1/data/ratis/2f373041-e008-4217-b088-b1dc9d084e3f/current/log_inprogress_0
2019-10-14 10:08:16,259 [b2483a3f-840a-458c-8646-43547af974eb@group-B1DC9D084E3F-SegmentedRaftLogWorker] INFO  segmented.SegmentedRaftLogWorker (SegmentedRaftLogWorker.java:execute(574)) - b2483a3f-840a-458c-8646-43547af974eb@group-B1DC9D084E3F-SegmentedRaftLogWorker: created new log segment /workdir/hadoop-ozone/integration-test/target/test-dir/MiniOzoneClusterImpl-13cc90b3-6ebc-41d2-a8a9-a3836e2af835/datanode-0/data/ratis/2f373041-e008-4217-b088-b1dc9d084e3f/current/log_inprogress_0
2019-10-14 10:08:16,259 [6d5a3e42-9632-4a15-b5fb-f8db03503323@group-106A26DC80B1-SegmentedRaftLogWorker] INFO  segmented.SegmentedRaftLogWorker (SegmentedRaftLogWorker.java:execute(574)) - 6d5a3e42-9632-4a15-b5fb-f8db03503323@group-106A26DC80B1-SegmentedRaftLogWorker: created new log segment /workdir/hadoop-ozone/integration-test/target/test-dir/MiniOzoneClusterImpl-13cc90b3-6ebc-41d2-a8a9-a3836e2af835/datanode-5/data/ratis/d0df82a8-7ddd-4a78-af80-106a26dc80b1/current/log_inprogress_0
2019-10-14 10:08:16,260 [44d9e862-9694-45d2-bbd8-86e8fa5a5f56@group-BF292917D617-LeaderElection102] INFO  impl.LeaderElection (LeaderElection.java:askForVotes(178)) - 44d9e862-9694-45d2-bbd8-86e8fa5a5f56@group-BF292917D617-LeaderElection102: begin an election at term 1 for -1: [44d9e862-9694-45d2-bbd8-86e8fa5a5f56:192.168.5.145:33968, 6d5a3e42-9632-4a15-b5fb-f8db03503323:192.168.5.145:36203, e4a32d14-8f19-42c7-80b9-6a4a7381d399:192.168.5.145:40829], old=null
2019-10-14 10:08:16,259 [44d9e862-9694-45d2-bbd8-86e8fa5a5f56@group-D6C126938FEF-SegmentedRaftLogWorker] INFO  segmented.SegmentedRaftLogWorker (SegmentedRaftLogWorker.java:execute(574)) - 44d9e862-9694-45d2-bbd8-86e8fa5a5f56@group-D6C126938FEF-SegmentedRaftLogWorker: created new log segment /workdir/hadoop-ozone/integration-test/target/test-dir/MiniOzoneClusterImpl-13cc90b3-6ebc-41d2-a8a9-a3836e2af835/datanode-4/data/ratis/57e3f196-a68b-4a4d-af30-d6c126938fef/current/log_inprogress_0
2019-10-14 10:08:16,267 [grpc-default-executor-8] INFO  impl.RaftServerImpl (RaftServerImpl.java:setRole(170)) - 6d5a3e42-9632-4a15-b5fb-f8db03503323@group-BF292917D617: changes role from  FOLLOWER to FOLLOWER at term 1 for recognizeCandidate:44d9e862-9694-45d2-bbd8-86e8fa5a5f56
2019-10-14 10:08:16,268 [grpc-default-executor-8] INFO  impl.RoleInfo (RoleInfo.java:shutdownFollowerState(121)) - 6d5a3e42-9632-4a15-b5fb-f8db03503323: shutdown FollowerState
2019-10-14 10:08:16,270 [grpc-default-executor-1] INFO  impl.RaftServerImpl (RaftServerImpl.java:setRole(170)) - e4a32d14-8f19-42c7-80b9-6a4a7381d399@group-BF292917D617: changes role from  FOLLOWER to FOLLOWER at term 1 for recognizeCandidate:44d9e862-9694-45d2-bbd8-86e8fa5a5f56
2019-10-14 10:08:16,270 [Thread-2404] INFO  impl.FollowerState (FollowerState.java:run(117)) - 6d5a3e42-9632-4a15-b5fb-f8db03503323@group-BF292917D617-FollowerState was interrupted: java.lang.InterruptedException: sleep interrupted
2019-10-14 10:08:16,270 [grpc-default-executor-1] INFO  impl.RoleInfo (RoleInfo.java:shutdownFollowerState(121)) - e4a32d14-8f19-42c7-80b9-6a4a7381d399: shutdown FollowerState
2019-10-14 10:08:16,270 [grpc-default-executor-8] INFO  impl.RoleInfo (RoleInfo.java:updateAndGet(143)) - 6d5a3e42-9632-4a15-b5fb-f8db03503323: start FollowerState
2019-10-14 10:08:16,273 [grpc-default-executor-1] INFO  impl.RoleInfo (RoleInfo.java:updateAndGet(143)) - e4a32d14-8f19-42c7-80b9-6a4a7381d399: start FollowerState
2019-10-14 10:08:16,273 [Thread-2400] INFO  impl.FollowerState (FollowerState.java:run(117)) - e4a32d14-8f19-42c7-80b9-6a4a7381d399@group-BF292917D617-FollowerState was interrupted: java.lang.InterruptedException: sleep interrupted
2019-10-14 10:08:16,290 [44d9e862-9694-45d2-bbd8-86e8fa5a5f56@group-BF292917D617-LeaderElection102] INFO  impl.LeaderElection (LeaderElection.java:logAndReturn(56)) - 44d9e862-9694-45d2-bbd8-86e8fa5a5f56@group-BF292917D617-LeaderElection102: Election PASSED; received 1 response(s) [44d9e862-9694-45d2-bbd8-86e8fa5a5f56<-6d5a3e42-9632-4a15-b5fb-f8db03503323#0:OK-t1] and 0 exception(s); 44d9e862-9694-45d2-bbd8-86e8fa5a5f56@group-BF292917D617:t1, leader=null, voted=44d9e862-9694-45d2-bbd8-86e8fa5a5f56, raftlog=44d9e862-9694-45d2-bbd8-86e8fa5a5f56@group-BF292917D617-SegmentedRaftLog:OPENED:c-1,f-1,i0, conf=-1: [44d9e862-9694-45d2-bbd8-86e8fa5a5f56:192.168.5.145:33968, 6d5a3e42-9632-4a15-b5fb-f8db03503323:192.168.5.145:36203, e4a32d14-8f19-42c7-80b9-6a4a7381d399:192.168.5.145:40829], old=null
2019-10-14 10:08:16,290 [44d9e862-9694-45d2-bbd8-86e8fa5a5f56@group-BF292917D617-LeaderElection102] INFO  impl.RoleInfo (RoleInfo.java:shutdownLeaderElection(134)) - 44d9e862-9694-45d2-bbd8-86e8fa5a5f56: shutdown LeaderElection
2019-10-14 10:08:16,291 [44d9e862-9694-45d2-bbd8-86e8fa5a5f56@group-BF292917D617-LeaderElection102] INFO  impl.RaftServerImpl (RaftServerImpl.java:setRole(170)) - 44d9e862-9694-45d2-bbd8-86e8fa5a5f56@group-BF292917D617: changes role from CANDIDATE to LEADER at term 1 for changeToLeader
2019-10-14 10:08:16,291 [44d9e862-9694-45d2-bbd8-86e8fa5a5f56@group-BF292917D617-LeaderElection102] INFO  impl.RaftServerImpl (ServerState.java:setLeader(255)) - 44d9e862-9694-45d2-bbd8-86e8fa5a5f56@group-BF292917D617: change Leader from null to 44d9e862-9694-45d2-bbd8-86e8fa5a5f56 at term 1 for becomeLeader, leader elected after 5106ms
2019-10-14 10:08:16,291 [44d9e862-9694-45d2-bbd8-86e8fa5a5f56@group-BF292917D617-LeaderElection102] INFO  server.RaftServerConfigKeys (ConfUtils.java:logGet(43)) - raft.server.staging.catchup.gap = 1000 (default)
2019-10-14 10:08:16,291 [44d9e862-9694-45d2-bbd8-86e8fa5a5f56@group-BF292917D617-LeaderElection102] INFO  server.RaftServerConfigKeys (ConfUtils.java:logGet(43)) - raft.server.rpc.sleep.time = 25ms (default)
2019-10-14 10:08:16,292 [44d9e862-9694-45d2-bbd8-86e8fa5a5f56@group-BF292917D617-LeaderElection102] INFO  server.RaftServerConfigKeys (ConfUtils.java:logGet(43)) - raft.server.write.element-limit = 4096 (default)
2019-10-14 10:08:16,292 [44d9e862-9694-45d2-bbd8-86e8fa5a5f56@group-BF292917D617-LeaderElection102] INFO  server.RaftServerConfigKeys (ConfUtils.java:logGet(43)) - raft.server.watch.timeout = 10s (default)
2019-10-14 10:08:16,292 [44d9e862-9694-45d2-bbd8-86e8fa5a5f56@group-BF292917D617-LeaderElection102] INFO  server.RaftServerConfigKeys (ConfUtils.java:logGet(43)) - raft.server.watch.timeout.denomination = 1s (default)
2019-10-14 10:08:16,292 [44d9e862-9694-45d2-bbd8-86e8fa5a5f56@group-BF292917D617-LeaderElection102] INFO  server.RaftServerConfigKeys (ConfUtils.java:logGet(43)) - raft.server.watch.element-limit = 65536 (default)
2019-10-14 10:08:16,295 [44d9e862-9694-45d2-bbd8-86e8fa5a5f56@group-BF292917D617-LeaderElection102] INFO  server.RaftServerConfigKeys (ConfUtils.java:logGet(43)) - raft.server.log.appender.snapshot.chunk.size.max = 16MB (=16777216) (default)
2019-10-14 10:08:16,295 [44d9e862-9694-45d2-bbd8-86e8fa5a5f56@group-BF292917D617-LeaderElection102] INFO  server.RaftServerConfigKeys (ConfUtils.java:logGet(43)) - raft.server.log.appender.buffer.byte-limit = 33554432 (custom)
2019-10-14 10:08:16,295 [44d9e862-9694-45d2-bbd8-86e8fa5a5f56@group-BF292917D617-LeaderElection102] INFO  server.RaftServerConfigKeys (ConfUtils.java:logGet(43)) - raft.server.log.appender.buffer.element-limit = 1 (custom)
2019-10-14 10:08:16,295 [44d9e862-9694-45d2-bbd8-86e8fa5a5f56@group-BF292917D617-LeaderElection102] INFO  grpc.GrpcConfigKeys$Server (ConfUtils.java:logGet(43)) - raft.grpc.server.leader.outstanding.appends.max = 128 (default)
2019-10-14 10:08:16,296 [44d9e862-9694-45d2-bbd8-86e8fa5a5f56@group-BF292917D617-LeaderElection102] INFO  server.RaftServerConfigKeys (ConfUtils.java:logGet(43)) - raft.server.rpc.request.timeout = 3000ms (default)
2019-10-14 10:08:16,296 [44d9e862-9694-45d2-bbd8-86e8fa5a5f56@group-BF292917D617-LeaderElection102] INFO  server.RaftServerConfigKeys (ConfUtils.java:logGet(43)) - raft.server.log.appender.install.snapshot.enabled = false (custom)
2019-10-14 10:08:16,296 [44d9e862-9694-45d2-bbd8-86e8fa5a5f56@group-BF292917D617-LeaderElection102] INFO  server.RaftServerConfigKeys (ConfUtils.java:logGet(43)) - raft.server.log.appender.snapshot.chunk.size.max = 16MB (=16777216) (default)
2019-10-14 10:08:16,296 [44d9e862-9694-45d2-bbd8-86e8fa5a5f56@group-BF292917D617-LeaderElection102] INFO  server.RaftServerConfigKeys (ConfUtils.java:logGet(43)) - raft.server.log.appender.buffer.byte-limit = 33554432 (custom)
2019-10-14 10:08:16,297 [44d9e862-9694-45d2-bbd8-86e8fa5a5f56@group-BF292917D617-LeaderElection102] INFO  server.RaftServerConfigKeys (ConfUtils.java:logGet(43)) - raft.server.log.appender.buffer.element-limit = 1 (custom)
2019-10-14 10:08:16,297 [44d9e862-9694-45d2-bbd8-86e8fa5a5f56@group-BF292917D617-LeaderElection102] INFO  grpc.GrpcConfigKeys$Server (ConfUtils.java:logGet(43)) - raft.grpc.server.leader.outstanding.appends.max = 128 (default)
2019-10-14 10:08:16,297 [44d9e862-9694-45d2-bbd8-86e8fa5a5f56@group-BF292917D617-LeaderElection102] INFO  server.RaftServerConfigKeys (ConfUtils.java:logGet(43)) - raft.server.rpc.request.timeout = 3000ms (default)
2019-10-14 10:08:16,297 [44d9e862-9694-45d2-bbd8-86e8fa5a5f56@group-BF292917D617-LeaderElection102] INFO  server.RaftServerConfigKeys (ConfUtils.java:logGet(43)) - raft.server.log.appender.install.snapshot.enabled = false (custom)
2019-10-14 10:08:16,298 [44d9e862-9694-45d2-bbd8-86e8fa5a5f56@group-BF292917D617-LeaderElection102] INFO  impl.RoleInfo (RoleInfo.java:updateAndGet(143)) - 44d9e862-9694-45d2-bbd8-86e8fa5a5f56: start LeaderState
2019-10-14 10:08:16,298 [44d9e862-9694-45d2-bbd8-86e8fa5a5f56@group-BF292917D617-LeaderElection102] INFO  segmented.SegmentedRaftLogWorker (SegmentedRaftLogWorker.java:startLogSegment(385)) - 44d9e862-9694-45d2-bbd8-86e8fa5a5f56@group-BF292917D617-SegmentedRaftLogWorker: Starting segment from index:0
2019-10-14 10:08:16,299 [44d9e862-9694-45d2-bbd8-86e8fa5a5f56@group-BF292917D617-LeaderElection102] INFO  impl.RaftServerImpl (ServerState.java:setRaftConf(356)) - 44d9e862-9694-45d2-bbd8-86e8fa5a5f56@group-BF292917D617: set configuration 0: [44d9e862-9694-45d2-bbd8-86e8fa5a5f56:192.168.5.145:33968, 6d5a3e42-9632-4a15-b5fb-f8db03503323:192.168.5.145:36203, e4a32d14-8f19-42c7-80b9-6a4a7381d399:192.168.5.145:40829], old=null at 0
2019-10-14 10:08:16,325 [grpc-default-executor-5] INFO  impl.RaftServerImpl (ServerState.java:setLeader(255)) - e4a32d14-8f19-42c7-80b9-6a4a7381d399@group-BF292917D617: change Leader from null to 44d9e862-9694-45d2-bbd8-86e8fa5a5f56 at term 1 for appendEntries, leader elected after 5140ms
2019-10-14 10:08:16,325 [grpc-default-executor-1] INFO  impl.RaftServerImpl (ServerState.java:setLeader(255)) - 6d5a3e42-9632-4a15-b5fb-f8db03503323@group-BF292917D617: change Leader from null to 44d9e862-9694-45d2-bbd8-86e8fa5a5f56 at term 1 for appendEntries, leader elected after 5140ms
2019-10-14 10:08:16,327 [grpc-default-executor-1] INFO  impl.RaftServerImpl (ServerState.java:setRaftConf(356)) - e4a32d14-8f19-42c7-80b9-6a4a7381d399@group-BF292917D617: set configuration 0: [44d9e862-9694-45d2-bbd8-86e8fa5a5f56:192.168.5.145:33968, 6d5a3e42-9632-4a15-b5fb-f8db03503323:192.168.5.145:36203, e4a32d14-8f19-42c7-80b9-6a4a7381d399:192.168.5.145:40829], old=null at 0
2019-10-14 10:08:16,328 [grpc-default-executor-5] INFO  impl.RaftServerImpl (ServerState.java:setRaftConf(356)) - 6d5a3e42-9632-4a15-b5fb-f8db03503323@group-BF292917D617: set configuration 0: [44d9e862-9694-45d2-bbd8-86e8fa5a5f56:192.168.5.145:33968, 6d5a3e42-9632-4a15-b5fb-f8db03503323:192.168.5.145:36203, e4a32d14-8f19-42c7-80b9-6a4a7381d399:192.168.5.145:40829], old=null at 0
2019-10-14 10:08:16,328 [grpc-default-executor-1] INFO  segmented.SegmentedRaftLogWorker (SegmentedRaftLogWorker.java:startLogSegment(385)) - e4a32d14-8f19-42c7-80b9-6a4a7381d399@group-BF292917D617-SegmentedRaftLogWorker: Starting segment from index:0
2019-10-14 10:08:16,328 [grpc-default-executor-5] INFO  segmented.SegmentedRaftLogWorker (SegmentedRaftLogWorker.java:startLogSegment(385)) - 6d5a3e42-9632-4a15-b5fb-f8db03503323@group-BF292917D617-SegmentedRaftLogWorker: Starting segment from index:0
2019-10-14 10:08:16,330 [44d9e862-9694-45d2-bbd8-86e8fa5a5f56@group-BF292917D617-SegmentedRaftLogWorker] INFO  segmented.SegmentedRaftLogWorker (SegmentedRaftLogWorker.java:execute(574)) - 44d9e862-9694-45d2-bbd8-86e8fa5a5f56@group-BF292917D617-SegmentedRaftLogWorker: created new log segment /workdir/hadoop-ozone/integration-test/target/test-dir/MiniOzoneClusterImpl-13cc90b3-6ebc-41d2-a8a9-a3836e2af835/datanode-4/data/ratis/d043afe9-a68d-4c7a-a988-bf292917d617/current/log_inprogress_0
2019-10-14 10:08:16,379 [6d5a3e42-9632-4a15-b5fb-f8db03503323@group-BF292917D617-SegmentedRaftLogWorker] INFO  segmented.SegmentedRaftLogWorker (SegmentedRaftLogWorker.java:execute(574)) - 6d5a3e42-9632-4a15-b5fb-f8db03503323@group-BF292917D617-SegmentedRaftLogWorker: created new log segment /workdir/hadoop-ozone/integration-test/target/test-dir/MiniOzoneClusterImpl-13cc90b3-6ebc-41d2-a8a9-a3836e2af835/datanode-5/data/ratis/d043afe9-a68d-4c7a-a988-bf292917d617/current/log_inprogress_0
2019-10-14 10:08:16,379 [e4a32d14-8f19-42c7-80b9-6a4a7381d399@group-BF292917D617-SegmentedRaftLogWorker] INFO  segmented.SegmentedRaftLogWorker (SegmentedRaftLogWorker.java:execute(574)) - e4a32d14-8f19-42c7-80b9-6a4a7381d399@group-BF292917D617-SegmentedRaftLogWorker: created new log segment /workdir/hadoop-ozone/integration-test/target/test-dir/MiniOzoneClusterImpl-13cc90b3-6ebc-41d2-a8a9-a3836e2af835/datanode-3/data/ratis/d043afe9-a68d-4c7a-a988-bf292917d617/current/log_inprogress_0
2019-10-14 10:08:17,417 [Datanode State Machine Thread - 0] INFO  statemachine.DatanodeStateMachine (DatanodeStateMachine.java:lambda$startDaemon$0(350)) - Ozone container server started.
2019-10-14 10:08:21,421 [main] INFO  ozoneimpl.OzoneContainer (OzoneContainer.java:stop(227)) - Attempting to stop container services.
2019-10-14 10:08:21,421 [main] INFO  impl.RaftServerProxy (RaftServerProxy.java:lambda$close$4(314)) - b2483a3f-840a-458c-8646-43547af974eb: close
2019-10-14 10:08:21,422 [main] INFO  impl.RaftServerImpl (RaftServerImpl.java:lambda$shutdown$3(247)) - b2483a3f-840a-458c-8646-43547af974eb@group-CECA80FD0EA6: shutdown
2019-10-14 10:08:21,422 [ForkJoinPool.commonPool-worker-0] INFO  impl.RaftServerImpl (RaftServerImpl.java:lambda$shutdown$3(247)) - b2483a3f-840a-458c-8646-43547af974eb@group-B1DC9D084E3F: shutdown
2019-10-14 10:08:21,422 [main] INFO  util.JmxRegister (JmxRegister.java:unregister(73)) - Successfully un-registered JMX Bean with object name Ratis:service=RaftServer,group=group-CECA80FD0EA6,id=b2483a3f-840a-458c-8646-43547af974eb
2019-10-14 10:08:21,423 [ForkJoinPool.commonPool-worker-0] INFO  util.JmxRegister (JmxRegister.java:unregister(73)) - Successfully un-registered JMX Bean with object name Ratis:service=RaftServer,group=group-B1DC9D084E3F,id=b2483a3f-840a-458c-8646-43547af974eb
2019-10-14 10:08:21,423 [main] INFO  impl.RoleInfo (RoleInfo.java:shutdownLeaderState(104)) - b2483a3f-840a-458c-8646-43547af974eb: shutdown LeaderState
2019-10-14 10:08:21,423 [ForkJoinPool.commonPool-worker-0] INFO  impl.RoleInfo (RoleInfo.java:shutdownFollowerState(121)) - b2483a3f-840a-458c-8646-43547af974eb: shutdown FollowerState
2019-10-14 10:08:21,423 [main] INFO  impl.PendingRequests (PendingRequests.java:sendNotLeaderResponses(202)) - b2483a3f-840a-458c-8646-43547af974eb@group-CECA80FD0EA6-PendingRequests: sendNotLeaderResponses
2019-10-14 10:08:21,424 [b2483a3f-840a-458c-8646-43547af974eb@group-B1DC9D084E3F-StateMachineUpdater] INFO  ratis.ContainerStateMachine (ContainerStateMachine.java:takeSnapshot(294)) - group-B1DC9D084E3F: Taking a snapshot at:(t:1, i:1) file /workdir/hadoop-ozone/integration-test/target/test-dir/MiniOzoneClusterImpl-13cc90b3-6ebc-41d2-a8a9-a3836e2af835/datanode-0/data/ratis/2f373041-e008-4217-b088-b1dc9d084e3f/sm/snapshot.1_1
2019-10-14 10:08:21,424 [Thread-2429] INFO  impl.FollowerState (FollowerState.java:run(117)) - b2483a3f-840a-458c-8646-43547af974eb@group-B1DC9D084E3F-FollowerState was interrupted: java.lang.InterruptedException: sleep interrupted
2019-10-14 10:08:21,423 [ForkJoinPool.commonPool-worker-0] INFO  impl.StateMachineUpdater (StateMachineUpdater.java:stopAndJoin(136)) - b2483a3f-840a-458c-8646-43547af974eb@group-B1DC9D084E3F-StateMachineUpdater: set stopIndex = 2
2019-10-14 10:08:21,424 [main] INFO  impl.StateMachineUpdater (StateMachineUpdater.java:stopAndJoin(136)) - b2483a3f-840a-458c-8646-43547af974eb@group-CECA80FD0EA6-StateMachineUpdater: set stopIndex = 0
2019-10-14 10:08:21,429 [main] INFO  impl.RaftServerImpl (ServerState.java:close(387)) - b2483a3f-840a-458c-8646-43547af974eb@group-CECA80FD0EA6: closes. applyIndex: 0
2019-10-14 10:08:21,429 [b2483a3f-840a-458c-8646-43547af974eb@group-CECA80FD0EA6-SegmentedRaftLogWorker] INFO  segmented.SegmentedRaftLogWorker (SegmentedRaftLogWorker.java:run(316)) - b2483a3f-840a-458c-8646-43547af974eb@group-CECA80FD0EA6-SegmentedRaftLogWorker was interrupted, exiting. There are 0 tasks remaining in the queue.
2019-10-14 10:08:21,432 [main] INFO  segmented.SegmentedRaftLogWorker (SegmentedRaftLogWorker.java:close(224)) - b2483a3f-840a-458c-8646-43547af974eb@group-CECA80FD0EA6-SegmentedRaftLogWorker close()
2019-10-14 10:08:21,462 [b2483a3f-840a-458c-8646-43547af974eb@group-B1DC9D084E3F-StateMachineUpdater] INFO  ratis.ContainerStateMachine (ContainerStateMachine.java:takeSnapshot(305)) - group-B1DC9D084E3F: Finished taking a snapshot at:(t:1, i:1) file:/workdir/hadoop-ozone/integration-test/target/test-dir/MiniOzoneClusterImpl-13cc90b3-6ebc-41d2-a8a9-a3836e2af835/datanode-0/data/ratis/2f373041-e008-4217-b088-b1dc9d084e3f/sm/snapshot.1_1 time:39
2019-10-14 10:08:21,462 [b2483a3f-840a-458c-8646-43547af974eb@group-B1DC9D084E3F-StateMachineUpdater] INFO  impl.StateMachineUpdater (StateMachineUpdater.java:takeSnapshot(269)) - b2483a3f-840a-458c-8646-43547af974eb@group-B1DC9D084E3F-StateMachineUpdater: Took a snapshot at index 1
2019-10-14 10:08:21,462 [b2483a3f-840a-458c-8646-43547af974eb@group-B1DC9D084E3F-StateMachineUpdater] INFO  impl.StateMachineUpdater (StateMachineUpdater.java:lambda$new$0(84)) - b2483a3f-840a-458c-8646-43547af974eb@group-B1DC9D084E3F-StateMachineUpdater: snapshotIndex: updateIncreasingly -1 -> 1
2019-10-14 10:08:21,463 [b2483a3f-840a-458c-8646-43547af974eb@group-B1DC9D084E3F-StateMachineUpdater] INFO  ratis.ContainerStateMachine (ContainerStateMachine.java:takeSnapshot(294)) - group-B1DC9D084E3F: Taking a snapshot at:(t:1, i:1) file /workdir/hadoop-ozone/integration-test/target/test-dir/MiniOzoneClusterImpl-13cc90b3-6ebc-41d2-a8a9-a3836e2af835/datanode-0/data/ratis/2f373041-e008-4217-b088-b1dc9d084e3f/sm/snapshot.1_1
2019-10-14 10:08:21,475 [b2483a3f-840a-458c-8646-43547af974eb@group-B1DC9D084E3F-StateMachineUpdater] INFO  ratis.ContainerStateMachine (ContainerStateMachine.java:takeSnapshot(305)) - group-B1DC9D084E3F: Finished taking a snapshot at:(t:1, i:1) file:/workdir/hadoop-ozone/integration-test/target/test-dir/MiniOzoneClusterImpl-13cc90b3-6ebc-41d2-a8a9-a3836e2af835/datanode-0/data/ratis/2f373041-e008-4217-b088-b1dc9d084e3f/sm/snapshot.1_1 time:13
2019-10-14 10:08:21,475 [b2483a3f-840a-458c-8646-43547af974eb@group-B1DC9D084E3F-StateMachineUpdater] INFO  impl.StateMachineUpdater (StateMachineUpdater.java:takeSnapshot(269)) - b2483a3f-840a-458c-8646-43547af974eb@group-B1DC9D084E3F-StateMachineUpdater: Took a snapshot at index 1
2019-10-14 10:08:21,475 [b2483a3f-840a-458c-8646-43547af974eb@group-B1DC9D084E3F-StateMachineUpdater] INFO  impl.StateMachineUpdater (StateMachineUpdater.java:lambda$new$0(84)) - b2483a3f-840a-458c-8646-43547af974eb@group-B1DC9D084E3F-StateMachineUpdater: snapshotIndex: updateIncreasingly 1 -> 1
2019-10-14 10:08:21,476 [ForkJoinPool.commonPool-worker-0] INFO  impl.RaftServerImpl (ServerState.java:close(387)) - b2483a3f-840a-458c-8646-43547af974eb@group-B1DC9D084E3F: closes. applyIndex: 2
2019-10-14 10:08:21,476 [b2483a3f-840a-458c-8646-43547af974eb@group-B1DC9D084E3F-SegmentedRaftLogWorker] INFO  segmented.SegmentedRaftLogWorker (SegmentedRaftLogWorker.java:run(316)) - b2483a3f-840a-458c-8646-43547af974eb@group-B1DC9D084E3F-SegmentedRaftLogWorker was interrupted, exiting. There are 0 tasks remaining in the queue.
2019-10-14 10:08:21,479 [ForkJoinPool.commonPool-worker-0] INFO  segmented.SegmentedRaftLogWorker (SegmentedRaftLogWorker.java:close(224)) - b2483a3f-840a-458c-8646-43547af974eb@group-B1DC9D084E3F-SegmentedRaftLogWorker close()
2019-10-14 10:08:21,484 [main] INFO  server.GrpcService (GrpcService.java:closeImpl(164)) - b2483a3f-840a-458c-8646-43547af974eb: shutdown server with port 38184 now
2019-10-14 10:08:21,485 [grpc-default-executor-1] WARN  server.GrpcServerProtocolService (LogUtils.java:warn(134)) - b2483a3f-840a-458c-8646-43547af974eb: installSnapshot onError, lastRequest: 86dfeabe-19c5-4fef-a17f-7cde16997188->b2483a3f-840a-458c-8646-43547af974eb#5-t1, previous=(t:1, i:2), leaderCommit=2, initializing? false, entries: <empty>: org.apache.ratis.thirdparty.io.grpc.StatusRuntimeException: CANCELLED: cancelled before receiving half close
2019-10-14 10:08:21,485 [main] INFO  server.GrpcService (GrpcService.java:closeImpl(172)) - b2483a3f-840a-458c-8646-43547af974eb: shutdown server with port 38184 successfully
2019-10-14 10:08:21,485 [grpc-default-executor-8] WARN  server.GrpcLogAppender (LogUtils.java:warn(134)) - 86dfeabe-19c5-4fef-a17f-7cde16997188@group-B1DC9D084E3F->b2483a3f-840a-458c-8646-43547af974eb-AppendLogResponseHandler: Failed appendEntries: org.apache.ratis.thirdparty.io.grpc.StatusRuntimeException: CANCELLED: HTTP/2 error code: CANCEL
Received Rst Stream
2019-10-14 10:08:21,486 [grpc-default-executor-8] INFO  impl.FollowerInfo (FollowerInfo.java:lambda$new$0(51)) - 86dfeabe-19c5-4fef-a17f-7cde16997188@group-B1DC9D084E3F->b2483a3f-840a-458c-8646-43547af974eb: nextIndex: updateUnconditionally 3 -> 2
2019-10-14 10:08:21,490 [refreshUsed-/workdir/hadoop-ozone/integration-test/target/test-dir/MiniOzoneClusterImpl-13cc90b3-6ebc-41d2-a8a9-a3836e2af835/datanode-0/data/containers] WARN  fs.CachingGetSpaceUsed (CachingGetSpaceUsed.java:run(183)) - Thread Interrupted waiting to refresh disk information: sleep interrupted
2019-10-14 10:08:21,507 [main] INFO  utils.BackgroundService (BackgroundService.java:shutdown(151)) - Shutting down service BlockDeletingService
2019-10-14 10:08:21,513 [main] INFO  statemachine.DatanodeStateMachine (DatanodeStateMachine.java:stopDaemon(395)) - Ozone container server stopped.
2019-10-14 10:08:21,514 [main] INFO  handler.ContextHandler (ContextHandler.java:doStop(910)) - Stopped o.e.j.w.WebAppContext@38732364{/,null,UNAVAILABLE}{/hddsDatanode}
2019-10-14 10:08:21,515 [main] INFO  server.AbstractConnector (AbstractConnector.java:doStop(318)) - Stopped ServerConnector@7c70aae1{HTTP/1.1,[http/1.1]}{0.0.0.0:0}
2019-10-14 10:08:21,515 [main] INFO  handler.ContextHandler (ContextHandler.java:doStop(910)) - Stopped o.e.j.s.ServletContextHandler@52abed9d{/static,jar:file:/home/user/.m2/repository/org/apache/hadoop/hadoop-hdds-container-service/0.5.0-SNAPSHOT/hadoop-hdds-container-service-0.5.0-SNAPSHOT.jar!/webapps/static,UNAVAILABLE}
2019-10-14 10:08:21,516 [main] INFO  handler.ContextHandler (ContextHandler.java:doStop(910)) - Stopped o.e.j.s.ServletContextHandler@1a1f79ce{/logs,file:///workdir/hadoop-ozone/integration-test/target/log,UNAVAILABLE}
2019-10-14 10:08:21,525 [grpc-default-executor-1] WARN  server.GrpcLogAppender (LogUtils.java:warn(134)) - 86dfeabe-19c5-4fef-a17f-7cde16997188@group-B1DC9D084E3F->b2483a3f-840a-458c-8646-43547af974eb-AppendLogResponseHandler: Failed appendEntries: org.apache.ratis.thirdparty.io.grpc.StatusRuntimeException: UNAVAILABLE: io exception
2019-10-14 10:08:21,525 [grpc-default-executor-1] INFO  impl.FollowerInfo (FollowerInfo.java:lambda$new$0(51)) - 86dfeabe-19c5-4fef-a17f-7cde16997188@group-B1DC9D084E3F->b2483a3f-840a-458c-8646-43547af974eb: nextIndex: updateUnconditionally 3 -> 2
2019-10-14 10:08:21,537 [grpc-default-executor-5] WARN  server.GrpcLogAppender (LogUtils.java:warn(134)) - 86dfeabe-19c5-4fef-a17f-7cde16997188@group-B1DC9D084E3F->b2483a3f-840a-458c-8646-43547af974eb-AppendLogResponseHandler: Failed appendEntries: org.apache.ratis.thirdparty.io.grpc.StatusRuntimeException: UNAVAILABLE: io exception
2019-10-14 10:08:21,537 [grpc-default-executor-5] INFO  impl.FollowerInfo (FollowerInfo.java:lambda$new$0(51)) - 86dfeabe-19c5-4fef-a17f-7cde16997188@group-B1DC9D084E3F->b2483a3f-840a-458c-8646-43547af974eb: nextIndex: updateUnconditionally 3 -> 2
2019-10-14 10:08:21,551 [grpc-default-executor-1] WARN  server.GrpcLogAppender (LogUtils.java:warn(134)) - 86dfeabe-19c5-4fef-a17f-7cde16997188@group-B1DC9D084E3F->b2483a3f-840a-458c-8646-43547af974eb-AppendLogResponseHandler: Failed appendEntries: org.apache.ratis.thirdparty.io.grpc.StatusRuntimeException: UNAVAILABLE: io exception
2019-10-14 10:08:21,551 [grpc-default-executor-1] INFO  impl.FollowerInfo (FollowerInfo.java:lambda$new$0(51)) - 86dfeabe-19c5-4fef-a17f-7cde16997188@group-B1DC9D084E3F->b2483a3f-840a-458c-8646-43547af974eb: nextIndex: updateUnconditionally 3 -> 2
2019-10-14 10:08:21,561 [EventQueue-IncrementalContainerReportForIncrementalContainerReportHandler] WARN  container.IncrementalContainerReportHandler (AbstractContainerReportHandler.java:updateContainerState(145)) - Container #1 is in OPEN state, but the datanode 86dfeabe-19c5-4fef-a17f-7cde16997188{ip: 192.168.5.145, host: pr-hdds-2297-rpftj-184604365, networkLocation: /default-rack, certSerialId: null} reports an CLOSING replica.
2019-10-14 10:08:21,565 [EventQueue-IncrementalContainerReportForIncrementalContainerReportHandler] WARN  container.IncrementalContainerReportHandler (AbstractContainerReportHandler.java:updateContainerState(145)) - Container #1 is in OPEN state, but the datanode 1fc12681-f003-40dc-9d14-ffa82c5165bb{ip: 192.168.5.145, host: pr-hdds-2297-rpftj-184604365, networkLocation: /default-rack, certSerialId: null} reports an CLOSING replica.
2019-10-14 10:08:21,591 [RatisApplyTransactionExecutor 1] INFO  interfaces.Container (KeyValueContainer.java:flushAndSyncDB(386)) - Container 1 is synced with bcsId 0.
2019-10-14 10:08:21,604 [RatisApplyTransactionExecutor 1] INFO  interfaces.Container (KeyValueContainer.java:flushAndSyncDB(386)) - Container 1 is synced with bcsId 0.
2019-10-14 10:08:21,606 [RatisApplyTransactionExecutor 1] INFO  interfaces.Container (KeyValueContainer.java:flushAndSyncDB(386)) - Container 1 is synced with bcsId 0.
2019-10-14 10:08:21,607 [RatisApplyTransactionExecutor 1] INFO  interfaces.Container (KeyValueContainer.java:flushAndSyncDB(386)) - Container 1 is synced with bcsId 0.
2019-10-14 10:08:21,613 [RatisApplyTransactionExecutor 1] INFO  interfaces.Container (KeyValueContainer.java:close(335)) - Container 1 is closed with bcsId 0.
2019-10-14 10:08:21,613 [RatisApplyTransactionExecutor 1] INFO  interfaces.Container (KeyValueContainer.java:close(335)) - Container 1 is closed with bcsId 0.
2019-10-14 10:08:21,614 [EventQueue-IncrementalContainerReportForIncrementalContainerReportHandler] WARN  container.IncrementalContainerReportHandler (AbstractContainerReportHandler.java:updateContainerState(145)) - Container #1 is in OPEN state, but the datanode 1fc12681-f003-40dc-9d14-ffa82c5165bb{ip: 192.168.5.145, host: pr-hdds-2297-rpftj-184604365, networkLocation: /default-rack, certSerialId: null} reports an CLOSED replica.
2019-10-14 10:08:21,616 [EventQueue-IncrementalContainerReportForIncrementalContainerReportHandler] WARN  container.IncrementalContainerReportHandler (AbstractContainerReportHandler.java:updateContainerState(145)) - Container #1 is in OPEN state, but the datanode 86dfeabe-19c5-4fef-a17f-7cde16997188{ip: 192.168.5.145, host: pr-hdds-2297-rpftj-184604365, networkLocation: /default-rack, certSerialId: null} reports an CLOSED replica.
2019-10-14 10:08:24,052 [grpc-default-executor-1] WARN  server.GrpcLogAppender (LogUtils.java:warn(134)) - 86dfeabe-19c5-4fef-a17f-7cde16997188@group-B1DC9D084E3F->b2483a3f-840a-458c-8646-43547af974eb-AppendLogResponseHandler: Failed appendEntries: org.apache.ratis.thirdparty.io.grpc.StatusRuntimeException: UNAVAILABLE: io exception
2019-10-14 10:08:24,052 [grpc-default-executor-1] INFO  impl.FollowerInfo (FollowerInfo.java:lambda$new$0(51)) - 86dfeabe-19c5-4fef-a17f-7cde16997188@group-B1DC9D084E3F->b2483a3f-840a-458c-8646-43547af974eb: nextIndex: updateUnconditionally 2 -> 1
2019-10-14 10:08:24,618 [main] WARN  scm.XceiverClientRatis (XceiverClientRatis.java:watchForCommit(277)) - 3 way commit failed on pipeline Pipeline[ Id: 2f373041-e008-4217-b088-b1dc9d084e3f, Nodes: b2483a3f-840a-458c-8646-43547af974eb{ip: 192.168.5.145, host: pr-hdds-2297-rpftj-184604365, networkLocation: /default-rack, certSerialId: null}1fc12681-f003-40dc-9d14-ffa82c5165bb{ip: 192.168.5.145, host: pr-hdds-2297-rpftj-184604365, networkLocation: /default-rack, certSerialId: null}86dfeabe-19c5-4fef-a17f-7cde16997188{ip: 192.168.5.145, host: pr-hdds-2297-rpftj-184604365, networkLocation: /default-rack, certSerialId: null}, Type:RATIS, Factor:THREE, State:OPEN]
java.util.concurrent.TimeoutException
	at java.util.concurrent.CompletableFuture.timedGet(CompletableFuture.java:1771)
	at java.util.concurrent.CompletableFuture.get(CompletableFuture.java:1915)
	at org.apache.hadoop.hdds.scm.XceiverClientRatis.watchForCommit(XceiverClientRatis.java:274)
	at org.apache.hadoop.ozone.client.rpc.TestWatchForCommit.test2WayCommitForTimeoutException(TestWatchForCommit.java:391)
	at sun.reflect.NativeMethodAccessorImpl.invoke0(Native Method)
	at sun.reflect.NativeMethodAccessorImpl.invoke(NativeMethodAccessorImpl.java:62)
	at sun.reflect.DelegatingMethodAccessorImpl.invoke(DelegatingMethodAccessorImpl.java:43)
	at java.lang.reflect.Method.invoke(Method.java:498)
	at org.junit.runners.model.FrameworkMethod$1.runReflectiveCall(FrameworkMethod.java:47)
	at org.junit.internal.runners.model.ReflectiveCallable.run(ReflectiveCallable.java:12)
	at org.junit.runners.model.FrameworkMethod.invokeExplosively(FrameworkMethod.java:44)
	at org.junit.internal.runners.statements.InvokeMethod.evaluate(InvokeMethod.java:17)
	at org.junit.runners.ParentRunner.runLeaf(ParentRunner.java:271)
	at org.junit.runners.BlockJUnit4ClassRunner.runChild(BlockJUnit4ClassRunner.java:70)
	at org.junit.runners.BlockJUnit4ClassRunner.runChild(BlockJUnit4ClassRunner.java:50)
	at org.junit.runners.ParentRunner$3.run(ParentRunner.java:238)
	at org.junit.runners.ParentRunner$1.schedule(ParentRunner.java:63)
	at org.junit.runners.ParentRunner.runChildren(ParentRunner.java:236)
	at org.junit.runners.ParentRunner.access$000(ParentRunner.java:53)
	at org.junit.runners.ParentRunner$2.evaluate(ParentRunner.java:229)
	at org.junit.runners.ParentRunner.run(ParentRunner.java:309)
	at org.apache.maven.surefire.junit4.JUnit4Provider.execute(JUnit4Provider.java:365)
	at org.apache.maven.surefire.junit4.JUnit4Provider.executeWithRerun(JUnit4Provider.java:273)
	at org.apache.maven.surefire.junit4.JUnit4Provider.executeTestSet(JUnit4Provider.java:238)
	at org.apache.maven.surefire.junit4.JUnit4Provider.invoke(JUnit4Provider.java:159)
	at org.apache.maven.surefire.booter.ForkedBooter.invokeProviderInSameClassLoader(ForkedBooter.java:384)
	at org.apache.maven.surefire.booter.ForkedBooter.runSuitesInProcess(ForkedBooter.java:345)
	at org.apache.maven.surefire.booter.ForkedBooter.execute(ForkedBooter.java:126)
	at org.apache.maven.surefire.booter.ForkedBooter.main(ForkedBooter.java:418)
2019-10-14 10:08:26,557 [grpc-default-executor-5] WARN  server.GrpcLogAppender (LogUtils.java:warn(134)) - 86dfeabe-19c5-4fef-a17f-7cde16997188@group-B1DC9D084E3F->b2483a3f-840a-458c-8646-43547af974eb-AppendLogResponseHandler: Failed appendEntries: org.apache.ratis.thirdparty.io.grpc.StatusRuntimeException: UNAVAILABLE: io exception
2019-10-14 10:08:26,558 [grpc-default-executor-5] INFO  impl.FollowerInfo (FollowerInfo.java:lambda$new$0(51)) - 86dfeabe-19c5-4fef-a17f-7cde16997188@group-B1DC9D084E3F->b2483a3f-840a-458c-8646-43547af974eb: nextIndex: updateUnconditionally 1 -> 0
]]></system-out>
    <system-err><![CDATA[Oct 14, 2019 10:08:21 AM org.apache.ratis.thirdparty.io.grpc.internal.SerializingExecutor run
SEVERE: Exception while executing runnable org.apache.ratis.thirdparty.io.grpc.internal.ServerImpl$JumpToApplicationThreadServerStreamListener$1Closed@12812de
org.apache.ratis.thirdparty.io.grpc.StatusRuntimeException: CANCELLED: call already cancelled
	at org.apache.ratis.thirdparty.io.grpc.Status.asRuntimeException(Status.java:517)
	at org.apache.ratis.thirdparty.io.grpc.stub.ServerCalls$ServerCallStreamObserverImpl.onCompleted(ServerCalls.java:356)
	at org.apache.ratis.grpc.server.GrpcServerProtocolService$ServerRequestStreamObserver.onError(GrpcServerProtocolService.java:121)
	at org.apache.ratis.thirdparty.io.grpc.stub.ServerCalls$StreamingServerCallHandler$StreamingServerCallListener.onCancel(ServerCalls.java:269)
	at org.apache.ratis.thirdparty.io.grpc.internal.ServerCallImpl$ServerStreamListenerImpl.closed(ServerCallImpl.java:293)
	at org.apache.ratis.thirdparty.io.grpc.internal.ServerImpl$JumpToApplicationThreadServerStreamListener$1Closed.runInContext(ServerImpl.java:741)
	at org.apache.ratis.thirdparty.io.grpc.internal.ContextRunnable.run(ContextRunnable.java:37)
	at org.apache.ratis.thirdparty.io.grpc.internal.SerializingExecutor.run(SerializingExecutor.java:123)
	at java.util.concurrent.ThreadPoolExecutor.runWorker(ThreadPoolExecutor.java:1149)
	at java.util.concurrent.ThreadPoolExecutor$Worker.run(ThreadPoolExecutor.java:624)
	at java.lang.Thread.run(Thread.java:748)

]]></system-err>
  </testcase>
</testsuite>